<?xml version="1.0" encoding="UTF-8"?>
<testsuite xmlns:xsi="http://www.w3.org/2001/XMLSchema-instance" xsi:noNamespaceSchemaLocation="https://maven.apache.org/surefire/maven-failsafe-plugin/xsd/failsafe-test-report.xsd" version="3.0.2" name="io.apicurio.tests.serdes.confluent.BasicConfluentSerDesIT" time="40.474" tests="8" errors="0" skipped="0" failures="0">
  <properties>
    <property name="java.specification.version" value="17"/>
    <property name="sun.jnu.encoding" value="UTF-8"/>
    <property name="java.class.path" value="/home/runner/work/apicurio-testing/apicurio-testing/clusters/ci419/namespaces/mysql/tests/integration/apicurio-registry/integration-tests/target/test-classes:/home/runner/work/apicurio-testing/apicurio-testing/clusters/ci419/namespaces/mysql/tests/integration/apicurio-registry/integration-tests/target/apicurio-registry-integration-tests-3.0.14-SNAPSHOT.jar:/home/runner/.m2/repository/io/quarkus/quarkus-junit5/3.20.2/quarkus-junit5-3.20.2.jar:/home/runner/.m2/repository/io/quarkus/quarkus-bootstrap-core/3.20.2/quarkus-bootstrap-core-3.20.2.jar:/home/runner/.m2/repository/io/quarkus/quarkus-classloader-commons/3.20.2/quarkus-classloader-commons-3.20.2.jar:/home/runner/.m2/repository/io/quarkus/quarkus-bootstrap-app-model/3.20.2/quarkus-bootstrap-app-model-3.20.2.jar:/home/runner/.m2/repository/io/smallrye/common/smallrye-common-io/2.12.0/smallrye-common-io-2.12.0.jar:/home/runner/.m2/repository/org/eclipse/sisu/org.eclipse.sisu.inject/0.9.0.M3/org.eclipse.sisu.inject-0.9.0.M3.jar:/home/runner/.m2/repository/io/quarkus/quarkus-test-common/3.20.2/quarkus-test-common-3.20.2.jar:/home/runner/.m2/repository/io/quarkus/quarkus-core-deployment/3.20.2/quarkus-core-deployment-3.20.2.jar:/home/runner/.m2/repository/org/aesh/readline/2.6/readline-2.6.jar:/home/runner/.m2/repository/org/fusesource/jansi/jansi/2.4.0/jansi-2.4.0.jar:/home/runner/.m2/repository/org/aesh/aesh/2.8.2/aesh-2.8.2.jar:/home/runner/.m2/repository/io/quarkus/gizmo/gizmo/1.8.0/gizmo-1.8.0.jar:/home/runner/.m2/repository/org/ow2/asm/asm-util/9.7.1/asm-util-9.7.1.jar:/home/runner/.m2/repository/org/ow2/asm/asm-analysis/9.7.1/asm-analysis-9.7.1.jar:/home/runner/.m2/repository/org/ow2/asm/asm-commons/9.7.1/asm-commons-9.7.1.jar:/home/runner/.m2/repository/org/ow2/asm/asm-tree/9.7.1/asm-tree-9.7.1.jar:/home/runner/.m2/repository/io/quarkus/quarkus-hibernate-validator-spi/3.20.2/quarkus-hibernate-validator-spi-3.20.2.jar:/home/runner/.m2/repository/io/quarkus/quarkus-class-change-agent/3.20.2/quarkus-class-change-agent-3.20.2.jar:/home/runner/.m2/repository/io/quarkus/quarkus-devtools-utilities/3.20.2/quarkus-devtools-utilities-3.20.2.jar:/home/runner/.m2/repository/io/quarkus/quarkus-builder/3.20.2/quarkus-builder-3.20.2.jar:/home/runner/.m2/repository/org/graalvm/sdk/nativeimage/23.1.2/nativeimage-23.1.2.jar:/home/runner/.m2/repository/org/graalvm/sdk/word/23.1.2/word-23.1.2.jar:/home/runner/.m2/repository/io/quarkus/quarkus-bootstrap-maven-resolver/3.20.2/quarkus-bootstrap-maven-resolver-3.20.2.jar:/home/runner/.m2/repository/io/smallrye/beanbag/smallrye-beanbag-maven/1.5.2/smallrye-beanbag-maven-1.5.2.jar:/home/runner/.m2/repository/io/smallrye/beanbag/smallrye-beanbag-sisu/1.5.2/smallrye-beanbag-sisu-1.5.2.jar:/home/runner/.m2/repository/io/smallrye/beanbag/smallrye-beanbag/1.5.2/smallrye-beanbag-1.5.2.jar:/home/runner/.m2/repository/javax/inject/javax.inject/1/javax.inject-1.jar:/home/runner/.m2/repository/org/apache/maven/maven-artifact/3.9.9/maven-artifact-3.9.9.jar:/home/runner/.m2/repository/org/apache/maven/maven-builder-support/3.9.9/maven-builder-support-3.9.9.jar:/home/runner/.m2/repository/org/apache/maven/maven-model/3.9.9/maven-model-3.9.9.jar:/home/runner/.m2/repository/org/apache/maven/maven-model-builder/3.9.9/maven-model-builder-3.9.9.jar:/home/runner/.m2/repository/org/apache/maven/maven-repository-metadata/3.9.9/maven-repository-metadata-3.9.9.jar:/home/runner/.m2/repository/org/apache/maven/maven-settings/3.9.9/maven-settings-3.9.9.jar:/home/runner/.m2/repository/org/apache/maven/resolver/maven-resolver-api/1.9.22/maven-resolver-api-1.9.22.jar:/home/runner/.m2/repository/org/apache/maven/resolver/maven-resolver-impl/1.9.22/maven-resolver-impl-1.9.22.jar:/home/runner/.m2/repository/org/apache/maven/resolver/maven-resolver-named-locks/1.9.22/maven-resolver-named-locks-1.9.22.jar:/home/runner/.m2/repository/org/apache/maven/resolver/maven-resolver-spi/1.9.22/maven-resolver-spi-1.9.22.jar:/home/runner/.m2/repository/org/apache/maven/resolver/maven-resolver-util/1.9.22/maven-resolver-util-1.9.22.jar:/home/runner/.m2/repository/org/apache/maven/resolver/maven-resolver-transport-http/1.9.20/maven-resolver-transport-http-1.9.20.jar:/home/runner/.m2/repository/org/apache/maven/wagon/wagon-provider-api/3.5.3/wagon-provider-api-3.5.3.jar:/home/runner/.m2/repository/org/apache/maven/wagon/wagon-http-shared/3.5.3/wagon-http-shared-3.5.3.jar:/home/runner/.m2/repository/org/codehaus/plexus/plexus-interpolation/1.26/plexus-interpolation-1.26.jar:/home/runner/.m2/repository/org/codehaus/plexus/plexus-utils/3.5.1/plexus-utils-3.5.1.jar:/home/runner/.m2/repository/org/codehaus/plexus/plexus-xml/4.0.1/plexus-xml-4.0.1.jar:/home/runner/.m2/repository/org/apache/maven/maven-xml-impl/4.0.0-alpha-5/maven-xml-impl-4.0.0-alpha-5.jar:/home/runner/.m2/repository/org/apache/maven/maven-api-xml/4.0.0-alpha-5/maven-api-xml-4.0.0-alpha-5.jar:/home/runner/.m2/repository/org/apache/maven/maven-api-meta/4.0.0-alpha-5/maven-api-meta-4.0.0-alpha-5.jar:/home/runner/.m2/repository/org/codehaus/plexus/plexus-cipher/2.0/plexus-cipher-2.0.jar:/home/runner/.m2/repository/org/codehaus/plexus/plexus-sec-dispatcher/2.0/plexus-sec-dispatcher-2.0.jar:/home/runner/.m2/repository/org/apache/maven/maven-embedder/3.9.9/maven-embedder-3.9.9.jar:/home/runner/.m2/repository/org/apache/maven/maven-core/3.9.9/maven-core-3.9.9.jar:/home/runner/.m2/repository/org/codehaus/plexus/plexus-component-annotations/2.1.0/plexus-component-annotations-2.1.0.jar:/home/runner/.m2/repository/org/apache/maven/maven-plugin-api/3.9.9/maven-plugin-api-3.9.9.jar:/home/runner/.m2/repository/org/apache/maven/shared/maven-shared-utils/3.4.2/maven-shared-utils-3.4.2.jar:/home/runner/.m2/repository/com/google/inject/guice/5.1.0/guice-5.1.0.jar:/home/runner/.m2/repository/aopalliance/aopalliance/1.0/aopalliance-1.0.jar:/home/runner/.m2/repository/org/codehaus/plexus/plexus-classworlds/2.6.0/plexus-classworlds-2.6.0.jar:/home/runner/.m2/repository/commons-cli/commons-cli/1.8.0/commons-cli-1.8.0.jar:/home/runner/.m2/repository/org/eclipse/sisu/org.eclipse.sisu.plexus/0.9.0.M3/org.eclipse.sisu.plexus-0.9.0.M3.jar:/home/runner/.m2/repository/org/apache/maven/maven-settings-builder/3.9.9/maven-settings-builder-3.9.9.jar:/home/runner/.m2/repository/org/apache/maven/maven-resolver-provider/3.9.9/maven-resolver-provider-3.9.9.jar:/home/runner/.m2/repository/org/apache/maven/resolver/maven-resolver-connector-basic/1.9.22/maven-resolver-connector-basic-1.9.22.jar:/home/runner/.m2/repository/org/apache/maven/resolver/maven-resolver-transport-wagon/1.9.22/maven-resolver-transport-wagon-1.9.22.jar:/home/runner/.m2/repository/org/apache/maven/wagon/wagon-http/3.5.3/wagon-http-3.5.3.jar:/home/runner/.m2/repository/org/apache/maven/wagon/wagon-file/3.5.3/wagon-file-3.5.3.jar:/home/runner/.m2/repository/io/quarkus/quarkus-bootstrap-gradle-resolver/3.20.2/quarkus-bootstrap-gradle-resolver-3.20.2.jar:/home/runner/.m2/repository/io/smallrye/jandex/3.3.0/jandex-3.3.0.jar:/home/runner/.m2/repository/org/jboss/logging/commons-logging-jboss-logging/1.0.0.Final/commons-logging-jboss-logging-1.0.0.Final.jar:/home/runner/.m2/repository/io/quarkus/quarkus-junit5-config/3.20.2/quarkus-junit5-config-3.20.2.jar:/home/runner/.m2/repository/org/junit/jupiter/junit-jupiter-api/5.12.1/junit-jupiter-api-5.12.1.jar:/home/runner/.m2/repository/io/smallrye/config/smallrye-config/3.11.4/smallrye-config-3.11.4.jar:/home/runner/.m2/repository/io/smallrye/config/smallrye-config-core/3.11.4/smallrye-config-core-3.11.4.jar:/home/runner/.m2/repository/io/smallrye/common/smallrye-common-classloader/2.12.0/smallrye-common-classloader-2.12.0.jar:/home/runner/.m2/repository/io/smallrye/config/smallrye-config-common/3.11.4/smallrye-config-common-3.11.4.jar:/home/runner/.m2/repository/org/junit/jupiter/junit-jupiter/5.12.1/junit-jupiter-5.12.1.jar:/home/runner/.m2/repository/org/junit/jupiter/junit-jupiter-params/5.12.1/junit-jupiter-params-5.12.1.jar:/home/runner/.m2/repository/org/junit/jupiter/junit-jupiter-engine/5.12.1/junit-jupiter-engine-5.12.1.jar:/home/runner/.m2/repository/io/quarkus/quarkus-core/3.20.2/quarkus-core-3.20.2.jar:/home/runner/.m2/repository/jakarta/enterprise/jakarta.enterprise.cdi-api/4.1.0/jakarta.enterprise.cdi-api-4.1.0.jar:/home/runner/.m2/repository/jakarta/enterprise/jakarta.enterprise.lang-model/4.1.0/jakarta.enterprise.lang-model-4.1.0.jar:/home/runner/.m2/repository/jakarta/el/jakarta.el-api/5.0.1/jakarta.el-api-5.0.1.jar:/home/runner/.m2/repository/jakarta/interceptor/jakarta.interceptor-api/2.2.0/jakarta.interceptor-api-2.2.0.jar:/home/runner/.m2/repository/jakarta/inject/jakarta.inject-api/2.0.1/jakarta.inject-api-2.0.1.jar:/home/runner/.m2/repository/io/smallrye/common/smallrye-common-os/2.12.0/smallrye-common-os-2.12.0.jar:/home/runner/.m2/repository/io/quarkus/quarkus-ide-launcher/3.20.2/quarkus-ide-launcher-3.20.2.jar:/home/runner/.m2/repository/io/quarkus/quarkus-development-mode-spi/3.20.2/quarkus-development-mode-spi-3.20.2.jar:/home/runner/.m2/repository/org/jboss/logging/jboss-logging/3.6.1.Final/jboss-logging-3.6.1.Final.jar:/home/runner/.m2/repository/org/jboss/logmanager/jboss-logmanager/3.1.2.Final/jboss-logmanager-3.1.2.Final.jar:/home/runner/.m2/repository/io/smallrye/common/smallrye-common-constraint/2.12.0/smallrye-common-constraint-2.12.0.jar:/home/runner/.m2/repository/io/smallrye/common/smallrye-common-cpu/2.12.0/smallrye-common-cpu-2.12.0.jar:/home/runner/.m2/repository/io/smallrye/common/smallrye-common-expression/2.12.0/smallrye-common-expression-2.12.0.jar:/home/runner/.m2/repository/io/smallrye/common/smallrye-common-net/2.12.0/smallrye-common-net-2.12.0.jar:/home/runner/.m2/repository/io/smallrye/common/smallrye-common-ref/2.12.0/smallrye-common-ref-2.12.0.jar:/home/runner/.m2/repository/jakarta/json/jakarta.json-api/2.1.3/jakarta.json-api-2.1.3.jar:/home/runner/.m2/repository/org/eclipse/parsson/parsson/1.1.7/parsson-1.1.7.jar:/home/runner/.m2/repository/org/jboss/logging/jboss-logging-annotations/3.0.4.Final/jboss-logging-annotations-3.0.4.Final.jar:/home/runner/.m2/repository/org/jboss/threads/jboss-threads/3.8.0.Final/jboss-threads-3.8.0.Final.jar:/home/runner/.m2/repository/io/smallrye/common/smallrye-common-annotation/2.12.0/smallrye-common-annotation-2.12.0.jar:/home/runner/.m2/repository/io/smallrye/common/smallrye-common-function/2.12.0/smallrye-common-function-2.12.0.jar:/home/runner/.m2/repository/org/jboss/slf4j/slf4j-jboss-logmanager/2.0.0.Final/slf4j-jboss-logmanager-2.0.0.Final.jar:/home/runner/.m2/repository/org/wildfly/common/wildfly-common/2.0.1/wildfly-common-2.0.1.jar:/home/runner/.m2/repository/io/quarkus/quarkus-bootstrap-runner/3.20.2/quarkus-bootstrap-runner-3.20.2.jar:/home/runner/.m2/repository/io/github/crac/org-crac/0.1.3/org-crac-0.1.3.jar:/home/runner/.m2/repository/io/quarkus/quarkus-fs-util/0.0.10/quarkus-fs-util-0.0.10.jar:/home/runner/.m2/repository/org/jboss/marshalling/jboss-marshalling/2.2.2.Final/jboss-marshalling-2.2.2.Final.jar:/home/runner/.m2/repository/io/fabric8/kubernetes-client/7.1.0/kubernetes-client-7.1.0.jar:/home/runner/.m2/repository/io/fabric8/kubernetes-client-api/7.1.0/kubernetes-client-api-7.1.0.jar:/home/runner/.m2/repository/io/fabric8/kubernetes-model-core/7.1.0/kubernetes-model-core-7.1.0.jar:/home/runner/.m2/repository/io/fabric8/kubernetes-model-common/7.1.0/kubernetes-model-common-7.1.0.jar:/home/runner/.m2/repository/javax/annotation/javax.annotation-api/1.3.2/javax.annotation-api-1.3.2.jar:/home/runner/.m2/repository/io/fabric8/kubernetes-model-gatewayapi/7.1.0/kubernetes-model-gatewayapi-7.1.0.jar:/home/runner/.m2/repository/io/fabric8/kubernetes-model-resource/7.1.0/kubernetes-model-resource-7.1.0.jar:/home/runner/.m2/repository/io/fabric8/kubernetes-model-rbac/7.1.0/kubernetes-model-rbac-7.1.0.jar:/home/runner/.m2/repository/io/fabric8/kubernetes-model-admissionregistration/7.1.0/kubernetes-model-admissionregistration-7.1.0.jar:/home/runner/.m2/repository/io/fabric8/kubernetes-model-apps/7.1.0/kubernetes-model-apps-7.1.0.jar:/home/runner/.m2/repository/io/fabric8/kubernetes-model-autoscaling/7.1.0/kubernetes-model-autoscaling-7.1.0.jar:/home/runner/.m2/repository/io/fabric8/kubernetes-model-apiextensions/7.1.0/kubernetes-model-apiextensions-7.1.0.jar:/home/runner/.m2/repository/io/fabric8/kubernetes-model-batch/7.1.0/kubernetes-model-batch-7.1.0.jar:/home/runner/.m2/repository/io/fabric8/kubernetes-model-certificates/7.1.0/kubernetes-model-certificates-7.1.0.jar:/home/runner/.m2/repository/io/fabric8/kubernetes-model-coordination/7.1.0/kubernetes-model-coordination-7.1.0.jar:/home/runner/.m2/repository/io/fabric8/kubernetes-model-discovery/7.1.0/kubernetes-model-discovery-7.1.0.jar:/home/runner/.m2/repository/io/fabric8/kubernetes-model-events/7.1.0/kubernetes-model-events-7.1.0.jar:/home/runner/.m2/repository/io/fabric8/kubernetes-model-extensions/7.1.0/kubernetes-model-extensions-7.1.0.jar:/home/runner/.m2/repository/io/fabric8/kubernetes-model-flowcontrol/7.1.0/kubernetes-model-flowcontrol-7.1.0.jar:/home/runner/.m2/repository/io/fabric8/kubernetes-model-networking/7.1.0/kubernetes-model-networking-7.1.0.jar:/home/runner/.m2/repository/io/fabric8/kubernetes-model-metrics/7.1.0/kubernetes-model-metrics-7.1.0.jar:/home/runner/.m2/repository/io/fabric8/kubernetes-model-policy/7.1.0/kubernetes-model-policy-7.1.0.jar:/home/runner/.m2/repository/io/fabric8/kubernetes-model-scheduling/7.1.0/kubernetes-model-scheduling-7.1.0.jar:/home/runner/.m2/repository/io/fabric8/kubernetes-model-storageclass/7.1.0/kubernetes-model-storageclass-7.1.0.jar:/home/runner/.m2/repository/io/fabric8/kubernetes-model-node/7.1.0/kubernetes-model-node-7.1.0.jar:/home/runner/.m2/repository/org/snakeyaml/snakeyaml-engine/2.9/snakeyaml-engine-2.9.jar:/home/runner/.m2/repository/com/fasterxml/jackson/dataformat/jackson-dataformat-yaml/2.18.2/jackson-dataformat-yaml-2.18.2.jar:/home/runner/.m2/repository/com/fasterxml/jackson/datatype/jackson-datatype-jsr310/2.18.2/jackson-datatype-jsr310-2.18.2.jar:/home/runner/.m2/repository/io/fabric8/zjsonpatch/7.1.0/zjsonpatch-7.1.0.jar:/home/runner/.m2/repository/io/fabric8/kubernetes-httpclient-vertx/7.1.0/kubernetes-httpclient-vertx-7.1.0.jar:/home/runner/.m2/repository/io/vertx/vertx-web-client/4.5.16/vertx-web-client-4.5.16.jar:/home/runner/.m2/repository/io/vertx/vertx-web-common/4.5.16/vertx-web-common-4.5.16.jar:/home/runner/.m2/repository/io/vertx/vertx-auth-common/4.5.16/vertx-auth-common-4.5.16.jar:/home/runner/.m2/repository/io/vertx/vertx-uri-template/4.5.16/vertx-uri-template-4.5.16.jar:/home/runner/.m2/repository/io/fabric8/openshift-client/7.1.0/openshift-client-7.1.0.jar:/home/runner/.m2/repository/io/fabric8/openshift-client-api/7.1.0/openshift-client-api-7.1.0.jar:/home/runner/.m2/repository/io/fabric8/openshift-model/7.1.0/openshift-model-7.1.0.jar:/home/runner/.m2/repository/io/fabric8/openshift-model-autoscaling/7.1.0/openshift-model-autoscaling-7.1.0.jar:/home/runner/.m2/repository/io/fabric8/openshift-model-operator/7.1.0/openshift-model-operator-7.1.0.jar:/home/runner/.m2/repository/io/fabric8/openshift-model-operatorhub/7.1.0/openshift-model-operatorhub-7.1.0.jar:/home/runner/.m2/repository/io/fabric8/openshift-model-machine/7.1.0/openshift-model-machine-7.1.0.jar:/home/runner/.m2/repository/io/fabric8/openshift-model-whereabouts/7.1.0/openshift-model-whereabouts-7.1.0.jar:/home/runner/.m2/repository/io/fabric8/openshift-model-monitoring/7.1.0/openshift-model-monitoring-7.1.0.jar:/home/runner/.m2/repository/io/fabric8/openshift-model-storageversionmigrator/7.1.0/openshift-model-storageversionmigrator-7.1.0.jar:/home/runner/.m2/repository/io/fabric8/openshift-model-tuned/7.1.0/openshift-model-tuned-7.1.0.jar:/home/runner/.m2/repository/io/fabric8/openshift-model-console/7.1.0/openshift-model-console-7.1.0.jar:/home/runner/.m2/repository/io/fabric8/openshift-model-config/7.1.0/openshift-model-config-7.1.0.jar:/home/runner/.m2/repository/io/fabric8/openshift-model-machineconfiguration/7.1.0/openshift-model-machineconfiguration-7.1.0.jar:/home/runner/.m2/repository/io/fabric8/openshift-model-miscellaneous/7.1.0/openshift-model-miscellaneous-7.1.0.jar:/home/runner/.m2/repository/io/fabric8/openshift-model-hive/7.1.0/openshift-model-hive-7.1.0.jar:/home/runner/.m2/repository/io/fabric8/openshift-model-installer/7.1.0/openshift-model-installer-7.1.0.jar:/home/runner/.m2/repository/org/junit/platform/junit-platform-launcher/1.12.1/junit-platform-launcher-1.12.1.jar:/home/runner/.m2/repository/org/junit/platform/junit-platform-engine/1.12.1/junit-platform-engine-1.12.1.jar:/home/runner/.m2/repository/org/opentest4j/opentest4j/1.3.0/opentest4j-1.3.0.jar:/home/runner/.m2/repository/org/junit/platform/junit-platform-commons/1.12.1/junit-platform-commons-1.12.1.jar:/home/runner/.m2/repository/org/apiguardian/apiguardian-api/1.1.2/apiguardian-api-1.1.2.jar:/home/runner/.m2/repository/jakarta/ws/rs/jakarta.ws.rs-api/3.1.0/jakarta.ws.rs-api-3.1.0.jar:/home/runner/work/apicurio-testing/apicurio-testing/clusters/ci419/namespaces/mysql/tests/integration/apicurio-registry/java-sdk/target/apicurio-registry-java-sdk-3.0.14-SNAPSHOT.jar:/home/runner/.m2/repository/com/microsoft/kiota/microsoft-kiota-abstractions/1.8.9/microsoft-kiota-abstractions-1.8.9.jar:/home/runner/.m2/repository/io/github/std-uritemplate/std-uritemplate/2.0.0/std-uritemplate-2.0.0.jar:/home/runner/.m2/repository/io/kiota/kiota-http-jdk/0.0.29/kiota-http-jdk-0.0.29.jar:/home/runner/.m2/repository/io/kiota/kiota-http-vertx/0.0.29/kiota-http-vertx-0.0.29.jar:/home/runner/.m2/repository/io/kiota/kiota-serialization-jackson/0.0.29/kiota-serialization-jackson-0.0.29.jar:/home/runner/.m2/repository/com/microsoft/kiota/microsoft-kiota-serialization-text/1.8.9/microsoft-kiota-serialization-text-1.8.9.jar:/home/runner/.m2/repository/com/microsoft/kiota/microsoft-kiota-serialization-form/1.8.9/microsoft-kiota-serialization-form-1.8.9.jar:/home/runner/.m2/repository/com/microsoft/kiota/microsoft-kiota-serialization-multipart/1.8.9/microsoft-kiota-serialization-multipart-1.8.9.jar:/home/runner/.m2/repository/jakarta/annotation/jakarta.annotation-api/3.0.0/jakarta.annotation-api-3.0.0.jar:/home/runner/.m2/repository/io/vertx/vertx-auth-oauth2/4.5.16/vertx-auth-oauth2-4.5.16.jar:/home/runner/work/apicurio-testing/apicurio-testing/clusters/ci419/namespaces/mysql/tests/integration/apicurio-registry/java-sdk-v2/target/apicurio-registry-v2-java-sdk-3.0.14-SNAPSHOT.jar:/home/runner/work/apicurio-testing/apicurio-testing/clusters/ci419/namespaces/mysql/tests/integration/apicurio-registry/utils/kafka/target/apicurio-registry-utils-kafka-3.0.14-SNAPSHOT-tests.jar:/home/runner/.m2/repository/org/eclipse/microprofile/config/microprofile-config-api/3.1/microprofile-config-api-3.1.jar:/home/runner/.m2/repository/org/apache/kafka/kafka-clients/3.9.1/kafka-clients-3.9.1.jar:/home/runner/.m2/repository/com/github/luben/zstd-jni/1.5.6-4/zstd-jni-1.5.6-4.jar:/home/runner/.m2/repository/org/lz4/lz4-java/1.8.0/lz4-java-1.8.0.jar:/home/runner/.m2/repository/org/xerial/snappy/snappy-java/1.1.10.5/snappy-java-1.1.10.5.jar:/home/runner/.m2/repository/org/slf4j/slf4j-api/2.0.6/slf4j-api-2.0.6.jar:/home/runner/work/apicurio-testing/apicurio-testing/clusters/ci419/namespaces/mysql/tests/integration/apicurio-registry/utils/tests/target/apicurio-registry-utils-tests-3.0.14-SNAPSHOT.jar:/home/runner/work/apicurio-testing/apicurio-testing/clusters/ci419/namespaces/mysql/tests/integration/apicurio-registry/common/target/apicurio-registry-common-3.0.14-SNAPSHOT.jar:/home/runner/.m2/repository/jakarta/validation/jakarta.validation-api/3.0.2/jakarta.validation-api-3.0.2.jar:/home/runner/.m2/repository/com/github/dasniko/testcontainers-keycloak/3.8.0/testcontainers-keycloak-3.8.0.jar:/home/runner/.m2/repository/org/testcontainers/testcontainers/1.20.6/testcontainers-1.20.6.jar:/home/runner/.m2/repository/org/rnorth/duct-tape/duct-tape/1.0.8/duct-tape-1.0.8.jar:/home/runner/.m2/repository/com/github/docker-java/docker-java-transport-zerodep/3.4.1/docker-java-transport-zerodep-3.4.1.jar:/home/runner/.m2/repository/com/github/docker-java/docker-java-transport/3.4.1/docker-java-transport-3.4.1.jar:/home/runner/.m2/repository/net/java/dev/jna/jna/5.8.0/jna-5.8.0.jar:/home/runner/.m2/repository/io/quarkus/quarkus-junit4-mock/3.20.2/quarkus-junit4-mock-3.20.2.jar:/home/runner/.m2/repository/org/jboss/shrinkwrap/shrinkwrap-api/2.0.0-beta-2/shrinkwrap-api-2.0.0-beta-2.jar:/home/runner/.m2/repository/org/jboss/shrinkwrap/shrinkwrap-impl-base/2.0.0-beta-2/shrinkwrap-impl-base-2.0.0-beta-2.jar:/home/runner/.m2/repository/org/jboss/shrinkwrap/shrinkwrap-spi/2.0.0-beta-2/shrinkwrap-spi-2.0.0-beta-2.jar:/home/runner/.m2/repository/org/keycloak/keycloak-admin-client/26.0.4/keycloak-admin-client-26.0.4.jar:/home/runner/.m2/repository/org/keycloak/keycloak-client-common-synced/26.0.4/keycloak-client-common-synced-26.0.4.jar:/home/runner/.m2/repository/jakarta/activation/jakarta.activation-api/2.1.3/jakarta.activation-api-2.1.3.jar:/home/runner/.m2/repository/org/eclipse/microprofile/openapi/microprofile-openapi-api/4.0.2/microprofile-openapi-api-4.0.2.jar:/home/runner/.m2/repository/org/jboss/resteasy/resteasy-client/6.2.12.Final/resteasy-client-6.2.12.Final.jar:/home/runner/.m2/repository/org/jboss/resteasy/resteasy-client-api/6.2.12.Final/resteasy-client-api-6.2.12.Final.jar:/home/runner/.m2/repository/org/jboss/resteasy/resteasy-core-spi/6.2.12.Final/resteasy-core-spi-6.2.12.Final.jar:/home/runner/.m2/repository/org/jboss/resteasy/resteasy-core/6.2.12.Final/resteasy-core-6.2.12.Final.jar:/home/runner/.m2/repository/org/eclipse/angus/angus-activation/2.0.2/angus-activation-2.0.2.jar:/home/runner/.m2/repository/com/ibm/async/asyncutil/0.1.0/asyncutil-0.1.0.jar:/home/runner/.m2/repository/org/reactivestreams/reactive-streams/1.0.4/reactive-streams-1.0.4.jar:/home/runner/.m2/repository/org/jboss/resteasy/resteasy-multipart-provider/6.2.12.Final/resteasy-multipart-provider-6.2.12.Final.jar:/home/runner/.m2/repository/jakarta/mail/jakarta.mail-api/2.1.3/jakarta.mail-api-2.1.3.jar:/home/runner/.m2/repository/org/eclipse/angus/angus-mail/2.0.3/angus-mail-2.0.3.jar:/home/runner/.m2/repository/org/apache/james/apache-mime4j-dom/0.8.12/apache-mime4j-dom-0.8.12.jar:/home/runner/.m2/repository/org/apache/james/apache-mime4j-core/0.8.12/apache-mime4j-core-0.8.12.jar:/home/runner/.m2/repository/org/apache/james/apache-mime4j-storage/0.8.12/apache-mime4j-storage-0.8.12.jar:/home/runner/.m2/repository/org/jboss/resteasy/resteasy-jackson2-provider/6.2.12.Final/resteasy-jackson2-provider-6.2.12.Final.jar:/home/runner/.m2/repository/com/fasterxml/jackson/jakarta/rs/jackson-jakarta-rs-base/2.18.2/jackson-jakarta-rs-base-2.18.2.jar:/home/runner/.m2/repository/com/fasterxml/jackson/jakarta/rs/jackson-jakarta-rs-json-provider/2.18.2/jackson-jakarta-rs-json-provider-2.18.2.jar:/home/runner/.m2/repository/com/fasterxml/jackson/module/jackson-module-jakarta-xmlbind-annotations/2.18.2/jackson-module-jakarta-xmlbind-annotations-2.18.2.jar:/home/runner/.m2/repository/com/github/java-json-tools/json-patch/1.13/json-patch-1.13.jar:/home/runner/.m2/repository/com/github/java-json-tools/msg-simple/1.2/msg-simple-1.2.jar:/home/runner/.m2/repository/com/github/java-json-tools/btf/1.3/btf-1.3.jar:/home/runner/.m2/repository/com/github/java-json-tools/jackson-coreutils/2.0/jackson-coreutils-2.0.jar:/home/runner/.m2/repository/org/jboss/resteasy/resteasy-jaxb-provider/6.2.12.Final/resteasy-jaxb-provider-6.2.12.Final.jar:/home/runner/.m2/repository/org/glassfish/jaxb/codemodel/4.0.5/codemodel-4.0.5.jar:/home/runner/.m2/repository/org/glassfish/jaxb/jaxb-core/4.0.5/jaxb-core-4.0.5.jar:/home/runner/.m2/repository/org/glassfish/jaxb/jaxb-jxc/4.0.5/jaxb-jxc-4.0.5.jar:/home/runner/.m2/repository/org/glassfish/jaxb/jaxb-runtime/4.0.5/jaxb-runtime-4.0.5.jar:/home/runner/.m2/repository/org/glassfish/jaxb/txw2/4.0.5/txw2-4.0.5.jar:/home/runner/.m2/repository/org/glassfish/jaxb/jaxb-xjc/4.0.5/jaxb-xjc-4.0.5.jar:/home/runner/.m2/repository/org/glassfish/jaxb/xsom/4.0.5/xsom-4.0.5.jar:/home/runner/.m2/repository/com/sun/istack/istack-commons-runtime/4.1.2/istack-commons-runtime-4.1.2.jar:/home/runner/.m2/repository/com/sun/istack/istack-commons-tools/4.1.2/istack-commons-tools-4.1.2.jar:/home/runner/.m2/repository/com/sun/xml/bind/external/relaxng-datatype/4.0.5/relaxng-datatype-4.0.5.jar:/home/runner/.m2/repository/com/sun/xml/bind/external/rngom/4.0.5/rngom-4.0.5.jar:/home/runner/.m2/repository/org/testcontainers/mssqlserver/1.20.6/mssqlserver-1.20.6.jar:/home/runner/.m2/repository/org/testcontainers/jdbc/1.20.6/jdbc-1.20.6.jar:/home/runner/.m2/repository/org/testcontainers/database-commons/1.20.6/database-commons-1.20.6.jar:/home/runner/.m2/repository/org/testcontainers/mysql/1.20.6/mysql-1.20.6.jar:/home/runner/.m2/repository/io/strimzi/strimzi-test-container/0.111.0/strimzi-test-container-0.111.0.jar:/home/runner/.m2/repository/org/testcontainers/toxiproxy/1.20.6/toxiproxy-1.20.6.jar:/home/runner/.m2/repository/com/github/docker-java/docker-java-api/3.4.1/docker-java-api-3.4.1.jar:/home/runner/.m2/repository/org/apache/logging/log4j/log4j-slf4j-impl/2.19.0/log4j-slf4j-impl-2.19.0.jar:/home/runner/.m2/repository/org/apache/logging/log4j/log4j-api/2.24.3/log4j-api-2.24.3.jar:/home/runner/.m2/repository/org/apache/logging/log4j/log4j-core/2.19.0/log4j-core-2.19.0.jar:/home/runner/.m2/repository/eu/rekawek/toxiproxy/toxiproxy-java/2.1.7/toxiproxy-java-2.1.7.jar:/home/runner/.m2/repository/org/testcontainers/pulsar/1.21.3/pulsar-1.21.3.jar:/home/runner/.m2/repository/io/debezium/debezium-testing-testcontainers/2.7.4.Final/debezium-testing-testcontainers-2.7.4.Final.jar:/home/runner/.m2/repository/org/testcontainers/kafka/1.20.6/kafka-1.20.6.jar:/home/runner/.m2/repository/com/squareup/okhttp3/okhttp/4.8.1/okhttp-4.8.1.jar:/home/runner/.m2/repository/com/squareup/okio/okio/3.10.2/okio-3.10.2.jar:/home/runner/.m2/repository/com/squareup/okio/okio-jvm/3.10.2/okio-jvm-3.10.2.jar:/home/runner/.m2/repository/org/jetbrains/kotlin/kotlin-stdlib/2.0.21/kotlin-stdlib-2.0.21.jar:/home/runner/.m2/repository/org/awaitility/awaitility/4.3.0/awaitility-4.3.0.jar:/home/runner/.m2/repository/org/testcontainers/mongodb/1.20.6/mongodb-1.20.6.jar:/home/runner/.m2/repository/org/testcontainers/mariadb/1.20.6/mariadb-1.20.6.jar:/home/runner/.m2/repository/org/testcontainers/oracle-xe/1.20.6/oracle-xe-1.20.6.jar:/home/runner/.m2/repository/org/testcontainers/postgresql/1.20.6/postgresql-1.20.6.jar:/home/runner/.m2/repository/org/wiremock/wiremock/3.0.1/wiremock-3.0.1.jar:/home/runner/.m2/repository/org/eclipse/jetty/jetty-server/11.0.15/jetty-server-11.0.15.jar:/home/runner/.m2/repository/org/eclipse/jetty/toolchain/jetty-jakarta-servlet-api/5.0.2/jetty-jakarta-servlet-api-5.0.2.jar:/home/runner/.m2/repository/org/eclipse/jetty/jetty-http/11.0.15/jetty-http-11.0.15.jar:/home/runner/.m2/repository/org/eclipse/jetty/jetty-io/11.0.15/jetty-io-11.0.15.jar:/home/runner/.m2/repository/org/eclipse/jetty/jetty-servlet/11.0.15/jetty-servlet-11.0.15.jar:/home/runner/.m2/repository/org/eclipse/jetty/jetty-security/11.0.15/jetty-security-11.0.15.jar:/home/runner/.m2/repository/org/eclipse/jetty/jetty-servlets/11.0.15/jetty-servlets-11.0.15.jar:/home/runner/.m2/repository/org/eclipse/jetty/jetty-util/11.0.15/jetty-util-11.0.15.jar:/home/runner/.m2/repository/org/eclipse/jetty/jetty-webapp/11.0.15/jetty-webapp-11.0.15.jar:/home/runner/.m2/repository/org/eclipse/jetty/jetty-xml/11.0.15/jetty-xml-11.0.15.jar:/home/runner/.m2/repository/org/eclipse/jetty/jetty-proxy/11.0.15/jetty-proxy-11.0.15.jar:/home/runner/.m2/repository/org/eclipse/jetty/jetty-client/11.0.15/jetty-client-11.0.15.jar:/home/runner/.m2/repository/org/eclipse/jetty/http2/http2-server/11.0.15/http2-server-11.0.15.jar:/home/runner/.m2/repository/org/eclipse/jetty/http2/http2-common/11.0.15/http2-common-11.0.15.jar:/home/runner/.m2/repository/org/eclipse/jetty/http2/http2-hpack/11.0.15/http2-hpack-11.0.15.jar:/home/runner/.m2/repository/org/eclipse/jetty/jetty-alpn-server/11.0.15/jetty-alpn-server-11.0.15.jar:/home/runner/.m2/repository/org/eclipse/jetty/jetty-alpn-java-server/11.0.15/jetty-alpn-java-server-11.0.15.jar:/home/runner/.m2/repository/org/eclipse/jetty/jetty-alpn-java-client/11.0.15/jetty-alpn-java-client-11.0.15.jar:/home/runner/.m2/repository/org/eclipse/jetty/jetty-alpn-client/11.0.15/jetty-alpn-client-11.0.15.jar:/home/runner/.m2/repository/org/apache/httpcomponents/client5/httpclient5/5.2.1/httpclient5-5.2.1.jar:/home/runner/.m2/repository/org/apache/httpcomponents/core5/httpcore5/5.2/httpcore5-5.2.jar:/home/runner/.m2/repository/org/apache/httpcomponents/core5/httpcore5-h2/5.2/httpcore5-h2-5.2.jar:/home/runner/.m2/repository/org/xmlunit/xmlunit-core/2.9.1/xmlunit-core-2.9.1.jar:/home/runner/.m2/repository/jakarta/xml/bind/jakarta.xml.bind-api/4.0.2/jakarta.xml.bind-api-4.0.2.jar:/home/runner/.m2/repository/org/xmlunit/xmlunit-legacy/2.9.1/xmlunit-legacy-2.9.1.jar:/home/runner/.m2/repository/org/xmlunit/xmlunit-placeholders/2.9.1/xmlunit-placeholders-2.9.1.jar:/home/runner/.m2/repository/net/javacrumbs/json-unit/json-unit-core/2.38.0/json-unit-core-2.38.0.jar:/home/runner/.m2/repository/org/hamcrest/hamcrest-core/2.2/hamcrest-core-2.2.jar:/home/runner/.m2/repository/com/jayway/jsonpath/json-path/2.8.0/json-path-2.8.0.jar:/home/runner/.m2/repository/net/minidev/json-smart/2.4.10/json-smart-2.4.10.jar:/home/runner/.m2/repository/net/minidev/accessors-smart/2.4.9/accessors-smart-2.4.9.jar:/home/runner/.m2/repository/org/ow2/asm/asm/9.7.1/asm-9.7.1.jar:/home/runner/.m2/repository/net/sf/jopt-simple/jopt-simple/5.0.4/jopt-simple-5.0.4.jar:/home/runner/.m2/repository/com/github/jknack/handlebars/4.3.1/handlebars-4.3.1.jar:/home/runner/.m2/repository/com/github/jknack/handlebars-helpers/4.3.1/handlebars-helpers-4.3.1.jar:/home/runner/.m2/repository/commons-fileupload/commons-fileupload/1.5/commons-fileupload-1.5.jar:/home/runner/.m2/repository/com/networknt/json-schema-validator/1.5.8/json-schema-validator-1.5.8.jar:/home/runner/.m2/repository/com/ethlo/time/itu/1.10.3/itu-1.10.3.jar:/home/runner/.m2/repository/io/quarkus/quarkus-smallrye-jwt-build/3.20.2/quarkus-smallrye-jwt-build-3.20.2.jar:/home/runner/.m2/repository/io/smallrye/smallrye-jwt-build/4.6.2/smallrye-jwt-build-4.6.2.jar:/home/runner/.m2/repository/org/eclipse/microprofile/jwt/microprofile-jwt-auth-api/2.1/microprofile-jwt-auth-api-2.1.jar:/home/runner/.m2/repository/org/bitbucket/b_c/jose4j/0.9.6/jose4j-0.9.6.jar:/home/runner/.m2/repository/io/smallrye/smallrye-jwt-common/4.6.2/smallrye-jwt-common-4.6.2.jar:/home/runner/.m2/repository/io/quarkus/quarkus-jsonp/3.20.2/quarkus-jsonp-3.20.2.jar:/home/runner/.m2/repository/io/quarkus/quarkus-arc/3.20.2/quarkus-arc-3.20.2.jar:/home/runner/.m2/repository/io/quarkus/arc/arc/3.20.2/arc-3.20.2.jar:/home/runner/.m2/repository/jakarta/transaction/jakarta.transaction-api/2.0.1/jakarta.transaction-api-2.0.1.jar:/home/runner/.m2/repository/io/smallrye/reactive/mutiny/2.9.2/mutiny-2.9.2.jar:/home/runner/.m2/repository/org/jctools/jctools-core/4.0.5/jctools-core-4.0.5.jar:/home/runner/.m2/repository/org/eclipse/microprofile/context-propagation/microprofile-context-propagation-api/1.3/microprofile-context-propagation-api-1.3.jar:/home/runner/.m2/repository/io/apicurio/apicurio-common-rest-client-common/0.1.18.Final/apicurio-common-rest-client-common-0.1.18.Final.jar:/home/runner/work/apicurio-testing/apicurio-testing/clusters/ci419/namespaces/mysql/tests/integration/apicurio-registry/utils/maven-plugin/target/apicurio-registry-maven-plugin-3.0.14-SNAPSHOT.jar:/home/runner/.m2/repository/com/fasterxml/jackson/core/jackson-databind/2.18.2/jackson-databind-2.18.2.jar:/home/runner/.m2/repository/org/apache/avro/avro/1.12.0/avro-1.12.0.jar:/home/runner/.m2/repository/com/google/protobuf/protobuf-java/4.32.0/protobuf-java-4.32.0.jar:/home/runner/.m2/repository/com/google/protobuf/protobuf-java-util/4.32.0/protobuf-java-util-4.32.0.jar:/home/runner/.m2/repository/com/google/code/findbugs/jsr305/3.0.2/jsr305-3.0.2.jar:/home/runner/.m2/repository/com/google/code/gson/gson/2.12.1/gson-2.12.1.jar:/home/runner/.m2/repository/com/google/errorprone/error_prone_annotations/2.36.0/error_prone_annotations-2.36.0.jar:/home/runner/.m2/repository/com/google/j2objc/j2objc-annotations/2.8/j2objc-annotations-2.8.jar:/home/runner/work/apicurio-testing/apicurio-testing/clusters/ci419/namespaces/mysql/tests/integration/apicurio-registry/schema-util/util-provider/target/apicurio-registry-schema-util-provider-3.0.14-SNAPSHOT.jar:/home/runner/work/apicurio-testing/apicurio-testing/clusters/ci419/namespaces/mysql/tests/integration/apicurio-registry/schema-util/common/target/apicurio-registry-schema-util-common-3.0.14-SNAPSHOT.jar:/home/runner/.m2/repository/com/fasterxml/jackson/module/jackson-module-parameter-names/2.18.2/jackson-module-parameter-names-2.18.2.jar:/home/runner/.m2/repository/com/fasterxml/jackson/datatype/jackson-datatype-json-org/2.18.2/jackson-datatype-json-org-2.18.2.jar:/home/runner/work/apicurio-testing/apicurio-testing/clusters/ci419/namespaces/mysql/tests/integration/apicurio-registry/schema-util/json/target/apicurio-registry-schema-util-json-3.0.14-SNAPSHOT.jar:/home/runner/.m2/repository/com/github/erosb/everit-json-schema/1.14.5/everit-json-schema-1.14.5.jar:/home/runner/.m2/repository/commons-validator/commons-validator/1.9.0/commons-validator-1.9.0.jar:/home/runner/.m2/repository/commons-digester/commons-digester/2.1/commons-digester-2.1.jar:/home/runner/.m2/repository/commons-collections/commons-collections/3.2.2/commons-collections-3.2.2.jar:/home/runner/.m2/repository/com/damnhandy/handy-uri-templates/2.1.8/handy-uri-templates-2.1.8.jar:/home/runner/.m2/repository/joda-time/joda-time/2.10.2/joda-time-2.10.2.jar:/home/runner/.m2/repository/com/github/erosb/json-sKema/0.20.0/json-sKema-0.20.0.jar:/home/runner/.m2/repository/io/vertx/vertx-json-schema/4.5.16/vertx-json-schema-4.5.16.jar:/home/runner/work/apicurio-testing/apicurio-testing/clusters/ci419/namespaces/mysql/tests/integration/apicurio-registry/schema-util/protobuf/target/apicurio-registry-schema-util-protobuf-3.0.14-SNAPSHOT.jar:/home/runner/work/apicurio-testing/apicurio-testing/clusters/ci419/namespaces/mysql/tests/integration/apicurio-registry/utils/protobuf-schema-utilities/target/apicurio-registry-protobuf-schema-utilities-3.0.14-SNAPSHOT.jar:/home/runner/.m2/repository/com/google/api/grpc/proto-google-common-protos/2.52.0/proto-google-common-protos-2.52.0.jar:/home/runner/.m2/repository/com/squareup/wire/wire-schema-jvm/5.3.3/wire-schema-jvm-5.3.3.jar:/home/runner/.m2/repository/com/palantir/javapoet/javapoet/0.6.0/javapoet-0.6.0.jar:/home/runner/.m2/repository/com/squareup/kotlinpoet-jvm/2.0.0/kotlinpoet-jvm-2.0.0.jar:/home/runner/.m2/repository/org/jetbrains/kotlin/kotlin-reflect/2.0.21/kotlin-reflect-2.0.21.jar:/home/runner/.m2/repository/com/squareup/wire/wire-runtime-jvm/5.3.3/wire-runtime-jvm-5.3.3.jar:/home/runner/.m2/repository/com/ibm/icu/icu4j/76.1/icu4j-76.1.jar:/home/runner/.m2/repository/com/squareup/okio/okio-fakefilesystem/3.10.2/okio-fakefilesystem-3.10.2.jar:/home/runner/.m2/repository/com/squareup/okio/okio-fakefilesystem-jvm/3.10.2/okio-fakefilesystem-jvm-3.10.2.jar:/home/runner/.m2/repository/org/jetbrains/kotlinx/kotlinx-datetime-jvm/0.6.1/kotlinx-datetime-jvm-0.6.1.jar:/home/runner/work/apicurio-testing/apicurio-testing/clusters/ci419/namespaces/mysql/tests/integration/apicurio-registry/schema-util/asyncapi/target/apicurio-registry-schema-util-asyncapi-3.0.14-SNAPSHOT.jar:/home/runner/work/apicurio-testing/apicurio-testing/clusters/ci419/namespaces/mysql/tests/integration/apicurio-registry/schema-util/avro/target/apicurio-registry-schema-util-avro-3.0.14-SNAPSHOT.jar:/home/runner/work/apicurio-testing/apicurio-testing/clusters/ci419/namespaces/mysql/tests/integration/apicurio-registry/schema-util/graphql/target/apicurio-registry-schema-util-graphql-3.0.14-SNAPSHOT.jar:/home/runner/.m2/repository/com/graphql-java/graphql-java/22.4/graphql-java-22.4.jar:/home/runner/.m2/repository/com/graphql-java/java-dataloader/3.3.0/java-dataloader-3.3.0.jar:/home/runner/work/apicurio-testing/apicurio-testing/clusters/ci419/namespaces/mysql/tests/integration/apicurio-registry/schema-util/kconnect/target/apicurio-registry-schema-util-kconnect-3.0.14-SNAPSHOT.jar:/home/runner/work/apicurio-testing/apicurio-testing/clusters/ci419/namespaces/mysql/tests/integration/apicurio-registry/schema-util/openapi/target/apicurio-registry-schema-util-openapi-3.0.14-SNAPSHOT.jar:/home/runner/.m2/repository/io/apicurio/apicurio-data-models/2.2.2/apicurio-data-models-2.2.2.jar:/home/runner/.m2/repository/org/slf4j/jcl-over-slf4j/2.0.6/jcl-over-slf4j-2.0.6.jar:/home/runner/.m2/repository/org/openapitools/openapidiff/openapi-diff-core/2.1.2/openapi-diff-core-2.1.2.jar:/home/runner/.m2/repository/io/swagger/parser/v3/swagger-parser/2.1.28/swagger-parser-2.1.28.jar:/home/runner/.m2/repository/io/swagger/parser/v3/swagger-parser-v2-converter/2.1.28/swagger-parser-v2-converter-2.1.28.jar:/home/runner/.m2/repository/io/swagger/swagger-core/1.6.16/swagger-core-1.6.16.jar:/home/runner/.m2/repository/io/swagger/swagger-models/1.6.16/swagger-models-1.6.16.jar:/home/runner/.m2/repository/io/swagger/swagger-annotations/1.6.16/swagger-annotations-1.6.16.jar:/home/runner/.m2/repository/io/swagger/swagger-parser/1.0.75/swagger-parser-1.0.75.jar:/home/runner/.m2/repository/io/swagger/swagger-parser-safe-url-resolver/1.0.75/swagger-parser-safe-url-resolver-1.0.75.jar:/home/runner/.m2/repository/io/swagger/swagger-compat-spec-parser/1.0.75/swagger-compat-spec-parser-1.0.75.jar:/home/runner/.m2/repository/com/github/java-json-tools/json-schema-validator/2.2.14/json-schema-validator-2.2.14.jar:/home/runner/.m2/repository/com/github/java-json-tools/jackson-coreutils-equivalence/1.0/jackson-coreutils-equivalence-1.0.jar:/home/runner/.m2/repository/com/github/java-json-tools/json-schema-core/1.2.14/json-schema-core-1.2.14.jar:/home/runner/.m2/repository/com/github/java-json-tools/uri-template/0.10/uri-template-0.10.jar:/home/runner/.m2/repository/com/googlecode/libphonenumber/libphonenumber/8.11.1/libphonenumber-8.11.1.jar:/home/runner/.m2/repository/com/j2html/j2html/1.6.0/j2html-1.6.0.jar:/home/runner/.m2/repository/org/apache/commons/commons-collections4/4.5.0/commons-collections4-4.5.0.jar:/home/runner/.m2/repository/io/swagger/parser/v3/swagger-parser-v3/2.1.31/swagger-parser-v3-2.1.31.jar:/home/runner/.m2/repository/io/swagger/core/v3/swagger-models/2.2.34/swagger-models-2.2.34.jar:/home/runner/.m2/repository/io/swagger/core/v3/swagger-core/2.2.34/swagger-core-2.2.34.jar:/home/runner/.m2/repository/io/swagger/parser/v3/swagger-parser-core/2.1.31/swagger-parser-core-2.1.31.jar:/home/runner/.m2/repository/io/swagger/parser/v3/swagger-parser-safe-url-resolver/2.1.31/swagger-parser-safe-url-resolver-2.1.31.jar:/home/runner/work/apicurio-testing/apicurio-testing/clusters/ci419/namespaces/mysql/tests/integration/apicurio-registry/schema-util/wsdl/target/apicurio-registry-schema-util-wsdl-3.0.14-SNAPSHOT.jar:/home/runner/.m2/repository/wsdl4j/wsdl4j/1.6.3/wsdl4j-1.6.3.jar:/home/runner/work/apicurio-testing/apicurio-testing/clusters/ci419/namespaces/mysql/tests/integration/apicurio-registry/schema-util/xml/target/apicurio-registry-schema-util-xml-3.0.14-SNAPSHOT.jar:/home/runner/.m2/repository/org/apache/santuario/xmlsec/4.0.4/xmlsec-4.0.4.jar:/home/runner/.m2/repository/com/fasterxml/woodstox/woodstox-core/7.1.1/woodstox-core-7.1.1.jar:/home/runner/.m2/repository/org/codehaus/woodstox/stax2-api/4.2.2/stax2-api-4.2.2.jar:/home/runner/work/apicurio-testing/apicurio-testing/clusters/ci419/namespaces/mysql/tests/integration/apicurio-registry/schema-util/xsd/target/apicurio-registry-schema-util-xsd-3.0.14-SNAPSHOT.jar:/home/runner/work/apicurio-testing/apicurio-testing/clusters/ci419/namespaces/mysql/tests/integration/apicurio-registry/serdes/kafka/jsonschema-serde/target/apicurio-registry-jsonschema-serde-kafka-3.0.14-SNAPSHOT.jar:/home/runner/work/apicurio-testing/apicurio-testing/clusters/ci419/namespaces/mysql/tests/integration/apicurio-registry/serdes/kafka/serde-kafka-common/target/apicurio-registry-serde-kafka-common-3.0.14-SNAPSHOT.jar:/home/runner/work/apicurio-testing/apicurio-testing/clusters/ci419/namespaces/mysql/tests/integration/apicurio-registry/serdes/generic/serde-common/target/apicurio-registry-serde-common-3.0.14-SNAPSHOT.jar:/home/runner/work/apicurio-testing/apicurio-testing/clusters/ci419/namespaces/mysql/tests/integration/apicurio-registry/serdes/generic/serde-common-jsonschema/target/apicurio-registry-serde-common-jsonschema-3.0.14-SNAPSHOT.jar:/home/runner/.m2/repository/org/json/json/20250107/json-20250107.jar:/home/runner/work/apicurio-testing/apicurio-testing/clusters/ci419/namespaces/mysql/tests/integration/apicurio-registry/serdes/kafka/avro-serde/target/apicurio-registry-avro-serde-kafka-3.0.14-SNAPSHOT.jar:/home/runner/work/apicurio-testing/apicurio-testing/clusters/ci419/namespaces/mysql/tests/integration/apicurio-registry/serdes/generic/serde-common-avro/target/apicurio-registry-serde-common-avro-3.0.14-SNAPSHOT.jar:/home/runner/work/apicurio-testing/apicurio-testing/clusters/ci419/namespaces/mysql/tests/integration/apicurio-registry/serdes/kafka/protobuf-serde/target/apicurio-registry-protobuf-serde-kafka-3.0.14-SNAPSHOT.jar:/home/runner/work/apicurio-testing/apicurio-testing/clusters/ci419/namespaces/mysql/tests/integration/apicurio-registry/serdes/generic/serde-common-protobuf/target/apicurio-registry-serde-common-protobuf-3.0.14-SNAPSHOT.jar:/home/runner/.m2/repository/com/squareup/wire/wire-schema/5.3.3/wire-schema-5.3.3.jar:/home/runner/.m2/repository/com/squareup/wire/wire-runtime/5.3.3/wire-runtime-5.3.3.jar:/home/runner/work/apicurio-testing/apicurio-testing/clusters/ci419/namespaces/mysql/tests/integration/apicurio-registry/serdes/pulsar/avro-serde/target/apicurio-registry-avro-serde-pulsar-3.0.14-SNAPSHOT.jar:/home/runner/.m2/repository/org/apache/pulsar/pulsar-functions-api/3.3.8/pulsar-functions-api-3.3.8.jar:/home/runner/work/apicurio-testing/apicurio-testing/clusters/ci419/namespaces/mysql/tests/integration/apicurio-registry/serdes/nats/avro-serde/target/apicurio-registry-avro-serde-nats-3.0.14-SNAPSHOT.jar:/home/runner/.m2/repository/io/nats/jnats/2.21.4/jnats-2.21.4.jar:/home/runner/.m2/repository/org/bouncycastle/bcprov-lts8on/2.73.7/bcprov-lts8on-2.73.7.jar:/home/runner/.m2/repository/org/jetbrains/annotations/26.0.2/annotations-26.0.2.jar:/home/runner/work/apicurio-testing/apicurio-testing/clusters/ci419/namespaces/mysql/tests/integration/apicurio-registry/utils/converter/target/apicurio-registry-utils-converter-3.0.14-SNAPSHOT.jar:/home/runner/work/apicurio-testing/apicurio-testing/clusters/ci419/namespaces/mysql/tests/integration/apicurio-registry/schema-resolver/target/apicurio-registry-schema-resolver-3.0.14-SNAPSHOT.jar:/home/runner/.m2/repository/org/apache/kafka/connect-api/3.9.1/connect-api-3.9.1.jar:/home/runner/.m2/repository/javax/ws/rs/javax.ws.rs-api/2.1.1/javax.ws.rs-api-2.1.1.jar:/home/runner/.m2/repository/org/apache/kafka/connect-json/3.9.1/connect-json-3.9.1.jar:/home/runner/.m2/repository/com/fasterxml/jackson/datatype/jackson-datatype-jdk8/2.18.2/jackson-datatype-jdk8-2.18.2.jar:/home/runner/.m2/repository/com/fasterxml/jackson/module/jackson-module-afterburner/2.18.2/jackson-module-afterburner-2.18.2.jar:/home/runner/work/apicurio-testing/apicurio-testing/clusters/ci419/namespaces/mysql/tests/integration/apicurio-registry/utils/kafka/target/apicurio-registry-utils-kafka-3.0.14-SNAPSHOT.jar:/home/runner/.m2/repository/org/apache/pulsar/pulsar-client/3.3.8/pulsar-client-3.3.8.jar:/home/runner/.m2/repository/org/apache/pulsar/pulsar-client-api/3.3.8/pulsar-client-api-3.3.8.jar:/home/runner/.m2/repository/org/apache/pulsar/pulsar-client-admin-api/3.3.8/pulsar-client-admin-api-3.3.8.jar:/home/runner/.m2/repository/org/apache/pulsar/bouncy-castle-bc/3.3.8/bouncy-castle-bc-3.3.8-pkg.jar:/home/runner/.m2/repository/org/bouncycastle/bcpkix-jdk18on/1.81/bcpkix-jdk18on-1.81.jar:/home/runner/.m2/repository/org/bouncycastle/bcutil-jdk18on/1.81/bcutil-jdk18on-1.81.jar:/home/runner/.m2/repository/org/bouncycastle/bcprov-jdk18on/1.81/bcprov-jdk18on-1.81.jar:/home/runner/.m2/repository/io/opentelemetry/opentelemetry-api/1.44.1/opentelemetry-api-1.44.1.jar:/home/runner/.m2/repository/io/opentelemetry/opentelemetry-context/1.44.1/opentelemetry-context-1.44.1.jar:/home/runner/.m2/repository/io/opentelemetry/opentelemetry-api-incubator/1.44.1-alpha/opentelemetry-api-incubator-1.44.1-alpha.jar:/home/runner/.m2/repository/com/fasterxml/jackson/core/jackson-annotations/2.18.2/jackson-annotations-2.18.2.jar:/home/runner/.m2/repository/javax/validation/validation-api/1.1.0.Final/validation-api-1.1.0.Final.jar:/home/runner/.m2/repository/org/jspecify/jspecify/1.0.0/jspecify-1.0.0.jar:/home/runner/.m2/repository/org/apache/commons/commons-configuration2/2.12.0/commons-configuration2-2.12.0.jar:/home/runner/.m2/repository/commons-logging/commons-logging/1.3.5/commons-logging-1.3.5.jar:/home/runner/.m2/repository/org/apache/commons/commons-text/1.13.0/commons-text-1.13.0.jar:/home/runner/.m2/repository/io/confluent/kafka-avro-serializer/8.0.0/kafka-avro-serializer-8.0.0.jar:/home/runner/.m2/repository/org/apache/commons/commons-compress/1.27.1/commons-compress-1.27.1.jar:/home/runner/.m2/repository/io/confluent/kafka-schema-serializer/8.0.0/kafka-schema-serializer-8.0.0.jar:/home/runner/.m2/repository/com/fasterxml/jackson/dataformat/jackson-dataformat-csv/2.18.2/jackson-dataformat-csv-2.18.2.jar:/home/runner/.m2/repository/io/confluent/kafka-schema-registry-client/8.0.0/kafka-schema-registry-client-8.0.0.jar:/home/runner/.m2/repository/org/yaml/snakeyaml/2.3/snakeyaml-2.3.jar:/home/runner/.m2/repository/io/swagger/core/v3/swagger-annotations/2.2.29/swagger-annotations-2.2.29.jar:/home/runner/.m2/repository/com/google/guava/guava/33.4.0-jre/guava-33.4.0-jre.jar:/home/runner/.m2/repository/com/google/guava/failureaccess/1.0.1/failureaccess-1.0.1.jar:/home/runner/.m2/repository/org/checkerframework/checker-qual/3.49.0/checker-qual-3.49.0.jar:/home/runner/.m2/repository/io/confluent/logredactor/1.0.13/logredactor-1.0.13.jar:/home/runner/.m2/repository/com/google/re2j/re2j/1.6/re2j-1.6.jar:/home/runner/.m2/repository/io/confluent/logredactor-metrics/1.0.13/logredactor-metrics-1.0.13.jar:/home/runner/.m2/repository/com/eclipsesource/minimal-json/minimal-json/0.9.5/minimal-json-0.9.5.jar:/home/runner/.m2/repository/io/confluent/common-utils/8.0.0/common-utils-8.0.0.jar:/home/runner/.m2/repository/io/confluent/kafka-connect-avro-converter/8.0.0/kafka-connect-avro-converter-8.0.0.jar:/home/runner/.m2/repository/io/confluent/kafka-connect-avro-data/8.0.0/kafka-connect-avro-data-8.0.0.jar:/home/runner/.m2/repository/io/confluent/kafka-schema-converter/8.0.0/kafka-schema-converter-8.0.0.jar:/home/runner/.m2/repository/io/rest-assured/rest-assured/5.5.1/rest-assured-5.5.1.jar:/home/runner/.m2/repository/org/apache/groovy/groovy/4.0.22/groovy-4.0.22.jar:/home/runner/.m2/repository/org/apache/groovy/groovy-xml/4.0.22/groovy-xml-4.0.22.jar:/home/runner/.m2/repository/org/apache/httpcomponents/httpclient/4.5.14/httpclient-4.5.14.jar:/home/runner/.m2/repository/org/apache/httpcomponents/httpcore/4.4.16/httpcore-4.4.16.jar:/home/runner/.m2/repository/org/apache/httpcomponents/httpmime/4.5.14/httpmime-4.5.14.jar:/home/runner/.m2/repository/org/hamcrest/hamcrest/2.2/hamcrest-2.2.jar:/home/runner/.m2/repository/org/ccil/cowan/tagsoup/tagsoup/1.2.1/tagsoup-1.2.1.jar:/home/runner/.m2/repository/io/rest-assured/json-path/5.5.1/json-path-5.5.1.jar:/home/runner/.m2/repository/org/apache/groovy/groovy-json/4.0.22/groovy-json-4.0.22.jar:/home/runner/.m2/repository/io/rest-assured/rest-assured-common/5.5.1/rest-assured-common-5.5.1.jar:/home/runner/.m2/repository/io/rest-assured/xml-path/5.5.1/xml-path-5.5.1.jar:/home/runner/.m2/repository/io/zonky/test/embedded-postgres/2.1.0/embedded-postgres-2.1.0.jar:/home/runner/.m2/repository/io/zonky/test/postgres/embedded-postgres-binaries-windows-amd64/14.15.0/embedded-postgres-binaries-windows-amd64-14.15.0.jar:/home/runner/.m2/repository/io/zonky/test/postgres/embedded-postgres-binaries-darwin-amd64/14.15.0/embedded-postgres-binaries-darwin-amd64-14.15.0.jar:/home/runner/.m2/repository/io/zonky/test/postgres/embedded-postgres-binaries-linux-amd64/14.15.0/embedded-postgres-binaries-linux-amd64-14.15.0.jar:/home/runner/.m2/repository/io/zonky/test/postgres/embedded-postgres-binaries-linux-amd64-alpine/14.15.0/embedded-postgres-binaries-linux-amd64-alpine-14.15.0.jar:/home/runner/.m2/repository/org/apache/commons/commons-lang3/3.17.0/commons-lang3-3.17.0.jar:/home/runner/.m2/repository/org/tukaani/xz/1.10/xz-1.10.jar:/home/runner/.m2/repository/commons-codec/commons-codec/1.19.0/commons-codec-1.19.0.jar:/home/runner/.m2/repository/org/postgresql/postgresql/42.7.7/postgresql-42.7.7.jar:/home/runner/.m2/repository/commons-io/commons-io/2.18.0/commons-io-2.18.0.jar:/home/runner/work/apicurio-testing/apicurio-testing/clusters/ci419/namespaces/mysql/tests/integration/apicurio-registry/utils/importexport/target/apicurio-registry-utils-import-export-3.0.14-SNAPSHOT.jar:/home/runner/.m2/repository/io/vertx/vertx-core/4.5.16/vertx-core-4.5.16.jar:/home/runner/.m2/repository/io/netty/netty-common/4.1.121.Final/netty-common-4.1.121.Final.jar:/home/runner/.m2/repository/io/netty/netty-buffer/4.1.121.Final/netty-buffer-4.1.121.Final.jar:/home/runner/.m2/repository/io/netty/netty-transport/4.1.121.Final/netty-transport-4.1.121.Final.jar:/home/runner/.m2/repository/io/netty/netty-handler/4.1.121.Final/netty-handler-4.1.121.Final.jar:/home/runner/.m2/repository/io/netty/netty-transport-native-unix-common/4.1.121.Final/netty-transport-native-unix-common-4.1.121.Final.jar:/home/runner/.m2/repository/io/netty/netty-codec/4.1.121.Final/netty-codec-4.1.121.Final.jar:/home/runner/.m2/repository/io/netty/netty-handler-proxy/4.1.121.Final/netty-handler-proxy-4.1.121.Final.jar:/home/runner/.m2/repository/io/netty/netty-codec-socks/4.1.121.Final/netty-codec-socks-4.1.121.Final.jar:/home/runner/.m2/repository/io/netty/netty-codec-http/4.1.121.Final/netty-codec-http-4.1.121.Final.jar:/home/runner/.m2/repository/io/netty/netty-codec-http2/4.1.121.Final/netty-codec-http2-4.1.121.Final.jar:/home/runner/.m2/repository/io/netty/netty-resolver/4.1.121.Final/netty-resolver-4.1.121.Final.jar:/home/runner/.m2/repository/io/netty/netty-resolver-dns/4.1.121.Final/netty-resolver-dns-4.1.121.Final.jar:/home/runner/.m2/repository/io/netty/netty-codec-dns/4.1.121.Final/netty-codec-dns-4.1.121.Final.jar:/home/runner/.m2/repository/com/fasterxml/jackson/core/jackson-core/2.18.2/jackson-core-2.18.2.jar:"/>
    <property name="java.vm.vendor" value="Eclipse Adoptium"/>
    <property name="maven.javadoc.skip" value="true"/>
    <property name="sun.arch.data.model" value="64"/>
    <property name="java.vendor.url" value="https://adoptium.net/"/>
    <property name="user.timezone" value="Etc/UTC"/>
    <property name="os.name" value="Linux"/>
    <property name="java.vm.specification.version" value="17"/>
    <property name="sun.java.launcher" value="SUN_STANDARD"/>
    <property name="quarkus.http.test-port" value="80"/>
    <property name="sun.boot.library.path" value="/usr/lib/jvm/temurin-17-jdk-amd64/lib"/>
    <property name="sun.java.command" value="/home/runner/work/apicurio-testing/apicurio-testing/clusters/ci419/namespaces/mysql/tests/integration/apicurio-registry/integration-tests/target/surefire/surefirebooter-20250903135343954_3.jar /home/runner/work/apicurio-testing/apicurio-testing/clusters/ci419/namespaces/mysql/tests/integration/apicurio-registry/integration-tests/target/surefire 2025-09-03T13-53-43_892-jvmRun1 surefire-20250903135343954_1tmp surefire_0-20250903135343954_2tmp"/>
    <property name="maven.home" value="/home/runner/.m2/wrapper/dists/apache-maven-3.9.8-bin/4fnp1ql35bgk2a0p7m31ovbgb0/apache-maven-3.9.8"/>
    <property name="jdk.debug" value="release"/>
    <property name="surefire.test.class.path" value="/home/runner/work/apicurio-testing/apicurio-testing/clusters/ci419/namespaces/mysql/tests/integration/apicurio-registry/integration-tests/target/test-classes:/home/runner/work/apicurio-testing/apicurio-testing/clusters/ci419/namespaces/mysql/tests/integration/apicurio-registry/integration-tests/target/apicurio-registry-integration-tests-3.0.14-SNAPSHOT.jar:/home/runner/.m2/repository/io/quarkus/quarkus-junit5/3.20.2/quarkus-junit5-3.20.2.jar:/home/runner/.m2/repository/io/quarkus/quarkus-bootstrap-core/3.20.2/quarkus-bootstrap-core-3.20.2.jar:/home/runner/.m2/repository/io/quarkus/quarkus-classloader-commons/3.20.2/quarkus-classloader-commons-3.20.2.jar:/home/runner/.m2/repository/io/quarkus/quarkus-bootstrap-app-model/3.20.2/quarkus-bootstrap-app-model-3.20.2.jar:/home/runner/.m2/repository/io/smallrye/common/smallrye-common-io/2.12.0/smallrye-common-io-2.12.0.jar:/home/runner/.m2/repository/org/eclipse/sisu/org.eclipse.sisu.inject/0.9.0.M3/org.eclipse.sisu.inject-0.9.0.M3.jar:/home/runner/.m2/repository/io/quarkus/quarkus-test-common/3.20.2/quarkus-test-common-3.20.2.jar:/home/runner/.m2/repository/io/quarkus/quarkus-core-deployment/3.20.2/quarkus-core-deployment-3.20.2.jar:/home/runner/.m2/repository/org/aesh/readline/2.6/readline-2.6.jar:/home/runner/.m2/repository/org/fusesource/jansi/jansi/2.4.0/jansi-2.4.0.jar:/home/runner/.m2/repository/org/aesh/aesh/2.8.2/aesh-2.8.2.jar:/home/runner/.m2/repository/io/quarkus/gizmo/gizmo/1.8.0/gizmo-1.8.0.jar:/home/runner/.m2/repository/org/ow2/asm/asm-util/9.7.1/asm-util-9.7.1.jar:/home/runner/.m2/repository/org/ow2/asm/asm-analysis/9.7.1/asm-analysis-9.7.1.jar:/home/runner/.m2/repository/org/ow2/asm/asm-commons/9.7.1/asm-commons-9.7.1.jar:/home/runner/.m2/repository/org/ow2/asm/asm-tree/9.7.1/asm-tree-9.7.1.jar:/home/runner/.m2/repository/io/quarkus/quarkus-hibernate-validator-spi/3.20.2/quarkus-hibernate-validator-spi-3.20.2.jar:/home/runner/.m2/repository/io/quarkus/quarkus-class-change-agent/3.20.2/quarkus-class-change-agent-3.20.2.jar:/home/runner/.m2/repository/io/quarkus/quarkus-devtools-utilities/3.20.2/quarkus-devtools-utilities-3.20.2.jar:/home/runner/.m2/repository/io/quarkus/quarkus-builder/3.20.2/quarkus-builder-3.20.2.jar:/home/runner/.m2/repository/org/graalvm/sdk/nativeimage/23.1.2/nativeimage-23.1.2.jar:/home/runner/.m2/repository/org/graalvm/sdk/word/23.1.2/word-23.1.2.jar:/home/runner/.m2/repository/io/quarkus/quarkus-bootstrap-maven-resolver/3.20.2/quarkus-bootstrap-maven-resolver-3.20.2.jar:/home/runner/.m2/repository/io/smallrye/beanbag/smallrye-beanbag-maven/1.5.2/smallrye-beanbag-maven-1.5.2.jar:/home/runner/.m2/repository/io/smallrye/beanbag/smallrye-beanbag-sisu/1.5.2/smallrye-beanbag-sisu-1.5.2.jar:/home/runner/.m2/repository/io/smallrye/beanbag/smallrye-beanbag/1.5.2/smallrye-beanbag-1.5.2.jar:/home/runner/.m2/repository/javax/inject/javax.inject/1/javax.inject-1.jar:/home/runner/.m2/repository/org/apache/maven/maven-artifact/3.9.9/maven-artifact-3.9.9.jar:/home/runner/.m2/repository/org/apache/maven/maven-builder-support/3.9.9/maven-builder-support-3.9.9.jar:/home/runner/.m2/repository/org/apache/maven/maven-model/3.9.9/maven-model-3.9.9.jar:/home/runner/.m2/repository/org/apache/maven/maven-model-builder/3.9.9/maven-model-builder-3.9.9.jar:/home/runner/.m2/repository/org/apache/maven/maven-repository-metadata/3.9.9/maven-repository-metadata-3.9.9.jar:/home/runner/.m2/repository/org/apache/maven/maven-settings/3.9.9/maven-settings-3.9.9.jar:/home/runner/.m2/repository/org/apache/maven/resolver/maven-resolver-api/1.9.22/maven-resolver-api-1.9.22.jar:/home/runner/.m2/repository/org/apache/maven/resolver/maven-resolver-impl/1.9.22/maven-resolver-impl-1.9.22.jar:/home/runner/.m2/repository/org/apache/maven/resolver/maven-resolver-named-locks/1.9.22/maven-resolver-named-locks-1.9.22.jar:/home/runner/.m2/repository/org/apache/maven/resolver/maven-resolver-spi/1.9.22/maven-resolver-spi-1.9.22.jar:/home/runner/.m2/repository/org/apache/maven/resolver/maven-resolver-util/1.9.22/maven-resolver-util-1.9.22.jar:/home/runner/.m2/repository/org/apache/maven/resolver/maven-resolver-transport-http/1.9.20/maven-resolver-transport-http-1.9.20.jar:/home/runner/.m2/repository/org/apache/maven/wagon/wagon-provider-api/3.5.3/wagon-provider-api-3.5.3.jar:/home/runner/.m2/repository/org/apache/maven/wagon/wagon-http-shared/3.5.3/wagon-http-shared-3.5.3.jar:/home/runner/.m2/repository/org/codehaus/plexus/plexus-interpolation/1.26/plexus-interpolation-1.26.jar:/home/runner/.m2/repository/org/codehaus/plexus/plexus-utils/3.5.1/plexus-utils-3.5.1.jar:/home/runner/.m2/repository/org/codehaus/plexus/plexus-xml/4.0.1/plexus-xml-4.0.1.jar:/home/runner/.m2/repository/org/apache/maven/maven-xml-impl/4.0.0-alpha-5/maven-xml-impl-4.0.0-alpha-5.jar:/home/runner/.m2/repository/org/apache/maven/maven-api-xml/4.0.0-alpha-5/maven-api-xml-4.0.0-alpha-5.jar:/home/runner/.m2/repository/org/apache/maven/maven-api-meta/4.0.0-alpha-5/maven-api-meta-4.0.0-alpha-5.jar:/home/runner/.m2/repository/org/codehaus/plexus/plexus-cipher/2.0/plexus-cipher-2.0.jar:/home/runner/.m2/repository/org/codehaus/plexus/plexus-sec-dispatcher/2.0/plexus-sec-dispatcher-2.0.jar:/home/runner/.m2/repository/org/apache/maven/maven-embedder/3.9.9/maven-embedder-3.9.9.jar:/home/runner/.m2/repository/org/apache/maven/maven-core/3.9.9/maven-core-3.9.9.jar:/home/runner/.m2/repository/org/codehaus/plexus/plexus-component-annotations/2.1.0/plexus-component-annotations-2.1.0.jar:/home/runner/.m2/repository/org/apache/maven/maven-plugin-api/3.9.9/maven-plugin-api-3.9.9.jar:/home/runner/.m2/repository/org/apache/maven/shared/maven-shared-utils/3.4.2/maven-shared-utils-3.4.2.jar:/home/runner/.m2/repository/com/google/inject/guice/5.1.0/guice-5.1.0.jar:/home/runner/.m2/repository/aopalliance/aopalliance/1.0/aopalliance-1.0.jar:/home/runner/.m2/repository/org/codehaus/plexus/plexus-classworlds/2.6.0/plexus-classworlds-2.6.0.jar:/home/runner/.m2/repository/commons-cli/commons-cli/1.8.0/commons-cli-1.8.0.jar:/home/runner/.m2/repository/org/eclipse/sisu/org.eclipse.sisu.plexus/0.9.0.M3/org.eclipse.sisu.plexus-0.9.0.M3.jar:/home/runner/.m2/repository/org/apache/maven/maven-settings-builder/3.9.9/maven-settings-builder-3.9.9.jar:/home/runner/.m2/repository/org/apache/maven/maven-resolver-provider/3.9.9/maven-resolver-provider-3.9.9.jar:/home/runner/.m2/repository/org/apache/maven/resolver/maven-resolver-connector-basic/1.9.22/maven-resolver-connector-basic-1.9.22.jar:/home/runner/.m2/repository/org/apache/maven/resolver/maven-resolver-transport-wagon/1.9.22/maven-resolver-transport-wagon-1.9.22.jar:/home/runner/.m2/repository/org/apache/maven/wagon/wagon-http/3.5.3/wagon-http-3.5.3.jar:/home/runner/.m2/repository/org/apache/maven/wagon/wagon-file/3.5.3/wagon-file-3.5.3.jar:/home/runner/.m2/repository/io/quarkus/quarkus-bootstrap-gradle-resolver/3.20.2/quarkus-bootstrap-gradle-resolver-3.20.2.jar:/home/runner/.m2/repository/io/smallrye/jandex/3.3.0/jandex-3.3.0.jar:/home/runner/.m2/repository/org/jboss/logging/commons-logging-jboss-logging/1.0.0.Final/commons-logging-jboss-logging-1.0.0.Final.jar:/home/runner/.m2/repository/io/quarkus/quarkus-junit5-config/3.20.2/quarkus-junit5-config-3.20.2.jar:/home/runner/.m2/repository/org/junit/jupiter/junit-jupiter-api/5.12.1/junit-jupiter-api-5.12.1.jar:/home/runner/.m2/repository/io/smallrye/config/smallrye-config/3.11.4/smallrye-config-3.11.4.jar:/home/runner/.m2/repository/io/smallrye/config/smallrye-config-core/3.11.4/smallrye-config-core-3.11.4.jar:/home/runner/.m2/repository/io/smallrye/common/smallrye-common-classloader/2.12.0/smallrye-common-classloader-2.12.0.jar:/home/runner/.m2/repository/io/smallrye/config/smallrye-config-common/3.11.4/smallrye-config-common-3.11.4.jar:/home/runner/.m2/repository/org/junit/jupiter/junit-jupiter/5.12.1/junit-jupiter-5.12.1.jar:/home/runner/.m2/repository/org/junit/jupiter/junit-jupiter-params/5.12.1/junit-jupiter-params-5.12.1.jar:/home/runner/.m2/repository/org/junit/jupiter/junit-jupiter-engine/5.12.1/junit-jupiter-engine-5.12.1.jar:/home/runner/.m2/repository/io/quarkus/quarkus-core/3.20.2/quarkus-core-3.20.2.jar:/home/runner/.m2/repository/jakarta/enterprise/jakarta.enterprise.cdi-api/4.1.0/jakarta.enterprise.cdi-api-4.1.0.jar:/home/runner/.m2/repository/jakarta/enterprise/jakarta.enterprise.lang-model/4.1.0/jakarta.enterprise.lang-model-4.1.0.jar:/home/runner/.m2/repository/jakarta/el/jakarta.el-api/5.0.1/jakarta.el-api-5.0.1.jar:/home/runner/.m2/repository/jakarta/interceptor/jakarta.interceptor-api/2.2.0/jakarta.interceptor-api-2.2.0.jar:/home/runner/.m2/repository/jakarta/inject/jakarta.inject-api/2.0.1/jakarta.inject-api-2.0.1.jar:/home/runner/.m2/repository/io/smallrye/common/smallrye-common-os/2.12.0/smallrye-common-os-2.12.0.jar:/home/runner/.m2/repository/io/quarkus/quarkus-ide-launcher/3.20.2/quarkus-ide-launcher-3.20.2.jar:/home/runner/.m2/repository/io/quarkus/quarkus-development-mode-spi/3.20.2/quarkus-development-mode-spi-3.20.2.jar:/home/runner/.m2/repository/org/jboss/logging/jboss-logging/3.6.1.Final/jboss-logging-3.6.1.Final.jar:/home/runner/.m2/repository/org/jboss/logmanager/jboss-logmanager/3.1.2.Final/jboss-logmanager-3.1.2.Final.jar:/home/runner/.m2/repository/io/smallrye/common/smallrye-common-constraint/2.12.0/smallrye-common-constraint-2.12.0.jar:/home/runner/.m2/repository/io/smallrye/common/smallrye-common-cpu/2.12.0/smallrye-common-cpu-2.12.0.jar:/home/runner/.m2/repository/io/smallrye/common/smallrye-common-expression/2.12.0/smallrye-common-expression-2.12.0.jar:/home/runner/.m2/repository/io/smallrye/common/smallrye-common-net/2.12.0/smallrye-common-net-2.12.0.jar:/home/runner/.m2/repository/io/smallrye/common/smallrye-common-ref/2.12.0/smallrye-common-ref-2.12.0.jar:/home/runner/.m2/repository/jakarta/json/jakarta.json-api/2.1.3/jakarta.json-api-2.1.3.jar:/home/runner/.m2/repository/org/eclipse/parsson/parsson/1.1.7/parsson-1.1.7.jar:/home/runner/.m2/repository/org/jboss/logging/jboss-logging-annotations/3.0.4.Final/jboss-logging-annotations-3.0.4.Final.jar:/home/runner/.m2/repository/org/jboss/threads/jboss-threads/3.8.0.Final/jboss-threads-3.8.0.Final.jar:/home/runner/.m2/repository/io/smallrye/common/smallrye-common-annotation/2.12.0/smallrye-common-annotation-2.12.0.jar:/home/runner/.m2/repository/io/smallrye/common/smallrye-common-function/2.12.0/smallrye-common-function-2.12.0.jar:/home/runner/.m2/repository/org/jboss/slf4j/slf4j-jboss-logmanager/2.0.0.Final/slf4j-jboss-logmanager-2.0.0.Final.jar:/home/runner/.m2/repository/org/wildfly/common/wildfly-common/2.0.1/wildfly-common-2.0.1.jar:/home/runner/.m2/repository/io/quarkus/quarkus-bootstrap-runner/3.20.2/quarkus-bootstrap-runner-3.20.2.jar:/home/runner/.m2/repository/io/github/crac/org-crac/0.1.3/org-crac-0.1.3.jar:/home/runner/.m2/repository/io/quarkus/quarkus-fs-util/0.0.10/quarkus-fs-util-0.0.10.jar:/home/runner/.m2/repository/org/jboss/marshalling/jboss-marshalling/2.2.2.Final/jboss-marshalling-2.2.2.Final.jar:/home/runner/.m2/repository/io/fabric8/kubernetes-client/7.1.0/kubernetes-client-7.1.0.jar:/home/runner/.m2/repository/io/fabric8/kubernetes-client-api/7.1.0/kubernetes-client-api-7.1.0.jar:/home/runner/.m2/repository/io/fabric8/kubernetes-model-core/7.1.0/kubernetes-model-core-7.1.0.jar:/home/runner/.m2/repository/io/fabric8/kubernetes-model-common/7.1.0/kubernetes-model-common-7.1.0.jar:/home/runner/.m2/repository/javax/annotation/javax.annotation-api/1.3.2/javax.annotation-api-1.3.2.jar:/home/runner/.m2/repository/io/fabric8/kubernetes-model-gatewayapi/7.1.0/kubernetes-model-gatewayapi-7.1.0.jar:/home/runner/.m2/repository/io/fabric8/kubernetes-model-resource/7.1.0/kubernetes-model-resource-7.1.0.jar:/home/runner/.m2/repository/io/fabric8/kubernetes-model-rbac/7.1.0/kubernetes-model-rbac-7.1.0.jar:/home/runner/.m2/repository/io/fabric8/kubernetes-model-admissionregistration/7.1.0/kubernetes-model-admissionregistration-7.1.0.jar:/home/runner/.m2/repository/io/fabric8/kubernetes-model-apps/7.1.0/kubernetes-model-apps-7.1.0.jar:/home/runner/.m2/repository/io/fabric8/kubernetes-model-autoscaling/7.1.0/kubernetes-model-autoscaling-7.1.0.jar:/home/runner/.m2/repository/io/fabric8/kubernetes-model-apiextensions/7.1.0/kubernetes-model-apiextensions-7.1.0.jar:/home/runner/.m2/repository/io/fabric8/kubernetes-model-batch/7.1.0/kubernetes-model-batch-7.1.0.jar:/home/runner/.m2/repository/io/fabric8/kubernetes-model-certificates/7.1.0/kubernetes-model-certificates-7.1.0.jar:/home/runner/.m2/repository/io/fabric8/kubernetes-model-coordination/7.1.0/kubernetes-model-coordination-7.1.0.jar:/home/runner/.m2/repository/io/fabric8/kubernetes-model-discovery/7.1.0/kubernetes-model-discovery-7.1.0.jar:/home/runner/.m2/repository/io/fabric8/kubernetes-model-events/7.1.0/kubernetes-model-events-7.1.0.jar:/home/runner/.m2/repository/io/fabric8/kubernetes-model-extensions/7.1.0/kubernetes-model-extensions-7.1.0.jar:/home/runner/.m2/repository/io/fabric8/kubernetes-model-flowcontrol/7.1.0/kubernetes-model-flowcontrol-7.1.0.jar:/home/runner/.m2/repository/io/fabric8/kubernetes-model-networking/7.1.0/kubernetes-model-networking-7.1.0.jar:/home/runner/.m2/repository/io/fabric8/kubernetes-model-metrics/7.1.0/kubernetes-model-metrics-7.1.0.jar:/home/runner/.m2/repository/io/fabric8/kubernetes-model-policy/7.1.0/kubernetes-model-policy-7.1.0.jar:/home/runner/.m2/repository/io/fabric8/kubernetes-model-scheduling/7.1.0/kubernetes-model-scheduling-7.1.0.jar:/home/runner/.m2/repository/io/fabric8/kubernetes-model-storageclass/7.1.0/kubernetes-model-storageclass-7.1.0.jar:/home/runner/.m2/repository/io/fabric8/kubernetes-model-node/7.1.0/kubernetes-model-node-7.1.0.jar:/home/runner/.m2/repository/org/snakeyaml/snakeyaml-engine/2.9/snakeyaml-engine-2.9.jar:/home/runner/.m2/repository/com/fasterxml/jackson/dataformat/jackson-dataformat-yaml/2.18.2/jackson-dataformat-yaml-2.18.2.jar:/home/runner/.m2/repository/com/fasterxml/jackson/datatype/jackson-datatype-jsr310/2.18.2/jackson-datatype-jsr310-2.18.2.jar:/home/runner/.m2/repository/io/fabric8/zjsonpatch/7.1.0/zjsonpatch-7.1.0.jar:/home/runner/.m2/repository/io/fabric8/kubernetes-httpclient-vertx/7.1.0/kubernetes-httpclient-vertx-7.1.0.jar:/home/runner/.m2/repository/io/vertx/vertx-web-client/4.5.16/vertx-web-client-4.5.16.jar:/home/runner/.m2/repository/io/vertx/vertx-web-common/4.5.16/vertx-web-common-4.5.16.jar:/home/runner/.m2/repository/io/vertx/vertx-auth-common/4.5.16/vertx-auth-common-4.5.16.jar:/home/runner/.m2/repository/io/vertx/vertx-uri-template/4.5.16/vertx-uri-template-4.5.16.jar:/home/runner/.m2/repository/io/fabric8/openshift-client/7.1.0/openshift-client-7.1.0.jar:/home/runner/.m2/repository/io/fabric8/openshift-client-api/7.1.0/openshift-client-api-7.1.0.jar:/home/runner/.m2/repository/io/fabric8/openshift-model/7.1.0/openshift-model-7.1.0.jar:/home/runner/.m2/repository/io/fabric8/openshift-model-autoscaling/7.1.0/openshift-model-autoscaling-7.1.0.jar:/home/runner/.m2/repository/io/fabric8/openshift-model-operator/7.1.0/openshift-model-operator-7.1.0.jar:/home/runner/.m2/repository/io/fabric8/openshift-model-operatorhub/7.1.0/openshift-model-operatorhub-7.1.0.jar:/home/runner/.m2/repository/io/fabric8/openshift-model-machine/7.1.0/openshift-model-machine-7.1.0.jar:/home/runner/.m2/repository/io/fabric8/openshift-model-whereabouts/7.1.0/openshift-model-whereabouts-7.1.0.jar:/home/runner/.m2/repository/io/fabric8/openshift-model-monitoring/7.1.0/openshift-model-monitoring-7.1.0.jar:/home/runner/.m2/repository/io/fabric8/openshift-model-storageversionmigrator/7.1.0/openshift-model-storageversionmigrator-7.1.0.jar:/home/runner/.m2/repository/io/fabric8/openshift-model-tuned/7.1.0/openshift-model-tuned-7.1.0.jar:/home/runner/.m2/repository/io/fabric8/openshift-model-console/7.1.0/openshift-model-console-7.1.0.jar:/home/runner/.m2/repository/io/fabric8/openshift-model-config/7.1.0/openshift-model-config-7.1.0.jar:/home/runner/.m2/repository/io/fabric8/openshift-model-machineconfiguration/7.1.0/openshift-model-machineconfiguration-7.1.0.jar:/home/runner/.m2/repository/io/fabric8/openshift-model-miscellaneous/7.1.0/openshift-model-miscellaneous-7.1.0.jar:/home/runner/.m2/repository/io/fabric8/openshift-model-hive/7.1.0/openshift-model-hive-7.1.0.jar:/home/runner/.m2/repository/io/fabric8/openshift-model-installer/7.1.0/openshift-model-installer-7.1.0.jar:/home/runner/.m2/repository/org/junit/platform/junit-platform-launcher/1.12.1/junit-platform-launcher-1.12.1.jar:/home/runner/.m2/repository/org/junit/platform/junit-platform-engine/1.12.1/junit-platform-engine-1.12.1.jar:/home/runner/.m2/repository/org/opentest4j/opentest4j/1.3.0/opentest4j-1.3.0.jar:/home/runner/.m2/repository/org/junit/platform/junit-platform-commons/1.12.1/junit-platform-commons-1.12.1.jar:/home/runner/.m2/repository/org/apiguardian/apiguardian-api/1.1.2/apiguardian-api-1.1.2.jar:/home/runner/.m2/repository/jakarta/ws/rs/jakarta.ws.rs-api/3.1.0/jakarta.ws.rs-api-3.1.0.jar:/home/runner/work/apicurio-testing/apicurio-testing/clusters/ci419/namespaces/mysql/tests/integration/apicurio-registry/java-sdk/target/apicurio-registry-java-sdk-3.0.14-SNAPSHOT.jar:/home/runner/.m2/repository/com/microsoft/kiota/microsoft-kiota-abstractions/1.8.9/microsoft-kiota-abstractions-1.8.9.jar:/home/runner/.m2/repository/io/github/std-uritemplate/std-uritemplate/2.0.0/std-uritemplate-2.0.0.jar:/home/runner/.m2/repository/io/kiota/kiota-http-jdk/0.0.29/kiota-http-jdk-0.0.29.jar:/home/runner/.m2/repository/io/kiota/kiota-http-vertx/0.0.29/kiota-http-vertx-0.0.29.jar:/home/runner/.m2/repository/io/kiota/kiota-serialization-jackson/0.0.29/kiota-serialization-jackson-0.0.29.jar:/home/runner/.m2/repository/com/microsoft/kiota/microsoft-kiota-serialization-text/1.8.9/microsoft-kiota-serialization-text-1.8.9.jar:/home/runner/.m2/repository/com/microsoft/kiota/microsoft-kiota-serialization-form/1.8.9/microsoft-kiota-serialization-form-1.8.9.jar:/home/runner/.m2/repository/com/microsoft/kiota/microsoft-kiota-serialization-multipart/1.8.9/microsoft-kiota-serialization-multipart-1.8.9.jar:/home/runner/.m2/repository/jakarta/annotation/jakarta.annotation-api/3.0.0/jakarta.annotation-api-3.0.0.jar:/home/runner/.m2/repository/io/vertx/vertx-auth-oauth2/4.5.16/vertx-auth-oauth2-4.5.16.jar:/home/runner/work/apicurio-testing/apicurio-testing/clusters/ci419/namespaces/mysql/tests/integration/apicurio-registry/java-sdk-v2/target/apicurio-registry-v2-java-sdk-3.0.14-SNAPSHOT.jar:/home/runner/work/apicurio-testing/apicurio-testing/clusters/ci419/namespaces/mysql/tests/integration/apicurio-registry/utils/kafka/target/apicurio-registry-utils-kafka-3.0.14-SNAPSHOT-tests.jar:/home/runner/.m2/repository/org/eclipse/microprofile/config/microprofile-config-api/3.1/microprofile-config-api-3.1.jar:/home/runner/.m2/repository/org/apache/kafka/kafka-clients/3.9.1/kafka-clients-3.9.1.jar:/home/runner/.m2/repository/com/github/luben/zstd-jni/1.5.6-4/zstd-jni-1.5.6-4.jar:/home/runner/.m2/repository/org/lz4/lz4-java/1.8.0/lz4-java-1.8.0.jar:/home/runner/.m2/repository/org/xerial/snappy/snappy-java/1.1.10.5/snappy-java-1.1.10.5.jar:/home/runner/.m2/repository/org/slf4j/slf4j-api/2.0.6/slf4j-api-2.0.6.jar:/home/runner/work/apicurio-testing/apicurio-testing/clusters/ci419/namespaces/mysql/tests/integration/apicurio-registry/utils/tests/target/apicurio-registry-utils-tests-3.0.14-SNAPSHOT.jar:/home/runner/work/apicurio-testing/apicurio-testing/clusters/ci419/namespaces/mysql/tests/integration/apicurio-registry/common/target/apicurio-registry-common-3.0.14-SNAPSHOT.jar:/home/runner/.m2/repository/jakarta/validation/jakarta.validation-api/3.0.2/jakarta.validation-api-3.0.2.jar:/home/runner/.m2/repository/com/github/dasniko/testcontainers-keycloak/3.8.0/testcontainers-keycloak-3.8.0.jar:/home/runner/.m2/repository/org/testcontainers/testcontainers/1.20.6/testcontainers-1.20.6.jar:/home/runner/.m2/repository/org/rnorth/duct-tape/duct-tape/1.0.8/duct-tape-1.0.8.jar:/home/runner/.m2/repository/com/github/docker-java/docker-java-transport-zerodep/3.4.1/docker-java-transport-zerodep-3.4.1.jar:/home/runner/.m2/repository/com/github/docker-java/docker-java-transport/3.4.1/docker-java-transport-3.4.1.jar:/home/runner/.m2/repository/net/java/dev/jna/jna/5.8.0/jna-5.8.0.jar:/home/runner/.m2/repository/io/quarkus/quarkus-junit4-mock/3.20.2/quarkus-junit4-mock-3.20.2.jar:/home/runner/.m2/repository/org/jboss/shrinkwrap/shrinkwrap-api/2.0.0-beta-2/shrinkwrap-api-2.0.0-beta-2.jar:/home/runner/.m2/repository/org/jboss/shrinkwrap/shrinkwrap-impl-base/2.0.0-beta-2/shrinkwrap-impl-base-2.0.0-beta-2.jar:/home/runner/.m2/repository/org/jboss/shrinkwrap/shrinkwrap-spi/2.0.0-beta-2/shrinkwrap-spi-2.0.0-beta-2.jar:/home/runner/.m2/repository/org/keycloak/keycloak-admin-client/26.0.4/keycloak-admin-client-26.0.4.jar:/home/runner/.m2/repository/org/keycloak/keycloak-client-common-synced/26.0.4/keycloak-client-common-synced-26.0.4.jar:/home/runner/.m2/repository/jakarta/activation/jakarta.activation-api/2.1.3/jakarta.activation-api-2.1.3.jar:/home/runner/.m2/repository/org/eclipse/microprofile/openapi/microprofile-openapi-api/4.0.2/microprofile-openapi-api-4.0.2.jar:/home/runner/.m2/repository/org/jboss/resteasy/resteasy-client/6.2.12.Final/resteasy-client-6.2.12.Final.jar:/home/runner/.m2/repository/org/jboss/resteasy/resteasy-client-api/6.2.12.Final/resteasy-client-api-6.2.12.Final.jar:/home/runner/.m2/repository/org/jboss/resteasy/resteasy-core-spi/6.2.12.Final/resteasy-core-spi-6.2.12.Final.jar:/home/runner/.m2/repository/org/jboss/resteasy/resteasy-core/6.2.12.Final/resteasy-core-6.2.12.Final.jar:/home/runner/.m2/repository/org/eclipse/angus/angus-activation/2.0.2/angus-activation-2.0.2.jar:/home/runner/.m2/repository/com/ibm/async/asyncutil/0.1.0/asyncutil-0.1.0.jar:/home/runner/.m2/repository/org/reactivestreams/reactive-streams/1.0.4/reactive-streams-1.0.4.jar:/home/runner/.m2/repository/org/jboss/resteasy/resteasy-multipart-provider/6.2.12.Final/resteasy-multipart-provider-6.2.12.Final.jar:/home/runner/.m2/repository/jakarta/mail/jakarta.mail-api/2.1.3/jakarta.mail-api-2.1.3.jar:/home/runner/.m2/repository/org/eclipse/angus/angus-mail/2.0.3/angus-mail-2.0.3.jar:/home/runner/.m2/repository/org/apache/james/apache-mime4j-dom/0.8.12/apache-mime4j-dom-0.8.12.jar:/home/runner/.m2/repository/org/apache/james/apache-mime4j-core/0.8.12/apache-mime4j-core-0.8.12.jar:/home/runner/.m2/repository/org/apache/james/apache-mime4j-storage/0.8.12/apache-mime4j-storage-0.8.12.jar:/home/runner/.m2/repository/org/jboss/resteasy/resteasy-jackson2-provider/6.2.12.Final/resteasy-jackson2-provider-6.2.12.Final.jar:/home/runner/.m2/repository/com/fasterxml/jackson/jakarta/rs/jackson-jakarta-rs-base/2.18.2/jackson-jakarta-rs-base-2.18.2.jar:/home/runner/.m2/repository/com/fasterxml/jackson/jakarta/rs/jackson-jakarta-rs-json-provider/2.18.2/jackson-jakarta-rs-json-provider-2.18.2.jar:/home/runner/.m2/repository/com/fasterxml/jackson/module/jackson-module-jakarta-xmlbind-annotations/2.18.2/jackson-module-jakarta-xmlbind-annotations-2.18.2.jar:/home/runner/.m2/repository/com/github/java-json-tools/json-patch/1.13/json-patch-1.13.jar:/home/runner/.m2/repository/com/github/java-json-tools/msg-simple/1.2/msg-simple-1.2.jar:/home/runner/.m2/repository/com/github/java-json-tools/btf/1.3/btf-1.3.jar:/home/runner/.m2/repository/com/github/java-json-tools/jackson-coreutils/2.0/jackson-coreutils-2.0.jar:/home/runner/.m2/repository/org/jboss/resteasy/resteasy-jaxb-provider/6.2.12.Final/resteasy-jaxb-provider-6.2.12.Final.jar:/home/runner/.m2/repository/org/glassfish/jaxb/codemodel/4.0.5/codemodel-4.0.5.jar:/home/runner/.m2/repository/org/glassfish/jaxb/jaxb-core/4.0.5/jaxb-core-4.0.5.jar:/home/runner/.m2/repository/org/glassfish/jaxb/jaxb-jxc/4.0.5/jaxb-jxc-4.0.5.jar:/home/runner/.m2/repository/org/glassfish/jaxb/jaxb-runtime/4.0.5/jaxb-runtime-4.0.5.jar:/home/runner/.m2/repository/org/glassfish/jaxb/txw2/4.0.5/txw2-4.0.5.jar:/home/runner/.m2/repository/org/glassfish/jaxb/jaxb-xjc/4.0.5/jaxb-xjc-4.0.5.jar:/home/runner/.m2/repository/org/glassfish/jaxb/xsom/4.0.5/xsom-4.0.5.jar:/home/runner/.m2/repository/com/sun/istack/istack-commons-runtime/4.1.2/istack-commons-runtime-4.1.2.jar:/home/runner/.m2/repository/com/sun/istack/istack-commons-tools/4.1.2/istack-commons-tools-4.1.2.jar:/home/runner/.m2/repository/com/sun/xml/bind/external/relaxng-datatype/4.0.5/relaxng-datatype-4.0.5.jar:/home/runner/.m2/repository/com/sun/xml/bind/external/rngom/4.0.5/rngom-4.0.5.jar:/home/runner/.m2/repository/org/testcontainers/mssqlserver/1.20.6/mssqlserver-1.20.6.jar:/home/runner/.m2/repository/org/testcontainers/jdbc/1.20.6/jdbc-1.20.6.jar:/home/runner/.m2/repository/org/testcontainers/database-commons/1.20.6/database-commons-1.20.6.jar:/home/runner/.m2/repository/org/testcontainers/mysql/1.20.6/mysql-1.20.6.jar:/home/runner/.m2/repository/io/strimzi/strimzi-test-container/0.111.0/strimzi-test-container-0.111.0.jar:/home/runner/.m2/repository/org/testcontainers/toxiproxy/1.20.6/toxiproxy-1.20.6.jar:/home/runner/.m2/repository/com/github/docker-java/docker-java-api/3.4.1/docker-java-api-3.4.1.jar:/home/runner/.m2/repository/org/apache/logging/log4j/log4j-slf4j-impl/2.19.0/log4j-slf4j-impl-2.19.0.jar:/home/runner/.m2/repository/org/apache/logging/log4j/log4j-api/2.24.3/log4j-api-2.24.3.jar:/home/runner/.m2/repository/org/apache/logging/log4j/log4j-core/2.19.0/log4j-core-2.19.0.jar:/home/runner/.m2/repository/eu/rekawek/toxiproxy/toxiproxy-java/2.1.7/toxiproxy-java-2.1.7.jar:/home/runner/.m2/repository/org/testcontainers/pulsar/1.21.3/pulsar-1.21.3.jar:/home/runner/.m2/repository/io/debezium/debezium-testing-testcontainers/2.7.4.Final/debezium-testing-testcontainers-2.7.4.Final.jar:/home/runner/.m2/repository/org/testcontainers/kafka/1.20.6/kafka-1.20.6.jar:/home/runner/.m2/repository/com/squareup/okhttp3/okhttp/4.8.1/okhttp-4.8.1.jar:/home/runner/.m2/repository/com/squareup/okio/okio/3.10.2/okio-3.10.2.jar:/home/runner/.m2/repository/com/squareup/okio/okio-jvm/3.10.2/okio-jvm-3.10.2.jar:/home/runner/.m2/repository/org/jetbrains/kotlin/kotlin-stdlib/2.0.21/kotlin-stdlib-2.0.21.jar:/home/runner/.m2/repository/org/awaitility/awaitility/4.3.0/awaitility-4.3.0.jar:/home/runner/.m2/repository/org/testcontainers/mongodb/1.20.6/mongodb-1.20.6.jar:/home/runner/.m2/repository/org/testcontainers/mariadb/1.20.6/mariadb-1.20.6.jar:/home/runner/.m2/repository/org/testcontainers/oracle-xe/1.20.6/oracle-xe-1.20.6.jar:/home/runner/.m2/repository/org/testcontainers/postgresql/1.20.6/postgresql-1.20.6.jar:/home/runner/.m2/repository/org/wiremock/wiremock/3.0.1/wiremock-3.0.1.jar:/home/runner/.m2/repository/org/eclipse/jetty/jetty-server/11.0.15/jetty-server-11.0.15.jar:/home/runner/.m2/repository/org/eclipse/jetty/toolchain/jetty-jakarta-servlet-api/5.0.2/jetty-jakarta-servlet-api-5.0.2.jar:/home/runner/.m2/repository/org/eclipse/jetty/jetty-http/11.0.15/jetty-http-11.0.15.jar:/home/runner/.m2/repository/org/eclipse/jetty/jetty-io/11.0.15/jetty-io-11.0.15.jar:/home/runner/.m2/repository/org/eclipse/jetty/jetty-servlet/11.0.15/jetty-servlet-11.0.15.jar:/home/runner/.m2/repository/org/eclipse/jetty/jetty-security/11.0.15/jetty-security-11.0.15.jar:/home/runner/.m2/repository/org/eclipse/jetty/jetty-servlets/11.0.15/jetty-servlets-11.0.15.jar:/home/runner/.m2/repository/org/eclipse/jetty/jetty-util/11.0.15/jetty-util-11.0.15.jar:/home/runner/.m2/repository/org/eclipse/jetty/jetty-webapp/11.0.15/jetty-webapp-11.0.15.jar:/home/runner/.m2/repository/org/eclipse/jetty/jetty-xml/11.0.15/jetty-xml-11.0.15.jar:/home/runner/.m2/repository/org/eclipse/jetty/jetty-proxy/11.0.15/jetty-proxy-11.0.15.jar:/home/runner/.m2/repository/org/eclipse/jetty/jetty-client/11.0.15/jetty-client-11.0.15.jar:/home/runner/.m2/repository/org/eclipse/jetty/http2/http2-server/11.0.15/http2-server-11.0.15.jar:/home/runner/.m2/repository/org/eclipse/jetty/http2/http2-common/11.0.15/http2-common-11.0.15.jar:/home/runner/.m2/repository/org/eclipse/jetty/http2/http2-hpack/11.0.15/http2-hpack-11.0.15.jar:/home/runner/.m2/repository/org/eclipse/jetty/jetty-alpn-server/11.0.15/jetty-alpn-server-11.0.15.jar:/home/runner/.m2/repository/org/eclipse/jetty/jetty-alpn-java-server/11.0.15/jetty-alpn-java-server-11.0.15.jar:/home/runner/.m2/repository/org/eclipse/jetty/jetty-alpn-java-client/11.0.15/jetty-alpn-java-client-11.0.15.jar:/home/runner/.m2/repository/org/eclipse/jetty/jetty-alpn-client/11.0.15/jetty-alpn-client-11.0.15.jar:/home/runner/.m2/repository/org/apache/httpcomponents/client5/httpclient5/5.2.1/httpclient5-5.2.1.jar:/home/runner/.m2/repository/org/apache/httpcomponents/core5/httpcore5/5.2/httpcore5-5.2.jar:/home/runner/.m2/repository/org/apache/httpcomponents/core5/httpcore5-h2/5.2/httpcore5-h2-5.2.jar:/home/runner/.m2/repository/org/xmlunit/xmlunit-core/2.9.1/xmlunit-core-2.9.1.jar:/home/runner/.m2/repository/jakarta/xml/bind/jakarta.xml.bind-api/4.0.2/jakarta.xml.bind-api-4.0.2.jar:/home/runner/.m2/repository/org/xmlunit/xmlunit-legacy/2.9.1/xmlunit-legacy-2.9.1.jar:/home/runner/.m2/repository/org/xmlunit/xmlunit-placeholders/2.9.1/xmlunit-placeholders-2.9.1.jar:/home/runner/.m2/repository/net/javacrumbs/json-unit/json-unit-core/2.38.0/json-unit-core-2.38.0.jar:/home/runner/.m2/repository/org/hamcrest/hamcrest-core/2.2/hamcrest-core-2.2.jar:/home/runner/.m2/repository/com/jayway/jsonpath/json-path/2.8.0/json-path-2.8.0.jar:/home/runner/.m2/repository/net/minidev/json-smart/2.4.10/json-smart-2.4.10.jar:/home/runner/.m2/repository/net/minidev/accessors-smart/2.4.9/accessors-smart-2.4.9.jar:/home/runner/.m2/repository/org/ow2/asm/asm/9.7.1/asm-9.7.1.jar:/home/runner/.m2/repository/net/sf/jopt-simple/jopt-simple/5.0.4/jopt-simple-5.0.4.jar:/home/runner/.m2/repository/com/github/jknack/handlebars/4.3.1/handlebars-4.3.1.jar:/home/runner/.m2/repository/com/github/jknack/handlebars-helpers/4.3.1/handlebars-helpers-4.3.1.jar:/home/runner/.m2/repository/commons-fileupload/commons-fileupload/1.5/commons-fileupload-1.5.jar:/home/runner/.m2/repository/com/networknt/json-schema-validator/1.5.8/json-schema-validator-1.5.8.jar:/home/runner/.m2/repository/com/ethlo/time/itu/1.10.3/itu-1.10.3.jar:/home/runner/.m2/repository/io/quarkus/quarkus-smallrye-jwt-build/3.20.2/quarkus-smallrye-jwt-build-3.20.2.jar:/home/runner/.m2/repository/io/smallrye/smallrye-jwt-build/4.6.2/smallrye-jwt-build-4.6.2.jar:/home/runner/.m2/repository/org/eclipse/microprofile/jwt/microprofile-jwt-auth-api/2.1/microprofile-jwt-auth-api-2.1.jar:/home/runner/.m2/repository/org/bitbucket/b_c/jose4j/0.9.6/jose4j-0.9.6.jar:/home/runner/.m2/repository/io/smallrye/smallrye-jwt-common/4.6.2/smallrye-jwt-common-4.6.2.jar:/home/runner/.m2/repository/io/quarkus/quarkus-jsonp/3.20.2/quarkus-jsonp-3.20.2.jar:/home/runner/.m2/repository/io/quarkus/quarkus-arc/3.20.2/quarkus-arc-3.20.2.jar:/home/runner/.m2/repository/io/quarkus/arc/arc/3.20.2/arc-3.20.2.jar:/home/runner/.m2/repository/jakarta/transaction/jakarta.transaction-api/2.0.1/jakarta.transaction-api-2.0.1.jar:/home/runner/.m2/repository/io/smallrye/reactive/mutiny/2.9.2/mutiny-2.9.2.jar:/home/runner/.m2/repository/org/jctools/jctools-core/4.0.5/jctools-core-4.0.5.jar:/home/runner/.m2/repository/org/eclipse/microprofile/context-propagation/microprofile-context-propagation-api/1.3/microprofile-context-propagation-api-1.3.jar:/home/runner/.m2/repository/io/apicurio/apicurio-common-rest-client-common/0.1.18.Final/apicurio-common-rest-client-common-0.1.18.Final.jar:/home/runner/work/apicurio-testing/apicurio-testing/clusters/ci419/namespaces/mysql/tests/integration/apicurio-registry/utils/maven-plugin/target/apicurio-registry-maven-plugin-3.0.14-SNAPSHOT.jar:/home/runner/.m2/repository/com/fasterxml/jackson/core/jackson-databind/2.18.2/jackson-databind-2.18.2.jar:/home/runner/.m2/repository/org/apache/avro/avro/1.12.0/avro-1.12.0.jar:/home/runner/.m2/repository/com/google/protobuf/protobuf-java/4.32.0/protobuf-java-4.32.0.jar:/home/runner/.m2/repository/com/google/protobuf/protobuf-java-util/4.32.0/protobuf-java-util-4.32.0.jar:/home/runner/.m2/repository/com/google/code/findbugs/jsr305/3.0.2/jsr305-3.0.2.jar:/home/runner/.m2/repository/com/google/code/gson/gson/2.12.1/gson-2.12.1.jar:/home/runner/.m2/repository/com/google/errorprone/error_prone_annotations/2.36.0/error_prone_annotations-2.36.0.jar:/home/runner/.m2/repository/com/google/j2objc/j2objc-annotations/2.8/j2objc-annotations-2.8.jar:/home/runner/work/apicurio-testing/apicurio-testing/clusters/ci419/namespaces/mysql/tests/integration/apicurio-registry/schema-util/util-provider/target/apicurio-registry-schema-util-provider-3.0.14-SNAPSHOT.jar:/home/runner/work/apicurio-testing/apicurio-testing/clusters/ci419/namespaces/mysql/tests/integration/apicurio-registry/schema-util/common/target/apicurio-registry-schema-util-common-3.0.14-SNAPSHOT.jar:/home/runner/.m2/repository/com/fasterxml/jackson/module/jackson-module-parameter-names/2.18.2/jackson-module-parameter-names-2.18.2.jar:/home/runner/.m2/repository/com/fasterxml/jackson/datatype/jackson-datatype-json-org/2.18.2/jackson-datatype-json-org-2.18.2.jar:/home/runner/work/apicurio-testing/apicurio-testing/clusters/ci419/namespaces/mysql/tests/integration/apicurio-registry/schema-util/json/target/apicurio-registry-schema-util-json-3.0.14-SNAPSHOT.jar:/home/runner/.m2/repository/com/github/erosb/everit-json-schema/1.14.5/everit-json-schema-1.14.5.jar:/home/runner/.m2/repository/commons-validator/commons-validator/1.9.0/commons-validator-1.9.0.jar:/home/runner/.m2/repository/commons-digester/commons-digester/2.1/commons-digester-2.1.jar:/home/runner/.m2/repository/commons-collections/commons-collections/3.2.2/commons-collections-3.2.2.jar:/home/runner/.m2/repository/com/damnhandy/handy-uri-templates/2.1.8/handy-uri-templates-2.1.8.jar:/home/runner/.m2/repository/joda-time/joda-time/2.10.2/joda-time-2.10.2.jar:/home/runner/.m2/repository/com/github/erosb/json-sKema/0.20.0/json-sKema-0.20.0.jar:/home/runner/.m2/repository/io/vertx/vertx-json-schema/4.5.16/vertx-json-schema-4.5.16.jar:/home/runner/work/apicurio-testing/apicurio-testing/clusters/ci419/namespaces/mysql/tests/integration/apicurio-registry/schema-util/protobuf/target/apicurio-registry-schema-util-protobuf-3.0.14-SNAPSHOT.jar:/home/runner/work/apicurio-testing/apicurio-testing/clusters/ci419/namespaces/mysql/tests/integration/apicurio-registry/utils/protobuf-schema-utilities/target/apicurio-registry-protobuf-schema-utilities-3.0.14-SNAPSHOT.jar:/home/runner/.m2/repository/com/google/api/grpc/proto-google-common-protos/2.52.0/proto-google-common-protos-2.52.0.jar:/home/runner/.m2/repository/com/squareup/wire/wire-schema-jvm/5.3.3/wire-schema-jvm-5.3.3.jar:/home/runner/.m2/repository/com/palantir/javapoet/javapoet/0.6.0/javapoet-0.6.0.jar:/home/runner/.m2/repository/com/squareup/kotlinpoet-jvm/2.0.0/kotlinpoet-jvm-2.0.0.jar:/home/runner/.m2/repository/org/jetbrains/kotlin/kotlin-reflect/2.0.21/kotlin-reflect-2.0.21.jar:/home/runner/.m2/repository/com/squareup/wire/wire-runtime-jvm/5.3.3/wire-runtime-jvm-5.3.3.jar:/home/runner/.m2/repository/com/ibm/icu/icu4j/76.1/icu4j-76.1.jar:/home/runner/.m2/repository/com/squareup/okio/okio-fakefilesystem/3.10.2/okio-fakefilesystem-3.10.2.jar:/home/runner/.m2/repository/com/squareup/okio/okio-fakefilesystem-jvm/3.10.2/okio-fakefilesystem-jvm-3.10.2.jar:/home/runner/.m2/repository/org/jetbrains/kotlinx/kotlinx-datetime-jvm/0.6.1/kotlinx-datetime-jvm-0.6.1.jar:/home/runner/work/apicurio-testing/apicurio-testing/clusters/ci419/namespaces/mysql/tests/integration/apicurio-registry/schema-util/asyncapi/target/apicurio-registry-schema-util-asyncapi-3.0.14-SNAPSHOT.jar:/home/runner/work/apicurio-testing/apicurio-testing/clusters/ci419/namespaces/mysql/tests/integration/apicurio-registry/schema-util/avro/target/apicurio-registry-schema-util-avro-3.0.14-SNAPSHOT.jar:/home/runner/work/apicurio-testing/apicurio-testing/clusters/ci419/namespaces/mysql/tests/integration/apicurio-registry/schema-util/graphql/target/apicurio-registry-schema-util-graphql-3.0.14-SNAPSHOT.jar:/home/runner/.m2/repository/com/graphql-java/graphql-java/22.4/graphql-java-22.4.jar:/home/runner/.m2/repository/com/graphql-java/java-dataloader/3.3.0/java-dataloader-3.3.0.jar:/home/runner/work/apicurio-testing/apicurio-testing/clusters/ci419/namespaces/mysql/tests/integration/apicurio-registry/schema-util/kconnect/target/apicurio-registry-schema-util-kconnect-3.0.14-SNAPSHOT.jar:/home/runner/work/apicurio-testing/apicurio-testing/clusters/ci419/namespaces/mysql/tests/integration/apicurio-registry/schema-util/openapi/target/apicurio-registry-schema-util-openapi-3.0.14-SNAPSHOT.jar:/home/runner/.m2/repository/io/apicurio/apicurio-data-models/2.2.2/apicurio-data-models-2.2.2.jar:/home/runner/.m2/repository/org/slf4j/jcl-over-slf4j/2.0.6/jcl-over-slf4j-2.0.6.jar:/home/runner/.m2/repository/org/openapitools/openapidiff/openapi-diff-core/2.1.2/openapi-diff-core-2.1.2.jar:/home/runner/.m2/repository/io/swagger/parser/v3/swagger-parser/2.1.28/swagger-parser-2.1.28.jar:/home/runner/.m2/repository/io/swagger/parser/v3/swagger-parser-v2-converter/2.1.28/swagger-parser-v2-converter-2.1.28.jar:/home/runner/.m2/repository/io/swagger/swagger-core/1.6.16/swagger-core-1.6.16.jar:/home/runner/.m2/repository/io/swagger/swagger-models/1.6.16/swagger-models-1.6.16.jar:/home/runner/.m2/repository/io/swagger/swagger-annotations/1.6.16/swagger-annotations-1.6.16.jar:/home/runner/.m2/repository/io/swagger/swagger-parser/1.0.75/swagger-parser-1.0.75.jar:/home/runner/.m2/repository/io/swagger/swagger-parser-safe-url-resolver/1.0.75/swagger-parser-safe-url-resolver-1.0.75.jar:/home/runner/.m2/repository/io/swagger/swagger-compat-spec-parser/1.0.75/swagger-compat-spec-parser-1.0.75.jar:/home/runner/.m2/repository/com/github/java-json-tools/json-schema-validator/2.2.14/json-schema-validator-2.2.14.jar:/home/runner/.m2/repository/com/github/java-json-tools/jackson-coreutils-equivalence/1.0/jackson-coreutils-equivalence-1.0.jar:/home/runner/.m2/repository/com/github/java-json-tools/json-schema-core/1.2.14/json-schema-core-1.2.14.jar:/home/runner/.m2/repository/com/github/java-json-tools/uri-template/0.10/uri-template-0.10.jar:/home/runner/.m2/repository/com/googlecode/libphonenumber/libphonenumber/8.11.1/libphonenumber-8.11.1.jar:/home/runner/.m2/repository/com/j2html/j2html/1.6.0/j2html-1.6.0.jar:/home/runner/.m2/repository/org/apache/commons/commons-collections4/4.5.0/commons-collections4-4.5.0.jar:/home/runner/.m2/repository/io/swagger/parser/v3/swagger-parser-v3/2.1.31/swagger-parser-v3-2.1.31.jar:/home/runner/.m2/repository/io/swagger/core/v3/swagger-models/2.2.34/swagger-models-2.2.34.jar:/home/runner/.m2/repository/io/swagger/core/v3/swagger-core/2.2.34/swagger-core-2.2.34.jar:/home/runner/.m2/repository/io/swagger/parser/v3/swagger-parser-core/2.1.31/swagger-parser-core-2.1.31.jar:/home/runner/.m2/repository/io/swagger/parser/v3/swagger-parser-safe-url-resolver/2.1.31/swagger-parser-safe-url-resolver-2.1.31.jar:/home/runner/work/apicurio-testing/apicurio-testing/clusters/ci419/namespaces/mysql/tests/integration/apicurio-registry/schema-util/wsdl/target/apicurio-registry-schema-util-wsdl-3.0.14-SNAPSHOT.jar:/home/runner/.m2/repository/wsdl4j/wsdl4j/1.6.3/wsdl4j-1.6.3.jar:/home/runner/work/apicurio-testing/apicurio-testing/clusters/ci419/namespaces/mysql/tests/integration/apicurio-registry/schema-util/xml/target/apicurio-registry-schema-util-xml-3.0.14-SNAPSHOT.jar:/home/runner/.m2/repository/org/apache/santuario/xmlsec/4.0.4/xmlsec-4.0.4.jar:/home/runner/.m2/repository/com/fasterxml/woodstox/woodstox-core/7.1.1/woodstox-core-7.1.1.jar:/home/runner/.m2/repository/org/codehaus/woodstox/stax2-api/4.2.2/stax2-api-4.2.2.jar:/home/runner/work/apicurio-testing/apicurio-testing/clusters/ci419/namespaces/mysql/tests/integration/apicurio-registry/schema-util/xsd/target/apicurio-registry-schema-util-xsd-3.0.14-SNAPSHOT.jar:/home/runner/work/apicurio-testing/apicurio-testing/clusters/ci419/namespaces/mysql/tests/integration/apicurio-registry/serdes/kafka/jsonschema-serde/target/apicurio-registry-jsonschema-serde-kafka-3.0.14-SNAPSHOT.jar:/home/runner/work/apicurio-testing/apicurio-testing/clusters/ci419/namespaces/mysql/tests/integration/apicurio-registry/serdes/kafka/serde-kafka-common/target/apicurio-registry-serde-kafka-common-3.0.14-SNAPSHOT.jar:/home/runner/work/apicurio-testing/apicurio-testing/clusters/ci419/namespaces/mysql/tests/integration/apicurio-registry/serdes/generic/serde-common/target/apicurio-registry-serde-common-3.0.14-SNAPSHOT.jar:/home/runner/work/apicurio-testing/apicurio-testing/clusters/ci419/namespaces/mysql/tests/integration/apicurio-registry/serdes/generic/serde-common-jsonschema/target/apicurio-registry-serde-common-jsonschema-3.0.14-SNAPSHOT.jar:/home/runner/.m2/repository/org/json/json/20250107/json-20250107.jar:/home/runner/work/apicurio-testing/apicurio-testing/clusters/ci419/namespaces/mysql/tests/integration/apicurio-registry/serdes/kafka/avro-serde/target/apicurio-registry-avro-serde-kafka-3.0.14-SNAPSHOT.jar:/home/runner/work/apicurio-testing/apicurio-testing/clusters/ci419/namespaces/mysql/tests/integration/apicurio-registry/serdes/generic/serde-common-avro/target/apicurio-registry-serde-common-avro-3.0.14-SNAPSHOT.jar:/home/runner/work/apicurio-testing/apicurio-testing/clusters/ci419/namespaces/mysql/tests/integration/apicurio-registry/serdes/kafka/protobuf-serde/target/apicurio-registry-protobuf-serde-kafka-3.0.14-SNAPSHOT.jar:/home/runner/work/apicurio-testing/apicurio-testing/clusters/ci419/namespaces/mysql/tests/integration/apicurio-registry/serdes/generic/serde-common-protobuf/target/apicurio-registry-serde-common-protobuf-3.0.14-SNAPSHOT.jar:/home/runner/.m2/repository/com/squareup/wire/wire-schema/5.3.3/wire-schema-5.3.3.jar:/home/runner/.m2/repository/com/squareup/wire/wire-runtime/5.3.3/wire-runtime-5.3.3.jar:/home/runner/work/apicurio-testing/apicurio-testing/clusters/ci419/namespaces/mysql/tests/integration/apicurio-registry/serdes/pulsar/avro-serde/target/apicurio-registry-avro-serde-pulsar-3.0.14-SNAPSHOT.jar:/home/runner/.m2/repository/org/apache/pulsar/pulsar-functions-api/3.3.8/pulsar-functions-api-3.3.8.jar:/home/runner/work/apicurio-testing/apicurio-testing/clusters/ci419/namespaces/mysql/tests/integration/apicurio-registry/serdes/nats/avro-serde/target/apicurio-registry-avro-serde-nats-3.0.14-SNAPSHOT.jar:/home/runner/.m2/repository/io/nats/jnats/2.21.4/jnats-2.21.4.jar:/home/runner/.m2/repository/org/bouncycastle/bcprov-lts8on/2.73.7/bcprov-lts8on-2.73.7.jar:/home/runner/.m2/repository/org/jetbrains/annotations/26.0.2/annotations-26.0.2.jar:/home/runner/work/apicurio-testing/apicurio-testing/clusters/ci419/namespaces/mysql/tests/integration/apicurio-registry/utils/converter/target/apicurio-registry-utils-converter-3.0.14-SNAPSHOT.jar:/home/runner/work/apicurio-testing/apicurio-testing/clusters/ci419/namespaces/mysql/tests/integration/apicurio-registry/schema-resolver/target/apicurio-registry-schema-resolver-3.0.14-SNAPSHOT.jar:/home/runner/.m2/repository/org/apache/kafka/connect-api/3.9.1/connect-api-3.9.1.jar:/home/runner/.m2/repository/javax/ws/rs/javax.ws.rs-api/2.1.1/javax.ws.rs-api-2.1.1.jar:/home/runner/.m2/repository/org/apache/kafka/connect-json/3.9.1/connect-json-3.9.1.jar:/home/runner/.m2/repository/com/fasterxml/jackson/datatype/jackson-datatype-jdk8/2.18.2/jackson-datatype-jdk8-2.18.2.jar:/home/runner/.m2/repository/com/fasterxml/jackson/module/jackson-module-afterburner/2.18.2/jackson-module-afterburner-2.18.2.jar:/home/runner/work/apicurio-testing/apicurio-testing/clusters/ci419/namespaces/mysql/tests/integration/apicurio-registry/utils/kafka/target/apicurio-registry-utils-kafka-3.0.14-SNAPSHOT.jar:/home/runner/.m2/repository/org/apache/pulsar/pulsar-client/3.3.8/pulsar-client-3.3.8.jar:/home/runner/.m2/repository/org/apache/pulsar/pulsar-client-api/3.3.8/pulsar-client-api-3.3.8.jar:/home/runner/.m2/repository/org/apache/pulsar/pulsar-client-admin-api/3.3.8/pulsar-client-admin-api-3.3.8.jar:/home/runner/.m2/repository/org/apache/pulsar/bouncy-castle-bc/3.3.8/bouncy-castle-bc-3.3.8-pkg.jar:/home/runner/.m2/repository/org/bouncycastle/bcpkix-jdk18on/1.81/bcpkix-jdk18on-1.81.jar:/home/runner/.m2/repository/org/bouncycastle/bcutil-jdk18on/1.81/bcutil-jdk18on-1.81.jar:/home/runner/.m2/repository/org/bouncycastle/bcprov-jdk18on/1.81/bcprov-jdk18on-1.81.jar:/home/runner/.m2/repository/io/opentelemetry/opentelemetry-api/1.44.1/opentelemetry-api-1.44.1.jar:/home/runner/.m2/repository/io/opentelemetry/opentelemetry-context/1.44.1/opentelemetry-context-1.44.1.jar:/home/runner/.m2/repository/io/opentelemetry/opentelemetry-api-incubator/1.44.1-alpha/opentelemetry-api-incubator-1.44.1-alpha.jar:/home/runner/.m2/repository/com/fasterxml/jackson/core/jackson-annotations/2.18.2/jackson-annotations-2.18.2.jar:/home/runner/.m2/repository/javax/validation/validation-api/1.1.0.Final/validation-api-1.1.0.Final.jar:/home/runner/.m2/repository/org/jspecify/jspecify/1.0.0/jspecify-1.0.0.jar:/home/runner/.m2/repository/org/apache/commons/commons-configuration2/2.12.0/commons-configuration2-2.12.0.jar:/home/runner/.m2/repository/commons-logging/commons-logging/1.3.5/commons-logging-1.3.5.jar:/home/runner/.m2/repository/org/apache/commons/commons-text/1.13.0/commons-text-1.13.0.jar:/home/runner/.m2/repository/io/confluent/kafka-avro-serializer/8.0.0/kafka-avro-serializer-8.0.0.jar:/home/runner/.m2/repository/org/apache/commons/commons-compress/1.27.1/commons-compress-1.27.1.jar:/home/runner/.m2/repository/io/confluent/kafka-schema-serializer/8.0.0/kafka-schema-serializer-8.0.0.jar:/home/runner/.m2/repository/com/fasterxml/jackson/dataformat/jackson-dataformat-csv/2.18.2/jackson-dataformat-csv-2.18.2.jar:/home/runner/.m2/repository/io/confluent/kafka-schema-registry-client/8.0.0/kafka-schema-registry-client-8.0.0.jar:/home/runner/.m2/repository/org/yaml/snakeyaml/2.3/snakeyaml-2.3.jar:/home/runner/.m2/repository/io/swagger/core/v3/swagger-annotations/2.2.29/swagger-annotations-2.2.29.jar:/home/runner/.m2/repository/com/google/guava/guava/33.4.0-jre/guava-33.4.0-jre.jar:/home/runner/.m2/repository/com/google/guava/failureaccess/1.0.1/failureaccess-1.0.1.jar:/home/runner/.m2/repository/org/checkerframework/checker-qual/3.49.0/checker-qual-3.49.0.jar:/home/runner/.m2/repository/io/confluent/logredactor/1.0.13/logredactor-1.0.13.jar:/home/runner/.m2/repository/com/google/re2j/re2j/1.6/re2j-1.6.jar:/home/runner/.m2/repository/io/confluent/logredactor-metrics/1.0.13/logredactor-metrics-1.0.13.jar:/home/runner/.m2/repository/com/eclipsesource/minimal-json/minimal-json/0.9.5/minimal-json-0.9.5.jar:/home/runner/.m2/repository/io/confluent/common-utils/8.0.0/common-utils-8.0.0.jar:/home/runner/.m2/repository/io/confluent/kafka-connect-avro-converter/8.0.0/kafka-connect-avro-converter-8.0.0.jar:/home/runner/.m2/repository/io/confluent/kafka-connect-avro-data/8.0.0/kafka-connect-avro-data-8.0.0.jar:/home/runner/.m2/repository/io/confluent/kafka-schema-converter/8.0.0/kafka-schema-converter-8.0.0.jar:/home/runner/.m2/repository/io/rest-assured/rest-assured/5.5.1/rest-assured-5.5.1.jar:/home/runner/.m2/repository/org/apache/groovy/groovy/4.0.22/groovy-4.0.22.jar:/home/runner/.m2/repository/org/apache/groovy/groovy-xml/4.0.22/groovy-xml-4.0.22.jar:/home/runner/.m2/repository/org/apache/httpcomponents/httpclient/4.5.14/httpclient-4.5.14.jar:/home/runner/.m2/repository/org/apache/httpcomponents/httpcore/4.4.16/httpcore-4.4.16.jar:/home/runner/.m2/repository/org/apache/httpcomponents/httpmime/4.5.14/httpmime-4.5.14.jar:/home/runner/.m2/repository/org/hamcrest/hamcrest/2.2/hamcrest-2.2.jar:/home/runner/.m2/repository/org/ccil/cowan/tagsoup/tagsoup/1.2.1/tagsoup-1.2.1.jar:/home/runner/.m2/repository/io/rest-assured/json-path/5.5.1/json-path-5.5.1.jar:/home/runner/.m2/repository/org/apache/groovy/groovy-json/4.0.22/groovy-json-4.0.22.jar:/home/runner/.m2/repository/io/rest-assured/rest-assured-common/5.5.1/rest-assured-common-5.5.1.jar:/home/runner/.m2/repository/io/rest-assured/xml-path/5.5.1/xml-path-5.5.1.jar:/home/runner/.m2/repository/io/zonky/test/embedded-postgres/2.1.0/embedded-postgres-2.1.0.jar:/home/runner/.m2/repository/io/zonky/test/postgres/embedded-postgres-binaries-windows-amd64/14.15.0/embedded-postgres-binaries-windows-amd64-14.15.0.jar:/home/runner/.m2/repository/io/zonky/test/postgres/embedded-postgres-binaries-darwin-amd64/14.15.0/embedded-postgres-binaries-darwin-amd64-14.15.0.jar:/home/runner/.m2/repository/io/zonky/test/postgres/embedded-postgres-binaries-linux-amd64/14.15.0/embedded-postgres-binaries-linux-amd64-14.15.0.jar:/home/runner/.m2/repository/io/zonky/test/postgres/embedded-postgres-binaries-linux-amd64-alpine/14.15.0/embedded-postgres-binaries-linux-amd64-alpine-14.15.0.jar:/home/runner/.m2/repository/org/apache/commons/commons-lang3/3.17.0/commons-lang3-3.17.0.jar:/home/runner/.m2/repository/org/tukaani/xz/1.10/xz-1.10.jar:/home/runner/.m2/repository/commons-codec/commons-codec/1.19.0/commons-codec-1.19.0.jar:/home/runner/.m2/repository/org/postgresql/postgresql/42.7.7/postgresql-42.7.7.jar:/home/runner/.m2/repository/commons-io/commons-io/2.18.0/commons-io-2.18.0.jar:/home/runner/work/apicurio-testing/apicurio-testing/clusters/ci419/namespaces/mysql/tests/integration/apicurio-registry/utils/importexport/target/apicurio-registry-utils-import-export-3.0.14-SNAPSHOT.jar:/home/runner/.m2/repository/io/vertx/vertx-core/4.5.16/vertx-core-4.5.16.jar:/home/runner/.m2/repository/io/netty/netty-common/4.1.121.Final/netty-common-4.1.121.Final.jar:/home/runner/.m2/repository/io/netty/netty-buffer/4.1.121.Final/netty-buffer-4.1.121.Final.jar:/home/runner/.m2/repository/io/netty/netty-transport/4.1.121.Final/netty-transport-4.1.121.Final.jar:/home/runner/.m2/repository/io/netty/netty-handler/4.1.121.Final/netty-handler-4.1.121.Final.jar:/home/runner/.m2/repository/io/netty/netty-transport-native-unix-common/4.1.121.Final/netty-transport-native-unix-common-4.1.121.Final.jar:/home/runner/.m2/repository/io/netty/netty-codec/4.1.121.Final/netty-codec-4.1.121.Final.jar:/home/runner/.m2/repository/io/netty/netty-handler-proxy/4.1.121.Final/netty-handler-proxy-4.1.121.Final.jar:/home/runner/.m2/repository/io/netty/netty-codec-socks/4.1.121.Final/netty-codec-socks-4.1.121.Final.jar:/home/runner/.m2/repository/io/netty/netty-codec-http/4.1.121.Final/netty-codec-http-4.1.121.Final.jar:/home/runner/.m2/repository/io/netty/netty-codec-http2/4.1.121.Final/netty-codec-http2-4.1.121.Final.jar:/home/runner/.m2/repository/io/netty/netty-resolver/4.1.121.Final/netty-resolver-4.1.121.Final.jar:/home/runner/.m2/repository/io/netty/netty-resolver-dns/4.1.121.Final/netty-resolver-dns-4.1.121.Final.jar:/home/runner/.m2/repository/io/netty/netty-codec-dns/4.1.121.Final/netty-codec-dns-4.1.121.Final.jar:/home/runner/.m2/repository/com/fasterxml/jackson/core/jackson-core/2.18.2/jackson-core-2.18.2.jar:"/>
    <property name="sun.cpu.endian" value="little"/>
    <property name="user.home" value="/home/runner"/>
    <property name="user.language" value="en"/>
    <property name="jboss.log-version" value="false"/>
    <property name="java.specification.vendor" value="Oracle Corporation"/>
    <property name="java.version.date" value="2025-07-15"/>
    <property name="java.home" value="/usr/lib/jvm/temurin-17-jdk-amd64"/>
    <property name="file.separator" value="/"/>
    <property name="basedir" value="/home/runner/work/apicurio-testing/apicurio-testing/clusters/ci419/namespaces/mysql/tests/integration/apicurio-registry/integration-tests"/>
    <property name="java.vm.compressedOopsMode" value="Zero based"/>
    <property name="line.separator" value="&#10;"/>
    <property name="java.specification.name" value="Java Platform API Specification"/>
    <property name="java.vm.specification.vendor" value="Oracle Corporation"/>
    <property name="quarkus.http.test-host" value="registry-app-mysql.apps.ci419.apicurio-testing.org"/>
    <property name="surefire.real.class.path" value="/home/runner/work/apicurio-testing/apicurio-testing/clusters/ci419/namespaces/mysql/tests/integration/apicurio-registry/integration-tests/target/surefire/surefirebooter-20250903135343954_3.jar"/>
    <property name="sun.management.compiler" value="HotSpot 64-Bit Tiered Compilers"/>
    <property name="org.eclipse.jetty.http.HttpGenerator.STRICT" value="true"/>
    <property name="java.runtime.version" value="17.0.16+8"/>
    <property name="user.name" value="runner"/>
    <property name="path.separator" value=":"/>
    <property name="os.version" value="6.11.0-1018-azure"/>
    <property name="java.runtime.name" value="OpenJDK Runtime Environment"/>
    <property name="file.encoding" value="UTF-8"/>
    <property name="jnidispatch.path" value="/home/runner/.cache/JNA/temp/jna18319004488796556545.tmp"/>
    <property name="java.vm.name" value="OpenJDK 64-Bit Server VM"/>
    <property name="jna.platform.library.path" value="/usr/lib/x86_64-linux-gnu:/lib/x86_64-linux-gnu:/usr/lib64:/lib64:/usr/lib:/lib:/lib32:/usr/local/lib:/usr/lib/x86_64-linux-gnu/libfakeroot"/>
    <property name="java.vendor.version" value="Temurin-17.0.16+8"/>
    <property name="quarkus.oidc.token-path" value="https://keycloak-mysql.apps.ci419.apicurio-testing.org/realms/registry/protocol/openid-connect/token"/>
    <property name="quarkus.http.host" value="registry-app-mysql.apps.ci419.apicurio-testing.org"/>
    <property name="localRepository" value="/home/runner/.m2/repository"/>
    <property name="javax.xml.xpath.XPathFactory:http://java.sun.com/jaxp/xpath/dom" value="com.sun.org.apache.xpath.internal.jaxp.XPathFactoryImpl"/>
    <property name="jna.loaded" value="true"/>
    <property name="java.vendor.url.bug" value="https://github.com/adoptium/adoptium-support/issues"/>
    <property name="jetty.git.hash" value="5bc5e562c8d05c5862505aebe5cf83a61bdbcb96"/>
    <property name="java.io.tmpdir" value="/tmp"/>
    <property name="quarkus.http.test-protocol" value="http"/>
    <property name="java.version" value="17.0.16"/>
    <property name="user.dir" value="/home/runner/work/apicurio-testing/apicurio-testing/clusters/ci419/namespaces/mysql/tests/integration/apicurio-registry/integration-tests"/>
    <property name="os.arch" value="amd64"/>
    <property name="groups" value="( smoke | serdes | acceptance | ui)"/>
    <property name="java.vm.specification.name" value="Java Virtual Machine Specification"/>
    <property name="native.encoding" value="UTF-8"/>
    <property name="java.util.logging.manager" value="org.jboss.logmanager.LogManager"/>
    <property name="java.library.path" value="/usr/java/packages/lib:/usr/lib64:/lib64:/lib:/usr/lib"/>
    <property name="jdk.console" value="java.base"/>
    <property name="java.vm.info" value="mixed mode, sharing"/>
    <property name="java.vendor" value="Eclipse Adoptium"/>
    <property name="java.vm.version" value="17.0.16+8"/>
    <property name="java.specification.maintenance.version" value="1"/>
    <property name="sun.io.unicode.encoding" value="UnicodeLittle"/>
    <property name="javax.xml.transform.TransformerFactory" value="com.sun.org.apache.xalan.internal.xsltc.trax.TransformerFactoryImpl"/>
    <property name="java.class.version" value="61.0"/>
  </properties>
  <testcase name="testEvolveAvroConfluent" classname="io.apicurio.tests.serdes.confluent.BasicConfluentSerDesIT" time="13.691">
    <system-out><![CDATA[**** Registry Base URL: http://registry-app-mysql.apps.ci419.apicurio-testing.org:80
**** Registry Base URL: http://registry-app-mysql.apps.ci419.apicurio-testing.org:80
2025-09-03 13:57:22,740 INFO  [io.api.tes.ser.con.BasicConfluentSerDesIT] (main) RestAssured configured with http://registry-app-mysql.apps.ci419.apicurio-testing.org:80/apis/registry/v3
**** Registry Base URL: http://registry-app-mysql.apps.ci419.apicurio-testing.org:80
2025-09-03 13:57:23,001 INFO  [io.api.tes.ser.con.BasicConfluentSerDesIT] (main) Deleting confluent schema subj_cbcf52b0_2a43_441e_b49a_d91b3d71e959-value
2025-09-03 13:57:23,048 INFO  [io.api.tes.ser.con.BasicConfluentSerDesIT] (main) Deleting confluent schema subj_9ea844d2_c5e9_4ceb_ba96_b9cdcb8147aa-value
2025-09-03 13:57:23,093 INFO  [io.api.tes.ser.con.BasicConfluentSerDesIT] (main) Deleting confluent schema CUSTOMERS-value
2025-09-03 13:57:23,140 INFO  [io.api.tes.ser.con.BasicConfluentSerDesIT] (main) Deleting confluent schema CUSTOMERS.Value
2025-09-03 13:57:23,184 INFO  [io.api.tes.ser.con.BasicConfluentSerDesIT] (main) Deleting confluent schema CUSTOMERS-key
2025-09-03 13:57:23,229 INFO  [io.api.tes.ser.con.BasicConfluentSerDesIT] (main) Deleting confluent schema subj_4d4b473b_6bdd_4dce_bbad_7538c4f68008-value
2025-09-03 13:57:23,272 INFO  [io.api.tes.ser.con.BasicConfluentSerDesIT] (main) Deleting confluent schema topic-f9cd0b3e_cd63_466d_bb57_d8d1c555600e-value
2025-09-03 13:57:23,317 INFO  [io.api.tes.ser.con.BasicConfluentSerDesIT] (main) Deleting confluent schema topic-fbe041ce_29f1_45fb_9576_8412822e0a93-value
2025-09-03 13:57:23,361 INFO  [io.api.tes.ser.con.BasicConfluentSerDesIT] (main) Deleting confluent schema topic-1df549ad_0bb0_4484_8fe0_b15d8239069f-value
2025-09-03 13:57:23,404 INFO  [io.api.tes.ser.con.BasicConfluentSerDesIT] (main) Deleting confluent schema topic-f12845cd_c988_4177_8352_c794434f6a60-value
2025-09-03 13:57:23,447 INFO  [io.api.tes.ser.con.BasicConfluentSerDesIT] (main) Deleting confluent schema topic-4a7d0ce0_f7ba_4658_81b3_4327592fba1d-value
2025-09-03 13:57:23,492 INFO  [io.api.tes.ser.con.BasicConfluentSerDesIT] (main) Deleting confluent schema topic-0c568ca0_2f4f_4f67_815a_b715aa441a58-value
2025-09-03 13:57:23,536 INFO  [io.api.tes.ser.con.BasicConfluentSerDesIT] (main) Deleting confluent schema myrecordconfluent
2025-09-03 13:57:23,579 INFO  [io.api.tes.ser.con.BasicConfluentSerDesIT] (main) Deleting confluent schema topic-ca078140_2858_47d6_a58b_e84cbfa14c91
2025-09-03 13:57:23,622 INFO  [io.api.tes.ser.con.BasicConfluentSerDesIT] (main) Deleting confluent schema topic-912288a7_affc_4ee4_8a7b_07e926b6b7d7-value
2025-09-03 13:57:23,667 INFO  [io.api.tes.ser.con.BasicConfluentSerDesIT] (main) Deleting confluent schema topic-8d201011_fdf2_44fc_819d_226c211d825a
2025-09-03 13:57:23,710 INFO  [io.api.tes.ser.con.BasicConfluentSerDesIT] (main) Deleting confluent schema topic-a1c11a6d_e07c_402f_b65d_9af303861c5b-value
2025-09-03 13:57:23,754 INFO  [io.api.tes.ser.con.BasicConfluentSerDesIT] (main) Deleting confluent schema topic-27ec6143_cef9_4a36_8dfe_600112334d04
2025-09-03 13:57:23,799 INFO  [io.api.tes.ser.con.BasicConfluentSerDesIT] (main) Deleting confluent schema topic-9f19425b_487c_470a_a819_f544a8a7cc6a
2025-09-03 13:57:23,842 INFO  [io.api.tes.ser.con.BasicConfluentSerDesIT] (main) Deleting confluent schema topic-71c94171_e459_4134_8212_c58c2ac9b3b8-value
2025-09-03 13:57:23,884 INFO  [io.api.tes.ser.con.BasicConfluentSerDesIT] (main) Deleting confluent schema se9386d50x2642x449fxb717x2ce7e1056b9f-value
2025-09-03 13:57:23,928 INFO  [io.api.tes.ser.con.BasicConfluentSerDesIT] (main) Deleting confluent schema google/protobuf/timestamp.proto
2025-09-03 13:57:23,972 INFO  [io.api.tes.ser.con.BasicConfluentSerDesIT] (main) Deleting confluent schema topic-71a44f88_e20b_4a72_959e_290978b6d348-value
2025-09-03 13:57:24,016 INFO  [io.api.tes.ser.con.BasicConfluentSerDesIT] (main) Deleting confluent schema topic-230b46d5_293b_42a3_9a29_3ef7f157e1cf-value
2025-09-03 13:57:24,058 INFO  [io.api.tes.ser.con.BasicConfluentSerDesIT] (main) Deleting confluent schema sb7a8c1e6x3c4dx4e46x8112x9991f4574bd0-value
2025-09-03 13:57:24,102 INFO  [io.api.tes.ser.con.BasicConfluentSerDesIT] (main) Deleting confluent schema topic-47d049a3_5317_4da0_ba69_3616b069c484-value
2025-09-03 13:57:24,145 INFO  [io.api.tes.ser.con.BasicConfluentSerDesIT] (main) Deleting confluent schema s6b6d5cc7x3474x432exb98dx445d3520755b-value
2025-09-03 13:57:24,190 INFO  [io.api.tes.ser.con.BasicConfluentSerDesIT] (main) Deleting confluent schema topic-de257cee_22b4_4c24_962a_3a7987d27f54-value
2025-09-03 13:57:24,233 INFO  [io.api.tes.ser.con.BasicConfluentSerDesIT] (main) Deleting confluent schema topic-78d434dc_c5d9_4c4d_aea9_aa48def9e643-value
2025-09-03 13:57:24,275 INFO  [io.api.tes.ser.con.BasicConfluentSerDesIT] (main) Deleting confluent schema topic-53cf399b_c85c_4435_961c_7f95109e3bf5
2025-09-03 13:57:24,319 INFO  [io.api.tes.ser.con.BasicConfluentSerDesIT] (main) Deleting confluent schema topic-3afb6b70_365d_4c54_b68f_4f22920a5438
2025-09-03 13:57:24,363 INFO  [io.api.tes.ser.con.BasicConfluentSerDesIT] (main) Deleting confluent schema topic-9f4d0eae_6ad1_4e4c_a98b_80595786d9a0-value
2025-09-03 13:57:24,407 INFO  [io.api.tes.ser.con.BasicConfluentSerDesIT] (main) Deleting confluent schema topic-888f0e5e_5bb7_4e9d_b142_fe3649ae27f1-value
2025-09-03 13:57:24,451 INFO  [io.api.tes.ser.con.BasicConfluentSerDesIT] (main) Deleting confluent schema topic-9d75d798_e6ae_4f4b_9fb1_39fa181b37c2-value
2025-09-03 13:57:24,501 INFO  [io.api.tes.uti.KafkaFacade] (main) Skipping deployment of kafka, because it's already deployed
2025-09-03 13:57:24,502 INFO  [io.api.tes.uti.TestSeparator] (main) ############################################################################
2025-09-03 13:57:24,502 INFO  [io.api.tes.uti.TestSeparator] (main) io.apicurio.tests.serdes.confluent.BasicConfluentSerDesIT.testEvolveAvroConfluent-STARTED
2025-09-03 13:57:24,503 INFO  [org.apa.kaf.cli.adm.AdminClientConfig] (main) AdminClientConfig values: 
	auto.include.jmx.reporter = true
	bootstrap.controllers = []
	bootstrap.servers = [PLAINTEXT://localhost:32769]
	client.dns.lookup = use_all_dns_ips
	client.id = 
	connections.max.idle.ms = 10000
	default.api.timeout.ms = 60000
	enable.metrics.push = true
	metadata.max.age.ms = 300000
	metadata.recovery.strategy = none
	metric.reporters = []
	metrics.num.samples = 2
	metrics.recording.level = INFO
	metrics.sample.window.ms = 30000
	receive.buffer.bytes = 65536
	reconnect.backoff.max.ms = 1000
	reconnect.backoff.ms = 50
	request.timeout.ms = 5000
	retries = 2147483647
	retry.backoff.max.ms = 1000
	retry.backoff.ms = 100
	sasl.client.callback.handler.class = null
	sasl.jaas.config = null
	sasl.kerberos.kinit.cmd = /usr/bin/kinit
	sasl.kerberos.min.time.before.relogin = 60000
	sasl.kerberos.service.name = null
	sasl.kerberos.ticket.renew.jitter = 0.05
	sasl.kerberos.ticket.renew.window.factor = 0.8
	sasl.login.callback.handler.class = null
	sasl.login.class = null
	sasl.login.connect.timeout.ms = null
	sasl.login.read.timeout.ms = null
	sasl.login.refresh.buffer.seconds = 300
	sasl.login.refresh.min.period.seconds = 60
	sasl.login.refresh.window.factor = 0.8
	sasl.login.refresh.window.jitter = 0.05
	sasl.login.retry.backoff.max.ms = 10000
	sasl.login.retry.backoff.ms = 100
	sasl.mechanism = GSSAPI
	sasl.oauthbearer.clock.skew.seconds = 30
	sasl.oauthbearer.expected.audience = null
	sasl.oauthbearer.expected.issuer = null
	sasl.oauthbearer.header.urlencode = false
	sasl.oauthbearer.jwks.endpoint.refresh.ms = 3600000
	sasl.oauthbearer.jwks.endpoint.retry.backoff.max.ms = 10000
	sasl.oauthbearer.jwks.endpoint.retry.backoff.ms = 100
	sasl.oauthbearer.jwks.endpoint.url = null
	sasl.oauthbearer.scope.claim.name = scope
	sasl.oauthbearer.sub.claim.name = sub
	sasl.oauthbearer.token.endpoint.url = null
	security.protocol = PLAINTEXT
	security.providers = null
	send.buffer.bytes = 131072
	socket.connection.setup.timeout.max.ms = 30000
	socket.connection.setup.timeout.ms = 10000
	ssl.cipher.suites = null
	ssl.enabled.protocols = [TLSv1.2, TLSv1.3]
	ssl.endpoint.identification.algorithm = https
	ssl.engine.factory.class = null
	ssl.key.password = null
	ssl.keymanager.algorithm = SunX509
	ssl.keystore.certificate.chain = null
	ssl.keystore.key = null
	ssl.keystore.location = null
	ssl.keystore.password = null
	ssl.keystore.type = JKS
	ssl.protocol = TLSv1.3
	ssl.provider = null
	ssl.secure.random.implementation = null
	ssl.trustmanager.algorithm = PKIX
	ssl.truststore.certificates = null
	ssl.truststore.location = null
	ssl.truststore.password = null
	ssl.truststore.type = JKS

2025-09-03 13:57:24,504 INFO  [org.apa.kaf.com.uti.AppInfoParser] (main) Kafka version: 3.9.1
2025-09-03 13:57:24,504 INFO  [org.apa.kaf.com.uti.AppInfoParser] (main) Kafka commitId: f745dfdcee2b9851
2025-09-03 13:57:24,504 INFO  [org.apa.kaf.com.uti.AppInfoParser] (main) Kafka startTimeMs: 1756907844504
2025-09-03 13:57:24,651 INFO  [io.api.tes.ser.con.BasicConfluentSerDesIT] (main) Checking that created schema is equal to the get schema
2025-09-03 13:57:24,695 INFO  [io.api.tes.ser.con.BasicConfluentSerDesIT] (main) Created schema with id:108 and name:s5f8fc9cdx95f5x4e11x874cx8977ac05e598
**** Registry Base URL: http://registry-app-mysql.apps.ci419.apicurio-testing.org:80
2025-09-03 13:57:24,700 INFO  [org.apa.kaf.cli.pro.ProducerConfig] (main) ProducerConfig values: 
	acks = -1
	auto.include.jmx.reporter = true
	batch.size = 16384
	bootstrap.servers = [PLAINTEXT://localhost:32769]
	buffer.memory = 33554432
	client.dns.lookup = use_all_dns_ips
	client.id = Producer-topic-5c067e84_be23_4755_b2dd_1ed1e77b15d1
	compression.gzip.level = -1
	compression.lz4.level = 9
	compression.type = none
	compression.zstd.level = 3
	connections.max.idle.ms = 10000
	delivery.timeout.ms = 120000
	enable.idempotence = true
	enable.metrics.push = true
	interceptor.classes = []
	key.serializer = class org.apache.kafka.common.serialization.StringSerializer
	linger.ms = 0
	max.block.ms = 60000
	max.in.flight.requests.per.connection = 5
	max.request.size = 1048576
	metadata.max.age.ms = 300000
	metadata.max.idle.ms = 300000
	metadata.recovery.strategy = none
	metric.reporters = []
	metrics.num.samples = 2
	metrics.recording.level = INFO
	metrics.sample.window.ms = 30000
	partitioner.adaptive.partitioning.enable = true
	partitioner.availability.timeout.ms = 0
	partitioner.class = null
	partitioner.ignore.keys = false
	receive.buffer.bytes = 32768
	reconnect.backoff.max.ms = 1000
	reconnect.backoff.ms = 50
	request.timeout.ms = 5000
	retries = 2147483647
	retry.backoff.max.ms = 1000
	retry.backoff.ms = 100
	sasl.client.callback.handler.class = null
	sasl.jaas.config = null
	sasl.kerberos.kinit.cmd = /usr/bin/kinit
	sasl.kerberos.min.time.before.relogin = 60000
	sasl.kerberos.service.name = null
	sasl.kerberos.ticket.renew.jitter = 0.05
	sasl.kerberos.ticket.renew.window.factor = 0.8
	sasl.login.callback.handler.class = null
	sasl.login.class = null
	sasl.login.connect.timeout.ms = null
	sasl.login.read.timeout.ms = null
	sasl.login.refresh.buffer.seconds = 300
	sasl.login.refresh.min.period.seconds = 60
	sasl.login.refresh.window.factor = 0.8
	sasl.login.refresh.window.jitter = 0.05
	sasl.login.retry.backoff.max.ms = 10000
	sasl.login.retry.backoff.ms = 100
	sasl.mechanism = GSSAPI
	sasl.oauthbearer.clock.skew.seconds = 30
	sasl.oauthbearer.expected.audience = null
	sasl.oauthbearer.expected.issuer = null
	sasl.oauthbearer.header.urlencode = false
	sasl.oauthbearer.jwks.endpoint.refresh.ms = 3600000
	sasl.oauthbearer.jwks.endpoint.retry.backoff.max.ms = 10000
	sasl.oauthbearer.jwks.endpoint.retry.backoff.ms = 100
	sasl.oauthbearer.jwks.endpoint.url = null
	sasl.oauthbearer.scope.claim.name = scope
	sasl.oauthbearer.sub.claim.name = sub
	sasl.oauthbearer.token.endpoint.url = null
	security.protocol = PLAINTEXT
	security.providers = null
	send.buffer.bytes = 131072
	socket.connection.setup.timeout.max.ms = 30000
	socket.connection.setup.timeout.ms = 10000
	ssl.cipher.suites = null
	ssl.enabled.protocols = [TLSv1.2, TLSv1.3]
	ssl.endpoint.identification.algorithm = https
	ssl.engine.factory.class = null
	ssl.key.password = null
	ssl.keymanager.algorithm = SunX509
	ssl.keystore.certificate.chain = null
	ssl.keystore.key = null
	ssl.keystore.location = null
	ssl.keystore.password = null
	ssl.keystore.type = JKS
	ssl.protocol = TLSv1.3
	ssl.provider = null
	ssl.secure.random.implementation = null
	ssl.trustmanager.algorithm = PKIX
	ssl.truststore.certificates = null
	ssl.truststore.location = null
	ssl.truststore.password = null
	ssl.truststore.type = JKS
	transaction.timeout.ms = 60000
	transactional.id = null
	value.serializer = class io.confluent.kafka.serializers.KafkaAvroSerializer

2025-09-03 13:57:24,700 INFO  [org.apa.kaf.com.tel.int.KafkaMetricsCollector] (main) initializing Kafka metrics collector
2025-09-03 13:57:24,702 INFO  [io.con.kaf.ser.KafkaAvroSerializerConfig] (main) KafkaAvroSerializerConfig values: 
	auto.register.schemas = false
	avro.reflection.allow.null = false
	avro.remove.java.properties = false
	avro.use.logical.type.converters = false
	basic.auth.credentials.source = URL
	basic.auth.user.info = [hidden]
	bearer.auth.cache.expiry.buffer.seconds = 300
	bearer.auth.client.id = null
	bearer.auth.client.secret = null
	bearer.auth.credentials.source = STATIC_TOKEN
	bearer.auth.custom.provider.class = null
	bearer.auth.identity.pool.id = null
	bearer.auth.issuer.endpoint.url = null
	bearer.auth.logical.cluster = null
	bearer.auth.scope = null
	bearer.auth.scope.claim.name = scope
	bearer.auth.sub.claim.name = sub
	bearer.auth.token = [hidden]
	context.name.strategy = class io.confluent.kafka.serializers.context.NullContextNameStrategy
	http.connect.timeout.ms = 60000
	http.read.timeout.ms = 60000
	id.compatibility.strict = true
	key.schema.id.deserializer = class io.confluent.kafka.serializers.schema.id.DualSchemaIdDeserializer
	key.schema.id.serializer = class io.confluent.kafka.serializers.schema.id.PrefixSchemaIdSerializer
	key.subject.name.strategy = class io.confluent.kafka.serializers.subject.TopicNameStrategy
	latest.cache.size = 1000
	latest.cache.ttl.sec = -1
	latest.compatibility.strict = true
	max.retries = 3
	max.schemas.per.subject = 1000
	normalize.schemas = false
	propagate.schema.tags = false
	proxy.host = 
	proxy.port = -1
	retries.max.wait.ms = 20000
	retries.wait.ms = 1000
	rule.actions = []
	rule.executors = []
	rule.service.loader.enable = true
	schema.format = null
	schema.reflection = false
	schema.registry.basic.auth.user.info = [hidden]
	schema.registry.ssl.cipher.suites = null
	schema.registry.ssl.enabled.protocols = [TLSv1.2, TLSv1.3]
	schema.registry.ssl.endpoint.identification.algorithm = https
	schema.registry.ssl.engine.factory.class = null
	schema.registry.ssl.key.password = null
	schema.registry.ssl.keymanager.algorithm = SunX509
	schema.registry.ssl.keystore.certificate.chain = null
	schema.registry.ssl.keystore.key = null
	schema.registry.ssl.keystore.location = null
	schema.registry.ssl.keystore.password = null
	schema.registry.ssl.keystore.type = JKS
	schema.registry.ssl.protocol = TLSv1.3
	schema.registry.ssl.provider = null
	schema.registry.ssl.secure.random.implementation = null
	schema.registry.ssl.trustmanager.algorithm = PKIX
	schema.registry.ssl.truststore.certificates = null
	schema.registry.ssl.truststore.location = null
	schema.registry.ssl.truststore.password = null
	schema.registry.ssl.truststore.type = JKS
	schema.registry.url = [http://registry-app-mysql.apps.ci419.apicurio-testing.org:80/apis/ccompat/v7]
	schema.registry.url.randomize = false
	use.latest.version = false
	use.latest.with.metadata = null
	use.schema.id = -1
	value.schema.id.deserializer = class io.confluent.kafka.serializers.schema.id.DualSchemaIdDeserializer
	value.schema.id.serializer = class io.confluent.kafka.serializers.schema.id.PrefixSchemaIdSerializer
	value.subject.name.strategy = class io.confluent.kafka.serializers.subject.TopicRecordNameStrategy

2025-09-03 13:57:24,711 INFO  [org.apa.kaf.cli.pro.KafkaProducer] (main) [Producer clientId=Producer-topic-5c067e84_be23_4755_b2dd_1ed1e77b15d1] Instantiated an idempotent producer.
2025-09-03 13:57:24,712 INFO  [org.apa.kaf.cli.pro.ProducerConfig] (main) These configurations '[schema.registry.url, auto.register.schemas, value.subject.name.strategy]' were supplied but are not used yet.
2025-09-03 13:57:24,712 INFO  [org.apa.kaf.com.uti.AppInfoParser] (main) Kafka version: 3.9.1
2025-09-03 13:57:24,712 INFO  [org.apa.kaf.com.uti.AppInfoParser] (main) Kafka commitId: f745dfdcee2b9851
2025-09-03 13:57:24,712 INFO  [org.apa.kaf.com.uti.AppInfoParser] (main) Kafka startTimeMs: 1756907844712
**** Registry Base URL: http://registry-app-mysql.apps.ci419.apicurio-testing.org:80
2025-09-03 13:57:24,715 INFO  [org.apa.kaf.cli.Metadata] (kafka-producer-network-thread | Producer-topic-5c067e84_be23_4755_b2dd_1ed1e77b15d1) [Producer clientId=Producer-topic-5c067e84_be23_4755_b2dd_1ed1e77b15d1] Cluster ID: idi4IAQcRfmNXWpL6PLRmQ
2025-09-03 13:57:24,715 INFO  [org.apa.kaf.cli.pro.int.TransactionManager] (kafka-producer-network-thread | Producer-topic-5c067e84_be23_4755_b2dd_1ed1e77b15d1) [Producer clientId=Producer-topic-5c067e84_be23_4755_b2dd_1ed1e77b15d1] ProducerId set to 44 with epoch 0
2025-09-03 13:57:24,715 INFO  [org.apa.kaf.cli.con.ConsumerConfig] (main) ConsumerConfig values: 
	allow.auto.create.topics = true
	auto.commit.interval.ms = 500
	auto.include.jmx.reporter = true
	auto.offset.reset = earliest
	bootstrap.servers = [PLAINTEXT://localhost:32769]
	check.crcs = true
	client.dns.lookup = use_all_dns_ips
	client.id = consumer-Consumer-topic-5c067e84_be23_4755_b2dd_1ed1e77b15d1-34
	client.rack = 
	connections.max.idle.ms = 10000
	default.api.timeout.ms = 60000
	enable.auto.commit = true
	enable.metrics.push = true
	exclude.internal.topics = true
	fetch.max.bytes = 52428800
	fetch.max.wait.ms = 500
	fetch.min.bytes = 1
	group.id = Consumer-topic-5c067e84_be23_4755_b2dd_1ed1e77b15d1
	group.instance.id = null
	group.protocol = classic
	group.remote.assignor = null
	heartbeat.interval.ms = 3000
	interceptor.classes = []
	internal.leave.group.on.close = true
	internal.throw.on.fetch.stable.offset.unsupported = false
	isolation.level = read_uncommitted
	key.deserializer = class org.apache.kafka.common.serialization.StringDeserializer
	max.partition.fetch.bytes = 1048576
	max.poll.interval.ms = 300000
	max.poll.records = 500
	metadata.max.age.ms = 300000
	metadata.recovery.strategy = none
	metric.reporters = []
	metrics.num.samples = 2
	metrics.recording.level = INFO
	metrics.sample.window.ms = 30000
	partition.assignment.strategy = [class org.apache.kafka.clients.consumer.RangeAssignor, class org.apache.kafka.clients.consumer.CooperativeStickyAssignor]
	receive.buffer.bytes = 65536
	reconnect.backoff.max.ms = 1000
	reconnect.backoff.ms = 50
	request.timeout.ms = 5000
	retry.backoff.max.ms = 1000
	retry.backoff.ms = 100
	sasl.client.callback.handler.class = null
	sasl.jaas.config = null
	sasl.kerberos.kinit.cmd = /usr/bin/kinit
	sasl.kerberos.min.time.before.relogin = 60000
	sasl.kerberos.service.name = null
	sasl.kerberos.ticket.renew.jitter = 0.05
	sasl.kerberos.ticket.renew.window.factor = 0.8
	sasl.login.callback.handler.class = null
	sasl.login.class = null
	sasl.login.connect.timeout.ms = null
	sasl.login.read.timeout.ms = null
	sasl.login.refresh.buffer.seconds = 300
	sasl.login.refresh.min.period.seconds = 60
	sasl.login.refresh.window.factor = 0.8
	sasl.login.refresh.window.jitter = 0.05
	sasl.login.retry.backoff.max.ms = 10000
	sasl.login.retry.backoff.ms = 100
	sasl.mechanism = GSSAPI
	sasl.oauthbearer.clock.skew.seconds = 30
	sasl.oauthbearer.expected.audience = null
	sasl.oauthbearer.expected.issuer = null
	sasl.oauthbearer.header.urlencode = false
	sasl.oauthbearer.jwks.endpoint.refresh.ms = 3600000
	sasl.oauthbearer.jwks.endpoint.retry.backoff.max.ms = 10000
	sasl.oauthbearer.jwks.endpoint.retry.backoff.ms = 100
	sasl.oauthbearer.jwks.endpoint.url = null
	sasl.oauthbearer.scope.claim.name = scope
	sasl.oauthbearer.sub.claim.name = sub
	sasl.oauthbearer.token.endpoint.url = null
	security.protocol = PLAINTEXT
	security.providers = null
	send.buffer.bytes = 131072
	session.timeout.ms = 45000
	socket.connection.setup.timeout.max.ms = 30000
	socket.connection.setup.timeout.ms = 10000
	ssl.cipher.suites = null
	ssl.enabled.protocols = [TLSv1.2, TLSv1.3]
	ssl.endpoint.identification.algorithm = https
	ssl.engine.factory.class = null
	ssl.key.password = null
	ssl.keymanager.algorithm = SunX509
	ssl.keystore.certificate.chain = null
	ssl.keystore.key = null
	ssl.keystore.location = null
	ssl.keystore.password = null
	ssl.keystore.type = JKS
	ssl.protocol = TLSv1.3
	ssl.provider = null
	ssl.secure.random.implementation = null
	ssl.trustmanager.algorithm = PKIX
	ssl.truststore.certificates = null
	ssl.truststore.location = null
	ssl.truststore.password = null
	ssl.truststore.type = JKS
	value.deserializer = class io.confluent.kafka.serializers.KafkaAvroDeserializer

2025-09-03 13:57:24,716 INFO  [org.apa.kaf.com.tel.int.KafkaMetricsCollector] (main) initializing Kafka metrics collector
2025-09-03 13:57:24,716 INFO  [io.con.kaf.ser.KafkaAvroDeserializerConfig] (main) KafkaAvroDeserializerConfig values: 
	auto.register.schemas = true
	avro.reflection.allow.null = false
	avro.use.logical.type.converters = false
	basic.auth.credentials.source = URL
	basic.auth.user.info = [hidden]
	bearer.auth.cache.expiry.buffer.seconds = 300
	bearer.auth.client.id = null
	bearer.auth.client.secret = null
	bearer.auth.credentials.source = STATIC_TOKEN
	bearer.auth.custom.provider.class = null
	bearer.auth.identity.pool.id = null
	bearer.auth.issuer.endpoint.url = null
	bearer.auth.logical.cluster = null
	bearer.auth.scope = null
	bearer.auth.scope.claim.name = scope
	bearer.auth.sub.claim.name = sub
	bearer.auth.token = [hidden]
	context.name.strategy = class io.confluent.kafka.serializers.context.NullContextNameStrategy
	http.connect.timeout.ms = 60000
	http.read.timeout.ms = 60000
	id.compatibility.strict = true
	key.schema.id.deserializer = class io.confluent.kafka.serializers.schema.id.DualSchemaIdDeserializer
	key.schema.id.serializer = class io.confluent.kafka.serializers.schema.id.PrefixSchemaIdSerializer
	key.subject.name.strategy = class io.confluent.kafka.serializers.subject.TopicNameStrategy
	latest.cache.size = 1000
	latest.cache.ttl.sec = -1
	latest.compatibility.strict = true
	max.retries = 3
	max.schemas.per.subject = 1000
	normalize.schemas = false
	propagate.schema.tags = false
	proxy.host = 
	proxy.port = -1
	retries.max.wait.ms = 20000
	retries.wait.ms = 1000
	rule.actions = []
	rule.executors = []
	rule.service.loader.enable = true
	schema.format = null
	schema.reflection = false
	schema.registry.basic.auth.user.info = [hidden]
	schema.registry.ssl.cipher.suites = null
	schema.registry.ssl.enabled.protocols = [TLSv1.2, TLSv1.3]
	schema.registry.ssl.endpoint.identification.algorithm = https
	schema.registry.ssl.engine.factory.class = null
	schema.registry.ssl.key.password = null
	schema.registry.ssl.keymanager.algorithm = SunX509
	schema.registry.ssl.keystore.certificate.chain = null
	schema.registry.ssl.keystore.key = null
	schema.registry.ssl.keystore.location = null
	schema.registry.ssl.keystore.password = null
	schema.registry.ssl.keystore.type = JKS
	schema.registry.ssl.protocol = TLSv1.3
	schema.registry.ssl.provider = null
	schema.registry.ssl.secure.random.implementation = null
	schema.registry.ssl.trustmanager.algorithm = PKIX
	schema.registry.ssl.truststore.certificates = null
	schema.registry.ssl.truststore.location = null
	schema.registry.ssl.truststore.password = null
	schema.registry.ssl.truststore.type = JKS
	schema.registry.url = [http://registry-app-mysql.apps.ci419.apicurio-testing.org:80/apis/ccompat/v7]
	schema.registry.url.randomize = false
	specific.avro.key.type = null
	specific.avro.reader = false
	specific.avro.value.type = null
	use.latest.version = false
	use.latest.with.metadata = null
	use.schema.id = -1
	value.schema.id.deserializer = class io.confluent.kafka.serializers.schema.id.DualSchemaIdDeserializer
	value.schema.id.serializer = class io.confluent.kafka.serializers.schema.id.PrefixSchemaIdSerializer
	value.subject.name.strategy = class io.confluent.kafka.serializers.subject.TopicNameStrategy

2025-09-03 13:57:24,720 INFO  [org.apa.kaf.cli.con.ConsumerConfig] (main) These configurations '[schema.registry.url]' were supplied but are not used yet.
2025-09-03 13:57:24,720 INFO  [org.apa.kaf.com.uti.AppInfoParser] (main) Kafka version: 3.9.1
2025-09-03 13:57:24,720 INFO  [org.apa.kaf.com.uti.AppInfoParser] (main) Kafka commitId: f745dfdcee2b9851
2025-09-03 13:57:24,720 INFO  [org.apa.kaf.com.uti.AppInfoParser] (main) Kafka startTimeMs: 1756907844720
2025-09-03 13:57:24,720 INFO  [io.api.tes.ser.api.KafkaSerdesTester] (ForkJoinPool.commonPool-worker-3) Sending message {"key1": "value-0"} to topic topic-5c067e84_be23_4755_b2dd_1ed1e77b15d1
2025-09-03 13:57:24,774 INFO  [io.api.tes.ser.api.KafkaSerdesTester] (ForkJoinPool.commonPool-worker-3) Sending message {"key1": "value-1"} to topic topic-5c067e84_be23_4755_b2dd_1ed1e77b15d1
2025-09-03 13:57:24,775 INFO  [io.api.tes.ser.api.KafkaSerdesTester] (ForkJoinPool.commonPool-worker-3) Sending message {"key1": "value-2"} to topic topic-5c067e84_be23_4755_b2dd_1ed1e77b15d1
2025-09-03 13:57:24,776 INFO  [io.api.tes.ser.api.KafkaSerdesTester] (ForkJoinPool.commonPool-worker-3) Sending message {"key1": "value-3"} to topic topic-5c067e84_be23_4755_b2dd_1ed1e77b15d1
2025-09-03 13:57:24,776 INFO  [io.api.tes.ser.api.KafkaSerdesTester] (ForkJoinPool.commonPool-worker-3) Sending message {"key1": "value-4"} to topic topic-5c067e84_be23_4755_b2dd_1ed1e77b15d1
2025-09-03 13:57:24,777 INFO  [io.api.tes.ser.api.KafkaSerdesTester] (ForkJoinPool.commonPool-worker-3) Sending message {"key1": "value-5"} to topic topic-5c067e84_be23_4755_b2dd_1ed1e77b15d1
2025-09-03 13:57:24,778 INFO  [io.api.tes.ser.api.KafkaSerdesTester] (ForkJoinPool.commonPool-worker-3) Sending message {"key1": "value-6"} to topic topic-5c067e84_be23_4755_b2dd_1ed1e77b15d1
2025-09-03 13:57:24,779 INFO  [io.api.tes.ser.api.KafkaSerdesTester] (ForkJoinPool.commonPool-worker-3) Sending message {"key1": "value-7"} to topic topic-5c067e84_be23_4755_b2dd_1ed1e77b15d1
2025-09-03 13:57:24,780 INFO  [io.api.tes.ser.api.KafkaSerdesTester] (ForkJoinPool.commonPool-worker-3) Sending message {"key1": "value-8"} to topic topic-5c067e84_be23_4755_b2dd_1ed1e77b15d1
2025-09-03 13:57:24,781 INFO  [io.api.tes.ser.api.KafkaSerdesTester] (ForkJoinPool.commonPool-worker-3) Sending message {"key1": "value-9"} to topic topic-5c067e84_be23_4755_b2dd_1ed1e77b15d1
2025-09-03 13:57:24,781 INFO  [io.api.tes.ser.api.KafkaSerdesTester] (ForkJoinPool.commonPool-worker-3) Produced 10 messages
2025-09-03 13:57:24,782 INFO  [org.apa.kaf.cli.pro.KafkaProducer] (ForkJoinPool.commonPool-worker-3) [Producer clientId=Producer-topic-5c067e84_be23_4755_b2dd_1ed1e77b15d1] Closing the Kafka producer with timeoutMillis = 9223372036854775807 ms.
2025-09-03 13:57:24,783 INFO  [org.apa.kaf.com.met.Metrics] (ForkJoinPool.commonPool-worker-3) Metrics scheduler closed
2025-09-03 13:57:24,783 INFO  [org.apa.kaf.com.met.Metrics] (ForkJoinPool.commonPool-worker-3) Closing reporter org.apache.kafka.common.metrics.JmxReporter
2025-09-03 13:57:24,783 INFO  [org.apa.kaf.com.met.Metrics] (ForkJoinPool.commonPool-worker-3) Closing reporter org.apache.kafka.common.telemetry.internals.ClientTelemetryReporter
2025-09-03 13:57:24,783 INFO  [org.apa.kaf.com.met.Metrics] (ForkJoinPool.commonPool-worker-3) Metrics reporters closed
2025-09-03 13:57:24,783 INFO  [org.apa.kaf.com.uti.AppInfoParser] (ForkJoinPool.commonPool-worker-3) App info kafka.producer for Producer-topic-5c067e84_be23_4755_b2dd_1ed1e77b15d1 unregistered
2025-09-03 13:57:24,784 INFO  [org.apa.kaf.cli.con.int.ClassicKafkaConsumer] (ForkJoinPool.commonPool-worker-3) [Consumer clientId=consumer-Consumer-topic-5c067e84_be23_4755_b2dd_1ed1e77b15d1-34, groupId=Consumer-topic-5c067e84_be23_4755_b2dd_1ed1e77b15d1] Subscribed to topic(s): topic-5c067e84_be23_4755_b2dd_1ed1e77b15d1
2025-09-03 13:57:24,787 INFO  [org.apa.kaf.cli.Metadata] (ForkJoinPool.commonPool-worker-3) [Consumer clientId=consumer-Consumer-topic-5c067e84_be23_4755_b2dd_1ed1e77b15d1-34, groupId=Consumer-topic-5c067e84_be23_4755_b2dd_1ed1e77b15d1] Cluster ID: idi4IAQcRfmNXWpL6PLRmQ
2025-09-03 13:57:24,787 INFO  [org.apa.kaf.cli.con.int.ConsumerCoordinator] (ForkJoinPool.commonPool-worker-3) [Consumer clientId=consumer-Consumer-topic-5c067e84_be23_4755_b2dd_1ed1e77b15d1-34, groupId=Consumer-topic-5c067e84_be23_4755_b2dd_1ed1e77b15d1] Discovered group coordinator localhost:32769 (id: 2147483647 rack: null)
2025-09-03 13:57:24,788 INFO  [org.apa.kaf.cli.con.int.ConsumerCoordinator] (ForkJoinPool.commonPool-worker-3) [Consumer clientId=consumer-Consumer-topic-5c067e84_be23_4755_b2dd_1ed1e77b15d1-34, groupId=Consumer-topic-5c067e84_be23_4755_b2dd_1ed1e77b15d1] (Re-)joining group
2025-09-03 13:57:24,790 INFO  [org.apa.kaf.cli.con.int.ConsumerCoordinator] (ForkJoinPool.commonPool-worker-3) [Consumer clientId=consumer-Consumer-topic-5c067e84_be23_4755_b2dd_1ed1e77b15d1-34, groupId=Consumer-topic-5c067e84_be23_4755_b2dd_1ed1e77b15d1] Request joining group due to: need to re-join with the given member-id: consumer-Consumer-topic-5c067e84_be23_4755_b2dd_1ed1e77b15d1-34-66a283ec-2e02-4a63-bc1b-6c96fc51548f
2025-09-03 13:57:24,790 INFO  [org.apa.kaf.cli.con.int.ConsumerCoordinator] (ForkJoinPool.commonPool-worker-3) [Consumer clientId=consumer-Consumer-topic-5c067e84_be23_4755_b2dd_1ed1e77b15d1-34, groupId=Consumer-topic-5c067e84_be23_4755_b2dd_1ed1e77b15d1] (Re-)joining group
2025-09-03 13:57:25,784 INFO  [io.api.tes.ser.api.KafkaSerdesTester] (ForkJoinPool.commonPool-worker-3) None found
2025-09-03 13:57:26,785 INFO  [io.api.tes.ser.api.KafkaSerdesTester] (ForkJoinPool.commonPool-worker-3) None found
2025-09-03 13:57:27,785 INFO  [io.api.tes.ser.api.KafkaSerdesTester] (ForkJoinPool.commonPool-worker-3) None found
2025-09-03 13:57:27,791 INFO  [org.apa.kaf.cli.con.int.ConsumerCoordinator] (ForkJoinPool.commonPool-worker-3) [Consumer clientId=consumer-Consumer-topic-5c067e84_be23_4755_b2dd_1ed1e77b15d1-34, groupId=Consumer-topic-5c067e84_be23_4755_b2dd_1ed1e77b15d1] Successfully joined group with generation Generation{generationId=1, memberId='consumer-Consumer-topic-5c067e84_be23_4755_b2dd_1ed1e77b15d1-34-66a283ec-2e02-4a63-bc1b-6c96fc51548f', protocol='range'}
2025-09-03 13:57:27,792 INFO  [org.apa.kaf.cli.con.int.ConsumerCoordinator] (ForkJoinPool.commonPool-worker-3) [Consumer clientId=consumer-Consumer-topic-5c067e84_be23_4755_b2dd_1ed1e77b15d1-34, groupId=Consumer-topic-5c067e84_be23_4755_b2dd_1ed1e77b15d1] Finished assignment for group at generation 1: {consumer-Consumer-topic-5c067e84_be23_4755_b2dd_1ed1e77b15d1-34-66a283ec-2e02-4a63-bc1b-6c96fc51548f=Assignment(partitions=[topic-5c067e84_be23_4755_b2dd_1ed1e77b15d1-0])}
2025-09-03 13:57:27,798 INFO  [org.apa.kaf.cli.con.int.ConsumerCoordinator] (ForkJoinPool.commonPool-worker-3) [Consumer clientId=consumer-Consumer-topic-5c067e84_be23_4755_b2dd_1ed1e77b15d1-34, groupId=Consumer-topic-5c067e84_be23_4755_b2dd_1ed1e77b15d1] Successfully synced group in generation Generation{generationId=1, memberId='consumer-Consumer-topic-5c067e84_be23_4755_b2dd_1ed1e77b15d1-34-66a283ec-2e02-4a63-bc1b-6c96fc51548f', protocol='range'}
2025-09-03 13:57:27,798 INFO  [org.apa.kaf.cli.con.int.ConsumerCoordinator] (ForkJoinPool.commonPool-worker-3) [Consumer clientId=consumer-Consumer-topic-5c067e84_be23_4755_b2dd_1ed1e77b15d1-34, groupId=Consumer-topic-5c067e84_be23_4755_b2dd_1ed1e77b15d1] Notifying assignor about the new Assignment(partitions=[topic-5c067e84_be23_4755_b2dd_1ed1e77b15d1-0])
2025-09-03 13:57:27,798 INFO  [org.apa.kaf.cli.con.int.ConsumerRebalanceListenerInvoker] (ForkJoinPool.commonPool-worker-3) [Consumer clientId=consumer-Consumer-topic-5c067e84_be23_4755_b2dd_1ed1e77b15d1-34, groupId=Consumer-topic-5c067e84_be23_4755_b2dd_1ed1e77b15d1] Adding newly assigned partitions: topic-5c067e84_be23_4755_b2dd_1ed1e77b15d1-0
2025-09-03 13:57:27,799 INFO  [org.apa.kaf.cli.con.int.ConsumerCoordinator] (ForkJoinPool.commonPool-worker-3) [Consumer clientId=consumer-Consumer-topic-5c067e84_be23_4755_b2dd_1ed1e77b15d1-34, groupId=Consumer-topic-5c067e84_be23_4755_b2dd_1ed1e77b15d1] Found no committed offset for partition topic-5c067e84_be23_4755_b2dd_1ed1e77b15d1-0
2025-09-03 13:57:27,801 INFO  [org.apa.kaf.cli.con.int.SubscriptionState] (ForkJoinPool.commonPool-worker-3) [Consumer clientId=consumer-Consumer-topic-5c067e84_be23_4755_b2dd_1ed1e77b15d1-34, groupId=Consumer-topic-5c067e84_be23_4755_b2dd_1ed1e77b15d1] Resetting offset for partition topic-5c067e84_be23_4755_b2dd_1ed1e77b15d1-0 to position FetchPosition{offset=0, offsetEpoch=Optional.empty, currentLeader=LeaderAndEpoch{leader=Optional[localhost:32769 (id: 0 rack: null)], epoch=0}}.
2025-09-03 13:57:27,842 INFO  [io.api.tes.ser.api.KafkaSerdesTester] (ForkJoinPool.commonPool-worker-3) topic-5c067e84_be23_4755_b2dd_1ed1e77b15d1 0 0 {"key1": "value-0"}
2025-09-03 13:57:27,842 INFO  [io.api.tes.ser.api.KafkaSerdesTester] (ForkJoinPool.commonPool-worker-3) topic-5c067e84_be23_4755_b2dd_1ed1e77b15d1 0 1 {"key1": "value-1"}
2025-09-03 13:57:27,842 INFO  [io.api.tes.ser.api.KafkaSerdesTester] (ForkJoinPool.commonPool-worker-3) topic-5c067e84_be23_4755_b2dd_1ed1e77b15d1 0 2 {"key1": "value-2"}
2025-09-03 13:57:27,842 INFO  [io.api.tes.ser.api.KafkaSerdesTester] (ForkJoinPool.commonPool-worker-3) topic-5c067e84_be23_4755_b2dd_1ed1e77b15d1 0 3 {"key1": "value-3"}
2025-09-03 13:57:27,842 INFO  [io.api.tes.ser.api.KafkaSerdesTester] (ForkJoinPool.commonPool-worker-3) topic-5c067e84_be23_4755_b2dd_1ed1e77b15d1 0 4 {"key1": "value-4"}
2025-09-03 13:57:27,842 INFO  [io.api.tes.ser.api.KafkaSerdesTester] (ForkJoinPool.commonPool-worker-3) topic-5c067e84_be23_4755_b2dd_1ed1e77b15d1 0 5 {"key1": "value-5"}
2025-09-03 13:57:27,842 INFO  [io.api.tes.ser.api.KafkaSerdesTester] (ForkJoinPool.commonPool-worker-3) topic-5c067e84_be23_4755_b2dd_1ed1e77b15d1 0 6 {"key1": "value-6"}
2025-09-03 13:57:27,842 INFO  [io.api.tes.ser.api.KafkaSerdesTester] (ForkJoinPool.commonPool-worker-3) topic-5c067e84_be23_4755_b2dd_1ed1e77b15d1 0 7 {"key1": "value-7"}
2025-09-03 13:57:27,842 INFO  [io.api.tes.ser.api.KafkaSerdesTester] (ForkJoinPool.commonPool-worker-3) topic-5c067e84_be23_4755_b2dd_1ed1e77b15d1 0 8 {"key1": "value-8"}
2025-09-03 13:57:27,842 INFO  [io.api.tes.ser.api.KafkaSerdesTester] (ForkJoinPool.commonPool-worker-3) topic-5c067e84_be23_4755_b2dd_1ed1e77b15d1 0 9 {"key1": "value-9"}
2025-09-03 13:57:27,842 INFO  [io.api.tes.ser.api.KafkaSerdesTester] (ForkJoinPool.commonPool-worker-3) Consumed 10 messages
2025-09-03 13:57:27,849 INFO  [org.apa.kaf.cli.con.int.ConsumerRebalanceListenerInvoker] (ForkJoinPool.commonPool-worker-3) [Consumer clientId=consumer-Consumer-topic-5c067e84_be23_4755_b2dd_1ed1e77b15d1-34, groupId=Consumer-topic-5c067e84_be23_4755_b2dd_1ed1e77b15d1] Revoke previously assigned partitions topic-5c067e84_be23_4755_b2dd_1ed1e77b15d1-0
2025-09-03 13:57:27,849 INFO  [org.apa.kaf.cli.con.int.ConsumerCoordinator] (ForkJoinPool.commonPool-worker-3) [Consumer clientId=consumer-Consumer-topic-5c067e84_be23_4755_b2dd_1ed1e77b15d1-34, groupId=Consumer-topic-5c067e84_be23_4755_b2dd_1ed1e77b15d1] Member consumer-Consumer-topic-5c067e84_be23_4755_b2dd_1ed1e77b15d1-34-66a283ec-2e02-4a63-bc1b-6c96fc51548f sending LeaveGroup request to coordinator localhost:32769 (id: 2147483647 rack: null) due to the consumer is being closed
2025-09-03 13:57:27,849 INFO  [org.apa.kaf.cli.con.int.ConsumerCoordinator] (ForkJoinPool.commonPool-worker-3) [Consumer clientId=consumer-Consumer-topic-5c067e84_be23_4755_b2dd_1ed1e77b15d1-34, groupId=Consumer-topic-5c067e84_be23_4755_b2dd_1ed1e77b15d1] Resetting generation and member id due to: consumer pro-actively leaving the group
2025-09-03 13:57:27,849 INFO  [org.apa.kaf.cli.con.int.ConsumerCoordinator] (ForkJoinPool.commonPool-worker-3) [Consumer clientId=consumer-Consumer-topic-5c067e84_be23_4755_b2dd_1ed1e77b15d1-34, groupId=Consumer-topic-5c067e84_be23_4755_b2dd_1ed1e77b15d1] Request joining group due to: consumer pro-actively leaving the group
2025-09-03 13:57:28,344 INFO  [org.apa.kaf.com.met.Metrics] (ForkJoinPool.commonPool-worker-3) Metrics scheduler closed
2025-09-03 13:57:28,344 INFO  [org.apa.kaf.com.met.Metrics] (ForkJoinPool.commonPool-worker-3) Closing reporter org.apache.kafka.common.metrics.JmxReporter
2025-09-03 13:57:28,344 INFO  [org.apa.kaf.com.met.Metrics] (ForkJoinPool.commonPool-worker-3) Closing reporter org.apache.kafka.common.telemetry.internals.ClientTelemetryReporter
2025-09-03 13:57:28,344 INFO  [org.apa.kaf.com.met.Metrics] (ForkJoinPool.commonPool-worker-3) Metrics reporters closed
2025-09-03 13:57:28,345 INFO  [org.apa.kaf.com.uti.AppInfoParser] (ForkJoinPool.commonPool-worker-3) App info kafka.consumer for consumer-Consumer-topic-5c067e84_be23_4755_b2dd_1ed1e77b15d1-34 unregistered
**** Registry Base URL: http://registry-app-mysql.apps.ci419.apicurio-testing.org:80
2025-09-03 13:57:29,446 INFO  [org.apa.kaf.cli.pro.ProducerConfig] (main) ProducerConfig values: 
	acks = -1
	auto.include.jmx.reporter = true
	batch.size = 16384
	bootstrap.servers = [PLAINTEXT://localhost:32769]
	buffer.memory = 33554432
	client.dns.lookup = use_all_dns_ips
	client.id = Producer-topic-5c067e84_be23_4755_b2dd_1ed1e77b15d1
	compression.gzip.level = -1
	compression.lz4.level = 9
	compression.type = none
	compression.zstd.level = 3
	connections.max.idle.ms = 10000
	delivery.timeout.ms = 120000
	enable.idempotence = true
	enable.metrics.push = true
	interceptor.classes = []
	key.serializer = class org.apache.kafka.common.serialization.StringSerializer
	linger.ms = 0
	max.block.ms = 60000
	max.in.flight.requests.per.connection = 5
	max.request.size = 1048576
	metadata.max.age.ms = 300000
	metadata.max.idle.ms = 300000
	metadata.recovery.strategy = none
	metric.reporters = []
	metrics.num.samples = 2
	metrics.recording.level = INFO
	metrics.sample.window.ms = 30000
	partitioner.adaptive.partitioning.enable = true
	partitioner.availability.timeout.ms = 0
	partitioner.class = null
	partitioner.ignore.keys = false
	receive.buffer.bytes = 32768
	reconnect.backoff.max.ms = 1000
	reconnect.backoff.ms = 50
	request.timeout.ms = 5000
	retries = 2147483647
	retry.backoff.max.ms = 1000
	retry.backoff.ms = 100
	sasl.client.callback.handler.class = null
	sasl.jaas.config = null
	sasl.kerberos.kinit.cmd = /usr/bin/kinit
	sasl.kerberos.min.time.before.relogin = 60000
	sasl.kerberos.service.name = null
	sasl.kerberos.ticket.renew.jitter = 0.05
	sasl.kerberos.ticket.renew.window.factor = 0.8
	sasl.login.callback.handler.class = null
	sasl.login.class = null
	sasl.login.connect.timeout.ms = null
	sasl.login.read.timeout.ms = null
	sasl.login.refresh.buffer.seconds = 300
	sasl.login.refresh.min.period.seconds = 60
	sasl.login.refresh.window.factor = 0.8
	sasl.login.refresh.window.jitter = 0.05
	sasl.login.retry.backoff.max.ms = 10000
	sasl.login.retry.backoff.ms = 100
	sasl.mechanism = GSSAPI
	sasl.oauthbearer.clock.skew.seconds = 30
	sasl.oauthbearer.expected.audience = null
	sasl.oauthbearer.expected.issuer = null
	sasl.oauthbearer.header.urlencode = false
	sasl.oauthbearer.jwks.endpoint.refresh.ms = 3600000
	sasl.oauthbearer.jwks.endpoint.retry.backoff.max.ms = 10000
	sasl.oauthbearer.jwks.endpoint.retry.backoff.ms = 100
	sasl.oauthbearer.jwks.endpoint.url = null
	sasl.oauthbearer.scope.claim.name = scope
	sasl.oauthbearer.sub.claim.name = sub
	sasl.oauthbearer.token.endpoint.url = null
	security.protocol = PLAINTEXT
	security.providers = null
	send.buffer.bytes = 131072
	socket.connection.setup.timeout.max.ms = 30000
	socket.connection.setup.timeout.ms = 10000
	ssl.cipher.suites = null
	ssl.enabled.protocols = [TLSv1.2, TLSv1.3]
	ssl.endpoint.identification.algorithm = https
	ssl.engine.factory.class = null
	ssl.key.password = null
	ssl.keymanager.algorithm = SunX509
	ssl.keystore.certificate.chain = null
	ssl.keystore.key = null
	ssl.keystore.location = null
	ssl.keystore.password = null
	ssl.keystore.type = JKS
	ssl.protocol = TLSv1.3
	ssl.provider = null
	ssl.secure.random.implementation = null
	ssl.trustmanager.algorithm = PKIX
	ssl.truststore.certificates = null
	ssl.truststore.location = null
	ssl.truststore.password = null
	ssl.truststore.type = JKS
	transaction.timeout.ms = 60000
	transactional.id = null
	value.serializer = class io.confluent.kafka.serializers.KafkaAvroSerializer

2025-09-03 13:57:29,446 INFO  [org.apa.kaf.com.tel.int.KafkaMetricsCollector] (main) initializing Kafka metrics collector
2025-09-03 13:57:29,446 INFO  [io.con.kaf.ser.KafkaAvroSerializerConfig] (main) KafkaAvroSerializerConfig values: 
	auto.register.schemas = false
	avro.reflection.allow.null = false
	avro.remove.java.properties = false
	avro.use.logical.type.converters = false
	basic.auth.credentials.source = URL
	basic.auth.user.info = [hidden]
	bearer.auth.cache.expiry.buffer.seconds = 300
	bearer.auth.client.id = null
	bearer.auth.client.secret = null
	bearer.auth.credentials.source = STATIC_TOKEN
	bearer.auth.custom.provider.class = null
	bearer.auth.identity.pool.id = null
	bearer.auth.issuer.endpoint.url = null
	bearer.auth.logical.cluster = null
	bearer.auth.scope = null
	bearer.auth.scope.claim.name = scope
	bearer.auth.sub.claim.name = sub
	bearer.auth.token = [hidden]
	context.name.strategy = class io.confluent.kafka.serializers.context.NullContextNameStrategy
	http.connect.timeout.ms = 60000
	http.read.timeout.ms = 60000
	id.compatibility.strict = true
	key.schema.id.deserializer = class io.confluent.kafka.serializers.schema.id.DualSchemaIdDeserializer
	key.schema.id.serializer = class io.confluent.kafka.serializers.schema.id.PrefixSchemaIdSerializer
	key.subject.name.strategy = class io.confluent.kafka.serializers.subject.TopicNameStrategy
	latest.cache.size = 1000
	latest.cache.ttl.sec = -1
	latest.compatibility.strict = true
	max.retries = 3
	max.schemas.per.subject = 1000
	normalize.schemas = false
	propagate.schema.tags = false
	proxy.host = 
	proxy.port = -1
	retries.max.wait.ms = 20000
	retries.wait.ms = 1000
	rule.actions = []
	rule.executors = []
	rule.service.loader.enable = true
	schema.format = null
	schema.reflection = false
	schema.registry.basic.auth.user.info = [hidden]
	schema.registry.ssl.cipher.suites = null
	schema.registry.ssl.enabled.protocols = [TLSv1.2, TLSv1.3]
	schema.registry.ssl.endpoint.identification.algorithm = https
	schema.registry.ssl.engine.factory.class = null
	schema.registry.ssl.key.password = null
	schema.registry.ssl.keymanager.algorithm = SunX509
	schema.registry.ssl.keystore.certificate.chain = null
	schema.registry.ssl.keystore.key = null
	schema.registry.ssl.keystore.location = null
	schema.registry.ssl.keystore.password = null
	schema.registry.ssl.keystore.type = JKS
	schema.registry.ssl.protocol = TLSv1.3
	schema.registry.ssl.provider = null
	schema.registry.ssl.secure.random.implementation = null
	schema.registry.ssl.trustmanager.algorithm = PKIX
	schema.registry.ssl.truststore.certificates = null
	schema.registry.ssl.truststore.location = null
	schema.registry.ssl.truststore.password = null
	schema.registry.ssl.truststore.type = JKS
	schema.registry.url = [http://registry-app-mysql.apps.ci419.apicurio-testing.org:80/apis/ccompat/v7]
	schema.registry.url.randomize = false
	use.latest.version = false
	use.latest.with.metadata = null
	use.schema.id = -1
	value.schema.id.deserializer = class io.confluent.kafka.serializers.schema.id.DualSchemaIdDeserializer
	value.schema.id.serializer = class io.confluent.kafka.serializers.schema.id.PrefixSchemaIdSerializer
	value.subject.name.strategy = class io.confluent.kafka.serializers.subject.TopicRecordNameStrategy

2025-09-03 13:57:29,448 INFO  [org.apa.kaf.cli.pro.KafkaProducer] (main) [Producer clientId=Producer-topic-5c067e84_be23_4755_b2dd_1ed1e77b15d1] Instantiated an idempotent producer.
2025-09-03 13:57:29,449 INFO  [org.apa.kaf.cli.pro.ProducerConfig] (main) These configurations '[schema.registry.url, auto.register.schemas, value.subject.name.strategy]' were supplied but are not used yet.
2025-09-03 13:57:29,449 INFO  [org.apa.kaf.com.uti.AppInfoParser] (main) Kafka version: 3.9.1
2025-09-03 13:57:29,449 INFO  [org.apa.kaf.com.uti.AppInfoParser] (main) Kafka commitId: f745dfdcee2b9851
2025-09-03 13:57:29,449 INFO  [org.apa.kaf.com.uti.AppInfoParser] (main) Kafka startTimeMs: 1756907849449
2025-09-03 13:57:29,450 INFO  [io.api.tes.ser.api.KafkaSerdesTester] (ForkJoinPool.commonPool-worker-3) Sending message {"key1": "value-0", "key2": "value-0"} to topic topic-5c067e84_be23_4755_b2dd_1ed1e77b15d1
2025-09-03 13:57:29,452 INFO  [org.apa.kaf.cli.Metadata] (kafka-producer-network-thread | Producer-topic-5c067e84_be23_4755_b2dd_1ed1e77b15d1) [Producer clientId=Producer-topic-5c067e84_be23_4755_b2dd_1ed1e77b15d1] Cluster ID: idi4IAQcRfmNXWpL6PLRmQ
2025-09-03 13:57:29,452 INFO  [org.apa.kaf.cli.pro.int.TransactionManager] (kafka-producer-network-thread | Producer-topic-5c067e84_be23_4755_b2dd_1ed1e77b15d1) [Producer clientId=Producer-topic-5c067e84_be23_4755_b2dd_1ed1e77b15d1] ProducerId set to 45 with epoch 0
2025-09-03 13:57:29,490 INFO  [io.api.tes.ser.api.KafkaSerdesTester] (ForkJoinPool.commonPool-worker-3) Sending message {"key1": "value-1", "key2": "value-1"} to topic topic-5c067e84_be23_4755_b2dd_1ed1e77b15d1
2025-09-03 13:57:29,491 INFO  [io.api.tes.ser.api.KafkaSerdesTester] (ForkJoinPool.commonPool-worker-3) Sending message {"key1": "value-2", "key2": "value-2"} to topic topic-5c067e84_be23_4755_b2dd_1ed1e77b15d1
2025-09-03 13:57:29,492 INFO  [io.api.tes.ser.api.KafkaSerdesTester] (ForkJoinPool.commonPool-worker-3) Sending message {"key1": "value-3", "key2": "value-3"} to topic topic-5c067e84_be23_4755_b2dd_1ed1e77b15d1
2025-09-03 13:57:29,493 INFO  [io.api.tes.ser.api.KafkaSerdesTester] (ForkJoinPool.commonPool-worker-3) Sending message {"key1": "value-4", "key2": "value-4"} to topic topic-5c067e84_be23_4755_b2dd_1ed1e77b15d1
2025-09-03 13:57:29,494 INFO  [io.api.tes.ser.api.KafkaSerdesTester] (ForkJoinPool.commonPool-worker-3) Sending message {"key1": "value-5", "key2": "value-5"} to topic topic-5c067e84_be23_4755_b2dd_1ed1e77b15d1
2025-09-03 13:57:29,495 INFO  [io.api.tes.ser.api.KafkaSerdesTester] (ForkJoinPool.commonPool-worker-3) Sending message {"key1": "value-6", "key2": "value-6"} to topic topic-5c067e84_be23_4755_b2dd_1ed1e77b15d1
2025-09-03 13:57:29,496 INFO  [io.api.tes.ser.api.KafkaSerdesTester] (ForkJoinPool.commonPool-worker-3) Sending message {"key1": "value-7", "key2": "value-7"} to topic topic-5c067e84_be23_4755_b2dd_1ed1e77b15d1
2025-09-03 13:57:29,496 INFO  [io.api.tes.ser.api.KafkaSerdesTester] (ForkJoinPool.commonPool-worker-3) Sending message {"key1": "value-8", "key2": "value-8"} to topic topic-5c067e84_be23_4755_b2dd_1ed1e77b15d1
2025-09-03 13:57:29,497 INFO  [io.api.tes.ser.api.KafkaSerdesTester] (ForkJoinPool.commonPool-worker-3) Sending message {"key1": "value-9", "key2": "value-9"} to topic topic-5c067e84_be23_4755_b2dd_1ed1e77b15d1
2025-09-03 13:57:29,498 INFO  [io.api.tes.ser.api.KafkaSerdesTester] (ForkJoinPool.commonPool-worker-3) Produced 10 messages
2025-09-03 13:57:29,498 INFO  [org.apa.kaf.cli.pro.KafkaProducer] (ForkJoinPool.commonPool-worker-3) [Producer clientId=Producer-topic-5c067e84_be23_4755_b2dd_1ed1e77b15d1] Closing the Kafka producer with timeoutMillis = 9223372036854775807 ms.
2025-09-03 13:57:29,499 INFO  [org.apa.kaf.com.met.Metrics] (ForkJoinPool.commonPool-worker-3) Metrics scheduler closed
2025-09-03 13:57:29,499 INFO  [org.apa.kaf.com.met.Metrics] (ForkJoinPool.commonPool-worker-3) Closing reporter org.apache.kafka.common.metrics.JmxReporter
2025-09-03 13:57:29,499 INFO  [org.apa.kaf.com.met.Metrics] (ForkJoinPool.commonPool-worker-3) Closing reporter org.apache.kafka.common.telemetry.internals.ClientTelemetryReporter
2025-09-03 13:57:29,499 INFO  [org.apa.kaf.com.met.Metrics] (ForkJoinPool.commonPool-worker-3) Metrics reporters closed
2025-09-03 13:57:29,499 INFO  [org.apa.kaf.com.uti.AppInfoParser] (ForkJoinPool.commonPool-worker-3) App info kafka.producer for Producer-topic-5c067e84_be23_4755_b2dd_1ed1e77b15d1 unregistered
**** Registry Base URL: http://registry-app-mysql.apps.ci419.apicurio-testing.org:80
2025-09-03 13:57:29,500 INFO  [org.apa.kaf.cli.pro.ProducerConfig] (main) ProducerConfig values: 
	acks = -1
	auto.include.jmx.reporter = true
	batch.size = 16384
	bootstrap.servers = [PLAINTEXT://localhost:32769]
	buffer.memory = 33554432
	client.dns.lookup = use_all_dns_ips
	client.id = Producer-topic-5c067e84_be23_4755_b2dd_1ed1e77b15d1
	compression.gzip.level = -1
	compression.lz4.level = 9
	compression.type = none
	compression.zstd.level = 3
	connections.max.idle.ms = 10000
	delivery.timeout.ms = 120000
	enable.idempotence = true
	enable.metrics.push = true
	interceptor.classes = []
	key.serializer = class org.apache.kafka.common.serialization.StringSerializer
	linger.ms = 0
	max.block.ms = 60000
	max.in.flight.requests.per.connection = 5
	max.request.size = 1048576
	metadata.max.age.ms = 300000
	metadata.max.idle.ms = 300000
	metadata.recovery.strategy = none
	metric.reporters = []
	metrics.num.samples = 2
	metrics.recording.level = INFO
	metrics.sample.window.ms = 30000
	partitioner.adaptive.partitioning.enable = true
	partitioner.availability.timeout.ms = 0
	partitioner.class = null
	partitioner.ignore.keys = false
	receive.buffer.bytes = 32768
	reconnect.backoff.max.ms = 1000
	reconnect.backoff.ms = 50
	request.timeout.ms = 5000
	retries = 2147483647
	retry.backoff.max.ms = 1000
	retry.backoff.ms = 100
	sasl.client.callback.handler.class = null
	sasl.jaas.config = null
	sasl.kerberos.kinit.cmd = /usr/bin/kinit
	sasl.kerberos.min.time.before.relogin = 60000
	sasl.kerberos.service.name = null
	sasl.kerberos.ticket.renew.jitter = 0.05
	sasl.kerberos.ticket.renew.window.factor = 0.8
	sasl.login.callback.handler.class = null
	sasl.login.class = null
	sasl.login.connect.timeout.ms = null
	sasl.login.read.timeout.ms = null
	sasl.login.refresh.buffer.seconds = 300
	sasl.login.refresh.min.period.seconds = 60
	sasl.login.refresh.window.factor = 0.8
	sasl.login.refresh.window.jitter = 0.05
	sasl.login.retry.backoff.max.ms = 10000
	sasl.login.retry.backoff.ms = 100
	sasl.mechanism = GSSAPI
	sasl.oauthbearer.clock.skew.seconds = 30
	sasl.oauthbearer.expected.audience = null
	sasl.oauthbearer.expected.issuer = null
	sasl.oauthbearer.header.urlencode = false
	sasl.oauthbearer.jwks.endpoint.refresh.ms = 3600000
	sasl.oauthbearer.jwks.endpoint.retry.backoff.max.ms = 10000
	sasl.oauthbearer.jwks.endpoint.retry.backoff.ms = 100
	sasl.oauthbearer.jwks.endpoint.url = null
	sasl.oauthbearer.scope.claim.name = scope
	sasl.oauthbearer.sub.claim.name = sub
	sasl.oauthbearer.token.endpoint.url = null
	security.protocol = PLAINTEXT
	security.providers = null
	send.buffer.bytes = 131072
	socket.connection.setup.timeout.max.ms = 30000
	socket.connection.setup.timeout.ms = 10000
	ssl.cipher.suites = null
	ssl.enabled.protocols = [TLSv1.2, TLSv1.3]
	ssl.endpoint.identification.algorithm = https
	ssl.engine.factory.class = null
	ssl.key.password = null
	ssl.keymanager.algorithm = SunX509
	ssl.keystore.certificate.chain = null
	ssl.keystore.key = null
	ssl.keystore.location = null
	ssl.keystore.password = null
	ssl.keystore.type = JKS
	ssl.protocol = TLSv1.3
	ssl.provider = null
	ssl.secure.random.implementation = null
	ssl.trustmanager.algorithm = PKIX
	ssl.truststore.certificates = null
	ssl.truststore.location = null
	ssl.truststore.password = null
	ssl.truststore.type = JKS
	transaction.timeout.ms = 60000
	transactional.id = null
	value.serializer = class io.confluent.kafka.serializers.KafkaAvroSerializer

2025-09-03 13:57:29,500 INFO  [org.apa.kaf.com.tel.int.KafkaMetricsCollector] (main) initializing Kafka metrics collector
2025-09-03 13:57:29,500 INFO  [io.con.kaf.ser.KafkaAvroSerializerConfig] (main) KafkaAvroSerializerConfig values: 
	auto.register.schemas = false
	avro.reflection.allow.null = false
	avro.remove.java.properties = false
	avro.use.logical.type.converters = false
	basic.auth.credentials.source = URL
	basic.auth.user.info = [hidden]
	bearer.auth.cache.expiry.buffer.seconds = 300
	bearer.auth.client.id = null
	bearer.auth.client.secret = null
	bearer.auth.credentials.source = STATIC_TOKEN
	bearer.auth.custom.provider.class = null
	bearer.auth.identity.pool.id = null
	bearer.auth.issuer.endpoint.url = null
	bearer.auth.logical.cluster = null
	bearer.auth.scope = null
	bearer.auth.scope.claim.name = scope
	bearer.auth.sub.claim.name = sub
	bearer.auth.token = [hidden]
	context.name.strategy = class io.confluent.kafka.serializers.context.NullContextNameStrategy
	http.connect.timeout.ms = 60000
	http.read.timeout.ms = 60000
	id.compatibility.strict = true
	key.schema.id.deserializer = class io.confluent.kafka.serializers.schema.id.DualSchemaIdDeserializer
	key.schema.id.serializer = class io.confluent.kafka.serializers.schema.id.PrefixSchemaIdSerializer
	key.subject.name.strategy = class io.confluent.kafka.serializers.subject.TopicNameStrategy
	latest.cache.size = 1000
	latest.cache.ttl.sec = -1
	latest.compatibility.strict = true
	max.retries = 3
	max.schemas.per.subject = 1000
	normalize.schemas = false
	propagate.schema.tags = false
	proxy.host = 
	proxy.port = -1
	retries.max.wait.ms = 20000
	retries.wait.ms = 1000
	rule.actions = []
	rule.executors = []
	rule.service.loader.enable = true
	schema.format = null
	schema.reflection = false
	schema.registry.basic.auth.user.info = [hidden]
	schema.registry.ssl.cipher.suites = null
	schema.registry.ssl.enabled.protocols = [TLSv1.2, TLSv1.3]
	schema.registry.ssl.endpoint.identification.algorithm = https
	schema.registry.ssl.engine.factory.class = null
	schema.registry.ssl.key.password = null
	schema.registry.ssl.keymanager.algorithm = SunX509
	schema.registry.ssl.keystore.certificate.chain = null
	schema.registry.ssl.keystore.key = null
	schema.registry.ssl.keystore.location = null
	schema.registry.ssl.keystore.password = null
	schema.registry.ssl.keystore.type = JKS
	schema.registry.ssl.protocol = TLSv1.3
	schema.registry.ssl.provider = null
	schema.registry.ssl.secure.random.implementation = null
	schema.registry.ssl.trustmanager.algorithm = PKIX
	schema.registry.ssl.truststore.certificates = null
	schema.registry.ssl.truststore.location = null
	schema.registry.ssl.truststore.password = null
	schema.registry.ssl.truststore.type = JKS
	schema.registry.url = [http://registry-app-mysql.apps.ci419.apicurio-testing.org:80/apis/ccompat/v7]
	schema.registry.url.randomize = false
	use.latest.version = false
	use.latest.with.metadata = null
	use.schema.id = -1
	value.schema.id.deserializer = class io.confluent.kafka.serializers.schema.id.DualSchemaIdDeserializer
	value.schema.id.serializer = class io.confluent.kafka.serializers.schema.id.PrefixSchemaIdSerializer
	value.subject.name.strategy = class io.confluent.kafka.serializers.subject.TopicRecordNameStrategy

2025-09-03 13:57:29,502 INFO  [org.apa.kaf.cli.pro.KafkaProducer] (main) [Producer clientId=Producer-topic-5c067e84_be23_4755_b2dd_1ed1e77b15d1] Instantiated an idempotent producer.
2025-09-03 13:57:29,503 INFO  [org.apa.kaf.cli.pro.ProducerConfig] (main) These configurations '[schema.registry.url, auto.register.schemas, value.subject.name.strategy]' were supplied but are not used yet.
2025-09-03 13:57:29,503 INFO  [org.apa.kaf.com.uti.AppInfoParser] (main) Kafka version: 3.9.1
2025-09-03 13:57:29,503 INFO  [org.apa.kaf.com.uti.AppInfoParser] (main) Kafka commitId: f745dfdcee2b9851
2025-09-03 13:57:29,503 INFO  [org.apa.kaf.com.uti.AppInfoParser] (main) Kafka startTimeMs: 1756907849503
2025-09-03 13:57:29,503 INFO  [io.api.tes.ser.api.KafkaSerdesTester] (ForkJoinPool.commonPool-worker-3) Sending message {"key1": "value-0"} to topic topic-5c067e84_be23_4755_b2dd_1ed1e77b15d1
2025-09-03 13:57:29,505 INFO  [org.apa.kaf.cli.Metadata] (kafka-producer-network-thread | Producer-topic-5c067e84_be23_4755_b2dd_1ed1e77b15d1) [Producer clientId=Producer-topic-5c067e84_be23_4755_b2dd_1ed1e77b15d1] Cluster ID: idi4IAQcRfmNXWpL6PLRmQ
2025-09-03 13:57:29,505 INFO  [org.apa.kaf.cli.pro.int.TransactionManager] (kafka-producer-network-thread | Producer-topic-5c067e84_be23_4755_b2dd_1ed1e77b15d1) [Producer clientId=Producer-topic-5c067e84_be23_4755_b2dd_1ed1e77b15d1] ProducerId set to 46 with epoch 0
2025-09-03 13:57:29,546 INFO  [io.api.tes.ser.api.KafkaSerdesTester] (ForkJoinPool.commonPool-worker-3) Sending message {"key1": "value-1"} to topic topic-5c067e84_be23_4755_b2dd_1ed1e77b15d1
2025-09-03 13:57:29,547 INFO  [io.api.tes.ser.api.KafkaSerdesTester] (ForkJoinPool.commonPool-worker-3) Sending message {"key1": "value-2"} to topic topic-5c067e84_be23_4755_b2dd_1ed1e77b15d1
2025-09-03 13:57:29,548 INFO  [io.api.tes.ser.api.KafkaSerdesTester] (ForkJoinPool.commonPool-worker-3) Sending message {"key1": "value-3"} to topic topic-5c067e84_be23_4755_b2dd_1ed1e77b15d1
2025-09-03 13:57:29,549 INFO  [io.api.tes.ser.api.KafkaSerdesTester] (ForkJoinPool.commonPool-worker-3) Sending message {"key1": "value-4"} to topic topic-5c067e84_be23_4755_b2dd_1ed1e77b15d1
2025-09-03 13:57:29,550 INFO  [io.api.tes.ser.api.KafkaSerdesTester] (ForkJoinPool.commonPool-worker-3) Sending message {"key1": "value-5"} to topic topic-5c067e84_be23_4755_b2dd_1ed1e77b15d1
2025-09-03 13:57:29,551 INFO  [io.api.tes.ser.api.KafkaSerdesTester] (ForkJoinPool.commonPool-worker-3) Sending message {"key1": "value-6"} to topic topic-5c067e84_be23_4755_b2dd_1ed1e77b15d1
2025-09-03 13:57:29,551 INFO  [io.api.tes.ser.api.KafkaSerdesTester] (ForkJoinPool.commonPool-worker-3) Sending message {"key1": "value-7"} to topic topic-5c067e84_be23_4755_b2dd_1ed1e77b15d1
2025-09-03 13:57:29,552 INFO  [io.api.tes.ser.api.KafkaSerdesTester] (ForkJoinPool.commonPool-worker-3) Sending message {"key1": "value-8"} to topic topic-5c067e84_be23_4755_b2dd_1ed1e77b15d1
2025-09-03 13:57:29,553 INFO  [io.api.tes.ser.api.KafkaSerdesTester] (ForkJoinPool.commonPool-worker-3) Sending message {"key1": "value-9"} to topic topic-5c067e84_be23_4755_b2dd_1ed1e77b15d1
2025-09-03 13:57:29,554 INFO  [io.api.tes.ser.api.KafkaSerdesTester] (ForkJoinPool.commonPool-worker-3) Produced 10 messages
2025-09-03 13:57:29,554 INFO  [org.apa.kaf.cli.pro.KafkaProducer] (ForkJoinPool.commonPool-worker-3) [Producer clientId=Producer-topic-5c067e84_be23_4755_b2dd_1ed1e77b15d1] Closing the Kafka producer with timeoutMillis = 9223372036854775807 ms.
2025-09-03 13:57:29,555 INFO  [org.apa.kaf.com.met.Metrics] (ForkJoinPool.commonPool-worker-3) Metrics scheduler closed
2025-09-03 13:57:29,555 INFO  [org.apa.kaf.com.met.Metrics] (ForkJoinPool.commonPool-worker-3) Closing reporter org.apache.kafka.common.metrics.JmxReporter
2025-09-03 13:57:29,555 INFO  [org.apa.kaf.com.met.Metrics] (ForkJoinPool.commonPool-worker-3) Closing reporter org.apache.kafka.common.telemetry.internals.ClientTelemetryReporter
2025-09-03 13:57:29,555 INFO  [org.apa.kaf.com.met.Metrics] (ForkJoinPool.commonPool-worker-3) Metrics reporters closed
2025-09-03 13:57:29,555 INFO  [org.apa.kaf.com.uti.AppInfoParser] (ForkJoinPool.commonPool-worker-3) App info kafka.producer for Producer-topic-5c067e84_be23_4755_b2dd_1ed1e77b15d1 unregistered
**** Registry Base URL: http://registry-app-mysql.apps.ci419.apicurio-testing.org:80
2025-09-03 13:57:29,555 INFO  [org.apa.kaf.cli.con.ConsumerConfig] (main) ConsumerConfig values: 
	allow.auto.create.topics = true
	auto.commit.interval.ms = 500
	auto.include.jmx.reporter = true
	auto.offset.reset = earliest
	bootstrap.servers = [PLAINTEXT://localhost:32769]
	check.crcs = true
	client.dns.lookup = use_all_dns_ips
	client.id = consumer-Consumer-topic-5c067e84_be23_4755_b2dd_1ed1e77b15d1-35
	client.rack = 
	connections.max.idle.ms = 10000
	default.api.timeout.ms = 60000
	enable.auto.commit = true
	enable.metrics.push = true
	exclude.internal.topics = true
	fetch.max.bytes = 52428800
	fetch.max.wait.ms = 500
	fetch.min.bytes = 1
	group.id = Consumer-topic-5c067e84_be23_4755_b2dd_1ed1e77b15d1
	group.instance.id = null
	group.protocol = classic
	group.remote.assignor = null
	heartbeat.interval.ms = 3000
	interceptor.classes = []
	internal.leave.group.on.close = true
	internal.throw.on.fetch.stable.offset.unsupported = false
	isolation.level = read_uncommitted
	key.deserializer = class org.apache.kafka.common.serialization.StringDeserializer
	max.partition.fetch.bytes = 1048576
	max.poll.interval.ms = 300000
	max.poll.records = 500
	metadata.max.age.ms = 300000
	metadata.recovery.strategy = none
	metric.reporters = []
	metrics.num.samples = 2
	metrics.recording.level = INFO
	metrics.sample.window.ms = 30000
	partition.assignment.strategy = [class org.apache.kafka.clients.consumer.RangeAssignor, class org.apache.kafka.clients.consumer.CooperativeStickyAssignor]
	receive.buffer.bytes = 65536
	reconnect.backoff.max.ms = 1000
	reconnect.backoff.ms = 50
	request.timeout.ms = 5000
	retry.backoff.max.ms = 1000
	retry.backoff.ms = 100
	sasl.client.callback.handler.class = null
	sasl.jaas.config = null
	sasl.kerberos.kinit.cmd = /usr/bin/kinit
	sasl.kerberos.min.time.before.relogin = 60000
	sasl.kerberos.service.name = null
	sasl.kerberos.ticket.renew.jitter = 0.05
	sasl.kerberos.ticket.renew.window.factor = 0.8
	sasl.login.callback.handler.class = null
	sasl.login.class = null
	sasl.login.connect.timeout.ms = null
	sasl.login.read.timeout.ms = null
	sasl.login.refresh.buffer.seconds = 300
	sasl.login.refresh.min.period.seconds = 60
	sasl.login.refresh.window.factor = 0.8
	sasl.login.refresh.window.jitter = 0.05
	sasl.login.retry.backoff.max.ms = 10000
	sasl.login.retry.backoff.ms = 100
	sasl.mechanism = GSSAPI
	sasl.oauthbearer.clock.skew.seconds = 30
	sasl.oauthbearer.expected.audience = null
	sasl.oauthbearer.expected.issuer = null
	sasl.oauthbearer.header.urlencode = false
	sasl.oauthbearer.jwks.endpoint.refresh.ms = 3600000
	sasl.oauthbearer.jwks.endpoint.retry.backoff.max.ms = 10000
	sasl.oauthbearer.jwks.endpoint.retry.backoff.ms = 100
	sasl.oauthbearer.jwks.endpoint.url = null
	sasl.oauthbearer.scope.claim.name = scope
	sasl.oauthbearer.sub.claim.name = sub
	sasl.oauthbearer.token.endpoint.url = null
	security.protocol = PLAINTEXT
	security.providers = null
	send.buffer.bytes = 131072
	session.timeout.ms = 45000
	socket.connection.setup.timeout.max.ms = 30000
	socket.connection.setup.timeout.ms = 10000
	ssl.cipher.suites = null
	ssl.enabled.protocols = [TLSv1.2, TLSv1.3]
	ssl.endpoint.identification.algorithm = https
	ssl.engine.factory.class = null
	ssl.key.password = null
	ssl.keymanager.algorithm = SunX509
	ssl.keystore.certificate.chain = null
	ssl.keystore.key = null
	ssl.keystore.location = null
	ssl.keystore.password = null
	ssl.keystore.type = JKS
	ssl.protocol = TLSv1.3
	ssl.provider = null
	ssl.secure.random.implementation = null
	ssl.trustmanager.algorithm = PKIX
	ssl.truststore.certificates = null
	ssl.truststore.location = null
	ssl.truststore.password = null
	ssl.truststore.type = JKS
	value.deserializer = class io.confluent.kafka.serializers.KafkaAvroDeserializer

2025-09-03 13:57:29,556 INFO  [org.apa.kaf.com.tel.int.KafkaMetricsCollector] (main) initializing Kafka metrics collector
2025-09-03 13:57:29,556 INFO  [io.con.kaf.ser.KafkaAvroDeserializerConfig] (main) KafkaAvroDeserializerConfig values: 
	auto.register.schemas = true
	avro.reflection.allow.null = false
	avro.use.logical.type.converters = false
	basic.auth.credentials.source = URL
	basic.auth.user.info = [hidden]
	bearer.auth.cache.expiry.buffer.seconds = 300
	bearer.auth.client.id = null
	bearer.auth.client.secret = null
	bearer.auth.credentials.source = STATIC_TOKEN
	bearer.auth.custom.provider.class = null
	bearer.auth.identity.pool.id = null
	bearer.auth.issuer.endpoint.url = null
	bearer.auth.logical.cluster = null
	bearer.auth.scope = null
	bearer.auth.scope.claim.name = scope
	bearer.auth.sub.claim.name = sub
	bearer.auth.token = [hidden]
	context.name.strategy = class io.confluent.kafka.serializers.context.NullContextNameStrategy
	http.connect.timeout.ms = 60000
	http.read.timeout.ms = 60000
	id.compatibility.strict = true
	key.schema.id.deserializer = class io.confluent.kafka.serializers.schema.id.DualSchemaIdDeserializer
	key.schema.id.serializer = class io.confluent.kafka.serializers.schema.id.PrefixSchemaIdSerializer
	key.subject.name.strategy = class io.confluent.kafka.serializers.subject.TopicNameStrategy
	latest.cache.size = 1000
	latest.cache.ttl.sec = -1
	latest.compatibility.strict = true
	max.retries = 3
	max.schemas.per.subject = 1000
	normalize.schemas = false
	propagate.schema.tags = false
	proxy.host = 
	proxy.port = -1
	retries.max.wait.ms = 20000
	retries.wait.ms = 1000
	rule.actions = []
	rule.executors = []
	rule.service.loader.enable = true
	schema.format = null
	schema.reflection = false
	schema.registry.basic.auth.user.info = [hidden]
	schema.registry.ssl.cipher.suites = null
	schema.registry.ssl.enabled.protocols = [TLSv1.2, TLSv1.3]
	schema.registry.ssl.endpoint.identification.algorithm = https
	schema.registry.ssl.engine.factory.class = null
	schema.registry.ssl.key.password = null
	schema.registry.ssl.keymanager.algorithm = SunX509
	schema.registry.ssl.keystore.certificate.chain = null
	schema.registry.ssl.keystore.key = null
	schema.registry.ssl.keystore.location = null
	schema.registry.ssl.keystore.password = null
	schema.registry.ssl.keystore.type = JKS
	schema.registry.ssl.protocol = TLSv1.3
	schema.registry.ssl.provider = null
	schema.registry.ssl.secure.random.implementation = null
	schema.registry.ssl.trustmanager.algorithm = PKIX
	schema.registry.ssl.truststore.certificates = null
	schema.registry.ssl.truststore.location = null
	schema.registry.ssl.truststore.password = null
	schema.registry.ssl.truststore.type = JKS
	schema.registry.url = [http://registry-app-mysql.apps.ci419.apicurio-testing.org:80/apis/ccompat/v7]
	schema.registry.url.randomize = false
	specific.avro.key.type = null
	specific.avro.reader = false
	specific.avro.value.type = null
	use.latest.version = false
	use.latest.with.metadata = null
	use.schema.id = -1
	value.schema.id.deserializer = class io.confluent.kafka.serializers.schema.id.DualSchemaIdDeserializer
	value.schema.id.serializer = class io.confluent.kafka.serializers.schema.id.PrefixSchemaIdSerializer
	value.subject.name.strategy = class io.confluent.kafka.serializers.subject.TopicNameStrategy

2025-09-03 13:57:29,559 INFO  [org.apa.kaf.cli.con.ConsumerConfig] (main) These configurations '[schema.registry.url]' were supplied but are not used yet.
2025-09-03 13:57:29,559 INFO  [org.apa.kaf.com.uti.AppInfoParser] (main) Kafka version: 3.9.1
2025-09-03 13:57:29,559 INFO  [org.apa.kaf.com.uti.AppInfoParser] (main) Kafka commitId: f745dfdcee2b9851
2025-09-03 13:57:29,559 INFO  [org.apa.kaf.com.uti.AppInfoParser] (main) Kafka startTimeMs: 1756907849559
2025-09-03 13:57:29,560 INFO  [org.apa.kaf.cli.con.int.ClassicKafkaConsumer] (ForkJoinPool.commonPool-worker-3) [Consumer clientId=consumer-Consumer-topic-5c067e84_be23_4755_b2dd_1ed1e77b15d1-35, groupId=Consumer-topic-5c067e84_be23_4755_b2dd_1ed1e77b15d1] Subscribed to topic(s): topic-5c067e84_be23_4755_b2dd_1ed1e77b15d1
2025-09-03 13:57:29,562 INFO  [org.apa.kaf.cli.Metadata] (ForkJoinPool.commonPool-worker-3) [Consumer clientId=consumer-Consumer-topic-5c067e84_be23_4755_b2dd_1ed1e77b15d1-35, groupId=Consumer-topic-5c067e84_be23_4755_b2dd_1ed1e77b15d1] Cluster ID: idi4IAQcRfmNXWpL6PLRmQ
2025-09-03 13:57:29,563 INFO  [org.apa.kaf.cli.con.int.ConsumerCoordinator] (ForkJoinPool.commonPool-worker-3) [Consumer clientId=consumer-Consumer-topic-5c067e84_be23_4755_b2dd_1ed1e77b15d1-35, groupId=Consumer-topic-5c067e84_be23_4755_b2dd_1ed1e77b15d1] Discovered group coordinator localhost:32769 (id: 2147483647 rack: null)
2025-09-03 13:57:29,563 INFO  [org.apa.kaf.cli.con.int.ConsumerCoordinator] (ForkJoinPool.commonPool-worker-3) [Consumer clientId=consumer-Consumer-topic-5c067e84_be23_4755_b2dd_1ed1e77b15d1-35, groupId=Consumer-topic-5c067e84_be23_4755_b2dd_1ed1e77b15d1] (Re-)joining group
2025-09-03 13:57:29,565 INFO  [org.apa.kaf.cli.con.int.ConsumerCoordinator] (ForkJoinPool.commonPool-worker-3) [Consumer clientId=consumer-Consumer-topic-5c067e84_be23_4755_b2dd_1ed1e77b15d1-35, groupId=Consumer-topic-5c067e84_be23_4755_b2dd_1ed1e77b15d1] Request joining group due to: need to re-join with the given member-id: consumer-Consumer-topic-5c067e84_be23_4755_b2dd_1ed1e77b15d1-35-48742b84-b0fd-4a90-8786-6440f68d0671
2025-09-03 13:57:29,565 INFO  [org.apa.kaf.cli.con.int.ConsumerCoordinator] (ForkJoinPool.commonPool-worker-3) [Consumer clientId=consumer-Consumer-topic-5c067e84_be23_4755_b2dd_1ed1e77b15d1-35, groupId=Consumer-topic-5c067e84_be23_4755_b2dd_1ed1e77b15d1] (Re-)joining group
2025-09-03 13:57:30,560 INFO  [io.api.tes.ser.api.KafkaSerdesTester] (ForkJoinPool.commonPool-worker-3) None found
2025-09-03 13:57:31,560 INFO  [io.api.tes.ser.api.KafkaSerdesTester] (ForkJoinPool.commonPool-worker-3) None found
2025-09-03 13:57:32,561 INFO  [io.api.tes.ser.api.KafkaSerdesTester] (ForkJoinPool.commonPool-worker-3) None found
2025-09-03 13:57:32,566 INFO  [org.apa.kaf.cli.con.int.ConsumerCoordinator] (ForkJoinPool.commonPool-worker-3) [Consumer clientId=consumer-Consumer-topic-5c067e84_be23_4755_b2dd_1ed1e77b15d1-35, groupId=Consumer-topic-5c067e84_be23_4755_b2dd_1ed1e77b15d1] Successfully joined group with generation Generation{generationId=3, memberId='consumer-Consumer-topic-5c067e84_be23_4755_b2dd_1ed1e77b15d1-35-48742b84-b0fd-4a90-8786-6440f68d0671', protocol='range'}
2025-09-03 13:57:32,566 INFO  [org.apa.kaf.cli.con.int.ConsumerCoordinator] (ForkJoinPool.commonPool-worker-3) [Consumer clientId=consumer-Consumer-topic-5c067e84_be23_4755_b2dd_1ed1e77b15d1-35, groupId=Consumer-topic-5c067e84_be23_4755_b2dd_1ed1e77b15d1] Finished assignment for group at generation 3: {consumer-Consumer-topic-5c067e84_be23_4755_b2dd_1ed1e77b15d1-35-48742b84-b0fd-4a90-8786-6440f68d0671=Assignment(partitions=[topic-5c067e84_be23_4755_b2dd_1ed1e77b15d1-0])}
2025-09-03 13:57:32,573 INFO  [org.apa.kaf.cli.con.int.ConsumerCoordinator] (ForkJoinPool.commonPool-worker-3) [Consumer clientId=consumer-Consumer-topic-5c067e84_be23_4755_b2dd_1ed1e77b15d1-35, groupId=Consumer-topic-5c067e84_be23_4755_b2dd_1ed1e77b15d1] Successfully synced group in generation Generation{generationId=3, memberId='consumer-Consumer-topic-5c067e84_be23_4755_b2dd_1ed1e77b15d1-35-48742b84-b0fd-4a90-8786-6440f68d0671', protocol='range'}
2025-09-03 13:57:32,573 INFO  [org.apa.kaf.cli.con.int.ConsumerCoordinator] (ForkJoinPool.commonPool-worker-3) [Consumer clientId=consumer-Consumer-topic-5c067e84_be23_4755_b2dd_1ed1e77b15d1-35, groupId=Consumer-topic-5c067e84_be23_4755_b2dd_1ed1e77b15d1] Notifying assignor about the new Assignment(partitions=[topic-5c067e84_be23_4755_b2dd_1ed1e77b15d1-0])
2025-09-03 13:57:32,573 INFO  [org.apa.kaf.cli.con.int.ConsumerRebalanceListenerInvoker] (ForkJoinPool.commonPool-worker-3) [Consumer clientId=consumer-Consumer-topic-5c067e84_be23_4755_b2dd_1ed1e77b15d1-35, groupId=Consumer-topic-5c067e84_be23_4755_b2dd_1ed1e77b15d1] Adding newly assigned partitions: topic-5c067e84_be23_4755_b2dd_1ed1e77b15d1-0
2025-09-03 13:57:32,574 INFO  [org.apa.kaf.cli.con.int.ConsumerUtils] (ForkJoinPool.commonPool-worker-3) Setting offset for partition topic-5c067e84_be23_4755_b2dd_1ed1e77b15d1-0 to the committed offset FetchPosition{offset=10, offsetEpoch=Optional[0], currentLeader=LeaderAndEpoch{leader=Optional[localhost:32769 (id: 0 rack: null)], epoch=0}}
2025-09-03 13:57:32,646 INFO  [io.api.tes.ser.api.KafkaSerdesTester] (ForkJoinPool.commonPool-worker-3) topic-5c067e84_be23_4755_b2dd_1ed1e77b15d1 0 10 {"key1": "value-0", "key2": "value-0"}
2025-09-03 13:57:32,646 INFO  [io.api.tes.ser.api.KafkaSerdesTester] (ForkJoinPool.commonPool-worker-3) topic-5c067e84_be23_4755_b2dd_1ed1e77b15d1 0 11 {"key1": "value-1", "key2": "value-1"}
2025-09-03 13:57:32,646 INFO  [io.api.tes.ser.api.KafkaSerdesTester] (ForkJoinPool.commonPool-worker-3) topic-5c067e84_be23_4755_b2dd_1ed1e77b15d1 0 12 {"key1": "value-2", "key2": "value-2"}
2025-09-03 13:57:32,646 INFO  [io.api.tes.ser.api.KafkaSerdesTester] (ForkJoinPool.commonPool-worker-3) topic-5c067e84_be23_4755_b2dd_1ed1e77b15d1 0 13 {"key1": "value-3", "key2": "value-3"}
2025-09-03 13:57:32,646 INFO  [io.api.tes.ser.api.KafkaSerdesTester] (ForkJoinPool.commonPool-worker-3) topic-5c067e84_be23_4755_b2dd_1ed1e77b15d1 0 14 {"key1": "value-4", "key2": "value-4"}
2025-09-03 13:57:32,646 INFO  [io.api.tes.ser.api.KafkaSerdesTester] (ForkJoinPool.commonPool-worker-3) topic-5c067e84_be23_4755_b2dd_1ed1e77b15d1 0 15 {"key1": "value-5", "key2": "value-5"}
2025-09-03 13:57:32,646 INFO  [io.api.tes.ser.api.KafkaSerdesTester] (ForkJoinPool.commonPool-worker-3) topic-5c067e84_be23_4755_b2dd_1ed1e77b15d1 0 16 {"key1": "value-6", "key2": "value-6"}
2025-09-03 13:57:32,646 INFO  [io.api.tes.ser.api.KafkaSerdesTester] (ForkJoinPool.commonPool-worker-3) topic-5c067e84_be23_4755_b2dd_1ed1e77b15d1 0 17 {"key1": "value-7", "key2": "value-7"}
2025-09-03 13:57:32,646 INFO  [io.api.tes.ser.api.KafkaSerdesTester] (ForkJoinPool.commonPool-worker-3) topic-5c067e84_be23_4755_b2dd_1ed1e77b15d1 0 18 {"key1": "value-8", "key2": "value-8"}
2025-09-03 13:57:32,646 INFO  [io.api.tes.ser.api.KafkaSerdesTester] (ForkJoinPool.commonPool-worker-3) topic-5c067e84_be23_4755_b2dd_1ed1e77b15d1 0 19 {"key1": "value-9", "key2": "value-9"}
2025-09-03 13:57:32,646 INFO  [io.api.tes.ser.api.KafkaSerdesTester] (ForkJoinPool.commonPool-worker-3) topic-5c067e84_be23_4755_b2dd_1ed1e77b15d1 0 20 {"key1": "value-0"}
2025-09-03 13:57:32,646 INFO  [io.api.tes.ser.api.KafkaSerdesTester] (ForkJoinPool.commonPool-worker-3) topic-5c067e84_be23_4755_b2dd_1ed1e77b15d1 0 21 {"key1": "value-1"}
2025-09-03 13:57:32,646 INFO  [io.api.tes.ser.api.KafkaSerdesTester] (ForkJoinPool.commonPool-worker-3) topic-5c067e84_be23_4755_b2dd_1ed1e77b15d1 0 22 {"key1": "value-2"}
2025-09-03 13:57:32,646 INFO  [io.api.tes.ser.api.KafkaSerdesTester] (ForkJoinPool.commonPool-worker-3) topic-5c067e84_be23_4755_b2dd_1ed1e77b15d1 0 23 {"key1": "value-3"}
2025-09-03 13:57:32,646 INFO  [io.api.tes.ser.api.KafkaSerdesTester] (ForkJoinPool.commonPool-worker-3) topic-5c067e84_be23_4755_b2dd_1ed1e77b15d1 0 24 {"key1": "value-4"}
2025-09-03 13:57:32,646 INFO  [io.api.tes.ser.api.KafkaSerdesTester] (ForkJoinPool.commonPool-worker-3) topic-5c067e84_be23_4755_b2dd_1ed1e77b15d1 0 25 {"key1": "value-5"}
2025-09-03 13:57:32,646 INFO  [io.api.tes.ser.api.KafkaSerdesTester] (ForkJoinPool.commonPool-worker-3) topic-5c067e84_be23_4755_b2dd_1ed1e77b15d1 0 26 {"key1": "value-6"}
2025-09-03 13:57:32,646 INFO  [io.api.tes.ser.api.KafkaSerdesTester] (ForkJoinPool.commonPool-worker-3) topic-5c067e84_be23_4755_b2dd_1ed1e77b15d1 0 27 {"key1": "value-7"}
2025-09-03 13:57:32,646 INFO  [io.api.tes.ser.api.KafkaSerdesTester] (ForkJoinPool.commonPool-worker-3) topic-5c067e84_be23_4755_b2dd_1ed1e77b15d1 0 28 {"key1": "value-8"}
2025-09-03 13:57:32,646 INFO  [io.api.tes.ser.api.KafkaSerdesTester] (ForkJoinPool.commonPool-worker-3) topic-5c067e84_be23_4755_b2dd_1ed1e77b15d1 0 29 {"key1": "value-9"}
2025-09-03 13:57:32,646 INFO  [io.api.tes.ser.api.KafkaSerdesTester] (ForkJoinPool.commonPool-worker-3) Consumed 20 messages
2025-09-03 13:57:32,653 INFO  [org.apa.kaf.cli.con.int.ConsumerRebalanceListenerInvoker] (ForkJoinPool.commonPool-worker-3) [Consumer clientId=consumer-Consumer-topic-5c067e84_be23_4755_b2dd_1ed1e77b15d1-35, groupId=Consumer-topic-5c067e84_be23_4755_b2dd_1ed1e77b15d1] Revoke previously assigned partitions topic-5c067e84_be23_4755_b2dd_1ed1e77b15d1-0
2025-09-03 13:57:32,653 INFO  [org.apa.kaf.cli.con.int.ConsumerCoordinator] (ForkJoinPool.commonPool-worker-3) [Consumer clientId=consumer-Consumer-topic-5c067e84_be23_4755_b2dd_1ed1e77b15d1-35, groupId=Consumer-topic-5c067e84_be23_4755_b2dd_1ed1e77b15d1] Member consumer-Consumer-topic-5c067e84_be23_4755_b2dd_1ed1e77b15d1-35-48742b84-b0fd-4a90-8786-6440f68d0671 sending LeaveGroup request to coordinator localhost:32769 (id: 2147483647 rack: null) due to the consumer is being closed
2025-09-03 13:57:32,653 INFO  [org.apa.kaf.cli.con.int.ConsumerCoordinator] (ForkJoinPool.commonPool-worker-3) [Consumer clientId=consumer-Consumer-topic-5c067e84_be23_4755_b2dd_1ed1e77b15d1-35, groupId=Consumer-topic-5c067e84_be23_4755_b2dd_1ed1e77b15d1] Resetting generation and member id due to: consumer pro-actively leaving the group
2025-09-03 13:57:32,653 INFO  [org.apa.kaf.cli.con.int.ConsumerCoordinator] (ForkJoinPool.commonPool-worker-3) [Consumer clientId=consumer-Consumer-topic-5c067e84_be23_4755_b2dd_1ed1e77b15d1-35, groupId=Consumer-topic-5c067e84_be23_4755_b2dd_1ed1e77b15d1] Request joining group due to: consumer pro-actively leaving the group
2025-09-03 13:57:33,148 INFO  [org.apa.kaf.com.met.Metrics] (ForkJoinPool.commonPool-worker-3) Metrics scheduler closed
2025-09-03 13:57:33,148 INFO  [org.apa.kaf.com.met.Metrics] (ForkJoinPool.commonPool-worker-3) Closing reporter org.apache.kafka.common.metrics.JmxReporter
2025-09-03 13:57:33,148 INFO  [org.apa.kaf.com.met.Metrics] (ForkJoinPool.commonPool-worker-3) Closing reporter org.apache.kafka.common.telemetry.internals.ClientTelemetryReporter
2025-09-03 13:57:33,148 INFO  [org.apa.kaf.com.met.Metrics] (ForkJoinPool.commonPool-worker-3) Metrics reporters closed
2025-09-03 13:57:33,149 INFO  [org.apa.kaf.com.uti.AppInfoParser] (ForkJoinPool.commonPool-worker-3) App info kafka.consumer for consumer-Consumer-topic-5c067e84_be23_4755_b2dd_1ed1e77b15d1-35 unregistered
**** Registry Base URL: http://registry-app-mysql.apps.ci419.apicurio-testing.org:80
2025-09-03 13:57:34,274 INFO  [org.apa.kaf.cli.pro.ProducerConfig] (main) ProducerConfig values: 
	acks = -1
	auto.include.jmx.reporter = true
	batch.size = 16384
	bootstrap.servers = [PLAINTEXT://localhost:32769]
	buffer.memory = 33554432
	client.dns.lookup = use_all_dns_ips
	client.id = Producer-topic-5c067e84_be23_4755_b2dd_1ed1e77b15d1
	compression.gzip.level = -1
	compression.lz4.level = 9
	compression.type = none
	compression.zstd.level = 3
	connections.max.idle.ms = 10000
	delivery.timeout.ms = 120000
	enable.idempotence = true
	enable.metrics.push = true
	interceptor.classes = []
	key.serializer = class org.apache.kafka.common.serialization.StringSerializer
	linger.ms = 0
	max.block.ms = 60000
	max.in.flight.requests.per.connection = 5
	max.request.size = 1048576
	metadata.max.age.ms = 300000
	metadata.max.idle.ms = 300000
	metadata.recovery.strategy = none
	metric.reporters = []
	metrics.num.samples = 2
	metrics.recording.level = INFO
	metrics.sample.window.ms = 30000
	partitioner.adaptive.partitioning.enable = true
	partitioner.availability.timeout.ms = 0
	partitioner.class = null
	partitioner.ignore.keys = false
	receive.buffer.bytes = 32768
	reconnect.backoff.max.ms = 1000
	reconnect.backoff.ms = 50
	request.timeout.ms = 5000
	retries = 2147483647
	retry.backoff.max.ms = 1000
	retry.backoff.ms = 100
	sasl.client.callback.handler.class = null
	sasl.jaas.config = null
	sasl.kerberos.kinit.cmd = /usr/bin/kinit
	sasl.kerberos.min.time.before.relogin = 60000
	sasl.kerberos.service.name = null
	sasl.kerberos.ticket.renew.jitter = 0.05
	sasl.kerberos.ticket.renew.window.factor = 0.8
	sasl.login.callback.handler.class = null
	sasl.login.class = null
	sasl.login.connect.timeout.ms = null
	sasl.login.read.timeout.ms = null
	sasl.login.refresh.buffer.seconds = 300
	sasl.login.refresh.min.period.seconds = 60
	sasl.login.refresh.window.factor = 0.8
	sasl.login.refresh.window.jitter = 0.05
	sasl.login.retry.backoff.max.ms = 10000
	sasl.login.retry.backoff.ms = 100
	sasl.mechanism = GSSAPI
	sasl.oauthbearer.clock.skew.seconds = 30
	sasl.oauthbearer.expected.audience = null
	sasl.oauthbearer.expected.issuer = null
	sasl.oauthbearer.header.urlencode = false
	sasl.oauthbearer.jwks.endpoint.refresh.ms = 3600000
	sasl.oauthbearer.jwks.endpoint.retry.backoff.max.ms = 10000
	sasl.oauthbearer.jwks.endpoint.retry.backoff.ms = 100
	sasl.oauthbearer.jwks.endpoint.url = null
	sasl.oauthbearer.scope.claim.name = scope
	sasl.oauthbearer.sub.claim.name = sub
	sasl.oauthbearer.token.endpoint.url = null
	security.protocol = PLAINTEXT
	security.providers = null
	send.buffer.bytes = 131072
	socket.connection.setup.timeout.max.ms = 30000
	socket.connection.setup.timeout.ms = 10000
	ssl.cipher.suites = null
	ssl.enabled.protocols = [TLSv1.2, TLSv1.3]
	ssl.endpoint.identification.algorithm = https
	ssl.engine.factory.class = null
	ssl.key.password = null
	ssl.keymanager.algorithm = SunX509
	ssl.keystore.certificate.chain = null
	ssl.keystore.key = null
	ssl.keystore.location = null
	ssl.keystore.password = null
	ssl.keystore.type = JKS
	ssl.protocol = TLSv1.3
	ssl.provider = null
	ssl.secure.random.implementation = null
	ssl.trustmanager.algorithm = PKIX
	ssl.truststore.certificates = null
	ssl.truststore.location = null
	ssl.truststore.password = null
	ssl.truststore.type = JKS
	transaction.timeout.ms = 60000
	transactional.id = null
	value.serializer = class io.confluent.kafka.serializers.KafkaAvroSerializer

2025-09-03 13:57:34,274 INFO  [org.apa.kaf.com.tel.int.KafkaMetricsCollector] (main) initializing Kafka metrics collector
2025-09-03 13:57:34,275 INFO  [io.con.kaf.ser.KafkaAvroSerializerConfig] (main) KafkaAvroSerializerConfig values: 
	auto.register.schemas = false
	avro.reflection.allow.null = false
	avro.remove.java.properties = false
	avro.use.logical.type.converters = false
	basic.auth.credentials.source = URL
	basic.auth.user.info = [hidden]
	bearer.auth.cache.expiry.buffer.seconds = 300
	bearer.auth.client.id = null
	bearer.auth.client.secret = null
	bearer.auth.credentials.source = STATIC_TOKEN
	bearer.auth.custom.provider.class = null
	bearer.auth.identity.pool.id = null
	bearer.auth.issuer.endpoint.url = null
	bearer.auth.logical.cluster = null
	bearer.auth.scope = null
	bearer.auth.scope.claim.name = scope
	bearer.auth.sub.claim.name = sub
	bearer.auth.token = [hidden]
	context.name.strategy = class io.confluent.kafka.serializers.context.NullContextNameStrategy
	http.connect.timeout.ms = 60000
	http.read.timeout.ms = 60000
	id.compatibility.strict = true
	key.schema.id.deserializer = class io.confluent.kafka.serializers.schema.id.DualSchemaIdDeserializer
	key.schema.id.serializer = class io.confluent.kafka.serializers.schema.id.PrefixSchemaIdSerializer
	key.subject.name.strategy = class io.confluent.kafka.serializers.subject.TopicNameStrategy
	latest.cache.size = 1000
	latest.cache.ttl.sec = -1
	latest.compatibility.strict = true
	max.retries = 3
	max.schemas.per.subject = 1000
	normalize.schemas = false
	propagate.schema.tags = false
	proxy.host = 
	proxy.port = -1
	retries.max.wait.ms = 20000
	retries.wait.ms = 1000
	rule.actions = []
	rule.executors = []
	rule.service.loader.enable = true
	schema.format = null
	schema.reflection = false
	schema.registry.basic.auth.user.info = [hidden]
	schema.registry.ssl.cipher.suites = null
	schema.registry.ssl.enabled.protocols = [TLSv1.2, TLSv1.3]
	schema.registry.ssl.endpoint.identification.algorithm = https
	schema.registry.ssl.engine.factory.class = null
	schema.registry.ssl.key.password = null
	schema.registry.ssl.keymanager.algorithm = SunX509
	schema.registry.ssl.keystore.certificate.chain = null
	schema.registry.ssl.keystore.key = null
	schema.registry.ssl.keystore.location = null
	schema.registry.ssl.keystore.password = null
	schema.registry.ssl.keystore.type = JKS
	schema.registry.ssl.protocol = TLSv1.3
	schema.registry.ssl.provider = null
	schema.registry.ssl.secure.random.implementation = null
	schema.registry.ssl.trustmanager.algorithm = PKIX
	schema.registry.ssl.truststore.certificates = null
	schema.registry.ssl.truststore.location = null
	schema.registry.ssl.truststore.password = null
	schema.registry.ssl.truststore.type = JKS
	schema.registry.url = [http://registry-app-mysql.apps.ci419.apicurio-testing.org:80/apis/ccompat/v7]
	schema.registry.url.randomize = false
	use.latest.version = false
	use.latest.with.metadata = null
	use.schema.id = -1
	value.schema.id.deserializer = class io.confluent.kafka.serializers.schema.id.DualSchemaIdDeserializer
	value.schema.id.serializer = class io.confluent.kafka.serializers.schema.id.PrefixSchemaIdSerializer
	value.subject.name.strategy = class io.confluent.kafka.serializers.subject.TopicRecordNameStrategy

2025-09-03 13:57:34,276 INFO  [org.apa.kaf.cli.pro.KafkaProducer] (main) [Producer clientId=Producer-topic-5c067e84_be23_4755_b2dd_1ed1e77b15d1] Instantiated an idempotent producer.
2025-09-03 13:57:34,278 INFO  [org.apa.kaf.cli.pro.ProducerConfig] (main) These configurations '[schema.registry.url, auto.register.schemas, value.subject.name.strategy]' were supplied but are not used yet.
2025-09-03 13:57:34,278 INFO  [org.apa.kaf.com.uti.AppInfoParser] (main) Kafka version: 3.9.1
2025-09-03 13:57:34,278 INFO  [org.apa.kaf.com.uti.AppInfoParser] (main) Kafka commitId: f745dfdcee2b9851
2025-09-03 13:57:34,278 INFO  [org.apa.kaf.com.uti.AppInfoParser] (main) Kafka startTimeMs: 1756907854278
2025-09-03 13:57:34,278 INFO  [io.api.tes.ser.api.KafkaSerdesTester] (ForkJoinPool.commonPool-worker-3) Sending message {"key1": "value-0", "key2": "value-0", "key3": "value-0"} to topic topic-5c067e84_be23_4755_b2dd_1ed1e77b15d1
2025-09-03 13:57:34,280 INFO  [org.apa.kaf.cli.Metadata] (kafka-producer-network-thread | Producer-topic-5c067e84_be23_4755_b2dd_1ed1e77b15d1) [Producer clientId=Producer-topic-5c067e84_be23_4755_b2dd_1ed1e77b15d1] Cluster ID: idi4IAQcRfmNXWpL6PLRmQ
2025-09-03 13:57:34,280 INFO  [org.apa.kaf.cli.pro.int.TransactionManager] (kafka-producer-network-thread | Producer-topic-5c067e84_be23_4755_b2dd_1ed1e77b15d1) [Producer clientId=Producer-topic-5c067e84_be23_4755_b2dd_1ed1e77b15d1] ProducerId set to 47 with epoch 0
2025-09-03 13:57:34,319 INFO  [io.api.tes.ser.api.KafkaSerdesTester] (ForkJoinPool.commonPool-worker-3) Sending message {"key1": "value-1", "key2": "value-1", "key3": "value-1"} to topic topic-5c067e84_be23_4755_b2dd_1ed1e77b15d1
2025-09-03 13:57:34,319 INFO  [io.api.tes.ser.api.KafkaSerdesTester] (ForkJoinPool.commonPool-worker-3) Sending message {"key1": "value-2", "key2": "value-2", "key3": "value-2"} to topic topic-5c067e84_be23_4755_b2dd_1ed1e77b15d1
2025-09-03 13:57:34,320 INFO  [io.api.tes.ser.api.KafkaSerdesTester] (ForkJoinPool.commonPool-worker-3) Sending message {"key1": "value-3", "key2": "value-3", "key3": "value-3"} to topic topic-5c067e84_be23_4755_b2dd_1ed1e77b15d1
2025-09-03 13:57:34,321 INFO  [io.api.tes.ser.api.KafkaSerdesTester] (ForkJoinPool.commonPool-worker-3) Sending message {"key1": "value-4", "key2": "value-4", "key3": "value-4"} to topic topic-5c067e84_be23_4755_b2dd_1ed1e77b15d1
2025-09-03 13:57:34,322 INFO  [io.api.tes.ser.api.KafkaSerdesTester] (ForkJoinPool.commonPool-worker-3) Sending message {"key1": "value-5", "key2": "value-5", "key3": "value-5"} to topic topic-5c067e84_be23_4755_b2dd_1ed1e77b15d1
2025-09-03 13:57:34,322 INFO  [io.api.tes.ser.api.KafkaSerdesTester] (ForkJoinPool.commonPool-worker-3) Sending message {"key1": "value-6", "key2": "value-6", "key3": "value-6"} to topic topic-5c067e84_be23_4755_b2dd_1ed1e77b15d1
2025-09-03 13:57:34,323 INFO  [io.api.tes.ser.api.KafkaSerdesTester] (ForkJoinPool.commonPool-worker-3) Sending message {"key1": "value-7", "key2": "value-7", "key3": "value-7"} to topic topic-5c067e84_be23_4755_b2dd_1ed1e77b15d1
2025-09-03 13:57:34,324 INFO  [io.api.tes.ser.api.KafkaSerdesTester] (ForkJoinPool.commonPool-worker-3) Sending message {"key1": "value-8", "key2": "value-8", "key3": "value-8"} to topic topic-5c067e84_be23_4755_b2dd_1ed1e77b15d1
2025-09-03 13:57:34,325 INFO  [io.api.tes.ser.api.KafkaSerdesTester] (ForkJoinPool.commonPool-worker-3) Sending message {"key1": "value-9", "key2": "value-9", "key3": "value-9"} to topic topic-5c067e84_be23_4755_b2dd_1ed1e77b15d1
2025-09-03 13:57:34,326 INFO  [io.api.tes.ser.api.KafkaSerdesTester] (ForkJoinPool.commonPool-worker-3) Produced 10 messages
2025-09-03 13:57:34,326 INFO  [org.apa.kaf.cli.pro.KafkaProducer] (ForkJoinPool.commonPool-worker-3) [Producer clientId=Producer-topic-5c067e84_be23_4755_b2dd_1ed1e77b15d1] Closing the Kafka producer with timeoutMillis = 9223372036854775807 ms.
2025-09-03 13:57:34,327 INFO  [org.apa.kaf.com.met.Metrics] (ForkJoinPool.commonPool-worker-3) Metrics scheduler closed
2025-09-03 13:57:34,327 INFO  [org.apa.kaf.com.met.Metrics] (ForkJoinPool.commonPool-worker-3) Closing reporter org.apache.kafka.common.metrics.JmxReporter
2025-09-03 13:57:34,327 INFO  [org.apa.kaf.com.met.Metrics] (ForkJoinPool.commonPool-worker-3) Closing reporter org.apache.kafka.common.telemetry.internals.ClientTelemetryReporter
2025-09-03 13:57:34,327 INFO  [org.apa.kaf.com.met.Metrics] (ForkJoinPool.commonPool-worker-3) Metrics reporters closed
2025-09-03 13:57:34,327 INFO  [org.apa.kaf.com.uti.AppInfoParser] (ForkJoinPool.commonPool-worker-3) App info kafka.producer for Producer-topic-5c067e84_be23_4755_b2dd_1ed1e77b15d1 unregistered
**** Registry Base URL: http://registry-app-mysql.apps.ci419.apicurio-testing.org:80
2025-09-03 13:57:34,327 INFO  [org.apa.kaf.cli.pro.ProducerConfig] (main) ProducerConfig values: 
	acks = -1
	auto.include.jmx.reporter = true
	batch.size = 16384
	bootstrap.servers = [PLAINTEXT://localhost:32769]
	buffer.memory = 33554432
	client.dns.lookup = use_all_dns_ips
	client.id = Producer-topic-5c067e84_be23_4755_b2dd_1ed1e77b15d1
	compression.gzip.level = -1
	compression.lz4.level = 9
	compression.type = none
	compression.zstd.level = 3
	connections.max.idle.ms = 10000
	delivery.timeout.ms = 120000
	enable.idempotence = true
	enable.metrics.push = true
	interceptor.classes = []
	key.serializer = class org.apache.kafka.common.serialization.StringSerializer
	linger.ms = 0
	max.block.ms = 60000
	max.in.flight.requests.per.connection = 5
	max.request.size = 1048576
	metadata.max.age.ms = 300000
	metadata.max.idle.ms = 300000
	metadata.recovery.strategy = none
	metric.reporters = []
	metrics.num.samples = 2
	metrics.recording.level = INFO
	metrics.sample.window.ms = 30000
	partitioner.adaptive.partitioning.enable = true
	partitioner.availability.timeout.ms = 0
	partitioner.class = null
	partitioner.ignore.keys = false
	receive.buffer.bytes = 32768
	reconnect.backoff.max.ms = 1000
	reconnect.backoff.ms = 50
	request.timeout.ms = 5000
	retries = 2147483647
	retry.backoff.max.ms = 1000
	retry.backoff.ms = 100
	sasl.client.callback.handler.class = null
	sasl.jaas.config = null
	sasl.kerberos.kinit.cmd = /usr/bin/kinit
	sasl.kerberos.min.time.before.relogin = 60000
	sasl.kerberos.service.name = null
	sasl.kerberos.ticket.renew.jitter = 0.05
	sasl.kerberos.ticket.renew.window.factor = 0.8
	sasl.login.callback.handler.class = null
	sasl.login.class = null
	sasl.login.connect.timeout.ms = null
	sasl.login.read.timeout.ms = null
	sasl.login.refresh.buffer.seconds = 300
	sasl.login.refresh.min.period.seconds = 60
	sasl.login.refresh.window.factor = 0.8
	sasl.login.refresh.window.jitter = 0.05
	sasl.login.retry.backoff.max.ms = 10000
	sasl.login.retry.backoff.ms = 100
	sasl.mechanism = GSSAPI
	sasl.oauthbearer.clock.skew.seconds = 30
	sasl.oauthbearer.expected.audience = null
	sasl.oauthbearer.expected.issuer = null
	sasl.oauthbearer.header.urlencode = false
	sasl.oauthbearer.jwks.endpoint.refresh.ms = 3600000
	sasl.oauthbearer.jwks.endpoint.retry.backoff.max.ms = 10000
	sasl.oauthbearer.jwks.endpoint.retry.backoff.ms = 100
	sasl.oauthbearer.jwks.endpoint.url = null
	sasl.oauthbearer.scope.claim.name = scope
	sasl.oauthbearer.sub.claim.name = sub
	sasl.oauthbearer.token.endpoint.url = null
	security.protocol = PLAINTEXT
	security.providers = null
	send.buffer.bytes = 131072
	socket.connection.setup.timeout.max.ms = 30000
	socket.connection.setup.timeout.ms = 10000
	ssl.cipher.suites = null
	ssl.enabled.protocols = [TLSv1.2, TLSv1.3]
	ssl.endpoint.identification.algorithm = https
	ssl.engine.factory.class = null
	ssl.key.password = null
	ssl.keymanager.algorithm = SunX509
	ssl.keystore.certificate.chain = null
	ssl.keystore.key = null
	ssl.keystore.location = null
	ssl.keystore.password = null
	ssl.keystore.type = JKS
	ssl.protocol = TLSv1.3
	ssl.provider = null
	ssl.secure.random.implementation = null
	ssl.trustmanager.algorithm = PKIX
	ssl.truststore.certificates = null
	ssl.truststore.location = null
	ssl.truststore.password = null
	ssl.truststore.type = JKS
	transaction.timeout.ms = 60000
	transactional.id = null
	value.serializer = class io.confluent.kafka.serializers.KafkaAvroSerializer

2025-09-03 13:57:34,327 INFO  [org.apa.kaf.com.tel.int.KafkaMetricsCollector] (main) initializing Kafka metrics collector
2025-09-03 13:57:34,328 INFO  [io.con.kaf.ser.KafkaAvroSerializerConfig] (main) KafkaAvroSerializerConfig values: 
	auto.register.schemas = false
	avro.reflection.allow.null = false
	avro.remove.java.properties = false
	avro.use.logical.type.converters = false
	basic.auth.credentials.source = URL
	basic.auth.user.info = [hidden]
	bearer.auth.cache.expiry.buffer.seconds = 300
	bearer.auth.client.id = null
	bearer.auth.client.secret = null
	bearer.auth.credentials.source = STATIC_TOKEN
	bearer.auth.custom.provider.class = null
	bearer.auth.identity.pool.id = null
	bearer.auth.issuer.endpoint.url = null
	bearer.auth.logical.cluster = null
	bearer.auth.scope = null
	bearer.auth.scope.claim.name = scope
	bearer.auth.sub.claim.name = sub
	bearer.auth.token = [hidden]
	context.name.strategy = class io.confluent.kafka.serializers.context.NullContextNameStrategy
	http.connect.timeout.ms = 60000
	http.read.timeout.ms = 60000
	id.compatibility.strict = true
	key.schema.id.deserializer = class io.confluent.kafka.serializers.schema.id.DualSchemaIdDeserializer
	key.schema.id.serializer = class io.confluent.kafka.serializers.schema.id.PrefixSchemaIdSerializer
	key.subject.name.strategy = class io.confluent.kafka.serializers.subject.TopicNameStrategy
	latest.cache.size = 1000
	latest.cache.ttl.sec = -1
	latest.compatibility.strict = true
	max.retries = 3
	max.schemas.per.subject = 1000
	normalize.schemas = false
	propagate.schema.tags = false
	proxy.host = 
	proxy.port = -1
	retries.max.wait.ms = 20000
	retries.wait.ms = 1000
	rule.actions = []
	rule.executors = []
	rule.service.loader.enable = true
	schema.format = null
	schema.reflection = false
	schema.registry.basic.auth.user.info = [hidden]
	schema.registry.ssl.cipher.suites = null
	schema.registry.ssl.enabled.protocols = [TLSv1.2, TLSv1.3]
	schema.registry.ssl.endpoint.identification.algorithm = https
	schema.registry.ssl.engine.factory.class = null
	schema.registry.ssl.key.password = null
	schema.registry.ssl.keymanager.algorithm = SunX509
	schema.registry.ssl.keystore.certificate.chain = null
	schema.registry.ssl.keystore.key = null
	schema.registry.ssl.keystore.location = null
	schema.registry.ssl.keystore.password = null
	schema.registry.ssl.keystore.type = JKS
	schema.registry.ssl.protocol = TLSv1.3
	schema.registry.ssl.provider = null
	schema.registry.ssl.secure.random.implementation = null
	schema.registry.ssl.trustmanager.algorithm = PKIX
	schema.registry.ssl.truststore.certificates = null
	schema.registry.ssl.truststore.location = null
	schema.registry.ssl.truststore.password = null
	schema.registry.ssl.truststore.type = JKS
	schema.registry.url = [http://registry-app-mysql.apps.ci419.apicurio-testing.org:80/apis/ccompat/v7]
	schema.registry.url.randomize = false
	use.latest.version = false
	use.latest.with.metadata = null
	use.schema.id = -1
	value.schema.id.deserializer = class io.confluent.kafka.serializers.schema.id.DualSchemaIdDeserializer
	value.schema.id.serializer = class io.confluent.kafka.serializers.schema.id.PrefixSchemaIdSerializer
	value.subject.name.strategy = class io.confluent.kafka.serializers.subject.TopicRecordNameStrategy

2025-09-03 13:57:34,329 INFO  [org.apa.kaf.cli.pro.KafkaProducer] (main) [Producer clientId=Producer-topic-5c067e84_be23_4755_b2dd_1ed1e77b15d1] Instantiated an idempotent producer.
2025-09-03 13:57:34,330 INFO  [org.apa.kaf.cli.pro.ProducerConfig] (main) These configurations '[schema.registry.url, auto.register.schemas, value.subject.name.strategy]' were supplied but are not used yet.
2025-09-03 13:57:34,330 INFO  [org.apa.kaf.com.uti.AppInfoParser] (main) Kafka version: 3.9.1
2025-09-03 13:57:34,330 INFO  [org.apa.kaf.com.uti.AppInfoParser] (main) Kafka commitId: f745dfdcee2b9851
2025-09-03 13:57:34,330 INFO  [org.apa.kaf.com.uti.AppInfoParser] (main) Kafka startTimeMs: 1756907854330
2025-09-03 13:57:34,330 INFO  [io.api.tes.ser.api.KafkaSerdesTester] (ForkJoinPool.commonPool-worker-3) Sending message {"key1": "value-0", "key2": "value-0"} to topic topic-5c067e84_be23_4755_b2dd_1ed1e77b15d1
2025-09-03 13:57:34,332 INFO  [org.apa.kaf.cli.Metadata] (kafka-producer-network-thread | Producer-topic-5c067e84_be23_4755_b2dd_1ed1e77b15d1) [Producer clientId=Producer-topic-5c067e84_be23_4755_b2dd_1ed1e77b15d1] Cluster ID: idi4IAQcRfmNXWpL6PLRmQ
2025-09-03 13:57:34,332 INFO  [org.apa.kaf.cli.pro.int.TransactionManager] (kafka-producer-network-thread | Producer-topic-5c067e84_be23_4755_b2dd_1ed1e77b15d1) [Producer clientId=Producer-topic-5c067e84_be23_4755_b2dd_1ed1e77b15d1] ProducerId set to 48 with epoch 0
2025-09-03 13:57:34,373 INFO  [io.api.tes.ser.api.KafkaSerdesTester] (ForkJoinPool.commonPool-worker-3) Sending message {"key1": "value-1", "key2": "value-1"} to topic topic-5c067e84_be23_4755_b2dd_1ed1e77b15d1
2025-09-03 13:57:34,374 INFO  [io.api.tes.ser.api.KafkaSerdesTester] (ForkJoinPool.commonPool-worker-3) Sending message {"key1": "value-2", "key2": "value-2"} to topic topic-5c067e84_be23_4755_b2dd_1ed1e77b15d1
2025-09-03 13:57:34,375 INFO  [io.api.tes.ser.api.KafkaSerdesTester] (ForkJoinPool.commonPool-worker-3) Sending message {"key1": "value-3", "key2": "value-3"} to topic topic-5c067e84_be23_4755_b2dd_1ed1e77b15d1
2025-09-03 13:57:34,376 INFO  [io.api.tes.ser.api.KafkaSerdesTester] (ForkJoinPool.commonPool-worker-3) Sending message {"key1": "value-4", "key2": "value-4"} to topic topic-5c067e84_be23_4755_b2dd_1ed1e77b15d1
2025-09-03 13:57:34,377 INFO  [io.api.tes.ser.api.KafkaSerdesTester] (ForkJoinPool.commonPool-worker-3) Sending message {"key1": "value-5", "key2": "value-5"} to topic topic-5c067e84_be23_4755_b2dd_1ed1e77b15d1
2025-09-03 13:57:34,381 INFO  [io.api.tes.ser.api.KafkaSerdesTester] (ForkJoinPool.commonPool-worker-3) Sending message {"key1": "value-6", "key2": "value-6"} to topic topic-5c067e84_be23_4755_b2dd_1ed1e77b15d1
2025-09-03 13:57:34,382 INFO  [io.api.tes.ser.api.KafkaSerdesTester] (ForkJoinPool.commonPool-worker-3) Sending message {"key1": "value-7", "key2": "value-7"} to topic topic-5c067e84_be23_4755_b2dd_1ed1e77b15d1
2025-09-03 13:57:34,385 INFO  [io.api.tes.ser.api.KafkaSerdesTester] (ForkJoinPool.commonPool-worker-3) Sending message {"key1": "value-8", "key2": "value-8"} to topic topic-5c067e84_be23_4755_b2dd_1ed1e77b15d1
2025-09-03 13:57:34,386 INFO  [io.api.tes.ser.api.KafkaSerdesTester] (ForkJoinPool.commonPool-worker-3) Sending message {"key1": "value-9", "key2": "value-9"} to topic topic-5c067e84_be23_4755_b2dd_1ed1e77b15d1
2025-09-03 13:57:34,388 INFO  [io.api.tes.ser.api.KafkaSerdesTester] (ForkJoinPool.commonPool-worker-3) Produced 10 messages
2025-09-03 13:57:34,388 INFO  [org.apa.kaf.cli.pro.KafkaProducer] (ForkJoinPool.commonPool-worker-3) [Producer clientId=Producer-topic-5c067e84_be23_4755_b2dd_1ed1e77b15d1] Closing the Kafka producer with timeoutMillis = 9223372036854775807 ms.
2025-09-03 13:57:34,391 INFO  [org.apa.kaf.com.met.Metrics] (ForkJoinPool.commonPool-worker-3) Metrics scheduler closed
2025-09-03 13:57:34,391 INFO  [org.apa.kaf.com.met.Metrics] (ForkJoinPool.commonPool-worker-3) Closing reporter org.apache.kafka.common.metrics.JmxReporter
2025-09-03 13:57:34,391 INFO  [org.apa.kaf.com.met.Metrics] (ForkJoinPool.commonPool-worker-3) Closing reporter org.apache.kafka.common.telemetry.internals.ClientTelemetryReporter
2025-09-03 13:57:34,391 INFO  [org.apa.kaf.com.met.Metrics] (ForkJoinPool.commonPool-worker-3) Metrics reporters closed
2025-09-03 13:57:34,391 INFO  [org.apa.kaf.com.uti.AppInfoParser] (ForkJoinPool.commonPool-worker-3) App info kafka.producer for Producer-topic-5c067e84_be23_4755_b2dd_1ed1e77b15d1 unregistered
**** Registry Base URL: http://registry-app-mysql.apps.ci419.apicurio-testing.org:80
2025-09-03 13:57:34,393 INFO  [org.apa.kaf.cli.pro.ProducerConfig] (main) ProducerConfig values: 
	acks = -1
	auto.include.jmx.reporter = true
	batch.size = 16384
	bootstrap.servers = [PLAINTEXT://localhost:32769]
	buffer.memory = 33554432
	client.dns.lookup = use_all_dns_ips
	client.id = Producer-topic-5c067e84_be23_4755_b2dd_1ed1e77b15d1
	compression.gzip.level = -1
	compression.lz4.level = 9
	compression.type = none
	compression.zstd.level = 3
	connections.max.idle.ms = 10000
	delivery.timeout.ms = 120000
	enable.idempotence = true
	enable.metrics.push = true
	interceptor.classes = []
	key.serializer = class org.apache.kafka.common.serialization.StringSerializer
	linger.ms = 0
	max.block.ms = 60000
	max.in.flight.requests.per.connection = 5
	max.request.size = 1048576
	metadata.max.age.ms = 300000
	metadata.max.idle.ms = 300000
	metadata.recovery.strategy = none
	metric.reporters = []
	metrics.num.samples = 2
	metrics.recording.level = INFO
	metrics.sample.window.ms = 30000
	partitioner.adaptive.partitioning.enable = true
	partitioner.availability.timeout.ms = 0
	partitioner.class = null
	partitioner.ignore.keys = false
	receive.buffer.bytes = 32768
	reconnect.backoff.max.ms = 1000
	reconnect.backoff.ms = 50
	request.timeout.ms = 5000
	retries = 2147483647
	retry.backoff.max.ms = 1000
	retry.backoff.ms = 100
	sasl.client.callback.handler.class = null
	sasl.jaas.config = null
	sasl.kerberos.kinit.cmd = /usr/bin/kinit
	sasl.kerberos.min.time.before.relogin = 60000
	sasl.kerberos.service.name = null
	sasl.kerberos.ticket.renew.jitter = 0.05
	sasl.kerberos.ticket.renew.window.factor = 0.8
	sasl.login.callback.handler.class = null
	sasl.login.class = null
	sasl.login.connect.timeout.ms = null
	sasl.login.read.timeout.ms = null
	sasl.login.refresh.buffer.seconds = 300
	sasl.login.refresh.min.period.seconds = 60
	sasl.login.refresh.window.factor = 0.8
	sasl.login.refresh.window.jitter = 0.05
	sasl.login.retry.backoff.max.ms = 10000
	sasl.login.retry.backoff.ms = 100
	sasl.mechanism = GSSAPI
	sasl.oauthbearer.clock.skew.seconds = 30
	sasl.oauthbearer.expected.audience = null
	sasl.oauthbearer.expected.issuer = null
	sasl.oauthbearer.header.urlencode = false
	sasl.oauthbearer.jwks.endpoint.refresh.ms = 3600000
	sasl.oauthbearer.jwks.endpoint.retry.backoff.max.ms = 10000
	sasl.oauthbearer.jwks.endpoint.retry.backoff.ms = 100
	sasl.oauthbearer.jwks.endpoint.url = null
	sasl.oauthbearer.scope.claim.name = scope
	sasl.oauthbearer.sub.claim.name = sub
	sasl.oauthbearer.token.endpoint.url = null
	security.protocol = PLAINTEXT
	security.providers = null
	send.buffer.bytes = 131072
	socket.connection.setup.timeout.max.ms = 30000
	socket.connection.setup.timeout.ms = 10000
	ssl.cipher.suites = null
	ssl.enabled.protocols = [TLSv1.2, TLSv1.3]
	ssl.endpoint.identification.algorithm = https
	ssl.engine.factory.class = null
	ssl.key.password = null
	ssl.keymanager.algorithm = SunX509
	ssl.keystore.certificate.chain = null
	ssl.keystore.key = null
	ssl.keystore.location = null
	ssl.keystore.password = null
	ssl.keystore.type = JKS
	ssl.protocol = TLSv1.3
	ssl.provider = null
	ssl.secure.random.implementation = null
	ssl.trustmanager.algorithm = PKIX
	ssl.truststore.certificates = null
	ssl.truststore.location = null
	ssl.truststore.password = null
	ssl.truststore.type = JKS
	transaction.timeout.ms = 60000
	transactional.id = null
	value.serializer = class io.confluent.kafka.serializers.KafkaAvroSerializer

2025-09-03 13:57:34,393 INFO  [org.apa.kaf.com.tel.int.KafkaMetricsCollector] (main) initializing Kafka metrics collector
2025-09-03 13:57:34,394 INFO  [io.con.kaf.ser.KafkaAvroSerializerConfig] (main) KafkaAvroSerializerConfig values: 
	auto.register.schemas = false
	avro.reflection.allow.null = false
	avro.remove.java.properties = false
	avro.use.logical.type.converters = false
	basic.auth.credentials.source = URL
	basic.auth.user.info = [hidden]
	bearer.auth.cache.expiry.buffer.seconds = 300
	bearer.auth.client.id = null
	bearer.auth.client.secret = null
	bearer.auth.credentials.source = STATIC_TOKEN
	bearer.auth.custom.provider.class = null
	bearer.auth.identity.pool.id = null
	bearer.auth.issuer.endpoint.url = null
	bearer.auth.logical.cluster = null
	bearer.auth.scope = null
	bearer.auth.scope.claim.name = scope
	bearer.auth.sub.claim.name = sub
	bearer.auth.token = [hidden]
	context.name.strategy = class io.confluent.kafka.serializers.context.NullContextNameStrategy
	http.connect.timeout.ms = 60000
	http.read.timeout.ms = 60000
	id.compatibility.strict = true
	key.schema.id.deserializer = class io.confluent.kafka.serializers.schema.id.DualSchemaIdDeserializer
	key.schema.id.serializer = class io.confluent.kafka.serializers.schema.id.PrefixSchemaIdSerializer
	key.subject.name.strategy = class io.confluent.kafka.serializers.subject.TopicNameStrategy
	latest.cache.size = 1000
	latest.cache.ttl.sec = -1
	latest.compatibility.strict = true
	max.retries = 3
	max.schemas.per.subject = 1000
	normalize.schemas = false
	propagate.schema.tags = false
	proxy.host = 
	proxy.port = -1
	retries.max.wait.ms = 20000
	retries.wait.ms = 1000
	rule.actions = []
	rule.executors = []
	rule.service.loader.enable = true
	schema.format = null
	schema.reflection = false
	schema.registry.basic.auth.user.info = [hidden]
	schema.registry.ssl.cipher.suites = null
	schema.registry.ssl.enabled.protocols = [TLSv1.2, TLSv1.3]
	schema.registry.ssl.endpoint.identification.algorithm = https
	schema.registry.ssl.engine.factory.class = null
	schema.registry.ssl.key.password = null
	schema.registry.ssl.keymanager.algorithm = SunX509
	schema.registry.ssl.keystore.certificate.chain = null
	schema.registry.ssl.keystore.key = null
	schema.registry.ssl.keystore.location = null
	schema.registry.ssl.keystore.password = null
	schema.registry.ssl.keystore.type = JKS
	schema.registry.ssl.protocol = TLSv1.3
	schema.registry.ssl.provider = null
	schema.registry.ssl.secure.random.implementation = null
	schema.registry.ssl.trustmanager.algorithm = PKIX
	schema.registry.ssl.truststore.certificates = null
	schema.registry.ssl.truststore.location = null
	schema.registry.ssl.truststore.password = null
	schema.registry.ssl.truststore.type = JKS
	schema.registry.url = [http://registry-app-mysql.apps.ci419.apicurio-testing.org:80/apis/ccompat/v7]
	schema.registry.url.randomize = false
	use.latest.version = false
	use.latest.with.metadata = null
	use.schema.id = -1
	value.schema.id.deserializer = class io.confluent.kafka.serializers.schema.id.DualSchemaIdDeserializer
	value.schema.id.serializer = class io.confluent.kafka.serializers.schema.id.PrefixSchemaIdSerializer
	value.subject.name.strategy = class io.confluent.kafka.serializers.subject.TopicRecordNameStrategy

2025-09-03 13:57:34,396 INFO  [org.apa.kaf.cli.pro.KafkaProducer] (main) [Producer clientId=Producer-topic-5c067e84_be23_4755_b2dd_1ed1e77b15d1] Instantiated an idempotent producer.
2025-09-03 13:57:34,397 INFO  [org.apa.kaf.cli.pro.ProducerConfig] (main) These configurations '[schema.registry.url, auto.register.schemas, value.subject.name.strategy]' were supplied but are not used yet.
2025-09-03 13:57:34,397 INFO  [org.apa.kaf.com.uti.AppInfoParser] (main) Kafka version: 3.9.1
2025-09-03 13:57:34,397 INFO  [org.apa.kaf.com.uti.AppInfoParser] (main) Kafka commitId: f745dfdcee2b9851
2025-09-03 13:57:34,397 INFO  [org.apa.kaf.com.uti.AppInfoParser] (main) Kafka startTimeMs: 1756907854397
2025-09-03 13:57:34,398 INFO  [io.api.tes.ser.api.KafkaSerdesTester] (ForkJoinPool.commonPool-worker-3) Sending message {"key1": "value-0"} to topic topic-5c067e84_be23_4755_b2dd_1ed1e77b15d1
2025-09-03 13:57:34,400 INFO  [org.apa.kaf.cli.Metadata] (kafka-producer-network-thread | Producer-topic-5c067e84_be23_4755_b2dd_1ed1e77b15d1) [Producer clientId=Producer-topic-5c067e84_be23_4755_b2dd_1ed1e77b15d1] Cluster ID: idi4IAQcRfmNXWpL6PLRmQ
2025-09-03 13:57:34,400 INFO  [org.apa.kaf.cli.pro.int.TransactionManager] (kafka-producer-network-thread | Producer-topic-5c067e84_be23_4755_b2dd_1ed1e77b15d1) [Producer clientId=Producer-topic-5c067e84_be23_4755_b2dd_1ed1e77b15d1] ProducerId set to 49 with epoch 0
2025-09-03 13:57:34,439 INFO  [io.api.tes.ser.api.KafkaSerdesTester] (ForkJoinPool.commonPool-worker-3) Sending message {"key1": "value-1"} to topic topic-5c067e84_be23_4755_b2dd_1ed1e77b15d1
2025-09-03 13:57:34,440 INFO  [io.api.tes.ser.api.KafkaSerdesTester] (ForkJoinPool.commonPool-worker-3) Sending message {"key1": "value-2"} to topic topic-5c067e84_be23_4755_b2dd_1ed1e77b15d1
2025-09-03 13:57:34,441 INFO  [io.api.tes.ser.api.KafkaSerdesTester] (ForkJoinPool.commonPool-worker-3) Sending message {"key1": "value-3"} to topic topic-5c067e84_be23_4755_b2dd_1ed1e77b15d1
2025-09-03 13:57:34,442 INFO  [io.api.tes.ser.api.KafkaSerdesTester] (ForkJoinPool.commonPool-worker-3) Sending message {"key1": "value-4"} to topic topic-5c067e84_be23_4755_b2dd_1ed1e77b15d1
2025-09-03 13:57:34,443 INFO  [io.api.tes.ser.api.KafkaSerdesTester] (ForkJoinPool.commonPool-worker-3) Sending message {"key1": "value-5"} to topic topic-5c067e84_be23_4755_b2dd_1ed1e77b15d1
2025-09-03 13:57:34,444 INFO  [io.api.tes.ser.api.KafkaSerdesTester] (ForkJoinPool.commonPool-worker-3) Sending message {"key1": "value-6"} to topic topic-5c067e84_be23_4755_b2dd_1ed1e77b15d1
2025-09-03 13:57:34,445 INFO  [io.api.tes.ser.api.KafkaSerdesTester] (ForkJoinPool.commonPool-worker-3) Sending message {"key1": "value-7"} to topic topic-5c067e84_be23_4755_b2dd_1ed1e77b15d1
2025-09-03 13:57:34,446 INFO  [io.api.tes.ser.api.KafkaSerdesTester] (ForkJoinPool.commonPool-worker-3) Sending message {"key1": "value-8"} to topic topic-5c067e84_be23_4755_b2dd_1ed1e77b15d1
2025-09-03 13:57:34,447 INFO  [io.api.tes.ser.api.KafkaSerdesTester] (ForkJoinPool.commonPool-worker-3) Sending message {"key1": "value-9"} to topic topic-5c067e84_be23_4755_b2dd_1ed1e77b15d1
2025-09-03 13:57:34,448 INFO  [io.api.tes.ser.api.KafkaSerdesTester] (ForkJoinPool.commonPool-worker-3) Produced 10 messages
2025-09-03 13:57:34,449 INFO  [org.apa.kaf.cli.pro.KafkaProducer] (ForkJoinPool.commonPool-worker-3) [Producer clientId=Producer-topic-5c067e84_be23_4755_b2dd_1ed1e77b15d1] Closing the Kafka producer with timeoutMillis = 9223372036854775807 ms.
2025-09-03 13:57:34,450 INFO  [org.apa.kaf.com.met.Metrics] (ForkJoinPool.commonPool-worker-3) Metrics scheduler closed
2025-09-03 13:57:34,450 INFO  [org.apa.kaf.com.met.Metrics] (ForkJoinPool.commonPool-worker-3) Closing reporter org.apache.kafka.common.metrics.JmxReporter
2025-09-03 13:57:34,450 INFO  [org.apa.kaf.com.met.Metrics] (ForkJoinPool.commonPool-worker-3) Closing reporter org.apache.kafka.common.telemetry.internals.ClientTelemetryReporter
2025-09-03 13:57:34,450 INFO  [org.apa.kaf.com.met.Metrics] (ForkJoinPool.commonPool-worker-3) Metrics reporters closed
2025-09-03 13:57:34,450 INFO  [org.apa.kaf.com.uti.AppInfoParser] (ForkJoinPool.commonPool-worker-3) App info kafka.producer for Producer-topic-5c067e84_be23_4755_b2dd_1ed1e77b15d1 unregistered
**** Registry Base URL: http://registry-app-mysql.apps.ci419.apicurio-testing.org:80
2025-09-03 13:57:34,451 INFO  [org.apa.kaf.cli.con.ConsumerConfig] (main) ConsumerConfig values: 
	allow.auto.create.topics = true
	auto.commit.interval.ms = 500
	auto.include.jmx.reporter = true
	auto.offset.reset = earliest
	bootstrap.servers = [PLAINTEXT://localhost:32769]
	check.crcs = true
	client.dns.lookup = use_all_dns_ips
	client.id = consumer-Consumer-topic-5c067e84_be23_4755_b2dd_1ed1e77b15d1-36
	client.rack = 
	connections.max.idle.ms = 10000
	default.api.timeout.ms = 60000
	enable.auto.commit = true
	enable.metrics.push = true
	exclude.internal.topics = true
	fetch.max.bytes = 52428800
	fetch.max.wait.ms = 500
	fetch.min.bytes = 1
	group.id = Consumer-topic-5c067e84_be23_4755_b2dd_1ed1e77b15d1
	group.instance.id = null
	group.protocol = classic
	group.remote.assignor = null
	heartbeat.interval.ms = 3000
	interceptor.classes = []
	internal.leave.group.on.close = true
	internal.throw.on.fetch.stable.offset.unsupported = false
	isolation.level = read_uncommitted
	key.deserializer = class org.apache.kafka.common.serialization.StringDeserializer
	max.partition.fetch.bytes = 1048576
	max.poll.interval.ms = 300000
	max.poll.records = 500
	metadata.max.age.ms = 300000
	metadata.recovery.strategy = none
	metric.reporters = []
	metrics.num.samples = 2
	metrics.recording.level = INFO
	metrics.sample.window.ms = 30000
	partition.assignment.strategy = [class org.apache.kafka.clients.consumer.RangeAssignor, class org.apache.kafka.clients.consumer.CooperativeStickyAssignor]
	receive.buffer.bytes = 65536
	reconnect.backoff.max.ms = 1000
	reconnect.backoff.ms = 50
	request.timeout.ms = 5000
	retry.backoff.max.ms = 1000
	retry.backoff.ms = 100
	sasl.client.callback.handler.class = null
	sasl.jaas.config = null
	sasl.kerberos.kinit.cmd = /usr/bin/kinit
	sasl.kerberos.min.time.before.relogin = 60000
	sasl.kerberos.service.name = null
	sasl.kerberos.ticket.renew.jitter = 0.05
	sasl.kerberos.ticket.renew.window.factor = 0.8
	sasl.login.callback.handler.class = null
	sasl.login.class = null
	sasl.login.connect.timeout.ms = null
	sasl.login.read.timeout.ms = null
	sasl.login.refresh.buffer.seconds = 300
	sasl.login.refresh.min.period.seconds = 60
	sasl.login.refresh.window.factor = 0.8
	sasl.login.refresh.window.jitter = 0.05
	sasl.login.retry.backoff.max.ms = 10000
	sasl.login.retry.backoff.ms = 100
	sasl.mechanism = GSSAPI
	sasl.oauthbearer.clock.skew.seconds = 30
	sasl.oauthbearer.expected.audience = null
	sasl.oauthbearer.expected.issuer = null
	sasl.oauthbearer.header.urlencode = false
	sasl.oauthbearer.jwks.endpoint.refresh.ms = 3600000
	sasl.oauthbearer.jwks.endpoint.retry.backoff.max.ms = 10000
	sasl.oauthbearer.jwks.endpoint.retry.backoff.ms = 100
	sasl.oauthbearer.jwks.endpoint.url = null
	sasl.oauthbearer.scope.claim.name = scope
	sasl.oauthbearer.sub.claim.name = sub
	sasl.oauthbearer.token.endpoint.url = null
	security.protocol = PLAINTEXT
	security.providers = null
	send.buffer.bytes = 131072
	session.timeout.ms = 45000
	socket.connection.setup.timeout.max.ms = 30000
	socket.connection.setup.timeout.ms = 10000
	ssl.cipher.suites = null
	ssl.enabled.protocols = [TLSv1.2, TLSv1.3]
	ssl.endpoint.identification.algorithm = https
	ssl.engine.factory.class = null
	ssl.key.password = null
	ssl.keymanager.algorithm = SunX509
	ssl.keystore.certificate.chain = null
	ssl.keystore.key = null
	ssl.keystore.location = null
	ssl.keystore.password = null
	ssl.keystore.type = JKS
	ssl.protocol = TLSv1.3
	ssl.provider = null
	ssl.secure.random.implementation = null
	ssl.trustmanager.algorithm = PKIX
	ssl.truststore.certificates = null
	ssl.truststore.location = null
	ssl.truststore.password = null
	ssl.truststore.type = JKS
	value.deserializer = class io.confluent.kafka.serializers.KafkaAvroDeserializer

2025-09-03 13:57:34,451 INFO  [org.apa.kaf.com.tel.int.KafkaMetricsCollector] (main) initializing Kafka metrics collector
2025-09-03 13:57:34,451 INFO  [io.con.kaf.ser.KafkaAvroDeserializerConfig] (main) KafkaAvroDeserializerConfig values: 
	auto.register.schemas = true
	avro.reflection.allow.null = false
	avro.use.logical.type.converters = false
	basic.auth.credentials.source = URL
	basic.auth.user.info = [hidden]
	bearer.auth.cache.expiry.buffer.seconds = 300
	bearer.auth.client.id = null
	bearer.auth.client.secret = null
	bearer.auth.credentials.source = STATIC_TOKEN
	bearer.auth.custom.provider.class = null
	bearer.auth.identity.pool.id = null
	bearer.auth.issuer.endpoint.url = null
	bearer.auth.logical.cluster = null
	bearer.auth.scope = null
	bearer.auth.scope.claim.name = scope
	bearer.auth.sub.claim.name = sub
	bearer.auth.token = [hidden]
	context.name.strategy = class io.confluent.kafka.serializers.context.NullContextNameStrategy
	http.connect.timeout.ms = 60000
	http.read.timeout.ms = 60000
	id.compatibility.strict = true
	key.schema.id.deserializer = class io.confluent.kafka.serializers.schema.id.DualSchemaIdDeserializer
	key.schema.id.serializer = class io.confluent.kafka.serializers.schema.id.PrefixSchemaIdSerializer
	key.subject.name.strategy = class io.confluent.kafka.serializers.subject.TopicNameStrategy
	latest.cache.size = 1000
	latest.cache.ttl.sec = -1
	latest.compatibility.strict = true
	max.retries = 3
	max.schemas.per.subject = 1000
	normalize.schemas = false
	propagate.schema.tags = false
	proxy.host = 
	proxy.port = -1
	retries.max.wait.ms = 20000
	retries.wait.ms = 1000
	rule.actions = []
	rule.executors = []
	rule.service.loader.enable = true
	schema.format = null
	schema.reflection = false
	schema.registry.basic.auth.user.info = [hidden]
	schema.registry.ssl.cipher.suites = null
	schema.registry.ssl.enabled.protocols = [TLSv1.2, TLSv1.3]
	schema.registry.ssl.endpoint.identification.algorithm = https
	schema.registry.ssl.engine.factory.class = null
	schema.registry.ssl.key.password = null
	schema.registry.ssl.keymanager.algorithm = SunX509
	schema.registry.ssl.keystore.certificate.chain = null
	schema.registry.ssl.keystore.key = null
	schema.registry.ssl.keystore.location = null
	schema.registry.ssl.keystore.password = null
	schema.registry.ssl.keystore.type = JKS
	schema.registry.ssl.protocol = TLSv1.3
	schema.registry.ssl.provider = null
	schema.registry.ssl.secure.random.implementation = null
	schema.registry.ssl.trustmanager.algorithm = PKIX
	schema.registry.ssl.truststore.certificates = null
	schema.registry.ssl.truststore.location = null
	schema.registry.ssl.truststore.password = null
	schema.registry.ssl.truststore.type = JKS
	schema.registry.url = [http://registry-app-mysql.apps.ci419.apicurio-testing.org:80/apis/ccompat/v7]
	schema.registry.url.randomize = false
	specific.avro.key.type = null
	specific.avro.reader = false
	specific.avro.value.type = null
	use.latest.version = false
	use.latest.with.metadata = null
	use.schema.id = -1
	value.schema.id.deserializer = class io.confluent.kafka.serializers.schema.id.DualSchemaIdDeserializer
	value.schema.id.serializer = class io.confluent.kafka.serializers.schema.id.PrefixSchemaIdSerializer
	value.subject.name.strategy = class io.confluent.kafka.serializers.subject.TopicNameStrategy

2025-09-03 13:57:34,454 INFO  [org.apa.kaf.cli.con.ConsumerConfig] (main) These configurations '[schema.registry.url]' were supplied but are not used yet.
2025-09-03 13:57:34,454 INFO  [org.apa.kaf.com.uti.AppInfoParser] (main) Kafka version: 3.9.1
2025-09-03 13:57:34,454 INFO  [org.apa.kaf.com.uti.AppInfoParser] (main) Kafka commitId: f745dfdcee2b9851
2025-09-03 13:57:34,454 INFO  [org.apa.kaf.com.uti.AppInfoParser] (main) Kafka startTimeMs: 1756907854454
2025-09-03 13:57:34,454 INFO  [org.apa.kaf.cli.con.int.ClassicKafkaConsumer] (ForkJoinPool.commonPool-worker-3) [Consumer clientId=consumer-Consumer-topic-5c067e84_be23_4755_b2dd_1ed1e77b15d1-36, groupId=Consumer-topic-5c067e84_be23_4755_b2dd_1ed1e77b15d1] Subscribed to topic(s): topic-5c067e84_be23_4755_b2dd_1ed1e77b15d1
2025-09-03 13:57:34,457 INFO  [org.apa.kaf.cli.Metadata] (ForkJoinPool.commonPool-worker-3) [Consumer clientId=consumer-Consumer-topic-5c067e84_be23_4755_b2dd_1ed1e77b15d1-36, groupId=Consumer-topic-5c067e84_be23_4755_b2dd_1ed1e77b15d1] Cluster ID: idi4IAQcRfmNXWpL6PLRmQ
2025-09-03 13:57:34,457 INFO  [org.apa.kaf.cli.con.int.ConsumerCoordinator] (ForkJoinPool.commonPool-worker-3) [Consumer clientId=consumer-Consumer-topic-5c067e84_be23_4755_b2dd_1ed1e77b15d1-36, groupId=Consumer-topic-5c067e84_be23_4755_b2dd_1ed1e77b15d1] Discovered group coordinator localhost:32769 (id: 2147483647 rack: null)
2025-09-03 13:57:34,458 INFO  [org.apa.kaf.cli.con.int.ConsumerCoordinator] (ForkJoinPool.commonPool-worker-3) [Consumer clientId=consumer-Consumer-topic-5c067e84_be23_4755_b2dd_1ed1e77b15d1-36, groupId=Consumer-topic-5c067e84_be23_4755_b2dd_1ed1e77b15d1] (Re-)joining group
2025-09-03 13:57:34,459 INFO  [org.apa.kaf.cli.con.int.ConsumerCoordinator] (ForkJoinPool.commonPool-worker-3) [Consumer clientId=consumer-Consumer-topic-5c067e84_be23_4755_b2dd_1ed1e77b15d1-36, groupId=Consumer-topic-5c067e84_be23_4755_b2dd_1ed1e77b15d1] Request joining group due to: need to re-join with the given member-id: consumer-Consumer-topic-5c067e84_be23_4755_b2dd_1ed1e77b15d1-36-540f652a-087f-4af0-a486-8cd746816475
2025-09-03 13:57:34,459 INFO  [org.apa.kaf.cli.con.int.ConsumerCoordinator] (ForkJoinPool.commonPool-worker-3) [Consumer clientId=consumer-Consumer-topic-5c067e84_be23_4755_b2dd_1ed1e77b15d1-36, groupId=Consumer-topic-5c067e84_be23_4755_b2dd_1ed1e77b15d1] (Re-)joining group
2025-09-03 13:57:35,454 INFO  [io.api.tes.ser.api.KafkaSerdesTester] (ForkJoinPool.commonPool-worker-3) None found
2025-09-03 13:57:36,454 INFO  [io.api.tes.ser.api.KafkaSerdesTester] (ForkJoinPool.commonPool-worker-3) None found
2025-09-03 13:57:37,454 INFO  [io.api.tes.ser.api.KafkaSerdesTester] (ForkJoinPool.commonPool-worker-3) None found
2025-09-03 13:57:37,460 INFO  [org.apa.kaf.cli.con.int.ConsumerCoordinator] (ForkJoinPool.commonPool-worker-3) [Consumer clientId=consumer-Consumer-topic-5c067e84_be23_4755_b2dd_1ed1e77b15d1-36, groupId=Consumer-topic-5c067e84_be23_4755_b2dd_1ed1e77b15d1] Successfully joined group with generation Generation{generationId=5, memberId='consumer-Consumer-topic-5c067e84_be23_4755_b2dd_1ed1e77b15d1-36-540f652a-087f-4af0-a486-8cd746816475', protocol='range'}
2025-09-03 13:57:37,460 INFO  [org.apa.kaf.cli.con.int.ConsumerCoordinator] (ForkJoinPool.commonPool-worker-3) [Consumer clientId=consumer-Consumer-topic-5c067e84_be23_4755_b2dd_1ed1e77b15d1-36, groupId=Consumer-topic-5c067e84_be23_4755_b2dd_1ed1e77b15d1] Finished assignment for group at generation 5: {consumer-Consumer-topic-5c067e84_be23_4755_b2dd_1ed1e77b15d1-36-540f652a-087f-4af0-a486-8cd746816475=Assignment(partitions=[topic-5c067e84_be23_4755_b2dd_1ed1e77b15d1-0])}
2025-09-03 13:57:37,466 INFO  [org.apa.kaf.cli.con.int.ConsumerCoordinator] (ForkJoinPool.commonPool-worker-3) [Consumer clientId=consumer-Consumer-topic-5c067e84_be23_4755_b2dd_1ed1e77b15d1-36, groupId=Consumer-topic-5c067e84_be23_4755_b2dd_1ed1e77b15d1] Successfully synced group in generation Generation{generationId=5, memberId='consumer-Consumer-topic-5c067e84_be23_4755_b2dd_1ed1e77b15d1-36-540f652a-087f-4af0-a486-8cd746816475', protocol='range'}
2025-09-03 13:57:37,466 INFO  [org.apa.kaf.cli.con.int.ConsumerCoordinator] (ForkJoinPool.commonPool-worker-3) [Consumer clientId=consumer-Consumer-topic-5c067e84_be23_4755_b2dd_1ed1e77b15d1-36, groupId=Consumer-topic-5c067e84_be23_4755_b2dd_1ed1e77b15d1] Notifying assignor about the new Assignment(partitions=[topic-5c067e84_be23_4755_b2dd_1ed1e77b15d1-0])
2025-09-03 13:57:37,466 INFO  [org.apa.kaf.cli.con.int.ConsumerRebalanceListenerInvoker] (ForkJoinPool.commonPool-worker-3) [Consumer clientId=consumer-Consumer-topic-5c067e84_be23_4755_b2dd_1ed1e77b15d1-36, groupId=Consumer-topic-5c067e84_be23_4755_b2dd_1ed1e77b15d1] Adding newly assigned partitions: topic-5c067e84_be23_4755_b2dd_1ed1e77b15d1-0
2025-09-03 13:57:37,467 INFO  [org.apa.kaf.cli.con.int.ConsumerUtils] (ForkJoinPool.commonPool-worker-3) Setting offset for partition topic-5c067e84_be23_4755_b2dd_1ed1e77b15d1-0 to the committed offset FetchPosition{offset=30, offsetEpoch=Optional[0], currentLeader=LeaderAndEpoch{leader=Optional[localhost:32769 (id: 0 rack: null)], epoch=0}}
2025-09-03 13:57:37,573 INFO  [io.api.tes.ser.api.KafkaSerdesTester] (ForkJoinPool.commonPool-worker-3) topic-5c067e84_be23_4755_b2dd_1ed1e77b15d1 0 30 {"key1": "value-0", "key2": "value-0", "key3": "value-0"}
2025-09-03 13:57:37,573 INFO  [io.api.tes.ser.api.KafkaSerdesTester] (ForkJoinPool.commonPool-worker-3) topic-5c067e84_be23_4755_b2dd_1ed1e77b15d1 0 31 {"key1": "value-1", "key2": "value-1", "key3": "value-1"}
2025-09-03 13:57:37,573 INFO  [io.api.tes.ser.api.KafkaSerdesTester] (ForkJoinPool.commonPool-worker-3) topic-5c067e84_be23_4755_b2dd_1ed1e77b15d1 0 32 {"key1": "value-2", "key2": "value-2", "key3": "value-2"}
2025-09-03 13:57:37,574 INFO  [io.api.tes.ser.api.KafkaSerdesTester] (ForkJoinPool.commonPool-worker-3) topic-5c067e84_be23_4755_b2dd_1ed1e77b15d1 0 33 {"key1": "value-3", "key2": "value-3", "key3": "value-3"}
2025-09-03 13:57:37,574 INFO  [io.api.tes.ser.api.KafkaSerdesTester] (ForkJoinPool.commonPool-worker-3) topic-5c067e84_be23_4755_b2dd_1ed1e77b15d1 0 34 {"key1": "value-4", "key2": "value-4", "key3": "value-4"}
2025-09-03 13:57:37,574 INFO  [io.api.tes.ser.api.KafkaSerdesTester] (ForkJoinPool.commonPool-worker-3) topic-5c067e84_be23_4755_b2dd_1ed1e77b15d1 0 35 {"key1": "value-5", "key2": "value-5", "key3": "value-5"}
2025-09-03 13:57:37,574 INFO  [io.api.tes.ser.api.KafkaSerdesTester] (ForkJoinPool.commonPool-worker-3) topic-5c067e84_be23_4755_b2dd_1ed1e77b15d1 0 36 {"key1": "value-6", "key2": "value-6", "key3": "value-6"}
2025-09-03 13:57:37,574 INFO  [io.api.tes.ser.api.KafkaSerdesTester] (ForkJoinPool.commonPool-worker-3) topic-5c067e84_be23_4755_b2dd_1ed1e77b15d1 0 37 {"key1": "value-7", "key2": "value-7", "key3": "value-7"}
2025-09-03 13:57:37,574 INFO  [io.api.tes.ser.api.KafkaSerdesTester] (ForkJoinPool.commonPool-worker-3) topic-5c067e84_be23_4755_b2dd_1ed1e77b15d1 0 38 {"key1": "value-8", "key2": "value-8", "key3": "value-8"}
2025-09-03 13:57:37,574 INFO  [io.api.tes.ser.api.KafkaSerdesTester] (ForkJoinPool.commonPool-worker-3) topic-5c067e84_be23_4755_b2dd_1ed1e77b15d1 0 39 {"key1": "value-9", "key2": "value-9", "key3": "value-9"}
2025-09-03 13:57:37,574 INFO  [io.api.tes.ser.api.KafkaSerdesTester] (ForkJoinPool.commonPool-worker-3) topic-5c067e84_be23_4755_b2dd_1ed1e77b15d1 0 40 {"key1": "value-0", "key2": "value-0"}
2025-09-03 13:57:37,574 INFO  [io.api.tes.ser.api.KafkaSerdesTester] (ForkJoinPool.commonPool-worker-3) topic-5c067e84_be23_4755_b2dd_1ed1e77b15d1 0 41 {"key1": "value-1", "key2": "value-1"}
2025-09-03 13:57:37,574 INFO  [io.api.tes.ser.api.KafkaSerdesTester] (ForkJoinPool.commonPool-worker-3) topic-5c067e84_be23_4755_b2dd_1ed1e77b15d1 0 42 {"key1": "value-2", "key2": "value-2"}
2025-09-03 13:57:37,574 INFO  [io.api.tes.ser.api.KafkaSerdesTester] (ForkJoinPool.commonPool-worker-3) topic-5c067e84_be23_4755_b2dd_1ed1e77b15d1 0 43 {"key1": "value-3", "key2": "value-3"}
2025-09-03 13:57:37,574 INFO  [io.api.tes.ser.api.KafkaSerdesTester] (ForkJoinPool.commonPool-worker-3) topic-5c067e84_be23_4755_b2dd_1ed1e77b15d1 0 44 {"key1": "value-4", "key2": "value-4"}
2025-09-03 13:57:37,574 INFO  [io.api.tes.ser.api.KafkaSerdesTester] (ForkJoinPool.commonPool-worker-3) topic-5c067e84_be23_4755_b2dd_1ed1e77b15d1 0 45 {"key1": "value-5", "key2": "value-5"}
2025-09-03 13:57:37,574 INFO  [io.api.tes.ser.api.KafkaSerdesTester] (ForkJoinPool.commonPool-worker-3) topic-5c067e84_be23_4755_b2dd_1ed1e77b15d1 0 46 {"key1": "value-6", "key2": "value-6"}
2025-09-03 13:57:37,574 INFO  [io.api.tes.ser.api.KafkaSerdesTester] (ForkJoinPool.commonPool-worker-3) topic-5c067e84_be23_4755_b2dd_1ed1e77b15d1 0 47 {"key1": "value-7", "key2": "value-7"}
2025-09-03 13:57:37,574 INFO  [io.api.tes.ser.api.KafkaSerdesTester] (ForkJoinPool.commonPool-worker-3) topic-5c067e84_be23_4755_b2dd_1ed1e77b15d1 0 48 {"key1": "value-8", "key2": "value-8"}
2025-09-03 13:57:37,574 INFO  [io.api.tes.ser.api.KafkaSerdesTester] (ForkJoinPool.commonPool-worker-3) topic-5c067e84_be23_4755_b2dd_1ed1e77b15d1 0 49 {"key1": "value-9", "key2": "value-9"}
2025-09-03 13:57:37,574 INFO  [io.api.tes.ser.api.KafkaSerdesTester] (ForkJoinPool.commonPool-worker-3) topic-5c067e84_be23_4755_b2dd_1ed1e77b15d1 0 50 {"key1": "value-0"}
2025-09-03 13:57:37,574 INFO  [io.api.tes.ser.api.KafkaSerdesTester] (ForkJoinPool.commonPool-worker-3) topic-5c067e84_be23_4755_b2dd_1ed1e77b15d1 0 51 {"key1": "value-1"}
2025-09-03 13:57:37,574 INFO  [io.api.tes.ser.api.KafkaSerdesTester] (ForkJoinPool.commonPool-worker-3) topic-5c067e84_be23_4755_b2dd_1ed1e77b15d1 0 52 {"key1": "value-2"}
2025-09-03 13:57:37,574 INFO  [io.api.tes.ser.api.KafkaSerdesTester] (ForkJoinPool.commonPool-worker-3) topic-5c067e84_be23_4755_b2dd_1ed1e77b15d1 0 53 {"key1": "value-3"}
2025-09-03 13:57:37,574 INFO  [io.api.tes.ser.api.KafkaSerdesTester] (ForkJoinPool.commonPool-worker-3) topic-5c067e84_be23_4755_b2dd_1ed1e77b15d1 0 54 {"key1": "value-4"}
2025-09-03 13:57:37,574 INFO  [io.api.tes.ser.api.KafkaSerdesTester] (ForkJoinPool.commonPool-worker-3) topic-5c067e84_be23_4755_b2dd_1ed1e77b15d1 0 55 {"key1": "value-5"}
2025-09-03 13:57:37,574 INFO  [io.api.tes.ser.api.KafkaSerdesTester] (ForkJoinPool.commonPool-worker-3) topic-5c067e84_be23_4755_b2dd_1ed1e77b15d1 0 56 {"key1": "value-6"}
2025-09-03 13:57:37,574 INFO  [io.api.tes.ser.api.KafkaSerdesTester] (ForkJoinPool.commonPool-worker-3) topic-5c067e84_be23_4755_b2dd_1ed1e77b15d1 0 57 {"key1": "value-7"}
2025-09-03 13:57:37,574 INFO  [io.api.tes.ser.api.KafkaSerdesTester] (ForkJoinPool.commonPool-worker-3) topic-5c067e84_be23_4755_b2dd_1ed1e77b15d1 0 58 {"key1": "value-8"}
2025-09-03 13:57:37,574 INFO  [io.api.tes.ser.api.KafkaSerdesTester] (ForkJoinPool.commonPool-worker-3) topic-5c067e84_be23_4755_b2dd_1ed1e77b15d1 0 59 {"key1": "value-9"}
2025-09-03 13:57:37,574 INFO  [io.api.tes.ser.api.KafkaSerdesTester] (ForkJoinPool.commonPool-worker-3) Consumed 30 messages
2025-09-03 13:57:37,580 INFO  [org.apa.kaf.cli.con.int.ConsumerRebalanceListenerInvoker] (ForkJoinPool.commonPool-worker-3) [Consumer clientId=consumer-Consumer-topic-5c067e84_be23_4755_b2dd_1ed1e77b15d1-36, groupId=Consumer-topic-5c067e84_be23_4755_b2dd_1ed1e77b15d1] Revoke previously assigned partitions topic-5c067e84_be23_4755_b2dd_1ed1e77b15d1-0
2025-09-03 13:57:37,580 INFO  [org.apa.kaf.cli.con.int.ConsumerCoordinator] (ForkJoinPool.commonPool-worker-3) [Consumer clientId=consumer-Consumer-topic-5c067e84_be23_4755_b2dd_1ed1e77b15d1-36, groupId=Consumer-topic-5c067e84_be23_4755_b2dd_1ed1e77b15d1] Member consumer-Consumer-topic-5c067e84_be23_4755_b2dd_1ed1e77b15d1-36-540f652a-087f-4af0-a486-8cd746816475 sending LeaveGroup request to coordinator localhost:32769 (id: 2147483647 rack: null) due to the consumer is being closed
2025-09-03 13:57:37,581 INFO  [org.apa.kaf.cli.con.int.ConsumerCoordinator] (ForkJoinPool.commonPool-worker-3) [Consumer clientId=consumer-Consumer-topic-5c067e84_be23_4755_b2dd_1ed1e77b15d1-36, groupId=Consumer-topic-5c067e84_be23_4755_b2dd_1ed1e77b15d1] Resetting generation and member id due to: consumer pro-actively leaving the group
2025-09-03 13:57:37,581 INFO  [org.apa.kaf.cli.con.int.ConsumerCoordinator] (ForkJoinPool.commonPool-worker-3) [Consumer clientId=consumer-Consumer-topic-5c067e84_be23_4755_b2dd_1ed1e77b15d1-36, groupId=Consumer-topic-5c067e84_be23_4755_b2dd_1ed1e77b15d1] Request joining group due to: consumer pro-actively leaving the group
2025-09-03 13:57:38,076 INFO  [org.apa.kaf.com.met.Metrics] (ForkJoinPool.commonPool-worker-3) Metrics scheduler closed
2025-09-03 13:57:38,076 INFO  [org.apa.kaf.com.met.Metrics] (ForkJoinPool.commonPool-worker-3) Closing reporter org.apache.kafka.common.metrics.JmxReporter
2025-09-03 13:57:38,076 INFO  [org.apa.kaf.com.met.Metrics] (ForkJoinPool.commonPool-worker-3) Closing reporter org.apache.kafka.common.telemetry.internals.ClientTelemetryReporter
2025-09-03 13:57:38,076 INFO  [org.apa.kaf.com.met.Metrics] (ForkJoinPool.commonPool-worker-3) Metrics reporters closed
2025-09-03 13:57:38,077 INFO  [org.apa.kaf.com.uti.AppInfoParser] (ForkJoinPool.commonPool-worker-3) App info kafka.consumer for consumer-Consumer-topic-5c067e84_be23_4755_b2dd_1ed1e77b15d1-36 unregistered
2025-09-03 13:57:38,077 INFO  [org.apa.kaf.cli.pro.KafkaProducer] (main) [Producer clientId=Producer-topic-5c067e84_be23_4755_b2dd_1ed1e77b15d1] Closing the Kafka producer with timeoutMillis = 9223372036854775807 ms.
2025-09-03 13:57:38,077 INFO  [org.apa.kaf.com.met.Metrics] (main) Metrics scheduler closed
2025-09-03 13:57:38,077 INFO  [org.apa.kaf.com.met.Metrics] (main) Closing reporter org.apache.kafka.common.metrics.JmxReporter
2025-09-03 13:57:38,077 INFO  [org.apa.kaf.com.met.Metrics] (main) Closing reporter org.apache.kafka.common.telemetry.internals.ClientTelemetryReporter
2025-09-03 13:57:38,077 INFO  [org.apa.kaf.com.met.Metrics] (main) Metrics reporters closed
2025-09-03 13:57:38,077 INFO  [org.apa.kaf.com.uti.AppInfoParser] (main) App info kafka.producer for Producer-topic-5c067e84_be23_4755_b2dd_1ed1e77b15d1 unregistered
2025-09-03 13:57:38,145 INFO  [io.api.tes.ser.con.BasicConfluentSerDesIT] (main) Deleting confluent schema topic-5c067e84_be23_4755_b2dd_1ed1e77b15d1-s5f8fc9cdx95f5x4e11x874cx8977ac05e598
2025-09-03 13:57:38,192 INFO  [io.api.tes.uti.TestSeparator] (main) io.apicurio.tests.serdes.confluent.BasicConfluentSerDesIT.testEvolveAvroConfluent-FINISHED
2025-09-03 13:57:38,192 INFO  [io.api.tes.uti.TestSeparator] (main) ############################################################################
Test passed: testEvolveAvroConfluent
]]></system-out>
  </testcase>
  <testcase name="testAvroConfluentSerDes" classname="io.apicurio.tests.serdes.confluent.BasicConfluentSerDesIT" time="3.856">
    <system-out><![CDATA[2025-09-03 13:57:38,193 INFO  [io.api.tes.uti.TestSeparator] (main) ############################################################################
2025-09-03 13:57:38,193 INFO  [io.api.tes.uti.TestSeparator] (main) io.apicurio.tests.serdes.confluent.BasicConfluentSerDesIT.testAvroConfluentSerDes-STARTED
2025-09-03 13:57:38,283 INFO  [io.api.tes.ser.con.BasicConfluentSerDesIT] (main) Checking that created schema is equal to the get schema
2025-09-03 13:57:38,320 INFO  [io.api.tes.ser.con.BasicConfluentSerDesIT] (main) Created schema with id:111 and name:myrecordconfluent1
**** Registry Base URL: http://registry-app-mysql.apps.ci419.apicurio-testing.org:80
2025-09-03 13:57:38,320 INFO  [org.apa.kaf.cli.pro.ProducerConfig] (main) ProducerConfig values: 
	acks = -1
	auto.include.jmx.reporter = true
	batch.size = 16384
	bootstrap.servers = [PLAINTEXT://localhost:32769]
	buffer.memory = 33554432
	client.dns.lookup = use_all_dns_ips
	client.id = Producer-topic-1d4a38b7_0875_45d7_b87a_a3fff851c6ee
	compression.gzip.level = -1
	compression.lz4.level = 9
	compression.type = none
	compression.zstd.level = 3
	connections.max.idle.ms = 10000
	delivery.timeout.ms = 120000
	enable.idempotence = true
	enable.metrics.push = true
	interceptor.classes = []
	key.serializer = class org.apache.kafka.common.serialization.StringSerializer
	linger.ms = 0
	max.block.ms = 60000
	max.in.flight.requests.per.connection = 5
	max.request.size = 1048576
	metadata.max.age.ms = 300000
	metadata.max.idle.ms = 300000
	metadata.recovery.strategy = none
	metric.reporters = []
	metrics.num.samples = 2
	metrics.recording.level = INFO
	metrics.sample.window.ms = 30000
	partitioner.adaptive.partitioning.enable = true
	partitioner.availability.timeout.ms = 0
	partitioner.class = null
	partitioner.ignore.keys = false
	receive.buffer.bytes = 32768
	reconnect.backoff.max.ms = 1000
	reconnect.backoff.ms = 50
	request.timeout.ms = 5000
	retries = 2147483647
	retry.backoff.max.ms = 1000
	retry.backoff.ms = 100
	sasl.client.callback.handler.class = null
	sasl.jaas.config = null
	sasl.kerberos.kinit.cmd = /usr/bin/kinit
	sasl.kerberos.min.time.before.relogin = 60000
	sasl.kerberos.service.name = null
	sasl.kerberos.ticket.renew.jitter = 0.05
	sasl.kerberos.ticket.renew.window.factor = 0.8
	sasl.login.callback.handler.class = null
	sasl.login.class = null
	sasl.login.connect.timeout.ms = null
	sasl.login.read.timeout.ms = null
	sasl.login.refresh.buffer.seconds = 300
	sasl.login.refresh.min.period.seconds = 60
	sasl.login.refresh.window.factor = 0.8
	sasl.login.refresh.window.jitter = 0.05
	sasl.login.retry.backoff.max.ms = 10000
	sasl.login.retry.backoff.ms = 100
	sasl.mechanism = GSSAPI
	sasl.oauthbearer.clock.skew.seconds = 30
	sasl.oauthbearer.expected.audience = null
	sasl.oauthbearer.expected.issuer = null
	sasl.oauthbearer.header.urlencode = false
	sasl.oauthbearer.jwks.endpoint.refresh.ms = 3600000
	sasl.oauthbearer.jwks.endpoint.retry.backoff.max.ms = 10000
	sasl.oauthbearer.jwks.endpoint.retry.backoff.ms = 100
	sasl.oauthbearer.jwks.endpoint.url = null
	sasl.oauthbearer.scope.claim.name = scope
	sasl.oauthbearer.sub.claim.name = sub
	sasl.oauthbearer.token.endpoint.url = null
	security.protocol = PLAINTEXT
	security.providers = null
	send.buffer.bytes = 131072
	socket.connection.setup.timeout.max.ms = 30000
	socket.connection.setup.timeout.ms = 10000
	ssl.cipher.suites = null
	ssl.enabled.protocols = [TLSv1.2, TLSv1.3]
	ssl.endpoint.identification.algorithm = https
	ssl.engine.factory.class = null
	ssl.key.password = null
	ssl.keymanager.algorithm = SunX509
	ssl.keystore.certificate.chain = null
	ssl.keystore.key = null
	ssl.keystore.location = null
	ssl.keystore.password = null
	ssl.keystore.type = JKS
	ssl.protocol = TLSv1.3
	ssl.provider = null
	ssl.secure.random.implementation = null
	ssl.trustmanager.algorithm = PKIX
	ssl.truststore.certificates = null
	ssl.truststore.location = null
	ssl.truststore.password = null
	ssl.truststore.type = JKS
	transaction.timeout.ms = 60000
	transactional.id = null
	value.serializer = class io.confluent.kafka.serializers.KafkaAvroSerializer

2025-09-03 13:57:38,321 INFO  [org.apa.kaf.com.tel.int.KafkaMetricsCollector] (main) initializing Kafka metrics collector
2025-09-03 13:57:38,321 INFO  [io.con.kaf.ser.KafkaAvroSerializerConfig] (main) KafkaAvroSerializerConfig values: 
	auto.register.schemas = false
	avro.reflection.allow.null = false
	avro.remove.java.properties = false
	avro.use.logical.type.converters = false
	basic.auth.credentials.source = URL
	basic.auth.user.info = [hidden]
	bearer.auth.cache.expiry.buffer.seconds = 300
	bearer.auth.client.id = null
	bearer.auth.client.secret = null
	bearer.auth.credentials.source = STATIC_TOKEN
	bearer.auth.custom.provider.class = null
	bearer.auth.identity.pool.id = null
	bearer.auth.issuer.endpoint.url = null
	bearer.auth.logical.cluster = null
	bearer.auth.scope = null
	bearer.auth.scope.claim.name = scope
	bearer.auth.sub.claim.name = sub
	bearer.auth.token = [hidden]
	context.name.strategy = class io.confluent.kafka.serializers.context.NullContextNameStrategy
	http.connect.timeout.ms = 60000
	http.read.timeout.ms = 60000
	id.compatibility.strict = true
	key.schema.id.deserializer = class io.confluent.kafka.serializers.schema.id.DualSchemaIdDeserializer
	key.schema.id.serializer = class io.confluent.kafka.serializers.schema.id.PrefixSchemaIdSerializer
	key.subject.name.strategy = class io.confluent.kafka.serializers.subject.TopicNameStrategy
	latest.cache.size = 1000
	latest.cache.ttl.sec = -1
	latest.compatibility.strict = true
	max.retries = 3
	max.schemas.per.subject = 1000
	normalize.schemas = false
	propagate.schema.tags = false
	proxy.host = 
	proxy.port = -1
	retries.max.wait.ms = 20000
	retries.wait.ms = 1000
	rule.actions = []
	rule.executors = []
	rule.service.loader.enable = true
	schema.format = null
	schema.reflection = false
	schema.registry.basic.auth.user.info = [hidden]
	schema.registry.ssl.cipher.suites = null
	schema.registry.ssl.enabled.protocols = [TLSv1.2, TLSv1.3]
	schema.registry.ssl.endpoint.identification.algorithm = https
	schema.registry.ssl.engine.factory.class = null
	schema.registry.ssl.key.password = null
	schema.registry.ssl.keymanager.algorithm = SunX509
	schema.registry.ssl.keystore.certificate.chain = null
	schema.registry.ssl.keystore.key = null
	schema.registry.ssl.keystore.location = null
	schema.registry.ssl.keystore.password = null
	schema.registry.ssl.keystore.type = JKS
	schema.registry.ssl.protocol = TLSv1.3
	schema.registry.ssl.provider = null
	schema.registry.ssl.secure.random.implementation = null
	schema.registry.ssl.trustmanager.algorithm = PKIX
	schema.registry.ssl.truststore.certificates = null
	schema.registry.ssl.truststore.location = null
	schema.registry.ssl.truststore.password = null
	schema.registry.ssl.truststore.type = JKS
	schema.registry.url = [http://registry-app-mysql.apps.ci419.apicurio-testing.org:80/apis/ccompat/v7]
	schema.registry.url.randomize = false
	use.latest.version = false
	use.latest.with.metadata = null
	use.schema.id = -1
	value.schema.id.deserializer = class io.confluent.kafka.serializers.schema.id.DualSchemaIdDeserializer
	value.schema.id.serializer = class io.confluent.kafka.serializers.schema.id.PrefixSchemaIdSerializer
	value.subject.name.strategy = class io.confluent.kafka.serializers.subject.TopicNameStrategy

2025-09-03 13:57:38,322 INFO  [org.apa.kaf.cli.pro.KafkaProducer] (main) [Producer clientId=Producer-topic-1d4a38b7_0875_45d7_b87a_a3fff851c6ee] Instantiated an idempotent producer.
2025-09-03 13:57:38,323 INFO  [org.apa.kaf.cli.pro.ProducerConfig] (main) These configurations '[schema.registry.url, auto.register.schemas, value.subject.name.strategy]' were supplied but are not used yet.
2025-09-03 13:57:38,323 INFO  [org.apa.kaf.com.uti.AppInfoParser] (main) Kafka version: 3.9.1
2025-09-03 13:57:38,323 INFO  [org.apa.kaf.com.uti.AppInfoParser] (main) Kafka commitId: f745dfdcee2b9851
2025-09-03 13:57:38,323 INFO  [org.apa.kaf.com.uti.AppInfoParser] (main) Kafka startTimeMs: 1756907858323
2025-09-03 13:57:38,323 INFO  [io.api.tes.ser.api.SimpleSerdesTesterBuilder$SimpleSerdesTester] (main) Using producer configuration: {schema.registry.url=http://registry-app-mysql.apps.ci419.apicurio-testing.org:80/apis/ccompat/v7, value.serializer=io.confluent.kafka.serializers.KafkaAvroSerializer, request.timeout.ms=5000, auto.register.schemas=false, acks=all, bootstrap.servers=PLAINTEXT://localhost:32769, connections.max.idle.ms=10000, key.serializer=org.apache.kafka.common.serialization.StringSerializer, value.subject.name.strategy=io.confluent.kafka.serializers.subject.TopicNameStrategy, client.id=Producer-topic-1d4a38b7_0875_45d7_b87a_a3fff851c6ee}
2025-09-03 13:57:38,323 INFO  [io.api.tes.ser.api.SimpleSerdesTesterBuilder$SimpleSerdesTester] (main) Using consumer configuration: {}
2025-09-03 13:57:38,323 INFO  [io.api.tes.ser.api.KafkaSerdesTester] (ForkJoinPool.commonPool-worker-3) Sending message {"key1": "value-0"} to topic topic-1d4a38b7_0875_45d7_b87a_a3fff851c6ee
2025-09-03 13:57:38,325 INFO  [org.apa.kaf.cli.Metadata] (kafka-producer-network-thread | Producer-topic-1d4a38b7_0875_45d7_b87a_a3fff851c6ee) [Producer clientId=Producer-topic-1d4a38b7_0875_45d7_b87a_a3fff851c6ee] Cluster ID: idi4IAQcRfmNXWpL6PLRmQ
2025-09-03 13:57:38,326 INFO  [org.apa.kaf.cli.pro.int.TransactionManager] (kafka-producer-network-thread | Producer-topic-1d4a38b7_0875_45d7_b87a_a3fff851c6ee) [Producer clientId=Producer-topic-1d4a38b7_0875_45d7_b87a_a3fff851c6ee] ProducerId set to 50 with epoch 0
2025-09-03 13:57:38,364 INFO  [io.api.tes.ser.api.KafkaSerdesTester] (ForkJoinPool.commonPool-worker-3) Sending message {"key1": "value-1"} to topic topic-1d4a38b7_0875_45d7_b87a_a3fff851c6ee
2025-09-03 13:57:38,365 INFO  [io.api.tes.ser.api.KafkaSerdesTester] (ForkJoinPool.commonPool-worker-3) Sending message {"key1": "value-2"} to topic topic-1d4a38b7_0875_45d7_b87a_a3fff851c6ee
2025-09-03 13:57:38,366 INFO  [io.api.tes.ser.api.KafkaSerdesTester] (ForkJoinPool.commonPool-worker-3) Sending message {"key1": "value-3"} to topic topic-1d4a38b7_0875_45d7_b87a_a3fff851c6ee
2025-09-03 13:57:38,367 INFO  [io.api.tes.ser.api.KafkaSerdesTester] (ForkJoinPool.commonPool-worker-3) Sending message {"key1": "value-4"} to topic topic-1d4a38b7_0875_45d7_b87a_a3fff851c6ee
2025-09-03 13:57:38,368 INFO  [io.api.tes.ser.api.KafkaSerdesTester] (ForkJoinPool.commonPool-worker-3) Sending message {"key1": "value-5"} to topic topic-1d4a38b7_0875_45d7_b87a_a3fff851c6ee
2025-09-03 13:57:38,369 INFO  [io.api.tes.ser.api.KafkaSerdesTester] (ForkJoinPool.commonPool-worker-3) Sending message {"key1": "value-6"} to topic topic-1d4a38b7_0875_45d7_b87a_a3fff851c6ee
2025-09-03 13:57:38,369 INFO  [io.api.tes.ser.api.KafkaSerdesTester] (ForkJoinPool.commonPool-worker-3) Sending message {"key1": "value-7"} to topic topic-1d4a38b7_0875_45d7_b87a_a3fff851c6ee
2025-09-03 13:57:38,370 INFO  [io.api.tes.ser.api.KafkaSerdesTester] (ForkJoinPool.commonPool-worker-3) Sending message {"key1": "value-8"} to topic topic-1d4a38b7_0875_45d7_b87a_a3fff851c6ee
2025-09-03 13:57:38,372 INFO  [io.api.tes.ser.api.KafkaSerdesTester] (ForkJoinPool.commonPool-worker-3) Sending message {"key1": "value-9"} to topic topic-1d4a38b7_0875_45d7_b87a_a3fff851c6ee
2025-09-03 13:57:38,373 INFO  [io.api.tes.ser.api.KafkaSerdesTester] (ForkJoinPool.commonPool-worker-3) Produced 10 messages
2025-09-03 13:57:38,373 INFO  [org.apa.kaf.cli.pro.KafkaProducer] (ForkJoinPool.commonPool-worker-3) [Producer clientId=Producer-topic-1d4a38b7_0875_45d7_b87a_a3fff851c6ee] Closing the Kafka producer with timeoutMillis = 9223372036854775807 ms.
2025-09-03 13:57:38,375 INFO  [org.apa.kaf.com.met.Metrics] (ForkJoinPool.commonPool-worker-3) Metrics scheduler closed
2025-09-03 13:57:38,375 INFO  [org.apa.kaf.com.met.Metrics] (ForkJoinPool.commonPool-worker-3) Closing reporter org.apache.kafka.common.metrics.JmxReporter
2025-09-03 13:57:38,375 INFO  [org.apa.kaf.com.met.Metrics] (ForkJoinPool.commonPool-worker-3) Closing reporter org.apache.kafka.common.telemetry.internals.ClientTelemetryReporter
2025-09-03 13:57:38,375 INFO  [org.apa.kaf.com.met.Metrics] (ForkJoinPool.commonPool-worker-3) Metrics reporters closed
2025-09-03 13:57:38,375 INFO  [org.apa.kaf.com.uti.AppInfoParser] (ForkJoinPool.commonPool-worker-3) App info kafka.producer for Producer-topic-1d4a38b7_0875_45d7_b87a_a3fff851c6ee unregistered
**** Registry Base URL: http://registry-app-mysql.apps.ci419.apicurio-testing.org:80
2025-09-03 13:57:38,375 INFO  [org.apa.kaf.cli.con.ConsumerConfig] (main) ConsumerConfig values: 
	allow.auto.create.topics = true
	auto.commit.interval.ms = 500
	auto.include.jmx.reporter = true
	auto.offset.reset = earliest
	bootstrap.servers = [PLAINTEXT://localhost:32769]
	check.crcs = true
	client.dns.lookup = use_all_dns_ips
	client.id = consumer-Consumer-topic-1d4a38b7_0875_45d7_b87a_a3fff851c6ee-37
	client.rack = 
	connections.max.idle.ms = 10000
	default.api.timeout.ms = 60000
	enable.auto.commit = true
	enable.metrics.push = true
	exclude.internal.topics = true
	fetch.max.bytes = 52428800
	fetch.max.wait.ms = 500
	fetch.min.bytes = 1
	group.id = Consumer-topic-1d4a38b7_0875_45d7_b87a_a3fff851c6ee
	group.instance.id = null
	group.protocol = classic
	group.remote.assignor = null
	heartbeat.interval.ms = 3000
	interceptor.classes = []
	internal.leave.group.on.close = true
	internal.throw.on.fetch.stable.offset.unsupported = false
	isolation.level = read_uncommitted
	key.deserializer = class org.apache.kafka.common.serialization.StringDeserializer
	max.partition.fetch.bytes = 1048576
	max.poll.interval.ms = 300000
	max.poll.records = 500
	metadata.max.age.ms = 300000
	metadata.recovery.strategy = none
	metric.reporters = []
	metrics.num.samples = 2
	metrics.recording.level = INFO
	metrics.sample.window.ms = 30000
	partition.assignment.strategy = [class org.apache.kafka.clients.consumer.RangeAssignor, class org.apache.kafka.clients.consumer.CooperativeStickyAssignor]
	receive.buffer.bytes = 65536
	reconnect.backoff.max.ms = 1000
	reconnect.backoff.ms = 50
	request.timeout.ms = 5000
	retry.backoff.max.ms = 1000
	retry.backoff.ms = 100
	sasl.client.callback.handler.class = null
	sasl.jaas.config = null
	sasl.kerberos.kinit.cmd = /usr/bin/kinit
	sasl.kerberos.min.time.before.relogin = 60000
	sasl.kerberos.service.name = null
	sasl.kerberos.ticket.renew.jitter = 0.05
	sasl.kerberos.ticket.renew.window.factor = 0.8
	sasl.login.callback.handler.class = null
	sasl.login.class = null
	sasl.login.connect.timeout.ms = null
	sasl.login.read.timeout.ms = null
	sasl.login.refresh.buffer.seconds = 300
	sasl.login.refresh.min.period.seconds = 60
	sasl.login.refresh.window.factor = 0.8
	sasl.login.refresh.window.jitter = 0.05
	sasl.login.retry.backoff.max.ms = 10000
	sasl.login.retry.backoff.ms = 100
	sasl.mechanism = GSSAPI
	sasl.oauthbearer.clock.skew.seconds = 30
	sasl.oauthbearer.expected.audience = null
	sasl.oauthbearer.expected.issuer = null
	sasl.oauthbearer.header.urlencode = false
	sasl.oauthbearer.jwks.endpoint.refresh.ms = 3600000
	sasl.oauthbearer.jwks.endpoint.retry.backoff.max.ms = 10000
	sasl.oauthbearer.jwks.endpoint.retry.backoff.ms = 100
	sasl.oauthbearer.jwks.endpoint.url = null
	sasl.oauthbearer.scope.claim.name = scope
	sasl.oauthbearer.sub.claim.name = sub
	sasl.oauthbearer.token.endpoint.url = null
	security.protocol = PLAINTEXT
	security.providers = null
	send.buffer.bytes = 131072
	session.timeout.ms = 45000
	socket.connection.setup.timeout.max.ms = 30000
	socket.connection.setup.timeout.ms = 10000
	ssl.cipher.suites = null
	ssl.enabled.protocols = [TLSv1.2, TLSv1.3]
	ssl.endpoint.identification.algorithm = https
	ssl.engine.factory.class = null
	ssl.key.password = null
	ssl.keymanager.algorithm = SunX509
	ssl.keystore.certificate.chain = null
	ssl.keystore.key = null
	ssl.keystore.location = null
	ssl.keystore.password = null
	ssl.keystore.type = JKS
	ssl.protocol = TLSv1.3
	ssl.provider = null
	ssl.secure.random.implementation = null
	ssl.trustmanager.algorithm = PKIX
	ssl.truststore.certificates = null
	ssl.truststore.location = null
	ssl.truststore.password = null
	ssl.truststore.type = JKS
	value.deserializer = class io.confluent.kafka.serializers.KafkaAvroDeserializer

2025-09-03 13:57:38,376 INFO  [org.apa.kaf.com.tel.int.KafkaMetricsCollector] (main) initializing Kafka metrics collector
2025-09-03 13:57:38,376 INFO  [io.con.kaf.ser.KafkaAvroDeserializerConfig] (main) KafkaAvroDeserializerConfig values: 
	auto.register.schemas = true
	avro.reflection.allow.null = false
	avro.use.logical.type.converters = false
	basic.auth.credentials.source = URL
	basic.auth.user.info = [hidden]
	bearer.auth.cache.expiry.buffer.seconds = 300
	bearer.auth.client.id = null
	bearer.auth.client.secret = null
	bearer.auth.credentials.source = STATIC_TOKEN
	bearer.auth.custom.provider.class = null
	bearer.auth.identity.pool.id = null
	bearer.auth.issuer.endpoint.url = null
	bearer.auth.logical.cluster = null
	bearer.auth.scope = null
	bearer.auth.scope.claim.name = scope
	bearer.auth.sub.claim.name = sub
	bearer.auth.token = [hidden]
	context.name.strategy = class io.confluent.kafka.serializers.context.NullContextNameStrategy
	http.connect.timeout.ms = 60000
	http.read.timeout.ms = 60000
	id.compatibility.strict = true
	key.schema.id.deserializer = class io.confluent.kafka.serializers.schema.id.DualSchemaIdDeserializer
	key.schema.id.serializer = class io.confluent.kafka.serializers.schema.id.PrefixSchemaIdSerializer
	key.subject.name.strategy = class io.confluent.kafka.serializers.subject.TopicNameStrategy
	latest.cache.size = 1000
	latest.cache.ttl.sec = -1
	latest.compatibility.strict = true
	max.retries = 3
	max.schemas.per.subject = 1000
	normalize.schemas = false
	propagate.schema.tags = false
	proxy.host = 
	proxy.port = -1
	retries.max.wait.ms = 20000
	retries.wait.ms = 1000
	rule.actions = []
	rule.executors = []
	rule.service.loader.enable = true
	schema.format = null
	schema.reflection = false
	schema.registry.basic.auth.user.info = [hidden]
	schema.registry.ssl.cipher.suites = null
	schema.registry.ssl.enabled.protocols = [TLSv1.2, TLSv1.3]
	schema.registry.ssl.endpoint.identification.algorithm = https
	schema.registry.ssl.engine.factory.class = null
	schema.registry.ssl.key.password = null
	schema.registry.ssl.keymanager.algorithm = SunX509
	schema.registry.ssl.keystore.certificate.chain = null
	schema.registry.ssl.keystore.key = null
	schema.registry.ssl.keystore.location = null
	schema.registry.ssl.keystore.password = null
	schema.registry.ssl.keystore.type = JKS
	schema.registry.ssl.protocol = TLSv1.3
	schema.registry.ssl.provider = null
	schema.registry.ssl.secure.random.implementation = null
	schema.registry.ssl.trustmanager.algorithm = PKIX
	schema.registry.ssl.truststore.certificates = null
	schema.registry.ssl.truststore.location = null
	schema.registry.ssl.truststore.password = null
	schema.registry.ssl.truststore.type = JKS
	schema.registry.url = [http://registry-app-mysql.apps.ci419.apicurio-testing.org:80/apis/ccompat/v7]
	schema.registry.url.randomize = false
	specific.avro.key.type = null
	specific.avro.reader = false
	specific.avro.value.type = null
	use.latest.version = false
	use.latest.with.metadata = null
	use.schema.id = -1
	value.schema.id.deserializer = class io.confluent.kafka.serializers.schema.id.DualSchemaIdDeserializer
	value.schema.id.serializer = class io.confluent.kafka.serializers.schema.id.PrefixSchemaIdSerializer
	value.subject.name.strategy = class io.confluent.kafka.serializers.subject.TopicNameStrategy

2025-09-03 13:57:38,379 INFO  [org.apa.kaf.cli.con.ConsumerConfig] (main) These configurations '[schema.registry.url]' were supplied but are not used yet.
2025-09-03 13:57:38,379 INFO  [org.apa.kaf.com.uti.AppInfoParser] (main) Kafka version: 3.9.1
2025-09-03 13:57:38,379 INFO  [org.apa.kaf.com.uti.AppInfoParser] (main) Kafka commitId: f745dfdcee2b9851
2025-09-03 13:57:38,379 INFO  [org.apa.kaf.com.uti.AppInfoParser] (main) Kafka startTimeMs: 1756907858379
2025-09-03 13:57:38,379 INFO  [org.apa.kaf.cli.con.int.ClassicKafkaConsumer] (ForkJoinPool.commonPool-worker-3) [Consumer clientId=consumer-Consumer-topic-1d4a38b7_0875_45d7_b87a_a3fff851c6ee-37, groupId=Consumer-topic-1d4a38b7_0875_45d7_b87a_a3fff851c6ee] Subscribed to topic(s): topic-1d4a38b7_0875_45d7_b87a_a3fff851c6ee
2025-09-03 13:57:38,381 INFO  [org.apa.kaf.cli.Metadata] (ForkJoinPool.commonPool-worker-3) [Consumer clientId=consumer-Consumer-topic-1d4a38b7_0875_45d7_b87a_a3fff851c6ee-37, groupId=Consumer-topic-1d4a38b7_0875_45d7_b87a_a3fff851c6ee] Cluster ID: idi4IAQcRfmNXWpL6PLRmQ
2025-09-03 13:57:38,382 INFO  [org.apa.kaf.cli.con.int.ConsumerCoordinator] (ForkJoinPool.commonPool-worker-3) [Consumer clientId=consumer-Consumer-topic-1d4a38b7_0875_45d7_b87a_a3fff851c6ee-37, groupId=Consumer-topic-1d4a38b7_0875_45d7_b87a_a3fff851c6ee] Discovered group coordinator localhost:32769 (id: 2147483647 rack: null)
2025-09-03 13:57:38,383 INFO  [org.apa.kaf.cli.con.int.ConsumerCoordinator] (ForkJoinPool.commonPool-worker-3) [Consumer clientId=consumer-Consumer-topic-1d4a38b7_0875_45d7_b87a_a3fff851c6ee-37, groupId=Consumer-topic-1d4a38b7_0875_45d7_b87a_a3fff851c6ee] (Re-)joining group
2025-09-03 13:57:38,384 INFO  [org.apa.kaf.cli.con.int.ConsumerCoordinator] (ForkJoinPool.commonPool-worker-3) [Consumer clientId=consumer-Consumer-topic-1d4a38b7_0875_45d7_b87a_a3fff851c6ee-37, groupId=Consumer-topic-1d4a38b7_0875_45d7_b87a_a3fff851c6ee] Request joining group due to: need to re-join with the given member-id: consumer-Consumer-topic-1d4a38b7_0875_45d7_b87a_a3fff851c6ee-37-d5b1869f-6593-4afd-af12-c4fef60e3798
2025-09-03 13:57:38,384 INFO  [org.apa.kaf.cli.con.int.ConsumerCoordinator] (ForkJoinPool.commonPool-worker-3) [Consumer clientId=consumer-Consumer-topic-1d4a38b7_0875_45d7_b87a_a3fff851c6ee-37, groupId=Consumer-topic-1d4a38b7_0875_45d7_b87a_a3fff851c6ee] (Re-)joining group
2025-09-03 13:57:39,379 INFO  [io.api.tes.ser.api.KafkaSerdesTester] (ForkJoinPool.commonPool-worker-3) None found
2025-09-03 13:57:40,379 INFO  [io.api.tes.ser.api.KafkaSerdesTester] (ForkJoinPool.commonPool-worker-3) None found
2025-09-03 13:57:41,379 INFO  [io.api.tes.ser.api.KafkaSerdesTester] (ForkJoinPool.commonPool-worker-3) None found
2025-09-03 13:57:41,385 INFO  [org.apa.kaf.cli.con.int.ConsumerCoordinator] (ForkJoinPool.commonPool-worker-3) [Consumer clientId=consumer-Consumer-topic-1d4a38b7_0875_45d7_b87a_a3fff851c6ee-37, groupId=Consumer-topic-1d4a38b7_0875_45d7_b87a_a3fff851c6ee] Successfully joined group with generation Generation{generationId=1, memberId='consumer-Consumer-topic-1d4a38b7_0875_45d7_b87a_a3fff851c6ee-37-d5b1869f-6593-4afd-af12-c4fef60e3798', protocol='range'}
2025-09-03 13:57:41,386 INFO  [org.apa.kaf.cli.con.int.ConsumerCoordinator] (ForkJoinPool.commonPool-worker-3) [Consumer clientId=consumer-Consumer-topic-1d4a38b7_0875_45d7_b87a_a3fff851c6ee-37, groupId=Consumer-topic-1d4a38b7_0875_45d7_b87a_a3fff851c6ee] Finished assignment for group at generation 1: {consumer-Consumer-topic-1d4a38b7_0875_45d7_b87a_a3fff851c6ee-37-d5b1869f-6593-4afd-af12-c4fef60e3798=Assignment(partitions=[topic-1d4a38b7_0875_45d7_b87a_a3fff851c6ee-0])}
2025-09-03 13:57:41,392 INFO  [org.apa.kaf.cli.con.int.ConsumerCoordinator] (ForkJoinPool.commonPool-worker-3) [Consumer clientId=consumer-Consumer-topic-1d4a38b7_0875_45d7_b87a_a3fff851c6ee-37, groupId=Consumer-topic-1d4a38b7_0875_45d7_b87a_a3fff851c6ee] Successfully synced group in generation Generation{generationId=1, memberId='consumer-Consumer-topic-1d4a38b7_0875_45d7_b87a_a3fff851c6ee-37-d5b1869f-6593-4afd-af12-c4fef60e3798', protocol='range'}
2025-09-03 13:57:41,392 INFO  [org.apa.kaf.cli.con.int.ConsumerCoordinator] (ForkJoinPool.commonPool-worker-3) [Consumer clientId=consumer-Consumer-topic-1d4a38b7_0875_45d7_b87a_a3fff851c6ee-37, groupId=Consumer-topic-1d4a38b7_0875_45d7_b87a_a3fff851c6ee] Notifying assignor about the new Assignment(partitions=[topic-1d4a38b7_0875_45d7_b87a_a3fff851c6ee-0])
2025-09-03 13:57:41,392 INFO  [org.apa.kaf.cli.con.int.ConsumerRebalanceListenerInvoker] (ForkJoinPool.commonPool-worker-3) [Consumer clientId=consumer-Consumer-topic-1d4a38b7_0875_45d7_b87a_a3fff851c6ee-37, groupId=Consumer-topic-1d4a38b7_0875_45d7_b87a_a3fff851c6ee] Adding newly assigned partitions: topic-1d4a38b7_0875_45d7_b87a_a3fff851c6ee-0
2025-09-03 13:57:41,393 INFO  [org.apa.kaf.cli.con.int.ConsumerCoordinator] (ForkJoinPool.commonPool-worker-3) [Consumer clientId=consumer-Consumer-topic-1d4a38b7_0875_45d7_b87a_a3fff851c6ee-37, groupId=Consumer-topic-1d4a38b7_0875_45d7_b87a_a3fff851c6ee] Found no committed offset for partition topic-1d4a38b7_0875_45d7_b87a_a3fff851c6ee-0
2025-09-03 13:57:41,395 INFO  [org.apa.kaf.cli.con.int.SubscriptionState] (ForkJoinPool.commonPool-worker-3) [Consumer clientId=consumer-Consumer-topic-1d4a38b7_0875_45d7_b87a_a3fff851c6ee-37, groupId=Consumer-topic-1d4a38b7_0875_45d7_b87a_a3fff851c6ee] Resetting offset for partition topic-1d4a38b7_0875_45d7_b87a_a3fff851c6ee-0 to position FetchPosition{offset=0, offsetEpoch=Optional.empty, currentLeader=LeaderAndEpoch{leader=Optional[localhost:32769 (id: 0 rack: null)], epoch=0}}.
2025-09-03 13:57:41,431 INFO  [io.api.tes.ser.api.KafkaSerdesTester] (ForkJoinPool.commonPool-worker-3) topic-1d4a38b7_0875_45d7_b87a_a3fff851c6ee 0 0 {"key1": "value-0"}
2025-09-03 13:57:41,431 INFO  [io.api.tes.ser.api.KafkaSerdesTester] (ForkJoinPool.commonPool-worker-3) topic-1d4a38b7_0875_45d7_b87a_a3fff851c6ee 0 1 {"key1": "value-1"}
2025-09-03 13:57:41,431 INFO  [io.api.tes.ser.api.KafkaSerdesTester] (ForkJoinPool.commonPool-worker-3) topic-1d4a38b7_0875_45d7_b87a_a3fff851c6ee 0 2 {"key1": "value-2"}
2025-09-03 13:57:41,431 INFO  [io.api.tes.ser.api.KafkaSerdesTester] (ForkJoinPool.commonPool-worker-3) topic-1d4a38b7_0875_45d7_b87a_a3fff851c6ee 0 3 {"key1": "value-3"}
2025-09-03 13:57:41,431 INFO  [io.api.tes.ser.api.KafkaSerdesTester] (ForkJoinPool.commonPool-worker-3) topic-1d4a38b7_0875_45d7_b87a_a3fff851c6ee 0 4 {"key1": "value-4"}
2025-09-03 13:57:41,431 INFO  [io.api.tes.ser.api.KafkaSerdesTester] (ForkJoinPool.commonPool-worker-3) topic-1d4a38b7_0875_45d7_b87a_a3fff851c6ee 0 5 {"key1": "value-5"}
2025-09-03 13:57:41,431 INFO  [io.api.tes.ser.api.KafkaSerdesTester] (ForkJoinPool.commonPool-worker-3) topic-1d4a38b7_0875_45d7_b87a_a3fff851c6ee 0 6 {"key1": "value-6"}
2025-09-03 13:57:41,431 INFO  [io.api.tes.ser.api.KafkaSerdesTester] (ForkJoinPool.commonPool-worker-3) topic-1d4a38b7_0875_45d7_b87a_a3fff851c6ee 0 7 {"key1": "value-7"}
2025-09-03 13:57:41,431 INFO  [io.api.tes.ser.api.KafkaSerdesTester] (ForkJoinPool.commonPool-worker-3) topic-1d4a38b7_0875_45d7_b87a_a3fff851c6ee 0 8 {"key1": "value-8"}
2025-09-03 13:57:41,431 INFO  [io.api.tes.ser.api.KafkaSerdesTester] (ForkJoinPool.commonPool-worker-3) topic-1d4a38b7_0875_45d7_b87a_a3fff851c6ee 0 9 {"key1": "value-9"}
2025-09-03 13:57:41,431 INFO  [io.api.tes.ser.api.KafkaSerdesTester] (ForkJoinPool.commonPool-worker-3) Consumed 10 messages
2025-09-03 13:57:41,437 INFO  [org.apa.kaf.cli.con.int.ConsumerRebalanceListenerInvoker] (ForkJoinPool.commonPool-worker-3) [Consumer clientId=consumer-Consumer-topic-1d4a38b7_0875_45d7_b87a_a3fff851c6ee-37, groupId=Consumer-topic-1d4a38b7_0875_45d7_b87a_a3fff851c6ee] Revoke previously assigned partitions topic-1d4a38b7_0875_45d7_b87a_a3fff851c6ee-0
2025-09-03 13:57:41,437 INFO  [org.apa.kaf.cli.con.int.ConsumerCoordinator] (ForkJoinPool.commonPool-worker-3) [Consumer clientId=consumer-Consumer-topic-1d4a38b7_0875_45d7_b87a_a3fff851c6ee-37, groupId=Consumer-topic-1d4a38b7_0875_45d7_b87a_a3fff851c6ee] Member consumer-Consumer-topic-1d4a38b7_0875_45d7_b87a_a3fff851c6ee-37-d5b1869f-6593-4afd-af12-c4fef60e3798 sending LeaveGroup request to coordinator localhost:32769 (id: 2147483647 rack: null) due to the consumer is being closed
2025-09-03 13:57:41,437 INFO  [org.apa.kaf.cli.con.int.ConsumerCoordinator] (ForkJoinPool.commonPool-worker-3) [Consumer clientId=consumer-Consumer-topic-1d4a38b7_0875_45d7_b87a_a3fff851c6ee-37, groupId=Consumer-topic-1d4a38b7_0875_45d7_b87a_a3fff851c6ee] Resetting generation and member id due to: consumer pro-actively leaving the group
2025-09-03 13:57:41,437 INFO  [org.apa.kaf.cli.con.int.ConsumerCoordinator] (ForkJoinPool.commonPool-worker-3) [Consumer clientId=consumer-Consumer-topic-1d4a38b7_0875_45d7_b87a_a3fff851c6ee-37, groupId=Consumer-topic-1d4a38b7_0875_45d7_b87a_a3fff851c6ee] Request joining group due to: consumer pro-actively leaving the group
2025-09-03 13:57:41,933 INFO  [org.apa.kaf.com.met.Metrics] (ForkJoinPool.commonPool-worker-3) Metrics scheduler closed
2025-09-03 13:57:41,933 INFO  [org.apa.kaf.com.met.Metrics] (ForkJoinPool.commonPool-worker-3) Closing reporter org.apache.kafka.common.metrics.JmxReporter
2025-09-03 13:57:41,933 INFO  [org.apa.kaf.com.met.Metrics] (ForkJoinPool.commonPool-worker-3) Closing reporter org.apache.kafka.common.telemetry.internals.ClientTelemetryReporter
2025-09-03 13:57:41,933 INFO  [org.apa.kaf.com.met.Metrics] (ForkJoinPool.commonPool-worker-3) Metrics reporters closed
2025-09-03 13:57:41,934 INFO  [org.apa.kaf.com.uti.AppInfoParser] (ForkJoinPool.commonPool-worker-3) App info kafka.consumer for consumer-Consumer-topic-1d4a38b7_0875_45d7_b87a_a3fff851c6ee-37 unregistered
2025-09-03 13:57:42,001 INFO  [io.api.tes.ser.con.BasicConfluentSerDesIT] (main) Deleting confluent schema topic-1d4a38b7_0875_45d7_b87a_a3fff851c6ee-value
2025-09-03 13:57:42,047 INFO  [io.api.tes.uti.TestSeparator] (main) io.apicurio.tests.serdes.confluent.BasicConfluentSerDesIT.testAvroConfluentSerDes-FINISHED
2025-09-03 13:57:42,047 INFO  [io.api.tes.uti.TestSeparator] (main) ############################################################################
Test passed: testAvroConfluentSerDes
]]></system-out>
  </testcase>
  <testcase name="testAvroConfluentForMultipleTopics" classname="io.apicurio.tests.serdes.confluent.BasicConfluentSerDesIT" time="11.483">
    <system-out><![CDATA[2025-09-03 13:57:42,048 INFO  [io.api.tes.uti.TestSeparator] (main) ############################################################################
2025-09-03 13:57:42,048 INFO  [io.api.tes.uti.TestSeparator] (main) io.apicurio.tests.serdes.confluent.BasicConfluentSerDesIT.testAvroConfluentForMultipleTopics-STARTED
2025-09-03 13:57:42,134 INFO  [io.api.tes.ser.con.BasicConfluentSerDesIT] (main) Checking that created schema is equal to the get schema
2025-09-03 13:57:42,169 INFO  [io.api.tes.ser.con.BasicConfluentSerDesIT] (main) Created schema with id:112 and name:myrecordconfluent6
**** Registry Base URL: http://registry-app-mysql.apps.ci419.apicurio-testing.org:80
2025-09-03 13:57:42,170 INFO  [org.apa.kaf.cli.pro.ProducerConfig] (main) ProducerConfig values: 
	acks = -1
	auto.include.jmx.reporter = true
	batch.size = 16384
	bootstrap.servers = [PLAINTEXT://localhost:32769]
	buffer.memory = 33554432
	client.dns.lookup = use_all_dns_ips
	client.id = Producer-topic-38fae4fb_b398_455a_849e_57e76b6811f1
	compression.gzip.level = -1
	compression.lz4.level = 9
	compression.type = none
	compression.zstd.level = 3
	connections.max.idle.ms = 10000
	delivery.timeout.ms = 120000
	enable.idempotence = true
	enable.metrics.push = true
	interceptor.classes = []
	key.serializer = class org.apache.kafka.common.serialization.StringSerializer
	linger.ms = 0
	max.block.ms = 60000
	max.in.flight.requests.per.connection = 5
	max.request.size = 1048576
	metadata.max.age.ms = 300000
	metadata.max.idle.ms = 300000
	metadata.recovery.strategy = none
	metric.reporters = []
	metrics.num.samples = 2
	metrics.recording.level = INFO
	metrics.sample.window.ms = 30000
	partitioner.adaptive.partitioning.enable = true
	partitioner.availability.timeout.ms = 0
	partitioner.class = null
	partitioner.ignore.keys = false
	receive.buffer.bytes = 32768
	reconnect.backoff.max.ms = 1000
	reconnect.backoff.ms = 50
	request.timeout.ms = 5000
	retries = 2147483647
	retry.backoff.max.ms = 1000
	retry.backoff.ms = 100
	sasl.client.callback.handler.class = null
	sasl.jaas.config = null
	sasl.kerberos.kinit.cmd = /usr/bin/kinit
	sasl.kerberos.min.time.before.relogin = 60000
	sasl.kerberos.service.name = null
	sasl.kerberos.ticket.renew.jitter = 0.05
	sasl.kerberos.ticket.renew.window.factor = 0.8
	sasl.login.callback.handler.class = null
	sasl.login.class = null
	sasl.login.connect.timeout.ms = null
	sasl.login.read.timeout.ms = null
	sasl.login.refresh.buffer.seconds = 300
	sasl.login.refresh.min.period.seconds = 60
	sasl.login.refresh.window.factor = 0.8
	sasl.login.refresh.window.jitter = 0.05
	sasl.login.retry.backoff.max.ms = 10000
	sasl.login.retry.backoff.ms = 100
	sasl.mechanism = GSSAPI
	sasl.oauthbearer.clock.skew.seconds = 30
	sasl.oauthbearer.expected.audience = null
	sasl.oauthbearer.expected.issuer = null
	sasl.oauthbearer.header.urlencode = false
	sasl.oauthbearer.jwks.endpoint.refresh.ms = 3600000
	sasl.oauthbearer.jwks.endpoint.retry.backoff.max.ms = 10000
	sasl.oauthbearer.jwks.endpoint.retry.backoff.ms = 100
	sasl.oauthbearer.jwks.endpoint.url = null
	sasl.oauthbearer.scope.claim.name = scope
	sasl.oauthbearer.sub.claim.name = sub
	sasl.oauthbearer.token.endpoint.url = null
	security.protocol = PLAINTEXT
	security.providers = null
	send.buffer.bytes = 131072
	socket.connection.setup.timeout.max.ms = 30000
	socket.connection.setup.timeout.ms = 10000
	ssl.cipher.suites = null
	ssl.enabled.protocols = [TLSv1.2, TLSv1.3]
	ssl.endpoint.identification.algorithm = https
	ssl.engine.factory.class = null
	ssl.key.password = null
	ssl.keymanager.algorithm = SunX509
	ssl.keystore.certificate.chain = null
	ssl.keystore.key = null
	ssl.keystore.location = null
	ssl.keystore.password = null
	ssl.keystore.type = JKS
	ssl.protocol = TLSv1.3
	ssl.provider = null
	ssl.secure.random.implementation = null
	ssl.trustmanager.algorithm = PKIX
	ssl.truststore.certificates = null
	ssl.truststore.location = null
	ssl.truststore.password = null
	ssl.truststore.type = JKS
	transaction.timeout.ms = 60000
	transactional.id = null
	value.serializer = class io.apicurio.registry.serde.avro.AvroKafkaSerializer

2025-09-03 13:57:42,170 INFO  [org.apa.kaf.com.tel.int.KafkaMetricsCollector] (main) initializing Kafka metrics collector
2025-09-03 13:57:42,172 INFO  [org.apa.kaf.cli.pro.KafkaProducer] (main) [Producer clientId=Producer-topic-38fae4fb_b398_455a_849e_57e76b6811f1] Instantiated an idempotent producer.
2025-09-03 13:57:42,173 INFO  [org.apa.kaf.cli.pro.ProducerConfig] (main) These configurations '[apicurio.registry.url, apicurio.registry.artifact-resolver-strategy]' were supplied but are not used yet.
2025-09-03 13:57:42,173 INFO  [org.apa.kaf.com.uti.AppInfoParser] (main) Kafka version: 3.9.1
2025-09-03 13:57:42,173 INFO  [org.apa.kaf.com.uti.AppInfoParser] (main) Kafka commitId: f745dfdcee2b9851
2025-09-03 13:57:42,173 INFO  [org.apa.kaf.com.uti.AppInfoParser] (main) Kafka startTimeMs: 1756907862173
**** Registry Base URL: http://registry-app-mysql.apps.ci419.apicurio-testing.org:80
2025-09-03 13:57:42,174 INFO  [org.apa.kaf.cli.pro.ProducerConfig] (main) ProducerConfig values: 
	acks = -1
	auto.include.jmx.reporter = true
	batch.size = 16384
	bootstrap.servers = [PLAINTEXT://localhost:32769]
	buffer.memory = 33554432
	client.dns.lookup = use_all_dns_ips
	client.id = Producer-topic-e05715bc_ed21_48b4_bdcc_aad080aa58bb
	compression.gzip.level = -1
	compression.lz4.level = 9
	compression.type = none
	compression.zstd.level = 3
	connections.max.idle.ms = 10000
	delivery.timeout.ms = 120000
	enable.idempotence = true
	enable.metrics.push = true
	interceptor.classes = []
	key.serializer = class org.apache.kafka.common.serialization.StringSerializer
	linger.ms = 0
	max.block.ms = 60000
	max.in.flight.requests.per.connection = 5
	max.request.size = 1048576
	metadata.max.age.ms = 300000
	metadata.max.idle.ms = 300000
	metadata.recovery.strategy = none
	metric.reporters = []
	metrics.num.samples = 2
	metrics.recording.level = INFO
	metrics.sample.window.ms = 30000
	partitioner.adaptive.partitioning.enable = true
	partitioner.availability.timeout.ms = 0
	partitioner.class = null
	partitioner.ignore.keys = false
	receive.buffer.bytes = 32768
	reconnect.backoff.max.ms = 1000
	reconnect.backoff.ms = 50
	request.timeout.ms = 5000
	retries = 2147483647
	retry.backoff.max.ms = 1000
	retry.backoff.ms = 100
	sasl.client.callback.handler.class = null
	sasl.jaas.config = null
	sasl.kerberos.kinit.cmd = /usr/bin/kinit
	sasl.kerberos.min.time.before.relogin = 60000
	sasl.kerberos.service.name = null
	sasl.kerberos.ticket.renew.jitter = 0.05
	sasl.kerberos.ticket.renew.window.factor = 0.8
	sasl.login.callback.handler.class = null
	sasl.login.class = null
	sasl.login.connect.timeout.ms = null
	sasl.login.read.timeout.ms = null
	sasl.login.refresh.buffer.seconds = 300
	sasl.login.refresh.min.period.seconds = 60
	sasl.login.refresh.window.factor = 0.8
	sasl.login.refresh.window.jitter = 0.05
	sasl.login.retry.backoff.max.ms = 10000
	sasl.login.retry.backoff.ms = 100
	sasl.mechanism = GSSAPI
	sasl.oauthbearer.clock.skew.seconds = 30
	sasl.oauthbearer.expected.audience = null
	sasl.oauthbearer.expected.issuer = null
	sasl.oauthbearer.header.urlencode = false
	sasl.oauthbearer.jwks.endpoint.refresh.ms = 3600000
	sasl.oauthbearer.jwks.endpoint.retry.backoff.max.ms = 10000
	sasl.oauthbearer.jwks.endpoint.retry.backoff.ms = 100
	sasl.oauthbearer.jwks.endpoint.url = null
	sasl.oauthbearer.scope.claim.name = scope
	sasl.oauthbearer.sub.claim.name = sub
	sasl.oauthbearer.token.endpoint.url = null
	security.protocol = PLAINTEXT
	security.providers = null
	send.buffer.bytes = 131072
	socket.connection.setup.timeout.max.ms = 30000
	socket.connection.setup.timeout.ms = 10000
	ssl.cipher.suites = null
	ssl.enabled.protocols = [TLSv1.2, TLSv1.3]
	ssl.endpoint.identification.algorithm = https
	ssl.engine.factory.class = null
	ssl.key.password = null
	ssl.keymanager.algorithm = SunX509
	ssl.keystore.certificate.chain = null
	ssl.keystore.key = null
	ssl.keystore.location = null
	ssl.keystore.password = null
	ssl.keystore.type = JKS
	ssl.protocol = TLSv1.3
	ssl.provider = null
	ssl.secure.random.implementation = null
	ssl.trustmanager.algorithm = PKIX
	ssl.truststore.certificates = null
	ssl.truststore.location = null
	ssl.truststore.password = null
	ssl.truststore.type = JKS
	transaction.timeout.ms = 60000
	transactional.id = null
	value.serializer = class io.apicurio.registry.serde.avro.AvroKafkaSerializer

2025-09-03 13:57:42,174 INFO  [org.apa.kaf.com.tel.int.KafkaMetricsCollector] (main) initializing Kafka metrics collector
2025-09-03 13:57:42,176 INFO  [org.apa.kaf.cli.Metadata] (kafka-producer-network-thread | Producer-topic-38fae4fb_b398_455a_849e_57e76b6811f1) [Producer clientId=Producer-topic-38fae4fb_b398_455a_849e_57e76b6811f1] Cluster ID: idi4IAQcRfmNXWpL6PLRmQ
2025-09-03 13:57:42,176 INFO  [org.apa.kaf.cli.pro.int.TransactionManager] (kafka-producer-network-thread | Producer-topic-38fae4fb_b398_455a_849e_57e76b6811f1) [Producer clientId=Producer-topic-38fae4fb_b398_455a_849e_57e76b6811f1] ProducerId set to 51 with epoch 0
2025-09-03 13:57:42,176 INFO  [org.apa.kaf.cli.pro.KafkaProducer] (main) [Producer clientId=Producer-topic-e05715bc_ed21_48b4_bdcc_aad080aa58bb] Instantiated an idempotent producer.
2025-09-03 13:57:42,177 INFO  [org.apa.kaf.cli.pro.ProducerConfig] (main) These configurations '[apicurio.registry.url, apicurio.registry.artifact-resolver-strategy]' were supplied but are not used yet.
2025-09-03 13:57:42,177 INFO  [org.apa.kaf.com.uti.AppInfoParser] (main) Kafka version: 3.9.1
2025-09-03 13:57:42,177 INFO  [org.apa.kaf.com.uti.AppInfoParser] (main) Kafka commitId: f745dfdcee2b9851
2025-09-03 13:57:42,177 INFO  [org.apa.kaf.com.uti.AppInfoParser] (main) Kafka startTimeMs: 1756907862177
**** Registry Base URL: http://registry-app-mysql.apps.ci419.apicurio-testing.org:80
2025-09-03 13:57:42,177 INFO  [org.apa.kaf.cli.pro.ProducerConfig] (main) ProducerConfig values: 
	acks = -1
	auto.include.jmx.reporter = true
	batch.size = 16384
	bootstrap.servers = [PLAINTEXT://localhost:32769]
	buffer.memory = 33554432
	client.dns.lookup = use_all_dns_ips
	client.id = Producer-topic-349bee12_f7f3_4a1a_8d20_49f4d53364bc
	compression.gzip.level = -1
	compression.lz4.level = 9
	compression.type = none
	compression.zstd.level = 3
	connections.max.idle.ms = 10000
	delivery.timeout.ms = 120000
	enable.idempotence = true
	enable.metrics.push = true
	interceptor.classes = []
	key.serializer = class org.apache.kafka.common.serialization.StringSerializer
	linger.ms = 0
	max.block.ms = 60000
	max.in.flight.requests.per.connection = 5
	max.request.size = 1048576
	metadata.max.age.ms = 300000
	metadata.max.idle.ms = 300000
	metadata.recovery.strategy = none
	metric.reporters = []
	metrics.num.samples = 2
	metrics.recording.level = INFO
	metrics.sample.window.ms = 30000
	partitioner.adaptive.partitioning.enable = true
	partitioner.availability.timeout.ms = 0
	partitioner.class = null
	partitioner.ignore.keys = false
	receive.buffer.bytes = 32768
	reconnect.backoff.max.ms = 1000
	reconnect.backoff.ms = 50
	request.timeout.ms = 5000
	retries = 2147483647
	retry.backoff.max.ms = 1000
	retry.backoff.ms = 100
	sasl.client.callback.handler.class = null
	sasl.jaas.config = null
	sasl.kerberos.kinit.cmd = /usr/bin/kinit
	sasl.kerberos.min.time.before.relogin = 60000
	sasl.kerberos.service.name = null
	sasl.kerberos.ticket.renew.jitter = 0.05
	sasl.kerberos.ticket.renew.window.factor = 0.8
	sasl.login.callback.handler.class = null
	sasl.login.class = null
	sasl.login.connect.timeout.ms = null
	sasl.login.read.timeout.ms = null
	sasl.login.refresh.buffer.seconds = 300
	sasl.login.refresh.min.period.seconds = 60
	sasl.login.refresh.window.factor = 0.8
	sasl.login.refresh.window.jitter = 0.05
	sasl.login.retry.backoff.max.ms = 10000
	sasl.login.retry.backoff.ms = 100
	sasl.mechanism = GSSAPI
	sasl.oauthbearer.clock.skew.seconds = 30
	sasl.oauthbearer.expected.audience = null
	sasl.oauthbearer.expected.issuer = null
	sasl.oauthbearer.header.urlencode = false
	sasl.oauthbearer.jwks.endpoint.refresh.ms = 3600000
	sasl.oauthbearer.jwks.endpoint.retry.backoff.max.ms = 10000
	sasl.oauthbearer.jwks.endpoint.retry.backoff.ms = 100
	sasl.oauthbearer.jwks.endpoint.url = null
	sasl.oauthbearer.scope.claim.name = scope
	sasl.oauthbearer.sub.claim.name = sub
	sasl.oauthbearer.token.endpoint.url = null
	security.protocol = PLAINTEXT
	security.providers = null
	send.buffer.bytes = 131072
	socket.connection.setup.timeout.max.ms = 30000
	socket.connection.setup.timeout.ms = 10000
	ssl.cipher.suites = null
	ssl.enabled.protocols = [TLSv1.2, TLSv1.3]
	ssl.endpoint.identification.algorithm = https
	ssl.engine.factory.class = null
	ssl.key.password = null
	ssl.keymanager.algorithm = SunX509
	ssl.keystore.certificate.chain = null
	ssl.keystore.key = null
	ssl.keystore.location = null
	ssl.keystore.password = null
	ssl.keystore.type = JKS
	ssl.protocol = TLSv1.3
	ssl.provider = null
	ssl.secure.random.implementation = null
	ssl.trustmanager.algorithm = PKIX
	ssl.truststore.certificates = null
	ssl.truststore.location = null
	ssl.truststore.password = null
	ssl.truststore.type = JKS
	transaction.timeout.ms = 60000
	transactional.id = null
	value.serializer = class io.apicurio.registry.serde.avro.AvroKafkaSerializer

2025-09-03 13:57:42,177 INFO  [org.apa.kaf.com.tel.int.KafkaMetricsCollector] (main) initializing Kafka metrics collector
2025-09-03 13:57:42,179 INFO  [org.apa.kaf.cli.Metadata] (kafka-producer-network-thread | Producer-topic-e05715bc_ed21_48b4_bdcc_aad080aa58bb) [Producer clientId=Producer-topic-e05715bc_ed21_48b4_bdcc_aad080aa58bb] Cluster ID: idi4IAQcRfmNXWpL6PLRmQ
2025-09-03 13:57:42,179 INFO  [org.apa.kaf.cli.pro.int.TransactionManager] (kafka-producer-network-thread | Producer-topic-e05715bc_ed21_48b4_bdcc_aad080aa58bb) [Producer clientId=Producer-topic-e05715bc_ed21_48b4_bdcc_aad080aa58bb] ProducerId set to 52 with epoch 0
2025-09-03 13:57:42,179 INFO  [org.apa.kaf.cli.pro.KafkaProducer] (main) [Producer clientId=Producer-topic-349bee12_f7f3_4a1a_8d20_49f4d53364bc] Instantiated an idempotent producer.
2025-09-03 13:57:42,181 INFO  [org.apa.kaf.cli.pro.ProducerConfig] (main) These configurations '[apicurio.registry.url, apicurio.registry.artifact-resolver-strategy]' were supplied but are not used yet.
2025-09-03 13:57:42,181 INFO  [org.apa.kaf.com.uti.AppInfoParser] (main) Kafka version: 3.9.1
2025-09-03 13:57:42,181 INFO  [org.apa.kaf.com.uti.AppInfoParser] (main) Kafka commitId: f745dfdcee2b9851
2025-09-03 13:57:42,181 INFO  [org.apa.kaf.com.uti.AppInfoParser] (main) Kafka startTimeMs: 1756907862181
**** Registry Base URL: http://registry-app-mysql.apps.ci419.apicurio-testing.org:80
2025-09-03 13:57:42,181 INFO  [org.apa.kaf.cli.con.ConsumerConfig] (main) ConsumerConfig values: 
	allow.auto.create.topics = true
	auto.commit.interval.ms = 500
	auto.include.jmx.reporter = true
	auto.offset.reset = earliest
	bootstrap.servers = [PLAINTEXT://localhost:32769]
	check.crcs = true
	client.dns.lookup = use_all_dns_ips
	client.id = consumer-Consumer-topic-38fae4fb_b398_455a_849e_57e76b6811f1-38
	client.rack = 
	connections.max.idle.ms = 10000
	default.api.timeout.ms = 60000
	enable.auto.commit = true
	enable.metrics.push = true
	exclude.internal.topics = true
	fetch.max.bytes = 52428800
	fetch.max.wait.ms = 500
	fetch.min.bytes = 1
	group.id = Consumer-topic-38fae4fb_b398_455a_849e_57e76b6811f1
	group.instance.id = null
	group.protocol = classic
	group.remote.assignor = null
	heartbeat.interval.ms = 3000
	interceptor.classes = []
	internal.leave.group.on.close = true
	internal.throw.on.fetch.stable.offset.unsupported = false
	isolation.level = read_uncommitted
	key.deserializer = class org.apache.kafka.common.serialization.StringDeserializer
	max.partition.fetch.bytes = 1048576
	max.poll.interval.ms = 300000
	max.poll.records = 500
	metadata.max.age.ms = 300000
	metadata.recovery.strategy = none
	metric.reporters = []
	metrics.num.samples = 2
	metrics.recording.level = INFO
	metrics.sample.window.ms = 30000
	partition.assignment.strategy = [class org.apache.kafka.clients.consumer.RangeAssignor, class org.apache.kafka.clients.consumer.CooperativeStickyAssignor]
	receive.buffer.bytes = 65536
	reconnect.backoff.max.ms = 1000
	reconnect.backoff.ms = 50
	request.timeout.ms = 5000
	retry.backoff.max.ms = 1000
	retry.backoff.ms = 100
	sasl.client.callback.handler.class = null
	sasl.jaas.config = null
	sasl.kerberos.kinit.cmd = /usr/bin/kinit
	sasl.kerberos.min.time.before.relogin = 60000
	sasl.kerberos.service.name = null
	sasl.kerberos.ticket.renew.jitter = 0.05
	sasl.kerberos.ticket.renew.window.factor = 0.8
	sasl.login.callback.handler.class = null
	sasl.login.class = null
	sasl.login.connect.timeout.ms = null
	sasl.login.read.timeout.ms = null
	sasl.login.refresh.buffer.seconds = 300
	sasl.login.refresh.min.period.seconds = 60
	sasl.login.refresh.window.factor = 0.8
	sasl.login.refresh.window.jitter = 0.05
	sasl.login.retry.backoff.max.ms = 10000
	sasl.login.retry.backoff.ms = 100
	sasl.mechanism = GSSAPI
	sasl.oauthbearer.clock.skew.seconds = 30
	sasl.oauthbearer.expected.audience = null
	sasl.oauthbearer.expected.issuer = null
	sasl.oauthbearer.header.urlencode = false
	sasl.oauthbearer.jwks.endpoint.refresh.ms = 3600000
	sasl.oauthbearer.jwks.endpoint.retry.backoff.max.ms = 10000
	sasl.oauthbearer.jwks.endpoint.retry.backoff.ms = 100
	sasl.oauthbearer.jwks.endpoint.url = null
	sasl.oauthbearer.scope.claim.name = scope
	sasl.oauthbearer.sub.claim.name = sub
	sasl.oauthbearer.token.endpoint.url = null
	security.protocol = PLAINTEXT
	security.providers = null
	send.buffer.bytes = 131072
	session.timeout.ms = 45000
	socket.connection.setup.timeout.max.ms = 30000
	socket.connection.setup.timeout.ms = 10000
	ssl.cipher.suites = null
	ssl.enabled.protocols = [TLSv1.2, TLSv1.3]
	ssl.endpoint.identification.algorithm = https
	ssl.engine.factory.class = null
	ssl.key.password = null
	ssl.keymanager.algorithm = SunX509
	ssl.keystore.certificate.chain = null
	ssl.keystore.key = null
	ssl.keystore.location = null
	ssl.keystore.password = null
	ssl.keystore.type = JKS
	ssl.protocol = TLSv1.3
	ssl.provider = null
	ssl.secure.random.implementation = null
	ssl.trustmanager.algorithm = PKIX
	ssl.truststore.certificates = null
	ssl.truststore.location = null
	ssl.truststore.password = null
	ssl.truststore.type = JKS
	value.deserializer = class io.apicurio.registry.serde.avro.AvroKafkaDeserializer

2025-09-03 13:57:42,181 INFO  [org.apa.kaf.com.tel.int.KafkaMetricsCollector] (main) initializing Kafka metrics collector
2025-09-03 13:57:42,182 INFO  [org.apa.kaf.cli.Metadata] (kafka-producer-network-thread | Producer-topic-349bee12_f7f3_4a1a_8d20_49f4d53364bc) [Producer clientId=Producer-topic-349bee12_f7f3_4a1a_8d20_49f4d53364bc] Cluster ID: idi4IAQcRfmNXWpL6PLRmQ
2025-09-03 13:57:42,182 INFO  [org.apa.kaf.cli.pro.int.TransactionManager] (kafka-producer-network-thread | Producer-topic-349bee12_f7f3_4a1a_8d20_49f4d53364bc) [Producer clientId=Producer-topic-349bee12_f7f3_4a1a_8d20_49f4d53364bc] ProducerId set to 53 with epoch 0
2025-09-03 13:57:42,184 INFO  [org.apa.kaf.cli.con.ConsumerConfig] (main) These configurations '[apicurio.registry.url]' were supplied but are not used yet.
2025-09-03 13:57:42,184 INFO  [org.apa.kaf.com.uti.AppInfoParser] (main) Kafka version: 3.9.1
2025-09-03 13:57:42,184 INFO  [org.apa.kaf.com.uti.AppInfoParser] (main) Kafka commitId: f745dfdcee2b9851
2025-09-03 13:57:42,184 INFO  [org.apa.kaf.com.uti.AppInfoParser] (main) Kafka startTimeMs: 1756907862184
**** Registry Base URL: http://registry-app-mysql.apps.ci419.apicurio-testing.org:80
2025-09-03 13:57:42,184 INFO  [org.apa.kaf.cli.con.ConsumerConfig] (main) ConsumerConfig values: 
	allow.auto.create.topics = true
	auto.commit.interval.ms = 500
	auto.include.jmx.reporter = true
	auto.offset.reset = earliest
	bootstrap.servers = [PLAINTEXT://localhost:32769]
	check.crcs = true
	client.dns.lookup = use_all_dns_ips
	client.id = consumer-Consumer-topic-e05715bc_ed21_48b4_bdcc_aad080aa58bb-39
	client.rack = 
	connections.max.idle.ms = 10000
	default.api.timeout.ms = 60000
	enable.auto.commit = true
	enable.metrics.push = true
	exclude.internal.topics = true
	fetch.max.bytes = 52428800
	fetch.max.wait.ms = 500
	fetch.min.bytes = 1
	group.id = Consumer-topic-e05715bc_ed21_48b4_bdcc_aad080aa58bb
	group.instance.id = null
	group.protocol = classic
	group.remote.assignor = null
	heartbeat.interval.ms = 3000
	interceptor.classes = []
	internal.leave.group.on.close = true
	internal.throw.on.fetch.stable.offset.unsupported = false
	isolation.level = read_uncommitted
	key.deserializer = class org.apache.kafka.common.serialization.StringDeserializer
	max.partition.fetch.bytes = 1048576
	max.poll.interval.ms = 300000
	max.poll.records = 500
	metadata.max.age.ms = 300000
	metadata.recovery.strategy = none
	metric.reporters = []
	metrics.num.samples = 2
	metrics.recording.level = INFO
	metrics.sample.window.ms = 30000
	partition.assignment.strategy = [class org.apache.kafka.clients.consumer.RangeAssignor, class org.apache.kafka.clients.consumer.CooperativeStickyAssignor]
	receive.buffer.bytes = 65536
	reconnect.backoff.max.ms = 1000
	reconnect.backoff.ms = 50
	request.timeout.ms = 5000
	retry.backoff.max.ms = 1000
	retry.backoff.ms = 100
	sasl.client.callback.handler.class = null
	sasl.jaas.config = null
	sasl.kerberos.kinit.cmd = /usr/bin/kinit
	sasl.kerberos.min.time.before.relogin = 60000
	sasl.kerberos.service.name = null
	sasl.kerberos.ticket.renew.jitter = 0.05
	sasl.kerberos.ticket.renew.window.factor = 0.8
	sasl.login.callback.handler.class = null
	sasl.login.class = null
	sasl.login.connect.timeout.ms = null
	sasl.login.read.timeout.ms = null
	sasl.login.refresh.buffer.seconds = 300
	sasl.login.refresh.min.period.seconds = 60
	sasl.login.refresh.window.factor = 0.8
	sasl.login.refresh.window.jitter = 0.05
	sasl.login.retry.backoff.max.ms = 10000
	sasl.login.retry.backoff.ms = 100
	sasl.mechanism = GSSAPI
	sasl.oauthbearer.clock.skew.seconds = 30
	sasl.oauthbearer.expected.audience = null
	sasl.oauthbearer.expected.issuer = null
	sasl.oauthbearer.header.urlencode = false
	sasl.oauthbearer.jwks.endpoint.refresh.ms = 3600000
	sasl.oauthbearer.jwks.endpoint.retry.backoff.max.ms = 10000
	sasl.oauthbearer.jwks.endpoint.retry.backoff.ms = 100
	sasl.oauthbearer.jwks.endpoint.url = null
	sasl.oauthbearer.scope.claim.name = scope
	sasl.oauthbearer.sub.claim.name = sub
	sasl.oauthbearer.token.endpoint.url = null
	security.protocol = PLAINTEXT
	security.providers = null
	send.buffer.bytes = 131072
	session.timeout.ms = 45000
	socket.connection.setup.timeout.max.ms = 30000
	socket.connection.setup.timeout.ms = 10000
	ssl.cipher.suites = null
	ssl.enabled.protocols = [TLSv1.2, TLSv1.3]
	ssl.endpoint.identification.algorithm = https
	ssl.engine.factory.class = null
	ssl.key.password = null
	ssl.keymanager.algorithm = SunX509
	ssl.keystore.certificate.chain = null
	ssl.keystore.key = null
	ssl.keystore.location = null
	ssl.keystore.password = null
	ssl.keystore.type = JKS
	ssl.protocol = TLSv1.3
	ssl.provider = null
	ssl.secure.random.implementation = null
	ssl.trustmanager.algorithm = PKIX
	ssl.truststore.certificates = null
	ssl.truststore.location = null
	ssl.truststore.password = null
	ssl.truststore.type = JKS
	value.deserializer = class io.apicurio.registry.serde.avro.AvroKafkaDeserializer

2025-09-03 13:57:42,185 INFO  [org.apa.kaf.com.tel.int.KafkaMetricsCollector] (main) initializing Kafka metrics collector
2025-09-03 13:57:42,187 INFO  [org.apa.kaf.cli.con.ConsumerConfig] (main) These configurations '[apicurio.registry.url]' were supplied but are not used yet.
2025-09-03 13:57:42,187 INFO  [org.apa.kaf.com.uti.AppInfoParser] (main) Kafka version: 3.9.1
2025-09-03 13:57:42,187 INFO  [org.apa.kaf.com.uti.AppInfoParser] (main) Kafka commitId: f745dfdcee2b9851
2025-09-03 13:57:42,187 INFO  [org.apa.kaf.com.uti.AppInfoParser] (main) Kafka startTimeMs: 1756907862187
**** Registry Base URL: http://registry-app-mysql.apps.ci419.apicurio-testing.org:80
2025-09-03 13:57:42,187 INFO  [org.apa.kaf.cli.con.ConsumerConfig] (main) ConsumerConfig values: 
	allow.auto.create.topics = true
	auto.commit.interval.ms = 500
	auto.include.jmx.reporter = true
	auto.offset.reset = earliest
	bootstrap.servers = [PLAINTEXT://localhost:32769]
	check.crcs = true
	client.dns.lookup = use_all_dns_ips
	client.id = consumer-Consumer-topic-349bee12_f7f3_4a1a_8d20_49f4d53364bc-40
	client.rack = 
	connections.max.idle.ms = 10000
	default.api.timeout.ms = 60000
	enable.auto.commit = true
	enable.metrics.push = true
	exclude.internal.topics = true
	fetch.max.bytes = 52428800
	fetch.max.wait.ms = 500
	fetch.min.bytes = 1
	group.id = Consumer-topic-349bee12_f7f3_4a1a_8d20_49f4d53364bc
	group.instance.id = null
	group.protocol = classic
	group.remote.assignor = null
	heartbeat.interval.ms = 3000
	interceptor.classes = []
	internal.leave.group.on.close = true
	internal.throw.on.fetch.stable.offset.unsupported = false
	isolation.level = read_uncommitted
	key.deserializer = class org.apache.kafka.common.serialization.StringDeserializer
	max.partition.fetch.bytes = 1048576
	max.poll.interval.ms = 300000
	max.poll.records = 500
	metadata.max.age.ms = 300000
	metadata.recovery.strategy = none
	metric.reporters = []
	metrics.num.samples = 2
	metrics.recording.level = INFO
	metrics.sample.window.ms = 30000
	partition.assignment.strategy = [class org.apache.kafka.clients.consumer.RangeAssignor, class org.apache.kafka.clients.consumer.CooperativeStickyAssignor]
	receive.buffer.bytes = 65536
	reconnect.backoff.max.ms = 1000
	reconnect.backoff.ms = 50
	request.timeout.ms = 5000
	retry.backoff.max.ms = 1000
	retry.backoff.ms = 100
	sasl.client.callback.handler.class = null
	sasl.jaas.config = null
	sasl.kerberos.kinit.cmd = /usr/bin/kinit
	sasl.kerberos.min.time.before.relogin = 60000
	sasl.kerberos.service.name = null
	sasl.kerberos.ticket.renew.jitter = 0.05
	sasl.kerberos.ticket.renew.window.factor = 0.8
	sasl.login.callback.handler.class = null
	sasl.login.class = null
	sasl.login.connect.timeout.ms = null
	sasl.login.read.timeout.ms = null
	sasl.login.refresh.buffer.seconds = 300
	sasl.login.refresh.min.period.seconds = 60
	sasl.login.refresh.window.factor = 0.8
	sasl.login.refresh.window.jitter = 0.05
	sasl.login.retry.backoff.max.ms = 10000
	sasl.login.retry.backoff.ms = 100
	sasl.mechanism = GSSAPI
	sasl.oauthbearer.clock.skew.seconds = 30
	sasl.oauthbearer.expected.audience = null
	sasl.oauthbearer.expected.issuer = null
	sasl.oauthbearer.header.urlencode = false
	sasl.oauthbearer.jwks.endpoint.refresh.ms = 3600000
	sasl.oauthbearer.jwks.endpoint.retry.backoff.max.ms = 10000
	sasl.oauthbearer.jwks.endpoint.retry.backoff.ms = 100
	sasl.oauthbearer.jwks.endpoint.url = null
	sasl.oauthbearer.scope.claim.name = scope
	sasl.oauthbearer.sub.claim.name = sub
	sasl.oauthbearer.token.endpoint.url = null
	security.protocol = PLAINTEXT
	security.providers = null
	send.buffer.bytes = 131072
	session.timeout.ms = 45000
	socket.connection.setup.timeout.max.ms = 30000
	socket.connection.setup.timeout.ms = 10000
	ssl.cipher.suites = null
	ssl.enabled.protocols = [TLSv1.2, TLSv1.3]
	ssl.endpoint.identification.algorithm = https
	ssl.engine.factory.class = null
	ssl.key.password = null
	ssl.keymanager.algorithm = SunX509
	ssl.keystore.certificate.chain = null
	ssl.keystore.key = null
	ssl.keystore.location = null
	ssl.keystore.password = null
	ssl.keystore.type = JKS
	ssl.protocol = TLSv1.3
	ssl.provider = null
	ssl.secure.random.implementation = null
	ssl.trustmanager.algorithm = PKIX
	ssl.truststore.certificates = null
	ssl.truststore.location = null
	ssl.truststore.password = null
	ssl.truststore.type = JKS
	value.deserializer = class io.apicurio.registry.serde.avro.AvroKafkaDeserializer

2025-09-03 13:57:42,188 INFO  [org.apa.kaf.com.tel.int.KafkaMetricsCollector] (main) initializing Kafka metrics collector
2025-09-03 13:57:42,191 INFO  [org.apa.kaf.cli.con.ConsumerConfig] (main) These configurations '[apicurio.registry.url]' were supplied but are not used yet.
2025-09-03 13:57:42,192 INFO  [org.apa.kaf.com.uti.AppInfoParser] (main) Kafka version: 3.9.1
2025-09-03 13:57:42,192 INFO  [org.apa.kaf.com.uti.AppInfoParser] (main) Kafka commitId: f745dfdcee2b9851
2025-09-03 13:57:42,192 INFO  [org.apa.kaf.com.uti.AppInfoParser] (main) Kafka startTimeMs: 1756907862192
2025-09-03 13:57:42,192 INFO  [io.api.tes.ser.api.KafkaSerdesTester] (ForkJoinPool.commonPool-worker-3) Sending message {"key1": "value-0"} to topic topic-38fae4fb_b398_455a_849e_57e76b6811f1
2025-09-03 13:57:42,195 INFO  [DefaultSchemaResolver] (ForkJoinPool.commonPool-worker-3) Retrieving schema content using string: {"type":"record","name":"myrecordconfluent6","fields":[{"name":"key1","type":"string"}]}
2025-09-03 13:57:42,275 INFO  [io.api.tes.ser.api.KafkaSerdesTester] (ForkJoinPool.commonPool-worker-3) Sending message {"key1": "value-1"} to topic topic-38fae4fb_b398_455a_849e_57e76b6811f1
2025-09-03 13:57:42,277 INFO  [io.api.tes.ser.api.KafkaSerdesTester] (ForkJoinPool.commonPool-worker-3) Sending message {"key1": "value-2"} to topic topic-38fae4fb_b398_455a_849e_57e76b6811f1
2025-09-03 13:57:42,278 INFO  [io.api.tes.ser.api.KafkaSerdesTester] (ForkJoinPool.commonPool-worker-3) Sending message {"key1": "value-3"} to topic topic-38fae4fb_b398_455a_849e_57e76b6811f1
2025-09-03 13:57:42,279 INFO  [io.api.tes.ser.api.KafkaSerdesTester] (ForkJoinPool.commonPool-worker-3) Sending message {"key1": "value-4"} to topic topic-38fae4fb_b398_455a_849e_57e76b6811f1
2025-09-03 13:57:42,280 INFO  [io.api.tes.ser.api.KafkaSerdesTester] (ForkJoinPool.commonPool-worker-3) Sending message {"key1": "value-5"} to topic topic-38fae4fb_b398_455a_849e_57e76b6811f1
2025-09-03 13:57:42,280 INFO  [io.api.tes.ser.api.KafkaSerdesTester] (ForkJoinPool.commonPool-worker-3) Sending message {"key1": "value-6"} to topic topic-38fae4fb_b398_455a_849e_57e76b6811f1
2025-09-03 13:57:42,281 INFO  [io.api.tes.ser.api.KafkaSerdesTester] (ForkJoinPool.commonPool-worker-3) Sending message {"key1": "value-7"} to topic topic-38fae4fb_b398_455a_849e_57e76b6811f1
2025-09-03 13:57:42,282 INFO  [io.api.tes.ser.api.KafkaSerdesTester] (ForkJoinPool.commonPool-worker-3) Sending message {"key1": "value-8"} to topic topic-38fae4fb_b398_455a_849e_57e76b6811f1
2025-09-03 13:57:42,283 INFO  [io.api.tes.ser.api.KafkaSerdesTester] (ForkJoinPool.commonPool-worker-3) Sending message {"key1": "value-9"} to topic topic-38fae4fb_b398_455a_849e_57e76b6811f1
2025-09-03 13:57:42,284 INFO  [io.api.tes.ser.api.KafkaSerdesTester] (ForkJoinPool.commonPool-worker-3) Produced 10 messages
2025-09-03 13:57:42,284 INFO  [org.apa.kaf.cli.pro.KafkaProducer] (ForkJoinPool.commonPool-worker-3) [Producer clientId=Producer-topic-38fae4fb_b398_455a_849e_57e76b6811f1] Closing the Kafka producer with timeoutMillis = 9223372036854775807 ms.
2025-09-03 13:57:42,285 INFO  [org.apa.kaf.com.met.Metrics] (ForkJoinPool.commonPool-worker-3) Metrics scheduler closed
2025-09-03 13:57:42,285 INFO  [org.apa.kaf.com.met.Metrics] (ForkJoinPool.commonPool-worker-3) Closing reporter org.apache.kafka.common.metrics.JmxReporter
2025-09-03 13:57:42,285 INFO  [org.apa.kaf.com.met.Metrics] (ForkJoinPool.commonPool-worker-3) Closing reporter org.apache.kafka.common.telemetry.internals.ClientTelemetryReporter
2025-09-03 13:57:42,285 INFO  [org.apa.kaf.com.met.Metrics] (ForkJoinPool.commonPool-worker-3) Metrics reporters closed
2025-09-03 13:57:42,286 INFO  [org.apa.kaf.com.uti.AppInfoParser] (ForkJoinPool.commonPool-worker-3) App info kafka.producer for Producer-topic-38fae4fb_b398_455a_849e_57e76b6811f1 unregistered
2025-09-03 13:57:42,286 INFO  [io.api.tes.ser.api.KafkaSerdesTester] (ForkJoinPool.commonPool-worker-3) Sending message {"key1": "value-0"} to topic topic-e05715bc_ed21_48b4_bdcc_aad080aa58bb
2025-09-03 13:57:42,290 INFO  [DefaultSchemaResolver] (ForkJoinPool.commonPool-worker-3) Retrieving schema content using string: {"type":"record","name":"myrecordconfluent6","fields":[{"name":"key1","type":"string"}]}
2025-09-03 13:57:42,356 INFO  [io.api.tes.ser.api.KafkaSerdesTester] (ForkJoinPool.commonPool-worker-3) Sending message {"key1": "value-1"} to topic topic-e05715bc_ed21_48b4_bdcc_aad080aa58bb
2025-09-03 13:57:42,357 INFO  [io.api.tes.ser.api.KafkaSerdesTester] (ForkJoinPool.commonPool-worker-3) Sending message {"key1": "value-2"} to topic topic-e05715bc_ed21_48b4_bdcc_aad080aa58bb
2025-09-03 13:57:42,358 INFO  [io.api.tes.ser.api.KafkaSerdesTester] (ForkJoinPool.commonPool-worker-3) Sending message {"key1": "value-3"} to topic topic-e05715bc_ed21_48b4_bdcc_aad080aa58bb
2025-09-03 13:57:42,359 INFO  [io.api.tes.ser.api.KafkaSerdesTester] (ForkJoinPool.commonPool-worker-3) Sending message {"key1": "value-4"} to topic topic-e05715bc_ed21_48b4_bdcc_aad080aa58bb
2025-09-03 13:57:42,360 INFO  [io.api.tes.ser.api.KafkaSerdesTester] (ForkJoinPool.commonPool-worker-3) Sending message {"key1": "value-5"} to topic topic-e05715bc_ed21_48b4_bdcc_aad080aa58bb
2025-09-03 13:57:42,361 INFO  [io.api.tes.ser.api.KafkaSerdesTester] (ForkJoinPool.commonPool-worker-3) Sending message {"key1": "value-6"} to topic topic-e05715bc_ed21_48b4_bdcc_aad080aa58bb
2025-09-03 13:57:42,361 INFO  [io.api.tes.ser.api.KafkaSerdesTester] (ForkJoinPool.commonPool-worker-3) Sending message {"key1": "value-7"} to topic topic-e05715bc_ed21_48b4_bdcc_aad080aa58bb
2025-09-03 13:57:42,362 INFO  [io.api.tes.ser.api.KafkaSerdesTester] (ForkJoinPool.commonPool-worker-3) Sending message {"key1": "value-8"} to topic topic-e05715bc_ed21_48b4_bdcc_aad080aa58bb
2025-09-03 13:57:42,363 INFO  [io.api.tes.ser.api.KafkaSerdesTester] (ForkJoinPool.commonPool-worker-3) Sending message {"key1": "value-9"} to topic topic-e05715bc_ed21_48b4_bdcc_aad080aa58bb
2025-09-03 13:57:42,364 INFO  [io.api.tes.ser.api.KafkaSerdesTester] (ForkJoinPool.commonPool-worker-3) Produced 10 messages
2025-09-03 13:57:42,364 INFO  [org.apa.kaf.cli.pro.KafkaProducer] (ForkJoinPool.commonPool-worker-3) [Producer clientId=Producer-topic-e05715bc_ed21_48b4_bdcc_aad080aa58bb] Closing the Kafka producer with timeoutMillis = 9223372036854775807 ms.
2025-09-03 13:57:42,365 INFO  [org.apa.kaf.com.met.Metrics] (ForkJoinPool.commonPool-worker-3) Metrics scheduler closed
2025-09-03 13:57:42,365 INFO  [org.apa.kaf.com.met.Metrics] (ForkJoinPool.commonPool-worker-3) Closing reporter org.apache.kafka.common.metrics.JmxReporter
2025-09-03 13:57:42,365 INFO  [org.apa.kaf.com.met.Metrics] (ForkJoinPool.commonPool-worker-3) Closing reporter org.apache.kafka.common.telemetry.internals.ClientTelemetryReporter
2025-09-03 13:57:42,365 INFO  [org.apa.kaf.com.met.Metrics] (ForkJoinPool.commonPool-worker-3) Metrics reporters closed
2025-09-03 13:57:42,366 INFO  [org.apa.kaf.com.uti.AppInfoParser] (ForkJoinPool.commonPool-worker-3) App info kafka.producer for Producer-topic-e05715bc_ed21_48b4_bdcc_aad080aa58bb unregistered
2025-09-03 13:57:42,366 INFO  [io.api.tes.ser.api.KafkaSerdesTester] (ForkJoinPool.commonPool-worker-3) Sending message {"key1": "value-0"} to topic topic-349bee12_f7f3_4a1a_8d20_49f4d53364bc
2025-09-03 13:57:42,368 INFO  [DefaultSchemaResolver] (ForkJoinPool.commonPool-worker-3) Retrieving schema content using string: {"type":"record","name":"myrecordconfluent6","fields":[{"name":"key1","type":"string"}]}
2025-09-03 13:57:42,450 INFO  [io.api.tes.ser.api.KafkaSerdesTester] (ForkJoinPool.commonPool-worker-3) Sending message {"key1": "value-1"} to topic topic-349bee12_f7f3_4a1a_8d20_49f4d53364bc
2025-09-03 13:57:42,451 INFO  [io.api.tes.ser.api.KafkaSerdesTester] (ForkJoinPool.commonPool-worker-3) Sending message {"key1": "value-2"} to topic topic-349bee12_f7f3_4a1a_8d20_49f4d53364bc
2025-09-03 13:57:42,452 INFO  [io.api.tes.ser.api.KafkaSerdesTester] (ForkJoinPool.commonPool-worker-3) Sending message {"key1": "value-3"} to topic topic-349bee12_f7f3_4a1a_8d20_49f4d53364bc
2025-09-03 13:57:42,453 INFO  [io.api.tes.ser.api.KafkaSerdesTester] (ForkJoinPool.commonPool-worker-3) Sending message {"key1": "value-4"} to topic topic-349bee12_f7f3_4a1a_8d20_49f4d53364bc
2025-09-03 13:57:42,454 INFO  [io.api.tes.ser.api.KafkaSerdesTester] (ForkJoinPool.commonPool-worker-3) Sending message {"key1": "value-5"} to topic topic-349bee12_f7f3_4a1a_8d20_49f4d53364bc
2025-09-03 13:57:42,455 INFO  [io.api.tes.ser.api.KafkaSerdesTester] (ForkJoinPool.commonPool-worker-3) Sending message {"key1": "value-6"} to topic topic-349bee12_f7f3_4a1a_8d20_49f4d53364bc
2025-09-03 13:57:42,456 INFO  [io.api.tes.ser.api.KafkaSerdesTester] (ForkJoinPool.commonPool-worker-3) Sending message {"key1": "value-7"} to topic topic-349bee12_f7f3_4a1a_8d20_49f4d53364bc
2025-09-03 13:57:42,456 INFO  [io.api.tes.ser.api.KafkaSerdesTester] (ForkJoinPool.commonPool-worker-3) Sending message {"key1": "value-8"} to topic topic-349bee12_f7f3_4a1a_8d20_49f4d53364bc
2025-09-03 13:57:42,457 INFO  [io.api.tes.ser.api.KafkaSerdesTester] (ForkJoinPool.commonPool-worker-3) Sending message {"key1": "value-9"} to topic topic-349bee12_f7f3_4a1a_8d20_49f4d53364bc
2025-09-03 13:57:42,458 INFO  [io.api.tes.ser.api.KafkaSerdesTester] (ForkJoinPool.commonPool-worker-3) Produced 10 messages
2025-09-03 13:57:42,458 INFO  [org.apa.kaf.cli.pro.KafkaProducer] (ForkJoinPool.commonPool-worker-3) [Producer clientId=Producer-topic-349bee12_f7f3_4a1a_8d20_49f4d53364bc] Closing the Kafka producer with timeoutMillis = 9223372036854775807 ms.
2025-09-03 13:57:42,459 INFO  [org.apa.kaf.com.met.Metrics] (ForkJoinPool.commonPool-worker-3) Metrics scheduler closed
2025-09-03 13:57:42,459 INFO  [org.apa.kaf.com.met.Metrics] (ForkJoinPool.commonPool-worker-3) Closing reporter org.apache.kafka.common.metrics.JmxReporter
2025-09-03 13:57:42,459 INFO  [org.apa.kaf.com.met.Metrics] (ForkJoinPool.commonPool-worker-3) Closing reporter org.apache.kafka.common.telemetry.internals.ClientTelemetryReporter
2025-09-03 13:57:42,459 INFO  [org.apa.kaf.com.met.Metrics] (ForkJoinPool.commonPool-worker-3) Metrics reporters closed
2025-09-03 13:57:42,460 INFO  [org.apa.kaf.com.uti.AppInfoParser] (ForkJoinPool.commonPool-worker-3) App info kafka.producer for Producer-topic-349bee12_f7f3_4a1a_8d20_49f4d53364bc unregistered
2025-09-03 13:57:42,460 INFO  [org.apa.kaf.cli.con.int.ClassicKafkaConsumer] (ForkJoinPool.commonPool-worker-3) [Consumer clientId=consumer-Consumer-topic-38fae4fb_b398_455a_849e_57e76b6811f1-38, groupId=Consumer-topic-38fae4fb_b398_455a_849e_57e76b6811f1] Subscribed to topic(s): topic-38fae4fb_b398_455a_849e_57e76b6811f1
2025-09-03 13:57:42,463 INFO  [org.apa.kaf.cli.Metadata] (ForkJoinPool.commonPool-worker-3) [Consumer clientId=consumer-Consumer-topic-38fae4fb_b398_455a_849e_57e76b6811f1-38, groupId=Consumer-topic-38fae4fb_b398_455a_849e_57e76b6811f1] Cluster ID: idi4IAQcRfmNXWpL6PLRmQ
2025-09-03 13:57:42,463 INFO  [org.apa.kaf.cli.con.int.ConsumerCoordinator] (ForkJoinPool.commonPool-worker-3) [Consumer clientId=consumer-Consumer-topic-38fae4fb_b398_455a_849e_57e76b6811f1-38, groupId=Consumer-topic-38fae4fb_b398_455a_849e_57e76b6811f1] Discovered group coordinator localhost:32769 (id: 2147483647 rack: null)
2025-09-03 13:57:42,464 INFO  [org.apa.kaf.cli.con.int.ConsumerCoordinator] (ForkJoinPool.commonPool-worker-3) [Consumer clientId=consumer-Consumer-topic-38fae4fb_b398_455a_849e_57e76b6811f1-38, groupId=Consumer-topic-38fae4fb_b398_455a_849e_57e76b6811f1] (Re-)joining group
2025-09-03 13:57:42,465 INFO  [org.apa.kaf.cli.con.int.ConsumerCoordinator] (ForkJoinPool.commonPool-worker-3) [Consumer clientId=consumer-Consumer-topic-38fae4fb_b398_455a_849e_57e76b6811f1-38, groupId=Consumer-topic-38fae4fb_b398_455a_849e_57e76b6811f1] Request joining group due to: need to re-join with the given member-id: consumer-Consumer-topic-38fae4fb_b398_455a_849e_57e76b6811f1-38-bb0e8aac-02bf-4cfe-b7f4-306bc10e7c69
2025-09-03 13:57:42,465 INFO  [org.apa.kaf.cli.con.int.ConsumerCoordinator] (ForkJoinPool.commonPool-worker-3) [Consumer clientId=consumer-Consumer-topic-38fae4fb_b398_455a_849e_57e76b6811f1-38, groupId=Consumer-topic-38fae4fb_b398_455a_849e_57e76b6811f1] (Re-)joining group
2025-09-03 13:57:43,460 INFO  [io.api.tes.ser.api.KafkaSerdesTester] (ForkJoinPool.commonPool-worker-3) None found
2025-09-03 13:57:44,460 INFO  [io.api.tes.ser.api.KafkaSerdesTester] (ForkJoinPool.commonPool-worker-3) None found
2025-09-03 13:57:45,460 INFO  [io.api.tes.ser.api.KafkaSerdesTester] (ForkJoinPool.commonPool-worker-3) None found
2025-09-03 13:57:45,466 INFO  [org.apa.kaf.cli.con.int.ConsumerCoordinator] (ForkJoinPool.commonPool-worker-3) [Consumer clientId=consumer-Consumer-topic-38fae4fb_b398_455a_849e_57e76b6811f1-38, groupId=Consumer-topic-38fae4fb_b398_455a_849e_57e76b6811f1] Successfully joined group with generation Generation{generationId=1, memberId='consumer-Consumer-topic-38fae4fb_b398_455a_849e_57e76b6811f1-38-bb0e8aac-02bf-4cfe-b7f4-306bc10e7c69', protocol='range'}
2025-09-03 13:57:45,466 INFO  [org.apa.kaf.cli.con.int.ConsumerCoordinator] (ForkJoinPool.commonPool-worker-3) [Consumer clientId=consumer-Consumer-topic-38fae4fb_b398_455a_849e_57e76b6811f1-38, groupId=Consumer-topic-38fae4fb_b398_455a_849e_57e76b6811f1] Finished assignment for group at generation 1: {consumer-Consumer-topic-38fae4fb_b398_455a_849e_57e76b6811f1-38-bb0e8aac-02bf-4cfe-b7f4-306bc10e7c69=Assignment(partitions=[topic-38fae4fb_b398_455a_849e_57e76b6811f1-0])}
2025-09-03 13:57:45,473 INFO  [org.apa.kaf.cli.con.int.ConsumerCoordinator] (ForkJoinPool.commonPool-worker-3) [Consumer clientId=consumer-Consumer-topic-38fae4fb_b398_455a_849e_57e76b6811f1-38, groupId=Consumer-topic-38fae4fb_b398_455a_849e_57e76b6811f1] Successfully synced group in generation Generation{generationId=1, memberId='consumer-Consumer-topic-38fae4fb_b398_455a_849e_57e76b6811f1-38-bb0e8aac-02bf-4cfe-b7f4-306bc10e7c69', protocol='range'}
2025-09-03 13:57:45,473 INFO  [org.apa.kaf.cli.con.int.ConsumerCoordinator] (ForkJoinPool.commonPool-worker-3) [Consumer clientId=consumer-Consumer-topic-38fae4fb_b398_455a_849e_57e76b6811f1-38, groupId=Consumer-topic-38fae4fb_b398_455a_849e_57e76b6811f1] Notifying assignor about the new Assignment(partitions=[topic-38fae4fb_b398_455a_849e_57e76b6811f1-0])
2025-09-03 13:57:45,473 INFO  [org.apa.kaf.cli.con.int.ConsumerRebalanceListenerInvoker] (ForkJoinPool.commonPool-worker-3) [Consumer clientId=consumer-Consumer-topic-38fae4fb_b398_455a_849e_57e76b6811f1-38, groupId=Consumer-topic-38fae4fb_b398_455a_849e_57e76b6811f1] Adding newly assigned partitions: topic-38fae4fb_b398_455a_849e_57e76b6811f1-0
2025-09-03 13:57:45,474 INFO  [org.apa.kaf.cli.con.int.ConsumerCoordinator] (ForkJoinPool.commonPool-worker-3) [Consumer clientId=consumer-Consumer-topic-38fae4fb_b398_455a_849e_57e76b6811f1-38, groupId=Consumer-topic-38fae4fb_b398_455a_849e_57e76b6811f1] Found no committed offset for partition topic-38fae4fb_b398_455a_849e_57e76b6811f1-0
2025-09-03 13:57:45,476 INFO  [org.apa.kaf.cli.con.int.SubscriptionState] (ForkJoinPool.commonPool-worker-3) [Consumer clientId=consumer-Consumer-topic-38fae4fb_b398_455a_849e_57e76b6811f1-38, groupId=Consumer-topic-38fae4fb_b398_455a_849e_57e76b6811f1] Resetting offset for partition topic-38fae4fb_b398_455a_849e_57e76b6811f1-0 to position FetchPosition{offset=0, offsetEpoch=Optional.empty, currentLeader=LeaderAndEpoch{leader=Optional[localhost:32769 (id: 0 rack: null)], epoch=0}}.
2025-09-03 13:57:45,579 INFO  [io.api.tes.ser.api.KafkaSerdesTester] (ForkJoinPool.commonPool-worker-3) topic-38fae4fb_b398_455a_849e_57e76b6811f1 0 0 {"key1": "value-0"}
2025-09-03 13:57:45,579 INFO  [io.api.tes.ser.api.KafkaSerdesTester] (ForkJoinPool.commonPool-worker-3) topic-38fae4fb_b398_455a_849e_57e76b6811f1 0 1 {"key1": "value-1"}
2025-09-03 13:57:45,579 INFO  [io.api.tes.ser.api.KafkaSerdesTester] (ForkJoinPool.commonPool-worker-3) topic-38fae4fb_b398_455a_849e_57e76b6811f1 0 2 {"key1": "value-2"}
2025-09-03 13:57:45,579 INFO  [io.api.tes.ser.api.KafkaSerdesTester] (ForkJoinPool.commonPool-worker-3) topic-38fae4fb_b398_455a_849e_57e76b6811f1 0 3 {"key1": "value-3"}
2025-09-03 13:57:45,579 INFO  [io.api.tes.ser.api.KafkaSerdesTester] (ForkJoinPool.commonPool-worker-3) topic-38fae4fb_b398_455a_849e_57e76b6811f1 0 4 {"key1": "value-4"}
2025-09-03 13:57:45,579 INFO  [io.api.tes.ser.api.KafkaSerdesTester] (ForkJoinPool.commonPool-worker-3) topic-38fae4fb_b398_455a_849e_57e76b6811f1 0 5 {"key1": "value-5"}
2025-09-03 13:57:45,579 INFO  [io.api.tes.ser.api.KafkaSerdesTester] (ForkJoinPool.commonPool-worker-3) topic-38fae4fb_b398_455a_849e_57e76b6811f1 0 6 {"key1": "value-6"}
2025-09-03 13:57:45,579 INFO  [io.api.tes.ser.api.KafkaSerdesTester] (ForkJoinPool.commonPool-worker-3) topic-38fae4fb_b398_455a_849e_57e76b6811f1 0 7 {"key1": "value-7"}
2025-09-03 13:57:45,579 INFO  [io.api.tes.ser.api.KafkaSerdesTester] (ForkJoinPool.commonPool-worker-3) topic-38fae4fb_b398_455a_849e_57e76b6811f1 0 8 {"key1": "value-8"}
2025-09-03 13:57:45,579 INFO  [io.api.tes.ser.api.KafkaSerdesTester] (ForkJoinPool.commonPool-worker-3) topic-38fae4fb_b398_455a_849e_57e76b6811f1 0 9 {"key1": "value-9"}
2025-09-03 13:57:45,579 INFO  [io.api.tes.ser.api.KafkaSerdesTester] (ForkJoinPool.commonPool-worker-3) Consumed 10 messages
2025-09-03 13:57:45,585 INFO  [org.apa.kaf.cli.con.int.ConsumerRebalanceListenerInvoker] (ForkJoinPool.commonPool-worker-3) [Consumer clientId=consumer-Consumer-topic-38fae4fb_b398_455a_849e_57e76b6811f1-38, groupId=Consumer-topic-38fae4fb_b398_455a_849e_57e76b6811f1] Revoke previously assigned partitions topic-38fae4fb_b398_455a_849e_57e76b6811f1-0
2025-09-03 13:57:45,585 INFO  [org.apa.kaf.cli.con.int.ConsumerCoordinator] (ForkJoinPool.commonPool-worker-3) [Consumer clientId=consumer-Consumer-topic-38fae4fb_b398_455a_849e_57e76b6811f1-38, groupId=Consumer-topic-38fae4fb_b398_455a_849e_57e76b6811f1] Member consumer-Consumer-topic-38fae4fb_b398_455a_849e_57e76b6811f1-38-bb0e8aac-02bf-4cfe-b7f4-306bc10e7c69 sending LeaveGroup request to coordinator localhost:32769 (id: 2147483647 rack: null) due to the consumer is being closed
2025-09-03 13:57:45,585 INFO  [org.apa.kaf.cli.con.int.ConsumerCoordinator] (ForkJoinPool.commonPool-worker-3) [Consumer clientId=consumer-Consumer-topic-38fae4fb_b398_455a_849e_57e76b6811f1-38, groupId=Consumer-topic-38fae4fb_b398_455a_849e_57e76b6811f1] Resetting generation and member id due to: consumer pro-actively leaving the group
2025-09-03 13:57:45,585 INFO  [org.apa.kaf.cli.con.int.ConsumerCoordinator] (ForkJoinPool.commonPool-worker-3) [Consumer clientId=consumer-Consumer-topic-38fae4fb_b398_455a_849e_57e76b6811f1-38, groupId=Consumer-topic-38fae4fb_b398_455a_849e_57e76b6811f1] Request joining group due to: consumer pro-actively leaving the group
2025-09-03 13:57:46,081 INFO  [org.apa.kaf.com.met.Metrics] (ForkJoinPool.commonPool-worker-3) Metrics scheduler closed
2025-09-03 13:57:46,081 INFO  [org.apa.kaf.com.met.Metrics] (ForkJoinPool.commonPool-worker-3) Closing reporter org.apache.kafka.common.metrics.JmxReporter
2025-09-03 13:57:46,081 INFO  [org.apa.kaf.com.met.Metrics] (ForkJoinPool.commonPool-worker-3) Closing reporter org.apache.kafka.common.telemetry.internals.ClientTelemetryReporter
2025-09-03 13:57:46,081 INFO  [org.apa.kaf.com.met.Metrics] (ForkJoinPool.commonPool-worker-3) Metrics reporters closed
2025-09-03 13:57:46,082 INFO  [org.apa.kaf.com.uti.AppInfoParser] (ForkJoinPool.commonPool-worker-3) App info kafka.consumer for consumer-Consumer-topic-38fae4fb_b398_455a_849e_57e76b6811f1-38 unregistered
2025-09-03 13:57:46,083 INFO  [org.apa.kaf.cli.con.int.ClassicKafkaConsumer] (ForkJoinPool.commonPool-worker-3) [Consumer clientId=consumer-Consumer-topic-e05715bc_ed21_48b4_bdcc_aad080aa58bb-39, groupId=Consumer-topic-e05715bc_ed21_48b4_bdcc_aad080aa58bb] Subscribed to topic(s): topic-e05715bc_ed21_48b4_bdcc_aad080aa58bb
2025-09-03 13:57:46,086 INFO  [org.apa.kaf.cli.Metadata] (ForkJoinPool.commonPool-worker-3) [Consumer clientId=consumer-Consumer-topic-e05715bc_ed21_48b4_bdcc_aad080aa58bb-39, groupId=Consumer-topic-e05715bc_ed21_48b4_bdcc_aad080aa58bb] Cluster ID: idi4IAQcRfmNXWpL6PLRmQ
2025-09-03 13:57:46,086 INFO  [org.apa.kaf.cli.con.int.ConsumerCoordinator] (ForkJoinPool.commonPool-worker-3) [Consumer clientId=consumer-Consumer-topic-e05715bc_ed21_48b4_bdcc_aad080aa58bb-39, groupId=Consumer-topic-e05715bc_ed21_48b4_bdcc_aad080aa58bb] Discovered group coordinator localhost:32769 (id: 2147483647 rack: null)
2025-09-03 13:57:46,087 INFO  [org.apa.kaf.cli.con.int.ConsumerCoordinator] (ForkJoinPool.commonPool-worker-3) [Consumer clientId=consumer-Consumer-topic-e05715bc_ed21_48b4_bdcc_aad080aa58bb-39, groupId=Consumer-topic-e05715bc_ed21_48b4_bdcc_aad080aa58bb] (Re-)joining group
2025-09-03 13:57:46,088 INFO  [org.apa.kaf.cli.con.int.ConsumerCoordinator] (ForkJoinPool.commonPool-worker-3) [Consumer clientId=consumer-Consumer-topic-e05715bc_ed21_48b4_bdcc_aad080aa58bb-39, groupId=Consumer-topic-e05715bc_ed21_48b4_bdcc_aad080aa58bb] Request joining group due to: need to re-join with the given member-id: consumer-Consumer-topic-e05715bc_ed21_48b4_bdcc_aad080aa58bb-39-0f5c73c1-f276-4b95-8289-e913f66ea29a
2025-09-03 13:57:46,088 INFO  [org.apa.kaf.cli.con.int.ConsumerCoordinator] (ForkJoinPool.commonPool-worker-3) [Consumer clientId=consumer-Consumer-topic-e05715bc_ed21_48b4_bdcc_aad080aa58bb-39, groupId=Consumer-topic-e05715bc_ed21_48b4_bdcc_aad080aa58bb] (Re-)joining group
2025-09-03 13:57:47,084 INFO  [io.api.tes.ser.api.KafkaSerdesTester] (ForkJoinPool.commonPool-worker-3) None found
2025-09-03 13:57:48,085 INFO  [io.api.tes.ser.api.KafkaSerdesTester] (ForkJoinPool.commonPool-worker-3) None found
2025-09-03 13:57:49,086 INFO  [io.api.tes.ser.api.KafkaSerdesTester] (ForkJoinPool.commonPool-worker-3) None found
2025-09-03 13:57:49,090 INFO  [org.apa.kaf.cli.con.int.ConsumerCoordinator] (ForkJoinPool.commonPool-worker-3) [Consumer clientId=consumer-Consumer-topic-e05715bc_ed21_48b4_bdcc_aad080aa58bb-39, groupId=Consumer-topic-e05715bc_ed21_48b4_bdcc_aad080aa58bb] Successfully joined group with generation Generation{generationId=1, memberId='consumer-Consumer-topic-e05715bc_ed21_48b4_bdcc_aad080aa58bb-39-0f5c73c1-f276-4b95-8289-e913f66ea29a', protocol='range'}
2025-09-03 13:57:49,090 INFO  [org.apa.kaf.cli.con.int.ConsumerCoordinator] (ForkJoinPool.commonPool-worker-3) [Consumer clientId=consumer-Consumer-topic-e05715bc_ed21_48b4_bdcc_aad080aa58bb-39, groupId=Consumer-topic-e05715bc_ed21_48b4_bdcc_aad080aa58bb] Finished assignment for group at generation 1: {consumer-Consumer-topic-e05715bc_ed21_48b4_bdcc_aad080aa58bb-39-0f5c73c1-f276-4b95-8289-e913f66ea29a=Assignment(partitions=[topic-e05715bc_ed21_48b4_bdcc_aad080aa58bb-0])}
2025-09-03 13:57:49,096 INFO  [org.apa.kaf.cli.con.int.ConsumerCoordinator] (ForkJoinPool.commonPool-worker-3) [Consumer clientId=consumer-Consumer-topic-e05715bc_ed21_48b4_bdcc_aad080aa58bb-39, groupId=Consumer-topic-e05715bc_ed21_48b4_bdcc_aad080aa58bb] Successfully synced group in generation Generation{generationId=1, memberId='consumer-Consumer-topic-e05715bc_ed21_48b4_bdcc_aad080aa58bb-39-0f5c73c1-f276-4b95-8289-e913f66ea29a', protocol='range'}
2025-09-03 13:57:49,096 INFO  [org.apa.kaf.cli.con.int.ConsumerCoordinator] (ForkJoinPool.commonPool-worker-3) [Consumer clientId=consumer-Consumer-topic-e05715bc_ed21_48b4_bdcc_aad080aa58bb-39, groupId=Consumer-topic-e05715bc_ed21_48b4_bdcc_aad080aa58bb] Notifying assignor about the new Assignment(partitions=[topic-e05715bc_ed21_48b4_bdcc_aad080aa58bb-0])
2025-09-03 13:57:49,096 INFO  [org.apa.kaf.cli.con.int.ConsumerRebalanceListenerInvoker] (ForkJoinPool.commonPool-worker-3) [Consumer clientId=consumer-Consumer-topic-e05715bc_ed21_48b4_bdcc_aad080aa58bb-39, groupId=Consumer-topic-e05715bc_ed21_48b4_bdcc_aad080aa58bb] Adding newly assigned partitions: topic-e05715bc_ed21_48b4_bdcc_aad080aa58bb-0
2025-09-03 13:57:49,097 INFO  [org.apa.kaf.cli.con.int.ConsumerCoordinator] (ForkJoinPool.commonPool-worker-3) [Consumer clientId=consumer-Consumer-topic-e05715bc_ed21_48b4_bdcc_aad080aa58bb-39, groupId=Consumer-topic-e05715bc_ed21_48b4_bdcc_aad080aa58bb] Found no committed offset for partition topic-e05715bc_ed21_48b4_bdcc_aad080aa58bb-0
2025-09-03 13:57:49,099 INFO  [org.apa.kaf.cli.con.int.SubscriptionState] (ForkJoinPool.commonPool-worker-3) [Consumer clientId=consumer-Consumer-topic-e05715bc_ed21_48b4_bdcc_aad080aa58bb-39, groupId=Consumer-topic-e05715bc_ed21_48b4_bdcc_aad080aa58bb] Resetting offset for partition topic-e05715bc_ed21_48b4_bdcc_aad080aa58bb-0 to position FetchPosition{offset=0, offsetEpoch=Optional.empty, currentLeader=LeaderAndEpoch{leader=Optional[localhost:32769 (id: 0 rack: null)], epoch=0}}.
2025-09-03 13:57:49,220 INFO  [io.api.tes.ser.api.KafkaSerdesTester] (ForkJoinPool.commonPool-worker-3) topic-e05715bc_ed21_48b4_bdcc_aad080aa58bb 0 0 {"key1": "value-0"}
2025-09-03 13:57:49,220 INFO  [io.api.tes.ser.api.KafkaSerdesTester] (ForkJoinPool.commonPool-worker-3) topic-e05715bc_ed21_48b4_bdcc_aad080aa58bb 0 1 {"key1": "value-1"}
2025-09-03 13:57:49,220 INFO  [io.api.tes.ser.api.KafkaSerdesTester] (ForkJoinPool.commonPool-worker-3) topic-e05715bc_ed21_48b4_bdcc_aad080aa58bb 0 2 {"key1": "value-2"}
2025-09-03 13:57:49,220 INFO  [io.api.tes.ser.api.KafkaSerdesTester] (ForkJoinPool.commonPool-worker-3) topic-e05715bc_ed21_48b4_bdcc_aad080aa58bb 0 3 {"key1": "value-3"}
2025-09-03 13:57:49,220 INFO  [io.api.tes.ser.api.KafkaSerdesTester] (ForkJoinPool.commonPool-worker-3) topic-e05715bc_ed21_48b4_bdcc_aad080aa58bb 0 4 {"key1": "value-4"}
2025-09-03 13:57:49,220 INFO  [io.api.tes.ser.api.KafkaSerdesTester] (ForkJoinPool.commonPool-worker-3) topic-e05715bc_ed21_48b4_bdcc_aad080aa58bb 0 5 {"key1": "value-5"}
2025-09-03 13:57:49,220 INFO  [io.api.tes.ser.api.KafkaSerdesTester] (ForkJoinPool.commonPool-worker-3) topic-e05715bc_ed21_48b4_bdcc_aad080aa58bb 0 6 {"key1": "value-6"}
2025-09-03 13:57:49,220 INFO  [io.api.tes.ser.api.KafkaSerdesTester] (ForkJoinPool.commonPool-worker-3) topic-e05715bc_ed21_48b4_bdcc_aad080aa58bb 0 7 {"key1": "value-7"}
2025-09-03 13:57:49,220 INFO  [io.api.tes.ser.api.KafkaSerdesTester] (ForkJoinPool.commonPool-worker-3) topic-e05715bc_ed21_48b4_bdcc_aad080aa58bb 0 8 {"key1": "value-8"}
2025-09-03 13:57:49,220 INFO  [io.api.tes.ser.api.KafkaSerdesTester] (ForkJoinPool.commonPool-worker-3) topic-e05715bc_ed21_48b4_bdcc_aad080aa58bb 0 9 {"key1": "value-9"}
2025-09-03 13:57:49,220 INFO  [io.api.tes.ser.api.KafkaSerdesTester] (ForkJoinPool.commonPool-worker-3) Consumed 10 messages
2025-09-03 13:57:49,226 INFO  [org.apa.kaf.cli.con.int.ConsumerRebalanceListenerInvoker] (ForkJoinPool.commonPool-worker-3) [Consumer clientId=consumer-Consumer-topic-e05715bc_ed21_48b4_bdcc_aad080aa58bb-39, groupId=Consumer-topic-e05715bc_ed21_48b4_bdcc_aad080aa58bb] Revoke previously assigned partitions topic-e05715bc_ed21_48b4_bdcc_aad080aa58bb-0
2025-09-03 13:57:49,226 INFO  [org.apa.kaf.cli.con.int.ConsumerCoordinator] (ForkJoinPool.commonPool-worker-3) [Consumer clientId=consumer-Consumer-topic-e05715bc_ed21_48b4_bdcc_aad080aa58bb-39, groupId=Consumer-topic-e05715bc_ed21_48b4_bdcc_aad080aa58bb] Member consumer-Consumer-topic-e05715bc_ed21_48b4_bdcc_aad080aa58bb-39-0f5c73c1-f276-4b95-8289-e913f66ea29a sending LeaveGroup request to coordinator localhost:32769 (id: 2147483647 rack: null) due to the consumer is being closed
2025-09-03 13:57:49,226 INFO  [org.apa.kaf.cli.con.int.ConsumerCoordinator] (ForkJoinPool.commonPool-worker-3) [Consumer clientId=consumer-Consumer-topic-e05715bc_ed21_48b4_bdcc_aad080aa58bb-39, groupId=Consumer-topic-e05715bc_ed21_48b4_bdcc_aad080aa58bb] Resetting generation and member id due to: consumer pro-actively leaving the group
2025-09-03 13:57:49,226 INFO  [org.apa.kaf.cli.con.int.ConsumerCoordinator] (ForkJoinPool.commonPool-worker-3) [Consumer clientId=consumer-Consumer-topic-e05715bc_ed21_48b4_bdcc_aad080aa58bb-39, groupId=Consumer-topic-e05715bc_ed21_48b4_bdcc_aad080aa58bb] Request joining group due to: consumer pro-actively leaving the group
2025-09-03 13:57:49,722 INFO  [org.apa.kaf.com.met.Metrics] (ForkJoinPool.commonPool-worker-3) Metrics scheduler closed
2025-09-03 13:57:49,722 INFO  [org.apa.kaf.com.met.Metrics] (ForkJoinPool.commonPool-worker-3) Closing reporter org.apache.kafka.common.metrics.JmxReporter
2025-09-03 13:57:49,722 INFO  [org.apa.kaf.com.met.Metrics] (ForkJoinPool.commonPool-worker-3) Closing reporter org.apache.kafka.common.telemetry.internals.ClientTelemetryReporter
2025-09-03 13:57:49,722 INFO  [org.apa.kaf.com.met.Metrics] (ForkJoinPool.commonPool-worker-3) Metrics reporters closed
2025-09-03 13:57:49,723 INFO  [org.apa.kaf.com.uti.AppInfoParser] (ForkJoinPool.commonPool-worker-3) App info kafka.consumer for consumer-Consumer-topic-e05715bc_ed21_48b4_bdcc_aad080aa58bb-39 unregistered
2025-09-03 13:57:49,723 INFO  [org.apa.kaf.cli.con.int.ClassicKafkaConsumer] (ForkJoinPool.commonPool-worker-3) [Consumer clientId=consumer-Consumer-topic-349bee12_f7f3_4a1a_8d20_49f4d53364bc-40, groupId=Consumer-topic-349bee12_f7f3_4a1a_8d20_49f4d53364bc] Subscribed to topic(s): topic-349bee12_f7f3_4a1a_8d20_49f4d53364bc
2025-09-03 13:57:49,726 INFO  [org.apa.kaf.cli.Metadata] (ForkJoinPool.commonPool-worker-3) [Consumer clientId=consumer-Consumer-topic-349bee12_f7f3_4a1a_8d20_49f4d53364bc-40, groupId=Consumer-topic-349bee12_f7f3_4a1a_8d20_49f4d53364bc] Cluster ID: idi4IAQcRfmNXWpL6PLRmQ
2025-09-03 13:57:49,726 INFO  [org.apa.kaf.cli.con.int.ConsumerCoordinator] (ForkJoinPool.commonPool-worker-3) [Consumer clientId=consumer-Consumer-topic-349bee12_f7f3_4a1a_8d20_49f4d53364bc-40, groupId=Consumer-topic-349bee12_f7f3_4a1a_8d20_49f4d53364bc] Discovered group coordinator localhost:32769 (id: 2147483647 rack: null)
2025-09-03 13:57:49,727 INFO  [org.apa.kaf.cli.con.int.ConsumerCoordinator] (ForkJoinPool.commonPool-worker-3) [Consumer clientId=consumer-Consumer-topic-349bee12_f7f3_4a1a_8d20_49f4d53364bc-40, groupId=Consumer-topic-349bee12_f7f3_4a1a_8d20_49f4d53364bc] (Re-)joining group
2025-09-03 13:57:49,728 INFO  [org.apa.kaf.cli.con.int.ConsumerCoordinator] (ForkJoinPool.commonPool-worker-3) [Consumer clientId=consumer-Consumer-topic-349bee12_f7f3_4a1a_8d20_49f4d53364bc-40, groupId=Consumer-topic-349bee12_f7f3_4a1a_8d20_49f4d53364bc] Request joining group due to: need to re-join with the given member-id: consumer-Consumer-topic-349bee12_f7f3_4a1a_8d20_49f4d53364bc-40-2dc06a82-1bd9-4d90-b52d-15bb15b3327c
2025-09-03 13:57:49,728 INFO  [org.apa.kaf.cli.con.int.ConsumerCoordinator] (ForkJoinPool.commonPool-worker-3) [Consumer clientId=consumer-Consumer-topic-349bee12_f7f3_4a1a_8d20_49f4d53364bc-40, groupId=Consumer-topic-349bee12_f7f3_4a1a_8d20_49f4d53364bc] (Re-)joining group
2025-09-03 13:57:50,723 INFO  [io.api.tes.ser.api.KafkaSerdesTester] (ForkJoinPool.commonPool-worker-3) None found
2025-09-03 13:57:51,723 INFO  [io.api.tes.ser.api.KafkaSerdesTester] (ForkJoinPool.commonPool-worker-3) None found
2025-09-03 13:57:52,725 INFO  [io.api.tes.ser.api.KafkaSerdesTester] (ForkJoinPool.commonPool-worker-3) None found
2025-09-03 13:57:52,729 INFO  [org.apa.kaf.cli.con.int.ConsumerCoordinator] (ForkJoinPool.commonPool-worker-3) [Consumer clientId=consumer-Consumer-topic-349bee12_f7f3_4a1a_8d20_49f4d53364bc-40, groupId=Consumer-topic-349bee12_f7f3_4a1a_8d20_49f4d53364bc] Successfully joined group with generation Generation{generationId=1, memberId='consumer-Consumer-topic-349bee12_f7f3_4a1a_8d20_49f4d53364bc-40-2dc06a82-1bd9-4d90-b52d-15bb15b3327c', protocol='range'}
2025-09-03 13:57:52,729 INFO  [org.apa.kaf.cli.con.int.ConsumerCoordinator] (ForkJoinPool.commonPool-worker-3) [Consumer clientId=consumer-Consumer-topic-349bee12_f7f3_4a1a_8d20_49f4d53364bc-40, groupId=Consumer-topic-349bee12_f7f3_4a1a_8d20_49f4d53364bc] Finished assignment for group at generation 1: {consumer-Consumer-topic-349bee12_f7f3_4a1a_8d20_49f4d53364bc-40-2dc06a82-1bd9-4d90-b52d-15bb15b3327c=Assignment(partitions=[topic-349bee12_f7f3_4a1a_8d20_49f4d53364bc-0])}
2025-09-03 13:57:52,736 INFO  [org.apa.kaf.cli.con.int.ConsumerCoordinator] (ForkJoinPool.commonPool-worker-3) [Consumer clientId=consumer-Consumer-topic-349bee12_f7f3_4a1a_8d20_49f4d53364bc-40, groupId=Consumer-topic-349bee12_f7f3_4a1a_8d20_49f4d53364bc] Successfully synced group in generation Generation{generationId=1, memberId='consumer-Consumer-topic-349bee12_f7f3_4a1a_8d20_49f4d53364bc-40-2dc06a82-1bd9-4d90-b52d-15bb15b3327c', protocol='range'}
2025-09-03 13:57:52,736 INFO  [org.apa.kaf.cli.con.int.ConsumerCoordinator] (ForkJoinPool.commonPool-worker-3) [Consumer clientId=consumer-Consumer-topic-349bee12_f7f3_4a1a_8d20_49f4d53364bc-40, groupId=Consumer-topic-349bee12_f7f3_4a1a_8d20_49f4d53364bc] Notifying assignor about the new Assignment(partitions=[topic-349bee12_f7f3_4a1a_8d20_49f4d53364bc-0])
2025-09-03 13:57:52,736 INFO  [org.apa.kaf.cli.con.int.ConsumerRebalanceListenerInvoker] (ForkJoinPool.commonPool-worker-3) [Consumer clientId=consumer-Consumer-topic-349bee12_f7f3_4a1a_8d20_49f4d53364bc-40, groupId=Consumer-topic-349bee12_f7f3_4a1a_8d20_49f4d53364bc] Adding newly assigned partitions: topic-349bee12_f7f3_4a1a_8d20_49f4d53364bc-0
2025-09-03 13:57:52,737 INFO  [org.apa.kaf.cli.con.int.ConsumerCoordinator] (ForkJoinPool.commonPool-worker-3) [Consumer clientId=consumer-Consumer-topic-349bee12_f7f3_4a1a_8d20_49f4d53364bc-40, groupId=Consumer-topic-349bee12_f7f3_4a1a_8d20_49f4d53364bc] Found no committed offset for partition topic-349bee12_f7f3_4a1a_8d20_49f4d53364bc-0
2025-09-03 13:57:52,738 INFO  [org.apa.kaf.cli.con.int.SubscriptionState] (ForkJoinPool.commonPool-worker-3) [Consumer clientId=consumer-Consumer-topic-349bee12_f7f3_4a1a_8d20_49f4d53364bc-40, groupId=Consumer-topic-349bee12_f7f3_4a1a_8d20_49f4d53364bc] Resetting offset for partition topic-349bee12_f7f3_4a1a_8d20_49f4d53364bc-0 to position FetchPosition{offset=0, offsetEpoch=Optional.empty, currentLeader=LeaderAndEpoch{leader=Optional[localhost:32769 (id: 0 rack: null)], epoch=0}}.
2025-09-03 13:57:52,855 INFO  [io.api.tes.ser.api.KafkaSerdesTester] (ForkJoinPool.commonPool-worker-3) topic-349bee12_f7f3_4a1a_8d20_49f4d53364bc 0 0 {"key1": "value-0"}
2025-09-03 13:57:52,855 INFO  [io.api.tes.ser.api.KafkaSerdesTester] (ForkJoinPool.commonPool-worker-3) topic-349bee12_f7f3_4a1a_8d20_49f4d53364bc 0 1 {"key1": "value-1"}
2025-09-03 13:57:52,855 INFO  [io.api.tes.ser.api.KafkaSerdesTester] (ForkJoinPool.commonPool-worker-3) topic-349bee12_f7f3_4a1a_8d20_49f4d53364bc 0 2 {"key1": "value-2"}
2025-09-03 13:57:52,855 INFO  [io.api.tes.ser.api.KafkaSerdesTester] (ForkJoinPool.commonPool-worker-3) topic-349bee12_f7f3_4a1a_8d20_49f4d53364bc 0 3 {"key1": "value-3"}
2025-09-03 13:57:52,855 INFO  [io.api.tes.ser.api.KafkaSerdesTester] (ForkJoinPool.commonPool-worker-3) topic-349bee12_f7f3_4a1a_8d20_49f4d53364bc 0 4 {"key1": "value-4"}
2025-09-03 13:57:52,855 INFO  [io.api.tes.ser.api.KafkaSerdesTester] (ForkJoinPool.commonPool-worker-3) topic-349bee12_f7f3_4a1a_8d20_49f4d53364bc 0 5 {"key1": "value-5"}
2025-09-03 13:57:52,855 INFO  [io.api.tes.ser.api.KafkaSerdesTester] (ForkJoinPool.commonPool-worker-3) topic-349bee12_f7f3_4a1a_8d20_49f4d53364bc 0 6 {"key1": "value-6"}
2025-09-03 13:57:52,855 INFO  [io.api.tes.ser.api.KafkaSerdesTester] (ForkJoinPool.commonPool-worker-3) topic-349bee12_f7f3_4a1a_8d20_49f4d53364bc 0 7 {"key1": "value-7"}
2025-09-03 13:57:52,855 INFO  [io.api.tes.ser.api.KafkaSerdesTester] (ForkJoinPool.commonPool-worker-3) topic-349bee12_f7f3_4a1a_8d20_49f4d53364bc 0 8 {"key1": "value-8"}
2025-09-03 13:57:52,855 INFO  [io.api.tes.ser.api.KafkaSerdesTester] (ForkJoinPool.commonPool-worker-3) topic-349bee12_f7f3_4a1a_8d20_49f4d53364bc 0 9 {"key1": "value-9"}
2025-09-03 13:57:52,855 INFO  [io.api.tes.ser.api.KafkaSerdesTester] (ForkJoinPool.commonPool-worker-3) Consumed 10 messages
2025-09-03 13:57:52,862 INFO  [org.apa.kaf.cli.con.int.ConsumerRebalanceListenerInvoker] (ForkJoinPool.commonPool-worker-3) [Consumer clientId=consumer-Consumer-topic-349bee12_f7f3_4a1a_8d20_49f4d53364bc-40, groupId=Consumer-topic-349bee12_f7f3_4a1a_8d20_49f4d53364bc] Revoke previously assigned partitions topic-349bee12_f7f3_4a1a_8d20_49f4d53364bc-0
2025-09-03 13:57:52,862 INFO  [org.apa.kaf.cli.con.int.ConsumerCoordinator] (ForkJoinPool.commonPool-worker-3) [Consumer clientId=consumer-Consumer-topic-349bee12_f7f3_4a1a_8d20_49f4d53364bc-40, groupId=Consumer-topic-349bee12_f7f3_4a1a_8d20_49f4d53364bc] Member consumer-Consumer-topic-349bee12_f7f3_4a1a_8d20_49f4d53364bc-40-2dc06a82-1bd9-4d90-b52d-15bb15b3327c sending LeaveGroup request to coordinator localhost:32769 (id: 2147483647 rack: null) due to the consumer is being closed
2025-09-03 13:57:52,862 INFO  [org.apa.kaf.cli.con.int.ConsumerCoordinator] (ForkJoinPool.commonPool-worker-3) [Consumer clientId=consumer-Consumer-topic-349bee12_f7f3_4a1a_8d20_49f4d53364bc-40, groupId=Consumer-topic-349bee12_f7f3_4a1a_8d20_49f4d53364bc] Resetting generation and member id due to: consumer pro-actively leaving the group
2025-09-03 13:57:52,862 INFO  [org.apa.kaf.cli.con.int.ConsumerCoordinator] (ForkJoinPool.commonPool-worker-3) [Consumer clientId=consumer-Consumer-topic-349bee12_f7f3_4a1a_8d20_49f4d53364bc-40, groupId=Consumer-topic-349bee12_f7f3_4a1a_8d20_49f4d53364bc] Request joining group due to: consumer pro-actively leaving the group
2025-09-03 13:57:53,356 INFO  [org.apa.kaf.com.met.Metrics] (ForkJoinPool.commonPool-worker-3) Metrics scheduler closed
2025-09-03 13:57:53,356 INFO  [org.apa.kaf.com.met.Metrics] (ForkJoinPool.commonPool-worker-3) Closing reporter org.apache.kafka.common.metrics.JmxReporter
2025-09-03 13:57:53,356 INFO  [org.apa.kaf.com.met.Metrics] (ForkJoinPool.commonPool-worker-3) Closing reporter org.apache.kafka.common.telemetry.internals.ClientTelemetryReporter
2025-09-03 13:57:53,356 INFO  [org.apa.kaf.com.met.Metrics] (ForkJoinPool.commonPool-worker-3) Metrics reporters closed
2025-09-03 13:57:53,358 INFO  [org.apa.kaf.com.uti.AppInfoParser] (ForkJoinPool.commonPool-worker-3) App info kafka.consumer for consumer-Consumer-topic-349bee12_f7f3_4a1a_8d20_49f4d53364bc-40 unregistered
2025-09-03 13:57:53,486 INFO  [io.api.tes.ser.con.BasicConfluentSerDesIT] (main) Deleting confluent schema myrecordconfluent6
2025-09-03 13:57:53,531 INFO  [io.api.tes.uti.TestSeparator] (main) io.apicurio.tests.serdes.confluent.BasicConfluentSerDesIT.testAvroConfluentForMultipleTopics-FINISHED
2025-09-03 13:57:53,531 INFO  [io.api.tes.uti.TestSeparator] (main) ############################################################################
Test passed: testAvroConfluentForMultipleTopics
]]></system-out>
  </testcase>
  <testcase name="testAvroConfluentApicurio" classname="io.apicurio.tests.serdes.confluent.BasicConfluentSerDesIT" time="3.938">
    <system-out><![CDATA[2025-09-03 13:57:53,532 INFO  [io.api.tes.uti.TestSeparator] (main) ############################################################################
2025-09-03 13:57:53,532 INFO  [io.api.tes.uti.TestSeparator] (main) io.apicurio.tests.serdes.confluent.BasicConfluentSerDesIT.testAvroConfluentApicurio-STARTED
2025-09-03 13:57:53,620 INFO  [io.api.tes.ser.con.BasicConfluentSerDesIT] (main) Checking that created schema is equal to the get schema
2025-09-03 13:57:53,655 INFO  [io.api.tes.ser.con.BasicConfluentSerDesIT] (main) Created schema with id:113 and name:myrecordconfluent1
**** Registry Base URL: http://registry-app-mysql.apps.ci419.apicurio-testing.org:80
2025-09-03 13:57:53,656 INFO  [org.apa.kaf.cli.pro.ProducerConfig] (main) ProducerConfig values: 
	acks = -1
	auto.include.jmx.reporter = true
	batch.size = 16384
	bootstrap.servers = [PLAINTEXT://localhost:32769]
	buffer.memory = 33554432
	client.dns.lookup = use_all_dns_ips
	client.id = Producer-topic-c28304a0_b5bf_4865_9867_2abdc15a83ac
	compression.gzip.level = -1
	compression.lz4.level = 9
	compression.type = none
	compression.zstd.level = 3
	connections.max.idle.ms = 10000
	delivery.timeout.ms = 120000
	enable.idempotence = true
	enable.metrics.push = true
	interceptor.classes = []
	key.serializer = class org.apache.kafka.common.serialization.StringSerializer
	linger.ms = 0
	max.block.ms = 60000
	max.in.flight.requests.per.connection = 5
	max.request.size = 1048576
	metadata.max.age.ms = 300000
	metadata.max.idle.ms = 300000
	metadata.recovery.strategy = none
	metric.reporters = []
	metrics.num.samples = 2
	metrics.recording.level = INFO
	metrics.sample.window.ms = 30000
	partitioner.adaptive.partitioning.enable = true
	partitioner.availability.timeout.ms = 0
	partitioner.class = null
	partitioner.ignore.keys = false
	receive.buffer.bytes = 32768
	reconnect.backoff.max.ms = 1000
	reconnect.backoff.ms = 50
	request.timeout.ms = 5000
	retries = 2147483647
	retry.backoff.max.ms = 1000
	retry.backoff.ms = 100
	sasl.client.callback.handler.class = null
	sasl.jaas.config = null
	sasl.kerberos.kinit.cmd = /usr/bin/kinit
	sasl.kerberos.min.time.before.relogin = 60000
	sasl.kerberos.service.name = null
	sasl.kerberos.ticket.renew.jitter = 0.05
	sasl.kerberos.ticket.renew.window.factor = 0.8
	sasl.login.callback.handler.class = null
	sasl.login.class = null
	sasl.login.connect.timeout.ms = null
	sasl.login.read.timeout.ms = null
	sasl.login.refresh.buffer.seconds = 300
	sasl.login.refresh.min.period.seconds = 60
	sasl.login.refresh.window.factor = 0.8
	sasl.login.refresh.window.jitter = 0.05
	sasl.login.retry.backoff.max.ms = 10000
	sasl.login.retry.backoff.ms = 100
	sasl.mechanism = GSSAPI
	sasl.oauthbearer.clock.skew.seconds = 30
	sasl.oauthbearer.expected.audience = null
	sasl.oauthbearer.expected.issuer = null
	sasl.oauthbearer.header.urlencode = false
	sasl.oauthbearer.jwks.endpoint.refresh.ms = 3600000
	sasl.oauthbearer.jwks.endpoint.retry.backoff.max.ms = 10000
	sasl.oauthbearer.jwks.endpoint.retry.backoff.ms = 100
	sasl.oauthbearer.jwks.endpoint.url = null
	sasl.oauthbearer.scope.claim.name = scope
	sasl.oauthbearer.sub.claim.name = sub
	sasl.oauthbearer.token.endpoint.url = null
	security.protocol = PLAINTEXT
	security.providers = null
	send.buffer.bytes = 131072
	socket.connection.setup.timeout.max.ms = 30000
	socket.connection.setup.timeout.ms = 10000
	ssl.cipher.suites = null
	ssl.enabled.protocols = [TLSv1.2, TLSv1.3]
	ssl.endpoint.identification.algorithm = https
	ssl.engine.factory.class = null
	ssl.key.password = null
	ssl.keymanager.algorithm = SunX509
	ssl.keystore.certificate.chain = null
	ssl.keystore.key = null
	ssl.keystore.location = null
	ssl.keystore.password = null
	ssl.keystore.type = JKS
	ssl.protocol = TLSv1.3
	ssl.provider = null
	ssl.secure.random.implementation = null
	ssl.trustmanager.algorithm = PKIX
	ssl.truststore.certificates = null
	ssl.truststore.location = null
	ssl.truststore.password = null
	ssl.truststore.type = JKS
	transaction.timeout.ms = 60000
	transactional.id = null
	value.serializer = class io.confluent.kafka.serializers.KafkaAvroSerializer

2025-09-03 13:57:53,656 INFO  [org.apa.kaf.com.tel.int.KafkaMetricsCollector] (main) initializing Kafka metrics collector
2025-09-03 13:57:53,656 INFO  [io.con.kaf.ser.KafkaAvroSerializerConfig] (main) KafkaAvroSerializerConfig values: 
	auto.register.schemas = false
	avro.reflection.allow.null = false
	avro.remove.java.properties = false
	avro.use.logical.type.converters = false
	basic.auth.credentials.source = URL
	basic.auth.user.info = [hidden]
	bearer.auth.cache.expiry.buffer.seconds = 300
	bearer.auth.client.id = null
	bearer.auth.client.secret = null
	bearer.auth.credentials.source = STATIC_TOKEN
	bearer.auth.custom.provider.class = null
	bearer.auth.identity.pool.id = null
	bearer.auth.issuer.endpoint.url = null
	bearer.auth.logical.cluster = null
	bearer.auth.scope = null
	bearer.auth.scope.claim.name = scope
	bearer.auth.sub.claim.name = sub
	bearer.auth.token = [hidden]
	context.name.strategy = class io.confluent.kafka.serializers.context.NullContextNameStrategy
	http.connect.timeout.ms = 60000
	http.read.timeout.ms = 60000
	id.compatibility.strict = true
	key.schema.id.deserializer = class io.confluent.kafka.serializers.schema.id.DualSchemaIdDeserializer
	key.schema.id.serializer = class io.confluent.kafka.serializers.schema.id.PrefixSchemaIdSerializer
	key.subject.name.strategy = class io.confluent.kafka.serializers.subject.TopicNameStrategy
	latest.cache.size = 1000
	latest.cache.ttl.sec = -1
	latest.compatibility.strict = true
	max.retries = 3
	max.schemas.per.subject = 1000
	normalize.schemas = false
	propagate.schema.tags = false
	proxy.host = 
	proxy.port = -1
	retries.max.wait.ms = 20000
	retries.wait.ms = 1000
	rule.actions = []
	rule.executors = []
	rule.service.loader.enable = true
	schema.format = null
	schema.reflection = false
	schema.registry.basic.auth.user.info = [hidden]
	schema.registry.ssl.cipher.suites = null
	schema.registry.ssl.enabled.protocols = [TLSv1.2, TLSv1.3]
	schema.registry.ssl.endpoint.identification.algorithm = https
	schema.registry.ssl.engine.factory.class = null
	schema.registry.ssl.key.password = null
	schema.registry.ssl.keymanager.algorithm = SunX509
	schema.registry.ssl.keystore.certificate.chain = null
	schema.registry.ssl.keystore.key = null
	schema.registry.ssl.keystore.location = null
	schema.registry.ssl.keystore.password = null
	schema.registry.ssl.keystore.type = JKS
	schema.registry.ssl.protocol = TLSv1.3
	schema.registry.ssl.provider = null
	schema.registry.ssl.secure.random.implementation = null
	schema.registry.ssl.trustmanager.algorithm = PKIX
	schema.registry.ssl.truststore.certificates = null
	schema.registry.ssl.truststore.location = null
	schema.registry.ssl.truststore.password = null
	schema.registry.ssl.truststore.type = JKS
	schema.registry.url = [http://registry-app-mysql.apps.ci419.apicurio-testing.org:80/apis/ccompat/v7]
	schema.registry.url.randomize = false
	use.latest.version = false
	use.latest.with.metadata = null
	use.schema.id = -1
	value.schema.id.deserializer = class io.confluent.kafka.serializers.schema.id.DualSchemaIdDeserializer
	value.schema.id.serializer = class io.confluent.kafka.serializers.schema.id.PrefixSchemaIdSerializer
	value.subject.name.strategy = class io.confluent.kafka.serializers.subject.TopicNameStrategy

2025-09-03 13:57:53,658 INFO  [org.apa.kaf.cli.pro.KafkaProducer] (main) [Producer clientId=Producer-topic-c28304a0_b5bf_4865_9867_2abdc15a83ac] Instantiated an idempotent producer.
2025-09-03 13:57:53,659 INFO  [org.apa.kaf.cli.pro.ProducerConfig] (main) These configurations '[schema.registry.url, auto.register.schemas, value.subject.name.strategy]' were supplied but are not used yet.
2025-09-03 13:57:53,659 INFO  [org.apa.kaf.com.uti.AppInfoParser] (main) Kafka version: 3.9.1
2025-09-03 13:57:53,659 INFO  [org.apa.kaf.com.uti.AppInfoParser] (main) Kafka commitId: f745dfdcee2b9851
2025-09-03 13:57:53,659 INFO  [org.apa.kaf.com.uti.AppInfoParser] (main) Kafka startTimeMs: 1756907873659
2025-09-03 13:57:53,659 INFO  [io.api.tes.ser.api.SimpleSerdesTesterBuilder$SimpleSerdesTester] (main) Using producer configuration: {schema.registry.url=http://registry-app-mysql.apps.ci419.apicurio-testing.org:80/apis/ccompat/v7, value.serializer=io.confluent.kafka.serializers.KafkaAvroSerializer, request.timeout.ms=5000, auto.register.schemas=false, acks=all, bootstrap.servers=PLAINTEXT://localhost:32769, connections.max.idle.ms=10000, key.serializer=org.apache.kafka.common.serialization.StringSerializer, value.subject.name.strategy=io.confluent.kafka.serializers.subject.TopicNameStrategy, client.id=Producer-topic-c28304a0_b5bf_4865_9867_2abdc15a83ac}
2025-09-03 13:57:53,659 INFO  [io.api.tes.ser.api.SimpleSerdesTesterBuilder$SimpleSerdesTester] (main) Using consumer configuration: {}
2025-09-03 13:57:53,659 INFO  [io.api.tes.ser.api.KafkaSerdesTester] (ForkJoinPool.commonPool-worker-3) Sending message {"key1": "value-0"} to topic topic-c28304a0_b5bf_4865_9867_2abdc15a83ac
2025-09-03 13:57:53,662 INFO  [org.apa.kaf.cli.Metadata] (kafka-producer-network-thread | Producer-topic-c28304a0_b5bf_4865_9867_2abdc15a83ac) [Producer clientId=Producer-topic-c28304a0_b5bf_4865_9867_2abdc15a83ac] Cluster ID: idi4IAQcRfmNXWpL6PLRmQ
2025-09-03 13:57:53,662 INFO  [org.apa.kaf.cli.pro.int.TransactionManager] (kafka-producer-network-thread | Producer-topic-c28304a0_b5bf_4865_9867_2abdc15a83ac) [Producer clientId=Producer-topic-c28304a0_b5bf_4865_9867_2abdc15a83ac] ProducerId set to 54 with epoch 0
2025-09-03 13:57:53,703 INFO  [io.api.tes.ser.api.KafkaSerdesTester] (ForkJoinPool.commonPool-worker-3) Sending message {"key1": "value-1"} to topic topic-c28304a0_b5bf_4865_9867_2abdc15a83ac
2025-09-03 13:57:53,706 INFO  [io.api.tes.ser.api.KafkaSerdesTester] (ForkJoinPool.commonPool-worker-3) Sending message {"key1": "value-2"} to topic topic-c28304a0_b5bf_4865_9867_2abdc15a83ac
2025-09-03 13:57:53,707 INFO  [io.api.tes.ser.api.KafkaSerdesTester] (ForkJoinPool.commonPool-worker-3) Sending message {"key1": "value-3"} to topic topic-c28304a0_b5bf_4865_9867_2abdc15a83ac
2025-09-03 13:57:53,707 INFO  [io.api.tes.ser.api.KafkaSerdesTester] (ForkJoinPool.commonPool-worker-3) Sending message {"key1": "value-4"} to topic topic-c28304a0_b5bf_4865_9867_2abdc15a83ac
2025-09-03 13:57:53,708 INFO  [io.api.tes.ser.api.KafkaSerdesTester] (ForkJoinPool.commonPool-worker-3) Sending message {"key1": "value-5"} to topic topic-c28304a0_b5bf_4865_9867_2abdc15a83ac
2025-09-03 13:57:53,709 INFO  [io.api.tes.ser.api.KafkaSerdesTester] (ForkJoinPool.commonPool-worker-3) Sending message {"key1": "value-6"} to topic topic-c28304a0_b5bf_4865_9867_2abdc15a83ac
2025-09-03 13:57:53,710 INFO  [io.api.tes.ser.api.KafkaSerdesTester] (ForkJoinPool.commonPool-worker-3) Sending message {"key1": "value-7"} to topic topic-c28304a0_b5bf_4865_9867_2abdc15a83ac
2025-09-03 13:57:53,711 INFO  [io.api.tes.ser.api.KafkaSerdesTester] (ForkJoinPool.commonPool-worker-3) Sending message {"key1": "value-8"} to topic topic-c28304a0_b5bf_4865_9867_2abdc15a83ac
2025-09-03 13:57:53,711 INFO  [io.api.tes.ser.api.KafkaSerdesTester] (ForkJoinPool.commonPool-worker-3) Sending message {"key1": "value-9"} to topic topic-c28304a0_b5bf_4865_9867_2abdc15a83ac
2025-09-03 13:57:53,712 INFO  [io.api.tes.ser.api.KafkaSerdesTester] (ForkJoinPool.commonPool-worker-3) Produced 10 messages
2025-09-03 13:57:53,712 INFO  [org.apa.kaf.cli.pro.KafkaProducer] (ForkJoinPool.commonPool-worker-3) [Producer clientId=Producer-topic-c28304a0_b5bf_4865_9867_2abdc15a83ac] Closing the Kafka producer with timeoutMillis = 9223372036854775807 ms.
2025-09-03 13:57:53,713 INFO  [org.apa.kaf.com.met.Metrics] (ForkJoinPool.commonPool-worker-3) Metrics scheduler closed
2025-09-03 13:57:53,713 INFO  [org.apa.kaf.com.met.Metrics] (ForkJoinPool.commonPool-worker-3) Closing reporter org.apache.kafka.common.metrics.JmxReporter
2025-09-03 13:57:53,713 INFO  [org.apa.kaf.com.met.Metrics] (ForkJoinPool.commonPool-worker-3) Closing reporter org.apache.kafka.common.telemetry.internals.ClientTelemetryReporter
2025-09-03 13:57:53,713 INFO  [org.apa.kaf.com.met.Metrics] (ForkJoinPool.commonPool-worker-3) Metrics reporters closed
2025-09-03 13:57:53,713 INFO  [org.apa.kaf.com.uti.AppInfoParser] (ForkJoinPool.commonPool-worker-3) App info kafka.producer for Producer-topic-c28304a0_b5bf_4865_9867_2abdc15a83ac unregistered
**** Registry Base URL: http://registry-app-mysql.apps.ci419.apicurio-testing.org:80
2025-09-03 13:57:53,714 INFO  [org.apa.kaf.cli.con.ConsumerConfig] (main) ConsumerConfig values: 
	allow.auto.create.topics = true
	auto.commit.interval.ms = 500
	auto.include.jmx.reporter = true
	auto.offset.reset = earliest
	bootstrap.servers = [PLAINTEXT://localhost:32769]
	check.crcs = true
	client.dns.lookup = use_all_dns_ips
	client.id = consumer-Consumer-topic-c28304a0_b5bf_4865_9867_2abdc15a83ac-41
	client.rack = 
	connections.max.idle.ms = 10000
	default.api.timeout.ms = 60000
	enable.auto.commit = true
	enable.metrics.push = true
	exclude.internal.topics = true
	fetch.max.bytes = 52428800
	fetch.max.wait.ms = 500
	fetch.min.bytes = 1
	group.id = Consumer-topic-c28304a0_b5bf_4865_9867_2abdc15a83ac
	group.instance.id = null
	group.protocol = classic
	group.remote.assignor = null
	heartbeat.interval.ms = 3000
	interceptor.classes = []
	internal.leave.group.on.close = true
	internal.throw.on.fetch.stable.offset.unsupported = false
	isolation.level = read_uncommitted
	key.deserializer = class org.apache.kafka.common.serialization.StringDeserializer
	max.partition.fetch.bytes = 1048576
	max.poll.interval.ms = 300000
	max.poll.records = 500
	metadata.max.age.ms = 300000
	metadata.recovery.strategy = none
	metric.reporters = []
	metrics.num.samples = 2
	metrics.recording.level = INFO
	metrics.sample.window.ms = 30000
	partition.assignment.strategy = [class org.apache.kafka.clients.consumer.RangeAssignor, class org.apache.kafka.clients.consumer.CooperativeStickyAssignor]
	receive.buffer.bytes = 65536
	reconnect.backoff.max.ms = 1000
	reconnect.backoff.ms = 50
	request.timeout.ms = 5000
	retry.backoff.max.ms = 1000
	retry.backoff.ms = 100
	sasl.client.callback.handler.class = null
	sasl.jaas.config = null
	sasl.kerberos.kinit.cmd = /usr/bin/kinit
	sasl.kerberos.min.time.before.relogin = 60000
	sasl.kerberos.service.name = null
	sasl.kerberos.ticket.renew.jitter = 0.05
	sasl.kerberos.ticket.renew.window.factor = 0.8
	sasl.login.callback.handler.class = null
	sasl.login.class = null
	sasl.login.connect.timeout.ms = null
	sasl.login.read.timeout.ms = null
	sasl.login.refresh.buffer.seconds = 300
	sasl.login.refresh.min.period.seconds = 60
	sasl.login.refresh.window.factor = 0.8
	sasl.login.refresh.window.jitter = 0.05
	sasl.login.retry.backoff.max.ms = 10000
	sasl.login.retry.backoff.ms = 100
	sasl.mechanism = GSSAPI
	sasl.oauthbearer.clock.skew.seconds = 30
	sasl.oauthbearer.expected.audience = null
	sasl.oauthbearer.expected.issuer = null
	sasl.oauthbearer.header.urlencode = false
	sasl.oauthbearer.jwks.endpoint.refresh.ms = 3600000
	sasl.oauthbearer.jwks.endpoint.retry.backoff.max.ms = 10000
	sasl.oauthbearer.jwks.endpoint.retry.backoff.ms = 100
	sasl.oauthbearer.jwks.endpoint.url = null
	sasl.oauthbearer.scope.claim.name = scope
	sasl.oauthbearer.sub.claim.name = sub
	sasl.oauthbearer.token.endpoint.url = null
	security.protocol = PLAINTEXT
	security.providers = null
	send.buffer.bytes = 131072
	session.timeout.ms = 45000
	socket.connection.setup.timeout.max.ms = 30000
	socket.connection.setup.timeout.ms = 10000
	ssl.cipher.suites = null
	ssl.enabled.protocols = [TLSv1.2, TLSv1.3]
	ssl.endpoint.identification.algorithm = https
	ssl.engine.factory.class = null
	ssl.key.password = null
	ssl.keymanager.algorithm = SunX509
	ssl.keystore.certificate.chain = null
	ssl.keystore.key = null
	ssl.keystore.location = null
	ssl.keystore.password = null
	ssl.keystore.type = JKS
	ssl.protocol = TLSv1.3
	ssl.provider = null
	ssl.secure.random.implementation = null
	ssl.trustmanager.algorithm = PKIX
	ssl.truststore.certificates = null
	ssl.truststore.location = null
	ssl.truststore.password = null
	ssl.truststore.type = JKS
	value.deserializer = class io.apicurio.registry.serde.avro.AvroKafkaDeserializer

2025-09-03 13:57:53,714 INFO  [org.apa.kaf.com.tel.int.KafkaMetricsCollector] (main) initializing Kafka metrics collector
2025-09-03 13:57:53,717 INFO  [org.apa.kaf.cli.con.ConsumerConfig] (main) These configurations '[apicurio.registry.url]' were supplied but are not used yet.
2025-09-03 13:57:53,717 INFO  [org.apa.kaf.com.uti.AppInfoParser] (main) Kafka version: 3.9.1
2025-09-03 13:57:53,717 INFO  [org.apa.kaf.com.uti.AppInfoParser] (main) Kafka commitId: f745dfdcee2b9851
2025-09-03 13:57:53,717 INFO  [org.apa.kaf.com.uti.AppInfoParser] (main) Kafka startTimeMs: 1756907873717
2025-09-03 13:57:53,717 INFO  [org.apa.kaf.cli.con.int.ClassicKafkaConsumer] (ForkJoinPool.commonPool-worker-3) [Consumer clientId=consumer-Consumer-topic-c28304a0_b5bf_4865_9867_2abdc15a83ac-41, groupId=Consumer-topic-c28304a0_b5bf_4865_9867_2abdc15a83ac] Subscribed to topic(s): topic-c28304a0_b5bf_4865_9867_2abdc15a83ac
2025-09-03 13:57:53,719 INFO  [org.apa.kaf.cli.Metadata] (ForkJoinPool.commonPool-worker-3) [Consumer clientId=consumer-Consumer-topic-c28304a0_b5bf_4865_9867_2abdc15a83ac-41, groupId=Consumer-topic-c28304a0_b5bf_4865_9867_2abdc15a83ac] Cluster ID: idi4IAQcRfmNXWpL6PLRmQ
2025-09-03 13:57:53,720 INFO  [org.apa.kaf.cli.con.int.ConsumerCoordinator] (ForkJoinPool.commonPool-worker-3) [Consumer clientId=consumer-Consumer-topic-c28304a0_b5bf_4865_9867_2abdc15a83ac-41, groupId=Consumer-topic-c28304a0_b5bf_4865_9867_2abdc15a83ac] Discovered group coordinator localhost:32769 (id: 2147483647 rack: null)
2025-09-03 13:57:53,720 INFO  [org.apa.kaf.cli.con.int.ConsumerCoordinator] (ForkJoinPool.commonPool-worker-3) [Consumer clientId=consumer-Consumer-topic-c28304a0_b5bf_4865_9867_2abdc15a83ac-41, groupId=Consumer-topic-c28304a0_b5bf_4865_9867_2abdc15a83ac] (Re-)joining group
2025-09-03 13:57:53,722 INFO  [org.apa.kaf.cli.con.int.ConsumerCoordinator] (ForkJoinPool.commonPool-worker-3) [Consumer clientId=consumer-Consumer-topic-c28304a0_b5bf_4865_9867_2abdc15a83ac-41, groupId=Consumer-topic-c28304a0_b5bf_4865_9867_2abdc15a83ac] Request joining group due to: need to re-join with the given member-id: consumer-Consumer-topic-c28304a0_b5bf_4865_9867_2abdc15a83ac-41-7632f96b-1e31-4f01-ac23-9096d9f89b7a
2025-09-03 13:57:53,722 INFO  [org.apa.kaf.cli.con.int.ConsumerCoordinator] (ForkJoinPool.commonPool-worker-3) [Consumer clientId=consumer-Consumer-topic-c28304a0_b5bf_4865_9867_2abdc15a83ac-41, groupId=Consumer-topic-c28304a0_b5bf_4865_9867_2abdc15a83ac] (Re-)joining group
2025-09-03 13:57:54,717 INFO  [io.api.tes.ser.api.KafkaSerdesTester] (ForkJoinPool.commonPool-worker-3) None found
2025-09-03 13:57:55,717 INFO  [io.api.tes.ser.api.KafkaSerdesTester] (ForkJoinPool.commonPool-worker-3) None found
2025-09-03 13:57:56,717 INFO  [io.api.tes.ser.api.KafkaSerdesTester] (ForkJoinPool.commonPool-worker-3) None found
2025-09-03 13:57:56,723 INFO  [org.apa.kaf.cli.con.int.ConsumerCoordinator] (ForkJoinPool.commonPool-worker-3) [Consumer clientId=consumer-Consumer-topic-c28304a0_b5bf_4865_9867_2abdc15a83ac-41, groupId=Consumer-topic-c28304a0_b5bf_4865_9867_2abdc15a83ac] Successfully joined group with generation Generation{generationId=1, memberId='consumer-Consumer-topic-c28304a0_b5bf_4865_9867_2abdc15a83ac-41-7632f96b-1e31-4f01-ac23-9096d9f89b7a', protocol='range'}
2025-09-03 13:57:56,723 INFO  [org.apa.kaf.cli.con.int.ConsumerCoordinator] (ForkJoinPool.commonPool-worker-3) [Consumer clientId=consumer-Consumer-topic-c28304a0_b5bf_4865_9867_2abdc15a83ac-41, groupId=Consumer-topic-c28304a0_b5bf_4865_9867_2abdc15a83ac] Finished assignment for group at generation 1: {consumer-Consumer-topic-c28304a0_b5bf_4865_9867_2abdc15a83ac-41-7632f96b-1e31-4f01-ac23-9096d9f89b7a=Assignment(partitions=[topic-c28304a0_b5bf_4865_9867_2abdc15a83ac-0])}
2025-09-03 13:57:56,728 INFO  [org.apa.kaf.cli.con.int.ConsumerCoordinator] (ForkJoinPool.commonPool-worker-3) [Consumer clientId=consumer-Consumer-topic-c28304a0_b5bf_4865_9867_2abdc15a83ac-41, groupId=Consumer-topic-c28304a0_b5bf_4865_9867_2abdc15a83ac] Successfully synced group in generation Generation{generationId=1, memberId='consumer-Consumer-topic-c28304a0_b5bf_4865_9867_2abdc15a83ac-41-7632f96b-1e31-4f01-ac23-9096d9f89b7a', protocol='range'}
2025-09-03 13:57:56,728 INFO  [org.apa.kaf.cli.con.int.ConsumerCoordinator] (ForkJoinPool.commonPool-worker-3) [Consumer clientId=consumer-Consumer-topic-c28304a0_b5bf_4865_9867_2abdc15a83ac-41, groupId=Consumer-topic-c28304a0_b5bf_4865_9867_2abdc15a83ac] Notifying assignor about the new Assignment(partitions=[topic-c28304a0_b5bf_4865_9867_2abdc15a83ac-0])
2025-09-03 13:57:56,729 INFO  [org.apa.kaf.cli.con.int.ConsumerRebalanceListenerInvoker] (ForkJoinPool.commonPool-worker-3) [Consumer clientId=consumer-Consumer-topic-c28304a0_b5bf_4865_9867_2abdc15a83ac-41, groupId=Consumer-topic-c28304a0_b5bf_4865_9867_2abdc15a83ac] Adding newly assigned partitions: topic-c28304a0_b5bf_4865_9867_2abdc15a83ac-0
2025-09-03 13:57:56,729 INFO  [org.apa.kaf.cli.con.int.ConsumerCoordinator] (ForkJoinPool.commonPool-worker-3) [Consumer clientId=consumer-Consumer-topic-c28304a0_b5bf_4865_9867_2abdc15a83ac-41, groupId=Consumer-topic-c28304a0_b5bf_4865_9867_2abdc15a83ac] Found no committed offset for partition topic-c28304a0_b5bf_4865_9867_2abdc15a83ac-0
2025-09-03 13:57:56,731 INFO  [org.apa.kaf.cli.con.int.SubscriptionState] (ForkJoinPool.commonPool-worker-3) [Consumer clientId=consumer-Consumer-topic-c28304a0_b5bf_4865_9867_2abdc15a83ac-41, groupId=Consumer-topic-c28304a0_b5bf_4865_9867_2abdc15a83ac] Resetting offset for partition topic-c28304a0_b5bf_4865_9867_2abdc15a83ac-0 to position FetchPosition{offset=0, offsetEpoch=Optional.empty, currentLeader=LeaderAndEpoch{leader=Optional[localhost:32769 (id: 0 rack: null)], epoch=0}}.
2025-09-03 13:57:56,852 INFO  [io.api.tes.ser.api.KafkaSerdesTester] (ForkJoinPool.commonPool-worker-3) topic-c28304a0_b5bf_4865_9867_2abdc15a83ac 0 0 {"key1": "value-0"}
2025-09-03 13:57:56,852 INFO  [io.api.tes.ser.api.KafkaSerdesTester] (ForkJoinPool.commonPool-worker-3) topic-c28304a0_b5bf_4865_9867_2abdc15a83ac 0 1 {"key1": "value-1"}
2025-09-03 13:57:56,852 INFO  [io.api.tes.ser.api.KafkaSerdesTester] (ForkJoinPool.commonPool-worker-3) topic-c28304a0_b5bf_4865_9867_2abdc15a83ac 0 2 {"key1": "value-2"}
2025-09-03 13:57:56,852 INFO  [io.api.tes.ser.api.KafkaSerdesTester] (ForkJoinPool.commonPool-worker-3) topic-c28304a0_b5bf_4865_9867_2abdc15a83ac 0 3 {"key1": "value-3"}
2025-09-03 13:57:56,852 INFO  [io.api.tes.ser.api.KafkaSerdesTester] (ForkJoinPool.commonPool-worker-3) topic-c28304a0_b5bf_4865_9867_2abdc15a83ac 0 4 {"key1": "value-4"}
2025-09-03 13:57:56,852 INFO  [io.api.tes.ser.api.KafkaSerdesTester] (ForkJoinPool.commonPool-worker-3) topic-c28304a0_b5bf_4865_9867_2abdc15a83ac 0 5 {"key1": "value-5"}
2025-09-03 13:57:56,852 INFO  [io.api.tes.ser.api.KafkaSerdesTester] (ForkJoinPool.commonPool-worker-3) topic-c28304a0_b5bf_4865_9867_2abdc15a83ac 0 6 {"key1": "value-6"}
2025-09-03 13:57:56,852 INFO  [io.api.tes.ser.api.KafkaSerdesTester] (ForkJoinPool.commonPool-worker-3) topic-c28304a0_b5bf_4865_9867_2abdc15a83ac 0 7 {"key1": "value-7"}
2025-09-03 13:57:56,852 INFO  [io.api.tes.ser.api.KafkaSerdesTester] (ForkJoinPool.commonPool-worker-3) topic-c28304a0_b5bf_4865_9867_2abdc15a83ac 0 8 {"key1": "value-8"}
2025-09-03 13:57:56,852 INFO  [io.api.tes.ser.api.KafkaSerdesTester] (ForkJoinPool.commonPool-worker-3) topic-c28304a0_b5bf_4865_9867_2abdc15a83ac 0 9 {"key1": "value-9"}
2025-09-03 13:57:56,852 INFO  [io.api.tes.ser.api.KafkaSerdesTester] (ForkJoinPool.commonPool-worker-3) Consumed 10 messages
2025-09-03 13:57:56,859 INFO  [org.apa.kaf.cli.con.int.ConsumerRebalanceListenerInvoker] (ForkJoinPool.commonPool-worker-3) [Consumer clientId=consumer-Consumer-topic-c28304a0_b5bf_4865_9867_2abdc15a83ac-41, groupId=Consumer-topic-c28304a0_b5bf_4865_9867_2abdc15a83ac] Revoke previously assigned partitions topic-c28304a0_b5bf_4865_9867_2abdc15a83ac-0
2025-09-03 13:57:56,859 INFO  [org.apa.kaf.cli.con.int.ConsumerCoordinator] (ForkJoinPool.commonPool-worker-3) [Consumer clientId=consumer-Consumer-topic-c28304a0_b5bf_4865_9867_2abdc15a83ac-41, groupId=Consumer-topic-c28304a0_b5bf_4865_9867_2abdc15a83ac] Member consumer-Consumer-topic-c28304a0_b5bf_4865_9867_2abdc15a83ac-41-7632f96b-1e31-4f01-ac23-9096d9f89b7a sending LeaveGroup request to coordinator localhost:32769 (id: 2147483647 rack: null) due to the consumer is being closed
2025-09-03 13:57:56,859 INFO  [org.apa.kaf.cli.con.int.ConsumerCoordinator] (ForkJoinPool.commonPool-worker-3) [Consumer clientId=consumer-Consumer-topic-c28304a0_b5bf_4865_9867_2abdc15a83ac-41, groupId=Consumer-topic-c28304a0_b5bf_4865_9867_2abdc15a83ac] Resetting generation and member id due to: consumer pro-actively leaving the group
2025-09-03 13:57:56,859 INFO  [org.apa.kaf.cli.con.int.ConsumerCoordinator] (ForkJoinPool.commonPool-worker-3) [Consumer clientId=consumer-Consumer-topic-c28304a0_b5bf_4865_9867_2abdc15a83ac-41, groupId=Consumer-topic-c28304a0_b5bf_4865_9867_2abdc15a83ac] Request joining group due to: consumer pro-actively leaving the group
2025-09-03 13:57:57,354 INFO  [org.apa.kaf.com.met.Metrics] (ForkJoinPool.commonPool-worker-3) Metrics scheduler closed
2025-09-03 13:57:57,354 INFO  [org.apa.kaf.com.met.Metrics] (ForkJoinPool.commonPool-worker-3) Closing reporter org.apache.kafka.common.metrics.JmxReporter
2025-09-03 13:57:57,354 INFO  [org.apa.kaf.com.met.Metrics] (ForkJoinPool.commonPool-worker-3) Closing reporter org.apache.kafka.common.telemetry.internals.ClientTelemetryReporter
2025-09-03 13:57:57,354 INFO  [org.apa.kaf.com.met.Metrics] (ForkJoinPool.commonPool-worker-3) Metrics reporters closed
2025-09-03 13:57:57,355 INFO  [org.apa.kaf.com.uti.AppInfoParser] (ForkJoinPool.commonPool-worker-3) App info kafka.consumer for consumer-Consumer-topic-c28304a0_b5bf_4865_9867_2abdc15a83ac-41 unregistered
2025-09-03 13:57:57,423 INFO  [io.api.tes.ser.con.BasicConfluentSerDesIT] (main) Deleting confluent schema topic-c28304a0_b5bf_4865_9867_2abdc15a83ac-value
2025-09-03 13:57:57,469 INFO  [io.api.tes.uti.TestSeparator] (main) io.apicurio.tests.serdes.confluent.BasicConfluentSerDesIT.testAvroConfluentApicurio-FINISHED
2025-09-03 13:57:57,469 INFO  [io.api.tes.uti.TestSeparator] (main) ############################################################################
Test passed: testAvroConfluentApicurio
]]></system-out>
  </testcase>
  <testcase name="testAvroConfluentSerDesWrongStrategyTopic" classname="io.apicurio.tests.serdes.confluent.BasicConfluentSerDesIT" time="0.28">
    <system-out><![CDATA[2025-09-03 13:57:57,470 INFO  [io.api.tes.uti.TestSeparator] (main) ############################################################################
2025-09-03 13:57:57,470 INFO  [io.api.tes.uti.TestSeparator] (main) io.apicurio.tests.serdes.confluent.BasicConfluentSerDesIT.testAvroConfluentSerDesWrongStrategyTopic-STARTED
2025-09-03 13:57:57,559 INFO  [io.api.tes.ser.con.BasicConfluentSerDesIT] (main) Checking that created schema is equal to the get schema
2025-09-03 13:57:57,595 INFO  [io.api.tes.ser.con.BasicConfluentSerDesIT] (main) Created schema with id:114 and name:myrecordconfluent3
**** Registry Base URL: http://registry-app-mysql.apps.ci419.apicurio-testing.org:80
2025-09-03 13:57:57,596 INFO  [org.apa.kaf.cli.pro.ProducerConfig] (main) ProducerConfig values: 
	acks = -1
	auto.include.jmx.reporter = true
	batch.size = 16384
	bootstrap.servers = [PLAINTEXT://localhost:32769]
	buffer.memory = 33554432
	client.dns.lookup = use_all_dns_ips
	client.id = Producer-topic-6e3f6eaa_7c9b_41de_9230_85482c0dc22e
	compression.gzip.level = -1
	compression.lz4.level = 9
	compression.type = none
	compression.zstd.level = 3
	connections.max.idle.ms = 10000
	delivery.timeout.ms = 120000
	enable.idempotence = true
	enable.metrics.push = true
	interceptor.classes = []
	key.serializer = class org.apache.kafka.common.serialization.StringSerializer
	linger.ms = 0
	max.block.ms = 60000
	max.in.flight.requests.per.connection = 5
	max.request.size = 1048576
	metadata.max.age.ms = 300000
	metadata.max.idle.ms = 300000
	metadata.recovery.strategy = none
	metric.reporters = []
	metrics.num.samples = 2
	metrics.recording.level = INFO
	metrics.sample.window.ms = 30000
	partitioner.adaptive.partitioning.enable = true
	partitioner.availability.timeout.ms = 0
	partitioner.class = null
	partitioner.ignore.keys = false
	receive.buffer.bytes = 32768
	reconnect.backoff.max.ms = 1000
	reconnect.backoff.ms = 50
	request.timeout.ms = 5000
	retries = 2147483647
	retry.backoff.max.ms = 1000
	retry.backoff.ms = 100
	sasl.client.callback.handler.class = null
	sasl.jaas.config = null
	sasl.kerberos.kinit.cmd = /usr/bin/kinit
	sasl.kerberos.min.time.before.relogin = 60000
	sasl.kerberos.service.name = null
	sasl.kerberos.ticket.renew.jitter = 0.05
	sasl.kerberos.ticket.renew.window.factor = 0.8
	sasl.login.callback.handler.class = null
	sasl.login.class = null
	sasl.login.connect.timeout.ms = null
	sasl.login.read.timeout.ms = null
	sasl.login.refresh.buffer.seconds = 300
	sasl.login.refresh.min.period.seconds = 60
	sasl.login.refresh.window.factor = 0.8
	sasl.login.refresh.window.jitter = 0.05
	sasl.login.retry.backoff.max.ms = 10000
	sasl.login.retry.backoff.ms = 100
	sasl.mechanism = GSSAPI
	sasl.oauthbearer.clock.skew.seconds = 30
	sasl.oauthbearer.expected.audience = null
	sasl.oauthbearer.expected.issuer = null
	sasl.oauthbearer.header.urlencode = false
	sasl.oauthbearer.jwks.endpoint.refresh.ms = 3600000
	sasl.oauthbearer.jwks.endpoint.retry.backoff.max.ms = 10000
	sasl.oauthbearer.jwks.endpoint.retry.backoff.ms = 100
	sasl.oauthbearer.jwks.endpoint.url = null
	sasl.oauthbearer.scope.claim.name = scope
	sasl.oauthbearer.sub.claim.name = sub
	sasl.oauthbearer.token.endpoint.url = null
	security.protocol = PLAINTEXT
	security.providers = null
	send.buffer.bytes = 131072
	socket.connection.setup.timeout.max.ms = 30000
	socket.connection.setup.timeout.ms = 10000
	ssl.cipher.suites = null
	ssl.enabled.protocols = [TLSv1.2, TLSv1.3]
	ssl.endpoint.identification.algorithm = https
	ssl.engine.factory.class = null
	ssl.key.password = null
	ssl.keymanager.algorithm = SunX509
	ssl.keystore.certificate.chain = null
	ssl.keystore.key = null
	ssl.keystore.location = null
	ssl.keystore.password = null
	ssl.keystore.type = JKS
	ssl.protocol = TLSv1.3
	ssl.provider = null
	ssl.secure.random.implementation = null
	ssl.trustmanager.algorithm = PKIX
	ssl.truststore.certificates = null
	ssl.truststore.location = null
	ssl.truststore.password = null
	ssl.truststore.type = JKS
	transaction.timeout.ms = 60000
	transactional.id = null
	value.serializer = class io.confluent.kafka.serializers.KafkaAvroSerializer

2025-09-03 13:57:57,596 INFO  [org.apa.kaf.com.tel.int.KafkaMetricsCollector] (main) initializing Kafka metrics collector
2025-09-03 13:57:57,596 INFO  [io.con.kaf.ser.KafkaAvroSerializerConfig] (main) KafkaAvroSerializerConfig values: 
	auto.register.schemas = false
	avro.reflection.allow.null = false
	avro.remove.java.properties = false
	avro.use.logical.type.converters = false
	basic.auth.credentials.source = URL
	basic.auth.user.info = [hidden]
	bearer.auth.cache.expiry.buffer.seconds = 300
	bearer.auth.client.id = null
	bearer.auth.client.secret = null
	bearer.auth.credentials.source = STATIC_TOKEN
	bearer.auth.custom.provider.class = null
	bearer.auth.identity.pool.id = null
	bearer.auth.issuer.endpoint.url = null
	bearer.auth.logical.cluster = null
	bearer.auth.scope = null
	bearer.auth.scope.claim.name = scope
	bearer.auth.sub.claim.name = sub
	bearer.auth.token = [hidden]
	context.name.strategy = class io.confluent.kafka.serializers.context.NullContextNameStrategy
	http.connect.timeout.ms = 60000
	http.read.timeout.ms = 60000
	id.compatibility.strict = true
	key.schema.id.deserializer = class io.confluent.kafka.serializers.schema.id.DualSchemaIdDeserializer
	key.schema.id.serializer = class io.confluent.kafka.serializers.schema.id.PrefixSchemaIdSerializer
	key.subject.name.strategy = class io.confluent.kafka.serializers.subject.TopicNameStrategy
	latest.cache.size = 1000
	latest.cache.ttl.sec = -1
	latest.compatibility.strict = true
	max.retries = 3
	max.schemas.per.subject = 1000
	normalize.schemas = false
	propagate.schema.tags = false
	proxy.host = 
	proxy.port = -1
	retries.max.wait.ms = 20000
	retries.wait.ms = 1000
	rule.actions = []
	rule.executors = []
	rule.service.loader.enable = true
	schema.format = null
	schema.reflection = false
	schema.registry.basic.auth.user.info = [hidden]
	schema.registry.ssl.cipher.suites = null
	schema.registry.ssl.enabled.protocols = [TLSv1.2, TLSv1.3]
	schema.registry.ssl.endpoint.identification.algorithm = https
	schema.registry.ssl.engine.factory.class = null
	schema.registry.ssl.key.password = null
	schema.registry.ssl.keymanager.algorithm = SunX509
	schema.registry.ssl.keystore.certificate.chain = null
	schema.registry.ssl.keystore.key = null
	schema.registry.ssl.keystore.location = null
	schema.registry.ssl.keystore.password = null
	schema.registry.ssl.keystore.type = JKS
	schema.registry.ssl.protocol = TLSv1.3
	schema.registry.ssl.provider = null
	schema.registry.ssl.secure.random.implementation = null
	schema.registry.ssl.trustmanager.algorithm = PKIX
	schema.registry.ssl.truststore.certificates = null
	schema.registry.ssl.truststore.location = null
	schema.registry.ssl.truststore.password = null
	schema.registry.ssl.truststore.type = JKS
	schema.registry.url = [http://registry-app-mysql.apps.ci419.apicurio-testing.org:80/apis/ccompat/v7]
	schema.registry.url.randomize = false
	use.latest.version = false
	use.latest.with.metadata = null
	use.schema.id = -1
	value.schema.id.deserializer = class io.confluent.kafka.serializers.schema.id.DualSchemaIdDeserializer
	value.schema.id.serializer = class io.confluent.kafka.serializers.schema.id.PrefixSchemaIdSerializer
	value.subject.name.strategy = class io.confluent.kafka.serializers.subject.TopicNameStrategy

2025-09-03 13:57:57,597 INFO  [org.apa.kaf.cli.pro.KafkaProducer] (main) [Producer clientId=Producer-topic-6e3f6eaa_7c9b_41de_9230_85482c0dc22e] Instantiated an idempotent producer.
2025-09-03 13:57:57,598 INFO  [org.apa.kaf.cli.pro.ProducerConfig] (main) These configurations '[schema.registry.url, auto.register.schemas, value.subject.name.strategy]' were supplied but are not used yet.
2025-09-03 13:57:57,598 INFO  [org.apa.kaf.com.uti.AppInfoParser] (main) Kafka version: 3.9.1
2025-09-03 13:57:57,598 INFO  [org.apa.kaf.com.uti.AppInfoParser] (main) Kafka commitId: f745dfdcee2b9851
2025-09-03 13:57:57,598 INFO  [org.apa.kaf.com.uti.AppInfoParser] (main) Kafka startTimeMs: 1756907877598
2025-09-03 13:57:57,599 INFO  [io.api.tes.ser.api.KafkaSerdesTester] (ForkJoinPool.commonPool-worker-3) Sending message {"key1": "value-0"} to topic topic-6e3f6eaa_7c9b_41de_9230_85482c0dc22e
2025-09-03 13:57:57,601 INFO  [org.apa.kaf.cli.Metadata] (kafka-producer-network-thread | Producer-topic-6e3f6eaa_7c9b_41de_9230_85482c0dc22e) [Producer clientId=Producer-topic-6e3f6eaa_7c9b_41de_9230_85482c0dc22e] Cluster ID: idi4IAQcRfmNXWpL6PLRmQ
2025-09-03 13:57:57,601 INFO  [org.apa.kaf.cli.pro.int.TransactionManager] (kafka-producer-network-thread | Producer-topic-6e3f6eaa_7c9b_41de_9230_85482c0dc22e) [Producer clientId=Producer-topic-6e3f6eaa_7c9b_41de_9230_85482c0dc22e] ProducerId set to 55 with epoch 0
2025-09-03 13:57:57,640 INFO  [org.apa.kaf.cli.pro.KafkaProducer] (ForkJoinPool.commonPool-worker-3) [Producer clientId=Producer-topic-6e3f6eaa_7c9b_41de_9230_85482c0dc22e] Closing the Kafka producer with timeoutMillis = 9223372036854775807 ms.
2025-09-03 13:57:57,641 INFO  [org.apa.kaf.com.met.Metrics] (ForkJoinPool.commonPool-worker-3) Metrics scheduler closed
2025-09-03 13:57:57,641 INFO  [org.apa.kaf.com.met.Metrics] (ForkJoinPool.commonPool-worker-3) Closing reporter org.apache.kafka.common.metrics.JmxReporter
2025-09-03 13:57:57,641 INFO  [org.apa.kaf.com.met.Metrics] (ForkJoinPool.commonPool-worker-3) Closing reporter org.apache.kafka.common.telemetry.internals.ClientTelemetryReporter
2025-09-03 13:57:57,641 INFO  [org.apa.kaf.com.met.Metrics] (ForkJoinPool.commonPool-worker-3) Metrics reporters closed
2025-09-03 13:57:57,641 INFO  [org.apa.kaf.com.uti.AppInfoParser] (ForkJoinPool.commonPool-worker-3) App info kafka.producer for Producer-topic-6e3f6eaa_7c9b_41de_9230_85482c0dc22e unregistered
2025-09-03 13:57:57,707 INFO  [io.api.tes.ser.con.BasicConfluentSerDesIT] (main) Deleting confluent schema myrecordconfluent3
2025-09-03 13:57:57,750 INFO  [io.api.tes.uti.TestSeparator] (main) io.apicurio.tests.serdes.confluent.BasicConfluentSerDesIT.testAvroConfluentSerDesWrongStrategyTopic-FINISHED
2025-09-03 13:57:57,750 INFO  [io.api.tes.uti.TestSeparator] (main) ############################################################################
Test passed: testAvroConfluentSerDesWrongStrategyTopic
]]></system-out>
  </testcase>
  <testcase name="testAvroApicurioConfluent" classname="io.apicurio.tests.serdes.confluent.BasicConfluentSerDesIT" time="4.877">
    <system-out><![CDATA[2025-09-03 13:57:57,751 INFO  [io.api.tes.uti.TestSeparator] (main) ############################################################################
2025-09-03 13:57:57,751 INFO  [io.api.tes.uti.TestSeparator] (main) io.apicurio.tests.serdes.confluent.BasicConfluentSerDesIT.testAvroApicurioConfluent-STARTED
**** Registry Base URL: http://registry-app-mysql.apps.ci419.apicurio-testing.org:80
2025-09-03 13:57:58,851 INFO  [org.apa.kaf.cli.pro.ProducerConfig] (main) ProducerConfig values: 
	acks = -1
	auto.include.jmx.reporter = true
	batch.size = 16384
	bootstrap.servers = [PLAINTEXT://localhost:32769]
	buffer.memory = 33554432
	client.dns.lookup = use_all_dns_ips
	client.id = Producer-topic-731ea5aa_3fe5_4727_8015_2709ce9171cc
	compression.gzip.level = -1
	compression.lz4.level = 9
	compression.type = none
	compression.zstd.level = 3
	connections.max.idle.ms = 10000
	delivery.timeout.ms = 120000
	enable.idempotence = true
	enable.metrics.push = true
	interceptor.classes = []
	key.serializer = class org.apache.kafka.common.serialization.StringSerializer
	linger.ms = 0
	max.block.ms = 60000
	max.in.flight.requests.per.connection = 5
	max.request.size = 1048576
	metadata.max.age.ms = 300000
	metadata.max.idle.ms = 300000
	metadata.recovery.strategy = none
	metric.reporters = []
	metrics.num.samples = 2
	metrics.recording.level = INFO
	metrics.sample.window.ms = 30000
	partitioner.adaptive.partitioning.enable = true
	partitioner.availability.timeout.ms = 0
	partitioner.class = null
	partitioner.ignore.keys = false
	receive.buffer.bytes = 32768
	reconnect.backoff.max.ms = 1000
	reconnect.backoff.ms = 50
	request.timeout.ms = 5000
	retries = 2147483647
	retry.backoff.max.ms = 1000
	retry.backoff.ms = 100
	sasl.client.callback.handler.class = null
	sasl.jaas.config = null
	sasl.kerberos.kinit.cmd = /usr/bin/kinit
	sasl.kerberos.min.time.before.relogin = 60000
	sasl.kerberos.service.name = null
	sasl.kerberos.ticket.renew.jitter = 0.05
	sasl.kerberos.ticket.renew.window.factor = 0.8
	sasl.login.callback.handler.class = null
	sasl.login.class = null
	sasl.login.connect.timeout.ms = null
	sasl.login.read.timeout.ms = null
	sasl.login.refresh.buffer.seconds = 300
	sasl.login.refresh.min.period.seconds = 60
	sasl.login.refresh.window.factor = 0.8
	sasl.login.refresh.window.jitter = 0.05
	sasl.login.retry.backoff.max.ms = 10000
	sasl.login.retry.backoff.ms = 100
	sasl.mechanism = GSSAPI
	sasl.oauthbearer.clock.skew.seconds = 30
	sasl.oauthbearer.expected.audience = null
	sasl.oauthbearer.expected.issuer = null
	sasl.oauthbearer.header.urlencode = false
	sasl.oauthbearer.jwks.endpoint.refresh.ms = 3600000
	sasl.oauthbearer.jwks.endpoint.retry.backoff.max.ms = 10000
	sasl.oauthbearer.jwks.endpoint.retry.backoff.ms = 100
	sasl.oauthbearer.jwks.endpoint.url = null
	sasl.oauthbearer.scope.claim.name = scope
	sasl.oauthbearer.sub.claim.name = sub
	sasl.oauthbearer.token.endpoint.url = null
	security.protocol = PLAINTEXT
	security.providers = null
	send.buffer.bytes = 131072
	socket.connection.setup.timeout.max.ms = 30000
	socket.connection.setup.timeout.ms = 10000
	ssl.cipher.suites = null
	ssl.enabled.protocols = [TLSv1.2, TLSv1.3]
	ssl.endpoint.identification.algorithm = https
	ssl.engine.factory.class = null
	ssl.key.password = null
	ssl.keymanager.algorithm = SunX509
	ssl.keystore.certificate.chain = null
	ssl.keystore.key = null
	ssl.keystore.location = null
	ssl.keystore.password = null
	ssl.keystore.type = JKS
	ssl.protocol = TLSv1.3
	ssl.provider = null
	ssl.secure.random.implementation = null
	ssl.trustmanager.algorithm = PKIX
	ssl.truststore.certificates = null
	ssl.truststore.location = null
	ssl.truststore.password = null
	ssl.truststore.type = JKS
	transaction.timeout.ms = 60000
	transactional.id = null
	value.serializer = class io.apicurio.registry.serde.avro.AvroKafkaSerializer

2025-09-03 13:57:58,852 INFO  [org.apa.kaf.com.tel.int.KafkaMetricsCollector] (main) initializing Kafka metrics collector
2025-09-03 13:57:58,854 INFO  [org.apa.kaf.cli.pro.KafkaProducer] (main) [Producer clientId=Producer-topic-731ea5aa_3fe5_4727_8015_2709ce9171cc] Instantiated an idempotent producer.
2025-09-03 13:57:58,855 INFO  [org.apa.kaf.cli.pro.ProducerConfig] (main) These configurations '[apicurio.registry.url, apicurio.registry.artifact-resolver-strategy]' were supplied but are not used yet.
2025-09-03 13:57:58,855 INFO  [org.apa.kaf.com.uti.AppInfoParser] (main) Kafka version: 3.9.1
2025-09-03 13:57:58,855 INFO  [org.apa.kaf.com.uti.AppInfoParser] (main) Kafka commitId: f745dfdcee2b9851
2025-09-03 13:57:58,855 INFO  [org.apa.kaf.com.uti.AppInfoParser] (main) Kafka startTimeMs: 1756907878855
2025-09-03 13:57:58,855 INFO  [io.api.tes.ser.api.SimpleSerdesTesterBuilder$SimpleSerdesTester] (main) Using producer configuration: {apicurio.registry.url=http://registry-app-mysql.apps.ci419.apicurio-testing.org:80/apis/registry/v3, apicurio.registry.artifact-resolver-strategy=io.apicurio.registry.serde.strategy.TopicIdStrategy, value.serializer=io.apicurio.registry.serde.avro.AvroKafkaSerializer, request.timeout.ms=5000, acks=all, bootstrap.servers=PLAINTEXT://localhost:32769, connections.max.idle.ms=10000, key.serializer=org.apache.kafka.common.serialization.StringSerializer, client.id=Producer-topic-731ea5aa_3fe5_4727_8015_2709ce9171cc}
2025-09-03 13:57:58,855 INFO  [io.api.tes.ser.api.SimpleSerdesTesterBuilder$SimpleSerdesTester] (main) Using consumer configuration: {}
2025-09-03 13:57:58,855 INFO  [io.api.tes.ser.api.KafkaSerdesTester] (ForkJoinPool.commonPool-worker-3) Sending message {"key1": "value-0"} to topic topic-731ea5aa_3fe5_4727_8015_2709ce9171cc
2025-09-03 13:57:58,857 INFO  [org.apa.kaf.cli.Metadata] (kafka-producer-network-thread | Producer-topic-731ea5aa_3fe5_4727_8015_2709ce9171cc) [Producer clientId=Producer-topic-731ea5aa_3fe5_4727_8015_2709ce9171cc] Cluster ID: idi4IAQcRfmNXWpL6PLRmQ
2025-09-03 13:57:58,857 INFO  [org.apa.kaf.cli.pro.int.TransactionManager] (kafka-producer-network-thread | Producer-topic-731ea5aa_3fe5_4727_8015_2709ce9171cc) [Producer clientId=Producer-topic-731ea5aa_3fe5_4727_8015_2709ce9171cc] ProducerId set to 56 with epoch 0
2025-09-03 13:57:58,857 INFO  [DefaultSchemaResolver] (ForkJoinPool.commonPool-worker-3) Retrieving schema content using string: {"type":"record","name":"myrecordconfluent1","fields":[{"name":"key1","type":"string"}]}
2025-09-03 13:57:58,944 INFO  [io.api.tes.ser.api.KafkaSerdesTester] (ForkJoinPool.commonPool-worker-3) Sending message {"key1": "value-1"} to topic topic-731ea5aa_3fe5_4727_8015_2709ce9171cc
2025-09-03 13:57:58,945 INFO  [io.api.tes.ser.api.KafkaSerdesTester] (ForkJoinPool.commonPool-worker-3) Sending message {"key1": "value-2"} to topic topic-731ea5aa_3fe5_4727_8015_2709ce9171cc
2025-09-03 13:57:58,946 INFO  [io.api.tes.ser.api.KafkaSerdesTester] (ForkJoinPool.commonPool-worker-3) Sending message {"key1": "value-3"} to topic topic-731ea5aa_3fe5_4727_8015_2709ce9171cc
2025-09-03 13:57:58,947 INFO  [io.api.tes.ser.api.KafkaSerdesTester] (ForkJoinPool.commonPool-worker-3) Sending message {"key1": "value-4"} to topic topic-731ea5aa_3fe5_4727_8015_2709ce9171cc
2025-09-03 13:57:58,948 INFO  [io.api.tes.ser.api.KafkaSerdesTester] (ForkJoinPool.commonPool-worker-3) Sending message {"key1": "value-5"} to topic topic-731ea5aa_3fe5_4727_8015_2709ce9171cc
2025-09-03 13:57:58,948 INFO  [io.api.tes.ser.api.KafkaSerdesTester] (ForkJoinPool.commonPool-worker-3) Sending message {"key1": "value-6"} to topic topic-731ea5aa_3fe5_4727_8015_2709ce9171cc
2025-09-03 13:57:58,949 INFO  [io.api.tes.ser.api.KafkaSerdesTester] (ForkJoinPool.commonPool-worker-3) Sending message {"key1": "value-7"} to topic topic-731ea5aa_3fe5_4727_8015_2709ce9171cc
2025-09-03 13:57:58,950 INFO  [io.api.tes.ser.api.KafkaSerdesTester] (ForkJoinPool.commonPool-worker-3) Sending message {"key1": "value-8"} to topic topic-731ea5aa_3fe5_4727_8015_2709ce9171cc
2025-09-03 13:57:58,951 INFO  [io.api.tes.ser.api.KafkaSerdesTester] (ForkJoinPool.commonPool-worker-3) Sending message {"key1": "value-9"} to topic topic-731ea5aa_3fe5_4727_8015_2709ce9171cc
2025-09-03 13:57:58,951 INFO  [io.api.tes.ser.api.KafkaSerdesTester] (ForkJoinPool.commonPool-worker-3) Produced 10 messages
2025-09-03 13:57:58,951 INFO  [org.apa.kaf.cli.pro.KafkaProducer] (ForkJoinPool.commonPool-worker-3) [Producer clientId=Producer-topic-731ea5aa_3fe5_4727_8015_2709ce9171cc] Closing the Kafka producer with timeoutMillis = 9223372036854775807 ms.
2025-09-03 13:57:58,952 INFO  [org.apa.kaf.com.met.Metrics] (ForkJoinPool.commonPool-worker-3) Metrics scheduler closed
2025-09-03 13:57:58,953 INFO  [org.apa.kaf.com.met.Metrics] (ForkJoinPool.commonPool-worker-3) Closing reporter org.apache.kafka.common.metrics.JmxReporter
2025-09-03 13:57:58,953 INFO  [org.apa.kaf.com.met.Metrics] (ForkJoinPool.commonPool-worker-3) Closing reporter org.apache.kafka.common.telemetry.internals.ClientTelemetryReporter
2025-09-03 13:57:58,953 INFO  [org.apa.kaf.com.met.Metrics] (ForkJoinPool.commonPool-worker-3) Metrics reporters closed
2025-09-03 13:57:58,953 INFO  [org.apa.kaf.com.uti.AppInfoParser] (ForkJoinPool.commonPool-worker-3) App info kafka.producer for Producer-topic-731ea5aa_3fe5_4727_8015_2709ce9171cc unregistered
**** Registry Base URL: http://registry-app-mysql.apps.ci419.apicurio-testing.org:80
2025-09-03 13:57:58,953 INFO  [org.apa.kaf.cli.con.ConsumerConfig] (main) ConsumerConfig values: 
	allow.auto.create.topics = true
	auto.commit.interval.ms = 500
	auto.include.jmx.reporter = true
	auto.offset.reset = earliest
	bootstrap.servers = [PLAINTEXT://localhost:32769]
	check.crcs = true
	client.dns.lookup = use_all_dns_ips
	client.id = consumer-Consumer-topic-731ea5aa_3fe5_4727_8015_2709ce9171cc-42
	client.rack = 
	connections.max.idle.ms = 10000
	default.api.timeout.ms = 60000
	enable.auto.commit = true
	enable.metrics.push = true
	exclude.internal.topics = true
	fetch.max.bytes = 52428800
	fetch.max.wait.ms = 500
	fetch.min.bytes = 1
	group.id = Consumer-topic-731ea5aa_3fe5_4727_8015_2709ce9171cc
	group.instance.id = null
	group.protocol = classic
	group.remote.assignor = null
	heartbeat.interval.ms = 3000
	interceptor.classes = []
	internal.leave.group.on.close = true
	internal.throw.on.fetch.stable.offset.unsupported = false
	isolation.level = read_uncommitted
	key.deserializer = class org.apache.kafka.common.serialization.StringDeserializer
	max.partition.fetch.bytes = 1048576
	max.poll.interval.ms = 300000
	max.poll.records = 500
	metadata.max.age.ms = 300000
	metadata.recovery.strategy = none
	metric.reporters = []
	metrics.num.samples = 2
	metrics.recording.level = INFO
	metrics.sample.window.ms = 30000
	partition.assignment.strategy = [class org.apache.kafka.clients.consumer.RangeAssignor, class org.apache.kafka.clients.consumer.CooperativeStickyAssignor]
	receive.buffer.bytes = 65536
	reconnect.backoff.max.ms = 1000
	reconnect.backoff.ms = 50
	request.timeout.ms = 5000
	retry.backoff.max.ms = 1000
	retry.backoff.ms = 100
	sasl.client.callback.handler.class = null
	sasl.jaas.config = null
	sasl.kerberos.kinit.cmd = /usr/bin/kinit
	sasl.kerberos.min.time.before.relogin = 60000
	sasl.kerberos.service.name = null
	sasl.kerberos.ticket.renew.jitter = 0.05
	sasl.kerberos.ticket.renew.window.factor = 0.8
	sasl.login.callback.handler.class = null
	sasl.login.class = null
	sasl.login.connect.timeout.ms = null
	sasl.login.read.timeout.ms = null
	sasl.login.refresh.buffer.seconds = 300
	sasl.login.refresh.min.period.seconds = 60
	sasl.login.refresh.window.factor = 0.8
	sasl.login.refresh.window.jitter = 0.05
	sasl.login.retry.backoff.max.ms = 10000
	sasl.login.retry.backoff.ms = 100
	sasl.mechanism = GSSAPI
	sasl.oauthbearer.clock.skew.seconds = 30
	sasl.oauthbearer.expected.audience = null
	sasl.oauthbearer.expected.issuer = null
	sasl.oauthbearer.header.urlencode = false
	sasl.oauthbearer.jwks.endpoint.refresh.ms = 3600000
	sasl.oauthbearer.jwks.endpoint.retry.backoff.max.ms = 10000
	sasl.oauthbearer.jwks.endpoint.retry.backoff.ms = 100
	sasl.oauthbearer.jwks.endpoint.url = null
	sasl.oauthbearer.scope.claim.name = scope
	sasl.oauthbearer.sub.claim.name = sub
	sasl.oauthbearer.token.endpoint.url = null
	security.protocol = PLAINTEXT
	security.providers = null
	send.buffer.bytes = 131072
	session.timeout.ms = 45000
	socket.connection.setup.timeout.max.ms = 30000
	socket.connection.setup.timeout.ms = 10000
	ssl.cipher.suites = null
	ssl.enabled.protocols = [TLSv1.2, TLSv1.3]
	ssl.endpoint.identification.algorithm = https
	ssl.engine.factory.class = null
	ssl.key.password = null
	ssl.keymanager.algorithm = SunX509
	ssl.keystore.certificate.chain = null
	ssl.keystore.key = null
	ssl.keystore.location = null
	ssl.keystore.password = null
	ssl.keystore.type = JKS
	ssl.protocol = TLSv1.3
	ssl.provider = null
	ssl.secure.random.implementation = null
	ssl.trustmanager.algorithm = PKIX
	ssl.truststore.certificates = null
	ssl.truststore.location = null
	ssl.truststore.password = null
	ssl.truststore.type = JKS
	value.deserializer = class io.confluent.kafka.serializers.KafkaAvroDeserializer

2025-09-03 13:57:58,953 INFO  [org.apa.kaf.com.tel.int.KafkaMetricsCollector] (main) initializing Kafka metrics collector
2025-09-03 13:57:58,954 INFO  [io.con.kaf.ser.KafkaAvroDeserializerConfig] (main) KafkaAvroDeserializerConfig values: 
	auto.register.schemas = true
	avro.reflection.allow.null = false
	avro.use.logical.type.converters = false
	basic.auth.credentials.source = URL
	basic.auth.user.info = [hidden]
	bearer.auth.cache.expiry.buffer.seconds = 300
	bearer.auth.client.id = null
	bearer.auth.client.secret = null
	bearer.auth.credentials.source = STATIC_TOKEN
	bearer.auth.custom.provider.class = null
	bearer.auth.identity.pool.id = null
	bearer.auth.issuer.endpoint.url = null
	bearer.auth.logical.cluster = null
	bearer.auth.scope = null
	bearer.auth.scope.claim.name = scope
	bearer.auth.sub.claim.name = sub
	bearer.auth.token = [hidden]
	context.name.strategy = class io.confluent.kafka.serializers.context.NullContextNameStrategy
	http.connect.timeout.ms = 60000
	http.read.timeout.ms = 60000
	id.compatibility.strict = true
	key.schema.id.deserializer = class io.confluent.kafka.serializers.schema.id.DualSchemaIdDeserializer
	key.schema.id.serializer = class io.confluent.kafka.serializers.schema.id.PrefixSchemaIdSerializer
	key.subject.name.strategy = class io.confluent.kafka.serializers.subject.TopicNameStrategy
	latest.cache.size = 1000
	latest.cache.ttl.sec = -1
	latest.compatibility.strict = true
	max.retries = 3
	max.schemas.per.subject = 1000
	normalize.schemas = false
	propagate.schema.tags = false
	proxy.host = 
	proxy.port = -1
	retries.max.wait.ms = 20000
	retries.wait.ms = 1000
	rule.actions = []
	rule.executors = []
	rule.service.loader.enable = true
	schema.format = null
	schema.reflection = false
	schema.registry.basic.auth.user.info = [hidden]
	schema.registry.ssl.cipher.suites = null
	schema.registry.ssl.enabled.protocols = [TLSv1.2, TLSv1.3]
	schema.registry.ssl.endpoint.identification.algorithm = https
	schema.registry.ssl.engine.factory.class = null
	schema.registry.ssl.key.password = null
	schema.registry.ssl.keymanager.algorithm = SunX509
	schema.registry.ssl.keystore.certificate.chain = null
	schema.registry.ssl.keystore.key = null
	schema.registry.ssl.keystore.location = null
	schema.registry.ssl.keystore.password = null
	schema.registry.ssl.keystore.type = JKS
	schema.registry.ssl.protocol = TLSv1.3
	schema.registry.ssl.provider = null
	schema.registry.ssl.secure.random.implementation = null
	schema.registry.ssl.trustmanager.algorithm = PKIX
	schema.registry.ssl.truststore.certificates = null
	schema.registry.ssl.truststore.location = null
	schema.registry.ssl.truststore.password = null
	schema.registry.ssl.truststore.type = JKS
	schema.registry.url = [http://registry-app-mysql.apps.ci419.apicurio-testing.org:80/apis/ccompat/v7]
	schema.registry.url.randomize = false
	specific.avro.key.type = null
	specific.avro.reader = false
	specific.avro.value.type = null
	use.latest.version = false
	use.latest.with.metadata = null
	use.schema.id = -1
	value.schema.id.deserializer = class io.confluent.kafka.serializers.schema.id.DualSchemaIdDeserializer
	value.schema.id.serializer = class io.confluent.kafka.serializers.schema.id.PrefixSchemaIdSerializer
	value.subject.name.strategy = class io.confluent.kafka.serializers.subject.TopicNameStrategy

2025-09-03 13:57:58,957 INFO  [org.apa.kaf.cli.con.ConsumerConfig] (main) These configurations '[schema.registry.url]' were supplied but are not used yet.
2025-09-03 13:57:58,957 INFO  [org.apa.kaf.com.uti.AppInfoParser] (main) Kafka version: 3.9.1
2025-09-03 13:57:58,957 INFO  [org.apa.kaf.com.uti.AppInfoParser] (main) Kafka commitId: f745dfdcee2b9851
2025-09-03 13:57:58,957 INFO  [org.apa.kaf.com.uti.AppInfoParser] (main) Kafka startTimeMs: 1756907878957
2025-09-03 13:57:58,957 INFO  [org.apa.kaf.cli.con.int.ClassicKafkaConsumer] (ForkJoinPool.commonPool-worker-3) [Consumer clientId=consumer-Consumer-topic-731ea5aa_3fe5_4727_8015_2709ce9171cc-42, groupId=Consumer-topic-731ea5aa_3fe5_4727_8015_2709ce9171cc] Subscribed to topic(s): topic-731ea5aa_3fe5_4727_8015_2709ce9171cc
2025-09-03 13:57:58,960 INFO  [org.apa.kaf.cli.Metadata] (ForkJoinPool.commonPool-worker-3) [Consumer clientId=consumer-Consumer-topic-731ea5aa_3fe5_4727_8015_2709ce9171cc-42, groupId=Consumer-topic-731ea5aa_3fe5_4727_8015_2709ce9171cc] Cluster ID: idi4IAQcRfmNXWpL6PLRmQ
2025-09-03 13:57:58,960 INFO  [org.apa.kaf.cli.con.int.ConsumerCoordinator] (ForkJoinPool.commonPool-worker-3) [Consumer clientId=consumer-Consumer-topic-731ea5aa_3fe5_4727_8015_2709ce9171cc-42, groupId=Consumer-topic-731ea5aa_3fe5_4727_8015_2709ce9171cc] Discovered group coordinator localhost:32769 (id: 2147483647 rack: null)
2025-09-03 13:57:58,961 INFO  [org.apa.kaf.cli.con.int.ConsumerCoordinator] (ForkJoinPool.commonPool-worker-3) [Consumer clientId=consumer-Consumer-topic-731ea5aa_3fe5_4727_8015_2709ce9171cc-42, groupId=Consumer-topic-731ea5aa_3fe5_4727_8015_2709ce9171cc] (Re-)joining group
2025-09-03 13:57:58,962 INFO  [org.apa.kaf.cli.con.int.ConsumerCoordinator] (ForkJoinPool.commonPool-worker-3) [Consumer clientId=consumer-Consumer-topic-731ea5aa_3fe5_4727_8015_2709ce9171cc-42, groupId=Consumer-topic-731ea5aa_3fe5_4727_8015_2709ce9171cc] Request joining group due to: need to re-join with the given member-id: consumer-Consumer-topic-731ea5aa_3fe5_4727_8015_2709ce9171cc-42-aef872ef-eb99-4ab9-8dab-ace01d165cbe
2025-09-03 13:57:58,962 INFO  [org.apa.kaf.cli.con.int.ConsumerCoordinator] (ForkJoinPool.commonPool-worker-3) [Consumer clientId=consumer-Consumer-topic-731ea5aa_3fe5_4727_8015_2709ce9171cc-42, groupId=Consumer-topic-731ea5aa_3fe5_4727_8015_2709ce9171cc] (Re-)joining group
2025-09-03 13:57:59,957 INFO  [io.api.tes.ser.api.KafkaSerdesTester] (ForkJoinPool.commonPool-worker-3) None found
2025-09-03 13:58:00,957 INFO  [io.api.tes.ser.api.KafkaSerdesTester] (ForkJoinPool.commonPool-worker-3) None found
2025-09-03 13:58:01,958 INFO  [io.api.tes.ser.api.KafkaSerdesTester] (ForkJoinPool.commonPool-worker-3) None found
2025-09-03 13:58:01,963 INFO  [org.apa.kaf.cli.con.int.ConsumerCoordinator] (ForkJoinPool.commonPool-worker-3) [Consumer clientId=consumer-Consumer-topic-731ea5aa_3fe5_4727_8015_2709ce9171cc-42, groupId=Consumer-topic-731ea5aa_3fe5_4727_8015_2709ce9171cc] Successfully joined group with generation Generation{generationId=1, memberId='consumer-Consumer-topic-731ea5aa_3fe5_4727_8015_2709ce9171cc-42-aef872ef-eb99-4ab9-8dab-ace01d165cbe', protocol='range'}
2025-09-03 13:58:01,963 INFO  [org.apa.kaf.cli.con.int.ConsumerCoordinator] (ForkJoinPool.commonPool-worker-3) [Consumer clientId=consumer-Consumer-topic-731ea5aa_3fe5_4727_8015_2709ce9171cc-42, groupId=Consumer-topic-731ea5aa_3fe5_4727_8015_2709ce9171cc] Finished assignment for group at generation 1: {consumer-Consumer-topic-731ea5aa_3fe5_4727_8015_2709ce9171cc-42-aef872ef-eb99-4ab9-8dab-ace01d165cbe=Assignment(partitions=[topic-731ea5aa_3fe5_4727_8015_2709ce9171cc-0])}
2025-09-03 13:58:01,969 INFO  [org.apa.kaf.cli.con.int.ConsumerCoordinator] (ForkJoinPool.commonPool-worker-3) [Consumer clientId=consumer-Consumer-topic-731ea5aa_3fe5_4727_8015_2709ce9171cc-42, groupId=Consumer-topic-731ea5aa_3fe5_4727_8015_2709ce9171cc] Successfully synced group in generation Generation{generationId=1, memberId='consumer-Consumer-topic-731ea5aa_3fe5_4727_8015_2709ce9171cc-42-aef872ef-eb99-4ab9-8dab-ace01d165cbe', protocol='range'}
2025-09-03 13:58:01,970 INFO  [org.apa.kaf.cli.con.int.ConsumerCoordinator] (ForkJoinPool.commonPool-worker-3) [Consumer clientId=consumer-Consumer-topic-731ea5aa_3fe5_4727_8015_2709ce9171cc-42, groupId=Consumer-topic-731ea5aa_3fe5_4727_8015_2709ce9171cc] Notifying assignor about the new Assignment(partitions=[topic-731ea5aa_3fe5_4727_8015_2709ce9171cc-0])
2025-09-03 13:58:01,970 INFO  [org.apa.kaf.cli.con.int.ConsumerRebalanceListenerInvoker] (ForkJoinPool.commonPool-worker-3) [Consumer clientId=consumer-Consumer-topic-731ea5aa_3fe5_4727_8015_2709ce9171cc-42, groupId=Consumer-topic-731ea5aa_3fe5_4727_8015_2709ce9171cc] Adding newly assigned partitions: topic-731ea5aa_3fe5_4727_8015_2709ce9171cc-0
2025-09-03 13:58:01,970 INFO  [org.apa.kaf.cli.con.int.ConsumerCoordinator] (ForkJoinPool.commonPool-worker-3) [Consumer clientId=consumer-Consumer-topic-731ea5aa_3fe5_4727_8015_2709ce9171cc-42, groupId=Consumer-topic-731ea5aa_3fe5_4727_8015_2709ce9171cc] Found no committed offset for partition topic-731ea5aa_3fe5_4727_8015_2709ce9171cc-0
2025-09-03 13:58:01,972 INFO  [org.apa.kaf.cli.con.int.SubscriptionState] (ForkJoinPool.commonPool-worker-3) [Consumer clientId=consumer-Consumer-topic-731ea5aa_3fe5_4727_8015_2709ce9171cc-42, groupId=Consumer-topic-731ea5aa_3fe5_4727_8015_2709ce9171cc] Resetting offset for partition topic-731ea5aa_3fe5_4727_8015_2709ce9171cc-0 to position FetchPosition{offset=0, offsetEpoch=Optional.empty, currentLeader=LeaderAndEpoch{leader=Optional[localhost:32769 (id: 0 rack: null)], epoch=0}}.
2025-09-03 13:58:02,009 INFO  [io.api.tes.ser.api.KafkaSerdesTester] (ForkJoinPool.commonPool-worker-3) topic-731ea5aa_3fe5_4727_8015_2709ce9171cc 0 0 {"key1": "value-0"}
2025-09-03 13:58:02,009 INFO  [io.api.tes.ser.api.KafkaSerdesTester] (ForkJoinPool.commonPool-worker-3) topic-731ea5aa_3fe5_4727_8015_2709ce9171cc 0 1 {"key1": "value-1"}
2025-09-03 13:58:02,009 INFO  [io.api.tes.ser.api.KafkaSerdesTester] (ForkJoinPool.commonPool-worker-3) topic-731ea5aa_3fe5_4727_8015_2709ce9171cc 0 2 {"key1": "value-2"}
2025-09-03 13:58:02,009 INFO  [io.api.tes.ser.api.KafkaSerdesTester] (ForkJoinPool.commonPool-worker-3) topic-731ea5aa_3fe5_4727_8015_2709ce9171cc 0 3 {"key1": "value-3"}
2025-09-03 13:58:02,009 INFO  [io.api.tes.ser.api.KafkaSerdesTester] (ForkJoinPool.commonPool-worker-3) topic-731ea5aa_3fe5_4727_8015_2709ce9171cc 0 4 {"key1": "value-4"}
2025-09-03 13:58:02,009 INFO  [io.api.tes.ser.api.KafkaSerdesTester] (ForkJoinPool.commonPool-worker-3) topic-731ea5aa_3fe5_4727_8015_2709ce9171cc 0 5 {"key1": "value-5"}
2025-09-03 13:58:02,009 INFO  [io.api.tes.ser.api.KafkaSerdesTester] (ForkJoinPool.commonPool-worker-3) topic-731ea5aa_3fe5_4727_8015_2709ce9171cc 0 6 {"key1": "value-6"}
2025-09-03 13:58:02,009 INFO  [io.api.tes.ser.api.KafkaSerdesTester] (ForkJoinPool.commonPool-worker-3) topic-731ea5aa_3fe5_4727_8015_2709ce9171cc 0 7 {"key1": "value-7"}
2025-09-03 13:58:02,009 INFO  [io.api.tes.ser.api.KafkaSerdesTester] (ForkJoinPool.commonPool-worker-3) topic-731ea5aa_3fe5_4727_8015_2709ce9171cc 0 8 {"key1": "value-8"}
2025-09-03 13:58:02,009 INFO  [io.api.tes.ser.api.KafkaSerdesTester] (ForkJoinPool.commonPool-worker-3) topic-731ea5aa_3fe5_4727_8015_2709ce9171cc 0 9 {"key1": "value-9"}
2025-09-03 13:58:02,009 INFO  [io.api.tes.ser.api.KafkaSerdesTester] (ForkJoinPool.commonPool-worker-3) Consumed 10 messages
2025-09-03 13:58:02,015 INFO  [org.apa.kaf.cli.con.int.ConsumerRebalanceListenerInvoker] (ForkJoinPool.commonPool-worker-3) [Consumer clientId=consumer-Consumer-topic-731ea5aa_3fe5_4727_8015_2709ce9171cc-42, groupId=Consumer-topic-731ea5aa_3fe5_4727_8015_2709ce9171cc] Revoke previously assigned partitions topic-731ea5aa_3fe5_4727_8015_2709ce9171cc-0
2025-09-03 13:58:02,015 INFO  [org.apa.kaf.cli.con.int.ConsumerCoordinator] (ForkJoinPool.commonPool-worker-3) [Consumer clientId=consumer-Consumer-topic-731ea5aa_3fe5_4727_8015_2709ce9171cc-42, groupId=Consumer-topic-731ea5aa_3fe5_4727_8015_2709ce9171cc] Member consumer-Consumer-topic-731ea5aa_3fe5_4727_8015_2709ce9171cc-42-aef872ef-eb99-4ab9-8dab-ace01d165cbe sending LeaveGroup request to coordinator localhost:32769 (id: 2147483647 rack: null) due to the consumer is being closed
2025-09-03 13:58:02,015 INFO  [org.apa.kaf.cli.con.int.ConsumerCoordinator] (ForkJoinPool.commonPool-worker-3) [Consumer clientId=consumer-Consumer-topic-731ea5aa_3fe5_4727_8015_2709ce9171cc-42, groupId=Consumer-topic-731ea5aa_3fe5_4727_8015_2709ce9171cc] Resetting generation and member id due to: consumer pro-actively leaving the group
2025-09-03 13:58:02,015 INFO  [org.apa.kaf.cli.con.int.ConsumerCoordinator] (ForkJoinPool.commonPool-worker-3) [Consumer clientId=consumer-Consumer-topic-731ea5aa_3fe5_4727_8015_2709ce9171cc-42, groupId=Consumer-topic-731ea5aa_3fe5_4727_8015_2709ce9171cc] Request joining group due to: consumer pro-actively leaving the group
2025-09-03 13:58:02,510 INFO  [org.apa.kaf.com.met.Metrics] (ForkJoinPool.commonPool-worker-3) Metrics scheduler closed
2025-09-03 13:58:02,510 INFO  [org.apa.kaf.com.met.Metrics] (ForkJoinPool.commonPool-worker-3) Closing reporter org.apache.kafka.common.metrics.JmxReporter
2025-09-03 13:58:02,510 INFO  [org.apa.kaf.com.met.Metrics] (ForkJoinPool.commonPool-worker-3) Closing reporter org.apache.kafka.common.telemetry.internals.ClientTelemetryReporter
2025-09-03 13:58:02,510 INFO  [org.apa.kaf.com.met.Metrics] (ForkJoinPool.commonPool-worker-3) Metrics reporters closed
2025-09-03 13:58:02,511 INFO  [org.apa.kaf.com.uti.AppInfoParser] (ForkJoinPool.commonPool-worker-3) App info kafka.consumer for consumer-Consumer-topic-731ea5aa_3fe5_4727_8015_2709ce9171cc-42 unregistered
2025-09-03 13:58:02,578 INFO  [io.api.tes.ser.con.BasicConfluentSerDesIT] (main) Deleting confluent schema topic-731ea5aa_3fe5_4727_8015_2709ce9171cc-value
2025-09-03 13:58:02,626 INFO  [io.api.tes.uti.TestSeparator] (main) io.apicurio.tests.serdes.confluent.BasicConfluentSerDesIT.testAvroApicurioConfluent-FINISHED
2025-09-03 13:58:02,626 INFO  [io.api.tes.uti.TestSeparator] (main) ############################################################################
Test passed: testAvroApicurioConfluent
]]></system-out>
  </testcase>
  <testcase name="testAvroConfluentSerDesFail" classname="io.apicurio.tests.serdes.confluent.BasicConfluentSerDesIT" time="0.285">
    <system-out><![CDATA[2025-09-03 13:58:02,627 INFO  [io.api.tes.uti.TestSeparator] (main) ############################################################################
2025-09-03 13:58:02,627 INFO  [io.api.tes.uti.TestSeparator] (main) io.apicurio.tests.serdes.confluent.BasicConfluentSerDesIT.testAvroConfluentSerDesFail-STARTED
2025-09-03 13:58:02,717 INFO  [io.api.tes.ser.con.BasicConfluentSerDesIT] (main) Checking that created schema is equal to the get schema
2025-09-03 13:58:02,754 INFO  [io.api.tes.ser.con.BasicConfluentSerDesIT] (main) Created schema with id:116 and name:myrecordconfluent2
**** Registry Base URL: http://registry-app-mysql.apps.ci419.apicurio-testing.org:80
2025-09-03 13:58:02,755 INFO  [org.apa.kaf.cli.pro.ProducerConfig] (main) ProducerConfig values: 
	acks = -1
	auto.include.jmx.reporter = true
	batch.size = 16384
	bootstrap.servers = [PLAINTEXT://localhost:32769]
	buffer.memory = 33554432
	client.dns.lookup = use_all_dns_ips
	client.id = Producer-topic-2f05d397_dbc6_4821_905a_47317336cad4
	compression.gzip.level = -1
	compression.lz4.level = 9
	compression.type = none
	compression.zstd.level = 3
	connections.max.idle.ms = 10000
	delivery.timeout.ms = 120000
	enable.idempotence = true
	enable.metrics.push = true
	interceptor.classes = []
	key.serializer = class org.apache.kafka.common.serialization.StringSerializer
	linger.ms = 0
	max.block.ms = 60000
	max.in.flight.requests.per.connection = 5
	max.request.size = 1048576
	metadata.max.age.ms = 300000
	metadata.max.idle.ms = 300000
	metadata.recovery.strategy = none
	metric.reporters = []
	metrics.num.samples = 2
	metrics.recording.level = INFO
	metrics.sample.window.ms = 30000
	partitioner.adaptive.partitioning.enable = true
	partitioner.availability.timeout.ms = 0
	partitioner.class = null
	partitioner.ignore.keys = false
	receive.buffer.bytes = 32768
	reconnect.backoff.max.ms = 1000
	reconnect.backoff.ms = 50
	request.timeout.ms = 5000
	retries = 2147483647
	retry.backoff.max.ms = 1000
	retry.backoff.ms = 100
	sasl.client.callback.handler.class = null
	sasl.jaas.config = null
	sasl.kerberos.kinit.cmd = /usr/bin/kinit
	sasl.kerberos.min.time.before.relogin = 60000
	sasl.kerberos.service.name = null
	sasl.kerberos.ticket.renew.jitter = 0.05
	sasl.kerberos.ticket.renew.window.factor = 0.8
	sasl.login.callback.handler.class = null
	sasl.login.class = null
	sasl.login.connect.timeout.ms = null
	sasl.login.read.timeout.ms = null
	sasl.login.refresh.buffer.seconds = 300
	sasl.login.refresh.min.period.seconds = 60
	sasl.login.refresh.window.factor = 0.8
	sasl.login.refresh.window.jitter = 0.05
	sasl.login.retry.backoff.max.ms = 10000
	sasl.login.retry.backoff.ms = 100
	sasl.mechanism = GSSAPI
	sasl.oauthbearer.clock.skew.seconds = 30
	sasl.oauthbearer.expected.audience = null
	sasl.oauthbearer.expected.issuer = null
	sasl.oauthbearer.header.urlencode = false
	sasl.oauthbearer.jwks.endpoint.refresh.ms = 3600000
	sasl.oauthbearer.jwks.endpoint.retry.backoff.max.ms = 10000
	sasl.oauthbearer.jwks.endpoint.retry.backoff.ms = 100
	sasl.oauthbearer.jwks.endpoint.url = null
	sasl.oauthbearer.scope.claim.name = scope
	sasl.oauthbearer.sub.claim.name = sub
	sasl.oauthbearer.token.endpoint.url = null
	security.protocol = PLAINTEXT
	security.providers = null
	send.buffer.bytes = 131072
	socket.connection.setup.timeout.max.ms = 30000
	socket.connection.setup.timeout.ms = 10000
	ssl.cipher.suites = null
	ssl.enabled.protocols = [TLSv1.2, TLSv1.3]
	ssl.endpoint.identification.algorithm = https
	ssl.engine.factory.class = null
	ssl.key.password = null
	ssl.keymanager.algorithm = SunX509
	ssl.keystore.certificate.chain = null
	ssl.keystore.key = null
	ssl.keystore.location = null
	ssl.keystore.password = null
	ssl.keystore.type = JKS
	ssl.protocol = TLSv1.3
	ssl.provider = null
	ssl.secure.random.implementation = null
	ssl.trustmanager.algorithm = PKIX
	ssl.truststore.certificates = null
	ssl.truststore.location = null
	ssl.truststore.password = null
	ssl.truststore.type = JKS
	transaction.timeout.ms = 60000
	transactional.id = null
	value.serializer = class io.confluent.kafka.serializers.KafkaAvroSerializer

2025-09-03 13:58:02,755 INFO  [org.apa.kaf.com.tel.int.KafkaMetricsCollector] (main) initializing Kafka metrics collector
2025-09-03 13:58:02,755 INFO  [io.con.kaf.ser.KafkaAvroSerializerConfig] (main) KafkaAvroSerializerConfig values: 
	auto.register.schemas = false
	avro.reflection.allow.null = false
	avro.remove.java.properties = false
	avro.use.logical.type.converters = false
	basic.auth.credentials.source = URL
	basic.auth.user.info = [hidden]
	bearer.auth.cache.expiry.buffer.seconds = 300
	bearer.auth.client.id = null
	bearer.auth.client.secret = null
	bearer.auth.credentials.source = STATIC_TOKEN
	bearer.auth.custom.provider.class = null
	bearer.auth.identity.pool.id = null
	bearer.auth.issuer.endpoint.url = null
	bearer.auth.logical.cluster = null
	bearer.auth.scope = null
	bearer.auth.scope.claim.name = scope
	bearer.auth.sub.claim.name = sub
	bearer.auth.token = [hidden]
	context.name.strategy = class io.confluent.kafka.serializers.context.NullContextNameStrategy
	http.connect.timeout.ms = 60000
	http.read.timeout.ms = 60000
	id.compatibility.strict = true
	key.schema.id.deserializer = class io.confluent.kafka.serializers.schema.id.DualSchemaIdDeserializer
	key.schema.id.serializer = class io.confluent.kafka.serializers.schema.id.PrefixSchemaIdSerializer
	key.subject.name.strategy = class io.confluent.kafka.serializers.subject.TopicNameStrategy
	latest.cache.size = 1000
	latest.cache.ttl.sec = -1
	latest.compatibility.strict = true
	max.retries = 3
	max.schemas.per.subject = 1000
	normalize.schemas = false
	propagate.schema.tags = false
	proxy.host = 
	proxy.port = -1
	retries.max.wait.ms = 20000
	retries.wait.ms = 1000
	rule.actions = []
	rule.executors = []
	rule.service.loader.enable = true
	schema.format = null
	schema.reflection = false
	schema.registry.basic.auth.user.info = [hidden]
	schema.registry.ssl.cipher.suites = null
	schema.registry.ssl.enabled.protocols = [TLSv1.2, TLSv1.3]
	schema.registry.ssl.endpoint.identification.algorithm = https
	schema.registry.ssl.engine.factory.class = null
	schema.registry.ssl.key.password = null
	schema.registry.ssl.keymanager.algorithm = SunX509
	schema.registry.ssl.keystore.certificate.chain = null
	schema.registry.ssl.keystore.key = null
	schema.registry.ssl.keystore.location = null
	schema.registry.ssl.keystore.password = null
	schema.registry.ssl.keystore.type = JKS
	schema.registry.ssl.protocol = TLSv1.3
	schema.registry.ssl.provider = null
	schema.registry.ssl.secure.random.implementation = null
	schema.registry.ssl.trustmanager.algorithm = PKIX
	schema.registry.ssl.truststore.certificates = null
	schema.registry.ssl.truststore.location = null
	schema.registry.ssl.truststore.password = null
	schema.registry.ssl.truststore.type = JKS
	schema.registry.url = [http://registry-app-mysql.apps.ci419.apicurio-testing.org:80/apis/ccompat/v7]
	schema.registry.url.randomize = false
	use.latest.version = false
	use.latest.with.metadata = null
	use.schema.id = -1
	value.schema.id.deserializer = class io.confluent.kafka.serializers.schema.id.DualSchemaIdDeserializer
	value.schema.id.serializer = class io.confluent.kafka.serializers.schema.id.PrefixSchemaIdSerializer
	value.subject.name.strategy = class io.confluent.kafka.serializers.subject.RecordNameStrategy

2025-09-03 13:58:02,757 INFO  [org.apa.kaf.cli.pro.KafkaProducer] (main) [Producer clientId=Producer-topic-2f05d397_dbc6_4821_905a_47317336cad4] Instantiated an idempotent producer.
2025-09-03 13:58:02,758 INFO  [org.apa.kaf.cli.pro.ProducerConfig] (main) These configurations '[schema.registry.url, auto.register.schemas, value.subject.name.strategy]' were supplied but are not used yet.
2025-09-03 13:58:02,758 INFO  [org.apa.kaf.com.uti.AppInfoParser] (main) Kafka version: 3.9.1
2025-09-03 13:58:02,758 INFO  [org.apa.kaf.com.uti.AppInfoParser] (main) Kafka commitId: f745dfdcee2b9851
2025-09-03 13:58:02,758 INFO  [org.apa.kaf.com.uti.AppInfoParser] (main) Kafka startTimeMs: 1756907882758
2025-09-03 13:58:02,758 INFO  [io.api.tes.ser.api.KafkaSerdesTester] (ForkJoinPool.commonPool-worker-3) Sending message {"wrongkey": "value-0"} to topic topic-2f05d397_dbc6_4821_905a_47317336cad4
2025-09-03 13:58:02,760 INFO  [org.apa.kaf.cli.Metadata] (kafka-producer-network-thread | Producer-topic-2f05d397_dbc6_4821_905a_47317336cad4) [Producer clientId=Producer-topic-2f05d397_dbc6_4821_905a_47317336cad4] Cluster ID: idi4IAQcRfmNXWpL6PLRmQ
2025-09-03 13:58:02,760 INFO  [org.apa.kaf.cli.pro.int.TransactionManager] (kafka-producer-network-thread | Producer-topic-2f05d397_dbc6_4821_905a_47317336cad4) [Producer clientId=Producer-topic-2f05d397_dbc6_4821_905a_47317336cad4] ProducerId set to 57 with epoch 0
2025-09-03 13:58:02,797 INFO  [org.apa.kaf.cli.pro.KafkaProducer] (ForkJoinPool.commonPool-worker-3) [Producer clientId=Producer-topic-2f05d397_dbc6_4821_905a_47317336cad4] Closing the Kafka producer with timeoutMillis = 9223372036854775807 ms.
2025-09-03 13:58:02,798 INFO  [org.apa.kaf.com.met.Metrics] (ForkJoinPool.commonPool-worker-3) Metrics scheduler closed
2025-09-03 13:58:02,798 INFO  [org.apa.kaf.com.met.Metrics] (ForkJoinPool.commonPool-worker-3) Closing reporter org.apache.kafka.common.metrics.JmxReporter
2025-09-03 13:58:02,798 INFO  [org.apa.kaf.com.met.Metrics] (ForkJoinPool.commonPool-worker-3) Closing reporter org.apache.kafka.common.telemetry.internals.ClientTelemetryReporter
2025-09-03 13:58:02,798 INFO  [org.apa.kaf.com.met.Metrics] (ForkJoinPool.commonPool-worker-3) Metrics reporters closed
2025-09-03 13:58:02,798 INFO  [org.apa.kaf.com.uti.AppInfoParser] (ForkJoinPool.commonPool-worker-3) App info kafka.producer for Producer-topic-2f05d397_dbc6_4821_905a_47317336cad4 unregistered
2025-09-03 13:58:02,866 INFO  [io.api.tes.ser.con.BasicConfluentSerDesIT] (main) Deleting confluent schema myrecordconfluent2
2025-09-03 13:58:02,912 INFO  [io.api.tes.uti.TestSeparator] (main) io.apicurio.tests.serdes.confluent.BasicConfluentSerDesIT.testAvroConfluentSerDesFail-FINISHED
2025-09-03 13:58:02,912 INFO  [io.api.tes.uti.TestSeparator] (main) ############################################################################
Test passed: testAvroConfluentSerDesFail
]]></system-out>
  </testcase>
  <testcase name="testAvroConfluentSerDesWrongStrategyRecord" classname="io.apicurio.tests.serdes.confluent.BasicConfluentSerDesIT" time="0.276">
    <system-out><![CDATA[2025-09-03 13:58:02,913 INFO  [io.api.tes.uti.TestSeparator] (main) ############################################################################
2025-09-03 13:58:02,913 INFO  [io.api.tes.uti.TestSeparator] (main) io.apicurio.tests.serdes.confluent.BasicConfluentSerDesIT.testAvroConfluentSerDesWrongStrategyRecord-STARTED
2025-09-03 13:58:02,998 INFO  [io.api.tes.ser.con.BasicConfluentSerDesIT] (main) Checking that created schema is equal to the get schema
2025-09-03 13:58:03,034 INFO  [io.api.tes.ser.con.BasicConfluentSerDesIT] (main) Created schema with id:117 and name:myrecordconfluent4
**** Registry Base URL: http://registry-app-mysql.apps.ci419.apicurio-testing.org:80
2025-09-03 13:58:03,035 INFO  [org.apa.kaf.cli.pro.ProducerConfig] (main) ProducerConfig values: 
	acks = -1
	auto.include.jmx.reporter = true
	batch.size = 16384
	bootstrap.servers = [PLAINTEXT://localhost:32769]
	buffer.memory = 33554432
	client.dns.lookup = use_all_dns_ips
	client.id = Producer-topic-c9f8a4c0_e7a7_4bfa_a2c8_644dc479f288
	compression.gzip.level = -1
	compression.lz4.level = 9
	compression.type = none
	compression.zstd.level = 3
	connections.max.idle.ms = 10000
	delivery.timeout.ms = 120000
	enable.idempotence = true
	enable.metrics.push = true
	interceptor.classes = []
	key.serializer = class org.apache.kafka.common.serialization.StringSerializer
	linger.ms = 0
	max.block.ms = 60000
	max.in.flight.requests.per.connection = 5
	max.request.size = 1048576
	metadata.max.age.ms = 300000
	metadata.max.idle.ms = 300000
	metadata.recovery.strategy = none
	metric.reporters = []
	metrics.num.samples = 2
	metrics.recording.level = INFO
	metrics.sample.window.ms = 30000
	partitioner.adaptive.partitioning.enable = true
	partitioner.availability.timeout.ms = 0
	partitioner.class = null
	partitioner.ignore.keys = false
	receive.buffer.bytes = 32768
	reconnect.backoff.max.ms = 1000
	reconnect.backoff.ms = 50
	request.timeout.ms = 5000
	retries = 2147483647
	retry.backoff.max.ms = 1000
	retry.backoff.ms = 100
	sasl.client.callback.handler.class = null
	sasl.jaas.config = null
	sasl.kerberos.kinit.cmd = /usr/bin/kinit
	sasl.kerberos.min.time.before.relogin = 60000
	sasl.kerberos.service.name = null
	sasl.kerberos.ticket.renew.jitter = 0.05
	sasl.kerberos.ticket.renew.window.factor = 0.8
	sasl.login.callback.handler.class = null
	sasl.login.class = null
	sasl.login.connect.timeout.ms = null
	sasl.login.read.timeout.ms = null
	sasl.login.refresh.buffer.seconds = 300
	sasl.login.refresh.min.period.seconds = 60
	sasl.login.refresh.window.factor = 0.8
	sasl.login.refresh.window.jitter = 0.05
	sasl.login.retry.backoff.max.ms = 10000
	sasl.login.retry.backoff.ms = 100
	sasl.mechanism = GSSAPI
	sasl.oauthbearer.clock.skew.seconds = 30
	sasl.oauthbearer.expected.audience = null
	sasl.oauthbearer.expected.issuer = null
	sasl.oauthbearer.header.urlencode = false
	sasl.oauthbearer.jwks.endpoint.refresh.ms = 3600000
	sasl.oauthbearer.jwks.endpoint.retry.backoff.max.ms = 10000
	sasl.oauthbearer.jwks.endpoint.retry.backoff.ms = 100
	sasl.oauthbearer.jwks.endpoint.url = null
	sasl.oauthbearer.scope.claim.name = scope
	sasl.oauthbearer.sub.claim.name = sub
	sasl.oauthbearer.token.endpoint.url = null
	security.protocol = PLAINTEXT
	security.providers = null
	send.buffer.bytes = 131072
	socket.connection.setup.timeout.max.ms = 30000
	socket.connection.setup.timeout.ms = 10000
	ssl.cipher.suites = null
	ssl.enabled.protocols = [TLSv1.2, TLSv1.3]
	ssl.endpoint.identification.algorithm = https
	ssl.engine.factory.class = null
	ssl.key.password = null
	ssl.keymanager.algorithm = SunX509
	ssl.keystore.certificate.chain = null
	ssl.keystore.key = null
	ssl.keystore.location = null
	ssl.keystore.password = null
	ssl.keystore.type = JKS
	ssl.protocol = TLSv1.3
	ssl.provider = null
	ssl.secure.random.implementation = null
	ssl.trustmanager.algorithm = PKIX
	ssl.truststore.certificates = null
	ssl.truststore.location = null
	ssl.truststore.password = null
	ssl.truststore.type = JKS
	transaction.timeout.ms = 60000
	transactional.id = null
	value.serializer = class io.confluent.kafka.serializers.KafkaAvroSerializer

2025-09-03 13:58:03,035 INFO  [org.apa.kaf.com.tel.int.KafkaMetricsCollector] (main) initializing Kafka metrics collector
2025-09-03 13:58:03,036 INFO  [io.con.kaf.ser.KafkaAvroSerializerConfig] (main) KafkaAvroSerializerConfig values: 
	auto.register.schemas = false
	avro.reflection.allow.null = false
	avro.remove.java.properties = false
	avro.use.logical.type.converters = false
	basic.auth.credentials.source = URL
	basic.auth.user.info = [hidden]
	bearer.auth.cache.expiry.buffer.seconds = 300
	bearer.auth.client.id = null
	bearer.auth.client.secret = null
	bearer.auth.credentials.source = STATIC_TOKEN
	bearer.auth.custom.provider.class = null
	bearer.auth.identity.pool.id = null
	bearer.auth.issuer.endpoint.url = null
	bearer.auth.logical.cluster = null
	bearer.auth.scope = null
	bearer.auth.scope.claim.name = scope
	bearer.auth.sub.claim.name = sub
	bearer.auth.token = [hidden]
	context.name.strategy = class io.confluent.kafka.serializers.context.NullContextNameStrategy
	http.connect.timeout.ms = 60000
	http.read.timeout.ms = 60000
	id.compatibility.strict = true
	key.schema.id.deserializer = class io.confluent.kafka.serializers.schema.id.DualSchemaIdDeserializer
	key.schema.id.serializer = class io.confluent.kafka.serializers.schema.id.PrefixSchemaIdSerializer
	key.subject.name.strategy = class io.confluent.kafka.serializers.subject.TopicNameStrategy
	latest.cache.size = 1000
	latest.cache.ttl.sec = -1
	latest.compatibility.strict = true
	max.retries = 3
	max.schemas.per.subject = 1000
	normalize.schemas = false
	propagate.schema.tags = false
	proxy.host = 
	proxy.port = -1
	retries.max.wait.ms = 20000
	retries.wait.ms = 1000
	rule.actions = []
	rule.executors = []
	rule.service.loader.enable = true
	schema.format = null
	schema.reflection = false
	schema.registry.basic.auth.user.info = [hidden]
	schema.registry.ssl.cipher.suites = null
	schema.registry.ssl.enabled.protocols = [TLSv1.2, TLSv1.3]
	schema.registry.ssl.endpoint.identification.algorithm = https
	schema.registry.ssl.engine.factory.class = null
	schema.registry.ssl.key.password = null
	schema.registry.ssl.keymanager.algorithm = SunX509
	schema.registry.ssl.keystore.certificate.chain = null
	schema.registry.ssl.keystore.key = null
	schema.registry.ssl.keystore.location = null
	schema.registry.ssl.keystore.password = null
	schema.registry.ssl.keystore.type = JKS
	schema.registry.ssl.protocol = TLSv1.3
	schema.registry.ssl.provider = null
	schema.registry.ssl.secure.random.implementation = null
	schema.registry.ssl.trustmanager.algorithm = PKIX
	schema.registry.ssl.truststore.certificates = null
	schema.registry.ssl.truststore.location = null
	schema.registry.ssl.truststore.password = null
	schema.registry.ssl.truststore.type = JKS
	schema.registry.url = [http://registry-app-mysql.apps.ci419.apicurio-testing.org:80/apis/ccompat/v7]
	schema.registry.url.randomize = false
	use.latest.version = false
	use.latest.with.metadata = null
	use.schema.id = -1
	value.schema.id.deserializer = class io.confluent.kafka.serializers.schema.id.DualSchemaIdDeserializer
	value.schema.id.serializer = class io.confluent.kafka.serializers.schema.id.PrefixSchemaIdSerializer
	value.subject.name.strategy = class io.confluent.kafka.serializers.subject.RecordNameStrategy

2025-09-03 13:58:03,037 INFO  [org.apa.kaf.cli.pro.KafkaProducer] (main) [Producer clientId=Producer-topic-c9f8a4c0_e7a7_4bfa_a2c8_644dc479f288] Instantiated an idempotent producer.
2025-09-03 13:58:03,038 INFO  [org.apa.kaf.cli.pro.ProducerConfig] (main) These configurations '[schema.registry.url, auto.register.schemas, value.subject.name.strategy]' were supplied but are not used yet.
2025-09-03 13:58:03,038 INFO  [org.apa.kaf.com.uti.AppInfoParser] (main) Kafka version: 3.9.1
2025-09-03 13:58:03,038 INFO  [org.apa.kaf.com.uti.AppInfoParser] (main) Kafka commitId: f745dfdcee2b9851
2025-09-03 13:58:03,039 INFO  [org.apa.kaf.com.uti.AppInfoParser] (main) Kafka startTimeMs: 1756907883038
2025-09-03 13:58:03,039 INFO  [io.api.tes.ser.api.KafkaSerdesTester] (ForkJoinPool.commonPool-worker-3) Sending message {"wrongkey": "value-0"} to topic topic-c9f8a4c0_e7a7_4bfa_a2c8_644dc479f288
2025-09-03 13:58:03,041 INFO  [org.apa.kaf.cli.Metadata] (kafka-producer-network-thread | Producer-topic-c9f8a4c0_e7a7_4bfa_a2c8_644dc479f288) [Producer clientId=Producer-topic-c9f8a4c0_e7a7_4bfa_a2c8_644dc479f288] Cluster ID: idi4IAQcRfmNXWpL6PLRmQ
2025-09-03 13:58:03,041 INFO  [org.apa.kaf.cli.pro.int.TransactionManager] (kafka-producer-network-thread | Producer-topic-c9f8a4c0_e7a7_4bfa_a2c8_644dc479f288) [Producer clientId=Producer-topic-c9f8a4c0_e7a7_4bfa_a2c8_644dc479f288] ProducerId set to 58 with epoch 0
2025-09-03 13:58:03,077 INFO  [org.apa.kaf.cli.pro.KafkaProducer] (ForkJoinPool.commonPool-worker-3) [Producer clientId=Producer-topic-c9f8a4c0_e7a7_4bfa_a2c8_644dc479f288] Closing the Kafka producer with timeoutMillis = 9223372036854775807 ms.
2025-09-03 13:58:03,078 INFO  [org.apa.kaf.com.met.Metrics] (ForkJoinPool.commonPool-worker-3) Metrics scheduler closed
2025-09-03 13:58:03,078 INFO  [org.apa.kaf.com.met.Metrics] (ForkJoinPool.commonPool-worker-3) Closing reporter org.apache.kafka.common.metrics.JmxReporter
2025-09-03 13:58:03,078 INFO  [org.apa.kaf.com.met.Metrics] (ForkJoinPool.commonPool-worker-3) Closing reporter org.apache.kafka.common.telemetry.internals.ClientTelemetryReporter
2025-09-03 13:58:03,078 INFO  [org.apa.kaf.com.met.Metrics] (ForkJoinPool.commonPool-worker-3) Metrics reporters closed
2025-09-03 13:58:03,078 INFO  [org.apa.kaf.com.uti.AppInfoParser] (ForkJoinPool.commonPool-worker-3) App info kafka.producer for Producer-topic-c9f8a4c0_e7a7_4bfa_a2c8_644dc479f288 unregistered
2025-09-03 13:58:03,145 INFO  [io.api.tes.ser.con.BasicConfluentSerDesIT] (main) Deleting confluent schema topic-c9f8a4c0_e7a7_4bfa_a2c8_644dc479f288-value
2025-09-03 13:58:03,189 INFO  [io.api.tes.uti.TestSeparator] (main) io.apicurio.tests.serdes.confluent.BasicConfluentSerDesIT.testAvroConfluentSerDesWrongStrategyRecord-FINISHED
2025-09-03 13:58:03,189 INFO  [io.api.tes.uti.TestSeparator] (main) ############################################################################
Test passed: testAvroConfluentSerDesWrongStrategyRecord
]]></system-out>
  </testcase>
</testsuite>