<?xml version="1.0" encoding="UTF-8"?>
<testsuite xmlns:xsi="http://www.w3.org/2001/XMLSchema-instance" xsi:noNamespaceSchemaLocation="https://maven.apache.org/surefire/maven-failsafe-plugin/xsd/failsafe-test-report.xsd" version="3.0.2" name="io.apicurio.tests.serdes.apicurio.AvroSerdeIT" time="102.352" tests="21" errors="0" skipped="2" failures="0">
  <properties>
    <property name="java.specification.version" value="17"/>
    <property name="sun.jnu.encoding" value="UTF-8"/>
    <property name="java.class.path" value="/home/runner/work/apicurio-testing/apicurio-testing/clusters/ci419/namespaces/inmemory/tests/integration/apicurio-registry/integration-tests/target/test-classes:/home/runner/work/apicurio-testing/apicurio-testing/clusters/ci419/namespaces/inmemory/tests/integration/apicurio-registry/integration-tests/target/apicurio-registry-integration-tests-3.0.12-SNAPSHOT.jar:/home/runner/.m2/repository/io/quarkus/quarkus-junit5/3.20.2/quarkus-junit5-3.20.2.jar:/home/runner/.m2/repository/io/quarkus/quarkus-bootstrap-core/3.20.2/quarkus-bootstrap-core-3.20.2.jar:/home/runner/.m2/repository/io/quarkus/quarkus-classloader-commons/3.20.2/quarkus-classloader-commons-3.20.2.jar:/home/runner/.m2/repository/io/quarkus/quarkus-bootstrap-app-model/3.20.2/quarkus-bootstrap-app-model-3.20.2.jar:/home/runner/.m2/repository/io/smallrye/common/smallrye-common-io/2.12.0/smallrye-common-io-2.12.0.jar:/home/runner/.m2/repository/org/eclipse/sisu/org.eclipse.sisu.inject/0.9.0.M3/org.eclipse.sisu.inject-0.9.0.M3.jar:/home/runner/.m2/repository/io/quarkus/quarkus-test-common/3.20.2/quarkus-test-common-3.20.2.jar:/home/runner/.m2/repository/io/quarkus/quarkus-core-deployment/3.20.2/quarkus-core-deployment-3.20.2.jar:/home/runner/.m2/repository/org/aesh/readline/2.6/readline-2.6.jar:/home/runner/.m2/repository/org/fusesource/jansi/jansi/2.4.0/jansi-2.4.0.jar:/home/runner/.m2/repository/org/aesh/aesh/2.8.2/aesh-2.8.2.jar:/home/runner/.m2/repository/io/quarkus/gizmo/gizmo/1.8.0/gizmo-1.8.0.jar:/home/runner/.m2/repository/org/ow2/asm/asm-util/9.7.1/asm-util-9.7.1.jar:/home/runner/.m2/repository/org/ow2/asm/asm-analysis/9.7.1/asm-analysis-9.7.1.jar:/home/runner/.m2/repository/org/ow2/asm/asm-commons/9.7.1/asm-commons-9.7.1.jar:/home/runner/.m2/repository/org/ow2/asm/asm-tree/9.7.1/asm-tree-9.7.1.jar:/home/runner/.m2/repository/io/quarkus/quarkus-hibernate-validator-spi/3.20.2/quarkus-hibernate-validator-spi-3.20.2.jar:/home/runner/.m2/repository/io/quarkus/quarkus-class-change-agent/3.20.2/quarkus-class-change-agent-3.20.2.jar:/home/runner/.m2/repository/io/quarkus/quarkus-devtools-utilities/3.20.2/quarkus-devtools-utilities-3.20.2.jar:/home/runner/.m2/repository/io/quarkus/quarkus-builder/3.20.2/quarkus-builder-3.20.2.jar:/home/runner/.m2/repository/org/graalvm/sdk/nativeimage/23.1.2/nativeimage-23.1.2.jar:/home/runner/.m2/repository/org/graalvm/sdk/word/23.1.2/word-23.1.2.jar:/home/runner/.m2/repository/io/quarkus/quarkus-bootstrap-maven-resolver/3.20.2/quarkus-bootstrap-maven-resolver-3.20.2.jar:/home/runner/.m2/repository/io/smallrye/beanbag/smallrye-beanbag-maven/1.5.2/smallrye-beanbag-maven-1.5.2.jar:/home/runner/.m2/repository/io/smallrye/beanbag/smallrye-beanbag-sisu/1.5.2/smallrye-beanbag-sisu-1.5.2.jar:/home/runner/.m2/repository/io/smallrye/beanbag/smallrye-beanbag/1.5.2/smallrye-beanbag-1.5.2.jar:/home/runner/.m2/repository/javax/inject/javax.inject/1/javax.inject-1.jar:/home/runner/.m2/repository/org/apache/maven/maven-artifact/3.9.9/maven-artifact-3.9.9.jar:/home/runner/.m2/repository/org/apache/maven/maven-builder-support/3.9.9/maven-builder-support-3.9.9.jar:/home/runner/.m2/repository/org/apache/maven/maven-model/3.9.9/maven-model-3.9.9.jar:/home/runner/.m2/repository/org/apache/maven/maven-model-builder/3.9.9/maven-model-builder-3.9.9.jar:/home/runner/.m2/repository/org/apache/maven/maven-repository-metadata/3.9.9/maven-repository-metadata-3.9.9.jar:/home/runner/.m2/repository/org/apache/maven/maven-settings/3.9.9/maven-settings-3.9.9.jar:/home/runner/.m2/repository/org/apache/maven/resolver/maven-resolver-api/1.9.22/maven-resolver-api-1.9.22.jar:/home/runner/.m2/repository/org/apache/maven/resolver/maven-resolver-impl/1.9.22/maven-resolver-impl-1.9.22.jar:/home/runner/.m2/repository/org/apache/maven/resolver/maven-resolver-named-locks/1.9.22/maven-resolver-named-locks-1.9.22.jar:/home/runner/.m2/repository/org/apache/maven/resolver/maven-resolver-spi/1.9.22/maven-resolver-spi-1.9.22.jar:/home/runner/.m2/repository/org/apache/maven/resolver/maven-resolver-util/1.9.22/maven-resolver-util-1.9.22.jar:/home/runner/.m2/repository/org/apache/maven/resolver/maven-resolver-transport-http/1.9.20/maven-resolver-transport-http-1.9.20.jar:/home/runner/.m2/repository/org/apache/maven/wagon/wagon-provider-api/3.5.3/wagon-provider-api-3.5.3.jar:/home/runner/.m2/repository/org/apache/maven/wagon/wagon-http-shared/3.5.3/wagon-http-shared-3.5.3.jar:/home/runner/.m2/repository/org/codehaus/plexus/plexus-interpolation/1.26/plexus-interpolation-1.26.jar:/home/runner/.m2/repository/org/codehaus/plexus/plexus-utils/3.5.1/plexus-utils-3.5.1.jar:/home/runner/.m2/repository/org/codehaus/plexus/plexus-xml/4.0.1/plexus-xml-4.0.1.jar:/home/runner/.m2/repository/org/apache/maven/maven-xml-impl/4.0.0-alpha-5/maven-xml-impl-4.0.0-alpha-5.jar:/home/runner/.m2/repository/org/apache/maven/maven-api-xml/4.0.0-alpha-5/maven-api-xml-4.0.0-alpha-5.jar:/home/runner/.m2/repository/org/apache/maven/maven-api-meta/4.0.0-alpha-5/maven-api-meta-4.0.0-alpha-5.jar:/home/runner/.m2/repository/org/codehaus/plexus/plexus-cipher/2.0/plexus-cipher-2.0.jar:/home/runner/.m2/repository/org/codehaus/plexus/plexus-sec-dispatcher/2.0/plexus-sec-dispatcher-2.0.jar:/home/runner/.m2/repository/org/apache/maven/maven-embedder/3.9.9/maven-embedder-3.9.9.jar:/home/runner/.m2/repository/org/apache/maven/maven-core/3.9.9/maven-core-3.9.9.jar:/home/runner/.m2/repository/org/codehaus/plexus/plexus-component-annotations/2.1.0/plexus-component-annotations-2.1.0.jar:/home/runner/.m2/repository/org/apache/maven/maven-plugin-api/3.9.9/maven-plugin-api-3.9.9.jar:/home/runner/.m2/repository/org/apache/maven/shared/maven-shared-utils/3.4.2/maven-shared-utils-3.4.2.jar:/home/runner/.m2/repository/com/google/inject/guice/5.1.0/guice-5.1.0.jar:/home/runner/.m2/repository/aopalliance/aopalliance/1.0/aopalliance-1.0.jar:/home/runner/.m2/repository/org/codehaus/plexus/plexus-classworlds/2.6.0/plexus-classworlds-2.6.0.jar:/home/runner/.m2/repository/commons-cli/commons-cli/1.8.0/commons-cli-1.8.0.jar:/home/runner/.m2/repository/org/eclipse/sisu/org.eclipse.sisu.plexus/0.9.0.M3/org.eclipse.sisu.plexus-0.9.0.M3.jar:/home/runner/.m2/repository/org/apache/maven/maven-settings-builder/3.9.9/maven-settings-builder-3.9.9.jar:/home/runner/.m2/repository/org/apache/maven/maven-resolver-provider/3.9.9/maven-resolver-provider-3.9.9.jar:/home/runner/.m2/repository/org/apache/maven/resolver/maven-resolver-connector-basic/1.9.22/maven-resolver-connector-basic-1.9.22.jar:/home/runner/.m2/repository/org/apache/maven/resolver/maven-resolver-transport-wagon/1.9.22/maven-resolver-transport-wagon-1.9.22.jar:/home/runner/.m2/repository/org/apache/maven/wagon/wagon-http/3.5.3/wagon-http-3.5.3.jar:/home/runner/.m2/repository/org/apache/maven/wagon/wagon-file/3.5.3/wagon-file-3.5.3.jar:/home/runner/.m2/repository/io/quarkus/quarkus-bootstrap-gradle-resolver/3.20.2/quarkus-bootstrap-gradle-resolver-3.20.2.jar:/home/runner/.m2/repository/io/smallrye/jandex/3.3.0/jandex-3.3.0.jar:/home/runner/.m2/repository/org/jboss/logging/commons-logging-jboss-logging/1.0.0.Final/commons-logging-jboss-logging-1.0.0.Final.jar:/home/runner/.m2/repository/io/quarkus/quarkus-junit5-config/3.20.2/quarkus-junit5-config-3.20.2.jar:/home/runner/.m2/repository/org/junit/jupiter/junit-jupiter-api/5.12.1/junit-jupiter-api-5.12.1.jar:/home/runner/.m2/repository/io/smallrye/config/smallrye-config/3.11.4/smallrye-config-3.11.4.jar:/home/runner/.m2/repository/io/smallrye/config/smallrye-config-core/3.11.4/smallrye-config-core-3.11.4.jar:/home/runner/.m2/repository/io/smallrye/common/smallrye-common-classloader/2.12.0/smallrye-common-classloader-2.12.0.jar:/home/runner/.m2/repository/io/smallrye/config/smallrye-config-common/3.11.4/smallrye-config-common-3.11.4.jar:/home/runner/.m2/repository/org/junit/jupiter/junit-jupiter/5.12.1/junit-jupiter-5.12.1.jar:/home/runner/.m2/repository/org/junit/jupiter/junit-jupiter-params/5.12.1/junit-jupiter-params-5.12.1.jar:/home/runner/.m2/repository/org/junit/jupiter/junit-jupiter-engine/5.12.1/junit-jupiter-engine-5.12.1.jar:/home/runner/.m2/repository/io/quarkus/quarkus-core/3.20.2/quarkus-core-3.20.2.jar:/home/runner/.m2/repository/jakarta/enterprise/jakarta.enterprise.cdi-api/4.1.0/jakarta.enterprise.cdi-api-4.1.0.jar:/home/runner/.m2/repository/jakarta/enterprise/jakarta.enterprise.lang-model/4.1.0/jakarta.enterprise.lang-model-4.1.0.jar:/home/runner/.m2/repository/jakarta/el/jakarta.el-api/5.0.1/jakarta.el-api-5.0.1.jar:/home/runner/.m2/repository/jakarta/interceptor/jakarta.interceptor-api/2.2.0/jakarta.interceptor-api-2.2.0.jar:/home/runner/.m2/repository/jakarta/inject/jakarta.inject-api/2.0.1/jakarta.inject-api-2.0.1.jar:/home/runner/.m2/repository/io/smallrye/common/smallrye-common-os/2.12.0/smallrye-common-os-2.12.0.jar:/home/runner/.m2/repository/io/quarkus/quarkus-ide-launcher/3.20.2/quarkus-ide-launcher-3.20.2.jar:/home/runner/.m2/repository/io/quarkus/quarkus-development-mode-spi/3.20.2/quarkus-development-mode-spi-3.20.2.jar:/home/runner/.m2/repository/org/jboss/logging/jboss-logging/3.6.1.Final/jboss-logging-3.6.1.Final.jar:/home/runner/.m2/repository/org/jboss/logmanager/jboss-logmanager/3.1.2.Final/jboss-logmanager-3.1.2.Final.jar:/home/runner/.m2/repository/io/smallrye/common/smallrye-common-constraint/2.12.0/smallrye-common-constraint-2.12.0.jar:/home/runner/.m2/repository/io/smallrye/common/smallrye-common-cpu/2.12.0/smallrye-common-cpu-2.12.0.jar:/home/runner/.m2/repository/io/smallrye/common/smallrye-common-expression/2.12.0/smallrye-common-expression-2.12.0.jar:/home/runner/.m2/repository/io/smallrye/common/smallrye-common-net/2.12.0/smallrye-common-net-2.12.0.jar:/home/runner/.m2/repository/io/smallrye/common/smallrye-common-ref/2.12.0/smallrye-common-ref-2.12.0.jar:/home/runner/.m2/repository/jakarta/json/jakarta.json-api/2.1.3/jakarta.json-api-2.1.3.jar:/home/runner/.m2/repository/org/eclipse/parsson/parsson/1.1.7/parsson-1.1.7.jar:/home/runner/.m2/repository/org/jboss/logging/jboss-logging-annotations/3.0.4.Final/jboss-logging-annotations-3.0.4.Final.jar:/home/runner/.m2/repository/org/jboss/threads/jboss-threads/3.8.0.Final/jboss-threads-3.8.0.Final.jar:/home/runner/.m2/repository/io/smallrye/common/smallrye-common-annotation/2.12.0/smallrye-common-annotation-2.12.0.jar:/home/runner/.m2/repository/io/smallrye/common/smallrye-common-function/2.12.0/smallrye-common-function-2.12.0.jar:/home/runner/.m2/repository/org/jboss/slf4j/slf4j-jboss-logmanager/2.0.0.Final/slf4j-jboss-logmanager-2.0.0.Final.jar:/home/runner/.m2/repository/org/wildfly/common/wildfly-common/2.0.1/wildfly-common-2.0.1.jar:/home/runner/.m2/repository/io/quarkus/quarkus-bootstrap-runner/3.20.2/quarkus-bootstrap-runner-3.20.2.jar:/home/runner/.m2/repository/io/github/crac/org-crac/0.1.3/org-crac-0.1.3.jar:/home/runner/.m2/repository/io/quarkus/quarkus-fs-util/0.0.10/quarkus-fs-util-0.0.10.jar:/home/runner/.m2/repository/org/jboss/marshalling/jboss-marshalling/2.2.2.Final/jboss-marshalling-2.2.2.Final.jar:/home/runner/.m2/repository/io/fabric8/kubernetes-client/7.1.0/kubernetes-client-7.1.0.jar:/home/runner/.m2/repository/io/fabric8/kubernetes-client-api/7.1.0/kubernetes-client-api-7.1.0.jar:/home/runner/.m2/repository/io/fabric8/kubernetes-model-core/7.1.0/kubernetes-model-core-7.1.0.jar:/home/runner/.m2/repository/io/fabric8/kubernetes-model-common/7.1.0/kubernetes-model-common-7.1.0.jar:/home/runner/.m2/repository/javax/annotation/javax.annotation-api/1.3.2/javax.annotation-api-1.3.2.jar:/home/runner/.m2/repository/io/fabric8/kubernetes-model-gatewayapi/7.1.0/kubernetes-model-gatewayapi-7.1.0.jar:/home/runner/.m2/repository/io/fabric8/kubernetes-model-resource/7.1.0/kubernetes-model-resource-7.1.0.jar:/home/runner/.m2/repository/io/fabric8/kubernetes-model-rbac/7.1.0/kubernetes-model-rbac-7.1.0.jar:/home/runner/.m2/repository/io/fabric8/kubernetes-model-admissionregistration/7.1.0/kubernetes-model-admissionregistration-7.1.0.jar:/home/runner/.m2/repository/io/fabric8/kubernetes-model-apps/7.1.0/kubernetes-model-apps-7.1.0.jar:/home/runner/.m2/repository/io/fabric8/kubernetes-model-autoscaling/7.1.0/kubernetes-model-autoscaling-7.1.0.jar:/home/runner/.m2/repository/io/fabric8/kubernetes-model-apiextensions/7.1.0/kubernetes-model-apiextensions-7.1.0.jar:/home/runner/.m2/repository/io/fabric8/kubernetes-model-batch/7.1.0/kubernetes-model-batch-7.1.0.jar:/home/runner/.m2/repository/io/fabric8/kubernetes-model-certificates/7.1.0/kubernetes-model-certificates-7.1.0.jar:/home/runner/.m2/repository/io/fabric8/kubernetes-model-coordination/7.1.0/kubernetes-model-coordination-7.1.0.jar:/home/runner/.m2/repository/io/fabric8/kubernetes-model-discovery/7.1.0/kubernetes-model-discovery-7.1.0.jar:/home/runner/.m2/repository/io/fabric8/kubernetes-model-events/7.1.0/kubernetes-model-events-7.1.0.jar:/home/runner/.m2/repository/io/fabric8/kubernetes-model-extensions/7.1.0/kubernetes-model-extensions-7.1.0.jar:/home/runner/.m2/repository/io/fabric8/kubernetes-model-flowcontrol/7.1.0/kubernetes-model-flowcontrol-7.1.0.jar:/home/runner/.m2/repository/io/fabric8/kubernetes-model-networking/7.1.0/kubernetes-model-networking-7.1.0.jar:/home/runner/.m2/repository/io/fabric8/kubernetes-model-metrics/7.1.0/kubernetes-model-metrics-7.1.0.jar:/home/runner/.m2/repository/io/fabric8/kubernetes-model-policy/7.1.0/kubernetes-model-policy-7.1.0.jar:/home/runner/.m2/repository/io/fabric8/kubernetes-model-scheduling/7.1.0/kubernetes-model-scheduling-7.1.0.jar:/home/runner/.m2/repository/io/fabric8/kubernetes-model-storageclass/7.1.0/kubernetes-model-storageclass-7.1.0.jar:/home/runner/.m2/repository/io/fabric8/kubernetes-model-node/7.1.0/kubernetes-model-node-7.1.0.jar:/home/runner/.m2/repository/org/snakeyaml/snakeyaml-engine/2.9/snakeyaml-engine-2.9.jar:/home/runner/.m2/repository/com/fasterxml/jackson/dataformat/jackson-dataformat-yaml/2.18.2/jackson-dataformat-yaml-2.18.2.jar:/home/runner/.m2/repository/com/fasterxml/jackson/datatype/jackson-datatype-jsr310/2.18.2/jackson-datatype-jsr310-2.18.2.jar:/home/runner/.m2/repository/io/fabric8/zjsonpatch/7.1.0/zjsonpatch-7.1.0.jar:/home/runner/.m2/repository/io/fabric8/kubernetes-httpclient-vertx/7.1.0/kubernetes-httpclient-vertx-7.1.0.jar:/home/runner/.m2/repository/io/vertx/vertx-web-client/4.5.16/vertx-web-client-4.5.16.jar:/home/runner/.m2/repository/io/vertx/vertx-web-common/4.5.16/vertx-web-common-4.5.16.jar:/home/runner/.m2/repository/io/vertx/vertx-auth-common/4.5.16/vertx-auth-common-4.5.16.jar:/home/runner/.m2/repository/io/vertx/vertx-uri-template/4.5.16/vertx-uri-template-4.5.16.jar:/home/runner/.m2/repository/io/fabric8/openshift-client/7.1.0/openshift-client-7.1.0.jar:/home/runner/.m2/repository/io/fabric8/openshift-client-api/7.1.0/openshift-client-api-7.1.0.jar:/home/runner/.m2/repository/io/fabric8/openshift-model/7.1.0/openshift-model-7.1.0.jar:/home/runner/.m2/repository/io/fabric8/openshift-model-autoscaling/7.1.0/openshift-model-autoscaling-7.1.0.jar:/home/runner/.m2/repository/io/fabric8/openshift-model-operator/7.1.0/openshift-model-operator-7.1.0.jar:/home/runner/.m2/repository/io/fabric8/openshift-model-operatorhub/7.1.0/openshift-model-operatorhub-7.1.0.jar:/home/runner/.m2/repository/io/fabric8/openshift-model-machine/7.1.0/openshift-model-machine-7.1.0.jar:/home/runner/.m2/repository/io/fabric8/openshift-model-whereabouts/7.1.0/openshift-model-whereabouts-7.1.0.jar:/home/runner/.m2/repository/io/fabric8/openshift-model-monitoring/7.1.0/openshift-model-monitoring-7.1.0.jar:/home/runner/.m2/repository/io/fabric8/openshift-model-storageversionmigrator/7.1.0/openshift-model-storageversionmigrator-7.1.0.jar:/home/runner/.m2/repository/io/fabric8/openshift-model-tuned/7.1.0/openshift-model-tuned-7.1.0.jar:/home/runner/.m2/repository/io/fabric8/openshift-model-console/7.1.0/openshift-model-console-7.1.0.jar:/home/runner/.m2/repository/io/fabric8/openshift-model-config/7.1.0/openshift-model-config-7.1.0.jar:/home/runner/.m2/repository/io/fabric8/openshift-model-machineconfiguration/7.1.0/openshift-model-machineconfiguration-7.1.0.jar:/home/runner/.m2/repository/io/fabric8/openshift-model-miscellaneous/7.1.0/openshift-model-miscellaneous-7.1.0.jar:/home/runner/.m2/repository/io/fabric8/openshift-model-hive/7.1.0/openshift-model-hive-7.1.0.jar:/home/runner/.m2/repository/io/fabric8/openshift-model-installer/7.1.0/openshift-model-installer-7.1.0.jar:/home/runner/.m2/repository/org/junit/platform/junit-platform-launcher/1.12.1/junit-platform-launcher-1.12.1.jar:/home/runner/.m2/repository/org/junit/platform/junit-platform-engine/1.12.1/junit-platform-engine-1.12.1.jar:/home/runner/.m2/repository/org/opentest4j/opentest4j/1.3.0/opentest4j-1.3.0.jar:/home/runner/.m2/repository/org/junit/platform/junit-platform-commons/1.12.1/junit-platform-commons-1.12.1.jar:/home/runner/.m2/repository/org/apiguardian/apiguardian-api/1.1.2/apiguardian-api-1.1.2.jar:/home/runner/.m2/repository/jakarta/ws/rs/jakarta.ws.rs-api/3.1.0/jakarta.ws.rs-api-3.1.0.jar:/home/runner/work/apicurio-testing/apicurio-testing/clusters/ci419/namespaces/inmemory/tests/integration/apicurio-registry/java-sdk/target/apicurio-registry-java-sdk-3.0.12-SNAPSHOT.jar:/home/runner/.m2/repository/com/microsoft/kiota/microsoft-kiota-abstractions/1.8.8/microsoft-kiota-abstractions-1.8.8.jar:/home/runner/.m2/repository/io/github/std-uritemplate/std-uritemplate/2.0.0/std-uritemplate-2.0.0.jar:/home/runner/.m2/repository/io/kiota/kiota-http-jdk/0.0.29/kiota-http-jdk-0.0.29.jar:/home/runner/.m2/repository/io/kiota/kiota-http-vertx/0.0.29/kiota-http-vertx-0.0.29.jar:/home/runner/.m2/repository/io/kiota/kiota-serialization-jackson/0.0.29/kiota-serialization-jackson-0.0.29.jar:/home/runner/.m2/repository/com/microsoft/kiota/microsoft-kiota-serialization-text/1.8.8/microsoft-kiota-serialization-text-1.8.8.jar:/home/runner/.m2/repository/com/microsoft/kiota/microsoft-kiota-serialization-form/1.8.8/microsoft-kiota-serialization-form-1.8.8.jar:/home/runner/.m2/repository/com/microsoft/kiota/microsoft-kiota-serialization-multipart/1.8.8/microsoft-kiota-serialization-multipart-1.8.8.jar:/home/runner/.m2/repository/jakarta/annotation/jakarta.annotation-api/3.0.0/jakarta.annotation-api-3.0.0.jar:/home/runner/.m2/repository/io/vertx/vertx-auth-oauth2/4.5.16/vertx-auth-oauth2-4.5.16.jar:/home/runner/work/apicurio-testing/apicurio-testing/clusters/ci419/namespaces/inmemory/tests/integration/apicurio-registry/java-sdk-v2/target/apicurio-registry-v2-java-sdk-3.0.12-SNAPSHOT.jar:/home/runner/work/apicurio-testing/apicurio-testing/clusters/ci419/namespaces/inmemory/tests/integration/apicurio-registry/utils/kafka/target/apicurio-registry-utils-kafka-3.0.12-SNAPSHOT-tests.jar:/home/runner/.m2/repository/org/eclipse/microprofile/config/microprofile-config-api/3.1/microprofile-config-api-3.1.jar:/home/runner/.m2/repository/org/apache/kafka/kafka-clients/3.9.1/kafka-clients-3.9.1.jar:/home/runner/.m2/repository/com/github/luben/zstd-jni/1.5.6-4/zstd-jni-1.5.6-4.jar:/home/runner/.m2/repository/org/lz4/lz4-java/1.8.0/lz4-java-1.8.0.jar:/home/runner/.m2/repository/org/xerial/snappy/snappy-java/1.1.10.5/snappy-java-1.1.10.5.jar:/home/runner/.m2/repository/org/slf4j/slf4j-api/2.0.6/slf4j-api-2.0.6.jar:/home/runner/work/apicurio-testing/apicurio-testing/clusters/ci419/namespaces/inmemory/tests/integration/apicurio-registry/utils/tests/target/apicurio-registry-utils-tests-3.0.12-SNAPSHOT.jar:/home/runner/work/apicurio-testing/apicurio-testing/clusters/ci419/namespaces/inmemory/tests/integration/apicurio-registry/common/target/apicurio-registry-common-3.0.12-SNAPSHOT.jar:/home/runner/.m2/repository/jakarta/validation/jakarta.validation-api/3.0.2/jakarta.validation-api-3.0.2.jar:/home/runner/.m2/repository/com/github/dasniko/testcontainers-keycloak/3.8.0/testcontainers-keycloak-3.8.0.jar:/home/runner/.m2/repository/org/testcontainers/testcontainers/1.20.6/testcontainers-1.20.6.jar:/home/runner/.m2/repository/org/rnorth/duct-tape/duct-tape/1.0.8/duct-tape-1.0.8.jar:/home/runner/.m2/repository/com/github/docker-java/docker-java-transport-zerodep/3.4.1/docker-java-transport-zerodep-3.4.1.jar:/home/runner/.m2/repository/com/github/docker-java/docker-java-transport/3.4.1/docker-java-transport-3.4.1.jar:/home/runner/.m2/repository/net/java/dev/jna/jna/5.8.0/jna-5.8.0.jar:/home/runner/.m2/repository/io/quarkus/quarkus-junit4-mock/3.20.2/quarkus-junit4-mock-3.20.2.jar:/home/runner/.m2/repository/org/jboss/shrinkwrap/shrinkwrap-api/2.0.0-beta-2/shrinkwrap-api-2.0.0-beta-2.jar:/home/runner/.m2/repository/org/jboss/shrinkwrap/shrinkwrap-impl-base/2.0.0-beta-2/shrinkwrap-impl-base-2.0.0-beta-2.jar:/home/runner/.m2/repository/org/jboss/shrinkwrap/shrinkwrap-spi/2.0.0-beta-2/shrinkwrap-spi-2.0.0-beta-2.jar:/home/runner/.m2/repository/org/keycloak/keycloak-admin-client/26.0.4/keycloak-admin-client-26.0.4.jar:/home/runner/.m2/repository/org/keycloak/keycloak-client-common-synced/26.0.4/keycloak-client-common-synced-26.0.4.jar:/home/runner/.m2/repository/jakarta/activation/jakarta.activation-api/2.1.3/jakarta.activation-api-2.1.3.jar:/home/runner/.m2/repository/org/eclipse/microprofile/openapi/microprofile-openapi-api/4.0.2/microprofile-openapi-api-4.0.2.jar:/home/runner/.m2/repository/org/jboss/resteasy/resteasy-client/6.2.12.Final/resteasy-client-6.2.12.Final.jar:/home/runner/.m2/repository/org/jboss/resteasy/resteasy-client-api/6.2.12.Final/resteasy-client-api-6.2.12.Final.jar:/home/runner/.m2/repository/org/jboss/resteasy/resteasy-core-spi/6.2.12.Final/resteasy-core-spi-6.2.12.Final.jar:/home/runner/.m2/repository/org/jboss/resteasy/resteasy-core/6.2.12.Final/resteasy-core-6.2.12.Final.jar:/home/runner/.m2/repository/org/eclipse/angus/angus-activation/2.0.2/angus-activation-2.0.2.jar:/home/runner/.m2/repository/com/ibm/async/asyncutil/0.1.0/asyncutil-0.1.0.jar:/home/runner/.m2/repository/org/reactivestreams/reactive-streams/1.0.4/reactive-streams-1.0.4.jar:/home/runner/.m2/repository/org/jboss/resteasy/resteasy-multipart-provider/6.2.12.Final/resteasy-multipart-provider-6.2.12.Final.jar:/home/runner/.m2/repository/jakarta/mail/jakarta.mail-api/2.1.3/jakarta.mail-api-2.1.3.jar:/home/runner/.m2/repository/org/eclipse/angus/angus-mail/2.0.3/angus-mail-2.0.3.jar:/home/runner/.m2/repository/org/apache/james/apache-mime4j-dom/0.8.12/apache-mime4j-dom-0.8.12.jar:/home/runner/.m2/repository/org/apache/james/apache-mime4j-core/0.8.12/apache-mime4j-core-0.8.12.jar:/home/runner/.m2/repository/org/apache/james/apache-mime4j-storage/0.8.12/apache-mime4j-storage-0.8.12.jar:/home/runner/.m2/repository/org/jboss/resteasy/resteasy-jackson2-provider/6.2.12.Final/resteasy-jackson2-provider-6.2.12.Final.jar:/home/runner/.m2/repository/com/fasterxml/jackson/jakarta/rs/jackson-jakarta-rs-base/2.18.2/jackson-jakarta-rs-base-2.18.2.jar:/home/runner/.m2/repository/com/fasterxml/jackson/jakarta/rs/jackson-jakarta-rs-json-provider/2.18.2/jackson-jakarta-rs-json-provider-2.18.2.jar:/home/runner/.m2/repository/com/fasterxml/jackson/module/jackson-module-jakarta-xmlbind-annotations/2.18.2/jackson-module-jakarta-xmlbind-annotations-2.18.2.jar:/home/runner/.m2/repository/com/github/java-json-tools/json-patch/1.13/json-patch-1.13.jar:/home/runner/.m2/repository/com/github/java-json-tools/msg-simple/1.2/msg-simple-1.2.jar:/home/runner/.m2/repository/com/github/java-json-tools/btf/1.3/btf-1.3.jar:/home/runner/.m2/repository/com/github/java-json-tools/jackson-coreutils/2.0/jackson-coreutils-2.0.jar:/home/runner/.m2/repository/org/jboss/resteasy/resteasy-jaxb-provider/6.2.12.Final/resteasy-jaxb-provider-6.2.12.Final.jar:/home/runner/.m2/repository/org/glassfish/jaxb/codemodel/4.0.5/codemodel-4.0.5.jar:/home/runner/.m2/repository/org/glassfish/jaxb/jaxb-core/4.0.5/jaxb-core-4.0.5.jar:/home/runner/.m2/repository/org/glassfish/jaxb/jaxb-jxc/4.0.5/jaxb-jxc-4.0.5.jar:/home/runner/.m2/repository/org/glassfish/jaxb/jaxb-runtime/4.0.5/jaxb-runtime-4.0.5.jar:/home/runner/.m2/repository/org/glassfish/jaxb/txw2/4.0.5/txw2-4.0.5.jar:/home/runner/.m2/repository/org/glassfish/jaxb/jaxb-xjc/4.0.5/jaxb-xjc-4.0.5.jar:/home/runner/.m2/repository/org/glassfish/jaxb/xsom/4.0.5/xsom-4.0.5.jar:/home/runner/.m2/repository/com/sun/istack/istack-commons-runtime/4.1.2/istack-commons-runtime-4.1.2.jar:/home/runner/.m2/repository/com/sun/istack/istack-commons-tools/4.1.2/istack-commons-tools-4.1.2.jar:/home/runner/.m2/repository/com/sun/xml/bind/external/relaxng-datatype/4.0.5/relaxng-datatype-4.0.5.jar:/home/runner/.m2/repository/com/sun/xml/bind/external/rngom/4.0.5/rngom-4.0.5.jar:/home/runner/.m2/repository/org/testcontainers/mssqlserver/1.20.6/mssqlserver-1.20.6.jar:/home/runner/.m2/repository/org/testcontainers/jdbc/1.20.6/jdbc-1.20.6.jar:/home/runner/.m2/repository/org/testcontainers/database-commons/1.20.6/database-commons-1.20.6.jar:/home/runner/.m2/repository/org/testcontainers/mysql/1.20.6/mysql-1.20.6.jar:/home/runner/.m2/repository/io/strimzi/strimzi-test-container/0.111.0/strimzi-test-container-0.111.0.jar:/home/runner/.m2/repository/org/testcontainers/toxiproxy/1.20.6/toxiproxy-1.20.6.jar:/home/runner/.m2/repository/com/github/docker-java/docker-java-api/3.4.1/docker-java-api-3.4.1.jar:/home/runner/.m2/repository/org/apache/logging/log4j/log4j-slf4j-impl/2.19.0/log4j-slf4j-impl-2.19.0.jar:/home/runner/.m2/repository/org/apache/logging/log4j/log4j-api/2.24.3/log4j-api-2.24.3.jar:/home/runner/.m2/repository/org/apache/logging/log4j/log4j-core/2.19.0/log4j-core-2.19.0.jar:/home/runner/.m2/repository/eu/rekawek/toxiproxy/toxiproxy-java/2.1.7/toxiproxy-java-2.1.7.jar:/home/runner/.m2/repository/org/testcontainers/pulsar/1.21.3/pulsar-1.21.3.jar:/home/runner/.m2/repository/io/debezium/debezium-testing-testcontainers/2.7.4.Final/debezium-testing-testcontainers-2.7.4.Final.jar:/home/runner/.m2/repository/org/testcontainers/kafka/1.20.6/kafka-1.20.6.jar:/home/runner/.m2/repository/com/squareup/okhttp3/okhttp/4.8.1/okhttp-4.8.1.jar:/home/runner/.m2/repository/com/squareup/okio/okio/3.10.2/okio-3.10.2.jar:/home/runner/.m2/repository/com/squareup/okio/okio-jvm/3.10.2/okio-jvm-3.10.2.jar:/home/runner/.m2/repository/org/jetbrains/kotlin/kotlin-stdlib/2.0.21/kotlin-stdlib-2.0.21.jar:/home/runner/.m2/repository/org/awaitility/awaitility/4.3.0/awaitility-4.3.0.jar:/home/runner/.m2/repository/org/testcontainers/mongodb/1.20.6/mongodb-1.20.6.jar:/home/runner/.m2/repository/org/testcontainers/mariadb/1.20.6/mariadb-1.20.6.jar:/home/runner/.m2/repository/org/testcontainers/oracle-xe/1.20.6/oracle-xe-1.20.6.jar:/home/runner/.m2/repository/org/testcontainers/postgresql/1.20.6/postgresql-1.20.6.jar:/home/runner/.m2/repository/org/wiremock/wiremock/3.0.1/wiremock-3.0.1.jar:/home/runner/.m2/repository/org/eclipse/jetty/jetty-server/11.0.15/jetty-server-11.0.15.jar:/home/runner/.m2/repository/org/eclipse/jetty/toolchain/jetty-jakarta-servlet-api/5.0.2/jetty-jakarta-servlet-api-5.0.2.jar:/home/runner/.m2/repository/org/eclipse/jetty/jetty-http/11.0.15/jetty-http-11.0.15.jar:/home/runner/.m2/repository/org/eclipse/jetty/jetty-io/11.0.15/jetty-io-11.0.15.jar:/home/runner/.m2/repository/org/eclipse/jetty/jetty-servlet/11.0.15/jetty-servlet-11.0.15.jar:/home/runner/.m2/repository/org/eclipse/jetty/jetty-security/11.0.15/jetty-security-11.0.15.jar:/home/runner/.m2/repository/org/eclipse/jetty/jetty-servlets/11.0.15/jetty-servlets-11.0.15.jar:/home/runner/.m2/repository/org/eclipse/jetty/jetty-util/11.0.15/jetty-util-11.0.15.jar:/home/runner/.m2/repository/org/eclipse/jetty/jetty-webapp/11.0.15/jetty-webapp-11.0.15.jar:/home/runner/.m2/repository/org/eclipse/jetty/jetty-xml/11.0.15/jetty-xml-11.0.15.jar:/home/runner/.m2/repository/org/eclipse/jetty/jetty-proxy/11.0.15/jetty-proxy-11.0.15.jar:/home/runner/.m2/repository/org/eclipse/jetty/jetty-client/11.0.15/jetty-client-11.0.15.jar:/home/runner/.m2/repository/org/eclipse/jetty/http2/http2-server/11.0.15/http2-server-11.0.15.jar:/home/runner/.m2/repository/org/eclipse/jetty/http2/http2-common/11.0.15/http2-common-11.0.15.jar:/home/runner/.m2/repository/org/eclipse/jetty/http2/http2-hpack/11.0.15/http2-hpack-11.0.15.jar:/home/runner/.m2/repository/org/eclipse/jetty/jetty-alpn-server/11.0.15/jetty-alpn-server-11.0.15.jar:/home/runner/.m2/repository/org/eclipse/jetty/jetty-alpn-java-server/11.0.15/jetty-alpn-java-server-11.0.15.jar:/home/runner/.m2/repository/org/eclipse/jetty/jetty-alpn-java-client/11.0.15/jetty-alpn-java-client-11.0.15.jar:/home/runner/.m2/repository/org/eclipse/jetty/jetty-alpn-client/11.0.15/jetty-alpn-client-11.0.15.jar:/home/runner/.m2/repository/org/apache/httpcomponents/client5/httpclient5/5.2.1/httpclient5-5.2.1.jar:/home/runner/.m2/repository/org/apache/httpcomponents/core5/httpcore5/5.2/httpcore5-5.2.jar:/home/runner/.m2/repository/org/apache/httpcomponents/core5/httpcore5-h2/5.2/httpcore5-h2-5.2.jar:/home/runner/.m2/repository/org/xmlunit/xmlunit-core/2.9.1/xmlunit-core-2.9.1.jar:/home/runner/.m2/repository/jakarta/xml/bind/jakarta.xml.bind-api/4.0.2/jakarta.xml.bind-api-4.0.2.jar:/home/runner/.m2/repository/org/xmlunit/xmlunit-legacy/2.9.1/xmlunit-legacy-2.9.1.jar:/home/runner/.m2/repository/org/xmlunit/xmlunit-placeholders/2.9.1/xmlunit-placeholders-2.9.1.jar:/home/runner/.m2/repository/net/javacrumbs/json-unit/json-unit-core/2.38.0/json-unit-core-2.38.0.jar:/home/runner/.m2/repository/org/hamcrest/hamcrest-core/2.2/hamcrest-core-2.2.jar:/home/runner/.m2/repository/com/jayway/jsonpath/json-path/2.8.0/json-path-2.8.0.jar:/home/runner/.m2/repository/net/minidev/json-smart/2.4.10/json-smart-2.4.10.jar:/home/runner/.m2/repository/net/minidev/accessors-smart/2.4.9/accessors-smart-2.4.9.jar:/home/runner/.m2/repository/org/ow2/asm/asm/9.7.1/asm-9.7.1.jar:/home/runner/.m2/repository/net/sf/jopt-simple/jopt-simple/5.0.4/jopt-simple-5.0.4.jar:/home/runner/.m2/repository/com/github/jknack/handlebars/4.3.1/handlebars-4.3.1.jar:/home/runner/.m2/repository/com/github/jknack/handlebars-helpers/4.3.1/handlebars-helpers-4.3.1.jar:/home/runner/.m2/repository/commons-fileupload/commons-fileupload/1.5/commons-fileupload-1.5.jar:/home/runner/.m2/repository/com/networknt/json-schema-validator/1.5.8/json-schema-validator-1.5.8.jar:/home/runner/.m2/repository/com/ethlo/time/itu/1.10.3/itu-1.10.3.jar:/home/runner/.m2/repository/io/quarkus/quarkus-smallrye-jwt-build/3.20.2/quarkus-smallrye-jwt-build-3.20.2.jar:/home/runner/.m2/repository/io/smallrye/smallrye-jwt-build/4.6.2/smallrye-jwt-build-4.6.2.jar:/home/runner/.m2/repository/org/eclipse/microprofile/jwt/microprofile-jwt-auth-api/2.1/microprofile-jwt-auth-api-2.1.jar:/home/runner/.m2/repository/org/bitbucket/b_c/jose4j/0.9.6/jose4j-0.9.6.jar:/home/runner/.m2/repository/io/smallrye/smallrye-jwt-common/4.6.2/smallrye-jwt-common-4.6.2.jar:/home/runner/.m2/repository/io/quarkus/quarkus-jsonp/3.20.2/quarkus-jsonp-3.20.2.jar:/home/runner/.m2/repository/io/quarkus/quarkus-arc/3.20.2/quarkus-arc-3.20.2.jar:/home/runner/.m2/repository/io/quarkus/arc/arc/3.20.2/arc-3.20.2.jar:/home/runner/.m2/repository/jakarta/transaction/jakarta.transaction-api/2.0.1/jakarta.transaction-api-2.0.1.jar:/home/runner/.m2/repository/io/smallrye/reactive/mutiny/2.9.2/mutiny-2.9.2.jar:/home/runner/.m2/repository/org/jctools/jctools-core/4.0.5/jctools-core-4.0.5.jar:/home/runner/.m2/repository/org/eclipse/microprofile/context-propagation/microprofile-context-propagation-api/1.3/microprofile-context-propagation-api-1.3.jar:/home/runner/.m2/repository/io/apicurio/apicurio-common-rest-client-common/0.1.18.Final/apicurio-common-rest-client-common-0.1.18.Final.jar:/home/runner/work/apicurio-testing/apicurio-testing/clusters/ci419/namespaces/inmemory/tests/integration/apicurio-registry/utils/maven-plugin/target/apicurio-registry-maven-plugin-3.0.12-SNAPSHOT.jar:/home/runner/.m2/repository/com/fasterxml/jackson/core/jackson-databind/2.18.2/jackson-databind-2.18.2.jar:/home/runner/.m2/repository/org/apache/avro/avro/1.12.0/avro-1.12.0.jar:/home/runner/.m2/repository/com/google/protobuf/protobuf-java/4.31.1/protobuf-java-4.31.1.jar:/home/runner/.m2/repository/com/google/protobuf/protobuf-java-util/4.31.1/protobuf-java-util-4.31.1.jar:/home/runner/.m2/repository/com/google/code/findbugs/jsr305/3.0.2/jsr305-3.0.2.jar:/home/runner/.m2/repository/com/google/code/gson/gson/2.12.1/gson-2.12.1.jar:/home/runner/.m2/repository/com/google/errorprone/error_prone_annotations/2.36.0/error_prone_annotations-2.36.0.jar:/home/runner/.m2/repository/com/google/j2objc/j2objc-annotations/2.8/j2objc-annotations-2.8.jar:/home/runner/work/apicurio-testing/apicurio-testing/clusters/ci419/namespaces/inmemory/tests/integration/apicurio-registry/schema-util/util-provider/target/apicurio-registry-schema-util-provider-3.0.12-SNAPSHOT.jar:/home/runner/work/apicurio-testing/apicurio-testing/clusters/ci419/namespaces/inmemory/tests/integration/apicurio-registry/schema-util/common/target/apicurio-registry-schema-util-common-3.0.12-SNAPSHOT.jar:/home/runner/.m2/repository/com/fasterxml/jackson/module/jackson-module-parameter-names/2.18.2/jackson-module-parameter-names-2.18.2.jar:/home/runner/.m2/repository/com/fasterxml/jackson/datatype/jackson-datatype-json-org/2.18.2/jackson-datatype-json-org-2.18.2.jar:/home/runner/work/apicurio-testing/apicurio-testing/clusters/ci419/namespaces/inmemory/tests/integration/apicurio-registry/schema-util/json/target/apicurio-registry-schema-util-json-3.0.12-SNAPSHOT.jar:/home/runner/.m2/repository/com/github/erosb/everit-json-schema/1.14.5/everit-json-schema-1.14.5.jar:/home/runner/.m2/repository/commons-validator/commons-validator/1.9.0/commons-validator-1.9.0.jar:/home/runner/.m2/repository/commons-digester/commons-digester/2.1/commons-digester-2.1.jar:/home/runner/.m2/repository/commons-collections/commons-collections/3.2.2/commons-collections-3.2.2.jar:/home/runner/.m2/repository/com/damnhandy/handy-uri-templates/2.1.8/handy-uri-templates-2.1.8.jar:/home/runner/.m2/repository/joda-time/joda-time/2.10.2/joda-time-2.10.2.jar:/home/runner/.m2/repository/com/github/erosb/json-sKema/0.20.0/json-sKema-0.20.0.jar:/home/runner/.m2/repository/io/vertx/vertx-json-schema/4.5.16/vertx-json-schema-4.5.16.jar:/home/runner/work/apicurio-testing/apicurio-testing/clusters/ci419/namespaces/inmemory/tests/integration/apicurio-registry/schema-util/protobuf/target/apicurio-registry-schema-util-protobuf-3.0.12-SNAPSHOT.jar:/home/runner/work/apicurio-testing/apicurio-testing/clusters/ci419/namespaces/inmemory/tests/integration/apicurio-registry/utils/protobuf-schema-utilities/target/apicurio-registry-protobuf-schema-utilities-3.0.12-SNAPSHOT.jar:/home/runner/.m2/repository/com/google/api/grpc/proto-google-common-protos/2.52.0/proto-google-common-protos-2.52.0.jar:/home/runner/.m2/repository/com/squareup/wire/wire-schema-jvm/5.3.3/wire-schema-jvm-5.3.3.jar:/home/runner/.m2/repository/com/palantir/javapoet/javapoet/0.6.0/javapoet-0.6.0.jar:/home/runner/.m2/repository/com/squareup/kotlinpoet-jvm/2.0.0/kotlinpoet-jvm-2.0.0.jar:/home/runner/.m2/repository/org/jetbrains/kotlin/kotlin-reflect/2.0.21/kotlin-reflect-2.0.21.jar:/home/runner/.m2/repository/com/squareup/wire/wire-runtime-jvm/5.3.3/wire-runtime-jvm-5.3.3.jar:/home/runner/.m2/repository/com/ibm/icu/icu4j/76.1/icu4j-76.1.jar:/home/runner/.m2/repository/com/squareup/okio/okio-fakefilesystem/3.10.2/okio-fakefilesystem-3.10.2.jar:/home/runner/.m2/repository/com/squareup/okio/okio-fakefilesystem-jvm/3.10.2/okio-fakefilesystem-jvm-3.10.2.jar:/home/runner/.m2/repository/org/jetbrains/kotlinx/kotlinx-datetime-jvm/0.6.1/kotlinx-datetime-jvm-0.6.1.jar:/home/runner/work/apicurio-testing/apicurio-testing/clusters/ci419/namespaces/inmemory/tests/integration/apicurio-registry/schema-util/asyncapi/target/apicurio-registry-schema-util-asyncapi-3.0.12-SNAPSHOT.jar:/home/runner/work/apicurio-testing/apicurio-testing/clusters/ci419/namespaces/inmemory/tests/integration/apicurio-registry/schema-util/avro/target/apicurio-registry-schema-util-avro-3.0.12-SNAPSHOT.jar:/home/runner/work/apicurio-testing/apicurio-testing/clusters/ci419/namespaces/inmemory/tests/integration/apicurio-registry/schema-util/graphql/target/apicurio-registry-schema-util-graphql-3.0.12-SNAPSHOT.jar:/home/runner/.m2/repository/com/graphql-java/graphql-java/22.4/graphql-java-22.4.jar:/home/runner/.m2/repository/com/graphql-java/java-dataloader/3.3.0/java-dataloader-3.3.0.jar:/home/runner/work/apicurio-testing/apicurio-testing/clusters/ci419/namespaces/inmemory/tests/integration/apicurio-registry/schema-util/kconnect/target/apicurio-registry-schema-util-kconnect-3.0.12-SNAPSHOT.jar:/home/runner/work/apicurio-testing/apicurio-testing/clusters/ci419/namespaces/inmemory/tests/integration/apicurio-registry/schema-util/openapi/target/apicurio-registry-schema-util-openapi-3.0.12-SNAPSHOT.jar:/home/runner/.m2/repository/io/apicurio/apicurio-data-models/2.2.2/apicurio-data-models-2.2.2.jar:/home/runner/.m2/repository/org/openapitools/openapidiff/openapi-diff-core/2.1.2/openapi-diff-core-2.1.2.jar:/home/runner/.m2/repository/io/swagger/parser/v3/swagger-parser/2.1.28/swagger-parser-2.1.28.jar:/home/runner/.m2/repository/io/swagger/parser/v3/swagger-parser-v2-converter/2.1.28/swagger-parser-v2-converter-2.1.28.jar:/home/runner/.m2/repository/io/swagger/swagger-core/1.6.16/swagger-core-1.6.16.jar:/home/runner/.m2/repository/io/swagger/swagger-models/1.6.16/swagger-models-1.6.16.jar:/home/runner/.m2/repository/io/swagger/swagger-annotations/1.6.16/swagger-annotations-1.6.16.jar:/home/runner/.m2/repository/io/swagger/swagger-parser/1.0.75/swagger-parser-1.0.75.jar:/home/runner/.m2/repository/io/swagger/swagger-parser-safe-url-resolver/1.0.75/swagger-parser-safe-url-resolver-1.0.75.jar:/home/runner/.m2/repository/io/swagger/swagger-compat-spec-parser/1.0.75/swagger-compat-spec-parser-1.0.75.jar:/home/runner/.m2/repository/com/github/java-json-tools/json-schema-validator/2.2.14/json-schema-validator-2.2.14.jar:/home/runner/.m2/repository/com/github/java-json-tools/jackson-coreutils-equivalence/1.0/jackson-coreutils-equivalence-1.0.jar:/home/runner/.m2/repository/com/github/java-json-tools/json-schema-core/1.2.14/json-schema-core-1.2.14.jar:/home/runner/.m2/repository/com/github/java-json-tools/uri-template/0.10/uri-template-0.10.jar:/home/runner/.m2/repository/com/googlecode/libphonenumber/libphonenumber/8.11.1/libphonenumber-8.11.1.jar:/home/runner/.m2/repository/com/j2html/j2html/1.6.0/j2html-1.6.0.jar:/home/runner/.m2/repository/org/apache/commons/commons-collections4/4.5.0/commons-collections4-4.5.0.jar:/home/runner/.m2/repository/org/slf4j/jcl-over-slf4j/2.0.17/jcl-over-slf4j-2.0.17.jar:/home/runner/.m2/repository/io/swagger/parser/v3/swagger-parser-v3/2.1.31/swagger-parser-v3-2.1.31.jar:/home/runner/.m2/repository/io/swagger/core/v3/swagger-models/2.2.34/swagger-models-2.2.34.jar:/home/runner/.m2/repository/io/swagger/core/v3/swagger-core/2.2.34/swagger-core-2.2.34.jar:/home/runner/.m2/repository/io/swagger/parser/v3/swagger-parser-core/2.1.31/swagger-parser-core-2.1.31.jar:/home/runner/.m2/repository/io/swagger/parser/v3/swagger-parser-safe-url-resolver/2.1.31/swagger-parser-safe-url-resolver-2.1.31.jar:/home/runner/work/apicurio-testing/apicurio-testing/clusters/ci419/namespaces/inmemory/tests/integration/apicurio-registry/schema-util/wsdl/target/apicurio-registry-schema-util-wsdl-3.0.12-SNAPSHOT.jar:/home/runner/.m2/repository/wsdl4j/wsdl4j/1.6.3/wsdl4j-1.6.3.jar:/home/runner/work/apicurio-testing/apicurio-testing/clusters/ci419/namespaces/inmemory/tests/integration/apicurio-registry/schema-util/xml/target/apicurio-registry-schema-util-xml-3.0.12-SNAPSHOT.jar:/home/runner/.m2/repository/org/apache/santuario/xmlsec/4.0.4/xmlsec-4.0.4.jar:/home/runner/.m2/repository/com/fasterxml/woodstox/woodstox-core/7.1.1/woodstox-core-7.1.1.jar:/home/runner/.m2/repository/org/codehaus/woodstox/stax2-api/4.2.2/stax2-api-4.2.2.jar:/home/runner/work/apicurio-testing/apicurio-testing/clusters/ci419/namespaces/inmemory/tests/integration/apicurio-registry/schema-util/xsd/target/apicurio-registry-schema-util-xsd-3.0.12-SNAPSHOT.jar:/home/runner/work/apicurio-testing/apicurio-testing/clusters/ci419/namespaces/inmemory/tests/integration/apicurio-registry/serdes/kafka/jsonschema-serde/target/apicurio-registry-jsonschema-serde-kafka-3.0.12-SNAPSHOT.jar:/home/runner/work/apicurio-testing/apicurio-testing/clusters/ci419/namespaces/inmemory/tests/integration/apicurio-registry/serdes/kafka/serde-kafka-common/target/apicurio-registry-serde-kafka-common-3.0.12-SNAPSHOT.jar:/home/runner/work/apicurio-testing/apicurio-testing/clusters/ci419/namespaces/inmemory/tests/integration/apicurio-registry/serdes/generic/serde-common/target/apicurio-registry-serde-common-3.0.12-SNAPSHOT.jar:/home/runner/work/apicurio-testing/apicurio-testing/clusters/ci419/namespaces/inmemory/tests/integration/apicurio-registry/serdes/generic/serde-common-jsonschema/target/apicurio-registry-serde-common-jsonschema-3.0.12-SNAPSHOT.jar:/home/runner/.m2/repository/org/json/json/20250107/json-20250107.jar:/home/runner/work/apicurio-testing/apicurio-testing/clusters/ci419/namespaces/inmemory/tests/integration/apicurio-registry/serdes/kafka/avro-serde/target/apicurio-registry-avro-serde-kafka-3.0.12-SNAPSHOT.jar:/home/runner/work/apicurio-testing/apicurio-testing/clusters/ci419/namespaces/inmemory/tests/integration/apicurio-registry/serdes/generic/serde-common-avro/target/apicurio-registry-serde-common-avro-3.0.12-SNAPSHOT.jar:/home/runner/work/apicurio-testing/apicurio-testing/clusters/ci419/namespaces/inmemory/tests/integration/apicurio-registry/serdes/kafka/protobuf-serde/target/apicurio-registry-protobuf-serde-kafka-3.0.12-SNAPSHOT.jar:/home/runner/work/apicurio-testing/apicurio-testing/clusters/ci419/namespaces/inmemory/tests/integration/apicurio-registry/serdes/generic/serde-common-protobuf/target/apicurio-registry-serde-common-protobuf-3.0.12-SNAPSHOT.jar:/home/runner/.m2/repository/com/squareup/wire/wire-schema/5.3.3/wire-schema-5.3.3.jar:/home/runner/.m2/repository/com/squareup/wire/wire-runtime/5.3.3/wire-runtime-5.3.3.jar:/home/runner/work/apicurio-testing/apicurio-testing/clusters/ci419/namespaces/inmemory/tests/integration/apicurio-registry/serdes/pulsar/avro-serde/target/apicurio-registry-avro-serde-pulsar-3.0.12-SNAPSHOT.jar:/home/runner/.m2/repository/org/apache/pulsar/pulsar-functions-api/3.3.8/pulsar-functions-api-3.3.8.jar:/home/runner/work/apicurio-testing/apicurio-testing/clusters/ci419/namespaces/inmemory/tests/integration/apicurio-registry/serdes/nats/avro-serde/target/apicurio-registry-avro-serde-nats-3.0.12-SNAPSHOT.jar:/home/runner/.m2/repository/io/nats/jnats/2.21.4/jnats-2.21.4.jar:/home/runner/.m2/repository/org/bouncycastle/bcprov-lts8on/2.73.7/bcprov-lts8on-2.73.7.jar:/home/runner/.m2/repository/org/jetbrains/annotations/26.0.2/annotations-26.0.2.jar:/home/runner/work/apicurio-testing/apicurio-testing/clusters/ci419/namespaces/inmemory/tests/integration/apicurio-registry/utils/converter/target/apicurio-registry-utils-converter-3.0.12-SNAPSHOT.jar:/home/runner/work/apicurio-testing/apicurio-testing/clusters/ci419/namespaces/inmemory/tests/integration/apicurio-registry/schema-resolver/target/apicurio-registry-schema-resolver-3.0.12-SNAPSHOT.jar:/home/runner/.m2/repository/org/apache/kafka/connect-api/3.9.1/connect-api-3.9.1.jar:/home/runner/.m2/repository/javax/ws/rs/javax.ws.rs-api/2.1.1/javax.ws.rs-api-2.1.1.jar:/home/runner/.m2/repository/org/apache/kafka/connect-json/3.9.1/connect-json-3.9.1.jar:/home/runner/.m2/repository/com/fasterxml/jackson/datatype/jackson-datatype-jdk8/2.18.2/jackson-datatype-jdk8-2.18.2.jar:/home/runner/.m2/repository/com/fasterxml/jackson/module/jackson-module-afterburner/2.18.2/jackson-module-afterburner-2.18.2.jar:/home/runner/work/apicurio-testing/apicurio-testing/clusters/ci419/namespaces/inmemory/tests/integration/apicurio-registry/utils/kafka/target/apicurio-registry-utils-kafka-3.0.12-SNAPSHOT.jar:/home/runner/.m2/repository/org/apache/pulsar/pulsar-client/3.3.8/pulsar-client-3.3.8.jar:/home/runner/.m2/repository/org/apache/pulsar/pulsar-client-api/3.3.8/pulsar-client-api-3.3.8.jar:/home/runner/.m2/repository/org/apache/pulsar/pulsar-client-admin-api/3.3.8/pulsar-client-admin-api-3.3.8.jar:/home/runner/.m2/repository/org/apache/pulsar/bouncy-castle-bc/3.3.8/bouncy-castle-bc-3.3.8-pkg.jar:/home/runner/.m2/repository/org/bouncycastle/bcpkix-jdk18on/1.81/bcpkix-jdk18on-1.81.jar:/home/runner/.m2/repository/org/bouncycastle/bcutil-jdk18on/1.81/bcutil-jdk18on-1.81.jar:/home/runner/.m2/repository/org/bouncycastle/bcprov-jdk18on/1.81/bcprov-jdk18on-1.81.jar:/home/runner/.m2/repository/io/opentelemetry/opentelemetry-api/1.44.1/opentelemetry-api-1.44.1.jar:/home/runner/.m2/repository/io/opentelemetry/opentelemetry-context/1.44.1/opentelemetry-context-1.44.1.jar:/home/runner/.m2/repository/io/opentelemetry/opentelemetry-api-incubator/1.44.1-alpha/opentelemetry-api-incubator-1.44.1-alpha.jar:/home/runner/.m2/repository/com/fasterxml/jackson/core/jackson-annotations/2.18.2/jackson-annotations-2.18.2.jar:/home/runner/.m2/repository/javax/validation/validation-api/1.1.0.Final/validation-api-1.1.0.Final.jar:/home/runner/.m2/repository/org/jspecify/jspecify/1.0.0/jspecify-1.0.0.jar:/home/runner/.m2/repository/org/apache/commons/commons-configuration2/2.12.0/commons-configuration2-2.12.0.jar:/home/runner/.m2/repository/commons-logging/commons-logging/1.3.5/commons-logging-1.3.5.jar:/home/runner/.m2/repository/org/apache/commons/commons-text/1.13.0/commons-text-1.13.0.jar:/home/runner/.m2/repository/io/confluent/kafka-avro-serializer/8.0.0/kafka-avro-serializer-8.0.0.jar:/home/runner/.m2/repository/org/apache/commons/commons-compress/1.27.1/commons-compress-1.27.1.jar:/home/runner/.m2/repository/io/confluent/kafka-schema-serializer/8.0.0/kafka-schema-serializer-8.0.0.jar:/home/runner/.m2/repository/com/fasterxml/jackson/dataformat/jackson-dataformat-csv/2.18.2/jackson-dataformat-csv-2.18.2.jar:/home/runner/.m2/repository/io/confluent/kafka-schema-registry-client/8.0.0/kafka-schema-registry-client-8.0.0.jar:/home/runner/.m2/repository/org/yaml/snakeyaml/2.3/snakeyaml-2.3.jar:/home/runner/.m2/repository/io/swagger/core/v3/swagger-annotations/2.2.29/swagger-annotations-2.2.29.jar:/home/runner/.m2/repository/com/google/guava/guava/33.4.0-jre/guava-33.4.0-jre.jar:/home/runner/.m2/repository/com/google/guava/failureaccess/1.0.1/failureaccess-1.0.1.jar:/home/runner/.m2/repository/org/checkerframework/checker-qual/3.49.0/checker-qual-3.49.0.jar:/home/runner/.m2/repository/io/confluent/logredactor/1.0.13/logredactor-1.0.13.jar:/home/runner/.m2/repository/com/google/re2j/re2j/1.6/re2j-1.6.jar:/home/runner/.m2/repository/io/confluent/logredactor-metrics/1.0.13/logredactor-metrics-1.0.13.jar:/home/runner/.m2/repository/com/eclipsesource/minimal-json/minimal-json/0.9.5/minimal-json-0.9.5.jar:/home/runner/.m2/repository/io/confluent/common-utils/8.0.0/common-utils-8.0.0.jar:/home/runner/.m2/repository/io/confluent/kafka-connect-avro-converter/8.0.0/kafka-connect-avro-converter-8.0.0.jar:/home/runner/.m2/repository/io/confluent/kafka-connect-avro-data/8.0.0/kafka-connect-avro-data-8.0.0.jar:/home/runner/.m2/repository/io/confluent/kafka-schema-converter/8.0.0/kafka-schema-converter-8.0.0.jar:/home/runner/.m2/repository/io/rest-assured/rest-assured/5.5.1/rest-assured-5.5.1.jar:/home/runner/.m2/repository/org/apache/groovy/groovy/4.0.22/groovy-4.0.22.jar:/home/runner/.m2/repository/org/apache/groovy/groovy-xml/4.0.22/groovy-xml-4.0.22.jar:/home/runner/.m2/repository/org/apache/httpcomponents/httpclient/4.5.14/httpclient-4.5.14.jar:/home/runner/.m2/repository/org/apache/httpcomponents/httpcore/4.4.16/httpcore-4.4.16.jar:/home/runner/.m2/repository/org/apache/httpcomponents/httpmime/4.5.14/httpmime-4.5.14.jar:/home/runner/.m2/repository/org/hamcrest/hamcrest/2.2/hamcrest-2.2.jar:/home/runner/.m2/repository/org/ccil/cowan/tagsoup/tagsoup/1.2.1/tagsoup-1.2.1.jar:/home/runner/.m2/repository/io/rest-assured/json-path/5.5.1/json-path-5.5.1.jar:/home/runner/.m2/repository/org/apache/groovy/groovy-json/4.0.22/groovy-json-4.0.22.jar:/home/runner/.m2/repository/io/rest-assured/rest-assured-common/5.5.1/rest-assured-common-5.5.1.jar:/home/runner/.m2/repository/io/rest-assured/xml-path/5.5.1/xml-path-5.5.1.jar:/home/runner/.m2/repository/io/zonky/test/embedded-postgres/2.1.0/embedded-postgres-2.1.0.jar:/home/runner/.m2/repository/io/zonky/test/postgres/embedded-postgres-binaries-windows-amd64/14.15.0/embedded-postgres-binaries-windows-amd64-14.15.0.jar:/home/runner/.m2/repository/io/zonky/test/postgres/embedded-postgres-binaries-darwin-amd64/14.15.0/embedded-postgres-binaries-darwin-amd64-14.15.0.jar:/home/runner/.m2/repository/io/zonky/test/postgres/embedded-postgres-binaries-linux-amd64/14.15.0/embedded-postgres-binaries-linux-amd64-14.15.0.jar:/home/runner/.m2/repository/io/zonky/test/postgres/embedded-postgres-binaries-linux-amd64-alpine/14.15.0/embedded-postgres-binaries-linux-amd64-alpine-14.15.0.jar:/home/runner/.m2/repository/org/apache/commons/commons-lang3/3.17.0/commons-lang3-3.17.0.jar:/home/runner/.m2/repository/org/tukaani/xz/1.10/xz-1.10.jar:/home/runner/.m2/repository/commons-codec/commons-codec/1.19.0/commons-codec-1.19.0.jar:/home/runner/.m2/repository/org/postgresql/postgresql/42.7.7/postgresql-42.7.7.jar:/home/runner/.m2/repository/commons-io/commons-io/2.18.0/commons-io-2.18.0.jar:/home/runner/work/apicurio-testing/apicurio-testing/clusters/ci419/namespaces/inmemory/tests/integration/apicurio-registry/utils/importexport/target/apicurio-registry-utils-import-export-3.0.12-SNAPSHOT.jar:/home/runner/.m2/repository/io/vertx/vertx-core/4.5.16/vertx-core-4.5.16.jar:/home/runner/.m2/repository/io/netty/netty-common/4.1.121.Final/netty-common-4.1.121.Final.jar:/home/runner/.m2/repository/io/netty/netty-buffer/4.1.121.Final/netty-buffer-4.1.121.Final.jar:/home/runner/.m2/repository/io/netty/netty-transport/4.1.121.Final/netty-transport-4.1.121.Final.jar:/home/runner/.m2/repository/io/netty/netty-handler/4.1.121.Final/netty-handler-4.1.121.Final.jar:/home/runner/.m2/repository/io/netty/netty-transport-native-unix-common/4.1.121.Final/netty-transport-native-unix-common-4.1.121.Final.jar:/home/runner/.m2/repository/io/netty/netty-codec/4.1.121.Final/netty-codec-4.1.121.Final.jar:/home/runner/.m2/repository/io/netty/netty-handler-proxy/4.1.121.Final/netty-handler-proxy-4.1.121.Final.jar:/home/runner/.m2/repository/io/netty/netty-codec-socks/4.1.121.Final/netty-codec-socks-4.1.121.Final.jar:/home/runner/.m2/repository/io/netty/netty-codec-http/4.1.121.Final/netty-codec-http-4.1.121.Final.jar:/home/runner/.m2/repository/io/netty/netty-codec-http2/4.1.121.Final/netty-codec-http2-4.1.121.Final.jar:/home/runner/.m2/repository/io/netty/netty-resolver/4.1.121.Final/netty-resolver-4.1.121.Final.jar:/home/runner/.m2/repository/io/netty/netty-resolver-dns/4.1.121.Final/netty-resolver-dns-4.1.121.Final.jar:/home/runner/.m2/repository/io/netty/netty-codec-dns/4.1.121.Final/netty-codec-dns-4.1.121.Final.jar:/home/runner/.m2/repository/com/fasterxml/jackson/core/jackson-core/2.18.2/jackson-core-2.18.2.jar:"/>
    <property name="java.vm.vendor" value="Eclipse Adoptium"/>
    <property name="maven.javadoc.skip" value="true"/>
    <property name="sun.arch.data.model" value="64"/>
    <property name="java.vendor.url" value="https://adoptium.net/"/>
    <property name="user.timezone" value="Etc/UTC"/>
    <property name="os.name" value="Linux"/>
    <property name="java.vm.specification.version" value="17"/>
    <property name="sun.java.launcher" value="SUN_STANDARD"/>
    <property name="quarkus.http.test-port" value="80"/>
    <property name="sun.boot.library.path" value="/usr/lib/jvm/temurin-17-jdk-amd64/lib"/>
    <property name="sun.java.command" value="/home/runner/work/apicurio-testing/apicurio-testing/clusters/ci419/namespaces/inmemory/tests/integration/apicurio-registry/integration-tests/target/surefire/surefirebooter-20250805170136951_3.jar /home/runner/work/apicurio-testing/apicurio-testing/clusters/ci419/namespaces/inmemory/tests/integration/apicurio-registry/integration-tests/target/surefire 2025-08-05T17-01-36_841-jvmRun1 surefire-20250805170136951_1tmp surefire_0-20250805170136951_2tmp"/>
    <property name="maven.home" value="/home/runner/.m2/wrapper/dists/apache-maven-3.9.8-bin/4fnp1ql35bgk2a0p7m31ovbgb0/apache-maven-3.9.8"/>
    <property name="jdk.debug" value="release"/>
    <property name="surefire.test.class.path" value="/home/runner/work/apicurio-testing/apicurio-testing/clusters/ci419/namespaces/inmemory/tests/integration/apicurio-registry/integration-tests/target/test-classes:/home/runner/work/apicurio-testing/apicurio-testing/clusters/ci419/namespaces/inmemory/tests/integration/apicurio-registry/integration-tests/target/apicurio-registry-integration-tests-3.0.12-SNAPSHOT.jar:/home/runner/.m2/repository/io/quarkus/quarkus-junit5/3.20.2/quarkus-junit5-3.20.2.jar:/home/runner/.m2/repository/io/quarkus/quarkus-bootstrap-core/3.20.2/quarkus-bootstrap-core-3.20.2.jar:/home/runner/.m2/repository/io/quarkus/quarkus-classloader-commons/3.20.2/quarkus-classloader-commons-3.20.2.jar:/home/runner/.m2/repository/io/quarkus/quarkus-bootstrap-app-model/3.20.2/quarkus-bootstrap-app-model-3.20.2.jar:/home/runner/.m2/repository/io/smallrye/common/smallrye-common-io/2.12.0/smallrye-common-io-2.12.0.jar:/home/runner/.m2/repository/org/eclipse/sisu/org.eclipse.sisu.inject/0.9.0.M3/org.eclipse.sisu.inject-0.9.0.M3.jar:/home/runner/.m2/repository/io/quarkus/quarkus-test-common/3.20.2/quarkus-test-common-3.20.2.jar:/home/runner/.m2/repository/io/quarkus/quarkus-core-deployment/3.20.2/quarkus-core-deployment-3.20.2.jar:/home/runner/.m2/repository/org/aesh/readline/2.6/readline-2.6.jar:/home/runner/.m2/repository/org/fusesource/jansi/jansi/2.4.0/jansi-2.4.0.jar:/home/runner/.m2/repository/org/aesh/aesh/2.8.2/aesh-2.8.2.jar:/home/runner/.m2/repository/io/quarkus/gizmo/gizmo/1.8.0/gizmo-1.8.0.jar:/home/runner/.m2/repository/org/ow2/asm/asm-util/9.7.1/asm-util-9.7.1.jar:/home/runner/.m2/repository/org/ow2/asm/asm-analysis/9.7.1/asm-analysis-9.7.1.jar:/home/runner/.m2/repository/org/ow2/asm/asm-commons/9.7.1/asm-commons-9.7.1.jar:/home/runner/.m2/repository/org/ow2/asm/asm-tree/9.7.1/asm-tree-9.7.1.jar:/home/runner/.m2/repository/io/quarkus/quarkus-hibernate-validator-spi/3.20.2/quarkus-hibernate-validator-spi-3.20.2.jar:/home/runner/.m2/repository/io/quarkus/quarkus-class-change-agent/3.20.2/quarkus-class-change-agent-3.20.2.jar:/home/runner/.m2/repository/io/quarkus/quarkus-devtools-utilities/3.20.2/quarkus-devtools-utilities-3.20.2.jar:/home/runner/.m2/repository/io/quarkus/quarkus-builder/3.20.2/quarkus-builder-3.20.2.jar:/home/runner/.m2/repository/org/graalvm/sdk/nativeimage/23.1.2/nativeimage-23.1.2.jar:/home/runner/.m2/repository/org/graalvm/sdk/word/23.1.2/word-23.1.2.jar:/home/runner/.m2/repository/io/quarkus/quarkus-bootstrap-maven-resolver/3.20.2/quarkus-bootstrap-maven-resolver-3.20.2.jar:/home/runner/.m2/repository/io/smallrye/beanbag/smallrye-beanbag-maven/1.5.2/smallrye-beanbag-maven-1.5.2.jar:/home/runner/.m2/repository/io/smallrye/beanbag/smallrye-beanbag-sisu/1.5.2/smallrye-beanbag-sisu-1.5.2.jar:/home/runner/.m2/repository/io/smallrye/beanbag/smallrye-beanbag/1.5.2/smallrye-beanbag-1.5.2.jar:/home/runner/.m2/repository/javax/inject/javax.inject/1/javax.inject-1.jar:/home/runner/.m2/repository/org/apache/maven/maven-artifact/3.9.9/maven-artifact-3.9.9.jar:/home/runner/.m2/repository/org/apache/maven/maven-builder-support/3.9.9/maven-builder-support-3.9.9.jar:/home/runner/.m2/repository/org/apache/maven/maven-model/3.9.9/maven-model-3.9.9.jar:/home/runner/.m2/repository/org/apache/maven/maven-model-builder/3.9.9/maven-model-builder-3.9.9.jar:/home/runner/.m2/repository/org/apache/maven/maven-repository-metadata/3.9.9/maven-repository-metadata-3.9.9.jar:/home/runner/.m2/repository/org/apache/maven/maven-settings/3.9.9/maven-settings-3.9.9.jar:/home/runner/.m2/repository/org/apache/maven/resolver/maven-resolver-api/1.9.22/maven-resolver-api-1.9.22.jar:/home/runner/.m2/repository/org/apache/maven/resolver/maven-resolver-impl/1.9.22/maven-resolver-impl-1.9.22.jar:/home/runner/.m2/repository/org/apache/maven/resolver/maven-resolver-named-locks/1.9.22/maven-resolver-named-locks-1.9.22.jar:/home/runner/.m2/repository/org/apache/maven/resolver/maven-resolver-spi/1.9.22/maven-resolver-spi-1.9.22.jar:/home/runner/.m2/repository/org/apache/maven/resolver/maven-resolver-util/1.9.22/maven-resolver-util-1.9.22.jar:/home/runner/.m2/repository/org/apache/maven/resolver/maven-resolver-transport-http/1.9.20/maven-resolver-transport-http-1.9.20.jar:/home/runner/.m2/repository/org/apache/maven/wagon/wagon-provider-api/3.5.3/wagon-provider-api-3.5.3.jar:/home/runner/.m2/repository/org/apache/maven/wagon/wagon-http-shared/3.5.3/wagon-http-shared-3.5.3.jar:/home/runner/.m2/repository/org/codehaus/plexus/plexus-interpolation/1.26/plexus-interpolation-1.26.jar:/home/runner/.m2/repository/org/codehaus/plexus/plexus-utils/3.5.1/plexus-utils-3.5.1.jar:/home/runner/.m2/repository/org/codehaus/plexus/plexus-xml/4.0.1/plexus-xml-4.0.1.jar:/home/runner/.m2/repository/org/apache/maven/maven-xml-impl/4.0.0-alpha-5/maven-xml-impl-4.0.0-alpha-5.jar:/home/runner/.m2/repository/org/apache/maven/maven-api-xml/4.0.0-alpha-5/maven-api-xml-4.0.0-alpha-5.jar:/home/runner/.m2/repository/org/apache/maven/maven-api-meta/4.0.0-alpha-5/maven-api-meta-4.0.0-alpha-5.jar:/home/runner/.m2/repository/org/codehaus/plexus/plexus-cipher/2.0/plexus-cipher-2.0.jar:/home/runner/.m2/repository/org/codehaus/plexus/plexus-sec-dispatcher/2.0/plexus-sec-dispatcher-2.0.jar:/home/runner/.m2/repository/org/apache/maven/maven-embedder/3.9.9/maven-embedder-3.9.9.jar:/home/runner/.m2/repository/org/apache/maven/maven-core/3.9.9/maven-core-3.9.9.jar:/home/runner/.m2/repository/org/codehaus/plexus/plexus-component-annotations/2.1.0/plexus-component-annotations-2.1.0.jar:/home/runner/.m2/repository/org/apache/maven/maven-plugin-api/3.9.9/maven-plugin-api-3.9.9.jar:/home/runner/.m2/repository/org/apache/maven/shared/maven-shared-utils/3.4.2/maven-shared-utils-3.4.2.jar:/home/runner/.m2/repository/com/google/inject/guice/5.1.0/guice-5.1.0.jar:/home/runner/.m2/repository/aopalliance/aopalliance/1.0/aopalliance-1.0.jar:/home/runner/.m2/repository/org/codehaus/plexus/plexus-classworlds/2.6.0/plexus-classworlds-2.6.0.jar:/home/runner/.m2/repository/commons-cli/commons-cli/1.8.0/commons-cli-1.8.0.jar:/home/runner/.m2/repository/org/eclipse/sisu/org.eclipse.sisu.plexus/0.9.0.M3/org.eclipse.sisu.plexus-0.9.0.M3.jar:/home/runner/.m2/repository/org/apache/maven/maven-settings-builder/3.9.9/maven-settings-builder-3.9.9.jar:/home/runner/.m2/repository/org/apache/maven/maven-resolver-provider/3.9.9/maven-resolver-provider-3.9.9.jar:/home/runner/.m2/repository/org/apache/maven/resolver/maven-resolver-connector-basic/1.9.22/maven-resolver-connector-basic-1.9.22.jar:/home/runner/.m2/repository/org/apache/maven/resolver/maven-resolver-transport-wagon/1.9.22/maven-resolver-transport-wagon-1.9.22.jar:/home/runner/.m2/repository/org/apache/maven/wagon/wagon-http/3.5.3/wagon-http-3.5.3.jar:/home/runner/.m2/repository/org/apache/maven/wagon/wagon-file/3.5.3/wagon-file-3.5.3.jar:/home/runner/.m2/repository/io/quarkus/quarkus-bootstrap-gradle-resolver/3.20.2/quarkus-bootstrap-gradle-resolver-3.20.2.jar:/home/runner/.m2/repository/io/smallrye/jandex/3.3.0/jandex-3.3.0.jar:/home/runner/.m2/repository/org/jboss/logging/commons-logging-jboss-logging/1.0.0.Final/commons-logging-jboss-logging-1.0.0.Final.jar:/home/runner/.m2/repository/io/quarkus/quarkus-junit5-config/3.20.2/quarkus-junit5-config-3.20.2.jar:/home/runner/.m2/repository/org/junit/jupiter/junit-jupiter-api/5.12.1/junit-jupiter-api-5.12.1.jar:/home/runner/.m2/repository/io/smallrye/config/smallrye-config/3.11.4/smallrye-config-3.11.4.jar:/home/runner/.m2/repository/io/smallrye/config/smallrye-config-core/3.11.4/smallrye-config-core-3.11.4.jar:/home/runner/.m2/repository/io/smallrye/common/smallrye-common-classloader/2.12.0/smallrye-common-classloader-2.12.0.jar:/home/runner/.m2/repository/io/smallrye/config/smallrye-config-common/3.11.4/smallrye-config-common-3.11.4.jar:/home/runner/.m2/repository/org/junit/jupiter/junit-jupiter/5.12.1/junit-jupiter-5.12.1.jar:/home/runner/.m2/repository/org/junit/jupiter/junit-jupiter-params/5.12.1/junit-jupiter-params-5.12.1.jar:/home/runner/.m2/repository/org/junit/jupiter/junit-jupiter-engine/5.12.1/junit-jupiter-engine-5.12.1.jar:/home/runner/.m2/repository/io/quarkus/quarkus-core/3.20.2/quarkus-core-3.20.2.jar:/home/runner/.m2/repository/jakarta/enterprise/jakarta.enterprise.cdi-api/4.1.0/jakarta.enterprise.cdi-api-4.1.0.jar:/home/runner/.m2/repository/jakarta/enterprise/jakarta.enterprise.lang-model/4.1.0/jakarta.enterprise.lang-model-4.1.0.jar:/home/runner/.m2/repository/jakarta/el/jakarta.el-api/5.0.1/jakarta.el-api-5.0.1.jar:/home/runner/.m2/repository/jakarta/interceptor/jakarta.interceptor-api/2.2.0/jakarta.interceptor-api-2.2.0.jar:/home/runner/.m2/repository/jakarta/inject/jakarta.inject-api/2.0.1/jakarta.inject-api-2.0.1.jar:/home/runner/.m2/repository/io/smallrye/common/smallrye-common-os/2.12.0/smallrye-common-os-2.12.0.jar:/home/runner/.m2/repository/io/quarkus/quarkus-ide-launcher/3.20.2/quarkus-ide-launcher-3.20.2.jar:/home/runner/.m2/repository/io/quarkus/quarkus-development-mode-spi/3.20.2/quarkus-development-mode-spi-3.20.2.jar:/home/runner/.m2/repository/org/jboss/logging/jboss-logging/3.6.1.Final/jboss-logging-3.6.1.Final.jar:/home/runner/.m2/repository/org/jboss/logmanager/jboss-logmanager/3.1.2.Final/jboss-logmanager-3.1.2.Final.jar:/home/runner/.m2/repository/io/smallrye/common/smallrye-common-constraint/2.12.0/smallrye-common-constraint-2.12.0.jar:/home/runner/.m2/repository/io/smallrye/common/smallrye-common-cpu/2.12.0/smallrye-common-cpu-2.12.0.jar:/home/runner/.m2/repository/io/smallrye/common/smallrye-common-expression/2.12.0/smallrye-common-expression-2.12.0.jar:/home/runner/.m2/repository/io/smallrye/common/smallrye-common-net/2.12.0/smallrye-common-net-2.12.0.jar:/home/runner/.m2/repository/io/smallrye/common/smallrye-common-ref/2.12.0/smallrye-common-ref-2.12.0.jar:/home/runner/.m2/repository/jakarta/json/jakarta.json-api/2.1.3/jakarta.json-api-2.1.3.jar:/home/runner/.m2/repository/org/eclipse/parsson/parsson/1.1.7/parsson-1.1.7.jar:/home/runner/.m2/repository/org/jboss/logging/jboss-logging-annotations/3.0.4.Final/jboss-logging-annotations-3.0.4.Final.jar:/home/runner/.m2/repository/org/jboss/threads/jboss-threads/3.8.0.Final/jboss-threads-3.8.0.Final.jar:/home/runner/.m2/repository/io/smallrye/common/smallrye-common-annotation/2.12.0/smallrye-common-annotation-2.12.0.jar:/home/runner/.m2/repository/io/smallrye/common/smallrye-common-function/2.12.0/smallrye-common-function-2.12.0.jar:/home/runner/.m2/repository/org/jboss/slf4j/slf4j-jboss-logmanager/2.0.0.Final/slf4j-jboss-logmanager-2.0.0.Final.jar:/home/runner/.m2/repository/org/wildfly/common/wildfly-common/2.0.1/wildfly-common-2.0.1.jar:/home/runner/.m2/repository/io/quarkus/quarkus-bootstrap-runner/3.20.2/quarkus-bootstrap-runner-3.20.2.jar:/home/runner/.m2/repository/io/github/crac/org-crac/0.1.3/org-crac-0.1.3.jar:/home/runner/.m2/repository/io/quarkus/quarkus-fs-util/0.0.10/quarkus-fs-util-0.0.10.jar:/home/runner/.m2/repository/org/jboss/marshalling/jboss-marshalling/2.2.2.Final/jboss-marshalling-2.2.2.Final.jar:/home/runner/.m2/repository/io/fabric8/kubernetes-client/7.1.0/kubernetes-client-7.1.0.jar:/home/runner/.m2/repository/io/fabric8/kubernetes-client-api/7.1.0/kubernetes-client-api-7.1.0.jar:/home/runner/.m2/repository/io/fabric8/kubernetes-model-core/7.1.0/kubernetes-model-core-7.1.0.jar:/home/runner/.m2/repository/io/fabric8/kubernetes-model-common/7.1.0/kubernetes-model-common-7.1.0.jar:/home/runner/.m2/repository/javax/annotation/javax.annotation-api/1.3.2/javax.annotation-api-1.3.2.jar:/home/runner/.m2/repository/io/fabric8/kubernetes-model-gatewayapi/7.1.0/kubernetes-model-gatewayapi-7.1.0.jar:/home/runner/.m2/repository/io/fabric8/kubernetes-model-resource/7.1.0/kubernetes-model-resource-7.1.0.jar:/home/runner/.m2/repository/io/fabric8/kubernetes-model-rbac/7.1.0/kubernetes-model-rbac-7.1.0.jar:/home/runner/.m2/repository/io/fabric8/kubernetes-model-admissionregistration/7.1.0/kubernetes-model-admissionregistration-7.1.0.jar:/home/runner/.m2/repository/io/fabric8/kubernetes-model-apps/7.1.0/kubernetes-model-apps-7.1.0.jar:/home/runner/.m2/repository/io/fabric8/kubernetes-model-autoscaling/7.1.0/kubernetes-model-autoscaling-7.1.0.jar:/home/runner/.m2/repository/io/fabric8/kubernetes-model-apiextensions/7.1.0/kubernetes-model-apiextensions-7.1.0.jar:/home/runner/.m2/repository/io/fabric8/kubernetes-model-batch/7.1.0/kubernetes-model-batch-7.1.0.jar:/home/runner/.m2/repository/io/fabric8/kubernetes-model-certificates/7.1.0/kubernetes-model-certificates-7.1.0.jar:/home/runner/.m2/repository/io/fabric8/kubernetes-model-coordination/7.1.0/kubernetes-model-coordination-7.1.0.jar:/home/runner/.m2/repository/io/fabric8/kubernetes-model-discovery/7.1.0/kubernetes-model-discovery-7.1.0.jar:/home/runner/.m2/repository/io/fabric8/kubernetes-model-events/7.1.0/kubernetes-model-events-7.1.0.jar:/home/runner/.m2/repository/io/fabric8/kubernetes-model-extensions/7.1.0/kubernetes-model-extensions-7.1.0.jar:/home/runner/.m2/repository/io/fabric8/kubernetes-model-flowcontrol/7.1.0/kubernetes-model-flowcontrol-7.1.0.jar:/home/runner/.m2/repository/io/fabric8/kubernetes-model-networking/7.1.0/kubernetes-model-networking-7.1.0.jar:/home/runner/.m2/repository/io/fabric8/kubernetes-model-metrics/7.1.0/kubernetes-model-metrics-7.1.0.jar:/home/runner/.m2/repository/io/fabric8/kubernetes-model-policy/7.1.0/kubernetes-model-policy-7.1.0.jar:/home/runner/.m2/repository/io/fabric8/kubernetes-model-scheduling/7.1.0/kubernetes-model-scheduling-7.1.0.jar:/home/runner/.m2/repository/io/fabric8/kubernetes-model-storageclass/7.1.0/kubernetes-model-storageclass-7.1.0.jar:/home/runner/.m2/repository/io/fabric8/kubernetes-model-node/7.1.0/kubernetes-model-node-7.1.0.jar:/home/runner/.m2/repository/org/snakeyaml/snakeyaml-engine/2.9/snakeyaml-engine-2.9.jar:/home/runner/.m2/repository/com/fasterxml/jackson/dataformat/jackson-dataformat-yaml/2.18.2/jackson-dataformat-yaml-2.18.2.jar:/home/runner/.m2/repository/com/fasterxml/jackson/datatype/jackson-datatype-jsr310/2.18.2/jackson-datatype-jsr310-2.18.2.jar:/home/runner/.m2/repository/io/fabric8/zjsonpatch/7.1.0/zjsonpatch-7.1.0.jar:/home/runner/.m2/repository/io/fabric8/kubernetes-httpclient-vertx/7.1.0/kubernetes-httpclient-vertx-7.1.0.jar:/home/runner/.m2/repository/io/vertx/vertx-web-client/4.5.16/vertx-web-client-4.5.16.jar:/home/runner/.m2/repository/io/vertx/vertx-web-common/4.5.16/vertx-web-common-4.5.16.jar:/home/runner/.m2/repository/io/vertx/vertx-auth-common/4.5.16/vertx-auth-common-4.5.16.jar:/home/runner/.m2/repository/io/vertx/vertx-uri-template/4.5.16/vertx-uri-template-4.5.16.jar:/home/runner/.m2/repository/io/fabric8/openshift-client/7.1.0/openshift-client-7.1.0.jar:/home/runner/.m2/repository/io/fabric8/openshift-client-api/7.1.0/openshift-client-api-7.1.0.jar:/home/runner/.m2/repository/io/fabric8/openshift-model/7.1.0/openshift-model-7.1.0.jar:/home/runner/.m2/repository/io/fabric8/openshift-model-autoscaling/7.1.0/openshift-model-autoscaling-7.1.0.jar:/home/runner/.m2/repository/io/fabric8/openshift-model-operator/7.1.0/openshift-model-operator-7.1.0.jar:/home/runner/.m2/repository/io/fabric8/openshift-model-operatorhub/7.1.0/openshift-model-operatorhub-7.1.0.jar:/home/runner/.m2/repository/io/fabric8/openshift-model-machine/7.1.0/openshift-model-machine-7.1.0.jar:/home/runner/.m2/repository/io/fabric8/openshift-model-whereabouts/7.1.0/openshift-model-whereabouts-7.1.0.jar:/home/runner/.m2/repository/io/fabric8/openshift-model-monitoring/7.1.0/openshift-model-monitoring-7.1.0.jar:/home/runner/.m2/repository/io/fabric8/openshift-model-storageversionmigrator/7.1.0/openshift-model-storageversionmigrator-7.1.0.jar:/home/runner/.m2/repository/io/fabric8/openshift-model-tuned/7.1.0/openshift-model-tuned-7.1.0.jar:/home/runner/.m2/repository/io/fabric8/openshift-model-console/7.1.0/openshift-model-console-7.1.0.jar:/home/runner/.m2/repository/io/fabric8/openshift-model-config/7.1.0/openshift-model-config-7.1.0.jar:/home/runner/.m2/repository/io/fabric8/openshift-model-machineconfiguration/7.1.0/openshift-model-machineconfiguration-7.1.0.jar:/home/runner/.m2/repository/io/fabric8/openshift-model-miscellaneous/7.1.0/openshift-model-miscellaneous-7.1.0.jar:/home/runner/.m2/repository/io/fabric8/openshift-model-hive/7.1.0/openshift-model-hive-7.1.0.jar:/home/runner/.m2/repository/io/fabric8/openshift-model-installer/7.1.0/openshift-model-installer-7.1.0.jar:/home/runner/.m2/repository/org/junit/platform/junit-platform-launcher/1.12.1/junit-platform-launcher-1.12.1.jar:/home/runner/.m2/repository/org/junit/platform/junit-platform-engine/1.12.1/junit-platform-engine-1.12.1.jar:/home/runner/.m2/repository/org/opentest4j/opentest4j/1.3.0/opentest4j-1.3.0.jar:/home/runner/.m2/repository/org/junit/platform/junit-platform-commons/1.12.1/junit-platform-commons-1.12.1.jar:/home/runner/.m2/repository/org/apiguardian/apiguardian-api/1.1.2/apiguardian-api-1.1.2.jar:/home/runner/.m2/repository/jakarta/ws/rs/jakarta.ws.rs-api/3.1.0/jakarta.ws.rs-api-3.1.0.jar:/home/runner/work/apicurio-testing/apicurio-testing/clusters/ci419/namespaces/inmemory/tests/integration/apicurio-registry/java-sdk/target/apicurio-registry-java-sdk-3.0.12-SNAPSHOT.jar:/home/runner/.m2/repository/com/microsoft/kiota/microsoft-kiota-abstractions/1.8.8/microsoft-kiota-abstractions-1.8.8.jar:/home/runner/.m2/repository/io/github/std-uritemplate/std-uritemplate/2.0.0/std-uritemplate-2.0.0.jar:/home/runner/.m2/repository/io/kiota/kiota-http-jdk/0.0.29/kiota-http-jdk-0.0.29.jar:/home/runner/.m2/repository/io/kiota/kiota-http-vertx/0.0.29/kiota-http-vertx-0.0.29.jar:/home/runner/.m2/repository/io/kiota/kiota-serialization-jackson/0.0.29/kiota-serialization-jackson-0.0.29.jar:/home/runner/.m2/repository/com/microsoft/kiota/microsoft-kiota-serialization-text/1.8.8/microsoft-kiota-serialization-text-1.8.8.jar:/home/runner/.m2/repository/com/microsoft/kiota/microsoft-kiota-serialization-form/1.8.8/microsoft-kiota-serialization-form-1.8.8.jar:/home/runner/.m2/repository/com/microsoft/kiota/microsoft-kiota-serialization-multipart/1.8.8/microsoft-kiota-serialization-multipart-1.8.8.jar:/home/runner/.m2/repository/jakarta/annotation/jakarta.annotation-api/3.0.0/jakarta.annotation-api-3.0.0.jar:/home/runner/.m2/repository/io/vertx/vertx-auth-oauth2/4.5.16/vertx-auth-oauth2-4.5.16.jar:/home/runner/work/apicurio-testing/apicurio-testing/clusters/ci419/namespaces/inmemory/tests/integration/apicurio-registry/java-sdk-v2/target/apicurio-registry-v2-java-sdk-3.0.12-SNAPSHOT.jar:/home/runner/work/apicurio-testing/apicurio-testing/clusters/ci419/namespaces/inmemory/tests/integration/apicurio-registry/utils/kafka/target/apicurio-registry-utils-kafka-3.0.12-SNAPSHOT-tests.jar:/home/runner/.m2/repository/org/eclipse/microprofile/config/microprofile-config-api/3.1/microprofile-config-api-3.1.jar:/home/runner/.m2/repository/org/apache/kafka/kafka-clients/3.9.1/kafka-clients-3.9.1.jar:/home/runner/.m2/repository/com/github/luben/zstd-jni/1.5.6-4/zstd-jni-1.5.6-4.jar:/home/runner/.m2/repository/org/lz4/lz4-java/1.8.0/lz4-java-1.8.0.jar:/home/runner/.m2/repository/org/xerial/snappy/snappy-java/1.1.10.5/snappy-java-1.1.10.5.jar:/home/runner/.m2/repository/org/slf4j/slf4j-api/2.0.6/slf4j-api-2.0.6.jar:/home/runner/work/apicurio-testing/apicurio-testing/clusters/ci419/namespaces/inmemory/tests/integration/apicurio-registry/utils/tests/target/apicurio-registry-utils-tests-3.0.12-SNAPSHOT.jar:/home/runner/work/apicurio-testing/apicurio-testing/clusters/ci419/namespaces/inmemory/tests/integration/apicurio-registry/common/target/apicurio-registry-common-3.0.12-SNAPSHOT.jar:/home/runner/.m2/repository/jakarta/validation/jakarta.validation-api/3.0.2/jakarta.validation-api-3.0.2.jar:/home/runner/.m2/repository/com/github/dasniko/testcontainers-keycloak/3.8.0/testcontainers-keycloak-3.8.0.jar:/home/runner/.m2/repository/org/testcontainers/testcontainers/1.20.6/testcontainers-1.20.6.jar:/home/runner/.m2/repository/org/rnorth/duct-tape/duct-tape/1.0.8/duct-tape-1.0.8.jar:/home/runner/.m2/repository/com/github/docker-java/docker-java-transport-zerodep/3.4.1/docker-java-transport-zerodep-3.4.1.jar:/home/runner/.m2/repository/com/github/docker-java/docker-java-transport/3.4.1/docker-java-transport-3.4.1.jar:/home/runner/.m2/repository/net/java/dev/jna/jna/5.8.0/jna-5.8.0.jar:/home/runner/.m2/repository/io/quarkus/quarkus-junit4-mock/3.20.2/quarkus-junit4-mock-3.20.2.jar:/home/runner/.m2/repository/org/jboss/shrinkwrap/shrinkwrap-api/2.0.0-beta-2/shrinkwrap-api-2.0.0-beta-2.jar:/home/runner/.m2/repository/org/jboss/shrinkwrap/shrinkwrap-impl-base/2.0.0-beta-2/shrinkwrap-impl-base-2.0.0-beta-2.jar:/home/runner/.m2/repository/org/jboss/shrinkwrap/shrinkwrap-spi/2.0.0-beta-2/shrinkwrap-spi-2.0.0-beta-2.jar:/home/runner/.m2/repository/org/keycloak/keycloak-admin-client/26.0.4/keycloak-admin-client-26.0.4.jar:/home/runner/.m2/repository/org/keycloak/keycloak-client-common-synced/26.0.4/keycloak-client-common-synced-26.0.4.jar:/home/runner/.m2/repository/jakarta/activation/jakarta.activation-api/2.1.3/jakarta.activation-api-2.1.3.jar:/home/runner/.m2/repository/org/eclipse/microprofile/openapi/microprofile-openapi-api/4.0.2/microprofile-openapi-api-4.0.2.jar:/home/runner/.m2/repository/org/jboss/resteasy/resteasy-client/6.2.12.Final/resteasy-client-6.2.12.Final.jar:/home/runner/.m2/repository/org/jboss/resteasy/resteasy-client-api/6.2.12.Final/resteasy-client-api-6.2.12.Final.jar:/home/runner/.m2/repository/org/jboss/resteasy/resteasy-core-spi/6.2.12.Final/resteasy-core-spi-6.2.12.Final.jar:/home/runner/.m2/repository/org/jboss/resteasy/resteasy-core/6.2.12.Final/resteasy-core-6.2.12.Final.jar:/home/runner/.m2/repository/org/eclipse/angus/angus-activation/2.0.2/angus-activation-2.0.2.jar:/home/runner/.m2/repository/com/ibm/async/asyncutil/0.1.0/asyncutil-0.1.0.jar:/home/runner/.m2/repository/org/reactivestreams/reactive-streams/1.0.4/reactive-streams-1.0.4.jar:/home/runner/.m2/repository/org/jboss/resteasy/resteasy-multipart-provider/6.2.12.Final/resteasy-multipart-provider-6.2.12.Final.jar:/home/runner/.m2/repository/jakarta/mail/jakarta.mail-api/2.1.3/jakarta.mail-api-2.1.3.jar:/home/runner/.m2/repository/org/eclipse/angus/angus-mail/2.0.3/angus-mail-2.0.3.jar:/home/runner/.m2/repository/org/apache/james/apache-mime4j-dom/0.8.12/apache-mime4j-dom-0.8.12.jar:/home/runner/.m2/repository/org/apache/james/apache-mime4j-core/0.8.12/apache-mime4j-core-0.8.12.jar:/home/runner/.m2/repository/org/apache/james/apache-mime4j-storage/0.8.12/apache-mime4j-storage-0.8.12.jar:/home/runner/.m2/repository/org/jboss/resteasy/resteasy-jackson2-provider/6.2.12.Final/resteasy-jackson2-provider-6.2.12.Final.jar:/home/runner/.m2/repository/com/fasterxml/jackson/jakarta/rs/jackson-jakarta-rs-base/2.18.2/jackson-jakarta-rs-base-2.18.2.jar:/home/runner/.m2/repository/com/fasterxml/jackson/jakarta/rs/jackson-jakarta-rs-json-provider/2.18.2/jackson-jakarta-rs-json-provider-2.18.2.jar:/home/runner/.m2/repository/com/fasterxml/jackson/module/jackson-module-jakarta-xmlbind-annotations/2.18.2/jackson-module-jakarta-xmlbind-annotations-2.18.2.jar:/home/runner/.m2/repository/com/github/java-json-tools/json-patch/1.13/json-patch-1.13.jar:/home/runner/.m2/repository/com/github/java-json-tools/msg-simple/1.2/msg-simple-1.2.jar:/home/runner/.m2/repository/com/github/java-json-tools/btf/1.3/btf-1.3.jar:/home/runner/.m2/repository/com/github/java-json-tools/jackson-coreutils/2.0/jackson-coreutils-2.0.jar:/home/runner/.m2/repository/org/jboss/resteasy/resteasy-jaxb-provider/6.2.12.Final/resteasy-jaxb-provider-6.2.12.Final.jar:/home/runner/.m2/repository/org/glassfish/jaxb/codemodel/4.0.5/codemodel-4.0.5.jar:/home/runner/.m2/repository/org/glassfish/jaxb/jaxb-core/4.0.5/jaxb-core-4.0.5.jar:/home/runner/.m2/repository/org/glassfish/jaxb/jaxb-jxc/4.0.5/jaxb-jxc-4.0.5.jar:/home/runner/.m2/repository/org/glassfish/jaxb/jaxb-runtime/4.0.5/jaxb-runtime-4.0.5.jar:/home/runner/.m2/repository/org/glassfish/jaxb/txw2/4.0.5/txw2-4.0.5.jar:/home/runner/.m2/repository/org/glassfish/jaxb/jaxb-xjc/4.0.5/jaxb-xjc-4.0.5.jar:/home/runner/.m2/repository/org/glassfish/jaxb/xsom/4.0.5/xsom-4.0.5.jar:/home/runner/.m2/repository/com/sun/istack/istack-commons-runtime/4.1.2/istack-commons-runtime-4.1.2.jar:/home/runner/.m2/repository/com/sun/istack/istack-commons-tools/4.1.2/istack-commons-tools-4.1.2.jar:/home/runner/.m2/repository/com/sun/xml/bind/external/relaxng-datatype/4.0.5/relaxng-datatype-4.0.5.jar:/home/runner/.m2/repository/com/sun/xml/bind/external/rngom/4.0.5/rngom-4.0.5.jar:/home/runner/.m2/repository/org/testcontainers/mssqlserver/1.20.6/mssqlserver-1.20.6.jar:/home/runner/.m2/repository/org/testcontainers/jdbc/1.20.6/jdbc-1.20.6.jar:/home/runner/.m2/repository/org/testcontainers/database-commons/1.20.6/database-commons-1.20.6.jar:/home/runner/.m2/repository/org/testcontainers/mysql/1.20.6/mysql-1.20.6.jar:/home/runner/.m2/repository/io/strimzi/strimzi-test-container/0.111.0/strimzi-test-container-0.111.0.jar:/home/runner/.m2/repository/org/testcontainers/toxiproxy/1.20.6/toxiproxy-1.20.6.jar:/home/runner/.m2/repository/com/github/docker-java/docker-java-api/3.4.1/docker-java-api-3.4.1.jar:/home/runner/.m2/repository/org/apache/logging/log4j/log4j-slf4j-impl/2.19.0/log4j-slf4j-impl-2.19.0.jar:/home/runner/.m2/repository/org/apache/logging/log4j/log4j-api/2.24.3/log4j-api-2.24.3.jar:/home/runner/.m2/repository/org/apache/logging/log4j/log4j-core/2.19.0/log4j-core-2.19.0.jar:/home/runner/.m2/repository/eu/rekawek/toxiproxy/toxiproxy-java/2.1.7/toxiproxy-java-2.1.7.jar:/home/runner/.m2/repository/org/testcontainers/pulsar/1.21.3/pulsar-1.21.3.jar:/home/runner/.m2/repository/io/debezium/debezium-testing-testcontainers/2.7.4.Final/debezium-testing-testcontainers-2.7.4.Final.jar:/home/runner/.m2/repository/org/testcontainers/kafka/1.20.6/kafka-1.20.6.jar:/home/runner/.m2/repository/com/squareup/okhttp3/okhttp/4.8.1/okhttp-4.8.1.jar:/home/runner/.m2/repository/com/squareup/okio/okio/3.10.2/okio-3.10.2.jar:/home/runner/.m2/repository/com/squareup/okio/okio-jvm/3.10.2/okio-jvm-3.10.2.jar:/home/runner/.m2/repository/org/jetbrains/kotlin/kotlin-stdlib/2.0.21/kotlin-stdlib-2.0.21.jar:/home/runner/.m2/repository/org/awaitility/awaitility/4.3.0/awaitility-4.3.0.jar:/home/runner/.m2/repository/org/testcontainers/mongodb/1.20.6/mongodb-1.20.6.jar:/home/runner/.m2/repository/org/testcontainers/mariadb/1.20.6/mariadb-1.20.6.jar:/home/runner/.m2/repository/org/testcontainers/oracle-xe/1.20.6/oracle-xe-1.20.6.jar:/home/runner/.m2/repository/org/testcontainers/postgresql/1.20.6/postgresql-1.20.6.jar:/home/runner/.m2/repository/org/wiremock/wiremock/3.0.1/wiremock-3.0.1.jar:/home/runner/.m2/repository/org/eclipse/jetty/jetty-server/11.0.15/jetty-server-11.0.15.jar:/home/runner/.m2/repository/org/eclipse/jetty/toolchain/jetty-jakarta-servlet-api/5.0.2/jetty-jakarta-servlet-api-5.0.2.jar:/home/runner/.m2/repository/org/eclipse/jetty/jetty-http/11.0.15/jetty-http-11.0.15.jar:/home/runner/.m2/repository/org/eclipse/jetty/jetty-io/11.0.15/jetty-io-11.0.15.jar:/home/runner/.m2/repository/org/eclipse/jetty/jetty-servlet/11.0.15/jetty-servlet-11.0.15.jar:/home/runner/.m2/repository/org/eclipse/jetty/jetty-security/11.0.15/jetty-security-11.0.15.jar:/home/runner/.m2/repository/org/eclipse/jetty/jetty-servlets/11.0.15/jetty-servlets-11.0.15.jar:/home/runner/.m2/repository/org/eclipse/jetty/jetty-util/11.0.15/jetty-util-11.0.15.jar:/home/runner/.m2/repository/org/eclipse/jetty/jetty-webapp/11.0.15/jetty-webapp-11.0.15.jar:/home/runner/.m2/repository/org/eclipse/jetty/jetty-xml/11.0.15/jetty-xml-11.0.15.jar:/home/runner/.m2/repository/org/eclipse/jetty/jetty-proxy/11.0.15/jetty-proxy-11.0.15.jar:/home/runner/.m2/repository/org/eclipse/jetty/jetty-client/11.0.15/jetty-client-11.0.15.jar:/home/runner/.m2/repository/org/eclipse/jetty/http2/http2-server/11.0.15/http2-server-11.0.15.jar:/home/runner/.m2/repository/org/eclipse/jetty/http2/http2-common/11.0.15/http2-common-11.0.15.jar:/home/runner/.m2/repository/org/eclipse/jetty/http2/http2-hpack/11.0.15/http2-hpack-11.0.15.jar:/home/runner/.m2/repository/org/eclipse/jetty/jetty-alpn-server/11.0.15/jetty-alpn-server-11.0.15.jar:/home/runner/.m2/repository/org/eclipse/jetty/jetty-alpn-java-server/11.0.15/jetty-alpn-java-server-11.0.15.jar:/home/runner/.m2/repository/org/eclipse/jetty/jetty-alpn-java-client/11.0.15/jetty-alpn-java-client-11.0.15.jar:/home/runner/.m2/repository/org/eclipse/jetty/jetty-alpn-client/11.0.15/jetty-alpn-client-11.0.15.jar:/home/runner/.m2/repository/org/apache/httpcomponents/client5/httpclient5/5.2.1/httpclient5-5.2.1.jar:/home/runner/.m2/repository/org/apache/httpcomponents/core5/httpcore5/5.2/httpcore5-5.2.jar:/home/runner/.m2/repository/org/apache/httpcomponents/core5/httpcore5-h2/5.2/httpcore5-h2-5.2.jar:/home/runner/.m2/repository/org/xmlunit/xmlunit-core/2.9.1/xmlunit-core-2.9.1.jar:/home/runner/.m2/repository/jakarta/xml/bind/jakarta.xml.bind-api/4.0.2/jakarta.xml.bind-api-4.0.2.jar:/home/runner/.m2/repository/org/xmlunit/xmlunit-legacy/2.9.1/xmlunit-legacy-2.9.1.jar:/home/runner/.m2/repository/org/xmlunit/xmlunit-placeholders/2.9.1/xmlunit-placeholders-2.9.1.jar:/home/runner/.m2/repository/net/javacrumbs/json-unit/json-unit-core/2.38.0/json-unit-core-2.38.0.jar:/home/runner/.m2/repository/org/hamcrest/hamcrest-core/2.2/hamcrest-core-2.2.jar:/home/runner/.m2/repository/com/jayway/jsonpath/json-path/2.8.0/json-path-2.8.0.jar:/home/runner/.m2/repository/net/minidev/json-smart/2.4.10/json-smart-2.4.10.jar:/home/runner/.m2/repository/net/minidev/accessors-smart/2.4.9/accessors-smart-2.4.9.jar:/home/runner/.m2/repository/org/ow2/asm/asm/9.7.1/asm-9.7.1.jar:/home/runner/.m2/repository/net/sf/jopt-simple/jopt-simple/5.0.4/jopt-simple-5.0.4.jar:/home/runner/.m2/repository/com/github/jknack/handlebars/4.3.1/handlebars-4.3.1.jar:/home/runner/.m2/repository/com/github/jknack/handlebars-helpers/4.3.1/handlebars-helpers-4.3.1.jar:/home/runner/.m2/repository/commons-fileupload/commons-fileupload/1.5/commons-fileupload-1.5.jar:/home/runner/.m2/repository/com/networknt/json-schema-validator/1.5.8/json-schema-validator-1.5.8.jar:/home/runner/.m2/repository/com/ethlo/time/itu/1.10.3/itu-1.10.3.jar:/home/runner/.m2/repository/io/quarkus/quarkus-smallrye-jwt-build/3.20.2/quarkus-smallrye-jwt-build-3.20.2.jar:/home/runner/.m2/repository/io/smallrye/smallrye-jwt-build/4.6.2/smallrye-jwt-build-4.6.2.jar:/home/runner/.m2/repository/org/eclipse/microprofile/jwt/microprofile-jwt-auth-api/2.1/microprofile-jwt-auth-api-2.1.jar:/home/runner/.m2/repository/org/bitbucket/b_c/jose4j/0.9.6/jose4j-0.9.6.jar:/home/runner/.m2/repository/io/smallrye/smallrye-jwt-common/4.6.2/smallrye-jwt-common-4.6.2.jar:/home/runner/.m2/repository/io/quarkus/quarkus-jsonp/3.20.2/quarkus-jsonp-3.20.2.jar:/home/runner/.m2/repository/io/quarkus/quarkus-arc/3.20.2/quarkus-arc-3.20.2.jar:/home/runner/.m2/repository/io/quarkus/arc/arc/3.20.2/arc-3.20.2.jar:/home/runner/.m2/repository/jakarta/transaction/jakarta.transaction-api/2.0.1/jakarta.transaction-api-2.0.1.jar:/home/runner/.m2/repository/io/smallrye/reactive/mutiny/2.9.2/mutiny-2.9.2.jar:/home/runner/.m2/repository/org/jctools/jctools-core/4.0.5/jctools-core-4.0.5.jar:/home/runner/.m2/repository/org/eclipse/microprofile/context-propagation/microprofile-context-propagation-api/1.3/microprofile-context-propagation-api-1.3.jar:/home/runner/.m2/repository/io/apicurio/apicurio-common-rest-client-common/0.1.18.Final/apicurio-common-rest-client-common-0.1.18.Final.jar:/home/runner/work/apicurio-testing/apicurio-testing/clusters/ci419/namespaces/inmemory/tests/integration/apicurio-registry/utils/maven-plugin/target/apicurio-registry-maven-plugin-3.0.12-SNAPSHOT.jar:/home/runner/.m2/repository/com/fasterxml/jackson/core/jackson-databind/2.18.2/jackson-databind-2.18.2.jar:/home/runner/.m2/repository/org/apache/avro/avro/1.12.0/avro-1.12.0.jar:/home/runner/.m2/repository/com/google/protobuf/protobuf-java/4.31.1/protobuf-java-4.31.1.jar:/home/runner/.m2/repository/com/google/protobuf/protobuf-java-util/4.31.1/protobuf-java-util-4.31.1.jar:/home/runner/.m2/repository/com/google/code/findbugs/jsr305/3.0.2/jsr305-3.0.2.jar:/home/runner/.m2/repository/com/google/code/gson/gson/2.12.1/gson-2.12.1.jar:/home/runner/.m2/repository/com/google/errorprone/error_prone_annotations/2.36.0/error_prone_annotations-2.36.0.jar:/home/runner/.m2/repository/com/google/j2objc/j2objc-annotations/2.8/j2objc-annotations-2.8.jar:/home/runner/work/apicurio-testing/apicurio-testing/clusters/ci419/namespaces/inmemory/tests/integration/apicurio-registry/schema-util/util-provider/target/apicurio-registry-schema-util-provider-3.0.12-SNAPSHOT.jar:/home/runner/work/apicurio-testing/apicurio-testing/clusters/ci419/namespaces/inmemory/tests/integration/apicurio-registry/schema-util/common/target/apicurio-registry-schema-util-common-3.0.12-SNAPSHOT.jar:/home/runner/.m2/repository/com/fasterxml/jackson/module/jackson-module-parameter-names/2.18.2/jackson-module-parameter-names-2.18.2.jar:/home/runner/.m2/repository/com/fasterxml/jackson/datatype/jackson-datatype-json-org/2.18.2/jackson-datatype-json-org-2.18.2.jar:/home/runner/work/apicurio-testing/apicurio-testing/clusters/ci419/namespaces/inmemory/tests/integration/apicurio-registry/schema-util/json/target/apicurio-registry-schema-util-json-3.0.12-SNAPSHOT.jar:/home/runner/.m2/repository/com/github/erosb/everit-json-schema/1.14.5/everit-json-schema-1.14.5.jar:/home/runner/.m2/repository/commons-validator/commons-validator/1.9.0/commons-validator-1.9.0.jar:/home/runner/.m2/repository/commons-digester/commons-digester/2.1/commons-digester-2.1.jar:/home/runner/.m2/repository/commons-collections/commons-collections/3.2.2/commons-collections-3.2.2.jar:/home/runner/.m2/repository/com/damnhandy/handy-uri-templates/2.1.8/handy-uri-templates-2.1.8.jar:/home/runner/.m2/repository/joda-time/joda-time/2.10.2/joda-time-2.10.2.jar:/home/runner/.m2/repository/com/github/erosb/json-sKema/0.20.0/json-sKema-0.20.0.jar:/home/runner/.m2/repository/io/vertx/vertx-json-schema/4.5.16/vertx-json-schema-4.5.16.jar:/home/runner/work/apicurio-testing/apicurio-testing/clusters/ci419/namespaces/inmemory/tests/integration/apicurio-registry/schema-util/protobuf/target/apicurio-registry-schema-util-protobuf-3.0.12-SNAPSHOT.jar:/home/runner/work/apicurio-testing/apicurio-testing/clusters/ci419/namespaces/inmemory/tests/integration/apicurio-registry/utils/protobuf-schema-utilities/target/apicurio-registry-protobuf-schema-utilities-3.0.12-SNAPSHOT.jar:/home/runner/.m2/repository/com/google/api/grpc/proto-google-common-protos/2.52.0/proto-google-common-protos-2.52.0.jar:/home/runner/.m2/repository/com/squareup/wire/wire-schema-jvm/5.3.3/wire-schema-jvm-5.3.3.jar:/home/runner/.m2/repository/com/palantir/javapoet/javapoet/0.6.0/javapoet-0.6.0.jar:/home/runner/.m2/repository/com/squareup/kotlinpoet-jvm/2.0.0/kotlinpoet-jvm-2.0.0.jar:/home/runner/.m2/repository/org/jetbrains/kotlin/kotlin-reflect/2.0.21/kotlin-reflect-2.0.21.jar:/home/runner/.m2/repository/com/squareup/wire/wire-runtime-jvm/5.3.3/wire-runtime-jvm-5.3.3.jar:/home/runner/.m2/repository/com/ibm/icu/icu4j/76.1/icu4j-76.1.jar:/home/runner/.m2/repository/com/squareup/okio/okio-fakefilesystem/3.10.2/okio-fakefilesystem-3.10.2.jar:/home/runner/.m2/repository/com/squareup/okio/okio-fakefilesystem-jvm/3.10.2/okio-fakefilesystem-jvm-3.10.2.jar:/home/runner/.m2/repository/org/jetbrains/kotlinx/kotlinx-datetime-jvm/0.6.1/kotlinx-datetime-jvm-0.6.1.jar:/home/runner/work/apicurio-testing/apicurio-testing/clusters/ci419/namespaces/inmemory/tests/integration/apicurio-registry/schema-util/asyncapi/target/apicurio-registry-schema-util-asyncapi-3.0.12-SNAPSHOT.jar:/home/runner/work/apicurio-testing/apicurio-testing/clusters/ci419/namespaces/inmemory/tests/integration/apicurio-registry/schema-util/avro/target/apicurio-registry-schema-util-avro-3.0.12-SNAPSHOT.jar:/home/runner/work/apicurio-testing/apicurio-testing/clusters/ci419/namespaces/inmemory/tests/integration/apicurio-registry/schema-util/graphql/target/apicurio-registry-schema-util-graphql-3.0.12-SNAPSHOT.jar:/home/runner/.m2/repository/com/graphql-java/graphql-java/22.4/graphql-java-22.4.jar:/home/runner/.m2/repository/com/graphql-java/java-dataloader/3.3.0/java-dataloader-3.3.0.jar:/home/runner/work/apicurio-testing/apicurio-testing/clusters/ci419/namespaces/inmemory/tests/integration/apicurio-registry/schema-util/kconnect/target/apicurio-registry-schema-util-kconnect-3.0.12-SNAPSHOT.jar:/home/runner/work/apicurio-testing/apicurio-testing/clusters/ci419/namespaces/inmemory/tests/integration/apicurio-registry/schema-util/openapi/target/apicurio-registry-schema-util-openapi-3.0.12-SNAPSHOT.jar:/home/runner/.m2/repository/io/apicurio/apicurio-data-models/2.2.2/apicurio-data-models-2.2.2.jar:/home/runner/.m2/repository/org/openapitools/openapidiff/openapi-diff-core/2.1.2/openapi-diff-core-2.1.2.jar:/home/runner/.m2/repository/io/swagger/parser/v3/swagger-parser/2.1.28/swagger-parser-2.1.28.jar:/home/runner/.m2/repository/io/swagger/parser/v3/swagger-parser-v2-converter/2.1.28/swagger-parser-v2-converter-2.1.28.jar:/home/runner/.m2/repository/io/swagger/swagger-core/1.6.16/swagger-core-1.6.16.jar:/home/runner/.m2/repository/io/swagger/swagger-models/1.6.16/swagger-models-1.6.16.jar:/home/runner/.m2/repository/io/swagger/swagger-annotations/1.6.16/swagger-annotations-1.6.16.jar:/home/runner/.m2/repository/io/swagger/swagger-parser/1.0.75/swagger-parser-1.0.75.jar:/home/runner/.m2/repository/io/swagger/swagger-parser-safe-url-resolver/1.0.75/swagger-parser-safe-url-resolver-1.0.75.jar:/home/runner/.m2/repository/io/swagger/swagger-compat-spec-parser/1.0.75/swagger-compat-spec-parser-1.0.75.jar:/home/runner/.m2/repository/com/github/java-json-tools/json-schema-validator/2.2.14/json-schema-validator-2.2.14.jar:/home/runner/.m2/repository/com/github/java-json-tools/jackson-coreutils-equivalence/1.0/jackson-coreutils-equivalence-1.0.jar:/home/runner/.m2/repository/com/github/java-json-tools/json-schema-core/1.2.14/json-schema-core-1.2.14.jar:/home/runner/.m2/repository/com/github/java-json-tools/uri-template/0.10/uri-template-0.10.jar:/home/runner/.m2/repository/com/googlecode/libphonenumber/libphonenumber/8.11.1/libphonenumber-8.11.1.jar:/home/runner/.m2/repository/com/j2html/j2html/1.6.0/j2html-1.6.0.jar:/home/runner/.m2/repository/org/apache/commons/commons-collections4/4.5.0/commons-collections4-4.5.0.jar:/home/runner/.m2/repository/org/slf4j/jcl-over-slf4j/2.0.17/jcl-over-slf4j-2.0.17.jar:/home/runner/.m2/repository/io/swagger/parser/v3/swagger-parser-v3/2.1.31/swagger-parser-v3-2.1.31.jar:/home/runner/.m2/repository/io/swagger/core/v3/swagger-models/2.2.34/swagger-models-2.2.34.jar:/home/runner/.m2/repository/io/swagger/core/v3/swagger-core/2.2.34/swagger-core-2.2.34.jar:/home/runner/.m2/repository/io/swagger/parser/v3/swagger-parser-core/2.1.31/swagger-parser-core-2.1.31.jar:/home/runner/.m2/repository/io/swagger/parser/v3/swagger-parser-safe-url-resolver/2.1.31/swagger-parser-safe-url-resolver-2.1.31.jar:/home/runner/work/apicurio-testing/apicurio-testing/clusters/ci419/namespaces/inmemory/tests/integration/apicurio-registry/schema-util/wsdl/target/apicurio-registry-schema-util-wsdl-3.0.12-SNAPSHOT.jar:/home/runner/.m2/repository/wsdl4j/wsdl4j/1.6.3/wsdl4j-1.6.3.jar:/home/runner/work/apicurio-testing/apicurio-testing/clusters/ci419/namespaces/inmemory/tests/integration/apicurio-registry/schema-util/xml/target/apicurio-registry-schema-util-xml-3.0.12-SNAPSHOT.jar:/home/runner/.m2/repository/org/apache/santuario/xmlsec/4.0.4/xmlsec-4.0.4.jar:/home/runner/.m2/repository/com/fasterxml/woodstox/woodstox-core/7.1.1/woodstox-core-7.1.1.jar:/home/runner/.m2/repository/org/codehaus/woodstox/stax2-api/4.2.2/stax2-api-4.2.2.jar:/home/runner/work/apicurio-testing/apicurio-testing/clusters/ci419/namespaces/inmemory/tests/integration/apicurio-registry/schema-util/xsd/target/apicurio-registry-schema-util-xsd-3.0.12-SNAPSHOT.jar:/home/runner/work/apicurio-testing/apicurio-testing/clusters/ci419/namespaces/inmemory/tests/integration/apicurio-registry/serdes/kafka/jsonschema-serde/target/apicurio-registry-jsonschema-serde-kafka-3.0.12-SNAPSHOT.jar:/home/runner/work/apicurio-testing/apicurio-testing/clusters/ci419/namespaces/inmemory/tests/integration/apicurio-registry/serdes/kafka/serde-kafka-common/target/apicurio-registry-serde-kafka-common-3.0.12-SNAPSHOT.jar:/home/runner/work/apicurio-testing/apicurio-testing/clusters/ci419/namespaces/inmemory/tests/integration/apicurio-registry/serdes/generic/serde-common/target/apicurio-registry-serde-common-3.0.12-SNAPSHOT.jar:/home/runner/work/apicurio-testing/apicurio-testing/clusters/ci419/namespaces/inmemory/tests/integration/apicurio-registry/serdes/generic/serde-common-jsonschema/target/apicurio-registry-serde-common-jsonschema-3.0.12-SNAPSHOT.jar:/home/runner/.m2/repository/org/json/json/20250107/json-20250107.jar:/home/runner/work/apicurio-testing/apicurio-testing/clusters/ci419/namespaces/inmemory/tests/integration/apicurio-registry/serdes/kafka/avro-serde/target/apicurio-registry-avro-serde-kafka-3.0.12-SNAPSHOT.jar:/home/runner/work/apicurio-testing/apicurio-testing/clusters/ci419/namespaces/inmemory/tests/integration/apicurio-registry/serdes/generic/serde-common-avro/target/apicurio-registry-serde-common-avro-3.0.12-SNAPSHOT.jar:/home/runner/work/apicurio-testing/apicurio-testing/clusters/ci419/namespaces/inmemory/tests/integration/apicurio-registry/serdes/kafka/protobuf-serde/target/apicurio-registry-protobuf-serde-kafka-3.0.12-SNAPSHOT.jar:/home/runner/work/apicurio-testing/apicurio-testing/clusters/ci419/namespaces/inmemory/tests/integration/apicurio-registry/serdes/generic/serde-common-protobuf/target/apicurio-registry-serde-common-protobuf-3.0.12-SNAPSHOT.jar:/home/runner/.m2/repository/com/squareup/wire/wire-schema/5.3.3/wire-schema-5.3.3.jar:/home/runner/.m2/repository/com/squareup/wire/wire-runtime/5.3.3/wire-runtime-5.3.3.jar:/home/runner/work/apicurio-testing/apicurio-testing/clusters/ci419/namespaces/inmemory/tests/integration/apicurio-registry/serdes/pulsar/avro-serde/target/apicurio-registry-avro-serde-pulsar-3.0.12-SNAPSHOT.jar:/home/runner/.m2/repository/org/apache/pulsar/pulsar-functions-api/3.3.8/pulsar-functions-api-3.3.8.jar:/home/runner/work/apicurio-testing/apicurio-testing/clusters/ci419/namespaces/inmemory/tests/integration/apicurio-registry/serdes/nats/avro-serde/target/apicurio-registry-avro-serde-nats-3.0.12-SNAPSHOT.jar:/home/runner/.m2/repository/io/nats/jnats/2.21.4/jnats-2.21.4.jar:/home/runner/.m2/repository/org/bouncycastle/bcprov-lts8on/2.73.7/bcprov-lts8on-2.73.7.jar:/home/runner/.m2/repository/org/jetbrains/annotations/26.0.2/annotations-26.0.2.jar:/home/runner/work/apicurio-testing/apicurio-testing/clusters/ci419/namespaces/inmemory/tests/integration/apicurio-registry/utils/converter/target/apicurio-registry-utils-converter-3.0.12-SNAPSHOT.jar:/home/runner/work/apicurio-testing/apicurio-testing/clusters/ci419/namespaces/inmemory/tests/integration/apicurio-registry/schema-resolver/target/apicurio-registry-schema-resolver-3.0.12-SNAPSHOT.jar:/home/runner/.m2/repository/org/apache/kafka/connect-api/3.9.1/connect-api-3.9.1.jar:/home/runner/.m2/repository/javax/ws/rs/javax.ws.rs-api/2.1.1/javax.ws.rs-api-2.1.1.jar:/home/runner/.m2/repository/org/apache/kafka/connect-json/3.9.1/connect-json-3.9.1.jar:/home/runner/.m2/repository/com/fasterxml/jackson/datatype/jackson-datatype-jdk8/2.18.2/jackson-datatype-jdk8-2.18.2.jar:/home/runner/.m2/repository/com/fasterxml/jackson/module/jackson-module-afterburner/2.18.2/jackson-module-afterburner-2.18.2.jar:/home/runner/work/apicurio-testing/apicurio-testing/clusters/ci419/namespaces/inmemory/tests/integration/apicurio-registry/utils/kafka/target/apicurio-registry-utils-kafka-3.0.12-SNAPSHOT.jar:/home/runner/.m2/repository/org/apache/pulsar/pulsar-client/3.3.8/pulsar-client-3.3.8.jar:/home/runner/.m2/repository/org/apache/pulsar/pulsar-client-api/3.3.8/pulsar-client-api-3.3.8.jar:/home/runner/.m2/repository/org/apache/pulsar/pulsar-client-admin-api/3.3.8/pulsar-client-admin-api-3.3.8.jar:/home/runner/.m2/repository/org/apache/pulsar/bouncy-castle-bc/3.3.8/bouncy-castle-bc-3.3.8-pkg.jar:/home/runner/.m2/repository/org/bouncycastle/bcpkix-jdk18on/1.81/bcpkix-jdk18on-1.81.jar:/home/runner/.m2/repository/org/bouncycastle/bcutil-jdk18on/1.81/bcutil-jdk18on-1.81.jar:/home/runner/.m2/repository/org/bouncycastle/bcprov-jdk18on/1.81/bcprov-jdk18on-1.81.jar:/home/runner/.m2/repository/io/opentelemetry/opentelemetry-api/1.44.1/opentelemetry-api-1.44.1.jar:/home/runner/.m2/repository/io/opentelemetry/opentelemetry-context/1.44.1/opentelemetry-context-1.44.1.jar:/home/runner/.m2/repository/io/opentelemetry/opentelemetry-api-incubator/1.44.1-alpha/opentelemetry-api-incubator-1.44.1-alpha.jar:/home/runner/.m2/repository/com/fasterxml/jackson/core/jackson-annotations/2.18.2/jackson-annotations-2.18.2.jar:/home/runner/.m2/repository/javax/validation/validation-api/1.1.0.Final/validation-api-1.1.0.Final.jar:/home/runner/.m2/repository/org/jspecify/jspecify/1.0.0/jspecify-1.0.0.jar:/home/runner/.m2/repository/org/apache/commons/commons-configuration2/2.12.0/commons-configuration2-2.12.0.jar:/home/runner/.m2/repository/commons-logging/commons-logging/1.3.5/commons-logging-1.3.5.jar:/home/runner/.m2/repository/org/apache/commons/commons-text/1.13.0/commons-text-1.13.0.jar:/home/runner/.m2/repository/io/confluent/kafka-avro-serializer/8.0.0/kafka-avro-serializer-8.0.0.jar:/home/runner/.m2/repository/org/apache/commons/commons-compress/1.27.1/commons-compress-1.27.1.jar:/home/runner/.m2/repository/io/confluent/kafka-schema-serializer/8.0.0/kafka-schema-serializer-8.0.0.jar:/home/runner/.m2/repository/com/fasterxml/jackson/dataformat/jackson-dataformat-csv/2.18.2/jackson-dataformat-csv-2.18.2.jar:/home/runner/.m2/repository/io/confluent/kafka-schema-registry-client/8.0.0/kafka-schema-registry-client-8.0.0.jar:/home/runner/.m2/repository/org/yaml/snakeyaml/2.3/snakeyaml-2.3.jar:/home/runner/.m2/repository/io/swagger/core/v3/swagger-annotations/2.2.29/swagger-annotations-2.2.29.jar:/home/runner/.m2/repository/com/google/guava/guava/33.4.0-jre/guava-33.4.0-jre.jar:/home/runner/.m2/repository/com/google/guava/failureaccess/1.0.1/failureaccess-1.0.1.jar:/home/runner/.m2/repository/org/checkerframework/checker-qual/3.49.0/checker-qual-3.49.0.jar:/home/runner/.m2/repository/io/confluent/logredactor/1.0.13/logredactor-1.0.13.jar:/home/runner/.m2/repository/com/google/re2j/re2j/1.6/re2j-1.6.jar:/home/runner/.m2/repository/io/confluent/logredactor-metrics/1.0.13/logredactor-metrics-1.0.13.jar:/home/runner/.m2/repository/com/eclipsesource/minimal-json/minimal-json/0.9.5/minimal-json-0.9.5.jar:/home/runner/.m2/repository/io/confluent/common-utils/8.0.0/common-utils-8.0.0.jar:/home/runner/.m2/repository/io/confluent/kafka-connect-avro-converter/8.0.0/kafka-connect-avro-converter-8.0.0.jar:/home/runner/.m2/repository/io/confluent/kafka-connect-avro-data/8.0.0/kafka-connect-avro-data-8.0.0.jar:/home/runner/.m2/repository/io/confluent/kafka-schema-converter/8.0.0/kafka-schema-converter-8.0.0.jar:/home/runner/.m2/repository/io/rest-assured/rest-assured/5.5.1/rest-assured-5.5.1.jar:/home/runner/.m2/repository/org/apache/groovy/groovy/4.0.22/groovy-4.0.22.jar:/home/runner/.m2/repository/org/apache/groovy/groovy-xml/4.0.22/groovy-xml-4.0.22.jar:/home/runner/.m2/repository/org/apache/httpcomponents/httpclient/4.5.14/httpclient-4.5.14.jar:/home/runner/.m2/repository/org/apache/httpcomponents/httpcore/4.4.16/httpcore-4.4.16.jar:/home/runner/.m2/repository/org/apache/httpcomponents/httpmime/4.5.14/httpmime-4.5.14.jar:/home/runner/.m2/repository/org/hamcrest/hamcrest/2.2/hamcrest-2.2.jar:/home/runner/.m2/repository/org/ccil/cowan/tagsoup/tagsoup/1.2.1/tagsoup-1.2.1.jar:/home/runner/.m2/repository/io/rest-assured/json-path/5.5.1/json-path-5.5.1.jar:/home/runner/.m2/repository/org/apache/groovy/groovy-json/4.0.22/groovy-json-4.0.22.jar:/home/runner/.m2/repository/io/rest-assured/rest-assured-common/5.5.1/rest-assured-common-5.5.1.jar:/home/runner/.m2/repository/io/rest-assured/xml-path/5.5.1/xml-path-5.5.1.jar:/home/runner/.m2/repository/io/zonky/test/embedded-postgres/2.1.0/embedded-postgres-2.1.0.jar:/home/runner/.m2/repository/io/zonky/test/postgres/embedded-postgres-binaries-windows-amd64/14.15.0/embedded-postgres-binaries-windows-amd64-14.15.0.jar:/home/runner/.m2/repository/io/zonky/test/postgres/embedded-postgres-binaries-darwin-amd64/14.15.0/embedded-postgres-binaries-darwin-amd64-14.15.0.jar:/home/runner/.m2/repository/io/zonky/test/postgres/embedded-postgres-binaries-linux-amd64/14.15.0/embedded-postgres-binaries-linux-amd64-14.15.0.jar:/home/runner/.m2/repository/io/zonky/test/postgres/embedded-postgres-binaries-linux-amd64-alpine/14.15.0/embedded-postgres-binaries-linux-amd64-alpine-14.15.0.jar:/home/runner/.m2/repository/org/apache/commons/commons-lang3/3.17.0/commons-lang3-3.17.0.jar:/home/runner/.m2/repository/org/tukaani/xz/1.10/xz-1.10.jar:/home/runner/.m2/repository/commons-codec/commons-codec/1.19.0/commons-codec-1.19.0.jar:/home/runner/.m2/repository/org/postgresql/postgresql/42.7.7/postgresql-42.7.7.jar:/home/runner/.m2/repository/commons-io/commons-io/2.18.0/commons-io-2.18.0.jar:/home/runner/work/apicurio-testing/apicurio-testing/clusters/ci419/namespaces/inmemory/tests/integration/apicurio-registry/utils/importexport/target/apicurio-registry-utils-import-export-3.0.12-SNAPSHOT.jar:/home/runner/.m2/repository/io/vertx/vertx-core/4.5.16/vertx-core-4.5.16.jar:/home/runner/.m2/repository/io/netty/netty-common/4.1.121.Final/netty-common-4.1.121.Final.jar:/home/runner/.m2/repository/io/netty/netty-buffer/4.1.121.Final/netty-buffer-4.1.121.Final.jar:/home/runner/.m2/repository/io/netty/netty-transport/4.1.121.Final/netty-transport-4.1.121.Final.jar:/home/runner/.m2/repository/io/netty/netty-handler/4.1.121.Final/netty-handler-4.1.121.Final.jar:/home/runner/.m2/repository/io/netty/netty-transport-native-unix-common/4.1.121.Final/netty-transport-native-unix-common-4.1.121.Final.jar:/home/runner/.m2/repository/io/netty/netty-codec/4.1.121.Final/netty-codec-4.1.121.Final.jar:/home/runner/.m2/repository/io/netty/netty-handler-proxy/4.1.121.Final/netty-handler-proxy-4.1.121.Final.jar:/home/runner/.m2/repository/io/netty/netty-codec-socks/4.1.121.Final/netty-codec-socks-4.1.121.Final.jar:/home/runner/.m2/repository/io/netty/netty-codec-http/4.1.121.Final/netty-codec-http-4.1.121.Final.jar:/home/runner/.m2/repository/io/netty/netty-codec-http2/4.1.121.Final/netty-codec-http2-4.1.121.Final.jar:/home/runner/.m2/repository/io/netty/netty-resolver/4.1.121.Final/netty-resolver-4.1.121.Final.jar:/home/runner/.m2/repository/io/netty/netty-resolver-dns/4.1.121.Final/netty-resolver-dns-4.1.121.Final.jar:/home/runner/.m2/repository/io/netty/netty-codec-dns/4.1.121.Final/netty-codec-dns-4.1.121.Final.jar:/home/runner/.m2/repository/com/fasterxml/jackson/core/jackson-core/2.18.2/jackson-core-2.18.2.jar:"/>
    <property name="sun.cpu.endian" value="little"/>
    <property name="user.home" value="/home/runner"/>
    <property name="user.language" value="en"/>
    <property name="jboss.log-version" value="false"/>
    <property name="java.specification.vendor" value="Oracle Corporation"/>
    <property name="java.version.date" value="2025-07-15"/>
    <property name="java.home" value="/usr/lib/jvm/temurin-17-jdk-amd64"/>
    <property name="file.separator" value="/"/>
    <property name="basedir" value="/home/runner/work/apicurio-testing/apicurio-testing/clusters/ci419/namespaces/inmemory/tests/integration/apicurio-registry/integration-tests"/>
    <property name="java.vm.compressedOopsMode" value="32-bit"/>
    <property name="line.separator" value="&#10;"/>
    <property name="java.specification.name" value="Java Platform API Specification"/>
    <property name="java.vm.specification.vendor" value="Oracle Corporation"/>
    <property name="quarkus.http.test-host" value="registry-app-inmemory.apps.ci419.apicurio-testing.org"/>
    <property name="surefire.real.class.path" value="/home/runner/work/apicurio-testing/apicurio-testing/clusters/ci419/namespaces/inmemory/tests/integration/apicurio-registry/integration-tests/target/surefire/surefirebooter-20250805170136951_3.jar"/>
    <property name="sun.management.compiler" value="HotSpot 64-Bit Tiered Compilers"/>
    <property name="org.eclipse.jetty.http.HttpGenerator.STRICT" value="true"/>
    <property name="java.runtime.version" value="17.0.16+8"/>
    <property name="user.name" value="runner"/>
    <property name="path.separator" value=":"/>
    <property name="os.version" value="6.8.0-1031-azure"/>
    <property name="java.runtime.name" value="OpenJDK Runtime Environment"/>
    <property name="file.encoding" value="UTF-8"/>
    <property name="jnidispatch.path" value="/home/runner/.cache/JNA/temp/jna16433231105874225720.tmp"/>
    <property name="java.vm.name" value="OpenJDK 64-Bit Server VM"/>
    <property name="jna.platform.library.path" value="/usr/lib/x86_64-linux-gnu:/lib/x86_64-linux-gnu:/usr/lib64:/lib64:/usr/lib:/lib:/lib32:/usr/local/lib:/usr/lib/x86_64-linux-gnu/libfakeroot"/>
    <property name="java.vendor.version" value="Temurin-17.0.16+8"/>
    <property name="quarkus.oidc.token-path" value="https://keycloak-inmemory.apps.ci419.apicurio-testing.org/realms/registry/protocol/openid-connect/token"/>
    <property name="quarkus.http.host" value="registry-app-inmemory.apps.ci419.apicurio-testing.org"/>
    <property name="localRepository" value="/home/runner/.m2/repository"/>
    <property name="javax.xml.xpath.XPathFactory:http://java.sun.com/jaxp/xpath/dom" value="com.sun.org.apache.xpath.internal.jaxp.XPathFactoryImpl"/>
    <property name="jna.loaded" value="true"/>
    <property name="java.vendor.url.bug" value="https://github.com/adoptium/adoptium-support/issues"/>
    <property name="jetty.git.hash" value="5bc5e562c8d05c5862505aebe5cf83a61bdbcb96"/>
    <property name="java.io.tmpdir" value="/tmp"/>
    <property name="quarkus.http.test-protocol" value="http"/>
    <property name="java.version" value="17.0.16"/>
    <property name="user.dir" value="/home/runner/work/apicurio-testing/apicurio-testing/clusters/ci419/namespaces/inmemory/tests/integration/apicurio-registry/integration-tests"/>
    <property name="os.arch" value="amd64"/>
    <property name="groups" value="( smoke | serdes | acceptance | ui)"/>
    <property name="java.vm.specification.name" value="Java Virtual Machine Specification"/>
    <property name="native.encoding" value="UTF-8"/>
    <property name="java.util.logging.manager" value="org.jboss.logmanager.LogManager"/>
    <property name="java.library.path" value="/usr/java/packages/lib:/usr/lib64:/lib64:/lib:/usr/lib"/>
    <property name="jdk.console" value="java.base"/>
    <property name="java.vm.info" value="mixed mode, sharing"/>
    <property name="java.vendor" value="Eclipse Adoptium"/>
    <property name="java.vm.version" value="17.0.16+8"/>
    <property name="java.specification.maintenance.version" value="1"/>
    <property name="sun.io.unicode.encoding" value="UnicodeLittle"/>
    <property name="javax.xml.transform.TransformerFactory" value="com.sun.org.apache.xalan.internal.xsltc.trax.TransformerFactoryImpl"/>
    <property name="java.class.version" value="61.0"/>
  </properties>
  <testcase name="testGlobalIdInHeaders" classname="io.apicurio.tests.serdes.apicurio.AvroSerdeIT" time="6.003">
    <system-out><![CDATA[**** Registry Base URL: http://registry-app-inmemory.apps.ci419.apicurio-testing.org:80
**** Registry Base URL: http://registry-app-inmemory.apps.ci419.apicurio-testing.org:80
2025-08-05 17:01:48,652 INFO  [io.api.tes.ser.api.AvroSerdeIT] (main) RestAssured configured with http://registry-app-inmemory.apps.ci419.apicurio-testing.org:80/apis/registry/v3
2025-08-05 17:01:48,652 INFO  [io.api.tes.uti.KafkaFacade] (main) Starting kafka container
2025-08-05 17:01:48,690 INFO  [org.tes.ima.PullPolicy] (main) Image pull policy will be performed by: DefaultPullPolicy()
2025-08-05 17:01:48,692 INFO  [org.tes.uti.ImageNameSubstitutor] (main) Image name substitution will be performed by: DefaultImageNameSubstitutor (composite of 'ConfigurationFileImageNameSubstitutor' and 'PrefixingImageNameSubstitutor')
2025-08-05 17:01:48,702 INFO  [org.tes.DockerClientFactory] (main) Testcontainers version: 1.20.6
2025-08-05 17:01:49,214 INFO  [org.tes.doc.DockerClientProviderStrategy] (main) Found Docker environment with local Unix socket (unix:///var/run/docker.sock)
2025-08-05 17:01:49,223 INFO  [org.tes.DockerClientFactory] (main) Docker host IP address is localhost
2025-08-05 17:01:49,244 INFO  [org.tes.DockerClientFactory] (main) Connected to docker: 
  Server Version: 28.0.4
  API Version: 1.48
  Operating System: Ubuntu 22.04.5 LTS
  Total Memory: 7944 MB
2025-08-05 17:01:49,285 INFO  [tc.tes.11.0] (main) Pulling docker image: testcontainers/ryuk:0.11.0. Please be patient; this may take some time but only needs to be done once.
2025-08-05 17:01:49,589 INFO  [tc.tes.11.0] (docker-java-stream--1295187651) Starting to pull image
2025-08-05 17:01:49,615 INFO  [tc.tes.11.0] (docker-java-stream--1295187651) Pulling image layers:  0 pending,  0 downloaded,  0 extracted, (0 bytes/0 bytes)
2025-08-05 17:01:49,788 INFO  [tc.tes.11.0] (docker-java-stream--1295187651) Pulling image layers:  2 pending,  1 downloaded,  0 extracted, (115 KB/? MB)
2025-08-05 17:01:49,829 INFO  [tc.tes.11.0] (docker-java-stream--1295187651) Pulling image layers:  1 pending,  2 downloaded,  0 extracted, (115 KB/? MB)
2025-08-05 17:01:49,863 INFO  [tc.tes.11.0] (docker-java-stream--1295187651) Pulling image layers:  0 pending,  3 downloaded,  0 extracted, (6 MB/10 MB)
2025-08-05 17:01:49,944 INFO  [tc.tes.11.0] (docker-java-stream--1295187651) Pulling image layers:  0 pending,  3 downloaded,  1 extracted, (10 MB/10 MB)
2025-08-05 17:01:50,951 INFO  [tc.tes.11.0] (docker-java-stream--1295187651) Pulling image layers:  0 pending,  3 downloaded,  2 extracted, (10 MB/10 MB)
2025-08-05 17:01:50,995 INFO  [tc.tes.11.0] (docker-java-stream--1295187651) Pulling image layers:  0 pending,  3 downloaded,  3 extracted, (10 MB/10 MB)
2025-08-05 17:01:51,005 INFO  [tc.tes.11.0] (docker-java-stream--1295187651) Pull complete. 3 layers, pulled in 1s (downloaded 10 MB at 10 MB/s)
2025-08-05 17:01:51,005 INFO  [tc.tes.11.0] (main) Image testcontainers/ryuk:0.11.0 pull took PT1.720188911S
2025-08-05 17:01:51,033 INFO  [tc.tes.11.0] (main) Creating container for image: testcontainers/ryuk:0.11.0
2025-08-05 17:01:51,126 INFO  [tc.tes.11.0] (main) Container testcontainers/ryuk:0.11.0 is starting: de0c0e1370ac7cfe131d842c6c2fe2ac56982106c53c4cbde162ea8d82b4e111
2025-08-05 17:01:51,445 INFO  [tc.tes.11.0] (main) Container testcontainers/ryuk:0.11.0 started in PT0.412113187S
2025-08-05 17:01:51,450 INFO  [org.tes.uti.RyukResourceReaper] (main) Ryuk started - will monitor and terminate Testcontainers containers on JVM exit
2025-08-05 17:01:51,450 INFO  [org.tes.DockerClientFactory] (main) Checking the system...
2025-08-05 17:01:51,451 INFO  [org.tes.DockerClientFactory] (main) ✔︎ Docker server version should be at least 1.6.0
2025-08-05 17:01:51,454 INFO  [io.str.tes.con.KafkaVersionService] (main) Latest release of Kafka is:LogicalKafkaVersionEntity{version='4.0.0', image='quay.io/strimzi-test-container/test-container:0.111.0-kafka-4.0.0'}
2025-08-05 17:01:51,454 INFO  [io.str.tes.con.KafkaVersionService] (main) Latest release of Kafka is:LogicalKafkaVersionEntity{version='4.0.0', image='quay.io/strimzi-test-container/test-container:0.111.0-kafka-4.0.0'}
2025-08-05 17:01:51,454 INFO  [io.str.tes.con.KafkaVersionService] (main) No Kafka version specified. Using latest release: 4.0.0
2025-08-05 17:01:51,462 INFO  [tc.qua.io/.111.0-k.0.0] (main) Pulling docker image: quay.io/strimzi-test-container/test-container:0.111.0-kafka-4.0.0. Please be patient; this may take some time but only needs to be done once.
2025-08-05 17:01:52,269 INFO  [tc.qua.io/.111.0-k.0.0] (docker-java-stream--29267298) Starting to pull image
2025-08-05 17:01:52,271 INFO  [tc.qua.io/.111.0-k.0.0] (docker-java-stream--29267298) Pulling image layers:  0 pending,  0 downloaded,  0 extracted, (0 bytes/0 bytes)
2025-08-05 17:01:52,713 INFO  [tc.qua.io/.111.0-k.0.0] (docker-java-stream--29267298) Pulling image layers:  6 pending,  1 downloaded,  0 extracted, (555 KB/? MB)
2025-08-05 17:01:52,956 INFO  [tc.qua.io/.111.0-k.0.0] (docker-java-stream--29267298) Pulling image layers:  5 pending,  2 downloaded,  0 extracted, (26 MB/? MB)
2025-08-05 17:01:53,093 INFO  [tc.qua.io/.111.0-k.0.0] (docker-java-stream--29267298) Pulling image layers:  4 pending,  3 downloaded,  0 extracted, (43 MB/? MB)
2025-08-05 17:01:53,275 INFO  [tc.qua.io/.111.0-k.0.0] (docker-java-stream--29267298) Pulling image layers:  3 pending,  4 downloaded,  0 extracted, (69 MB/? MB)
2025-08-05 17:01:53,353 INFO  [tc.qua.io/.111.0-k.0.0] (docker-java-stream--29267298) Pulling image layers:  2 pending,  5 downloaded,  0 extracted, (89 MB/? MB)
2025-08-05 17:01:53,890 INFO  [tc.qua.io/.111.0-k.0.0] (docker-java-stream--29267298) Pulling image layers:  1 pending,  6 downloaded,  0 extracted, (184 MB/? MB)
2025-08-05 17:01:54,352 INFO  [tc.qua.io/.111.0-k.0.0] (docker-java-stream--29267298) Pulling image layers:  0 pending,  7 downloaded,  0 extracted, (237 MB/249 MB)
2025-08-05 17:01:54,406 INFO  [tc.qua.io/.111.0-k.0.0] (docker-java-stream--29267298) Pulling image layers:  0 pending,  7 downloaded,  1 extracted, (238 MB/249 MB)
2025-08-05 17:01:58,292 INFO  [tc.qua.io/.111.0-k.0.0] (docker-java-stream--29267298) Pulling image layers:  0 pending,  7 downloaded,  2 extracted, (238 MB/249 MB)
2025-08-05 17:01:58,325 INFO  [tc.qua.io/.111.0-k.0.0] (docker-java-stream--29267298) Pulling image layers:  0 pending,  7 downloaded,  3 extracted, (241 MB/249 MB)
2025-08-05 17:01:58,340 INFO  [tc.qua.io/.111.0-k.0.0] (docker-java-stream--29267298) Pulling image layers:  0 pending,  7 downloaded,  4 extracted, (241 MB/249 MB)
2025-08-05 17:01:59,083 INFO  [tc.qua.io/.111.0-k.0.0] (docker-java-stream--29267298) Pulling image layers:  0 pending,  7 downloaded,  5 extracted, (247 MB/249 MB)
2025-08-05 17:01:59,478 INFO  [tc.qua.io/.111.0-k.0.0] (docker-java-stream--29267298) Pulling image layers:  0 pending,  7 downloaded,  6 extracted, (249 MB/249 MB)
2025-08-05 17:01:59,492 INFO  [tc.qua.io/.111.0-k.0.0] (docker-java-stream--29267298) Pulling image layers:  0 pending,  7 downloaded,  7 extracted, (249 MB/249 MB)
2025-08-05 17:01:59,499 INFO  [tc.qua.io/.111.0-k.0.0] (docker-java-stream--29267298) Pull complete. 7 layers, pulled in 7s (downloaded 249 MB at 35 MB/s)
2025-08-05 17:01:59,499 INFO  [tc.qua.io/.111.0-k.0.0] (main) Image quay.io/strimzi-test-container/test-container:0.111.0-kafka-4.0.0 pull took PT8.036161569S
2025-08-05 17:01:59,502 INFO  [tc.qua.io/.111.0-k.0.0] (main) Creating container for image: quay.io/strimzi-test-container/test-container:0.111.0-kafka-4.0.0
2025-08-05 17:01:59,572 INFO  [tc.qua.io/.111.0-k.0.0] (main) Container quay.io/strimzi-test-container/test-container:0.111.0-kafka-4.0.0 is starting: c77f98eecf41b8b41108575e44980d065c14e72cee5a9379113aa04f203b38d7
2025-08-05 17:01:59,739 INFO  [io.str.tes.con.StrimziKafkaContainer] (main) Mapped port: 32769
2025-08-05 17:01:59,740 WARN  [io.str.tes.con.StrimziKafkaContainer] (main) Node ID is not set. Using broker ID 0 as the default node ID.
2025-08-05 17:01:59,740 INFO  [io.str.tes.con.StrimziKafkaContainer] (main) This is all advertised listeners for Kafka PLAINTEXT://localhost:32769,BROKER1://172.18.0.2:9091,CONTROLLER://broker-0:9094
2025-08-05 17:01:59,770 INFO  [io.str.tes.con.StrimziKafkaContainer] (main) New `cluster.id` has been generated: utE1hb3GTCWLCoAPsWG7_Q
2025-08-05 17:01:59,771 INFO  [io.str.tes.con.StrimziKafkaContainer] (main) Copying command to 'STARTER_SCRIPT' script.
2025-08-05 17:02:05,035 INFO  [tc.qua.io/.111.0-k.0.0] (main) Container quay.io/strimzi-test-container/test-container:0.111.0-kafka-4.0.0 started in PT5.532929615S
2025-08-05 17:02:05,037 INFO  [io.api.tes.uti.TestSeparator] (main) ############################################################################
2025-08-05 17:02:05,037 INFO  [io.api.tes.uti.TestSeparator] (main) io.apicurio.tests.serdes.apicurio.AvroSerdeIT.testGlobalIdInHeaders-STARTED
2025-08-05 17:02:05,048 INFO  [org.apa.kaf.cli.adm.AdminClientConfig] (main) AdminClientConfig values: 
	auto.include.jmx.reporter = true
	bootstrap.controllers = []
	bootstrap.servers = [PLAINTEXT://localhost:32769]
	client.dns.lookup = use_all_dns_ips
	client.id = 
	connections.max.idle.ms = 10000
	default.api.timeout.ms = 60000
	enable.metrics.push = true
	metadata.max.age.ms = 300000
	metadata.recovery.strategy = none
	metric.reporters = []
	metrics.num.samples = 2
	metrics.recording.level = INFO
	metrics.sample.window.ms = 30000
	receive.buffer.bytes = 65536
	reconnect.backoff.max.ms = 1000
	reconnect.backoff.ms = 50
	request.timeout.ms = 5000
	retries = 2147483647
	retry.backoff.max.ms = 1000
	retry.backoff.ms = 100
	sasl.client.callback.handler.class = null
	sasl.jaas.config = null
	sasl.kerberos.kinit.cmd = /usr/bin/kinit
	sasl.kerberos.min.time.before.relogin = 60000
	sasl.kerberos.service.name = null
	sasl.kerberos.ticket.renew.jitter = 0.05
	sasl.kerberos.ticket.renew.window.factor = 0.8
	sasl.login.callback.handler.class = null
	sasl.login.class = null
	sasl.login.connect.timeout.ms = null
	sasl.login.read.timeout.ms = null
	sasl.login.refresh.buffer.seconds = 300
	sasl.login.refresh.min.period.seconds = 60
	sasl.login.refresh.window.factor = 0.8
	sasl.login.refresh.window.jitter = 0.05
	sasl.login.retry.backoff.max.ms = 10000
	sasl.login.retry.backoff.ms = 100
	sasl.mechanism = GSSAPI
	sasl.oauthbearer.clock.skew.seconds = 30
	sasl.oauthbearer.expected.audience = null
	sasl.oauthbearer.expected.issuer = null
	sasl.oauthbearer.header.urlencode = false
	sasl.oauthbearer.jwks.endpoint.refresh.ms = 3600000
	sasl.oauthbearer.jwks.endpoint.retry.backoff.max.ms = 10000
	sasl.oauthbearer.jwks.endpoint.retry.backoff.ms = 100
	sasl.oauthbearer.jwks.endpoint.url = null
	sasl.oauthbearer.scope.claim.name = scope
	sasl.oauthbearer.sub.claim.name = sub
	sasl.oauthbearer.token.endpoint.url = null
	security.protocol = PLAINTEXT
	security.providers = null
	send.buffer.bytes = 131072
	socket.connection.setup.timeout.max.ms = 30000
	socket.connection.setup.timeout.ms = 10000
	ssl.cipher.suites = null
	ssl.enabled.protocols = [TLSv1.2, TLSv1.3]
	ssl.endpoint.identification.algorithm = https
	ssl.engine.factory.class = null
	ssl.key.password = null
	ssl.keymanager.algorithm = SunX509
	ssl.keystore.certificate.chain = null
	ssl.keystore.key = null
	ssl.keystore.location = null
	ssl.keystore.password = null
	ssl.keystore.type = JKS
	ssl.protocol = TLSv1.3
	ssl.provider = null
	ssl.secure.random.implementation = null
	ssl.trustmanager.algorithm = PKIX
	ssl.truststore.certificates = null
	ssl.truststore.location = null
	ssl.truststore.password = null
	ssl.truststore.type = JKS

2025-08-05 17:02:05,218 INFO  [org.apa.kaf.com.uti.AppInfoParser] (main) Kafka version: 3.9.1
2025-08-05 17:02:05,218 INFO  [org.apa.kaf.com.uti.AppInfoParser] (main) Kafka commitId: f745dfdcee2b9851
2025-08-05 17:02:05,219 INFO  [org.apa.kaf.com.uti.AppInfoParser] (main) Kafka startTimeMs: 1754413325216
**** Registry Base URL: http://registry-app-inmemory.apps.ci419.apicurio-testing.org:80
2025-08-05 17:02:05,270 INFO  [org.apa.kaf.cli.pro.ProducerConfig] (main) ProducerConfig values: 
	acks = -1
	auto.include.jmx.reporter = true
	batch.size = 16384
	bootstrap.servers = [PLAINTEXT://localhost:32769]
	buffer.memory = 33554432
	client.dns.lookup = use_all_dns_ips
	client.id = Producer-topic-08a4ed70_9bce_4a1a_98d7_9c1619d09883
	compression.gzip.level = -1
	compression.lz4.level = 9
	compression.type = none
	compression.zstd.level = 3
	connections.max.idle.ms = 10000
	delivery.timeout.ms = 120000
	enable.idempotence = true
	enable.metrics.push = true
	interceptor.classes = []
	key.serializer = class org.apache.kafka.common.serialization.StringSerializer
	linger.ms = 0
	max.block.ms = 60000
	max.in.flight.requests.per.connection = 5
	max.request.size = 1048576
	metadata.max.age.ms = 300000
	metadata.max.idle.ms = 300000
	metadata.recovery.strategy = none
	metric.reporters = []
	metrics.num.samples = 2
	metrics.recording.level = INFO
	metrics.sample.window.ms = 30000
	partitioner.adaptive.partitioning.enable = true
	partitioner.availability.timeout.ms = 0
	partitioner.class = null
	partitioner.ignore.keys = false
	receive.buffer.bytes = 32768
	reconnect.backoff.max.ms = 1000
	reconnect.backoff.ms = 50
	request.timeout.ms = 5000
	retries = 2147483647
	retry.backoff.max.ms = 1000
	retry.backoff.ms = 100
	sasl.client.callback.handler.class = null
	sasl.jaas.config = null
	sasl.kerberos.kinit.cmd = /usr/bin/kinit
	sasl.kerberos.min.time.before.relogin = 60000
	sasl.kerberos.service.name = null
	sasl.kerberos.ticket.renew.jitter = 0.05
	sasl.kerberos.ticket.renew.window.factor = 0.8
	sasl.login.callback.handler.class = null
	sasl.login.class = null
	sasl.login.connect.timeout.ms = null
	sasl.login.read.timeout.ms = null
	sasl.login.refresh.buffer.seconds = 300
	sasl.login.refresh.min.period.seconds = 60
	sasl.login.refresh.window.factor = 0.8
	sasl.login.refresh.window.jitter = 0.05
	sasl.login.retry.backoff.max.ms = 10000
	sasl.login.retry.backoff.ms = 100
	sasl.mechanism = GSSAPI
	sasl.oauthbearer.clock.skew.seconds = 30
	sasl.oauthbearer.expected.audience = null
	sasl.oauthbearer.expected.issuer = null
	sasl.oauthbearer.header.urlencode = false
	sasl.oauthbearer.jwks.endpoint.refresh.ms = 3600000
	sasl.oauthbearer.jwks.endpoint.retry.backoff.max.ms = 10000
	sasl.oauthbearer.jwks.endpoint.retry.backoff.ms = 100
	sasl.oauthbearer.jwks.endpoint.url = null
	sasl.oauthbearer.scope.claim.name = scope
	sasl.oauthbearer.sub.claim.name = sub
	sasl.oauthbearer.token.endpoint.url = null
	security.protocol = PLAINTEXT
	security.providers = null
	send.buffer.bytes = 131072
	socket.connection.setup.timeout.max.ms = 30000
	socket.connection.setup.timeout.ms = 10000
	ssl.cipher.suites = null
	ssl.enabled.protocols = [TLSv1.2, TLSv1.3]
	ssl.endpoint.identification.algorithm = https
	ssl.engine.factory.class = null
	ssl.key.password = null
	ssl.keymanager.algorithm = SunX509
	ssl.keystore.certificate.chain = null
	ssl.keystore.key = null
	ssl.keystore.location = null
	ssl.keystore.password = null
	ssl.keystore.type = JKS
	ssl.protocol = TLSv1.3
	ssl.provider = null
	ssl.secure.random.implementation = null
	ssl.trustmanager.algorithm = PKIX
	ssl.truststore.certificates = null
	ssl.truststore.location = null
	ssl.truststore.password = null
	ssl.truststore.type = JKS
	transaction.timeout.ms = 60000
	transactional.id = null
	value.serializer = class io.apicurio.registry.serde.avro.AvroKafkaSerializer

2025-08-05 17:02:05,311 INFO  [org.apa.kaf.com.tel.int.KafkaMetricsCollector] (main) initializing Kafka metrics collector
2025-08-05 17:02:05,342 INFO  [org.apa.kaf.cli.pro.KafkaProducer] (main) [Producer clientId=Producer-topic-08a4ed70_9bce_4a1a_98d7_9c1619d09883] Instantiated an idempotent producer.
2025-08-05 17:02:05,388 INFO  [org.apa.kaf.cli.pro.ProducerConfig] (main) These configurations '[apicurio.registry.url, apicurio.registry.auto-register, apicurio.registry.use-id, apicurio.registry.artifact-resolver-strategy]' were supplied but are not used yet.
2025-08-05 17:02:05,388 INFO  [org.apa.kaf.com.uti.AppInfoParser] (main) Kafka version: 3.9.1
2025-08-05 17:02:05,388 INFO  [org.apa.kaf.com.uti.AppInfoParser] (main) Kafka commitId: f745dfdcee2b9851
2025-08-05 17:02:05,388 INFO  [org.apa.kaf.com.uti.AppInfoParser] (main) Kafka startTimeMs: 1754413325388
2025-08-05 17:02:05,390 INFO  [io.api.tes.ser.api.SimpleSerdesTesterBuilder$SimpleSerdesTester] (main) Using producer configuration: {apicurio.registry.url=http://registry-app-inmemory.apps.ci419.apicurio-testing.org:80/apis/registry/v3, apicurio.registry.auto-register=true, apicurio.registry.use-id=globalId, apicurio.registry.artifact-resolver-strategy=io.apicurio.registry.serde.strategy.TopicIdStrategy, value.serializer=io.apicurio.registry.serde.avro.AvroKafkaSerializer, request.timeout.ms=5000, acks=all, bootstrap.servers=PLAINTEXT://localhost:32769, connections.max.idle.ms=10000, key.serializer=org.apache.kafka.common.serialization.StringSerializer, client.id=Producer-topic-08a4ed70_9bce_4a1a_98d7_9c1619d09883}
2025-08-05 17:02:05,390 INFO  [io.api.tes.ser.api.SimpleSerdesTesterBuilder$SimpleSerdesTester] (main) Using consumer configuration: {apicurio.registry.use-id=globalId}
2025-08-05 17:02:05,394 INFO  [io.api.tes.ser.api.KafkaSerdesTester] (Thread-600) Sending message {"key11754413325249": "value-0"} to topic topic-08a4ed70_9bce_4a1a_98d7_9c1619d09883
2025-08-05 17:02:05,767 WARN  [org.apa.kaf.cli.NetworkClient] (kafka-producer-network-thread | Producer-topic-08a4ed70_9bce_4a1a_98d7_9c1619d09883) [Producer clientId=Producer-topic-08a4ed70_9bce_4a1a_98d7_9c1619d09883] The metadata response from the cluster reported a recoverable issue with correlation id 1 : {topic-08a4ed70_9bce_4a1a_98d7_9c1619d09883=UNKNOWN_TOPIC_OR_PARTITION}
2025-08-05 17:02:05,772 INFO  [org.apa.kaf.cli.Metadata] (kafka-producer-network-thread | Producer-topic-08a4ed70_9bce_4a1a_98d7_9c1619d09883) [Producer clientId=Producer-topic-08a4ed70_9bce_4a1a_98d7_9c1619d09883] Cluster ID: utE1hb3GTCWLCoAPsWG7_Q
2025-08-05 17:02:06,011 INFO  [org.apa.kaf.cli.pro.int.TransactionManager] (kafka-producer-network-thread | Producer-topic-08a4ed70_9bce_4a1a_98d7_9c1619d09883) [Producer clientId=Producer-topic-08a4ed70_9bce_4a1a_98d7_9c1619d09883] ProducerId set to 0 with epoch 0
2025-08-05 17:02:06,186 INFO  [io.api.tes.ser.api.KafkaSerdesTester] (Thread-600) Sending message {"key11754413325249": "value-1"} to topic topic-08a4ed70_9bce_4a1a_98d7_9c1619d09883
2025-08-05 17:02:06,197 INFO  [io.api.tes.ser.api.KafkaSerdesTester] (Thread-600) Sending message {"key11754413325249": "value-2"} to topic topic-08a4ed70_9bce_4a1a_98d7_9c1619d09883
2025-08-05 17:02:06,211 INFO  [io.api.tes.ser.api.KafkaSerdesTester] (Thread-600) Sending message {"key11754413325249": "value-3"} to topic topic-08a4ed70_9bce_4a1a_98d7_9c1619d09883
2025-08-05 17:02:06,217 INFO  [io.api.tes.ser.api.KafkaSerdesTester] (Thread-600) Sending message {"key11754413325249": "value-4"} to topic topic-08a4ed70_9bce_4a1a_98d7_9c1619d09883
2025-08-05 17:02:06,223 INFO  [io.api.tes.ser.api.KafkaSerdesTester] (Thread-600) Sending message {"key11754413325249": "value-5"} to topic topic-08a4ed70_9bce_4a1a_98d7_9c1619d09883
2025-08-05 17:02:06,229 INFO  [io.api.tes.ser.api.KafkaSerdesTester] (Thread-600) Sending message {"key11754413325249": "value-6"} to topic topic-08a4ed70_9bce_4a1a_98d7_9c1619d09883
2025-08-05 17:02:06,234 INFO  [io.api.tes.ser.api.KafkaSerdesTester] (Thread-600) Sending message {"key11754413325249": "value-7"} to topic topic-08a4ed70_9bce_4a1a_98d7_9c1619d09883
2025-08-05 17:02:06,240 INFO  [io.api.tes.ser.api.KafkaSerdesTester] (Thread-600) Sending message {"key11754413325249": "value-8"} to topic topic-08a4ed70_9bce_4a1a_98d7_9c1619d09883
2025-08-05 17:02:06,250 INFO  [io.api.tes.ser.api.KafkaSerdesTester] (Thread-600) Sending message {"key11754413325249": "value-9"} to topic topic-08a4ed70_9bce_4a1a_98d7_9c1619d09883
2025-08-05 17:02:06,255 INFO  [io.api.tes.ser.api.KafkaSerdesTester] (Thread-600) Produced 10 messages
2025-08-05 17:02:06,255 INFO  [org.apa.kaf.cli.pro.KafkaProducer] (Thread-600) [Producer clientId=Producer-topic-08a4ed70_9bce_4a1a_98d7_9c1619d09883] Closing the Kafka producer with timeoutMillis = 9223372036854775807 ms.
2025-08-05 17:02:06,279 INFO  [org.apa.kaf.com.met.Metrics] (Thread-600) Metrics scheduler closed
2025-08-05 17:02:06,280 INFO  [org.apa.kaf.com.met.Metrics] (Thread-600) Closing reporter org.apache.kafka.common.metrics.JmxReporter
2025-08-05 17:02:06,280 INFO  [org.apa.kaf.com.met.Metrics] (Thread-600) Closing reporter org.apache.kafka.common.telemetry.internals.ClientTelemetryReporter
2025-08-05 17:02:06,280 INFO  [org.apa.kaf.com.met.Metrics] (Thread-600) Metrics reporters closed
2025-08-05 17:02:06,283 INFO  [org.apa.kaf.com.uti.AppInfoParser] (Thread-600) App info kafka.producer for Producer-topic-08a4ed70_9bce_4a1a_98d7_9c1619d09883 unregistered
**** Registry Base URL: http://registry-app-inmemory.apps.ci419.apicurio-testing.org:80
2025-08-05 17:02:06,361 INFO  [org.apa.kaf.cli.con.ConsumerConfig] (main) ConsumerConfig values: 
	allow.auto.create.topics = true
	auto.commit.interval.ms = 500
	auto.include.jmx.reporter = true
	auto.offset.reset = earliest
	bootstrap.servers = [PLAINTEXT://localhost:32769]
	check.crcs = true
	client.dns.lookup = use_all_dns_ips
	client.id = consumer-Consumer-topic-08a4ed70_9bce_4a1a_98d7_9c1619d09883-1
	client.rack = 
	connections.max.idle.ms = 10000
	default.api.timeout.ms = 60000
	enable.auto.commit = true
	enable.metrics.push = true
	exclude.internal.topics = true
	fetch.max.bytes = 52428800
	fetch.max.wait.ms = 500
	fetch.min.bytes = 1
	group.id = Consumer-topic-08a4ed70_9bce_4a1a_98d7_9c1619d09883
	group.instance.id = null
	group.protocol = classic
	group.remote.assignor = null
	heartbeat.interval.ms = 3000
	interceptor.classes = []
	internal.leave.group.on.close = true
	internal.throw.on.fetch.stable.offset.unsupported = false
	isolation.level = read_uncommitted
	key.deserializer = class org.apache.kafka.common.serialization.StringDeserializer
	max.partition.fetch.bytes = 1048576
	max.poll.interval.ms = 300000
	max.poll.records = 500
	metadata.max.age.ms = 300000
	metadata.recovery.strategy = none
	metric.reporters = []
	metrics.num.samples = 2
	metrics.recording.level = INFO
	metrics.sample.window.ms = 30000
	partition.assignment.strategy = [class org.apache.kafka.clients.consumer.RangeAssignor, class org.apache.kafka.clients.consumer.CooperativeStickyAssignor]
	receive.buffer.bytes = 65536
	reconnect.backoff.max.ms = 1000
	reconnect.backoff.ms = 50
	request.timeout.ms = 5000
	retry.backoff.max.ms = 1000
	retry.backoff.ms = 100
	sasl.client.callback.handler.class = null
	sasl.jaas.config = null
	sasl.kerberos.kinit.cmd = /usr/bin/kinit
	sasl.kerberos.min.time.before.relogin = 60000
	sasl.kerberos.service.name = null
	sasl.kerberos.ticket.renew.jitter = 0.05
	sasl.kerberos.ticket.renew.window.factor = 0.8
	sasl.login.callback.handler.class = null
	sasl.login.class = null
	sasl.login.connect.timeout.ms = null
	sasl.login.read.timeout.ms = null
	sasl.login.refresh.buffer.seconds = 300
	sasl.login.refresh.min.period.seconds = 60
	sasl.login.refresh.window.factor = 0.8
	sasl.login.refresh.window.jitter = 0.05
	sasl.login.retry.backoff.max.ms = 10000
	sasl.login.retry.backoff.ms = 100
	sasl.mechanism = GSSAPI
	sasl.oauthbearer.clock.skew.seconds = 30
	sasl.oauthbearer.expected.audience = null
	sasl.oauthbearer.expected.issuer = null
	sasl.oauthbearer.header.urlencode = false
	sasl.oauthbearer.jwks.endpoint.refresh.ms = 3600000
	sasl.oauthbearer.jwks.endpoint.retry.backoff.max.ms = 10000
	sasl.oauthbearer.jwks.endpoint.retry.backoff.ms = 100
	sasl.oauthbearer.jwks.endpoint.url = null
	sasl.oauthbearer.scope.claim.name = scope
	sasl.oauthbearer.sub.claim.name = sub
	sasl.oauthbearer.token.endpoint.url = null
	security.protocol = PLAINTEXT
	security.providers = null
	send.buffer.bytes = 131072
	session.timeout.ms = 45000
	socket.connection.setup.timeout.max.ms = 30000
	socket.connection.setup.timeout.ms = 10000
	ssl.cipher.suites = null
	ssl.enabled.protocols = [TLSv1.2, TLSv1.3]
	ssl.endpoint.identification.algorithm = https
	ssl.engine.factory.class = null
	ssl.key.password = null
	ssl.keymanager.algorithm = SunX509
	ssl.keystore.certificate.chain = null
	ssl.keystore.key = null
	ssl.keystore.location = null
	ssl.keystore.password = null
	ssl.keystore.type = JKS
	ssl.protocol = TLSv1.3
	ssl.provider = null
	ssl.secure.random.implementation = null
	ssl.trustmanager.algorithm = PKIX
	ssl.truststore.certificates = null
	ssl.truststore.location = null
	ssl.truststore.password = null
	ssl.truststore.type = JKS
	value.deserializer = class io.apicurio.registry.serde.avro.AvroKafkaDeserializer

2025-08-05 17:02:06,382 INFO  [org.apa.kaf.com.tel.int.KafkaMetricsCollector] (main) initializing Kafka metrics collector
2025-08-05 17:02:06,464 INFO  [org.apa.kaf.cli.con.ConsumerConfig] (main) These configurations '[apicurio.registry.url, apicurio.registry.use-id]' were supplied but are not used yet.
2025-08-05 17:02:06,464 INFO  [org.apa.kaf.com.uti.AppInfoParser] (main) Kafka version: 3.9.1
2025-08-05 17:02:06,465 INFO  [org.apa.kaf.com.uti.AppInfoParser] (main) Kafka commitId: f745dfdcee2b9851
2025-08-05 17:02:06,465 INFO  [org.apa.kaf.com.uti.AppInfoParser] (main) Kafka startTimeMs: 1754413326464
2025-08-05 17:02:06,468 INFO  [org.apa.kaf.cli.con.int.ClassicKafkaConsumer] (Thread-603) [Consumer clientId=consumer-Consumer-topic-08a4ed70_9bce_4a1a_98d7_9c1619d09883-1, groupId=Consumer-topic-08a4ed70_9bce_4a1a_98d7_9c1619d09883] Subscribed to topic(s): topic-08a4ed70_9bce_4a1a_98d7_9c1619d09883
2025-08-05 17:02:06,479 INFO  [org.apa.kaf.cli.Metadata] (Thread-603) [Consumer clientId=consumer-Consumer-topic-08a4ed70_9bce_4a1a_98d7_9c1619d09883-1, groupId=Consumer-topic-08a4ed70_9bce_4a1a_98d7_9c1619d09883] Cluster ID: utE1hb3GTCWLCoAPsWG7_Q
2025-08-05 17:02:06,628 INFO  [org.apa.kaf.cli.con.int.ConsumerCoordinator] (Thread-603) [Consumer clientId=consumer-Consumer-topic-08a4ed70_9bce_4a1a_98d7_9c1619d09883-1, groupId=Consumer-topic-08a4ed70_9bce_4a1a_98d7_9c1619d09883] Discovered group coordinator localhost:32769 (id: 2147483647 rack: null)
2025-08-05 17:02:06,644 INFO  [org.apa.kaf.cli.con.int.ConsumerCoordinator] (Thread-603) [Consumer clientId=consumer-Consumer-topic-08a4ed70_9bce_4a1a_98d7_9c1619d09883-1, groupId=Consumer-topic-08a4ed70_9bce_4a1a_98d7_9c1619d09883] (Re-)joining group
2025-08-05 17:02:06,679 INFO  [org.apa.kaf.cli.con.int.ConsumerCoordinator] (Thread-603) [Consumer clientId=consumer-Consumer-topic-08a4ed70_9bce_4a1a_98d7_9c1619d09883-1, groupId=Consumer-topic-08a4ed70_9bce_4a1a_98d7_9c1619d09883] Group coordinator localhost:32769 (id: 2147483647 rack: null) is unavailable or invalid due to cause: error response NOT_COORDINATOR. isDisconnected: false. Rediscovery will be attempted.
2025-08-05 17:02:06,680 INFO  [org.apa.kaf.cli.con.int.ConsumerCoordinator] (Thread-603) [Consumer clientId=consumer-Consumer-topic-08a4ed70_9bce_4a1a_98d7_9c1619d09883-1, groupId=Consumer-topic-08a4ed70_9bce_4a1a_98d7_9c1619d09883] Requesting disconnect from last known coordinator localhost:32769 (id: 2147483647 rack: null)
2025-08-05 17:02:06,680 INFO  [org.apa.kaf.cli.con.int.ConsumerCoordinator] (Thread-603) [Consumer clientId=consumer-Consumer-topic-08a4ed70_9bce_4a1a_98d7_9c1619d09883-1, groupId=Consumer-topic-08a4ed70_9bce_4a1a_98d7_9c1619d09883] JoinGroup failed: This is not the correct coordinator. Marking coordinator unknown. Sent generation was Generation{generationId=-1, memberId='', protocol='null'}
2025-08-05 17:02:06,680 INFO  [org.apa.kaf.cli.NetworkClient] (Thread-603) [Consumer clientId=consumer-Consumer-topic-08a4ed70_9bce_4a1a_98d7_9c1619d09883-1, groupId=Consumer-topic-08a4ed70_9bce_4a1a_98d7_9c1619d09883] Client requested disconnect from node 2147483647
2025-08-05 17:02:06,685 INFO  [org.apa.kaf.cli.con.int.ConsumerCoordinator] (Thread-603) [Consumer clientId=consumer-Consumer-topic-08a4ed70_9bce_4a1a_98d7_9c1619d09883-1, groupId=Consumer-topic-08a4ed70_9bce_4a1a_98d7_9c1619d09883] Discovered group coordinator localhost:32769 (id: 2147483647 rack: null)
2025-08-05 17:02:06,686 INFO  [org.apa.kaf.cli.con.int.ConsumerCoordinator] (Thread-603) [Consumer clientId=consumer-Consumer-topic-08a4ed70_9bce_4a1a_98d7_9c1619d09883-1, groupId=Consumer-topic-08a4ed70_9bce_4a1a_98d7_9c1619d09883] Group coordinator localhost:32769 (id: 2147483647 rack: null) is unavailable or invalid due to cause: coordinator unavailable. isDisconnected: false. Rediscovery will be attempted.
2025-08-05 17:02:06,686 INFO  [org.apa.kaf.cli.con.int.ConsumerCoordinator] (Thread-603) [Consumer clientId=consumer-Consumer-topic-08a4ed70_9bce_4a1a_98d7_9c1619d09883-1, groupId=Consumer-topic-08a4ed70_9bce_4a1a_98d7_9c1619d09883] Requesting disconnect from last known coordinator localhost:32769 (id: 2147483647 rack: null)
2025-08-05 17:02:06,801 INFO  [org.apa.kaf.cli.con.int.ConsumerCoordinator] (Thread-603) [Consumer clientId=consumer-Consumer-topic-08a4ed70_9bce_4a1a_98d7_9c1619d09883-1, groupId=Consumer-topic-08a4ed70_9bce_4a1a_98d7_9c1619d09883] Discovered group coordinator localhost:32769 (id: 2147483647 rack: null)
2025-08-05 17:02:06,803 INFO  [org.apa.kaf.cli.con.int.ConsumerCoordinator] (Thread-603) [Consumer clientId=consumer-Consumer-topic-08a4ed70_9bce_4a1a_98d7_9c1619d09883-1, groupId=Consumer-topic-08a4ed70_9bce_4a1a_98d7_9c1619d09883] Request joining group due to: rebalance failed due to 'This is not the correct coordinator.' (NotCoordinatorException)
2025-08-05 17:02:06,804 INFO  [org.apa.kaf.cli.con.int.ConsumerCoordinator] (Thread-603) [Consumer clientId=consumer-Consumer-topic-08a4ed70_9bce_4a1a_98d7_9c1619d09883-1, groupId=Consumer-topic-08a4ed70_9bce_4a1a_98d7_9c1619d09883] (Re-)joining group
2025-08-05 17:02:06,813 INFO  [org.apa.kaf.cli.con.int.ConsumerCoordinator] (Thread-603) [Consumer clientId=consumer-Consumer-topic-08a4ed70_9bce_4a1a_98d7_9c1619d09883-1, groupId=Consumer-topic-08a4ed70_9bce_4a1a_98d7_9c1619d09883] Group coordinator localhost:32769 (id: 2147483647 rack: null) is unavailable or invalid due to cause: error response NOT_COORDINATOR. isDisconnected: false. Rediscovery will be attempted.
2025-08-05 17:02:06,813 INFO  [org.apa.kaf.cli.con.int.ConsumerCoordinator] (Thread-603) [Consumer clientId=consumer-Consumer-topic-08a4ed70_9bce_4a1a_98d7_9c1619d09883-1, groupId=Consumer-topic-08a4ed70_9bce_4a1a_98d7_9c1619d09883] Requesting disconnect from last known coordinator localhost:32769 (id: 2147483647 rack: null)
2025-08-05 17:02:06,813 INFO  [org.apa.kaf.cli.con.int.ConsumerCoordinator] (Thread-603) [Consumer clientId=consumer-Consumer-topic-08a4ed70_9bce_4a1a_98d7_9c1619d09883-1, groupId=Consumer-topic-08a4ed70_9bce_4a1a_98d7_9c1619d09883] JoinGroup failed: This is not the correct coordinator. Marking coordinator unknown. Sent generation was Generation{generationId=-1, memberId='', protocol='null'}
2025-08-05 17:02:06,814 INFO  [org.apa.kaf.cli.NetworkClient] (Thread-603) [Consumer clientId=consumer-Consumer-topic-08a4ed70_9bce_4a1a_98d7_9c1619d09883-1, groupId=Consumer-topic-08a4ed70_9bce_4a1a_98d7_9c1619d09883] Client requested disconnect from node 2147483647
2025-08-05 17:02:06,819 INFO  [org.apa.kaf.cli.con.int.ConsumerCoordinator] (Thread-603) [Consumer clientId=consumer-Consumer-topic-08a4ed70_9bce_4a1a_98d7_9c1619d09883-1, groupId=Consumer-topic-08a4ed70_9bce_4a1a_98d7_9c1619d09883] Discovered group coordinator localhost:32769 (id: 2147483647 rack: null)
2025-08-05 17:02:06,819 INFO  [org.apa.kaf.cli.con.int.ConsumerCoordinator] (Thread-603) [Consumer clientId=consumer-Consumer-topic-08a4ed70_9bce_4a1a_98d7_9c1619d09883-1, groupId=Consumer-topic-08a4ed70_9bce_4a1a_98d7_9c1619d09883] Group coordinator localhost:32769 (id: 2147483647 rack: null) is unavailable or invalid due to cause: coordinator unavailable. isDisconnected: false. Rediscovery will be attempted.
2025-08-05 17:02:06,819 INFO  [org.apa.kaf.cli.con.int.ConsumerCoordinator] (Thread-603) [Consumer clientId=consumer-Consumer-topic-08a4ed70_9bce_4a1a_98d7_9c1619d09883-1, groupId=Consumer-topic-08a4ed70_9bce_4a1a_98d7_9c1619d09883] Requesting disconnect from last known coordinator localhost:32769 (id: 2147483647 rack: null)
2025-08-05 17:02:06,931 INFO  [org.apa.kaf.cli.con.int.ConsumerCoordinator] (Thread-603) [Consumer clientId=consumer-Consumer-topic-08a4ed70_9bce_4a1a_98d7_9c1619d09883-1, groupId=Consumer-topic-08a4ed70_9bce_4a1a_98d7_9c1619d09883] Discovered group coordinator localhost:32769 (id: 2147483647 rack: null)
2025-08-05 17:02:06,934 INFO  [org.apa.kaf.cli.con.int.ConsumerCoordinator] (Thread-603) [Consumer clientId=consumer-Consumer-topic-08a4ed70_9bce_4a1a_98d7_9c1619d09883-1, groupId=Consumer-topic-08a4ed70_9bce_4a1a_98d7_9c1619d09883] Request joining group due to: rebalance failed due to 'This is not the correct coordinator.' (NotCoordinatorException)
2025-08-05 17:02:06,935 INFO  [org.apa.kaf.cli.con.int.ConsumerCoordinator] (Thread-603) [Consumer clientId=consumer-Consumer-topic-08a4ed70_9bce_4a1a_98d7_9c1619d09883-1, groupId=Consumer-topic-08a4ed70_9bce_4a1a_98d7_9c1619d09883] (Re-)joining group
2025-08-05 17:02:06,942 INFO  [org.apa.kaf.cli.con.int.ConsumerCoordinator] (Thread-603) [Consumer clientId=consumer-Consumer-topic-08a4ed70_9bce_4a1a_98d7_9c1619d09883-1, groupId=Consumer-topic-08a4ed70_9bce_4a1a_98d7_9c1619d09883] Group coordinator localhost:32769 (id: 2147483647 rack: null) is unavailable or invalid due to cause: error response NOT_COORDINATOR. isDisconnected: false. Rediscovery will be attempted.
2025-08-05 17:02:06,942 INFO  [org.apa.kaf.cli.con.int.ConsumerCoordinator] (Thread-603) [Consumer clientId=consumer-Consumer-topic-08a4ed70_9bce_4a1a_98d7_9c1619d09883-1, groupId=Consumer-topic-08a4ed70_9bce_4a1a_98d7_9c1619d09883] Requesting disconnect from last known coordinator localhost:32769 (id: 2147483647 rack: null)
2025-08-05 17:02:06,942 INFO  [org.apa.kaf.cli.con.int.ConsumerCoordinator] (Thread-603) [Consumer clientId=consumer-Consumer-topic-08a4ed70_9bce_4a1a_98d7_9c1619d09883-1, groupId=Consumer-topic-08a4ed70_9bce_4a1a_98d7_9c1619d09883] JoinGroup failed: This is not the correct coordinator. Marking coordinator unknown. Sent generation was Generation{generationId=-1, memberId='', protocol='null'}
2025-08-05 17:02:06,942 INFO  [org.apa.kaf.cli.NetworkClient] (Thread-603) [Consumer clientId=consumer-Consumer-topic-08a4ed70_9bce_4a1a_98d7_9c1619d09883-1, groupId=Consumer-topic-08a4ed70_9bce_4a1a_98d7_9c1619d09883] Client requested disconnect from node 2147483647
2025-08-05 17:02:06,953 INFO  [org.apa.kaf.cli.con.int.ConsumerCoordinator] (Thread-603) [Consumer clientId=consumer-Consumer-topic-08a4ed70_9bce_4a1a_98d7_9c1619d09883-1, groupId=Consumer-topic-08a4ed70_9bce_4a1a_98d7_9c1619d09883] Discovered group coordinator localhost:32769 (id: 2147483647 rack: null)
2025-08-05 17:02:06,953 INFO  [org.apa.kaf.cli.con.int.ConsumerCoordinator] (Thread-603) [Consumer clientId=consumer-Consumer-topic-08a4ed70_9bce_4a1a_98d7_9c1619d09883-1, groupId=Consumer-topic-08a4ed70_9bce_4a1a_98d7_9c1619d09883] Group coordinator localhost:32769 (id: 2147483647 rack: null) is unavailable or invalid due to cause: coordinator unavailable. isDisconnected: false. Rediscovery will be attempted.
2025-08-05 17:02:06,953 INFO  [org.apa.kaf.cli.con.int.ConsumerCoordinator] (Thread-603) [Consumer clientId=consumer-Consumer-topic-08a4ed70_9bce_4a1a_98d7_9c1619d09883-1, groupId=Consumer-topic-08a4ed70_9bce_4a1a_98d7_9c1619d09883] Requesting disconnect from last known coordinator localhost:32769 (id: 2147483647 rack: null)
2025-08-05 17:02:07,069 INFO  [org.apa.kaf.cli.con.int.ConsumerCoordinator] (Thread-603) [Consumer clientId=consumer-Consumer-topic-08a4ed70_9bce_4a1a_98d7_9c1619d09883-1, groupId=Consumer-topic-08a4ed70_9bce_4a1a_98d7_9c1619d09883] Discovered group coordinator localhost:32769 (id: 2147483647 rack: null)
2025-08-05 17:02:07,073 INFO  [org.apa.kaf.cli.con.int.ConsumerCoordinator] (Thread-603) [Consumer clientId=consumer-Consumer-topic-08a4ed70_9bce_4a1a_98d7_9c1619d09883-1, groupId=Consumer-topic-08a4ed70_9bce_4a1a_98d7_9c1619d09883] Request joining group due to: rebalance failed due to 'This is not the correct coordinator.' (NotCoordinatorException)
2025-08-05 17:02:07,074 INFO  [org.apa.kaf.cli.con.int.ConsumerCoordinator] (Thread-603) [Consumer clientId=consumer-Consumer-topic-08a4ed70_9bce_4a1a_98d7_9c1619d09883-1, groupId=Consumer-topic-08a4ed70_9bce_4a1a_98d7_9c1619d09883] (Re-)joining group
2025-08-05 17:02:07,082 INFO  [org.apa.kaf.cli.con.int.ConsumerCoordinator] (Thread-603) [Consumer clientId=consumer-Consumer-topic-08a4ed70_9bce_4a1a_98d7_9c1619d09883-1, groupId=Consumer-topic-08a4ed70_9bce_4a1a_98d7_9c1619d09883] Group coordinator localhost:32769 (id: 2147483647 rack: null) is unavailable or invalid due to cause: error response NOT_COORDINATOR. isDisconnected: false. Rediscovery will be attempted.
2025-08-05 17:02:07,082 INFO  [org.apa.kaf.cli.con.int.ConsumerCoordinator] (Thread-603) [Consumer clientId=consumer-Consumer-topic-08a4ed70_9bce_4a1a_98d7_9c1619d09883-1, groupId=Consumer-topic-08a4ed70_9bce_4a1a_98d7_9c1619d09883] Requesting disconnect from last known coordinator localhost:32769 (id: 2147483647 rack: null)
2025-08-05 17:02:07,082 INFO  [org.apa.kaf.cli.con.int.ConsumerCoordinator] (Thread-603) [Consumer clientId=consumer-Consumer-topic-08a4ed70_9bce_4a1a_98d7_9c1619d09883-1, groupId=Consumer-topic-08a4ed70_9bce_4a1a_98d7_9c1619d09883] JoinGroup failed: This is not the correct coordinator. Marking coordinator unknown. Sent generation was Generation{generationId=-1, memberId='', protocol='null'}
2025-08-05 17:02:07,083 INFO  [org.apa.kaf.cli.NetworkClient] (Thread-603) [Consumer clientId=consumer-Consumer-topic-08a4ed70_9bce_4a1a_98d7_9c1619d09883-1, groupId=Consumer-topic-08a4ed70_9bce_4a1a_98d7_9c1619d09883] Client requested disconnect from node 2147483647
2025-08-05 17:02:07,089 INFO  [org.apa.kaf.cli.con.int.ConsumerCoordinator] (Thread-603) [Consumer clientId=consumer-Consumer-topic-08a4ed70_9bce_4a1a_98d7_9c1619d09883-1, groupId=Consumer-topic-08a4ed70_9bce_4a1a_98d7_9c1619d09883] Discovered group coordinator localhost:32769 (id: 2147483647 rack: null)
2025-08-05 17:02:07,089 INFO  [org.apa.kaf.cli.con.int.ConsumerCoordinator] (Thread-603) [Consumer clientId=consumer-Consumer-topic-08a4ed70_9bce_4a1a_98d7_9c1619d09883-1, groupId=Consumer-topic-08a4ed70_9bce_4a1a_98d7_9c1619d09883] Group coordinator localhost:32769 (id: 2147483647 rack: null) is unavailable or invalid due to cause: coordinator unavailable. isDisconnected: false. Rediscovery will be attempted.
2025-08-05 17:02:07,089 INFO  [org.apa.kaf.cli.con.int.ConsumerCoordinator] (Thread-603) [Consumer clientId=consumer-Consumer-topic-08a4ed70_9bce_4a1a_98d7_9c1619d09883-1, groupId=Consumer-topic-08a4ed70_9bce_4a1a_98d7_9c1619d09883] Requesting disconnect from last known coordinator localhost:32769 (id: 2147483647 rack: null)
2025-08-05 17:02:07,202 INFO  [org.apa.kaf.cli.con.int.ConsumerCoordinator] (Thread-603) [Consumer clientId=consumer-Consumer-topic-08a4ed70_9bce_4a1a_98d7_9c1619d09883-1, groupId=Consumer-topic-08a4ed70_9bce_4a1a_98d7_9c1619d09883] Discovered group coordinator localhost:32769 (id: 2147483647 rack: null)
2025-08-05 17:02:07,203 INFO  [org.apa.kaf.cli.con.int.ConsumerCoordinator] (Thread-603) [Consumer clientId=consumer-Consumer-topic-08a4ed70_9bce_4a1a_98d7_9c1619d09883-1, groupId=Consumer-topic-08a4ed70_9bce_4a1a_98d7_9c1619d09883] Request joining group due to: rebalance failed due to 'This is not the correct coordinator.' (NotCoordinatorException)
2025-08-05 17:02:07,207 INFO  [org.apa.kaf.cli.con.int.ConsumerCoordinator] (Thread-603) [Consumer clientId=consumer-Consumer-topic-08a4ed70_9bce_4a1a_98d7_9c1619d09883-1, groupId=Consumer-topic-08a4ed70_9bce_4a1a_98d7_9c1619d09883] (Re-)joining group
2025-08-05 17:02:07,232 INFO  [org.apa.kaf.cli.con.int.ConsumerCoordinator] (Thread-603) [Consumer clientId=consumer-Consumer-topic-08a4ed70_9bce_4a1a_98d7_9c1619d09883-1, groupId=Consumer-topic-08a4ed70_9bce_4a1a_98d7_9c1619d09883] Request joining group due to: need to re-join with the given member-id: consumer-Consumer-topic-08a4ed70_9bce_4a1a_98d7_9c1619d09883-1-f076609a-a86d-47d8-92a2-f6d42de56cd6
2025-08-05 17:02:07,232 INFO  [org.apa.kaf.cli.con.int.ConsumerCoordinator] (Thread-603) [Consumer clientId=consumer-Consumer-topic-08a4ed70_9bce_4a1a_98d7_9c1619d09883-1, groupId=Consumer-topic-08a4ed70_9bce_4a1a_98d7_9c1619d09883] (Re-)joining group
2025-08-05 17:02:07,469 INFO  [io.api.tes.ser.api.KafkaSerdesTester] (Thread-603) None found
2025-08-05 17:02:08,469 INFO  [io.api.tes.ser.api.KafkaSerdesTester] (Thread-603) None found
2025-08-05 17:02:09,469 INFO  [io.api.tes.ser.api.KafkaSerdesTester] (Thread-603) None found
2025-08-05 17:02:10,251 INFO  [org.apa.kaf.cli.con.int.ConsumerCoordinator] (Thread-603) [Consumer clientId=consumer-Consumer-topic-08a4ed70_9bce_4a1a_98d7_9c1619d09883-1, groupId=Consumer-topic-08a4ed70_9bce_4a1a_98d7_9c1619d09883] Successfully joined group with generation Generation{generationId=1, memberId='consumer-Consumer-topic-08a4ed70_9bce_4a1a_98d7_9c1619d09883-1-f076609a-a86d-47d8-92a2-f6d42de56cd6', protocol='range'}
2025-08-05 17:02:10,260 INFO  [org.apa.kaf.cli.con.int.ConsumerCoordinator] (Thread-603) [Consumer clientId=consumer-Consumer-topic-08a4ed70_9bce_4a1a_98d7_9c1619d09883-1, groupId=Consumer-topic-08a4ed70_9bce_4a1a_98d7_9c1619d09883] Finished assignment for group at generation 1: {consumer-Consumer-topic-08a4ed70_9bce_4a1a_98d7_9c1619d09883-1-f076609a-a86d-47d8-92a2-f6d42de56cd6=Assignment(partitions=[topic-08a4ed70_9bce_4a1a_98d7_9c1619d09883-0])}
2025-08-05 17:02:10,276 INFO  [org.apa.kaf.cli.con.int.ConsumerCoordinator] (Thread-603) [Consumer clientId=consumer-Consumer-topic-08a4ed70_9bce_4a1a_98d7_9c1619d09883-1, groupId=Consumer-topic-08a4ed70_9bce_4a1a_98d7_9c1619d09883] Successfully synced group in generation Generation{generationId=1, memberId='consumer-Consumer-topic-08a4ed70_9bce_4a1a_98d7_9c1619d09883-1-f076609a-a86d-47d8-92a2-f6d42de56cd6', protocol='range'}
2025-08-05 17:02:10,280 INFO  [org.apa.kaf.cli.con.int.ConsumerCoordinator] (Thread-603) [Consumer clientId=consumer-Consumer-topic-08a4ed70_9bce_4a1a_98d7_9c1619d09883-1, groupId=Consumer-topic-08a4ed70_9bce_4a1a_98d7_9c1619d09883] Notifying assignor about the new Assignment(partitions=[topic-08a4ed70_9bce_4a1a_98d7_9c1619d09883-0])
2025-08-05 17:02:10,283 INFO  [org.apa.kaf.cli.con.int.ConsumerRebalanceListenerInvoker] (Thread-603) [Consumer clientId=consumer-Consumer-topic-08a4ed70_9bce_4a1a_98d7_9c1619d09883-1, groupId=Consumer-topic-08a4ed70_9bce_4a1a_98d7_9c1619d09883] Adding newly assigned partitions: topic-08a4ed70_9bce_4a1a_98d7_9c1619d09883-0
2025-08-05 17:02:10,313 INFO  [org.apa.kaf.cli.con.int.ConsumerCoordinator] (Thread-603) [Consumer clientId=consumer-Consumer-topic-08a4ed70_9bce_4a1a_98d7_9c1619d09883-1, groupId=Consumer-topic-08a4ed70_9bce_4a1a_98d7_9c1619d09883] Found no committed offset for partition topic-08a4ed70_9bce_4a1a_98d7_9c1619d09883-0
2025-08-05 17:02:10,352 INFO  [org.apa.kaf.cli.con.int.SubscriptionState] (Thread-603) [Consumer clientId=consumer-Consumer-topic-08a4ed70_9bce_4a1a_98d7_9c1619d09883-1, groupId=Consumer-topic-08a4ed70_9bce_4a1a_98d7_9c1619d09883] Resetting offset for partition topic-08a4ed70_9bce_4a1a_98d7_9c1619d09883-0 to position FetchPosition{offset=0, offsetEpoch=Optional.empty, currentLeader=LeaderAndEpoch{leader=Optional[localhost:32769 (id: 0 rack: null)], epoch=0}}.
2025-08-05 17:02:10,508 INFO  [io.api.tes.ser.api.KafkaSerdesTester] (Thread-603) topic-08a4ed70_9bce_4a1a_98d7_9c1619d09883 0 0 {"key11754413325249": "value-0"}
2025-08-05 17:02:10,508 INFO  [io.api.tes.ser.api.KafkaSerdesTester] (Thread-603) topic-08a4ed70_9bce_4a1a_98d7_9c1619d09883 0 1 {"key11754413325249": "value-1"}
2025-08-05 17:02:10,508 INFO  [io.api.tes.ser.api.KafkaSerdesTester] (Thread-603) topic-08a4ed70_9bce_4a1a_98d7_9c1619d09883 0 2 {"key11754413325249": "value-2"}
2025-08-05 17:02:10,509 INFO  [io.api.tes.ser.api.KafkaSerdesTester] (Thread-603) topic-08a4ed70_9bce_4a1a_98d7_9c1619d09883 0 3 {"key11754413325249": "value-3"}
2025-08-05 17:02:10,511 INFO  [io.api.tes.ser.api.KafkaSerdesTester] (Thread-603) topic-08a4ed70_9bce_4a1a_98d7_9c1619d09883 0 4 {"key11754413325249": "value-4"}
2025-08-05 17:02:10,511 INFO  [io.api.tes.ser.api.KafkaSerdesTester] (Thread-603) topic-08a4ed70_9bce_4a1a_98d7_9c1619d09883 0 5 {"key11754413325249": "value-5"}
2025-08-05 17:02:10,511 INFO  [io.api.tes.ser.api.KafkaSerdesTester] (Thread-603) topic-08a4ed70_9bce_4a1a_98d7_9c1619d09883 0 6 {"key11754413325249": "value-6"}
2025-08-05 17:02:10,511 INFO  [io.api.tes.ser.api.KafkaSerdesTester] (Thread-603) topic-08a4ed70_9bce_4a1a_98d7_9c1619d09883 0 7 {"key11754413325249": "value-7"}
2025-08-05 17:02:10,511 INFO  [io.api.tes.ser.api.KafkaSerdesTester] (Thread-603) topic-08a4ed70_9bce_4a1a_98d7_9c1619d09883 0 8 {"key11754413325249": "value-8"}
2025-08-05 17:02:10,511 INFO  [io.api.tes.ser.api.KafkaSerdesTester] (Thread-603) topic-08a4ed70_9bce_4a1a_98d7_9c1619d09883 0 9 {"key11754413325249": "value-9"}
2025-08-05 17:02:10,511 INFO  [io.api.tes.ser.api.KafkaSerdesTester] (Thread-603) Consumed 10 messages
2025-08-05 17:02:10,550 INFO  [org.apa.kaf.cli.con.int.ConsumerRebalanceListenerInvoker] (Thread-603) [Consumer clientId=consumer-Consumer-topic-08a4ed70_9bce_4a1a_98d7_9c1619d09883-1, groupId=Consumer-topic-08a4ed70_9bce_4a1a_98d7_9c1619d09883] Revoke previously assigned partitions topic-08a4ed70_9bce_4a1a_98d7_9c1619d09883-0
2025-08-05 17:02:10,551 INFO  [org.apa.kaf.cli.con.int.ConsumerCoordinator] (Thread-603) [Consumer clientId=consumer-Consumer-topic-08a4ed70_9bce_4a1a_98d7_9c1619d09883-1, groupId=Consumer-topic-08a4ed70_9bce_4a1a_98d7_9c1619d09883] Member consumer-Consumer-topic-08a4ed70_9bce_4a1a_98d7_9c1619d09883-1-f076609a-a86d-47d8-92a2-f6d42de56cd6 sending LeaveGroup request to coordinator localhost:32769 (id: 2147483647 rack: null) due to the consumer is being closed
2025-08-05 17:02:10,553 INFO  [org.apa.kaf.cli.con.int.ConsumerCoordinator] (Thread-603) [Consumer clientId=consumer-Consumer-topic-08a4ed70_9bce_4a1a_98d7_9c1619d09883-1, groupId=Consumer-topic-08a4ed70_9bce_4a1a_98d7_9c1619d09883] Resetting generation and member id due to: consumer pro-actively leaving the group
2025-08-05 17:02:10,553 INFO  [org.apa.kaf.cli.con.int.ConsumerCoordinator] (Thread-603) [Consumer clientId=consumer-Consumer-topic-08a4ed70_9bce_4a1a_98d7_9c1619d09883-1, groupId=Consumer-topic-08a4ed70_9bce_4a1a_98d7_9c1619d09883] Request joining group due to: consumer pro-actively leaving the group
2025-08-05 17:02:11,031 INFO  [org.apa.kaf.com.met.Metrics] (Thread-603) Metrics scheduler closed
2025-08-05 17:02:11,031 INFO  [org.apa.kaf.com.met.Metrics] (Thread-603) Closing reporter org.apache.kafka.common.metrics.JmxReporter
2025-08-05 17:02:11,032 INFO  [org.apa.kaf.com.met.Metrics] (Thread-603) Closing reporter org.apache.kafka.common.telemetry.internals.ClientTelemetryReporter
2025-08-05 17:02:11,032 INFO  [org.apa.kaf.com.met.Metrics] (Thread-603) Metrics reporters closed
2025-08-05 17:02:11,038 INFO  [org.apa.kaf.com.uti.AppInfoParser] (Thread-603) App info kafka.consumer for consumer-Consumer-topic-08a4ed70_9bce_4a1a_98d7_9c1619d09883-1 unregistered
2025-08-05 17:02:11,039 INFO  [io.api.tes.uti.TestSeparator] (main) io.apicurio.tests.serdes.apicurio.AvroSerdeIT.testGlobalIdInHeaders-FINISHED
2025-08-05 17:02:11,039 INFO  [io.api.tes.uti.TestSeparator] (main) ############################################################################
Test passed: testGlobalIdInHeaders
]]></system-out>
  </testcase>
  <testcase name="testSimpleTopicIdStrategyFindLatest" classname="io.apicurio.tests.serdes.apicurio.AvroSerdeIT" time="4.832">
    <system-out><![CDATA[2025-08-05 17:02:11,042 INFO  [io.api.tes.uti.TestSeparator] (main) ############################################################################
2025-08-05 17:02:11,042 INFO  [io.api.tes.uti.TestSeparator] (main) io.apicurio.tests.serdes.apicurio.AvroSerdeIT.testSimpleTopicIdStrategyFindLatest-STARTED
2025-08-05 17:02:11,043 INFO  [io.api.tes.ser.api.AvroSerdeIT] (main) Registering Avro Schema: {"type":"record","name":"myrecordapicurio1","fields":[{"name":"key11754413331043","type":"string"}]}
**** Registry Base URL: http://registry-app-inmemory.apps.ci419.apicurio-testing.org:80
2025-08-05 17:02:12,090 INFO  [org.apa.kaf.cli.pro.ProducerConfig] (main) ProducerConfig values: 
	acks = -1
	auto.include.jmx.reporter = true
	batch.size = 16384
	bootstrap.servers = [PLAINTEXT://localhost:32769]
	buffer.memory = 33554432
	client.dns.lookup = use_all_dns_ips
	client.id = Producer-topic-84e67c3b_a5a2_49b1_ad43_a1f02f12c5a0
	compression.gzip.level = -1
	compression.lz4.level = 9
	compression.type = none
	compression.zstd.level = 3
	connections.max.idle.ms = 10000
	delivery.timeout.ms = 120000
	enable.idempotence = true
	enable.metrics.push = true
	interceptor.classes = []
	key.serializer = class org.apache.kafka.common.serialization.StringSerializer
	linger.ms = 0
	max.block.ms = 60000
	max.in.flight.requests.per.connection = 5
	max.request.size = 1048576
	metadata.max.age.ms = 300000
	metadata.max.idle.ms = 300000
	metadata.recovery.strategy = none
	metric.reporters = []
	metrics.num.samples = 2
	metrics.recording.level = INFO
	metrics.sample.window.ms = 30000
	partitioner.adaptive.partitioning.enable = true
	partitioner.availability.timeout.ms = 0
	partitioner.class = null
	partitioner.ignore.keys = false
	receive.buffer.bytes = 32768
	reconnect.backoff.max.ms = 1000
	reconnect.backoff.ms = 50
	request.timeout.ms = 5000
	retries = 2147483647
	retry.backoff.max.ms = 1000
	retry.backoff.ms = 100
	sasl.client.callback.handler.class = null
	sasl.jaas.config = null
	sasl.kerberos.kinit.cmd = /usr/bin/kinit
	sasl.kerberos.min.time.before.relogin = 60000
	sasl.kerberos.service.name = null
	sasl.kerberos.ticket.renew.jitter = 0.05
	sasl.kerberos.ticket.renew.window.factor = 0.8
	sasl.login.callback.handler.class = null
	sasl.login.class = null
	sasl.login.connect.timeout.ms = null
	sasl.login.read.timeout.ms = null
	sasl.login.refresh.buffer.seconds = 300
	sasl.login.refresh.min.period.seconds = 60
	sasl.login.refresh.window.factor = 0.8
	sasl.login.refresh.window.jitter = 0.05
	sasl.login.retry.backoff.max.ms = 10000
	sasl.login.retry.backoff.ms = 100
	sasl.mechanism = GSSAPI
	sasl.oauthbearer.clock.skew.seconds = 30
	sasl.oauthbearer.expected.audience = null
	sasl.oauthbearer.expected.issuer = null
	sasl.oauthbearer.header.urlencode = false
	sasl.oauthbearer.jwks.endpoint.refresh.ms = 3600000
	sasl.oauthbearer.jwks.endpoint.retry.backoff.max.ms = 10000
	sasl.oauthbearer.jwks.endpoint.retry.backoff.ms = 100
	sasl.oauthbearer.jwks.endpoint.url = null
	sasl.oauthbearer.scope.claim.name = scope
	sasl.oauthbearer.sub.claim.name = sub
	sasl.oauthbearer.token.endpoint.url = null
	security.protocol = PLAINTEXT
	security.providers = null
	send.buffer.bytes = 131072
	socket.connection.setup.timeout.max.ms = 30000
	socket.connection.setup.timeout.ms = 10000
	ssl.cipher.suites = null
	ssl.enabled.protocols = [TLSv1.2, TLSv1.3]
	ssl.endpoint.identification.algorithm = https
	ssl.engine.factory.class = null
	ssl.key.password = null
	ssl.keymanager.algorithm = SunX509
	ssl.keystore.certificate.chain = null
	ssl.keystore.key = null
	ssl.keystore.location = null
	ssl.keystore.password = null
	ssl.keystore.type = JKS
	ssl.protocol = TLSv1.3
	ssl.provider = null
	ssl.secure.random.implementation = null
	ssl.trustmanager.algorithm = PKIX
	ssl.truststore.certificates = null
	ssl.truststore.location = null
	ssl.truststore.password = null
	ssl.truststore.type = JKS
	transaction.timeout.ms = 60000
	transactional.id = null
	value.serializer = class io.apicurio.registry.serde.avro.AvroKafkaSerializer

2025-08-05 17:02:12,090 INFO  [org.apa.kaf.com.tel.int.KafkaMetricsCollector] (main) initializing Kafka metrics collector
2025-08-05 17:02:12,095 INFO  [org.apa.kaf.cli.pro.KafkaProducer] (main) [Producer clientId=Producer-topic-84e67c3b_a5a2_49b1_ad43_a1f02f12c5a0] Instantiated an idempotent producer.
2025-08-05 17:02:12,104 INFO  [org.apa.kaf.cli.pro.ProducerConfig] (main) These configurations '[apicurio.registry.find-latest, apicurio.registry.artifact.group-id, apicurio.registry.url, apicurio.registry.artifact-resolver-strategy]' were supplied but are not used yet.
2025-08-05 17:02:12,104 INFO  [org.apa.kaf.com.uti.AppInfoParser] (main) Kafka version: 3.9.1
2025-08-05 17:02:12,104 INFO  [org.apa.kaf.com.uti.AppInfoParser] (main) Kafka commitId: f745dfdcee2b9851
2025-08-05 17:02:12,104 INFO  [org.apa.kaf.com.uti.AppInfoParser] (main) Kafka startTimeMs: 1754413332104
2025-08-05 17:02:12,107 INFO  [io.api.tes.ser.api.SimpleSerdesTesterBuilder$SimpleSerdesTester] (main) Using producer configuration: {apicurio.registry.find-latest=true, apicurio.registry.artifact.group-id=topic-84e67c3b_a5a2_49b1_ad43_a1f02f12c5a0, apicurio.registry.url=http://registry-app-inmemory.apps.ci419.apicurio-testing.org:80/apis/registry/v3, apicurio.registry.artifact-resolver-strategy=io.apicurio.registry.serde.strategy.SimpleTopicIdStrategy, value.serializer=io.apicurio.registry.serde.avro.AvroKafkaSerializer, request.timeout.ms=5000, acks=all, bootstrap.servers=PLAINTEXT://localhost:32769, connections.max.idle.ms=10000, key.serializer=org.apache.kafka.common.serialization.StringSerializer, client.id=Producer-topic-84e67c3b_a5a2_49b1_ad43_a1f02f12c5a0}
2025-08-05 17:02:12,107 INFO  [io.api.tes.ser.api.SimpleSerdesTesterBuilder$SimpleSerdesTester] (main) Using consumer configuration: {}
2025-08-05 17:02:12,108 INFO  [io.api.tes.ser.api.KafkaSerdesTester] (Thread-606) Sending message {"key11754413331043": "value-0"} to topic topic-84e67c3b_a5a2_49b1_ad43_a1f02f12c5a0
2025-08-05 17:02:12,111 INFO  [org.apa.kaf.cli.Metadata] (kafka-producer-network-thread | Producer-topic-84e67c3b_a5a2_49b1_ad43_a1f02f12c5a0) [Producer clientId=Producer-topic-84e67c3b_a5a2_49b1_ad43_a1f02f12c5a0] Cluster ID: utE1hb3GTCWLCoAPsWG7_Q
2025-08-05 17:02:12,114 INFO  [org.apa.kaf.cli.pro.int.TransactionManager] (kafka-producer-network-thread | Producer-topic-84e67c3b_a5a2_49b1_ad43_a1f02f12c5a0) [Producer clientId=Producer-topic-84e67c3b_a5a2_49b1_ad43_a1f02f12c5a0] ProducerId set to 1 with epoch 0
2025-08-05 17:02:12,190 INFO  [io.api.tes.ser.api.KafkaSerdesTester] (Thread-606) Sending message {"key11754413331043": "value-1"} to topic topic-84e67c3b_a5a2_49b1_ad43_a1f02f12c5a0
2025-08-05 17:02:12,197 INFO  [io.api.tes.ser.api.KafkaSerdesTester] (Thread-606) Sending message {"key11754413331043": "value-2"} to topic topic-84e67c3b_a5a2_49b1_ad43_a1f02f12c5a0
2025-08-05 17:02:12,203 INFO  [io.api.tes.ser.api.KafkaSerdesTester] (Thread-606) Sending message {"key11754413331043": "value-3"} to topic topic-84e67c3b_a5a2_49b1_ad43_a1f02f12c5a0
2025-08-05 17:02:12,206 INFO  [io.api.tes.ser.api.KafkaSerdesTester] (Thread-606) Sending message {"key11754413331043": "value-4"} to topic topic-84e67c3b_a5a2_49b1_ad43_a1f02f12c5a0
2025-08-05 17:02:12,211 INFO  [io.api.tes.ser.api.KafkaSerdesTester] (Thread-606) Sending message {"key11754413331043": "value-5"} to topic topic-84e67c3b_a5a2_49b1_ad43_a1f02f12c5a0
2025-08-05 17:02:12,215 INFO  [io.api.tes.ser.api.KafkaSerdesTester] (Thread-606) Sending message {"key11754413331043": "value-6"} to topic topic-84e67c3b_a5a2_49b1_ad43_a1f02f12c5a0
2025-08-05 17:02:12,218 INFO  [io.api.tes.ser.api.KafkaSerdesTester] (Thread-606) Sending message {"key11754413331043": "value-7"} to topic topic-84e67c3b_a5a2_49b1_ad43_a1f02f12c5a0
2025-08-05 17:02:12,222 INFO  [io.api.tes.ser.api.KafkaSerdesTester] (Thread-606) Sending message {"key11754413331043": "value-8"} to topic topic-84e67c3b_a5a2_49b1_ad43_a1f02f12c5a0
2025-08-05 17:02:12,226 INFO  [io.api.tes.ser.api.KafkaSerdesTester] (Thread-606) Sending message {"key11754413331043": "value-9"} to topic topic-84e67c3b_a5a2_49b1_ad43_a1f02f12c5a0
2025-08-05 17:02:12,228 INFO  [io.api.tes.ser.api.KafkaSerdesTester] (Thread-606) Produced 10 messages
2025-08-05 17:02:12,229 INFO  [org.apa.kaf.cli.pro.KafkaProducer] (Thread-606) [Producer clientId=Producer-topic-84e67c3b_a5a2_49b1_ad43_a1f02f12c5a0] Closing the Kafka producer with timeoutMillis = 9223372036854775807 ms.
2025-08-05 17:02:12,237 INFO  [org.apa.kaf.com.met.Metrics] (Thread-606) Metrics scheduler closed
2025-08-05 17:02:12,237 INFO  [org.apa.kaf.com.met.Metrics] (Thread-606) Closing reporter org.apache.kafka.common.metrics.JmxReporter
2025-08-05 17:02:12,237 INFO  [org.apa.kaf.com.met.Metrics] (Thread-606) Closing reporter org.apache.kafka.common.telemetry.internals.ClientTelemetryReporter
2025-08-05 17:02:12,237 INFO  [org.apa.kaf.com.met.Metrics] (Thread-606) Metrics reporters closed
2025-08-05 17:02:12,238 INFO  [org.apa.kaf.com.uti.AppInfoParser] (Thread-606) App info kafka.producer for Producer-topic-84e67c3b_a5a2_49b1_ad43_a1f02f12c5a0 unregistered
**** Registry Base URL: http://registry-app-inmemory.apps.ci419.apicurio-testing.org:80
2025-08-05 17:02:12,241 INFO  [org.apa.kaf.cli.con.ConsumerConfig] (main) ConsumerConfig values: 
	allow.auto.create.topics = true
	auto.commit.interval.ms = 500
	auto.include.jmx.reporter = true
	auto.offset.reset = earliest
	bootstrap.servers = [PLAINTEXT://localhost:32769]
	check.crcs = true
	client.dns.lookup = use_all_dns_ips
	client.id = consumer-Consumer-topic-84e67c3b_a5a2_49b1_ad43_a1f02f12c5a0-2
	client.rack = 
	connections.max.idle.ms = 10000
	default.api.timeout.ms = 60000
	enable.auto.commit = true
	enable.metrics.push = true
	exclude.internal.topics = true
	fetch.max.bytes = 52428800
	fetch.max.wait.ms = 500
	fetch.min.bytes = 1
	group.id = Consumer-topic-84e67c3b_a5a2_49b1_ad43_a1f02f12c5a0
	group.instance.id = null
	group.protocol = classic
	group.remote.assignor = null
	heartbeat.interval.ms = 3000
	interceptor.classes = []
	internal.leave.group.on.close = true
	internal.throw.on.fetch.stable.offset.unsupported = false
	isolation.level = read_uncommitted
	key.deserializer = class org.apache.kafka.common.serialization.StringDeserializer
	max.partition.fetch.bytes = 1048576
	max.poll.interval.ms = 300000
	max.poll.records = 500
	metadata.max.age.ms = 300000
	metadata.recovery.strategy = none
	metric.reporters = []
	metrics.num.samples = 2
	metrics.recording.level = INFO
	metrics.sample.window.ms = 30000
	partition.assignment.strategy = [class org.apache.kafka.clients.consumer.RangeAssignor, class org.apache.kafka.clients.consumer.CooperativeStickyAssignor]
	receive.buffer.bytes = 65536
	reconnect.backoff.max.ms = 1000
	reconnect.backoff.ms = 50
	request.timeout.ms = 5000
	retry.backoff.max.ms = 1000
	retry.backoff.ms = 100
	sasl.client.callback.handler.class = null
	sasl.jaas.config = null
	sasl.kerberos.kinit.cmd = /usr/bin/kinit
	sasl.kerberos.min.time.before.relogin = 60000
	sasl.kerberos.service.name = null
	sasl.kerberos.ticket.renew.jitter = 0.05
	sasl.kerberos.ticket.renew.window.factor = 0.8
	sasl.login.callback.handler.class = null
	sasl.login.class = null
	sasl.login.connect.timeout.ms = null
	sasl.login.read.timeout.ms = null
	sasl.login.refresh.buffer.seconds = 300
	sasl.login.refresh.min.period.seconds = 60
	sasl.login.refresh.window.factor = 0.8
	sasl.login.refresh.window.jitter = 0.05
	sasl.login.retry.backoff.max.ms = 10000
	sasl.login.retry.backoff.ms = 100
	sasl.mechanism = GSSAPI
	sasl.oauthbearer.clock.skew.seconds = 30
	sasl.oauthbearer.expected.audience = null
	sasl.oauthbearer.expected.issuer = null
	sasl.oauthbearer.header.urlencode = false
	sasl.oauthbearer.jwks.endpoint.refresh.ms = 3600000
	sasl.oauthbearer.jwks.endpoint.retry.backoff.max.ms = 10000
	sasl.oauthbearer.jwks.endpoint.retry.backoff.ms = 100
	sasl.oauthbearer.jwks.endpoint.url = null
	sasl.oauthbearer.scope.claim.name = scope
	sasl.oauthbearer.sub.claim.name = sub
	sasl.oauthbearer.token.endpoint.url = null
	security.protocol = PLAINTEXT
	security.providers = null
	send.buffer.bytes = 131072
	session.timeout.ms = 45000
	socket.connection.setup.timeout.max.ms = 30000
	socket.connection.setup.timeout.ms = 10000
	ssl.cipher.suites = null
	ssl.enabled.protocols = [TLSv1.2, TLSv1.3]
	ssl.endpoint.identification.algorithm = https
	ssl.engine.factory.class = null
	ssl.key.password = null
	ssl.keymanager.algorithm = SunX509
	ssl.keystore.certificate.chain = null
	ssl.keystore.key = null
	ssl.keystore.location = null
	ssl.keystore.password = null
	ssl.keystore.type = JKS
	ssl.protocol = TLSv1.3
	ssl.provider = null
	ssl.secure.random.implementation = null
	ssl.trustmanager.algorithm = PKIX
	ssl.truststore.certificates = null
	ssl.truststore.location = null
	ssl.truststore.password = null
	ssl.truststore.type = JKS
	value.deserializer = class io.apicurio.registry.serde.avro.AvroKafkaDeserializer

2025-08-05 17:02:12,241 INFO  [org.apa.kaf.com.tel.int.KafkaMetricsCollector] (main) initializing Kafka metrics collector
2025-08-05 17:02:12,257 INFO  [org.apa.kaf.cli.con.ConsumerConfig] (main) These configurations '[apicurio.registry.url]' were supplied but are not used yet.
2025-08-05 17:02:12,258 INFO  [org.apa.kaf.com.uti.AppInfoParser] (main) Kafka version: 3.9.1
2025-08-05 17:02:12,258 INFO  [org.apa.kaf.com.uti.AppInfoParser] (main) Kafka commitId: f745dfdcee2b9851
2025-08-05 17:02:12,258 INFO  [org.apa.kaf.com.uti.AppInfoParser] (main) Kafka startTimeMs: 1754413332258
2025-08-05 17:02:12,260 INFO  [org.apa.kaf.cli.con.int.ClassicKafkaConsumer] (Thread-609) [Consumer clientId=consumer-Consumer-topic-84e67c3b_a5a2_49b1_ad43_a1f02f12c5a0-2, groupId=Consumer-topic-84e67c3b_a5a2_49b1_ad43_a1f02f12c5a0] Subscribed to topic(s): topic-84e67c3b_a5a2_49b1_ad43_a1f02f12c5a0
2025-08-05 17:02:12,268 INFO  [org.apa.kaf.cli.Metadata] (Thread-609) [Consumer clientId=consumer-Consumer-topic-84e67c3b_a5a2_49b1_ad43_a1f02f12c5a0-2, groupId=Consumer-topic-84e67c3b_a5a2_49b1_ad43_a1f02f12c5a0] Cluster ID: utE1hb3GTCWLCoAPsWG7_Q
2025-08-05 17:02:12,272 INFO  [org.apa.kaf.cli.con.int.ConsumerCoordinator] (Thread-609) [Consumer clientId=consumer-Consumer-topic-84e67c3b_a5a2_49b1_ad43_a1f02f12c5a0-2, groupId=Consumer-topic-84e67c3b_a5a2_49b1_ad43_a1f02f12c5a0] Discovered group coordinator localhost:32769 (id: 2147483647 rack: null)
2025-08-05 17:02:12,277 INFO  [org.apa.kaf.cli.con.int.ConsumerCoordinator] (Thread-609) [Consumer clientId=consumer-Consumer-topic-84e67c3b_a5a2_49b1_ad43_a1f02f12c5a0-2, groupId=Consumer-topic-84e67c3b_a5a2_49b1_ad43_a1f02f12c5a0] (Re-)joining group
2025-08-05 17:02:12,280 INFO  [org.apa.kaf.cli.con.int.ConsumerCoordinator] (Thread-609) [Consumer clientId=consumer-Consumer-topic-84e67c3b_a5a2_49b1_ad43_a1f02f12c5a0-2, groupId=Consumer-topic-84e67c3b_a5a2_49b1_ad43_a1f02f12c5a0] Request joining group due to: need to re-join with the given member-id: consumer-Consumer-topic-84e67c3b_a5a2_49b1_ad43_a1f02f12c5a0-2-a08dec38-d92c-4ecc-a02c-17be00cd0bee
2025-08-05 17:02:12,281 INFO  [org.apa.kaf.cli.con.int.ConsumerCoordinator] (Thread-609) [Consumer clientId=consumer-Consumer-topic-84e67c3b_a5a2_49b1_ad43_a1f02f12c5a0-2, groupId=Consumer-topic-84e67c3b_a5a2_49b1_ad43_a1f02f12c5a0] (Re-)joining group
2025-08-05 17:02:13,260 INFO  [io.api.tes.ser.api.KafkaSerdesTester] (Thread-609) None found
2025-08-05 17:02:14,262 INFO  [io.api.tes.ser.api.KafkaSerdesTester] (Thread-609) None found
2025-08-05 17:02:15,262 INFO  [io.api.tes.ser.api.KafkaSerdesTester] (Thread-609) None found
2025-08-05 17:02:15,284 INFO  [org.apa.kaf.cli.con.int.ConsumerCoordinator] (Thread-609) [Consumer clientId=consumer-Consumer-topic-84e67c3b_a5a2_49b1_ad43_a1f02f12c5a0-2, groupId=Consumer-topic-84e67c3b_a5a2_49b1_ad43_a1f02f12c5a0] Successfully joined group with generation Generation{generationId=1, memberId='consumer-Consumer-topic-84e67c3b_a5a2_49b1_ad43_a1f02f12c5a0-2-a08dec38-d92c-4ecc-a02c-17be00cd0bee', protocol='range'}
2025-08-05 17:02:15,285 INFO  [org.apa.kaf.cli.con.int.ConsumerCoordinator] (Thread-609) [Consumer clientId=consumer-Consumer-topic-84e67c3b_a5a2_49b1_ad43_a1f02f12c5a0-2, groupId=Consumer-topic-84e67c3b_a5a2_49b1_ad43_a1f02f12c5a0] Finished assignment for group at generation 1: {consumer-Consumer-topic-84e67c3b_a5a2_49b1_ad43_a1f02f12c5a0-2-a08dec38-d92c-4ecc-a02c-17be00cd0bee=Assignment(partitions=[topic-84e67c3b_a5a2_49b1_ad43_a1f02f12c5a0-0])}
2025-08-05 17:02:15,293 INFO  [org.apa.kaf.cli.con.int.ConsumerCoordinator] (Thread-609) [Consumer clientId=consumer-Consumer-topic-84e67c3b_a5a2_49b1_ad43_a1f02f12c5a0-2, groupId=Consumer-topic-84e67c3b_a5a2_49b1_ad43_a1f02f12c5a0] Successfully synced group in generation Generation{generationId=1, memberId='consumer-Consumer-topic-84e67c3b_a5a2_49b1_ad43_a1f02f12c5a0-2-a08dec38-d92c-4ecc-a02c-17be00cd0bee', protocol='range'}
2025-08-05 17:02:15,295 INFO  [org.apa.kaf.cli.con.int.ConsumerCoordinator] (Thread-609) [Consumer clientId=consumer-Consumer-topic-84e67c3b_a5a2_49b1_ad43_a1f02f12c5a0-2, groupId=Consumer-topic-84e67c3b_a5a2_49b1_ad43_a1f02f12c5a0] Notifying assignor about the new Assignment(partitions=[topic-84e67c3b_a5a2_49b1_ad43_a1f02f12c5a0-0])
2025-08-05 17:02:15,296 INFO  [org.apa.kaf.cli.con.int.ConsumerRebalanceListenerInvoker] (Thread-609) [Consumer clientId=consumer-Consumer-topic-84e67c3b_a5a2_49b1_ad43_a1f02f12c5a0-2, groupId=Consumer-topic-84e67c3b_a5a2_49b1_ad43_a1f02f12c5a0] Adding newly assigned partitions: topic-84e67c3b_a5a2_49b1_ad43_a1f02f12c5a0-0
2025-08-05 17:02:15,299 INFO  [org.apa.kaf.cli.con.int.ConsumerCoordinator] (Thread-609) [Consumer clientId=consumer-Consumer-topic-84e67c3b_a5a2_49b1_ad43_a1f02f12c5a0-2, groupId=Consumer-topic-84e67c3b_a5a2_49b1_ad43_a1f02f12c5a0] Found no committed offset for partition topic-84e67c3b_a5a2_49b1_ad43_a1f02f12c5a0-0
2025-08-05 17:02:15,309 INFO  [org.apa.kaf.cli.con.int.SubscriptionState] (Thread-609) [Consumer clientId=consumer-Consumer-topic-84e67c3b_a5a2_49b1_ad43_a1f02f12c5a0-2, groupId=Consumer-topic-84e67c3b_a5a2_49b1_ad43_a1f02f12c5a0] Resetting offset for partition topic-84e67c3b_a5a2_49b1_ad43_a1f02f12c5a0-0 to position FetchPosition{offset=0, offsetEpoch=Optional.empty, currentLeader=LeaderAndEpoch{leader=Optional[localhost:32769 (id: 0 rack: null)], epoch=0}}.
2025-08-05 17:02:15,360 INFO  [io.api.tes.ser.api.KafkaSerdesTester] (Thread-609) topic-84e67c3b_a5a2_49b1_ad43_a1f02f12c5a0 0 0 {"key11754413331043": "value-0"}
2025-08-05 17:02:15,360 INFO  [io.api.tes.ser.api.KafkaSerdesTester] (Thread-609) topic-84e67c3b_a5a2_49b1_ad43_a1f02f12c5a0 0 1 {"key11754413331043": "value-1"}
2025-08-05 17:02:15,360 INFO  [io.api.tes.ser.api.KafkaSerdesTester] (Thread-609) topic-84e67c3b_a5a2_49b1_ad43_a1f02f12c5a0 0 2 {"key11754413331043": "value-2"}
2025-08-05 17:02:15,360 INFO  [io.api.tes.ser.api.KafkaSerdesTester] (Thread-609) topic-84e67c3b_a5a2_49b1_ad43_a1f02f12c5a0 0 3 {"key11754413331043": "value-3"}
2025-08-05 17:02:15,361 INFO  [io.api.tes.ser.api.KafkaSerdesTester] (Thread-609) topic-84e67c3b_a5a2_49b1_ad43_a1f02f12c5a0 0 4 {"key11754413331043": "value-4"}
2025-08-05 17:02:15,361 INFO  [io.api.tes.ser.api.KafkaSerdesTester] (Thread-609) topic-84e67c3b_a5a2_49b1_ad43_a1f02f12c5a0 0 5 {"key11754413331043": "value-5"}
2025-08-05 17:02:15,361 INFO  [io.api.tes.ser.api.KafkaSerdesTester] (Thread-609) topic-84e67c3b_a5a2_49b1_ad43_a1f02f12c5a0 0 6 {"key11754413331043": "value-6"}
2025-08-05 17:02:15,362 INFO  [io.api.tes.ser.api.KafkaSerdesTester] (Thread-609) topic-84e67c3b_a5a2_49b1_ad43_a1f02f12c5a0 0 7 {"key11754413331043": "value-7"}
2025-08-05 17:02:15,362 INFO  [io.api.tes.ser.api.KafkaSerdesTester] (Thread-609) topic-84e67c3b_a5a2_49b1_ad43_a1f02f12c5a0 0 8 {"key11754413331043": "value-8"}
2025-08-05 17:02:15,363 INFO  [io.api.tes.ser.api.KafkaSerdesTester] (Thread-609) topic-84e67c3b_a5a2_49b1_ad43_a1f02f12c5a0 0 9 {"key11754413331043": "value-9"}
2025-08-05 17:02:15,363 INFO  [io.api.tes.ser.api.KafkaSerdesTester] (Thread-609) Consumed 10 messages
2025-08-05 17:02:15,371 INFO  [org.apa.kaf.cli.con.int.ConsumerRebalanceListenerInvoker] (Thread-609) [Consumer clientId=consumer-Consumer-topic-84e67c3b_a5a2_49b1_ad43_a1f02f12c5a0-2, groupId=Consumer-topic-84e67c3b_a5a2_49b1_ad43_a1f02f12c5a0] Revoke previously assigned partitions topic-84e67c3b_a5a2_49b1_ad43_a1f02f12c5a0-0
2025-08-05 17:02:15,371 INFO  [org.apa.kaf.cli.con.int.ConsumerCoordinator] (Thread-609) [Consumer clientId=consumer-Consumer-topic-84e67c3b_a5a2_49b1_ad43_a1f02f12c5a0-2, groupId=Consumer-topic-84e67c3b_a5a2_49b1_ad43_a1f02f12c5a0] Member consumer-Consumer-topic-84e67c3b_a5a2_49b1_ad43_a1f02f12c5a0-2-a08dec38-d92c-4ecc-a02c-17be00cd0bee sending LeaveGroup request to coordinator localhost:32769 (id: 2147483647 rack: null) due to the consumer is being closed
2025-08-05 17:02:15,371 INFO  [org.apa.kaf.cli.con.int.ConsumerCoordinator] (Thread-609) [Consumer clientId=consumer-Consumer-topic-84e67c3b_a5a2_49b1_ad43_a1f02f12c5a0-2, groupId=Consumer-topic-84e67c3b_a5a2_49b1_ad43_a1f02f12c5a0] Resetting generation and member id due to: consumer pro-actively leaving the group
2025-08-05 17:02:15,372 INFO  [org.apa.kaf.cli.con.int.ConsumerCoordinator] (Thread-609) [Consumer clientId=consumer-Consumer-topic-84e67c3b_a5a2_49b1_ad43_a1f02f12c5a0-2, groupId=Consumer-topic-84e67c3b_a5a2_49b1_ad43_a1f02f12c5a0] Request joining group due to: consumer pro-actively leaving the group
2025-08-05 17:02:15,865 INFO  [org.apa.kaf.com.met.Metrics] (Thread-609) Metrics scheduler closed
2025-08-05 17:02:15,866 INFO  [org.apa.kaf.com.met.Metrics] (Thread-609) Closing reporter org.apache.kafka.common.metrics.JmxReporter
2025-08-05 17:02:15,866 INFO  [org.apa.kaf.com.met.Metrics] (Thread-609) Closing reporter org.apache.kafka.common.telemetry.internals.ClientTelemetryReporter
2025-08-05 17:02:15,866 INFO  [org.apa.kaf.com.met.Metrics] (Thread-609) Metrics reporters closed
2025-08-05 17:02:15,871 INFO  [org.apa.kaf.com.uti.AppInfoParser] (Thread-609) App info kafka.consumer for consumer-Consumer-topic-84e67c3b_a5a2_49b1_ad43_a1f02f12c5a0-2 unregistered
2025-08-05 17:02:15,872 INFO  [io.api.tes.uti.TestSeparator] (main) io.apicurio.tests.serdes.apicurio.AvroSerdeIT.testSimpleTopicIdStrategyFindLatest-FINISHED
2025-08-05 17:02:15,872 INFO  [io.api.tes.uti.TestSeparator] (main) ############################################################################
Test passed: testSimpleTopicIdStrategyFindLatest
]]></system-out>
  </testcase>
  <testcase name="testWrongSchema" classname="io.apicurio.tests.serdes.apicurio.AvroSerdeIT" time="1.125">
    <system-out><![CDATA[2025-08-05 17:02:15,875 INFO  [io.api.tes.uti.TestSeparator] (main) ############################################################################
2025-08-05 17:02:15,875 INFO  [io.api.tes.uti.TestSeparator] (main) io.apicurio.tests.serdes.apicurio.AvroSerdeIT.testWrongSchema-STARTED
**** Registry Base URL: http://registry-app-inmemory.apps.ci419.apicurio-testing.org:80
2025-08-05 17:02:16,917 INFO  [org.apa.kaf.cli.pro.ProducerConfig] (main) ProducerConfig values: 
	acks = -1
	auto.include.jmx.reporter = true
	batch.size = 16384
	bootstrap.servers = [PLAINTEXT://localhost:32769]
	buffer.memory = 33554432
	client.dns.lookup = use_all_dns_ips
	client.id = Producer-s2929c220xfbf2x4a0cxbbc6xe87a4d24b693
	compression.gzip.level = -1
	compression.lz4.level = 9
	compression.type = none
	compression.zstd.level = 3
	connections.max.idle.ms = 10000
	delivery.timeout.ms = 120000
	enable.idempotence = true
	enable.metrics.push = true
	interceptor.classes = []
	key.serializer = class org.apache.kafka.common.serialization.StringSerializer
	linger.ms = 0
	max.block.ms = 60000
	max.in.flight.requests.per.connection = 5
	max.request.size = 1048576
	metadata.max.age.ms = 300000
	metadata.max.idle.ms = 300000
	metadata.recovery.strategy = none
	metric.reporters = []
	metrics.num.samples = 2
	metrics.recording.level = INFO
	metrics.sample.window.ms = 30000
	partitioner.adaptive.partitioning.enable = true
	partitioner.availability.timeout.ms = 0
	partitioner.class = null
	partitioner.ignore.keys = false
	receive.buffer.bytes = 32768
	reconnect.backoff.max.ms = 1000
	reconnect.backoff.ms = 50
	request.timeout.ms = 5000
	retries = 2147483647
	retry.backoff.max.ms = 1000
	retry.backoff.ms = 100
	sasl.client.callback.handler.class = null
	sasl.jaas.config = null
	sasl.kerberos.kinit.cmd = /usr/bin/kinit
	sasl.kerberos.min.time.before.relogin = 60000
	sasl.kerberos.service.name = null
	sasl.kerberos.ticket.renew.jitter = 0.05
	sasl.kerberos.ticket.renew.window.factor = 0.8
	sasl.login.callback.handler.class = null
	sasl.login.class = null
	sasl.login.connect.timeout.ms = null
	sasl.login.read.timeout.ms = null
	sasl.login.refresh.buffer.seconds = 300
	sasl.login.refresh.min.period.seconds = 60
	sasl.login.refresh.window.factor = 0.8
	sasl.login.refresh.window.jitter = 0.05
	sasl.login.retry.backoff.max.ms = 10000
	sasl.login.retry.backoff.ms = 100
	sasl.mechanism = GSSAPI
	sasl.oauthbearer.clock.skew.seconds = 30
	sasl.oauthbearer.expected.audience = null
	sasl.oauthbearer.expected.issuer = null
	sasl.oauthbearer.header.urlencode = false
	sasl.oauthbearer.jwks.endpoint.refresh.ms = 3600000
	sasl.oauthbearer.jwks.endpoint.retry.backoff.max.ms = 10000
	sasl.oauthbearer.jwks.endpoint.retry.backoff.ms = 100
	sasl.oauthbearer.jwks.endpoint.url = null
	sasl.oauthbearer.scope.claim.name = scope
	sasl.oauthbearer.sub.claim.name = sub
	sasl.oauthbearer.token.endpoint.url = null
	security.protocol = PLAINTEXT
	security.providers = null
	send.buffer.bytes = 131072
	socket.connection.setup.timeout.max.ms = 30000
	socket.connection.setup.timeout.ms = 10000
	ssl.cipher.suites = null
	ssl.enabled.protocols = [TLSv1.2, TLSv1.3]
	ssl.endpoint.identification.algorithm = https
	ssl.engine.factory.class = null
	ssl.key.password = null
	ssl.keymanager.algorithm = SunX509
	ssl.keystore.certificate.chain = null
	ssl.keystore.key = null
	ssl.keystore.location = null
	ssl.keystore.password = null
	ssl.keystore.type = JKS
	ssl.protocol = TLSv1.3
	ssl.provider = null
	ssl.secure.random.implementation = null
	ssl.trustmanager.algorithm = PKIX
	ssl.truststore.certificates = null
	ssl.truststore.location = null
	ssl.truststore.password = null
	ssl.truststore.type = JKS
	transaction.timeout.ms = 60000
	transactional.id = null
	value.serializer = class io.apicurio.registry.serde.avro.AvroKafkaSerializer

2025-08-05 17:02:16,918 INFO  [org.apa.kaf.com.tel.int.KafkaMetricsCollector] (main) initializing Kafka metrics collector
2025-08-05 17:02:16,923 INFO  [org.apa.kaf.cli.pro.KafkaProducer] (main) [Producer clientId=Producer-s2929c220xfbf2x4a0cxbbc6xe87a4d24b693] Instantiated an idempotent producer.
2025-08-05 17:02:16,930 INFO  [org.apa.kaf.cli.pro.ProducerConfig] (main) These configurations '[apicurio.registry.find-latest, apicurio.registry.url, apicurio.registry.artifact-resolver-strategy]' were supplied but are not used yet.
2025-08-05 17:02:16,930 INFO  [org.apa.kaf.com.uti.AppInfoParser] (main) Kafka version: 3.9.1
2025-08-05 17:02:16,930 INFO  [org.apa.kaf.com.uti.AppInfoParser] (main) Kafka commitId: f745dfdcee2b9851
2025-08-05 17:02:16,930 INFO  [org.apa.kaf.com.uti.AppInfoParser] (main) Kafka startTimeMs: 1754413336930
2025-08-05 17:02:16,933 INFO  [io.api.tes.ser.api.KafkaSerdesTester] (Thread-612) Sending message {"keyB": "value-0"} to topic s2929c220xfbf2x4a0cxbbc6xe87a4d24b693
2025-08-05 17:02:16,936 INFO  [org.apa.kaf.cli.Metadata] (kafka-producer-network-thread | Producer-s2929c220xfbf2x4a0cxbbc6xe87a4d24b693) [Producer clientId=Producer-s2929c220xfbf2x4a0cxbbc6xe87a4d24b693] Cluster ID: utE1hb3GTCWLCoAPsWG7_Q
2025-08-05 17:02:16,938 INFO  [org.apa.kaf.cli.pro.int.TransactionManager] (kafka-producer-network-thread | Producer-s2929c220xfbf2x4a0cxbbc6xe87a4d24b693) [Producer clientId=Producer-s2929c220xfbf2x4a0cxbbc6xe87a4d24b693] ProducerId set to 2 with epoch 0
2025-08-05 17:02:16,991 INFO  [org.apa.kaf.cli.pro.KafkaProducer] (Thread-612) [Producer clientId=Producer-s2929c220xfbf2x4a0cxbbc6xe87a4d24b693] Closing the Kafka producer with timeoutMillis = 9223372036854775807 ms.
2025-08-05 17:02:16,997 INFO  [org.apa.kaf.com.met.Metrics] (Thread-612) Metrics scheduler closed
2025-08-05 17:02:16,997 INFO  [org.apa.kaf.com.met.Metrics] (Thread-612) Closing reporter org.apache.kafka.common.metrics.JmxReporter
2025-08-05 17:02:16,997 INFO  [org.apa.kaf.com.met.Metrics] (Thread-612) Closing reporter org.apache.kafka.common.telemetry.internals.ClientTelemetryReporter
2025-08-05 17:02:16,997 INFO  [org.apa.kaf.com.met.Metrics] (Thread-612) Metrics reporters closed
2025-08-05 17:02:16,997 INFO  [org.apa.kaf.com.uti.AppInfoParser] (Thread-612) App info kafka.producer for Producer-s2929c220xfbf2x4a0cxbbc6xe87a4d24b693 unregistered
2025-08-05 17:02:16,999 INFO  [io.api.tes.uti.TestSeparator] (main) io.apicurio.tests.serdes.apicurio.AvroSerdeIT.testWrongSchema-FINISHED
2025-08-05 17:02:16,999 INFO  [io.api.tes.uti.TestSeparator] (main) ############################################################################
Test passed: testWrongSchema
]]></system-out>
    <system-err><![CDATA[io.apicurio.registry.rest.client.models.ProblemDetails
	at io.apicurio.registry.rest.client.models.ProblemDetails.createFromDiscriminatorValue(ProblemDetails.java:58)
	at io.kiota.serialization.json.JsonParseNode.getObjectValue(JsonParseNode.java:247)
	at io.kiota.http.vertx.VertXRequestAdapter.lambda$throwIfFailedResponse$0(VertXRequestAdapter.java:400)
	at com.microsoft.kiota.ApiExceptionBuilder.<init>(ApiExceptionBuilder.java:26)
	at io.kiota.http.vertx.VertXRequestAdapter.throwIfFailedResponse(VertXRequestAdapter.java:399)
	at io.kiota.http.vertx.VertXRequestAdapter.send(VertXRequestAdapter.java:170)
	at io.apicurio.registry.rest.client.groups.item.artifacts.item.versions.item.WithVersionExpressionItemRequestBuilder.get(WithVersionExpressionItemRequestBuilder.java:128)
	at io.apicurio.registry.rest.client.groups.item.artifacts.item.versions.item.WithVersionExpressionItemRequestBuilder.get(WithVersionExpressionItemRequestBuilder.java:111)
	at io.apicurio.registry.resolver.client.RegistryClientFacadeImpl.getVersionCoordinatesByGAV(RegistryClientFacadeImpl.java:159)
	at io.apicurio.registry.resolver.DefaultSchemaResolver.resolveByCoordinates(DefaultSchemaResolver.java:352)
	at io.apicurio.registry.resolver.DefaultSchemaResolver.lambda$resolveSchemaByArtifactReferenceCached$6(DefaultSchemaResolver.java:340)
	at io.apicurio.registry.resolver.cache.ERCache.lambda$getValue$0(ERCache.java:174)
	at io.apicurio.registry.resolver.cache.ERCache.retry(ERCache.java:227)
	at io.apicurio.registry.resolver.cache.ERCache.getValue(ERCache.java:173)
	at io.apicurio.registry.resolver.cache.ERCache.getByArtifactCoordinates(ERCache.java:158)
	at io.apicurio.registry.resolver.DefaultSchemaResolver.resolveSchemaByArtifactReferenceCached(DefaultSchemaResolver.java:338)
	at io.apicurio.registry.resolver.DefaultSchemaResolver.resolveSchemaByCoordinates(DefaultSchemaResolver.java:193)
	at io.apicurio.registry.resolver.DefaultSchemaResolver.getSchemaFromRegistry(DefaultSchemaResolver.java:130)
	at io.apicurio.registry.resolver.DefaultSchemaResolver.lambda$resolveSchema$0(DefaultSchemaResolver.java:84)
	at java.base/java.util.Optional.orElseGet(Optional.java:364)
	at io.apicurio.registry.resolver.DefaultSchemaResolver.resolveSchema(DefaultSchemaResolver.java:84)
	at io.apicurio.registry.serde.AbstractSerializer.serializeData(AbstractSerializer.java:62)
	at io.apicurio.registry.serde.KafkaSerializer.serialize(KafkaSerializer.java:77)
	at org.apache.kafka.clients.producer.KafkaProducer.doSend(KafkaProducer.java:1046)
	at org.apache.kafka.clients.producer.KafkaProducer.send(KafkaProducer.java:993)
	at org.apache.kafka.clients.producer.KafkaProducer.send(KafkaProducer.java:875)
	at io.apicurio.tests.serdes.apicurio.KafkaSerdesTester.lambda$produceMessages$3(KafkaSerdesTester.java:138)
	at java.base/java.util.concurrent.CompletableFuture$AsyncSupply.run(CompletableFuture.java:1768)
	at java.base/java.lang.Thread.run(Thread.java:840)
]]></system-err>
  </testcase>
  <testcase name="testAvroJSON" classname="io.apicurio.tests.serdes.apicurio.AvroSerdeIT" time="3.86">
    <system-out><![CDATA[2025-08-05 17:02:17,006 INFO  [io.api.tes.uti.TestSeparator] (main) ############################################################################
2025-08-05 17:02:17,006 INFO  [io.api.tes.uti.TestSeparator] (main) io.apicurio.tests.serdes.apicurio.AvroSerdeIT.testAvroJSON-STARTED
**** Registry Base URL: http://registry-app-inmemory.apps.ci419.apicurio-testing.org:80
2025-08-05 17:02:17,007 INFO  [org.apa.kaf.cli.pro.ProducerConfig] (main) ProducerConfig values: 
	acks = -1
	auto.include.jmx.reporter = true
	batch.size = 16384
	bootstrap.servers = [PLAINTEXT://localhost:32769]
	buffer.memory = 33554432
	client.dns.lookup = use_all_dns_ips
	client.id = Producer-topic-ce24ee02_ae8e_4667_9c43_6cde45a984e9
	compression.gzip.level = -1
	compression.lz4.level = 9
	compression.type = none
	compression.zstd.level = 3
	connections.max.idle.ms = 10000
	delivery.timeout.ms = 120000
	enable.idempotence = true
	enable.metrics.push = true
	interceptor.classes = []
	key.serializer = class org.apache.kafka.common.serialization.StringSerializer
	linger.ms = 0
	max.block.ms = 60000
	max.in.flight.requests.per.connection = 5
	max.request.size = 1048576
	metadata.max.age.ms = 300000
	metadata.max.idle.ms = 300000
	metadata.recovery.strategy = none
	metric.reporters = []
	metrics.num.samples = 2
	metrics.recording.level = INFO
	metrics.sample.window.ms = 30000
	partitioner.adaptive.partitioning.enable = true
	partitioner.availability.timeout.ms = 0
	partitioner.class = null
	partitioner.ignore.keys = false
	receive.buffer.bytes = 32768
	reconnect.backoff.max.ms = 1000
	reconnect.backoff.ms = 50
	request.timeout.ms = 5000
	retries = 2147483647
	retry.backoff.max.ms = 1000
	retry.backoff.ms = 100
	sasl.client.callback.handler.class = null
	sasl.jaas.config = null
	sasl.kerberos.kinit.cmd = /usr/bin/kinit
	sasl.kerberos.min.time.before.relogin = 60000
	sasl.kerberos.service.name = null
	sasl.kerberos.ticket.renew.jitter = 0.05
	sasl.kerberos.ticket.renew.window.factor = 0.8
	sasl.login.callback.handler.class = null
	sasl.login.class = null
	sasl.login.connect.timeout.ms = null
	sasl.login.read.timeout.ms = null
	sasl.login.refresh.buffer.seconds = 300
	sasl.login.refresh.min.period.seconds = 60
	sasl.login.refresh.window.factor = 0.8
	sasl.login.refresh.window.jitter = 0.05
	sasl.login.retry.backoff.max.ms = 10000
	sasl.login.retry.backoff.ms = 100
	sasl.mechanism = GSSAPI
	sasl.oauthbearer.clock.skew.seconds = 30
	sasl.oauthbearer.expected.audience = null
	sasl.oauthbearer.expected.issuer = null
	sasl.oauthbearer.header.urlencode = false
	sasl.oauthbearer.jwks.endpoint.refresh.ms = 3600000
	sasl.oauthbearer.jwks.endpoint.retry.backoff.max.ms = 10000
	sasl.oauthbearer.jwks.endpoint.retry.backoff.ms = 100
	sasl.oauthbearer.jwks.endpoint.url = null
	sasl.oauthbearer.scope.claim.name = scope
	sasl.oauthbearer.sub.claim.name = sub
	sasl.oauthbearer.token.endpoint.url = null
	security.protocol = PLAINTEXT
	security.providers = null
	send.buffer.bytes = 131072
	socket.connection.setup.timeout.max.ms = 30000
	socket.connection.setup.timeout.ms = 10000
	ssl.cipher.suites = null
	ssl.enabled.protocols = [TLSv1.2, TLSv1.3]
	ssl.endpoint.identification.algorithm = https
	ssl.engine.factory.class = null
	ssl.key.password = null
	ssl.keymanager.algorithm = SunX509
	ssl.keystore.certificate.chain = null
	ssl.keystore.key = null
	ssl.keystore.location = null
	ssl.keystore.password = null
	ssl.keystore.type = JKS
	ssl.protocol = TLSv1.3
	ssl.provider = null
	ssl.secure.random.implementation = null
	ssl.trustmanager.algorithm = PKIX
	ssl.truststore.certificates = null
	ssl.truststore.location = null
	ssl.truststore.password = null
	ssl.truststore.type = JKS
	transaction.timeout.ms = 60000
	transactional.id = null
	value.serializer = class io.apicurio.registry.serde.avro.AvroKafkaSerializer

2025-08-05 17:02:17,012 INFO  [org.apa.kaf.com.tel.int.KafkaMetricsCollector] (main) initializing Kafka metrics collector
2025-08-05 17:02:17,019 INFO  [org.apa.kaf.cli.pro.KafkaProducer] (main) [Producer clientId=Producer-topic-ce24ee02_ae8e_4667_9c43_6cde45a984e9] Instantiated an idempotent producer.
2025-08-05 17:02:17,027 INFO  [org.apa.kaf.cli.pro.ProducerConfig] (main) These configurations '[apicurio.registry.avro.encoding, apicurio.registry.url, apicurio.registry.auto-register, apicurio.registry.artifact-resolver-strategy]' were supplied but are not used yet.
2025-08-05 17:02:17,028 INFO  [org.apa.kaf.com.uti.AppInfoParser] (main) Kafka version: 3.9.1
2025-08-05 17:02:17,028 INFO  [org.apa.kaf.com.uti.AppInfoParser] (main) Kafka commitId: f745dfdcee2b9851
2025-08-05 17:02:17,028 INFO  [org.apa.kaf.com.uti.AppInfoParser] (main) Kafka startTimeMs: 1754413337028
2025-08-05 17:02:17,028 INFO  [io.api.tes.ser.api.SimpleSerdesTesterBuilder$SimpleSerdesTester] (main) Using producer configuration: {apicurio.registry.avro.encoding=JSON, apicurio.registry.url=http://registry-app-inmemory.apps.ci419.apicurio-testing.org:80/apis/registry/v3, apicurio.registry.auto-register=true, apicurio.registry.artifact-resolver-strategy=io.apicurio.registry.serde.strategy.TopicIdStrategy, value.serializer=io.apicurio.registry.serde.avro.AvroKafkaSerializer, request.timeout.ms=5000, acks=all, bootstrap.servers=PLAINTEXT://localhost:32769, connections.max.idle.ms=10000, key.serializer=org.apache.kafka.common.serialization.StringSerializer, client.id=Producer-topic-ce24ee02_ae8e_4667_9c43_6cde45a984e9}
2025-08-05 17:02:17,028 INFO  [io.api.tes.ser.api.SimpleSerdesTesterBuilder$SimpleSerdesTester] (main) Using consumer configuration: {apicurio.registry.avro.encoding=JSON}
2025-08-05 17:02:17,029 INFO  [io.api.tes.ser.api.KafkaSerdesTester] (Thread-615) Sending message {"bar": "value-0"} to topic topic-ce24ee02_ae8e_4667_9c43_6cde45a984e9
2025-08-05 17:02:17,038 WARN  [org.apa.kaf.cli.NetworkClient] (kafka-producer-network-thread | Producer-topic-ce24ee02_ae8e_4667_9c43_6cde45a984e9) [Producer clientId=Producer-topic-ce24ee02_ae8e_4667_9c43_6cde45a984e9] The metadata response from the cluster reported a recoverable issue with correlation id 1 : {topic-ce24ee02_ae8e_4667_9c43_6cde45a984e9=UNKNOWN_TOPIC_OR_PARTITION}
2025-08-05 17:02:17,038 INFO  [org.apa.kaf.cli.Metadata] (kafka-producer-network-thread | Producer-topic-ce24ee02_ae8e_4667_9c43_6cde45a984e9) [Producer clientId=Producer-topic-ce24ee02_ae8e_4667_9c43_6cde45a984e9] Cluster ID: utE1hb3GTCWLCoAPsWG7_Q
2025-08-05 17:02:17,040 INFO  [org.apa.kaf.cli.pro.int.TransactionManager] (kafka-producer-network-thread | Producer-topic-ce24ee02_ae8e_4667_9c43_6cde45a984e9) [Producer clientId=Producer-topic-ce24ee02_ae8e_4667_9c43_6cde45a984e9] ProducerId set to 3 with epoch 0
2025-08-05 17:02:17,197 INFO  [io.api.tes.ser.api.KafkaSerdesTester] (Thread-615) Sending message {"bar": "value-1"} to topic topic-ce24ee02_ae8e_4667_9c43_6cde45a984e9
2025-08-05 17:02:17,199 INFO  [io.api.tes.ser.api.KafkaSerdesTester] (Thread-615) Sending message {"bar": "value-2"} to topic topic-ce24ee02_ae8e_4667_9c43_6cde45a984e9
2025-08-05 17:02:17,201 INFO  [io.api.tes.ser.api.KafkaSerdesTester] (Thread-615) Sending message {"bar": "value-3"} to topic topic-ce24ee02_ae8e_4667_9c43_6cde45a984e9
2025-08-05 17:02:17,203 INFO  [io.api.tes.ser.api.KafkaSerdesTester] (Thread-615) Sending message {"bar": "value-4"} to topic topic-ce24ee02_ae8e_4667_9c43_6cde45a984e9
2025-08-05 17:02:17,206 INFO  [io.api.tes.ser.api.KafkaSerdesTester] (Thread-615) Sending message {"bar": "value-5"} to topic topic-ce24ee02_ae8e_4667_9c43_6cde45a984e9
2025-08-05 17:02:17,208 INFO  [io.api.tes.ser.api.KafkaSerdesTester] (Thread-615) Sending message {"bar": "value-6"} to topic topic-ce24ee02_ae8e_4667_9c43_6cde45a984e9
2025-08-05 17:02:17,211 INFO  [io.api.tes.ser.api.KafkaSerdesTester] (Thread-615) Sending message {"bar": "value-7"} to topic topic-ce24ee02_ae8e_4667_9c43_6cde45a984e9
2025-08-05 17:02:17,214 INFO  [io.api.tes.ser.api.KafkaSerdesTester] (Thread-615) Sending message {"bar": "value-8"} to topic topic-ce24ee02_ae8e_4667_9c43_6cde45a984e9
2025-08-05 17:02:17,216 INFO  [io.api.tes.ser.api.KafkaSerdesTester] (Thread-615) Sending message {"bar": "value-9"} to topic topic-ce24ee02_ae8e_4667_9c43_6cde45a984e9
2025-08-05 17:02:17,219 INFO  [io.api.tes.ser.api.KafkaSerdesTester] (Thread-615) Produced 10 messages
2025-08-05 17:02:17,219 INFO  [org.apa.kaf.cli.pro.KafkaProducer] (Thread-615) [Producer clientId=Producer-topic-ce24ee02_ae8e_4667_9c43_6cde45a984e9] Closing the Kafka producer with timeoutMillis = 9223372036854775807 ms.
2025-08-05 17:02:17,225 INFO  [org.apa.kaf.com.met.Metrics] (Thread-615) Metrics scheduler closed
2025-08-05 17:02:17,226 INFO  [org.apa.kaf.com.met.Metrics] (Thread-615) Closing reporter org.apache.kafka.common.metrics.JmxReporter
2025-08-05 17:02:17,226 INFO  [org.apa.kaf.com.met.Metrics] (Thread-615) Closing reporter org.apache.kafka.common.telemetry.internals.ClientTelemetryReporter
2025-08-05 17:02:17,226 INFO  [org.apa.kaf.com.met.Metrics] (Thread-615) Metrics reporters closed
2025-08-05 17:02:17,226 INFO  [org.apa.kaf.com.uti.AppInfoParser] (Thread-615) App info kafka.producer for Producer-topic-ce24ee02_ae8e_4667_9c43_6cde45a984e9 unregistered
**** Registry Base URL: http://registry-app-inmemory.apps.ci419.apicurio-testing.org:80
2025-08-05 17:02:17,259 INFO  [org.apa.kaf.cli.con.ConsumerConfig] (main) ConsumerConfig values: 
	allow.auto.create.topics = true
	auto.commit.interval.ms = 500
	auto.include.jmx.reporter = true
	auto.offset.reset = earliest
	bootstrap.servers = [PLAINTEXT://localhost:32769]
	check.crcs = true
	client.dns.lookup = use_all_dns_ips
	client.id = consumer-Consumer-topic-ce24ee02_ae8e_4667_9c43_6cde45a984e9-3
	client.rack = 
	connections.max.idle.ms = 10000
	default.api.timeout.ms = 60000
	enable.auto.commit = true
	enable.metrics.push = true
	exclude.internal.topics = true
	fetch.max.bytes = 52428800
	fetch.max.wait.ms = 500
	fetch.min.bytes = 1
	group.id = Consumer-topic-ce24ee02_ae8e_4667_9c43_6cde45a984e9
	group.instance.id = null
	group.protocol = classic
	group.remote.assignor = null
	heartbeat.interval.ms = 3000
	interceptor.classes = []
	internal.leave.group.on.close = true
	internal.throw.on.fetch.stable.offset.unsupported = false
	isolation.level = read_uncommitted
	key.deserializer = class org.apache.kafka.common.serialization.StringDeserializer
	max.partition.fetch.bytes = 1048576
	max.poll.interval.ms = 300000
	max.poll.records = 500
	metadata.max.age.ms = 300000
	metadata.recovery.strategy = none
	metric.reporters = []
	metrics.num.samples = 2
	metrics.recording.level = INFO
	metrics.sample.window.ms = 30000
	partition.assignment.strategy = [class org.apache.kafka.clients.consumer.RangeAssignor, class org.apache.kafka.clients.consumer.CooperativeStickyAssignor]
	receive.buffer.bytes = 65536
	reconnect.backoff.max.ms = 1000
	reconnect.backoff.ms = 50
	request.timeout.ms = 5000
	retry.backoff.max.ms = 1000
	retry.backoff.ms = 100
	sasl.client.callback.handler.class = null
	sasl.jaas.config = null
	sasl.kerberos.kinit.cmd = /usr/bin/kinit
	sasl.kerberos.min.time.before.relogin = 60000
	sasl.kerberos.service.name = null
	sasl.kerberos.ticket.renew.jitter = 0.05
	sasl.kerberos.ticket.renew.window.factor = 0.8
	sasl.login.callback.handler.class = null
	sasl.login.class = null
	sasl.login.connect.timeout.ms = null
	sasl.login.read.timeout.ms = null
	sasl.login.refresh.buffer.seconds = 300
	sasl.login.refresh.min.period.seconds = 60
	sasl.login.refresh.window.factor = 0.8
	sasl.login.refresh.window.jitter = 0.05
	sasl.login.retry.backoff.max.ms = 10000
	sasl.login.retry.backoff.ms = 100
	sasl.mechanism = GSSAPI
	sasl.oauthbearer.clock.skew.seconds = 30
	sasl.oauthbearer.expected.audience = null
	sasl.oauthbearer.expected.issuer = null
	sasl.oauthbearer.header.urlencode = false
	sasl.oauthbearer.jwks.endpoint.refresh.ms = 3600000
	sasl.oauthbearer.jwks.endpoint.retry.backoff.max.ms = 10000
	sasl.oauthbearer.jwks.endpoint.retry.backoff.ms = 100
	sasl.oauthbearer.jwks.endpoint.url = null
	sasl.oauthbearer.scope.claim.name = scope
	sasl.oauthbearer.sub.claim.name = sub
	sasl.oauthbearer.token.endpoint.url = null
	security.protocol = PLAINTEXT
	security.providers = null
	send.buffer.bytes = 131072
	session.timeout.ms = 45000
	socket.connection.setup.timeout.max.ms = 30000
	socket.connection.setup.timeout.ms = 10000
	ssl.cipher.suites = null
	ssl.enabled.protocols = [TLSv1.2, TLSv1.3]
	ssl.endpoint.identification.algorithm = https
	ssl.engine.factory.class = null
	ssl.key.password = null
	ssl.keymanager.algorithm = SunX509
	ssl.keystore.certificate.chain = null
	ssl.keystore.key = null
	ssl.keystore.location = null
	ssl.keystore.password = null
	ssl.keystore.type = JKS
	ssl.protocol = TLSv1.3
	ssl.provider = null
	ssl.secure.random.implementation = null
	ssl.trustmanager.algorithm = PKIX
	ssl.truststore.certificates = null
	ssl.truststore.location = null
	ssl.truststore.password = null
	ssl.truststore.type = JKS
	value.deserializer = class io.apicurio.registry.serde.avro.AvroKafkaDeserializer

2025-08-05 17:02:17,259 INFO  [org.apa.kaf.com.tel.int.KafkaMetricsCollector] (main) initializing Kafka metrics collector
2025-08-05 17:02:17,267 INFO  [org.apa.kaf.cli.con.ConsumerConfig] (main) These configurations '[apicurio.registry.avro.encoding, apicurio.registry.url]' were supplied but are not used yet.
2025-08-05 17:02:17,267 INFO  [org.apa.kaf.com.uti.AppInfoParser] (main) Kafka version: 3.9.1
2025-08-05 17:02:17,267 INFO  [org.apa.kaf.com.uti.AppInfoParser] (main) Kafka commitId: f745dfdcee2b9851
2025-08-05 17:02:17,267 INFO  [org.apa.kaf.com.uti.AppInfoParser] (main) Kafka startTimeMs: 1754413337267
2025-08-05 17:02:17,267 INFO  [org.apa.kaf.cli.con.int.ClassicKafkaConsumer] (Thread-618) [Consumer clientId=consumer-Consumer-topic-ce24ee02_ae8e_4667_9c43_6cde45a984e9-3, groupId=Consumer-topic-ce24ee02_ae8e_4667_9c43_6cde45a984e9] Subscribed to topic(s): topic-ce24ee02_ae8e_4667_9c43_6cde45a984e9
2025-08-05 17:02:17,274 INFO  [org.apa.kaf.cli.Metadata] (Thread-618) [Consumer clientId=consumer-Consumer-topic-ce24ee02_ae8e_4667_9c43_6cde45a984e9-3, groupId=Consumer-topic-ce24ee02_ae8e_4667_9c43_6cde45a984e9] Cluster ID: utE1hb3GTCWLCoAPsWG7_Q
2025-08-05 17:02:17,276 INFO  [org.apa.kaf.cli.con.int.ConsumerCoordinator] (Thread-618) [Consumer clientId=consumer-Consumer-topic-ce24ee02_ae8e_4667_9c43_6cde45a984e9-3, groupId=Consumer-topic-ce24ee02_ae8e_4667_9c43_6cde45a984e9] Discovered group coordinator localhost:32769 (id: 2147483647 rack: null)
2025-08-05 17:02:17,281 INFO  [org.apa.kaf.cli.con.int.ConsumerCoordinator] (Thread-618) [Consumer clientId=consumer-Consumer-topic-ce24ee02_ae8e_4667_9c43_6cde45a984e9-3, groupId=Consumer-topic-ce24ee02_ae8e_4667_9c43_6cde45a984e9] (Re-)joining group
2025-08-05 17:02:17,286 INFO  [org.apa.kaf.cli.con.int.ConsumerCoordinator] (Thread-618) [Consumer clientId=consumer-Consumer-topic-ce24ee02_ae8e_4667_9c43_6cde45a984e9-3, groupId=Consumer-topic-ce24ee02_ae8e_4667_9c43_6cde45a984e9] Request joining group due to: need to re-join with the given member-id: consumer-Consumer-topic-ce24ee02_ae8e_4667_9c43_6cde45a984e9-3-81043aeb-6c6e-4ce2-99f1-8f4fd6b55cb9
2025-08-05 17:02:17,286 INFO  [org.apa.kaf.cli.con.int.ConsumerCoordinator] (Thread-618) [Consumer clientId=consumer-Consumer-topic-ce24ee02_ae8e_4667_9c43_6cde45a984e9-3, groupId=Consumer-topic-ce24ee02_ae8e_4667_9c43_6cde45a984e9] (Re-)joining group
2025-08-05 17:02:18,267 INFO  [io.api.tes.ser.api.KafkaSerdesTester] (Thread-618) None found
2025-08-05 17:02:19,267 INFO  [io.api.tes.ser.api.KafkaSerdesTester] (Thread-618) None found
2025-08-05 17:02:20,267 INFO  [io.api.tes.ser.api.KafkaSerdesTester] (Thread-618) None found
2025-08-05 17:02:20,291 INFO  [org.apa.kaf.cli.con.int.ConsumerCoordinator] (Thread-618) [Consumer clientId=consumer-Consumer-topic-ce24ee02_ae8e_4667_9c43_6cde45a984e9-3, groupId=Consumer-topic-ce24ee02_ae8e_4667_9c43_6cde45a984e9] Successfully joined group with generation Generation{generationId=1, memberId='consumer-Consumer-topic-ce24ee02_ae8e_4667_9c43_6cde45a984e9-3-81043aeb-6c6e-4ce2-99f1-8f4fd6b55cb9', protocol='range'}
2025-08-05 17:02:20,292 INFO  [org.apa.kaf.cli.con.int.ConsumerCoordinator] (Thread-618) [Consumer clientId=consumer-Consumer-topic-ce24ee02_ae8e_4667_9c43_6cde45a984e9-3, groupId=Consumer-topic-ce24ee02_ae8e_4667_9c43_6cde45a984e9] Finished assignment for group at generation 1: {consumer-Consumer-topic-ce24ee02_ae8e_4667_9c43_6cde45a984e9-3-81043aeb-6c6e-4ce2-99f1-8f4fd6b55cb9=Assignment(partitions=[topic-ce24ee02_ae8e_4667_9c43_6cde45a984e9-0])}
2025-08-05 17:02:20,299 INFO  [org.apa.kaf.cli.con.int.ConsumerCoordinator] (Thread-618) [Consumer clientId=consumer-Consumer-topic-ce24ee02_ae8e_4667_9c43_6cde45a984e9-3, groupId=Consumer-topic-ce24ee02_ae8e_4667_9c43_6cde45a984e9] Successfully synced group in generation Generation{generationId=1, memberId='consumer-Consumer-topic-ce24ee02_ae8e_4667_9c43_6cde45a984e9-3-81043aeb-6c6e-4ce2-99f1-8f4fd6b55cb9', protocol='range'}
2025-08-05 17:02:20,300 INFO  [org.apa.kaf.cli.con.int.ConsumerCoordinator] (Thread-618) [Consumer clientId=consumer-Consumer-topic-ce24ee02_ae8e_4667_9c43_6cde45a984e9-3, groupId=Consumer-topic-ce24ee02_ae8e_4667_9c43_6cde45a984e9] Notifying assignor about the new Assignment(partitions=[topic-ce24ee02_ae8e_4667_9c43_6cde45a984e9-0])
2025-08-05 17:02:20,300 INFO  [org.apa.kaf.cli.con.int.ConsumerRebalanceListenerInvoker] (Thread-618) [Consumer clientId=consumer-Consumer-topic-ce24ee02_ae8e_4667_9c43_6cde45a984e9-3, groupId=Consumer-topic-ce24ee02_ae8e_4667_9c43_6cde45a984e9] Adding newly assigned partitions: topic-ce24ee02_ae8e_4667_9c43_6cde45a984e9-0
2025-08-05 17:02:20,301 INFO  [org.apa.kaf.cli.con.int.ConsumerCoordinator] (Thread-618) [Consumer clientId=consumer-Consumer-topic-ce24ee02_ae8e_4667_9c43_6cde45a984e9-3, groupId=Consumer-topic-ce24ee02_ae8e_4667_9c43_6cde45a984e9] Found no committed offset for partition topic-ce24ee02_ae8e_4667_9c43_6cde45a984e9-0
2025-08-05 17:02:20,306 INFO  [org.apa.kaf.cli.con.int.SubscriptionState] (Thread-618) [Consumer clientId=consumer-Consumer-topic-ce24ee02_ae8e_4667_9c43_6cde45a984e9-3, groupId=Consumer-topic-ce24ee02_ae8e_4667_9c43_6cde45a984e9] Resetting offset for partition topic-ce24ee02_ae8e_4667_9c43_6cde45a984e9-0 to position FetchPosition{offset=0, offsetEpoch=Optional.empty, currentLeader=LeaderAndEpoch{leader=Optional[localhost:32769 (id: 0 rack: null)], epoch=0}}.
2025-08-05 17:02:20,352 INFO  [io.api.tes.ser.api.KafkaSerdesTester] (Thread-618) topic-ce24ee02_ae8e_4667_9c43_6cde45a984e9 0 0 {"bar": "value-0"}
2025-08-05 17:02:20,352 INFO  [io.api.tes.ser.api.KafkaSerdesTester] (Thread-618) topic-ce24ee02_ae8e_4667_9c43_6cde45a984e9 0 1 {"bar": "value-1"}
2025-08-05 17:02:20,352 INFO  [io.api.tes.ser.api.KafkaSerdesTester] (Thread-618) topic-ce24ee02_ae8e_4667_9c43_6cde45a984e9 0 2 {"bar": "value-2"}
2025-08-05 17:02:20,352 INFO  [io.api.tes.ser.api.KafkaSerdesTester] (Thread-618) topic-ce24ee02_ae8e_4667_9c43_6cde45a984e9 0 3 {"bar": "value-3"}
2025-08-05 17:02:20,352 INFO  [io.api.tes.ser.api.KafkaSerdesTester] (Thread-618) topic-ce24ee02_ae8e_4667_9c43_6cde45a984e9 0 4 {"bar": "value-4"}
2025-08-05 17:02:20,352 INFO  [io.api.tes.ser.api.KafkaSerdesTester] (Thread-618) topic-ce24ee02_ae8e_4667_9c43_6cde45a984e9 0 5 {"bar": "value-5"}
2025-08-05 17:02:20,352 INFO  [io.api.tes.ser.api.KafkaSerdesTester] (Thread-618) topic-ce24ee02_ae8e_4667_9c43_6cde45a984e9 0 6 {"bar": "value-6"}
2025-08-05 17:02:20,353 INFO  [io.api.tes.ser.api.KafkaSerdesTester] (Thread-618) topic-ce24ee02_ae8e_4667_9c43_6cde45a984e9 0 7 {"bar": "value-7"}
2025-08-05 17:02:20,354 INFO  [io.api.tes.ser.api.KafkaSerdesTester] (Thread-618) topic-ce24ee02_ae8e_4667_9c43_6cde45a984e9 0 8 {"bar": "value-8"}
2025-08-05 17:02:20,354 INFO  [io.api.tes.ser.api.KafkaSerdesTester] (Thread-618) topic-ce24ee02_ae8e_4667_9c43_6cde45a984e9 0 9 {"bar": "value-9"}
2025-08-05 17:02:20,354 INFO  [io.api.tes.ser.api.KafkaSerdesTester] (Thread-618) Consumed 10 messages
2025-08-05 17:02:20,364 INFO  [org.apa.kaf.cli.con.int.ConsumerRebalanceListenerInvoker] (Thread-618) [Consumer clientId=consumer-Consumer-topic-ce24ee02_ae8e_4667_9c43_6cde45a984e9-3, groupId=Consumer-topic-ce24ee02_ae8e_4667_9c43_6cde45a984e9] Revoke previously assigned partitions topic-ce24ee02_ae8e_4667_9c43_6cde45a984e9-0
2025-08-05 17:02:20,364 INFO  [org.apa.kaf.cli.con.int.ConsumerCoordinator] (Thread-618) [Consumer clientId=consumer-Consumer-topic-ce24ee02_ae8e_4667_9c43_6cde45a984e9-3, groupId=Consumer-topic-ce24ee02_ae8e_4667_9c43_6cde45a984e9] Member consumer-Consumer-topic-ce24ee02_ae8e_4667_9c43_6cde45a984e9-3-81043aeb-6c6e-4ce2-99f1-8f4fd6b55cb9 sending LeaveGroup request to coordinator localhost:32769 (id: 2147483647 rack: null) due to the consumer is being closed
2025-08-05 17:02:20,365 INFO  [org.apa.kaf.cli.con.int.ConsumerCoordinator] (Thread-618) [Consumer clientId=consumer-Consumer-topic-ce24ee02_ae8e_4667_9c43_6cde45a984e9-3, groupId=Consumer-topic-ce24ee02_ae8e_4667_9c43_6cde45a984e9] Resetting generation and member id due to: consumer pro-actively leaving the group
2025-08-05 17:02:20,365 INFO  [org.apa.kaf.cli.con.int.ConsumerCoordinator] (Thread-618) [Consumer clientId=consumer-Consumer-topic-ce24ee02_ae8e_4667_9c43_6cde45a984e9-3, groupId=Consumer-topic-ce24ee02_ae8e_4667_9c43_6cde45a984e9] Request joining group due to: consumer pro-actively leaving the group
2025-08-05 17:02:20,858 INFO  [org.apa.kaf.com.met.Metrics] (Thread-618) Metrics scheduler closed
2025-08-05 17:02:20,859 INFO  [org.apa.kaf.com.met.Metrics] (Thread-618) Closing reporter org.apache.kafka.common.metrics.JmxReporter
2025-08-05 17:02:20,859 INFO  [org.apa.kaf.com.met.Metrics] (Thread-618) Closing reporter org.apache.kafka.common.telemetry.internals.ClientTelemetryReporter
2025-08-05 17:02:20,859 INFO  [org.apa.kaf.com.met.Metrics] (Thread-618) Metrics reporters closed
2025-08-05 17:02:20,862 INFO  [org.apa.kaf.com.uti.AppInfoParser] (Thread-618) App info kafka.consumer for consumer-Consumer-topic-ce24ee02_ae8e_4667_9c43_6cde45a984e9-3 unregistered
2025-08-05 17:02:20,864 INFO  [io.api.tes.uti.TestSeparator] (main) io.apicurio.tests.serdes.apicurio.AvroSerdeIT.testAvroJSON-FINISHED
2025-08-05 17:02:20,864 INFO  [io.api.tes.uti.TestSeparator] (main) ############################################################################
Test passed: testAvroJSON
]]></system-out>
  </testcase>
  <testcase name="testTopicIdStrategyAutoRegister" classname="io.apicurio.tests.serdes.apicurio.AvroSerdeIT" time="3.764">
    <system-out><![CDATA[2025-08-05 17:02:20,868 INFO  [io.api.tes.uti.TestSeparator] (main) ############################################################################
2025-08-05 17:02:20,868 INFO  [io.api.tes.uti.TestSeparator] (main) io.apicurio.tests.serdes.apicurio.AvroSerdeIT.testTopicIdStrategyAutoRegister-STARTED
**** Registry Base URL: http://registry-app-inmemory.apps.ci419.apicurio-testing.org:80
2025-08-05 17:02:20,875 INFO  [org.apa.kaf.cli.pro.ProducerConfig] (main) ProducerConfig values: 
	acks = -1
	auto.include.jmx.reporter = true
	batch.size = 16384
	bootstrap.servers = [PLAINTEXT://localhost:32769]
	buffer.memory = 33554432
	client.dns.lookup = use_all_dns_ips
	client.id = Producer-topic-63e46b10_d539_4d1c_b369_612d9e8dbafe
	compression.gzip.level = -1
	compression.lz4.level = 9
	compression.type = none
	compression.zstd.level = 3
	connections.max.idle.ms = 10000
	delivery.timeout.ms = 120000
	enable.idempotence = true
	enable.metrics.push = true
	interceptor.classes = []
	key.serializer = class org.apache.kafka.common.serialization.StringSerializer
	linger.ms = 0
	max.block.ms = 60000
	max.in.flight.requests.per.connection = 5
	max.request.size = 1048576
	metadata.max.age.ms = 300000
	metadata.max.idle.ms = 300000
	metadata.recovery.strategy = none
	metric.reporters = []
	metrics.num.samples = 2
	metrics.recording.level = INFO
	metrics.sample.window.ms = 30000
	partitioner.adaptive.partitioning.enable = true
	partitioner.availability.timeout.ms = 0
	partitioner.class = null
	partitioner.ignore.keys = false
	receive.buffer.bytes = 32768
	reconnect.backoff.max.ms = 1000
	reconnect.backoff.ms = 50
	request.timeout.ms = 5000
	retries = 2147483647
	retry.backoff.max.ms = 1000
	retry.backoff.ms = 100
	sasl.client.callback.handler.class = null
	sasl.jaas.config = null
	sasl.kerberos.kinit.cmd = /usr/bin/kinit
	sasl.kerberos.min.time.before.relogin = 60000
	sasl.kerberos.service.name = null
	sasl.kerberos.ticket.renew.jitter = 0.05
	sasl.kerberos.ticket.renew.window.factor = 0.8
	sasl.login.callback.handler.class = null
	sasl.login.class = null
	sasl.login.connect.timeout.ms = null
	sasl.login.read.timeout.ms = null
	sasl.login.refresh.buffer.seconds = 300
	sasl.login.refresh.min.period.seconds = 60
	sasl.login.refresh.window.factor = 0.8
	sasl.login.refresh.window.jitter = 0.05
	sasl.login.retry.backoff.max.ms = 10000
	sasl.login.retry.backoff.ms = 100
	sasl.mechanism = GSSAPI
	sasl.oauthbearer.clock.skew.seconds = 30
	sasl.oauthbearer.expected.audience = null
	sasl.oauthbearer.expected.issuer = null
	sasl.oauthbearer.header.urlencode = false
	sasl.oauthbearer.jwks.endpoint.refresh.ms = 3600000
	sasl.oauthbearer.jwks.endpoint.retry.backoff.max.ms = 10000
	sasl.oauthbearer.jwks.endpoint.retry.backoff.ms = 100
	sasl.oauthbearer.jwks.endpoint.url = null
	sasl.oauthbearer.scope.claim.name = scope
	sasl.oauthbearer.sub.claim.name = sub
	sasl.oauthbearer.token.endpoint.url = null
	security.protocol = PLAINTEXT
	security.providers = null
	send.buffer.bytes = 131072
	socket.connection.setup.timeout.max.ms = 30000
	socket.connection.setup.timeout.ms = 10000
	ssl.cipher.suites = null
	ssl.enabled.protocols = [TLSv1.2, TLSv1.3]
	ssl.endpoint.identification.algorithm = https
	ssl.engine.factory.class = null
	ssl.key.password = null
	ssl.keymanager.algorithm = SunX509
	ssl.keystore.certificate.chain = null
	ssl.keystore.key = null
	ssl.keystore.location = null
	ssl.keystore.password = null
	ssl.keystore.type = JKS
	ssl.protocol = TLSv1.3
	ssl.provider = null
	ssl.secure.random.implementation = null
	ssl.trustmanager.algorithm = PKIX
	ssl.truststore.certificates = null
	ssl.truststore.location = null
	ssl.truststore.password = null
	ssl.truststore.type = JKS
	transaction.timeout.ms = 60000
	transactional.id = null
	value.serializer = class io.apicurio.registry.serde.avro.AvroKafkaSerializer

2025-08-05 17:02:20,875 INFO  [org.apa.kaf.com.tel.int.KafkaMetricsCollector] (main) initializing Kafka metrics collector
2025-08-05 17:02:20,883 INFO  [org.apa.kaf.cli.pro.KafkaProducer] (main) [Producer clientId=Producer-topic-63e46b10_d539_4d1c_b369_612d9e8dbafe] Instantiated an idempotent producer.
2025-08-05 17:02:20,886 INFO  [org.apa.kaf.cli.pro.ProducerConfig] (main) These configurations '[apicurio.registry.url, apicurio.registry.auto-register, apicurio.registry.artifact-resolver-strategy]' were supplied but are not used yet.
2025-08-05 17:02:20,886 INFO  [org.apa.kaf.com.uti.AppInfoParser] (main) Kafka version: 3.9.1
2025-08-05 17:02:20,886 INFO  [org.apa.kaf.com.uti.AppInfoParser] (main) Kafka commitId: f745dfdcee2b9851
2025-08-05 17:02:20,886 INFO  [org.apa.kaf.com.uti.AppInfoParser] (main) Kafka startTimeMs: 1754413340886
2025-08-05 17:02:20,887 INFO  [io.api.tes.ser.api.SimpleSerdesTesterBuilder$SimpleSerdesTester] (main) Using producer configuration: {apicurio.registry.url=http://registry-app-inmemory.apps.ci419.apicurio-testing.org:80/apis/registry/v3, apicurio.registry.auto-register=true, apicurio.registry.artifact-resolver-strategy=io.apicurio.registry.serde.strategy.TopicIdStrategy, value.serializer=io.apicurio.registry.serde.avro.AvroKafkaSerializer, request.timeout.ms=5000, acks=all, bootstrap.servers=PLAINTEXT://localhost:32769, connections.max.idle.ms=10000, key.serializer=org.apache.kafka.common.serialization.StringSerializer, client.id=Producer-topic-63e46b10_d539_4d1c_b369_612d9e8dbafe}
2025-08-05 17:02:20,887 INFO  [io.api.tes.ser.api.SimpleSerdesTesterBuilder$SimpleSerdesTester] (main) Using consumer configuration: {}
2025-08-05 17:02:20,889 INFO  [io.api.tes.ser.api.KafkaSerdesTester] (Thread-621) Sending message {"key11754413340869": "value-0"} to topic topic-63e46b10_d539_4d1c_b369_612d9e8dbafe
2025-08-05 17:02:20,897 INFO  [org.apa.kaf.cli.Metadata] (kafka-producer-network-thread | Producer-topic-63e46b10_d539_4d1c_b369_612d9e8dbafe) [Producer clientId=Producer-topic-63e46b10_d539_4d1c_b369_612d9e8dbafe] Cluster ID: utE1hb3GTCWLCoAPsWG7_Q
2025-08-05 17:02:20,899 INFO  [org.apa.kaf.cli.pro.int.TransactionManager] (kafka-producer-network-thread | Producer-topic-63e46b10_d539_4d1c_b369_612d9e8dbafe) [Producer clientId=Producer-topic-63e46b10_d539_4d1c_b369_612d9e8dbafe] ProducerId set to 4 with epoch 0
2025-08-05 17:02:20,943 INFO  [io.api.tes.ser.api.KafkaSerdesTester] (Thread-621) Sending message {"key11754413340869": "value-1"} to topic topic-63e46b10_d539_4d1c_b369_612d9e8dbafe
2025-08-05 17:02:20,949 INFO  [io.api.tes.ser.api.KafkaSerdesTester] (Thread-621) Sending message {"key11754413340869": "value-2"} to topic topic-63e46b10_d539_4d1c_b369_612d9e8dbafe
2025-08-05 17:02:20,954 INFO  [io.api.tes.ser.api.KafkaSerdesTester] (Thread-621) Sending message {"key11754413340869": "value-3"} to topic topic-63e46b10_d539_4d1c_b369_612d9e8dbafe
2025-08-05 17:02:20,957 INFO  [io.api.tes.ser.api.KafkaSerdesTester] (Thread-621) Sending message {"key11754413340869": "value-4"} to topic topic-63e46b10_d539_4d1c_b369_612d9e8dbafe
2025-08-05 17:02:20,960 INFO  [io.api.tes.ser.api.KafkaSerdesTester] (Thread-621) Sending message {"key11754413340869": "value-5"} to topic topic-63e46b10_d539_4d1c_b369_612d9e8dbafe
2025-08-05 17:02:20,962 INFO  [io.api.tes.ser.api.KafkaSerdesTester] (Thread-621) Sending message {"key11754413340869": "value-6"} to topic topic-63e46b10_d539_4d1c_b369_612d9e8dbafe
2025-08-05 17:02:20,965 INFO  [io.api.tes.ser.api.KafkaSerdesTester] (Thread-621) Sending message {"key11754413340869": "value-7"} to topic topic-63e46b10_d539_4d1c_b369_612d9e8dbafe
2025-08-05 17:02:20,967 INFO  [io.api.tes.ser.api.KafkaSerdesTester] (Thread-621) Sending message {"key11754413340869": "value-8"} to topic topic-63e46b10_d539_4d1c_b369_612d9e8dbafe
2025-08-05 17:02:20,968 INFO  [io.api.tes.ser.api.KafkaSerdesTester] (Thread-621) Sending message {"key11754413340869": "value-9"} to topic topic-63e46b10_d539_4d1c_b369_612d9e8dbafe
2025-08-05 17:02:20,970 INFO  [io.api.tes.ser.api.KafkaSerdesTester] (Thread-621) Produced 10 messages
2025-08-05 17:02:20,970 INFO  [org.apa.kaf.cli.pro.KafkaProducer] (Thread-621) [Producer clientId=Producer-topic-63e46b10_d539_4d1c_b369_612d9e8dbafe] Closing the Kafka producer with timeoutMillis = 9223372036854775807 ms.
2025-08-05 17:02:20,974 INFO  [org.apa.kaf.com.met.Metrics] (Thread-621) Metrics scheduler closed
2025-08-05 17:02:20,974 INFO  [org.apa.kaf.com.met.Metrics] (Thread-621) Closing reporter org.apache.kafka.common.metrics.JmxReporter
2025-08-05 17:02:20,974 INFO  [org.apa.kaf.com.met.Metrics] (Thread-621) Closing reporter org.apache.kafka.common.telemetry.internals.ClientTelemetryReporter
2025-08-05 17:02:20,974 INFO  [org.apa.kaf.com.met.Metrics] (Thread-621) Metrics reporters closed
2025-08-05 17:02:20,974 INFO  [org.apa.kaf.com.uti.AppInfoParser] (Thread-621) App info kafka.producer for Producer-topic-63e46b10_d539_4d1c_b369_612d9e8dbafe unregistered
**** Registry Base URL: http://registry-app-inmemory.apps.ci419.apicurio-testing.org:80
2025-08-05 17:02:21,002 INFO  [org.apa.kaf.cli.con.ConsumerConfig] (main) ConsumerConfig values: 
	allow.auto.create.topics = true
	auto.commit.interval.ms = 500
	auto.include.jmx.reporter = true
	auto.offset.reset = earliest
	bootstrap.servers = [PLAINTEXT://localhost:32769]
	check.crcs = true
	client.dns.lookup = use_all_dns_ips
	client.id = consumer-Consumer-topic-63e46b10_d539_4d1c_b369_612d9e8dbafe-4
	client.rack = 
	connections.max.idle.ms = 10000
	default.api.timeout.ms = 60000
	enable.auto.commit = true
	enable.metrics.push = true
	exclude.internal.topics = true
	fetch.max.bytes = 52428800
	fetch.max.wait.ms = 500
	fetch.min.bytes = 1
	group.id = Consumer-topic-63e46b10_d539_4d1c_b369_612d9e8dbafe
	group.instance.id = null
	group.protocol = classic
	group.remote.assignor = null
	heartbeat.interval.ms = 3000
	interceptor.classes = []
	internal.leave.group.on.close = true
	internal.throw.on.fetch.stable.offset.unsupported = false
	isolation.level = read_uncommitted
	key.deserializer = class org.apache.kafka.common.serialization.StringDeserializer
	max.partition.fetch.bytes = 1048576
	max.poll.interval.ms = 300000
	max.poll.records = 500
	metadata.max.age.ms = 300000
	metadata.recovery.strategy = none
	metric.reporters = []
	metrics.num.samples = 2
	metrics.recording.level = INFO
	metrics.sample.window.ms = 30000
	partition.assignment.strategy = [class org.apache.kafka.clients.consumer.RangeAssignor, class org.apache.kafka.clients.consumer.CooperativeStickyAssignor]
	receive.buffer.bytes = 65536
	reconnect.backoff.max.ms = 1000
	reconnect.backoff.ms = 50
	request.timeout.ms = 5000
	retry.backoff.max.ms = 1000
	retry.backoff.ms = 100
	sasl.client.callback.handler.class = null
	sasl.jaas.config = null
	sasl.kerberos.kinit.cmd = /usr/bin/kinit
	sasl.kerberos.min.time.before.relogin = 60000
	sasl.kerberos.service.name = null
	sasl.kerberos.ticket.renew.jitter = 0.05
	sasl.kerberos.ticket.renew.window.factor = 0.8
	sasl.login.callback.handler.class = null
	sasl.login.class = null
	sasl.login.connect.timeout.ms = null
	sasl.login.read.timeout.ms = null
	sasl.login.refresh.buffer.seconds = 300
	sasl.login.refresh.min.period.seconds = 60
	sasl.login.refresh.window.factor = 0.8
	sasl.login.refresh.window.jitter = 0.05
	sasl.login.retry.backoff.max.ms = 10000
	sasl.login.retry.backoff.ms = 100
	sasl.mechanism = GSSAPI
	sasl.oauthbearer.clock.skew.seconds = 30
	sasl.oauthbearer.expected.audience = null
	sasl.oauthbearer.expected.issuer = null
	sasl.oauthbearer.header.urlencode = false
	sasl.oauthbearer.jwks.endpoint.refresh.ms = 3600000
	sasl.oauthbearer.jwks.endpoint.retry.backoff.max.ms = 10000
	sasl.oauthbearer.jwks.endpoint.retry.backoff.ms = 100
	sasl.oauthbearer.jwks.endpoint.url = null
	sasl.oauthbearer.scope.claim.name = scope
	sasl.oauthbearer.sub.claim.name = sub
	sasl.oauthbearer.token.endpoint.url = null
	security.protocol = PLAINTEXT
	security.providers = null
	send.buffer.bytes = 131072
	session.timeout.ms = 45000
	socket.connection.setup.timeout.max.ms = 30000
	socket.connection.setup.timeout.ms = 10000
	ssl.cipher.suites = null
	ssl.enabled.protocols = [TLSv1.2, TLSv1.3]
	ssl.endpoint.identification.algorithm = https
	ssl.engine.factory.class = null
	ssl.key.password = null
	ssl.keymanager.algorithm = SunX509
	ssl.keystore.certificate.chain = null
	ssl.keystore.key = null
	ssl.keystore.location = null
	ssl.keystore.password = null
	ssl.keystore.type = JKS
	ssl.protocol = TLSv1.3
	ssl.provider = null
	ssl.secure.random.implementation = null
	ssl.trustmanager.algorithm = PKIX
	ssl.truststore.certificates = null
	ssl.truststore.location = null
	ssl.truststore.password = null
	ssl.truststore.type = JKS
	value.deserializer = class io.apicurio.registry.serde.avro.AvroKafkaDeserializer

2025-08-05 17:02:21,002 INFO  [org.apa.kaf.com.tel.int.KafkaMetricsCollector] (main) initializing Kafka metrics collector
2025-08-05 17:02:21,009 INFO  [org.apa.kaf.cli.con.ConsumerConfig] (main) These configurations '[apicurio.registry.url]' were supplied but are not used yet.
2025-08-05 17:02:21,009 INFO  [org.apa.kaf.com.uti.AppInfoParser] (main) Kafka version: 3.9.1
2025-08-05 17:02:21,009 INFO  [org.apa.kaf.com.uti.AppInfoParser] (main) Kafka commitId: f745dfdcee2b9851
2025-08-05 17:02:21,010 INFO  [org.apa.kaf.com.uti.AppInfoParser] (main) Kafka startTimeMs: 1754413341009
2025-08-05 17:02:21,010 INFO  [org.apa.kaf.cli.con.int.ClassicKafkaConsumer] (Thread-624) [Consumer clientId=consumer-Consumer-topic-63e46b10_d539_4d1c_b369_612d9e8dbafe-4, groupId=Consumer-topic-63e46b10_d539_4d1c_b369_612d9e8dbafe] Subscribed to topic(s): topic-63e46b10_d539_4d1c_b369_612d9e8dbafe
2025-08-05 17:02:21,019 INFO  [org.apa.kaf.cli.Metadata] (Thread-624) [Consumer clientId=consumer-Consumer-topic-63e46b10_d539_4d1c_b369_612d9e8dbafe-4, groupId=Consumer-topic-63e46b10_d539_4d1c_b369_612d9e8dbafe] Cluster ID: utE1hb3GTCWLCoAPsWG7_Q
2025-08-05 17:02:21,021 INFO  [org.apa.kaf.cli.con.int.ConsumerCoordinator] (Thread-624) [Consumer clientId=consumer-Consumer-topic-63e46b10_d539_4d1c_b369_612d9e8dbafe-4, groupId=Consumer-topic-63e46b10_d539_4d1c_b369_612d9e8dbafe] Discovered group coordinator localhost:32769 (id: 2147483647 rack: null)
2025-08-05 17:02:21,025 INFO  [org.apa.kaf.cli.con.int.ConsumerCoordinator] (Thread-624) [Consumer clientId=consumer-Consumer-topic-63e46b10_d539_4d1c_b369_612d9e8dbafe-4, groupId=Consumer-topic-63e46b10_d539_4d1c_b369_612d9e8dbafe] (Re-)joining group
2025-08-05 17:02:21,033 INFO  [org.apa.kaf.cli.con.int.ConsumerCoordinator] (Thread-624) [Consumer clientId=consumer-Consumer-topic-63e46b10_d539_4d1c_b369_612d9e8dbafe-4, groupId=Consumer-topic-63e46b10_d539_4d1c_b369_612d9e8dbafe] Request joining group due to: need to re-join with the given member-id: consumer-Consumer-topic-63e46b10_d539_4d1c_b369_612d9e8dbafe-4-2c058fcd-1575-4550-a763-559475fd91b8
2025-08-05 17:02:21,033 INFO  [org.apa.kaf.cli.con.int.ConsumerCoordinator] (Thread-624) [Consumer clientId=consumer-Consumer-topic-63e46b10_d539_4d1c_b369_612d9e8dbafe-4, groupId=Consumer-topic-63e46b10_d539_4d1c_b369_612d9e8dbafe] (Re-)joining group
2025-08-05 17:02:22,010 INFO  [io.api.tes.ser.api.KafkaSerdesTester] (Thread-624) None found
2025-08-05 17:02:23,010 INFO  [io.api.tes.ser.api.KafkaSerdesTester] (Thread-624) None found
2025-08-05 17:02:24,010 INFO  [io.api.tes.ser.api.KafkaSerdesTester] (Thread-624) None found
2025-08-05 17:02:24,039 INFO  [org.apa.kaf.cli.con.int.ConsumerCoordinator] (Thread-624) [Consumer clientId=consumer-Consumer-topic-63e46b10_d539_4d1c_b369_612d9e8dbafe-4, groupId=Consumer-topic-63e46b10_d539_4d1c_b369_612d9e8dbafe] Successfully joined group with generation Generation{generationId=1, memberId='consumer-Consumer-topic-63e46b10_d539_4d1c_b369_612d9e8dbafe-4-2c058fcd-1575-4550-a763-559475fd91b8', protocol='range'}
2025-08-05 17:02:24,039 INFO  [org.apa.kaf.cli.con.int.ConsumerCoordinator] (Thread-624) [Consumer clientId=consumer-Consumer-topic-63e46b10_d539_4d1c_b369_612d9e8dbafe-4, groupId=Consumer-topic-63e46b10_d539_4d1c_b369_612d9e8dbafe] Finished assignment for group at generation 1: {consumer-Consumer-topic-63e46b10_d539_4d1c_b369_612d9e8dbafe-4-2c058fcd-1575-4550-a763-559475fd91b8=Assignment(partitions=[topic-63e46b10_d539_4d1c_b369_612d9e8dbafe-0])}
2025-08-05 17:02:24,047 INFO  [org.apa.kaf.cli.con.int.ConsumerCoordinator] (Thread-624) [Consumer clientId=consumer-Consumer-topic-63e46b10_d539_4d1c_b369_612d9e8dbafe-4, groupId=Consumer-topic-63e46b10_d539_4d1c_b369_612d9e8dbafe] Successfully synced group in generation Generation{generationId=1, memberId='consumer-Consumer-topic-63e46b10_d539_4d1c_b369_612d9e8dbafe-4-2c058fcd-1575-4550-a763-559475fd91b8', protocol='range'}
2025-08-05 17:02:24,047 INFO  [org.apa.kaf.cli.con.int.ConsumerCoordinator] (Thread-624) [Consumer clientId=consumer-Consumer-topic-63e46b10_d539_4d1c_b369_612d9e8dbafe-4, groupId=Consumer-topic-63e46b10_d539_4d1c_b369_612d9e8dbafe] Notifying assignor about the new Assignment(partitions=[topic-63e46b10_d539_4d1c_b369_612d9e8dbafe-0])
2025-08-05 17:02:24,047 INFO  [org.apa.kaf.cli.con.int.ConsumerRebalanceListenerInvoker] (Thread-624) [Consumer clientId=consumer-Consumer-topic-63e46b10_d539_4d1c_b369_612d9e8dbafe-4, groupId=Consumer-topic-63e46b10_d539_4d1c_b369_612d9e8dbafe] Adding newly assigned partitions: topic-63e46b10_d539_4d1c_b369_612d9e8dbafe-0
2025-08-05 17:02:24,049 INFO  [org.apa.kaf.cli.con.int.ConsumerCoordinator] (Thread-624) [Consumer clientId=consumer-Consumer-topic-63e46b10_d539_4d1c_b369_612d9e8dbafe-4, groupId=Consumer-topic-63e46b10_d539_4d1c_b369_612d9e8dbafe] Found no committed offset for partition topic-63e46b10_d539_4d1c_b369_612d9e8dbafe-0
2025-08-05 17:02:24,054 INFO  [org.apa.kaf.cli.con.int.SubscriptionState] (Thread-624) [Consumer clientId=consumer-Consumer-topic-63e46b10_d539_4d1c_b369_612d9e8dbafe-4, groupId=Consumer-topic-63e46b10_d539_4d1c_b369_612d9e8dbafe] Resetting offset for partition topic-63e46b10_d539_4d1c_b369_612d9e8dbafe-0 to position FetchPosition{offset=0, offsetEpoch=Optional.empty, currentLeader=LeaderAndEpoch{leader=Optional[localhost:32769 (id: 0 rack: null)], epoch=0}}.
2025-08-05 17:02:24,094 INFO  [io.api.tes.ser.api.KafkaSerdesTester] (Thread-624) topic-63e46b10_d539_4d1c_b369_612d9e8dbafe 0 0 {"key11754413340869": "value-0"}
2025-08-05 17:02:24,094 INFO  [io.api.tes.ser.api.KafkaSerdesTester] (Thread-624) topic-63e46b10_d539_4d1c_b369_612d9e8dbafe 0 1 {"key11754413340869": "value-1"}
2025-08-05 17:02:24,094 INFO  [io.api.tes.ser.api.KafkaSerdesTester] (Thread-624) topic-63e46b10_d539_4d1c_b369_612d9e8dbafe 0 2 {"key11754413340869": "value-2"}
2025-08-05 17:02:24,094 INFO  [io.api.tes.ser.api.KafkaSerdesTester] (Thread-624) topic-63e46b10_d539_4d1c_b369_612d9e8dbafe 0 3 {"key11754413340869": "value-3"}
2025-08-05 17:02:24,094 INFO  [io.api.tes.ser.api.KafkaSerdesTester] (Thread-624) topic-63e46b10_d539_4d1c_b369_612d9e8dbafe 0 4 {"key11754413340869": "value-4"}
2025-08-05 17:02:24,094 INFO  [io.api.tes.ser.api.KafkaSerdesTester] (Thread-624) topic-63e46b10_d539_4d1c_b369_612d9e8dbafe 0 5 {"key11754413340869": "value-5"}
2025-08-05 17:02:24,095 INFO  [io.api.tes.ser.api.KafkaSerdesTester] (Thread-624) topic-63e46b10_d539_4d1c_b369_612d9e8dbafe 0 6 {"key11754413340869": "value-6"}
2025-08-05 17:02:24,095 INFO  [io.api.tes.ser.api.KafkaSerdesTester] (Thread-624) topic-63e46b10_d539_4d1c_b369_612d9e8dbafe 0 7 {"key11754413340869": "value-7"}
2025-08-05 17:02:24,095 INFO  [io.api.tes.ser.api.KafkaSerdesTester] (Thread-624) topic-63e46b10_d539_4d1c_b369_612d9e8dbafe 0 8 {"key11754413340869": "value-8"}
2025-08-05 17:02:24,095 INFO  [io.api.tes.ser.api.KafkaSerdesTester] (Thread-624) topic-63e46b10_d539_4d1c_b369_612d9e8dbafe 0 9 {"key11754413340869": "value-9"}
2025-08-05 17:02:24,095 INFO  [io.api.tes.ser.api.KafkaSerdesTester] (Thread-624) Consumed 10 messages
2025-08-05 17:02:24,103 INFO  [org.apa.kaf.cli.con.int.ConsumerRebalanceListenerInvoker] (Thread-624) [Consumer clientId=consumer-Consumer-topic-63e46b10_d539_4d1c_b369_612d9e8dbafe-4, groupId=Consumer-topic-63e46b10_d539_4d1c_b369_612d9e8dbafe] Revoke previously assigned partitions topic-63e46b10_d539_4d1c_b369_612d9e8dbafe-0
2025-08-05 17:02:24,103 INFO  [org.apa.kaf.cli.con.int.ConsumerCoordinator] (Thread-624) [Consumer clientId=consumer-Consumer-topic-63e46b10_d539_4d1c_b369_612d9e8dbafe-4, groupId=Consumer-topic-63e46b10_d539_4d1c_b369_612d9e8dbafe] Member consumer-Consumer-topic-63e46b10_d539_4d1c_b369_612d9e8dbafe-4-2c058fcd-1575-4550-a763-559475fd91b8 sending LeaveGroup request to coordinator localhost:32769 (id: 2147483647 rack: null) due to the consumer is being closed
2025-08-05 17:02:24,105 INFO  [org.apa.kaf.cli.con.int.ConsumerCoordinator] (Thread-624) [Consumer clientId=consumer-Consumer-topic-63e46b10_d539_4d1c_b369_612d9e8dbafe-4, groupId=Consumer-topic-63e46b10_d539_4d1c_b369_612d9e8dbafe] Resetting generation and member id due to: consumer pro-actively leaving the group
2025-08-05 17:02:24,105 INFO  [org.apa.kaf.cli.con.int.ConsumerCoordinator] (Thread-624) [Consumer clientId=consumer-Consumer-topic-63e46b10_d539_4d1c_b369_612d9e8dbafe-4, groupId=Consumer-topic-63e46b10_d539_4d1c_b369_612d9e8dbafe] Request joining group due to: consumer pro-actively leaving the group
2025-08-05 17:02:24,596 INFO  [org.apa.kaf.com.met.Metrics] (Thread-624) Metrics scheduler closed
2025-08-05 17:02:24,596 INFO  [org.apa.kaf.com.met.Metrics] (Thread-624) Closing reporter org.apache.kafka.common.metrics.JmxReporter
2025-08-05 17:02:24,596 INFO  [org.apa.kaf.com.met.Metrics] (Thread-624) Closing reporter org.apache.kafka.common.telemetry.internals.ClientTelemetryReporter
2025-08-05 17:02:24,596 INFO  [org.apa.kaf.com.met.Metrics] (Thread-624) Metrics reporters closed
2025-08-05 17:02:24,601 INFO  [org.apa.kaf.com.uti.AppInfoParser] (Thread-624) App info kafka.consumer for consumer-Consumer-topic-63e46b10_d539_4d1c_b369_612d9e8dbafe-4 unregistered
2025-08-05 17:02:24,630 INFO  [io.api.tes.uti.TestSeparator] (main) io.apicurio.tests.serdes.apicurio.AvroSerdeIT.testTopicIdStrategyAutoRegister-FINISHED
2025-08-05 17:02:24,630 INFO  [io.api.tes.uti.TestSeparator] (main) ############################################################################
Test passed: testTopicIdStrategyAutoRegister
]]></system-out>
  </testcase>
  <testcase name="testRecordIdStrategydFindLatest" classname="io.apicurio.tests.serdes.apicurio.AvroSerdeIT" time="4.77">
    <system-out><![CDATA[2025-08-05 17:02:24,632 INFO  [io.api.tes.uti.TestSeparator] (main) ############################################################################
2025-08-05 17:02:24,632 INFO  [io.api.tes.uti.TestSeparator] (main) io.apicurio.tests.serdes.apicurio.AvroSerdeIT.testRecordIdStrategydFindLatest-STARTED
2025-08-05 17:02:24,633 INFO  [io.api.tes.ser.api.AvroSerdeIT] (main) Registering Avro Schema: {"type":"record","name":"sf5978976x309dx41b8xa7d5x2aab396b9561","namespace":"s27d31599xce7dx4032x98fex507441760493","fields":[{"name":"key11754413344632","type":"string"}]}
**** Registry Base URL: http://registry-app-inmemory.apps.ci419.apicurio-testing.org:80
2025-08-05 17:02:25,676 INFO  [org.apa.kaf.cli.pro.ProducerConfig] (main) ProducerConfig values: 
	acks = -1
	auto.include.jmx.reporter = true
	batch.size = 16384
	bootstrap.servers = [PLAINTEXT://localhost:32769]
	buffer.memory = 33554432
	client.dns.lookup = use_all_dns_ips
	client.id = Producer-topic-800066a6_4bb8_49a1_a9ad_85c53fd946f0
	compression.gzip.level = -1
	compression.lz4.level = 9
	compression.type = none
	compression.zstd.level = 3
	connections.max.idle.ms = 10000
	delivery.timeout.ms = 120000
	enable.idempotence = true
	enable.metrics.push = true
	interceptor.classes = []
	key.serializer = class org.apache.kafka.common.serialization.StringSerializer
	linger.ms = 0
	max.block.ms = 60000
	max.in.flight.requests.per.connection = 5
	max.request.size = 1048576
	metadata.max.age.ms = 300000
	metadata.max.idle.ms = 300000
	metadata.recovery.strategy = none
	metric.reporters = []
	metrics.num.samples = 2
	metrics.recording.level = INFO
	metrics.sample.window.ms = 30000
	partitioner.adaptive.partitioning.enable = true
	partitioner.availability.timeout.ms = 0
	partitioner.class = null
	partitioner.ignore.keys = false
	receive.buffer.bytes = 32768
	reconnect.backoff.max.ms = 1000
	reconnect.backoff.ms = 50
	request.timeout.ms = 5000
	retries = 2147483647
	retry.backoff.max.ms = 1000
	retry.backoff.ms = 100
	sasl.client.callback.handler.class = null
	sasl.jaas.config = null
	sasl.kerberos.kinit.cmd = /usr/bin/kinit
	sasl.kerberos.min.time.before.relogin = 60000
	sasl.kerberos.service.name = null
	sasl.kerberos.ticket.renew.jitter = 0.05
	sasl.kerberos.ticket.renew.window.factor = 0.8
	sasl.login.callback.handler.class = null
	sasl.login.class = null
	sasl.login.connect.timeout.ms = null
	sasl.login.read.timeout.ms = null
	sasl.login.refresh.buffer.seconds = 300
	sasl.login.refresh.min.period.seconds = 60
	sasl.login.refresh.window.factor = 0.8
	sasl.login.refresh.window.jitter = 0.05
	sasl.login.retry.backoff.max.ms = 10000
	sasl.login.retry.backoff.ms = 100
	sasl.mechanism = GSSAPI
	sasl.oauthbearer.clock.skew.seconds = 30
	sasl.oauthbearer.expected.audience = null
	sasl.oauthbearer.expected.issuer = null
	sasl.oauthbearer.header.urlencode = false
	sasl.oauthbearer.jwks.endpoint.refresh.ms = 3600000
	sasl.oauthbearer.jwks.endpoint.retry.backoff.max.ms = 10000
	sasl.oauthbearer.jwks.endpoint.retry.backoff.ms = 100
	sasl.oauthbearer.jwks.endpoint.url = null
	sasl.oauthbearer.scope.claim.name = scope
	sasl.oauthbearer.sub.claim.name = sub
	sasl.oauthbearer.token.endpoint.url = null
	security.protocol = PLAINTEXT
	security.providers = null
	send.buffer.bytes = 131072
	socket.connection.setup.timeout.max.ms = 30000
	socket.connection.setup.timeout.ms = 10000
	ssl.cipher.suites = null
	ssl.enabled.protocols = [TLSv1.2, TLSv1.3]
	ssl.endpoint.identification.algorithm = https
	ssl.engine.factory.class = null
	ssl.key.password = null
	ssl.keymanager.algorithm = SunX509
	ssl.keystore.certificate.chain = null
	ssl.keystore.key = null
	ssl.keystore.location = null
	ssl.keystore.password = null
	ssl.keystore.type = JKS
	ssl.protocol = TLSv1.3
	ssl.provider = null
	ssl.secure.random.implementation = null
	ssl.trustmanager.algorithm = PKIX
	ssl.truststore.certificates = null
	ssl.truststore.location = null
	ssl.truststore.password = null
	ssl.truststore.type = JKS
	transaction.timeout.ms = 60000
	transactional.id = null
	value.serializer = class io.apicurio.registry.serde.avro.AvroKafkaSerializer

2025-08-05 17:02:25,676 INFO  [org.apa.kaf.com.tel.int.KafkaMetricsCollector] (main) initializing Kafka metrics collector
2025-08-05 17:02:25,680 INFO  [org.apa.kaf.cli.pro.KafkaProducer] (main) [Producer clientId=Producer-topic-800066a6_4bb8_49a1_a9ad_85c53fd946f0] Instantiated an idempotent producer.
2025-08-05 17:02:25,683 INFO  [org.apa.kaf.cli.pro.ProducerConfig] (main) These configurations '[apicurio.registry.find-latest, apicurio.registry.url, apicurio.registry.artifact-resolver-strategy]' were supplied but are not used yet.
2025-08-05 17:02:25,684 INFO  [org.apa.kaf.com.uti.AppInfoParser] (main) Kafka version: 3.9.1
2025-08-05 17:02:25,684 INFO  [org.apa.kaf.com.uti.AppInfoParser] (main) Kafka commitId: f745dfdcee2b9851
2025-08-05 17:02:25,684 INFO  [org.apa.kaf.com.uti.AppInfoParser] (main) Kafka startTimeMs: 1754413345684
2025-08-05 17:02:25,684 INFO  [io.api.tes.ser.api.SimpleSerdesTesterBuilder$SimpleSerdesTester] (main) Using producer configuration: {apicurio.registry.find-latest=true, apicurio.registry.url=http://registry-app-inmemory.apps.ci419.apicurio-testing.org:80/apis/registry/v3, apicurio.registry.artifact-resolver-strategy=io.apicurio.registry.serde.avro.strategy.RecordIdStrategy, value.serializer=io.apicurio.registry.serde.avro.AvroKafkaSerializer, request.timeout.ms=5000, acks=all, bootstrap.servers=PLAINTEXT://localhost:32769, connections.max.idle.ms=10000, key.serializer=org.apache.kafka.common.serialization.StringSerializer, client.id=Producer-topic-800066a6_4bb8_49a1_a9ad_85c53fd946f0}
2025-08-05 17:02:25,684 INFO  [io.api.tes.ser.api.SimpleSerdesTesterBuilder$SimpleSerdesTester] (main) Using consumer configuration: {}
2025-08-05 17:02:25,686 INFO  [io.api.tes.ser.api.KafkaSerdesTester] (Thread-627) Sending message {"key11754413344632": "value-0"} to topic topic-800066a6_4bb8_49a1_a9ad_85c53fd946f0
2025-08-05 17:02:25,692 INFO  [org.apa.kaf.cli.Metadata] (kafka-producer-network-thread | Producer-topic-800066a6_4bb8_49a1_a9ad_85c53fd946f0) [Producer clientId=Producer-topic-800066a6_4bb8_49a1_a9ad_85c53fd946f0] Cluster ID: utE1hb3GTCWLCoAPsWG7_Q
2025-08-05 17:02:25,694 INFO  [org.apa.kaf.cli.pro.int.TransactionManager] (kafka-producer-network-thread | Producer-topic-800066a6_4bb8_49a1_a9ad_85c53fd946f0) [Producer clientId=Producer-topic-800066a6_4bb8_49a1_a9ad_85c53fd946f0] ProducerId set to 5 with epoch 0
2025-08-05 17:02:25,752 INFO  [io.api.tes.ser.api.KafkaSerdesTester] (Thread-627) Sending message {"key11754413344632": "value-1"} to topic topic-800066a6_4bb8_49a1_a9ad_85c53fd946f0
2025-08-05 17:02:25,755 INFO  [io.api.tes.ser.api.KafkaSerdesTester] (Thread-627) Sending message {"key11754413344632": "value-2"} to topic topic-800066a6_4bb8_49a1_a9ad_85c53fd946f0
2025-08-05 17:02:25,759 INFO  [io.api.tes.ser.api.KafkaSerdesTester] (Thread-627) Sending message {"key11754413344632": "value-3"} to topic topic-800066a6_4bb8_49a1_a9ad_85c53fd946f0
2025-08-05 17:02:25,761 INFO  [io.api.tes.ser.api.KafkaSerdesTester] (Thread-627) Sending message {"key11754413344632": "value-4"} to topic topic-800066a6_4bb8_49a1_a9ad_85c53fd946f0
2025-08-05 17:02:25,764 INFO  [io.api.tes.ser.api.KafkaSerdesTester] (Thread-627) Sending message {"key11754413344632": "value-5"} to topic topic-800066a6_4bb8_49a1_a9ad_85c53fd946f0
2025-08-05 17:02:25,765 INFO  [io.api.tes.ser.api.KafkaSerdesTester] (Thread-627) Sending message {"key11754413344632": "value-6"} to topic topic-800066a6_4bb8_49a1_a9ad_85c53fd946f0
2025-08-05 17:02:25,769 INFO  [io.api.tes.ser.api.KafkaSerdesTester] (Thread-627) Sending message {"key11754413344632": "value-7"} to topic topic-800066a6_4bb8_49a1_a9ad_85c53fd946f0
2025-08-05 17:02:25,772 INFO  [io.api.tes.ser.api.KafkaSerdesTester] (Thread-627) Sending message {"key11754413344632": "value-8"} to topic topic-800066a6_4bb8_49a1_a9ad_85c53fd946f0
2025-08-05 17:02:25,775 INFO  [io.api.tes.ser.api.KafkaSerdesTester] (Thread-627) Sending message {"key11754413344632": "value-9"} to topic topic-800066a6_4bb8_49a1_a9ad_85c53fd946f0
2025-08-05 17:02:25,779 INFO  [io.api.tes.ser.api.KafkaSerdesTester] (Thread-627) Produced 10 messages
2025-08-05 17:02:25,779 INFO  [org.apa.kaf.cli.pro.KafkaProducer] (Thread-627) [Producer clientId=Producer-topic-800066a6_4bb8_49a1_a9ad_85c53fd946f0] Closing the Kafka producer with timeoutMillis = 9223372036854775807 ms.
2025-08-05 17:02:25,783 INFO  [org.apa.kaf.com.met.Metrics] (Thread-627) Metrics scheduler closed
2025-08-05 17:02:25,783 INFO  [org.apa.kaf.com.met.Metrics] (Thread-627) Closing reporter org.apache.kafka.common.metrics.JmxReporter
2025-08-05 17:02:25,783 INFO  [org.apa.kaf.com.met.Metrics] (Thread-627) Closing reporter org.apache.kafka.common.telemetry.internals.ClientTelemetryReporter
2025-08-05 17:02:25,783 INFO  [org.apa.kaf.com.met.Metrics] (Thread-627) Metrics reporters closed
2025-08-05 17:02:25,784 INFO  [org.apa.kaf.com.uti.AppInfoParser] (Thread-627) App info kafka.producer for Producer-topic-800066a6_4bb8_49a1_a9ad_85c53fd946f0 unregistered
**** Registry Base URL: http://registry-app-inmemory.apps.ci419.apicurio-testing.org:80
2025-08-05 17:02:25,786 INFO  [org.apa.kaf.cli.con.ConsumerConfig] (main) ConsumerConfig values: 
	allow.auto.create.topics = true
	auto.commit.interval.ms = 500
	auto.include.jmx.reporter = true
	auto.offset.reset = earliest
	bootstrap.servers = [PLAINTEXT://localhost:32769]
	check.crcs = true
	client.dns.lookup = use_all_dns_ips
	client.id = consumer-Consumer-topic-800066a6_4bb8_49a1_a9ad_85c53fd946f0-5
	client.rack = 
	connections.max.idle.ms = 10000
	default.api.timeout.ms = 60000
	enable.auto.commit = true
	enable.metrics.push = true
	exclude.internal.topics = true
	fetch.max.bytes = 52428800
	fetch.max.wait.ms = 500
	fetch.min.bytes = 1
	group.id = Consumer-topic-800066a6_4bb8_49a1_a9ad_85c53fd946f0
	group.instance.id = null
	group.protocol = classic
	group.remote.assignor = null
	heartbeat.interval.ms = 3000
	interceptor.classes = []
	internal.leave.group.on.close = true
	internal.throw.on.fetch.stable.offset.unsupported = false
	isolation.level = read_uncommitted
	key.deserializer = class org.apache.kafka.common.serialization.StringDeserializer
	max.partition.fetch.bytes = 1048576
	max.poll.interval.ms = 300000
	max.poll.records = 500
	metadata.max.age.ms = 300000
	metadata.recovery.strategy = none
	metric.reporters = []
	metrics.num.samples = 2
	metrics.recording.level = INFO
	metrics.sample.window.ms = 30000
	partition.assignment.strategy = [class org.apache.kafka.clients.consumer.RangeAssignor, class org.apache.kafka.clients.consumer.CooperativeStickyAssignor]
	receive.buffer.bytes = 65536
	reconnect.backoff.max.ms = 1000
	reconnect.backoff.ms = 50
	request.timeout.ms = 5000
	retry.backoff.max.ms = 1000
	retry.backoff.ms = 100
	sasl.client.callback.handler.class = null
	sasl.jaas.config = null
	sasl.kerberos.kinit.cmd = /usr/bin/kinit
	sasl.kerberos.min.time.before.relogin = 60000
	sasl.kerberos.service.name = null
	sasl.kerberos.ticket.renew.jitter = 0.05
	sasl.kerberos.ticket.renew.window.factor = 0.8
	sasl.login.callback.handler.class = null
	sasl.login.class = null
	sasl.login.connect.timeout.ms = null
	sasl.login.read.timeout.ms = null
	sasl.login.refresh.buffer.seconds = 300
	sasl.login.refresh.min.period.seconds = 60
	sasl.login.refresh.window.factor = 0.8
	sasl.login.refresh.window.jitter = 0.05
	sasl.login.retry.backoff.max.ms = 10000
	sasl.login.retry.backoff.ms = 100
	sasl.mechanism = GSSAPI
	sasl.oauthbearer.clock.skew.seconds = 30
	sasl.oauthbearer.expected.audience = null
	sasl.oauthbearer.expected.issuer = null
	sasl.oauthbearer.header.urlencode = false
	sasl.oauthbearer.jwks.endpoint.refresh.ms = 3600000
	sasl.oauthbearer.jwks.endpoint.retry.backoff.max.ms = 10000
	sasl.oauthbearer.jwks.endpoint.retry.backoff.ms = 100
	sasl.oauthbearer.jwks.endpoint.url = null
	sasl.oauthbearer.scope.claim.name = scope
	sasl.oauthbearer.sub.claim.name = sub
	sasl.oauthbearer.token.endpoint.url = null
	security.protocol = PLAINTEXT
	security.providers = null
	send.buffer.bytes = 131072
	session.timeout.ms = 45000
	socket.connection.setup.timeout.max.ms = 30000
	socket.connection.setup.timeout.ms = 10000
	ssl.cipher.suites = null
	ssl.enabled.protocols = [TLSv1.2, TLSv1.3]
	ssl.endpoint.identification.algorithm = https
	ssl.engine.factory.class = null
	ssl.key.password = null
	ssl.keymanager.algorithm = SunX509
	ssl.keystore.certificate.chain = null
	ssl.keystore.key = null
	ssl.keystore.location = null
	ssl.keystore.password = null
	ssl.keystore.type = JKS
	ssl.protocol = TLSv1.3
	ssl.provider = null
	ssl.secure.random.implementation = null
	ssl.trustmanager.algorithm = PKIX
	ssl.truststore.certificates = null
	ssl.truststore.location = null
	ssl.truststore.password = null
	ssl.truststore.type = JKS
	value.deserializer = class io.apicurio.registry.serde.avro.AvroKafkaDeserializer

2025-08-05 17:02:25,786 INFO  [org.apa.kaf.com.tel.int.KafkaMetricsCollector] (main) initializing Kafka metrics collector
2025-08-05 17:02:25,804 INFO  [org.apa.kaf.cli.con.ConsumerConfig] (main) These configurations '[apicurio.registry.url]' were supplied but are not used yet.
2025-08-05 17:02:25,805 INFO  [org.apa.kaf.com.uti.AppInfoParser] (main) Kafka version: 3.9.1
2025-08-05 17:02:25,805 INFO  [org.apa.kaf.com.uti.AppInfoParser] (main) Kafka commitId: f745dfdcee2b9851
2025-08-05 17:02:25,805 INFO  [org.apa.kaf.com.uti.AppInfoParser] (main) Kafka startTimeMs: 1754413345805
2025-08-05 17:02:25,807 INFO  [org.apa.kaf.cli.con.int.ClassicKafkaConsumer] (Thread-630) [Consumer clientId=consumer-Consumer-topic-800066a6_4bb8_49a1_a9ad_85c53fd946f0-5, groupId=Consumer-topic-800066a6_4bb8_49a1_a9ad_85c53fd946f0] Subscribed to topic(s): topic-800066a6_4bb8_49a1_a9ad_85c53fd946f0
2025-08-05 17:02:25,812 INFO  [org.apa.kaf.cli.Metadata] (Thread-630) [Consumer clientId=consumer-Consumer-topic-800066a6_4bb8_49a1_a9ad_85c53fd946f0-5, groupId=Consumer-topic-800066a6_4bb8_49a1_a9ad_85c53fd946f0] Cluster ID: utE1hb3GTCWLCoAPsWG7_Q
2025-08-05 17:02:25,818 INFO  [org.apa.kaf.cli.con.int.ConsumerCoordinator] (Thread-630) [Consumer clientId=consumer-Consumer-topic-800066a6_4bb8_49a1_a9ad_85c53fd946f0-5, groupId=Consumer-topic-800066a6_4bb8_49a1_a9ad_85c53fd946f0] Discovered group coordinator localhost:32769 (id: 2147483647 rack: null)
2025-08-05 17:02:25,821 INFO  [org.apa.kaf.cli.con.int.ConsumerCoordinator] (Thread-630) [Consumer clientId=consumer-Consumer-topic-800066a6_4bb8_49a1_a9ad_85c53fd946f0-5, groupId=Consumer-topic-800066a6_4bb8_49a1_a9ad_85c53fd946f0] (Re-)joining group
2025-08-05 17:02:25,828 INFO  [org.apa.kaf.cli.con.int.ConsumerCoordinator] (Thread-630) [Consumer clientId=consumer-Consumer-topic-800066a6_4bb8_49a1_a9ad_85c53fd946f0-5, groupId=Consumer-topic-800066a6_4bb8_49a1_a9ad_85c53fd946f0] Request joining group due to: need to re-join with the given member-id: consumer-Consumer-topic-800066a6_4bb8_49a1_a9ad_85c53fd946f0-5-987881d1-8bc0-45cf-ae9c-43a818f8d4fd
2025-08-05 17:02:25,829 INFO  [org.apa.kaf.cli.con.int.ConsumerCoordinator] (Thread-630) [Consumer clientId=consumer-Consumer-topic-800066a6_4bb8_49a1_a9ad_85c53fd946f0-5, groupId=Consumer-topic-800066a6_4bb8_49a1_a9ad_85c53fd946f0] (Re-)joining group
2025-08-05 17:02:26,807 INFO  [io.api.tes.ser.api.KafkaSerdesTester] (Thread-630) None found
2025-08-05 17:02:27,807 INFO  [io.api.tes.ser.api.KafkaSerdesTester] (Thread-630) None found
2025-08-05 17:02:28,807 INFO  [io.api.tes.ser.api.KafkaSerdesTester] (Thread-630) None found
2025-08-05 17:02:28,831 INFO  [org.apa.kaf.cli.con.int.ConsumerCoordinator] (Thread-630) [Consumer clientId=consumer-Consumer-topic-800066a6_4bb8_49a1_a9ad_85c53fd946f0-5, groupId=Consumer-topic-800066a6_4bb8_49a1_a9ad_85c53fd946f0] Successfully joined group with generation Generation{generationId=1, memberId='consumer-Consumer-topic-800066a6_4bb8_49a1_a9ad_85c53fd946f0-5-987881d1-8bc0-45cf-ae9c-43a818f8d4fd', protocol='range'}
2025-08-05 17:02:28,832 INFO  [org.apa.kaf.cli.con.int.ConsumerCoordinator] (Thread-630) [Consumer clientId=consumer-Consumer-topic-800066a6_4bb8_49a1_a9ad_85c53fd946f0-5, groupId=Consumer-topic-800066a6_4bb8_49a1_a9ad_85c53fd946f0] Finished assignment for group at generation 1: {consumer-Consumer-topic-800066a6_4bb8_49a1_a9ad_85c53fd946f0-5-987881d1-8bc0-45cf-ae9c-43a818f8d4fd=Assignment(partitions=[topic-800066a6_4bb8_49a1_a9ad_85c53fd946f0-0])}
2025-08-05 17:02:28,839 INFO  [org.apa.kaf.cli.con.int.ConsumerCoordinator] (Thread-630) [Consumer clientId=consumer-Consumer-topic-800066a6_4bb8_49a1_a9ad_85c53fd946f0-5, groupId=Consumer-topic-800066a6_4bb8_49a1_a9ad_85c53fd946f0] Successfully synced group in generation Generation{generationId=1, memberId='consumer-Consumer-topic-800066a6_4bb8_49a1_a9ad_85c53fd946f0-5-987881d1-8bc0-45cf-ae9c-43a818f8d4fd', protocol='range'}
2025-08-05 17:02:28,839 INFO  [org.apa.kaf.cli.con.int.ConsumerCoordinator] (Thread-630) [Consumer clientId=consumer-Consumer-topic-800066a6_4bb8_49a1_a9ad_85c53fd946f0-5, groupId=Consumer-topic-800066a6_4bb8_49a1_a9ad_85c53fd946f0] Notifying assignor about the new Assignment(partitions=[topic-800066a6_4bb8_49a1_a9ad_85c53fd946f0-0])
2025-08-05 17:02:28,839 INFO  [org.apa.kaf.cli.con.int.ConsumerRebalanceListenerInvoker] (Thread-630) [Consumer clientId=consumer-Consumer-topic-800066a6_4bb8_49a1_a9ad_85c53fd946f0-5, groupId=Consumer-topic-800066a6_4bb8_49a1_a9ad_85c53fd946f0] Adding newly assigned partitions: topic-800066a6_4bb8_49a1_a9ad_85c53fd946f0-0
2025-08-05 17:02:28,841 INFO  [org.apa.kaf.cli.con.int.ConsumerCoordinator] (Thread-630) [Consumer clientId=consumer-Consumer-topic-800066a6_4bb8_49a1_a9ad_85c53fd946f0-5, groupId=Consumer-topic-800066a6_4bb8_49a1_a9ad_85c53fd946f0] Found no committed offset for partition topic-800066a6_4bb8_49a1_a9ad_85c53fd946f0-0
2025-08-05 17:02:28,845 INFO  [org.apa.kaf.cli.con.int.SubscriptionState] (Thread-630) [Consumer clientId=consumer-Consumer-topic-800066a6_4bb8_49a1_a9ad_85c53fd946f0-5, groupId=Consumer-topic-800066a6_4bb8_49a1_a9ad_85c53fd946f0] Resetting offset for partition topic-800066a6_4bb8_49a1_a9ad_85c53fd946f0-0 to position FetchPosition{offset=0, offsetEpoch=Optional.empty, currentLeader=LeaderAndEpoch{leader=Optional[localhost:32769 (id: 0 rack: null)], epoch=0}}.
2025-08-05 17:02:28,891 INFO  [io.api.tes.ser.api.KafkaSerdesTester] (Thread-630) topic-800066a6_4bb8_49a1_a9ad_85c53fd946f0 0 0 {"key11754413344632": "value-0"}
2025-08-05 17:02:28,891 INFO  [io.api.tes.ser.api.KafkaSerdesTester] (Thread-630) topic-800066a6_4bb8_49a1_a9ad_85c53fd946f0 0 1 {"key11754413344632": "value-1"}
2025-08-05 17:02:28,891 INFO  [io.api.tes.ser.api.KafkaSerdesTester] (Thread-630) topic-800066a6_4bb8_49a1_a9ad_85c53fd946f0 0 2 {"key11754413344632": "value-2"}
2025-08-05 17:02:28,891 INFO  [io.api.tes.ser.api.KafkaSerdesTester] (Thread-630) topic-800066a6_4bb8_49a1_a9ad_85c53fd946f0 0 3 {"key11754413344632": "value-3"}
2025-08-05 17:02:28,891 INFO  [io.api.tes.ser.api.KafkaSerdesTester] (Thread-630) topic-800066a6_4bb8_49a1_a9ad_85c53fd946f0 0 4 {"key11754413344632": "value-4"}
2025-08-05 17:02:28,892 INFO  [io.api.tes.ser.api.KafkaSerdesTester] (Thread-630) topic-800066a6_4bb8_49a1_a9ad_85c53fd946f0 0 5 {"key11754413344632": "value-5"}
2025-08-05 17:02:28,892 INFO  [io.api.tes.ser.api.KafkaSerdesTester] (Thread-630) topic-800066a6_4bb8_49a1_a9ad_85c53fd946f0 0 6 {"key11754413344632": "value-6"}
2025-08-05 17:02:28,892 INFO  [io.api.tes.ser.api.KafkaSerdesTester] (Thread-630) topic-800066a6_4bb8_49a1_a9ad_85c53fd946f0 0 7 {"key11754413344632": "value-7"}
2025-08-05 17:02:28,892 INFO  [io.api.tes.ser.api.KafkaSerdesTester] (Thread-630) topic-800066a6_4bb8_49a1_a9ad_85c53fd946f0 0 8 {"key11754413344632": "value-8"}
2025-08-05 17:02:28,892 INFO  [io.api.tes.ser.api.KafkaSerdesTester] (Thread-630) topic-800066a6_4bb8_49a1_a9ad_85c53fd946f0 0 9 {"key11754413344632": "value-9"}
2025-08-05 17:02:28,892 INFO  [io.api.tes.ser.api.KafkaSerdesTester] (Thread-630) Consumed 10 messages
2025-08-05 17:02:28,902 INFO  [org.apa.kaf.cli.con.int.ConsumerRebalanceListenerInvoker] (Thread-630) [Consumer clientId=consumer-Consumer-topic-800066a6_4bb8_49a1_a9ad_85c53fd946f0-5, groupId=Consumer-topic-800066a6_4bb8_49a1_a9ad_85c53fd946f0] Revoke previously assigned partitions topic-800066a6_4bb8_49a1_a9ad_85c53fd946f0-0
2025-08-05 17:02:28,902 INFO  [org.apa.kaf.cli.con.int.ConsumerCoordinator] (Thread-630) [Consumer clientId=consumer-Consumer-topic-800066a6_4bb8_49a1_a9ad_85c53fd946f0-5, groupId=Consumer-topic-800066a6_4bb8_49a1_a9ad_85c53fd946f0] Member consumer-Consumer-topic-800066a6_4bb8_49a1_a9ad_85c53fd946f0-5-987881d1-8bc0-45cf-ae9c-43a818f8d4fd sending LeaveGroup request to coordinator localhost:32769 (id: 2147483647 rack: null) due to the consumer is being closed
2025-08-05 17:02:28,902 INFO  [org.apa.kaf.cli.con.int.ConsumerCoordinator] (Thread-630) [Consumer clientId=consumer-Consumer-topic-800066a6_4bb8_49a1_a9ad_85c53fd946f0-5, groupId=Consumer-topic-800066a6_4bb8_49a1_a9ad_85c53fd946f0] Resetting generation and member id due to: consumer pro-actively leaving the group
2025-08-05 17:02:28,902 INFO  [org.apa.kaf.cli.con.int.ConsumerCoordinator] (Thread-630) [Consumer clientId=consumer-Consumer-topic-800066a6_4bb8_49a1_a9ad_85c53fd946f0-5, groupId=Consumer-topic-800066a6_4bb8_49a1_a9ad_85c53fd946f0] Request joining group due to: consumer pro-actively leaving the group
2025-08-05 17:02:29,395 INFO  [org.apa.kaf.com.met.Metrics] (Thread-630) Metrics scheduler closed
2025-08-05 17:02:29,396 INFO  [org.apa.kaf.com.met.Metrics] (Thread-630) Closing reporter org.apache.kafka.common.metrics.JmxReporter
2025-08-05 17:02:29,396 INFO  [org.apa.kaf.com.met.Metrics] (Thread-630) Closing reporter org.apache.kafka.common.telemetry.internals.ClientTelemetryReporter
2025-08-05 17:02:29,396 INFO  [org.apa.kaf.com.met.Metrics] (Thread-630) Metrics reporters closed
2025-08-05 17:02:29,400 INFO  [org.apa.kaf.com.uti.AppInfoParser] (Thread-630) App info kafka.consumer for consumer-Consumer-topic-800066a6_4bb8_49a1_a9ad_85c53fd946f0-5 unregistered
2025-08-05 17:02:29,401 INFO  [io.api.tes.uti.TestSeparator] (main) io.apicurio.tests.serdes.apicurio.AvroSerdeIT.testRecordIdStrategydFindLatest-FINISHED
2025-08-05 17:02:29,401 INFO  [io.api.tes.uti.TestSeparator] (main) ############################################################################
Test passed: testRecordIdStrategydFindLatest
]]></system-out>
  </testcase>
  <testcase name="testReflectAutoRegister" classname="io.apicurio.tests.serdes.apicurio.AvroSerdeIT" time="3.769">
    <system-out><![CDATA[2025-08-05 17:02:29,404 INFO  [io.api.tes.uti.TestSeparator] (main) ############################################################################
2025-08-05 17:02:29,404 INFO  [io.api.tes.uti.TestSeparator] (main) io.apicurio.tests.serdes.apicurio.AvroSerdeIT.testReflectAutoRegister-STARTED
**** Registry Base URL: http://registry-app-inmemory.apps.ci419.apicurio-testing.org:80
2025-08-05 17:02:29,410 INFO  [org.apa.kaf.cli.pro.ProducerConfig] (main) ProducerConfig values: 
	acks = -1
	auto.include.jmx.reporter = true
	batch.size = 16384
	bootstrap.servers = [PLAINTEXT://localhost:32769]
	buffer.memory = 33554432
	client.dns.lookup = use_all_dns_ips
	client.id = Producer-topic-f40bf001_a2d0_4814_b73b_8e3fa567a6d2
	compression.gzip.level = -1
	compression.lz4.level = 9
	compression.type = none
	compression.zstd.level = 3
	connections.max.idle.ms = 10000
	delivery.timeout.ms = 120000
	enable.idempotence = true
	enable.metrics.push = true
	interceptor.classes = []
	key.serializer = class org.apache.kafka.common.serialization.StringSerializer
	linger.ms = 0
	max.block.ms = 60000
	max.in.flight.requests.per.connection = 5
	max.request.size = 1048576
	metadata.max.age.ms = 300000
	metadata.max.idle.ms = 300000
	metadata.recovery.strategy = none
	metric.reporters = []
	metrics.num.samples = 2
	metrics.recording.level = INFO
	metrics.sample.window.ms = 30000
	partitioner.adaptive.partitioning.enable = true
	partitioner.availability.timeout.ms = 0
	partitioner.class = null
	partitioner.ignore.keys = false
	receive.buffer.bytes = 32768
	reconnect.backoff.max.ms = 1000
	reconnect.backoff.ms = 50
	request.timeout.ms = 5000
	retries = 2147483647
	retry.backoff.max.ms = 1000
	retry.backoff.ms = 100
	sasl.client.callback.handler.class = null
	sasl.jaas.config = null
	sasl.kerberos.kinit.cmd = /usr/bin/kinit
	sasl.kerberos.min.time.before.relogin = 60000
	sasl.kerberos.service.name = null
	sasl.kerberos.ticket.renew.jitter = 0.05
	sasl.kerberos.ticket.renew.window.factor = 0.8
	sasl.login.callback.handler.class = null
	sasl.login.class = null
	sasl.login.connect.timeout.ms = null
	sasl.login.read.timeout.ms = null
	sasl.login.refresh.buffer.seconds = 300
	sasl.login.refresh.min.period.seconds = 60
	sasl.login.refresh.window.factor = 0.8
	sasl.login.refresh.window.jitter = 0.05
	sasl.login.retry.backoff.max.ms = 10000
	sasl.login.retry.backoff.ms = 100
	sasl.mechanism = GSSAPI
	sasl.oauthbearer.clock.skew.seconds = 30
	sasl.oauthbearer.expected.audience = null
	sasl.oauthbearer.expected.issuer = null
	sasl.oauthbearer.header.urlencode = false
	sasl.oauthbearer.jwks.endpoint.refresh.ms = 3600000
	sasl.oauthbearer.jwks.endpoint.retry.backoff.max.ms = 10000
	sasl.oauthbearer.jwks.endpoint.retry.backoff.ms = 100
	sasl.oauthbearer.jwks.endpoint.url = null
	sasl.oauthbearer.scope.claim.name = scope
	sasl.oauthbearer.sub.claim.name = sub
	sasl.oauthbearer.token.endpoint.url = null
	security.protocol = PLAINTEXT
	security.providers = null
	send.buffer.bytes = 131072
	socket.connection.setup.timeout.max.ms = 30000
	socket.connection.setup.timeout.ms = 10000
	ssl.cipher.suites = null
	ssl.enabled.protocols = [TLSv1.2, TLSv1.3]
	ssl.endpoint.identification.algorithm = https
	ssl.engine.factory.class = null
	ssl.key.password = null
	ssl.keymanager.algorithm = SunX509
	ssl.keystore.certificate.chain = null
	ssl.keystore.key = null
	ssl.keystore.location = null
	ssl.keystore.password = null
	ssl.keystore.type = JKS
	ssl.protocol = TLSv1.3
	ssl.provider = null
	ssl.secure.random.implementation = null
	ssl.trustmanager.algorithm = PKIX
	ssl.truststore.certificates = null
	ssl.truststore.location = null
	ssl.truststore.password = null
	ssl.truststore.type = JKS
	transaction.timeout.ms = 60000
	transactional.id = null
	value.serializer = class io.apicurio.registry.serde.avro.AvroKafkaSerializer

2025-08-05 17:02:29,410 INFO  [org.apa.kaf.com.tel.int.KafkaMetricsCollector] (main) initializing Kafka metrics collector
2025-08-05 17:02:29,431 INFO  [org.apa.kaf.cli.pro.KafkaProducer] (main) [Producer clientId=Producer-topic-f40bf001_a2d0_4814_b73b_8e3fa567a6d2] Instantiated an idempotent producer.
2025-08-05 17:02:29,439 INFO  [org.apa.kaf.cli.pro.ProducerConfig] (main) These configurations '[apicurio.registry.url, apicurio.registry.auto-register, apicurio.registry.artifact-resolver-strategy, apicurio.registry.avro-datum-provider]' were supplied but are not used yet.
2025-08-05 17:02:29,439 INFO  [org.apa.kaf.com.uti.AppInfoParser] (main) Kafka version: 3.9.1
2025-08-05 17:02:29,439 INFO  [org.apa.kaf.com.uti.AppInfoParser] (main) Kafka commitId: f745dfdcee2b9851
2025-08-05 17:02:29,439 INFO  [org.apa.kaf.com.uti.AppInfoParser] (main) Kafka startTimeMs: 1754413349439
2025-08-05 17:02:29,442 INFO  [io.api.tes.ser.api.SimpleSerdesTesterBuilder$SimpleSerdesTester] (main) Using producer configuration: {apicurio.registry.url=http://registry-app-inmemory.apps.ci419.apicurio-testing.org:80/apis/registry/v3, apicurio.registry.auto-register=true, apicurio.registry.artifact-resolver-strategy=io.apicurio.registry.serde.strategy.TopicIdStrategy, value.serializer=io.apicurio.registry.serde.avro.AvroKafkaSerializer, request.timeout.ms=5000, acks=all, bootstrap.servers=PLAINTEXT://localhost:32769, connections.max.idle.ms=10000, key.serializer=org.apache.kafka.common.serialization.StringSerializer, apicurio.registry.avro-datum-provider=io.apicurio.registry.serde.avro.ReflectAvroDatumProvider, client.id=Producer-topic-f40bf001_a2d0_4814_b73b_8e3fa567a6d2}
2025-08-05 17:02:29,442 INFO  [io.api.tes.ser.api.SimpleSerdesTesterBuilder$SimpleSerdesTester] (main) Using consumer configuration: {apicurio.registry.avro-datum-provider=io.apicurio.registry.serde.avro.ReflectAvroDatumProvider}
2025-08-05 17:02:29,442 INFO  [io.api.tes.ser.api.KafkaSerdesTester] (Thread-633) Sending message io.apicurio.tests.common.serdes.TestObject@3dbd29cb to topic topic-f40bf001_a2d0_4814_b73b_8e3fa567a6d2
2025-08-05 17:02:29,451 INFO  [org.apa.kaf.cli.Metadata] (kafka-producer-network-thread | Producer-topic-f40bf001_a2d0_4814_b73b_8e3fa567a6d2) [Producer clientId=Producer-topic-f40bf001_a2d0_4814_b73b_8e3fa567a6d2] Cluster ID: utE1hb3GTCWLCoAPsWG7_Q
2025-08-05 17:02:29,457 INFO  [org.apa.kaf.cli.pro.int.TransactionManager] (kafka-producer-network-thread | Producer-topic-f40bf001_a2d0_4814_b73b_8e3fa567a6d2) [Producer clientId=Producer-topic-f40bf001_a2d0_4814_b73b_8e3fa567a6d2] ProducerId set to 6 with epoch 0
2025-08-05 17:02:29,513 INFO  [io.api.tes.ser.api.KafkaSerdesTester] (Thread-633) Sending message io.apicurio.tests.common.serdes.TestObject@3dbd29cb to topic topic-f40bf001_a2d0_4814_b73b_8e3fa567a6d2
2025-08-05 17:02:29,515 INFO  [io.api.tes.ser.api.KafkaSerdesTester] (Thread-633) Sending message io.apicurio.tests.common.serdes.TestObject@3dbd29cb to topic topic-f40bf001_a2d0_4814_b73b_8e3fa567a6d2
2025-08-05 17:02:29,517 INFO  [io.api.tes.ser.api.KafkaSerdesTester] (Thread-633) Sending message io.apicurio.tests.common.serdes.TestObject@3dbd29cb to topic topic-f40bf001_a2d0_4814_b73b_8e3fa567a6d2
2025-08-05 17:02:29,519 INFO  [io.api.tes.ser.api.KafkaSerdesTester] (Thread-633) Sending message io.apicurio.tests.common.serdes.TestObject@3dbd29cb to topic topic-f40bf001_a2d0_4814_b73b_8e3fa567a6d2
2025-08-05 17:02:29,520 INFO  [io.api.tes.ser.api.KafkaSerdesTester] (Thread-633) Sending message io.apicurio.tests.common.serdes.TestObject@3dbd29cb to topic topic-f40bf001_a2d0_4814_b73b_8e3fa567a6d2
2025-08-05 17:02:29,523 INFO  [io.api.tes.ser.api.KafkaSerdesTester] (Thread-633) Sending message io.apicurio.tests.common.serdes.TestObject@3dbd29cb to topic topic-f40bf001_a2d0_4814_b73b_8e3fa567a6d2
2025-08-05 17:02:29,526 INFO  [io.api.tes.ser.api.KafkaSerdesTester] (Thread-633) Sending message io.apicurio.tests.common.serdes.TestObject@3dbd29cb to topic topic-f40bf001_a2d0_4814_b73b_8e3fa567a6d2
2025-08-05 17:02:29,527 INFO  [io.api.tes.ser.api.KafkaSerdesTester] (Thread-633) Sending message io.apicurio.tests.common.serdes.TestObject@3dbd29cb to topic topic-f40bf001_a2d0_4814_b73b_8e3fa567a6d2
2025-08-05 17:02:29,529 INFO  [io.api.tes.ser.api.KafkaSerdesTester] (Thread-633) Sending message io.apicurio.tests.common.serdes.TestObject@3dbd29cb to topic topic-f40bf001_a2d0_4814_b73b_8e3fa567a6d2
2025-08-05 17:02:29,534 INFO  [io.api.tes.ser.api.KafkaSerdesTester] (Thread-633) Produced 10 messages
2025-08-05 17:02:29,534 INFO  [org.apa.kaf.cli.pro.KafkaProducer] (Thread-633) [Producer clientId=Producer-topic-f40bf001_a2d0_4814_b73b_8e3fa567a6d2] Closing the Kafka producer with timeoutMillis = 9223372036854775807 ms.
2025-08-05 17:02:29,539 INFO  [org.apa.kaf.com.met.Metrics] (Thread-633) Metrics scheduler closed
2025-08-05 17:02:29,539 INFO  [org.apa.kaf.com.met.Metrics] (Thread-633) Closing reporter org.apache.kafka.common.metrics.JmxReporter
2025-08-05 17:02:29,539 INFO  [org.apa.kaf.com.met.Metrics] (Thread-633) Closing reporter org.apache.kafka.common.telemetry.internals.ClientTelemetryReporter
2025-08-05 17:02:29,539 INFO  [org.apa.kaf.com.met.Metrics] (Thread-633) Metrics reporters closed
2025-08-05 17:02:29,539 INFO  [org.apa.kaf.com.uti.AppInfoParser] (Thread-633) App info kafka.producer for Producer-topic-f40bf001_a2d0_4814_b73b_8e3fa567a6d2 unregistered
**** Registry Base URL: http://registry-app-inmemory.apps.ci419.apicurio-testing.org:80
2025-08-05 17:02:29,568 INFO  [org.apa.kaf.cli.con.ConsumerConfig] (main) ConsumerConfig values: 
	allow.auto.create.topics = true
	auto.commit.interval.ms = 500
	auto.include.jmx.reporter = true
	auto.offset.reset = earliest
	bootstrap.servers = [PLAINTEXT://localhost:32769]
	check.crcs = true
	client.dns.lookup = use_all_dns_ips
	client.id = consumer-Consumer-topic-f40bf001_a2d0_4814_b73b_8e3fa567a6d2-6
	client.rack = 
	connections.max.idle.ms = 10000
	default.api.timeout.ms = 60000
	enable.auto.commit = true
	enable.metrics.push = true
	exclude.internal.topics = true
	fetch.max.bytes = 52428800
	fetch.max.wait.ms = 500
	fetch.min.bytes = 1
	group.id = Consumer-topic-f40bf001_a2d0_4814_b73b_8e3fa567a6d2
	group.instance.id = null
	group.protocol = classic
	group.remote.assignor = null
	heartbeat.interval.ms = 3000
	interceptor.classes = []
	internal.leave.group.on.close = true
	internal.throw.on.fetch.stable.offset.unsupported = false
	isolation.level = read_uncommitted
	key.deserializer = class org.apache.kafka.common.serialization.StringDeserializer
	max.partition.fetch.bytes = 1048576
	max.poll.interval.ms = 300000
	max.poll.records = 500
	metadata.max.age.ms = 300000
	metadata.recovery.strategy = none
	metric.reporters = []
	metrics.num.samples = 2
	metrics.recording.level = INFO
	metrics.sample.window.ms = 30000
	partition.assignment.strategy = [class org.apache.kafka.clients.consumer.RangeAssignor, class org.apache.kafka.clients.consumer.CooperativeStickyAssignor]
	receive.buffer.bytes = 65536
	reconnect.backoff.max.ms = 1000
	reconnect.backoff.ms = 50
	request.timeout.ms = 5000
	retry.backoff.max.ms = 1000
	retry.backoff.ms = 100
	sasl.client.callback.handler.class = null
	sasl.jaas.config = null
	sasl.kerberos.kinit.cmd = /usr/bin/kinit
	sasl.kerberos.min.time.before.relogin = 60000
	sasl.kerberos.service.name = null
	sasl.kerberos.ticket.renew.jitter = 0.05
	sasl.kerberos.ticket.renew.window.factor = 0.8
	sasl.login.callback.handler.class = null
	sasl.login.class = null
	sasl.login.connect.timeout.ms = null
	sasl.login.read.timeout.ms = null
	sasl.login.refresh.buffer.seconds = 300
	sasl.login.refresh.min.period.seconds = 60
	sasl.login.refresh.window.factor = 0.8
	sasl.login.refresh.window.jitter = 0.05
	sasl.login.retry.backoff.max.ms = 10000
	sasl.login.retry.backoff.ms = 100
	sasl.mechanism = GSSAPI
	sasl.oauthbearer.clock.skew.seconds = 30
	sasl.oauthbearer.expected.audience = null
	sasl.oauthbearer.expected.issuer = null
	sasl.oauthbearer.header.urlencode = false
	sasl.oauthbearer.jwks.endpoint.refresh.ms = 3600000
	sasl.oauthbearer.jwks.endpoint.retry.backoff.max.ms = 10000
	sasl.oauthbearer.jwks.endpoint.retry.backoff.ms = 100
	sasl.oauthbearer.jwks.endpoint.url = null
	sasl.oauthbearer.scope.claim.name = scope
	sasl.oauthbearer.sub.claim.name = sub
	sasl.oauthbearer.token.endpoint.url = null
	security.protocol = PLAINTEXT
	security.providers = null
	send.buffer.bytes = 131072
	session.timeout.ms = 45000
	socket.connection.setup.timeout.max.ms = 30000
	socket.connection.setup.timeout.ms = 10000
	ssl.cipher.suites = null
	ssl.enabled.protocols = [TLSv1.2, TLSv1.3]
	ssl.endpoint.identification.algorithm = https
	ssl.engine.factory.class = null
	ssl.key.password = null
	ssl.keymanager.algorithm = SunX509
	ssl.keystore.certificate.chain = null
	ssl.keystore.key = null
	ssl.keystore.location = null
	ssl.keystore.password = null
	ssl.keystore.type = JKS
	ssl.protocol = TLSv1.3
	ssl.provider = null
	ssl.secure.random.implementation = null
	ssl.trustmanager.algorithm = PKIX
	ssl.truststore.certificates = null
	ssl.truststore.location = null
	ssl.truststore.password = null
	ssl.truststore.type = JKS
	value.deserializer = class io.apicurio.registry.serde.avro.AvroKafkaDeserializer

2025-08-05 17:02:29,568 INFO  [org.apa.kaf.com.tel.int.KafkaMetricsCollector] (main) initializing Kafka metrics collector
2025-08-05 17:02:29,576 INFO  [org.apa.kaf.cli.con.ConsumerConfig] (main) These configurations '[apicurio.registry.url, apicurio.registry.avro-datum-provider]' were supplied but are not used yet.
2025-08-05 17:02:29,576 INFO  [org.apa.kaf.com.uti.AppInfoParser] (main) Kafka version: 3.9.1
2025-08-05 17:02:29,576 INFO  [org.apa.kaf.com.uti.AppInfoParser] (main) Kafka commitId: f745dfdcee2b9851
2025-08-05 17:02:29,576 INFO  [org.apa.kaf.com.uti.AppInfoParser] (main) Kafka startTimeMs: 1754413349576
2025-08-05 17:02:29,576 INFO  [org.apa.kaf.cli.con.int.ClassicKafkaConsumer] (Thread-636) [Consumer clientId=consumer-Consumer-topic-f40bf001_a2d0_4814_b73b_8e3fa567a6d2-6, groupId=Consumer-topic-f40bf001_a2d0_4814_b73b_8e3fa567a6d2] Subscribed to topic(s): topic-f40bf001_a2d0_4814_b73b_8e3fa567a6d2
2025-08-05 17:02:29,583 INFO  [org.apa.kaf.cli.Metadata] (Thread-636) [Consumer clientId=consumer-Consumer-topic-f40bf001_a2d0_4814_b73b_8e3fa567a6d2-6, groupId=Consumer-topic-f40bf001_a2d0_4814_b73b_8e3fa567a6d2] Cluster ID: utE1hb3GTCWLCoAPsWG7_Q
2025-08-05 17:02:29,585 INFO  [org.apa.kaf.cli.con.int.ConsumerCoordinator] (Thread-636) [Consumer clientId=consumer-Consumer-topic-f40bf001_a2d0_4814_b73b_8e3fa567a6d2-6, groupId=Consumer-topic-f40bf001_a2d0_4814_b73b_8e3fa567a6d2] Discovered group coordinator localhost:32769 (id: 2147483647 rack: null)
2025-08-05 17:02:29,590 INFO  [org.apa.kaf.cli.con.int.ConsumerCoordinator] (Thread-636) [Consumer clientId=consumer-Consumer-topic-f40bf001_a2d0_4814_b73b_8e3fa567a6d2-6, groupId=Consumer-topic-f40bf001_a2d0_4814_b73b_8e3fa567a6d2] (Re-)joining group
2025-08-05 17:02:29,594 INFO  [org.apa.kaf.cli.con.int.ConsumerCoordinator] (Thread-636) [Consumer clientId=consumer-Consumer-topic-f40bf001_a2d0_4814_b73b_8e3fa567a6d2-6, groupId=Consumer-topic-f40bf001_a2d0_4814_b73b_8e3fa567a6d2] Request joining group due to: need to re-join with the given member-id: consumer-Consumer-topic-f40bf001_a2d0_4814_b73b_8e3fa567a6d2-6-eb588778-118c-4ec3-a977-1257b3c68da0
2025-08-05 17:02:29,594 INFO  [org.apa.kaf.cli.con.int.ConsumerCoordinator] (Thread-636) [Consumer clientId=consumer-Consumer-topic-f40bf001_a2d0_4814_b73b_8e3fa567a6d2-6, groupId=Consumer-topic-f40bf001_a2d0_4814_b73b_8e3fa567a6d2] (Re-)joining group
2025-08-05 17:02:30,576 INFO  [io.api.tes.ser.api.KafkaSerdesTester] (Thread-636) None found
2025-08-05 17:02:31,577 INFO  [io.api.tes.ser.api.KafkaSerdesTester] (Thread-636) None found
2025-08-05 17:02:32,578 INFO  [io.api.tes.ser.api.KafkaSerdesTester] (Thread-636) None found
2025-08-05 17:02:32,599 INFO  [org.apa.kaf.cli.con.int.ConsumerCoordinator] (Thread-636) [Consumer clientId=consumer-Consumer-topic-f40bf001_a2d0_4814_b73b_8e3fa567a6d2-6, groupId=Consumer-topic-f40bf001_a2d0_4814_b73b_8e3fa567a6d2] Successfully joined group with generation Generation{generationId=1, memberId='consumer-Consumer-topic-f40bf001_a2d0_4814_b73b_8e3fa567a6d2-6-eb588778-118c-4ec3-a977-1257b3c68da0', protocol='range'}
2025-08-05 17:02:32,600 INFO  [org.apa.kaf.cli.con.int.ConsumerCoordinator] (Thread-636) [Consumer clientId=consumer-Consumer-topic-f40bf001_a2d0_4814_b73b_8e3fa567a6d2-6, groupId=Consumer-topic-f40bf001_a2d0_4814_b73b_8e3fa567a6d2] Finished assignment for group at generation 1: {consumer-Consumer-topic-f40bf001_a2d0_4814_b73b_8e3fa567a6d2-6-eb588778-118c-4ec3-a977-1257b3c68da0=Assignment(partitions=[topic-f40bf001_a2d0_4814_b73b_8e3fa567a6d2-0])}
2025-08-05 17:02:32,607 INFO  [org.apa.kaf.cli.con.int.ConsumerCoordinator] (Thread-636) [Consumer clientId=consumer-Consumer-topic-f40bf001_a2d0_4814_b73b_8e3fa567a6d2-6, groupId=Consumer-topic-f40bf001_a2d0_4814_b73b_8e3fa567a6d2] Successfully synced group in generation Generation{generationId=1, memberId='consumer-Consumer-topic-f40bf001_a2d0_4814_b73b_8e3fa567a6d2-6-eb588778-118c-4ec3-a977-1257b3c68da0', protocol='range'}
2025-08-05 17:02:32,607 INFO  [org.apa.kaf.cli.con.int.ConsumerCoordinator] (Thread-636) [Consumer clientId=consumer-Consumer-topic-f40bf001_a2d0_4814_b73b_8e3fa567a6d2-6, groupId=Consumer-topic-f40bf001_a2d0_4814_b73b_8e3fa567a6d2] Notifying assignor about the new Assignment(partitions=[topic-f40bf001_a2d0_4814_b73b_8e3fa567a6d2-0])
2025-08-05 17:02:32,607 INFO  [org.apa.kaf.cli.con.int.ConsumerRebalanceListenerInvoker] (Thread-636) [Consumer clientId=consumer-Consumer-topic-f40bf001_a2d0_4814_b73b_8e3fa567a6d2-6, groupId=Consumer-topic-f40bf001_a2d0_4814_b73b_8e3fa567a6d2] Adding newly assigned partitions: topic-f40bf001_a2d0_4814_b73b_8e3fa567a6d2-0
2025-08-05 17:02:32,608 INFO  [org.apa.kaf.cli.con.int.ConsumerCoordinator] (Thread-636) [Consumer clientId=consumer-Consumer-topic-f40bf001_a2d0_4814_b73b_8e3fa567a6d2-6, groupId=Consumer-topic-f40bf001_a2d0_4814_b73b_8e3fa567a6d2] Found no committed offset for partition topic-f40bf001_a2d0_4814_b73b_8e3fa567a6d2-0
2025-08-05 17:02:32,614 INFO  [org.apa.kaf.cli.con.int.SubscriptionState] (Thread-636) [Consumer clientId=consumer-Consumer-topic-f40bf001_a2d0_4814_b73b_8e3fa567a6d2-6, groupId=Consumer-topic-f40bf001_a2d0_4814_b73b_8e3fa567a6d2] Resetting offset for partition topic-f40bf001_a2d0_4814_b73b_8e3fa567a6d2-0 to position FetchPosition{offset=0, offsetEpoch=Optional.empty, currentLeader=LeaderAndEpoch{leader=Optional[localhost:32769 (id: 0 rack: null)], epoch=0}}.
2025-08-05 17:02:32,661 INFO  [io.api.tes.ser.api.KafkaSerdesTester] (Thread-636) topic-f40bf001_a2d0_4814_b73b_8e3fa567a6d2 0 0 io.apicurio.tests.common.serdes.TestObject@3dbd29cb
2025-08-05 17:02:32,661 INFO  [io.api.tes.ser.api.KafkaSerdesTester] (Thread-636) topic-f40bf001_a2d0_4814_b73b_8e3fa567a6d2 0 1 io.apicurio.tests.common.serdes.TestObject@3dbd29cb
2025-08-05 17:02:32,661 INFO  [io.api.tes.ser.api.KafkaSerdesTester] (Thread-636) topic-f40bf001_a2d0_4814_b73b_8e3fa567a6d2 0 2 io.apicurio.tests.common.serdes.TestObject@3dbd29cb
2025-08-05 17:02:32,661 INFO  [io.api.tes.ser.api.KafkaSerdesTester] (Thread-636) topic-f40bf001_a2d0_4814_b73b_8e3fa567a6d2 0 3 io.apicurio.tests.common.serdes.TestObject@3dbd29cb
2025-08-05 17:02:32,661 INFO  [io.api.tes.ser.api.KafkaSerdesTester] (Thread-636) topic-f40bf001_a2d0_4814_b73b_8e3fa567a6d2 0 4 io.apicurio.tests.common.serdes.TestObject@3dbd29cb
2025-08-05 17:02:32,661 INFO  [io.api.tes.ser.api.KafkaSerdesTester] (Thread-636) topic-f40bf001_a2d0_4814_b73b_8e3fa567a6d2 0 5 io.apicurio.tests.common.serdes.TestObject@3dbd29cb
2025-08-05 17:02:32,661 INFO  [io.api.tes.ser.api.KafkaSerdesTester] (Thread-636) topic-f40bf001_a2d0_4814_b73b_8e3fa567a6d2 0 6 io.apicurio.tests.common.serdes.TestObject@3dbd29cb
2025-08-05 17:02:32,661 INFO  [io.api.tes.ser.api.KafkaSerdesTester] (Thread-636) topic-f40bf001_a2d0_4814_b73b_8e3fa567a6d2 0 7 io.apicurio.tests.common.serdes.TestObject@3dbd29cb
2025-08-05 17:02:32,661 INFO  [io.api.tes.ser.api.KafkaSerdesTester] (Thread-636) topic-f40bf001_a2d0_4814_b73b_8e3fa567a6d2 0 8 io.apicurio.tests.common.serdes.TestObject@3dbd29cb
2025-08-05 17:02:32,661 INFO  [io.api.tes.ser.api.KafkaSerdesTester] (Thread-636) topic-f40bf001_a2d0_4814_b73b_8e3fa567a6d2 0 9 io.apicurio.tests.common.serdes.TestObject@3dbd29cb
2025-08-05 17:02:32,661 INFO  [io.api.tes.ser.api.KafkaSerdesTester] (Thread-636) Consumed 10 messages
2025-08-05 17:02:32,670 INFO  [org.apa.kaf.cli.con.int.ConsumerRebalanceListenerInvoker] (Thread-636) [Consumer clientId=consumer-Consumer-topic-f40bf001_a2d0_4814_b73b_8e3fa567a6d2-6, groupId=Consumer-topic-f40bf001_a2d0_4814_b73b_8e3fa567a6d2] Revoke previously assigned partitions topic-f40bf001_a2d0_4814_b73b_8e3fa567a6d2-0
2025-08-05 17:02:32,670 INFO  [org.apa.kaf.cli.con.int.ConsumerCoordinator] (Thread-636) [Consumer clientId=consumer-Consumer-topic-f40bf001_a2d0_4814_b73b_8e3fa567a6d2-6, groupId=Consumer-topic-f40bf001_a2d0_4814_b73b_8e3fa567a6d2] Member consumer-Consumer-topic-f40bf001_a2d0_4814_b73b_8e3fa567a6d2-6-eb588778-118c-4ec3-a977-1257b3c68da0 sending LeaveGroup request to coordinator localhost:32769 (id: 2147483647 rack: null) due to the consumer is being closed
2025-08-05 17:02:32,671 INFO  [org.apa.kaf.cli.con.int.ConsumerCoordinator] (Thread-636) [Consumer clientId=consumer-Consumer-topic-f40bf001_a2d0_4814_b73b_8e3fa567a6d2-6, groupId=Consumer-topic-f40bf001_a2d0_4814_b73b_8e3fa567a6d2] Resetting generation and member id due to: consumer pro-actively leaving the group
2025-08-05 17:02:32,671 INFO  [org.apa.kaf.cli.con.int.ConsumerCoordinator] (Thread-636) [Consumer clientId=consumer-Consumer-topic-f40bf001_a2d0_4814_b73b_8e3fa567a6d2-6, groupId=Consumer-topic-f40bf001_a2d0_4814_b73b_8e3fa567a6d2] Request joining group due to: consumer pro-actively leaving the group
2025-08-05 17:02:33,165 INFO  [org.apa.kaf.com.met.Metrics] (Thread-636) Metrics scheduler closed
2025-08-05 17:02:33,165 INFO  [org.apa.kaf.com.met.Metrics] (Thread-636) Closing reporter org.apache.kafka.common.metrics.JmxReporter
2025-08-05 17:02:33,165 INFO  [org.apa.kaf.com.met.Metrics] (Thread-636) Closing reporter org.apache.kafka.common.telemetry.internals.ClientTelemetryReporter
2025-08-05 17:02:33,165 INFO  [org.apa.kaf.com.met.Metrics] (Thread-636) Metrics reporters closed
2025-08-05 17:02:33,167 INFO  [org.apa.kaf.com.uti.AppInfoParser] (Thread-636) App info kafka.consumer for consumer-Consumer-topic-f40bf001_a2d0_4814_b73b_8e3fa567a6d2-6 unregistered
2025-08-05 17:02:33,168 INFO  [io.api.tes.uti.TestSeparator] (main) io.apicurio.tests.serdes.apicurio.AvroSerdeIT.testReflectAutoRegister-FINISHED
2025-08-05 17:02:33,168 INFO  [io.api.tes.uti.TestSeparator] (main) ############################################################################
Test passed: testReflectAutoRegister
]]></system-out>
  </testcase>
  <testcase name="testArtifactNotFound" classname="io.apicurio.tests.serdes.apicurio.AvroSerdeIT" time="0.19">
    <system-out><![CDATA[2025-08-05 17:02:33,172 INFO  [io.api.tes.uti.TestSeparator] (main) ############################################################################
2025-08-05 17:02:33,172 INFO  [io.api.tes.uti.TestSeparator] (main) io.apicurio.tests.serdes.apicurio.AvroSerdeIT.testArtifactNotFound-STARTED
**** Registry Base URL: http://registry-app-inmemory.apps.ci419.apicurio-testing.org:80
2025-08-05 17:02:33,174 INFO  [org.apa.kaf.cli.pro.ProducerConfig] (main) ProducerConfig values: 
	acks = -1
	auto.include.jmx.reporter = true
	batch.size = 16384
	bootstrap.servers = [PLAINTEXT://localhost:32769]
	buffer.memory = 33554432
	client.dns.lookup = use_all_dns_ips
	client.id = Producer-s84e534f4x357bx48efxb07dx250c7a7cc651
	compression.gzip.level = -1
	compression.lz4.level = 9
	compression.type = none
	compression.zstd.level = 3
	connections.max.idle.ms = 10000
	delivery.timeout.ms = 120000
	enable.idempotence = true
	enable.metrics.push = true
	interceptor.classes = []
	key.serializer = class org.apache.kafka.common.serialization.StringSerializer
	linger.ms = 0
	max.block.ms = 60000
	max.in.flight.requests.per.connection = 5
	max.request.size = 1048576
	metadata.max.age.ms = 300000
	metadata.max.idle.ms = 300000
	metadata.recovery.strategy = none
	metric.reporters = []
	metrics.num.samples = 2
	metrics.recording.level = INFO
	metrics.sample.window.ms = 30000
	partitioner.adaptive.partitioning.enable = true
	partitioner.availability.timeout.ms = 0
	partitioner.class = null
	partitioner.ignore.keys = false
	receive.buffer.bytes = 32768
	reconnect.backoff.max.ms = 1000
	reconnect.backoff.ms = 50
	request.timeout.ms = 5000
	retries = 2147483647
	retry.backoff.max.ms = 1000
	retry.backoff.ms = 100
	sasl.client.callback.handler.class = null
	sasl.jaas.config = null
	sasl.kerberos.kinit.cmd = /usr/bin/kinit
	sasl.kerberos.min.time.before.relogin = 60000
	sasl.kerberos.service.name = null
	sasl.kerberos.ticket.renew.jitter = 0.05
	sasl.kerberos.ticket.renew.window.factor = 0.8
	sasl.login.callback.handler.class = null
	sasl.login.class = null
	sasl.login.connect.timeout.ms = null
	sasl.login.read.timeout.ms = null
	sasl.login.refresh.buffer.seconds = 300
	sasl.login.refresh.min.period.seconds = 60
	sasl.login.refresh.window.factor = 0.8
	sasl.login.refresh.window.jitter = 0.05
	sasl.login.retry.backoff.max.ms = 10000
	sasl.login.retry.backoff.ms = 100
	sasl.mechanism = GSSAPI
	sasl.oauthbearer.clock.skew.seconds = 30
	sasl.oauthbearer.expected.audience = null
	sasl.oauthbearer.expected.issuer = null
	sasl.oauthbearer.header.urlencode = false
	sasl.oauthbearer.jwks.endpoint.refresh.ms = 3600000
	sasl.oauthbearer.jwks.endpoint.retry.backoff.max.ms = 10000
	sasl.oauthbearer.jwks.endpoint.retry.backoff.ms = 100
	sasl.oauthbearer.jwks.endpoint.url = null
	sasl.oauthbearer.scope.claim.name = scope
	sasl.oauthbearer.sub.claim.name = sub
	sasl.oauthbearer.token.endpoint.url = null
	security.protocol = PLAINTEXT
	security.providers = null
	send.buffer.bytes = 131072
	socket.connection.setup.timeout.max.ms = 30000
	socket.connection.setup.timeout.ms = 10000
	ssl.cipher.suites = null
	ssl.enabled.protocols = [TLSv1.2, TLSv1.3]
	ssl.endpoint.identification.algorithm = https
	ssl.engine.factory.class = null
	ssl.key.password = null
	ssl.keymanager.algorithm = SunX509
	ssl.keystore.certificate.chain = null
	ssl.keystore.key = null
	ssl.keystore.location = null
	ssl.keystore.password = null
	ssl.keystore.type = JKS
	ssl.protocol = TLSv1.3
	ssl.provider = null
	ssl.secure.random.implementation = null
	ssl.trustmanager.algorithm = PKIX
	ssl.truststore.certificates = null
	ssl.truststore.location = null
	ssl.truststore.password = null
	ssl.truststore.type = JKS
	transaction.timeout.ms = 60000
	transactional.id = null
	value.serializer = class io.apicurio.registry.serde.avro.AvroKafkaSerializer

2025-08-05 17:02:33,174 INFO  [org.apa.kaf.com.tel.int.KafkaMetricsCollector] (main) initializing Kafka metrics collector
2025-08-05 17:02:33,177 INFO  [org.apa.kaf.cli.pro.KafkaProducer] (main) [Producer clientId=Producer-s84e534f4x357bx48efxb07dx250c7a7cc651] Instantiated an idempotent producer.
2025-08-05 17:02:33,179 INFO  [org.apa.kaf.cli.pro.ProducerConfig] (main) These configurations '[apicurio.registry.url, apicurio.registry.artifact-resolver-strategy]' were supplied but are not used yet.
2025-08-05 17:02:33,180 INFO  [org.apa.kaf.com.uti.AppInfoParser] (main) Kafka version: 3.9.1
2025-08-05 17:02:33,180 INFO  [org.apa.kaf.com.uti.AppInfoParser] (main) Kafka commitId: f745dfdcee2b9851
2025-08-05 17:02:33,180 INFO  [org.apa.kaf.com.uti.AppInfoParser] (main) Kafka startTimeMs: 1754413353180
2025-08-05 17:02:33,181 INFO  [io.api.tes.ser.api.KafkaSerdesTester] (Thread-639) Sending message {"keyB": "value-0"} to topic s84e534f4x357bx48efxb07dx250c7a7cc651
2025-08-05 17:02:33,185 WARN  [org.apa.kaf.cli.NetworkClient] (kafka-producer-network-thread | Producer-s84e534f4x357bx48efxb07dx250c7a7cc651) [Producer clientId=Producer-s84e534f4x357bx48efxb07dx250c7a7cc651] The metadata response from the cluster reported a recoverable issue with correlation id 1 : {s84e534f4x357bx48efxb07dx250c7a7cc651=UNKNOWN_TOPIC_OR_PARTITION}
2025-08-05 17:02:33,185 INFO  [org.apa.kaf.cli.Metadata] (kafka-producer-network-thread | Producer-s84e534f4x357bx48efxb07dx250c7a7cc651) [Producer clientId=Producer-s84e534f4x357bx48efxb07dx250c7a7cc651] Cluster ID: utE1hb3GTCWLCoAPsWG7_Q
2025-08-05 17:02:33,186 INFO  [org.apa.kaf.cli.pro.int.TransactionManager] (kafka-producer-network-thread | Producer-s84e534f4x357bx48efxb07dx250c7a7cc651) [Producer clientId=Producer-s84e534f4x357bx48efxb07dx250c7a7cc651] ProducerId set to 7 with epoch 0
2025-08-05 17:02:33,305 INFO  [DefaultSchemaResolver] (Thread-639) Retrieving schema content using string: {"type":"record","name":"myrecord","namespace":"mygroup","fields":[{"name":"keyB","type":"string"}]}
2025-08-05 17:02:33,354 INFO  [org.apa.kaf.cli.pro.KafkaProducer] (Thread-639) [Producer clientId=Producer-s84e534f4x357bx48efxb07dx250c7a7cc651] Closing the Kafka producer with timeoutMillis = 9223372036854775807 ms.
2025-08-05 17:02:33,357 INFO  [org.apa.kaf.com.met.Metrics] (Thread-639) Metrics scheduler closed
2025-08-05 17:02:33,357 INFO  [org.apa.kaf.com.met.Metrics] (Thread-639) Closing reporter org.apache.kafka.common.metrics.JmxReporter
2025-08-05 17:02:33,358 INFO  [org.apa.kaf.com.met.Metrics] (Thread-639) Closing reporter org.apache.kafka.common.telemetry.internals.ClientTelemetryReporter
2025-08-05 17:02:33,358 INFO  [org.apa.kaf.com.met.Metrics] (Thread-639) Metrics reporters closed
2025-08-05 17:02:33,358 INFO  [org.apa.kaf.com.uti.AppInfoParser] (Thread-639) App info kafka.producer for Producer-s84e534f4x357bx48efxb07dx250c7a7cc651 unregistered
2025-08-05 17:02:33,360 INFO  [io.api.tes.uti.TestSeparator] (main) io.apicurio.tests.serdes.apicurio.AvroSerdeIT.testArtifactNotFound-FINISHED
2025-08-05 17:02:33,360 INFO  [io.api.tes.uti.TestSeparator] (main) ############################################################################
Test passed: testArtifactNotFound
]]></system-out>
    <system-err><![CDATA[java.lang.RuntimeException: Could not resolve artifact reference by content: {"type":"record","name":"myrecord","namespace":"mygroup","fields":[{"name":"keyB","type":"string"}]}&ArtifactReference [groupId=default, artifactId=s84e534f4x357bx48efxb07dx250c7a7cc651-value, version=null, globalId=null, contentId=null, contentHash=null]
	at io.apicurio.registry.resolver.DefaultSchemaResolver.lambda$handleResolveSchemaByContent$3(DefaultSchemaResolver.java:265)
	at io.apicurio.registry.resolver.cache.ERCache.lambda$getValue$0(ERCache.java:174)
	at io.apicurio.registry.resolver.cache.ERCache.retry(ERCache.java:227)
	at io.apicurio.registry.resolver.cache.ERCache.getValue(ERCache.java:173)
	at io.apicurio.registry.resolver.cache.ERCache.getByContent(ERCache.java:147)
	at io.apicurio.registry.resolver.DefaultSchemaResolver.handleResolveSchemaByContent(DefaultSchemaResolver.java:253)
	at io.apicurio.registry.resolver.DefaultSchemaResolver.getSchemaFromRegistry(DefaultSchemaResolver.java:138)
	at io.apicurio.registry.resolver.DefaultSchemaResolver.lambda$resolveSchema$0(DefaultSchemaResolver.java:84)
	at java.base/java.util.Optional.orElseGet(Optional.java:364)
	at io.apicurio.registry.resolver.DefaultSchemaResolver.resolveSchema(DefaultSchemaResolver.java:84)
	at io.apicurio.registry.serde.AbstractSerializer.serializeData(AbstractSerializer.java:62)
	at io.apicurio.registry.serde.KafkaSerializer.serialize(KafkaSerializer.java:77)
	at org.apache.kafka.clients.producer.KafkaProducer.doSend(KafkaProducer.java:1046)
	at org.apache.kafka.clients.producer.KafkaProducer.send(KafkaProducer.java:993)
	at org.apache.kafka.clients.producer.KafkaProducer.send(KafkaProducer.java:875)
	at io.apicurio.tests.serdes.apicurio.KafkaSerdesTester.lambda$produceMessages$3(KafkaSerdesTester.java:138)
	at java.base/java.util.concurrent.CompletableFuture$AsyncSupply.run(CompletableFuture.java:1768)
	at java.base/java.lang.Thread.run(Thread.java:840)
]]></system-err>
  </testcase>
  <testcase name="testAvroSerDesFailDifferentSchemaByRecordName" classname="io.apicurio.tests.serdes.apicurio.AvroSerdeIT" time="1.094">
    <system-out><![CDATA[2025-08-05 17:02:33,363 INFO  [io.api.tes.uti.TestSeparator] (main) ############################################################################
2025-08-05 17:02:33,363 INFO  [io.api.tes.uti.TestSeparator] (main) io.apicurio.tests.serdes.apicurio.AvroSerdeIT.testAvroSerDesFailDifferentSchemaByRecordName-STARTED
**** Registry Base URL: http://registry-app-inmemory.apps.ci419.apicurio-testing.org:80
2025-08-05 17:02:34,405 INFO  [org.apa.kaf.cli.pro.ProducerConfig] (main) ProducerConfig values: 
	acks = -1
	auto.include.jmx.reporter = true
	batch.size = 16384
	bootstrap.servers = [PLAINTEXT://localhost:32769]
	buffer.memory = 33554432
	client.dns.lookup = use_all_dns_ips
	client.id = Producer-topic-1b041909_e040_4d26_882d_1b543626ae6b
	compression.gzip.level = -1
	compression.lz4.level = 9
	compression.type = none
	compression.zstd.level = 3
	connections.max.idle.ms = 10000
	delivery.timeout.ms = 120000
	enable.idempotence = true
	enable.metrics.push = true
	interceptor.classes = []
	key.serializer = class org.apache.kafka.common.serialization.StringSerializer
	linger.ms = 0
	max.block.ms = 60000
	max.in.flight.requests.per.connection = 5
	max.request.size = 1048576
	metadata.max.age.ms = 300000
	metadata.max.idle.ms = 300000
	metadata.recovery.strategy = none
	metric.reporters = []
	metrics.num.samples = 2
	metrics.recording.level = INFO
	metrics.sample.window.ms = 30000
	partitioner.adaptive.partitioning.enable = true
	partitioner.availability.timeout.ms = 0
	partitioner.class = null
	partitioner.ignore.keys = false
	receive.buffer.bytes = 32768
	reconnect.backoff.max.ms = 1000
	reconnect.backoff.ms = 50
	request.timeout.ms = 5000
	retries = 2147483647
	retry.backoff.max.ms = 1000
	retry.backoff.ms = 100
	sasl.client.callback.handler.class = null
	sasl.jaas.config = null
	sasl.kerberos.kinit.cmd = /usr/bin/kinit
	sasl.kerberos.min.time.before.relogin = 60000
	sasl.kerberos.service.name = null
	sasl.kerberos.ticket.renew.jitter = 0.05
	sasl.kerberos.ticket.renew.window.factor = 0.8
	sasl.login.callback.handler.class = null
	sasl.login.class = null
	sasl.login.connect.timeout.ms = null
	sasl.login.read.timeout.ms = null
	sasl.login.refresh.buffer.seconds = 300
	sasl.login.refresh.min.period.seconds = 60
	sasl.login.refresh.window.factor = 0.8
	sasl.login.refresh.window.jitter = 0.05
	sasl.login.retry.backoff.max.ms = 10000
	sasl.login.retry.backoff.ms = 100
	sasl.mechanism = GSSAPI
	sasl.oauthbearer.clock.skew.seconds = 30
	sasl.oauthbearer.expected.audience = null
	sasl.oauthbearer.expected.issuer = null
	sasl.oauthbearer.header.urlencode = false
	sasl.oauthbearer.jwks.endpoint.refresh.ms = 3600000
	sasl.oauthbearer.jwks.endpoint.retry.backoff.max.ms = 10000
	sasl.oauthbearer.jwks.endpoint.retry.backoff.ms = 100
	sasl.oauthbearer.jwks.endpoint.url = null
	sasl.oauthbearer.scope.claim.name = scope
	sasl.oauthbearer.sub.claim.name = sub
	sasl.oauthbearer.token.endpoint.url = null
	security.protocol = PLAINTEXT
	security.providers = null
	send.buffer.bytes = 131072
	socket.connection.setup.timeout.max.ms = 30000
	socket.connection.setup.timeout.ms = 10000
	ssl.cipher.suites = null
	ssl.enabled.protocols = [TLSv1.2, TLSv1.3]
	ssl.endpoint.identification.algorithm = https
	ssl.engine.factory.class = null
	ssl.key.password = null
	ssl.keymanager.algorithm = SunX509
	ssl.keystore.certificate.chain = null
	ssl.keystore.key = null
	ssl.keystore.location = null
	ssl.keystore.password = null
	ssl.keystore.type = JKS
	ssl.protocol = TLSv1.3
	ssl.provider = null
	ssl.secure.random.implementation = null
	ssl.trustmanager.algorithm = PKIX
	ssl.truststore.certificates = null
	ssl.truststore.location = null
	ssl.truststore.password = null
	ssl.truststore.type = JKS
	transaction.timeout.ms = 60000
	transactional.id = null
	value.serializer = class io.apicurio.registry.serde.avro.AvroKafkaSerializer

2025-08-05 17:02:34,406 INFO  [org.apa.kaf.com.tel.int.KafkaMetricsCollector] (main) initializing Kafka metrics collector
2025-08-05 17:02:34,410 INFO  [org.apa.kaf.cli.pro.KafkaProducer] (main) [Producer clientId=Producer-topic-1b041909_e040_4d26_882d_1b543626ae6b] Instantiated an idempotent producer.
2025-08-05 17:02:34,412 INFO  [org.apa.kaf.cli.pro.ProducerConfig] (main) These configurations '[apicurio.registry.find-latest, apicurio.registry.url, apicurio.registry.artifact-resolver-strategy]' were supplied but are not used yet.
2025-08-05 17:02:34,412 INFO  [org.apa.kaf.com.uti.AppInfoParser] (main) Kafka version: 3.9.1
2025-08-05 17:02:34,412 INFO  [org.apa.kaf.com.uti.AppInfoParser] (main) Kafka commitId: f745dfdcee2b9851
2025-08-05 17:02:34,412 INFO  [org.apa.kaf.com.uti.AppInfoParser] (main) Kafka startTimeMs: 1754413354412
2025-08-05 17:02:34,414 INFO  [io.api.tes.ser.api.KafkaSerdesTester] (Thread-642) Sending message {"keyB": "value-0"} to topic topic-1b041909_e040_4d26_882d_1b543626ae6b
2025-08-05 17:02:34,419 INFO  [org.apa.kaf.cli.Metadata] (kafka-producer-network-thread | Producer-topic-1b041909_e040_4d26_882d_1b543626ae6b) [Producer clientId=Producer-topic-1b041909_e040_4d26_882d_1b543626ae6b] Cluster ID: utE1hb3GTCWLCoAPsWG7_Q
2025-08-05 17:02:34,423 INFO  [org.apa.kaf.cli.pro.int.TransactionManager] (kafka-producer-network-thread | Producer-topic-1b041909_e040_4d26_882d_1b543626ae6b) [Producer clientId=Producer-topic-1b041909_e040_4d26_882d_1b543626ae6b] ProducerId set to 8 with epoch 0
2025-08-05 17:02:34,450 INFO  [org.apa.kaf.cli.pro.KafkaProducer] (Thread-642) [Producer clientId=Producer-topic-1b041909_e040_4d26_882d_1b543626ae6b] Closing the Kafka producer with timeoutMillis = 9223372036854775807 ms.
2025-08-05 17:02:34,454 INFO  [org.apa.kaf.com.met.Metrics] (Thread-642) Metrics scheduler closed
2025-08-05 17:02:34,454 INFO  [org.apa.kaf.com.met.Metrics] (Thread-642) Closing reporter org.apache.kafka.common.metrics.JmxReporter
2025-08-05 17:02:34,454 INFO  [org.apa.kaf.com.met.Metrics] (Thread-642) Closing reporter org.apache.kafka.common.telemetry.internals.ClientTelemetryReporter
2025-08-05 17:02:34,454 INFO  [org.apa.kaf.com.met.Metrics] (Thread-642) Metrics reporters closed
2025-08-05 17:02:34,454 INFO  [org.apa.kaf.com.uti.AppInfoParser] (Thread-642) App info kafka.producer for Producer-topic-1b041909_e040_4d26_882d_1b543626ae6b unregistered
2025-08-05 17:02:34,455 INFO  [io.api.tes.uti.TestSeparator] (main) io.apicurio.tests.serdes.apicurio.AvroSerdeIT.testAvroSerDesFailDifferentSchemaByRecordName-FINISHED
2025-08-05 17:02:34,455 INFO  [io.api.tes.uti.TestSeparator] (main) ############################################################################
Test passed: testAvroSerDesFailDifferentSchemaByRecordName
]]></system-out>
    <system-err><![CDATA[io.apicurio.registry.rest.client.models.ProblemDetails
	at io.apicurio.registry.rest.client.models.ProblemDetails.createFromDiscriminatorValue(ProblemDetails.java:58)
	at io.kiota.serialization.json.JsonParseNode.getObjectValue(JsonParseNode.java:247)
	at io.kiota.http.vertx.VertXRequestAdapter.lambda$throwIfFailedResponse$0(VertXRequestAdapter.java:400)
	at com.microsoft.kiota.ApiExceptionBuilder.<init>(ApiExceptionBuilder.java:26)
	at io.kiota.http.vertx.VertXRequestAdapter.throwIfFailedResponse(VertXRequestAdapter.java:399)
	at io.kiota.http.vertx.VertXRequestAdapter.send(VertXRequestAdapter.java:170)
	at io.apicurio.registry.rest.client.groups.item.artifacts.item.versions.item.WithVersionExpressionItemRequestBuilder.get(WithVersionExpressionItemRequestBuilder.java:128)
	at io.apicurio.registry.rest.client.groups.item.artifacts.item.versions.item.WithVersionExpressionItemRequestBuilder.get(WithVersionExpressionItemRequestBuilder.java:111)
	at io.apicurio.registry.resolver.client.RegistryClientFacadeImpl.getVersionCoordinatesByGAV(RegistryClientFacadeImpl.java:159)
	at io.apicurio.registry.resolver.DefaultSchemaResolver.resolveByCoordinates(DefaultSchemaResolver.java:352)
	at io.apicurio.registry.resolver.DefaultSchemaResolver.lambda$resolveSchemaByArtifactReferenceCached$6(DefaultSchemaResolver.java:340)
	at io.apicurio.registry.resolver.cache.ERCache.lambda$getValue$0(ERCache.java:174)
	at io.apicurio.registry.resolver.cache.ERCache.retry(ERCache.java:227)
	at io.apicurio.registry.resolver.cache.ERCache.getValue(ERCache.java:173)
	at io.apicurio.registry.resolver.cache.ERCache.getByArtifactCoordinates(ERCache.java:158)
	at io.apicurio.registry.resolver.DefaultSchemaResolver.resolveSchemaByArtifactReferenceCached(DefaultSchemaResolver.java:338)
	at io.apicurio.registry.resolver.DefaultSchemaResolver.resolveSchemaByCoordinates(DefaultSchemaResolver.java:193)
	at io.apicurio.registry.resolver.DefaultSchemaResolver.getSchemaFromRegistry(DefaultSchemaResolver.java:130)
	at io.apicurio.registry.resolver.DefaultSchemaResolver.lambda$resolveSchema$0(DefaultSchemaResolver.java:84)
	at java.base/java.util.Optional.orElseGet(Optional.java:364)
	at io.apicurio.registry.resolver.DefaultSchemaResolver.resolveSchema(DefaultSchemaResolver.java:84)
	at io.apicurio.registry.serde.AbstractSerializer.serializeData(AbstractSerializer.java:62)
	at io.apicurio.registry.serde.KafkaSerializer.serialize(KafkaSerializer.java:77)
	at org.apache.kafka.clients.producer.KafkaProducer.doSend(KafkaProducer.java:1046)
	at org.apache.kafka.clients.producer.KafkaProducer.send(KafkaProducer.java:993)
	at org.apache.kafka.clients.producer.KafkaProducer.send(KafkaProducer.java:875)
	at io.apicurio.tests.serdes.apicurio.KafkaSerdesTester.lambda$produceMessages$3(KafkaSerdesTester.java:138)
	at java.base/java.util.concurrent.CompletableFuture$AsyncSupply.run(CompletableFuture.java:1768)
	at java.base/java.lang.Thread.run(Thread.java:840)
]]></system-err>
  </testcase>
  <testcase name="testTopicIdStrategyFindLatest" classname="io.apicurio.tests.serdes.apicurio.AvroSerdeIT" time="4.725">
    <system-out><![CDATA[2025-08-05 17:02:34,458 INFO  [io.api.tes.uti.TestSeparator] (main) ############################################################################
2025-08-05 17:02:34,458 INFO  [io.api.tes.uti.TestSeparator] (main) io.apicurio.tests.serdes.apicurio.AvroSerdeIT.testTopicIdStrategyFindLatest-STARTED
2025-08-05 17:02:34,459 INFO  [io.api.tes.ser.api.AvroSerdeIT] (main) Registering Avro Schema: {"type":"record","name":"myrecordapicurio1","fields":[{"name":"key11754413354458","type":"string"}]}
**** Registry Base URL: http://registry-app-inmemory.apps.ci419.apicurio-testing.org:80
2025-08-05 17:02:35,497 INFO  [org.apa.kaf.cli.pro.ProducerConfig] (main) ProducerConfig values: 
	acks = -1
	auto.include.jmx.reporter = true
	batch.size = 16384
	bootstrap.servers = [PLAINTEXT://localhost:32769]
	buffer.memory = 33554432
	client.dns.lookup = use_all_dns_ips
	client.id = Producer-topic-8e2f274c_837a_46c5_8afb_2bca95aeaf56
	compression.gzip.level = -1
	compression.lz4.level = 9
	compression.type = none
	compression.zstd.level = 3
	connections.max.idle.ms = 10000
	delivery.timeout.ms = 120000
	enable.idempotence = true
	enable.metrics.push = true
	interceptor.classes = []
	key.serializer = class org.apache.kafka.common.serialization.StringSerializer
	linger.ms = 0
	max.block.ms = 60000
	max.in.flight.requests.per.connection = 5
	max.request.size = 1048576
	metadata.max.age.ms = 300000
	metadata.max.idle.ms = 300000
	metadata.recovery.strategy = none
	metric.reporters = []
	metrics.num.samples = 2
	metrics.recording.level = INFO
	metrics.sample.window.ms = 30000
	partitioner.adaptive.partitioning.enable = true
	partitioner.availability.timeout.ms = 0
	partitioner.class = null
	partitioner.ignore.keys = false
	receive.buffer.bytes = 32768
	reconnect.backoff.max.ms = 1000
	reconnect.backoff.ms = 50
	request.timeout.ms = 5000
	retries = 2147483647
	retry.backoff.max.ms = 1000
	retry.backoff.ms = 100
	sasl.client.callback.handler.class = null
	sasl.jaas.config = null
	sasl.kerberos.kinit.cmd = /usr/bin/kinit
	sasl.kerberos.min.time.before.relogin = 60000
	sasl.kerberos.service.name = null
	sasl.kerberos.ticket.renew.jitter = 0.05
	sasl.kerberos.ticket.renew.window.factor = 0.8
	sasl.login.callback.handler.class = null
	sasl.login.class = null
	sasl.login.connect.timeout.ms = null
	sasl.login.read.timeout.ms = null
	sasl.login.refresh.buffer.seconds = 300
	sasl.login.refresh.min.period.seconds = 60
	sasl.login.refresh.window.factor = 0.8
	sasl.login.refresh.window.jitter = 0.05
	sasl.login.retry.backoff.max.ms = 10000
	sasl.login.retry.backoff.ms = 100
	sasl.mechanism = GSSAPI
	sasl.oauthbearer.clock.skew.seconds = 30
	sasl.oauthbearer.expected.audience = null
	sasl.oauthbearer.expected.issuer = null
	sasl.oauthbearer.header.urlencode = false
	sasl.oauthbearer.jwks.endpoint.refresh.ms = 3600000
	sasl.oauthbearer.jwks.endpoint.retry.backoff.max.ms = 10000
	sasl.oauthbearer.jwks.endpoint.retry.backoff.ms = 100
	sasl.oauthbearer.jwks.endpoint.url = null
	sasl.oauthbearer.scope.claim.name = scope
	sasl.oauthbearer.sub.claim.name = sub
	sasl.oauthbearer.token.endpoint.url = null
	security.protocol = PLAINTEXT
	security.providers = null
	send.buffer.bytes = 131072
	socket.connection.setup.timeout.max.ms = 30000
	socket.connection.setup.timeout.ms = 10000
	ssl.cipher.suites = null
	ssl.enabled.protocols = [TLSv1.2, TLSv1.3]
	ssl.endpoint.identification.algorithm = https
	ssl.engine.factory.class = null
	ssl.key.password = null
	ssl.keymanager.algorithm = SunX509
	ssl.keystore.certificate.chain = null
	ssl.keystore.key = null
	ssl.keystore.location = null
	ssl.keystore.password = null
	ssl.keystore.type = JKS
	ssl.protocol = TLSv1.3
	ssl.provider = null
	ssl.secure.random.implementation = null
	ssl.trustmanager.algorithm = PKIX
	ssl.truststore.certificates = null
	ssl.truststore.location = null
	ssl.truststore.password = null
	ssl.truststore.type = JKS
	transaction.timeout.ms = 60000
	transactional.id = null
	value.serializer = class io.apicurio.registry.serde.avro.AvroKafkaSerializer

2025-08-05 17:02:35,497 INFO  [org.apa.kaf.com.tel.int.KafkaMetricsCollector] (main) initializing Kafka metrics collector
2025-08-05 17:02:35,501 INFO  [org.apa.kaf.cli.pro.KafkaProducer] (main) [Producer clientId=Producer-topic-8e2f274c_837a_46c5_8afb_2bca95aeaf56] Instantiated an idempotent producer.
2025-08-05 17:02:35,506 INFO  [org.apa.kaf.cli.pro.ProducerConfig] (main) These configurations '[apicurio.registry.find-latest, apicurio.registry.url, apicurio.registry.artifact-resolver-strategy]' were supplied but are not used yet.
2025-08-05 17:02:35,506 INFO  [org.apa.kaf.com.uti.AppInfoParser] (main) Kafka version: 3.9.1
2025-08-05 17:02:35,506 INFO  [org.apa.kaf.com.uti.AppInfoParser] (main) Kafka commitId: f745dfdcee2b9851
2025-08-05 17:02:35,506 INFO  [org.apa.kaf.com.uti.AppInfoParser] (main) Kafka startTimeMs: 1754413355506
2025-08-05 17:02:35,507 INFO  [io.api.tes.ser.api.SimpleSerdesTesterBuilder$SimpleSerdesTester] (main) Using producer configuration: {apicurio.registry.find-latest=true, apicurio.registry.url=http://registry-app-inmemory.apps.ci419.apicurio-testing.org:80/apis/registry/v3, apicurio.registry.artifact-resolver-strategy=io.apicurio.registry.serde.strategy.TopicIdStrategy, value.serializer=io.apicurio.registry.serde.avro.AvroKafkaSerializer, request.timeout.ms=5000, acks=all, bootstrap.servers=PLAINTEXT://localhost:32769, connections.max.idle.ms=10000, key.serializer=org.apache.kafka.common.serialization.StringSerializer, client.id=Producer-topic-8e2f274c_837a_46c5_8afb_2bca95aeaf56}
2025-08-05 17:02:35,507 INFO  [io.api.tes.ser.api.SimpleSerdesTesterBuilder$SimpleSerdesTester] (main) Using consumer configuration: {}
2025-08-05 17:02:35,507 INFO  [io.api.tes.ser.api.KafkaSerdesTester] (Thread-645) Sending message {"key11754413354458": "value-0"} to topic topic-8e2f274c_837a_46c5_8afb_2bca95aeaf56
2025-08-05 17:02:35,511 INFO  [org.apa.kaf.cli.Metadata] (kafka-producer-network-thread | Producer-topic-8e2f274c_837a_46c5_8afb_2bca95aeaf56) [Producer clientId=Producer-topic-8e2f274c_837a_46c5_8afb_2bca95aeaf56] Cluster ID: utE1hb3GTCWLCoAPsWG7_Q
2025-08-05 17:02:35,512 INFO  [org.apa.kaf.cli.pro.int.TransactionManager] (kafka-producer-network-thread | Producer-topic-8e2f274c_837a_46c5_8afb_2bca95aeaf56) [Producer clientId=Producer-topic-8e2f274c_837a_46c5_8afb_2bca95aeaf56] ProducerId set to 9 with epoch 0
2025-08-05 17:02:35,568 INFO  [io.api.tes.ser.api.KafkaSerdesTester] (Thread-645) Sending message {"key11754413354458": "value-1"} to topic topic-8e2f274c_837a_46c5_8afb_2bca95aeaf56
2025-08-05 17:02:35,570 INFO  [io.api.tes.ser.api.KafkaSerdesTester] (Thread-645) Sending message {"key11754413354458": "value-2"} to topic topic-8e2f274c_837a_46c5_8afb_2bca95aeaf56
2025-08-05 17:02:35,573 INFO  [io.api.tes.ser.api.KafkaSerdesTester] (Thread-645) Sending message {"key11754413354458": "value-3"} to topic topic-8e2f274c_837a_46c5_8afb_2bca95aeaf56
2025-08-05 17:02:35,575 INFO  [io.api.tes.ser.api.KafkaSerdesTester] (Thread-645) Sending message {"key11754413354458": "value-4"} to topic topic-8e2f274c_837a_46c5_8afb_2bca95aeaf56
2025-08-05 17:02:35,578 INFO  [io.api.tes.ser.api.KafkaSerdesTester] (Thread-645) Sending message {"key11754413354458": "value-5"} to topic topic-8e2f274c_837a_46c5_8afb_2bca95aeaf56
2025-08-05 17:02:35,580 INFO  [io.api.tes.ser.api.KafkaSerdesTester] (Thread-645) Sending message {"key11754413354458": "value-6"} to topic topic-8e2f274c_837a_46c5_8afb_2bca95aeaf56
2025-08-05 17:02:35,582 INFO  [io.api.tes.ser.api.KafkaSerdesTester] (Thread-645) Sending message {"key11754413354458": "value-7"} to topic topic-8e2f274c_837a_46c5_8afb_2bca95aeaf56
2025-08-05 17:02:35,587 INFO  [io.api.tes.ser.api.KafkaSerdesTester] (Thread-645) Sending message {"key11754413354458": "value-8"} to topic topic-8e2f274c_837a_46c5_8afb_2bca95aeaf56
2025-08-05 17:02:35,589 INFO  [io.api.tes.ser.api.KafkaSerdesTester] (Thread-645) Sending message {"key11754413354458": "value-9"} to topic topic-8e2f274c_837a_46c5_8afb_2bca95aeaf56
2025-08-05 17:02:35,591 INFO  [io.api.tes.ser.api.KafkaSerdesTester] (Thread-645) Produced 10 messages
2025-08-05 17:02:35,591 INFO  [org.apa.kaf.cli.pro.KafkaProducer] (Thread-645) [Producer clientId=Producer-topic-8e2f274c_837a_46c5_8afb_2bca95aeaf56] Closing the Kafka producer with timeoutMillis = 9223372036854775807 ms.
2025-08-05 17:02:35,593 INFO  [org.apa.kaf.com.met.Metrics] (Thread-645) Metrics scheduler closed
2025-08-05 17:02:35,593 INFO  [org.apa.kaf.com.met.Metrics] (Thread-645) Closing reporter org.apache.kafka.common.metrics.JmxReporter
2025-08-05 17:02:35,593 INFO  [org.apa.kaf.com.met.Metrics] (Thread-645) Closing reporter org.apache.kafka.common.telemetry.internals.ClientTelemetryReporter
2025-08-05 17:02:35,593 INFO  [org.apa.kaf.com.met.Metrics] (Thread-645) Metrics reporters closed
2025-08-05 17:02:35,593 INFO  [org.apa.kaf.com.uti.AppInfoParser] (Thread-645) App info kafka.producer for Producer-topic-8e2f274c_837a_46c5_8afb_2bca95aeaf56 unregistered
**** Registry Base URL: http://registry-app-inmemory.apps.ci419.apicurio-testing.org:80
2025-08-05 17:02:35,594 INFO  [org.apa.kaf.cli.con.ConsumerConfig] (main) ConsumerConfig values: 
	allow.auto.create.topics = true
	auto.commit.interval.ms = 500
	auto.include.jmx.reporter = true
	auto.offset.reset = earliest
	bootstrap.servers = [PLAINTEXT://localhost:32769]
	check.crcs = true
	client.dns.lookup = use_all_dns_ips
	client.id = consumer-Consumer-topic-8e2f274c_837a_46c5_8afb_2bca95aeaf56-7
	client.rack = 
	connections.max.idle.ms = 10000
	default.api.timeout.ms = 60000
	enable.auto.commit = true
	enable.metrics.push = true
	exclude.internal.topics = true
	fetch.max.bytes = 52428800
	fetch.max.wait.ms = 500
	fetch.min.bytes = 1
	group.id = Consumer-topic-8e2f274c_837a_46c5_8afb_2bca95aeaf56
	group.instance.id = null
	group.protocol = classic
	group.remote.assignor = null
	heartbeat.interval.ms = 3000
	interceptor.classes = []
	internal.leave.group.on.close = true
	internal.throw.on.fetch.stable.offset.unsupported = false
	isolation.level = read_uncommitted
	key.deserializer = class org.apache.kafka.common.serialization.StringDeserializer
	max.partition.fetch.bytes = 1048576
	max.poll.interval.ms = 300000
	max.poll.records = 500
	metadata.max.age.ms = 300000
	metadata.recovery.strategy = none
	metric.reporters = []
	metrics.num.samples = 2
	metrics.recording.level = INFO
	metrics.sample.window.ms = 30000
	partition.assignment.strategy = [class org.apache.kafka.clients.consumer.RangeAssignor, class org.apache.kafka.clients.consumer.CooperativeStickyAssignor]
	receive.buffer.bytes = 65536
	reconnect.backoff.max.ms = 1000
	reconnect.backoff.ms = 50
	request.timeout.ms = 5000
	retry.backoff.max.ms = 1000
	retry.backoff.ms = 100
	sasl.client.callback.handler.class = null
	sasl.jaas.config = null
	sasl.kerberos.kinit.cmd = /usr/bin/kinit
	sasl.kerberos.min.time.before.relogin = 60000
	sasl.kerberos.service.name = null
	sasl.kerberos.ticket.renew.jitter = 0.05
	sasl.kerberos.ticket.renew.window.factor = 0.8
	sasl.login.callback.handler.class = null
	sasl.login.class = null
	sasl.login.connect.timeout.ms = null
	sasl.login.read.timeout.ms = null
	sasl.login.refresh.buffer.seconds = 300
	sasl.login.refresh.min.period.seconds = 60
	sasl.login.refresh.window.factor = 0.8
	sasl.login.refresh.window.jitter = 0.05
	sasl.login.retry.backoff.max.ms = 10000
	sasl.login.retry.backoff.ms = 100
	sasl.mechanism = GSSAPI
	sasl.oauthbearer.clock.skew.seconds = 30
	sasl.oauthbearer.expected.audience = null
	sasl.oauthbearer.expected.issuer = null
	sasl.oauthbearer.header.urlencode = false
	sasl.oauthbearer.jwks.endpoint.refresh.ms = 3600000
	sasl.oauthbearer.jwks.endpoint.retry.backoff.max.ms = 10000
	sasl.oauthbearer.jwks.endpoint.retry.backoff.ms = 100
	sasl.oauthbearer.jwks.endpoint.url = null
	sasl.oauthbearer.scope.claim.name = scope
	sasl.oauthbearer.sub.claim.name = sub
	sasl.oauthbearer.token.endpoint.url = null
	security.protocol = PLAINTEXT
	security.providers = null
	send.buffer.bytes = 131072
	session.timeout.ms = 45000
	socket.connection.setup.timeout.max.ms = 30000
	socket.connection.setup.timeout.ms = 10000
	ssl.cipher.suites = null
	ssl.enabled.protocols = [TLSv1.2, TLSv1.3]
	ssl.endpoint.identification.algorithm = https
	ssl.engine.factory.class = null
	ssl.key.password = null
	ssl.keymanager.algorithm = SunX509
	ssl.keystore.certificate.chain = null
	ssl.keystore.key = null
	ssl.keystore.location = null
	ssl.keystore.password = null
	ssl.keystore.type = JKS
	ssl.protocol = TLSv1.3
	ssl.provider = null
	ssl.secure.random.implementation = null
	ssl.trustmanager.algorithm = PKIX
	ssl.truststore.certificates = null
	ssl.truststore.location = null
	ssl.truststore.password = null
	ssl.truststore.type = JKS
	value.deserializer = class io.apicurio.registry.serde.avro.AvroKafkaDeserializer

2025-08-05 17:02:35,594 INFO  [org.apa.kaf.com.tel.int.KafkaMetricsCollector] (main) initializing Kafka metrics collector
2025-08-05 17:02:35,603 INFO  [org.apa.kaf.cli.con.ConsumerConfig] (main) These configurations '[apicurio.registry.url]' were supplied but are not used yet.
2025-08-05 17:02:35,603 INFO  [org.apa.kaf.com.uti.AppInfoParser] (main) Kafka version: 3.9.1
2025-08-05 17:02:35,603 INFO  [org.apa.kaf.com.uti.AppInfoParser] (main) Kafka commitId: f745dfdcee2b9851
2025-08-05 17:02:35,603 INFO  [org.apa.kaf.com.uti.AppInfoParser] (main) Kafka startTimeMs: 1754413355603
2025-08-05 17:02:35,604 INFO  [org.apa.kaf.cli.con.int.ClassicKafkaConsumer] (Thread-648) [Consumer clientId=consumer-Consumer-topic-8e2f274c_837a_46c5_8afb_2bca95aeaf56-7, groupId=Consumer-topic-8e2f274c_837a_46c5_8afb_2bca95aeaf56] Subscribed to topic(s): topic-8e2f274c_837a_46c5_8afb_2bca95aeaf56
2025-08-05 17:02:35,607 INFO  [org.apa.kaf.cli.Metadata] (Thread-648) [Consumer clientId=consumer-Consumer-topic-8e2f274c_837a_46c5_8afb_2bca95aeaf56-7, groupId=Consumer-topic-8e2f274c_837a_46c5_8afb_2bca95aeaf56] Cluster ID: utE1hb3GTCWLCoAPsWG7_Q
2025-08-05 17:02:35,608 INFO  [org.apa.kaf.cli.con.int.ConsumerCoordinator] (Thread-648) [Consumer clientId=consumer-Consumer-topic-8e2f274c_837a_46c5_8afb_2bca95aeaf56-7, groupId=Consumer-topic-8e2f274c_837a_46c5_8afb_2bca95aeaf56] Discovered group coordinator localhost:32769 (id: 2147483647 rack: null)
2025-08-05 17:02:35,610 INFO  [org.apa.kaf.cli.con.int.ConsumerCoordinator] (Thread-648) [Consumer clientId=consumer-Consumer-topic-8e2f274c_837a_46c5_8afb_2bca95aeaf56-7, groupId=Consumer-topic-8e2f274c_837a_46c5_8afb_2bca95aeaf56] (Re-)joining group
2025-08-05 17:02:35,612 INFO  [org.apa.kaf.cli.con.int.ConsumerCoordinator] (Thread-648) [Consumer clientId=consumer-Consumer-topic-8e2f274c_837a_46c5_8afb_2bca95aeaf56-7, groupId=Consumer-topic-8e2f274c_837a_46c5_8afb_2bca95aeaf56] Request joining group due to: need to re-join with the given member-id: consumer-Consumer-topic-8e2f274c_837a_46c5_8afb_2bca95aeaf56-7-ad743c24-9e11-49c5-bd51-d8774a1f1e76
2025-08-05 17:02:35,612 INFO  [org.apa.kaf.cli.con.int.ConsumerCoordinator] (Thread-648) [Consumer clientId=consumer-Consumer-topic-8e2f274c_837a_46c5_8afb_2bca95aeaf56-7, groupId=Consumer-topic-8e2f274c_837a_46c5_8afb_2bca95aeaf56] (Re-)joining group
2025-08-05 17:02:36,604 INFO  [io.api.tes.ser.api.KafkaSerdesTester] (Thread-648) None found
2025-08-05 17:02:37,606 INFO  [io.api.tes.ser.api.KafkaSerdesTester] (Thread-648) None found
2025-08-05 17:02:38,606 INFO  [io.api.tes.ser.api.KafkaSerdesTester] (Thread-648) None found
2025-08-05 17:02:38,614 INFO  [org.apa.kaf.cli.con.int.ConsumerCoordinator] (Thread-648) [Consumer clientId=consumer-Consumer-topic-8e2f274c_837a_46c5_8afb_2bca95aeaf56-7, groupId=Consumer-topic-8e2f274c_837a_46c5_8afb_2bca95aeaf56] Successfully joined group with generation Generation{generationId=1, memberId='consumer-Consumer-topic-8e2f274c_837a_46c5_8afb_2bca95aeaf56-7-ad743c24-9e11-49c5-bd51-d8774a1f1e76', protocol='range'}
2025-08-05 17:02:38,614 INFO  [org.apa.kaf.cli.con.int.ConsumerCoordinator] (Thread-648) [Consumer clientId=consumer-Consumer-topic-8e2f274c_837a_46c5_8afb_2bca95aeaf56-7, groupId=Consumer-topic-8e2f274c_837a_46c5_8afb_2bca95aeaf56] Finished assignment for group at generation 1: {consumer-Consumer-topic-8e2f274c_837a_46c5_8afb_2bca95aeaf56-7-ad743c24-9e11-49c5-bd51-d8774a1f1e76=Assignment(partitions=[topic-8e2f274c_837a_46c5_8afb_2bca95aeaf56-0])}
2025-08-05 17:02:38,622 INFO  [org.apa.kaf.cli.con.int.ConsumerCoordinator] (Thread-648) [Consumer clientId=consumer-Consumer-topic-8e2f274c_837a_46c5_8afb_2bca95aeaf56-7, groupId=Consumer-topic-8e2f274c_837a_46c5_8afb_2bca95aeaf56] Successfully synced group in generation Generation{generationId=1, memberId='consumer-Consumer-topic-8e2f274c_837a_46c5_8afb_2bca95aeaf56-7-ad743c24-9e11-49c5-bd51-d8774a1f1e76', protocol='range'}
2025-08-05 17:02:38,622 INFO  [org.apa.kaf.cli.con.int.ConsumerCoordinator] (Thread-648) [Consumer clientId=consumer-Consumer-topic-8e2f274c_837a_46c5_8afb_2bca95aeaf56-7, groupId=Consumer-topic-8e2f274c_837a_46c5_8afb_2bca95aeaf56] Notifying assignor about the new Assignment(partitions=[topic-8e2f274c_837a_46c5_8afb_2bca95aeaf56-0])
2025-08-05 17:02:38,622 INFO  [org.apa.kaf.cli.con.int.ConsumerRebalanceListenerInvoker] (Thread-648) [Consumer clientId=consumer-Consumer-topic-8e2f274c_837a_46c5_8afb_2bca95aeaf56-7, groupId=Consumer-topic-8e2f274c_837a_46c5_8afb_2bca95aeaf56] Adding newly assigned partitions: topic-8e2f274c_837a_46c5_8afb_2bca95aeaf56-0
2025-08-05 17:02:38,623 INFO  [org.apa.kaf.cli.con.int.ConsumerCoordinator] (Thread-648) [Consumer clientId=consumer-Consumer-topic-8e2f274c_837a_46c5_8afb_2bca95aeaf56-7, groupId=Consumer-topic-8e2f274c_837a_46c5_8afb_2bca95aeaf56] Found no committed offset for partition topic-8e2f274c_837a_46c5_8afb_2bca95aeaf56-0
2025-08-05 17:02:38,626 INFO  [org.apa.kaf.cli.con.int.SubscriptionState] (Thread-648) [Consumer clientId=consumer-Consumer-topic-8e2f274c_837a_46c5_8afb_2bca95aeaf56-7, groupId=Consumer-topic-8e2f274c_837a_46c5_8afb_2bca95aeaf56] Resetting offset for partition topic-8e2f274c_837a_46c5_8afb_2bca95aeaf56-0 to position FetchPosition{offset=0, offsetEpoch=Optional.empty, currentLeader=LeaderAndEpoch{leader=Optional[localhost:32769 (id: 0 rack: null)], epoch=0}}.
2025-08-05 17:02:38,674 INFO  [io.api.tes.ser.api.KafkaSerdesTester] (Thread-648) topic-8e2f274c_837a_46c5_8afb_2bca95aeaf56 0 0 {"key11754413354458": "value-0"}
2025-08-05 17:02:38,674 INFO  [io.api.tes.ser.api.KafkaSerdesTester] (Thread-648) topic-8e2f274c_837a_46c5_8afb_2bca95aeaf56 0 1 {"key11754413354458": "value-1"}
2025-08-05 17:02:38,674 INFO  [io.api.tes.ser.api.KafkaSerdesTester] (Thread-648) topic-8e2f274c_837a_46c5_8afb_2bca95aeaf56 0 2 {"key11754413354458": "value-2"}
2025-08-05 17:02:38,674 INFO  [io.api.tes.ser.api.KafkaSerdesTester] (Thread-648) topic-8e2f274c_837a_46c5_8afb_2bca95aeaf56 0 3 {"key11754413354458": "value-3"}
2025-08-05 17:02:38,674 INFO  [io.api.tes.ser.api.KafkaSerdesTester] (Thread-648) topic-8e2f274c_837a_46c5_8afb_2bca95aeaf56 0 4 {"key11754413354458": "value-4"}
2025-08-05 17:02:38,674 INFO  [io.api.tes.ser.api.KafkaSerdesTester] (Thread-648) topic-8e2f274c_837a_46c5_8afb_2bca95aeaf56 0 5 {"key11754413354458": "value-5"}
2025-08-05 17:02:38,674 INFO  [io.api.tes.ser.api.KafkaSerdesTester] (Thread-648) topic-8e2f274c_837a_46c5_8afb_2bca95aeaf56 0 6 {"key11754413354458": "value-6"}
2025-08-05 17:02:38,674 INFO  [io.api.tes.ser.api.KafkaSerdesTester] (Thread-648) topic-8e2f274c_837a_46c5_8afb_2bca95aeaf56 0 7 {"key11754413354458": "value-7"}
2025-08-05 17:02:38,674 INFO  [io.api.tes.ser.api.KafkaSerdesTester] (Thread-648) topic-8e2f274c_837a_46c5_8afb_2bca95aeaf56 0 8 {"key11754413354458": "value-8"}
2025-08-05 17:02:38,674 INFO  [io.api.tes.ser.api.KafkaSerdesTester] (Thread-648) topic-8e2f274c_837a_46c5_8afb_2bca95aeaf56 0 9 {"key11754413354458": "value-9"}
2025-08-05 17:02:38,674 INFO  [io.api.tes.ser.api.KafkaSerdesTester] (Thread-648) Consumed 10 messages
2025-08-05 17:02:38,683 INFO  [org.apa.kaf.cli.con.int.ConsumerRebalanceListenerInvoker] (Thread-648) [Consumer clientId=consumer-Consumer-topic-8e2f274c_837a_46c5_8afb_2bca95aeaf56-7, groupId=Consumer-topic-8e2f274c_837a_46c5_8afb_2bca95aeaf56] Revoke previously assigned partitions topic-8e2f274c_837a_46c5_8afb_2bca95aeaf56-0
2025-08-05 17:02:38,683 INFO  [org.apa.kaf.cli.con.int.ConsumerCoordinator] (Thread-648) [Consumer clientId=consumer-Consumer-topic-8e2f274c_837a_46c5_8afb_2bca95aeaf56-7, groupId=Consumer-topic-8e2f274c_837a_46c5_8afb_2bca95aeaf56] Member consumer-Consumer-topic-8e2f274c_837a_46c5_8afb_2bca95aeaf56-7-ad743c24-9e11-49c5-bd51-d8774a1f1e76 sending LeaveGroup request to coordinator localhost:32769 (id: 2147483647 rack: null) due to the consumer is being closed
2025-08-05 17:02:38,683 INFO  [org.apa.kaf.cli.con.int.ConsumerCoordinator] (Thread-648) [Consumer clientId=consumer-Consumer-topic-8e2f274c_837a_46c5_8afb_2bca95aeaf56-7, groupId=Consumer-topic-8e2f274c_837a_46c5_8afb_2bca95aeaf56] Resetting generation and member id due to: consumer pro-actively leaving the group
2025-08-05 17:02:38,683 INFO  [org.apa.kaf.cli.con.int.ConsumerCoordinator] (Thread-648) [Consumer clientId=consumer-Consumer-topic-8e2f274c_837a_46c5_8afb_2bca95aeaf56-7, groupId=Consumer-topic-8e2f274c_837a_46c5_8afb_2bca95aeaf56] Request joining group due to: consumer pro-actively leaving the group
2025-08-05 17:02:39,177 INFO  [org.apa.kaf.com.met.Metrics] (Thread-648) Metrics scheduler closed
2025-08-05 17:02:39,177 INFO  [org.apa.kaf.com.met.Metrics] (Thread-648) Closing reporter org.apache.kafka.common.metrics.JmxReporter
2025-08-05 17:02:39,177 INFO  [org.apa.kaf.com.met.Metrics] (Thread-648) Closing reporter org.apache.kafka.common.telemetry.internals.ClientTelemetryReporter
2025-08-05 17:02:39,177 INFO  [org.apa.kaf.com.met.Metrics] (Thread-648) Metrics reporters closed
2025-08-05 17:02:39,180 INFO  [org.apa.kaf.com.uti.AppInfoParser] (Thread-648) App info kafka.consumer for consumer-Consumer-topic-8e2f274c_837a_46c5_8afb_2bca95aeaf56-7 unregistered
2025-08-05 17:02:39,181 INFO  [io.api.tes.uti.TestSeparator] (main) io.apicurio.tests.serdes.apicurio.AvroSerdeIT.testTopicIdStrategyFindLatest-FINISHED
2025-08-05 17:02:39,181 INFO  [io.api.tes.uti.TestSeparator] (main) ############################################################################
Test passed: testTopicIdStrategyFindLatest
]]></system-out>
  </testcase>
  <testcase name="testAvroUnionWithSpecificReader" classname="io.apicurio.tests.serdes.apicurio.AvroSerdeIT" time="3.92">
    <system-out><![CDATA[2025-08-05 17:02:39,184 INFO  [io.api.tes.uti.TestSeparator] (main) ############################################################################
2025-08-05 17:02:39,184 INFO  [io.api.tes.uti.TestSeparator] (main) io.apicurio.tests.serdes.apicurio.AvroSerdeIT.testAvroUnionWithSpecificReader-STARTED
**** Registry Base URL: http://registry-app-inmemory.apps.ci419.apicurio-testing.org:80
2025-08-05 17:02:39,191 INFO  [org.apa.kaf.cli.pro.ProducerConfig] (main) ProducerConfig values: 
	acks = -1
	auto.include.jmx.reporter = true
	batch.size = 16384
	bootstrap.servers = [PLAINTEXT://localhost:32769]
	buffer.memory = 33554432
	client.dns.lookup = use_all_dns_ips
	client.id = Producer-topic-f85ad05c_e0b4_4a6a_aaa9_28ae656dbce7
	compression.gzip.level = -1
	compression.lz4.level = 9
	compression.type = none
	compression.zstd.level = 3
	connections.max.idle.ms = 10000
	delivery.timeout.ms = 120000
	enable.idempotence = true
	enable.metrics.push = true
	interceptor.classes = []
	key.serializer = class org.apache.kafka.common.serialization.StringSerializer
	linger.ms = 0
	max.block.ms = 60000
	max.in.flight.requests.per.connection = 5
	max.request.size = 1048576
	metadata.max.age.ms = 300000
	metadata.max.idle.ms = 300000
	metadata.recovery.strategy = none
	metric.reporters = []
	metrics.num.samples = 2
	metrics.recording.level = INFO
	metrics.sample.window.ms = 30000
	partitioner.adaptive.partitioning.enable = true
	partitioner.availability.timeout.ms = 0
	partitioner.class = null
	partitioner.ignore.keys = false
	receive.buffer.bytes = 32768
	reconnect.backoff.max.ms = 1000
	reconnect.backoff.ms = 50
	request.timeout.ms = 5000
	retries = 2147483647
	retry.backoff.max.ms = 1000
	retry.backoff.ms = 100
	sasl.client.callback.handler.class = null
	sasl.jaas.config = null
	sasl.kerberos.kinit.cmd = /usr/bin/kinit
	sasl.kerberos.min.time.before.relogin = 60000
	sasl.kerberos.service.name = null
	sasl.kerberos.ticket.renew.jitter = 0.05
	sasl.kerberos.ticket.renew.window.factor = 0.8
	sasl.login.callback.handler.class = null
	sasl.login.class = null
	sasl.login.connect.timeout.ms = null
	sasl.login.read.timeout.ms = null
	sasl.login.refresh.buffer.seconds = 300
	sasl.login.refresh.min.period.seconds = 60
	sasl.login.refresh.window.factor = 0.8
	sasl.login.refresh.window.jitter = 0.05
	sasl.login.retry.backoff.max.ms = 10000
	sasl.login.retry.backoff.ms = 100
	sasl.mechanism = GSSAPI
	sasl.oauthbearer.clock.skew.seconds = 30
	sasl.oauthbearer.expected.audience = null
	sasl.oauthbearer.expected.issuer = null
	sasl.oauthbearer.header.urlencode = false
	sasl.oauthbearer.jwks.endpoint.refresh.ms = 3600000
	sasl.oauthbearer.jwks.endpoint.retry.backoff.max.ms = 10000
	sasl.oauthbearer.jwks.endpoint.retry.backoff.ms = 100
	sasl.oauthbearer.jwks.endpoint.url = null
	sasl.oauthbearer.scope.claim.name = scope
	sasl.oauthbearer.sub.claim.name = sub
	sasl.oauthbearer.token.endpoint.url = null
	security.protocol = PLAINTEXT
	security.providers = null
	send.buffer.bytes = 131072
	socket.connection.setup.timeout.max.ms = 30000
	socket.connection.setup.timeout.ms = 10000
	ssl.cipher.suites = null
	ssl.enabled.protocols = [TLSv1.2, TLSv1.3]
	ssl.endpoint.identification.algorithm = https
	ssl.engine.factory.class = null
	ssl.key.password = null
	ssl.keymanager.algorithm = SunX509
	ssl.keystore.certificate.chain = null
	ssl.keystore.key = null
	ssl.keystore.location = null
	ssl.keystore.password = null
	ssl.keystore.type = JKS
	ssl.protocol = TLSv1.3
	ssl.provider = null
	ssl.secure.random.implementation = null
	ssl.trustmanager.algorithm = PKIX
	ssl.truststore.certificates = null
	ssl.truststore.location = null
	ssl.truststore.password = null
	ssl.truststore.type = JKS
	transaction.timeout.ms = 60000
	transactional.id = null
	value.serializer = class io.apicurio.registry.serde.avro.AvroKafkaSerializer

2025-08-05 17:02:39,192 INFO  [org.apa.kaf.com.tel.int.KafkaMetricsCollector] (main) initializing Kafka metrics collector
2025-08-05 17:02:39,195 INFO  [org.apa.kaf.cli.pro.KafkaProducer] (main) [Producer clientId=Producer-topic-f85ad05c_e0b4_4a6a_aaa9_28ae656dbce7] Instantiated an idempotent producer.
2025-08-05 17:02:39,197 INFO  [org.apa.kaf.cli.pro.ProducerConfig] (main) These configurations '[apicurio.registry.url, apicurio.registry.auto-register, apicurio.registry.artifact-resolver-strategy]' were supplied but are not used yet.
2025-08-05 17:02:39,197 INFO  [org.apa.kaf.com.uti.AppInfoParser] (main) Kafka version: 3.9.1
2025-08-05 17:02:39,197 INFO  [org.apa.kaf.com.uti.AppInfoParser] (main) Kafka commitId: f745dfdcee2b9851
2025-08-05 17:02:39,197 INFO  [org.apa.kaf.com.uti.AppInfoParser] (main) Kafka startTimeMs: 1754413359197
2025-08-05 17:02:39,197 INFO  [io.api.tes.ser.api.SimpleSerdesTesterBuilder$SimpleSerdesTester] (main) Using producer configuration: {apicurio.registry.url=http://registry-app-inmemory.apps.ci419.apicurio-testing.org:80/apis/registry/v3, apicurio.registry.auto-register=true, apicurio.registry.artifact-resolver-strategy=io.apicurio.registry.serde.strategy.TopicIdStrategy, value.serializer=io.apicurio.registry.serde.avro.AvroKafkaSerializer, request.timeout.ms=5000, acks=all, bootstrap.servers=PLAINTEXT://localhost:32769, connections.max.idle.ms=10000, key.serializer=org.apache.kafka.common.serialization.StringSerializer, client.id=Producer-topic-f85ad05c_e0b4_4a6a_aaa9_28ae656dbce7}
2025-08-05 17:02:39,197 INFO  [io.api.tes.ser.api.SimpleSerdesTesterBuilder$SimpleSerdesTester] (main) Using consumer configuration: {}
2025-08-05 17:02:39,199 INFO  [io.api.tes.ser.api.KafkaSerdesTester] (Thread-651) Sending message {"id": "record-0"} to topic topic-f85ad05c_e0b4_4a6a_aaa9_28ae656dbce7
2025-08-05 17:02:39,203 WARN  [org.apa.kaf.cli.NetworkClient] (kafka-producer-network-thread | Producer-topic-f85ad05c_e0b4_4a6a_aaa9_28ae656dbce7) [Producer clientId=Producer-topic-f85ad05c_e0b4_4a6a_aaa9_28ae656dbce7] The metadata response from the cluster reported a recoverable issue with correlation id 1 : {topic-f85ad05c_e0b4_4a6a_aaa9_28ae656dbce7=UNKNOWN_TOPIC_OR_PARTITION}
2025-08-05 17:02:39,203 INFO  [org.apa.kaf.cli.Metadata] (kafka-producer-network-thread | Producer-topic-f85ad05c_e0b4_4a6a_aaa9_28ae656dbce7) [Producer clientId=Producer-topic-f85ad05c_e0b4_4a6a_aaa9_28ae656dbce7] Cluster ID: utE1hb3GTCWLCoAPsWG7_Q
2025-08-05 17:02:39,204 INFO  [org.apa.kaf.cli.pro.int.TransactionManager] (kafka-producer-network-thread | Producer-topic-f85ad05c_e0b4_4a6a_aaa9_28ae656dbce7) [Producer clientId=Producer-topic-f85ad05c_e0b4_4a6a_aaa9_28ae656dbce7] ProducerId set to 10 with epoch 0
2025-08-05 17:02:39,355 INFO  [io.api.tes.ser.api.KafkaSerdesTester] (Thread-651) Sending message {"value": 1} to topic topic-f85ad05c_e0b4_4a6a_aaa9_28ae656dbce7
2025-08-05 17:02:39,385 INFO  [io.api.tes.ser.api.KafkaSerdesTester] (Thread-651) Sending message {"active": true} to topic topic-f85ad05c_e0b4_4a6a_aaa9_28ae656dbce7
2025-08-05 17:02:39,416 INFO  [io.api.tes.ser.api.KafkaSerdesTester] (Thread-651) Sending message {"id": "record-3"} to topic topic-f85ad05c_e0b4_4a6a_aaa9_28ae656dbce7
2025-08-05 17:02:39,418 INFO  [io.api.tes.ser.api.KafkaSerdesTester] (Thread-651) Sending message {"value": 4} to topic topic-f85ad05c_e0b4_4a6a_aaa9_28ae656dbce7
2025-08-05 17:02:39,421 INFO  [io.api.tes.ser.api.KafkaSerdesTester] (Thread-651) Sending message {"active": false} to topic topic-f85ad05c_e0b4_4a6a_aaa9_28ae656dbce7
2025-08-05 17:02:39,426 INFO  [io.api.tes.ser.api.KafkaSerdesTester] (Thread-651) Sending message {"id": "record-6"} to topic topic-f85ad05c_e0b4_4a6a_aaa9_28ae656dbce7
2025-08-05 17:02:39,431 INFO  [io.api.tes.ser.api.KafkaSerdesTester] (Thread-651) Sending message {"value": 7} to topic topic-f85ad05c_e0b4_4a6a_aaa9_28ae656dbce7
2025-08-05 17:02:39,433 INFO  [io.api.tes.ser.api.KafkaSerdesTester] (Thread-651) Sending message {"active": true} to topic topic-f85ad05c_e0b4_4a6a_aaa9_28ae656dbce7
2025-08-05 17:02:39,438 INFO  [io.api.tes.ser.api.KafkaSerdesTester] (Thread-651) Sending message {"id": "record-9"} to topic topic-f85ad05c_e0b4_4a6a_aaa9_28ae656dbce7
2025-08-05 17:02:39,440 INFO  [io.api.tes.ser.api.KafkaSerdesTester] (Thread-651) Produced 10 messages
2025-08-05 17:02:39,440 INFO  [org.apa.kaf.cli.pro.KafkaProducer] (Thread-651) [Producer clientId=Producer-topic-f85ad05c_e0b4_4a6a_aaa9_28ae656dbce7] Closing the Kafka producer with timeoutMillis = 9223372036854775807 ms.
2025-08-05 17:02:39,445 INFO  [org.apa.kaf.com.met.Metrics] (Thread-651) Metrics scheduler closed
2025-08-05 17:02:39,445 INFO  [org.apa.kaf.com.met.Metrics] (Thread-651) Closing reporter org.apache.kafka.common.metrics.JmxReporter
2025-08-05 17:02:39,445 INFO  [org.apa.kaf.com.met.Metrics] (Thread-651) Closing reporter org.apache.kafka.common.telemetry.internals.ClientTelemetryReporter
2025-08-05 17:02:39,445 INFO  [org.apa.kaf.com.met.Metrics] (Thread-651) Metrics reporters closed
2025-08-05 17:02:39,446 INFO  [org.apa.kaf.com.uti.AppInfoParser] (Thread-651) App info kafka.producer for Producer-topic-f85ad05c_e0b4_4a6a_aaa9_28ae656dbce7 unregistered
2025-08-05 17:02:39,462 INFO  [io.api.tes.ser.api.AvroSerdeIT] (main) Artifact topic-f85ad05c_e0b4_4a6a_aaa9_28ae656dbce7-value found in registry with globalId 25
**** Registry Base URL: http://registry-app-inmemory.apps.ci419.apicurio-testing.org:80
2025-08-05 17:02:39,463 INFO  [org.apa.kaf.cli.con.ConsumerConfig] (main) ConsumerConfig values: 
	allow.auto.create.topics = true
	auto.commit.interval.ms = 500
	auto.include.jmx.reporter = true
	auto.offset.reset = earliest
	bootstrap.servers = [PLAINTEXT://localhost:32769]
	check.crcs = true
	client.dns.lookup = use_all_dns_ips
	client.id = consumer-Consumer-topic-f85ad05c_e0b4_4a6a_aaa9_28ae656dbce7-8
	client.rack = 
	connections.max.idle.ms = 10000
	default.api.timeout.ms = 60000
	enable.auto.commit = true
	enable.metrics.push = true
	exclude.internal.topics = true
	fetch.max.bytes = 52428800
	fetch.max.wait.ms = 500
	fetch.min.bytes = 1
	group.id = Consumer-topic-f85ad05c_e0b4_4a6a_aaa9_28ae656dbce7
	group.instance.id = null
	group.protocol = classic
	group.remote.assignor = null
	heartbeat.interval.ms = 3000
	interceptor.classes = []
	internal.leave.group.on.close = true
	internal.throw.on.fetch.stable.offset.unsupported = false
	isolation.level = read_uncommitted
	key.deserializer = class org.apache.kafka.common.serialization.StringDeserializer
	max.partition.fetch.bytes = 1048576
	max.poll.interval.ms = 300000
	max.poll.records = 500
	metadata.max.age.ms = 300000
	metadata.recovery.strategy = none
	metric.reporters = []
	metrics.num.samples = 2
	metrics.recording.level = INFO
	metrics.sample.window.ms = 30000
	partition.assignment.strategy = [class org.apache.kafka.clients.consumer.RangeAssignor, class org.apache.kafka.clients.consumer.CooperativeStickyAssignor]
	receive.buffer.bytes = 65536
	reconnect.backoff.max.ms = 1000
	reconnect.backoff.ms = 50
	request.timeout.ms = 5000
	retry.backoff.max.ms = 1000
	retry.backoff.ms = 100
	sasl.client.callback.handler.class = null
	sasl.jaas.config = null
	sasl.kerberos.kinit.cmd = /usr/bin/kinit
	sasl.kerberos.min.time.before.relogin = 60000
	sasl.kerberos.service.name = null
	sasl.kerberos.ticket.renew.jitter = 0.05
	sasl.kerberos.ticket.renew.window.factor = 0.8
	sasl.login.callback.handler.class = null
	sasl.login.class = null
	sasl.login.connect.timeout.ms = null
	sasl.login.read.timeout.ms = null
	sasl.login.refresh.buffer.seconds = 300
	sasl.login.refresh.min.period.seconds = 60
	sasl.login.refresh.window.factor = 0.8
	sasl.login.refresh.window.jitter = 0.05
	sasl.login.retry.backoff.max.ms = 10000
	sasl.login.retry.backoff.ms = 100
	sasl.mechanism = GSSAPI
	sasl.oauthbearer.clock.skew.seconds = 30
	sasl.oauthbearer.expected.audience = null
	sasl.oauthbearer.expected.issuer = null
	sasl.oauthbearer.header.urlencode = false
	sasl.oauthbearer.jwks.endpoint.refresh.ms = 3600000
	sasl.oauthbearer.jwks.endpoint.retry.backoff.max.ms = 10000
	sasl.oauthbearer.jwks.endpoint.retry.backoff.ms = 100
	sasl.oauthbearer.jwks.endpoint.url = null
	sasl.oauthbearer.scope.claim.name = scope
	sasl.oauthbearer.sub.claim.name = sub
	sasl.oauthbearer.token.endpoint.url = null
	security.protocol = PLAINTEXT
	security.providers = null
	send.buffer.bytes = 131072
	session.timeout.ms = 45000
	socket.connection.setup.timeout.max.ms = 30000
	socket.connection.setup.timeout.ms = 10000
	ssl.cipher.suites = null
	ssl.enabled.protocols = [TLSv1.2, TLSv1.3]
	ssl.endpoint.identification.algorithm = https
	ssl.engine.factory.class = null
	ssl.key.password = null
	ssl.keymanager.algorithm = SunX509
	ssl.keystore.certificate.chain = null
	ssl.keystore.key = null
	ssl.keystore.location = null
	ssl.keystore.password = null
	ssl.keystore.type = JKS
	ssl.protocol = TLSv1.3
	ssl.provider = null
	ssl.secure.random.implementation = null
	ssl.trustmanager.algorithm = PKIX
	ssl.truststore.certificates = null
	ssl.truststore.location = null
	ssl.truststore.password = null
	ssl.truststore.type = JKS
	value.deserializer = class io.apicurio.registry.serde.avro.AvroKafkaDeserializer

2025-08-05 17:02:39,463 INFO  [org.apa.kaf.com.tel.int.KafkaMetricsCollector] (main) initializing Kafka metrics collector
2025-08-05 17:02:39,475 INFO  [org.apa.kaf.cli.con.ConsumerConfig] (main) These configurations '[apicurio.registry.url]' were supplied but are not used yet.
2025-08-05 17:02:39,476 INFO  [org.apa.kaf.com.uti.AppInfoParser] (main) Kafka version: 3.9.1
2025-08-05 17:02:39,476 INFO  [org.apa.kaf.com.uti.AppInfoParser] (main) Kafka commitId: f745dfdcee2b9851
2025-08-05 17:02:39,476 INFO  [org.apa.kaf.com.uti.AppInfoParser] (main) Kafka startTimeMs: 1754413359476
2025-08-05 17:02:39,477 INFO  [org.apa.kaf.cli.con.int.ClassicKafkaConsumer] (Thread-654) [Consumer clientId=consumer-Consumer-topic-f85ad05c_e0b4_4a6a_aaa9_28ae656dbce7-8, groupId=Consumer-topic-f85ad05c_e0b4_4a6a_aaa9_28ae656dbce7] Subscribed to topic(s): topic-f85ad05c_e0b4_4a6a_aaa9_28ae656dbce7
2025-08-05 17:02:39,485 INFO  [org.apa.kaf.cli.Metadata] (Thread-654) [Consumer clientId=consumer-Consumer-topic-f85ad05c_e0b4_4a6a_aaa9_28ae656dbce7-8, groupId=Consumer-topic-f85ad05c_e0b4_4a6a_aaa9_28ae656dbce7] Cluster ID: utE1hb3GTCWLCoAPsWG7_Q
2025-08-05 17:02:39,486 INFO  [org.apa.kaf.cli.con.int.ConsumerCoordinator] (Thread-654) [Consumer clientId=consumer-Consumer-topic-f85ad05c_e0b4_4a6a_aaa9_28ae656dbce7-8, groupId=Consumer-topic-f85ad05c_e0b4_4a6a_aaa9_28ae656dbce7] Discovered group coordinator localhost:32769 (id: 2147483647 rack: null)
2025-08-05 17:02:39,489 INFO  [org.apa.kaf.cli.con.int.ConsumerCoordinator] (Thread-654) [Consumer clientId=consumer-Consumer-topic-f85ad05c_e0b4_4a6a_aaa9_28ae656dbce7-8, groupId=Consumer-topic-f85ad05c_e0b4_4a6a_aaa9_28ae656dbce7] (Re-)joining group
2025-08-05 17:02:39,491 INFO  [org.apa.kaf.cli.con.int.ConsumerCoordinator] (Thread-654) [Consumer clientId=consumer-Consumer-topic-f85ad05c_e0b4_4a6a_aaa9_28ae656dbce7-8, groupId=Consumer-topic-f85ad05c_e0b4_4a6a_aaa9_28ae656dbce7] Request joining group due to: need to re-join with the given member-id: consumer-Consumer-topic-f85ad05c_e0b4_4a6a_aaa9_28ae656dbce7-8-14b8fa9b-d58f-478f-ab92-fb6196a7455a
2025-08-05 17:02:39,491 INFO  [org.apa.kaf.cli.con.int.ConsumerCoordinator] (Thread-654) [Consumer clientId=consumer-Consumer-topic-f85ad05c_e0b4_4a6a_aaa9_28ae656dbce7-8, groupId=Consumer-topic-f85ad05c_e0b4_4a6a_aaa9_28ae656dbce7] (Re-)joining group
2025-08-05 17:02:40,477 INFO  [io.api.tes.ser.api.KafkaSerdesTester] (Thread-654) None found
2025-08-05 17:02:41,478 INFO  [io.api.tes.ser.api.KafkaSerdesTester] (Thread-654) None found
2025-08-05 17:02:42,478 INFO  [io.api.tes.ser.api.KafkaSerdesTester] (Thread-654) None found
2025-08-05 17:02:42,494 INFO  [org.apa.kaf.cli.con.int.ConsumerCoordinator] (Thread-654) [Consumer clientId=consumer-Consumer-topic-f85ad05c_e0b4_4a6a_aaa9_28ae656dbce7-8, groupId=Consumer-topic-f85ad05c_e0b4_4a6a_aaa9_28ae656dbce7] Successfully joined group with generation Generation{generationId=1, memberId='consumer-Consumer-topic-f85ad05c_e0b4_4a6a_aaa9_28ae656dbce7-8-14b8fa9b-d58f-478f-ab92-fb6196a7455a', protocol='range'}
2025-08-05 17:02:42,494 INFO  [org.apa.kaf.cli.con.int.ConsumerCoordinator] (Thread-654) [Consumer clientId=consumer-Consumer-topic-f85ad05c_e0b4_4a6a_aaa9_28ae656dbce7-8, groupId=Consumer-topic-f85ad05c_e0b4_4a6a_aaa9_28ae656dbce7] Finished assignment for group at generation 1: {consumer-Consumer-topic-f85ad05c_e0b4_4a6a_aaa9_28ae656dbce7-8-14b8fa9b-d58f-478f-ab92-fb6196a7455a=Assignment(partitions=[topic-f85ad05c_e0b4_4a6a_aaa9_28ae656dbce7-0])}
2025-08-05 17:02:42,502 INFO  [org.apa.kaf.cli.con.int.ConsumerCoordinator] (Thread-654) [Consumer clientId=consumer-Consumer-topic-f85ad05c_e0b4_4a6a_aaa9_28ae656dbce7-8, groupId=Consumer-topic-f85ad05c_e0b4_4a6a_aaa9_28ae656dbce7] Successfully synced group in generation Generation{generationId=1, memberId='consumer-Consumer-topic-f85ad05c_e0b4_4a6a_aaa9_28ae656dbce7-8-14b8fa9b-d58f-478f-ab92-fb6196a7455a', protocol='range'}
2025-08-05 17:02:42,502 INFO  [org.apa.kaf.cli.con.int.ConsumerCoordinator] (Thread-654) [Consumer clientId=consumer-Consumer-topic-f85ad05c_e0b4_4a6a_aaa9_28ae656dbce7-8, groupId=Consumer-topic-f85ad05c_e0b4_4a6a_aaa9_28ae656dbce7] Notifying assignor about the new Assignment(partitions=[topic-f85ad05c_e0b4_4a6a_aaa9_28ae656dbce7-0])
2025-08-05 17:02:42,502 INFO  [org.apa.kaf.cli.con.int.ConsumerRebalanceListenerInvoker] (Thread-654) [Consumer clientId=consumer-Consumer-topic-f85ad05c_e0b4_4a6a_aaa9_28ae656dbce7-8, groupId=Consumer-topic-f85ad05c_e0b4_4a6a_aaa9_28ae656dbce7] Adding newly assigned partitions: topic-f85ad05c_e0b4_4a6a_aaa9_28ae656dbce7-0
2025-08-05 17:02:42,503 INFO  [org.apa.kaf.cli.con.int.ConsumerCoordinator] (Thread-654) [Consumer clientId=consumer-Consumer-topic-f85ad05c_e0b4_4a6a_aaa9_28ae656dbce7-8, groupId=Consumer-topic-f85ad05c_e0b4_4a6a_aaa9_28ae656dbce7] Found no committed offset for partition topic-f85ad05c_e0b4_4a6a_aaa9_28ae656dbce7-0
2025-08-05 17:02:42,506 INFO  [org.apa.kaf.cli.con.int.SubscriptionState] (Thread-654) [Consumer clientId=consumer-Consumer-topic-f85ad05c_e0b4_4a6a_aaa9_28ae656dbce7-8, groupId=Consumer-topic-f85ad05c_e0b4_4a6a_aaa9_28ae656dbce7] Resetting offset for partition topic-f85ad05c_e0b4_4a6a_aaa9_28ae656dbce7-0 to position FetchPosition{offset=0, offsetEpoch=Optional.empty, currentLeader=LeaderAndEpoch{leader=Optional[localhost:32769 (id: 0 rack: null)], epoch=0}}.
2025-08-05 17:02:42,595 INFO  [io.api.tes.ser.api.KafkaSerdesTester] (Thread-654) topic-f85ad05c_e0b4_4a6a_aaa9_28ae656dbce7 0 0 {"id": "record-0"}
2025-08-05 17:02:42,595 INFO  [io.api.tes.ser.api.KafkaSerdesTester] (Thread-654) topic-f85ad05c_e0b4_4a6a_aaa9_28ae656dbce7 0 1 {"value": 1}
2025-08-05 17:02:42,596 INFO  [io.api.tes.ser.api.KafkaSerdesTester] (Thread-654) topic-f85ad05c_e0b4_4a6a_aaa9_28ae656dbce7 0 2 {"active": true}
2025-08-05 17:02:42,596 INFO  [io.api.tes.ser.api.KafkaSerdesTester] (Thread-654) topic-f85ad05c_e0b4_4a6a_aaa9_28ae656dbce7 0 3 {"id": "record-3"}
2025-08-05 17:02:42,596 INFO  [io.api.tes.ser.api.KafkaSerdesTester] (Thread-654) topic-f85ad05c_e0b4_4a6a_aaa9_28ae656dbce7 0 4 {"value": 4}
2025-08-05 17:02:42,596 INFO  [io.api.tes.ser.api.KafkaSerdesTester] (Thread-654) topic-f85ad05c_e0b4_4a6a_aaa9_28ae656dbce7 0 5 {"active": false}
2025-08-05 17:02:42,596 INFO  [io.api.tes.ser.api.KafkaSerdesTester] (Thread-654) topic-f85ad05c_e0b4_4a6a_aaa9_28ae656dbce7 0 6 {"id": "record-6"}
2025-08-05 17:02:42,596 INFO  [io.api.tes.ser.api.KafkaSerdesTester] (Thread-654) topic-f85ad05c_e0b4_4a6a_aaa9_28ae656dbce7 0 7 {"value": 7}
2025-08-05 17:02:42,596 INFO  [io.api.tes.ser.api.KafkaSerdesTester] (Thread-654) topic-f85ad05c_e0b4_4a6a_aaa9_28ae656dbce7 0 8 {"active": true}
2025-08-05 17:02:42,596 INFO  [io.api.tes.ser.api.KafkaSerdesTester] (Thread-654) topic-f85ad05c_e0b4_4a6a_aaa9_28ae656dbce7 0 9 {"id": "record-9"}
2025-08-05 17:02:42,596 INFO  [io.api.tes.ser.api.KafkaSerdesTester] (Thread-654) Consumed 10 messages
2025-08-05 17:02:42,605 INFO  [org.apa.kaf.cli.con.int.ConsumerRebalanceListenerInvoker] (Thread-654) [Consumer clientId=consumer-Consumer-topic-f85ad05c_e0b4_4a6a_aaa9_28ae656dbce7-8, groupId=Consumer-topic-f85ad05c_e0b4_4a6a_aaa9_28ae656dbce7] Revoke previously assigned partitions topic-f85ad05c_e0b4_4a6a_aaa9_28ae656dbce7-0
2025-08-05 17:02:42,605 INFO  [org.apa.kaf.cli.con.int.ConsumerCoordinator] (Thread-654) [Consumer clientId=consumer-Consumer-topic-f85ad05c_e0b4_4a6a_aaa9_28ae656dbce7-8, groupId=Consumer-topic-f85ad05c_e0b4_4a6a_aaa9_28ae656dbce7] Member consumer-Consumer-topic-f85ad05c_e0b4_4a6a_aaa9_28ae656dbce7-8-14b8fa9b-d58f-478f-ab92-fb6196a7455a sending LeaveGroup request to coordinator localhost:32769 (id: 2147483647 rack: null) due to the consumer is being closed
2025-08-05 17:02:42,605 INFO  [org.apa.kaf.cli.con.int.ConsumerCoordinator] (Thread-654) [Consumer clientId=consumer-Consumer-topic-f85ad05c_e0b4_4a6a_aaa9_28ae656dbce7-8, groupId=Consumer-topic-f85ad05c_e0b4_4a6a_aaa9_28ae656dbce7] Resetting generation and member id due to: consumer pro-actively leaving the group
2025-08-05 17:02:42,605 INFO  [org.apa.kaf.cli.con.int.ConsumerCoordinator] (Thread-654) [Consumer clientId=consumer-Consumer-topic-f85ad05c_e0b4_4a6a_aaa9_28ae656dbce7-8, groupId=Consumer-topic-f85ad05c_e0b4_4a6a_aaa9_28ae656dbce7] Request joining group due to: consumer pro-actively leaving the group
2025-08-05 17:02:43,098 INFO  [org.apa.kaf.com.met.Metrics] (Thread-654) Metrics scheduler closed
2025-08-05 17:02:43,098 INFO  [org.apa.kaf.com.met.Metrics] (Thread-654) Closing reporter org.apache.kafka.common.metrics.JmxReporter
2025-08-05 17:02:43,099 INFO  [org.apa.kaf.com.met.Metrics] (Thread-654) Closing reporter org.apache.kafka.common.telemetry.internals.ClientTelemetryReporter
2025-08-05 17:02:43,099 INFO  [org.apa.kaf.com.met.Metrics] (Thread-654) Metrics reporters closed
2025-08-05 17:02:43,101 INFO  [org.apa.kaf.com.uti.AppInfoParser] (Thread-654) App info kafka.consumer for consumer-Consumer-topic-f85ad05c_e0b4_4a6a_aaa9_28ae656dbce7-8 unregistered
2025-08-05 17:02:43,102 INFO  [io.api.tes.uti.TestSeparator] (main) io.apicurio.tests.serdes.apicurio.AvroSerdeIT.testAvroUnionWithSpecificReader-FINISHED
2025-08-05 17:02:43,102 INFO  [io.api.tes.uti.TestSeparator] (main) ############################################################################
Test passed: testAvroUnionWithSpecificReader
]]></system-out>
  </testcase>
  <testcase name="testEvolveAvroApicurioReusingClient" classname="io.apicurio.tests.serdes.apicurio.AvroSerdeIT" time="7.062">
    <system-out><![CDATA[2025-08-05 17:02:43,105 INFO  [io.api.tes.uti.TestSeparator] (main) ############################################################################
2025-08-05 17:02:43,105 INFO  [io.api.tes.uti.TestSeparator] (main) io.apicurio.tests.serdes.apicurio.AvroSerdeIT.testEvolveAvroApicurioReusingClient-STARTED
2025-08-05 17:02:43,107 INFO  [io.api.tes.ser.api.AvroSerdeIT] (main) Registering Avro Schema: {"type":"record","name":"s35789003xb23ex4265x93f7x6e3ab36b1178","namespace":"ns_07ca0fbf_352e_40fa_9c60_9fce63343af9","fields":[{"name":"key11754413363105","type":"string"}]}
**** Registry Base URL: http://registry-app-inmemory.apps.ci419.apicurio-testing.org:80
2025-08-05 17:02:44,145 INFO  [org.apa.kaf.cli.pro.ProducerConfig] (main) ProducerConfig values: 
	acks = -1
	auto.include.jmx.reporter = true
	batch.size = 16384
	bootstrap.servers = [PLAINTEXT://localhost:32769]
	buffer.memory = 33554432
	client.dns.lookup = use_all_dns_ips
	client.id = Producer-topic-a5716140_690a_42a6_b724_9042ec896ad1
	compression.gzip.level = -1
	compression.lz4.level = 9
	compression.type = none
	compression.zstd.level = 3
	connections.max.idle.ms = 10000
	delivery.timeout.ms = 120000
	enable.idempotence = true
	enable.metrics.push = true
	interceptor.classes = []
	key.serializer = class org.apache.kafka.common.serialization.StringSerializer
	linger.ms = 0
	max.block.ms = 60000
	max.in.flight.requests.per.connection = 5
	max.request.size = 1048576
	metadata.max.age.ms = 300000
	metadata.max.idle.ms = 300000
	metadata.recovery.strategy = none
	metric.reporters = []
	metrics.num.samples = 2
	metrics.recording.level = INFO
	metrics.sample.window.ms = 30000
	partitioner.adaptive.partitioning.enable = true
	partitioner.availability.timeout.ms = 0
	partitioner.class = null
	partitioner.ignore.keys = false
	receive.buffer.bytes = 32768
	reconnect.backoff.max.ms = 1000
	reconnect.backoff.ms = 50
	request.timeout.ms = 5000
	retries = 2147483647
	retry.backoff.max.ms = 1000
	retry.backoff.ms = 100
	sasl.client.callback.handler.class = null
	sasl.jaas.config = null
	sasl.kerberos.kinit.cmd = /usr/bin/kinit
	sasl.kerberos.min.time.before.relogin = 60000
	sasl.kerberos.service.name = null
	sasl.kerberos.ticket.renew.jitter = 0.05
	sasl.kerberos.ticket.renew.window.factor = 0.8
	sasl.login.callback.handler.class = null
	sasl.login.class = null
	sasl.login.connect.timeout.ms = null
	sasl.login.read.timeout.ms = null
	sasl.login.refresh.buffer.seconds = 300
	sasl.login.refresh.min.period.seconds = 60
	sasl.login.refresh.window.factor = 0.8
	sasl.login.refresh.window.jitter = 0.05
	sasl.login.retry.backoff.max.ms = 10000
	sasl.login.retry.backoff.ms = 100
	sasl.mechanism = GSSAPI
	sasl.oauthbearer.clock.skew.seconds = 30
	sasl.oauthbearer.expected.audience = null
	sasl.oauthbearer.expected.issuer = null
	sasl.oauthbearer.header.urlencode = false
	sasl.oauthbearer.jwks.endpoint.refresh.ms = 3600000
	sasl.oauthbearer.jwks.endpoint.retry.backoff.max.ms = 10000
	sasl.oauthbearer.jwks.endpoint.retry.backoff.ms = 100
	sasl.oauthbearer.jwks.endpoint.url = null
	sasl.oauthbearer.scope.claim.name = scope
	sasl.oauthbearer.sub.claim.name = sub
	sasl.oauthbearer.token.endpoint.url = null
	security.protocol = PLAINTEXT
	security.providers = null
	send.buffer.bytes = 131072
	socket.connection.setup.timeout.max.ms = 30000
	socket.connection.setup.timeout.ms = 10000
	ssl.cipher.suites = null
	ssl.enabled.protocols = [TLSv1.2, TLSv1.3]
	ssl.endpoint.identification.algorithm = https
	ssl.engine.factory.class = null
	ssl.key.password = null
	ssl.keymanager.algorithm = SunX509
	ssl.keystore.certificate.chain = null
	ssl.keystore.key = null
	ssl.keystore.location = null
	ssl.keystore.password = null
	ssl.keystore.type = JKS
	ssl.protocol = TLSv1.3
	ssl.provider = null
	ssl.secure.random.implementation = null
	ssl.trustmanager.algorithm = PKIX
	ssl.truststore.certificates = null
	ssl.truststore.location = null
	ssl.truststore.password = null
	ssl.truststore.type = JKS
	transaction.timeout.ms = 60000
	transactional.id = null
	value.serializer = class io.apicurio.registry.serde.avro.AvroKafkaSerializer

2025-08-05 17:02:44,146 INFO  [org.apa.kaf.com.tel.int.KafkaMetricsCollector] (main) initializing Kafka metrics collector
2025-08-05 17:02:44,149 INFO  [org.apa.kaf.cli.pro.KafkaProducer] (main) [Producer clientId=Producer-topic-a5716140_690a_42a6_b724_9042ec896ad1] Instantiated an idempotent producer.
2025-08-05 17:02:44,150 INFO  [org.apa.kaf.cli.pro.ProducerConfig] (main) These configurations '[apicurio.registry.url, apicurio.registry.artifact-resolver-strategy]' were supplied but are not used yet.
2025-08-05 17:02:44,150 INFO  [org.apa.kaf.com.uti.AppInfoParser] (main) Kafka version: 3.9.1
2025-08-05 17:02:44,150 INFO  [org.apa.kaf.com.uti.AppInfoParser] (main) Kafka commitId: f745dfdcee2b9851
2025-08-05 17:02:44,150 INFO  [org.apa.kaf.com.uti.AppInfoParser] (main) Kafka startTimeMs: 1754413364150
**** Registry Base URL: http://registry-app-inmemory.apps.ci419.apicurio-testing.org:80
2025-08-05 17:02:44,151 INFO  [org.apa.kaf.cli.con.ConsumerConfig] (main) ConsumerConfig values: 
	allow.auto.create.topics = true
	auto.commit.interval.ms = 500
	auto.include.jmx.reporter = true
	auto.offset.reset = earliest
	bootstrap.servers = [PLAINTEXT://localhost:32769]
	check.crcs = true
	client.dns.lookup = use_all_dns_ips
	client.id = consumer-Consumer-topic-a5716140_690a_42a6_b724_9042ec896ad1-9
	client.rack = 
	connections.max.idle.ms = 10000
	default.api.timeout.ms = 60000
	enable.auto.commit = true
	enable.metrics.push = true
	exclude.internal.topics = true
	fetch.max.bytes = 52428800
	fetch.max.wait.ms = 500
	fetch.min.bytes = 1
	group.id = Consumer-topic-a5716140_690a_42a6_b724_9042ec896ad1
	group.instance.id = null
	group.protocol = classic
	group.remote.assignor = null
	heartbeat.interval.ms = 3000
	interceptor.classes = []
	internal.leave.group.on.close = true
	internal.throw.on.fetch.stable.offset.unsupported = false
	isolation.level = read_uncommitted
	key.deserializer = class org.apache.kafka.common.serialization.StringDeserializer
	max.partition.fetch.bytes = 1048576
	max.poll.interval.ms = 300000
	max.poll.records = 500
	metadata.max.age.ms = 300000
	metadata.recovery.strategy = none
	metric.reporters = []
	metrics.num.samples = 2
	metrics.recording.level = INFO
	metrics.sample.window.ms = 30000
	partition.assignment.strategy = [class org.apache.kafka.clients.consumer.RangeAssignor, class org.apache.kafka.clients.consumer.CooperativeStickyAssignor]
	receive.buffer.bytes = 65536
	reconnect.backoff.max.ms = 1000
	reconnect.backoff.ms = 50
	request.timeout.ms = 5000
	retry.backoff.max.ms = 1000
	retry.backoff.ms = 100
	sasl.client.callback.handler.class = null
	sasl.jaas.config = null
	sasl.kerberos.kinit.cmd = /usr/bin/kinit
	sasl.kerberos.min.time.before.relogin = 60000
	sasl.kerberos.service.name = null
	sasl.kerberos.ticket.renew.jitter = 0.05
	sasl.kerberos.ticket.renew.window.factor = 0.8
	sasl.login.callback.handler.class = null
	sasl.login.class = null
	sasl.login.connect.timeout.ms = null
	sasl.login.read.timeout.ms = null
	sasl.login.refresh.buffer.seconds = 300
	sasl.login.refresh.min.period.seconds = 60
	sasl.login.refresh.window.factor = 0.8
	sasl.login.refresh.window.jitter = 0.05
	sasl.login.retry.backoff.max.ms = 10000
	sasl.login.retry.backoff.ms = 100
	sasl.mechanism = GSSAPI
	sasl.oauthbearer.clock.skew.seconds = 30
	sasl.oauthbearer.expected.audience = null
	sasl.oauthbearer.expected.issuer = null
	sasl.oauthbearer.header.urlencode = false
	sasl.oauthbearer.jwks.endpoint.refresh.ms = 3600000
	sasl.oauthbearer.jwks.endpoint.retry.backoff.max.ms = 10000
	sasl.oauthbearer.jwks.endpoint.retry.backoff.ms = 100
	sasl.oauthbearer.jwks.endpoint.url = null
	sasl.oauthbearer.scope.claim.name = scope
	sasl.oauthbearer.sub.claim.name = sub
	sasl.oauthbearer.token.endpoint.url = null
	security.protocol = PLAINTEXT
	security.providers = null
	send.buffer.bytes = 131072
	session.timeout.ms = 45000
	socket.connection.setup.timeout.max.ms = 30000
	socket.connection.setup.timeout.ms = 10000
	ssl.cipher.suites = null
	ssl.enabled.protocols = [TLSv1.2, TLSv1.3]
	ssl.endpoint.identification.algorithm = https
	ssl.engine.factory.class = null
	ssl.key.password = null
	ssl.keymanager.algorithm = SunX509
	ssl.keystore.certificate.chain = null
	ssl.keystore.key = null
	ssl.keystore.location = null
	ssl.keystore.password = null
	ssl.keystore.type = JKS
	ssl.protocol = TLSv1.3
	ssl.provider = null
	ssl.secure.random.implementation = null
	ssl.trustmanager.algorithm = PKIX
	ssl.truststore.certificates = null
	ssl.truststore.location = null
	ssl.truststore.password = null
	ssl.truststore.type = JKS
	value.deserializer = class io.apicurio.registry.serde.avro.AvroKafkaDeserializer

2025-08-05 17:02:44,152 INFO  [org.apa.kaf.com.tel.int.KafkaMetricsCollector] (main) initializing Kafka metrics collector
2025-08-05 17:02:44,163 INFO  [org.apa.kaf.cli.con.ConsumerConfig] (main) These configurations '[apicurio.registry.url]' were supplied but are not used yet.
2025-08-05 17:02:44,163 INFO  [org.apa.kaf.com.uti.AppInfoParser] (main) Kafka version: 3.9.1
2025-08-05 17:02:44,163 INFO  [org.apa.kaf.com.uti.AppInfoParser] (main) Kafka commitId: f745dfdcee2b9851
2025-08-05 17:02:44,163 INFO  [org.apa.kaf.com.uti.AppInfoParser] (main) Kafka startTimeMs: 1754413364163
2025-08-05 17:02:44,163 INFO  [org.apa.kaf.cli.Metadata] (kafka-producer-network-thread | Producer-topic-a5716140_690a_42a6_b724_9042ec896ad1) [Producer clientId=Producer-topic-a5716140_690a_42a6_b724_9042ec896ad1] Cluster ID: utE1hb3GTCWLCoAPsWG7_Q
2025-08-05 17:02:44,163 INFO  [org.apa.kaf.cli.pro.int.TransactionManager] (kafka-producer-network-thread | Producer-topic-a5716140_690a_42a6_b724_9042ec896ad1) [Producer clientId=Producer-topic-a5716140_690a_42a6_b724_9042ec896ad1] ProducerId set to 11 with epoch 0
2025-08-05 17:02:44,169 INFO  [io.api.tes.ser.api.KafkaSerdesTester] (Thread-659) Sending message {"key11754413363105": "value-0"} to topic topic-a5716140_690a_42a6_b724_9042ec896ad1
2025-08-05 17:02:44,186 INFO  [DefaultSchemaResolver] (Thread-659) Retrieving schema content using string: {"type":"record","name":"s35789003xb23ex4265x93f7x6e3ab36b1178","namespace":"ns_07ca0fbf_352e_40fa_9c60_9fce63343af9","fields":[{"name":"key11754413363105","type":"string"}]}
2025-08-05 17:02:44,215 INFO  [io.api.tes.ser.api.KafkaSerdesTester] (Thread-659) Sending message {"key11754413363105": "value-1"} to topic topic-a5716140_690a_42a6_b724_9042ec896ad1
2025-08-05 17:02:44,218 INFO  [io.api.tes.ser.api.KafkaSerdesTester] (Thread-659) Sending message {"key11754413363105": "value-2"} to topic topic-a5716140_690a_42a6_b724_9042ec896ad1
2025-08-05 17:02:44,219 INFO  [io.api.tes.ser.api.KafkaSerdesTester] (Thread-659) Sending message {"key11754413363105": "value-3"} to topic topic-a5716140_690a_42a6_b724_9042ec896ad1
2025-08-05 17:02:44,221 INFO  [io.api.tes.ser.api.KafkaSerdesTester] (Thread-659) Sending message {"key11754413363105": "value-4"} to topic topic-a5716140_690a_42a6_b724_9042ec896ad1
2025-08-05 17:02:44,223 INFO  [io.api.tes.ser.api.KafkaSerdesTester] (Thread-659) Sending message {"key11754413363105": "value-5"} to topic topic-a5716140_690a_42a6_b724_9042ec896ad1
2025-08-05 17:02:44,225 INFO  [io.api.tes.ser.api.KafkaSerdesTester] (Thread-659) Sending message {"key11754413363105": "value-6"} to topic topic-a5716140_690a_42a6_b724_9042ec896ad1
2025-08-05 17:02:44,226 INFO  [io.api.tes.ser.api.KafkaSerdesTester] (Thread-659) Sending message {"key11754413363105": "value-7"} to topic topic-a5716140_690a_42a6_b724_9042ec896ad1
2025-08-05 17:02:44,228 INFO  [io.api.tes.ser.api.KafkaSerdesTester] (Thread-659) Sending message {"key11754413363105": "value-8"} to topic topic-a5716140_690a_42a6_b724_9042ec896ad1
2025-08-05 17:02:44,230 INFO  [io.api.tes.ser.api.KafkaSerdesTester] (Thread-659) Sending message {"key11754413363105": "value-9"} to topic topic-a5716140_690a_42a6_b724_9042ec896ad1
2025-08-05 17:02:44,231 INFO  [io.api.tes.ser.api.KafkaSerdesTester] (Thread-659) Produced 10 messages
2025-08-05 17:02:44,232 INFO  [org.apa.kaf.cli.con.int.ClassicKafkaConsumer] (Thread-660) [Consumer clientId=consumer-Consumer-topic-a5716140_690a_42a6_b724_9042ec896ad1-9, groupId=Consumer-topic-a5716140_690a_42a6_b724_9042ec896ad1] Subscribed to topic(s): topic-a5716140_690a_42a6_b724_9042ec896ad1
2025-08-05 17:02:44,235 INFO  [org.apa.kaf.cli.Metadata] (Thread-660) [Consumer clientId=consumer-Consumer-topic-a5716140_690a_42a6_b724_9042ec896ad1-9, groupId=Consumer-topic-a5716140_690a_42a6_b724_9042ec896ad1] Cluster ID: utE1hb3GTCWLCoAPsWG7_Q
2025-08-05 17:02:44,236 INFO  [org.apa.kaf.cli.con.int.ConsumerCoordinator] (Thread-660) [Consumer clientId=consumer-Consumer-topic-a5716140_690a_42a6_b724_9042ec896ad1-9, groupId=Consumer-topic-a5716140_690a_42a6_b724_9042ec896ad1] Discovered group coordinator localhost:32769 (id: 2147483647 rack: null)
2025-08-05 17:02:44,237 INFO  [org.apa.kaf.cli.con.int.ConsumerCoordinator] (Thread-660) [Consumer clientId=consumer-Consumer-topic-a5716140_690a_42a6_b724_9042ec896ad1-9, groupId=Consumer-topic-a5716140_690a_42a6_b724_9042ec896ad1] (Re-)joining group
2025-08-05 17:02:44,240 INFO  [org.apa.kaf.cli.con.int.ConsumerCoordinator] (Thread-660) [Consumer clientId=consumer-Consumer-topic-a5716140_690a_42a6_b724_9042ec896ad1-9, groupId=Consumer-topic-a5716140_690a_42a6_b724_9042ec896ad1] Request joining group due to: need to re-join with the given member-id: consumer-Consumer-topic-a5716140_690a_42a6_b724_9042ec896ad1-9-174cac98-f188-4e60-aeb6-c238f2ab2ca8
2025-08-05 17:02:44,241 INFO  [org.apa.kaf.cli.con.int.ConsumerCoordinator] (Thread-660) [Consumer clientId=consumer-Consumer-topic-a5716140_690a_42a6_b724_9042ec896ad1-9, groupId=Consumer-topic-a5716140_690a_42a6_b724_9042ec896ad1] (Re-)joining group
2025-08-05 17:02:45,232 INFO  [io.api.tes.ser.api.KafkaSerdesTester] (Thread-660) None found
2025-08-05 17:02:46,233 INFO  [io.api.tes.ser.api.KafkaSerdesTester] (Thread-660) None found
2025-08-05 17:02:47,233 INFO  [io.api.tes.ser.api.KafkaSerdesTester] (Thread-660) None found
2025-08-05 17:02:47,243 INFO  [org.apa.kaf.cli.con.int.ConsumerCoordinator] (Thread-660) [Consumer clientId=consumer-Consumer-topic-a5716140_690a_42a6_b724_9042ec896ad1-9, groupId=Consumer-topic-a5716140_690a_42a6_b724_9042ec896ad1] Successfully joined group with generation Generation{generationId=1, memberId='consumer-Consumer-topic-a5716140_690a_42a6_b724_9042ec896ad1-9-174cac98-f188-4e60-aeb6-c238f2ab2ca8', protocol='range'}
2025-08-05 17:02:47,243 INFO  [org.apa.kaf.cli.con.int.ConsumerCoordinator] (Thread-660) [Consumer clientId=consumer-Consumer-topic-a5716140_690a_42a6_b724_9042ec896ad1-9, groupId=Consumer-topic-a5716140_690a_42a6_b724_9042ec896ad1] Finished assignment for group at generation 1: {consumer-Consumer-topic-a5716140_690a_42a6_b724_9042ec896ad1-9-174cac98-f188-4e60-aeb6-c238f2ab2ca8=Assignment(partitions=[topic-a5716140_690a_42a6_b724_9042ec896ad1-0])}
2025-08-05 17:02:47,250 INFO  [org.apa.kaf.cli.con.int.ConsumerCoordinator] (Thread-660) [Consumer clientId=consumer-Consumer-topic-a5716140_690a_42a6_b724_9042ec896ad1-9, groupId=Consumer-topic-a5716140_690a_42a6_b724_9042ec896ad1] Successfully synced group in generation Generation{generationId=1, memberId='consumer-Consumer-topic-a5716140_690a_42a6_b724_9042ec896ad1-9-174cac98-f188-4e60-aeb6-c238f2ab2ca8', protocol='range'}
2025-08-05 17:02:47,250 INFO  [org.apa.kaf.cli.con.int.ConsumerCoordinator] (Thread-660) [Consumer clientId=consumer-Consumer-topic-a5716140_690a_42a6_b724_9042ec896ad1-9, groupId=Consumer-topic-a5716140_690a_42a6_b724_9042ec896ad1] Notifying assignor about the new Assignment(partitions=[topic-a5716140_690a_42a6_b724_9042ec896ad1-0])
2025-08-05 17:02:47,250 INFO  [org.apa.kaf.cli.con.int.ConsumerRebalanceListenerInvoker] (Thread-660) [Consumer clientId=consumer-Consumer-topic-a5716140_690a_42a6_b724_9042ec896ad1-9, groupId=Consumer-topic-a5716140_690a_42a6_b724_9042ec896ad1] Adding newly assigned partitions: topic-a5716140_690a_42a6_b724_9042ec896ad1-0
2025-08-05 17:02:47,251 INFO  [org.apa.kaf.cli.con.int.ConsumerCoordinator] (Thread-660) [Consumer clientId=consumer-Consumer-topic-a5716140_690a_42a6_b724_9042ec896ad1-9, groupId=Consumer-topic-a5716140_690a_42a6_b724_9042ec896ad1] Found no committed offset for partition topic-a5716140_690a_42a6_b724_9042ec896ad1-0
2025-08-05 17:02:47,259 INFO  [org.apa.kaf.cli.con.int.SubscriptionState] (Thread-660) [Consumer clientId=consumer-Consumer-topic-a5716140_690a_42a6_b724_9042ec896ad1-9, groupId=Consumer-topic-a5716140_690a_42a6_b724_9042ec896ad1] Resetting offset for partition topic-a5716140_690a_42a6_b724_9042ec896ad1-0 to position FetchPosition{offset=0, offsetEpoch=Optional.empty, currentLeader=LeaderAndEpoch{leader=Optional[localhost:32769 (id: 0 rack: null)], epoch=0}}.
2025-08-05 17:02:47,368 INFO  [io.api.tes.ser.api.KafkaSerdesTester] (Thread-660) topic-a5716140_690a_42a6_b724_9042ec896ad1 0 0 {"key11754413363105": "value-0"}
2025-08-05 17:02:47,368 INFO  [io.api.tes.ser.api.KafkaSerdesTester] (Thread-660) topic-a5716140_690a_42a6_b724_9042ec896ad1 0 1 {"key11754413363105": "value-1"}
2025-08-05 17:02:47,369 INFO  [io.api.tes.ser.api.KafkaSerdesTester] (Thread-660) topic-a5716140_690a_42a6_b724_9042ec896ad1 0 2 {"key11754413363105": "value-2"}
2025-08-05 17:02:47,369 INFO  [io.api.tes.ser.api.KafkaSerdesTester] (Thread-660) topic-a5716140_690a_42a6_b724_9042ec896ad1 0 3 {"key11754413363105": "value-3"}
2025-08-05 17:02:47,369 INFO  [io.api.tes.ser.api.KafkaSerdesTester] (Thread-660) topic-a5716140_690a_42a6_b724_9042ec896ad1 0 4 {"key11754413363105": "value-4"}
2025-08-05 17:02:47,369 INFO  [io.api.tes.ser.api.KafkaSerdesTester] (Thread-660) topic-a5716140_690a_42a6_b724_9042ec896ad1 0 5 {"key11754413363105": "value-5"}
2025-08-05 17:02:47,369 INFO  [io.api.tes.ser.api.KafkaSerdesTester] (Thread-660) topic-a5716140_690a_42a6_b724_9042ec896ad1 0 6 {"key11754413363105": "value-6"}
2025-08-05 17:02:47,369 INFO  [io.api.tes.ser.api.KafkaSerdesTester] (Thread-660) topic-a5716140_690a_42a6_b724_9042ec896ad1 0 7 {"key11754413363105": "value-7"}
2025-08-05 17:02:47,369 INFO  [io.api.tes.ser.api.KafkaSerdesTester] (Thread-660) topic-a5716140_690a_42a6_b724_9042ec896ad1 0 8 {"key11754413363105": "value-8"}
2025-08-05 17:02:47,369 INFO  [io.api.tes.ser.api.KafkaSerdesTester] (Thread-660) topic-a5716140_690a_42a6_b724_9042ec896ad1 0 9 {"key11754413363105": "value-9"}
2025-08-05 17:02:47,369 INFO  [io.api.tes.ser.api.KafkaSerdesTester] (Thread-660) Consumed 10 messages
2025-08-05 17:02:47,370 INFO  [io.api.tes.ser.api.AvroSerdeIT] (main) Registering Avro Schema 2: {"type":"record","name":"s35789003xb23ex4265x93f7x6e3ab36b1178","namespace":"ns_07ca0fbf_352e_40fa_9c60_9fce63343af9","fields":[{"name":"key11754413363105","type":"string"},{"name":"key21754413367369","type":"string"}]}
2025-08-05 17:02:48,406 INFO  [io.api.tes.ser.api.KafkaSerdesTester] (Thread-661) Sending message {"key11754413363105": "value-0", "key21754413367369": "value-0"} to topic topic-a5716140_690a_42a6_b724_9042ec896ad1
2025-08-05 17:02:48,406 INFO  [DefaultSchemaResolver] (Thread-661) Retrieving schema content using string: {"type":"record","name":"s35789003xb23ex4265x93f7x6e3ab36b1178","namespace":"ns_07ca0fbf_352e_40fa_9c60_9fce63343af9","fields":[{"name":"key11754413363105","type":"string"},{"name":"key21754413367369","type":"string"}]}
2025-08-05 17:02:48,427 INFO  [io.api.tes.ser.api.KafkaSerdesTester] (Thread-661) Sending message {"key11754413363105": "value-1", "key21754413367369": "value-1"} to topic topic-a5716140_690a_42a6_b724_9042ec896ad1
2025-08-05 17:02:48,429 INFO  [io.api.tes.ser.api.KafkaSerdesTester] (Thread-661) Sending message {"key11754413363105": "value-2", "key21754413367369": "value-2"} to topic topic-a5716140_690a_42a6_b724_9042ec896ad1
2025-08-05 17:02:48,434 INFO  [io.api.tes.ser.api.KafkaSerdesTester] (Thread-661) Sending message {"key11754413363105": "value-3", "key21754413367369": "value-3"} to topic topic-a5716140_690a_42a6_b724_9042ec896ad1
2025-08-05 17:02:48,436 INFO  [io.api.tes.ser.api.KafkaSerdesTester] (Thread-661) Sending message {"key11754413363105": "value-4", "key21754413367369": "value-4"} to topic topic-a5716140_690a_42a6_b724_9042ec896ad1
2025-08-05 17:02:48,437 INFO  [io.api.tes.ser.api.KafkaSerdesTester] (Thread-661) Sending message {"key11754413363105": "value-5", "key21754413367369": "value-5"} to topic topic-a5716140_690a_42a6_b724_9042ec896ad1
2025-08-05 17:02:48,440 INFO  [io.api.tes.ser.api.KafkaSerdesTester] (Thread-661) Sending message {"key11754413363105": "value-6", "key21754413367369": "value-6"} to topic topic-a5716140_690a_42a6_b724_9042ec896ad1
2025-08-05 17:02:48,442 INFO  [io.api.tes.ser.api.KafkaSerdesTester] (Thread-661) Sending message {"key11754413363105": "value-7", "key21754413367369": "value-7"} to topic topic-a5716140_690a_42a6_b724_9042ec896ad1
2025-08-05 17:02:48,444 INFO  [io.api.tes.ser.api.KafkaSerdesTester] (Thread-661) Sending message {"key11754413363105": "value-8", "key21754413367369": "value-8"} to topic topic-a5716140_690a_42a6_b724_9042ec896ad1
2025-08-05 17:02:48,445 INFO  [io.api.tes.ser.api.KafkaSerdesTester] (Thread-661) Sending message {"key11754413363105": "value-9", "key21754413367369": "value-9"} to topic topic-a5716140_690a_42a6_b724_9042ec896ad1
2025-08-05 17:02:48,447 INFO  [io.api.tes.ser.api.KafkaSerdesTester] (Thread-661) Produced 10 messages
2025-08-05 17:02:48,447 INFO  [io.api.tes.ser.api.KafkaSerdesTester] (Thread-662) Sending message {"key11754413363105": "value-0"} to topic topic-a5716140_690a_42a6_b724_9042ec896ad1
2025-08-05 17:02:48,449 INFO  [io.api.tes.ser.api.KafkaSerdesTester] (Thread-662) Sending message {"key11754413363105": "value-1"} to topic topic-a5716140_690a_42a6_b724_9042ec896ad1
2025-08-05 17:02:48,453 INFO  [io.api.tes.ser.api.KafkaSerdesTester] (Thread-662) Sending message {"key11754413363105": "value-2"} to topic topic-a5716140_690a_42a6_b724_9042ec896ad1
2025-08-05 17:02:48,456 INFO  [io.api.tes.ser.api.KafkaSerdesTester] (Thread-662) Sending message {"key11754413363105": "value-3"} to topic topic-a5716140_690a_42a6_b724_9042ec896ad1
2025-08-05 17:02:48,458 INFO  [io.api.tes.ser.api.KafkaSerdesTester] (Thread-662) Sending message {"key11754413363105": "value-4"} to topic topic-a5716140_690a_42a6_b724_9042ec896ad1
2025-08-05 17:02:48,460 INFO  [io.api.tes.ser.api.KafkaSerdesTester] (Thread-662) Sending message {"key11754413363105": "value-5"} to topic topic-a5716140_690a_42a6_b724_9042ec896ad1
2025-08-05 17:02:48,461 INFO  [io.api.tes.ser.api.KafkaSerdesTester] (Thread-662) Sending message {"key11754413363105": "value-6"} to topic topic-a5716140_690a_42a6_b724_9042ec896ad1
2025-08-05 17:02:48,462 INFO  [io.api.tes.ser.api.KafkaSerdesTester] (Thread-662) Sending message {"key11754413363105": "value-7"} to topic topic-a5716140_690a_42a6_b724_9042ec896ad1
2025-08-05 17:02:48,465 INFO  [io.api.tes.ser.api.KafkaSerdesTester] (Thread-662) Sending message {"key11754413363105": "value-8"} to topic topic-a5716140_690a_42a6_b724_9042ec896ad1
2025-08-05 17:02:48,468 INFO  [io.api.tes.ser.api.KafkaSerdesTester] (Thread-662) Sending message {"key11754413363105": "value-9"} to topic topic-a5716140_690a_42a6_b724_9042ec896ad1
2025-08-05 17:02:48,470 INFO  [io.api.tes.ser.api.KafkaSerdesTester] (Thread-662) Produced 10 messages
2025-08-05 17:02:48,478 INFO  [org.apa.kaf.cli.con.int.ClassicKafkaConsumer] (Thread-663) [Consumer clientId=consumer-Consumer-topic-a5716140_690a_42a6_b724_9042ec896ad1-9, groupId=Consumer-topic-a5716140_690a_42a6_b724_9042ec896ad1] Subscribed to topic(s): topic-a5716140_690a_42a6_b724_9042ec896ad1
2025-08-05 17:02:48,510 INFO  [io.api.tes.ser.api.KafkaSerdesTester] (Thread-663) topic-a5716140_690a_42a6_b724_9042ec896ad1 0 10 {"key11754413363105": "value-0", "key21754413367369": "value-0"}
2025-08-05 17:02:48,510 INFO  [io.api.tes.ser.api.KafkaSerdesTester] (Thread-663) topic-a5716140_690a_42a6_b724_9042ec896ad1 0 11 {"key11754413363105": "value-1", "key21754413367369": "value-1"}
2025-08-05 17:02:48,511 INFO  [io.api.tes.ser.api.KafkaSerdesTester] (Thread-663) topic-a5716140_690a_42a6_b724_9042ec896ad1 0 12 {"key11754413363105": "value-2", "key21754413367369": "value-2"}
2025-08-05 17:02:48,511 INFO  [io.api.tes.ser.api.KafkaSerdesTester] (Thread-663) topic-a5716140_690a_42a6_b724_9042ec896ad1 0 13 {"key11754413363105": "value-3", "key21754413367369": "value-3"}
2025-08-05 17:02:48,511 INFO  [io.api.tes.ser.api.KafkaSerdesTester] (Thread-663) topic-a5716140_690a_42a6_b724_9042ec896ad1 0 14 {"key11754413363105": "value-4", "key21754413367369": "value-4"}
2025-08-05 17:02:48,511 INFO  [io.api.tes.ser.api.KafkaSerdesTester] (Thread-663) topic-a5716140_690a_42a6_b724_9042ec896ad1 0 15 {"key11754413363105": "value-5", "key21754413367369": "value-5"}
2025-08-05 17:02:48,511 INFO  [io.api.tes.ser.api.KafkaSerdesTester] (Thread-663) topic-a5716140_690a_42a6_b724_9042ec896ad1 0 16 {"key11754413363105": "value-6", "key21754413367369": "value-6"}
2025-08-05 17:02:48,511 INFO  [io.api.tes.ser.api.KafkaSerdesTester] (Thread-663) topic-a5716140_690a_42a6_b724_9042ec896ad1 0 17 {"key11754413363105": "value-7", "key21754413367369": "value-7"}
2025-08-05 17:02:48,511 INFO  [io.api.tes.ser.api.KafkaSerdesTester] (Thread-663) topic-a5716140_690a_42a6_b724_9042ec896ad1 0 18 {"key11754413363105": "value-8", "key21754413367369": "value-8"}
2025-08-05 17:02:48,511 INFO  [io.api.tes.ser.api.KafkaSerdesTester] (Thread-663) topic-a5716140_690a_42a6_b724_9042ec896ad1 0 19 {"key11754413363105": "value-9", "key21754413367369": "value-9"}
2025-08-05 17:02:48,511 INFO  [io.api.tes.ser.api.KafkaSerdesTester] (Thread-663) topic-a5716140_690a_42a6_b724_9042ec896ad1 0 20 {"key11754413363105": "value-0"}
2025-08-05 17:02:48,511 INFO  [io.api.tes.ser.api.KafkaSerdesTester] (Thread-663) topic-a5716140_690a_42a6_b724_9042ec896ad1 0 21 {"key11754413363105": "value-1"}
2025-08-05 17:02:48,511 INFO  [io.api.tes.ser.api.KafkaSerdesTester] (Thread-663) topic-a5716140_690a_42a6_b724_9042ec896ad1 0 22 {"key11754413363105": "value-2"}
2025-08-05 17:02:48,511 INFO  [io.api.tes.ser.api.KafkaSerdesTester] (Thread-663) topic-a5716140_690a_42a6_b724_9042ec896ad1 0 23 {"key11754413363105": "value-3"}
2025-08-05 17:02:48,511 INFO  [io.api.tes.ser.api.KafkaSerdesTester] (Thread-663) topic-a5716140_690a_42a6_b724_9042ec896ad1 0 24 {"key11754413363105": "value-4"}
2025-08-05 17:02:48,511 INFO  [io.api.tes.ser.api.KafkaSerdesTester] (Thread-663) topic-a5716140_690a_42a6_b724_9042ec896ad1 0 25 {"key11754413363105": "value-5"}
2025-08-05 17:02:48,511 INFO  [io.api.tes.ser.api.KafkaSerdesTester] (Thread-663) topic-a5716140_690a_42a6_b724_9042ec896ad1 0 26 {"key11754413363105": "value-6"}
2025-08-05 17:02:48,511 INFO  [io.api.tes.ser.api.KafkaSerdesTester] (Thread-663) topic-a5716140_690a_42a6_b724_9042ec896ad1 0 27 {"key11754413363105": "value-7"}
2025-08-05 17:02:48,511 INFO  [io.api.tes.ser.api.KafkaSerdesTester] (Thread-663) topic-a5716140_690a_42a6_b724_9042ec896ad1 0 28 {"key11754413363105": "value-8"}
2025-08-05 17:02:48,511 INFO  [io.api.tes.ser.api.KafkaSerdesTester] (Thread-663) topic-a5716140_690a_42a6_b724_9042ec896ad1 0 29 {"key11754413363105": "value-9"}
2025-08-05 17:02:48,511 INFO  [io.api.tes.ser.api.KafkaSerdesTester] (Thread-663) Consumed 20 messages
2025-08-05 17:02:48,513 INFO  [io.api.tes.ser.api.AvroSerdeIT] (main) Registering Avro Schema 3: {"type":"record","name":"s35789003xb23ex4265x93f7x6e3ab36b1178","namespace":"ns_07ca0fbf_352e_40fa_9c60_9fce63343af9","fields":[{"name":"key11754413363105","type":"string"},{"name":"key21754413367369","type":"string"},{"name":"key31754413368512","type":"string"}]}
2025-08-05 17:02:49,547 INFO  [io.api.tes.ser.api.KafkaSerdesTester] (Thread-664) Sending message {"key11754413363105": "value-0", "key21754413367369": "value-0", "key31754413368512": "value-0"} to topic topic-a5716140_690a_42a6_b724_9042ec896ad1
2025-08-05 17:02:49,547 INFO  [DefaultSchemaResolver] (Thread-664) Retrieving schema content using string: {"type":"record","name":"s35789003xb23ex4265x93f7x6e3ab36b1178","namespace":"ns_07ca0fbf_352e_40fa_9c60_9fce63343af9","fields":[{"name":"key11754413363105","type":"string"},{"name":"key21754413367369","type":"string"},{"name":"key31754413368512","type":"string"}]}
2025-08-05 17:02:49,564 INFO  [io.api.tes.ser.api.KafkaSerdesTester] (Thread-664) Sending message {"key11754413363105": "value-1", "key21754413367369": "value-1", "key31754413368512": "value-1"} to topic topic-a5716140_690a_42a6_b724_9042ec896ad1
2025-08-05 17:02:49,565 INFO  [io.api.tes.ser.api.KafkaSerdesTester] (Thread-664) Sending message {"key11754413363105": "value-2", "key21754413367369": "value-2", "key31754413368512": "value-2"} to topic topic-a5716140_690a_42a6_b724_9042ec896ad1
2025-08-05 17:02:49,567 INFO  [io.api.tes.ser.api.KafkaSerdesTester] (Thread-664) Sending message {"key11754413363105": "value-3", "key21754413367369": "value-3", "key31754413368512": "value-3"} to topic topic-a5716140_690a_42a6_b724_9042ec896ad1
2025-08-05 17:02:49,569 INFO  [io.api.tes.ser.api.KafkaSerdesTester] (Thread-664) Sending message {"key11754413363105": "value-4", "key21754413367369": "value-4", "key31754413368512": "value-4"} to topic topic-a5716140_690a_42a6_b724_9042ec896ad1
2025-08-05 17:02:49,572 INFO  [io.api.tes.ser.api.KafkaSerdesTester] (Thread-664) Sending message {"key11754413363105": "value-5", "key21754413367369": "value-5", "key31754413368512": "value-5"} to topic topic-a5716140_690a_42a6_b724_9042ec896ad1
2025-08-05 17:02:49,575 INFO  [io.api.tes.ser.api.KafkaSerdesTester] (Thread-664) Sending message {"key11754413363105": "value-6", "key21754413367369": "value-6", "key31754413368512": "value-6"} to topic topic-a5716140_690a_42a6_b724_9042ec896ad1
2025-08-05 17:02:49,580 INFO  [io.api.tes.ser.api.KafkaSerdesTester] (Thread-664) Sending message {"key11754413363105": "value-7", "key21754413367369": "value-7", "key31754413368512": "value-7"} to topic topic-a5716140_690a_42a6_b724_9042ec896ad1
2025-08-05 17:02:49,583 INFO  [io.api.tes.ser.api.KafkaSerdesTester] (Thread-664) Sending message {"key11754413363105": "value-8", "key21754413367369": "value-8", "key31754413368512": "value-8"} to topic topic-a5716140_690a_42a6_b724_9042ec896ad1
2025-08-05 17:02:49,584 INFO  [io.api.tes.ser.api.KafkaSerdesTester] (Thread-664) Sending message {"key11754413363105": "value-9", "key21754413367369": "value-9", "key31754413368512": "value-9"} to topic topic-a5716140_690a_42a6_b724_9042ec896ad1
2025-08-05 17:02:49,585 INFO  [io.api.tes.ser.api.KafkaSerdesTester] (Thread-664) Produced 10 messages
2025-08-05 17:02:49,586 INFO  [io.api.tes.ser.api.KafkaSerdesTester] (Thread-665) Sending message {"key11754413363105": "value-0", "key21754413367369": "value-0"} to topic topic-a5716140_690a_42a6_b724_9042ec896ad1
2025-08-05 17:02:49,587 INFO  [io.api.tes.ser.api.KafkaSerdesTester] (Thread-665) Sending message {"key11754413363105": "value-1", "key21754413367369": "value-1"} to topic topic-a5716140_690a_42a6_b724_9042ec896ad1
2025-08-05 17:02:49,589 INFO  [io.api.tes.ser.api.KafkaSerdesTester] (Thread-665) Sending message {"key11754413363105": "value-2", "key21754413367369": "value-2"} to topic topic-a5716140_690a_42a6_b724_9042ec896ad1
2025-08-05 17:02:49,590 INFO  [io.api.tes.ser.api.KafkaSerdesTester] (Thread-665) Sending message {"key11754413363105": "value-3", "key21754413367369": "value-3"} to topic topic-a5716140_690a_42a6_b724_9042ec896ad1
2025-08-05 17:02:49,592 INFO  [io.api.tes.ser.api.KafkaSerdesTester] (Thread-665) Sending message {"key11754413363105": "value-4", "key21754413367369": "value-4"} to topic topic-a5716140_690a_42a6_b724_9042ec896ad1
2025-08-05 17:02:49,594 INFO  [io.api.tes.ser.api.KafkaSerdesTester] (Thread-665) Sending message {"key11754413363105": "value-5", "key21754413367369": "value-5"} to topic topic-a5716140_690a_42a6_b724_9042ec896ad1
2025-08-05 17:02:49,595 INFO  [io.api.tes.ser.api.KafkaSerdesTester] (Thread-665) Sending message {"key11754413363105": "value-6", "key21754413367369": "value-6"} to topic topic-a5716140_690a_42a6_b724_9042ec896ad1
2025-08-05 17:02:49,597 INFO  [io.api.tes.ser.api.KafkaSerdesTester] (Thread-665) Sending message {"key11754413363105": "value-7", "key21754413367369": "value-7"} to topic topic-a5716140_690a_42a6_b724_9042ec896ad1
2025-08-05 17:02:49,601 INFO  [io.api.tes.ser.api.KafkaSerdesTester] (Thread-665) Sending message {"key11754413363105": "value-8", "key21754413367369": "value-8"} to topic topic-a5716140_690a_42a6_b724_9042ec896ad1
2025-08-05 17:02:49,607 INFO  [io.api.tes.ser.api.KafkaSerdesTester] (Thread-665) Sending message {"key11754413363105": "value-9", "key21754413367369": "value-9"} to topic topic-a5716140_690a_42a6_b724_9042ec896ad1
2025-08-05 17:02:49,608 INFO  [io.api.tes.ser.api.KafkaSerdesTester] (Thread-665) Produced 10 messages
2025-08-05 17:02:49,609 INFO  [io.api.tes.ser.api.KafkaSerdesTester] (Thread-666) Sending message {"key11754413363105": "value-0"} to topic topic-a5716140_690a_42a6_b724_9042ec896ad1
2025-08-05 17:02:49,610 INFO  [io.api.tes.ser.api.KafkaSerdesTester] (Thread-666) Sending message {"key11754413363105": "value-1"} to topic topic-a5716140_690a_42a6_b724_9042ec896ad1
2025-08-05 17:02:49,611 INFO  [io.api.tes.ser.api.KafkaSerdesTester] (Thread-666) Sending message {"key11754413363105": "value-2"} to topic topic-a5716140_690a_42a6_b724_9042ec896ad1
2025-08-05 17:02:49,613 INFO  [io.api.tes.ser.api.KafkaSerdesTester] (Thread-666) Sending message {"key11754413363105": "value-3"} to topic topic-a5716140_690a_42a6_b724_9042ec896ad1
2025-08-05 17:02:49,614 INFO  [io.api.tes.ser.api.KafkaSerdesTester] (Thread-666) Sending message {"key11754413363105": "value-4"} to topic topic-a5716140_690a_42a6_b724_9042ec896ad1
2025-08-05 17:02:49,617 INFO  [io.api.tes.ser.api.KafkaSerdesTester] (Thread-666) Sending message {"key11754413363105": "value-5"} to topic topic-a5716140_690a_42a6_b724_9042ec896ad1
2025-08-05 17:02:49,620 INFO  [io.api.tes.ser.api.KafkaSerdesTester] (Thread-666) Sending message {"key11754413363105": "value-6"} to topic topic-a5716140_690a_42a6_b724_9042ec896ad1
2025-08-05 17:02:49,621 INFO  [io.api.tes.ser.api.KafkaSerdesTester] (Thread-666) Sending message {"key11754413363105": "value-7"} to topic topic-a5716140_690a_42a6_b724_9042ec896ad1
2025-08-05 17:02:49,623 INFO  [io.api.tes.ser.api.KafkaSerdesTester] (Thread-666) Sending message {"key11754413363105": "value-8"} to topic topic-a5716140_690a_42a6_b724_9042ec896ad1
2025-08-05 17:02:49,624 INFO  [io.api.tes.ser.api.KafkaSerdesTester] (Thread-666) Sending message {"key11754413363105": "value-9"} to topic topic-a5716140_690a_42a6_b724_9042ec896ad1
2025-08-05 17:02:49,625 INFO  [io.api.tes.ser.api.KafkaSerdesTester] (Thread-666) Produced 10 messages
2025-08-05 17:02:49,628 INFO  [org.apa.kaf.cli.con.int.ClassicKafkaConsumer] (Thread-667) [Consumer clientId=consumer-Consumer-topic-a5716140_690a_42a6_b724_9042ec896ad1-9, groupId=Consumer-topic-a5716140_690a_42a6_b724_9042ec896ad1] Subscribed to topic(s): topic-a5716140_690a_42a6_b724_9042ec896ad1
2025-08-05 17:02:49,659 INFO  [io.api.tes.ser.api.KafkaSerdesTester] (Thread-667) topic-a5716140_690a_42a6_b724_9042ec896ad1 0 30 {"key11754413363105": "value-0", "key21754413367369": "value-0", "key31754413368512": "value-0"}
2025-08-05 17:02:49,659 INFO  [io.api.tes.ser.api.KafkaSerdesTester] (Thread-667) topic-a5716140_690a_42a6_b724_9042ec896ad1 0 31 {"key11754413363105": "value-1", "key21754413367369": "value-1", "key31754413368512": "value-1"}
2025-08-05 17:02:49,659 INFO  [io.api.tes.ser.api.KafkaSerdesTester] (Thread-667) topic-a5716140_690a_42a6_b724_9042ec896ad1 0 32 {"key11754413363105": "value-2", "key21754413367369": "value-2", "key31754413368512": "value-2"}
2025-08-05 17:02:49,659 INFO  [io.api.tes.ser.api.KafkaSerdesTester] (Thread-667) topic-a5716140_690a_42a6_b724_9042ec896ad1 0 33 {"key11754413363105": "value-3", "key21754413367369": "value-3", "key31754413368512": "value-3"}
2025-08-05 17:02:49,659 INFO  [io.api.tes.ser.api.KafkaSerdesTester] (Thread-667) topic-a5716140_690a_42a6_b724_9042ec896ad1 0 34 {"key11754413363105": "value-4", "key21754413367369": "value-4", "key31754413368512": "value-4"}
2025-08-05 17:02:49,660 INFO  [io.api.tes.ser.api.KafkaSerdesTester] (Thread-667) topic-a5716140_690a_42a6_b724_9042ec896ad1 0 35 {"key11754413363105": "value-5", "key21754413367369": "value-5", "key31754413368512": "value-5"}
2025-08-05 17:02:49,660 INFO  [io.api.tes.ser.api.KafkaSerdesTester] (Thread-667) topic-a5716140_690a_42a6_b724_9042ec896ad1 0 36 {"key11754413363105": "value-6", "key21754413367369": "value-6", "key31754413368512": "value-6"}
2025-08-05 17:02:49,660 INFO  [io.api.tes.ser.api.KafkaSerdesTester] (Thread-667) topic-a5716140_690a_42a6_b724_9042ec896ad1 0 37 {"key11754413363105": "value-7", "key21754413367369": "value-7", "key31754413368512": "value-7"}
2025-08-05 17:02:49,660 INFO  [io.api.tes.ser.api.KafkaSerdesTester] (Thread-667) topic-a5716140_690a_42a6_b724_9042ec896ad1 0 38 {"key11754413363105": "value-8", "key21754413367369": "value-8", "key31754413368512": "value-8"}
2025-08-05 17:02:49,660 INFO  [io.api.tes.ser.api.KafkaSerdesTester] (Thread-667) topic-a5716140_690a_42a6_b724_9042ec896ad1 0 39 {"key11754413363105": "value-9", "key21754413367369": "value-9", "key31754413368512": "value-9"}
2025-08-05 17:02:49,660 INFO  [io.api.tes.ser.api.KafkaSerdesTester] (Thread-667) topic-a5716140_690a_42a6_b724_9042ec896ad1 0 40 {"key11754413363105": "value-0", "key21754413367369": "value-0"}
2025-08-05 17:02:49,660 INFO  [io.api.tes.ser.api.KafkaSerdesTester] (Thread-667) topic-a5716140_690a_42a6_b724_9042ec896ad1 0 41 {"key11754413363105": "value-1", "key21754413367369": "value-1"}
2025-08-05 17:02:49,660 INFO  [io.api.tes.ser.api.KafkaSerdesTester] (Thread-667) topic-a5716140_690a_42a6_b724_9042ec896ad1 0 42 {"key11754413363105": "value-2", "key21754413367369": "value-2"}
2025-08-05 17:02:49,660 INFO  [io.api.tes.ser.api.KafkaSerdesTester] (Thread-667) topic-a5716140_690a_42a6_b724_9042ec896ad1 0 43 {"key11754413363105": "value-3", "key21754413367369": "value-3"}
2025-08-05 17:02:49,660 INFO  [io.api.tes.ser.api.KafkaSerdesTester] (Thread-667) topic-a5716140_690a_42a6_b724_9042ec896ad1 0 44 {"key11754413363105": "value-4", "key21754413367369": "value-4"}
2025-08-05 17:02:49,660 INFO  [io.api.tes.ser.api.KafkaSerdesTester] (Thread-667) topic-a5716140_690a_42a6_b724_9042ec896ad1 0 45 {"key11754413363105": "value-5", "key21754413367369": "value-5"}
2025-08-05 17:02:49,660 INFO  [io.api.tes.ser.api.KafkaSerdesTester] (Thread-667) topic-a5716140_690a_42a6_b724_9042ec896ad1 0 46 {"key11754413363105": "value-6", "key21754413367369": "value-6"}
2025-08-05 17:02:49,660 INFO  [io.api.tes.ser.api.KafkaSerdesTester] (Thread-667) topic-a5716140_690a_42a6_b724_9042ec896ad1 0 47 {"key11754413363105": "value-7", "key21754413367369": "value-7"}
2025-08-05 17:02:49,660 INFO  [io.api.tes.ser.api.KafkaSerdesTester] (Thread-667) topic-a5716140_690a_42a6_b724_9042ec896ad1 0 48 {"key11754413363105": "value-8", "key21754413367369": "value-8"}
2025-08-05 17:02:49,660 INFO  [io.api.tes.ser.api.KafkaSerdesTester] (Thread-667) topic-a5716140_690a_42a6_b724_9042ec896ad1 0 49 {"key11754413363105": "value-9", "key21754413367369": "value-9"}
2025-08-05 17:02:49,660 INFO  [io.api.tes.ser.api.KafkaSerdesTester] (Thread-667) topic-a5716140_690a_42a6_b724_9042ec896ad1 0 50 {"key11754413363105": "value-0"}
2025-08-05 17:02:49,660 INFO  [io.api.tes.ser.api.KafkaSerdesTester] (Thread-667) topic-a5716140_690a_42a6_b724_9042ec896ad1 0 51 {"key11754413363105": "value-1"}
2025-08-05 17:02:49,660 INFO  [io.api.tes.ser.api.KafkaSerdesTester] (Thread-667) topic-a5716140_690a_42a6_b724_9042ec896ad1 0 52 {"key11754413363105": "value-2"}
2025-08-05 17:02:49,661 INFO  [io.api.tes.ser.api.KafkaSerdesTester] (Thread-667) topic-a5716140_690a_42a6_b724_9042ec896ad1 0 53 {"key11754413363105": "value-3"}
2025-08-05 17:02:49,661 INFO  [io.api.tes.ser.api.KafkaSerdesTester] (Thread-667) topic-a5716140_690a_42a6_b724_9042ec896ad1 0 54 {"key11754413363105": "value-4"}
2025-08-05 17:02:49,661 INFO  [io.api.tes.ser.api.KafkaSerdesTester] (Thread-667) topic-a5716140_690a_42a6_b724_9042ec896ad1 0 55 {"key11754413363105": "value-5"}
2025-08-05 17:02:49,661 INFO  [io.api.tes.ser.api.KafkaSerdesTester] (Thread-667) topic-a5716140_690a_42a6_b724_9042ec896ad1 0 56 {"key11754413363105": "value-6"}
2025-08-05 17:02:49,661 INFO  [io.api.tes.ser.api.KafkaSerdesTester] (Thread-667) topic-a5716140_690a_42a6_b724_9042ec896ad1 0 57 {"key11754413363105": "value-7"}
2025-08-05 17:02:49,661 INFO  [io.api.tes.ser.api.KafkaSerdesTester] (Thread-667) topic-a5716140_690a_42a6_b724_9042ec896ad1 0 58 {"key11754413363105": "value-8"}
2025-08-05 17:02:49,661 INFO  [io.api.tes.ser.api.KafkaSerdesTester] (Thread-667) topic-a5716140_690a_42a6_b724_9042ec896ad1 0 59 {"key11754413363105": "value-9"}
2025-08-05 17:02:49,661 INFO  [io.api.tes.ser.api.KafkaSerdesTester] (Thread-667) Consumed 30 messages
2025-08-05 17:02:49,661 INFO  [org.apa.kaf.cli.pro.KafkaProducer] (main) [Producer clientId=Producer-topic-a5716140_690a_42a6_b724_9042ec896ad1] Closing the Kafka producer with timeoutMillis = 9223372036854775807 ms.
2025-08-05 17:02:49,664 INFO  [org.apa.kaf.com.met.Metrics] (main) Metrics scheduler closed
2025-08-05 17:02:49,664 INFO  [org.apa.kaf.com.met.Metrics] (main) Closing reporter org.apache.kafka.common.metrics.JmxReporter
2025-08-05 17:02:49,664 INFO  [org.apa.kaf.com.met.Metrics] (main) Closing reporter org.apache.kafka.common.telemetry.internals.ClientTelemetryReporter
2025-08-05 17:02:49,664 INFO  [org.apa.kaf.com.met.Metrics] (main) Metrics reporters closed
2025-08-05 17:02:49,664 INFO  [org.apa.kaf.com.uti.AppInfoParser] (main) App info kafka.producer for Producer-topic-a5716140_690a_42a6_b724_9042ec896ad1 unregistered
2025-08-05 17:02:49,672 INFO  [org.apa.kaf.cli.con.int.ConsumerRebalanceListenerInvoker] (main) [Consumer clientId=consumer-Consumer-topic-a5716140_690a_42a6_b724_9042ec896ad1-9, groupId=Consumer-topic-a5716140_690a_42a6_b724_9042ec896ad1] Revoke previously assigned partitions topic-a5716140_690a_42a6_b724_9042ec896ad1-0
2025-08-05 17:02:49,672 INFO  [org.apa.kaf.cli.con.int.ConsumerCoordinator] (main) [Consumer clientId=consumer-Consumer-topic-a5716140_690a_42a6_b724_9042ec896ad1-9, groupId=Consumer-topic-a5716140_690a_42a6_b724_9042ec896ad1] Member consumer-Consumer-topic-a5716140_690a_42a6_b724_9042ec896ad1-9-174cac98-f188-4e60-aeb6-c238f2ab2ca8 sending LeaveGroup request to coordinator localhost:32769 (id: 2147483647 rack: null) due to the consumer is being closed
2025-08-05 17:02:49,672 INFO  [org.apa.kaf.cli.con.int.ConsumerCoordinator] (main) [Consumer clientId=consumer-Consumer-topic-a5716140_690a_42a6_b724_9042ec896ad1-9, groupId=Consumer-topic-a5716140_690a_42a6_b724_9042ec896ad1] Resetting generation and member id due to: consumer pro-actively leaving the group
2025-08-05 17:02:49,672 INFO  [org.apa.kaf.cli.con.int.ConsumerCoordinator] (main) [Consumer clientId=consumer-Consumer-topic-a5716140_690a_42a6_b724_9042ec896ad1-9, groupId=Consumer-topic-a5716140_690a_42a6_b724_9042ec896ad1] Request joining group due to: consumer pro-actively leaving the group
2025-08-05 17:02:50,161 INFO  [org.apa.kaf.com.met.Metrics] (main) Metrics scheduler closed
2025-08-05 17:02:50,162 INFO  [org.apa.kaf.com.met.Metrics] (main) Closing reporter org.apache.kafka.common.metrics.JmxReporter
2025-08-05 17:02:50,162 INFO  [org.apa.kaf.com.met.Metrics] (main) Closing reporter org.apache.kafka.common.telemetry.internals.ClientTelemetryReporter
2025-08-05 17:02:50,162 INFO  [org.apa.kaf.com.met.Metrics] (main) Metrics reporters closed
2025-08-05 17:02:50,165 INFO  [org.apa.kaf.com.uti.AppInfoParser] (main) App info kafka.consumer for consumer-Consumer-topic-a5716140_690a_42a6_b724_9042ec896ad1-9 unregistered
2025-08-05 17:02:50,165 INFO  [io.api.tes.uti.TestSeparator] (main) io.apicurio.tests.serdes.apicurio.AvroSerdeIT.testEvolveAvroApicurioReusingClient-FINISHED
2025-08-05 17:02:50,165 INFO  [io.api.tes.uti.TestSeparator] (main) ############################################################################
Test passed: testEvolveAvroApicurioReusingClient
]]></system-out>
  </testcase>
  <testcase name="testProducerUsesDefaultConsumerUsesGlobalId" classname="io.apicurio.tests.serdes.apicurio.AvroSerdeIT" time="0.0">
    <skipped message="void io.apicurio.tests.serdes.apicurio.AvroSerdeIT.testProducerUsesDefaultConsumerUsesGlobalId() throws java.lang.Exception is @Disabled"/>
  </testcase>
  <testcase name="testEvolveAvroApicurio" classname="io.apicurio.tests.serdes.apicurio.AvroSerdeIT" time="14.362">
    <system-out><![CDATA[2025-08-05 17:02:50,169 INFO  [io.api.tes.uti.TestSeparator] (main) ############################################################################
2025-08-05 17:02:50,170 INFO  [io.api.tes.uti.TestSeparator] (main) io.apicurio.tests.serdes.apicurio.AvroSerdeIT.testEvolveAvroApicurio-STARTED
2025-08-05 17:02:50,171 INFO  [io.api.tes.ser.api.AvroSerdeIT] (main) Registering Avro Schema: {"type":"record","name":"sf6dbd118x1064x4028xb654x1b0349d4c2ed","namespace":"ns_f411eb0c_41d7_4f51_b8a7_63f84b25d695","fields":[{"name":"key11754413370170","type":"string"}]}
**** Registry Base URL: http://registry-app-inmemory.apps.ci419.apicurio-testing.org:80
2025-08-05 17:02:51,203 INFO  [org.apa.kaf.cli.pro.ProducerConfig] (main) ProducerConfig values: 
	acks = -1
	auto.include.jmx.reporter = true
	batch.size = 16384
	bootstrap.servers = [PLAINTEXT://localhost:32769]
	buffer.memory = 33554432
	client.dns.lookup = use_all_dns_ips
	client.id = Producer-topic-b8fa1057_080b_46ce_b8db_5007897beb53
	compression.gzip.level = -1
	compression.lz4.level = 9
	compression.type = none
	compression.zstd.level = 3
	connections.max.idle.ms = 10000
	delivery.timeout.ms = 120000
	enable.idempotence = true
	enable.metrics.push = true
	interceptor.classes = []
	key.serializer = class org.apache.kafka.common.serialization.StringSerializer
	linger.ms = 0
	max.block.ms = 60000
	max.in.flight.requests.per.connection = 5
	max.request.size = 1048576
	metadata.max.age.ms = 300000
	metadata.max.idle.ms = 300000
	metadata.recovery.strategy = none
	metric.reporters = []
	metrics.num.samples = 2
	metrics.recording.level = INFO
	metrics.sample.window.ms = 30000
	partitioner.adaptive.partitioning.enable = true
	partitioner.availability.timeout.ms = 0
	partitioner.class = null
	partitioner.ignore.keys = false
	receive.buffer.bytes = 32768
	reconnect.backoff.max.ms = 1000
	reconnect.backoff.ms = 50
	request.timeout.ms = 5000
	retries = 2147483647
	retry.backoff.max.ms = 1000
	retry.backoff.ms = 100
	sasl.client.callback.handler.class = null
	sasl.jaas.config = null
	sasl.kerberos.kinit.cmd = /usr/bin/kinit
	sasl.kerberos.min.time.before.relogin = 60000
	sasl.kerberos.service.name = null
	sasl.kerberos.ticket.renew.jitter = 0.05
	sasl.kerberos.ticket.renew.window.factor = 0.8
	sasl.login.callback.handler.class = null
	sasl.login.class = null
	sasl.login.connect.timeout.ms = null
	sasl.login.read.timeout.ms = null
	sasl.login.refresh.buffer.seconds = 300
	sasl.login.refresh.min.period.seconds = 60
	sasl.login.refresh.window.factor = 0.8
	sasl.login.refresh.window.jitter = 0.05
	sasl.login.retry.backoff.max.ms = 10000
	sasl.login.retry.backoff.ms = 100
	sasl.mechanism = GSSAPI
	sasl.oauthbearer.clock.skew.seconds = 30
	sasl.oauthbearer.expected.audience = null
	sasl.oauthbearer.expected.issuer = null
	sasl.oauthbearer.header.urlencode = false
	sasl.oauthbearer.jwks.endpoint.refresh.ms = 3600000
	sasl.oauthbearer.jwks.endpoint.retry.backoff.max.ms = 10000
	sasl.oauthbearer.jwks.endpoint.retry.backoff.ms = 100
	sasl.oauthbearer.jwks.endpoint.url = null
	sasl.oauthbearer.scope.claim.name = scope
	sasl.oauthbearer.sub.claim.name = sub
	sasl.oauthbearer.token.endpoint.url = null
	security.protocol = PLAINTEXT
	security.providers = null
	send.buffer.bytes = 131072
	socket.connection.setup.timeout.max.ms = 30000
	socket.connection.setup.timeout.ms = 10000
	ssl.cipher.suites = null
	ssl.enabled.protocols = [TLSv1.2, TLSv1.3]
	ssl.endpoint.identification.algorithm = https
	ssl.engine.factory.class = null
	ssl.key.password = null
	ssl.keymanager.algorithm = SunX509
	ssl.keystore.certificate.chain = null
	ssl.keystore.key = null
	ssl.keystore.location = null
	ssl.keystore.password = null
	ssl.keystore.type = JKS
	ssl.protocol = TLSv1.3
	ssl.provider = null
	ssl.secure.random.implementation = null
	ssl.trustmanager.algorithm = PKIX
	ssl.truststore.certificates = null
	ssl.truststore.location = null
	ssl.truststore.password = null
	ssl.truststore.type = JKS
	transaction.timeout.ms = 60000
	transactional.id = null
	value.serializer = class io.apicurio.registry.serde.avro.AvroKafkaSerializer

2025-08-05 17:02:51,204 INFO  [org.apa.kaf.com.tel.int.KafkaMetricsCollector] (main) initializing Kafka metrics collector
2025-08-05 17:02:51,207 INFO  [org.apa.kaf.cli.pro.KafkaProducer] (main) [Producer clientId=Producer-topic-b8fa1057_080b_46ce_b8db_5007897beb53] Instantiated an idempotent producer.
2025-08-05 17:02:51,209 INFO  [org.apa.kaf.cli.pro.ProducerConfig] (main) These configurations '[apicurio.registry.url, apicurio.registry.artifact-resolver-strategy]' were supplied but are not used yet.
2025-08-05 17:02:51,209 INFO  [org.apa.kaf.com.uti.AppInfoParser] (main) Kafka version: 3.9.1
2025-08-05 17:02:51,210 INFO  [org.apa.kaf.com.uti.AppInfoParser] (main) Kafka commitId: f745dfdcee2b9851
2025-08-05 17:02:51,210 INFO  [org.apa.kaf.com.uti.AppInfoParser] (main) Kafka startTimeMs: 1754413371209
**** Registry Base URL: http://registry-app-inmemory.apps.ci419.apicurio-testing.org:80
2025-08-05 17:02:51,210 INFO  [org.apa.kaf.cli.con.ConsumerConfig] (main) ConsumerConfig values: 
	allow.auto.create.topics = true
	auto.commit.interval.ms = 500
	auto.include.jmx.reporter = true
	auto.offset.reset = earliest
	bootstrap.servers = [PLAINTEXT://localhost:32769]
	check.crcs = true
	client.dns.lookup = use_all_dns_ips
	client.id = consumer-Consumer-topic-b8fa1057_080b_46ce_b8db_5007897beb53-10
	client.rack = 
	connections.max.idle.ms = 10000
	default.api.timeout.ms = 60000
	enable.auto.commit = true
	enable.metrics.push = true
	exclude.internal.topics = true
	fetch.max.bytes = 52428800
	fetch.max.wait.ms = 500
	fetch.min.bytes = 1
	group.id = Consumer-topic-b8fa1057_080b_46ce_b8db_5007897beb53
	group.instance.id = null
	group.protocol = classic
	group.remote.assignor = null
	heartbeat.interval.ms = 3000
	interceptor.classes = []
	internal.leave.group.on.close = true
	internal.throw.on.fetch.stable.offset.unsupported = false
	isolation.level = read_uncommitted
	key.deserializer = class org.apache.kafka.common.serialization.StringDeserializer
	max.partition.fetch.bytes = 1048576
	max.poll.interval.ms = 300000
	max.poll.records = 500
	metadata.max.age.ms = 300000
	metadata.recovery.strategy = none
	metric.reporters = []
	metrics.num.samples = 2
	metrics.recording.level = INFO
	metrics.sample.window.ms = 30000
	partition.assignment.strategy = [class org.apache.kafka.clients.consumer.RangeAssignor, class org.apache.kafka.clients.consumer.CooperativeStickyAssignor]
	receive.buffer.bytes = 65536
	reconnect.backoff.max.ms = 1000
	reconnect.backoff.ms = 50
	request.timeout.ms = 5000
	retry.backoff.max.ms = 1000
	retry.backoff.ms = 100
	sasl.client.callback.handler.class = null
	sasl.jaas.config = null
	sasl.kerberos.kinit.cmd = /usr/bin/kinit
	sasl.kerberos.min.time.before.relogin = 60000
	sasl.kerberos.service.name = null
	sasl.kerberos.ticket.renew.jitter = 0.05
	sasl.kerberos.ticket.renew.window.factor = 0.8
	sasl.login.callback.handler.class = null
	sasl.login.class = null
	sasl.login.connect.timeout.ms = null
	sasl.login.read.timeout.ms = null
	sasl.login.refresh.buffer.seconds = 300
	sasl.login.refresh.min.period.seconds = 60
	sasl.login.refresh.window.factor = 0.8
	sasl.login.refresh.window.jitter = 0.05
	sasl.login.retry.backoff.max.ms = 10000
	sasl.login.retry.backoff.ms = 100
	sasl.mechanism = GSSAPI
	sasl.oauthbearer.clock.skew.seconds = 30
	sasl.oauthbearer.expected.audience = null
	sasl.oauthbearer.expected.issuer = null
	sasl.oauthbearer.header.urlencode = false
	sasl.oauthbearer.jwks.endpoint.refresh.ms = 3600000
	sasl.oauthbearer.jwks.endpoint.retry.backoff.max.ms = 10000
	sasl.oauthbearer.jwks.endpoint.retry.backoff.ms = 100
	sasl.oauthbearer.jwks.endpoint.url = null
	sasl.oauthbearer.scope.claim.name = scope
	sasl.oauthbearer.sub.claim.name = sub
	sasl.oauthbearer.token.endpoint.url = null
	security.protocol = PLAINTEXT
	security.providers = null
	send.buffer.bytes = 131072
	session.timeout.ms = 45000
	socket.connection.setup.timeout.max.ms = 30000
	socket.connection.setup.timeout.ms = 10000
	ssl.cipher.suites = null
	ssl.enabled.protocols = [TLSv1.2, TLSv1.3]
	ssl.endpoint.identification.algorithm = https
	ssl.engine.factory.class = null
	ssl.key.password = null
	ssl.keymanager.algorithm = SunX509
	ssl.keystore.certificate.chain = null
	ssl.keystore.key = null
	ssl.keystore.location = null
	ssl.keystore.password = null
	ssl.keystore.type = JKS
	ssl.protocol = TLSv1.3
	ssl.provider = null
	ssl.secure.random.implementation = null
	ssl.trustmanager.algorithm = PKIX
	ssl.truststore.certificates = null
	ssl.truststore.location = null
	ssl.truststore.password = null
	ssl.truststore.type = JKS
	value.deserializer = class io.apicurio.registry.serde.avro.AvroKafkaDeserializer

2025-08-05 17:02:51,210 INFO  [org.apa.kaf.com.tel.int.KafkaMetricsCollector] (main) initializing Kafka metrics collector
2025-08-05 17:02:51,216 INFO  [org.apa.kaf.cli.con.ConsumerConfig] (main) These configurations '[apicurio.registry.url]' were supplied but are not used yet.
2025-08-05 17:02:51,216 INFO  [org.apa.kaf.com.uti.AppInfoParser] (main) Kafka version: 3.9.1
2025-08-05 17:02:51,216 INFO  [org.apa.kaf.com.uti.AppInfoParser] (main) Kafka commitId: f745dfdcee2b9851
2025-08-05 17:02:51,216 INFO  [org.apa.kaf.com.uti.AppInfoParser] (main) Kafka startTimeMs: 1754413371216
2025-08-05 17:02:51,217 INFO  [io.api.tes.ser.api.KafkaSerdesTester] (Thread-672) Sending message {"key11754413370170": "value-0"} to topic topic-b8fa1057_080b_46ce_b8db_5007897beb53
2025-08-05 17:02:51,217 INFO  [org.apa.kaf.cli.Metadata] (kafka-producer-network-thread | Producer-topic-b8fa1057_080b_46ce_b8db_5007897beb53) [Producer clientId=Producer-topic-b8fa1057_080b_46ce_b8db_5007897beb53] Cluster ID: utE1hb3GTCWLCoAPsWG7_Q
2025-08-05 17:02:51,218 INFO  [org.apa.kaf.cli.pro.int.TransactionManager] (kafka-producer-network-thread | Producer-topic-b8fa1057_080b_46ce_b8db_5007897beb53) [Producer clientId=Producer-topic-b8fa1057_080b_46ce_b8db_5007897beb53] ProducerId set to 12 with epoch 0
2025-08-05 17:02:51,221 INFO  [DefaultSchemaResolver] (Thread-672) Retrieving schema content using string: {"type":"record","name":"sf6dbd118x1064x4028xb654x1b0349d4c2ed","namespace":"ns_f411eb0c_41d7_4f51_b8a7_63f84b25d695","fields":[{"name":"key11754413370170","type":"string"}]}
2025-08-05 17:02:51,249 INFO  [io.api.tes.ser.api.KafkaSerdesTester] (Thread-672) Sending message {"key11754413370170": "value-1"} to topic topic-b8fa1057_080b_46ce_b8db_5007897beb53
2025-08-05 17:02:51,251 INFO  [io.api.tes.ser.api.KafkaSerdesTester] (Thread-672) Sending message {"key11754413370170": "value-2"} to topic topic-b8fa1057_080b_46ce_b8db_5007897beb53
2025-08-05 17:02:51,252 INFO  [io.api.tes.ser.api.KafkaSerdesTester] (Thread-672) Sending message {"key11754413370170": "value-3"} to topic topic-b8fa1057_080b_46ce_b8db_5007897beb53
2025-08-05 17:02:51,256 INFO  [io.api.tes.ser.api.KafkaSerdesTester] (Thread-672) Sending message {"key11754413370170": "value-4"} to topic topic-b8fa1057_080b_46ce_b8db_5007897beb53
2025-08-05 17:02:51,257 INFO  [io.api.tes.ser.api.KafkaSerdesTester] (Thread-672) Sending message {"key11754413370170": "value-5"} to topic topic-b8fa1057_080b_46ce_b8db_5007897beb53
2025-08-05 17:02:51,261 INFO  [io.api.tes.ser.api.KafkaSerdesTester] (Thread-672) Sending message {"key11754413370170": "value-6"} to topic topic-b8fa1057_080b_46ce_b8db_5007897beb53
2025-08-05 17:02:51,263 INFO  [io.api.tes.ser.api.KafkaSerdesTester] (Thread-672) Sending message {"key11754413370170": "value-7"} to topic topic-b8fa1057_080b_46ce_b8db_5007897beb53
2025-08-05 17:02:51,265 INFO  [io.api.tes.ser.api.KafkaSerdesTester] (Thread-672) Sending message {"key11754413370170": "value-8"} to topic topic-b8fa1057_080b_46ce_b8db_5007897beb53
2025-08-05 17:02:51,268 INFO  [io.api.tes.ser.api.KafkaSerdesTester] (Thread-672) Sending message {"key11754413370170": "value-9"} to topic topic-b8fa1057_080b_46ce_b8db_5007897beb53
2025-08-05 17:02:51,270 INFO  [io.api.tes.ser.api.KafkaSerdesTester] (Thread-672) Produced 10 messages
2025-08-05 17:02:51,270 INFO  [org.apa.kaf.cli.pro.KafkaProducer] (Thread-672) [Producer clientId=Producer-topic-b8fa1057_080b_46ce_b8db_5007897beb53] Closing the Kafka producer with timeoutMillis = 9223372036854775807 ms.
2025-08-05 17:02:51,274 INFO  [org.apa.kaf.com.met.Metrics] (Thread-672) Metrics scheduler closed
2025-08-05 17:02:51,274 INFO  [org.apa.kaf.com.met.Metrics] (Thread-672) Closing reporter org.apache.kafka.common.metrics.JmxReporter
2025-08-05 17:02:51,274 INFO  [org.apa.kaf.com.met.Metrics] (Thread-672) Closing reporter org.apache.kafka.common.telemetry.internals.ClientTelemetryReporter
2025-08-05 17:02:51,274 INFO  [org.apa.kaf.com.met.Metrics] (Thread-672) Metrics reporters closed
2025-08-05 17:02:51,274 INFO  [org.apa.kaf.com.uti.AppInfoParser] (Thread-672) App info kafka.producer for Producer-topic-b8fa1057_080b_46ce_b8db_5007897beb53 unregistered
2025-08-05 17:02:51,275 INFO  [org.apa.kaf.cli.con.int.ClassicKafkaConsumer] (Thread-673) [Consumer clientId=consumer-Consumer-topic-b8fa1057_080b_46ce_b8db_5007897beb53-10, groupId=Consumer-topic-b8fa1057_080b_46ce_b8db_5007897beb53] Subscribed to topic(s): topic-b8fa1057_080b_46ce_b8db_5007897beb53
2025-08-05 17:02:51,280 INFO  [org.apa.kaf.cli.Metadata] (Thread-673) [Consumer clientId=consumer-Consumer-topic-b8fa1057_080b_46ce_b8db_5007897beb53-10, groupId=Consumer-topic-b8fa1057_080b_46ce_b8db_5007897beb53] Cluster ID: utE1hb3GTCWLCoAPsWG7_Q
2025-08-05 17:02:51,281 INFO  [org.apa.kaf.cli.con.int.ConsumerCoordinator] (Thread-673) [Consumer clientId=consumer-Consumer-topic-b8fa1057_080b_46ce_b8db_5007897beb53-10, groupId=Consumer-topic-b8fa1057_080b_46ce_b8db_5007897beb53] Discovered group coordinator localhost:32769 (id: 2147483647 rack: null)
2025-08-05 17:02:51,286 INFO  [org.apa.kaf.cli.con.int.ConsumerCoordinator] (Thread-673) [Consumer clientId=consumer-Consumer-topic-b8fa1057_080b_46ce_b8db_5007897beb53-10, groupId=Consumer-topic-b8fa1057_080b_46ce_b8db_5007897beb53] (Re-)joining group
2025-08-05 17:02:51,291 INFO  [org.apa.kaf.cli.con.int.ConsumerCoordinator] (Thread-673) [Consumer clientId=consumer-Consumer-topic-b8fa1057_080b_46ce_b8db_5007897beb53-10, groupId=Consumer-topic-b8fa1057_080b_46ce_b8db_5007897beb53] Request joining group due to: need to re-join with the given member-id: consumer-Consumer-topic-b8fa1057_080b_46ce_b8db_5007897beb53-10-6d8122ef-2382-443e-9069-71305e23f528
2025-08-05 17:02:51,291 INFO  [org.apa.kaf.cli.con.int.ConsumerCoordinator] (Thread-673) [Consumer clientId=consumer-Consumer-topic-b8fa1057_080b_46ce_b8db_5007897beb53-10, groupId=Consumer-topic-b8fa1057_080b_46ce_b8db_5007897beb53] (Re-)joining group
2025-08-05 17:02:52,275 INFO  [io.api.tes.ser.api.KafkaSerdesTester] (Thread-673) None found
2025-08-05 17:02:53,275 INFO  [io.api.tes.ser.api.KafkaSerdesTester] (Thread-673) None found
2025-08-05 17:02:54,275 INFO  [io.api.tes.ser.api.KafkaSerdesTester] (Thread-673) None found
2025-08-05 17:02:54,292 INFO  [org.apa.kaf.cli.con.int.ConsumerCoordinator] (Thread-673) [Consumer clientId=consumer-Consumer-topic-b8fa1057_080b_46ce_b8db_5007897beb53-10, groupId=Consumer-topic-b8fa1057_080b_46ce_b8db_5007897beb53] Successfully joined group with generation Generation{generationId=1, memberId='consumer-Consumer-topic-b8fa1057_080b_46ce_b8db_5007897beb53-10-6d8122ef-2382-443e-9069-71305e23f528', protocol='range'}
2025-08-05 17:02:54,293 INFO  [org.apa.kaf.cli.con.int.ConsumerCoordinator] (Thread-673) [Consumer clientId=consumer-Consumer-topic-b8fa1057_080b_46ce_b8db_5007897beb53-10, groupId=Consumer-topic-b8fa1057_080b_46ce_b8db_5007897beb53] Finished assignment for group at generation 1: {consumer-Consumer-topic-b8fa1057_080b_46ce_b8db_5007897beb53-10-6d8122ef-2382-443e-9069-71305e23f528=Assignment(partitions=[topic-b8fa1057_080b_46ce_b8db_5007897beb53-0])}
2025-08-05 17:02:54,300 INFO  [org.apa.kaf.cli.con.int.ConsumerCoordinator] (Thread-673) [Consumer clientId=consumer-Consumer-topic-b8fa1057_080b_46ce_b8db_5007897beb53-10, groupId=Consumer-topic-b8fa1057_080b_46ce_b8db_5007897beb53] Successfully synced group in generation Generation{generationId=1, memberId='consumer-Consumer-topic-b8fa1057_080b_46ce_b8db_5007897beb53-10-6d8122ef-2382-443e-9069-71305e23f528', protocol='range'}
2025-08-05 17:02:54,300 INFO  [org.apa.kaf.cli.con.int.ConsumerCoordinator] (Thread-673) [Consumer clientId=consumer-Consumer-topic-b8fa1057_080b_46ce_b8db_5007897beb53-10, groupId=Consumer-topic-b8fa1057_080b_46ce_b8db_5007897beb53] Notifying assignor about the new Assignment(partitions=[topic-b8fa1057_080b_46ce_b8db_5007897beb53-0])
2025-08-05 17:02:54,300 INFO  [org.apa.kaf.cli.con.int.ConsumerRebalanceListenerInvoker] (Thread-673) [Consumer clientId=consumer-Consumer-topic-b8fa1057_080b_46ce_b8db_5007897beb53-10, groupId=Consumer-topic-b8fa1057_080b_46ce_b8db_5007897beb53] Adding newly assigned partitions: topic-b8fa1057_080b_46ce_b8db_5007897beb53-0
2025-08-05 17:02:54,301 INFO  [org.apa.kaf.cli.con.int.ConsumerCoordinator] (Thread-673) [Consumer clientId=consumer-Consumer-topic-b8fa1057_080b_46ce_b8db_5007897beb53-10, groupId=Consumer-topic-b8fa1057_080b_46ce_b8db_5007897beb53] Found no committed offset for partition topic-b8fa1057_080b_46ce_b8db_5007897beb53-0
2025-08-05 17:02:54,306 INFO  [org.apa.kaf.cli.con.int.SubscriptionState] (Thread-673) [Consumer clientId=consumer-Consumer-topic-b8fa1057_080b_46ce_b8db_5007897beb53-10, groupId=Consumer-topic-b8fa1057_080b_46ce_b8db_5007897beb53] Resetting offset for partition topic-b8fa1057_080b_46ce_b8db_5007897beb53-0 to position FetchPosition{offset=0, offsetEpoch=Optional.empty, currentLeader=LeaderAndEpoch{leader=Optional[localhost:32769 (id: 0 rack: null)], epoch=0}}.
2025-08-05 17:02:54,350 INFO  [io.api.tes.ser.api.KafkaSerdesTester] (Thread-673) topic-b8fa1057_080b_46ce_b8db_5007897beb53 0 0 {"key11754413370170": "value-0"}
2025-08-05 17:02:54,350 INFO  [io.api.tes.ser.api.KafkaSerdesTester] (Thread-673) topic-b8fa1057_080b_46ce_b8db_5007897beb53 0 1 {"key11754413370170": "value-1"}
2025-08-05 17:02:54,350 INFO  [io.api.tes.ser.api.KafkaSerdesTester] (Thread-673) topic-b8fa1057_080b_46ce_b8db_5007897beb53 0 2 {"key11754413370170": "value-2"}
2025-08-05 17:02:54,350 INFO  [io.api.tes.ser.api.KafkaSerdesTester] (Thread-673) topic-b8fa1057_080b_46ce_b8db_5007897beb53 0 3 {"key11754413370170": "value-3"}
2025-08-05 17:02:54,350 INFO  [io.api.tes.ser.api.KafkaSerdesTester] (Thread-673) topic-b8fa1057_080b_46ce_b8db_5007897beb53 0 4 {"key11754413370170": "value-4"}
2025-08-05 17:02:54,350 INFO  [io.api.tes.ser.api.KafkaSerdesTester] (Thread-673) topic-b8fa1057_080b_46ce_b8db_5007897beb53 0 5 {"key11754413370170": "value-5"}
2025-08-05 17:02:54,350 INFO  [io.api.tes.ser.api.KafkaSerdesTester] (Thread-673) topic-b8fa1057_080b_46ce_b8db_5007897beb53 0 6 {"key11754413370170": "value-6"}
2025-08-05 17:02:54,351 INFO  [io.api.tes.ser.api.KafkaSerdesTester] (Thread-673) topic-b8fa1057_080b_46ce_b8db_5007897beb53 0 7 {"key11754413370170": "value-7"}
2025-08-05 17:02:54,351 INFO  [io.api.tes.ser.api.KafkaSerdesTester] (Thread-673) topic-b8fa1057_080b_46ce_b8db_5007897beb53 0 8 {"key11754413370170": "value-8"}
2025-08-05 17:02:54,351 INFO  [io.api.tes.ser.api.KafkaSerdesTester] (Thread-673) topic-b8fa1057_080b_46ce_b8db_5007897beb53 0 9 {"key11754413370170": "value-9"}
2025-08-05 17:02:54,351 INFO  [io.api.tes.ser.api.KafkaSerdesTester] (Thread-673) Consumed 10 messages
2025-08-05 17:02:54,357 INFO  [org.apa.kaf.cli.con.int.ConsumerRebalanceListenerInvoker] (Thread-673) [Consumer clientId=consumer-Consumer-topic-b8fa1057_080b_46ce_b8db_5007897beb53-10, groupId=Consumer-topic-b8fa1057_080b_46ce_b8db_5007897beb53] Revoke previously assigned partitions topic-b8fa1057_080b_46ce_b8db_5007897beb53-0
2025-08-05 17:02:54,358 INFO  [org.apa.kaf.cli.con.int.ConsumerCoordinator] (Thread-673) [Consumer clientId=consumer-Consumer-topic-b8fa1057_080b_46ce_b8db_5007897beb53-10, groupId=Consumer-topic-b8fa1057_080b_46ce_b8db_5007897beb53] Member consumer-Consumer-topic-b8fa1057_080b_46ce_b8db_5007897beb53-10-6d8122ef-2382-443e-9069-71305e23f528 sending LeaveGroup request to coordinator localhost:32769 (id: 2147483647 rack: null) due to the consumer is being closed
2025-08-05 17:02:54,358 INFO  [org.apa.kaf.cli.con.int.ConsumerCoordinator] (Thread-673) [Consumer clientId=consumer-Consumer-topic-b8fa1057_080b_46ce_b8db_5007897beb53-10, groupId=Consumer-topic-b8fa1057_080b_46ce_b8db_5007897beb53] Resetting generation and member id due to: consumer pro-actively leaving the group
2025-08-05 17:02:54,358 INFO  [org.apa.kaf.cli.con.int.ConsumerCoordinator] (Thread-673) [Consumer clientId=consumer-Consumer-topic-b8fa1057_080b_46ce_b8db_5007897beb53-10, groupId=Consumer-topic-b8fa1057_080b_46ce_b8db_5007897beb53] Request joining group due to: consumer pro-actively leaving the group
2025-08-05 17:02:54,852 INFO  [org.apa.kaf.com.met.Metrics] (Thread-673) Metrics scheduler closed
2025-08-05 17:02:54,852 INFO  [org.apa.kaf.com.met.Metrics] (Thread-673) Closing reporter org.apache.kafka.common.metrics.JmxReporter
2025-08-05 17:02:54,852 INFO  [org.apa.kaf.com.met.Metrics] (Thread-673) Closing reporter org.apache.kafka.common.telemetry.internals.ClientTelemetryReporter
2025-08-05 17:02:54,852 INFO  [org.apa.kaf.com.met.Metrics] (Thread-673) Metrics reporters closed
2025-08-05 17:02:54,854 INFO  [org.apa.kaf.com.uti.AppInfoParser] (Thread-673) App info kafka.consumer for consumer-Consumer-topic-b8fa1057_080b_46ce_b8db_5007897beb53-10 unregistered
2025-08-05 17:02:54,855 INFO  [io.api.tes.ser.api.AvroSerdeIT] (main) Registering Avro Schema 2: {"type":"record","name":"sf6dbd118x1064x4028xb654x1b0349d4c2ed","namespace":"ns_f411eb0c_41d7_4f51_b8a7_63f84b25d695","fields":[{"name":"key11754413370170","type":"string"},{"name":"key21754413374854","type":"string"}]}
**** Registry Base URL: http://registry-app-inmemory.apps.ci419.apicurio-testing.org:80
2025-08-05 17:02:55,888 INFO  [org.apa.kaf.cli.pro.ProducerConfig] (main) ProducerConfig values: 
	acks = -1
	auto.include.jmx.reporter = true
	batch.size = 16384
	bootstrap.servers = [PLAINTEXT://localhost:32769]
	buffer.memory = 33554432
	client.dns.lookup = use_all_dns_ips
	client.id = Producer-topic-b8fa1057_080b_46ce_b8db_5007897beb53
	compression.gzip.level = -1
	compression.lz4.level = 9
	compression.type = none
	compression.zstd.level = 3
	connections.max.idle.ms = 10000
	delivery.timeout.ms = 120000
	enable.idempotence = true
	enable.metrics.push = true
	interceptor.classes = []
	key.serializer = class org.apache.kafka.common.serialization.StringSerializer
	linger.ms = 0
	max.block.ms = 60000
	max.in.flight.requests.per.connection = 5
	max.request.size = 1048576
	metadata.max.age.ms = 300000
	metadata.max.idle.ms = 300000
	metadata.recovery.strategy = none
	metric.reporters = []
	metrics.num.samples = 2
	metrics.recording.level = INFO
	metrics.sample.window.ms = 30000
	partitioner.adaptive.partitioning.enable = true
	partitioner.availability.timeout.ms = 0
	partitioner.class = null
	partitioner.ignore.keys = false
	receive.buffer.bytes = 32768
	reconnect.backoff.max.ms = 1000
	reconnect.backoff.ms = 50
	request.timeout.ms = 5000
	retries = 2147483647
	retry.backoff.max.ms = 1000
	retry.backoff.ms = 100
	sasl.client.callback.handler.class = null
	sasl.jaas.config = null
	sasl.kerberos.kinit.cmd = /usr/bin/kinit
	sasl.kerberos.min.time.before.relogin = 60000
	sasl.kerberos.service.name = null
	sasl.kerberos.ticket.renew.jitter = 0.05
	sasl.kerberos.ticket.renew.window.factor = 0.8
	sasl.login.callback.handler.class = null
	sasl.login.class = null
	sasl.login.connect.timeout.ms = null
	sasl.login.read.timeout.ms = null
	sasl.login.refresh.buffer.seconds = 300
	sasl.login.refresh.min.period.seconds = 60
	sasl.login.refresh.window.factor = 0.8
	sasl.login.refresh.window.jitter = 0.05
	sasl.login.retry.backoff.max.ms = 10000
	sasl.login.retry.backoff.ms = 100
	sasl.mechanism = GSSAPI
	sasl.oauthbearer.clock.skew.seconds = 30
	sasl.oauthbearer.expected.audience = null
	sasl.oauthbearer.expected.issuer = null
	sasl.oauthbearer.header.urlencode = false
	sasl.oauthbearer.jwks.endpoint.refresh.ms = 3600000
	sasl.oauthbearer.jwks.endpoint.retry.backoff.max.ms = 10000
	sasl.oauthbearer.jwks.endpoint.retry.backoff.ms = 100
	sasl.oauthbearer.jwks.endpoint.url = null
	sasl.oauthbearer.scope.claim.name = scope
	sasl.oauthbearer.sub.claim.name = sub
	sasl.oauthbearer.token.endpoint.url = null
	security.protocol = PLAINTEXT
	security.providers = null
	send.buffer.bytes = 131072
	socket.connection.setup.timeout.max.ms = 30000
	socket.connection.setup.timeout.ms = 10000
	ssl.cipher.suites = null
	ssl.enabled.protocols = [TLSv1.2, TLSv1.3]
	ssl.endpoint.identification.algorithm = https
	ssl.engine.factory.class = null
	ssl.key.password = null
	ssl.keymanager.algorithm = SunX509
	ssl.keystore.certificate.chain = null
	ssl.keystore.key = null
	ssl.keystore.location = null
	ssl.keystore.password = null
	ssl.keystore.type = JKS
	ssl.protocol = TLSv1.3
	ssl.provider = null
	ssl.secure.random.implementation = null
	ssl.trustmanager.algorithm = PKIX
	ssl.truststore.certificates = null
	ssl.truststore.location = null
	ssl.truststore.password = null
	ssl.truststore.type = JKS
	transaction.timeout.ms = 60000
	transactional.id = null
	value.serializer = class io.apicurio.registry.serde.avro.AvroKafkaSerializer

2025-08-05 17:02:55,888 INFO  [org.apa.kaf.com.tel.int.KafkaMetricsCollector] (main) initializing Kafka metrics collector
2025-08-05 17:02:55,892 INFO  [org.apa.kaf.cli.pro.KafkaProducer] (main) [Producer clientId=Producer-topic-b8fa1057_080b_46ce_b8db_5007897beb53] Instantiated an idempotent producer.
2025-08-05 17:02:55,893 INFO  [org.apa.kaf.cli.pro.ProducerConfig] (main) These configurations '[apicurio.registry.url, apicurio.registry.artifact-resolver-strategy]' were supplied but are not used yet.
2025-08-05 17:02:55,893 INFO  [org.apa.kaf.com.uti.AppInfoParser] (main) Kafka version: 3.9.1
2025-08-05 17:02:55,893 INFO  [org.apa.kaf.com.uti.AppInfoParser] (main) Kafka commitId: f745dfdcee2b9851
2025-08-05 17:02:55,893 INFO  [org.apa.kaf.com.uti.AppInfoParser] (main) Kafka startTimeMs: 1754413375893
2025-08-05 17:02:55,894 INFO  [io.api.tes.ser.api.KafkaSerdesTester] (Thread-676) Sending message {"key11754413370170": "value-0", "key21754413374854": "value-0"} to topic topic-b8fa1057_080b_46ce_b8db_5007897beb53
2025-08-05 17:02:55,897 INFO  [org.apa.kaf.cli.Metadata] (kafka-producer-network-thread | Producer-topic-b8fa1057_080b_46ce_b8db_5007897beb53) [Producer clientId=Producer-topic-b8fa1057_080b_46ce_b8db_5007897beb53] Cluster ID: utE1hb3GTCWLCoAPsWG7_Q
2025-08-05 17:02:55,897 INFO  [org.apa.kaf.cli.pro.int.TransactionManager] (kafka-producer-network-thread | Producer-topic-b8fa1057_080b_46ce_b8db_5007897beb53) [Producer clientId=Producer-topic-b8fa1057_080b_46ce_b8db_5007897beb53] ProducerId set to 13 with epoch 0
2025-08-05 17:02:55,897 INFO  [DefaultSchemaResolver] (Thread-676) Retrieving schema content using string: {"type":"record","name":"sf6dbd118x1064x4028xb654x1b0349d4c2ed","namespace":"ns_f411eb0c_41d7_4f51_b8a7_63f84b25d695","fields":[{"name":"key11754413370170","type":"string"},{"name":"key21754413374854","type":"string"}]}
2025-08-05 17:02:55,928 INFO  [io.api.tes.ser.api.KafkaSerdesTester] (Thread-676) Sending message {"key11754413370170": "value-1", "key21754413374854": "value-1"} to topic topic-b8fa1057_080b_46ce_b8db_5007897beb53
2025-08-05 17:02:55,931 INFO  [io.api.tes.ser.api.KafkaSerdesTester] (Thread-676) Sending message {"key11754413370170": "value-2", "key21754413374854": "value-2"} to topic topic-b8fa1057_080b_46ce_b8db_5007897beb53
2025-08-05 17:02:55,933 INFO  [io.api.tes.ser.api.KafkaSerdesTester] (Thread-676) Sending message {"key11754413370170": "value-3", "key21754413374854": "value-3"} to topic topic-b8fa1057_080b_46ce_b8db_5007897beb53
2025-08-05 17:02:55,934 INFO  [io.api.tes.ser.api.KafkaSerdesTester] (Thread-676) Sending message {"key11754413370170": "value-4", "key21754413374854": "value-4"} to topic topic-b8fa1057_080b_46ce_b8db_5007897beb53
2025-08-05 17:02:55,935 INFO  [io.api.tes.ser.api.KafkaSerdesTester] (Thread-676) Sending message {"key11754413370170": "value-5", "key21754413374854": "value-5"} to topic topic-b8fa1057_080b_46ce_b8db_5007897beb53
2025-08-05 17:02:55,937 INFO  [io.api.tes.ser.api.KafkaSerdesTester] (Thread-676) Sending message {"key11754413370170": "value-6", "key21754413374854": "value-6"} to topic topic-b8fa1057_080b_46ce_b8db_5007897beb53
2025-08-05 17:02:55,940 INFO  [io.api.tes.ser.api.KafkaSerdesTester] (Thread-676) Sending message {"key11754413370170": "value-7", "key21754413374854": "value-7"} to topic topic-b8fa1057_080b_46ce_b8db_5007897beb53
2025-08-05 17:02:55,942 INFO  [io.api.tes.ser.api.KafkaSerdesTester] (Thread-676) Sending message {"key11754413370170": "value-8", "key21754413374854": "value-8"} to topic topic-b8fa1057_080b_46ce_b8db_5007897beb53
2025-08-05 17:02:55,944 INFO  [io.api.tes.ser.api.KafkaSerdesTester] (Thread-676) Sending message {"key11754413370170": "value-9", "key21754413374854": "value-9"} to topic topic-b8fa1057_080b_46ce_b8db_5007897beb53
2025-08-05 17:02:55,945 INFO  [io.api.tes.ser.api.KafkaSerdesTester] (Thread-676) Produced 10 messages
2025-08-05 17:02:55,945 INFO  [org.apa.kaf.cli.pro.KafkaProducer] (Thread-676) [Producer clientId=Producer-topic-b8fa1057_080b_46ce_b8db_5007897beb53] Closing the Kafka producer with timeoutMillis = 9223372036854775807 ms.
2025-08-05 17:02:55,947 INFO  [org.apa.kaf.com.met.Metrics] (Thread-676) Metrics scheduler closed
2025-08-05 17:02:55,947 INFO  [org.apa.kaf.com.met.Metrics] (Thread-676) Closing reporter org.apache.kafka.common.metrics.JmxReporter
2025-08-05 17:02:55,947 INFO  [org.apa.kaf.com.met.Metrics] (Thread-676) Closing reporter org.apache.kafka.common.telemetry.internals.ClientTelemetryReporter
2025-08-05 17:02:55,947 INFO  [org.apa.kaf.com.met.Metrics] (Thread-676) Metrics reporters closed
2025-08-05 17:02:55,947 INFO  [org.apa.kaf.com.uti.AppInfoParser] (Thread-676) App info kafka.producer for Producer-topic-b8fa1057_080b_46ce_b8db_5007897beb53 unregistered
**** Registry Base URL: http://registry-app-inmemory.apps.ci419.apicurio-testing.org:80
2025-08-05 17:02:55,948 INFO  [org.apa.kaf.cli.pro.ProducerConfig] (main) ProducerConfig values: 
	acks = -1
	auto.include.jmx.reporter = true
	batch.size = 16384
	bootstrap.servers = [PLAINTEXT://localhost:32769]
	buffer.memory = 33554432
	client.dns.lookup = use_all_dns_ips
	client.id = Producer-topic-b8fa1057_080b_46ce_b8db_5007897beb53
	compression.gzip.level = -1
	compression.lz4.level = 9
	compression.type = none
	compression.zstd.level = 3
	connections.max.idle.ms = 10000
	delivery.timeout.ms = 120000
	enable.idempotence = true
	enable.metrics.push = true
	interceptor.classes = []
	key.serializer = class org.apache.kafka.common.serialization.StringSerializer
	linger.ms = 0
	max.block.ms = 60000
	max.in.flight.requests.per.connection = 5
	max.request.size = 1048576
	metadata.max.age.ms = 300000
	metadata.max.idle.ms = 300000
	metadata.recovery.strategy = none
	metric.reporters = []
	metrics.num.samples = 2
	metrics.recording.level = INFO
	metrics.sample.window.ms = 30000
	partitioner.adaptive.partitioning.enable = true
	partitioner.availability.timeout.ms = 0
	partitioner.class = null
	partitioner.ignore.keys = false
	receive.buffer.bytes = 32768
	reconnect.backoff.max.ms = 1000
	reconnect.backoff.ms = 50
	request.timeout.ms = 5000
	retries = 2147483647
	retry.backoff.max.ms = 1000
	retry.backoff.ms = 100
	sasl.client.callback.handler.class = null
	sasl.jaas.config = null
	sasl.kerberos.kinit.cmd = /usr/bin/kinit
	sasl.kerberos.min.time.before.relogin = 60000
	sasl.kerberos.service.name = null
	sasl.kerberos.ticket.renew.jitter = 0.05
	sasl.kerberos.ticket.renew.window.factor = 0.8
	sasl.login.callback.handler.class = null
	sasl.login.class = null
	sasl.login.connect.timeout.ms = null
	sasl.login.read.timeout.ms = null
	sasl.login.refresh.buffer.seconds = 300
	sasl.login.refresh.min.period.seconds = 60
	sasl.login.refresh.window.factor = 0.8
	sasl.login.refresh.window.jitter = 0.05
	sasl.login.retry.backoff.max.ms = 10000
	sasl.login.retry.backoff.ms = 100
	sasl.mechanism = GSSAPI
	sasl.oauthbearer.clock.skew.seconds = 30
	sasl.oauthbearer.expected.audience = null
	sasl.oauthbearer.expected.issuer = null
	sasl.oauthbearer.header.urlencode = false
	sasl.oauthbearer.jwks.endpoint.refresh.ms = 3600000
	sasl.oauthbearer.jwks.endpoint.retry.backoff.max.ms = 10000
	sasl.oauthbearer.jwks.endpoint.retry.backoff.ms = 100
	sasl.oauthbearer.jwks.endpoint.url = null
	sasl.oauthbearer.scope.claim.name = scope
	sasl.oauthbearer.sub.claim.name = sub
	sasl.oauthbearer.token.endpoint.url = null
	security.protocol = PLAINTEXT
	security.providers = null
	send.buffer.bytes = 131072
	socket.connection.setup.timeout.max.ms = 30000
	socket.connection.setup.timeout.ms = 10000
	ssl.cipher.suites = null
	ssl.enabled.protocols = [TLSv1.2, TLSv1.3]
	ssl.endpoint.identification.algorithm = https
	ssl.engine.factory.class = null
	ssl.key.password = null
	ssl.keymanager.algorithm = SunX509
	ssl.keystore.certificate.chain = null
	ssl.keystore.key = null
	ssl.keystore.location = null
	ssl.keystore.password = null
	ssl.keystore.type = JKS
	ssl.protocol = TLSv1.3
	ssl.provider = null
	ssl.secure.random.implementation = null
	ssl.trustmanager.algorithm = PKIX
	ssl.truststore.certificates = null
	ssl.truststore.location = null
	ssl.truststore.password = null
	ssl.truststore.type = JKS
	transaction.timeout.ms = 60000
	transactional.id = null
	value.serializer = class io.apicurio.registry.serde.avro.AvroKafkaSerializer

2025-08-05 17:02:55,948 INFO  [org.apa.kaf.com.tel.int.KafkaMetricsCollector] (main) initializing Kafka metrics collector
2025-08-05 17:02:55,954 INFO  [org.apa.kaf.cli.pro.KafkaProducer] (main) [Producer clientId=Producer-topic-b8fa1057_080b_46ce_b8db_5007897beb53] Instantiated an idempotent producer.
2025-08-05 17:02:55,956 INFO  [org.apa.kaf.cli.pro.ProducerConfig] (main) These configurations '[apicurio.registry.url, apicurio.registry.artifact-resolver-strategy]' were supplied but are not used yet.
2025-08-05 17:02:55,956 INFO  [org.apa.kaf.com.uti.AppInfoParser] (main) Kafka version: 3.9.1
2025-08-05 17:02:55,956 INFO  [org.apa.kaf.com.uti.AppInfoParser] (main) Kafka commitId: f745dfdcee2b9851
2025-08-05 17:02:55,956 INFO  [org.apa.kaf.com.uti.AppInfoParser] (main) Kafka startTimeMs: 1754413375956
2025-08-05 17:02:55,957 INFO  [io.api.tes.ser.api.KafkaSerdesTester] (Thread-679) Sending message {"key11754413370170": "value-0"} to topic topic-b8fa1057_080b_46ce_b8db_5007897beb53
2025-08-05 17:02:55,964 INFO  [org.apa.kaf.cli.Metadata] (kafka-producer-network-thread | Producer-topic-b8fa1057_080b_46ce_b8db_5007897beb53) [Producer clientId=Producer-topic-b8fa1057_080b_46ce_b8db_5007897beb53] Cluster ID: utE1hb3GTCWLCoAPsWG7_Q
2025-08-05 17:02:55,964 INFO  [DefaultSchemaResolver] (Thread-679) Retrieving schema content using string: {"type":"record","name":"sf6dbd118x1064x4028xb654x1b0349d4c2ed","namespace":"ns_f411eb0c_41d7_4f51_b8a7_63f84b25d695","fields":[{"name":"key11754413370170","type":"string"}]}
2025-08-05 17:02:55,965 INFO  [org.apa.kaf.cli.pro.int.TransactionManager] (kafka-producer-network-thread | Producer-topic-b8fa1057_080b_46ce_b8db_5007897beb53) [Producer clientId=Producer-topic-b8fa1057_080b_46ce_b8db_5007897beb53] ProducerId set to 14 with epoch 0
2025-08-05 17:02:55,992 INFO  [io.api.tes.ser.api.KafkaSerdesTester] (Thread-679) Sending message {"key11754413370170": "value-1"} to topic topic-b8fa1057_080b_46ce_b8db_5007897beb53
2025-08-05 17:02:55,994 INFO  [io.api.tes.ser.api.KafkaSerdesTester] (Thread-679) Sending message {"key11754413370170": "value-2"} to topic topic-b8fa1057_080b_46ce_b8db_5007897beb53
2025-08-05 17:02:55,995 INFO  [io.api.tes.ser.api.KafkaSerdesTester] (Thread-679) Sending message {"key11754413370170": "value-3"} to topic topic-b8fa1057_080b_46ce_b8db_5007897beb53
2025-08-05 17:02:55,996 INFO  [io.api.tes.ser.api.KafkaSerdesTester] (Thread-679) Sending message {"key11754413370170": "value-4"} to topic topic-b8fa1057_080b_46ce_b8db_5007897beb53
2025-08-05 17:02:55,997 INFO  [io.api.tes.ser.api.KafkaSerdesTester] (Thread-679) Sending message {"key11754413370170": "value-5"} to topic topic-b8fa1057_080b_46ce_b8db_5007897beb53
2025-08-05 17:02:55,999 INFO  [io.api.tes.ser.api.KafkaSerdesTester] (Thread-679) Sending message {"key11754413370170": "value-6"} to topic topic-b8fa1057_080b_46ce_b8db_5007897beb53
2025-08-05 17:02:56,000 INFO  [io.api.tes.ser.api.KafkaSerdesTester] (Thread-679) Sending message {"key11754413370170": "value-7"} to topic topic-b8fa1057_080b_46ce_b8db_5007897beb53
2025-08-05 17:02:56,001 INFO  [io.api.tes.ser.api.KafkaSerdesTester] (Thread-679) Sending message {"key11754413370170": "value-8"} to topic topic-b8fa1057_080b_46ce_b8db_5007897beb53
2025-08-05 17:02:56,002 INFO  [io.api.tes.ser.api.KafkaSerdesTester] (Thread-679) Sending message {"key11754413370170": "value-9"} to topic topic-b8fa1057_080b_46ce_b8db_5007897beb53
2025-08-05 17:02:56,003 INFO  [io.api.tes.ser.api.KafkaSerdesTester] (Thread-679) Produced 10 messages
2025-08-05 17:02:56,003 INFO  [org.apa.kaf.cli.pro.KafkaProducer] (Thread-679) [Producer clientId=Producer-topic-b8fa1057_080b_46ce_b8db_5007897beb53] Closing the Kafka producer with timeoutMillis = 9223372036854775807 ms.
2025-08-05 17:02:56,005 INFO  [org.apa.kaf.com.met.Metrics] (Thread-679) Metrics scheduler closed
2025-08-05 17:02:56,005 INFO  [org.apa.kaf.com.met.Metrics] (Thread-679) Closing reporter org.apache.kafka.common.metrics.JmxReporter
2025-08-05 17:02:56,005 INFO  [org.apa.kaf.com.met.Metrics] (Thread-679) Closing reporter org.apache.kafka.common.telemetry.internals.ClientTelemetryReporter
2025-08-05 17:02:56,005 INFO  [org.apa.kaf.com.met.Metrics] (Thread-679) Metrics reporters closed
2025-08-05 17:02:56,005 INFO  [org.apa.kaf.com.uti.AppInfoParser] (Thread-679) App info kafka.producer for Producer-topic-b8fa1057_080b_46ce_b8db_5007897beb53 unregistered
**** Registry Base URL: http://registry-app-inmemory.apps.ci419.apicurio-testing.org:80
2025-08-05 17:02:56,006 INFO  [org.apa.kaf.cli.con.ConsumerConfig] (main) ConsumerConfig values: 
	allow.auto.create.topics = true
	auto.commit.interval.ms = 500
	auto.include.jmx.reporter = true
	auto.offset.reset = earliest
	bootstrap.servers = [PLAINTEXT://localhost:32769]
	check.crcs = true
	client.dns.lookup = use_all_dns_ips
	client.id = consumer-Consumer-topic-b8fa1057_080b_46ce_b8db_5007897beb53-11
	client.rack = 
	connections.max.idle.ms = 10000
	default.api.timeout.ms = 60000
	enable.auto.commit = true
	enable.metrics.push = true
	exclude.internal.topics = true
	fetch.max.bytes = 52428800
	fetch.max.wait.ms = 500
	fetch.min.bytes = 1
	group.id = Consumer-topic-b8fa1057_080b_46ce_b8db_5007897beb53
	group.instance.id = null
	group.protocol = classic
	group.remote.assignor = null
	heartbeat.interval.ms = 3000
	interceptor.classes = []
	internal.leave.group.on.close = true
	internal.throw.on.fetch.stable.offset.unsupported = false
	isolation.level = read_uncommitted
	key.deserializer = class org.apache.kafka.common.serialization.StringDeserializer
	max.partition.fetch.bytes = 1048576
	max.poll.interval.ms = 300000
	max.poll.records = 500
	metadata.max.age.ms = 300000
	metadata.recovery.strategy = none
	metric.reporters = []
	metrics.num.samples = 2
	metrics.recording.level = INFO
	metrics.sample.window.ms = 30000
	partition.assignment.strategy = [class org.apache.kafka.clients.consumer.RangeAssignor, class org.apache.kafka.clients.consumer.CooperativeStickyAssignor]
	receive.buffer.bytes = 65536
	reconnect.backoff.max.ms = 1000
	reconnect.backoff.ms = 50
	request.timeout.ms = 5000
	retry.backoff.max.ms = 1000
	retry.backoff.ms = 100
	sasl.client.callback.handler.class = null
	sasl.jaas.config = null
	sasl.kerberos.kinit.cmd = /usr/bin/kinit
	sasl.kerberos.min.time.before.relogin = 60000
	sasl.kerberos.service.name = null
	sasl.kerberos.ticket.renew.jitter = 0.05
	sasl.kerberos.ticket.renew.window.factor = 0.8
	sasl.login.callback.handler.class = null
	sasl.login.class = null
	sasl.login.connect.timeout.ms = null
	sasl.login.read.timeout.ms = null
	sasl.login.refresh.buffer.seconds = 300
	sasl.login.refresh.min.period.seconds = 60
	sasl.login.refresh.window.factor = 0.8
	sasl.login.refresh.window.jitter = 0.05
	sasl.login.retry.backoff.max.ms = 10000
	sasl.login.retry.backoff.ms = 100
	sasl.mechanism = GSSAPI
	sasl.oauthbearer.clock.skew.seconds = 30
	sasl.oauthbearer.expected.audience = null
	sasl.oauthbearer.expected.issuer = null
	sasl.oauthbearer.header.urlencode = false
	sasl.oauthbearer.jwks.endpoint.refresh.ms = 3600000
	sasl.oauthbearer.jwks.endpoint.retry.backoff.max.ms = 10000
	sasl.oauthbearer.jwks.endpoint.retry.backoff.ms = 100
	sasl.oauthbearer.jwks.endpoint.url = null
	sasl.oauthbearer.scope.claim.name = scope
	sasl.oauthbearer.sub.claim.name = sub
	sasl.oauthbearer.token.endpoint.url = null
	security.protocol = PLAINTEXT
	security.providers = null
	send.buffer.bytes = 131072
	session.timeout.ms = 45000
	socket.connection.setup.timeout.max.ms = 30000
	socket.connection.setup.timeout.ms = 10000
	ssl.cipher.suites = null
	ssl.enabled.protocols = [TLSv1.2, TLSv1.3]
	ssl.endpoint.identification.algorithm = https
	ssl.engine.factory.class = null
	ssl.key.password = null
	ssl.keymanager.algorithm = SunX509
	ssl.keystore.certificate.chain = null
	ssl.keystore.key = null
	ssl.keystore.location = null
	ssl.keystore.password = null
	ssl.keystore.type = JKS
	ssl.protocol = TLSv1.3
	ssl.provider = null
	ssl.secure.random.implementation = null
	ssl.trustmanager.algorithm = PKIX
	ssl.truststore.certificates = null
	ssl.truststore.location = null
	ssl.truststore.password = null
	ssl.truststore.type = JKS
	value.deserializer = class io.apicurio.registry.serde.avro.AvroKafkaDeserializer

2025-08-05 17:02:56,006 INFO  [org.apa.kaf.com.tel.int.KafkaMetricsCollector] (main) initializing Kafka metrics collector
2025-08-05 17:02:56,012 INFO  [org.apa.kaf.cli.con.ConsumerConfig] (main) These configurations '[apicurio.registry.url]' were supplied but are not used yet.
2025-08-05 17:02:56,013 INFO  [org.apa.kaf.com.uti.AppInfoParser] (main) Kafka version: 3.9.1
2025-08-05 17:02:56,013 INFO  [org.apa.kaf.com.uti.AppInfoParser] (main) Kafka commitId: f745dfdcee2b9851
2025-08-05 17:02:56,013 INFO  [org.apa.kaf.com.uti.AppInfoParser] (main) Kafka startTimeMs: 1754413376012
2025-08-05 17:02:56,013 INFO  [org.apa.kaf.cli.con.int.ClassicKafkaConsumer] (Thread-682) [Consumer clientId=consumer-Consumer-topic-b8fa1057_080b_46ce_b8db_5007897beb53-11, groupId=Consumer-topic-b8fa1057_080b_46ce_b8db_5007897beb53] Subscribed to topic(s): topic-b8fa1057_080b_46ce_b8db_5007897beb53
2025-08-05 17:02:56,017 INFO  [org.apa.kaf.cli.Metadata] (Thread-682) [Consumer clientId=consumer-Consumer-topic-b8fa1057_080b_46ce_b8db_5007897beb53-11, groupId=Consumer-topic-b8fa1057_080b_46ce_b8db_5007897beb53] Cluster ID: utE1hb3GTCWLCoAPsWG7_Q
2025-08-05 17:02:56,017 INFO  [org.apa.kaf.cli.con.int.ConsumerCoordinator] (Thread-682) [Consumer clientId=consumer-Consumer-topic-b8fa1057_080b_46ce_b8db_5007897beb53-11, groupId=Consumer-topic-b8fa1057_080b_46ce_b8db_5007897beb53] Discovered group coordinator localhost:32769 (id: 2147483647 rack: null)
2025-08-05 17:02:56,018 INFO  [org.apa.kaf.cli.con.int.ConsumerCoordinator] (Thread-682) [Consumer clientId=consumer-Consumer-topic-b8fa1057_080b_46ce_b8db_5007897beb53-11, groupId=Consumer-topic-b8fa1057_080b_46ce_b8db_5007897beb53] (Re-)joining group
2025-08-05 17:02:56,020 INFO  [org.apa.kaf.cli.con.int.ConsumerCoordinator] (Thread-682) [Consumer clientId=consumer-Consumer-topic-b8fa1057_080b_46ce_b8db_5007897beb53-11, groupId=Consumer-topic-b8fa1057_080b_46ce_b8db_5007897beb53] Request joining group due to: need to re-join with the given member-id: consumer-Consumer-topic-b8fa1057_080b_46ce_b8db_5007897beb53-11-2ee035e6-321a-483c-9eb0-9f81bade98ac
2025-08-05 17:02:56,020 INFO  [org.apa.kaf.cli.con.int.ConsumerCoordinator] (Thread-682) [Consumer clientId=consumer-Consumer-topic-b8fa1057_080b_46ce_b8db_5007897beb53-11, groupId=Consumer-topic-b8fa1057_080b_46ce_b8db_5007897beb53] (Re-)joining group
2025-08-05 17:02:57,013 INFO  [io.api.tes.ser.api.KafkaSerdesTester] (Thread-682) None found
2025-08-05 17:02:58,013 INFO  [io.api.tes.ser.api.KafkaSerdesTester] (Thread-682) None found
2025-08-05 17:02:59,013 INFO  [io.api.tes.ser.api.KafkaSerdesTester] (Thread-682) None found
2025-08-05 17:02:59,022 INFO  [org.apa.kaf.cli.con.int.ConsumerCoordinator] (Thread-682) [Consumer clientId=consumer-Consumer-topic-b8fa1057_080b_46ce_b8db_5007897beb53-11, groupId=Consumer-topic-b8fa1057_080b_46ce_b8db_5007897beb53] Successfully joined group with generation Generation{generationId=3, memberId='consumer-Consumer-topic-b8fa1057_080b_46ce_b8db_5007897beb53-11-2ee035e6-321a-483c-9eb0-9f81bade98ac', protocol='range'}
2025-08-05 17:02:59,022 INFO  [org.apa.kaf.cli.con.int.ConsumerCoordinator] (Thread-682) [Consumer clientId=consumer-Consumer-topic-b8fa1057_080b_46ce_b8db_5007897beb53-11, groupId=Consumer-topic-b8fa1057_080b_46ce_b8db_5007897beb53] Finished assignment for group at generation 3: {consumer-Consumer-topic-b8fa1057_080b_46ce_b8db_5007897beb53-11-2ee035e6-321a-483c-9eb0-9f81bade98ac=Assignment(partitions=[topic-b8fa1057_080b_46ce_b8db_5007897beb53-0])}
2025-08-05 17:02:59,028 INFO  [org.apa.kaf.cli.con.int.ConsumerCoordinator] (Thread-682) [Consumer clientId=consumer-Consumer-topic-b8fa1057_080b_46ce_b8db_5007897beb53-11, groupId=Consumer-topic-b8fa1057_080b_46ce_b8db_5007897beb53] Successfully synced group in generation Generation{generationId=3, memberId='consumer-Consumer-topic-b8fa1057_080b_46ce_b8db_5007897beb53-11-2ee035e6-321a-483c-9eb0-9f81bade98ac', protocol='range'}
2025-08-05 17:02:59,028 INFO  [org.apa.kaf.cli.con.int.ConsumerCoordinator] (Thread-682) [Consumer clientId=consumer-Consumer-topic-b8fa1057_080b_46ce_b8db_5007897beb53-11, groupId=Consumer-topic-b8fa1057_080b_46ce_b8db_5007897beb53] Notifying assignor about the new Assignment(partitions=[topic-b8fa1057_080b_46ce_b8db_5007897beb53-0])
2025-08-05 17:02:59,028 INFO  [org.apa.kaf.cli.con.int.ConsumerRebalanceListenerInvoker] (Thread-682) [Consumer clientId=consumer-Consumer-topic-b8fa1057_080b_46ce_b8db_5007897beb53-11, groupId=Consumer-topic-b8fa1057_080b_46ce_b8db_5007897beb53] Adding newly assigned partitions: topic-b8fa1057_080b_46ce_b8db_5007897beb53-0
2025-08-05 17:02:59,029 INFO  [org.apa.kaf.cli.con.int.ConsumerUtils] (Thread-682) Setting offset for partition topic-b8fa1057_080b_46ce_b8db_5007897beb53-0 to the committed offset FetchPosition{offset=10, offsetEpoch=Optional[0], currentLeader=LeaderAndEpoch{leader=Optional[localhost:32769 (id: 0 rack: null)], epoch=0}}
2025-08-05 17:02:59,109 INFO  [io.api.tes.ser.api.KafkaSerdesTester] (Thread-682) topic-b8fa1057_080b_46ce_b8db_5007897beb53 0 10 {"key11754413370170": "value-0", "key21754413374854": "value-0"}
2025-08-05 17:02:59,109 INFO  [io.api.tes.ser.api.KafkaSerdesTester] (Thread-682) topic-b8fa1057_080b_46ce_b8db_5007897beb53 0 11 {"key11754413370170": "value-1", "key21754413374854": "value-1"}
2025-08-05 17:02:59,109 INFO  [io.api.tes.ser.api.KafkaSerdesTester] (Thread-682) topic-b8fa1057_080b_46ce_b8db_5007897beb53 0 12 {"key11754413370170": "value-2", "key21754413374854": "value-2"}
2025-08-05 17:02:59,109 INFO  [io.api.tes.ser.api.KafkaSerdesTester] (Thread-682) topic-b8fa1057_080b_46ce_b8db_5007897beb53 0 13 {"key11754413370170": "value-3", "key21754413374854": "value-3"}
2025-08-05 17:02:59,109 INFO  [io.api.tes.ser.api.KafkaSerdesTester] (Thread-682) topic-b8fa1057_080b_46ce_b8db_5007897beb53 0 14 {"key11754413370170": "value-4", "key21754413374854": "value-4"}
2025-08-05 17:02:59,109 INFO  [io.api.tes.ser.api.KafkaSerdesTester] (Thread-682) topic-b8fa1057_080b_46ce_b8db_5007897beb53 0 15 {"key11754413370170": "value-5", "key21754413374854": "value-5"}
2025-08-05 17:02:59,109 INFO  [io.api.tes.ser.api.KafkaSerdesTester] (Thread-682) topic-b8fa1057_080b_46ce_b8db_5007897beb53 0 16 {"key11754413370170": "value-6", "key21754413374854": "value-6"}
2025-08-05 17:02:59,109 INFO  [io.api.tes.ser.api.KafkaSerdesTester] (Thread-682) topic-b8fa1057_080b_46ce_b8db_5007897beb53 0 17 {"key11754413370170": "value-7", "key21754413374854": "value-7"}
2025-08-05 17:02:59,109 INFO  [io.api.tes.ser.api.KafkaSerdesTester] (Thread-682) topic-b8fa1057_080b_46ce_b8db_5007897beb53 0 18 {"key11754413370170": "value-8", "key21754413374854": "value-8"}
2025-08-05 17:02:59,109 INFO  [io.api.tes.ser.api.KafkaSerdesTester] (Thread-682) topic-b8fa1057_080b_46ce_b8db_5007897beb53 0 19 {"key11754413370170": "value-9", "key21754413374854": "value-9"}
2025-08-05 17:02:59,109 INFO  [io.api.tes.ser.api.KafkaSerdesTester] (Thread-682) topic-b8fa1057_080b_46ce_b8db_5007897beb53 0 20 {"key11754413370170": "value-0"}
2025-08-05 17:02:59,109 INFO  [io.api.tes.ser.api.KafkaSerdesTester] (Thread-682) topic-b8fa1057_080b_46ce_b8db_5007897beb53 0 21 {"key11754413370170": "value-1"}
2025-08-05 17:02:59,109 INFO  [io.api.tes.ser.api.KafkaSerdesTester] (Thread-682) topic-b8fa1057_080b_46ce_b8db_5007897beb53 0 22 {"key11754413370170": "value-2"}
2025-08-05 17:02:59,109 INFO  [io.api.tes.ser.api.KafkaSerdesTester] (Thread-682) topic-b8fa1057_080b_46ce_b8db_5007897beb53 0 23 {"key11754413370170": "value-3"}
2025-08-05 17:02:59,110 INFO  [io.api.tes.ser.api.KafkaSerdesTester] (Thread-682) topic-b8fa1057_080b_46ce_b8db_5007897beb53 0 24 {"key11754413370170": "value-4"}
2025-08-05 17:02:59,110 INFO  [io.api.tes.ser.api.KafkaSerdesTester] (Thread-682) topic-b8fa1057_080b_46ce_b8db_5007897beb53 0 25 {"key11754413370170": "value-5"}
2025-08-05 17:02:59,110 INFO  [io.api.tes.ser.api.KafkaSerdesTester] (Thread-682) topic-b8fa1057_080b_46ce_b8db_5007897beb53 0 26 {"key11754413370170": "value-6"}
2025-08-05 17:02:59,110 INFO  [io.api.tes.ser.api.KafkaSerdesTester] (Thread-682) topic-b8fa1057_080b_46ce_b8db_5007897beb53 0 27 {"key11754413370170": "value-7"}
2025-08-05 17:02:59,110 INFO  [io.api.tes.ser.api.KafkaSerdesTester] (Thread-682) topic-b8fa1057_080b_46ce_b8db_5007897beb53 0 28 {"key11754413370170": "value-8"}
2025-08-05 17:02:59,110 INFO  [io.api.tes.ser.api.KafkaSerdesTester] (Thread-682) topic-b8fa1057_080b_46ce_b8db_5007897beb53 0 29 {"key11754413370170": "value-9"}
2025-08-05 17:02:59,110 INFO  [io.api.tes.ser.api.KafkaSerdesTester] (Thread-682) Consumed 20 messages
2025-08-05 17:02:59,130 INFO  [org.apa.kaf.cli.con.int.ConsumerRebalanceListenerInvoker] (Thread-682) [Consumer clientId=consumer-Consumer-topic-b8fa1057_080b_46ce_b8db_5007897beb53-11, groupId=Consumer-topic-b8fa1057_080b_46ce_b8db_5007897beb53] Revoke previously assigned partitions topic-b8fa1057_080b_46ce_b8db_5007897beb53-0
2025-08-05 17:02:59,130 INFO  [org.apa.kaf.cli.con.int.ConsumerCoordinator] (Thread-682) [Consumer clientId=consumer-Consumer-topic-b8fa1057_080b_46ce_b8db_5007897beb53-11, groupId=Consumer-topic-b8fa1057_080b_46ce_b8db_5007897beb53] Member consumer-Consumer-topic-b8fa1057_080b_46ce_b8db_5007897beb53-11-2ee035e6-321a-483c-9eb0-9f81bade98ac sending LeaveGroup request to coordinator localhost:32769 (id: 2147483647 rack: null) due to the consumer is being closed
2025-08-05 17:02:59,131 INFO  [org.apa.kaf.cli.con.int.ConsumerCoordinator] (Thread-682) [Consumer clientId=consumer-Consumer-topic-b8fa1057_080b_46ce_b8db_5007897beb53-11, groupId=Consumer-topic-b8fa1057_080b_46ce_b8db_5007897beb53] Resetting generation and member id due to: consumer pro-actively leaving the group
2025-08-05 17:02:59,131 INFO  [org.apa.kaf.cli.con.int.ConsumerCoordinator] (Thread-682) [Consumer clientId=consumer-Consumer-topic-b8fa1057_080b_46ce_b8db_5007897beb53-11, groupId=Consumer-topic-b8fa1057_080b_46ce_b8db_5007897beb53] Request joining group due to: consumer pro-actively leaving the group
2025-08-05 17:02:59,613 INFO  [org.apa.kaf.com.met.Metrics] (Thread-682) Metrics scheduler closed
2025-08-05 17:02:59,613 INFO  [org.apa.kaf.com.met.Metrics] (Thread-682) Closing reporter org.apache.kafka.common.metrics.JmxReporter
2025-08-05 17:02:59,613 INFO  [org.apa.kaf.com.met.Metrics] (Thread-682) Closing reporter org.apache.kafka.common.telemetry.internals.ClientTelemetryReporter
2025-08-05 17:02:59,613 INFO  [org.apa.kaf.com.met.Metrics] (Thread-682) Metrics reporters closed
2025-08-05 17:02:59,616 INFO  [org.apa.kaf.com.uti.AppInfoParser] (Thread-682) App info kafka.consumer for consumer-Consumer-topic-b8fa1057_080b_46ce_b8db_5007897beb53-11 unregistered
2025-08-05 17:02:59,617 INFO  [io.api.tes.ser.api.AvroSerdeIT] (main) Registering Avro Schema 3: {"type":"record","name":"sf6dbd118x1064x4028xb654x1b0349d4c2ed","namespace":"ns_f411eb0c_41d7_4f51_b8a7_63f84b25d695","fields":[{"name":"key11754413370170","type":"string"},{"name":"key21754413374854","type":"string"},{"name":"key31754413379616","type":"string"}]}
**** Registry Base URL: http://registry-app-inmemory.apps.ci419.apicurio-testing.org:80
2025-08-05 17:03:00,651 INFO  [org.apa.kaf.cli.pro.ProducerConfig] (main) ProducerConfig values: 
	acks = -1
	auto.include.jmx.reporter = true
	batch.size = 16384
	bootstrap.servers = [PLAINTEXT://localhost:32769]
	buffer.memory = 33554432
	client.dns.lookup = use_all_dns_ips
	client.id = Producer-topic-b8fa1057_080b_46ce_b8db_5007897beb53
	compression.gzip.level = -1
	compression.lz4.level = 9
	compression.type = none
	compression.zstd.level = 3
	connections.max.idle.ms = 10000
	delivery.timeout.ms = 120000
	enable.idempotence = true
	enable.metrics.push = true
	interceptor.classes = []
	key.serializer = class org.apache.kafka.common.serialization.StringSerializer
	linger.ms = 0
	max.block.ms = 60000
	max.in.flight.requests.per.connection = 5
	max.request.size = 1048576
	metadata.max.age.ms = 300000
	metadata.max.idle.ms = 300000
	metadata.recovery.strategy = none
	metric.reporters = []
	metrics.num.samples = 2
	metrics.recording.level = INFO
	metrics.sample.window.ms = 30000
	partitioner.adaptive.partitioning.enable = true
	partitioner.availability.timeout.ms = 0
	partitioner.class = null
	partitioner.ignore.keys = false
	receive.buffer.bytes = 32768
	reconnect.backoff.max.ms = 1000
	reconnect.backoff.ms = 50
	request.timeout.ms = 5000
	retries = 2147483647
	retry.backoff.max.ms = 1000
	retry.backoff.ms = 100
	sasl.client.callback.handler.class = null
	sasl.jaas.config = null
	sasl.kerberos.kinit.cmd = /usr/bin/kinit
	sasl.kerberos.min.time.before.relogin = 60000
	sasl.kerberos.service.name = null
	sasl.kerberos.ticket.renew.jitter = 0.05
	sasl.kerberos.ticket.renew.window.factor = 0.8
	sasl.login.callback.handler.class = null
	sasl.login.class = null
	sasl.login.connect.timeout.ms = null
	sasl.login.read.timeout.ms = null
	sasl.login.refresh.buffer.seconds = 300
	sasl.login.refresh.min.period.seconds = 60
	sasl.login.refresh.window.factor = 0.8
	sasl.login.refresh.window.jitter = 0.05
	sasl.login.retry.backoff.max.ms = 10000
	sasl.login.retry.backoff.ms = 100
	sasl.mechanism = GSSAPI
	sasl.oauthbearer.clock.skew.seconds = 30
	sasl.oauthbearer.expected.audience = null
	sasl.oauthbearer.expected.issuer = null
	sasl.oauthbearer.header.urlencode = false
	sasl.oauthbearer.jwks.endpoint.refresh.ms = 3600000
	sasl.oauthbearer.jwks.endpoint.retry.backoff.max.ms = 10000
	sasl.oauthbearer.jwks.endpoint.retry.backoff.ms = 100
	sasl.oauthbearer.jwks.endpoint.url = null
	sasl.oauthbearer.scope.claim.name = scope
	sasl.oauthbearer.sub.claim.name = sub
	sasl.oauthbearer.token.endpoint.url = null
	security.protocol = PLAINTEXT
	security.providers = null
	send.buffer.bytes = 131072
	socket.connection.setup.timeout.max.ms = 30000
	socket.connection.setup.timeout.ms = 10000
	ssl.cipher.suites = null
	ssl.enabled.protocols = [TLSv1.2, TLSv1.3]
	ssl.endpoint.identification.algorithm = https
	ssl.engine.factory.class = null
	ssl.key.password = null
	ssl.keymanager.algorithm = SunX509
	ssl.keystore.certificate.chain = null
	ssl.keystore.key = null
	ssl.keystore.location = null
	ssl.keystore.password = null
	ssl.keystore.type = JKS
	ssl.protocol = TLSv1.3
	ssl.provider = null
	ssl.secure.random.implementation = null
	ssl.trustmanager.algorithm = PKIX
	ssl.truststore.certificates = null
	ssl.truststore.location = null
	ssl.truststore.password = null
	ssl.truststore.type = JKS
	transaction.timeout.ms = 60000
	transactional.id = null
	value.serializer = class io.apicurio.registry.serde.avro.AvroKafkaSerializer

2025-08-05 17:03:00,651 INFO  [org.apa.kaf.com.tel.int.KafkaMetricsCollector] (main) initializing Kafka metrics collector
2025-08-05 17:03:00,654 INFO  [org.apa.kaf.cli.pro.KafkaProducer] (main) [Producer clientId=Producer-topic-b8fa1057_080b_46ce_b8db_5007897beb53] Instantiated an idempotent producer.
2025-08-05 17:03:00,656 INFO  [org.apa.kaf.cli.pro.ProducerConfig] (main) These configurations '[apicurio.registry.url, apicurio.registry.artifact-resolver-strategy]' were supplied but are not used yet.
2025-08-05 17:03:00,656 INFO  [org.apa.kaf.com.uti.AppInfoParser] (main) Kafka version: 3.9.1
2025-08-05 17:03:00,656 INFO  [org.apa.kaf.com.uti.AppInfoParser] (main) Kafka commitId: f745dfdcee2b9851
2025-08-05 17:03:00,656 INFO  [org.apa.kaf.com.uti.AppInfoParser] (main) Kafka startTimeMs: 1754413380656
2025-08-05 17:03:00,656 INFO  [io.api.tes.ser.api.KafkaSerdesTester] (Thread-685) Sending message {"key11754413370170": "value-0", "key21754413374854": "value-0", "key31754413379616": "value-0"} to topic topic-b8fa1057_080b_46ce_b8db_5007897beb53
2025-08-05 17:03:00,660 INFO  [org.apa.kaf.cli.Metadata] (kafka-producer-network-thread | Producer-topic-b8fa1057_080b_46ce_b8db_5007897beb53) [Producer clientId=Producer-topic-b8fa1057_080b_46ce_b8db_5007897beb53] Cluster ID: utE1hb3GTCWLCoAPsWG7_Q
2025-08-05 17:03:00,661 INFO  [org.apa.kaf.cli.pro.int.TransactionManager] (kafka-producer-network-thread | Producer-topic-b8fa1057_080b_46ce_b8db_5007897beb53) [Producer clientId=Producer-topic-b8fa1057_080b_46ce_b8db_5007897beb53] ProducerId set to 15 with epoch 0
2025-08-05 17:03:00,661 INFO  [DefaultSchemaResolver] (Thread-685) Retrieving schema content using string: {"type":"record","name":"sf6dbd118x1064x4028xb654x1b0349d4c2ed","namespace":"ns_f411eb0c_41d7_4f51_b8a7_63f84b25d695","fields":[{"name":"key11754413370170","type":"string"},{"name":"key21754413374854","type":"string"},{"name":"key31754413379616","type":"string"}]}
2025-08-05 17:03:00,700 INFO  [io.api.tes.ser.api.KafkaSerdesTester] (Thread-685) Sending message {"key11754413370170": "value-1", "key21754413374854": "value-1", "key31754413379616": "value-1"} to topic topic-b8fa1057_080b_46ce_b8db_5007897beb53
2025-08-05 17:03:00,703 INFO  [io.api.tes.ser.api.KafkaSerdesTester] (Thread-685) Sending message {"key11754413370170": "value-2", "key21754413374854": "value-2", "key31754413379616": "value-2"} to topic topic-b8fa1057_080b_46ce_b8db_5007897beb53
2025-08-05 17:03:00,706 INFO  [io.api.tes.ser.api.KafkaSerdesTester] (Thread-685) Sending message {"key11754413370170": "value-3", "key21754413374854": "value-3", "key31754413379616": "value-3"} to topic topic-b8fa1057_080b_46ce_b8db_5007897beb53
2025-08-05 17:03:00,708 INFO  [io.api.tes.ser.api.KafkaSerdesTester] (Thread-685) Sending message {"key11754413370170": "value-4", "key21754413374854": "value-4", "key31754413379616": "value-4"} to topic topic-b8fa1057_080b_46ce_b8db_5007897beb53
2025-08-05 17:03:00,711 INFO  [io.api.tes.ser.api.KafkaSerdesTester] (Thread-685) Sending message {"key11754413370170": "value-5", "key21754413374854": "value-5", "key31754413379616": "value-5"} to topic topic-b8fa1057_080b_46ce_b8db_5007897beb53
2025-08-05 17:03:00,714 INFO  [io.api.tes.ser.api.KafkaSerdesTester] (Thread-685) Sending message {"key11754413370170": "value-6", "key21754413374854": "value-6", "key31754413379616": "value-6"} to topic topic-b8fa1057_080b_46ce_b8db_5007897beb53
2025-08-05 17:03:00,717 INFO  [io.api.tes.ser.api.KafkaSerdesTester] (Thread-685) Sending message {"key11754413370170": "value-7", "key21754413374854": "value-7", "key31754413379616": "value-7"} to topic topic-b8fa1057_080b_46ce_b8db_5007897beb53
2025-08-05 17:03:00,720 INFO  [io.api.tes.ser.api.KafkaSerdesTester] (Thread-685) Sending message {"key11754413370170": "value-8", "key21754413374854": "value-8", "key31754413379616": "value-8"} to topic topic-b8fa1057_080b_46ce_b8db_5007897beb53
2025-08-05 17:03:00,725 INFO  [io.api.tes.ser.api.KafkaSerdesTester] (Thread-685) Sending message {"key11754413370170": "value-9", "key21754413374854": "value-9", "key31754413379616": "value-9"} to topic topic-b8fa1057_080b_46ce_b8db_5007897beb53
2025-08-05 17:03:00,728 INFO  [io.api.tes.ser.api.KafkaSerdesTester] (Thread-685) Produced 10 messages
2025-08-05 17:03:00,729 INFO  [org.apa.kaf.cli.pro.KafkaProducer] (Thread-685) [Producer clientId=Producer-topic-b8fa1057_080b_46ce_b8db_5007897beb53] Closing the Kafka producer with timeoutMillis = 9223372036854775807 ms.
2025-08-05 17:03:00,731 INFO  [org.apa.kaf.com.met.Metrics] (Thread-685) Metrics scheduler closed
2025-08-05 17:03:00,731 INFO  [org.apa.kaf.com.met.Metrics] (Thread-685) Closing reporter org.apache.kafka.common.metrics.JmxReporter
2025-08-05 17:03:00,731 INFO  [org.apa.kaf.com.met.Metrics] (Thread-685) Closing reporter org.apache.kafka.common.telemetry.internals.ClientTelemetryReporter
2025-08-05 17:03:00,731 INFO  [org.apa.kaf.com.met.Metrics] (Thread-685) Metrics reporters closed
2025-08-05 17:03:00,731 INFO  [org.apa.kaf.com.uti.AppInfoParser] (Thread-685) App info kafka.producer for Producer-topic-b8fa1057_080b_46ce_b8db_5007897beb53 unregistered
**** Registry Base URL: http://registry-app-inmemory.apps.ci419.apicurio-testing.org:80
2025-08-05 17:03:00,736 INFO  [org.apa.kaf.cli.pro.ProducerConfig] (main) ProducerConfig values: 
	acks = -1
	auto.include.jmx.reporter = true
	batch.size = 16384
	bootstrap.servers = [PLAINTEXT://localhost:32769]
	buffer.memory = 33554432
	client.dns.lookup = use_all_dns_ips
	client.id = Producer-topic-b8fa1057_080b_46ce_b8db_5007897beb53
	compression.gzip.level = -1
	compression.lz4.level = 9
	compression.type = none
	compression.zstd.level = 3
	connections.max.idle.ms = 10000
	delivery.timeout.ms = 120000
	enable.idempotence = true
	enable.metrics.push = true
	interceptor.classes = []
	key.serializer = class org.apache.kafka.common.serialization.StringSerializer
	linger.ms = 0
	max.block.ms = 60000
	max.in.flight.requests.per.connection = 5
	max.request.size = 1048576
	metadata.max.age.ms = 300000
	metadata.max.idle.ms = 300000
	metadata.recovery.strategy = none
	metric.reporters = []
	metrics.num.samples = 2
	metrics.recording.level = INFO
	metrics.sample.window.ms = 30000
	partitioner.adaptive.partitioning.enable = true
	partitioner.availability.timeout.ms = 0
	partitioner.class = null
	partitioner.ignore.keys = false
	receive.buffer.bytes = 32768
	reconnect.backoff.max.ms = 1000
	reconnect.backoff.ms = 50
	request.timeout.ms = 5000
	retries = 2147483647
	retry.backoff.max.ms = 1000
	retry.backoff.ms = 100
	sasl.client.callback.handler.class = null
	sasl.jaas.config = null
	sasl.kerberos.kinit.cmd = /usr/bin/kinit
	sasl.kerberos.min.time.before.relogin = 60000
	sasl.kerberos.service.name = null
	sasl.kerberos.ticket.renew.jitter = 0.05
	sasl.kerberos.ticket.renew.window.factor = 0.8
	sasl.login.callback.handler.class = null
	sasl.login.class = null
	sasl.login.connect.timeout.ms = null
	sasl.login.read.timeout.ms = null
	sasl.login.refresh.buffer.seconds = 300
	sasl.login.refresh.min.period.seconds = 60
	sasl.login.refresh.window.factor = 0.8
	sasl.login.refresh.window.jitter = 0.05
	sasl.login.retry.backoff.max.ms = 10000
	sasl.login.retry.backoff.ms = 100
	sasl.mechanism = GSSAPI
	sasl.oauthbearer.clock.skew.seconds = 30
	sasl.oauthbearer.expected.audience = null
	sasl.oauthbearer.expected.issuer = null
	sasl.oauthbearer.header.urlencode = false
	sasl.oauthbearer.jwks.endpoint.refresh.ms = 3600000
	sasl.oauthbearer.jwks.endpoint.retry.backoff.max.ms = 10000
	sasl.oauthbearer.jwks.endpoint.retry.backoff.ms = 100
	sasl.oauthbearer.jwks.endpoint.url = null
	sasl.oauthbearer.scope.claim.name = scope
	sasl.oauthbearer.sub.claim.name = sub
	sasl.oauthbearer.token.endpoint.url = null
	security.protocol = PLAINTEXT
	security.providers = null
	send.buffer.bytes = 131072
	socket.connection.setup.timeout.max.ms = 30000
	socket.connection.setup.timeout.ms = 10000
	ssl.cipher.suites = null
	ssl.enabled.protocols = [TLSv1.2, TLSv1.3]
	ssl.endpoint.identification.algorithm = https
	ssl.engine.factory.class = null
	ssl.key.password = null
	ssl.keymanager.algorithm = SunX509
	ssl.keystore.certificate.chain = null
	ssl.keystore.key = null
	ssl.keystore.location = null
	ssl.keystore.password = null
	ssl.keystore.type = JKS
	ssl.protocol = TLSv1.3
	ssl.provider = null
	ssl.secure.random.implementation = null
	ssl.trustmanager.algorithm = PKIX
	ssl.truststore.certificates = null
	ssl.truststore.location = null
	ssl.truststore.password = null
	ssl.truststore.type = JKS
	transaction.timeout.ms = 60000
	transactional.id = null
	value.serializer = class io.apicurio.registry.serde.avro.AvroKafkaSerializer

2025-08-05 17:03:00,736 INFO  [org.apa.kaf.com.tel.int.KafkaMetricsCollector] (main) initializing Kafka metrics collector
2025-08-05 17:03:00,750 INFO  [org.apa.kaf.cli.pro.KafkaProducer] (main) [Producer clientId=Producer-topic-b8fa1057_080b_46ce_b8db_5007897beb53] Instantiated an idempotent producer.
2025-08-05 17:03:00,755 INFO  [org.apa.kaf.cli.pro.ProducerConfig] (main) These configurations '[apicurio.registry.url, apicurio.registry.artifact-resolver-strategy]' were supplied but are not used yet.
2025-08-05 17:03:00,755 INFO  [org.apa.kaf.com.uti.AppInfoParser] (main) Kafka version: 3.9.1
2025-08-05 17:03:00,755 INFO  [org.apa.kaf.com.uti.AppInfoParser] (main) Kafka commitId: f745dfdcee2b9851
2025-08-05 17:03:00,755 INFO  [org.apa.kaf.com.uti.AppInfoParser] (main) Kafka startTimeMs: 1754413380755
2025-08-05 17:03:00,756 INFO  [io.api.tes.ser.api.KafkaSerdesTester] (Thread-688) Sending message {"key11754413370170": "value-0", "key21754413374854": "value-0"} to topic topic-b8fa1057_080b_46ce_b8db_5007897beb53
2025-08-05 17:03:00,761 INFO  [org.apa.kaf.cli.Metadata] (kafka-producer-network-thread | Producer-topic-b8fa1057_080b_46ce_b8db_5007897beb53) [Producer clientId=Producer-topic-b8fa1057_080b_46ce_b8db_5007897beb53] Cluster ID: utE1hb3GTCWLCoAPsWG7_Q
2025-08-05 17:03:00,763 INFO  [DefaultSchemaResolver] (Thread-688) Retrieving schema content using string: {"type":"record","name":"sf6dbd118x1064x4028xb654x1b0349d4c2ed","namespace":"ns_f411eb0c_41d7_4f51_b8a7_63f84b25d695","fields":[{"name":"key11754413370170","type":"string"},{"name":"key21754413374854","type":"string"}]}
2025-08-05 17:03:00,765 INFO  [org.apa.kaf.cli.pro.int.TransactionManager] (kafka-producer-network-thread | Producer-topic-b8fa1057_080b_46ce_b8db_5007897beb53) [Producer clientId=Producer-topic-b8fa1057_080b_46ce_b8db_5007897beb53] ProducerId set to 16 with epoch 0
2025-08-05 17:03:00,797 INFO  [io.api.tes.ser.api.KafkaSerdesTester] (Thread-688) Sending message {"key11754413370170": "value-1", "key21754413374854": "value-1"} to topic topic-b8fa1057_080b_46ce_b8db_5007897beb53
2025-08-05 17:03:00,799 INFO  [io.api.tes.ser.api.KafkaSerdesTester] (Thread-688) Sending message {"key11754413370170": "value-2", "key21754413374854": "value-2"} to topic topic-b8fa1057_080b_46ce_b8db_5007897beb53
2025-08-05 17:03:00,800 INFO  [io.api.tes.ser.api.KafkaSerdesTester] (Thread-688) Sending message {"key11754413370170": "value-3", "key21754413374854": "value-3"} to topic topic-b8fa1057_080b_46ce_b8db_5007897beb53
2025-08-05 17:03:00,802 INFO  [io.api.tes.ser.api.KafkaSerdesTester] (Thread-688) Sending message {"key11754413370170": "value-4", "key21754413374854": "value-4"} to topic topic-b8fa1057_080b_46ce_b8db_5007897beb53
2025-08-05 17:03:00,803 INFO  [io.api.tes.ser.api.KafkaSerdesTester] (Thread-688) Sending message {"key11754413370170": "value-5", "key21754413374854": "value-5"} to topic topic-b8fa1057_080b_46ce_b8db_5007897beb53
2025-08-05 17:03:00,804 INFO  [io.api.tes.ser.api.KafkaSerdesTester] (Thread-688) Sending message {"key11754413370170": "value-6", "key21754413374854": "value-6"} to topic topic-b8fa1057_080b_46ce_b8db_5007897beb53
2025-08-05 17:03:00,805 INFO  [io.api.tes.ser.api.KafkaSerdesTester] (Thread-688) Sending message {"key11754413370170": "value-7", "key21754413374854": "value-7"} to topic topic-b8fa1057_080b_46ce_b8db_5007897beb53
2025-08-05 17:03:00,811 INFO  [io.api.tes.ser.api.KafkaSerdesTester] (Thread-688) Sending message {"key11754413370170": "value-8", "key21754413374854": "value-8"} to topic topic-b8fa1057_080b_46ce_b8db_5007897beb53
2025-08-05 17:03:00,812 INFO  [io.api.tes.ser.api.KafkaSerdesTester] (Thread-688) Sending message {"key11754413370170": "value-9", "key21754413374854": "value-9"} to topic topic-b8fa1057_080b_46ce_b8db_5007897beb53
2025-08-05 17:03:00,814 INFO  [io.api.tes.ser.api.KafkaSerdesTester] (Thread-688) Produced 10 messages
2025-08-05 17:03:00,815 INFO  [org.apa.kaf.cli.pro.KafkaProducer] (Thread-688) [Producer clientId=Producer-topic-b8fa1057_080b_46ce_b8db_5007897beb53] Closing the Kafka producer with timeoutMillis = 9223372036854775807 ms.
2025-08-05 17:03:00,817 INFO  [org.apa.kaf.com.met.Metrics] (Thread-688) Metrics scheduler closed
2025-08-05 17:03:00,817 INFO  [org.apa.kaf.com.met.Metrics] (Thread-688) Closing reporter org.apache.kafka.common.metrics.JmxReporter
2025-08-05 17:03:00,817 INFO  [org.apa.kaf.com.met.Metrics] (Thread-688) Closing reporter org.apache.kafka.common.telemetry.internals.ClientTelemetryReporter
2025-08-05 17:03:00,817 INFO  [org.apa.kaf.com.met.Metrics] (Thread-688) Metrics reporters closed
2025-08-05 17:03:00,818 INFO  [org.apa.kaf.com.uti.AppInfoParser] (Thread-688) App info kafka.producer for Producer-topic-b8fa1057_080b_46ce_b8db_5007897beb53 unregistered
**** Registry Base URL: http://registry-app-inmemory.apps.ci419.apicurio-testing.org:80
2025-08-05 17:03:00,818 INFO  [org.apa.kaf.cli.pro.ProducerConfig] (main) ProducerConfig values: 
	acks = -1
	auto.include.jmx.reporter = true
	batch.size = 16384
	bootstrap.servers = [PLAINTEXT://localhost:32769]
	buffer.memory = 33554432
	client.dns.lookup = use_all_dns_ips
	client.id = Producer-topic-b8fa1057_080b_46ce_b8db_5007897beb53
	compression.gzip.level = -1
	compression.lz4.level = 9
	compression.type = none
	compression.zstd.level = 3
	connections.max.idle.ms = 10000
	delivery.timeout.ms = 120000
	enable.idempotence = true
	enable.metrics.push = true
	interceptor.classes = []
	key.serializer = class org.apache.kafka.common.serialization.StringSerializer
	linger.ms = 0
	max.block.ms = 60000
	max.in.flight.requests.per.connection = 5
	max.request.size = 1048576
	metadata.max.age.ms = 300000
	metadata.max.idle.ms = 300000
	metadata.recovery.strategy = none
	metric.reporters = []
	metrics.num.samples = 2
	metrics.recording.level = INFO
	metrics.sample.window.ms = 30000
	partitioner.adaptive.partitioning.enable = true
	partitioner.availability.timeout.ms = 0
	partitioner.class = null
	partitioner.ignore.keys = false
	receive.buffer.bytes = 32768
	reconnect.backoff.max.ms = 1000
	reconnect.backoff.ms = 50
	request.timeout.ms = 5000
	retries = 2147483647
	retry.backoff.max.ms = 1000
	retry.backoff.ms = 100
	sasl.client.callback.handler.class = null
	sasl.jaas.config = null
	sasl.kerberos.kinit.cmd = /usr/bin/kinit
	sasl.kerberos.min.time.before.relogin = 60000
	sasl.kerberos.service.name = null
	sasl.kerberos.ticket.renew.jitter = 0.05
	sasl.kerberos.ticket.renew.window.factor = 0.8
	sasl.login.callback.handler.class = null
	sasl.login.class = null
	sasl.login.connect.timeout.ms = null
	sasl.login.read.timeout.ms = null
	sasl.login.refresh.buffer.seconds = 300
	sasl.login.refresh.min.period.seconds = 60
	sasl.login.refresh.window.factor = 0.8
	sasl.login.refresh.window.jitter = 0.05
	sasl.login.retry.backoff.max.ms = 10000
	sasl.login.retry.backoff.ms = 100
	sasl.mechanism = GSSAPI
	sasl.oauthbearer.clock.skew.seconds = 30
	sasl.oauthbearer.expected.audience = null
	sasl.oauthbearer.expected.issuer = null
	sasl.oauthbearer.header.urlencode = false
	sasl.oauthbearer.jwks.endpoint.refresh.ms = 3600000
	sasl.oauthbearer.jwks.endpoint.retry.backoff.max.ms = 10000
	sasl.oauthbearer.jwks.endpoint.retry.backoff.ms = 100
	sasl.oauthbearer.jwks.endpoint.url = null
	sasl.oauthbearer.scope.claim.name = scope
	sasl.oauthbearer.sub.claim.name = sub
	sasl.oauthbearer.token.endpoint.url = null
	security.protocol = PLAINTEXT
	security.providers = null
	send.buffer.bytes = 131072
	socket.connection.setup.timeout.max.ms = 30000
	socket.connection.setup.timeout.ms = 10000
	ssl.cipher.suites = null
	ssl.enabled.protocols = [TLSv1.2, TLSv1.3]
	ssl.endpoint.identification.algorithm = https
	ssl.engine.factory.class = null
	ssl.key.password = null
	ssl.keymanager.algorithm = SunX509
	ssl.keystore.certificate.chain = null
	ssl.keystore.key = null
	ssl.keystore.location = null
	ssl.keystore.password = null
	ssl.keystore.type = JKS
	ssl.protocol = TLSv1.3
	ssl.provider = null
	ssl.secure.random.implementation = null
	ssl.trustmanager.algorithm = PKIX
	ssl.truststore.certificates = null
	ssl.truststore.location = null
	ssl.truststore.password = null
	ssl.truststore.type = JKS
	transaction.timeout.ms = 60000
	transactional.id = null
	value.serializer = class io.apicurio.registry.serde.avro.AvroKafkaSerializer

2025-08-05 17:03:00,818 INFO  [org.apa.kaf.com.tel.int.KafkaMetricsCollector] (main) initializing Kafka metrics collector
2025-08-05 17:03:00,823 INFO  [org.apa.kaf.cli.pro.KafkaProducer] (main) [Producer clientId=Producer-topic-b8fa1057_080b_46ce_b8db_5007897beb53] Instantiated an idempotent producer.
2025-08-05 17:03:00,826 INFO  [org.apa.kaf.cli.pro.ProducerConfig] (main) These configurations '[apicurio.registry.url, apicurio.registry.artifact-resolver-strategy]' were supplied but are not used yet.
2025-08-05 17:03:00,826 INFO  [org.apa.kaf.com.uti.AppInfoParser] (main) Kafka version: 3.9.1
2025-08-05 17:03:00,826 INFO  [org.apa.kaf.com.uti.AppInfoParser] (main) Kafka commitId: f745dfdcee2b9851
2025-08-05 17:03:00,826 INFO  [org.apa.kaf.com.uti.AppInfoParser] (main) Kafka startTimeMs: 1754413380826
2025-08-05 17:03:00,828 INFO  [io.api.tes.ser.api.KafkaSerdesTester] (Thread-691) Sending message {"key11754413370170": "value-0"} to topic topic-b8fa1057_080b_46ce_b8db_5007897beb53
2025-08-05 17:03:00,831 INFO  [org.apa.kaf.cli.Metadata] (kafka-producer-network-thread | Producer-topic-b8fa1057_080b_46ce_b8db_5007897beb53) [Producer clientId=Producer-topic-b8fa1057_080b_46ce_b8db_5007897beb53] Cluster ID: utE1hb3GTCWLCoAPsWG7_Q
2025-08-05 17:03:00,831 INFO  [DefaultSchemaResolver] (Thread-691) Retrieving schema content using string: {"type":"record","name":"sf6dbd118x1064x4028xb654x1b0349d4c2ed","namespace":"ns_f411eb0c_41d7_4f51_b8a7_63f84b25d695","fields":[{"name":"key11754413370170","type":"string"}]}
2025-08-05 17:03:00,834 INFO  [org.apa.kaf.cli.pro.int.TransactionManager] (kafka-producer-network-thread | Producer-topic-b8fa1057_080b_46ce_b8db_5007897beb53) [Producer clientId=Producer-topic-b8fa1057_080b_46ce_b8db_5007897beb53] ProducerId set to 17 with epoch 0
2025-08-05 17:03:00,864 INFO  [io.api.tes.ser.api.KafkaSerdesTester] (Thread-691) Sending message {"key11754413370170": "value-1"} to topic topic-b8fa1057_080b_46ce_b8db_5007897beb53
2025-08-05 17:03:00,870 INFO  [io.api.tes.ser.api.KafkaSerdesTester] (Thread-691) Sending message {"key11754413370170": "value-2"} to topic topic-b8fa1057_080b_46ce_b8db_5007897beb53
2025-08-05 17:03:00,873 INFO  [io.api.tes.ser.api.KafkaSerdesTester] (Thread-691) Sending message {"key11754413370170": "value-3"} to topic topic-b8fa1057_080b_46ce_b8db_5007897beb53
2025-08-05 17:03:00,875 INFO  [io.api.tes.ser.api.KafkaSerdesTester] (Thread-691) Sending message {"key11754413370170": "value-4"} to topic topic-b8fa1057_080b_46ce_b8db_5007897beb53
2025-08-05 17:03:00,877 INFO  [io.api.tes.ser.api.KafkaSerdesTester] (Thread-691) Sending message {"key11754413370170": "value-5"} to topic topic-b8fa1057_080b_46ce_b8db_5007897beb53
2025-08-05 17:03:00,878 INFO  [io.api.tes.ser.api.KafkaSerdesTester] (Thread-691) Sending message {"key11754413370170": "value-6"} to topic topic-b8fa1057_080b_46ce_b8db_5007897beb53
2025-08-05 17:03:00,880 INFO  [io.api.tes.ser.api.KafkaSerdesTester] (Thread-691) Sending message {"key11754413370170": "value-7"} to topic topic-b8fa1057_080b_46ce_b8db_5007897beb53
2025-08-05 17:03:00,884 INFO  [io.api.tes.ser.api.KafkaSerdesTester] (Thread-691) Sending message {"key11754413370170": "value-8"} to topic topic-b8fa1057_080b_46ce_b8db_5007897beb53
2025-08-05 17:03:00,885 INFO  [io.api.tes.ser.api.KafkaSerdesTester] (Thread-691) Sending message {"key11754413370170": "value-9"} to topic topic-b8fa1057_080b_46ce_b8db_5007897beb53
2025-08-05 17:03:00,888 INFO  [io.api.tes.ser.api.KafkaSerdesTester] (Thread-691) Produced 10 messages
2025-08-05 17:03:00,889 INFO  [org.apa.kaf.cli.pro.KafkaProducer] (Thread-691) [Producer clientId=Producer-topic-b8fa1057_080b_46ce_b8db_5007897beb53] Closing the Kafka producer with timeoutMillis = 9223372036854775807 ms.
2025-08-05 17:03:00,892 INFO  [org.apa.kaf.com.met.Metrics] (Thread-691) Metrics scheduler closed
2025-08-05 17:03:00,892 INFO  [org.apa.kaf.com.met.Metrics] (Thread-691) Closing reporter org.apache.kafka.common.metrics.JmxReporter
2025-08-05 17:03:00,892 INFO  [org.apa.kaf.com.met.Metrics] (Thread-691) Closing reporter org.apache.kafka.common.telemetry.internals.ClientTelemetryReporter
2025-08-05 17:03:00,892 INFO  [org.apa.kaf.com.met.Metrics] (Thread-691) Metrics reporters closed
2025-08-05 17:03:00,892 INFO  [org.apa.kaf.com.uti.AppInfoParser] (Thread-691) App info kafka.producer for Producer-topic-b8fa1057_080b_46ce_b8db_5007897beb53 unregistered
**** Registry Base URL: http://registry-app-inmemory.apps.ci419.apicurio-testing.org:80
2025-08-05 17:03:00,893 INFO  [org.apa.kaf.cli.con.ConsumerConfig] (main) ConsumerConfig values: 
	allow.auto.create.topics = true
	auto.commit.interval.ms = 500
	auto.include.jmx.reporter = true
	auto.offset.reset = earliest
	bootstrap.servers = [PLAINTEXT://localhost:32769]
	check.crcs = true
	client.dns.lookup = use_all_dns_ips
	client.id = consumer-Consumer-topic-b8fa1057_080b_46ce_b8db_5007897beb53-12
	client.rack = 
	connections.max.idle.ms = 10000
	default.api.timeout.ms = 60000
	enable.auto.commit = true
	enable.metrics.push = true
	exclude.internal.topics = true
	fetch.max.bytes = 52428800
	fetch.max.wait.ms = 500
	fetch.min.bytes = 1
	group.id = Consumer-topic-b8fa1057_080b_46ce_b8db_5007897beb53
	group.instance.id = null
	group.protocol = classic
	group.remote.assignor = null
	heartbeat.interval.ms = 3000
	interceptor.classes = []
	internal.leave.group.on.close = true
	internal.throw.on.fetch.stable.offset.unsupported = false
	isolation.level = read_uncommitted
	key.deserializer = class org.apache.kafka.common.serialization.StringDeserializer
	max.partition.fetch.bytes = 1048576
	max.poll.interval.ms = 300000
	max.poll.records = 500
	metadata.max.age.ms = 300000
	metadata.recovery.strategy = none
	metric.reporters = []
	metrics.num.samples = 2
	metrics.recording.level = INFO
	metrics.sample.window.ms = 30000
	partition.assignment.strategy = [class org.apache.kafka.clients.consumer.RangeAssignor, class org.apache.kafka.clients.consumer.CooperativeStickyAssignor]
	receive.buffer.bytes = 65536
	reconnect.backoff.max.ms = 1000
	reconnect.backoff.ms = 50
	request.timeout.ms = 5000
	retry.backoff.max.ms = 1000
	retry.backoff.ms = 100
	sasl.client.callback.handler.class = null
	sasl.jaas.config = null
	sasl.kerberos.kinit.cmd = /usr/bin/kinit
	sasl.kerberos.min.time.before.relogin = 60000
	sasl.kerberos.service.name = null
	sasl.kerberos.ticket.renew.jitter = 0.05
	sasl.kerberos.ticket.renew.window.factor = 0.8
	sasl.login.callback.handler.class = null
	sasl.login.class = null
	sasl.login.connect.timeout.ms = null
	sasl.login.read.timeout.ms = null
	sasl.login.refresh.buffer.seconds = 300
	sasl.login.refresh.min.period.seconds = 60
	sasl.login.refresh.window.factor = 0.8
	sasl.login.refresh.window.jitter = 0.05
	sasl.login.retry.backoff.max.ms = 10000
	sasl.login.retry.backoff.ms = 100
	sasl.mechanism = GSSAPI
	sasl.oauthbearer.clock.skew.seconds = 30
	sasl.oauthbearer.expected.audience = null
	sasl.oauthbearer.expected.issuer = null
	sasl.oauthbearer.header.urlencode = false
	sasl.oauthbearer.jwks.endpoint.refresh.ms = 3600000
	sasl.oauthbearer.jwks.endpoint.retry.backoff.max.ms = 10000
	sasl.oauthbearer.jwks.endpoint.retry.backoff.ms = 100
	sasl.oauthbearer.jwks.endpoint.url = null
	sasl.oauthbearer.scope.claim.name = scope
	sasl.oauthbearer.sub.claim.name = sub
	sasl.oauthbearer.token.endpoint.url = null
	security.protocol = PLAINTEXT
	security.providers = null
	send.buffer.bytes = 131072
	session.timeout.ms = 45000
	socket.connection.setup.timeout.max.ms = 30000
	socket.connection.setup.timeout.ms = 10000
	ssl.cipher.suites = null
	ssl.enabled.protocols = [TLSv1.2, TLSv1.3]
	ssl.endpoint.identification.algorithm = https
	ssl.engine.factory.class = null
	ssl.key.password = null
	ssl.keymanager.algorithm = SunX509
	ssl.keystore.certificate.chain = null
	ssl.keystore.key = null
	ssl.keystore.location = null
	ssl.keystore.password = null
	ssl.keystore.type = JKS
	ssl.protocol = TLSv1.3
	ssl.provider = null
	ssl.secure.random.implementation = null
	ssl.trustmanager.algorithm = PKIX
	ssl.truststore.certificates = null
	ssl.truststore.location = null
	ssl.truststore.password = null
	ssl.truststore.type = JKS
	value.deserializer = class io.apicurio.registry.serde.avro.AvroKafkaDeserializer

2025-08-05 17:03:00,894 INFO  [org.apa.kaf.com.tel.int.KafkaMetricsCollector] (main) initializing Kafka metrics collector
2025-08-05 17:03:00,904 INFO  [org.apa.kaf.cli.con.ConsumerConfig] (main) These configurations '[apicurio.registry.url]' were supplied but are not used yet.
2025-08-05 17:03:00,904 INFO  [org.apa.kaf.com.uti.AppInfoParser] (main) Kafka version: 3.9.1
2025-08-05 17:03:00,904 INFO  [org.apa.kaf.com.uti.AppInfoParser] (main) Kafka commitId: f745dfdcee2b9851
2025-08-05 17:03:00,905 INFO  [org.apa.kaf.com.uti.AppInfoParser] (main) Kafka startTimeMs: 1754413380904
2025-08-05 17:03:00,905 INFO  [org.apa.kaf.cli.con.int.ClassicKafkaConsumer] (Thread-694) [Consumer clientId=consumer-Consumer-topic-b8fa1057_080b_46ce_b8db_5007897beb53-12, groupId=Consumer-topic-b8fa1057_080b_46ce_b8db_5007897beb53] Subscribed to topic(s): topic-b8fa1057_080b_46ce_b8db_5007897beb53
2025-08-05 17:03:00,913 INFO  [org.apa.kaf.cli.Metadata] (Thread-694) [Consumer clientId=consumer-Consumer-topic-b8fa1057_080b_46ce_b8db_5007897beb53-12, groupId=Consumer-topic-b8fa1057_080b_46ce_b8db_5007897beb53] Cluster ID: utE1hb3GTCWLCoAPsWG7_Q
2025-08-05 17:03:00,914 INFO  [org.apa.kaf.cli.con.int.ConsumerCoordinator] (Thread-694) [Consumer clientId=consumer-Consumer-topic-b8fa1057_080b_46ce_b8db_5007897beb53-12, groupId=Consumer-topic-b8fa1057_080b_46ce_b8db_5007897beb53] Discovered group coordinator localhost:32769 (id: 2147483647 rack: null)
2025-08-05 17:03:00,917 INFO  [org.apa.kaf.cli.con.int.ConsumerCoordinator] (Thread-694) [Consumer clientId=consumer-Consumer-topic-b8fa1057_080b_46ce_b8db_5007897beb53-12, groupId=Consumer-topic-b8fa1057_080b_46ce_b8db_5007897beb53] (Re-)joining group
2025-08-05 17:03:00,920 INFO  [org.apa.kaf.cli.con.int.ConsumerCoordinator] (Thread-694) [Consumer clientId=consumer-Consumer-topic-b8fa1057_080b_46ce_b8db_5007897beb53-12, groupId=Consumer-topic-b8fa1057_080b_46ce_b8db_5007897beb53] Request joining group due to: need to re-join with the given member-id: consumer-Consumer-topic-b8fa1057_080b_46ce_b8db_5007897beb53-12-56dd0dee-b7fc-4cfd-b2a3-1fa014e13d67
2025-08-05 17:03:00,920 INFO  [org.apa.kaf.cli.con.int.ConsumerCoordinator] (Thread-694) [Consumer clientId=consumer-Consumer-topic-b8fa1057_080b_46ce_b8db_5007897beb53-12, groupId=Consumer-topic-b8fa1057_080b_46ce_b8db_5007897beb53] (Re-)joining group
2025-08-05 17:03:01,905 INFO  [io.api.tes.ser.api.KafkaSerdesTester] (Thread-694) None found
2025-08-05 17:03:02,906 INFO  [io.api.tes.ser.api.KafkaSerdesTester] (Thread-694) None found
2025-08-05 17:03:03,906 INFO  [io.api.tes.ser.api.KafkaSerdesTester] (Thread-694) None found
2025-08-05 17:03:03,924 INFO  [org.apa.kaf.cli.con.int.ConsumerCoordinator] (Thread-694) [Consumer clientId=consumer-Consumer-topic-b8fa1057_080b_46ce_b8db_5007897beb53-12, groupId=Consumer-topic-b8fa1057_080b_46ce_b8db_5007897beb53] Successfully joined group with generation Generation{generationId=5, memberId='consumer-Consumer-topic-b8fa1057_080b_46ce_b8db_5007897beb53-12-56dd0dee-b7fc-4cfd-b2a3-1fa014e13d67', protocol='range'}
2025-08-05 17:03:03,925 INFO  [org.apa.kaf.cli.con.int.ConsumerCoordinator] (Thread-694) [Consumer clientId=consumer-Consumer-topic-b8fa1057_080b_46ce_b8db_5007897beb53-12, groupId=Consumer-topic-b8fa1057_080b_46ce_b8db_5007897beb53] Finished assignment for group at generation 5: {consumer-Consumer-topic-b8fa1057_080b_46ce_b8db_5007897beb53-12-56dd0dee-b7fc-4cfd-b2a3-1fa014e13d67=Assignment(partitions=[topic-b8fa1057_080b_46ce_b8db_5007897beb53-0])}
2025-08-05 17:03:03,931 INFO  [org.apa.kaf.cli.con.int.ConsumerCoordinator] (Thread-694) [Consumer clientId=consumer-Consumer-topic-b8fa1057_080b_46ce_b8db_5007897beb53-12, groupId=Consumer-topic-b8fa1057_080b_46ce_b8db_5007897beb53] Successfully synced group in generation Generation{generationId=5, memberId='consumer-Consumer-topic-b8fa1057_080b_46ce_b8db_5007897beb53-12-56dd0dee-b7fc-4cfd-b2a3-1fa014e13d67', protocol='range'}
2025-08-05 17:03:03,931 INFO  [org.apa.kaf.cli.con.int.ConsumerCoordinator] (Thread-694) [Consumer clientId=consumer-Consumer-topic-b8fa1057_080b_46ce_b8db_5007897beb53-12, groupId=Consumer-topic-b8fa1057_080b_46ce_b8db_5007897beb53] Notifying assignor about the new Assignment(partitions=[topic-b8fa1057_080b_46ce_b8db_5007897beb53-0])
2025-08-05 17:03:03,932 INFO  [org.apa.kaf.cli.con.int.ConsumerRebalanceListenerInvoker] (Thread-694) [Consumer clientId=consumer-Consumer-topic-b8fa1057_080b_46ce_b8db_5007897beb53-12, groupId=Consumer-topic-b8fa1057_080b_46ce_b8db_5007897beb53] Adding newly assigned partitions: topic-b8fa1057_080b_46ce_b8db_5007897beb53-0
2025-08-05 17:03:03,933 INFO  [org.apa.kaf.cli.con.int.ConsumerUtils] (Thread-694) Setting offset for partition topic-b8fa1057_080b_46ce_b8db_5007897beb53-0 to the committed offset FetchPosition{offset=30, offsetEpoch=Optional[0], currentLeader=LeaderAndEpoch{leader=Optional[localhost:32769 (id: 0 rack: null)], epoch=0}}
2025-08-05 17:03:04,022 INFO  [io.api.tes.ser.api.KafkaSerdesTester] (Thread-694) topic-b8fa1057_080b_46ce_b8db_5007897beb53 0 30 {"key11754413370170": "value-0", "key21754413374854": "value-0", "key31754413379616": "value-0"}
2025-08-05 17:03:04,022 INFO  [io.api.tes.ser.api.KafkaSerdesTester] (Thread-694) topic-b8fa1057_080b_46ce_b8db_5007897beb53 0 31 {"key11754413370170": "value-1", "key21754413374854": "value-1", "key31754413379616": "value-1"}
2025-08-05 17:03:04,022 INFO  [io.api.tes.ser.api.KafkaSerdesTester] (Thread-694) topic-b8fa1057_080b_46ce_b8db_5007897beb53 0 32 {"key11754413370170": "value-2", "key21754413374854": "value-2", "key31754413379616": "value-2"}
2025-08-05 17:03:04,022 INFO  [io.api.tes.ser.api.KafkaSerdesTester] (Thread-694) topic-b8fa1057_080b_46ce_b8db_5007897beb53 0 33 {"key11754413370170": "value-3", "key21754413374854": "value-3", "key31754413379616": "value-3"}
2025-08-05 17:03:04,022 INFO  [io.api.tes.ser.api.KafkaSerdesTester] (Thread-694) topic-b8fa1057_080b_46ce_b8db_5007897beb53 0 34 {"key11754413370170": "value-4", "key21754413374854": "value-4", "key31754413379616": "value-4"}
2025-08-05 17:03:04,022 INFO  [io.api.tes.ser.api.KafkaSerdesTester] (Thread-694) topic-b8fa1057_080b_46ce_b8db_5007897beb53 0 35 {"key11754413370170": "value-5", "key21754413374854": "value-5", "key31754413379616": "value-5"}
2025-08-05 17:03:04,022 INFO  [io.api.tes.ser.api.KafkaSerdesTester] (Thread-694) topic-b8fa1057_080b_46ce_b8db_5007897beb53 0 36 {"key11754413370170": "value-6", "key21754413374854": "value-6", "key31754413379616": "value-6"}
2025-08-05 17:03:04,023 INFO  [io.api.tes.ser.api.KafkaSerdesTester] (Thread-694) topic-b8fa1057_080b_46ce_b8db_5007897beb53 0 37 {"key11754413370170": "value-7", "key21754413374854": "value-7", "key31754413379616": "value-7"}
2025-08-05 17:03:04,023 INFO  [io.api.tes.ser.api.KafkaSerdesTester] (Thread-694) topic-b8fa1057_080b_46ce_b8db_5007897beb53 0 38 {"key11754413370170": "value-8", "key21754413374854": "value-8", "key31754413379616": "value-8"}
2025-08-05 17:03:04,023 INFO  [io.api.tes.ser.api.KafkaSerdesTester] (Thread-694) topic-b8fa1057_080b_46ce_b8db_5007897beb53 0 39 {"key11754413370170": "value-9", "key21754413374854": "value-9", "key31754413379616": "value-9"}
2025-08-05 17:03:04,023 INFO  [io.api.tes.ser.api.KafkaSerdesTester] (Thread-694) topic-b8fa1057_080b_46ce_b8db_5007897beb53 0 40 {"key11754413370170": "value-0", "key21754413374854": "value-0"}
2025-08-05 17:03:04,023 INFO  [io.api.tes.ser.api.KafkaSerdesTester] (Thread-694) topic-b8fa1057_080b_46ce_b8db_5007897beb53 0 41 {"key11754413370170": "value-1", "key21754413374854": "value-1"}
2025-08-05 17:03:04,023 INFO  [io.api.tes.ser.api.KafkaSerdesTester] (Thread-694) topic-b8fa1057_080b_46ce_b8db_5007897beb53 0 42 {"key11754413370170": "value-2", "key21754413374854": "value-2"}
2025-08-05 17:03:04,023 INFO  [io.api.tes.ser.api.KafkaSerdesTester] (Thread-694) topic-b8fa1057_080b_46ce_b8db_5007897beb53 0 43 {"key11754413370170": "value-3", "key21754413374854": "value-3"}
2025-08-05 17:03:04,023 INFO  [io.api.tes.ser.api.KafkaSerdesTester] (Thread-694) topic-b8fa1057_080b_46ce_b8db_5007897beb53 0 44 {"key11754413370170": "value-4", "key21754413374854": "value-4"}
2025-08-05 17:03:04,023 INFO  [io.api.tes.ser.api.KafkaSerdesTester] (Thread-694) topic-b8fa1057_080b_46ce_b8db_5007897beb53 0 45 {"key11754413370170": "value-5", "key21754413374854": "value-5"}
2025-08-05 17:03:04,023 INFO  [io.api.tes.ser.api.KafkaSerdesTester] (Thread-694) topic-b8fa1057_080b_46ce_b8db_5007897beb53 0 46 {"key11754413370170": "value-6", "key21754413374854": "value-6"}
2025-08-05 17:03:04,023 INFO  [io.api.tes.ser.api.KafkaSerdesTester] (Thread-694) topic-b8fa1057_080b_46ce_b8db_5007897beb53 0 47 {"key11754413370170": "value-7", "key21754413374854": "value-7"}
2025-08-05 17:03:04,023 INFO  [io.api.tes.ser.api.KafkaSerdesTester] (Thread-694) topic-b8fa1057_080b_46ce_b8db_5007897beb53 0 48 {"key11754413370170": "value-8", "key21754413374854": "value-8"}
2025-08-05 17:03:04,023 INFO  [io.api.tes.ser.api.KafkaSerdesTester] (Thread-694) topic-b8fa1057_080b_46ce_b8db_5007897beb53 0 49 {"key11754413370170": "value-9", "key21754413374854": "value-9"}
2025-08-05 17:03:04,023 INFO  [io.api.tes.ser.api.KafkaSerdesTester] (Thread-694) topic-b8fa1057_080b_46ce_b8db_5007897beb53 0 50 {"key11754413370170": "value-0"}
2025-08-05 17:03:04,023 INFO  [io.api.tes.ser.api.KafkaSerdesTester] (Thread-694) topic-b8fa1057_080b_46ce_b8db_5007897beb53 0 51 {"key11754413370170": "value-1"}
2025-08-05 17:03:04,023 INFO  [io.api.tes.ser.api.KafkaSerdesTester] (Thread-694) topic-b8fa1057_080b_46ce_b8db_5007897beb53 0 52 {"key11754413370170": "value-2"}
2025-08-05 17:03:04,023 INFO  [io.api.tes.ser.api.KafkaSerdesTester] (Thread-694) topic-b8fa1057_080b_46ce_b8db_5007897beb53 0 53 {"key11754413370170": "value-3"}
2025-08-05 17:03:04,023 INFO  [io.api.tes.ser.api.KafkaSerdesTester] (Thread-694) topic-b8fa1057_080b_46ce_b8db_5007897beb53 0 54 {"key11754413370170": "value-4"}
2025-08-05 17:03:04,023 INFO  [io.api.tes.ser.api.KafkaSerdesTester] (Thread-694) topic-b8fa1057_080b_46ce_b8db_5007897beb53 0 55 {"key11754413370170": "value-5"}
2025-08-05 17:03:04,023 INFO  [io.api.tes.ser.api.KafkaSerdesTester] (Thread-694) topic-b8fa1057_080b_46ce_b8db_5007897beb53 0 56 {"key11754413370170": "value-6"}
2025-08-05 17:03:04,023 INFO  [io.api.tes.ser.api.KafkaSerdesTester] (Thread-694) topic-b8fa1057_080b_46ce_b8db_5007897beb53 0 57 {"key11754413370170": "value-7"}
2025-08-05 17:03:04,023 INFO  [io.api.tes.ser.api.KafkaSerdesTester] (Thread-694) topic-b8fa1057_080b_46ce_b8db_5007897beb53 0 58 {"key11754413370170": "value-8"}
2025-08-05 17:03:04,023 INFO  [io.api.tes.ser.api.KafkaSerdesTester] (Thread-694) topic-b8fa1057_080b_46ce_b8db_5007897beb53 0 59 {"key11754413370170": "value-9"}
2025-08-05 17:03:04,024 INFO  [io.api.tes.ser.api.KafkaSerdesTester] (Thread-694) Consumed 30 messages
2025-08-05 17:03:04,033 INFO  [org.apa.kaf.cli.con.int.ConsumerRebalanceListenerInvoker] (Thread-694) [Consumer clientId=consumer-Consumer-topic-b8fa1057_080b_46ce_b8db_5007897beb53-12, groupId=Consumer-topic-b8fa1057_080b_46ce_b8db_5007897beb53] Revoke previously assigned partitions topic-b8fa1057_080b_46ce_b8db_5007897beb53-0
2025-08-05 17:03:04,033 INFO  [org.apa.kaf.cli.con.int.ConsumerCoordinator] (Thread-694) [Consumer clientId=consumer-Consumer-topic-b8fa1057_080b_46ce_b8db_5007897beb53-12, groupId=Consumer-topic-b8fa1057_080b_46ce_b8db_5007897beb53] Member consumer-Consumer-topic-b8fa1057_080b_46ce_b8db_5007897beb53-12-56dd0dee-b7fc-4cfd-b2a3-1fa014e13d67 sending LeaveGroup request to coordinator localhost:32769 (id: 2147483647 rack: null) due to the consumer is being closed
2025-08-05 17:03:04,033 INFO  [org.apa.kaf.cli.con.int.ConsumerCoordinator] (Thread-694) [Consumer clientId=consumer-Consumer-topic-b8fa1057_080b_46ce_b8db_5007897beb53-12, groupId=Consumer-topic-b8fa1057_080b_46ce_b8db_5007897beb53] Resetting generation and member id due to: consumer pro-actively leaving the group
2025-08-05 17:03:04,033 INFO  [org.apa.kaf.cli.con.int.ConsumerCoordinator] (Thread-694) [Consumer clientId=consumer-Consumer-topic-b8fa1057_080b_46ce_b8db_5007897beb53-12, groupId=Consumer-topic-b8fa1057_080b_46ce_b8db_5007897beb53] Request joining group due to: consumer pro-actively leaving the group
2025-08-05 17:03:04,527 INFO  [org.apa.kaf.com.met.Metrics] (Thread-694) Metrics scheduler closed
2025-08-05 17:03:04,527 INFO  [org.apa.kaf.com.met.Metrics] (Thread-694) Closing reporter org.apache.kafka.common.metrics.JmxReporter
2025-08-05 17:03:04,527 INFO  [org.apa.kaf.com.met.Metrics] (Thread-694) Closing reporter org.apache.kafka.common.telemetry.internals.ClientTelemetryReporter
2025-08-05 17:03:04,527 INFO  [org.apa.kaf.com.met.Metrics] (Thread-694) Metrics reporters closed
2025-08-05 17:03:04,529 INFO  [org.apa.kaf.com.uti.AppInfoParser] (Thread-694) App info kafka.consumer for consumer-Consumer-topic-b8fa1057_080b_46ce_b8db_5007897beb53-12 unregistered
2025-08-05 17:03:04,529 INFO  [org.apa.kaf.cli.pro.KafkaProducer] (main) [Producer clientId=Producer-topic-b8fa1057_080b_46ce_b8db_5007897beb53] Closing the Kafka producer with timeoutMillis = 9223372036854775807 ms.
2025-08-05 17:03:04,529 INFO  [org.apa.kaf.com.met.Metrics] (main) Metrics scheduler closed
2025-08-05 17:03:04,529 INFO  [org.apa.kaf.com.met.Metrics] (main) Closing reporter org.apache.kafka.common.metrics.JmxReporter
2025-08-05 17:03:04,529 INFO  [org.apa.kaf.com.met.Metrics] (main) Closing reporter org.apache.kafka.common.telemetry.internals.ClientTelemetryReporter
2025-08-05 17:03:04,529 INFO  [org.apa.kaf.com.met.Metrics] (main) Metrics reporters closed
2025-08-05 17:03:04,529 INFO  [org.apa.kaf.com.uti.AppInfoParser] (main) App info kafka.producer for Producer-topic-b8fa1057_080b_46ce_b8db_5007897beb53 unregistered
2025-08-05 17:03:04,529 INFO  [io.api.tes.uti.TestSeparator] (main) io.apicurio.tests.serdes.apicurio.AvroSerdeIT.testEvolveAvroApicurio-FINISHED
2025-08-05 17:03:04,529 INFO  [io.api.tes.uti.TestSeparator] (main) ############################################################################
Test passed: testEvolveAvroApicurio
]]></system-out>
  </testcase>
  <testcase name="testTopicRecordIdStrategydFindLatest" classname="io.apicurio.tests.serdes.apicurio.AvroSerdeIT" time="4.692">
    <system-out><![CDATA[2025-08-05 17:03:04,535 INFO  [io.api.tes.uti.TestSeparator] (main) ############################################################################
2025-08-05 17:03:04,535 INFO  [io.api.tes.uti.TestSeparator] (main) io.apicurio.tests.serdes.apicurio.AvroSerdeIT.testTopicRecordIdStrategydFindLatest-STARTED
2025-08-05 17:03:04,536 INFO  [io.api.tes.ser.api.AvroSerdeIT] (main) Registering Avro Schema: {"type":"record","name":"se72364e2xa84bx488fxa332x98397153ae4f","namespace":"s1e2b7c20x6b6ax420ex918bx9331ddff5642","fields":[{"name":"key11754413384535","type":"string"}]}
**** Registry Base URL: http://registry-app-inmemory.apps.ci419.apicurio-testing.org:80
2025-08-05 17:03:05,569 INFO  [org.apa.kaf.cli.pro.ProducerConfig] (main) ProducerConfig values: 
	acks = -1
	auto.include.jmx.reporter = true
	batch.size = 16384
	bootstrap.servers = [PLAINTEXT://localhost:32769]
	buffer.memory = 33554432
	client.dns.lookup = use_all_dns_ips
	client.id = Producer-topic-791db27e_bda6_4c7a_812f_70012d75d1b2
	compression.gzip.level = -1
	compression.lz4.level = 9
	compression.type = none
	compression.zstd.level = 3
	connections.max.idle.ms = 10000
	delivery.timeout.ms = 120000
	enable.idempotence = true
	enable.metrics.push = true
	interceptor.classes = []
	key.serializer = class org.apache.kafka.common.serialization.StringSerializer
	linger.ms = 0
	max.block.ms = 60000
	max.in.flight.requests.per.connection = 5
	max.request.size = 1048576
	metadata.max.age.ms = 300000
	metadata.max.idle.ms = 300000
	metadata.recovery.strategy = none
	metric.reporters = []
	metrics.num.samples = 2
	metrics.recording.level = INFO
	metrics.sample.window.ms = 30000
	partitioner.adaptive.partitioning.enable = true
	partitioner.availability.timeout.ms = 0
	partitioner.class = null
	partitioner.ignore.keys = false
	receive.buffer.bytes = 32768
	reconnect.backoff.max.ms = 1000
	reconnect.backoff.ms = 50
	request.timeout.ms = 5000
	retries = 2147483647
	retry.backoff.max.ms = 1000
	retry.backoff.ms = 100
	sasl.client.callback.handler.class = null
	sasl.jaas.config = null
	sasl.kerberos.kinit.cmd = /usr/bin/kinit
	sasl.kerberos.min.time.before.relogin = 60000
	sasl.kerberos.service.name = null
	sasl.kerberos.ticket.renew.jitter = 0.05
	sasl.kerberos.ticket.renew.window.factor = 0.8
	sasl.login.callback.handler.class = null
	sasl.login.class = null
	sasl.login.connect.timeout.ms = null
	sasl.login.read.timeout.ms = null
	sasl.login.refresh.buffer.seconds = 300
	sasl.login.refresh.min.period.seconds = 60
	sasl.login.refresh.window.factor = 0.8
	sasl.login.refresh.window.jitter = 0.05
	sasl.login.retry.backoff.max.ms = 10000
	sasl.login.retry.backoff.ms = 100
	sasl.mechanism = GSSAPI
	sasl.oauthbearer.clock.skew.seconds = 30
	sasl.oauthbearer.expected.audience = null
	sasl.oauthbearer.expected.issuer = null
	sasl.oauthbearer.header.urlencode = false
	sasl.oauthbearer.jwks.endpoint.refresh.ms = 3600000
	sasl.oauthbearer.jwks.endpoint.retry.backoff.max.ms = 10000
	sasl.oauthbearer.jwks.endpoint.retry.backoff.ms = 100
	sasl.oauthbearer.jwks.endpoint.url = null
	sasl.oauthbearer.scope.claim.name = scope
	sasl.oauthbearer.sub.claim.name = sub
	sasl.oauthbearer.token.endpoint.url = null
	security.protocol = PLAINTEXT
	security.providers = null
	send.buffer.bytes = 131072
	socket.connection.setup.timeout.max.ms = 30000
	socket.connection.setup.timeout.ms = 10000
	ssl.cipher.suites = null
	ssl.enabled.protocols = [TLSv1.2, TLSv1.3]
	ssl.endpoint.identification.algorithm = https
	ssl.engine.factory.class = null
	ssl.key.password = null
	ssl.keymanager.algorithm = SunX509
	ssl.keystore.certificate.chain = null
	ssl.keystore.key = null
	ssl.keystore.location = null
	ssl.keystore.password = null
	ssl.keystore.type = JKS
	ssl.protocol = TLSv1.3
	ssl.provider = null
	ssl.secure.random.implementation = null
	ssl.trustmanager.algorithm = PKIX
	ssl.truststore.certificates = null
	ssl.truststore.location = null
	ssl.truststore.password = null
	ssl.truststore.type = JKS
	transaction.timeout.ms = 60000
	transactional.id = null
	value.serializer = class io.apicurio.registry.serde.avro.AvroKafkaSerializer

2025-08-05 17:03:05,569 INFO  [org.apa.kaf.com.tel.int.KafkaMetricsCollector] (main) initializing Kafka metrics collector
2025-08-05 17:03:05,572 INFO  [org.apa.kaf.cli.pro.KafkaProducer] (main) [Producer clientId=Producer-topic-791db27e_bda6_4c7a_812f_70012d75d1b2] Instantiated an idempotent producer.
2025-08-05 17:03:05,573 INFO  [org.apa.kaf.cli.pro.ProducerConfig] (main) These configurations '[apicurio.registry.find-latest, apicurio.registry.url, apicurio.registry.artifact-resolver-strategy]' were supplied but are not used yet.
2025-08-05 17:03:05,574 INFO  [org.apa.kaf.com.uti.AppInfoParser] (main) Kafka version: 3.9.1
2025-08-05 17:03:05,574 INFO  [org.apa.kaf.com.uti.AppInfoParser] (main) Kafka commitId: f745dfdcee2b9851
2025-08-05 17:03:05,574 INFO  [org.apa.kaf.com.uti.AppInfoParser] (main) Kafka startTimeMs: 1754413385573
2025-08-05 17:03:05,574 INFO  [io.api.tes.ser.api.SimpleSerdesTesterBuilder$SimpleSerdesTester] (main) Using producer configuration: {apicurio.registry.find-latest=true, apicurio.registry.url=http://registry-app-inmemory.apps.ci419.apicurio-testing.org:80/apis/registry/v3, apicurio.registry.artifact-resolver-strategy=io.apicurio.registry.serde.avro.strategy.TopicRecordIdStrategy, value.serializer=io.apicurio.registry.serde.avro.AvroKafkaSerializer, request.timeout.ms=5000, acks=all, bootstrap.servers=PLAINTEXT://localhost:32769, connections.max.idle.ms=10000, key.serializer=org.apache.kafka.common.serialization.StringSerializer, client.id=Producer-topic-791db27e_bda6_4c7a_812f_70012d75d1b2}
2025-08-05 17:03:05,574 INFO  [io.api.tes.ser.api.SimpleSerdesTesterBuilder$SimpleSerdesTester] (main) Using consumer configuration: {}
2025-08-05 17:03:05,575 INFO  [io.api.tes.ser.api.KafkaSerdesTester] (Thread-697) Sending message {"key11754413384535": "value-0"} to topic topic-791db27e_bda6_4c7a_812f_70012d75d1b2
2025-08-05 17:03:05,578 INFO  [org.apa.kaf.cli.Metadata] (kafka-producer-network-thread | Producer-topic-791db27e_bda6_4c7a_812f_70012d75d1b2) [Producer clientId=Producer-topic-791db27e_bda6_4c7a_812f_70012d75d1b2] Cluster ID: utE1hb3GTCWLCoAPsWG7_Q
2025-08-05 17:03:05,579 INFO  [org.apa.kaf.cli.pro.int.TransactionManager] (kafka-producer-network-thread | Producer-topic-791db27e_bda6_4c7a_812f_70012d75d1b2) [Producer clientId=Producer-topic-791db27e_bda6_4c7a_812f_70012d75d1b2] ProducerId set to 18 with epoch 0
2025-08-05 17:03:05,629 INFO  [io.api.tes.ser.api.KafkaSerdesTester] (Thread-697) Sending message {"key11754413384535": "value-1"} to topic topic-791db27e_bda6_4c7a_812f_70012d75d1b2
2025-08-05 17:03:05,630 INFO  [io.api.tes.ser.api.KafkaSerdesTester] (Thread-697) Sending message {"key11754413384535": "value-2"} to topic topic-791db27e_bda6_4c7a_812f_70012d75d1b2
2025-08-05 17:03:05,633 INFO  [io.api.tes.ser.api.KafkaSerdesTester] (Thread-697) Sending message {"key11754413384535": "value-3"} to topic topic-791db27e_bda6_4c7a_812f_70012d75d1b2
2025-08-05 17:03:05,635 INFO  [io.api.tes.ser.api.KafkaSerdesTester] (Thread-697) Sending message {"key11754413384535": "value-4"} to topic topic-791db27e_bda6_4c7a_812f_70012d75d1b2
2025-08-05 17:03:05,638 INFO  [io.api.tes.ser.api.KafkaSerdesTester] (Thread-697) Sending message {"key11754413384535": "value-5"} to topic topic-791db27e_bda6_4c7a_812f_70012d75d1b2
2025-08-05 17:03:05,640 INFO  [io.api.tes.ser.api.KafkaSerdesTester] (Thread-697) Sending message {"key11754413384535": "value-6"} to topic topic-791db27e_bda6_4c7a_812f_70012d75d1b2
2025-08-05 17:03:05,642 INFO  [io.api.tes.ser.api.KafkaSerdesTester] (Thread-697) Sending message {"key11754413384535": "value-7"} to topic topic-791db27e_bda6_4c7a_812f_70012d75d1b2
2025-08-05 17:03:05,644 INFO  [io.api.tes.ser.api.KafkaSerdesTester] (Thread-697) Sending message {"key11754413384535": "value-8"} to topic topic-791db27e_bda6_4c7a_812f_70012d75d1b2
2025-08-05 17:03:05,645 INFO  [io.api.tes.ser.api.KafkaSerdesTester] (Thread-697) Sending message {"key11754413384535": "value-9"} to topic topic-791db27e_bda6_4c7a_812f_70012d75d1b2
2025-08-05 17:03:05,647 INFO  [io.api.tes.ser.api.KafkaSerdesTester] (Thread-697) Produced 10 messages
2025-08-05 17:03:05,647 INFO  [org.apa.kaf.cli.pro.KafkaProducer] (Thread-697) [Producer clientId=Producer-topic-791db27e_bda6_4c7a_812f_70012d75d1b2] Closing the Kafka producer with timeoutMillis = 9223372036854775807 ms.
2025-08-05 17:03:05,649 INFO  [org.apa.kaf.com.met.Metrics] (Thread-697) Metrics scheduler closed
2025-08-05 17:03:05,649 INFO  [org.apa.kaf.com.met.Metrics] (Thread-697) Closing reporter org.apache.kafka.common.metrics.JmxReporter
2025-08-05 17:03:05,649 INFO  [org.apa.kaf.com.met.Metrics] (Thread-697) Closing reporter org.apache.kafka.common.telemetry.internals.ClientTelemetryReporter
2025-08-05 17:03:05,649 INFO  [org.apa.kaf.com.met.Metrics] (Thread-697) Metrics reporters closed
2025-08-05 17:03:05,649 INFO  [org.apa.kaf.com.uti.AppInfoParser] (Thread-697) App info kafka.producer for Producer-topic-791db27e_bda6_4c7a_812f_70012d75d1b2 unregistered
**** Registry Base URL: http://registry-app-inmemory.apps.ci419.apicurio-testing.org:80
2025-08-05 17:03:05,650 INFO  [org.apa.kaf.cli.con.ConsumerConfig] (main) ConsumerConfig values: 
	allow.auto.create.topics = true
	auto.commit.interval.ms = 500
	auto.include.jmx.reporter = true
	auto.offset.reset = earliest
	bootstrap.servers = [PLAINTEXT://localhost:32769]
	check.crcs = true
	client.dns.lookup = use_all_dns_ips
	client.id = consumer-Consumer-topic-791db27e_bda6_4c7a_812f_70012d75d1b2-13
	client.rack = 
	connections.max.idle.ms = 10000
	default.api.timeout.ms = 60000
	enable.auto.commit = true
	enable.metrics.push = true
	exclude.internal.topics = true
	fetch.max.bytes = 52428800
	fetch.max.wait.ms = 500
	fetch.min.bytes = 1
	group.id = Consumer-topic-791db27e_bda6_4c7a_812f_70012d75d1b2
	group.instance.id = null
	group.protocol = classic
	group.remote.assignor = null
	heartbeat.interval.ms = 3000
	interceptor.classes = []
	internal.leave.group.on.close = true
	internal.throw.on.fetch.stable.offset.unsupported = false
	isolation.level = read_uncommitted
	key.deserializer = class org.apache.kafka.common.serialization.StringDeserializer
	max.partition.fetch.bytes = 1048576
	max.poll.interval.ms = 300000
	max.poll.records = 500
	metadata.max.age.ms = 300000
	metadata.recovery.strategy = none
	metric.reporters = []
	metrics.num.samples = 2
	metrics.recording.level = INFO
	metrics.sample.window.ms = 30000
	partition.assignment.strategy = [class org.apache.kafka.clients.consumer.RangeAssignor, class org.apache.kafka.clients.consumer.CooperativeStickyAssignor]
	receive.buffer.bytes = 65536
	reconnect.backoff.max.ms = 1000
	reconnect.backoff.ms = 50
	request.timeout.ms = 5000
	retry.backoff.max.ms = 1000
	retry.backoff.ms = 100
	sasl.client.callback.handler.class = null
	sasl.jaas.config = null
	sasl.kerberos.kinit.cmd = /usr/bin/kinit
	sasl.kerberos.min.time.before.relogin = 60000
	sasl.kerberos.service.name = null
	sasl.kerberos.ticket.renew.jitter = 0.05
	sasl.kerberos.ticket.renew.window.factor = 0.8
	sasl.login.callback.handler.class = null
	sasl.login.class = null
	sasl.login.connect.timeout.ms = null
	sasl.login.read.timeout.ms = null
	sasl.login.refresh.buffer.seconds = 300
	sasl.login.refresh.min.period.seconds = 60
	sasl.login.refresh.window.factor = 0.8
	sasl.login.refresh.window.jitter = 0.05
	sasl.login.retry.backoff.max.ms = 10000
	sasl.login.retry.backoff.ms = 100
	sasl.mechanism = GSSAPI
	sasl.oauthbearer.clock.skew.seconds = 30
	sasl.oauthbearer.expected.audience = null
	sasl.oauthbearer.expected.issuer = null
	sasl.oauthbearer.header.urlencode = false
	sasl.oauthbearer.jwks.endpoint.refresh.ms = 3600000
	sasl.oauthbearer.jwks.endpoint.retry.backoff.max.ms = 10000
	sasl.oauthbearer.jwks.endpoint.retry.backoff.ms = 100
	sasl.oauthbearer.jwks.endpoint.url = null
	sasl.oauthbearer.scope.claim.name = scope
	sasl.oauthbearer.sub.claim.name = sub
	sasl.oauthbearer.token.endpoint.url = null
	security.protocol = PLAINTEXT
	security.providers = null
	send.buffer.bytes = 131072
	session.timeout.ms = 45000
	socket.connection.setup.timeout.max.ms = 30000
	socket.connection.setup.timeout.ms = 10000
	ssl.cipher.suites = null
	ssl.enabled.protocols = [TLSv1.2, TLSv1.3]
	ssl.endpoint.identification.algorithm = https
	ssl.engine.factory.class = null
	ssl.key.password = null
	ssl.keymanager.algorithm = SunX509
	ssl.keystore.certificate.chain = null
	ssl.keystore.key = null
	ssl.keystore.location = null
	ssl.keystore.password = null
	ssl.keystore.type = JKS
	ssl.protocol = TLSv1.3
	ssl.provider = null
	ssl.secure.random.implementation = null
	ssl.trustmanager.algorithm = PKIX
	ssl.truststore.certificates = null
	ssl.truststore.location = null
	ssl.truststore.password = null
	ssl.truststore.type = JKS
	value.deserializer = class io.apicurio.registry.serde.avro.AvroKafkaDeserializer

2025-08-05 17:03:05,650 INFO  [org.apa.kaf.com.tel.int.KafkaMetricsCollector] (main) initializing Kafka metrics collector
2025-08-05 17:03:05,656 INFO  [org.apa.kaf.cli.con.ConsumerConfig] (main) These configurations '[apicurio.registry.url]' were supplied but are not used yet.
2025-08-05 17:03:05,656 INFO  [org.apa.kaf.com.uti.AppInfoParser] (main) Kafka version: 3.9.1
2025-08-05 17:03:05,656 INFO  [org.apa.kaf.com.uti.AppInfoParser] (main) Kafka commitId: f745dfdcee2b9851
2025-08-05 17:03:05,656 INFO  [org.apa.kaf.com.uti.AppInfoParser] (main) Kafka startTimeMs: 1754413385656
2025-08-05 17:03:05,656 INFO  [org.apa.kaf.cli.con.int.ClassicKafkaConsumer] (Thread-700) [Consumer clientId=consumer-Consumer-topic-791db27e_bda6_4c7a_812f_70012d75d1b2-13, groupId=Consumer-topic-791db27e_bda6_4c7a_812f_70012d75d1b2] Subscribed to topic(s): topic-791db27e_bda6_4c7a_812f_70012d75d1b2
2025-08-05 17:03:05,660 INFO  [org.apa.kaf.cli.Metadata] (Thread-700) [Consumer clientId=consumer-Consumer-topic-791db27e_bda6_4c7a_812f_70012d75d1b2-13, groupId=Consumer-topic-791db27e_bda6_4c7a_812f_70012d75d1b2] Cluster ID: utE1hb3GTCWLCoAPsWG7_Q
2025-08-05 17:03:05,661 INFO  [org.apa.kaf.cli.con.int.ConsumerCoordinator] (Thread-700) [Consumer clientId=consumer-Consumer-topic-791db27e_bda6_4c7a_812f_70012d75d1b2-13, groupId=Consumer-topic-791db27e_bda6_4c7a_812f_70012d75d1b2] Discovered group coordinator localhost:32769 (id: 2147483647 rack: null)
2025-08-05 17:03:05,663 INFO  [org.apa.kaf.cli.con.int.ConsumerCoordinator] (Thread-700) [Consumer clientId=consumer-Consumer-topic-791db27e_bda6_4c7a_812f_70012d75d1b2-13, groupId=Consumer-topic-791db27e_bda6_4c7a_812f_70012d75d1b2] (Re-)joining group
2025-08-05 17:03:05,667 INFO  [org.apa.kaf.cli.con.int.ConsumerCoordinator] (Thread-700) [Consumer clientId=consumer-Consumer-topic-791db27e_bda6_4c7a_812f_70012d75d1b2-13, groupId=Consumer-topic-791db27e_bda6_4c7a_812f_70012d75d1b2] Request joining group due to: need to re-join with the given member-id: consumer-Consumer-topic-791db27e_bda6_4c7a_812f_70012d75d1b2-13-b63b8556-bf4b-4d25-8bda-6f0a6f1a3395
2025-08-05 17:03:05,668 INFO  [org.apa.kaf.cli.con.int.ConsumerCoordinator] (Thread-700) [Consumer clientId=consumer-Consumer-topic-791db27e_bda6_4c7a_812f_70012d75d1b2-13, groupId=Consumer-topic-791db27e_bda6_4c7a_812f_70012d75d1b2] (Re-)joining group
2025-08-05 17:03:06,657 INFO  [io.api.tes.ser.api.KafkaSerdesTester] (Thread-700) None found
2025-08-05 17:03:07,657 INFO  [io.api.tes.ser.api.KafkaSerdesTester] (Thread-700) None found
2025-08-05 17:03:08,657 INFO  [io.api.tes.ser.api.KafkaSerdesTester] (Thread-700) None found
2025-08-05 17:03:08,669 INFO  [org.apa.kaf.cli.con.int.ConsumerCoordinator] (Thread-700) [Consumer clientId=consumer-Consumer-topic-791db27e_bda6_4c7a_812f_70012d75d1b2-13, groupId=Consumer-topic-791db27e_bda6_4c7a_812f_70012d75d1b2] Successfully joined group with generation Generation{generationId=1, memberId='consumer-Consumer-topic-791db27e_bda6_4c7a_812f_70012d75d1b2-13-b63b8556-bf4b-4d25-8bda-6f0a6f1a3395', protocol='range'}
2025-08-05 17:03:08,669 INFO  [org.apa.kaf.cli.con.int.ConsumerCoordinator] (Thread-700) [Consumer clientId=consumer-Consumer-topic-791db27e_bda6_4c7a_812f_70012d75d1b2-13, groupId=Consumer-topic-791db27e_bda6_4c7a_812f_70012d75d1b2] Finished assignment for group at generation 1: {consumer-Consumer-topic-791db27e_bda6_4c7a_812f_70012d75d1b2-13-b63b8556-bf4b-4d25-8bda-6f0a6f1a3395=Assignment(partitions=[topic-791db27e_bda6_4c7a_812f_70012d75d1b2-0])}
2025-08-05 17:03:08,676 INFO  [org.apa.kaf.cli.con.int.ConsumerCoordinator] (Thread-700) [Consumer clientId=consumer-Consumer-topic-791db27e_bda6_4c7a_812f_70012d75d1b2-13, groupId=Consumer-topic-791db27e_bda6_4c7a_812f_70012d75d1b2] Successfully synced group in generation Generation{generationId=1, memberId='consumer-Consumer-topic-791db27e_bda6_4c7a_812f_70012d75d1b2-13-b63b8556-bf4b-4d25-8bda-6f0a6f1a3395', protocol='range'}
2025-08-05 17:03:08,676 INFO  [org.apa.kaf.cli.con.int.ConsumerCoordinator] (Thread-700) [Consumer clientId=consumer-Consumer-topic-791db27e_bda6_4c7a_812f_70012d75d1b2-13, groupId=Consumer-topic-791db27e_bda6_4c7a_812f_70012d75d1b2] Notifying assignor about the new Assignment(partitions=[topic-791db27e_bda6_4c7a_812f_70012d75d1b2-0])
2025-08-05 17:03:08,676 INFO  [org.apa.kaf.cli.con.int.ConsumerRebalanceListenerInvoker] (Thread-700) [Consumer clientId=consumer-Consumer-topic-791db27e_bda6_4c7a_812f_70012d75d1b2-13, groupId=Consumer-topic-791db27e_bda6_4c7a_812f_70012d75d1b2] Adding newly assigned partitions: topic-791db27e_bda6_4c7a_812f_70012d75d1b2-0
2025-08-05 17:03:08,677 INFO  [org.apa.kaf.cli.con.int.ConsumerCoordinator] (Thread-700) [Consumer clientId=consumer-Consumer-topic-791db27e_bda6_4c7a_812f_70012d75d1b2-13, groupId=Consumer-topic-791db27e_bda6_4c7a_812f_70012d75d1b2] Found no committed offset for partition topic-791db27e_bda6_4c7a_812f_70012d75d1b2-0
2025-08-05 17:03:08,678 INFO  [org.apa.kaf.cli.con.int.SubscriptionState] (Thread-700) [Consumer clientId=consumer-Consumer-topic-791db27e_bda6_4c7a_812f_70012d75d1b2-13, groupId=Consumer-topic-791db27e_bda6_4c7a_812f_70012d75d1b2] Resetting offset for partition topic-791db27e_bda6_4c7a_812f_70012d75d1b2-0 to position FetchPosition{offset=0, offsetEpoch=Optional.empty, currentLeader=LeaderAndEpoch{leader=Optional[localhost:32769 (id: 0 rack: null)], epoch=0}}.
2025-08-05 17:03:08,717 INFO  [io.api.tes.ser.api.KafkaSerdesTester] (Thread-700) topic-791db27e_bda6_4c7a_812f_70012d75d1b2 0 0 {"key11754413384535": "value-0"}
2025-08-05 17:03:08,717 INFO  [io.api.tes.ser.api.KafkaSerdesTester] (Thread-700) topic-791db27e_bda6_4c7a_812f_70012d75d1b2 0 1 {"key11754413384535": "value-1"}
2025-08-05 17:03:08,717 INFO  [io.api.tes.ser.api.KafkaSerdesTester] (Thread-700) topic-791db27e_bda6_4c7a_812f_70012d75d1b2 0 2 {"key11754413384535": "value-2"}
2025-08-05 17:03:08,717 INFO  [io.api.tes.ser.api.KafkaSerdesTester] (Thread-700) topic-791db27e_bda6_4c7a_812f_70012d75d1b2 0 3 {"key11754413384535": "value-3"}
2025-08-05 17:03:08,717 INFO  [io.api.tes.ser.api.KafkaSerdesTester] (Thread-700) topic-791db27e_bda6_4c7a_812f_70012d75d1b2 0 4 {"key11754413384535": "value-4"}
2025-08-05 17:03:08,717 INFO  [io.api.tes.ser.api.KafkaSerdesTester] (Thread-700) topic-791db27e_bda6_4c7a_812f_70012d75d1b2 0 5 {"key11754413384535": "value-5"}
2025-08-05 17:03:08,717 INFO  [io.api.tes.ser.api.KafkaSerdesTester] (Thread-700) topic-791db27e_bda6_4c7a_812f_70012d75d1b2 0 6 {"key11754413384535": "value-6"}
2025-08-05 17:03:08,717 INFO  [io.api.tes.ser.api.KafkaSerdesTester] (Thread-700) topic-791db27e_bda6_4c7a_812f_70012d75d1b2 0 7 {"key11754413384535": "value-7"}
2025-08-05 17:03:08,717 INFO  [io.api.tes.ser.api.KafkaSerdesTester] (Thread-700) topic-791db27e_bda6_4c7a_812f_70012d75d1b2 0 8 {"key11754413384535": "value-8"}
2025-08-05 17:03:08,717 INFO  [io.api.tes.ser.api.KafkaSerdesTester] (Thread-700) topic-791db27e_bda6_4c7a_812f_70012d75d1b2 0 9 {"key11754413384535": "value-9"}
2025-08-05 17:03:08,717 INFO  [io.api.tes.ser.api.KafkaSerdesTester] (Thread-700) Consumed 10 messages
2025-08-05 17:03:08,724 INFO  [org.apa.kaf.cli.con.int.ConsumerRebalanceListenerInvoker] (Thread-700) [Consumer clientId=consumer-Consumer-topic-791db27e_bda6_4c7a_812f_70012d75d1b2-13, groupId=Consumer-topic-791db27e_bda6_4c7a_812f_70012d75d1b2] Revoke previously assigned partitions topic-791db27e_bda6_4c7a_812f_70012d75d1b2-0
2025-08-05 17:03:08,724 INFO  [org.apa.kaf.cli.con.int.ConsumerCoordinator] (Thread-700) [Consumer clientId=consumer-Consumer-topic-791db27e_bda6_4c7a_812f_70012d75d1b2-13, groupId=Consumer-topic-791db27e_bda6_4c7a_812f_70012d75d1b2] Member consumer-Consumer-topic-791db27e_bda6_4c7a_812f_70012d75d1b2-13-b63b8556-bf4b-4d25-8bda-6f0a6f1a3395 sending LeaveGroup request to coordinator localhost:32769 (id: 2147483647 rack: null) due to the consumer is being closed
2025-08-05 17:03:08,724 INFO  [org.apa.kaf.cli.con.int.ConsumerCoordinator] (Thread-700) [Consumer clientId=consumer-Consumer-topic-791db27e_bda6_4c7a_812f_70012d75d1b2-13, groupId=Consumer-topic-791db27e_bda6_4c7a_812f_70012d75d1b2] Resetting generation and member id due to: consumer pro-actively leaving the group
2025-08-05 17:03:08,724 INFO  [org.apa.kaf.cli.con.int.ConsumerCoordinator] (Thread-700) [Consumer clientId=consumer-Consumer-topic-791db27e_bda6_4c7a_812f_70012d75d1b2-13, groupId=Consumer-topic-791db27e_bda6_4c7a_812f_70012d75d1b2] Request joining group due to: consumer pro-actively leaving the group
2025-08-05 17:03:09,219 INFO  [org.apa.kaf.com.met.Metrics] (Thread-700) Metrics scheduler closed
2025-08-05 17:03:09,219 INFO  [org.apa.kaf.com.met.Metrics] (Thread-700) Closing reporter org.apache.kafka.common.metrics.JmxReporter
2025-08-05 17:03:09,219 INFO  [org.apa.kaf.com.met.Metrics] (Thread-700) Closing reporter org.apache.kafka.common.telemetry.internals.ClientTelemetryReporter
2025-08-05 17:03:09,219 INFO  [org.apa.kaf.com.met.Metrics] (Thread-700) Metrics reporters closed
2025-08-05 17:03:09,221 INFO  [org.apa.kaf.com.uti.AppInfoParser] (Thread-700) App info kafka.consumer for consumer-Consumer-topic-791db27e_bda6_4c7a_812f_70012d75d1b2-13 unregistered
2025-08-05 17:03:09,222 INFO  [io.api.tes.uti.TestSeparator] (main) io.apicurio.tests.serdes.apicurio.AvroSerdeIT.testTopicRecordIdStrategydFindLatest-FINISHED
2025-08-05 17:03:09,222 INFO  [io.api.tes.uti.TestSeparator] (main) ############################################################################
Test passed: testTopicRecordIdStrategydFindLatest
]]></system-out>
  </testcase>
  <testcase name="testAvroConfluentForMultipleTopics" classname="io.apicurio.tests.serdes.apicurio.AvroSerdeIT" time="12.007">
    <system-out><![CDATA[2025-08-05 17:03:09,226 INFO  [io.api.tes.uti.TestSeparator] (main) ############################################################################
2025-08-05 17:03:09,226 INFO  [io.api.tes.uti.TestSeparator] (main) io.apicurio.tests.serdes.apicurio.AvroSerdeIT.testAvroConfluentForMultipleTopics-STARTED
2025-08-05 17:03:09,226 INFO  [io.api.tes.ser.api.AvroSerdeIT] (main) Registering Avro Schema: {"type":"record","name":"myrecordconfluent","fields":[{"name":"key11754413389226","type":"string"}]}
**** Registry Base URL: http://registry-app-inmemory.apps.ci419.apicurio-testing.org:80
2025-08-05 17:03:10,262 INFO  [org.apa.kaf.cli.pro.ProducerConfig] (main) ProducerConfig values: 
	acks = -1
	auto.include.jmx.reporter = true
	batch.size = 16384
	bootstrap.servers = [PLAINTEXT://localhost:32769]
	buffer.memory = 33554432
	client.dns.lookup = use_all_dns_ips
	client.id = Producer-topic-df2aa24b_9142_47c7_a45b_ceba855e1daf
	compression.gzip.level = -1
	compression.lz4.level = 9
	compression.type = none
	compression.zstd.level = 3
	connections.max.idle.ms = 10000
	delivery.timeout.ms = 120000
	enable.idempotence = true
	enable.metrics.push = true
	interceptor.classes = []
	key.serializer = class org.apache.kafka.common.serialization.StringSerializer
	linger.ms = 0
	max.block.ms = 60000
	max.in.flight.requests.per.connection = 5
	max.request.size = 1048576
	metadata.max.age.ms = 300000
	metadata.max.idle.ms = 300000
	metadata.recovery.strategy = none
	metric.reporters = []
	metrics.num.samples = 2
	metrics.recording.level = INFO
	metrics.sample.window.ms = 30000
	partitioner.adaptive.partitioning.enable = true
	partitioner.availability.timeout.ms = 0
	partitioner.class = null
	partitioner.ignore.keys = false
	receive.buffer.bytes = 32768
	reconnect.backoff.max.ms = 1000
	reconnect.backoff.ms = 50
	request.timeout.ms = 5000
	retries = 2147483647
	retry.backoff.max.ms = 1000
	retry.backoff.ms = 100
	sasl.client.callback.handler.class = null
	sasl.jaas.config = null
	sasl.kerberos.kinit.cmd = /usr/bin/kinit
	sasl.kerberos.min.time.before.relogin = 60000
	sasl.kerberos.service.name = null
	sasl.kerberos.ticket.renew.jitter = 0.05
	sasl.kerberos.ticket.renew.window.factor = 0.8
	sasl.login.callback.handler.class = null
	sasl.login.class = null
	sasl.login.connect.timeout.ms = null
	sasl.login.read.timeout.ms = null
	sasl.login.refresh.buffer.seconds = 300
	sasl.login.refresh.min.period.seconds = 60
	sasl.login.refresh.window.factor = 0.8
	sasl.login.refresh.window.jitter = 0.05
	sasl.login.retry.backoff.max.ms = 10000
	sasl.login.retry.backoff.ms = 100
	sasl.mechanism = GSSAPI
	sasl.oauthbearer.clock.skew.seconds = 30
	sasl.oauthbearer.expected.audience = null
	sasl.oauthbearer.expected.issuer = null
	sasl.oauthbearer.header.urlencode = false
	sasl.oauthbearer.jwks.endpoint.refresh.ms = 3600000
	sasl.oauthbearer.jwks.endpoint.retry.backoff.max.ms = 10000
	sasl.oauthbearer.jwks.endpoint.retry.backoff.ms = 100
	sasl.oauthbearer.jwks.endpoint.url = null
	sasl.oauthbearer.scope.claim.name = scope
	sasl.oauthbearer.sub.claim.name = sub
	sasl.oauthbearer.token.endpoint.url = null
	security.protocol = PLAINTEXT
	security.providers = null
	send.buffer.bytes = 131072
	socket.connection.setup.timeout.max.ms = 30000
	socket.connection.setup.timeout.ms = 10000
	ssl.cipher.suites = null
	ssl.enabled.protocols = [TLSv1.2, TLSv1.3]
	ssl.endpoint.identification.algorithm = https
	ssl.engine.factory.class = null
	ssl.key.password = null
	ssl.keymanager.algorithm = SunX509
	ssl.keystore.certificate.chain = null
	ssl.keystore.key = null
	ssl.keystore.location = null
	ssl.keystore.password = null
	ssl.keystore.type = JKS
	ssl.protocol = TLSv1.3
	ssl.provider = null
	ssl.secure.random.implementation = null
	ssl.trustmanager.algorithm = PKIX
	ssl.truststore.certificates = null
	ssl.truststore.location = null
	ssl.truststore.password = null
	ssl.truststore.type = JKS
	transaction.timeout.ms = 60000
	transactional.id = null
	value.serializer = class io.apicurio.registry.serde.avro.AvroKafkaSerializer

2025-08-05 17:03:10,262 INFO  [org.apa.kaf.com.tel.int.KafkaMetricsCollector] (main) initializing Kafka metrics collector
2025-08-05 17:03:10,266 INFO  [org.apa.kaf.cli.pro.KafkaProducer] (main) [Producer clientId=Producer-topic-df2aa24b_9142_47c7_a45b_ceba855e1daf] Instantiated an idempotent producer.
2025-08-05 17:03:10,268 INFO  [org.apa.kaf.cli.pro.ProducerConfig] (main) These configurations '[apicurio.registry.url, apicurio.registry.artifact-resolver-strategy]' were supplied but are not used yet.
2025-08-05 17:03:10,268 INFO  [org.apa.kaf.com.uti.AppInfoParser] (main) Kafka version: 3.9.1
2025-08-05 17:03:10,268 INFO  [org.apa.kaf.com.uti.AppInfoParser] (main) Kafka commitId: f745dfdcee2b9851
2025-08-05 17:03:10,268 INFO  [org.apa.kaf.com.uti.AppInfoParser] (main) Kafka startTimeMs: 1754413390268
**** Registry Base URL: http://registry-app-inmemory.apps.ci419.apicurio-testing.org:80
2025-08-05 17:03:10,268 INFO  [org.apa.kaf.cli.pro.ProducerConfig] (main) ProducerConfig values: 
	acks = -1
	auto.include.jmx.reporter = true
	batch.size = 16384
	bootstrap.servers = [PLAINTEXT://localhost:32769]
	buffer.memory = 33554432
	client.dns.lookup = use_all_dns_ips
	client.id = Producer-topic-c2bc339c_0932_4117_b82e_b486de662cbe
	compression.gzip.level = -1
	compression.lz4.level = 9
	compression.type = none
	compression.zstd.level = 3
	connections.max.idle.ms = 10000
	delivery.timeout.ms = 120000
	enable.idempotence = true
	enable.metrics.push = true
	interceptor.classes = []
	key.serializer = class org.apache.kafka.common.serialization.StringSerializer
	linger.ms = 0
	max.block.ms = 60000
	max.in.flight.requests.per.connection = 5
	max.request.size = 1048576
	metadata.max.age.ms = 300000
	metadata.max.idle.ms = 300000
	metadata.recovery.strategy = none
	metric.reporters = []
	metrics.num.samples = 2
	metrics.recording.level = INFO
	metrics.sample.window.ms = 30000
	partitioner.adaptive.partitioning.enable = true
	partitioner.availability.timeout.ms = 0
	partitioner.class = null
	partitioner.ignore.keys = false
	receive.buffer.bytes = 32768
	reconnect.backoff.max.ms = 1000
	reconnect.backoff.ms = 50
	request.timeout.ms = 5000
	retries = 2147483647
	retry.backoff.max.ms = 1000
	retry.backoff.ms = 100
	sasl.client.callback.handler.class = null
	sasl.jaas.config = null
	sasl.kerberos.kinit.cmd = /usr/bin/kinit
	sasl.kerberos.min.time.before.relogin = 60000
	sasl.kerberos.service.name = null
	sasl.kerberos.ticket.renew.jitter = 0.05
	sasl.kerberos.ticket.renew.window.factor = 0.8
	sasl.login.callback.handler.class = null
	sasl.login.class = null
	sasl.login.connect.timeout.ms = null
	sasl.login.read.timeout.ms = null
	sasl.login.refresh.buffer.seconds = 300
	sasl.login.refresh.min.period.seconds = 60
	sasl.login.refresh.window.factor = 0.8
	sasl.login.refresh.window.jitter = 0.05
	sasl.login.retry.backoff.max.ms = 10000
	sasl.login.retry.backoff.ms = 100
	sasl.mechanism = GSSAPI
	sasl.oauthbearer.clock.skew.seconds = 30
	sasl.oauthbearer.expected.audience = null
	sasl.oauthbearer.expected.issuer = null
	sasl.oauthbearer.header.urlencode = false
	sasl.oauthbearer.jwks.endpoint.refresh.ms = 3600000
	sasl.oauthbearer.jwks.endpoint.retry.backoff.max.ms = 10000
	sasl.oauthbearer.jwks.endpoint.retry.backoff.ms = 100
	sasl.oauthbearer.jwks.endpoint.url = null
	sasl.oauthbearer.scope.claim.name = scope
	sasl.oauthbearer.sub.claim.name = sub
	sasl.oauthbearer.token.endpoint.url = null
	security.protocol = PLAINTEXT
	security.providers = null
	send.buffer.bytes = 131072
	socket.connection.setup.timeout.max.ms = 30000
	socket.connection.setup.timeout.ms = 10000
	ssl.cipher.suites = null
	ssl.enabled.protocols = [TLSv1.2, TLSv1.3]
	ssl.endpoint.identification.algorithm = https
	ssl.engine.factory.class = null
	ssl.key.password = null
	ssl.keymanager.algorithm = SunX509
	ssl.keystore.certificate.chain = null
	ssl.keystore.key = null
	ssl.keystore.location = null
	ssl.keystore.password = null
	ssl.keystore.type = JKS
	ssl.protocol = TLSv1.3
	ssl.provider = null
	ssl.secure.random.implementation = null
	ssl.trustmanager.algorithm = PKIX
	ssl.truststore.certificates = null
	ssl.truststore.location = null
	ssl.truststore.password = null
	ssl.truststore.type = JKS
	transaction.timeout.ms = 60000
	transactional.id = null
	value.serializer = class io.apicurio.registry.serde.avro.AvroKafkaSerializer

2025-08-05 17:03:10,268 INFO  [org.apa.kaf.com.tel.int.KafkaMetricsCollector] (main) initializing Kafka metrics collector
2025-08-05 17:03:10,273 INFO  [org.apa.kaf.cli.pro.KafkaProducer] (main) [Producer clientId=Producer-topic-c2bc339c_0932_4117_b82e_b486de662cbe] Instantiated an idempotent producer.
2025-08-05 17:03:10,278 INFO  [org.apa.kaf.cli.pro.ProducerConfig] (main) These configurations '[apicurio.registry.url, apicurio.registry.artifact-resolver-strategy]' were supplied but are not used yet.
2025-08-05 17:03:10,278 INFO  [org.apa.kaf.com.uti.AppInfoParser] (main) Kafka version: 3.9.1
2025-08-05 17:03:10,278 INFO  [org.apa.kaf.com.uti.AppInfoParser] (main) Kafka commitId: f745dfdcee2b9851
2025-08-05 17:03:10,278 INFO  [org.apa.kaf.com.uti.AppInfoParser] (main) Kafka startTimeMs: 1754413390278
2025-08-05 17:03:10,278 INFO  [org.apa.kaf.cli.Metadata] (kafka-producer-network-thread | Producer-topic-df2aa24b_9142_47c7_a45b_ceba855e1daf) [Producer clientId=Producer-topic-df2aa24b_9142_47c7_a45b_ceba855e1daf] Cluster ID: utE1hb3GTCWLCoAPsWG7_Q
2025-08-05 17:03:10,278 INFO  [org.apa.kaf.cli.pro.int.TransactionManager] (kafka-producer-network-thread | Producer-topic-df2aa24b_9142_47c7_a45b_ceba855e1daf) [Producer clientId=Producer-topic-df2aa24b_9142_47c7_a45b_ceba855e1daf] ProducerId set to 19 with epoch 0
**** Registry Base URL: http://registry-app-inmemory.apps.ci419.apicurio-testing.org:80
2025-08-05 17:03:10,279 INFO  [org.apa.kaf.cli.pro.ProducerConfig] (main) ProducerConfig values: 
	acks = -1
	auto.include.jmx.reporter = true
	batch.size = 16384
	bootstrap.servers = [PLAINTEXT://localhost:32769]
	buffer.memory = 33554432
	client.dns.lookup = use_all_dns_ips
	client.id = Producer-topic-615bad43_c8af_4158_b966_3f54ac0f60c0
	compression.gzip.level = -1
	compression.lz4.level = 9
	compression.type = none
	compression.zstd.level = 3
	connections.max.idle.ms = 10000
	delivery.timeout.ms = 120000
	enable.idempotence = true
	enable.metrics.push = true
	interceptor.classes = []
	key.serializer = class org.apache.kafka.common.serialization.StringSerializer
	linger.ms = 0
	max.block.ms = 60000
	max.in.flight.requests.per.connection = 5
	max.request.size = 1048576
	metadata.max.age.ms = 300000
	metadata.max.idle.ms = 300000
	metadata.recovery.strategy = none
	metric.reporters = []
	metrics.num.samples = 2
	metrics.recording.level = INFO
	metrics.sample.window.ms = 30000
	partitioner.adaptive.partitioning.enable = true
	partitioner.availability.timeout.ms = 0
	partitioner.class = null
	partitioner.ignore.keys = false
	receive.buffer.bytes = 32768
	reconnect.backoff.max.ms = 1000
	reconnect.backoff.ms = 50
	request.timeout.ms = 5000
	retries = 2147483647
	retry.backoff.max.ms = 1000
	retry.backoff.ms = 100
	sasl.client.callback.handler.class = null
	sasl.jaas.config = null
	sasl.kerberos.kinit.cmd = /usr/bin/kinit
	sasl.kerberos.min.time.before.relogin = 60000
	sasl.kerberos.service.name = null
	sasl.kerberos.ticket.renew.jitter = 0.05
	sasl.kerberos.ticket.renew.window.factor = 0.8
	sasl.login.callback.handler.class = null
	sasl.login.class = null
	sasl.login.connect.timeout.ms = null
	sasl.login.read.timeout.ms = null
	sasl.login.refresh.buffer.seconds = 300
	sasl.login.refresh.min.period.seconds = 60
	sasl.login.refresh.window.factor = 0.8
	sasl.login.refresh.window.jitter = 0.05
	sasl.login.retry.backoff.max.ms = 10000
	sasl.login.retry.backoff.ms = 100
	sasl.mechanism = GSSAPI
	sasl.oauthbearer.clock.skew.seconds = 30
	sasl.oauthbearer.expected.audience = null
	sasl.oauthbearer.expected.issuer = null
	sasl.oauthbearer.header.urlencode = false
	sasl.oauthbearer.jwks.endpoint.refresh.ms = 3600000
	sasl.oauthbearer.jwks.endpoint.retry.backoff.max.ms = 10000
	sasl.oauthbearer.jwks.endpoint.retry.backoff.ms = 100
	sasl.oauthbearer.jwks.endpoint.url = null
	sasl.oauthbearer.scope.claim.name = scope
	sasl.oauthbearer.sub.claim.name = sub
	sasl.oauthbearer.token.endpoint.url = null
	security.protocol = PLAINTEXT
	security.providers = null
	send.buffer.bytes = 131072
	socket.connection.setup.timeout.max.ms = 30000
	socket.connection.setup.timeout.ms = 10000
	ssl.cipher.suites = null
	ssl.enabled.protocols = [TLSv1.2, TLSv1.3]
	ssl.endpoint.identification.algorithm = https
	ssl.engine.factory.class = null
	ssl.key.password = null
	ssl.keymanager.algorithm = SunX509
	ssl.keystore.certificate.chain = null
	ssl.keystore.key = null
	ssl.keystore.location = null
	ssl.keystore.password = null
	ssl.keystore.type = JKS
	ssl.protocol = TLSv1.3
	ssl.provider = null
	ssl.secure.random.implementation = null
	ssl.trustmanager.algorithm = PKIX
	ssl.truststore.certificates = null
	ssl.truststore.location = null
	ssl.truststore.password = null
	ssl.truststore.type = JKS
	transaction.timeout.ms = 60000
	transactional.id = null
	value.serializer = class io.apicurio.registry.serde.avro.AvroKafkaSerializer

2025-08-05 17:03:10,279 INFO  [org.apa.kaf.com.tel.int.KafkaMetricsCollector] (main) initializing Kafka metrics collector
2025-08-05 17:03:10,282 INFO  [org.apa.kaf.cli.pro.KafkaProducer] (main) [Producer clientId=Producer-topic-615bad43_c8af_4158_b966_3f54ac0f60c0] Instantiated an idempotent producer.
2025-08-05 17:03:10,283 INFO  [org.apa.kaf.cli.Metadata] (kafka-producer-network-thread | Producer-topic-c2bc339c_0932_4117_b82e_b486de662cbe) [Producer clientId=Producer-topic-c2bc339c_0932_4117_b82e_b486de662cbe] Cluster ID: utE1hb3GTCWLCoAPsWG7_Q
2025-08-05 17:03:10,284 INFO  [org.apa.kaf.cli.pro.int.TransactionManager] (kafka-producer-network-thread | Producer-topic-c2bc339c_0932_4117_b82e_b486de662cbe) [Producer clientId=Producer-topic-c2bc339c_0932_4117_b82e_b486de662cbe] ProducerId set to 20 with epoch 0
2025-08-05 17:03:10,287 INFO  [org.apa.kaf.cli.pro.ProducerConfig] (main) These configurations '[apicurio.registry.url, apicurio.registry.artifact-resolver-strategy]' were supplied but are not used yet.
2025-08-05 17:03:10,287 INFO  [org.apa.kaf.com.uti.AppInfoParser] (main) Kafka version: 3.9.1
2025-08-05 17:03:10,287 INFO  [org.apa.kaf.com.uti.AppInfoParser] (main) Kafka commitId: f745dfdcee2b9851
2025-08-05 17:03:10,287 INFO  [org.apa.kaf.com.uti.AppInfoParser] (main) Kafka startTimeMs: 1754413390287
**** Registry Base URL: http://registry-app-inmemory.apps.ci419.apicurio-testing.org:80
2025-08-05 17:03:10,287 INFO  [org.apa.kaf.cli.con.ConsumerConfig] (main) ConsumerConfig values: 
	allow.auto.create.topics = true
	auto.commit.interval.ms = 500
	auto.include.jmx.reporter = true
	auto.offset.reset = earliest
	bootstrap.servers = [PLAINTEXT://localhost:32769]
	check.crcs = true
	client.dns.lookup = use_all_dns_ips
	client.id = consumer-Consumer-topic-df2aa24b_9142_47c7_a45b_ceba855e1daf-14
	client.rack = 
	connections.max.idle.ms = 10000
	default.api.timeout.ms = 60000
	enable.auto.commit = true
	enable.metrics.push = true
	exclude.internal.topics = true
	fetch.max.bytes = 52428800
	fetch.max.wait.ms = 500
	fetch.min.bytes = 1
	group.id = Consumer-topic-df2aa24b_9142_47c7_a45b_ceba855e1daf
	group.instance.id = null
	group.protocol = classic
	group.remote.assignor = null
	heartbeat.interval.ms = 3000
	interceptor.classes = []
	internal.leave.group.on.close = true
	internal.throw.on.fetch.stable.offset.unsupported = false
	isolation.level = read_uncommitted
	key.deserializer = class org.apache.kafka.common.serialization.StringDeserializer
	max.partition.fetch.bytes = 1048576
	max.poll.interval.ms = 300000
	max.poll.records = 500
	metadata.max.age.ms = 300000
	metadata.recovery.strategy = none
	metric.reporters = []
	metrics.num.samples = 2
	metrics.recording.level = INFO
	metrics.sample.window.ms = 30000
	partition.assignment.strategy = [class org.apache.kafka.clients.consumer.RangeAssignor, class org.apache.kafka.clients.consumer.CooperativeStickyAssignor]
	receive.buffer.bytes = 65536
	reconnect.backoff.max.ms = 1000
	reconnect.backoff.ms = 50
	request.timeout.ms = 5000
	retry.backoff.max.ms = 1000
	retry.backoff.ms = 100
	sasl.client.callback.handler.class = null
	sasl.jaas.config = null
	sasl.kerberos.kinit.cmd = /usr/bin/kinit
	sasl.kerberos.min.time.before.relogin = 60000
	sasl.kerberos.service.name = null
	sasl.kerberos.ticket.renew.jitter = 0.05
	sasl.kerberos.ticket.renew.window.factor = 0.8
	sasl.login.callback.handler.class = null
	sasl.login.class = null
	sasl.login.connect.timeout.ms = null
	sasl.login.read.timeout.ms = null
	sasl.login.refresh.buffer.seconds = 300
	sasl.login.refresh.min.period.seconds = 60
	sasl.login.refresh.window.factor = 0.8
	sasl.login.refresh.window.jitter = 0.05
	sasl.login.retry.backoff.max.ms = 10000
	sasl.login.retry.backoff.ms = 100
	sasl.mechanism = GSSAPI
	sasl.oauthbearer.clock.skew.seconds = 30
	sasl.oauthbearer.expected.audience = null
	sasl.oauthbearer.expected.issuer = null
	sasl.oauthbearer.header.urlencode = false
	sasl.oauthbearer.jwks.endpoint.refresh.ms = 3600000
	sasl.oauthbearer.jwks.endpoint.retry.backoff.max.ms = 10000
	sasl.oauthbearer.jwks.endpoint.retry.backoff.ms = 100
	sasl.oauthbearer.jwks.endpoint.url = null
	sasl.oauthbearer.scope.claim.name = scope
	sasl.oauthbearer.sub.claim.name = sub
	sasl.oauthbearer.token.endpoint.url = null
	security.protocol = PLAINTEXT
	security.providers = null
	send.buffer.bytes = 131072
	session.timeout.ms = 45000
	socket.connection.setup.timeout.max.ms = 30000
	socket.connection.setup.timeout.ms = 10000
	ssl.cipher.suites = null
	ssl.enabled.protocols = [TLSv1.2, TLSv1.3]
	ssl.endpoint.identification.algorithm = https
	ssl.engine.factory.class = null
	ssl.key.password = null
	ssl.keymanager.algorithm = SunX509
	ssl.keystore.certificate.chain = null
	ssl.keystore.key = null
	ssl.keystore.location = null
	ssl.keystore.password = null
	ssl.keystore.type = JKS
	ssl.protocol = TLSv1.3
	ssl.provider = null
	ssl.secure.random.implementation = null
	ssl.trustmanager.algorithm = PKIX
	ssl.truststore.certificates = null
	ssl.truststore.location = null
	ssl.truststore.password = null
	ssl.truststore.type = JKS
	value.deserializer = class io.apicurio.registry.serde.avro.AvroKafkaDeserializer

2025-08-05 17:03:10,288 INFO  [org.apa.kaf.com.tel.int.KafkaMetricsCollector] (main) initializing Kafka metrics collector
2025-08-05 17:03:10,293 INFO  [org.apa.kaf.cli.Metadata] (kafka-producer-network-thread | Producer-topic-615bad43_c8af_4158_b966_3f54ac0f60c0) [Producer clientId=Producer-topic-615bad43_c8af_4158_b966_3f54ac0f60c0] Cluster ID: utE1hb3GTCWLCoAPsWG7_Q
2025-08-05 17:03:10,294 INFO  [org.apa.kaf.cli.pro.int.TransactionManager] (kafka-producer-network-thread | Producer-topic-615bad43_c8af_4158_b966_3f54ac0f60c0) [Producer clientId=Producer-topic-615bad43_c8af_4158_b966_3f54ac0f60c0] ProducerId set to 21 with epoch 0
2025-08-05 17:03:10,297 INFO  [org.apa.kaf.cli.con.ConsumerConfig] (main) These configurations '[apicurio.registry.url]' were supplied but are not used yet.
2025-08-05 17:03:10,297 INFO  [org.apa.kaf.com.uti.AppInfoParser] (main) Kafka version: 3.9.1
2025-08-05 17:03:10,297 INFO  [org.apa.kaf.com.uti.AppInfoParser] (main) Kafka commitId: f745dfdcee2b9851
2025-08-05 17:03:10,297 INFO  [org.apa.kaf.com.uti.AppInfoParser] (main) Kafka startTimeMs: 1754413390297
**** Registry Base URL: http://registry-app-inmemory.apps.ci419.apicurio-testing.org:80
2025-08-05 17:03:10,298 INFO  [org.apa.kaf.cli.con.ConsumerConfig] (main) ConsumerConfig values: 
	allow.auto.create.topics = true
	auto.commit.interval.ms = 500
	auto.include.jmx.reporter = true
	auto.offset.reset = earliest
	bootstrap.servers = [PLAINTEXT://localhost:32769]
	check.crcs = true
	client.dns.lookup = use_all_dns_ips
	client.id = consumer-Consumer-topic-c2bc339c_0932_4117_b82e_b486de662cbe-15
	client.rack = 
	connections.max.idle.ms = 10000
	default.api.timeout.ms = 60000
	enable.auto.commit = true
	enable.metrics.push = true
	exclude.internal.topics = true
	fetch.max.bytes = 52428800
	fetch.max.wait.ms = 500
	fetch.min.bytes = 1
	group.id = Consumer-topic-c2bc339c_0932_4117_b82e_b486de662cbe
	group.instance.id = null
	group.protocol = classic
	group.remote.assignor = null
	heartbeat.interval.ms = 3000
	interceptor.classes = []
	internal.leave.group.on.close = true
	internal.throw.on.fetch.stable.offset.unsupported = false
	isolation.level = read_uncommitted
	key.deserializer = class org.apache.kafka.common.serialization.StringDeserializer
	max.partition.fetch.bytes = 1048576
	max.poll.interval.ms = 300000
	max.poll.records = 500
	metadata.max.age.ms = 300000
	metadata.recovery.strategy = none
	metric.reporters = []
	metrics.num.samples = 2
	metrics.recording.level = INFO
	metrics.sample.window.ms = 30000
	partition.assignment.strategy = [class org.apache.kafka.clients.consumer.RangeAssignor, class org.apache.kafka.clients.consumer.CooperativeStickyAssignor]
	receive.buffer.bytes = 65536
	reconnect.backoff.max.ms = 1000
	reconnect.backoff.ms = 50
	request.timeout.ms = 5000
	retry.backoff.max.ms = 1000
	retry.backoff.ms = 100
	sasl.client.callback.handler.class = null
	sasl.jaas.config = null
	sasl.kerberos.kinit.cmd = /usr/bin/kinit
	sasl.kerberos.min.time.before.relogin = 60000
	sasl.kerberos.service.name = null
	sasl.kerberos.ticket.renew.jitter = 0.05
	sasl.kerberos.ticket.renew.window.factor = 0.8
	sasl.login.callback.handler.class = null
	sasl.login.class = null
	sasl.login.connect.timeout.ms = null
	sasl.login.read.timeout.ms = null
	sasl.login.refresh.buffer.seconds = 300
	sasl.login.refresh.min.period.seconds = 60
	sasl.login.refresh.window.factor = 0.8
	sasl.login.refresh.window.jitter = 0.05
	sasl.login.retry.backoff.max.ms = 10000
	sasl.login.retry.backoff.ms = 100
	sasl.mechanism = GSSAPI
	sasl.oauthbearer.clock.skew.seconds = 30
	sasl.oauthbearer.expected.audience = null
	sasl.oauthbearer.expected.issuer = null
	sasl.oauthbearer.header.urlencode = false
	sasl.oauthbearer.jwks.endpoint.refresh.ms = 3600000
	sasl.oauthbearer.jwks.endpoint.retry.backoff.max.ms = 10000
	sasl.oauthbearer.jwks.endpoint.retry.backoff.ms = 100
	sasl.oauthbearer.jwks.endpoint.url = null
	sasl.oauthbearer.scope.claim.name = scope
	sasl.oauthbearer.sub.claim.name = sub
	sasl.oauthbearer.token.endpoint.url = null
	security.protocol = PLAINTEXT
	security.providers = null
	send.buffer.bytes = 131072
	session.timeout.ms = 45000
	socket.connection.setup.timeout.max.ms = 30000
	socket.connection.setup.timeout.ms = 10000
	ssl.cipher.suites = null
	ssl.enabled.protocols = [TLSv1.2, TLSv1.3]
	ssl.endpoint.identification.algorithm = https
	ssl.engine.factory.class = null
	ssl.key.password = null
	ssl.keymanager.algorithm = SunX509
	ssl.keystore.certificate.chain = null
	ssl.keystore.key = null
	ssl.keystore.location = null
	ssl.keystore.password = null
	ssl.keystore.type = JKS
	ssl.protocol = TLSv1.3
	ssl.provider = null
	ssl.secure.random.implementation = null
	ssl.trustmanager.algorithm = PKIX
	ssl.truststore.certificates = null
	ssl.truststore.location = null
	ssl.truststore.password = null
	ssl.truststore.type = JKS
	value.deserializer = class io.apicurio.registry.serde.avro.AvroKafkaDeserializer

2025-08-05 17:03:10,298 INFO  [org.apa.kaf.com.tel.int.KafkaMetricsCollector] (main) initializing Kafka metrics collector
2025-08-05 17:03:10,303 INFO  [org.apa.kaf.cli.con.ConsumerConfig] (main) These configurations '[apicurio.registry.url]' were supplied but are not used yet.
2025-08-05 17:03:10,303 INFO  [org.apa.kaf.com.uti.AppInfoParser] (main) Kafka version: 3.9.1
2025-08-05 17:03:10,303 INFO  [org.apa.kaf.com.uti.AppInfoParser] (main) Kafka commitId: f745dfdcee2b9851
2025-08-05 17:03:10,303 INFO  [org.apa.kaf.com.uti.AppInfoParser] (main) Kafka startTimeMs: 1754413390303
**** Registry Base URL: http://registry-app-inmemory.apps.ci419.apicurio-testing.org:80
2025-08-05 17:03:10,304 INFO  [org.apa.kaf.cli.con.ConsumerConfig] (main) ConsumerConfig values: 
	allow.auto.create.topics = true
	auto.commit.interval.ms = 500
	auto.include.jmx.reporter = true
	auto.offset.reset = earliest
	bootstrap.servers = [PLAINTEXT://localhost:32769]
	check.crcs = true
	client.dns.lookup = use_all_dns_ips
	client.id = consumer-Consumer-topic-615bad43_c8af_4158_b966_3f54ac0f60c0-16
	client.rack = 
	connections.max.idle.ms = 10000
	default.api.timeout.ms = 60000
	enable.auto.commit = true
	enable.metrics.push = true
	exclude.internal.topics = true
	fetch.max.bytes = 52428800
	fetch.max.wait.ms = 500
	fetch.min.bytes = 1
	group.id = Consumer-topic-615bad43_c8af_4158_b966_3f54ac0f60c0
	group.instance.id = null
	group.protocol = classic
	group.remote.assignor = null
	heartbeat.interval.ms = 3000
	interceptor.classes = []
	internal.leave.group.on.close = true
	internal.throw.on.fetch.stable.offset.unsupported = false
	isolation.level = read_uncommitted
	key.deserializer = class org.apache.kafka.common.serialization.StringDeserializer
	max.partition.fetch.bytes = 1048576
	max.poll.interval.ms = 300000
	max.poll.records = 500
	metadata.max.age.ms = 300000
	metadata.recovery.strategy = none
	metric.reporters = []
	metrics.num.samples = 2
	metrics.recording.level = INFO
	metrics.sample.window.ms = 30000
	partition.assignment.strategy = [class org.apache.kafka.clients.consumer.RangeAssignor, class org.apache.kafka.clients.consumer.CooperativeStickyAssignor]
	receive.buffer.bytes = 65536
	reconnect.backoff.max.ms = 1000
	reconnect.backoff.ms = 50
	request.timeout.ms = 5000
	retry.backoff.max.ms = 1000
	retry.backoff.ms = 100
	sasl.client.callback.handler.class = null
	sasl.jaas.config = null
	sasl.kerberos.kinit.cmd = /usr/bin/kinit
	sasl.kerberos.min.time.before.relogin = 60000
	sasl.kerberos.service.name = null
	sasl.kerberos.ticket.renew.jitter = 0.05
	sasl.kerberos.ticket.renew.window.factor = 0.8
	sasl.login.callback.handler.class = null
	sasl.login.class = null
	sasl.login.connect.timeout.ms = null
	sasl.login.read.timeout.ms = null
	sasl.login.refresh.buffer.seconds = 300
	sasl.login.refresh.min.period.seconds = 60
	sasl.login.refresh.window.factor = 0.8
	sasl.login.refresh.window.jitter = 0.05
	sasl.login.retry.backoff.max.ms = 10000
	sasl.login.retry.backoff.ms = 100
	sasl.mechanism = GSSAPI
	sasl.oauthbearer.clock.skew.seconds = 30
	sasl.oauthbearer.expected.audience = null
	sasl.oauthbearer.expected.issuer = null
	sasl.oauthbearer.header.urlencode = false
	sasl.oauthbearer.jwks.endpoint.refresh.ms = 3600000
	sasl.oauthbearer.jwks.endpoint.retry.backoff.max.ms = 10000
	sasl.oauthbearer.jwks.endpoint.retry.backoff.ms = 100
	sasl.oauthbearer.jwks.endpoint.url = null
	sasl.oauthbearer.scope.claim.name = scope
	sasl.oauthbearer.sub.claim.name = sub
	sasl.oauthbearer.token.endpoint.url = null
	security.protocol = PLAINTEXT
	security.providers = null
	send.buffer.bytes = 131072
	session.timeout.ms = 45000
	socket.connection.setup.timeout.max.ms = 30000
	socket.connection.setup.timeout.ms = 10000
	ssl.cipher.suites = null
	ssl.enabled.protocols = [TLSv1.2, TLSv1.3]
	ssl.endpoint.identification.algorithm = https
	ssl.engine.factory.class = null
	ssl.key.password = null
	ssl.keymanager.algorithm = SunX509
	ssl.keystore.certificate.chain = null
	ssl.keystore.key = null
	ssl.keystore.location = null
	ssl.keystore.password = null
	ssl.keystore.type = JKS
	ssl.protocol = TLSv1.3
	ssl.provider = null
	ssl.secure.random.implementation = null
	ssl.trustmanager.algorithm = PKIX
	ssl.truststore.certificates = null
	ssl.truststore.location = null
	ssl.truststore.password = null
	ssl.truststore.type = JKS
	value.deserializer = class io.apicurio.registry.serde.avro.AvroKafkaDeserializer

2025-08-05 17:03:10,304 INFO  [org.apa.kaf.com.tel.int.KafkaMetricsCollector] (main) initializing Kafka metrics collector
2025-08-05 17:03:10,309 INFO  [org.apa.kaf.cli.con.ConsumerConfig] (main) These configurations '[apicurio.registry.url]' were supplied but are not used yet.
2025-08-05 17:03:10,309 INFO  [org.apa.kaf.com.uti.AppInfoParser] (main) Kafka version: 3.9.1
2025-08-05 17:03:10,309 INFO  [org.apa.kaf.com.uti.AppInfoParser] (main) Kafka commitId: f745dfdcee2b9851
2025-08-05 17:03:10,309 INFO  [org.apa.kaf.com.uti.AppInfoParser] (main) Kafka startTimeMs: 1754413390309
2025-08-05 17:03:10,325 INFO  [io.api.tes.ser.api.KafkaSerdesTester] (Thread-713) Sending message {"key11754413389226": "value-0"} to topic topic-df2aa24b_9142_47c7_a45b_ceba855e1daf
2025-08-05 17:03:10,330 INFO  [DefaultSchemaResolver] (Thread-713) Retrieving schema content using string: {"type":"record","name":"myrecordconfluent","fields":[{"name":"key11754413389226","type":"string"}]}
2025-08-05 17:03:10,358 INFO  [io.api.tes.ser.api.KafkaSerdesTester] (Thread-713) Sending message {"key11754413389226": "value-1"} to topic topic-df2aa24b_9142_47c7_a45b_ceba855e1daf
2025-08-05 17:03:10,360 INFO  [io.api.tes.ser.api.KafkaSerdesTester] (Thread-713) Sending message {"key11754413389226": "value-2"} to topic topic-df2aa24b_9142_47c7_a45b_ceba855e1daf
2025-08-05 17:03:10,362 INFO  [io.api.tes.ser.api.KafkaSerdesTester] (Thread-713) Sending message {"key11754413389226": "value-3"} to topic topic-df2aa24b_9142_47c7_a45b_ceba855e1daf
2025-08-05 17:03:10,363 INFO  [io.api.tes.ser.api.KafkaSerdesTester] (Thread-713) Sending message {"key11754413389226": "value-4"} to topic topic-df2aa24b_9142_47c7_a45b_ceba855e1daf
2025-08-05 17:03:10,364 INFO  [io.api.tes.ser.api.KafkaSerdesTester] (Thread-713) Sending message {"key11754413389226": "value-5"} to topic topic-df2aa24b_9142_47c7_a45b_ceba855e1daf
2025-08-05 17:03:10,366 INFO  [io.api.tes.ser.api.KafkaSerdesTester] (Thread-713) Sending message {"key11754413389226": "value-6"} to topic topic-df2aa24b_9142_47c7_a45b_ceba855e1daf
2025-08-05 17:03:10,367 INFO  [io.api.tes.ser.api.KafkaSerdesTester] (Thread-713) Sending message {"key11754413389226": "value-7"} to topic topic-df2aa24b_9142_47c7_a45b_ceba855e1daf
2025-08-05 17:03:10,368 INFO  [io.api.tes.ser.api.KafkaSerdesTester] (Thread-713) Sending message {"key11754413389226": "value-8"} to topic topic-df2aa24b_9142_47c7_a45b_ceba855e1daf
2025-08-05 17:03:10,369 INFO  [io.api.tes.ser.api.KafkaSerdesTester] (Thread-713) Sending message {"key11754413389226": "value-9"} to topic topic-df2aa24b_9142_47c7_a45b_ceba855e1daf
2025-08-05 17:03:10,370 INFO  [io.api.tes.ser.api.KafkaSerdesTester] (Thread-713) Produced 10 messages
2025-08-05 17:03:10,370 INFO  [org.apa.kaf.cli.pro.KafkaProducer] (Thread-713) [Producer clientId=Producer-topic-df2aa24b_9142_47c7_a45b_ceba855e1daf] Closing the Kafka producer with timeoutMillis = 9223372036854775807 ms.
2025-08-05 17:03:10,373 INFO  [org.apa.kaf.com.met.Metrics] (Thread-713) Metrics scheduler closed
2025-08-05 17:03:10,373 INFO  [org.apa.kaf.com.met.Metrics] (Thread-713) Closing reporter org.apache.kafka.common.metrics.JmxReporter
2025-08-05 17:03:10,373 INFO  [org.apa.kaf.com.met.Metrics] (Thread-713) Closing reporter org.apache.kafka.common.telemetry.internals.ClientTelemetryReporter
2025-08-05 17:03:10,373 INFO  [org.apa.kaf.com.met.Metrics] (Thread-713) Metrics reporters closed
2025-08-05 17:03:10,373 INFO  [org.apa.kaf.com.uti.AppInfoParser] (Thread-713) App info kafka.producer for Producer-topic-df2aa24b_9142_47c7_a45b_ceba855e1daf unregistered
2025-08-05 17:03:10,375 INFO  [io.api.tes.ser.api.KafkaSerdesTester] (Thread-714) Sending message {"key11754413389226": "value-0"} to topic topic-c2bc339c_0932_4117_b82e_b486de662cbe
2025-08-05 17:03:10,380 INFO  [DefaultSchemaResolver] (Thread-714) Retrieving schema content using string: {"type":"record","name":"myrecordconfluent","fields":[{"name":"key11754413389226","type":"string"}]}
2025-08-05 17:03:10,414 INFO  [io.api.tes.ser.api.KafkaSerdesTester] (Thread-714) Sending message {"key11754413389226": "value-1"} to topic topic-c2bc339c_0932_4117_b82e_b486de662cbe
2025-08-05 17:03:10,420 INFO  [io.api.tes.ser.api.KafkaSerdesTester] (Thread-714) Sending message {"key11754413389226": "value-2"} to topic topic-c2bc339c_0932_4117_b82e_b486de662cbe
2025-08-05 17:03:10,423 INFO  [io.api.tes.ser.api.KafkaSerdesTester] (Thread-714) Sending message {"key11754413389226": "value-3"} to topic topic-c2bc339c_0932_4117_b82e_b486de662cbe
2025-08-05 17:03:10,427 INFO  [io.api.tes.ser.api.KafkaSerdesTester] (Thread-714) Sending message {"key11754413389226": "value-4"} to topic topic-c2bc339c_0932_4117_b82e_b486de662cbe
2025-08-05 17:03:10,430 INFO  [io.api.tes.ser.api.KafkaSerdesTester] (Thread-714) Sending message {"key11754413389226": "value-5"} to topic topic-c2bc339c_0932_4117_b82e_b486de662cbe
2025-08-05 17:03:10,436 INFO  [io.api.tes.ser.api.KafkaSerdesTester] (Thread-714) Sending message {"key11754413389226": "value-6"} to topic topic-c2bc339c_0932_4117_b82e_b486de662cbe
2025-08-05 17:03:10,442 INFO  [io.api.tes.ser.api.KafkaSerdesTester] (Thread-714) Sending message {"key11754413389226": "value-7"} to topic topic-c2bc339c_0932_4117_b82e_b486de662cbe
2025-08-05 17:03:10,444 INFO  [io.api.tes.ser.api.KafkaSerdesTester] (Thread-714) Sending message {"key11754413389226": "value-8"} to topic topic-c2bc339c_0932_4117_b82e_b486de662cbe
2025-08-05 17:03:10,449 INFO  [io.api.tes.ser.api.KafkaSerdesTester] (Thread-714) Sending message {"key11754413389226": "value-9"} to topic topic-c2bc339c_0932_4117_b82e_b486de662cbe
2025-08-05 17:03:10,450 INFO  [io.api.tes.ser.api.KafkaSerdesTester] (Thread-714) Produced 10 messages
2025-08-05 17:03:10,450 INFO  [org.apa.kaf.cli.pro.KafkaProducer] (Thread-714) [Producer clientId=Producer-topic-c2bc339c_0932_4117_b82e_b486de662cbe] Closing the Kafka producer with timeoutMillis = 9223372036854775807 ms.
2025-08-05 17:03:10,455 INFO  [org.apa.kaf.com.met.Metrics] (Thread-714) Metrics scheduler closed
2025-08-05 17:03:10,455 INFO  [org.apa.kaf.com.met.Metrics] (Thread-714) Closing reporter org.apache.kafka.common.metrics.JmxReporter
2025-08-05 17:03:10,455 INFO  [org.apa.kaf.com.met.Metrics] (Thread-714) Closing reporter org.apache.kafka.common.telemetry.internals.ClientTelemetryReporter
2025-08-05 17:03:10,455 INFO  [org.apa.kaf.com.met.Metrics] (Thread-714) Metrics reporters closed
2025-08-05 17:03:10,455 INFO  [org.apa.kaf.com.uti.AppInfoParser] (Thread-714) App info kafka.producer for Producer-topic-c2bc339c_0932_4117_b82e_b486de662cbe unregistered
2025-08-05 17:03:10,459 INFO  [io.api.tes.ser.api.KafkaSerdesTester] (Thread-715) Sending message {"key11754413389226": "value-0"} to topic topic-615bad43_c8af_4158_b966_3f54ac0f60c0
2025-08-05 17:03:10,466 INFO  [DefaultSchemaResolver] (Thread-715) Retrieving schema content using string: {"type":"record","name":"myrecordconfluent","fields":[{"name":"key11754413389226","type":"string"}]}
2025-08-05 17:03:10,494 INFO  [io.api.tes.ser.api.KafkaSerdesTester] (Thread-715) Sending message {"key11754413389226": "value-1"} to topic topic-615bad43_c8af_4158_b966_3f54ac0f60c0
2025-08-05 17:03:10,496 INFO  [io.api.tes.ser.api.KafkaSerdesTester] (Thread-715) Sending message {"key11754413389226": "value-2"} to topic topic-615bad43_c8af_4158_b966_3f54ac0f60c0
2025-08-05 17:03:10,499 INFO  [io.api.tes.ser.api.KafkaSerdesTester] (Thread-715) Sending message {"key11754413389226": "value-3"} to topic topic-615bad43_c8af_4158_b966_3f54ac0f60c0
2025-08-05 17:03:10,501 INFO  [io.api.tes.ser.api.KafkaSerdesTester] (Thread-715) Sending message {"key11754413389226": "value-4"} to topic topic-615bad43_c8af_4158_b966_3f54ac0f60c0
2025-08-05 17:03:10,503 INFO  [io.api.tes.ser.api.KafkaSerdesTester] (Thread-715) Sending message {"key11754413389226": "value-5"} to topic topic-615bad43_c8af_4158_b966_3f54ac0f60c0
2025-08-05 17:03:10,507 INFO  [io.api.tes.ser.api.KafkaSerdesTester] (Thread-715) Sending message {"key11754413389226": "value-6"} to topic topic-615bad43_c8af_4158_b966_3f54ac0f60c0
2025-08-05 17:03:10,509 INFO  [io.api.tes.ser.api.KafkaSerdesTester] (Thread-715) Sending message {"key11754413389226": "value-7"} to topic topic-615bad43_c8af_4158_b966_3f54ac0f60c0
2025-08-05 17:03:10,513 INFO  [io.api.tes.ser.api.KafkaSerdesTester] (Thread-715) Sending message {"key11754413389226": "value-8"} to topic topic-615bad43_c8af_4158_b966_3f54ac0f60c0
2025-08-05 17:03:10,514 INFO  [io.api.tes.ser.api.KafkaSerdesTester] (Thread-715) Sending message {"key11754413389226": "value-9"} to topic topic-615bad43_c8af_4158_b966_3f54ac0f60c0
2025-08-05 17:03:10,516 INFO  [io.api.tes.ser.api.KafkaSerdesTester] (Thread-715) Produced 10 messages
2025-08-05 17:03:10,517 INFO  [org.apa.kaf.cli.pro.KafkaProducer] (Thread-715) [Producer clientId=Producer-topic-615bad43_c8af_4158_b966_3f54ac0f60c0] Closing the Kafka producer with timeoutMillis = 9223372036854775807 ms.
2025-08-05 17:03:10,520 INFO  [org.apa.kaf.com.met.Metrics] (Thread-715) Metrics scheduler closed
2025-08-05 17:03:10,521 INFO  [org.apa.kaf.com.met.Metrics] (Thread-715) Closing reporter org.apache.kafka.common.metrics.JmxReporter
2025-08-05 17:03:10,521 INFO  [org.apa.kaf.com.met.Metrics] (Thread-715) Closing reporter org.apache.kafka.common.telemetry.internals.ClientTelemetryReporter
2025-08-05 17:03:10,521 INFO  [org.apa.kaf.com.met.Metrics] (Thread-715) Metrics reporters closed
2025-08-05 17:03:10,521 INFO  [org.apa.kaf.com.uti.AppInfoParser] (Thread-715) App info kafka.producer for Producer-topic-615bad43_c8af_4158_b966_3f54ac0f60c0 unregistered
2025-08-05 17:03:10,523 INFO  [org.apa.kaf.cli.con.int.ClassicKafkaConsumer] (Thread-716) [Consumer clientId=consumer-Consumer-topic-df2aa24b_9142_47c7_a45b_ceba855e1daf-14, groupId=Consumer-topic-df2aa24b_9142_47c7_a45b_ceba855e1daf] Subscribed to topic(s): topic-df2aa24b_9142_47c7_a45b_ceba855e1daf
2025-08-05 17:03:10,529 INFO  [org.apa.kaf.cli.Metadata] (Thread-716) [Consumer clientId=consumer-Consumer-topic-df2aa24b_9142_47c7_a45b_ceba855e1daf-14, groupId=Consumer-topic-df2aa24b_9142_47c7_a45b_ceba855e1daf] Cluster ID: utE1hb3GTCWLCoAPsWG7_Q
2025-08-05 17:03:10,529 INFO  [org.apa.kaf.cli.con.int.ConsumerCoordinator] (Thread-716) [Consumer clientId=consumer-Consumer-topic-df2aa24b_9142_47c7_a45b_ceba855e1daf-14, groupId=Consumer-topic-df2aa24b_9142_47c7_a45b_ceba855e1daf] Discovered group coordinator localhost:32769 (id: 2147483647 rack: null)
2025-08-05 17:03:10,531 INFO  [org.apa.kaf.cli.con.int.ConsumerCoordinator] (Thread-716) [Consumer clientId=consumer-Consumer-topic-df2aa24b_9142_47c7_a45b_ceba855e1daf-14, groupId=Consumer-topic-df2aa24b_9142_47c7_a45b_ceba855e1daf] (Re-)joining group
2025-08-05 17:03:10,533 INFO  [org.apa.kaf.cli.con.int.ConsumerCoordinator] (Thread-716) [Consumer clientId=consumer-Consumer-topic-df2aa24b_9142_47c7_a45b_ceba855e1daf-14, groupId=Consumer-topic-df2aa24b_9142_47c7_a45b_ceba855e1daf] Request joining group due to: need to re-join with the given member-id: consumer-Consumer-topic-df2aa24b_9142_47c7_a45b_ceba855e1daf-14-962f581d-2218-4735-ad42-f32208c721fd
2025-08-05 17:03:10,533 INFO  [org.apa.kaf.cli.con.int.ConsumerCoordinator] (Thread-716) [Consumer clientId=consumer-Consumer-topic-df2aa24b_9142_47c7_a45b_ceba855e1daf-14, groupId=Consumer-topic-df2aa24b_9142_47c7_a45b_ceba855e1daf] (Re-)joining group
2025-08-05 17:03:11,523 INFO  [io.api.tes.ser.api.KafkaSerdesTester] (Thread-716) None found
2025-08-05 17:03:12,523 INFO  [io.api.tes.ser.api.KafkaSerdesTester] (Thread-716) None found
2025-08-05 17:03:13,523 INFO  [io.api.tes.ser.api.KafkaSerdesTester] (Thread-716) None found
2025-08-05 17:03:13,535 INFO  [org.apa.kaf.cli.con.int.ConsumerCoordinator] (Thread-716) [Consumer clientId=consumer-Consumer-topic-df2aa24b_9142_47c7_a45b_ceba855e1daf-14, groupId=Consumer-topic-df2aa24b_9142_47c7_a45b_ceba855e1daf] Successfully joined group with generation Generation{generationId=1, memberId='consumer-Consumer-topic-df2aa24b_9142_47c7_a45b_ceba855e1daf-14-962f581d-2218-4735-ad42-f32208c721fd', protocol='range'}
2025-08-05 17:03:13,535 INFO  [org.apa.kaf.cli.con.int.ConsumerCoordinator] (Thread-716) [Consumer clientId=consumer-Consumer-topic-df2aa24b_9142_47c7_a45b_ceba855e1daf-14, groupId=Consumer-topic-df2aa24b_9142_47c7_a45b_ceba855e1daf] Finished assignment for group at generation 1: {consumer-Consumer-topic-df2aa24b_9142_47c7_a45b_ceba855e1daf-14-962f581d-2218-4735-ad42-f32208c721fd=Assignment(partitions=[topic-df2aa24b_9142_47c7_a45b_ceba855e1daf-0])}
2025-08-05 17:03:13,542 INFO  [org.apa.kaf.cli.con.int.ConsumerCoordinator] (Thread-716) [Consumer clientId=consumer-Consumer-topic-df2aa24b_9142_47c7_a45b_ceba855e1daf-14, groupId=Consumer-topic-df2aa24b_9142_47c7_a45b_ceba855e1daf] Successfully synced group in generation Generation{generationId=1, memberId='consumer-Consumer-topic-df2aa24b_9142_47c7_a45b_ceba855e1daf-14-962f581d-2218-4735-ad42-f32208c721fd', protocol='range'}
2025-08-05 17:03:13,542 INFO  [org.apa.kaf.cli.con.int.ConsumerCoordinator] (Thread-716) [Consumer clientId=consumer-Consumer-topic-df2aa24b_9142_47c7_a45b_ceba855e1daf-14, groupId=Consumer-topic-df2aa24b_9142_47c7_a45b_ceba855e1daf] Notifying assignor about the new Assignment(partitions=[topic-df2aa24b_9142_47c7_a45b_ceba855e1daf-0])
2025-08-05 17:03:13,542 INFO  [org.apa.kaf.cli.con.int.ConsumerRebalanceListenerInvoker] (Thread-716) [Consumer clientId=consumer-Consumer-topic-df2aa24b_9142_47c7_a45b_ceba855e1daf-14, groupId=Consumer-topic-df2aa24b_9142_47c7_a45b_ceba855e1daf] Adding newly assigned partitions: topic-df2aa24b_9142_47c7_a45b_ceba855e1daf-0
2025-08-05 17:03:13,543 INFO  [org.apa.kaf.cli.con.int.ConsumerCoordinator] (Thread-716) [Consumer clientId=consumer-Consumer-topic-df2aa24b_9142_47c7_a45b_ceba855e1daf-14, groupId=Consumer-topic-df2aa24b_9142_47c7_a45b_ceba855e1daf] Found no committed offset for partition topic-df2aa24b_9142_47c7_a45b_ceba855e1daf-0
2025-08-05 17:03:13,547 INFO  [org.apa.kaf.cli.con.int.SubscriptionState] (Thread-716) [Consumer clientId=consumer-Consumer-topic-df2aa24b_9142_47c7_a45b_ceba855e1daf-14, groupId=Consumer-topic-df2aa24b_9142_47c7_a45b_ceba855e1daf] Resetting offset for partition topic-df2aa24b_9142_47c7_a45b_ceba855e1daf-0 to position FetchPosition{offset=0, offsetEpoch=Optional.empty, currentLeader=LeaderAndEpoch{leader=Optional[localhost:32769 (id: 0 rack: null)], epoch=0}}.
2025-08-05 17:03:13,583 INFO  [io.api.tes.ser.api.KafkaSerdesTester] (Thread-716) topic-df2aa24b_9142_47c7_a45b_ceba855e1daf 0 0 {"key11754413389226": "value-0"}
2025-08-05 17:03:13,583 INFO  [io.api.tes.ser.api.KafkaSerdesTester] (Thread-716) topic-df2aa24b_9142_47c7_a45b_ceba855e1daf 0 1 {"key11754413389226": "value-1"}
2025-08-05 17:03:13,583 INFO  [io.api.tes.ser.api.KafkaSerdesTester] (Thread-716) topic-df2aa24b_9142_47c7_a45b_ceba855e1daf 0 2 {"key11754413389226": "value-2"}
2025-08-05 17:03:13,583 INFO  [io.api.tes.ser.api.KafkaSerdesTester] (Thread-716) topic-df2aa24b_9142_47c7_a45b_ceba855e1daf 0 3 {"key11754413389226": "value-3"}
2025-08-05 17:03:13,583 INFO  [io.api.tes.ser.api.KafkaSerdesTester] (Thread-716) topic-df2aa24b_9142_47c7_a45b_ceba855e1daf 0 4 {"key11754413389226": "value-4"}
2025-08-05 17:03:13,583 INFO  [io.api.tes.ser.api.KafkaSerdesTester] (Thread-716) topic-df2aa24b_9142_47c7_a45b_ceba855e1daf 0 5 {"key11754413389226": "value-5"}
2025-08-05 17:03:13,583 INFO  [io.api.tes.ser.api.KafkaSerdesTester] (Thread-716) topic-df2aa24b_9142_47c7_a45b_ceba855e1daf 0 6 {"key11754413389226": "value-6"}
2025-08-05 17:03:13,583 INFO  [io.api.tes.ser.api.KafkaSerdesTester] (Thread-716) topic-df2aa24b_9142_47c7_a45b_ceba855e1daf 0 7 {"key11754413389226": "value-7"}
2025-08-05 17:03:13,583 INFO  [io.api.tes.ser.api.KafkaSerdesTester] (Thread-716) topic-df2aa24b_9142_47c7_a45b_ceba855e1daf 0 8 {"key11754413389226": "value-8"}
2025-08-05 17:03:13,583 INFO  [io.api.tes.ser.api.KafkaSerdesTester] (Thread-716) topic-df2aa24b_9142_47c7_a45b_ceba855e1daf 0 9 {"key11754413389226": "value-9"}
2025-08-05 17:03:13,584 INFO  [io.api.tes.ser.api.KafkaSerdesTester] (Thread-716) Consumed 10 messages
2025-08-05 17:03:13,594 INFO  [org.apa.kaf.cli.con.int.ConsumerRebalanceListenerInvoker] (Thread-716) [Consumer clientId=consumer-Consumer-topic-df2aa24b_9142_47c7_a45b_ceba855e1daf-14, groupId=Consumer-topic-df2aa24b_9142_47c7_a45b_ceba855e1daf] Revoke previously assigned partitions topic-df2aa24b_9142_47c7_a45b_ceba855e1daf-0
2025-08-05 17:03:13,594 INFO  [org.apa.kaf.cli.con.int.ConsumerCoordinator] (Thread-716) [Consumer clientId=consumer-Consumer-topic-df2aa24b_9142_47c7_a45b_ceba855e1daf-14, groupId=Consumer-topic-df2aa24b_9142_47c7_a45b_ceba855e1daf] Member consumer-Consumer-topic-df2aa24b_9142_47c7_a45b_ceba855e1daf-14-962f581d-2218-4735-ad42-f32208c721fd sending LeaveGroup request to coordinator localhost:32769 (id: 2147483647 rack: null) due to the consumer is being closed
2025-08-05 17:03:13,595 INFO  [org.apa.kaf.cli.con.int.ConsumerCoordinator] (Thread-716) [Consumer clientId=consumer-Consumer-topic-df2aa24b_9142_47c7_a45b_ceba855e1daf-14, groupId=Consumer-topic-df2aa24b_9142_47c7_a45b_ceba855e1daf] Resetting generation and member id due to: consumer pro-actively leaving the group
2025-08-05 17:03:13,595 INFO  [org.apa.kaf.cli.con.int.ConsumerCoordinator] (Thread-716) [Consumer clientId=consumer-Consumer-topic-df2aa24b_9142_47c7_a45b_ceba855e1daf-14, groupId=Consumer-topic-df2aa24b_9142_47c7_a45b_ceba855e1daf] Request joining group due to: consumer pro-actively leaving the group
2025-08-05 17:03:14,087 INFO  [org.apa.kaf.com.met.Metrics] (Thread-716) Metrics scheduler closed
2025-08-05 17:03:14,087 INFO  [org.apa.kaf.com.met.Metrics] (Thread-716) Closing reporter org.apache.kafka.common.metrics.JmxReporter
2025-08-05 17:03:14,087 INFO  [org.apa.kaf.com.met.Metrics] (Thread-716) Closing reporter org.apache.kafka.common.telemetry.internals.ClientTelemetryReporter
2025-08-05 17:03:14,087 INFO  [org.apa.kaf.com.met.Metrics] (Thread-716) Metrics reporters closed
2025-08-05 17:03:14,090 INFO  [org.apa.kaf.com.uti.AppInfoParser] (Thread-716) App info kafka.consumer for consumer-Consumer-topic-df2aa24b_9142_47c7_a45b_ceba855e1daf-14 unregistered
2025-08-05 17:03:14,091 INFO  [org.apa.kaf.cli.con.int.ClassicKafkaConsumer] (Thread-717) [Consumer clientId=consumer-Consumer-topic-c2bc339c_0932_4117_b82e_b486de662cbe-15, groupId=Consumer-topic-c2bc339c_0932_4117_b82e_b486de662cbe] Subscribed to topic(s): topic-c2bc339c_0932_4117_b82e_b486de662cbe
2025-08-05 17:03:14,096 INFO  [org.apa.kaf.cli.Metadata] (Thread-717) [Consumer clientId=consumer-Consumer-topic-c2bc339c_0932_4117_b82e_b486de662cbe-15, groupId=Consumer-topic-c2bc339c_0932_4117_b82e_b486de662cbe] Cluster ID: utE1hb3GTCWLCoAPsWG7_Q
2025-08-05 17:03:14,097 INFO  [org.apa.kaf.cli.con.int.ConsumerCoordinator] (Thread-717) [Consumer clientId=consumer-Consumer-topic-c2bc339c_0932_4117_b82e_b486de662cbe-15, groupId=Consumer-topic-c2bc339c_0932_4117_b82e_b486de662cbe] Discovered group coordinator localhost:32769 (id: 2147483647 rack: null)
2025-08-05 17:03:14,098 INFO  [org.apa.kaf.cli.con.int.ConsumerCoordinator] (Thread-717) [Consumer clientId=consumer-Consumer-topic-c2bc339c_0932_4117_b82e_b486de662cbe-15, groupId=Consumer-topic-c2bc339c_0932_4117_b82e_b486de662cbe] (Re-)joining group
2025-08-05 17:03:14,100 INFO  [org.apa.kaf.cli.con.int.ConsumerCoordinator] (Thread-717) [Consumer clientId=consumer-Consumer-topic-c2bc339c_0932_4117_b82e_b486de662cbe-15, groupId=Consumer-topic-c2bc339c_0932_4117_b82e_b486de662cbe] Request joining group due to: need to re-join with the given member-id: consumer-Consumer-topic-c2bc339c_0932_4117_b82e_b486de662cbe-15-f2387b4a-4804-43ae-ad5c-27383191bb27
2025-08-05 17:03:14,100 INFO  [org.apa.kaf.cli.con.int.ConsumerCoordinator] (Thread-717) [Consumer clientId=consumer-Consumer-topic-c2bc339c_0932_4117_b82e_b486de662cbe-15, groupId=Consumer-topic-c2bc339c_0932_4117_b82e_b486de662cbe] (Re-)joining group
2025-08-05 17:03:15,091 INFO  [io.api.tes.ser.api.KafkaSerdesTester] (Thread-717) None found
2025-08-05 17:03:16,091 INFO  [io.api.tes.ser.api.KafkaSerdesTester] (Thread-717) None found
2025-08-05 17:03:17,092 INFO  [io.api.tes.ser.api.KafkaSerdesTester] (Thread-717) None found
2025-08-05 17:03:17,101 INFO  [org.apa.kaf.cli.con.int.ConsumerCoordinator] (Thread-717) [Consumer clientId=consumer-Consumer-topic-c2bc339c_0932_4117_b82e_b486de662cbe-15, groupId=Consumer-topic-c2bc339c_0932_4117_b82e_b486de662cbe] Successfully joined group with generation Generation{generationId=1, memberId='consumer-Consumer-topic-c2bc339c_0932_4117_b82e_b486de662cbe-15-f2387b4a-4804-43ae-ad5c-27383191bb27', protocol='range'}
2025-08-05 17:03:17,101 INFO  [org.apa.kaf.cli.con.int.ConsumerCoordinator] (Thread-717) [Consumer clientId=consumer-Consumer-topic-c2bc339c_0932_4117_b82e_b486de662cbe-15, groupId=Consumer-topic-c2bc339c_0932_4117_b82e_b486de662cbe] Finished assignment for group at generation 1: {consumer-Consumer-topic-c2bc339c_0932_4117_b82e_b486de662cbe-15-f2387b4a-4804-43ae-ad5c-27383191bb27=Assignment(partitions=[topic-c2bc339c_0932_4117_b82e_b486de662cbe-0])}
2025-08-05 17:03:17,107 INFO  [org.apa.kaf.cli.con.int.ConsumerCoordinator] (Thread-717) [Consumer clientId=consumer-Consumer-topic-c2bc339c_0932_4117_b82e_b486de662cbe-15, groupId=Consumer-topic-c2bc339c_0932_4117_b82e_b486de662cbe] Successfully synced group in generation Generation{generationId=1, memberId='consumer-Consumer-topic-c2bc339c_0932_4117_b82e_b486de662cbe-15-f2387b4a-4804-43ae-ad5c-27383191bb27', protocol='range'}
2025-08-05 17:03:17,108 INFO  [org.apa.kaf.cli.con.int.ConsumerCoordinator] (Thread-717) [Consumer clientId=consumer-Consumer-topic-c2bc339c_0932_4117_b82e_b486de662cbe-15, groupId=Consumer-topic-c2bc339c_0932_4117_b82e_b486de662cbe] Notifying assignor about the new Assignment(partitions=[topic-c2bc339c_0932_4117_b82e_b486de662cbe-0])
2025-08-05 17:03:17,108 INFO  [org.apa.kaf.cli.con.int.ConsumerRebalanceListenerInvoker] (Thread-717) [Consumer clientId=consumer-Consumer-topic-c2bc339c_0932_4117_b82e_b486de662cbe-15, groupId=Consumer-topic-c2bc339c_0932_4117_b82e_b486de662cbe] Adding newly assigned partitions: topic-c2bc339c_0932_4117_b82e_b486de662cbe-0
2025-08-05 17:03:17,109 INFO  [org.apa.kaf.cli.con.int.ConsumerCoordinator] (Thread-717) [Consumer clientId=consumer-Consumer-topic-c2bc339c_0932_4117_b82e_b486de662cbe-15, groupId=Consumer-topic-c2bc339c_0932_4117_b82e_b486de662cbe] Found no committed offset for partition topic-c2bc339c_0932_4117_b82e_b486de662cbe-0
2025-08-05 17:03:17,111 INFO  [org.apa.kaf.cli.con.int.SubscriptionState] (Thread-717) [Consumer clientId=consumer-Consumer-topic-c2bc339c_0932_4117_b82e_b486de662cbe-15, groupId=Consumer-topic-c2bc339c_0932_4117_b82e_b486de662cbe] Resetting offset for partition topic-c2bc339c_0932_4117_b82e_b486de662cbe-0 to position FetchPosition{offset=0, offsetEpoch=Optional.empty, currentLeader=LeaderAndEpoch{leader=Optional[localhost:32769 (id: 0 rack: null)], epoch=0}}.
2025-08-05 17:03:17,148 INFO  [io.api.tes.ser.api.KafkaSerdesTester] (Thread-717) topic-c2bc339c_0932_4117_b82e_b486de662cbe 0 0 {"key11754413389226": "value-0"}
2025-08-05 17:03:17,148 INFO  [io.api.tes.ser.api.KafkaSerdesTester] (Thread-717) topic-c2bc339c_0932_4117_b82e_b486de662cbe 0 1 {"key11754413389226": "value-1"}
2025-08-05 17:03:17,148 INFO  [io.api.tes.ser.api.KafkaSerdesTester] (Thread-717) topic-c2bc339c_0932_4117_b82e_b486de662cbe 0 2 {"key11754413389226": "value-2"}
2025-08-05 17:03:17,148 INFO  [io.api.tes.ser.api.KafkaSerdesTester] (Thread-717) topic-c2bc339c_0932_4117_b82e_b486de662cbe 0 3 {"key11754413389226": "value-3"}
2025-08-05 17:03:17,148 INFO  [io.api.tes.ser.api.KafkaSerdesTester] (Thread-717) topic-c2bc339c_0932_4117_b82e_b486de662cbe 0 4 {"key11754413389226": "value-4"}
2025-08-05 17:03:17,148 INFO  [io.api.tes.ser.api.KafkaSerdesTester] (Thread-717) topic-c2bc339c_0932_4117_b82e_b486de662cbe 0 5 {"key11754413389226": "value-5"}
2025-08-05 17:03:17,148 INFO  [io.api.tes.ser.api.KafkaSerdesTester] (Thread-717) topic-c2bc339c_0932_4117_b82e_b486de662cbe 0 6 {"key11754413389226": "value-6"}
2025-08-05 17:03:17,148 INFO  [io.api.tes.ser.api.KafkaSerdesTester] (Thread-717) topic-c2bc339c_0932_4117_b82e_b486de662cbe 0 7 {"key11754413389226": "value-7"}
2025-08-05 17:03:17,148 INFO  [io.api.tes.ser.api.KafkaSerdesTester] (Thread-717) topic-c2bc339c_0932_4117_b82e_b486de662cbe 0 8 {"key11754413389226": "value-8"}
2025-08-05 17:03:17,148 INFO  [io.api.tes.ser.api.KafkaSerdesTester] (Thread-717) topic-c2bc339c_0932_4117_b82e_b486de662cbe 0 9 {"key11754413389226": "value-9"}
2025-08-05 17:03:17,148 INFO  [io.api.tes.ser.api.KafkaSerdesTester] (Thread-717) Consumed 10 messages
2025-08-05 17:03:17,155 INFO  [org.apa.kaf.cli.con.int.ConsumerRebalanceListenerInvoker] (Thread-717) [Consumer clientId=consumer-Consumer-topic-c2bc339c_0932_4117_b82e_b486de662cbe-15, groupId=Consumer-topic-c2bc339c_0932_4117_b82e_b486de662cbe] Revoke previously assigned partitions topic-c2bc339c_0932_4117_b82e_b486de662cbe-0
2025-08-05 17:03:17,155 INFO  [org.apa.kaf.cli.con.int.ConsumerCoordinator] (Thread-717) [Consumer clientId=consumer-Consumer-topic-c2bc339c_0932_4117_b82e_b486de662cbe-15, groupId=Consumer-topic-c2bc339c_0932_4117_b82e_b486de662cbe] Member consumer-Consumer-topic-c2bc339c_0932_4117_b82e_b486de662cbe-15-f2387b4a-4804-43ae-ad5c-27383191bb27 sending LeaveGroup request to coordinator localhost:32769 (id: 2147483647 rack: null) due to the consumer is being closed
2025-08-05 17:03:17,155 INFO  [org.apa.kaf.cli.con.int.ConsumerCoordinator] (Thread-717) [Consumer clientId=consumer-Consumer-topic-c2bc339c_0932_4117_b82e_b486de662cbe-15, groupId=Consumer-topic-c2bc339c_0932_4117_b82e_b486de662cbe] Resetting generation and member id due to: consumer pro-actively leaving the group
2025-08-05 17:03:17,155 INFO  [org.apa.kaf.cli.con.int.ConsumerCoordinator] (Thread-717) [Consumer clientId=consumer-Consumer-topic-c2bc339c_0932_4117_b82e_b486de662cbe-15, groupId=Consumer-topic-c2bc339c_0932_4117_b82e_b486de662cbe] Request joining group due to: consumer pro-actively leaving the group
2025-08-05 17:03:17,650 INFO  [org.apa.kaf.com.met.Metrics] (Thread-717) Metrics scheduler closed
2025-08-05 17:03:17,650 INFO  [org.apa.kaf.com.met.Metrics] (Thread-717) Closing reporter org.apache.kafka.common.metrics.JmxReporter
2025-08-05 17:03:17,650 INFO  [org.apa.kaf.com.met.Metrics] (Thread-717) Closing reporter org.apache.kafka.common.telemetry.internals.ClientTelemetryReporter
2025-08-05 17:03:17,650 INFO  [org.apa.kaf.com.met.Metrics] (Thread-717) Metrics reporters closed
2025-08-05 17:03:17,662 INFO  [org.apa.kaf.com.uti.AppInfoParser] (Thread-717) App info kafka.consumer for consumer-Consumer-topic-c2bc339c_0932_4117_b82e_b486de662cbe-15 unregistered
2025-08-05 17:03:17,663 INFO  [org.apa.kaf.cli.con.int.ClassicKafkaConsumer] (Thread-718) [Consumer clientId=consumer-Consumer-topic-615bad43_c8af_4158_b966_3f54ac0f60c0-16, groupId=Consumer-topic-615bad43_c8af_4158_b966_3f54ac0f60c0] Subscribed to topic(s): topic-615bad43_c8af_4158_b966_3f54ac0f60c0
2025-08-05 17:03:17,668 INFO  [org.apa.kaf.cli.Metadata] (Thread-718) [Consumer clientId=consumer-Consumer-topic-615bad43_c8af_4158_b966_3f54ac0f60c0-16, groupId=Consumer-topic-615bad43_c8af_4158_b966_3f54ac0f60c0] Cluster ID: utE1hb3GTCWLCoAPsWG7_Q
2025-08-05 17:03:17,670 INFO  [org.apa.kaf.cli.con.int.ConsumerCoordinator] (Thread-718) [Consumer clientId=consumer-Consumer-topic-615bad43_c8af_4158_b966_3f54ac0f60c0-16, groupId=Consumer-topic-615bad43_c8af_4158_b966_3f54ac0f60c0] Discovered group coordinator localhost:32769 (id: 2147483647 rack: null)
2025-08-05 17:03:17,672 INFO  [org.apa.kaf.cli.con.int.ConsumerCoordinator] (Thread-718) [Consumer clientId=consumer-Consumer-topic-615bad43_c8af_4158_b966_3f54ac0f60c0-16, groupId=Consumer-topic-615bad43_c8af_4158_b966_3f54ac0f60c0] (Re-)joining group
2025-08-05 17:03:17,677 INFO  [org.apa.kaf.cli.con.int.ConsumerCoordinator] (Thread-718) [Consumer clientId=consumer-Consumer-topic-615bad43_c8af_4158_b966_3f54ac0f60c0-16, groupId=Consumer-topic-615bad43_c8af_4158_b966_3f54ac0f60c0] Request joining group due to: need to re-join with the given member-id: consumer-Consumer-topic-615bad43_c8af_4158_b966_3f54ac0f60c0-16-305acf50-3381-45d1-b9b0-4fa658d8b9e1
2025-08-05 17:03:17,677 INFO  [org.apa.kaf.cli.con.int.ConsumerCoordinator] (Thread-718) [Consumer clientId=consumer-Consumer-topic-615bad43_c8af_4158_b966_3f54ac0f60c0-16, groupId=Consumer-topic-615bad43_c8af_4158_b966_3f54ac0f60c0] (Re-)joining group
2025-08-05 17:03:18,663 INFO  [io.api.tes.ser.api.KafkaSerdesTester] (Thread-718) None found
2025-08-05 17:03:19,663 INFO  [io.api.tes.ser.api.KafkaSerdesTester] (Thread-718) None found
2025-08-05 17:03:20,664 INFO  [io.api.tes.ser.api.KafkaSerdesTester] (Thread-718) None found
2025-08-05 17:03:20,681 INFO  [org.apa.kaf.cli.con.int.ConsumerCoordinator] (Thread-718) [Consumer clientId=consumer-Consumer-topic-615bad43_c8af_4158_b966_3f54ac0f60c0-16, groupId=Consumer-topic-615bad43_c8af_4158_b966_3f54ac0f60c0] Successfully joined group with generation Generation{generationId=1, memberId='consumer-Consumer-topic-615bad43_c8af_4158_b966_3f54ac0f60c0-16-305acf50-3381-45d1-b9b0-4fa658d8b9e1', protocol='range'}
2025-08-05 17:03:20,681 INFO  [org.apa.kaf.cli.con.int.ConsumerCoordinator] (Thread-718) [Consumer clientId=consumer-Consumer-topic-615bad43_c8af_4158_b966_3f54ac0f60c0-16, groupId=Consumer-topic-615bad43_c8af_4158_b966_3f54ac0f60c0] Finished assignment for group at generation 1: {consumer-Consumer-topic-615bad43_c8af_4158_b966_3f54ac0f60c0-16-305acf50-3381-45d1-b9b0-4fa658d8b9e1=Assignment(partitions=[topic-615bad43_c8af_4158_b966_3f54ac0f60c0-0])}
2025-08-05 17:03:20,687 INFO  [org.apa.kaf.cli.con.int.ConsumerCoordinator] (Thread-718) [Consumer clientId=consumer-Consumer-topic-615bad43_c8af_4158_b966_3f54ac0f60c0-16, groupId=Consumer-topic-615bad43_c8af_4158_b966_3f54ac0f60c0] Successfully synced group in generation Generation{generationId=1, memberId='consumer-Consumer-topic-615bad43_c8af_4158_b966_3f54ac0f60c0-16-305acf50-3381-45d1-b9b0-4fa658d8b9e1', protocol='range'}
2025-08-05 17:03:20,688 INFO  [org.apa.kaf.cli.con.int.ConsumerCoordinator] (Thread-718) [Consumer clientId=consumer-Consumer-topic-615bad43_c8af_4158_b966_3f54ac0f60c0-16, groupId=Consumer-topic-615bad43_c8af_4158_b966_3f54ac0f60c0] Notifying assignor about the new Assignment(partitions=[topic-615bad43_c8af_4158_b966_3f54ac0f60c0-0])
2025-08-05 17:03:20,688 INFO  [org.apa.kaf.cli.con.int.ConsumerRebalanceListenerInvoker] (Thread-718) [Consumer clientId=consumer-Consumer-topic-615bad43_c8af_4158_b966_3f54ac0f60c0-16, groupId=Consumer-topic-615bad43_c8af_4158_b966_3f54ac0f60c0] Adding newly assigned partitions: topic-615bad43_c8af_4158_b966_3f54ac0f60c0-0
2025-08-05 17:03:20,688 INFO  [org.apa.kaf.cli.con.int.ConsumerCoordinator] (Thread-718) [Consumer clientId=consumer-Consumer-topic-615bad43_c8af_4158_b966_3f54ac0f60c0-16, groupId=Consumer-topic-615bad43_c8af_4158_b966_3f54ac0f60c0] Found no committed offset for partition topic-615bad43_c8af_4158_b966_3f54ac0f60c0-0
2025-08-05 17:03:20,691 INFO  [org.apa.kaf.cli.con.int.SubscriptionState] (Thread-718) [Consumer clientId=consumer-Consumer-topic-615bad43_c8af_4158_b966_3f54ac0f60c0-16, groupId=Consumer-topic-615bad43_c8af_4158_b966_3f54ac0f60c0] Resetting offset for partition topic-615bad43_c8af_4158_b966_3f54ac0f60c0-0 to position FetchPosition{offset=0, offsetEpoch=Optional.empty, currentLeader=LeaderAndEpoch{leader=Optional[localhost:32769 (id: 0 rack: null)], epoch=0}}.
2025-08-05 17:03:20,726 INFO  [io.api.tes.ser.api.KafkaSerdesTester] (Thread-718) topic-615bad43_c8af_4158_b966_3f54ac0f60c0 0 0 {"key11754413389226": "value-0"}
2025-08-05 17:03:20,726 INFO  [io.api.tes.ser.api.KafkaSerdesTester] (Thread-718) topic-615bad43_c8af_4158_b966_3f54ac0f60c0 0 1 {"key11754413389226": "value-1"}
2025-08-05 17:03:20,726 INFO  [io.api.tes.ser.api.KafkaSerdesTester] (Thread-718) topic-615bad43_c8af_4158_b966_3f54ac0f60c0 0 2 {"key11754413389226": "value-2"}
2025-08-05 17:03:20,726 INFO  [io.api.tes.ser.api.KafkaSerdesTester] (Thread-718) topic-615bad43_c8af_4158_b966_3f54ac0f60c0 0 3 {"key11754413389226": "value-3"}
2025-08-05 17:03:20,726 INFO  [io.api.tes.ser.api.KafkaSerdesTester] (Thread-718) topic-615bad43_c8af_4158_b966_3f54ac0f60c0 0 4 {"key11754413389226": "value-4"}
2025-08-05 17:03:20,726 INFO  [io.api.tes.ser.api.KafkaSerdesTester] (Thread-718) topic-615bad43_c8af_4158_b966_3f54ac0f60c0 0 5 {"key11754413389226": "value-5"}
2025-08-05 17:03:20,726 INFO  [io.api.tes.ser.api.KafkaSerdesTester] (Thread-718) topic-615bad43_c8af_4158_b966_3f54ac0f60c0 0 6 {"key11754413389226": "value-6"}
2025-08-05 17:03:20,726 INFO  [io.api.tes.ser.api.KafkaSerdesTester] (Thread-718) topic-615bad43_c8af_4158_b966_3f54ac0f60c0 0 7 {"key11754413389226": "value-7"}
2025-08-05 17:03:20,726 INFO  [io.api.tes.ser.api.KafkaSerdesTester] (Thread-718) topic-615bad43_c8af_4158_b966_3f54ac0f60c0 0 8 {"key11754413389226": "value-8"}
2025-08-05 17:03:20,726 INFO  [io.api.tes.ser.api.KafkaSerdesTester] (Thread-718) topic-615bad43_c8af_4158_b966_3f54ac0f60c0 0 9 {"key11754413389226": "value-9"}
2025-08-05 17:03:20,726 INFO  [io.api.tes.ser.api.KafkaSerdesTester] (Thread-718) Consumed 10 messages
2025-08-05 17:03:20,734 INFO  [org.apa.kaf.cli.con.int.ConsumerRebalanceListenerInvoker] (Thread-718) [Consumer clientId=consumer-Consumer-topic-615bad43_c8af_4158_b966_3f54ac0f60c0-16, groupId=Consumer-topic-615bad43_c8af_4158_b966_3f54ac0f60c0] Revoke previously assigned partitions topic-615bad43_c8af_4158_b966_3f54ac0f60c0-0
2025-08-05 17:03:20,734 INFO  [org.apa.kaf.cli.con.int.ConsumerCoordinator] (Thread-718) [Consumer clientId=consumer-Consumer-topic-615bad43_c8af_4158_b966_3f54ac0f60c0-16, groupId=Consumer-topic-615bad43_c8af_4158_b966_3f54ac0f60c0] Member consumer-Consumer-topic-615bad43_c8af_4158_b966_3f54ac0f60c0-16-305acf50-3381-45d1-b9b0-4fa658d8b9e1 sending LeaveGroup request to coordinator localhost:32769 (id: 2147483647 rack: null) due to the consumer is being closed
2025-08-05 17:03:20,734 INFO  [org.apa.kaf.cli.con.int.ConsumerCoordinator] (Thread-718) [Consumer clientId=consumer-Consumer-topic-615bad43_c8af_4158_b966_3f54ac0f60c0-16, groupId=Consumer-topic-615bad43_c8af_4158_b966_3f54ac0f60c0] Resetting generation and member id due to: consumer pro-actively leaving the group
2025-08-05 17:03:20,734 INFO  [org.apa.kaf.cli.con.int.ConsumerCoordinator] (Thread-718) [Consumer clientId=consumer-Consumer-topic-615bad43_c8af_4158_b966_3f54ac0f60c0-16, groupId=Consumer-topic-615bad43_c8af_4158_b966_3f54ac0f60c0] Request joining group due to: consumer pro-actively leaving the group
2025-08-05 17:03:21,229 INFO  [org.apa.kaf.com.met.Metrics] (Thread-718) Metrics scheduler closed
2025-08-05 17:03:21,229 INFO  [org.apa.kaf.com.met.Metrics] (Thread-718) Closing reporter org.apache.kafka.common.metrics.JmxReporter
2025-08-05 17:03:21,229 INFO  [org.apa.kaf.com.met.Metrics] (Thread-718) Closing reporter org.apache.kafka.common.telemetry.internals.ClientTelemetryReporter
2025-08-05 17:03:21,229 INFO  [org.apa.kaf.com.met.Metrics] (Thread-718) Metrics reporters closed
2025-08-05 17:03:21,231 INFO  [org.apa.kaf.com.uti.AppInfoParser] (Thread-718) App info kafka.consumer for consumer-Consumer-topic-615bad43_c8af_4158_b966_3f54ac0f60c0-16 unregistered
2025-08-05 17:03:21,232 INFO  [io.api.tes.uti.TestSeparator] (main) io.apicurio.tests.serdes.apicurio.AvroSerdeIT.testAvroConfluentForMultipleTopics-FINISHED
2025-08-05 17:03:21,232 INFO  [io.api.tes.uti.TestSeparator] (main) ############################################################################
Test passed: testAvroConfluentForMultipleTopics
]]></system-out>
  </testcase>
  <testcase name="testFirstRequestFailsRateLimited" classname="io.apicurio.tests.serdes.apicurio.AvroSerdeIT" time="0.955">
    <system-out><![CDATA[2025-08-05 17:03:21,233 INFO  [io.api.tes.uti.TestSeparator] (main) ############################################################################
2025-08-05 17:03:21,234 INFO  [io.api.tes.uti.TestSeparator] (main) io.apicurio.tests.serdes.apicurio.AvroSerdeIT.testFirstRequestFailsRateLimited-STARTED
2025-08-05 17:03:21,666 WARN  [org.ecl.jet.ser.AbstractConnector] (main) Acceptors should be <= availableProcessors: NetworkTrafficServerConnector@bfe3907{HTTP/1.1, (http/1.1, h2c)}{0.0.0.0:0} 
2025-08-05 17:03:21,777 INFO  [org.ecl.jet.ser.Server] (main) jetty-11.0.15; built: 2023-04-11T18:37:53.775Z; git: 5bc5e562c8d05c5862505aebe5cf83a61bdbcb96; jvm 17.0.16+8
2025-08-05 17:03:21,813 INFO  [org.ecl.jet.ser.han.ContextHandler] (main) Started o.e.j.s.ServletContextHandler@498876f2{/__admin,null,AVAILABLE}
2025-08-05 17:03:21,821 INFO  [org.ecl.jet.ser.han.Con.ROOT] (main) RequestHandlerClass from context returned com.github.tomakehurst.wiremock.http.StubRequestHandler. Normalized mapped under returned 'null'
2025-08-05 17:03:21,822 INFO  [org.ecl.jet.ser.han.ContextHandler] (main) Started o.e.j.s.ServletContextHandler@463b865b{/,null,AVAILABLE}
2025-08-05 17:03:21,831 INFO  [org.ecl.jet.ser.AbstractConnector] (main) Started NetworkTrafficServerConnector@bfe3907{HTTP/1.1, (http/1.1, h2c)}{0.0.0.0:44405}
2025-08-05 17:03:21,832 INFO  [org.ecl.jet.ser.Server] (main) Started Server@257a59c{STARTING}[11.0.15,sto=1000] @104762ms
**** Registry Base URL: http://registry-app-inmemory.apps.ci419.apicurio-testing.org:80
2025-08-05 17:03:21,855 INFO  [org.apa.kaf.cli.pro.ProducerConfig] (main) ProducerConfig values: 
	acks = -1
	auto.include.jmx.reporter = true
	batch.size = 16384
	bootstrap.servers = [PLAINTEXT://localhost:32769]
	buffer.memory = 33554432
	client.dns.lookup = use_all_dns_ips
	client.id = Producer-topic-c2296428_9915_496c_afcf_a3e4777a42a4
	compression.gzip.level = -1
	compression.lz4.level = 9
	compression.type = none
	compression.zstd.level = 3
	connections.max.idle.ms = 10000
	delivery.timeout.ms = 120000
	enable.idempotence = true
	enable.metrics.push = true
	interceptor.classes = []
	key.serializer = class org.apache.kafka.common.serialization.StringSerializer
	linger.ms = 0
	max.block.ms = 60000
	max.in.flight.requests.per.connection = 5
	max.request.size = 1048576
	metadata.max.age.ms = 300000
	metadata.max.idle.ms = 300000
	metadata.recovery.strategy = none
	metric.reporters = []
	metrics.num.samples = 2
	metrics.recording.level = INFO
	metrics.sample.window.ms = 30000
	partitioner.adaptive.partitioning.enable = true
	partitioner.availability.timeout.ms = 0
	partitioner.class = null
	partitioner.ignore.keys = false
	receive.buffer.bytes = 32768
	reconnect.backoff.max.ms = 1000
	reconnect.backoff.ms = 50
	request.timeout.ms = 5000
	retries = 2147483647
	retry.backoff.max.ms = 1000
	retry.backoff.ms = 100
	sasl.client.callback.handler.class = null
	sasl.jaas.config = null
	sasl.kerberos.kinit.cmd = /usr/bin/kinit
	sasl.kerberos.min.time.before.relogin = 60000
	sasl.kerberos.service.name = null
	sasl.kerberos.ticket.renew.jitter = 0.05
	sasl.kerberos.ticket.renew.window.factor = 0.8
	sasl.login.callback.handler.class = null
	sasl.login.class = null
	sasl.login.connect.timeout.ms = null
	sasl.login.read.timeout.ms = null
	sasl.login.refresh.buffer.seconds = 300
	sasl.login.refresh.min.period.seconds = 60
	sasl.login.refresh.window.factor = 0.8
	sasl.login.refresh.window.jitter = 0.05
	sasl.login.retry.backoff.max.ms = 10000
	sasl.login.retry.backoff.ms = 100
	sasl.mechanism = GSSAPI
	sasl.oauthbearer.clock.skew.seconds = 30
	sasl.oauthbearer.expected.audience = null
	sasl.oauthbearer.expected.issuer = null
	sasl.oauthbearer.header.urlencode = false
	sasl.oauthbearer.jwks.endpoint.refresh.ms = 3600000
	sasl.oauthbearer.jwks.endpoint.retry.backoff.max.ms = 10000
	sasl.oauthbearer.jwks.endpoint.retry.backoff.ms = 100
	sasl.oauthbearer.jwks.endpoint.url = null
	sasl.oauthbearer.scope.claim.name = scope
	sasl.oauthbearer.sub.claim.name = sub
	sasl.oauthbearer.token.endpoint.url = null
	security.protocol = PLAINTEXT
	security.providers = null
	send.buffer.bytes = 131072
	socket.connection.setup.timeout.max.ms = 30000
	socket.connection.setup.timeout.ms = 10000
	ssl.cipher.suites = null
	ssl.enabled.protocols = [TLSv1.2, TLSv1.3]
	ssl.endpoint.identification.algorithm = https
	ssl.engine.factory.class = null
	ssl.key.password = null
	ssl.keymanager.algorithm = SunX509
	ssl.keystore.certificate.chain = null
	ssl.keystore.key = null
	ssl.keystore.location = null
	ssl.keystore.password = null
	ssl.keystore.type = JKS
	ssl.protocol = TLSv1.3
	ssl.provider = null
	ssl.secure.random.implementation = null
	ssl.trustmanager.algorithm = PKIX
	ssl.truststore.certificates = null
	ssl.truststore.location = null
	ssl.truststore.password = null
	ssl.truststore.type = JKS
	transaction.timeout.ms = 60000
	transactional.id = null
	value.serializer = class io.apicurio.registry.serde.avro.AvroKafkaSerializer

2025-08-05 17:03:21,855 INFO  [org.apa.kaf.com.tel.int.KafkaMetricsCollector] (main) initializing Kafka metrics collector
2025-08-05 17:03:21,859 INFO  [org.apa.kaf.cli.pro.KafkaProducer] (main) [Producer clientId=Producer-topic-c2296428_9915_496c_afcf_a3e4777a42a4] Instantiated an idempotent producer.
2025-08-05 17:03:21,861 INFO  [org.apa.kaf.cli.pro.ProducerConfig] (main) These configurations '[apicurio.registry.url, apicurio.registry.artifact-resolver-strategy]' were supplied but are not used yet.
2025-08-05 17:03:21,861 INFO  [org.apa.kaf.com.uti.AppInfoParser] (main) Kafka version: 3.9.1
2025-08-05 17:03:21,861 INFO  [org.apa.kaf.com.uti.AppInfoParser] (main) Kafka commitId: f745dfdcee2b9851
2025-08-05 17:03:21,861 INFO  [org.apa.kaf.com.uti.AppInfoParser] (main) Kafka startTimeMs: 1754413401861
2025-08-05 17:03:21,863 INFO  [io.api.tes.ser.api.KafkaSerdesTester] (Thread-729) Sending message {"keyB": "value-0"} to topic topic-c2296428_9915_496c_afcf_a3e4777a42a4
2025-08-05 17:03:21,866 WARN  [org.apa.kaf.cli.NetworkClient] (kafka-producer-network-thread | Producer-topic-c2296428_9915_496c_afcf_a3e4777a42a4) [Producer clientId=Producer-topic-c2296428_9915_496c_afcf_a3e4777a42a4] The metadata response from the cluster reported a recoverable issue with correlation id 1 : {topic-c2296428_9915_496c_afcf_a3e4777a42a4=UNKNOWN_TOPIC_OR_PARTITION}
2025-08-05 17:03:21,867 INFO  [org.apa.kaf.cli.Metadata] (kafka-producer-network-thread | Producer-topic-c2296428_9915_496c_afcf_a3e4777a42a4) [Producer clientId=Producer-topic-c2296428_9915_496c_afcf_a3e4777a42a4] Cluster ID: utE1hb3GTCWLCoAPsWG7_Q
2025-08-05 17:03:21,867 INFO  [org.apa.kaf.cli.pro.int.TransactionManager] (kafka-producer-network-thread | Producer-topic-c2296428_9915_496c_afcf_a3e4777a42a4) [Producer clientId=Producer-topic-c2296428_9915_496c_afcf_a3e4777a42a4] ProducerId set to 22 with epoch 0
2025-08-05 17:03:21,984 INFO  [DefaultSchemaResolver] (Thread-729) Retrieving schema content using string: {"type":"record","name":"myrecord","namespace":"mygroup","fields":[{"name":"keyB","type":"string"}]}
2025-08-05 17:03:22,171 INFO  [org.apa.kaf.cli.pro.KafkaProducer] (Thread-729) [Producer clientId=Producer-topic-c2296428_9915_496c_afcf_a3e4777a42a4] Closing the Kafka producer with timeoutMillis = 9223372036854775807 ms.
2025-08-05 17:03:22,173 INFO  [org.apa.kaf.com.met.Metrics] (Thread-729) Metrics scheduler closed
2025-08-05 17:03:22,173 INFO  [org.apa.kaf.com.met.Metrics] (Thread-729) Closing reporter org.apache.kafka.common.metrics.JmxReporter
2025-08-05 17:03:22,173 INFO  [org.apa.kaf.com.met.Metrics] (Thread-729) Closing reporter org.apache.kafka.common.telemetry.internals.ClientTelemetryReporter
2025-08-05 17:03:22,173 INFO  [org.apa.kaf.com.met.Metrics] (Thread-729) Metrics reporters closed
2025-08-05 17:03:22,175 INFO  [org.apa.kaf.com.uti.AppInfoParser] (Thread-729) App info kafka.producer for Producer-topic-c2296428_9915_496c_afcf_a3e4777a42a4 unregistered
2025-08-05 17:03:22,177 INFO  [org.ecl.jet.ser.Server] (main) Stopped Server@257a59c{STOPPING}[11.0.15,sto=1000]
2025-08-05 17:03:22,177 INFO  [org.ecl.jet.ser.Server] (main) Shutdown Server@257a59c{STOPPING}[11.0.15,sto=1000]
2025-08-05 17:03:22,183 INFO  [org.ecl.jet.ser.AbstractConnector] (main) Stopped NetworkTrafficServerConnector@bfe3907{HTTP/1.1, (http/1.1, h2c)}{0.0.0.0:0}
2025-08-05 17:03:22,184 INFO  [org.ecl.jet.ser.han.ContextHandler] (main) Stopped o.e.j.s.ServletContextHandler@463b865b{/,null,STOPPED}
2025-08-05 17:03:22,184 INFO  [org.ecl.jet.ser.han.ContextHandler] (main) Stopped o.e.j.s.ServletContextHandler@498876f2{/__admin,null,STOPPED}
2025-08-05 17:03:22,186 INFO  [io.api.tes.uti.TestSeparator] (main) io.apicurio.tests.serdes.apicurio.AvroSerdeIT.testFirstRequestFailsRateLimited-FINISHED
2025-08-05 17:03:22,187 INFO  [io.api.tes.uti.TestSeparator] (main) ############################################################################
Test passed: testFirstRequestFailsRateLimited
]]></system-out>
    <system-err><![CDATA[com.microsoft.kiota.ApiException: the server returned an unexpected status code and no error class is registered for this code 429
	at com.microsoft.kiota.ApiExceptionBuilder.withMessage(ApiExceptionBuilder.java:45)
	at io.kiota.http.vertx.VertXRequestAdapter.throwIfFailedResponse(VertXRequestAdapter.java:370)
	at io.kiota.http.vertx.VertXRequestAdapter.send(VertXRequestAdapter.java:170)
	at io.apicurio.registry.rest.client.search.versions.VersionsRequestBuilder.post(VersionsRequestBuilder.java:94)
	at io.apicurio.registry.resolver.client.RegistryClientFacadeImpl.searchVersionsByContent(RegistryClientFacadeImpl.java:106)
	at io.apicurio.registry.resolver.DefaultSchemaResolver.lambda$handleResolveSchemaByContent$3(DefaultSchemaResolver.java:258)
	at io.apicurio.registry.resolver.cache.ERCache.lambda$getValue$0(ERCache.java:174)
	at io.apicurio.registry.resolver.cache.ERCache.retry(ERCache.java:227)
	at io.apicurio.registry.resolver.cache.ERCache.getValue(ERCache.java:173)
	at io.apicurio.registry.resolver.cache.ERCache.getByContent(ERCache.java:147)
	at io.apicurio.registry.resolver.DefaultSchemaResolver.handleResolveSchemaByContent(DefaultSchemaResolver.java:253)
	at io.apicurio.registry.resolver.DefaultSchemaResolver.getSchemaFromRegistry(DefaultSchemaResolver.java:138)
	at io.apicurio.registry.resolver.DefaultSchemaResolver.lambda$resolveSchema$0(DefaultSchemaResolver.java:84)
	at java.base/java.util.Optional.orElseGet(Optional.java:364)
	at io.apicurio.registry.resolver.DefaultSchemaResolver.resolveSchema(DefaultSchemaResolver.java:84)
	at io.apicurio.registry.serde.AbstractSerializer.serializeData(AbstractSerializer.java:62)
	at io.apicurio.registry.serde.KafkaSerializer.serialize(KafkaSerializer.java:77)
	at org.apache.kafka.clients.producer.KafkaProducer.doSend(KafkaProducer.java:1046)
	at org.apache.kafka.clients.producer.KafkaProducer.send(KafkaProducer.java:993)
	at org.apache.kafka.clients.producer.KafkaProducer.send(KafkaProducer.java:875)
	at io.apicurio.tests.serdes.apicurio.KafkaSerdesTester.lambda$produceMessages$3(KafkaSerdesTester.java:138)
	at java.base/java.util.concurrent.CompletableFuture$AsyncSupply.run(CompletableFuture.java:1768)
	at java.base/java.lang.Thread.run(Thread.java:840)
]]></system-err>
  </testcase>
  <testcase name="testFirstEmptyFieldConfusedAsMagicByte" classname="io.apicurio.tests.serdes.apicurio.AvroSerdeIT" time="3.802">
    <system-out><![CDATA[2025-08-05 17:03:22,192 INFO  [io.api.tes.uti.TestSeparator] (main) ############################################################################
2025-08-05 17:03:22,192 INFO  [io.api.tes.uti.TestSeparator] (main) io.apicurio.tests.serdes.apicurio.AvroSerdeIT.testFirstEmptyFieldConfusedAsMagicByte-STARTED
**** Registry Base URL: http://registry-app-inmemory.apps.ci419.apicurio-testing.org:80
2025-08-05 17:03:22,202 INFO  [org.apa.kaf.cli.pro.ProducerConfig] (main) ProducerConfig values: 
	acks = -1
	auto.include.jmx.reporter = true
	batch.size = 16384
	bootstrap.servers = [PLAINTEXT://localhost:32769]
	buffer.memory = 33554432
	client.dns.lookup = use_all_dns_ips
	client.id = Producer-topic-0872defc_9cf9_428e_957d_db4e30ac08d3
	compression.gzip.level = -1
	compression.lz4.level = 9
	compression.type = none
	compression.zstd.level = 3
	connections.max.idle.ms = 10000
	delivery.timeout.ms = 120000
	enable.idempotence = true
	enable.metrics.push = true
	interceptor.classes = []
	key.serializer = class org.apache.kafka.common.serialization.StringSerializer
	linger.ms = 0
	max.block.ms = 60000
	max.in.flight.requests.per.connection = 5
	max.request.size = 1048576
	metadata.max.age.ms = 300000
	metadata.max.idle.ms = 300000
	metadata.recovery.strategy = none
	metric.reporters = []
	metrics.num.samples = 2
	metrics.recording.level = INFO
	metrics.sample.window.ms = 30000
	partitioner.adaptive.partitioning.enable = true
	partitioner.availability.timeout.ms = 0
	partitioner.class = null
	partitioner.ignore.keys = false
	receive.buffer.bytes = 32768
	reconnect.backoff.max.ms = 1000
	reconnect.backoff.ms = 50
	request.timeout.ms = 5000
	retries = 2147483647
	retry.backoff.max.ms = 1000
	retry.backoff.ms = 100
	sasl.client.callback.handler.class = null
	sasl.jaas.config = null
	sasl.kerberos.kinit.cmd = /usr/bin/kinit
	sasl.kerberos.min.time.before.relogin = 60000
	sasl.kerberos.service.name = null
	sasl.kerberos.ticket.renew.jitter = 0.05
	sasl.kerberos.ticket.renew.window.factor = 0.8
	sasl.login.callback.handler.class = null
	sasl.login.class = null
	sasl.login.connect.timeout.ms = null
	sasl.login.read.timeout.ms = null
	sasl.login.refresh.buffer.seconds = 300
	sasl.login.refresh.min.period.seconds = 60
	sasl.login.refresh.window.factor = 0.8
	sasl.login.refresh.window.jitter = 0.05
	sasl.login.retry.backoff.max.ms = 10000
	sasl.login.retry.backoff.ms = 100
	sasl.mechanism = GSSAPI
	sasl.oauthbearer.clock.skew.seconds = 30
	sasl.oauthbearer.expected.audience = null
	sasl.oauthbearer.expected.issuer = null
	sasl.oauthbearer.header.urlencode = false
	sasl.oauthbearer.jwks.endpoint.refresh.ms = 3600000
	sasl.oauthbearer.jwks.endpoint.retry.backoff.max.ms = 10000
	sasl.oauthbearer.jwks.endpoint.retry.backoff.ms = 100
	sasl.oauthbearer.jwks.endpoint.url = null
	sasl.oauthbearer.scope.claim.name = scope
	sasl.oauthbearer.sub.claim.name = sub
	sasl.oauthbearer.token.endpoint.url = null
	security.protocol = PLAINTEXT
	security.providers = null
	send.buffer.bytes = 131072
	socket.connection.setup.timeout.max.ms = 30000
	socket.connection.setup.timeout.ms = 10000
	ssl.cipher.suites = null
	ssl.enabled.protocols = [TLSv1.2, TLSv1.3]
	ssl.endpoint.identification.algorithm = https
	ssl.engine.factory.class = null
	ssl.key.password = null
	ssl.keymanager.algorithm = SunX509
	ssl.keystore.certificate.chain = null
	ssl.keystore.key = null
	ssl.keystore.location = null
	ssl.keystore.password = null
	ssl.keystore.type = JKS
	ssl.protocol = TLSv1.3
	ssl.provider = null
	ssl.secure.random.implementation = null
	ssl.trustmanager.algorithm = PKIX
	ssl.truststore.certificates = null
	ssl.truststore.location = null
	ssl.truststore.password = null
	ssl.truststore.type = JKS
	transaction.timeout.ms = 60000
	transactional.id = null
	value.serializer = class io.apicurio.registry.serde.avro.AvroKafkaSerializer

2025-08-05 17:03:22,202 INFO  [org.apa.kaf.com.tel.int.KafkaMetricsCollector] (main) initializing Kafka metrics collector
2025-08-05 17:03:22,206 INFO  [org.apa.kaf.cli.pro.KafkaProducer] (main) [Producer clientId=Producer-topic-0872defc_9cf9_428e_957d_db4e30ac08d3] Instantiated an idempotent producer.
2025-08-05 17:03:22,209 INFO  [org.apa.kaf.cli.pro.ProducerConfig] (main) These configurations '[apicurio.registry.url, apicurio.registry.auto-register, apicurio.registry.artifact-resolver-strategy]' were supplied but are not used yet.
2025-08-05 17:03:22,209 INFO  [org.apa.kaf.com.uti.AppInfoParser] (main) Kafka version: 3.9.1
2025-08-05 17:03:22,209 INFO  [org.apa.kaf.com.uti.AppInfoParser] (main) Kafka commitId: f745dfdcee2b9851
2025-08-05 17:03:22,209 INFO  [org.apa.kaf.com.uti.AppInfoParser] (main) Kafka startTimeMs: 1754413402209
2025-08-05 17:03:22,209 INFO  [io.api.tes.ser.api.SimpleSerdesTesterBuilder$SimpleSerdesTester] (main) Using producer configuration: {apicurio.registry.url=http://registry-app-inmemory.apps.ci419.apicurio-testing.org:80/apis/registry/v3, apicurio.registry.auto-register=true, apicurio.registry.artifact-resolver-strategy=io.apicurio.registry.serde.strategy.SimpleTopicIdStrategy, value.serializer=io.apicurio.registry.serde.avro.AvroKafkaSerializer, request.timeout.ms=5000, acks=all, bootstrap.servers=PLAINTEXT://localhost:32769, connections.max.idle.ms=10000, key.serializer=org.apache.kafka.common.serialization.StringSerializer, client.id=Producer-topic-0872defc_9cf9_428e_957d_db4e30ac08d3}
2025-08-05 17:03:22,209 INFO  [io.api.tes.ser.api.SimpleSerdesTesterBuilder$SimpleSerdesTester] (main) Using consumer configuration: {}
2025-08-05 17:03:22,211 INFO  [io.api.tes.ser.api.KafkaSerdesTester] (Thread-732) Sending message {"username": null} to topic topic-0872defc_9cf9_428e_957d_db4e30ac08d3
2025-08-05 17:03:22,214 WARN  [org.apa.kaf.cli.NetworkClient] (kafka-producer-network-thread | Producer-topic-0872defc_9cf9_428e_957d_db4e30ac08d3) [Producer clientId=Producer-topic-0872defc_9cf9_428e_957d_db4e30ac08d3] The metadata response from the cluster reported a recoverable issue with correlation id 1 : {topic-0872defc_9cf9_428e_957d_db4e30ac08d3=UNKNOWN_TOPIC_OR_PARTITION}
2025-08-05 17:03:22,215 INFO  [org.apa.kaf.cli.Metadata] (kafka-producer-network-thread | Producer-topic-0872defc_9cf9_428e_957d_db4e30ac08d3) [Producer clientId=Producer-topic-0872defc_9cf9_428e_957d_db4e30ac08d3] Cluster ID: utE1hb3GTCWLCoAPsWG7_Q
2025-08-05 17:03:22,215 INFO  [org.apa.kaf.cli.pro.int.TransactionManager] (kafka-producer-network-thread | Producer-topic-0872defc_9cf9_428e_957d_db4e30ac08d3) [Producer clientId=Producer-topic-0872defc_9cf9_428e_957d_db4e30ac08d3] ProducerId set to 23 with epoch 0
2025-08-05 17:03:22,374 INFO  [io.api.tes.ser.api.KafkaSerdesTester] (Thread-732) Sending message {"username": null} to topic topic-0872defc_9cf9_428e_957d_db4e30ac08d3
2025-08-05 17:03:22,377 INFO  [io.api.tes.ser.api.KafkaSerdesTester] (Thread-732) Sending message {"username": "value-2"} to topic topic-0872defc_9cf9_428e_957d_db4e30ac08d3
2025-08-05 17:03:22,378 INFO  [io.api.tes.ser.api.KafkaSerdesTester] (Thread-732) Sending message {"username": null} to topic topic-0872defc_9cf9_428e_957d_db4e30ac08d3
2025-08-05 17:03:22,381 INFO  [io.api.tes.ser.api.KafkaSerdesTester] (Thread-732) Sending message {"username": "value-4"} to topic topic-0872defc_9cf9_428e_957d_db4e30ac08d3
2025-08-05 17:03:22,383 INFO  [io.api.tes.ser.api.KafkaSerdesTester] (Thread-732) Sending message {"username": null} to topic topic-0872defc_9cf9_428e_957d_db4e30ac08d3
2025-08-05 17:03:22,384 INFO  [io.api.tes.ser.api.KafkaSerdesTester] (Thread-732) Sending message {"username": "value-6"} to topic topic-0872defc_9cf9_428e_957d_db4e30ac08d3
2025-08-05 17:03:22,386 INFO  [io.api.tes.ser.api.KafkaSerdesTester] (Thread-732) Sending message {"username": null} to topic topic-0872defc_9cf9_428e_957d_db4e30ac08d3
2025-08-05 17:03:22,388 INFO  [io.api.tes.ser.api.KafkaSerdesTester] (Thread-732) Sending message {"username": "value-8"} to topic topic-0872defc_9cf9_428e_957d_db4e30ac08d3
2025-08-05 17:03:22,390 INFO  [io.api.tes.ser.api.KafkaSerdesTester] (Thread-732) Sending message {"username": null} to topic topic-0872defc_9cf9_428e_957d_db4e30ac08d3
2025-08-05 17:03:22,391 INFO  [io.api.tes.ser.api.KafkaSerdesTester] (Thread-732) Produced 10 messages
2025-08-05 17:03:22,391 INFO  [org.apa.kaf.cli.pro.KafkaProducer] (Thread-732) [Producer clientId=Producer-topic-0872defc_9cf9_428e_957d_db4e30ac08d3] Closing the Kafka producer with timeoutMillis = 9223372036854775807 ms.
2025-08-05 17:03:22,393 INFO  [org.apa.kaf.com.met.Metrics] (Thread-732) Metrics scheduler closed
2025-08-05 17:03:22,393 INFO  [org.apa.kaf.com.met.Metrics] (Thread-732) Closing reporter org.apache.kafka.common.metrics.JmxReporter
2025-08-05 17:03:22,393 INFO  [org.apa.kaf.com.met.Metrics] (Thread-732) Closing reporter org.apache.kafka.common.telemetry.internals.ClientTelemetryReporter
2025-08-05 17:03:22,393 INFO  [org.apa.kaf.com.met.Metrics] (Thread-732) Metrics reporters closed
2025-08-05 17:03:22,394 INFO  [org.apa.kaf.com.uti.AppInfoParser] (Thread-732) App info kafka.producer for Producer-topic-0872defc_9cf9_428e_957d_db4e30ac08d3 unregistered
**** Registry Base URL: http://registry-app-inmemory.apps.ci419.apicurio-testing.org:80
2025-08-05 17:03:22,420 INFO  [org.apa.kaf.cli.con.ConsumerConfig] (main) ConsumerConfig values: 
	allow.auto.create.topics = true
	auto.commit.interval.ms = 500
	auto.include.jmx.reporter = true
	auto.offset.reset = earliest
	bootstrap.servers = [PLAINTEXT://localhost:32769]
	check.crcs = true
	client.dns.lookup = use_all_dns_ips
	client.id = consumer-Consumer-topic-0872defc_9cf9_428e_957d_db4e30ac08d3-17
	client.rack = 
	connections.max.idle.ms = 10000
	default.api.timeout.ms = 60000
	enable.auto.commit = true
	enable.metrics.push = true
	exclude.internal.topics = true
	fetch.max.bytes = 52428800
	fetch.max.wait.ms = 500
	fetch.min.bytes = 1
	group.id = Consumer-topic-0872defc_9cf9_428e_957d_db4e30ac08d3
	group.instance.id = null
	group.protocol = classic
	group.remote.assignor = null
	heartbeat.interval.ms = 3000
	interceptor.classes = []
	internal.leave.group.on.close = true
	internal.throw.on.fetch.stable.offset.unsupported = false
	isolation.level = read_uncommitted
	key.deserializer = class org.apache.kafka.common.serialization.StringDeserializer
	max.partition.fetch.bytes = 1048576
	max.poll.interval.ms = 300000
	max.poll.records = 500
	metadata.max.age.ms = 300000
	metadata.recovery.strategy = none
	metric.reporters = []
	metrics.num.samples = 2
	metrics.recording.level = INFO
	metrics.sample.window.ms = 30000
	partition.assignment.strategy = [class org.apache.kafka.clients.consumer.RangeAssignor, class org.apache.kafka.clients.consumer.CooperativeStickyAssignor]
	receive.buffer.bytes = 65536
	reconnect.backoff.max.ms = 1000
	reconnect.backoff.ms = 50
	request.timeout.ms = 5000
	retry.backoff.max.ms = 1000
	retry.backoff.ms = 100
	sasl.client.callback.handler.class = null
	sasl.jaas.config = null
	sasl.kerberos.kinit.cmd = /usr/bin/kinit
	sasl.kerberos.min.time.before.relogin = 60000
	sasl.kerberos.service.name = null
	sasl.kerberos.ticket.renew.jitter = 0.05
	sasl.kerberos.ticket.renew.window.factor = 0.8
	sasl.login.callback.handler.class = null
	sasl.login.class = null
	sasl.login.connect.timeout.ms = null
	sasl.login.read.timeout.ms = null
	sasl.login.refresh.buffer.seconds = 300
	sasl.login.refresh.min.period.seconds = 60
	sasl.login.refresh.window.factor = 0.8
	sasl.login.refresh.window.jitter = 0.05
	sasl.login.retry.backoff.max.ms = 10000
	sasl.login.retry.backoff.ms = 100
	sasl.mechanism = GSSAPI
	sasl.oauthbearer.clock.skew.seconds = 30
	sasl.oauthbearer.expected.audience = null
	sasl.oauthbearer.expected.issuer = null
	sasl.oauthbearer.header.urlencode = false
	sasl.oauthbearer.jwks.endpoint.refresh.ms = 3600000
	sasl.oauthbearer.jwks.endpoint.retry.backoff.max.ms = 10000
	sasl.oauthbearer.jwks.endpoint.retry.backoff.ms = 100
	sasl.oauthbearer.jwks.endpoint.url = null
	sasl.oauthbearer.scope.claim.name = scope
	sasl.oauthbearer.sub.claim.name = sub
	sasl.oauthbearer.token.endpoint.url = null
	security.protocol = PLAINTEXT
	security.providers = null
	send.buffer.bytes = 131072
	session.timeout.ms = 45000
	socket.connection.setup.timeout.max.ms = 30000
	socket.connection.setup.timeout.ms = 10000
	ssl.cipher.suites = null
	ssl.enabled.protocols = [TLSv1.2, TLSv1.3]
	ssl.endpoint.identification.algorithm = https
	ssl.engine.factory.class = null
	ssl.key.password = null
	ssl.keymanager.algorithm = SunX509
	ssl.keystore.certificate.chain = null
	ssl.keystore.key = null
	ssl.keystore.location = null
	ssl.keystore.password = null
	ssl.keystore.type = JKS
	ssl.protocol = TLSv1.3
	ssl.provider = null
	ssl.secure.random.implementation = null
	ssl.trustmanager.algorithm = PKIX
	ssl.truststore.certificates = null
	ssl.truststore.location = null
	ssl.truststore.password = null
	ssl.truststore.type = JKS
	value.deserializer = class io.apicurio.registry.serde.avro.AvroKafkaDeserializer

2025-08-05 17:03:22,420 INFO  [org.apa.kaf.com.tel.int.KafkaMetricsCollector] (main) initializing Kafka metrics collector
2025-08-05 17:03:22,424 INFO  [org.apa.kaf.cli.con.ConsumerConfig] (main) These configurations '[apicurio.registry.url]' were supplied but are not used yet.
2025-08-05 17:03:22,425 INFO  [org.apa.kaf.com.uti.AppInfoParser] (main) Kafka version: 3.9.1
2025-08-05 17:03:22,425 INFO  [org.apa.kaf.com.uti.AppInfoParser] (main) Kafka commitId: f745dfdcee2b9851
2025-08-05 17:03:22,425 INFO  [org.apa.kaf.com.uti.AppInfoParser] (main) Kafka startTimeMs: 1754413402425
2025-08-05 17:03:22,425 INFO  [org.apa.kaf.cli.con.int.ClassicKafkaConsumer] (Thread-735) [Consumer clientId=consumer-Consumer-topic-0872defc_9cf9_428e_957d_db4e30ac08d3-17, groupId=Consumer-topic-0872defc_9cf9_428e_957d_db4e30ac08d3] Subscribed to topic(s): topic-0872defc_9cf9_428e_957d_db4e30ac08d3
2025-08-05 17:03:22,428 INFO  [org.apa.kaf.cli.Metadata] (Thread-735) [Consumer clientId=consumer-Consumer-topic-0872defc_9cf9_428e_957d_db4e30ac08d3-17, groupId=Consumer-topic-0872defc_9cf9_428e_957d_db4e30ac08d3] Cluster ID: utE1hb3GTCWLCoAPsWG7_Q
2025-08-05 17:03:22,429 INFO  [org.apa.kaf.cli.con.int.ConsumerCoordinator] (Thread-735) [Consumer clientId=consumer-Consumer-topic-0872defc_9cf9_428e_957d_db4e30ac08d3-17, groupId=Consumer-topic-0872defc_9cf9_428e_957d_db4e30ac08d3] Discovered group coordinator localhost:32769 (id: 2147483647 rack: null)
2025-08-05 17:03:22,430 INFO  [org.apa.kaf.cli.con.int.ConsumerCoordinator] (Thread-735) [Consumer clientId=consumer-Consumer-topic-0872defc_9cf9_428e_957d_db4e30ac08d3-17, groupId=Consumer-topic-0872defc_9cf9_428e_957d_db4e30ac08d3] (Re-)joining group
2025-08-05 17:03:22,432 INFO  [org.apa.kaf.cli.con.int.ConsumerCoordinator] (Thread-735) [Consumer clientId=consumer-Consumer-topic-0872defc_9cf9_428e_957d_db4e30ac08d3-17, groupId=Consumer-topic-0872defc_9cf9_428e_957d_db4e30ac08d3] Request joining group due to: need to re-join with the given member-id: consumer-Consumer-topic-0872defc_9cf9_428e_957d_db4e30ac08d3-17-f3ecc3d5-db7a-45b2-a094-2f46b88bb782
2025-08-05 17:03:22,432 INFO  [org.apa.kaf.cli.con.int.ConsumerCoordinator] (Thread-735) [Consumer clientId=consumer-Consumer-topic-0872defc_9cf9_428e_957d_db4e30ac08d3-17, groupId=Consumer-topic-0872defc_9cf9_428e_957d_db4e30ac08d3] (Re-)joining group
2025-08-05 17:03:23,426 INFO  [io.api.tes.ser.api.KafkaSerdesTester] (Thread-735) None found
2025-08-05 17:03:24,426 INFO  [io.api.tes.ser.api.KafkaSerdesTester] (Thread-735) None found
2025-08-05 17:03:25,426 INFO  [io.api.tes.ser.api.KafkaSerdesTester] (Thread-735) None found
2025-08-05 17:03:25,433 INFO  [org.apa.kaf.cli.con.int.ConsumerCoordinator] (Thread-735) [Consumer clientId=consumer-Consumer-topic-0872defc_9cf9_428e_957d_db4e30ac08d3-17, groupId=Consumer-topic-0872defc_9cf9_428e_957d_db4e30ac08d3] Successfully joined group with generation Generation{generationId=1, memberId='consumer-Consumer-topic-0872defc_9cf9_428e_957d_db4e30ac08d3-17-f3ecc3d5-db7a-45b2-a094-2f46b88bb782', protocol='range'}
2025-08-05 17:03:25,434 INFO  [org.apa.kaf.cli.con.int.ConsumerCoordinator] (Thread-735) [Consumer clientId=consumer-Consumer-topic-0872defc_9cf9_428e_957d_db4e30ac08d3-17, groupId=Consumer-topic-0872defc_9cf9_428e_957d_db4e30ac08d3] Finished assignment for group at generation 1: {consumer-Consumer-topic-0872defc_9cf9_428e_957d_db4e30ac08d3-17-f3ecc3d5-db7a-45b2-a094-2f46b88bb782=Assignment(partitions=[topic-0872defc_9cf9_428e_957d_db4e30ac08d3-0])}
2025-08-05 17:03:25,440 INFO  [org.apa.kaf.cli.con.int.ConsumerCoordinator] (Thread-735) [Consumer clientId=consumer-Consumer-topic-0872defc_9cf9_428e_957d_db4e30ac08d3-17, groupId=Consumer-topic-0872defc_9cf9_428e_957d_db4e30ac08d3] Successfully synced group in generation Generation{generationId=1, memberId='consumer-Consumer-topic-0872defc_9cf9_428e_957d_db4e30ac08d3-17-f3ecc3d5-db7a-45b2-a094-2f46b88bb782', protocol='range'}
2025-08-05 17:03:25,440 INFO  [org.apa.kaf.cli.con.int.ConsumerCoordinator] (Thread-735) [Consumer clientId=consumer-Consumer-topic-0872defc_9cf9_428e_957d_db4e30ac08d3-17, groupId=Consumer-topic-0872defc_9cf9_428e_957d_db4e30ac08d3] Notifying assignor about the new Assignment(partitions=[topic-0872defc_9cf9_428e_957d_db4e30ac08d3-0])
2025-08-05 17:03:25,440 INFO  [org.apa.kaf.cli.con.int.ConsumerRebalanceListenerInvoker] (Thread-735) [Consumer clientId=consumer-Consumer-topic-0872defc_9cf9_428e_957d_db4e30ac08d3-17, groupId=Consumer-topic-0872defc_9cf9_428e_957d_db4e30ac08d3] Adding newly assigned partitions: topic-0872defc_9cf9_428e_957d_db4e30ac08d3-0
2025-08-05 17:03:25,441 INFO  [org.apa.kaf.cli.con.int.ConsumerCoordinator] (Thread-735) [Consumer clientId=consumer-Consumer-topic-0872defc_9cf9_428e_957d_db4e30ac08d3-17, groupId=Consumer-topic-0872defc_9cf9_428e_957d_db4e30ac08d3] Found no committed offset for partition topic-0872defc_9cf9_428e_957d_db4e30ac08d3-0
2025-08-05 17:03:25,444 INFO  [org.apa.kaf.cli.con.int.SubscriptionState] (Thread-735) [Consumer clientId=consumer-Consumer-topic-0872defc_9cf9_428e_957d_db4e30ac08d3-17, groupId=Consumer-topic-0872defc_9cf9_428e_957d_db4e30ac08d3] Resetting offset for partition topic-0872defc_9cf9_428e_957d_db4e30ac08d3-0 to position FetchPosition{offset=0, offsetEpoch=Optional.empty, currentLeader=LeaderAndEpoch{leader=Optional[localhost:32769 (id: 0 rack: null)], epoch=0}}.
2025-08-05 17:03:25,486 INFO  [io.api.tes.ser.api.KafkaSerdesTester] (Thread-735) topic-0872defc_9cf9_428e_957d_db4e30ac08d3 0 0 {"username": null}
2025-08-05 17:03:25,486 INFO  [io.api.tes.ser.api.KafkaSerdesTester] (Thread-735) topic-0872defc_9cf9_428e_957d_db4e30ac08d3 0 1 {"username": null}
2025-08-05 17:03:25,486 INFO  [io.api.tes.ser.api.KafkaSerdesTester] (Thread-735) topic-0872defc_9cf9_428e_957d_db4e30ac08d3 0 2 {"username": "value-2"}
2025-08-05 17:03:25,486 INFO  [io.api.tes.ser.api.KafkaSerdesTester] (Thread-735) topic-0872defc_9cf9_428e_957d_db4e30ac08d3 0 3 {"username": null}
2025-08-05 17:03:25,486 INFO  [io.api.tes.ser.api.KafkaSerdesTester] (Thread-735) topic-0872defc_9cf9_428e_957d_db4e30ac08d3 0 4 {"username": "value-4"}
2025-08-05 17:03:25,486 INFO  [io.api.tes.ser.api.KafkaSerdesTester] (Thread-735) topic-0872defc_9cf9_428e_957d_db4e30ac08d3 0 5 {"username": null}
2025-08-05 17:03:25,486 INFO  [io.api.tes.ser.api.KafkaSerdesTester] (Thread-735) topic-0872defc_9cf9_428e_957d_db4e30ac08d3 0 6 {"username": "value-6"}
2025-08-05 17:03:25,486 INFO  [io.api.tes.ser.api.KafkaSerdesTester] (Thread-735) topic-0872defc_9cf9_428e_957d_db4e30ac08d3 0 7 {"username": null}
2025-08-05 17:03:25,486 INFO  [io.api.tes.ser.api.KafkaSerdesTester] (Thread-735) topic-0872defc_9cf9_428e_957d_db4e30ac08d3 0 8 {"username": "value-8"}
2025-08-05 17:03:25,487 INFO  [io.api.tes.ser.api.KafkaSerdesTester] (Thread-735) topic-0872defc_9cf9_428e_957d_db4e30ac08d3 0 9 {"username": null}
2025-08-05 17:03:25,487 INFO  [io.api.tes.ser.api.KafkaSerdesTester] (Thread-735) Consumed 10 messages
2025-08-05 17:03:25,493 INFO  [org.apa.kaf.cli.con.int.ConsumerRebalanceListenerInvoker] (Thread-735) [Consumer clientId=consumer-Consumer-topic-0872defc_9cf9_428e_957d_db4e30ac08d3-17, groupId=Consumer-topic-0872defc_9cf9_428e_957d_db4e30ac08d3] Revoke previously assigned partitions topic-0872defc_9cf9_428e_957d_db4e30ac08d3-0
2025-08-05 17:03:25,493 INFO  [org.apa.kaf.cli.con.int.ConsumerCoordinator] (Thread-735) [Consumer clientId=consumer-Consumer-topic-0872defc_9cf9_428e_957d_db4e30ac08d3-17, groupId=Consumer-topic-0872defc_9cf9_428e_957d_db4e30ac08d3] Member consumer-Consumer-topic-0872defc_9cf9_428e_957d_db4e30ac08d3-17-f3ecc3d5-db7a-45b2-a094-2f46b88bb782 sending LeaveGroup request to coordinator localhost:32769 (id: 2147483647 rack: null) due to the consumer is being closed
2025-08-05 17:03:25,493 INFO  [org.apa.kaf.cli.con.int.ConsumerCoordinator] (Thread-735) [Consumer clientId=consumer-Consumer-topic-0872defc_9cf9_428e_957d_db4e30ac08d3-17, groupId=Consumer-topic-0872defc_9cf9_428e_957d_db4e30ac08d3] Resetting generation and member id due to: consumer pro-actively leaving the group
2025-08-05 17:03:25,493 INFO  [org.apa.kaf.cli.con.int.ConsumerCoordinator] (Thread-735) [Consumer clientId=consumer-Consumer-topic-0872defc_9cf9_428e_957d_db4e30ac08d3-17, groupId=Consumer-topic-0872defc_9cf9_428e_957d_db4e30ac08d3] Request joining group due to: consumer pro-actively leaving the group
2025-08-05 17:03:25,989 INFO  [org.apa.kaf.com.met.Metrics] (Thread-735) Metrics scheduler closed
2025-08-05 17:03:25,989 INFO  [org.apa.kaf.com.met.Metrics] (Thread-735) Closing reporter org.apache.kafka.common.metrics.JmxReporter
2025-08-05 17:03:25,989 INFO  [org.apa.kaf.com.met.Metrics] (Thread-735) Closing reporter org.apache.kafka.common.telemetry.internals.ClientTelemetryReporter
2025-08-05 17:03:25,989 INFO  [org.apa.kaf.com.met.Metrics] (Thread-735) Metrics reporters closed
2025-08-05 17:03:25,991 INFO  [org.apa.kaf.com.uti.AppInfoParser] (Thread-735) App info kafka.consumer for consumer-Consumer-topic-0872defc_9cf9_428e_957d_db4e30ac08d3-17 unregistered
2025-08-05 17:03:25,991 INFO  [io.api.tes.uti.TestSeparator] (main) io.apicurio.tests.serdes.apicurio.AvroSerdeIT.testFirstEmptyFieldConfusedAsMagicByte-FINISHED
2025-08-05 17:03:25,991 INFO  [io.api.tes.uti.TestSeparator] (main) ############################################################################
Test passed: testFirstEmptyFieldConfusedAsMagicByte
]]></system-out>
  </testcase>
  <testcase name="testAvroSerDesFailDifferentSchemaByContent" classname="io.apicurio.tests.serdes.apicurio.AvroSerdeIT" time="1.097">
    <system-out><![CDATA[2025-08-05 17:03:25,993 INFO  [io.api.tes.uti.TestSeparator] (main) ############################################################################
2025-08-05 17:03:25,993 INFO  [io.api.tes.uti.TestSeparator] (main) io.apicurio.tests.serdes.apicurio.AvroSerdeIT.testAvroSerDesFailDifferentSchemaByContent-STARTED
**** Registry Base URL: http://registry-app-inmemory.apps.ci419.apicurio-testing.org:80
2025-08-05 17:03:27,032 INFO  [org.apa.kaf.cli.pro.ProducerConfig] (main) ProducerConfig values: 
	acks = -1
	auto.include.jmx.reporter = true
	batch.size = 16384
	bootstrap.servers = [PLAINTEXT://localhost:32769]
	buffer.memory = 33554432
	client.dns.lookup = use_all_dns_ips
	client.id = Producer-topic-7b69d150_d25f_4f46_858a_d92147fb8dee
	compression.gzip.level = -1
	compression.lz4.level = 9
	compression.type = none
	compression.zstd.level = 3
	connections.max.idle.ms = 10000
	delivery.timeout.ms = 120000
	enable.idempotence = true
	enable.metrics.push = true
	interceptor.classes = []
	key.serializer = class org.apache.kafka.common.serialization.StringSerializer
	linger.ms = 0
	max.block.ms = 60000
	max.in.flight.requests.per.connection = 5
	max.request.size = 1048576
	metadata.max.age.ms = 300000
	metadata.max.idle.ms = 300000
	metadata.recovery.strategy = none
	metric.reporters = []
	metrics.num.samples = 2
	metrics.recording.level = INFO
	metrics.sample.window.ms = 30000
	partitioner.adaptive.partitioning.enable = true
	partitioner.availability.timeout.ms = 0
	partitioner.class = null
	partitioner.ignore.keys = false
	receive.buffer.bytes = 32768
	reconnect.backoff.max.ms = 1000
	reconnect.backoff.ms = 50
	request.timeout.ms = 5000
	retries = 2147483647
	retry.backoff.max.ms = 1000
	retry.backoff.ms = 100
	sasl.client.callback.handler.class = null
	sasl.jaas.config = null
	sasl.kerberos.kinit.cmd = /usr/bin/kinit
	sasl.kerberos.min.time.before.relogin = 60000
	sasl.kerberos.service.name = null
	sasl.kerberos.ticket.renew.jitter = 0.05
	sasl.kerberos.ticket.renew.window.factor = 0.8
	sasl.login.callback.handler.class = null
	sasl.login.class = null
	sasl.login.connect.timeout.ms = null
	sasl.login.read.timeout.ms = null
	sasl.login.refresh.buffer.seconds = 300
	sasl.login.refresh.min.period.seconds = 60
	sasl.login.refresh.window.factor = 0.8
	sasl.login.refresh.window.jitter = 0.05
	sasl.login.retry.backoff.max.ms = 10000
	sasl.login.retry.backoff.ms = 100
	sasl.mechanism = GSSAPI
	sasl.oauthbearer.clock.skew.seconds = 30
	sasl.oauthbearer.expected.audience = null
	sasl.oauthbearer.expected.issuer = null
	sasl.oauthbearer.header.urlencode = false
	sasl.oauthbearer.jwks.endpoint.refresh.ms = 3600000
	sasl.oauthbearer.jwks.endpoint.retry.backoff.max.ms = 10000
	sasl.oauthbearer.jwks.endpoint.retry.backoff.ms = 100
	sasl.oauthbearer.jwks.endpoint.url = null
	sasl.oauthbearer.scope.claim.name = scope
	sasl.oauthbearer.sub.claim.name = sub
	sasl.oauthbearer.token.endpoint.url = null
	security.protocol = PLAINTEXT
	security.providers = null
	send.buffer.bytes = 131072
	socket.connection.setup.timeout.max.ms = 30000
	socket.connection.setup.timeout.ms = 10000
	ssl.cipher.suites = null
	ssl.enabled.protocols = [TLSv1.2, TLSv1.3]
	ssl.endpoint.identification.algorithm = https
	ssl.engine.factory.class = null
	ssl.key.password = null
	ssl.keymanager.algorithm = SunX509
	ssl.keystore.certificate.chain = null
	ssl.keystore.key = null
	ssl.keystore.location = null
	ssl.keystore.password = null
	ssl.keystore.type = JKS
	ssl.protocol = TLSv1.3
	ssl.provider = null
	ssl.secure.random.implementation = null
	ssl.trustmanager.algorithm = PKIX
	ssl.truststore.certificates = null
	ssl.truststore.location = null
	ssl.truststore.password = null
	ssl.truststore.type = JKS
	transaction.timeout.ms = 60000
	transactional.id = null
	value.serializer = class io.apicurio.registry.serde.avro.AvroKafkaSerializer

2025-08-05 17:03:27,033 INFO  [org.apa.kaf.com.tel.int.KafkaMetricsCollector] (main) initializing Kafka metrics collector
2025-08-05 17:03:27,036 INFO  [org.apa.kaf.cli.pro.KafkaProducer] (main) [Producer clientId=Producer-topic-7b69d150_d25f_4f46_858a_d92147fb8dee] Instantiated an idempotent producer.
2025-08-05 17:03:27,039 INFO  [org.apa.kaf.cli.pro.ProducerConfig] (main) These configurations '[apicurio.registry.url, apicurio.registry.artifact-resolver-strategy]' were supplied but are not used yet.
2025-08-05 17:03:27,039 INFO  [org.apa.kaf.com.uti.AppInfoParser] (main) Kafka version: 3.9.1
2025-08-05 17:03:27,039 INFO  [org.apa.kaf.com.uti.AppInfoParser] (main) Kafka commitId: f745dfdcee2b9851
2025-08-05 17:03:27,039 INFO  [org.apa.kaf.com.uti.AppInfoParser] (main) Kafka startTimeMs: 1754413407039
2025-08-05 17:03:27,039 INFO  [io.api.tes.ser.api.KafkaSerdesTester] (Thread-738) Sending message {"keyB": "value-0"} to topic topic-7b69d150_d25f_4f46_858a_d92147fb8dee
2025-08-05 17:03:27,045 INFO  [org.apa.kaf.cli.Metadata] (kafka-producer-network-thread | Producer-topic-7b69d150_d25f_4f46_858a_d92147fb8dee) [Producer clientId=Producer-topic-7b69d150_d25f_4f46_858a_d92147fb8dee] Cluster ID: utE1hb3GTCWLCoAPsWG7_Q
2025-08-05 17:03:27,046 INFO  [DefaultSchemaResolver] (Thread-738) Retrieving schema content using string: {"type":"record","name":"s5d09c74ax5729x43e3xa25ax20280d9bc009","namespace":"saea6f9f5x8cabx400axab02x4dfb9c72e2b1","fields":[{"name":"keyB","type":"string"}]}
2025-08-05 17:03:27,047 INFO  [org.apa.kaf.cli.pro.int.TransactionManager] (kafka-producer-network-thread | Producer-topic-7b69d150_d25f_4f46_858a_d92147fb8dee) [Producer clientId=Producer-topic-7b69d150_d25f_4f46_858a_d92147fb8dee] ProducerId set to 24 with epoch 0
2025-08-05 17:03:27,086 INFO  [org.apa.kaf.cli.pro.KafkaProducer] (Thread-738) [Producer clientId=Producer-topic-7b69d150_d25f_4f46_858a_d92147fb8dee] Closing the Kafka producer with timeoutMillis = 9223372036854775807 ms.
2025-08-05 17:03:27,087 INFO  [org.apa.kaf.com.met.Metrics] (Thread-738) Metrics scheduler closed
2025-08-05 17:03:27,087 INFO  [org.apa.kaf.com.met.Metrics] (Thread-738) Closing reporter org.apache.kafka.common.metrics.JmxReporter
2025-08-05 17:03:27,088 INFO  [org.apa.kaf.com.met.Metrics] (Thread-738) Closing reporter org.apache.kafka.common.telemetry.internals.ClientTelemetryReporter
2025-08-05 17:03:27,088 INFO  [org.apa.kaf.com.met.Metrics] (Thread-738) Metrics reporters closed
2025-08-05 17:03:27,088 INFO  [org.apa.kaf.com.uti.AppInfoParser] (Thread-738) App info kafka.producer for Producer-topic-7b69d150_d25f_4f46_858a_d92147fb8dee unregistered
2025-08-05 17:03:27,089 INFO  [io.api.tes.uti.TestSeparator] (main) io.apicurio.tests.serdes.apicurio.AvroSerdeIT.testAvroSerDesFailDifferentSchemaByContent-FINISHED
2025-08-05 17:03:27,089 INFO  [io.api.tes.uti.TestSeparator] (main) ############################################################################
Test passed: testAvroSerDesFailDifferentSchemaByContent
]]></system-out>
    <system-err><![CDATA[java.lang.RuntimeException: Could not resolve artifact reference by content: {"type":"record","name":"s5d09c74ax5729x43e3xa25ax20280d9bc009","namespace":"saea6f9f5x8cabx400axab02x4dfb9c72e2b1","fields":[{"name":"keyB","type":"string"}]}&ArtifactReference [groupId=saea6f9f5x8cabx400axab02x4dfb9c72e2b1, artifactId=s5d09c74ax5729x43e3xa25ax20280d9bc009, version=null, globalId=null, contentId=null, contentHash=null]
	at io.apicurio.registry.resolver.DefaultSchemaResolver.lambda$handleResolveSchemaByContent$3(DefaultSchemaResolver.java:265)
	at io.apicurio.registry.resolver.cache.ERCache.lambda$getValue$0(ERCache.java:174)
	at io.apicurio.registry.resolver.cache.ERCache.retry(ERCache.java:227)
	at io.apicurio.registry.resolver.cache.ERCache.getValue(ERCache.java:173)
	at io.apicurio.registry.resolver.cache.ERCache.getByContent(ERCache.java:147)
	at io.apicurio.registry.resolver.DefaultSchemaResolver.handleResolveSchemaByContent(DefaultSchemaResolver.java:253)
	at io.apicurio.registry.resolver.DefaultSchemaResolver.getSchemaFromRegistry(DefaultSchemaResolver.java:138)
	at io.apicurio.registry.resolver.DefaultSchemaResolver.lambda$resolveSchema$0(DefaultSchemaResolver.java:84)
	at java.base/java.util.Optional.orElseGet(Optional.java:364)
	at io.apicurio.registry.resolver.DefaultSchemaResolver.resolveSchema(DefaultSchemaResolver.java:84)
	at io.apicurio.registry.serde.AbstractSerializer.serializeData(AbstractSerializer.java:62)
	at io.apicurio.registry.serde.KafkaSerializer.serialize(KafkaSerializer.java:77)
	at org.apache.kafka.clients.producer.KafkaProducer.doSend(KafkaProducer.java:1046)
	at org.apache.kafka.clients.producer.KafkaProducer.send(KafkaProducer.java:993)
	at org.apache.kafka.clients.producer.KafkaProducer.send(KafkaProducer.java:875)
	at io.apicurio.tests.serdes.apicurio.KafkaSerdesTester.lambda$produceMessages$3(KafkaSerdesTester.java:138)
	at java.base/java.util.concurrent.CompletableFuture$AsyncSupply.run(CompletableFuture.java:1768)
	at java.base/java.lang.Thread.run(Thread.java:840)
]]></system-err>
  </testcase>
  <testcase name="testGlobalIdInBody" classname="io.apicurio.tests.serdes.apicurio.AvroSerdeIT" time="3.81">
    <system-out><![CDATA[2025-08-05 17:03:27,090 INFO  [io.api.tes.uti.TestSeparator] (main) ############################################################################
2025-08-05 17:03:27,090 INFO  [io.api.tes.uti.TestSeparator] (main) io.apicurio.tests.serdes.apicurio.AvroSerdeIT.testGlobalIdInBody-STARTED
**** Registry Base URL: http://registry-app-inmemory.apps.ci419.apicurio-testing.org:80
2025-08-05 17:03:27,096 INFO  [org.apa.kaf.cli.pro.ProducerConfig] (main) ProducerConfig values: 
	acks = -1
	auto.include.jmx.reporter = true
	batch.size = 16384
	bootstrap.servers = [PLAINTEXT://localhost:32769]
	buffer.memory = 33554432
	client.dns.lookup = use_all_dns_ips
	client.id = Producer-topic-008f0d03_5d9b_4b4e_8030_a6f3f59e2bc2
	compression.gzip.level = -1
	compression.lz4.level = 9
	compression.type = none
	compression.zstd.level = 3
	connections.max.idle.ms = 10000
	delivery.timeout.ms = 120000
	enable.idempotence = true
	enable.metrics.push = true
	interceptor.classes = []
	key.serializer = class org.apache.kafka.common.serialization.StringSerializer
	linger.ms = 0
	max.block.ms = 60000
	max.in.flight.requests.per.connection = 5
	max.request.size = 1048576
	metadata.max.age.ms = 300000
	metadata.max.idle.ms = 300000
	metadata.recovery.strategy = none
	metric.reporters = []
	metrics.num.samples = 2
	metrics.recording.level = INFO
	metrics.sample.window.ms = 30000
	partitioner.adaptive.partitioning.enable = true
	partitioner.availability.timeout.ms = 0
	partitioner.class = null
	partitioner.ignore.keys = false
	receive.buffer.bytes = 32768
	reconnect.backoff.max.ms = 1000
	reconnect.backoff.ms = 50
	request.timeout.ms = 5000
	retries = 2147483647
	retry.backoff.max.ms = 1000
	retry.backoff.ms = 100
	sasl.client.callback.handler.class = null
	sasl.jaas.config = null
	sasl.kerberos.kinit.cmd = /usr/bin/kinit
	sasl.kerberos.min.time.before.relogin = 60000
	sasl.kerberos.service.name = null
	sasl.kerberos.ticket.renew.jitter = 0.05
	sasl.kerberos.ticket.renew.window.factor = 0.8
	sasl.login.callback.handler.class = null
	sasl.login.class = null
	sasl.login.connect.timeout.ms = null
	sasl.login.read.timeout.ms = null
	sasl.login.refresh.buffer.seconds = 300
	sasl.login.refresh.min.period.seconds = 60
	sasl.login.refresh.window.factor = 0.8
	sasl.login.refresh.window.jitter = 0.05
	sasl.login.retry.backoff.max.ms = 10000
	sasl.login.retry.backoff.ms = 100
	sasl.mechanism = GSSAPI
	sasl.oauthbearer.clock.skew.seconds = 30
	sasl.oauthbearer.expected.audience = null
	sasl.oauthbearer.expected.issuer = null
	sasl.oauthbearer.header.urlencode = false
	sasl.oauthbearer.jwks.endpoint.refresh.ms = 3600000
	sasl.oauthbearer.jwks.endpoint.retry.backoff.max.ms = 10000
	sasl.oauthbearer.jwks.endpoint.retry.backoff.ms = 100
	sasl.oauthbearer.jwks.endpoint.url = null
	sasl.oauthbearer.scope.claim.name = scope
	sasl.oauthbearer.sub.claim.name = sub
	sasl.oauthbearer.token.endpoint.url = null
	security.protocol = PLAINTEXT
	security.providers = null
	send.buffer.bytes = 131072
	socket.connection.setup.timeout.max.ms = 30000
	socket.connection.setup.timeout.ms = 10000
	ssl.cipher.suites = null
	ssl.enabled.protocols = [TLSv1.2, TLSv1.3]
	ssl.endpoint.identification.algorithm = https
	ssl.engine.factory.class = null
	ssl.key.password = null
	ssl.keymanager.algorithm = SunX509
	ssl.keystore.certificate.chain = null
	ssl.keystore.key = null
	ssl.keystore.location = null
	ssl.keystore.password = null
	ssl.keystore.type = JKS
	ssl.protocol = TLSv1.3
	ssl.provider = null
	ssl.secure.random.implementation = null
	ssl.trustmanager.algorithm = PKIX
	ssl.truststore.certificates = null
	ssl.truststore.location = null
	ssl.truststore.password = null
	ssl.truststore.type = JKS
	transaction.timeout.ms = 60000
	transactional.id = null
	value.serializer = class io.apicurio.registry.serde.avro.AvroKafkaSerializer

2025-08-05 17:03:27,097 INFO  [org.apa.kaf.com.tel.int.KafkaMetricsCollector] (main) initializing Kafka metrics collector
2025-08-05 17:03:27,106 INFO  [org.apa.kaf.cli.pro.KafkaProducer] (main) [Producer clientId=Producer-topic-008f0d03_5d9b_4b4e_8030_a6f3f59e2bc2] Instantiated an idempotent producer.
2025-08-05 17:03:27,113 INFO  [org.apa.kaf.cli.pro.ProducerConfig] (main) These configurations '[apicurio.registry.url, apicurio.registry.auto-register, apicurio.registry.use-id, apicurio.registry.artifact-resolver-strategy]' were supplied but are not used yet.
2025-08-05 17:03:27,113 INFO  [org.apa.kaf.com.uti.AppInfoParser] (main) Kafka version: 3.9.1
2025-08-05 17:03:27,113 INFO  [org.apa.kaf.com.uti.AppInfoParser] (main) Kafka commitId: f745dfdcee2b9851
2025-08-05 17:03:27,113 INFO  [org.apa.kaf.com.uti.AppInfoParser] (main) Kafka startTimeMs: 1754413407113
2025-08-05 17:03:27,113 INFO  [io.api.tes.ser.api.SimpleSerdesTesterBuilder$SimpleSerdesTester] (main) Using producer configuration: {apicurio.registry.url=http://registry-app-inmemory.apps.ci419.apicurio-testing.org:80/apis/registry/v3, apicurio.registry.auto-register=true, apicurio.registry.use-id=globalId, apicurio.registry.artifact-resolver-strategy=io.apicurio.registry.serde.strategy.TopicIdStrategy, value.serializer=io.apicurio.registry.serde.avro.AvroKafkaSerializer, request.timeout.ms=5000, acks=all, bootstrap.servers=PLAINTEXT://localhost:32769, connections.max.idle.ms=10000, key.serializer=org.apache.kafka.common.serialization.StringSerializer, client.id=Producer-topic-008f0d03_5d9b_4b4e_8030_a6f3f59e2bc2}
2025-08-05 17:03:27,113 INFO  [io.api.tes.ser.api.SimpleSerdesTesterBuilder$SimpleSerdesTester] (main) Using consumer configuration: {apicurio.registry.use-id=globalId}
2025-08-05 17:03:27,115 INFO  [io.api.tes.ser.api.KafkaSerdesTester] (Thread-741) Sending message {"key11754413407094": "value-0"} to topic topic-008f0d03_5d9b_4b4e_8030_a6f3f59e2bc2
2025-08-05 17:03:27,119 WARN  [org.apa.kaf.cli.NetworkClient] (kafka-producer-network-thread | Producer-topic-008f0d03_5d9b_4b4e_8030_a6f3f59e2bc2) [Producer clientId=Producer-topic-008f0d03_5d9b_4b4e_8030_a6f3f59e2bc2] The metadata response from the cluster reported a recoverable issue with correlation id 1 : {topic-008f0d03_5d9b_4b4e_8030_a6f3f59e2bc2=UNKNOWN_TOPIC_OR_PARTITION}
2025-08-05 17:03:27,119 INFO  [org.apa.kaf.cli.Metadata] (kafka-producer-network-thread | Producer-topic-008f0d03_5d9b_4b4e_8030_a6f3f59e2bc2) [Producer clientId=Producer-topic-008f0d03_5d9b_4b4e_8030_a6f3f59e2bc2] Cluster ID: utE1hb3GTCWLCoAPsWG7_Q
2025-08-05 17:03:27,119 INFO  [org.apa.kaf.cli.pro.int.TransactionManager] (kafka-producer-network-thread | Producer-topic-008f0d03_5d9b_4b4e_8030_a6f3f59e2bc2) [Producer clientId=Producer-topic-008f0d03_5d9b_4b4e_8030_a6f3f59e2bc2] ProducerId set to 25 with epoch 0
2025-08-05 17:03:27,265 INFO  [io.api.tes.ser.api.KafkaSerdesTester] (Thread-741) Sending message {"key11754413407094": "value-1"} to topic topic-008f0d03_5d9b_4b4e_8030_a6f3f59e2bc2
2025-08-05 17:03:27,266 INFO  [io.api.tes.ser.api.KafkaSerdesTester] (Thread-741) Sending message {"key11754413407094": "value-2"} to topic topic-008f0d03_5d9b_4b4e_8030_a6f3f59e2bc2
2025-08-05 17:03:27,268 INFO  [io.api.tes.ser.api.KafkaSerdesTester] (Thread-741) Sending message {"key11754413407094": "value-3"} to topic topic-008f0d03_5d9b_4b4e_8030_a6f3f59e2bc2
2025-08-05 17:03:27,271 INFO  [io.api.tes.ser.api.KafkaSerdesTester] (Thread-741) Sending message {"key11754413407094": "value-4"} to topic topic-008f0d03_5d9b_4b4e_8030_a6f3f59e2bc2
2025-08-05 17:03:27,273 INFO  [io.api.tes.ser.api.KafkaSerdesTester] (Thread-741) Sending message {"key11754413407094": "value-5"} to topic topic-008f0d03_5d9b_4b4e_8030_a6f3f59e2bc2
2025-08-05 17:03:27,275 INFO  [io.api.tes.ser.api.KafkaSerdesTester] (Thread-741) Sending message {"key11754413407094": "value-6"} to topic topic-008f0d03_5d9b_4b4e_8030_a6f3f59e2bc2
2025-08-05 17:03:27,279 INFO  [io.api.tes.ser.api.KafkaSerdesTester] (Thread-741) Sending message {"key11754413407094": "value-7"} to topic topic-008f0d03_5d9b_4b4e_8030_a6f3f59e2bc2
2025-08-05 17:03:27,282 INFO  [io.api.tes.ser.api.KafkaSerdesTester] (Thread-741) Sending message {"key11754413407094": "value-8"} to topic topic-008f0d03_5d9b_4b4e_8030_a6f3f59e2bc2
2025-08-05 17:03:27,287 INFO  [io.api.tes.ser.api.KafkaSerdesTester] (Thread-741) Sending message {"key11754413407094": "value-9"} to topic topic-008f0d03_5d9b_4b4e_8030_a6f3f59e2bc2
2025-08-05 17:03:27,291 INFO  [io.api.tes.ser.api.KafkaSerdesTester] (Thread-741) Produced 10 messages
2025-08-05 17:03:27,291 INFO  [org.apa.kaf.cli.pro.KafkaProducer] (Thread-741) [Producer clientId=Producer-topic-008f0d03_5d9b_4b4e_8030_a6f3f59e2bc2] Closing the Kafka producer with timeoutMillis = 9223372036854775807 ms.
2025-08-05 17:03:27,295 INFO  [org.apa.kaf.com.met.Metrics] (Thread-741) Metrics scheduler closed
2025-08-05 17:03:27,295 INFO  [org.apa.kaf.com.met.Metrics] (Thread-741) Closing reporter org.apache.kafka.common.metrics.JmxReporter
2025-08-05 17:03:27,295 INFO  [org.apa.kaf.com.met.Metrics] (Thread-741) Closing reporter org.apache.kafka.common.telemetry.internals.ClientTelemetryReporter
2025-08-05 17:03:27,295 INFO  [org.apa.kaf.com.met.Metrics] (Thread-741) Metrics reporters closed
2025-08-05 17:03:27,295 INFO  [org.apa.kaf.com.uti.AppInfoParser] (Thread-741) App info kafka.producer for Producer-topic-008f0d03_5d9b_4b4e_8030_a6f3f59e2bc2 unregistered
**** Registry Base URL: http://registry-app-inmemory.apps.ci419.apicurio-testing.org:80
2025-08-05 17:03:27,321 INFO  [org.apa.kaf.cli.con.ConsumerConfig] (main) ConsumerConfig values: 
	allow.auto.create.topics = true
	auto.commit.interval.ms = 500
	auto.include.jmx.reporter = true
	auto.offset.reset = earliest
	bootstrap.servers = [PLAINTEXT://localhost:32769]
	check.crcs = true
	client.dns.lookup = use_all_dns_ips
	client.id = consumer-Consumer-topic-008f0d03_5d9b_4b4e_8030_a6f3f59e2bc2-18
	client.rack = 
	connections.max.idle.ms = 10000
	default.api.timeout.ms = 60000
	enable.auto.commit = true
	enable.metrics.push = true
	exclude.internal.topics = true
	fetch.max.bytes = 52428800
	fetch.max.wait.ms = 500
	fetch.min.bytes = 1
	group.id = Consumer-topic-008f0d03_5d9b_4b4e_8030_a6f3f59e2bc2
	group.instance.id = null
	group.protocol = classic
	group.remote.assignor = null
	heartbeat.interval.ms = 3000
	interceptor.classes = []
	internal.leave.group.on.close = true
	internal.throw.on.fetch.stable.offset.unsupported = false
	isolation.level = read_uncommitted
	key.deserializer = class org.apache.kafka.common.serialization.StringDeserializer
	max.partition.fetch.bytes = 1048576
	max.poll.interval.ms = 300000
	max.poll.records = 500
	metadata.max.age.ms = 300000
	metadata.recovery.strategy = none
	metric.reporters = []
	metrics.num.samples = 2
	metrics.recording.level = INFO
	metrics.sample.window.ms = 30000
	partition.assignment.strategy = [class org.apache.kafka.clients.consumer.RangeAssignor, class org.apache.kafka.clients.consumer.CooperativeStickyAssignor]
	receive.buffer.bytes = 65536
	reconnect.backoff.max.ms = 1000
	reconnect.backoff.ms = 50
	request.timeout.ms = 5000
	retry.backoff.max.ms = 1000
	retry.backoff.ms = 100
	sasl.client.callback.handler.class = null
	sasl.jaas.config = null
	sasl.kerberos.kinit.cmd = /usr/bin/kinit
	sasl.kerberos.min.time.before.relogin = 60000
	sasl.kerberos.service.name = null
	sasl.kerberos.ticket.renew.jitter = 0.05
	sasl.kerberos.ticket.renew.window.factor = 0.8
	sasl.login.callback.handler.class = null
	sasl.login.class = null
	sasl.login.connect.timeout.ms = null
	sasl.login.read.timeout.ms = null
	sasl.login.refresh.buffer.seconds = 300
	sasl.login.refresh.min.period.seconds = 60
	sasl.login.refresh.window.factor = 0.8
	sasl.login.refresh.window.jitter = 0.05
	sasl.login.retry.backoff.max.ms = 10000
	sasl.login.retry.backoff.ms = 100
	sasl.mechanism = GSSAPI
	sasl.oauthbearer.clock.skew.seconds = 30
	sasl.oauthbearer.expected.audience = null
	sasl.oauthbearer.expected.issuer = null
	sasl.oauthbearer.header.urlencode = false
	sasl.oauthbearer.jwks.endpoint.refresh.ms = 3600000
	sasl.oauthbearer.jwks.endpoint.retry.backoff.max.ms = 10000
	sasl.oauthbearer.jwks.endpoint.retry.backoff.ms = 100
	sasl.oauthbearer.jwks.endpoint.url = null
	sasl.oauthbearer.scope.claim.name = scope
	sasl.oauthbearer.sub.claim.name = sub
	sasl.oauthbearer.token.endpoint.url = null
	security.protocol = PLAINTEXT
	security.providers = null
	send.buffer.bytes = 131072
	session.timeout.ms = 45000
	socket.connection.setup.timeout.max.ms = 30000
	socket.connection.setup.timeout.ms = 10000
	ssl.cipher.suites = null
	ssl.enabled.protocols = [TLSv1.2, TLSv1.3]
	ssl.endpoint.identification.algorithm = https
	ssl.engine.factory.class = null
	ssl.key.password = null
	ssl.keymanager.algorithm = SunX509
	ssl.keystore.certificate.chain = null
	ssl.keystore.key = null
	ssl.keystore.location = null
	ssl.keystore.password = null
	ssl.keystore.type = JKS
	ssl.protocol = TLSv1.3
	ssl.provider = null
	ssl.secure.random.implementation = null
	ssl.trustmanager.algorithm = PKIX
	ssl.truststore.certificates = null
	ssl.truststore.location = null
	ssl.truststore.password = null
	ssl.truststore.type = JKS
	value.deserializer = class io.apicurio.registry.serde.avro.AvroKafkaDeserializer

2025-08-05 17:03:27,321 INFO  [org.apa.kaf.com.tel.int.KafkaMetricsCollector] (main) initializing Kafka metrics collector
2025-08-05 17:03:27,326 INFO  [org.apa.kaf.cli.con.ConsumerConfig] (main) These configurations '[apicurio.registry.url, apicurio.registry.use-id]' were supplied but are not used yet.
2025-08-05 17:03:27,326 INFO  [org.apa.kaf.com.uti.AppInfoParser] (main) Kafka version: 3.9.1
2025-08-05 17:03:27,326 INFO  [org.apa.kaf.com.uti.AppInfoParser] (main) Kafka commitId: f745dfdcee2b9851
2025-08-05 17:03:27,326 INFO  [org.apa.kaf.com.uti.AppInfoParser] (main) Kafka startTimeMs: 1754413407326
2025-08-05 17:03:27,328 INFO  [org.apa.kaf.cli.con.int.ClassicKafkaConsumer] (Thread-744) [Consumer clientId=consumer-Consumer-topic-008f0d03_5d9b_4b4e_8030_a6f3f59e2bc2-18, groupId=Consumer-topic-008f0d03_5d9b_4b4e_8030_a6f3f59e2bc2] Subscribed to topic(s): topic-008f0d03_5d9b_4b4e_8030_a6f3f59e2bc2
2025-08-05 17:03:27,332 INFO  [org.apa.kaf.cli.Metadata] (Thread-744) [Consumer clientId=consumer-Consumer-topic-008f0d03_5d9b_4b4e_8030_a6f3f59e2bc2-18, groupId=Consumer-topic-008f0d03_5d9b_4b4e_8030_a6f3f59e2bc2] Cluster ID: utE1hb3GTCWLCoAPsWG7_Q
2025-08-05 17:03:27,333 INFO  [org.apa.kaf.cli.con.int.ConsumerCoordinator] (Thread-744) [Consumer clientId=consumer-Consumer-topic-008f0d03_5d9b_4b4e_8030_a6f3f59e2bc2-18, groupId=Consumer-topic-008f0d03_5d9b_4b4e_8030_a6f3f59e2bc2] Discovered group coordinator localhost:32769 (id: 2147483647 rack: null)
2025-08-05 17:03:27,336 INFO  [org.apa.kaf.cli.con.int.ConsumerCoordinator] (Thread-744) [Consumer clientId=consumer-Consumer-topic-008f0d03_5d9b_4b4e_8030_a6f3f59e2bc2-18, groupId=Consumer-topic-008f0d03_5d9b_4b4e_8030_a6f3f59e2bc2] (Re-)joining group
2025-08-05 17:03:27,338 INFO  [org.apa.kaf.cli.con.int.ConsumerCoordinator] (Thread-744) [Consumer clientId=consumer-Consumer-topic-008f0d03_5d9b_4b4e_8030_a6f3f59e2bc2-18, groupId=Consumer-topic-008f0d03_5d9b_4b4e_8030_a6f3f59e2bc2] Request joining group due to: need to re-join with the given member-id: consumer-Consumer-topic-008f0d03_5d9b_4b4e_8030_a6f3f59e2bc2-18-9c17f54b-343a-4990-a66f-95a25580c436
2025-08-05 17:03:27,338 INFO  [org.apa.kaf.cli.con.int.ConsumerCoordinator] (Thread-744) [Consumer clientId=consumer-Consumer-topic-008f0d03_5d9b_4b4e_8030_a6f3f59e2bc2-18, groupId=Consumer-topic-008f0d03_5d9b_4b4e_8030_a6f3f59e2bc2] (Re-)joining group
2025-08-05 17:03:28,328 INFO  [io.api.tes.ser.api.KafkaSerdesTester] (Thread-744) None found
2025-08-05 17:03:29,329 INFO  [io.api.tes.ser.api.KafkaSerdesTester] (Thread-744) None found
2025-08-05 17:03:30,329 INFO  [io.api.tes.ser.api.KafkaSerdesTester] (Thread-744) None found
2025-08-05 17:03:30,341 INFO  [org.apa.kaf.cli.con.int.ConsumerCoordinator] (Thread-744) [Consumer clientId=consumer-Consumer-topic-008f0d03_5d9b_4b4e_8030_a6f3f59e2bc2-18, groupId=Consumer-topic-008f0d03_5d9b_4b4e_8030_a6f3f59e2bc2] Successfully joined group with generation Generation{generationId=1, memberId='consumer-Consumer-topic-008f0d03_5d9b_4b4e_8030_a6f3f59e2bc2-18-9c17f54b-343a-4990-a66f-95a25580c436', protocol='range'}
2025-08-05 17:03:30,341 INFO  [org.apa.kaf.cli.con.int.ConsumerCoordinator] (Thread-744) [Consumer clientId=consumer-Consumer-topic-008f0d03_5d9b_4b4e_8030_a6f3f59e2bc2-18, groupId=Consumer-topic-008f0d03_5d9b_4b4e_8030_a6f3f59e2bc2] Finished assignment for group at generation 1: {consumer-Consumer-topic-008f0d03_5d9b_4b4e_8030_a6f3f59e2bc2-18-9c17f54b-343a-4990-a66f-95a25580c436=Assignment(partitions=[topic-008f0d03_5d9b_4b4e_8030_a6f3f59e2bc2-0])}
2025-08-05 17:03:30,348 INFO  [org.apa.kaf.cli.con.int.ConsumerCoordinator] (Thread-744) [Consumer clientId=consumer-Consumer-topic-008f0d03_5d9b_4b4e_8030_a6f3f59e2bc2-18, groupId=Consumer-topic-008f0d03_5d9b_4b4e_8030_a6f3f59e2bc2] Successfully synced group in generation Generation{generationId=1, memberId='consumer-Consumer-topic-008f0d03_5d9b_4b4e_8030_a6f3f59e2bc2-18-9c17f54b-343a-4990-a66f-95a25580c436', protocol='range'}
2025-08-05 17:03:30,348 INFO  [org.apa.kaf.cli.con.int.ConsumerCoordinator] (Thread-744) [Consumer clientId=consumer-Consumer-topic-008f0d03_5d9b_4b4e_8030_a6f3f59e2bc2-18, groupId=Consumer-topic-008f0d03_5d9b_4b4e_8030_a6f3f59e2bc2] Notifying assignor about the new Assignment(partitions=[topic-008f0d03_5d9b_4b4e_8030_a6f3f59e2bc2-0])
2025-08-05 17:03:30,348 INFO  [org.apa.kaf.cli.con.int.ConsumerRebalanceListenerInvoker] (Thread-744) [Consumer clientId=consumer-Consumer-topic-008f0d03_5d9b_4b4e_8030_a6f3f59e2bc2-18, groupId=Consumer-topic-008f0d03_5d9b_4b4e_8030_a6f3f59e2bc2] Adding newly assigned partitions: topic-008f0d03_5d9b_4b4e_8030_a6f3f59e2bc2-0
2025-08-05 17:03:30,350 INFO  [org.apa.kaf.cli.con.int.ConsumerCoordinator] (Thread-744) [Consumer clientId=consumer-Consumer-topic-008f0d03_5d9b_4b4e_8030_a6f3f59e2bc2-18, groupId=Consumer-topic-008f0d03_5d9b_4b4e_8030_a6f3f59e2bc2] Found no committed offset for partition topic-008f0d03_5d9b_4b4e_8030_a6f3f59e2bc2-0
2025-08-05 17:03:30,352 INFO  [org.apa.kaf.cli.con.int.SubscriptionState] (Thread-744) [Consumer clientId=consumer-Consumer-topic-008f0d03_5d9b_4b4e_8030_a6f3f59e2bc2-18, groupId=Consumer-topic-008f0d03_5d9b_4b4e_8030_a6f3f59e2bc2] Resetting offset for partition topic-008f0d03_5d9b_4b4e_8030_a6f3f59e2bc2-0 to position FetchPosition{offset=0, offsetEpoch=Optional.empty, currentLeader=LeaderAndEpoch{leader=Optional[localhost:32769 (id: 0 rack: null)], epoch=0}}.
2025-08-05 17:03:30,393 INFO  [io.api.tes.ser.api.KafkaSerdesTester] (Thread-744) topic-008f0d03_5d9b_4b4e_8030_a6f3f59e2bc2 0 0 {"key11754413407094": "value-0"}
2025-08-05 17:03:30,393 INFO  [io.api.tes.ser.api.KafkaSerdesTester] (Thread-744) topic-008f0d03_5d9b_4b4e_8030_a6f3f59e2bc2 0 1 {"key11754413407094": "value-1"}
2025-08-05 17:03:30,393 INFO  [io.api.tes.ser.api.KafkaSerdesTester] (Thread-744) topic-008f0d03_5d9b_4b4e_8030_a6f3f59e2bc2 0 2 {"key11754413407094": "value-2"}
2025-08-05 17:03:30,393 INFO  [io.api.tes.ser.api.KafkaSerdesTester] (Thread-744) topic-008f0d03_5d9b_4b4e_8030_a6f3f59e2bc2 0 3 {"key11754413407094": "value-3"}
2025-08-05 17:03:30,393 INFO  [io.api.tes.ser.api.KafkaSerdesTester] (Thread-744) topic-008f0d03_5d9b_4b4e_8030_a6f3f59e2bc2 0 4 {"key11754413407094": "value-4"}
2025-08-05 17:03:30,393 INFO  [io.api.tes.ser.api.KafkaSerdesTester] (Thread-744) topic-008f0d03_5d9b_4b4e_8030_a6f3f59e2bc2 0 5 {"key11754413407094": "value-5"}
2025-08-05 17:03:30,394 INFO  [io.api.tes.ser.api.KafkaSerdesTester] (Thread-744) topic-008f0d03_5d9b_4b4e_8030_a6f3f59e2bc2 0 6 {"key11754413407094": "value-6"}
2025-08-05 17:03:30,394 INFO  [io.api.tes.ser.api.KafkaSerdesTester] (Thread-744) topic-008f0d03_5d9b_4b4e_8030_a6f3f59e2bc2 0 7 {"key11754413407094": "value-7"}
2025-08-05 17:03:30,394 INFO  [io.api.tes.ser.api.KafkaSerdesTester] (Thread-744) topic-008f0d03_5d9b_4b4e_8030_a6f3f59e2bc2 0 8 {"key11754413407094": "value-8"}
2025-08-05 17:03:30,394 INFO  [io.api.tes.ser.api.KafkaSerdesTester] (Thread-744) topic-008f0d03_5d9b_4b4e_8030_a6f3f59e2bc2 0 9 {"key11754413407094": "value-9"}
2025-08-05 17:03:30,394 INFO  [io.api.tes.ser.api.KafkaSerdesTester] (Thread-744) Consumed 10 messages
2025-08-05 17:03:30,401 INFO  [org.apa.kaf.cli.con.int.ConsumerRebalanceListenerInvoker] (Thread-744) [Consumer clientId=consumer-Consumer-topic-008f0d03_5d9b_4b4e_8030_a6f3f59e2bc2-18, groupId=Consumer-topic-008f0d03_5d9b_4b4e_8030_a6f3f59e2bc2] Revoke previously assigned partitions topic-008f0d03_5d9b_4b4e_8030_a6f3f59e2bc2-0
2025-08-05 17:03:30,401 INFO  [org.apa.kaf.cli.con.int.ConsumerCoordinator] (Thread-744) [Consumer clientId=consumer-Consumer-topic-008f0d03_5d9b_4b4e_8030_a6f3f59e2bc2-18, groupId=Consumer-topic-008f0d03_5d9b_4b4e_8030_a6f3f59e2bc2] Member consumer-Consumer-topic-008f0d03_5d9b_4b4e_8030_a6f3f59e2bc2-18-9c17f54b-343a-4990-a66f-95a25580c436 sending LeaveGroup request to coordinator localhost:32769 (id: 2147483647 rack: null) due to the consumer is being closed
2025-08-05 17:03:30,402 INFO  [org.apa.kaf.cli.con.int.ConsumerCoordinator] (Thread-744) [Consumer clientId=consumer-Consumer-topic-008f0d03_5d9b_4b4e_8030_a6f3f59e2bc2-18, groupId=Consumer-topic-008f0d03_5d9b_4b4e_8030_a6f3f59e2bc2] Resetting generation and member id due to: consumer pro-actively leaving the group
2025-08-05 17:03:30,402 INFO  [org.apa.kaf.cli.con.int.ConsumerCoordinator] (Thread-744) [Consumer clientId=consumer-Consumer-topic-008f0d03_5d9b_4b4e_8030_a6f3f59e2bc2-18, groupId=Consumer-topic-008f0d03_5d9b_4b4e_8030_a6f3f59e2bc2] Request joining group due to: consumer pro-actively leaving the group
2025-08-05 17:03:30,896 INFO  [org.apa.kaf.com.met.Metrics] (Thread-744) Metrics scheduler closed
2025-08-05 17:03:30,896 INFO  [org.apa.kaf.com.met.Metrics] (Thread-744) Closing reporter org.apache.kafka.common.metrics.JmxReporter
2025-08-05 17:03:30,896 INFO  [org.apa.kaf.com.met.Metrics] (Thread-744) Closing reporter org.apache.kafka.common.telemetry.internals.ClientTelemetryReporter
2025-08-05 17:03:30,897 INFO  [org.apa.kaf.com.met.Metrics] (Thread-744) Metrics reporters closed
2025-08-05 17:03:30,899 INFO  [org.apa.kaf.com.uti.AppInfoParser] (Thread-744) App info kafka.consumer for consumer-Consumer-topic-008f0d03_5d9b_4b4e_8030_a6f3f59e2bc2-18 unregistered
2025-08-05 17:03:30,899 INFO  [io.api.tes.uti.TestSeparator] (main) io.apicurio.tests.serdes.apicurio.AvroSerdeIT.testGlobalIdInBody-FINISHED
2025-08-05 17:03:30,899 INFO  [io.api.tes.uti.TestSeparator] (main) ############################################################################
Test passed: testGlobalIdInBody
]]></system-out>
  </testcase>
  <testcase name="testProducerUsesGlobalIdConsumerUsesDefault" classname="io.apicurio.tests.serdes.apicurio.AvroSerdeIT" time="0.0">
    <skipped message="void io.apicurio.tests.serdes.apicurio.AvroSerdeIT.testProducerUsesGlobalIdConsumerUsesDefault() throws java.lang.Exception is @Disabled"/>
  </testcase>
</testsuite>