<?xml version="1.0" encoding="UTF-8"?>
<testsuite xmlns:xsi="http://www.w3.org/2001/XMLSchema-instance" xsi:noNamespaceSchemaLocation="https://maven.apache.org/surefire/maven-failsafe-plugin/xsd/failsafe-test-report.xsd" version="3.0.2" name="io.apicurio.tests.serdes.apicurio.ProtobufSerdeIT" time="59.244" tests="17" errors="0" skipped="0" failures="0">
  <properties>
    <property name="java.specification.version" value="17"/>
    <property name="sun.jnu.encoding" value="UTF-8"/>
    <property name="java.class.path" value="/home/runner/work/apicurio-testing/apicurio-testing/clusters/ci419/namespaces/pg17/tests/integration/apicurio-registry/integration-tests/target/test-classes:/home/runner/work/apicurio-testing/apicurio-testing/clusters/ci419/namespaces/pg17/tests/integration/apicurio-registry/integration-tests/target/apicurio-registry-integration-tests-3.0.14-SNAPSHOT.jar:/home/runner/.m2/repository/io/quarkus/quarkus-junit5/3.20.2/quarkus-junit5-3.20.2.jar:/home/runner/.m2/repository/io/quarkus/quarkus-bootstrap-core/3.20.2/quarkus-bootstrap-core-3.20.2.jar:/home/runner/.m2/repository/io/quarkus/quarkus-classloader-commons/3.20.2/quarkus-classloader-commons-3.20.2.jar:/home/runner/.m2/repository/io/quarkus/quarkus-bootstrap-app-model/3.20.2/quarkus-bootstrap-app-model-3.20.2.jar:/home/runner/.m2/repository/io/smallrye/common/smallrye-common-io/2.12.0/smallrye-common-io-2.12.0.jar:/home/runner/.m2/repository/org/eclipse/sisu/org.eclipse.sisu.inject/0.9.0.M3/org.eclipse.sisu.inject-0.9.0.M3.jar:/home/runner/.m2/repository/io/quarkus/quarkus-test-common/3.20.2/quarkus-test-common-3.20.2.jar:/home/runner/.m2/repository/io/quarkus/quarkus-core-deployment/3.20.2/quarkus-core-deployment-3.20.2.jar:/home/runner/.m2/repository/org/aesh/readline/2.6/readline-2.6.jar:/home/runner/.m2/repository/org/fusesource/jansi/jansi/2.4.0/jansi-2.4.0.jar:/home/runner/.m2/repository/org/aesh/aesh/2.8.2/aesh-2.8.2.jar:/home/runner/.m2/repository/io/quarkus/gizmo/gizmo/1.8.0/gizmo-1.8.0.jar:/home/runner/.m2/repository/org/ow2/asm/asm-util/9.7.1/asm-util-9.7.1.jar:/home/runner/.m2/repository/org/ow2/asm/asm-analysis/9.7.1/asm-analysis-9.7.1.jar:/home/runner/.m2/repository/org/ow2/asm/asm-commons/9.7.1/asm-commons-9.7.1.jar:/home/runner/.m2/repository/org/ow2/asm/asm-tree/9.7.1/asm-tree-9.7.1.jar:/home/runner/.m2/repository/io/quarkus/quarkus-hibernate-validator-spi/3.20.2/quarkus-hibernate-validator-spi-3.20.2.jar:/home/runner/.m2/repository/io/quarkus/quarkus-class-change-agent/3.20.2/quarkus-class-change-agent-3.20.2.jar:/home/runner/.m2/repository/io/quarkus/quarkus-devtools-utilities/3.20.2/quarkus-devtools-utilities-3.20.2.jar:/home/runner/.m2/repository/io/quarkus/quarkus-builder/3.20.2/quarkus-builder-3.20.2.jar:/home/runner/.m2/repository/org/graalvm/sdk/nativeimage/23.1.2/nativeimage-23.1.2.jar:/home/runner/.m2/repository/org/graalvm/sdk/word/23.1.2/word-23.1.2.jar:/home/runner/.m2/repository/io/quarkus/quarkus-bootstrap-maven-resolver/3.20.2/quarkus-bootstrap-maven-resolver-3.20.2.jar:/home/runner/.m2/repository/io/smallrye/beanbag/smallrye-beanbag-maven/1.5.2/smallrye-beanbag-maven-1.5.2.jar:/home/runner/.m2/repository/io/smallrye/beanbag/smallrye-beanbag-sisu/1.5.2/smallrye-beanbag-sisu-1.5.2.jar:/home/runner/.m2/repository/io/smallrye/beanbag/smallrye-beanbag/1.5.2/smallrye-beanbag-1.5.2.jar:/home/runner/.m2/repository/javax/inject/javax.inject/1/javax.inject-1.jar:/home/runner/.m2/repository/org/apache/maven/maven-artifact/3.9.9/maven-artifact-3.9.9.jar:/home/runner/.m2/repository/org/apache/maven/maven-builder-support/3.9.9/maven-builder-support-3.9.9.jar:/home/runner/.m2/repository/org/apache/maven/maven-model/3.9.9/maven-model-3.9.9.jar:/home/runner/.m2/repository/org/apache/maven/maven-model-builder/3.9.9/maven-model-builder-3.9.9.jar:/home/runner/.m2/repository/org/apache/maven/maven-repository-metadata/3.9.9/maven-repository-metadata-3.9.9.jar:/home/runner/.m2/repository/org/apache/maven/maven-settings/3.9.9/maven-settings-3.9.9.jar:/home/runner/.m2/repository/org/apache/maven/resolver/maven-resolver-api/1.9.22/maven-resolver-api-1.9.22.jar:/home/runner/.m2/repository/org/apache/maven/resolver/maven-resolver-impl/1.9.22/maven-resolver-impl-1.9.22.jar:/home/runner/.m2/repository/org/apache/maven/resolver/maven-resolver-named-locks/1.9.22/maven-resolver-named-locks-1.9.22.jar:/home/runner/.m2/repository/org/apache/maven/resolver/maven-resolver-spi/1.9.22/maven-resolver-spi-1.9.22.jar:/home/runner/.m2/repository/org/apache/maven/resolver/maven-resolver-util/1.9.22/maven-resolver-util-1.9.22.jar:/home/runner/.m2/repository/org/apache/maven/resolver/maven-resolver-transport-http/1.9.20/maven-resolver-transport-http-1.9.20.jar:/home/runner/.m2/repository/org/apache/maven/wagon/wagon-provider-api/3.5.3/wagon-provider-api-3.5.3.jar:/home/runner/.m2/repository/org/apache/maven/wagon/wagon-http-shared/3.5.3/wagon-http-shared-3.5.3.jar:/home/runner/.m2/repository/org/codehaus/plexus/plexus-interpolation/1.26/plexus-interpolation-1.26.jar:/home/runner/.m2/repository/org/codehaus/plexus/plexus-utils/3.5.1/plexus-utils-3.5.1.jar:/home/runner/.m2/repository/org/codehaus/plexus/plexus-xml/4.0.1/plexus-xml-4.0.1.jar:/home/runner/.m2/repository/org/apache/maven/maven-xml-impl/4.0.0-alpha-5/maven-xml-impl-4.0.0-alpha-5.jar:/home/runner/.m2/repository/org/apache/maven/maven-api-xml/4.0.0-alpha-5/maven-api-xml-4.0.0-alpha-5.jar:/home/runner/.m2/repository/org/apache/maven/maven-api-meta/4.0.0-alpha-5/maven-api-meta-4.0.0-alpha-5.jar:/home/runner/.m2/repository/org/codehaus/plexus/plexus-cipher/2.0/plexus-cipher-2.0.jar:/home/runner/.m2/repository/org/codehaus/plexus/plexus-sec-dispatcher/2.0/plexus-sec-dispatcher-2.0.jar:/home/runner/.m2/repository/org/apache/maven/maven-embedder/3.9.9/maven-embedder-3.9.9.jar:/home/runner/.m2/repository/org/apache/maven/maven-core/3.9.9/maven-core-3.9.9.jar:/home/runner/.m2/repository/org/codehaus/plexus/plexus-component-annotations/2.1.0/plexus-component-annotations-2.1.0.jar:/home/runner/.m2/repository/org/apache/maven/maven-plugin-api/3.9.9/maven-plugin-api-3.9.9.jar:/home/runner/.m2/repository/org/apache/maven/shared/maven-shared-utils/3.4.2/maven-shared-utils-3.4.2.jar:/home/runner/.m2/repository/com/google/inject/guice/5.1.0/guice-5.1.0.jar:/home/runner/.m2/repository/aopalliance/aopalliance/1.0/aopalliance-1.0.jar:/home/runner/.m2/repository/org/codehaus/plexus/plexus-classworlds/2.6.0/plexus-classworlds-2.6.0.jar:/home/runner/.m2/repository/commons-cli/commons-cli/1.8.0/commons-cli-1.8.0.jar:/home/runner/.m2/repository/org/eclipse/sisu/org.eclipse.sisu.plexus/0.9.0.M3/org.eclipse.sisu.plexus-0.9.0.M3.jar:/home/runner/.m2/repository/org/apache/maven/maven-settings-builder/3.9.9/maven-settings-builder-3.9.9.jar:/home/runner/.m2/repository/org/apache/maven/maven-resolver-provider/3.9.9/maven-resolver-provider-3.9.9.jar:/home/runner/.m2/repository/org/apache/maven/resolver/maven-resolver-connector-basic/1.9.22/maven-resolver-connector-basic-1.9.22.jar:/home/runner/.m2/repository/org/apache/maven/resolver/maven-resolver-transport-wagon/1.9.22/maven-resolver-transport-wagon-1.9.22.jar:/home/runner/.m2/repository/org/apache/maven/wagon/wagon-http/3.5.3/wagon-http-3.5.3.jar:/home/runner/.m2/repository/org/apache/maven/wagon/wagon-file/3.5.3/wagon-file-3.5.3.jar:/home/runner/.m2/repository/io/quarkus/quarkus-bootstrap-gradle-resolver/3.20.2/quarkus-bootstrap-gradle-resolver-3.20.2.jar:/home/runner/.m2/repository/io/smallrye/jandex/3.3.0/jandex-3.3.0.jar:/home/runner/.m2/repository/org/jboss/logging/commons-logging-jboss-logging/1.0.0.Final/commons-logging-jboss-logging-1.0.0.Final.jar:/home/runner/.m2/repository/io/quarkus/quarkus-junit5-config/3.20.2/quarkus-junit5-config-3.20.2.jar:/home/runner/.m2/repository/org/junit/jupiter/junit-jupiter-api/5.12.1/junit-jupiter-api-5.12.1.jar:/home/runner/.m2/repository/io/smallrye/config/smallrye-config/3.11.4/smallrye-config-3.11.4.jar:/home/runner/.m2/repository/io/smallrye/config/smallrye-config-core/3.11.4/smallrye-config-core-3.11.4.jar:/home/runner/.m2/repository/io/smallrye/common/smallrye-common-classloader/2.12.0/smallrye-common-classloader-2.12.0.jar:/home/runner/.m2/repository/io/smallrye/config/smallrye-config-common/3.11.4/smallrye-config-common-3.11.4.jar:/home/runner/.m2/repository/org/junit/jupiter/junit-jupiter/5.12.1/junit-jupiter-5.12.1.jar:/home/runner/.m2/repository/org/junit/jupiter/junit-jupiter-params/5.12.1/junit-jupiter-params-5.12.1.jar:/home/runner/.m2/repository/org/junit/jupiter/junit-jupiter-engine/5.12.1/junit-jupiter-engine-5.12.1.jar:/home/runner/.m2/repository/io/quarkus/quarkus-core/3.20.2/quarkus-core-3.20.2.jar:/home/runner/.m2/repository/jakarta/enterprise/jakarta.enterprise.cdi-api/4.1.0/jakarta.enterprise.cdi-api-4.1.0.jar:/home/runner/.m2/repository/jakarta/enterprise/jakarta.enterprise.lang-model/4.1.0/jakarta.enterprise.lang-model-4.1.0.jar:/home/runner/.m2/repository/jakarta/el/jakarta.el-api/5.0.1/jakarta.el-api-5.0.1.jar:/home/runner/.m2/repository/jakarta/interceptor/jakarta.interceptor-api/2.2.0/jakarta.interceptor-api-2.2.0.jar:/home/runner/.m2/repository/jakarta/inject/jakarta.inject-api/2.0.1/jakarta.inject-api-2.0.1.jar:/home/runner/.m2/repository/io/smallrye/common/smallrye-common-os/2.12.0/smallrye-common-os-2.12.0.jar:/home/runner/.m2/repository/io/quarkus/quarkus-ide-launcher/3.20.2/quarkus-ide-launcher-3.20.2.jar:/home/runner/.m2/repository/io/quarkus/quarkus-development-mode-spi/3.20.2/quarkus-development-mode-spi-3.20.2.jar:/home/runner/.m2/repository/org/jboss/logging/jboss-logging/3.6.1.Final/jboss-logging-3.6.1.Final.jar:/home/runner/.m2/repository/org/jboss/logmanager/jboss-logmanager/3.1.2.Final/jboss-logmanager-3.1.2.Final.jar:/home/runner/.m2/repository/io/smallrye/common/smallrye-common-constraint/2.12.0/smallrye-common-constraint-2.12.0.jar:/home/runner/.m2/repository/io/smallrye/common/smallrye-common-cpu/2.12.0/smallrye-common-cpu-2.12.0.jar:/home/runner/.m2/repository/io/smallrye/common/smallrye-common-expression/2.12.0/smallrye-common-expression-2.12.0.jar:/home/runner/.m2/repository/io/smallrye/common/smallrye-common-net/2.12.0/smallrye-common-net-2.12.0.jar:/home/runner/.m2/repository/io/smallrye/common/smallrye-common-ref/2.12.0/smallrye-common-ref-2.12.0.jar:/home/runner/.m2/repository/jakarta/json/jakarta.json-api/2.1.3/jakarta.json-api-2.1.3.jar:/home/runner/.m2/repository/org/eclipse/parsson/parsson/1.1.7/parsson-1.1.7.jar:/home/runner/.m2/repository/org/jboss/logging/jboss-logging-annotations/3.0.4.Final/jboss-logging-annotations-3.0.4.Final.jar:/home/runner/.m2/repository/org/jboss/threads/jboss-threads/3.8.0.Final/jboss-threads-3.8.0.Final.jar:/home/runner/.m2/repository/io/smallrye/common/smallrye-common-annotation/2.12.0/smallrye-common-annotation-2.12.0.jar:/home/runner/.m2/repository/io/smallrye/common/smallrye-common-function/2.12.0/smallrye-common-function-2.12.0.jar:/home/runner/.m2/repository/org/jboss/slf4j/slf4j-jboss-logmanager/2.0.0.Final/slf4j-jboss-logmanager-2.0.0.Final.jar:/home/runner/.m2/repository/org/wildfly/common/wildfly-common/2.0.1/wildfly-common-2.0.1.jar:/home/runner/.m2/repository/io/quarkus/quarkus-bootstrap-runner/3.20.2/quarkus-bootstrap-runner-3.20.2.jar:/home/runner/.m2/repository/io/github/crac/org-crac/0.1.3/org-crac-0.1.3.jar:/home/runner/.m2/repository/io/quarkus/quarkus-fs-util/0.0.10/quarkus-fs-util-0.0.10.jar:/home/runner/.m2/repository/org/jboss/marshalling/jboss-marshalling/2.2.2.Final/jboss-marshalling-2.2.2.Final.jar:/home/runner/.m2/repository/io/fabric8/kubernetes-client/7.1.0/kubernetes-client-7.1.0.jar:/home/runner/.m2/repository/io/fabric8/kubernetes-client-api/7.1.0/kubernetes-client-api-7.1.0.jar:/home/runner/.m2/repository/io/fabric8/kubernetes-model-core/7.1.0/kubernetes-model-core-7.1.0.jar:/home/runner/.m2/repository/io/fabric8/kubernetes-model-common/7.1.0/kubernetes-model-common-7.1.0.jar:/home/runner/.m2/repository/javax/annotation/javax.annotation-api/1.3.2/javax.annotation-api-1.3.2.jar:/home/runner/.m2/repository/io/fabric8/kubernetes-model-gatewayapi/7.1.0/kubernetes-model-gatewayapi-7.1.0.jar:/home/runner/.m2/repository/io/fabric8/kubernetes-model-resource/7.1.0/kubernetes-model-resource-7.1.0.jar:/home/runner/.m2/repository/io/fabric8/kubernetes-model-rbac/7.1.0/kubernetes-model-rbac-7.1.0.jar:/home/runner/.m2/repository/io/fabric8/kubernetes-model-admissionregistration/7.1.0/kubernetes-model-admissionregistration-7.1.0.jar:/home/runner/.m2/repository/io/fabric8/kubernetes-model-apps/7.1.0/kubernetes-model-apps-7.1.0.jar:/home/runner/.m2/repository/io/fabric8/kubernetes-model-autoscaling/7.1.0/kubernetes-model-autoscaling-7.1.0.jar:/home/runner/.m2/repository/io/fabric8/kubernetes-model-apiextensions/7.1.0/kubernetes-model-apiextensions-7.1.0.jar:/home/runner/.m2/repository/io/fabric8/kubernetes-model-batch/7.1.0/kubernetes-model-batch-7.1.0.jar:/home/runner/.m2/repository/io/fabric8/kubernetes-model-certificates/7.1.0/kubernetes-model-certificates-7.1.0.jar:/home/runner/.m2/repository/io/fabric8/kubernetes-model-coordination/7.1.0/kubernetes-model-coordination-7.1.0.jar:/home/runner/.m2/repository/io/fabric8/kubernetes-model-discovery/7.1.0/kubernetes-model-discovery-7.1.0.jar:/home/runner/.m2/repository/io/fabric8/kubernetes-model-events/7.1.0/kubernetes-model-events-7.1.0.jar:/home/runner/.m2/repository/io/fabric8/kubernetes-model-extensions/7.1.0/kubernetes-model-extensions-7.1.0.jar:/home/runner/.m2/repository/io/fabric8/kubernetes-model-flowcontrol/7.1.0/kubernetes-model-flowcontrol-7.1.0.jar:/home/runner/.m2/repository/io/fabric8/kubernetes-model-networking/7.1.0/kubernetes-model-networking-7.1.0.jar:/home/runner/.m2/repository/io/fabric8/kubernetes-model-metrics/7.1.0/kubernetes-model-metrics-7.1.0.jar:/home/runner/.m2/repository/io/fabric8/kubernetes-model-policy/7.1.0/kubernetes-model-policy-7.1.0.jar:/home/runner/.m2/repository/io/fabric8/kubernetes-model-scheduling/7.1.0/kubernetes-model-scheduling-7.1.0.jar:/home/runner/.m2/repository/io/fabric8/kubernetes-model-storageclass/7.1.0/kubernetes-model-storageclass-7.1.0.jar:/home/runner/.m2/repository/io/fabric8/kubernetes-model-node/7.1.0/kubernetes-model-node-7.1.0.jar:/home/runner/.m2/repository/org/snakeyaml/snakeyaml-engine/2.9/snakeyaml-engine-2.9.jar:/home/runner/.m2/repository/com/fasterxml/jackson/dataformat/jackson-dataformat-yaml/2.18.2/jackson-dataformat-yaml-2.18.2.jar:/home/runner/.m2/repository/com/fasterxml/jackson/datatype/jackson-datatype-jsr310/2.18.2/jackson-datatype-jsr310-2.18.2.jar:/home/runner/.m2/repository/io/fabric8/zjsonpatch/7.1.0/zjsonpatch-7.1.0.jar:/home/runner/.m2/repository/io/fabric8/kubernetes-httpclient-vertx/7.1.0/kubernetes-httpclient-vertx-7.1.0.jar:/home/runner/.m2/repository/io/vertx/vertx-web-client/4.5.16/vertx-web-client-4.5.16.jar:/home/runner/.m2/repository/io/vertx/vertx-web-common/4.5.16/vertx-web-common-4.5.16.jar:/home/runner/.m2/repository/io/vertx/vertx-auth-common/4.5.16/vertx-auth-common-4.5.16.jar:/home/runner/.m2/repository/io/vertx/vertx-uri-template/4.5.16/vertx-uri-template-4.5.16.jar:/home/runner/.m2/repository/io/fabric8/openshift-client/7.1.0/openshift-client-7.1.0.jar:/home/runner/.m2/repository/io/fabric8/openshift-client-api/7.1.0/openshift-client-api-7.1.0.jar:/home/runner/.m2/repository/io/fabric8/openshift-model/7.1.0/openshift-model-7.1.0.jar:/home/runner/.m2/repository/io/fabric8/openshift-model-autoscaling/7.1.0/openshift-model-autoscaling-7.1.0.jar:/home/runner/.m2/repository/io/fabric8/openshift-model-operator/7.1.0/openshift-model-operator-7.1.0.jar:/home/runner/.m2/repository/io/fabric8/openshift-model-operatorhub/7.1.0/openshift-model-operatorhub-7.1.0.jar:/home/runner/.m2/repository/io/fabric8/openshift-model-machine/7.1.0/openshift-model-machine-7.1.0.jar:/home/runner/.m2/repository/io/fabric8/openshift-model-whereabouts/7.1.0/openshift-model-whereabouts-7.1.0.jar:/home/runner/.m2/repository/io/fabric8/openshift-model-monitoring/7.1.0/openshift-model-monitoring-7.1.0.jar:/home/runner/.m2/repository/io/fabric8/openshift-model-storageversionmigrator/7.1.0/openshift-model-storageversionmigrator-7.1.0.jar:/home/runner/.m2/repository/io/fabric8/openshift-model-tuned/7.1.0/openshift-model-tuned-7.1.0.jar:/home/runner/.m2/repository/io/fabric8/openshift-model-console/7.1.0/openshift-model-console-7.1.0.jar:/home/runner/.m2/repository/io/fabric8/openshift-model-config/7.1.0/openshift-model-config-7.1.0.jar:/home/runner/.m2/repository/io/fabric8/openshift-model-machineconfiguration/7.1.0/openshift-model-machineconfiguration-7.1.0.jar:/home/runner/.m2/repository/io/fabric8/openshift-model-miscellaneous/7.1.0/openshift-model-miscellaneous-7.1.0.jar:/home/runner/.m2/repository/io/fabric8/openshift-model-hive/7.1.0/openshift-model-hive-7.1.0.jar:/home/runner/.m2/repository/io/fabric8/openshift-model-installer/7.1.0/openshift-model-installer-7.1.0.jar:/home/runner/.m2/repository/org/junit/platform/junit-platform-launcher/1.12.1/junit-platform-launcher-1.12.1.jar:/home/runner/.m2/repository/org/junit/platform/junit-platform-engine/1.12.1/junit-platform-engine-1.12.1.jar:/home/runner/.m2/repository/org/opentest4j/opentest4j/1.3.0/opentest4j-1.3.0.jar:/home/runner/.m2/repository/org/junit/platform/junit-platform-commons/1.12.1/junit-platform-commons-1.12.1.jar:/home/runner/.m2/repository/org/apiguardian/apiguardian-api/1.1.2/apiguardian-api-1.1.2.jar:/home/runner/.m2/repository/jakarta/ws/rs/jakarta.ws.rs-api/3.1.0/jakarta.ws.rs-api-3.1.0.jar:/home/runner/work/apicurio-testing/apicurio-testing/clusters/ci419/namespaces/pg17/tests/integration/apicurio-registry/java-sdk/target/apicurio-registry-java-sdk-3.0.14-SNAPSHOT.jar:/home/runner/.m2/repository/com/microsoft/kiota/microsoft-kiota-abstractions/1.8.9/microsoft-kiota-abstractions-1.8.9.jar:/home/runner/.m2/repository/io/github/std-uritemplate/std-uritemplate/2.0.0/std-uritemplate-2.0.0.jar:/home/runner/.m2/repository/io/kiota/kiota-http-jdk/0.0.29/kiota-http-jdk-0.0.29.jar:/home/runner/.m2/repository/io/kiota/kiota-http-vertx/0.0.29/kiota-http-vertx-0.0.29.jar:/home/runner/.m2/repository/io/kiota/kiota-serialization-jackson/0.0.29/kiota-serialization-jackson-0.0.29.jar:/home/runner/.m2/repository/com/microsoft/kiota/microsoft-kiota-serialization-text/1.8.9/microsoft-kiota-serialization-text-1.8.9.jar:/home/runner/.m2/repository/com/microsoft/kiota/microsoft-kiota-serialization-form/1.8.9/microsoft-kiota-serialization-form-1.8.9.jar:/home/runner/.m2/repository/com/microsoft/kiota/microsoft-kiota-serialization-multipart/1.8.9/microsoft-kiota-serialization-multipart-1.8.9.jar:/home/runner/.m2/repository/jakarta/annotation/jakarta.annotation-api/3.0.0/jakarta.annotation-api-3.0.0.jar:/home/runner/.m2/repository/io/vertx/vertx-auth-oauth2/4.5.16/vertx-auth-oauth2-4.5.16.jar:/home/runner/work/apicurio-testing/apicurio-testing/clusters/ci419/namespaces/pg17/tests/integration/apicurio-registry/java-sdk-v2/target/apicurio-registry-v2-java-sdk-3.0.14-SNAPSHOT.jar:/home/runner/work/apicurio-testing/apicurio-testing/clusters/ci419/namespaces/pg17/tests/integration/apicurio-registry/utils/kafka/target/apicurio-registry-utils-kafka-3.0.14-SNAPSHOT-tests.jar:/home/runner/.m2/repository/org/eclipse/microprofile/config/microprofile-config-api/3.1/microprofile-config-api-3.1.jar:/home/runner/.m2/repository/org/apache/kafka/kafka-clients/3.9.1/kafka-clients-3.9.1.jar:/home/runner/.m2/repository/com/github/luben/zstd-jni/1.5.6-4/zstd-jni-1.5.6-4.jar:/home/runner/.m2/repository/org/lz4/lz4-java/1.8.0/lz4-java-1.8.0.jar:/home/runner/.m2/repository/org/xerial/snappy/snappy-java/1.1.10.5/snappy-java-1.1.10.5.jar:/home/runner/.m2/repository/org/slf4j/slf4j-api/2.0.6/slf4j-api-2.0.6.jar:/home/runner/work/apicurio-testing/apicurio-testing/clusters/ci419/namespaces/pg17/tests/integration/apicurio-registry/utils/tests/target/apicurio-registry-utils-tests-3.0.14-SNAPSHOT.jar:/home/runner/work/apicurio-testing/apicurio-testing/clusters/ci419/namespaces/pg17/tests/integration/apicurio-registry/common/target/apicurio-registry-common-3.0.14-SNAPSHOT.jar:/home/runner/.m2/repository/jakarta/validation/jakarta.validation-api/3.0.2/jakarta.validation-api-3.0.2.jar:/home/runner/.m2/repository/com/github/dasniko/testcontainers-keycloak/3.8.0/testcontainers-keycloak-3.8.0.jar:/home/runner/.m2/repository/org/testcontainers/testcontainers/1.20.6/testcontainers-1.20.6.jar:/home/runner/.m2/repository/org/rnorth/duct-tape/duct-tape/1.0.8/duct-tape-1.0.8.jar:/home/runner/.m2/repository/com/github/docker-java/docker-java-transport-zerodep/3.4.1/docker-java-transport-zerodep-3.4.1.jar:/home/runner/.m2/repository/com/github/docker-java/docker-java-transport/3.4.1/docker-java-transport-3.4.1.jar:/home/runner/.m2/repository/net/java/dev/jna/jna/5.8.0/jna-5.8.0.jar:/home/runner/.m2/repository/io/quarkus/quarkus-junit4-mock/3.20.2/quarkus-junit4-mock-3.20.2.jar:/home/runner/.m2/repository/org/jboss/shrinkwrap/shrinkwrap-api/2.0.0-beta-2/shrinkwrap-api-2.0.0-beta-2.jar:/home/runner/.m2/repository/org/jboss/shrinkwrap/shrinkwrap-impl-base/2.0.0-beta-2/shrinkwrap-impl-base-2.0.0-beta-2.jar:/home/runner/.m2/repository/org/jboss/shrinkwrap/shrinkwrap-spi/2.0.0-beta-2/shrinkwrap-spi-2.0.0-beta-2.jar:/home/runner/.m2/repository/org/keycloak/keycloak-admin-client/26.0.4/keycloak-admin-client-26.0.4.jar:/home/runner/.m2/repository/org/keycloak/keycloak-client-common-synced/26.0.4/keycloak-client-common-synced-26.0.4.jar:/home/runner/.m2/repository/jakarta/activation/jakarta.activation-api/2.1.3/jakarta.activation-api-2.1.3.jar:/home/runner/.m2/repository/org/eclipse/microprofile/openapi/microprofile-openapi-api/4.0.2/microprofile-openapi-api-4.0.2.jar:/home/runner/.m2/repository/org/jboss/resteasy/resteasy-client/6.2.12.Final/resteasy-client-6.2.12.Final.jar:/home/runner/.m2/repository/org/jboss/resteasy/resteasy-client-api/6.2.12.Final/resteasy-client-api-6.2.12.Final.jar:/home/runner/.m2/repository/org/jboss/resteasy/resteasy-core-spi/6.2.12.Final/resteasy-core-spi-6.2.12.Final.jar:/home/runner/.m2/repository/org/jboss/resteasy/resteasy-core/6.2.12.Final/resteasy-core-6.2.12.Final.jar:/home/runner/.m2/repository/org/eclipse/angus/angus-activation/2.0.2/angus-activation-2.0.2.jar:/home/runner/.m2/repository/com/ibm/async/asyncutil/0.1.0/asyncutil-0.1.0.jar:/home/runner/.m2/repository/org/reactivestreams/reactive-streams/1.0.4/reactive-streams-1.0.4.jar:/home/runner/.m2/repository/org/jboss/resteasy/resteasy-multipart-provider/6.2.12.Final/resteasy-multipart-provider-6.2.12.Final.jar:/home/runner/.m2/repository/jakarta/mail/jakarta.mail-api/2.1.3/jakarta.mail-api-2.1.3.jar:/home/runner/.m2/repository/org/eclipse/angus/angus-mail/2.0.3/angus-mail-2.0.3.jar:/home/runner/.m2/repository/org/apache/james/apache-mime4j-dom/0.8.12/apache-mime4j-dom-0.8.12.jar:/home/runner/.m2/repository/org/apache/james/apache-mime4j-core/0.8.12/apache-mime4j-core-0.8.12.jar:/home/runner/.m2/repository/org/apache/james/apache-mime4j-storage/0.8.12/apache-mime4j-storage-0.8.12.jar:/home/runner/.m2/repository/org/jboss/resteasy/resteasy-jackson2-provider/6.2.12.Final/resteasy-jackson2-provider-6.2.12.Final.jar:/home/runner/.m2/repository/com/fasterxml/jackson/jakarta/rs/jackson-jakarta-rs-base/2.18.2/jackson-jakarta-rs-base-2.18.2.jar:/home/runner/.m2/repository/com/fasterxml/jackson/jakarta/rs/jackson-jakarta-rs-json-provider/2.18.2/jackson-jakarta-rs-json-provider-2.18.2.jar:/home/runner/.m2/repository/com/fasterxml/jackson/module/jackson-module-jakarta-xmlbind-annotations/2.18.2/jackson-module-jakarta-xmlbind-annotations-2.18.2.jar:/home/runner/.m2/repository/com/github/java-json-tools/json-patch/1.13/json-patch-1.13.jar:/home/runner/.m2/repository/com/github/java-json-tools/msg-simple/1.2/msg-simple-1.2.jar:/home/runner/.m2/repository/com/github/java-json-tools/btf/1.3/btf-1.3.jar:/home/runner/.m2/repository/com/github/java-json-tools/jackson-coreutils/2.0/jackson-coreutils-2.0.jar:/home/runner/.m2/repository/org/jboss/resteasy/resteasy-jaxb-provider/6.2.12.Final/resteasy-jaxb-provider-6.2.12.Final.jar:/home/runner/.m2/repository/org/glassfish/jaxb/codemodel/4.0.5/codemodel-4.0.5.jar:/home/runner/.m2/repository/org/glassfish/jaxb/jaxb-core/4.0.5/jaxb-core-4.0.5.jar:/home/runner/.m2/repository/org/glassfish/jaxb/jaxb-jxc/4.0.5/jaxb-jxc-4.0.5.jar:/home/runner/.m2/repository/org/glassfish/jaxb/jaxb-runtime/4.0.5/jaxb-runtime-4.0.5.jar:/home/runner/.m2/repository/org/glassfish/jaxb/txw2/4.0.5/txw2-4.0.5.jar:/home/runner/.m2/repository/org/glassfish/jaxb/jaxb-xjc/4.0.5/jaxb-xjc-4.0.5.jar:/home/runner/.m2/repository/org/glassfish/jaxb/xsom/4.0.5/xsom-4.0.5.jar:/home/runner/.m2/repository/com/sun/istack/istack-commons-runtime/4.1.2/istack-commons-runtime-4.1.2.jar:/home/runner/.m2/repository/com/sun/istack/istack-commons-tools/4.1.2/istack-commons-tools-4.1.2.jar:/home/runner/.m2/repository/com/sun/xml/bind/external/relaxng-datatype/4.0.5/relaxng-datatype-4.0.5.jar:/home/runner/.m2/repository/com/sun/xml/bind/external/rngom/4.0.5/rngom-4.0.5.jar:/home/runner/.m2/repository/org/testcontainers/mssqlserver/1.20.6/mssqlserver-1.20.6.jar:/home/runner/.m2/repository/org/testcontainers/jdbc/1.20.6/jdbc-1.20.6.jar:/home/runner/.m2/repository/org/testcontainers/database-commons/1.20.6/database-commons-1.20.6.jar:/home/runner/.m2/repository/org/testcontainers/mysql/1.20.6/mysql-1.20.6.jar:/home/runner/.m2/repository/io/strimzi/strimzi-test-container/0.111.0/strimzi-test-container-0.111.0.jar:/home/runner/.m2/repository/org/testcontainers/toxiproxy/1.20.6/toxiproxy-1.20.6.jar:/home/runner/.m2/repository/com/github/docker-java/docker-java-api/3.4.1/docker-java-api-3.4.1.jar:/home/runner/.m2/repository/org/apache/logging/log4j/log4j-slf4j-impl/2.19.0/log4j-slf4j-impl-2.19.0.jar:/home/runner/.m2/repository/org/apache/logging/log4j/log4j-api/2.24.3/log4j-api-2.24.3.jar:/home/runner/.m2/repository/org/apache/logging/log4j/log4j-core/2.19.0/log4j-core-2.19.0.jar:/home/runner/.m2/repository/eu/rekawek/toxiproxy/toxiproxy-java/2.1.7/toxiproxy-java-2.1.7.jar:/home/runner/.m2/repository/org/testcontainers/pulsar/1.21.3/pulsar-1.21.3.jar:/home/runner/.m2/repository/io/debezium/debezium-testing-testcontainers/2.7.4.Final/debezium-testing-testcontainers-2.7.4.Final.jar:/home/runner/.m2/repository/org/testcontainers/kafka/1.20.6/kafka-1.20.6.jar:/home/runner/.m2/repository/com/squareup/okhttp3/okhttp/4.8.1/okhttp-4.8.1.jar:/home/runner/.m2/repository/com/squareup/okio/okio/3.10.2/okio-3.10.2.jar:/home/runner/.m2/repository/com/squareup/okio/okio-jvm/3.10.2/okio-jvm-3.10.2.jar:/home/runner/.m2/repository/org/jetbrains/kotlin/kotlin-stdlib/2.0.21/kotlin-stdlib-2.0.21.jar:/home/runner/.m2/repository/org/awaitility/awaitility/4.3.0/awaitility-4.3.0.jar:/home/runner/.m2/repository/org/testcontainers/mongodb/1.20.6/mongodb-1.20.6.jar:/home/runner/.m2/repository/org/testcontainers/mariadb/1.20.6/mariadb-1.20.6.jar:/home/runner/.m2/repository/org/testcontainers/oracle-xe/1.20.6/oracle-xe-1.20.6.jar:/home/runner/.m2/repository/org/testcontainers/postgresql/1.20.6/postgresql-1.20.6.jar:/home/runner/.m2/repository/org/wiremock/wiremock/3.0.1/wiremock-3.0.1.jar:/home/runner/.m2/repository/org/eclipse/jetty/jetty-server/11.0.15/jetty-server-11.0.15.jar:/home/runner/.m2/repository/org/eclipse/jetty/toolchain/jetty-jakarta-servlet-api/5.0.2/jetty-jakarta-servlet-api-5.0.2.jar:/home/runner/.m2/repository/org/eclipse/jetty/jetty-http/11.0.15/jetty-http-11.0.15.jar:/home/runner/.m2/repository/org/eclipse/jetty/jetty-io/11.0.15/jetty-io-11.0.15.jar:/home/runner/.m2/repository/org/eclipse/jetty/jetty-servlet/11.0.15/jetty-servlet-11.0.15.jar:/home/runner/.m2/repository/org/eclipse/jetty/jetty-security/11.0.15/jetty-security-11.0.15.jar:/home/runner/.m2/repository/org/eclipse/jetty/jetty-servlets/11.0.15/jetty-servlets-11.0.15.jar:/home/runner/.m2/repository/org/eclipse/jetty/jetty-util/11.0.15/jetty-util-11.0.15.jar:/home/runner/.m2/repository/org/eclipse/jetty/jetty-webapp/11.0.15/jetty-webapp-11.0.15.jar:/home/runner/.m2/repository/org/eclipse/jetty/jetty-xml/11.0.15/jetty-xml-11.0.15.jar:/home/runner/.m2/repository/org/eclipse/jetty/jetty-proxy/11.0.15/jetty-proxy-11.0.15.jar:/home/runner/.m2/repository/org/eclipse/jetty/jetty-client/11.0.15/jetty-client-11.0.15.jar:/home/runner/.m2/repository/org/eclipse/jetty/http2/http2-server/11.0.15/http2-server-11.0.15.jar:/home/runner/.m2/repository/org/eclipse/jetty/http2/http2-common/11.0.15/http2-common-11.0.15.jar:/home/runner/.m2/repository/org/eclipse/jetty/http2/http2-hpack/11.0.15/http2-hpack-11.0.15.jar:/home/runner/.m2/repository/org/eclipse/jetty/jetty-alpn-server/11.0.15/jetty-alpn-server-11.0.15.jar:/home/runner/.m2/repository/org/eclipse/jetty/jetty-alpn-java-server/11.0.15/jetty-alpn-java-server-11.0.15.jar:/home/runner/.m2/repository/org/eclipse/jetty/jetty-alpn-java-client/11.0.15/jetty-alpn-java-client-11.0.15.jar:/home/runner/.m2/repository/org/eclipse/jetty/jetty-alpn-client/11.0.15/jetty-alpn-client-11.0.15.jar:/home/runner/.m2/repository/org/apache/httpcomponents/client5/httpclient5/5.2.1/httpclient5-5.2.1.jar:/home/runner/.m2/repository/org/apache/httpcomponents/core5/httpcore5/5.2/httpcore5-5.2.jar:/home/runner/.m2/repository/org/apache/httpcomponents/core5/httpcore5-h2/5.2/httpcore5-h2-5.2.jar:/home/runner/.m2/repository/org/xmlunit/xmlunit-core/2.9.1/xmlunit-core-2.9.1.jar:/home/runner/.m2/repository/jakarta/xml/bind/jakarta.xml.bind-api/4.0.2/jakarta.xml.bind-api-4.0.2.jar:/home/runner/.m2/repository/org/xmlunit/xmlunit-legacy/2.9.1/xmlunit-legacy-2.9.1.jar:/home/runner/.m2/repository/org/xmlunit/xmlunit-placeholders/2.9.1/xmlunit-placeholders-2.9.1.jar:/home/runner/.m2/repository/net/javacrumbs/json-unit/json-unit-core/2.38.0/json-unit-core-2.38.0.jar:/home/runner/.m2/repository/org/hamcrest/hamcrest-core/2.2/hamcrest-core-2.2.jar:/home/runner/.m2/repository/com/jayway/jsonpath/json-path/2.8.0/json-path-2.8.0.jar:/home/runner/.m2/repository/net/minidev/json-smart/2.4.10/json-smart-2.4.10.jar:/home/runner/.m2/repository/net/minidev/accessors-smart/2.4.9/accessors-smart-2.4.9.jar:/home/runner/.m2/repository/org/ow2/asm/asm/9.7.1/asm-9.7.1.jar:/home/runner/.m2/repository/net/sf/jopt-simple/jopt-simple/5.0.4/jopt-simple-5.0.4.jar:/home/runner/.m2/repository/com/github/jknack/handlebars/4.3.1/handlebars-4.3.1.jar:/home/runner/.m2/repository/com/github/jknack/handlebars-helpers/4.3.1/handlebars-helpers-4.3.1.jar:/home/runner/.m2/repository/commons-fileupload/commons-fileupload/1.5/commons-fileupload-1.5.jar:/home/runner/.m2/repository/com/networknt/json-schema-validator/1.5.8/json-schema-validator-1.5.8.jar:/home/runner/.m2/repository/com/ethlo/time/itu/1.10.3/itu-1.10.3.jar:/home/runner/.m2/repository/io/quarkus/quarkus-smallrye-jwt-build/3.20.2/quarkus-smallrye-jwt-build-3.20.2.jar:/home/runner/.m2/repository/io/smallrye/smallrye-jwt-build/4.6.2/smallrye-jwt-build-4.6.2.jar:/home/runner/.m2/repository/org/eclipse/microprofile/jwt/microprofile-jwt-auth-api/2.1/microprofile-jwt-auth-api-2.1.jar:/home/runner/.m2/repository/org/bitbucket/b_c/jose4j/0.9.6/jose4j-0.9.6.jar:/home/runner/.m2/repository/io/smallrye/smallrye-jwt-common/4.6.2/smallrye-jwt-common-4.6.2.jar:/home/runner/.m2/repository/io/quarkus/quarkus-jsonp/3.20.2/quarkus-jsonp-3.20.2.jar:/home/runner/.m2/repository/io/quarkus/quarkus-arc/3.20.2/quarkus-arc-3.20.2.jar:/home/runner/.m2/repository/io/quarkus/arc/arc/3.20.2/arc-3.20.2.jar:/home/runner/.m2/repository/jakarta/transaction/jakarta.transaction-api/2.0.1/jakarta.transaction-api-2.0.1.jar:/home/runner/.m2/repository/io/smallrye/reactive/mutiny/2.9.2/mutiny-2.9.2.jar:/home/runner/.m2/repository/org/jctools/jctools-core/4.0.5/jctools-core-4.0.5.jar:/home/runner/.m2/repository/org/eclipse/microprofile/context-propagation/microprofile-context-propagation-api/1.3/microprofile-context-propagation-api-1.3.jar:/home/runner/.m2/repository/io/apicurio/apicurio-common-rest-client-common/0.1.18.Final/apicurio-common-rest-client-common-0.1.18.Final.jar:/home/runner/work/apicurio-testing/apicurio-testing/clusters/ci419/namespaces/pg17/tests/integration/apicurio-registry/utils/maven-plugin/target/apicurio-registry-maven-plugin-3.0.14-SNAPSHOT.jar:/home/runner/.m2/repository/com/fasterxml/jackson/core/jackson-databind/2.18.2/jackson-databind-2.18.2.jar:/home/runner/.m2/repository/org/apache/avro/avro/1.12.0/avro-1.12.0.jar:/home/runner/.m2/repository/com/google/protobuf/protobuf-java/4.32.0/protobuf-java-4.32.0.jar:/home/runner/.m2/repository/com/google/protobuf/protobuf-java-util/4.32.0/protobuf-java-util-4.32.0.jar:/home/runner/.m2/repository/com/google/code/findbugs/jsr305/3.0.2/jsr305-3.0.2.jar:/home/runner/.m2/repository/com/google/code/gson/gson/2.12.1/gson-2.12.1.jar:/home/runner/.m2/repository/com/google/errorprone/error_prone_annotations/2.36.0/error_prone_annotations-2.36.0.jar:/home/runner/.m2/repository/com/google/j2objc/j2objc-annotations/2.8/j2objc-annotations-2.8.jar:/home/runner/work/apicurio-testing/apicurio-testing/clusters/ci419/namespaces/pg17/tests/integration/apicurio-registry/schema-util/util-provider/target/apicurio-registry-schema-util-provider-3.0.14-SNAPSHOT.jar:/home/runner/work/apicurio-testing/apicurio-testing/clusters/ci419/namespaces/pg17/tests/integration/apicurio-registry/schema-util/common/target/apicurio-registry-schema-util-common-3.0.14-SNAPSHOT.jar:/home/runner/.m2/repository/com/fasterxml/jackson/module/jackson-module-parameter-names/2.18.2/jackson-module-parameter-names-2.18.2.jar:/home/runner/.m2/repository/com/fasterxml/jackson/datatype/jackson-datatype-json-org/2.18.2/jackson-datatype-json-org-2.18.2.jar:/home/runner/work/apicurio-testing/apicurio-testing/clusters/ci419/namespaces/pg17/tests/integration/apicurio-registry/schema-util/json/target/apicurio-registry-schema-util-json-3.0.14-SNAPSHOT.jar:/home/runner/.m2/repository/com/github/erosb/everit-json-schema/1.14.5/everit-json-schema-1.14.5.jar:/home/runner/.m2/repository/commons-validator/commons-validator/1.9.0/commons-validator-1.9.0.jar:/home/runner/.m2/repository/commons-digester/commons-digester/2.1/commons-digester-2.1.jar:/home/runner/.m2/repository/commons-collections/commons-collections/3.2.2/commons-collections-3.2.2.jar:/home/runner/.m2/repository/com/damnhandy/handy-uri-templates/2.1.8/handy-uri-templates-2.1.8.jar:/home/runner/.m2/repository/joda-time/joda-time/2.10.2/joda-time-2.10.2.jar:/home/runner/.m2/repository/com/github/erosb/json-sKema/0.20.0/json-sKema-0.20.0.jar:/home/runner/.m2/repository/io/vertx/vertx-json-schema/4.5.16/vertx-json-schema-4.5.16.jar:/home/runner/work/apicurio-testing/apicurio-testing/clusters/ci419/namespaces/pg17/tests/integration/apicurio-registry/schema-util/protobuf/target/apicurio-registry-schema-util-protobuf-3.0.14-SNAPSHOT.jar:/home/runner/work/apicurio-testing/apicurio-testing/clusters/ci419/namespaces/pg17/tests/integration/apicurio-registry/utils/protobuf-schema-utilities/target/apicurio-registry-protobuf-schema-utilities-3.0.14-SNAPSHOT.jar:/home/runner/.m2/repository/com/google/api/grpc/proto-google-common-protos/2.52.0/proto-google-common-protos-2.52.0.jar:/home/runner/.m2/repository/com/squareup/wire/wire-schema-jvm/5.3.3/wire-schema-jvm-5.3.3.jar:/home/runner/.m2/repository/com/palantir/javapoet/javapoet/0.6.0/javapoet-0.6.0.jar:/home/runner/.m2/repository/com/squareup/kotlinpoet-jvm/2.0.0/kotlinpoet-jvm-2.0.0.jar:/home/runner/.m2/repository/org/jetbrains/kotlin/kotlin-reflect/2.0.21/kotlin-reflect-2.0.21.jar:/home/runner/.m2/repository/com/squareup/wire/wire-runtime-jvm/5.3.3/wire-runtime-jvm-5.3.3.jar:/home/runner/.m2/repository/com/ibm/icu/icu4j/76.1/icu4j-76.1.jar:/home/runner/.m2/repository/com/squareup/okio/okio-fakefilesystem/3.10.2/okio-fakefilesystem-3.10.2.jar:/home/runner/.m2/repository/com/squareup/okio/okio-fakefilesystem-jvm/3.10.2/okio-fakefilesystem-jvm-3.10.2.jar:/home/runner/.m2/repository/org/jetbrains/kotlinx/kotlinx-datetime-jvm/0.6.1/kotlinx-datetime-jvm-0.6.1.jar:/home/runner/work/apicurio-testing/apicurio-testing/clusters/ci419/namespaces/pg17/tests/integration/apicurio-registry/schema-util/asyncapi/target/apicurio-registry-schema-util-asyncapi-3.0.14-SNAPSHOT.jar:/home/runner/work/apicurio-testing/apicurio-testing/clusters/ci419/namespaces/pg17/tests/integration/apicurio-registry/schema-util/avro/target/apicurio-registry-schema-util-avro-3.0.14-SNAPSHOT.jar:/home/runner/work/apicurio-testing/apicurio-testing/clusters/ci419/namespaces/pg17/tests/integration/apicurio-registry/schema-util/graphql/target/apicurio-registry-schema-util-graphql-3.0.14-SNAPSHOT.jar:/home/runner/.m2/repository/com/graphql-java/graphql-java/22.4/graphql-java-22.4.jar:/home/runner/.m2/repository/com/graphql-java/java-dataloader/3.3.0/java-dataloader-3.3.0.jar:/home/runner/work/apicurio-testing/apicurio-testing/clusters/ci419/namespaces/pg17/tests/integration/apicurio-registry/schema-util/kconnect/target/apicurio-registry-schema-util-kconnect-3.0.14-SNAPSHOT.jar:/home/runner/work/apicurio-testing/apicurio-testing/clusters/ci419/namespaces/pg17/tests/integration/apicurio-registry/schema-util/openapi/target/apicurio-registry-schema-util-openapi-3.0.14-SNAPSHOT.jar:/home/runner/.m2/repository/io/apicurio/apicurio-data-models/2.2.2/apicurio-data-models-2.2.2.jar:/home/runner/.m2/repository/org/slf4j/jcl-over-slf4j/2.0.6/jcl-over-slf4j-2.0.6.jar:/home/runner/.m2/repository/org/openapitools/openapidiff/openapi-diff-core/2.1.2/openapi-diff-core-2.1.2.jar:/home/runner/.m2/repository/io/swagger/parser/v3/swagger-parser/2.1.28/swagger-parser-2.1.28.jar:/home/runner/.m2/repository/io/swagger/parser/v3/swagger-parser-v2-converter/2.1.28/swagger-parser-v2-converter-2.1.28.jar:/home/runner/.m2/repository/io/swagger/swagger-core/1.6.16/swagger-core-1.6.16.jar:/home/runner/.m2/repository/io/swagger/swagger-models/1.6.16/swagger-models-1.6.16.jar:/home/runner/.m2/repository/io/swagger/swagger-annotations/1.6.16/swagger-annotations-1.6.16.jar:/home/runner/.m2/repository/io/swagger/swagger-parser/1.0.75/swagger-parser-1.0.75.jar:/home/runner/.m2/repository/io/swagger/swagger-parser-safe-url-resolver/1.0.75/swagger-parser-safe-url-resolver-1.0.75.jar:/home/runner/.m2/repository/io/swagger/swagger-compat-spec-parser/1.0.75/swagger-compat-spec-parser-1.0.75.jar:/home/runner/.m2/repository/com/github/java-json-tools/json-schema-validator/2.2.14/json-schema-validator-2.2.14.jar:/home/runner/.m2/repository/com/github/java-json-tools/jackson-coreutils-equivalence/1.0/jackson-coreutils-equivalence-1.0.jar:/home/runner/.m2/repository/com/github/java-json-tools/json-schema-core/1.2.14/json-schema-core-1.2.14.jar:/home/runner/.m2/repository/com/github/java-json-tools/uri-template/0.10/uri-template-0.10.jar:/home/runner/.m2/repository/com/googlecode/libphonenumber/libphonenumber/8.11.1/libphonenumber-8.11.1.jar:/home/runner/.m2/repository/com/j2html/j2html/1.6.0/j2html-1.6.0.jar:/home/runner/.m2/repository/org/apache/commons/commons-collections4/4.5.0/commons-collections4-4.5.0.jar:/home/runner/.m2/repository/io/swagger/parser/v3/swagger-parser-v3/2.1.31/swagger-parser-v3-2.1.31.jar:/home/runner/.m2/repository/io/swagger/core/v3/swagger-models/2.2.34/swagger-models-2.2.34.jar:/home/runner/.m2/repository/io/swagger/core/v3/swagger-core/2.2.34/swagger-core-2.2.34.jar:/home/runner/.m2/repository/io/swagger/parser/v3/swagger-parser-core/2.1.31/swagger-parser-core-2.1.31.jar:/home/runner/.m2/repository/io/swagger/parser/v3/swagger-parser-safe-url-resolver/2.1.31/swagger-parser-safe-url-resolver-2.1.31.jar:/home/runner/work/apicurio-testing/apicurio-testing/clusters/ci419/namespaces/pg17/tests/integration/apicurio-registry/schema-util/wsdl/target/apicurio-registry-schema-util-wsdl-3.0.14-SNAPSHOT.jar:/home/runner/.m2/repository/wsdl4j/wsdl4j/1.6.3/wsdl4j-1.6.3.jar:/home/runner/work/apicurio-testing/apicurio-testing/clusters/ci419/namespaces/pg17/tests/integration/apicurio-registry/schema-util/xml/target/apicurio-registry-schema-util-xml-3.0.14-SNAPSHOT.jar:/home/runner/.m2/repository/org/apache/santuario/xmlsec/4.0.4/xmlsec-4.0.4.jar:/home/runner/.m2/repository/com/fasterxml/woodstox/woodstox-core/7.1.1/woodstox-core-7.1.1.jar:/home/runner/.m2/repository/org/codehaus/woodstox/stax2-api/4.2.2/stax2-api-4.2.2.jar:/home/runner/work/apicurio-testing/apicurio-testing/clusters/ci419/namespaces/pg17/tests/integration/apicurio-registry/schema-util/xsd/target/apicurio-registry-schema-util-xsd-3.0.14-SNAPSHOT.jar:/home/runner/work/apicurio-testing/apicurio-testing/clusters/ci419/namespaces/pg17/tests/integration/apicurio-registry/serdes/kafka/jsonschema-serde/target/apicurio-registry-jsonschema-serde-kafka-3.0.14-SNAPSHOT.jar:/home/runner/work/apicurio-testing/apicurio-testing/clusters/ci419/namespaces/pg17/tests/integration/apicurio-registry/serdes/kafka/serde-kafka-common/target/apicurio-registry-serde-kafka-common-3.0.14-SNAPSHOT.jar:/home/runner/work/apicurio-testing/apicurio-testing/clusters/ci419/namespaces/pg17/tests/integration/apicurio-registry/serdes/generic/serde-common/target/apicurio-registry-serde-common-3.0.14-SNAPSHOT.jar:/home/runner/work/apicurio-testing/apicurio-testing/clusters/ci419/namespaces/pg17/tests/integration/apicurio-registry/serdes/generic/serde-common-jsonschema/target/apicurio-registry-serde-common-jsonschema-3.0.14-SNAPSHOT.jar:/home/runner/.m2/repository/org/json/json/20250107/json-20250107.jar:/home/runner/work/apicurio-testing/apicurio-testing/clusters/ci419/namespaces/pg17/tests/integration/apicurio-registry/serdes/kafka/avro-serde/target/apicurio-registry-avro-serde-kafka-3.0.14-SNAPSHOT.jar:/home/runner/work/apicurio-testing/apicurio-testing/clusters/ci419/namespaces/pg17/tests/integration/apicurio-registry/serdes/generic/serde-common-avro/target/apicurio-registry-serde-common-avro-3.0.14-SNAPSHOT.jar:/home/runner/work/apicurio-testing/apicurio-testing/clusters/ci419/namespaces/pg17/tests/integration/apicurio-registry/serdes/kafka/protobuf-serde/target/apicurio-registry-protobuf-serde-kafka-3.0.14-SNAPSHOT.jar:/home/runner/work/apicurio-testing/apicurio-testing/clusters/ci419/namespaces/pg17/tests/integration/apicurio-registry/serdes/generic/serde-common-protobuf/target/apicurio-registry-serde-common-protobuf-3.0.14-SNAPSHOT.jar:/home/runner/.m2/repository/com/squareup/wire/wire-schema/5.3.3/wire-schema-5.3.3.jar:/home/runner/.m2/repository/com/squareup/wire/wire-runtime/5.3.3/wire-runtime-5.3.3.jar:/home/runner/work/apicurio-testing/apicurio-testing/clusters/ci419/namespaces/pg17/tests/integration/apicurio-registry/serdes/pulsar/avro-serde/target/apicurio-registry-avro-serde-pulsar-3.0.14-SNAPSHOT.jar:/home/runner/.m2/repository/org/apache/pulsar/pulsar-functions-api/3.3.8/pulsar-functions-api-3.3.8.jar:/home/runner/work/apicurio-testing/apicurio-testing/clusters/ci419/namespaces/pg17/tests/integration/apicurio-registry/serdes/nats/avro-serde/target/apicurio-registry-avro-serde-nats-3.0.14-SNAPSHOT.jar:/home/runner/.m2/repository/io/nats/jnats/2.21.4/jnats-2.21.4.jar:/home/runner/.m2/repository/org/bouncycastle/bcprov-lts8on/2.73.7/bcprov-lts8on-2.73.7.jar:/home/runner/.m2/repository/org/jetbrains/annotations/26.0.2/annotations-26.0.2.jar:/home/runner/work/apicurio-testing/apicurio-testing/clusters/ci419/namespaces/pg17/tests/integration/apicurio-registry/utils/converter/target/apicurio-registry-utils-converter-3.0.14-SNAPSHOT.jar:/home/runner/work/apicurio-testing/apicurio-testing/clusters/ci419/namespaces/pg17/tests/integration/apicurio-registry/schema-resolver/target/apicurio-registry-schema-resolver-3.0.14-SNAPSHOT.jar:/home/runner/.m2/repository/org/apache/kafka/connect-api/3.9.1/connect-api-3.9.1.jar:/home/runner/.m2/repository/javax/ws/rs/javax.ws.rs-api/2.1.1/javax.ws.rs-api-2.1.1.jar:/home/runner/.m2/repository/org/apache/kafka/connect-json/3.9.1/connect-json-3.9.1.jar:/home/runner/.m2/repository/com/fasterxml/jackson/datatype/jackson-datatype-jdk8/2.18.2/jackson-datatype-jdk8-2.18.2.jar:/home/runner/.m2/repository/com/fasterxml/jackson/module/jackson-module-afterburner/2.18.2/jackson-module-afterburner-2.18.2.jar:/home/runner/work/apicurio-testing/apicurio-testing/clusters/ci419/namespaces/pg17/tests/integration/apicurio-registry/utils/kafka/target/apicurio-registry-utils-kafka-3.0.14-SNAPSHOT.jar:/home/runner/.m2/repository/org/apache/pulsar/pulsar-client/3.3.8/pulsar-client-3.3.8.jar:/home/runner/.m2/repository/org/apache/pulsar/pulsar-client-api/3.3.8/pulsar-client-api-3.3.8.jar:/home/runner/.m2/repository/org/apache/pulsar/pulsar-client-admin-api/3.3.8/pulsar-client-admin-api-3.3.8.jar:/home/runner/.m2/repository/org/apache/pulsar/bouncy-castle-bc/3.3.8/bouncy-castle-bc-3.3.8-pkg.jar:/home/runner/.m2/repository/org/bouncycastle/bcpkix-jdk18on/1.81/bcpkix-jdk18on-1.81.jar:/home/runner/.m2/repository/org/bouncycastle/bcutil-jdk18on/1.81/bcutil-jdk18on-1.81.jar:/home/runner/.m2/repository/org/bouncycastle/bcprov-jdk18on/1.81/bcprov-jdk18on-1.81.jar:/home/runner/.m2/repository/io/opentelemetry/opentelemetry-api/1.44.1/opentelemetry-api-1.44.1.jar:/home/runner/.m2/repository/io/opentelemetry/opentelemetry-context/1.44.1/opentelemetry-context-1.44.1.jar:/home/runner/.m2/repository/io/opentelemetry/opentelemetry-api-incubator/1.44.1-alpha/opentelemetry-api-incubator-1.44.1-alpha.jar:/home/runner/.m2/repository/com/fasterxml/jackson/core/jackson-annotations/2.18.2/jackson-annotations-2.18.2.jar:/home/runner/.m2/repository/javax/validation/validation-api/1.1.0.Final/validation-api-1.1.0.Final.jar:/home/runner/.m2/repository/org/jspecify/jspecify/1.0.0/jspecify-1.0.0.jar:/home/runner/.m2/repository/org/apache/commons/commons-configuration2/2.12.0/commons-configuration2-2.12.0.jar:/home/runner/.m2/repository/commons-logging/commons-logging/1.3.5/commons-logging-1.3.5.jar:/home/runner/.m2/repository/org/apache/commons/commons-text/1.13.0/commons-text-1.13.0.jar:/home/runner/.m2/repository/io/confluent/kafka-avro-serializer/8.0.0/kafka-avro-serializer-8.0.0.jar:/home/runner/.m2/repository/org/apache/commons/commons-compress/1.27.1/commons-compress-1.27.1.jar:/home/runner/.m2/repository/io/confluent/kafka-schema-serializer/8.0.0/kafka-schema-serializer-8.0.0.jar:/home/runner/.m2/repository/com/fasterxml/jackson/dataformat/jackson-dataformat-csv/2.18.2/jackson-dataformat-csv-2.18.2.jar:/home/runner/.m2/repository/io/confluent/kafka-schema-registry-client/8.0.0/kafka-schema-registry-client-8.0.0.jar:/home/runner/.m2/repository/org/yaml/snakeyaml/2.3/snakeyaml-2.3.jar:/home/runner/.m2/repository/io/swagger/core/v3/swagger-annotations/2.2.29/swagger-annotations-2.2.29.jar:/home/runner/.m2/repository/com/google/guava/guava/33.4.0-jre/guava-33.4.0-jre.jar:/home/runner/.m2/repository/com/google/guava/failureaccess/1.0.1/failureaccess-1.0.1.jar:/home/runner/.m2/repository/org/checkerframework/checker-qual/3.49.0/checker-qual-3.49.0.jar:/home/runner/.m2/repository/io/confluent/logredactor/1.0.13/logredactor-1.0.13.jar:/home/runner/.m2/repository/com/google/re2j/re2j/1.6/re2j-1.6.jar:/home/runner/.m2/repository/io/confluent/logredactor-metrics/1.0.13/logredactor-metrics-1.0.13.jar:/home/runner/.m2/repository/com/eclipsesource/minimal-json/minimal-json/0.9.5/minimal-json-0.9.5.jar:/home/runner/.m2/repository/io/confluent/common-utils/8.0.0/common-utils-8.0.0.jar:/home/runner/.m2/repository/io/confluent/kafka-connect-avro-converter/8.0.0/kafka-connect-avro-converter-8.0.0.jar:/home/runner/.m2/repository/io/confluent/kafka-connect-avro-data/8.0.0/kafka-connect-avro-data-8.0.0.jar:/home/runner/.m2/repository/io/confluent/kafka-schema-converter/8.0.0/kafka-schema-converter-8.0.0.jar:/home/runner/.m2/repository/io/rest-assured/rest-assured/5.5.1/rest-assured-5.5.1.jar:/home/runner/.m2/repository/org/apache/groovy/groovy/4.0.22/groovy-4.0.22.jar:/home/runner/.m2/repository/org/apache/groovy/groovy-xml/4.0.22/groovy-xml-4.0.22.jar:/home/runner/.m2/repository/org/apache/httpcomponents/httpclient/4.5.14/httpclient-4.5.14.jar:/home/runner/.m2/repository/org/apache/httpcomponents/httpcore/4.4.16/httpcore-4.4.16.jar:/home/runner/.m2/repository/org/apache/httpcomponents/httpmime/4.5.14/httpmime-4.5.14.jar:/home/runner/.m2/repository/org/hamcrest/hamcrest/2.2/hamcrest-2.2.jar:/home/runner/.m2/repository/org/ccil/cowan/tagsoup/tagsoup/1.2.1/tagsoup-1.2.1.jar:/home/runner/.m2/repository/io/rest-assured/json-path/5.5.1/json-path-5.5.1.jar:/home/runner/.m2/repository/org/apache/groovy/groovy-json/4.0.22/groovy-json-4.0.22.jar:/home/runner/.m2/repository/io/rest-assured/rest-assured-common/5.5.1/rest-assured-common-5.5.1.jar:/home/runner/.m2/repository/io/rest-assured/xml-path/5.5.1/xml-path-5.5.1.jar:/home/runner/.m2/repository/io/zonky/test/embedded-postgres/2.1.0/embedded-postgres-2.1.0.jar:/home/runner/.m2/repository/io/zonky/test/postgres/embedded-postgres-binaries-windows-amd64/14.15.0/embedded-postgres-binaries-windows-amd64-14.15.0.jar:/home/runner/.m2/repository/io/zonky/test/postgres/embedded-postgres-binaries-darwin-amd64/14.15.0/embedded-postgres-binaries-darwin-amd64-14.15.0.jar:/home/runner/.m2/repository/io/zonky/test/postgres/embedded-postgres-binaries-linux-amd64/14.15.0/embedded-postgres-binaries-linux-amd64-14.15.0.jar:/home/runner/.m2/repository/io/zonky/test/postgres/embedded-postgres-binaries-linux-amd64-alpine/14.15.0/embedded-postgres-binaries-linux-amd64-alpine-14.15.0.jar:/home/runner/.m2/repository/org/apache/commons/commons-lang3/3.17.0/commons-lang3-3.17.0.jar:/home/runner/.m2/repository/org/tukaani/xz/1.10/xz-1.10.jar:/home/runner/.m2/repository/commons-codec/commons-codec/1.19.0/commons-codec-1.19.0.jar:/home/runner/.m2/repository/org/postgresql/postgresql/42.7.7/postgresql-42.7.7.jar:/home/runner/.m2/repository/commons-io/commons-io/2.18.0/commons-io-2.18.0.jar:/home/runner/work/apicurio-testing/apicurio-testing/clusters/ci419/namespaces/pg17/tests/integration/apicurio-registry/utils/importexport/target/apicurio-registry-utils-import-export-3.0.14-SNAPSHOT.jar:/home/runner/.m2/repository/io/vertx/vertx-core/4.5.16/vertx-core-4.5.16.jar:/home/runner/.m2/repository/io/netty/netty-common/4.1.121.Final/netty-common-4.1.121.Final.jar:/home/runner/.m2/repository/io/netty/netty-buffer/4.1.121.Final/netty-buffer-4.1.121.Final.jar:/home/runner/.m2/repository/io/netty/netty-transport/4.1.121.Final/netty-transport-4.1.121.Final.jar:/home/runner/.m2/repository/io/netty/netty-handler/4.1.121.Final/netty-handler-4.1.121.Final.jar:/home/runner/.m2/repository/io/netty/netty-transport-native-unix-common/4.1.121.Final/netty-transport-native-unix-common-4.1.121.Final.jar:/home/runner/.m2/repository/io/netty/netty-codec/4.1.121.Final/netty-codec-4.1.121.Final.jar:/home/runner/.m2/repository/io/netty/netty-handler-proxy/4.1.121.Final/netty-handler-proxy-4.1.121.Final.jar:/home/runner/.m2/repository/io/netty/netty-codec-socks/4.1.121.Final/netty-codec-socks-4.1.121.Final.jar:/home/runner/.m2/repository/io/netty/netty-codec-http/4.1.121.Final/netty-codec-http-4.1.121.Final.jar:/home/runner/.m2/repository/io/netty/netty-codec-http2/4.1.121.Final/netty-codec-http2-4.1.121.Final.jar:/home/runner/.m2/repository/io/netty/netty-resolver/4.1.121.Final/netty-resolver-4.1.121.Final.jar:/home/runner/.m2/repository/io/netty/netty-resolver-dns/4.1.121.Final/netty-resolver-dns-4.1.121.Final.jar:/home/runner/.m2/repository/io/netty/netty-codec-dns/4.1.121.Final/netty-codec-dns-4.1.121.Final.jar:/home/runner/.m2/repository/com/fasterxml/jackson/core/jackson-core/2.18.2/jackson-core-2.18.2.jar:"/>
    <property name="java.vm.vendor" value="Eclipse Adoptium"/>
    <property name="maven.javadoc.skip" value="true"/>
    <property name="sun.arch.data.model" value="64"/>
    <property name="java.vendor.url" value="https://adoptium.net/"/>
    <property name="user.timezone" value="Etc/UTC"/>
    <property name="os.name" value="Linux"/>
    <property name="java.vm.specification.version" value="17"/>
    <property name="sun.java.launcher" value="SUN_STANDARD"/>
    <property name="quarkus.http.test-port" value="80"/>
    <property name="sun.boot.library.path" value="/usr/lib/jvm/temurin-17-jdk-amd64/lib"/>
    <property name="sun.java.command" value="/home/runner/work/apicurio-testing/apicurio-testing/clusters/ci419/namespaces/pg17/tests/integration/apicurio-registry/integration-tests/target/surefire/surefirebooter-20250902162244590_3.jar /home/runner/work/apicurio-testing/apicurio-testing/clusters/ci419/namespaces/pg17/tests/integration/apicurio-registry/integration-tests/target/surefire 2025-09-02T16-22-44_534-jvmRun1 surefire-20250902162244590_1tmp surefire_0-20250902162244590_2tmp"/>
    <property name="maven.home" value="/home/runner/.m2/wrapper/dists/apache-maven-3.9.8-bin/4fnp1ql35bgk2a0p7m31ovbgb0/apache-maven-3.9.8"/>
    <property name="jdk.debug" value="release"/>
    <property name="surefire.test.class.path" value="/home/runner/work/apicurio-testing/apicurio-testing/clusters/ci419/namespaces/pg17/tests/integration/apicurio-registry/integration-tests/target/test-classes:/home/runner/work/apicurio-testing/apicurio-testing/clusters/ci419/namespaces/pg17/tests/integration/apicurio-registry/integration-tests/target/apicurio-registry-integration-tests-3.0.14-SNAPSHOT.jar:/home/runner/.m2/repository/io/quarkus/quarkus-junit5/3.20.2/quarkus-junit5-3.20.2.jar:/home/runner/.m2/repository/io/quarkus/quarkus-bootstrap-core/3.20.2/quarkus-bootstrap-core-3.20.2.jar:/home/runner/.m2/repository/io/quarkus/quarkus-classloader-commons/3.20.2/quarkus-classloader-commons-3.20.2.jar:/home/runner/.m2/repository/io/quarkus/quarkus-bootstrap-app-model/3.20.2/quarkus-bootstrap-app-model-3.20.2.jar:/home/runner/.m2/repository/io/smallrye/common/smallrye-common-io/2.12.0/smallrye-common-io-2.12.0.jar:/home/runner/.m2/repository/org/eclipse/sisu/org.eclipse.sisu.inject/0.9.0.M3/org.eclipse.sisu.inject-0.9.0.M3.jar:/home/runner/.m2/repository/io/quarkus/quarkus-test-common/3.20.2/quarkus-test-common-3.20.2.jar:/home/runner/.m2/repository/io/quarkus/quarkus-core-deployment/3.20.2/quarkus-core-deployment-3.20.2.jar:/home/runner/.m2/repository/org/aesh/readline/2.6/readline-2.6.jar:/home/runner/.m2/repository/org/fusesource/jansi/jansi/2.4.0/jansi-2.4.0.jar:/home/runner/.m2/repository/org/aesh/aesh/2.8.2/aesh-2.8.2.jar:/home/runner/.m2/repository/io/quarkus/gizmo/gizmo/1.8.0/gizmo-1.8.0.jar:/home/runner/.m2/repository/org/ow2/asm/asm-util/9.7.1/asm-util-9.7.1.jar:/home/runner/.m2/repository/org/ow2/asm/asm-analysis/9.7.1/asm-analysis-9.7.1.jar:/home/runner/.m2/repository/org/ow2/asm/asm-commons/9.7.1/asm-commons-9.7.1.jar:/home/runner/.m2/repository/org/ow2/asm/asm-tree/9.7.1/asm-tree-9.7.1.jar:/home/runner/.m2/repository/io/quarkus/quarkus-hibernate-validator-spi/3.20.2/quarkus-hibernate-validator-spi-3.20.2.jar:/home/runner/.m2/repository/io/quarkus/quarkus-class-change-agent/3.20.2/quarkus-class-change-agent-3.20.2.jar:/home/runner/.m2/repository/io/quarkus/quarkus-devtools-utilities/3.20.2/quarkus-devtools-utilities-3.20.2.jar:/home/runner/.m2/repository/io/quarkus/quarkus-builder/3.20.2/quarkus-builder-3.20.2.jar:/home/runner/.m2/repository/org/graalvm/sdk/nativeimage/23.1.2/nativeimage-23.1.2.jar:/home/runner/.m2/repository/org/graalvm/sdk/word/23.1.2/word-23.1.2.jar:/home/runner/.m2/repository/io/quarkus/quarkus-bootstrap-maven-resolver/3.20.2/quarkus-bootstrap-maven-resolver-3.20.2.jar:/home/runner/.m2/repository/io/smallrye/beanbag/smallrye-beanbag-maven/1.5.2/smallrye-beanbag-maven-1.5.2.jar:/home/runner/.m2/repository/io/smallrye/beanbag/smallrye-beanbag-sisu/1.5.2/smallrye-beanbag-sisu-1.5.2.jar:/home/runner/.m2/repository/io/smallrye/beanbag/smallrye-beanbag/1.5.2/smallrye-beanbag-1.5.2.jar:/home/runner/.m2/repository/javax/inject/javax.inject/1/javax.inject-1.jar:/home/runner/.m2/repository/org/apache/maven/maven-artifact/3.9.9/maven-artifact-3.9.9.jar:/home/runner/.m2/repository/org/apache/maven/maven-builder-support/3.9.9/maven-builder-support-3.9.9.jar:/home/runner/.m2/repository/org/apache/maven/maven-model/3.9.9/maven-model-3.9.9.jar:/home/runner/.m2/repository/org/apache/maven/maven-model-builder/3.9.9/maven-model-builder-3.9.9.jar:/home/runner/.m2/repository/org/apache/maven/maven-repository-metadata/3.9.9/maven-repository-metadata-3.9.9.jar:/home/runner/.m2/repository/org/apache/maven/maven-settings/3.9.9/maven-settings-3.9.9.jar:/home/runner/.m2/repository/org/apache/maven/resolver/maven-resolver-api/1.9.22/maven-resolver-api-1.9.22.jar:/home/runner/.m2/repository/org/apache/maven/resolver/maven-resolver-impl/1.9.22/maven-resolver-impl-1.9.22.jar:/home/runner/.m2/repository/org/apache/maven/resolver/maven-resolver-named-locks/1.9.22/maven-resolver-named-locks-1.9.22.jar:/home/runner/.m2/repository/org/apache/maven/resolver/maven-resolver-spi/1.9.22/maven-resolver-spi-1.9.22.jar:/home/runner/.m2/repository/org/apache/maven/resolver/maven-resolver-util/1.9.22/maven-resolver-util-1.9.22.jar:/home/runner/.m2/repository/org/apache/maven/resolver/maven-resolver-transport-http/1.9.20/maven-resolver-transport-http-1.9.20.jar:/home/runner/.m2/repository/org/apache/maven/wagon/wagon-provider-api/3.5.3/wagon-provider-api-3.5.3.jar:/home/runner/.m2/repository/org/apache/maven/wagon/wagon-http-shared/3.5.3/wagon-http-shared-3.5.3.jar:/home/runner/.m2/repository/org/codehaus/plexus/plexus-interpolation/1.26/plexus-interpolation-1.26.jar:/home/runner/.m2/repository/org/codehaus/plexus/plexus-utils/3.5.1/plexus-utils-3.5.1.jar:/home/runner/.m2/repository/org/codehaus/plexus/plexus-xml/4.0.1/plexus-xml-4.0.1.jar:/home/runner/.m2/repository/org/apache/maven/maven-xml-impl/4.0.0-alpha-5/maven-xml-impl-4.0.0-alpha-5.jar:/home/runner/.m2/repository/org/apache/maven/maven-api-xml/4.0.0-alpha-5/maven-api-xml-4.0.0-alpha-5.jar:/home/runner/.m2/repository/org/apache/maven/maven-api-meta/4.0.0-alpha-5/maven-api-meta-4.0.0-alpha-5.jar:/home/runner/.m2/repository/org/codehaus/plexus/plexus-cipher/2.0/plexus-cipher-2.0.jar:/home/runner/.m2/repository/org/codehaus/plexus/plexus-sec-dispatcher/2.0/plexus-sec-dispatcher-2.0.jar:/home/runner/.m2/repository/org/apache/maven/maven-embedder/3.9.9/maven-embedder-3.9.9.jar:/home/runner/.m2/repository/org/apache/maven/maven-core/3.9.9/maven-core-3.9.9.jar:/home/runner/.m2/repository/org/codehaus/plexus/plexus-component-annotations/2.1.0/plexus-component-annotations-2.1.0.jar:/home/runner/.m2/repository/org/apache/maven/maven-plugin-api/3.9.9/maven-plugin-api-3.9.9.jar:/home/runner/.m2/repository/org/apache/maven/shared/maven-shared-utils/3.4.2/maven-shared-utils-3.4.2.jar:/home/runner/.m2/repository/com/google/inject/guice/5.1.0/guice-5.1.0.jar:/home/runner/.m2/repository/aopalliance/aopalliance/1.0/aopalliance-1.0.jar:/home/runner/.m2/repository/org/codehaus/plexus/plexus-classworlds/2.6.0/plexus-classworlds-2.6.0.jar:/home/runner/.m2/repository/commons-cli/commons-cli/1.8.0/commons-cli-1.8.0.jar:/home/runner/.m2/repository/org/eclipse/sisu/org.eclipse.sisu.plexus/0.9.0.M3/org.eclipse.sisu.plexus-0.9.0.M3.jar:/home/runner/.m2/repository/org/apache/maven/maven-settings-builder/3.9.9/maven-settings-builder-3.9.9.jar:/home/runner/.m2/repository/org/apache/maven/maven-resolver-provider/3.9.9/maven-resolver-provider-3.9.9.jar:/home/runner/.m2/repository/org/apache/maven/resolver/maven-resolver-connector-basic/1.9.22/maven-resolver-connector-basic-1.9.22.jar:/home/runner/.m2/repository/org/apache/maven/resolver/maven-resolver-transport-wagon/1.9.22/maven-resolver-transport-wagon-1.9.22.jar:/home/runner/.m2/repository/org/apache/maven/wagon/wagon-http/3.5.3/wagon-http-3.5.3.jar:/home/runner/.m2/repository/org/apache/maven/wagon/wagon-file/3.5.3/wagon-file-3.5.3.jar:/home/runner/.m2/repository/io/quarkus/quarkus-bootstrap-gradle-resolver/3.20.2/quarkus-bootstrap-gradle-resolver-3.20.2.jar:/home/runner/.m2/repository/io/smallrye/jandex/3.3.0/jandex-3.3.0.jar:/home/runner/.m2/repository/org/jboss/logging/commons-logging-jboss-logging/1.0.0.Final/commons-logging-jboss-logging-1.0.0.Final.jar:/home/runner/.m2/repository/io/quarkus/quarkus-junit5-config/3.20.2/quarkus-junit5-config-3.20.2.jar:/home/runner/.m2/repository/org/junit/jupiter/junit-jupiter-api/5.12.1/junit-jupiter-api-5.12.1.jar:/home/runner/.m2/repository/io/smallrye/config/smallrye-config/3.11.4/smallrye-config-3.11.4.jar:/home/runner/.m2/repository/io/smallrye/config/smallrye-config-core/3.11.4/smallrye-config-core-3.11.4.jar:/home/runner/.m2/repository/io/smallrye/common/smallrye-common-classloader/2.12.0/smallrye-common-classloader-2.12.0.jar:/home/runner/.m2/repository/io/smallrye/config/smallrye-config-common/3.11.4/smallrye-config-common-3.11.4.jar:/home/runner/.m2/repository/org/junit/jupiter/junit-jupiter/5.12.1/junit-jupiter-5.12.1.jar:/home/runner/.m2/repository/org/junit/jupiter/junit-jupiter-params/5.12.1/junit-jupiter-params-5.12.1.jar:/home/runner/.m2/repository/org/junit/jupiter/junit-jupiter-engine/5.12.1/junit-jupiter-engine-5.12.1.jar:/home/runner/.m2/repository/io/quarkus/quarkus-core/3.20.2/quarkus-core-3.20.2.jar:/home/runner/.m2/repository/jakarta/enterprise/jakarta.enterprise.cdi-api/4.1.0/jakarta.enterprise.cdi-api-4.1.0.jar:/home/runner/.m2/repository/jakarta/enterprise/jakarta.enterprise.lang-model/4.1.0/jakarta.enterprise.lang-model-4.1.0.jar:/home/runner/.m2/repository/jakarta/el/jakarta.el-api/5.0.1/jakarta.el-api-5.0.1.jar:/home/runner/.m2/repository/jakarta/interceptor/jakarta.interceptor-api/2.2.0/jakarta.interceptor-api-2.2.0.jar:/home/runner/.m2/repository/jakarta/inject/jakarta.inject-api/2.0.1/jakarta.inject-api-2.0.1.jar:/home/runner/.m2/repository/io/smallrye/common/smallrye-common-os/2.12.0/smallrye-common-os-2.12.0.jar:/home/runner/.m2/repository/io/quarkus/quarkus-ide-launcher/3.20.2/quarkus-ide-launcher-3.20.2.jar:/home/runner/.m2/repository/io/quarkus/quarkus-development-mode-spi/3.20.2/quarkus-development-mode-spi-3.20.2.jar:/home/runner/.m2/repository/org/jboss/logging/jboss-logging/3.6.1.Final/jboss-logging-3.6.1.Final.jar:/home/runner/.m2/repository/org/jboss/logmanager/jboss-logmanager/3.1.2.Final/jboss-logmanager-3.1.2.Final.jar:/home/runner/.m2/repository/io/smallrye/common/smallrye-common-constraint/2.12.0/smallrye-common-constraint-2.12.0.jar:/home/runner/.m2/repository/io/smallrye/common/smallrye-common-cpu/2.12.0/smallrye-common-cpu-2.12.0.jar:/home/runner/.m2/repository/io/smallrye/common/smallrye-common-expression/2.12.0/smallrye-common-expression-2.12.0.jar:/home/runner/.m2/repository/io/smallrye/common/smallrye-common-net/2.12.0/smallrye-common-net-2.12.0.jar:/home/runner/.m2/repository/io/smallrye/common/smallrye-common-ref/2.12.0/smallrye-common-ref-2.12.0.jar:/home/runner/.m2/repository/jakarta/json/jakarta.json-api/2.1.3/jakarta.json-api-2.1.3.jar:/home/runner/.m2/repository/org/eclipse/parsson/parsson/1.1.7/parsson-1.1.7.jar:/home/runner/.m2/repository/org/jboss/logging/jboss-logging-annotations/3.0.4.Final/jboss-logging-annotations-3.0.4.Final.jar:/home/runner/.m2/repository/org/jboss/threads/jboss-threads/3.8.0.Final/jboss-threads-3.8.0.Final.jar:/home/runner/.m2/repository/io/smallrye/common/smallrye-common-annotation/2.12.0/smallrye-common-annotation-2.12.0.jar:/home/runner/.m2/repository/io/smallrye/common/smallrye-common-function/2.12.0/smallrye-common-function-2.12.0.jar:/home/runner/.m2/repository/org/jboss/slf4j/slf4j-jboss-logmanager/2.0.0.Final/slf4j-jboss-logmanager-2.0.0.Final.jar:/home/runner/.m2/repository/org/wildfly/common/wildfly-common/2.0.1/wildfly-common-2.0.1.jar:/home/runner/.m2/repository/io/quarkus/quarkus-bootstrap-runner/3.20.2/quarkus-bootstrap-runner-3.20.2.jar:/home/runner/.m2/repository/io/github/crac/org-crac/0.1.3/org-crac-0.1.3.jar:/home/runner/.m2/repository/io/quarkus/quarkus-fs-util/0.0.10/quarkus-fs-util-0.0.10.jar:/home/runner/.m2/repository/org/jboss/marshalling/jboss-marshalling/2.2.2.Final/jboss-marshalling-2.2.2.Final.jar:/home/runner/.m2/repository/io/fabric8/kubernetes-client/7.1.0/kubernetes-client-7.1.0.jar:/home/runner/.m2/repository/io/fabric8/kubernetes-client-api/7.1.0/kubernetes-client-api-7.1.0.jar:/home/runner/.m2/repository/io/fabric8/kubernetes-model-core/7.1.0/kubernetes-model-core-7.1.0.jar:/home/runner/.m2/repository/io/fabric8/kubernetes-model-common/7.1.0/kubernetes-model-common-7.1.0.jar:/home/runner/.m2/repository/javax/annotation/javax.annotation-api/1.3.2/javax.annotation-api-1.3.2.jar:/home/runner/.m2/repository/io/fabric8/kubernetes-model-gatewayapi/7.1.0/kubernetes-model-gatewayapi-7.1.0.jar:/home/runner/.m2/repository/io/fabric8/kubernetes-model-resource/7.1.0/kubernetes-model-resource-7.1.0.jar:/home/runner/.m2/repository/io/fabric8/kubernetes-model-rbac/7.1.0/kubernetes-model-rbac-7.1.0.jar:/home/runner/.m2/repository/io/fabric8/kubernetes-model-admissionregistration/7.1.0/kubernetes-model-admissionregistration-7.1.0.jar:/home/runner/.m2/repository/io/fabric8/kubernetes-model-apps/7.1.0/kubernetes-model-apps-7.1.0.jar:/home/runner/.m2/repository/io/fabric8/kubernetes-model-autoscaling/7.1.0/kubernetes-model-autoscaling-7.1.0.jar:/home/runner/.m2/repository/io/fabric8/kubernetes-model-apiextensions/7.1.0/kubernetes-model-apiextensions-7.1.0.jar:/home/runner/.m2/repository/io/fabric8/kubernetes-model-batch/7.1.0/kubernetes-model-batch-7.1.0.jar:/home/runner/.m2/repository/io/fabric8/kubernetes-model-certificates/7.1.0/kubernetes-model-certificates-7.1.0.jar:/home/runner/.m2/repository/io/fabric8/kubernetes-model-coordination/7.1.0/kubernetes-model-coordination-7.1.0.jar:/home/runner/.m2/repository/io/fabric8/kubernetes-model-discovery/7.1.0/kubernetes-model-discovery-7.1.0.jar:/home/runner/.m2/repository/io/fabric8/kubernetes-model-events/7.1.0/kubernetes-model-events-7.1.0.jar:/home/runner/.m2/repository/io/fabric8/kubernetes-model-extensions/7.1.0/kubernetes-model-extensions-7.1.0.jar:/home/runner/.m2/repository/io/fabric8/kubernetes-model-flowcontrol/7.1.0/kubernetes-model-flowcontrol-7.1.0.jar:/home/runner/.m2/repository/io/fabric8/kubernetes-model-networking/7.1.0/kubernetes-model-networking-7.1.0.jar:/home/runner/.m2/repository/io/fabric8/kubernetes-model-metrics/7.1.0/kubernetes-model-metrics-7.1.0.jar:/home/runner/.m2/repository/io/fabric8/kubernetes-model-policy/7.1.0/kubernetes-model-policy-7.1.0.jar:/home/runner/.m2/repository/io/fabric8/kubernetes-model-scheduling/7.1.0/kubernetes-model-scheduling-7.1.0.jar:/home/runner/.m2/repository/io/fabric8/kubernetes-model-storageclass/7.1.0/kubernetes-model-storageclass-7.1.0.jar:/home/runner/.m2/repository/io/fabric8/kubernetes-model-node/7.1.0/kubernetes-model-node-7.1.0.jar:/home/runner/.m2/repository/org/snakeyaml/snakeyaml-engine/2.9/snakeyaml-engine-2.9.jar:/home/runner/.m2/repository/com/fasterxml/jackson/dataformat/jackson-dataformat-yaml/2.18.2/jackson-dataformat-yaml-2.18.2.jar:/home/runner/.m2/repository/com/fasterxml/jackson/datatype/jackson-datatype-jsr310/2.18.2/jackson-datatype-jsr310-2.18.2.jar:/home/runner/.m2/repository/io/fabric8/zjsonpatch/7.1.0/zjsonpatch-7.1.0.jar:/home/runner/.m2/repository/io/fabric8/kubernetes-httpclient-vertx/7.1.0/kubernetes-httpclient-vertx-7.1.0.jar:/home/runner/.m2/repository/io/vertx/vertx-web-client/4.5.16/vertx-web-client-4.5.16.jar:/home/runner/.m2/repository/io/vertx/vertx-web-common/4.5.16/vertx-web-common-4.5.16.jar:/home/runner/.m2/repository/io/vertx/vertx-auth-common/4.5.16/vertx-auth-common-4.5.16.jar:/home/runner/.m2/repository/io/vertx/vertx-uri-template/4.5.16/vertx-uri-template-4.5.16.jar:/home/runner/.m2/repository/io/fabric8/openshift-client/7.1.0/openshift-client-7.1.0.jar:/home/runner/.m2/repository/io/fabric8/openshift-client-api/7.1.0/openshift-client-api-7.1.0.jar:/home/runner/.m2/repository/io/fabric8/openshift-model/7.1.0/openshift-model-7.1.0.jar:/home/runner/.m2/repository/io/fabric8/openshift-model-autoscaling/7.1.0/openshift-model-autoscaling-7.1.0.jar:/home/runner/.m2/repository/io/fabric8/openshift-model-operator/7.1.0/openshift-model-operator-7.1.0.jar:/home/runner/.m2/repository/io/fabric8/openshift-model-operatorhub/7.1.0/openshift-model-operatorhub-7.1.0.jar:/home/runner/.m2/repository/io/fabric8/openshift-model-machine/7.1.0/openshift-model-machine-7.1.0.jar:/home/runner/.m2/repository/io/fabric8/openshift-model-whereabouts/7.1.0/openshift-model-whereabouts-7.1.0.jar:/home/runner/.m2/repository/io/fabric8/openshift-model-monitoring/7.1.0/openshift-model-monitoring-7.1.0.jar:/home/runner/.m2/repository/io/fabric8/openshift-model-storageversionmigrator/7.1.0/openshift-model-storageversionmigrator-7.1.0.jar:/home/runner/.m2/repository/io/fabric8/openshift-model-tuned/7.1.0/openshift-model-tuned-7.1.0.jar:/home/runner/.m2/repository/io/fabric8/openshift-model-console/7.1.0/openshift-model-console-7.1.0.jar:/home/runner/.m2/repository/io/fabric8/openshift-model-config/7.1.0/openshift-model-config-7.1.0.jar:/home/runner/.m2/repository/io/fabric8/openshift-model-machineconfiguration/7.1.0/openshift-model-machineconfiguration-7.1.0.jar:/home/runner/.m2/repository/io/fabric8/openshift-model-miscellaneous/7.1.0/openshift-model-miscellaneous-7.1.0.jar:/home/runner/.m2/repository/io/fabric8/openshift-model-hive/7.1.0/openshift-model-hive-7.1.0.jar:/home/runner/.m2/repository/io/fabric8/openshift-model-installer/7.1.0/openshift-model-installer-7.1.0.jar:/home/runner/.m2/repository/org/junit/platform/junit-platform-launcher/1.12.1/junit-platform-launcher-1.12.1.jar:/home/runner/.m2/repository/org/junit/platform/junit-platform-engine/1.12.1/junit-platform-engine-1.12.1.jar:/home/runner/.m2/repository/org/opentest4j/opentest4j/1.3.0/opentest4j-1.3.0.jar:/home/runner/.m2/repository/org/junit/platform/junit-platform-commons/1.12.1/junit-platform-commons-1.12.1.jar:/home/runner/.m2/repository/org/apiguardian/apiguardian-api/1.1.2/apiguardian-api-1.1.2.jar:/home/runner/.m2/repository/jakarta/ws/rs/jakarta.ws.rs-api/3.1.0/jakarta.ws.rs-api-3.1.0.jar:/home/runner/work/apicurio-testing/apicurio-testing/clusters/ci419/namespaces/pg17/tests/integration/apicurio-registry/java-sdk/target/apicurio-registry-java-sdk-3.0.14-SNAPSHOT.jar:/home/runner/.m2/repository/com/microsoft/kiota/microsoft-kiota-abstractions/1.8.9/microsoft-kiota-abstractions-1.8.9.jar:/home/runner/.m2/repository/io/github/std-uritemplate/std-uritemplate/2.0.0/std-uritemplate-2.0.0.jar:/home/runner/.m2/repository/io/kiota/kiota-http-jdk/0.0.29/kiota-http-jdk-0.0.29.jar:/home/runner/.m2/repository/io/kiota/kiota-http-vertx/0.0.29/kiota-http-vertx-0.0.29.jar:/home/runner/.m2/repository/io/kiota/kiota-serialization-jackson/0.0.29/kiota-serialization-jackson-0.0.29.jar:/home/runner/.m2/repository/com/microsoft/kiota/microsoft-kiota-serialization-text/1.8.9/microsoft-kiota-serialization-text-1.8.9.jar:/home/runner/.m2/repository/com/microsoft/kiota/microsoft-kiota-serialization-form/1.8.9/microsoft-kiota-serialization-form-1.8.9.jar:/home/runner/.m2/repository/com/microsoft/kiota/microsoft-kiota-serialization-multipart/1.8.9/microsoft-kiota-serialization-multipart-1.8.9.jar:/home/runner/.m2/repository/jakarta/annotation/jakarta.annotation-api/3.0.0/jakarta.annotation-api-3.0.0.jar:/home/runner/.m2/repository/io/vertx/vertx-auth-oauth2/4.5.16/vertx-auth-oauth2-4.5.16.jar:/home/runner/work/apicurio-testing/apicurio-testing/clusters/ci419/namespaces/pg17/tests/integration/apicurio-registry/java-sdk-v2/target/apicurio-registry-v2-java-sdk-3.0.14-SNAPSHOT.jar:/home/runner/work/apicurio-testing/apicurio-testing/clusters/ci419/namespaces/pg17/tests/integration/apicurio-registry/utils/kafka/target/apicurio-registry-utils-kafka-3.0.14-SNAPSHOT-tests.jar:/home/runner/.m2/repository/org/eclipse/microprofile/config/microprofile-config-api/3.1/microprofile-config-api-3.1.jar:/home/runner/.m2/repository/org/apache/kafka/kafka-clients/3.9.1/kafka-clients-3.9.1.jar:/home/runner/.m2/repository/com/github/luben/zstd-jni/1.5.6-4/zstd-jni-1.5.6-4.jar:/home/runner/.m2/repository/org/lz4/lz4-java/1.8.0/lz4-java-1.8.0.jar:/home/runner/.m2/repository/org/xerial/snappy/snappy-java/1.1.10.5/snappy-java-1.1.10.5.jar:/home/runner/.m2/repository/org/slf4j/slf4j-api/2.0.6/slf4j-api-2.0.6.jar:/home/runner/work/apicurio-testing/apicurio-testing/clusters/ci419/namespaces/pg17/tests/integration/apicurio-registry/utils/tests/target/apicurio-registry-utils-tests-3.0.14-SNAPSHOT.jar:/home/runner/work/apicurio-testing/apicurio-testing/clusters/ci419/namespaces/pg17/tests/integration/apicurio-registry/common/target/apicurio-registry-common-3.0.14-SNAPSHOT.jar:/home/runner/.m2/repository/jakarta/validation/jakarta.validation-api/3.0.2/jakarta.validation-api-3.0.2.jar:/home/runner/.m2/repository/com/github/dasniko/testcontainers-keycloak/3.8.0/testcontainers-keycloak-3.8.0.jar:/home/runner/.m2/repository/org/testcontainers/testcontainers/1.20.6/testcontainers-1.20.6.jar:/home/runner/.m2/repository/org/rnorth/duct-tape/duct-tape/1.0.8/duct-tape-1.0.8.jar:/home/runner/.m2/repository/com/github/docker-java/docker-java-transport-zerodep/3.4.1/docker-java-transport-zerodep-3.4.1.jar:/home/runner/.m2/repository/com/github/docker-java/docker-java-transport/3.4.1/docker-java-transport-3.4.1.jar:/home/runner/.m2/repository/net/java/dev/jna/jna/5.8.0/jna-5.8.0.jar:/home/runner/.m2/repository/io/quarkus/quarkus-junit4-mock/3.20.2/quarkus-junit4-mock-3.20.2.jar:/home/runner/.m2/repository/org/jboss/shrinkwrap/shrinkwrap-api/2.0.0-beta-2/shrinkwrap-api-2.0.0-beta-2.jar:/home/runner/.m2/repository/org/jboss/shrinkwrap/shrinkwrap-impl-base/2.0.0-beta-2/shrinkwrap-impl-base-2.0.0-beta-2.jar:/home/runner/.m2/repository/org/jboss/shrinkwrap/shrinkwrap-spi/2.0.0-beta-2/shrinkwrap-spi-2.0.0-beta-2.jar:/home/runner/.m2/repository/org/keycloak/keycloak-admin-client/26.0.4/keycloak-admin-client-26.0.4.jar:/home/runner/.m2/repository/org/keycloak/keycloak-client-common-synced/26.0.4/keycloak-client-common-synced-26.0.4.jar:/home/runner/.m2/repository/jakarta/activation/jakarta.activation-api/2.1.3/jakarta.activation-api-2.1.3.jar:/home/runner/.m2/repository/org/eclipse/microprofile/openapi/microprofile-openapi-api/4.0.2/microprofile-openapi-api-4.0.2.jar:/home/runner/.m2/repository/org/jboss/resteasy/resteasy-client/6.2.12.Final/resteasy-client-6.2.12.Final.jar:/home/runner/.m2/repository/org/jboss/resteasy/resteasy-client-api/6.2.12.Final/resteasy-client-api-6.2.12.Final.jar:/home/runner/.m2/repository/org/jboss/resteasy/resteasy-core-spi/6.2.12.Final/resteasy-core-spi-6.2.12.Final.jar:/home/runner/.m2/repository/org/jboss/resteasy/resteasy-core/6.2.12.Final/resteasy-core-6.2.12.Final.jar:/home/runner/.m2/repository/org/eclipse/angus/angus-activation/2.0.2/angus-activation-2.0.2.jar:/home/runner/.m2/repository/com/ibm/async/asyncutil/0.1.0/asyncutil-0.1.0.jar:/home/runner/.m2/repository/org/reactivestreams/reactive-streams/1.0.4/reactive-streams-1.0.4.jar:/home/runner/.m2/repository/org/jboss/resteasy/resteasy-multipart-provider/6.2.12.Final/resteasy-multipart-provider-6.2.12.Final.jar:/home/runner/.m2/repository/jakarta/mail/jakarta.mail-api/2.1.3/jakarta.mail-api-2.1.3.jar:/home/runner/.m2/repository/org/eclipse/angus/angus-mail/2.0.3/angus-mail-2.0.3.jar:/home/runner/.m2/repository/org/apache/james/apache-mime4j-dom/0.8.12/apache-mime4j-dom-0.8.12.jar:/home/runner/.m2/repository/org/apache/james/apache-mime4j-core/0.8.12/apache-mime4j-core-0.8.12.jar:/home/runner/.m2/repository/org/apache/james/apache-mime4j-storage/0.8.12/apache-mime4j-storage-0.8.12.jar:/home/runner/.m2/repository/org/jboss/resteasy/resteasy-jackson2-provider/6.2.12.Final/resteasy-jackson2-provider-6.2.12.Final.jar:/home/runner/.m2/repository/com/fasterxml/jackson/jakarta/rs/jackson-jakarta-rs-base/2.18.2/jackson-jakarta-rs-base-2.18.2.jar:/home/runner/.m2/repository/com/fasterxml/jackson/jakarta/rs/jackson-jakarta-rs-json-provider/2.18.2/jackson-jakarta-rs-json-provider-2.18.2.jar:/home/runner/.m2/repository/com/fasterxml/jackson/module/jackson-module-jakarta-xmlbind-annotations/2.18.2/jackson-module-jakarta-xmlbind-annotations-2.18.2.jar:/home/runner/.m2/repository/com/github/java-json-tools/json-patch/1.13/json-patch-1.13.jar:/home/runner/.m2/repository/com/github/java-json-tools/msg-simple/1.2/msg-simple-1.2.jar:/home/runner/.m2/repository/com/github/java-json-tools/btf/1.3/btf-1.3.jar:/home/runner/.m2/repository/com/github/java-json-tools/jackson-coreutils/2.0/jackson-coreutils-2.0.jar:/home/runner/.m2/repository/org/jboss/resteasy/resteasy-jaxb-provider/6.2.12.Final/resteasy-jaxb-provider-6.2.12.Final.jar:/home/runner/.m2/repository/org/glassfish/jaxb/codemodel/4.0.5/codemodel-4.0.5.jar:/home/runner/.m2/repository/org/glassfish/jaxb/jaxb-core/4.0.5/jaxb-core-4.0.5.jar:/home/runner/.m2/repository/org/glassfish/jaxb/jaxb-jxc/4.0.5/jaxb-jxc-4.0.5.jar:/home/runner/.m2/repository/org/glassfish/jaxb/jaxb-runtime/4.0.5/jaxb-runtime-4.0.5.jar:/home/runner/.m2/repository/org/glassfish/jaxb/txw2/4.0.5/txw2-4.0.5.jar:/home/runner/.m2/repository/org/glassfish/jaxb/jaxb-xjc/4.0.5/jaxb-xjc-4.0.5.jar:/home/runner/.m2/repository/org/glassfish/jaxb/xsom/4.0.5/xsom-4.0.5.jar:/home/runner/.m2/repository/com/sun/istack/istack-commons-runtime/4.1.2/istack-commons-runtime-4.1.2.jar:/home/runner/.m2/repository/com/sun/istack/istack-commons-tools/4.1.2/istack-commons-tools-4.1.2.jar:/home/runner/.m2/repository/com/sun/xml/bind/external/relaxng-datatype/4.0.5/relaxng-datatype-4.0.5.jar:/home/runner/.m2/repository/com/sun/xml/bind/external/rngom/4.0.5/rngom-4.0.5.jar:/home/runner/.m2/repository/org/testcontainers/mssqlserver/1.20.6/mssqlserver-1.20.6.jar:/home/runner/.m2/repository/org/testcontainers/jdbc/1.20.6/jdbc-1.20.6.jar:/home/runner/.m2/repository/org/testcontainers/database-commons/1.20.6/database-commons-1.20.6.jar:/home/runner/.m2/repository/org/testcontainers/mysql/1.20.6/mysql-1.20.6.jar:/home/runner/.m2/repository/io/strimzi/strimzi-test-container/0.111.0/strimzi-test-container-0.111.0.jar:/home/runner/.m2/repository/org/testcontainers/toxiproxy/1.20.6/toxiproxy-1.20.6.jar:/home/runner/.m2/repository/com/github/docker-java/docker-java-api/3.4.1/docker-java-api-3.4.1.jar:/home/runner/.m2/repository/org/apache/logging/log4j/log4j-slf4j-impl/2.19.0/log4j-slf4j-impl-2.19.0.jar:/home/runner/.m2/repository/org/apache/logging/log4j/log4j-api/2.24.3/log4j-api-2.24.3.jar:/home/runner/.m2/repository/org/apache/logging/log4j/log4j-core/2.19.0/log4j-core-2.19.0.jar:/home/runner/.m2/repository/eu/rekawek/toxiproxy/toxiproxy-java/2.1.7/toxiproxy-java-2.1.7.jar:/home/runner/.m2/repository/org/testcontainers/pulsar/1.21.3/pulsar-1.21.3.jar:/home/runner/.m2/repository/io/debezium/debezium-testing-testcontainers/2.7.4.Final/debezium-testing-testcontainers-2.7.4.Final.jar:/home/runner/.m2/repository/org/testcontainers/kafka/1.20.6/kafka-1.20.6.jar:/home/runner/.m2/repository/com/squareup/okhttp3/okhttp/4.8.1/okhttp-4.8.1.jar:/home/runner/.m2/repository/com/squareup/okio/okio/3.10.2/okio-3.10.2.jar:/home/runner/.m2/repository/com/squareup/okio/okio-jvm/3.10.2/okio-jvm-3.10.2.jar:/home/runner/.m2/repository/org/jetbrains/kotlin/kotlin-stdlib/2.0.21/kotlin-stdlib-2.0.21.jar:/home/runner/.m2/repository/org/awaitility/awaitility/4.3.0/awaitility-4.3.0.jar:/home/runner/.m2/repository/org/testcontainers/mongodb/1.20.6/mongodb-1.20.6.jar:/home/runner/.m2/repository/org/testcontainers/mariadb/1.20.6/mariadb-1.20.6.jar:/home/runner/.m2/repository/org/testcontainers/oracle-xe/1.20.6/oracle-xe-1.20.6.jar:/home/runner/.m2/repository/org/testcontainers/postgresql/1.20.6/postgresql-1.20.6.jar:/home/runner/.m2/repository/org/wiremock/wiremock/3.0.1/wiremock-3.0.1.jar:/home/runner/.m2/repository/org/eclipse/jetty/jetty-server/11.0.15/jetty-server-11.0.15.jar:/home/runner/.m2/repository/org/eclipse/jetty/toolchain/jetty-jakarta-servlet-api/5.0.2/jetty-jakarta-servlet-api-5.0.2.jar:/home/runner/.m2/repository/org/eclipse/jetty/jetty-http/11.0.15/jetty-http-11.0.15.jar:/home/runner/.m2/repository/org/eclipse/jetty/jetty-io/11.0.15/jetty-io-11.0.15.jar:/home/runner/.m2/repository/org/eclipse/jetty/jetty-servlet/11.0.15/jetty-servlet-11.0.15.jar:/home/runner/.m2/repository/org/eclipse/jetty/jetty-security/11.0.15/jetty-security-11.0.15.jar:/home/runner/.m2/repository/org/eclipse/jetty/jetty-servlets/11.0.15/jetty-servlets-11.0.15.jar:/home/runner/.m2/repository/org/eclipse/jetty/jetty-util/11.0.15/jetty-util-11.0.15.jar:/home/runner/.m2/repository/org/eclipse/jetty/jetty-webapp/11.0.15/jetty-webapp-11.0.15.jar:/home/runner/.m2/repository/org/eclipse/jetty/jetty-xml/11.0.15/jetty-xml-11.0.15.jar:/home/runner/.m2/repository/org/eclipse/jetty/jetty-proxy/11.0.15/jetty-proxy-11.0.15.jar:/home/runner/.m2/repository/org/eclipse/jetty/jetty-client/11.0.15/jetty-client-11.0.15.jar:/home/runner/.m2/repository/org/eclipse/jetty/http2/http2-server/11.0.15/http2-server-11.0.15.jar:/home/runner/.m2/repository/org/eclipse/jetty/http2/http2-common/11.0.15/http2-common-11.0.15.jar:/home/runner/.m2/repository/org/eclipse/jetty/http2/http2-hpack/11.0.15/http2-hpack-11.0.15.jar:/home/runner/.m2/repository/org/eclipse/jetty/jetty-alpn-server/11.0.15/jetty-alpn-server-11.0.15.jar:/home/runner/.m2/repository/org/eclipse/jetty/jetty-alpn-java-server/11.0.15/jetty-alpn-java-server-11.0.15.jar:/home/runner/.m2/repository/org/eclipse/jetty/jetty-alpn-java-client/11.0.15/jetty-alpn-java-client-11.0.15.jar:/home/runner/.m2/repository/org/eclipse/jetty/jetty-alpn-client/11.0.15/jetty-alpn-client-11.0.15.jar:/home/runner/.m2/repository/org/apache/httpcomponents/client5/httpclient5/5.2.1/httpclient5-5.2.1.jar:/home/runner/.m2/repository/org/apache/httpcomponents/core5/httpcore5/5.2/httpcore5-5.2.jar:/home/runner/.m2/repository/org/apache/httpcomponents/core5/httpcore5-h2/5.2/httpcore5-h2-5.2.jar:/home/runner/.m2/repository/org/xmlunit/xmlunit-core/2.9.1/xmlunit-core-2.9.1.jar:/home/runner/.m2/repository/jakarta/xml/bind/jakarta.xml.bind-api/4.0.2/jakarta.xml.bind-api-4.0.2.jar:/home/runner/.m2/repository/org/xmlunit/xmlunit-legacy/2.9.1/xmlunit-legacy-2.9.1.jar:/home/runner/.m2/repository/org/xmlunit/xmlunit-placeholders/2.9.1/xmlunit-placeholders-2.9.1.jar:/home/runner/.m2/repository/net/javacrumbs/json-unit/json-unit-core/2.38.0/json-unit-core-2.38.0.jar:/home/runner/.m2/repository/org/hamcrest/hamcrest-core/2.2/hamcrest-core-2.2.jar:/home/runner/.m2/repository/com/jayway/jsonpath/json-path/2.8.0/json-path-2.8.0.jar:/home/runner/.m2/repository/net/minidev/json-smart/2.4.10/json-smart-2.4.10.jar:/home/runner/.m2/repository/net/minidev/accessors-smart/2.4.9/accessors-smart-2.4.9.jar:/home/runner/.m2/repository/org/ow2/asm/asm/9.7.1/asm-9.7.1.jar:/home/runner/.m2/repository/net/sf/jopt-simple/jopt-simple/5.0.4/jopt-simple-5.0.4.jar:/home/runner/.m2/repository/com/github/jknack/handlebars/4.3.1/handlebars-4.3.1.jar:/home/runner/.m2/repository/com/github/jknack/handlebars-helpers/4.3.1/handlebars-helpers-4.3.1.jar:/home/runner/.m2/repository/commons-fileupload/commons-fileupload/1.5/commons-fileupload-1.5.jar:/home/runner/.m2/repository/com/networknt/json-schema-validator/1.5.8/json-schema-validator-1.5.8.jar:/home/runner/.m2/repository/com/ethlo/time/itu/1.10.3/itu-1.10.3.jar:/home/runner/.m2/repository/io/quarkus/quarkus-smallrye-jwt-build/3.20.2/quarkus-smallrye-jwt-build-3.20.2.jar:/home/runner/.m2/repository/io/smallrye/smallrye-jwt-build/4.6.2/smallrye-jwt-build-4.6.2.jar:/home/runner/.m2/repository/org/eclipse/microprofile/jwt/microprofile-jwt-auth-api/2.1/microprofile-jwt-auth-api-2.1.jar:/home/runner/.m2/repository/org/bitbucket/b_c/jose4j/0.9.6/jose4j-0.9.6.jar:/home/runner/.m2/repository/io/smallrye/smallrye-jwt-common/4.6.2/smallrye-jwt-common-4.6.2.jar:/home/runner/.m2/repository/io/quarkus/quarkus-jsonp/3.20.2/quarkus-jsonp-3.20.2.jar:/home/runner/.m2/repository/io/quarkus/quarkus-arc/3.20.2/quarkus-arc-3.20.2.jar:/home/runner/.m2/repository/io/quarkus/arc/arc/3.20.2/arc-3.20.2.jar:/home/runner/.m2/repository/jakarta/transaction/jakarta.transaction-api/2.0.1/jakarta.transaction-api-2.0.1.jar:/home/runner/.m2/repository/io/smallrye/reactive/mutiny/2.9.2/mutiny-2.9.2.jar:/home/runner/.m2/repository/org/jctools/jctools-core/4.0.5/jctools-core-4.0.5.jar:/home/runner/.m2/repository/org/eclipse/microprofile/context-propagation/microprofile-context-propagation-api/1.3/microprofile-context-propagation-api-1.3.jar:/home/runner/.m2/repository/io/apicurio/apicurio-common-rest-client-common/0.1.18.Final/apicurio-common-rest-client-common-0.1.18.Final.jar:/home/runner/work/apicurio-testing/apicurio-testing/clusters/ci419/namespaces/pg17/tests/integration/apicurio-registry/utils/maven-plugin/target/apicurio-registry-maven-plugin-3.0.14-SNAPSHOT.jar:/home/runner/.m2/repository/com/fasterxml/jackson/core/jackson-databind/2.18.2/jackson-databind-2.18.2.jar:/home/runner/.m2/repository/org/apache/avro/avro/1.12.0/avro-1.12.0.jar:/home/runner/.m2/repository/com/google/protobuf/protobuf-java/4.32.0/protobuf-java-4.32.0.jar:/home/runner/.m2/repository/com/google/protobuf/protobuf-java-util/4.32.0/protobuf-java-util-4.32.0.jar:/home/runner/.m2/repository/com/google/code/findbugs/jsr305/3.0.2/jsr305-3.0.2.jar:/home/runner/.m2/repository/com/google/code/gson/gson/2.12.1/gson-2.12.1.jar:/home/runner/.m2/repository/com/google/errorprone/error_prone_annotations/2.36.0/error_prone_annotations-2.36.0.jar:/home/runner/.m2/repository/com/google/j2objc/j2objc-annotations/2.8/j2objc-annotations-2.8.jar:/home/runner/work/apicurio-testing/apicurio-testing/clusters/ci419/namespaces/pg17/tests/integration/apicurio-registry/schema-util/util-provider/target/apicurio-registry-schema-util-provider-3.0.14-SNAPSHOT.jar:/home/runner/work/apicurio-testing/apicurio-testing/clusters/ci419/namespaces/pg17/tests/integration/apicurio-registry/schema-util/common/target/apicurio-registry-schema-util-common-3.0.14-SNAPSHOT.jar:/home/runner/.m2/repository/com/fasterxml/jackson/module/jackson-module-parameter-names/2.18.2/jackson-module-parameter-names-2.18.2.jar:/home/runner/.m2/repository/com/fasterxml/jackson/datatype/jackson-datatype-json-org/2.18.2/jackson-datatype-json-org-2.18.2.jar:/home/runner/work/apicurio-testing/apicurio-testing/clusters/ci419/namespaces/pg17/tests/integration/apicurio-registry/schema-util/json/target/apicurio-registry-schema-util-json-3.0.14-SNAPSHOT.jar:/home/runner/.m2/repository/com/github/erosb/everit-json-schema/1.14.5/everit-json-schema-1.14.5.jar:/home/runner/.m2/repository/commons-validator/commons-validator/1.9.0/commons-validator-1.9.0.jar:/home/runner/.m2/repository/commons-digester/commons-digester/2.1/commons-digester-2.1.jar:/home/runner/.m2/repository/commons-collections/commons-collections/3.2.2/commons-collections-3.2.2.jar:/home/runner/.m2/repository/com/damnhandy/handy-uri-templates/2.1.8/handy-uri-templates-2.1.8.jar:/home/runner/.m2/repository/joda-time/joda-time/2.10.2/joda-time-2.10.2.jar:/home/runner/.m2/repository/com/github/erosb/json-sKema/0.20.0/json-sKema-0.20.0.jar:/home/runner/.m2/repository/io/vertx/vertx-json-schema/4.5.16/vertx-json-schema-4.5.16.jar:/home/runner/work/apicurio-testing/apicurio-testing/clusters/ci419/namespaces/pg17/tests/integration/apicurio-registry/schema-util/protobuf/target/apicurio-registry-schema-util-protobuf-3.0.14-SNAPSHOT.jar:/home/runner/work/apicurio-testing/apicurio-testing/clusters/ci419/namespaces/pg17/tests/integration/apicurio-registry/utils/protobuf-schema-utilities/target/apicurio-registry-protobuf-schema-utilities-3.0.14-SNAPSHOT.jar:/home/runner/.m2/repository/com/google/api/grpc/proto-google-common-protos/2.52.0/proto-google-common-protos-2.52.0.jar:/home/runner/.m2/repository/com/squareup/wire/wire-schema-jvm/5.3.3/wire-schema-jvm-5.3.3.jar:/home/runner/.m2/repository/com/palantir/javapoet/javapoet/0.6.0/javapoet-0.6.0.jar:/home/runner/.m2/repository/com/squareup/kotlinpoet-jvm/2.0.0/kotlinpoet-jvm-2.0.0.jar:/home/runner/.m2/repository/org/jetbrains/kotlin/kotlin-reflect/2.0.21/kotlin-reflect-2.0.21.jar:/home/runner/.m2/repository/com/squareup/wire/wire-runtime-jvm/5.3.3/wire-runtime-jvm-5.3.3.jar:/home/runner/.m2/repository/com/ibm/icu/icu4j/76.1/icu4j-76.1.jar:/home/runner/.m2/repository/com/squareup/okio/okio-fakefilesystem/3.10.2/okio-fakefilesystem-3.10.2.jar:/home/runner/.m2/repository/com/squareup/okio/okio-fakefilesystem-jvm/3.10.2/okio-fakefilesystem-jvm-3.10.2.jar:/home/runner/.m2/repository/org/jetbrains/kotlinx/kotlinx-datetime-jvm/0.6.1/kotlinx-datetime-jvm-0.6.1.jar:/home/runner/work/apicurio-testing/apicurio-testing/clusters/ci419/namespaces/pg17/tests/integration/apicurio-registry/schema-util/asyncapi/target/apicurio-registry-schema-util-asyncapi-3.0.14-SNAPSHOT.jar:/home/runner/work/apicurio-testing/apicurio-testing/clusters/ci419/namespaces/pg17/tests/integration/apicurio-registry/schema-util/avro/target/apicurio-registry-schema-util-avro-3.0.14-SNAPSHOT.jar:/home/runner/work/apicurio-testing/apicurio-testing/clusters/ci419/namespaces/pg17/tests/integration/apicurio-registry/schema-util/graphql/target/apicurio-registry-schema-util-graphql-3.0.14-SNAPSHOT.jar:/home/runner/.m2/repository/com/graphql-java/graphql-java/22.4/graphql-java-22.4.jar:/home/runner/.m2/repository/com/graphql-java/java-dataloader/3.3.0/java-dataloader-3.3.0.jar:/home/runner/work/apicurio-testing/apicurio-testing/clusters/ci419/namespaces/pg17/tests/integration/apicurio-registry/schema-util/kconnect/target/apicurio-registry-schema-util-kconnect-3.0.14-SNAPSHOT.jar:/home/runner/work/apicurio-testing/apicurio-testing/clusters/ci419/namespaces/pg17/tests/integration/apicurio-registry/schema-util/openapi/target/apicurio-registry-schema-util-openapi-3.0.14-SNAPSHOT.jar:/home/runner/.m2/repository/io/apicurio/apicurio-data-models/2.2.2/apicurio-data-models-2.2.2.jar:/home/runner/.m2/repository/org/slf4j/jcl-over-slf4j/2.0.6/jcl-over-slf4j-2.0.6.jar:/home/runner/.m2/repository/org/openapitools/openapidiff/openapi-diff-core/2.1.2/openapi-diff-core-2.1.2.jar:/home/runner/.m2/repository/io/swagger/parser/v3/swagger-parser/2.1.28/swagger-parser-2.1.28.jar:/home/runner/.m2/repository/io/swagger/parser/v3/swagger-parser-v2-converter/2.1.28/swagger-parser-v2-converter-2.1.28.jar:/home/runner/.m2/repository/io/swagger/swagger-core/1.6.16/swagger-core-1.6.16.jar:/home/runner/.m2/repository/io/swagger/swagger-models/1.6.16/swagger-models-1.6.16.jar:/home/runner/.m2/repository/io/swagger/swagger-annotations/1.6.16/swagger-annotations-1.6.16.jar:/home/runner/.m2/repository/io/swagger/swagger-parser/1.0.75/swagger-parser-1.0.75.jar:/home/runner/.m2/repository/io/swagger/swagger-parser-safe-url-resolver/1.0.75/swagger-parser-safe-url-resolver-1.0.75.jar:/home/runner/.m2/repository/io/swagger/swagger-compat-spec-parser/1.0.75/swagger-compat-spec-parser-1.0.75.jar:/home/runner/.m2/repository/com/github/java-json-tools/json-schema-validator/2.2.14/json-schema-validator-2.2.14.jar:/home/runner/.m2/repository/com/github/java-json-tools/jackson-coreutils-equivalence/1.0/jackson-coreutils-equivalence-1.0.jar:/home/runner/.m2/repository/com/github/java-json-tools/json-schema-core/1.2.14/json-schema-core-1.2.14.jar:/home/runner/.m2/repository/com/github/java-json-tools/uri-template/0.10/uri-template-0.10.jar:/home/runner/.m2/repository/com/googlecode/libphonenumber/libphonenumber/8.11.1/libphonenumber-8.11.1.jar:/home/runner/.m2/repository/com/j2html/j2html/1.6.0/j2html-1.6.0.jar:/home/runner/.m2/repository/org/apache/commons/commons-collections4/4.5.0/commons-collections4-4.5.0.jar:/home/runner/.m2/repository/io/swagger/parser/v3/swagger-parser-v3/2.1.31/swagger-parser-v3-2.1.31.jar:/home/runner/.m2/repository/io/swagger/core/v3/swagger-models/2.2.34/swagger-models-2.2.34.jar:/home/runner/.m2/repository/io/swagger/core/v3/swagger-core/2.2.34/swagger-core-2.2.34.jar:/home/runner/.m2/repository/io/swagger/parser/v3/swagger-parser-core/2.1.31/swagger-parser-core-2.1.31.jar:/home/runner/.m2/repository/io/swagger/parser/v3/swagger-parser-safe-url-resolver/2.1.31/swagger-parser-safe-url-resolver-2.1.31.jar:/home/runner/work/apicurio-testing/apicurio-testing/clusters/ci419/namespaces/pg17/tests/integration/apicurio-registry/schema-util/wsdl/target/apicurio-registry-schema-util-wsdl-3.0.14-SNAPSHOT.jar:/home/runner/.m2/repository/wsdl4j/wsdl4j/1.6.3/wsdl4j-1.6.3.jar:/home/runner/work/apicurio-testing/apicurio-testing/clusters/ci419/namespaces/pg17/tests/integration/apicurio-registry/schema-util/xml/target/apicurio-registry-schema-util-xml-3.0.14-SNAPSHOT.jar:/home/runner/.m2/repository/org/apache/santuario/xmlsec/4.0.4/xmlsec-4.0.4.jar:/home/runner/.m2/repository/com/fasterxml/woodstox/woodstox-core/7.1.1/woodstox-core-7.1.1.jar:/home/runner/.m2/repository/org/codehaus/woodstox/stax2-api/4.2.2/stax2-api-4.2.2.jar:/home/runner/work/apicurio-testing/apicurio-testing/clusters/ci419/namespaces/pg17/tests/integration/apicurio-registry/schema-util/xsd/target/apicurio-registry-schema-util-xsd-3.0.14-SNAPSHOT.jar:/home/runner/work/apicurio-testing/apicurio-testing/clusters/ci419/namespaces/pg17/tests/integration/apicurio-registry/serdes/kafka/jsonschema-serde/target/apicurio-registry-jsonschema-serde-kafka-3.0.14-SNAPSHOT.jar:/home/runner/work/apicurio-testing/apicurio-testing/clusters/ci419/namespaces/pg17/tests/integration/apicurio-registry/serdes/kafka/serde-kafka-common/target/apicurio-registry-serde-kafka-common-3.0.14-SNAPSHOT.jar:/home/runner/work/apicurio-testing/apicurio-testing/clusters/ci419/namespaces/pg17/tests/integration/apicurio-registry/serdes/generic/serde-common/target/apicurio-registry-serde-common-3.0.14-SNAPSHOT.jar:/home/runner/work/apicurio-testing/apicurio-testing/clusters/ci419/namespaces/pg17/tests/integration/apicurio-registry/serdes/generic/serde-common-jsonschema/target/apicurio-registry-serde-common-jsonschema-3.0.14-SNAPSHOT.jar:/home/runner/.m2/repository/org/json/json/20250107/json-20250107.jar:/home/runner/work/apicurio-testing/apicurio-testing/clusters/ci419/namespaces/pg17/tests/integration/apicurio-registry/serdes/kafka/avro-serde/target/apicurio-registry-avro-serde-kafka-3.0.14-SNAPSHOT.jar:/home/runner/work/apicurio-testing/apicurio-testing/clusters/ci419/namespaces/pg17/tests/integration/apicurio-registry/serdes/generic/serde-common-avro/target/apicurio-registry-serde-common-avro-3.0.14-SNAPSHOT.jar:/home/runner/work/apicurio-testing/apicurio-testing/clusters/ci419/namespaces/pg17/tests/integration/apicurio-registry/serdes/kafka/protobuf-serde/target/apicurio-registry-protobuf-serde-kafka-3.0.14-SNAPSHOT.jar:/home/runner/work/apicurio-testing/apicurio-testing/clusters/ci419/namespaces/pg17/tests/integration/apicurio-registry/serdes/generic/serde-common-protobuf/target/apicurio-registry-serde-common-protobuf-3.0.14-SNAPSHOT.jar:/home/runner/.m2/repository/com/squareup/wire/wire-schema/5.3.3/wire-schema-5.3.3.jar:/home/runner/.m2/repository/com/squareup/wire/wire-runtime/5.3.3/wire-runtime-5.3.3.jar:/home/runner/work/apicurio-testing/apicurio-testing/clusters/ci419/namespaces/pg17/tests/integration/apicurio-registry/serdes/pulsar/avro-serde/target/apicurio-registry-avro-serde-pulsar-3.0.14-SNAPSHOT.jar:/home/runner/.m2/repository/org/apache/pulsar/pulsar-functions-api/3.3.8/pulsar-functions-api-3.3.8.jar:/home/runner/work/apicurio-testing/apicurio-testing/clusters/ci419/namespaces/pg17/tests/integration/apicurio-registry/serdes/nats/avro-serde/target/apicurio-registry-avro-serde-nats-3.0.14-SNAPSHOT.jar:/home/runner/.m2/repository/io/nats/jnats/2.21.4/jnats-2.21.4.jar:/home/runner/.m2/repository/org/bouncycastle/bcprov-lts8on/2.73.7/bcprov-lts8on-2.73.7.jar:/home/runner/.m2/repository/org/jetbrains/annotations/26.0.2/annotations-26.0.2.jar:/home/runner/work/apicurio-testing/apicurio-testing/clusters/ci419/namespaces/pg17/tests/integration/apicurio-registry/utils/converter/target/apicurio-registry-utils-converter-3.0.14-SNAPSHOT.jar:/home/runner/work/apicurio-testing/apicurio-testing/clusters/ci419/namespaces/pg17/tests/integration/apicurio-registry/schema-resolver/target/apicurio-registry-schema-resolver-3.0.14-SNAPSHOT.jar:/home/runner/.m2/repository/org/apache/kafka/connect-api/3.9.1/connect-api-3.9.1.jar:/home/runner/.m2/repository/javax/ws/rs/javax.ws.rs-api/2.1.1/javax.ws.rs-api-2.1.1.jar:/home/runner/.m2/repository/org/apache/kafka/connect-json/3.9.1/connect-json-3.9.1.jar:/home/runner/.m2/repository/com/fasterxml/jackson/datatype/jackson-datatype-jdk8/2.18.2/jackson-datatype-jdk8-2.18.2.jar:/home/runner/.m2/repository/com/fasterxml/jackson/module/jackson-module-afterburner/2.18.2/jackson-module-afterburner-2.18.2.jar:/home/runner/work/apicurio-testing/apicurio-testing/clusters/ci419/namespaces/pg17/tests/integration/apicurio-registry/utils/kafka/target/apicurio-registry-utils-kafka-3.0.14-SNAPSHOT.jar:/home/runner/.m2/repository/org/apache/pulsar/pulsar-client/3.3.8/pulsar-client-3.3.8.jar:/home/runner/.m2/repository/org/apache/pulsar/pulsar-client-api/3.3.8/pulsar-client-api-3.3.8.jar:/home/runner/.m2/repository/org/apache/pulsar/pulsar-client-admin-api/3.3.8/pulsar-client-admin-api-3.3.8.jar:/home/runner/.m2/repository/org/apache/pulsar/bouncy-castle-bc/3.3.8/bouncy-castle-bc-3.3.8-pkg.jar:/home/runner/.m2/repository/org/bouncycastle/bcpkix-jdk18on/1.81/bcpkix-jdk18on-1.81.jar:/home/runner/.m2/repository/org/bouncycastle/bcutil-jdk18on/1.81/bcutil-jdk18on-1.81.jar:/home/runner/.m2/repository/org/bouncycastle/bcprov-jdk18on/1.81/bcprov-jdk18on-1.81.jar:/home/runner/.m2/repository/io/opentelemetry/opentelemetry-api/1.44.1/opentelemetry-api-1.44.1.jar:/home/runner/.m2/repository/io/opentelemetry/opentelemetry-context/1.44.1/opentelemetry-context-1.44.1.jar:/home/runner/.m2/repository/io/opentelemetry/opentelemetry-api-incubator/1.44.1-alpha/opentelemetry-api-incubator-1.44.1-alpha.jar:/home/runner/.m2/repository/com/fasterxml/jackson/core/jackson-annotations/2.18.2/jackson-annotations-2.18.2.jar:/home/runner/.m2/repository/javax/validation/validation-api/1.1.0.Final/validation-api-1.1.0.Final.jar:/home/runner/.m2/repository/org/jspecify/jspecify/1.0.0/jspecify-1.0.0.jar:/home/runner/.m2/repository/org/apache/commons/commons-configuration2/2.12.0/commons-configuration2-2.12.0.jar:/home/runner/.m2/repository/commons-logging/commons-logging/1.3.5/commons-logging-1.3.5.jar:/home/runner/.m2/repository/org/apache/commons/commons-text/1.13.0/commons-text-1.13.0.jar:/home/runner/.m2/repository/io/confluent/kafka-avro-serializer/8.0.0/kafka-avro-serializer-8.0.0.jar:/home/runner/.m2/repository/org/apache/commons/commons-compress/1.27.1/commons-compress-1.27.1.jar:/home/runner/.m2/repository/io/confluent/kafka-schema-serializer/8.0.0/kafka-schema-serializer-8.0.0.jar:/home/runner/.m2/repository/com/fasterxml/jackson/dataformat/jackson-dataformat-csv/2.18.2/jackson-dataformat-csv-2.18.2.jar:/home/runner/.m2/repository/io/confluent/kafka-schema-registry-client/8.0.0/kafka-schema-registry-client-8.0.0.jar:/home/runner/.m2/repository/org/yaml/snakeyaml/2.3/snakeyaml-2.3.jar:/home/runner/.m2/repository/io/swagger/core/v3/swagger-annotations/2.2.29/swagger-annotations-2.2.29.jar:/home/runner/.m2/repository/com/google/guava/guava/33.4.0-jre/guava-33.4.0-jre.jar:/home/runner/.m2/repository/com/google/guava/failureaccess/1.0.1/failureaccess-1.0.1.jar:/home/runner/.m2/repository/org/checkerframework/checker-qual/3.49.0/checker-qual-3.49.0.jar:/home/runner/.m2/repository/io/confluent/logredactor/1.0.13/logredactor-1.0.13.jar:/home/runner/.m2/repository/com/google/re2j/re2j/1.6/re2j-1.6.jar:/home/runner/.m2/repository/io/confluent/logredactor-metrics/1.0.13/logredactor-metrics-1.0.13.jar:/home/runner/.m2/repository/com/eclipsesource/minimal-json/minimal-json/0.9.5/minimal-json-0.9.5.jar:/home/runner/.m2/repository/io/confluent/common-utils/8.0.0/common-utils-8.0.0.jar:/home/runner/.m2/repository/io/confluent/kafka-connect-avro-converter/8.0.0/kafka-connect-avro-converter-8.0.0.jar:/home/runner/.m2/repository/io/confluent/kafka-connect-avro-data/8.0.0/kafka-connect-avro-data-8.0.0.jar:/home/runner/.m2/repository/io/confluent/kafka-schema-converter/8.0.0/kafka-schema-converter-8.0.0.jar:/home/runner/.m2/repository/io/rest-assured/rest-assured/5.5.1/rest-assured-5.5.1.jar:/home/runner/.m2/repository/org/apache/groovy/groovy/4.0.22/groovy-4.0.22.jar:/home/runner/.m2/repository/org/apache/groovy/groovy-xml/4.0.22/groovy-xml-4.0.22.jar:/home/runner/.m2/repository/org/apache/httpcomponents/httpclient/4.5.14/httpclient-4.5.14.jar:/home/runner/.m2/repository/org/apache/httpcomponents/httpcore/4.4.16/httpcore-4.4.16.jar:/home/runner/.m2/repository/org/apache/httpcomponents/httpmime/4.5.14/httpmime-4.5.14.jar:/home/runner/.m2/repository/org/hamcrest/hamcrest/2.2/hamcrest-2.2.jar:/home/runner/.m2/repository/org/ccil/cowan/tagsoup/tagsoup/1.2.1/tagsoup-1.2.1.jar:/home/runner/.m2/repository/io/rest-assured/json-path/5.5.1/json-path-5.5.1.jar:/home/runner/.m2/repository/org/apache/groovy/groovy-json/4.0.22/groovy-json-4.0.22.jar:/home/runner/.m2/repository/io/rest-assured/rest-assured-common/5.5.1/rest-assured-common-5.5.1.jar:/home/runner/.m2/repository/io/rest-assured/xml-path/5.5.1/xml-path-5.5.1.jar:/home/runner/.m2/repository/io/zonky/test/embedded-postgres/2.1.0/embedded-postgres-2.1.0.jar:/home/runner/.m2/repository/io/zonky/test/postgres/embedded-postgres-binaries-windows-amd64/14.15.0/embedded-postgres-binaries-windows-amd64-14.15.0.jar:/home/runner/.m2/repository/io/zonky/test/postgres/embedded-postgres-binaries-darwin-amd64/14.15.0/embedded-postgres-binaries-darwin-amd64-14.15.0.jar:/home/runner/.m2/repository/io/zonky/test/postgres/embedded-postgres-binaries-linux-amd64/14.15.0/embedded-postgres-binaries-linux-amd64-14.15.0.jar:/home/runner/.m2/repository/io/zonky/test/postgres/embedded-postgres-binaries-linux-amd64-alpine/14.15.0/embedded-postgres-binaries-linux-amd64-alpine-14.15.0.jar:/home/runner/.m2/repository/org/apache/commons/commons-lang3/3.17.0/commons-lang3-3.17.0.jar:/home/runner/.m2/repository/org/tukaani/xz/1.10/xz-1.10.jar:/home/runner/.m2/repository/commons-codec/commons-codec/1.19.0/commons-codec-1.19.0.jar:/home/runner/.m2/repository/org/postgresql/postgresql/42.7.7/postgresql-42.7.7.jar:/home/runner/.m2/repository/commons-io/commons-io/2.18.0/commons-io-2.18.0.jar:/home/runner/work/apicurio-testing/apicurio-testing/clusters/ci419/namespaces/pg17/tests/integration/apicurio-registry/utils/importexport/target/apicurio-registry-utils-import-export-3.0.14-SNAPSHOT.jar:/home/runner/.m2/repository/io/vertx/vertx-core/4.5.16/vertx-core-4.5.16.jar:/home/runner/.m2/repository/io/netty/netty-common/4.1.121.Final/netty-common-4.1.121.Final.jar:/home/runner/.m2/repository/io/netty/netty-buffer/4.1.121.Final/netty-buffer-4.1.121.Final.jar:/home/runner/.m2/repository/io/netty/netty-transport/4.1.121.Final/netty-transport-4.1.121.Final.jar:/home/runner/.m2/repository/io/netty/netty-handler/4.1.121.Final/netty-handler-4.1.121.Final.jar:/home/runner/.m2/repository/io/netty/netty-transport-native-unix-common/4.1.121.Final/netty-transport-native-unix-common-4.1.121.Final.jar:/home/runner/.m2/repository/io/netty/netty-codec/4.1.121.Final/netty-codec-4.1.121.Final.jar:/home/runner/.m2/repository/io/netty/netty-handler-proxy/4.1.121.Final/netty-handler-proxy-4.1.121.Final.jar:/home/runner/.m2/repository/io/netty/netty-codec-socks/4.1.121.Final/netty-codec-socks-4.1.121.Final.jar:/home/runner/.m2/repository/io/netty/netty-codec-http/4.1.121.Final/netty-codec-http-4.1.121.Final.jar:/home/runner/.m2/repository/io/netty/netty-codec-http2/4.1.121.Final/netty-codec-http2-4.1.121.Final.jar:/home/runner/.m2/repository/io/netty/netty-resolver/4.1.121.Final/netty-resolver-4.1.121.Final.jar:/home/runner/.m2/repository/io/netty/netty-resolver-dns/4.1.121.Final/netty-resolver-dns-4.1.121.Final.jar:/home/runner/.m2/repository/io/netty/netty-codec-dns/4.1.121.Final/netty-codec-dns-4.1.121.Final.jar:/home/runner/.m2/repository/com/fasterxml/jackson/core/jackson-core/2.18.2/jackson-core-2.18.2.jar:"/>
    <property name="sun.cpu.endian" value="little"/>
    <property name="user.home" value="/home/runner"/>
    <property name="user.language" value="en"/>
    <property name="jboss.log-version" value="false"/>
    <property name="java.specification.vendor" value="Oracle Corporation"/>
    <property name="java.version.date" value="2025-07-15"/>
    <property name="java.home" value="/usr/lib/jvm/temurin-17-jdk-amd64"/>
    <property name="file.separator" value="/"/>
    <property name="basedir" value="/home/runner/work/apicurio-testing/apicurio-testing/clusters/ci419/namespaces/pg17/tests/integration/apicurio-registry/integration-tests"/>
    <property name="java.vm.compressedOopsMode" value="Zero based"/>
    <property name="line.separator" value="&#10;"/>
    <property name="java.specification.name" value="Java Platform API Specification"/>
    <property name="java.vm.specification.vendor" value="Oracle Corporation"/>
    <property name="quarkus.http.test-host" value="registry-app-pg17.apps.ci419.apicurio-testing.org"/>
    <property name="surefire.real.class.path" value="/home/runner/work/apicurio-testing/apicurio-testing/clusters/ci419/namespaces/pg17/tests/integration/apicurio-registry/integration-tests/target/surefire/surefirebooter-20250902162244590_3.jar"/>
    <property name="sun.management.compiler" value="HotSpot 64-Bit Tiered Compilers"/>
    <property name="org.eclipse.jetty.http.HttpGenerator.STRICT" value="true"/>
    <property name="java.runtime.version" value="17.0.16+8"/>
    <property name="user.name" value="runner"/>
    <property name="path.separator" value=":"/>
    <property name="os.version" value="6.11.0-1018-azure"/>
    <property name="java.runtime.name" value="OpenJDK Runtime Environment"/>
    <property name="file.encoding" value="UTF-8"/>
    <property name="jnidispatch.path" value="/home/runner/.cache/JNA/temp/jna1622102125838347447.tmp"/>
    <property name="java.vm.name" value="OpenJDK 64-Bit Server VM"/>
    <property name="jna.platform.library.path" value="/usr/lib/x86_64-linux-gnu:/lib/x86_64-linux-gnu:/usr/lib64:/lib64:/usr/lib:/lib:/lib32:/usr/local/lib:/usr/lib/x86_64-linux-gnu/libfakeroot"/>
    <property name="java.vendor.version" value="Temurin-17.0.16+8"/>
    <property name="quarkus.oidc.token-path" value="https://keycloak-pg17.apps.ci419.apicurio-testing.org/realms/registry/protocol/openid-connect/token"/>
    <property name="quarkus.http.host" value="registry-app-pg17.apps.ci419.apicurio-testing.org"/>
    <property name="localRepository" value="/home/runner/.m2/repository"/>
    <property name="javax.xml.xpath.XPathFactory:http://java.sun.com/jaxp/xpath/dom" value="com.sun.org.apache.xpath.internal.jaxp.XPathFactoryImpl"/>
    <property name="jna.loaded" value="true"/>
    <property name="java.vendor.url.bug" value="https://github.com/adoptium/adoptium-support/issues"/>
    <property name="jetty.git.hash" value="5bc5e562c8d05c5862505aebe5cf83a61bdbcb96"/>
    <property name="java.io.tmpdir" value="/tmp"/>
    <property name="quarkus.http.test-protocol" value="http"/>
    <property name="java.version" value="17.0.16"/>
    <property name="user.dir" value="/home/runner/work/apicurio-testing/apicurio-testing/clusters/ci419/namespaces/pg17/tests/integration/apicurio-registry/integration-tests"/>
    <property name="os.arch" value="amd64"/>
    <property name="groups" value="( smoke | serdes | acceptance | ui)"/>
    <property name="java.vm.specification.name" value="Java Virtual Machine Specification"/>
    <property name="native.encoding" value="UTF-8"/>
    <property name="java.util.logging.manager" value="org.jboss.logmanager.LogManager"/>
    <property name="java.library.path" value="/usr/java/packages/lib:/usr/lib64:/lib64:/lib:/usr/lib"/>
    <property name="jdk.console" value="java.base"/>
    <property name="java.vm.info" value="mixed mode, sharing"/>
    <property name="java.vendor" value="Eclipse Adoptium"/>
    <property name="java.vm.version" value="17.0.16+8"/>
    <property name="java.specification.maintenance.version" value="1"/>
    <property name="sun.io.unicode.encoding" value="UnicodeLittle"/>
    <property name="javax.xml.transform.TransformerFactory" value="com.sun.org.apache.xalan.internal.xsltc.trax.TransformerFactoryImpl"/>
    <property name="java.class.version" value="61.0"/>
  </properties>
  <testcase name="testSimpleTopicIdStrategyFindLatest" classname="io.apicurio.tests.serdes.apicurio.ProtobufSerdeIT" time="1.465">
    <system-out><![CDATA[**** Registry Base URL: http://registry-app-pg17.apps.ci419.apicurio-testing.org:80
**** Registry Base URL: http://registry-app-pg17.apps.ci419.apicurio-testing.org:80
2025-09-02 16:24:51,267 INFO  [io.api.tes.ser.api.ProtobufSerdeIT] (main) RestAssured configured with http://registry-app-pg17.apps.ci419.apicurio-testing.org:80/apis/registry/v3
2025-09-02 16:24:51,330 INFO  [io.api.tes.uti.KafkaFacade] (main) Skipping deployment of kafka, because it's already deployed
2025-09-02 16:24:51,331 INFO  [io.api.tes.uti.TestSeparator] (main) ############################################################################
2025-09-02 16:24:51,331 INFO  [io.api.tes.uti.TestSeparator] (main) io.apicurio.tests.serdes.apicurio.ProtobufSerdeIT.testSimpleTopicIdStrategyFindLatest-STARTED
2025-09-02 16:24:51,331 INFO  [org.apa.kaf.cli.adm.AdminClientConfig] (main) AdminClientConfig values: 
	auto.include.jmx.reporter = true
	bootstrap.controllers = []
	bootstrap.servers = [PLAINTEXT://localhost:32769]
	client.dns.lookup = use_all_dns_ips
	client.id = 
	connections.max.idle.ms = 10000
	default.api.timeout.ms = 60000
	enable.metrics.push = true
	metadata.max.age.ms = 300000
	metadata.recovery.strategy = none
	metric.reporters = []
	metrics.num.samples = 2
	metrics.recording.level = INFO
	metrics.sample.window.ms = 30000
	receive.buffer.bytes = 65536
	reconnect.backoff.max.ms = 1000
	reconnect.backoff.ms = 50
	request.timeout.ms = 5000
	retries = 2147483647
	retry.backoff.max.ms = 1000
	retry.backoff.ms = 100
	sasl.client.callback.handler.class = null
	sasl.jaas.config = null
	sasl.kerberos.kinit.cmd = /usr/bin/kinit
	sasl.kerberos.min.time.before.relogin = 60000
	sasl.kerberos.service.name = null
	sasl.kerberos.ticket.renew.jitter = 0.05
	sasl.kerberos.ticket.renew.window.factor = 0.8
	sasl.login.callback.handler.class = null
	sasl.login.class = null
	sasl.login.connect.timeout.ms = null
	sasl.login.read.timeout.ms = null
	sasl.login.refresh.buffer.seconds = 300
	sasl.login.refresh.min.period.seconds = 60
	sasl.login.refresh.window.factor = 0.8
	sasl.login.refresh.window.jitter = 0.05
	sasl.login.retry.backoff.max.ms = 10000
	sasl.login.retry.backoff.ms = 100
	sasl.mechanism = GSSAPI
	sasl.oauthbearer.clock.skew.seconds = 30
	sasl.oauthbearer.expected.audience = null
	sasl.oauthbearer.expected.issuer = null
	sasl.oauthbearer.header.urlencode = false
	sasl.oauthbearer.jwks.endpoint.refresh.ms = 3600000
	sasl.oauthbearer.jwks.endpoint.retry.backoff.max.ms = 10000
	sasl.oauthbearer.jwks.endpoint.retry.backoff.ms = 100
	sasl.oauthbearer.jwks.endpoint.url = null
	sasl.oauthbearer.scope.claim.name = scope
	sasl.oauthbearer.sub.claim.name = sub
	sasl.oauthbearer.token.endpoint.url = null
	security.protocol = PLAINTEXT
	security.providers = null
	send.buffer.bytes = 131072
	socket.connection.setup.timeout.max.ms = 30000
	socket.connection.setup.timeout.ms = 10000
	ssl.cipher.suites = null
	ssl.enabled.protocols = [TLSv1.2, TLSv1.3]
	ssl.endpoint.identification.algorithm = https
	ssl.engine.factory.class = null
	ssl.key.password = null
	ssl.keymanager.algorithm = SunX509
	ssl.keystore.certificate.chain = null
	ssl.keystore.key = null
	ssl.keystore.location = null
	ssl.keystore.password = null
	ssl.keystore.type = JKS
	ssl.protocol = TLSv1.3
	ssl.provider = null
	ssl.secure.random.implementation = null
	ssl.trustmanager.algorithm = PKIX
	ssl.truststore.certificates = null
	ssl.truststore.location = null
	ssl.truststore.password = null
	ssl.truststore.type = JKS

2025-09-02 16:24:51,332 INFO  [org.apa.kaf.com.uti.AppInfoParser] (main) Kafka version: 3.9.1
2025-09-02 16:24:51,332 INFO  [org.apa.kaf.com.uti.AppInfoParser] (main) Kafka commitId: f745dfdcee2b9851
2025-09-02 16:24:51,332 INFO  [org.apa.kaf.com.uti.AppInfoParser] (main) Kafka startTimeMs: 1756830291332
2025-09-02 16:24:52,794 INFO  [io.api.tes.uti.TestSeparator] (main) io.apicurio.tests.serdes.apicurio.ProtobufSerdeIT.testSimpleTopicIdStrategyFindLatest-FINISHED
2025-09-02 16:24:52,794 INFO  [io.api.tes.uti.TestSeparator] (main) ############################################################################
Test passed: testSimpleTopicIdStrategyFindLatest
]]></system-out>
  </testcase>
  <testcase name="testFindLatestDeriveClassProtobufTypeTopicIdStrategy" classname="io.apicurio.tests.serdes.apicurio.ProtobufSerdeIT" time="1.074">
    <system-out><![CDATA[2025-09-02 16:24:52,796 INFO  [io.api.tes.uti.TestSeparator] (main) ############################################################################
2025-09-02 16:24:52,796 INFO  [io.api.tes.uti.TestSeparator] (main) io.apicurio.tests.serdes.apicurio.ProtobufSerdeIT.testFindLatestDeriveClassProtobufTypeTopicIdStrategy-STARTED
2025-09-02 16:24:53,869 INFO  [io.api.tes.uti.TestSeparator] (main) io.apicurio.tests.serdes.apicurio.ProtobufSerdeIT.testFindLatestDeriveClassProtobufTypeTopicIdStrategy-FINISHED
2025-09-02 16:24:53,869 INFO  [io.api.tes.uti.TestSeparator] (main) ############################################################################
Test passed: testFindLatestDeriveClassProtobufTypeTopicIdStrategy
]]></system-out>
  </testcase>
  <testcase name="testWrongSchema" classname="io.apicurio.tests.serdes.apicurio.ProtobufSerdeIT" time="1.071">
    <system-out><![CDATA[2025-09-02 16:24:53,870 INFO  [io.api.tes.uti.TestSeparator] (main) ############################################################################
2025-09-02 16:24:53,870 INFO  [io.api.tes.uti.TestSeparator] (main) io.apicurio.tests.serdes.apicurio.ProtobufSerdeIT.testWrongSchema-STARTED
2025-09-02 16:24:54,940 INFO  [io.api.tes.uti.TestSeparator] (main) io.apicurio.tests.serdes.apicurio.ProtobufSerdeIT.testWrongSchema-FINISHED
2025-09-02 16:24:54,940 INFO  [io.api.tes.uti.TestSeparator] (main) ############################################################################
Test passed: testWrongSchema
]]></system-out>
  </testcase>
  <testcase name="testTopicIdStrategyAutoRegister" classname="io.apicurio.tests.serdes.apicurio.ProtobufSerdeIT" time="4.636">
    <system-out><![CDATA[2025-09-02 16:24:54,941 INFO  [io.api.tes.uti.TestSeparator] (main) ############################################################################
2025-09-02 16:24:54,941 INFO  [io.api.tes.uti.TestSeparator] (main) io.apicurio.tests.serdes.apicurio.ProtobufSerdeIT.testTopicIdStrategyAutoRegister-STARTED
**** Registry Base URL: http://registry-app-pg17.apps.ci419.apicurio-testing.org:80
2025-09-02 16:24:54,943 INFO  [org.apa.kaf.cli.pro.ProducerConfig] (main) ProducerConfig values: 
	acks = -1
	auto.include.jmx.reporter = true
	batch.size = 16384
	bootstrap.servers = [PLAINTEXT://localhost:32769]
	buffer.memory = 33554432
	client.dns.lookup = use_all_dns_ips
	client.id = Producer-topic-43bb1f60_30b6_4065_8d87_5d76e00aea78
	compression.gzip.level = -1
	compression.lz4.level = 9
	compression.type = none
	compression.zstd.level = 3
	connections.max.idle.ms = 10000
	delivery.timeout.ms = 120000
	enable.idempotence = true
	enable.metrics.push = true
	interceptor.classes = []
	key.serializer = class org.apache.kafka.common.serialization.StringSerializer
	linger.ms = 0
	max.block.ms = 60000
	max.in.flight.requests.per.connection = 5
	max.request.size = 1048576
	metadata.max.age.ms = 300000
	metadata.max.idle.ms = 300000
	metadata.recovery.strategy = none
	metric.reporters = []
	metrics.num.samples = 2
	metrics.recording.level = INFO
	metrics.sample.window.ms = 30000
	partitioner.adaptive.partitioning.enable = true
	partitioner.availability.timeout.ms = 0
	partitioner.class = null
	partitioner.ignore.keys = false
	receive.buffer.bytes = 32768
	reconnect.backoff.max.ms = 1000
	reconnect.backoff.ms = 50
	request.timeout.ms = 5000
	retries = 2147483647
	retry.backoff.max.ms = 1000
	retry.backoff.ms = 100
	sasl.client.callback.handler.class = null
	sasl.jaas.config = null
	sasl.kerberos.kinit.cmd = /usr/bin/kinit
	sasl.kerberos.min.time.before.relogin = 60000
	sasl.kerberos.service.name = null
	sasl.kerberos.ticket.renew.jitter = 0.05
	sasl.kerberos.ticket.renew.window.factor = 0.8
	sasl.login.callback.handler.class = null
	sasl.login.class = null
	sasl.login.connect.timeout.ms = null
	sasl.login.read.timeout.ms = null
	sasl.login.refresh.buffer.seconds = 300
	sasl.login.refresh.min.period.seconds = 60
	sasl.login.refresh.window.factor = 0.8
	sasl.login.refresh.window.jitter = 0.05
	sasl.login.retry.backoff.max.ms = 10000
	sasl.login.retry.backoff.ms = 100
	sasl.mechanism = GSSAPI
	sasl.oauthbearer.clock.skew.seconds = 30
	sasl.oauthbearer.expected.audience = null
	sasl.oauthbearer.expected.issuer = null
	sasl.oauthbearer.header.urlencode = false
	sasl.oauthbearer.jwks.endpoint.refresh.ms = 3600000
	sasl.oauthbearer.jwks.endpoint.retry.backoff.max.ms = 10000
	sasl.oauthbearer.jwks.endpoint.retry.backoff.ms = 100
	sasl.oauthbearer.jwks.endpoint.url = null
	sasl.oauthbearer.scope.claim.name = scope
	sasl.oauthbearer.sub.claim.name = sub
	sasl.oauthbearer.token.endpoint.url = null
	security.protocol = PLAINTEXT
	security.providers = null
	send.buffer.bytes = 131072
	socket.connection.setup.timeout.max.ms = 30000
	socket.connection.setup.timeout.ms = 10000
	ssl.cipher.suites = null
	ssl.enabled.protocols = [TLSv1.2, TLSv1.3]
	ssl.endpoint.identification.algorithm = https
	ssl.engine.factory.class = null
	ssl.key.password = null
	ssl.keymanager.algorithm = SunX509
	ssl.keystore.certificate.chain = null
	ssl.keystore.key = null
	ssl.keystore.location = null
	ssl.keystore.password = null
	ssl.keystore.type = JKS
	ssl.protocol = TLSv1.3
	ssl.provider = null
	ssl.secure.random.implementation = null
	ssl.trustmanager.algorithm = PKIX
	ssl.truststore.certificates = null
	ssl.truststore.location = null
	ssl.truststore.password = null
	ssl.truststore.type = JKS
	transaction.timeout.ms = 60000
	transactional.id = null
	value.serializer = class io.apicurio.registry.serde.protobuf.ProtobufKafkaSerializer

2025-09-02 16:24:54,943 INFO  [org.apa.kaf.com.tel.int.KafkaMetricsCollector] (main) initializing Kafka metrics collector
2025-09-02 16:24:54,948 INFO  [org.apa.kaf.cli.pro.KafkaProducer] (main) [Producer clientId=Producer-topic-43bb1f60_30b6_4065_8d87_5d76e00aea78] Instantiated an idempotent producer.
2025-09-02 16:24:54,949 INFO  [org.apa.kaf.cli.pro.ProducerConfig] (main) These configurations '[apicurio.registry.url, apicurio.registry.headers.enabled, apicurio.registry.auto-register, apicurio.registry.artifact-resolver-strategy]' were supplied but are not used yet.
2025-09-02 16:24:54,949 INFO  [org.apa.kaf.com.uti.AppInfoParser] (main) Kafka version: 3.9.1
2025-09-02 16:24:54,949 INFO  [org.apa.kaf.com.uti.AppInfoParser] (main) Kafka commitId: f745dfdcee2b9851
2025-09-02 16:24:54,949 INFO  [org.apa.kaf.com.uti.AppInfoParser] (main) Kafka startTimeMs: 1756830294949
2025-09-02 16:24:54,949 INFO  [io.api.tes.ser.api.SimpleSerdesTesterBuilder$SimpleSerdesTester] (main) Using producer configuration: {apicurio.registry.url=http://registry-app-pg17.apps.ci419.apicurio-testing.org:80/apis/registry/v3, apicurio.registry.headers.enabled=true, apicurio.registry.auto-register=true, apicurio.registry.artifact-resolver-strategy=io.apicurio.registry.serde.strategy.TopicIdStrategy, value.serializer=io.apicurio.registry.serde.protobuf.ProtobufKafkaSerializer, request.timeout.ms=5000, acks=all, bootstrap.servers=PLAINTEXT://localhost:32769, connections.max.idle.ms=10000, key.serializer=org.apache.kafka.common.serialization.StringSerializer, client.id=Producer-topic-43bb1f60_30b6_4065_8d87_5d76e00aea78}
2025-09-02 16:24:54,949 INFO  [io.api.tes.ser.api.SimpleSerdesTesterBuilder$SimpleSerdesTester] (main) Using consumer configuration: {apicurio.registry.headers.enabled=true}
2025-09-02 16:24:54,951 INFO  [org.apa.kaf.cli.Metadata] (kafka-producer-network-thread | Producer-topic-43bb1f60_30b6_4065_8d87_5d76e00aea78) [Producer clientId=Producer-topic-43bb1f60_30b6_4065_8d87_5d76e00aea78] Cluster ID: ZlHnK1_JTee83lbn_tarJg
2025-09-02 16:24:54,951 INFO  [org.apa.kaf.cli.pro.int.TransactionManager] (kafka-producer-network-thread | Producer-topic-43bb1f60_30b6_4065_8d87_5d76e00aea78) [Producer clientId=Producer-topic-43bb1f60_30b6_4065_8d87_5d76e00aea78] ProducerId set to 32 with epoch 0
2025-09-02 16:24:55,060 INFO  [io.api.tes.ser.api.KafkaSerdesTester] (ForkJoinPool.commonPool-worker-1) Sending message header {
  time {
  }
}
d1: 1.756830294949E12
s1: "a"
i1: 123
bi1: 1
point {
  longitude: 22.0
  latitude: 22.0
  altitude: 1.0
}
 to topic topic-43bb1f60_30b6_4065_8d87_5d76e00aea78
2025-09-02 16:24:55,412 INFO  [io.api.tes.ser.api.KafkaSerdesTester] (ForkJoinPool.commonPool-worker-1) Sending message header {
  time {
  }
}
d1: 1.756830295412E12
s1: "a"
i1: 123
bi1: 1
point {
  longitude: 22.0
  latitude: 22.0
  altitude: 1.0
}
 to topic topic-43bb1f60_30b6_4065_8d87_5d76e00aea78
2025-09-02 16:24:55,455 INFO  [io.api.tes.ser.api.KafkaSerdesTester] (ForkJoinPool.commonPool-worker-1) Sending message header {
  time {
  }
}
d1: 1.756830295455E12
s1: "a"
i1: 123
bi1: 1
point {
  longitude: 22.0
  latitude: 22.0
  altitude: 1.0
}
 to topic topic-43bb1f60_30b6_4065_8d87_5d76e00aea78
2025-09-02 16:24:55,492 INFO  [io.api.tes.ser.api.KafkaSerdesTester] (ForkJoinPool.commonPool-worker-1) Sending message header {
  time {
  }
}
d1: 1.756830295492E12
s1: "a"
i1: 123
bi1: 1
point {
  longitude: 22.0
  latitude: 22.0
  altitude: 1.0
}
 to topic topic-43bb1f60_30b6_4065_8d87_5d76e00aea78
2025-09-02 16:24:55,531 INFO  [io.api.tes.ser.api.KafkaSerdesTester] (ForkJoinPool.commonPool-worker-1) Sending message header {
  time {
  }
}
d1: 1.756830295531E12
s1: "a"
i1: 123
bi1: 1
point {
  longitude: 22.0
  latitude: 22.0
  altitude: 1.0
}
 to topic topic-43bb1f60_30b6_4065_8d87_5d76e00aea78
2025-09-02 16:24:55,570 INFO  [io.api.tes.ser.api.KafkaSerdesTester] (ForkJoinPool.commonPool-worker-1) Sending message header {
  time {
  }
}
d1: 1.756830295569E12
s1: "a"
i1: 123
bi1: 1
point {
  longitude: 22.0
  latitude: 22.0
  altitude: 1.0
}
 to topic topic-43bb1f60_30b6_4065_8d87_5d76e00aea78
2025-09-02 16:24:55,609 INFO  [io.api.tes.ser.api.KafkaSerdesTester] (ForkJoinPool.commonPool-worker-1) Sending message header {
  time {
  }
}
d1: 1.756830295609E12
s1: "a"
i1: 123
bi1: 1
point {
  longitude: 22.0
  latitude: 22.0
  altitude: 1.0
}
 to topic topic-43bb1f60_30b6_4065_8d87_5d76e00aea78
2025-09-02 16:24:55,649 INFO  [io.api.tes.ser.api.KafkaSerdesTester] (ForkJoinPool.commonPool-worker-1) Sending message header {
  time {
  }
}
d1: 1.756830295648E12
s1: "a"
i1: 123
bi1: 1
point {
  longitude: 22.0
  latitude: 22.0
  altitude: 1.0
}
 to topic topic-43bb1f60_30b6_4065_8d87_5d76e00aea78
2025-09-02 16:24:55,691 INFO  [io.api.tes.ser.api.KafkaSerdesTester] (ForkJoinPool.commonPool-worker-1) Sending message header {
  time {
  }
}
d1: 1.75683029569E12
s1: "a"
i1: 123
bi1: 1
point {
  longitude: 22.0
  latitude: 22.0
  altitude: 1.0
}
 to topic topic-43bb1f60_30b6_4065_8d87_5d76e00aea78
2025-09-02 16:24:55,728 INFO  [io.api.tes.ser.api.KafkaSerdesTester] (ForkJoinPool.commonPool-worker-1) Sending message header {
  time {
  }
}
d1: 1.756830295728E12
s1: "a"
i1: 123
bi1: 1
point {
  longitude: 22.0
  latitude: 22.0
  altitude: 1.0
}
 to topic topic-43bb1f60_30b6_4065_8d87_5d76e00aea78
2025-09-02 16:24:55,767 INFO  [io.api.tes.ser.api.KafkaSerdesTester] (ForkJoinPool.commonPool-worker-1) Produced 10 messages
2025-09-02 16:24:55,767 INFO  [org.apa.kaf.cli.pro.KafkaProducer] (ForkJoinPool.commonPool-worker-1) [Producer clientId=Producer-topic-43bb1f60_30b6_4065_8d87_5d76e00aea78] Closing the Kafka producer with timeoutMillis = 9223372036854775807 ms.
2025-09-02 16:24:55,769 INFO  [org.apa.kaf.com.met.Metrics] (ForkJoinPool.commonPool-worker-1) Metrics scheduler closed
2025-09-02 16:24:55,769 INFO  [org.apa.kaf.com.met.Metrics] (ForkJoinPool.commonPool-worker-1) Closing reporter org.apache.kafka.common.metrics.JmxReporter
2025-09-02 16:24:55,769 INFO  [org.apa.kaf.com.met.Metrics] (ForkJoinPool.commonPool-worker-1) Closing reporter org.apache.kafka.common.telemetry.internals.ClientTelemetryReporter
2025-09-02 16:24:55,769 INFO  [org.apa.kaf.com.met.Metrics] (ForkJoinPool.commonPool-worker-1) Metrics reporters closed
2025-09-02 16:24:55,769 INFO  [org.apa.kaf.com.uti.AppInfoParser] (ForkJoinPool.commonPool-worker-1) App info kafka.producer for Producer-topic-43bb1f60_30b6_4065_8d87_5d76e00aea78 unregistered
**** Registry Base URL: http://registry-app-pg17.apps.ci419.apicurio-testing.org:80
2025-09-02 16:24:55,832 INFO  [org.apa.kaf.cli.con.ConsumerConfig] (main) ConsumerConfig values: 
	allow.auto.create.topics = true
	auto.commit.interval.ms = 500
	auto.include.jmx.reporter = true
	auto.offset.reset = earliest
	bootstrap.servers = [PLAINTEXT://localhost:32769]
	check.crcs = true
	client.dns.lookup = use_all_dns_ips
	client.id = consumer-Consumer-topic-43bb1f60_30b6_4065_8d87_5d76e00aea78-22
	client.rack = 
	connections.max.idle.ms = 10000
	default.api.timeout.ms = 60000
	enable.auto.commit = true
	enable.metrics.push = true
	exclude.internal.topics = true
	fetch.max.bytes = 52428800
	fetch.max.wait.ms = 500
	fetch.min.bytes = 1
	group.id = Consumer-topic-43bb1f60_30b6_4065_8d87_5d76e00aea78
	group.instance.id = null
	group.protocol = classic
	group.remote.assignor = null
	heartbeat.interval.ms = 3000
	interceptor.classes = []
	internal.leave.group.on.close = true
	internal.throw.on.fetch.stable.offset.unsupported = false
	isolation.level = read_uncommitted
	key.deserializer = class org.apache.kafka.common.serialization.StringDeserializer
	max.partition.fetch.bytes = 1048576
	max.poll.interval.ms = 300000
	max.poll.records = 500
	metadata.max.age.ms = 300000
	metadata.recovery.strategy = none
	metric.reporters = []
	metrics.num.samples = 2
	metrics.recording.level = INFO
	metrics.sample.window.ms = 30000
	partition.assignment.strategy = [class org.apache.kafka.clients.consumer.RangeAssignor, class org.apache.kafka.clients.consumer.CooperativeStickyAssignor]
	receive.buffer.bytes = 65536
	reconnect.backoff.max.ms = 1000
	reconnect.backoff.ms = 50
	request.timeout.ms = 5000
	retry.backoff.max.ms = 1000
	retry.backoff.ms = 100
	sasl.client.callback.handler.class = null
	sasl.jaas.config = null
	sasl.kerberos.kinit.cmd = /usr/bin/kinit
	sasl.kerberos.min.time.before.relogin = 60000
	sasl.kerberos.service.name = null
	sasl.kerberos.ticket.renew.jitter = 0.05
	sasl.kerberos.ticket.renew.window.factor = 0.8
	sasl.login.callback.handler.class = null
	sasl.login.class = null
	sasl.login.connect.timeout.ms = null
	sasl.login.read.timeout.ms = null
	sasl.login.refresh.buffer.seconds = 300
	sasl.login.refresh.min.period.seconds = 60
	sasl.login.refresh.window.factor = 0.8
	sasl.login.refresh.window.jitter = 0.05
	sasl.login.retry.backoff.max.ms = 10000
	sasl.login.retry.backoff.ms = 100
	sasl.mechanism = GSSAPI
	sasl.oauthbearer.clock.skew.seconds = 30
	sasl.oauthbearer.expected.audience = null
	sasl.oauthbearer.expected.issuer = null
	sasl.oauthbearer.header.urlencode = false
	sasl.oauthbearer.jwks.endpoint.refresh.ms = 3600000
	sasl.oauthbearer.jwks.endpoint.retry.backoff.max.ms = 10000
	sasl.oauthbearer.jwks.endpoint.retry.backoff.ms = 100
	sasl.oauthbearer.jwks.endpoint.url = null
	sasl.oauthbearer.scope.claim.name = scope
	sasl.oauthbearer.sub.claim.name = sub
	sasl.oauthbearer.token.endpoint.url = null
	security.protocol = PLAINTEXT
	security.providers = null
	send.buffer.bytes = 131072
	session.timeout.ms = 45000
	socket.connection.setup.timeout.max.ms = 30000
	socket.connection.setup.timeout.ms = 10000
	ssl.cipher.suites = null
	ssl.enabled.protocols = [TLSv1.2, TLSv1.3]
	ssl.endpoint.identification.algorithm = https
	ssl.engine.factory.class = null
	ssl.key.password = null
	ssl.keymanager.algorithm = SunX509
	ssl.keystore.certificate.chain = null
	ssl.keystore.key = null
	ssl.keystore.location = null
	ssl.keystore.password = null
	ssl.keystore.type = JKS
	ssl.protocol = TLSv1.3
	ssl.provider = null
	ssl.secure.random.implementation = null
	ssl.trustmanager.algorithm = PKIX
	ssl.truststore.certificates = null
	ssl.truststore.location = null
	ssl.truststore.password = null
	ssl.truststore.type = JKS
	value.deserializer = class io.apicurio.registry.serde.protobuf.ProtobufKafkaDeserializer

2025-09-02 16:24:55,832 INFO  [org.apa.kaf.com.tel.int.KafkaMetricsCollector] (main) initializing Kafka metrics collector
2025-09-02 16:24:55,837 INFO  [org.apa.kaf.cli.con.ConsumerConfig] (main) These configurations '[apicurio.registry.url, apicurio.registry.headers.enabled]' were supplied but are not used yet.
2025-09-02 16:24:55,837 INFO  [org.apa.kaf.com.uti.AppInfoParser] (main) Kafka version: 3.9.1
2025-09-02 16:24:55,837 INFO  [org.apa.kaf.com.uti.AppInfoParser] (main) Kafka commitId: f745dfdcee2b9851
2025-09-02 16:24:55,837 INFO  [org.apa.kaf.com.uti.AppInfoParser] (main) Kafka startTimeMs: 1756830295837
2025-09-02 16:24:55,838 INFO  [org.apa.kaf.cli.con.int.ClassicKafkaConsumer] (ForkJoinPool.commonPool-worker-1) [Consumer clientId=consumer-Consumer-topic-43bb1f60_30b6_4065_8d87_5d76e00aea78-22, groupId=Consumer-topic-43bb1f60_30b6_4065_8d87_5d76e00aea78] Subscribed to topic(s): topic-43bb1f60_30b6_4065_8d87_5d76e00aea78
2025-09-02 16:24:55,840 INFO  [org.apa.kaf.cli.Metadata] (ForkJoinPool.commonPool-worker-1) [Consumer clientId=consumer-Consumer-topic-43bb1f60_30b6_4065_8d87_5d76e00aea78-22, groupId=Consumer-topic-43bb1f60_30b6_4065_8d87_5d76e00aea78] Cluster ID: ZlHnK1_JTee83lbn_tarJg
2025-09-02 16:24:55,841 INFO  [org.apa.kaf.cli.con.int.ConsumerCoordinator] (ForkJoinPool.commonPool-worker-1) [Consumer clientId=consumer-Consumer-topic-43bb1f60_30b6_4065_8d87_5d76e00aea78-22, groupId=Consumer-topic-43bb1f60_30b6_4065_8d87_5d76e00aea78] Discovered group coordinator localhost:32769 (id: 2147483647 rack: null)
2025-09-02 16:24:55,841 INFO  [org.apa.kaf.cli.con.int.ConsumerCoordinator] (ForkJoinPool.commonPool-worker-1) [Consumer clientId=consumer-Consumer-topic-43bb1f60_30b6_4065_8d87_5d76e00aea78-22, groupId=Consumer-topic-43bb1f60_30b6_4065_8d87_5d76e00aea78] (Re-)joining group
2025-09-02 16:24:55,843 INFO  [org.apa.kaf.cli.con.int.ConsumerCoordinator] (ForkJoinPool.commonPool-worker-1) [Consumer clientId=consumer-Consumer-topic-43bb1f60_30b6_4065_8d87_5d76e00aea78-22, groupId=Consumer-topic-43bb1f60_30b6_4065_8d87_5d76e00aea78] Request joining group due to: need to re-join with the given member-id: consumer-Consumer-topic-43bb1f60_30b6_4065_8d87_5d76e00aea78-22-1ebecc40-13a0-4afc-9f19-5123ea0c4442
2025-09-02 16:24:55,843 INFO  [org.apa.kaf.cli.con.int.ConsumerCoordinator] (ForkJoinPool.commonPool-worker-1) [Consumer clientId=consumer-Consumer-topic-43bb1f60_30b6_4065_8d87_5d76e00aea78-22, groupId=Consumer-topic-43bb1f60_30b6_4065_8d87_5d76e00aea78] (Re-)joining group
2025-09-02 16:24:56,838 INFO  [io.api.tes.ser.api.KafkaSerdesTester] (ForkJoinPool.commonPool-worker-1) None found
2025-09-02 16:24:57,838 INFO  [io.api.tes.ser.api.KafkaSerdesTester] (ForkJoinPool.commonPool-worker-1) None found
2025-09-02 16:24:58,838 INFO  [io.api.tes.ser.api.KafkaSerdesTester] (ForkJoinPool.commonPool-worker-1) None found
2025-09-02 16:24:58,844 INFO  [org.apa.kaf.cli.con.int.ConsumerCoordinator] (ForkJoinPool.commonPool-worker-1) [Consumer clientId=consumer-Consumer-topic-43bb1f60_30b6_4065_8d87_5d76e00aea78-22, groupId=Consumer-topic-43bb1f60_30b6_4065_8d87_5d76e00aea78] Successfully joined group with generation Generation{generationId=1, memberId='consumer-Consumer-topic-43bb1f60_30b6_4065_8d87_5d76e00aea78-22-1ebecc40-13a0-4afc-9f19-5123ea0c4442', protocol='range'}
2025-09-02 16:24:58,844 INFO  [org.apa.kaf.cli.con.int.ConsumerCoordinator] (ForkJoinPool.commonPool-worker-1) [Consumer clientId=consumer-Consumer-topic-43bb1f60_30b6_4065_8d87_5d76e00aea78-22, groupId=Consumer-topic-43bb1f60_30b6_4065_8d87_5d76e00aea78] Finished assignment for group at generation 1: {consumer-Consumer-topic-43bb1f60_30b6_4065_8d87_5d76e00aea78-22-1ebecc40-13a0-4afc-9f19-5123ea0c4442=Assignment(partitions=[topic-43bb1f60_30b6_4065_8d87_5d76e00aea78-0])}
2025-09-02 16:24:58,851 INFO  [org.apa.kaf.cli.con.int.ConsumerCoordinator] (ForkJoinPool.commonPool-worker-1) [Consumer clientId=consumer-Consumer-topic-43bb1f60_30b6_4065_8d87_5d76e00aea78-22, groupId=Consumer-topic-43bb1f60_30b6_4065_8d87_5d76e00aea78] Successfully synced group in generation Generation{generationId=1, memberId='consumer-Consumer-topic-43bb1f60_30b6_4065_8d87_5d76e00aea78-22-1ebecc40-13a0-4afc-9f19-5123ea0c4442', protocol='range'}
2025-09-02 16:24:58,851 INFO  [org.apa.kaf.cli.con.int.ConsumerCoordinator] (ForkJoinPool.commonPool-worker-1) [Consumer clientId=consumer-Consumer-topic-43bb1f60_30b6_4065_8d87_5d76e00aea78-22, groupId=Consumer-topic-43bb1f60_30b6_4065_8d87_5d76e00aea78] Notifying assignor about the new Assignment(partitions=[topic-43bb1f60_30b6_4065_8d87_5d76e00aea78-0])
2025-09-02 16:24:58,851 INFO  [org.apa.kaf.cli.con.int.ConsumerRebalanceListenerInvoker] (ForkJoinPool.commonPool-worker-1) [Consumer clientId=consumer-Consumer-topic-43bb1f60_30b6_4065_8d87_5d76e00aea78-22, groupId=Consumer-topic-43bb1f60_30b6_4065_8d87_5d76e00aea78] Adding newly assigned partitions: topic-43bb1f60_30b6_4065_8d87_5d76e00aea78-0
2025-09-02 16:24:58,852 INFO  [org.apa.kaf.cli.con.int.ConsumerCoordinator] (ForkJoinPool.commonPool-worker-1) [Consumer clientId=consumer-Consumer-topic-43bb1f60_30b6_4065_8d87_5d76e00aea78-22, groupId=Consumer-topic-43bb1f60_30b6_4065_8d87_5d76e00aea78] Found no committed offset for partition topic-43bb1f60_30b6_4065_8d87_5d76e00aea78-0
2025-09-02 16:24:58,854 INFO  [org.apa.kaf.cli.con.int.SubscriptionState] (ForkJoinPool.commonPool-worker-1) [Consumer clientId=consumer-Consumer-topic-43bb1f60_30b6_4065_8d87_5d76e00aea78-22, groupId=Consumer-topic-43bb1f60_30b6_4065_8d87_5d76e00aea78] Resetting offset for partition topic-43bb1f60_30b6_4065_8d87_5d76e00aea78-0 to position FetchPosition{offset=0, offsetEpoch=Optional.empty, currentLeader=LeaderAndEpoch{leader=Optional[localhost:32769 (id: 0 rack: null)], epoch=0}}.
2025-09-02 16:24:59,036 INFO  [io.api.tes.ser.api.KafkaSerdesTester] (ForkJoinPool.commonPool-worker-1) topic-43bb1f60_30b6_4065_8d87_5d76e00aea78 0 0 header {
  time {
  }
}
d1: 1.756830294949E12
s1: "a"
i1: 123
bi1: 1
point {
  longitude: 22.0
  latitude: 22.0
  altitude: 1.0
}

2025-09-02 16:24:59,036 INFO  [io.api.tes.ser.api.KafkaSerdesTester] (ForkJoinPool.commonPool-worker-1) topic-43bb1f60_30b6_4065_8d87_5d76e00aea78 0 1 header {
  time {
  }
}
d1: 1.756830295412E12
s1: "a"
i1: 123
bi1: 1
point {
  longitude: 22.0
  latitude: 22.0
  altitude: 1.0
}

2025-09-02 16:24:59,037 INFO  [io.api.tes.ser.api.KafkaSerdesTester] (ForkJoinPool.commonPool-worker-1) topic-43bb1f60_30b6_4065_8d87_5d76e00aea78 0 2 header {
  time {
  }
}
d1: 1.756830295455E12
s1: "a"
i1: 123
bi1: 1
point {
  longitude: 22.0
  latitude: 22.0
  altitude: 1.0
}

2025-09-02 16:24:59,037 INFO  [io.api.tes.ser.api.KafkaSerdesTester] (ForkJoinPool.commonPool-worker-1) topic-43bb1f60_30b6_4065_8d87_5d76e00aea78 0 3 header {
  time {
  }
}
d1: 1.756830295492E12
s1: "a"
i1: 123
bi1: 1
point {
  longitude: 22.0
  latitude: 22.0
  altitude: 1.0
}

2025-09-02 16:24:59,037 INFO  [io.api.tes.ser.api.KafkaSerdesTester] (ForkJoinPool.commonPool-worker-1) topic-43bb1f60_30b6_4065_8d87_5d76e00aea78 0 4 header {
  time {
  }
}
d1: 1.756830295531E12
s1: "a"
i1: 123
bi1: 1
point {
  longitude: 22.0
  latitude: 22.0
  altitude: 1.0
}

2025-09-02 16:24:59,039 INFO  [io.api.tes.ser.api.KafkaSerdesTester] (ForkJoinPool.commonPool-worker-1) topic-43bb1f60_30b6_4065_8d87_5d76e00aea78 0 5 header {
  time {
  }
}
d1: 1.756830295569E12
s1: "a"
i1: 123
bi1: 1
point {
  longitude: 22.0
  latitude: 22.0
  altitude: 1.0
}

2025-09-02 16:24:59,039 INFO  [io.api.tes.ser.api.KafkaSerdesTester] (ForkJoinPool.commonPool-worker-1) topic-43bb1f60_30b6_4065_8d87_5d76e00aea78 0 6 header {
  time {
  }
}
d1: 1.756830295609E12
s1: "a"
i1: 123
bi1: 1
point {
  longitude: 22.0
  latitude: 22.0
  altitude: 1.0
}

2025-09-02 16:24:59,039 INFO  [io.api.tes.ser.api.KafkaSerdesTester] (ForkJoinPool.commonPool-worker-1) topic-43bb1f60_30b6_4065_8d87_5d76e00aea78 0 7 header {
  time {
  }
}
d1: 1.756830295648E12
s1: "a"
i1: 123
bi1: 1
point {
  longitude: 22.0
  latitude: 22.0
  altitude: 1.0
}

2025-09-02 16:24:59,040 INFO  [io.api.tes.ser.api.KafkaSerdesTester] (ForkJoinPool.commonPool-worker-1) topic-43bb1f60_30b6_4065_8d87_5d76e00aea78 0 8 header {
  time {
  }
}
d1: 1.75683029569E12
s1: "a"
i1: 123
bi1: 1
point {
  longitude: 22.0
  latitude: 22.0
  altitude: 1.0
}

2025-09-02 16:24:59,040 INFO  [io.api.tes.ser.api.KafkaSerdesTester] (ForkJoinPool.commonPool-worker-1) topic-43bb1f60_30b6_4065_8d87_5d76e00aea78 0 9 header {
  time {
  }
}
d1: 1.756830295728E12
s1: "a"
i1: 123
bi1: 1
point {
  longitude: 22.0
  latitude: 22.0
  altitude: 1.0
}

2025-09-02 16:24:59,040 INFO  [io.api.tes.ser.api.KafkaSerdesTester] (ForkJoinPool.commonPool-worker-1) Consumed 10 messages
2025-09-02 16:24:59,046 INFO  [org.apa.kaf.cli.con.int.ConsumerRebalanceListenerInvoker] (ForkJoinPool.commonPool-worker-1) [Consumer clientId=consumer-Consumer-topic-43bb1f60_30b6_4065_8d87_5d76e00aea78-22, groupId=Consumer-topic-43bb1f60_30b6_4065_8d87_5d76e00aea78] Revoke previously assigned partitions topic-43bb1f60_30b6_4065_8d87_5d76e00aea78-0
2025-09-02 16:24:59,046 INFO  [org.apa.kaf.cli.con.int.ConsumerCoordinator] (ForkJoinPool.commonPool-worker-1) [Consumer clientId=consumer-Consumer-topic-43bb1f60_30b6_4065_8d87_5d76e00aea78-22, groupId=Consumer-topic-43bb1f60_30b6_4065_8d87_5d76e00aea78] Member consumer-Consumer-topic-43bb1f60_30b6_4065_8d87_5d76e00aea78-22-1ebecc40-13a0-4afc-9f19-5123ea0c4442 sending LeaveGroup request to coordinator localhost:32769 (id: 2147483647 rack: null) due to the consumer is being closed
2025-09-02 16:24:59,047 INFO  [org.apa.kaf.cli.con.int.ConsumerCoordinator] (ForkJoinPool.commonPool-worker-1) [Consumer clientId=consumer-Consumer-topic-43bb1f60_30b6_4065_8d87_5d76e00aea78-22, groupId=Consumer-topic-43bb1f60_30b6_4065_8d87_5d76e00aea78] Resetting generation and member id due to: consumer pro-actively leaving the group
2025-09-02 16:24:59,047 INFO  [org.apa.kaf.cli.con.int.ConsumerCoordinator] (ForkJoinPool.commonPool-worker-1) [Consumer clientId=consumer-Consumer-topic-43bb1f60_30b6_4065_8d87_5d76e00aea78-22, groupId=Consumer-topic-43bb1f60_30b6_4065_8d87_5d76e00aea78] Request joining group due to: consumer pro-actively leaving the group
2025-09-02 16:24:59,538 INFO  [org.apa.kaf.com.met.Metrics] (ForkJoinPool.commonPool-worker-1) Metrics scheduler closed
2025-09-02 16:24:59,538 INFO  [org.apa.kaf.com.met.Metrics] (ForkJoinPool.commonPool-worker-1) Closing reporter org.apache.kafka.common.metrics.JmxReporter
2025-09-02 16:24:59,538 INFO  [org.apa.kaf.com.met.Metrics] (ForkJoinPool.commonPool-worker-1) Closing reporter org.apache.kafka.common.telemetry.internals.ClientTelemetryReporter
2025-09-02 16:24:59,538 INFO  [org.apa.kaf.com.met.Metrics] (ForkJoinPool.commonPool-worker-1) Metrics reporters closed
2025-09-02 16:24:59,539 INFO  [org.apa.kaf.com.uti.AppInfoParser] (ForkJoinPool.commonPool-worker-1) App info kafka.consumer for consumer-Consumer-topic-43bb1f60_30b6_4065_8d87_5d76e00aea78-22 unregistered
2025-09-02 16:24:59,576 INFO  [io.api.tes.uti.TestSeparator] (main) io.apicurio.tests.serdes.apicurio.ProtobufSerdeIT.testTopicIdStrategyAutoRegister-FINISHED
2025-09-02 16:24:59,576 INFO  [io.api.tes.uti.TestSeparator] (main) ############################################################################
Test passed: testTopicIdStrategyAutoRegister
]]></system-out>
  </testcase>
  <testcase name="testAutoRegisterAndUseBody" classname="io.apicurio.tests.serdes.apicurio.ProtobufSerdeIT" time="4.338">
    <system-out><![CDATA[2025-09-02 16:24:59,577 INFO  [io.api.tes.uti.TestSeparator] (main) ############################################################################
2025-09-02 16:24:59,577 INFO  [io.api.tes.uti.TestSeparator] (main) io.apicurio.tests.serdes.apicurio.ProtobufSerdeIT.testAutoRegisterAndUseBody-STARTED
**** Registry Base URL: http://registry-app-pg17.apps.ci419.apicurio-testing.org:80
2025-09-02 16:24:59,578 INFO  [org.apa.kaf.cli.pro.ProducerConfig] (main) ProducerConfig values: 
	acks = -1
	auto.include.jmx.reporter = true
	batch.size = 16384
	bootstrap.servers = [PLAINTEXT://localhost:32769]
	buffer.memory = 33554432
	client.dns.lookup = use_all_dns_ips
	client.id = Producer-topic-36591c23_38dd_4951_bbac_57571952b9a1
	compression.gzip.level = -1
	compression.lz4.level = 9
	compression.type = none
	compression.zstd.level = 3
	connections.max.idle.ms = 10000
	delivery.timeout.ms = 120000
	enable.idempotence = true
	enable.metrics.push = true
	interceptor.classes = []
	key.serializer = class org.apache.kafka.common.serialization.StringSerializer
	linger.ms = 0
	max.block.ms = 60000
	max.in.flight.requests.per.connection = 5
	max.request.size = 1048576
	metadata.max.age.ms = 300000
	metadata.max.idle.ms = 300000
	metadata.recovery.strategy = none
	metric.reporters = []
	metrics.num.samples = 2
	metrics.recording.level = INFO
	metrics.sample.window.ms = 30000
	partitioner.adaptive.partitioning.enable = true
	partitioner.availability.timeout.ms = 0
	partitioner.class = null
	partitioner.ignore.keys = false
	receive.buffer.bytes = 32768
	reconnect.backoff.max.ms = 1000
	reconnect.backoff.ms = 50
	request.timeout.ms = 5000
	retries = 2147483647
	retry.backoff.max.ms = 1000
	retry.backoff.ms = 100
	sasl.client.callback.handler.class = null
	sasl.jaas.config = null
	sasl.kerberos.kinit.cmd = /usr/bin/kinit
	sasl.kerberos.min.time.before.relogin = 60000
	sasl.kerberos.service.name = null
	sasl.kerberos.ticket.renew.jitter = 0.05
	sasl.kerberos.ticket.renew.window.factor = 0.8
	sasl.login.callback.handler.class = null
	sasl.login.class = null
	sasl.login.connect.timeout.ms = null
	sasl.login.read.timeout.ms = null
	sasl.login.refresh.buffer.seconds = 300
	sasl.login.refresh.min.period.seconds = 60
	sasl.login.refresh.window.factor = 0.8
	sasl.login.refresh.window.jitter = 0.05
	sasl.login.retry.backoff.max.ms = 10000
	sasl.login.retry.backoff.ms = 100
	sasl.mechanism = GSSAPI
	sasl.oauthbearer.clock.skew.seconds = 30
	sasl.oauthbearer.expected.audience = null
	sasl.oauthbearer.expected.issuer = null
	sasl.oauthbearer.header.urlencode = false
	sasl.oauthbearer.jwks.endpoint.refresh.ms = 3600000
	sasl.oauthbearer.jwks.endpoint.retry.backoff.max.ms = 10000
	sasl.oauthbearer.jwks.endpoint.retry.backoff.ms = 100
	sasl.oauthbearer.jwks.endpoint.url = null
	sasl.oauthbearer.scope.claim.name = scope
	sasl.oauthbearer.sub.claim.name = sub
	sasl.oauthbearer.token.endpoint.url = null
	security.protocol = PLAINTEXT
	security.providers = null
	send.buffer.bytes = 131072
	socket.connection.setup.timeout.max.ms = 30000
	socket.connection.setup.timeout.ms = 10000
	ssl.cipher.suites = null
	ssl.enabled.protocols = [TLSv1.2, TLSv1.3]
	ssl.endpoint.identification.algorithm = https
	ssl.engine.factory.class = null
	ssl.key.password = null
	ssl.keymanager.algorithm = SunX509
	ssl.keystore.certificate.chain = null
	ssl.keystore.key = null
	ssl.keystore.location = null
	ssl.keystore.password = null
	ssl.keystore.type = JKS
	ssl.protocol = TLSv1.3
	ssl.provider = null
	ssl.secure.random.implementation = null
	ssl.trustmanager.algorithm = PKIX
	ssl.truststore.certificates = null
	ssl.truststore.location = null
	ssl.truststore.password = null
	ssl.truststore.type = JKS
	transaction.timeout.ms = 60000
	transactional.id = null
	value.serializer = class io.apicurio.registry.serde.protobuf.ProtobufKafkaSerializer

2025-09-02 16:24:59,578 INFO  [org.apa.kaf.com.tel.int.KafkaMetricsCollector] (main) initializing Kafka metrics collector
2025-09-02 16:24:59,581 INFO  [org.apa.kaf.cli.pro.KafkaProducer] (main) [Producer clientId=Producer-topic-36591c23_38dd_4951_bbac_57571952b9a1] Instantiated an idempotent producer.
2025-09-02 16:24:59,582 INFO  [org.apa.kaf.cli.pro.ProducerConfig] (main) These configurations '[apicurio.registry.url, apicurio.registry.auto-register, apicurio.registry.artifact-resolver-strategy]' were supplied but are not used yet.
2025-09-02 16:24:59,582 INFO  [org.apa.kaf.com.uti.AppInfoParser] (main) Kafka version: 3.9.1
2025-09-02 16:24:59,582 INFO  [org.apa.kaf.com.uti.AppInfoParser] (main) Kafka commitId: f745dfdcee2b9851
2025-09-02 16:24:59,582 INFO  [org.apa.kaf.com.uti.AppInfoParser] (main) Kafka startTimeMs: 1756830299582
2025-09-02 16:24:59,582 INFO  [io.api.tes.ser.api.SimpleSerdesTesterBuilder$SimpleSerdesTester] (main) Using producer configuration: {apicurio.registry.url=http://registry-app-pg17.apps.ci419.apicurio-testing.org:80/apis/registry/v3, apicurio.registry.auto-register=true, apicurio.registry.artifact-resolver-strategy=io.apicurio.registry.serde.strategy.TopicIdStrategy, value.serializer=io.apicurio.registry.serde.protobuf.ProtobufKafkaSerializer, request.timeout.ms=5000, acks=all, bootstrap.servers=PLAINTEXT://localhost:32769, connections.max.idle.ms=10000, key.serializer=org.apache.kafka.common.serialization.StringSerializer, client.id=Producer-topic-36591c23_38dd_4951_bbac_57571952b9a1}
2025-09-02 16:24:59,582 INFO  [io.api.tes.ser.api.SimpleSerdesTesterBuilder$SimpleSerdesTester] (main) Using consumer configuration: {apicurio.protobuf.derive.class=true}
2025-09-02 16:24:59,583 INFO  [io.api.tes.ser.api.KafkaSerdesTester] (ForkJoinPool.commonPool-worker-1) Sending message header {
  time {
  }
}
d1: 1.756830299582E12
s1: "a"
i1: 123
bi1: 1
point {
  longitude: 22.0
  latitude: 22.0
  altitude: 1.0
}
 to topic topic-36591c23_38dd_4951_bbac_57571952b9a1
2025-09-02 16:24:59,585 WARN  [org.apa.kaf.cli.NetworkClient] (kafka-producer-network-thread | Producer-topic-36591c23_38dd_4951_bbac_57571952b9a1) [Producer clientId=Producer-topic-36591c23_38dd_4951_bbac_57571952b9a1] The metadata response from the cluster reported a recoverable issue with correlation id 1 : {topic-36591c23_38dd_4951_bbac_57571952b9a1=UNKNOWN_TOPIC_OR_PARTITION}
2025-09-02 16:24:59,585 INFO  [org.apa.kaf.cli.Metadata] (kafka-producer-network-thread | Producer-topic-36591c23_38dd_4951_bbac_57571952b9a1) [Producer clientId=Producer-topic-36591c23_38dd_4951_bbac_57571952b9a1] Cluster ID: ZlHnK1_JTee83lbn_tarJg
2025-09-02 16:24:59,585 INFO  [org.apa.kaf.cli.pro.int.TransactionManager] (kafka-producer-network-thread | Producer-topic-36591c23_38dd_4951_bbac_57571952b9a1) [Producer clientId=Producer-topic-36591c23_38dd_4951_bbac_57571952b9a1] ProducerId set to 33 with epoch 0
2025-09-02 16:24:59,810 INFO  [io.api.tes.ser.api.KafkaSerdesTester] (ForkJoinPool.commonPool-worker-1) Sending message header {
  time {
  }
}
d1: 1.75683029981E12
s1: "a"
i1: 123
bi1: 1
point {
  longitude: 22.0
  latitude: 22.0
  altitude: 1.0
}
 to topic topic-36591c23_38dd_4951_bbac_57571952b9a1
2025-09-02 16:24:59,849 INFO  [io.api.tes.ser.api.KafkaSerdesTester] (ForkJoinPool.commonPool-worker-1) Sending message header {
  time {
  }
}
d1: 1.756830299848E12
s1: "a"
i1: 123
bi1: 1
point {
  longitude: 22.0
  latitude: 22.0
  altitude: 1.0
}
 to topic topic-36591c23_38dd_4951_bbac_57571952b9a1
2025-09-02 16:24:59,888 INFO  [io.api.tes.ser.api.KafkaSerdesTester] (ForkJoinPool.commonPool-worker-1) Sending message header {
  time {
  }
}
d1: 1.756830299887E12
s1: "a"
i1: 123
bi1: 1
point {
  longitude: 22.0
  latitude: 22.0
  altitude: 1.0
}
 to topic topic-36591c23_38dd_4951_bbac_57571952b9a1
2025-09-02 16:24:59,927 INFO  [io.api.tes.ser.api.KafkaSerdesTester] (ForkJoinPool.commonPool-worker-1) Sending message header {
  time {
  }
}
d1: 1.756830299927E12
s1: "a"
i1: 123
bi1: 1
point {
  longitude: 22.0
  latitude: 22.0
  altitude: 1.0
}
 to topic topic-36591c23_38dd_4951_bbac_57571952b9a1
2025-09-02 16:24:59,969 INFO  [io.api.tes.ser.api.KafkaSerdesTester] (ForkJoinPool.commonPool-worker-1) Sending message header {
  time {
  }
}
d1: 1.756830299968E12
s1: "a"
i1: 123
bi1: 1
point {
  longitude: 22.0
  latitude: 22.0
  altitude: 1.0
}
 to topic topic-36591c23_38dd_4951_bbac_57571952b9a1
2025-09-02 16:25:00,009 INFO  [io.api.tes.ser.api.KafkaSerdesTester] (ForkJoinPool.commonPool-worker-1) Sending message header {
  time {
  }
}
d1: 1.756830300008E12
s1: "a"
i1: 123
bi1: 1
point {
  longitude: 22.0
  latitude: 22.0
  altitude: 1.0
}
 to topic topic-36591c23_38dd_4951_bbac_57571952b9a1
2025-09-02 16:25:00,049 INFO  [io.api.tes.ser.api.KafkaSerdesTester] (ForkJoinPool.commonPool-worker-1) Sending message header {
  time {
  }
}
d1: 1.756830300049E12
s1: "a"
i1: 123
bi1: 1
point {
  longitude: 22.0
  latitude: 22.0
  altitude: 1.0
}
 to topic topic-36591c23_38dd_4951_bbac_57571952b9a1
2025-09-02 16:25:00,089 INFO  [io.api.tes.ser.api.KafkaSerdesTester] (ForkJoinPool.commonPool-worker-1) Sending message header {
  time {
  }
}
d1: 1.756830300089E12
s1: "a"
i1: 123
bi1: 1
point {
  longitude: 22.0
  latitude: 22.0
  altitude: 1.0
}
 to topic topic-36591c23_38dd_4951_bbac_57571952b9a1
2025-09-02 16:25:00,129 INFO  [io.api.tes.ser.api.KafkaSerdesTester] (ForkJoinPool.commonPool-worker-1) Sending message header {
  time {
  }
}
d1: 1.756830300129E12
s1: "a"
i1: 123
bi1: 1
point {
  longitude: 22.0
  latitude: 22.0
  altitude: 1.0
}
 to topic topic-36591c23_38dd_4951_bbac_57571952b9a1
2025-09-02 16:25:00,167 INFO  [io.api.tes.ser.api.KafkaSerdesTester] (ForkJoinPool.commonPool-worker-1) Produced 10 messages
2025-09-02 16:25:00,167 INFO  [org.apa.kaf.cli.pro.KafkaProducer] (ForkJoinPool.commonPool-worker-1) [Producer clientId=Producer-topic-36591c23_38dd_4951_bbac_57571952b9a1] Closing the Kafka producer with timeoutMillis = 9223372036854775807 ms.
2025-09-02 16:25:00,169 INFO  [org.apa.kaf.com.met.Metrics] (ForkJoinPool.commonPool-worker-1) Metrics scheduler closed
2025-09-02 16:25:00,169 INFO  [org.apa.kaf.com.met.Metrics] (ForkJoinPool.commonPool-worker-1) Closing reporter org.apache.kafka.common.metrics.JmxReporter
2025-09-02 16:25:00,169 INFO  [org.apa.kaf.com.met.Metrics] (ForkJoinPool.commonPool-worker-1) Closing reporter org.apache.kafka.common.telemetry.internals.ClientTelemetryReporter
2025-09-02 16:25:00,169 INFO  [org.apa.kaf.com.met.Metrics] (ForkJoinPool.commonPool-worker-1) Metrics reporters closed
2025-09-02 16:25:00,169 INFO  [org.apa.kaf.com.uti.AppInfoParser] (ForkJoinPool.commonPool-worker-1) App info kafka.producer for Producer-topic-36591c23_38dd_4951_bbac_57571952b9a1 unregistered
**** Registry Base URL: http://registry-app-pg17.apps.ci419.apicurio-testing.org:80
2025-09-02 16:25:00,232 INFO  [org.apa.kaf.cli.con.ConsumerConfig] (main) ConsumerConfig values: 
	allow.auto.create.topics = true
	auto.commit.interval.ms = 500
	auto.include.jmx.reporter = true
	auto.offset.reset = earliest
	bootstrap.servers = [PLAINTEXT://localhost:32769]
	check.crcs = true
	client.dns.lookup = use_all_dns_ips
	client.id = consumer-Consumer-topic-36591c23_38dd_4951_bbac_57571952b9a1-23
	client.rack = 
	connections.max.idle.ms = 10000
	default.api.timeout.ms = 60000
	enable.auto.commit = true
	enable.metrics.push = true
	exclude.internal.topics = true
	fetch.max.bytes = 52428800
	fetch.max.wait.ms = 500
	fetch.min.bytes = 1
	group.id = Consumer-topic-36591c23_38dd_4951_bbac_57571952b9a1
	group.instance.id = null
	group.protocol = classic
	group.remote.assignor = null
	heartbeat.interval.ms = 3000
	interceptor.classes = []
	internal.leave.group.on.close = true
	internal.throw.on.fetch.stable.offset.unsupported = false
	isolation.level = read_uncommitted
	key.deserializer = class org.apache.kafka.common.serialization.StringDeserializer
	max.partition.fetch.bytes = 1048576
	max.poll.interval.ms = 300000
	max.poll.records = 500
	metadata.max.age.ms = 300000
	metadata.recovery.strategy = none
	metric.reporters = []
	metrics.num.samples = 2
	metrics.recording.level = INFO
	metrics.sample.window.ms = 30000
	partition.assignment.strategy = [class org.apache.kafka.clients.consumer.RangeAssignor, class org.apache.kafka.clients.consumer.CooperativeStickyAssignor]
	receive.buffer.bytes = 65536
	reconnect.backoff.max.ms = 1000
	reconnect.backoff.ms = 50
	request.timeout.ms = 5000
	retry.backoff.max.ms = 1000
	retry.backoff.ms = 100
	sasl.client.callback.handler.class = null
	sasl.jaas.config = null
	sasl.kerberos.kinit.cmd = /usr/bin/kinit
	sasl.kerberos.min.time.before.relogin = 60000
	sasl.kerberos.service.name = null
	sasl.kerberos.ticket.renew.jitter = 0.05
	sasl.kerberos.ticket.renew.window.factor = 0.8
	sasl.login.callback.handler.class = null
	sasl.login.class = null
	sasl.login.connect.timeout.ms = null
	sasl.login.read.timeout.ms = null
	sasl.login.refresh.buffer.seconds = 300
	sasl.login.refresh.min.period.seconds = 60
	sasl.login.refresh.window.factor = 0.8
	sasl.login.refresh.window.jitter = 0.05
	sasl.login.retry.backoff.max.ms = 10000
	sasl.login.retry.backoff.ms = 100
	sasl.mechanism = GSSAPI
	sasl.oauthbearer.clock.skew.seconds = 30
	sasl.oauthbearer.expected.audience = null
	sasl.oauthbearer.expected.issuer = null
	sasl.oauthbearer.header.urlencode = false
	sasl.oauthbearer.jwks.endpoint.refresh.ms = 3600000
	sasl.oauthbearer.jwks.endpoint.retry.backoff.max.ms = 10000
	sasl.oauthbearer.jwks.endpoint.retry.backoff.ms = 100
	sasl.oauthbearer.jwks.endpoint.url = null
	sasl.oauthbearer.scope.claim.name = scope
	sasl.oauthbearer.sub.claim.name = sub
	sasl.oauthbearer.token.endpoint.url = null
	security.protocol = PLAINTEXT
	security.providers = null
	send.buffer.bytes = 131072
	session.timeout.ms = 45000
	socket.connection.setup.timeout.max.ms = 30000
	socket.connection.setup.timeout.ms = 10000
	ssl.cipher.suites = null
	ssl.enabled.protocols = [TLSv1.2, TLSv1.3]
	ssl.endpoint.identification.algorithm = https
	ssl.engine.factory.class = null
	ssl.key.password = null
	ssl.keymanager.algorithm = SunX509
	ssl.keystore.certificate.chain = null
	ssl.keystore.key = null
	ssl.keystore.location = null
	ssl.keystore.password = null
	ssl.keystore.type = JKS
	ssl.protocol = TLSv1.3
	ssl.provider = null
	ssl.secure.random.implementation = null
	ssl.trustmanager.algorithm = PKIX
	ssl.truststore.certificates = null
	ssl.truststore.location = null
	ssl.truststore.password = null
	ssl.truststore.type = JKS
	value.deserializer = class io.apicurio.registry.serde.protobuf.ProtobufKafkaDeserializer

2025-09-02 16:25:00,233 INFO  [org.apa.kaf.com.tel.int.KafkaMetricsCollector] (main) initializing Kafka metrics collector
2025-09-02 16:25:00,237 INFO  [org.apa.kaf.cli.con.ConsumerConfig] (main) These configurations '[apicurio.registry.url, apicurio.protobuf.derive.class]' were supplied but are not used yet.
2025-09-02 16:25:00,237 INFO  [org.apa.kaf.com.uti.AppInfoParser] (main) Kafka version: 3.9.1
2025-09-02 16:25:00,237 INFO  [org.apa.kaf.com.uti.AppInfoParser] (main) Kafka commitId: f745dfdcee2b9851
2025-09-02 16:25:00,237 INFO  [org.apa.kaf.com.uti.AppInfoParser] (main) Kafka startTimeMs: 1756830300237
2025-09-02 16:25:00,237 INFO  [org.apa.kaf.cli.con.int.ClassicKafkaConsumer] (ForkJoinPool.commonPool-worker-1) [Consumer clientId=consumer-Consumer-topic-36591c23_38dd_4951_bbac_57571952b9a1-23, groupId=Consumer-topic-36591c23_38dd_4951_bbac_57571952b9a1] Subscribed to topic(s): topic-36591c23_38dd_4951_bbac_57571952b9a1
2025-09-02 16:25:00,239 INFO  [org.apa.kaf.cli.Metadata] (ForkJoinPool.commonPool-worker-1) [Consumer clientId=consumer-Consumer-topic-36591c23_38dd_4951_bbac_57571952b9a1-23, groupId=Consumer-topic-36591c23_38dd_4951_bbac_57571952b9a1] Cluster ID: ZlHnK1_JTee83lbn_tarJg
2025-09-02 16:25:00,239 INFO  [org.apa.kaf.cli.con.int.ConsumerCoordinator] (ForkJoinPool.commonPool-worker-1) [Consumer clientId=consumer-Consumer-topic-36591c23_38dd_4951_bbac_57571952b9a1-23, groupId=Consumer-topic-36591c23_38dd_4951_bbac_57571952b9a1] Discovered group coordinator localhost:32769 (id: 2147483647 rack: null)
2025-09-02 16:25:00,240 INFO  [org.apa.kaf.cli.con.int.ConsumerCoordinator] (ForkJoinPool.commonPool-worker-1) [Consumer clientId=consumer-Consumer-topic-36591c23_38dd_4951_bbac_57571952b9a1-23, groupId=Consumer-topic-36591c23_38dd_4951_bbac_57571952b9a1] (Re-)joining group
2025-09-02 16:25:00,242 INFO  [org.apa.kaf.cli.con.int.ConsumerCoordinator] (ForkJoinPool.commonPool-worker-1) [Consumer clientId=consumer-Consumer-topic-36591c23_38dd_4951_bbac_57571952b9a1-23, groupId=Consumer-topic-36591c23_38dd_4951_bbac_57571952b9a1] Request joining group due to: need to re-join with the given member-id: consumer-Consumer-topic-36591c23_38dd_4951_bbac_57571952b9a1-23-c8a89b04-42ec-4c62-baa3-bb3c8b4c0264
2025-09-02 16:25:00,242 INFO  [org.apa.kaf.cli.con.int.ConsumerCoordinator] (ForkJoinPool.commonPool-worker-1) [Consumer clientId=consumer-Consumer-topic-36591c23_38dd_4951_bbac_57571952b9a1-23, groupId=Consumer-topic-36591c23_38dd_4951_bbac_57571952b9a1] (Re-)joining group
2025-09-02 16:25:01,237 INFO  [io.api.tes.ser.api.KafkaSerdesTester] (ForkJoinPool.commonPool-worker-1) None found
2025-09-02 16:25:02,237 INFO  [io.api.tes.ser.api.KafkaSerdesTester] (ForkJoinPool.commonPool-worker-1) None found
2025-09-02 16:25:03,238 INFO  [io.api.tes.ser.api.KafkaSerdesTester] (ForkJoinPool.commonPool-worker-1) None found
2025-09-02 16:25:03,243 INFO  [org.apa.kaf.cli.con.int.ConsumerCoordinator] (ForkJoinPool.commonPool-worker-1) [Consumer clientId=consumer-Consumer-topic-36591c23_38dd_4951_bbac_57571952b9a1-23, groupId=Consumer-topic-36591c23_38dd_4951_bbac_57571952b9a1] Successfully joined group with generation Generation{generationId=1, memberId='consumer-Consumer-topic-36591c23_38dd_4951_bbac_57571952b9a1-23-c8a89b04-42ec-4c62-baa3-bb3c8b4c0264', protocol='range'}
2025-09-02 16:25:03,243 INFO  [org.apa.kaf.cli.con.int.ConsumerCoordinator] (ForkJoinPool.commonPool-worker-1) [Consumer clientId=consumer-Consumer-topic-36591c23_38dd_4951_bbac_57571952b9a1-23, groupId=Consumer-topic-36591c23_38dd_4951_bbac_57571952b9a1] Finished assignment for group at generation 1: {consumer-Consumer-topic-36591c23_38dd_4951_bbac_57571952b9a1-23-c8a89b04-42ec-4c62-baa3-bb3c8b4c0264=Assignment(partitions=[topic-36591c23_38dd_4951_bbac_57571952b9a1-0])}
2025-09-02 16:25:03,250 INFO  [org.apa.kaf.cli.con.int.ConsumerCoordinator] (ForkJoinPool.commonPool-worker-1) [Consumer clientId=consumer-Consumer-topic-36591c23_38dd_4951_bbac_57571952b9a1-23, groupId=Consumer-topic-36591c23_38dd_4951_bbac_57571952b9a1] Successfully synced group in generation Generation{generationId=1, memberId='consumer-Consumer-topic-36591c23_38dd_4951_bbac_57571952b9a1-23-c8a89b04-42ec-4c62-baa3-bb3c8b4c0264', protocol='range'}
2025-09-02 16:25:03,250 INFO  [org.apa.kaf.cli.con.int.ConsumerCoordinator] (ForkJoinPool.commonPool-worker-1) [Consumer clientId=consumer-Consumer-topic-36591c23_38dd_4951_bbac_57571952b9a1-23, groupId=Consumer-topic-36591c23_38dd_4951_bbac_57571952b9a1] Notifying assignor about the new Assignment(partitions=[topic-36591c23_38dd_4951_bbac_57571952b9a1-0])
2025-09-02 16:25:03,250 INFO  [org.apa.kaf.cli.con.int.ConsumerRebalanceListenerInvoker] (ForkJoinPool.commonPool-worker-1) [Consumer clientId=consumer-Consumer-topic-36591c23_38dd_4951_bbac_57571952b9a1-23, groupId=Consumer-topic-36591c23_38dd_4951_bbac_57571952b9a1] Adding newly assigned partitions: topic-36591c23_38dd_4951_bbac_57571952b9a1-0
2025-09-02 16:25:03,251 INFO  [org.apa.kaf.cli.con.int.ConsumerCoordinator] (ForkJoinPool.commonPool-worker-1) [Consumer clientId=consumer-Consumer-topic-36591c23_38dd_4951_bbac_57571952b9a1-23, groupId=Consumer-topic-36591c23_38dd_4951_bbac_57571952b9a1] Found no committed offset for partition topic-36591c23_38dd_4951_bbac_57571952b9a1-0
2025-09-02 16:25:03,253 INFO  [org.apa.kaf.cli.con.int.SubscriptionState] (ForkJoinPool.commonPool-worker-1) [Consumer clientId=consumer-Consumer-topic-36591c23_38dd_4951_bbac_57571952b9a1-23, groupId=Consumer-topic-36591c23_38dd_4951_bbac_57571952b9a1] Resetting offset for partition topic-36591c23_38dd_4951_bbac_57571952b9a1-0 to position FetchPosition{offset=0, offsetEpoch=Optional.empty, currentLeader=LeaderAndEpoch{leader=Optional[localhost:32769 (id: 0 rack: null)], epoch=0}}.
2025-09-02 16:25:03,411 INFO  [io.api.tes.ser.api.KafkaSerdesTester] (ForkJoinPool.commonPool-worker-1) topic-36591c23_38dd_4951_bbac_57571952b9a1 0 0 header {
  time {
  }
}
d1: 1.756830299582E12
s1: "a"
i1: 123
bi1: 1
point {
  longitude: 22.0
  latitude: 22.0
  altitude: 1.0
}

2025-09-02 16:25:03,411 INFO  [io.api.tes.ser.api.KafkaSerdesTester] (ForkJoinPool.commonPool-worker-1) topic-36591c23_38dd_4951_bbac_57571952b9a1 0 1 header {
  time {
  }
}
d1: 1.75683029981E12
s1: "a"
i1: 123
bi1: 1
point {
  longitude: 22.0
  latitude: 22.0
  altitude: 1.0
}

2025-09-02 16:25:03,411 INFO  [io.api.tes.ser.api.KafkaSerdesTester] (ForkJoinPool.commonPool-worker-1) topic-36591c23_38dd_4951_bbac_57571952b9a1 0 2 header {
  time {
  }
}
d1: 1.756830299848E12
s1: "a"
i1: 123
bi1: 1
point {
  longitude: 22.0
  latitude: 22.0
  altitude: 1.0
}

2025-09-02 16:25:03,412 INFO  [io.api.tes.ser.api.KafkaSerdesTester] (ForkJoinPool.commonPool-worker-1) topic-36591c23_38dd_4951_bbac_57571952b9a1 0 3 header {
  time {
  }
}
d1: 1.756830299887E12
s1: "a"
i1: 123
bi1: 1
point {
  longitude: 22.0
  latitude: 22.0
  altitude: 1.0
}

2025-09-02 16:25:03,412 INFO  [io.api.tes.ser.api.KafkaSerdesTester] (ForkJoinPool.commonPool-worker-1) topic-36591c23_38dd_4951_bbac_57571952b9a1 0 4 header {
  time {
  }
}
d1: 1.756830299927E12
s1: "a"
i1: 123
bi1: 1
point {
  longitude: 22.0
  latitude: 22.0
  altitude: 1.0
}

2025-09-02 16:25:03,412 INFO  [io.api.tes.ser.api.KafkaSerdesTester] (ForkJoinPool.commonPool-worker-1) topic-36591c23_38dd_4951_bbac_57571952b9a1 0 5 header {
  time {
  }
}
d1: 1.756830299968E12
s1: "a"
i1: 123
bi1: 1
point {
  longitude: 22.0
  latitude: 22.0
  altitude: 1.0
}

2025-09-02 16:25:03,412 INFO  [io.api.tes.ser.api.KafkaSerdesTester] (ForkJoinPool.commonPool-worker-1) topic-36591c23_38dd_4951_bbac_57571952b9a1 0 6 header {
  time {
  }
}
d1: 1.756830300008E12
s1: "a"
i1: 123
bi1: 1
point {
  longitude: 22.0
  latitude: 22.0
  altitude: 1.0
}

2025-09-02 16:25:03,412 INFO  [io.api.tes.ser.api.KafkaSerdesTester] (ForkJoinPool.commonPool-worker-1) topic-36591c23_38dd_4951_bbac_57571952b9a1 0 7 header {
  time {
  }
}
d1: 1.756830300049E12
s1: "a"
i1: 123
bi1: 1
point {
  longitude: 22.0
  latitude: 22.0
  altitude: 1.0
}

2025-09-02 16:25:03,413 INFO  [io.api.tes.ser.api.KafkaSerdesTester] (ForkJoinPool.commonPool-worker-1) topic-36591c23_38dd_4951_bbac_57571952b9a1 0 8 header {
  time {
  }
}
d1: 1.756830300089E12
s1: "a"
i1: 123
bi1: 1
point {
  longitude: 22.0
  latitude: 22.0
  altitude: 1.0
}

2025-09-02 16:25:03,413 INFO  [io.api.tes.ser.api.KafkaSerdesTester] (ForkJoinPool.commonPool-worker-1) topic-36591c23_38dd_4951_bbac_57571952b9a1 0 9 header {
  time {
  }
}
d1: 1.756830300129E12
s1: "a"
i1: 123
bi1: 1
point {
  longitude: 22.0
  latitude: 22.0
  altitude: 1.0
}

2025-09-02 16:25:03,413 INFO  [io.api.tes.ser.api.KafkaSerdesTester] (ForkJoinPool.commonPool-worker-1) Consumed 10 messages
2025-09-02 16:25:03,419 INFO  [org.apa.kaf.cli.con.int.ConsumerRebalanceListenerInvoker] (ForkJoinPool.commonPool-worker-1) [Consumer clientId=consumer-Consumer-topic-36591c23_38dd_4951_bbac_57571952b9a1-23, groupId=Consumer-topic-36591c23_38dd_4951_bbac_57571952b9a1] Revoke previously assigned partitions topic-36591c23_38dd_4951_bbac_57571952b9a1-0
2025-09-02 16:25:03,420 INFO  [org.apa.kaf.cli.con.int.ConsumerCoordinator] (ForkJoinPool.commonPool-worker-1) [Consumer clientId=consumer-Consumer-topic-36591c23_38dd_4951_bbac_57571952b9a1-23, groupId=Consumer-topic-36591c23_38dd_4951_bbac_57571952b9a1] Member consumer-Consumer-topic-36591c23_38dd_4951_bbac_57571952b9a1-23-c8a89b04-42ec-4c62-baa3-bb3c8b4c0264 sending LeaveGroup request to coordinator localhost:32769 (id: 2147483647 rack: null) due to the consumer is being closed
2025-09-02 16:25:03,420 INFO  [org.apa.kaf.cli.con.int.ConsumerCoordinator] (ForkJoinPool.commonPool-worker-1) [Consumer clientId=consumer-Consumer-topic-36591c23_38dd_4951_bbac_57571952b9a1-23, groupId=Consumer-topic-36591c23_38dd_4951_bbac_57571952b9a1] Resetting generation and member id due to: consumer pro-actively leaving the group
2025-09-02 16:25:03,420 INFO  [org.apa.kaf.cli.con.int.ConsumerCoordinator] (ForkJoinPool.commonPool-worker-1) [Consumer clientId=consumer-Consumer-topic-36591c23_38dd_4951_bbac_57571952b9a1-23, groupId=Consumer-topic-36591c23_38dd_4951_bbac_57571952b9a1] Request joining group due to: consumer pro-actively leaving the group
2025-09-02 16:25:03,913 INFO  [org.apa.kaf.com.met.Metrics] (ForkJoinPool.commonPool-worker-1) Metrics scheduler closed
2025-09-02 16:25:03,913 INFO  [org.apa.kaf.com.met.Metrics] (ForkJoinPool.commonPool-worker-1) Closing reporter org.apache.kafka.common.metrics.JmxReporter
2025-09-02 16:25:03,913 INFO  [org.apa.kaf.com.met.Metrics] (ForkJoinPool.commonPool-worker-1) Closing reporter org.apache.kafka.common.telemetry.internals.ClientTelemetryReporter
2025-09-02 16:25:03,913 INFO  [org.apa.kaf.com.met.Metrics] (ForkJoinPool.commonPool-worker-1) Metrics reporters closed
2025-09-02 16:25:03,914 INFO  [org.apa.kaf.com.uti.AppInfoParser] (ForkJoinPool.commonPool-worker-1) App info kafka.consumer for consumer-Consumer-topic-36591c23_38dd_4951_bbac_57571952b9a1-23 unregistered
2025-09-02 16:25:03,914 INFO  [io.api.tes.uti.TestSeparator] (main) io.apicurio.tests.serdes.apicurio.ProtobufSerdeIT.testAutoRegisterAndUseBody-FINISHED
2025-09-02 16:25:03,914 INFO  [io.api.tes.uti.TestSeparator] (main) ############################################################################
Test passed: testAutoRegisterAndUseBody
]]></system-out>
  </testcase>
  <testcase name="testValidation" classname="io.apicurio.tests.serdes.apicurio.ProtobufSerdeIT" time="21.705">
    <system-out><![CDATA[2025-09-02 16:25:03,915 INFO  [io.api.tes.uti.TestSeparator] (main) ############################################################################
2025-09-02 16:25:03,916 INFO  [io.api.tes.uti.TestSeparator] (main) io.apicurio.tests.serdes.apicurio.ProtobufSerdeIT.testValidation-STARTED
**** Registry Base URL: http://registry-app-pg17.apps.ci419.apicurio-testing.org:80
2025-09-02 16:25:06,055 INFO  [org.apa.kaf.cli.pro.ProducerConfig] (main) ProducerConfig values: 
	acks = -1
	auto.include.jmx.reporter = true
	batch.size = 16384
	bootstrap.servers = [PLAINTEXT://localhost:32769]
	buffer.memory = 33554432
	client.dns.lookup = use_all_dns_ips
	client.id = Producer-s5cd66548xd264x4f4dx9d02x43d879e240ce
	compression.gzip.level = -1
	compression.lz4.level = 9
	compression.type = none
	compression.zstd.level = 3
	connections.max.idle.ms = 10000
	delivery.timeout.ms = 120000
	enable.idempotence = true
	enable.metrics.push = true
	interceptor.classes = []
	key.serializer = class org.apache.kafka.common.serialization.StringSerializer
	linger.ms = 0
	max.block.ms = 60000
	max.in.flight.requests.per.connection = 5
	max.request.size = 1048576
	metadata.max.age.ms = 300000
	metadata.max.idle.ms = 300000
	metadata.recovery.strategy = none
	metric.reporters = []
	metrics.num.samples = 2
	metrics.recording.level = INFO
	metrics.sample.window.ms = 30000
	partitioner.adaptive.partitioning.enable = true
	partitioner.availability.timeout.ms = 0
	partitioner.class = null
	partitioner.ignore.keys = false
	receive.buffer.bytes = 32768
	reconnect.backoff.max.ms = 1000
	reconnect.backoff.ms = 50
	request.timeout.ms = 5000
	retries = 2147483647
	retry.backoff.max.ms = 1000
	retry.backoff.ms = 100
	sasl.client.callback.handler.class = null
	sasl.jaas.config = null
	sasl.kerberos.kinit.cmd = /usr/bin/kinit
	sasl.kerberos.min.time.before.relogin = 60000
	sasl.kerberos.service.name = null
	sasl.kerberos.ticket.renew.jitter = 0.05
	sasl.kerberos.ticket.renew.window.factor = 0.8
	sasl.login.callback.handler.class = null
	sasl.login.class = null
	sasl.login.connect.timeout.ms = null
	sasl.login.read.timeout.ms = null
	sasl.login.refresh.buffer.seconds = 300
	sasl.login.refresh.min.period.seconds = 60
	sasl.login.refresh.window.factor = 0.8
	sasl.login.refresh.window.jitter = 0.05
	sasl.login.retry.backoff.max.ms = 10000
	sasl.login.retry.backoff.ms = 100
	sasl.mechanism = GSSAPI
	sasl.oauthbearer.clock.skew.seconds = 30
	sasl.oauthbearer.expected.audience = null
	sasl.oauthbearer.expected.issuer = null
	sasl.oauthbearer.header.urlencode = false
	sasl.oauthbearer.jwks.endpoint.refresh.ms = 3600000
	sasl.oauthbearer.jwks.endpoint.retry.backoff.max.ms = 10000
	sasl.oauthbearer.jwks.endpoint.retry.backoff.ms = 100
	sasl.oauthbearer.jwks.endpoint.url = null
	sasl.oauthbearer.scope.claim.name = scope
	sasl.oauthbearer.sub.claim.name = sub
	sasl.oauthbearer.token.endpoint.url = null
	security.protocol = PLAINTEXT
	security.providers = null
	send.buffer.bytes = 131072
	socket.connection.setup.timeout.max.ms = 30000
	socket.connection.setup.timeout.ms = 10000
	ssl.cipher.suites = null
	ssl.enabled.protocols = [TLSv1.2, TLSv1.3]
	ssl.endpoint.identification.algorithm = https
	ssl.engine.factory.class = null
	ssl.key.password = null
	ssl.keymanager.algorithm = SunX509
	ssl.keystore.certificate.chain = null
	ssl.keystore.key = null
	ssl.keystore.location = null
	ssl.keystore.password = null
	ssl.keystore.type = JKS
	ssl.protocol = TLSv1.3
	ssl.provider = null
	ssl.secure.random.implementation = null
	ssl.trustmanager.algorithm = PKIX
	ssl.truststore.certificates = null
	ssl.truststore.location = null
	ssl.truststore.password = null
	ssl.truststore.type = JKS
	transaction.timeout.ms = 60000
	transactional.id = null
	value.serializer = class io.apicurio.registry.serde.protobuf.ProtobufKafkaSerializer

2025-09-02 16:25:06,056 INFO  [org.apa.kaf.com.tel.int.KafkaMetricsCollector] (main) initializing Kafka metrics collector
2025-09-02 16:25:06,058 INFO  [org.apa.kaf.cli.pro.KafkaProducer] (main) [Producer clientId=Producer-s5cd66548xd264x4f4dx9d02x43d879e240ce] Instantiated an idempotent producer.
2025-09-02 16:25:06,059 INFO  [org.apa.kaf.cli.pro.ProducerConfig] (main) These configurations '[apicurio.registry.headers.enabled, apicurio.registry.find-latest, apicurio.registry.url, apicurio.registry.artifact-resolver-strategy, apicurio.registry.artifact.version]' were supplied but are not used yet.
2025-09-02 16:25:06,059 INFO  [org.apa.kaf.com.uti.AppInfoParser] (main) Kafka version: 3.9.1
2025-09-02 16:25:06,059 INFO  [org.apa.kaf.com.uti.AppInfoParser] (main) Kafka commitId: f745dfdcee2b9851
2025-09-02 16:25:06,059 INFO  [org.apa.kaf.com.uti.AppInfoParser] (main) Kafka startTimeMs: 1756830306059
2025-09-02 16:25:06,059 INFO  [io.api.tes.ser.api.SimpleSerdesTesterBuilder$SimpleSerdesTester] (main) Using producer configuration: {apicurio.registry.headers.enabled=true, request.timeout.ms=5000, acks=all, bootstrap.servers=PLAINTEXT://localhost:32769, key.serializer=org.apache.kafka.common.serialization.StringSerializer, apicurio.registry.find-latest=false, apicurio.registry.url=http://registry-app-pg17.apps.ci419.apicurio-testing.org:80/apis/registry/v3, apicurio.registry.artifact-resolver-strategy=io.apicurio.registry.serde.strategy.TopicIdStrategy, value.serializer=io.apicurio.registry.serde.protobuf.ProtobufKafkaSerializer, connections.max.idle.ms=10000, apicurio.registry.artifact.version=1, client.id=Producer-s5cd66548xd264x4f4dx9d02x43d879e240ce}
2025-09-02 16:25:06,059 INFO  [io.api.tes.ser.api.SimpleSerdesTesterBuilder$SimpleSerdesTester] (main) Using consumer configuration: {apicurio.registry.headers.enabled=true}
2025-09-02 16:25:06,060 INFO  [io.api.tes.ser.api.KafkaSerdesTester] (ForkJoinPool.commonPool-worker-1) Sending message header {
  time {
  }
}
d1: 1.756830306059E12
s1: "a"
i1: 123
bi1: 1
point {
  longitude: 22.0
  latitude: 22.0
  altitude: 1.0
}
 to topic s5cd66548xd264x4f4dx9d02x43d879e240ce
2025-09-02 16:25:06,061 INFO  [org.apa.kaf.cli.Metadata] (kafka-producer-network-thread | Producer-s5cd66548xd264x4f4dx9d02x43d879e240ce) [Producer clientId=Producer-s5cd66548xd264x4f4dx9d02x43d879e240ce] Cluster ID: ZlHnK1_JTee83lbn_tarJg
2025-09-02 16:25:06,062 INFO  [org.apa.kaf.cli.pro.int.TransactionManager] (kafka-producer-network-thread | Producer-s5cd66548xd264x4f4dx9d02x43d879e240ce) [Producer clientId=Producer-s5cd66548xd264x4f4dx9d02x43d879e240ce] ProducerId set to 34 with epoch 0
2025-09-02 16:25:06,853 INFO  [io.api.tes.ser.api.KafkaSerdesTester] (ForkJoinPool.commonPool-worker-1) Sending message header {
  time {
  }
}
d1: 1.756830306853E12
s1: "a"
i1: 123
bi1: 1
point {
  longitude: 22.0
  latitude: 22.0
  altitude: 1.0
}
 to topic s5cd66548xd264x4f4dx9d02x43d879e240ce
2025-09-02 16:25:06,855 INFO  [io.api.tes.ser.api.KafkaSerdesTester] (ForkJoinPool.commonPool-worker-1) Sending message header {
  time {
  }
}
d1: 1.756830306855E12
s1: "a"
i1: 123
bi1: 1
point {
  longitude: 22.0
  latitude: 22.0
  altitude: 1.0
}
 to topic s5cd66548xd264x4f4dx9d02x43d879e240ce
2025-09-02 16:25:06,857 INFO  [io.api.tes.ser.api.KafkaSerdesTester] (ForkJoinPool.commonPool-worker-1) Sending message header {
  time {
  }
}
d1: 1.756830306857E12
s1: "a"
i1: 123
bi1: 1
point {
  longitude: 22.0
  latitude: 22.0
  altitude: 1.0
}
 to topic s5cd66548xd264x4f4dx9d02x43d879e240ce
2025-09-02 16:25:06,858 INFO  [io.api.tes.ser.api.KafkaSerdesTester] (ForkJoinPool.commonPool-worker-1) Sending message header {
  time {
  }
}
d1: 1.756830306858E12
s1: "a"
i1: 123
bi1: 1
point {
  longitude: 22.0
  latitude: 22.0
  altitude: 1.0
}
 to topic s5cd66548xd264x4f4dx9d02x43d879e240ce
2025-09-02 16:25:06,860 INFO  [io.api.tes.ser.api.KafkaSerdesTester] (ForkJoinPool.commonPool-worker-1) Sending message header {
  time {
  }
}
d1: 1.756830306859E12
s1: "a"
i1: 123
bi1: 1
point {
  longitude: 22.0
  latitude: 22.0
  altitude: 1.0
}
 to topic s5cd66548xd264x4f4dx9d02x43d879e240ce
2025-09-02 16:25:06,861 INFO  [io.api.tes.ser.api.KafkaSerdesTester] (ForkJoinPool.commonPool-worker-1) Sending message header {
  time {
  }
}
d1: 1.756830306861E12
s1: "a"
i1: 123
bi1: 1
point {
  longitude: 22.0
  latitude: 22.0
  altitude: 1.0
}
 to topic s5cd66548xd264x4f4dx9d02x43d879e240ce
2025-09-02 16:25:06,863 INFO  [io.api.tes.ser.api.KafkaSerdesTester] (ForkJoinPool.commonPool-worker-1) Sending message header {
  time {
  }
}
d1: 1.756830306862E12
s1: "a"
i1: 123
bi1: 1
point {
  longitude: 22.0
  latitude: 22.0
  altitude: 1.0
}
 to topic s5cd66548xd264x4f4dx9d02x43d879e240ce
2025-09-02 16:25:06,864 INFO  [io.api.tes.ser.api.KafkaSerdesTester] (ForkJoinPool.commonPool-worker-1) Sending message header {
  time {
  }
}
d1: 1.756830306864E12
s1: "a"
i1: 123
bi1: 1
point {
  longitude: 22.0
  latitude: 22.0
  altitude: 1.0
}
 to topic s5cd66548xd264x4f4dx9d02x43d879e240ce
2025-09-02 16:25:06,865 INFO  [io.api.tes.ser.api.KafkaSerdesTester] (ForkJoinPool.commonPool-worker-1) Sending message header {
  time {
  }
}
d1: 1.756830306865E12
s1: "a"
i1: 123
bi1: 1
point {
  longitude: 22.0
  latitude: 22.0
  altitude: 1.0
}
 to topic s5cd66548xd264x4f4dx9d02x43d879e240ce
2025-09-02 16:25:06,867 INFO  [io.api.tes.ser.api.KafkaSerdesTester] (ForkJoinPool.commonPool-worker-1) Produced 10 messages
2025-09-02 16:25:06,867 INFO  [org.apa.kaf.cli.pro.KafkaProducer] (ForkJoinPool.commonPool-worker-1) [Producer clientId=Producer-s5cd66548xd264x4f4dx9d02x43d879e240ce] Closing the Kafka producer with timeoutMillis = 9223372036854775807 ms.
2025-09-02 16:25:06,869 INFO  [org.apa.kaf.com.met.Metrics] (ForkJoinPool.commonPool-worker-1) Metrics scheduler closed
2025-09-02 16:25:06,869 INFO  [org.apa.kaf.com.met.Metrics] (ForkJoinPool.commonPool-worker-1) Closing reporter org.apache.kafka.common.metrics.JmxReporter
2025-09-02 16:25:06,869 INFO  [org.apa.kaf.com.met.Metrics] (ForkJoinPool.commonPool-worker-1) Closing reporter org.apache.kafka.common.telemetry.internals.ClientTelemetryReporter
2025-09-02 16:25:06,869 INFO  [org.apa.kaf.com.met.Metrics] (ForkJoinPool.commonPool-worker-1) Metrics reporters closed
2025-09-02 16:25:06,869 INFO  [org.apa.kaf.com.uti.AppInfoParser] (ForkJoinPool.commonPool-worker-1) App info kafka.producer for Producer-s5cd66548xd264x4f4dx9d02x43d879e240ce unregistered
**** Registry Base URL: http://registry-app-pg17.apps.ci419.apicurio-testing.org:80
2025-09-02 16:25:06,869 INFO  [org.apa.kaf.cli.con.ConsumerConfig] (main) ConsumerConfig values: 
	allow.auto.create.topics = true
	auto.commit.interval.ms = 500
	auto.include.jmx.reporter = true
	auto.offset.reset = earliest
	bootstrap.servers = [PLAINTEXT://localhost:32769]
	check.crcs = true
	client.dns.lookup = use_all_dns_ips
	client.id = consumer-Consumer-s5cd66548xd264x4f4dx9d02x43d879e240ce-24
	client.rack = 
	connections.max.idle.ms = 10000
	default.api.timeout.ms = 60000
	enable.auto.commit = true
	enable.metrics.push = true
	exclude.internal.topics = true
	fetch.max.bytes = 52428800
	fetch.max.wait.ms = 500
	fetch.min.bytes = 1
	group.id = Consumer-s5cd66548xd264x4f4dx9d02x43d879e240ce
	group.instance.id = null
	group.protocol = classic
	group.remote.assignor = null
	heartbeat.interval.ms = 3000
	interceptor.classes = []
	internal.leave.group.on.close = true
	internal.throw.on.fetch.stable.offset.unsupported = false
	isolation.level = read_uncommitted
	key.deserializer = class org.apache.kafka.common.serialization.StringDeserializer
	max.partition.fetch.bytes = 1048576
	max.poll.interval.ms = 300000
	max.poll.records = 500
	metadata.max.age.ms = 300000
	metadata.recovery.strategy = none
	metric.reporters = []
	metrics.num.samples = 2
	metrics.recording.level = INFO
	metrics.sample.window.ms = 30000
	partition.assignment.strategy = [class org.apache.kafka.clients.consumer.RangeAssignor, class org.apache.kafka.clients.consumer.CooperativeStickyAssignor]
	receive.buffer.bytes = 65536
	reconnect.backoff.max.ms = 1000
	reconnect.backoff.ms = 50
	request.timeout.ms = 5000
	retry.backoff.max.ms = 1000
	retry.backoff.ms = 100
	sasl.client.callback.handler.class = null
	sasl.jaas.config = null
	sasl.kerberos.kinit.cmd = /usr/bin/kinit
	sasl.kerberos.min.time.before.relogin = 60000
	sasl.kerberos.service.name = null
	sasl.kerberos.ticket.renew.jitter = 0.05
	sasl.kerberos.ticket.renew.window.factor = 0.8
	sasl.login.callback.handler.class = null
	sasl.login.class = null
	sasl.login.connect.timeout.ms = null
	sasl.login.read.timeout.ms = null
	sasl.login.refresh.buffer.seconds = 300
	sasl.login.refresh.min.period.seconds = 60
	sasl.login.refresh.window.factor = 0.8
	sasl.login.refresh.window.jitter = 0.05
	sasl.login.retry.backoff.max.ms = 10000
	sasl.login.retry.backoff.ms = 100
	sasl.mechanism = GSSAPI
	sasl.oauthbearer.clock.skew.seconds = 30
	sasl.oauthbearer.expected.audience = null
	sasl.oauthbearer.expected.issuer = null
	sasl.oauthbearer.header.urlencode = false
	sasl.oauthbearer.jwks.endpoint.refresh.ms = 3600000
	sasl.oauthbearer.jwks.endpoint.retry.backoff.max.ms = 10000
	sasl.oauthbearer.jwks.endpoint.retry.backoff.ms = 100
	sasl.oauthbearer.jwks.endpoint.url = null
	sasl.oauthbearer.scope.claim.name = scope
	sasl.oauthbearer.sub.claim.name = sub
	sasl.oauthbearer.token.endpoint.url = null
	security.protocol = PLAINTEXT
	security.providers = null
	send.buffer.bytes = 131072
	session.timeout.ms = 45000
	socket.connection.setup.timeout.max.ms = 30000
	socket.connection.setup.timeout.ms = 10000
	ssl.cipher.suites = null
	ssl.enabled.protocols = [TLSv1.2, TLSv1.3]
	ssl.endpoint.identification.algorithm = https
	ssl.engine.factory.class = null
	ssl.key.password = null
	ssl.keymanager.algorithm = SunX509
	ssl.keystore.certificate.chain = null
	ssl.keystore.key = null
	ssl.keystore.location = null
	ssl.keystore.password = null
	ssl.keystore.type = JKS
	ssl.protocol = TLSv1.3
	ssl.provider = null
	ssl.secure.random.implementation = null
	ssl.trustmanager.algorithm = PKIX
	ssl.truststore.certificates = null
	ssl.truststore.location = null
	ssl.truststore.password = null
	ssl.truststore.type = JKS
	value.deserializer = class io.apicurio.registry.serde.protobuf.ProtobufKafkaDeserializer

2025-09-02 16:25:06,870 INFO  [org.apa.kaf.com.tel.int.KafkaMetricsCollector] (main) initializing Kafka metrics collector
2025-09-02 16:25:06,875 INFO  [org.apa.kaf.cli.con.ConsumerConfig] (main) These configurations '[apicurio.registry.url, apicurio.registry.headers.enabled]' were supplied but are not used yet.
2025-09-02 16:25:06,875 INFO  [org.apa.kaf.com.uti.AppInfoParser] (main) Kafka version: 3.9.1
2025-09-02 16:25:06,875 INFO  [org.apa.kaf.com.uti.AppInfoParser] (main) Kafka commitId: f745dfdcee2b9851
2025-09-02 16:25:06,875 INFO  [org.apa.kaf.com.uti.AppInfoParser] (main) Kafka startTimeMs: 1756830306875
2025-09-02 16:25:06,876 INFO  [org.apa.kaf.cli.con.int.ClassicKafkaConsumer] (ForkJoinPool.commonPool-worker-1) [Consumer clientId=consumer-Consumer-s5cd66548xd264x4f4dx9d02x43d879e240ce-24, groupId=Consumer-s5cd66548xd264x4f4dx9d02x43d879e240ce] Subscribed to topic(s): s5cd66548xd264x4f4dx9d02x43d879e240ce
2025-09-02 16:25:06,878 INFO  [org.apa.kaf.cli.Metadata] (ForkJoinPool.commonPool-worker-1) [Consumer clientId=consumer-Consumer-s5cd66548xd264x4f4dx9d02x43d879e240ce-24, groupId=Consumer-s5cd66548xd264x4f4dx9d02x43d879e240ce] Cluster ID: ZlHnK1_JTee83lbn_tarJg
2025-09-02 16:25:06,879 INFO  [org.apa.kaf.cli.con.int.ConsumerCoordinator] (ForkJoinPool.commonPool-worker-1) [Consumer clientId=consumer-Consumer-s5cd66548xd264x4f4dx9d02x43d879e240ce-24, groupId=Consumer-s5cd66548xd264x4f4dx9d02x43d879e240ce] Discovered group coordinator localhost:32769 (id: 2147483647 rack: null)
2025-09-02 16:25:06,880 INFO  [org.apa.kaf.cli.con.int.ConsumerCoordinator] (ForkJoinPool.commonPool-worker-1) [Consumer clientId=consumer-Consumer-s5cd66548xd264x4f4dx9d02x43d879e240ce-24, groupId=Consumer-s5cd66548xd264x4f4dx9d02x43d879e240ce] (Re-)joining group
2025-09-02 16:25:06,881 INFO  [org.apa.kaf.cli.con.int.ConsumerCoordinator] (ForkJoinPool.commonPool-worker-1) [Consumer clientId=consumer-Consumer-s5cd66548xd264x4f4dx9d02x43d879e240ce-24, groupId=Consumer-s5cd66548xd264x4f4dx9d02x43d879e240ce] Request joining group due to: need to re-join with the given member-id: consumer-Consumer-s5cd66548xd264x4f4dx9d02x43d879e240ce-24-08b7d805-8a29-4509-a70c-e1612a9507d5
2025-09-02 16:25:06,881 INFO  [org.apa.kaf.cli.con.int.ConsumerCoordinator] (ForkJoinPool.commonPool-worker-1) [Consumer clientId=consumer-Consumer-s5cd66548xd264x4f4dx9d02x43d879e240ce-24, groupId=Consumer-s5cd66548xd264x4f4dx9d02x43d879e240ce] (Re-)joining group
2025-09-02 16:25:07,876 INFO  [io.api.tes.ser.api.KafkaSerdesTester] (ForkJoinPool.commonPool-worker-1) None found
2025-09-02 16:25:08,876 INFO  [io.api.tes.ser.api.KafkaSerdesTester] (ForkJoinPool.commonPool-worker-1) None found
2025-09-02 16:25:09,877 INFO  [io.api.tes.ser.api.KafkaSerdesTester] (ForkJoinPool.commonPool-worker-1) None found
2025-09-02 16:25:09,882 INFO  [org.apa.kaf.cli.con.int.ConsumerCoordinator] (ForkJoinPool.commonPool-worker-1) [Consumer clientId=consumer-Consumer-s5cd66548xd264x4f4dx9d02x43d879e240ce-24, groupId=Consumer-s5cd66548xd264x4f4dx9d02x43d879e240ce] Successfully joined group with generation Generation{generationId=1, memberId='consumer-Consumer-s5cd66548xd264x4f4dx9d02x43d879e240ce-24-08b7d805-8a29-4509-a70c-e1612a9507d5', protocol='range'}
2025-09-02 16:25:09,882 INFO  [org.apa.kaf.cli.con.int.ConsumerCoordinator] (ForkJoinPool.commonPool-worker-1) [Consumer clientId=consumer-Consumer-s5cd66548xd264x4f4dx9d02x43d879e240ce-24, groupId=Consumer-s5cd66548xd264x4f4dx9d02x43d879e240ce] Finished assignment for group at generation 1: {consumer-Consumer-s5cd66548xd264x4f4dx9d02x43d879e240ce-24-08b7d805-8a29-4509-a70c-e1612a9507d5=Assignment(partitions=[s5cd66548xd264x4f4dx9d02x43d879e240ce-0])}
2025-09-02 16:25:09,889 INFO  [org.apa.kaf.cli.con.int.ConsumerCoordinator] (ForkJoinPool.commonPool-worker-1) [Consumer clientId=consumer-Consumer-s5cd66548xd264x4f4dx9d02x43d879e240ce-24, groupId=Consumer-s5cd66548xd264x4f4dx9d02x43d879e240ce] Successfully synced group in generation Generation{generationId=1, memberId='consumer-Consumer-s5cd66548xd264x4f4dx9d02x43d879e240ce-24-08b7d805-8a29-4509-a70c-e1612a9507d5', protocol='range'}
2025-09-02 16:25:09,889 INFO  [org.apa.kaf.cli.con.int.ConsumerCoordinator] (ForkJoinPool.commonPool-worker-1) [Consumer clientId=consumer-Consumer-s5cd66548xd264x4f4dx9d02x43d879e240ce-24, groupId=Consumer-s5cd66548xd264x4f4dx9d02x43d879e240ce] Notifying assignor about the new Assignment(partitions=[s5cd66548xd264x4f4dx9d02x43d879e240ce-0])
2025-09-02 16:25:09,889 INFO  [org.apa.kaf.cli.con.int.ConsumerRebalanceListenerInvoker] (ForkJoinPool.commonPool-worker-1) [Consumer clientId=consumer-Consumer-s5cd66548xd264x4f4dx9d02x43d879e240ce-24, groupId=Consumer-s5cd66548xd264x4f4dx9d02x43d879e240ce] Adding newly assigned partitions: s5cd66548xd264x4f4dx9d02x43d879e240ce-0
2025-09-02 16:25:09,889 INFO  [org.apa.kaf.cli.con.int.ConsumerCoordinator] (ForkJoinPool.commonPool-worker-1) [Consumer clientId=consumer-Consumer-s5cd66548xd264x4f4dx9d02x43d879e240ce-24, groupId=Consumer-s5cd66548xd264x4f4dx9d02x43d879e240ce] Found no committed offset for partition s5cd66548xd264x4f4dx9d02x43d879e240ce-0
2025-09-02 16:25:09,891 INFO  [org.apa.kaf.cli.con.int.SubscriptionState] (ForkJoinPool.commonPool-worker-1) [Consumer clientId=consumer-Consumer-s5cd66548xd264x4f4dx9d02x43d879e240ce-24, groupId=Consumer-s5cd66548xd264x4f4dx9d02x43d879e240ce] Resetting offset for partition s5cd66548xd264x4f4dx9d02x43d879e240ce-0 to position FetchPosition{offset=0, offsetEpoch=Optional.empty, currentLeader=LeaderAndEpoch{leader=Optional[localhost:32769 (id: 0 rack: null)], epoch=0}}.
2025-09-02 16:25:10,028 INFO  [io.api.tes.ser.api.KafkaSerdesTester] (ForkJoinPool.commonPool-worker-1) s5cd66548xd264x4f4dx9d02x43d879e240ce 0 0 header {
  time {
  }
}
d1: 1.756830306059E12
s1: "a"
i1: 123
bi1: 1
point {
  longitude: 22.0
  latitude: 22.0
  altitude: 1.0
}

2025-09-02 16:25:10,028 INFO  [io.api.tes.ser.api.KafkaSerdesTester] (ForkJoinPool.commonPool-worker-1) s5cd66548xd264x4f4dx9d02x43d879e240ce 0 1 header {
  time {
  }
}
d1: 1.756830306853E12
s1: "a"
i1: 123
bi1: 1
point {
  longitude: 22.0
  latitude: 22.0
  altitude: 1.0
}

2025-09-02 16:25:10,028 INFO  [io.api.tes.ser.api.KafkaSerdesTester] (ForkJoinPool.commonPool-worker-1) s5cd66548xd264x4f4dx9d02x43d879e240ce 0 2 header {
  time {
  }
}
d1: 1.756830306855E12
s1: "a"
i1: 123
bi1: 1
point {
  longitude: 22.0
  latitude: 22.0
  altitude: 1.0
}

2025-09-02 16:25:10,028 INFO  [io.api.tes.ser.api.KafkaSerdesTester] (ForkJoinPool.commonPool-worker-1) s5cd66548xd264x4f4dx9d02x43d879e240ce 0 3 header {
  time {
  }
}
d1: 1.756830306857E12
s1: "a"
i1: 123
bi1: 1
point {
  longitude: 22.0
  latitude: 22.0
  altitude: 1.0
}

2025-09-02 16:25:10,029 INFO  [io.api.tes.ser.api.KafkaSerdesTester] (ForkJoinPool.commonPool-worker-1) s5cd66548xd264x4f4dx9d02x43d879e240ce 0 4 header {
  time {
  }
}
d1: 1.756830306858E12
s1: "a"
i1: 123
bi1: 1
point {
  longitude: 22.0
  latitude: 22.0
  altitude: 1.0
}

2025-09-02 16:25:10,029 INFO  [io.api.tes.ser.api.KafkaSerdesTester] (ForkJoinPool.commonPool-worker-1) s5cd66548xd264x4f4dx9d02x43d879e240ce 0 5 header {
  time {
  }
}
d1: 1.756830306859E12
s1: "a"
i1: 123
bi1: 1
point {
  longitude: 22.0
  latitude: 22.0
  altitude: 1.0
}

2025-09-02 16:25:10,029 INFO  [io.api.tes.ser.api.KafkaSerdesTester] (ForkJoinPool.commonPool-worker-1) s5cd66548xd264x4f4dx9d02x43d879e240ce 0 6 header {
  time {
  }
}
d1: 1.756830306861E12
s1: "a"
i1: 123
bi1: 1
point {
  longitude: 22.0
  latitude: 22.0
  altitude: 1.0
}

2025-09-02 16:25:10,029 INFO  [io.api.tes.ser.api.KafkaSerdesTester] (ForkJoinPool.commonPool-worker-1) s5cd66548xd264x4f4dx9d02x43d879e240ce 0 7 header {
  time {
  }
}
d1: 1.756830306862E12
s1: "a"
i1: 123
bi1: 1
point {
  longitude: 22.0
  latitude: 22.0
  altitude: 1.0
}

2025-09-02 16:25:10,029 INFO  [io.api.tes.ser.api.KafkaSerdesTester] (ForkJoinPool.commonPool-worker-1) s5cd66548xd264x4f4dx9d02x43d879e240ce 0 8 header {
  time {
  }
}
d1: 1.756830306864E12
s1: "a"
i1: 123
bi1: 1
point {
  longitude: 22.0
  latitude: 22.0
  altitude: 1.0
}

2025-09-02 16:25:10,029 INFO  [io.api.tes.ser.api.KafkaSerdesTester] (ForkJoinPool.commonPool-worker-1) s5cd66548xd264x4f4dx9d02x43d879e240ce 0 9 header {
  time {
  }
}
d1: 1.756830306865E12
s1: "a"
i1: 123
bi1: 1
point {
  longitude: 22.0
  latitude: 22.0
  altitude: 1.0
}

2025-09-02 16:25:10,029 INFO  [io.api.tes.ser.api.KafkaSerdesTester] (ForkJoinPool.commonPool-worker-1) Consumed 10 messages
2025-09-02 16:25:10,038 INFO  [org.apa.kaf.cli.con.int.ConsumerRebalanceListenerInvoker] (ForkJoinPool.commonPool-worker-1) [Consumer clientId=consumer-Consumer-s5cd66548xd264x4f4dx9d02x43d879e240ce-24, groupId=Consumer-s5cd66548xd264x4f4dx9d02x43d879e240ce] Revoke previously assigned partitions s5cd66548xd264x4f4dx9d02x43d879e240ce-0
2025-09-02 16:25:10,038 INFO  [org.apa.kaf.cli.con.int.ConsumerCoordinator] (ForkJoinPool.commonPool-worker-1) [Consumer clientId=consumer-Consumer-s5cd66548xd264x4f4dx9d02x43d879e240ce-24, groupId=Consumer-s5cd66548xd264x4f4dx9d02x43d879e240ce] Member consumer-Consumer-s5cd66548xd264x4f4dx9d02x43d879e240ce-24-08b7d805-8a29-4509-a70c-e1612a9507d5 sending LeaveGroup request to coordinator localhost:32769 (id: 2147483647 rack: null) due to the consumer is being closed
2025-09-02 16:25:10,038 INFO  [org.apa.kaf.cli.con.int.ConsumerCoordinator] (ForkJoinPool.commonPool-worker-1) [Consumer clientId=consumer-Consumer-s5cd66548xd264x4f4dx9d02x43d879e240ce-24, groupId=Consumer-s5cd66548xd264x4f4dx9d02x43d879e240ce] Resetting generation and member id due to: consumer pro-actively leaving the group
2025-09-02 16:25:10,038 INFO  [org.apa.kaf.cli.con.int.ConsumerCoordinator] (ForkJoinPool.commonPool-worker-1) [Consumer clientId=consumer-Consumer-s5cd66548xd264x4f4dx9d02x43d879e240ce-24, groupId=Consumer-s5cd66548xd264x4f4dx9d02x43d879e240ce] Request joining group due to: consumer pro-actively leaving the group
2025-09-02 16:25:10,531 INFO  [org.apa.kaf.com.met.Metrics] (ForkJoinPool.commonPool-worker-1) Metrics scheduler closed
2025-09-02 16:25:10,531 INFO  [org.apa.kaf.com.met.Metrics] (ForkJoinPool.commonPool-worker-1) Closing reporter org.apache.kafka.common.metrics.JmxReporter
2025-09-02 16:25:10,531 INFO  [org.apa.kaf.com.met.Metrics] (ForkJoinPool.commonPool-worker-1) Closing reporter org.apache.kafka.common.telemetry.internals.ClientTelemetryReporter
2025-09-02 16:25:10,531 INFO  [org.apa.kaf.com.met.Metrics] (ForkJoinPool.commonPool-worker-1) Metrics reporters closed
2025-09-02 16:25:10,533 INFO  [org.apa.kaf.com.uti.AppInfoParser] (ForkJoinPool.commonPool-worker-1) App info kafka.consumer for consumer-Consumer-s5cd66548xd264x4f4dx9d02x43d879e240ce-24 unregistered
**** Registry Base URL: http://registry-app-pg17.apps.ci419.apicurio-testing.org:80
2025-09-02 16:25:10,534 INFO  [org.apa.kaf.cli.pro.ProducerConfig] (main) ProducerConfig values: 
	acks = -1
	auto.include.jmx.reporter = true
	batch.size = 16384
	bootstrap.servers = [PLAINTEXT://localhost:32769]
	buffer.memory = 33554432
	client.dns.lookup = use_all_dns_ips
	client.id = Producer-s5cd66548xd264x4f4dx9d02x43d879e240ce
	compression.gzip.level = -1
	compression.lz4.level = 9
	compression.type = none
	compression.zstd.level = 3
	connections.max.idle.ms = 10000
	delivery.timeout.ms = 120000
	enable.idempotence = true
	enable.metrics.push = true
	interceptor.classes = []
	key.serializer = class org.apache.kafka.common.serialization.StringSerializer
	linger.ms = 0
	max.block.ms = 60000
	max.in.flight.requests.per.connection = 5
	max.request.size = 1048576
	metadata.max.age.ms = 300000
	metadata.max.idle.ms = 300000
	metadata.recovery.strategy = none
	metric.reporters = []
	metrics.num.samples = 2
	metrics.recording.level = INFO
	metrics.sample.window.ms = 30000
	partitioner.adaptive.partitioning.enable = true
	partitioner.availability.timeout.ms = 0
	partitioner.class = null
	partitioner.ignore.keys = false
	receive.buffer.bytes = 32768
	reconnect.backoff.max.ms = 1000
	reconnect.backoff.ms = 50
	request.timeout.ms = 5000
	retries = 2147483647
	retry.backoff.max.ms = 1000
	retry.backoff.ms = 100
	sasl.client.callback.handler.class = null
	sasl.jaas.config = null
	sasl.kerberos.kinit.cmd = /usr/bin/kinit
	sasl.kerberos.min.time.before.relogin = 60000
	sasl.kerberos.service.name = null
	sasl.kerberos.ticket.renew.jitter = 0.05
	sasl.kerberos.ticket.renew.window.factor = 0.8
	sasl.login.callback.handler.class = null
	sasl.login.class = null
	sasl.login.connect.timeout.ms = null
	sasl.login.read.timeout.ms = null
	sasl.login.refresh.buffer.seconds = 300
	sasl.login.refresh.min.period.seconds = 60
	sasl.login.refresh.window.factor = 0.8
	sasl.login.refresh.window.jitter = 0.05
	sasl.login.retry.backoff.max.ms = 10000
	sasl.login.retry.backoff.ms = 100
	sasl.mechanism = GSSAPI
	sasl.oauthbearer.clock.skew.seconds = 30
	sasl.oauthbearer.expected.audience = null
	sasl.oauthbearer.expected.issuer = null
	sasl.oauthbearer.header.urlencode = false
	sasl.oauthbearer.jwks.endpoint.refresh.ms = 3600000
	sasl.oauthbearer.jwks.endpoint.retry.backoff.max.ms = 10000
	sasl.oauthbearer.jwks.endpoint.retry.backoff.ms = 100
	sasl.oauthbearer.jwks.endpoint.url = null
	sasl.oauthbearer.scope.claim.name = scope
	sasl.oauthbearer.sub.claim.name = sub
	sasl.oauthbearer.token.endpoint.url = null
	security.protocol = PLAINTEXT
	security.providers = null
	send.buffer.bytes = 131072
	socket.connection.setup.timeout.max.ms = 30000
	socket.connection.setup.timeout.ms = 10000
	ssl.cipher.suites = null
	ssl.enabled.protocols = [TLSv1.2, TLSv1.3]
	ssl.endpoint.identification.algorithm = https
	ssl.engine.factory.class = null
	ssl.key.password = null
	ssl.keymanager.algorithm = SunX509
	ssl.keystore.certificate.chain = null
	ssl.keystore.key = null
	ssl.keystore.location = null
	ssl.keystore.password = null
	ssl.keystore.type = JKS
	ssl.protocol = TLSv1.3
	ssl.provider = null
	ssl.secure.random.implementation = null
	ssl.trustmanager.algorithm = PKIX
	ssl.truststore.certificates = null
	ssl.truststore.location = null
	ssl.truststore.password = null
	ssl.truststore.type = JKS
	transaction.timeout.ms = 60000
	transactional.id = null
	value.serializer = class io.apicurio.registry.serde.protobuf.ProtobufKafkaSerializer

2025-09-02 16:25:10,534 INFO  [org.apa.kaf.com.tel.int.KafkaMetricsCollector] (main) initializing Kafka metrics collector
2025-09-02 16:25:10,537 INFO  [org.apa.kaf.cli.pro.KafkaProducer] (main) [Producer clientId=Producer-s5cd66548xd264x4f4dx9d02x43d879e240ce] Instantiated an idempotent producer.
2025-09-02 16:25:10,538 INFO  [org.apa.kaf.cli.pro.ProducerConfig] (main) These configurations '[apicurio.registry.find-latest, apicurio.registry.url, apicurio.registry.headers.enabled, apicurio.registry.artifact-resolver-strategy]' were supplied but are not used yet.
2025-09-02 16:25:10,538 INFO  [org.apa.kaf.com.uti.AppInfoParser] (main) Kafka version: 3.9.1
2025-09-02 16:25:10,538 INFO  [org.apa.kaf.com.uti.AppInfoParser] (main) Kafka commitId: f745dfdcee2b9851
2025-09-02 16:25:10,538 INFO  [org.apa.kaf.com.uti.AppInfoParser] (main) Kafka startTimeMs: 1756830310538
2025-09-02 16:25:10,538 INFO  [io.api.tes.ser.api.SimpleSerdesTesterBuilder$SimpleSerdesTester] (main) Using producer configuration: {apicurio.registry.find-latest=false, apicurio.registry.url=http://registry-app-pg17.apps.ci419.apicurio-testing.org:80/apis/registry/v3, apicurio.registry.headers.enabled=true, apicurio.registry.artifact-resolver-strategy=io.apicurio.registry.serde.strategy.TopicIdStrategy, value.serializer=io.apicurio.registry.serde.protobuf.ProtobufKafkaSerializer, request.timeout.ms=5000, acks=all, bootstrap.servers=PLAINTEXT://localhost:32769, connections.max.idle.ms=10000, key.serializer=org.apache.kafka.common.serialization.StringSerializer, client.id=Producer-s5cd66548xd264x4f4dx9d02x43d879e240ce}
2025-09-02 16:25:10,538 INFO  [io.api.tes.ser.api.SimpleSerdesTesterBuilder$SimpleSerdesTester] (main) Using consumer configuration: {apicurio.registry.headers.enabled=true}
2025-09-02 16:25:10,538 INFO  [io.api.tes.ser.api.KafkaSerdesTester] (ForkJoinPool.commonPool-worker-1) Sending message header {
  time {
  }
}
d1: 1.756830310538E12
s1: "a"
i1: 123
bi1: 1
point {
  longitude: 22.0
  latitude: 22.0
  altitude: 1.0
}
 to topic s5cd66548xd264x4f4dx9d02x43d879e240ce
2025-09-02 16:25:10,540 INFO  [org.apa.kaf.cli.Metadata] (kafka-producer-network-thread | Producer-s5cd66548xd264x4f4dx9d02x43d879e240ce) [Producer clientId=Producer-s5cd66548xd264x4f4dx9d02x43d879e240ce] Cluster ID: ZlHnK1_JTee83lbn_tarJg
2025-09-02 16:25:10,540 INFO  [org.apa.kaf.cli.pro.int.TransactionManager] (kafka-producer-network-thread | Producer-s5cd66548xd264x4f4dx9d02x43d879e240ce) [Producer clientId=Producer-s5cd66548xd264x4f4dx9d02x43d879e240ce] ProducerId set to 35 with epoch 0
2025-09-02 16:25:10,540 INFO  [DefaultSchemaResolver] (ForkJoinPool.commonPool-worker-1) Retrieving schema content using string: // Proto schema formatted by Wire, do not edit.
// Source: 

syntax = "proto3";

package io.apicurio.tests.protobuf;

import "google/protobuf/timestamp.proto";

option java_multiple_files = true;

message ProtobufTestMessage {
  .io.apicurio.tests.protobuf.Header header = 1;

  double d1 = 2;

  string s1 = 4;

  int32 i1 = 7;

  int64 bi1 = 12;

  .google.protobuf.Timestamp state_time = 22;

  .io.apicurio.tests.protobuf.Point point = 30;
}

message Header {
  .google.protobuf.Timestamp time = 1;

  string source = 2;

  string destination = 3;

  string uuid = 4;

  repeated string source_uuids = 5;

  string message_type_id = 6;

  string raw_message = 7;
}

message Point {
  oneof longitude_oneof {
    double longitude = 1;
  }

  oneof latitude_oneof {
    double latitude = 2;
  }

  oneof altitude_oneof {
    double altitude = 3;
  }
}

2025-09-02 16:25:10,603 INFO  [io.api.tes.ser.api.KafkaSerdesTester] (ForkJoinPool.commonPool-worker-1) Sending message header {
  time {
  }
}
d1: 1.756830310602E12
s1: "a"
i1: 123
bi1: 1
point {
  longitude: 22.0
  latitude: 22.0
  altitude: 1.0
}
 to topic s5cd66548xd264x4f4dx9d02x43d879e240ce
2025-09-02 16:25:10,604 INFO  [io.api.tes.ser.api.KafkaSerdesTester] (ForkJoinPool.commonPool-worker-1) Sending message header {
  time {
  }
}
d1: 1.756830310604E12
s1: "a"
i1: 123
bi1: 1
point {
  longitude: 22.0
  latitude: 22.0
  altitude: 1.0
}
 to topic s5cd66548xd264x4f4dx9d02x43d879e240ce
2025-09-02 16:25:10,606 INFO  [io.api.tes.ser.api.KafkaSerdesTester] (ForkJoinPool.commonPool-worker-1) Sending message header {
  time {
  }
}
d1: 1.756830310606E12
s1: "a"
i1: 123
bi1: 1
point {
  longitude: 22.0
  latitude: 22.0
  altitude: 1.0
}
 to topic s5cd66548xd264x4f4dx9d02x43d879e240ce
2025-09-02 16:25:10,608 INFO  [io.api.tes.ser.api.KafkaSerdesTester] (ForkJoinPool.commonPool-worker-1) Sending message header {
  time {
  }
}
d1: 1.756830310608E12
s1: "a"
i1: 123
bi1: 1
point {
  longitude: 22.0
  latitude: 22.0
  altitude: 1.0
}
 to topic s5cd66548xd264x4f4dx9d02x43d879e240ce
2025-09-02 16:25:10,610 INFO  [io.api.tes.ser.api.KafkaSerdesTester] (ForkJoinPool.commonPool-worker-1) Sending message header {
  time {
  }
}
d1: 1.75683031061E12
s1: "a"
i1: 123
bi1: 1
point {
  longitude: 22.0
  latitude: 22.0
  altitude: 1.0
}
 to topic s5cd66548xd264x4f4dx9d02x43d879e240ce
2025-09-02 16:25:10,611 INFO  [io.api.tes.ser.api.KafkaSerdesTester] (ForkJoinPool.commonPool-worker-1) Sending message header {
  time {
  }
}
d1: 1.756830310611E12
s1: "a"
i1: 123
bi1: 1
point {
  longitude: 22.0
  latitude: 22.0
  altitude: 1.0
}
 to topic s5cd66548xd264x4f4dx9d02x43d879e240ce
2025-09-02 16:25:10,613 INFO  [io.api.tes.ser.api.KafkaSerdesTester] (ForkJoinPool.commonPool-worker-1) Sending message header {
  time {
  }
}
d1: 1.756830310613E12
s1: "a"
i1: 123
bi1: 1
point {
  longitude: 22.0
  latitude: 22.0
  altitude: 1.0
}
 to topic s5cd66548xd264x4f4dx9d02x43d879e240ce
2025-09-02 16:25:10,614 INFO  [io.api.tes.ser.api.KafkaSerdesTester] (ForkJoinPool.commonPool-worker-1) Sending message header {
  time {
  }
}
d1: 1.756830310614E12
s1: "a"
i1: 123
bi1: 1
point {
  longitude: 22.0
  latitude: 22.0
  altitude: 1.0
}
 to topic s5cd66548xd264x4f4dx9d02x43d879e240ce
2025-09-02 16:25:10,616 INFO  [io.api.tes.ser.api.KafkaSerdesTester] (ForkJoinPool.commonPool-worker-1) Sending message header {
  time {
  }
}
d1: 1.756830310616E12
s1: "a"
i1: 123
bi1: 1
point {
  longitude: 22.0
  latitude: 22.0
  altitude: 1.0
}
 to topic s5cd66548xd264x4f4dx9d02x43d879e240ce
2025-09-02 16:25:10,617 INFO  [io.api.tes.ser.api.KafkaSerdesTester] (ForkJoinPool.commonPool-worker-1) Produced 10 messages
2025-09-02 16:25:10,617 INFO  [org.apa.kaf.cli.pro.KafkaProducer] (ForkJoinPool.commonPool-worker-1) [Producer clientId=Producer-s5cd66548xd264x4f4dx9d02x43d879e240ce] Closing the Kafka producer with timeoutMillis = 9223372036854775807 ms.
2025-09-02 16:25:10,619 INFO  [org.apa.kaf.com.met.Metrics] (ForkJoinPool.commonPool-worker-1) Metrics scheduler closed
2025-09-02 16:25:10,619 INFO  [org.apa.kaf.com.met.Metrics] (ForkJoinPool.commonPool-worker-1) Closing reporter org.apache.kafka.common.metrics.JmxReporter
2025-09-02 16:25:10,619 INFO  [org.apa.kaf.com.met.Metrics] (ForkJoinPool.commonPool-worker-1) Closing reporter org.apache.kafka.common.telemetry.internals.ClientTelemetryReporter
2025-09-02 16:25:10,620 INFO  [org.apa.kaf.com.met.Metrics] (ForkJoinPool.commonPool-worker-1) Metrics reporters closed
2025-09-02 16:25:10,620 INFO  [org.apa.kaf.com.uti.AppInfoParser] (ForkJoinPool.commonPool-worker-1) App info kafka.producer for Producer-s5cd66548xd264x4f4dx9d02x43d879e240ce unregistered
**** Registry Base URL: http://registry-app-pg17.apps.ci419.apicurio-testing.org:80
2025-09-02 16:25:10,620 INFO  [org.apa.kaf.cli.con.ConsumerConfig] (main) ConsumerConfig values: 
	allow.auto.create.topics = true
	auto.commit.interval.ms = 500
	auto.include.jmx.reporter = true
	auto.offset.reset = earliest
	bootstrap.servers = [PLAINTEXT://localhost:32769]
	check.crcs = true
	client.dns.lookup = use_all_dns_ips
	client.id = consumer-Consumer-s5cd66548xd264x4f4dx9d02x43d879e240ce-25
	client.rack = 
	connections.max.idle.ms = 10000
	default.api.timeout.ms = 60000
	enable.auto.commit = true
	enable.metrics.push = true
	exclude.internal.topics = true
	fetch.max.bytes = 52428800
	fetch.max.wait.ms = 500
	fetch.min.bytes = 1
	group.id = Consumer-s5cd66548xd264x4f4dx9d02x43d879e240ce
	group.instance.id = null
	group.protocol = classic
	group.remote.assignor = null
	heartbeat.interval.ms = 3000
	interceptor.classes = []
	internal.leave.group.on.close = true
	internal.throw.on.fetch.stable.offset.unsupported = false
	isolation.level = read_uncommitted
	key.deserializer = class org.apache.kafka.common.serialization.StringDeserializer
	max.partition.fetch.bytes = 1048576
	max.poll.interval.ms = 300000
	max.poll.records = 500
	metadata.max.age.ms = 300000
	metadata.recovery.strategy = none
	metric.reporters = []
	metrics.num.samples = 2
	metrics.recording.level = INFO
	metrics.sample.window.ms = 30000
	partition.assignment.strategy = [class org.apache.kafka.clients.consumer.RangeAssignor, class org.apache.kafka.clients.consumer.CooperativeStickyAssignor]
	receive.buffer.bytes = 65536
	reconnect.backoff.max.ms = 1000
	reconnect.backoff.ms = 50
	request.timeout.ms = 5000
	retry.backoff.max.ms = 1000
	retry.backoff.ms = 100
	sasl.client.callback.handler.class = null
	sasl.jaas.config = null
	sasl.kerberos.kinit.cmd = /usr/bin/kinit
	sasl.kerberos.min.time.before.relogin = 60000
	sasl.kerberos.service.name = null
	sasl.kerberos.ticket.renew.jitter = 0.05
	sasl.kerberos.ticket.renew.window.factor = 0.8
	sasl.login.callback.handler.class = null
	sasl.login.class = null
	sasl.login.connect.timeout.ms = null
	sasl.login.read.timeout.ms = null
	sasl.login.refresh.buffer.seconds = 300
	sasl.login.refresh.min.period.seconds = 60
	sasl.login.refresh.window.factor = 0.8
	sasl.login.refresh.window.jitter = 0.05
	sasl.login.retry.backoff.max.ms = 10000
	sasl.login.retry.backoff.ms = 100
	sasl.mechanism = GSSAPI
	sasl.oauthbearer.clock.skew.seconds = 30
	sasl.oauthbearer.expected.audience = null
	sasl.oauthbearer.expected.issuer = null
	sasl.oauthbearer.header.urlencode = false
	sasl.oauthbearer.jwks.endpoint.refresh.ms = 3600000
	sasl.oauthbearer.jwks.endpoint.retry.backoff.max.ms = 10000
	sasl.oauthbearer.jwks.endpoint.retry.backoff.ms = 100
	sasl.oauthbearer.jwks.endpoint.url = null
	sasl.oauthbearer.scope.claim.name = scope
	sasl.oauthbearer.sub.claim.name = sub
	sasl.oauthbearer.token.endpoint.url = null
	security.protocol = PLAINTEXT
	security.providers = null
	send.buffer.bytes = 131072
	session.timeout.ms = 45000
	socket.connection.setup.timeout.max.ms = 30000
	socket.connection.setup.timeout.ms = 10000
	ssl.cipher.suites = null
	ssl.enabled.protocols = [TLSv1.2, TLSv1.3]
	ssl.endpoint.identification.algorithm = https
	ssl.engine.factory.class = null
	ssl.key.password = null
	ssl.keymanager.algorithm = SunX509
	ssl.keystore.certificate.chain = null
	ssl.keystore.key = null
	ssl.keystore.location = null
	ssl.keystore.password = null
	ssl.keystore.type = JKS
	ssl.protocol = TLSv1.3
	ssl.provider = null
	ssl.secure.random.implementation = null
	ssl.trustmanager.algorithm = PKIX
	ssl.truststore.certificates = null
	ssl.truststore.location = null
	ssl.truststore.password = null
	ssl.truststore.type = JKS
	value.deserializer = class io.apicurio.registry.serde.protobuf.ProtobufKafkaDeserializer

2025-09-02 16:25:10,620 INFO  [org.apa.kaf.com.tel.int.KafkaMetricsCollector] (main) initializing Kafka metrics collector
2025-09-02 16:25:10,625 INFO  [org.apa.kaf.cli.con.ConsumerConfig] (main) These configurations '[apicurio.registry.url, apicurio.registry.headers.enabled]' were supplied but are not used yet.
2025-09-02 16:25:10,625 INFO  [org.apa.kaf.com.uti.AppInfoParser] (main) Kafka version: 3.9.1
2025-09-02 16:25:10,625 INFO  [org.apa.kaf.com.uti.AppInfoParser] (main) Kafka commitId: f745dfdcee2b9851
2025-09-02 16:25:10,625 INFO  [org.apa.kaf.com.uti.AppInfoParser] (main) Kafka startTimeMs: 1756830310625
2025-09-02 16:25:10,625 INFO  [org.apa.kaf.cli.con.int.ClassicKafkaConsumer] (ForkJoinPool.commonPool-worker-1) [Consumer clientId=consumer-Consumer-s5cd66548xd264x4f4dx9d02x43d879e240ce-25, groupId=Consumer-s5cd66548xd264x4f4dx9d02x43d879e240ce] Subscribed to topic(s): s5cd66548xd264x4f4dx9d02x43d879e240ce
2025-09-02 16:25:10,628 INFO  [org.apa.kaf.cli.Metadata] (ForkJoinPool.commonPool-worker-1) [Consumer clientId=consumer-Consumer-s5cd66548xd264x4f4dx9d02x43d879e240ce-25, groupId=Consumer-s5cd66548xd264x4f4dx9d02x43d879e240ce] Cluster ID: ZlHnK1_JTee83lbn_tarJg
2025-09-02 16:25:10,628 INFO  [org.apa.kaf.cli.con.int.ConsumerCoordinator] (ForkJoinPool.commonPool-worker-1) [Consumer clientId=consumer-Consumer-s5cd66548xd264x4f4dx9d02x43d879e240ce-25, groupId=Consumer-s5cd66548xd264x4f4dx9d02x43d879e240ce] Discovered group coordinator localhost:32769 (id: 2147483647 rack: null)
2025-09-02 16:25:10,629 INFO  [org.apa.kaf.cli.con.int.ConsumerCoordinator] (ForkJoinPool.commonPool-worker-1) [Consumer clientId=consumer-Consumer-s5cd66548xd264x4f4dx9d02x43d879e240ce-25, groupId=Consumer-s5cd66548xd264x4f4dx9d02x43d879e240ce] (Re-)joining group
2025-09-02 16:25:10,630 INFO  [org.apa.kaf.cli.con.int.ConsumerCoordinator] (ForkJoinPool.commonPool-worker-1) [Consumer clientId=consumer-Consumer-s5cd66548xd264x4f4dx9d02x43d879e240ce-25, groupId=Consumer-s5cd66548xd264x4f4dx9d02x43d879e240ce] Request joining group due to: need to re-join with the given member-id: consumer-Consumer-s5cd66548xd264x4f4dx9d02x43d879e240ce-25-f5811f57-7be5-4eaa-a9b1-1023347fb46e
2025-09-02 16:25:10,630 INFO  [org.apa.kaf.cli.con.int.ConsumerCoordinator] (ForkJoinPool.commonPool-worker-1) [Consumer clientId=consumer-Consumer-s5cd66548xd264x4f4dx9d02x43d879e240ce-25, groupId=Consumer-s5cd66548xd264x4f4dx9d02x43d879e240ce] (Re-)joining group
2025-09-02 16:25:11,625 INFO  [io.api.tes.ser.api.KafkaSerdesTester] (ForkJoinPool.commonPool-worker-1) None found
2025-09-02 16:25:12,625 INFO  [io.api.tes.ser.api.KafkaSerdesTester] (ForkJoinPool.commonPool-worker-1) None found
2025-09-02 16:25:13,626 INFO  [io.api.tes.ser.api.KafkaSerdesTester] (ForkJoinPool.commonPool-worker-1) None found
2025-09-02 16:25:13,632 INFO  [org.apa.kaf.cli.con.int.ConsumerCoordinator] (ForkJoinPool.commonPool-worker-1) [Consumer clientId=consumer-Consumer-s5cd66548xd264x4f4dx9d02x43d879e240ce-25, groupId=Consumer-s5cd66548xd264x4f4dx9d02x43d879e240ce] Successfully joined group with generation Generation{generationId=3, memberId='consumer-Consumer-s5cd66548xd264x4f4dx9d02x43d879e240ce-25-f5811f57-7be5-4eaa-a9b1-1023347fb46e', protocol='range'}
2025-09-02 16:25:13,632 INFO  [org.apa.kaf.cli.con.int.ConsumerCoordinator] (ForkJoinPool.commonPool-worker-1) [Consumer clientId=consumer-Consumer-s5cd66548xd264x4f4dx9d02x43d879e240ce-25, groupId=Consumer-s5cd66548xd264x4f4dx9d02x43d879e240ce] Finished assignment for group at generation 3: {consumer-Consumer-s5cd66548xd264x4f4dx9d02x43d879e240ce-25-f5811f57-7be5-4eaa-a9b1-1023347fb46e=Assignment(partitions=[s5cd66548xd264x4f4dx9d02x43d879e240ce-0])}
2025-09-02 16:25:13,638 INFO  [org.apa.kaf.cli.con.int.ConsumerCoordinator] (ForkJoinPool.commonPool-worker-1) [Consumer clientId=consumer-Consumer-s5cd66548xd264x4f4dx9d02x43d879e240ce-25, groupId=Consumer-s5cd66548xd264x4f4dx9d02x43d879e240ce] Successfully synced group in generation Generation{generationId=3, memberId='consumer-Consumer-s5cd66548xd264x4f4dx9d02x43d879e240ce-25-f5811f57-7be5-4eaa-a9b1-1023347fb46e', protocol='range'}
2025-09-02 16:25:13,639 INFO  [org.apa.kaf.cli.con.int.ConsumerCoordinator] (ForkJoinPool.commonPool-worker-1) [Consumer clientId=consumer-Consumer-s5cd66548xd264x4f4dx9d02x43d879e240ce-25, groupId=Consumer-s5cd66548xd264x4f4dx9d02x43d879e240ce] Notifying assignor about the new Assignment(partitions=[s5cd66548xd264x4f4dx9d02x43d879e240ce-0])
2025-09-02 16:25:13,639 INFO  [org.apa.kaf.cli.con.int.ConsumerRebalanceListenerInvoker] (ForkJoinPool.commonPool-worker-1) [Consumer clientId=consumer-Consumer-s5cd66548xd264x4f4dx9d02x43d879e240ce-25, groupId=Consumer-s5cd66548xd264x4f4dx9d02x43d879e240ce] Adding newly assigned partitions: s5cd66548xd264x4f4dx9d02x43d879e240ce-0
2025-09-02 16:25:13,639 INFO  [org.apa.kaf.cli.con.int.ConsumerUtils] (ForkJoinPool.commonPool-worker-1) Setting offset for partition s5cd66548xd264x4f4dx9d02x43d879e240ce-0 to the committed offset FetchPosition{offset=10, offsetEpoch=Optional[0], currentLeader=LeaderAndEpoch{leader=Optional[localhost:32769 (id: 0 rack: null)], epoch=0}}
2025-09-02 16:25:13,763 INFO  [io.api.tes.ser.api.KafkaSerdesTester] (ForkJoinPool.commonPool-worker-1) s5cd66548xd264x4f4dx9d02x43d879e240ce 0 10 header {
  time {
  }
}
d1: 1.756830310538E12
s1: "a"
i1: 123
bi1: 1
point {
  longitude: 22.0
  latitude: 22.0
  altitude: 1.0
}

2025-09-02 16:25:13,763 INFO  [io.api.tes.ser.api.KafkaSerdesTester] (ForkJoinPool.commonPool-worker-1) s5cd66548xd264x4f4dx9d02x43d879e240ce 0 11 header {
  time {
  }
}
d1: 1.756830310602E12
s1: "a"
i1: 123
bi1: 1
point {
  longitude: 22.0
  latitude: 22.0
  altitude: 1.0
}

2025-09-02 16:25:13,763 INFO  [io.api.tes.ser.api.KafkaSerdesTester] (ForkJoinPool.commonPool-worker-1) s5cd66548xd264x4f4dx9d02x43d879e240ce 0 12 header {
  time {
  }
}
d1: 1.756830310604E12
s1: "a"
i1: 123
bi1: 1
point {
  longitude: 22.0
  latitude: 22.0
  altitude: 1.0
}

2025-09-02 16:25:13,763 INFO  [io.api.tes.ser.api.KafkaSerdesTester] (ForkJoinPool.commonPool-worker-1) s5cd66548xd264x4f4dx9d02x43d879e240ce 0 13 header {
  time {
  }
}
d1: 1.756830310606E12
s1: "a"
i1: 123
bi1: 1
point {
  longitude: 22.0
  latitude: 22.0
  altitude: 1.0
}

2025-09-02 16:25:13,763 INFO  [io.api.tes.ser.api.KafkaSerdesTester] (ForkJoinPool.commonPool-worker-1) s5cd66548xd264x4f4dx9d02x43d879e240ce 0 14 header {
  time {
  }
}
d1: 1.756830310608E12
s1: "a"
i1: 123
bi1: 1
point {
  longitude: 22.0
  latitude: 22.0
  altitude: 1.0
}

2025-09-02 16:25:13,763 INFO  [io.api.tes.ser.api.KafkaSerdesTester] (ForkJoinPool.commonPool-worker-1) s5cd66548xd264x4f4dx9d02x43d879e240ce 0 15 header {
  time {
  }
}
d1: 1.75683031061E12
s1: "a"
i1: 123
bi1: 1
point {
  longitude: 22.0
  latitude: 22.0
  altitude: 1.0
}

2025-09-02 16:25:13,763 INFO  [io.api.tes.ser.api.KafkaSerdesTester] (ForkJoinPool.commonPool-worker-1) s5cd66548xd264x4f4dx9d02x43d879e240ce 0 16 header {
  time {
  }
}
d1: 1.756830310611E12
s1: "a"
i1: 123
bi1: 1
point {
  longitude: 22.0
  latitude: 22.0
  altitude: 1.0
}

2025-09-02 16:25:13,764 INFO  [io.api.tes.ser.api.KafkaSerdesTester] (ForkJoinPool.commonPool-worker-1) s5cd66548xd264x4f4dx9d02x43d879e240ce 0 17 header {
  time {
  }
}
d1: 1.756830310613E12
s1: "a"
i1: 123
bi1: 1
point {
  longitude: 22.0
  latitude: 22.0
  altitude: 1.0
}

2025-09-02 16:25:13,764 INFO  [io.api.tes.ser.api.KafkaSerdesTester] (ForkJoinPool.commonPool-worker-1) s5cd66548xd264x4f4dx9d02x43d879e240ce 0 18 header {
  time {
  }
}
d1: 1.756830310614E12
s1: "a"
i1: 123
bi1: 1
point {
  longitude: 22.0
  latitude: 22.0
  altitude: 1.0
}

2025-09-02 16:25:13,764 INFO  [io.api.tes.ser.api.KafkaSerdesTester] (ForkJoinPool.commonPool-worker-1) s5cd66548xd264x4f4dx9d02x43d879e240ce 0 19 header {
  time {
  }
}
d1: 1.756830310616E12
s1: "a"
i1: 123
bi1: 1
point {
  longitude: 22.0
  latitude: 22.0
  altitude: 1.0
}

2025-09-02 16:25:13,764 INFO  [io.api.tes.ser.api.KafkaSerdesTester] (ForkJoinPool.commonPool-worker-1) Consumed 10 messages
2025-09-02 16:25:13,771 INFO  [org.apa.kaf.cli.con.int.ConsumerRebalanceListenerInvoker] (ForkJoinPool.commonPool-worker-1) [Consumer clientId=consumer-Consumer-s5cd66548xd264x4f4dx9d02x43d879e240ce-25, groupId=Consumer-s5cd66548xd264x4f4dx9d02x43d879e240ce] Revoke previously assigned partitions s5cd66548xd264x4f4dx9d02x43d879e240ce-0
2025-09-02 16:25:13,771 INFO  [org.apa.kaf.cli.con.int.ConsumerCoordinator] (ForkJoinPool.commonPool-worker-1) [Consumer clientId=consumer-Consumer-s5cd66548xd264x4f4dx9d02x43d879e240ce-25, groupId=Consumer-s5cd66548xd264x4f4dx9d02x43d879e240ce] Member consumer-Consumer-s5cd66548xd264x4f4dx9d02x43d879e240ce-25-f5811f57-7be5-4eaa-a9b1-1023347fb46e sending LeaveGroup request to coordinator localhost:32769 (id: 2147483647 rack: null) due to the consumer is being closed
2025-09-02 16:25:13,771 INFO  [org.apa.kaf.cli.con.int.ConsumerCoordinator] (ForkJoinPool.commonPool-worker-1) [Consumer clientId=consumer-Consumer-s5cd66548xd264x4f4dx9d02x43d879e240ce-25, groupId=Consumer-s5cd66548xd264x4f4dx9d02x43d879e240ce] Resetting generation and member id due to: consumer pro-actively leaving the group
2025-09-02 16:25:13,771 INFO  [org.apa.kaf.cli.con.int.ConsumerCoordinator] (ForkJoinPool.commonPool-worker-1) [Consumer clientId=consumer-Consumer-s5cd66548xd264x4f4dx9d02x43d879e240ce-25, groupId=Consumer-s5cd66548xd264x4f4dx9d02x43d879e240ce] Request joining group due to: consumer pro-actively leaving the group
2025-09-02 16:25:14,265 INFO  [org.apa.kaf.com.met.Metrics] (ForkJoinPool.commonPool-worker-1) Metrics scheduler closed
2025-09-02 16:25:14,265 INFO  [org.apa.kaf.com.met.Metrics] (ForkJoinPool.commonPool-worker-1) Closing reporter org.apache.kafka.common.metrics.JmxReporter
2025-09-02 16:25:14,265 INFO  [org.apa.kaf.com.met.Metrics] (ForkJoinPool.commonPool-worker-1) Closing reporter org.apache.kafka.common.telemetry.internals.ClientTelemetryReporter
2025-09-02 16:25:14,265 INFO  [org.apa.kaf.com.met.Metrics] (ForkJoinPool.commonPool-worker-1) Metrics reporters closed
2025-09-02 16:25:14,266 INFO  [org.apa.kaf.com.uti.AppInfoParser] (ForkJoinPool.commonPool-worker-1) App info kafka.consumer for consumer-Consumer-s5cd66548xd264x4f4dx9d02x43d879e240ce-25 unregistered
**** Registry Base URL: http://registry-app-pg17.apps.ci419.apicurio-testing.org:80
2025-09-02 16:25:14,267 INFO  [org.apa.kaf.cli.pro.ProducerConfig] (main) ProducerConfig values: 
	acks = -1
	auto.include.jmx.reporter = true
	batch.size = 16384
	bootstrap.servers = [PLAINTEXT://localhost:32769]
	buffer.memory = 33554432
	client.dns.lookup = use_all_dns_ips
	client.id = Producer-s5cd66548xd264x4f4dx9d02x43d879e240ce
	compression.gzip.level = -1
	compression.lz4.level = 9
	compression.type = none
	compression.zstd.level = 3
	connections.max.idle.ms = 10000
	delivery.timeout.ms = 120000
	enable.idempotence = true
	enable.metrics.push = true
	interceptor.classes = []
	key.serializer = class org.apache.kafka.common.serialization.StringSerializer
	linger.ms = 0
	max.block.ms = 60000
	max.in.flight.requests.per.connection = 5
	max.request.size = 1048576
	metadata.max.age.ms = 300000
	metadata.max.idle.ms = 300000
	metadata.recovery.strategy = none
	metric.reporters = []
	metrics.num.samples = 2
	metrics.recording.level = INFO
	metrics.sample.window.ms = 30000
	partitioner.adaptive.partitioning.enable = true
	partitioner.availability.timeout.ms = 0
	partitioner.class = null
	partitioner.ignore.keys = false
	receive.buffer.bytes = 32768
	reconnect.backoff.max.ms = 1000
	reconnect.backoff.ms = 50
	request.timeout.ms = 5000
	retries = 2147483647
	retry.backoff.max.ms = 1000
	retry.backoff.ms = 100
	sasl.client.callback.handler.class = null
	sasl.jaas.config = null
	sasl.kerberos.kinit.cmd = /usr/bin/kinit
	sasl.kerberos.min.time.before.relogin = 60000
	sasl.kerberos.service.name = null
	sasl.kerberos.ticket.renew.jitter = 0.05
	sasl.kerberos.ticket.renew.window.factor = 0.8
	sasl.login.callback.handler.class = null
	sasl.login.class = null
	sasl.login.connect.timeout.ms = null
	sasl.login.read.timeout.ms = null
	sasl.login.refresh.buffer.seconds = 300
	sasl.login.refresh.min.period.seconds = 60
	sasl.login.refresh.window.factor = 0.8
	sasl.login.refresh.window.jitter = 0.05
	sasl.login.retry.backoff.max.ms = 10000
	sasl.login.retry.backoff.ms = 100
	sasl.mechanism = GSSAPI
	sasl.oauthbearer.clock.skew.seconds = 30
	sasl.oauthbearer.expected.audience = null
	sasl.oauthbearer.expected.issuer = null
	sasl.oauthbearer.header.urlencode = false
	sasl.oauthbearer.jwks.endpoint.refresh.ms = 3600000
	sasl.oauthbearer.jwks.endpoint.retry.backoff.max.ms = 10000
	sasl.oauthbearer.jwks.endpoint.retry.backoff.ms = 100
	sasl.oauthbearer.jwks.endpoint.url = null
	sasl.oauthbearer.scope.claim.name = scope
	sasl.oauthbearer.sub.claim.name = sub
	sasl.oauthbearer.token.endpoint.url = null
	security.protocol = PLAINTEXT
	security.providers = null
	send.buffer.bytes = 131072
	socket.connection.setup.timeout.max.ms = 30000
	socket.connection.setup.timeout.ms = 10000
	ssl.cipher.suites = null
	ssl.enabled.protocols = [TLSv1.2, TLSv1.3]
	ssl.endpoint.identification.algorithm = https
	ssl.engine.factory.class = null
	ssl.key.password = null
	ssl.keymanager.algorithm = SunX509
	ssl.keystore.certificate.chain = null
	ssl.keystore.key = null
	ssl.keystore.location = null
	ssl.keystore.password = null
	ssl.keystore.type = JKS
	ssl.protocol = TLSv1.3
	ssl.provider = null
	ssl.secure.random.implementation = null
	ssl.trustmanager.algorithm = PKIX
	ssl.truststore.certificates = null
	ssl.truststore.location = null
	ssl.truststore.password = null
	ssl.truststore.type = JKS
	transaction.timeout.ms = 60000
	transactional.id = null
	value.serializer = class io.apicurio.registry.serde.protobuf.ProtobufKafkaSerializer

2025-09-02 16:25:14,267 INFO  [org.apa.kaf.com.tel.int.KafkaMetricsCollector] (main) initializing Kafka metrics collector
2025-09-02 16:25:14,270 INFO  [org.apa.kaf.cli.pro.KafkaProducer] (main) [Producer clientId=Producer-s5cd66548xd264x4f4dx9d02x43d879e240ce] Instantiated an idempotent producer.
2025-09-02 16:25:14,272 INFO  [org.apa.kaf.cli.pro.ProducerConfig] (main) These configurations '[apicurio.registry.url, apicurio.registry.headers.enabled, apicurio.registry.artifact-resolver-strategy]' were supplied but are not used yet.
2025-09-02 16:25:14,272 INFO  [org.apa.kaf.com.uti.AppInfoParser] (main) Kafka version: 3.9.1
2025-09-02 16:25:14,272 INFO  [org.apa.kaf.com.uti.AppInfoParser] (main) Kafka commitId: f745dfdcee2b9851
2025-09-02 16:25:14,272 INFO  [org.apa.kaf.com.uti.AppInfoParser] (main) Kafka startTimeMs: 1756830314272
2025-09-02 16:25:14,272 INFO  [io.api.tes.ser.api.SimpleSerdesTesterBuilder$SimpleSerdesTester] (main) Using producer configuration: {apicurio.registry.url=http://registry-app-pg17.apps.ci419.apicurio-testing.org:80/apis/registry/v3, apicurio.registry.headers.enabled=true, apicurio.registry.artifact-resolver-strategy=io.apicurio.registry.serde.strategy.TopicIdStrategy, value.serializer=io.apicurio.registry.serde.protobuf.ProtobufKafkaSerializer, request.timeout.ms=5000, acks=all, bootstrap.servers=PLAINTEXT://localhost:32769, connections.max.idle.ms=10000, key.serializer=org.apache.kafka.common.serialization.StringSerializer, client.id=Producer-s5cd66548xd264x4f4dx9d02x43d879e240ce}
2025-09-02 16:25:14,272 INFO  [io.api.tes.ser.api.SimpleSerdesTesterBuilder$SimpleSerdesTester] (main) Using consumer configuration: {apicurio.registry.headers.enabled=true}
2025-09-02 16:25:14,273 INFO  [io.api.tes.ser.api.KafkaSerdesTester] (ForkJoinPool.commonPool-worker-1) Sending message msb: 1756830314272
lsb: 321
 to topic s5cd66548xd264x4f4dx9d02x43d879e240ce
2025-09-02 16:25:14,274 INFO  [org.apa.kaf.cli.Metadata] (kafka-producer-network-thread | Producer-s5cd66548xd264x4f4dx9d02x43d879e240ce) [Producer clientId=Producer-s5cd66548xd264x4f4dx9d02x43d879e240ce] Cluster ID: ZlHnK1_JTee83lbn_tarJg
2025-09-02 16:25:14,274 INFO  [org.apa.kaf.cli.pro.int.TransactionManager] (kafka-producer-network-thread | Producer-s5cd66548xd264x4f4dx9d02x43d879e240ce) [Producer clientId=Producer-s5cd66548xd264x4f4dx9d02x43d879e240ce] ProducerId set to 36 with epoch 0
2025-09-02 16:25:14,275 INFO  [DefaultSchemaResolver] (ForkJoinPool.commonPool-worker-1) Retrieving schema content using string: // Proto schema formatted by Wire, do not edit.
// Source: 

syntax = "proto3";

package io.apicurio.registry.common.proto;

option java_package = "io.apicurio.registry.common.proto";
option java_outer_classname = "Cmmn";

message UUID {
  fixed64 msb = 1;

  fixed64 lsb = 2;
}

2025-09-02 16:25:14,342 INFO  [io.api.tes.ser.api.KafkaSerdesTester] (ForkJoinPool.commonPool-worker-1) Sending message msb: 1756830314342
lsb: 321
 to topic s5cd66548xd264x4f4dx9d02x43d879e240ce
2025-09-02 16:25:14,344 INFO  [io.api.tes.ser.api.KafkaSerdesTester] (ForkJoinPool.commonPool-worker-1) Sending message msb: 1756830314344
lsb: 321
 to topic s5cd66548xd264x4f4dx9d02x43d879e240ce
2025-09-02 16:25:14,345 INFO  [io.api.tes.ser.api.KafkaSerdesTester] (ForkJoinPool.commonPool-worker-1) Sending message msb: 1756830314345
lsb: 321
 to topic s5cd66548xd264x4f4dx9d02x43d879e240ce
2025-09-02 16:25:14,346 INFO  [io.api.tes.ser.api.KafkaSerdesTester] (ForkJoinPool.commonPool-worker-1) Sending message msb: 1756830314346
lsb: 321
 to topic s5cd66548xd264x4f4dx9d02x43d879e240ce
2025-09-02 16:25:14,347 INFO  [io.api.tes.ser.api.KafkaSerdesTester] (ForkJoinPool.commonPool-worker-1) Sending message msb: 1756830314347
lsb: 321
 to topic s5cd66548xd264x4f4dx9d02x43d879e240ce
2025-09-02 16:25:14,349 INFO  [io.api.tes.ser.api.KafkaSerdesTester] (ForkJoinPool.commonPool-worker-1) Sending message msb: 1756830314348
lsb: 321
 to topic s5cd66548xd264x4f4dx9d02x43d879e240ce
2025-09-02 16:25:14,350 INFO  [io.api.tes.ser.api.KafkaSerdesTester] (ForkJoinPool.commonPool-worker-1) Sending message msb: 1756830314350
lsb: 321
 to topic s5cd66548xd264x4f4dx9d02x43d879e240ce
2025-09-02 16:25:14,352 INFO  [io.api.tes.ser.api.KafkaSerdesTester] (ForkJoinPool.commonPool-worker-1) Sending message msb: 1756830314352
lsb: 321
 to topic s5cd66548xd264x4f4dx9d02x43d879e240ce
2025-09-02 16:25:14,353 INFO  [io.api.tes.ser.api.KafkaSerdesTester] (ForkJoinPool.commonPool-worker-1) Sending message msb: 1756830314353
lsb: 321
 to topic s5cd66548xd264x4f4dx9d02x43d879e240ce
2025-09-02 16:25:14,355 INFO  [io.api.tes.ser.api.KafkaSerdesTester] (ForkJoinPool.commonPool-worker-1) Produced 10 messages
2025-09-02 16:25:14,356 INFO  [org.apa.kaf.cli.pro.KafkaProducer] (ForkJoinPool.commonPool-worker-1) [Producer clientId=Producer-s5cd66548xd264x4f4dx9d02x43d879e240ce] Closing the Kafka producer with timeoutMillis = 9223372036854775807 ms.
2025-09-02 16:25:14,357 INFO  [org.apa.kaf.com.met.Metrics] (ForkJoinPool.commonPool-worker-1) Metrics scheduler closed
2025-09-02 16:25:14,357 INFO  [org.apa.kaf.com.met.Metrics] (ForkJoinPool.commonPool-worker-1) Closing reporter org.apache.kafka.common.metrics.JmxReporter
2025-09-02 16:25:14,357 INFO  [org.apa.kaf.com.met.Metrics] (ForkJoinPool.commonPool-worker-1) Closing reporter org.apache.kafka.common.telemetry.internals.ClientTelemetryReporter
2025-09-02 16:25:14,357 INFO  [org.apa.kaf.com.met.Metrics] (ForkJoinPool.commonPool-worker-1) Metrics reporters closed
2025-09-02 16:25:14,357 INFO  [org.apa.kaf.com.uti.AppInfoParser] (ForkJoinPool.commonPool-worker-1) App info kafka.producer for Producer-s5cd66548xd264x4f4dx9d02x43d879e240ce unregistered
**** Registry Base URL: http://registry-app-pg17.apps.ci419.apicurio-testing.org:80
2025-09-02 16:25:14,357 INFO  [org.apa.kaf.cli.con.ConsumerConfig] (main) ConsumerConfig values: 
	allow.auto.create.topics = true
	auto.commit.interval.ms = 500
	auto.include.jmx.reporter = true
	auto.offset.reset = earliest
	bootstrap.servers = [PLAINTEXT://localhost:32769]
	check.crcs = true
	client.dns.lookup = use_all_dns_ips
	client.id = consumer-Consumer-s5cd66548xd264x4f4dx9d02x43d879e240ce-26
	client.rack = 
	connections.max.idle.ms = 10000
	default.api.timeout.ms = 60000
	enable.auto.commit = true
	enable.metrics.push = true
	exclude.internal.topics = true
	fetch.max.bytes = 52428800
	fetch.max.wait.ms = 500
	fetch.min.bytes = 1
	group.id = Consumer-s5cd66548xd264x4f4dx9d02x43d879e240ce
	group.instance.id = null
	group.protocol = classic
	group.remote.assignor = null
	heartbeat.interval.ms = 3000
	interceptor.classes = []
	internal.leave.group.on.close = true
	internal.throw.on.fetch.stable.offset.unsupported = false
	isolation.level = read_uncommitted
	key.deserializer = class org.apache.kafka.common.serialization.StringDeserializer
	max.partition.fetch.bytes = 1048576
	max.poll.interval.ms = 300000
	max.poll.records = 500
	metadata.max.age.ms = 300000
	metadata.recovery.strategy = none
	metric.reporters = []
	metrics.num.samples = 2
	metrics.recording.level = INFO
	metrics.sample.window.ms = 30000
	partition.assignment.strategy = [class org.apache.kafka.clients.consumer.RangeAssignor, class org.apache.kafka.clients.consumer.CooperativeStickyAssignor]
	receive.buffer.bytes = 65536
	reconnect.backoff.max.ms = 1000
	reconnect.backoff.ms = 50
	request.timeout.ms = 5000
	retry.backoff.max.ms = 1000
	retry.backoff.ms = 100
	sasl.client.callback.handler.class = null
	sasl.jaas.config = null
	sasl.kerberos.kinit.cmd = /usr/bin/kinit
	sasl.kerberos.min.time.before.relogin = 60000
	sasl.kerberos.service.name = null
	sasl.kerberos.ticket.renew.jitter = 0.05
	sasl.kerberos.ticket.renew.window.factor = 0.8
	sasl.login.callback.handler.class = null
	sasl.login.class = null
	sasl.login.connect.timeout.ms = null
	sasl.login.read.timeout.ms = null
	sasl.login.refresh.buffer.seconds = 300
	sasl.login.refresh.min.period.seconds = 60
	sasl.login.refresh.window.factor = 0.8
	sasl.login.refresh.window.jitter = 0.05
	sasl.login.retry.backoff.max.ms = 10000
	sasl.login.retry.backoff.ms = 100
	sasl.mechanism = GSSAPI
	sasl.oauthbearer.clock.skew.seconds = 30
	sasl.oauthbearer.expected.audience = null
	sasl.oauthbearer.expected.issuer = null
	sasl.oauthbearer.header.urlencode = false
	sasl.oauthbearer.jwks.endpoint.refresh.ms = 3600000
	sasl.oauthbearer.jwks.endpoint.retry.backoff.max.ms = 10000
	sasl.oauthbearer.jwks.endpoint.retry.backoff.ms = 100
	sasl.oauthbearer.jwks.endpoint.url = null
	sasl.oauthbearer.scope.claim.name = scope
	sasl.oauthbearer.sub.claim.name = sub
	sasl.oauthbearer.token.endpoint.url = null
	security.protocol = PLAINTEXT
	security.providers = null
	send.buffer.bytes = 131072
	session.timeout.ms = 45000
	socket.connection.setup.timeout.max.ms = 30000
	socket.connection.setup.timeout.ms = 10000
	ssl.cipher.suites = null
	ssl.enabled.protocols = [TLSv1.2, TLSv1.3]
	ssl.endpoint.identification.algorithm = https
	ssl.engine.factory.class = null
	ssl.key.password = null
	ssl.keymanager.algorithm = SunX509
	ssl.keystore.certificate.chain = null
	ssl.keystore.key = null
	ssl.keystore.location = null
	ssl.keystore.password = null
	ssl.keystore.type = JKS
	ssl.protocol = TLSv1.3
	ssl.provider = null
	ssl.secure.random.implementation = null
	ssl.trustmanager.algorithm = PKIX
	ssl.truststore.certificates = null
	ssl.truststore.location = null
	ssl.truststore.password = null
	ssl.truststore.type = JKS
	value.deserializer = class io.apicurio.registry.serde.protobuf.ProtobufKafkaDeserializer

2025-09-02 16:25:14,358 INFO  [org.apa.kaf.com.tel.int.KafkaMetricsCollector] (main) initializing Kafka metrics collector
2025-09-02 16:25:14,363 INFO  [org.apa.kaf.cli.con.ConsumerConfig] (main) These configurations '[apicurio.registry.url, apicurio.registry.headers.enabled]' were supplied but are not used yet.
2025-09-02 16:25:14,363 INFO  [org.apa.kaf.com.uti.AppInfoParser] (main) Kafka version: 3.9.1
2025-09-02 16:25:14,363 INFO  [org.apa.kaf.com.uti.AppInfoParser] (main) Kafka commitId: f745dfdcee2b9851
2025-09-02 16:25:14,363 INFO  [org.apa.kaf.com.uti.AppInfoParser] (main) Kafka startTimeMs: 1756830314363
2025-09-02 16:25:14,363 INFO  [org.apa.kaf.cli.con.int.ClassicKafkaConsumer] (ForkJoinPool.commonPool-worker-1) [Consumer clientId=consumer-Consumer-s5cd66548xd264x4f4dx9d02x43d879e240ce-26, groupId=Consumer-s5cd66548xd264x4f4dx9d02x43d879e240ce] Subscribed to topic(s): s5cd66548xd264x4f4dx9d02x43d879e240ce
2025-09-02 16:25:14,366 INFO  [org.apa.kaf.cli.Metadata] (ForkJoinPool.commonPool-worker-1) [Consumer clientId=consumer-Consumer-s5cd66548xd264x4f4dx9d02x43d879e240ce-26, groupId=Consumer-s5cd66548xd264x4f4dx9d02x43d879e240ce] Cluster ID: ZlHnK1_JTee83lbn_tarJg
2025-09-02 16:25:14,366 INFO  [org.apa.kaf.cli.con.int.ConsumerCoordinator] (ForkJoinPool.commonPool-worker-1) [Consumer clientId=consumer-Consumer-s5cd66548xd264x4f4dx9d02x43d879e240ce-26, groupId=Consumer-s5cd66548xd264x4f4dx9d02x43d879e240ce] Discovered group coordinator localhost:32769 (id: 2147483647 rack: null)
2025-09-02 16:25:14,367 INFO  [org.apa.kaf.cli.con.int.ConsumerCoordinator] (ForkJoinPool.commonPool-worker-1) [Consumer clientId=consumer-Consumer-s5cd66548xd264x4f4dx9d02x43d879e240ce-26, groupId=Consumer-s5cd66548xd264x4f4dx9d02x43d879e240ce] (Re-)joining group
2025-09-02 16:25:14,368 INFO  [org.apa.kaf.cli.con.int.ConsumerCoordinator] (ForkJoinPool.commonPool-worker-1) [Consumer clientId=consumer-Consumer-s5cd66548xd264x4f4dx9d02x43d879e240ce-26, groupId=Consumer-s5cd66548xd264x4f4dx9d02x43d879e240ce] Request joining group due to: need to re-join with the given member-id: consumer-Consumer-s5cd66548xd264x4f4dx9d02x43d879e240ce-26-8135e60d-aa9d-4855-855a-1b4fca712dc8
2025-09-02 16:25:14,368 INFO  [org.apa.kaf.cli.con.int.ConsumerCoordinator] (ForkJoinPool.commonPool-worker-1) [Consumer clientId=consumer-Consumer-s5cd66548xd264x4f4dx9d02x43d879e240ce-26, groupId=Consumer-s5cd66548xd264x4f4dx9d02x43d879e240ce] (Re-)joining group
2025-09-02 16:25:15,363 INFO  [io.api.tes.ser.api.KafkaSerdesTester] (ForkJoinPool.commonPool-worker-1) None found
2025-09-02 16:25:16,364 INFO  [io.api.tes.ser.api.KafkaSerdesTester] (ForkJoinPool.commonPool-worker-1) None found
2025-09-02 16:25:17,364 INFO  [io.api.tes.ser.api.KafkaSerdesTester] (ForkJoinPool.commonPool-worker-1) None found
2025-09-02 16:25:17,370 INFO  [org.apa.kaf.cli.con.int.ConsumerCoordinator] (ForkJoinPool.commonPool-worker-1) [Consumer clientId=consumer-Consumer-s5cd66548xd264x4f4dx9d02x43d879e240ce-26, groupId=Consumer-s5cd66548xd264x4f4dx9d02x43d879e240ce] Successfully joined group with generation Generation{generationId=5, memberId='consumer-Consumer-s5cd66548xd264x4f4dx9d02x43d879e240ce-26-8135e60d-aa9d-4855-855a-1b4fca712dc8', protocol='range'}
2025-09-02 16:25:17,370 INFO  [org.apa.kaf.cli.con.int.ConsumerCoordinator] (ForkJoinPool.commonPool-worker-1) [Consumer clientId=consumer-Consumer-s5cd66548xd264x4f4dx9d02x43d879e240ce-26, groupId=Consumer-s5cd66548xd264x4f4dx9d02x43d879e240ce] Finished assignment for group at generation 5: {consumer-Consumer-s5cd66548xd264x4f4dx9d02x43d879e240ce-26-8135e60d-aa9d-4855-855a-1b4fca712dc8=Assignment(partitions=[s5cd66548xd264x4f4dx9d02x43d879e240ce-0])}
2025-09-02 16:25:17,376 INFO  [org.apa.kaf.cli.con.int.ConsumerCoordinator] (ForkJoinPool.commonPool-worker-1) [Consumer clientId=consumer-Consumer-s5cd66548xd264x4f4dx9d02x43d879e240ce-26, groupId=Consumer-s5cd66548xd264x4f4dx9d02x43d879e240ce] Successfully synced group in generation Generation{generationId=5, memberId='consumer-Consumer-s5cd66548xd264x4f4dx9d02x43d879e240ce-26-8135e60d-aa9d-4855-855a-1b4fca712dc8', protocol='range'}
2025-09-02 16:25:17,377 INFO  [org.apa.kaf.cli.con.int.ConsumerCoordinator] (ForkJoinPool.commonPool-worker-1) [Consumer clientId=consumer-Consumer-s5cd66548xd264x4f4dx9d02x43d879e240ce-26, groupId=Consumer-s5cd66548xd264x4f4dx9d02x43d879e240ce] Notifying assignor about the new Assignment(partitions=[s5cd66548xd264x4f4dx9d02x43d879e240ce-0])
2025-09-02 16:25:17,377 INFO  [org.apa.kaf.cli.con.int.ConsumerRebalanceListenerInvoker] (ForkJoinPool.commonPool-worker-1) [Consumer clientId=consumer-Consumer-s5cd66548xd264x4f4dx9d02x43d879e240ce-26, groupId=Consumer-s5cd66548xd264x4f4dx9d02x43d879e240ce] Adding newly assigned partitions: s5cd66548xd264x4f4dx9d02x43d879e240ce-0
2025-09-02 16:25:17,377 INFO  [org.apa.kaf.cli.con.int.ConsumerUtils] (ForkJoinPool.commonPool-worker-1) Setting offset for partition s5cd66548xd264x4f4dx9d02x43d879e240ce-0 to the committed offset FetchPosition{offset=20, offsetEpoch=Optional[0], currentLeader=LeaderAndEpoch{leader=Optional[localhost:32769 (id: 0 rack: null)], epoch=0}}
2025-09-02 16:25:17,471 INFO  [io.api.tes.ser.api.KafkaSerdesTester] (ForkJoinPool.commonPool-worker-1) s5cd66548xd264x4f4dx9d02x43d879e240ce 0 20 msb: 1756830314272
lsb: 321

2025-09-02 16:25:17,471 INFO  [io.api.tes.ser.api.KafkaSerdesTester] (ForkJoinPool.commonPool-worker-1) s5cd66548xd264x4f4dx9d02x43d879e240ce 0 21 msb: 1756830314342
lsb: 321

2025-09-02 16:25:17,471 INFO  [io.api.tes.ser.api.KafkaSerdesTester] (ForkJoinPool.commonPool-worker-1) s5cd66548xd264x4f4dx9d02x43d879e240ce 0 22 msb: 1756830314344
lsb: 321

2025-09-02 16:25:17,471 INFO  [io.api.tes.ser.api.KafkaSerdesTester] (ForkJoinPool.commonPool-worker-1) s5cd66548xd264x4f4dx9d02x43d879e240ce 0 23 msb: 1756830314345
lsb: 321

2025-09-02 16:25:17,471 INFO  [io.api.tes.ser.api.KafkaSerdesTester] (ForkJoinPool.commonPool-worker-1) s5cd66548xd264x4f4dx9d02x43d879e240ce 0 24 msb: 1756830314346
lsb: 321

2025-09-02 16:25:17,471 INFO  [io.api.tes.ser.api.KafkaSerdesTester] (ForkJoinPool.commonPool-worker-1) s5cd66548xd264x4f4dx9d02x43d879e240ce 0 25 msb: 1756830314347
lsb: 321

2025-09-02 16:25:17,471 INFO  [io.api.tes.ser.api.KafkaSerdesTester] (ForkJoinPool.commonPool-worker-1) s5cd66548xd264x4f4dx9d02x43d879e240ce 0 26 msb: 1756830314348
lsb: 321

2025-09-02 16:25:17,471 INFO  [io.api.tes.ser.api.KafkaSerdesTester] (ForkJoinPool.commonPool-worker-1) s5cd66548xd264x4f4dx9d02x43d879e240ce 0 27 msb: 1756830314350
lsb: 321

2025-09-02 16:25:17,471 INFO  [io.api.tes.ser.api.KafkaSerdesTester] (ForkJoinPool.commonPool-worker-1) s5cd66548xd264x4f4dx9d02x43d879e240ce 0 28 msb: 1756830314352
lsb: 321

2025-09-02 16:25:17,471 INFO  [io.api.tes.ser.api.KafkaSerdesTester] (ForkJoinPool.commonPool-worker-1) s5cd66548xd264x4f4dx9d02x43d879e240ce 0 29 msb: 1756830314353
lsb: 321

2025-09-02 16:25:17,471 INFO  [io.api.tes.ser.api.KafkaSerdesTester] (ForkJoinPool.commonPool-worker-1) Consumed 10 messages
2025-09-02 16:25:17,478 INFO  [org.apa.kaf.cli.con.int.ConsumerRebalanceListenerInvoker] (ForkJoinPool.commonPool-worker-1) [Consumer clientId=consumer-Consumer-s5cd66548xd264x4f4dx9d02x43d879e240ce-26, groupId=Consumer-s5cd66548xd264x4f4dx9d02x43d879e240ce] Revoke previously assigned partitions s5cd66548xd264x4f4dx9d02x43d879e240ce-0
2025-09-02 16:25:17,478 INFO  [org.apa.kaf.cli.con.int.ConsumerCoordinator] (ForkJoinPool.commonPool-worker-1) [Consumer clientId=consumer-Consumer-s5cd66548xd264x4f4dx9d02x43d879e240ce-26, groupId=Consumer-s5cd66548xd264x4f4dx9d02x43d879e240ce] Member consumer-Consumer-s5cd66548xd264x4f4dx9d02x43d879e240ce-26-8135e60d-aa9d-4855-855a-1b4fca712dc8 sending LeaveGroup request to coordinator localhost:32769 (id: 2147483647 rack: null) due to the consumer is being closed
2025-09-02 16:25:17,478 INFO  [org.apa.kaf.cli.con.int.ConsumerCoordinator] (ForkJoinPool.commonPool-worker-1) [Consumer clientId=consumer-Consumer-s5cd66548xd264x4f4dx9d02x43d879e240ce-26, groupId=Consumer-s5cd66548xd264x4f4dx9d02x43d879e240ce] Resetting generation and member id due to: consumer pro-actively leaving the group
2025-09-02 16:25:17,478 INFO  [org.apa.kaf.cli.con.int.ConsumerCoordinator] (ForkJoinPool.commonPool-worker-1) [Consumer clientId=consumer-Consumer-s5cd66548xd264x4f4dx9d02x43d879e240ce-26, groupId=Consumer-s5cd66548xd264x4f4dx9d02x43d879e240ce] Request joining group due to: consumer pro-actively leaving the group
2025-09-02 16:25:17,973 INFO  [org.apa.kaf.com.met.Metrics] (ForkJoinPool.commonPool-worker-1) Metrics scheduler closed
2025-09-02 16:25:17,973 INFO  [org.apa.kaf.com.met.Metrics] (ForkJoinPool.commonPool-worker-1) Closing reporter org.apache.kafka.common.metrics.JmxReporter
2025-09-02 16:25:17,973 INFO  [org.apa.kaf.com.met.Metrics] (ForkJoinPool.commonPool-worker-1) Closing reporter org.apache.kafka.common.telemetry.internals.ClientTelemetryReporter
2025-09-02 16:25:17,973 INFO  [org.apa.kaf.com.met.Metrics] (ForkJoinPool.commonPool-worker-1) Metrics reporters closed
2025-09-02 16:25:17,975 INFO  [org.apa.kaf.com.uti.AppInfoParser] (ForkJoinPool.commonPool-worker-1) App info kafka.consumer for consumer-Consumer-s5cd66548xd264x4f4dx9d02x43d879e240ce-26 unregistered
**** Registry Base URL: http://registry-app-pg17.apps.ci419.apicurio-testing.org:80
2025-09-02 16:25:17,975 INFO  [org.apa.kaf.cli.pro.ProducerConfig] (main) ProducerConfig values: 
	acks = -1
	auto.include.jmx.reporter = true
	batch.size = 16384
	bootstrap.servers = [PLAINTEXT://localhost:32769]
	buffer.memory = 33554432
	client.dns.lookup = use_all_dns_ips
	client.id = Producer-s5cd66548xd264x4f4dx9d02x43d879e240ce
	compression.gzip.level = -1
	compression.lz4.level = 9
	compression.type = none
	compression.zstd.level = 3
	connections.max.idle.ms = 10000
	delivery.timeout.ms = 120000
	enable.idempotence = true
	enable.metrics.push = true
	interceptor.classes = []
	key.serializer = class org.apache.kafka.common.serialization.StringSerializer
	linger.ms = 0
	max.block.ms = 60000
	max.in.flight.requests.per.connection = 5
	max.request.size = 1048576
	metadata.max.age.ms = 300000
	metadata.max.idle.ms = 300000
	metadata.recovery.strategy = none
	metric.reporters = []
	metrics.num.samples = 2
	metrics.recording.level = INFO
	metrics.sample.window.ms = 30000
	partitioner.adaptive.partitioning.enable = true
	partitioner.availability.timeout.ms = 0
	partitioner.class = null
	partitioner.ignore.keys = false
	receive.buffer.bytes = 32768
	reconnect.backoff.max.ms = 1000
	reconnect.backoff.ms = 50
	request.timeout.ms = 5000
	retries = 2147483647
	retry.backoff.max.ms = 1000
	retry.backoff.ms = 100
	sasl.client.callback.handler.class = null
	sasl.jaas.config = null
	sasl.kerberos.kinit.cmd = /usr/bin/kinit
	sasl.kerberos.min.time.before.relogin = 60000
	sasl.kerberos.service.name = null
	sasl.kerberos.ticket.renew.jitter = 0.05
	sasl.kerberos.ticket.renew.window.factor = 0.8
	sasl.login.callback.handler.class = null
	sasl.login.class = null
	sasl.login.connect.timeout.ms = null
	sasl.login.read.timeout.ms = null
	sasl.login.refresh.buffer.seconds = 300
	sasl.login.refresh.min.period.seconds = 60
	sasl.login.refresh.window.factor = 0.8
	sasl.login.refresh.window.jitter = 0.05
	sasl.login.retry.backoff.max.ms = 10000
	sasl.login.retry.backoff.ms = 100
	sasl.mechanism = GSSAPI
	sasl.oauthbearer.clock.skew.seconds = 30
	sasl.oauthbearer.expected.audience = null
	sasl.oauthbearer.expected.issuer = null
	sasl.oauthbearer.header.urlencode = false
	sasl.oauthbearer.jwks.endpoint.refresh.ms = 3600000
	sasl.oauthbearer.jwks.endpoint.retry.backoff.max.ms = 10000
	sasl.oauthbearer.jwks.endpoint.retry.backoff.ms = 100
	sasl.oauthbearer.jwks.endpoint.url = null
	sasl.oauthbearer.scope.claim.name = scope
	sasl.oauthbearer.sub.claim.name = sub
	sasl.oauthbearer.token.endpoint.url = null
	security.protocol = PLAINTEXT
	security.providers = null
	send.buffer.bytes = 131072
	socket.connection.setup.timeout.max.ms = 30000
	socket.connection.setup.timeout.ms = 10000
	ssl.cipher.suites = null
	ssl.enabled.protocols = [TLSv1.2, TLSv1.3]
	ssl.endpoint.identification.algorithm = https
	ssl.engine.factory.class = null
	ssl.key.password = null
	ssl.keymanager.algorithm = SunX509
	ssl.keystore.certificate.chain = null
	ssl.keystore.key = null
	ssl.keystore.location = null
	ssl.keystore.password = null
	ssl.keystore.type = JKS
	ssl.protocol = TLSv1.3
	ssl.provider = null
	ssl.secure.random.implementation = null
	ssl.trustmanager.algorithm = PKIX
	ssl.truststore.certificates = null
	ssl.truststore.location = null
	ssl.truststore.password = null
	ssl.truststore.type = JKS
	transaction.timeout.ms = 60000
	transactional.id = null
	value.serializer = class io.apicurio.registry.serde.protobuf.ProtobufKafkaSerializer

2025-09-02 16:25:17,976 INFO  [org.apa.kaf.com.tel.int.KafkaMetricsCollector] (main) initializing Kafka metrics collector
2025-09-02 16:25:17,978 INFO  [org.apa.kaf.cli.pro.KafkaProducer] (main) [Producer clientId=Producer-s5cd66548xd264x4f4dx9d02x43d879e240ce] Instantiated an idempotent producer.
2025-09-02 16:25:17,986 INFO  [org.apa.kaf.cli.pro.ProducerConfig] (main) These configurations '[apicurio.registry.find-latest, apicurio.registry.url, apicurio.registry.artifact-resolver-strategy]' were supplied but are not used yet.
2025-09-02 16:25:17,986 INFO  [org.apa.kaf.com.uti.AppInfoParser] (main) Kafka version: 3.9.1
2025-09-02 16:25:17,987 INFO  [org.apa.kaf.com.uti.AppInfoParser] (main) Kafka commitId: f745dfdcee2b9851
2025-09-02 16:25:17,987 INFO  [org.apa.kaf.com.uti.AppInfoParser] (main) Kafka startTimeMs: 1756830317986
2025-09-02 16:25:17,987 INFO  [io.api.tes.ser.api.KafkaSerdesTester] (ForkJoinPool.commonPool-worker-1) Sending message header {
  time {
  }
}
d1: 1.756830317987E12
s1: "a"
i1: 123
bi1: 1
point {
  longitude: 22.0
  latitude: 22.0
  altitude: 1.0
}
 to topic s5cd66548xd264x4f4dx9d02x43d879e240ce
2025-09-02 16:25:17,989 INFO  [org.apa.kaf.cli.Metadata] (kafka-producer-network-thread | Producer-s5cd66548xd264x4f4dx9d02x43d879e240ce) [Producer clientId=Producer-s5cd66548xd264x4f4dx9d02x43d879e240ce] Cluster ID: ZlHnK1_JTee83lbn_tarJg
2025-09-02 16:25:17,989 INFO  [org.apa.kaf.cli.pro.int.TransactionManager] (kafka-producer-network-thread | Producer-s5cd66548xd264x4f4dx9d02x43d879e240ce) [Producer clientId=Producer-s5cd66548xd264x4f4dx9d02x43d879e240ce] ProducerId set to 37 with epoch 0
2025-09-02 16:25:18,117 INFO  [org.apa.kaf.cli.pro.KafkaProducer] (ForkJoinPool.commonPool-worker-1) [Producer clientId=Producer-s5cd66548xd264x4f4dx9d02x43d879e240ce] Closing the Kafka producer with timeoutMillis = 9223372036854775807 ms.
2025-09-02 16:25:18,118 INFO  [org.apa.kaf.com.met.Metrics] (ForkJoinPool.commonPool-worker-1) Metrics scheduler closed
2025-09-02 16:25:18,118 INFO  [org.apa.kaf.com.met.Metrics] (ForkJoinPool.commonPool-worker-1) Closing reporter org.apache.kafka.common.metrics.JmxReporter
2025-09-02 16:25:18,118 INFO  [org.apa.kaf.com.met.Metrics] (ForkJoinPool.commonPool-worker-1) Closing reporter org.apache.kafka.common.telemetry.internals.ClientTelemetryReporter
2025-09-02 16:25:18,118 INFO  [org.apa.kaf.com.met.Metrics] (ForkJoinPool.commonPool-worker-1) Metrics reporters closed
2025-09-02 16:25:18,118 INFO  [org.apa.kaf.com.uti.AppInfoParser] (ForkJoinPool.commonPool-worker-1) App info kafka.producer for Producer-s5cd66548xd264x4f4dx9d02x43d879e240ce unregistered
**** Registry Base URL: http://registry-app-pg17.apps.ci419.apicurio-testing.org:80
2025-09-02 16:25:18,119 INFO  [org.apa.kaf.cli.pro.ProducerConfig] (main) ProducerConfig values: 
	acks = -1
	auto.include.jmx.reporter = true
	batch.size = 16384
	bootstrap.servers = [PLAINTEXT://localhost:32769]
	buffer.memory = 33554432
	client.dns.lookup = use_all_dns_ips
	client.id = Producer-s5cd66548xd264x4f4dx9d02x43d879e240ce
	compression.gzip.level = -1
	compression.lz4.level = 9
	compression.type = none
	compression.zstd.level = 3
	connections.max.idle.ms = 10000
	delivery.timeout.ms = 120000
	enable.idempotence = true
	enable.metrics.push = true
	interceptor.classes = []
	key.serializer = class org.apache.kafka.common.serialization.StringSerializer
	linger.ms = 0
	max.block.ms = 60000
	max.in.flight.requests.per.connection = 5
	max.request.size = 1048576
	metadata.max.age.ms = 300000
	metadata.max.idle.ms = 300000
	metadata.recovery.strategy = none
	metric.reporters = []
	metrics.num.samples = 2
	metrics.recording.level = INFO
	metrics.sample.window.ms = 30000
	partitioner.adaptive.partitioning.enable = true
	partitioner.availability.timeout.ms = 0
	partitioner.class = null
	partitioner.ignore.keys = false
	receive.buffer.bytes = 32768
	reconnect.backoff.max.ms = 1000
	reconnect.backoff.ms = 50
	request.timeout.ms = 5000
	retries = 2147483647
	retry.backoff.max.ms = 1000
	retry.backoff.ms = 100
	sasl.client.callback.handler.class = null
	sasl.jaas.config = null
	sasl.kerberos.kinit.cmd = /usr/bin/kinit
	sasl.kerberos.min.time.before.relogin = 60000
	sasl.kerberos.service.name = null
	sasl.kerberos.ticket.renew.jitter = 0.05
	sasl.kerberos.ticket.renew.window.factor = 0.8
	sasl.login.callback.handler.class = null
	sasl.login.class = null
	sasl.login.connect.timeout.ms = null
	sasl.login.read.timeout.ms = null
	sasl.login.refresh.buffer.seconds = 300
	sasl.login.refresh.min.period.seconds = 60
	sasl.login.refresh.window.factor = 0.8
	sasl.login.refresh.window.jitter = 0.05
	sasl.login.retry.backoff.max.ms = 10000
	sasl.login.retry.backoff.ms = 100
	sasl.mechanism = GSSAPI
	sasl.oauthbearer.clock.skew.seconds = 30
	sasl.oauthbearer.expected.audience = null
	sasl.oauthbearer.expected.issuer = null
	sasl.oauthbearer.header.urlencode = false
	sasl.oauthbearer.jwks.endpoint.refresh.ms = 3600000
	sasl.oauthbearer.jwks.endpoint.retry.backoff.max.ms = 10000
	sasl.oauthbearer.jwks.endpoint.retry.backoff.ms = 100
	sasl.oauthbearer.jwks.endpoint.url = null
	sasl.oauthbearer.scope.claim.name = scope
	sasl.oauthbearer.sub.claim.name = sub
	sasl.oauthbearer.token.endpoint.url = null
	security.protocol = PLAINTEXT
	security.providers = null
	send.buffer.bytes = 131072
	socket.connection.setup.timeout.max.ms = 30000
	socket.connection.setup.timeout.ms = 10000
	ssl.cipher.suites = null
	ssl.enabled.protocols = [TLSv1.2, TLSv1.3]
	ssl.endpoint.identification.algorithm = https
	ssl.engine.factory.class = null
	ssl.key.password = null
	ssl.keymanager.algorithm = SunX509
	ssl.keystore.certificate.chain = null
	ssl.keystore.key = null
	ssl.keystore.location = null
	ssl.keystore.password = null
	ssl.keystore.type = JKS
	ssl.protocol = TLSv1.3
	ssl.provider = null
	ssl.secure.random.implementation = null
	ssl.trustmanager.algorithm = PKIX
	ssl.truststore.certificates = null
	ssl.truststore.location = null
	ssl.truststore.password = null
	ssl.truststore.type = JKS
	transaction.timeout.ms = 60000
	transactional.id = null
	value.serializer = class io.apicurio.registry.serde.protobuf.ProtobufKafkaSerializer

2025-09-02 16:25:18,120 INFO  [org.apa.kaf.com.tel.int.KafkaMetricsCollector] (main) initializing Kafka metrics collector
2025-09-02 16:25:18,122 INFO  [org.apa.kaf.cli.pro.KafkaProducer] (main) [Producer clientId=Producer-s5cd66548xd264x4f4dx9d02x43d879e240ce] Instantiated an idempotent producer.
2025-09-02 16:25:18,124 INFO  [org.apa.kaf.cli.pro.ProducerConfig] (main) These configurations '[apicurio.registry.find-latest, apicurio.registry.url, apicurio.registry.headers.enabled, apicurio.registry.artifact-resolver-strategy]' were supplied but are not used yet.
2025-09-02 16:25:18,124 INFO  [org.apa.kaf.com.uti.AppInfoParser] (main) Kafka version: 3.9.1
2025-09-02 16:25:18,124 INFO  [org.apa.kaf.com.uti.AppInfoParser] (main) Kafka commitId: f745dfdcee2b9851
2025-09-02 16:25:18,124 INFO  [org.apa.kaf.com.uti.AppInfoParser] (main) Kafka startTimeMs: 1756830318124
2025-09-02 16:25:18,124 INFO  [io.api.tes.ser.api.SimpleSerdesTesterBuilder$SimpleSerdesTester] (main) Using producer configuration: {apicurio.registry.find-latest=true, apicurio.registry.url=http://registry-app-pg17.apps.ci419.apicurio-testing.org:80/apis/registry/v3, apicurio.registry.headers.enabled=true, apicurio.registry.artifact-resolver-strategy=io.apicurio.registry.serde.strategy.TopicIdStrategy, value.serializer=io.apicurio.registry.serde.protobuf.ProtobufKafkaSerializer, request.timeout.ms=5000, acks=all, bootstrap.servers=PLAINTEXT://localhost:32769, connections.max.idle.ms=10000, key.serializer=org.apache.kafka.common.serialization.StringSerializer, client.id=Producer-s5cd66548xd264x4f4dx9d02x43d879e240ce}
2025-09-02 16:25:18,124 INFO  [io.api.tes.ser.api.SimpleSerdesTesterBuilder$SimpleSerdesTester] (main) Using consumer configuration: {apicurio.registry.headers.enabled=true}
2025-09-02 16:25:18,124 INFO  [io.api.tes.ser.api.KafkaSerdesTester] (ForkJoinPool.commonPool-worker-1) Sending message msb: 1756830318124
lsb: 321
 to topic s5cd66548xd264x4f4dx9d02x43d879e240ce
2025-09-02 16:25:18,126 INFO  [org.apa.kaf.cli.Metadata] (kafka-producer-network-thread | Producer-s5cd66548xd264x4f4dx9d02x43d879e240ce) [Producer clientId=Producer-s5cd66548xd264x4f4dx9d02x43d879e240ce] Cluster ID: ZlHnK1_JTee83lbn_tarJg
2025-09-02 16:25:18,127 INFO  [org.apa.kaf.cli.pro.int.TransactionManager] (kafka-producer-network-thread | Producer-s5cd66548xd264x4f4dx9d02x43d879e240ce) [Producer clientId=Producer-s5cd66548xd264x4f4dx9d02x43d879e240ce] ProducerId set to 38 with epoch 0
2025-09-02 16:25:18,230 INFO  [io.api.tes.ser.api.KafkaSerdesTester] (ForkJoinPool.commonPool-worker-1) Sending message msb: 1756830318230
lsb: 321
 to topic s5cd66548xd264x4f4dx9d02x43d879e240ce
2025-09-02 16:25:18,231 INFO  [io.api.tes.ser.api.KafkaSerdesTester] (ForkJoinPool.commonPool-worker-1) Sending message msb: 1756830318231
lsb: 321
 to topic s5cd66548xd264x4f4dx9d02x43d879e240ce
2025-09-02 16:25:18,232 INFO  [io.api.tes.ser.api.KafkaSerdesTester] (ForkJoinPool.commonPool-worker-1) Sending message msb: 1756830318232
lsb: 321
 to topic s5cd66548xd264x4f4dx9d02x43d879e240ce
2025-09-02 16:25:18,233 INFO  [io.api.tes.ser.api.KafkaSerdesTester] (ForkJoinPool.commonPool-worker-1) Sending message msb: 1756830318233
lsb: 321
 to topic s5cd66548xd264x4f4dx9d02x43d879e240ce
2025-09-02 16:25:18,234 INFO  [io.api.tes.ser.api.KafkaSerdesTester] (ForkJoinPool.commonPool-worker-1) Sending message msb: 1756830318234
lsb: 321
 to topic s5cd66548xd264x4f4dx9d02x43d879e240ce
2025-09-02 16:25:18,235 INFO  [io.api.tes.ser.api.KafkaSerdesTester] (ForkJoinPool.commonPool-worker-1) Sending message msb: 1756830318235
lsb: 321
 to topic s5cd66548xd264x4f4dx9d02x43d879e240ce
2025-09-02 16:25:18,236 INFO  [io.api.tes.ser.api.KafkaSerdesTester] (ForkJoinPool.commonPool-worker-1) Sending message msb: 1756830318236
lsb: 321
 to topic s5cd66548xd264x4f4dx9d02x43d879e240ce
2025-09-02 16:25:18,237 INFO  [io.api.tes.ser.api.KafkaSerdesTester] (ForkJoinPool.commonPool-worker-1) Sending message msb: 1756830318237
lsb: 321
 to topic s5cd66548xd264x4f4dx9d02x43d879e240ce
2025-09-02 16:25:18,238 INFO  [io.api.tes.ser.api.KafkaSerdesTester] (ForkJoinPool.commonPool-worker-1) Sending message msb: 1756830318238
lsb: 321
 to topic s5cd66548xd264x4f4dx9d02x43d879e240ce
2025-09-02 16:25:18,239 INFO  [io.api.tes.ser.api.KafkaSerdesTester] (ForkJoinPool.commonPool-worker-1) Produced 10 messages
2025-09-02 16:25:18,239 INFO  [org.apa.kaf.cli.pro.KafkaProducer] (ForkJoinPool.commonPool-worker-1) [Producer clientId=Producer-s5cd66548xd264x4f4dx9d02x43d879e240ce] Closing the Kafka producer with timeoutMillis = 9223372036854775807 ms.
2025-09-02 16:25:18,241 INFO  [org.apa.kaf.com.met.Metrics] (ForkJoinPool.commonPool-worker-1) Metrics scheduler closed
2025-09-02 16:25:18,241 INFO  [org.apa.kaf.com.met.Metrics] (ForkJoinPool.commonPool-worker-1) Closing reporter org.apache.kafka.common.metrics.JmxReporter
2025-09-02 16:25:18,241 INFO  [org.apa.kaf.com.met.Metrics] (ForkJoinPool.commonPool-worker-1) Closing reporter org.apache.kafka.common.telemetry.internals.ClientTelemetryReporter
2025-09-02 16:25:18,241 INFO  [org.apa.kaf.com.met.Metrics] (ForkJoinPool.commonPool-worker-1) Metrics reporters closed
2025-09-02 16:25:18,241 INFO  [org.apa.kaf.com.uti.AppInfoParser] (ForkJoinPool.commonPool-worker-1) App info kafka.producer for Producer-s5cd66548xd264x4f4dx9d02x43d879e240ce unregistered
**** Registry Base URL: http://registry-app-pg17.apps.ci419.apicurio-testing.org:80
2025-09-02 16:25:18,241 INFO  [org.apa.kaf.cli.con.ConsumerConfig] (main) ConsumerConfig values: 
	allow.auto.create.topics = true
	auto.commit.interval.ms = 500
	auto.include.jmx.reporter = true
	auto.offset.reset = earliest
	bootstrap.servers = [PLAINTEXT://localhost:32769]
	check.crcs = true
	client.dns.lookup = use_all_dns_ips
	client.id = consumer-Consumer-s5cd66548xd264x4f4dx9d02x43d879e240ce-27
	client.rack = 
	connections.max.idle.ms = 10000
	default.api.timeout.ms = 60000
	enable.auto.commit = true
	enable.metrics.push = true
	exclude.internal.topics = true
	fetch.max.bytes = 52428800
	fetch.max.wait.ms = 500
	fetch.min.bytes = 1
	group.id = Consumer-s5cd66548xd264x4f4dx9d02x43d879e240ce
	group.instance.id = null
	group.protocol = classic
	group.remote.assignor = null
	heartbeat.interval.ms = 3000
	interceptor.classes = []
	internal.leave.group.on.close = true
	internal.throw.on.fetch.stable.offset.unsupported = false
	isolation.level = read_uncommitted
	key.deserializer = class org.apache.kafka.common.serialization.StringDeserializer
	max.partition.fetch.bytes = 1048576
	max.poll.interval.ms = 300000
	max.poll.records = 500
	metadata.max.age.ms = 300000
	metadata.recovery.strategy = none
	metric.reporters = []
	metrics.num.samples = 2
	metrics.recording.level = INFO
	metrics.sample.window.ms = 30000
	partition.assignment.strategy = [class org.apache.kafka.clients.consumer.RangeAssignor, class org.apache.kafka.clients.consumer.CooperativeStickyAssignor]
	receive.buffer.bytes = 65536
	reconnect.backoff.max.ms = 1000
	reconnect.backoff.ms = 50
	request.timeout.ms = 5000
	retry.backoff.max.ms = 1000
	retry.backoff.ms = 100
	sasl.client.callback.handler.class = null
	sasl.jaas.config = null
	sasl.kerberos.kinit.cmd = /usr/bin/kinit
	sasl.kerberos.min.time.before.relogin = 60000
	sasl.kerberos.service.name = null
	sasl.kerberos.ticket.renew.jitter = 0.05
	sasl.kerberos.ticket.renew.window.factor = 0.8
	sasl.login.callback.handler.class = null
	sasl.login.class = null
	sasl.login.connect.timeout.ms = null
	sasl.login.read.timeout.ms = null
	sasl.login.refresh.buffer.seconds = 300
	sasl.login.refresh.min.period.seconds = 60
	sasl.login.refresh.window.factor = 0.8
	sasl.login.refresh.window.jitter = 0.05
	sasl.login.retry.backoff.max.ms = 10000
	sasl.login.retry.backoff.ms = 100
	sasl.mechanism = GSSAPI
	sasl.oauthbearer.clock.skew.seconds = 30
	sasl.oauthbearer.expected.audience = null
	sasl.oauthbearer.expected.issuer = null
	sasl.oauthbearer.header.urlencode = false
	sasl.oauthbearer.jwks.endpoint.refresh.ms = 3600000
	sasl.oauthbearer.jwks.endpoint.retry.backoff.max.ms = 10000
	sasl.oauthbearer.jwks.endpoint.retry.backoff.ms = 100
	sasl.oauthbearer.jwks.endpoint.url = null
	sasl.oauthbearer.scope.claim.name = scope
	sasl.oauthbearer.sub.claim.name = sub
	sasl.oauthbearer.token.endpoint.url = null
	security.protocol = PLAINTEXT
	security.providers = null
	send.buffer.bytes = 131072
	session.timeout.ms = 45000
	socket.connection.setup.timeout.max.ms = 30000
	socket.connection.setup.timeout.ms = 10000
	ssl.cipher.suites = null
	ssl.enabled.protocols = [TLSv1.2, TLSv1.3]
	ssl.endpoint.identification.algorithm = https
	ssl.engine.factory.class = null
	ssl.key.password = null
	ssl.keymanager.algorithm = SunX509
	ssl.keystore.certificate.chain = null
	ssl.keystore.key = null
	ssl.keystore.location = null
	ssl.keystore.password = null
	ssl.keystore.type = JKS
	ssl.protocol = TLSv1.3
	ssl.provider = null
	ssl.secure.random.implementation = null
	ssl.trustmanager.algorithm = PKIX
	ssl.truststore.certificates = null
	ssl.truststore.location = null
	ssl.truststore.password = null
	ssl.truststore.type = JKS
	value.deserializer = class io.apicurio.registry.serde.protobuf.ProtobufKafkaDeserializer

2025-09-02 16:25:18,242 INFO  [org.apa.kaf.com.tel.int.KafkaMetricsCollector] (main) initializing Kafka metrics collector
2025-09-02 16:25:18,246 INFO  [org.apa.kaf.cli.con.ConsumerConfig] (main) These configurations '[apicurio.registry.url, apicurio.registry.headers.enabled]' were supplied but are not used yet.
2025-09-02 16:25:18,246 INFO  [org.apa.kaf.com.uti.AppInfoParser] (main) Kafka version: 3.9.1
2025-09-02 16:25:18,246 INFO  [org.apa.kaf.com.uti.AppInfoParser] (main) Kafka commitId: f745dfdcee2b9851
2025-09-02 16:25:18,246 INFO  [org.apa.kaf.com.uti.AppInfoParser] (main) Kafka startTimeMs: 1756830318246
2025-09-02 16:25:18,246 INFO  [org.apa.kaf.cli.con.int.ClassicKafkaConsumer] (ForkJoinPool.commonPool-worker-1) [Consumer clientId=consumer-Consumer-s5cd66548xd264x4f4dx9d02x43d879e240ce-27, groupId=Consumer-s5cd66548xd264x4f4dx9d02x43d879e240ce] Subscribed to topic(s): s5cd66548xd264x4f4dx9d02x43d879e240ce
2025-09-02 16:25:18,248 INFO  [org.apa.kaf.cli.Metadata] (ForkJoinPool.commonPool-worker-1) [Consumer clientId=consumer-Consumer-s5cd66548xd264x4f4dx9d02x43d879e240ce-27, groupId=Consumer-s5cd66548xd264x4f4dx9d02x43d879e240ce] Cluster ID: ZlHnK1_JTee83lbn_tarJg
2025-09-02 16:25:18,249 INFO  [org.apa.kaf.cli.con.int.ConsumerCoordinator] (ForkJoinPool.commonPool-worker-1) [Consumer clientId=consumer-Consumer-s5cd66548xd264x4f4dx9d02x43d879e240ce-27, groupId=Consumer-s5cd66548xd264x4f4dx9d02x43d879e240ce] Discovered group coordinator localhost:32769 (id: 2147483647 rack: null)
2025-09-02 16:25:18,249 INFO  [org.apa.kaf.cli.con.int.ConsumerCoordinator] (ForkJoinPool.commonPool-worker-1) [Consumer clientId=consumer-Consumer-s5cd66548xd264x4f4dx9d02x43d879e240ce-27, groupId=Consumer-s5cd66548xd264x4f4dx9d02x43d879e240ce] (Re-)joining group
2025-09-02 16:25:18,251 INFO  [org.apa.kaf.cli.con.int.ConsumerCoordinator] (ForkJoinPool.commonPool-worker-1) [Consumer clientId=consumer-Consumer-s5cd66548xd264x4f4dx9d02x43d879e240ce-27, groupId=Consumer-s5cd66548xd264x4f4dx9d02x43d879e240ce] Request joining group due to: need to re-join with the given member-id: consumer-Consumer-s5cd66548xd264x4f4dx9d02x43d879e240ce-27-4aa9375f-c6e6-4c61-8e6c-f231421b8733
2025-09-02 16:25:18,251 INFO  [org.apa.kaf.cli.con.int.ConsumerCoordinator] (ForkJoinPool.commonPool-worker-1) [Consumer clientId=consumer-Consumer-s5cd66548xd264x4f4dx9d02x43d879e240ce-27, groupId=Consumer-s5cd66548xd264x4f4dx9d02x43d879e240ce] (Re-)joining group
2025-09-02 16:25:19,246 INFO  [io.api.tes.ser.api.KafkaSerdesTester] (ForkJoinPool.commonPool-worker-1) None found
2025-09-02 16:25:20,246 INFO  [io.api.tes.ser.api.KafkaSerdesTester] (ForkJoinPool.commonPool-worker-1) None found
2025-09-02 16:25:21,246 INFO  [io.api.tes.ser.api.KafkaSerdesTester] (ForkJoinPool.commonPool-worker-1) None found
2025-09-02 16:25:21,252 INFO  [org.apa.kaf.cli.con.int.ConsumerCoordinator] (ForkJoinPool.commonPool-worker-1) [Consumer clientId=consumer-Consumer-s5cd66548xd264x4f4dx9d02x43d879e240ce-27, groupId=Consumer-s5cd66548xd264x4f4dx9d02x43d879e240ce] Successfully joined group with generation Generation{generationId=7, memberId='consumer-Consumer-s5cd66548xd264x4f4dx9d02x43d879e240ce-27-4aa9375f-c6e6-4c61-8e6c-f231421b8733', protocol='range'}
2025-09-02 16:25:21,253 INFO  [org.apa.kaf.cli.con.int.ConsumerCoordinator] (ForkJoinPool.commonPool-worker-1) [Consumer clientId=consumer-Consumer-s5cd66548xd264x4f4dx9d02x43d879e240ce-27, groupId=Consumer-s5cd66548xd264x4f4dx9d02x43d879e240ce] Finished assignment for group at generation 7: {consumer-Consumer-s5cd66548xd264x4f4dx9d02x43d879e240ce-27-4aa9375f-c6e6-4c61-8e6c-f231421b8733=Assignment(partitions=[s5cd66548xd264x4f4dx9d02x43d879e240ce-0])}
2025-09-02 16:25:21,259 INFO  [org.apa.kaf.cli.con.int.ConsumerCoordinator] (ForkJoinPool.commonPool-worker-1) [Consumer clientId=consumer-Consumer-s5cd66548xd264x4f4dx9d02x43d879e240ce-27, groupId=Consumer-s5cd66548xd264x4f4dx9d02x43d879e240ce] Successfully synced group in generation Generation{generationId=7, memberId='consumer-Consumer-s5cd66548xd264x4f4dx9d02x43d879e240ce-27-4aa9375f-c6e6-4c61-8e6c-f231421b8733', protocol='range'}
2025-09-02 16:25:21,259 INFO  [org.apa.kaf.cli.con.int.ConsumerCoordinator] (ForkJoinPool.commonPool-worker-1) [Consumer clientId=consumer-Consumer-s5cd66548xd264x4f4dx9d02x43d879e240ce-27, groupId=Consumer-s5cd66548xd264x4f4dx9d02x43d879e240ce] Notifying assignor about the new Assignment(partitions=[s5cd66548xd264x4f4dx9d02x43d879e240ce-0])
2025-09-02 16:25:21,259 INFO  [org.apa.kaf.cli.con.int.ConsumerRebalanceListenerInvoker] (ForkJoinPool.commonPool-worker-1) [Consumer clientId=consumer-Consumer-s5cd66548xd264x4f4dx9d02x43d879e240ce-27, groupId=Consumer-s5cd66548xd264x4f4dx9d02x43d879e240ce] Adding newly assigned partitions: s5cd66548xd264x4f4dx9d02x43d879e240ce-0
2025-09-02 16:25:21,260 INFO  [org.apa.kaf.cli.con.int.ConsumerUtils] (ForkJoinPool.commonPool-worker-1) Setting offset for partition s5cd66548xd264x4f4dx9d02x43d879e240ce-0 to the committed offset FetchPosition{offset=30, offsetEpoch=Optional[0], currentLeader=LeaderAndEpoch{leader=Optional[localhost:32769 (id: 0 rack: null)], epoch=0}}
2025-09-02 16:25:21,354 INFO  [io.api.tes.ser.api.KafkaSerdesTester] (ForkJoinPool.commonPool-worker-1) s5cd66548xd264x4f4dx9d02x43d879e240ce 0 30 msb: 1756830318124
lsb: 321

2025-09-02 16:25:21,354 INFO  [io.api.tes.ser.api.KafkaSerdesTester] (ForkJoinPool.commonPool-worker-1) s5cd66548xd264x4f4dx9d02x43d879e240ce 0 31 msb: 1756830318230
lsb: 321

2025-09-02 16:25:21,354 INFO  [io.api.tes.ser.api.KafkaSerdesTester] (ForkJoinPool.commonPool-worker-1) s5cd66548xd264x4f4dx9d02x43d879e240ce 0 32 msb: 1756830318231
lsb: 321

2025-09-02 16:25:21,354 INFO  [io.api.tes.ser.api.KafkaSerdesTester] (ForkJoinPool.commonPool-worker-1) s5cd66548xd264x4f4dx9d02x43d879e240ce 0 33 msb: 1756830318232
lsb: 321

2025-09-02 16:25:21,354 INFO  [io.api.tes.ser.api.KafkaSerdesTester] (ForkJoinPool.commonPool-worker-1) s5cd66548xd264x4f4dx9d02x43d879e240ce 0 34 msb: 1756830318233
lsb: 321

2025-09-02 16:25:21,354 INFO  [io.api.tes.ser.api.KafkaSerdesTester] (ForkJoinPool.commonPool-worker-1) s5cd66548xd264x4f4dx9d02x43d879e240ce 0 35 msb: 1756830318234
lsb: 321

2025-09-02 16:25:21,354 INFO  [io.api.tes.ser.api.KafkaSerdesTester] (ForkJoinPool.commonPool-worker-1) s5cd66548xd264x4f4dx9d02x43d879e240ce 0 36 msb: 1756830318235
lsb: 321

2025-09-02 16:25:21,354 INFO  [io.api.tes.ser.api.KafkaSerdesTester] (ForkJoinPool.commonPool-worker-1) s5cd66548xd264x4f4dx9d02x43d879e240ce 0 37 msb: 1756830318236
lsb: 321

2025-09-02 16:25:21,354 INFO  [io.api.tes.ser.api.KafkaSerdesTester] (ForkJoinPool.commonPool-worker-1) s5cd66548xd264x4f4dx9d02x43d879e240ce 0 38 msb: 1756830318237
lsb: 321

2025-09-02 16:25:21,354 INFO  [io.api.tes.ser.api.KafkaSerdesTester] (ForkJoinPool.commonPool-worker-1) s5cd66548xd264x4f4dx9d02x43d879e240ce 0 39 msb: 1756830318238
lsb: 321

2025-09-02 16:25:21,354 INFO  [io.api.tes.ser.api.KafkaSerdesTester] (ForkJoinPool.commonPool-worker-1) Consumed 10 messages
2025-09-02 16:25:21,361 INFO  [org.apa.kaf.cli.con.int.ConsumerRebalanceListenerInvoker] (ForkJoinPool.commonPool-worker-1) [Consumer clientId=consumer-Consumer-s5cd66548xd264x4f4dx9d02x43d879e240ce-27, groupId=Consumer-s5cd66548xd264x4f4dx9d02x43d879e240ce] Revoke previously assigned partitions s5cd66548xd264x4f4dx9d02x43d879e240ce-0
2025-09-02 16:25:21,361 INFO  [org.apa.kaf.cli.con.int.ConsumerCoordinator] (ForkJoinPool.commonPool-worker-1) [Consumer clientId=consumer-Consumer-s5cd66548xd264x4f4dx9d02x43d879e240ce-27, groupId=Consumer-s5cd66548xd264x4f4dx9d02x43d879e240ce] Member consumer-Consumer-s5cd66548xd264x4f4dx9d02x43d879e240ce-27-4aa9375f-c6e6-4c61-8e6c-f231421b8733 sending LeaveGroup request to coordinator localhost:32769 (id: 2147483647 rack: null) due to the consumer is being closed
2025-09-02 16:25:21,361 INFO  [org.apa.kaf.cli.con.int.ConsumerCoordinator] (ForkJoinPool.commonPool-worker-1) [Consumer clientId=consumer-Consumer-s5cd66548xd264x4f4dx9d02x43d879e240ce-27, groupId=Consumer-s5cd66548xd264x4f4dx9d02x43d879e240ce] Resetting generation and member id due to: consumer pro-actively leaving the group
2025-09-02 16:25:21,361 INFO  [org.apa.kaf.cli.con.int.ConsumerCoordinator] (ForkJoinPool.commonPool-worker-1) [Consumer clientId=consumer-Consumer-s5cd66548xd264x4f4dx9d02x43d879e240ce-27, groupId=Consumer-s5cd66548xd264x4f4dx9d02x43d879e240ce] Request joining group due to: consumer pro-actively leaving the group
2025-09-02 16:25:21,856 INFO  [org.apa.kaf.com.met.Metrics] (ForkJoinPool.commonPool-worker-1) Metrics scheduler closed
2025-09-02 16:25:21,856 INFO  [org.apa.kaf.com.met.Metrics] (ForkJoinPool.commonPool-worker-1) Closing reporter org.apache.kafka.common.metrics.JmxReporter
2025-09-02 16:25:21,856 INFO  [org.apa.kaf.com.met.Metrics] (ForkJoinPool.commonPool-worker-1) Closing reporter org.apache.kafka.common.telemetry.internals.ClientTelemetryReporter
2025-09-02 16:25:21,856 INFO  [org.apa.kaf.com.met.Metrics] (ForkJoinPool.commonPool-worker-1) Metrics reporters closed
2025-09-02 16:25:21,858 INFO  [org.apa.kaf.com.uti.AppInfoParser] (ForkJoinPool.commonPool-worker-1) App info kafka.consumer for consumer-Consumer-s5cd66548xd264x4f4dx9d02x43d879e240ce-27 unregistered
**** Registry Base URL: http://registry-app-pg17.apps.ci419.apicurio-testing.org:80
2025-09-02 16:25:21,859 INFO  [org.apa.kaf.cli.pro.ProducerConfig] (main) ProducerConfig values: 
	acks = -1
	auto.include.jmx.reporter = true
	batch.size = 16384
	bootstrap.servers = [PLAINTEXT://localhost:32769]
	buffer.memory = 33554432
	client.dns.lookup = use_all_dns_ips
	client.id = Producer-s5cd66548xd264x4f4dx9d02x43d879e240ce
	compression.gzip.level = -1
	compression.lz4.level = 9
	compression.type = none
	compression.zstd.level = 3
	connections.max.idle.ms = 10000
	delivery.timeout.ms = 120000
	enable.idempotence = true
	enable.metrics.push = true
	interceptor.classes = []
	key.serializer = class org.apache.kafka.common.serialization.StringSerializer
	linger.ms = 0
	max.block.ms = 60000
	max.in.flight.requests.per.connection = 5
	max.request.size = 1048576
	metadata.max.age.ms = 300000
	metadata.max.idle.ms = 300000
	metadata.recovery.strategy = none
	metric.reporters = []
	metrics.num.samples = 2
	metrics.recording.level = INFO
	metrics.sample.window.ms = 30000
	partitioner.adaptive.partitioning.enable = true
	partitioner.availability.timeout.ms = 0
	partitioner.class = null
	partitioner.ignore.keys = false
	receive.buffer.bytes = 32768
	reconnect.backoff.max.ms = 1000
	reconnect.backoff.ms = 50
	request.timeout.ms = 5000
	retries = 2147483647
	retry.backoff.max.ms = 1000
	retry.backoff.ms = 100
	sasl.client.callback.handler.class = null
	sasl.jaas.config = null
	sasl.kerberos.kinit.cmd = /usr/bin/kinit
	sasl.kerberos.min.time.before.relogin = 60000
	sasl.kerberos.service.name = null
	sasl.kerberos.ticket.renew.jitter = 0.05
	sasl.kerberos.ticket.renew.window.factor = 0.8
	sasl.login.callback.handler.class = null
	sasl.login.class = null
	sasl.login.connect.timeout.ms = null
	sasl.login.read.timeout.ms = null
	sasl.login.refresh.buffer.seconds = 300
	sasl.login.refresh.min.period.seconds = 60
	sasl.login.refresh.window.factor = 0.8
	sasl.login.refresh.window.jitter = 0.05
	sasl.login.retry.backoff.max.ms = 10000
	sasl.login.retry.backoff.ms = 100
	sasl.mechanism = GSSAPI
	sasl.oauthbearer.clock.skew.seconds = 30
	sasl.oauthbearer.expected.audience = null
	sasl.oauthbearer.expected.issuer = null
	sasl.oauthbearer.header.urlencode = false
	sasl.oauthbearer.jwks.endpoint.refresh.ms = 3600000
	sasl.oauthbearer.jwks.endpoint.retry.backoff.max.ms = 10000
	sasl.oauthbearer.jwks.endpoint.retry.backoff.ms = 100
	sasl.oauthbearer.jwks.endpoint.url = null
	sasl.oauthbearer.scope.claim.name = scope
	sasl.oauthbearer.sub.claim.name = sub
	sasl.oauthbearer.token.endpoint.url = null
	security.protocol = PLAINTEXT
	security.providers = null
	send.buffer.bytes = 131072
	socket.connection.setup.timeout.max.ms = 30000
	socket.connection.setup.timeout.ms = 10000
	ssl.cipher.suites = null
	ssl.enabled.protocols = [TLSv1.2, TLSv1.3]
	ssl.endpoint.identification.algorithm = https
	ssl.engine.factory.class = null
	ssl.key.password = null
	ssl.keymanager.algorithm = SunX509
	ssl.keystore.certificate.chain = null
	ssl.keystore.key = null
	ssl.keystore.location = null
	ssl.keystore.password = null
	ssl.keystore.type = JKS
	ssl.protocol = TLSv1.3
	ssl.provider = null
	ssl.secure.random.implementation = null
	ssl.trustmanager.algorithm = PKIX
	ssl.truststore.certificates = null
	ssl.truststore.location = null
	ssl.truststore.password = null
	ssl.truststore.type = JKS
	transaction.timeout.ms = 60000
	transactional.id = null
	value.serializer = class io.apicurio.registry.serde.protobuf.ProtobufKafkaSerializer

2025-09-02 16:25:21,859 INFO  [org.apa.kaf.com.tel.int.KafkaMetricsCollector] (main) initializing Kafka metrics collector
2025-09-02 16:25:21,862 INFO  [org.apa.kaf.cli.pro.KafkaProducer] (main) [Producer clientId=Producer-s5cd66548xd264x4f4dx9d02x43d879e240ce] Instantiated an idempotent producer.
2025-09-02 16:25:21,866 INFO  [org.apa.kaf.cli.pro.ProducerConfig] (main) These configurations '[apicurio.registry.url, apicurio.registry.headers.enabled, apicurio.registry.artifact-resolver-strategy, apicurio.registry.artifact.version]' were supplied but are not used yet.
2025-09-02 16:25:21,866 INFO  [org.apa.kaf.com.uti.AppInfoParser] (main) Kafka version: 3.9.1
2025-09-02 16:25:21,866 INFO  [org.apa.kaf.com.uti.AppInfoParser] (main) Kafka commitId: f745dfdcee2b9851
2025-09-02 16:25:21,866 INFO  [org.apa.kaf.com.uti.AppInfoParser] (main) Kafka startTimeMs: 1756830321866
2025-09-02 16:25:21,866 INFO  [io.api.tes.ser.api.SimpleSerdesTesterBuilder$SimpleSerdesTester] (main) Using producer configuration: {apicurio.registry.url=http://registry-app-pg17.apps.ci419.apicurio-testing.org:80/apis/registry/v3, apicurio.registry.headers.enabled=true, apicurio.registry.artifact-resolver-strategy=io.apicurio.registry.serde.strategy.TopicIdStrategy, value.serializer=io.apicurio.registry.serde.protobuf.ProtobufKafkaSerializer, request.timeout.ms=5000, acks=all, bootstrap.servers=PLAINTEXT://localhost:32769, connections.max.idle.ms=10000, apicurio.registry.artifact.version=2, key.serializer=org.apache.kafka.common.serialization.StringSerializer, client.id=Producer-s5cd66548xd264x4f4dx9d02x43d879e240ce}
2025-09-02 16:25:21,866 INFO  [io.api.tes.ser.api.SimpleSerdesTesterBuilder$SimpleSerdesTester] (main) Using consumer configuration: {apicurio.registry.headers.enabled=true}
2025-09-02 16:25:21,866 INFO  [io.api.tes.ser.api.KafkaSerdesTester] (ForkJoinPool.commonPool-worker-1) Sending message msb: 1756830321866
lsb: 321
 to topic s5cd66548xd264x4f4dx9d02x43d879e240ce
2025-09-02 16:25:21,869 INFO  [org.apa.kaf.cli.Metadata] (kafka-producer-network-thread | Producer-s5cd66548xd264x4f4dx9d02x43d879e240ce) [Producer clientId=Producer-s5cd66548xd264x4f4dx9d02x43d879e240ce] Cluster ID: ZlHnK1_JTee83lbn_tarJg
2025-09-02 16:25:21,869 INFO  [org.apa.kaf.cli.pro.int.TransactionManager] (kafka-producer-network-thread | Producer-s5cd66548xd264x4f4dx9d02x43d879e240ce) [Producer clientId=Producer-s5cd66548xd264x4f4dx9d02x43d879e240ce] ProducerId set to 39 with epoch 0
2025-09-02 16:25:21,988 INFO  [io.api.tes.ser.api.KafkaSerdesTester] (ForkJoinPool.commonPool-worker-1) Sending message msb: 1756830321988
lsb: 321
 to topic s5cd66548xd264x4f4dx9d02x43d879e240ce
2025-09-02 16:25:21,989 INFO  [io.api.tes.ser.api.KafkaSerdesTester] (ForkJoinPool.commonPool-worker-1) Sending message msb: 1756830321989
lsb: 321
 to topic s5cd66548xd264x4f4dx9d02x43d879e240ce
2025-09-02 16:25:21,990 INFO  [io.api.tes.ser.api.KafkaSerdesTester] (ForkJoinPool.commonPool-worker-1) Sending message msb: 1756830321990
lsb: 321
 to topic s5cd66548xd264x4f4dx9d02x43d879e240ce
2025-09-02 16:25:21,991 INFO  [io.api.tes.ser.api.KafkaSerdesTester] (ForkJoinPool.commonPool-worker-1) Sending message msb: 1756830321991
lsb: 321
 to topic s5cd66548xd264x4f4dx9d02x43d879e240ce
2025-09-02 16:25:21,992 INFO  [io.api.tes.ser.api.KafkaSerdesTester] (ForkJoinPool.commonPool-worker-1) Sending message msb: 1756830321992
lsb: 321
 to topic s5cd66548xd264x4f4dx9d02x43d879e240ce
2025-09-02 16:25:21,993 INFO  [io.api.tes.ser.api.KafkaSerdesTester] (ForkJoinPool.commonPool-worker-1) Sending message msb: 1756830321993
lsb: 321
 to topic s5cd66548xd264x4f4dx9d02x43d879e240ce
2025-09-02 16:25:21,995 INFO  [io.api.tes.ser.api.KafkaSerdesTester] (ForkJoinPool.commonPool-worker-1) Sending message msb: 1756830321994
lsb: 321
 to topic s5cd66548xd264x4f4dx9d02x43d879e240ce
2025-09-02 16:25:21,996 INFO  [io.api.tes.ser.api.KafkaSerdesTester] (ForkJoinPool.commonPool-worker-1) Sending message msb: 1756830321996
lsb: 321
 to topic s5cd66548xd264x4f4dx9d02x43d879e240ce
2025-09-02 16:25:21,997 INFO  [io.api.tes.ser.api.KafkaSerdesTester] (ForkJoinPool.commonPool-worker-1) Sending message msb: 1756830321997
lsb: 321
 to topic s5cd66548xd264x4f4dx9d02x43d879e240ce
2025-09-02 16:25:21,998 INFO  [io.api.tes.ser.api.KafkaSerdesTester] (ForkJoinPool.commonPool-worker-1) Produced 10 messages
2025-09-02 16:25:21,998 INFO  [org.apa.kaf.cli.pro.KafkaProducer] (ForkJoinPool.commonPool-worker-1) [Producer clientId=Producer-s5cd66548xd264x4f4dx9d02x43d879e240ce] Closing the Kafka producer with timeoutMillis = 9223372036854775807 ms.
2025-09-02 16:25:21,999 INFO  [org.apa.kaf.com.met.Metrics] (ForkJoinPool.commonPool-worker-1) Metrics scheduler closed
2025-09-02 16:25:21,999 INFO  [org.apa.kaf.com.met.Metrics] (ForkJoinPool.commonPool-worker-1) Closing reporter org.apache.kafka.common.metrics.JmxReporter
2025-09-02 16:25:21,999 INFO  [org.apa.kaf.com.met.Metrics] (ForkJoinPool.commonPool-worker-1) Closing reporter org.apache.kafka.common.telemetry.internals.ClientTelemetryReporter
2025-09-02 16:25:21,999 INFO  [org.apa.kaf.com.met.Metrics] (ForkJoinPool.commonPool-worker-1) Metrics reporters closed
2025-09-02 16:25:21,999 INFO  [org.apa.kaf.com.uti.AppInfoParser] (ForkJoinPool.commonPool-worker-1) App info kafka.producer for Producer-s5cd66548xd264x4f4dx9d02x43d879e240ce unregistered
**** Registry Base URL: http://registry-app-pg17.apps.ci419.apicurio-testing.org:80
2025-09-02 16:25:22,000 INFO  [org.apa.kaf.cli.con.ConsumerConfig] (main) ConsumerConfig values: 
	allow.auto.create.topics = true
	auto.commit.interval.ms = 500
	auto.include.jmx.reporter = true
	auto.offset.reset = earliest
	bootstrap.servers = [PLAINTEXT://localhost:32769]
	check.crcs = true
	client.dns.lookup = use_all_dns_ips
	client.id = consumer-Consumer-s5cd66548xd264x4f4dx9d02x43d879e240ce-28
	client.rack = 
	connections.max.idle.ms = 10000
	default.api.timeout.ms = 60000
	enable.auto.commit = true
	enable.metrics.push = true
	exclude.internal.topics = true
	fetch.max.bytes = 52428800
	fetch.max.wait.ms = 500
	fetch.min.bytes = 1
	group.id = Consumer-s5cd66548xd264x4f4dx9d02x43d879e240ce
	group.instance.id = null
	group.protocol = classic
	group.remote.assignor = null
	heartbeat.interval.ms = 3000
	interceptor.classes = []
	internal.leave.group.on.close = true
	internal.throw.on.fetch.stable.offset.unsupported = false
	isolation.level = read_uncommitted
	key.deserializer = class org.apache.kafka.common.serialization.StringDeserializer
	max.partition.fetch.bytes = 1048576
	max.poll.interval.ms = 300000
	max.poll.records = 500
	metadata.max.age.ms = 300000
	metadata.recovery.strategy = none
	metric.reporters = []
	metrics.num.samples = 2
	metrics.recording.level = INFO
	metrics.sample.window.ms = 30000
	partition.assignment.strategy = [class org.apache.kafka.clients.consumer.RangeAssignor, class org.apache.kafka.clients.consumer.CooperativeStickyAssignor]
	receive.buffer.bytes = 65536
	reconnect.backoff.max.ms = 1000
	reconnect.backoff.ms = 50
	request.timeout.ms = 5000
	retry.backoff.max.ms = 1000
	retry.backoff.ms = 100
	sasl.client.callback.handler.class = null
	sasl.jaas.config = null
	sasl.kerberos.kinit.cmd = /usr/bin/kinit
	sasl.kerberos.min.time.before.relogin = 60000
	sasl.kerberos.service.name = null
	sasl.kerberos.ticket.renew.jitter = 0.05
	sasl.kerberos.ticket.renew.window.factor = 0.8
	sasl.login.callback.handler.class = null
	sasl.login.class = null
	sasl.login.connect.timeout.ms = null
	sasl.login.read.timeout.ms = null
	sasl.login.refresh.buffer.seconds = 300
	sasl.login.refresh.min.period.seconds = 60
	sasl.login.refresh.window.factor = 0.8
	sasl.login.refresh.window.jitter = 0.05
	sasl.login.retry.backoff.max.ms = 10000
	sasl.login.retry.backoff.ms = 100
	sasl.mechanism = GSSAPI
	sasl.oauthbearer.clock.skew.seconds = 30
	sasl.oauthbearer.expected.audience = null
	sasl.oauthbearer.expected.issuer = null
	sasl.oauthbearer.header.urlencode = false
	sasl.oauthbearer.jwks.endpoint.refresh.ms = 3600000
	sasl.oauthbearer.jwks.endpoint.retry.backoff.max.ms = 10000
	sasl.oauthbearer.jwks.endpoint.retry.backoff.ms = 100
	sasl.oauthbearer.jwks.endpoint.url = null
	sasl.oauthbearer.scope.claim.name = scope
	sasl.oauthbearer.sub.claim.name = sub
	sasl.oauthbearer.token.endpoint.url = null
	security.protocol = PLAINTEXT
	security.providers = null
	send.buffer.bytes = 131072
	session.timeout.ms = 45000
	socket.connection.setup.timeout.max.ms = 30000
	socket.connection.setup.timeout.ms = 10000
	ssl.cipher.suites = null
	ssl.enabled.protocols = [TLSv1.2, TLSv1.3]
	ssl.endpoint.identification.algorithm = https
	ssl.engine.factory.class = null
	ssl.key.password = null
	ssl.keymanager.algorithm = SunX509
	ssl.keystore.certificate.chain = null
	ssl.keystore.key = null
	ssl.keystore.location = null
	ssl.keystore.password = null
	ssl.keystore.type = JKS
	ssl.protocol = TLSv1.3
	ssl.provider = null
	ssl.secure.random.implementation = null
	ssl.trustmanager.algorithm = PKIX
	ssl.truststore.certificates = null
	ssl.truststore.location = null
	ssl.truststore.password = null
	ssl.truststore.type = JKS
	value.deserializer = class io.apicurio.registry.serde.protobuf.ProtobufKafkaDeserializer

2025-09-02 16:25:22,000 INFO  [org.apa.kaf.com.tel.int.KafkaMetricsCollector] (main) initializing Kafka metrics collector
2025-09-02 16:25:22,004 INFO  [org.apa.kaf.cli.con.ConsumerConfig] (main) These configurations '[apicurio.registry.url, apicurio.registry.headers.enabled]' were supplied but are not used yet.
2025-09-02 16:25:22,004 INFO  [org.apa.kaf.com.uti.AppInfoParser] (main) Kafka version: 3.9.1
2025-09-02 16:25:22,004 INFO  [org.apa.kaf.com.uti.AppInfoParser] (main) Kafka commitId: f745dfdcee2b9851
2025-09-02 16:25:22,004 INFO  [org.apa.kaf.com.uti.AppInfoParser] (main) Kafka startTimeMs: 1756830322004
2025-09-02 16:25:22,004 INFO  [org.apa.kaf.cli.con.int.ClassicKafkaConsumer] (ForkJoinPool.commonPool-worker-1) [Consumer clientId=consumer-Consumer-s5cd66548xd264x4f4dx9d02x43d879e240ce-28, groupId=Consumer-s5cd66548xd264x4f4dx9d02x43d879e240ce] Subscribed to topic(s): s5cd66548xd264x4f4dx9d02x43d879e240ce
2025-09-02 16:25:22,006 INFO  [org.apa.kaf.cli.Metadata] (ForkJoinPool.commonPool-worker-1) [Consumer clientId=consumer-Consumer-s5cd66548xd264x4f4dx9d02x43d879e240ce-28, groupId=Consumer-s5cd66548xd264x4f4dx9d02x43d879e240ce] Cluster ID: ZlHnK1_JTee83lbn_tarJg
2025-09-02 16:25:22,007 INFO  [org.apa.kaf.cli.con.int.ConsumerCoordinator] (ForkJoinPool.commonPool-worker-1) [Consumer clientId=consumer-Consumer-s5cd66548xd264x4f4dx9d02x43d879e240ce-28, groupId=Consumer-s5cd66548xd264x4f4dx9d02x43d879e240ce] Discovered group coordinator localhost:32769 (id: 2147483647 rack: null)
2025-09-02 16:25:22,007 INFO  [org.apa.kaf.cli.con.int.ConsumerCoordinator] (ForkJoinPool.commonPool-worker-1) [Consumer clientId=consumer-Consumer-s5cd66548xd264x4f4dx9d02x43d879e240ce-28, groupId=Consumer-s5cd66548xd264x4f4dx9d02x43d879e240ce] (Re-)joining group
2025-09-02 16:25:22,008 INFO  [org.apa.kaf.cli.con.int.ConsumerCoordinator] (ForkJoinPool.commonPool-worker-1) [Consumer clientId=consumer-Consumer-s5cd66548xd264x4f4dx9d02x43d879e240ce-28, groupId=Consumer-s5cd66548xd264x4f4dx9d02x43d879e240ce] Request joining group due to: need to re-join with the given member-id: consumer-Consumer-s5cd66548xd264x4f4dx9d02x43d879e240ce-28-cdeaccb2-e238-4901-95e3-b278b3c87cbf
2025-09-02 16:25:22,008 INFO  [org.apa.kaf.cli.con.int.ConsumerCoordinator] (ForkJoinPool.commonPool-worker-1) [Consumer clientId=consumer-Consumer-s5cd66548xd264x4f4dx9d02x43d879e240ce-28, groupId=Consumer-s5cd66548xd264x4f4dx9d02x43d879e240ce] (Re-)joining group
2025-09-02 16:25:23,004 INFO  [io.api.tes.ser.api.KafkaSerdesTester] (ForkJoinPool.commonPool-worker-1) None found
2025-09-02 16:25:24,005 INFO  [io.api.tes.ser.api.KafkaSerdesTester] (ForkJoinPool.commonPool-worker-1) None found
2025-09-02 16:25:25,005 INFO  [io.api.tes.ser.api.KafkaSerdesTester] (ForkJoinPool.commonPool-worker-1) None found
2025-09-02 16:25:25,009 INFO  [org.apa.kaf.cli.con.int.ConsumerCoordinator] (ForkJoinPool.commonPool-worker-1) [Consumer clientId=consumer-Consumer-s5cd66548xd264x4f4dx9d02x43d879e240ce-28, groupId=Consumer-s5cd66548xd264x4f4dx9d02x43d879e240ce] Successfully joined group with generation Generation{generationId=9, memberId='consumer-Consumer-s5cd66548xd264x4f4dx9d02x43d879e240ce-28-cdeaccb2-e238-4901-95e3-b278b3c87cbf', protocol='range'}
2025-09-02 16:25:25,009 INFO  [org.apa.kaf.cli.con.int.ConsumerCoordinator] (ForkJoinPool.commonPool-worker-1) [Consumer clientId=consumer-Consumer-s5cd66548xd264x4f4dx9d02x43d879e240ce-28, groupId=Consumer-s5cd66548xd264x4f4dx9d02x43d879e240ce] Finished assignment for group at generation 9: {consumer-Consumer-s5cd66548xd264x4f4dx9d02x43d879e240ce-28-cdeaccb2-e238-4901-95e3-b278b3c87cbf=Assignment(partitions=[s5cd66548xd264x4f4dx9d02x43d879e240ce-0])}
2025-09-02 16:25:25,015 INFO  [org.apa.kaf.cli.con.int.ConsumerCoordinator] (ForkJoinPool.commonPool-worker-1) [Consumer clientId=consumer-Consumer-s5cd66548xd264x4f4dx9d02x43d879e240ce-28, groupId=Consumer-s5cd66548xd264x4f4dx9d02x43d879e240ce] Successfully synced group in generation Generation{generationId=9, memberId='consumer-Consumer-s5cd66548xd264x4f4dx9d02x43d879e240ce-28-cdeaccb2-e238-4901-95e3-b278b3c87cbf', protocol='range'}
2025-09-02 16:25:25,016 INFO  [org.apa.kaf.cli.con.int.ConsumerCoordinator] (ForkJoinPool.commonPool-worker-1) [Consumer clientId=consumer-Consumer-s5cd66548xd264x4f4dx9d02x43d879e240ce-28, groupId=Consumer-s5cd66548xd264x4f4dx9d02x43d879e240ce] Notifying assignor about the new Assignment(partitions=[s5cd66548xd264x4f4dx9d02x43d879e240ce-0])
2025-09-02 16:25:25,016 INFO  [org.apa.kaf.cli.con.int.ConsumerRebalanceListenerInvoker] (ForkJoinPool.commonPool-worker-1) [Consumer clientId=consumer-Consumer-s5cd66548xd264x4f4dx9d02x43d879e240ce-28, groupId=Consumer-s5cd66548xd264x4f4dx9d02x43d879e240ce] Adding newly assigned partitions: s5cd66548xd264x4f4dx9d02x43d879e240ce-0
2025-09-02 16:25:25,016 INFO  [org.apa.kaf.cli.con.int.ConsumerUtils] (ForkJoinPool.commonPool-worker-1) Setting offset for partition s5cd66548xd264x4f4dx9d02x43d879e240ce-0 to the committed offset FetchPosition{offset=40, offsetEpoch=Optional[0], currentLeader=LeaderAndEpoch{leader=Optional[localhost:32769 (id: 0 rack: null)], epoch=0}}
2025-09-02 16:25:25,115 INFO  [io.api.tes.ser.api.KafkaSerdesTester] (ForkJoinPool.commonPool-worker-1) s5cd66548xd264x4f4dx9d02x43d879e240ce 0 40 msb: 1756830321866
lsb: 321

2025-09-02 16:25:25,115 INFO  [io.api.tes.ser.api.KafkaSerdesTester] (ForkJoinPool.commonPool-worker-1) s5cd66548xd264x4f4dx9d02x43d879e240ce 0 41 msb: 1756830321988
lsb: 321

2025-09-02 16:25:25,115 INFO  [io.api.tes.ser.api.KafkaSerdesTester] (ForkJoinPool.commonPool-worker-1) s5cd66548xd264x4f4dx9d02x43d879e240ce 0 42 msb: 1756830321989
lsb: 321

2025-09-02 16:25:25,115 INFO  [io.api.tes.ser.api.KafkaSerdesTester] (ForkJoinPool.commonPool-worker-1) s5cd66548xd264x4f4dx9d02x43d879e240ce 0 43 msb: 1756830321990
lsb: 321

2025-09-02 16:25:25,115 INFO  [io.api.tes.ser.api.KafkaSerdesTester] (ForkJoinPool.commonPool-worker-1) s5cd66548xd264x4f4dx9d02x43d879e240ce 0 44 msb: 1756830321991
lsb: 321

2025-09-02 16:25:25,115 INFO  [io.api.tes.ser.api.KafkaSerdesTester] (ForkJoinPool.commonPool-worker-1) s5cd66548xd264x4f4dx9d02x43d879e240ce 0 45 msb: 1756830321992
lsb: 321

2025-09-02 16:25:25,115 INFO  [io.api.tes.ser.api.KafkaSerdesTester] (ForkJoinPool.commonPool-worker-1) s5cd66548xd264x4f4dx9d02x43d879e240ce 0 46 msb: 1756830321993
lsb: 321

2025-09-02 16:25:25,115 INFO  [io.api.tes.ser.api.KafkaSerdesTester] (ForkJoinPool.commonPool-worker-1) s5cd66548xd264x4f4dx9d02x43d879e240ce 0 47 msb: 1756830321994
lsb: 321

2025-09-02 16:25:25,115 INFO  [io.api.tes.ser.api.KafkaSerdesTester] (ForkJoinPool.commonPool-worker-1) s5cd66548xd264x4f4dx9d02x43d879e240ce 0 48 msb: 1756830321996
lsb: 321

2025-09-02 16:25:25,115 INFO  [io.api.tes.ser.api.KafkaSerdesTester] (ForkJoinPool.commonPool-worker-1) s5cd66548xd264x4f4dx9d02x43d879e240ce 0 49 msb: 1756830321997
lsb: 321

2025-09-02 16:25:25,115 INFO  [io.api.tes.ser.api.KafkaSerdesTester] (ForkJoinPool.commonPool-worker-1) Consumed 10 messages
2025-09-02 16:25:25,122 INFO  [org.apa.kaf.cli.con.int.ConsumerRebalanceListenerInvoker] (ForkJoinPool.commonPool-worker-1) [Consumer clientId=consumer-Consumer-s5cd66548xd264x4f4dx9d02x43d879e240ce-28, groupId=Consumer-s5cd66548xd264x4f4dx9d02x43d879e240ce] Revoke previously assigned partitions s5cd66548xd264x4f4dx9d02x43d879e240ce-0
2025-09-02 16:25:25,123 INFO  [org.apa.kaf.cli.con.int.ConsumerCoordinator] (ForkJoinPool.commonPool-worker-1) [Consumer clientId=consumer-Consumer-s5cd66548xd264x4f4dx9d02x43d879e240ce-28, groupId=Consumer-s5cd66548xd264x4f4dx9d02x43d879e240ce] Member consumer-Consumer-s5cd66548xd264x4f4dx9d02x43d879e240ce-28-cdeaccb2-e238-4901-95e3-b278b3c87cbf sending LeaveGroup request to coordinator localhost:32769 (id: 2147483647 rack: null) due to the consumer is being closed
2025-09-02 16:25:25,123 INFO  [org.apa.kaf.cli.con.int.ConsumerCoordinator] (ForkJoinPool.commonPool-worker-1) [Consumer clientId=consumer-Consumer-s5cd66548xd264x4f4dx9d02x43d879e240ce-28, groupId=Consumer-s5cd66548xd264x4f4dx9d02x43d879e240ce] Resetting generation and member id due to: consumer pro-actively leaving the group
2025-09-02 16:25:25,123 INFO  [org.apa.kaf.cli.con.int.ConsumerCoordinator] (ForkJoinPool.commonPool-worker-1) [Consumer clientId=consumer-Consumer-s5cd66548xd264x4f4dx9d02x43d879e240ce-28, groupId=Consumer-s5cd66548xd264x4f4dx9d02x43d879e240ce] Request joining group due to: consumer pro-actively leaving the group
2025-09-02 16:25:25,617 INFO  [org.apa.kaf.com.met.Metrics] (ForkJoinPool.commonPool-worker-1) Metrics scheduler closed
2025-09-02 16:25:25,617 INFO  [org.apa.kaf.com.met.Metrics] (ForkJoinPool.commonPool-worker-1) Closing reporter org.apache.kafka.common.metrics.JmxReporter
2025-09-02 16:25:25,617 INFO  [org.apa.kaf.com.met.Metrics] (ForkJoinPool.commonPool-worker-1) Closing reporter org.apache.kafka.common.telemetry.internals.ClientTelemetryReporter
2025-09-02 16:25:25,617 INFO  [org.apa.kaf.com.met.Metrics] (ForkJoinPool.commonPool-worker-1) Metrics reporters closed
2025-09-02 16:25:25,619 INFO  [org.apa.kaf.com.uti.AppInfoParser] (ForkJoinPool.commonPool-worker-1) App info kafka.consumer for consumer-Consumer-s5cd66548xd264x4f4dx9d02x43d879e240ce-28 unregistered
2025-09-02 16:25:25,619 INFO  [io.api.tes.uti.TestSeparator] (main) io.apicurio.tests.serdes.apicurio.ProtobufSerdeIT.testValidation-FINISHED
2025-09-02 16:25:25,619 INFO  [io.api.tes.uti.TestSeparator] (main) ############################################################################
Test passed: testValidation
]]></system-out>
  </testcase>
  <testcase name="testArtifactNotFound" classname="io.apicurio.tests.serdes.apicurio.ProtobufSerdeIT" time="0.001">
    <system-out><![CDATA[2025-09-02 16:25:25,621 INFO  [io.api.tes.uti.TestSeparator] (main) ############################################################################
2025-09-02 16:25:25,621 INFO  [io.api.tes.uti.TestSeparator] (main) io.apicurio.tests.serdes.apicurio.ProtobufSerdeIT.testArtifactNotFound-STARTED
2025-09-02 16:25:25,621 INFO  [io.api.tes.uti.TestSeparator] (main) io.apicurio.tests.serdes.apicurio.ProtobufSerdeIT.testArtifactNotFound-FINISHED
2025-09-02 16:25:25,621 INFO  [io.api.tes.uti.TestSeparator] (main) ############################################################################
Test passed: testArtifactNotFound
]]></system-out>
  </testcase>
  <testcase name="testTopicIdStrategyFindLatest" classname="io.apicurio.tests.serdes.apicurio.ProtobufSerdeIT" time="1.069">
    <system-out><![CDATA[2025-09-02 16:25:25,622 INFO  [io.api.tes.uti.TestSeparator] (main) ############################################################################
2025-09-02 16:25:25,622 INFO  [io.api.tes.uti.TestSeparator] (main) io.apicurio.tests.serdes.apicurio.ProtobufSerdeIT.testTopicIdStrategyFindLatest-STARTED
2025-09-02 16:25:26,690 INFO  [io.api.tes.uti.TestSeparator] (main) io.apicurio.tests.serdes.apicurio.ProtobufSerdeIT.testTopicIdStrategyFindLatest-FINISHED
2025-09-02 16:25:26,690 INFO  [io.api.tes.uti.TestSeparator] (main) ############################################################################
Test passed: testTopicIdStrategyFindLatest
]]></system-out>
  </testcase>
  <testcase name="testWrongSchemaFindLatest" classname="io.apicurio.tests.serdes.apicurio.ProtobufSerdeIT" time="1.068">
    <system-out><![CDATA[2025-09-02 16:25:26,691 INFO  [io.api.tes.uti.TestSeparator] (main) ############################################################################
2025-09-02 16:25:26,691 INFO  [io.api.tes.uti.TestSeparator] (main) io.apicurio.tests.serdes.apicurio.ProtobufSerdeIT.testWrongSchemaFindLatest-STARTED
2025-09-02 16:25:27,759 INFO  [io.api.tes.uti.TestSeparator] (main) io.apicurio.tests.serdes.apicurio.ProtobufSerdeIT.testWrongSchemaFindLatest-FINISHED
2025-09-02 16:25:27,759 INFO  [io.api.tes.uti.TestSeparator] (main) ############################################################################
Test passed: testWrongSchemaFindLatest
]]></system-out>
  </testcase>
  <testcase name="testAutoRegisterDeriveClassProtobufType" classname="io.apicurio.tests.serdes.apicurio.ProtobufSerdeIT" time="4.346">
    <system-out><![CDATA[2025-09-02 16:25:27,760 INFO  [io.api.tes.uti.TestSeparator] (main) ############################################################################
2025-09-02 16:25:27,760 INFO  [io.api.tes.uti.TestSeparator] (main) io.apicurio.tests.serdes.apicurio.ProtobufSerdeIT.testAutoRegisterDeriveClassProtobufType-STARTED
**** Registry Base URL: http://registry-app-pg17.apps.ci419.apicurio-testing.org:80
2025-09-02 16:25:27,761 INFO  [org.apa.kaf.cli.pro.ProducerConfig] (main) ProducerConfig values: 
	acks = -1
	auto.include.jmx.reporter = true
	batch.size = 16384
	bootstrap.servers = [PLAINTEXT://localhost:32769]
	buffer.memory = 33554432
	client.dns.lookup = use_all_dns_ips
	client.id = Producer-topic-384ff418_db95_47bf_87cc_cfc44d49d3d2
	compression.gzip.level = -1
	compression.lz4.level = 9
	compression.type = none
	compression.zstd.level = 3
	connections.max.idle.ms = 10000
	delivery.timeout.ms = 120000
	enable.idempotence = true
	enable.metrics.push = true
	interceptor.classes = []
	key.serializer = class org.apache.kafka.common.serialization.StringSerializer
	linger.ms = 0
	max.block.ms = 60000
	max.in.flight.requests.per.connection = 5
	max.request.size = 1048576
	metadata.max.age.ms = 300000
	metadata.max.idle.ms = 300000
	metadata.recovery.strategy = none
	metric.reporters = []
	metrics.num.samples = 2
	metrics.recording.level = INFO
	metrics.sample.window.ms = 30000
	partitioner.adaptive.partitioning.enable = true
	partitioner.availability.timeout.ms = 0
	partitioner.class = null
	partitioner.ignore.keys = false
	receive.buffer.bytes = 32768
	reconnect.backoff.max.ms = 1000
	reconnect.backoff.ms = 50
	request.timeout.ms = 5000
	retries = 2147483647
	retry.backoff.max.ms = 1000
	retry.backoff.ms = 100
	sasl.client.callback.handler.class = null
	sasl.jaas.config = null
	sasl.kerberos.kinit.cmd = /usr/bin/kinit
	sasl.kerberos.min.time.before.relogin = 60000
	sasl.kerberos.service.name = null
	sasl.kerberos.ticket.renew.jitter = 0.05
	sasl.kerberos.ticket.renew.window.factor = 0.8
	sasl.login.callback.handler.class = null
	sasl.login.class = null
	sasl.login.connect.timeout.ms = null
	sasl.login.read.timeout.ms = null
	sasl.login.refresh.buffer.seconds = 300
	sasl.login.refresh.min.period.seconds = 60
	sasl.login.refresh.window.factor = 0.8
	sasl.login.refresh.window.jitter = 0.05
	sasl.login.retry.backoff.max.ms = 10000
	sasl.login.retry.backoff.ms = 100
	sasl.mechanism = GSSAPI
	sasl.oauthbearer.clock.skew.seconds = 30
	sasl.oauthbearer.expected.audience = null
	sasl.oauthbearer.expected.issuer = null
	sasl.oauthbearer.header.urlencode = false
	sasl.oauthbearer.jwks.endpoint.refresh.ms = 3600000
	sasl.oauthbearer.jwks.endpoint.retry.backoff.max.ms = 10000
	sasl.oauthbearer.jwks.endpoint.retry.backoff.ms = 100
	sasl.oauthbearer.jwks.endpoint.url = null
	sasl.oauthbearer.scope.claim.name = scope
	sasl.oauthbearer.sub.claim.name = sub
	sasl.oauthbearer.token.endpoint.url = null
	security.protocol = PLAINTEXT
	security.providers = null
	send.buffer.bytes = 131072
	socket.connection.setup.timeout.max.ms = 30000
	socket.connection.setup.timeout.ms = 10000
	ssl.cipher.suites = null
	ssl.enabled.protocols = [TLSv1.2, TLSv1.3]
	ssl.endpoint.identification.algorithm = https
	ssl.engine.factory.class = null
	ssl.key.password = null
	ssl.keymanager.algorithm = SunX509
	ssl.keystore.certificate.chain = null
	ssl.keystore.key = null
	ssl.keystore.location = null
	ssl.keystore.password = null
	ssl.keystore.type = JKS
	ssl.protocol = TLSv1.3
	ssl.provider = null
	ssl.secure.random.implementation = null
	ssl.trustmanager.algorithm = PKIX
	ssl.truststore.certificates = null
	ssl.truststore.location = null
	ssl.truststore.password = null
	ssl.truststore.type = JKS
	transaction.timeout.ms = 60000
	transactional.id = null
	value.serializer = class io.apicurio.registry.serde.protobuf.ProtobufKafkaSerializer

2025-09-02 16:25:27,761 INFO  [org.apa.kaf.com.tel.int.KafkaMetricsCollector] (main) initializing Kafka metrics collector
2025-09-02 16:25:27,764 INFO  [org.apa.kaf.cli.pro.KafkaProducer] (main) [Producer clientId=Producer-topic-384ff418_db95_47bf_87cc_cfc44d49d3d2] Instantiated an idempotent producer.
2025-09-02 16:25:27,765 INFO  [org.apa.kaf.cli.pro.ProducerConfig] (main) These configurations '[apicurio.registry.url, apicurio.registry.auto-register, apicurio.registry.artifact-resolver-strategy]' were supplied but are not used yet.
2025-09-02 16:25:27,765 INFO  [org.apa.kaf.com.uti.AppInfoParser] (main) Kafka version: 3.9.1
2025-09-02 16:25:27,765 INFO  [org.apa.kaf.com.uti.AppInfoParser] (main) Kafka commitId: f745dfdcee2b9851
2025-09-02 16:25:27,765 INFO  [org.apa.kaf.com.uti.AppInfoParser] (main) Kafka startTimeMs: 1756830327765
2025-09-02 16:25:27,765 INFO  [io.api.tes.ser.api.SimpleSerdesTesterBuilder$SimpleSerdesTester] (main) Using producer configuration: {apicurio.registry.url=http://registry-app-pg17.apps.ci419.apicurio-testing.org:80/apis/registry/v3, apicurio.registry.auto-register=true, apicurio.registry.artifact-resolver-strategy=io.apicurio.registry.serde.strategy.TopicIdStrategy, value.serializer=io.apicurio.registry.serde.protobuf.ProtobufKafkaSerializer, request.timeout.ms=5000, acks=all, bootstrap.servers=PLAINTEXT://localhost:32769, connections.max.idle.ms=10000, key.serializer=org.apache.kafka.common.serialization.StringSerializer, client.id=Producer-topic-384ff418_db95_47bf_87cc_cfc44d49d3d2}
2025-09-02 16:25:27,765 INFO  [io.api.tes.ser.api.SimpleSerdesTesterBuilder$SimpleSerdesTester] (main) Using consumer configuration: {apicurio.protobuf.derive.class=true}
2025-09-02 16:25:27,766 INFO  [io.api.tes.ser.api.KafkaSerdesTester] (ForkJoinPool.commonPool-worker-1) Sending message header {
  time {
  }
}
d1: 1.756830327765E12
s1: "a"
i1: 123
bi1: 1
point {
  longitude: 22.0
  latitude: 22.0
  altitude: 1.0
}
 to topic topic-384ff418_db95_47bf_87cc_cfc44d49d3d2
2025-09-02 16:25:27,767 WARN  [org.apa.kaf.cli.NetworkClient] (kafka-producer-network-thread | Producer-topic-384ff418_db95_47bf_87cc_cfc44d49d3d2) [Producer clientId=Producer-topic-384ff418_db95_47bf_87cc_cfc44d49d3d2] The metadata response from the cluster reported a recoverable issue with correlation id 1 : {topic-384ff418_db95_47bf_87cc_cfc44d49d3d2=UNKNOWN_TOPIC_OR_PARTITION}
2025-09-02 16:25:27,768 INFO  [org.apa.kaf.cli.Metadata] (kafka-producer-network-thread | Producer-topic-384ff418_db95_47bf_87cc_cfc44d49d3d2) [Producer clientId=Producer-topic-384ff418_db95_47bf_87cc_cfc44d49d3d2] Cluster ID: ZlHnK1_JTee83lbn_tarJg
2025-09-02 16:25:27,768 INFO  [org.apa.kaf.cli.pro.int.TransactionManager] (kafka-producer-network-thread | Producer-topic-384ff418_db95_47bf_87cc_cfc44d49d3d2) [Producer clientId=Producer-topic-384ff418_db95_47bf_87cc_cfc44d49d3d2] ProducerId set to 40 with epoch 0
2025-09-02 16:25:27,983 INFO  [io.api.tes.ser.api.KafkaSerdesTester] (ForkJoinPool.commonPool-worker-1) Sending message header {
  time {
  }
}
d1: 1.756830327983E12
s1: "a"
i1: 123
bi1: 1
point {
  longitude: 22.0
  latitude: 22.0
  altitude: 1.0
}
 to topic topic-384ff418_db95_47bf_87cc_cfc44d49d3d2
2025-09-02 16:25:28,029 INFO  [io.api.tes.ser.api.KafkaSerdesTester] (ForkJoinPool.commonPool-worker-1) Sending message header {
  time {
  }
}
d1: 1.756830328028E12
s1: "a"
i1: 123
bi1: 1
point {
  longitude: 22.0
  latitude: 22.0
  altitude: 1.0
}
 to topic topic-384ff418_db95_47bf_87cc_cfc44d49d3d2
2025-09-02 16:25:28,070 INFO  [io.api.tes.ser.api.KafkaSerdesTester] (ForkJoinPool.commonPool-worker-1) Sending message header {
  time {
  }
}
d1: 1.75683032807E12
s1: "a"
i1: 123
bi1: 1
point {
  longitude: 22.0
  latitude: 22.0
  altitude: 1.0
}
 to topic topic-384ff418_db95_47bf_87cc_cfc44d49d3d2
2025-09-02 16:25:28,112 INFO  [io.api.tes.ser.api.KafkaSerdesTester] (ForkJoinPool.commonPool-worker-1) Sending message header {
  time {
  }
}
d1: 1.756830328112E12
s1: "a"
i1: 123
bi1: 1
point {
  longitude: 22.0
  latitude: 22.0
  altitude: 1.0
}
 to topic topic-384ff418_db95_47bf_87cc_cfc44d49d3d2
2025-09-02 16:25:28,154 INFO  [io.api.tes.ser.api.KafkaSerdesTester] (ForkJoinPool.commonPool-worker-1) Sending message header {
  time {
  }
}
d1: 1.756830328153E12
s1: "a"
i1: 123
bi1: 1
point {
  longitude: 22.0
  latitude: 22.0
  altitude: 1.0
}
 to topic topic-384ff418_db95_47bf_87cc_cfc44d49d3d2
2025-09-02 16:25:28,192 INFO  [io.api.tes.ser.api.KafkaSerdesTester] (ForkJoinPool.commonPool-worker-1) Sending message header {
  time {
  }
}
d1: 1.756830328192E12
s1: "a"
i1: 123
bi1: 1
point {
  longitude: 22.0
  latitude: 22.0
  altitude: 1.0
}
 to topic topic-384ff418_db95_47bf_87cc_cfc44d49d3d2
2025-09-02 16:25:28,230 INFO  [io.api.tes.ser.api.KafkaSerdesTester] (ForkJoinPool.commonPool-worker-1) Sending message header {
  time {
  }
}
d1: 1.75683032823E12
s1: "a"
i1: 123
bi1: 1
point {
  longitude: 22.0
  latitude: 22.0
  altitude: 1.0
}
 to topic topic-384ff418_db95_47bf_87cc_cfc44d49d3d2
2025-09-02 16:25:28,269 INFO  [io.api.tes.ser.api.KafkaSerdesTester] (ForkJoinPool.commonPool-worker-1) Sending message header {
  time {
  }
}
d1: 1.756830328269E12
s1: "a"
i1: 123
bi1: 1
point {
  longitude: 22.0
  latitude: 22.0
  altitude: 1.0
}
 to topic topic-384ff418_db95_47bf_87cc_cfc44d49d3d2
2025-09-02 16:25:28,307 INFO  [io.api.tes.ser.api.KafkaSerdesTester] (ForkJoinPool.commonPool-worker-1) Sending message header {
  time {
  }
}
d1: 1.756830328307E12
s1: "a"
i1: 123
bi1: 1
point {
  longitude: 22.0
  latitude: 22.0
  altitude: 1.0
}
 to topic topic-384ff418_db95_47bf_87cc_cfc44d49d3d2
2025-09-02 16:25:28,346 INFO  [io.api.tes.ser.api.KafkaSerdesTester] (ForkJoinPool.commonPool-worker-1) Produced 10 messages
2025-09-02 16:25:28,346 INFO  [org.apa.kaf.cli.pro.KafkaProducer] (ForkJoinPool.commonPool-worker-1) [Producer clientId=Producer-topic-384ff418_db95_47bf_87cc_cfc44d49d3d2] Closing the Kafka producer with timeoutMillis = 9223372036854775807 ms.
2025-09-02 16:25:28,347 INFO  [org.apa.kaf.com.met.Metrics] (ForkJoinPool.commonPool-worker-1) Metrics scheduler closed
2025-09-02 16:25:28,347 INFO  [org.apa.kaf.com.met.Metrics] (ForkJoinPool.commonPool-worker-1) Closing reporter org.apache.kafka.common.metrics.JmxReporter
2025-09-02 16:25:28,347 INFO  [org.apa.kaf.com.met.Metrics] (ForkJoinPool.commonPool-worker-1) Closing reporter org.apache.kafka.common.telemetry.internals.ClientTelemetryReporter
2025-09-02 16:25:28,347 INFO  [org.apa.kaf.com.met.Metrics] (ForkJoinPool.commonPool-worker-1) Metrics reporters closed
2025-09-02 16:25:28,347 INFO  [org.apa.kaf.com.uti.AppInfoParser] (ForkJoinPool.commonPool-worker-1) App info kafka.producer for Producer-topic-384ff418_db95_47bf_87cc_cfc44d49d3d2 unregistered
**** Registry Base URL: http://registry-app-pg17.apps.ci419.apicurio-testing.org:80
2025-09-02 16:25:28,408 INFO  [org.apa.kaf.cli.con.ConsumerConfig] (main) ConsumerConfig values: 
	allow.auto.create.topics = true
	auto.commit.interval.ms = 500
	auto.include.jmx.reporter = true
	auto.offset.reset = earliest
	bootstrap.servers = [PLAINTEXT://localhost:32769]
	check.crcs = true
	client.dns.lookup = use_all_dns_ips
	client.id = consumer-Consumer-topic-384ff418_db95_47bf_87cc_cfc44d49d3d2-29
	client.rack = 
	connections.max.idle.ms = 10000
	default.api.timeout.ms = 60000
	enable.auto.commit = true
	enable.metrics.push = true
	exclude.internal.topics = true
	fetch.max.bytes = 52428800
	fetch.max.wait.ms = 500
	fetch.min.bytes = 1
	group.id = Consumer-topic-384ff418_db95_47bf_87cc_cfc44d49d3d2
	group.instance.id = null
	group.protocol = classic
	group.remote.assignor = null
	heartbeat.interval.ms = 3000
	interceptor.classes = []
	internal.leave.group.on.close = true
	internal.throw.on.fetch.stable.offset.unsupported = false
	isolation.level = read_uncommitted
	key.deserializer = class org.apache.kafka.common.serialization.StringDeserializer
	max.partition.fetch.bytes = 1048576
	max.poll.interval.ms = 300000
	max.poll.records = 500
	metadata.max.age.ms = 300000
	metadata.recovery.strategy = none
	metric.reporters = []
	metrics.num.samples = 2
	metrics.recording.level = INFO
	metrics.sample.window.ms = 30000
	partition.assignment.strategy = [class org.apache.kafka.clients.consumer.RangeAssignor, class org.apache.kafka.clients.consumer.CooperativeStickyAssignor]
	receive.buffer.bytes = 65536
	reconnect.backoff.max.ms = 1000
	reconnect.backoff.ms = 50
	request.timeout.ms = 5000
	retry.backoff.max.ms = 1000
	retry.backoff.ms = 100
	sasl.client.callback.handler.class = null
	sasl.jaas.config = null
	sasl.kerberos.kinit.cmd = /usr/bin/kinit
	sasl.kerberos.min.time.before.relogin = 60000
	sasl.kerberos.service.name = null
	sasl.kerberos.ticket.renew.jitter = 0.05
	sasl.kerberos.ticket.renew.window.factor = 0.8
	sasl.login.callback.handler.class = null
	sasl.login.class = null
	sasl.login.connect.timeout.ms = null
	sasl.login.read.timeout.ms = null
	sasl.login.refresh.buffer.seconds = 300
	sasl.login.refresh.min.period.seconds = 60
	sasl.login.refresh.window.factor = 0.8
	sasl.login.refresh.window.jitter = 0.05
	sasl.login.retry.backoff.max.ms = 10000
	sasl.login.retry.backoff.ms = 100
	sasl.mechanism = GSSAPI
	sasl.oauthbearer.clock.skew.seconds = 30
	sasl.oauthbearer.expected.audience = null
	sasl.oauthbearer.expected.issuer = null
	sasl.oauthbearer.header.urlencode = false
	sasl.oauthbearer.jwks.endpoint.refresh.ms = 3600000
	sasl.oauthbearer.jwks.endpoint.retry.backoff.max.ms = 10000
	sasl.oauthbearer.jwks.endpoint.retry.backoff.ms = 100
	sasl.oauthbearer.jwks.endpoint.url = null
	sasl.oauthbearer.scope.claim.name = scope
	sasl.oauthbearer.sub.claim.name = sub
	sasl.oauthbearer.token.endpoint.url = null
	security.protocol = PLAINTEXT
	security.providers = null
	send.buffer.bytes = 131072
	session.timeout.ms = 45000
	socket.connection.setup.timeout.max.ms = 30000
	socket.connection.setup.timeout.ms = 10000
	ssl.cipher.suites = null
	ssl.enabled.protocols = [TLSv1.2, TLSv1.3]
	ssl.endpoint.identification.algorithm = https
	ssl.engine.factory.class = null
	ssl.key.password = null
	ssl.keymanager.algorithm = SunX509
	ssl.keystore.certificate.chain = null
	ssl.keystore.key = null
	ssl.keystore.location = null
	ssl.keystore.password = null
	ssl.keystore.type = JKS
	ssl.protocol = TLSv1.3
	ssl.provider = null
	ssl.secure.random.implementation = null
	ssl.trustmanager.algorithm = PKIX
	ssl.truststore.certificates = null
	ssl.truststore.location = null
	ssl.truststore.password = null
	ssl.truststore.type = JKS
	value.deserializer = class io.apicurio.registry.serde.protobuf.ProtobufKafkaDeserializer

2025-09-02 16:25:28,408 INFO  [org.apa.kaf.com.tel.int.KafkaMetricsCollector] (main) initializing Kafka metrics collector
2025-09-02 16:25:28,413 INFO  [org.apa.kaf.cli.con.ConsumerConfig] (main) These configurations '[apicurio.registry.url, apicurio.protobuf.derive.class]' were supplied but are not used yet.
2025-09-02 16:25:28,413 INFO  [org.apa.kaf.com.uti.AppInfoParser] (main) Kafka version: 3.9.1
2025-09-02 16:25:28,413 INFO  [org.apa.kaf.com.uti.AppInfoParser] (main) Kafka commitId: f745dfdcee2b9851
2025-09-02 16:25:28,413 INFO  [org.apa.kaf.com.uti.AppInfoParser] (main) Kafka startTimeMs: 1756830328413
2025-09-02 16:25:28,413 INFO  [org.apa.kaf.cli.con.int.ClassicKafkaConsumer] (ForkJoinPool.commonPool-worker-1) [Consumer clientId=consumer-Consumer-topic-384ff418_db95_47bf_87cc_cfc44d49d3d2-29, groupId=Consumer-topic-384ff418_db95_47bf_87cc_cfc44d49d3d2] Subscribed to topic(s): topic-384ff418_db95_47bf_87cc_cfc44d49d3d2
2025-09-02 16:25:28,415 INFO  [org.apa.kaf.cli.Metadata] (ForkJoinPool.commonPool-worker-1) [Consumer clientId=consumer-Consumer-topic-384ff418_db95_47bf_87cc_cfc44d49d3d2-29, groupId=Consumer-topic-384ff418_db95_47bf_87cc_cfc44d49d3d2] Cluster ID: ZlHnK1_JTee83lbn_tarJg
2025-09-02 16:25:28,415 INFO  [org.apa.kaf.cli.con.int.ConsumerCoordinator] (ForkJoinPool.commonPool-worker-1) [Consumer clientId=consumer-Consumer-topic-384ff418_db95_47bf_87cc_cfc44d49d3d2-29, groupId=Consumer-topic-384ff418_db95_47bf_87cc_cfc44d49d3d2] Discovered group coordinator localhost:32769 (id: 2147483647 rack: null)
2025-09-02 16:25:28,416 INFO  [org.apa.kaf.cli.con.int.ConsumerCoordinator] (ForkJoinPool.commonPool-worker-1) [Consumer clientId=consumer-Consumer-topic-384ff418_db95_47bf_87cc_cfc44d49d3d2-29, groupId=Consumer-topic-384ff418_db95_47bf_87cc_cfc44d49d3d2] (Re-)joining group
2025-09-02 16:25:28,417 INFO  [org.apa.kaf.cli.con.int.ConsumerCoordinator] (ForkJoinPool.commonPool-worker-1) [Consumer clientId=consumer-Consumer-topic-384ff418_db95_47bf_87cc_cfc44d49d3d2-29, groupId=Consumer-topic-384ff418_db95_47bf_87cc_cfc44d49d3d2] Request joining group due to: need to re-join with the given member-id: consumer-Consumer-topic-384ff418_db95_47bf_87cc_cfc44d49d3d2-29-5272249f-5a22-4584-b87b-74b601e4e5ec
2025-09-02 16:25:28,417 INFO  [org.apa.kaf.cli.con.int.ConsumerCoordinator] (ForkJoinPool.commonPool-worker-1) [Consumer clientId=consumer-Consumer-topic-384ff418_db95_47bf_87cc_cfc44d49d3d2-29, groupId=Consumer-topic-384ff418_db95_47bf_87cc_cfc44d49d3d2] (Re-)joining group
2025-09-02 16:25:29,413 INFO  [io.api.tes.ser.api.KafkaSerdesTester] (ForkJoinPool.commonPool-worker-1) None found
2025-09-02 16:25:30,413 INFO  [io.api.tes.ser.api.KafkaSerdesTester] (ForkJoinPool.commonPool-worker-1) None found
2025-09-02 16:25:31,414 INFO  [io.api.tes.ser.api.KafkaSerdesTester] (ForkJoinPool.commonPool-worker-1) None found
2025-09-02 16:25:31,418 INFO  [org.apa.kaf.cli.con.int.ConsumerCoordinator] (ForkJoinPool.commonPool-worker-1) [Consumer clientId=consumer-Consumer-topic-384ff418_db95_47bf_87cc_cfc44d49d3d2-29, groupId=Consumer-topic-384ff418_db95_47bf_87cc_cfc44d49d3d2] Successfully joined group with generation Generation{generationId=1, memberId='consumer-Consumer-topic-384ff418_db95_47bf_87cc_cfc44d49d3d2-29-5272249f-5a22-4584-b87b-74b601e4e5ec', protocol='range'}
2025-09-02 16:25:31,418 INFO  [org.apa.kaf.cli.con.int.ConsumerCoordinator] (ForkJoinPool.commonPool-worker-1) [Consumer clientId=consumer-Consumer-topic-384ff418_db95_47bf_87cc_cfc44d49d3d2-29, groupId=Consumer-topic-384ff418_db95_47bf_87cc_cfc44d49d3d2] Finished assignment for group at generation 1: {consumer-Consumer-topic-384ff418_db95_47bf_87cc_cfc44d49d3d2-29-5272249f-5a22-4584-b87b-74b601e4e5ec=Assignment(partitions=[topic-384ff418_db95_47bf_87cc_cfc44d49d3d2-0])}
2025-09-02 16:25:31,425 INFO  [org.apa.kaf.cli.con.int.ConsumerCoordinator] (ForkJoinPool.commonPool-worker-1) [Consumer clientId=consumer-Consumer-topic-384ff418_db95_47bf_87cc_cfc44d49d3d2-29, groupId=Consumer-topic-384ff418_db95_47bf_87cc_cfc44d49d3d2] Successfully synced group in generation Generation{generationId=1, memberId='consumer-Consumer-topic-384ff418_db95_47bf_87cc_cfc44d49d3d2-29-5272249f-5a22-4584-b87b-74b601e4e5ec', protocol='range'}
2025-09-02 16:25:31,425 INFO  [org.apa.kaf.cli.con.int.ConsumerCoordinator] (ForkJoinPool.commonPool-worker-1) [Consumer clientId=consumer-Consumer-topic-384ff418_db95_47bf_87cc_cfc44d49d3d2-29, groupId=Consumer-topic-384ff418_db95_47bf_87cc_cfc44d49d3d2] Notifying assignor about the new Assignment(partitions=[topic-384ff418_db95_47bf_87cc_cfc44d49d3d2-0])
2025-09-02 16:25:31,425 INFO  [org.apa.kaf.cli.con.int.ConsumerRebalanceListenerInvoker] (ForkJoinPool.commonPool-worker-1) [Consumer clientId=consumer-Consumer-topic-384ff418_db95_47bf_87cc_cfc44d49d3d2-29, groupId=Consumer-topic-384ff418_db95_47bf_87cc_cfc44d49d3d2] Adding newly assigned partitions: topic-384ff418_db95_47bf_87cc_cfc44d49d3d2-0
2025-09-02 16:25:31,426 INFO  [org.apa.kaf.cli.con.int.ConsumerCoordinator] (ForkJoinPool.commonPool-worker-1) [Consumer clientId=consumer-Consumer-topic-384ff418_db95_47bf_87cc_cfc44d49d3d2-29, groupId=Consumer-topic-384ff418_db95_47bf_87cc_cfc44d49d3d2] Found no committed offset for partition topic-384ff418_db95_47bf_87cc_cfc44d49d3d2-0
2025-09-02 16:25:31,428 INFO  [org.apa.kaf.cli.con.int.SubscriptionState] (ForkJoinPool.commonPool-worker-1) [Consumer clientId=consumer-Consumer-topic-384ff418_db95_47bf_87cc_cfc44d49d3d2-29, groupId=Consumer-topic-384ff418_db95_47bf_87cc_cfc44d49d3d2] Resetting offset for partition topic-384ff418_db95_47bf_87cc_cfc44d49d3d2-0 to position FetchPosition{offset=0, offsetEpoch=Optional.empty, currentLeader=LeaderAndEpoch{leader=Optional[localhost:32769 (id: 0 rack: null)], epoch=0}}.
2025-09-02 16:25:31,553 INFO  [io.api.tes.ser.api.KafkaSerdesTester] (ForkJoinPool.commonPool-worker-1) topic-384ff418_db95_47bf_87cc_cfc44d49d3d2 0 0 header {
  time {
  }
}
d1: 1.756830327765E12
s1: "a"
i1: 123
bi1: 1
point {
  longitude: 22.0
  latitude: 22.0
  altitude: 1.0
}

2025-09-02 16:25:31,553 INFO  [io.api.tes.ser.api.KafkaSerdesTester] (ForkJoinPool.commonPool-worker-1) topic-384ff418_db95_47bf_87cc_cfc44d49d3d2 0 1 header {
  time {
  }
}
d1: 1.756830327983E12
s1: "a"
i1: 123
bi1: 1
point {
  longitude: 22.0
  latitude: 22.0
  altitude: 1.0
}

2025-09-02 16:25:31,553 INFO  [io.api.tes.ser.api.KafkaSerdesTester] (ForkJoinPool.commonPool-worker-1) topic-384ff418_db95_47bf_87cc_cfc44d49d3d2 0 2 header {
  time {
  }
}
d1: 1.756830328028E12
s1: "a"
i1: 123
bi1: 1
point {
  longitude: 22.0
  latitude: 22.0
  altitude: 1.0
}

2025-09-02 16:25:31,553 INFO  [io.api.tes.ser.api.KafkaSerdesTester] (ForkJoinPool.commonPool-worker-1) topic-384ff418_db95_47bf_87cc_cfc44d49d3d2 0 3 header {
  time {
  }
}
d1: 1.75683032807E12
s1: "a"
i1: 123
bi1: 1
point {
  longitude: 22.0
  latitude: 22.0
  altitude: 1.0
}

2025-09-02 16:25:31,553 INFO  [io.api.tes.ser.api.KafkaSerdesTester] (ForkJoinPool.commonPool-worker-1) topic-384ff418_db95_47bf_87cc_cfc44d49d3d2 0 4 header {
  time {
  }
}
d1: 1.756830328112E12
s1: "a"
i1: 123
bi1: 1
point {
  longitude: 22.0
  latitude: 22.0
  altitude: 1.0
}

2025-09-02 16:25:31,553 INFO  [io.api.tes.ser.api.KafkaSerdesTester] (ForkJoinPool.commonPool-worker-1) topic-384ff418_db95_47bf_87cc_cfc44d49d3d2 0 5 header {
  time {
  }
}
d1: 1.756830328153E12
s1: "a"
i1: 123
bi1: 1
point {
  longitude: 22.0
  latitude: 22.0
  altitude: 1.0
}

2025-09-02 16:25:31,554 INFO  [io.api.tes.ser.api.KafkaSerdesTester] (ForkJoinPool.commonPool-worker-1) topic-384ff418_db95_47bf_87cc_cfc44d49d3d2 0 6 header {
  time {
  }
}
d1: 1.756830328192E12
s1: "a"
i1: 123
bi1: 1
point {
  longitude: 22.0
  latitude: 22.0
  altitude: 1.0
}

2025-09-02 16:25:31,554 INFO  [io.api.tes.ser.api.KafkaSerdesTester] (ForkJoinPool.commonPool-worker-1) topic-384ff418_db95_47bf_87cc_cfc44d49d3d2 0 7 header {
  time {
  }
}
d1: 1.75683032823E12
s1: "a"
i1: 123
bi1: 1
point {
  longitude: 22.0
  latitude: 22.0
  altitude: 1.0
}

2025-09-02 16:25:31,554 INFO  [io.api.tes.ser.api.KafkaSerdesTester] (ForkJoinPool.commonPool-worker-1) topic-384ff418_db95_47bf_87cc_cfc44d49d3d2 0 8 header {
  time {
  }
}
d1: 1.756830328269E12
s1: "a"
i1: 123
bi1: 1
point {
  longitude: 22.0
  latitude: 22.0
  altitude: 1.0
}

2025-09-02 16:25:31,554 INFO  [io.api.tes.ser.api.KafkaSerdesTester] (ForkJoinPool.commonPool-worker-1) topic-384ff418_db95_47bf_87cc_cfc44d49d3d2 0 9 header {
  time {
  }
}
d1: 1.756830328307E12
s1: "a"
i1: 123
bi1: 1
point {
  longitude: 22.0
  latitude: 22.0
  altitude: 1.0
}

2025-09-02 16:25:31,554 INFO  [io.api.tes.ser.api.KafkaSerdesTester] (ForkJoinPool.commonPool-worker-1) Consumed 10 messages
2025-09-02 16:25:31,560 INFO  [org.apa.kaf.cli.con.int.ConsumerRebalanceListenerInvoker] (ForkJoinPool.commonPool-worker-1) [Consumer clientId=consumer-Consumer-topic-384ff418_db95_47bf_87cc_cfc44d49d3d2-29, groupId=Consumer-topic-384ff418_db95_47bf_87cc_cfc44d49d3d2] Revoke previously assigned partitions topic-384ff418_db95_47bf_87cc_cfc44d49d3d2-0
2025-09-02 16:25:31,561 INFO  [org.apa.kaf.cli.con.int.ConsumerCoordinator] (ForkJoinPool.commonPool-worker-1) [Consumer clientId=consumer-Consumer-topic-384ff418_db95_47bf_87cc_cfc44d49d3d2-29, groupId=Consumer-topic-384ff418_db95_47bf_87cc_cfc44d49d3d2] Member consumer-Consumer-topic-384ff418_db95_47bf_87cc_cfc44d49d3d2-29-5272249f-5a22-4584-b87b-74b601e4e5ec sending LeaveGroup request to coordinator localhost:32769 (id: 2147483647 rack: null) due to the consumer is being closed
2025-09-02 16:25:31,561 INFO  [org.apa.kaf.cli.con.int.ConsumerCoordinator] (ForkJoinPool.commonPool-worker-1) [Consumer clientId=consumer-Consumer-topic-384ff418_db95_47bf_87cc_cfc44d49d3d2-29, groupId=Consumer-topic-384ff418_db95_47bf_87cc_cfc44d49d3d2] Resetting generation and member id due to: consumer pro-actively leaving the group
2025-09-02 16:25:31,561 INFO  [org.apa.kaf.cli.con.int.ConsumerCoordinator] (ForkJoinPool.commonPool-worker-1) [Consumer clientId=consumer-Consumer-topic-384ff418_db95_47bf_87cc_cfc44d49d3d2-29, groupId=Consumer-topic-384ff418_db95_47bf_87cc_cfc44d49d3d2] Request joining group due to: consumer pro-actively leaving the group
2025-09-02 16:25:32,055 INFO  [org.apa.kaf.com.met.Metrics] (ForkJoinPool.commonPool-worker-1) Metrics scheduler closed
2025-09-02 16:25:32,055 INFO  [org.apa.kaf.com.met.Metrics] (ForkJoinPool.commonPool-worker-1) Closing reporter org.apache.kafka.common.metrics.JmxReporter
2025-09-02 16:25:32,055 INFO  [org.apa.kaf.com.met.Metrics] (ForkJoinPool.commonPool-worker-1) Closing reporter org.apache.kafka.common.telemetry.internals.ClientTelemetryReporter
2025-09-02 16:25:32,055 INFO  [org.apa.kaf.com.met.Metrics] (ForkJoinPool.commonPool-worker-1) Metrics reporters closed
2025-09-02 16:25:32,056 INFO  [org.apa.kaf.com.uti.AppInfoParser] (ForkJoinPool.commonPool-worker-1) App info kafka.consumer for consumer-Consumer-topic-384ff418_db95_47bf_87cc_cfc44d49d3d2-29 unregistered
2025-09-02 16:25:32,106 INFO  [io.api.tes.uti.TestSeparator] (main) io.apicurio.tests.serdes.apicurio.ProtobufSerdeIT.testAutoRegisterDeriveClassProtobufType-FINISHED
2025-09-02 16:25:32,106 INFO  [io.api.tes.uti.TestSeparator] (main) ############################################################################
Test passed: testAutoRegisterDeriveClassProtobufType
]]></system-out>
  </testcase>
  <testcase name="testConsumeReturnSpecificClass" classname="io.apicurio.tests.serdes.apicurio.ProtobufSerdeIT" time="1.061">
    <system-out><![CDATA[2025-09-02 16:25:32,107 INFO  [io.api.tes.uti.TestSeparator] (main) ############################################################################
2025-09-02 16:25:32,107 INFO  [io.api.tes.uti.TestSeparator] (main) io.apicurio.tests.serdes.apicurio.ProtobufSerdeIT.testConsumeReturnSpecificClass-STARTED
2025-09-02 16:25:33,168 INFO  [io.api.tes.uti.TestSeparator] (main) io.apicurio.tests.serdes.apicurio.ProtobufSerdeIT.testConsumeReturnSpecificClass-FINISHED
2025-09-02 16:25:33,168 INFO  [io.api.tes.uti.TestSeparator] (main) ############################################################################
Test passed: testConsumeReturnSpecificClass
]]></system-out>
  </testcase>
  <testcase name="testFindLatestSpecificProtobufType" classname="io.apicurio.tests.serdes.apicurio.ProtobufSerdeIT" time="1.066">
    <system-out><![CDATA[2025-09-02 16:25:33,169 INFO  [io.api.tes.uti.TestSeparator] (main) ############################################################################
2025-09-02 16:25:33,169 INFO  [io.api.tes.uti.TestSeparator] (main) io.apicurio.tests.serdes.apicurio.ProtobufSerdeIT.testFindLatestSpecificProtobufType-STARTED
2025-09-02 16:25:34,235 INFO  [io.api.tes.uti.TestSeparator] (main) io.apicurio.tests.serdes.apicurio.ProtobufSerdeIT.testFindLatestSpecificProtobufType-FINISHED
2025-09-02 16:25:34,235 INFO  [io.api.tes.uti.TestSeparator] (main) ############################################################################
Test passed: testFindLatestSpecificProtobufType
]]></system-out>
  </testcase>
  <testcase name="testFindLatestDynamicMessageProtobufType" classname="io.apicurio.tests.serdes.apicurio.ProtobufSerdeIT" time="4.849">
    <system-out><![CDATA[2025-09-02 16:25:34,236 INFO  [io.api.tes.uti.TestSeparator] (main) ############################################################################
2025-09-02 16:25:34,236 INFO  [io.api.tes.uti.TestSeparator] (main) io.apicurio.tests.serdes.apicurio.ProtobufSerdeIT.testFindLatestDynamicMessageProtobufType-STARTED
**** Registry Base URL: http://registry-app-pg17.apps.ci419.apicurio-testing.org:80
2025-09-02 16:25:35,293 INFO  [org.apa.kaf.cli.pro.ProducerConfig] (main) ProducerConfig values: 
	acks = -1
	auto.include.jmx.reporter = true
	batch.size = 16384
	bootstrap.servers = [PLAINTEXT://localhost:32769]
	buffer.memory = 33554432
	client.dns.lookup = use_all_dns_ips
	client.id = Producer-topic-8c7a5685_0e3a_4434_809e_1df38f4ad7d4
	compression.gzip.level = -1
	compression.lz4.level = 9
	compression.type = none
	compression.zstd.level = 3
	connections.max.idle.ms = 10000
	delivery.timeout.ms = 120000
	enable.idempotence = true
	enable.metrics.push = true
	interceptor.classes = []
	key.serializer = class org.apache.kafka.common.serialization.StringSerializer
	linger.ms = 0
	max.block.ms = 60000
	max.in.flight.requests.per.connection = 5
	max.request.size = 1048576
	metadata.max.age.ms = 300000
	metadata.max.idle.ms = 300000
	metadata.recovery.strategy = none
	metric.reporters = []
	metrics.num.samples = 2
	metrics.recording.level = INFO
	metrics.sample.window.ms = 30000
	partitioner.adaptive.partitioning.enable = true
	partitioner.availability.timeout.ms = 0
	partitioner.class = null
	partitioner.ignore.keys = false
	receive.buffer.bytes = 32768
	reconnect.backoff.max.ms = 1000
	reconnect.backoff.ms = 50
	request.timeout.ms = 5000
	retries = 2147483647
	retry.backoff.max.ms = 1000
	retry.backoff.ms = 100
	sasl.client.callback.handler.class = null
	sasl.jaas.config = null
	sasl.kerberos.kinit.cmd = /usr/bin/kinit
	sasl.kerberos.min.time.before.relogin = 60000
	sasl.kerberos.service.name = null
	sasl.kerberos.ticket.renew.jitter = 0.05
	sasl.kerberos.ticket.renew.window.factor = 0.8
	sasl.login.callback.handler.class = null
	sasl.login.class = null
	sasl.login.connect.timeout.ms = null
	sasl.login.read.timeout.ms = null
	sasl.login.refresh.buffer.seconds = 300
	sasl.login.refresh.min.period.seconds = 60
	sasl.login.refresh.window.factor = 0.8
	sasl.login.refresh.window.jitter = 0.05
	sasl.login.retry.backoff.max.ms = 10000
	sasl.login.retry.backoff.ms = 100
	sasl.mechanism = GSSAPI
	sasl.oauthbearer.clock.skew.seconds = 30
	sasl.oauthbearer.expected.audience = null
	sasl.oauthbearer.expected.issuer = null
	sasl.oauthbearer.header.urlencode = false
	sasl.oauthbearer.jwks.endpoint.refresh.ms = 3600000
	sasl.oauthbearer.jwks.endpoint.retry.backoff.max.ms = 10000
	sasl.oauthbearer.jwks.endpoint.retry.backoff.ms = 100
	sasl.oauthbearer.jwks.endpoint.url = null
	sasl.oauthbearer.scope.claim.name = scope
	sasl.oauthbearer.sub.claim.name = sub
	sasl.oauthbearer.token.endpoint.url = null
	security.protocol = PLAINTEXT
	security.providers = null
	send.buffer.bytes = 131072
	socket.connection.setup.timeout.max.ms = 30000
	socket.connection.setup.timeout.ms = 10000
	ssl.cipher.suites = null
	ssl.enabled.protocols = [TLSv1.2, TLSv1.3]
	ssl.endpoint.identification.algorithm = https
	ssl.engine.factory.class = null
	ssl.key.password = null
	ssl.keymanager.algorithm = SunX509
	ssl.keystore.certificate.chain = null
	ssl.keystore.key = null
	ssl.keystore.location = null
	ssl.keystore.password = null
	ssl.keystore.type = JKS
	ssl.protocol = TLSv1.3
	ssl.provider = null
	ssl.secure.random.implementation = null
	ssl.trustmanager.algorithm = PKIX
	ssl.truststore.certificates = null
	ssl.truststore.location = null
	ssl.truststore.password = null
	ssl.truststore.type = JKS
	transaction.timeout.ms = 60000
	transactional.id = null
	value.serializer = class io.apicurio.registry.serde.protobuf.ProtobufKafkaSerializer

2025-09-02 16:25:35,293 INFO  [org.apa.kaf.com.tel.int.KafkaMetricsCollector] (main) initializing Kafka metrics collector
2025-09-02 16:25:35,295 INFO  [org.apa.kaf.cli.pro.KafkaProducer] (main) [Producer clientId=Producer-topic-8c7a5685_0e3a_4434_809e_1df38f4ad7d4] Instantiated an idempotent producer.
2025-09-02 16:25:35,296 INFO  [org.apa.kaf.cli.pro.ProducerConfig] (main) These configurations '[apicurio.registry.find-latest, apicurio.registry.url, apicurio.registry.artifact-resolver-strategy]' were supplied but are not used yet.
2025-09-02 16:25:35,296 INFO  [org.apa.kaf.com.uti.AppInfoParser] (main) Kafka version: 3.9.1
2025-09-02 16:25:35,296 INFO  [org.apa.kaf.com.uti.AppInfoParser] (main) Kafka commitId: f745dfdcee2b9851
2025-09-02 16:25:35,296 INFO  [org.apa.kaf.com.uti.AppInfoParser] (main) Kafka startTimeMs: 1756830335296
2025-09-02 16:25:35,296 INFO  [io.api.tes.ser.api.SimpleSerdesTesterBuilder$SimpleSerdesTester] (main) Using producer configuration: {apicurio.registry.find-latest=true, apicurio.registry.url=http://registry-app-pg17.apps.ci419.apicurio-testing.org:80/apis/registry/v3, apicurio.registry.artifact-resolver-strategy=io.apicurio.registry.serde.strategy.SimpleTopicIdStrategy, value.serializer=io.apicurio.registry.serde.protobuf.ProtobufKafkaSerializer, request.timeout.ms=5000, acks=all, bootstrap.servers=PLAINTEXT://localhost:32769, connections.max.idle.ms=10000, key.serializer=org.apache.kafka.common.serialization.StringSerializer, client.id=Producer-topic-8c7a5685_0e3a_4434_809e_1df38f4ad7d4}
2025-09-02 16:25:35,296 INFO  [io.api.tes.ser.api.SimpleSerdesTesterBuilder$SimpleSerdesTester] (main) Using consumer configuration: {apicurio.registry.deserializer.value.return-class=com.google.protobuf.DynamicMessage}
2025-09-02 16:25:35,297 INFO  [io.api.tes.ser.api.KafkaSerdesTester] (ForkJoinPool.commonPool-worker-1) Sending message header {
  time {
  }
}
d1: 1.756830335297E12
s1: "a"
i1: 123
bi1: 1
point {
  longitude: 22.0
  latitude: 22.0
  altitude: 1.0
}
 to topic topic-8c7a5685_0e3a_4434_809e_1df38f4ad7d4
2025-09-02 16:25:35,299 INFO  [org.apa.kaf.cli.Metadata] (kafka-producer-network-thread | Producer-topic-8c7a5685_0e3a_4434_809e_1df38f4ad7d4) [Producer clientId=Producer-topic-8c7a5685_0e3a_4434_809e_1df38f4ad7d4] Cluster ID: ZlHnK1_JTee83lbn_tarJg
2025-09-02 16:25:35,299 INFO  [org.apa.kaf.cli.pro.int.TransactionManager] (kafka-producer-network-thread | Producer-topic-8c7a5685_0e3a_4434_809e_1df38f4ad7d4) [Producer clientId=Producer-topic-8c7a5685_0e3a_4434_809e_1df38f4ad7d4] ProducerId set to 41 with epoch 0
2025-09-02 16:25:35,443 INFO  [io.api.tes.ser.api.KafkaSerdesTester] (ForkJoinPool.commonPool-worker-1) Sending message header {
  time {
  }
}
d1: 1.756830335442E12
s1: "a"
i1: 123
bi1: 1
point {
  longitude: 22.0
  latitude: 22.0
  altitude: 1.0
}
 to topic topic-8c7a5685_0e3a_4434_809e_1df38f4ad7d4
2025-09-02 16:25:35,444 INFO  [io.api.tes.ser.api.KafkaSerdesTester] (ForkJoinPool.commonPool-worker-1) Sending message header {
  time {
  }
}
d1: 1.756830335444E12
s1: "a"
i1: 123
bi1: 1
point {
  longitude: 22.0
  latitude: 22.0
  altitude: 1.0
}
 to topic topic-8c7a5685_0e3a_4434_809e_1df38f4ad7d4
2025-09-02 16:25:35,446 INFO  [io.api.tes.ser.api.KafkaSerdesTester] (ForkJoinPool.commonPool-worker-1) Sending message header {
  time {
  }
}
d1: 1.756830335446E12
s1: "a"
i1: 123
bi1: 1
point {
  longitude: 22.0
  latitude: 22.0
  altitude: 1.0
}
 to topic topic-8c7a5685_0e3a_4434_809e_1df38f4ad7d4
2025-09-02 16:25:35,447 INFO  [io.api.tes.ser.api.KafkaSerdesTester] (ForkJoinPool.commonPool-worker-1) Sending message header {
  time {
  }
}
d1: 1.756830335447E12
s1: "a"
i1: 123
bi1: 1
point {
  longitude: 22.0
  latitude: 22.0
  altitude: 1.0
}
 to topic topic-8c7a5685_0e3a_4434_809e_1df38f4ad7d4
2025-09-02 16:25:35,448 INFO  [io.api.tes.ser.api.KafkaSerdesTester] (ForkJoinPool.commonPool-worker-1) Sending message header {
  time {
  }
}
d1: 1.756830335448E12
s1: "a"
i1: 123
bi1: 1
point {
  longitude: 22.0
  latitude: 22.0
  altitude: 1.0
}
 to topic topic-8c7a5685_0e3a_4434_809e_1df38f4ad7d4
2025-09-02 16:25:35,449 INFO  [io.api.tes.ser.api.KafkaSerdesTester] (ForkJoinPool.commonPool-worker-1) Sending message header {
  time {
  }
}
d1: 1.756830335449E12
s1: "a"
i1: 123
bi1: 1
point {
  longitude: 22.0
  latitude: 22.0
  altitude: 1.0
}
 to topic topic-8c7a5685_0e3a_4434_809e_1df38f4ad7d4
2025-09-02 16:25:35,450 INFO  [io.api.tes.ser.api.KafkaSerdesTester] (ForkJoinPool.commonPool-worker-1) Sending message header {
  time {
  }
}
d1: 1.75683033545E12
s1: "a"
i1: 123
bi1: 1
point {
  longitude: 22.0
  latitude: 22.0
  altitude: 1.0
}
 to topic topic-8c7a5685_0e3a_4434_809e_1df38f4ad7d4
2025-09-02 16:25:35,451 INFO  [io.api.tes.ser.api.KafkaSerdesTester] (ForkJoinPool.commonPool-worker-1) Sending message header {
  time {
  }
}
d1: 1.756830335451E12
s1: "a"
i1: 123
bi1: 1
point {
  longitude: 22.0
  latitude: 22.0
  altitude: 1.0
}
 to topic topic-8c7a5685_0e3a_4434_809e_1df38f4ad7d4
2025-09-02 16:25:35,452 INFO  [io.api.tes.ser.api.KafkaSerdesTester] (ForkJoinPool.commonPool-worker-1) Sending message header {
  time {
  }
}
d1: 1.756830335452E12
s1: "a"
i1: 123
bi1: 1
point {
  longitude: 22.0
  latitude: 22.0
  altitude: 1.0
}
 to topic topic-8c7a5685_0e3a_4434_809e_1df38f4ad7d4
2025-09-02 16:25:35,453 INFO  [io.api.tes.ser.api.KafkaSerdesTester] (ForkJoinPool.commonPool-worker-1) Produced 10 messages
2025-09-02 16:25:35,453 INFO  [org.apa.kaf.cli.pro.KafkaProducer] (ForkJoinPool.commonPool-worker-1) [Producer clientId=Producer-topic-8c7a5685_0e3a_4434_809e_1df38f4ad7d4] Closing the Kafka producer with timeoutMillis = 9223372036854775807 ms.
2025-09-02 16:25:35,455 INFO  [org.apa.kaf.com.met.Metrics] (ForkJoinPool.commonPool-worker-1) Metrics scheduler closed
2025-09-02 16:25:35,455 INFO  [org.apa.kaf.com.met.Metrics] (ForkJoinPool.commonPool-worker-1) Closing reporter org.apache.kafka.common.metrics.JmxReporter
2025-09-02 16:25:35,455 INFO  [org.apa.kaf.com.met.Metrics] (ForkJoinPool.commonPool-worker-1) Closing reporter org.apache.kafka.common.telemetry.internals.ClientTelemetryReporter
2025-09-02 16:25:35,455 INFO  [org.apa.kaf.com.met.Metrics] (ForkJoinPool.commonPool-worker-1) Metrics reporters closed
2025-09-02 16:25:35,455 INFO  [org.apa.kaf.com.uti.AppInfoParser] (ForkJoinPool.commonPool-worker-1) App info kafka.producer for Producer-topic-8c7a5685_0e3a_4434_809e_1df38f4ad7d4 unregistered
**** Registry Base URL: http://registry-app-pg17.apps.ci419.apicurio-testing.org:80
2025-09-02 16:25:35,456 INFO  [org.apa.kaf.cli.con.ConsumerConfig] (main) ConsumerConfig values: 
	allow.auto.create.topics = true
	auto.commit.interval.ms = 500
	auto.include.jmx.reporter = true
	auto.offset.reset = earliest
	bootstrap.servers = [PLAINTEXT://localhost:32769]
	check.crcs = true
	client.dns.lookup = use_all_dns_ips
	client.id = consumer-Consumer-topic-8c7a5685_0e3a_4434_809e_1df38f4ad7d4-30
	client.rack = 
	connections.max.idle.ms = 10000
	default.api.timeout.ms = 60000
	enable.auto.commit = true
	enable.metrics.push = true
	exclude.internal.topics = true
	fetch.max.bytes = 52428800
	fetch.max.wait.ms = 500
	fetch.min.bytes = 1
	group.id = Consumer-topic-8c7a5685_0e3a_4434_809e_1df38f4ad7d4
	group.instance.id = null
	group.protocol = classic
	group.remote.assignor = null
	heartbeat.interval.ms = 3000
	interceptor.classes = []
	internal.leave.group.on.close = true
	internal.throw.on.fetch.stable.offset.unsupported = false
	isolation.level = read_uncommitted
	key.deserializer = class org.apache.kafka.common.serialization.StringDeserializer
	max.partition.fetch.bytes = 1048576
	max.poll.interval.ms = 300000
	max.poll.records = 500
	metadata.max.age.ms = 300000
	metadata.recovery.strategy = none
	metric.reporters = []
	metrics.num.samples = 2
	metrics.recording.level = INFO
	metrics.sample.window.ms = 30000
	partition.assignment.strategy = [class org.apache.kafka.clients.consumer.RangeAssignor, class org.apache.kafka.clients.consumer.CooperativeStickyAssignor]
	receive.buffer.bytes = 65536
	reconnect.backoff.max.ms = 1000
	reconnect.backoff.ms = 50
	request.timeout.ms = 5000
	retry.backoff.max.ms = 1000
	retry.backoff.ms = 100
	sasl.client.callback.handler.class = null
	sasl.jaas.config = null
	sasl.kerberos.kinit.cmd = /usr/bin/kinit
	sasl.kerberos.min.time.before.relogin = 60000
	sasl.kerberos.service.name = null
	sasl.kerberos.ticket.renew.jitter = 0.05
	sasl.kerberos.ticket.renew.window.factor = 0.8
	sasl.login.callback.handler.class = null
	sasl.login.class = null
	sasl.login.connect.timeout.ms = null
	sasl.login.read.timeout.ms = null
	sasl.login.refresh.buffer.seconds = 300
	sasl.login.refresh.min.period.seconds = 60
	sasl.login.refresh.window.factor = 0.8
	sasl.login.refresh.window.jitter = 0.05
	sasl.login.retry.backoff.max.ms = 10000
	sasl.login.retry.backoff.ms = 100
	sasl.mechanism = GSSAPI
	sasl.oauthbearer.clock.skew.seconds = 30
	sasl.oauthbearer.expected.audience = null
	sasl.oauthbearer.expected.issuer = null
	sasl.oauthbearer.header.urlencode = false
	sasl.oauthbearer.jwks.endpoint.refresh.ms = 3600000
	sasl.oauthbearer.jwks.endpoint.retry.backoff.max.ms = 10000
	sasl.oauthbearer.jwks.endpoint.retry.backoff.ms = 100
	sasl.oauthbearer.jwks.endpoint.url = null
	sasl.oauthbearer.scope.claim.name = scope
	sasl.oauthbearer.sub.claim.name = sub
	sasl.oauthbearer.token.endpoint.url = null
	security.protocol = PLAINTEXT
	security.providers = null
	send.buffer.bytes = 131072
	session.timeout.ms = 45000
	socket.connection.setup.timeout.max.ms = 30000
	socket.connection.setup.timeout.ms = 10000
	ssl.cipher.suites = null
	ssl.enabled.protocols = [TLSv1.2, TLSv1.3]
	ssl.endpoint.identification.algorithm = https
	ssl.engine.factory.class = null
	ssl.key.password = null
	ssl.keymanager.algorithm = SunX509
	ssl.keystore.certificate.chain = null
	ssl.keystore.key = null
	ssl.keystore.location = null
	ssl.keystore.password = null
	ssl.keystore.type = JKS
	ssl.protocol = TLSv1.3
	ssl.provider = null
	ssl.secure.random.implementation = null
	ssl.trustmanager.algorithm = PKIX
	ssl.truststore.certificates = null
	ssl.truststore.location = null
	ssl.truststore.password = null
	ssl.truststore.type = JKS
	value.deserializer = class io.apicurio.registry.serde.protobuf.ProtobufKafkaDeserializer

2025-09-02 16:25:35,456 INFO  [org.apa.kaf.com.tel.int.KafkaMetricsCollector] (main) initializing Kafka metrics collector
2025-09-02 16:25:35,462 INFO  [org.apa.kaf.cli.con.ConsumerConfig] (main) These configurations '[apicurio.registry.deserializer.value.return-class, apicurio.registry.url]' were supplied but are not used yet.
2025-09-02 16:25:35,462 INFO  [org.apa.kaf.com.uti.AppInfoParser] (main) Kafka version: 3.9.1
2025-09-02 16:25:35,462 INFO  [org.apa.kaf.com.uti.AppInfoParser] (main) Kafka commitId: f745dfdcee2b9851
2025-09-02 16:25:35,462 INFO  [org.apa.kaf.com.uti.AppInfoParser] (main) Kafka startTimeMs: 1756830335462
2025-09-02 16:25:35,462 INFO  [org.apa.kaf.cli.con.int.ClassicKafkaConsumer] (ForkJoinPool.commonPool-worker-1) [Consumer clientId=consumer-Consumer-topic-8c7a5685_0e3a_4434_809e_1df38f4ad7d4-30, groupId=Consumer-topic-8c7a5685_0e3a_4434_809e_1df38f4ad7d4] Subscribed to topic(s): topic-8c7a5685_0e3a_4434_809e_1df38f4ad7d4
2025-09-02 16:25:35,464 INFO  [org.apa.kaf.cli.Metadata] (ForkJoinPool.commonPool-worker-1) [Consumer clientId=consumer-Consumer-topic-8c7a5685_0e3a_4434_809e_1df38f4ad7d4-30, groupId=Consumer-topic-8c7a5685_0e3a_4434_809e_1df38f4ad7d4] Cluster ID: ZlHnK1_JTee83lbn_tarJg
2025-09-02 16:25:35,464 INFO  [org.apa.kaf.cli.con.int.ConsumerCoordinator] (ForkJoinPool.commonPool-worker-1) [Consumer clientId=consumer-Consumer-topic-8c7a5685_0e3a_4434_809e_1df38f4ad7d4-30, groupId=Consumer-topic-8c7a5685_0e3a_4434_809e_1df38f4ad7d4] Discovered group coordinator localhost:32769 (id: 2147483647 rack: null)
2025-09-02 16:25:35,465 INFO  [org.apa.kaf.cli.con.int.ConsumerCoordinator] (ForkJoinPool.commonPool-worker-1) [Consumer clientId=consumer-Consumer-topic-8c7a5685_0e3a_4434_809e_1df38f4ad7d4-30, groupId=Consumer-topic-8c7a5685_0e3a_4434_809e_1df38f4ad7d4] (Re-)joining group
2025-09-02 16:25:35,466 INFO  [org.apa.kaf.cli.con.int.ConsumerCoordinator] (ForkJoinPool.commonPool-worker-1) [Consumer clientId=consumer-Consumer-topic-8c7a5685_0e3a_4434_809e_1df38f4ad7d4-30, groupId=Consumer-topic-8c7a5685_0e3a_4434_809e_1df38f4ad7d4] Request joining group due to: need to re-join with the given member-id: consumer-Consumer-topic-8c7a5685_0e3a_4434_809e_1df38f4ad7d4-30-cd0e2678-df5a-43df-942e-22cd3f4eb8ca
2025-09-02 16:25:35,466 INFO  [org.apa.kaf.cli.con.int.ConsumerCoordinator] (ForkJoinPool.commonPool-worker-1) [Consumer clientId=consumer-Consumer-topic-8c7a5685_0e3a_4434_809e_1df38f4ad7d4-30, groupId=Consumer-topic-8c7a5685_0e3a_4434_809e_1df38f4ad7d4] (Re-)joining group
2025-09-02 16:25:36,462 INFO  [io.api.tes.ser.api.KafkaSerdesTester] (ForkJoinPool.commonPool-worker-1) None found
2025-09-02 16:25:37,463 INFO  [io.api.tes.ser.api.KafkaSerdesTester] (ForkJoinPool.commonPool-worker-1) None found
2025-09-02 16:25:38,463 INFO  [io.api.tes.ser.api.KafkaSerdesTester] (ForkJoinPool.commonPool-worker-1) None found
2025-09-02 16:25:38,467 INFO  [org.apa.kaf.cli.con.int.ConsumerCoordinator] (ForkJoinPool.commonPool-worker-1) [Consumer clientId=consumer-Consumer-topic-8c7a5685_0e3a_4434_809e_1df38f4ad7d4-30, groupId=Consumer-topic-8c7a5685_0e3a_4434_809e_1df38f4ad7d4] Successfully joined group with generation Generation{generationId=1, memberId='consumer-Consumer-topic-8c7a5685_0e3a_4434_809e_1df38f4ad7d4-30-cd0e2678-df5a-43df-942e-22cd3f4eb8ca', protocol='range'}
2025-09-02 16:25:38,467 INFO  [org.apa.kaf.cli.con.int.ConsumerCoordinator] (ForkJoinPool.commonPool-worker-1) [Consumer clientId=consumer-Consumer-topic-8c7a5685_0e3a_4434_809e_1df38f4ad7d4-30, groupId=Consumer-topic-8c7a5685_0e3a_4434_809e_1df38f4ad7d4] Finished assignment for group at generation 1: {consumer-Consumer-topic-8c7a5685_0e3a_4434_809e_1df38f4ad7d4-30-cd0e2678-df5a-43df-942e-22cd3f4eb8ca=Assignment(partitions=[topic-8c7a5685_0e3a_4434_809e_1df38f4ad7d4-0])}
2025-09-02 16:25:38,474 INFO  [org.apa.kaf.cli.con.int.ConsumerCoordinator] (ForkJoinPool.commonPool-worker-1) [Consumer clientId=consumer-Consumer-topic-8c7a5685_0e3a_4434_809e_1df38f4ad7d4-30, groupId=Consumer-topic-8c7a5685_0e3a_4434_809e_1df38f4ad7d4] Successfully synced group in generation Generation{generationId=1, memberId='consumer-Consumer-topic-8c7a5685_0e3a_4434_809e_1df38f4ad7d4-30-cd0e2678-df5a-43df-942e-22cd3f4eb8ca', protocol='range'}
2025-09-02 16:25:38,474 INFO  [org.apa.kaf.cli.con.int.ConsumerCoordinator] (ForkJoinPool.commonPool-worker-1) [Consumer clientId=consumer-Consumer-topic-8c7a5685_0e3a_4434_809e_1df38f4ad7d4-30, groupId=Consumer-topic-8c7a5685_0e3a_4434_809e_1df38f4ad7d4] Notifying assignor about the new Assignment(partitions=[topic-8c7a5685_0e3a_4434_809e_1df38f4ad7d4-0])
2025-09-02 16:25:38,474 INFO  [org.apa.kaf.cli.con.int.ConsumerRebalanceListenerInvoker] (ForkJoinPool.commonPool-worker-1) [Consumer clientId=consumer-Consumer-topic-8c7a5685_0e3a_4434_809e_1df38f4ad7d4-30, groupId=Consumer-topic-8c7a5685_0e3a_4434_809e_1df38f4ad7d4] Adding newly assigned partitions: topic-8c7a5685_0e3a_4434_809e_1df38f4ad7d4-0
2025-09-02 16:25:38,475 INFO  [org.apa.kaf.cli.con.int.ConsumerCoordinator] (ForkJoinPool.commonPool-worker-1) [Consumer clientId=consumer-Consumer-topic-8c7a5685_0e3a_4434_809e_1df38f4ad7d4-30, groupId=Consumer-topic-8c7a5685_0e3a_4434_809e_1df38f4ad7d4] Found no committed offset for partition topic-8c7a5685_0e3a_4434_809e_1df38f4ad7d4-0
2025-09-02 16:25:38,477 INFO  [org.apa.kaf.cli.con.int.SubscriptionState] (ForkJoinPool.commonPool-worker-1) [Consumer clientId=consumer-Consumer-topic-8c7a5685_0e3a_4434_809e_1df38f4ad7d4-30, groupId=Consumer-topic-8c7a5685_0e3a_4434_809e_1df38f4ad7d4] Resetting offset for partition topic-8c7a5685_0e3a_4434_809e_1df38f4ad7d4-0 to position FetchPosition{offset=0, offsetEpoch=Optional.empty, currentLeader=LeaderAndEpoch{leader=Optional[localhost:32769 (id: 0 rack: null)], epoch=0}}.
2025-09-02 16:25:38,580 INFO  [io.api.tes.ser.api.KafkaSerdesTester] (ForkJoinPool.commonPool-worker-1) topic-8c7a5685_0e3a_4434_809e_1df38f4ad7d4 0 0 header {
  time {
  }
}
d1: 1.756830335297E12
s1: "a"
i1: 123
bi1: 1
point {
  longitude: 22.0
  latitude: 22.0
  altitude: 1.0
}

2025-09-02 16:25:38,580 INFO  [io.api.tes.ser.api.KafkaSerdesTester] (ForkJoinPool.commonPool-worker-1) topic-8c7a5685_0e3a_4434_809e_1df38f4ad7d4 0 1 header {
  time {
  }
}
d1: 1.756830335442E12
s1: "a"
i1: 123
bi1: 1
point {
  longitude: 22.0
  latitude: 22.0
  altitude: 1.0
}

2025-09-02 16:25:38,580 INFO  [io.api.tes.ser.api.KafkaSerdesTester] (ForkJoinPool.commonPool-worker-1) topic-8c7a5685_0e3a_4434_809e_1df38f4ad7d4 0 2 header {
  time {
  }
}
d1: 1.756830335444E12
s1: "a"
i1: 123
bi1: 1
point {
  longitude: 22.0
  latitude: 22.0
  altitude: 1.0
}

2025-09-02 16:25:38,580 INFO  [io.api.tes.ser.api.KafkaSerdesTester] (ForkJoinPool.commonPool-worker-1) topic-8c7a5685_0e3a_4434_809e_1df38f4ad7d4 0 3 header {
  time {
  }
}
d1: 1.756830335446E12
s1: "a"
i1: 123
bi1: 1
point {
  longitude: 22.0
  latitude: 22.0
  altitude: 1.0
}

2025-09-02 16:25:38,580 INFO  [io.api.tes.ser.api.KafkaSerdesTester] (ForkJoinPool.commonPool-worker-1) topic-8c7a5685_0e3a_4434_809e_1df38f4ad7d4 0 4 header {
  time {
  }
}
d1: 1.756830335447E12
s1: "a"
i1: 123
bi1: 1
point {
  longitude: 22.0
  latitude: 22.0
  altitude: 1.0
}

2025-09-02 16:25:38,580 INFO  [io.api.tes.ser.api.KafkaSerdesTester] (ForkJoinPool.commonPool-worker-1) topic-8c7a5685_0e3a_4434_809e_1df38f4ad7d4 0 5 header {
  time {
  }
}
d1: 1.756830335448E12
s1: "a"
i1: 123
bi1: 1
point {
  longitude: 22.0
  latitude: 22.0
  altitude: 1.0
}

2025-09-02 16:25:38,580 INFO  [io.api.tes.ser.api.KafkaSerdesTester] (ForkJoinPool.commonPool-worker-1) topic-8c7a5685_0e3a_4434_809e_1df38f4ad7d4 0 6 header {
  time {
  }
}
d1: 1.756830335449E12
s1: "a"
i1: 123
bi1: 1
point {
  longitude: 22.0
  latitude: 22.0
  altitude: 1.0
}

2025-09-02 16:25:38,580 INFO  [io.api.tes.ser.api.KafkaSerdesTester] (ForkJoinPool.commonPool-worker-1) topic-8c7a5685_0e3a_4434_809e_1df38f4ad7d4 0 7 header {
  time {
  }
}
d1: 1.75683033545E12
s1: "a"
i1: 123
bi1: 1
point {
  longitude: 22.0
  latitude: 22.0
  altitude: 1.0
}

2025-09-02 16:25:38,580 INFO  [io.api.tes.ser.api.KafkaSerdesTester] (ForkJoinPool.commonPool-worker-1) topic-8c7a5685_0e3a_4434_809e_1df38f4ad7d4 0 8 header {
  time {
  }
}
d1: 1.756830335451E12
s1: "a"
i1: 123
bi1: 1
point {
  longitude: 22.0
  latitude: 22.0
  altitude: 1.0
}

2025-09-02 16:25:38,580 INFO  [io.api.tes.ser.api.KafkaSerdesTester] (ForkJoinPool.commonPool-worker-1) topic-8c7a5685_0e3a_4434_809e_1df38f4ad7d4 0 9 header {
  time {
  }
}
d1: 1.756830335452E12
s1: "a"
i1: 123
bi1: 1
point {
  longitude: 22.0
  latitude: 22.0
  altitude: 1.0
}

2025-09-02 16:25:38,580 INFO  [io.api.tes.ser.api.KafkaSerdesTester] (ForkJoinPool.commonPool-worker-1) Consumed 10 messages
2025-09-02 16:25:38,587 INFO  [org.apa.kaf.cli.con.int.ConsumerRebalanceListenerInvoker] (ForkJoinPool.commonPool-worker-1) [Consumer clientId=consumer-Consumer-topic-8c7a5685_0e3a_4434_809e_1df38f4ad7d4-30, groupId=Consumer-topic-8c7a5685_0e3a_4434_809e_1df38f4ad7d4] Revoke previously assigned partitions topic-8c7a5685_0e3a_4434_809e_1df38f4ad7d4-0
2025-09-02 16:25:38,587 INFO  [org.apa.kaf.cli.con.int.ConsumerCoordinator] (ForkJoinPool.commonPool-worker-1) [Consumer clientId=consumer-Consumer-topic-8c7a5685_0e3a_4434_809e_1df38f4ad7d4-30, groupId=Consumer-topic-8c7a5685_0e3a_4434_809e_1df38f4ad7d4] Member consumer-Consumer-topic-8c7a5685_0e3a_4434_809e_1df38f4ad7d4-30-cd0e2678-df5a-43df-942e-22cd3f4eb8ca sending LeaveGroup request to coordinator localhost:32769 (id: 2147483647 rack: null) due to the consumer is being closed
2025-09-02 16:25:38,587 INFO  [org.apa.kaf.cli.con.int.ConsumerCoordinator] (ForkJoinPool.commonPool-worker-1) [Consumer clientId=consumer-Consumer-topic-8c7a5685_0e3a_4434_809e_1df38f4ad7d4-30, groupId=Consumer-topic-8c7a5685_0e3a_4434_809e_1df38f4ad7d4] Resetting generation and member id due to: consumer pro-actively leaving the group
2025-09-02 16:25:38,587 INFO  [org.apa.kaf.cli.con.int.ConsumerCoordinator] (ForkJoinPool.commonPool-worker-1) [Consumer clientId=consumer-Consumer-topic-8c7a5685_0e3a_4434_809e_1df38f4ad7d4-30, groupId=Consumer-topic-8c7a5685_0e3a_4434_809e_1df38f4ad7d4] Request joining group due to: consumer pro-actively leaving the group
2025-09-02 16:25:39,082 INFO  [org.apa.kaf.com.met.Metrics] (ForkJoinPool.commonPool-worker-1) Metrics scheduler closed
2025-09-02 16:25:39,082 INFO  [org.apa.kaf.com.met.Metrics] (ForkJoinPool.commonPool-worker-1) Closing reporter org.apache.kafka.common.metrics.JmxReporter
2025-09-02 16:25:39,082 INFO  [org.apa.kaf.com.met.Metrics] (ForkJoinPool.commonPool-worker-1) Closing reporter org.apache.kafka.common.telemetry.internals.ClientTelemetryReporter
2025-09-02 16:25:39,082 INFO  [org.apa.kaf.com.met.Metrics] (ForkJoinPool.commonPool-worker-1) Metrics reporters closed
2025-09-02 16:25:39,083 INFO  [org.apa.kaf.com.uti.AppInfoParser] (ForkJoinPool.commonPool-worker-1) App info kafka.consumer for consumer-Consumer-topic-8c7a5685_0e3a_4434_809e_1df38f4ad7d4-30 unregistered
2025-09-02 16:25:39,084 INFO  [io.api.tes.uti.TestSeparator] (main) io.apicurio.tests.serdes.apicurio.ProtobufSerdeIT.testFindLatestDynamicMessageProtobufType-FINISHED
2025-09-02 16:25:39,084 INFO  [io.api.tes.uti.TestSeparator] (main) ############################################################################
Test passed: testFindLatestDynamicMessageProtobufType
]]></system-out>
  </testcase>
  <testcase name="testFindLatestDeriveClassProtobufTypeSimpleTopicIdStrategy" classname="io.apicurio.tests.serdes.apicurio.ProtobufSerdeIT" time="1.06">
    <system-out><![CDATA[2025-09-02 16:25:39,085 INFO  [io.api.tes.uti.TestSeparator] (main) ############################################################################
2025-09-02 16:25:39,085 INFO  [io.api.tes.uti.TestSeparator] (main) io.apicurio.tests.serdes.apicurio.ProtobufSerdeIT.testFindLatestDeriveClassProtobufTypeSimpleTopicIdStrategy-STARTED
2025-09-02 16:25:40,144 INFO  [io.api.tes.uti.TestSeparator] (main) io.apicurio.tests.serdes.apicurio.ProtobufSerdeIT.testFindLatestDeriveClassProtobufTypeSimpleTopicIdStrategy-FINISHED
2025-09-02 16:25:40,144 INFO  [io.api.tes.uti.TestSeparator] (main) ############################################################################
Test passed: testFindLatestDeriveClassProtobufTypeSimpleTopicIdStrategy
]]></system-out>
  </testcase>
  <testcase name="testFindLatestAndUseBody" classname="io.apicurio.tests.serdes.apicurio.ProtobufSerdeIT" time="4.856">
    <system-out><![CDATA[2025-09-02 16:25:40,145 INFO  [io.api.tes.uti.TestSeparator] (main) ############################################################################
2025-09-02 16:25:40,145 INFO  [io.api.tes.uti.TestSeparator] (main) io.apicurio.tests.serdes.apicurio.ProtobufSerdeIT.testFindLatestAndUseBody-STARTED
**** Registry Base URL: http://registry-app-pg17.apps.ci419.apicurio-testing.org:80
2025-09-02 16:25:41,212 INFO  [org.apa.kaf.cli.pro.ProducerConfig] (main) ProducerConfig values: 
	acks = -1
	auto.include.jmx.reporter = true
	batch.size = 16384
	bootstrap.servers = [PLAINTEXT://localhost:32769]
	buffer.memory = 33554432
	client.dns.lookup = use_all_dns_ips
	client.id = Producer-topic-4a45fb83_9231_45bd_b7a1_8c25f0113850
	compression.gzip.level = -1
	compression.lz4.level = 9
	compression.type = none
	compression.zstd.level = 3
	connections.max.idle.ms = 10000
	delivery.timeout.ms = 120000
	enable.idempotence = true
	enable.metrics.push = true
	interceptor.classes = []
	key.serializer = class org.apache.kafka.common.serialization.StringSerializer
	linger.ms = 0
	max.block.ms = 60000
	max.in.flight.requests.per.connection = 5
	max.request.size = 1048576
	metadata.max.age.ms = 300000
	metadata.max.idle.ms = 300000
	metadata.recovery.strategy = none
	metric.reporters = []
	metrics.num.samples = 2
	metrics.recording.level = INFO
	metrics.sample.window.ms = 30000
	partitioner.adaptive.partitioning.enable = true
	partitioner.availability.timeout.ms = 0
	partitioner.class = null
	partitioner.ignore.keys = false
	receive.buffer.bytes = 32768
	reconnect.backoff.max.ms = 1000
	reconnect.backoff.ms = 50
	request.timeout.ms = 5000
	retries = 2147483647
	retry.backoff.max.ms = 1000
	retry.backoff.ms = 100
	sasl.client.callback.handler.class = null
	sasl.jaas.config = null
	sasl.kerberos.kinit.cmd = /usr/bin/kinit
	sasl.kerberos.min.time.before.relogin = 60000
	sasl.kerberos.service.name = null
	sasl.kerberos.ticket.renew.jitter = 0.05
	sasl.kerberos.ticket.renew.window.factor = 0.8
	sasl.login.callback.handler.class = null
	sasl.login.class = null
	sasl.login.connect.timeout.ms = null
	sasl.login.read.timeout.ms = null
	sasl.login.refresh.buffer.seconds = 300
	sasl.login.refresh.min.period.seconds = 60
	sasl.login.refresh.window.factor = 0.8
	sasl.login.refresh.window.jitter = 0.05
	sasl.login.retry.backoff.max.ms = 10000
	sasl.login.retry.backoff.ms = 100
	sasl.mechanism = GSSAPI
	sasl.oauthbearer.clock.skew.seconds = 30
	sasl.oauthbearer.expected.audience = null
	sasl.oauthbearer.expected.issuer = null
	sasl.oauthbearer.header.urlencode = false
	sasl.oauthbearer.jwks.endpoint.refresh.ms = 3600000
	sasl.oauthbearer.jwks.endpoint.retry.backoff.max.ms = 10000
	sasl.oauthbearer.jwks.endpoint.retry.backoff.ms = 100
	sasl.oauthbearer.jwks.endpoint.url = null
	sasl.oauthbearer.scope.claim.name = scope
	sasl.oauthbearer.sub.claim.name = sub
	sasl.oauthbearer.token.endpoint.url = null
	security.protocol = PLAINTEXT
	security.providers = null
	send.buffer.bytes = 131072
	socket.connection.setup.timeout.max.ms = 30000
	socket.connection.setup.timeout.ms = 10000
	ssl.cipher.suites = null
	ssl.enabled.protocols = [TLSv1.2, TLSv1.3]
	ssl.endpoint.identification.algorithm = https
	ssl.engine.factory.class = null
	ssl.key.password = null
	ssl.keymanager.algorithm = SunX509
	ssl.keystore.certificate.chain = null
	ssl.keystore.key = null
	ssl.keystore.location = null
	ssl.keystore.password = null
	ssl.keystore.type = JKS
	ssl.protocol = TLSv1.3
	ssl.provider = null
	ssl.secure.random.implementation = null
	ssl.trustmanager.algorithm = PKIX
	ssl.truststore.certificates = null
	ssl.truststore.location = null
	ssl.truststore.password = null
	ssl.truststore.type = JKS
	transaction.timeout.ms = 60000
	transactional.id = null
	value.serializer = class io.apicurio.registry.serde.protobuf.ProtobufKafkaSerializer

2025-09-02 16:25:41,212 INFO  [org.apa.kaf.com.tel.int.KafkaMetricsCollector] (main) initializing Kafka metrics collector
2025-09-02 16:25:41,215 INFO  [org.apa.kaf.cli.pro.KafkaProducer] (main) [Producer clientId=Producer-topic-4a45fb83_9231_45bd_b7a1_8c25f0113850] Instantiated an idempotent producer.
2025-09-02 16:25:41,216 INFO  [org.apa.kaf.cli.pro.ProducerConfig] (main) These configurations '[apicurio.registry.find-latest, apicurio.registry.url, apicurio.registry.artifact-resolver-strategy]' were supplied but are not used yet.
2025-09-02 16:25:41,216 INFO  [org.apa.kaf.com.uti.AppInfoParser] (main) Kafka version: 3.9.1
2025-09-02 16:25:41,216 INFO  [org.apa.kaf.com.uti.AppInfoParser] (main) Kafka commitId: f745dfdcee2b9851
2025-09-02 16:25:41,216 INFO  [org.apa.kaf.com.uti.AppInfoParser] (main) Kafka startTimeMs: 1756830341216
2025-09-02 16:25:41,216 INFO  [io.api.tes.ser.api.SimpleSerdesTesterBuilder$SimpleSerdesTester] (main) Using producer configuration: {apicurio.registry.find-latest=true, apicurio.registry.url=http://registry-app-pg17.apps.ci419.apicurio-testing.org:80/apis/registry/v3, apicurio.registry.artifact-resolver-strategy=io.apicurio.registry.serde.strategy.TopicIdStrategy, value.serializer=io.apicurio.registry.serde.protobuf.ProtobufKafkaSerializer, request.timeout.ms=5000, acks=all, bootstrap.servers=PLAINTEXT://localhost:32769, connections.max.idle.ms=10000, key.serializer=org.apache.kafka.common.serialization.StringSerializer, client.id=Producer-topic-4a45fb83_9231_45bd_b7a1_8c25f0113850}
2025-09-02 16:25:41,216 INFO  [io.api.tes.ser.api.SimpleSerdesTesterBuilder$SimpleSerdesTester] (main) Using consumer configuration: {}
2025-09-02 16:25:41,216 INFO  [io.api.tes.ser.api.KafkaSerdesTester] (ForkJoinPool.commonPool-worker-1) Sending message header {
  time {
  }
}
d1: 1.756830341216E12
s1: "a"
i1: 123
bi1: 1
point {
  longitude: 22.0
  latitude: 22.0
  altitude: 1.0
}
 to topic topic-4a45fb83_9231_45bd_b7a1_8c25f0113850
2025-09-02 16:25:41,218 INFO  [org.apa.kaf.cli.Metadata] (kafka-producer-network-thread | Producer-topic-4a45fb83_9231_45bd_b7a1_8c25f0113850) [Producer clientId=Producer-topic-4a45fb83_9231_45bd_b7a1_8c25f0113850] Cluster ID: ZlHnK1_JTee83lbn_tarJg
2025-09-02 16:25:41,218 INFO  [org.apa.kaf.cli.pro.int.TransactionManager] (kafka-producer-network-thread | Producer-topic-4a45fb83_9231_45bd_b7a1_8c25f0113850) [Producer clientId=Producer-topic-4a45fb83_9231_45bd_b7a1_8c25f0113850] ProducerId set to 42 with epoch 0
2025-09-02 16:25:41,351 INFO  [io.api.tes.ser.api.KafkaSerdesTester] (ForkJoinPool.commonPool-worker-1) Sending message header {
  time {
  }
}
d1: 1.756830341351E12
s1: "a"
i1: 123
bi1: 1
point {
  longitude: 22.0
  latitude: 22.0
  altitude: 1.0
}
 to topic topic-4a45fb83_9231_45bd_b7a1_8c25f0113850
2025-09-02 16:25:41,353 INFO  [io.api.tes.ser.api.KafkaSerdesTester] (ForkJoinPool.commonPool-worker-1) Sending message header {
  time {
  }
}
d1: 1.756830341353E12
s1: "a"
i1: 123
bi1: 1
point {
  longitude: 22.0
  latitude: 22.0
  altitude: 1.0
}
 to topic topic-4a45fb83_9231_45bd_b7a1_8c25f0113850
2025-09-02 16:25:41,354 INFO  [io.api.tes.ser.api.KafkaSerdesTester] (ForkJoinPool.commonPool-worker-1) Sending message header {
  time {
  }
}
d1: 1.756830341354E12
s1: "a"
i1: 123
bi1: 1
point {
  longitude: 22.0
  latitude: 22.0
  altitude: 1.0
}
 to topic topic-4a45fb83_9231_45bd_b7a1_8c25f0113850
2025-09-02 16:25:41,355 INFO  [io.api.tes.ser.api.KafkaSerdesTester] (ForkJoinPool.commonPool-worker-1) Sending message header {
  time {
  }
}
d1: 1.756830341355E12
s1: "a"
i1: 123
bi1: 1
point {
  longitude: 22.0
  latitude: 22.0
  altitude: 1.0
}
 to topic topic-4a45fb83_9231_45bd_b7a1_8c25f0113850
2025-09-02 16:25:41,357 INFO  [io.api.tes.ser.api.KafkaSerdesTester] (ForkJoinPool.commonPool-worker-1) Sending message header {
  time {
  }
}
d1: 1.756830341357E12
s1: "a"
i1: 123
bi1: 1
point {
  longitude: 22.0
  latitude: 22.0
  altitude: 1.0
}
 to topic topic-4a45fb83_9231_45bd_b7a1_8c25f0113850
2025-09-02 16:25:41,358 INFO  [io.api.tes.ser.api.KafkaSerdesTester] (ForkJoinPool.commonPool-worker-1) Sending message header {
  time {
  }
}
d1: 1.756830341358E12
s1: "a"
i1: 123
bi1: 1
point {
  longitude: 22.0
  latitude: 22.0
  altitude: 1.0
}
 to topic topic-4a45fb83_9231_45bd_b7a1_8c25f0113850
2025-09-02 16:25:41,359 INFO  [io.api.tes.ser.api.KafkaSerdesTester] (ForkJoinPool.commonPool-worker-1) Sending message header {
  time {
  }
}
d1: 1.756830341359E12
s1: "a"
i1: 123
bi1: 1
point {
  longitude: 22.0
  latitude: 22.0
  altitude: 1.0
}
 to topic topic-4a45fb83_9231_45bd_b7a1_8c25f0113850
2025-09-02 16:25:41,360 INFO  [io.api.tes.ser.api.KafkaSerdesTester] (ForkJoinPool.commonPool-worker-1) Sending message header {
  time {
  }
}
d1: 1.75683034136E12
s1: "a"
i1: 123
bi1: 1
point {
  longitude: 22.0
  latitude: 22.0
  altitude: 1.0
}
 to topic topic-4a45fb83_9231_45bd_b7a1_8c25f0113850
2025-09-02 16:25:41,361 INFO  [io.api.tes.ser.api.KafkaSerdesTester] (ForkJoinPool.commonPool-worker-1) Sending message header {
  time {
  }
}
d1: 1.756830341361E12
s1: "a"
i1: 123
bi1: 1
point {
  longitude: 22.0
  latitude: 22.0
  altitude: 1.0
}
 to topic topic-4a45fb83_9231_45bd_b7a1_8c25f0113850
2025-09-02 16:25:41,362 INFO  [io.api.tes.ser.api.KafkaSerdesTester] (ForkJoinPool.commonPool-worker-1) Produced 10 messages
2025-09-02 16:25:41,362 INFO  [org.apa.kaf.cli.pro.KafkaProducer] (ForkJoinPool.commonPool-worker-1) [Producer clientId=Producer-topic-4a45fb83_9231_45bd_b7a1_8c25f0113850] Closing the Kafka producer with timeoutMillis = 9223372036854775807 ms.
2025-09-02 16:25:41,363 INFO  [org.apa.kaf.com.met.Metrics] (ForkJoinPool.commonPool-worker-1) Metrics scheduler closed
2025-09-02 16:25:41,363 INFO  [org.apa.kaf.com.met.Metrics] (ForkJoinPool.commonPool-worker-1) Closing reporter org.apache.kafka.common.metrics.JmxReporter
2025-09-02 16:25:41,363 INFO  [org.apa.kaf.com.met.Metrics] (ForkJoinPool.commonPool-worker-1) Closing reporter org.apache.kafka.common.telemetry.internals.ClientTelemetryReporter
2025-09-02 16:25:41,364 INFO  [org.apa.kaf.com.met.Metrics] (ForkJoinPool.commonPool-worker-1) Metrics reporters closed
2025-09-02 16:25:41,364 INFO  [org.apa.kaf.com.uti.AppInfoParser] (ForkJoinPool.commonPool-worker-1) App info kafka.producer for Producer-topic-4a45fb83_9231_45bd_b7a1_8c25f0113850 unregistered
**** Registry Base URL: http://registry-app-pg17.apps.ci419.apicurio-testing.org:80
2025-09-02 16:25:41,364 INFO  [org.apa.kaf.cli.con.ConsumerConfig] (main) ConsumerConfig values: 
	allow.auto.create.topics = true
	auto.commit.interval.ms = 500
	auto.include.jmx.reporter = true
	auto.offset.reset = earliest
	bootstrap.servers = [PLAINTEXT://localhost:32769]
	check.crcs = true
	client.dns.lookup = use_all_dns_ips
	client.id = consumer-Consumer-topic-4a45fb83_9231_45bd_b7a1_8c25f0113850-31
	client.rack = 
	connections.max.idle.ms = 10000
	default.api.timeout.ms = 60000
	enable.auto.commit = true
	enable.metrics.push = true
	exclude.internal.topics = true
	fetch.max.bytes = 52428800
	fetch.max.wait.ms = 500
	fetch.min.bytes = 1
	group.id = Consumer-topic-4a45fb83_9231_45bd_b7a1_8c25f0113850
	group.instance.id = null
	group.protocol = classic
	group.remote.assignor = null
	heartbeat.interval.ms = 3000
	interceptor.classes = []
	internal.leave.group.on.close = true
	internal.throw.on.fetch.stable.offset.unsupported = false
	isolation.level = read_uncommitted
	key.deserializer = class org.apache.kafka.common.serialization.StringDeserializer
	max.partition.fetch.bytes = 1048576
	max.poll.interval.ms = 300000
	max.poll.records = 500
	metadata.max.age.ms = 300000
	metadata.recovery.strategy = none
	metric.reporters = []
	metrics.num.samples = 2
	metrics.recording.level = INFO
	metrics.sample.window.ms = 30000
	partition.assignment.strategy = [class org.apache.kafka.clients.consumer.RangeAssignor, class org.apache.kafka.clients.consumer.CooperativeStickyAssignor]
	receive.buffer.bytes = 65536
	reconnect.backoff.max.ms = 1000
	reconnect.backoff.ms = 50
	request.timeout.ms = 5000
	retry.backoff.max.ms = 1000
	retry.backoff.ms = 100
	sasl.client.callback.handler.class = null
	sasl.jaas.config = null
	sasl.kerberos.kinit.cmd = /usr/bin/kinit
	sasl.kerberos.min.time.before.relogin = 60000
	sasl.kerberos.service.name = null
	sasl.kerberos.ticket.renew.jitter = 0.05
	sasl.kerberos.ticket.renew.window.factor = 0.8
	sasl.login.callback.handler.class = null
	sasl.login.class = null
	sasl.login.connect.timeout.ms = null
	sasl.login.read.timeout.ms = null
	sasl.login.refresh.buffer.seconds = 300
	sasl.login.refresh.min.period.seconds = 60
	sasl.login.refresh.window.factor = 0.8
	sasl.login.refresh.window.jitter = 0.05
	sasl.login.retry.backoff.max.ms = 10000
	sasl.login.retry.backoff.ms = 100
	sasl.mechanism = GSSAPI
	sasl.oauthbearer.clock.skew.seconds = 30
	sasl.oauthbearer.expected.audience = null
	sasl.oauthbearer.expected.issuer = null
	sasl.oauthbearer.header.urlencode = false
	sasl.oauthbearer.jwks.endpoint.refresh.ms = 3600000
	sasl.oauthbearer.jwks.endpoint.retry.backoff.max.ms = 10000
	sasl.oauthbearer.jwks.endpoint.retry.backoff.ms = 100
	sasl.oauthbearer.jwks.endpoint.url = null
	sasl.oauthbearer.scope.claim.name = scope
	sasl.oauthbearer.sub.claim.name = sub
	sasl.oauthbearer.token.endpoint.url = null
	security.protocol = PLAINTEXT
	security.providers = null
	send.buffer.bytes = 131072
	session.timeout.ms = 45000
	socket.connection.setup.timeout.max.ms = 30000
	socket.connection.setup.timeout.ms = 10000
	ssl.cipher.suites = null
	ssl.enabled.protocols = [TLSv1.2, TLSv1.3]
	ssl.endpoint.identification.algorithm = https
	ssl.engine.factory.class = null
	ssl.key.password = null
	ssl.keymanager.algorithm = SunX509
	ssl.keystore.certificate.chain = null
	ssl.keystore.key = null
	ssl.keystore.location = null
	ssl.keystore.password = null
	ssl.keystore.type = JKS
	ssl.protocol = TLSv1.3
	ssl.provider = null
	ssl.secure.random.implementation = null
	ssl.trustmanager.algorithm = PKIX
	ssl.truststore.certificates = null
	ssl.truststore.location = null
	ssl.truststore.password = null
	ssl.truststore.type = JKS
	value.deserializer = class io.apicurio.registry.serde.protobuf.ProtobufKafkaDeserializer

2025-09-02 16:25:41,364 INFO  [org.apa.kaf.com.tel.int.KafkaMetricsCollector] (main) initializing Kafka metrics collector
2025-09-02 16:25:41,369 INFO  [org.apa.kaf.cli.con.ConsumerConfig] (main) These configurations '[apicurio.registry.url]' were supplied but are not used yet.
2025-09-02 16:25:41,369 INFO  [org.apa.kaf.com.uti.AppInfoParser] (main) Kafka version: 3.9.1
2025-09-02 16:25:41,369 INFO  [org.apa.kaf.com.uti.AppInfoParser] (main) Kafka commitId: f745dfdcee2b9851
2025-09-02 16:25:41,369 INFO  [org.apa.kaf.com.uti.AppInfoParser] (main) Kafka startTimeMs: 1756830341369
2025-09-02 16:25:41,369 INFO  [org.apa.kaf.cli.con.int.ClassicKafkaConsumer] (ForkJoinPool.commonPool-worker-1) [Consumer clientId=consumer-Consumer-topic-4a45fb83_9231_45bd_b7a1_8c25f0113850-31, groupId=Consumer-topic-4a45fb83_9231_45bd_b7a1_8c25f0113850] Subscribed to topic(s): topic-4a45fb83_9231_45bd_b7a1_8c25f0113850
2025-09-02 16:25:41,372 INFO  [org.apa.kaf.cli.Metadata] (ForkJoinPool.commonPool-worker-1) [Consumer clientId=consumer-Consumer-topic-4a45fb83_9231_45bd_b7a1_8c25f0113850-31, groupId=Consumer-topic-4a45fb83_9231_45bd_b7a1_8c25f0113850] Cluster ID: ZlHnK1_JTee83lbn_tarJg
2025-09-02 16:25:41,372 INFO  [org.apa.kaf.cli.con.int.ConsumerCoordinator] (ForkJoinPool.commonPool-worker-1) [Consumer clientId=consumer-Consumer-topic-4a45fb83_9231_45bd_b7a1_8c25f0113850-31, groupId=Consumer-topic-4a45fb83_9231_45bd_b7a1_8c25f0113850] Discovered group coordinator localhost:32769 (id: 2147483647 rack: null)
2025-09-02 16:25:41,373 INFO  [org.apa.kaf.cli.con.int.ConsumerCoordinator] (ForkJoinPool.commonPool-worker-1) [Consumer clientId=consumer-Consumer-topic-4a45fb83_9231_45bd_b7a1_8c25f0113850-31, groupId=Consumer-topic-4a45fb83_9231_45bd_b7a1_8c25f0113850] (Re-)joining group
2025-09-02 16:25:41,375 INFO  [org.apa.kaf.cli.con.int.ConsumerCoordinator] (ForkJoinPool.commonPool-worker-1) [Consumer clientId=consumer-Consumer-topic-4a45fb83_9231_45bd_b7a1_8c25f0113850-31, groupId=Consumer-topic-4a45fb83_9231_45bd_b7a1_8c25f0113850] Request joining group due to: need to re-join with the given member-id: consumer-Consumer-topic-4a45fb83_9231_45bd_b7a1_8c25f0113850-31-f2d6c68f-682d-45fc-9630-5fe0f493a026
2025-09-02 16:25:41,375 INFO  [org.apa.kaf.cli.con.int.ConsumerCoordinator] (ForkJoinPool.commonPool-worker-1) [Consumer clientId=consumer-Consumer-topic-4a45fb83_9231_45bd_b7a1_8c25f0113850-31, groupId=Consumer-topic-4a45fb83_9231_45bd_b7a1_8c25f0113850] (Re-)joining group
2025-09-02 16:25:42,370 INFO  [io.api.tes.ser.api.KafkaSerdesTester] (ForkJoinPool.commonPool-worker-1) None found
2025-09-02 16:25:43,370 INFO  [io.api.tes.ser.api.KafkaSerdesTester] (ForkJoinPool.commonPool-worker-1) None found
2025-09-02 16:25:44,370 INFO  [io.api.tes.ser.api.KafkaSerdesTester] (ForkJoinPool.commonPool-worker-1) None found
2025-09-02 16:25:44,377 INFO  [org.apa.kaf.cli.con.int.ConsumerCoordinator] (ForkJoinPool.commonPool-worker-1) [Consumer clientId=consumer-Consumer-topic-4a45fb83_9231_45bd_b7a1_8c25f0113850-31, groupId=Consumer-topic-4a45fb83_9231_45bd_b7a1_8c25f0113850] Successfully joined group with generation Generation{generationId=1, memberId='consumer-Consumer-topic-4a45fb83_9231_45bd_b7a1_8c25f0113850-31-f2d6c68f-682d-45fc-9630-5fe0f493a026', protocol='range'}
2025-09-02 16:25:44,377 INFO  [org.apa.kaf.cli.con.int.ConsumerCoordinator] (ForkJoinPool.commonPool-worker-1) [Consumer clientId=consumer-Consumer-topic-4a45fb83_9231_45bd_b7a1_8c25f0113850-31, groupId=Consumer-topic-4a45fb83_9231_45bd_b7a1_8c25f0113850] Finished assignment for group at generation 1: {consumer-Consumer-topic-4a45fb83_9231_45bd_b7a1_8c25f0113850-31-f2d6c68f-682d-45fc-9630-5fe0f493a026=Assignment(partitions=[topic-4a45fb83_9231_45bd_b7a1_8c25f0113850-0])}
2025-09-02 16:25:44,383 INFO  [org.apa.kaf.cli.con.int.ConsumerCoordinator] (ForkJoinPool.commonPool-worker-1) [Consumer clientId=consumer-Consumer-topic-4a45fb83_9231_45bd_b7a1_8c25f0113850-31, groupId=Consumer-topic-4a45fb83_9231_45bd_b7a1_8c25f0113850] Successfully synced group in generation Generation{generationId=1, memberId='consumer-Consumer-topic-4a45fb83_9231_45bd_b7a1_8c25f0113850-31-f2d6c68f-682d-45fc-9630-5fe0f493a026', protocol='range'}
2025-09-02 16:25:44,383 INFO  [org.apa.kaf.cli.con.int.ConsumerCoordinator] (ForkJoinPool.commonPool-worker-1) [Consumer clientId=consumer-Consumer-topic-4a45fb83_9231_45bd_b7a1_8c25f0113850-31, groupId=Consumer-topic-4a45fb83_9231_45bd_b7a1_8c25f0113850] Notifying assignor about the new Assignment(partitions=[topic-4a45fb83_9231_45bd_b7a1_8c25f0113850-0])
2025-09-02 16:25:44,383 INFO  [org.apa.kaf.cli.con.int.ConsumerRebalanceListenerInvoker] (ForkJoinPool.commonPool-worker-1) [Consumer clientId=consumer-Consumer-topic-4a45fb83_9231_45bd_b7a1_8c25f0113850-31, groupId=Consumer-topic-4a45fb83_9231_45bd_b7a1_8c25f0113850] Adding newly assigned partitions: topic-4a45fb83_9231_45bd_b7a1_8c25f0113850-0
2025-09-02 16:25:44,384 INFO  [org.apa.kaf.cli.con.int.ConsumerCoordinator] (ForkJoinPool.commonPool-worker-1) [Consumer clientId=consumer-Consumer-topic-4a45fb83_9231_45bd_b7a1_8c25f0113850-31, groupId=Consumer-topic-4a45fb83_9231_45bd_b7a1_8c25f0113850] Found no committed offset for partition topic-4a45fb83_9231_45bd_b7a1_8c25f0113850-0
2025-09-02 16:25:44,386 INFO  [org.apa.kaf.cli.con.int.SubscriptionState] (ForkJoinPool.commonPool-worker-1) [Consumer clientId=consumer-Consumer-topic-4a45fb83_9231_45bd_b7a1_8c25f0113850-31, groupId=Consumer-topic-4a45fb83_9231_45bd_b7a1_8c25f0113850] Resetting offset for partition topic-4a45fb83_9231_45bd_b7a1_8c25f0113850-0 to position FetchPosition{offset=0, offsetEpoch=Optional.empty, currentLeader=LeaderAndEpoch{leader=Optional[localhost:32769 (id: 0 rack: null)], epoch=0}}.
2025-09-02 16:25:44,495 INFO  [io.api.tes.ser.api.KafkaSerdesTester] (ForkJoinPool.commonPool-worker-1) topic-4a45fb83_9231_45bd_b7a1_8c25f0113850 0 0 header {
  time {
  }
}
d1: 1.756830341216E12
s1: "a"
i1: 123
bi1: 1
point {
  longitude: 22.0
  latitude: 22.0
  altitude: 1.0
}

2025-09-02 16:25:44,496 INFO  [io.api.tes.ser.api.KafkaSerdesTester] (ForkJoinPool.commonPool-worker-1) topic-4a45fb83_9231_45bd_b7a1_8c25f0113850 0 1 header {
  time {
  }
}
d1: 1.756830341351E12
s1: "a"
i1: 123
bi1: 1
point {
  longitude: 22.0
  latitude: 22.0
  altitude: 1.0
}

2025-09-02 16:25:44,496 INFO  [io.api.tes.ser.api.KafkaSerdesTester] (ForkJoinPool.commonPool-worker-1) topic-4a45fb83_9231_45bd_b7a1_8c25f0113850 0 2 header {
  time {
  }
}
d1: 1.756830341353E12
s1: "a"
i1: 123
bi1: 1
point {
  longitude: 22.0
  latitude: 22.0
  altitude: 1.0
}

2025-09-02 16:25:44,496 INFO  [io.api.tes.ser.api.KafkaSerdesTester] (ForkJoinPool.commonPool-worker-1) topic-4a45fb83_9231_45bd_b7a1_8c25f0113850 0 3 header {
  time {
  }
}
d1: 1.756830341354E12
s1: "a"
i1: 123
bi1: 1
point {
  longitude: 22.0
  latitude: 22.0
  altitude: 1.0
}

2025-09-02 16:25:44,496 INFO  [io.api.tes.ser.api.KafkaSerdesTester] (ForkJoinPool.commonPool-worker-1) topic-4a45fb83_9231_45bd_b7a1_8c25f0113850 0 4 header {
  time {
  }
}
d1: 1.756830341355E12
s1: "a"
i1: 123
bi1: 1
point {
  longitude: 22.0
  latitude: 22.0
  altitude: 1.0
}

2025-09-02 16:25:44,496 INFO  [io.api.tes.ser.api.KafkaSerdesTester] (ForkJoinPool.commonPool-worker-1) topic-4a45fb83_9231_45bd_b7a1_8c25f0113850 0 5 header {
  time {
  }
}
d1: 1.756830341357E12
s1: "a"
i1: 123
bi1: 1
point {
  longitude: 22.0
  latitude: 22.0
  altitude: 1.0
}

2025-09-02 16:25:44,496 INFO  [io.api.tes.ser.api.KafkaSerdesTester] (ForkJoinPool.commonPool-worker-1) topic-4a45fb83_9231_45bd_b7a1_8c25f0113850 0 6 header {
  time {
  }
}
d1: 1.756830341358E12
s1: "a"
i1: 123
bi1: 1
point {
  longitude: 22.0
  latitude: 22.0
  altitude: 1.0
}

2025-09-02 16:25:44,496 INFO  [io.api.tes.ser.api.KafkaSerdesTester] (ForkJoinPool.commonPool-worker-1) topic-4a45fb83_9231_45bd_b7a1_8c25f0113850 0 7 header {
  time {
  }
}
d1: 1.756830341359E12
s1: "a"
i1: 123
bi1: 1
point {
  longitude: 22.0
  latitude: 22.0
  altitude: 1.0
}

2025-09-02 16:25:44,496 INFO  [io.api.tes.ser.api.KafkaSerdesTester] (ForkJoinPool.commonPool-worker-1) topic-4a45fb83_9231_45bd_b7a1_8c25f0113850 0 8 header {
  time {
  }
}
d1: 1.75683034136E12
s1: "a"
i1: 123
bi1: 1
point {
  longitude: 22.0
  latitude: 22.0
  altitude: 1.0
}

2025-09-02 16:25:44,496 INFO  [io.api.tes.ser.api.KafkaSerdesTester] (ForkJoinPool.commonPool-worker-1) topic-4a45fb83_9231_45bd_b7a1_8c25f0113850 0 9 header {
  time {
  }
}
d1: 1.756830341361E12
s1: "a"
i1: 123
bi1: 1
point {
  longitude: 22.0
  latitude: 22.0
  altitude: 1.0
}

2025-09-02 16:25:44,496 INFO  [io.api.tes.ser.api.KafkaSerdesTester] (ForkJoinPool.commonPool-worker-1) Consumed 10 messages
2025-09-02 16:25:44,503 INFO  [org.apa.kaf.cli.con.int.ConsumerRebalanceListenerInvoker] (ForkJoinPool.commonPool-worker-1) [Consumer clientId=consumer-Consumer-topic-4a45fb83_9231_45bd_b7a1_8c25f0113850-31, groupId=Consumer-topic-4a45fb83_9231_45bd_b7a1_8c25f0113850] Revoke previously assigned partitions topic-4a45fb83_9231_45bd_b7a1_8c25f0113850-0
2025-09-02 16:25:44,503 INFO  [org.apa.kaf.cli.con.int.ConsumerCoordinator] (ForkJoinPool.commonPool-worker-1) [Consumer clientId=consumer-Consumer-topic-4a45fb83_9231_45bd_b7a1_8c25f0113850-31, groupId=Consumer-topic-4a45fb83_9231_45bd_b7a1_8c25f0113850] Member consumer-Consumer-topic-4a45fb83_9231_45bd_b7a1_8c25f0113850-31-f2d6c68f-682d-45fc-9630-5fe0f493a026 sending LeaveGroup request to coordinator localhost:32769 (id: 2147483647 rack: null) due to the consumer is being closed
2025-09-02 16:25:44,504 INFO  [org.apa.kaf.cli.con.int.ConsumerCoordinator] (ForkJoinPool.commonPool-worker-1) [Consumer clientId=consumer-Consumer-topic-4a45fb83_9231_45bd_b7a1_8c25f0113850-31, groupId=Consumer-topic-4a45fb83_9231_45bd_b7a1_8c25f0113850] Resetting generation and member id due to: consumer pro-actively leaving the group
2025-09-02 16:25:44,504 INFO  [org.apa.kaf.cli.con.int.ConsumerCoordinator] (ForkJoinPool.commonPool-worker-1) [Consumer clientId=consumer-Consumer-topic-4a45fb83_9231_45bd_b7a1_8c25f0113850-31, groupId=Consumer-topic-4a45fb83_9231_45bd_b7a1_8c25f0113850] Request joining group due to: consumer pro-actively leaving the group
2025-09-02 16:25:44,998 INFO  [org.apa.kaf.com.met.Metrics] (ForkJoinPool.commonPool-worker-1) Metrics scheduler closed
2025-09-02 16:25:44,998 INFO  [org.apa.kaf.com.met.Metrics] (ForkJoinPool.commonPool-worker-1) Closing reporter org.apache.kafka.common.metrics.JmxReporter
2025-09-02 16:25:44,998 INFO  [org.apa.kaf.com.met.Metrics] (ForkJoinPool.commonPool-worker-1) Closing reporter org.apache.kafka.common.telemetry.internals.ClientTelemetryReporter
2025-09-02 16:25:44,998 INFO  [org.apa.kaf.com.met.Metrics] (ForkJoinPool.commonPool-worker-1) Metrics reporters closed
2025-09-02 16:25:44,999 INFO  [org.apa.kaf.com.uti.AppInfoParser] (ForkJoinPool.commonPool-worker-1) App info kafka.consumer for consumer-Consumer-topic-4a45fb83_9231_45bd_b7a1_8c25f0113850-31 unregistered
2025-09-02 16:25:44,999 INFO  [io.api.tes.uti.TestSeparator] (main) io.apicurio.tests.serdes.apicurio.ProtobufSerdeIT.testFindLatestAndUseBody-FINISHED
2025-09-02 16:25:45,000 INFO  [io.api.tes.uti.TestSeparator] (main) ############################################################################
Test passed: testFindLatestAndUseBody
]]></system-out>
  </testcase>
  <testcase name="testConsumeDynamicMessage" classname="io.apicurio.tests.serdes.apicurio.ProtobufSerdeIT" time="1.063">
    <system-out><![CDATA[2025-09-02 16:25:45,000 INFO  [io.api.tes.uti.TestSeparator] (main) ############################################################################
2025-09-02 16:25:45,000 INFO  [io.api.tes.uti.TestSeparator] (main) io.apicurio.tests.serdes.apicurio.ProtobufSerdeIT.testConsumeDynamicMessage-STARTED
2025-09-02 16:25:46,062 INFO  [io.api.tes.uti.TestSeparator] (main) io.apicurio.tests.serdes.apicurio.ProtobufSerdeIT.testConsumeDynamicMessage-FINISHED
2025-09-02 16:25:46,062 INFO  [io.api.tes.uti.TestSeparator] (main) ############################################################################
Test passed: testConsumeDynamicMessage
]]></system-out>
  </testcase>
  <testcase name="testAutoRegisterDynamicMessageProtobufType" classname="io.apicurio.tests.serdes.apicurio.ProtobufSerdeIT" time="4.404">
    <system-out><![CDATA[2025-09-02 16:25:46,063 INFO  [io.api.tes.uti.TestSeparator] (main) ############################################################################
2025-09-02 16:25:46,063 INFO  [io.api.tes.uti.TestSeparator] (main) io.apicurio.tests.serdes.apicurio.ProtobufSerdeIT.testAutoRegisterDynamicMessageProtobufType-STARTED
**** Registry Base URL: http://registry-app-pg17.apps.ci419.apicurio-testing.org:80
2025-09-02 16:25:46,064 INFO  [org.apa.kaf.cli.pro.ProducerConfig] (main) ProducerConfig values: 
	acks = -1
	auto.include.jmx.reporter = true
	batch.size = 16384
	bootstrap.servers = [PLAINTEXT://localhost:32769]
	buffer.memory = 33554432
	client.dns.lookup = use_all_dns_ips
	client.id = Producer-topic-2764e413_c364_433b_a100_86ceca16cfd3
	compression.gzip.level = -1
	compression.lz4.level = 9
	compression.type = none
	compression.zstd.level = 3
	connections.max.idle.ms = 10000
	delivery.timeout.ms = 120000
	enable.idempotence = true
	enable.metrics.push = true
	interceptor.classes = []
	key.serializer = class org.apache.kafka.common.serialization.StringSerializer
	linger.ms = 0
	max.block.ms = 60000
	max.in.flight.requests.per.connection = 5
	max.request.size = 1048576
	metadata.max.age.ms = 300000
	metadata.max.idle.ms = 300000
	metadata.recovery.strategy = none
	metric.reporters = []
	metrics.num.samples = 2
	metrics.recording.level = INFO
	metrics.sample.window.ms = 30000
	partitioner.adaptive.partitioning.enable = true
	partitioner.availability.timeout.ms = 0
	partitioner.class = null
	partitioner.ignore.keys = false
	receive.buffer.bytes = 32768
	reconnect.backoff.max.ms = 1000
	reconnect.backoff.ms = 50
	request.timeout.ms = 5000
	retries = 2147483647
	retry.backoff.max.ms = 1000
	retry.backoff.ms = 100
	sasl.client.callback.handler.class = null
	sasl.jaas.config = null
	sasl.kerberos.kinit.cmd = /usr/bin/kinit
	sasl.kerberos.min.time.before.relogin = 60000
	sasl.kerberos.service.name = null
	sasl.kerberos.ticket.renew.jitter = 0.05
	sasl.kerberos.ticket.renew.window.factor = 0.8
	sasl.login.callback.handler.class = null
	sasl.login.class = null
	sasl.login.connect.timeout.ms = null
	sasl.login.read.timeout.ms = null
	sasl.login.refresh.buffer.seconds = 300
	sasl.login.refresh.min.period.seconds = 60
	sasl.login.refresh.window.factor = 0.8
	sasl.login.refresh.window.jitter = 0.05
	sasl.login.retry.backoff.max.ms = 10000
	sasl.login.retry.backoff.ms = 100
	sasl.mechanism = GSSAPI
	sasl.oauthbearer.clock.skew.seconds = 30
	sasl.oauthbearer.expected.audience = null
	sasl.oauthbearer.expected.issuer = null
	sasl.oauthbearer.header.urlencode = false
	sasl.oauthbearer.jwks.endpoint.refresh.ms = 3600000
	sasl.oauthbearer.jwks.endpoint.retry.backoff.max.ms = 10000
	sasl.oauthbearer.jwks.endpoint.retry.backoff.ms = 100
	sasl.oauthbearer.jwks.endpoint.url = null
	sasl.oauthbearer.scope.claim.name = scope
	sasl.oauthbearer.sub.claim.name = sub
	sasl.oauthbearer.token.endpoint.url = null
	security.protocol = PLAINTEXT
	security.providers = null
	send.buffer.bytes = 131072
	socket.connection.setup.timeout.max.ms = 30000
	socket.connection.setup.timeout.ms = 10000
	ssl.cipher.suites = null
	ssl.enabled.protocols = [TLSv1.2, TLSv1.3]
	ssl.endpoint.identification.algorithm = https
	ssl.engine.factory.class = null
	ssl.key.password = null
	ssl.keymanager.algorithm = SunX509
	ssl.keystore.certificate.chain = null
	ssl.keystore.key = null
	ssl.keystore.location = null
	ssl.keystore.password = null
	ssl.keystore.type = JKS
	ssl.protocol = TLSv1.3
	ssl.provider = null
	ssl.secure.random.implementation = null
	ssl.trustmanager.algorithm = PKIX
	ssl.truststore.certificates = null
	ssl.truststore.location = null
	ssl.truststore.password = null
	ssl.truststore.type = JKS
	transaction.timeout.ms = 60000
	transactional.id = null
	value.serializer = class io.apicurio.registry.serde.protobuf.ProtobufKafkaSerializer

2025-09-02 16:25:46,065 INFO  [org.apa.kaf.com.tel.int.KafkaMetricsCollector] (main) initializing Kafka metrics collector
2025-09-02 16:25:46,067 INFO  [org.apa.kaf.cli.pro.KafkaProducer] (main) [Producer clientId=Producer-topic-2764e413_c364_433b_a100_86ceca16cfd3] Instantiated an idempotent producer.
2025-09-02 16:25:46,068 INFO  [org.apa.kaf.cli.pro.ProducerConfig] (main) These configurations '[apicurio.registry.url, apicurio.registry.auto-register, apicurio.registry.artifact-resolver-strategy]' were supplied but are not used yet.
2025-09-02 16:25:46,068 INFO  [org.apa.kaf.com.uti.AppInfoParser] (main) Kafka version: 3.9.1
2025-09-02 16:25:46,068 INFO  [org.apa.kaf.com.uti.AppInfoParser] (main) Kafka commitId: f745dfdcee2b9851
2025-09-02 16:25:46,068 INFO  [org.apa.kaf.com.uti.AppInfoParser] (main) Kafka startTimeMs: 1756830346068
2025-09-02 16:25:46,068 INFO  [io.api.tes.ser.api.SimpleSerdesTesterBuilder$SimpleSerdesTester] (main) Using producer configuration: {apicurio.registry.url=http://registry-app-pg17.apps.ci419.apicurio-testing.org:80/apis/registry/v3, apicurio.registry.auto-register=true, apicurio.registry.artifact-resolver-strategy=io.apicurio.registry.serde.strategy.TopicIdStrategy, value.serializer=io.apicurio.registry.serde.protobuf.ProtobufKafkaSerializer, request.timeout.ms=5000, acks=all, bootstrap.servers=PLAINTEXT://localhost:32769, connections.max.idle.ms=10000, key.serializer=org.apache.kafka.common.serialization.StringSerializer, client.id=Producer-topic-2764e413_c364_433b_a100_86ceca16cfd3}
2025-09-02 16:25:46,068 INFO  [io.api.tes.ser.api.SimpleSerdesTesterBuilder$SimpleSerdesTester] (main) Using consumer configuration: {apicurio.registry.deserializer.value.return-class=com.google.protobuf.DynamicMessage}
2025-09-02 16:25:46,069 INFO  [io.api.tes.ser.api.KafkaSerdesTester] (ForkJoinPool.commonPool-worker-1) Sending message header {
  time {
  }
}
d1: 1.756830346068E12
s1: "a"
i1: 123
bi1: 1
point {
  longitude: 22.0
  latitude: 22.0
  altitude: 1.0
}
 to topic topic-2764e413_c364_433b_a100_86ceca16cfd3
2025-09-02 16:25:46,071 WARN  [org.apa.kaf.cli.NetworkClient] (kafka-producer-network-thread | Producer-topic-2764e413_c364_433b_a100_86ceca16cfd3) [Producer clientId=Producer-topic-2764e413_c364_433b_a100_86ceca16cfd3] The metadata response from the cluster reported a recoverable issue with correlation id 1 : {topic-2764e413_c364_433b_a100_86ceca16cfd3=UNKNOWN_TOPIC_OR_PARTITION}
2025-09-02 16:25:46,071 INFO  [org.apa.kaf.cli.Metadata] (kafka-producer-network-thread | Producer-topic-2764e413_c364_433b_a100_86ceca16cfd3) [Producer clientId=Producer-topic-2764e413_c364_433b_a100_86ceca16cfd3] Cluster ID: ZlHnK1_JTee83lbn_tarJg
2025-09-02 16:25:46,071 INFO  [org.apa.kaf.cli.pro.int.TransactionManager] (kafka-producer-network-thread | Producer-topic-2764e413_c364_433b_a100_86ceca16cfd3) [Producer clientId=Producer-topic-2764e413_c364_433b_a100_86ceca16cfd3] ProducerId set to 43 with epoch 0
2025-09-02 16:25:46,302 INFO  [io.api.tes.ser.api.KafkaSerdesTester] (ForkJoinPool.commonPool-worker-1) Sending message header {
  time {
  }
}
d1: 1.756830346302E12
s1: "a"
i1: 123
bi1: 1
point {
  longitude: 22.0
  latitude: 22.0
  altitude: 1.0
}
 to topic topic-2764e413_c364_433b_a100_86ceca16cfd3
2025-09-02 16:25:46,341 INFO  [io.api.tes.ser.api.KafkaSerdesTester] (ForkJoinPool.commonPool-worker-1) Sending message header {
  time {
  }
}
d1: 1.756830346341E12
s1: "a"
i1: 123
bi1: 1
point {
  longitude: 22.0
  latitude: 22.0
  altitude: 1.0
}
 to topic topic-2764e413_c364_433b_a100_86ceca16cfd3
2025-09-02 16:25:46,380 INFO  [io.api.tes.ser.api.KafkaSerdesTester] (ForkJoinPool.commonPool-worker-1) Sending message header {
  time {
  }
}
d1: 1.75683034638E12
s1: "a"
i1: 123
bi1: 1
point {
  longitude: 22.0
  latitude: 22.0
  altitude: 1.0
}
 to topic topic-2764e413_c364_433b_a100_86ceca16cfd3
2025-09-02 16:25:46,437 INFO  [io.api.tes.ser.api.KafkaSerdesTester] (ForkJoinPool.commonPool-worker-1) Sending message header {
  time {
  }
}
d1: 1.756830346436E12
s1: "a"
i1: 123
bi1: 1
point {
  longitude: 22.0
  latitude: 22.0
  altitude: 1.0
}
 to topic topic-2764e413_c364_433b_a100_86ceca16cfd3
2025-09-02 16:25:46,476 INFO  [io.api.tes.ser.api.KafkaSerdesTester] (ForkJoinPool.commonPool-worker-1) Sending message header {
  time {
  }
}
d1: 1.756830346476E12
s1: "a"
i1: 123
bi1: 1
point {
  longitude: 22.0
  latitude: 22.0
  altitude: 1.0
}
 to topic topic-2764e413_c364_433b_a100_86ceca16cfd3
2025-09-02 16:25:46,547 INFO  [io.api.tes.ser.api.KafkaSerdesTester] (ForkJoinPool.commonPool-worker-1) Sending message header {
  time {
  }
}
d1: 1.756830346547E12
s1: "a"
i1: 123
bi1: 1
point {
  longitude: 22.0
  latitude: 22.0
  altitude: 1.0
}
 to topic topic-2764e413_c364_433b_a100_86ceca16cfd3
2025-09-02 16:25:46,588 INFO  [io.api.tes.ser.api.KafkaSerdesTester] (ForkJoinPool.commonPool-worker-1) Sending message header {
  time {
  }
}
d1: 1.756830346588E12
s1: "a"
i1: 123
bi1: 1
point {
  longitude: 22.0
  latitude: 22.0
  altitude: 1.0
}
 to topic topic-2764e413_c364_433b_a100_86ceca16cfd3
2025-09-02 16:25:46,628 INFO  [io.api.tes.ser.api.KafkaSerdesTester] (ForkJoinPool.commonPool-worker-1) Sending message header {
  time {
  }
}
d1: 1.756830346628E12
s1: "a"
i1: 123
bi1: 1
point {
  longitude: 22.0
  latitude: 22.0
  altitude: 1.0
}
 to topic topic-2764e413_c364_433b_a100_86ceca16cfd3
2025-09-02 16:25:46,670 INFO  [io.api.tes.ser.api.KafkaSerdesTester] (ForkJoinPool.commonPool-worker-1) Sending message header {
  time {
  }
}
d1: 1.75683034667E12
s1: "a"
i1: 123
bi1: 1
point {
  longitude: 22.0
  latitude: 22.0
  altitude: 1.0
}
 to topic topic-2764e413_c364_433b_a100_86ceca16cfd3
2025-09-02 16:25:46,707 INFO  [io.api.tes.ser.api.KafkaSerdesTester] (ForkJoinPool.commonPool-worker-1) Produced 10 messages
2025-09-02 16:25:46,707 INFO  [org.apa.kaf.cli.pro.KafkaProducer] (ForkJoinPool.commonPool-worker-1) [Producer clientId=Producer-topic-2764e413_c364_433b_a100_86ceca16cfd3] Closing the Kafka producer with timeoutMillis = 9223372036854775807 ms.
2025-09-02 16:25:46,709 INFO  [org.apa.kaf.com.met.Metrics] (ForkJoinPool.commonPool-worker-1) Metrics scheduler closed
2025-09-02 16:25:46,709 INFO  [org.apa.kaf.com.met.Metrics] (ForkJoinPool.commonPool-worker-1) Closing reporter org.apache.kafka.common.metrics.JmxReporter
2025-09-02 16:25:46,709 INFO  [org.apa.kaf.com.met.Metrics] (ForkJoinPool.commonPool-worker-1) Closing reporter org.apache.kafka.common.telemetry.internals.ClientTelemetryReporter
2025-09-02 16:25:46,709 INFO  [org.apa.kaf.com.met.Metrics] (ForkJoinPool.commonPool-worker-1) Metrics reporters closed
2025-09-02 16:25:46,709 INFO  [org.apa.kaf.com.uti.AppInfoParser] (ForkJoinPool.commonPool-worker-1) App info kafka.producer for Producer-topic-2764e413_c364_433b_a100_86ceca16cfd3 unregistered
**** Registry Base URL: http://registry-app-pg17.apps.ci419.apicurio-testing.org:80
2025-09-02 16:25:46,765 INFO  [org.apa.kaf.cli.con.ConsumerConfig] (main) ConsumerConfig values: 
	allow.auto.create.topics = true
	auto.commit.interval.ms = 500
	auto.include.jmx.reporter = true
	auto.offset.reset = earliest
	bootstrap.servers = [PLAINTEXT://localhost:32769]
	check.crcs = true
	client.dns.lookup = use_all_dns_ips
	client.id = consumer-Consumer-topic-2764e413_c364_433b_a100_86ceca16cfd3-32
	client.rack = 
	connections.max.idle.ms = 10000
	default.api.timeout.ms = 60000
	enable.auto.commit = true
	enable.metrics.push = true
	exclude.internal.topics = true
	fetch.max.bytes = 52428800
	fetch.max.wait.ms = 500
	fetch.min.bytes = 1
	group.id = Consumer-topic-2764e413_c364_433b_a100_86ceca16cfd3
	group.instance.id = null
	group.protocol = classic
	group.remote.assignor = null
	heartbeat.interval.ms = 3000
	interceptor.classes = []
	internal.leave.group.on.close = true
	internal.throw.on.fetch.stable.offset.unsupported = false
	isolation.level = read_uncommitted
	key.deserializer = class org.apache.kafka.common.serialization.StringDeserializer
	max.partition.fetch.bytes = 1048576
	max.poll.interval.ms = 300000
	max.poll.records = 500
	metadata.max.age.ms = 300000
	metadata.recovery.strategy = none
	metric.reporters = []
	metrics.num.samples = 2
	metrics.recording.level = INFO
	metrics.sample.window.ms = 30000
	partition.assignment.strategy = [class org.apache.kafka.clients.consumer.RangeAssignor, class org.apache.kafka.clients.consumer.CooperativeStickyAssignor]
	receive.buffer.bytes = 65536
	reconnect.backoff.max.ms = 1000
	reconnect.backoff.ms = 50
	request.timeout.ms = 5000
	retry.backoff.max.ms = 1000
	retry.backoff.ms = 100
	sasl.client.callback.handler.class = null
	sasl.jaas.config = null
	sasl.kerberos.kinit.cmd = /usr/bin/kinit
	sasl.kerberos.min.time.before.relogin = 60000
	sasl.kerberos.service.name = null
	sasl.kerberos.ticket.renew.jitter = 0.05
	sasl.kerberos.ticket.renew.window.factor = 0.8
	sasl.login.callback.handler.class = null
	sasl.login.class = null
	sasl.login.connect.timeout.ms = null
	sasl.login.read.timeout.ms = null
	sasl.login.refresh.buffer.seconds = 300
	sasl.login.refresh.min.period.seconds = 60
	sasl.login.refresh.window.factor = 0.8
	sasl.login.refresh.window.jitter = 0.05
	sasl.login.retry.backoff.max.ms = 10000
	sasl.login.retry.backoff.ms = 100
	sasl.mechanism = GSSAPI
	sasl.oauthbearer.clock.skew.seconds = 30
	sasl.oauthbearer.expected.audience = null
	sasl.oauthbearer.expected.issuer = null
	sasl.oauthbearer.header.urlencode = false
	sasl.oauthbearer.jwks.endpoint.refresh.ms = 3600000
	sasl.oauthbearer.jwks.endpoint.retry.backoff.max.ms = 10000
	sasl.oauthbearer.jwks.endpoint.retry.backoff.ms = 100
	sasl.oauthbearer.jwks.endpoint.url = null
	sasl.oauthbearer.scope.claim.name = scope
	sasl.oauthbearer.sub.claim.name = sub
	sasl.oauthbearer.token.endpoint.url = null
	security.protocol = PLAINTEXT
	security.providers = null
	send.buffer.bytes = 131072
	session.timeout.ms = 45000
	socket.connection.setup.timeout.max.ms = 30000
	socket.connection.setup.timeout.ms = 10000
	ssl.cipher.suites = null
	ssl.enabled.protocols = [TLSv1.2, TLSv1.3]
	ssl.endpoint.identification.algorithm = https
	ssl.engine.factory.class = null
	ssl.key.password = null
	ssl.keymanager.algorithm = SunX509
	ssl.keystore.certificate.chain = null
	ssl.keystore.key = null
	ssl.keystore.location = null
	ssl.keystore.password = null
	ssl.keystore.type = JKS
	ssl.protocol = TLSv1.3
	ssl.provider = null
	ssl.secure.random.implementation = null
	ssl.trustmanager.algorithm = PKIX
	ssl.truststore.certificates = null
	ssl.truststore.location = null
	ssl.truststore.password = null
	ssl.truststore.type = JKS
	value.deserializer = class io.apicurio.registry.serde.protobuf.ProtobufKafkaDeserializer

2025-09-02 16:25:46,765 INFO  [org.apa.kaf.com.tel.int.KafkaMetricsCollector] (main) initializing Kafka metrics collector
2025-09-02 16:25:46,770 INFO  [org.apa.kaf.cli.con.ConsumerConfig] (main) These configurations '[apicurio.registry.deserializer.value.return-class, apicurio.registry.url]' were supplied but are not used yet.
2025-09-02 16:25:46,770 INFO  [org.apa.kaf.com.uti.AppInfoParser] (main) Kafka version: 3.9.1
2025-09-02 16:25:46,770 INFO  [org.apa.kaf.com.uti.AppInfoParser] (main) Kafka commitId: f745dfdcee2b9851
2025-09-02 16:25:46,770 INFO  [org.apa.kaf.com.uti.AppInfoParser] (main) Kafka startTimeMs: 1756830346770
2025-09-02 16:25:46,770 INFO  [org.apa.kaf.cli.con.int.ClassicKafkaConsumer] (ForkJoinPool.commonPool-worker-1) [Consumer clientId=consumer-Consumer-topic-2764e413_c364_433b_a100_86ceca16cfd3-32, groupId=Consumer-topic-2764e413_c364_433b_a100_86ceca16cfd3] Subscribed to topic(s): topic-2764e413_c364_433b_a100_86ceca16cfd3
2025-09-02 16:25:46,772 INFO  [org.apa.kaf.cli.Metadata] (ForkJoinPool.commonPool-worker-1) [Consumer clientId=consumer-Consumer-topic-2764e413_c364_433b_a100_86ceca16cfd3-32, groupId=Consumer-topic-2764e413_c364_433b_a100_86ceca16cfd3] Cluster ID: ZlHnK1_JTee83lbn_tarJg
2025-09-02 16:25:46,773 INFO  [org.apa.kaf.cli.con.int.ConsumerCoordinator] (ForkJoinPool.commonPool-worker-1) [Consumer clientId=consumer-Consumer-topic-2764e413_c364_433b_a100_86ceca16cfd3-32, groupId=Consumer-topic-2764e413_c364_433b_a100_86ceca16cfd3] Discovered group coordinator localhost:32769 (id: 2147483647 rack: null)
2025-09-02 16:25:46,774 INFO  [org.apa.kaf.cli.con.int.ConsumerCoordinator] (ForkJoinPool.commonPool-worker-1) [Consumer clientId=consumer-Consumer-topic-2764e413_c364_433b_a100_86ceca16cfd3-32, groupId=Consumer-topic-2764e413_c364_433b_a100_86ceca16cfd3] (Re-)joining group
2025-09-02 16:25:46,776 INFO  [org.apa.kaf.cli.con.int.ConsumerCoordinator] (ForkJoinPool.commonPool-worker-1) [Consumer clientId=consumer-Consumer-topic-2764e413_c364_433b_a100_86ceca16cfd3-32, groupId=Consumer-topic-2764e413_c364_433b_a100_86ceca16cfd3] Request joining group due to: need to re-join with the given member-id: consumer-Consumer-topic-2764e413_c364_433b_a100_86ceca16cfd3-32-c31a2877-4218-469c-b6de-4ccb4ae8ed5d
2025-09-02 16:25:46,776 INFO  [org.apa.kaf.cli.con.int.ConsumerCoordinator] (ForkJoinPool.commonPool-worker-1) [Consumer clientId=consumer-Consumer-topic-2764e413_c364_433b_a100_86ceca16cfd3-32, groupId=Consumer-topic-2764e413_c364_433b_a100_86ceca16cfd3] (Re-)joining group
2025-09-02 16:25:47,770 INFO  [io.api.tes.ser.api.KafkaSerdesTester] (ForkJoinPool.commonPool-worker-1) None found
2025-09-02 16:25:48,770 INFO  [io.api.tes.ser.api.KafkaSerdesTester] (ForkJoinPool.commonPool-worker-1) None found
2025-09-02 16:25:49,771 INFO  [io.api.tes.ser.api.KafkaSerdesTester] (ForkJoinPool.commonPool-worker-1) None found
2025-09-02 16:25:49,777 INFO  [org.apa.kaf.cli.con.int.ConsumerCoordinator] (ForkJoinPool.commonPool-worker-1) [Consumer clientId=consumer-Consumer-topic-2764e413_c364_433b_a100_86ceca16cfd3-32, groupId=Consumer-topic-2764e413_c364_433b_a100_86ceca16cfd3] Successfully joined group with generation Generation{generationId=1, memberId='consumer-Consumer-topic-2764e413_c364_433b_a100_86ceca16cfd3-32-c31a2877-4218-469c-b6de-4ccb4ae8ed5d', protocol='range'}
2025-09-02 16:25:49,778 INFO  [org.apa.kaf.cli.con.int.ConsumerCoordinator] (ForkJoinPool.commonPool-worker-1) [Consumer clientId=consumer-Consumer-topic-2764e413_c364_433b_a100_86ceca16cfd3-32, groupId=Consumer-topic-2764e413_c364_433b_a100_86ceca16cfd3] Finished assignment for group at generation 1: {consumer-Consumer-topic-2764e413_c364_433b_a100_86ceca16cfd3-32-c31a2877-4218-469c-b6de-4ccb4ae8ed5d=Assignment(partitions=[topic-2764e413_c364_433b_a100_86ceca16cfd3-0])}
2025-09-02 16:25:49,784 INFO  [org.apa.kaf.cli.con.int.ConsumerCoordinator] (ForkJoinPool.commonPool-worker-1) [Consumer clientId=consumer-Consumer-topic-2764e413_c364_433b_a100_86ceca16cfd3-32, groupId=Consumer-topic-2764e413_c364_433b_a100_86ceca16cfd3] Successfully synced group in generation Generation{generationId=1, memberId='consumer-Consumer-topic-2764e413_c364_433b_a100_86ceca16cfd3-32-c31a2877-4218-469c-b6de-4ccb4ae8ed5d', protocol='range'}
2025-09-02 16:25:49,784 INFO  [org.apa.kaf.cli.con.int.ConsumerCoordinator] (ForkJoinPool.commonPool-worker-1) [Consumer clientId=consumer-Consumer-topic-2764e413_c364_433b_a100_86ceca16cfd3-32, groupId=Consumer-topic-2764e413_c364_433b_a100_86ceca16cfd3] Notifying assignor about the new Assignment(partitions=[topic-2764e413_c364_433b_a100_86ceca16cfd3-0])
2025-09-02 16:25:49,784 INFO  [org.apa.kaf.cli.con.int.ConsumerRebalanceListenerInvoker] (ForkJoinPool.commonPool-worker-1) [Consumer clientId=consumer-Consumer-topic-2764e413_c364_433b_a100_86ceca16cfd3-32, groupId=Consumer-topic-2764e413_c364_433b_a100_86ceca16cfd3] Adding newly assigned partitions: topic-2764e413_c364_433b_a100_86ceca16cfd3-0
2025-09-02 16:25:49,785 INFO  [org.apa.kaf.cli.con.int.ConsumerCoordinator] (ForkJoinPool.commonPool-worker-1) [Consumer clientId=consumer-Consumer-topic-2764e413_c364_433b_a100_86ceca16cfd3-32, groupId=Consumer-topic-2764e413_c364_433b_a100_86ceca16cfd3] Found no committed offset for partition topic-2764e413_c364_433b_a100_86ceca16cfd3-0
2025-09-02 16:25:49,787 INFO  [org.apa.kaf.cli.con.int.SubscriptionState] (ForkJoinPool.commonPool-worker-1) [Consumer clientId=consumer-Consumer-topic-2764e413_c364_433b_a100_86ceca16cfd3-32, groupId=Consumer-topic-2764e413_c364_433b_a100_86ceca16cfd3] Resetting offset for partition topic-2764e413_c364_433b_a100_86ceca16cfd3-0 to position FetchPosition{offset=0, offsetEpoch=Optional.empty, currentLeader=LeaderAndEpoch{leader=Optional[localhost:32769 (id: 0 rack: null)], epoch=0}}.
2025-09-02 16:25:49,934 INFO  [io.api.tes.ser.api.KafkaSerdesTester] (ForkJoinPool.commonPool-worker-1) topic-2764e413_c364_433b_a100_86ceca16cfd3 0 0 header {
  time {
  }
}
d1: 1.756830346068E12
s1: "a"
i1: 123
bi1: 1
point {
  longitude: 22.0
  latitude: 22.0
  altitude: 1.0
}

2025-09-02 16:25:49,934 INFO  [io.api.tes.ser.api.KafkaSerdesTester] (ForkJoinPool.commonPool-worker-1) topic-2764e413_c364_433b_a100_86ceca16cfd3 0 1 header {
  time {
  }
}
d1: 1.756830346302E12
s1: "a"
i1: 123
bi1: 1
point {
  longitude: 22.0
  latitude: 22.0
  altitude: 1.0
}

2025-09-02 16:25:49,934 INFO  [io.api.tes.ser.api.KafkaSerdesTester] (ForkJoinPool.commonPool-worker-1) topic-2764e413_c364_433b_a100_86ceca16cfd3 0 2 header {
  time {
  }
}
d1: 1.756830346341E12
s1: "a"
i1: 123
bi1: 1
point {
  longitude: 22.0
  latitude: 22.0
  altitude: 1.0
}

2025-09-02 16:25:49,934 INFO  [io.api.tes.ser.api.KafkaSerdesTester] (ForkJoinPool.commonPool-worker-1) topic-2764e413_c364_433b_a100_86ceca16cfd3 0 3 header {
  time {
  }
}
d1: 1.75683034638E12
s1: "a"
i1: 123
bi1: 1
point {
  longitude: 22.0
  latitude: 22.0
  altitude: 1.0
}

2025-09-02 16:25:49,934 INFO  [io.api.tes.ser.api.KafkaSerdesTester] (ForkJoinPool.commonPool-worker-1) topic-2764e413_c364_433b_a100_86ceca16cfd3 0 4 header {
  time {
  }
}
d1: 1.756830346436E12
s1: "a"
i1: 123
bi1: 1
point {
  longitude: 22.0
  latitude: 22.0
  altitude: 1.0
}

2025-09-02 16:25:49,934 INFO  [io.api.tes.ser.api.KafkaSerdesTester] (ForkJoinPool.commonPool-worker-1) topic-2764e413_c364_433b_a100_86ceca16cfd3 0 5 header {
  time {
  }
}
d1: 1.756830346476E12
s1: "a"
i1: 123
bi1: 1
point {
  longitude: 22.0
  latitude: 22.0
  altitude: 1.0
}

2025-09-02 16:25:49,935 INFO  [io.api.tes.ser.api.KafkaSerdesTester] (ForkJoinPool.commonPool-worker-1) topic-2764e413_c364_433b_a100_86ceca16cfd3 0 6 header {
  time {
  }
}
d1: 1.756830346547E12
s1: "a"
i1: 123
bi1: 1
point {
  longitude: 22.0
  latitude: 22.0
  altitude: 1.0
}

2025-09-02 16:25:49,935 INFO  [io.api.tes.ser.api.KafkaSerdesTester] (ForkJoinPool.commonPool-worker-1) topic-2764e413_c364_433b_a100_86ceca16cfd3 0 7 header {
  time {
  }
}
d1: 1.756830346588E12
s1: "a"
i1: 123
bi1: 1
point {
  longitude: 22.0
  latitude: 22.0
  altitude: 1.0
}

2025-09-02 16:25:49,935 INFO  [io.api.tes.ser.api.KafkaSerdesTester] (ForkJoinPool.commonPool-worker-1) topic-2764e413_c364_433b_a100_86ceca16cfd3 0 8 header {
  time {
  }
}
d1: 1.756830346628E12
s1: "a"
i1: 123
bi1: 1
point {
  longitude: 22.0
  latitude: 22.0
  altitude: 1.0
}

2025-09-02 16:25:49,935 INFO  [io.api.tes.ser.api.KafkaSerdesTester] (ForkJoinPool.commonPool-worker-1) topic-2764e413_c364_433b_a100_86ceca16cfd3 0 9 header {
  time {
  }
}
d1: 1.75683034667E12
s1: "a"
i1: 123
bi1: 1
point {
  longitude: 22.0
  latitude: 22.0
  altitude: 1.0
}

2025-09-02 16:25:49,935 INFO  [io.api.tes.ser.api.KafkaSerdesTester] (ForkJoinPool.commonPool-worker-1) Consumed 10 messages
2025-09-02 16:25:49,941 INFO  [org.apa.kaf.cli.con.int.ConsumerRebalanceListenerInvoker] (ForkJoinPool.commonPool-worker-1) [Consumer clientId=consumer-Consumer-topic-2764e413_c364_433b_a100_86ceca16cfd3-32, groupId=Consumer-topic-2764e413_c364_433b_a100_86ceca16cfd3] Revoke previously assigned partitions topic-2764e413_c364_433b_a100_86ceca16cfd3-0
2025-09-02 16:25:49,941 INFO  [org.apa.kaf.cli.con.int.ConsumerCoordinator] (ForkJoinPool.commonPool-worker-1) [Consumer clientId=consumer-Consumer-topic-2764e413_c364_433b_a100_86ceca16cfd3-32, groupId=Consumer-topic-2764e413_c364_433b_a100_86ceca16cfd3] Member consumer-Consumer-topic-2764e413_c364_433b_a100_86ceca16cfd3-32-c31a2877-4218-469c-b6de-4ccb4ae8ed5d sending LeaveGroup request to coordinator localhost:32769 (id: 2147483647 rack: null) due to the consumer is being closed
2025-09-02 16:25:49,942 INFO  [org.apa.kaf.cli.con.int.ConsumerCoordinator] (ForkJoinPool.commonPool-worker-1) [Consumer clientId=consumer-Consumer-topic-2764e413_c364_433b_a100_86ceca16cfd3-32, groupId=Consumer-topic-2764e413_c364_433b_a100_86ceca16cfd3] Resetting generation and member id due to: consumer pro-actively leaving the group
2025-09-02 16:25:49,942 INFO  [org.apa.kaf.cli.con.int.ConsumerCoordinator] (ForkJoinPool.commonPool-worker-1) [Consumer clientId=consumer-Consumer-topic-2764e413_c364_433b_a100_86ceca16cfd3-32, groupId=Consumer-topic-2764e413_c364_433b_a100_86ceca16cfd3] Request joining group due to: consumer pro-actively leaving the group
2025-09-02 16:25:50,436 INFO  [org.apa.kaf.com.met.Metrics] (ForkJoinPool.commonPool-worker-1) Metrics scheduler closed
2025-09-02 16:25:50,436 INFO  [org.apa.kaf.com.met.Metrics] (ForkJoinPool.commonPool-worker-1) Closing reporter org.apache.kafka.common.metrics.JmxReporter
2025-09-02 16:25:50,436 INFO  [org.apa.kaf.com.met.Metrics] (ForkJoinPool.commonPool-worker-1) Closing reporter org.apache.kafka.common.telemetry.internals.ClientTelemetryReporter
2025-09-02 16:25:50,436 INFO  [org.apa.kaf.com.met.Metrics] (ForkJoinPool.commonPool-worker-1) Metrics reporters closed
2025-09-02 16:25:50,437 INFO  [org.apa.kaf.com.uti.AppInfoParser] (ForkJoinPool.commonPool-worker-1) App info kafka.consumer for consumer-Consumer-topic-2764e413_c364_433b_a100_86ceca16cfd3-32 unregistered
2025-09-02 16:25:50,467 INFO  [io.api.tes.uti.TestSeparator] (main) io.apicurio.tests.serdes.apicurio.ProtobufSerdeIT.testAutoRegisterDynamicMessageProtobufType-FINISHED
2025-09-02 16:25:50,467 INFO  [io.api.tes.uti.TestSeparator] (main) ############################################################################
Test passed: testAutoRegisterDynamicMessageProtobufType
]]></system-out>
  </testcase>
</testsuite>