<?xml version="1.0" encoding="UTF-8"?>
<testsuite xmlns:xsi="http://www.w3.org/2001/XMLSchema-instance" xsi:noNamespaceSchemaLocation="https://maven.apache.org/surefire/maven-failsafe-plugin/xsd/failsafe-test-report.xsd" version="3.0.2" name="io.apicurio.tests.serdes.confluent.BasicConfluentSerDesIT" time="36.965" tests="8" errors="0" skipped="0" failures="0">
  <properties>
    <property name="java.specification.version" value="17"/>
    <property name="sun.jnu.encoding" value="UTF-8"/>
    <property name="java.class.path" value="/home/runner/work/apicurio-testing/apicurio-testing/clusters/ci419/namespaces/pg17/tests/integration/apicurio-registry/integration-tests/target/test-classes:/home/runner/work/apicurio-testing/apicurio-testing/clusters/ci419/namespaces/pg17/tests/integration/apicurio-registry/integration-tests/target/apicurio-registry-integration-tests-3.0.14-SNAPSHOT.jar:/home/runner/.m2/repository/io/quarkus/quarkus-junit5/3.20.2/quarkus-junit5-3.20.2.jar:/home/runner/.m2/repository/io/quarkus/quarkus-bootstrap-core/3.20.2/quarkus-bootstrap-core-3.20.2.jar:/home/runner/.m2/repository/io/quarkus/quarkus-classloader-commons/3.20.2/quarkus-classloader-commons-3.20.2.jar:/home/runner/.m2/repository/io/quarkus/quarkus-bootstrap-app-model/3.20.2/quarkus-bootstrap-app-model-3.20.2.jar:/home/runner/.m2/repository/io/smallrye/common/smallrye-common-io/2.12.0/smallrye-common-io-2.12.0.jar:/home/runner/.m2/repository/org/eclipse/sisu/org.eclipse.sisu.inject/0.9.0.M3/org.eclipse.sisu.inject-0.9.0.M3.jar:/home/runner/.m2/repository/io/quarkus/quarkus-test-common/3.20.2/quarkus-test-common-3.20.2.jar:/home/runner/.m2/repository/io/quarkus/quarkus-core-deployment/3.20.2/quarkus-core-deployment-3.20.2.jar:/home/runner/.m2/repository/org/aesh/readline/2.6/readline-2.6.jar:/home/runner/.m2/repository/org/fusesource/jansi/jansi/2.4.0/jansi-2.4.0.jar:/home/runner/.m2/repository/org/aesh/aesh/2.8.2/aesh-2.8.2.jar:/home/runner/.m2/repository/io/quarkus/gizmo/gizmo/1.8.0/gizmo-1.8.0.jar:/home/runner/.m2/repository/org/ow2/asm/asm-util/9.7.1/asm-util-9.7.1.jar:/home/runner/.m2/repository/org/ow2/asm/asm-analysis/9.7.1/asm-analysis-9.7.1.jar:/home/runner/.m2/repository/org/ow2/asm/asm-commons/9.7.1/asm-commons-9.7.1.jar:/home/runner/.m2/repository/org/ow2/asm/asm-tree/9.7.1/asm-tree-9.7.1.jar:/home/runner/.m2/repository/io/quarkus/quarkus-hibernate-validator-spi/3.20.2/quarkus-hibernate-validator-spi-3.20.2.jar:/home/runner/.m2/repository/io/quarkus/quarkus-class-change-agent/3.20.2/quarkus-class-change-agent-3.20.2.jar:/home/runner/.m2/repository/io/quarkus/quarkus-devtools-utilities/3.20.2/quarkus-devtools-utilities-3.20.2.jar:/home/runner/.m2/repository/io/quarkus/quarkus-builder/3.20.2/quarkus-builder-3.20.2.jar:/home/runner/.m2/repository/org/graalvm/sdk/nativeimage/23.1.2/nativeimage-23.1.2.jar:/home/runner/.m2/repository/org/graalvm/sdk/word/23.1.2/word-23.1.2.jar:/home/runner/.m2/repository/io/quarkus/quarkus-bootstrap-maven-resolver/3.20.2/quarkus-bootstrap-maven-resolver-3.20.2.jar:/home/runner/.m2/repository/io/smallrye/beanbag/smallrye-beanbag-maven/1.5.2/smallrye-beanbag-maven-1.5.2.jar:/home/runner/.m2/repository/io/smallrye/beanbag/smallrye-beanbag-sisu/1.5.2/smallrye-beanbag-sisu-1.5.2.jar:/home/runner/.m2/repository/io/smallrye/beanbag/smallrye-beanbag/1.5.2/smallrye-beanbag-1.5.2.jar:/home/runner/.m2/repository/javax/inject/javax.inject/1/javax.inject-1.jar:/home/runner/.m2/repository/org/apache/maven/maven-artifact/3.9.9/maven-artifact-3.9.9.jar:/home/runner/.m2/repository/org/apache/maven/maven-builder-support/3.9.9/maven-builder-support-3.9.9.jar:/home/runner/.m2/repository/org/apache/maven/maven-model/3.9.9/maven-model-3.9.9.jar:/home/runner/.m2/repository/org/apache/maven/maven-model-builder/3.9.9/maven-model-builder-3.9.9.jar:/home/runner/.m2/repository/org/apache/maven/maven-repository-metadata/3.9.9/maven-repository-metadata-3.9.9.jar:/home/runner/.m2/repository/org/apache/maven/maven-settings/3.9.9/maven-settings-3.9.9.jar:/home/runner/.m2/repository/org/apache/maven/resolver/maven-resolver-api/1.9.22/maven-resolver-api-1.9.22.jar:/home/runner/.m2/repository/org/apache/maven/resolver/maven-resolver-impl/1.9.22/maven-resolver-impl-1.9.22.jar:/home/runner/.m2/repository/org/apache/maven/resolver/maven-resolver-named-locks/1.9.22/maven-resolver-named-locks-1.9.22.jar:/home/runner/.m2/repository/org/apache/maven/resolver/maven-resolver-spi/1.9.22/maven-resolver-spi-1.9.22.jar:/home/runner/.m2/repository/org/apache/maven/resolver/maven-resolver-util/1.9.22/maven-resolver-util-1.9.22.jar:/home/runner/.m2/repository/org/apache/maven/resolver/maven-resolver-transport-http/1.9.20/maven-resolver-transport-http-1.9.20.jar:/home/runner/.m2/repository/org/apache/maven/wagon/wagon-provider-api/3.5.3/wagon-provider-api-3.5.3.jar:/home/runner/.m2/repository/org/apache/maven/wagon/wagon-http-shared/3.5.3/wagon-http-shared-3.5.3.jar:/home/runner/.m2/repository/org/codehaus/plexus/plexus-interpolation/1.26/plexus-interpolation-1.26.jar:/home/runner/.m2/repository/org/codehaus/plexus/plexus-utils/3.5.1/plexus-utils-3.5.1.jar:/home/runner/.m2/repository/org/codehaus/plexus/plexus-xml/4.0.1/plexus-xml-4.0.1.jar:/home/runner/.m2/repository/org/apache/maven/maven-xml-impl/4.0.0-alpha-5/maven-xml-impl-4.0.0-alpha-5.jar:/home/runner/.m2/repository/org/apache/maven/maven-api-xml/4.0.0-alpha-5/maven-api-xml-4.0.0-alpha-5.jar:/home/runner/.m2/repository/org/apache/maven/maven-api-meta/4.0.0-alpha-5/maven-api-meta-4.0.0-alpha-5.jar:/home/runner/.m2/repository/org/codehaus/plexus/plexus-cipher/2.0/plexus-cipher-2.0.jar:/home/runner/.m2/repository/org/codehaus/plexus/plexus-sec-dispatcher/2.0/plexus-sec-dispatcher-2.0.jar:/home/runner/.m2/repository/org/apache/maven/maven-embedder/3.9.9/maven-embedder-3.9.9.jar:/home/runner/.m2/repository/org/apache/maven/maven-core/3.9.9/maven-core-3.9.9.jar:/home/runner/.m2/repository/org/codehaus/plexus/plexus-component-annotations/2.1.0/plexus-component-annotations-2.1.0.jar:/home/runner/.m2/repository/org/apache/maven/maven-plugin-api/3.9.9/maven-plugin-api-3.9.9.jar:/home/runner/.m2/repository/org/apache/maven/shared/maven-shared-utils/3.4.2/maven-shared-utils-3.4.2.jar:/home/runner/.m2/repository/com/google/inject/guice/5.1.0/guice-5.1.0.jar:/home/runner/.m2/repository/aopalliance/aopalliance/1.0/aopalliance-1.0.jar:/home/runner/.m2/repository/org/codehaus/plexus/plexus-classworlds/2.6.0/plexus-classworlds-2.6.0.jar:/home/runner/.m2/repository/commons-cli/commons-cli/1.8.0/commons-cli-1.8.0.jar:/home/runner/.m2/repository/org/eclipse/sisu/org.eclipse.sisu.plexus/0.9.0.M3/org.eclipse.sisu.plexus-0.9.0.M3.jar:/home/runner/.m2/repository/org/apache/maven/maven-settings-builder/3.9.9/maven-settings-builder-3.9.9.jar:/home/runner/.m2/repository/org/apache/maven/maven-resolver-provider/3.9.9/maven-resolver-provider-3.9.9.jar:/home/runner/.m2/repository/org/apache/maven/resolver/maven-resolver-connector-basic/1.9.22/maven-resolver-connector-basic-1.9.22.jar:/home/runner/.m2/repository/org/apache/maven/resolver/maven-resolver-transport-wagon/1.9.22/maven-resolver-transport-wagon-1.9.22.jar:/home/runner/.m2/repository/org/apache/maven/wagon/wagon-http/3.5.3/wagon-http-3.5.3.jar:/home/runner/.m2/repository/org/apache/maven/wagon/wagon-file/3.5.3/wagon-file-3.5.3.jar:/home/runner/.m2/repository/io/quarkus/quarkus-bootstrap-gradle-resolver/3.20.2/quarkus-bootstrap-gradle-resolver-3.20.2.jar:/home/runner/.m2/repository/io/smallrye/jandex/3.3.0/jandex-3.3.0.jar:/home/runner/.m2/repository/org/jboss/logging/commons-logging-jboss-logging/1.0.0.Final/commons-logging-jboss-logging-1.0.0.Final.jar:/home/runner/.m2/repository/io/quarkus/quarkus-junit5-config/3.20.2/quarkus-junit5-config-3.20.2.jar:/home/runner/.m2/repository/org/junit/jupiter/junit-jupiter-api/5.12.1/junit-jupiter-api-5.12.1.jar:/home/runner/.m2/repository/io/smallrye/config/smallrye-config/3.11.4/smallrye-config-3.11.4.jar:/home/runner/.m2/repository/io/smallrye/config/smallrye-config-core/3.11.4/smallrye-config-core-3.11.4.jar:/home/runner/.m2/repository/io/smallrye/common/smallrye-common-classloader/2.12.0/smallrye-common-classloader-2.12.0.jar:/home/runner/.m2/repository/io/smallrye/config/smallrye-config-common/3.11.4/smallrye-config-common-3.11.4.jar:/home/runner/.m2/repository/org/junit/jupiter/junit-jupiter/5.12.1/junit-jupiter-5.12.1.jar:/home/runner/.m2/repository/org/junit/jupiter/junit-jupiter-params/5.12.1/junit-jupiter-params-5.12.1.jar:/home/runner/.m2/repository/org/junit/jupiter/junit-jupiter-engine/5.12.1/junit-jupiter-engine-5.12.1.jar:/home/runner/.m2/repository/io/quarkus/quarkus-core/3.20.2/quarkus-core-3.20.2.jar:/home/runner/.m2/repository/jakarta/enterprise/jakarta.enterprise.cdi-api/4.1.0/jakarta.enterprise.cdi-api-4.1.0.jar:/home/runner/.m2/repository/jakarta/enterprise/jakarta.enterprise.lang-model/4.1.0/jakarta.enterprise.lang-model-4.1.0.jar:/home/runner/.m2/repository/jakarta/el/jakarta.el-api/5.0.1/jakarta.el-api-5.0.1.jar:/home/runner/.m2/repository/jakarta/interceptor/jakarta.interceptor-api/2.2.0/jakarta.interceptor-api-2.2.0.jar:/home/runner/.m2/repository/jakarta/inject/jakarta.inject-api/2.0.1/jakarta.inject-api-2.0.1.jar:/home/runner/.m2/repository/io/smallrye/common/smallrye-common-os/2.12.0/smallrye-common-os-2.12.0.jar:/home/runner/.m2/repository/io/quarkus/quarkus-ide-launcher/3.20.2/quarkus-ide-launcher-3.20.2.jar:/home/runner/.m2/repository/io/quarkus/quarkus-development-mode-spi/3.20.2/quarkus-development-mode-spi-3.20.2.jar:/home/runner/.m2/repository/org/jboss/logging/jboss-logging/3.6.1.Final/jboss-logging-3.6.1.Final.jar:/home/runner/.m2/repository/org/jboss/logmanager/jboss-logmanager/3.1.2.Final/jboss-logmanager-3.1.2.Final.jar:/home/runner/.m2/repository/io/smallrye/common/smallrye-common-constraint/2.12.0/smallrye-common-constraint-2.12.0.jar:/home/runner/.m2/repository/io/smallrye/common/smallrye-common-cpu/2.12.0/smallrye-common-cpu-2.12.0.jar:/home/runner/.m2/repository/io/smallrye/common/smallrye-common-expression/2.12.0/smallrye-common-expression-2.12.0.jar:/home/runner/.m2/repository/io/smallrye/common/smallrye-common-net/2.12.0/smallrye-common-net-2.12.0.jar:/home/runner/.m2/repository/io/smallrye/common/smallrye-common-ref/2.12.0/smallrye-common-ref-2.12.0.jar:/home/runner/.m2/repository/jakarta/json/jakarta.json-api/2.1.3/jakarta.json-api-2.1.3.jar:/home/runner/.m2/repository/org/eclipse/parsson/parsson/1.1.7/parsson-1.1.7.jar:/home/runner/.m2/repository/org/jboss/logging/jboss-logging-annotations/3.0.4.Final/jboss-logging-annotations-3.0.4.Final.jar:/home/runner/.m2/repository/org/jboss/threads/jboss-threads/3.8.0.Final/jboss-threads-3.8.0.Final.jar:/home/runner/.m2/repository/io/smallrye/common/smallrye-common-annotation/2.12.0/smallrye-common-annotation-2.12.0.jar:/home/runner/.m2/repository/io/smallrye/common/smallrye-common-function/2.12.0/smallrye-common-function-2.12.0.jar:/home/runner/.m2/repository/org/jboss/slf4j/slf4j-jboss-logmanager/2.0.0.Final/slf4j-jboss-logmanager-2.0.0.Final.jar:/home/runner/.m2/repository/org/wildfly/common/wildfly-common/2.0.1/wildfly-common-2.0.1.jar:/home/runner/.m2/repository/io/quarkus/quarkus-bootstrap-runner/3.20.2/quarkus-bootstrap-runner-3.20.2.jar:/home/runner/.m2/repository/io/github/crac/org-crac/0.1.3/org-crac-0.1.3.jar:/home/runner/.m2/repository/io/quarkus/quarkus-fs-util/0.0.10/quarkus-fs-util-0.0.10.jar:/home/runner/.m2/repository/org/jboss/marshalling/jboss-marshalling/2.2.2.Final/jboss-marshalling-2.2.2.Final.jar:/home/runner/.m2/repository/io/fabric8/kubernetes-client/7.1.0/kubernetes-client-7.1.0.jar:/home/runner/.m2/repository/io/fabric8/kubernetes-client-api/7.1.0/kubernetes-client-api-7.1.0.jar:/home/runner/.m2/repository/io/fabric8/kubernetes-model-core/7.1.0/kubernetes-model-core-7.1.0.jar:/home/runner/.m2/repository/io/fabric8/kubernetes-model-common/7.1.0/kubernetes-model-common-7.1.0.jar:/home/runner/.m2/repository/javax/annotation/javax.annotation-api/1.3.2/javax.annotation-api-1.3.2.jar:/home/runner/.m2/repository/io/fabric8/kubernetes-model-gatewayapi/7.1.0/kubernetes-model-gatewayapi-7.1.0.jar:/home/runner/.m2/repository/io/fabric8/kubernetes-model-resource/7.1.0/kubernetes-model-resource-7.1.0.jar:/home/runner/.m2/repository/io/fabric8/kubernetes-model-rbac/7.1.0/kubernetes-model-rbac-7.1.0.jar:/home/runner/.m2/repository/io/fabric8/kubernetes-model-admissionregistration/7.1.0/kubernetes-model-admissionregistration-7.1.0.jar:/home/runner/.m2/repository/io/fabric8/kubernetes-model-apps/7.1.0/kubernetes-model-apps-7.1.0.jar:/home/runner/.m2/repository/io/fabric8/kubernetes-model-autoscaling/7.1.0/kubernetes-model-autoscaling-7.1.0.jar:/home/runner/.m2/repository/io/fabric8/kubernetes-model-apiextensions/7.1.0/kubernetes-model-apiextensions-7.1.0.jar:/home/runner/.m2/repository/io/fabric8/kubernetes-model-batch/7.1.0/kubernetes-model-batch-7.1.0.jar:/home/runner/.m2/repository/io/fabric8/kubernetes-model-certificates/7.1.0/kubernetes-model-certificates-7.1.0.jar:/home/runner/.m2/repository/io/fabric8/kubernetes-model-coordination/7.1.0/kubernetes-model-coordination-7.1.0.jar:/home/runner/.m2/repository/io/fabric8/kubernetes-model-discovery/7.1.0/kubernetes-model-discovery-7.1.0.jar:/home/runner/.m2/repository/io/fabric8/kubernetes-model-events/7.1.0/kubernetes-model-events-7.1.0.jar:/home/runner/.m2/repository/io/fabric8/kubernetes-model-extensions/7.1.0/kubernetes-model-extensions-7.1.0.jar:/home/runner/.m2/repository/io/fabric8/kubernetes-model-flowcontrol/7.1.0/kubernetes-model-flowcontrol-7.1.0.jar:/home/runner/.m2/repository/io/fabric8/kubernetes-model-networking/7.1.0/kubernetes-model-networking-7.1.0.jar:/home/runner/.m2/repository/io/fabric8/kubernetes-model-metrics/7.1.0/kubernetes-model-metrics-7.1.0.jar:/home/runner/.m2/repository/io/fabric8/kubernetes-model-policy/7.1.0/kubernetes-model-policy-7.1.0.jar:/home/runner/.m2/repository/io/fabric8/kubernetes-model-scheduling/7.1.0/kubernetes-model-scheduling-7.1.0.jar:/home/runner/.m2/repository/io/fabric8/kubernetes-model-storageclass/7.1.0/kubernetes-model-storageclass-7.1.0.jar:/home/runner/.m2/repository/io/fabric8/kubernetes-model-node/7.1.0/kubernetes-model-node-7.1.0.jar:/home/runner/.m2/repository/org/snakeyaml/snakeyaml-engine/2.9/snakeyaml-engine-2.9.jar:/home/runner/.m2/repository/com/fasterxml/jackson/dataformat/jackson-dataformat-yaml/2.18.2/jackson-dataformat-yaml-2.18.2.jar:/home/runner/.m2/repository/com/fasterxml/jackson/datatype/jackson-datatype-jsr310/2.18.2/jackson-datatype-jsr310-2.18.2.jar:/home/runner/.m2/repository/io/fabric8/zjsonpatch/7.1.0/zjsonpatch-7.1.0.jar:/home/runner/.m2/repository/io/fabric8/kubernetes-httpclient-vertx/7.1.0/kubernetes-httpclient-vertx-7.1.0.jar:/home/runner/.m2/repository/io/vertx/vertx-web-client/4.5.16/vertx-web-client-4.5.16.jar:/home/runner/.m2/repository/io/vertx/vertx-web-common/4.5.16/vertx-web-common-4.5.16.jar:/home/runner/.m2/repository/io/vertx/vertx-auth-common/4.5.16/vertx-auth-common-4.5.16.jar:/home/runner/.m2/repository/io/vertx/vertx-uri-template/4.5.16/vertx-uri-template-4.5.16.jar:/home/runner/.m2/repository/io/fabric8/openshift-client/7.1.0/openshift-client-7.1.0.jar:/home/runner/.m2/repository/io/fabric8/openshift-client-api/7.1.0/openshift-client-api-7.1.0.jar:/home/runner/.m2/repository/io/fabric8/openshift-model/7.1.0/openshift-model-7.1.0.jar:/home/runner/.m2/repository/io/fabric8/openshift-model-autoscaling/7.1.0/openshift-model-autoscaling-7.1.0.jar:/home/runner/.m2/repository/io/fabric8/openshift-model-operator/7.1.0/openshift-model-operator-7.1.0.jar:/home/runner/.m2/repository/io/fabric8/openshift-model-operatorhub/7.1.0/openshift-model-operatorhub-7.1.0.jar:/home/runner/.m2/repository/io/fabric8/openshift-model-machine/7.1.0/openshift-model-machine-7.1.0.jar:/home/runner/.m2/repository/io/fabric8/openshift-model-whereabouts/7.1.0/openshift-model-whereabouts-7.1.0.jar:/home/runner/.m2/repository/io/fabric8/openshift-model-monitoring/7.1.0/openshift-model-monitoring-7.1.0.jar:/home/runner/.m2/repository/io/fabric8/openshift-model-storageversionmigrator/7.1.0/openshift-model-storageversionmigrator-7.1.0.jar:/home/runner/.m2/repository/io/fabric8/openshift-model-tuned/7.1.0/openshift-model-tuned-7.1.0.jar:/home/runner/.m2/repository/io/fabric8/openshift-model-console/7.1.0/openshift-model-console-7.1.0.jar:/home/runner/.m2/repository/io/fabric8/openshift-model-config/7.1.0/openshift-model-config-7.1.0.jar:/home/runner/.m2/repository/io/fabric8/openshift-model-machineconfiguration/7.1.0/openshift-model-machineconfiguration-7.1.0.jar:/home/runner/.m2/repository/io/fabric8/openshift-model-miscellaneous/7.1.0/openshift-model-miscellaneous-7.1.0.jar:/home/runner/.m2/repository/io/fabric8/openshift-model-hive/7.1.0/openshift-model-hive-7.1.0.jar:/home/runner/.m2/repository/io/fabric8/openshift-model-installer/7.1.0/openshift-model-installer-7.1.0.jar:/home/runner/.m2/repository/org/junit/platform/junit-platform-launcher/1.12.1/junit-platform-launcher-1.12.1.jar:/home/runner/.m2/repository/org/junit/platform/junit-platform-engine/1.12.1/junit-platform-engine-1.12.1.jar:/home/runner/.m2/repository/org/opentest4j/opentest4j/1.3.0/opentest4j-1.3.0.jar:/home/runner/.m2/repository/org/junit/platform/junit-platform-commons/1.12.1/junit-platform-commons-1.12.1.jar:/home/runner/.m2/repository/org/apiguardian/apiguardian-api/1.1.2/apiguardian-api-1.1.2.jar:/home/runner/.m2/repository/jakarta/ws/rs/jakarta.ws.rs-api/3.1.0/jakarta.ws.rs-api-3.1.0.jar:/home/runner/work/apicurio-testing/apicurio-testing/clusters/ci419/namespaces/pg17/tests/integration/apicurio-registry/java-sdk/target/apicurio-registry-java-sdk-3.0.14-SNAPSHOT.jar:/home/runner/.m2/repository/com/microsoft/kiota/microsoft-kiota-abstractions/1.8.9/microsoft-kiota-abstractions-1.8.9.jar:/home/runner/.m2/repository/io/github/std-uritemplate/std-uritemplate/2.0.0/std-uritemplate-2.0.0.jar:/home/runner/.m2/repository/io/kiota/kiota-http-jdk/0.0.29/kiota-http-jdk-0.0.29.jar:/home/runner/.m2/repository/io/kiota/kiota-http-vertx/0.0.29/kiota-http-vertx-0.0.29.jar:/home/runner/.m2/repository/io/kiota/kiota-serialization-jackson/0.0.29/kiota-serialization-jackson-0.0.29.jar:/home/runner/.m2/repository/com/microsoft/kiota/microsoft-kiota-serialization-text/1.8.9/microsoft-kiota-serialization-text-1.8.9.jar:/home/runner/.m2/repository/com/microsoft/kiota/microsoft-kiota-serialization-form/1.8.9/microsoft-kiota-serialization-form-1.8.9.jar:/home/runner/.m2/repository/com/microsoft/kiota/microsoft-kiota-serialization-multipart/1.8.9/microsoft-kiota-serialization-multipart-1.8.9.jar:/home/runner/.m2/repository/jakarta/annotation/jakarta.annotation-api/3.0.0/jakarta.annotation-api-3.0.0.jar:/home/runner/.m2/repository/io/vertx/vertx-auth-oauth2/4.5.16/vertx-auth-oauth2-4.5.16.jar:/home/runner/work/apicurio-testing/apicurio-testing/clusters/ci419/namespaces/pg17/tests/integration/apicurio-registry/java-sdk-v2/target/apicurio-registry-v2-java-sdk-3.0.14-SNAPSHOT.jar:/home/runner/work/apicurio-testing/apicurio-testing/clusters/ci419/namespaces/pg17/tests/integration/apicurio-registry/utils/kafka/target/apicurio-registry-utils-kafka-3.0.14-SNAPSHOT-tests.jar:/home/runner/.m2/repository/org/eclipse/microprofile/config/microprofile-config-api/3.1/microprofile-config-api-3.1.jar:/home/runner/.m2/repository/org/apache/kafka/kafka-clients/3.9.1/kafka-clients-3.9.1.jar:/home/runner/.m2/repository/com/github/luben/zstd-jni/1.5.6-4/zstd-jni-1.5.6-4.jar:/home/runner/.m2/repository/org/lz4/lz4-java/1.8.0/lz4-java-1.8.0.jar:/home/runner/.m2/repository/org/xerial/snappy/snappy-java/1.1.10.5/snappy-java-1.1.10.5.jar:/home/runner/.m2/repository/org/slf4j/slf4j-api/2.0.6/slf4j-api-2.0.6.jar:/home/runner/work/apicurio-testing/apicurio-testing/clusters/ci419/namespaces/pg17/tests/integration/apicurio-registry/utils/tests/target/apicurio-registry-utils-tests-3.0.14-SNAPSHOT.jar:/home/runner/work/apicurio-testing/apicurio-testing/clusters/ci419/namespaces/pg17/tests/integration/apicurio-registry/common/target/apicurio-registry-common-3.0.14-SNAPSHOT.jar:/home/runner/.m2/repository/jakarta/validation/jakarta.validation-api/3.0.2/jakarta.validation-api-3.0.2.jar:/home/runner/.m2/repository/com/github/dasniko/testcontainers-keycloak/3.8.0/testcontainers-keycloak-3.8.0.jar:/home/runner/.m2/repository/org/testcontainers/testcontainers/1.20.6/testcontainers-1.20.6.jar:/home/runner/.m2/repository/org/rnorth/duct-tape/duct-tape/1.0.8/duct-tape-1.0.8.jar:/home/runner/.m2/repository/com/github/docker-java/docker-java-transport-zerodep/3.4.1/docker-java-transport-zerodep-3.4.1.jar:/home/runner/.m2/repository/com/github/docker-java/docker-java-transport/3.4.1/docker-java-transport-3.4.1.jar:/home/runner/.m2/repository/net/java/dev/jna/jna/5.8.0/jna-5.8.0.jar:/home/runner/.m2/repository/io/quarkus/quarkus-junit4-mock/3.20.2/quarkus-junit4-mock-3.20.2.jar:/home/runner/.m2/repository/org/jboss/shrinkwrap/shrinkwrap-api/2.0.0-beta-2/shrinkwrap-api-2.0.0-beta-2.jar:/home/runner/.m2/repository/org/jboss/shrinkwrap/shrinkwrap-impl-base/2.0.0-beta-2/shrinkwrap-impl-base-2.0.0-beta-2.jar:/home/runner/.m2/repository/org/jboss/shrinkwrap/shrinkwrap-spi/2.0.0-beta-2/shrinkwrap-spi-2.0.0-beta-2.jar:/home/runner/.m2/repository/org/keycloak/keycloak-admin-client/26.0.4/keycloak-admin-client-26.0.4.jar:/home/runner/.m2/repository/org/keycloak/keycloak-client-common-synced/26.0.4/keycloak-client-common-synced-26.0.4.jar:/home/runner/.m2/repository/jakarta/activation/jakarta.activation-api/2.1.3/jakarta.activation-api-2.1.3.jar:/home/runner/.m2/repository/org/eclipse/microprofile/openapi/microprofile-openapi-api/4.0.2/microprofile-openapi-api-4.0.2.jar:/home/runner/.m2/repository/org/jboss/resteasy/resteasy-client/6.2.12.Final/resteasy-client-6.2.12.Final.jar:/home/runner/.m2/repository/org/jboss/resteasy/resteasy-client-api/6.2.12.Final/resteasy-client-api-6.2.12.Final.jar:/home/runner/.m2/repository/org/jboss/resteasy/resteasy-core-spi/6.2.12.Final/resteasy-core-spi-6.2.12.Final.jar:/home/runner/.m2/repository/org/jboss/resteasy/resteasy-core/6.2.12.Final/resteasy-core-6.2.12.Final.jar:/home/runner/.m2/repository/org/eclipse/angus/angus-activation/2.0.2/angus-activation-2.0.2.jar:/home/runner/.m2/repository/com/ibm/async/asyncutil/0.1.0/asyncutil-0.1.0.jar:/home/runner/.m2/repository/org/reactivestreams/reactive-streams/1.0.4/reactive-streams-1.0.4.jar:/home/runner/.m2/repository/org/jboss/resteasy/resteasy-multipart-provider/6.2.12.Final/resteasy-multipart-provider-6.2.12.Final.jar:/home/runner/.m2/repository/jakarta/mail/jakarta.mail-api/2.1.3/jakarta.mail-api-2.1.3.jar:/home/runner/.m2/repository/org/eclipse/angus/angus-mail/2.0.3/angus-mail-2.0.3.jar:/home/runner/.m2/repository/org/apache/james/apache-mime4j-dom/0.8.12/apache-mime4j-dom-0.8.12.jar:/home/runner/.m2/repository/org/apache/james/apache-mime4j-core/0.8.12/apache-mime4j-core-0.8.12.jar:/home/runner/.m2/repository/org/apache/james/apache-mime4j-storage/0.8.12/apache-mime4j-storage-0.8.12.jar:/home/runner/.m2/repository/org/jboss/resteasy/resteasy-jackson2-provider/6.2.12.Final/resteasy-jackson2-provider-6.2.12.Final.jar:/home/runner/.m2/repository/com/fasterxml/jackson/jakarta/rs/jackson-jakarta-rs-base/2.18.2/jackson-jakarta-rs-base-2.18.2.jar:/home/runner/.m2/repository/com/fasterxml/jackson/jakarta/rs/jackson-jakarta-rs-json-provider/2.18.2/jackson-jakarta-rs-json-provider-2.18.2.jar:/home/runner/.m2/repository/com/fasterxml/jackson/module/jackson-module-jakarta-xmlbind-annotations/2.18.2/jackson-module-jakarta-xmlbind-annotations-2.18.2.jar:/home/runner/.m2/repository/com/github/java-json-tools/json-patch/1.13/json-patch-1.13.jar:/home/runner/.m2/repository/com/github/java-json-tools/msg-simple/1.2/msg-simple-1.2.jar:/home/runner/.m2/repository/com/github/java-json-tools/btf/1.3/btf-1.3.jar:/home/runner/.m2/repository/com/github/java-json-tools/jackson-coreutils/2.0/jackson-coreutils-2.0.jar:/home/runner/.m2/repository/org/jboss/resteasy/resteasy-jaxb-provider/6.2.12.Final/resteasy-jaxb-provider-6.2.12.Final.jar:/home/runner/.m2/repository/org/glassfish/jaxb/codemodel/4.0.5/codemodel-4.0.5.jar:/home/runner/.m2/repository/org/glassfish/jaxb/jaxb-core/4.0.5/jaxb-core-4.0.5.jar:/home/runner/.m2/repository/org/glassfish/jaxb/jaxb-jxc/4.0.5/jaxb-jxc-4.0.5.jar:/home/runner/.m2/repository/org/glassfish/jaxb/jaxb-runtime/4.0.5/jaxb-runtime-4.0.5.jar:/home/runner/.m2/repository/org/glassfish/jaxb/txw2/4.0.5/txw2-4.0.5.jar:/home/runner/.m2/repository/org/glassfish/jaxb/jaxb-xjc/4.0.5/jaxb-xjc-4.0.5.jar:/home/runner/.m2/repository/org/glassfish/jaxb/xsom/4.0.5/xsom-4.0.5.jar:/home/runner/.m2/repository/com/sun/istack/istack-commons-runtime/4.1.2/istack-commons-runtime-4.1.2.jar:/home/runner/.m2/repository/com/sun/istack/istack-commons-tools/4.1.2/istack-commons-tools-4.1.2.jar:/home/runner/.m2/repository/com/sun/xml/bind/external/relaxng-datatype/4.0.5/relaxng-datatype-4.0.5.jar:/home/runner/.m2/repository/com/sun/xml/bind/external/rngom/4.0.5/rngom-4.0.5.jar:/home/runner/.m2/repository/org/testcontainers/mssqlserver/1.20.6/mssqlserver-1.20.6.jar:/home/runner/.m2/repository/org/testcontainers/jdbc/1.20.6/jdbc-1.20.6.jar:/home/runner/.m2/repository/org/testcontainers/database-commons/1.20.6/database-commons-1.20.6.jar:/home/runner/.m2/repository/org/testcontainers/mysql/1.20.6/mysql-1.20.6.jar:/home/runner/.m2/repository/io/strimzi/strimzi-test-container/0.111.0/strimzi-test-container-0.111.0.jar:/home/runner/.m2/repository/org/testcontainers/toxiproxy/1.20.6/toxiproxy-1.20.6.jar:/home/runner/.m2/repository/com/github/docker-java/docker-java-api/3.4.1/docker-java-api-3.4.1.jar:/home/runner/.m2/repository/org/apache/logging/log4j/log4j-slf4j-impl/2.19.0/log4j-slf4j-impl-2.19.0.jar:/home/runner/.m2/repository/org/apache/logging/log4j/log4j-api/2.24.3/log4j-api-2.24.3.jar:/home/runner/.m2/repository/org/apache/logging/log4j/log4j-core/2.19.0/log4j-core-2.19.0.jar:/home/runner/.m2/repository/eu/rekawek/toxiproxy/toxiproxy-java/2.1.7/toxiproxy-java-2.1.7.jar:/home/runner/.m2/repository/org/testcontainers/pulsar/1.21.3/pulsar-1.21.3.jar:/home/runner/.m2/repository/io/debezium/debezium-testing-testcontainers/2.7.4.Final/debezium-testing-testcontainers-2.7.4.Final.jar:/home/runner/.m2/repository/org/testcontainers/kafka/1.20.6/kafka-1.20.6.jar:/home/runner/.m2/repository/com/squareup/okhttp3/okhttp/4.8.1/okhttp-4.8.1.jar:/home/runner/.m2/repository/com/squareup/okio/okio/3.10.2/okio-3.10.2.jar:/home/runner/.m2/repository/com/squareup/okio/okio-jvm/3.10.2/okio-jvm-3.10.2.jar:/home/runner/.m2/repository/org/jetbrains/kotlin/kotlin-stdlib/2.0.21/kotlin-stdlib-2.0.21.jar:/home/runner/.m2/repository/org/awaitility/awaitility/4.3.0/awaitility-4.3.0.jar:/home/runner/.m2/repository/org/testcontainers/mongodb/1.20.6/mongodb-1.20.6.jar:/home/runner/.m2/repository/org/testcontainers/mariadb/1.20.6/mariadb-1.20.6.jar:/home/runner/.m2/repository/org/testcontainers/oracle-xe/1.20.6/oracle-xe-1.20.6.jar:/home/runner/.m2/repository/org/testcontainers/postgresql/1.20.6/postgresql-1.20.6.jar:/home/runner/.m2/repository/org/wiremock/wiremock/3.0.1/wiremock-3.0.1.jar:/home/runner/.m2/repository/org/eclipse/jetty/jetty-server/11.0.15/jetty-server-11.0.15.jar:/home/runner/.m2/repository/org/eclipse/jetty/toolchain/jetty-jakarta-servlet-api/5.0.2/jetty-jakarta-servlet-api-5.0.2.jar:/home/runner/.m2/repository/org/eclipse/jetty/jetty-http/11.0.15/jetty-http-11.0.15.jar:/home/runner/.m2/repository/org/eclipse/jetty/jetty-io/11.0.15/jetty-io-11.0.15.jar:/home/runner/.m2/repository/org/eclipse/jetty/jetty-servlet/11.0.15/jetty-servlet-11.0.15.jar:/home/runner/.m2/repository/org/eclipse/jetty/jetty-security/11.0.15/jetty-security-11.0.15.jar:/home/runner/.m2/repository/org/eclipse/jetty/jetty-servlets/11.0.15/jetty-servlets-11.0.15.jar:/home/runner/.m2/repository/org/eclipse/jetty/jetty-util/11.0.15/jetty-util-11.0.15.jar:/home/runner/.m2/repository/org/eclipse/jetty/jetty-webapp/11.0.15/jetty-webapp-11.0.15.jar:/home/runner/.m2/repository/org/eclipse/jetty/jetty-xml/11.0.15/jetty-xml-11.0.15.jar:/home/runner/.m2/repository/org/eclipse/jetty/jetty-proxy/11.0.15/jetty-proxy-11.0.15.jar:/home/runner/.m2/repository/org/eclipse/jetty/jetty-client/11.0.15/jetty-client-11.0.15.jar:/home/runner/.m2/repository/org/eclipse/jetty/http2/http2-server/11.0.15/http2-server-11.0.15.jar:/home/runner/.m2/repository/org/eclipse/jetty/http2/http2-common/11.0.15/http2-common-11.0.15.jar:/home/runner/.m2/repository/org/eclipse/jetty/http2/http2-hpack/11.0.15/http2-hpack-11.0.15.jar:/home/runner/.m2/repository/org/eclipse/jetty/jetty-alpn-server/11.0.15/jetty-alpn-server-11.0.15.jar:/home/runner/.m2/repository/org/eclipse/jetty/jetty-alpn-java-server/11.0.15/jetty-alpn-java-server-11.0.15.jar:/home/runner/.m2/repository/org/eclipse/jetty/jetty-alpn-java-client/11.0.15/jetty-alpn-java-client-11.0.15.jar:/home/runner/.m2/repository/org/eclipse/jetty/jetty-alpn-client/11.0.15/jetty-alpn-client-11.0.15.jar:/home/runner/.m2/repository/org/apache/httpcomponents/client5/httpclient5/5.2.1/httpclient5-5.2.1.jar:/home/runner/.m2/repository/org/apache/httpcomponents/core5/httpcore5/5.2/httpcore5-5.2.jar:/home/runner/.m2/repository/org/apache/httpcomponents/core5/httpcore5-h2/5.2/httpcore5-h2-5.2.jar:/home/runner/.m2/repository/org/xmlunit/xmlunit-core/2.9.1/xmlunit-core-2.9.1.jar:/home/runner/.m2/repository/jakarta/xml/bind/jakarta.xml.bind-api/4.0.2/jakarta.xml.bind-api-4.0.2.jar:/home/runner/.m2/repository/org/xmlunit/xmlunit-legacy/2.9.1/xmlunit-legacy-2.9.1.jar:/home/runner/.m2/repository/org/xmlunit/xmlunit-placeholders/2.9.1/xmlunit-placeholders-2.9.1.jar:/home/runner/.m2/repository/net/javacrumbs/json-unit/json-unit-core/2.38.0/json-unit-core-2.38.0.jar:/home/runner/.m2/repository/org/hamcrest/hamcrest-core/2.2/hamcrest-core-2.2.jar:/home/runner/.m2/repository/com/jayway/jsonpath/json-path/2.8.0/json-path-2.8.0.jar:/home/runner/.m2/repository/net/minidev/json-smart/2.4.10/json-smart-2.4.10.jar:/home/runner/.m2/repository/net/minidev/accessors-smart/2.4.9/accessors-smart-2.4.9.jar:/home/runner/.m2/repository/org/ow2/asm/asm/9.7.1/asm-9.7.1.jar:/home/runner/.m2/repository/net/sf/jopt-simple/jopt-simple/5.0.4/jopt-simple-5.0.4.jar:/home/runner/.m2/repository/com/github/jknack/handlebars/4.3.1/handlebars-4.3.1.jar:/home/runner/.m2/repository/com/github/jknack/handlebars-helpers/4.3.1/handlebars-helpers-4.3.1.jar:/home/runner/.m2/repository/commons-fileupload/commons-fileupload/1.5/commons-fileupload-1.5.jar:/home/runner/.m2/repository/com/networknt/json-schema-validator/1.5.8/json-schema-validator-1.5.8.jar:/home/runner/.m2/repository/com/ethlo/time/itu/1.10.3/itu-1.10.3.jar:/home/runner/.m2/repository/io/quarkus/quarkus-smallrye-jwt-build/3.20.2/quarkus-smallrye-jwt-build-3.20.2.jar:/home/runner/.m2/repository/io/smallrye/smallrye-jwt-build/4.6.2/smallrye-jwt-build-4.6.2.jar:/home/runner/.m2/repository/org/eclipse/microprofile/jwt/microprofile-jwt-auth-api/2.1/microprofile-jwt-auth-api-2.1.jar:/home/runner/.m2/repository/org/bitbucket/b_c/jose4j/0.9.6/jose4j-0.9.6.jar:/home/runner/.m2/repository/io/smallrye/smallrye-jwt-common/4.6.2/smallrye-jwt-common-4.6.2.jar:/home/runner/.m2/repository/io/quarkus/quarkus-jsonp/3.20.2/quarkus-jsonp-3.20.2.jar:/home/runner/.m2/repository/io/quarkus/quarkus-arc/3.20.2/quarkus-arc-3.20.2.jar:/home/runner/.m2/repository/io/quarkus/arc/arc/3.20.2/arc-3.20.2.jar:/home/runner/.m2/repository/jakarta/transaction/jakarta.transaction-api/2.0.1/jakarta.transaction-api-2.0.1.jar:/home/runner/.m2/repository/io/smallrye/reactive/mutiny/2.9.2/mutiny-2.9.2.jar:/home/runner/.m2/repository/org/jctools/jctools-core/4.0.5/jctools-core-4.0.5.jar:/home/runner/.m2/repository/org/eclipse/microprofile/context-propagation/microprofile-context-propagation-api/1.3/microprofile-context-propagation-api-1.3.jar:/home/runner/.m2/repository/io/apicurio/apicurio-common-rest-client-common/0.1.18.Final/apicurio-common-rest-client-common-0.1.18.Final.jar:/home/runner/work/apicurio-testing/apicurio-testing/clusters/ci419/namespaces/pg17/tests/integration/apicurio-registry/utils/maven-plugin/target/apicurio-registry-maven-plugin-3.0.14-SNAPSHOT.jar:/home/runner/.m2/repository/com/fasterxml/jackson/core/jackson-databind/2.18.2/jackson-databind-2.18.2.jar:/home/runner/.m2/repository/org/apache/avro/avro/1.12.0/avro-1.12.0.jar:/home/runner/.m2/repository/com/google/protobuf/protobuf-java/4.32.0/protobuf-java-4.32.0.jar:/home/runner/.m2/repository/com/google/protobuf/protobuf-java-util/4.32.0/protobuf-java-util-4.32.0.jar:/home/runner/.m2/repository/com/google/code/findbugs/jsr305/3.0.2/jsr305-3.0.2.jar:/home/runner/.m2/repository/com/google/code/gson/gson/2.12.1/gson-2.12.1.jar:/home/runner/.m2/repository/com/google/errorprone/error_prone_annotations/2.36.0/error_prone_annotations-2.36.0.jar:/home/runner/.m2/repository/com/google/j2objc/j2objc-annotations/2.8/j2objc-annotations-2.8.jar:/home/runner/work/apicurio-testing/apicurio-testing/clusters/ci419/namespaces/pg17/tests/integration/apicurio-registry/schema-util/util-provider/target/apicurio-registry-schema-util-provider-3.0.14-SNAPSHOT.jar:/home/runner/work/apicurio-testing/apicurio-testing/clusters/ci419/namespaces/pg17/tests/integration/apicurio-registry/schema-util/common/target/apicurio-registry-schema-util-common-3.0.14-SNAPSHOT.jar:/home/runner/.m2/repository/com/fasterxml/jackson/module/jackson-module-parameter-names/2.18.2/jackson-module-parameter-names-2.18.2.jar:/home/runner/.m2/repository/com/fasterxml/jackson/datatype/jackson-datatype-json-org/2.18.2/jackson-datatype-json-org-2.18.2.jar:/home/runner/work/apicurio-testing/apicurio-testing/clusters/ci419/namespaces/pg17/tests/integration/apicurio-registry/schema-util/json/target/apicurio-registry-schema-util-json-3.0.14-SNAPSHOT.jar:/home/runner/.m2/repository/com/github/erosb/everit-json-schema/1.14.5/everit-json-schema-1.14.5.jar:/home/runner/.m2/repository/commons-validator/commons-validator/1.9.0/commons-validator-1.9.0.jar:/home/runner/.m2/repository/commons-digester/commons-digester/2.1/commons-digester-2.1.jar:/home/runner/.m2/repository/commons-collections/commons-collections/3.2.2/commons-collections-3.2.2.jar:/home/runner/.m2/repository/com/damnhandy/handy-uri-templates/2.1.8/handy-uri-templates-2.1.8.jar:/home/runner/.m2/repository/joda-time/joda-time/2.10.2/joda-time-2.10.2.jar:/home/runner/.m2/repository/com/github/erosb/json-sKema/0.20.0/json-sKema-0.20.0.jar:/home/runner/.m2/repository/io/vertx/vertx-json-schema/4.5.16/vertx-json-schema-4.5.16.jar:/home/runner/work/apicurio-testing/apicurio-testing/clusters/ci419/namespaces/pg17/tests/integration/apicurio-registry/schema-util/protobuf/target/apicurio-registry-schema-util-protobuf-3.0.14-SNAPSHOT.jar:/home/runner/work/apicurio-testing/apicurio-testing/clusters/ci419/namespaces/pg17/tests/integration/apicurio-registry/utils/protobuf-schema-utilities/target/apicurio-registry-protobuf-schema-utilities-3.0.14-SNAPSHOT.jar:/home/runner/.m2/repository/com/google/api/grpc/proto-google-common-protos/2.52.0/proto-google-common-protos-2.52.0.jar:/home/runner/.m2/repository/com/squareup/wire/wire-schema-jvm/5.3.3/wire-schema-jvm-5.3.3.jar:/home/runner/.m2/repository/com/palantir/javapoet/javapoet/0.6.0/javapoet-0.6.0.jar:/home/runner/.m2/repository/com/squareup/kotlinpoet-jvm/2.0.0/kotlinpoet-jvm-2.0.0.jar:/home/runner/.m2/repository/org/jetbrains/kotlin/kotlin-reflect/2.0.21/kotlin-reflect-2.0.21.jar:/home/runner/.m2/repository/com/squareup/wire/wire-runtime-jvm/5.3.3/wire-runtime-jvm-5.3.3.jar:/home/runner/.m2/repository/com/ibm/icu/icu4j/76.1/icu4j-76.1.jar:/home/runner/.m2/repository/com/squareup/okio/okio-fakefilesystem/3.10.2/okio-fakefilesystem-3.10.2.jar:/home/runner/.m2/repository/com/squareup/okio/okio-fakefilesystem-jvm/3.10.2/okio-fakefilesystem-jvm-3.10.2.jar:/home/runner/.m2/repository/org/jetbrains/kotlinx/kotlinx-datetime-jvm/0.6.1/kotlinx-datetime-jvm-0.6.1.jar:/home/runner/work/apicurio-testing/apicurio-testing/clusters/ci419/namespaces/pg17/tests/integration/apicurio-registry/schema-util/asyncapi/target/apicurio-registry-schema-util-asyncapi-3.0.14-SNAPSHOT.jar:/home/runner/work/apicurio-testing/apicurio-testing/clusters/ci419/namespaces/pg17/tests/integration/apicurio-registry/schema-util/avro/target/apicurio-registry-schema-util-avro-3.0.14-SNAPSHOT.jar:/home/runner/work/apicurio-testing/apicurio-testing/clusters/ci419/namespaces/pg17/tests/integration/apicurio-registry/schema-util/graphql/target/apicurio-registry-schema-util-graphql-3.0.14-SNAPSHOT.jar:/home/runner/.m2/repository/com/graphql-java/graphql-java/22.4/graphql-java-22.4.jar:/home/runner/.m2/repository/com/graphql-java/java-dataloader/3.3.0/java-dataloader-3.3.0.jar:/home/runner/work/apicurio-testing/apicurio-testing/clusters/ci419/namespaces/pg17/tests/integration/apicurio-registry/schema-util/kconnect/target/apicurio-registry-schema-util-kconnect-3.0.14-SNAPSHOT.jar:/home/runner/work/apicurio-testing/apicurio-testing/clusters/ci419/namespaces/pg17/tests/integration/apicurio-registry/schema-util/openapi/target/apicurio-registry-schema-util-openapi-3.0.14-SNAPSHOT.jar:/home/runner/.m2/repository/io/apicurio/apicurio-data-models/2.2.2/apicurio-data-models-2.2.2.jar:/home/runner/.m2/repository/org/slf4j/jcl-over-slf4j/2.0.6/jcl-over-slf4j-2.0.6.jar:/home/runner/.m2/repository/org/openapitools/openapidiff/openapi-diff-core/2.1.2/openapi-diff-core-2.1.2.jar:/home/runner/.m2/repository/io/swagger/parser/v3/swagger-parser/2.1.28/swagger-parser-2.1.28.jar:/home/runner/.m2/repository/io/swagger/parser/v3/swagger-parser-v2-converter/2.1.28/swagger-parser-v2-converter-2.1.28.jar:/home/runner/.m2/repository/io/swagger/swagger-core/1.6.16/swagger-core-1.6.16.jar:/home/runner/.m2/repository/io/swagger/swagger-models/1.6.16/swagger-models-1.6.16.jar:/home/runner/.m2/repository/io/swagger/swagger-annotations/1.6.16/swagger-annotations-1.6.16.jar:/home/runner/.m2/repository/io/swagger/swagger-parser/1.0.75/swagger-parser-1.0.75.jar:/home/runner/.m2/repository/io/swagger/swagger-parser-safe-url-resolver/1.0.75/swagger-parser-safe-url-resolver-1.0.75.jar:/home/runner/.m2/repository/io/swagger/swagger-compat-spec-parser/1.0.75/swagger-compat-spec-parser-1.0.75.jar:/home/runner/.m2/repository/com/github/java-json-tools/json-schema-validator/2.2.14/json-schema-validator-2.2.14.jar:/home/runner/.m2/repository/com/github/java-json-tools/jackson-coreutils-equivalence/1.0/jackson-coreutils-equivalence-1.0.jar:/home/runner/.m2/repository/com/github/java-json-tools/json-schema-core/1.2.14/json-schema-core-1.2.14.jar:/home/runner/.m2/repository/com/github/java-json-tools/uri-template/0.10/uri-template-0.10.jar:/home/runner/.m2/repository/com/googlecode/libphonenumber/libphonenumber/8.11.1/libphonenumber-8.11.1.jar:/home/runner/.m2/repository/com/j2html/j2html/1.6.0/j2html-1.6.0.jar:/home/runner/.m2/repository/org/apache/commons/commons-collections4/4.5.0/commons-collections4-4.5.0.jar:/home/runner/.m2/repository/io/swagger/parser/v3/swagger-parser-v3/2.1.31/swagger-parser-v3-2.1.31.jar:/home/runner/.m2/repository/io/swagger/core/v3/swagger-models/2.2.34/swagger-models-2.2.34.jar:/home/runner/.m2/repository/io/swagger/core/v3/swagger-core/2.2.34/swagger-core-2.2.34.jar:/home/runner/.m2/repository/io/swagger/parser/v3/swagger-parser-core/2.1.31/swagger-parser-core-2.1.31.jar:/home/runner/.m2/repository/io/swagger/parser/v3/swagger-parser-safe-url-resolver/2.1.31/swagger-parser-safe-url-resolver-2.1.31.jar:/home/runner/work/apicurio-testing/apicurio-testing/clusters/ci419/namespaces/pg17/tests/integration/apicurio-registry/schema-util/wsdl/target/apicurio-registry-schema-util-wsdl-3.0.14-SNAPSHOT.jar:/home/runner/.m2/repository/wsdl4j/wsdl4j/1.6.3/wsdl4j-1.6.3.jar:/home/runner/work/apicurio-testing/apicurio-testing/clusters/ci419/namespaces/pg17/tests/integration/apicurio-registry/schema-util/xml/target/apicurio-registry-schema-util-xml-3.0.14-SNAPSHOT.jar:/home/runner/.m2/repository/org/apache/santuario/xmlsec/4.0.4/xmlsec-4.0.4.jar:/home/runner/.m2/repository/com/fasterxml/woodstox/woodstox-core/7.1.1/woodstox-core-7.1.1.jar:/home/runner/.m2/repository/org/codehaus/woodstox/stax2-api/4.2.2/stax2-api-4.2.2.jar:/home/runner/work/apicurio-testing/apicurio-testing/clusters/ci419/namespaces/pg17/tests/integration/apicurio-registry/schema-util/xsd/target/apicurio-registry-schema-util-xsd-3.0.14-SNAPSHOT.jar:/home/runner/work/apicurio-testing/apicurio-testing/clusters/ci419/namespaces/pg17/tests/integration/apicurio-registry/serdes/kafka/jsonschema-serde/target/apicurio-registry-jsonschema-serde-kafka-3.0.14-SNAPSHOT.jar:/home/runner/work/apicurio-testing/apicurio-testing/clusters/ci419/namespaces/pg17/tests/integration/apicurio-registry/serdes/kafka/serde-kafka-common/target/apicurio-registry-serde-kafka-common-3.0.14-SNAPSHOT.jar:/home/runner/work/apicurio-testing/apicurio-testing/clusters/ci419/namespaces/pg17/tests/integration/apicurio-registry/serdes/generic/serde-common/target/apicurio-registry-serde-common-3.0.14-SNAPSHOT.jar:/home/runner/work/apicurio-testing/apicurio-testing/clusters/ci419/namespaces/pg17/tests/integration/apicurio-registry/serdes/generic/serde-common-jsonschema/target/apicurio-registry-serde-common-jsonschema-3.0.14-SNAPSHOT.jar:/home/runner/.m2/repository/org/json/json/20250107/json-20250107.jar:/home/runner/work/apicurio-testing/apicurio-testing/clusters/ci419/namespaces/pg17/tests/integration/apicurio-registry/serdes/kafka/avro-serde/target/apicurio-registry-avro-serde-kafka-3.0.14-SNAPSHOT.jar:/home/runner/work/apicurio-testing/apicurio-testing/clusters/ci419/namespaces/pg17/tests/integration/apicurio-registry/serdes/generic/serde-common-avro/target/apicurio-registry-serde-common-avro-3.0.14-SNAPSHOT.jar:/home/runner/work/apicurio-testing/apicurio-testing/clusters/ci419/namespaces/pg17/tests/integration/apicurio-registry/serdes/kafka/protobuf-serde/target/apicurio-registry-protobuf-serde-kafka-3.0.14-SNAPSHOT.jar:/home/runner/work/apicurio-testing/apicurio-testing/clusters/ci419/namespaces/pg17/tests/integration/apicurio-registry/serdes/generic/serde-common-protobuf/target/apicurio-registry-serde-common-protobuf-3.0.14-SNAPSHOT.jar:/home/runner/.m2/repository/com/squareup/wire/wire-schema/5.3.3/wire-schema-5.3.3.jar:/home/runner/.m2/repository/com/squareup/wire/wire-runtime/5.3.3/wire-runtime-5.3.3.jar:/home/runner/work/apicurio-testing/apicurio-testing/clusters/ci419/namespaces/pg17/tests/integration/apicurio-registry/serdes/pulsar/avro-serde/target/apicurio-registry-avro-serde-pulsar-3.0.14-SNAPSHOT.jar:/home/runner/.m2/repository/org/apache/pulsar/pulsar-functions-api/3.3.8/pulsar-functions-api-3.3.8.jar:/home/runner/work/apicurio-testing/apicurio-testing/clusters/ci419/namespaces/pg17/tests/integration/apicurio-registry/serdes/nats/avro-serde/target/apicurio-registry-avro-serde-nats-3.0.14-SNAPSHOT.jar:/home/runner/.m2/repository/io/nats/jnats/2.21.4/jnats-2.21.4.jar:/home/runner/.m2/repository/org/bouncycastle/bcprov-lts8on/2.73.7/bcprov-lts8on-2.73.7.jar:/home/runner/.m2/repository/org/jetbrains/annotations/26.0.2/annotations-26.0.2.jar:/home/runner/work/apicurio-testing/apicurio-testing/clusters/ci419/namespaces/pg17/tests/integration/apicurio-registry/utils/converter/target/apicurio-registry-utils-converter-3.0.14-SNAPSHOT.jar:/home/runner/work/apicurio-testing/apicurio-testing/clusters/ci419/namespaces/pg17/tests/integration/apicurio-registry/schema-resolver/target/apicurio-registry-schema-resolver-3.0.14-SNAPSHOT.jar:/home/runner/.m2/repository/org/apache/kafka/connect-api/3.9.1/connect-api-3.9.1.jar:/home/runner/.m2/repository/javax/ws/rs/javax.ws.rs-api/2.1.1/javax.ws.rs-api-2.1.1.jar:/home/runner/.m2/repository/org/apache/kafka/connect-json/3.9.1/connect-json-3.9.1.jar:/home/runner/.m2/repository/com/fasterxml/jackson/datatype/jackson-datatype-jdk8/2.18.2/jackson-datatype-jdk8-2.18.2.jar:/home/runner/.m2/repository/com/fasterxml/jackson/module/jackson-module-afterburner/2.18.2/jackson-module-afterburner-2.18.2.jar:/home/runner/work/apicurio-testing/apicurio-testing/clusters/ci419/namespaces/pg17/tests/integration/apicurio-registry/utils/kafka/target/apicurio-registry-utils-kafka-3.0.14-SNAPSHOT.jar:/home/runner/.m2/repository/org/apache/pulsar/pulsar-client/3.3.8/pulsar-client-3.3.8.jar:/home/runner/.m2/repository/org/apache/pulsar/pulsar-client-api/3.3.8/pulsar-client-api-3.3.8.jar:/home/runner/.m2/repository/org/apache/pulsar/pulsar-client-admin-api/3.3.8/pulsar-client-admin-api-3.3.8.jar:/home/runner/.m2/repository/org/apache/pulsar/bouncy-castle-bc/3.3.8/bouncy-castle-bc-3.3.8-pkg.jar:/home/runner/.m2/repository/org/bouncycastle/bcpkix-jdk18on/1.81/bcpkix-jdk18on-1.81.jar:/home/runner/.m2/repository/org/bouncycastle/bcutil-jdk18on/1.81/bcutil-jdk18on-1.81.jar:/home/runner/.m2/repository/org/bouncycastle/bcprov-jdk18on/1.81/bcprov-jdk18on-1.81.jar:/home/runner/.m2/repository/io/opentelemetry/opentelemetry-api/1.44.1/opentelemetry-api-1.44.1.jar:/home/runner/.m2/repository/io/opentelemetry/opentelemetry-context/1.44.1/opentelemetry-context-1.44.1.jar:/home/runner/.m2/repository/io/opentelemetry/opentelemetry-api-incubator/1.44.1-alpha/opentelemetry-api-incubator-1.44.1-alpha.jar:/home/runner/.m2/repository/com/fasterxml/jackson/core/jackson-annotations/2.18.2/jackson-annotations-2.18.2.jar:/home/runner/.m2/repository/javax/validation/validation-api/1.1.0.Final/validation-api-1.1.0.Final.jar:/home/runner/.m2/repository/org/jspecify/jspecify/1.0.0/jspecify-1.0.0.jar:/home/runner/.m2/repository/org/apache/commons/commons-configuration2/2.12.0/commons-configuration2-2.12.0.jar:/home/runner/.m2/repository/commons-logging/commons-logging/1.3.5/commons-logging-1.3.5.jar:/home/runner/.m2/repository/org/apache/commons/commons-text/1.13.0/commons-text-1.13.0.jar:/home/runner/.m2/repository/io/confluent/kafka-avro-serializer/8.0.0/kafka-avro-serializer-8.0.0.jar:/home/runner/.m2/repository/org/apache/commons/commons-compress/1.27.1/commons-compress-1.27.1.jar:/home/runner/.m2/repository/io/confluent/kafka-schema-serializer/8.0.0/kafka-schema-serializer-8.0.0.jar:/home/runner/.m2/repository/com/fasterxml/jackson/dataformat/jackson-dataformat-csv/2.18.2/jackson-dataformat-csv-2.18.2.jar:/home/runner/.m2/repository/io/confluent/kafka-schema-registry-client/8.0.0/kafka-schema-registry-client-8.0.0.jar:/home/runner/.m2/repository/org/yaml/snakeyaml/2.3/snakeyaml-2.3.jar:/home/runner/.m2/repository/io/swagger/core/v3/swagger-annotations/2.2.29/swagger-annotations-2.2.29.jar:/home/runner/.m2/repository/com/google/guava/guava/33.4.0-jre/guava-33.4.0-jre.jar:/home/runner/.m2/repository/com/google/guava/failureaccess/1.0.1/failureaccess-1.0.1.jar:/home/runner/.m2/repository/org/checkerframework/checker-qual/3.49.0/checker-qual-3.49.0.jar:/home/runner/.m2/repository/io/confluent/logredactor/1.0.13/logredactor-1.0.13.jar:/home/runner/.m2/repository/com/google/re2j/re2j/1.6/re2j-1.6.jar:/home/runner/.m2/repository/io/confluent/logredactor-metrics/1.0.13/logredactor-metrics-1.0.13.jar:/home/runner/.m2/repository/com/eclipsesource/minimal-json/minimal-json/0.9.5/minimal-json-0.9.5.jar:/home/runner/.m2/repository/io/confluent/common-utils/8.0.0/common-utils-8.0.0.jar:/home/runner/.m2/repository/io/confluent/kafka-connect-avro-converter/8.0.0/kafka-connect-avro-converter-8.0.0.jar:/home/runner/.m2/repository/io/confluent/kafka-connect-avro-data/8.0.0/kafka-connect-avro-data-8.0.0.jar:/home/runner/.m2/repository/io/confluent/kafka-schema-converter/8.0.0/kafka-schema-converter-8.0.0.jar:/home/runner/.m2/repository/io/rest-assured/rest-assured/5.5.1/rest-assured-5.5.1.jar:/home/runner/.m2/repository/org/apache/groovy/groovy/4.0.22/groovy-4.0.22.jar:/home/runner/.m2/repository/org/apache/groovy/groovy-xml/4.0.22/groovy-xml-4.0.22.jar:/home/runner/.m2/repository/org/apache/httpcomponents/httpclient/4.5.14/httpclient-4.5.14.jar:/home/runner/.m2/repository/org/apache/httpcomponents/httpcore/4.4.16/httpcore-4.4.16.jar:/home/runner/.m2/repository/org/apache/httpcomponents/httpmime/4.5.14/httpmime-4.5.14.jar:/home/runner/.m2/repository/org/hamcrest/hamcrest/2.2/hamcrest-2.2.jar:/home/runner/.m2/repository/org/ccil/cowan/tagsoup/tagsoup/1.2.1/tagsoup-1.2.1.jar:/home/runner/.m2/repository/io/rest-assured/json-path/5.5.1/json-path-5.5.1.jar:/home/runner/.m2/repository/org/apache/groovy/groovy-json/4.0.22/groovy-json-4.0.22.jar:/home/runner/.m2/repository/io/rest-assured/rest-assured-common/5.5.1/rest-assured-common-5.5.1.jar:/home/runner/.m2/repository/io/rest-assured/xml-path/5.5.1/xml-path-5.5.1.jar:/home/runner/.m2/repository/io/zonky/test/embedded-postgres/2.1.0/embedded-postgres-2.1.0.jar:/home/runner/.m2/repository/io/zonky/test/postgres/embedded-postgres-binaries-windows-amd64/14.15.0/embedded-postgres-binaries-windows-amd64-14.15.0.jar:/home/runner/.m2/repository/io/zonky/test/postgres/embedded-postgres-binaries-darwin-amd64/14.15.0/embedded-postgres-binaries-darwin-amd64-14.15.0.jar:/home/runner/.m2/repository/io/zonky/test/postgres/embedded-postgres-binaries-linux-amd64/14.15.0/embedded-postgres-binaries-linux-amd64-14.15.0.jar:/home/runner/.m2/repository/io/zonky/test/postgres/embedded-postgres-binaries-linux-amd64-alpine/14.15.0/embedded-postgres-binaries-linux-amd64-alpine-14.15.0.jar:/home/runner/.m2/repository/org/apache/commons/commons-lang3/3.17.0/commons-lang3-3.17.0.jar:/home/runner/.m2/repository/org/tukaani/xz/1.10/xz-1.10.jar:/home/runner/.m2/repository/commons-codec/commons-codec/1.19.0/commons-codec-1.19.0.jar:/home/runner/.m2/repository/org/postgresql/postgresql/42.7.7/postgresql-42.7.7.jar:/home/runner/.m2/repository/commons-io/commons-io/2.18.0/commons-io-2.18.0.jar:/home/runner/work/apicurio-testing/apicurio-testing/clusters/ci419/namespaces/pg17/tests/integration/apicurio-registry/utils/importexport/target/apicurio-registry-utils-import-export-3.0.14-SNAPSHOT.jar:/home/runner/.m2/repository/io/vertx/vertx-core/4.5.16/vertx-core-4.5.16.jar:/home/runner/.m2/repository/io/netty/netty-common/4.1.121.Final/netty-common-4.1.121.Final.jar:/home/runner/.m2/repository/io/netty/netty-buffer/4.1.121.Final/netty-buffer-4.1.121.Final.jar:/home/runner/.m2/repository/io/netty/netty-transport/4.1.121.Final/netty-transport-4.1.121.Final.jar:/home/runner/.m2/repository/io/netty/netty-handler/4.1.121.Final/netty-handler-4.1.121.Final.jar:/home/runner/.m2/repository/io/netty/netty-transport-native-unix-common/4.1.121.Final/netty-transport-native-unix-common-4.1.121.Final.jar:/home/runner/.m2/repository/io/netty/netty-codec/4.1.121.Final/netty-codec-4.1.121.Final.jar:/home/runner/.m2/repository/io/netty/netty-handler-proxy/4.1.121.Final/netty-handler-proxy-4.1.121.Final.jar:/home/runner/.m2/repository/io/netty/netty-codec-socks/4.1.121.Final/netty-codec-socks-4.1.121.Final.jar:/home/runner/.m2/repository/io/netty/netty-codec-http/4.1.121.Final/netty-codec-http-4.1.121.Final.jar:/home/runner/.m2/repository/io/netty/netty-codec-http2/4.1.121.Final/netty-codec-http2-4.1.121.Final.jar:/home/runner/.m2/repository/io/netty/netty-resolver/4.1.121.Final/netty-resolver-4.1.121.Final.jar:/home/runner/.m2/repository/io/netty/netty-resolver-dns/4.1.121.Final/netty-resolver-dns-4.1.121.Final.jar:/home/runner/.m2/repository/io/netty/netty-codec-dns/4.1.121.Final/netty-codec-dns-4.1.121.Final.jar:/home/runner/.m2/repository/com/fasterxml/jackson/core/jackson-core/2.18.2/jackson-core-2.18.2.jar:"/>
    <property name="java.vm.vendor" value="Eclipse Adoptium"/>
    <property name="maven.javadoc.skip" value="true"/>
    <property name="sun.arch.data.model" value="64"/>
    <property name="java.vendor.url" value="https://adoptium.net/"/>
    <property name="user.timezone" value="Etc/UTC"/>
    <property name="os.name" value="Linux"/>
    <property name="java.vm.specification.version" value="17"/>
    <property name="sun.java.launcher" value="SUN_STANDARD"/>
    <property name="quarkus.http.test-port" value="80"/>
    <property name="sun.boot.library.path" value="/usr/lib/jvm/temurin-17-jdk-amd64/lib"/>
    <property name="sun.java.command" value="/home/runner/work/apicurio-testing/apicurio-testing/clusters/ci419/namespaces/pg17/tests/integration/apicurio-registry/integration-tests/target/surefire/surefirebooter-20250903132126147_3.jar /home/runner/work/apicurio-testing/apicurio-testing/clusters/ci419/namespaces/pg17/tests/integration/apicurio-registry/integration-tests/target/surefire 2025-09-03T13-21-26_098-jvmRun1 surefire-20250903132126147_1tmp surefire_0-20250903132126147_2tmp"/>
    <property name="maven.home" value="/home/runner/.m2/wrapper/dists/apache-maven-3.9.8-bin/4fnp1ql35bgk2a0p7m31ovbgb0/apache-maven-3.9.8"/>
    <property name="jdk.debug" value="release"/>
    <property name="surefire.test.class.path" value="/home/runner/work/apicurio-testing/apicurio-testing/clusters/ci419/namespaces/pg17/tests/integration/apicurio-registry/integration-tests/target/test-classes:/home/runner/work/apicurio-testing/apicurio-testing/clusters/ci419/namespaces/pg17/tests/integration/apicurio-registry/integration-tests/target/apicurio-registry-integration-tests-3.0.14-SNAPSHOT.jar:/home/runner/.m2/repository/io/quarkus/quarkus-junit5/3.20.2/quarkus-junit5-3.20.2.jar:/home/runner/.m2/repository/io/quarkus/quarkus-bootstrap-core/3.20.2/quarkus-bootstrap-core-3.20.2.jar:/home/runner/.m2/repository/io/quarkus/quarkus-classloader-commons/3.20.2/quarkus-classloader-commons-3.20.2.jar:/home/runner/.m2/repository/io/quarkus/quarkus-bootstrap-app-model/3.20.2/quarkus-bootstrap-app-model-3.20.2.jar:/home/runner/.m2/repository/io/smallrye/common/smallrye-common-io/2.12.0/smallrye-common-io-2.12.0.jar:/home/runner/.m2/repository/org/eclipse/sisu/org.eclipse.sisu.inject/0.9.0.M3/org.eclipse.sisu.inject-0.9.0.M3.jar:/home/runner/.m2/repository/io/quarkus/quarkus-test-common/3.20.2/quarkus-test-common-3.20.2.jar:/home/runner/.m2/repository/io/quarkus/quarkus-core-deployment/3.20.2/quarkus-core-deployment-3.20.2.jar:/home/runner/.m2/repository/org/aesh/readline/2.6/readline-2.6.jar:/home/runner/.m2/repository/org/fusesource/jansi/jansi/2.4.0/jansi-2.4.0.jar:/home/runner/.m2/repository/org/aesh/aesh/2.8.2/aesh-2.8.2.jar:/home/runner/.m2/repository/io/quarkus/gizmo/gizmo/1.8.0/gizmo-1.8.0.jar:/home/runner/.m2/repository/org/ow2/asm/asm-util/9.7.1/asm-util-9.7.1.jar:/home/runner/.m2/repository/org/ow2/asm/asm-analysis/9.7.1/asm-analysis-9.7.1.jar:/home/runner/.m2/repository/org/ow2/asm/asm-commons/9.7.1/asm-commons-9.7.1.jar:/home/runner/.m2/repository/org/ow2/asm/asm-tree/9.7.1/asm-tree-9.7.1.jar:/home/runner/.m2/repository/io/quarkus/quarkus-hibernate-validator-spi/3.20.2/quarkus-hibernate-validator-spi-3.20.2.jar:/home/runner/.m2/repository/io/quarkus/quarkus-class-change-agent/3.20.2/quarkus-class-change-agent-3.20.2.jar:/home/runner/.m2/repository/io/quarkus/quarkus-devtools-utilities/3.20.2/quarkus-devtools-utilities-3.20.2.jar:/home/runner/.m2/repository/io/quarkus/quarkus-builder/3.20.2/quarkus-builder-3.20.2.jar:/home/runner/.m2/repository/org/graalvm/sdk/nativeimage/23.1.2/nativeimage-23.1.2.jar:/home/runner/.m2/repository/org/graalvm/sdk/word/23.1.2/word-23.1.2.jar:/home/runner/.m2/repository/io/quarkus/quarkus-bootstrap-maven-resolver/3.20.2/quarkus-bootstrap-maven-resolver-3.20.2.jar:/home/runner/.m2/repository/io/smallrye/beanbag/smallrye-beanbag-maven/1.5.2/smallrye-beanbag-maven-1.5.2.jar:/home/runner/.m2/repository/io/smallrye/beanbag/smallrye-beanbag-sisu/1.5.2/smallrye-beanbag-sisu-1.5.2.jar:/home/runner/.m2/repository/io/smallrye/beanbag/smallrye-beanbag/1.5.2/smallrye-beanbag-1.5.2.jar:/home/runner/.m2/repository/javax/inject/javax.inject/1/javax.inject-1.jar:/home/runner/.m2/repository/org/apache/maven/maven-artifact/3.9.9/maven-artifact-3.9.9.jar:/home/runner/.m2/repository/org/apache/maven/maven-builder-support/3.9.9/maven-builder-support-3.9.9.jar:/home/runner/.m2/repository/org/apache/maven/maven-model/3.9.9/maven-model-3.9.9.jar:/home/runner/.m2/repository/org/apache/maven/maven-model-builder/3.9.9/maven-model-builder-3.9.9.jar:/home/runner/.m2/repository/org/apache/maven/maven-repository-metadata/3.9.9/maven-repository-metadata-3.9.9.jar:/home/runner/.m2/repository/org/apache/maven/maven-settings/3.9.9/maven-settings-3.9.9.jar:/home/runner/.m2/repository/org/apache/maven/resolver/maven-resolver-api/1.9.22/maven-resolver-api-1.9.22.jar:/home/runner/.m2/repository/org/apache/maven/resolver/maven-resolver-impl/1.9.22/maven-resolver-impl-1.9.22.jar:/home/runner/.m2/repository/org/apache/maven/resolver/maven-resolver-named-locks/1.9.22/maven-resolver-named-locks-1.9.22.jar:/home/runner/.m2/repository/org/apache/maven/resolver/maven-resolver-spi/1.9.22/maven-resolver-spi-1.9.22.jar:/home/runner/.m2/repository/org/apache/maven/resolver/maven-resolver-util/1.9.22/maven-resolver-util-1.9.22.jar:/home/runner/.m2/repository/org/apache/maven/resolver/maven-resolver-transport-http/1.9.20/maven-resolver-transport-http-1.9.20.jar:/home/runner/.m2/repository/org/apache/maven/wagon/wagon-provider-api/3.5.3/wagon-provider-api-3.5.3.jar:/home/runner/.m2/repository/org/apache/maven/wagon/wagon-http-shared/3.5.3/wagon-http-shared-3.5.3.jar:/home/runner/.m2/repository/org/codehaus/plexus/plexus-interpolation/1.26/plexus-interpolation-1.26.jar:/home/runner/.m2/repository/org/codehaus/plexus/plexus-utils/3.5.1/plexus-utils-3.5.1.jar:/home/runner/.m2/repository/org/codehaus/plexus/plexus-xml/4.0.1/plexus-xml-4.0.1.jar:/home/runner/.m2/repository/org/apache/maven/maven-xml-impl/4.0.0-alpha-5/maven-xml-impl-4.0.0-alpha-5.jar:/home/runner/.m2/repository/org/apache/maven/maven-api-xml/4.0.0-alpha-5/maven-api-xml-4.0.0-alpha-5.jar:/home/runner/.m2/repository/org/apache/maven/maven-api-meta/4.0.0-alpha-5/maven-api-meta-4.0.0-alpha-5.jar:/home/runner/.m2/repository/org/codehaus/plexus/plexus-cipher/2.0/plexus-cipher-2.0.jar:/home/runner/.m2/repository/org/codehaus/plexus/plexus-sec-dispatcher/2.0/plexus-sec-dispatcher-2.0.jar:/home/runner/.m2/repository/org/apache/maven/maven-embedder/3.9.9/maven-embedder-3.9.9.jar:/home/runner/.m2/repository/org/apache/maven/maven-core/3.9.9/maven-core-3.9.9.jar:/home/runner/.m2/repository/org/codehaus/plexus/plexus-component-annotations/2.1.0/plexus-component-annotations-2.1.0.jar:/home/runner/.m2/repository/org/apache/maven/maven-plugin-api/3.9.9/maven-plugin-api-3.9.9.jar:/home/runner/.m2/repository/org/apache/maven/shared/maven-shared-utils/3.4.2/maven-shared-utils-3.4.2.jar:/home/runner/.m2/repository/com/google/inject/guice/5.1.0/guice-5.1.0.jar:/home/runner/.m2/repository/aopalliance/aopalliance/1.0/aopalliance-1.0.jar:/home/runner/.m2/repository/org/codehaus/plexus/plexus-classworlds/2.6.0/plexus-classworlds-2.6.0.jar:/home/runner/.m2/repository/commons-cli/commons-cli/1.8.0/commons-cli-1.8.0.jar:/home/runner/.m2/repository/org/eclipse/sisu/org.eclipse.sisu.plexus/0.9.0.M3/org.eclipse.sisu.plexus-0.9.0.M3.jar:/home/runner/.m2/repository/org/apache/maven/maven-settings-builder/3.9.9/maven-settings-builder-3.9.9.jar:/home/runner/.m2/repository/org/apache/maven/maven-resolver-provider/3.9.9/maven-resolver-provider-3.9.9.jar:/home/runner/.m2/repository/org/apache/maven/resolver/maven-resolver-connector-basic/1.9.22/maven-resolver-connector-basic-1.9.22.jar:/home/runner/.m2/repository/org/apache/maven/resolver/maven-resolver-transport-wagon/1.9.22/maven-resolver-transport-wagon-1.9.22.jar:/home/runner/.m2/repository/org/apache/maven/wagon/wagon-http/3.5.3/wagon-http-3.5.3.jar:/home/runner/.m2/repository/org/apache/maven/wagon/wagon-file/3.5.3/wagon-file-3.5.3.jar:/home/runner/.m2/repository/io/quarkus/quarkus-bootstrap-gradle-resolver/3.20.2/quarkus-bootstrap-gradle-resolver-3.20.2.jar:/home/runner/.m2/repository/io/smallrye/jandex/3.3.0/jandex-3.3.0.jar:/home/runner/.m2/repository/org/jboss/logging/commons-logging-jboss-logging/1.0.0.Final/commons-logging-jboss-logging-1.0.0.Final.jar:/home/runner/.m2/repository/io/quarkus/quarkus-junit5-config/3.20.2/quarkus-junit5-config-3.20.2.jar:/home/runner/.m2/repository/org/junit/jupiter/junit-jupiter-api/5.12.1/junit-jupiter-api-5.12.1.jar:/home/runner/.m2/repository/io/smallrye/config/smallrye-config/3.11.4/smallrye-config-3.11.4.jar:/home/runner/.m2/repository/io/smallrye/config/smallrye-config-core/3.11.4/smallrye-config-core-3.11.4.jar:/home/runner/.m2/repository/io/smallrye/common/smallrye-common-classloader/2.12.0/smallrye-common-classloader-2.12.0.jar:/home/runner/.m2/repository/io/smallrye/config/smallrye-config-common/3.11.4/smallrye-config-common-3.11.4.jar:/home/runner/.m2/repository/org/junit/jupiter/junit-jupiter/5.12.1/junit-jupiter-5.12.1.jar:/home/runner/.m2/repository/org/junit/jupiter/junit-jupiter-params/5.12.1/junit-jupiter-params-5.12.1.jar:/home/runner/.m2/repository/org/junit/jupiter/junit-jupiter-engine/5.12.1/junit-jupiter-engine-5.12.1.jar:/home/runner/.m2/repository/io/quarkus/quarkus-core/3.20.2/quarkus-core-3.20.2.jar:/home/runner/.m2/repository/jakarta/enterprise/jakarta.enterprise.cdi-api/4.1.0/jakarta.enterprise.cdi-api-4.1.0.jar:/home/runner/.m2/repository/jakarta/enterprise/jakarta.enterprise.lang-model/4.1.0/jakarta.enterprise.lang-model-4.1.0.jar:/home/runner/.m2/repository/jakarta/el/jakarta.el-api/5.0.1/jakarta.el-api-5.0.1.jar:/home/runner/.m2/repository/jakarta/interceptor/jakarta.interceptor-api/2.2.0/jakarta.interceptor-api-2.2.0.jar:/home/runner/.m2/repository/jakarta/inject/jakarta.inject-api/2.0.1/jakarta.inject-api-2.0.1.jar:/home/runner/.m2/repository/io/smallrye/common/smallrye-common-os/2.12.0/smallrye-common-os-2.12.0.jar:/home/runner/.m2/repository/io/quarkus/quarkus-ide-launcher/3.20.2/quarkus-ide-launcher-3.20.2.jar:/home/runner/.m2/repository/io/quarkus/quarkus-development-mode-spi/3.20.2/quarkus-development-mode-spi-3.20.2.jar:/home/runner/.m2/repository/org/jboss/logging/jboss-logging/3.6.1.Final/jboss-logging-3.6.1.Final.jar:/home/runner/.m2/repository/org/jboss/logmanager/jboss-logmanager/3.1.2.Final/jboss-logmanager-3.1.2.Final.jar:/home/runner/.m2/repository/io/smallrye/common/smallrye-common-constraint/2.12.0/smallrye-common-constraint-2.12.0.jar:/home/runner/.m2/repository/io/smallrye/common/smallrye-common-cpu/2.12.0/smallrye-common-cpu-2.12.0.jar:/home/runner/.m2/repository/io/smallrye/common/smallrye-common-expression/2.12.0/smallrye-common-expression-2.12.0.jar:/home/runner/.m2/repository/io/smallrye/common/smallrye-common-net/2.12.0/smallrye-common-net-2.12.0.jar:/home/runner/.m2/repository/io/smallrye/common/smallrye-common-ref/2.12.0/smallrye-common-ref-2.12.0.jar:/home/runner/.m2/repository/jakarta/json/jakarta.json-api/2.1.3/jakarta.json-api-2.1.3.jar:/home/runner/.m2/repository/org/eclipse/parsson/parsson/1.1.7/parsson-1.1.7.jar:/home/runner/.m2/repository/org/jboss/logging/jboss-logging-annotations/3.0.4.Final/jboss-logging-annotations-3.0.4.Final.jar:/home/runner/.m2/repository/org/jboss/threads/jboss-threads/3.8.0.Final/jboss-threads-3.8.0.Final.jar:/home/runner/.m2/repository/io/smallrye/common/smallrye-common-annotation/2.12.0/smallrye-common-annotation-2.12.0.jar:/home/runner/.m2/repository/io/smallrye/common/smallrye-common-function/2.12.0/smallrye-common-function-2.12.0.jar:/home/runner/.m2/repository/org/jboss/slf4j/slf4j-jboss-logmanager/2.0.0.Final/slf4j-jboss-logmanager-2.0.0.Final.jar:/home/runner/.m2/repository/org/wildfly/common/wildfly-common/2.0.1/wildfly-common-2.0.1.jar:/home/runner/.m2/repository/io/quarkus/quarkus-bootstrap-runner/3.20.2/quarkus-bootstrap-runner-3.20.2.jar:/home/runner/.m2/repository/io/github/crac/org-crac/0.1.3/org-crac-0.1.3.jar:/home/runner/.m2/repository/io/quarkus/quarkus-fs-util/0.0.10/quarkus-fs-util-0.0.10.jar:/home/runner/.m2/repository/org/jboss/marshalling/jboss-marshalling/2.2.2.Final/jboss-marshalling-2.2.2.Final.jar:/home/runner/.m2/repository/io/fabric8/kubernetes-client/7.1.0/kubernetes-client-7.1.0.jar:/home/runner/.m2/repository/io/fabric8/kubernetes-client-api/7.1.0/kubernetes-client-api-7.1.0.jar:/home/runner/.m2/repository/io/fabric8/kubernetes-model-core/7.1.0/kubernetes-model-core-7.1.0.jar:/home/runner/.m2/repository/io/fabric8/kubernetes-model-common/7.1.0/kubernetes-model-common-7.1.0.jar:/home/runner/.m2/repository/javax/annotation/javax.annotation-api/1.3.2/javax.annotation-api-1.3.2.jar:/home/runner/.m2/repository/io/fabric8/kubernetes-model-gatewayapi/7.1.0/kubernetes-model-gatewayapi-7.1.0.jar:/home/runner/.m2/repository/io/fabric8/kubernetes-model-resource/7.1.0/kubernetes-model-resource-7.1.0.jar:/home/runner/.m2/repository/io/fabric8/kubernetes-model-rbac/7.1.0/kubernetes-model-rbac-7.1.0.jar:/home/runner/.m2/repository/io/fabric8/kubernetes-model-admissionregistration/7.1.0/kubernetes-model-admissionregistration-7.1.0.jar:/home/runner/.m2/repository/io/fabric8/kubernetes-model-apps/7.1.0/kubernetes-model-apps-7.1.0.jar:/home/runner/.m2/repository/io/fabric8/kubernetes-model-autoscaling/7.1.0/kubernetes-model-autoscaling-7.1.0.jar:/home/runner/.m2/repository/io/fabric8/kubernetes-model-apiextensions/7.1.0/kubernetes-model-apiextensions-7.1.0.jar:/home/runner/.m2/repository/io/fabric8/kubernetes-model-batch/7.1.0/kubernetes-model-batch-7.1.0.jar:/home/runner/.m2/repository/io/fabric8/kubernetes-model-certificates/7.1.0/kubernetes-model-certificates-7.1.0.jar:/home/runner/.m2/repository/io/fabric8/kubernetes-model-coordination/7.1.0/kubernetes-model-coordination-7.1.0.jar:/home/runner/.m2/repository/io/fabric8/kubernetes-model-discovery/7.1.0/kubernetes-model-discovery-7.1.0.jar:/home/runner/.m2/repository/io/fabric8/kubernetes-model-events/7.1.0/kubernetes-model-events-7.1.0.jar:/home/runner/.m2/repository/io/fabric8/kubernetes-model-extensions/7.1.0/kubernetes-model-extensions-7.1.0.jar:/home/runner/.m2/repository/io/fabric8/kubernetes-model-flowcontrol/7.1.0/kubernetes-model-flowcontrol-7.1.0.jar:/home/runner/.m2/repository/io/fabric8/kubernetes-model-networking/7.1.0/kubernetes-model-networking-7.1.0.jar:/home/runner/.m2/repository/io/fabric8/kubernetes-model-metrics/7.1.0/kubernetes-model-metrics-7.1.0.jar:/home/runner/.m2/repository/io/fabric8/kubernetes-model-policy/7.1.0/kubernetes-model-policy-7.1.0.jar:/home/runner/.m2/repository/io/fabric8/kubernetes-model-scheduling/7.1.0/kubernetes-model-scheduling-7.1.0.jar:/home/runner/.m2/repository/io/fabric8/kubernetes-model-storageclass/7.1.0/kubernetes-model-storageclass-7.1.0.jar:/home/runner/.m2/repository/io/fabric8/kubernetes-model-node/7.1.0/kubernetes-model-node-7.1.0.jar:/home/runner/.m2/repository/org/snakeyaml/snakeyaml-engine/2.9/snakeyaml-engine-2.9.jar:/home/runner/.m2/repository/com/fasterxml/jackson/dataformat/jackson-dataformat-yaml/2.18.2/jackson-dataformat-yaml-2.18.2.jar:/home/runner/.m2/repository/com/fasterxml/jackson/datatype/jackson-datatype-jsr310/2.18.2/jackson-datatype-jsr310-2.18.2.jar:/home/runner/.m2/repository/io/fabric8/zjsonpatch/7.1.0/zjsonpatch-7.1.0.jar:/home/runner/.m2/repository/io/fabric8/kubernetes-httpclient-vertx/7.1.0/kubernetes-httpclient-vertx-7.1.0.jar:/home/runner/.m2/repository/io/vertx/vertx-web-client/4.5.16/vertx-web-client-4.5.16.jar:/home/runner/.m2/repository/io/vertx/vertx-web-common/4.5.16/vertx-web-common-4.5.16.jar:/home/runner/.m2/repository/io/vertx/vertx-auth-common/4.5.16/vertx-auth-common-4.5.16.jar:/home/runner/.m2/repository/io/vertx/vertx-uri-template/4.5.16/vertx-uri-template-4.5.16.jar:/home/runner/.m2/repository/io/fabric8/openshift-client/7.1.0/openshift-client-7.1.0.jar:/home/runner/.m2/repository/io/fabric8/openshift-client-api/7.1.0/openshift-client-api-7.1.0.jar:/home/runner/.m2/repository/io/fabric8/openshift-model/7.1.0/openshift-model-7.1.0.jar:/home/runner/.m2/repository/io/fabric8/openshift-model-autoscaling/7.1.0/openshift-model-autoscaling-7.1.0.jar:/home/runner/.m2/repository/io/fabric8/openshift-model-operator/7.1.0/openshift-model-operator-7.1.0.jar:/home/runner/.m2/repository/io/fabric8/openshift-model-operatorhub/7.1.0/openshift-model-operatorhub-7.1.0.jar:/home/runner/.m2/repository/io/fabric8/openshift-model-machine/7.1.0/openshift-model-machine-7.1.0.jar:/home/runner/.m2/repository/io/fabric8/openshift-model-whereabouts/7.1.0/openshift-model-whereabouts-7.1.0.jar:/home/runner/.m2/repository/io/fabric8/openshift-model-monitoring/7.1.0/openshift-model-monitoring-7.1.0.jar:/home/runner/.m2/repository/io/fabric8/openshift-model-storageversionmigrator/7.1.0/openshift-model-storageversionmigrator-7.1.0.jar:/home/runner/.m2/repository/io/fabric8/openshift-model-tuned/7.1.0/openshift-model-tuned-7.1.0.jar:/home/runner/.m2/repository/io/fabric8/openshift-model-console/7.1.0/openshift-model-console-7.1.0.jar:/home/runner/.m2/repository/io/fabric8/openshift-model-config/7.1.0/openshift-model-config-7.1.0.jar:/home/runner/.m2/repository/io/fabric8/openshift-model-machineconfiguration/7.1.0/openshift-model-machineconfiguration-7.1.0.jar:/home/runner/.m2/repository/io/fabric8/openshift-model-miscellaneous/7.1.0/openshift-model-miscellaneous-7.1.0.jar:/home/runner/.m2/repository/io/fabric8/openshift-model-hive/7.1.0/openshift-model-hive-7.1.0.jar:/home/runner/.m2/repository/io/fabric8/openshift-model-installer/7.1.0/openshift-model-installer-7.1.0.jar:/home/runner/.m2/repository/org/junit/platform/junit-platform-launcher/1.12.1/junit-platform-launcher-1.12.1.jar:/home/runner/.m2/repository/org/junit/platform/junit-platform-engine/1.12.1/junit-platform-engine-1.12.1.jar:/home/runner/.m2/repository/org/opentest4j/opentest4j/1.3.0/opentest4j-1.3.0.jar:/home/runner/.m2/repository/org/junit/platform/junit-platform-commons/1.12.1/junit-platform-commons-1.12.1.jar:/home/runner/.m2/repository/org/apiguardian/apiguardian-api/1.1.2/apiguardian-api-1.1.2.jar:/home/runner/.m2/repository/jakarta/ws/rs/jakarta.ws.rs-api/3.1.0/jakarta.ws.rs-api-3.1.0.jar:/home/runner/work/apicurio-testing/apicurio-testing/clusters/ci419/namespaces/pg17/tests/integration/apicurio-registry/java-sdk/target/apicurio-registry-java-sdk-3.0.14-SNAPSHOT.jar:/home/runner/.m2/repository/com/microsoft/kiota/microsoft-kiota-abstractions/1.8.9/microsoft-kiota-abstractions-1.8.9.jar:/home/runner/.m2/repository/io/github/std-uritemplate/std-uritemplate/2.0.0/std-uritemplate-2.0.0.jar:/home/runner/.m2/repository/io/kiota/kiota-http-jdk/0.0.29/kiota-http-jdk-0.0.29.jar:/home/runner/.m2/repository/io/kiota/kiota-http-vertx/0.0.29/kiota-http-vertx-0.0.29.jar:/home/runner/.m2/repository/io/kiota/kiota-serialization-jackson/0.0.29/kiota-serialization-jackson-0.0.29.jar:/home/runner/.m2/repository/com/microsoft/kiota/microsoft-kiota-serialization-text/1.8.9/microsoft-kiota-serialization-text-1.8.9.jar:/home/runner/.m2/repository/com/microsoft/kiota/microsoft-kiota-serialization-form/1.8.9/microsoft-kiota-serialization-form-1.8.9.jar:/home/runner/.m2/repository/com/microsoft/kiota/microsoft-kiota-serialization-multipart/1.8.9/microsoft-kiota-serialization-multipart-1.8.9.jar:/home/runner/.m2/repository/jakarta/annotation/jakarta.annotation-api/3.0.0/jakarta.annotation-api-3.0.0.jar:/home/runner/.m2/repository/io/vertx/vertx-auth-oauth2/4.5.16/vertx-auth-oauth2-4.5.16.jar:/home/runner/work/apicurio-testing/apicurio-testing/clusters/ci419/namespaces/pg17/tests/integration/apicurio-registry/java-sdk-v2/target/apicurio-registry-v2-java-sdk-3.0.14-SNAPSHOT.jar:/home/runner/work/apicurio-testing/apicurio-testing/clusters/ci419/namespaces/pg17/tests/integration/apicurio-registry/utils/kafka/target/apicurio-registry-utils-kafka-3.0.14-SNAPSHOT-tests.jar:/home/runner/.m2/repository/org/eclipse/microprofile/config/microprofile-config-api/3.1/microprofile-config-api-3.1.jar:/home/runner/.m2/repository/org/apache/kafka/kafka-clients/3.9.1/kafka-clients-3.9.1.jar:/home/runner/.m2/repository/com/github/luben/zstd-jni/1.5.6-4/zstd-jni-1.5.6-4.jar:/home/runner/.m2/repository/org/lz4/lz4-java/1.8.0/lz4-java-1.8.0.jar:/home/runner/.m2/repository/org/xerial/snappy/snappy-java/1.1.10.5/snappy-java-1.1.10.5.jar:/home/runner/.m2/repository/org/slf4j/slf4j-api/2.0.6/slf4j-api-2.0.6.jar:/home/runner/work/apicurio-testing/apicurio-testing/clusters/ci419/namespaces/pg17/tests/integration/apicurio-registry/utils/tests/target/apicurio-registry-utils-tests-3.0.14-SNAPSHOT.jar:/home/runner/work/apicurio-testing/apicurio-testing/clusters/ci419/namespaces/pg17/tests/integration/apicurio-registry/common/target/apicurio-registry-common-3.0.14-SNAPSHOT.jar:/home/runner/.m2/repository/jakarta/validation/jakarta.validation-api/3.0.2/jakarta.validation-api-3.0.2.jar:/home/runner/.m2/repository/com/github/dasniko/testcontainers-keycloak/3.8.0/testcontainers-keycloak-3.8.0.jar:/home/runner/.m2/repository/org/testcontainers/testcontainers/1.20.6/testcontainers-1.20.6.jar:/home/runner/.m2/repository/org/rnorth/duct-tape/duct-tape/1.0.8/duct-tape-1.0.8.jar:/home/runner/.m2/repository/com/github/docker-java/docker-java-transport-zerodep/3.4.1/docker-java-transport-zerodep-3.4.1.jar:/home/runner/.m2/repository/com/github/docker-java/docker-java-transport/3.4.1/docker-java-transport-3.4.1.jar:/home/runner/.m2/repository/net/java/dev/jna/jna/5.8.0/jna-5.8.0.jar:/home/runner/.m2/repository/io/quarkus/quarkus-junit4-mock/3.20.2/quarkus-junit4-mock-3.20.2.jar:/home/runner/.m2/repository/org/jboss/shrinkwrap/shrinkwrap-api/2.0.0-beta-2/shrinkwrap-api-2.0.0-beta-2.jar:/home/runner/.m2/repository/org/jboss/shrinkwrap/shrinkwrap-impl-base/2.0.0-beta-2/shrinkwrap-impl-base-2.0.0-beta-2.jar:/home/runner/.m2/repository/org/jboss/shrinkwrap/shrinkwrap-spi/2.0.0-beta-2/shrinkwrap-spi-2.0.0-beta-2.jar:/home/runner/.m2/repository/org/keycloak/keycloak-admin-client/26.0.4/keycloak-admin-client-26.0.4.jar:/home/runner/.m2/repository/org/keycloak/keycloak-client-common-synced/26.0.4/keycloak-client-common-synced-26.0.4.jar:/home/runner/.m2/repository/jakarta/activation/jakarta.activation-api/2.1.3/jakarta.activation-api-2.1.3.jar:/home/runner/.m2/repository/org/eclipse/microprofile/openapi/microprofile-openapi-api/4.0.2/microprofile-openapi-api-4.0.2.jar:/home/runner/.m2/repository/org/jboss/resteasy/resteasy-client/6.2.12.Final/resteasy-client-6.2.12.Final.jar:/home/runner/.m2/repository/org/jboss/resteasy/resteasy-client-api/6.2.12.Final/resteasy-client-api-6.2.12.Final.jar:/home/runner/.m2/repository/org/jboss/resteasy/resteasy-core-spi/6.2.12.Final/resteasy-core-spi-6.2.12.Final.jar:/home/runner/.m2/repository/org/jboss/resteasy/resteasy-core/6.2.12.Final/resteasy-core-6.2.12.Final.jar:/home/runner/.m2/repository/org/eclipse/angus/angus-activation/2.0.2/angus-activation-2.0.2.jar:/home/runner/.m2/repository/com/ibm/async/asyncutil/0.1.0/asyncutil-0.1.0.jar:/home/runner/.m2/repository/org/reactivestreams/reactive-streams/1.0.4/reactive-streams-1.0.4.jar:/home/runner/.m2/repository/org/jboss/resteasy/resteasy-multipart-provider/6.2.12.Final/resteasy-multipart-provider-6.2.12.Final.jar:/home/runner/.m2/repository/jakarta/mail/jakarta.mail-api/2.1.3/jakarta.mail-api-2.1.3.jar:/home/runner/.m2/repository/org/eclipse/angus/angus-mail/2.0.3/angus-mail-2.0.3.jar:/home/runner/.m2/repository/org/apache/james/apache-mime4j-dom/0.8.12/apache-mime4j-dom-0.8.12.jar:/home/runner/.m2/repository/org/apache/james/apache-mime4j-core/0.8.12/apache-mime4j-core-0.8.12.jar:/home/runner/.m2/repository/org/apache/james/apache-mime4j-storage/0.8.12/apache-mime4j-storage-0.8.12.jar:/home/runner/.m2/repository/org/jboss/resteasy/resteasy-jackson2-provider/6.2.12.Final/resteasy-jackson2-provider-6.2.12.Final.jar:/home/runner/.m2/repository/com/fasterxml/jackson/jakarta/rs/jackson-jakarta-rs-base/2.18.2/jackson-jakarta-rs-base-2.18.2.jar:/home/runner/.m2/repository/com/fasterxml/jackson/jakarta/rs/jackson-jakarta-rs-json-provider/2.18.2/jackson-jakarta-rs-json-provider-2.18.2.jar:/home/runner/.m2/repository/com/fasterxml/jackson/module/jackson-module-jakarta-xmlbind-annotations/2.18.2/jackson-module-jakarta-xmlbind-annotations-2.18.2.jar:/home/runner/.m2/repository/com/github/java-json-tools/json-patch/1.13/json-patch-1.13.jar:/home/runner/.m2/repository/com/github/java-json-tools/msg-simple/1.2/msg-simple-1.2.jar:/home/runner/.m2/repository/com/github/java-json-tools/btf/1.3/btf-1.3.jar:/home/runner/.m2/repository/com/github/java-json-tools/jackson-coreutils/2.0/jackson-coreutils-2.0.jar:/home/runner/.m2/repository/org/jboss/resteasy/resteasy-jaxb-provider/6.2.12.Final/resteasy-jaxb-provider-6.2.12.Final.jar:/home/runner/.m2/repository/org/glassfish/jaxb/codemodel/4.0.5/codemodel-4.0.5.jar:/home/runner/.m2/repository/org/glassfish/jaxb/jaxb-core/4.0.5/jaxb-core-4.0.5.jar:/home/runner/.m2/repository/org/glassfish/jaxb/jaxb-jxc/4.0.5/jaxb-jxc-4.0.5.jar:/home/runner/.m2/repository/org/glassfish/jaxb/jaxb-runtime/4.0.5/jaxb-runtime-4.0.5.jar:/home/runner/.m2/repository/org/glassfish/jaxb/txw2/4.0.5/txw2-4.0.5.jar:/home/runner/.m2/repository/org/glassfish/jaxb/jaxb-xjc/4.0.5/jaxb-xjc-4.0.5.jar:/home/runner/.m2/repository/org/glassfish/jaxb/xsom/4.0.5/xsom-4.0.5.jar:/home/runner/.m2/repository/com/sun/istack/istack-commons-runtime/4.1.2/istack-commons-runtime-4.1.2.jar:/home/runner/.m2/repository/com/sun/istack/istack-commons-tools/4.1.2/istack-commons-tools-4.1.2.jar:/home/runner/.m2/repository/com/sun/xml/bind/external/relaxng-datatype/4.0.5/relaxng-datatype-4.0.5.jar:/home/runner/.m2/repository/com/sun/xml/bind/external/rngom/4.0.5/rngom-4.0.5.jar:/home/runner/.m2/repository/org/testcontainers/mssqlserver/1.20.6/mssqlserver-1.20.6.jar:/home/runner/.m2/repository/org/testcontainers/jdbc/1.20.6/jdbc-1.20.6.jar:/home/runner/.m2/repository/org/testcontainers/database-commons/1.20.6/database-commons-1.20.6.jar:/home/runner/.m2/repository/org/testcontainers/mysql/1.20.6/mysql-1.20.6.jar:/home/runner/.m2/repository/io/strimzi/strimzi-test-container/0.111.0/strimzi-test-container-0.111.0.jar:/home/runner/.m2/repository/org/testcontainers/toxiproxy/1.20.6/toxiproxy-1.20.6.jar:/home/runner/.m2/repository/com/github/docker-java/docker-java-api/3.4.1/docker-java-api-3.4.1.jar:/home/runner/.m2/repository/org/apache/logging/log4j/log4j-slf4j-impl/2.19.0/log4j-slf4j-impl-2.19.0.jar:/home/runner/.m2/repository/org/apache/logging/log4j/log4j-api/2.24.3/log4j-api-2.24.3.jar:/home/runner/.m2/repository/org/apache/logging/log4j/log4j-core/2.19.0/log4j-core-2.19.0.jar:/home/runner/.m2/repository/eu/rekawek/toxiproxy/toxiproxy-java/2.1.7/toxiproxy-java-2.1.7.jar:/home/runner/.m2/repository/org/testcontainers/pulsar/1.21.3/pulsar-1.21.3.jar:/home/runner/.m2/repository/io/debezium/debezium-testing-testcontainers/2.7.4.Final/debezium-testing-testcontainers-2.7.4.Final.jar:/home/runner/.m2/repository/org/testcontainers/kafka/1.20.6/kafka-1.20.6.jar:/home/runner/.m2/repository/com/squareup/okhttp3/okhttp/4.8.1/okhttp-4.8.1.jar:/home/runner/.m2/repository/com/squareup/okio/okio/3.10.2/okio-3.10.2.jar:/home/runner/.m2/repository/com/squareup/okio/okio-jvm/3.10.2/okio-jvm-3.10.2.jar:/home/runner/.m2/repository/org/jetbrains/kotlin/kotlin-stdlib/2.0.21/kotlin-stdlib-2.0.21.jar:/home/runner/.m2/repository/org/awaitility/awaitility/4.3.0/awaitility-4.3.0.jar:/home/runner/.m2/repository/org/testcontainers/mongodb/1.20.6/mongodb-1.20.6.jar:/home/runner/.m2/repository/org/testcontainers/mariadb/1.20.6/mariadb-1.20.6.jar:/home/runner/.m2/repository/org/testcontainers/oracle-xe/1.20.6/oracle-xe-1.20.6.jar:/home/runner/.m2/repository/org/testcontainers/postgresql/1.20.6/postgresql-1.20.6.jar:/home/runner/.m2/repository/org/wiremock/wiremock/3.0.1/wiremock-3.0.1.jar:/home/runner/.m2/repository/org/eclipse/jetty/jetty-server/11.0.15/jetty-server-11.0.15.jar:/home/runner/.m2/repository/org/eclipse/jetty/toolchain/jetty-jakarta-servlet-api/5.0.2/jetty-jakarta-servlet-api-5.0.2.jar:/home/runner/.m2/repository/org/eclipse/jetty/jetty-http/11.0.15/jetty-http-11.0.15.jar:/home/runner/.m2/repository/org/eclipse/jetty/jetty-io/11.0.15/jetty-io-11.0.15.jar:/home/runner/.m2/repository/org/eclipse/jetty/jetty-servlet/11.0.15/jetty-servlet-11.0.15.jar:/home/runner/.m2/repository/org/eclipse/jetty/jetty-security/11.0.15/jetty-security-11.0.15.jar:/home/runner/.m2/repository/org/eclipse/jetty/jetty-servlets/11.0.15/jetty-servlets-11.0.15.jar:/home/runner/.m2/repository/org/eclipse/jetty/jetty-util/11.0.15/jetty-util-11.0.15.jar:/home/runner/.m2/repository/org/eclipse/jetty/jetty-webapp/11.0.15/jetty-webapp-11.0.15.jar:/home/runner/.m2/repository/org/eclipse/jetty/jetty-xml/11.0.15/jetty-xml-11.0.15.jar:/home/runner/.m2/repository/org/eclipse/jetty/jetty-proxy/11.0.15/jetty-proxy-11.0.15.jar:/home/runner/.m2/repository/org/eclipse/jetty/jetty-client/11.0.15/jetty-client-11.0.15.jar:/home/runner/.m2/repository/org/eclipse/jetty/http2/http2-server/11.0.15/http2-server-11.0.15.jar:/home/runner/.m2/repository/org/eclipse/jetty/http2/http2-common/11.0.15/http2-common-11.0.15.jar:/home/runner/.m2/repository/org/eclipse/jetty/http2/http2-hpack/11.0.15/http2-hpack-11.0.15.jar:/home/runner/.m2/repository/org/eclipse/jetty/jetty-alpn-server/11.0.15/jetty-alpn-server-11.0.15.jar:/home/runner/.m2/repository/org/eclipse/jetty/jetty-alpn-java-server/11.0.15/jetty-alpn-java-server-11.0.15.jar:/home/runner/.m2/repository/org/eclipse/jetty/jetty-alpn-java-client/11.0.15/jetty-alpn-java-client-11.0.15.jar:/home/runner/.m2/repository/org/eclipse/jetty/jetty-alpn-client/11.0.15/jetty-alpn-client-11.0.15.jar:/home/runner/.m2/repository/org/apache/httpcomponents/client5/httpclient5/5.2.1/httpclient5-5.2.1.jar:/home/runner/.m2/repository/org/apache/httpcomponents/core5/httpcore5/5.2/httpcore5-5.2.jar:/home/runner/.m2/repository/org/apache/httpcomponents/core5/httpcore5-h2/5.2/httpcore5-h2-5.2.jar:/home/runner/.m2/repository/org/xmlunit/xmlunit-core/2.9.1/xmlunit-core-2.9.1.jar:/home/runner/.m2/repository/jakarta/xml/bind/jakarta.xml.bind-api/4.0.2/jakarta.xml.bind-api-4.0.2.jar:/home/runner/.m2/repository/org/xmlunit/xmlunit-legacy/2.9.1/xmlunit-legacy-2.9.1.jar:/home/runner/.m2/repository/org/xmlunit/xmlunit-placeholders/2.9.1/xmlunit-placeholders-2.9.1.jar:/home/runner/.m2/repository/net/javacrumbs/json-unit/json-unit-core/2.38.0/json-unit-core-2.38.0.jar:/home/runner/.m2/repository/org/hamcrest/hamcrest-core/2.2/hamcrest-core-2.2.jar:/home/runner/.m2/repository/com/jayway/jsonpath/json-path/2.8.0/json-path-2.8.0.jar:/home/runner/.m2/repository/net/minidev/json-smart/2.4.10/json-smart-2.4.10.jar:/home/runner/.m2/repository/net/minidev/accessors-smart/2.4.9/accessors-smart-2.4.9.jar:/home/runner/.m2/repository/org/ow2/asm/asm/9.7.1/asm-9.7.1.jar:/home/runner/.m2/repository/net/sf/jopt-simple/jopt-simple/5.0.4/jopt-simple-5.0.4.jar:/home/runner/.m2/repository/com/github/jknack/handlebars/4.3.1/handlebars-4.3.1.jar:/home/runner/.m2/repository/com/github/jknack/handlebars-helpers/4.3.1/handlebars-helpers-4.3.1.jar:/home/runner/.m2/repository/commons-fileupload/commons-fileupload/1.5/commons-fileupload-1.5.jar:/home/runner/.m2/repository/com/networknt/json-schema-validator/1.5.8/json-schema-validator-1.5.8.jar:/home/runner/.m2/repository/com/ethlo/time/itu/1.10.3/itu-1.10.3.jar:/home/runner/.m2/repository/io/quarkus/quarkus-smallrye-jwt-build/3.20.2/quarkus-smallrye-jwt-build-3.20.2.jar:/home/runner/.m2/repository/io/smallrye/smallrye-jwt-build/4.6.2/smallrye-jwt-build-4.6.2.jar:/home/runner/.m2/repository/org/eclipse/microprofile/jwt/microprofile-jwt-auth-api/2.1/microprofile-jwt-auth-api-2.1.jar:/home/runner/.m2/repository/org/bitbucket/b_c/jose4j/0.9.6/jose4j-0.9.6.jar:/home/runner/.m2/repository/io/smallrye/smallrye-jwt-common/4.6.2/smallrye-jwt-common-4.6.2.jar:/home/runner/.m2/repository/io/quarkus/quarkus-jsonp/3.20.2/quarkus-jsonp-3.20.2.jar:/home/runner/.m2/repository/io/quarkus/quarkus-arc/3.20.2/quarkus-arc-3.20.2.jar:/home/runner/.m2/repository/io/quarkus/arc/arc/3.20.2/arc-3.20.2.jar:/home/runner/.m2/repository/jakarta/transaction/jakarta.transaction-api/2.0.1/jakarta.transaction-api-2.0.1.jar:/home/runner/.m2/repository/io/smallrye/reactive/mutiny/2.9.2/mutiny-2.9.2.jar:/home/runner/.m2/repository/org/jctools/jctools-core/4.0.5/jctools-core-4.0.5.jar:/home/runner/.m2/repository/org/eclipse/microprofile/context-propagation/microprofile-context-propagation-api/1.3/microprofile-context-propagation-api-1.3.jar:/home/runner/.m2/repository/io/apicurio/apicurio-common-rest-client-common/0.1.18.Final/apicurio-common-rest-client-common-0.1.18.Final.jar:/home/runner/work/apicurio-testing/apicurio-testing/clusters/ci419/namespaces/pg17/tests/integration/apicurio-registry/utils/maven-plugin/target/apicurio-registry-maven-plugin-3.0.14-SNAPSHOT.jar:/home/runner/.m2/repository/com/fasterxml/jackson/core/jackson-databind/2.18.2/jackson-databind-2.18.2.jar:/home/runner/.m2/repository/org/apache/avro/avro/1.12.0/avro-1.12.0.jar:/home/runner/.m2/repository/com/google/protobuf/protobuf-java/4.32.0/protobuf-java-4.32.0.jar:/home/runner/.m2/repository/com/google/protobuf/protobuf-java-util/4.32.0/protobuf-java-util-4.32.0.jar:/home/runner/.m2/repository/com/google/code/findbugs/jsr305/3.0.2/jsr305-3.0.2.jar:/home/runner/.m2/repository/com/google/code/gson/gson/2.12.1/gson-2.12.1.jar:/home/runner/.m2/repository/com/google/errorprone/error_prone_annotations/2.36.0/error_prone_annotations-2.36.0.jar:/home/runner/.m2/repository/com/google/j2objc/j2objc-annotations/2.8/j2objc-annotations-2.8.jar:/home/runner/work/apicurio-testing/apicurio-testing/clusters/ci419/namespaces/pg17/tests/integration/apicurio-registry/schema-util/util-provider/target/apicurio-registry-schema-util-provider-3.0.14-SNAPSHOT.jar:/home/runner/work/apicurio-testing/apicurio-testing/clusters/ci419/namespaces/pg17/tests/integration/apicurio-registry/schema-util/common/target/apicurio-registry-schema-util-common-3.0.14-SNAPSHOT.jar:/home/runner/.m2/repository/com/fasterxml/jackson/module/jackson-module-parameter-names/2.18.2/jackson-module-parameter-names-2.18.2.jar:/home/runner/.m2/repository/com/fasterxml/jackson/datatype/jackson-datatype-json-org/2.18.2/jackson-datatype-json-org-2.18.2.jar:/home/runner/work/apicurio-testing/apicurio-testing/clusters/ci419/namespaces/pg17/tests/integration/apicurio-registry/schema-util/json/target/apicurio-registry-schema-util-json-3.0.14-SNAPSHOT.jar:/home/runner/.m2/repository/com/github/erosb/everit-json-schema/1.14.5/everit-json-schema-1.14.5.jar:/home/runner/.m2/repository/commons-validator/commons-validator/1.9.0/commons-validator-1.9.0.jar:/home/runner/.m2/repository/commons-digester/commons-digester/2.1/commons-digester-2.1.jar:/home/runner/.m2/repository/commons-collections/commons-collections/3.2.2/commons-collections-3.2.2.jar:/home/runner/.m2/repository/com/damnhandy/handy-uri-templates/2.1.8/handy-uri-templates-2.1.8.jar:/home/runner/.m2/repository/joda-time/joda-time/2.10.2/joda-time-2.10.2.jar:/home/runner/.m2/repository/com/github/erosb/json-sKema/0.20.0/json-sKema-0.20.0.jar:/home/runner/.m2/repository/io/vertx/vertx-json-schema/4.5.16/vertx-json-schema-4.5.16.jar:/home/runner/work/apicurio-testing/apicurio-testing/clusters/ci419/namespaces/pg17/tests/integration/apicurio-registry/schema-util/protobuf/target/apicurio-registry-schema-util-protobuf-3.0.14-SNAPSHOT.jar:/home/runner/work/apicurio-testing/apicurio-testing/clusters/ci419/namespaces/pg17/tests/integration/apicurio-registry/utils/protobuf-schema-utilities/target/apicurio-registry-protobuf-schema-utilities-3.0.14-SNAPSHOT.jar:/home/runner/.m2/repository/com/google/api/grpc/proto-google-common-protos/2.52.0/proto-google-common-protos-2.52.0.jar:/home/runner/.m2/repository/com/squareup/wire/wire-schema-jvm/5.3.3/wire-schema-jvm-5.3.3.jar:/home/runner/.m2/repository/com/palantir/javapoet/javapoet/0.6.0/javapoet-0.6.0.jar:/home/runner/.m2/repository/com/squareup/kotlinpoet-jvm/2.0.0/kotlinpoet-jvm-2.0.0.jar:/home/runner/.m2/repository/org/jetbrains/kotlin/kotlin-reflect/2.0.21/kotlin-reflect-2.0.21.jar:/home/runner/.m2/repository/com/squareup/wire/wire-runtime-jvm/5.3.3/wire-runtime-jvm-5.3.3.jar:/home/runner/.m2/repository/com/ibm/icu/icu4j/76.1/icu4j-76.1.jar:/home/runner/.m2/repository/com/squareup/okio/okio-fakefilesystem/3.10.2/okio-fakefilesystem-3.10.2.jar:/home/runner/.m2/repository/com/squareup/okio/okio-fakefilesystem-jvm/3.10.2/okio-fakefilesystem-jvm-3.10.2.jar:/home/runner/.m2/repository/org/jetbrains/kotlinx/kotlinx-datetime-jvm/0.6.1/kotlinx-datetime-jvm-0.6.1.jar:/home/runner/work/apicurio-testing/apicurio-testing/clusters/ci419/namespaces/pg17/tests/integration/apicurio-registry/schema-util/asyncapi/target/apicurio-registry-schema-util-asyncapi-3.0.14-SNAPSHOT.jar:/home/runner/work/apicurio-testing/apicurio-testing/clusters/ci419/namespaces/pg17/tests/integration/apicurio-registry/schema-util/avro/target/apicurio-registry-schema-util-avro-3.0.14-SNAPSHOT.jar:/home/runner/work/apicurio-testing/apicurio-testing/clusters/ci419/namespaces/pg17/tests/integration/apicurio-registry/schema-util/graphql/target/apicurio-registry-schema-util-graphql-3.0.14-SNAPSHOT.jar:/home/runner/.m2/repository/com/graphql-java/graphql-java/22.4/graphql-java-22.4.jar:/home/runner/.m2/repository/com/graphql-java/java-dataloader/3.3.0/java-dataloader-3.3.0.jar:/home/runner/work/apicurio-testing/apicurio-testing/clusters/ci419/namespaces/pg17/tests/integration/apicurio-registry/schema-util/kconnect/target/apicurio-registry-schema-util-kconnect-3.0.14-SNAPSHOT.jar:/home/runner/work/apicurio-testing/apicurio-testing/clusters/ci419/namespaces/pg17/tests/integration/apicurio-registry/schema-util/openapi/target/apicurio-registry-schema-util-openapi-3.0.14-SNAPSHOT.jar:/home/runner/.m2/repository/io/apicurio/apicurio-data-models/2.2.2/apicurio-data-models-2.2.2.jar:/home/runner/.m2/repository/org/slf4j/jcl-over-slf4j/2.0.6/jcl-over-slf4j-2.0.6.jar:/home/runner/.m2/repository/org/openapitools/openapidiff/openapi-diff-core/2.1.2/openapi-diff-core-2.1.2.jar:/home/runner/.m2/repository/io/swagger/parser/v3/swagger-parser/2.1.28/swagger-parser-2.1.28.jar:/home/runner/.m2/repository/io/swagger/parser/v3/swagger-parser-v2-converter/2.1.28/swagger-parser-v2-converter-2.1.28.jar:/home/runner/.m2/repository/io/swagger/swagger-core/1.6.16/swagger-core-1.6.16.jar:/home/runner/.m2/repository/io/swagger/swagger-models/1.6.16/swagger-models-1.6.16.jar:/home/runner/.m2/repository/io/swagger/swagger-annotations/1.6.16/swagger-annotations-1.6.16.jar:/home/runner/.m2/repository/io/swagger/swagger-parser/1.0.75/swagger-parser-1.0.75.jar:/home/runner/.m2/repository/io/swagger/swagger-parser-safe-url-resolver/1.0.75/swagger-parser-safe-url-resolver-1.0.75.jar:/home/runner/.m2/repository/io/swagger/swagger-compat-spec-parser/1.0.75/swagger-compat-spec-parser-1.0.75.jar:/home/runner/.m2/repository/com/github/java-json-tools/json-schema-validator/2.2.14/json-schema-validator-2.2.14.jar:/home/runner/.m2/repository/com/github/java-json-tools/jackson-coreutils-equivalence/1.0/jackson-coreutils-equivalence-1.0.jar:/home/runner/.m2/repository/com/github/java-json-tools/json-schema-core/1.2.14/json-schema-core-1.2.14.jar:/home/runner/.m2/repository/com/github/java-json-tools/uri-template/0.10/uri-template-0.10.jar:/home/runner/.m2/repository/com/googlecode/libphonenumber/libphonenumber/8.11.1/libphonenumber-8.11.1.jar:/home/runner/.m2/repository/com/j2html/j2html/1.6.0/j2html-1.6.0.jar:/home/runner/.m2/repository/org/apache/commons/commons-collections4/4.5.0/commons-collections4-4.5.0.jar:/home/runner/.m2/repository/io/swagger/parser/v3/swagger-parser-v3/2.1.31/swagger-parser-v3-2.1.31.jar:/home/runner/.m2/repository/io/swagger/core/v3/swagger-models/2.2.34/swagger-models-2.2.34.jar:/home/runner/.m2/repository/io/swagger/core/v3/swagger-core/2.2.34/swagger-core-2.2.34.jar:/home/runner/.m2/repository/io/swagger/parser/v3/swagger-parser-core/2.1.31/swagger-parser-core-2.1.31.jar:/home/runner/.m2/repository/io/swagger/parser/v3/swagger-parser-safe-url-resolver/2.1.31/swagger-parser-safe-url-resolver-2.1.31.jar:/home/runner/work/apicurio-testing/apicurio-testing/clusters/ci419/namespaces/pg17/tests/integration/apicurio-registry/schema-util/wsdl/target/apicurio-registry-schema-util-wsdl-3.0.14-SNAPSHOT.jar:/home/runner/.m2/repository/wsdl4j/wsdl4j/1.6.3/wsdl4j-1.6.3.jar:/home/runner/work/apicurio-testing/apicurio-testing/clusters/ci419/namespaces/pg17/tests/integration/apicurio-registry/schema-util/xml/target/apicurio-registry-schema-util-xml-3.0.14-SNAPSHOT.jar:/home/runner/.m2/repository/org/apache/santuario/xmlsec/4.0.4/xmlsec-4.0.4.jar:/home/runner/.m2/repository/com/fasterxml/woodstox/woodstox-core/7.1.1/woodstox-core-7.1.1.jar:/home/runner/.m2/repository/org/codehaus/woodstox/stax2-api/4.2.2/stax2-api-4.2.2.jar:/home/runner/work/apicurio-testing/apicurio-testing/clusters/ci419/namespaces/pg17/tests/integration/apicurio-registry/schema-util/xsd/target/apicurio-registry-schema-util-xsd-3.0.14-SNAPSHOT.jar:/home/runner/work/apicurio-testing/apicurio-testing/clusters/ci419/namespaces/pg17/tests/integration/apicurio-registry/serdes/kafka/jsonschema-serde/target/apicurio-registry-jsonschema-serde-kafka-3.0.14-SNAPSHOT.jar:/home/runner/work/apicurio-testing/apicurio-testing/clusters/ci419/namespaces/pg17/tests/integration/apicurio-registry/serdes/kafka/serde-kafka-common/target/apicurio-registry-serde-kafka-common-3.0.14-SNAPSHOT.jar:/home/runner/work/apicurio-testing/apicurio-testing/clusters/ci419/namespaces/pg17/tests/integration/apicurio-registry/serdes/generic/serde-common/target/apicurio-registry-serde-common-3.0.14-SNAPSHOT.jar:/home/runner/work/apicurio-testing/apicurio-testing/clusters/ci419/namespaces/pg17/tests/integration/apicurio-registry/serdes/generic/serde-common-jsonschema/target/apicurio-registry-serde-common-jsonschema-3.0.14-SNAPSHOT.jar:/home/runner/.m2/repository/org/json/json/20250107/json-20250107.jar:/home/runner/work/apicurio-testing/apicurio-testing/clusters/ci419/namespaces/pg17/tests/integration/apicurio-registry/serdes/kafka/avro-serde/target/apicurio-registry-avro-serde-kafka-3.0.14-SNAPSHOT.jar:/home/runner/work/apicurio-testing/apicurio-testing/clusters/ci419/namespaces/pg17/tests/integration/apicurio-registry/serdes/generic/serde-common-avro/target/apicurio-registry-serde-common-avro-3.0.14-SNAPSHOT.jar:/home/runner/work/apicurio-testing/apicurio-testing/clusters/ci419/namespaces/pg17/tests/integration/apicurio-registry/serdes/kafka/protobuf-serde/target/apicurio-registry-protobuf-serde-kafka-3.0.14-SNAPSHOT.jar:/home/runner/work/apicurio-testing/apicurio-testing/clusters/ci419/namespaces/pg17/tests/integration/apicurio-registry/serdes/generic/serde-common-protobuf/target/apicurio-registry-serde-common-protobuf-3.0.14-SNAPSHOT.jar:/home/runner/.m2/repository/com/squareup/wire/wire-schema/5.3.3/wire-schema-5.3.3.jar:/home/runner/.m2/repository/com/squareup/wire/wire-runtime/5.3.3/wire-runtime-5.3.3.jar:/home/runner/work/apicurio-testing/apicurio-testing/clusters/ci419/namespaces/pg17/tests/integration/apicurio-registry/serdes/pulsar/avro-serde/target/apicurio-registry-avro-serde-pulsar-3.0.14-SNAPSHOT.jar:/home/runner/.m2/repository/org/apache/pulsar/pulsar-functions-api/3.3.8/pulsar-functions-api-3.3.8.jar:/home/runner/work/apicurio-testing/apicurio-testing/clusters/ci419/namespaces/pg17/tests/integration/apicurio-registry/serdes/nats/avro-serde/target/apicurio-registry-avro-serde-nats-3.0.14-SNAPSHOT.jar:/home/runner/.m2/repository/io/nats/jnats/2.21.4/jnats-2.21.4.jar:/home/runner/.m2/repository/org/bouncycastle/bcprov-lts8on/2.73.7/bcprov-lts8on-2.73.7.jar:/home/runner/.m2/repository/org/jetbrains/annotations/26.0.2/annotations-26.0.2.jar:/home/runner/work/apicurio-testing/apicurio-testing/clusters/ci419/namespaces/pg17/tests/integration/apicurio-registry/utils/converter/target/apicurio-registry-utils-converter-3.0.14-SNAPSHOT.jar:/home/runner/work/apicurio-testing/apicurio-testing/clusters/ci419/namespaces/pg17/tests/integration/apicurio-registry/schema-resolver/target/apicurio-registry-schema-resolver-3.0.14-SNAPSHOT.jar:/home/runner/.m2/repository/org/apache/kafka/connect-api/3.9.1/connect-api-3.9.1.jar:/home/runner/.m2/repository/javax/ws/rs/javax.ws.rs-api/2.1.1/javax.ws.rs-api-2.1.1.jar:/home/runner/.m2/repository/org/apache/kafka/connect-json/3.9.1/connect-json-3.9.1.jar:/home/runner/.m2/repository/com/fasterxml/jackson/datatype/jackson-datatype-jdk8/2.18.2/jackson-datatype-jdk8-2.18.2.jar:/home/runner/.m2/repository/com/fasterxml/jackson/module/jackson-module-afterburner/2.18.2/jackson-module-afterburner-2.18.2.jar:/home/runner/work/apicurio-testing/apicurio-testing/clusters/ci419/namespaces/pg17/tests/integration/apicurio-registry/utils/kafka/target/apicurio-registry-utils-kafka-3.0.14-SNAPSHOT.jar:/home/runner/.m2/repository/org/apache/pulsar/pulsar-client/3.3.8/pulsar-client-3.3.8.jar:/home/runner/.m2/repository/org/apache/pulsar/pulsar-client-api/3.3.8/pulsar-client-api-3.3.8.jar:/home/runner/.m2/repository/org/apache/pulsar/pulsar-client-admin-api/3.3.8/pulsar-client-admin-api-3.3.8.jar:/home/runner/.m2/repository/org/apache/pulsar/bouncy-castle-bc/3.3.8/bouncy-castle-bc-3.3.8-pkg.jar:/home/runner/.m2/repository/org/bouncycastle/bcpkix-jdk18on/1.81/bcpkix-jdk18on-1.81.jar:/home/runner/.m2/repository/org/bouncycastle/bcutil-jdk18on/1.81/bcutil-jdk18on-1.81.jar:/home/runner/.m2/repository/org/bouncycastle/bcprov-jdk18on/1.81/bcprov-jdk18on-1.81.jar:/home/runner/.m2/repository/io/opentelemetry/opentelemetry-api/1.44.1/opentelemetry-api-1.44.1.jar:/home/runner/.m2/repository/io/opentelemetry/opentelemetry-context/1.44.1/opentelemetry-context-1.44.1.jar:/home/runner/.m2/repository/io/opentelemetry/opentelemetry-api-incubator/1.44.1-alpha/opentelemetry-api-incubator-1.44.1-alpha.jar:/home/runner/.m2/repository/com/fasterxml/jackson/core/jackson-annotations/2.18.2/jackson-annotations-2.18.2.jar:/home/runner/.m2/repository/javax/validation/validation-api/1.1.0.Final/validation-api-1.1.0.Final.jar:/home/runner/.m2/repository/org/jspecify/jspecify/1.0.0/jspecify-1.0.0.jar:/home/runner/.m2/repository/org/apache/commons/commons-configuration2/2.12.0/commons-configuration2-2.12.0.jar:/home/runner/.m2/repository/commons-logging/commons-logging/1.3.5/commons-logging-1.3.5.jar:/home/runner/.m2/repository/org/apache/commons/commons-text/1.13.0/commons-text-1.13.0.jar:/home/runner/.m2/repository/io/confluent/kafka-avro-serializer/8.0.0/kafka-avro-serializer-8.0.0.jar:/home/runner/.m2/repository/org/apache/commons/commons-compress/1.27.1/commons-compress-1.27.1.jar:/home/runner/.m2/repository/io/confluent/kafka-schema-serializer/8.0.0/kafka-schema-serializer-8.0.0.jar:/home/runner/.m2/repository/com/fasterxml/jackson/dataformat/jackson-dataformat-csv/2.18.2/jackson-dataformat-csv-2.18.2.jar:/home/runner/.m2/repository/io/confluent/kafka-schema-registry-client/8.0.0/kafka-schema-registry-client-8.0.0.jar:/home/runner/.m2/repository/org/yaml/snakeyaml/2.3/snakeyaml-2.3.jar:/home/runner/.m2/repository/io/swagger/core/v3/swagger-annotations/2.2.29/swagger-annotations-2.2.29.jar:/home/runner/.m2/repository/com/google/guava/guava/33.4.0-jre/guava-33.4.0-jre.jar:/home/runner/.m2/repository/com/google/guava/failureaccess/1.0.1/failureaccess-1.0.1.jar:/home/runner/.m2/repository/org/checkerframework/checker-qual/3.49.0/checker-qual-3.49.0.jar:/home/runner/.m2/repository/io/confluent/logredactor/1.0.13/logredactor-1.0.13.jar:/home/runner/.m2/repository/com/google/re2j/re2j/1.6/re2j-1.6.jar:/home/runner/.m2/repository/io/confluent/logredactor-metrics/1.0.13/logredactor-metrics-1.0.13.jar:/home/runner/.m2/repository/com/eclipsesource/minimal-json/minimal-json/0.9.5/minimal-json-0.9.5.jar:/home/runner/.m2/repository/io/confluent/common-utils/8.0.0/common-utils-8.0.0.jar:/home/runner/.m2/repository/io/confluent/kafka-connect-avro-converter/8.0.0/kafka-connect-avro-converter-8.0.0.jar:/home/runner/.m2/repository/io/confluent/kafka-connect-avro-data/8.0.0/kafka-connect-avro-data-8.0.0.jar:/home/runner/.m2/repository/io/confluent/kafka-schema-converter/8.0.0/kafka-schema-converter-8.0.0.jar:/home/runner/.m2/repository/io/rest-assured/rest-assured/5.5.1/rest-assured-5.5.1.jar:/home/runner/.m2/repository/org/apache/groovy/groovy/4.0.22/groovy-4.0.22.jar:/home/runner/.m2/repository/org/apache/groovy/groovy-xml/4.0.22/groovy-xml-4.0.22.jar:/home/runner/.m2/repository/org/apache/httpcomponents/httpclient/4.5.14/httpclient-4.5.14.jar:/home/runner/.m2/repository/org/apache/httpcomponents/httpcore/4.4.16/httpcore-4.4.16.jar:/home/runner/.m2/repository/org/apache/httpcomponents/httpmime/4.5.14/httpmime-4.5.14.jar:/home/runner/.m2/repository/org/hamcrest/hamcrest/2.2/hamcrest-2.2.jar:/home/runner/.m2/repository/org/ccil/cowan/tagsoup/tagsoup/1.2.1/tagsoup-1.2.1.jar:/home/runner/.m2/repository/io/rest-assured/json-path/5.5.1/json-path-5.5.1.jar:/home/runner/.m2/repository/org/apache/groovy/groovy-json/4.0.22/groovy-json-4.0.22.jar:/home/runner/.m2/repository/io/rest-assured/rest-assured-common/5.5.1/rest-assured-common-5.5.1.jar:/home/runner/.m2/repository/io/rest-assured/xml-path/5.5.1/xml-path-5.5.1.jar:/home/runner/.m2/repository/io/zonky/test/embedded-postgres/2.1.0/embedded-postgres-2.1.0.jar:/home/runner/.m2/repository/io/zonky/test/postgres/embedded-postgres-binaries-windows-amd64/14.15.0/embedded-postgres-binaries-windows-amd64-14.15.0.jar:/home/runner/.m2/repository/io/zonky/test/postgres/embedded-postgres-binaries-darwin-amd64/14.15.0/embedded-postgres-binaries-darwin-amd64-14.15.0.jar:/home/runner/.m2/repository/io/zonky/test/postgres/embedded-postgres-binaries-linux-amd64/14.15.0/embedded-postgres-binaries-linux-amd64-14.15.0.jar:/home/runner/.m2/repository/io/zonky/test/postgres/embedded-postgres-binaries-linux-amd64-alpine/14.15.0/embedded-postgres-binaries-linux-amd64-alpine-14.15.0.jar:/home/runner/.m2/repository/org/apache/commons/commons-lang3/3.17.0/commons-lang3-3.17.0.jar:/home/runner/.m2/repository/org/tukaani/xz/1.10/xz-1.10.jar:/home/runner/.m2/repository/commons-codec/commons-codec/1.19.0/commons-codec-1.19.0.jar:/home/runner/.m2/repository/org/postgresql/postgresql/42.7.7/postgresql-42.7.7.jar:/home/runner/.m2/repository/commons-io/commons-io/2.18.0/commons-io-2.18.0.jar:/home/runner/work/apicurio-testing/apicurio-testing/clusters/ci419/namespaces/pg17/tests/integration/apicurio-registry/utils/importexport/target/apicurio-registry-utils-import-export-3.0.14-SNAPSHOT.jar:/home/runner/.m2/repository/io/vertx/vertx-core/4.5.16/vertx-core-4.5.16.jar:/home/runner/.m2/repository/io/netty/netty-common/4.1.121.Final/netty-common-4.1.121.Final.jar:/home/runner/.m2/repository/io/netty/netty-buffer/4.1.121.Final/netty-buffer-4.1.121.Final.jar:/home/runner/.m2/repository/io/netty/netty-transport/4.1.121.Final/netty-transport-4.1.121.Final.jar:/home/runner/.m2/repository/io/netty/netty-handler/4.1.121.Final/netty-handler-4.1.121.Final.jar:/home/runner/.m2/repository/io/netty/netty-transport-native-unix-common/4.1.121.Final/netty-transport-native-unix-common-4.1.121.Final.jar:/home/runner/.m2/repository/io/netty/netty-codec/4.1.121.Final/netty-codec-4.1.121.Final.jar:/home/runner/.m2/repository/io/netty/netty-handler-proxy/4.1.121.Final/netty-handler-proxy-4.1.121.Final.jar:/home/runner/.m2/repository/io/netty/netty-codec-socks/4.1.121.Final/netty-codec-socks-4.1.121.Final.jar:/home/runner/.m2/repository/io/netty/netty-codec-http/4.1.121.Final/netty-codec-http-4.1.121.Final.jar:/home/runner/.m2/repository/io/netty/netty-codec-http2/4.1.121.Final/netty-codec-http2-4.1.121.Final.jar:/home/runner/.m2/repository/io/netty/netty-resolver/4.1.121.Final/netty-resolver-4.1.121.Final.jar:/home/runner/.m2/repository/io/netty/netty-resolver-dns/4.1.121.Final/netty-resolver-dns-4.1.121.Final.jar:/home/runner/.m2/repository/io/netty/netty-codec-dns/4.1.121.Final/netty-codec-dns-4.1.121.Final.jar:/home/runner/.m2/repository/com/fasterxml/jackson/core/jackson-core/2.18.2/jackson-core-2.18.2.jar:"/>
    <property name="sun.cpu.endian" value="little"/>
    <property name="user.home" value="/home/runner"/>
    <property name="user.language" value="en"/>
    <property name="jboss.log-version" value="false"/>
    <property name="java.specification.vendor" value="Oracle Corporation"/>
    <property name="java.version.date" value="2025-07-15"/>
    <property name="java.home" value="/usr/lib/jvm/temurin-17-jdk-amd64"/>
    <property name="file.separator" value="/"/>
    <property name="basedir" value="/home/runner/work/apicurio-testing/apicurio-testing/clusters/ci419/namespaces/pg17/tests/integration/apicurio-registry/integration-tests"/>
    <property name="java.vm.compressedOopsMode" value="Zero based"/>
    <property name="line.separator" value="&#10;"/>
    <property name="java.specification.name" value="Java Platform API Specification"/>
    <property name="java.vm.specification.vendor" value="Oracle Corporation"/>
    <property name="quarkus.http.test-host" value="registry-app-pg17.apps.ci419.apicurio-testing.org"/>
    <property name="surefire.real.class.path" value="/home/runner/work/apicurio-testing/apicurio-testing/clusters/ci419/namespaces/pg17/tests/integration/apicurio-registry/integration-tests/target/surefire/surefirebooter-20250903132126147_3.jar"/>
    <property name="sun.management.compiler" value="HotSpot 64-Bit Tiered Compilers"/>
    <property name="org.eclipse.jetty.http.HttpGenerator.STRICT" value="true"/>
    <property name="java.runtime.version" value="17.0.16+8"/>
    <property name="user.name" value="runner"/>
    <property name="path.separator" value=":"/>
    <property name="os.version" value="6.11.0-1018-azure"/>
    <property name="java.runtime.name" value="OpenJDK Runtime Environment"/>
    <property name="file.encoding" value="UTF-8"/>
    <property name="jnidispatch.path" value="/home/runner/.cache/JNA/temp/jna12190177322223152350.tmp"/>
    <property name="java.vm.name" value="OpenJDK 64-Bit Server VM"/>
    <property name="jna.platform.library.path" value="/usr/lib/x86_64-linux-gnu:/lib/x86_64-linux-gnu:/usr/lib64:/lib64:/usr/lib:/lib:/lib32:/usr/local/lib:/usr/lib/x86_64-linux-gnu/libfakeroot"/>
    <property name="java.vendor.version" value="Temurin-17.0.16+8"/>
    <property name="quarkus.oidc.token-path" value="https://keycloak-pg17.apps.ci419.apicurio-testing.org/realms/registry/protocol/openid-connect/token"/>
    <property name="quarkus.http.host" value="registry-app-pg17.apps.ci419.apicurio-testing.org"/>
    <property name="localRepository" value="/home/runner/.m2/repository"/>
    <property name="javax.xml.xpath.XPathFactory:http://java.sun.com/jaxp/xpath/dom" value="com.sun.org.apache.xpath.internal.jaxp.XPathFactoryImpl"/>
    <property name="jna.loaded" value="true"/>
    <property name="java.vendor.url.bug" value="https://github.com/adoptium/adoptium-support/issues"/>
    <property name="jetty.git.hash" value="5bc5e562c8d05c5862505aebe5cf83a61bdbcb96"/>
    <property name="java.io.tmpdir" value="/tmp"/>
    <property name="quarkus.http.test-protocol" value="http"/>
    <property name="java.version" value="17.0.16"/>
    <property name="user.dir" value="/home/runner/work/apicurio-testing/apicurio-testing/clusters/ci419/namespaces/pg17/tests/integration/apicurio-registry/integration-tests"/>
    <property name="os.arch" value="amd64"/>
    <property name="groups" value="( smoke | serdes | acceptance | ui)"/>
    <property name="java.vm.specification.name" value="Java Virtual Machine Specification"/>
    <property name="native.encoding" value="UTF-8"/>
    <property name="java.util.logging.manager" value="org.jboss.logmanager.LogManager"/>
    <property name="java.library.path" value="/usr/java/packages/lib:/usr/lib64:/lib64:/lib:/usr/lib"/>
    <property name="jdk.console" value="java.base"/>
    <property name="java.vm.info" value="mixed mode, sharing"/>
    <property name="java.vendor" value="Eclipse Adoptium"/>
    <property name="java.vm.version" value="17.0.16+8"/>
    <property name="java.specification.maintenance.version" value="1"/>
    <property name="sun.io.unicode.encoding" value="UnicodeLittle"/>
    <property name="javax.xml.transform.TransformerFactory" value="com.sun.org.apache.xalan.internal.xsltc.trax.TransformerFactoryImpl"/>
    <property name="java.class.version" value="61.0"/>
  </properties>
  <testcase name="testEvolveAvroConfluent" classname="io.apicurio.tests.serdes.confluent.BasicConfluentSerDesIT" time="13.134">
    <system-out><![CDATA[**** Registry Base URL: http://registry-app-pg17.apps.ci419.apicurio-testing.org:80
**** Registry Base URL: http://registry-app-pg17.apps.ci419.apicurio-testing.org:80
2025-09-03 13:24:49,931 INFO  [io.api.tes.ser.con.BasicConfluentSerDesIT] (main) RestAssured configured with http://registry-app-pg17.apps.ci419.apicurio-testing.org:80/apis/registry/v3
**** Registry Base URL: http://registry-app-pg17.apps.ci419.apicurio-testing.org:80
2025-09-03 13:24:50,062 INFO  [io.api.tes.ser.con.BasicConfluentSerDesIT] (main) Deleting confluent schema subj_66e1011a_1f42_45fa_83e0_72aef001efa0-value
2025-09-03 13:24:50,079 INFO  [io.api.tes.ser.con.BasicConfluentSerDesIT] (main) Deleting confluent schema subj_bfcbad94_2695_4eff_af0c_ecea4754e18d-value
2025-09-03 13:24:50,091 INFO  [io.api.tes.ser.con.BasicConfluentSerDesIT] (main) Deleting confluent schema CUSTOMERS-key
2025-09-03 13:24:50,104 INFO  [io.api.tes.ser.con.BasicConfluentSerDesIT] (main) Deleting confluent schema CUSTOMERS.Value
2025-09-03 13:24:50,116 INFO  [io.api.tes.ser.con.BasicConfluentSerDesIT] (main) Deleting confluent schema CUSTOMERS-value
2025-09-03 13:24:50,130 INFO  [io.api.tes.ser.con.BasicConfluentSerDesIT] (main) Deleting confluent schema subj_e9ad4fb9_ecdf_474b_bdc3_2e1ac0718609-value
2025-09-03 13:24:50,142 INFO  [io.api.tes.ser.con.BasicConfluentSerDesIT] (main) Deleting confluent schema topic-c7244850_4ae5_4c3d_88dc_5b0bd9a50c36-value
2025-09-03 13:24:50,154 INFO  [io.api.tes.ser.con.BasicConfluentSerDesIT] (main) Deleting confluent schema topic-b70ba559_6145_4926_8b94_aedfe6f00a38-value
2025-09-03 13:24:50,166 INFO  [io.api.tes.ser.con.BasicConfluentSerDesIT] (main) Deleting confluent schema topic-d0a52603_888a_4c4b_8b30_bc68e025ef54-value
2025-09-03 13:24:50,178 INFO  [io.api.tes.ser.con.BasicConfluentSerDesIT] (main) Deleting confluent schema topic-a30a220b_f3d2_446b_8b1d_417992201f36-value
2025-09-03 13:24:50,189 INFO  [io.api.tes.ser.con.BasicConfluentSerDesIT] (main) Deleting confluent schema topic-7aa0a9d9_ba00_4390_a84d_20b9b5e210c7-value
2025-09-03 13:24:50,202 INFO  [io.api.tes.ser.con.BasicConfluentSerDesIT] (main) Deleting confluent schema topic-9c7b951d_fc2e_452a_ac25_83e230b9d6bf-value
2025-09-03 13:24:50,229 INFO  [io.api.tes.ser.con.BasicConfluentSerDesIT] (main) Deleting confluent schema myrecordconfluent
2025-09-03 13:24:50,241 INFO  [io.api.tes.ser.con.BasicConfluentSerDesIT] (main) Deleting confluent schema topic-826e9ced_f3f1_44ea_9be5_60e1dc8f8c2c
2025-09-03 13:24:50,252 INFO  [io.api.tes.ser.con.BasicConfluentSerDesIT] (main) Deleting confluent schema topic-cc8611b6_85b1_48b3_8d2a_70acc1623393-value
2025-09-03 13:24:50,265 INFO  [io.api.tes.ser.con.BasicConfluentSerDesIT] (main) Deleting confluent schema topic-538ca811_7403_4c18_a457_8da232c43263
2025-09-03 13:24:50,276 INFO  [io.api.tes.ser.con.BasicConfluentSerDesIT] (main) Deleting confluent schema topic-13af27fb_27f2_440a_870b_161905666698-value
2025-09-03 13:24:50,287 INFO  [io.api.tes.ser.con.BasicConfluentSerDesIT] (main) Deleting confluent schema topic-d6ed07b1_ee04_4888_999a_2dfaef55a9d6
2025-09-03 13:24:50,298 INFO  [io.api.tes.ser.con.BasicConfluentSerDesIT] (main) Deleting confluent schema topic-f67e52fd_47f6_4472_8e32_eab41d603298
2025-09-03 13:24:50,308 INFO  [io.api.tes.ser.con.BasicConfluentSerDesIT] (main) Deleting confluent schema topic-d37b7333_5606_429b_b758_d818cfcc8876-value
2025-09-03 13:24:50,319 INFO  [io.api.tes.ser.con.BasicConfluentSerDesIT] (main) Deleting confluent schema sfd3c76b8x87e6x4bd1x9d43x5e9945baf89c-value
2025-09-03 13:24:50,330 INFO  [io.api.tes.ser.con.BasicConfluentSerDesIT] (main) Deleting confluent schema google/protobuf/timestamp.proto
2025-09-03 13:24:50,341 INFO  [io.api.tes.ser.con.BasicConfluentSerDesIT] (main) Deleting confluent schema topic-c34fa50f_850c_4a91_8383_bb4515568bbb-value
2025-09-03 13:24:50,352 INFO  [io.api.tes.ser.con.BasicConfluentSerDesIT] (main) Deleting confluent schema topic-ab80fc37_8433_490c_a5b6_5bdf75280e82-value
2025-09-03 13:24:50,362 INFO  [io.api.tes.ser.con.BasicConfluentSerDesIT] (main) Deleting confluent schema s41324bd5x7c58x4161x82adx3c7a15cd1bbc-value
2025-09-03 13:24:50,373 INFO  [io.api.tes.ser.con.BasicConfluentSerDesIT] (main) Deleting confluent schema topic-549e34bb_e9f4_4043_94e3_e0e45e8aaa4d-value
2025-09-03 13:24:50,385 INFO  [io.api.tes.ser.con.BasicConfluentSerDesIT] (main) Deleting confluent schema s16f366e8x6d76x4bf9x8155x2b1d82a0684c-value
2025-09-03 13:24:50,396 INFO  [io.api.tes.ser.con.BasicConfluentSerDesIT] (main) Deleting confluent schema topic-3eb72d2b_3b23_45be_8346_bb93375cb4c3-value
2025-09-03 13:24:50,406 INFO  [io.api.tes.ser.con.BasicConfluentSerDesIT] (main) Deleting confluent schema topic-2cf790f8_723c_48ee_94dd_1cbfb9f7d49c-value
2025-09-03 13:24:50,416 INFO  [io.api.tes.ser.con.BasicConfluentSerDesIT] (main) Deleting confluent schema topic-3706374e_9804_4930_9fee_8c3d04b89a8e
2025-09-03 13:24:50,426 INFO  [io.api.tes.ser.con.BasicConfluentSerDesIT] (main) Deleting confluent schema topic-85415e2a_518f_41e5_881f_d1126ba2bb2e
2025-09-03 13:24:50,437 INFO  [io.api.tes.ser.con.BasicConfluentSerDesIT] (main) Deleting confluent schema topic-fc24bad6_219d_458d_96da_3e7583e895bc-value
2025-09-03 13:24:50,447 INFO  [io.api.tes.ser.con.BasicConfluentSerDesIT] (main) Deleting confluent schema topic-00455e26_d6b6_4636_a269_065f2f9cd78a-value
2025-09-03 13:24:50,457 INFO  [io.api.tes.ser.con.BasicConfluentSerDesIT] (main) Deleting confluent schema topic-47d42325_f39e_4bfd_8373_e227eba68560-value
2025-09-03 13:24:50,471 INFO  [io.api.tes.uti.KafkaFacade] (main) Skipping deployment of kafka, because it's already deployed
2025-09-03 13:24:50,480 INFO  [io.api.tes.uti.TestSeparator] (main) ############################################################################
2025-09-03 13:24:50,480 INFO  [io.api.tes.uti.TestSeparator] (main) io.apicurio.tests.serdes.confluent.BasicConfluentSerDesIT.testEvolveAvroConfluent-STARTED
2025-09-03 13:24:50,482 INFO  [org.apa.kaf.cli.adm.AdminClientConfig] (main) AdminClientConfig values: 
	auto.include.jmx.reporter = true
	bootstrap.controllers = []
	bootstrap.servers = [PLAINTEXT://localhost:32769]
	client.dns.lookup = use_all_dns_ips
	client.id = 
	connections.max.idle.ms = 10000
	default.api.timeout.ms = 60000
	enable.metrics.push = true
	metadata.max.age.ms = 300000
	metadata.recovery.strategy = none
	metric.reporters = []
	metrics.num.samples = 2
	metrics.recording.level = INFO
	metrics.sample.window.ms = 30000
	receive.buffer.bytes = 65536
	reconnect.backoff.max.ms = 1000
	reconnect.backoff.ms = 50
	request.timeout.ms = 5000
	retries = 2147483647
	retry.backoff.max.ms = 1000
	retry.backoff.ms = 100
	sasl.client.callback.handler.class = null
	sasl.jaas.config = null
	sasl.kerberos.kinit.cmd = /usr/bin/kinit
	sasl.kerberos.min.time.before.relogin = 60000
	sasl.kerberos.service.name = null
	sasl.kerberos.ticket.renew.jitter = 0.05
	sasl.kerberos.ticket.renew.window.factor = 0.8
	sasl.login.callback.handler.class = null
	sasl.login.class = null
	sasl.login.connect.timeout.ms = null
	sasl.login.read.timeout.ms = null
	sasl.login.refresh.buffer.seconds = 300
	sasl.login.refresh.min.period.seconds = 60
	sasl.login.refresh.window.factor = 0.8
	sasl.login.refresh.window.jitter = 0.05
	sasl.login.retry.backoff.max.ms = 10000
	sasl.login.retry.backoff.ms = 100
	sasl.mechanism = GSSAPI
	sasl.oauthbearer.clock.skew.seconds = 30
	sasl.oauthbearer.expected.audience = null
	sasl.oauthbearer.expected.issuer = null
	sasl.oauthbearer.header.urlencode = false
	sasl.oauthbearer.jwks.endpoint.refresh.ms = 3600000
	sasl.oauthbearer.jwks.endpoint.retry.backoff.max.ms = 10000
	sasl.oauthbearer.jwks.endpoint.retry.backoff.ms = 100
	sasl.oauthbearer.jwks.endpoint.url = null
	sasl.oauthbearer.scope.claim.name = scope
	sasl.oauthbearer.sub.claim.name = sub
	sasl.oauthbearer.token.endpoint.url = null
	security.protocol = PLAINTEXT
	security.providers = null
	send.buffer.bytes = 131072
	socket.connection.setup.timeout.max.ms = 30000
	socket.connection.setup.timeout.ms = 10000
	ssl.cipher.suites = null
	ssl.enabled.protocols = [TLSv1.2, TLSv1.3]
	ssl.endpoint.identification.algorithm = https
	ssl.engine.factory.class = null
	ssl.key.password = null
	ssl.keymanager.algorithm = SunX509
	ssl.keystore.certificate.chain = null
	ssl.keystore.key = null
	ssl.keystore.location = null
	ssl.keystore.password = null
	ssl.keystore.type = JKS
	ssl.protocol = TLSv1.3
	ssl.provider = null
	ssl.secure.random.implementation = null
	ssl.trustmanager.algorithm = PKIX
	ssl.truststore.certificates = null
	ssl.truststore.location = null
	ssl.truststore.password = null
	ssl.truststore.type = JKS

2025-09-03 13:24:50,483 INFO  [org.apa.kaf.com.uti.AppInfoParser] (main) Kafka version: 3.9.1
2025-09-03 13:24:50,483 INFO  [org.apa.kaf.com.uti.AppInfoParser] (main) Kafka commitId: f745dfdcee2b9851
2025-09-03 13:24:50,483 INFO  [org.apa.kaf.com.uti.AppInfoParser] (main) Kafka startTimeMs: 1756905890483
2025-09-03 13:24:50,599 INFO  [io.api.tes.ser.con.BasicConfluentSerDesIT] (main) Checking that created schema is equal to the get schema
2025-09-03 13:24:50,621 INFO  [io.api.tes.ser.con.BasicConfluentSerDesIT] (main) Created schema with id:47 and name:s0dc8076bx69c1x4705xb47cx7d6593199f9e
**** Registry Base URL: http://registry-app-pg17.apps.ci419.apicurio-testing.org:80
2025-09-03 13:24:50,626 INFO  [org.apa.kaf.cli.pro.ProducerConfig] (main) ProducerConfig values: 
	acks = -1
	auto.include.jmx.reporter = true
	batch.size = 16384
	bootstrap.servers = [PLAINTEXT://localhost:32769]
	buffer.memory = 33554432
	client.dns.lookup = use_all_dns_ips
	client.id = Producer-topic-c8aa8153_0bdb_47f6_a650_be218005cbd0
	compression.gzip.level = -1
	compression.lz4.level = 9
	compression.type = none
	compression.zstd.level = 3
	connections.max.idle.ms = 10000
	delivery.timeout.ms = 120000
	enable.idempotence = true
	enable.metrics.push = true
	interceptor.classes = []
	key.serializer = class org.apache.kafka.common.serialization.StringSerializer
	linger.ms = 0
	max.block.ms = 60000
	max.in.flight.requests.per.connection = 5
	max.request.size = 1048576
	metadata.max.age.ms = 300000
	metadata.max.idle.ms = 300000
	metadata.recovery.strategy = none
	metric.reporters = []
	metrics.num.samples = 2
	metrics.recording.level = INFO
	metrics.sample.window.ms = 30000
	partitioner.adaptive.partitioning.enable = true
	partitioner.availability.timeout.ms = 0
	partitioner.class = null
	partitioner.ignore.keys = false
	receive.buffer.bytes = 32768
	reconnect.backoff.max.ms = 1000
	reconnect.backoff.ms = 50
	request.timeout.ms = 5000
	retries = 2147483647
	retry.backoff.max.ms = 1000
	retry.backoff.ms = 100
	sasl.client.callback.handler.class = null
	sasl.jaas.config = null
	sasl.kerberos.kinit.cmd = /usr/bin/kinit
	sasl.kerberos.min.time.before.relogin = 60000
	sasl.kerberos.service.name = null
	sasl.kerberos.ticket.renew.jitter = 0.05
	sasl.kerberos.ticket.renew.window.factor = 0.8
	sasl.login.callback.handler.class = null
	sasl.login.class = null
	sasl.login.connect.timeout.ms = null
	sasl.login.read.timeout.ms = null
	sasl.login.refresh.buffer.seconds = 300
	sasl.login.refresh.min.period.seconds = 60
	sasl.login.refresh.window.factor = 0.8
	sasl.login.refresh.window.jitter = 0.05
	sasl.login.retry.backoff.max.ms = 10000
	sasl.login.retry.backoff.ms = 100
	sasl.mechanism = GSSAPI
	sasl.oauthbearer.clock.skew.seconds = 30
	sasl.oauthbearer.expected.audience = null
	sasl.oauthbearer.expected.issuer = null
	sasl.oauthbearer.header.urlencode = false
	sasl.oauthbearer.jwks.endpoint.refresh.ms = 3600000
	sasl.oauthbearer.jwks.endpoint.retry.backoff.max.ms = 10000
	sasl.oauthbearer.jwks.endpoint.retry.backoff.ms = 100
	sasl.oauthbearer.jwks.endpoint.url = null
	sasl.oauthbearer.scope.claim.name = scope
	sasl.oauthbearer.sub.claim.name = sub
	sasl.oauthbearer.token.endpoint.url = null
	security.protocol = PLAINTEXT
	security.providers = null
	send.buffer.bytes = 131072
	socket.connection.setup.timeout.max.ms = 30000
	socket.connection.setup.timeout.ms = 10000
	ssl.cipher.suites = null
	ssl.enabled.protocols = [TLSv1.2, TLSv1.3]
	ssl.endpoint.identification.algorithm = https
	ssl.engine.factory.class = null
	ssl.key.password = null
	ssl.keymanager.algorithm = SunX509
	ssl.keystore.certificate.chain = null
	ssl.keystore.key = null
	ssl.keystore.location = null
	ssl.keystore.password = null
	ssl.keystore.type = JKS
	ssl.protocol = TLSv1.3
	ssl.provider = null
	ssl.secure.random.implementation = null
	ssl.trustmanager.algorithm = PKIX
	ssl.truststore.certificates = null
	ssl.truststore.location = null
	ssl.truststore.password = null
	ssl.truststore.type = JKS
	transaction.timeout.ms = 60000
	transactional.id = null
	value.serializer = class io.confluent.kafka.serializers.KafkaAvroSerializer

2025-09-03 13:24:50,626 INFO  [org.apa.kaf.com.tel.int.KafkaMetricsCollector] (main) initializing Kafka metrics collector
2025-09-03 13:24:50,628 INFO  [io.con.kaf.ser.KafkaAvroSerializerConfig] (main) KafkaAvroSerializerConfig values: 
	auto.register.schemas = false
	avro.reflection.allow.null = false
	avro.remove.java.properties = false
	avro.use.logical.type.converters = false
	basic.auth.credentials.source = URL
	basic.auth.user.info = [hidden]
	bearer.auth.cache.expiry.buffer.seconds = 300
	bearer.auth.client.id = null
	bearer.auth.client.secret = null
	bearer.auth.credentials.source = STATIC_TOKEN
	bearer.auth.custom.provider.class = null
	bearer.auth.identity.pool.id = null
	bearer.auth.issuer.endpoint.url = null
	bearer.auth.logical.cluster = null
	bearer.auth.scope = null
	bearer.auth.scope.claim.name = scope
	bearer.auth.sub.claim.name = sub
	bearer.auth.token = [hidden]
	context.name.strategy = class io.confluent.kafka.serializers.context.NullContextNameStrategy
	http.connect.timeout.ms = 60000
	http.read.timeout.ms = 60000
	id.compatibility.strict = true
	key.schema.id.deserializer = class io.confluent.kafka.serializers.schema.id.DualSchemaIdDeserializer
	key.schema.id.serializer = class io.confluent.kafka.serializers.schema.id.PrefixSchemaIdSerializer
	key.subject.name.strategy = class io.confluent.kafka.serializers.subject.TopicNameStrategy
	latest.cache.size = 1000
	latest.cache.ttl.sec = -1
	latest.compatibility.strict = true
	max.retries = 3
	max.schemas.per.subject = 1000
	normalize.schemas = false
	propagate.schema.tags = false
	proxy.host = 
	proxy.port = -1
	retries.max.wait.ms = 20000
	retries.wait.ms = 1000
	rule.actions = []
	rule.executors = []
	rule.service.loader.enable = true
	schema.format = null
	schema.reflection = false
	schema.registry.basic.auth.user.info = [hidden]
	schema.registry.ssl.cipher.suites = null
	schema.registry.ssl.enabled.protocols = [TLSv1.2, TLSv1.3]
	schema.registry.ssl.endpoint.identification.algorithm = https
	schema.registry.ssl.engine.factory.class = null
	schema.registry.ssl.key.password = null
	schema.registry.ssl.keymanager.algorithm = SunX509
	schema.registry.ssl.keystore.certificate.chain = null
	schema.registry.ssl.keystore.key = null
	schema.registry.ssl.keystore.location = null
	schema.registry.ssl.keystore.password = null
	schema.registry.ssl.keystore.type = JKS
	schema.registry.ssl.protocol = TLSv1.3
	schema.registry.ssl.provider = null
	schema.registry.ssl.secure.random.implementation = null
	schema.registry.ssl.trustmanager.algorithm = PKIX
	schema.registry.ssl.truststore.certificates = null
	schema.registry.ssl.truststore.location = null
	schema.registry.ssl.truststore.password = null
	schema.registry.ssl.truststore.type = JKS
	schema.registry.url = [http://registry-app-pg17.apps.ci419.apicurio-testing.org:80/apis/ccompat/v7]
	schema.registry.url.randomize = false
	use.latest.version = false
	use.latest.with.metadata = null
	use.schema.id = -1
	value.schema.id.deserializer = class io.confluent.kafka.serializers.schema.id.DualSchemaIdDeserializer
	value.schema.id.serializer = class io.confluent.kafka.serializers.schema.id.PrefixSchemaIdSerializer
	value.subject.name.strategy = class io.confluent.kafka.serializers.subject.TopicRecordNameStrategy

2025-09-03 13:24:50,639 INFO  [org.apa.kaf.cli.pro.KafkaProducer] (main) [Producer clientId=Producer-topic-c8aa8153_0bdb_47f6_a650_be218005cbd0] Instantiated an idempotent producer.
2025-09-03 13:24:50,640 INFO  [org.apa.kaf.cli.pro.ProducerConfig] (main) These configurations '[schema.registry.url, auto.register.schemas, value.subject.name.strategy]' were supplied but are not used yet.
2025-09-03 13:24:50,640 INFO  [org.apa.kaf.com.uti.AppInfoParser] (main) Kafka version: 3.9.1
2025-09-03 13:24:50,640 INFO  [org.apa.kaf.com.uti.AppInfoParser] (main) Kafka commitId: f745dfdcee2b9851
2025-09-03 13:24:50,640 INFO  [org.apa.kaf.com.uti.AppInfoParser] (main) Kafka startTimeMs: 1756905890640
**** Registry Base URL: http://registry-app-pg17.apps.ci419.apicurio-testing.org:80
2025-09-03 13:24:50,643 INFO  [org.apa.kaf.cli.con.ConsumerConfig] (main) ConsumerConfig values: 
	allow.auto.create.topics = true
	auto.commit.interval.ms = 500
	auto.include.jmx.reporter = true
	auto.offset.reset = earliest
	bootstrap.servers = [PLAINTEXT://localhost:32769]
	check.crcs = true
	client.dns.lookup = use_all_dns_ips
	client.id = consumer-Consumer-topic-c8aa8153_0bdb_47f6_a650_be218005cbd0-34
	client.rack = 
	connections.max.idle.ms = 10000
	default.api.timeout.ms = 60000
	enable.auto.commit = true
	enable.metrics.push = true
	exclude.internal.topics = true
	fetch.max.bytes = 52428800
	fetch.max.wait.ms = 500
	fetch.min.bytes = 1
	group.id = Consumer-topic-c8aa8153_0bdb_47f6_a650_be218005cbd0
	group.instance.id = null
	group.protocol = classic
	group.remote.assignor = null
	heartbeat.interval.ms = 3000
	interceptor.classes = []
	internal.leave.group.on.close = true
	internal.throw.on.fetch.stable.offset.unsupported = false
	isolation.level = read_uncommitted
	key.deserializer = class org.apache.kafka.common.serialization.StringDeserializer
	max.partition.fetch.bytes = 1048576
	max.poll.interval.ms = 300000
	max.poll.records = 500
	metadata.max.age.ms = 300000
	metadata.recovery.strategy = none
	metric.reporters = []
	metrics.num.samples = 2
	metrics.recording.level = INFO
	metrics.sample.window.ms = 30000
	partition.assignment.strategy = [class org.apache.kafka.clients.consumer.RangeAssignor, class org.apache.kafka.clients.consumer.CooperativeStickyAssignor]
	receive.buffer.bytes = 65536
	reconnect.backoff.max.ms = 1000
	reconnect.backoff.ms = 50
	request.timeout.ms = 5000
	retry.backoff.max.ms = 1000
	retry.backoff.ms = 100
	sasl.client.callback.handler.class = null
	sasl.jaas.config = null
	sasl.kerberos.kinit.cmd = /usr/bin/kinit
	sasl.kerberos.min.time.before.relogin = 60000
	sasl.kerberos.service.name = null
	sasl.kerberos.ticket.renew.jitter = 0.05
	sasl.kerberos.ticket.renew.window.factor = 0.8
	sasl.login.callback.handler.class = null
	sasl.login.class = null
	sasl.login.connect.timeout.ms = null
	sasl.login.read.timeout.ms = null
	sasl.login.refresh.buffer.seconds = 300
	sasl.login.refresh.min.period.seconds = 60
	sasl.login.refresh.window.factor = 0.8
	sasl.login.refresh.window.jitter = 0.05
	sasl.login.retry.backoff.max.ms = 10000
	sasl.login.retry.backoff.ms = 100
	sasl.mechanism = GSSAPI
	sasl.oauthbearer.clock.skew.seconds = 30
	sasl.oauthbearer.expected.audience = null
	sasl.oauthbearer.expected.issuer = null
	sasl.oauthbearer.header.urlencode = false
	sasl.oauthbearer.jwks.endpoint.refresh.ms = 3600000
	sasl.oauthbearer.jwks.endpoint.retry.backoff.max.ms = 10000
	sasl.oauthbearer.jwks.endpoint.retry.backoff.ms = 100
	sasl.oauthbearer.jwks.endpoint.url = null
	sasl.oauthbearer.scope.claim.name = scope
	sasl.oauthbearer.sub.claim.name = sub
	sasl.oauthbearer.token.endpoint.url = null
	security.protocol = PLAINTEXT
	security.providers = null
	send.buffer.bytes = 131072
	session.timeout.ms = 45000
	socket.connection.setup.timeout.max.ms = 30000
	socket.connection.setup.timeout.ms = 10000
	ssl.cipher.suites = null
	ssl.enabled.protocols = [TLSv1.2, TLSv1.3]
	ssl.endpoint.identification.algorithm = https
	ssl.engine.factory.class = null
	ssl.key.password = null
	ssl.keymanager.algorithm = SunX509
	ssl.keystore.certificate.chain = null
	ssl.keystore.key = null
	ssl.keystore.location = null
	ssl.keystore.password = null
	ssl.keystore.type = JKS
	ssl.protocol = TLSv1.3
	ssl.provider = null
	ssl.secure.random.implementation = null
	ssl.trustmanager.algorithm = PKIX
	ssl.truststore.certificates = null
	ssl.truststore.location = null
	ssl.truststore.password = null
	ssl.truststore.type = JKS
	value.deserializer = class io.confluent.kafka.serializers.KafkaAvroDeserializer

2025-09-03 13:24:50,643 INFO  [org.apa.kaf.cli.Metadata] (kafka-producer-network-thread | Producer-topic-c8aa8153_0bdb_47f6_a650_be218005cbd0) [Producer clientId=Producer-topic-c8aa8153_0bdb_47f6_a650_be218005cbd0] Cluster ID: Vad1sk8gS_OCqo1-tuet0Q
2025-09-03 13:24:50,644 INFO  [org.apa.kaf.com.tel.int.KafkaMetricsCollector] (main) initializing Kafka metrics collector
2025-09-03 13:24:50,644 INFO  [io.con.kaf.ser.KafkaAvroDeserializerConfig] (main) KafkaAvroDeserializerConfig values: 
	auto.register.schemas = true
	avro.reflection.allow.null = false
	avro.use.logical.type.converters = false
	basic.auth.credentials.source = URL
	basic.auth.user.info = [hidden]
	bearer.auth.cache.expiry.buffer.seconds = 300
	bearer.auth.client.id = null
	bearer.auth.client.secret = null
	bearer.auth.credentials.source = STATIC_TOKEN
	bearer.auth.custom.provider.class = null
	bearer.auth.identity.pool.id = null
	bearer.auth.issuer.endpoint.url = null
	bearer.auth.logical.cluster = null
	bearer.auth.scope = null
	bearer.auth.scope.claim.name = scope
	bearer.auth.sub.claim.name = sub
	bearer.auth.token = [hidden]
	context.name.strategy = class io.confluent.kafka.serializers.context.NullContextNameStrategy
	http.connect.timeout.ms = 60000
	http.read.timeout.ms = 60000
	id.compatibility.strict = true
	key.schema.id.deserializer = class io.confluent.kafka.serializers.schema.id.DualSchemaIdDeserializer
	key.schema.id.serializer = class io.confluent.kafka.serializers.schema.id.PrefixSchemaIdSerializer
	key.subject.name.strategy = class io.confluent.kafka.serializers.subject.TopicNameStrategy
	latest.cache.size = 1000
	latest.cache.ttl.sec = -1
	latest.compatibility.strict = true
	max.retries = 3
	max.schemas.per.subject = 1000
	normalize.schemas = false
	propagate.schema.tags = false
	proxy.host = 
	proxy.port = -1
	retries.max.wait.ms = 20000
	retries.wait.ms = 1000
	rule.actions = []
	rule.executors = []
	rule.service.loader.enable = true
	schema.format = null
	schema.reflection = false
	schema.registry.basic.auth.user.info = [hidden]
	schema.registry.ssl.cipher.suites = null
	schema.registry.ssl.enabled.protocols = [TLSv1.2, TLSv1.3]
	schema.registry.ssl.endpoint.identification.algorithm = https
	schema.registry.ssl.engine.factory.class = null
	schema.registry.ssl.key.password = null
	schema.registry.ssl.keymanager.algorithm = SunX509
	schema.registry.ssl.keystore.certificate.chain = null
	schema.registry.ssl.keystore.key = null
	schema.registry.ssl.keystore.location = null
	schema.registry.ssl.keystore.password = null
	schema.registry.ssl.keystore.type = JKS
	schema.registry.ssl.protocol = TLSv1.3
	schema.registry.ssl.provider = null
	schema.registry.ssl.secure.random.implementation = null
	schema.registry.ssl.trustmanager.algorithm = PKIX
	schema.registry.ssl.truststore.certificates = null
	schema.registry.ssl.truststore.location = null
	schema.registry.ssl.truststore.password = null
	schema.registry.ssl.truststore.type = JKS
	schema.registry.url = [http://registry-app-pg17.apps.ci419.apicurio-testing.org:80/apis/ccompat/v7]
	schema.registry.url.randomize = false
	specific.avro.key.type = null
	specific.avro.reader = false
	specific.avro.value.type = null
	use.latest.version = false
	use.latest.with.metadata = null
	use.schema.id = -1
	value.schema.id.deserializer = class io.confluent.kafka.serializers.schema.id.DualSchemaIdDeserializer
	value.schema.id.serializer = class io.confluent.kafka.serializers.schema.id.PrefixSchemaIdSerializer
	value.subject.name.strategy = class io.confluent.kafka.serializers.subject.TopicNameStrategy

2025-09-03 13:24:50,647 INFO  [org.apa.kaf.cli.pro.int.TransactionManager] (kafka-producer-network-thread | Producer-topic-c8aa8153_0bdb_47f6_a650_be218005cbd0) [Producer clientId=Producer-topic-c8aa8153_0bdb_47f6_a650_be218005cbd0] ProducerId set to 44 with epoch 0
2025-09-03 13:24:50,648 INFO  [org.apa.kaf.cli.con.ConsumerConfig] (main) These configurations '[schema.registry.url]' were supplied but are not used yet.
2025-09-03 13:24:50,648 INFO  [org.apa.kaf.com.uti.AppInfoParser] (main) Kafka version: 3.9.1
2025-09-03 13:24:50,648 INFO  [org.apa.kaf.com.uti.AppInfoParser] (main) Kafka commitId: f745dfdcee2b9851
2025-09-03 13:24:50,648 INFO  [org.apa.kaf.com.uti.AppInfoParser] (main) Kafka startTimeMs: 1756905890648
2025-09-03 13:24:50,648 INFO  [io.api.tes.ser.api.KafkaSerdesTester] (ForkJoinPool.commonPool-worker-3) Sending message {"key1": "value-0"} to topic topic-c8aa8153_0bdb_47f6_a650_be218005cbd0
2025-09-03 13:24:50,679 INFO  [io.api.tes.ser.api.KafkaSerdesTester] (ForkJoinPool.commonPool-worker-3) Sending message {"key1": "value-1"} to topic topic-c8aa8153_0bdb_47f6_a650_be218005cbd0
2025-09-03 13:24:50,680 INFO  [io.api.tes.ser.api.KafkaSerdesTester] (ForkJoinPool.commonPool-worker-3) Sending message {"key1": "value-2"} to topic topic-c8aa8153_0bdb_47f6_a650_be218005cbd0
2025-09-03 13:24:50,681 INFO  [io.api.tes.ser.api.KafkaSerdesTester] (ForkJoinPool.commonPool-worker-3) Sending message {"key1": "value-3"} to topic topic-c8aa8153_0bdb_47f6_a650_be218005cbd0
2025-09-03 13:24:50,681 INFO  [io.api.tes.ser.api.KafkaSerdesTester] (ForkJoinPool.commonPool-worker-3) Sending message {"key1": "value-4"} to topic topic-c8aa8153_0bdb_47f6_a650_be218005cbd0
2025-09-03 13:24:50,682 INFO  [io.api.tes.ser.api.KafkaSerdesTester] (ForkJoinPool.commonPool-worker-3) Sending message {"key1": "value-5"} to topic topic-c8aa8153_0bdb_47f6_a650_be218005cbd0
2025-09-03 13:24:50,683 INFO  [io.api.tes.ser.api.KafkaSerdesTester] (ForkJoinPool.commonPool-worker-3) Sending message {"key1": "value-6"} to topic topic-c8aa8153_0bdb_47f6_a650_be218005cbd0
2025-09-03 13:24:50,684 INFO  [io.api.tes.ser.api.KafkaSerdesTester] (ForkJoinPool.commonPool-worker-3) Sending message {"key1": "value-7"} to topic topic-c8aa8153_0bdb_47f6_a650_be218005cbd0
2025-09-03 13:24:50,685 INFO  [io.api.tes.ser.api.KafkaSerdesTester] (ForkJoinPool.commonPool-worker-3) Sending message {"key1": "value-8"} to topic topic-c8aa8153_0bdb_47f6_a650_be218005cbd0
2025-09-03 13:24:50,686 INFO  [io.api.tes.ser.api.KafkaSerdesTester] (ForkJoinPool.commonPool-worker-3) Sending message {"key1": "value-9"} to topic topic-c8aa8153_0bdb_47f6_a650_be218005cbd0
2025-09-03 13:24:50,687 INFO  [io.api.tes.ser.api.KafkaSerdesTester] (ForkJoinPool.commonPool-worker-3) Produced 10 messages
2025-09-03 13:24:50,687 INFO  [org.apa.kaf.cli.pro.KafkaProducer] (ForkJoinPool.commonPool-worker-3) [Producer clientId=Producer-topic-c8aa8153_0bdb_47f6_a650_be218005cbd0] Closing the Kafka producer with timeoutMillis = 9223372036854775807 ms.
2025-09-03 13:24:50,688 INFO  [org.apa.kaf.com.met.Metrics] (ForkJoinPool.commonPool-worker-3) Metrics scheduler closed
2025-09-03 13:24:50,688 INFO  [org.apa.kaf.com.met.Metrics] (ForkJoinPool.commonPool-worker-3) Closing reporter org.apache.kafka.common.metrics.JmxReporter
2025-09-03 13:24:50,688 INFO  [org.apa.kaf.com.met.Metrics] (ForkJoinPool.commonPool-worker-3) Closing reporter org.apache.kafka.common.telemetry.internals.ClientTelemetryReporter
2025-09-03 13:24:50,688 INFO  [org.apa.kaf.com.met.Metrics] (ForkJoinPool.commonPool-worker-3) Metrics reporters closed
2025-09-03 13:24:50,689 INFO  [org.apa.kaf.com.uti.AppInfoParser] (ForkJoinPool.commonPool-worker-3) App info kafka.producer for Producer-topic-c8aa8153_0bdb_47f6_a650_be218005cbd0 unregistered
2025-09-03 13:24:50,689 INFO  [org.apa.kaf.cli.con.int.ClassicKafkaConsumer] (ForkJoinPool.commonPool-worker-3) [Consumer clientId=consumer-Consumer-topic-c8aa8153_0bdb_47f6_a650_be218005cbd0-34, groupId=Consumer-topic-c8aa8153_0bdb_47f6_a650_be218005cbd0] Subscribed to topic(s): topic-c8aa8153_0bdb_47f6_a650_be218005cbd0
2025-09-03 13:24:50,691 INFO  [org.apa.kaf.cli.Metadata] (ForkJoinPool.commonPool-worker-3) [Consumer clientId=consumer-Consumer-topic-c8aa8153_0bdb_47f6_a650_be218005cbd0-34, groupId=Consumer-topic-c8aa8153_0bdb_47f6_a650_be218005cbd0] Cluster ID: Vad1sk8gS_OCqo1-tuet0Q
2025-09-03 13:24:50,692 INFO  [org.apa.kaf.cli.con.int.ConsumerCoordinator] (ForkJoinPool.commonPool-worker-3) [Consumer clientId=consumer-Consumer-topic-c8aa8153_0bdb_47f6_a650_be218005cbd0-34, groupId=Consumer-topic-c8aa8153_0bdb_47f6_a650_be218005cbd0] Discovered group coordinator localhost:32769 (id: 2147483647 rack: null)
2025-09-03 13:24:50,693 INFO  [org.apa.kaf.cli.con.int.ConsumerCoordinator] (ForkJoinPool.commonPool-worker-3) [Consumer clientId=consumer-Consumer-topic-c8aa8153_0bdb_47f6_a650_be218005cbd0-34, groupId=Consumer-topic-c8aa8153_0bdb_47f6_a650_be218005cbd0] (Re-)joining group
2025-09-03 13:24:50,695 INFO  [org.apa.kaf.cli.con.int.ConsumerCoordinator] (ForkJoinPool.commonPool-worker-3) [Consumer clientId=consumer-Consumer-topic-c8aa8153_0bdb_47f6_a650_be218005cbd0-34, groupId=Consumer-topic-c8aa8153_0bdb_47f6_a650_be218005cbd0] Request joining group due to: need to re-join with the given member-id: consumer-Consumer-topic-c8aa8153_0bdb_47f6_a650_be218005cbd0-34-560b773f-10ae-4d5d-aa1d-6471796fcb67
2025-09-03 13:24:50,695 INFO  [org.apa.kaf.cli.con.int.ConsumerCoordinator] (ForkJoinPool.commonPool-worker-3) [Consumer clientId=consumer-Consumer-topic-c8aa8153_0bdb_47f6_a650_be218005cbd0-34, groupId=Consumer-topic-c8aa8153_0bdb_47f6_a650_be218005cbd0] (Re-)joining group
2025-09-03 13:24:51,689 INFO  [io.api.tes.ser.api.KafkaSerdesTester] (ForkJoinPool.commonPool-worker-3) None found
2025-09-03 13:24:52,689 INFO  [io.api.tes.ser.api.KafkaSerdesTester] (ForkJoinPool.commonPool-worker-3) None found
2025-09-03 13:24:53,689 INFO  [io.api.tes.ser.api.KafkaSerdesTester] (ForkJoinPool.commonPool-worker-3) None found
2025-09-03 13:24:53,697 INFO  [org.apa.kaf.cli.con.int.ConsumerCoordinator] (ForkJoinPool.commonPool-worker-3) [Consumer clientId=consumer-Consumer-topic-c8aa8153_0bdb_47f6_a650_be218005cbd0-34, groupId=Consumer-topic-c8aa8153_0bdb_47f6_a650_be218005cbd0] Successfully joined group with generation Generation{generationId=1, memberId='consumer-Consumer-topic-c8aa8153_0bdb_47f6_a650_be218005cbd0-34-560b773f-10ae-4d5d-aa1d-6471796fcb67', protocol='range'}
2025-09-03 13:24:53,697 INFO  [org.apa.kaf.cli.con.int.ConsumerCoordinator] (ForkJoinPool.commonPool-worker-3) [Consumer clientId=consumer-Consumer-topic-c8aa8153_0bdb_47f6_a650_be218005cbd0-34, groupId=Consumer-topic-c8aa8153_0bdb_47f6_a650_be218005cbd0] Finished assignment for group at generation 1: {consumer-Consumer-topic-c8aa8153_0bdb_47f6_a650_be218005cbd0-34-560b773f-10ae-4d5d-aa1d-6471796fcb67=Assignment(partitions=[topic-c8aa8153_0bdb_47f6_a650_be218005cbd0-0])}
2025-09-03 13:24:53,703 INFO  [org.apa.kaf.cli.con.int.ConsumerCoordinator] (ForkJoinPool.commonPool-worker-3) [Consumer clientId=consumer-Consumer-topic-c8aa8153_0bdb_47f6_a650_be218005cbd0-34, groupId=Consumer-topic-c8aa8153_0bdb_47f6_a650_be218005cbd0] Successfully synced group in generation Generation{generationId=1, memberId='consumer-Consumer-topic-c8aa8153_0bdb_47f6_a650_be218005cbd0-34-560b773f-10ae-4d5d-aa1d-6471796fcb67', protocol='range'}
2025-09-03 13:24:53,704 INFO  [org.apa.kaf.cli.con.int.ConsumerCoordinator] (ForkJoinPool.commonPool-worker-3) [Consumer clientId=consumer-Consumer-topic-c8aa8153_0bdb_47f6_a650_be218005cbd0-34, groupId=Consumer-topic-c8aa8153_0bdb_47f6_a650_be218005cbd0] Notifying assignor about the new Assignment(partitions=[topic-c8aa8153_0bdb_47f6_a650_be218005cbd0-0])
2025-09-03 13:24:53,704 INFO  [org.apa.kaf.cli.con.int.ConsumerRebalanceListenerInvoker] (ForkJoinPool.commonPool-worker-3) [Consumer clientId=consumer-Consumer-topic-c8aa8153_0bdb_47f6_a650_be218005cbd0-34, groupId=Consumer-topic-c8aa8153_0bdb_47f6_a650_be218005cbd0] Adding newly assigned partitions: topic-c8aa8153_0bdb_47f6_a650_be218005cbd0-0
2025-09-03 13:24:53,704 INFO  [org.apa.kaf.cli.con.int.ConsumerCoordinator] (ForkJoinPool.commonPool-worker-3) [Consumer clientId=consumer-Consumer-topic-c8aa8153_0bdb_47f6_a650_be218005cbd0-34, groupId=Consumer-topic-c8aa8153_0bdb_47f6_a650_be218005cbd0] Found no committed offset for partition topic-c8aa8153_0bdb_47f6_a650_be218005cbd0-0
2025-09-03 13:24:53,707 INFO  [org.apa.kaf.cli.con.int.SubscriptionState] (ForkJoinPool.commonPool-worker-3) [Consumer clientId=consumer-Consumer-topic-c8aa8153_0bdb_47f6_a650_be218005cbd0-34, groupId=Consumer-topic-c8aa8153_0bdb_47f6_a650_be218005cbd0] Resetting offset for partition topic-c8aa8153_0bdb_47f6_a650_be218005cbd0-0 to position FetchPosition{offset=0, offsetEpoch=Optional.empty, currentLeader=LeaderAndEpoch{leader=Optional[localhost:32769 (id: 0 rack: null)], epoch=0}}.
2025-09-03 13:24:53,727 INFO  [io.api.tes.ser.api.KafkaSerdesTester] (ForkJoinPool.commonPool-worker-3) topic-c8aa8153_0bdb_47f6_a650_be218005cbd0 0 0 {"key1": "value-0"}
2025-09-03 13:24:53,727 INFO  [io.api.tes.ser.api.KafkaSerdesTester] (ForkJoinPool.commonPool-worker-3) topic-c8aa8153_0bdb_47f6_a650_be218005cbd0 0 1 {"key1": "value-1"}
2025-09-03 13:24:53,727 INFO  [io.api.tes.ser.api.KafkaSerdesTester] (ForkJoinPool.commonPool-worker-3) topic-c8aa8153_0bdb_47f6_a650_be218005cbd0 0 2 {"key1": "value-2"}
2025-09-03 13:24:53,727 INFO  [io.api.tes.ser.api.KafkaSerdesTester] (ForkJoinPool.commonPool-worker-3) topic-c8aa8153_0bdb_47f6_a650_be218005cbd0 0 3 {"key1": "value-3"}
2025-09-03 13:24:53,727 INFO  [io.api.tes.ser.api.KafkaSerdesTester] (ForkJoinPool.commonPool-worker-3) topic-c8aa8153_0bdb_47f6_a650_be218005cbd0 0 4 {"key1": "value-4"}
2025-09-03 13:24:53,727 INFO  [io.api.tes.ser.api.KafkaSerdesTester] (ForkJoinPool.commonPool-worker-3) topic-c8aa8153_0bdb_47f6_a650_be218005cbd0 0 5 {"key1": "value-5"}
2025-09-03 13:24:53,727 INFO  [io.api.tes.ser.api.KafkaSerdesTester] (ForkJoinPool.commonPool-worker-3) topic-c8aa8153_0bdb_47f6_a650_be218005cbd0 0 6 {"key1": "value-6"}
2025-09-03 13:24:53,727 INFO  [io.api.tes.ser.api.KafkaSerdesTester] (ForkJoinPool.commonPool-worker-3) topic-c8aa8153_0bdb_47f6_a650_be218005cbd0 0 7 {"key1": "value-7"}
2025-09-03 13:24:53,727 INFO  [io.api.tes.ser.api.KafkaSerdesTester] (ForkJoinPool.commonPool-worker-3) topic-c8aa8153_0bdb_47f6_a650_be218005cbd0 0 8 {"key1": "value-8"}
2025-09-03 13:24:53,727 INFO  [io.api.tes.ser.api.KafkaSerdesTester] (ForkJoinPool.commonPool-worker-3) topic-c8aa8153_0bdb_47f6_a650_be218005cbd0 0 9 {"key1": "value-9"}
2025-09-03 13:24:53,727 INFO  [io.api.tes.ser.api.KafkaSerdesTester] (ForkJoinPool.commonPool-worker-3) Consumed 10 messages
2025-09-03 13:24:53,733 INFO  [org.apa.kaf.cli.con.int.ConsumerRebalanceListenerInvoker] (ForkJoinPool.commonPool-worker-3) [Consumer clientId=consumer-Consumer-topic-c8aa8153_0bdb_47f6_a650_be218005cbd0-34, groupId=Consumer-topic-c8aa8153_0bdb_47f6_a650_be218005cbd0] Revoke previously assigned partitions topic-c8aa8153_0bdb_47f6_a650_be218005cbd0-0
2025-09-03 13:24:53,734 INFO  [org.apa.kaf.cli.con.int.ConsumerCoordinator] (ForkJoinPool.commonPool-worker-3) [Consumer clientId=consumer-Consumer-topic-c8aa8153_0bdb_47f6_a650_be218005cbd0-34, groupId=Consumer-topic-c8aa8153_0bdb_47f6_a650_be218005cbd0] Member consumer-Consumer-topic-c8aa8153_0bdb_47f6_a650_be218005cbd0-34-560b773f-10ae-4d5d-aa1d-6471796fcb67 sending LeaveGroup request to coordinator localhost:32769 (id: 2147483647 rack: null) due to the consumer is being closed
2025-09-03 13:24:53,734 INFO  [org.apa.kaf.cli.con.int.ConsumerCoordinator] (ForkJoinPool.commonPool-worker-3) [Consumer clientId=consumer-Consumer-topic-c8aa8153_0bdb_47f6_a650_be218005cbd0-34, groupId=Consumer-topic-c8aa8153_0bdb_47f6_a650_be218005cbd0] Resetting generation and member id due to: consumer pro-actively leaving the group
2025-09-03 13:24:53,734 INFO  [org.apa.kaf.cli.con.int.ConsumerCoordinator] (ForkJoinPool.commonPool-worker-3) [Consumer clientId=consumer-Consumer-topic-c8aa8153_0bdb_47f6_a650_be218005cbd0-34, groupId=Consumer-topic-c8aa8153_0bdb_47f6_a650_be218005cbd0] Request joining group due to: consumer pro-actively leaving the group
2025-09-03 13:24:54,229 INFO  [org.apa.kaf.com.met.Metrics] (ForkJoinPool.commonPool-worker-3) Metrics scheduler closed
2025-09-03 13:24:54,229 INFO  [org.apa.kaf.com.met.Metrics] (ForkJoinPool.commonPool-worker-3) Closing reporter org.apache.kafka.common.metrics.JmxReporter
2025-09-03 13:24:54,229 INFO  [org.apa.kaf.com.met.Metrics] (ForkJoinPool.commonPool-worker-3) Closing reporter org.apache.kafka.common.telemetry.internals.ClientTelemetryReporter
2025-09-03 13:24:54,229 INFO  [org.apa.kaf.com.met.Metrics] (ForkJoinPool.commonPool-worker-3) Metrics reporters closed
2025-09-03 13:24:54,230 INFO  [org.apa.kaf.com.uti.AppInfoParser] (ForkJoinPool.commonPool-worker-3) App info kafka.consumer for consumer-Consumer-topic-c8aa8153_0bdb_47f6_a650_be218005cbd0-34 unregistered
**** Registry Base URL: http://registry-app-pg17.apps.ci419.apicurio-testing.org:80
2025-09-03 13:24:55,263 INFO  [org.apa.kaf.cli.pro.ProducerConfig] (main) ProducerConfig values: 
	acks = -1
	auto.include.jmx.reporter = true
	batch.size = 16384
	bootstrap.servers = [PLAINTEXT://localhost:32769]
	buffer.memory = 33554432
	client.dns.lookup = use_all_dns_ips
	client.id = Producer-topic-c8aa8153_0bdb_47f6_a650_be218005cbd0
	compression.gzip.level = -1
	compression.lz4.level = 9
	compression.type = none
	compression.zstd.level = 3
	connections.max.idle.ms = 10000
	delivery.timeout.ms = 120000
	enable.idempotence = true
	enable.metrics.push = true
	interceptor.classes = []
	key.serializer = class org.apache.kafka.common.serialization.StringSerializer
	linger.ms = 0
	max.block.ms = 60000
	max.in.flight.requests.per.connection = 5
	max.request.size = 1048576
	metadata.max.age.ms = 300000
	metadata.max.idle.ms = 300000
	metadata.recovery.strategy = none
	metric.reporters = []
	metrics.num.samples = 2
	metrics.recording.level = INFO
	metrics.sample.window.ms = 30000
	partitioner.adaptive.partitioning.enable = true
	partitioner.availability.timeout.ms = 0
	partitioner.class = null
	partitioner.ignore.keys = false
	receive.buffer.bytes = 32768
	reconnect.backoff.max.ms = 1000
	reconnect.backoff.ms = 50
	request.timeout.ms = 5000
	retries = 2147483647
	retry.backoff.max.ms = 1000
	retry.backoff.ms = 100
	sasl.client.callback.handler.class = null
	sasl.jaas.config = null
	sasl.kerberos.kinit.cmd = /usr/bin/kinit
	sasl.kerberos.min.time.before.relogin = 60000
	sasl.kerberos.service.name = null
	sasl.kerberos.ticket.renew.jitter = 0.05
	sasl.kerberos.ticket.renew.window.factor = 0.8
	sasl.login.callback.handler.class = null
	sasl.login.class = null
	sasl.login.connect.timeout.ms = null
	sasl.login.read.timeout.ms = null
	sasl.login.refresh.buffer.seconds = 300
	sasl.login.refresh.min.period.seconds = 60
	sasl.login.refresh.window.factor = 0.8
	sasl.login.refresh.window.jitter = 0.05
	sasl.login.retry.backoff.max.ms = 10000
	sasl.login.retry.backoff.ms = 100
	sasl.mechanism = GSSAPI
	sasl.oauthbearer.clock.skew.seconds = 30
	sasl.oauthbearer.expected.audience = null
	sasl.oauthbearer.expected.issuer = null
	sasl.oauthbearer.header.urlencode = false
	sasl.oauthbearer.jwks.endpoint.refresh.ms = 3600000
	sasl.oauthbearer.jwks.endpoint.retry.backoff.max.ms = 10000
	sasl.oauthbearer.jwks.endpoint.retry.backoff.ms = 100
	sasl.oauthbearer.jwks.endpoint.url = null
	sasl.oauthbearer.scope.claim.name = scope
	sasl.oauthbearer.sub.claim.name = sub
	sasl.oauthbearer.token.endpoint.url = null
	security.protocol = PLAINTEXT
	security.providers = null
	send.buffer.bytes = 131072
	socket.connection.setup.timeout.max.ms = 30000
	socket.connection.setup.timeout.ms = 10000
	ssl.cipher.suites = null
	ssl.enabled.protocols = [TLSv1.2, TLSv1.3]
	ssl.endpoint.identification.algorithm = https
	ssl.engine.factory.class = null
	ssl.key.password = null
	ssl.keymanager.algorithm = SunX509
	ssl.keystore.certificate.chain = null
	ssl.keystore.key = null
	ssl.keystore.location = null
	ssl.keystore.password = null
	ssl.keystore.type = JKS
	ssl.protocol = TLSv1.3
	ssl.provider = null
	ssl.secure.random.implementation = null
	ssl.trustmanager.algorithm = PKIX
	ssl.truststore.certificates = null
	ssl.truststore.location = null
	ssl.truststore.password = null
	ssl.truststore.type = JKS
	transaction.timeout.ms = 60000
	transactional.id = null
	value.serializer = class io.confluent.kafka.serializers.KafkaAvroSerializer

2025-09-03 13:24:55,263 INFO  [org.apa.kaf.com.tel.int.KafkaMetricsCollector] (main) initializing Kafka metrics collector
2025-09-03 13:24:55,263 INFO  [io.con.kaf.ser.KafkaAvroSerializerConfig] (main) KafkaAvroSerializerConfig values: 
	auto.register.schemas = false
	avro.reflection.allow.null = false
	avro.remove.java.properties = false
	avro.use.logical.type.converters = false
	basic.auth.credentials.source = URL
	basic.auth.user.info = [hidden]
	bearer.auth.cache.expiry.buffer.seconds = 300
	bearer.auth.client.id = null
	bearer.auth.client.secret = null
	bearer.auth.credentials.source = STATIC_TOKEN
	bearer.auth.custom.provider.class = null
	bearer.auth.identity.pool.id = null
	bearer.auth.issuer.endpoint.url = null
	bearer.auth.logical.cluster = null
	bearer.auth.scope = null
	bearer.auth.scope.claim.name = scope
	bearer.auth.sub.claim.name = sub
	bearer.auth.token = [hidden]
	context.name.strategy = class io.confluent.kafka.serializers.context.NullContextNameStrategy
	http.connect.timeout.ms = 60000
	http.read.timeout.ms = 60000
	id.compatibility.strict = true
	key.schema.id.deserializer = class io.confluent.kafka.serializers.schema.id.DualSchemaIdDeserializer
	key.schema.id.serializer = class io.confluent.kafka.serializers.schema.id.PrefixSchemaIdSerializer
	key.subject.name.strategy = class io.confluent.kafka.serializers.subject.TopicNameStrategy
	latest.cache.size = 1000
	latest.cache.ttl.sec = -1
	latest.compatibility.strict = true
	max.retries = 3
	max.schemas.per.subject = 1000
	normalize.schemas = false
	propagate.schema.tags = false
	proxy.host = 
	proxy.port = -1
	retries.max.wait.ms = 20000
	retries.wait.ms = 1000
	rule.actions = []
	rule.executors = []
	rule.service.loader.enable = true
	schema.format = null
	schema.reflection = false
	schema.registry.basic.auth.user.info = [hidden]
	schema.registry.ssl.cipher.suites = null
	schema.registry.ssl.enabled.protocols = [TLSv1.2, TLSv1.3]
	schema.registry.ssl.endpoint.identification.algorithm = https
	schema.registry.ssl.engine.factory.class = null
	schema.registry.ssl.key.password = null
	schema.registry.ssl.keymanager.algorithm = SunX509
	schema.registry.ssl.keystore.certificate.chain = null
	schema.registry.ssl.keystore.key = null
	schema.registry.ssl.keystore.location = null
	schema.registry.ssl.keystore.password = null
	schema.registry.ssl.keystore.type = JKS
	schema.registry.ssl.protocol = TLSv1.3
	schema.registry.ssl.provider = null
	schema.registry.ssl.secure.random.implementation = null
	schema.registry.ssl.trustmanager.algorithm = PKIX
	schema.registry.ssl.truststore.certificates = null
	schema.registry.ssl.truststore.location = null
	schema.registry.ssl.truststore.password = null
	schema.registry.ssl.truststore.type = JKS
	schema.registry.url = [http://registry-app-pg17.apps.ci419.apicurio-testing.org:80/apis/ccompat/v7]
	schema.registry.url.randomize = false
	use.latest.version = false
	use.latest.with.metadata = null
	use.schema.id = -1
	value.schema.id.deserializer = class io.confluent.kafka.serializers.schema.id.DualSchemaIdDeserializer
	value.schema.id.serializer = class io.confluent.kafka.serializers.schema.id.PrefixSchemaIdSerializer
	value.subject.name.strategy = class io.confluent.kafka.serializers.subject.TopicRecordNameStrategy

2025-09-03 13:24:55,265 INFO  [org.apa.kaf.cli.pro.KafkaProducer] (main) [Producer clientId=Producer-topic-c8aa8153_0bdb_47f6_a650_be218005cbd0] Instantiated an idempotent producer.
2025-09-03 13:24:55,266 INFO  [org.apa.kaf.cli.pro.ProducerConfig] (main) These configurations '[schema.registry.url, auto.register.schemas, value.subject.name.strategy]' were supplied but are not used yet.
2025-09-03 13:24:55,266 INFO  [org.apa.kaf.com.uti.AppInfoParser] (main) Kafka version: 3.9.1
2025-09-03 13:24:55,266 INFO  [org.apa.kaf.com.uti.AppInfoParser] (main) Kafka commitId: f745dfdcee2b9851
2025-09-03 13:24:55,266 INFO  [org.apa.kaf.com.uti.AppInfoParser] (main) Kafka startTimeMs: 1756905895266
2025-09-03 13:24:55,266 INFO  [io.api.tes.ser.api.KafkaSerdesTester] (ForkJoinPool.commonPool-worker-3) Sending message {"key1": "value-0", "key2": "value-0"} to topic topic-c8aa8153_0bdb_47f6_a650_be218005cbd0
2025-09-03 13:24:55,268 INFO  [org.apa.kaf.cli.Metadata] (kafka-producer-network-thread | Producer-topic-c8aa8153_0bdb_47f6_a650_be218005cbd0) [Producer clientId=Producer-topic-c8aa8153_0bdb_47f6_a650_be218005cbd0] Cluster ID: Vad1sk8gS_OCqo1-tuet0Q
2025-09-03 13:24:55,268 INFO  [org.apa.kaf.cli.pro.int.TransactionManager] (kafka-producer-network-thread | Producer-topic-c8aa8153_0bdb_47f6_a650_be218005cbd0) [Producer clientId=Producer-topic-c8aa8153_0bdb_47f6_a650_be218005cbd0] ProducerId set to 45 with epoch 0
2025-09-03 13:24:55,283 INFO  [io.api.tes.ser.api.KafkaSerdesTester] (ForkJoinPool.commonPool-worker-3) Sending message {"key1": "value-1", "key2": "value-1"} to topic topic-c8aa8153_0bdb_47f6_a650_be218005cbd0
2025-09-03 13:24:55,284 INFO  [io.api.tes.ser.api.KafkaSerdesTester] (ForkJoinPool.commonPool-worker-3) Sending message {"key1": "value-2", "key2": "value-2"} to topic topic-c8aa8153_0bdb_47f6_a650_be218005cbd0
2025-09-03 13:24:55,285 INFO  [io.api.tes.ser.api.KafkaSerdesTester] (ForkJoinPool.commonPool-worker-3) Sending message {"key1": "value-3", "key2": "value-3"} to topic topic-c8aa8153_0bdb_47f6_a650_be218005cbd0
2025-09-03 13:24:55,287 INFO  [io.api.tes.ser.api.KafkaSerdesTester] (ForkJoinPool.commonPool-worker-3) Sending message {"key1": "value-4", "key2": "value-4"} to topic topic-c8aa8153_0bdb_47f6_a650_be218005cbd0
2025-09-03 13:24:55,288 INFO  [io.api.tes.ser.api.KafkaSerdesTester] (ForkJoinPool.commonPool-worker-3) Sending message {"key1": "value-5", "key2": "value-5"} to topic topic-c8aa8153_0bdb_47f6_a650_be218005cbd0
2025-09-03 13:24:55,288 INFO  [io.api.tes.ser.api.KafkaSerdesTester] (ForkJoinPool.commonPool-worker-3) Sending message {"key1": "value-6", "key2": "value-6"} to topic topic-c8aa8153_0bdb_47f6_a650_be218005cbd0
2025-09-03 13:24:55,289 INFO  [io.api.tes.ser.api.KafkaSerdesTester] (ForkJoinPool.commonPool-worker-3) Sending message {"key1": "value-7", "key2": "value-7"} to topic topic-c8aa8153_0bdb_47f6_a650_be218005cbd0
2025-09-03 13:24:55,290 INFO  [io.api.tes.ser.api.KafkaSerdesTester] (ForkJoinPool.commonPool-worker-3) Sending message {"key1": "value-8", "key2": "value-8"} to topic topic-c8aa8153_0bdb_47f6_a650_be218005cbd0
2025-09-03 13:24:55,291 INFO  [io.api.tes.ser.api.KafkaSerdesTester] (ForkJoinPool.commonPool-worker-3) Sending message {"key1": "value-9", "key2": "value-9"} to topic topic-c8aa8153_0bdb_47f6_a650_be218005cbd0
2025-09-03 13:24:55,292 INFO  [io.api.tes.ser.api.KafkaSerdesTester] (ForkJoinPool.commonPool-worker-3) Produced 10 messages
2025-09-03 13:24:55,292 INFO  [org.apa.kaf.cli.pro.KafkaProducer] (ForkJoinPool.commonPool-worker-3) [Producer clientId=Producer-topic-c8aa8153_0bdb_47f6_a650_be218005cbd0] Closing the Kafka producer with timeoutMillis = 9223372036854775807 ms.
2025-09-03 13:24:55,293 INFO  [org.apa.kaf.com.met.Metrics] (ForkJoinPool.commonPool-worker-3) Metrics scheduler closed
2025-09-03 13:24:55,293 INFO  [org.apa.kaf.com.met.Metrics] (ForkJoinPool.commonPool-worker-3) Closing reporter org.apache.kafka.common.metrics.JmxReporter
2025-09-03 13:24:55,293 INFO  [org.apa.kaf.com.met.Metrics] (ForkJoinPool.commonPool-worker-3) Closing reporter org.apache.kafka.common.telemetry.internals.ClientTelemetryReporter
2025-09-03 13:24:55,293 INFO  [org.apa.kaf.com.met.Metrics] (ForkJoinPool.commonPool-worker-3) Metrics reporters closed
2025-09-03 13:24:55,293 INFO  [org.apa.kaf.com.uti.AppInfoParser] (ForkJoinPool.commonPool-worker-3) App info kafka.producer for Producer-topic-c8aa8153_0bdb_47f6_a650_be218005cbd0 unregistered
**** Registry Base URL: http://registry-app-pg17.apps.ci419.apicurio-testing.org:80
2025-09-03 13:24:55,294 INFO  [org.apa.kaf.cli.pro.ProducerConfig] (main) ProducerConfig values: 
	acks = -1
	auto.include.jmx.reporter = true
	batch.size = 16384
	bootstrap.servers = [PLAINTEXT://localhost:32769]
	buffer.memory = 33554432
	client.dns.lookup = use_all_dns_ips
	client.id = Producer-topic-c8aa8153_0bdb_47f6_a650_be218005cbd0
	compression.gzip.level = -1
	compression.lz4.level = 9
	compression.type = none
	compression.zstd.level = 3
	connections.max.idle.ms = 10000
	delivery.timeout.ms = 120000
	enable.idempotence = true
	enable.metrics.push = true
	interceptor.classes = []
	key.serializer = class org.apache.kafka.common.serialization.StringSerializer
	linger.ms = 0
	max.block.ms = 60000
	max.in.flight.requests.per.connection = 5
	max.request.size = 1048576
	metadata.max.age.ms = 300000
	metadata.max.idle.ms = 300000
	metadata.recovery.strategy = none
	metric.reporters = []
	metrics.num.samples = 2
	metrics.recording.level = INFO
	metrics.sample.window.ms = 30000
	partitioner.adaptive.partitioning.enable = true
	partitioner.availability.timeout.ms = 0
	partitioner.class = null
	partitioner.ignore.keys = false
	receive.buffer.bytes = 32768
	reconnect.backoff.max.ms = 1000
	reconnect.backoff.ms = 50
	request.timeout.ms = 5000
	retries = 2147483647
	retry.backoff.max.ms = 1000
	retry.backoff.ms = 100
	sasl.client.callback.handler.class = null
	sasl.jaas.config = null
	sasl.kerberos.kinit.cmd = /usr/bin/kinit
	sasl.kerberos.min.time.before.relogin = 60000
	sasl.kerberos.service.name = null
	sasl.kerberos.ticket.renew.jitter = 0.05
	sasl.kerberos.ticket.renew.window.factor = 0.8
	sasl.login.callback.handler.class = null
	sasl.login.class = null
	sasl.login.connect.timeout.ms = null
	sasl.login.read.timeout.ms = null
	sasl.login.refresh.buffer.seconds = 300
	sasl.login.refresh.min.period.seconds = 60
	sasl.login.refresh.window.factor = 0.8
	sasl.login.refresh.window.jitter = 0.05
	sasl.login.retry.backoff.max.ms = 10000
	sasl.login.retry.backoff.ms = 100
	sasl.mechanism = GSSAPI
	sasl.oauthbearer.clock.skew.seconds = 30
	sasl.oauthbearer.expected.audience = null
	sasl.oauthbearer.expected.issuer = null
	sasl.oauthbearer.header.urlencode = false
	sasl.oauthbearer.jwks.endpoint.refresh.ms = 3600000
	sasl.oauthbearer.jwks.endpoint.retry.backoff.max.ms = 10000
	sasl.oauthbearer.jwks.endpoint.retry.backoff.ms = 100
	sasl.oauthbearer.jwks.endpoint.url = null
	sasl.oauthbearer.scope.claim.name = scope
	sasl.oauthbearer.sub.claim.name = sub
	sasl.oauthbearer.token.endpoint.url = null
	security.protocol = PLAINTEXT
	security.providers = null
	send.buffer.bytes = 131072
	socket.connection.setup.timeout.max.ms = 30000
	socket.connection.setup.timeout.ms = 10000
	ssl.cipher.suites = null
	ssl.enabled.protocols = [TLSv1.2, TLSv1.3]
	ssl.endpoint.identification.algorithm = https
	ssl.engine.factory.class = null
	ssl.key.password = null
	ssl.keymanager.algorithm = SunX509
	ssl.keystore.certificate.chain = null
	ssl.keystore.key = null
	ssl.keystore.location = null
	ssl.keystore.password = null
	ssl.keystore.type = JKS
	ssl.protocol = TLSv1.3
	ssl.provider = null
	ssl.secure.random.implementation = null
	ssl.trustmanager.algorithm = PKIX
	ssl.truststore.certificates = null
	ssl.truststore.location = null
	ssl.truststore.password = null
	ssl.truststore.type = JKS
	transaction.timeout.ms = 60000
	transactional.id = null
	value.serializer = class io.confluent.kafka.serializers.KafkaAvroSerializer

2025-09-03 13:24:55,294 INFO  [org.apa.kaf.com.tel.int.KafkaMetricsCollector] (main) initializing Kafka metrics collector
2025-09-03 13:24:55,295 INFO  [io.con.kaf.ser.KafkaAvroSerializerConfig] (main) KafkaAvroSerializerConfig values: 
	auto.register.schemas = false
	avro.reflection.allow.null = false
	avro.remove.java.properties = false
	avro.use.logical.type.converters = false
	basic.auth.credentials.source = URL
	basic.auth.user.info = [hidden]
	bearer.auth.cache.expiry.buffer.seconds = 300
	bearer.auth.client.id = null
	bearer.auth.client.secret = null
	bearer.auth.credentials.source = STATIC_TOKEN
	bearer.auth.custom.provider.class = null
	bearer.auth.identity.pool.id = null
	bearer.auth.issuer.endpoint.url = null
	bearer.auth.logical.cluster = null
	bearer.auth.scope = null
	bearer.auth.scope.claim.name = scope
	bearer.auth.sub.claim.name = sub
	bearer.auth.token = [hidden]
	context.name.strategy = class io.confluent.kafka.serializers.context.NullContextNameStrategy
	http.connect.timeout.ms = 60000
	http.read.timeout.ms = 60000
	id.compatibility.strict = true
	key.schema.id.deserializer = class io.confluent.kafka.serializers.schema.id.DualSchemaIdDeserializer
	key.schema.id.serializer = class io.confluent.kafka.serializers.schema.id.PrefixSchemaIdSerializer
	key.subject.name.strategy = class io.confluent.kafka.serializers.subject.TopicNameStrategy
	latest.cache.size = 1000
	latest.cache.ttl.sec = -1
	latest.compatibility.strict = true
	max.retries = 3
	max.schemas.per.subject = 1000
	normalize.schemas = false
	propagate.schema.tags = false
	proxy.host = 
	proxy.port = -1
	retries.max.wait.ms = 20000
	retries.wait.ms = 1000
	rule.actions = []
	rule.executors = []
	rule.service.loader.enable = true
	schema.format = null
	schema.reflection = false
	schema.registry.basic.auth.user.info = [hidden]
	schema.registry.ssl.cipher.suites = null
	schema.registry.ssl.enabled.protocols = [TLSv1.2, TLSv1.3]
	schema.registry.ssl.endpoint.identification.algorithm = https
	schema.registry.ssl.engine.factory.class = null
	schema.registry.ssl.key.password = null
	schema.registry.ssl.keymanager.algorithm = SunX509
	schema.registry.ssl.keystore.certificate.chain = null
	schema.registry.ssl.keystore.key = null
	schema.registry.ssl.keystore.location = null
	schema.registry.ssl.keystore.password = null
	schema.registry.ssl.keystore.type = JKS
	schema.registry.ssl.protocol = TLSv1.3
	schema.registry.ssl.provider = null
	schema.registry.ssl.secure.random.implementation = null
	schema.registry.ssl.trustmanager.algorithm = PKIX
	schema.registry.ssl.truststore.certificates = null
	schema.registry.ssl.truststore.location = null
	schema.registry.ssl.truststore.password = null
	schema.registry.ssl.truststore.type = JKS
	schema.registry.url = [http://registry-app-pg17.apps.ci419.apicurio-testing.org:80/apis/ccompat/v7]
	schema.registry.url.randomize = false
	use.latest.version = false
	use.latest.with.metadata = null
	use.schema.id = -1
	value.schema.id.deserializer = class io.confluent.kafka.serializers.schema.id.DualSchemaIdDeserializer
	value.schema.id.serializer = class io.confluent.kafka.serializers.schema.id.PrefixSchemaIdSerializer
	value.subject.name.strategy = class io.confluent.kafka.serializers.subject.TopicRecordNameStrategy

2025-09-03 13:24:55,297 INFO  [org.apa.kaf.cli.pro.KafkaProducer] (main) [Producer clientId=Producer-topic-c8aa8153_0bdb_47f6_a650_be218005cbd0] Instantiated an idempotent producer.
2025-09-03 13:24:55,298 INFO  [org.apa.kaf.cli.pro.ProducerConfig] (main) These configurations '[schema.registry.url, auto.register.schemas, value.subject.name.strategy]' were supplied but are not used yet.
2025-09-03 13:24:55,298 INFO  [org.apa.kaf.com.uti.AppInfoParser] (main) Kafka version: 3.9.1
2025-09-03 13:24:55,298 INFO  [org.apa.kaf.com.uti.AppInfoParser] (main) Kafka commitId: f745dfdcee2b9851
2025-09-03 13:24:55,298 INFO  [org.apa.kaf.com.uti.AppInfoParser] (main) Kafka startTimeMs: 1756905895298
2025-09-03 13:24:55,299 INFO  [io.api.tes.ser.api.KafkaSerdesTester] (ForkJoinPool.commonPool-worker-3) Sending message {"key1": "value-0"} to topic topic-c8aa8153_0bdb_47f6_a650_be218005cbd0
2025-09-03 13:24:55,300 INFO  [org.apa.kaf.cli.Metadata] (kafka-producer-network-thread | Producer-topic-c8aa8153_0bdb_47f6_a650_be218005cbd0) [Producer clientId=Producer-topic-c8aa8153_0bdb_47f6_a650_be218005cbd0] Cluster ID: Vad1sk8gS_OCqo1-tuet0Q
2025-09-03 13:24:55,301 INFO  [org.apa.kaf.cli.pro.int.TransactionManager] (kafka-producer-network-thread | Producer-topic-c8aa8153_0bdb_47f6_a650_be218005cbd0) [Producer clientId=Producer-topic-c8aa8153_0bdb_47f6_a650_be218005cbd0] ProducerId set to 46 with epoch 0
2025-09-03 13:24:55,315 INFO  [io.api.tes.ser.api.KafkaSerdesTester] (ForkJoinPool.commonPool-worker-3) Sending message {"key1": "value-1"} to topic topic-c8aa8153_0bdb_47f6_a650_be218005cbd0
2025-09-03 13:24:55,316 INFO  [io.api.tes.ser.api.KafkaSerdesTester] (ForkJoinPool.commonPool-worker-3) Sending message {"key1": "value-2"} to topic topic-c8aa8153_0bdb_47f6_a650_be218005cbd0
2025-09-03 13:24:55,317 INFO  [io.api.tes.ser.api.KafkaSerdesTester] (ForkJoinPool.commonPool-worker-3) Sending message {"key1": "value-3"} to topic topic-c8aa8153_0bdb_47f6_a650_be218005cbd0
2025-09-03 13:24:55,318 INFO  [io.api.tes.ser.api.KafkaSerdesTester] (ForkJoinPool.commonPool-worker-3) Sending message {"key1": "value-4"} to topic topic-c8aa8153_0bdb_47f6_a650_be218005cbd0
2025-09-03 13:24:55,318 INFO  [io.api.tes.ser.api.KafkaSerdesTester] (ForkJoinPool.commonPool-worker-3) Sending message {"key1": "value-5"} to topic topic-c8aa8153_0bdb_47f6_a650_be218005cbd0
2025-09-03 13:24:55,319 INFO  [io.api.tes.ser.api.KafkaSerdesTester] (ForkJoinPool.commonPool-worker-3) Sending message {"key1": "value-6"} to topic topic-c8aa8153_0bdb_47f6_a650_be218005cbd0
2025-09-03 13:24:55,320 INFO  [io.api.tes.ser.api.KafkaSerdesTester] (ForkJoinPool.commonPool-worker-3) Sending message {"key1": "value-7"} to topic topic-c8aa8153_0bdb_47f6_a650_be218005cbd0
2025-09-03 13:24:55,322 INFO  [io.api.tes.ser.api.KafkaSerdesTester] (ForkJoinPool.commonPool-worker-3) Sending message {"key1": "value-8"} to topic topic-c8aa8153_0bdb_47f6_a650_be218005cbd0
2025-09-03 13:24:55,323 INFO  [io.api.tes.ser.api.KafkaSerdesTester] (ForkJoinPool.commonPool-worker-3) Sending message {"key1": "value-9"} to topic topic-c8aa8153_0bdb_47f6_a650_be218005cbd0
2025-09-03 13:24:55,324 INFO  [io.api.tes.ser.api.KafkaSerdesTester] (ForkJoinPool.commonPool-worker-3) Produced 10 messages
2025-09-03 13:24:55,324 INFO  [org.apa.kaf.cli.pro.KafkaProducer] (ForkJoinPool.commonPool-worker-3) [Producer clientId=Producer-topic-c8aa8153_0bdb_47f6_a650_be218005cbd0] Closing the Kafka producer with timeoutMillis = 9223372036854775807 ms.
2025-09-03 13:24:55,325 INFO  [org.apa.kaf.com.met.Metrics] (ForkJoinPool.commonPool-worker-3) Metrics scheduler closed
2025-09-03 13:24:55,325 INFO  [org.apa.kaf.com.met.Metrics] (ForkJoinPool.commonPool-worker-3) Closing reporter org.apache.kafka.common.metrics.JmxReporter
2025-09-03 13:24:55,326 INFO  [org.apa.kaf.com.met.Metrics] (ForkJoinPool.commonPool-worker-3) Closing reporter org.apache.kafka.common.telemetry.internals.ClientTelemetryReporter
2025-09-03 13:24:55,326 INFO  [org.apa.kaf.com.met.Metrics] (ForkJoinPool.commonPool-worker-3) Metrics reporters closed
2025-09-03 13:24:55,326 INFO  [org.apa.kaf.com.uti.AppInfoParser] (ForkJoinPool.commonPool-worker-3) App info kafka.producer for Producer-topic-c8aa8153_0bdb_47f6_a650_be218005cbd0 unregistered
**** Registry Base URL: http://registry-app-pg17.apps.ci419.apicurio-testing.org:80
2025-09-03 13:24:55,326 INFO  [org.apa.kaf.cli.con.ConsumerConfig] (main) ConsumerConfig values: 
	allow.auto.create.topics = true
	auto.commit.interval.ms = 500
	auto.include.jmx.reporter = true
	auto.offset.reset = earliest
	bootstrap.servers = [PLAINTEXT://localhost:32769]
	check.crcs = true
	client.dns.lookup = use_all_dns_ips
	client.id = consumer-Consumer-topic-c8aa8153_0bdb_47f6_a650_be218005cbd0-35
	client.rack = 
	connections.max.idle.ms = 10000
	default.api.timeout.ms = 60000
	enable.auto.commit = true
	enable.metrics.push = true
	exclude.internal.topics = true
	fetch.max.bytes = 52428800
	fetch.max.wait.ms = 500
	fetch.min.bytes = 1
	group.id = Consumer-topic-c8aa8153_0bdb_47f6_a650_be218005cbd0
	group.instance.id = null
	group.protocol = classic
	group.remote.assignor = null
	heartbeat.interval.ms = 3000
	interceptor.classes = []
	internal.leave.group.on.close = true
	internal.throw.on.fetch.stable.offset.unsupported = false
	isolation.level = read_uncommitted
	key.deserializer = class org.apache.kafka.common.serialization.StringDeserializer
	max.partition.fetch.bytes = 1048576
	max.poll.interval.ms = 300000
	max.poll.records = 500
	metadata.max.age.ms = 300000
	metadata.recovery.strategy = none
	metric.reporters = []
	metrics.num.samples = 2
	metrics.recording.level = INFO
	metrics.sample.window.ms = 30000
	partition.assignment.strategy = [class org.apache.kafka.clients.consumer.RangeAssignor, class org.apache.kafka.clients.consumer.CooperativeStickyAssignor]
	receive.buffer.bytes = 65536
	reconnect.backoff.max.ms = 1000
	reconnect.backoff.ms = 50
	request.timeout.ms = 5000
	retry.backoff.max.ms = 1000
	retry.backoff.ms = 100
	sasl.client.callback.handler.class = null
	sasl.jaas.config = null
	sasl.kerberos.kinit.cmd = /usr/bin/kinit
	sasl.kerberos.min.time.before.relogin = 60000
	sasl.kerberos.service.name = null
	sasl.kerberos.ticket.renew.jitter = 0.05
	sasl.kerberos.ticket.renew.window.factor = 0.8
	sasl.login.callback.handler.class = null
	sasl.login.class = null
	sasl.login.connect.timeout.ms = null
	sasl.login.read.timeout.ms = null
	sasl.login.refresh.buffer.seconds = 300
	sasl.login.refresh.min.period.seconds = 60
	sasl.login.refresh.window.factor = 0.8
	sasl.login.refresh.window.jitter = 0.05
	sasl.login.retry.backoff.max.ms = 10000
	sasl.login.retry.backoff.ms = 100
	sasl.mechanism = GSSAPI
	sasl.oauthbearer.clock.skew.seconds = 30
	sasl.oauthbearer.expected.audience = null
	sasl.oauthbearer.expected.issuer = null
	sasl.oauthbearer.header.urlencode = false
	sasl.oauthbearer.jwks.endpoint.refresh.ms = 3600000
	sasl.oauthbearer.jwks.endpoint.retry.backoff.max.ms = 10000
	sasl.oauthbearer.jwks.endpoint.retry.backoff.ms = 100
	sasl.oauthbearer.jwks.endpoint.url = null
	sasl.oauthbearer.scope.claim.name = scope
	sasl.oauthbearer.sub.claim.name = sub
	sasl.oauthbearer.token.endpoint.url = null
	security.protocol = PLAINTEXT
	security.providers = null
	send.buffer.bytes = 131072
	session.timeout.ms = 45000
	socket.connection.setup.timeout.max.ms = 30000
	socket.connection.setup.timeout.ms = 10000
	ssl.cipher.suites = null
	ssl.enabled.protocols = [TLSv1.2, TLSv1.3]
	ssl.endpoint.identification.algorithm = https
	ssl.engine.factory.class = null
	ssl.key.password = null
	ssl.keymanager.algorithm = SunX509
	ssl.keystore.certificate.chain = null
	ssl.keystore.key = null
	ssl.keystore.location = null
	ssl.keystore.password = null
	ssl.keystore.type = JKS
	ssl.protocol = TLSv1.3
	ssl.provider = null
	ssl.secure.random.implementation = null
	ssl.trustmanager.algorithm = PKIX
	ssl.truststore.certificates = null
	ssl.truststore.location = null
	ssl.truststore.password = null
	ssl.truststore.type = JKS
	value.deserializer = class io.confluent.kafka.serializers.KafkaAvroDeserializer

2025-09-03 13:24:55,326 INFO  [org.apa.kaf.com.tel.int.KafkaMetricsCollector] (main) initializing Kafka metrics collector
2025-09-03 13:24:55,327 INFO  [io.con.kaf.ser.KafkaAvroDeserializerConfig] (main) KafkaAvroDeserializerConfig values: 
	auto.register.schemas = true
	avro.reflection.allow.null = false
	avro.use.logical.type.converters = false
	basic.auth.credentials.source = URL
	basic.auth.user.info = [hidden]
	bearer.auth.cache.expiry.buffer.seconds = 300
	bearer.auth.client.id = null
	bearer.auth.client.secret = null
	bearer.auth.credentials.source = STATIC_TOKEN
	bearer.auth.custom.provider.class = null
	bearer.auth.identity.pool.id = null
	bearer.auth.issuer.endpoint.url = null
	bearer.auth.logical.cluster = null
	bearer.auth.scope = null
	bearer.auth.scope.claim.name = scope
	bearer.auth.sub.claim.name = sub
	bearer.auth.token = [hidden]
	context.name.strategy = class io.confluent.kafka.serializers.context.NullContextNameStrategy
	http.connect.timeout.ms = 60000
	http.read.timeout.ms = 60000
	id.compatibility.strict = true
	key.schema.id.deserializer = class io.confluent.kafka.serializers.schema.id.DualSchemaIdDeserializer
	key.schema.id.serializer = class io.confluent.kafka.serializers.schema.id.PrefixSchemaIdSerializer
	key.subject.name.strategy = class io.confluent.kafka.serializers.subject.TopicNameStrategy
	latest.cache.size = 1000
	latest.cache.ttl.sec = -1
	latest.compatibility.strict = true
	max.retries = 3
	max.schemas.per.subject = 1000
	normalize.schemas = false
	propagate.schema.tags = false
	proxy.host = 
	proxy.port = -1
	retries.max.wait.ms = 20000
	retries.wait.ms = 1000
	rule.actions = []
	rule.executors = []
	rule.service.loader.enable = true
	schema.format = null
	schema.reflection = false
	schema.registry.basic.auth.user.info = [hidden]
	schema.registry.ssl.cipher.suites = null
	schema.registry.ssl.enabled.protocols = [TLSv1.2, TLSv1.3]
	schema.registry.ssl.endpoint.identification.algorithm = https
	schema.registry.ssl.engine.factory.class = null
	schema.registry.ssl.key.password = null
	schema.registry.ssl.keymanager.algorithm = SunX509
	schema.registry.ssl.keystore.certificate.chain = null
	schema.registry.ssl.keystore.key = null
	schema.registry.ssl.keystore.location = null
	schema.registry.ssl.keystore.password = null
	schema.registry.ssl.keystore.type = JKS
	schema.registry.ssl.protocol = TLSv1.3
	schema.registry.ssl.provider = null
	schema.registry.ssl.secure.random.implementation = null
	schema.registry.ssl.trustmanager.algorithm = PKIX
	schema.registry.ssl.truststore.certificates = null
	schema.registry.ssl.truststore.location = null
	schema.registry.ssl.truststore.password = null
	schema.registry.ssl.truststore.type = JKS
	schema.registry.url = [http://registry-app-pg17.apps.ci419.apicurio-testing.org:80/apis/ccompat/v7]
	schema.registry.url.randomize = false
	specific.avro.key.type = null
	specific.avro.reader = false
	specific.avro.value.type = null
	use.latest.version = false
	use.latest.with.metadata = null
	use.schema.id = -1
	value.schema.id.deserializer = class io.confluent.kafka.serializers.schema.id.DualSchemaIdDeserializer
	value.schema.id.serializer = class io.confluent.kafka.serializers.schema.id.PrefixSchemaIdSerializer
	value.subject.name.strategy = class io.confluent.kafka.serializers.subject.TopicNameStrategy

2025-09-03 13:24:55,331 INFO  [org.apa.kaf.cli.con.ConsumerConfig] (main) These configurations '[schema.registry.url]' were supplied but are not used yet.
2025-09-03 13:24:55,331 INFO  [org.apa.kaf.com.uti.AppInfoParser] (main) Kafka version: 3.9.1
2025-09-03 13:24:55,331 INFO  [org.apa.kaf.com.uti.AppInfoParser] (main) Kafka commitId: f745dfdcee2b9851
2025-09-03 13:24:55,331 INFO  [org.apa.kaf.com.uti.AppInfoParser] (main) Kafka startTimeMs: 1756905895331
2025-09-03 13:24:55,332 INFO  [org.apa.kaf.cli.con.int.ClassicKafkaConsumer] (ForkJoinPool.commonPool-worker-3) [Consumer clientId=consumer-Consumer-topic-c8aa8153_0bdb_47f6_a650_be218005cbd0-35, groupId=Consumer-topic-c8aa8153_0bdb_47f6_a650_be218005cbd0] Subscribed to topic(s): topic-c8aa8153_0bdb_47f6_a650_be218005cbd0
2025-09-03 13:24:55,334 INFO  [org.apa.kaf.cli.Metadata] (ForkJoinPool.commonPool-worker-3) [Consumer clientId=consumer-Consumer-topic-c8aa8153_0bdb_47f6_a650_be218005cbd0-35, groupId=Consumer-topic-c8aa8153_0bdb_47f6_a650_be218005cbd0] Cluster ID: Vad1sk8gS_OCqo1-tuet0Q
2025-09-03 13:24:55,335 INFO  [org.apa.kaf.cli.con.int.ConsumerCoordinator] (ForkJoinPool.commonPool-worker-3) [Consumer clientId=consumer-Consumer-topic-c8aa8153_0bdb_47f6_a650_be218005cbd0-35, groupId=Consumer-topic-c8aa8153_0bdb_47f6_a650_be218005cbd0] Discovered group coordinator localhost:32769 (id: 2147483647 rack: null)
2025-09-03 13:24:55,336 INFO  [org.apa.kaf.cli.con.int.ConsumerCoordinator] (ForkJoinPool.commonPool-worker-3) [Consumer clientId=consumer-Consumer-topic-c8aa8153_0bdb_47f6_a650_be218005cbd0-35, groupId=Consumer-topic-c8aa8153_0bdb_47f6_a650_be218005cbd0] (Re-)joining group
2025-09-03 13:24:55,337 INFO  [org.apa.kaf.cli.con.int.ConsumerCoordinator] (ForkJoinPool.commonPool-worker-3) [Consumer clientId=consumer-Consumer-topic-c8aa8153_0bdb_47f6_a650_be218005cbd0-35, groupId=Consumer-topic-c8aa8153_0bdb_47f6_a650_be218005cbd0] Request joining group due to: need to re-join with the given member-id: consumer-Consumer-topic-c8aa8153_0bdb_47f6_a650_be218005cbd0-35-c4032675-bbbe-42f6-86e2-98053b18ec07
2025-09-03 13:24:55,337 INFO  [org.apa.kaf.cli.con.int.ConsumerCoordinator] (ForkJoinPool.commonPool-worker-3) [Consumer clientId=consumer-Consumer-topic-c8aa8153_0bdb_47f6_a650_be218005cbd0-35, groupId=Consumer-topic-c8aa8153_0bdb_47f6_a650_be218005cbd0] (Re-)joining group
2025-09-03 13:24:56,332 INFO  [io.api.tes.ser.api.KafkaSerdesTester] (ForkJoinPool.commonPool-worker-3) None found
2025-09-03 13:24:57,332 INFO  [io.api.tes.ser.api.KafkaSerdesTester] (ForkJoinPool.commonPool-worker-3) None found
2025-09-03 13:24:58,333 INFO  [io.api.tes.ser.api.KafkaSerdesTester] (ForkJoinPool.commonPool-worker-3) None found
2025-09-03 13:24:58,338 INFO  [org.apa.kaf.cli.con.int.ConsumerCoordinator] (ForkJoinPool.commonPool-worker-3) [Consumer clientId=consumer-Consumer-topic-c8aa8153_0bdb_47f6_a650_be218005cbd0-35, groupId=Consumer-topic-c8aa8153_0bdb_47f6_a650_be218005cbd0] Successfully joined group with generation Generation{generationId=3, memberId='consumer-Consumer-topic-c8aa8153_0bdb_47f6_a650_be218005cbd0-35-c4032675-bbbe-42f6-86e2-98053b18ec07', protocol='range'}
2025-09-03 13:24:58,338 INFO  [org.apa.kaf.cli.con.int.ConsumerCoordinator] (ForkJoinPool.commonPool-worker-3) [Consumer clientId=consumer-Consumer-topic-c8aa8153_0bdb_47f6_a650_be218005cbd0-35, groupId=Consumer-topic-c8aa8153_0bdb_47f6_a650_be218005cbd0] Finished assignment for group at generation 3: {consumer-Consumer-topic-c8aa8153_0bdb_47f6_a650_be218005cbd0-35-c4032675-bbbe-42f6-86e2-98053b18ec07=Assignment(partitions=[topic-c8aa8153_0bdb_47f6_a650_be218005cbd0-0])}
2025-09-03 13:24:58,344 INFO  [org.apa.kaf.cli.con.int.ConsumerCoordinator] (ForkJoinPool.commonPool-worker-3) [Consumer clientId=consumer-Consumer-topic-c8aa8153_0bdb_47f6_a650_be218005cbd0-35, groupId=Consumer-topic-c8aa8153_0bdb_47f6_a650_be218005cbd0] Successfully synced group in generation Generation{generationId=3, memberId='consumer-Consumer-topic-c8aa8153_0bdb_47f6_a650_be218005cbd0-35-c4032675-bbbe-42f6-86e2-98053b18ec07', protocol='range'}
2025-09-03 13:24:58,345 INFO  [org.apa.kaf.cli.con.int.ConsumerCoordinator] (ForkJoinPool.commonPool-worker-3) [Consumer clientId=consumer-Consumer-topic-c8aa8153_0bdb_47f6_a650_be218005cbd0-35, groupId=Consumer-topic-c8aa8153_0bdb_47f6_a650_be218005cbd0] Notifying assignor about the new Assignment(partitions=[topic-c8aa8153_0bdb_47f6_a650_be218005cbd0-0])
2025-09-03 13:24:58,345 INFO  [org.apa.kaf.cli.con.int.ConsumerRebalanceListenerInvoker] (ForkJoinPool.commonPool-worker-3) [Consumer clientId=consumer-Consumer-topic-c8aa8153_0bdb_47f6_a650_be218005cbd0-35, groupId=Consumer-topic-c8aa8153_0bdb_47f6_a650_be218005cbd0] Adding newly assigned partitions: topic-c8aa8153_0bdb_47f6_a650_be218005cbd0-0
2025-09-03 13:24:58,345 INFO  [org.apa.kaf.cli.con.int.ConsumerUtils] (ForkJoinPool.commonPool-worker-3) Setting offset for partition topic-c8aa8153_0bdb_47f6_a650_be218005cbd0-0 to the committed offset FetchPosition{offset=10, offsetEpoch=Optional[0], currentLeader=LeaderAndEpoch{leader=Optional[localhost:32769 (id: 0 rack: null)], epoch=0}}
2025-09-03 13:24:58,373 INFO  [io.api.tes.ser.api.KafkaSerdesTester] (ForkJoinPool.commonPool-worker-3) topic-c8aa8153_0bdb_47f6_a650_be218005cbd0 0 10 {"key1": "value-0", "key2": "value-0"}
2025-09-03 13:24:58,373 INFO  [io.api.tes.ser.api.KafkaSerdesTester] (ForkJoinPool.commonPool-worker-3) topic-c8aa8153_0bdb_47f6_a650_be218005cbd0 0 11 {"key1": "value-1", "key2": "value-1"}
2025-09-03 13:24:58,373 INFO  [io.api.tes.ser.api.KafkaSerdesTester] (ForkJoinPool.commonPool-worker-3) topic-c8aa8153_0bdb_47f6_a650_be218005cbd0 0 12 {"key1": "value-2", "key2": "value-2"}
2025-09-03 13:24:58,373 INFO  [io.api.tes.ser.api.KafkaSerdesTester] (ForkJoinPool.commonPool-worker-3) topic-c8aa8153_0bdb_47f6_a650_be218005cbd0 0 13 {"key1": "value-3", "key2": "value-3"}
2025-09-03 13:24:58,373 INFO  [io.api.tes.ser.api.KafkaSerdesTester] (ForkJoinPool.commonPool-worker-3) topic-c8aa8153_0bdb_47f6_a650_be218005cbd0 0 14 {"key1": "value-4", "key2": "value-4"}
2025-09-03 13:24:58,373 INFO  [io.api.tes.ser.api.KafkaSerdesTester] (ForkJoinPool.commonPool-worker-3) topic-c8aa8153_0bdb_47f6_a650_be218005cbd0 0 15 {"key1": "value-5", "key2": "value-5"}
2025-09-03 13:24:58,373 INFO  [io.api.tes.ser.api.KafkaSerdesTester] (ForkJoinPool.commonPool-worker-3) topic-c8aa8153_0bdb_47f6_a650_be218005cbd0 0 16 {"key1": "value-6", "key2": "value-6"}
2025-09-03 13:24:58,373 INFO  [io.api.tes.ser.api.KafkaSerdesTester] (ForkJoinPool.commonPool-worker-3) topic-c8aa8153_0bdb_47f6_a650_be218005cbd0 0 17 {"key1": "value-7", "key2": "value-7"}
2025-09-03 13:24:58,373 INFO  [io.api.tes.ser.api.KafkaSerdesTester] (ForkJoinPool.commonPool-worker-3) topic-c8aa8153_0bdb_47f6_a650_be218005cbd0 0 18 {"key1": "value-8", "key2": "value-8"}
2025-09-03 13:24:58,373 INFO  [io.api.tes.ser.api.KafkaSerdesTester] (ForkJoinPool.commonPool-worker-3) topic-c8aa8153_0bdb_47f6_a650_be218005cbd0 0 19 {"key1": "value-9", "key2": "value-9"}
2025-09-03 13:24:58,373 INFO  [io.api.tes.ser.api.KafkaSerdesTester] (ForkJoinPool.commonPool-worker-3) topic-c8aa8153_0bdb_47f6_a650_be218005cbd0 0 20 {"key1": "value-0"}
2025-09-03 13:24:58,373 INFO  [io.api.tes.ser.api.KafkaSerdesTester] (ForkJoinPool.commonPool-worker-3) topic-c8aa8153_0bdb_47f6_a650_be218005cbd0 0 21 {"key1": "value-1"}
2025-09-03 13:24:58,374 INFO  [io.api.tes.ser.api.KafkaSerdesTester] (ForkJoinPool.commonPool-worker-3) topic-c8aa8153_0bdb_47f6_a650_be218005cbd0 0 22 {"key1": "value-2"}
2025-09-03 13:24:58,374 INFO  [io.api.tes.ser.api.KafkaSerdesTester] (ForkJoinPool.commonPool-worker-3) topic-c8aa8153_0bdb_47f6_a650_be218005cbd0 0 23 {"key1": "value-3"}
2025-09-03 13:24:58,374 INFO  [io.api.tes.ser.api.KafkaSerdesTester] (ForkJoinPool.commonPool-worker-3) topic-c8aa8153_0bdb_47f6_a650_be218005cbd0 0 24 {"key1": "value-4"}
2025-09-03 13:24:58,374 INFO  [io.api.tes.ser.api.KafkaSerdesTester] (ForkJoinPool.commonPool-worker-3) topic-c8aa8153_0bdb_47f6_a650_be218005cbd0 0 25 {"key1": "value-5"}
2025-09-03 13:24:58,374 INFO  [io.api.tes.ser.api.KafkaSerdesTester] (ForkJoinPool.commonPool-worker-3) topic-c8aa8153_0bdb_47f6_a650_be218005cbd0 0 26 {"key1": "value-6"}
2025-09-03 13:24:58,374 INFO  [io.api.tes.ser.api.KafkaSerdesTester] (ForkJoinPool.commonPool-worker-3) topic-c8aa8153_0bdb_47f6_a650_be218005cbd0 0 27 {"key1": "value-7"}
2025-09-03 13:24:58,374 INFO  [io.api.tes.ser.api.KafkaSerdesTester] (ForkJoinPool.commonPool-worker-3) topic-c8aa8153_0bdb_47f6_a650_be218005cbd0 0 28 {"key1": "value-8"}
2025-09-03 13:24:58,374 INFO  [io.api.tes.ser.api.KafkaSerdesTester] (ForkJoinPool.commonPool-worker-3) topic-c8aa8153_0bdb_47f6_a650_be218005cbd0 0 29 {"key1": "value-9"}
2025-09-03 13:24:58,374 INFO  [io.api.tes.ser.api.KafkaSerdesTester] (ForkJoinPool.commonPool-worker-3) Consumed 20 messages
2025-09-03 13:24:58,380 INFO  [org.apa.kaf.cli.con.int.ConsumerRebalanceListenerInvoker] (ForkJoinPool.commonPool-worker-3) [Consumer clientId=consumer-Consumer-topic-c8aa8153_0bdb_47f6_a650_be218005cbd0-35, groupId=Consumer-topic-c8aa8153_0bdb_47f6_a650_be218005cbd0] Revoke previously assigned partitions topic-c8aa8153_0bdb_47f6_a650_be218005cbd0-0
2025-09-03 13:24:58,380 INFO  [org.apa.kaf.cli.con.int.ConsumerCoordinator] (ForkJoinPool.commonPool-worker-3) [Consumer clientId=consumer-Consumer-topic-c8aa8153_0bdb_47f6_a650_be218005cbd0-35, groupId=Consumer-topic-c8aa8153_0bdb_47f6_a650_be218005cbd0] Member consumer-Consumer-topic-c8aa8153_0bdb_47f6_a650_be218005cbd0-35-c4032675-bbbe-42f6-86e2-98053b18ec07 sending LeaveGroup request to coordinator localhost:32769 (id: 2147483647 rack: null) due to the consumer is being closed
2025-09-03 13:24:58,380 INFO  [org.apa.kaf.cli.con.int.ConsumerCoordinator] (ForkJoinPool.commonPool-worker-3) [Consumer clientId=consumer-Consumer-topic-c8aa8153_0bdb_47f6_a650_be218005cbd0-35, groupId=Consumer-topic-c8aa8153_0bdb_47f6_a650_be218005cbd0] Resetting generation and member id due to: consumer pro-actively leaving the group
2025-09-03 13:24:58,380 INFO  [org.apa.kaf.cli.con.int.ConsumerCoordinator] (ForkJoinPool.commonPool-worker-3) [Consumer clientId=consumer-Consumer-topic-c8aa8153_0bdb_47f6_a650_be218005cbd0-35, groupId=Consumer-topic-c8aa8153_0bdb_47f6_a650_be218005cbd0] Request joining group due to: consumer pro-actively leaving the group
2025-09-03 13:24:58,875 INFO  [org.apa.kaf.com.met.Metrics] (ForkJoinPool.commonPool-worker-3) Metrics scheduler closed
2025-09-03 13:24:58,875 INFO  [org.apa.kaf.com.met.Metrics] (ForkJoinPool.commonPool-worker-3) Closing reporter org.apache.kafka.common.metrics.JmxReporter
2025-09-03 13:24:58,875 INFO  [org.apa.kaf.com.met.Metrics] (ForkJoinPool.commonPool-worker-3) Closing reporter org.apache.kafka.common.telemetry.internals.ClientTelemetryReporter
2025-09-03 13:24:58,875 INFO  [org.apa.kaf.com.met.Metrics] (ForkJoinPool.commonPool-worker-3) Metrics reporters closed
2025-09-03 13:24:58,876 INFO  [org.apa.kaf.com.uti.AppInfoParser] (ForkJoinPool.commonPool-worker-3) App info kafka.consumer for consumer-Consumer-topic-c8aa8153_0bdb_47f6_a650_be218005cbd0-35 unregistered
**** Registry Base URL: http://registry-app-pg17.apps.ci419.apicurio-testing.org:80
2025-09-03 13:24:59,909 INFO  [org.apa.kaf.cli.pro.ProducerConfig] (main) ProducerConfig values: 
	acks = -1
	auto.include.jmx.reporter = true
	batch.size = 16384
	bootstrap.servers = [PLAINTEXT://localhost:32769]
	buffer.memory = 33554432
	client.dns.lookup = use_all_dns_ips
	client.id = Producer-topic-c8aa8153_0bdb_47f6_a650_be218005cbd0
	compression.gzip.level = -1
	compression.lz4.level = 9
	compression.type = none
	compression.zstd.level = 3
	connections.max.idle.ms = 10000
	delivery.timeout.ms = 120000
	enable.idempotence = true
	enable.metrics.push = true
	interceptor.classes = []
	key.serializer = class org.apache.kafka.common.serialization.StringSerializer
	linger.ms = 0
	max.block.ms = 60000
	max.in.flight.requests.per.connection = 5
	max.request.size = 1048576
	metadata.max.age.ms = 300000
	metadata.max.idle.ms = 300000
	metadata.recovery.strategy = none
	metric.reporters = []
	metrics.num.samples = 2
	metrics.recording.level = INFO
	metrics.sample.window.ms = 30000
	partitioner.adaptive.partitioning.enable = true
	partitioner.availability.timeout.ms = 0
	partitioner.class = null
	partitioner.ignore.keys = false
	receive.buffer.bytes = 32768
	reconnect.backoff.max.ms = 1000
	reconnect.backoff.ms = 50
	request.timeout.ms = 5000
	retries = 2147483647
	retry.backoff.max.ms = 1000
	retry.backoff.ms = 100
	sasl.client.callback.handler.class = null
	sasl.jaas.config = null
	sasl.kerberos.kinit.cmd = /usr/bin/kinit
	sasl.kerberos.min.time.before.relogin = 60000
	sasl.kerberos.service.name = null
	sasl.kerberos.ticket.renew.jitter = 0.05
	sasl.kerberos.ticket.renew.window.factor = 0.8
	sasl.login.callback.handler.class = null
	sasl.login.class = null
	sasl.login.connect.timeout.ms = null
	sasl.login.read.timeout.ms = null
	sasl.login.refresh.buffer.seconds = 300
	sasl.login.refresh.min.period.seconds = 60
	sasl.login.refresh.window.factor = 0.8
	sasl.login.refresh.window.jitter = 0.05
	sasl.login.retry.backoff.max.ms = 10000
	sasl.login.retry.backoff.ms = 100
	sasl.mechanism = GSSAPI
	sasl.oauthbearer.clock.skew.seconds = 30
	sasl.oauthbearer.expected.audience = null
	sasl.oauthbearer.expected.issuer = null
	sasl.oauthbearer.header.urlencode = false
	sasl.oauthbearer.jwks.endpoint.refresh.ms = 3600000
	sasl.oauthbearer.jwks.endpoint.retry.backoff.max.ms = 10000
	sasl.oauthbearer.jwks.endpoint.retry.backoff.ms = 100
	sasl.oauthbearer.jwks.endpoint.url = null
	sasl.oauthbearer.scope.claim.name = scope
	sasl.oauthbearer.sub.claim.name = sub
	sasl.oauthbearer.token.endpoint.url = null
	security.protocol = PLAINTEXT
	security.providers = null
	send.buffer.bytes = 131072
	socket.connection.setup.timeout.max.ms = 30000
	socket.connection.setup.timeout.ms = 10000
	ssl.cipher.suites = null
	ssl.enabled.protocols = [TLSv1.2, TLSv1.3]
	ssl.endpoint.identification.algorithm = https
	ssl.engine.factory.class = null
	ssl.key.password = null
	ssl.keymanager.algorithm = SunX509
	ssl.keystore.certificate.chain = null
	ssl.keystore.key = null
	ssl.keystore.location = null
	ssl.keystore.password = null
	ssl.keystore.type = JKS
	ssl.protocol = TLSv1.3
	ssl.provider = null
	ssl.secure.random.implementation = null
	ssl.trustmanager.algorithm = PKIX
	ssl.truststore.certificates = null
	ssl.truststore.location = null
	ssl.truststore.password = null
	ssl.truststore.type = JKS
	transaction.timeout.ms = 60000
	transactional.id = null
	value.serializer = class io.confluent.kafka.serializers.KafkaAvroSerializer

2025-09-03 13:24:59,909 INFO  [org.apa.kaf.com.tel.int.KafkaMetricsCollector] (main) initializing Kafka metrics collector
2025-09-03 13:24:59,909 INFO  [io.con.kaf.ser.KafkaAvroSerializerConfig] (main) KafkaAvroSerializerConfig values: 
	auto.register.schemas = false
	avro.reflection.allow.null = false
	avro.remove.java.properties = false
	avro.use.logical.type.converters = false
	basic.auth.credentials.source = URL
	basic.auth.user.info = [hidden]
	bearer.auth.cache.expiry.buffer.seconds = 300
	bearer.auth.client.id = null
	bearer.auth.client.secret = null
	bearer.auth.credentials.source = STATIC_TOKEN
	bearer.auth.custom.provider.class = null
	bearer.auth.identity.pool.id = null
	bearer.auth.issuer.endpoint.url = null
	bearer.auth.logical.cluster = null
	bearer.auth.scope = null
	bearer.auth.scope.claim.name = scope
	bearer.auth.sub.claim.name = sub
	bearer.auth.token = [hidden]
	context.name.strategy = class io.confluent.kafka.serializers.context.NullContextNameStrategy
	http.connect.timeout.ms = 60000
	http.read.timeout.ms = 60000
	id.compatibility.strict = true
	key.schema.id.deserializer = class io.confluent.kafka.serializers.schema.id.DualSchemaIdDeserializer
	key.schema.id.serializer = class io.confluent.kafka.serializers.schema.id.PrefixSchemaIdSerializer
	key.subject.name.strategy = class io.confluent.kafka.serializers.subject.TopicNameStrategy
	latest.cache.size = 1000
	latest.cache.ttl.sec = -1
	latest.compatibility.strict = true
	max.retries = 3
	max.schemas.per.subject = 1000
	normalize.schemas = false
	propagate.schema.tags = false
	proxy.host = 
	proxy.port = -1
	retries.max.wait.ms = 20000
	retries.wait.ms = 1000
	rule.actions = []
	rule.executors = []
	rule.service.loader.enable = true
	schema.format = null
	schema.reflection = false
	schema.registry.basic.auth.user.info = [hidden]
	schema.registry.ssl.cipher.suites = null
	schema.registry.ssl.enabled.protocols = [TLSv1.2, TLSv1.3]
	schema.registry.ssl.endpoint.identification.algorithm = https
	schema.registry.ssl.engine.factory.class = null
	schema.registry.ssl.key.password = null
	schema.registry.ssl.keymanager.algorithm = SunX509
	schema.registry.ssl.keystore.certificate.chain = null
	schema.registry.ssl.keystore.key = null
	schema.registry.ssl.keystore.location = null
	schema.registry.ssl.keystore.password = null
	schema.registry.ssl.keystore.type = JKS
	schema.registry.ssl.protocol = TLSv1.3
	schema.registry.ssl.provider = null
	schema.registry.ssl.secure.random.implementation = null
	schema.registry.ssl.trustmanager.algorithm = PKIX
	schema.registry.ssl.truststore.certificates = null
	schema.registry.ssl.truststore.location = null
	schema.registry.ssl.truststore.password = null
	schema.registry.ssl.truststore.type = JKS
	schema.registry.url = [http://registry-app-pg17.apps.ci419.apicurio-testing.org:80/apis/ccompat/v7]
	schema.registry.url.randomize = false
	use.latest.version = false
	use.latest.with.metadata = null
	use.schema.id = -1
	value.schema.id.deserializer = class io.confluent.kafka.serializers.schema.id.DualSchemaIdDeserializer
	value.schema.id.serializer = class io.confluent.kafka.serializers.schema.id.PrefixSchemaIdSerializer
	value.subject.name.strategy = class io.confluent.kafka.serializers.subject.TopicRecordNameStrategy

2025-09-03 13:24:59,911 INFO  [org.apa.kaf.cli.pro.KafkaProducer] (main) [Producer clientId=Producer-topic-c8aa8153_0bdb_47f6_a650_be218005cbd0] Instantiated an idempotent producer.
2025-09-03 13:24:59,912 INFO  [org.apa.kaf.cli.pro.ProducerConfig] (main) These configurations '[schema.registry.url, auto.register.schemas, value.subject.name.strategy]' were supplied but are not used yet.
2025-09-03 13:24:59,913 INFO  [org.apa.kaf.com.uti.AppInfoParser] (main) Kafka version: 3.9.1
2025-09-03 13:24:59,913 INFO  [org.apa.kaf.com.uti.AppInfoParser] (main) Kafka commitId: f745dfdcee2b9851
2025-09-03 13:24:59,913 INFO  [org.apa.kaf.com.uti.AppInfoParser] (main) Kafka startTimeMs: 1756905899913
2025-09-03 13:24:59,913 INFO  [io.api.tes.ser.api.KafkaSerdesTester] (ForkJoinPool.commonPool-worker-3) Sending message {"key1": "value-0", "key2": "value-0", "key3": "value-0"} to topic topic-c8aa8153_0bdb_47f6_a650_be218005cbd0
2025-09-03 13:24:59,915 INFO  [org.apa.kaf.cli.Metadata] (kafka-producer-network-thread | Producer-topic-c8aa8153_0bdb_47f6_a650_be218005cbd0) [Producer clientId=Producer-topic-c8aa8153_0bdb_47f6_a650_be218005cbd0] Cluster ID: Vad1sk8gS_OCqo1-tuet0Q
2025-09-03 13:24:59,915 INFO  [org.apa.kaf.cli.pro.int.TransactionManager] (kafka-producer-network-thread | Producer-topic-c8aa8153_0bdb_47f6_a650_be218005cbd0) [Producer clientId=Producer-topic-c8aa8153_0bdb_47f6_a650_be218005cbd0] ProducerId set to 47 with epoch 0
2025-09-03 13:24:59,932 INFO  [io.api.tes.ser.api.KafkaSerdesTester] (ForkJoinPool.commonPool-worker-3) Sending message {"key1": "value-1", "key2": "value-1", "key3": "value-1"} to topic topic-c8aa8153_0bdb_47f6_a650_be218005cbd0
2025-09-03 13:24:59,933 INFO  [io.api.tes.ser.api.KafkaSerdesTester] (ForkJoinPool.commonPool-worker-3) Sending message {"key1": "value-2", "key2": "value-2", "key3": "value-2"} to topic topic-c8aa8153_0bdb_47f6_a650_be218005cbd0
2025-09-03 13:24:59,933 INFO  [io.api.tes.ser.api.KafkaSerdesTester] (ForkJoinPool.commonPool-worker-3) Sending message {"key1": "value-3", "key2": "value-3", "key3": "value-3"} to topic topic-c8aa8153_0bdb_47f6_a650_be218005cbd0
2025-09-03 13:24:59,934 INFO  [io.api.tes.ser.api.KafkaSerdesTester] (ForkJoinPool.commonPool-worker-3) Sending message {"key1": "value-4", "key2": "value-4", "key3": "value-4"} to topic topic-c8aa8153_0bdb_47f6_a650_be218005cbd0
2025-09-03 13:24:59,935 INFO  [io.api.tes.ser.api.KafkaSerdesTester] (ForkJoinPool.commonPool-worker-3) Sending message {"key1": "value-5", "key2": "value-5", "key3": "value-5"} to topic topic-c8aa8153_0bdb_47f6_a650_be218005cbd0
2025-09-03 13:24:59,936 INFO  [io.api.tes.ser.api.KafkaSerdesTester] (ForkJoinPool.commonPool-worker-3) Sending message {"key1": "value-6", "key2": "value-6", "key3": "value-6"} to topic topic-c8aa8153_0bdb_47f6_a650_be218005cbd0
2025-09-03 13:24:59,937 INFO  [io.api.tes.ser.api.KafkaSerdesTester] (ForkJoinPool.commonPool-worker-3) Sending message {"key1": "value-7", "key2": "value-7", "key3": "value-7"} to topic topic-c8aa8153_0bdb_47f6_a650_be218005cbd0
2025-09-03 13:24:59,938 INFO  [io.api.tes.ser.api.KafkaSerdesTester] (ForkJoinPool.commonPool-worker-3) Sending message {"key1": "value-8", "key2": "value-8", "key3": "value-8"} to topic topic-c8aa8153_0bdb_47f6_a650_be218005cbd0
2025-09-03 13:24:59,939 INFO  [io.api.tes.ser.api.KafkaSerdesTester] (ForkJoinPool.commonPool-worker-3) Sending message {"key1": "value-9", "key2": "value-9", "key3": "value-9"} to topic topic-c8aa8153_0bdb_47f6_a650_be218005cbd0
2025-09-03 13:24:59,940 INFO  [io.api.tes.ser.api.KafkaSerdesTester] (ForkJoinPool.commonPool-worker-3) Produced 10 messages
2025-09-03 13:24:59,940 INFO  [org.apa.kaf.cli.pro.KafkaProducer] (ForkJoinPool.commonPool-worker-3) [Producer clientId=Producer-topic-c8aa8153_0bdb_47f6_a650_be218005cbd0] Closing the Kafka producer with timeoutMillis = 9223372036854775807 ms.
2025-09-03 13:24:59,941 INFO  [org.apa.kaf.com.met.Metrics] (ForkJoinPool.commonPool-worker-3) Metrics scheduler closed
2025-09-03 13:24:59,941 INFO  [org.apa.kaf.com.met.Metrics] (ForkJoinPool.commonPool-worker-3) Closing reporter org.apache.kafka.common.metrics.JmxReporter
2025-09-03 13:24:59,941 INFO  [org.apa.kaf.com.met.Metrics] (ForkJoinPool.commonPool-worker-3) Closing reporter org.apache.kafka.common.telemetry.internals.ClientTelemetryReporter
2025-09-03 13:24:59,941 INFO  [org.apa.kaf.com.met.Metrics] (ForkJoinPool.commonPool-worker-3) Metrics reporters closed
2025-09-03 13:24:59,941 INFO  [org.apa.kaf.com.uti.AppInfoParser] (ForkJoinPool.commonPool-worker-3) App info kafka.producer for Producer-topic-c8aa8153_0bdb_47f6_a650_be218005cbd0 unregistered
**** Registry Base URL: http://registry-app-pg17.apps.ci419.apicurio-testing.org:80
2025-09-03 13:24:59,942 INFO  [org.apa.kaf.cli.pro.ProducerConfig] (main) ProducerConfig values: 
	acks = -1
	auto.include.jmx.reporter = true
	batch.size = 16384
	bootstrap.servers = [PLAINTEXT://localhost:32769]
	buffer.memory = 33554432
	client.dns.lookup = use_all_dns_ips
	client.id = Producer-topic-c8aa8153_0bdb_47f6_a650_be218005cbd0
	compression.gzip.level = -1
	compression.lz4.level = 9
	compression.type = none
	compression.zstd.level = 3
	connections.max.idle.ms = 10000
	delivery.timeout.ms = 120000
	enable.idempotence = true
	enable.metrics.push = true
	interceptor.classes = []
	key.serializer = class org.apache.kafka.common.serialization.StringSerializer
	linger.ms = 0
	max.block.ms = 60000
	max.in.flight.requests.per.connection = 5
	max.request.size = 1048576
	metadata.max.age.ms = 300000
	metadata.max.idle.ms = 300000
	metadata.recovery.strategy = none
	metric.reporters = []
	metrics.num.samples = 2
	metrics.recording.level = INFO
	metrics.sample.window.ms = 30000
	partitioner.adaptive.partitioning.enable = true
	partitioner.availability.timeout.ms = 0
	partitioner.class = null
	partitioner.ignore.keys = false
	receive.buffer.bytes = 32768
	reconnect.backoff.max.ms = 1000
	reconnect.backoff.ms = 50
	request.timeout.ms = 5000
	retries = 2147483647
	retry.backoff.max.ms = 1000
	retry.backoff.ms = 100
	sasl.client.callback.handler.class = null
	sasl.jaas.config = null
	sasl.kerberos.kinit.cmd = /usr/bin/kinit
	sasl.kerberos.min.time.before.relogin = 60000
	sasl.kerberos.service.name = null
	sasl.kerberos.ticket.renew.jitter = 0.05
	sasl.kerberos.ticket.renew.window.factor = 0.8
	sasl.login.callback.handler.class = null
	sasl.login.class = null
	sasl.login.connect.timeout.ms = null
	sasl.login.read.timeout.ms = null
	sasl.login.refresh.buffer.seconds = 300
	sasl.login.refresh.min.period.seconds = 60
	sasl.login.refresh.window.factor = 0.8
	sasl.login.refresh.window.jitter = 0.05
	sasl.login.retry.backoff.max.ms = 10000
	sasl.login.retry.backoff.ms = 100
	sasl.mechanism = GSSAPI
	sasl.oauthbearer.clock.skew.seconds = 30
	sasl.oauthbearer.expected.audience = null
	sasl.oauthbearer.expected.issuer = null
	sasl.oauthbearer.header.urlencode = false
	sasl.oauthbearer.jwks.endpoint.refresh.ms = 3600000
	sasl.oauthbearer.jwks.endpoint.retry.backoff.max.ms = 10000
	sasl.oauthbearer.jwks.endpoint.retry.backoff.ms = 100
	sasl.oauthbearer.jwks.endpoint.url = null
	sasl.oauthbearer.scope.claim.name = scope
	sasl.oauthbearer.sub.claim.name = sub
	sasl.oauthbearer.token.endpoint.url = null
	security.protocol = PLAINTEXT
	security.providers = null
	send.buffer.bytes = 131072
	socket.connection.setup.timeout.max.ms = 30000
	socket.connection.setup.timeout.ms = 10000
	ssl.cipher.suites = null
	ssl.enabled.protocols = [TLSv1.2, TLSv1.3]
	ssl.endpoint.identification.algorithm = https
	ssl.engine.factory.class = null
	ssl.key.password = null
	ssl.keymanager.algorithm = SunX509
	ssl.keystore.certificate.chain = null
	ssl.keystore.key = null
	ssl.keystore.location = null
	ssl.keystore.password = null
	ssl.keystore.type = JKS
	ssl.protocol = TLSv1.3
	ssl.provider = null
	ssl.secure.random.implementation = null
	ssl.trustmanager.algorithm = PKIX
	ssl.truststore.certificates = null
	ssl.truststore.location = null
	ssl.truststore.password = null
	ssl.truststore.type = JKS
	transaction.timeout.ms = 60000
	transactional.id = null
	value.serializer = class io.confluent.kafka.serializers.KafkaAvroSerializer

2025-09-03 13:24:59,942 INFO  [org.apa.kaf.com.tel.int.KafkaMetricsCollector] (main) initializing Kafka metrics collector
2025-09-03 13:24:59,942 INFO  [io.con.kaf.ser.KafkaAvroSerializerConfig] (main) KafkaAvroSerializerConfig values: 
	auto.register.schemas = false
	avro.reflection.allow.null = false
	avro.remove.java.properties = false
	avro.use.logical.type.converters = false
	basic.auth.credentials.source = URL
	basic.auth.user.info = [hidden]
	bearer.auth.cache.expiry.buffer.seconds = 300
	bearer.auth.client.id = null
	bearer.auth.client.secret = null
	bearer.auth.credentials.source = STATIC_TOKEN
	bearer.auth.custom.provider.class = null
	bearer.auth.identity.pool.id = null
	bearer.auth.issuer.endpoint.url = null
	bearer.auth.logical.cluster = null
	bearer.auth.scope = null
	bearer.auth.scope.claim.name = scope
	bearer.auth.sub.claim.name = sub
	bearer.auth.token = [hidden]
	context.name.strategy = class io.confluent.kafka.serializers.context.NullContextNameStrategy
	http.connect.timeout.ms = 60000
	http.read.timeout.ms = 60000
	id.compatibility.strict = true
	key.schema.id.deserializer = class io.confluent.kafka.serializers.schema.id.DualSchemaIdDeserializer
	key.schema.id.serializer = class io.confluent.kafka.serializers.schema.id.PrefixSchemaIdSerializer
	key.subject.name.strategy = class io.confluent.kafka.serializers.subject.TopicNameStrategy
	latest.cache.size = 1000
	latest.cache.ttl.sec = -1
	latest.compatibility.strict = true
	max.retries = 3
	max.schemas.per.subject = 1000
	normalize.schemas = false
	propagate.schema.tags = false
	proxy.host = 
	proxy.port = -1
	retries.max.wait.ms = 20000
	retries.wait.ms = 1000
	rule.actions = []
	rule.executors = []
	rule.service.loader.enable = true
	schema.format = null
	schema.reflection = false
	schema.registry.basic.auth.user.info = [hidden]
	schema.registry.ssl.cipher.suites = null
	schema.registry.ssl.enabled.protocols = [TLSv1.2, TLSv1.3]
	schema.registry.ssl.endpoint.identification.algorithm = https
	schema.registry.ssl.engine.factory.class = null
	schema.registry.ssl.key.password = null
	schema.registry.ssl.keymanager.algorithm = SunX509
	schema.registry.ssl.keystore.certificate.chain = null
	schema.registry.ssl.keystore.key = null
	schema.registry.ssl.keystore.location = null
	schema.registry.ssl.keystore.password = null
	schema.registry.ssl.keystore.type = JKS
	schema.registry.ssl.protocol = TLSv1.3
	schema.registry.ssl.provider = null
	schema.registry.ssl.secure.random.implementation = null
	schema.registry.ssl.trustmanager.algorithm = PKIX
	schema.registry.ssl.truststore.certificates = null
	schema.registry.ssl.truststore.location = null
	schema.registry.ssl.truststore.password = null
	schema.registry.ssl.truststore.type = JKS
	schema.registry.url = [http://registry-app-pg17.apps.ci419.apicurio-testing.org:80/apis/ccompat/v7]
	schema.registry.url.randomize = false
	use.latest.version = false
	use.latest.with.metadata = null
	use.schema.id = -1
	value.schema.id.deserializer = class io.confluent.kafka.serializers.schema.id.DualSchemaIdDeserializer
	value.schema.id.serializer = class io.confluent.kafka.serializers.schema.id.PrefixSchemaIdSerializer
	value.subject.name.strategy = class io.confluent.kafka.serializers.subject.TopicRecordNameStrategy

2025-09-03 13:24:59,943 INFO  [org.apa.kaf.cli.pro.KafkaProducer] (main) [Producer clientId=Producer-topic-c8aa8153_0bdb_47f6_a650_be218005cbd0] Instantiated an idempotent producer.
2025-09-03 13:24:59,944 INFO  [org.apa.kaf.cli.pro.ProducerConfig] (main) These configurations '[schema.registry.url, auto.register.schemas, value.subject.name.strategy]' were supplied but are not used yet.
2025-09-03 13:24:59,944 INFO  [org.apa.kaf.com.uti.AppInfoParser] (main) Kafka version: 3.9.1
2025-09-03 13:24:59,944 INFO  [org.apa.kaf.com.uti.AppInfoParser] (main) Kafka commitId: f745dfdcee2b9851
2025-09-03 13:24:59,944 INFO  [org.apa.kaf.com.uti.AppInfoParser] (main) Kafka startTimeMs: 1756905899944
2025-09-03 13:24:59,945 INFO  [io.api.tes.ser.api.KafkaSerdesTester] (ForkJoinPool.commonPool-worker-3) Sending message {"key1": "value-0", "key2": "value-0"} to topic topic-c8aa8153_0bdb_47f6_a650_be218005cbd0
2025-09-03 13:24:59,946 INFO  [org.apa.kaf.cli.Metadata] (kafka-producer-network-thread | Producer-topic-c8aa8153_0bdb_47f6_a650_be218005cbd0) [Producer clientId=Producer-topic-c8aa8153_0bdb_47f6_a650_be218005cbd0] Cluster ID: Vad1sk8gS_OCqo1-tuet0Q
2025-09-03 13:24:59,946 INFO  [org.apa.kaf.cli.pro.int.TransactionManager] (kafka-producer-network-thread | Producer-topic-c8aa8153_0bdb_47f6_a650_be218005cbd0) [Producer clientId=Producer-topic-c8aa8153_0bdb_47f6_a650_be218005cbd0] ProducerId set to 48 with epoch 0
2025-09-03 13:24:59,963 INFO  [io.api.tes.ser.api.KafkaSerdesTester] (ForkJoinPool.commonPool-worker-3) Sending message {"key1": "value-1", "key2": "value-1"} to topic topic-c8aa8153_0bdb_47f6_a650_be218005cbd0
2025-09-03 13:24:59,964 INFO  [io.api.tes.ser.api.KafkaSerdesTester] (ForkJoinPool.commonPool-worker-3) Sending message {"key1": "value-2", "key2": "value-2"} to topic topic-c8aa8153_0bdb_47f6_a650_be218005cbd0
2025-09-03 13:24:59,965 INFO  [io.api.tes.ser.api.KafkaSerdesTester] (ForkJoinPool.commonPool-worker-3) Sending message {"key1": "value-3", "key2": "value-3"} to topic topic-c8aa8153_0bdb_47f6_a650_be218005cbd0
2025-09-03 13:24:59,965 INFO  [io.api.tes.ser.api.KafkaSerdesTester] (ForkJoinPool.commonPool-worker-3) Sending message {"key1": "value-4", "key2": "value-4"} to topic topic-c8aa8153_0bdb_47f6_a650_be218005cbd0
2025-09-03 13:24:59,966 INFO  [io.api.tes.ser.api.KafkaSerdesTester] (ForkJoinPool.commonPool-worker-3) Sending message {"key1": "value-5", "key2": "value-5"} to topic topic-c8aa8153_0bdb_47f6_a650_be218005cbd0
2025-09-03 13:24:59,967 INFO  [io.api.tes.ser.api.KafkaSerdesTester] (ForkJoinPool.commonPool-worker-3) Sending message {"key1": "value-6", "key2": "value-6"} to topic topic-c8aa8153_0bdb_47f6_a650_be218005cbd0
2025-09-03 13:24:59,968 INFO  [io.api.tes.ser.api.KafkaSerdesTester] (ForkJoinPool.commonPool-worker-3) Sending message {"key1": "value-7", "key2": "value-7"} to topic topic-c8aa8153_0bdb_47f6_a650_be218005cbd0
2025-09-03 13:24:59,969 INFO  [io.api.tes.ser.api.KafkaSerdesTester] (ForkJoinPool.commonPool-worker-3) Sending message {"key1": "value-8", "key2": "value-8"} to topic topic-c8aa8153_0bdb_47f6_a650_be218005cbd0
2025-09-03 13:24:59,970 INFO  [io.api.tes.ser.api.KafkaSerdesTester] (ForkJoinPool.commonPool-worker-3) Sending message {"key1": "value-9", "key2": "value-9"} to topic topic-c8aa8153_0bdb_47f6_a650_be218005cbd0
2025-09-03 13:24:59,971 INFO  [io.api.tes.ser.api.KafkaSerdesTester] (ForkJoinPool.commonPool-worker-3) Produced 10 messages
2025-09-03 13:24:59,971 INFO  [org.apa.kaf.cli.pro.KafkaProducer] (ForkJoinPool.commonPool-worker-3) [Producer clientId=Producer-topic-c8aa8153_0bdb_47f6_a650_be218005cbd0] Closing the Kafka producer with timeoutMillis = 9223372036854775807 ms.
2025-09-03 13:24:59,972 INFO  [org.apa.kaf.com.met.Metrics] (ForkJoinPool.commonPool-worker-3) Metrics scheduler closed
2025-09-03 13:24:59,972 INFO  [org.apa.kaf.com.met.Metrics] (ForkJoinPool.commonPool-worker-3) Closing reporter org.apache.kafka.common.metrics.JmxReporter
2025-09-03 13:24:59,972 INFO  [org.apa.kaf.com.met.Metrics] (ForkJoinPool.commonPool-worker-3) Closing reporter org.apache.kafka.common.telemetry.internals.ClientTelemetryReporter
2025-09-03 13:24:59,972 INFO  [org.apa.kaf.com.met.Metrics] (ForkJoinPool.commonPool-worker-3) Metrics reporters closed
2025-09-03 13:24:59,972 INFO  [org.apa.kaf.com.uti.AppInfoParser] (ForkJoinPool.commonPool-worker-3) App info kafka.producer for Producer-topic-c8aa8153_0bdb_47f6_a650_be218005cbd0 unregistered
**** Registry Base URL: http://registry-app-pg17.apps.ci419.apicurio-testing.org:80
2025-09-03 13:24:59,972 INFO  [org.apa.kaf.cli.pro.ProducerConfig] (main) ProducerConfig values: 
	acks = -1
	auto.include.jmx.reporter = true
	batch.size = 16384
	bootstrap.servers = [PLAINTEXT://localhost:32769]
	buffer.memory = 33554432
	client.dns.lookup = use_all_dns_ips
	client.id = Producer-topic-c8aa8153_0bdb_47f6_a650_be218005cbd0
	compression.gzip.level = -1
	compression.lz4.level = 9
	compression.type = none
	compression.zstd.level = 3
	connections.max.idle.ms = 10000
	delivery.timeout.ms = 120000
	enable.idempotence = true
	enable.metrics.push = true
	interceptor.classes = []
	key.serializer = class org.apache.kafka.common.serialization.StringSerializer
	linger.ms = 0
	max.block.ms = 60000
	max.in.flight.requests.per.connection = 5
	max.request.size = 1048576
	metadata.max.age.ms = 300000
	metadata.max.idle.ms = 300000
	metadata.recovery.strategy = none
	metric.reporters = []
	metrics.num.samples = 2
	metrics.recording.level = INFO
	metrics.sample.window.ms = 30000
	partitioner.adaptive.partitioning.enable = true
	partitioner.availability.timeout.ms = 0
	partitioner.class = null
	partitioner.ignore.keys = false
	receive.buffer.bytes = 32768
	reconnect.backoff.max.ms = 1000
	reconnect.backoff.ms = 50
	request.timeout.ms = 5000
	retries = 2147483647
	retry.backoff.max.ms = 1000
	retry.backoff.ms = 100
	sasl.client.callback.handler.class = null
	sasl.jaas.config = null
	sasl.kerberos.kinit.cmd = /usr/bin/kinit
	sasl.kerberos.min.time.before.relogin = 60000
	sasl.kerberos.service.name = null
	sasl.kerberos.ticket.renew.jitter = 0.05
	sasl.kerberos.ticket.renew.window.factor = 0.8
	sasl.login.callback.handler.class = null
	sasl.login.class = null
	sasl.login.connect.timeout.ms = null
	sasl.login.read.timeout.ms = null
	sasl.login.refresh.buffer.seconds = 300
	sasl.login.refresh.min.period.seconds = 60
	sasl.login.refresh.window.factor = 0.8
	sasl.login.refresh.window.jitter = 0.05
	sasl.login.retry.backoff.max.ms = 10000
	sasl.login.retry.backoff.ms = 100
	sasl.mechanism = GSSAPI
	sasl.oauthbearer.clock.skew.seconds = 30
	sasl.oauthbearer.expected.audience = null
	sasl.oauthbearer.expected.issuer = null
	sasl.oauthbearer.header.urlencode = false
	sasl.oauthbearer.jwks.endpoint.refresh.ms = 3600000
	sasl.oauthbearer.jwks.endpoint.retry.backoff.max.ms = 10000
	sasl.oauthbearer.jwks.endpoint.retry.backoff.ms = 100
	sasl.oauthbearer.jwks.endpoint.url = null
	sasl.oauthbearer.scope.claim.name = scope
	sasl.oauthbearer.sub.claim.name = sub
	sasl.oauthbearer.token.endpoint.url = null
	security.protocol = PLAINTEXT
	security.providers = null
	send.buffer.bytes = 131072
	socket.connection.setup.timeout.max.ms = 30000
	socket.connection.setup.timeout.ms = 10000
	ssl.cipher.suites = null
	ssl.enabled.protocols = [TLSv1.2, TLSv1.3]
	ssl.endpoint.identification.algorithm = https
	ssl.engine.factory.class = null
	ssl.key.password = null
	ssl.keymanager.algorithm = SunX509
	ssl.keystore.certificate.chain = null
	ssl.keystore.key = null
	ssl.keystore.location = null
	ssl.keystore.password = null
	ssl.keystore.type = JKS
	ssl.protocol = TLSv1.3
	ssl.provider = null
	ssl.secure.random.implementation = null
	ssl.trustmanager.algorithm = PKIX
	ssl.truststore.certificates = null
	ssl.truststore.location = null
	ssl.truststore.password = null
	ssl.truststore.type = JKS
	transaction.timeout.ms = 60000
	transactional.id = null
	value.serializer = class io.confluent.kafka.serializers.KafkaAvroSerializer

2025-09-03 13:24:59,973 INFO  [org.apa.kaf.com.tel.int.KafkaMetricsCollector] (main) initializing Kafka metrics collector
2025-09-03 13:24:59,973 INFO  [io.con.kaf.ser.KafkaAvroSerializerConfig] (main) KafkaAvroSerializerConfig values: 
	auto.register.schemas = false
	avro.reflection.allow.null = false
	avro.remove.java.properties = false
	avro.use.logical.type.converters = false
	basic.auth.credentials.source = URL
	basic.auth.user.info = [hidden]
	bearer.auth.cache.expiry.buffer.seconds = 300
	bearer.auth.client.id = null
	bearer.auth.client.secret = null
	bearer.auth.credentials.source = STATIC_TOKEN
	bearer.auth.custom.provider.class = null
	bearer.auth.identity.pool.id = null
	bearer.auth.issuer.endpoint.url = null
	bearer.auth.logical.cluster = null
	bearer.auth.scope = null
	bearer.auth.scope.claim.name = scope
	bearer.auth.sub.claim.name = sub
	bearer.auth.token = [hidden]
	context.name.strategy = class io.confluent.kafka.serializers.context.NullContextNameStrategy
	http.connect.timeout.ms = 60000
	http.read.timeout.ms = 60000
	id.compatibility.strict = true
	key.schema.id.deserializer = class io.confluent.kafka.serializers.schema.id.DualSchemaIdDeserializer
	key.schema.id.serializer = class io.confluent.kafka.serializers.schema.id.PrefixSchemaIdSerializer
	key.subject.name.strategy = class io.confluent.kafka.serializers.subject.TopicNameStrategy
	latest.cache.size = 1000
	latest.cache.ttl.sec = -1
	latest.compatibility.strict = true
	max.retries = 3
	max.schemas.per.subject = 1000
	normalize.schemas = false
	propagate.schema.tags = false
	proxy.host = 
	proxy.port = -1
	retries.max.wait.ms = 20000
	retries.wait.ms = 1000
	rule.actions = []
	rule.executors = []
	rule.service.loader.enable = true
	schema.format = null
	schema.reflection = false
	schema.registry.basic.auth.user.info = [hidden]
	schema.registry.ssl.cipher.suites = null
	schema.registry.ssl.enabled.protocols = [TLSv1.2, TLSv1.3]
	schema.registry.ssl.endpoint.identification.algorithm = https
	schema.registry.ssl.engine.factory.class = null
	schema.registry.ssl.key.password = null
	schema.registry.ssl.keymanager.algorithm = SunX509
	schema.registry.ssl.keystore.certificate.chain = null
	schema.registry.ssl.keystore.key = null
	schema.registry.ssl.keystore.location = null
	schema.registry.ssl.keystore.password = null
	schema.registry.ssl.keystore.type = JKS
	schema.registry.ssl.protocol = TLSv1.3
	schema.registry.ssl.provider = null
	schema.registry.ssl.secure.random.implementation = null
	schema.registry.ssl.trustmanager.algorithm = PKIX
	schema.registry.ssl.truststore.certificates = null
	schema.registry.ssl.truststore.location = null
	schema.registry.ssl.truststore.password = null
	schema.registry.ssl.truststore.type = JKS
	schema.registry.url = [http://registry-app-pg17.apps.ci419.apicurio-testing.org:80/apis/ccompat/v7]
	schema.registry.url.randomize = false
	use.latest.version = false
	use.latest.with.metadata = null
	use.schema.id = -1
	value.schema.id.deserializer = class io.confluent.kafka.serializers.schema.id.DualSchemaIdDeserializer
	value.schema.id.serializer = class io.confluent.kafka.serializers.schema.id.PrefixSchemaIdSerializer
	value.subject.name.strategy = class io.confluent.kafka.serializers.subject.TopicRecordNameStrategy

2025-09-03 13:24:59,975 INFO  [org.apa.kaf.cli.pro.KafkaProducer] (main) [Producer clientId=Producer-topic-c8aa8153_0bdb_47f6_a650_be218005cbd0] Instantiated an idempotent producer.
2025-09-03 13:24:59,976 INFO  [org.apa.kaf.cli.pro.ProducerConfig] (main) These configurations '[schema.registry.url, auto.register.schemas, value.subject.name.strategy]' were supplied but are not used yet.
2025-09-03 13:24:59,976 INFO  [org.apa.kaf.com.uti.AppInfoParser] (main) Kafka version: 3.9.1
2025-09-03 13:24:59,976 INFO  [org.apa.kaf.com.uti.AppInfoParser] (main) Kafka commitId: f745dfdcee2b9851
2025-09-03 13:24:59,976 INFO  [org.apa.kaf.com.uti.AppInfoParser] (main) Kafka startTimeMs: 1756905899976
2025-09-03 13:24:59,977 INFO  [io.api.tes.ser.api.KafkaSerdesTester] (ForkJoinPool.commonPool-worker-3) Sending message {"key1": "value-0"} to topic topic-c8aa8153_0bdb_47f6_a650_be218005cbd0
2025-09-03 13:24:59,979 INFO  [org.apa.kaf.cli.Metadata] (kafka-producer-network-thread | Producer-topic-c8aa8153_0bdb_47f6_a650_be218005cbd0) [Producer clientId=Producer-topic-c8aa8153_0bdb_47f6_a650_be218005cbd0] Cluster ID: Vad1sk8gS_OCqo1-tuet0Q
2025-09-03 13:24:59,979 INFO  [org.apa.kaf.cli.pro.int.TransactionManager] (kafka-producer-network-thread | Producer-topic-c8aa8153_0bdb_47f6_a650_be218005cbd0) [Producer clientId=Producer-topic-c8aa8153_0bdb_47f6_a650_be218005cbd0] ProducerId set to 49 with epoch 0
2025-09-03 13:24:59,994 INFO  [io.api.tes.ser.api.KafkaSerdesTester] (ForkJoinPool.commonPool-worker-3) Sending message {"key1": "value-1"} to topic topic-c8aa8153_0bdb_47f6_a650_be218005cbd0
2025-09-03 13:24:59,995 INFO  [io.api.tes.ser.api.KafkaSerdesTester] (ForkJoinPool.commonPool-worker-3) Sending message {"key1": "value-2"} to topic topic-c8aa8153_0bdb_47f6_a650_be218005cbd0
2025-09-03 13:24:59,996 INFO  [io.api.tes.ser.api.KafkaSerdesTester] (ForkJoinPool.commonPool-worker-3) Sending message {"key1": "value-3"} to topic topic-c8aa8153_0bdb_47f6_a650_be218005cbd0
2025-09-03 13:24:59,997 INFO  [io.api.tes.ser.api.KafkaSerdesTester] (ForkJoinPool.commonPool-worker-3) Sending message {"key1": "value-4"} to topic topic-c8aa8153_0bdb_47f6_a650_be218005cbd0
2025-09-03 13:24:59,998 INFO  [io.api.tes.ser.api.KafkaSerdesTester] (ForkJoinPool.commonPool-worker-3) Sending message {"key1": "value-5"} to topic topic-c8aa8153_0bdb_47f6_a650_be218005cbd0
2025-09-03 13:24:59,999 INFO  [io.api.tes.ser.api.KafkaSerdesTester] (ForkJoinPool.commonPool-worker-3) Sending message {"key1": "value-6"} to topic topic-c8aa8153_0bdb_47f6_a650_be218005cbd0
2025-09-03 13:25:00,006 INFO  [io.api.tes.ser.api.KafkaSerdesTester] (ForkJoinPool.commonPool-worker-3) Sending message {"key1": "value-7"} to topic topic-c8aa8153_0bdb_47f6_a650_be218005cbd0
2025-09-03 13:25:00,008 INFO  [io.api.tes.ser.api.KafkaSerdesTester] (ForkJoinPool.commonPool-worker-3) Sending message {"key1": "value-8"} to topic topic-c8aa8153_0bdb_47f6_a650_be218005cbd0
2025-09-03 13:25:00,009 INFO  [io.api.tes.ser.api.KafkaSerdesTester] (ForkJoinPool.commonPool-worker-3) Sending message {"key1": "value-9"} to topic topic-c8aa8153_0bdb_47f6_a650_be218005cbd0
2025-09-03 13:25:00,010 INFO  [io.api.tes.ser.api.KafkaSerdesTester] (ForkJoinPool.commonPool-worker-3) Produced 10 messages
2025-09-03 13:25:00,010 INFO  [org.apa.kaf.cli.pro.KafkaProducer] (ForkJoinPool.commonPool-worker-3) [Producer clientId=Producer-topic-c8aa8153_0bdb_47f6_a650_be218005cbd0] Closing the Kafka producer with timeoutMillis = 9223372036854775807 ms.
2025-09-03 13:25:00,011 INFO  [org.apa.kaf.com.met.Metrics] (ForkJoinPool.commonPool-worker-3) Metrics scheduler closed
2025-09-03 13:25:00,012 INFO  [org.apa.kaf.com.met.Metrics] (ForkJoinPool.commonPool-worker-3) Closing reporter org.apache.kafka.common.metrics.JmxReporter
2025-09-03 13:25:00,012 INFO  [org.apa.kaf.com.met.Metrics] (ForkJoinPool.commonPool-worker-3) Closing reporter org.apache.kafka.common.telemetry.internals.ClientTelemetryReporter
2025-09-03 13:25:00,012 INFO  [org.apa.kaf.com.met.Metrics] (ForkJoinPool.commonPool-worker-3) Metrics reporters closed
2025-09-03 13:25:00,012 INFO  [org.apa.kaf.com.uti.AppInfoParser] (ForkJoinPool.commonPool-worker-3) App info kafka.producer for Producer-topic-c8aa8153_0bdb_47f6_a650_be218005cbd0 unregistered
**** Registry Base URL: http://registry-app-pg17.apps.ci419.apicurio-testing.org:80
2025-09-03 13:25:00,012 INFO  [org.apa.kaf.cli.con.ConsumerConfig] (main) ConsumerConfig values: 
	allow.auto.create.topics = true
	auto.commit.interval.ms = 500
	auto.include.jmx.reporter = true
	auto.offset.reset = earliest
	bootstrap.servers = [PLAINTEXT://localhost:32769]
	check.crcs = true
	client.dns.lookup = use_all_dns_ips
	client.id = consumer-Consumer-topic-c8aa8153_0bdb_47f6_a650_be218005cbd0-36
	client.rack = 
	connections.max.idle.ms = 10000
	default.api.timeout.ms = 60000
	enable.auto.commit = true
	enable.metrics.push = true
	exclude.internal.topics = true
	fetch.max.bytes = 52428800
	fetch.max.wait.ms = 500
	fetch.min.bytes = 1
	group.id = Consumer-topic-c8aa8153_0bdb_47f6_a650_be218005cbd0
	group.instance.id = null
	group.protocol = classic
	group.remote.assignor = null
	heartbeat.interval.ms = 3000
	interceptor.classes = []
	internal.leave.group.on.close = true
	internal.throw.on.fetch.stable.offset.unsupported = false
	isolation.level = read_uncommitted
	key.deserializer = class org.apache.kafka.common.serialization.StringDeserializer
	max.partition.fetch.bytes = 1048576
	max.poll.interval.ms = 300000
	max.poll.records = 500
	metadata.max.age.ms = 300000
	metadata.recovery.strategy = none
	metric.reporters = []
	metrics.num.samples = 2
	metrics.recording.level = INFO
	metrics.sample.window.ms = 30000
	partition.assignment.strategy = [class org.apache.kafka.clients.consumer.RangeAssignor, class org.apache.kafka.clients.consumer.CooperativeStickyAssignor]
	receive.buffer.bytes = 65536
	reconnect.backoff.max.ms = 1000
	reconnect.backoff.ms = 50
	request.timeout.ms = 5000
	retry.backoff.max.ms = 1000
	retry.backoff.ms = 100
	sasl.client.callback.handler.class = null
	sasl.jaas.config = null
	sasl.kerberos.kinit.cmd = /usr/bin/kinit
	sasl.kerberos.min.time.before.relogin = 60000
	sasl.kerberos.service.name = null
	sasl.kerberos.ticket.renew.jitter = 0.05
	sasl.kerberos.ticket.renew.window.factor = 0.8
	sasl.login.callback.handler.class = null
	sasl.login.class = null
	sasl.login.connect.timeout.ms = null
	sasl.login.read.timeout.ms = null
	sasl.login.refresh.buffer.seconds = 300
	sasl.login.refresh.min.period.seconds = 60
	sasl.login.refresh.window.factor = 0.8
	sasl.login.refresh.window.jitter = 0.05
	sasl.login.retry.backoff.max.ms = 10000
	sasl.login.retry.backoff.ms = 100
	sasl.mechanism = GSSAPI
	sasl.oauthbearer.clock.skew.seconds = 30
	sasl.oauthbearer.expected.audience = null
	sasl.oauthbearer.expected.issuer = null
	sasl.oauthbearer.header.urlencode = false
	sasl.oauthbearer.jwks.endpoint.refresh.ms = 3600000
	sasl.oauthbearer.jwks.endpoint.retry.backoff.max.ms = 10000
	sasl.oauthbearer.jwks.endpoint.retry.backoff.ms = 100
	sasl.oauthbearer.jwks.endpoint.url = null
	sasl.oauthbearer.scope.claim.name = scope
	sasl.oauthbearer.sub.claim.name = sub
	sasl.oauthbearer.token.endpoint.url = null
	security.protocol = PLAINTEXT
	security.providers = null
	send.buffer.bytes = 131072
	session.timeout.ms = 45000
	socket.connection.setup.timeout.max.ms = 30000
	socket.connection.setup.timeout.ms = 10000
	ssl.cipher.suites = null
	ssl.enabled.protocols = [TLSv1.2, TLSv1.3]
	ssl.endpoint.identification.algorithm = https
	ssl.engine.factory.class = null
	ssl.key.password = null
	ssl.keymanager.algorithm = SunX509
	ssl.keystore.certificate.chain = null
	ssl.keystore.key = null
	ssl.keystore.location = null
	ssl.keystore.password = null
	ssl.keystore.type = JKS
	ssl.protocol = TLSv1.3
	ssl.provider = null
	ssl.secure.random.implementation = null
	ssl.trustmanager.algorithm = PKIX
	ssl.truststore.certificates = null
	ssl.truststore.location = null
	ssl.truststore.password = null
	ssl.truststore.type = JKS
	value.deserializer = class io.confluent.kafka.serializers.KafkaAvroDeserializer

2025-09-03 13:25:00,012 INFO  [org.apa.kaf.com.tel.int.KafkaMetricsCollector] (main) initializing Kafka metrics collector
2025-09-03 13:25:00,012 INFO  [io.con.kaf.ser.KafkaAvroDeserializerConfig] (main) KafkaAvroDeserializerConfig values: 
	auto.register.schemas = true
	avro.reflection.allow.null = false
	avro.use.logical.type.converters = false
	basic.auth.credentials.source = URL
	basic.auth.user.info = [hidden]
	bearer.auth.cache.expiry.buffer.seconds = 300
	bearer.auth.client.id = null
	bearer.auth.client.secret = null
	bearer.auth.credentials.source = STATIC_TOKEN
	bearer.auth.custom.provider.class = null
	bearer.auth.identity.pool.id = null
	bearer.auth.issuer.endpoint.url = null
	bearer.auth.logical.cluster = null
	bearer.auth.scope = null
	bearer.auth.scope.claim.name = scope
	bearer.auth.sub.claim.name = sub
	bearer.auth.token = [hidden]
	context.name.strategy = class io.confluent.kafka.serializers.context.NullContextNameStrategy
	http.connect.timeout.ms = 60000
	http.read.timeout.ms = 60000
	id.compatibility.strict = true
	key.schema.id.deserializer = class io.confluent.kafka.serializers.schema.id.DualSchemaIdDeserializer
	key.schema.id.serializer = class io.confluent.kafka.serializers.schema.id.PrefixSchemaIdSerializer
	key.subject.name.strategy = class io.confluent.kafka.serializers.subject.TopicNameStrategy
	latest.cache.size = 1000
	latest.cache.ttl.sec = -1
	latest.compatibility.strict = true
	max.retries = 3
	max.schemas.per.subject = 1000
	normalize.schemas = false
	propagate.schema.tags = false
	proxy.host = 
	proxy.port = -1
	retries.max.wait.ms = 20000
	retries.wait.ms = 1000
	rule.actions = []
	rule.executors = []
	rule.service.loader.enable = true
	schema.format = null
	schema.reflection = false
	schema.registry.basic.auth.user.info = [hidden]
	schema.registry.ssl.cipher.suites = null
	schema.registry.ssl.enabled.protocols = [TLSv1.2, TLSv1.3]
	schema.registry.ssl.endpoint.identification.algorithm = https
	schema.registry.ssl.engine.factory.class = null
	schema.registry.ssl.key.password = null
	schema.registry.ssl.keymanager.algorithm = SunX509
	schema.registry.ssl.keystore.certificate.chain = null
	schema.registry.ssl.keystore.key = null
	schema.registry.ssl.keystore.location = null
	schema.registry.ssl.keystore.password = null
	schema.registry.ssl.keystore.type = JKS
	schema.registry.ssl.protocol = TLSv1.3
	schema.registry.ssl.provider = null
	schema.registry.ssl.secure.random.implementation = null
	schema.registry.ssl.trustmanager.algorithm = PKIX
	schema.registry.ssl.truststore.certificates = null
	schema.registry.ssl.truststore.location = null
	schema.registry.ssl.truststore.password = null
	schema.registry.ssl.truststore.type = JKS
	schema.registry.url = [http://registry-app-pg17.apps.ci419.apicurio-testing.org:80/apis/ccompat/v7]
	schema.registry.url.randomize = false
	specific.avro.key.type = null
	specific.avro.reader = false
	specific.avro.value.type = null
	use.latest.version = false
	use.latest.with.metadata = null
	use.schema.id = -1
	value.schema.id.deserializer = class io.confluent.kafka.serializers.schema.id.DualSchemaIdDeserializer
	value.schema.id.serializer = class io.confluent.kafka.serializers.schema.id.PrefixSchemaIdSerializer
	value.subject.name.strategy = class io.confluent.kafka.serializers.subject.TopicNameStrategy

2025-09-03 13:25:00,015 INFO  [org.apa.kaf.cli.con.ConsumerConfig] (main) These configurations '[schema.registry.url]' were supplied but are not used yet.
2025-09-03 13:25:00,015 INFO  [org.apa.kaf.com.uti.AppInfoParser] (main) Kafka version: 3.9.1
2025-09-03 13:25:00,015 INFO  [org.apa.kaf.com.uti.AppInfoParser] (main) Kafka commitId: f745dfdcee2b9851
2025-09-03 13:25:00,015 INFO  [org.apa.kaf.com.uti.AppInfoParser] (main) Kafka startTimeMs: 1756905900015
2025-09-03 13:25:00,015 INFO  [org.apa.kaf.cli.con.int.ClassicKafkaConsumer] (ForkJoinPool.commonPool-worker-3) [Consumer clientId=consumer-Consumer-topic-c8aa8153_0bdb_47f6_a650_be218005cbd0-36, groupId=Consumer-topic-c8aa8153_0bdb_47f6_a650_be218005cbd0] Subscribed to topic(s): topic-c8aa8153_0bdb_47f6_a650_be218005cbd0
2025-09-03 13:25:00,018 INFO  [org.apa.kaf.cli.Metadata] (ForkJoinPool.commonPool-worker-3) [Consumer clientId=consumer-Consumer-topic-c8aa8153_0bdb_47f6_a650_be218005cbd0-36, groupId=Consumer-topic-c8aa8153_0bdb_47f6_a650_be218005cbd0] Cluster ID: Vad1sk8gS_OCqo1-tuet0Q
2025-09-03 13:25:00,018 INFO  [org.apa.kaf.cli.con.int.ConsumerCoordinator] (ForkJoinPool.commonPool-worker-3) [Consumer clientId=consumer-Consumer-topic-c8aa8153_0bdb_47f6_a650_be218005cbd0-36, groupId=Consumer-topic-c8aa8153_0bdb_47f6_a650_be218005cbd0] Discovered group coordinator localhost:32769 (id: 2147483647 rack: null)
2025-09-03 13:25:00,020 INFO  [org.apa.kaf.cli.con.int.ConsumerCoordinator] (ForkJoinPool.commonPool-worker-3) [Consumer clientId=consumer-Consumer-topic-c8aa8153_0bdb_47f6_a650_be218005cbd0-36, groupId=Consumer-topic-c8aa8153_0bdb_47f6_a650_be218005cbd0] (Re-)joining group
2025-09-03 13:25:00,021 INFO  [org.apa.kaf.cli.con.int.ConsumerCoordinator] (ForkJoinPool.commonPool-worker-3) [Consumer clientId=consumer-Consumer-topic-c8aa8153_0bdb_47f6_a650_be218005cbd0-36, groupId=Consumer-topic-c8aa8153_0bdb_47f6_a650_be218005cbd0] Request joining group due to: need to re-join with the given member-id: consumer-Consumer-topic-c8aa8153_0bdb_47f6_a650_be218005cbd0-36-33df0aa9-bd9c-45bf-b1c1-20739bdd8a8e
2025-09-03 13:25:00,021 INFO  [org.apa.kaf.cli.con.int.ConsumerCoordinator] (ForkJoinPool.commonPool-worker-3) [Consumer clientId=consumer-Consumer-topic-c8aa8153_0bdb_47f6_a650_be218005cbd0-36, groupId=Consumer-topic-c8aa8153_0bdb_47f6_a650_be218005cbd0] (Re-)joining group
2025-09-03 13:25:01,016 INFO  [io.api.tes.ser.api.KafkaSerdesTester] (ForkJoinPool.commonPool-worker-3) None found
2025-09-03 13:25:02,016 INFO  [io.api.tes.ser.api.KafkaSerdesTester] (ForkJoinPool.commonPool-worker-3) None found
2025-09-03 13:25:03,016 INFO  [io.api.tes.ser.api.KafkaSerdesTester] (ForkJoinPool.commonPool-worker-3) None found
2025-09-03 13:25:03,022 INFO  [org.apa.kaf.cli.con.int.ConsumerCoordinator] (ForkJoinPool.commonPool-worker-3) [Consumer clientId=consumer-Consumer-topic-c8aa8153_0bdb_47f6_a650_be218005cbd0-36, groupId=Consumer-topic-c8aa8153_0bdb_47f6_a650_be218005cbd0] Successfully joined group with generation Generation{generationId=5, memberId='consumer-Consumer-topic-c8aa8153_0bdb_47f6_a650_be218005cbd0-36-33df0aa9-bd9c-45bf-b1c1-20739bdd8a8e', protocol='range'}
2025-09-03 13:25:03,023 INFO  [org.apa.kaf.cli.con.int.ConsumerCoordinator] (ForkJoinPool.commonPool-worker-3) [Consumer clientId=consumer-Consumer-topic-c8aa8153_0bdb_47f6_a650_be218005cbd0-36, groupId=Consumer-topic-c8aa8153_0bdb_47f6_a650_be218005cbd0] Finished assignment for group at generation 5: {consumer-Consumer-topic-c8aa8153_0bdb_47f6_a650_be218005cbd0-36-33df0aa9-bd9c-45bf-b1c1-20739bdd8a8e=Assignment(partitions=[topic-c8aa8153_0bdb_47f6_a650_be218005cbd0-0])}
2025-09-03 13:25:03,029 INFO  [org.apa.kaf.cli.con.int.ConsumerCoordinator] (ForkJoinPool.commonPool-worker-3) [Consumer clientId=consumer-Consumer-topic-c8aa8153_0bdb_47f6_a650_be218005cbd0-36, groupId=Consumer-topic-c8aa8153_0bdb_47f6_a650_be218005cbd0] Successfully synced group in generation Generation{generationId=5, memberId='consumer-Consumer-topic-c8aa8153_0bdb_47f6_a650_be218005cbd0-36-33df0aa9-bd9c-45bf-b1c1-20739bdd8a8e', protocol='range'}
2025-09-03 13:25:03,029 INFO  [org.apa.kaf.cli.con.int.ConsumerCoordinator] (ForkJoinPool.commonPool-worker-3) [Consumer clientId=consumer-Consumer-topic-c8aa8153_0bdb_47f6_a650_be218005cbd0-36, groupId=Consumer-topic-c8aa8153_0bdb_47f6_a650_be218005cbd0] Notifying assignor about the new Assignment(partitions=[topic-c8aa8153_0bdb_47f6_a650_be218005cbd0-0])
2025-09-03 13:25:03,029 INFO  [org.apa.kaf.cli.con.int.ConsumerRebalanceListenerInvoker] (ForkJoinPool.commonPool-worker-3) [Consumer clientId=consumer-Consumer-topic-c8aa8153_0bdb_47f6_a650_be218005cbd0-36, groupId=Consumer-topic-c8aa8153_0bdb_47f6_a650_be218005cbd0] Adding newly assigned partitions: topic-c8aa8153_0bdb_47f6_a650_be218005cbd0-0
2025-09-03 13:25:03,030 INFO  [org.apa.kaf.cli.con.int.ConsumerUtils] (ForkJoinPool.commonPool-worker-3) Setting offset for partition topic-c8aa8153_0bdb_47f6_a650_be218005cbd0-0 to the committed offset FetchPosition{offset=30, offsetEpoch=Optional[0], currentLeader=LeaderAndEpoch{leader=Optional[localhost:32769 (id: 0 rack: null)], epoch=0}}
2025-09-03 13:25:03,070 INFO  [io.api.tes.ser.api.KafkaSerdesTester] (ForkJoinPool.commonPool-worker-3) topic-c8aa8153_0bdb_47f6_a650_be218005cbd0 0 30 {"key1": "value-0", "key2": "value-0", "key3": "value-0"}
2025-09-03 13:25:03,070 INFO  [io.api.tes.ser.api.KafkaSerdesTester] (ForkJoinPool.commonPool-worker-3) topic-c8aa8153_0bdb_47f6_a650_be218005cbd0 0 31 {"key1": "value-1", "key2": "value-1", "key3": "value-1"}
2025-09-03 13:25:03,070 INFO  [io.api.tes.ser.api.KafkaSerdesTester] (ForkJoinPool.commonPool-worker-3) topic-c8aa8153_0bdb_47f6_a650_be218005cbd0 0 32 {"key1": "value-2", "key2": "value-2", "key3": "value-2"}
2025-09-03 13:25:03,070 INFO  [io.api.tes.ser.api.KafkaSerdesTester] (ForkJoinPool.commonPool-worker-3) topic-c8aa8153_0bdb_47f6_a650_be218005cbd0 0 33 {"key1": "value-3", "key2": "value-3", "key3": "value-3"}
2025-09-03 13:25:03,070 INFO  [io.api.tes.ser.api.KafkaSerdesTester] (ForkJoinPool.commonPool-worker-3) topic-c8aa8153_0bdb_47f6_a650_be218005cbd0 0 34 {"key1": "value-4", "key2": "value-4", "key3": "value-4"}
2025-09-03 13:25:03,070 INFO  [io.api.tes.ser.api.KafkaSerdesTester] (ForkJoinPool.commonPool-worker-3) topic-c8aa8153_0bdb_47f6_a650_be218005cbd0 0 35 {"key1": "value-5", "key2": "value-5", "key3": "value-5"}
2025-09-03 13:25:03,070 INFO  [io.api.tes.ser.api.KafkaSerdesTester] (ForkJoinPool.commonPool-worker-3) topic-c8aa8153_0bdb_47f6_a650_be218005cbd0 0 36 {"key1": "value-6", "key2": "value-6", "key3": "value-6"}
2025-09-03 13:25:03,070 INFO  [io.api.tes.ser.api.KafkaSerdesTester] (ForkJoinPool.commonPool-worker-3) topic-c8aa8153_0bdb_47f6_a650_be218005cbd0 0 37 {"key1": "value-7", "key2": "value-7", "key3": "value-7"}
2025-09-03 13:25:03,070 INFO  [io.api.tes.ser.api.KafkaSerdesTester] (ForkJoinPool.commonPool-worker-3) topic-c8aa8153_0bdb_47f6_a650_be218005cbd0 0 38 {"key1": "value-8", "key2": "value-8", "key3": "value-8"}
2025-09-03 13:25:03,070 INFO  [io.api.tes.ser.api.KafkaSerdesTester] (ForkJoinPool.commonPool-worker-3) topic-c8aa8153_0bdb_47f6_a650_be218005cbd0 0 39 {"key1": "value-9", "key2": "value-9", "key3": "value-9"}
2025-09-03 13:25:03,070 INFO  [io.api.tes.ser.api.KafkaSerdesTester] (ForkJoinPool.commonPool-worker-3) topic-c8aa8153_0bdb_47f6_a650_be218005cbd0 0 40 {"key1": "value-0", "key2": "value-0"}
2025-09-03 13:25:03,070 INFO  [io.api.tes.ser.api.KafkaSerdesTester] (ForkJoinPool.commonPool-worker-3) topic-c8aa8153_0bdb_47f6_a650_be218005cbd0 0 41 {"key1": "value-1", "key2": "value-1"}
2025-09-03 13:25:03,070 INFO  [io.api.tes.ser.api.KafkaSerdesTester] (ForkJoinPool.commonPool-worker-3) topic-c8aa8153_0bdb_47f6_a650_be218005cbd0 0 42 {"key1": "value-2", "key2": "value-2"}
2025-09-03 13:25:03,070 INFO  [io.api.tes.ser.api.KafkaSerdesTester] (ForkJoinPool.commonPool-worker-3) topic-c8aa8153_0bdb_47f6_a650_be218005cbd0 0 43 {"key1": "value-3", "key2": "value-3"}
2025-09-03 13:25:03,070 INFO  [io.api.tes.ser.api.KafkaSerdesTester] (ForkJoinPool.commonPool-worker-3) topic-c8aa8153_0bdb_47f6_a650_be218005cbd0 0 44 {"key1": "value-4", "key2": "value-4"}
2025-09-03 13:25:03,070 INFO  [io.api.tes.ser.api.KafkaSerdesTester] (ForkJoinPool.commonPool-worker-3) topic-c8aa8153_0bdb_47f6_a650_be218005cbd0 0 45 {"key1": "value-5", "key2": "value-5"}
2025-09-03 13:25:03,070 INFO  [io.api.tes.ser.api.KafkaSerdesTester] (ForkJoinPool.commonPool-worker-3) topic-c8aa8153_0bdb_47f6_a650_be218005cbd0 0 46 {"key1": "value-6", "key2": "value-6"}
2025-09-03 13:25:03,070 INFO  [io.api.tes.ser.api.KafkaSerdesTester] (ForkJoinPool.commonPool-worker-3) topic-c8aa8153_0bdb_47f6_a650_be218005cbd0 0 47 {"key1": "value-7", "key2": "value-7"}
2025-09-03 13:25:03,070 INFO  [io.api.tes.ser.api.KafkaSerdesTester] (ForkJoinPool.commonPool-worker-3) topic-c8aa8153_0bdb_47f6_a650_be218005cbd0 0 48 {"key1": "value-8", "key2": "value-8"}
2025-09-03 13:25:03,070 INFO  [io.api.tes.ser.api.KafkaSerdesTester] (ForkJoinPool.commonPool-worker-3) topic-c8aa8153_0bdb_47f6_a650_be218005cbd0 0 49 {"key1": "value-9", "key2": "value-9"}
2025-09-03 13:25:03,070 INFO  [io.api.tes.ser.api.KafkaSerdesTester] (ForkJoinPool.commonPool-worker-3) topic-c8aa8153_0bdb_47f6_a650_be218005cbd0 0 50 {"key1": "value-0"}
2025-09-03 13:25:03,070 INFO  [io.api.tes.ser.api.KafkaSerdesTester] (ForkJoinPool.commonPool-worker-3) topic-c8aa8153_0bdb_47f6_a650_be218005cbd0 0 51 {"key1": "value-1"}
2025-09-03 13:25:03,070 INFO  [io.api.tes.ser.api.KafkaSerdesTester] (ForkJoinPool.commonPool-worker-3) topic-c8aa8153_0bdb_47f6_a650_be218005cbd0 0 52 {"key1": "value-2"}
2025-09-03 13:25:03,070 INFO  [io.api.tes.ser.api.KafkaSerdesTester] (ForkJoinPool.commonPool-worker-3) topic-c8aa8153_0bdb_47f6_a650_be218005cbd0 0 53 {"key1": "value-3"}
2025-09-03 13:25:03,071 INFO  [io.api.tes.ser.api.KafkaSerdesTester] (ForkJoinPool.commonPool-worker-3) topic-c8aa8153_0bdb_47f6_a650_be218005cbd0 0 54 {"key1": "value-4"}
2025-09-03 13:25:03,071 INFO  [io.api.tes.ser.api.KafkaSerdesTester] (ForkJoinPool.commonPool-worker-3) topic-c8aa8153_0bdb_47f6_a650_be218005cbd0 0 55 {"key1": "value-5"}
2025-09-03 13:25:03,071 INFO  [io.api.tes.ser.api.KafkaSerdesTester] (ForkJoinPool.commonPool-worker-3) topic-c8aa8153_0bdb_47f6_a650_be218005cbd0 0 56 {"key1": "value-6"}
2025-09-03 13:25:03,071 INFO  [io.api.tes.ser.api.KafkaSerdesTester] (ForkJoinPool.commonPool-worker-3) topic-c8aa8153_0bdb_47f6_a650_be218005cbd0 0 57 {"key1": "value-7"}
2025-09-03 13:25:03,071 INFO  [io.api.tes.ser.api.KafkaSerdesTester] (ForkJoinPool.commonPool-worker-3) topic-c8aa8153_0bdb_47f6_a650_be218005cbd0 0 58 {"key1": "value-8"}
2025-09-03 13:25:03,071 INFO  [io.api.tes.ser.api.KafkaSerdesTester] (ForkJoinPool.commonPool-worker-3) topic-c8aa8153_0bdb_47f6_a650_be218005cbd0 0 59 {"key1": "value-9"}
2025-09-03 13:25:03,071 INFO  [io.api.tes.ser.api.KafkaSerdesTester] (ForkJoinPool.commonPool-worker-3) Consumed 30 messages
2025-09-03 13:25:03,077 INFO  [org.apa.kaf.cli.con.int.ConsumerRebalanceListenerInvoker] (ForkJoinPool.commonPool-worker-3) [Consumer clientId=consumer-Consumer-topic-c8aa8153_0bdb_47f6_a650_be218005cbd0-36, groupId=Consumer-topic-c8aa8153_0bdb_47f6_a650_be218005cbd0] Revoke previously assigned partitions topic-c8aa8153_0bdb_47f6_a650_be218005cbd0-0
2025-09-03 13:25:03,077 INFO  [org.apa.kaf.cli.con.int.ConsumerCoordinator] (ForkJoinPool.commonPool-worker-3) [Consumer clientId=consumer-Consumer-topic-c8aa8153_0bdb_47f6_a650_be218005cbd0-36, groupId=Consumer-topic-c8aa8153_0bdb_47f6_a650_be218005cbd0] Member consumer-Consumer-topic-c8aa8153_0bdb_47f6_a650_be218005cbd0-36-33df0aa9-bd9c-45bf-b1c1-20739bdd8a8e sending LeaveGroup request to coordinator localhost:32769 (id: 2147483647 rack: null) due to the consumer is being closed
2025-09-03 13:25:03,077 INFO  [org.apa.kaf.cli.con.int.ConsumerCoordinator] (ForkJoinPool.commonPool-worker-3) [Consumer clientId=consumer-Consumer-topic-c8aa8153_0bdb_47f6_a650_be218005cbd0-36, groupId=Consumer-topic-c8aa8153_0bdb_47f6_a650_be218005cbd0] Resetting generation and member id due to: consumer pro-actively leaving the group
2025-09-03 13:25:03,077 INFO  [org.apa.kaf.cli.con.int.ConsumerCoordinator] (ForkJoinPool.commonPool-worker-3) [Consumer clientId=consumer-Consumer-topic-c8aa8153_0bdb_47f6_a650_be218005cbd0-36, groupId=Consumer-topic-c8aa8153_0bdb_47f6_a650_be218005cbd0] Request joining group due to: consumer pro-actively leaving the group
2025-09-03 13:25:03,571 INFO  [org.apa.kaf.com.met.Metrics] (ForkJoinPool.commonPool-worker-3) Metrics scheduler closed
2025-09-03 13:25:03,571 INFO  [org.apa.kaf.com.met.Metrics] (ForkJoinPool.commonPool-worker-3) Closing reporter org.apache.kafka.common.metrics.JmxReporter
2025-09-03 13:25:03,571 INFO  [org.apa.kaf.com.met.Metrics] (ForkJoinPool.commonPool-worker-3) Closing reporter org.apache.kafka.common.telemetry.internals.ClientTelemetryReporter
2025-09-03 13:25:03,571 INFO  [org.apa.kaf.com.met.Metrics] (ForkJoinPool.commonPool-worker-3) Metrics reporters closed
2025-09-03 13:25:03,572 INFO  [org.apa.kaf.com.uti.AppInfoParser] (ForkJoinPool.commonPool-worker-3) App info kafka.consumer for consumer-Consumer-topic-c8aa8153_0bdb_47f6_a650_be218005cbd0-36 unregistered
2025-09-03 13:25:03,572 INFO  [org.apa.kaf.cli.pro.KafkaProducer] (main) [Producer clientId=Producer-topic-c8aa8153_0bdb_47f6_a650_be218005cbd0] Closing the Kafka producer with timeoutMillis = 9223372036854775807 ms.
2025-09-03 13:25:03,572 INFO  [org.apa.kaf.com.met.Metrics] (main) Metrics scheduler closed
2025-09-03 13:25:03,573 INFO  [org.apa.kaf.com.met.Metrics] (main) Closing reporter org.apache.kafka.common.metrics.JmxReporter
2025-09-03 13:25:03,573 INFO  [org.apa.kaf.com.met.Metrics] (main) Closing reporter org.apache.kafka.common.telemetry.internals.ClientTelemetryReporter
2025-09-03 13:25:03,573 INFO  [org.apa.kaf.com.met.Metrics] (main) Metrics reporters closed
2025-09-03 13:25:03,573 INFO  [org.apa.kaf.com.uti.AppInfoParser] (main) App info kafka.producer for Producer-topic-c8aa8153_0bdb_47f6_a650_be218005cbd0 unregistered
2025-09-03 13:25:03,600 INFO  [io.api.tes.ser.con.BasicConfluentSerDesIT] (main) Deleting confluent schema topic-c8aa8153_0bdb_47f6_a650_be218005cbd0-s0dc8076bx69c1x4705xb47cx7d6593199f9e
2025-09-03 13:25:03,614 INFO  [io.api.tes.uti.TestSeparator] (main) io.apicurio.tests.serdes.confluent.BasicConfluentSerDesIT.testEvolveAvroConfluent-FINISHED
2025-09-03 13:25:03,614 INFO  [io.api.tes.uti.TestSeparator] (main) ############################################################################
Test passed: testEvolveAvroConfluent
]]></system-out>
  </testcase>
  <testcase name="testAvroConfluentSerDes" classname="io.apicurio.tests.serdes.confluent.BasicConfluentSerDesIT" time="3.649">
    <system-out><![CDATA[2025-09-03 13:25:03,615 INFO  [io.api.tes.uti.TestSeparator] (main) ############################################################################
2025-09-03 13:25:03,615 INFO  [io.api.tes.uti.TestSeparator] (main) io.apicurio.tests.serdes.confluent.BasicConfluentSerDesIT.testAvroConfluentSerDes-STARTED
2025-09-03 13:25:03,647 INFO  [io.api.tes.ser.con.BasicConfluentSerDesIT] (main) Checking that created schema is equal to the get schema
2025-09-03 13:25:03,660 INFO  [io.api.tes.ser.con.BasicConfluentSerDesIT] (main) Created schema with id:50 and name:myrecordconfluent1
**** Registry Base URL: http://registry-app-pg17.apps.ci419.apicurio-testing.org:80
2025-09-03 13:25:03,661 INFO  [org.apa.kaf.cli.pro.ProducerConfig] (main) ProducerConfig values: 
	acks = -1
	auto.include.jmx.reporter = true
	batch.size = 16384
	bootstrap.servers = [PLAINTEXT://localhost:32769]
	buffer.memory = 33554432
	client.dns.lookup = use_all_dns_ips
	client.id = Producer-topic-588fd47b_b1e6_46f5_a7fa_73914585f134
	compression.gzip.level = -1
	compression.lz4.level = 9
	compression.type = none
	compression.zstd.level = 3
	connections.max.idle.ms = 10000
	delivery.timeout.ms = 120000
	enable.idempotence = true
	enable.metrics.push = true
	interceptor.classes = []
	key.serializer = class org.apache.kafka.common.serialization.StringSerializer
	linger.ms = 0
	max.block.ms = 60000
	max.in.flight.requests.per.connection = 5
	max.request.size = 1048576
	metadata.max.age.ms = 300000
	metadata.max.idle.ms = 300000
	metadata.recovery.strategy = none
	metric.reporters = []
	metrics.num.samples = 2
	metrics.recording.level = INFO
	metrics.sample.window.ms = 30000
	partitioner.adaptive.partitioning.enable = true
	partitioner.availability.timeout.ms = 0
	partitioner.class = null
	partitioner.ignore.keys = false
	receive.buffer.bytes = 32768
	reconnect.backoff.max.ms = 1000
	reconnect.backoff.ms = 50
	request.timeout.ms = 5000
	retries = 2147483647
	retry.backoff.max.ms = 1000
	retry.backoff.ms = 100
	sasl.client.callback.handler.class = null
	sasl.jaas.config = null
	sasl.kerberos.kinit.cmd = /usr/bin/kinit
	sasl.kerberos.min.time.before.relogin = 60000
	sasl.kerberos.service.name = null
	sasl.kerberos.ticket.renew.jitter = 0.05
	sasl.kerberos.ticket.renew.window.factor = 0.8
	sasl.login.callback.handler.class = null
	sasl.login.class = null
	sasl.login.connect.timeout.ms = null
	sasl.login.read.timeout.ms = null
	sasl.login.refresh.buffer.seconds = 300
	sasl.login.refresh.min.period.seconds = 60
	sasl.login.refresh.window.factor = 0.8
	sasl.login.refresh.window.jitter = 0.05
	sasl.login.retry.backoff.max.ms = 10000
	sasl.login.retry.backoff.ms = 100
	sasl.mechanism = GSSAPI
	sasl.oauthbearer.clock.skew.seconds = 30
	sasl.oauthbearer.expected.audience = null
	sasl.oauthbearer.expected.issuer = null
	sasl.oauthbearer.header.urlencode = false
	sasl.oauthbearer.jwks.endpoint.refresh.ms = 3600000
	sasl.oauthbearer.jwks.endpoint.retry.backoff.max.ms = 10000
	sasl.oauthbearer.jwks.endpoint.retry.backoff.ms = 100
	sasl.oauthbearer.jwks.endpoint.url = null
	sasl.oauthbearer.scope.claim.name = scope
	sasl.oauthbearer.sub.claim.name = sub
	sasl.oauthbearer.token.endpoint.url = null
	security.protocol = PLAINTEXT
	security.providers = null
	send.buffer.bytes = 131072
	socket.connection.setup.timeout.max.ms = 30000
	socket.connection.setup.timeout.ms = 10000
	ssl.cipher.suites = null
	ssl.enabled.protocols = [TLSv1.2, TLSv1.3]
	ssl.endpoint.identification.algorithm = https
	ssl.engine.factory.class = null
	ssl.key.password = null
	ssl.keymanager.algorithm = SunX509
	ssl.keystore.certificate.chain = null
	ssl.keystore.key = null
	ssl.keystore.location = null
	ssl.keystore.password = null
	ssl.keystore.type = JKS
	ssl.protocol = TLSv1.3
	ssl.provider = null
	ssl.secure.random.implementation = null
	ssl.trustmanager.algorithm = PKIX
	ssl.truststore.certificates = null
	ssl.truststore.location = null
	ssl.truststore.password = null
	ssl.truststore.type = JKS
	transaction.timeout.ms = 60000
	transactional.id = null
	value.serializer = class io.confluent.kafka.serializers.KafkaAvroSerializer

2025-09-03 13:25:03,661 INFO  [org.apa.kaf.com.tel.int.KafkaMetricsCollector] (main) initializing Kafka metrics collector
2025-09-03 13:25:03,661 INFO  [io.con.kaf.ser.KafkaAvroSerializerConfig] (main) KafkaAvroSerializerConfig values: 
	auto.register.schemas = false
	avro.reflection.allow.null = false
	avro.remove.java.properties = false
	avro.use.logical.type.converters = false
	basic.auth.credentials.source = URL
	basic.auth.user.info = [hidden]
	bearer.auth.cache.expiry.buffer.seconds = 300
	bearer.auth.client.id = null
	bearer.auth.client.secret = null
	bearer.auth.credentials.source = STATIC_TOKEN
	bearer.auth.custom.provider.class = null
	bearer.auth.identity.pool.id = null
	bearer.auth.issuer.endpoint.url = null
	bearer.auth.logical.cluster = null
	bearer.auth.scope = null
	bearer.auth.scope.claim.name = scope
	bearer.auth.sub.claim.name = sub
	bearer.auth.token = [hidden]
	context.name.strategy = class io.confluent.kafka.serializers.context.NullContextNameStrategy
	http.connect.timeout.ms = 60000
	http.read.timeout.ms = 60000
	id.compatibility.strict = true
	key.schema.id.deserializer = class io.confluent.kafka.serializers.schema.id.DualSchemaIdDeserializer
	key.schema.id.serializer = class io.confluent.kafka.serializers.schema.id.PrefixSchemaIdSerializer
	key.subject.name.strategy = class io.confluent.kafka.serializers.subject.TopicNameStrategy
	latest.cache.size = 1000
	latest.cache.ttl.sec = -1
	latest.compatibility.strict = true
	max.retries = 3
	max.schemas.per.subject = 1000
	normalize.schemas = false
	propagate.schema.tags = false
	proxy.host = 
	proxy.port = -1
	retries.max.wait.ms = 20000
	retries.wait.ms = 1000
	rule.actions = []
	rule.executors = []
	rule.service.loader.enable = true
	schema.format = null
	schema.reflection = false
	schema.registry.basic.auth.user.info = [hidden]
	schema.registry.ssl.cipher.suites = null
	schema.registry.ssl.enabled.protocols = [TLSv1.2, TLSv1.3]
	schema.registry.ssl.endpoint.identification.algorithm = https
	schema.registry.ssl.engine.factory.class = null
	schema.registry.ssl.key.password = null
	schema.registry.ssl.keymanager.algorithm = SunX509
	schema.registry.ssl.keystore.certificate.chain = null
	schema.registry.ssl.keystore.key = null
	schema.registry.ssl.keystore.location = null
	schema.registry.ssl.keystore.password = null
	schema.registry.ssl.keystore.type = JKS
	schema.registry.ssl.protocol = TLSv1.3
	schema.registry.ssl.provider = null
	schema.registry.ssl.secure.random.implementation = null
	schema.registry.ssl.trustmanager.algorithm = PKIX
	schema.registry.ssl.truststore.certificates = null
	schema.registry.ssl.truststore.location = null
	schema.registry.ssl.truststore.password = null
	schema.registry.ssl.truststore.type = JKS
	schema.registry.url = [http://registry-app-pg17.apps.ci419.apicurio-testing.org:80/apis/ccompat/v7]
	schema.registry.url.randomize = false
	use.latest.version = false
	use.latest.with.metadata = null
	use.schema.id = -1
	value.schema.id.deserializer = class io.confluent.kafka.serializers.schema.id.DualSchemaIdDeserializer
	value.schema.id.serializer = class io.confluent.kafka.serializers.schema.id.PrefixSchemaIdSerializer
	value.subject.name.strategy = class io.confluent.kafka.serializers.subject.TopicNameStrategy

2025-09-03 13:25:03,663 INFO  [org.apa.kaf.cli.pro.KafkaProducer] (main) [Producer clientId=Producer-topic-588fd47b_b1e6_46f5_a7fa_73914585f134] Instantiated an idempotent producer.
2025-09-03 13:25:03,664 INFO  [org.apa.kaf.cli.pro.ProducerConfig] (main) These configurations '[schema.registry.url, auto.register.schemas, value.subject.name.strategy]' were supplied but are not used yet.
2025-09-03 13:25:03,664 INFO  [org.apa.kaf.com.uti.AppInfoParser] (main) Kafka version: 3.9.1
2025-09-03 13:25:03,664 INFO  [org.apa.kaf.com.uti.AppInfoParser] (main) Kafka commitId: f745dfdcee2b9851
2025-09-03 13:25:03,664 INFO  [org.apa.kaf.com.uti.AppInfoParser] (main) Kafka startTimeMs: 1756905903664
2025-09-03 13:25:03,665 INFO  [io.api.tes.ser.api.SimpleSerdesTesterBuilder$SimpleSerdesTester] (main) Using producer configuration: {schema.registry.url=http://registry-app-pg17.apps.ci419.apicurio-testing.org:80/apis/ccompat/v7, value.serializer=io.confluent.kafka.serializers.KafkaAvroSerializer, request.timeout.ms=5000, auto.register.schemas=false, acks=all, bootstrap.servers=PLAINTEXT://localhost:32769, connections.max.idle.ms=10000, key.serializer=org.apache.kafka.common.serialization.StringSerializer, value.subject.name.strategy=io.confluent.kafka.serializers.subject.TopicNameStrategy, client.id=Producer-topic-588fd47b_b1e6_46f5_a7fa_73914585f134}
2025-09-03 13:25:03,665 INFO  [io.api.tes.ser.api.SimpleSerdesTesterBuilder$SimpleSerdesTester] (main) Using consumer configuration: {}
2025-09-03 13:25:03,665 INFO  [io.api.tes.ser.api.KafkaSerdesTester] (ForkJoinPool.commonPool-worker-3) Sending message {"key1": "value-0"} to topic topic-588fd47b_b1e6_46f5_a7fa_73914585f134
2025-09-03 13:25:03,667 INFO  [org.apa.kaf.cli.Metadata] (kafka-producer-network-thread | Producer-topic-588fd47b_b1e6_46f5_a7fa_73914585f134) [Producer clientId=Producer-topic-588fd47b_b1e6_46f5_a7fa_73914585f134] Cluster ID: Vad1sk8gS_OCqo1-tuet0Q
2025-09-03 13:25:03,667 INFO  [org.apa.kaf.cli.pro.int.TransactionManager] (kafka-producer-network-thread | Producer-topic-588fd47b_b1e6_46f5_a7fa_73914585f134) [Producer clientId=Producer-topic-588fd47b_b1e6_46f5_a7fa_73914585f134] ProducerId set to 50 with epoch 0
2025-09-03 13:25:03,682 INFO  [io.api.tes.ser.api.KafkaSerdesTester] (ForkJoinPool.commonPool-worker-3) Sending message {"key1": "value-1"} to topic topic-588fd47b_b1e6_46f5_a7fa_73914585f134
2025-09-03 13:25:03,683 INFO  [io.api.tes.ser.api.KafkaSerdesTester] (ForkJoinPool.commonPool-worker-3) Sending message {"key1": "value-2"} to topic topic-588fd47b_b1e6_46f5_a7fa_73914585f134
2025-09-03 13:25:03,684 INFO  [io.api.tes.ser.api.KafkaSerdesTester] (ForkJoinPool.commonPool-worker-3) Sending message {"key1": "value-3"} to topic topic-588fd47b_b1e6_46f5_a7fa_73914585f134
2025-09-03 13:25:03,685 INFO  [io.api.tes.ser.api.KafkaSerdesTester] (ForkJoinPool.commonPool-worker-3) Sending message {"key1": "value-4"} to topic topic-588fd47b_b1e6_46f5_a7fa_73914585f134
2025-09-03 13:25:03,686 INFO  [io.api.tes.ser.api.KafkaSerdesTester] (ForkJoinPool.commonPool-worker-3) Sending message {"key1": "value-5"} to topic topic-588fd47b_b1e6_46f5_a7fa_73914585f134
2025-09-03 13:25:03,686 INFO  [io.api.tes.ser.api.KafkaSerdesTester] (ForkJoinPool.commonPool-worker-3) Sending message {"key1": "value-6"} to topic topic-588fd47b_b1e6_46f5_a7fa_73914585f134
2025-09-03 13:25:03,687 INFO  [io.api.tes.ser.api.KafkaSerdesTester] (ForkJoinPool.commonPool-worker-3) Sending message {"key1": "value-7"} to topic topic-588fd47b_b1e6_46f5_a7fa_73914585f134
2025-09-03 13:25:03,688 INFO  [io.api.tes.ser.api.KafkaSerdesTester] (ForkJoinPool.commonPool-worker-3) Sending message {"key1": "value-8"} to topic topic-588fd47b_b1e6_46f5_a7fa_73914585f134
2025-09-03 13:25:03,689 INFO  [io.api.tes.ser.api.KafkaSerdesTester] (ForkJoinPool.commonPool-worker-3) Sending message {"key1": "value-9"} to topic topic-588fd47b_b1e6_46f5_a7fa_73914585f134
2025-09-03 13:25:03,689 INFO  [io.api.tes.ser.api.KafkaSerdesTester] (ForkJoinPool.commonPool-worker-3) Produced 10 messages
2025-09-03 13:25:03,690 INFO  [org.apa.kaf.cli.pro.KafkaProducer] (ForkJoinPool.commonPool-worker-3) [Producer clientId=Producer-topic-588fd47b_b1e6_46f5_a7fa_73914585f134] Closing the Kafka producer with timeoutMillis = 9223372036854775807 ms.
2025-09-03 13:25:03,691 INFO  [org.apa.kaf.com.met.Metrics] (ForkJoinPool.commonPool-worker-3) Metrics scheduler closed
2025-09-03 13:25:03,691 INFO  [org.apa.kaf.com.met.Metrics] (ForkJoinPool.commonPool-worker-3) Closing reporter org.apache.kafka.common.metrics.JmxReporter
2025-09-03 13:25:03,691 INFO  [org.apa.kaf.com.met.Metrics] (ForkJoinPool.commonPool-worker-3) Closing reporter org.apache.kafka.common.telemetry.internals.ClientTelemetryReporter
2025-09-03 13:25:03,691 INFO  [org.apa.kaf.com.met.Metrics] (ForkJoinPool.commonPool-worker-3) Metrics reporters closed
2025-09-03 13:25:03,691 INFO  [org.apa.kaf.com.uti.AppInfoParser] (ForkJoinPool.commonPool-worker-3) App info kafka.producer for Producer-topic-588fd47b_b1e6_46f5_a7fa_73914585f134 unregistered
**** Registry Base URL: http://registry-app-pg17.apps.ci419.apicurio-testing.org:80
2025-09-03 13:25:03,691 INFO  [org.apa.kaf.cli.con.ConsumerConfig] (main) ConsumerConfig values: 
	allow.auto.create.topics = true
	auto.commit.interval.ms = 500
	auto.include.jmx.reporter = true
	auto.offset.reset = earliest
	bootstrap.servers = [PLAINTEXT://localhost:32769]
	check.crcs = true
	client.dns.lookup = use_all_dns_ips
	client.id = consumer-Consumer-topic-588fd47b_b1e6_46f5_a7fa_73914585f134-37
	client.rack = 
	connections.max.idle.ms = 10000
	default.api.timeout.ms = 60000
	enable.auto.commit = true
	enable.metrics.push = true
	exclude.internal.topics = true
	fetch.max.bytes = 52428800
	fetch.max.wait.ms = 500
	fetch.min.bytes = 1
	group.id = Consumer-topic-588fd47b_b1e6_46f5_a7fa_73914585f134
	group.instance.id = null
	group.protocol = classic
	group.remote.assignor = null
	heartbeat.interval.ms = 3000
	interceptor.classes = []
	internal.leave.group.on.close = true
	internal.throw.on.fetch.stable.offset.unsupported = false
	isolation.level = read_uncommitted
	key.deserializer = class org.apache.kafka.common.serialization.StringDeserializer
	max.partition.fetch.bytes = 1048576
	max.poll.interval.ms = 300000
	max.poll.records = 500
	metadata.max.age.ms = 300000
	metadata.recovery.strategy = none
	metric.reporters = []
	metrics.num.samples = 2
	metrics.recording.level = INFO
	metrics.sample.window.ms = 30000
	partition.assignment.strategy = [class org.apache.kafka.clients.consumer.RangeAssignor, class org.apache.kafka.clients.consumer.CooperativeStickyAssignor]
	receive.buffer.bytes = 65536
	reconnect.backoff.max.ms = 1000
	reconnect.backoff.ms = 50
	request.timeout.ms = 5000
	retry.backoff.max.ms = 1000
	retry.backoff.ms = 100
	sasl.client.callback.handler.class = null
	sasl.jaas.config = null
	sasl.kerberos.kinit.cmd = /usr/bin/kinit
	sasl.kerberos.min.time.before.relogin = 60000
	sasl.kerberos.service.name = null
	sasl.kerberos.ticket.renew.jitter = 0.05
	sasl.kerberos.ticket.renew.window.factor = 0.8
	sasl.login.callback.handler.class = null
	sasl.login.class = null
	sasl.login.connect.timeout.ms = null
	sasl.login.read.timeout.ms = null
	sasl.login.refresh.buffer.seconds = 300
	sasl.login.refresh.min.period.seconds = 60
	sasl.login.refresh.window.factor = 0.8
	sasl.login.refresh.window.jitter = 0.05
	sasl.login.retry.backoff.max.ms = 10000
	sasl.login.retry.backoff.ms = 100
	sasl.mechanism = GSSAPI
	sasl.oauthbearer.clock.skew.seconds = 30
	sasl.oauthbearer.expected.audience = null
	sasl.oauthbearer.expected.issuer = null
	sasl.oauthbearer.header.urlencode = false
	sasl.oauthbearer.jwks.endpoint.refresh.ms = 3600000
	sasl.oauthbearer.jwks.endpoint.retry.backoff.max.ms = 10000
	sasl.oauthbearer.jwks.endpoint.retry.backoff.ms = 100
	sasl.oauthbearer.jwks.endpoint.url = null
	sasl.oauthbearer.scope.claim.name = scope
	sasl.oauthbearer.sub.claim.name = sub
	sasl.oauthbearer.token.endpoint.url = null
	security.protocol = PLAINTEXT
	security.providers = null
	send.buffer.bytes = 131072
	session.timeout.ms = 45000
	socket.connection.setup.timeout.max.ms = 30000
	socket.connection.setup.timeout.ms = 10000
	ssl.cipher.suites = null
	ssl.enabled.protocols = [TLSv1.2, TLSv1.3]
	ssl.endpoint.identification.algorithm = https
	ssl.engine.factory.class = null
	ssl.key.password = null
	ssl.keymanager.algorithm = SunX509
	ssl.keystore.certificate.chain = null
	ssl.keystore.key = null
	ssl.keystore.location = null
	ssl.keystore.password = null
	ssl.keystore.type = JKS
	ssl.protocol = TLSv1.3
	ssl.provider = null
	ssl.secure.random.implementation = null
	ssl.trustmanager.algorithm = PKIX
	ssl.truststore.certificates = null
	ssl.truststore.location = null
	ssl.truststore.password = null
	ssl.truststore.type = JKS
	value.deserializer = class io.confluent.kafka.serializers.KafkaAvroDeserializer

2025-09-03 13:25:03,692 INFO  [org.apa.kaf.com.tel.int.KafkaMetricsCollector] (main) initializing Kafka metrics collector
2025-09-03 13:25:03,692 INFO  [io.con.kaf.ser.KafkaAvroDeserializerConfig] (main) KafkaAvroDeserializerConfig values: 
	auto.register.schemas = true
	avro.reflection.allow.null = false
	avro.use.logical.type.converters = false
	basic.auth.credentials.source = URL
	basic.auth.user.info = [hidden]
	bearer.auth.cache.expiry.buffer.seconds = 300
	bearer.auth.client.id = null
	bearer.auth.client.secret = null
	bearer.auth.credentials.source = STATIC_TOKEN
	bearer.auth.custom.provider.class = null
	bearer.auth.identity.pool.id = null
	bearer.auth.issuer.endpoint.url = null
	bearer.auth.logical.cluster = null
	bearer.auth.scope = null
	bearer.auth.scope.claim.name = scope
	bearer.auth.sub.claim.name = sub
	bearer.auth.token = [hidden]
	context.name.strategy = class io.confluent.kafka.serializers.context.NullContextNameStrategy
	http.connect.timeout.ms = 60000
	http.read.timeout.ms = 60000
	id.compatibility.strict = true
	key.schema.id.deserializer = class io.confluent.kafka.serializers.schema.id.DualSchemaIdDeserializer
	key.schema.id.serializer = class io.confluent.kafka.serializers.schema.id.PrefixSchemaIdSerializer
	key.subject.name.strategy = class io.confluent.kafka.serializers.subject.TopicNameStrategy
	latest.cache.size = 1000
	latest.cache.ttl.sec = -1
	latest.compatibility.strict = true
	max.retries = 3
	max.schemas.per.subject = 1000
	normalize.schemas = false
	propagate.schema.tags = false
	proxy.host = 
	proxy.port = -1
	retries.max.wait.ms = 20000
	retries.wait.ms = 1000
	rule.actions = []
	rule.executors = []
	rule.service.loader.enable = true
	schema.format = null
	schema.reflection = false
	schema.registry.basic.auth.user.info = [hidden]
	schema.registry.ssl.cipher.suites = null
	schema.registry.ssl.enabled.protocols = [TLSv1.2, TLSv1.3]
	schema.registry.ssl.endpoint.identification.algorithm = https
	schema.registry.ssl.engine.factory.class = null
	schema.registry.ssl.key.password = null
	schema.registry.ssl.keymanager.algorithm = SunX509
	schema.registry.ssl.keystore.certificate.chain = null
	schema.registry.ssl.keystore.key = null
	schema.registry.ssl.keystore.location = null
	schema.registry.ssl.keystore.password = null
	schema.registry.ssl.keystore.type = JKS
	schema.registry.ssl.protocol = TLSv1.3
	schema.registry.ssl.provider = null
	schema.registry.ssl.secure.random.implementation = null
	schema.registry.ssl.trustmanager.algorithm = PKIX
	schema.registry.ssl.truststore.certificates = null
	schema.registry.ssl.truststore.location = null
	schema.registry.ssl.truststore.password = null
	schema.registry.ssl.truststore.type = JKS
	schema.registry.url = [http://registry-app-pg17.apps.ci419.apicurio-testing.org:80/apis/ccompat/v7]
	schema.registry.url.randomize = false
	specific.avro.key.type = null
	specific.avro.reader = false
	specific.avro.value.type = null
	use.latest.version = false
	use.latest.with.metadata = null
	use.schema.id = -1
	value.schema.id.deserializer = class io.confluent.kafka.serializers.schema.id.DualSchemaIdDeserializer
	value.schema.id.serializer = class io.confluent.kafka.serializers.schema.id.PrefixSchemaIdSerializer
	value.subject.name.strategy = class io.confluent.kafka.serializers.subject.TopicNameStrategy

2025-09-03 13:25:03,695 INFO  [org.apa.kaf.cli.con.ConsumerConfig] (main) These configurations '[schema.registry.url]' were supplied but are not used yet.
2025-09-03 13:25:03,695 INFO  [org.apa.kaf.com.uti.AppInfoParser] (main) Kafka version: 3.9.1
2025-09-03 13:25:03,695 INFO  [org.apa.kaf.com.uti.AppInfoParser] (main) Kafka commitId: f745dfdcee2b9851
2025-09-03 13:25:03,695 INFO  [org.apa.kaf.com.uti.AppInfoParser] (main) Kafka startTimeMs: 1756905903695
2025-09-03 13:25:03,695 INFO  [org.apa.kaf.cli.con.int.ClassicKafkaConsumer] (ForkJoinPool.commonPool-worker-3) [Consumer clientId=consumer-Consumer-topic-588fd47b_b1e6_46f5_a7fa_73914585f134-37, groupId=Consumer-topic-588fd47b_b1e6_46f5_a7fa_73914585f134] Subscribed to topic(s): topic-588fd47b_b1e6_46f5_a7fa_73914585f134
2025-09-03 13:25:03,697 INFO  [org.apa.kaf.cli.Metadata] (ForkJoinPool.commonPool-worker-3) [Consumer clientId=consumer-Consumer-topic-588fd47b_b1e6_46f5_a7fa_73914585f134-37, groupId=Consumer-topic-588fd47b_b1e6_46f5_a7fa_73914585f134] Cluster ID: Vad1sk8gS_OCqo1-tuet0Q
2025-09-03 13:25:03,697 INFO  [org.apa.kaf.cli.con.int.ConsumerCoordinator] (ForkJoinPool.commonPool-worker-3) [Consumer clientId=consumer-Consumer-topic-588fd47b_b1e6_46f5_a7fa_73914585f134-37, groupId=Consumer-topic-588fd47b_b1e6_46f5_a7fa_73914585f134] Discovered group coordinator localhost:32769 (id: 2147483647 rack: null)
2025-09-03 13:25:03,698 INFO  [org.apa.kaf.cli.con.int.ConsumerCoordinator] (ForkJoinPool.commonPool-worker-3) [Consumer clientId=consumer-Consumer-topic-588fd47b_b1e6_46f5_a7fa_73914585f134-37, groupId=Consumer-topic-588fd47b_b1e6_46f5_a7fa_73914585f134] (Re-)joining group
2025-09-03 13:25:03,699 INFO  [org.apa.kaf.cli.con.int.ConsumerCoordinator] (ForkJoinPool.commonPool-worker-3) [Consumer clientId=consumer-Consumer-topic-588fd47b_b1e6_46f5_a7fa_73914585f134-37, groupId=Consumer-topic-588fd47b_b1e6_46f5_a7fa_73914585f134] Request joining group due to: need to re-join with the given member-id: consumer-Consumer-topic-588fd47b_b1e6_46f5_a7fa_73914585f134-37-164e40c4-8433-4f2d-84ad-c6769f13ac84
2025-09-03 13:25:03,699 INFO  [org.apa.kaf.cli.con.int.ConsumerCoordinator] (ForkJoinPool.commonPool-worker-3) [Consumer clientId=consumer-Consumer-topic-588fd47b_b1e6_46f5_a7fa_73914585f134-37, groupId=Consumer-topic-588fd47b_b1e6_46f5_a7fa_73914585f134] (Re-)joining group
2025-09-03 13:25:04,696 INFO  [io.api.tes.ser.api.KafkaSerdesTester] (ForkJoinPool.commonPool-worker-3) None found
2025-09-03 13:25:05,696 INFO  [io.api.tes.ser.api.KafkaSerdesTester] (ForkJoinPool.commonPool-worker-3) None found
2025-09-03 13:25:06,697 INFO  [io.api.tes.ser.api.KafkaSerdesTester] (ForkJoinPool.commonPool-worker-3) None found
2025-09-03 13:25:06,700 INFO  [org.apa.kaf.cli.con.int.ConsumerCoordinator] (ForkJoinPool.commonPool-worker-3) [Consumer clientId=consumer-Consumer-topic-588fd47b_b1e6_46f5_a7fa_73914585f134-37, groupId=Consumer-topic-588fd47b_b1e6_46f5_a7fa_73914585f134] Successfully joined group with generation Generation{generationId=1, memberId='consumer-Consumer-topic-588fd47b_b1e6_46f5_a7fa_73914585f134-37-164e40c4-8433-4f2d-84ad-c6769f13ac84', protocol='range'}
2025-09-03 13:25:06,701 INFO  [org.apa.kaf.cli.con.int.ConsumerCoordinator] (ForkJoinPool.commonPool-worker-3) [Consumer clientId=consumer-Consumer-topic-588fd47b_b1e6_46f5_a7fa_73914585f134-37, groupId=Consumer-topic-588fd47b_b1e6_46f5_a7fa_73914585f134] Finished assignment for group at generation 1: {consumer-Consumer-topic-588fd47b_b1e6_46f5_a7fa_73914585f134-37-164e40c4-8433-4f2d-84ad-c6769f13ac84=Assignment(partitions=[topic-588fd47b_b1e6_46f5_a7fa_73914585f134-0])}
2025-09-03 13:25:06,707 INFO  [org.apa.kaf.cli.con.int.ConsumerCoordinator] (ForkJoinPool.commonPool-worker-3) [Consumer clientId=consumer-Consumer-topic-588fd47b_b1e6_46f5_a7fa_73914585f134-37, groupId=Consumer-topic-588fd47b_b1e6_46f5_a7fa_73914585f134] Successfully synced group in generation Generation{generationId=1, memberId='consumer-Consumer-topic-588fd47b_b1e6_46f5_a7fa_73914585f134-37-164e40c4-8433-4f2d-84ad-c6769f13ac84', protocol='range'}
2025-09-03 13:25:06,707 INFO  [org.apa.kaf.cli.con.int.ConsumerCoordinator] (ForkJoinPool.commonPool-worker-3) [Consumer clientId=consumer-Consumer-topic-588fd47b_b1e6_46f5_a7fa_73914585f134-37, groupId=Consumer-topic-588fd47b_b1e6_46f5_a7fa_73914585f134] Notifying assignor about the new Assignment(partitions=[topic-588fd47b_b1e6_46f5_a7fa_73914585f134-0])
2025-09-03 13:25:06,707 INFO  [org.apa.kaf.cli.con.int.ConsumerRebalanceListenerInvoker] (ForkJoinPool.commonPool-worker-3) [Consumer clientId=consumer-Consumer-topic-588fd47b_b1e6_46f5_a7fa_73914585f134-37, groupId=Consumer-topic-588fd47b_b1e6_46f5_a7fa_73914585f134] Adding newly assigned partitions: topic-588fd47b_b1e6_46f5_a7fa_73914585f134-0
2025-09-03 13:25:06,708 INFO  [org.apa.kaf.cli.con.int.ConsumerCoordinator] (ForkJoinPool.commonPool-worker-3) [Consumer clientId=consumer-Consumer-topic-588fd47b_b1e6_46f5_a7fa_73914585f134-37, groupId=Consumer-topic-588fd47b_b1e6_46f5_a7fa_73914585f134] Found no committed offset for partition topic-588fd47b_b1e6_46f5_a7fa_73914585f134-0
2025-09-03 13:25:06,710 INFO  [org.apa.kaf.cli.con.int.SubscriptionState] (ForkJoinPool.commonPool-worker-3) [Consumer clientId=consumer-Consumer-topic-588fd47b_b1e6_46f5_a7fa_73914585f134-37, groupId=Consumer-topic-588fd47b_b1e6_46f5_a7fa_73914585f134] Resetting offset for partition topic-588fd47b_b1e6_46f5_a7fa_73914585f134-0 to position FetchPosition{offset=0, offsetEpoch=Optional.empty, currentLeader=LeaderAndEpoch{leader=Optional[localhost:32769 (id: 0 rack: null)], epoch=0}}.
2025-09-03 13:25:06,723 INFO  [io.api.tes.ser.api.KafkaSerdesTester] (ForkJoinPool.commonPool-worker-3) topic-588fd47b_b1e6_46f5_a7fa_73914585f134 0 0 {"key1": "value-0"}
2025-09-03 13:25:06,724 INFO  [io.api.tes.ser.api.KafkaSerdesTester] (ForkJoinPool.commonPool-worker-3) topic-588fd47b_b1e6_46f5_a7fa_73914585f134 0 1 {"key1": "value-1"}
2025-09-03 13:25:06,724 INFO  [io.api.tes.ser.api.KafkaSerdesTester] (ForkJoinPool.commonPool-worker-3) topic-588fd47b_b1e6_46f5_a7fa_73914585f134 0 2 {"key1": "value-2"}
2025-09-03 13:25:06,724 INFO  [io.api.tes.ser.api.KafkaSerdesTester] (ForkJoinPool.commonPool-worker-3) topic-588fd47b_b1e6_46f5_a7fa_73914585f134 0 3 {"key1": "value-3"}
2025-09-03 13:25:06,724 INFO  [io.api.tes.ser.api.KafkaSerdesTester] (ForkJoinPool.commonPool-worker-3) topic-588fd47b_b1e6_46f5_a7fa_73914585f134 0 4 {"key1": "value-4"}
2025-09-03 13:25:06,724 INFO  [io.api.tes.ser.api.KafkaSerdesTester] (ForkJoinPool.commonPool-worker-3) topic-588fd47b_b1e6_46f5_a7fa_73914585f134 0 5 {"key1": "value-5"}
2025-09-03 13:25:06,724 INFO  [io.api.tes.ser.api.KafkaSerdesTester] (ForkJoinPool.commonPool-worker-3) topic-588fd47b_b1e6_46f5_a7fa_73914585f134 0 6 {"key1": "value-6"}
2025-09-03 13:25:06,724 INFO  [io.api.tes.ser.api.KafkaSerdesTester] (ForkJoinPool.commonPool-worker-3) topic-588fd47b_b1e6_46f5_a7fa_73914585f134 0 7 {"key1": "value-7"}
2025-09-03 13:25:06,724 INFO  [io.api.tes.ser.api.KafkaSerdesTester] (ForkJoinPool.commonPool-worker-3) topic-588fd47b_b1e6_46f5_a7fa_73914585f134 0 8 {"key1": "value-8"}
2025-09-03 13:25:06,724 INFO  [io.api.tes.ser.api.KafkaSerdesTester] (ForkJoinPool.commonPool-worker-3) topic-588fd47b_b1e6_46f5_a7fa_73914585f134 0 9 {"key1": "value-9"}
2025-09-03 13:25:06,724 INFO  [io.api.tes.ser.api.KafkaSerdesTester] (ForkJoinPool.commonPool-worker-3) Consumed 10 messages
2025-09-03 13:25:06,730 INFO  [org.apa.kaf.cli.con.int.ConsumerRebalanceListenerInvoker] (ForkJoinPool.commonPool-worker-3) [Consumer clientId=consumer-Consumer-topic-588fd47b_b1e6_46f5_a7fa_73914585f134-37, groupId=Consumer-topic-588fd47b_b1e6_46f5_a7fa_73914585f134] Revoke previously assigned partitions topic-588fd47b_b1e6_46f5_a7fa_73914585f134-0
2025-09-03 13:25:06,730 INFO  [org.apa.kaf.cli.con.int.ConsumerCoordinator] (ForkJoinPool.commonPool-worker-3) [Consumer clientId=consumer-Consumer-topic-588fd47b_b1e6_46f5_a7fa_73914585f134-37, groupId=Consumer-topic-588fd47b_b1e6_46f5_a7fa_73914585f134] Member consumer-Consumer-topic-588fd47b_b1e6_46f5_a7fa_73914585f134-37-164e40c4-8433-4f2d-84ad-c6769f13ac84 sending LeaveGroup request to coordinator localhost:32769 (id: 2147483647 rack: null) due to the consumer is being closed
2025-09-03 13:25:06,731 INFO  [org.apa.kaf.cli.con.int.ConsumerCoordinator] (ForkJoinPool.commonPool-worker-3) [Consumer clientId=consumer-Consumer-topic-588fd47b_b1e6_46f5_a7fa_73914585f134-37, groupId=Consumer-topic-588fd47b_b1e6_46f5_a7fa_73914585f134] Resetting generation and member id due to: consumer pro-actively leaving the group
2025-09-03 13:25:06,731 INFO  [org.apa.kaf.cli.con.int.ConsumerCoordinator] (ForkJoinPool.commonPool-worker-3) [Consumer clientId=consumer-Consumer-topic-588fd47b_b1e6_46f5_a7fa_73914585f134-37, groupId=Consumer-topic-588fd47b_b1e6_46f5_a7fa_73914585f134] Request joining group due to: consumer pro-actively leaving the group
2025-09-03 13:25:07,226 INFO  [org.apa.kaf.com.met.Metrics] (ForkJoinPool.commonPool-worker-3) Metrics scheduler closed
2025-09-03 13:25:07,226 INFO  [org.apa.kaf.com.met.Metrics] (ForkJoinPool.commonPool-worker-3) Closing reporter org.apache.kafka.common.metrics.JmxReporter
2025-09-03 13:25:07,226 INFO  [org.apa.kaf.com.met.Metrics] (ForkJoinPool.commonPool-worker-3) Closing reporter org.apache.kafka.common.telemetry.internals.ClientTelemetryReporter
2025-09-03 13:25:07,226 INFO  [org.apa.kaf.com.met.Metrics] (ForkJoinPool.commonPool-worker-3) Metrics reporters closed
2025-09-03 13:25:07,227 INFO  [org.apa.kaf.com.uti.AppInfoParser] (ForkJoinPool.commonPool-worker-3) App info kafka.consumer for consumer-Consumer-topic-588fd47b_b1e6_46f5_a7fa_73914585f134-37 unregistered
2025-09-03 13:25:07,250 INFO  [io.api.tes.ser.con.BasicConfluentSerDesIT] (main) Deleting confluent schema topic-588fd47b_b1e6_46f5_a7fa_73914585f134-value
2025-09-03 13:25:07,264 INFO  [io.api.tes.uti.TestSeparator] (main) io.apicurio.tests.serdes.confluent.BasicConfluentSerDesIT.testAvroConfluentSerDes-FINISHED
2025-09-03 13:25:07,264 INFO  [io.api.tes.uti.TestSeparator] (main) ############################################################################
Test passed: testAvroConfluentSerDes
]]></system-out>
  </testcase>
  <testcase name="testAvroConfluentForMultipleTopics" classname="io.apicurio.tests.serdes.confluent.BasicConfluentSerDesIT" time="10.881">
    <system-out><![CDATA[2025-09-03 13:25:07,265 INFO  [io.api.tes.uti.TestSeparator] (main) ############################################################################
2025-09-03 13:25:07,265 INFO  [io.api.tes.uti.TestSeparator] (main) io.apicurio.tests.serdes.confluent.BasicConfluentSerDesIT.testAvroConfluentForMultipleTopics-STARTED
2025-09-03 13:25:07,296 INFO  [io.api.tes.ser.con.BasicConfluentSerDesIT] (main) Checking that created schema is equal to the get schema
2025-09-03 13:25:07,308 INFO  [io.api.tes.ser.con.BasicConfluentSerDesIT] (main) Created schema with id:51 and name:myrecordconfluent6
**** Registry Base URL: http://registry-app-pg17.apps.ci419.apicurio-testing.org:80
2025-09-03 13:25:07,308 INFO  [org.apa.kaf.cli.pro.ProducerConfig] (main) ProducerConfig values: 
	acks = -1
	auto.include.jmx.reporter = true
	batch.size = 16384
	bootstrap.servers = [PLAINTEXT://localhost:32769]
	buffer.memory = 33554432
	client.dns.lookup = use_all_dns_ips
	client.id = Producer-topic-29db5d07_b5e4_4655_85fc_816d820509ad
	compression.gzip.level = -1
	compression.lz4.level = 9
	compression.type = none
	compression.zstd.level = 3
	connections.max.idle.ms = 10000
	delivery.timeout.ms = 120000
	enable.idempotence = true
	enable.metrics.push = true
	interceptor.classes = []
	key.serializer = class org.apache.kafka.common.serialization.StringSerializer
	linger.ms = 0
	max.block.ms = 60000
	max.in.flight.requests.per.connection = 5
	max.request.size = 1048576
	metadata.max.age.ms = 300000
	metadata.max.idle.ms = 300000
	metadata.recovery.strategy = none
	metric.reporters = []
	metrics.num.samples = 2
	metrics.recording.level = INFO
	metrics.sample.window.ms = 30000
	partitioner.adaptive.partitioning.enable = true
	partitioner.availability.timeout.ms = 0
	partitioner.class = null
	partitioner.ignore.keys = false
	receive.buffer.bytes = 32768
	reconnect.backoff.max.ms = 1000
	reconnect.backoff.ms = 50
	request.timeout.ms = 5000
	retries = 2147483647
	retry.backoff.max.ms = 1000
	retry.backoff.ms = 100
	sasl.client.callback.handler.class = null
	sasl.jaas.config = null
	sasl.kerberos.kinit.cmd = /usr/bin/kinit
	sasl.kerberos.min.time.before.relogin = 60000
	sasl.kerberos.service.name = null
	sasl.kerberos.ticket.renew.jitter = 0.05
	sasl.kerberos.ticket.renew.window.factor = 0.8
	sasl.login.callback.handler.class = null
	sasl.login.class = null
	sasl.login.connect.timeout.ms = null
	sasl.login.read.timeout.ms = null
	sasl.login.refresh.buffer.seconds = 300
	sasl.login.refresh.min.period.seconds = 60
	sasl.login.refresh.window.factor = 0.8
	sasl.login.refresh.window.jitter = 0.05
	sasl.login.retry.backoff.max.ms = 10000
	sasl.login.retry.backoff.ms = 100
	sasl.mechanism = GSSAPI
	sasl.oauthbearer.clock.skew.seconds = 30
	sasl.oauthbearer.expected.audience = null
	sasl.oauthbearer.expected.issuer = null
	sasl.oauthbearer.header.urlencode = false
	sasl.oauthbearer.jwks.endpoint.refresh.ms = 3600000
	sasl.oauthbearer.jwks.endpoint.retry.backoff.max.ms = 10000
	sasl.oauthbearer.jwks.endpoint.retry.backoff.ms = 100
	sasl.oauthbearer.jwks.endpoint.url = null
	sasl.oauthbearer.scope.claim.name = scope
	sasl.oauthbearer.sub.claim.name = sub
	sasl.oauthbearer.token.endpoint.url = null
	security.protocol = PLAINTEXT
	security.providers = null
	send.buffer.bytes = 131072
	socket.connection.setup.timeout.max.ms = 30000
	socket.connection.setup.timeout.ms = 10000
	ssl.cipher.suites = null
	ssl.enabled.protocols = [TLSv1.2, TLSv1.3]
	ssl.endpoint.identification.algorithm = https
	ssl.engine.factory.class = null
	ssl.key.password = null
	ssl.keymanager.algorithm = SunX509
	ssl.keystore.certificate.chain = null
	ssl.keystore.key = null
	ssl.keystore.location = null
	ssl.keystore.password = null
	ssl.keystore.type = JKS
	ssl.protocol = TLSv1.3
	ssl.provider = null
	ssl.secure.random.implementation = null
	ssl.trustmanager.algorithm = PKIX
	ssl.truststore.certificates = null
	ssl.truststore.location = null
	ssl.truststore.password = null
	ssl.truststore.type = JKS
	transaction.timeout.ms = 60000
	transactional.id = null
	value.serializer = class io.apicurio.registry.serde.avro.AvroKafkaSerializer

2025-09-03 13:25:07,308 INFO  [org.apa.kaf.com.tel.int.KafkaMetricsCollector] (main) initializing Kafka metrics collector
2025-09-03 13:25:07,311 INFO  [org.apa.kaf.cli.pro.KafkaProducer] (main) [Producer clientId=Producer-topic-29db5d07_b5e4_4655_85fc_816d820509ad] Instantiated an idempotent producer.
2025-09-03 13:25:07,312 INFO  [org.apa.kaf.cli.pro.ProducerConfig] (main) These configurations '[apicurio.registry.url, apicurio.registry.artifact-resolver-strategy]' were supplied but are not used yet.
2025-09-03 13:25:07,312 INFO  [org.apa.kaf.com.uti.AppInfoParser] (main) Kafka version: 3.9.1
2025-09-03 13:25:07,312 INFO  [org.apa.kaf.com.uti.AppInfoParser] (main) Kafka commitId: f745dfdcee2b9851
2025-09-03 13:25:07,312 INFO  [org.apa.kaf.com.uti.AppInfoParser] (main) Kafka startTimeMs: 1756905907312
**** Registry Base URL: http://registry-app-pg17.apps.ci419.apicurio-testing.org:80
2025-09-03 13:25:07,313 INFO  [org.apa.kaf.cli.pro.ProducerConfig] (main) ProducerConfig values: 
	acks = -1
	auto.include.jmx.reporter = true
	batch.size = 16384
	bootstrap.servers = [PLAINTEXT://localhost:32769]
	buffer.memory = 33554432
	client.dns.lookup = use_all_dns_ips
	client.id = Producer-topic-af3d3df8_6efb_4fa9_ac04_65543aa71f33
	compression.gzip.level = -1
	compression.lz4.level = 9
	compression.type = none
	compression.zstd.level = 3
	connections.max.idle.ms = 10000
	delivery.timeout.ms = 120000
	enable.idempotence = true
	enable.metrics.push = true
	interceptor.classes = []
	key.serializer = class org.apache.kafka.common.serialization.StringSerializer
	linger.ms = 0
	max.block.ms = 60000
	max.in.flight.requests.per.connection = 5
	max.request.size = 1048576
	metadata.max.age.ms = 300000
	metadata.max.idle.ms = 300000
	metadata.recovery.strategy = none
	metric.reporters = []
	metrics.num.samples = 2
	metrics.recording.level = INFO
	metrics.sample.window.ms = 30000
	partitioner.adaptive.partitioning.enable = true
	partitioner.availability.timeout.ms = 0
	partitioner.class = null
	partitioner.ignore.keys = false
	receive.buffer.bytes = 32768
	reconnect.backoff.max.ms = 1000
	reconnect.backoff.ms = 50
	request.timeout.ms = 5000
	retries = 2147483647
	retry.backoff.max.ms = 1000
	retry.backoff.ms = 100
	sasl.client.callback.handler.class = null
	sasl.jaas.config = null
	sasl.kerberos.kinit.cmd = /usr/bin/kinit
	sasl.kerberos.min.time.before.relogin = 60000
	sasl.kerberos.service.name = null
	sasl.kerberos.ticket.renew.jitter = 0.05
	sasl.kerberos.ticket.renew.window.factor = 0.8
	sasl.login.callback.handler.class = null
	sasl.login.class = null
	sasl.login.connect.timeout.ms = null
	sasl.login.read.timeout.ms = null
	sasl.login.refresh.buffer.seconds = 300
	sasl.login.refresh.min.period.seconds = 60
	sasl.login.refresh.window.factor = 0.8
	sasl.login.refresh.window.jitter = 0.05
	sasl.login.retry.backoff.max.ms = 10000
	sasl.login.retry.backoff.ms = 100
	sasl.mechanism = GSSAPI
	sasl.oauthbearer.clock.skew.seconds = 30
	sasl.oauthbearer.expected.audience = null
	sasl.oauthbearer.expected.issuer = null
	sasl.oauthbearer.header.urlencode = false
	sasl.oauthbearer.jwks.endpoint.refresh.ms = 3600000
	sasl.oauthbearer.jwks.endpoint.retry.backoff.max.ms = 10000
	sasl.oauthbearer.jwks.endpoint.retry.backoff.ms = 100
	sasl.oauthbearer.jwks.endpoint.url = null
	sasl.oauthbearer.scope.claim.name = scope
	sasl.oauthbearer.sub.claim.name = sub
	sasl.oauthbearer.token.endpoint.url = null
	security.protocol = PLAINTEXT
	security.providers = null
	send.buffer.bytes = 131072
	socket.connection.setup.timeout.max.ms = 30000
	socket.connection.setup.timeout.ms = 10000
	ssl.cipher.suites = null
	ssl.enabled.protocols = [TLSv1.2, TLSv1.3]
	ssl.endpoint.identification.algorithm = https
	ssl.engine.factory.class = null
	ssl.key.password = null
	ssl.keymanager.algorithm = SunX509
	ssl.keystore.certificate.chain = null
	ssl.keystore.key = null
	ssl.keystore.location = null
	ssl.keystore.password = null
	ssl.keystore.type = JKS
	ssl.protocol = TLSv1.3
	ssl.provider = null
	ssl.secure.random.implementation = null
	ssl.trustmanager.algorithm = PKIX
	ssl.truststore.certificates = null
	ssl.truststore.location = null
	ssl.truststore.password = null
	ssl.truststore.type = JKS
	transaction.timeout.ms = 60000
	transactional.id = null
	value.serializer = class io.apicurio.registry.serde.avro.AvroKafkaSerializer

2025-09-03 13:25:07,313 INFO  [org.apa.kaf.com.tel.int.KafkaMetricsCollector] (main) initializing Kafka metrics collector
2025-09-03 13:25:07,314 INFO  [org.apa.kaf.cli.Metadata] (kafka-producer-network-thread | Producer-topic-29db5d07_b5e4_4655_85fc_816d820509ad) [Producer clientId=Producer-topic-29db5d07_b5e4_4655_85fc_816d820509ad] Cluster ID: Vad1sk8gS_OCqo1-tuet0Q
2025-09-03 13:25:07,315 INFO  [org.apa.kaf.cli.pro.KafkaProducer] (main) [Producer clientId=Producer-topic-af3d3df8_6efb_4fa9_ac04_65543aa71f33] Instantiated an idempotent producer.
2025-09-03 13:25:07,315 INFO  [org.apa.kaf.cli.pro.int.TransactionManager] (kafka-producer-network-thread | Producer-topic-29db5d07_b5e4_4655_85fc_816d820509ad) [Producer clientId=Producer-topic-29db5d07_b5e4_4655_85fc_816d820509ad] ProducerId set to 51 with epoch 0
2025-09-03 13:25:07,316 INFO  [org.apa.kaf.cli.pro.ProducerConfig] (main) These configurations '[apicurio.registry.url, apicurio.registry.artifact-resolver-strategy]' were supplied but are not used yet.
2025-09-03 13:25:07,316 INFO  [org.apa.kaf.com.uti.AppInfoParser] (main) Kafka version: 3.9.1
2025-09-03 13:25:07,316 INFO  [org.apa.kaf.com.uti.AppInfoParser] (main) Kafka commitId: f745dfdcee2b9851
2025-09-03 13:25:07,316 INFO  [org.apa.kaf.com.uti.AppInfoParser] (main) Kafka startTimeMs: 1756905907316
**** Registry Base URL: http://registry-app-pg17.apps.ci419.apicurio-testing.org:80
2025-09-03 13:25:07,316 INFO  [org.apa.kaf.cli.pro.ProducerConfig] (main) ProducerConfig values: 
	acks = -1
	auto.include.jmx.reporter = true
	batch.size = 16384
	bootstrap.servers = [PLAINTEXT://localhost:32769]
	buffer.memory = 33554432
	client.dns.lookup = use_all_dns_ips
	client.id = Producer-topic-da4106c5_bdfd_4b21_a4ea_d50d6e0b598b
	compression.gzip.level = -1
	compression.lz4.level = 9
	compression.type = none
	compression.zstd.level = 3
	connections.max.idle.ms = 10000
	delivery.timeout.ms = 120000
	enable.idempotence = true
	enable.metrics.push = true
	interceptor.classes = []
	key.serializer = class org.apache.kafka.common.serialization.StringSerializer
	linger.ms = 0
	max.block.ms = 60000
	max.in.flight.requests.per.connection = 5
	max.request.size = 1048576
	metadata.max.age.ms = 300000
	metadata.max.idle.ms = 300000
	metadata.recovery.strategy = none
	metric.reporters = []
	metrics.num.samples = 2
	metrics.recording.level = INFO
	metrics.sample.window.ms = 30000
	partitioner.adaptive.partitioning.enable = true
	partitioner.availability.timeout.ms = 0
	partitioner.class = null
	partitioner.ignore.keys = false
	receive.buffer.bytes = 32768
	reconnect.backoff.max.ms = 1000
	reconnect.backoff.ms = 50
	request.timeout.ms = 5000
	retries = 2147483647
	retry.backoff.max.ms = 1000
	retry.backoff.ms = 100
	sasl.client.callback.handler.class = null
	sasl.jaas.config = null
	sasl.kerberos.kinit.cmd = /usr/bin/kinit
	sasl.kerberos.min.time.before.relogin = 60000
	sasl.kerberos.service.name = null
	sasl.kerberos.ticket.renew.jitter = 0.05
	sasl.kerberos.ticket.renew.window.factor = 0.8
	sasl.login.callback.handler.class = null
	sasl.login.class = null
	sasl.login.connect.timeout.ms = null
	sasl.login.read.timeout.ms = null
	sasl.login.refresh.buffer.seconds = 300
	sasl.login.refresh.min.period.seconds = 60
	sasl.login.refresh.window.factor = 0.8
	sasl.login.refresh.window.jitter = 0.05
	sasl.login.retry.backoff.max.ms = 10000
	sasl.login.retry.backoff.ms = 100
	sasl.mechanism = GSSAPI
	sasl.oauthbearer.clock.skew.seconds = 30
	sasl.oauthbearer.expected.audience = null
	sasl.oauthbearer.expected.issuer = null
	sasl.oauthbearer.header.urlencode = false
	sasl.oauthbearer.jwks.endpoint.refresh.ms = 3600000
	sasl.oauthbearer.jwks.endpoint.retry.backoff.max.ms = 10000
	sasl.oauthbearer.jwks.endpoint.retry.backoff.ms = 100
	sasl.oauthbearer.jwks.endpoint.url = null
	sasl.oauthbearer.scope.claim.name = scope
	sasl.oauthbearer.sub.claim.name = sub
	sasl.oauthbearer.token.endpoint.url = null
	security.protocol = PLAINTEXT
	security.providers = null
	send.buffer.bytes = 131072
	socket.connection.setup.timeout.max.ms = 30000
	socket.connection.setup.timeout.ms = 10000
	ssl.cipher.suites = null
	ssl.enabled.protocols = [TLSv1.2, TLSv1.3]
	ssl.endpoint.identification.algorithm = https
	ssl.engine.factory.class = null
	ssl.key.password = null
	ssl.keymanager.algorithm = SunX509
	ssl.keystore.certificate.chain = null
	ssl.keystore.key = null
	ssl.keystore.location = null
	ssl.keystore.password = null
	ssl.keystore.type = JKS
	ssl.protocol = TLSv1.3
	ssl.provider = null
	ssl.secure.random.implementation = null
	ssl.trustmanager.algorithm = PKIX
	ssl.truststore.certificates = null
	ssl.truststore.location = null
	ssl.truststore.password = null
	ssl.truststore.type = JKS
	transaction.timeout.ms = 60000
	transactional.id = null
	value.serializer = class io.apicurio.registry.serde.avro.AvroKafkaSerializer

2025-09-03 13:25:07,316 INFO  [org.apa.kaf.com.tel.int.KafkaMetricsCollector] (main) initializing Kafka metrics collector
2025-09-03 13:25:07,318 INFO  [org.apa.kaf.cli.Metadata] (kafka-producer-network-thread | Producer-topic-af3d3df8_6efb_4fa9_ac04_65543aa71f33) [Producer clientId=Producer-topic-af3d3df8_6efb_4fa9_ac04_65543aa71f33] Cluster ID: Vad1sk8gS_OCqo1-tuet0Q
2025-09-03 13:25:07,318 INFO  [org.apa.kaf.cli.pro.int.TransactionManager] (kafka-producer-network-thread | Producer-topic-af3d3df8_6efb_4fa9_ac04_65543aa71f33) [Producer clientId=Producer-topic-af3d3df8_6efb_4fa9_ac04_65543aa71f33] ProducerId set to 52 with epoch 0
2025-09-03 13:25:07,318 INFO  [org.apa.kaf.cli.pro.KafkaProducer] (main) [Producer clientId=Producer-topic-da4106c5_bdfd_4b21_a4ea_d50d6e0b598b] Instantiated an idempotent producer.
2025-09-03 13:25:07,319 INFO  [org.apa.kaf.cli.pro.ProducerConfig] (main) These configurations '[apicurio.registry.url, apicurio.registry.artifact-resolver-strategy]' were supplied but are not used yet.
2025-09-03 13:25:07,319 INFO  [org.apa.kaf.com.uti.AppInfoParser] (main) Kafka version: 3.9.1
2025-09-03 13:25:07,319 INFO  [org.apa.kaf.com.uti.AppInfoParser] (main) Kafka commitId: f745dfdcee2b9851
2025-09-03 13:25:07,319 INFO  [org.apa.kaf.com.uti.AppInfoParser] (main) Kafka startTimeMs: 1756905907319
**** Registry Base URL: http://registry-app-pg17.apps.ci419.apicurio-testing.org:80
2025-09-03 13:25:07,319 INFO  [org.apa.kaf.cli.con.ConsumerConfig] (main) ConsumerConfig values: 
	allow.auto.create.topics = true
	auto.commit.interval.ms = 500
	auto.include.jmx.reporter = true
	auto.offset.reset = earliest
	bootstrap.servers = [PLAINTEXT://localhost:32769]
	check.crcs = true
	client.dns.lookup = use_all_dns_ips
	client.id = consumer-Consumer-topic-29db5d07_b5e4_4655_85fc_816d820509ad-38
	client.rack = 
	connections.max.idle.ms = 10000
	default.api.timeout.ms = 60000
	enable.auto.commit = true
	enable.metrics.push = true
	exclude.internal.topics = true
	fetch.max.bytes = 52428800
	fetch.max.wait.ms = 500
	fetch.min.bytes = 1
	group.id = Consumer-topic-29db5d07_b5e4_4655_85fc_816d820509ad
	group.instance.id = null
	group.protocol = classic
	group.remote.assignor = null
	heartbeat.interval.ms = 3000
	interceptor.classes = []
	internal.leave.group.on.close = true
	internal.throw.on.fetch.stable.offset.unsupported = false
	isolation.level = read_uncommitted
	key.deserializer = class org.apache.kafka.common.serialization.StringDeserializer
	max.partition.fetch.bytes = 1048576
	max.poll.interval.ms = 300000
	max.poll.records = 500
	metadata.max.age.ms = 300000
	metadata.recovery.strategy = none
	metric.reporters = []
	metrics.num.samples = 2
	metrics.recording.level = INFO
	metrics.sample.window.ms = 30000
	partition.assignment.strategy = [class org.apache.kafka.clients.consumer.RangeAssignor, class org.apache.kafka.clients.consumer.CooperativeStickyAssignor]
	receive.buffer.bytes = 65536
	reconnect.backoff.max.ms = 1000
	reconnect.backoff.ms = 50
	request.timeout.ms = 5000
	retry.backoff.max.ms = 1000
	retry.backoff.ms = 100
	sasl.client.callback.handler.class = null
	sasl.jaas.config = null
	sasl.kerberos.kinit.cmd = /usr/bin/kinit
	sasl.kerberos.min.time.before.relogin = 60000
	sasl.kerberos.service.name = null
	sasl.kerberos.ticket.renew.jitter = 0.05
	sasl.kerberos.ticket.renew.window.factor = 0.8
	sasl.login.callback.handler.class = null
	sasl.login.class = null
	sasl.login.connect.timeout.ms = null
	sasl.login.read.timeout.ms = null
	sasl.login.refresh.buffer.seconds = 300
	sasl.login.refresh.min.period.seconds = 60
	sasl.login.refresh.window.factor = 0.8
	sasl.login.refresh.window.jitter = 0.05
	sasl.login.retry.backoff.max.ms = 10000
	sasl.login.retry.backoff.ms = 100
	sasl.mechanism = GSSAPI
	sasl.oauthbearer.clock.skew.seconds = 30
	sasl.oauthbearer.expected.audience = null
	sasl.oauthbearer.expected.issuer = null
	sasl.oauthbearer.header.urlencode = false
	sasl.oauthbearer.jwks.endpoint.refresh.ms = 3600000
	sasl.oauthbearer.jwks.endpoint.retry.backoff.max.ms = 10000
	sasl.oauthbearer.jwks.endpoint.retry.backoff.ms = 100
	sasl.oauthbearer.jwks.endpoint.url = null
	sasl.oauthbearer.scope.claim.name = scope
	sasl.oauthbearer.sub.claim.name = sub
	sasl.oauthbearer.token.endpoint.url = null
	security.protocol = PLAINTEXT
	security.providers = null
	send.buffer.bytes = 131072
	session.timeout.ms = 45000
	socket.connection.setup.timeout.max.ms = 30000
	socket.connection.setup.timeout.ms = 10000
	ssl.cipher.suites = null
	ssl.enabled.protocols = [TLSv1.2, TLSv1.3]
	ssl.endpoint.identification.algorithm = https
	ssl.engine.factory.class = null
	ssl.key.password = null
	ssl.keymanager.algorithm = SunX509
	ssl.keystore.certificate.chain = null
	ssl.keystore.key = null
	ssl.keystore.location = null
	ssl.keystore.password = null
	ssl.keystore.type = JKS
	ssl.protocol = TLSv1.3
	ssl.provider = null
	ssl.secure.random.implementation = null
	ssl.trustmanager.algorithm = PKIX
	ssl.truststore.certificates = null
	ssl.truststore.location = null
	ssl.truststore.password = null
	ssl.truststore.type = JKS
	value.deserializer = class io.apicurio.registry.serde.avro.AvroKafkaDeserializer

2025-09-03 13:25:07,320 INFO  [org.apa.kaf.com.tel.int.KafkaMetricsCollector] (main) initializing Kafka metrics collector
2025-09-03 13:25:07,323 INFO  [org.apa.kaf.cli.Metadata] (kafka-producer-network-thread | Producer-topic-da4106c5_bdfd_4b21_a4ea_d50d6e0b598b) [Producer clientId=Producer-topic-da4106c5_bdfd_4b21_a4ea_d50d6e0b598b] Cluster ID: Vad1sk8gS_OCqo1-tuet0Q
2025-09-03 13:25:07,323 INFO  [org.apa.kaf.cli.pro.int.TransactionManager] (kafka-producer-network-thread | Producer-topic-da4106c5_bdfd_4b21_a4ea_d50d6e0b598b) [Producer clientId=Producer-topic-da4106c5_bdfd_4b21_a4ea_d50d6e0b598b] ProducerId set to 53 with epoch 0
2025-09-03 13:25:07,327 INFO  [org.apa.kaf.cli.con.ConsumerConfig] (main) These configurations '[apicurio.registry.url]' were supplied but are not used yet.
2025-09-03 13:25:07,327 INFO  [org.apa.kaf.com.uti.AppInfoParser] (main) Kafka version: 3.9.1
2025-09-03 13:25:07,327 INFO  [org.apa.kaf.com.uti.AppInfoParser] (main) Kafka commitId: f745dfdcee2b9851
2025-09-03 13:25:07,327 INFO  [org.apa.kaf.com.uti.AppInfoParser] (main) Kafka startTimeMs: 1756905907327
**** Registry Base URL: http://registry-app-pg17.apps.ci419.apicurio-testing.org:80
2025-09-03 13:25:07,327 INFO  [org.apa.kaf.cli.con.ConsumerConfig] (main) ConsumerConfig values: 
	allow.auto.create.topics = true
	auto.commit.interval.ms = 500
	auto.include.jmx.reporter = true
	auto.offset.reset = earliest
	bootstrap.servers = [PLAINTEXT://localhost:32769]
	check.crcs = true
	client.dns.lookup = use_all_dns_ips
	client.id = consumer-Consumer-topic-af3d3df8_6efb_4fa9_ac04_65543aa71f33-39
	client.rack = 
	connections.max.idle.ms = 10000
	default.api.timeout.ms = 60000
	enable.auto.commit = true
	enable.metrics.push = true
	exclude.internal.topics = true
	fetch.max.bytes = 52428800
	fetch.max.wait.ms = 500
	fetch.min.bytes = 1
	group.id = Consumer-topic-af3d3df8_6efb_4fa9_ac04_65543aa71f33
	group.instance.id = null
	group.protocol = classic
	group.remote.assignor = null
	heartbeat.interval.ms = 3000
	interceptor.classes = []
	internal.leave.group.on.close = true
	internal.throw.on.fetch.stable.offset.unsupported = false
	isolation.level = read_uncommitted
	key.deserializer = class org.apache.kafka.common.serialization.StringDeserializer
	max.partition.fetch.bytes = 1048576
	max.poll.interval.ms = 300000
	max.poll.records = 500
	metadata.max.age.ms = 300000
	metadata.recovery.strategy = none
	metric.reporters = []
	metrics.num.samples = 2
	metrics.recording.level = INFO
	metrics.sample.window.ms = 30000
	partition.assignment.strategy = [class org.apache.kafka.clients.consumer.RangeAssignor, class org.apache.kafka.clients.consumer.CooperativeStickyAssignor]
	receive.buffer.bytes = 65536
	reconnect.backoff.max.ms = 1000
	reconnect.backoff.ms = 50
	request.timeout.ms = 5000
	retry.backoff.max.ms = 1000
	retry.backoff.ms = 100
	sasl.client.callback.handler.class = null
	sasl.jaas.config = null
	sasl.kerberos.kinit.cmd = /usr/bin/kinit
	sasl.kerberos.min.time.before.relogin = 60000
	sasl.kerberos.service.name = null
	sasl.kerberos.ticket.renew.jitter = 0.05
	sasl.kerberos.ticket.renew.window.factor = 0.8
	sasl.login.callback.handler.class = null
	sasl.login.class = null
	sasl.login.connect.timeout.ms = null
	sasl.login.read.timeout.ms = null
	sasl.login.refresh.buffer.seconds = 300
	sasl.login.refresh.min.period.seconds = 60
	sasl.login.refresh.window.factor = 0.8
	sasl.login.refresh.window.jitter = 0.05
	sasl.login.retry.backoff.max.ms = 10000
	sasl.login.retry.backoff.ms = 100
	sasl.mechanism = GSSAPI
	sasl.oauthbearer.clock.skew.seconds = 30
	sasl.oauthbearer.expected.audience = null
	sasl.oauthbearer.expected.issuer = null
	sasl.oauthbearer.header.urlencode = false
	sasl.oauthbearer.jwks.endpoint.refresh.ms = 3600000
	sasl.oauthbearer.jwks.endpoint.retry.backoff.max.ms = 10000
	sasl.oauthbearer.jwks.endpoint.retry.backoff.ms = 100
	sasl.oauthbearer.jwks.endpoint.url = null
	sasl.oauthbearer.scope.claim.name = scope
	sasl.oauthbearer.sub.claim.name = sub
	sasl.oauthbearer.token.endpoint.url = null
	security.protocol = PLAINTEXT
	security.providers = null
	send.buffer.bytes = 131072
	session.timeout.ms = 45000
	socket.connection.setup.timeout.max.ms = 30000
	socket.connection.setup.timeout.ms = 10000
	ssl.cipher.suites = null
	ssl.enabled.protocols = [TLSv1.2, TLSv1.3]
	ssl.endpoint.identification.algorithm = https
	ssl.engine.factory.class = null
	ssl.key.password = null
	ssl.keymanager.algorithm = SunX509
	ssl.keystore.certificate.chain = null
	ssl.keystore.key = null
	ssl.keystore.location = null
	ssl.keystore.password = null
	ssl.keystore.type = JKS
	ssl.protocol = TLSv1.3
	ssl.provider = null
	ssl.secure.random.implementation = null
	ssl.trustmanager.algorithm = PKIX
	ssl.truststore.certificates = null
	ssl.truststore.location = null
	ssl.truststore.password = null
	ssl.truststore.type = JKS
	value.deserializer = class io.apicurio.registry.serde.avro.AvroKafkaDeserializer

2025-09-03 13:25:07,327 INFO  [org.apa.kaf.com.tel.int.KafkaMetricsCollector] (main) initializing Kafka metrics collector
2025-09-03 13:25:07,331 INFO  [org.apa.kaf.cli.con.ConsumerConfig] (main) These configurations '[apicurio.registry.url]' were supplied but are not used yet.
2025-09-03 13:25:07,331 INFO  [org.apa.kaf.com.uti.AppInfoParser] (main) Kafka version: 3.9.1
2025-09-03 13:25:07,331 INFO  [org.apa.kaf.com.uti.AppInfoParser] (main) Kafka commitId: f745dfdcee2b9851
2025-09-03 13:25:07,331 INFO  [org.apa.kaf.com.uti.AppInfoParser] (main) Kafka startTimeMs: 1756905907331
**** Registry Base URL: http://registry-app-pg17.apps.ci419.apicurio-testing.org:80
2025-09-03 13:25:07,331 INFO  [org.apa.kaf.cli.con.ConsumerConfig] (main) ConsumerConfig values: 
	allow.auto.create.topics = true
	auto.commit.interval.ms = 500
	auto.include.jmx.reporter = true
	auto.offset.reset = earliest
	bootstrap.servers = [PLAINTEXT://localhost:32769]
	check.crcs = true
	client.dns.lookup = use_all_dns_ips
	client.id = consumer-Consumer-topic-da4106c5_bdfd_4b21_a4ea_d50d6e0b598b-40
	client.rack = 
	connections.max.idle.ms = 10000
	default.api.timeout.ms = 60000
	enable.auto.commit = true
	enable.metrics.push = true
	exclude.internal.topics = true
	fetch.max.bytes = 52428800
	fetch.max.wait.ms = 500
	fetch.min.bytes = 1
	group.id = Consumer-topic-da4106c5_bdfd_4b21_a4ea_d50d6e0b598b
	group.instance.id = null
	group.protocol = classic
	group.remote.assignor = null
	heartbeat.interval.ms = 3000
	interceptor.classes = []
	internal.leave.group.on.close = true
	internal.throw.on.fetch.stable.offset.unsupported = false
	isolation.level = read_uncommitted
	key.deserializer = class org.apache.kafka.common.serialization.StringDeserializer
	max.partition.fetch.bytes = 1048576
	max.poll.interval.ms = 300000
	max.poll.records = 500
	metadata.max.age.ms = 300000
	metadata.recovery.strategy = none
	metric.reporters = []
	metrics.num.samples = 2
	metrics.recording.level = INFO
	metrics.sample.window.ms = 30000
	partition.assignment.strategy = [class org.apache.kafka.clients.consumer.RangeAssignor, class org.apache.kafka.clients.consumer.CooperativeStickyAssignor]
	receive.buffer.bytes = 65536
	reconnect.backoff.max.ms = 1000
	reconnect.backoff.ms = 50
	request.timeout.ms = 5000
	retry.backoff.max.ms = 1000
	retry.backoff.ms = 100
	sasl.client.callback.handler.class = null
	sasl.jaas.config = null
	sasl.kerberos.kinit.cmd = /usr/bin/kinit
	sasl.kerberos.min.time.before.relogin = 60000
	sasl.kerberos.service.name = null
	sasl.kerberos.ticket.renew.jitter = 0.05
	sasl.kerberos.ticket.renew.window.factor = 0.8
	sasl.login.callback.handler.class = null
	sasl.login.class = null
	sasl.login.connect.timeout.ms = null
	sasl.login.read.timeout.ms = null
	sasl.login.refresh.buffer.seconds = 300
	sasl.login.refresh.min.period.seconds = 60
	sasl.login.refresh.window.factor = 0.8
	sasl.login.refresh.window.jitter = 0.05
	sasl.login.retry.backoff.max.ms = 10000
	sasl.login.retry.backoff.ms = 100
	sasl.mechanism = GSSAPI
	sasl.oauthbearer.clock.skew.seconds = 30
	sasl.oauthbearer.expected.audience = null
	sasl.oauthbearer.expected.issuer = null
	sasl.oauthbearer.header.urlencode = false
	sasl.oauthbearer.jwks.endpoint.refresh.ms = 3600000
	sasl.oauthbearer.jwks.endpoint.retry.backoff.max.ms = 10000
	sasl.oauthbearer.jwks.endpoint.retry.backoff.ms = 100
	sasl.oauthbearer.jwks.endpoint.url = null
	sasl.oauthbearer.scope.claim.name = scope
	sasl.oauthbearer.sub.claim.name = sub
	sasl.oauthbearer.token.endpoint.url = null
	security.protocol = PLAINTEXT
	security.providers = null
	send.buffer.bytes = 131072
	session.timeout.ms = 45000
	socket.connection.setup.timeout.max.ms = 30000
	socket.connection.setup.timeout.ms = 10000
	ssl.cipher.suites = null
	ssl.enabled.protocols = [TLSv1.2, TLSv1.3]
	ssl.endpoint.identification.algorithm = https
	ssl.engine.factory.class = null
	ssl.key.password = null
	ssl.keymanager.algorithm = SunX509
	ssl.keystore.certificate.chain = null
	ssl.keystore.key = null
	ssl.keystore.location = null
	ssl.keystore.password = null
	ssl.keystore.type = JKS
	ssl.protocol = TLSv1.3
	ssl.provider = null
	ssl.secure.random.implementation = null
	ssl.trustmanager.algorithm = PKIX
	ssl.truststore.certificates = null
	ssl.truststore.location = null
	ssl.truststore.password = null
	ssl.truststore.type = JKS
	value.deserializer = class io.apicurio.registry.serde.avro.AvroKafkaDeserializer

2025-09-03 13:25:07,332 INFO  [org.apa.kaf.com.tel.int.KafkaMetricsCollector] (main) initializing Kafka metrics collector
2025-09-03 13:25:07,335 INFO  [org.apa.kaf.cli.con.ConsumerConfig] (main) These configurations '[apicurio.registry.url]' were supplied but are not used yet.
2025-09-03 13:25:07,335 INFO  [org.apa.kaf.com.uti.AppInfoParser] (main) Kafka version: 3.9.1
2025-09-03 13:25:07,335 INFO  [org.apa.kaf.com.uti.AppInfoParser] (main) Kafka commitId: f745dfdcee2b9851
2025-09-03 13:25:07,335 INFO  [org.apa.kaf.com.uti.AppInfoParser] (main) Kafka startTimeMs: 1756905907335
2025-09-03 13:25:07,335 INFO  [io.api.tes.ser.api.KafkaSerdesTester] (ForkJoinPool.commonPool-worker-3) Sending message {"key1": "value-0"} to topic topic-29db5d07_b5e4_4655_85fc_816d820509ad
2025-09-03 13:25:07,338 INFO  [DefaultSchemaResolver] (ForkJoinPool.commonPool-worker-3) Retrieving schema content using string: {"type":"record","name":"myrecordconfluent6","fields":[{"name":"key1","type":"string"}]}
2025-09-03 13:25:07,361 INFO  [io.api.tes.ser.api.KafkaSerdesTester] (ForkJoinPool.commonPool-worker-3) Sending message {"key1": "value-1"} to topic topic-29db5d07_b5e4_4655_85fc_816d820509ad
2025-09-03 13:25:07,362 INFO  [io.api.tes.ser.api.KafkaSerdesTester] (ForkJoinPool.commonPool-worker-3) Sending message {"key1": "value-2"} to topic topic-29db5d07_b5e4_4655_85fc_816d820509ad
2025-09-03 13:25:07,363 INFO  [io.api.tes.ser.api.KafkaSerdesTester] (ForkJoinPool.commonPool-worker-3) Sending message {"key1": "value-3"} to topic topic-29db5d07_b5e4_4655_85fc_816d820509ad
2025-09-03 13:25:07,364 INFO  [io.api.tes.ser.api.KafkaSerdesTester] (ForkJoinPool.commonPool-worker-3) Sending message {"key1": "value-4"} to topic topic-29db5d07_b5e4_4655_85fc_816d820509ad
2025-09-03 13:25:07,365 INFO  [io.api.tes.ser.api.KafkaSerdesTester] (ForkJoinPool.commonPool-worker-3) Sending message {"key1": "value-5"} to topic topic-29db5d07_b5e4_4655_85fc_816d820509ad
2025-09-03 13:25:07,366 INFO  [io.api.tes.ser.api.KafkaSerdesTester] (ForkJoinPool.commonPool-worker-3) Sending message {"key1": "value-6"} to topic topic-29db5d07_b5e4_4655_85fc_816d820509ad
2025-09-03 13:25:07,366 INFO  [io.api.tes.ser.api.KafkaSerdesTester] (ForkJoinPool.commonPool-worker-3) Sending message {"key1": "value-7"} to topic topic-29db5d07_b5e4_4655_85fc_816d820509ad
2025-09-03 13:25:07,367 INFO  [io.api.tes.ser.api.KafkaSerdesTester] (ForkJoinPool.commonPool-worker-3) Sending message {"key1": "value-8"} to topic topic-29db5d07_b5e4_4655_85fc_816d820509ad
2025-09-03 13:25:07,368 INFO  [io.api.tes.ser.api.KafkaSerdesTester] (ForkJoinPool.commonPool-worker-3) Sending message {"key1": "value-9"} to topic topic-29db5d07_b5e4_4655_85fc_816d820509ad
2025-09-03 13:25:07,369 INFO  [io.api.tes.ser.api.KafkaSerdesTester] (ForkJoinPool.commonPool-worker-3) Produced 10 messages
2025-09-03 13:25:07,369 INFO  [org.apa.kaf.cli.pro.KafkaProducer] (ForkJoinPool.commonPool-worker-3) [Producer clientId=Producer-topic-29db5d07_b5e4_4655_85fc_816d820509ad] Closing the Kafka producer with timeoutMillis = 9223372036854775807 ms.
2025-09-03 13:25:07,371 INFO  [org.apa.kaf.com.met.Metrics] (ForkJoinPool.commonPool-worker-3) Metrics scheduler closed
2025-09-03 13:25:07,371 INFO  [org.apa.kaf.com.met.Metrics] (ForkJoinPool.commonPool-worker-3) Closing reporter org.apache.kafka.common.metrics.JmxReporter
2025-09-03 13:25:07,371 INFO  [org.apa.kaf.com.met.Metrics] (ForkJoinPool.commonPool-worker-3) Closing reporter org.apache.kafka.common.telemetry.internals.ClientTelemetryReporter
2025-09-03 13:25:07,371 INFO  [org.apa.kaf.com.met.Metrics] (ForkJoinPool.commonPool-worker-3) Metrics reporters closed
2025-09-03 13:25:07,371 INFO  [org.apa.kaf.com.uti.AppInfoParser] (ForkJoinPool.commonPool-worker-3) App info kafka.producer for Producer-topic-29db5d07_b5e4_4655_85fc_816d820509ad unregistered
2025-09-03 13:25:07,372 INFO  [io.api.tes.ser.api.KafkaSerdesTester] (ForkJoinPool.commonPool-worker-3) Sending message {"key1": "value-0"} to topic topic-af3d3df8_6efb_4fa9_ac04_65543aa71f33
2025-09-03 13:25:07,374 INFO  [DefaultSchemaResolver] (ForkJoinPool.commonPool-worker-3) Retrieving schema content using string: {"type":"record","name":"myrecordconfluent6","fields":[{"name":"key1","type":"string"}]}
2025-09-03 13:25:07,397 INFO  [io.api.tes.ser.api.KafkaSerdesTester] (ForkJoinPool.commonPool-worker-3) Sending message {"key1": "value-1"} to topic topic-af3d3df8_6efb_4fa9_ac04_65543aa71f33
2025-09-03 13:25:07,398 INFO  [io.api.tes.ser.api.KafkaSerdesTester] (ForkJoinPool.commonPool-worker-3) Sending message {"key1": "value-2"} to topic topic-af3d3df8_6efb_4fa9_ac04_65543aa71f33
2025-09-03 13:25:07,399 INFO  [io.api.tes.ser.api.KafkaSerdesTester] (ForkJoinPool.commonPool-worker-3) Sending message {"key1": "value-3"} to topic topic-af3d3df8_6efb_4fa9_ac04_65543aa71f33
2025-09-03 13:25:07,399 INFO  [io.api.tes.ser.api.KafkaSerdesTester] (ForkJoinPool.commonPool-worker-3) Sending message {"key1": "value-4"} to topic topic-af3d3df8_6efb_4fa9_ac04_65543aa71f33
2025-09-03 13:25:07,400 INFO  [io.api.tes.ser.api.KafkaSerdesTester] (ForkJoinPool.commonPool-worker-3) Sending message {"key1": "value-5"} to topic topic-af3d3df8_6efb_4fa9_ac04_65543aa71f33
2025-09-03 13:25:07,401 INFO  [io.api.tes.ser.api.KafkaSerdesTester] (ForkJoinPool.commonPool-worker-3) Sending message {"key1": "value-6"} to topic topic-af3d3df8_6efb_4fa9_ac04_65543aa71f33
2025-09-03 13:25:07,401 INFO  [io.api.tes.ser.api.KafkaSerdesTester] (ForkJoinPool.commonPool-worker-3) Sending message {"key1": "value-7"} to topic topic-af3d3df8_6efb_4fa9_ac04_65543aa71f33
2025-09-03 13:25:07,402 INFO  [io.api.tes.ser.api.KafkaSerdesTester] (ForkJoinPool.commonPool-worker-3) Sending message {"key1": "value-8"} to topic topic-af3d3df8_6efb_4fa9_ac04_65543aa71f33
2025-09-03 13:25:07,403 INFO  [io.api.tes.ser.api.KafkaSerdesTester] (ForkJoinPool.commonPool-worker-3) Sending message {"key1": "value-9"} to topic topic-af3d3df8_6efb_4fa9_ac04_65543aa71f33
2025-09-03 13:25:07,404 INFO  [io.api.tes.ser.api.KafkaSerdesTester] (ForkJoinPool.commonPool-worker-3) Produced 10 messages
2025-09-03 13:25:07,404 INFO  [org.apa.kaf.cli.pro.KafkaProducer] (ForkJoinPool.commonPool-worker-3) [Producer clientId=Producer-topic-af3d3df8_6efb_4fa9_ac04_65543aa71f33] Closing the Kafka producer with timeoutMillis = 9223372036854775807 ms.
2025-09-03 13:25:07,405 INFO  [org.apa.kaf.com.met.Metrics] (ForkJoinPool.commonPool-worker-3) Metrics scheduler closed
2025-09-03 13:25:07,405 INFO  [org.apa.kaf.com.met.Metrics] (ForkJoinPool.commonPool-worker-3) Closing reporter org.apache.kafka.common.metrics.JmxReporter
2025-09-03 13:25:07,405 INFO  [org.apa.kaf.com.met.Metrics] (ForkJoinPool.commonPool-worker-3) Closing reporter org.apache.kafka.common.telemetry.internals.ClientTelemetryReporter
2025-09-03 13:25:07,405 INFO  [org.apa.kaf.com.met.Metrics] (ForkJoinPool.commonPool-worker-3) Metrics reporters closed
2025-09-03 13:25:07,406 INFO  [org.apa.kaf.com.uti.AppInfoParser] (ForkJoinPool.commonPool-worker-3) App info kafka.producer for Producer-topic-af3d3df8_6efb_4fa9_ac04_65543aa71f33 unregistered
2025-09-03 13:25:07,406 INFO  [io.api.tes.ser.api.KafkaSerdesTester] (ForkJoinPool.commonPool-worker-3) Sending message {"key1": "value-0"} to topic topic-da4106c5_bdfd_4b21_a4ea_d50d6e0b598b
2025-09-03 13:25:07,409 INFO  [DefaultSchemaResolver] (ForkJoinPool.commonPool-worker-3) Retrieving schema content using string: {"type":"record","name":"myrecordconfluent6","fields":[{"name":"key1","type":"string"}]}
2025-09-03 13:25:07,432 INFO  [io.api.tes.ser.api.KafkaSerdesTester] (ForkJoinPool.commonPool-worker-3) Sending message {"key1": "value-1"} to topic topic-da4106c5_bdfd_4b21_a4ea_d50d6e0b598b
2025-09-03 13:25:07,434 INFO  [io.api.tes.ser.api.KafkaSerdesTester] (ForkJoinPool.commonPool-worker-3) Sending message {"key1": "value-2"} to topic topic-da4106c5_bdfd_4b21_a4ea_d50d6e0b598b
2025-09-03 13:25:07,435 INFO  [io.api.tes.ser.api.KafkaSerdesTester] (ForkJoinPool.commonPool-worker-3) Sending message {"key1": "value-3"} to topic topic-da4106c5_bdfd_4b21_a4ea_d50d6e0b598b
2025-09-03 13:25:07,436 INFO  [io.api.tes.ser.api.KafkaSerdesTester] (ForkJoinPool.commonPool-worker-3) Sending message {"key1": "value-4"} to topic topic-da4106c5_bdfd_4b21_a4ea_d50d6e0b598b
2025-09-03 13:25:07,437 INFO  [io.api.tes.ser.api.KafkaSerdesTester] (ForkJoinPool.commonPool-worker-3) Sending message {"key1": "value-5"} to topic topic-da4106c5_bdfd_4b21_a4ea_d50d6e0b598b
2025-09-03 13:25:07,437 INFO  [io.api.tes.ser.api.KafkaSerdesTester] (ForkJoinPool.commonPool-worker-3) Sending message {"key1": "value-6"} to topic topic-da4106c5_bdfd_4b21_a4ea_d50d6e0b598b
2025-09-03 13:25:07,438 INFO  [io.api.tes.ser.api.KafkaSerdesTester] (ForkJoinPool.commonPool-worker-3) Sending message {"key1": "value-7"} to topic topic-da4106c5_bdfd_4b21_a4ea_d50d6e0b598b
2025-09-03 13:25:07,439 INFO  [io.api.tes.ser.api.KafkaSerdesTester] (ForkJoinPool.commonPool-worker-3) Sending message {"key1": "value-8"} to topic topic-da4106c5_bdfd_4b21_a4ea_d50d6e0b598b
2025-09-03 13:25:07,440 INFO  [io.api.tes.ser.api.KafkaSerdesTester] (ForkJoinPool.commonPool-worker-3) Sending message {"key1": "value-9"} to topic topic-da4106c5_bdfd_4b21_a4ea_d50d6e0b598b
2025-09-03 13:25:07,441 INFO  [io.api.tes.ser.api.KafkaSerdesTester] (ForkJoinPool.commonPool-worker-3) Produced 10 messages
2025-09-03 13:25:07,441 INFO  [org.apa.kaf.cli.pro.KafkaProducer] (ForkJoinPool.commonPool-worker-3) [Producer clientId=Producer-topic-da4106c5_bdfd_4b21_a4ea_d50d6e0b598b] Closing the Kafka producer with timeoutMillis = 9223372036854775807 ms.
2025-09-03 13:25:07,442 INFO  [org.apa.kaf.com.met.Metrics] (ForkJoinPool.commonPool-worker-3) Metrics scheduler closed
2025-09-03 13:25:07,442 INFO  [org.apa.kaf.com.met.Metrics] (ForkJoinPool.commonPool-worker-3) Closing reporter org.apache.kafka.common.metrics.JmxReporter
2025-09-03 13:25:07,442 INFO  [org.apa.kaf.com.met.Metrics] (ForkJoinPool.commonPool-worker-3) Closing reporter org.apache.kafka.common.telemetry.internals.ClientTelemetryReporter
2025-09-03 13:25:07,442 INFO  [org.apa.kaf.com.met.Metrics] (ForkJoinPool.commonPool-worker-3) Metrics reporters closed
2025-09-03 13:25:07,443 INFO  [org.apa.kaf.com.uti.AppInfoParser] (ForkJoinPool.commonPool-worker-3) App info kafka.producer for Producer-topic-da4106c5_bdfd_4b21_a4ea_d50d6e0b598b unregistered
2025-09-03 13:25:07,443 INFO  [org.apa.kaf.cli.con.int.ClassicKafkaConsumer] (ForkJoinPool.commonPool-worker-3) [Consumer clientId=consumer-Consumer-topic-29db5d07_b5e4_4655_85fc_816d820509ad-38, groupId=Consumer-topic-29db5d07_b5e4_4655_85fc_816d820509ad] Subscribed to topic(s): topic-29db5d07_b5e4_4655_85fc_816d820509ad
2025-09-03 13:25:07,446 INFO  [org.apa.kaf.cli.Metadata] (ForkJoinPool.commonPool-worker-3) [Consumer clientId=consumer-Consumer-topic-29db5d07_b5e4_4655_85fc_816d820509ad-38, groupId=Consumer-topic-29db5d07_b5e4_4655_85fc_816d820509ad] Cluster ID: Vad1sk8gS_OCqo1-tuet0Q
2025-09-03 13:25:07,447 INFO  [org.apa.kaf.cli.con.int.ConsumerCoordinator] (ForkJoinPool.commonPool-worker-3) [Consumer clientId=consumer-Consumer-topic-29db5d07_b5e4_4655_85fc_816d820509ad-38, groupId=Consumer-topic-29db5d07_b5e4_4655_85fc_816d820509ad] Discovered group coordinator localhost:32769 (id: 2147483647 rack: null)
2025-09-03 13:25:07,448 INFO  [org.apa.kaf.cli.con.int.ConsumerCoordinator] (ForkJoinPool.commonPool-worker-3) [Consumer clientId=consumer-Consumer-topic-29db5d07_b5e4_4655_85fc_816d820509ad-38, groupId=Consumer-topic-29db5d07_b5e4_4655_85fc_816d820509ad] (Re-)joining group
2025-09-03 13:25:07,450 INFO  [org.apa.kaf.cli.con.int.ConsumerCoordinator] (ForkJoinPool.commonPool-worker-3) [Consumer clientId=consumer-Consumer-topic-29db5d07_b5e4_4655_85fc_816d820509ad-38, groupId=Consumer-topic-29db5d07_b5e4_4655_85fc_816d820509ad] Request joining group due to: need to re-join with the given member-id: consumer-Consumer-topic-29db5d07_b5e4_4655_85fc_816d820509ad-38-8274d5c2-fa45-4a9c-8993-3cf6c88dbd9c
2025-09-03 13:25:07,450 INFO  [org.apa.kaf.cli.con.int.ConsumerCoordinator] (ForkJoinPool.commonPool-worker-3) [Consumer clientId=consumer-Consumer-topic-29db5d07_b5e4_4655_85fc_816d820509ad-38, groupId=Consumer-topic-29db5d07_b5e4_4655_85fc_816d820509ad] (Re-)joining group
2025-09-03 13:25:08,443 INFO  [io.api.tes.ser.api.KafkaSerdesTester] (ForkJoinPool.commonPool-worker-3) None found
2025-09-03 13:25:09,443 INFO  [io.api.tes.ser.api.KafkaSerdesTester] (ForkJoinPool.commonPool-worker-3) None found
2025-09-03 13:25:10,443 INFO  [io.api.tes.ser.api.KafkaSerdesTester] (ForkJoinPool.commonPool-worker-3) None found
2025-09-03 13:25:10,451 INFO  [org.apa.kaf.cli.con.int.ConsumerCoordinator] (ForkJoinPool.commonPool-worker-3) [Consumer clientId=consumer-Consumer-topic-29db5d07_b5e4_4655_85fc_816d820509ad-38, groupId=Consumer-topic-29db5d07_b5e4_4655_85fc_816d820509ad] Successfully joined group with generation Generation{generationId=1, memberId='consumer-Consumer-topic-29db5d07_b5e4_4655_85fc_816d820509ad-38-8274d5c2-fa45-4a9c-8993-3cf6c88dbd9c', protocol='range'}
2025-09-03 13:25:10,451 INFO  [org.apa.kaf.cli.con.int.ConsumerCoordinator] (ForkJoinPool.commonPool-worker-3) [Consumer clientId=consumer-Consumer-topic-29db5d07_b5e4_4655_85fc_816d820509ad-38, groupId=Consumer-topic-29db5d07_b5e4_4655_85fc_816d820509ad] Finished assignment for group at generation 1: {consumer-Consumer-topic-29db5d07_b5e4_4655_85fc_816d820509ad-38-8274d5c2-fa45-4a9c-8993-3cf6c88dbd9c=Assignment(partitions=[topic-29db5d07_b5e4_4655_85fc_816d820509ad-0])}
2025-09-03 13:25:10,458 INFO  [org.apa.kaf.cli.con.int.ConsumerCoordinator] (ForkJoinPool.commonPool-worker-3) [Consumer clientId=consumer-Consumer-topic-29db5d07_b5e4_4655_85fc_816d820509ad-38, groupId=Consumer-topic-29db5d07_b5e4_4655_85fc_816d820509ad] Successfully synced group in generation Generation{generationId=1, memberId='consumer-Consumer-topic-29db5d07_b5e4_4655_85fc_816d820509ad-38-8274d5c2-fa45-4a9c-8993-3cf6c88dbd9c', protocol='range'}
2025-09-03 13:25:10,458 INFO  [org.apa.kaf.cli.con.int.ConsumerCoordinator] (ForkJoinPool.commonPool-worker-3) [Consumer clientId=consumer-Consumer-topic-29db5d07_b5e4_4655_85fc_816d820509ad-38, groupId=Consumer-topic-29db5d07_b5e4_4655_85fc_816d820509ad] Notifying assignor about the new Assignment(partitions=[topic-29db5d07_b5e4_4655_85fc_816d820509ad-0])
2025-09-03 13:25:10,458 INFO  [org.apa.kaf.cli.con.int.ConsumerRebalanceListenerInvoker] (ForkJoinPool.commonPool-worker-3) [Consumer clientId=consumer-Consumer-topic-29db5d07_b5e4_4655_85fc_816d820509ad-38, groupId=Consumer-topic-29db5d07_b5e4_4655_85fc_816d820509ad] Adding newly assigned partitions: topic-29db5d07_b5e4_4655_85fc_816d820509ad-0
2025-09-03 13:25:10,459 INFO  [org.apa.kaf.cli.con.int.ConsumerCoordinator] (ForkJoinPool.commonPool-worker-3) [Consumer clientId=consumer-Consumer-topic-29db5d07_b5e4_4655_85fc_816d820509ad-38, groupId=Consumer-topic-29db5d07_b5e4_4655_85fc_816d820509ad] Found no committed offset for partition topic-29db5d07_b5e4_4655_85fc_816d820509ad-0
2025-09-03 13:25:10,461 INFO  [org.apa.kaf.cli.con.int.SubscriptionState] (ForkJoinPool.commonPool-worker-3) [Consumer clientId=consumer-Consumer-topic-29db5d07_b5e4_4655_85fc_816d820509ad-38, groupId=Consumer-topic-29db5d07_b5e4_4655_85fc_816d820509ad] Resetting offset for partition topic-29db5d07_b5e4_4655_85fc_816d820509ad-0 to position FetchPosition{offset=0, offsetEpoch=Optional.empty, currentLeader=LeaderAndEpoch{leader=Optional[localhost:32769 (id: 0 rack: null)], epoch=0}}.
2025-09-03 13:25:10,492 INFO  [io.api.tes.ser.api.KafkaSerdesTester] (ForkJoinPool.commonPool-worker-3) topic-29db5d07_b5e4_4655_85fc_816d820509ad 0 0 {"key1": "value-0"}
2025-09-03 13:25:10,492 INFO  [io.api.tes.ser.api.KafkaSerdesTester] (ForkJoinPool.commonPool-worker-3) topic-29db5d07_b5e4_4655_85fc_816d820509ad 0 1 {"key1": "value-1"}
2025-09-03 13:25:10,492 INFO  [io.api.tes.ser.api.KafkaSerdesTester] (ForkJoinPool.commonPool-worker-3) topic-29db5d07_b5e4_4655_85fc_816d820509ad 0 2 {"key1": "value-2"}
2025-09-03 13:25:10,492 INFO  [io.api.tes.ser.api.KafkaSerdesTester] (ForkJoinPool.commonPool-worker-3) topic-29db5d07_b5e4_4655_85fc_816d820509ad 0 3 {"key1": "value-3"}
2025-09-03 13:25:10,492 INFO  [io.api.tes.ser.api.KafkaSerdesTester] (ForkJoinPool.commonPool-worker-3) topic-29db5d07_b5e4_4655_85fc_816d820509ad 0 4 {"key1": "value-4"}
2025-09-03 13:25:10,493 INFO  [io.api.tes.ser.api.KafkaSerdesTester] (ForkJoinPool.commonPool-worker-3) topic-29db5d07_b5e4_4655_85fc_816d820509ad 0 5 {"key1": "value-5"}
2025-09-03 13:25:10,493 INFO  [io.api.tes.ser.api.KafkaSerdesTester] (ForkJoinPool.commonPool-worker-3) topic-29db5d07_b5e4_4655_85fc_816d820509ad 0 6 {"key1": "value-6"}
2025-09-03 13:25:10,493 INFO  [io.api.tes.ser.api.KafkaSerdesTester] (ForkJoinPool.commonPool-worker-3) topic-29db5d07_b5e4_4655_85fc_816d820509ad 0 7 {"key1": "value-7"}
2025-09-03 13:25:10,493 INFO  [io.api.tes.ser.api.KafkaSerdesTester] (ForkJoinPool.commonPool-worker-3) topic-29db5d07_b5e4_4655_85fc_816d820509ad 0 8 {"key1": "value-8"}
2025-09-03 13:25:10,493 INFO  [io.api.tes.ser.api.KafkaSerdesTester] (ForkJoinPool.commonPool-worker-3) topic-29db5d07_b5e4_4655_85fc_816d820509ad 0 9 {"key1": "value-9"}
2025-09-03 13:25:10,493 INFO  [io.api.tes.ser.api.KafkaSerdesTester] (ForkJoinPool.commonPool-worker-3) Consumed 10 messages
2025-09-03 13:25:10,499 INFO  [org.apa.kaf.cli.con.int.ConsumerRebalanceListenerInvoker] (ForkJoinPool.commonPool-worker-3) [Consumer clientId=consumer-Consumer-topic-29db5d07_b5e4_4655_85fc_816d820509ad-38, groupId=Consumer-topic-29db5d07_b5e4_4655_85fc_816d820509ad] Revoke previously assigned partitions topic-29db5d07_b5e4_4655_85fc_816d820509ad-0
2025-09-03 13:25:10,499 INFO  [org.apa.kaf.cli.con.int.ConsumerCoordinator] (ForkJoinPool.commonPool-worker-3) [Consumer clientId=consumer-Consumer-topic-29db5d07_b5e4_4655_85fc_816d820509ad-38, groupId=Consumer-topic-29db5d07_b5e4_4655_85fc_816d820509ad] Member consumer-Consumer-topic-29db5d07_b5e4_4655_85fc_816d820509ad-38-8274d5c2-fa45-4a9c-8993-3cf6c88dbd9c sending LeaveGroup request to coordinator localhost:32769 (id: 2147483647 rack: null) due to the consumer is being closed
2025-09-03 13:25:10,499 INFO  [org.apa.kaf.cli.con.int.ConsumerCoordinator] (ForkJoinPool.commonPool-worker-3) [Consumer clientId=consumer-Consumer-topic-29db5d07_b5e4_4655_85fc_816d820509ad-38, groupId=Consumer-topic-29db5d07_b5e4_4655_85fc_816d820509ad] Resetting generation and member id due to: consumer pro-actively leaving the group
2025-09-03 13:25:10,499 INFO  [org.apa.kaf.cli.con.int.ConsumerCoordinator] (ForkJoinPool.commonPool-worker-3) [Consumer clientId=consumer-Consumer-topic-29db5d07_b5e4_4655_85fc_816d820509ad-38, groupId=Consumer-topic-29db5d07_b5e4_4655_85fc_816d820509ad] Request joining group due to: consumer pro-actively leaving the group
2025-09-03 13:25:10,995 INFO  [org.apa.kaf.com.met.Metrics] (ForkJoinPool.commonPool-worker-3) Metrics scheduler closed
2025-09-03 13:25:10,995 INFO  [org.apa.kaf.com.met.Metrics] (ForkJoinPool.commonPool-worker-3) Closing reporter org.apache.kafka.common.metrics.JmxReporter
2025-09-03 13:25:10,995 INFO  [org.apa.kaf.com.met.Metrics] (ForkJoinPool.commonPool-worker-3) Closing reporter org.apache.kafka.common.telemetry.internals.ClientTelemetryReporter
2025-09-03 13:25:10,995 INFO  [org.apa.kaf.com.met.Metrics] (ForkJoinPool.commonPool-worker-3) Metrics reporters closed
2025-09-03 13:25:10,996 INFO  [org.apa.kaf.com.uti.AppInfoParser] (ForkJoinPool.commonPool-worker-3) App info kafka.consumer for consumer-Consumer-topic-29db5d07_b5e4_4655_85fc_816d820509ad-38 unregistered
2025-09-03 13:25:10,997 INFO  [org.apa.kaf.cli.con.int.ClassicKafkaConsumer] (ForkJoinPool.commonPool-worker-3) [Consumer clientId=consumer-Consumer-topic-af3d3df8_6efb_4fa9_ac04_65543aa71f33-39, groupId=Consumer-topic-af3d3df8_6efb_4fa9_ac04_65543aa71f33] Subscribed to topic(s): topic-af3d3df8_6efb_4fa9_ac04_65543aa71f33
2025-09-03 13:25:11,000 INFO  [org.apa.kaf.cli.Metadata] (ForkJoinPool.commonPool-worker-3) [Consumer clientId=consumer-Consumer-topic-af3d3df8_6efb_4fa9_ac04_65543aa71f33-39, groupId=Consumer-topic-af3d3df8_6efb_4fa9_ac04_65543aa71f33] Cluster ID: Vad1sk8gS_OCqo1-tuet0Q
2025-09-03 13:25:11,000 INFO  [org.apa.kaf.cli.con.int.ConsumerCoordinator] (ForkJoinPool.commonPool-worker-3) [Consumer clientId=consumer-Consumer-topic-af3d3df8_6efb_4fa9_ac04_65543aa71f33-39, groupId=Consumer-topic-af3d3df8_6efb_4fa9_ac04_65543aa71f33] Discovered group coordinator localhost:32769 (id: 2147483647 rack: null)
2025-09-03 13:25:11,000 INFO  [org.apa.kaf.cli.con.int.ConsumerCoordinator] (ForkJoinPool.commonPool-worker-3) [Consumer clientId=consumer-Consumer-topic-af3d3df8_6efb_4fa9_ac04_65543aa71f33-39, groupId=Consumer-topic-af3d3df8_6efb_4fa9_ac04_65543aa71f33] (Re-)joining group
2025-09-03 13:25:11,002 INFO  [org.apa.kaf.cli.con.int.ConsumerCoordinator] (ForkJoinPool.commonPool-worker-3) [Consumer clientId=consumer-Consumer-topic-af3d3df8_6efb_4fa9_ac04_65543aa71f33-39, groupId=Consumer-topic-af3d3df8_6efb_4fa9_ac04_65543aa71f33] Request joining group due to: need to re-join with the given member-id: consumer-Consumer-topic-af3d3df8_6efb_4fa9_ac04_65543aa71f33-39-fe6fb6bc-a6d5-4284-af9e-6764a40a1759
2025-09-03 13:25:11,002 INFO  [org.apa.kaf.cli.con.int.ConsumerCoordinator] (ForkJoinPool.commonPool-worker-3) [Consumer clientId=consumer-Consumer-topic-af3d3df8_6efb_4fa9_ac04_65543aa71f33-39, groupId=Consumer-topic-af3d3df8_6efb_4fa9_ac04_65543aa71f33] (Re-)joining group
2025-09-03 13:25:11,998 INFO  [io.api.tes.ser.api.KafkaSerdesTester] (ForkJoinPool.commonPool-worker-3) None found
2025-09-03 13:25:12,998 INFO  [io.api.tes.ser.api.KafkaSerdesTester] (ForkJoinPool.commonPool-worker-3) None found
2025-09-03 13:25:13,998 INFO  [io.api.tes.ser.api.KafkaSerdesTester] (ForkJoinPool.commonPool-worker-3) None found
2025-09-03 13:25:14,003 INFO  [org.apa.kaf.cli.con.int.ConsumerCoordinator] (ForkJoinPool.commonPool-worker-3) [Consumer clientId=consumer-Consumer-topic-af3d3df8_6efb_4fa9_ac04_65543aa71f33-39, groupId=Consumer-topic-af3d3df8_6efb_4fa9_ac04_65543aa71f33] Successfully joined group with generation Generation{generationId=1, memberId='consumer-Consumer-topic-af3d3df8_6efb_4fa9_ac04_65543aa71f33-39-fe6fb6bc-a6d5-4284-af9e-6764a40a1759', protocol='range'}
2025-09-03 13:25:14,003 INFO  [org.apa.kaf.cli.con.int.ConsumerCoordinator] (ForkJoinPool.commonPool-worker-3) [Consumer clientId=consumer-Consumer-topic-af3d3df8_6efb_4fa9_ac04_65543aa71f33-39, groupId=Consumer-topic-af3d3df8_6efb_4fa9_ac04_65543aa71f33] Finished assignment for group at generation 1: {consumer-Consumer-topic-af3d3df8_6efb_4fa9_ac04_65543aa71f33-39-fe6fb6bc-a6d5-4284-af9e-6764a40a1759=Assignment(partitions=[topic-af3d3df8_6efb_4fa9_ac04_65543aa71f33-0])}
2025-09-03 13:25:14,010 INFO  [org.apa.kaf.cli.con.int.ConsumerCoordinator] (ForkJoinPool.commonPool-worker-3) [Consumer clientId=consumer-Consumer-topic-af3d3df8_6efb_4fa9_ac04_65543aa71f33-39, groupId=Consumer-topic-af3d3df8_6efb_4fa9_ac04_65543aa71f33] Successfully synced group in generation Generation{generationId=1, memberId='consumer-Consumer-topic-af3d3df8_6efb_4fa9_ac04_65543aa71f33-39-fe6fb6bc-a6d5-4284-af9e-6764a40a1759', protocol='range'}
2025-09-03 13:25:14,010 INFO  [org.apa.kaf.cli.con.int.ConsumerCoordinator] (ForkJoinPool.commonPool-worker-3) [Consumer clientId=consumer-Consumer-topic-af3d3df8_6efb_4fa9_ac04_65543aa71f33-39, groupId=Consumer-topic-af3d3df8_6efb_4fa9_ac04_65543aa71f33] Notifying assignor about the new Assignment(partitions=[topic-af3d3df8_6efb_4fa9_ac04_65543aa71f33-0])
2025-09-03 13:25:14,010 INFO  [org.apa.kaf.cli.con.int.ConsumerRebalanceListenerInvoker] (ForkJoinPool.commonPool-worker-3) [Consumer clientId=consumer-Consumer-topic-af3d3df8_6efb_4fa9_ac04_65543aa71f33-39, groupId=Consumer-topic-af3d3df8_6efb_4fa9_ac04_65543aa71f33] Adding newly assigned partitions: topic-af3d3df8_6efb_4fa9_ac04_65543aa71f33-0
2025-09-03 13:25:14,011 INFO  [org.apa.kaf.cli.con.int.ConsumerCoordinator] (ForkJoinPool.commonPool-worker-3) [Consumer clientId=consumer-Consumer-topic-af3d3df8_6efb_4fa9_ac04_65543aa71f33-39, groupId=Consumer-topic-af3d3df8_6efb_4fa9_ac04_65543aa71f33] Found no committed offset for partition topic-af3d3df8_6efb_4fa9_ac04_65543aa71f33-0
2025-09-03 13:25:14,013 INFO  [org.apa.kaf.cli.con.int.SubscriptionState] (ForkJoinPool.commonPool-worker-3) [Consumer clientId=consumer-Consumer-topic-af3d3df8_6efb_4fa9_ac04_65543aa71f33-39, groupId=Consumer-topic-af3d3df8_6efb_4fa9_ac04_65543aa71f33] Resetting offset for partition topic-af3d3df8_6efb_4fa9_ac04_65543aa71f33-0 to position FetchPosition{offset=0, offsetEpoch=Optional.empty, currentLeader=LeaderAndEpoch{leader=Optional[localhost:32769 (id: 0 rack: null)], epoch=0}}.
2025-09-03 13:25:14,043 INFO  [io.api.tes.ser.api.KafkaSerdesTester] (ForkJoinPool.commonPool-worker-3) topic-af3d3df8_6efb_4fa9_ac04_65543aa71f33 0 0 {"key1": "value-0"}
2025-09-03 13:25:14,043 INFO  [io.api.tes.ser.api.KafkaSerdesTester] (ForkJoinPool.commonPool-worker-3) topic-af3d3df8_6efb_4fa9_ac04_65543aa71f33 0 1 {"key1": "value-1"}
2025-09-03 13:25:14,043 INFO  [io.api.tes.ser.api.KafkaSerdesTester] (ForkJoinPool.commonPool-worker-3) topic-af3d3df8_6efb_4fa9_ac04_65543aa71f33 0 2 {"key1": "value-2"}
2025-09-03 13:25:14,043 INFO  [io.api.tes.ser.api.KafkaSerdesTester] (ForkJoinPool.commonPool-worker-3) topic-af3d3df8_6efb_4fa9_ac04_65543aa71f33 0 3 {"key1": "value-3"}
2025-09-03 13:25:14,043 INFO  [io.api.tes.ser.api.KafkaSerdesTester] (ForkJoinPool.commonPool-worker-3) topic-af3d3df8_6efb_4fa9_ac04_65543aa71f33 0 4 {"key1": "value-4"}
2025-09-03 13:25:14,043 INFO  [io.api.tes.ser.api.KafkaSerdesTester] (ForkJoinPool.commonPool-worker-3) topic-af3d3df8_6efb_4fa9_ac04_65543aa71f33 0 5 {"key1": "value-5"}
2025-09-03 13:25:14,043 INFO  [io.api.tes.ser.api.KafkaSerdesTester] (ForkJoinPool.commonPool-worker-3) topic-af3d3df8_6efb_4fa9_ac04_65543aa71f33 0 6 {"key1": "value-6"}
2025-09-03 13:25:14,043 INFO  [io.api.tes.ser.api.KafkaSerdesTester] (ForkJoinPool.commonPool-worker-3) topic-af3d3df8_6efb_4fa9_ac04_65543aa71f33 0 7 {"key1": "value-7"}
2025-09-03 13:25:14,043 INFO  [io.api.tes.ser.api.KafkaSerdesTester] (ForkJoinPool.commonPool-worker-3) topic-af3d3df8_6efb_4fa9_ac04_65543aa71f33 0 8 {"key1": "value-8"}
2025-09-03 13:25:14,043 INFO  [io.api.tes.ser.api.KafkaSerdesTester] (ForkJoinPool.commonPool-worker-3) topic-af3d3df8_6efb_4fa9_ac04_65543aa71f33 0 9 {"key1": "value-9"}
2025-09-03 13:25:14,043 INFO  [io.api.tes.ser.api.KafkaSerdesTester] (ForkJoinPool.commonPool-worker-3) Consumed 10 messages
2025-09-03 13:25:14,050 INFO  [org.apa.kaf.cli.con.int.ConsumerRebalanceListenerInvoker] (ForkJoinPool.commonPool-worker-3) [Consumer clientId=consumer-Consumer-topic-af3d3df8_6efb_4fa9_ac04_65543aa71f33-39, groupId=Consumer-topic-af3d3df8_6efb_4fa9_ac04_65543aa71f33] Revoke previously assigned partitions topic-af3d3df8_6efb_4fa9_ac04_65543aa71f33-0
2025-09-03 13:25:14,050 INFO  [org.apa.kaf.cli.con.int.ConsumerCoordinator] (ForkJoinPool.commonPool-worker-3) [Consumer clientId=consumer-Consumer-topic-af3d3df8_6efb_4fa9_ac04_65543aa71f33-39, groupId=Consumer-topic-af3d3df8_6efb_4fa9_ac04_65543aa71f33] Member consumer-Consumer-topic-af3d3df8_6efb_4fa9_ac04_65543aa71f33-39-fe6fb6bc-a6d5-4284-af9e-6764a40a1759 sending LeaveGroup request to coordinator localhost:32769 (id: 2147483647 rack: null) due to the consumer is being closed
2025-09-03 13:25:14,050 INFO  [org.apa.kaf.cli.con.int.ConsumerCoordinator] (ForkJoinPool.commonPool-worker-3) [Consumer clientId=consumer-Consumer-topic-af3d3df8_6efb_4fa9_ac04_65543aa71f33-39, groupId=Consumer-topic-af3d3df8_6efb_4fa9_ac04_65543aa71f33] Resetting generation and member id due to: consumer pro-actively leaving the group
2025-09-03 13:25:14,050 INFO  [org.apa.kaf.cli.con.int.ConsumerCoordinator] (ForkJoinPool.commonPool-worker-3) [Consumer clientId=consumer-Consumer-topic-af3d3df8_6efb_4fa9_ac04_65543aa71f33-39, groupId=Consumer-topic-af3d3df8_6efb_4fa9_ac04_65543aa71f33] Request joining group due to: consumer pro-actively leaving the group
2025-09-03 13:25:14,545 INFO  [org.apa.kaf.com.met.Metrics] (ForkJoinPool.commonPool-worker-3) Metrics scheduler closed
2025-09-03 13:25:14,545 INFO  [org.apa.kaf.com.met.Metrics] (ForkJoinPool.commonPool-worker-3) Closing reporter org.apache.kafka.common.metrics.JmxReporter
2025-09-03 13:25:14,545 INFO  [org.apa.kaf.com.met.Metrics] (ForkJoinPool.commonPool-worker-3) Closing reporter org.apache.kafka.common.telemetry.internals.ClientTelemetryReporter
2025-09-03 13:25:14,545 INFO  [org.apa.kaf.com.met.Metrics] (ForkJoinPool.commonPool-worker-3) Metrics reporters closed
2025-09-03 13:25:14,546 INFO  [org.apa.kaf.com.uti.AppInfoParser] (ForkJoinPool.commonPool-worker-3) App info kafka.consumer for consumer-Consumer-topic-af3d3df8_6efb_4fa9_ac04_65543aa71f33-39 unregistered
2025-09-03 13:25:14,547 INFO  [org.apa.kaf.cli.con.int.ClassicKafkaConsumer] (ForkJoinPool.commonPool-worker-3) [Consumer clientId=consumer-Consumer-topic-da4106c5_bdfd_4b21_a4ea_d50d6e0b598b-40, groupId=Consumer-topic-da4106c5_bdfd_4b21_a4ea_d50d6e0b598b] Subscribed to topic(s): topic-da4106c5_bdfd_4b21_a4ea_d50d6e0b598b
2025-09-03 13:25:14,549 INFO  [org.apa.kaf.cli.Metadata] (ForkJoinPool.commonPool-worker-3) [Consumer clientId=consumer-Consumer-topic-da4106c5_bdfd_4b21_a4ea_d50d6e0b598b-40, groupId=Consumer-topic-da4106c5_bdfd_4b21_a4ea_d50d6e0b598b] Cluster ID: Vad1sk8gS_OCqo1-tuet0Q
2025-09-03 13:25:14,549 INFO  [org.apa.kaf.cli.con.int.ConsumerCoordinator] (ForkJoinPool.commonPool-worker-3) [Consumer clientId=consumer-Consumer-topic-da4106c5_bdfd_4b21_a4ea_d50d6e0b598b-40, groupId=Consumer-topic-da4106c5_bdfd_4b21_a4ea_d50d6e0b598b] Discovered group coordinator localhost:32769 (id: 2147483647 rack: null)
2025-09-03 13:25:14,550 INFO  [org.apa.kaf.cli.con.int.ConsumerCoordinator] (ForkJoinPool.commonPool-worker-3) [Consumer clientId=consumer-Consumer-topic-da4106c5_bdfd_4b21_a4ea_d50d6e0b598b-40, groupId=Consumer-topic-da4106c5_bdfd_4b21_a4ea_d50d6e0b598b] (Re-)joining group
2025-09-03 13:25:14,551 INFO  [org.apa.kaf.cli.con.int.ConsumerCoordinator] (ForkJoinPool.commonPool-worker-3) [Consumer clientId=consumer-Consumer-topic-da4106c5_bdfd_4b21_a4ea_d50d6e0b598b-40, groupId=Consumer-topic-da4106c5_bdfd_4b21_a4ea_d50d6e0b598b] Request joining group due to: need to re-join with the given member-id: consumer-Consumer-topic-da4106c5_bdfd_4b21_a4ea_d50d6e0b598b-40-d82884c3-04df-4321-ad4d-3281b5d67d05
2025-09-03 13:25:14,551 INFO  [org.apa.kaf.cli.con.int.ConsumerCoordinator] (ForkJoinPool.commonPool-worker-3) [Consumer clientId=consumer-Consumer-topic-da4106c5_bdfd_4b21_a4ea_d50d6e0b598b-40, groupId=Consumer-topic-da4106c5_bdfd_4b21_a4ea_d50d6e0b598b] (Re-)joining group
2025-09-03 13:25:15,547 INFO  [io.api.tes.ser.api.KafkaSerdesTester] (ForkJoinPool.commonPool-worker-3) None found
2025-09-03 13:25:16,547 INFO  [io.api.tes.ser.api.KafkaSerdesTester] (ForkJoinPool.commonPool-worker-3) None found
2025-09-03 13:25:17,547 INFO  [io.api.tes.ser.api.KafkaSerdesTester] (ForkJoinPool.commonPool-worker-3) None found
2025-09-03 13:25:17,553 INFO  [org.apa.kaf.cli.con.int.ConsumerCoordinator] (ForkJoinPool.commonPool-worker-3) [Consumer clientId=consumer-Consumer-topic-da4106c5_bdfd_4b21_a4ea_d50d6e0b598b-40, groupId=Consumer-topic-da4106c5_bdfd_4b21_a4ea_d50d6e0b598b] Successfully joined group with generation Generation{generationId=1, memberId='consumer-Consumer-topic-da4106c5_bdfd_4b21_a4ea_d50d6e0b598b-40-d82884c3-04df-4321-ad4d-3281b5d67d05', protocol='range'}
2025-09-03 13:25:17,553 INFO  [org.apa.kaf.cli.con.int.ConsumerCoordinator] (ForkJoinPool.commonPool-worker-3) [Consumer clientId=consumer-Consumer-topic-da4106c5_bdfd_4b21_a4ea_d50d6e0b598b-40, groupId=Consumer-topic-da4106c5_bdfd_4b21_a4ea_d50d6e0b598b] Finished assignment for group at generation 1: {consumer-Consumer-topic-da4106c5_bdfd_4b21_a4ea_d50d6e0b598b-40-d82884c3-04df-4321-ad4d-3281b5d67d05=Assignment(partitions=[topic-da4106c5_bdfd_4b21_a4ea_d50d6e0b598b-0])}
2025-09-03 13:25:17,559 INFO  [org.apa.kaf.cli.con.int.ConsumerCoordinator] (ForkJoinPool.commonPool-worker-3) [Consumer clientId=consumer-Consumer-topic-da4106c5_bdfd_4b21_a4ea_d50d6e0b598b-40, groupId=Consumer-topic-da4106c5_bdfd_4b21_a4ea_d50d6e0b598b] Successfully synced group in generation Generation{generationId=1, memberId='consumer-Consumer-topic-da4106c5_bdfd_4b21_a4ea_d50d6e0b598b-40-d82884c3-04df-4321-ad4d-3281b5d67d05', protocol='range'}
2025-09-03 13:25:17,559 INFO  [org.apa.kaf.cli.con.int.ConsumerCoordinator] (ForkJoinPool.commonPool-worker-3) [Consumer clientId=consumer-Consumer-topic-da4106c5_bdfd_4b21_a4ea_d50d6e0b598b-40, groupId=Consumer-topic-da4106c5_bdfd_4b21_a4ea_d50d6e0b598b] Notifying assignor about the new Assignment(partitions=[topic-da4106c5_bdfd_4b21_a4ea_d50d6e0b598b-0])
2025-09-03 13:25:17,559 INFO  [org.apa.kaf.cli.con.int.ConsumerRebalanceListenerInvoker] (ForkJoinPool.commonPool-worker-3) [Consumer clientId=consumer-Consumer-topic-da4106c5_bdfd_4b21_a4ea_d50d6e0b598b-40, groupId=Consumer-topic-da4106c5_bdfd_4b21_a4ea_d50d6e0b598b] Adding newly assigned partitions: topic-da4106c5_bdfd_4b21_a4ea_d50d6e0b598b-0
2025-09-03 13:25:17,560 INFO  [org.apa.kaf.cli.con.int.ConsumerCoordinator] (ForkJoinPool.commonPool-worker-3) [Consumer clientId=consumer-Consumer-topic-da4106c5_bdfd_4b21_a4ea_d50d6e0b598b-40, groupId=Consumer-topic-da4106c5_bdfd_4b21_a4ea_d50d6e0b598b] Found no committed offset for partition topic-da4106c5_bdfd_4b21_a4ea_d50d6e0b598b-0
2025-09-03 13:25:17,562 INFO  [org.apa.kaf.cli.con.int.SubscriptionState] (ForkJoinPool.commonPool-worker-3) [Consumer clientId=consumer-Consumer-topic-da4106c5_bdfd_4b21_a4ea_d50d6e0b598b-40, groupId=Consumer-topic-da4106c5_bdfd_4b21_a4ea_d50d6e0b598b] Resetting offset for partition topic-da4106c5_bdfd_4b21_a4ea_d50d6e0b598b-0 to position FetchPosition{offset=0, offsetEpoch=Optional.empty, currentLeader=LeaderAndEpoch{leader=Optional[localhost:32769 (id: 0 rack: null)], epoch=0}}.
2025-09-03 13:25:17,596 INFO  [io.api.tes.ser.api.KafkaSerdesTester] (ForkJoinPool.commonPool-worker-3) topic-da4106c5_bdfd_4b21_a4ea_d50d6e0b598b 0 0 {"key1": "value-0"}
2025-09-03 13:25:17,596 INFO  [io.api.tes.ser.api.KafkaSerdesTester] (ForkJoinPool.commonPool-worker-3) topic-da4106c5_bdfd_4b21_a4ea_d50d6e0b598b 0 1 {"key1": "value-1"}
2025-09-03 13:25:17,596 INFO  [io.api.tes.ser.api.KafkaSerdesTester] (ForkJoinPool.commonPool-worker-3) topic-da4106c5_bdfd_4b21_a4ea_d50d6e0b598b 0 2 {"key1": "value-2"}
2025-09-03 13:25:17,596 INFO  [io.api.tes.ser.api.KafkaSerdesTester] (ForkJoinPool.commonPool-worker-3) topic-da4106c5_bdfd_4b21_a4ea_d50d6e0b598b 0 3 {"key1": "value-3"}
2025-09-03 13:25:17,596 INFO  [io.api.tes.ser.api.KafkaSerdesTester] (ForkJoinPool.commonPool-worker-3) topic-da4106c5_bdfd_4b21_a4ea_d50d6e0b598b 0 4 {"key1": "value-4"}
2025-09-03 13:25:17,596 INFO  [io.api.tes.ser.api.KafkaSerdesTester] (ForkJoinPool.commonPool-worker-3) topic-da4106c5_bdfd_4b21_a4ea_d50d6e0b598b 0 5 {"key1": "value-5"}
2025-09-03 13:25:17,596 INFO  [io.api.tes.ser.api.KafkaSerdesTester] (ForkJoinPool.commonPool-worker-3) topic-da4106c5_bdfd_4b21_a4ea_d50d6e0b598b 0 6 {"key1": "value-6"}
2025-09-03 13:25:17,596 INFO  [io.api.tes.ser.api.KafkaSerdesTester] (ForkJoinPool.commonPool-worker-3) topic-da4106c5_bdfd_4b21_a4ea_d50d6e0b598b 0 7 {"key1": "value-7"}
2025-09-03 13:25:17,596 INFO  [io.api.tes.ser.api.KafkaSerdesTester] (ForkJoinPool.commonPool-worker-3) topic-da4106c5_bdfd_4b21_a4ea_d50d6e0b598b 0 8 {"key1": "value-8"}
2025-09-03 13:25:17,596 INFO  [io.api.tes.ser.api.KafkaSerdesTester] (ForkJoinPool.commonPool-worker-3) topic-da4106c5_bdfd_4b21_a4ea_d50d6e0b598b 0 9 {"key1": "value-9"}
2025-09-03 13:25:17,596 INFO  [io.api.tes.ser.api.KafkaSerdesTester] (ForkJoinPool.commonPool-worker-3) Consumed 10 messages
2025-09-03 13:25:17,602 INFO  [org.apa.kaf.cli.con.int.ConsumerRebalanceListenerInvoker] (ForkJoinPool.commonPool-worker-3) [Consumer clientId=consumer-Consumer-topic-da4106c5_bdfd_4b21_a4ea_d50d6e0b598b-40, groupId=Consumer-topic-da4106c5_bdfd_4b21_a4ea_d50d6e0b598b] Revoke previously assigned partitions topic-da4106c5_bdfd_4b21_a4ea_d50d6e0b598b-0
2025-09-03 13:25:17,602 INFO  [org.apa.kaf.cli.con.int.ConsumerCoordinator] (ForkJoinPool.commonPool-worker-3) [Consumer clientId=consumer-Consumer-topic-da4106c5_bdfd_4b21_a4ea_d50d6e0b598b-40, groupId=Consumer-topic-da4106c5_bdfd_4b21_a4ea_d50d6e0b598b] Member consumer-Consumer-topic-da4106c5_bdfd_4b21_a4ea_d50d6e0b598b-40-d82884c3-04df-4321-ad4d-3281b5d67d05 sending LeaveGroup request to coordinator localhost:32769 (id: 2147483647 rack: null) due to the consumer is being closed
2025-09-03 13:25:17,603 INFO  [org.apa.kaf.cli.con.int.ConsumerCoordinator] (ForkJoinPool.commonPool-worker-3) [Consumer clientId=consumer-Consumer-topic-da4106c5_bdfd_4b21_a4ea_d50d6e0b598b-40, groupId=Consumer-topic-da4106c5_bdfd_4b21_a4ea_d50d6e0b598b] Resetting generation and member id due to: consumer pro-actively leaving the group
2025-09-03 13:25:17,603 INFO  [org.apa.kaf.cli.con.int.ConsumerCoordinator] (ForkJoinPool.commonPool-worker-3) [Consumer clientId=consumer-Consumer-topic-da4106c5_bdfd_4b21_a4ea_d50d6e0b598b-40, groupId=Consumer-topic-da4106c5_bdfd_4b21_a4ea_d50d6e0b598b] Request joining group due to: consumer pro-actively leaving the group
2025-09-03 13:25:18,098 INFO  [org.apa.kaf.com.met.Metrics] (ForkJoinPool.commonPool-worker-3) Metrics scheduler closed
2025-09-03 13:25:18,098 INFO  [org.apa.kaf.com.met.Metrics] (ForkJoinPool.commonPool-worker-3) Closing reporter org.apache.kafka.common.metrics.JmxReporter
2025-09-03 13:25:18,098 INFO  [org.apa.kaf.com.met.Metrics] (ForkJoinPool.commonPool-worker-3) Closing reporter org.apache.kafka.common.telemetry.internals.ClientTelemetryReporter
2025-09-03 13:25:18,098 INFO  [org.apa.kaf.com.met.Metrics] (ForkJoinPool.commonPool-worker-3) Metrics reporters closed
2025-09-03 13:25:18,099 INFO  [org.apa.kaf.com.uti.AppInfoParser] (ForkJoinPool.commonPool-worker-3) App info kafka.consumer for consumer-Consumer-topic-da4106c5_bdfd_4b21_a4ea_d50d6e0b598b-40 unregistered
2025-09-03 13:25:18,132 INFO  [io.api.tes.ser.con.BasicConfluentSerDesIT] (main) Deleting confluent schema myrecordconfluent6
2025-09-03 13:25:18,146 INFO  [io.api.tes.uti.TestSeparator] (main) io.apicurio.tests.serdes.confluent.BasicConfluentSerDesIT.testAvroConfluentForMultipleTopics-FINISHED
2025-09-03 13:25:18,146 INFO  [io.api.tes.uti.TestSeparator] (main) ############################################################################
Test passed: testAvroConfluentForMultipleTopics
]]></system-out>
  </testcase>
  <testcase name="testAvroConfluentApicurio" classname="io.apicurio.tests.serdes.confluent.BasicConfluentSerDesIT" time="3.786">
    <system-out><![CDATA[2025-09-03 13:25:18,147 INFO  [io.api.tes.uti.TestSeparator] (main) ############################################################################
2025-09-03 13:25:18,147 INFO  [io.api.tes.uti.TestSeparator] (main) io.apicurio.tests.serdes.confluent.BasicConfluentSerDesIT.testAvroConfluentApicurio-STARTED
2025-09-03 13:25:18,186 INFO  [io.api.tes.ser.con.BasicConfluentSerDesIT] (main) Checking that created schema is equal to the get schema
2025-09-03 13:25:18,196 INFO  [io.api.tes.ser.con.BasicConfluentSerDesIT] (main) Created schema with id:52 and name:myrecordconfluent1
**** Registry Base URL: http://registry-app-pg17.apps.ci419.apicurio-testing.org:80
2025-09-03 13:25:18,197 INFO  [org.apa.kaf.cli.pro.ProducerConfig] (main) ProducerConfig values: 
	acks = -1
	auto.include.jmx.reporter = true
	batch.size = 16384
	bootstrap.servers = [PLAINTEXT://localhost:32769]
	buffer.memory = 33554432
	client.dns.lookup = use_all_dns_ips
	client.id = Producer-topic-ec64d7c9_182f_4714_b51a_3f238bac7780
	compression.gzip.level = -1
	compression.lz4.level = 9
	compression.type = none
	compression.zstd.level = 3
	connections.max.idle.ms = 10000
	delivery.timeout.ms = 120000
	enable.idempotence = true
	enable.metrics.push = true
	interceptor.classes = []
	key.serializer = class org.apache.kafka.common.serialization.StringSerializer
	linger.ms = 0
	max.block.ms = 60000
	max.in.flight.requests.per.connection = 5
	max.request.size = 1048576
	metadata.max.age.ms = 300000
	metadata.max.idle.ms = 300000
	metadata.recovery.strategy = none
	metric.reporters = []
	metrics.num.samples = 2
	metrics.recording.level = INFO
	metrics.sample.window.ms = 30000
	partitioner.adaptive.partitioning.enable = true
	partitioner.availability.timeout.ms = 0
	partitioner.class = null
	partitioner.ignore.keys = false
	receive.buffer.bytes = 32768
	reconnect.backoff.max.ms = 1000
	reconnect.backoff.ms = 50
	request.timeout.ms = 5000
	retries = 2147483647
	retry.backoff.max.ms = 1000
	retry.backoff.ms = 100
	sasl.client.callback.handler.class = null
	sasl.jaas.config = null
	sasl.kerberos.kinit.cmd = /usr/bin/kinit
	sasl.kerberos.min.time.before.relogin = 60000
	sasl.kerberos.service.name = null
	sasl.kerberos.ticket.renew.jitter = 0.05
	sasl.kerberos.ticket.renew.window.factor = 0.8
	sasl.login.callback.handler.class = null
	sasl.login.class = null
	sasl.login.connect.timeout.ms = null
	sasl.login.read.timeout.ms = null
	sasl.login.refresh.buffer.seconds = 300
	sasl.login.refresh.min.period.seconds = 60
	sasl.login.refresh.window.factor = 0.8
	sasl.login.refresh.window.jitter = 0.05
	sasl.login.retry.backoff.max.ms = 10000
	sasl.login.retry.backoff.ms = 100
	sasl.mechanism = GSSAPI
	sasl.oauthbearer.clock.skew.seconds = 30
	sasl.oauthbearer.expected.audience = null
	sasl.oauthbearer.expected.issuer = null
	sasl.oauthbearer.header.urlencode = false
	sasl.oauthbearer.jwks.endpoint.refresh.ms = 3600000
	sasl.oauthbearer.jwks.endpoint.retry.backoff.max.ms = 10000
	sasl.oauthbearer.jwks.endpoint.retry.backoff.ms = 100
	sasl.oauthbearer.jwks.endpoint.url = null
	sasl.oauthbearer.scope.claim.name = scope
	sasl.oauthbearer.sub.claim.name = sub
	sasl.oauthbearer.token.endpoint.url = null
	security.protocol = PLAINTEXT
	security.providers = null
	send.buffer.bytes = 131072
	socket.connection.setup.timeout.max.ms = 30000
	socket.connection.setup.timeout.ms = 10000
	ssl.cipher.suites = null
	ssl.enabled.protocols = [TLSv1.2, TLSv1.3]
	ssl.endpoint.identification.algorithm = https
	ssl.engine.factory.class = null
	ssl.key.password = null
	ssl.keymanager.algorithm = SunX509
	ssl.keystore.certificate.chain = null
	ssl.keystore.key = null
	ssl.keystore.location = null
	ssl.keystore.password = null
	ssl.keystore.type = JKS
	ssl.protocol = TLSv1.3
	ssl.provider = null
	ssl.secure.random.implementation = null
	ssl.trustmanager.algorithm = PKIX
	ssl.truststore.certificates = null
	ssl.truststore.location = null
	ssl.truststore.password = null
	ssl.truststore.type = JKS
	transaction.timeout.ms = 60000
	transactional.id = null
	value.serializer = class io.confluent.kafka.serializers.KafkaAvroSerializer

2025-09-03 13:25:18,197 INFO  [org.apa.kaf.com.tel.int.KafkaMetricsCollector] (main) initializing Kafka metrics collector
2025-09-03 13:25:18,197 INFO  [io.con.kaf.ser.KafkaAvroSerializerConfig] (main) KafkaAvroSerializerConfig values: 
	auto.register.schemas = false
	avro.reflection.allow.null = false
	avro.remove.java.properties = false
	avro.use.logical.type.converters = false
	basic.auth.credentials.source = URL
	basic.auth.user.info = [hidden]
	bearer.auth.cache.expiry.buffer.seconds = 300
	bearer.auth.client.id = null
	bearer.auth.client.secret = null
	bearer.auth.credentials.source = STATIC_TOKEN
	bearer.auth.custom.provider.class = null
	bearer.auth.identity.pool.id = null
	bearer.auth.issuer.endpoint.url = null
	bearer.auth.logical.cluster = null
	bearer.auth.scope = null
	bearer.auth.scope.claim.name = scope
	bearer.auth.sub.claim.name = sub
	bearer.auth.token = [hidden]
	context.name.strategy = class io.confluent.kafka.serializers.context.NullContextNameStrategy
	http.connect.timeout.ms = 60000
	http.read.timeout.ms = 60000
	id.compatibility.strict = true
	key.schema.id.deserializer = class io.confluent.kafka.serializers.schema.id.DualSchemaIdDeserializer
	key.schema.id.serializer = class io.confluent.kafka.serializers.schema.id.PrefixSchemaIdSerializer
	key.subject.name.strategy = class io.confluent.kafka.serializers.subject.TopicNameStrategy
	latest.cache.size = 1000
	latest.cache.ttl.sec = -1
	latest.compatibility.strict = true
	max.retries = 3
	max.schemas.per.subject = 1000
	normalize.schemas = false
	propagate.schema.tags = false
	proxy.host = 
	proxy.port = -1
	retries.max.wait.ms = 20000
	retries.wait.ms = 1000
	rule.actions = []
	rule.executors = []
	rule.service.loader.enable = true
	schema.format = null
	schema.reflection = false
	schema.registry.basic.auth.user.info = [hidden]
	schema.registry.ssl.cipher.suites = null
	schema.registry.ssl.enabled.protocols = [TLSv1.2, TLSv1.3]
	schema.registry.ssl.endpoint.identification.algorithm = https
	schema.registry.ssl.engine.factory.class = null
	schema.registry.ssl.key.password = null
	schema.registry.ssl.keymanager.algorithm = SunX509
	schema.registry.ssl.keystore.certificate.chain = null
	schema.registry.ssl.keystore.key = null
	schema.registry.ssl.keystore.location = null
	schema.registry.ssl.keystore.password = null
	schema.registry.ssl.keystore.type = JKS
	schema.registry.ssl.protocol = TLSv1.3
	schema.registry.ssl.provider = null
	schema.registry.ssl.secure.random.implementation = null
	schema.registry.ssl.trustmanager.algorithm = PKIX
	schema.registry.ssl.truststore.certificates = null
	schema.registry.ssl.truststore.location = null
	schema.registry.ssl.truststore.password = null
	schema.registry.ssl.truststore.type = JKS
	schema.registry.url = [http://registry-app-pg17.apps.ci419.apicurio-testing.org:80/apis/ccompat/v7]
	schema.registry.url.randomize = false
	use.latest.version = false
	use.latest.with.metadata = null
	use.schema.id = -1
	value.schema.id.deserializer = class io.confluent.kafka.serializers.schema.id.DualSchemaIdDeserializer
	value.schema.id.serializer = class io.confluent.kafka.serializers.schema.id.PrefixSchemaIdSerializer
	value.subject.name.strategy = class io.confluent.kafka.serializers.subject.TopicNameStrategy

2025-09-03 13:25:18,199 INFO  [org.apa.kaf.cli.pro.KafkaProducer] (main) [Producer clientId=Producer-topic-ec64d7c9_182f_4714_b51a_3f238bac7780] Instantiated an idempotent producer.
2025-09-03 13:25:18,200 INFO  [org.apa.kaf.cli.pro.ProducerConfig] (main) These configurations '[schema.registry.url, auto.register.schemas, value.subject.name.strategy]' were supplied but are not used yet.
2025-09-03 13:25:18,200 INFO  [org.apa.kaf.com.uti.AppInfoParser] (main) Kafka version: 3.9.1
2025-09-03 13:25:18,200 INFO  [org.apa.kaf.com.uti.AppInfoParser] (main) Kafka commitId: f745dfdcee2b9851
2025-09-03 13:25:18,200 INFO  [org.apa.kaf.com.uti.AppInfoParser] (main) Kafka startTimeMs: 1756905918200
2025-09-03 13:25:18,200 INFO  [io.api.tes.ser.api.SimpleSerdesTesterBuilder$SimpleSerdesTester] (main) Using producer configuration: {schema.registry.url=http://registry-app-pg17.apps.ci419.apicurio-testing.org:80/apis/ccompat/v7, value.serializer=io.confluent.kafka.serializers.KafkaAvroSerializer, request.timeout.ms=5000, auto.register.schemas=false, acks=all, bootstrap.servers=PLAINTEXT://localhost:32769, connections.max.idle.ms=10000, key.serializer=org.apache.kafka.common.serialization.StringSerializer, value.subject.name.strategy=io.confluent.kafka.serializers.subject.TopicNameStrategy, client.id=Producer-topic-ec64d7c9_182f_4714_b51a_3f238bac7780}
2025-09-03 13:25:18,200 INFO  [io.api.tes.ser.api.SimpleSerdesTesterBuilder$SimpleSerdesTester] (main) Using consumer configuration: {}
2025-09-03 13:25:18,200 INFO  [io.api.tes.ser.api.KafkaSerdesTester] (ForkJoinPool.commonPool-worker-3) Sending message {"key1": "value-0"} to topic topic-ec64d7c9_182f_4714_b51a_3f238bac7780
2025-09-03 13:25:18,202 WARN  [org.apa.kaf.cli.NetworkClient] (kafka-producer-network-thread | Producer-topic-ec64d7c9_182f_4714_b51a_3f238bac7780) [Producer clientId=Producer-topic-ec64d7c9_182f_4714_b51a_3f238bac7780] The metadata response from the cluster reported a recoverable issue with correlation id 1 : {topic-ec64d7c9_182f_4714_b51a_3f238bac7780=UNKNOWN_TOPIC_OR_PARTITION}
2025-09-03 13:25:18,202 INFO  [org.apa.kaf.cli.Metadata] (kafka-producer-network-thread | Producer-topic-ec64d7c9_182f_4714_b51a_3f238bac7780) [Producer clientId=Producer-topic-ec64d7c9_182f_4714_b51a_3f238bac7780] Cluster ID: Vad1sk8gS_OCqo1-tuet0Q
2025-09-03 13:25:18,202 INFO  [org.apa.kaf.cli.pro.int.TransactionManager] (kafka-producer-network-thread | Producer-topic-ec64d7c9_182f_4714_b51a_3f238bac7780) [Producer clientId=Producer-topic-ec64d7c9_182f_4714_b51a_3f238bac7780] ProducerId set to 54 with epoch 0
2025-09-03 13:25:18,331 INFO  [io.api.tes.ser.api.KafkaSerdesTester] (ForkJoinPool.commonPool-worker-3) Sending message {"key1": "value-1"} to topic topic-ec64d7c9_182f_4714_b51a_3f238bac7780
2025-09-03 13:25:18,333 INFO  [io.api.tes.ser.api.KafkaSerdesTester] (ForkJoinPool.commonPool-worker-3) Sending message {"key1": "value-2"} to topic topic-ec64d7c9_182f_4714_b51a_3f238bac7780
2025-09-03 13:25:18,335 INFO  [io.api.tes.ser.api.KafkaSerdesTester] (ForkJoinPool.commonPool-worker-3) Sending message {"key1": "value-3"} to topic topic-ec64d7c9_182f_4714_b51a_3f238bac7780
2025-09-03 13:25:18,336 INFO  [io.api.tes.ser.api.KafkaSerdesTester] (ForkJoinPool.commonPool-worker-3) Sending message {"key1": "value-4"} to topic topic-ec64d7c9_182f_4714_b51a_3f238bac7780
2025-09-03 13:25:18,337 INFO  [io.api.tes.ser.api.KafkaSerdesTester] (ForkJoinPool.commonPool-worker-3) Sending message {"key1": "value-5"} to topic topic-ec64d7c9_182f_4714_b51a_3f238bac7780
2025-09-03 13:25:18,338 INFO  [io.api.tes.ser.api.KafkaSerdesTester] (ForkJoinPool.commonPool-worker-3) Sending message {"key1": "value-6"} to topic topic-ec64d7c9_182f_4714_b51a_3f238bac7780
2025-09-03 13:25:18,339 INFO  [io.api.tes.ser.api.KafkaSerdesTester] (ForkJoinPool.commonPool-worker-3) Sending message {"key1": "value-7"} to topic topic-ec64d7c9_182f_4714_b51a_3f238bac7780
2025-09-03 13:25:18,339 INFO  [io.api.tes.ser.api.KafkaSerdesTester] (ForkJoinPool.commonPool-worker-3) Sending message {"key1": "value-8"} to topic topic-ec64d7c9_182f_4714_b51a_3f238bac7780
2025-09-03 13:25:18,340 INFO  [io.api.tes.ser.api.KafkaSerdesTester] (ForkJoinPool.commonPool-worker-3) Sending message {"key1": "value-9"} to topic topic-ec64d7c9_182f_4714_b51a_3f238bac7780
2025-09-03 13:25:18,341 INFO  [io.api.tes.ser.api.KafkaSerdesTester] (ForkJoinPool.commonPool-worker-3) Produced 10 messages
2025-09-03 13:25:18,341 INFO  [org.apa.kaf.cli.pro.KafkaProducer] (ForkJoinPool.commonPool-worker-3) [Producer clientId=Producer-topic-ec64d7c9_182f_4714_b51a_3f238bac7780] Closing the Kafka producer with timeoutMillis = 9223372036854775807 ms.
2025-09-03 13:25:18,342 INFO  [org.apa.kaf.com.met.Metrics] (ForkJoinPool.commonPool-worker-3) Metrics scheduler closed
2025-09-03 13:25:18,342 INFO  [org.apa.kaf.com.met.Metrics] (ForkJoinPool.commonPool-worker-3) Closing reporter org.apache.kafka.common.metrics.JmxReporter
2025-09-03 13:25:18,342 INFO  [org.apa.kaf.com.met.Metrics] (ForkJoinPool.commonPool-worker-3) Closing reporter org.apache.kafka.common.telemetry.internals.ClientTelemetryReporter
2025-09-03 13:25:18,342 INFO  [org.apa.kaf.com.met.Metrics] (ForkJoinPool.commonPool-worker-3) Metrics reporters closed
2025-09-03 13:25:18,342 INFO  [org.apa.kaf.com.uti.AppInfoParser] (ForkJoinPool.commonPool-worker-3) App info kafka.producer for Producer-topic-ec64d7c9_182f_4714_b51a_3f238bac7780 unregistered
**** Registry Base URL: http://registry-app-pg17.apps.ci419.apicurio-testing.org:80
2025-09-03 13:25:18,342 INFO  [org.apa.kaf.cli.con.ConsumerConfig] (main) ConsumerConfig values: 
	allow.auto.create.topics = true
	auto.commit.interval.ms = 500
	auto.include.jmx.reporter = true
	auto.offset.reset = earliest
	bootstrap.servers = [PLAINTEXT://localhost:32769]
	check.crcs = true
	client.dns.lookup = use_all_dns_ips
	client.id = consumer-Consumer-topic-ec64d7c9_182f_4714_b51a_3f238bac7780-41
	client.rack = 
	connections.max.idle.ms = 10000
	default.api.timeout.ms = 60000
	enable.auto.commit = true
	enable.metrics.push = true
	exclude.internal.topics = true
	fetch.max.bytes = 52428800
	fetch.max.wait.ms = 500
	fetch.min.bytes = 1
	group.id = Consumer-topic-ec64d7c9_182f_4714_b51a_3f238bac7780
	group.instance.id = null
	group.protocol = classic
	group.remote.assignor = null
	heartbeat.interval.ms = 3000
	interceptor.classes = []
	internal.leave.group.on.close = true
	internal.throw.on.fetch.stable.offset.unsupported = false
	isolation.level = read_uncommitted
	key.deserializer = class org.apache.kafka.common.serialization.StringDeserializer
	max.partition.fetch.bytes = 1048576
	max.poll.interval.ms = 300000
	max.poll.records = 500
	metadata.max.age.ms = 300000
	metadata.recovery.strategy = none
	metric.reporters = []
	metrics.num.samples = 2
	metrics.recording.level = INFO
	metrics.sample.window.ms = 30000
	partition.assignment.strategy = [class org.apache.kafka.clients.consumer.RangeAssignor, class org.apache.kafka.clients.consumer.CooperativeStickyAssignor]
	receive.buffer.bytes = 65536
	reconnect.backoff.max.ms = 1000
	reconnect.backoff.ms = 50
	request.timeout.ms = 5000
	retry.backoff.max.ms = 1000
	retry.backoff.ms = 100
	sasl.client.callback.handler.class = null
	sasl.jaas.config = null
	sasl.kerberos.kinit.cmd = /usr/bin/kinit
	sasl.kerberos.min.time.before.relogin = 60000
	sasl.kerberos.service.name = null
	sasl.kerberos.ticket.renew.jitter = 0.05
	sasl.kerberos.ticket.renew.window.factor = 0.8
	sasl.login.callback.handler.class = null
	sasl.login.class = null
	sasl.login.connect.timeout.ms = null
	sasl.login.read.timeout.ms = null
	sasl.login.refresh.buffer.seconds = 300
	sasl.login.refresh.min.period.seconds = 60
	sasl.login.refresh.window.factor = 0.8
	sasl.login.refresh.window.jitter = 0.05
	sasl.login.retry.backoff.max.ms = 10000
	sasl.login.retry.backoff.ms = 100
	sasl.mechanism = GSSAPI
	sasl.oauthbearer.clock.skew.seconds = 30
	sasl.oauthbearer.expected.audience = null
	sasl.oauthbearer.expected.issuer = null
	sasl.oauthbearer.header.urlencode = false
	sasl.oauthbearer.jwks.endpoint.refresh.ms = 3600000
	sasl.oauthbearer.jwks.endpoint.retry.backoff.max.ms = 10000
	sasl.oauthbearer.jwks.endpoint.retry.backoff.ms = 100
	sasl.oauthbearer.jwks.endpoint.url = null
	sasl.oauthbearer.scope.claim.name = scope
	sasl.oauthbearer.sub.claim.name = sub
	sasl.oauthbearer.token.endpoint.url = null
	security.protocol = PLAINTEXT
	security.providers = null
	send.buffer.bytes = 131072
	session.timeout.ms = 45000
	socket.connection.setup.timeout.max.ms = 30000
	socket.connection.setup.timeout.ms = 10000
	ssl.cipher.suites = null
	ssl.enabled.protocols = [TLSv1.2, TLSv1.3]
	ssl.endpoint.identification.algorithm = https
	ssl.engine.factory.class = null
	ssl.key.password = null
	ssl.keymanager.algorithm = SunX509
	ssl.keystore.certificate.chain = null
	ssl.keystore.key = null
	ssl.keystore.location = null
	ssl.keystore.password = null
	ssl.keystore.type = JKS
	ssl.protocol = TLSv1.3
	ssl.provider = null
	ssl.secure.random.implementation = null
	ssl.trustmanager.algorithm = PKIX
	ssl.truststore.certificates = null
	ssl.truststore.location = null
	ssl.truststore.password = null
	ssl.truststore.type = JKS
	value.deserializer = class io.apicurio.registry.serde.avro.AvroKafkaDeserializer

2025-09-03 13:25:18,342 INFO  [org.apa.kaf.com.tel.int.KafkaMetricsCollector] (main) initializing Kafka metrics collector
2025-09-03 13:25:18,346 INFO  [org.apa.kaf.cli.con.ConsumerConfig] (main) These configurations '[apicurio.registry.url]' were supplied but are not used yet.
2025-09-03 13:25:18,346 INFO  [org.apa.kaf.com.uti.AppInfoParser] (main) Kafka version: 3.9.1
2025-09-03 13:25:18,346 INFO  [org.apa.kaf.com.uti.AppInfoParser] (main) Kafka commitId: f745dfdcee2b9851
2025-09-03 13:25:18,346 INFO  [org.apa.kaf.com.uti.AppInfoParser] (main) Kafka startTimeMs: 1756905918346
2025-09-03 13:25:18,346 INFO  [org.apa.kaf.cli.con.int.ClassicKafkaConsumer] (ForkJoinPool.commonPool-worker-3) [Consumer clientId=consumer-Consumer-topic-ec64d7c9_182f_4714_b51a_3f238bac7780-41, groupId=Consumer-topic-ec64d7c9_182f_4714_b51a_3f238bac7780] Subscribed to topic(s): topic-ec64d7c9_182f_4714_b51a_3f238bac7780
2025-09-03 13:25:18,348 INFO  [org.apa.kaf.cli.Metadata] (ForkJoinPool.commonPool-worker-3) [Consumer clientId=consumer-Consumer-topic-ec64d7c9_182f_4714_b51a_3f238bac7780-41, groupId=Consumer-topic-ec64d7c9_182f_4714_b51a_3f238bac7780] Cluster ID: Vad1sk8gS_OCqo1-tuet0Q
2025-09-03 13:25:18,349 INFO  [org.apa.kaf.cli.con.int.ConsumerCoordinator] (ForkJoinPool.commonPool-worker-3) [Consumer clientId=consumer-Consumer-topic-ec64d7c9_182f_4714_b51a_3f238bac7780-41, groupId=Consumer-topic-ec64d7c9_182f_4714_b51a_3f238bac7780] Discovered group coordinator localhost:32769 (id: 2147483647 rack: null)
2025-09-03 13:25:18,349 INFO  [org.apa.kaf.cli.con.int.ConsumerCoordinator] (ForkJoinPool.commonPool-worker-3) [Consumer clientId=consumer-Consumer-topic-ec64d7c9_182f_4714_b51a_3f238bac7780-41, groupId=Consumer-topic-ec64d7c9_182f_4714_b51a_3f238bac7780] (Re-)joining group
2025-09-03 13:25:18,351 INFO  [org.apa.kaf.cli.con.int.ConsumerCoordinator] (ForkJoinPool.commonPool-worker-3) [Consumer clientId=consumer-Consumer-topic-ec64d7c9_182f_4714_b51a_3f238bac7780-41, groupId=Consumer-topic-ec64d7c9_182f_4714_b51a_3f238bac7780] Request joining group due to: need to re-join with the given member-id: consumer-Consumer-topic-ec64d7c9_182f_4714_b51a_3f238bac7780-41-e5583e62-50c5-47ad-bf43-719ca0cc4014
2025-09-03 13:25:18,351 INFO  [org.apa.kaf.cli.con.int.ConsumerCoordinator] (ForkJoinPool.commonPool-worker-3) [Consumer clientId=consumer-Consumer-topic-ec64d7c9_182f_4714_b51a_3f238bac7780-41, groupId=Consumer-topic-ec64d7c9_182f_4714_b51a_3f238bac7780] (Re-)joining group
2025-09-03 13:25:19,346 INFO  [io.api.tes.ser.api.KafkaSerdesTester] (ForkJoinPool.commonPool-worker-3) None found
2025-09-03 13:25:20,346 INFO  [io.api.tes.ser.api.KafkaSerdesTester] (ForkJoinPool.commonPool-worker-3) None found
2025-09-03 13:25:21,346 INFO  [io.api.tes.ser.api.KafkaSerdesTester] (ForkJoinPool.commonPool-worker-3) None found
2025-09-03 13:25:21,352 INFO  [org.apa.kaf.cli.con.int.ConsumerCoordinator] (ForkJoinPool.commonPool-worker-3) [Consumer clientId=consumer-Consumer-topic-ec64d7c9_182f_4714_b51a_3f238bac7780-41, groupId=Consumer-topic-ec64d7c9_182f_4714_b51a_3f238bac7780] Successfully joined group with generation Generation{generationId=1, memberId='consumer-Consumer-topic-ec64d7c9_182f_4714_b51a_3f238bac7780-41-e5583e62-50c5-47ad-bf43-719ca0cc4014', protocol='range'}
2025-09-03 13:25:21,352 INFO  [org.apa.kaf.cli.con.int.ConsumerCoordinator] (ForkJoinPool.commonPool-worker-3) [Consumer clientId=consumer-Consumer-topic-ec64d7c9_182f_4714_b51a_3f238bac7780-41, groupId=Consumer-topic-ec64d7c9_182f_4714_b51a_3f238bac7780] Finished assignment for group at generation 1: {consumer-Consumer-topic-ec64d7c9_182f_4714_b51a_3f238bac7780-41-e5583e62-50c5-47ad-bf43-719ca0cc4014=Assignment(partitions=[topic-ec64d7c9_182f_4714_b51a_3f238bac7780-0])}
2025-09-03 13:25:21,358 INFO  [org.apa.kaf.cli.con.int.ConsumerCoordinator] (ForkJoinPool.commonPool-worker-3) [Consumer clientId=consumer-Consumer-topic-ec64d7c9_182f_4714_b51a_3f238bac7780-41, groupId=Consumer-topic-ec64d7c9_182f_4714_b51a_3f238bac7780] Successfully synced group in generation Generation{generationId=1, memberId='consumer-Consumer-topic-ec64d7c9_182f_4714_b51a_3f238bac7780-41-e5583e62-50c5-47ad-bf43-719ca0cc4014', protocol='range'}
2025-09-03 13:25:21,358 INFO  [org.apa.kaf.cli.con.int.ConsumerCoordinator] (ForkJoinPool.commonPool-worker-3) [Consumer clientId=consumer-Consumer-topic-ec64d7c9_182f_4714_b51a_3f238bac7780-41, groupId=Consumer-topic-ec64d7c9_182f_4714_b51a_3f238bac7780] Notifying assignor about the new Assignment(partitions=[topic-ec64d7c9_182f_4714_b51a_3f238bac7780-0])
2025-09-03 13:25:21,358 INFO  [org.apa.kaf.cli.con.int.ConsumerRebalanceListenerInvoker] (ForkJoinPool.commonPool-worker-3) [Consumer clientId=consumer-Consumer-topic-ec64d7c9_182f_4714_b51a_3f238bac7780-41, groupId=Consumer-topic-ec64d7c9_182f_4714_b51a_3f238bac7780] Adding newly assigned partitions: topic-ec64d7c9_182f_4714_b51a_3f238bac7780-0
2025-09-03 13:25:21,359 INFO  [org.apa.kaf.cli.con.int.ConsumerCoordinator] (ForkJoinPool.commonPool-worker-3) [Consumer clientId=consumer-Consumer-topic-ec64d7c9_182f_4714_b51a_3f238bac7780-41, groupId=Consumer-topic-ec64d7c9_182f_4714_b51a_3f238bac7780] Found no committed offset for partition topic-ec64d7c9_182f_4714_b51a_3f238bac7780-0
2025-09-03 13:25:21,361 INFO  [org.apa.kaf.cli.con.int.SubscriptionState] (ForkJoinPool.commonPool-worker-3) [Consumer clientId=consumer-Consumer-topic-ec64d7c9_182f_4714_b51a_3f238bac7780-41, groupId=Consumer-topic-ec64d7c9_182f_4714_b51a_3f238bac7780] Resetting offset for partition topic-ec64d7c9_182f_4714_b51a_3f238bac7780-0 to position FetchPosition{offset=0, offsetEpoch=Optional.empty, currentLeader=LeaderAndEpoch{leader=Optional[localhost:32769 (id: 0 rack: null)], epoch=0}}.
2025-09-03 13:25:21,395 INFO  [io.api.tes.ser.api.KafkaSerdesTester] (ForkJoinPool.commonPool-worker-3) topic-ec64d7c9_182f_4714_b51a_3f238bac7780 0 0 {"key1": "value-0"}
2025-09-03 13:25:21,395 INFO  [io.api.tes.ser.api.KafkaSerdesTester] (ForkJoinPool.commonPool-worker-3) topic-ec64d7c9_182f_4714_b51a_3f238bac7780 0 1 {"key1": "value-1"}
2025-09-03 13:25:21,395 INFO  [io.api.tes.ser.api.KafkaSerdesTester] (ForkJoinPool.commonPool-worker-3) topic-ec64d7c9_182f_4714_b51a_3f238bac7780 0 2 {"key1": "value-2"}
2025-09-03 13:25:21,395 INFO  [io.api.tes.ser.api.KafkaSerdesTester] (ForkJoinPool.commonPool-worker-3) topic-ec64d7c9_182f_4714_b51a_3f238bac7780 0 3 {"key1": "value-3"}
2025-09-03 13:25:21,395 INFO  [io.api.tes.ser.api.KafkaSerdesTester] (ForkJoinPool.commonPool-worker-3) topic-ec64d7c9_182f_4714_b51a_3f238bac7780 0 4 {"key1": "value-4"}
2025-09-03 13:25:21,395 INFO  [io.api.tes.ser.api.KafkaSerdesTester] (ForkJoinPool.commonPool-worker-3) topic-ec64d7c9_182f_4714_b51a_3f238bac7780 0 5 {"key1": "value-5"}
2025-09-03 13:25:21,395 INFO  [io.api.tes.ser.api.KafkaSerdesTester] (ForkJoinPool.commonPool-worker-3) topic-ec64d7c9_182f_4714_b51a_3f238bac7780 0 6 {"key1": "value-6"}
2025-09-03 13:25:21,395 INFO  [io.api.tes.ser.api.KafkaSerdesTester] (ForkJoinPool.commonPool-worker-3) topic-ec64d7c9_182f_4714_b51a_3f238bac7780 0 7 {"key1": "value-7"}
2025-09-03 13:25:21,395 INFO  [io.api.tes.ser.api.KafkaSerdesTester] (ForkJoinPool.commonPool-worker-3) topic-ec64d7c9_182f_4714_b51a_3f238bac7780 0 8 {"key1": "value-8"}
2025-09-03 13:25:21,395 INFO  [io.api.tes.ser.api.KafkaSerdesTester] (ForkJoinPool.commonPool-worker-3) topic-ec64d7c9_182f_4714_b51a_3f238bac7780 0 9 {"key1": "value-9"}
2025-09-03 13:25:21,395 INFO  [io.api.tes.ser.api.KafkaSerdesTester] (ForkJoinPool.commonPool-worker-3) Consumed 10 messages
2025-09-03 13:25:21,402 INFO  [org.apa.kaf.cli.con.int.ConsumerRebalanceListenerInvoker] (ForkJoinPool.commonPool-worker-3) [Consumer clientId=consumer-Consumer-topic-ec64d7c9_182f_4714_b51a_3f238bac7780-41, groupId=Consumer-topic-ec64d7c9_182f_4714_b51a_3f238bac7780] Revoke previously assigned partitions topic-ec64d7c9_182f_4714_b51a_3f238bac7780-0
2025-09-03 13:25:21,402 INFO  [org.apa.kaf.cli.con.int.ConsumerCoordinator] (ForkJoinPool.commonPool-worker-3) [Consumer clientId=consumer-Consumer-topic-ec64d7c9_182f_4714_b51a_3f238bac7780-41, groupId=Consumer-topic-ec64d7c9_182f_4714_b51a_3f238bac7780] Member consumer-Consumer-topic-ec64d7c9_182f_4714_b51a_3f238bac7780-41-e5583e62-50c5-47ad-bf43-719ca0cc4014 sending LeaveGroup request to coordinator localhost:32769 (id: 2147483647 rack: null) due to the consumer is being closed
2025-09-03 13:25:21,402 INFO  [org.apa.kaf.cli.con.int.ConsumerCoordinator] (ForkJoinPool.commonPool-worker-3) [Consumer clientId=consumer-Consumer-topic-ec64d7c9_182f_4714_b51a_3f238bac7780-41, groupId=Consumer-topic-ec64d7c9_182f_4714_b51a_3f238bac7780] Resetting generation and member id due to: consumer pro-actively leaving the group
2025-09-03 13:25:21,402 INFO  [org.apa.kaf.cli.con.int.ConsumerCoordinator] (ForkJoinPool.commonPool-worker-3) [Consumer clientId=consumer-Consumer-topic-ec64d7c9_182f_4714_b51a_3f238bac7780-41, groupId=Consumer-topic-ec64d7c9_182f_4714_b51a_3f238bac7780] Request joining group due to: consumer pro-actively leaving the group
2025-09-03 13:25:21,897 INFO  [org.apa.kaf.com.met.Metrics] (ForkJoinPool.commonPool-worker-3) Metrics scheduler closed
2025-09-03 13:25:21,897 INFO  [org.apa.kaf.com.met.Metrics] (ForkJoinPool.commonPool-worker-3) Closing reporter org.apache.kafka.common.metrics.JmxReporter
2025-09-03 13:25:21,897 INFO  [org.apa.kaf.com.met.Metrics] (ForkJoinPool.commonPool-worker-3) Closing reporter org.apache.kafka.common.telemetry.internals.ClientTelemetryReporter
2025-09-03 13:25:21,897 INFO  [org.apa.kaf.com.met.Metrics] (ForkJoinPool.commonPool-worker-3) Metrics reporters closed
2025-09-03 13:25:21,898 INFO  [org.apa.kaf.com.uti.AppInfoParser] (ForkJoinPool.commonPool-worker-3) App info kafka.consumer for consumer-Consumer-topic-ec64d7c9_182f_4714_b51a_3f238bac7780-41 unregistered
2025-09-03 13:25:21,920 INFO  [io.api.tes.ser.con.BasicConfluentSerDesIT] (main) Deleting confluent schema topic-ec64d7c9_182f_4714_b51a_3f238bac7780-value
2025-09-03 13:25:21,932 INFO  [io.api.tes.uti.TestSeparator] (main) io.apicurio.tests.serdes.confluent.BasicConfluentSerDesIT.testAvroConfluentApicurio-FINISHED
2025-09-03 13:25:21,932 INFO  [io.api.tes.uti.TestSeparator] (main) ############################################################################
Test passed: testAvroConfluentApicurio
]]></system-out>
  </testcase>
  <testcase name="testAvroConfluentSerDesWrongStrategyTopic" classname="io.apicurio.tests.serdes.confluent.BasicConfluentSerDesIT" time="0.102">
    <system-out><![CDATA[2025-09-03 13:25:21,933 INFO  [io.api.tes.uti.TestSeparator] (main) ############################################################################
2025-09-03 13:25:21,933 INFO  [io.api.tes.uti.TestSeparator] (main) io.apicurio.tests.serdes.confluent.BasicConfluentSerDesIT.testAvroConfluentSerDesWrongStrategyTopic-STARTED
2025-09-03 13:25:21,963 INFO  [io.api.tes.ser.con.BasicConfluentSerDesIT] (main) Checking that created schema is equal to the get schema
2025-09-03 13:25:21,977 INFO  [io.api.tes.ser.con.BasicConfluentSerDesIT] (main) Created schema with id:53 and name:myrecordconfluent3
**** Registry Base URL: http://registry-app-pg17.apps.ci419.apicurio-testing.org:80
2025-09-03 13:25:21,977 INFO  [org.apa.kaf.cli.pro.ProducerConfig] (main) ProducerConfig values: 
	acks = -1
	auto.include.jmx.reporter = true
	batch.size = 16384
	bootstrap.servers = [PLAINTEXT://localhost:32769]
	buffer.memory = 33554432
	client.dns.lookup = use_all_dns_ips
	client.id = Producer-topic-4e9049dc_33cd_4267_bf34_2a2754ebb047
	compression.gzip.level = -1
	compression.lz4.level = 9
	compression.type = none
	compression.zstd.level = 3
	connections.max.idle.ms = 10000
	delivery.timeout.ms = 120000
	enable.idempotence = true
	enable.metrics.push = true
	interceptor.classes = []
	key.serializer = class org.apache.kafka.common.serialization.StringSerializer
	linger.ms = 0
	max.block.ms = 60000
	max.in.flight.requests.per.connection = 5
	max.request.size = 1048576
	metadata.max.age.ms = 300000
	metadata.max.idle.ms = 300000
	metadata.recovery.strategy = none
	metric.reporters = []
	metrics.num.samples = 2
	metrics.recording.level = INFO
	metrics.sample.window.ms = 30000
	partitioner.adaptive.partitioning.enable = true
	partitioner.availability.timeout.ms = 0
	partitioner.class = null
	partitioner.ignore.keys = false
	receive.buffer.bytes = 32768
	reconnect.backoff.max.ms = 1000
	reconnect.backoff.ms = 50
	request.timeout.ms = 5000
	retries = 2147483647
	retry.backoff.max.ms = 1000
	retry.backoff.ms = 100
	sasl.client.callback.handler.class = null
	sasl.jaas.config = null
	sasl.kerberos.kinit.cmd = /usr/bin/kinit
	sasl.kerberos.min.time.before.relogin = 60000
	sasl.kerberos.service.name = null
	sasl.kerberos.ticket.renew.jitter = 0.05
	sasl.kerberos.ticket.renew.window.factor = 0.8
	sasl.login.callback.handler.class = null
	sasl.login.class = null
	sasl.login.connect.timeout.ms = null
	sasl.login.read.timeout.ms = null
	sasl.login.refresh.buffer.seconds = 300
	sasl.login.refresh.min.period.seconds = 60
	sasl.login.refresh.window.factor = 0.8
	sasl.login.refresh.window.jitter = 0.05
	sasl.login.retry.backoff.max.ms = 10000
	sasl.login.retry.backoff.ms = 100
	sasl.mechanism = GSSAPI
	sasl.oauthbearer.clock.skew.seconds = 30
	sasl.oauthbearer.expected.audience = null
	sasl.oauthbearer.expected.issuer = null
	sasl.oauthbearer.header.urlencode = false
	sasl.oauthbearer.jwks.endpoint.refresh.ms = 3600000
	sasl.oauthbearer.jwks.endpoint.retry.backoff.max.ms = 10000
	sasl.oauthbearer.jwks.endpoint.retry.backoff.ms = 100
	sasl.oauthbearer.jwks.endpoint.url = null
	sasl.oauthbearer.scope.claim.name = scope
	sasl.oauthbearer.sub.claim.name = sub
	sasl.oauthbearer.token.endpoint.url = null
	security.protocol = PLAINTEXT
	security.providers = null
	send.buffer.bytes = 131072
	socket.connection.setup.timeout.max.ms = 30000
	socket.connection.setup.timeout.ms = 10000
	ssl.cipher.suites = null
	ssl.enabled.protocols = [TLSv1.2, TLSv1.3]
	ssl.endpoint.identification.algorithm = https
	ssl.engine.factory.class = null
	ssl.key.password = null
	ssl.keymanager.algorithm = SunX509
	ssl.keystore.certificate.chain = null
	ssl.keystore.key = null
	ssl.keystore.location = null
	ssl.keystore.password = null
	ssl.keystore.type = JKS
	ssl.protocol = TLSv1.3
	ssl.provider = null
	ssl.secure.random.implementation = null
	ssl.trustmanager.algorithm = PKIX
	ssl.truststore.certificates = null
	ssl.truststore.location = null
	ssl.truststore.password = null
	ssl.truststore.type = JKS
	transaction.timeout.ms = 60000
	transactional.id = null
	value.serializer = class io.confluent.kafka.serializers.KafkaAvroSerializer

2025-09-03 13:25:21,978 INFO  [org.apa.kaf.com.tel.int.KafkaMetricsCollector] (main) initializing Kafka metrics collector
2025-09-03 13:25:21,978 INFO  [io.con.kaf.ser.KafkaAvroSerializerConfig] (main) KafkaAvroSerializerConfig values: 
	auto.register.schemas = false
	avro.reflection.allow.null = false
	avro.remove.java.properties = false
	avro.use.logical.type.converters = false
	basic.auth.credentials.source = URL
	basic.auth.user.info = [hidden]
	bearer.auth.cache.expiry.buffer.seconds = 300
	bearer.auth.client.id = null
	bearer.auth.client.secret = null
	bearer.auth.credentials.source = STATIC_TOKEN
	bearer.auth.custom.provider.class = null
	bearer.auth.identity.pool.id = null
	bearer.auth.issuer.endpoint.url = null
	bearer.auth.logical.cluster = null
	bearer.auth.scope = null
	bearer.auth.scope.claim.name = scope
	bearer.auth.sub.claim.name = sub
	bearer.auth.token = [hidden]
	context.name.strategy = class io.confluent.kafka.serializers.context.NullContextNameStrategy
	http.connect.timeout.ms = 60000
	http.read.timeout.ms = 60000
	id.compatibility.strict = true
	key.schema.id.deserializer = class io.confluent.kafka.serializers.schema.id.DualSchemaIdDeserializer
	key.schema.id.serializer = class io.confluent.kafka.serializers.schema.id.PrefixSchemaIdSerializer
	key.subject.name.strategy = class io.confluent.kafka.serializers.subject.TopicNameStrategy
	latest.cache.size = 1000
	latest.cache.ttl.sec = -1
	latest.compatibility.strict = true
	max.retries = 3
	max.schemas.per.subject = 1000
	normalize.schemas = false
	propagate.schema.tags = false
	proxy.host = 
	proxy.port = -1
	retries.max.wait.ms = 20000
	retries.wait.ms = 1000
	rule.actions = []
	rule.executors = []
	rule.service.loader.enable = true
	schema.format = null
	schema.reflection = false
	schema.registry.basic.auth.user.info = [hidden]
	schema.registry.ssl.cipher.suites = null
	schema.registry.ssl.enabled.protocols = [TLSv1.2, TLSv1.3]
	schema.registry.ssl.endpoint.identification.algorithm = https
	schema.registry.ssl.engine.factory.class = null
	schema.registry.ssl.key.password = null
	schema.registry.ssl.keymanager.algorithm = SunX509
	schema.registry.ssl.keystore.certificate.chain = null
	schema.registry.ssl.keystore.key = null
	schema.registry.ssl.keystore.location = null
	schema.registry.ssl.keystore.password = null
	schema.registry.ssl.keystore.type = JKS
	schema.registry.ssl.protocol = TLSv1.3
	schema.registry.ssl.provider = null
	schema.registry.ssl.secure.random.implementation = null
	schema.registry.ssl.trustmanager.algorithm = PKIX
	schema.registry.ssl.truststore.certificates = null
	schema.registry.ssl.truststore.location = null
	schema.registry.ssl.truststore.password = null
	schema.registry.ssl.truststore.type = JKS
	schema.registry.url = [http://registry-app-pg17.apps.ci419.apicurio-testing.org:80/apis/ccompat/v7]
	schema.registry.url.randomize = false
	use.latest.version = false
	use.latest.with.metadata = null
	use.schema.id = -1
	value.schema.id.deserializer = class io.confluent.kafka.serializers.schema.id.DualSchemaIdDeserializer
	value.schema.id.serializer = class io.confluent.kafka.serializers.schema.id.PrefixSchemaIdSerializer
	value.subject.name.strategy = class io.confluent.kafka.serializers.subject.TopicNameStrategy

2025-09-03 13:25:21,979 INFO  [org.apa.kaf.cli.pro.KafkaProducer] (main) [Producer clientId=Producer-topic-4e9049dc_33cd_4267_bf34_2a2754ebb047] Instantiated an idempotent producer.
2025-09-03 13:25:21,980 INFO  [org.apa.kaf.cli.pro.ProducerConfig] (main) These configurations '[schema.registry.url, auto.register.schemas, value.subject.name.strategy]' were supplied but are not used yet.
2025-09-03 13:25:21,980 INFO  [org.apa.kaf.com.uti.AppInfoParser] (main) Kafka version: 3.9.1
2025-09-03 13:25:21,980 INFO  [org.apa.kaf.com.uti.AppInfoParser] (main) Kafka commitId: f745dfdcee2b9851
2025-09-03 13:25:21,980 INFO  [org.apa.kaf.com.uti.AppInfoParser] (main) Kafka startTimeMs: 1756905921980
2025-09-03 13:25:21,981 INFO  [io.api.tes.ser.api.KafkaSerdesTester] (ForkJoinPool.commonPool-worker-3) Sending message {"key1": "value-0"} to topic topic-4e9049dc_33cd_4267_bf34_2a2754ebb047
2025-09-03 13:25:21,982 INFO  [org.apa.kaf.cli.Metadata] (kafka-producer-network-thread | Producer-topic-4e9049dc_33cd_4267_bf34_2a2754ebb047) [Producer clientId=Producer-topic-4e9049dc_33cd_4267_bf34_2a2754ebb047] Cluster ID: Vad1sk8gS_OCqo1-tuet0Q
2025-09-03 13:25:21,983 INFO  [org.apa.kaf.cli.pro.int.TransactionManager] (kafka-producer-network-thread | Producer-topic-4e9049dc_33cd_4267_bf34_2a2754ebb047) [Producer clientId=Producer-topic-4e9049dc_33cd_4267_bf34_2a2754ebb047] ProducerId set to 55 with epoch 0
2025-09-03 13:25:21,997 INFO  [org.apa.kaf.cli.pro.KafkaProducer] (ForkJoinPool.commonPool-worker-3) [Producer clientId=Producer-topic-4e9049dc_33cd_4267_bf34_2a2754ebb047] Closing the Kafka producer with timeoutMillis = 9223372036854775807 ms.
2025-09-03 13:25:21,998 INFO  [org.apa.kaf.com.met.Metrics] (ForkJoinPool.commonPool-worker-3) Metrics scheduler closed
2025-09-03 13:25:21,998 INFO  [org.apa.kaf.com.met.Metrics] (ForkJoinPool.commonPool-worker-3) Closing reporter org.apache.kafka.common.metrics.JmxReporter
2025-09-03 13:25:21,998 INFO  [org.apa.kaf.com.met.Metrics] (ForkJoinPool.commonPool-worker-3) Closing reporter org.apache.kafka.common.telemetry.internals.ClientTelemetryReporter
2025-09-03 13:25:21,998 INFO  [org.apa.kaf.com.met.Metrics] (ForkJoinPool.commonPool-worker-3) Metrics reporters closed
2025-09-03 13:25:21,998 INFO  [org.apa.kaf.com.uti.AppInfoParser] (ForkJoinPool.commonPool-worker-3) App info kafka.producer for Producer-topic-4e9049dc_33cd_4267_bf34_2a2754ebb047 unregistered
2025-09-03 13:25:22,020 INFO  [io.api.tes.ser.con.BasicConfluentSerDesIT] (main) Deleting confluent schema myrecordconfluent3
2025-09-03 13:25:22,034 INFO  [io.api.tes.uti.TestSeparator] (main) io.apicurio.tests.serdes.confluent.BasicConfluentSerDesIT.testAvroConfluentSerDesWrongStrategyTopic-FINISHED
2025-09-03 13:25:22,034 INFO  [io.api.tes.uti.TestSeparator] (main) ############################################################################
Test passed: testAvroConfluentSerDesWrongStrategyTopic
]]></system-out>
  </testcase>
  <testcase name="testAvroApicurioConfluent" classname="io.apicurio.tests.serdes.confluent.BasicConfluentSerDesIT" time="4.638">
    <system-out><![CDATA[2025-09-03 13:25:22,034 INFO  [io.api.tes.uti.TestSeparator] (main) ############################################################################
2025-09-03 13:25:22,034 INFO  [io.api.tes.uti.TestSeparator] (main) io.apicurio.tests.serdes.confluent.BasicConfluentSerDesIT.testAvroApicurioConfluent-STARTED
**** Registry Base URL: http://registry-app-pg17.apps.ci419.apicurio-testing.org:80
2025-09-03 13:25:23,064 INFO  [org.apa.kaf.cli.pro.ProducerConfig] (main) ProducerConfig values: 
	acks = -1
	auto.include.jmx.reporter = true
	batch.size = 16384
	bootstrap.servers = [PLAINTEXT://localhost:32769]
	buffer.memory = 33554432
	client.dns.lookup = use_all_dns_ips
	client.id = Producer-topic-b14bf4c1_e7bc_45dc_ae74_65454edebe6c
	compression.gzip.level = -1
	compression.lz4.level = 9
	compression.type = none
	compression.zstd.level = 3
	connections.max.idle.ms = 10000
	delivery.timeout.ms = 120000
	enable.idempotence = true
	enable.metrics.push = true
	interceptor.classes = []
	key.serializer = class org.apache.kafka.common.serialization.StringSerializer
	linger.ms = 0
	max.block.ms = 60000
	max.in.flight.requests.per.connection = 5
	max.request.size = 1048576
	metadata.max.age.ms = 300000
	metadata.max.idle.ms = 300000
	metadata.recovery.strategy = none
	metric.reporters = []
	metrics.num.samples = 2
	metrics.recording.level = INFO
	metrics.sample.window.ms = 30000
	partitioner.adaptive.partitioning.enable = true
	partitioner.availability.timeout.ms = 0
	partitioner.class = null
	partitioner.ignore.keys = false
	receive.buffer.bytes = 32768
	reconnect.backoff.max.ms = 1000
	reconnect.backoff.ms = 50
	request.timeout.ms = 5000
	retries = 2147483647
	retry.backoff.max.ms = 1000
	retry.backoff.ms = 100
	sasl.client.callback.handler.class = null
	sasl.jaas.config = null
	sasl.kerberos.kinit.cmd = /usr/bin/kinit
	sasl.kerberos.min.time.before.relogin = 60000
	sasl.kerberos.service.name = null
	sasl.kerberos.ticket.renew.jitter = 0.05
	sasl.kerberos.ticket.renew.window.factor = 0.8
	sasl.login.callback.handler.class = null
	sasl.login.class = null
	sasl.login.connect.timeout.ms = null
	sasl.login.read.timeout.ms = null
	sasl.login.refresh.buffer.seconds = 300
	sasl.login.refresh.min.period.seconds = 60
	sasl.login.refresh.window.factor = 0.8
	sasl.login.refresh.window.jitter = 0.05
	sasl.login.retry.backoff.max.ms = 10000
	sasl.login.retry.backoff.ms = 100
	sasl.mechanism = GSSAPI
	sasl.oauthbearer.clock.skew.seconds = 30
	sasl.oauthbearer.expected.audience = null
	sasl.oauthbearer.expected.issuer = null
	sasl.oauthbearer.header.urlencode = false
	sasl.oauthbearer.jwks.endpoint.refresh.ms = 3600000
	sasl.oauthbearer.jwks.endpoint.retry.backoff.max.ms = 10000
	sasl.oauthbearer.jwks.endpoint.retry.backoff.ms = 100
	sasl.oauthbearer.jwks.endpoint.url = null
	sasl.oauthbearer.scope.claim.name = scope
	sasl.oauthbearer.sub.claim.name = sub
	sasl.oauthbearer.token.endpoint.url = null
	security.protocol = PLAINTEXT
	security.providers = null
	send.buffer.bytes = 131072
	socket.connection.setup.timeout.max.ms = 30000
	socket.connection.setup.timeout.ms = 10000
	ssl.cipher.suites = null
	ssl.enabled.protocols = [TLSv1.2, TLSv1.3]
	ssl.endpoint.identification.algorithm = https
	ssl.engine.factory.class = null
	ssl.key.password = null
	ssl.keymanager.algorithm = SunX509
	ssl.keystore.certificate.chain = null
	ssl.keystore.key = null
	ssl.keystore.location = null
	ssl.keystore.password = null
	ssl.keystore.type = JKS
	ssl.protocol = TLSv1.3
	ssl.provider = null
	ssl.secure.random.implementation = null
	ssl.trustmanager.algorithm = PKIX
	ssl.truststore.certificates = null
	ssl.truststore.location = null
	ssl.truststore.password = null
	ssl.truststore.type = JKS
	transaction.timeout.ms = 60000
	transactional.id = null
	value.serializer = class io.apicurio.registry.serde.avro.AvroKafkaSerializer

2025-09-03 13:25:23,064 INFO  [org.apa.kaf.com.tel.int.KafkaMetricsCollector] (main) initializing Kafka metrics collector
2025-09-03 13:25:23,067 INFO  [org.apa.kaf.cli.pro.KafkaProducer] (main) [Producer clientId=Producer-topic-b14bf4c1_e7bc_45dc_ae74_65454edebe6c] Instantiated an idempotent producer.
2025-09-03 13:25:23,068 INFO  [org.apa.kaf.cli.pro.ProducerConfig] (main) These configurations '[apicurio.registry.url, apicurio.registry.artifact-resolver-strategy]' were supplied but are not used yet.
2025-09-03 13:25:23,068 INFO  [org.apa.kaf.com.uti.AppInfoParser] (main) Kafka version: 3.9.1
2025-09-03 13:25:23,068 INFO  [org.apa.kaf.com.uti.AppInfoParser] (main) Kafka commitId: f745dfdcee2b9851
2025-09-03 13:25:23,068 INFO  [org.apa.kaf.com.uti.AppInfoParser] (main) Kafka startTimeMs: 1756905923068
2025-09-03 13:25:23,068 INFO  [io.api.tes.ser.api.SimpleSerdesTesterBuilder$SimpleSerdesTester] (main) Using producer configuration: {apicurio.registry.url=http://registry-app-pg17.apps.ci419.apicurio-testing.org:80/apis/registry/v3, apicurio.registry.artifact-resolver-strategy=io.apicurio.registry.serde.strategy.TopicIdStrategy, value.serializer=io.apicurio.registry.serde.avro.AvroKafkaSerializer, request.timeout.ms=5000, acks=all, bootstrap.servers=PLAINTEXT://localhost:32769, connections.max.idle.ms=10000, key.serializer=org.apache.kafka.common.serialization.StringSerializer, client.id=Producer-topic-b14bf4c1_e7bc_45dc_ae74_65454edebe6c}
2025-09-03 13:25:23,068 INFO  [io.api.tes.ser.api.SimpleSerdesTesterBuilder$SimpleSerdesTester] (main) Using consumer configuration: {}
2025-09-03 13:25:23,068 INFO  [io.api.tes.ser.api.KafkaSerdesTester] (ForkJoinPool.commonPool-worker-3) Sending message {"key1": "value-0"} to topic topic-b14bf4c1_e7bc_45dc_ae74_65454edebe6c
2025-09-03 13:25:23,070 INFO  [org.apa.kaf.cli.Metadata] (kafka-producer-network-thread | Producer-topic-b14bf4c1_e7bc_45dc_ae74_65454edebe6c) [Producer clientId=Producer-topic-b14bf4c1_e7bc_45dc_ae74_65454edebe6c] Cluster ID: Vad1sk8gS_OCqo1-tuet0Q
2025-09-03 13:25:23,070 INFO  [org.apa.kaf.cli.pro.int.TransactionManager] (kafka-producer-network-thread | Producer-topic-b14bf4c1_e7bc_45dc_ae74_65454edebe6c) [Producer clientId=Producer-topic-b14bf4c1_e7bc_45dc_ae74_65454edebe6c] ProducerId set to 56 with epoch 0
2025-09-03 13:25:23,070 INFO  [DefaultSchemaResolver] (ForkJoinPool.commonPool-worker-3) Retrieving schema content using string: {"type":"record","name":"myrecordconfluent1","fields":[{"name":"key1","type":"string"}]}
2025-09-03 13:25:23,095 INFO  [io.api.tes.ser.api.KafkaSerdesTester] (ForkJoinPool.commonPool-worker-3) Sending message {"key1": "value-1"} to topic topic-b14bf4c1_e7bc_45dc_ae74_65454edebe6c
2025-09-03 13:25:23,095 INFO  [io.api.tes.ser.api.KafkaSerdesTester] (ForkJoinPool.commonPool-worker-3) Sending message {"key1": "value-2"} to topic topic-b14bf4c1_e7bc_45dc_ae74_65454edebe6c
2025-09-03 13:25:23,096 INFO  [io.api.tes.ser.api.KafkaSerdesTester] (ForkJoinPool.commonPool-worker-3) Sending message {"key1": "value-3"} to topic topic-b14bf4c1_e7bc_45dc_ae74_65454edebe6c
2025-09-03 13:25:23,097 INFO  [io.api.tes.ser.api.KafkaSerdesTester] (ForkJoinPool.commonPool-worker-3) Sending message {"key1": "value-4"} to topic topic-b14bf4c1_e7bc_45dc_ae74_65454edebe6c
2025-09-03 13:25:23,097 INFO  [io.api.tes.ser.api.KafkaSerdesTester] (ForkJoinPool.commonPool-worker-3) Sending message {"key1": "value-5"} to topic topic-b14bf4c1_e7bc_45dc_ae74_65454edebe6c
2025-09-03 13:25:23,098 INFO  [io.api.tes.ser.api.KafkaSerdesTester] (ForkJoinPool.commonPool-worker-3) Sending message {"key1": "value-6"} to topic topic-b14bf4c1_e7bc_45dc_ae74_65454edebe6c
2025-09-03 13:25:23,099 INFO  [io.api.tes.ser.api.KafkaSerdesTester] (ForkJoinPool.commonPool-worker-3) Sending message {"key1": "value-7"} to topic topic-b14bf4c1_e7bc_45dc_ae74_65454edebe6c
2025-09-03 13:25:23,099 INFO  [io.api.tes.ser.api.KafkaSerdesTester] (ForkJoinPool.commonPool-worker-3) Sending message {"key1": "value-8"} to topic topic-b14bf4c1_e7bc_45dc_ae74_65454edebe6c
2025-09-03 13:25:23,100 INFO  [io.api.tes.ser.api.KafkaSerdesTester] (ForkJoinPool.commonPool-worker-3) Sending message {"key1": "value-9"} to topic topic-b14bf4c1_e7bc_45dc_ae74_65454edebe6c
2025-09-03 13:25:23,101 INFO  [io.api.tes.ser.api.KafkaSerdesTester] (ForkJoinPool.commonPool-worker-3) Produced 10 messages
2025-09-03 13:25:23,101 INFO  [org.apa.kaf.cli.pro.KafkaProducer] (ForkJoinPool.commonPool-worker-3) [Producer clientId=Producer-topic-b14bf4c1_e7bc_45dc_ae74_65454edebe6c] Closing the Kafka producer with timeoutMillis = 9223372036854775807 ms.
2025-09-03 13:25:23,102 INFO  [org.apa.kaf.com.met.Metrics] (ForkJoinPool.commonPool-worker-3) Metrics scheduler closed
2025-09-03 13:25:23,102 INFO  [org.apa.kaf.com.met.Metrics] (ForkJoinPool.commonPool-worker-3) Closing reporter org.apache.kafka.common.metrics.JmxReporter
2025-09-03 13:25:23,102 INFO  [org.apa.kaf.com.met.Metrics] (ForkJoinPool.commonPool-worker-3) Closing reporter org.apache.kafka.common.telemetry.internals.ClientTelemetryReporter
2025-09-03 13:25:23,102 INFO  [org.apa.kaf.com.met.Metrics] (ForkJoinPool.commonPool-worker-3) Metrics reporters closed
2025-09-03 13:25:23,102 INFO  [org.apa.kaf.com.uti.AppInfoParser] (ForkJoinPool.commonPool-worker-3) App info kafka.producer for Producer-topic-b14bf4c1_e7bc_45dc_ae74_65454edebe6c unregistered
**** Registry Base URL: http://registry-app-pg17.apps.ci419.apicurio-testing.org:80
2025-09-03 13:25:23,102 INFO  [org.apa.kaf.cli.con.ConsumerConfig] (main) ConsumerConfig values: 
	allow.auto.create.topics = true
	auto.commit.interval.ms = 500
	auto.include.jmx.reporter = true
	auto.offset.reset = earliest
	bootstrap.servers = [PLAINTEXT://localhost:32769]
	check.crcs = true
	client.dns.lookup = use_all_dns_ips
	client.id = consumer-Consumer-topic-b14bf4c1_e7bc_45dc_ae74_65454edebe6c-42
	client.rack = 
	connections.max.idle.ms = 10000
	default.api.timeout.ms = 60000
	enable.auto.commit = true
	enable.metrics.push = true
	exclude.internal.topics = true
	fetch.max.bytes = 52428800
	fetch.max.wait.ms = 500
	fetch.min.bytes = 1
	group.id = Consumer-topic-b14bf4c1_e7bc_45dc_ae74_65454edebe6c
	group.instance.id = null
	group.protocol = classic
	group.remote.assignor = null
	heartbeat.interval.ms = 3000
	interceptor.classes = []
	internal.leave.group.on.close = true
	internal.throw.on.fetch.stable.offset.unsupported = false
	isolation.level = read_uncommitted
	key.deserializer = class org.apache.kafka.common.serialization.StringDeserializer
	max.partition.fetch.bytes = 1048576
	max.poll.interval.ms = 300000
	max.poll.records = 500
	metadata.max.age.ms = 300000
	metadata.recovery.strategy = none
	metric.reporters = []
	metrics.num.samples = 2
	metrics.recording.level = INFO
	metrics.sample.window.ms = 30000
	partition.assignment.strategy = [class org.apache.kafka.clients.consumer.RangeAssignor, class org.apache.kafka.clients.consumer.CooperativeStickyAssignor]
	receive.buffer.bytes = 65536
	reconnect.backoff.max.ms = 1000
	reconnect.backoff.ms = 50
	request.timeout.ms = 5000
	retry.backoff.max.ms = 1000
	retry.backoff.ms = 100
	sasl.client.callback.handler.class = null
	sasl.jaas.config = null
	sasl.kerberos.kinit.cmd = /usr/bin/kinit
	sasl.kerberos.min.time.before.relogin = 60000
	sasl.kerberos.service.name = null
	sasl.kerberos.ticket.renew.jitter = 0.05
	sasl.kerberos.ticket.renew.window.factor = 0.8
	sasl.login.callback.handler.class = null
	sasl.login.class = null
	sasl.login.connect.timeout.ms = null
	sasl.login.read.timeout.ms = null
	sasl.login.refresh.buffer.seconds = 300
	sasl.login.refresh.min.period.seconds = 60
	sasl.login.refresh.window.factor = 0.8
	sasl.login.refresh.window.jitter = 0.05
	sasl.login.retry.backoff.max.ms = 10000
	sasl.login.retry.backoff.ms = 100
	sasl.mechanism = GSSAPI
	sasl.oauthbearer.clock.skew.seconds = 30
	sasl.oauthbearer.expected.audience = null
	sasl.oauthbearer.expected.issuer = null
	sasl.oauthbearer.header.urlencode = false
	sasl.oauthbearer.jwks.endpoint.refresh.ms = 3600000
	sasl.oauthbearer.jwks.endpoint.retry.backoff.max.ms = 10000
	sasl.oauthbearer.jwks.endpoint.retry.backoff.ms = 100
	sasl.oauthbearer.jwks.endpoint.url = null
	sasl.oauthbearer.scope.claim.name = scope
	sasl.oauthbearer.sub.claim.name = sub
	sasl.oauthbearer.token.endpoint.url = null
	security.protocol = PLAINTEXT
	security.providers = null
	send.buffer.bytes = 131072
	session.timeout.ms = 45000
	socket.connection.setup.timeout.max.ms = 30000
	socket.connection.setup.timeout.ms = 10000
	ssl.cipher.suites = null
	ssl.enabled.protocols = [TLSv1.2, TLSv1.3]
	ssl.endpoint.identification.algorithm = https
	ssl.engine.factory.class = null
	ssl.key.password = null
	ssl.keymanager.algorithm = SunX509
	ssl.keystore.certificate.chain = null
	ssl.keystore.key = null
	ssl.keystore.location = null
	ssl.keystore.password = null
	ssl.keystore.type = JKS
	ssl.protocol = TLSv1.3
	ssl.provider = null
	ssl.secure.random.implementation = null
	ssl.trustmanager.algorithm = PKIX
	ssl.truststore.certificates = null
	ssl.truststore.location = null
	ssl.truststore.password = null
	ssl.truststore.type = JKS
	value.deserializer = class io.confluent.kafka.serializers.KafkaAvroDeserializer

2025-09-03 13:25:23,102 INFO  [org.apa.kaf.com.tel.int.KafkaMetricsCollector] (main) initializing Kafka metrics collector
2025-09-03 13:25:23,103 INFO  [io.con.kaf.ser.KafkaAvroDeserializerConfig] (main) KafkaAvroDeserializerConfig values: 
	auto.register.schemas = true
	avro.reflection.allow.null = false
	avro.use.logical.type.converters = false
	basic.auth.credentials.source = URL
	basic.auth.user.info = [hidden]
	bearer.auth.cache.expiry.buffer.seconds = 300
	bearer.auth.client.id = null
	bearer.auth.client.secret = null
	bearer.auth.credentials.source = STATIC_TOKEN
	bearer.auth.custom.provider.class = null
	bearer.auth.identity.pool.id = null
	bearer.auth.issuer.endpoint.url = null
	bearer.auth.logical.cluster = null
	bearer.auth.scope = null
	bearer.auth.scope.claim.name = scope
	bearer.auth.sub.claim.name = sub
	bearer.auth.token = [hidden]
	context.name.strategy = class io.confluent.kafka.serializers.context.NullContextNameStrategy
	http.connect.timeout.ms = 60000
	http.read.timeout.ms = 60000
	id.compatibility.strict = true
	key.schema.id.deserializer = class io.confluent.kafka.serializers.schema.id.DualSchemaIdDeserializer
	key.schema.id.serializer = class io.confluent.kafka.serializers.schema.id.PrefixSchemaIdSerializer
	key.subject.name.strategy = class io.confluent.kafka.serializers.subject.TopicNameStrategy
	latest.cache.size = 1000
	latest.cache.ttl.sec = -1
	latest.compatibility.strict = true
	max.retries = 3
	max.schemas.per.subject = 1000
	normalize.schemas = false
	propagate.schema.tags = false
	proxy.host = 
	proxy.port = -1
	retries.max.wait.ms = 20000
	retries.wait.ms = 1000
	rule.actions = []
	rule.executors = []
	rule.service.loader.enable = true
	schema.format = null
	schema.reflection = false
	schema.registry.basic.auth.user.info = [hidden]
	schema.registry.ssl.cipher.suites = null
	schema.registry.ssl.enabled.protocols = [TLSv1.2, TLSv1.3]
	schema.registry.ssl.endpoint.identification.algorithm = https
	schema.registry.ssl.engine.factory.class = null
	schema.registry.ssl.key.password = null
	schema.registry.ssl.keymanager.algorithm = SunX509
	schema.registry.ssl.keystore.certificate.chain = null
	schema.registry.ssl.keystore.key = null
	schema.registry.ssl.keystore.location = null
	schema.registry.ssl.keystore.password = null
	schema.registry.ssl.keystore.type = JKS
	schema.registry.ssl.protocol = TLSv1.3
	schema.registry.ssl.provider = null
	schema.registry.ssl.secure.random.implementation = null
	schema.registry.ssl.trustmanager.algorithm = PKIX
	schema.registry.ssl.truststore.certificates = null
	schema.registry.ssl.truststore.location = null
	schema.registry.ssl.truststore.password = null
	schema.registry.ssl.truststore.type = JKS
	schema.registry.url = [http://registry-app-pg17.apps.ci419.apicurio-testing.org:80/apis/ccompat/v7]
	schema.registry.url.randomize = false
	specific.avro.key.type = null
	specific.avro.reader = false
	specific.avro.value.type = null
	use.latest.version = false
	use.latest.with.metadata = null
	use.schema.id = -1
	value.schema.id.deserializer = class io.confluent.kafka.serializers.schema.id.DualSchemaIdDeserializer
	value.schema.id.serializer = class io.confluent.kafka.serializers.schema.id.PrefixSchemaIdSerializer
	value.subject.name.strategy = class io.confluent.kafka.serializers.subject.TopicNameStrategy

2025-09-03 13:25:23,106 INFO  [org.apa.kaf.cli.con.ConsumerConfig] (main) These configurations '[schema.registry.url]' were supplied but are not used yet.
2025-09-03 13:25:23,106 INFO  [org.apa.kaf.com.uti.AppInfoParser] (main) Kafka version: 3.9.1
2025-09-03 13:25:23,106 INFO  [org.apa.kaf.com.uti.AppInfoParser] (main) Kafka commitId: f745dfdcee2b9851
2025-09-03 13:25:23,106 INFO  [org.apa.kaf.com.uti.AppInfoParser] (main) Kafka startTimeMs: 1756905923106
2025-09-03 13:25:23,106 INFO  [org.apa.kaf.cli.con.int.ClassicKafkaConsumer] (ForkJoinPool.commonPool-worker-3) [Consumer clientId=consumer-Consumer-topic-b14bf4c1_e7bc_45dc_ae74_65454edebe6c-42, groupId=Consumer-topic-b14bf4c1_e7bc_45dc_ae74_65454edebe6c] Subscribed to topic(s): topic-b14bf4c1_e7bc_45dc_ae74_65454edebe6c
2025-09-03 13:25:23,108 INFO  [org.apa.kaf.cli.Metadata] (ForkJoinPool.commonPool-worker-3) [Consumer clientId=consumer-Consumer-topic-b14bf4c1_e7bc_45dc_ae74_65454edebe6c-42, groupId=Consumer-topic-b14bf4c1_e7bc_45dc_ae74_65454edebe6c] Cluster ID: Vad1sk8gS_OCqo1-tuet0Q
2025-09-03 13:25:23,108 INFO  [org.apa.kaf.cli.con.int.ConsumerCoordinator] (ForkJoinPool.commonPool-worker-3) [Consumer clientId=consumer-Consumer-topic-b14bf4c1_e7bc_45dc_ae74_65454edebe6c-42, groupId=Consumer-topic-b14bf4c1_e7bc_45dc_ae74_65454edebe6c] Discovered group coordinator localhost:32769 (id: 2147483647 rack: null)
2025-09-03 13:25:23,109 INFO  [org.apa.kaf.cli.con.int.ConsumerCoordinator] (ForkJoinPool.commonPool-worker-3) [Consumer clientId=consumer-Consumer-topic-b14bf4c1_e7bc_45dc_ae74_65454edebe6c-42, groupId=Consumer-topic-b14bf4c1_e7bc_45dc_ae74_65454edebe6c] (Re-)joining group
2025-09-03 13:25:23,110 INFO  [org.apa.kaf.cli.con.int.ConsumerCoordinator] (ForkJoinPool.commonPool-worker-3) [Consumer clientId=consumer-Consumer-topic-b14bf4c1_e7bc_45dc_ae74_65454edebe6c-42, groupId=Consumer-topic-b14bf4c1_e7bc_45dc_ae74_65454edebe6c] Request joining group due to: need to re-join with the given member-id: consumer-Consumer-topic-b14bf4c1_e7bc_45dc_ae74_65454edebe6c-42-4bc44b62-6d3b-4306-8e0f-9757d2d20885
2025-09-03 13:25:23,110 INFO  [org.apa.kaf.cli.con.int.ConsumerCoordinator] (ForkJoinPool.commonPool-worker-3) [Consumer clientId=consumer-Consumer-topic-b14bf4c1_e7bc_45dc_ae74_65454edebe6c-42, groupId=Consumer-topic-b14bf4c1_e7bc_45dc_ae74_65454edebe6c] (Re-)joining group
2025-09-03 13:25:24,106 INFO  [io.api.tes.ser.api.KafkaSerdesTester] (ForkJoinPool.commonPool-worker-3) None found
2025-09-03 13:25:25,106 INFO  [io.api.tes.ser.api.KafkaSerdesTester] (ForkJoinPool.commonPool-worker-3) None found
2025-09-03 13:25:26,106 INFO  [io.api.tes.ser.api.KafkaSerdesTester] (ForkJoinPool.commonPool-worker-3) None found
2025-09-03 13:25:26,112 INFO  [org.apa.kaf.cli.con.int.ConsumerCoordinator] (ForkJoinPool.commonPool-worker-3) [Consumer clientId=consumer-Consumer-topic-b14bf4c1_e7bc_45dc_ae74_65454edebe6c-42, groupId=Consumer-topic-b14bf4c1_e7bc_45dc_ae74_65454edebe6c] Successfully joined group with generation Generation{generationId=1, memberId='consumer-Consumer-topic-b14bf4c1_e7bc_45dc_ae74_65454edebe6c-42-4bc44b62-6d3b-4306-8e0f-9757d2d20885', protocol='range'}
2025-09-03 13:25:26,112 INFO  [org.apa.kaf.cli.con.int.ConsumerCoordinator] (ForkJoinPool.commonPool-worker-3) [Consumer clientId=consumer-Consumer-topic-b14bf4c1_e7bc_45dc_ae74_65454edebe6c-42, groupId=Consumer-topic-b14bf4c1_e7bc_45dc_ae74_65454edebe6c] Finished assignment for group at generation 1: {consumer-Consumer-topic-b14bf4c1_e7bc_45dc_ae74_65454edebe6c-42-4bc44b62-6d3b-4306-8e0f-9757d2d20885=Assignment(partitions=[topic-b14bf4c1_e7bc_45dc_ae74_65454edebe6c-0])}
2025-09-03 13:25:26,118 INFO  [org.apa.kaf.cli.con.int.ConsumerCoordinator] (ForkJoinPool.commonPool-worker-3) [Consumer clientId=consumer-Consumer-topic-b14bf4c1_e7bc_45dc_ae74_65454edebe6c-42, groupId=Consumer-topic-b14bf4c1_e7bc_45dc_ae74_65454edebe6c] Successfully synced group in generation Generation{generationId=1, memberId='consumer-Consumer-topic-b14bf4c1_e7bc_45dc_ae74_65454edebe6c-42-4bc44b62-6d3b-4306-8e0f-9757d2d20885', protocol='range'}
2025-09-03 13:25:26,118 INFO  [org.apa.kaf.cli.con.int.ConsumerCoordinator] (ForkJoinPool.commonPool-worker-3) [Consumer clientId=consumer-Consumer-topic-b14bf4c1_e7bc_45dc_ae74_65454edebe6c-42, groupId=Consumer-topic-b14bf4c1_e7bc_45dc_ae74_65454edebe6c] Notifying assignor about the new Assignment(partitions=[topic-b14bf4c1_e7bc_45dc_ae74_65454edebe6c-0])
2025-09-03 13:25:26,118 INFO  [org.apa.kaf.cli.con.int.ConsumerRebalanceListenerInvoker] (ForkJoinPool.commonPool-worker-3) [Consumer clientId=consumer-Consumer-topic-b14bf4c1_e7bc_45dc_ae74_65454edebe6c-42, groupId=Consumer-topic-b14bf4c1_e7bc_45dc_ae74_65454edebe6c] Adding newly assigned partitions: topic-b14bf4c1_e7bc_45dc_ae74_65454edebe6c-0
2025-09-03 13:25:26,119 INFO  [org.apa.kaf.cli.con.int.ConsumerCoordinator] (ForkJoinPool.commonPool-worker-3) [Consumer clientId=consumer-Consumer-topic-b14bf4c1_e7bc_45dc_ae74_65454edebe6c-42, groupId=Consumer-topic-b14bf4c1_e7bc_45dc_ae74_65454edebe6c] Found no committed offset for partition topic-b14bf4c1_e7bc_45dc_ae74_65454edebe6c-0
2025-09-03 13:25:26,121 INFO  [org.apa.kaf.cli.con.int.SubscriptionState] (ForkJoinPool.commonPool-worker-3) [Consumer clientId=consumer-Consumer-topic-b14bf4c1_e7bc_45dc_ae74_65454edebe6c-42, groupId=Consumer-topic-b14bf4c1_e7bc_45dc_ae74_65454edebe6c] Resetting offset for partition topic-b14bf4c1_e7bc_45dc_ae74_65454edebe6c-0 to position FetchPosition{offset=0, offsetEpoch=Optional.empty, currentLeader=LeaderAndEpoch{leader=Optional[localhost:32769 (id: 0 rack: null)], epoch=0}}.
2025-09-03 13:25:26,135 INFO  [io.api.tes.ser.api.KafkaSerdesTester] (ForkJoinPool.commonPool-worker-3) topic-b14bf4c1_e7bc_45dc_ae74_65454edebe6c 0 0 {"key1": "value-0"}
2025-09-03 13:25:26,135 INFO  [io.api.tes.ser.api.KafkaSerdesTester] (ForkJoinPool.commonPool-worker-3) topic-b14bf4c1_e7bc_45dc_ae74_65454edebe6c 0 1 {"key1": "value-1"}
2025-09-03 13:25:26,135 INFO  [io.api.tes.ser.api.KafkaSerdesTester] (ForkJoinPool.commonPool-worker-3) topic-b14bf4c1_e7bc_45dc_ae74_65454edebe6c 0 2 {"key1": "value-2"}
2025-09-03 13:25:26,135 INFO  [io.api.tes.ser.api.KafkaSerdesTester] (ForkJoinPool.commonPool-worker-3) topic-b14bf4c1_e7bc_45dc_ae74_65454edebe6c 0 3 {"key1": "value-3"}
2025-09-03 13:25:26,135 INFO  [io.api.tes.ser.api.KafkaSerdesTester] (ForkJoinPool.commonPool-worker-3) topic-b14bf4c1_e7bc_45dc_ae74_65454edebe6c 0 4 {"key1": "value-4"}
2025-09-03 13:25:26,135 INFO  [io.api.tes.ser.api.KafkaSerdesTester] (ForkJoinPool.commonPool-worker-3) topic-b14bf4c1_e7bc_45dc_ae74_65454edebe6c 0 5 {"key1": "value-5"}
2025-09-03 13:25:26,135 INFO  [io.api.tes.ser.api.KafkaSerdesTester] (ForkJoinPool.commonPool-worker-3) topic-b14bf4c1_e7bc_45dc_ae74_65454edebe6c 0 6 {"key1": "value-6"}
2025-09-03 13:25:26,135 INFO  [io.api.tes.ser.api.KafkaSerdesTester] (ForkJoinPool.commonPool-worker-3) topic-b14bf4c1_e7bc_45dc_ae74_65454edebe6c 0 7 {"key1": "value-7"}
2025-09-03 13:25:26,135 INFO  [io.api.tes.ser.api.KafkaSerdesTester] (ForkJoinPool.commonPool-worker-3) topic-b14bf4c1_e7bc_45dc_ae74_65454edebe6c 0 8 {"key1": "value-8"}
2025-09-03 13:25:26,135 INFO  [io.api.tes.ser.api.KafkaSerdesTester] (ForkJoinPool.commonPool-worker-3) topic-b14bf4c1_e7bc_45dc_ae74_65454edebe6c 0 9 {"key1": "value-9"}
2025-09-03 13:25:26,135 INFO  [io.api.tes.ser.api.KafkaSerdesTester] (ForkJoinPool.commonPool-worker-3) Consumed 10 messages
2025-09-03 13:25:26,141 INFO  [org.apa.kaf.cli.con.int.ConsumerRebalanceListenerInvoker] (ForkJoinPool.commonPool-worker-3) [Consumer clientId=consumer-Consumer-topic-b14bf4c1_e7bc_45dc_ae74_65454edebe6c-42, groupId=Consumer-topic-b14bf4c1_e7bc_45dc_ae74_65454edebe6c] Revoke previously assigned partitions topic-b14bf4c1_e7bc_45dc_ae74_65454edebe6c-0
2025-09-03 13:25:26,141 INFO  [org.apa.kaf.cli.con.int.ConsumerCoordinator] (ForkJoinPool.commonPool-worker-3) [Consumer clientId=consumer-Consumer-topic-b14bf4c1_e7bc_45dc_ae74_65454edebe6c-42, groupId=Consumer-topic-b14bf4c1_e7bc_45dc_ae74_65454edebe6c] Member consumer-Consumer-topic-b14bf4c1_e7bc_45dc_ae74_65454edebe6c-42-4bc44b62-6d3b-4306-8e0f-9757d2d20885 sending LeaveGroup request to coordinator localhost:32769 (id: 2147483647 rack: null) due to the consumer is being closed
2025-09-03 13:25:26,142 INFO  [org.apa.kaf.cli.con.int.ConsumerCoordinator] (ForkJoinPool.commonPool-worker-3) [Consumer clientId=consumer-Consumer-topic-b14bf4c1_e7bc_45dc_ae74_65454edebe6c-42, groupId=Consumer-topic-b14bf4c1_e7bc_45dc_ae74_65454edebe6c] Resetting generation and member id due to: consumer pro-actively leaving the group
2025-09-03 13:25:26,142 INFO  [org.apa.kaf.cli.con.int.ConsumerCoordinator] (ForkJoinPool.commonPool-worker-3) [Consumer clientId=consumer-Consumer-topic-b14bf4c1_e7bc_45dc_ae74_65454edebe6c-42, groupId=Consumer-topic-b14bf4c1_e7bc_45dc_ae74_65454edebe6c] Request joining group due to: consumer pro-actively leaving the group
2025-09-03 13:25:26,637 INFO  [org.apa.kaf.com.met.Metrics] (ForkJoinPool.commonPool-worker-3) Metrics scheduler closed
2025-09-03 13:25:26,637 INFO  [org.apa.kaf.com.met.Metrics] (ForkJoinPool.commonPool-worker-3) Closing reporter org.apache.kafka.common.metrics.JmxReporter
2025-09-03 13:25:26,637 INFO  [org.apa.kaf.com.met.Metrics] (ForkJoinPool.commonPool-worker-3) Closing reporter org.apache.kafka.common.telemetry.internals.ClientTelemetryReporter
2025-09-03 13:25:26,637 INFO  [org.apa.kaf.com.met.Metrics] (ForkJoinPool.commonPool-worker-3) Metrics reporters closed
2025-09-03 13:25:26,638 INFO  [org.apa.kaf.com.uti.AppInfoParser] (ForkJoinPool.commonPool-worker-3) App info kafka.consumer for consumer-Consumer-topic-b14bf4c1_e7bc_45dc_ae74_65454edebe6c-42 unregistered
2025-09-03 13:25:26,660 INFO  [io.api.tes.ser.con.BasicConfluentSerDesIT] (main) Deleting confluent schema topic-b14bf4c1_e7bc_45dc_ae74_65454edebe6c-value
2025-09-03 13:25:26,672 INFO  [io.api.tes.uti.TestSeparator] (main) io.apicurio.tests.serdes.confluent.BasicConfluentSerDesIT.testAvroApicurioConfluent-FINISHED
2025-09-03 13:25:26,672 INFO  [io.api.tes.uti.TestSeparator] (main) ############################################################################
Test passed: testAvroApicurioConfluent
]]></system-out>
  </testcase>
  <testcase name="testAvroConfluentSerDesFail" classname="io.apicurio.tests.serdes.confluent.BasicConfluentSerDesIT" time="0.1">
    <system-out><![CDATA[2025-09-03 13:25:26,673 INFO  [io.api.tes.uti.TestSeparator] (main) ############################################################################
2025-09-03 13:25:26,673 INFO  [io.api.tes.uti.TestSeparator] (main) io.apicurio.tests.serdes.confluent.BasicConfluentSerDesIT.testAvroConfluentSerDesFail-STARTED
2025-09-03 13:25:26,701 INFO  [io.api.tes.ser.con.BasicConfluentSerDesIT] (main) Checking that created schema is equal to the get schema
2025-09-03 13:25:26,714 INFO  [io.api.tes.ser.con.BasicConfluentSerDesIT] (main) Created schema with id:55 and name:myrecordconfluent2
**** Registry Base URL: http://registry-app-pg17.apps.ci419.apicurio-testing.org:80
2025-09-03 13:25:26,715 INFO  [org.apa.kaf.cli.pro.ProducerConfig] (main) ProducerConfig values: 
	acks = -1
	auto.include.jmx.reporter = true
	batch.size = 16384
	bootstrap.servers = [PLAINTEXT://localhost:32769]
	buffer.memory = 33554432
	client.dns.lookup = use_all_dns_ips
	client.id = Producer-topic-b323fb4d_3998_41c7_a702_daff9936b465
	compression.gzip.level = -1
	compression.lz4.level = 9
	compression.type = none
	compression.zstd.level = 3
	connections.max.idle.ms = 10000
	delivery.timeout.ms = 120000
	enable.idempotence = true
	enable.metrics.push = true
	interceptor.classes = []
	key.serializer = class org.apache.kafka.common.serialization.StringSerializer
	linger.ms = 0
	max.block.ms = 60000
	max.in.flight.requests.per.connection = 5
	max.request.size = 1048576
	metadata.max.age.ms = 300000
	metadata.max.idle.ms = 300000
	metadata.recovery.strategy = none
	metric.reporters = []
	metrics.num.samples = 2
	metrics.recording.level = INFO
	metrics.sample.window.ms = 30000
	partitioner.adaptive.partitioning.enable = true
	partitioner.availability.timeout.ms = 0
	partitioner.class = null
	partitioner.ignore.keys = false
	receive.buffer.bytes = 32768
	reconnect.backoff.max.ms = 1000
	reconnect.backoff.ms = 50
	request.timeout.ms = 5000
	retries = 2147483647
	retry.backoff.max.ms = 1000
	retry.backoff.ms = 100
	sasl.client.callback.handler.class = null
	sasl.jaas.config = null
	sasl.kerberos.kinit.cmd = /usr/bin/kinit
	sasl.kerberos.min.time.before.relogin = 60000
	sasl.kerberos.service.name = null
	sasl.kerberos.ticket.renew.jitter = 0.05
	sasl.kerberos.ticket.renew.window.factor = 0.8
	sasl.login.callback.handler.class = null
	sasl.login.class = null
	sasl.login.connect.timeout.ms = null
	sasl.login.read.timeout.ms = null
	sasl.login.refresh.buffer.seconds = 300
	sasl.login.refresh.min.period.seconds = 60
	sasl.login.refresh.window.factor = 0.8
	sasl.login.refresh.window.jitter = 0.05
	sasl.login.retry.backoff.max.ms = 10000
	sasl.login.retry.backoff.ms = 100
	sasl.mechanism = GSSAPI
	sasl.oauthbearer.clock.skew.seconds = 30
	sasl.oauthbearer.expected.audience = null
	sasl.oauthbearer.expected.issuer = null
	sasl.oauthbearer.header.urlencode = false
	sasl.oauthbearer.jwks.endpoint.refresh.ms = 3600000
	sasl.oauthbearer.jwks.endpoint.retry.backoff.max.ms = 10000
	sasl.oauthbearer.jwks.endpoint.retry.backoff.ms = 100
	sasl.oauthbearer.jwks.endpoint.url = null
	sasl.oauthbearer.scope.claim.name = scope
	sasl.oauthbearer.sub.claim.name = sub
	sasl.oauthbearer.token.endpoint.url = null
	security.protocol = PLAINTEXT
	security.providers = null
	send.buffer.bytes = 131072
	socket.connection.setup.timeout.max.ms = 30000
	socket.connection.setup.timeout.ms = 10000
	ssl.cipher.suites = null
	ssl.enabled.protocols = [TLSv1.2, TLSv1.3]
	ssl.endpoint.identification.algorithm = https
	ssl.engine.factory.class = null
	ssl.key.password = null
	ssl.keymanager.algorithm = SunX509
	ssl.keystore.certificate.chain = null
	ssl.keystore.key = null
	ssl.keystore.location = null
	ssl.keystore.password = null
	ssl.keystore.type = JKS
	ssl.protocol = TLSv1.3
	ssl.provider = null
	ssl.secure.random.implementation = null
	ssl.trustmanager.algorithm = PKIX
	ssl.truststore.certificates = null
	ssl.truststore.location = null
	ssl.truststore.password = null
	ssl.truststore.type = JKS
	transaction.timeout.ms = 60000
	transactional.id = null
	value.serializer = class io.confluent.kafka.serializers.KafkaAvroSerializer

2025-09-03 13:25:26,715 INFO  [org.apa.kaf.com.tel.int.KafkaMetricsCollector] (main) initializing Kafka metrics collector
2025-09-03 13:25:26,715 INFO  [io.con.kaf.ser.KafkaAvroSerializerConfig] (main) KafkaAvroSerializerConfig values: 
	auto.register.schemas = false
	avro.reflection.allow.null = false
	avro.remove.java.properties = false
	avro.use.logical.type.converters = false
	basic.auth.credentials.source = URL
	basic.auth.user.info = [hidden]
	bearer.auth.cache.expiry.buffer.seconds = 300
	bearer.auth.client.id = null
	bearer.auth.client.secret = null
	bearer.auth.credentials.source = STATIC_TOKEN
	bearer.auth.custom.provider.class = null
	bearer.auth.identity.pool.id = null
	bearer.auth.issuer.endpoint.url = null
	bearer.auth.logical.cluster = null
	bearer.auth.scope = null
	bearer.auth.scope.claim.name = scope
	bearer.auth.sub.claim.name = sub
	bearer.auth.token = [hidden]
	context.name.strategy = class io.confluent.kafka.serializers.context.NullContextNameStrategy
	http.connect.timeout.ms = 60000
	http.read.timeout.ms = 60000
	id.compatibility.strict = true
	key.schema.id.deserializer = class io.confluent.kafka.serializers.schema.id.DualSchemaIdDeserializer
	key.schema.id.serializer = class io.confluent.kafka.serializers.schema.id.PrefixSchemaIdSerializer
	key.subject.name.strategy = class io.confluent.kafka.serializers.subject.TopicNameStrategy
	latest.cache.size = 1000
	latest.cache.ttl.sec = -1
	latest.compatibility.strict = true
	max.retries = 3
	max.schemas.per.subject = 1000
	normalize.schemas = false
	propagate.schema.tags = false
	proxy.host = 
	proxy.port = -1
	retries.max.wait.ms = 20000
	retries.wait.ms = 1000
	rule.actions = []
	rule.executors = []
	rule.service.loader.enable = true
	schema.format = null
	schema.reflection = false
	schema.registry.basic.auth.user.info = [hidden]
	schema.registry.ssl.cipher.suites = null
	schema.registry.ssl.enabled.protocols = [TLSv1.2, TLSv1.3]
	schema.registry.ssl.endpoint.identification.algorithm = https
	schema.registry.ssl.engine.factory.class = null
	schema.registry.ssl.key.password = null
	schema.registry.ssl.keymanager.algorithm = SunX509
	schema.registry.ssl.keystore.certificate.chain = null
	schema.registry.ssl.keystore.key = null
	schema.registry.ssl.keystore.location = null
	schema.registry.ssl.keystore.password = null
	schema.registry.ssl.keystore.type = JKS
	schema.registry.ssl.protocol = TLSv1.3
	schema.registry.ssl.provider = null
	schema.registry.ssl.secure.random.implementation = null
	schema.registry.ssl.trustmanager.algorithm = PKIX
	schema.registry.ssl.truststore.certificates = null
	schema.registry.ssl.truststore.location = null
	schema.registry.ssl.truststore.password = null
	schema.registry.ssl.truststore.type = JKS
	schema.registry.url = [http://registry-app-pg17.apps.ci419.apicurio-testing.org:80/apis/ccompat/v7]
	schema.registry.url.randomize = false
	use.latest.version = false
	use.latest.with.metadata = null
	use.schema.id = -1
	value.schema.id.deserializer = class io.confluent.kafka.serializers.schema.id.DualSchemaIdDeserializer
	value.schema.id.serializer = class io.confluent.kafka.serializers.schema.id.PrefixSchemaIdSerializer
	value.subject.name.strategy = class io.confluent.kafka.serializers.subject.RecordNameStrategy

2025-09-03 13:25:26,716 INFO  [org.apa.kaf.cli.pro.KafkaProducer] (main) [Producer clientId=Producer-topic-b323fb4d_3998_41c7_a702_daff9936b465] Instantiated an idempotent producer.
2025-09-03 13:25:26,718 INFO  [org.apa.kaf.cli.pro.ProducerConfig] (main) These configurations '[schema.registry.url, auto.register.schemas, value.subject.name.strategy]' were supplied but are not used yet.
2025-09-03 13:25:26,718 INFO  [org.apa.kaf.com.uti.AppInfoParser] (main) Kafka version: 3.9.1
2025-09-03 13:25:26,718 INFO  [org.apa.kaf.com.uti.AppInfoParser] (main) Kafka commitId: f745dfdcee2b9851
2025-09-03 13:25:26,718 INFO  [org.apa.kaf.com.uti.AppInfoParser] (main) Kafka startTimeMs: 1756905926718
2025-09-03 13:25:26,718 INFO  [io.api.tes.ser.api.KafkaSerdesTester] (ForkJoinPool.commonPool-worker-3) Sending message {"wrongkey": "value-0"} to topic topic-b323fb4d_3998_41c7_a702_daff9936b465
2025-09-03 13:25:26,720 INFO  [org.apa.kaf.cli.Metadata] (kafka-producer-network-thread | Producer-topic-b323fb4d_3998_41c7_a702_daff9936b465) [Producer clientId=Producer-topic-b323fb4d_3998_41c7_a702_daff9936b465] Cluster ID: Vad1sk8gS_OCqo1-tuet0Q
2025-09-03 13:25:26,720 INFO  [org.apa.kaf.cli.pro.int.TransactionManager] (kafka-producer-network-thread | Producer-topic-b323fb4d_3998_41c7_a702_daff9936b465) [Producer clientId=Producer-topic-b323fb4d_3998_41c7_a702_daff9936b465] ProducerId set to 57 with epoch 0
2025-09-03 13:25:26,734 INFO  [org.apa.kaf.cli.pro.KafkaProducer] (ForkJoinPool.commonPool-worker-3) [Producer clientId=Producer-topic-b323fb4d_3998_41c7_a702_daff9936b465] Closing the Kafka producer with timeoutMillis = 9223372036854775807 ms.
2025-09-03 13:25:26,735 INFO  [org.apa.kaf.com.met.Metrics] (ForkJoinPool.commonPool-worker-3) Metrics scheduler closed
2025-09-03 13:25:26,735 INFO  [org.apa.kaf.com.met.Metrics] (ForkJoinPool.commonPool-worker-3) Closing reporter org.apache.kafka.common.metrics.JmxReporter
2025-09-03 13:25:26,735 INFO  [org.apa.kaf.com.met.Metrics] (ForkJoinPool.commonPool-worker-3) Closing reporter org.apache.kafka.common.telemetry.internals.ClientTelemetryReporter
2025-09-03 13:25:26,735 INFO  [org.apa.kaf.com.met.Metrics] (ForkJoinPool.commonPool-worker-3) Metrics reporters closed
2025-09-03 13:25:26,735 INFO  [org.apa.kaf.com.uti.AppInfoParser] (ForkJoinPool.commonPool-worker-3) App info kafka.producer for Producer-topic-b323fb4d_3998_41c7_a702_daff9936b465 unregistered
2025-09-03 13:25:26,760 INFO  [io.api.tes.ser.con.BasicConfluentSerDesIT] (main) Deleting confluent schema myrecordconfluent2
2025-09-03 13:25:26,771 INFO  [io.api.tes.uti.TestSeparator] (main) io.apicurio.tests.serdes.confluent.BasicConfluentSerDesIT.testAvroConfluentSerDesFail-FINISHED
2025-09-03 13:25:26,771 INFO  [io.api.tes.uti.TestSeparator] (main) ############################################################################
Test passed: testAvroConfluentSerDesFail
]]></system-out>
  </testcase>
  <testcase name="testAvroConfluentSerDesWrongStrategyRecord" classname="io.apicurio.tests.serdes.confluent.BasicConfluentSerDesIT" time="0.095">
    <system-out><![CDATA[2025-09-03 13:25:26,772 INFO  [io.api.tes.uti.TestSeparator] (main) ############################################################################
2025-09-03 13:25:26,773 INFO  [io.api.tes.uti.TestSeparator] (main) io.apicurio.tests.serdes.confluent.BasicConfluentSerDesIT.testAvroConfluentSerDesWrongStrategyRecord-STARTED
2025-09-03 13:25:26,807 INFO  [io.api.tes.ser.con.BasicConfluentSerDesIT] (main) Checking that created schema is equal to the get schema
2025-09-03 13:25:26,818 INFO  [io.api.tes.ser.con.BasicConfluentSerDesIT] (main) Created schema with id:56 and name:myrecordconfluent4
**** Registry Base URL: http://registry-app-pg17.apps.ci419.apicurio-testing.org:80
2025-09-03 13:25:26,819 INFO  [org.apa.kaf.cli.pro.ProducerConfig] (main) ProducerConfig values: 
	acks = -1
	auto.include.jmx.reporter = true
	batch.size = 16384
	bootstrap.servers = [PLAINTEXT://localhost:32769]
	buffer.memory = 33554432
	client.dns.lookup = use_all_dns_ips
	client.id = Producer-topic-8f8f580e_109d_4f95_aeb4_e503c78c22e7
	compression.gzip.level = -1
	compression.lz4.level = 9
	compression.type = none
	compression.zstd.level = 3
	connections.max.idle.ms = 10000
	delivery.timeout.ms = 120000
	enable.idempotence = true
	enable.metrics.push = true
	interceptor.classes = []
	key.serializer = class org.apache.kafka.common.serialization.StringSerializer
	linger.ms = 0
	max.block.ms = 60000
	max.in.flight.requests.per.connection = 5
	max.request.size = 1048576
	metadata.max.age.ms = 300000
	metadata.max.idle.ms = 300000
	metadata.recovery.strategy = none
	metric.reporters = []
	metrics.num.samples = 2
	metrics.recording.level = INFO
	metrics.sample.window.ms = 30000
	partitioner.adaptive.partitioning.enable = true
	partitioner.availability.timeout.ms = 0
	partitioner.class = null
	partitioner.ignore.keys = false
	receive.buffer.bytes = 32768
	reconnect.backoff.max.ms = 1000
	reconnect.backoff.ms = 50
	request.timeout.ms = 5000
	retries = 2147483647
	retry.backoff.max.ms = 1000
	retry.backoff.ms = 100
	sasl.client.callback.handler.class = null
	sasl.jaas.config = null
	sasl.kerberos.kinit.cmd = /usr/bin/kinit
	sasl.kerberos.min.time.before.relogin = 60000
	sasl.kerberos.service.name = null
	sasl.kerberos.ticket.renew.jitter = 0.05
	sasl.kerberos.ticket.renew.window.factor = 0.8
	sasl.login.callback.handler.class = null
	sasl.login.class = null
	sasl.login.connect.timeout.ms = null
	sasl.login.read.timeout.ms = null
	sasl.login.refresh.buffer.seconds = 300
	sasl.login.refresh.min.period.seconds = 60
	sasl.login.refresh.window.factor = 0.8
	sasl.login.refresh.window.jitter = 0.05
	sasl.login.retry.backoff.max.ms = 10000
	sasl.login.retry.backoff.ms = 100
	sasl.mechanism = GSSAPI
	sasl.oauthbearer.clock.skew.seconds = 30
	sasl.oauthbearer.expected.audience = null
	sasl.oauthbearer.expected.issuer = null
	sasl.oauthbearer.header.urlencode = false
	sasl.oauthbearer.jwks.endpoint.refresh.ms = 3600000
	sasl.oauthbearer.jwks.endpoint.retry.backoff.max.ms = 10000
	sasl.oauthbearer.jwks.endpoint.retry.backoff.ms = 100
	sasl.oauthbearer.jwks.endpoint.url = null
	sasl.oauthbearer.scope.claim.name = scope
	sasl.oauthbearer.sub.claim.name = sub
	sasl.oauthbearer.token.endpoint.url = null
	security.protocol = PLAINTEXT
	security.providers = null
	send.buffer.bytes = 131072
	socket.connection.setup.timeout.max.ms = 30000
	socket.connection.setup.timeout.ms = 10000
	ssl.cipher.suites = null
	ssl.enabled.protocols = [TLSv1.2, TLSv1.3]
	ssl.endpoint.identification.algorithm = https
	ssl.engine.factory.class = null
	ssl.key.password = null
	ssl.keymanager.algorithm = SunX509
	ssl.keystore.certificate.chain = null
	ssl.keystore.key = null
	ssl.keystore.location = null
	ssl.keystore.password = null
	ssl.keystore.type = JKS
	ssl.protocol = TLSv1.3
	ssl.provider = null
	ssl.secure.random.implementation = null
	ssl.trustmanager.algorithm = PKIX
	ssl.truststore.certificates = null
	ssl.truststore.location = null
	ssl.truststore.password = null
	ssl.truststore.type = JKS
	transaction.timeout.ms = 60000
	transactional.id = null
	value.serializer = class io.confluent.kafka.serializers.KafkaAvroSerializer

2025-09-03 13:25:26,819 INFO  [org.apa.kaf.com.tel.int.KafkaMetricsCollector] (main) initializing Kafka metrics collector
2025-09-03 13:25:26,820 INFO  [io.con.kaf.ser.KafkaAvroSerializerConfig] (main) KafkaAvroSerializerConfig values: 
	auto.register.schemas = false
	avro.reflection.allow.null = false
	avro.remove.java.properties = false
	avro.use.logical.type.converters = false
	basic.auth.credentials.source = URL
	basic.auth.user.info = [hidden]
	bearer.auth.cache.expiry.buffer.seconds = 300
	bearer.auth.client.id = null
	bearer.auth.client.secret = null
	bearer.auth.credentials.source = STATIC_TOKEN
	bearer.auth.custom.provider.class = null
	bearer.auth.identity.pool.id = null
	bearer.auth.issuer.endpoint.url = null
	bearer.auth.logical.cluster = null
	bearer.auth.scope = null
	bearer.auth.scope.claim.name = scope
	bearer.auth.sub.claim.name = sub
	bearer.auth.token = [hidden]
	context.name.strategy = class io.confluent.kafka.serializers.context.NullContextNameStrategy
	http.connect.timeout.ms = 60000
	http.read.timeout.ms = 60000
	id.compatibility.strict = true
	key.schema.id.deserializer = class io.confluent.kafka.serializers.schema.id.DualSchemaIdDeserializer
	key.schema.id.serializer = class io.confluent.kafka.serializers.schema.id.PrefixSchemaIdSerializer
	key.subject.name.strategy = class io.confluent.kafka.serializers.subject.TopicNameStrategy
	latest.cache.size = 1000
	latest.cache.ttl.sec = -1
	latest.compatibility.strict = true
	max.retries = 3
	max.schemas.per.subject = 1000
	normalize.schemas = false
	propagate.schema.tags = false
	proxy.host = 
	proxy.port = -1
	retries.max.wait.ms = 20000
	retries.wait.ms = 1000
	rule.actions = []
	rule.executors = []
	rule.service.loader.enable = true
	schema.format = null
	schema.reflection = false
	schema.registry.basic.auth.user.info = [hidden]
	schema.registry.ssl.cipher.suites = null
	schema.registry.ssl.enabled.protocols = [TLSv1.2, TLSv1.3]
	schema.registry.ssl.endpoint.identification.algorithm = https
	schema.registry.ssl.engine.factory.class = null
	schema.registry.ssl.key.password = null
	schema.registry.ssl.keymanager.algorithm = SunX509
	schema.registry.ssl.keystore.certificate.chain = null
	schema.registry.ssl.keystore.key = null
	schema.registry.ssl.keystore.location = null
	schema.registry.ssl.keystore.password = null
	schema.registry.ssl.keystore.type = JKS
	schema.registry.ssl.protocol = TLSv1.3
	schema.registry.ssl.provider = null
	schema.registry.ssl.secure.random.implementation = null
	schema.registry.ssl.trustmanager.algorithm = PKIX
	schema.registry.ssl.truststore.certificates = null
	schema.registry.ssl.truststore.location = null
	schema.registry.ssl.truststore.password = null
	schema.registry.ssl.truststore.type = JKS
	schema.registry.url = [http://registry-app-pg17.apps.ci419.apicurio-testing.org:80/apis/ccompat/v7]
	schema.registry.url.randomize = false
	use.latest.version = false
	use.latest.with.metadata = null
	use.schema.id = -1
	value.schema.id.deserializer = class io.confluent.kafka.serializers.schema.id.DualSchemaIdDeserializer
	value.schema.id.serializer = class io.confluent.kafka.serializers.schema.id.PrefixSchemaIdSerializer
	value.subject.name.strategy = class io.confluent.kafka.serializers.subject.RecordNameStrategy

2025-09-03 13:25:26,821 INFO  [org.apa.kaf.cli.pro.KafkaProducer] (main) [Producer clientId=Producer-topic-8f8f580e_109d_4f95_aeb4_e503c78c22e7] Instantiated an idempotent producer.
2025-09-03 13:25:26,822 INFO  [org.apa.kaf.cli.pro.ProducerConfig] (main) These configurations '[schema.registry.url, auto.register.schemas, value.subject.name.strategy]' were supplied but are not used yet.
2025-09-03 13:25:26,822 INFO  [org.apa.kaf.com.uti.AppInfoParser] (main) Kafka version: 3.9.1
2025-09-03 13:25:26,822 INFO  [org.apa.kaf.com.uti.AppInfoParser] (main) Kafka commitId: f745dfdcee2b9851
2025-09-03 13:25:26,822 INFO  [org.apa.kaf.com.uti.AppInfoParser] (main) Kafka startTimeMs: 1756905926822
2025-09-03 13:25:26,822 INFO  [io.api.tes.ser.api.KafkaSerdesTester] (ForkJoinPool.commonPool-worker-3) Sending message {"wrongkey": "value-0"} to topic topic-8f8f580e_109d_4f95_aeb4_e503c78c22e7
2025-09-03 13:25:26,825 INFO  [org.apa.kaf.cli.Metadata] (kafka-producer-network-thread | Producer-topic-8f8f580e_109d_4f95_aeb4_e503c78c22e7) [Producer clientId=Producer-topic-8f8f580e_109d_4f95_aeb4_e503c78c22e7] Cluster ID: Vad1sk8gS_OCqo1-tuet0Q
2025-09-03 13:25:26,825 INFO  [org.apa.kaf.cli.pro.int.TransactionManager] (kafka-producer-network-thread | Producer-topic-8f8f580e_109d_4f95_aeb4_e503c78c22e7) [Producer clientId=Producer-topic-8f8f580e_109d_4f95_aeb4_e503c78c22e7] ProducerId set to 58 with epoch 0
2025-09-03 13:25:26,835 INFO  [org.apa.kaf.cli.pro.KafkaProducer] (ForkJoinPool.commonPool-worker-3) [Producer clientId=Producer-topic-8f8f580e_109d_4f95_aeb4_e503c78c22e7] Closing the Kafka producer with timeoutMillis = 9223372036854775807 ms.
2025-09-03 13:25:26,836 INFO  [org.apa.kaf.com.met.Metrics] (ForkJoinPool.commonPool-worker-3) Metrics scheduler closed
2025-09-03 13:25:26,836 INFO  [org.apa.kaf.com.met.Metrics] (ForkJoinPool.commonPool-worker-3) Closing reporter org.apache.kafka.common.metrics.JmxReporter
2025-09-03 13:25:26,836 INFO  [org.apa.kaf.com.met.Metrics] (ForkJoinPool.commonPool-worker-3) Closing reporter org.apache.kafka.common.telemetry.internals.ClientTelemetryReporter
2025-09-03 13:25:26,836 INFO  [org.apa.kaf.com.met.Metrics] (ForkJoinPool.commonPool-worker-3) Metrics reporters closed
2025-09-03 13:25:26,836 INFO  [org.apa.kaf.com.uti.AppInfoParser] (ForkJoinPool.commonPool-worker-3) App info kafka.producer for Producer-topic-8f8f580e_109d_4f95_aeb4_e503c78c22e7 unregistered
2025-09-03 13:25:26,855 INFO  [io.api.tes.ser.con.BasicConfluentSerDesIT] (main) Deleting confluent schema topic-8f8f580e_109d_4f95_aeb4_e503c78c22e7-value
2025-09-03 13:25:26,867 INFO  [io.api.tes.uti.TestSeparator] (main) io.apicurio.tests.serdes.confluent.BasicConfluentSerDesIT.testAvroConfluentSerDesWrongStrategyRecord-FINISHED
2025-09-03 13:25:26,867 INFO  [io.api.tes.uti.TestSeparator] (main) ############################################################################
Test passed: testAvroConfluentSerDesWrongStrategyRecord
]]></system-out>
  </testcase>
</testsuite>