<?xml version="1.0" encoding="UTF-8"?>
<testsuite xmlns:xsi="http://www.w3.org/2001/XMLSchema-instance" xsi:noNamespaceSchemaLocation="https://maven.apache.org/surefire/maven-failsafe-plugin/xsd/failsafe-test-report.xsd" version="3.0.2" name="io.apicurio.tests.serdes.apicurio.ProtobufSerdeIT" time="56.241" tests="17" errors="0" skipped="0" failures="0">
  <properties>
    <property name="java.specification.version" value="17"/>
    <property name="sun.jnu.encoding" value="UTF-8"/>
    <property name="java.class.path" value="/home/runner/work/apicurio-testing/apicurio-testing/clusters/ci419/namespaces/pg17/tests/integration/apicurio-registry/integration-tests/target/test-classes:/home/runner/work/apicurio-testing/apicurio-testing/clusters/ci419/namespaces/pg17/tests/integration/apicurio-registry/integration-tests/target/apicurio-registry-integration-tests-3.0.14-SNAPSHOT.jar:/home/runner/.m2/repository/io/quarkus/quarkus-junit5/3.20.2/quarkus-junit5-3.20.2.jar:/home/runner/.m2/repository/io/quarkus/quarkus-bootstrap-core/3.20.2/quarkus-bootstrap-core-3.20.2.jar:/home/runner/.m2/repository/io/quarkus/quarkus-classloader-commons/3.20.2/quarkus-classloader-commons-3.20.2.jar:/home/runner/.m2/repository/io/quarkus/quarkus-bootstrap-app-model/3.20.2/quarkus-bootstrap-app-model-3.20.2.jar:/home/runner/.m2/repository/io/smallrye/common/smallrye-common-io/2.12.0/smallrye-common-io-2.12.0.jar:/home/runner/.m2/repository/org/eclipse/sisu/org.eclipse.sisu.inject/0.9.0.M3/org.eclipse.sisu.inject-0.9.0.M3.jar:/home/runner/.m2/repository/io/quarkus/quarkus-test-common/3.20.2/quarkus-test-common-3.20.2.jar:/home/runner/.m2/repository/io/quarkus/quarkus-core-deployment/3.20.2/quarkus-core-deployment-3.20.2.jar:/home/runner/.m2/repository/org/aesh/readline/2.6/readline-2.6.jar:/home/runner/.m2/repository/org/fusesource/jansi/jansi/2.4.0/jansi-2.4.0.jar:/home/runner/.m2/repository/org/aesh/aesh/2.8.2/aesh-2.8.2.jar:/home/runner/.m2/repository/io/quarkus/gizmo/gizmo/1.8.0/gizmo-1.8.0.jar:/home/runner/.m2/repository/org/ow2/asm/asm-util/9.7.1/asm-util-9.7.1.jar:/home/runner/.m2/repository/org/ow2/asm/asm-analysis/9.7.1/asm-analysis-9.7.1.jar:/home/runner/.m2/repository/org/ow2/asm/asm-commons/9.7.1/asm-commons-9.7.1.jar:/home/runner/.m2/repository/org/ow2/asm/asm-tree/9.7.1/asm-tree-9.7.1.jar:/home/runner/.m2/repository/io/quarkus/quarkus-hibernate-validator-spi/3.20.2/quarkus-hibernate-validator-spi-3.20.2.jar:/home/runner/.m2/repository/io/quarkus/quarkus-class-change-agent/3.20.2/quarkus-class-change-agent-3.20.2.jar:/home/runner/.m2/repository/io/quarkus/quarkus-devtools-utilities/3.20.2/quarkus-devtools-utilities-3.20.2.jar:/home/runner/.m2/repository/io/quarkus/quarkus-builder/3.20.2/quarkus-builder-3.20.2.jar:/home/runner/.m2/repository/org/graalvm/sdk/nativeimage/23.1.2/nativeimage-23.1.2.jar:/home/runner/.m2/repository/org/graalvm/sdk/word/23.1.2/word-23.1.2.jar:/home/runner/.m2/repository/io/quarkus/quarkus-bootstrap-maven-resolver/3.20.2/quarkus-bootstrap-maven-resolver-3.20.2.jar:/home/runner/.m2/repository/io/smallrye/beanbag/smallrye-beanbag-maven/1.5.2/smallrye-beanbag-maven-1.5.2.jar:/home/runner/.m2/repository/io/smallrye/beanbag/smallrye-beanbag-sisu/1.5.2/smallrye-beanbag-sisu-1.5.2.jar:/home/runner/.m2/repository/io/smallrye/beanbag/smallrye-beanbag/1.5.2/smallrye-beanbag-1.5.2.jar:/home/runner/.m2/repository/javax/inject/javax.inject/1/javax.inject-1.jar:/home/runner/.m2/repository/org/apache/maven/maven-artifact/3.9.9/maven-artifact-3.9.9.jar:/home/runner/.m2/repository/org/apache/maven/maven-builder-support/3.9.9/maven-builder-support-3.9.9.jar:/home/runner/.m2/repository/org/apache/maven/maven-model/3.9.9/maven-model-3.9.9.jar:/home/runner/.m2/repository/org/apache/maven/maven-model-builder/3.9.9/maven-model-builder-3.9.9.jar:/home/runner/.m2/repository/org/apache/maven/maven-repository-metadata/3.9.9/maven-repository-metadata-3.9.9.jar:/home/runner/.m2/repository/org/apache/maven/maven-settings/3.9.9/maven-settings-3.9.9.jar:/home/runner/.m2/repository/org/apache/maven/resolver/maven-resolver-api/1.9.22/maven-resolver-api-1.9.22.jar:/home/runner/.m2/repository/org/apache/maven/resolver/maven-resolver-impl/1.9.22/maven-resolver-impl-1.9.22.jar:/home/runner/.m2/repository/org/apache/maven/resolver/maven-resolver-named-locks/1.9.22/maven-resolver-named-locks-1.9.22.jar:/home/runner/.m2/repository/org/apache/maven/resolver/maven-resolver-spi/1.9.22/maven-resolver-spi-1.9.22.jar:/home/runner/.m2/repository/org/apache/maven/resolver/maven-resolver-util/1.9.22/maven-resolver-util-1.9.22.jar:/home/runner/.m2/repository/org/apache/maven/resolver/maven-resolver-transport-http/1.9.20/maven-resolver-transport-http-1.9.20.jar:/home/runner/.m2/repository/org/apache/maven/wagon/wagon-provider-api/3.5.3/wagon-provider-api-3.5.3.jar:/home/runner/.m2/repository/org/apache/maven/wagon/wagon-http-shared/3.5.3/wagon-http-shared-3.5.3.jar:/home/runner/.m2/repository/org/codehaus/plexus/plexus-interpolation/1.26/plexus-interpolation-1.26.jar:/home/runner/.m2/repository/org/codehaus/plexus/plexus-utils/3.5.1/plexus-utils-3.5.1.jar:/home/runner/.m2/repository/org/codehaus/plexus/plexus-xml/4.0.1/plexus-xml-4.0.1.jar:/home/runner/.m2/repository/org/apache/maven/maven-xml-impl/4.0.0-alpha-5/maven-xml-impl-4.0.0-alpha-5.jar:/home/runner/.m2/repository/org/apache/maven/maven-api-xml/4.0.0-alpha-5/maven-api-xml-4.0.0-alpha-5.jar:/home/runner/.m2/repository/org/apache/maven/maven-api-meta/4.0.0-alpha-5/maven-api-meta-4.0.0-alpha-5.jar:/home/runner/.m2/repository/org/codehaus/plexus/plexus-cipher/2.0/plexus-cipher-2.0.jar:/home/runner/.m2/repository/org/codehaus/plexus/plexus-sec-dispatcher/2.0/plexus-sec-dispatcher-2.0.jar:/home/runner/.m2/repository/org/apache/maven/maven-embedder/3.9.9/maven-embedder-3.9.9.jar:/home/runner/.m2/repository/org/apache/maven/maven-core/3.9.9/maven-core-3.9.9.jar:/home/runner/.m2/repository/org/codehaus/plexus/plexus-component-annotations/2.1.0/plexus-component-annotations-2.1.0.jar:/home/runner/.m2/repository/org/apache/maven/maven-plugin-api/3.9.9/maven-plugin-api-3.9.9.jar:/home/runner/.m2/repository/org/apache/maven/shared/maven-shared-utils/3.4.2/maven-shared-utils-3.4.2.jar:/home/runner/.m2/repository/com/google/inject/guice/5.1.0/guice-5.1.0.jar:/home/runner/.m2/repository/aopalliance/aopalliance/1.0/aopalliance-1.0.jar:/home/runner/.m2/repository/org/codehaus/plexus/plexus-classworlds/2.6.0/plexus-classworlds-2.6.0.jar:/home/runner/.m2/repository/commons-cli/commons-cli/1.8.0/commons-cli-1.8.0.jar:/home/runner/.m2/repository/org/eclipse/sisu/org.eclipse.sisu.plexus/0.9.0.M3/org.eclipse.sisu.plexus-0.9.0.M3.jar:/home/runner/.m2/repository/org/apache/maven/maven-settings-builder/3.9.9/maven-settings-builder-3.9.9.jar:/home/runner/.m2/repository/org/apache/maven/maven-resolver-provider/3.9.9/maven-resolver-provider-3.9.9.jar:/home/runner/.m2/repository/org/apache/maven/resolver/maven-resolver-connector-basic/1.9.22/maven-resolver-connector-basic-1.9.22.jar:/home/runner/.m2/repository/org/apache/maven/resolver/maven-resolver-transport-wagon/1.9.22/maven-resolver-transport-wagon-1.9.22.jar:/home/runner/.m2/repository/org/apache/maven/wagon/wagon-http/3.5.3/wagon-http-3.5.3.jar:/home/runner/.m2/repository/org/apache/maven/wagon/wagon-file/3.5.3/wagon-file-3.5.3.jar:/home/runner/.m2/repository/io/quarkus/quarkus-bootstrap-gradle-resolver/3.20.2/quarkus-bootstrap-gradle-resolver-3.20.2.jar:/home/runner/.m2/repository/io/smallrye/jandex/3.3.0/jandex-3.3.0.jar:/home/runner/.m2/repository/org/jboss/logging/commons-logging-jboss-logging/1.0.0.Final/commons-logging-jboss-logging-1.0.0.Final.jar:/home/runner/.m2/repository/io/quarkus/quarkus-junit5-config/3.20.2/quarkus-junit5-config-3.20.2.jar:/home/runner/.m2/repository/org/junit/jupiter/junit-jupiter-api/5.12.1/junit-jupiter-api-5.12.1.jar:/home/runner/.m2/repository/io/smallrye/config/smallrye-config/3.11.4/smallrye-config-3.11.4.jar:/home/runner/.m2/repository/io/smallrye/config/smallrye-config-core/3.11.4/smallrye-config-core-3.11.4.jar:/home/runner/.m2/repository/io/smallrye/common/smallrye-common-classloader/2.12.0/smallrye-common-classloader-2.12.0.jar:/home/runner/.m2/repository/io/smallrye/config/smallrye-config-common/3.11.4/smallrye-config-common-3.11.4.jar:/home/runner/.m2/repository/org/junit/jupiter/junit-jupiter/5.12.1/junit-jupiter-5.12.1.jar:/home/runner/.m2/repository/org/junit/jupiter/junit-jupiter-params/5.12.1/junit-jupiter-params-5.12.1.jar:/home/runner/.m2/repository/org/junit/jupiter/junit-jupiter-engine/5.12.1/junit-jupiter-engine-5.12.1.jar:/home/runner/.m2/repository/io/quarkus/quarkus-core/3.20.2/quarkus-core-3.20.2.jar:/home/runner/.m2/repository/jakarta/enterprise/jakarta.enterprise.cdi-api/4.1.0/jakarta.enterprise.cdi-api-4.1.0.jar:/home/runner/.m2/repository/jakarta/enterprise/jakarta.enterprise.lang-model/4.1.0/jakarta.enterprise.lang-model-4.1.0.jar:/home/runner/.m2/repository/jakarta/el/jakarta.el-api/5.0.1/jakarta.el-api-5.0.1.jar:/home/runner/.m2/repository/jakarta/interceptor/jakarta.interceptor-api/2.2.0/jakarta.interceptor-api-2.2.0.jar:/home/runner/.m2/repository/jakarta/inject/jakarta.inject-api/2.0.1/jakarta.inject-api-2.0.1.jar:/home/runner/.m2/repository/io/smallrye/common/smallrye-common-os/2.12.0/smallrye-common-os-2.12.0.jar:/home/runner/.m2/repository/io/quarkus/quarkus-ide-launcher/3.20.2/quarkus-ide-launcher-3.20.2.jar:/home/runner/.m2/repository/io/quarkus/quarkus-development-mode-spi/3.20.2/quarkus-development-mode-spi-3.20.2.jar:/home/runner/.m2/repository/org/jboss/logging/jboss-logging/3.6.1.Final/jboss-logging-3.6.1.Final.jar:/home/runner/.m2/repository/org/jboss/logmanager/jboss-logmanager/3.1.2.Final/jboss-logmanager-3.1.2.Final.jar:/home/runner/.m2/repository/io/smallrye/common/smallrye-common-constraint/2.12.0/smallrye-common-constraint-2.12.0.jar:/home/runner/.m2/repository/io/smallrye/common/smallrye-common-cpu/2.12.0/smallrye-common-cpu-2.12.0.jar:/home/runner/.m2/repository/io/smallrye/common/smallrye-common-expression/2.12.0/smallrye-common-expression-2.12.0.jar:/home/runner/.m2/repository/io/smallrye/common/smallrye-common-net/2.12.0/smallrye-common-net-2.12.0.jar:/home/runner/.m2/repository/io/smallrye/common/smallrye-common-ref/2.12.0/smallrye-common-ref-2.12.0.jar:/home/runner/.m2/repository/jakarta/json/jakarta.json-api/2.1.3/jakarta.json-api-2.1.3.jar:/home/runner/.m2/repository/org/eclipse/parsson/parsson/1.1.7/parsson-1.1.7.jar:/home/runner/.m2/repository/org/jboss/logging/jboss-logging-annotations/3.0.4.Final/jboss-logging-annotations-3.0.4.Final.jar:/home/runner/.m2/repository/org/jboss/threads/jboss-threads/3.8.0.Final/jboss-threads-3.8.0.Final.jar:/home/runner/.m2/repository/io/smallrye/common/smallrye-common-annotation/2.12.0/smallrye-common-annotation-2.12.0.jar:/home/runner/.m2/repository/io/smallrye/common/smallrye-common-function/2.12.0/smallrye-common-function-2.12.0.jar:/home/runner/.m2/repository/org/jboss/slf4j/slf4j-jboss-logmanager/2.0.0.Final/slf4j-jboss-logmanager-2.0.0.Final.jar:/home/runner/.m2/repository/org/wildfly/common/wildfly-common/2.0.1/wildfly-common-2.0.1.jar:/home/runner/.m2/repository/io/quarkus/quarkus-bootstrap-runner/3.20.2/quarkus-bootstrap-runner-3.20.2.jar:/home/runner/.m2/repository/io/github/crac/org-crac/0.1.3/org-crac-0.1.3.jar:/home/runner/.m2/repository/io/quarkus/quarkus-fs-util/0.0.10/quarkus-fs-util-0.0.10.jar:/home/runner/.m2/repository/org/jboss/marshalling/jboss-marshalling/2.2.2.Final/jboss-marshalling-2.2.2.Final.jar:/home/runner/.m2/repository/io/fabric8/kubernetes-client/7.1.0/kubernetes-client-7.1.0.jar:/home/runner/.m2/repository/io/fabric8/kubernetes-client-api/7.1.0/kubernetes-client-api-7.1.0.jar:/home/runner/.m2/repository/io/fabric8/kubernetes-model-core/7.1.0/kubernetes-model-core-7.1.0.jar:/home/runner/.m2/repository/io/fabric8/kubernetes-model-common/7.1.0/kubernetes-model-common-7.1.0.jar:/home/runner/.m2/repository/javax/annotation/javax.annotation-api/1.3.2/javax.annotation-api-1.3.2.jar:/home/runner/.m2/repository/io/fabric8/kubernetes-model-gatewayapi/7.1.0/kubernetes-model-gatewayapi-7.1.0.jar:/home/runner/.m2/repository/io/fabric8/kubernetes-model-resource/7.1.0/kubernetes-model-resource-7.1.0.jar:/home/runner/.m2/repository/io/fabric8/kubernetes-model-rbac/7.1.0/kubernetes-model-rbac-7.1.0.jar:/home/runner/.m2/repository/io/fabric8/kubernetes-model-admissionregistration/7.1.0/kubernetes-model-admissionregistration-7.1.0.jar:/home/runner/.m2/repository/io/fabric8/kubernetes-model-apps/7.1.0/kubernetes-model-apps-7.1.0.jar:/home/runner/.m2/repository/io/fabric8/kubernetes-model-autoscaling/7.1.0/kubernetes-model-autoscaling-7.1.0.jar:/home/runner/.m2/repository/io/fabric8/kubernetes-model-apiextensions/7.1.0/kubernetes-model-apiextensions-7.1.0.jar:/home/runner/.m2/repository/io/fabric8/kubernetes-model-batch/7.1.0/kubernetes-model-batch-7.1.0.jar:/home/runner/.m2/repository/io/fabric8/kubernetes-model-certificates/7.1.0/kubernetes-model-certificates-7.1.0.jar:/home/runner/.m2/repository/io/fabric8/kubernetes-model-coordination/7.1.0/kubernetes-model-coordination-7.1.0.jar:/home/runner/.m2/repository/io/fabric8/kubernetes-model-discovery/7.1.0/kubernetes-model-discovery-7.1.0.jar:/home/runner/.m2/repository/io/fabric8/kubernetes-model-events/7.1.0/kubernetes-model-events-7.1.0.jar:/home/runner/.m2/repository/io/fabric8/kubernetes-model-extensions/7.1.0/kubernetes-model-extensions-7.1.0.jar:/home/runner/.m2/repository/io/fabric8/kubernetes-model-flowcontrol/7.1.0/kubernetes-model-flowcontrol-7.1.0.jar:/home/runner/.m2/repository/io/fabric8/kubernetes-model-networking/7.1.0/kubernetes-model-networking-7.1.0.jar:/home/runner/.m2/repository/io/fabric8/kubernetes-model-metrics/7.1.0/kubernetes-model-metrics-7.1.0.jar:/home/runner/.m2/repository/io/fabric8/kubernetes-model-policy/7.1.0/kubernetes-model-policy-7.1.0.jar:/home/runner/.m2/repository/io/fabric8/kubernetes-model-scheduling/7.1.0/kubernetes-model-scheduling-7.1.0.jar:/home/runner/.m2/repository/io/fabric8/kubernetes-model-storageclass/7.1.0/kubernetes-model-storageclass-7.1.0.jar:/home/runner/.m2/repository/io/fabric8/kubernetes-model-node/7.1.0/kubernetes-model-node-7.1.0.jar:/home/runner/.m2/repository/org/snakeyaml/snakeyaml-engine/2.9/snakeyaml-engine-2.9.jar:/home/runner/.m2/repository/com/fasterxml/jackson/dataformat/jackson-dataformat-yaml/2.18.2/jackson-dataformat-yaml-2.18.2.jar:/home/runner/.m2/repository/com/fasterxml/jackson/datatype/jackson-datatype-jsr310/2.18.2/jackson-datatype-jsr310-2.18.2.jar:/home/runner/.m2/repository/io/fabric8/zjsonpatch/7.1.0/zjsonpatch-7.1.0.jar:/home/runner/.m2/repository/io/fabric8/kubernetes-httpclient-vertx/7.1.0/kubernetes-httpclient-vertx-7.1.0.jar:/home/runner/.m2/repository/io/vertx/vertx-web-client/4.5.16/vertx-web-client-4.5.16.jar:/home/runner/.m2/repository/io/vertx/vertx-web-common/4.5.16/vertx-web-common-4.5.16.jar:/home/runner/.m2/repository/io/vertx/vertx-auth-common/4.5.16/vertx-auth-common-4.5.16.jar:/home/runner/.m2/repository/io/vertx/vertx-uri-template/4.5.16/vertx-uri-template-4.5.16.jar:/home/runner/.m2/repository/io/fabric8/openshift-client/7.1.0/openshift-client-7.1.0.jar:/home/runner/.m2/repository/io/fabric8/openshift-client-api/7.1.0/openshift-client-api-7.1.0.jar:/home/runner/.m2/repository/io/fabric8/openshift-model/7.1.0/openshift-model-7.1.0.jar:/home/runner/.m2/repository/io/fabric8/openshift-model-autoscaling/7.1.0/openshift-model-autoscaling-7.1.0.jar:/home/runner/.m2/repository/io/fabric8/openshift-model-operator/7.1.0/openshift-model-operator-7.1.0.jar:/home/runner/.m2/repository/io/fabric8/openshift-model-operatorhub/7.1.0/openshift-model-operatorhub-7.1.0.jar:/home/runner/.m2/repository/io/fabric8/openshift-model-machine/7.1.0/openshift-model-machine-7.1.0.jar:/home/runner/.m2/repository/io/fabric8/openshift-model-whereabouts/7.1.0/openshift-model-whereabouts-7.1.0.jar:/home/runner/.m2/repository/io/fabric8/openshift-model-monitoring/7.1.0/openshift-model-monitoring-7.1.0.jar:/home/runner/.m2/repository/io/fabric8/openshift-model-storageversionmigrator/7.1.0/openshift-model-storageversionmigrator-7.1.0.jar:/home/runner/.m2/repository/io/fabric8/openshift-model-tuned/7.1.0/openshift-model-tuned-7.1.0.jar:/home/runner/.m2/repository/io/fabric8/openshift-model-console/7.1.0/openshift-model-console-7.1.0.jar:/home/runner/.m2/repository/io/fabric8/openshift-model-config/7.1.0/openshift-model-config-7.1.0.jar:/home/runner/.m2/repository/io/fabric8/openshift-model-machineconfiguration/7.1.0/openshift-model-machineconfiguration-7.1.0.jar:/home/runner/.m2/repository/io/fabric8/openshift-model-miscellaneous/7.1.0/openshift-model-miscellaneous-7.1.0.jar:/home/runner/.m2/repository/io/fabric8/openshift-model-hive/7.1.0/openshift-model-hive-7.1.0.jar:/home/runner/.m2/repository/io/fabric8/openshift-model-installer/7.1.0/openshift-model-installer-7.1.0.jar:/home/runner/.m2/repository/org/junit/platform/junit-platform-launcher/1.12.1/junit-platform-launcher-1.12.1.jar:/home/runner/.m2/repository/org/junit/platform/junit-platform-engine/1.12.1/junit-platform-engine-1.12.1.jar:/home/runner/.m2/repository/org/opentest4j/opentest4j/1.3.0/opentest4j-1.3.0.jar:/home/runner/.m2/repository/org/junit/platform/junit-platform-commons/1.12.1/junit-platform-commons-1.12.1.jar:/home/runner/.m2/repository/org/apiguardian/apiguardian-api/1.1.2/apiguardian-api-1.1.2.jar:/home/runner/.m2/repository/jakarta/ws/rs/jakarta.ws.rs-api/3.1.0/jakarta.ws.rs-api-3.1.0.jar:/home/runner/work/apicurio-testing/apicurio-testing/clusters/ci419/namespaces/pg17/tests/integration/apicurio-registry/java-sdk/target/apicurio-registry-java-sdk-3.0.14-SNAPSHOT.jar:/home/runner/.m2/repository/com/microsoft/kiota/microsoft-kiota-abstractions/1.8.9/microsoft-kiota-abstractions-1.8.9.jar:/home/runner/.m2/repository/io/github/std-uritemplate/std-uritemplate/2.0.0/std-uritemplate-2.0.0.jar:/home/runner/.m2/repository/io/kiota/kiota-http-jdk/0.0.29/kiota-http-jdk-0.0.29.jar:/home/runner/.m2/repository/io/kiota/kiota-http-vertx/0.0.29/kiota-http-vertx-0.0.29.jar:/home/runner/.m2/repository/io/kiota/kiota-serialization-jackson/0.0.29/kiota-serialization-jackson-0.0.29.jar:/home/runner/.m2/repository/com/microsoft/kiota/microsoft-kiota-serialization-text/1.8.9/microsoft-kiota-serialization-text-1.8.9.jar:/home/runner/.m2/repository/com/microsoft/kiota/microsoft-kiota-serialization-form/1.8.9/microsoft-kiota-serialization-form-1.8.9.jar:/home/runner/.m2/repository/com/microsoft/kiota/microsoft-kiota-serialization-multipart/1.8.9/microsoft-kiota-serialization-multipart-1.8.9.jar:/home/runner/.m2/repository/jakarta/annotation/jakarta.annotation-api/3.0.0/jakarta.annotation-api-3.0.0.jar:/home/runner/.m2/repository/io/vertx/vertx-auth-oauth2/4.5.16/vertx-auth-oauth2-4.5.16.jar:/home/runner/work/apicurio-testing/apicurio-testing/clusters/ci419/namespaces/pg17/tests/integration/apicurio-registry/java-sdk-v2/target/apicurio-registry-v2-java-sdk-3.0.14-SNAPSHOT.jar:/home/runner/work/apicurio-testing/apicurio-testing/clusters/ci419/namespaces/pg17/tests/integration/apicurio-registry/utils/kafka/target/apicurio-registry-utils-kafka-3.0.14-SNAPSHOT-tests.jar:/home/runner/.m2/repository/org/eclipse/microprofile/config/microprofile-config-api/3.1/microprofile-config-api-3.1.jar:/home/runner/.m2/repository/org/apache/kafka/kafka-clients/3.9.1/kafka-clients-3.9.1.jar:/home/runner/.m2/repository/com/github/luben/zstd-jni/1.5.6-4/zstd-jni-1.5.6-4.jar:/home/runner/.m2/repository/org/lz4/lz4-java/1.8.0/lz4-java-1.8.0.jar:/home/runner/.m2/repository/org/xerial/snappy/snappy-java/1.1.10.5/snappy-java-1.1.10.5.jar:/home/runner/.m2/repository/org/slf4j/slf4j-api/2.0.6/slf4j-api-2.0.6.jar:/home/runner/work/apicurio-testing/apicurio-testing/clusters/ci419/namespaces/pg17/tests/integration/apicurio-registry/utils/tests/target/apicurio-registry-utils-tests-3.0.14-SNAPSHOT.jar:/home/runner/work/apicurio-testing/apicurio-testing/clusters/ci419/namespaces/pg17/tests/integration/apicurio-registry/common/target/apicurio-registry-common-3.0.14-SNAPSHOT.jar:/home/runner/.m2/repository/jakarta/validation/jakarta.validation-api/3.0.2/jakarta.validation-api-3.0.2.jar:/home/runner/.m2/repository/com/github/dasniko/testcontainers-keycloak/3.8.0/testcontainers-keycloak-3.8.0.jar:/home/runner/.m2/repository/org/testcontainers/testcontainers/1.20.6/testcontainers-1.20.6.jar:/home/runner/.m2/repository/org/rnorth/duct-tape/duct-tape/1.0.8/duct-tape-1.0.8.jar:/home/runner/.m2/repository/com/github/docker-java/docker-java-transport-zerodep/3.4.1/docker-java-transport-zerodep-3.4.1.jar:/home/runner/.m2/repository/com/github/docker-java/docker-java-transport/3.4.1/docker-java-transport-3.4.1.jar:/home/runner/.m2/repository/net/java/dev/jna/jna/5.8.0/jna-5.8.0.jar:/home/runner/.m2/repository/io/quarkus/quarkus-junit4-mock/3.20.2/quarkus-junit4-mock-3.20.2.jar:/home/runner/.m2/repository/org/jboss/shrinkwrap/shrinkwrap-api/2.0.0-beta-2/shrinkwrap-api-2.0.0-beta-2.jar:/home/runner/.m2/repository/org/jboss/shrinkwrap/shrinkwrap-impl-base/2.0.0-beta-2/shrinkwrap-impl-base-2.0.0-beta-2.jar:/home/runner/.m2/repository/org/jboss/shrinkwrap/shrinkwrap-spi/2.0.0-beta-2/shrinkwrap-spi-2.0.0-beta-2.jar:/home/runner/.m2/repository/org/keycloak/keycloak-admin-client/26.0.4/keycloak-admin-client-26.0.4.jar:/home/runner/.m2/repository/org/keycloak/keycloak-client-common-synced/26.0.4/keycloak-client-common-synced-26.0.4.jar:/home/runner/.m2/repository/jakarta/activation/jakarta.activation-api/2.1.3/jakarta.activation-api-2.1.3.jar:/home/runner/.m2/repository/org/eclipse/microprofile/openapi/microprofile-openapi-api/4.0.2/microprofile-openapi-api-4.0.2.jar:/home/runner/.m2/repository/org/jboss/resteasy/resteasy-client/6.2.12.Final/resteasy-client-6.2.12.Final.jar:/home/runner/.m2/repository/org/jboss/resteasy/resteasy-client-api/6.2.12.Final/resteasy-client-api-6.2.12.Final.jar:/home/runner/.m2/repository/org/jboss/resteasy/resteasy-core-spi/6.2.12.Final/resteasy-core-spi-6.2.12.Final.jar:/home/runner/.m2/repository/org/jboss/resteasy/resteasy-core/6.2.12.Final/resteasy-core-6.2.12.Final.jar:/home/runner/.m2/repository/org/eclipse/angus/angus-activation/2.0.2/angus-activation-2.0.2.jar:/home/runner/.m2/repository/com/ibm/async/asyncutil/0.1.0/asyncutil-0.1.0.jar:/home/runner/.m2/repository/org/reactivestreams/reactive-streams/1.0.4/reactive-streams-1.0.4.jar:/home/runner/.m2/repository/org/jboss/resteasy/resteasy-multipart-provider/6.2.12.Final/resteasy-multipart-provider-6.2.12.Final.jar:/home/runner/.m2/repository/jakarta/mail/jakarta.mail-api/2.1.3/jakarta.mail-api-2.1.3.jar:/home/runner/.m2/repository/org/eclipse/angus/angus-mail/2.0.3/angus-mail-2.0.3.jar:/home/runner/.m2/repository/org/apache/james/apache-mime4j-dom/0.8.12/apache-mime4j-dom-0.8.12.jar:/home/runner/.m2/repository/org/apache/james/apache-mime4j-core/0.8.12/apache-mime4j-core-0.8.12.jar:/home/runner/.m2/repository/org/apache/james/apache-mime4j-storage/0.8.12/apache-mime4j-storage-0.8.12.jar:/home/runner/.m2/repository/org/jboss/resteasy/resteasy-jackson2-provider/6.2.12.Final/resteasy-jackson2-provider-6.2.12.Final.jar:/home/runner/.m2/repository/com/fasterxml/jackson/jakarta/rs/jackson-jakarta-rs-base/2.18.2/jackson-jakarta-rs-base-2.18.2.jar:/home/runner/.m2/repository/com/fasterxml/jackson/jakarta/rs/jackson-jakarta-rs-json-provider/2.18.2/jackson-jakarta-rs-json-provider-2.18.2.jar:/home/runner/.m2/repository/com/fasterxml/jackson/module/jackson-module-jakarta-xmlbind-annotations/2.18.2/jackson-module-jakarta-xmlbind-annotations-2.18.2.jar:/home/runner/.m2/repository/com/github/java-json-tools/json-patch/1.13/json-patch-1.13.jar:/home/runner/.m2/repository/com/github/java-json-tools/msg-simple/1.2/msg-simple-1.2.jar:/home/runner/.m2/repository/com/github/java-json-tools/btf/1.3/btf-1.3.jar:/home/runner/.m2/repository/com/github/java-json-tools/jackson-coreutils/2.0/jackson-coreutils-2.0.jar:/home/runner/.m2/repository/org/jboss/resteasy/resteasy-jaxb-provider/6.2.12.Final/resteasy-jaxb-provider-6.2.12.Final.jar:/home/runner/.m2/repository/org/glassfish/jaxb/codemodel/4.0.5/codemodel-4.0.5.jar:/home/runner/.m2/repository/org/glassfish/jaxb/jaxb-core/4.0.5/jaxb-core-4.0.5.jar:/home/runner/.m2/repository/org/glassfish/jaxb/jaxb-jxc/4.0.5/jaxb-jxc-4.0.5.jar:/home/runner/.m2/repository/org/glassfish/jaxb/jaxb-runtime/4.0.5/jaxb-runtime-4.0.5.jar:/home/runner/.m2/repository/org/glassfish/jaxb/txw2/4.0.5/txw2-4.0.5.jar:/home/runner/.m2/repository/org/glassfish/jaxb/jaxb-xjc/4.0.5/jaxb-xjc-4.0.5.jar:/home/runner/.m2/repository/org/glassfish/jaxb/xsom/4.0.5/xsom-4.0.5.jar:/home/runner/.m2/repository/com/sun/istack/istack-commons-runtime/4.1.2/istack-commons-runtime-4.1.2.jar:/home/runner/.m2/repository/com/sun/istack/istack-commons-tools/4.1.2/istack-commons-tools-4.1.2.jar:/home/runner/.m2/repository/com/sun/xml/bind/external/relaxng-datatype/4.0.5/relaxng-datatype-4.0.5.jar:/home/runner/.m2/repository/com/sun/xml/bind/external/rngom/4.0.5/rngom-4.0.5.jar:/home/runner/.m2/repository/org/testcontainers/mssqlserver/1.20.6/mssqlserver-1.20.6.jar:/home/runner/.m2/repository/org/testcontainers/jdbc/1.20.6/jdbc-1.20.6.jar:/home/runner/.m2/repository/org/testcontainers/database-commons/1.20.6/database-commons-1.20.6.jar:/home/runner/.m2/repository/org/testcontainers/mysql/1.20.6/mysql-1.20.6.jar:/home/runner/.m2/repository/io/strimzi/strimzi-test-container/0.111.0/strimzi-test-container-0.111.0.jar:/home/runner/.m2/repository/org/testcontainers/toxiproxy/1.20.6/toxiproxy-1.20.6.jar:/home/runner/.m2/repository/com/github/docker-java/docker-java-api/3.4.1/docker-java-api-3.4.1.jar:/home/runner/.m2/repository/org/apache/logging/log4j/log4j-slf4j-impl/2.19.0/log4j-slf4j-impl-2.19.0.jar:/home/runner/.m2/repository/org/apache/logging/log4j/log4j-api/2.24.3/log4j-api-2.24.3.jar:/home/runner/.m2/repository/org/apache/logging/log4j/log4j-core/2.19.0/log4j-core-2.19.0.jar:/home/runner/.m2/repository/eu/rekawek/toxiproxy/toxiproxy-java/2.1.7/toxiproxy-java-2.1.7.jar:/home/runner/.m2/repository/org/testcontainers/pulsar/1.21.3/pulsar-1.21.3.jar:/home/runner/.m2/repository/io/debezium/debezium-testing-testcontainers/2.7.4.Final/debezium-testing-testcontainers-2.7.4.Final.jar:/home/runner/.m2/repository/org/testcontainers/kafka/1.20.6/kafka-1.20.6.jar:/home/runner/.m2/repository/com/squareup/okhttp3/okhttp/4.8.1/okhttp-4.8.1.jar:/home/runner/.m2/repository/com/squareup/okio/okio/3.10.2/okio-3.10.2.jar:/home/runner/.m2/repository/com/squareup/okio/okio-jvm/3.10.2/okio-jvm-3.10.2.jar:/home/runner/.m2/repository/org/jetbrains/kotlin/kotlin-stdlib/2.0.21/kotlin-stdlib-2.0.21.jar:/home/runner/.m2/repository/org/awaitility/awaitility/4.3.0/awaitility-4.3.0.jar:/home/runner/.m2/repository/org/testcontainers/mongodb/1.20.6/mongodb-1.20.6.jar:/home/runner/.m2/repository/org/testcontainers/mariadb/1.20.6/mariadb-1.20.6.jar:/home/runner/.m2/repository/org/testcontainers/oracle-xe/1.20.6/oracle-xe-1.20.6.jar:/home/runner/.m2/repository/org/testcontainers/postgresql/1.20.6/postgresql-1.20.6.jar:/home/runner/.m2/repository/org/wiremock/wiremock/3.0.1/wiremock-3.0.1.jar:/home/runner/.m2/repository/org/eclipse/jetty/jetty-server/11.0.15/jetty-server-11.0.15.jar:/home/runner/.m2/repository/org/eclipse/jetty/toolchain/jetty-jakarta-servlet-api/5.0.2/jetty-jakarta-servlet-api-5.0.2.jar:/home/runner/.m2/repository/org/eclipse/jetty/jetty-http/11.0.15/jetty-http-11.0.15.jar:/home/runner/.m2/repository/org/eclipse/jetty/jetty-io/11.0.15/jetty-io-11.0.15.jar:/home/runner/.m2/repository/org/eclipse/jetty/jetty-servlet/11.0.15/jetty-servlet-11.0.15.jar:/home/runner/.m2/repository/org/eclipse/jetty/jetty-security/11.0.15/jetty-security-11.0.15.jar:/home/runner/.m2/repository/org/eclipse/jetty/jetty-servlets/11.0.15/jetty-servlets-11.0.15.jar:/home/runner/.m2/repository/org/eclipse/jetty/jetty-util/11.0.15/jetty-util-11.0.15.jar:/home/runner/.m2/repository/org/eclipse/jetty/jetty-webapp/11.0.15/jetty-webapp-11.0.15.jar:/home/runner/.m2/repository/org/eclipse/jetty/jetty-xml/11.0.15/jetty-xml-11.0.15.jar:/home/runner/.m2/repository/org/eclipse/jetty/jetty-proxy/11.0.15/jetty-proxy-11.0.15.jar:/home/runner/.m2/repository/org/eclipse/jetty/jetty-client/11.0.15/jetty-client-11.0.15.jar:/home/runner/.m2/repository/org/eclipse/jetty/http2/http2-server/11.0.15/http2-server-11.0.15.jar:/home/runner/.m2/repository/org/eclipse/jetty/http2/http2-common/11.0.15/http2-common-11.0.15.jar:/home/runner/.m2/repository/org/eclipse/jetty/http2/http2-hpack/11.0.15/http2-hpack-11.0.15.jar:/home/runner/.m2/repository/org/eclipse/jetty/jetty-alpn-server/11.0.15/jetty-alpn-server-11.0.15.jar:/home/runner/.m2/repository/org/eclipse/jetty/jetty-alpn-java-server/11.0.15/jetty-alpn-java-server-11.0.15.jar:/home/runner/.m2/repository/org/eclipse/jetty/jetty-alpn-java-client/11.0.15/jetty-alpn-java-client-11.0.15.jar:/home/runner/.m2/repository/org/eclipse/jetty/jetty-alpn-client/11.0.15/jetty-alpn-client-11.0.15.jar:/home/runner/.m2/repository/org/apache/httpcomponents/client5/httpclient5/5.2.1/httpclient5-5.2.1.jar:/home/runner/.m2/repository/org/apache/httpcomponents/core5/httpcore5/5.2/httpcore5-5.2.jar:/home/runner/.m2/repository/org/apache/httpcomponents/core5/httpcore5-h2/5.2/httpcore5-h2-5.2.jar:/home/runner/.m2/repository/org/xmlunit/xmlunit-core/2.9.1/xmlunit-core-2.9.1.jar:/home/runner/.m2/repository/jakarta/xml/bind/jakarta.xml.bind-api/4.0.2/jakarta.xml.bind-api-4.0.2.jar:/home/runner/.m2/repository/org/xmlunit/xmlunit-legacy/2.9.1/xmlunit-legacy-2.9.1.jar:/home/runner/.m2/repository/org/xmlunit/xmlunit-placeholders/2.9.1/xmlunit-placeholders-2.9.1.jar:/home/runner/.m2/repository/net/javacrumbs/json-unit/json-unit-core/2.38.0/json-unit-core-2.38.0.jar:/home/runner/.m2/repository/org/hamcrest/hamcrest-core/2.2/hamcrest-core-2.2.jar:/home/runner/.m2/repository/com/jayway/jsonpath/json-path/2.8.0/json-path-2.8.0.jar:/home/runner/.m2/repository/net/minidev/json-smart/2.4.10/json-smart-2.4.10.jar:/home/runner/.m2/repository/net/minidev/accessors-smart/2.4.9/accessors-smart-2.4.9.jar:/home/runner/.m2/repository/org/ow2/asm/asm/9.7.1/asm-9.7.1.jar:/home/runner/.m2/repository/net/sf/jopt-simple/jopt-simple/5.0.4/jopt-simple-5.0.4.jar:/home/runner/.m2/repository/com/github/jknack/handlebars/4.3.1/handlebars-4.3.1.jar:/home/runner/.m2/repository/com/github/jknack/handlebars-helpers/4.3.1/handlebars-helpers-4.3.1.jar:/home/runner/.m2/repository/commons-fileupload/commons-fileupload/1.5/commons-fileupload-1.5.jar:/home/runner/.m2/repository/com/networknt/json-schema-validator/1.5.8/json-schema-validator-1.5.8.jar:/home/runner/.m2/repository/com/ethlo/time/itu/1.10.3/itu-1.10.3.jar:/home/runner/.m2/repository/io/quarkus/quarkus-smallrye-jwt-build/3.20.2/quarkus-smallrye-jwt-build-3.20.2.jar:/home/runner/.m2/repository/io/smallrye/smallrye-jwt-build/4.6.2/smallrye-jwt-build-4.6.2.jar:/home/runner/.m2/repository/org/eclipse/microprofile/jwt/microprofile-jwt-auth-api/2.1/microprofile-jwt-auth-api-2.1.jar:/home/runner/.m2/repository/org/bitbucket/b_c/jose4j/0.9.6/jose4j-0.9.6.jar:/home/runner/.m2/repository/io/smallrye/smallrye-jwt-common/4.6.2/smallrye-jwt-common-4.6.2.jar:/home/runner/.m2/repository/io/quarkus/quarkus-jsonp/3.20.2/quarkus-jsonp-3.20.2.jar:/home/runner/.m2/repository/io/quarkus/quarkus-arc/3.20.2/quarkus-arc-3.20.2.jar:/home/runner/.m2/repository/io/quarkus/arc/arc/3.20.2/arc-3.20.2.jar:/home/runner/.m2/repository/jakarta/transaction/jakarta.transaction-api/2.0.1/jakarta.transaction-api-2.0.1.jar:/home/runner/.m2/repository/io/smallrye/reactive/mutiny/2.9.2/mutiny-2.9.2.jar:/home/runner/.m2/repository/org/jctools/jctools-core/4.0.5/jctools-core-4.0.5.jar:/home/runner/.m2/repository/org/eclipse/microprofile/context-propagation/microprofile-context-propagation-api/1.3/microprofile-context-propagation-api-1.3.jar:/home/runner/.m2/repository/io/apicurio/apicurio-common-rest-client-common/0.1.18.Final/apicurio-common-rest-client-common-0.1.18.Final.jar:/home/runner/work/apicurio-testing/apicurio-testing/clusters/ci419/namespaces/pg17/tests/integration/apicurio-registry/utils/maven-plugin/target/apicurio-registry-maven-plugin-3.0.14-SNAPSHOT.jar:/home/runner/.m2/repository/com/fasterxml/jackson/core/jackson-databind/2.18.2/jackson-databind-2.18.2.jar:/home/runner/.m2/repository/org/apache/avro/avro/1.12.0/avro-1.12.0.jar:/home/runner/.m2/repository/com/google/protobuf/protobuf-java/4.32.0/protobuf-java-4.32.0.jar:/home/runner/.m2/repository/com/google/protobuf/protobuf-java-util/4.32.0/protobuf-java-util-4.32.0.jar:/home/runner/.m2/repository/com/google/code/findbugs/jsr305/3.0.2/jsr305-3.0.2.jar:/home/runner/.m2/repository/com/google/code/gson/gson/2.12.1/gson-2.12.1.jar:/home/runner/.m2/repository/com/google/errorprone/error_prone_annotations/2.36.0/error_prone_annotations-2.36.0.jar:/home/runner/.m2/repository/com/google/j2objc/j2objc-annotations/2.8/j2objc-annotations-2.8.jar:/home/runner/work/apicurio-testing/apicurio-testing/clusters/ci419/namespaces/pg17/tests/integration/apicurio-registry/schema-util/util-provider/target/apicurio-registry-schema-util-provider-3.0.14-SNAPSHOT.jar:/home/runner/work/apicurio-testing/apicurio-testing/clusters/ci419/namespaces/pg17/tests/integration/apicurio-registry/schema-util/common/target/apicurio-registry-schema-util-common-3.0.14-SNAPSHOT.jar:/home/runner/.m2/repository/com/fasterxml/jackson/module/jackson-module-parameter-names/2.18.2/jackson-module-parameter-names-2.18.2.jar:/home/runner/.m2/repository/com/fasterxml/jackson/datatype/jackson-datatype-json-org/2.18.2/jackson-datatype-json-org-2.18.2.jar:/home/runner/work/apicurio-testing/apicurio-testing/clusters/ci419/namespaces/pg17/tests/integration/apicurio-registry/schema-util/json/target/apicurio-registry-schema-util-json-3.0.14-SNAPSHOT.jar:/home/runner/.m2/repository/com/github/erosb/everit-json-schema/1.14.5/everit-json-schema-1.14.5.jar:/home/runner/.m2/repository/commons-validator/commons-validator/1.9.0/commons-validator-1.9.0.jar:/home/runner/.m2/repository/commons-digester/commons-digester/2.1/commons-digester-2.1.jar:/home/runner/.m2/repository/commons-collections/commons-collections/3.2.2/commons-collections-3.2.2.jar:/home/runner/.m2/repository/com/damnhandy/handy-uri-templates/2.1.8/handy-uri-templates-2.1.8.jar:/home/runner/.m2/repository/joda-time/joda-time/2.10.2/joda-time-2.10.2.jar:/home/runner/.m2/repository/com/github/erosb/json-sKema/0.20.0/json-sKema-0.20.0.jar:/home/runner/.m2/repository/io/vertx/vertx-json-schema/4.5.16/vertx-json-schema-4.5.16.jar:/home/runner/work/apicurio-testing/apicurio-testing/clusters/ci419/namespaces/pg17/tests/integration/apicurio-registry/schema-util/protobuf/target/apicurio-registry-schema-util-protobuf-3.0.14-SNAPSHOT.jar:/home/runner/work/apicurio-testing/apicurio-testing/clusters/ci419/namespaces/pg17/tests/integration/apicurio-registry/utils/protobuf-schema-utilities/target/apicurio-registry-protobuf-schema-utilities-3.0.14-SNAPSHOT.jar:/home/runner/.m2/repository/com/google/api/grpc/proto-google-common-protos/2.52.0/proto-google-common-protos-2.52.0.jar:/home/runner/.m2/repository/com/squareup/wire/wire-schema-jvm/5.3.3/wire-schema-jvm-5.3.3.jar:/home/runner/.m2/repository/com/palantir/javapoet/javapoet/0.6.0/javapoet-0.6.0.jar:/home/runner/.m2/repository/com/squareup/kotlinpoet-jvm/2.0.0/kotlinpoet-jvm-2.0.0.jar:/home/runner/.m2/repository/org/jetbrains/kotlin/kotlin-reflect/2.0.21/kotlin-reflect-2.0.21.jar:/home/runner/.m2/repository/com/squareup/wire/wire-runtime-jvm/5.3.3/wire-runtime-jvm-5.3.3.jar:/home/runner/.m2/repository/com/ibm/icu/icu4j/76.1/icu4j-76.1.jar:/home/runner/.m2/repository/com/squareup/okio/okio-fakefilesystem/3.10.2/okio-fakefilesystem-3.10.2.jar:/home/runner/.m2/repository/com/squareup/okio/okio-fakefilesystem-jvm/3.10.2/okio-fakefilesystem-jvm-3.10.2.jar:/home/runner/.m2/repository/org/jetbrains/kotlinx/kotlinx-datetime-jvm/0.6.1/kotlinx-datetime-jvm-0.6.1.jar:/home/runner/work/apicurio-testing/apicurio-testing/clusters/ci419/namespaces/pg17/tests/integration/apicurio-registry/schema-util/asyncapi/target/apicurio-registry-schema-util-asyncapi-3.0.14-SNAPSHOT.jar:/home/runner/work/apicurio-testing/apicurio-testing/clusters/ci419/namespaces/pg17/tests/integration/apicurio-registry/schema-util/avro/target/apicurio-registry-schema-util-avro-3.0.14-SNAPSHOT.jar:/home/runner/work/apicurio-testing/apicurio-testing/clusters/ci419/namespaces/pg17/tests/integration/apicurio-registry/schema-util/graphql/target/apicurio-registry-schema-util-graphql-3.0.14-SNAPSHOT.jar:/home/runner/.m2/repository/com/graphql-java/graphql-java/22.4/graphql-java-22.4.jar:/home/runner/.m2/repository/com/graphql-java/java-dataloader/3.3.0/java-dataloader-3.3.0.jar:/home/runner/work/apicurio-testing/apicurio-testing/clusters/ci419/namespaces/pg17/tests/integration/apicurio-registry/schema-util/kconnect/target/apicurio-registry-schema-util-kconnect-3.0.14-SNAPSHOT.jar:/home/runner/work/apicurio-testing/apicurio-testing/clusters/ci419/namespaces/pg17/tests/integration/apicurio-registry/schema-util/openapi/target/apicurio-registry-schema-util-openapi-3.0.14-SNAPSHOT.jar:/home/runner/.m2/repository/io/apicurio/apicurio-data-models/2.2.2/apicurio-data-models-2.2.2.jar:/home/runner/.m2/repository/org/slf4j/jcl-over-slf4j/2.0.6/jcl-over-slf4j-2.0.6.jar:/home/runner/.m2/repository/org/openapitools/openapidiff/openapi-diff-core/2.1.2/openapi-diff-core-2.1.2.jar:/home/runner/.m2/repository/io/swagger/parser/v3/swagger-parser/2.1.28/swagger-parser-2.1.28.jar:/home/runner/.m2/repository/io/swagger/parser/v3/swagger-parser-v2-converter/2.1.28/swagger-parser-v2-converter-2.1.28.jar:/home/runner/.m2/repository/io/swagger/swagger-core/1.6.16/swagger-core-1.6.16.jar:/home/runner/.m2/repository/io/swagger/swagger-models/1.6.16/swagger-models-1.6.16.jar:/home/runner/.m2/repository/io/swagger/swagger-annotations/1.6.16/swagger-annotations-1.6.16.jar:/home/runner/.m2/repository/io/swagger/swagger-parser/1.0.75/swagger-parser-1.0.75.jar:/home/runner/.m2/repository/io/swagger/swagger-parser-safe-url-resolver/1.0.75/swagger-parser-safe-url-resolver-1.0.75.jar:/home/runner/.m2/repository/io/swagger/swagger-compat-spec-parser/1.0.75/swagger-compat-spec-parser-1.0.75.jar:/home/runner/.m2/repository/com/github/java-json-tools/json-schema-validator/2.2.14/json-schema-validator-2.2.14.jar:/home/runner/.m2/repository/com/github/java-json-tools/jackson-coreutils-equivalence/1.0/jackson-coreutils-equivalence-1.0.jar:/home/runner/.m2/repository/com/github/java-json-tools/json-schema-core/1.2.14/json-schema-core-1.2.14.jar:/home/runner/.m2/repository/com/github/java-json-tools/uri-template/0.10/uri-template-0.10.jar:/home/runner/.m2/repository/com/googlecode/libphonenumber/libphonenumber/8.11.1/libphonenumber-8.11.1.jar:/home/runner/.m2/repository/com/j2html/j2html/1.6.0/j2html-1.6.0.jar:/home/runner/.m2/repository/org/apache/commons/commons-collections4/4.5.0/commons-collections4-4.5.0.jar:/home/runner/.m2/repository/io/swagger/parser/v3/swagger-parser-v3/2.1.31/swagger-parser-v3-2.1.31.jar:/home/runner/.m2/repository/io/swagger/core/v3/swagger-models/2.2.34/swagger-models-2.2.34.jar:/home/runner/.m2/repository/io/swagger/core/v3/swagger-core/2.2.34/swagger-core-2.2.34.jar:/home/runner/.m2/repository/io/swagger/parser/v3/swagger-parser-core/2.1.31/swagger-parser-core-2.1.31.jar:/home/runner/.m2/repository/io/swagger/parser/v3/swagger-parser-safe-url-resolver/2.1.31/swagger-parser-safe-url-resolver-2.1.31.jar:/home/runner/work/apicurio-testing/apicurio-testing/clusters/ci419/namespaces/pg17/tests/integration/apicurio-registry/schema-util/wsdl/target/apicurio-registry-schema-util-wsdl-3.0.14-SNAPSHOT.jar:/home/runner/.m2/repository/wsdl4j/wsdl4j/1.6.3/wsdl4j-1.6.3.jar:/home/runner/work/apicurio-testing/apicurio-testing/clusters/ci419/namespaces/pg17/tests/integration/apicurio-registry/schema-util/xml/target/apicurio-registry-schema-util-xml-3.0.14-SNAPSHOT.jar:/home/runner/.m2/repository/org/apache/santuario/xmlsec/4.0.4/xmlsec-4.0.4.jar:/home/runner/.m2/repository/com/fasterxml/woodstox/woodstox-core/7.1.1/woodstox-core-7.1.1.jar:/home/runner/.m2/repository/org/codehaus/woodstox/stax2-api/4.2.2/stax2-api-4.2.2.jar:/home/runner/work/apicurio-testing/apicurio-testing/clusters/ci419/namespaces/pg17/tests/integration/apicurio-registry/schema-util/xsd/target/apicurio-registry-schema-util-xsd-3.0.14-SNAPSHOT.jar:/home/runner/work/apicurio-testing/apicurio-testing/clusters/ci419/namespaces/pg17/tests/integration/apicurio-registry/serdes/kafka/jsonschema-serde/target/apicurio-registry-jsonschema-serde-kafka-3.0.14-SNAPSHOT.jar:/home/runner/work/apicurio-testing/apicurio-testing/clusters/ci419/namespaces/pg17/tests/integration/apicurio-registry/serdes/kafka/serde-kafka-common/target/apicurio-registry-serde-kafka-common-3.0.14-SNAPSHOT.jar:/home/runner/work/apicurio-testing/apicurio-testing/clusters/ci419/namespaces/pg17/tests/integration/apicurio-registry/serdes/generic/serde-common/target/apicurio-registry-serde-common-3.0.14-SNAPSHOT.jar:/home/runner/work/apicurio-testing/apicurio-testing/clusters/ci419/namespaces/pg17/tests/integration/apicurio-registry/serdes/generic/serde-common-jsonschema/target/apicurio-registry-serde-common-jsonschema-3.0.14-SNAPSHOT.jar:/home/runner/.m2/repository/org/json/json/20250107/json-20250107.jar:/home/runner/work/apicurio-testing/apicurio-testing/clusters/ci419/namespaces/pg17/tests/integration/apicurio-registry/serdes/kafka/avro-serde/target/apicurio-registry-avro-serde-kafka-3.0.14-SNAPSHOT.jar:/home/runner/work/apicurio-testing/apicurio-testing/clusters/ci419/namespaces/pg17/tests/integration/apicurio-registry/serdes/generic/serde-common-avro/target/apicurio-registry-serde-common-avro-3.0.14-SNAPSHOT.jar:/home/runner/work/apicurio-testing/apicurio-testing/clusters/ci419/namespaces/pg17/tests/integration/apicurio-registry/serdes/kafka/protobuf-serde/target/apicurio-registry-protobuf-serde-kafka-3.0.14-SNAPSHOT.jar:/home/runner/work/apicurio-testing/apicurio-testing/clusters/ci419/namespaces/pg17/tests/integration/apicurio-registry/serdes/generic/serde-common-protobuf/target/apicurio-registry-serde-common-protobuf-3.0.14-SNAPSHOT.jar:/home/runner/.m2/repository/com/squareup/wire/wire-schema/5.3.3/wire-schema-5.3.3.jar:/home/runner/.m2/repository/com/squareup/wire/wire-runtime/5.3.3/wire-runtime-5.3.3.jar:/home/runner/work/apicurio-testing/apicurio-testing/clusters/ci419/namespaces/pg17/tests/integration/apicurio-registry/serdes/pulsar/avro-serde/target/apicurio-registry-avro-serde-pulsar-3.0.14-SNAPSHOT.jar:/home/runner/.m2/repository/org/apache/pulsar/pulsar-functions-api/3.3.8/pulsar-functions-api-3.3.8.jar:/home/runner/work/apicurio-testing/apicurio-testing/clusters/ci419/namespaces/pg17/tests/integration/apicurio-registry/serdes/nats/avro-serde/target/apicurio-registry-avro-serde-nats-3.0.14-SNAPSHOT.jar:/home/runner/.m2/repository/io/nats/jnats/2.21.4/jnats-2.21.4.jar:/home/runner/.m2/repository/org/bouncycastle/bcprov-lts8on/2.73.7/bcprov-lts8on-2.73.7.jar:/home/runner/.m2/repository/org/jetbrains/annotations/26.0.2/annotations-26.0.2.jar:/home/runner/work/apicurio-testing/apicurio-testing/clusters/ci419/namespaces/pg17/tests/integration/apicurio-registry/utils/converter/target/apicurio-registry-utils-converter-3.0.14-SNAPSHOT.jar:/home/runner/work/apicurio-testing/apicurio-testing/clusters/ci419/namespaces/pg17/tests/integration/apicurio-registry/schema-resolver/target/apicurio-registry-schema-resolver-3.0.14-SNAPSHOT.jar:/home/runner/.m2/repository/org/apache/kafka/connect-api/3.9.1/connect-api-3.9.1.jar:/home/runner/.m2/repository/javax/ws/rs/javax.ws.rs-api/2.1.1/javax.ws.rs-api-2.1.1.jar:/home/runner/.m2/repository/org/apache/kafka/connect-json/3.9.1/connect-json-3.9.1.jar:/home/runner/.m2/repository/com/fasterxml/jackson/datatype/jackson-datatype-jdk8/2.18.2/jackson-datatype-jdk8-2.18.2.jar:/home/runner/.m2/repository/com/fasterxml/jackson/module/jackson-module-afterburner/2.18.2/jackson-module-afterburner-2.18.2.jar:/home/runner/work/apicurio-testing/apicurio-testing/clusters/ci419/namespaces/pg17/tests/integration/apicurio-registry/utils/kafka/target/apicurio-registry-utils-kafka-3.0.14-SNAPSHOT.jar:/home/runner/.m2/repository/org/apache/pulsar/pulsar-client/3.3.8/pulsar-client-3.3.8.jar:/home/runner/.m2/repository/org/apache/pulsar/pulsar-client-api/3.3.8/pulsar-client-api-3.3.8.jar:/home/runner/.m2/repository/org/apache/pulsar/pulsar-client-admin-api/3.3.8/pulsar-client-admin-api-3.3.8.jar:/home/runner/.m2/repository/org/apache/pulsar/bouncy-castle-bc/3.3.8/bouncy-castle-bc-3.3.8-pkg.jar:/home/runner/.m2/repository/org/bouncycastle/bcpkix-jdk18on/1.81/bcpkix-jdk18on-1.81.jar:/home/runner/.m2/repository/org/bouncycastle/bcutil-jdk18on/1.81/bcutil-jdk18on-1.81.jar:/home/runner/.m2/repository/org/bouncycastle/bcprov-jdk18on/1.81/bcprov-jdk18on-1.81.jar:/home/runner/.m2/repository/io/opentelemetry/opentelemetry-api/1.44.1/opentelemetry-api-1.44.1.jar:/home/runner/.m2/repository/io/opentelemetry/opentelemetry-context/1.44.1/opentelemetry-context-1.44.1.jar:/home/runner/.m2/repository/io/opentelemetry/opentelemetry-api-incubator/1.44.1-alpha/opentelemetry-api-incubator-1.44.1-alpha.jar:/home/runner/.m2/repository/com/fasterxml/jackson/core/jackson-annotations/2.18.2/jackson-annotations-2.18.2.jar:/home/runner/.m2/repository/javax/validation/validation-api/1.1.0.Final/validation-api-1.1.0.Final.jar:/home/runner/.m2/repository/org/jspecify/jspecify/1.0.0/jspecify-1.0.0.jar:/home/runner/.m2/repository/org/apache/commons/commons-configuration2/2.12.0/commons-configuration2-2.12.0.jar:/home/runner/.m2/repository/commons-logging/commons-logging/1.3.5/commons-logging-1.3.5.jar:/home/runner/.m2/repository/org/apache/commons/commons-text/1.13.0/commons-text-1.13.0.jar:/home/runner/.m2/repository/io/confluent/kafka-avro-serializer/8.0.0/kafka-avro-serializer-8.0.0.jar:/home/runner/.m2/repository/org/apache/commons/commons-compress/1.27.1/commons-compress-1.27.1.jar:/home/runner/.m2/repository/io/confluent/kafka-schema-serializer/8.0.0/kafka-schema-serializer-8.0.0.jar:/home/runner/.m2/repository/com/fasterxml/jackson/dataformat/jackson-dataformat-csv/2.18.2/jackson-dataformat-csv-2.18.2.jar:/home/runner/.m2/repository/io/confluent/kafka-schema-registry-client/8.0.0/kafka-schema-registry-client-8.0.0.jar:/home/runner/.m2/repository/org/yaml/snakeyaml/2.3/snakeyaml-2.3.jar:/home/runner/.m2/repository/io/swagger/core/v3/swagger-annotations/2.2.29/swagger-annotations-2.2.29.jar:/home/runner/.m2/repository/com/google/guava/guava/33.4.0-jre/guava-33.4.0-jre.jar:/home/runner/.m2/repository/com/google/guava/failureaccess/1.0.1/failureaccess-1.0.1.jar:/home/runner/.m2/repository/org/checkerframework/checker-qual/3.49.0/checker-qual-3.49.0.jar:/home/runner/.m2/repository/io/confluent/logredactor/1.0.13/logredactor-1.0.13.jar:/home/runner/.m2/repository/com/google/re2j/re2j/1.6/re2j-1.6.jar:/home/runner/.m2/repository/io/confluent/logredactor-metrics/1.0.13/logredactor-metrics-1.0.13.jar:/home/runner/.m2/repository/com/eclipsesource/minimal-json/minimal-json/0.9.5/minimal-json-0.9.5.jar:/home/runner/.m2/repository/io/confluent/common-utils/8.0.0/common-utils-8.0.0.jar:/home/runner/.m2/repository/io/confluent/kafka-connect-avro-converter/8.0.0/kafka-connect-avro-converter-8.0.0.jar:/home/runner/.m2/repository/io/confluent/kafka-connect-avro-data/8.0.0/kafka-connect-avro-data-8.0.0.jar:/home/runner/.m2/repository/io/confluent/kafka-schema-converter/8.0.0/kafka-schema-converter-8.0.0.jar:/home/runner/.m2/repository/io/rest-assured/rest-assured/5.5.1/rest-assured-5.5.1.jar:/home/runner/.m2/repository/org/apache/groovy/groovy/4.0.22/groovy-4.0.22.jar:/home/runner/.m2/repository/org/apache/groovy/groovy-xml/4.0.22/groovy-xml-4.0.22.jar:/home/runner/.m2/repository/org/apache/httpcomponents/httpclient/4.5.14/httpclient-4.5.14.jar:/home/runner/.m2/repository/org/apache/httpcomponents/httpcore/4.4.16/httpcore-4.4.16.jar:/home/runner/.m2/repository/org/apache/httpcomponents/httpmime/4.5.14/httpmime-4.5.14.jar:/home/runner/.m2/repository/org/hamcrest/hamcrest/2.2/hamcrest-2.2.jar:/home/runner/.m2/repository/org/ccil/cowan/tagsoup/tagsoup/1.2.1/tagsoup-1.2.1.jar:/home/runner/.m2/repository/io/rest-assured/json-path/5.5.1/json-path-5.5.1.jar:/home/runner/.m2/repository/org/apache/groovy/groovy-json/4.0.22/groovy-json-4.0.22.jar:/home/runner/.m2/repository/io/rest-assured/rest-assured-common/5.5.1/rest-assured-common-5.5.1.jar:/home/runner/.m2/repository/io/rest-assured/xml-path/5.5.1/xml-path-5.5.1.jar:/home/runner/.m2/repository/io/zonky/test/embedded-postgres/2.1.0/embedded-postgres-2.1.0.jar:/home/runner/.m2/repository/io/zonky/test/postgres/embedded-postgres-binaries-windows-amd64/14.15.0/embedded-postgres-binaries-windows-amd64-14.15.0.jar:/home/runner/.m2/repository/io/zonky/test/postgres/embedded-postgres-binaries-darwin-amd64/14.15.0/embedded-postgres-binaries-darwin-amd64-14.15.0.jar:/home/runner/.m2/repository/io/zonky/test/postgres/embedded-postgres-binaries-linux-amd64/14.15.0/embedded-postgres-binaries-linux-amd64-14.15.0.jar:/home/runner/.m2/repository/io/zonky/test/postgres/embedded-postgres-binaries-linux-amd64-alpine/14.15.0/embedded-postgres-binaries-linux-amd64-alpine-14.15.0.jar:/home/runner/.m2/repository/org/apache/commons/commons-lang3/3.17.0/commons-lang3-3.17.0.jar:/home/runner/.m2/repository/org/tukaani/xz/1.10/xz-1.10.jar:/home/runner/.m2/repository/commons-codec/commons-codec/1.19.0/commons-codec-1.19.0.jar:/home/runner/.m2/repository/org/postgresql/postgresql/42.7.7/postgresql-42.7.7.jar:/home/runner/.m2/repository/commons-io/commons-io/2.18.0/commons-io-2.18.0.jar:/home/runner/work/apicurio-testing/apicurio-testing/clusters/ci419/namespaces/pg17/tests/integration/apicurio-registry/utils/importexport/target/apicurio-registry-utils-import-export-3.0.14-SNAPSHOT.jar:/home/runner/.m2/repository/io/vertx/vertx-core/4.5.16/vertx-core-4.5.16.jar:/home/runner/.m2/repository/io/netty/netty-common/4.1.121.Final/netty-common-4.1.121.Final.jar:/home/runner/.m2/repository/io/netty/netty-buffer/4.1.121.Final/netty-buffer-4.1.121.Final.jar:/home/runner/.m2/repository/io/netty/netty-transport/4.1.121.Final/netty-transport-4.1.121.Final.jar:/home/runner/.m2/repository/io/netty/netty-handler/4.1.121.Final/netty-handler-4.1.121.Final.jar:/home/runner/.m2/repository/io/netty/netty-transport-native-unix-common/4.1.121.Final/netty-transport-native-unix-common-4.1.121.Final.jar:/home/runner/.m2/repository/io/netty/netty-codec/4.1.121.Final/netty-codec-4.1.121.Final.jar:/home/runner/.m2/repository/io/netty/netty-handler-proxy/4.1.121.Final/netty-handler-proxy-4.1.121.Final.jar:/home/runner/.m2/repository/io/netty/netty-codec-socks/4.1.121.Final/netty-codec-socks-4.1.121.Final.jar:/home/runner/.m2/repository/io/netty/netty-codec-http/4.1.121.Final/netty-codec-http-4.1.121.Final.jar:/home/runner/.m2/repository/io/netty/netty-codec-http2/4.1.121.Final/netty-codec-http2-4.1.121.Final.jar:/home/runner/.m2/repository/io/netty/netty-resolver/4.1.121.Final/netty-resolver-4.1.121.Final.jar:/home/runner/.m2/repository/io/netty/netty-resolver-dns/4.1.121.Final/netty-resolver-dns-4.1.121.Final.jar:/home/runner/.m2/repository/io/netty/netty-codec-dns/4.1.121.Final/netty-codec-dns-4.1.121.Final.jar:/home/runner/.m2/repository/com/fasterxml/jackson/core/jackson-core/2.18.2/jackson-core-2.18.2.jar:"/>
    <property name="java.vm.vendor" value="Eclipse Adoptium"/>
    <property name="maven.javadoc.skip" value="true"/>
    <property name="sun.arch.data.model" value="64"/>
    <property name="java.vendor.url" value="https://adoptium.net/"/>
    <property name="user.timezone" value="Etc/UTC"/>
    <property name="os.name" value="Linux"/>
    <property name="java.vm.specification.version" value="17"/>
    <property name="sun.java.launcher" value="SUN_STANDARD"/>
    <property name="quarkus.http.test-port" value="80"/>
    <property name="sun.boot.library.path" value="/usr/lib/jvm/temurin-17-jdk-amd64/lib"/>
    <property name="sun.java.command" value="/home/runner/work/apicurio-testing/apicurio-testing/clusters/ci419/namespaces/pg17/tests/integration/apicurio-registry/integration-tests/target/surefire/surefirebooter-20250903132126147_3.jar /home/runner/work/apicurio-testing/apicurio-testing/clusters/ci419/namespaces/pg17/tests/integration/apicurio-registry/integration-tests/target/surefire 2025-09-03T13-21-26_098-jvmRun1 surefire-20250903132126147_1tmp surefire_0-20250903132126147_2tmp"/>
    <property name="maven.home" value="/home/runner/.m2/wrapper/dists/apache-maven-3.9.8-bin/4fnp1ql35bgk2a0p7m31ovbgb0/apache-maven-3.9.8"/>
    <property name="jdk.debug" value="release"/>
    <property name="surefire.test.class.path" value="/home/runner/work/apicurio-testing/apicurio-testing/clusters/ci419/namespaces/pg17/tests/integration/apicurio-registry/integration-tests/target/test-classes:/home/runner/work/apicurio-testing/apicurio-testing/clusters/ci419/namespaces/pg17/tests/integration/apicurio-registry/integration-tests/target/apicurio-registry-integration-tests-3.0.14-SNAPSHOT.jar:/home/runner/.m2/repository/io/quarkus/quarkus-junit5/3.20.2/quarkus-junit5-3.20.2.jar:/home/runner/.m2/repository/io/quarkus/quarkus-bootstrap-core/3.20.2/quarkus-bootstrap-core-3.20.2.jar:/home/runner/.m2/repository/io/quarkus/quarkus-classloader-commons/3.20.2/quarkus-classloader-commons-3.20.2.jar:/home/runner/.m2/repository/io/quarkus/quarkus-bootstrap-app-model/3.20.2/quarkus-bootstrap-app-model-3.20.2.jar:/home/runner/.m2/repository/io/smallrye/common/smallrye-common-io/2.12.0/smallrye-common-io-2.12.0.jar:/home/runner/.m2/repository/org/eclipse/sisu/org.eclipse.sisu.inject/0.9.0.M3/org.eclipse.sisu.inject-0.9.0.M3.jar:/home/runner/.m2/repository/io/quarkus/quarkus-test-common/3.20.2/quarkus-test-common-3.20.2.jar:/home/runner/.m2/repository/io/quarkus/quarkus-core-deployment/3.20.2/quarkus-core-deployment-3.20.2.jar:/home/runner/.m2/repository/org/aesh/readline/2.6/readline-2.6.jar:/home/runner/.m2/repository/org/fusesource/jansi/jansi/2.4.0/jansi-2.4.0.jar:/home/runner/.m2/repository/org/aesh/aesh/2.8.2/aesh-2.8.2.jar:/home/runner/.m2/repository/io/quarkus/gizmo/gizmo/1.8.0/gizmo-1.8.0.jar:/home/runner/.m2/repository/org/ow2/asm/asm-util/9.7.1/asm-util-9.7.1.jar:/home/runner/.m2/repository/org/ow2/asm/asm-analysis/9.7.1/asm-analysis-9.7.1.jar:/home/runner/.m2/repository/org/ow2/asm/asm-commons/9.7.1/asm-commons-9.7.1.jar:/home/runner/.m2/repository/org/ow2/asm/asm-tree/9.7.1/asm-tree-9.7.1.jar:/home/runner/.m2/repository/io/quarkus/quarkus-hibernate-validator-spi/3.20.2/quarkus-hibernate-validator-spi-3.20.2.jar:/home/runner/.m2/repository/io/quarkus/quarkus-class-change-agent/3.20.2/quarkus-class-change-agent-3.20.2.jar:/home/runner/.m2/repository/io/quarkus/quarkus-devtools-utilities/3.20.2/quarkus-devtools-utilities-3.20.2.jar:/home/runner/.m2/repository/io/quarkus/quarkus-builder/3.20.2/quarkus-builder-3.20.2.jar:/home/runner/.m2/repository/org/graalvm/sdk/nativeimage/23.1.2/nativeimage-23.1.2.jar:/home/runner/.m2/repository/org/graalvm/sdk/word/23.1.2/word-23.1.2.jar:/home/runner/.m2/repository/io/quarkus/quarkus-bootstrap-maven-resolver/3.20.2/quarkus-bootstrap-maven-resolver-3.20.2.jar:/home/runner/.m2/repository/io/smallrye/beanbag/smallrye-beanbag-maven/1.5.2/smallrye-beanbag-maven-1.5.2.jar:/home/runner/.m2/repository/io/smallrye/beanbag/smallrye-beanbag-sisu/1.5.2/smallrye-beanbag-sisu-1.5.2.jar:/home/runner/.m2/repository/io/smallrye/beanbag/smallrye-beanbag/1.5.2/smallrye-beanbag-1.5.2.jar:/home/runner/.m2/repository/javax/inject/javax.inject/1/javax.inject-1.jar:/home/runner/.m2/repository/org/apache/maven/maven-artifact/3.9.9/maven-artifact-3.9.9.jar:/home/runner/.m2/repository/org/apache/maven/maven-builder-support/3.9.9/maven-builder-support-3.9.9.jar:/home/runner/.m2/repository/org/apache/maven/maven-model/3.9.9/maven-model-3.9.9.jar:/home/runner/.m2/repository/org/apache/maven/maven-model-builder/3.9.9/maven-model-builder-3.9.9.jar:/home/runner/.m2/repository/org/apache/maven/maven-repository-metadata/3.9.9/maven-repository-metadata-3.9.9.jar:/home/runner/.m2/repository/org/apache/maven/maven-settings/3.9.9/maven-settings-3.9.9.jar:/home/runner/.m2/repository/org/apache/maven/resolver/maven-resolver-api/1.9.22/maven-resolver-api-1.9.22.jar:/home/runner/.m2/repository/org/apache/maven/resolver/maven-resolver-impl/1.9.22/maven-resolver-impl-1.9.22.jar:/home/runner/.m2/repository/org/apache/maven/resolver/maven-resolver-named-locks/1.9.22/maven-resolver-named-locks-1.9.22.jar:/home/runner/.m2/repository/org/apache/maven/resolver/maven-resolver-spi/1.9.22/maven-resolver-spi-1.9.22.jar:/home/runner/.m2/repository/org/apache/maven/resolver/maven-resolver-util/1.9.22/maven-resolver-util-1.9.22.jar:/home/runner/.m2/repository/org/apache/maven/resolver/maven-resolver-transport-http/1.9.20/maven-resolver-transport-http-1.9.20.jar:/home/runner/.m2/repository/org/apache/maven/wagon/wagon-provider-api/3.5.3/wagon-provider-api-3.5.3.jar:/home/runner/.m2/repository/org/apache/maven/wagon/wagon-http-shared/3.5.3/wagon-http-shared-3.5.3.jar:/home/runner/.m2/repository/org/codehaus/plexus/plexus-interpolation/1.26/plexus-interpolation-1.26.jar:/home/runner/.m2/repository/org/codehaus/plexus/plexus-utils/3.5.1/plexus-utils-3.5.1.jar:/home/runner/.m2/repository/org/codehaus/plexus/plexus-xml/4.0.1/plexus-xml-4.0.1.jar:/home/runner/.m2/repository/org/apache/maven/maven-xml-impl/4.0.0-alpha-5/maven-xml-impl-4.0.0-alpha-5.jar:/home/runner/.m2/repository/org/apache/maven/maven-api-xml/4.0.0-alpha-5/maven-api-xml-4.0.0-alpha-5.jar:/home/runner/.m2/repository/org/apache/maven/maven-api-meta/4.0.0-alpha-5/maven-api-meta-4.0.0-alpha-5.jar:/home/runner/.m2/repository/org/codehaus/plexus/plexus-cipher/2.0/plexus-cipher-2.0.jar:/home/runner/.m2/repository/org/codehaus/plexus/plexus-sec-dispatcher/2.0/plexus-sec-dispatcher-2.0.jar:/home/runner/.m2/repository/org/apache/maven/maven-embedder/3.9.9/maven-embedder-3.9.9.jar:/home/runner/.m2/repository/org/apache/maven/maven-core/3.9.9/maven-core-3.9.9.jar:/home/runner/.m2/repository/org/codehaus/plexus/plexus-component-annotations/2.1.0/plexus-component-annotations-2.1.0.jar:/home/runner/.m2/repository/org/apache/maven/maven-plugin-api/3.9.9/maven-plugin-api-3.9.9.jar:/home/runner/.m2/repository/org/apache/maven/shared/maven-shared-utils/3.4.2/maven-shared-utils-3.4.2.jar:/home/runner/.m2/repository/com/google/inject/guice/5.1.0/guice-5.1.0.jar:/home/runner/.m2/repository/aopalliance/aopalliance/1.0/aopalliance-1.0.jar:/home/runner/.m2/repository/org/codehaus/plexus/plexus-classworlds/2.6.0/plexus-classworlds-2.6.0.jar:/home/runner/.m2/repository/commons-cli/commons-cli/1.8.0/commons-cli-1.8.0.jar:/home/runner/.m2/repository/org/eclipse/sisu/org.eclipse.sisu.plexus/0.9.0.M3/org.eclipse.sisu.plexus-0.9.0.M3.jar:/home/runner/.m2/repository/org/apache/maven/maven-settings-builder/3.9.9/maven-settings-builder-3.9.9.jar:/home/runner/.m2/repository/org/apache/maven/maven-resolver-provider/3.9.9/maven-resolver-provider-3.9.9.jar:/home/runner/.m2/repository/org/apache/maven/resolver/maven-resolver-connector-basic/1.9.22/maven-resolver-connector-basic-1.9.22.jar:/home/runner/.m2/repository/org/apache/maven/resolver/maven-resolver-transport-wagon/1.9.22/maven-resolver-transport-wagon-1.9.22.jar:/home/runner/.m2/repository/org/apache/maven/wagon/wagon-http/3.5.3/wagon-http-3.5.3.jar:/home/runner/.m2/repository/org/apache/maven/wagon/wagon-file/3.5.3/wagon-file-3.5.3.jar:/home/runner/.m2/repository/io/quarkus/quarkus-bootstrap-gradle-resolver/3.20.2/quarkus-bootstrap-gradle-resolver-3.20.2.jar:/home/runner/.m2/repository/io/smallrye/jandex/3.3.0/jandex-3.3.0.jar:/home/runner/.m2/repository/org/jboss/logging/commons-logging-jboss-logging/1.0.0.Final/commons-logging-jboss-logging-1.0.0.Final.jar:/home/runner/.m2/repository/io/quarkus/quarkus-junit5-config/3.20.2/quarkus-junit5-config-3.20.2.jar:/home/runner/.m2/repository/org/junit/jupiter/junit-jupiter-api/5.12.1/junit-jupiter-api-5.12.1.jar:/home/runner/.m2/repository/io/smallrye/config/smallrye-config/3.11.4/smallrye-config-3.11.4.jar:/home/runner/.m2/repository/io/smallrye/config/smallrye-config-core/3.11.4/smallrye-config-core-3.11.4.jar:/home/runner/.m2/repository/io/smallrye/common/smallrye-common-classloader/2.12.0/smallrye-common-classloader-2.12.0.jar:/home/runner/.m2/repository/io/smallrye/config/smallrye-config-common/3.11.4/smallrye-config-common-3.11.4.jar:/home/runner/.m2/repository/org/junit/jupiter/junit-jupiter/5.12.1/junit-jupiter-5.12.1.jar:/home/runner/.m2/repository/org/junit/jupiter/junit-jupiter-params/5.12.1/junit-jupiter-params-5.12.1.jar:/home/runner/.m2/repository/org/junit/jupiter/junit-jupiter-engine/5.12.1/junit-jupiter-engine-5.12.1.jar:/home/runner/.m2/repository/io/quarkus/quarkus-core/3.20.2/quarkus-core-3.20.2.jar:/home/runner/.m2/repository/jakarta/enterprise/jakarta.enterprise.cdi-api/4.1.0/jakarta.enterprise.cdi-api-4.1.0.jar:/home/runner/.m2/repository/jakarta/enterprise/jakarta.enterprise.lang-model/4.1.0/jakarta.enterprise.lang-model-4.1.0.jar:/home/runner/.m2/repository/jakarta/el/jakarta.el-api/5.0.1/jakarta.el-api-5.0.1.jar:/home/runner/.m2/repository/jakarta/interceptor/jakarta.interceptor-api/2.2.0/jakarta.interceptor-api-2.2.0.jar:/home/runner/.m2/repository/jakarta/inject/jakarta.inject-api/2.0.1/jakarta.inject-api-2.0.1.jar:/home/runner/.m2/repository/io/smallrye/common/smallrye-common-os/2.12.0/smallrye-common-os-2.12.0.jar:/home/runner/.m2/repository/io/quarkus/quarkus-ide-launcher/3.20.2/quarkus-ide-launcher-3.20.2.jar:/home/runner/.m2/repository/io/quarkus/quarkus-development-mode-spi/3.20.2/quarkus-development-mode-spi-3.20.2.jar:/home/runner/.m2/repository/org/jboss/logging/jboss-logging/3.6.1.Final/jboss-logging-3.6.1.Final.jar:/home/runner/.m2/repository/org/jboss/logmanager/jboss-logmanager/3.1.2.Final/jboss-logmanager-3.1.2.Final.jar:/home/runner/.m2/repository/io/smallrye/common/smallrye-common-constraint/2.12.0/smallrye-common-constraint-2.12.0.jar:/home/runner/.m2/repository/io/smallrye/common/smallrye-common-cpu/2.12.0/smallrye-common-cpu-2.12.0.jar:/home/runner/.m2/repository/io/smallrye/common/smallrye-common-expression/2.12.0/smallrye-common-expression-2.12.0.jar:/home/runner/.m2/repository/io/smallrye/common/smallrye-common-net/2.12.0/smallrye-common-net-2.12.0.jar:/home/runner/.m2/repository/io/smallrye/common/smallrye-common-ref/2.12.0/smallrye-common-ref-2.12.0.jar:/home/runner/.m2/repository/jakarta/json/jakarta.json-api/2.1.3/jakarta.json-api-2.1.3.jar:/home/runner/.m2/repository/org/eclipse/parsson/parsson/1.1.7/parsson-1.1.7.jar:/home/runner/.m2/repository/org/jboss/logging/jboss-logging-annotations/3.0.4.Final/jboss-logging-annotations-3.0.4.Final.jar:/home/runner/.m2/repository/org/jboss/threads/jboss-threads/3.8.0.Final/jboss-threads-3.8.0.Final.jar:/home/runner/.m2/repository/io/smallrye/common/smallrye-common-annotation/2.12.0/smallrye-common-annotation-2.12.0.jar:/home/runner/.m2/repository/io/smallrye/common/smallrye-common-function/2.12.0/smallrye-common-function-2.12.0.jar:/home/runner/.m2/repository/org/jboss/slf4j/slf4j-jboss-logmanager/2.0.0.Final/slf4j-jboss-logmanager-2.0.0.Final.jar:/home/runner/.m2/repository/org/wildfly/common/wildfly-common/2.0.1/wildfly-common-2.0.1.jar:/home/runner/.m2/repository/io/quarkus/quarkus-bootstrap-runner/3.20.2/quarkus-bootstrap-runner-3.20.2.jar:/home/runner/.m2/repository/io/github/crac/org-crac/0.1.3/org-crac-0.1.3.jar:/home/runner/.m2/repository/io/quarkus/quarkus-fs-util/0.0.10/quarkus-fs-util-0.0.10.jar:/home/runner/.m2/repository/org/jboss/marshalling/jboss-marshalling/2.2.2.Final/jboss-marshalling-2.2.2.Final.jar:/home/runner/.m2/repository/io/fabric8/kubernetes-client/7.1.0/kubernetes-client-7.1.0.jar:/home/runner/.m2/repository/io/fabric8/kubernetes-client-api/7.1.0/kubernetes-client-api-7.1.0.jar:/home/runner/.m2/repository/io/fabric8/kubernetes-model-core/7.1.0/kubernetes-model-core-7.1.0.jar:/home/runner/.m2/repository/io/fabric8/kubernetes-model-common/7.1.0/kubernetes-model-common-7.1.0.jar:/home/runner/.m2/repository/javax/annotation/javax.annotation-api/1.3.2/javax.annotation-api-1.3.2.jar:/home/runner/.m2/repository/io/fabric8/kubernetes-model-gatewayapi/7.1.0/kubernetes-model-gatewayapi-7.1.0.jar:/home/runner/.m2/repository/io/fabric8/kubernetes-model-resource/7.1.0/kubernetes-model-resource-7.1.0.jar:/home/runner/.m2/repository/io/fabric8/kubernetes-model-rbac/7.1.0/kubernetes-model-rbac-7.1.0.jar:/home/runner/.m2/repository/io/fabric8/kubernetes-model-admissionregistration/7.1.0/kubernetes-model-admissionregistration-7.1.0.jar:/home/runner/.m2/repository/io/fabric8/kubernetes-model-apps/7.1.0/kubernetes-model-apps-7.1.0.jar:/home/runner/.m2/repository/io/fabric8/kubernetes-model-autoscaling/7.1.0/kubernetes-model-autoscaling-7.1.0.jar:/home/runner/.m2/repository/io/fabric8/kubernetes-model-apiextensions/7.1.0/kubernetes-model-apiextensions-7.1.0.jar:/home/runner/.m2/repository/io/fabric8/kubernetes-model-batch/7.1.0/kubernetes-model-batch-7.1.0.jar:/home/runner/.m2/repository/io/fabric8/kubernetes-model-certificates/7.1.0/kubernetes-model-certificates-7.1.0.jar:/home/runner/.m2/repository/io/fabric8/kubernetes-model-coordination/7.1.0/kubernetes-model-coordination-7.1.0.jar:/home/runner/.m2/repository/io/fabric8/kubernetes-model-discovery/7.1.0/kubernetes-model-discovery-7.1.0.jar:/home/runner/.m2/repository/io/fabric8/kubernetes-model-events/7.1.0/kubernetes-model-events-7.1.0.jar:/home/runner/.m2/repository/io/fabric8/kubernetes-model-extensions/7.1.0/kubernetes-model-extensions-7.1.0.jar:/home/runner/.m2/repository/io/fabric8/kubernetes-model-flowcontrol/7.1.0/kubernetes-model-flowcontrol-7.1.0.jar:/home/runner/.m2/repository/io/fabric8/kubernetes-model-networking/7.1.0/kubernetes-model-networking-7.1.0.jar:/home/runner/.m2/repository/io/fabric8/kubernetes-model-metrics/7.1.0/kubernetes-model-metrics-7.1.0.jar:/home/runner/.m2/repository/io/fabric8/kubernetes-model-policy/7.1.0/kubernetes-model-policy-7.1.0.jar:/home/runner/.m2/repository/io/fabric8/kubernetes-model-scheduling/7.1.0/kubernetes-model-scheduling-7.1.0.jar:/home/runner/.m2/repository/io/fabric8/kubernetes-model-storageclass/7.1.0/kubernetes-model-storageclass-7.1.0.jar:/home/runner/.m2/repository/io/fabric8/kubernetes-model-node/7.1.0/kubernetes-model-node-7.1.0.jar:/home/runner/.m2/repository/org/snakeyaml/snakeyaml-engine/2.9/snakeyaml-engine-2.9.jar:/home/runner/.m2/repository/com/fasterxml/jackson/dataformat/jackson-dataformat-yaml/2.18.2/jackson-dataformat-yaml-2.18.2.jar:/home/runner/.m2/repository/com/fasterxml/jackson/datatype/jackson-datatype-jsr310/2.18.2/jackson-datatype-jsr310-2.18.2.jar:/home/runner/.m2/repository/io/fabric8/zjsonpatch/7.1.0/zjsonpatch-7.1.0.jar:/home/runner/.m2/repository/io/fabric8/kubernetes-httpclient-vertx/7.1.0/kubernetes-httpclient-vertx-7.1.0.jar:/home/runner/.m2/repository/io/vertx/vertx-web-client/4.5.16/vertx-web-client-4.5.16.jar:/home/runner/.m2/repository/io/vertx/vertx-web-common/4.5.16/vertx-web-common-4.5.16.jar:/home/runner/.m2/repository/io/vertx/vertx-auth-common/4.5.16/vertx-auth-common-4.5.16.jar:/home/runner/.m2/repository/io/vertx/vertx-uri-template/4.5.16/vertx-uri-template-4.5.16.jar:/home/runner/.m2/repository/io/fabric8/openshift-client/7.1.0/openshift-client-7.1.0.jar:/home/runner/.m2/repository/io/fabric8/openshift-client-api/7.1.0/openshift-client-api-7.1.0.jar:/home/runner/.m2/repository/io/fabric8/openshift-model/7.1.0/openshift-model-7.1.0.jar:/home/runner/.m2/repository/io/fabric8/openshift-model-autoscaling/7.1.0/openshift-model-autoscaling-7.1.0.jar:/home/runner/.m2/repository/io/fabric8/openshift-model-operator/7.1.0/openshift-model-operator-7.1.0.jar:/home/runner/.m2/repository/io/fabric8/openshift-model-operatorhub/7.1.0/openshift-model-operatorhub-7.1.0.jar:/home/runner/.m2/repository/io/fabric8/openshift-model-machine/7.1.0/openshift-model-machine-7.1.0.jar:/home/runner/.m2/repository/io/fabric8/openshift-model-whereabouts/7.1.0/openshift-model-whereabouts-7.1.0.jar:/home/runner/.m2/repository/io/fabric8/openshift-model-monitoring/7.1.0/openshift-model-monitoring-7.1.0.jar:/home/runner/.m2/repository/io/fabric8/openshift-model-storageversionmigrator/7.1.0/openshift-model-storageversionmigrator-7.1.0.jar:/home/runner/.m2/repository/io/fabric8/openshift-model-tuned/7.1.0/openshift-model-tuned-7.1.0.jar:/home/runner/.m2/repository/io/fabric8/openshift-model-console/7.1.0/openshift-model-console-7.1.0.jar:/home/runner/.m2/repository/io/fabric8/openshift-model-config/7.1.0/openshift-model-config-7.1.0.jar:/home/runner/.m2/repository/io/fabric8/openshift-model-machineconfiguration/7.1.0/openshift-model-machineconfiguration-7.1.0.jar:/home/runner/.m2/repository/io/fabric8/openshift-model-miscellaneous/7.1.0/openshift-model-miscellaneous-7.1.0.jar:/home/runner/.m2/repository/io/fabric8/openshift-model-hive/7.1.0/openshift-model-hive-7.1.0.jar:/home/runner/.m2/repository/io/fabric8/openshift-model-installer/7.1.0/openshift-model-installer-7.1.0.jar:/home/runner/.m2/repository/org/junit/platform/junit-platform-launcher/1.12.1/junit-platform-launcher-1.12.1.jar:/home/runner/.m2/repository/org/junit/platform/junit-platform-engine/1.12.1/junit-platform-engine-1.12.1.jar:/home/runner/.m2/repository/org/opentest4j/opentest4j/1.3.0/opentest4j-1.3.0.jar:/home/runner/.m2/repository/org/junit/platform/junit-platform-commons/1.12.1/junit-platform-commons-1.12.1.jar:/home/runner/.m2/repository/org/apiguardian/apiguardian-api/1.1.2/apiguardian-api-1.1.2.jar:/home/runner/.m2/repository/jakarta/ws/rs/jakarta.ws.rs-api/3.1.0/jakarta.ws.rs-api-3.1.0.jar:/home/runner/work/apicurio-testing/apicurio-testing/clusters/ci419/namespaces/pg17/tests/integration/apicurio-registry/java-sdk/target/apicurio-registry-java-sdk-3.0.14-SNAPSHOT.jar:/home/runner/.m2/repository/com/microsoft/kiota/microsoft-kiota-abstractions/1.8.9/microsoft-kiota-abstractions-1.8.9.jar:/home/runner/.m2/repository/io/github/std-uritemplate/std-uritemplate/2.0.0/std-uritemplate-2.0.0.jar:/home/runner/.m2/repository/io/kiota/kiota-http-jdk/0.0.29/kiota-http-jdk-0.0.29.jar:/home/runner/.m2/repository/io/kiota/kiota-http-vertx/0.0.29/kiota-http-vertx-0.0.29.jar:/home/runner/.m2/repository/io/kiota/kiota-serialization-jackson/0.0.29/kiota-serialization-jackson-0.0.29.jar:/home/runner/.m2/repository/com/microsoft/kiota/microsoft-kiota-serialization-text/1.8.9/microsoft-kiota-serialization-text-1.8.9.jar:/home/runner/.m2/repository/com/microsoft/kiota/microsoft-kiota-serialization-form/1.8.9/microsoft-kiota-serialization-form-1.8.9.jar:/home/runner/.m2/repository/com/microsoft/kiota/microsoft-kiota-serialization-multipart/1.8.9/microsoft-kiota-serialization-multipart-1.8.9.jar:/home/runner/.m2/repository/jakarta/annotation/jakarta.annotation-api/3.0.0/jakarta.annotation-api-3.0.0.jar:/home/runner/.m2/repository/io/vertx/vertx-auth-oauth2/4.5.16/vertx-auth-oauth2-4.5.16.jar:/home/runner/work/apicurio-testing/apicurio-testing/clusters/ci419/namespaces/pg17/tests/integration/apicurio-registry/java-sdk-v2/target/apicurio-registry-v2-java-sdk-3.0.14-SNAPSHOT.jar:/home/runner/work/apicurio-testing/apicurio-testing/clusters/ci419/namespaces/pg17/tests/integration/apicurio-registry/utils/kafka/target/apicurio-registry-utils-kafka-3.0.14-SNAPSHOT-tests.jar:/home/runner/.m2/repository/org/eclipse/microprofile/config/microprofile-config-api/3.1/microprofile-config-api-3.1.jar:/home/runner/.m2/repository/org/apache/kafka/kafka-clients/3.9.1/kafka-clients-3.9.1.jar:/home/runner/.m2/repository/com/github/luben/zstd-jni/1.5.6-4/zstd-jni-1.5.6-4.jar:/home/runner/.m2/repository/org/lz4/lz4-java/1.8.0/lz4-java-1.8.0.jar:/home/runner/.m2/repository/org/xerial/snappy/snappy-java/1.1.10.5/snappy-java-1.1.10.5.jar:/home/runner/.m2/repository/org/slf4j/slf4j-api/2.0.6/slf4j-api-2.0.6.jar:/home/runner/work/apicurio-testing/apicurio-testing/clusters/ci419/namespaces/pg17/tests/integration/apicurio-registry/utils/tests/target/apicurio-registry-utils-tests-3.0.14-SNAPSHOT.jar:/home/runner/work/apicurio-testing/apicurio-testing/clusters/ci419/namespaces/pg17/tests/integration/apicurio-registry/common/target/apicurio-registry-common-3.0.14-SNAPSHOT.jar:/home/runner/.m2/repository/jakarta/validation/jakarta.validation-api/3.0.2/jakarta.validation-api-3.0.2.jar:/home/runner/.m2/repository/com/github/dasniko/testcontainers-keycloak/3.8.0/testcontainers-keycloak-3.8.0.jar:/home/runner/.m2/repository/org/testcontainers/testcontainers/1.20.6/testcontainers-1.20.6.jar:/home/runner/.m2/repository/org/rnorth/duct-tape/duct-tape/1.0.8/duct-tape-1.0.8.jar:/home/runner/.m2/repository/com/github/docker-java/docker-java-transport-zerodep/3.4.1/docker-java-transport-zerodep-3.4.1.jar:/home/runner/.m2/repository/com/github/docker-java/docker-java-transport/3.4.1/docker-java-transport-3.4.1.jar:/home/runner/.m2/repository/net/java/dev/jna/jna/5.8.0/jna-5.8.0.jar:/home/runner/.m2/repository/io/quarkus/quarkus-junit4-mock/3.20.2/quarkus-junit4-mock-3.20.2.jar:/home/runner/.m2/repository/org/jboss/shrinkwrap/shrinkwrap-api/2.0.0-beta-2/shrinkwrap-api-2.0.0-beta-2.jar:/home/runner/.m2/repository/org/jboss/shrinkwrap/shrinkwrap-impl-base/2.0.0-beta-2/shrinkwrap-impl-base-2.0.0-beta-2.jar:/home/runner/.m2/repository/org/jboss/shrinkwrap/shrinkwrap-spi/2.0.0-beta-2/shrinkwrap-spi-2.0.0-beta-2.jar:/home/runner/.m2/repository/org/keycloak/keycloak-admin-client/26.0.4/keycloak-admin-client-26.0.4.jar:/home/runner/.m2/repository/org/keycloak/keycloak-client-common-synced/26.0.4/keycloak-client-common-synced-26.0.4.jar:/home/runner/.m2/repository/jakarta/activation/jakarta.activation-api/2.1.3/jakarta.activation-api-2.1.3.jar:/home/runner/.m2/repository/org/eclipse/microprofile/openapi/microprofile-openapi-api/4.0.2/microprofile-openapi-api-4.0.2.jar:/home/runner/.m2/repository/org/jboss/resteasy/resteasy-client/6.2.12.Final/resteasy-client-6.2.12.Final.jar:/home/runner/.m2/repository/org/jboss/resteasy/resteasy-client-api/6.2.12.Final/resteasy-client-api-6.2.12.Final.jar:/home/runner/.m2/repository/org/jboss/resteasy/resteasy-core-spi/6.2.12.Final/resteasy-core-spi-6.2.12.Final.jar:/home/runner/.m2/repository/org/jboss/resteasy/resteasy-core/6.2.12.Final/resteasy-core-6.2.12.Final.jar:/home/runner/.m2/repository/org/eclipse/angus/angus-activation/2.0.2/angus-activation-2.0.2.jar:/home/runner/.m2/repository/com/ibm/async/asyncutil/0.1.0/asyncutil-0.1.0.jar:/home/runner/.m2/repository/org/reactivestreams/reactive-streams/1.0.4/reactive-streams-1.0.4.jar:/home/runner/.m2/repository/org/jboss/resteasy/resteasy-multipart-provider/6.2.12.Final/resteasy-multipart-provider-6.2.12.Final.jar:/home/runner/.m2/repository/jakarta/mail/jakarta.mail-api/2.1.3/jakarta.mail-api-2.1.3.jar:/home/runner/.m2/repository/org/eclipse/angus/angus-mail/2.0.3/angus-mail-2.0.3.jar:/home/runner/.m2/repository/org/apache/james/apache-mime4j-dom/0.8.12/apache-mime4j-dom-0.8.12.jar:/home/runner/.m2/repository/org/apache/james/apache-mime4j-core/0.8.12/apache-mime4j-core-0.8.12.jar:/home/runner/.m2/repository/org/apache/james/apache-mime4j-storage/0.8.12/apache-mime4j-storage-0.8.12.jar:/home/runner/.m2/repository/org/jboss/resteasy/resteasy-jackson2-provider/6.2.12.Final/resteasy-jackson2-provider-6.2.12.Final.jar:/home/runner/.m2/repository/com/fasterxml/jackson/jakarta/rs/jackson-jakarta-rs-base/2.18.2/jackson-jakarta-rs-base-2.18.2.jar:/home/runner/.m2/repository/com/fasterxml/jackson/jakarta/rs/jackson-jakarta-rs-json-provider/2.18.2/jackson-jakarta-rs-json-provider-2.18.2.jar:/home/runner/.m2/repository/com/fasterxml/jackson/module/jackson-module-jakarta-xmlbind-annotations/2.18.2/jackson-module-jakarta-xmlbind-annotations-2.18.2.jar:/home/runner/.m2/repository/com/github/java-json-tools/json-patch/1.13/json-patch-1.13.jar:/home/runner/.m2/repository/com/github/java-json-tools/msg-simple/1.2/msg-simple-1.2.jar:/home/runner/.m2/repository/com/github/java-json-tools/btf/1.3/btf-1.3.jar:/home/runner/.m2/repository/com/github/java-json-tools/jackson-coreutils/2.0/jackson-coreutils-2.0.jar:/home/runner/.m2/repository/org/jboss/resteasy/resteasy-jaxb-provider/6.2.12.Final/resteasy-jaxb-provider-6.2.12.Final.jar:/home/runner/.m2/repository/org/glassfish/jaxb/codemodel/4.0.5/codemodel-4.0.5.jar:/home/runner/.m2/repository/org/glassfish/jaxb/jaxb-core/4.0.5/jaxb-core-4.0.5.jar:/home/runner/.m2/repository/org/glassfish/jaxb/jaxb-jxc/4.0.5/jaxb-jxc-4.0.5.jar:/home/runner/.m2/repository/org/glassfish/jaxb/jaxb-runtime/4.0.5/jaxb-runtime-4.0.5.jar:/home/runner/.m2/repository/org/glassfish/jaxb/txw2/4.0.5/txw2-4.0.5.jar:/home/runner/.m2/repository/org/glassfish/jaxb/jaxb-xjc/4.0.5/jaxb-xjc-4.0.5.jar:/home/runner/.m2/repository/org/glassfish/jaxb/xsom/4.0.5/xsom-4.0.5.jar:/home/runner/.m2/repository/com/sun/istack/istack-commons-runtime/4.1.2/istack-commons-runtime-4.1.2.jar:/home/runner/.m2/repository/com/sun/istack/istack-commons-tools/4.1.2/istack-commons-tools-4.1.2.jar:/home/runner/.m2/repository/com/sun/xml/bind/external/relaxng-datatype/4.0.5/relaxng-datatype-4.0.5.jar:/home/runner/.m2/repository/com/sun/xml/bind/external/rngom/4.0.5/rngom-4.0.5.jar:/home/runner/.m2/repository/org/testcontainers/mssqlserver/1.20.6/mssqlserver-1.20.6.jar:/home/runner/.m2/repository/org/testcontainers/jdbc/1.20.6/jdbc-1.20.6.jar:/home/runner/.m2/repository/org/testcontainers/database-commons/1.20.6/database-commons-1.20.6.jar:/home/runner/.m2/repository/org/testcontainers/mysql/1.20.6/mysql-1.20.6.jar:/home/runner/.m2/repository/io/strimzi/strimzi-test-container/0.111.0/strimzi-test-container-0.111.0.jar:/home/runner/.m2/repository/org/testcontainers/toxiproxy/1.20.6/toxiproxy-1.20.6.jar:/home/runner/.m2/repository/com/github/docker-java/docker-java-api/3.4.1/docker-java-api-3.4.1.jar:/home/runner/.m2/repository/org/apache/logging/log4j/log4j-slf4j-impl/2.19.0/log4j-slf4j-impl-2.19.0.jar:/home/runner/.m2/repository/org/apache/logging/log4j/log4j-api/2.24.3/log4j-api-2.24.3.jar:/home/runner/.m2/repository/org/apache/logging/log4j/log4j-core/2.19.0/log4j-core-2.19.0.jar:/home/runner/.m2/repository/eu/rekawek/toxiproxy/toxiproxy-java/2.1.7/toxiproxy-java-2.1.7.jar:/home/runner/.m2/repository/org/testcontainers/pulsar/1.21.3/pulsar-1.21.3.jar:/home/runner/.m2/repository/io/debezium/debezium-testing-testcontainers/2.7.4.Final/debezium-testing-testcontainers-2.7.4.Final.jar:/home/runner/.m2/repository/org/testcontainers/kafka/1.20.6/kafka-1.20.6.jar:/home/runner/.m2/repository/com/squareup/okhttp3/okhttp/4.8.1/okhttp-4.8.1.jar:/home/runner/.m2/repository/com/squareup/okio/okio/3.10.2/okio-3.10.2.jar:/home/runner/.m2/repository/com/squareup/okio/okio-jvm/3.10.2/okio-jvm-3.10.2.jar:/home/runner/.m2/repository/org/jetbrains/kotlin/kotlin-stdlib/2.0.21/kotlin-stdlib-2.0.21.jar:/home/runner/.m2/repository/org/awaitility/awaitility/4.3.0/awaitility-4.3.0.jar:/home/runner/.m2/repository/org/testcontainers/mongodb/1.20.6/mongodb-1.20.6.jar:/home/runner/.m2/repository/org/testcontainers/mariadb/1.20.6/mariadb-1.20.6.jar:/home/runner/.m2/repository/org/testcontainers/oracle-xe/1.20.6/oracle-xe-1.20.6.jar:/home/runner/.m2/repository/org/testcontainers/postgresql/1.20.6/postgresql-1.20.6.jar:/home/runner/.m2/repository/org/wiremock/wiremock/3.0.1/wiremock-3.0.1.jar:/home/runner/.m2/repository/org/eclipse/jetty/jetty-server/11.0.15/jetty-server-11.0.15.jar:/home/runner/.m2/repository/org/eclipse/jetty/toolchain/jetty-jakarta-servlet-api/5.0.2/jetty-jakarta-servlet-api-5.0.2.jar:/home/runner/.m2/repository/org/eclipse/jetty/jetty-http/11.0.15/jetty-http-11.0.15.jar:/home/runner/.m2/repository/org/eclipse/jetty/jetty-io/11.0.15/jetty-io-11.0.15.jar:/home/runner/.m2/repository/org/eclipse/jetty/jetty-servlet/11.0.15/jetty-servlet-11.0.15.jar:/home/runner/.m2/repository/org/eclipse/jetty/jetty-security/11.0.15/jetty-security-11.0.15.jar:/home/runner/.m2/repository/org/eclipse/jetty/jetty-servlets/11.0.15/jetty-servlets-11.0.15.jar:/home/runner/.m2/repository/org/eclipse/jetty/jetty-util/11.0.15/jetty-util-11.0.15.jar:/home/runner/.m2/repository/org/eclipse/jetty/jetty-webapp/11.0.15/jetty-webapp-11.0.15.jar:/home/runner/.m2/repository/org/eclipse/jetty/jetty-xml/11.0.15/jetty-xml-11.0.15.jar:/home/runner/.m2/repository/org/eclipse/jetty/jetty-proxy/11.0.15/jetty-proxy-11.0.15.jar:/home/runner/.m2/repository/org/eclipse/jetty/jetty-client/11.0.15/jetty-client-11.0.15.jar:/home/runner/.m2/repository/org/eclipse/jetty/http2/http2-server/11.0.15/http2-server-11.0.15.jar:/home/runner/.m2/repository/org/eclipse/jetty/http2/http2-common/11.0.15/http2-common-11.0.15.jar:/home/runner/.m2/repository/org/eclipse/jetty/http2/http2-hpack/11.0.15/http2-hpack-11.0.15.jar:/home/runner/.m2/repository/org/eclipse/jetty/jetty-alpn-server/11.0.15/jetty-alpn-server-11.0.15.jar:/home/runner/.m2/repository/org/eclipse/jetty/jetty-alpn-java-server/11.0.15/jetty-alpn-java-server-11.0.15.jar:/home/runner/.m2/repository/org/eclipse/jetty/jetty-alpn-java-client/11.0.15/jetty-alpn-java-client-11.0.15.jar:/home/runner/.m2/repository/org/eclipse/jetty/jetty-alpn-client/11.0.15/jetty-alpn-client-11.0.15.jar:/home/runner/.m2/repository/org/apache/httpcomponents/client5/httpclient5/5.2.1/httpclient5-5.2.1.jar:/home/runner/.m2/repository/org/apache/httpcomponents/core5/httpcore5/5.2/httpcore5-5.2.jar:/home/runner/.m2/repository/org/apache/httpcomponents/core5/httpcore5-h2/5.2/httpcore5-h2-5.2.jar:/home/runner/.m2/repository/org/xmlunit/xmlunit-core/2.9.1/xmlunit-core-2.9.1.jar:/home/runner/.m2/repository/jakarta/xml/bind/jakarta.xml.bind-api/4.0.2/jakarta.xml.bind-api-4.0.2.jar:/home/runner/.m2/repository/org/xmlunit/xmlunit-legacy/2.9.1/xmlunit-legacy-2.9.1.jar:/home/runner/.m2/repository/org/xmlunit/xmlunit-placeholders/2.9.1/xmlunit-placeholders-2.9.1.jar:/home/runner/.m2/repository/net/javacrumbs/json-unit/json-unit-core/2.38.0/json-unit-core-2.38.0.jar:/home/runner/.m2/repository/org/hamcrest/hamcrest-core/2.2/hamcrest-core-2.2.jar:/home/runner/.m2/repository/com/jayway/jsonpath/json-path/2.8.0/json-path-2.8.0.jar:/home/runner/.m2/repository/net/minidev/json-smart/2.4.10/json-smart-2.4.10.jar:/home/runner/.m2/repository/net/minidev/accessors-smart/2.4.9/accessors-smart-2.4.9.jar:/home/runner/.m2/repository/org/ow2/asm/asm/9.7.1/asm-9.7.1.jar:/home/runner/.m2/repository/net/sf/jopt-simple/jopt-simple/5.0.4/jopt-simple-5.0.4.jar:/home/runner/.m2/repository/com/github/jknack/handlebars/4.3.1/handlebars-4.3.1.jar:/home/runner/.m2/repository/com/github/jknack/handlebars-helpers/4.3.1/handlebars-helpers-4.3.1.jar:/home/runner/.m2/repository/commons-fileupload/commons-fileupload/1.5/commons-fileupload-1.5.jar:/home/runner/.m2/repository/com/networknt/json-schema-validator/1.5.8/json-schema-validator-1.5.8.jar:/home/runner/.m2/repository/com/ethlo/time/itu/1.10.3/itu-1.10.3.jar:/home/runner/.m2/repository/io/quarkus/quarkus-smallrye-jwt-build/3.20.2/quarkus-smallrye-jwt-build-3.20.2.jar:/home/runner/.m2/repository/io/smallrye/smallrye-jwt-build/4.6.2/smallrye-jwt-build-4.6.2.jar:/home/runner/.m2/repository/org/eclipse/microprofile/jwt/microprofile-jwt-auth-api/2.1/microprofile-jwt-auth-api-2.1.jar:/home/runner/.m2/repository/org/bitbucket/b_c/jose4j/0.9.6/jose4j-0.9.6.jar:/home/runner/.m2/repository/io/smallrye/smallrye-jwt-common/4.6.2/smallrye-jwt-common-4.6.2.jar:/home/runner/.m2/repository/io/quarkus/quarkus-jsonp/3.20.2/quarkus-jsonp-3.20.2.jar:/home/runner/.m2/repository/io/quarkus/quarkus-arc/3.20.2/quarkus-arc-3.20.2.jar:/home/runner/.m2/repository/io/quarkus/arc/arc/3.20.2/arc-3.20.2.jar:/home/runner/.m2/repository/jakarta/transaction/jakarta.transaction-api/2.0.1/jakarta.transaction-api-2.0.1.jar:/home/runner/.m2/repository/io/smallrye/reactive/mutiny/2.9.2/mutiny-2.9.2.jar:/home/runner/.m2/repository/org/jctools/jctools-core/4.0.5/jctools-core-4.0.5.jar:/home/runner/.m2/repository/org/eclipse/microprofile/context-propagation/microprofile-context-propagation-api/1.3/microprofile-context-propagation-api-1.3.jar:/home/runner/.m2/repository/io/apicurio/apicurio-common-rest-client-common/0.1.18.Final/apicurio-common-rest-client-common-0.1.18.Final.jar:/home/runner/work/apicurio-testing/apicurio-testing/clusters/ci419/namespaces/pg17/tests/integration/apicurio-registry/utils/maven-plugin/target/apicurio-registry-maven-plugin-3.0.14-SNAPSHOT.jar:/home/runner/.m2/repository/com/fasterxml/jackson/core/jackson-databind/2.18.2/jackson-databind-2.18.2.jar:/home/runner/.m2/repository/org/apache/avro/avro/1.12.0/avro-1.12.0.jar:/home/runner/.m2/repository/com/google/protobuf/protobuf-java/4.32.0/protobuf-java-4.32.0.jar:/home/runner/.m2/repository/com/google/protobuf/protobuf-java-util/4.32.0/protobuf-java-util-4.32.0.jar:/home/runner/.m2/repository/com/google/code/findbugs/jsr305/3.0.2/jsr305-3.0.2.jar:/home/runner/.m2/repository/com/google/code/gson/gson/2.12.1/gson-2.12.1.jar:/home/runner/.m2/repository/com/google/errorprone/error_prone_annotations/2.36.0/error_prone_annotations-2.36.0.jar:/home/runner/.m2/repository/com/google/j2objc/j2objc-annotations/2.8/j2objc-annotations-2.8.jar:/home/runner/work/apicurio-testing/apicurio-testing/clusters/ci419/namespaces/pg17/tests/integration/apicurio-registry/schema-util/util-provider/target/apicurio-registry-schema-util-provider-3.0.14-SNAPSHOT.jar:/home/runner/work/apicurio-testing/apicurio-testing/clusters/ci419/namespaces/pg17/tests/integration/apicurio-registry/schema-util/common/target/apicurio-registry-schema-util-common-3.0.14-SNAPSHOT.jar:/home/runner/.m2/repository/com/fasterxml/jackson/module/jackson-module-parameter-names/2.18.2/jackson-module-parameter-names-2.18.2.jar:/home/runner/.m2/repository/com/fasterxml/jackson/datatype/jackson-datatype-json-org/2.18.2/jackson-datatype-json-org-2.18.2.jar:/home/runner/work/apicurio-testing/apicurio-testing/clusters/ci419/namespaces/pg17/tests/integration/apicurio-registry/schema-util/json/target/apicurio-registry-schema-util-json-3.0.14-SNAPSHOT.jar:/home/runner/.m2/repository/com/github/erosb/everit-json-schema/1.14.5/everit-json-schema-1.14.5.jar:/home/runner/.m2/repository/commons-validator/commons-validator/1.9.0/commons-validator-1.9.0.jar:/home/runner/.m2/repository/commons-digester/commons-digester/2.1/commons-digester-2.1.jar:/home/runner/.m2/repository/commons-collections/commons-collections/3.2.2/commons-collections-3.2.2.jar:/home/runner/.m2/repository/com/damnhandy/handy-uri-templates/2.1.8/handy-uri-templates-2.1.8.jar:/home/runner/.m2/repository/joda-time/joda-time/2.10.2/joda-time-2.10.2.jar:/home/runner/.m2/repository/com/github/erosb/json-sKema/0.20.0/json-sKema-0.20.0.jar:/home/runner/.m2/repository/io/vertx/vertx-json-schema/4.5.16/vertx-json-schema-4.5.16.jar:/home/runner/work/apicurio-testing/apicurio-testing/clusters/ci419/namespaces/pg17/tests/integration/apicurio-registry/schema-util/protobuf/target/apicurio-registry-schema-util-protobuf-3.0.14-SNAPSHOT.jar:/home/runner/work/apicurio-testing/apicurio-testing/clusters/ci419/namespaces/pg17/tests/integration/apicurio-registry/utils/protobuf-schema-utilities/target/apicurio-registry-protobuf-schema-utilities-3.0.14-SNAPSHOT.jar:/home/runner/.m2/repository/com/google/api/grpc/proto-google-common-protos/2.52.0/proto-google-common-protos-2.52.0.jar:/home/runner/.m2/repository/com/squareup/wire/wire-schema-jvm/5.3.3/wire-schema-jvm-5.3.3.jar:/home/runner/.m2/repository/com/palantir/javapoet/javapoet/0.6.0/javapoet-0.6.0.jar:/home/runner/.m2/repository/com/squareup/kotlinpoet-jvm/2.0.0/kotlinpoet-jvm-2.0.0.jar:/home/runner/.m2/repository/org/jetbrains/kotlin/kotlin-reflect/2.0.21/kotlin-reflect-2.0.21.jar:/home/runner/.m2/repository/com/squareup/wire/wire-runtime-jvm/5.3.3/wire-runtime-jvm-5.3.3.jar:/home/runner/.m2/repository/com/ibm/icu/icu4j/76.1/icu4j-76.1.jar:/home/runner/.m2/repository/com/squareup/okio/okio-fakefilesystem/3.10.2/okio-fakefilesystem-3.10.2.jar:/home/runner/.m2/repository/com/squareup/okio/okio-fakefilesystem-jvm/3.10.2/okio-fakefilesystem-jvm-3.10.2.jar:/home/runner/.m2/repository/org/jetbrains/kotlinx/kotlinx-datetime-jvm/0.6.1/kotlinx-datetime-jvm-0.6.1.jar:/home/runner/work/apicurio-testing/apicurio-testing/clusters/ci419/namespaces/pg17/tests/integration/apicurio-registry/schema-util/asyncapi/target/apicurio-registry-schema-util-asyncapi-3.0.14-SNAPSHOT.jar:/home/runner/work/apicurio-testing/apicurio-testing/clusters/ci419/namespaces/pg17/tests/integration/apicurio-registry/schema-util/avro/target/apicurio-registry-schema-util-avro-3.0.14-SNAPSHOT.jar:/home/runner/work/apicurio-testing/apicurio-testing/clusters/ci419/namespaces/pg17/tests/integration/apicurio-registry/schema-util/graphql/target/apicurio-registry-schema-util-graphql-3.0.14-SNAPSHOT.jar:/home/runner/.m2/repository/com/graphql-java/graphql-java/22.4/graphql-java-22.4.jar:/home/runner/.m2/repository/com/graphql-java/java-dataloader/3.3.0/java-dataloader-3.3.0.jar:/home/runner/work/apicurio-testing/apicurio-testing/clusters/ci419/namespaces/pg17/tests/integration/apicurio-registry/schema-util/kconnect/target/apicurio-registry-schema-util-kconnect-3.0.14-SNAPSHOT.jar:/home/runner/work/apicurio-testing/apicurio-testing/clusters/ci419/namespaces/pg17/tests/integration/apicurio-registry/schema-util/openapi/target/apicurio-registry-schema-util-openapi-3.0.14-SNAPSHOT.jar:/home/runner/.m2/repository/io/apicurio/apicurio-data-models/2.2.2/apicurio-data-models-2.2.2.jar:/home/runner/.m2/repository/org/slf4j/jcl-over-slf4j/2.0.6/jcl-over-slf4j-2.0.6.jar:/home/runner/.m2/repository/org/openapitools/openapidiff/openapi-diff-core/2.1.2/openapi-diff-core-2.1.2.jar:/home/runner/.m2/repository/io/swagger/parser/v3/swagger-parser/2.1.28/swagger-parser-2.1.28.jar:/home/runner/.m2/repository/io/swagger/parser/v3/swagger-parser-v2-converter/2.1.28/swagger-parser-v2-converter-2.1.28.jar:/home/runner/.m2/repository/io/swagger/swagger-core/1.6.16/swagger-core-1.6.16.jar:/home/runner/.m2/repository/io/swagger/swagger-models/1.6.16/swagger-models-1.6.16.jar:/home/runner/.m2/repository/io/swagger/swagger-annotations/1.6.16/swagger-annotations-1.6.16.jar:/home/runner/.m2/repository/io/swagger/swagger-parser/1.0.75/swagger-parser-1.0.75.jar:/home/runner/.m2/repository/io/swagger/swagger-parser-safe-url-resolver/1.0.75/swagger-parser-safe-url-resolver-1.0.75.jar:/home/runner/.m2/repository/io/swagger/swagger-compat-spec-parser/1.0.75/swagger-compat-spec-parser-1.0.75.jar:/home/runner/.m2/repository/com/github/java-json-tools/json-schema-validator/2.2.14/json-schema-validator-2.2.14.jar:/home/runner/.m2/repository/com/github/java-json-tools/jackson-coreutils-equivalence/1.0/jackson-coreutils-equivalence-1.0.jar:/home/runner/.m2/repository/com/github/java-json-tools/json-schema-core/1.2.14/json-schema-core-1.2.14.jar:/home/runner/.m2/repository/com/github/java-json-tools/uri-template/0.10/uri-template-0.10.jar:/home/runner/.m2/repository/com/googlecode/libphonenumber/libphonenumber/8.11.1/libphonenumber-8.11.1.jar:/home/runner/.m2/repository/com/j2html/j2html/1.6.0/j2html-1.6.0.jar:/home/runner/.m2/repository/org/apache/commons/commons-collections4/4.5.0/commons-collections4-4.5.0.jar:/home/runner/.m2/repository/io/swagger/parser/v3/swagger-parser-v3/2.1.31/swagger-parser-v3-2.1.31.jar:/home/runner/.m2/repository/io/swagger/core/v3/swagger-models/2.2.34/swagger-models-2.2.34.jar:/home/runner/.m2/repository/io/swagger/core/v3/swagger-core/2.2.34/swagger-core-2.2.34.jar:/home/runner/.m2/repository/io/swagger/parser/v3/swagger-parser-core/2.1.31/swagger-parser-core-2.1.31.jar:/home/runner/.m2/repository/io/swagger/parser/v3/swagger-parser-safe-url-resolver/2.1.31/swagger-parser-safe-url-resolver-2.1.31.jar:/home/runner/work/apicurio-testing/apicurio-testing/clusters/ci419/namespaces/pg17/tests/integration/apicurio-registry/schema-util/wsdl/target/apicurio-registry-schema-util-wsdl-3.0.14-SNAPSHOT.jar:/home/runner/.m2/repository/wsdl4j/wsdl4j/1.6.3/wsdl4j-1.6.3.jar:/home/runner/work/apicurio-testing/apicurio-testing/clusters/ci419/namespaces/pg17/tests/integration/apicurio-registry/schema-util/xml/target/apicurio-registry-schema-util-xml-3.0.14-SNAPSHOT.jar:/home/runner/.m2/repository/org/apache/santuario/xmlsec/4.0.4/xmlsec-4.0.4.jar:/home/runner/.m2/repository/com/fasterxml/woodstox/woodstox-core/7.1.1/woodstox-core-7.1.1.jar:/home/runner/.m2/repository/org/codehaus/woodstox/stax2-api/4.2.2/stax2-api-4.2.2.jar:/home/runner/work/apicurio-testing/apicurio-testing/clusters/ci419/namespaces/pg17/tests/integration/apicurio-registry/schema-util/xsd/target/apicurio-registry-schema-util-xsd-3.0.14-SNAPSHOT.jar:/home/runner/work/apicurio-testing/apicurio-testing/clusters/ci419/namespaces/pg17/tests/integration/apicurio-registry/serdes/kafka/jsonschema-serde/target/apicurio-registry-jsonschema-serde-kafka-3.0.14-SNAPSHOT.jar:/home/runner/work/apicurio-testing/apicurio-testing/clusters/ci419/namespaces/pg17/tests/integration/apicurio-registry/serdes/kafka/serde-kafka-common/target/apicurio-registry-serde-kafka-common-3.0.14-SNAPSHOT.jar:/home/runner/work/apicurio-testing/apicurio-testing/clusters/ci419/namespaces/pg17/tests/integration/apicurio-registry/serdes/generic/serde-common/target/apicurio-registry-serde-common-3.0.14-SNAPSHOT.jar:/home/runner/work/apicurio-testing/apicurio-testing/clusters/ci419/namespaces/pg17/tests/integration/apicurio-registry/serdes/generic/serde-common-jsonschema/target/apicurio-registry-serde-common-jsonschema-3.0.14-SNAPSHOT.jar:/home/runner/.m2/repository/org/json/json/20250107/json-20250107.jar:/home/runner/work/apicurio-testing/apicurio-testing/clusters/ci419/namespaces/pg17/tests/integration/apicurio-registry/serdes/kafka/avro-serde/target/apicurio-registry-avro-serde-kafka-3.0.14-SNAPSHOT.jar:/home/runner/work/apicurio-testing/apicurio-testing/clusters/ci419/namespaces/pg17/tests/integration/apicurio-registry/serdes/generic/serde-common-avro/target/apicurio-registry-serde-common-avro-3.0.14-SNAPSHOT.jar:/home/runner/work/apicurio-testing/apicurio-testing/clusters/ci419/namespaces/pg17/tests/integration/apicurio-registry/serdes/kafka/protobuf-serde/target/apicurio-registry-protobuf-serde-kafka-3.0.14-SNAPSHOT.jar:/home/runner/work/apicurio-testing/apicurio-testing/clusters/ci419/namespaces/pg17/tests/integration/apicurio-registry/serdes/generic/serde-common-protobuf/target/apicurio-registry-serde-common-protobuf-3.0.14-SNAPSHOT.jar:/home/runner/.m2/repository/com/squareup/wire/wire-schema/5.3.3/wire-schema-5.3.3.jar:/home/runner/.m2/repository/com/squareup/wire/wire-runtime/5.3.3/wire-runtime-5.3.3.jar:/home/runner/work/apicurio-testing/apicurio-testing/clusters/ci419/namespaces/pg17/tests/integration/apicurio-registry/serdes/pulsar/avro-serde/target/apicurio-registry-avro-serde-pulsar-3.0.14-SNAPSHOT.jar:/home/runner/.m2/repository/org/apache/pulsar/pulsar-functions-api/3.3.8/pulsar-functions-api-3.3.8.jar:/home/runner/work/apicurio-testing/apicurio-testing/clusters/ci419/namespaces/pg17/tests/integration/apicurio-registry/serdes/nats/avro-serde/target/apicurio-registry-avro-serde-nats-3.0.14-SNAPSHOT.jar:/home/runner/.m2/repository/io/nats/jnats/2.21.4/jnats-2.21.4.jar:/home/runner/.m2/repository/org/bouncycastle/bcprov-lts8on/2.73.7/bcprov-lts8on-2.73.7.jar:/home/runner/.m2/repository/org/jetbrains/annotations/26.0.2/annotations-26.0.2.jar:/home/runner/work/apicurio-testing/apicurio-testing/clusters/ci419/namespaces/pg17/tests/integration/apicurio-registry/utils/converter/target/apicurio-registry-utils-converter-3.0.14-SNAPSHOT.jar:/home/runner/work/apicurio-testing/apicurio-testing/clusters/ci419/namespaces/pg17/tests/integration/apicurio-registry/schema-resolver/target/apicurio-registry-schema-resolver-3.0.14-SNAPSHOT.jar:/home/runner/.m2/repository/org/apache/kafka/connect-api/3.9.1/connect-api-3.9.1.jar:/home/runner/.m2/repository/javax/ws/rs/javax.ws.rs-api/2.1.1/javax.ws.rs-api-2.1.1.jar:/home/runner/.m2/repository/org/apache/kafka/connect-json/3.9.1/connect-json-3.9.1.jar:/home/runner/.m2/repository/com/fasterxml/jackson/datatype/jackson-datatype-jdk8/2.18.2/jackson-datatype-jdk8-2.18.2.jar:/home/runner/.m2/repository/com/fasterxml/jackson/module/jackson-module-afterburner/2.18.2/jackson-module-afterburner-2.18.2.jar:/home/runner/work/apicurio-testing/apicurio-testing/clusters/ci419/namespaces/pg17/tests/integration/apicurio-registry/utils/kafka/target/apicurio-registry-utils-kafka-3.0.14-SNAPSHOT.jar:/home/runner/.m2/repository/org/apache/pulsar/pulsar-client/3.3.8/pulsar-client-3.3.8.jar:/home/runner/.m2/repository/org/apache/pulsar/pulsar-client-api/3.3.8/pulsar-client-api-3.3.8.jar:/home/runner/.m2/repository/org/apache/pulsar/pulsar-client-admin-api/3.3.8/pulsar-client-admin-api-3.3.8.jar:/home/runner/.m2/repository/org/apache/pulsar/bouncy-castle-bc/3.3.8/bouncy-castle-bc-3.3.8-pkg.jar:/home/runner/.m2/repository/org/bouncycastle/bcpkix-jdk18on/1.81/bcpkix-jdk18on-1.81.jar:/home/runner/.m2/repository/org/bouncycastle/bcutil-jdk18on/1.81/bcutil-jdk18on-1.81.jar:/home/runner/.m2/repository/org/bouncycastle/bcprov-jdk18on/1.81/bcprov-jdk18on-1.81.jar:/home/runner/.m2/repository/io/opentelemetry/opentelemetry-api/1.44.1/opentelemetry-api-1.44.1.jar:/home/runner/.m2/repository/io/opentelemetry/opentelemetry-context/1.44.1/opentelemetry-context-1.44.1.jar:/home/runner/.m2/repository/io/opentelemetry/opentelemetry-api-incubator/1.44.1-alpha/opentelemetry-api-incubator-1.44.1-alpha.jar:/home/runner/.m2/repository/com/fasterxml/jackson/core/jackson-annotations/2.18.2/jackson-annotations-2.18.2.jar:/home/runner/.m2/repository/javax/validation/validation-api/1.1.0.Final/validation-api-1.1.0.Final.jar:/home/runner/.m2/repository/org/jspecify/jspecify/1.0.0/jspecify-1.0.0.jar:/home/runner/.m2/repository/org/apache/commons/commons-configuration2/2.12.0/commons-configuration2-2.12.0.jar:/home/runner/.m2/repository/commons-logging/commons-logging/1.3.5/commons-logging-1.3.5.jar:/home/runner/.m2/repository/org/apache/commons/commons-text/1.13.0/commons-text-1.13.0.jar:/home/runner/.m2/repository/io/confluent/kafka-avro-serializer/8.0.0/kafka-avro-serializer-8.0.0.jar:/home/runner/.m2/repository/org/apache/commons/commons-compress/1.27.1/commons-compress-1.27.1.jar:/home/runner/.m2/repository/io/confluent/kafka-schema-serializer/8.0.0/kafka-schema-serializer-8.0.0.jar:/home/runner/.m2/repository/com/fasterxml/jackson/dataformat/jackson-dataformat-csv/2.18.2/jackson-dataformat-csv-2.18.2.jar:/home/runner/.m2/repository/io/confluent/kafka-schema-registry-client/8.0.0/kafka-schema-registry-client-8.0.0.jar:/home/runner/.m2/repository/org/yaml/snakeyaml/2.3/snakeyaml-2.3.jar:/home/runner/.m2/repository/io/swagger/core/v3/swagger-annotations/2.2.29/swagger-annotations-2.2.29.jar:/home/runner/.m2/repository/com/google/guava/guava/33.4.0-jre/guava-33.4.0-jre.jar:/home/runner/.m2/repository/com/google/guava/failureaccess/1.0.1/failureaccess-1.0.1.jar:/home/runner/.m2/repository/org/checkerframework/checker-qual/3.49.0/checker-qual-3.49.0.jar:/home/runner/.m2/repository/io/confluent/logredactor/1.0.13/logredactor-1.0.13.jar:/home/runner/.m2/repository/com/google/re2j/re2j/1.6/re2j-1.6.jar:/home/runner/.m2/repository/io/confluent/logredactor-metrics/1.0.13/logredactor-metrics-1.0.13.jar:/home/runner/.m2/repository/com/eclipsesource/minimal-json/minimal-json/0.9.5/minimal-json-0.9.5.jar:/home/runner/.m2/repository/io/confluent/common-utils/8.0.0/common-utils-8.0.0.jar:/home/runner/.m2/repository/io/confluent/kafka-connect-avro-converter/8.0.0/kafka-connect-avro-converter-8.0.0.jar:/home/runner/.m2/repository/io/confluent/kafka-connect-avro-data/8.0.0/kafka-connect-avro-data-8.0.0.jar:/home/runner/.m2/repository/io/confluent/kafka-schema-converter/8.0.0/kafka-schema-converter-8.0.0.jar:/home/runner/.m2/repository/io/rest-assured/rest-assured/5.5.1/rest-assured-5.5.1.jar:/home/runner/.m2/repository/org/apache/groovy/groovy/4.0.22/groovy-4.0.22.jar:/home/runner/.m2/repository/org/apache/groovy/groovy-xml/4.0.22/groovy-xml-4.0.22.jar:/home/runner/.m2/repository/org/apache/httpcomponents/httpclient/4.5.14/httpclient-4.5.14.jar:/home/runner/.m2/repository/org/apache/httpcomponents/httpcore/4.4.16/httpcore-4.4.16.jar:/home/runner/.m2/repository/org/apache/httpcomponents/httpmime/4.5.14/httpmime-4.5.14.jar:/home/runner/.m2/repository/org/hamcrest/hamcrest/2.2/hamcrest-2.2.jar:/home/runner/.m2/repository/org/ccil/cowan/tagsoup/tagsoup/1.2.1/tagsoup-1.2.1.jar:/home/runner/.m2/repository/io/rest-assured/json-path/5.5.1/json-path-5.5.1.jar:/home/runner/.m2/repository/org/apache/groovy/groovy-json/4.0.22/groovy-json-4.0.22.jar:/home/runner/.m2/repository/io/rest-assured/rest-assured-common/5.5.1/rest-assured-common-5.5.1.jar:/home/runner/.m2/repository/io/rest-assured/xml-path/5.5.1/xml-path-5.5.1.jar:/home/runner/.m2/repository/io/zonky/test/embedded-postgres/2.1.0/embedded-postgres-2.1.0.jar:/home/runner/.m2/repository/io/zonky/test/postgres/embedded-postgres-binaries-windows-amd64/14.15.0/embedded-postgres-binaries-windows-amd64-14.15.0.jar:/home/runner/.m2/repository/io/zonky/test/postgres/embedded-postgres-binaries-darwin-amd64/14.15.0/embedded-postgres-binaries-darwin-amd64-14.15.0.jar:/home/runner/.m2/repository/io/zonky/test/postgres/embedded-postgres-binaries-linux-amd64/14.15.0/embedded-postgres-binaries-linux-amd64-14.15.0.jar:/home/runner/.m2/repository/io/zonky/test/postgres/embedded-postgres-binaries-linux-amd64-alpine/14.15.0/embedded-postgres-binaries-linux-amd64-alpine-14.15.0.jar:/home/runner/.m2/repository/org/apache/commons/commons-lang3/3.17.0/commons-lang3-3.17.0.jar:/home/runner/.m2/repository/org/tukaani/xz/1.10/xz-1.10.jar:/home/runner/.m2/repository/commons-codec/commons-codec/1.19.0/commons-codec-1.19.0.jar:/home/runner/.m2/repository/org/postgresql/postgresql/42.7.7/postgresql-42.7.7.jar:/home/runner/.m2/repository/commons-io/commons-io/2.18.0/commons-io-2.18.0.jar:/home/runner/work/apicurio-testing/apicurio-testing/clusters/ci419/namespaces/pg17/tests/integration/apicurio-registry/utils/importexport/target/apicurio-registry-utils-import-export-3.0.14-SNAPSHOT.jar:/home/runner/.m2/repository/io/vertx/vertx-core/4.5.16/vertx-core-4.5.16.jar:/home/runner/.m2/repository/io/netty/netty-common/4.1.121.Final/netty-common-4.1.121.Final.jar:/home/runner/.m2/repository/io/netty/netty-buffer/4.1.121.Final/netty-buffer-4.1.121.Final.jar:/home/runner/.m2/repository/io/netty/netty-transport/4.1.121.Final/netty-transport-4.1.121.Final.jar:/home/runner/.m2/repository/io/netty/netty-handler/4.1.121.Final/netty-handler-4.1.121.Final.jar:/home/runner/.m2/repository/io/netty/netty-transport-native-unix-common/4.1.121.Final/netty-transport-native-unix-common-4.1.121.Final.jar:/home/runner/.m2/repository/io/netty/netty-codec/4.1.121.Final/netty-codec-4.1.121.Final.jar:/home/runner/.m2/repository/io/netty/netty-handler-proxy/4.1.121.Final/netty-handler-proxy-4.1.121.Final.jar:/home/runner/.m2/repository/io/netty/netty-codec-socks/4.1.121.Final/netty-codec-socks-4.1.121.Final.jar:/home/runner/.m2/repository/io/netty/netty-codec-http/4.1.121.Final/netty-codec-http-4.1.121.Final.jar:/home/runner/.m2/repository/io/netty/netty-codec-http2/4.1.121.Final/netty-codec-http2-4.1.121.Final.jar:/home/runner/.m2/repository/io/netty/netty-resolver/4.1.121.Final/netty-resolver-4.1.121.Final.jar:/home/runner/.m2/repository/io/netty/netty-resolver-dns/4.1.121.Final/netty-resolver-dns-4.1.121.Final.jar:/home/runner/.m2/repository/io/netty/netty-codec-dns/4.1.121.Final/netty-codec-dns-4.1.121.Final.jar:/home/runner/.m2/repository/com/fasterxml/jackson/core/jackson-core/2.18.2/jackson-core-2.18.2.jar:"/>
    <property name="sun.cpu.endian" value="little"/>
    <property name="user.home" value="/home/runner"/>
    <property name="user.language" value="en"/>
    <property name="jboss.log-version" value="false"/>
    <property name="java.specification.vendor" value="Oracle Corporation"/>
    <property name="java.version.date" value="2025-07-15"/>
    <property name="java.home" value="/usr/lib/jvm/temurin-17-jdk-amd64"/>
    <property name="file.separator" value="/"/>
    <property name="basedir" value="/home/runner/work/apicurio-testing/apicurio-testing/clusters/ci419/namespaces/pg17/tests/integration/apicurio-registry/integration-tests"/>
    <property name="java.vm.compressedOopsMode" value="Zero based"/>
    <property name="line.separator" value="&#10;"/>
    <property name="java.specification.name" value="Java Platform API Specification"/>
    <property name="java.vm.specification.vendor" value="Oracle Corporation"/>
    <property name="quarkus.http.test-host" value="registry-app-pg17.apps.ci419.apicurio-testing.org"/>
    <property name="surefire.real.class.path" value="/home/runner/work/apicurio-testing/apicurio-testing/clusters/ci419/namespaces/pg17/tests/integration/apicurio-registry/integration-tests/target/surefire/surefirebooter-20250903132126147_3.jar"/>
    <property name="sun.management.compiler" value="HotSpot 64-Bit Tiered Compilers"/>
    <property name="org.eclipse.jetty.http.HttpGenerator.STRICT" value="true"/>
    <property name="java.runtime.version" value="17.0.16+8"/>
    <property name="user.name" value="runner"/>
    <property name="path.separator" value=":"/>
    <property name="os.version" value="6.11.0-1018-azure"/>
    <property name="java.runtime.name" value="OpenJDK Runtime Environment"/>
    <property name="file.encoding" value="UTF-8"/>
    <property name="jnidispatch.path" value="/home/runner/.cache/JNA/temp/jna12190177322223152350.tmp"/>
    <property name="java.vm.name" value="OpenJDK 64-Bit Server VM"/>
    <property name="jna.platform.library.path" value="/usr/lib/x86_64-linux-gnu:/lib/x86_64-linux-gnu:/usr/lib64:/lib64:/usr/lib:/lib:/lib32:/usr/local/lib:/usr/lib/x86_64-linux-gnu/libfakeroot"/>
    <property name="java.vendor.version" value="Temurin-17.0.16+8"/>
    <property name="quarkus.oidc.token-path" value="https://keycloak-pg17.apps.ci419.apicurio-testing.org/realms/registry/protocol/openid-connect/token"/>
    <property name="quarkus.http.host" value="registry-app-pg17.apps.ci419.apicurio-testing.org"/>
    <property name="localRepository" value="/home/runner/.m2/repository"/>
    <property name="javax.xml.xpath.XPathFactory:http://java.sun.com/jaxp/xpath/dom" value="com.sun.org.apache.xpath.internal.jaxp.XPathFactoryImpl"/>
    <property name="jna.loaded" value="true"/>
    <property name="java.vendor.url.bug" value="https://github.com/adoptium/adoptium-support/issues"/>
    <property name="jetty.git.hash" value="5bc5e562c8d05c5862505aebe5cf83a61bdbcb96"/>
    <property name="java.io.tmpdir" value="/tmp"/>
    <property name="quarkus.http.test-protocol" value="http"/>
    <property name="java.version" value="17.0.16"/>
    <property name="user.dir" value="/home/runner/work/apicurio-testing/apicurio-testing/clusters/ci419/namespaces/pg17/tests/integration/apicurio-registry/integration-tests"/>
    <property name="os.arch" value="amd64"/>
    <property name="groups" value="( smoke | serdes | acceptance | ui)"/>
    <property name="java.vm.specification.name" value="Java Virtual Machine Specification"/>
    <property name="native.encoding" value="UTF-8"/>
    <property name="java.util.logging.manager" value="org.jboss.logmanager.LogManager"/>
    <property name="java.library.path" value="/usr/java/packages/lib:/usr/lib64:/lib64:/lib:/usr/lib"/>
    <property name="jdk.console" value="java.base"/>
    <property name="java.vm.info" value="mixed mode, sharing"/>
    <property name="java.vendor" value="Eclipse Adoptium"/>
    <property name="java.vm.version" value="17.0.16+8"/>
    <property name="java.specification.maintenance.version" value="1"/>
    <property name="sun.io.unicode.encoding" value="UnicodeLittle"/>
    <property name="javax.xml.transform.TransformerFactory" value="com.sun.org.apache.xalan.internal.xsltc.trax.TransformerFactoryImpl"/>
    <property name="java.class.version" value="61.0"/>
  </properties>
  <testcase name="testSimpleTopicIdStrategyFindLatest" classname="io.apicurio.tests.serdes.apicurio.ProtobufSerdeIT" time="1.374">
    <system-out><![CDATA[**** Registry Base URL: http://registry-app-pg17.apps.ci419.apicurio-testing.org:80
**** Registry Base URL: http://registry-app-pg17.apps.ci419.apicurio-testing.org:80
2025-09-03 13:23:31,445 INFO  [io.api.tes.ser.api.ProtobufSerdeIT] (main) RestAssured configured with http://registry-app-pg17.apps.ci419.apicurio-testing.org:80/apis/registry/v3
2025-09-03 13:23:31,472 INFO  [io.api.tes.uti.KafkaFacade] (main) Skipping deployment of kafka, because it's already deployed
2025-09-03 13:23:31,473 INFO  [io.api.tes.uti.TestSeparator] (main) ############################################################################
2025-09-03 13:23:31,473 INFO  [io.api.tes.uti.TestSeparator] (main) io.apicurio.tests.serdes.apicurio.ProtobufSerdeIT.testSimpleTopicIdStrategyFindLatest-STARTED
2025-09-03 13:23:31,474 INFO  [org.apa.kaf.cli.adm.AdminClientConfig] (main) AdminClientConfig values: 
	auto.include.jmx.reporter = true
	bootstrap.controllers = []
	bootstrap.servers = [PLAINTEXT://localhost:32769]
	client.dns.lookup = use_all_dns_ips
	client.id = 
	connections.max.idle.ms = 10000
	default.api.timeout.ms = 60000
	enable.metrics.push = true
	metadata.max.age.ms = 300000
	metadata.recovery.strategy = none
	metric.reporters = []
	metrics.num.samples = 2
	metrics.recording.level = INFO
	metrics.sample.window.ms = 30000
	receive.buffer.bytes = 65536
	reconnect.backoff.max.ms = 1000
	reconnect.backoff.ms = 50
	request.timeout.ms = 5000
	retries = 2147483647
	retry.backoff.max.ms = 1000
	retry.backoff.ms = 100
	sasl.client.callback.handler.class = null
	sasl.jaas.config = null
	sasl.kerberos.kinit.cmd = /usr/bin/kinit
	sasl.kerberos.min.time.before.relogin = 60000
	sasl.kerberos.service.name = null
	sasl.kerberos.ticket.renew.jitter = 0.05
	sasl.kerberos.ticket.renew.window.factor = 0.8
	sasl.login.callback.handler.class = null
	sasl.login.class = null
	sasl.login.connect.timeout.ms = null
	sasl.login.read.timeout.ms = null
	sasl.login.refresh.buffer.seconds = 300
	sasl.login.refresh.min.period.seconds = 60
	sasl.login.refresh.window.factor = 0.8
	sasl.login.refresh.window.jitter = 0.05
	sasl.login.retry.backoff.max.ms = 10000
	sasl.login.retry.backoff.ms = 100
	sasl.mechanism = GSSAPI
	sasl.oauthbearer.clock.skew.seconds = 30
	sasl.oauthbearer.expected.audience = null
	sasl.oauthbearer.expected.issuer = null
	sasl.oauthbearer.header.urlencode = false
	sasl.oauthbearer.jwks.endpoint.refresh.ms = 3600000
	sasl.oauthbearer.jwks.endpoint.retry.backoff.max.ms = 10000
	sasl.oauthbearer.jwks.endpoint.retry.backoff.ms = 100
	sasl.oauthbearer.jwks.endpoint.url = null
	sasl.oauthbearer.scope.claim.name = scope
	sasl.oauthbearer.sub.claim.name = sub
	sasl.oauthbearer.token.endpoint.url = null
	security.protocol = PLAINTEXT
	security.providers = null
	send.buffer.bytes = 131072
	socket.connection.setup.timeout.max.ms = 30000
	socket.connection.setup.timeout.ms = 10000
	ssl.cipher.suites = null
	ssl.enabled.protocols = [TLSv1.2, TLSv1.3]
	ssl.endpoint.identification.algorithm = https
	ssl.engine.factory.class = null
	ssl.key.password = null
	ssl.keymanager.algorithm = SunX509
	ssl.keystore.certificate.chain = null
	ssl.keystore.key = null
	ssl.keystore.location = null
	ssl.keystore.password = null
	ssl.keystore.type = JKS
	ssl.protocol = TLSv1.3
	ssl.provider = null
	ssl.secure.random.implementation = null
	ssl.trustmanager.algorithm = PKIX
	ssl.truststore.certificates = null
	ssl.truststore.location = null
	ssl.truststore.password = null
	ssl.truststore.type = JKS

2025-09-03 13:23:31,474 INFO  [org.apa.kaf.com.uti.AppInfoParser] (main) Kafka version: 3.9.1
2025-09-03 13:23:31,474 INFO  [org.apa.kaf.com.uti.AppInfoParser] (main) Kafka commitId: f745dfdcee2b9851
2025-09-03 13:23:31,474 INFO  [org.apa.kaf.com.uti.AppInfoParser] (main) Kafka startTimeMs: 1756905811474
2025-09-03 13:23:32,845 INFO  [io.api.tes.uti.TestSeparator] (main) io.apicurio.tests.serdes.apicurio.ProtobufSerdeIT.testSimpleTopicIdStrategyFindLatest-FINISHED
2025-09-03 13:23:32,846 INFO  [io.api.tes.uti.TestSeparator] (main) ############################################################################
Test passed: testSimpleTopicIdStrategyFindLatest
]]></system-out>
  </testcase>
  <testcase name="testFindLatestDeriveClassProtobufTypeTopicIdStrategy" classname="io.apicurio.tests.serdes.apicurio.ProtobufSerdeIT" time="1.034">
    <system-out><![CDATA[2025-09-03 13:23:32,846 INFO  [io.api.tes.uti.TestSeparator] (main) ############################################################################
2025-09-03 13:23:32,847 INFO  [io.api.tes.uti.TestSeparator] (main) io.apicurio.tests.serdes.apicurio.ProtobufSerdeIT.testFindLatestDeriveClassProtobufTypeTopicIdStrategy-STARTED
2025-09-03 13:23:33,880 INFO  [io.api.tes.uti.TestSeparator] (main) io.apicurio.tests.serdes.apicurio.ProtobufSerdeIT.testFindLatestDeriveClassProtobufTypeTopicIdStrategy-FINISHED
2025-09-03 13:23:33,880 INFO  [io.api.tes.uti.TestSeparator] (main) ############################################################################
Test passed: testFindLatestDeriveClassProtobufTypeTopicIdStrategy
]]></system-out>
  </testcase>
  <testcase name="testWrongSchema" classname="io.apicurio.tests.serdes.apicurio.ProtobufSerdeIT" time="1.04">
    <system-out><![CDATA[2025-09-03 13:23:33,881 INFO  [io.api.tes.uti.TestSeparator] (main) ############################################################################
2025-09-03 13:23:33,881 INFO  [io.api.tes.uti.TestSeparator] (main) io.apicurio.tests.serdes.apicurio.ProtobufSerdeIT.testWrongSchema-STARTED
2025-09-03 13:23:34,920 INFO  [io.api.tes.uti.TestSeparator] (main) io.apicurio.tests.serdes.apicurio.ProtobufSerdeIT.testWrongSchema-FINISHED
2025-09-03 13:23:34,920 INFO  [io.api.tes.uti.TestSeparator] (main) ############################################################################
Test passed: testWrongSchema
]]></system-out>
  </testcase>
  <testcase name="testTopicIdStrategyAutoRegister" classname="io.apicurio.tests.serdes.apicurio.ProtobufSerdeIT" time="4.114">
    <system-out><![CDATA[2025-09-03 13:23:34,921 INFO  [io.api.tes.uti.TestSeparator] (main) ############################################################################
2025-09-03 13:23:34,921 INFO  [io.api.tes.uti.TestSeparator] (main) io.apicurio.tests.serdes.apicurio.ProtobufSerdeIT.testTopicIdStrategyAutoRegister-STARTED
**** Registry Base URL: http://registry-app-pg17.apps.ci419.apicurio-testing.org:80
2025-09-03 13:23:34,923 INFO  [org.apa.kaf.cli.pro.ProducerConfig] (main) ProducerConfig values: 
	acks = -1
	auto.include.jmx.reporter = true
	batch.size = 16384
	bootstrap.servers = [PLAINTEXT://localhost:32769]
	buffer.memory = 33554432
	client.dns.lookup = use_all_dns_ips
	client.id = Producer-topic-c34fa50f_850c_4a91_8383_bb4515568bbb
	compression.gzip.level = -1
	compression.lz4.level = 9
	compression.type = none
	compression.zstd.level = 3
	connections.max.idle.ms = 10000
	delivery.timeout.ms = 120000
	enable.idempotence = true
	enable.metrics.push = true
	interceptor.classes = []
	key.serializer = class org.apache.kafka.common.serialization.StringSerializer
	linger.ms = 0
	max.block.ms = 60000
	max.in.flight.requests.per.connection = 5
	max.request.size = 1048576
	metadata.max.age.ms = 300000
	metadata.max.idle.ms = 300000
	metadata.recovery.strategy = none
	metric.reporters = []
	metrics.num.samples = 2
	metrics.recording.level = INFO
	metrics.sample.window.ms = 30000
	partitioner.adaptive.partitioning.enable = true
	partitioner.availability.timeout.ms = 0
	partitioner.class = null
	partitioner.ignore.keys = false
	receive.buffer.bytes = 32768
	reconnect.backoff.max.ms = 1000
	reconnect.backoff.ms = 50
	request.timeout.ms = 5000
	retries = 2147483647
	retry.backoff.max.ms = 1000
	retry.backoff.ms = 100
	sasl.client.callback.handler.class = null
	sasl.jaas.config = null
	sasl.kerberos.kinit.cmd = /usr/bin/kinit
	sasl.kerberos.min.time.before.relogin = 60000
	sasl.kerberos.service.name = null
	sasl.kerberos.ticket.renew.jitter = 0.05
	sasl.kerberos.ticket.renew.window.factor = 0.8
	sasl.login.callback.handler.class = null
	sasl.login.class = null
	sasl.login.connect.timeout.ms = null
	sasl.login.read.timeout.ms = null
	sasl.login.refresh.buffer.seconds = 300
	sasl.login.refresh.min.period.seconds = 60
	sasl.login.refresh.window.factor = 0.8
	sasl.login.refresh.window.jitter = 0.05
	sasl.login.retry.backoff.max.ms = 10000
	sasl.login.retry.backoff.ms = 100
	sasl.mechanism = GSSAPI
	sasl.oauthbearer.clock.skew.seconds = 30
	sasl.oauthbearer.expected.audience = null
	sasl.oauthbearer.expected.issuer = null
	sasl.oauthbearer.header.urlencode = false
	sasl.oauthbearer.jwks.endpoint.refresh.ms = 3600000
	sasl.oauthbearer.jwks.endpoint.retry.backoff.max.ms = 10000
	sasl.oauthbearer.jwks.endpoint.retry.backoff.ms = 100
	sasl.oauthbearer.jwks.endpoint.url = null
	sasl.oauthbearer.scope.claim.name = scope
	sasl.oauthbearer.sub.claim.name = sub
	sasl.oauthbearer.token.endpoint.url = null
	security.protocol = PLAINTEXT
	security.providers = null
	send.buffer.bytes = 131072
	socket.connection.setup.timeout.max.ms = 30000
	socket.connection.setup.timeout.ms = 10000
	ssl.cipher.suites = null
	ssl.enabled.protocols = [TLSv1.2, TLSv1.3]
	ssl.endpoint.identification.algorithm = https
	ssl.engine.factory.class = null
	ssl.key.password = null
	ssl.keymanager.algorithm = SunX509
	ssl.keystore.certificate.chain = null
	ssl.keystore.key = null
	ssl.keystore.location = null
	ssl.keystore.password = null
	ssl.keystore.type = JKS
	ssl.protocol = TLSv1.3
	ssl.provider = null
	ssl.secure.random.implementation = null
	ssl.trustmanager.algorithm = PKIX
	ssl.truststore.certificates = null
	ssl.truststore.location = null
	ssl.truststore.password = null
	ssl.truststore.type = JKS
	transaction.timeout.ms = 60000
	transactional.id = null
	value.serializer = class io.apicurio.registry.serde.protobuf.ProtobufKafkaSerializer

2025-09-03 13:23:34,923 INFO  [org.apa.kaf.com.tel.int.KafkaMetricsCollector] (main) initializing Kafka metrics collector
2025-09-03 13:23:34,927 INFO  [org.apa.kaf.cli.pro.KafkaProducer] (main) [Producer clientId=Producer-topic-c34fa50f_850c_4a91_8383_bb4515568bbb] Instantiated an idempotent producer.
2025-09-03 13:23:34,928 INFO  [org.apa.kaf.cli.pro.ProducerConfig] (main) These configurations '[apicurio.registry.url, apicurio.registry.headers.enabled, apicurio.registry.auto-register, apicurio.registry.artifact-resolver-strategy]' were supplied but are not used yet.
2025-09-03 13:23:34,928 INFO  [org.apa.kaf.com.uti.AppInfoParser] (main) Kafka version: 3.9.1
2025-09-03 13:23:34,928 INFO  [org.apa.kaf.com.uti.AppInfoParser] (main) Kafka commitId: f745dfdcee2b9851
2025-09-03 13:23:34,928 INFO  [org.apa.kaf.com.uti.AppInfoParser] (main) Kafka startTimeMs: 1756905814928
2025-09-03 13:23:34,928 INFO  [io.api.tes.ser.api.SimpleSerdesTesterBuilder$SimpleSerdesTester] (main) Using producer configuration: {apicurio.registry.url=http://registry-app-pg17.apps.ci419.apicurio-testing.org:80/apis/registry/v3, apicurio.registry.headers.enabled=true, apicurio.registry.auto-register=true, apicurio.registry.artifact-resolver-strategy=io.apicurio.registry.serde.strategy.TopicIdStrategy, value.serializer=io.apicurio.registry.serde.protobuf.ProtobufKafkaSerializer, request.timeout.ms=5000, acks=all, bootstrap.servers=PLAINTEXT://localhost:32769, connections.max.idle.ms=10000, key.serializer=org.apache.kafka.common.serialization.StringSerializer, client.id=Producer-topic-c34fa50f_850c_4a91_8383_bb4515568bbb}
2025-09-03 13:23:34,929 INFO  [io.api.tes.ser.api.SimpleSerdesTesterBuilder$SimpleSerdesTester] (main) Using consumer configuration: {apicurio.registry.headers.enabled=true}
2025-09-03 13:23:34,931 INFO  [org.apa.kaf.cli.Metadata] (kafka-producer-network-thread | Producer-topic-c34fa50f_850c_4a91_8383_bb4515568bbb) [Producer clientId=Producer-topic-c34fa50f_850c_4a91_8383_bb4515568bbb] Cluster ID: Vad1sk8gS_OCqo1-tuet0Q
2025-09-03 13:23:34,931 INFO  [org.apa.kaf.cli.pro.int.TransactionManager] (kafka-producer-network-thread | Producer-topic-c34fa50f_850c_4a91_8383_bb4515568bbb) [Producer clientId=Producer-topic-c34fa50f_850c_4a91_8383_bb4515568bbb] ProducerId set to 32 with epoch 0
2025-09-03 13:23:35,036 INFO  [io.api.tes.ser.api.KafkaSerdesTester] (ForkJoinPool.commonPool-worker-3) Sending message header {
  time {
  }
}
d1: 1.756905814929E12
s1: "a"
i1: 123
bi1: 1
point {
  longitude: 22.0
  latitude: 22.0
  altitude: 1.0
}
 to topic topic-c34fa50f_850c_4a91_8383_bb4515568bbb
2025-09-03 13:23:35,184 INFO  [io.api.tes.ser.api.KafkaSerdesTester] (ForkJoinPool.commonPool-worker-3) Sending message header {
  time {
  }
}
d1: 1.756905815183E12
s1: "a"
i1: 123
bi1: 1
point {
  longitude: 22.0
  latitude: 22.0
  altitude: 1.0
}
 to topic topic-c34fa50f_850c_4a91_8383_bb4515568bbb
2025-09-03 13:23:35,204 INFO  [io.api.tes.ser.api.KafkaSerdesTester] (ForkJoinPool.commonPool-worker-3) Sending message header {
  time {
  }
}
d1: 1.756905815204E12
s1: "a"
i1: 123
bi1: 1
point {
  longitude: 22.0
  latitude: 22.0
  altitude: 1.0
}
 to topic topic-c34fa50f_850c_4a91_8383_bb4515568bbb
2025-09-03 13:23:35,225 INFO  [io.api.tes.ser.api.KafkaSerdesTester] (ForkJoinPool.commonPool-worker-3) Sending message header {
  time {
  }
}
d1: 1.756905815225E12
s1: "a"
i1: 123
bi1: 1
point {
  longitude: 22.0
  latitude: 22.0
  altitude: 1.0
}
 to topic topic-c34fa50f_850c_4a91_8383_bb4515568bbb
2025-09-03 13:23:35,251 INFO  [io.api.tes.ser.api.KafkaSerdesTester] (ForkJoinPool.commonPool-worker-3) Sending message header {
  time {
  }
}
d1: 1.756905815251E12
s1: "a"
i1: 123
bi1: 1
point {
  longitude: 22.0
  latitude: 22.0
  altitude: 1.0
}
 to topic topic-c34fa50f_850c_4a91_8383_bb4515568bbb
2025-09-03 13:23:35,281 INFO  [io.api.tes.ser.api.KafkaSerdesTester] (ForkJoinPool.commonPool-worker-3) Sending message header {
  time {
  }
}
d1: 1.75690581528E12
s1: "a"
i1: 123
bi1: 1
point {
  longitude: 22.0
  latitude: 22.0
  altitude: 1.0
}
 to topic topic-c34fa50f_850c_4a91_8383_bb4515568bbb
2025-09-03 13:23:35,299 INFO  [io.api.tes.ser.api.KafkaSerdesTester] (ForkJoinPool.commonPool-worker-3) Sending message header {
  time {
  }
}
d1: 1.756905815299E12
s1: "a"
i1: 123
bi1: 1
point {
  longitude: 22.0
  latitude: 22.0
  altitude: 1.0
}
 to topic topic-c34fa50f_850c_4a91_8383_bb4515568bbb
2025-09-03 13:23:35,320 INFO  [io.api.tes.ser.api.KafkaSerdesTester] (ForkJoinPool.commonPool-worker-3) Sending message header {
  time {
  }
}
d1: 1.756905815319E12
s1: "a"
i1: 123
bi1: 1
point {
  longitude: 22.0
  latitude: 22.0
  altitude: 1.0
}
 to topic topic-c34fa50f_850c_4a91_8383_bb4515568bbb
2025-09-03 13:23:35,341 INFO  [io.api.tes.ser.api.KafkaSerdesTester] (ForkJoinPool.commonPool-worker-3) Sending message header {
  time {
  }
}
d1: 1.75690581534E12
s1: "a"
i1: 123
bi1: 1
point {
  longitude: 22.0
  latitude: 22.0
  altitude: 1.0
}
 to topic topic-c34fa50f_850c_4a91_8383_bb4515568bbb
2025-09-03 13:23:35,360 INFO  [io.api.tes.ser.api.KafkaSerdesTester] (ForkJoinPool.commonPool-worker-3) Sending message header {
  time {
  }
}
d1: 1.756905815359E12
s1: "a"
i1: 123
bi1: 1
point {
  longitude: 22.0
  latitude: 22.0
  altitude: 1.0
}
 to topic topic-c34fa50f_850c_4a91_8383_bb4515568bbb
2025-09-03 13:23:35,378 INFO  [io.api.tes.ser.api.KafkaSerdesTester] (ForkJoinPool.commonPool-worker-3) Produced 10 messages
2025-09-03 13:23:35,378 INFO  [org.apa.kaf.cli.pro.KafkaProducer] (ForkJoinPool.commonPool-worker-3) [Producer clientId=Producer-topic-c34fa50f_850c_4a91_8383_bb4515568bbb] Closing the Kafka producer with timeoutMillis = 9223372036854775807 ms.
2025-09-03 13:23:35,379 INFO  [org.apa.kaf.com.met.Metrics] (ForkJoinPool.commonPool-worker-3) Metrics scheduler closed
2025-09-03 13:23:35,379 INFO  [org.apa.kaf.com.met.Metrics] (ForkJoinPool.commonPool-worker-3) Closing reporter org.apache.kafka.common.metrics.JmxReporter
2025-09-03 13:23:35,379 INFO  [org.apa.kaf.com.met.Metrics] (ForkJoinPool.commonPool-worker-3) Closing reporter org.apache.kafka.common.telemetry.internals.ClientTelemetryReporter
2025-09-03 13:23:35,379 INFO  [org.apa.kaf.com.met.Metrics] (ForkJoinPool.commonPool-worker-3) Metrics reporters closed
2025-09-03 13:23:35,380 INFO  [org.apa.kaf.com.uti.AppInfoParser] (ForkJoinPool.commonPool-worker-3) App info kafka.producer for Producer-topic-c34fa50f_850c_4a91_8383_bb4515568bbb unregistered
**** Registry Base URL: http://registry-app-pg17.apps.ci419.apicurio-testing.org:80
2025-09-03 13:23:35,405 INFO  [org.apa.kaf.cli.con.ConsumerConfig] (main) ConsumerConfig values: 
	allow.auto.create.topics = true
	auto.commit.interval.ms = 500
	auto.include.jmx.reporter = true
	auto.offset.reset = earliest
	bootstrap.servers = [PLAINTEXT://localhost:32769]
	check.crcs = true
	client.dns.lookup = use_all_dns_ips
	client.id = consumer-Consumer-topic-c34fa50f_850c_4a91_8383_bb4515568bbb-23
	client.rack = 
	connections.max.idle.ms = 10000
	default.api.timeout.ms = 60000
	enable.auto.commit = true
	enable.metrics.push = true
	exclude.internal.topics = true
	fetch.max.bytes = 52428800
	fetch.max.wait.ms = 500
	fetch.min.bytes = 1
	group.id = Consumer-topic-c34fa50f_850c_4a91_8383_bb4515568bbb
	group.instance.id = null
	group.protocol = classic
	group.remote.assignor = null
	heartbeat.interval.ms = 3000
	interceptor.classes = []
	internal.leave.group.on.close = true
	internal.throw.on.fetch.stable.offset.unsupported = false
	isolation.level = read_uncommitted
	key.deserializer = class org.apache.kafka.common.serialization.StringDeserializer
	max.partition.fetch.bytes = 1048576
	max.poll.interval.ms = 300000
	max.poll.records = 500
	metadata.max.age.ms = 300000
	metadata.recovery.strategy = none
	metric.reporters = []
	metrics.num.samples = 2
	metrics.recording.level = INFO
	metrics.sample.window.ms = 30000
	partition.assignment.strategy = [class org.apache.kafka.clients.consumer.RangeAssignor, class org.apache.kafka.clients.consumer.CooperativeStickyAssignor]
	receive.buffer.bytes = 65536
	reconnect.backoff.max.ms = 1000
	reconnect.backoff.ms = 50
	request.timeout.ms = 5000
	retry.backoff.max.ms = 1000
	retry.backoff.ms = 100
	sasl.client.callback.handler.class = null
	sasl.jaas.config = null
	sasl.kerberos.kinit.cmd = /usr/bin/kinit
	sasl.kerberos.min.time.before.relogin = 60000
	sasl.kerberos.service.name = null
	sasl.kerberos.ticket.renew.jitter = 0.05
	sasl.kerberos.ticket.renew.window.factor = 0.8
	sasl.login.callback.handler.class = null
	sasl.login.class = null
	sasl.login.connect.timeout.ms = null
	sasl.login.read.timeout.ms = null
	sasl.login.refresh.buffer.seconds = 300
	sasl.login.refresh.min.period.seconds = 60
	sasl.login.refresh.window.factor = 0.8
	sasl.login.refresh.window.jitter = 0.05
	sasl.login.retry.backoff.max.ms = 10000
	sasl.login.retry.backoff.ms = 100
	sasl.mechanism = GSSAPI
	sasl.oauthbearer.clock.skew.seconds = 30
	sasl.oauthbearer.expected.audience = null
	sasl.oauthbearer.expected.issuer = null
	sasl.oauthbearer.header.urlencode = false
	sasl.oauthbearer.jwks.endpoint.refresh.ms = 3600000
	sasl.oauthbearer.jwks.endpoint.retry.backoff.max.ms = 10000
	sasl.oauthbearer.jwks.endpoint.retry.backoff.ms = 100
	sasl.oauthbearer.jwks.endpoint.url = null
	sasl.oauthbearer.scope.claim.name = scope
	sasl.oauthbearer.sub.claim.name = sub
	sasl.oauthbearer.token.endpoint.url = null
	security.protocol = PLAINTEXT
	security.providers = null
	send.buffer.bytes = 131072
	session.timeout.ms = 45000
	socket.connection.setup.timeout.max.ms = 30000
	socket.connection.setup.timeout.ms = 10000
	ssl.cipher.suites = null
	ssl.enabled.protocols = [TLSv1.2, TLSv1.3]
	ssl.endpoint.identification.algorithm = https
	ssl.engine.factory.class = null
	ssl.key.password = null
	ssl.keymanager.algorithm = SunX509
	ssl.keystore.certificate.chain = null
	ssl.keystore.key = null
	ssl.keystore.location = null
	ssl.keystore.password = null
	ssl.keystore.type = JKS
	ssl.protocol = TLSv1.3
	ssl.provider = null
	ssl.secure.random.implementation = null
	ssl.trustmanager.algorithm = PKIX
	ssl.truststore.certificates = null
	ssl.truststore.location = null
	ssl.truststore.password = null
	ssl.truststore.type = JKS
	value.deserializer = class io.apicurio.registry.serde.protobuf.ProtobufKafkaDeserializer

2025-09-03 13:23:35,405 INFO  [org.apa.kaf.com.tel.int.KafkaMetricsCollector] (main) initializing Kafka metrics collector
2025-09-03 13:23:35,409 INFO  [org.apa.kaf.cli.con.ConsumerConfig] (main) These configurations '[apicurio.registry.url, apicurio.registry.headers.enabled]' were supplied but are not used yet.
2025-09-03 13:23:35,409 INFO  [org.apa.kaf.com.uti.AppInfoParser] (main) Kafka version: 3.9.1
2025-09-03 13:23:35,409 INFO  [org.apa.kaf.com.uti.AppInfoParser] (main) Kafka commitId: f745dfdcee2b9851
2025-09-03 13:23:35,409 INFO  [org.apa.kaf.com.uti.AppInfoParser] (main) Kafka startTimeMs: 1756905815409
2025-09-03 13:23:35,409 INFO  [org.apa.kaf.cli.con.int.ClassicKafkaConsumer] (ForkJoinPool.commonPool-worker-3) [Consumer clientId=consumer-Consumer-topic-c34fa50f_850c_4a91_8383_bb4515568bbb-23, groupId=Consumer-topic-c34fa50f_850c_4a91_8383_bb4515568bbb] Subscribed to topic(s): topic-c34fa50f_850c_4a91_8383_bb4515568bbb
2025-09-03 13:23:35,411 INFO  [org.apa.kaf.cli.Metadata] (ForkJoinPool.commonPool-worker-3) [Consumer clientId=consumer-Consumer-topic-c34fa50f_850c_4a91_8383_bb4515568bbb-23, groupId=Consumer-topic-c34fa50f_850c_4a91_8383_bb4515568bbb] Cluster ID: Vad1sk8gS_OCqo1-tuet0Q
2025-09-03 13:23:35,411 INFO  [org.apa.kaf.cli.con.int.ConsumerCoordinator] (ForkJoinPool.commonPool-worker-3) [Consumer clientId=consumer-Consumer-topic-c34fa50f_850c_4a91_8383_bb4515568bbb-23, groupId=Consumer-topic-c34fa50f_850c_4a91_8383_bb4515568bbb] Discovered group coordinator localhost:32769 (id: 2147483647 rack: null)
2025-09-03 13:23:35,412 INFO  [org.apa.kaf.cli.con.int.ConsumerCoordinator] (ForkJoinPool.commonPool-worker-3) [Consumer clientId=consumer-Consumer-topic-c34fa50f_850c_4a91_8383_bb4515568bbb-23, groupId=Consumer-topic-c34fa50f_850c_4a91_8383_bb4515568bbb] (Re-)joining group
2025-09-03 13:23:35,413 INFO  [org.apa.kaf.cli.con.int.ConsumerCoordinator] (ForkJoinPool.commonPool-worker-3) [Consumer clientId=consumer-Consumer-topic-c34fa50f_850c_4a91_8383_bb4515568bbb-23, groupId=Consumer-topic-c34fa50f_850c_4a91_8383_bb4515568bbb] Request joining group due to: need to re-join with the given member-id: consumer-Consumer-topic-c34fa50f_850c_4a91_8383_bb4515568bbb-23-bd5c2a52-980f-4fe4-975b-28fb5d30a4ae
2025-09-03 13:23:35,413 INFO  [org.apa.kaf.cli.con.int.ConsumerCoordinator] (ForkJoinPool.commonPool-worker-3) [Consumer clientId=consumer-Consumer-topic-c34fa50f_850c_4a91_8383_bb4515568bbb-23, groupId=Consumer-topic-c34fa50f_850c_4a91_8383_bb4515568bbb] (Re-)joining group
2025-09-03 13:23:36,409 INFO  [io.api.tes.ser.api.KafkaSerdesTester] (ForkJoinPool.commonPool-worker-3) None found
2025-09-03 13:23:37,409 INFO  [io.api.tes.ser.api.KafkaSerdesTester] (ForkJoinPool.commonPool-worker-3) None found
2025-09-03 13:23:38,409 INFO  [io.api.tes.ser.api.KafkaSerdesTester] (ForkJoinPool.commonPool-worker-3) None found
2025-09-03 13:23:38,414 INFO  [org.apa.kaf.cli.con.int.ConsumerCoordinator] (ForkJoinPool.commonPool-worker-3) [Consumer clientId=consumer-Consumer-topic-c34fa50f_850c_4a91_8383_bb4515568bbb-23, groupId=Consumer-topic-c34fa50f_850c_4a91_8383_bb4515568bbb] Successfully joined group with generation Generation{generationId=1, memberId='consumer-Consumer-topic-c34fa50f_850c_4a91_8383_bb4515568bbb-23-bd5c2a52-980f-4fe4-975b-28fb5d30a4ae', protocol='range'}
2025-09-03 13:23:38,415 INFO  [org.apa.kaf.cli.con.int.ConsumerCoordinator] (ForkJoinPool.commonPool-worker-3) [Consumer clientId=consumer-Consumer-topic-c34fa50f_850c_4a91_8383_bb4515568bbb-23, groupId=Consumer-topic-c34fa50f_850c_4a91_8383_bb4515568bbb] Finished assignment for group at generation 1: {consumer-Consumer-topic-c34fa50f_850c_4a91_8383_bb4515568bbb-23-bd5c2a52-980f-4fe4-975b-28fb5d30a4ae=Assignment(partitions=[topic-c34fa50f_850c_4a91_8383_bb4515568bbb-0])}
2025-09-03 13:23:38,421 INFO  [org.apa.kaf.cli.con.int.ConsumerCoordinator] (ForkJoinPool.commonPool-worker-3) [Consumer clientId=consumer-Consumer-topic-c34fa50f_850c_4a91_8383_bb4515568bbb-23, groupId=Consumer-topic-c34fa50f_850c_4a91_8383_bb4515568bbb] Successfully synced group in generation Generation{generationId=1, memberId='consumer-Consumer-topic-c34fa50f_850c_4a91_8383_bb4515568bbb-23-bd5c2a52-980f-4fe4-975b-28fb5d30a4ae', protocol='range'}
2025-09-03 13:23:38,421 INFO  [org.apa.kaf.cli.con.int.ConsumerCoordinator] (ForkJoinPool.commonPool-worker-3) [Consumer clientId=consumer-Consumer-topic-c34fa50f_850c_4a91_8383_bb4515568bbb-23, groupId=Consumer-topic-c34fa50f_850c_4a91_8383_bb4515568bbb] Notifying assignor about the new Assignment(partitions=[topic-c34fa50f_850c_4a91_8383_bb4515568bbb-0])
2025-09-03 13:23:38,421 INFO  [org.apa.kaf.cli.con.int.ConsumerRebalanceListenerInvoker] (ForkJoinPool.commonPool-worker-3) [Consumer clientId=consumer-Consumer-topic-c34fa50f_850c_4a91_8383_bb4515568bbb-23, groupId=Consumer-topic-c34fa50f_850c_4a91_8383_bb4515568bbb] Adding newly assigned partitions: topic-c34fa50f_850c_4a91_8383_bb4515568bbb-0
2025-09-03 13:23:38,422 INFO  [org.apa.kaf.cli.con.int.ConsumerCoordinator] (ForkJoinPool.commonPool-worker-3) [Consumer clientId=consumer-Consumer-topic-c34fa50f_850c_4a91_8383_bb4515568bbb-23, groupId=Consumer-topic-c34fa50f_850c_4a91_8383_bb4515568bbb] Found no committed offset for partition topic-c34fa50f_850c_4a91_8383_bb4515568bbb-0
2025-09-03 13:23:38,425 INFO  [org.apa.kaf.cli.con.int.SubscriptionState] (ForkJoinPool.commonPool-worker-3) [Consumer clientId=consumer-Consumer-topic-c34fa50f_850c_4a91_8383_bb4515568bbb-23, groupId=Consumer-topic-c34fa50f_850c_4a91_8383_bb4515568bbb] Resetting offset for partition topic-c34fa50f_850c_4a91_8383_bb4515568bbb-0 to position FetchPosition{offset=0, offsetEpoch=Optional.empty, currentLeader=LeaderAndEpoch{leader=Optional[localhost:32769 (id: 0 rack: null)], epoch=0}}.
2025-09-03 13:23:38,515 INFO  [io.api.tes.ser.api.KafkaSerdesTester] (ForkJoinPool.commonPool-worker-3) topic-c34fa50f_850c_4a91_8383_bb4515568bbb 0 0 header {
  time {
  }
}
d1: 1.756905814929E12
s1: "a"
i1: 123
bi1: 1
point {
  longitude: 22.0
  latitude: 22.0
  altitude: 1.0
}

2025-09-03 13:23:38,515 INFO  [io.api.tes.ser.api.KafkaSerdesTester] (ForkJoinPool.commonPool-worker-3) topic-c34fa50f_850c_4a91_8383_bb4515568bbb 0 1 header {
  time {
  }
}
d1: 1.756905815183E12
s1: "a"
i1: 123
bi1: 1
point {
  longitude: 22.0
  latitude: 22.0
  altitude: 1.0
}

2025-09-03 13:23:38,515 INFO  [io.api.tes.ser.api.KafkaSerdesTester] (ForkJoinPool.commonPool-worker-3) topic-c34fa50f_850c_4a91_8383_bb4515568bbb 0 2 header {
  time {
  }
}
d1: 1.756905815204E12
s1: "a"
i1: 123
bi1: 1
point {
  longitude: 22.0
  latitude: 22.0
  altitude: 1.0
}

2025-09-03 13:23:38,516 INFO  [io.api.tes.ser.api.KafkaSerdesTester] (ForkJoinPool.commonPool-worker-3) topic-c34fa50f_850c_4a91_8383_bb4515568bbb 0 3 header {
  time {
  }
}
d1: 1.756905815225E12
s1: "a"
i1: 123
bi1: 1
point {
  longitude: 22.0
  latitude: 22.0
  altitude: 1.0
}

2025-09-03 13:23:38,516 INFO  [io.api.tes.ser.api.KafkaSerdesTester] (ForkJoinPool.commonPool-worker-3) topic-c34fa50f_850c_4a91_8383_bb4515568bbb 0 4 header {
  time {
  }
}
d1: 1.756905815251E12
s1: "a"
i1: 123
bi1: 1
point {
  longitude: 22.0
  latitude: 22.0
  altitude: 1.0
}

2025-09-03 13:23:38,518 INFO  [io.api.tes.ser.api.KafkaSerdesTester] (ForkJoinPool.commonPool-worker-3) topic-c34fa50f_850c_4a91_8383_bb4515568bbb 0 5 header {
  time {
  }
}
d1: 1.75690581528E12
s1: "a"
i1: 123
bi1: 1
point {
  longitude: 22.0
  latitude: 22.0
  altitude: 1.0
}

2025-09-03 13:23:38,518 INFO  [io.api.tes.ser.api.KafkaSerdesTester] (ForkJoinPool.commonPool-worker-3) topic-c34fa50f_850c_4a91_8383_bb4515568bbb 0 6 header {
  time {
  }
}
d1: 1.756905815299E12
s1: "a"
i1: 123
bi1: 1
point {
  longitude: 22.0
  latitude: 22.0
  altitude: 1.0
}

2025-09-03 13:23:38,518 INFO  [io.api.tes.ser.api.KafkaSerdesTester] (ForkJoinPool.commonPool-worker-3) topic-c34fa50f_850c_4a91_8383_bb4515568bbb 0 7 header {
  time {
  }
}
d1: 1.756905815319E12
s1: "a"
i1: 123
bi1: 1
point {
  longitude: 22.0
  latitude: 22.0
  altitude: 1.0
}

2025-09-03 13:23:38,519 INFO  [io.api.tes.ser.api.KafkaSerdesTester] (ForkJoinPool.commonPool-worker-3) topic-c34fa50f_850c_4a91_8383_bb4515568bbb 0 8 header {
  time {
  }
}
d1: 1.75690581534E12
s1: "a"
i1: 123
bi1: 1
point {
  longitude: 22.0
  latitude: 22.0
  altitude: 1.0
}

2025-09-03 13:23:38,519 INFO  [io.api.tes.ser.api.KafkaSerdesTester] (ForkJoinPool.commonPool-worker-3) topic-c34fa50f_850c_4a91_8383_bb4515568bbb 0 9 header {
  time {
  }
}
d1: 1.756905815359E12
s1: "a"
i1: 123
bi1: 1
point {
  longitude: 22.0
  latitude: 22.0
  altitude: 1.0
}

2025-09-03 13:23:38,519 INFO  [io.api.tes.ser.api.KafkaSerdesTester] (ForkJoinPool.commonPool-worker-3) Consumed 10 messages
2025-09-03 13:23:38,526 INFO  [org.apa.kaf.cli.con.int.ConsumerRebalanceListenerInvoker] (ForkJoinPool.commonPool-worker-3) [Consumer clientId=consumer-Consumer-topic-c34fa50f_850c_4a91_8383_bb4515568bbb-23, groupId=Consumer-topic-c34fa50f_850c_4a91_8383_bb4515568bbb] Revoke previously assigned partitions topic-c34fa50f_850c_4a91_8383_bb4515568bbb-0
2025-09-03 13:23:38,526 INFO  [org.apa.kaf.cli.con.int.ConsumerCoordinator] (ForkJoinPool.commonPool-worker-3) [Consumer clientId=consumer-Consumer-topic-c34fa50f_850c_4a91_8383_bb4515568bbb-23, groupId=Consumer-topic-c34fa50f_850c_4a91_8383_bb4515568bbb] Member consumer-Consumer-topic-c34fa50f_850c_4a91_8383_bb4515568bbb-23-bd5c2a52-980f-4fe4-975b-28fb5d30a4ae sending LeaveGroup request to coordinator localhost:32769 (id: 2147483647 rack: null) due to the consumer is being closed
2025-09-03 13:23:38,526 INFO  [org.apa.kaf.cli.con.int.ConsumerCoordinator] (ForkJoinPool.commonPool-worker-3) [Consumer clientId=consumer-Consumer-topic-c34fa50f_850c_4a91_8383_bb4515568bbb-23, groupId=Consumer-topic-c34fa50f_850c_4a91_8383_bb4515568bbb] Resetting generation and member id due to: consumer pro-actively leaving the group
2025-09-03 13:23:38,526 INFO  [org.apa.kaf.cli.con.int.ConsumerCoordinator] (ForkJoinPool.commonPool-worker-3) [Consumer clientId=consumer-Consumer-topic-c34fa50f_850c_4a91_8383_bb4515568bbb-23, groupId=Consumer-topic-c34fa50f_850c_4a91_8383_bb4515568bbb] Request joining group due to: consumer pro-actively leaving the group
2025-09-03 13:23:39,016 INFO  [org.apa.kaf.com.met.Metrics] (ForkJoinPool.commonPool-worker-3) Metrics scheduler closed
2025-09-03 13:23:39,016 INFO  [org.apa.kaf.com.met.Metrics] (ForkJoinPool.commonPool-worker-3) Closing reporter org.apache.kafka.common.metrics.JmxReporter
2025-09-03 13:23:39,017 INFO  [org.apa.kaf.com.met.Metrics] (ForkJoinPool.commonPool-worker-3) Closing reporter org.apache.kafka.common.telemetry.internals.ClientTelemetryReporter
2025-09-03 13:23:39,017 INFO  [org.apa.kaf.com.met.Metrics] (ForkJoinPool.commonPool-worker-3) Metrics reporters closed
2025-09-03 13:23:39,018 INFO  [org.apa.kaf.com.uti.AppInfoParser] (ForkJoinPool.commonPool-worker-3) App info kafka.consumer for consumer-Consumer-topic-c34fa50f_850c_4a91_8383_bb4515568bbb-23 unregistered
2025-09-03 13:23:39,034 INFO  [io.api.tes.uti.TestSeparator] (main) io.apicurio.tests.serdes.apicurio.ProtobufSerdeIT.testTopicIdStrategyAutoRegister-FINISHED
2025-09-03 13:23:39,034 INFO  [io.api.tes.uti.TestSeparator] (main) ############################################################################
Test passed: testTopicIdStrategyAutoRegister
]]></system-out>
  </testcase>
  <testcase name="testAutoRegisterAndUseBody" classname="io.apicurio.tests.serdes.apicurio.ProtobufSerdeIT" time="3.99">
    <system-out><![CDATA[2025-09-03 13:23:39,035 INFO  [io.api.tes.uti.TestSeparator] (main) ############################################################################
2025-09-03 13:23:39,035 INFO  [io.api.tes.uti.TestSeparator] (main) io.apicurio.tests.serdes.apicurio.ProtobufSerdeIT.testAutoRegisterAndUseBody-STARTED
**** Registry Base URL: http://registry-app-pg17.apps.ci419.apicurio-testing.org:80
2025-09-03 13:23:39,036 INFO  [org.apa.kaf.cli.pro.ProducerConfig] (main) ProducerConfig values: 
	acks = -1
	auto.include.jmx.reporter = true
	batch.size = 16384
	bootstrap.servers = [PLAINTEXT://localhost:32769]
	buffer.memory = 33554432
	client.dns.lookup = use_all_dns_ips
	client.id = Producer-topic-ab80fc37_8433_490c_a5b6_5bdf75280e82
	compression.gzip.level = -1
	compression.lz4.level = 9
	compression.type = none
	compression.zstd.level = 3
	connections.max.idle.ms = 10000
	delivery.timeout.ms = 120000
	enable.idempotence = true
	enable.metrics.push = true
	interceptor.classes = []
	key.serializer = class org.apache.kafka.common.serialization.StringSerializer
	linger.ms = 0
	max.block.ms = 60000
	max.in.flight.requests.per.connection = 5
	max.request.size = 1048576
	metadata.max.age.ms = 300000
	metadata.max.idle.ms = 300000
	metadata.recovery.strategy = none
	metric.reporters = []
	metrics.num.samples = 2
	metrics.recording.level = INFO
	metrics.sample.window.ms = 30000
	partitioner.adaptive.partitioning.enable = true
	partitioner.availability.timeout.ms = 0
	partitioner.class = null
	partitioner.ignore.keys = false
	receive.buffer.bytes = 32768
	reconnect.backoff.max.ms = 1000
	reconnect.backoff.ms = 50
	request.timeout.ms = 5000
	retries = 2147483647
	retry.backoff.max.ms = 1000
	retry.backoff.ms = 100
	sasl.client.callback.handler.class = null
	sasl.jaas.config = null
	sasl.kerberos.kinit.cmd = /usr/bin/kinit
	sasl.kerberos.min.time.before.relogin = 60000
	sasl.kerberos.service.name = null
	sasl.kerberos.ticket.renew.jitter = 0.05
	sasl.kerberos.ticket.renew.window.factor = 0.8
	sasl.login.callback.handler.class = null
	sasl.login.class = null
	sasl.login.connect.timeout.ms = null
	sasl.login.read.timeout.ms = null
	sasl.login.refresh.buffer.seconds = 300
	sasl.login.refresh.min.period.seconds = 60
	sasl.login.refresh.window.factor = 0.8
	sasl.login.refresh.window.jitter = 0.05
	sasl.login.retry.backoff.max.ms = 10000
	sasl.login.retry.backoff.ms = 100
	sasl.mechanism = GSSAPI
	sasl.oauthbearer.clock.skew.seconds = 30
	sasl.oauthbearer.expected.audience = null
	sasl.oauthbearer.expected.issuer = null
	sasl.oauthbearer.header.urlencode = false
	sasl.oauthbearer.jwks.endpoint.refresh.ms = 3600000
	sasl.oauthbearer.jwks.endpoint.retry.backoff.max.ms = 10000
	sasl.oauthbearer.jwks.endpoint.retry.backoff.ms = 100
	sasl.oauthbearer.jwks.endpoint.url = null
	sasl.oauthbearer.scope.claim.name = scope
	sasl.oauthbearer.sub.claim.name = sub
	sasl.oauthbearer.token.endpoint.url = null
	security.protocol = PLAINTEXT
	security.providers = null
	send.buffer.bytes = 131072
	socket.connection.setup.timeout.max.ms = 30000
	socket.connection.setup.timeout.ms = 10000
	ssl.cipher.suites = null
	ssl.enabled.protocols = [TLSv1.2, TLSv1.3]
	ssl.endpoint.identification.algorithm = https
	ssl.engine.factory.class = null
	ssl.key.password = null
	ssl.keymanager.algorithm = SunX509
	ssl.keystore.certificate.chain = null
	ssl.keystore.key = null
	ssl.keystore.location = null
	ssl.keystore.password = null
	ssl.keystore.type = JKS
	ssl.protocol = TLSv1.3
	ssl.provider = null
	ssl.secure.random.implementation = null
	ssl.trustmanager.algorithm = PKIX
	ssl.truststore.certificates = null
	ssl.truststore.location = null
	ssl.truststore.password = null
	ssl.truststore.type = JKS
	transaction.timeout.ms = 60000
	transactional.id = null
	value.serializer = class io.apicurio.registry.serde.protobuf.ProtobufKafkaSerializer

2025-09-03 13:23:39,036 INFO  [org.apa.kaf.com.tel.int.KafkaMetricsCollector] (main) initializing Kafka metrics collector
2025-09-03 13:23:39,039 INFO  [org.apa.kaf.cli.pro.KafkaProducer] (main) [Producer clientId=Producer-topic-ab80fc37_8433_490c_a5b6_5bdf75280e82] Instantiated an idempotent producer.
2025-09-03 13:23:39,040 INFO  [org.apa.kaf.cli.pro.ProducerConfig] (main) These configurations '[apicurio.registry.url, apicurio.registry.auto-register, apicurio.registry.artifact-resolver-strategy]' were supplied but are not used yet.
2025-09-03 13:23:39,040 INFO  [org.apa.kaf.com.uti.AppInfoParser] (main) Kafka version: 3.9.1
2025-09-03 13:23:39,040 INFO  [org.apa.kaf.com.uti.AppInfoParser] (main) Kafka commitId: f745dfdcee2b9851
2025-09-03 13:23:39,040 INFO  [org.apa.kaf.com.uti.AppInfoParser] (main) Kafka startTimeMs: 1756905819040
2025-09-03 13:23:39,040 INFO  [io.api.tes.ser.api.SimpleSerdesTesterBuilder$SimpleSerdesTester] (main) Using producer configuration: {apicurio.registry.url=http://registry-app-pg17.apps.ci419.apicurio-testing.org:80/apis/registry/v3, apicurio.registry.auto-register=true, apicurio.registry.artifact-resolver-strategy=io.apicurio.registry.serde.strategy.TopicIdStrategy, value.serializer=io.apicurio.registry.serde.protobuf.ProtobufKafkaSerializer, request.timeout.ms=5000, acks=all, bootstrap.servers=PLAINTEXT://localhost:32769, connections.max.idle.ms=10000, key.serializer=org.apache.kafka.common.serialization.StringSerializer, client.id=Producer-topic-ab80fc37_8433_490c_a5b6_5bdf75280e82}
2025-09-03 13:23:39,040 INFO  [io.api.tes.ser.api.SimpleSerdesTesterBuilder$SimpleSerdesTester] (main) Using consumer configuration: {apicurio.protobuf.derive.class=true}
2025-09-03 13:23:39,041 INFO  [io.api.tes.ser.api.KafkaSerdesTester] (ForkJoinPool.commonPool-worker-3) Sending message header {
  time {
  }
}
d1: 1.75690581904E12
s1: "a"
i1: 123
bi1: 1
point {
  longitude: 22.0
  latitude: 22.0
  altitude: 1.0
}
 to topic topic-ab80fc37_8433_490c_a5b6_5bdf75280e82
2025-09-03 13:23:39,042 WARN  [org.apa.kaf.cli.NetworkClient] (kafka-producer-network-thread | Producer-topic-ab80fc37_8433_490c_a5b6_5bdf75280e82) [Producer clientId=Producer-topic-ab80fc37_8433_490c_a5b6_5bdf75280e82] The metadata response from the cluster reported a recoverable issue with correlation id 1 : {topic-ab80fc37_8433_490c_a5b6_5bdf75280e82=UNKNOWN_TOPIC_OR_PARTITION}
2025-09-03 13:23:39,042 INFO  [org.apa.kaf.cli.Metadata] (kafka-producer-network-thread | Producer-topic-ab80fc37_8433_490c_a5b6_5bdf75280e82) [Producer clientId=Producer-topic-ab80fc37_8433_490c_a5b6_5bdf75280e82] Cluster ID: Vad1sk8gS_OCqo1-tuet0Q
2025-09-03 13:23:39,043 INFO  [org.apa.kaf.cli.pro.int.TransactionManager] (kafka-producer-network-thread | Producer-topic-ab80fc37_8433_490c_a5b6_5bdf75280e82) [Producer clientId=Producer-topic-ab80fc37_8433_490c_a5b6_5bdf75280e82] ProducerId set to 33 with epoch 0
2025-09-03 13:23:39,213 INFO  [io.api.tes.ser.api.KafkaSerdesTester] (ForkJoinPool.commonPool-worker-3) Sending message header {
  time {
  }
}
d1: 1.756905819213E12
s1: "a"
i1: 123
bi1: 1
point {
  longitude: 22.0
  latitude: 22.0
  altitude: 1.0
}
 to topic topic-ab80fc37_8433_490c_a5b6_5bdf75280e82
2025-09-03 13:23:39,235 INFO  [io.api.tes.ser.api.KafkaSerdesTester] (ForkJoinPool.commonPool-worker-3) Sending message header {
  time {
  }
}
d1: 1.756905819235E12
s1: "a"
i1: 123
bi1: 1
point {
  longitude: 22.0
  latitude: 22.0
  altitude: 1.0
}
 to topic topic-ab80fc37_8433_490c_a5b6_5bdf75280e82
2025-09-03 13:23:39,260 INFO  [io.api.tes.ser.api.KafkaSerdesTester] (ForkJoinPool.commonPool-worker-3) Sending message header {
  time {
  }
}
d1: 1.75690581926E12
s1: "a"
i1: 123
bi1: 1
point {
  longitude: 22.0
  latitude: 22.0
  altitude: 1.0
}
 to topic topic-ab80fc37_8433_490c_a5b6_5bdf75280e82
2025-09-03 13:23:39,282 INFO  [io.api.tes.ser.api.KafkaSerdesTester] (ForkJoinPool.commonPool-worker-3) Sending message header {
  time {
  }
}
d1: 1.756905819282E12
s1: "a"
i1: 123
bi1: 1
point {
  longitude: 22.0
  latitude: 22.0
  altitude: 1.0
}
 to topic topic-ab80fc37_8433_490c_a5b6_5bdf75280e82
2025-09-03 13:23:39,307 INFO  [io.api.tes.ser.api.KafkaSerdesTester] (ForkJoinPool.commonPool-worker-3) Sending message header {
  time {
  }
}
d1: 1.756905819307E12
s1: "a"
i1: 123
bi1: 1
point {
  longitude: 22.0
  latitude: 22.0
  altitude: 1.0
}
 to topic topic-ab80fc37_8433_490c_a5b6_5bdf75280e82
2025-09-03 13:23:39,326 INFO  [io.api.tes.ser.api.KafkaSerdesTester] (ForkJoinPool.commonPool-worker-3) Sending message header {
  time {
  }
}
d1: 1.756905819326E12
s1: "a"
i1: 123
bi1: 1
point {
  longitude: 22.0
  latitude: 22.0
  altitude: 1.0
}
 to topic topic-ab80fc37_8433_490c_a5b6_5bdf75280e82
2025-09-03 13:23:39,345 INFO  [io.api.tes.ser.api.KafkaSerdesTester] (ForkJoinPool.commonPool-worker-3) Sending message header {
  time {
  }
}
d1: 1.756905819345E12
s1: "a"
i1: 123
bi1: 1
point {
  longitude: 22.0
  latitude: 22.0
  altitude: 1.0
}
 to topic topic-ab80fc37_8433_490c_a5b6_5bdf75280e82
2025-09-03 13:23:39,363 INFO  [io.api.tes.ser.api.KafkaSerdesTester] (ForkJoinPool.commonPool-worker-3) Sending message header {
  time {
  }
}
d1: 1.756905819363E12
s1: "a"
i1: 123
bi1: 1
point {
  longitude: 22.0
  latitude: 22.0
  altitude: 1.0
}
 to topic topic-ab80fc37_8433_490c_a5b6_5bdf75280e82
2025-09-03 13:23:39,381 INFO  [io.api.tes.ser.api.KafkaSerdesTester] (ForkJoinPool.commonPool-worker-3) Sending message header {
  time {
  }
}
d1: 1.756905819381E12
s1: "a"
i1: 123
bi1: 1
point {
  longitude: 22.0
  latitude: 22.0
  altitude: 1.0
}
 to topic topic-ab80fc37_8433_490c_a5b6_5bdf75280e82
2025-09-03 13:23:39,399 INFO  [io.api.tes.ser.api.KafkaSerdesTester] (ForkJoinPool.commonPool-worker-3) Produced 10 messages
2025-09-03 13:23:39,399 INFO  [org.apa.kaf.cli.pro.KafkaProducer] (ForkJoinPool.commonPool-worker-3) [Producer clientId=Producer-topic-ab80fc37_8433_490c_a5b6_5bdf75280e82] Closing the Kafka producer with timeoutMillis = 9223372036854775807 ms.
2025-09-03 13:23:39,400 INFO  [org.apa.kaf.com.met.Metrics] (ForkJoinPool.commonPool-worker-3) Metrics scheduler closed
2025-09-03 13:23:39,400 INFO  [org.apa.kaf.com.met.Metrics] (ForkJoinPool.commonPool-worker-3) Closing reporter org.apache.kafka.common.metrics.JmxReporter
2025-09-03 13:23:39,400 INFO  [org.apa.kaf.com.met.Metrics] (ForkJoinPool.commonPool-worker-3) Closing reporter org.apache.kafka.common.telemetry.internals.ClientTelemetryReporter
2025-09-03 13:23:39,400 INFO  [org.apa.kaf.com.met.Metrics] (ForkJoinPool.commonPool-worker-3) Metrics reporters closed
2025-09-03 13:23:39,400 INFO  [org.apa.kaf.com.uti.AppInfoParser] (ForkJoinPool.commonPool-worker-3) App info kafka.producer for Producer-topic-ab80fc37_8433_490c_a5b6_5bdf75280e82 unregistered
**** Registry Base URL: http://registry-app-pg17.apps.ci419.apicurio-testing.org:80
2025-09-03 13:23:39,439 INFO  [org.apa.kaf.cli.con.ConsumerConfig] (main) ConsumerConfig values: 
	allow.auto.create.topics = true
	auto.commit.interval.ms = 500
	auto.include.jmx.reporter = true
	auto.offset.reset = earliest
	bootstrap.servers = [PLAINTEXT://localhost:32769]
	check.crcs = true
	client.dns.lookup = use_all_dns_ips
	client.id = consumer-Consumer-topic-ab80fc37_8433_490c_a5b6_5bdf75280e82-24
	client.rack = 
	connections.max.idle.ms = 10000
	default.api.timeout.ms = 60000
	enable.auto.commit = true
	enable.metrics.push = true
	exclude.internal.topics = true
	fetch.max.bytes = 52428800
	fetch.max.wait.ms = 500
	fetch.min.bytes = 1
	group.id = Consumer-topic-ab80fc37_8433_490c_a5b6_5bdf75280e82
	group.instance.id = null
	group.protocol = classic
	group.remote.assignor = null
	heartbeat.interval.ms = 3000
	interceptor.classes = []
	internal.leave.group.on.close = true
	internal.throw.on.fetch.stable.offset.unsupported = false
	isolation.level = read_uncommitted
	key.deserializer = class org.apache.kafka.common.serialization.StringDeserializer
	max.partition.fetch.bytes = 1048576
	max.poll.interval.ms = 300000
	max.poll.records = 500
	metadata.max.age.ms = 300000
	metadata.recovery.strategy = none
	metric.reporters = []
	metrics.num.samples = 2
	metrics.recording.level = INFO
	metrics.sample.window.ms = 30000
	partition.assignment.strategy = [class org.apache.kafka.clients.consumer.RangeAssignor, class org.apache.kafka.clients.consumer.CooperativeStickyAssignor]
	receive.buffer.bytes = 65536
	reconnect.backoff.max.ms = 1000
	reconnect.backoff.ms = 50
	request.timeout.ms = 5000
	retry.backoff.max.ms = 1000
	retry.backoff.ms = 100
	sasl.client.callback.handler.class = null
	sasl.jaas.config = null
	sasl.kerberos.kinit.cmd = /usr/bin/kinit
	sasl.kerberos.min.time.before.relogin = 60000
	sasl.kerberos.service.name = null
	sasl.kerberos.ticket.renew.jitter = 0.05
	sasl.kerberos.ticket.renew.window.factor = 0.8
	sasl.login.callback.handler.class = null
	sasl.login.class = null
	sasl.login.connect.timeout.ms = null
	sasl.login.read.timeout.ms = null
	sasl.login.refresh.buffer.seconds = 300
	sasl.login.refresh.min.period.seconds = 60
	sasl.login.refresh.window.factor = 0.8
	sasl.login.refresh.window.jitter = 0.05
	sasl.login.retry.backoff.max.ms = 10000
	sasl.login.retry.backoff.ms = 100
	sasl.mechanism = GSSAPI
	sasl.oauthbearer.clock.skew.seconds = 30
	sasl.oauthbearer.expected.audience = null
	sasl.oauthbearer.expected.issuer = null
	sasl.oauthbearer.header.urlencode = false
	sasl.oauthbearer.jwks.endpoint.refresh.ms = 3600000
	sasl.oauthbearer.jwks.endpoint.retry.backoff.max.ms = 10000
	sasl.oauthbearer.jwks.endpoint.retry.backoff.ms = 100
	sasl.oauthbearer.jwks.endpoint.url = null
	sasl.oauthbearer.scope.claim.name = scope
	sasl.oauthbearer.sub.claim.name = sub
	sasl.oauthbearer.token.endpoint.url = null
	security.protocol = PLAINTEXT
	security.providers = null
	send.buffer.bytes = 131072
	session.timeout.ms = 45000
	socket.connection.setup.timeout.max.ms = 30000
	socket.connection.setup.timeout.ms = 10000
	ssl.cipher.suites = null
	ssl.enabled.protocols = [TLSv1.2, TLSv1.3]
	ssl.endpoint.identification.algorithm = https
	ssl.engine.factory.class = null
	ssl.key.password = null
	ssl.keymanager.algorithm = SunX509
	ssl.keystore.certificate.chain = null
	ssl.keystore.key = null
	ssl.keystore.location = null
	ssl.keystore.password = null
	ssl.keystore.type = JKS
	ssl.protocol = TLSv1.3
	ssl.provider = null
	ssl.secure.random.implementation = null
	ssl.trustmanager.algorithm = PKIX
	ssl.truststore.certificates = null
	ssl.truststore.location = null
	ssl.truststore.password = null
	ssl.truststore.type = JKS
	value.deserializer = class io.apicurio.registry.serde.protobuf.ProtobufKafkaDeserializer

2025-09-03 13:23:39,440 INFO  [org.apa.kaf.com.tel.int.KafkaMetricsCollector] (main) initializing Kafka metrics collector
2025-09-03 13:23:39,443 INFO  [org.apa.kaf.cli.con.ConsumerConfig] (main) These configurations '[apicurio.registry.url, apicurio.protobuf.derive.class]' were supplied but are not used yet.
2025-09-03 13:23:39,443 INFO  [org.apa.kaf.com.uti.AppInfoParser] (main) Kafka version: 3.9.1
2025-09-03 13:23:39,443 INFO  [org.apa.kaf.com.uti.AppInfoParser] (main) Kafka commitId: f745dfdcee2b9851
2025-09-03 13:23:39,443 INFO  [org.apa.kaf.com.uti.AppInfoParser] (main) Kafka startTimeMs: 1756905819443
2025-09-03 13:23:39,443 INFO  [org.apa.kaf.cli.con.int.ClassicKafkaConsumer] (ForkJoinPool.commonPool-worker-3) [Consumer clientId=consumer-Consumer-topic-ab80fc37_8433_490c_a5b6_5bdf75280e82-24, groupId=Consumer-topic-ab80fc37_8433_490c_a5b6_5bdf75280e82] Subscribed to topic(s): topic-ab80fc37_8433_490c_a5b6_5bdf75280e82
2025-09-03 13:23:39,445 INFO  [org.apa.kaf.cli.Metadata] (ForkJoinPool.commonPool-worker-3) [Consumer clientId=consumer-Consumer-topic-ab80fc37_8433_490c_a5b6_5bdf75280e82-24, groupId=Consumer-topic-ab80fc37_8433_490c_a5b6_5bdf75280e82] Cluster ID: Vad1sk8gS_OCqo1-tuet0Q
2025-09-03 13:23:39,446 INFO  [org.apa.kaf.cli.con.int.ConsumerCoordinator] (ForkJoinPool.commonPool-worker-3) [Consumer clientId=consumer-Consumer-topic-ab80fc37_8433_490c_a5b6_5bdf75280e82-24, groupId=Consumer-topic-ab80fc37_8433_490c_a5b6_5bdf75280e82] Discovered group coordinator localhost:32769 (id: 2147483647 rack: null)
2025-09-03 13:23:39,446 INFO  [org.apa.kaf.cli.con.int.ConsumerCoordinator] (ForkJoinPool.commonPool-worker-3) [Consumer clientId=consumer-Consumer-topic-ab80fc37_8433_490c_a5b6_5bdf75280e82-24, groupId=Consumer-topic-ab80fc37_8433_490c_a5b6_5bdf75280e82] (Re-)joining group
2025-09-03 13:23:39,447 INFO  [org.apa.kaf.cli.con.int.ConsumerCoordinator] (ForkJoinPool.commonPool-worker-3) [Consumer clientId=consumer-Consumer-topic-ab80fc37_8433_490c_a5b6_5bdf75280e82-24, groupId=Consumer-topic-ab80fc37_8433_490c_a5b6_5bdf75280e82] Request joining group due to: need to re-join with the given member-id: consumer-Consumer-topic-ab80fc37_8433_490c_a5b6_5bdf75280e82-24-e03d7902-6a58-475b-87d0-45f5716ed05b
2025-09-03 13:23:39,447 INFO  [org.apa.kaf.cli.con.int.ConsumerCoordinator] (ForkJoinPool.commonPool-worker-3) [Consumer clientId=consumer-Consumer-topic-ab80fc37_8433_490c_a5b6_5bdf75280e82-24, groupId=Consumer-topic-ab80fc37_8433_490c_a5b6_5bdf75280e82] (Re-)joining group
2025-09-03 13:23:40,443 INFO  [io.api.tes.ser.api.KafkaSerdesTester] (ForkJoinPool.commonPool-worker-3) None found
2025-09-03 13:23:41,443 INFO  [io.api.tes.ser.api.KafkaSerdesTester] (ForkJoinPool.commonPool-worker-3) None found
2025-09-03 13:23:42,444 INFO  [io.api.tes.ser.api.KafkaSerdesTester] (ForkJoinPool.commonPool-worker-3) None found
2025-09-03 13:23:42,450 INFO  [org.apa.kaf.cli.con.int.ConsumerCoordinator] (ForkJoinPool.commonPool-worker-3) [Consumer clientId=consumer-Consumer-topic-ab80fc37_8433_490c_a5b6_5bdf75280e82-24, groupId=Consumer-topic-ab80fc37_8433_490c_a5b6_5bdf75280e82] Successfully joined group with generation Generation{generationId=1, memberId='consumer-Consumer-topic-ab80fc37_8433_490c_a5b6_5bdf75280e82-24-e03d7902-6a58-475b-87d0-45f5716ed05b', protocol='range'}
2025-09-03 13:23:42,450 INFO  [org.apa.kaf.cli.con.int.ConsumerCoordinator] (ForkJoinPool.commonPool-worker-3) [Consumer clientId=consumer-Consumer-topic-ab80fc37_8433_490c_a5b6_5bdf75280e82-24, groupId=Consumer-topic-ab80fc37_8433_490c_a5b6_5bdf75280e82] Finished assignment for group at generation 1: {consumer-Consumer-topic-ab80fc37_8433_490c_a5b6_5bdf75280e82-24-e03d7902-6a58-475b-87d0-45f5716ed05b=Assignment(partitions=[topic-ab80fc37_8433_490c_a5b6_5bdf75280e82-0])}
2025-09-03 13:23:42,456 INFO  [org.apa.kaf.cli.con.int.ConsumerCoordinator] (ForkJoinPool.commonPool-worker-3) [Consumer clientId=consumer-Consumer-topic-ab80fc37_8433_490c_a5b6_5bdf75280e82-24, groupId=Consumer-topic-ab80fc37_8433_490c_a5b6_5bdf75280e82] Successfully synced group in generation Generation{generationId=1, memberId='consumer-Consumer-topic-ab80fc37_8433_490c_a5b6_5bdf75280e82-24-e03d7902-6a58-475b-87d0-45f5716ed05b', protocol='range'}
2025-09-03 13:23:42,456 INFO  [org.apa.kaf.cli.con.int.ConsumerCoordinator] (ForkJoinPool.commonPool-worker-3) [Consumer clientId=consumer-Consumer-topic-ab80fc37_8433_490c_a5b6_5bdf75280e82-24, groupId=Consumer-topic-ab80fc37_8433_490c_a5b6_5bdf75280e82] Notifying assignor about the new Assignment(partitions=[topic-ab80fc37_8433_490c_a5b6_5bdf75280e82-0])
2025-09-03 13:23:42,456 INFO  [org.apa.kaf.cli.con.int.ConsumerRebalanceListenerInvoker] (ForkJoinPool.commonPool-worker-3) [Consumer clientId=consumer-Consumer-topic-ab80fc37_8433_490c_a5b6_5bdf75280e82-24, groupId=Consumer-topic-ab80fc37_8433_490c_a5b6_5bdf75280e82] Adding newly assigned partitions: topic-ab80fc37_8433_490c_a5b6_5bdf75280e82-0
2025-09-03 13:23:42,457 INFO  [org.apa.kaf.cli.con.int.ConsumerCoordinator] (ForkJoinPool.commonPool-worker-3) [Consumer clientId=consumer-Consumer-topic-ab80fc37_8433_490c_a5b6_5bdf75280e82-24, groupId=Consumer-topic-ab80fc37_8433_490c_a5b6_5bdf75280e82] Found no committed offset for partition topic-ab80fc37_8433_490c_a5b6_5bdf75280e82-0
2025-09-03 13:23:42,459 INFO  [org.apa.kaf.cli.con.int.SubscriptionState] (ForkJoinPool.commonPool-worker-3) [Consumer clientId=consumer-Consumer-topic-ab80fc37_8433_490c_a5b6_5bdf75280e82-24, groupId=Consumer-topic-ab80fc37_8433_490c_a5b6_5bdf75280e82] Resetting offset for partition topic-ab80fc37_8433_490c_a5b6_5bdf75280e82-0 to position FetchPosition{offset=0, offsetEpoch=Optional.empty, currentLeader=LeaderAndEpoch{leader=Optional[localhost:32769 (id: 0 rack: null)], epoch=0}}.
2025-09-03 13:23:42,522 INFO  [io.api.tes.ser.api.KafkaSerdesTester] (ForkJoinPool.commonPool-worker-3) topic-ab80fc37_8433_490c_a5b6_5bdf75280e82 0 0 header {
  time {
  }
}
d1: 1.75690581904E12
s1: "a"
i1: 123
bi1: 1
point {
  longitude: 22.0
  latitude: 22.0
  altitude: 1.0
}

2025-09-03 13:23:42,522 INFO  [io.api.tes.ser.api.KafkaSerdesTester] (ForkJoinPool.commonPool-worker-3) topic-ab80fc37_8433_490c_a5b6_5bdf75280e82 0 1 header {
  time {
  }
}
d1: 1.756905819213E12
s1: "a"
i1: 123
bi1: 1
point {
  longitude: 22.0
  latitude: 22.0
  altitude: 1.0
}

2025-09-03 13:23:42,522 INFO  [io.api.tes.ser.api.KafkaSerdesTester] (ForkJoinPool.commonPool-worker-3) topic-ab80fc37_8433_490c_a5b6_5bdf75280e82 0 2 header {
  time {
  }
}
d1: 1.756905819235E12
s1: "a"
i1: 123
bi1: 1
point {
  longitude: 22.0
  latitude: 22.0
  altitude: 1.0
}

2025-09-03 13:23:42,522 INFO  [io.api.tes.ser.api.KafkaSerdesTester] (ForkJoinPool.commonPool-worker-3) topic-ab80fc37_8433_490c_a5b6_5bdf75280e82 0 3 header {
  time {
  }
}
d1: 1.75690581926E12
s1: "a"
i1: 123
bi1: 1
point {
  longitude: 22.0
  latitude: 22.0
  altitude: 1.0
}

2025-09-03 13:23:42,522 INFO  [io.api.tes.ser.api.KafkaSerdesTester] (ForkJoinPool.commonPool-worker-3) topic-ab80fc37_8433_490c_a5b6_5bdf75280e82 0 4 header {
  time {
  }
}
d1: 1.756905819282E12
s1: "a"
i1: 123
bi1: 1
point {
  longitude: 22.0
  latitude: 22.0
  altitude: 1.0
}

2025-09-03 13:23:42,523 INFO  [io.api.tes.ser.api.KafkaSerdesTester] (ForkJoinPool.commonPool-worker-3) topic-ab80fc37_8433_490c_a5b6_5bdf75280e82 0 5 header {
  time {
  }
}
d1: 1.756905819307E12
s1: "a"
i1: 123
bi1: 1
point {
  longitude: 22.0
  latitude: 22.0
  altitude: 1.0
}

2025-09-03 13:23:42,523 INFO  [io.api.tes.ser.api.KafkaSerdesTester] (ForkJoinPool.commonPool-worker-3) topic-ab80fc37_8433_490c_a5b6_5bdf75280e82 0 6 header {
  time {
  }
}
d1: 1.756905819326E12
s1: "a"
i1: 123
bi1: 1
point {
  longitude: 22.0
  latitude: 22.0
  altitude: 1.0
}

2025-09-03 13:23:42,523 INFO  [io.api.tes.ser.api.KafkaSerdesTester] (ForkJoinPool.commonPool-worker-3) topic-ab80fc37_8433_490c_a5b6_5bdf75280e82 0 7 header {
  time {
  }
}
d1: 1.756905819345E12
s1: "a"
i1: 123
bi1: 1
point {
  longitude: 22.0
  latitude: 22.0
  altitude: 1.0
}

2025-09-03 13:23:42,523 INFO  [io.api.tes.ser.api.KafkaSerdesTester] (ForkJoinPool.commonPool-worker-3) topic-ab80fc37_8433_490c_a5b6_5bdf75280e82 0 8 header {
  time {
  }
}
d1: 1.756905819363E12
s1: "a"
i1: 123
bi1: 1
point {
  longitude: 22.0
  latitude: 22.0
  altitude: 1.0
}

2025-09-03 13:23:42,523 INFO  [io.api.tes.ser.api.KafkaSerdesTester] (ForkJoinPool.commonPool-worker-3) topic-ab80fc37_8433_490c_a5b6_5bdf75280e82 0 9 header {
  time {
  }
}
d1: 1.756905819381E12
s1: "a"
i1: 123
bi1: 1
point {
  longitude: 22.0
  latitude: 22.0
  altitude: 1.0
}

2025-09-03 13:23:42,523 INFO  [io.api.tes.ser.api.KafkaSerdesTester] (ForkJoinPool.commonPool-worker-3) Consumed 10 messages
2025-09-03 13:23:42,530 INFO  [org.apa.kaf.cli.con.int.ConsumerRebalanceListenerInvoker] (ForkJoinPool.commonPool-worker-3) [Consumer clientId=consumer-Consumer-topic-ab80fc37_8433_490c_a5b6_5bdf75280e82-24, groupId=Consumer-topic-ab80fc37_8433_490c_a5b6_5bdf75280e82] Revoke previously assigned partitions topic-ab80fc37_8433_490c_a5b6_5bdf75280e82-0
2025-09-03 13:23:42,530 INFO  [org.apa.kaf.cli.con.int.ConsumerCoordinator] (ForkJoinPool.commonPool-worker-3) [Consumer clientId=consumer-Consumer-topic-ab80fc37_8433_490c_a5b6_5bdf75280e82-24, groupId=Consumer-topic-ab80fc37_8433_490c_a5b6_5bdf75280e82] Member consumer-Consumer-topic-ab80fc37_8433_490c_a5b6_5bdf75280e82-24-e03d7902-6a58-475b-87d0-45f5716ed05b sending LeaveGroup request to coordinator localhost:32769 (id: 2147483647 rack: null) due to the consumer is being closed
2025-09-03 13:23:42,530 INFO  [org.apa.kaf.cli.con.int.ConsumerCoordinator] (ForkJoinPool.commonPool-worker-3) [Consumer clientId=consumer-Consumer-topic-ab80fc37_8433_490c_a5b6_5bdf75280e82-24, groupId=Consumer-topic-ab80fc37_8433_490c_a5b6_5bdf75280e82] Resetting generation and member id due to: consumer pro-actively leaving the group
2025-09-03 13:23:42,530 INFO  [org.apa.kaf.cli.con.int.ConsumerCoordinator] (ForkJoinPool.commonPool-worker-3) [Consumer clientId=consumer-Consumer-topic-ab80fc37_8433_490c_a5b6_5bdf75280e82-24, groupId=Consumer-topic-ab80fc37_8433_490c_a5b6_5bdf75280e82] Request joining group due to: consumer pro-actively leaving the group
2025-09-03 13:23:43,023 INFO  [org.apa.kaf.com.met.Metrics] (ForkJoinPool.commonPool-worker-3) Metrics scheduler closed
2025-09-03 13:23:43,023 INFO  [org.apa.kaf.com.met.Metrics] (ForkJoinPool.commonPool-worker-3) Closing reporter org.apache.kafka.common.metrics.JmxReporter
2025-09-03 13:23:43,024 INFO  [org.apa.kaf.com.met.Metrics] (ForkJoinPool.commonPool-worker-3) Closing reporter org.apache.kafka.common.telemetry.internals.ClientTelemetryReporter
2025-09-03 13:23:43,024 INFO  [org.apa.kaf.com.met.Metrics] (ForkJoinPool.commonPool-worker-3) Metrics reporters closed
2025-09-03 13:23:43,025 INFO  [org.apa.kaf.com.uti.AppInfoParser] (ForkJoinPool.commonPool-worker-3) App info kafka.consumer for consumer-Consumer-topic-ab80fc37_8433_490c_a5b6_5bdf75280e82-24 unregistered
2025-09-03 13:23:43,025 INFO  [io.api.tes.uti.TestSeparator] (main) io.apicurio.tests.serdes.apicurio.ProtobufSerdeIT.testAutoRegisterAndUseBody-FINISHED
2025-09-03 13:23:43,025 INFO  [io.api.tes.uti.TestSeparator] (main) ############################################################################
Test passed: testAutoRegisterAndUseBody
]]></system-out>
  </testcase>
  <testcase name="testValidation" classname="io.apicurio.tests.serdes.apicurio.ProtobufSerdeIT" time="20.903">
    <system-out><![CDATA[2025-09-03 13:23:43,026 INFO  [io.api.tes.uti.TestSeparator] (main) ############################################################################
2025-09-03 13:23:43,026 INFO  [io.api.tes.uti.TestSeparator] (main) io.apicurio.tests.serdes.apicurio.ProtobufSerdeIT.testValidation-STARTED
**** Registry Base URL: http://registry-app-pg17.apps.ci419.apicurio-testing.org:80
2025-09-03 13:23:45,092 INFO  [org.apa.kaf.cli.pro.ProducerConfig] (main) ProducerConfig values: 
	acks = -1
	auto.include.jmx.reporter = true
	batch.size = 16384
	bootstrap.servers = [PLAINTEXT://localhost:32769]
	buffer.memory = 33554432
	client.dns.lookup = use_all_dns_ips
	client.id = Producer-s41324bd5x7c58x4161x82adx3c7a15cd1bbc
	compression.gzip.level = -1
	compression.lz4.level = 9
	compression.type = none
	compression.zstd.level = 3
	connections.max.idle.ms = 10000
	delivery.timeout.ms = 120000
	enable.idempotence = true
	enable.metrics.push = true
	interceptor.classes = []
	key.serializer = class org.apache.kafka.common.serialization.StringSerializer
	linger.ms = 0
	max.block.ms = 60000
	max.in.flight.requests.per.connection = 5
	max.request.size = 1048576
	metadata.max.age.ms = 300000
	metadata.max.idle.ms = 300000
	metadata.recovery.strategy = none
	metric.reporters = []
	metrics.num.samples = 2
	metrics.recording.level = INFO
	metrics.sample.window.ms = 30000
	partitioner.adaptive.partitioning.enable = true
	partitioner.availability.timeout.ms = 0
	partitioner.class = null
	partitioner.ignore.keys = false
	receive.buffer.bytes = 32768
	reconnect.backoff.max.ms = 1000
	reconnect.backoff.ms = 50
	request.timeout.ms = 5000
	retries = 2147483647
	retry.backoff.max.ms = 1000
	retry.backoff.ms = 100
	sasl.client.callback.handler.class = null
	sasl.jaas.config = null
	sasl.kerberos.kinit.cmd = /usr/bin/kinit
	sasl.kerberos.min.time.before.relogin = 60000
	sasl.kerberos.service.name = null
	sasl.kerberos.ticket.renew.jitter = 0.05
	sasl.kerberos.ticket.renew.window.factor = 0.8
	sasl.login.callback.handler.class = null
	sasl.login.class = null
	sasl.login.connect.timeout.ms = null
	sasl.login.read.timeout.ms = null
	sasl.login.refresh.buffer.seconds = 300
	sasl.login.refresh.min.period.seconds = 60
	sasl.login.refresh.window.factor = 0.8
	sasl.login.refresh.window.jitter = 0.05
	sasl.login.retry.backoff.max.ms = 10000
	sasl.login.retry.backoff.ms = 100
	sasl.mechanism = GSSAPI
	sasl.oauthbearer.clock.skew.seconds = 30
	sasl.oauthbearer.expected.audience = null
	sasl.oauthbearer.expected.issuer = null
	sasl.oauthbearer.header.urlencode = false
	sasl.oauthbearer.jwks.endpoint.refresh.ms = 3600000
	sasl.oauthbearer.jwks.endpoint.retry.backoff.max.ms = 10000
	sasl.oauthbearer.jwks.endpoint.retry.backoff.ms = 100
	sasl.oauthbearer.jwks.endpoint.url = null
	sasl.oauthbearer.scope.claim.name = scope
	sasl.oauthbearer.sub.claim.name = sub
	sasl.oauthbearer.token.endpoint.url = null
	security.protocol = PLAINTEXT
	security.providers = null
	send.buffer.bytes = 131072
	socket.connection.setup.timeout.max.ms = 30000
	socket.connection.setup.timeout.ms = 10000
	ssl.cipher.suites = null
	ssl.enabled.protocols = [TLSv1.2, TLSv1.3]
	ssl.endpoint.identification.algorithm = https
	ssl.engine.factory.class = null
	ssl.key.password = null
	ssl.keymanager.algorithm = SunX509
	ssl.keystore.certificate.chain = null
	ssl.keystore.key = null
	ssl.keystore.location = null
	ssl.keystore.password = null
	ssl.keystore.type = JKS
	ssl.protocol = TLSv1.3
	ssl.provider = null
	ssl.secure.random.implementation = null
	ssl.trustmanager.algorithm = PKIX
	ssl.truststore.certificates = null
	ssl.truststore.location = null
	ssl.truststore.password = null
	ssl.truststore.type = JKS
	transaction.timeout.ms = 60000
	transactional.id = null
	value.serializer = class io.apicurio.registry.serde.protobuf.ProtobufKafkaSerializer

2025-09-03 13:23:45,092 INFO  [org.apa.kaf.com.tel.int.KafkaMetricsCollector] (main) initializing Kafka metrics collector
2025-09-03 13:23:45,095 INFO  [org.apa.kaf.cli.pro.KafkaProducer] (main) [Producer clientId=Producer-s41324bd5x7c58x4161x82adx3c7a15cd1bbc] Instantiated an idempotent producer.
2025-09-03 13:23:45,096 INFO  [org.apa.kaf.cli.pro.ProducerConfig] (main) These configurations '[apicurio.registry.headers.enabled, apicurio.registry.find-latest, apicurio.registry.url, apicurio.registry.artifact-resolver-strategy, apicurio.registry.artifact.version]' were supplied but are not used yet.
2025-09-03 13:23:45,096 INFO  [org.apa.kaf.com.uti.AppInfoParser] (main) Kafka version: 3.9.1
2025-09-03 13:23:45,096 INFO  [org.apa.kaf.com.uti.AppInfoParser] (main) Kafka commitId: f745dfdcee2b9851
2025-09-03 13:23:45,096 INFO  [org.apa.kaf.com.uti.AppInfoParser] (main) Kafka startTimeMs: 1756905825096
2025-09-03 13:23:45,096 INFO  [io.api.tes.ser.api.SimpleSerdesTesterBuilder$SimpleSerdesTester] (main) Using producer configuration: {apicurio.registry.headers.enabled=true, request.timeout.ms=5000, acks=all, bootstrap.servers=PLAINTEXT://localhost:32769, key.serializer=org.apache.kafka.common.serialization.StringSerializer, apicurio.registry.find-latest=false, apicurio.registry.url=http://registry-app-pg17.apps.ci419.apicurio-testing.org:80/apis/registry/v3, apicurio.registry.artifact-resolver-strategy=io.apicurio.registry.serde.strategy.TopicIdStrategy, value.serializer=io.apicurio.registry.serde.protobuf.ProtobufKafkaSerializer, connections.max.idle.ms=10000, apicurio.registry.artifact.version=1, client.id=Producer-s41324bd5x7c58x4161x82adx3c7a15cd1bbc}
2025-09-03 13:23:45,096 INFO  [io.api.tes.ser.api.SimpleSerdesTesterBuilder$SimpleSerdesTester] (main) Using consumer configuration: {apicurio.registry.headers.enabled=true}
2025-09-03 13:23:45,096 INFO  [io.api.tes.ser.api.KafkaSerdesTester] (ForkJoinPool.commonPool-worker-3) Sending message header {
  time {
  }
}
d1: 1.756905825096E12
s1: "a"
i1: 123
bi1: 1
point {
  longitude: 22.0
  latitude: 22.0
  altitude: 1.0
}
 to topic s41324bd5x7c58x4161x82adx3c7a15cd1bbc
2025-09-03 13:23:45,098 INFO  [org.apa.kaf.cli.Metadata] (kafka-producer-network-thread | Producer-s41324bd5x7c58x4161x82adx3c7a15cd1bbc) [Producer clientId=Producer-s41324bd5x7c58x4161x82adx3c7a15cd1bbc] Cluster ID: Vad1sk8gS_OCqo1-tuet0Q
2025-09-03 13:23:45,098 INFO  [org.apa.kaf.cli.pro.int.TransactionManager] (kafka-producer-network-thread | Producer-s41324bd5x7c58x4161x82adx3c7a15cd1bbc) [Producer clientId=Producer-s41324bd5x7c58x4161x82adx3c7a15cd1bbc] ProducerId set to 34 with epoch 0
2025-09-03 13:23:45,778 INFO  [io.api.tes.ser.api.KafkaSerdesTester] (ForkJoinPool.commonPool-worker-3) Sending message header {
  time {
  }
}
d1: 1.756905825777E12
s1: "a"
i1: 123
bi1: 1
point {
  longitude: 22.0
  latitude: 22.0
  altitude: 1.0
}
 to topic s41324bd5x7c58x4161x82adx3c7a15cd1bbc
2025-09-03 13:23:45,779 INFO  [io.api.tes.ser.api.KafkaSerdesTester] (ForkJoinPool.commonPool-worker-3) Sending message header {
  time {
  }
}
d1: 1.756905825779E12
s1: "a"
i1: 123
bi1: 1
point {
  longitude: 22.0
  latitude: 22.0
  altitude: 1.0
}
 to topic s41324bd5x7c58x4161x82adx3c7a15cd1bbc
2025-09-03 13:23:45,781 INFO  [io.api.tes.ser.api.KafkaSerdesTester] (ForkJoinPool.commonPool-worker-3) Sending message header {
  time {
  }
}
d1: 1.756905825781E12
s1: "a"
i1: 123
bi1: 1
point {
  longitude: 22.0
  latitude: 22.0
  altitude: 1.0
}
 to topic s41324bd5x7c58x4161x82adx3c7a15cd1bbc
2025-09-03 13:23:45,782 INFO  [io.api.tes.ser.api.KafkaSerdesTester] (ForkJoinPool.commonPool-worker-3) Sending message header {
  time {
  }
}
d1: 1.756905825782E12
s1: "a"
i1: 123
bi1: 1
point {
  longitude: 22.0
  latitude: 22.0
  altitude: 1.0
}
 to topic s41324bd5x7c58x4161x82adx3c7a15cd1bbc
2025-09-03 13:23:45,783 INFO  [io.api.tes.ser.api.KafkaSerdesTester] (ForkJoinPool.commonPool-worker-3) Sending message header {
  time {
  }
}
d1: 1.756905825783E12
s1: "a"
i1: 123
bi1: 1
point {
  longitude: 22.0
  latitude: 22.0
  altitude: 1.0
}
 to topic s41324bd5x7c58x4161x82adx3c7a15cd1bbc
2025-09-03 13:23:45,784 INFO  [io.api.tes.ser.api.KafkaSerdesTester] (ForkJoinPool.commonPool-worker-3) Sending message header {
  time {
  }
}
d1: 1.756905825784E12
s1: "a"
i1: 123
bi1: 1
point {
  longitude: 22.0
  latitude: 22.0
  altitude: 1.0
}
 to topic s41324bd5x7c58x4161x82adx3c7a15cd1bbc
2025-09-03 13:23:45,785 INFO  [io.api.tes.ser.api.KafkaSerdesTester] (ForkJoinPool.commonPool-worker-3) Sending message header {
  time {
  }
}
d1: 1.756905825785E12
s1: "a"
i1: 123
bi1: 1
point {
  longitude: 22.0
  latitude: 22.0
  altitude: 1.0
}
 to topic s41324bd5x7c58x4161x82adx3c7a15cd1bbc
2025-09-03 13:23:45,787 INFO  [io.api.tes.ser.api.KafkaSerdesTester] (ForkJoinPool.commonPool-worker-3) Sending message header {
  time {
  }
}
d1: 1.756905825787E12
s1: "a"
i1: 123
bi1: 1
point {
  longitude: 22.0
  latitude: 22.0
  altitude: 1.0
}
 to topic s41324bd5x7c58x4161x82adx3c7a15cd1bbc
2025-09-03 13:23:45,788 INFO  [io.api.tes.ser.api.KafkaSerdesTester] (ForkJoinPool.commonPool-worker-3) Sending message header {
  time {
  }
}
d1: 1.756905825788E12
s1: "a"
i1: 123
bi1: 1
point {
  longitude: 22.0
  latitude: 22.0
  altitude: 1.0
}
 to topic s41324bd5x7c58x4161x82adx3c7a15cd1bbc
2025-09-03 13:23:45,789 INFO  [io.api.tes.ser.api.KafkaSerdesTester] (ForkJoinPool.commonPool-worker-3) Produced 10 messages
2025-09-03 13:23:45,789 INFO  [org.apa.kaf.cli.pro.KafkaProducer] (ForkJoinPool.commonPool-worker-3) [Producer clientId=Producer-s41324bd5x7c58x4161x82adx3c7a15cd1bbc] Closing the Kafka producer with timeoutMillis = 9223372036854775807 ms.
2025-09-03 13:23:45,791 INFO  [org.apa.kaf.com.met.Metrics] (ForkJoinPool.commonPool-worker-3) Metrics scheduler closed
2025-09-03 13:23:45,791 INFO  [org.apa.kaf.com.met.Metrics] (ForkJoinPool.commonPool-worker-3) Closing reporter org.apache.kafka.common.metrics.JmxReporter
2025-09-03 13:23:45,791 INFO  [org.apa.kaf.com.met.Metrics] (ForkJoinPool.commonPool-worker-3) Closing reporter org.apache.kafka.common.telemetry.internals.ClientTelemetryReporter
2025-09-03 13:23:45,791 INFO  [org.apa.kaf.com.met.Metrics] (ForkJoinPool.commonPool-worker-3) Metrics reporters closed
2025-09-03 13:23:45,791 INFO  [org.apa.kaf.com.uti.AppInfoParser] (ForkJoinPool.commonPool-worker-3) App info kafka.producer for Producer-s41324bd5x7c58x4161x82adx3c7a15cd1bbc unregistered
**** Registry Base URL: http://registry-app-pg17.apps.ci419.apicurio-testing.org:80
2025-09-03 13:23:45,791 INFO  [org.apa.kaf.cli.con.ConsumerConfig] (main) ConsumerConfig values: 
	allow.auto.create.topics = true
	auto.commit.interval.ms = 500
	auto.include.jmx.reporter = true
	auto.offset.reset = earliest
	bootstrap.servers = [PLAINTEXT://localhost:32769]
	check.crcs = true
	client.dns.lookup = use_all_dns_ips
	client.id = consumer-Consumer-s41324bd5x7c58x4161x82adx3c7a15cd1bbc-25
	client.rack = 
	connections.max.idle.ms = 10000
	default.api.timeout.ms = 60000
	enable.auto.commit = true
	enable.metrics.push = true
	exclude.internal.topics = true
	fetch.max.bytes = 52428800
	fetch.max.wait.ms = 500
	fetch.min.bytes = 1
	group.id = Consumer-s41324bd5x7c58x4161x82adx3c7a15cd1bbc
	group.instance.id = null
	group.protocol = classic
	group.remote.assignor = null
	heartbeat.interval.ms = 3000
	interceptor.classes = []
	internal.leave.group.on.close = true
	internal.throw.on.fetch.stable.offset.unsupported = false
	isolation.level = read_uncommitted
	key.deserializer = class org.apache.kafka.common.serialization.StringDeserializer
	max.partition.fetch.bytes = 1048576
	max.poll.interval.ms = 300000
	max.poll.records = 500
	metadata.max.age.ms = 300000
	metadata.recovery.strategy = none
	metric.reporters = []
	metrics.num.samples = 2
	metrics.recording.level = INFO
	metrics.sample.window.ms = 30000
	partition.assignment.strategy = [class org.apache.kafka.clients.consumer.RangeAssignor, class org.apache.kafka.clients.consumer.CooperativeStickyAssignor]
	receive.buffer.bytes = 65536
	reconnect.backoff.max.ms = 1000
	reconnect.backoff.ms = 50
	request.timeout.ms = 5000
	retry.backoff.max.ms = 1000
	retry.backoff.ms = 100
	sasl.client.callback.handler.class = null
	sasl.jaas.config = null
	sasl.kerberos.kinit.cmd = /usr/bin/kinit
	sasl.kerberos.min.time.before.relogin = 60000
	sasl.kerberos.service.name = null
	sasl.kerberos.ticket.renew.jitter = 0.05
	sasl.kerberos.ticket.renew.window.factor = 0.8
	sasl.login.callback.handler.class = null
	sasl.login.class = null
	sasl.login.connect.timeout.ms = null
	sasl.login.read.timeout.ms = null
	sasl.login.refresh.buffer.seconds = 300
	sasl.login.refresh.min.period.seconds = 60
	sasl.login.refresh.window.factor = 0.8
	sasl.login.refresh.window.jitter = 0.05
	sasl.login.retry.backoff.max.ms = 10000
	sasl.login.retry.backoff.ms = 100
	sasl.mechanism = GSSAPI
	sasl.oauthbearer.clock.skew.seconds = 30
	sasl.oauthbearer.expected.audience = null
	sasl.oauthbearer.expected.issuer = null
	sasl.oauthbearer.header.urlencode = false
	sasl.oauthbearer.jwks.endpoint.refresh.ms = 3600000
	sasl.oauthbearer.jwks.endpoint.retry.backoff.max.ms = 10000
	sasl.oauthbearer.jwks.endpoint.retry.backoff.ms = 100
	sasl.oauthbearer.jwks.endpoint.url = null
	sasl.oauthbearer.scope.claim.name = scope
	sasl.oauthbearer.sub.claim.name = sub
	sasl.oauthbearer.token.endpoint.url = null
	security.protocol = PLAINTEXT
	security.providers = null
	send.buffer.bytes = 131072
	session.timeout.ms = 45000
	socket.connection.setup.timeout.max.ms = 30000
	socket.connection.setup.timeout.ms = 10000
	ssl.cipher.suites = null
	ssl.enabled.protocols = [TLSv1.2, TLSv1.3]
	ssl.endpoint.identification.algorithm = https
	ssl.engine.factory.class = null
	ssl.key.password = null
	ssl.keymanager.algorithm = SunX509
	ssl.keystore.certificate.chain = null
	ssl.keystore.key = null
	ssl.keystore.location = null
	ssl.keystore.password = null
	ssl.keystore.type = JKS
	ssl.protocol = TLSv1.3
	ssl.provider = null
	ssl.secure.random.implementation = null
	ssl.trustmanager.algorithm = PKIX
	ssl.truststore.certificates = null
	ssl.truststore.location = null
	ssl.truststore.password = null
	ssl.truststore.type = JKS
	value.deserializer = class io.apicurio.registry.serde.protobuf.ProtobufKafkaDeserializer

2025-09-03 13:23:45,791 INFO  [org.apa.kaf.com.tel.int.KafkaMetricsCollector] (main) initializing Kafka metrics collector
2025-09-03 13:23:45,796 INFO  [org.apa.kaf.cli.con.ConsumerConfig] (main) These configurations '[apicurio.registry.url, apicurio.registry.headers.enabled]' were supplied but are not used yet.
2025-09-03 13:23:45,796 INFO  [org.apa.kaf.com.uti.AppInfoParser] (main) Kafka version: 3.9.1
2025-09-03 13:23:45,796 INFO  [org.apa.kaf.com.uti.AppInfoParser] (main) Kafka commitId: f745dfdcee2b9851
2025-09-03 13:23:45,796 INFO  [org.apa.kaf.com.uti.AppInfoParser] (main) Kafka startTimeMs: 1756905825796
2025-09-03 13:23:45,796 INFO  [org.apa.kaf.cli.con.int.ClassicKafkaConsumer] (ForkJoinPool.commonPool-worker-3) [Consumer clientId=consumer-Consumer-s41324bd5x7c58x4161x82adx3c7a15cd1bbc-25, groupId=Consumer-s41324bd5x7c58x4161x82adx3c7a15cd1bbc] Subscribed to topic(s): s41324bd5x7c58x4161x82adx3c7a15cd1bbc
2025-09-03 13:23:45,798 INFO  [org.apa.kaf.cli.Metadata] (ForkJoinPool.commonPool-worker-3) [Consumer clientId=consumer-Consumer-s41324bd5x7c58x4161x82adx3c7a15cd1bbc-25, groupId=Consumer-s41324bd5x7c58x4161x82adx3c7a15cd1bbc] Cluster ID: Vad1sk8gS_OCqo1-tuet0Q
2025-09-03 13:23:45,799 INFO  [org.apa.kaf.cli.con.int.ConsumerCoordinator] (ForkJoinPool.commonPool-worker-3) [Consumer clientId=consumer-Consumer-s41324bd5x7c58x4161x82adx3c7a15cd1bbc-25, groupId=Consumer-s41324bd5x7c58x4161x82adx3c7a15cd1bbc] Discovered group coordinator localhost:32769 (id: 2147483647 rack: null)
2025-09-03 13:23:45,799 INFO  [org.apa.kaf.cli.con.int.ConsumerCoordinator] (ForkJoinPool.commonPool-worker-3) [Consumer clientId=consumer-Consumer-s41324bd5x7c58x4161x82adx3c7a15cd1bbc-25, groupId=Consumer-s41324bd5x7c58x4161x82adx3c7a15cd1bbc] (Re-)joining group
2025-09-03 13:23:45,801 INFO  [org.apa.kaf.cli.con.int.ConsumerCoordinator] (ForkJoinPool.commonPool-worker-3) [Consumer clientId=consumer-Consumer-s41324bd5x7c58x4161x82adx3c7a15cd1bbc-25, groupId=Consumer-s41324bd5x7c58x4161x82adx3c7a15cd1bbc] Request joining group due to: need to re-join with the given member-id: consumer-Consumer-s41324bd5x7c58x4161x82adx3c7a15cd1bbc-25-0b920f85-94ab-4f68-b940-9623f78a9092
2025-09-03 13:23:45,801 INFO  [org.apa.kaf.cli.con.int.ConsumerCoordinator] (ForkJoinPool.commonPool-worker-3) [Consumer clientId=consumer-Consumer-s41324bd5x7c58x4161x82adx3c7a15cd1bbc-25, groupId=Consumer-s41324bd5x7c58x4161x82adx3c7a15cd1bbc] (Re-)joining group
2025-09-03 13:23:46,796 INFO  [io.api.tes.ser.api.KafkaSerdesTester] (ForkJoinPool.commonPool-worker-3) None found
2025-09-03 13:23:47,796 INFO  [io.api.tes.ser.api.KafkaSerdesTester] (ForkJoinPool.commonPool-worker-3) None found
2025-09-03 13:23:48,796 INFO  [io.api.tes.ser.api.KafkaSerdesTester] (ForkJoinPool.commonPool-worker-3) None found
2025-09-03 13:23:48,802 INFO  [org.apa.kaf.cli.con.int.ConsumerCoordinator] (ForkJoinPool.commonPool-worker-3) [Consumer clientId=consumer-Consumer-s41324bd5x7c58x4161x82adx3c7a15cd1bbc-25, groupId=Consumer-s41324bd5x7c58x4161x82adx3c7a15cd1bbc] Successfully joined group with generation Generation{generationId=1, memberId='consumer-Consumer-s41324bd5x7c58x4161x82adx3c7a15cd1bbc-25-0b920f85-94ab-4f68-b940-9623f78a9092', protocol='range'}
2025-09-03 13:23:48,803 INFO  [org.apa.kaf.cli.con.int.ConsumerCoordinator] (ForkJoinPool.commonPool-worker-3) [Consumer clientId=consumer-Consumer-s41324bd5x7c58x4161x82adx3c7a15cd1bbc-25, groupId=Consumer-s41324bd5x7c58x4161x82adx3c7a15cd1bbc] Finished assignment for group at generation 1: {consumer-Consumer-s41324bd5x7c58x4161x82adx3c7a15cd1bbc-25-0b920f85-94ab-4f68-b940-9623f78a9092=Assignment(partitions=[s41324bd5x7c58x4161x82adx3c7a15cd1bbc-0])}
2025-09-03 13:23:48,809 INFO  [org.apa.kaf.cli.con.int.ConsumerCoordinator] (ForkJoinPool.commonPool-worker-3) [Consumer clientId=consumer-Consumer-s41324bd5x7c58x4161x82adx3c7a15cd1bbc-25, groupId=Consumer-s41324bd5x7c58x4161x82adx3c7a15cd1bbc] Successfully synced group in generation Generation{generationId=1, memberId='consumer-Consumer-s41324bd5x7c58x4161x82adx3c7a15cd1bbc-25-0b920f85-94ab-4f68-b940-9623f78a9092', protocol='range'}
2025-09-03 13:23:48,809 INFO  [org.apa.kaf.cli.con.int.ConsumerCoordinator] (ForkJoinPool.commonPool-worker-3) [Consumer clientId=consumer-Consumer-s41324bd5x7c58x4161x82adx3c7a15cd1bbc-25, groupId=Consumer-s41324bd5x7c58x4161x82adx3c7a15cd1bbc] Notifying assignor about the new Assignment(partitions=[s41324bd5x7c58x4161x82adx3c7a15cd1bbc-0])
2025-09-03 13:23:48,809 INFO  [org.apa.kaf.cli.con.int.ConsumerRebalanceListenerInvoker] (ForkJoinPool.commonPool-worker-3) [Consumer clientId=consumer-Consumer-s41324bd5x7c58x4161x82adx3c7a15cd1bbc-25, groupId=Consumer-s41324bd5x7c58x4161x82adx3c7a15cd1bbc] Adding newly assigned partitions: s41324bd5x7c58x4161x82adx3c7a15cd1bbc-0
2025-09-03 13:23:48,810 INFO  [org.apa.kaf.cli.con.int.ConsumerCoordinator] (ForkJoinPool.commonPool-worker-3) [Consumer clientId=consumer-Consumer-s41324bd5x7c58x4161x82adx3c7a15cd1bbc-25, groupId=Consumer-s41324bd5x7c58x4161x82adx3c7a15cd1bbc] Found no committed offset for partition s41324bd5x7c58x4161x82adx3c7a15cd1bbc-0
2025-09-03 13:23:48,812 INFO  [org.apa.kaf.cli.con.int.SubscriptionState] (ForkJoinPool.commonPool-worker-3) [Consumer clientId=consumer-Consumer-s41324bd5x7c58x4161x82adx3c7a15cd1bbc-25, groupId=Consumer-s41324bd5x7c58x4161x82adx3c7a15cd1bbc] Resetting offset for partition s41324bd5x7c58x4161x82adx3c7a15cd1bbc-0 to position FetchPosition{offset=0, offsetEpoch=Optional.empty, currentLeader=LeaderAndEpoch{leader=Optional[localhost:32769 (id: 0 rack: null)], epoch=0}}.
2025-09-03 13:23:48,886 INFO  [io.api.tes.ser.api.KafkaSerdesTester] (ForkJoinPool.commonPool-worker-3) s41324bd5x7c58x4161x82adx3c7a15cd1bbc 0 0 header {
  time {
  }
}
d1: 1.756905825096E12
s1: "a"
i1: 123
bi1: 1
point {
  longitude: 22.0
  latitude: 22.0
  altitude: 1.0
}

2025-09-03 13:23:48,886 INFO  [io.api.tes.ser.api.KafkaSerdesTester] (ForkJoinPool.commonPool-worker-3) s41324bd5x7c58x4161x82adx3c7a15cd1bbc 0 1 header {
  time {
  }
}
d1: 1.756905825777E12
s1: "a"
i1: 123
bi1: 1
point {
  longitude: 22.0
  latitude: 22.0
  altitude: 1.0
}

2025-09-03 13:23:48,886 INFO  [io.api.tes.ser.api.KafkaSerdesTester] (ForkJoinPool.commonPool-worker-3) s41324bd5x7c58x4161x82adx3c7a15cd1bbc 0 2 header {
  time {
  }
}
d1: 1.756905825779E12
s1: "a"
i1: 123
bi1: 1
point {
  longitude: 22.0
  latitude: 22.0
  altitude: 1.0
}

2025-09-03 13:23:48,886 INFO  [io.api.tes.ser.api.KafkaSerdesTester] (ForkJoinPool.commonPool-worker-3) s41324bd5x7c58x4161x82adx3c7a15cd1bbc 0 3 header {
  time {
  }
}
d1: 1.756905825781E12
s1: "a"
i1: 123
bi1: 1
point {
  longitude: 22.0
  latitude: 22.0
  altitude: 1.0
}

2025-09-03 13:23:48,886 INFO  [io.api.tes.ser.api.KafkaSerdesTester] (ForkJoinPool.commonPool-worker-3) s41324bd5x7c58x4161x82adx3c7a15cd1bbc 0 4 header {
  time {
  }
}
d1: 1.756905825782E12
s1: "a"
i1: 123
bi1: 1
point {
  longitude: 22.0
  latitude: 22.0
  altitude: 1.0
}

2025-09-03 13:23:48,886 INFO  [io.api.tes.ser.api.KafkaSerdesTester] (ForkJoinPool.commonPool-worker-3) s41324bd5x7c58x4161x82adx3c7a15cd1bbc 0 5 header {
  time {
  }
}
d1: 1.756905825783E12
s1: "a"
i1: 123
bi1: 1
point {
  longitude: 22.0
  latitude: 22.0
  altitude: 1.0
}

2025-09-03 13:23:48,886 INFO  [io.api.tes.ser.api.KafkaSerdesTester] (ForkJoinPool.commonPool-worker-3) s41324bd5x7c58x4161x82adx3c7a15cd1bbc 0 6 header {
  time {
  }
}
d1: 1.756905825784E12
s1: "a"
i1: 123
bi1: 1
point {
  longitude: 22.0
  latitude: 22.0
  altitude: 1.0
}

2025-09-03 13:23:48,887 INFO  [io.api.tes.ser.api.KafkaSerdesTester] (ForkJoinPool.commonPool-worker-3) s41324bd5x7c58x4161x82adx3c7a15cd1bbc 0 7 header {
  time {
  }
}
d1: 1.756905825785E12
s1: "a"
i1: 123
bi1: 1
point {
  longitude: 22.0
  latitude: 22.0
  altitude: 1.0
}

2025-09-03 13:23:48,887 INFO  [io.api.tes.ser.api.KafkaSerdesTester] (ForkJoinPool.commonPool-worker-3) s41324bd5x7c58x4161x82adx3c7a15cd1bbc 0 8 header {
  time {
  }
}
d1: 1.756905825787E12
s1: "a"
i1: 123
bi1: 1
point {
  longitude: 22.0
  latitude: 22.0
  altitude: 1.0
}

2025-09-03 13:23:48,887 INFO  [io.api.tes.ser.api.KafkaSerdesTester] (ForkJoinPool.commonPool-worker-3) s41324bd5x7c58x4161x82adx3c7a15cd1bbc 0 9 header {
  time {
  }
}
d1: 1.756905825788E12
s1: "a"
i1: 123
bi1: 1
point {
  longitude: 22.0
  latitude: 22.0
  altitude: 1.0
}

2025-09-03 13:23:48,887 INFO  [io.api.tes.ser.api.KafkaSerdesTester] (ForkJoinPool.commonPool-worker-3) Consumed 10 messages
2025-09-03 13:23:48,894 INFO  [org.apa.kaf.cli.con.int.ConsumerRebalanceListenerInvoker] (ForkJoinPool.commonPool-worker-3) [Consumer clientId=consumer-Consumer-s41324bd5x7c58x4161x82adx3c7a15cd1bbc-25, groupId=Consumer-s41324bd5x7c58x4161x82adx3c7a15cd1bbc] Revoke previously assigned partitions s41324bd5x7c58x4161x82adx3c7a15cd1bbc-0
2025-09-03 13:23:48,894 INFO  [org.apa.kaf.cli.con.int.ConsumerCoordinator] (ForkJoinPool.commonPool-worker-3) [Consumer clientId=consumer-Consumer-s41324bd5x7c58x4161x82adx3c7a15cd1bbc-25, groupId=Consumer-s41324bd5x7c58x4161x82adx3c7a15cd1bbc] Member consumer-Consumer-s41324bd5x7c58x4161x82adx3c7a15cd1bbc-25-0b920f85-94ab-4f68-b940-9623f78a9092 sending LeaveGroup request to coordinator localhost:32769 (id: 2147483647 rack: null) due to the consumer is being closed
2025-09-03 13:23:48,894 INFO  [org.apa.kaf.cli.con.int.ConsumerCoordinator] (ForkJoinPool.commonPool-worker-3) [Consumer clientId=consumer-Consumer-s41324bd5x7c58x4161x82adx3c7a15cd1bbc-25, groupId=Consumer-s41324bd5x7c58x4161x82adx3c7a15cd1bbc] Resetting generation and member id due to: consumer pro-actively leaving the group
2025-09-03 13:23:48,894 INFO  [org.apa.kaf.cli.con.int.ConsumerCoordinator] (ForkJoinPool.commonPool-worker-3) [Consumer clientId=consumer-Consumer-s41324bd5x7c58x4161x82adx3c7a15cd1bbc-25, groupId=Consumer-s41324bd5x7c58x4161x82adx3c7a15cd1bbc] Request joining group due to: consumer pro-actively leaving the group
2025-09-03 13:23:49,387 INFO  [org.apa.kaf.com.met.Metrics] (ForkJoinPool.commonPool-worker-3) Metrics scheduler closed
2025-09-03 13:23:49,387 INFO  [org.apa.kaf.com.met.Metrics] (ForkJoinPool.commonPool-worker-3) Closing reporter org.apache.kafka.common.metrics.JmxReporter
2025-09-03 13:23:49,387 INFO  [org.apa.kaf.com.met.Metrics] (ForkJoinPool.commonPool-worker-3) Closing reporter org.apache.kafka.common.telemetry.internals.ClientTelemetryReporter
2025-09-03 13:23:49,387 INFO  [org.apa.kaf.com.met.Metrics] (ForkJoinPool.commonPool-worker-3) Metrics reporters closed
2025-09-03 13:23:49,389 INFO  [org.apa.kaf.com.uti.AppInfoParser] (ForkJoinPool.commonPool-worker-3) App info kafka.consumer for consumer-Consumer-s41324bd5x7c58x4161x82adx3c7a15cd1bbc-25 unregistered
**** Registry Base URL: http://registry-app-pg17.apps.ci419.apicurio-testing.org:80
2025-09-03 13:23:49,389 INFO  [org.apa.kaf.cli.pro.ProducerConfig] (main) ProducerConfig values: 
	acks = -1
	auto.include.jmx.reporter = true
	batch.size = 16384
	bootstrap.servers = [PLAINTEXT://localhost:32769]
	buffer.memory = 33554432
	client.dns.lookup = use_all_dns_ips
	client.id = Producer-s41324bd5x7c58x4161x82adx3c7a15cd1bbc
	compression.gzip.level = -1
	compression.lz4.level = 9
	compression.type = none
	compression.zstd.level = 3
	connections.max.idle.ms = 10000
	delivery.timeout.ms = 120000
	enable.idempotence = true
	enable.metrics.push = true
	interceptor.classes = []
	key.serializer = class org.apache.kafka.common.serialization.StringSerializer
	linger.ms = 0
	max.block.ms = 60000
	max.in.flight.requests.per.connection = 5
	max.request.size = 1048576
	metadata.max.age.ms = 300000
	metadata.max.idle.ms = 300000
	metadata.recovery.strategy = none
	metric.reporters = []
	metrics.num.samples = 2
	metrics.recording.level = INFO
	metrics.sample.window.ms = 30000
	partitioner.adaptive.partitioning.enable = true
	partitioner.availability.timeout.ms = 0
	partitioner.class = null
	partitioner.ignore.keys = false
	receive.buffer.bytes = 32768
	reconnect.backoff.max.ms = 1000
	reconnect.backoff.ms = 50
	request.timeout.ms = 5000
	retries = 2147483647
	retry.backoff.max.ms = 1000
	retry.backoff.ms = 100
	sasl.client.callback.handler.class = null
	sasl.jaas.config = null
	sasl.kerberos.kinit.cmd = /usr/bin/kinit
	sasl.kerberos.min.time.before.relogin = 60000
	sasl.kerberos.service.name = null
	sasl.kerberos.ticket.renew.jitter = 0.05
	sasl.kerberos.ticket.renew.window.factor = 0.8
	sasl.login.callback.handler.class = null
	sasl.login.class = null
	sasl.login.connect.timeout.ms = null
	sasl.login.read.timeout.ms = null
	sasl.login.refresh.buffer.seconds = 300
	sasl.login.refresh.min.period.seconds = 60
	sasl.login.refresh.window.factor = 0.8
	sasl.login.refresh.window.jitter = 0.05
	sasl.login.retry.backoff.max.ms = 10000
	sasl.login.retry.backoff.ms = 100
	sasl.mechanism = GSSAPI
	sasl.oauthbearer.clock.skew.seconds = 30
	sasl.oauthbearer.expected.audience = null
	sasl.oauthbearer.expected.issuer = null
	sasl.oauthbearer.header.urlencode = false
	sasl.oauthbearer.jwks.endpoint.refresh.ms = 3600000
	sasl.oauthbearer.jwks.endpoint.retry.backoff.max.ms = 10000
	sasl.oauthbearer.jwks.endpoint.retry.backoff.ms = 100
	sasl.oauthbearer.jwks.endpoint.url = null
	sasl.oauthbearer.scope.claim.name = scope
	sasl.oauthbearer.sub.claim.name = sub
	sasl.oauthbearer.token.endpoint.url = null
	security.protocol = PLAINTEXT
	security.providers = null
	send.buffer.bytes = 131072
	socket.connection.setup.timeout.max.ms = 30000
	socket.connection.setup.timeout.ms = 10000
	ssl.cipher.suites = null
	ssl.enabled.protocols = [TLSv1.2, TLSv1.3]
	ssl.endpoint.identification.algorithm = https
	ssl.engine.factory.class = null
	ssl.key.password = null
	ssl.keymanager.algorithm = SunX509
	ssl.keystore.certificate.chain = null
	ssl.keystore.key = null
	ssl.keystore.location = null
	ssl.keystore.password = null
	ssl.keystore.type = JKS
	ssl.protocol = TLSv1.3
	ssl.provider = null
	ssl.secure.random.implementation = null
	ssl.trustmanager.algorithm = PKIX
	ssl.truststore.certificates = null
	ssl.truststore.location = null
	ssl.truststore.password = null
	ssl.truststore.type = JKS
	transaction.timeout.ms = 60000
	transactional.id = null
	value.serializer = class io.apicurio.registry.serde.protobuf.ProtobufKafkaSerializer

2025-09-03 13:23:49,389 INFO  [org.apa.kaf.com.tel.int.KafkaMetricsCollector] (main) initializing Kafka metrics collector
2025-09-03 13:23:49,392 INFO  [org.apa.kaf.cli.pro.KafkaProducer] (main) [Producer clientId=Producer-s41324bd5x7c58x4161x82adx3c7a15cd1bbc] Instantiated an idempotent producer.
2025-09-03 13:23:49,393 INFO  [org.apa.kaf.cli.pro.ProducerConfig] (main) These configurations '[apicurio.registry.find-latest, apicurio.registry.url, apicurio.registry.headers.enabled, apicurio.registry.artifact-resolver-strategy]' were supplied but are not used yet.
2025-09-03 13:23:49,393 INFO  [org.apa.kaf.com.uti.AppInfoParser] (main) Kafka version: 3.9.1
2025-09-03 13:23:49,393 INFO  [org.apa.kaf.com.uti.AppInfoParser] (main) Kafka commitId: f745dfdcee2b9851
2025-09-03 13:23:49,393 INFO  [org.apa.kaf.com.uti.AppInfoParser] (main) Kafka startTimeMs: 1756905829393
2025-09-03 13:23:49,393 INFO  [io.api.tes.ser.api.SimpleSerdesTesterBuilder$SimpleSerdesTester] (main) Using producer configuration: {apicurio.registry.find-latest=false, apicurio.registry.url=http://registry-app-pg17.apps.ci419.apicurio-testing.org:80/apis/registry/v3, apicurio.registry.headers.enabled=true, apicurio.registry.artifact-resolver-strategy=io.apicurio.registry.serde.strategy.TopicIdStrategy, value.serializer=io.apicurio.registry.serde.protobuf.ProtobufKafkaSerializer, request.timeout.ms=5000, acks=all, bootstrap.servers=PLAINTEXT://localhost:32769, connections.max.idle.ms=10000, key.serializer=org.apache.kafka.common.serialization.StringSerializer, client.id=Producer-s41324bd5x7c58x4161x82adx3c7a15cd1bbc}
2025-09-03 13:23:49,393 INFO  [io.api.tes.ser.api.SimpleSerdesTesterBuilder$SimpleSerdesTester] (main) Using consumer configuration: {apicurio.registry.headers.enabled=true}
2025-09-03 13:23:49,394 INFO  [io.api.tes.ser.api.KafkaSerdesTester] (ForkJoinPool.commonPool-worker-3) Sending message header {
  time {
  }
}
d1: 1.756905829393E12
s1: "a"
i1: 123
bi1: 1
point {
  longitude: 22.0
  latitude: 22.0
  altitude: 1.0
}
 to topic s41324bd5x7c58x4161x82adx3c7a15cd1bbc
2025-09-03 13:23:49,395 INFO  [org.apa.kaf.cli.Metadata] (kafka-producer-network-thread | Producer-s41324bd5x7c58x4161x82adx3c7a15cd1bbc) [Producer clientId=Producer-s41324bd5x7c58x4161x82adx3c7a15cd1bbc] Cluster ID: Vad1sk8gS_OCqo1-tuet0Q
2025-09-03 13:23:49,395 INFO  [org.apa.kaf.cli.pro.int.TransactionManager] (kafka-producer-network-thread | Producer-s41324bd5x7c58x4161x82adx3c7a15cd1bbc) [Producer clientId=Producer-s41324bd5x7c58x4161x82adx3c7a15cd1bbc] ProducerId set to 35 with epoch 0
2025-09-03 13:23:49,396 INFO  [DefaultSchemaResolver] (ForkJoinPool.commonPool-worker-3) Retrieving schema content using string: // Proto schema formatted by Wire, do not edit.
// Source: 

syntax = "proto3";

package io.apicurio.tests.protobuf;

import "google/protobuf/timestamp.proto";

option java_multiple_files = true;

message ProtobufTestMessage {
  .io.apicurio.tests.protobuf.Header header = 1;

  double d1 = 2;

  string s1 = 4;

  int32 i1 = 7;

  int64 bi1 = 12;

  .google.protobuf.Timestamp state_time = 22;

  .io.apicurio.tests.protobuf.Point point = 30;
}

message Header {
  .google.protobuf.Timestamp time = 1;

  string source = 2;

  string destination = 3;

  string uuid = 4;

  repeated string source_uuids = 5;

  string message_type_id = 6;

  string raw_message = 7;
}

message Point {
  oneof longitude_oneof {
    double longitude = 1;
  }

  oneof latitude_oneof {
    double latitude = 2;
  }

  oneof altitude_oneof {
    double altitude = 3;
  }
}

2025-09-03 13:23:49,423 INFO  [io.api.tes.ser.api.KafkaSerdesTester] (ForkJoinPool.commonPool-worker-3) Sending message header {
  time {
  }
}
d1: 1.756905829423E12
s1: "a"
i1: 123
bi1: 1
point {
  longitude: 22.0
  latitude: 22.0
  altitude: 1.0
}
 to topic s41324bd5x7c58x4161x82adx3c7a15cd1bbc
2025-09-03 13:23:49,425 INFO  [io.api.tes.ser.api.KafkaSerdesTester] (ForkJoinPool.commonPool-worker-3) Sending message header {
  time {
  }
}
d1: 1.756905829425E12
s1: "a"
i1: 123
bi1: 1
point {
  longitude: 22.0
  latitude: 22.0
  altitude: 1.0
}
 to topic s41324bd5x7c58x4161x82adx3c7a15cd1bbc
2025-09-03 13:23:49,427 INFO  [io.api.tes.ser.api.KafkaSerdesTester] (ForkJoinPool.commonPool-worker-3) Sending message header {
  time {
  }
}
d1: 1.756905829427E12
s1: "a"
i1: 123
bi1: 1
point {
  longitude: 22.0
  latitude: 22.0
  altitude: 1.0
}
 to topic s41324bd5x7c58x4161x82adx3c7a15cd1bbc
2025-09-03 13:23:49,429 INFO  [io.api.tes.ser.api.KafkaSerdesTester] (ForkJoinPool.commonPool-worker-3) Sending message header {
  time {
  }
}
d1: 1.756905829429E12
s1: "a"
i1: 123
bi1: 1
point {
  longitude: 22.0
  latitude: 22.0
  altitude: 1.0
}
 to topic s41324bd5x7c58x4161x82adx3c7a15cd1bbc
2025-09-03 13:23:49,431 INFO  [io.api.tes.ser.api.KafkaSerdesTester] (ForkJoinPool.commonPool-worker-3) Sending message header {
  time {
  }
}
d1: 1.75690582943E12
s1: "a"
i1: 123
bi1: 1
point {
  longitude: 22.0
  latitude: 22.0
  altitude: 1.0
}
 to topic s41324bd5x7c58x4161x82adx3c7a15cd1bbc
2025-09-03 13:23:49,433 INFO  [io.api.tes.ser.api.KafkaSerdesTester] (ForkJoinPool.commonPool-worker-3) Sending message header {
  time {
  }
}
d1: 1.756905829433E12
s1: "a"
i1: 123
bi1: 1
point {
  longitude: 22.0
  latitude: 22.0
  altitude: 1.0
}
 to topic s41324bd5x7c58x4161x82adx3c7a15cd1bbc
2025-09-03 13:23:49,434 INFO  [io.api.tes.ser.api.KafkaSerdesTester] (ForkJoinPool.commonPool-worker-3) Sending message header {
  time {
  }
}
d1: 1.756905829434E12
s1: "a"
i1: 123
bi1: 1
point {
  longitude: 22.0
  latitude: 22.0
  altitude: 1.0
}
 to topic s41324bd5x7c58x4161x82adx3c7a15cd1bbc
2025-09-03 13:23:49,436 INFO  [io.api.tes.ser.api.KafkaSerdesTester] (ForkJoinPool.commonPool-worker-3) Sending message header {
  time {
  }
}
d1: 1.756905829436E12
s1: "a"
i1: 123
bi1: 1
point {
  longitude: 22.0
  latitude: 22.0
  altitude: 1.0
}
 to topic s41324bd5x7c58x4161x82adx3c7a15cd1bbc
2025-09-03 13:23:49,437 INFO  [io.api.tes.ser.api.KafkaSerdesTester] (ForkJoinPool.commonPool-worker-3) Sending message header {
  time {
  }
}
d1: 1.756905829437E12
s1: "a"
i1: 123
bi1: 1
point {
  longitude: 22.0
  latitude: 22.0
  altitude: 1.0
}
 to topic s41324bd5x7c58x4161x82adx3c7a15cd1bbc
2025-09-03 13:23:49,440 INFO  [io.api.tes.ser.api.KafkaSerdesTester] (ForkJoinPool.commonPool-worker-3) Produced 10 messages
2025-09-03 13:23:49,440 INFO  [org.apa.kaf.cli.pro.KafkaProducer] (ForkJoinPool.commonPool-worker-3) [Producer clientId=Producer-s41324bd5x7c58x4161x82adx3c7a15cd1bbc] Closing the Kafka producer with timeoutMillis = 9223372036854775807 ms.
2025-09-03 13:23:49,442 INFO  [org.apa.kaf.com.met.Metrics] (ForkJoinPool.commonPool-worker-3) Metrics scheduler closed
2025-09-03 13:23:49,442 INFO  [org.apa.kaf.com.met.Metrics] (ForkJoinPool.commonPool-worker-3) Closing reporter org.apache.kafka.common.metrics.JmxReporter
2025-09-03 13:23:49,442 INFO  [org.apa.kaf.com.met.Metrics] (ForkJoinPool.commonPool-worker-3) Closing reporter org.apache.kafka.common.telemetry.internals.ClientTelemetryReporter
2025-09-03 13:23:49,442 INFO  [org.apa.kaf.com.met.Metrics] (ForkJoinPool.commonPool-worker-3) Metrics reporters closed
2025-09-03 13:23:49,443 INFO  [org.apa.kaf.com.uti.AppInfoParser] (ForkJoinPool.commonPool-worker-3) App info kafka.producer for Producer-s41324bd5x7c58x4161x82adx3c7a15cd1bbc unregistered
**** Registry Base URL: http://registry-app-pg17.apps.ci419.apicurio-testing.org:80
2025-09-03 13:23:49,443 INFO  [org.apa.kaf.cli.con.ConsumerConfig] (main) ConsumerConfig values: 
	allow.auto.create.topics = true
	auto.commit.interval.ms = 500
	auto.include.jmx.reporter = true
	auto.offset.reset = earliest
	bootstrap.servers = [PLAINTEXT://localhost:32769]
	check.crcs = true
	client.dns.lookup = use_all_dns_ips
	client.id = consumer-Consumer-s41324bd5x7c58x4161x82adx3c7a15cd1bbc-26
	client.rack = 
	connections.max.idle.ms = 10000
	default.api.timeout.ms = 60000
	enable.auto.commit = true
	enable.metrics.push = true
	exclude.internal.topics = true
	fetch.max.bytes = 52428800
	fetch.max.wait.ms = 500
	fetch.min.bytes = 1
	group.id = Consumer-s41324bd5x7c58x4161x82adx3c7a15cd1bbc
	group.instance.id = null
	group.protocol = classic
	group.remote.assignor = null
	heartbeat.interval.ms = 3000
	interceptor.classes = []
	internal.leave.group.on.close = true
	internal.throw.on.fetch.stable.offset.unsupported = false
	isolation.level = read_uncommitted
	key.deserializer = class org.apache.kafka.common.serialization.StringDeserializer
	max.partition.fetch.bytes = 1048576
	max.poll.interval.ms = 300000
	max.poll.records = 500
	metadata.max.age.ms = 300000
	metadata.recovery.strategy = none
	metric.reporters = []
	metrics.num.samples = 2
	metrics.recording.level = INFO
	metrics.sample.window.ms = 30000
	partition.assignment.strategy = [class org.apache.kafka.clients.consumer.RangeAssignor, class org.apache.kafka.clients.consumer.CooperativeStickyAssignor]
	receive.buffer.bytes = 65536
	reconnect.backoff.max.ms = 1000
	reconnect.backoff.ms = 50
	request.timeout.ms = 5000
	retry.backoff.max.ms = 1000
	retry.backoff.ms = 100
	sasl.client.callback.handler.class = null
	sasl.jaas.config = null
	sasl.kerberos.kinit.cmd = /usr/bin/kinit
	sasl.kerberos.min.time.before.relogin = 60000
	sasl.kerberos.service.name = null
	sasl.kerberos.ticket.renew.jitter = 0.05
	sasl.kerberos.ticket.renew.window.factor = 0.8
	sasl.login.callback.handler.class = null
	sasl.login.class = null
	sasl.login.connect.timeout.ms = null
	sasl.login.read.timeout.ms = null
	sasl.login.refresh.buffer.seconds = 300
	sasl.login.refresh.min.period.seconds = 60
	sasl.login.refresh.window.factor = 0.8
	sasl.login.refresh.window.jitter = 0.05
	sasl.login.retry.backoff.max.ms = 10000
	sasl.login.retry.backoff.ms = 100
	sasl.mechanism = GSSAPI
	sasl.oauthbearer.clock.skew.seconds = 30
	sasl.oauthbearer.expected.audience = null
	sasl.oauthbearer.expected.issuer = null
	sasl.oauthbearer.header.urlencode = false
	sasl.oauthbearer.jwks.endpoint.refresh.ms = 3600000
	sasl.oauthbearer.jwks.endpoint.retry.backoff.max.ms = 10000
	sasl.oauthbearer.jwks.endpoint.retry.backoff.ms = 100
	sasl.oauthbearer.jwks.endpoint.url = null
	sasl.oauthbearer.scope.claim.name = scope
	sasl.oauthbearer.sub.claim.name = sub
	sasl.oauthbearer.token.endpoint.url = null
	security.protocol = PLAINTEXT
	security.providers = null
	send.buffer.bytes = 131072
	session.timeout.ms = 45000
	socket.connection.setup.timeout.max.ms = 30000
	socket.connection.setup.timeout.ms = 10000
	ssl.cipher.suites = null
	ssl.enabled.protocols = [TLSv1.2, TLSv1.3]
	ssl.endpoint.identification.algorithm = https
	ssl.engine.factory.class = null
	ssl.key.password = null
	ssl.keymanager.algorithm = SunX509
	ssl.keystore.certificate.chain = null
	ssl.keystore.key = null
	ssl.keystore.location = null
	ssl.keystore.password = null
	ssl.keystore.type = JKS
	ssl.protocol = TLSv1.3
	ssl.provider = null
	ssl.secure.random.implementation = null
	ssl.trustmanager.algorithm = PKIX
	ssl.truststore.certificates = null
	ssl.truststore.location = null
	ssl.truststore.password = null
	ssl.truststore.type = JKS
	value.deserializer = class io.apicurio.registry.serde.protobuf.ProtobufKafkaDeserializer

2025-09-03 13:23:49,443 INFO  [org.apa.kaf.com.tel.int.KafkaMetricsCollector] (main) initializing Kafka metrics collector
2025-09-03 13:23:49,449 INFO  [org.apa.kaf.cli.con.ConsumerConfig] (main) These configurations '[apicurio.registry.url, apicurio.registry.headers.enabled]' were supplied but are not used yet.
2025-09-03 13:23:49,449 INFO  [org.apa.kaf.com.uti.AppInfoParser] (main) Kafka version: 3.9.1
2025-09-03 13:23:49,449 INFO  [org.apa.kaf.com.uti.AppInfoParser] (main) Kafka commitId: f745dfdcee2b9851
2025-09-03 13:23:49,449 INFO  [org.apa.kaf.com.uti.AppInfoParser] (main) Kafka startTimeMs: 1756905829449
2025-09-03 13:23:49,449 INFO  [org.apa.kaf.cli.con.int.ClassicKafkaConsumer] (ForkJoinPool.commonPool-worker-3) [Consumer clientId=consumer-Consumer-s41324bd5x7c58x4161x82adx3c7a15cd1bbc-26, groupId=Consumer-s41324bd5x7c58x4161x82adx3c7a15cd1bbc] Subscribed to topic(s): s41324bd5x7c58x4161x82adx3c7a15cd1bbc
2025-09-03 13:23:49,453 INFO  [org.apa.kaf.cli.Metadata] (ForkJoinPool.commonPool-worker-3) [Consumer clientId=consumer-Consumer-s41324bd5x7c58x4161x82adx3c7a15cd1bbc-26, groupId=Consumer-s41324bd5x7c58x4161x82adx3c7a15cd1bbc] Cluster ID: Vad1sk8gS_OCqo1-tuet0Q
2025-09-03 13:23:49,454 INFO  [org.apa.kaf.cli.con.int.ConsumerCoordinator] (ForkJoinPool.commonPool-worker-3) [Consumer clientId=consumer-Consumer-s41324bd5x7c58x4161x82adx3c7a15cd1bbc-26, groupId=Consumer-s41324bd5x7c58x4161x82adx3c7a15cd1bbc] Discovered group coordinator localhost:32769 (id: 2147483647 rack: null)
2025-09-03 13:23:49,455 INFO  [org.apa.kaf.cli.con.int.ConsumerCoordinator] (ForkJoinPool.commonPool-worker-3) [Consumer clientId=consumer-Consumer-s41324bd5x7c58x4161x82adx3c7a15cd1bbc-26, groupId=Consumer-s41324bd5x7c58x4161x82adx3c7a15cd1bbc] (Re-)joining group
2025-09-03 13:23:49,457 INFO  [org.apa.kaf.cli.con.int.ConsumerCoordinator] (ForkJoinPool.commonPool-worker-3) [Consumer clientId=consumer-Consumer-s41324bd5x7c58x4161x82adx3c7a15cd1bbc-26, groupId=Consumer-s41324bd5x7c58x4161x82adx3c7a15cd1bbc] Request joining group due to: need to re-join with the given member-id: consumer-Consumer-s41324bd5x7c58x4161x82adx3c7a15cd1bbc-26-5e6093f5-a6a0-4166-b515-fc6bb0d300df
2025-09-03 13:23:49,457 INFO  [org.apa.kaf.cli.con.int.ConsumerCoordinator] (ForkJoinPool.commonPool-worker-3) [Consumer clientId=consumer-Consumer-s41324bd5x7c58x4161x82adx3c7a15cd1bbc-26, groupId=Consumer-s41324bd5x7c58x4161x82adx3c7a15cd1bbc] (Re-)joining group
2025-09-03 13:23:50,449 INFO  [io.api.tes.ser.api.KafkaSerdesTester] (ForkJoinPool.commonPool-worker-3) None found
2025-09-03 13:23:51,449 INFO  [io.api.tes.ser.api.KafkaSerdesTester] (ForkJoinPool.commonPool-worker-3) None found
2025-09-03 13:23:52,449 INFO  [io.api.tes.ser.api.KafkaSerdesTester] (ForkJoinPool.commonPool-worker-3) None found
2025-09-03 13:23:52,458 INFO  [org.apa.kaf.cli.con.int.ConsumerCoordinator] (ForkJoinPool.commonPool-worker-3) [Consumer clientId=consumer-Consumer-s41324bd5x7c58x4161x82adx3c7a15cd1bbc-26, groupId=Consumer-s41324bd5x7c58x4161x82adx3c7a15cd1bbc] Successfully joined group with generation Generation{generationId=3, memberId='consumer-Consumer-s41324bd5x7c58x4161x82adx3c7a15cd1bbc-26-5e6093f5-a6a0-4166-b515-fc6bb0d300df', protocol='range'}
2025-09-03 13:23:52,458 INFO  [org.apa.kaf.cli.con.int.ConsumerCoordinator] (ForkJoinPool.commonPool-worker-3) [Consumer clientId=consumer-Consumer-s41324bd5x7c58x4161x82adx3c7a15cd1bbc-26, groupId=Consumer-s41324bd5x7c58x4161x82adx3c7a15cd1bbc] Finished assignment for group at generation 3: {consumer-Consumer-s41324bd5x7c58x4161x82adx3c7a15cd1bbc-26-5e6093f5-a6a0-4166-b515-fc6bb0d300df=Assignment(partitions=[s41324bd5x7c58x4161x82adx3c7a15cd1bbc-0])}
2025-09-03 13:23:52,465 INFO  [org.apa.kaf.cli.con.int.ConsumerCoordinator] (ForkJoinPool.commonPool-worker-3) [Consumer clientId=consumer-Consumer-s41324bd5x7c58x4161x82adx3c7a15cd1bbc-26, groupId=Consumer-s41324bd5x7c58x4161x82adx3c7a15cd1bbc] Successfully synced group in generation Generation{generationId=3, memberId='consumer-Consumer-s41324bd5x7c58x4161x82adx3c7a15cd1bbc-26-5e6093f5-a6a0-4166-b515-fc6bb0d300df', protocol='range'}
2025-09-03 13:23:52,465 INFO  [org.apa.kaf.cli.con.int.ConsumerCoordinator] (ForkJoinPool.commonPool-worker-3) [Consumer clientId=consumer-Consumer-s41324bd5x7c58x4161x82adx3c7a15cd1bbc-26, groupId=Consumer-s41324bd5x7c58x4161x82adx3c7a15cd1bbc] Notifying assignor about the new Assignment(partitions=[s41324bd5x7c58x4161x82adx3c7a15cd1bbc-0])
2025-09-03 13:23:52,465 INFO  [org.apa.kaf.cli.con.int.ConsumerRebalanceListenerInvoker] (ForkJoinPool.commonPool-worker-3) [Consumer clientId=consumer-Consumer-s41324bd5x7c58x4161x82adx3c7a15cd1bbc-26, groupId=Consumer-s41324bd5x7c58x4161x82adx3c7a15cd1bbc] Adding newly assigned partitions: s41324bd5x7c58x4161x82adx3c7a15cd1bbc-0
2025-09-03 13:23:52,466 INFO  [org.apa.kaf.cli.con.int.ConsumerUtils] (ForkJoinPool.commonPool-worker-3) Setting offset for partition s41324bd5x7c58x4161x82adx3c7a15cd1bbc-0 to the committed offset FetchPosition{offset=10, offsetEpoch=Optional[0], currentLeader=LeaderAndEpoch{leader=Optional[localhost:32769 (id: 0 rack: null)], epoch=0}}
2025-09-03 13:23:52,530 INFO  [io.api.tes.ser.api.KafkaSerdesTester] (ForkJoinPool.commonPool-worker-3) s41324bd5x7c58x4161x82adx3c7a15cd1bbc 0 10 header {
  time {
  }
}
d1: 1.756905829393E12
s1: "a"
i1: 123
bi1: 1
point {
  longitude: 22.0
  latitude: 22.0
  altitude: 1.0
}

2025-09-03 13:23:52,530 INFO  [io.api.tes.ser.api.KafkaSerdesTester] (ForkJoinPool.commonPool-worker-3) s41324bd5x7c58x4161x82adx3c7a15cd1bbc 0 11 header {
  time {
  }
}
d1: 1.756905829423E12
s1: "a"
i1: 123
bi1: 1
point {
  longitude: 22.0
  latitude: 22.0
  altitude: 1.0
}

2025-09-03 13:23:52,530 INFO  [io.api.tes.ser.api.KafkaSerdesTester] (ForkJoinPool.commonPool-worker-3) s41324bd5x7c58x4161x82adx3c7a15cd1bbc 0 12 header {
  time {
  }
}
d1: 1.756905829425E12
s1: "a"
i1: 123
bi1: 1
point {
  longitude: 22.0
  latitude: 22.0
  altitude: 1.0
}

2025-09-03 13:23:52,530 INFO  [io.api.tes.ser.api.KafkaSerdesTester] (ForkJoinPool.commonPool-worker-3) s41324bd5x7c58x4161x82adx3c7a15cd1bbc 0 13 header {
  time {
  }
}
d1: 1.756905829427E12
s1: "a"
i1: 123
bi1: 1
point {
  longitude: 22.0
  latitude: 22.0
  altitude: 1.0
}

2025-09-03 13:23:52,530 INFO  [io.api.tes.ser.api.KafkaSerdesTester] (ForkJoinPool.commonPool-worker-3) s41324bd5x7c58x4161x82adx3c7a15cd1bbc 0 14 header {
  time {
  }
}
d1: 1.756905829429E12
s1: "a"
i1: 123
bi1: 1
point {
  longitude: 22.0
  latitude: 22.0
  altitude: 1.0
}

2025-09-03 13:23:52,530 INFO  [io.api.tes.ser.api.KafkaSerdesTester] (ForkJoinPool.commonPool-worker-3) s41324bd5x7c58x4161x82adx3c7a15cd1bbc 0 15 header {
  time {
  }
}
d1: 1.75690582943E12
s1: "a"
i1: 123
bi1: 1
point {
  longitude: 22.0
  latitude: 22.0
  altitude: 1.0
}

2025-09-03 13:23:52,531 INFO  [io.api.tes.ser.api.KafkaSerdesTester] (ForkJoinPool.commonPool-worker-3) s41324bd5x7c58x4161x82adx3c7a15cd1bbc 0 16 header {
  time {
  }
}
d1: 1.756905829433E12
s1: "a"
i1: 123
bi1: 1
point {
  longitude: 22.0
  latitude: 22.0
  altitude: 1.0
}

2025-09-03 13:23:52,531 INFO  [io.api.tes.ser.api.KafkaSerdesTester] (ForkJoinPool.commonPool-worker-3) s41324bd5x7c58x4161x82adx3c7a15cd1bbc 0 17 header {
  time {
  }
}
d1: 1.756905829434E12
s1: "a"
i1: 123
bi1: 1
point {
  longitude: 22.0
  latitude: 22.0
  altitude: 1.0
}

2025-09-03 13:23:52,531 INFO  [io.api.tes.ser.api.KafkaSerdesTester] (ForkJoinPool.commonPool-worker-3) s41324bd5x7c58x4161x82adx3c7a15cd1bbc 0 18 header {
  time {
  }
}
d1: 1.756905829436E12
s1: "a"
i1: 123
bi1: 1
point {
  longitude: 22.0
  latitude: 22.0
  altitude: 1.0
}

2025-09-03 13:23:52,531 INFO  [io.api.tes.ser.api.KafkaSerdesTester] (ForkJoinPool.commonPool-worker-3) s41324bd5x7c58x4161x82adx3c7a15cd1bbc 0 19 header {
  time {
  }
}
d1: 1.756905829437E12
s1: "a"
i1: 123
bi1: 1
point {
  longitude: 22.0
  latitude: 22.0
  altitude: 1.0
}

2025-09-03 13:23:52,531 INFO  [io.api.tes.ser.api.KafkaSerdesTester] (ForkJoinPool.commonPool-worker-3) Consumed 10 messages
2025-09-03 13:23:52,538 INFO  [org.apa.kaf.cli.con.int.ConsumerRebalanceListenerInvoker] (ForkJoinPool.commonPool-worker-3) [Consumer clientId=consumer-Consumer-s41324bd5x7c58x4161x82adx3c7a15cd1bbc-26, groupId=Consumer-s41324bd5x7c58x4161x82adx3c7a15cd1bbc] Revoke previously assigned partitions s41324bd5x7c58x4161x82adx3c7a15cd1bbc-0
2025-09-03 13:23:52,538 INFO  [org.apa.kaf.cli.con.int.ConsumerCoordinator] (ForkJoinPool.commonPool-worker-3) [Consumer clientId=consumer-Consumer-s41324bd5x7c58x4161x82adx3c7a15cd1bbc-26, groupId=Consumer-s41324bd5x7c58x4161x82adx3c7a15cd1bbc] Member consumer-Consumer-s41324bd5x7c58x4161x82adx3c7a15cd1bbc-26-5e6093f5-a6a0-4166-b515-fc6bb0d300df sending LeaveGroup request to coordinator localhost:32769 (id: 2147483647 rack: null) due to the consumer is being closed
2025-09-03 13:23:52,538 INFO  [org.apa.kaf.cli.con.int.ConsumerCoordinator] (ForkJoinPool.commonPool-worker-3) [Consumer clientId=consumer-Consumer-s41324bd5x7c58x4161x82adx3c7a15cd1bbc-26, groupId=Consumer-s41324bd5x7c58x4161x82adx3c7a15cd1bbc] Resetting generation and member id due to: consumer pro-actively leaving the group
2025-09-03 13:23:52,538 INFO  [org.apa.kaf.cli.con.int.ConsumerCoordinator] (ForkJoinPool.commonPool-worker-3) [Consumer clientId=consumer-Consumer-s41324bd5x7c58x4161x82adx3c7a15cd1bbc-26, groupId=Consumer-s41324bd5x7c58x4161x82adx3c7a15cd1bbc] Request joining group due to: consumer pro-actively leaving the group
2025-09-03 13:23:53,032 INFO  [org.apa.kaf.com.met.Metrics] (ForkJoinPool.commonPool-worker-3) Metrics scheduler closed
2025-09-03 13:23:53,032 INFO  [org.apa.kaf.com.met.Metrics] (ForkJoinPool.commonPool-worker-3) Closing reporter org.apache.kafka.common.metrics.JmxReporter
2025-09-03 13:23:53,032 INFO  [org.apa.kaf.com.met.Metrics] (ForkJoinPool.commonPool-worker-3) Closing reporter org.apache.kafka.common.telemetry.internals.ClientTelemetryReporter
2025-09-03 13:23:53,032 INFO  [org.apa.kaf.com.met.Metrics] (ForkJoinPool.commonPool-worker-3) Metrics reporters closed
2025-09-03 13:23:53,034 INFO  [org.apa.kaf.com.uti.AppInfoParser] (ForkJoinPool.commonPool-worker-3) App info kafka.consumer for consumer-Consumer-s41324bd5x7c58x4161x82adx3c7a15cd1bbc-26 unregistered
**** Registry Base URL: http://registry-app-pg17.apps.ci419.apicurio-testing.org:80
2025-09-03 13:23:53,034 INFO  [org.apa.kaf.cli.pro.ProducerConfig] (main) ProducerConfig values: 
	acks = -1
	auto.include.jmx.reporter = true
	batch.size = 16384
	bootstrap.servers = [PLAINTEXT://localhost:32769]
	buffer.memory = 33554432
	client.dns.lookup = use_all_dns_ips
	client.id = Producer-s41324bd5x7c58x4161x82adx3c7a15cd1bbc
	compression.gzip.level = -1
	compression.lz4.level = 9
	compression.type = none
	compression.zstd.level = 3
	connections.max.idle.ms = 10000
	delivery.timeout.ms = 120000
	enable.idempotence = true
	enable.metrics.push = true
	interceptor.classes = []
	key.serializer = class org.apache.kafka.common.serialization.StringSerializer
	linger.ms = 0
	max.block.ms = 60000
	max.in.flight.requests.per.connection = 5
	max.request.size = 1048576
	metadata.max.age.ms = 300000
	metadata.max.idle.ms = 300000
	metadata.recovery.strategy = none
	metric.reporters = []
	metrics.num.samples = 2
	metrics.recording.level = INFO
	metrics.sample.window.ms = 30000
	partitioner.adaptive.partitioning.enable = true
	partitioner.availability.timeout.ms = 0
	partitioner.class = null
	partitioner.ignore.keys = false
	receive.buffer.bytes = 32768
	reconnect.backoff.max.ms = 1000
	reconnect.backoff.ms = 50
	request.timeout.ms = 5000
	retries = 2147483647
	retry.backoff.max.ms = 1000
	retry.backoff.ms = 100
	sasl.client.callback.handler.class = null
	sasl.jaas.config = null
	sasl.kerberos.kinit.cmd = /usr/bin/kinit
	sasl.kerberos.min.time.before.relogin = 60000
	sasl.kerberos.service.name = null
	sasl.kerberos.ticket.renew.jitter = 0.05
	sasl.kerberos.ticket.renew.window.factor = 0.8
	sasl.login.callback.handler.class = null
	sasl.login.class = null
	sasl.login.connect.timeout.ms = null
	sasl.login.read.timeout.ms = null
	sasl.login.refresh.buffer.seconds = 300
	sasl.login.refresh.min.period.seconds = 60
	sasl.login.refresh.window.factor = 0.8
	sasl.login.refresh.window.jitter = 0.05
	sasl.login.retry.backoff.max.ms = 10000
	sasl.login.retry.backoff.ms = 100
	sasl.mechanism = GSSAPI
	sasl.oauthbearer.clock.skew.seconds = 30
	sasl.oauthbearer.expected.audience = null
	sasl.oauthbearer.expected.issuer = null
	sasl.oauthbearer.header.urlencode = false
	sasl.oauthbearer.jwks.endpoint.refresh.ms = 3600000
	sasl.oauthbearer.jwks.endpoint.retry.backoff.max.ms = 10000
	sasl.oauthbearer.jwks.endpoint.retry.backoff.ms = 100
	sasl.oauthbearer.jwks.endpoint.url = null
	sasl.oauthbearer.scope.claim.name = scope
	sasl.oauthbearer.sub.claim.name = sub
	sasl.oauthbearer.token.endpoint.url = null
	security.protocol = PLAINTEXT
	security.providers = null
	send.buffer.bytes = 131072
	socket.connection.setup.timeout.max.ms = 30000
	socket.connection.setup.timeout.ms = 10000
	ssl.cipher.suites = null
	ssl.enabled.protocols = [TLSv1.2, TLSv1.3]
	ssl.endpoint.identification.algorithm = https
	ssl.engine.factory.class = null
	ssl.key.password = null
	ssl.keymanager.algorithm = SunX509
	ssl.keystore.certificate.chain = null
	ssl.keystore.key = null
	ssl.keystore.location = null
	ssl.keystore.password = null
	ssl.keystore.type = JKS
	ssl.protocol = TLSv1.3
	ssl.provider = null
	ssl.secure.random.implementation = null
	ssl.trustmanager.algorithm = PKIX
	ssl.truststore.certificates = null
	ssl.truststore.location = null
	ssl.truststore.password = null
	ssl.truststore.type = JKS
	transaction.timeout.ms = 60000
	transactional.id = null
	value.serializer = class io.apicurio.registry.serde.protobuf.ProtobufKafkaSerializer

2025-09-03 13:23:53,035 INFO  [org.apa.kaf.com.tel.int.KafkaMetricsCollector] (main) initializing Kafka metrics collector
2025-09-03 13:23:53,038 INFO  [org.apa.kaf.cli.pro.KafkaProducer] (main) [Producer clientId=Producer-s41324bd5x7c58x4161x82adx3c7a15cd1bbc] Instantiated an idempotent producer.
2025-09-03 13:23:53,040 INFO  [org.apa.kaf.cli.pro.ProducerConfig] (main) These configurations '[apicurio.registry.url, apicurio.registry.headers.enabled, apicurio.registry.artifact-resolver-strategy]' were supplied but are not used yet.
2025-09-03 13:23:53,040 INFO  [org.apa.kaf.com.uti.AppInfoParser] (main) Kafka version: 3.9.1
2025-09-03 13:23:53,040 INFO  [org.apa.kaf.com.uti.AppInfoParser] (main) Kafka commitId: f745dfdcee2b9851
2025-09-03 13:23:53,040 INFO  [org.apa.kaf.com.uti.AppInfoParser] (main) Kafka startTimeMs: 1756905833040
2025-09-03 13:23:53,040 INFO  [io.api.tes.ser.api.SimpleSerdesTesterBuilder$SimpleSerdesTester] (main) Using producer configuration: {apicurio.registry.url=http://registry-app-pg17.apps.ci419.apicurio-testing.org:80/apis/registry/v3, apicurio.registry.headers.enabled=true, apicurio.registry.artifact-resolver-strategy=io.apicurio.registry.serde.strategy.TopicIdStrategy, value.serializer=io.apicurio.registry.serde.protobuf.ProtobufKafkaSerializer, request.timeout.ms=5000, acks=all, bootstrap.servers=PLAINTEXT://localhost:32769, connections.max.idle.ms=10000, key.serializer=org.apache.kafka.common.serialization.StringSerializer, client.id=Producer-s41324bd5x7c58x4161x82adx3c7a15cd1bbc}
2025-09-03 13:23:53,040 INFO  [io.api.tes.ser.api.SimpleSerdesTesterBuilder$SimpleSerdesTester] (main) Using consumer configuration: {apicurio.registry.headers.enabled=true}
2025-09-03 13:23:53,041 INFO  [io.api.tes.ser.api.KafkaSerdesTester] (ForkJoinPool.commonPool-worker-3) Sending message msb: 1756905833041
lsb: 321
 to topic s41324bd5x7c58x4161x82adx3c7a15cd1bbc
2025-09-03 13:23:53,042 INFO  [org.apa.kaf.cli.Metadata] (kafka-producer-network-thread | Producer-s41324bd5x7c58x4161x82adx3c7a15cd1bbc) [Producer clientId=Producer-s41324bd5x7c58x4161x82adx3c7a15cd1bbc] Cluster ID: Vad1sk8gS_OCqo1-tuet0Q
2025-09-03 13:23:53,042 INFO  [org.apa.kaf.cli.pro.int.TransactionManager] (kafka-producer-network-thread | Producer-s41324bd5x7c58x4161x82adx3c7a15cd1bbc) [Producer clientId=Producer-s41324bd5x7c58x4161x82adx3c7a15cd1bbc] ProducerId set to 36 with epoch 0
2025-09-03 13:23:53,044 INFO  [DefaultSchemaResolver] (ForkJoinPool.commonPool-worker-3) Retrieving schema content using string: // Proto schema formatted by Wire, do not edit.
// Source: 

syntax = "proto3";

package io.apicurio.registry.common.proto;

option java_package = "io.apicurio.registry.common.proto";
option java_outer_classname = "Cmmn";

message UUID {
  fixed64 msb = 1;

  fixed64 lsb = 2;
}

2025-09-03 13:23:53,069 INFO  [io.api.tes.ser.api.KafkaSerdesTester] (ForkJoinPool.commonPool-worker-3) Sending message msb: 1756905833069
lsb: 321
 to topic s41324bd5x7c58x4161x82adx3c7a15cd1bbc
2025-09-03 13:23:53,070 INFO  [io.api.tes.ser.api.KafkaSerdesTester] (ForkJoinPool.commonPool-worker-3) Sending message msb: 1756905833070
lsb: 321
 to topic s41324bd5x7c58x4161x82adx3c7a15cd1bbc
2025-09-03 13:23:53,071 INFO  [io.api.tes.ser.api.KafkaSerdesTester] (ForkJoinPool.commonPool-worker-3) Sending message msb: 1756905833071
lsb: 321
 to topic s41324bd5x7c58x4161x82adx3c7a15cd1bbc
2025-09-03 13:23:53,072 INFO  [io.api.tes.ser.api.KafkaSerdesTester] (ForkJoinPool.commonPool-worker-3) Sending message msb: 1756905833072
lsb: 321
 to topic s41324bd5x7c58x4161x82adx3c7a15cd1bbc
2025-09-03 13:23:53,073 INFO  [io.api.tes.ser.api.KafkaSerdesTester] (ForkJoinPool.commonPool-worker-3) Sending message msb: 1756905833073
lsb: 321
 to topic s41324bd5x7c58x4161x82adx3c7a15cd1bbc
2025-09-03 13:23:53,074 INFO  [io.api.tes.ser.api.KafkaSerdesTester] (ForkJoinPool.commonPool-worker-3) Sending message msb: 1756905833074
lsb: 321
 to topic s41324bd5x7c58x4161x82adx3c7a15cd1bbc
2025-09-03 13:23:53,076 INFO  [io.api.tes.ser.api.KafkaSerdesTester] (ForkJoinPool.commonPool-worker-3) Sending message msb: 1756905833075
lsb: 321
 to topic s41324bd5x7c58x4161x82adx3c7a15cd1bbc
2025-09-03 13:23:53,077 INFO  [io.api.tes.ser.api.KafkaSerdesTester] (ForkJoinPool.commonPool-worker-3) Sending message msb: 1756905833077
lsb: 321
 to topic s41324bd5x7c58x4161x82adx3c7a15cd1bbc
2025-09-03 13:23:53,078 INFO  [io.api.tes.ser.api.KafkaSerdesTester] (ForkJoinPool.commonPool-worker-3) Sending message msb: 1756905833078
lsb: 321
 to topic s41324bd5x7c58x4161x82adx3c7a15cd1bbc
2025-09-03 13:23:53,080 INFO  [io.api.tes.ser.api.KafkaSerdesTester] (ForkJoinPool.commonPool-worker-3) Produced 10 messages
2025-09-03 13:23:53,080 INFO  [org.apa.kaf.cli.pro.KafkaProducer] (ForkJoinPool.commonPool-worker-3) [Producer clientId=Producer-s41324bd5x7c58x4161x82adx3c7a15cd1bbc] Closing the Kafka producer with timeoutMillis = 9223372036854775807 ms.
2025-09-03 13:23:53,081 INFO  [org.apa.kaf.com.met.Metrics] (ForkJoinPool.commonPool-worker-3) Metrics scheduler closed
2025-09-03 13:23:53,081 INFO  [org.apa.kaf.com.met.Metrics] (ForkJoinPool.commonPool-worker-3) Closing reporter org.apache.kafka.common.metrics.JmxReporter
2025-09-03 13:23:53,081 INFO  [org.apa.kaf.com.met.Metrics] (ForkJoinPool.commonPool-worker-3) Closing reporter org.apache.kafka.common.telemetry.internals.ClientTelemetryReporter
2025-09-03 13:23:53,081 INFO  [org.apa.kaf.com.met.Metrics] (ForkJoinPool.commonPool-worker-3) Metrics reporters closed
2025-09-03 13:23:53,081 INFO  [org.apa.kaf.com.uti.AppInfoParser] (ForkJoinPool.commonPool-worker-3) App info kafka.producer for Producer-s41324bd5x7c58x4161x82adx3c7a15cd1bbc unregistered
**** Registry Base URL: http://registry-app-pg17.apps.ci419.apicurio-testing.org:80
2025-09-03 13:23:53,081 INFO  [org.apa.kaf.cli.con.ConsumerConfig] (main) ConsumerConfig values: 
	allow.auto.create.topics = true
	auto.commit.interval.ms = 500
	auto.include.jmx.reporter = true
	auto.offset.reset = earliest
	bootstrap.servers = [PLAINTEXT://localhost:32769]
	check.crcs = true
	client.dns.lookup = use_all_dns_ips
	client.id = consumer-Consumer-s41324bd5x7c58x4161x82adx3c7a15cd1bbc-27
	client.rack = 
	connections.max.idle.ms = 10000
	default.api.timeout.ms = 60000
	enable.auto.commit = true
	enable.metrics.push = true
	exclude.internal.topics = true
	fetch.max.bytes = 52428800
	fetch.max.wait.ms = 500
	fetch.min.bytes = 1
	group.id = Consumer-s41324bd5x7c58x4161x82adx3c7a15cd1bbc
	group.instance.id = null
	group.protocol = classic
	group.remote.assignor = null
	heartbeat.interval.ms = 3000
	interceptor.classes = []
	internal.leave.group.on.close = true
	internal.throw.on.fetch.stable.offset.unsupported = false
	isolation.level = read_uncommitted
	key.deserializer = class org.apache.kafka.common.serialization.StringDeserializer
	max.partition.fetch.bytes = 1048576
	max.poll.interval.ms = 300000
	max.poll.records = 500
	metadata.max.age.ms = 300000
	metadata.recovery.strategy = none
	metric.reporters = []
	metrics.num.samples = 2
	metrics.recording.level = INFO
	metrics.sample.window.ms = 30000
	partition.assignment.strategy = [class org.apache.kafka.clients.consumer.RangeAssignor, class org.apache.kafka.clients.consumer.CooperativeStickyAssignor]
	receive.buffer.bytes = 65536
	reconnect.backoff.max.ms = 1000
	reconnect.backoff.ms = 50
	request.timeout.ms = 5000
	retry.backoff.max.ms = 1000
	retry.backoff.ms = 100
	sasl.client.callback.handler.class = null
	sasl.jaas.config = null
	sasl.kerberos.kinit.cmd = /usr/bin/kinit
	sasl.kerberos.min.time.before.relogin = 60000
	sasl.kerberos.service.name = null
	sasl.kerberos.ticket.renew.jitter = 0.05
	sasl.kerberos.ticket.renew.window.factor = 0.8
	sasl.login.callback.handler.class = null
	sasl.login.class = null
	sasl.login.connect.timeout.ms = null
	sasl.login.read.timeout.ms = null
	sasl.login.refresh.buffer.seconds = 300
	sasl.login.refresh.min.period.seconds = 60
	sasl.login.refresh.window.factor = 0.8
	sasl.login.refresh.window.jitter = 0.05
	sasl.login.retry.backoff.max.ms = 10000
	sasl.login.retry.backoff.ms = 100
	sasl.mechanism = GSSAPI
	sasl.oauthbearer.clock.skew.seconds = 30
	sasl.oauthbearer.expected.audience = null
	sasl.oauthbearer.expected.issuer = null
	sasl.oauthbearer.header.urlencode = false
	sasl.oauthbearer.jwks.endpoint.refresh.ms = 3600000
	sasl.oauthbearer.jwks.endpoint.retry.backoff.max.ms = 10000
	sasl.oauthbearer.jwks.endpoint.retry.backoff.ms = 100
	sasl.oauthbearer.jwks.endpoint.url = null
	sasl.oauthbearer.scope.claim.name = scope
	sasl.oauthbearer.sub.claim.name = sub
	sasl.oauthbearer.token.endpoint.url = null
	security.protocol = PLAINTEXT
	security.providers = null
	send.buffer.bytes = 131072
	session.timeout.ms = 45000
	socket.connection.setup.timeout.max.ms = 30000
	socket.connection.setup.timeout.ms = 10000
	ssl.cipher.suites = null
	ssl.enabled.protocols = [TLSv1.2, TLSv1.3]
	ssl.endpoint.identification.algorithm = https
	ssl.engine.factory.class = null
	ssl.key.password = null
	ssl.keymanager.algorithm = SunX509
	ssl.keystore.certificate.chain = null
	ssl.keystore.key = null
	ssl.keystore.location = null
	ssl.keystore.password = null
	ssl.keystore.type = JKS
	ssl.protocol = TLSv1.3
	ssl.provider = null
	ssl.secure.random.implementation = null
	ssl.trustmanager.algorithm = PKIX
	ssl.truststore.certificates = null
	ssl.truststore.location = null
	ssl.truststore.password = null
	ssl.truststore.type = JKS
	value.deserializer = class io.apicurio.registry.serde.protobuf.ProtobufKafkaDeserializer

2025-09-03 13:23:53,082 INFO  [org.apa.kaf.com.tel.int.KafkaMetricsCollector] (main) initializing Kafka metrics collector
2025-09-03 13:23:53,086 INFO  [org.apa.kaf.cli.con.ConsumerConfig] (main) These configurations '[apicurio.registry.url, apicurio.registry.headers.enabled]' were supplied but are not used yet.
2025-09-03 13:23:53,086 INFO  [org.apa.kaf.com.uti.AppInfoParser] (main) Kafka version: 3.9.1
2025-09-03 13:23:53,086 INFO  [org.apa.kaf.com.uti.AppInfoParser] (main) Kafka commitId: f745dfdcee2b9851
2025-09-03 13:23:53,086 INFO  [org.apa.kaf.com.uti.AppInfoParser] (main) Kafka startTimeMs: 1756905833086
2025-09-03 13:23:53,086 INFO  [org.apa.kaf.cli.con.int.ClassicKafkaConsumer] (ForkJoinPool.commonPool-worker-3) [Consumer clientId=consumer-Consumer-s41324bd5x7c58x4161x82adx3c7a15cd1bbc-27, groupId=Consumer-s41324bd5x7c58x4161x82adx3c7a15cd1bbc] Subscribed to topic(s): s41324bd5x7c58x4161x82adx3c7a15cd1bbc
2025-09-03 13:23:53,088 INFO  [org.apa.kaf.cli.Metadata] (ForkJoinPool.commonPool-worker-3) [Consumer clientId=consumer-Consumer-s41324bd5x7c58x4161x82adx3c7a15cd1bbc-27, groupId=Consumer-s41324bd5x7c58x4161x82adx3c7a15cd1bbc] Cluster ID: Vad1sk8gS_OCqo1-tuet0Q
2025-09-03 13:23:53,088 INFO  [org.apa.kaf.cli.con.int.ConsumerCoordinator] (ForkJoinPool.commonPool-worker-3) [Consumer clientId=consumer-Consumer-s41324bd5x7c58x4161x82adx3c7a15cd1bbc-27, groupId=Consumer-s41324bd5x7c58x4161x82adx3c7a15cd1bbc] Discovered group coordinator localhost:32769 (id: 2147483647 rack: null)
2025-09-03 13:23:53,089 INFO  [org.apa.kaf.cli.con.int.ConsumerCoordinator] (ForkJoinPool.commonPool-worker-3) [Consumer clientId=consumer-Consumer-s41324bd5x7c58x4161x82adx3c7a15cd1bbc-27, groupId=Consumer-s41324bd5x7c58x4161x82adx3c7a15cd1bbc] (Re-)joining group
2025-09-03 13:23:53,090 INFO  [org.apa.kaf.cli.con.int.ConsumerCoordinator] (ForkJoinPool.commonPool-worker-3) [Consumer clientId=consumer-Consumer-s41324bd5x7c58x4161x82adx3c7a15cd1bbc-27, groupId=Consumer-s41324bd5x7c58x4161x82adx3c7a15cd1bbc] Request joining group due to: need to re-join with the given member-id: consumer-Consumer-s41324bd5x7c58x4161x82adx3c7a15cd1bbc-27-82335264-0c20-4d1d-a1bb-e9e7056890d5
2025-09-03 13:23:53,090 INFO  [org.apa.kaf.cli.con.int.ConsumerCoordinator] (ForkJoinPool.commonPool-worker-3) [Consumer clientId=consumer-Consumer-s41324bd5x7c58x4161x82adx3c7a15cd1bbc-27, groupId=Consumer-s41324bd5x7c58x4161x82adx3c7a15cd1bbc] (Re-)joining group
2025-09-03 13:23:54,086 INFO  [io.api.tes.ser.api.KafkaSerdesTester] (ForkJoinPool.commonPool-worker-3) None found
2025-09-03 13:23:55,086 INFO  [io.api.tes.ser.api.KafkaSerdesTester] (ForkJoinPool.commonPool-worker-3) None found
2025-09-03 13:23:56,086 INFO  [io.api.tes.ser.api.KafkaSerdesTester] (ForkJoinPool.commonPool-worker-3) None found
2025-09-03 13:23:56,091 INFO  [org.apa.kaf.cli.con.int.ConsumerCoordinator] (ForkJoinPool.commonPool-worker-3) [Consumer clientId=consumer-Consumer-s41324bd5x7c58x4161x82adx3c7a15cd1bbc-27, groupId=Consumer-s41324bd5x7c58x4161x82adx3c7a15cd1bbc] Successfully joined group with generation Generation{generationId=5, memberId='consumer-Consumer-s41324bd5x7c58x4161x82adx3c7a15cd1bbc-27-82335264-0c20-4d1d-a1bb-e9e7056890d5', protocol='range'}
2025-09-03 13:23:56,091 INFO  [org.apa.kaf.cli.con.int.ConsumerCoordinator] (ForkJoinPool.commonPool-worker-3) [Consumer clientId=consumer-Consumer-s41324bd5x7c58x4161x82adx3c7a15cd1bbc-27, groupId=Consumer-s41324bd5x7c58x4161x82adx3c7a15cd1bbc] Finished assignment for group at generation 5: {consumer-Consumer-s41324bd5x7c58x4161x82adx3c7a15cd1bbc-27-82335264-0c20-4d1d-a1bb-e9e7056890d5=Assignment(partitions=[s41324bd5x7c58x4161x82adx3c7a15cd1bbc-0])}
2025-09-03 13:23:56,098 INFO  [org.apa.kaf.cli.con.int.ConsumerCoordinator] (ForkJoinPool.commonPool-worker-3) [Consumer clientId=consumer-Consumer-s41324bd5x7c58x4161x82adx3c7a15cd1bbc-27, groupId=Consumer-s41324bd5x7c58x4161x82adx3c7a15cd1bbc] Successfully synced group in generation Generation{generationId=5, memberId='consumer-Consumer-s41324bd5x7c58x4161x82adx3c7a15cd1bbc-27-82335264-0c20-4d1d-a1bb-e9e7056890d5', protocol='range'}
2025-09-03 13:23:56,098 INFO  [org.apa.kaf.cli.con.int.ConsumerCoordinator] (ForkJoinPool.commonPool-worker-3) [Consumer clientId=consumer-Consumer-s41324bd5x7c58x4161x82adx3c7a15cd1bbc-27, groupId=Consumer-s41324bd5x7c58x4161x82adx3c7a15cd1bbc] Notifying assignor about the new Assignment(partitions=[s41324bd5x7c58x4161x82adx3c7a15cd1bbc-0])
2025-09-03 13:23:56,098 INFO  [org.apa.kaf.cli.con.int.ConsumerRebalanceListenerInvoker] (ForkJoinPool.commonPool-worker-3) [Consumer clientId=consumer-Consumer-s41324bd5x7c58x4161x82adx3c7a15cd1bbc-27, groupId=Consumer-s41324bd5x7c58x4161x82adx3c7a15cd1bbc] Adding newly assigned partitions: s41324bd5x7c58x4161x82adx3c7a15cd1bbc-0
2025-09-03 13:23:56,099 INFO  [org.apa.kaf.cli.con.int.ConsumerUtils] (ForkJoinPool.commonPool-worker-3) Setting offset for partition s41324bd5x7c58x4161x82adx3c7a15cd1bbc-0 to the committed offset FetchPosition{offset=20, offsetEpoch=Optional[0], currentLeader=LeaderAndEpoch{leader=Optional[localhost:32769 (id: 0 rack: null)], epoch=0}}
2025-09-03 13:23:56,134 INFO  [io.api.tes.ser.api.KafkaSerdesTester] (ForkJoinPool.commonPool-worker-3) s41324bd5x7c58x4161x82adx3c7a15cd1bbc 0 20 msb: 1756905833041
lsb: 321

2025-09-03 13:23:56,134 INFO  [io.api.tes.ser.api.KafkaSerdesTester] (ForkJoinPool.commonPool-worker-3) s41324bd5x7c58x4161x82adx3c7a15cd1bbc 0 21 msb: 1756905833069
lsb: 321

2025-09-03 13:23:56,135 INFO  [io.api.tes.ser.api.KafkaSerdesTester] (ForkJoinPool.commonPool-worker-3) s41324bd5x7c58x4161x82adx3c7a15cd1bbc 0 22 msb: 1756905833070
lsb: 321

2025-09-03 13:23:56,135 INFO  [io.api.tes.ser.api.KafkaSerdesTester] (ForkJoinPool.commonPool-worker-3) s41324bd5x7c58x4161x82adx3c7a15cd1bbc 0 23 msb: 1756905833071
lsb: 321

2025-09-03 13:23:56,135 INFO  [io.api.tes.ser.api.KafkaSerdesTester] (ForkJoinPool.commonPool-worker-3) s41324bd5x7c58x4161x82adx3c7a15cd1bbc 0 24 msb: 1756905833072
lsb: 321

2025-09-03 13:23:56,135 INFO  [io.api.tes.ser.api.KafkaSerdesTester] (ForkJoinPool.commonPool-worker-3) s41324bd5x7c58x4161x82adx3c7a15cd1bbc 0 25 msb: 1756905833073
lsb: 321

2025-09-03 13:23:56,135 INFO  [io.api.tes.ser.api.KafkaSerdesTester] (ForkJoinPool.commonPool-worker-3) s41324bd5x7c58x4161x82adx3c7a15cd1bbc 0 26 msb: 1756905833074
lsb: 321

2025-09-03 13:23:56,135 INFO  [io.api.tes.ser.api.KafkaSerdesTester] (ForkJoinPool.commonPool-worker-3) s41324bd5x7c58x4161x82adx3c7a15cd1bbc 0 27 msb: 1756905833075
lsb: 321

2025-09-03 13:23:56,135 INFO  [io.api.tes.ser.api.KafkaSerdesTester] (ForkJoinPool.commonPool-worker-3) s41324bd5x7c58x4161x82adx3c7a15cd1bbc 0 28 msb: 1756905833077
lsb: 321

2025-09-03 13:23:56,135 INFO  [io.api.tes.ser.api.KafkaSerdesTester] (ForkJoinPool.commonPool-worker-3) s41324bd5x7c58x4161x82adx3c7a15cd1bbc 0 29 msb: 1756905833078
lsb: 321

2025-09-03 13:23:56,135 INFO  [io.api.tes.ser.api.KafkaSerdesTester] (ForkJoinPool.commonPool-worker-3) Consumed 10 messages
2025-09-03 13:23:56,141 INFO  [org.apa.kaf.cli.con.int.ConsumerRebalanceListenerInvoker] (ForkJoinPool.commonPool-worker-3) [Consumer clientId=consumer-Consumer-s41324bd5x7c58x4161x82adx3c7a15cd1bbc-27, groupId=Consumer-s41324bd5x7c58x4161x82adx3c7a15cd1bbc] Revoke previously assigned partitions s41324bd5x7c58x4161x82adx3c7a15cd1bbc-0
2025-09-03 13:23:56,142 INFO  [org.apa.kaf.cli.con.int.ConsumerCoordinator] (ForkJoinPool.commonPool-worker-3) [Consumer clientId=consumer-Consumer-s41324bd5x7c58x4161x82adx3c7a15cd1bbc-27, groupId=Consumer-s41324bd5x7c58x4161x82adx3c7a15cd1bbc] Member consumer-Consumer-s41324bd5x7c58x4161x82adx3c7a15cd1bbc-27-82335264-0c20-4d1d-a1bb-e9e7056890d5 sending LeaveGroup request to coordinator localhost:32769 (id: 2147483647 rack: null) due to the consumer is being closed
2025-09-03 13:23:56,142 INFO  [org.apa.kaf.cli.con.int.ConsumerCoordinator] (ForkJoinPool.commonPool-worker-3) [Consumer clientId=consumer-Consumer-s41324bd5x7c58x4161x82adx3c7a15cd1bbc-27, groupId=Consumer-s41324bd5x7c58x4161x82adx3c7a15cd1bbc] Resetting generation and member id due to: consumer pro-actively leaving the group
2025-09-03 13:23:56,142 INFO  [org.apa.kaf.cli.con.int.ConsumerCoordinator] (ForkJoinPool.commonPool-worker-3) [Consumer clientId=consumer-Consumer-s41324bd5x7c58x4161x82adx3c7a15cd1bbc-27, groupId=Consumer-s41324bd5x7c58x4161x82adx3c7a15cd1bbc] Request joining group due to: consumer pro-actively leaving the group
2025-09-03 13:23:56,636 INFO  [org.apa.kaf.com.met.Metrics] (ForkJoinPool.commonPool-worker-3) Metrics scheduler closed
2025-09-03 13:23:56,636 INFO  [org.apa.kaf.com.met.Metrics] (ForkJoinPool.commonPool-worker-3) Closing reporter org.apache.kafka.common.metrics.JmxReporter
2025-09-03 13:23:56,636 INFO  [org.apa.kaf.com.met.Metrics] (ForkJoinPool.commonPool-worker-3) Closing reporter org.apache.kafka.common.telemetry.internals.ClientTelemetryReporter
2025-09-03 13:23:56,636 INFO  [org.apa.kaf.com.met.Metrics] (ForkJoinPool.commonPool-worker-3) Metrics reporters closed
2025-09-03 13:23:56,637 INFO  [org.apa.kaf.com.uti.AppInfoParser] (ForkJoinPool.commonPool-worker-3) App info kafka.consumer for consumer-Consumer-s41324bd5x7c58x4161x82adx3c7a15cd1bbc-27 unregistered
**** Registry Base URL: http://registry-app-pg17.apps.ci419.apicurio-testing.org:80
2025-09-03 13:23:56,638 INFO  [org.apa.kaf.cli.pro.ProducerConfig] (main) ProducerConfig values: 
	acks = -1
	auto.include.jmx.reporter = true
	batch.size = 16384
	bootstrap.servers = [PLAINTEXT://localhost:32769]
	buffer.memory = 33554432
	client.dns.lookup = use_all_dns_ips
	client.id = Producer-s41324bd5x7c58x4161x82adx3c7a15cd1bbc
	compression.gzip.level = -1
	compression.lz4.level = 9
	compression.type = none
	compression.zstd.level = 3
	connections.max.idle.ms = 10000
	delivery.timeout.ms = 120000
	enable.idempotence = true
	enable.metrics.push = true
	interceptor.classes = []
	key.serializer = class org.apache.kafka.common.serialization.StringSerializer
	linger.ms = 0
	max.block.ms = 60000
	max.in.flight.requests.per.connection = 5
	max.request.size = 1048576
	metadata.max.age.ms = 300000
	metadata.max.idle.ms = 300000
	metadata.recovery.strategy = none
	metric.reporters = []
	metrics.num.samples = 2
	metrics.recording.level = INFO
	metrics.sample.window.ms = 30000
	partitioner.adaptive.partitioning.enable = true
	partitioner.availability.timeout.ms = 0
	partitioner.class = null
	partitioner.ignore.keys = false
	receive.buffer.bytes = 32768
	reconnect.backoff.max.ms = 1000
	reconnect.backoff.ms = 50
	request.timeout.ms = 5000
	retries = 2147483647
	retry.backoff.max.ms = 1000
	retry.backoff.ms = 100
	sasl.client.callback.handler.class = null
	sasl.jaas.config = null
	sasl.kerberos.kinit.cmd = /usr/bin/kinit
	sasl.kerberos.min.time.before.relogin = 60000
	sasl.kerberos.service.name = null
	sasl.kerberos.ticket.renew.jitter = 0.05
	sasl.kerberos.ticket.renew.window.factor = 0.8
	sasl.login.callback.handler.class = null
	sasl.login.class = null
	sasl.login.connect.timeout.ms = null
	sasl.login.read.timeout.ms = null
	sasl.login.refresh.buffer.seconds = 300
	sasl.login.refresh.min.period.seconds = 60
	sasl.login.refresh.window.factor = 0.8
	sasl.login.refresh.window.jitter = 0.05
	sasl.login.retry.backoff.max.ms = 10000
	sasl.login.retry.backoff.ms = 100
	sasl.mechanism = GSSAPI
	sasl.oauthbearer.clock.skew.seconds = 30
	sasl.oauthbearer.expected.audience = null
	sasl.oauthbearer.expected.issuer = null
	sasl.oauthbearer.header.urlencode = false
	sasl.oauthbearer.jwks.endpoint.refresh.ms = 3600000
	sasl.oauthbearer.jwks.endpoint.retry.backoff.max.ms = 10000
	sasl.oauthbearer.jwks.endpoint.retry.backoff.ms = 100
	sasl.oauthbearer.jwks.endpoint.url = null
	sasl.oauthbearer.scope.claim.name = scope
	sasl.oauthbearer.sub.claim.name = sub
	sasl.oauthbearer.token.endpoint.url = null
	security.protocol = PLAINTEXT
	security.providers = null
	send.buffer.bytes = 131072
	socket.connection.setup.timeout.max.ms = 30000
	socket.connection.setup.timeout.ms = 10000
	ssl.cipher.suites = null
	ssl.enabled.protocols = [TLSv1.2, TLSv1.3]
	ssl.endpoint.identification.algorithm = https
	ssl.engine.factory.class = null
	ssl.key.password = null
	ssl.keymanager.algorithm = SunX509
	ssl.keystore.certificate.chain = null
	ssl.keystore.key = null
	ssl.keystore.location = null
	ssl.keystore.password = null
	ssl.keystore.type = JKS
	ssl.protocol = TLSv1.3
	ssl.provider = null
	ssl.secure.random.implementation = null
	ssl.trustmanager.algorithm = PKIX
	ssl.truststore.certificates = null
	ssl.truststore.location = null
	ssl.truststore.password = null
	ssl.truststore.type = JKS
	transaction.timeout.ms = 60000
	transactional.id = null
	value.serializer = class io.apicurio.registry.serde.protobuf.ProtobufKafkaSerializer

2025-09-03 13:23:56,638 INFO  [org.apa.kaf.com.tel.int.KafkaMetricsCollector] (main) initializing Kafka metrics collector
2025-09-03 13:23:56,641 INFO  [org.apa.kaf.cli.pro.KafkaProducer] (main) [Producer clientId=Producer-s41324bd5x7c58x4161x82adx3c7a15cd1bbc] Instantiated an idempotent producer.
2025-09-03 13:23:56,643 INFO  [org.apa.kaf.cli.pro.ProducerConfig] (main) These configurations '[apicurio.registry.find-latest, apicurio.registry.url, apicurio.registry.artifact-resolver-strategy]' were supplied but are not used yet.
2025-09-03 13:23:56,643 INFO  [org.apa.kaf.com.uti.AppInfoParser] (main) Kafka version: 3.9.1
2025-09-03 13:23:56,643 INFO  [org.apa.kaf.com.uti.AppInfoParser] (main) Kafka commitId: f745dfdcee2b9851
2025-09-03 13:23:56,643 INFO  [org.apa.kaf.com.uti.AppInfoParser] (main) Kafka startTimeMs: 1756905836643
2025-09-03 13:23:56,643 INFO  [io.api.tes.ser.api.KafkaSerdesTester] (ForkJoinPool.commonPool-worker-3) Sending message header {
  time {
  }
}
d1: 1.756905836643E12
s1: "a"
i1: 123
bi1: 1
point {
  longitude: 22.0
  latitude: 22.0
  altitude: 1.0
}
 to topic s41324bd5x7c58x4161x82adx3c7a15cd1bbc
2025-09-03 13:23:56,645 INFO  [org.apa.kaf.cli.Metadata] (kafka-producer-network-thread | Producer-s41324bd5x7c58x4161x82adx3c7a15cd1bbc) [Producer clientId=Producer-s41324bd5x7c58x4161x82adx3c7a15cd1bbc] Cluster ID: Vad1sk8gS_OCqo1-tuet0Q
2025-09-03 13:23:56,645 INFO  [org.apa.kaf.cli.pro.int.TransactionManager] (kafka-producer-network-thread | Producer-s41324bd5x7c58x4161x82adx3c7a15cd1bbc) [Producer clientId=Producer-s41324bd5x7c58x4161x82adx3c7a15cd1bbc] ProducerId set to 37 with epoch 0
2025-09-03 13:23:56,690 INFO  [org.apa.kaf.cli.pro.KafkaProducer] (ForkJoinPool.commonPool-worker-3) [Producer clientId=Producer-s41324bd5x7c58x4161x82adx3c7a15cd1bbc] Closing the Kafka producer with timeoutMillis = 9223372036854775807 ms.
2025-09-03 13:23:56,691 INFO  [org.apa.kaf.com.met.Metrics] (ForkJoinPool.commonPool-worker-3) Metrics scheduler closed
2025-09-03 13:23:56,691 INFO  [org.apa.kaf.com.met.Metrics] (ForkJoinPool.commonPool-worker-3) Closing reporter org.apache.kafka.common.metrics.JmxReporter
2025-09-03 13:23:56,691 INFO  [org.apa.kaf.com.met.Metrics] (ForkJoinPool.commonPool-worker-3) Closing reporter org.apache.kafka.common.telemetry.internals.ClientTelemetryReporter
2025-09-03 13:23:56,691 INFO  [org.apa.kaf.com.met.Metrics] (ForkJoinPool.commonPool-worker-3) Metrics reporters closed
2025-09-03 13:23:56,691 INFO  [org.apa.kaf.com.uti.AppInfoParser] (ForkJoinPool.commonPool-worker-3) App info kafka.producer for Producer-s41324bd5x7c58x4161x82adx3c7a15cd1bbc unregistered
**** Registry Base URL: http://registry-app-pg17.apps.ci419.apicurio-testing.org:80
2025-09-03 13:23:56,692 INFO  [org.apa.kaf.cli.pro.ProducerConfig] (main) ProducerConfig values: 
	acks = -1
	auto.include.jmx.reporter = true
	batch.size = 16384
	bootstrap.servers = [PLAINTEXT://localhost:32769]
	buffer.memory = 33554432
	client.dns.lookup = use_all_dns_ips
	client.id = Producer-s41324bd5x7c58x4161x82adx3c7a15cd1bbc
	compression.gzip.level = -1
	compression.lz4.level = 9
	compression.type = none
	compression.zstd.level = 3
	connections.max.idle.ms = 10000
	delivery.timeout.ms = 120000
	enable.idempotence = true
	enable.metrics.push = true
	interceptor.classes = []
	key.serializer = class org.apache.kafka.common.serialization.StringSerializer
	linger.ms = 0
	max.block.ms = 60000
	max.in.flight.requests.per.connection = 5
	max.request.size = 1048576
	metadata.max.age.ms = 300000
	metadata.max.idle.ms = 300000
	metadata.recovery.strategy = none
	metric.reporters = []
	metrics.num.samples = 2
	metrics.recording.level = INFO
	metrics.sample.window.ms = 30000
	partitioner.adaptive.partitioning.enable = true
	partitioner.availability.timeout.ms = 0
	partitioner.class = null
	partitioner.ignore.keys = false
	receive.buffer.bytes = 32768
	reconnect.backoff.max.ms = 1000
	reconnect.backoff.ms = 50
	request.timeout.ms = 5000
	retries = 2147483647
	retry.backoff.max.ms = 1000
	retry.backoff.ms = 100
	sasl.client.callback.handler.class = null
	sasl.jaas.config = null
	sasl.kerberos.kinit.cmd = /usr/bin/kinit
	sasl.kerberos.min.time.before.relogin = 60000
	sasl.kerberos.service.name = null
	sasl.kerberos.ticket.renew.jitter = 0.05
	sasl.kerberos.ticket.renew.window.factor = 0.8
	sasl.login.callback.handler.class = null
	sasl.login.class = null
	sasl.login.connect.timeout.ms = null
	sasl.login.read.timeout.ms = null
	sasl.login.refresh.buffer.seconds = 300
	sasl.login.refresh.min.period.seconds = 60
	sasl.login.refresh.window.factor = 0.8
	sasl.login.refresh.window.jitter = 0.05
	sasl.login.retry.backoff.max.ms = 10000
	sasl.login.retry.backoff.ms = 100
	sasl.mechanism = GSSAPI
	sasl.oauthbearer.clock.skew.seconds = 30
	sasl.oauthbearer.expected.audience = null
	sasl.oauthbearer.expected.issuer = null
	sasl.oauthbearer.header.urlencode = false
	sasl.oauthbearer.jwks.endpoint.refresh.ms = 3600000
	sasl.oauthbearer.jwks.endpoint.retry.backoff.max.ms = 10000
	sasl.oauthbearer.jwks.endpoint.retry.backoff.ms = 100
	sasl.oauthbearer.jwks.endpoint.url = null
	sasl.oauthbearer.scope.claim.name = scope
	sasl.oauthbearer.sub.claim.name = sub
	sasl.oauthbearer.token.endpoint.url = null
	security.protocol = PLAINTEXT
	security.providers = null
	send.buffer.bytes = 131072
	socket.connection.setup.timeout.max.ms = 30000
	socket.connection.setup.timeout.ms = 10000
	ssl.cipher.suites = null
	ssl.enabled.protocols = [TLSv1.2, TLSv1.3]
	ssl.endpoint.identification.algorithm = https
	ssl.engine.factory.class = null
	ssl.key.password = null
	ssl.keymanager.algorithm = SunX509
	ssl.keystore.certificate.chain = null
	ssl.keystore.key = null
	ssl.keystore.location = null
	ssl.keystore.password = null
	ssl.keystore.type = JKS
	ssl.protocol = TLSv1.3
	ssl.provider = null
	ssl.secure.random.implementation = null
	ssl.trustmanager.algorithm = PKIX
	ssl.truststore.certificates = null
	ssl.truststore.location = null
	ssl.truststore.password = null
	ssl.truststore.type = JKS
	transaction.timeout.ms = 60000
	transactional.id = null
	value.serializer = class io.apicurio.registry.serde.protobuf.ProtobufKafkaSerializer

2025-09-03 13:23:56,692 INFO  [org.apa.kaf.com.tel.int.KafkaMetricsCollector] (main) initializing Kafka metrics collector
2025-09-03 13:23:56,694 INFO  [org.apa.kaf.cli.pro.KafkaProducer] (main) [Producer clientId=Producer-s41324bd5x7c58x4161x82adx3c7a15cd1bbc] Instantiated an idempotent producer.
2025-09-03 13:23:56,695 INFO  [org.apa.kaf.cli.pro.ProducerConfig] (main) These configurations '[apicurio.registry.find-latest, apicurio.registry.url, apicurio.registry.headers.enabled, apicurio.registry.artifact-resolver-strategy]' were supplied but are not used yet.
2025-09-03 13:23:56,695 INFO  [org.apa.kaf.com.uti.AppInfoParser] (main) Kafka version: 3.9.1
2025-09-03 13:23:56,695 INFO  [org.apa.kaf.com.uti.AppInfoParser] (main) Kafka commitId: f745dfdcee2b9851
2025-09-03 13:23:56,695 INFO  [org.apa.kaf.com.uti.AppInfoParser] (main) Kafka startTimeMs: 1756905836695
2025-09-03 13:23:56,695 INFO  [io.api.tes.ser.api.SimpleSerdesTesterBuilder$SimpleSerdesTester] (main) Using producer configuration: {apicurio.registry.find-latest=true, apicurio.registry.url=http://registry-app-pg17.apps.ci419.apicurio-testing.org:80/apis/registry/v3, apicurio.registry.headers.enabled=true, apicurio.registry.artifact-resolver-strategy=io.apicurio.registry.serde.strategy.TopicIdStrategy, value.serializer=io.apicurio.registry.serde.protobuf.ProtobufKafkaSerializer, request.timeout.ms=5000, acks=all, bootstrap.servers=PLAINTEXT://localhost:32769, connections.max.idle.ms=10000, key.serializer=org.apache.kafka.common.serialization.StringSerializer, client.id=Producer-s41324bd5x7c58x4161x82adx3c7a15cd1bbc}
2025-09-03 13:23:56,695 INFO  [io.api.tes.ser.api.SimpleSerdesTesterBuilder$SimpleSerdesTester] (main) Using consumer configuration: {apicurio.registry.headers.enabled=true}
2025-09-03 13:23:56,695 INFO  [io.api.tes.ser.api.KafkaSerdesTester] (ForkJoinPool.commonPool-worker-3) Sending message msb: 1756905836695
lsb: 321
 to topic s41324bd5x7c58x4161x82adx3c7a15cd1bbc
2025-09-03 13:23:56,697 INFO  [org.apa.kaf.cli.Metadata] (kafka-producer-network-thread | Producer-s41324bd5x7c58x4161x82adx3c7a15cd1bbc) [Producer clientId=Producer-s41324bd5x7c58x4161x82adx3c7a15cd1bbc] Cluster ID: Vad1sk8gS_OCqo1-tuet0Q
2025-09-03 13:23:56,697 INFO  [org.apa.kaf.cli.pro.int.TransactionManager] (kafka-producer-network-thread | Producer-s41324bd5x7c58x4161x82adx3c7a15cd1bbc) [Producer clientId=Producer-s41324bd5x7c58x4161x82adx3c7a15cd1bbc] ProducerId set to 38 with epoch 0
2025-09-03 13:23:56,743 INFO  [io.api.tes.ser.api.KafkaSerdesTester] (ForkJoinPool.commonPool-worker-3) Sending message msb: 1756905836743
lsb: 321
 to topic s41324bd5x7c58x4161x82adx3c7a15cd1bbc
2025-09-03 13:23:56,744 INFO  [io.api.tes.ser.api.KafkaSerdesTester] (ForkJoinPool.commonPool-worker-3) Sending message msb: 1756905836744
lsb: 321
 to topic s41324bd5x7c58x4161x82adx3c7a15cd1bbc
2025-09-03 13:23:56,745 INFO  [io.api.tes.ser.api.KafkaSerdesTester] (ForkJoinPool.commonPool-worker-3) Sending message msb: 1756905836745
lsb: 321
 to topic s41324bd5x7c58x4161x82adx3c7a15cd1bbc
2025-09-03 13:23:56,746 INFO  [io.api.tes.ser.api.KafkaSerdesTester] (ForkJoinPool.commonPool-worker-3) Sending message msb: 1756905836746
lsb: 321
 to topic s41324bd5x7c58x4161x82adx3c7a15cd1bbc
2025-09-03 13:23:56,747 INFO  [io.api.tes.ser.api.KafkaSerdesTester] (ForkJoinPool.commonPool-worker-3) Sending message msb: 1756905836747
lsb: 321
 to topic s41324bd5x7c58x4161x82adx3c7a15cd1bbc
2025-09-03 13:23:56,748 INFO  [io.api.tes.ser.api.KafkaSerdesTester] (ForkJoinPool.commonPool-worker-3) Sending message msb: 1756905836748
lsb: 321
 to topic s41324bd5x7c58x4161x82adx3c7a15cd1bbc
2025-09-03 13:23:56,749 INFO  [io.api.tes.ser.api.KafkaSerdesTester] (ForkJoinPool.commonPool-worker-3) Sending message msb: 1756905836749
lsb: 321
 to topic s41324bd5x7c58x4161x82adx3c7a15cd1bbc
2025-09-03 13:23:56,750 INFO  [io.api.tes.ser.api.KafkaSerdesTester] (ForkJoinPool.commonPool-worker-3) Sending message msb: 1756905836750
lsb: 321
 to topic s41324bd5x7c58x4161x82adx3c7a15cd1bbc
2025-09-03 13:23:56,751 INFO  [io.api.tes.ser.api.KafkaSerdesTester] (ForkJoinPool.commonPool-worker-3) Sending message msb: 1756905836750
lsb: 321
 to topic s41324bd5x7c58x4161x82adx3c7a15cd1bbc
2025-09-03 13:23:56,751 INFO  [io.api.tes.ser.api.KafkaSerdesTester] (ForkJoinPool.commonPool-worker-3) Produced 10 messages
2025-09-03 13:23:56,751 INFO  [org.apa.kaf.cli.pro.KafkaProducer] (ForkJoinPool.commonPool-worker-3) [Producer clientId=Producer-s41324bd5x7c58x4161x82adx3c7a15cd1bbc] Closing the Kafka producer with timeoutMillis = 9223372036854775807 ms.
2025-09-03 13:23:56,753 INFO  [org.apa.kaf.com.met.Metrics] (ForkJoinPool.commonPool-worker-3) Metrics scheduler closed
2025-09-03 13:23:56,753 INFO  [org.apa.kaf.com.met.Metrics] (ForkJoinPool.commonPool-worker-3) Closing reporter org.apache.kafka.common.metrics.JmxReporter
2025-09-03 13:23:56,753 INFO  [org.apa.kaf.com.met.Metrics] (ForkJoinPool.commonPool-worker-3) Closing reporter org.apache.kafka.common.telemetry.internals.ClientTelemetryReporter
2025-09-03 13:23:56,753 INFO  [org.apa.kaf.com.met.Metrics] (ForkJoinPool.commonPool-worker-3) Metrics reporters closed
2025-09-03 13:23:56,753 INFO  [org.apa.kaf.com.uti.AppInfoParser] (ForkJoinPool.commonPool-worker-3) App info kafka.producer for Producer-s41324bd5x7c58x4161x82adx3c7a15cd1bbc unregistered
**** Registry Base URL: http://registry-app-pg17.apps.ci419.apicurio-testing.org:80
2025-09-03 13:23:56,753 INFO  [org.apa.kaf.cli.con.ConsumerConfig] (main) ConsumerConfig values: 
	allow.auto.create.topics = true
	auto.commit.interval.ms = 500
	auto.include.jmx.reporter = true
	auto.offset.reset = earliest
	bootstrap.servers = [PLAINTEXT://localhost:32769]
	check.crcs = true
	client.dns.lookup = use_all_dns_ips
	client.id = consumer-Consumer-s41324bd5x7c58x4161x82adx3c7a15cd1bbc-28
	client.rack = 
	connections.max.idle.ms = 10000
	default.api.timeout.ms = 60000
	enable.auto.commit = true
	enable.metrics.push = true
	exclude.internal.topics = true
	fetch.max.bytes = 52428800
	fetch.max.wait.ms = 500
	fetch.min.bytes = 1
	group.id = Consumer-s41324bd5x7c58x4161x82adx3c7a15cd1bbc
	group.instance.id = null
	group.protocol = classic
	group.remote.assignor = null
	heartbeat.interval.ms = 3000
	interceptor.classes = []
	internal.leave.group.on.close = true
	internal.throw.on.fetch.stable.offset.unsupported = false
	isolation.level = read_uncommitted
	key.deserializer = class org.apache.kafka.common.serialization.StringDeserializer
	max.partition.fetch.bytes = 1048576
	max.poll.interval.ms = 300000
	max.poll.records = 500
	metadata.max.age.ms = 300000
	metadata.recovery.strategy = none
	metric.reporters = []
	metrics.num.samples = 2
	metrics.recording.level = INFO
	metrics.sample.window.ms = 30000
	partition.assignment.strategy = [class org.apache.kafka.clients.consumer.RangeAssignor, class org.apache.kafka.clients.consumer.CooperativeStickyAssignor]
	receive.buffer.bytes = 65536
	reconnect.backoff.max.ms = 1000
	reconnect.backoff.ms = 50
	request.timeout.ms = 5000
	retry.backoff.max.ms = 1000
	retry.backoff.ms = 100
	sasl.client.callback.handler.class = null
	sasl.jaas.config = null
	sasl.kerberos.kinit.cmd = /usr/bin/kinit
	sasl.kerberos.min.time.before.relogin = 60000
	sasl.kerberos.service.name = null
	sasl.kerberos.ticket.renew.jitter = 0.05
	sasl.kerberos.ticket.renew.window.factor = 0.8
	sasl.login.callback.handler.class = null
	sasl.login.class = null
	sasl.login.connect.timeout.ms = null
	sasl.login.read.timeout.ms = null
	sasl.login.refresh.buffer.seconds = 300
	sasl.login.refresh.min.period.seconds = 60
	sasl.login.refresh.window.factor = 0.8
	sasl.login.refresh.window.jitter = 0.05
	sasl.login.retry.backoff.max.ms = 10000
	sasl.login.retry.backoff.ms = 100
	sasl.mechanism = GSSAPI
	sasl.oauthbearer.clock.skew.seconds = 30
	sasl.oauthbearer.expected.audience = null
	sasl.oauthbearer.expected.issuer = null
	sasl.oauthbearer.header.urlencode = false
	sasl.oauthbearer.jwks.endpoint.refresh.ms = 3600000
	sasl.oauthbearer.jwks.endpoint.retry.backoff.max.ms = 10000
	sasl.oauthbearer.jwks.endpoint.retry.backoff.ms = 100
	sasl.oauthbearer.jwks.endpoint.url = null
	sasl.oauthbearer.scope.claim.name = scope
	sasl.oauthbearer.sub.claim.name = sub
	sasl.oauthbearer.token.endpoint.url = null
	security.protocol = PLAINTEXT
	security.providers = null
	send.buffer.bytes = 131072
	session.timeout.ms = 45000
	socket.connection.setup.timeout.max.ms = 30000
	socket.connection.setup.timeout.ms = 10000
	ssl.cipher.suites = null
	ssl.enabled.protocols = [TLSv1.2, TLSv1.3]
	ssl.endpoint.identification.algorithm = https
	ssl.engine.factory.class = null
	ssl.key.password = null
	ssl.keymanager.algorithm = SunX509
	ssl.keystore.certificate.chain = null
	ssl.keystore.key = null
	ssl.keystore.location = null
	ssl.keystore.password = null
	ssl.keystore.type = JKS
	ssl.protocol = TLSv1.3
	ssl.provider = null
	ssl.secure.random.implementation = null
	ssl.trustmanager.algorithm = PKIX
	ssl.truststore.certificates = null
	ssl.truststore.location = null
	ssl.truststore.password = null
	ssl.truststore.type = JKS
	value.deserializer = class io.apicurio.registry.serde.protobuf.ProtobufKafkaDeserializer

2025-09-03 13:23:56,754 INFO  [org.apa.kaf.com.tel.int.KafkaMetricsCollector] (main) initializing Kafka metrics collector
2025-09-03 13:23:56,757 INFO  [org.apa.kaf.cli.con.ConsumerConfig] (main) These configurations '[apicurio.registry.url, apicurio.registry.headers.enabled]' were supplied but are not used yet.
2025-09-03 13:23:56,757 INFO  [org.apa.kaf.com.uti.AppInfoParser] (main) Kafka version: 3.9.1
2025-09-03 13:23:56,757 INFO  [org.apa.kaf.com.uti.AppInfoParser] (main) Kafka commitId: f745dfdcee2b9851
2025-09-03 13:23:56,757 INFO  [org.apa.kaf.com.uti.AppInfoParser] (main) Kafka startTimeMs: 1756905836757
2025-09-03 13:23:56,757 INFO  [org.apa.kaf.cli.con.int.ClassicKafkaConsumer] (ForkJoinPool.commonPool-worker-3) [Consumer clientId=consumer-Consumer-s41324bd5x7c58x4161x82adx3c7a15cd1bbc-28, groupId=Consumer-s41324bd5x7c58x4161x82adx3c7a15cd1bbc] Subscribed to topic(s): s41324bd5x7c58x4161x82adx3c7a15cd1bbc
2025-09-03 13:23:56,759 INFO  [org.apa.kaf.cli.Metadata] (ForkJoinPool.commonPool-worker-3) [Consumer clientId=consumer-Consumer-s41324bd5x7c58x4161x82adx3c7a15cd1bbc-28, groupId=Consumer-s41324bd5x7c58x4161x82adx3c7a15cd1bbc] Cluster ID: Vad1sk8gS_OCqo1-tuet0Q
2025-09-03 13:23:56,759 INFO  [org.apa.kaf.cli.con.int.ConsumerCoordinator] (ForkJoinPool.commonPool-worker-3) [Consumer clientId=consumer-Consumer-s41324bd5x7c58x4161x82adx3c7a15cd1bbc-28, groupId=Consumer-s41324bd5x7c58x4161x82adx3c7a15cd1bbc] Discovered group coordinator localhost:32769 (id: 2147483647 rack: null)
2025-09-03 13:23:56,760 INFO  [org.apa.kaf.cli.con.int.ConsumerCoordinator] (ForkJoinPool.commonPool-worker-3) [Consumer clientId=consumer-Consumer-s41324bd5x7c58x4161x82adx3c7a15cd1bbc-28, groupId=Consumer-s41324bd5x7c58x4161x82adx3c7a15cd1bbc] (Re-)joining group
2025-09-03 13:23:56,761 INFO  [org.apa.kaf.cli.con.int.ConsumerCoordinator] (ForkJoinPool.commonPool-worker-3) [Consumer clientId=consumer-Consumer-s41324bd5x7c58x4161x82adx3c7a15cd1bbc-28, groupId=Consumer-s41324bd5x7c58x4161x82adx3c7a15cd1bbc] Request joining group due to: need to re-join with the given member-id: consumer-Consumer-s41324bd5x7c58x4161x82adx3c7a15cd1bbc-28-87cf72b3-6d70-4d91-8723-eca6f9332489
2025-09-03 13:23:56,761 INFO  [org.apa.kaf.cli.con.int.ConsumerCoordinator] (ForkJoinPool.commonPool-worker-3) [Consumer clientId=consumer-Consumer-s41324bd5x7c58x4161x82adx3c7a15cd1bbc-28, groupId=Consumer-s41324bd5x7c58x4161x82adx3c7a15cd1bbc] (Re-)joining group
2025-09-03 13:23:57,757 INFO  [io.api.tes.ser.api.KafkaSerdesTester] (ForkJoinPool.commonPool-worker-3) None found
2025-09-03 13:23:58,757 INFO  [io.api.tes.ser.api.KafkaSerdesTester] (ForkJoinPool.commonPool-worker-3) None found
2025-09-03 13:23:59,757 INFO  [io.api.tes.ser.api.KafkaSerdesTester] (ForkJoinPool.commonPool-worker-3) None found
2025-09-03 13:23:59,762 INFO  [org.apa.kaf.cli.con.int.ConsumerCoordinator] (ForkJoinPool.commonPool-worker-3) [Consumer clientId=consumer-Consumer-s41324bd5x7c58x4161x82adx3c7a15cd1bbc-28, groupId=Consumer-s41324bd5x7c58x4161x82adx3c7a15cd1bbc] Successfully joined group with generation Generation{generationId=7, memberId='consumer-Consumer-s41324bd5x7c58x4161x82adx3c7a15cd1bbc-28-87cf72b3-6d70-4d91-8723-eca6f9332489', protocol='range'}
2025-09-03 13:23:59,762 INFO  [org.apa.kaf.cli.con.int.ConsumerCoordinator] (ForkJoinPool.commonPool-worker-3) [Consumer clientId=consumer-Consumer-s41324bd5x7c58x4161x82adx3c7a15cd1bbc-28, groupId=Consumer-s41324bd5x7c58x4161x82adx3c7a15cd1bbc] Finished assignment for group at generation 7: {consumer-Consumer-s41324bd5x7c58x4161x82adx3c7a15cd1bbc-28-87cf72b3-6d70-4d91-8723-eca6f9332489=Assignment(partitions=[s41324bd5x7c58x4161x82adx3c7a15cd1bbc-0])}
2025-09-03 13:23:59,768 INFO  [org.apa.kaf.cli.con.int.ConsumerCoordinator] (ForkJoinPool.commonPool-worker-3) [Consumer clientId=consumer-Consumer-s41324bd5x7c58x4161x82adx3c7a15cd1bbc-28, groupId=Consumer-s41324bd5x7c58x4161x82adx3c7a15cd1bbc] Successfully synced group in generation Generation{generationId=7, memberId='consumer-Consumer-s41324bd5x7c58x4161x82adx3c7a15cd1bbc-28-87cf72b3-6d70-4d91-8723-eca6f9332489', protocol='range'}
2025-09-03 13:23:59,768 INFO  [org.apa.kaf.cli.con.int.ConsumerCoordinator] (ForkJoinPool.commonPool-worker-3) [Consumer clientId=consumer-Consumer-s41324bd5x7c58x4161x82adx3c7a15cd1bbc-28, groupId=Consumer-s41324bd5x7c58x4161x82adx3c7a15cd1bbc] Notifying assignor about the new Assignment(partitions=[s41324bd5x7c58x4161x82adx3c7a15cd1bbc-0])
2025-09-03 13:23:59,769 INFO  [org.apa.kaf.cli.con.int.ConsumerRebalanceListenerInvoker] (ForkJoinPool.commonPool-worker-3) [Consumer clientId=consumer-Consumer-s41324bd5x7c58x4161x82adx3c7a15cd1bbc-28, groupId=Consumer-s41324bd5x7c58x4161x82adx3c7a15cd1bbc] Adding newly assigned partitions: s41324bd5x7c58x4161x82adx3c7a15cd1bbc-0
2025-09-03 13:23:59,769 INFO  [org.apa.kaf.cli.con.int.ConsumerUtils] (ForkJoinPool.commonPool-worker-3) Setting offset for partition s41324bd5x7c58x4161x82adx3c7a15cd1bbc-0 to the committed offset FetchPosition{offset=30, offsetEpoch=Optional[0], currentLeader=LeaderAndEpoch{leader=Optional[localhost:32769 (id: 0 rack: null)], epoch=0}}
2025-09-03 13:23:59,806 INFO  [io.api.tes.ser.api.KafkaSerdesTester] (ForkJoinPool.commonPool-worker-3) s41324bd5x7c58x4161x82adx3c7a15cd1bbc 0 30 msb: 1756905836695
lsb: 321

2025-09-03 13:23:59,806 INFO  [io.api.tes.ser.api.KafkaSerdesTester] (ForkJoinPool.commonPool-worker-3) s41324bd5x7c58x4161x82adx3c7a15cd1bbc 0 31 msb: 1756905836743
lsb: 321

2025-09-03 13:23:59,806 INFO  [io.api.tes.ser.api.KafkaSerdesTester] (ForkJoinPool.commonPool-worker-3) s41324bd5x7c58x4161x82adx3c7a15cd1bbc 0 32 msb: 1756905836744
lsb: 321

2025-09-03 13:23:59,806 INFO  [io.api.tes.ser.api.KafkaSerdesTester] (ForkJoinPool.commonPool-worker-3) s41324bd5x7c58x4161x82adx3c7a15cd1bbc 0 33 msb: 1756905836745
lsb: 321

2025-09-03 13:23:59,806 INFO  [io.api.tes.ser.api.KafkaSerdesTester] (ForkJoinPool.commonPool-worker-3) s41324bd5x7c58x4161x82adx3c7a15cd1bbc 0 34 msb: 1756905836746
lsb: 321

2025-09-03 13:23:59,806 INFO  [io.api.tes.ser.api.KafkaSerdesTester] (ForkJoinPool.commonPool-worker-3) s41324bd5x7c58x4161x82adx3c7a15cd1bbc 0 35 msb: 1756905836747
lsb: 321

2025-09-03 13:23:59,806 INFO  [io.api.tes.ser.api.KafkaSerdesTester] (ForkJoinPool.commonPool-worker-3) s41324bd5x7c58x4161x82adx3c7a15cd1bbc 0 36 msb: 1756905836748
lsb: 321

2025-09-03 13:23:59,806 INFO  [io.api.tes.ser.api.KafkaSerdesTester] (ForkJoinPool.commonPool-worker-3) s41324bd5x7c58x4161x82adx3c7a15cd1bbc 0 37 msb: 1756905836749
lsb: 321

2025-09-03 13:23:59,806 INFO  [io.api.tes.ser.api.KafkaSerdesTester] (ForkJoinPool.commonPool-worker-3) s41324bd5x7c58x4161x82adx3c7a15cd1bbc 0 38 msb: 1756905836750
lsb: 321

2025-09-03 13:23:59,806 INFO  [io.api.tes.ser.api.KafkaSerdesTester] (ForkJoinPool.commonPool-worker-3) s41324bd5x7c58x4161x82adx3c7a15cd1bbc 0 39 msb: 1756905836750
lsb: 321

2025-09-03 13:23:59,806 INFO  [io.api.tes.ser.api.KafkaSerdesTester] (ForkJoinPool.commonPool-worker-3) Consumed 10 messages
2025-09-03 13:23:59,813 INFO  [org.apa.kaf.cli.con.int.ConsumerRebalanceListenerInvoker] (ForkJoinPool.commonPool-worker-3) [Consumer clientId=consumer-Consumer-s41324bd5x7c58x4161x82adx3c7a15cd1bbc-28, groupId=Consumer-s41324bd5x7c58x4161x82adx3c7a15cd1bbc] Revoke previously assigned partitions s41324bd5x7c58x4161x82adx3c7a15cd1bbc-0
2025-09-03 13:23:59,813 INFO  [org.apa.kaf.cli.con.int.ConsumerCoordinator] (ForkJoinPool.commonPool-worker-3) [Consumer clientId=consumer-Consumer-s41324bd5x7c58x4161x82adx3c7a15cd1bbc-28, groupId=Consumer-s41324bd5x7c58x4161x82adx3c7a15cd1bbc] Member consumer-Consumer-s41324bd5x7c58x4161x82adx3c7a15cd1bbc-28-87cf72b3-6d70-4d91-8723-eca6f9332489 sending LeaveGroup request to coordinator localhost:32769 (id: 2147483647 rack: null) due to the consumer is being closed
2025-09-03 13:23:59,813 INFO  [org.apa.kaf.cli.con.int.ConsumerCoordinator] (ForkJoinPool.commonPool-worker-3) [Consumer clientId=consumer-Consumer-s41324bd5x7c58x4161x82adx3c7a15cd1bbc-28, groupId=Consumer-s41324bd5x7c58x4161x82adx3c7a15cd1bbc] Resetting generation and member id due to: consumer pro-actively leaving the group
2025-09-03 13:23:59,813 INFO  [org.apa.kaf.cli.con.int.ConsumerCoordinator] (ForkJoinPool.commonPool-worker-3) [Consumer clientId=consumer-Consumer-s41324bd5x7c58x4161x82adx3c7a15cd1bbc-28, groupId=Consumer-s41324bd5x7c58x4161x82adx3c7a15cd1bbc] Request joining group due to: consumer pro-actively leaving the group
2025-09-03 13:24:00,308 INFO  [org.apa.kaf.com.met.Metrics] (ForkJoinPool.commonPool-worker-3) Metrics scheduler closed
2025-09-03 13:24:00,308 INFO  [org.apa.kaf.com.met.Metrics] (ForkJoinPool.commonPool-worker-3) Closing reporter org.apache.kafka.common.metrics.JmxReporter
2025-09-03 13:24:00,308 INFO  [org.apa.kaf.com.met.Metrics] (ForkJoinPool.commonPool-worker-3) Closing reporter org.apache.kafka.common.telemetry.internals.ClientTelemetryReporter
2025-09-03 13:24:00,308 INFO  [org.apa.kaf.com.met.Metrics] (ForkJoinPool.commonPool-worker-3) Metrics reporters closed
2025-09-03 13:24:00,309 INFO  [org.apa.kaf.com.uti.AppInfoParser] (ForkJoinPool.commonPool-worker-3) App info kafka.consumer for consumer-Consumer-s41324bd5x7c58x4161x82adx3c7a15cd1bbc-28 unregistered
**** Registry Base URL: http://registry-app-pg17.apps.ci419.apicurio-testing.org:80
2025-09-03 13:24:00,310 INFO  [org.apa.kaf.cli.pro.ProducerConfig] (main) ProducerConfig values: 
	acks = -1
	auto.include.jmx.reporter = true
	batch.size = 16384
	bootstrap.servers = [PLAINTEXT://localhost:32769]
	buffer.memory = 33554432
	client.dns.lookup = use_all_dns_ips
	client.id = Producer-s41324bd5x7c58x4161x82adx3c7a15cd1bbc
	compression.gzip.level = -1
	compression.lz4.level = 9
	compression.type = none
	compression.zstd.level = 3
	connections.max.idle.ms = 10000
	delivery.timeout.ms = 120000
	enable.idempotence = true
	enable.metrics.push = true
	interceptor.classes = []
	key.serializer = class org.apache.kafka.common.serialization.StringSerializer
	linger.ms = 0
	max.block.ms = 60000
	max.in.flight.requests.per.connection = 5
	max.request.size = 1048576
	metadata.max.age.ms = 300000
	metadata.max.idle.ms = 300000
	metadata.recovery.strategy = none
	metric.reporters = []
	metrics.num.samples = 2
	metrics.recording.level = INFO
	metrics.sample.window.ms = 30000
	partitioner.adaptive.partitioning.enable = true
	partitioner.availability.timeout.ms = 0
	partitioner.class = null
	partitioner.ignore.keys = false
	receive.buffer.bytes = 32768
	reconnect.backoff.max.ms = 1000
	reconnect.backoff.ms = 50
	request.timeout.ms = 5000
	retries = 2147483647
	retry.backoff.max.ms = 1000
	retry.backoff.ms = 100
	sasl.client.callback.handler.class = null
	sasl.jaas.config = null
	sasl.kerberos.kinit.cmd = /usr/bin/kinit
	sasl.kerberos.min.time.before.relogin = 60000
	sasl.kerberos.service.name = null
	sasl.kerberos.ticket.renew.jitter = 0.05
	sasl.kerberos.ticket.renew.window.factor = 0.8
	sasl.login.callback.handler.class = null
	sasl.login.class = null
	sasl.login.connect.timeout.ms = null
	sasl.login.read.timeout.ms = null
	sasl.login.refresh.buffer.seconds = 300
	sasl.login.refresh.min.period.seconds = 60
	sasl.login.refresh.window.factor = 0.8
	sasl.login.refresh.window.jitter = 0.05
	sasl.login.retry.backoff.max.ms = 10000
	sasl.login.retry.backoff.ms = 100
	sasl.mechanism = GSSAPI
	sasl.oauthbearer.clock.skew.seconds = 30
	sasl.oauthbearer.expected.audience = null
	sasl.oauthbearer.expected.issuer = null
	sasl.oauthbearer.header.urlencode = false
	sasl.oauthbearer.jwks.endpoint.refresh.ms = 3600000
	sasl.oauthbearer.jwks.endpoint.retry.backoff.max.ms = 10000
	sasl.oauthbearer.jwks.endpoint.retry.backoff.ms = 100
	sasl.oauthbearer.jwks.endpoint.url = null
	sasl.oauthbearer.scope.claim.name = scope
	sasl.oauthbearer.sub.claim.name = sub
	sasl.oauthbearer.token.endpoint.url = null
	security.protocol = PLAINTEXT
	security.providers = null
	send.buffer.bytes = 131072
	socket.connection.setup.timeout.max.ms = 30000
	socket.connection.setup.timeout.ms = 10000
	ssl.cipher.suites = null
	ssl.enabled.protocols = [TLSv1.2, TLSv1.3]
	ssl.endpoint.identification.algorithm = https
	ssl.engine.factory.class = null
	ssl.key.password = null
	ssl.keymanager.algorithm = SunX509
	ssl.keystore.certificate.chain = null
	ssl.keystore.key = null
	ssl.keystore.location = null
	ssl.keystore.password = null
	ssl.keystore.type = JKS
	ssl.protocol = TLSv1.3
	ssl.provider = null
	ssl.secure.random.implementation = null
	ssl.trustmanager.algorithm = PKIX
	ssl.truststore.certificates = null
	ssl.truststore.location = null
	ssl.truststore.password = null
	ssl.truststore.type = JKS
	transaction.timeout.ms = 60000
	transactional.id = null
	value.serializer = class io.apicurio.registry.serde.protobuf.ProtobufKafkaSerializer

2025-09-03 13:24:00,310 INFO  [org.apa.kaf.com.tel.int.KafkaMetricsCollector] (main) initializing Kafka metrics collector
2025-09-03 13:24:00,312 INFO  [org.apa.kaf.cli.pro.KafkaProducer] (main) [Producer clientId=Producer-s41324bd5x7c58x4161x82adx3c7a15cd1bbc] Instantiated an idempotent producer.
2025-09-03 13:24:00,313 INFO  [org.apa.kaf.cli.pro.ProducerConfig] (main) These configurations '[apicurio.registry.url, apicurio.registry.headers.enabled, apicurio.registry.artifact-resolver-strategy, apicurio.registry.artifact.version]' were supplied but are not used yet.
2025-09-03 13:24:00,313 INFO  [org.apa.kaf.com.uti.AppInfoParser] (main) Kafka version: 3.9.1
2025-09-03 13:24:00,313 INFO  [org.apa.kaf.com.uti.AppInfoParser] (main) Kafka commitId: f745dfdcee2b9851
2025-09-03 13:24:00,313 INFO  [org.apa.kaf.com.uti.AppInfoParser] (main) Kafka startTimeMs: 1756905840313
2025-09-03 13:24:00,313 INFO  [io.api.tes.ser.api.SimpleSerdesTesterBuilder$SimpleSerdesTester] (main) Using producer configuration: {apicurio.registry.url=http://registry-app-pg17.apps.ci419.apicurio-testing.org:80/apis/registry/v3, apicurio.registry.headers.enabled=true, apicurio.registry.artifact-resolver-strategy=io.apicurio.registry.serde.strategy.TopicIdStrategy, value.serializer=io.apicurio.registry.serde.protobuf.ProtobufKafkaSerializer, request.timeout.ms=5000, acks=all, bootstrap.servers=PLAINTEXT://localhost:32769, connections.max.idle.ms=10000, apicurio.registry.artifact.version=2, key.serializer=org.apache.kafka.common.serialization.StringSerializer, client.id=Producer-s41324bd5x7c58x4161x82adx3c7a15cd1bbc}
2025-09-03 13:24:00,313 INFO  [io.api.tes.ser.api.SimpleSerdesTesterBuilder$SimpleSerdesTester] (main) Using consumer configuration: {apicurio.registry.headers.enabled=true}
2025-09-03 13:24:00,314 INFO  [io.api.tes.ser.api.KafkaSerdesTester] (ForkJoinPool.commonPool-worker-3) Sending message msb: 1756905840314
lsb: 321
 to topic s41324bd5x7c58x4161x82adx3c7a15cd1bbc
2025-09-03 13:24:00,315 INFO  [org.apa.kaf.cli.Metadata] (kafka-producer-network-thread | Producer-s41324bd5x7c58x4161x82adx3c7a15cd1bbc) [Producer clientId=Producer-s41324bd5x7c58x4161x82adx3c7a15cd1bbc] Cluster ID: Vad1sk8gS_OCqo1-tuet0Q
2025-09-03 13:24:00,315 INFO  [org.apa.kaf.cli.pro.int.TransactionManager] (kafka-producer-network-thread | Producer-s41324bd5x7c58x4161x82adx3c7a15cd1bbc) [Producer clientId=Producer-s41324bd5x7c58x4161x82adx3c7a15cd1bbc] ProducerId set to 39 with epoch 0
2025-09-03 13:24:00,360 INFO  [io.api.tes.ser.api.KafkaSerdesTester] (ForkJoinPool.commonPool-worker-3) Sending message msb: 1756905840360
lsb: 321
 to topic s41324bd5x7c58x4161x82adx3c7a15cd1bbc
2025-09-03 13:24:00,361 INFO  [io.api.tes.ser.api.KafkaSerdesTester] (ForkJoinPool.commonPool-worker-3) Sending message msb: 1756905840361
lsb: 321
 to topic s41324bd5x7c58x4161x82adx3c7a15cd1bbc
2025-09-03 13:24:00,362 INFO  [io.api.tes.ser.api.KafkaSerdesTester] (ForkJoinPool.commonPool-worker-3) Sending message msb: 1756905840362
lsb: 321
 to topic s41324bd5x7c58x4161x82adx3c7a15cd1bbc
2025-09-03 13:24:00,364 INFO  [io.api.tes.ser.api.KafkaSerdesTester] (ForkJoinPool.commonPool-worker-3) Sending message msb: 1756905840363
lsb: 321
 to topic s41324bd5x7c58x4161x82adx3c7a15cd1bbc
2025-09-03 13:24:00,365 INFO  [io.api.tes.ser.api.KafkaSerdesTester] (ForkJoinPool.commonPool-worker-3) Sending message msb: 1756905840364
lsb: 321
 to topic s41324bd5x7c58x4161x82adx3c7a15cd1bbc
2025-09-03 13:24:00,365 INFO  [io.api.tes.ser.api.KafkaSerdesTester] (ForkJoinPool.commonPool-worker-3) Sending message msb: 1756905840365
lsb: 321
 to topic s41324bd5x7c58x4161x82adx3c7a15cd1bbc
2025-09-03 13:24:00,366 INFO  [io.api.tes.ser.api.KafkaSerdesTester] (ForkJoinPool.commonPool-worker-3) Sending message msb: 1756905840366
lsb: 321
 to topic s41324bd5x7c58x4161x82adx3c7a15cd1bbc
2025-09-03 13:24:00,367 INFO  [io.api.tes.ser.api.KafkaSerdesTester] (ForkJoinPool.commonPool-worker-3) Sending message msb: 1756905840367
lsb: 321
 to topic s41324bd5x7c58x4161x82adx3c7a15cd1bbc
2025-09-03 13:24:00,368 INFO  [io.api.tes.ser.api.KafkaSerdesTester] (ForkJoinPool.commonPool-worker-3) Sending message msb: 1756905840368
lsb: 321
 to topic s41324bd5x7c58x4161x82adx3c7a15cd1bbc
2025-09-03 13:24:00,369 INFO  [io.api.tes.ser.api.KafkaSerdesTester] (ForkJoinPool.commonPool-worker-3) Produced 10 messages
2025-09-03 13:24:00,369 INFO  [org.apa.kaf.cli.pro.KafkaProducer] (ForkJoinPool.commonPool-worker-3) [Producer clientId=Producer-s41324bd5x7c58x4161x82adx3c7a15cd1bbc] Closing the Kafka producer with timeoutMillis = 9223372036854775807 ms.
2025-09-03 13:24:00,371 INFO  [org.apa.kaf.com.met.Metrics] (ForkJoinPool.commonPool-worker-3) Metrics scheduler closed
2025-09-03 13:24:00,371 INFO  [org.apa.kaf.com.met.Metrics] (ForkJoinPool.commonPool-worker-3) Closing reporter org.apache.kafka.common.metrics.JmxReporter
2025-09-03 13:24:00,371 INFO  [org.apa.kaf.com.met.Metrics] (ForkJoinPool.commonPool-worker-3) Closing reporter org.apache.kafka.common.telemetry.internals.ClientTelemetryReporter
2025-09-03 13:24:00,371 INFO  [org.apa.kaf.com.met.Metrics] (ForkJoinPool.commonPool-worker-3) Metrics reporters closed
2025-09-03 13:24:00,371 INFO  [org.apa.kaf.com.uti.AppInfoParser] (ForkJoinPool.commonPool-worker-3) App info kafka.producer for Producer-s41324bd5x7c58x4161x82adx3c7a15cd1bbc unregistered
**** Registry Base URL: http://registry-app-pg17.apps.ci419.apicurio-testing.org:80
2025-09-03 13:24:00,371 INFO  [org.apa.kaf.cli.con.ConsumerConfig] (main) ConsumerConfig values: 
	allow.auto.create.topics = true
	auto.commit.interval.ms = 500
	auto.include.jmx.reporter = true
	auto.offset.reset = earliest
	bootstrap.servers = [PLAINTEXT://localhost:32769]
	check.crcs = true
	client.dns.lookup = use_all_dns_ips
	client.id = consumer-Consumer-s41324bd5x7c58x4161x82adx3c7a15cd1bbc-29
	client.rack = 
	connections.max.idle.ms = 10000
	default.api.timeout.ms = 60000
	enable.auto.commit = true
	enable.metrics.push = true
	exclude.internal.topics = true
	fetch.max.bytes = 52428800
	fetch.max.wait.ms = 500
	fetch.min.bytes = 1
	group.id = Consumer-s41324bd5x7c58x4161x82adx3c7a15cd1bbc
	group.instance.id = null
	group.protocol = classic
	group.remote.assignor = null
	heartbeat.interval.ms = 3000
	interceptor.classes = []
	internal.leave.group.on.close = true
	internal.throw.on.fetch.stable.offset.unsupported = false
	isolation.level = read_uncommitted
	key.deserializer = class org.apache.kafka.common.serialization.StringDeserializer
	max.partition.fetch.bytes = 1048576
	max.poll.interval.ms = 300000
	max.poll.records = 500
	metadata.max.age.ms = 300000
	metadata.recovery.strategy = none
	metric.reporters = []
	metrics.num.samples = 2
	metrics.recording.level = INFO
	metrics.sample.window.ms = 30000
	partition.assignment.strategy = [class org.apache.kafka.clients.consumer.RangeAssignor, class org.apache.kafka.clients.consumer.CooperativeStickyAssignor]
	receive.buffer.bytes = 65536
	reconnect.backoff.max.ms = 1000
	reconnect.backoff.ms = 50
	request.timeout.ms = 5000
	retry.backoff.max.ms = 1000
	retry.backoff.ms = 100
	sasl.client.callback.handler.class = null
	sasl.jaas.config = null
	sasl.kerberos.kinit.cmd = /usr/bin/kinit
	sasl.kerberos.min.time.before.relogin = 60000
	sasl.kerberos.service.name = null
	sasl.kerberos.ticket.renew.jitter = 0.05
	sasl.kerberos.ticket.renew.window.factor = 0.8
	sasl.login.callback.handler.class = null
	sasl.login.class = null
	sasl.login.connect.timeout.ms = null
	sasl.login.read.timeout.ms = null
	sasl.login.refresh.buffer.seconds = 300
	sasl.login.refresh.min.period.seconds = 60
	sasl.login.refresh.window.factor = 0.8
	sasl.login.refresh.window.jitter = 0.05
	sasl.login.retry.backoff.max.ms = 10000
	sasl.login.retry.backoff.ms = 100
	sasl.mechanism = GSSAPI
	sasl.oauthbearer.clock.skew.seconds = 30
	sasl.oauthbearer.expected.audience = null
	sasl.oauthbearer.expected.issuer = null
	sasl.oauthbearer.header.urlencode = false
	sasl.oauthbearer.jwks.endpoint.refresh.ms = 3600000
	sasl.oauthbearer.jwks.endpoint.retry.backoff.max.ms = 10000
	sasl.oauthbearer.jwks.endpoint.retry.backoff.ms = 100
	sasl.oauthbearer.jwks.endpoint.url = null
	sasl.oauthbearer.scope.claim.name = scope
	sasl.oauthbearer.sub.claim.name = sub
	sasl.oauthbearer.token.endpoint.url = null
	security.protocol = PLAINTEXT
	security.providers = null
	send.buffer.bytes = 131072
	session.timeout.ms = 45000
	socket.connection.setup.timeout.max.ms = 30000
	socket.connection.setup.timeout.ms = 10000
	ssl.cipher.suites = null
	ssl.enabled.protocols = [TLSv1.2, TLSv1.3]
	ssl.endpoint.identification.algorithm = https
	ssl.engine.factory.class = null
	ssl.key.password = null
	ssl.keymanager.algorithm = SunX509
	ssl.keystore.certificate.chain = null
	ssl.keystore.key = null
	ssl.keystore.location = null
	ssl.keystore.password = null
	ssl.keystore.type = JKS
	ssl.protocol = TLSv1.3
	ssl.provider = null
	ssl.secure.random.implementation = null
	ssl.trustmanager.algorithm = PKIX
	ssl.truststore.certificates = null
	ssl.truststore.location = null
	ssl.truststore.password = null
	ssl.truststore.type = JKS
	value.deserializer = class io.apicurio.registry.serde.protobuf.ProtobufKafkaDeserializer

2025-09-03 13:24:00,372 INFO  [org.apa.kaf.com.tel.int.KafkaMetricsCollector] (main) initializing Kafka metrics collector
2025-09-03 13:24:00,377 INFO  [org.apa.kaf.cli.con.ConsumerConfig] (main) These configurations '[apicurio.registry.url, apicurio.registry.headers.enabled]' were supplied but are not used yet.
2025-09-03 13:24:00,378 INFO  [org.apa.kaf.com.uti.AppInfoParser] (main) Kafka version: 3.9.1
2025-09-03 13:24:00,378 INFO  [org.apa.kaf.com.uti.AppInfoParser] (main) Kafka commitId: f745dfdcee2b9851
2025-09-03 13:24:00,378 INFO  [org.apa.kaf.com.uti.AppInfoParser] (main) Kafka startTimeMs: 1756905840378
2025-09-03 13:24:00,378 INFO  [org.apa.kaf.cli.con.int.ClassicKafkaConsumer] (ForkJoinPool.commonPool-worker-3) [Consumer clientId=consumer-Consumer-s41324bd5x7c58x4161x82adx3c7a15cd1bbc-29, groupId=Consumer-s41324bd5x7c58x4161x82adx3c7a15cd1bbc] Subscribed to topic(s): s41324bd5x7c58x4161x82adx3c7a15cd1bbc
2025-09-03 13:24:00,381 INFO  [org.apa.kaf.cli.Metadata] (ForkJoinPool.commonPool-worker-3) [Consumer clientId=consumer-Consumer-s41324bd5x7c58x4161x82adx3c7a15cd1bbc-29, groupId=Consumer-s41324bd5x7c58x4161x82adx3c7a15cd1bbc] Cluster ID: Vad1sk8gS_OCqo1-tuet0Q
2025-09-03 13:24:00,381 INFO  [org.apa.kaf.cli.con.int.ConsumerCoordinator] (ForkJoinPool.commonPool-worker-3) [Consumer clientId=consumer-Consumer-s41324bd5x7c58x4161x82adx3c7a15cd1bbc-29, groupId=Consumer-s41324bd5x7c58x4161x82adx3c7a15cd1bbc] Discovered group coordinator localhost:32769 (id: 2147483647 rack: null)
2025-09-03 13:24:00,382 INFO  [org.apa.kaf.cli.con.int.ConsumerCoordinator] (ForkJoinPool.commonPool-worker-3) [Consumer clientId=consumer-Consumer-s41324bd5x7c58x4161x82adx3c7a15cd1bbc-29, groupId=Consumer-s41324bd5x7c58x4161x82adx3c7a15cd1bbc] (Re-)joining group
2025-09-03 13:24:00,383 INFO  [org.apa.kaf.cli.con.int.ConsumerCoordinator] (ForkJoinPool.commonPool-worker-3) [Consumer clientId=consumer-Consumer-s41324bd5x7c58x4161x82adx3c7a15cd1bbc-29, groupId=Consumer-s41324bd5x7c58x4161x82adx3c7a15cd1bbc] Request joining group due to: need to re-join with the given member-id: consumer-Consumer-s41324bd5x7c58x4161x82adx3c7a15cd1bbc-29-336f9541-052a-4c4e-8c26-85ffcbb029a1
2025-09-03 13:24:00,383 INFO  [org.apa.kaf.cli.con.int.ConsumerCoordinator] (ForkJoinPool.commonPool-worker-3) [Consumer clientId=consumer-Consumer-s41324bd5x7c58x4161x82adx3c7a15cd1bbc-29, groupId=Consumer-s41324bd5x7c58x4161x82adx3c7a15cd1bbc] (Re-)joining group
2025-09-03 13:24:01,378 INFO  [io.api.tes.ser.api.KafkaSerdesTester] (ForkJoinPool.commonPool-worker-3) None found
2025-09-03 13:24:02,378 INFO  [io.api.tes.ser.api.KafkaSerdesTester] (ForkJoinPool.commonPool-worker-3) None found
2025-09-03 13:24:03,379 INFO  [io.api.tes.ser.api.KafkaSerdesTester] (ForkJoinPool.commonPool-worker-3) None found
2025-09-03 13:24:03,384 INFO  [org.apa.kaf.cli.con.int.ConsumerCoordinator] (ForkJoinPool.commonPool-worker-3) [Consumer clientId=consumer-Consumer-s41324bd5x7c58x4161x82adx3c7a15cd1bbc-29, groupId=Consumer-s41324bd5x7c58x4161x82adx3c7a15cd1bbc] Successfully joined group with generation Generation{generationId=9, memberId='consumer-Consumer-s41324bd5x7c58x4161x82adx3c7a15cd1bbc-29-336f9541-052a-4c4e-8c26-85ffcbb029a1', protocol='range'}
2025-09-03 13:24:03,384 INFO  [org.apa.kaf.cli.con.int.ConsumerCoordinator] (ForkJoinPool.commonPool-worker-3) [Consumer clientId=consumer-Consumer-s41324bd5x7c58x4161x82adx3c7a15cd1bbc-29, groupId=Consumer-s41324bd5x7c58x4161x82adx3c7a15cd1bbc] Finished assignment for group at generation 9: {consumer-Consumer-s41324bd5x7c58x4161x82adx3c7a15cd1bbc-29-336f9541-052a-4c4e-8c26-85ffcbb029a1=Assignment(partitions=[s41324bd5x7c58x4161x82adx3c7a15cd1bbc-0])}
2025-09-03 13:24:03,391 INFO  [org.apa.kaf.cli.con.int.ConsumerCoordinator] (ForkJoinPool.commonPool-worker-3) [Consumer clientId=consumer-Consumer-s41324bd5x7c58x4161x82adx3c7a15cd1bbc-29, groupId=Consumer-s41324bd5x7c58x4161x82adx3c7a15cd1bbc] Successfully synced group in generation Generation{generationId=9, memberId='consumer-Consumer-s41324bd5x7c58x4161x82adx3c7a15cd1bbc-29-336f9541-052a-4c4e-8c26-85ffcbb029a1', protocol='range'}
2025-09-03 13:24:03,391 INFO  [org.apa.kaf.cli.con.int.ConsumerCoordinator] (ForkJoinPool.commonPool-worker-3) [Consumer clientId=consumer-Consumer-s41324bd5x7c58x4161x82adx3c7a15cd1bbc-29, groupId=Consumer-s41324bd5x7c58x4161x82adx3c7a15cd1bbc] Notifying assignor about the new Assignment(partitions=[s41324bd5x7c58x4161x82adx3c7a15cd1bbc-0])
2025-09-03 13:24:03,391 INFO  [org.apa.kaf.cli.con.int.ConsumerRebalanceListenerInvoker] (ForkJoinPool.commonPool-worker-3) [Consumer clientId=consumer-Consumer-s41324bd5x7c58x4161x82adx3c7a15cd1bbc-29, groupId=Consumer-s41324bd5x7c58x4161x82adx3c7a15cd1bbc] Adding newly assigned partitions: s41324bd5x7c58x4161x82adx3c7a15cd1bbc-0
2025-09-03 13:24:03,392 INFO  [org.apa.kaf.cli.con.int.ConsumerUtils] (ForkJoinPool.commonPool-worker-3) Setting offset for partition s41324bd5x7c58x4161x82adx3c7a15cd1bbc-0 to the committed offset FetchPosition{offset=40, offsetEpoch=Optional[0], currentLeader=LeaderAndEpoch{leader=Optional[localhost:32769 (id: 0 rack: null)], epoch=0}}
2025-09-03 13:24:03,425 INFO  [io.api.tes.ser.api.KafkaSerdesTester] (ForkJoinPool.commonPool-worker-3) s41324bd5x7c58x4161x82adx3c7a15cd1bbc 0 40 msb: 1756905840314
lsb: 321

2025-09-03 13:24:03,425 INFO  [io.api.tes.ser.api.KafkaSerdesTester] (ForkJoinPool.commonPool-worker-3) s41324bd5x7c58x4161x82adx3c7a15cd1bbc 0 41 msb: 1756905840360
lsb: 321

2025-09-03 13:24:03,425 INFO  [io.api.tes.ser.api.KafkaSerdesTester] (ForkJoinPool.commonPool-worker-3) s41324bd5x7c58x4161x82adx3c7a15cd1bbc 0 42 msb: 1756905840361
lsb: 321

2025-09-03 13:24:03,426 INFO  [io.api.tes.ser.api.KafkaSerdesTester] (ForkJoinPool.commonPool-worker-3) s41324bd5x7c58x4161x82adx3c7a15cd1bbc 0 43 msb: 1756905840362
lsb: 321

2025-09-03 13:24:03,426 INFO  [io.api.tes.ser.api.KafkaSerdesTester] (ForkJoinPool.commonPool-worker-3) s41324bd5x7c58x4161x82adx3c7a15cd1bbc 0 44 msb: 1756905840363
lsb: 321

2025-09-03 13:24:03,426 INFO  [io.api.tes.ser.api.KafkaSerdesTester] (ForkJoinPool.commonPool-worker-3) s41324bd5x7c58x4161x82adx3c7a15cd1bbc 0 45 msb: 1756905840364
lsb: 321

2025-09-03 13:24:03,426 INFO  [io.api.tes.ser.api.KafkaSerdesTester] (ForkJoinPool.commonPool-worker-3) s41324bd5x7c58x4161x82adx3c7a15cd1bbc 0 46 msb: 1756905840365
lsb: 321

2025-09-03 13:24:03,426 INFO  [io.api.tes.ser.api.KafkaSerdesTester] (ForkJoinPool.commonPool-worker-3) s41324bd5x7c58x4161x82adx3c7a15cd1bbc 0 47 msb: 1756905840366
lsb: 321

2025-09-03 13:24:03,426 INFO  [io.api.tes.ser.api.KafkaSerdesTester] (ForkJoinPool.commonPool-worker-3) s41324bd5x7c58x4161x82adx3c7a15cd1bbc 0 48 msb: 1756905840367
lsb: 321

2025-09-03 13:24:03,426 INFO  [io.api.tes.ser.api.KafkaSerdesTester] (ForkJoinPool.commonPool-worker-3) s41324bd5x7c58x4161x82adx3c7a15cd1bbc 0 49 msb: 1756905840368
lsb: 321

2025-09-03 13:24:03,426 INFO  [io.api.tes.ser.api.KafkaSerdesTester] (ForkJoinPool.commonPool-worker-3) Consumed 10 messages
2025-09-03 13:24:03,432 INFO  [org.apa.kaf.cli.con.int.ConsumerRebalanceListenerInvoker] (ForkJoinPool.commonPool-worker-3) [Consumer clientId=consumer-Consumer-s41324bd5x7c58x4161x82adx3c7a15cd1bbc-29, groupId=Consumer-s41324bd5x7c58x4161x82adx3c7a15cd1bbc] Revoke previously assigned partitions s41324bd5x7c58x4161x82adx3c7a15cd1bbc-0
2025-09-03 13:24:03,432 INFO  [org.apa.kaf.cli.con.int.ConsumerCoordinator] (ForkJoinPool.commonPool-worker-3) [Consumer clientId=consumer-Consumer-s41324bd5x7c58x4161x82adx3c7a15cd1bbc-29, groupId=Consumer-s41324bd5x7c58x4161x82adx3c7a15cd1bbc] Member consumer-Consumer-s41324bd5x7c58x4161x82adx3c7a15cd1bbc-29-336f9541-052a-4c4e-8c26-85ffcbb029a1 sending LeaveGroup request to coordinator localhost:32769 (id: 2147483647 rack: null) due to the consumer is being closed
2025-09-03 13:24:03,432 INFO  [org.apa.kaf.cli.con.int.ConsumerCoordinator] (ForkJoinPool.commonPool-worker-3) [Consumer clientId=consumer-Consumer-s41324bd5x7c58x4161x82adx3c7a15cd1bbc-29, groupId=Consumer-s41324bd5x7c58x4161x82adx3c7a15cd1bbc] Resetting generation and member id due to: consumer pro-actively leaving the group
2025-09-03 13:24:03,433 INFO  [org.apa.kaf.cli.con.int.ConsumerCoordinator] (ForkJoinPool.commonPool-worker-3) [Consumer clientId=consumer-Consumer-s41324bd5x7c58x4161x82adx3c7a15cd1bbc-29, groupId=Consumer-s41324bd5x7c58x4161x82adx3c7a15cd1bbc] Request joining group due to: consumer pro-actively leaving the group
2025-09-03 13:24:03,927 INFO  [org.apa.kaf.com.met.Metrics] (ForkJoinPool.commonPool-worker-3) Metrics scheduler closed
2025-09-03 13:24:03,927 INFO  [org.apa.kaf.com.met.Metrics] (ForkJoinPool.commonPool-worker-3) Closing reporter org.apache.kafka.common.metrics.JmxReporter
2025-09-03 13:24:03,927 INFO  [org.apa.kaf.com.met.Metrics] (ForkJoinPool.commonPool-worker-3) Closing reporter org.apache.kafka.common.telemetry.internals.ClientTelemetryReporter
2025-09-03 13:24:03,927 INFO  [org.apa.kaf.com.met.Metrics] (ForkJoinPool.commonPool-worker-3) Metrics reporters closed
2025-09-03 13:24:03,928 INFO  [org.apa.kaf.com.uti.AppInfoParser] (ForkJoinPool.commonPool-worker-3) App info kafka.consumer for consumer-Consumer-s41324bd5x7c58x4161x82adx3c7a15cd1bbc-29 unregistered
2025-09-03 13:24:03,929 INFO  [io.api.tes.uti.TestSeparator] (main) io.apicurio.tests.serdes.apicurio.ProtobufSerdeIT.testValidation-FINISHED
2025-09-03 13:24:03,929 INFO  [io.api.tes.uti.TestSeparator] (main) ############################################################################
Test passed: testValidation
]]></system-out>
  </testcase>
  <testcase name="testArtifactNotFound" classname="io.apicurio.tests.serdes.apicurio.ProtobufSerdeIT" time="0.002">
    <system-out><![CDATA[2025-09-03 13:24:03,930 INFO  [io.api.tes.uti.TestSeparator] (main) ############################################################################
2025-09-03 13:24:03,930 INFO  [io.api.tes.uti.TestSeparator] (main) io.apicurio.tests.serdes.apicurio.ProtobufSerdeIT.testArtifactNotFound-STARTED
2025-09-03 13:24:03,930 INFO  [io.api.tes.uti.TestSeparator] (main) io.apicurio.tests.serdes.apicurio.ProtobufSerdeIT.testArtifactNotFound-FINISHED
2025-09-03 13:24:03,930 INFO  [io.api.tes.uti.TestSeparator] (main) ############################################################################
Test passed: testArtifactNotFound
]]></system-out>
  </testcase>
  <testcase name="testTopicIdStrategyFindLatest" classname="io.apicurio.tests.serdes.apicurio.ProtobufSerdeIT" time="1.036">
    <system-out><![CDATA[2025-09-03 13:24:03,932 INFO  [io.api.tes.uti.TestSeparator] (main) ############################################################################
2025-09-03 13:24:03,932 INFO  [io.api.tes.uti.TestSeparator] (main) io.apicurio.tests.serdes.apicurio.ProtobufSerdeIT.testTopicIdStrategyFindLatest-STARTED
2025-09-03 13:24:04,967 INFO  [io.api.tes.uti.TestSeparator] (main) io.apicurio.tests.serdes.apicurio.ProtobufSerdeIT.testTopicIdStrategyFindLatest-FINISHED
2025-09-03 13:24:04,967 INFO  [io.api.tes.uti.TestSeparator] (main) ############################################################################
Test passed: testTopicIdStrategyFindLatest
]]></system-out>
  </testcase>
  <testcase name="testWrongSchemaFindLatest" classname="io.apicurio.tests.serdes.apicurio.ProtobufSerdeIT" time="1.029">
    <system-out><![CDATA[2025-09-03 13:24:04,968 INFO  [io.api.tes.uti.TestSeparator] (main) ############################################################################
2025-09-03 13:24:04,968 INFO  [io.api.tes.uti.TestSeparator] (main) io.apicurio.tests.serdes.apicurio.ProtobufSerdeIT.testWrongSchemaFindLatest-STARTED
2025-09-03 13:24:05,997 INFO  [io.api.tes.uti.TestSeparator] (main) io.apicurio.tests.serdes.apicurio.ProtobufSerdeIT.testWrongSchemaFindLatest-FINISHED
2025-09-03 13:24:05,997 INFO  [io.api.tes.uti.TestSeparator] (main) ############################################################################
Test passed: testWrongSchemaFindLatest
]]></system-out>
  </testcase>
  <testcase name="testAutoRegisterDeriveClassProtobufType" classname="io.apicurio.tests.serdes.apicurio.ProtobufSerdeIT" time="3.975">
    <system-out><![CDATA[2025-09-03 13:24:05,998 INFO  [io.api.tes.uti.TestSeparator] (main) ############################################################################
2025-09-03 13:24:05,998 INFO  [io.api.tes.uti.TestSeparator] (main) io.apicurio.tests.serdes.apicurio.ProtobufSerdeIT.testAutoRegisterDeriveClassProtobufType-STARTED
**** Registry Base URL: http://registry-app-pg17.apps.ci419.apicurio-testing.org:80
2025-09-03 13:24:05,999 INFO  [org.apa.kaf.cli.pro.ProducerConfig] (main) ProducerConfig values: 
	acks = -1
	auto.include.jmx.reporter = true
	batch.size = 16384
	bootstrap.servers = [PLAINTEXT://localhost:32769]
	buffer.memory = 33554432
	client.dns.lookup = use_all_dns_ips
	client.id = Producer-topic-3eb72d2b_3b23_45be_8346_bb93375cb4c3
	compression.gzip.level = -1
	compression.lz4.level = 9
	compression.type = none
	compression.zstd.level = 3
	connections.max.idle.ms = 10000
	delivery.timeout.ms = 120000
	enable.idempotence = true
	enable.metrics.push = true
	interceptor.classes = []
	key.serializer = class org.apache.kafka.common.serialization.StringSerializer
	linger.ms = 0
	max.block.ms = 60000
	max.in.flight.requests.per.connection = 5
	max.request.size = 1048576
	metadata.max.age.ms = 300000
	metadata.max.idle.ms = 300000
	metadata.recovery.strategy = none
	metric.reporters = []
	metrics.num.samples = 2
	metrics.recording.level = INFO
	metrics.sample.window.ms = 30000
	partitioner.adaptive.partitioning.enable = true
	partitioner.availability.timeout.ms = 0
	partitioner.class = null
	partitioner.ignore.keys = false
	receive.buffer.bytes = 32768
	reconnect.backoff.max.ms = 1000
	reconnect.backoff.ms = 50
	request.timeout.ms = 5000
	retries = 2147483647
	retry.backoff.max.ms = 1000
	retry.backoff.ms = 100
	sasl.client.callback.handler.class = null
	sasl.jaas.config = null
	sasl.kerberos.kinit.cmd = /usr/bin/kinit
	sasl.kerberos.min.time.before.relogin = 60000
	sasl.kerberos.service.name = null
	sasl.kerberos.ticket.renew.jitter = 0.05
	sasl.kerberos.ticket.renew.window.factor = 0.8
	sasl.login.callback.handler.class = null
	sasl.login.class = null
	sasl.login.connect.timeout.ms = null
	sasl.login.read.timeout.ms = null
	sasl.login.refresh.buffer.seconds = 300
	sasl.login.refresh.min.period.seconds = 60
	sasl.login.refresh.window.factor = 0.8
	sasl.login.refresh.window.jitter = 0.05
	sasl.login.retry.backoff.max.ms = 10000
	sasl.login.retry.backoff.ms = 100
	sasl.mechanism = GSSAPI
	sasl.oauthbearer.clock.skew.seconds = 30
	sasl.oauthbearer.expected.audience = null
	sasl.oauthbearer.expected.issuer = null
	sasl.oauthbearer.header.urlencode = false
	sasl.oauthbearer.jwks.endpoint.refresh.ms = 3600000
	sasl.oauthbearer.jwks.endpoint.retry.backoff.max.ms = 10000
	sasl.oauthbearer.jwks.endpoint.retry.backoff.ms = 100
	sasl.oauthbearer.jwks.endpoint.url = null
	sasl.oauthbearer.scope.claim.name = scope
	sasl.oauthbearer.sub.claim.name = sub
	sasl.oauthbearer.token.endpoint.url = null
	security.protocol = PLAINTEXT
	security.providers = null
	send.buffer.bytes = 131072
	socket.connection.setup.timeout.max.ms = 30000
	socket.connection.setup.timeout.ms = 10000
	ssl.cipher.suites = null
	ssl.enabled.protocols = [TLSv1.2, TLSv1.3]
	ssl.endpoint.identification.algorithm = https
	ssl.engine.factory.class = null
	ssl.key.password = null
	ssl.keymanager.algorithm = SunX509
	ssl.keystore.certificate.chain = null
	ssl.keystore.key = null
	ssl.keystore.location = null
	ssl.keystore.password = null
	ssl.keystore.type = JKS
	ssl.protocol = TLSv1.3
	ssl.provider = null
	ssl.secure.random.implementation = null
	ssl.trustmanager.algorithm = PKIX
	ssl.truststore.certificates = null
	ssl.truststore.location = null
	ssl.truststore.password = null
	ssl.truststore.type = JKS
	transaction.timeout.ms = 60000
	transactional.id = null
	value.serializer = class io.apicurio.registry.serde.protobuf.ProtobufKafkaSerializer

2025-09-03 13:24:06,000 INFO  [org.apa.kaf.com.tel.int.KafkaMetricsCollector] (main) initializing Kafka metrics collector
2025-09-03 13:24:06,002 INFO  [org.apa.kaf.cli.pro.KafkaProducer] (main) [Producer clientId=Producer-topic-3eb72d2b_3b23_45be_8346_bb93375cb4c3] Instantiated an idempotent producer.
2025-09-03 13:24:06,004 INFO  [org.apa.kaf.cli.pro.ProducerConfig] (main) These configurations '[apicurio.registry.url, apicurio.registry.auto-register, apicurio.registry.artifact-resolver-strategy]' were supplied but are not used yet.
2025-09-03 13:24:06,004 INFO  [org.apa.kaf.com.uti.AppInfoParser] (main) Kafka version: 3.9.1
2025-09-03 13:24:06,004 INFO  [org.apa.kaf.com.uti.AppInfoParser] (main) Kafka commitId: f745dfdcee2b9851
2025-09-03 13:24:06,004 INFO  [org.apa.kaf.com.uti.AppInfoParser] (main) Kafka startTimeMs: 1756905846004
2025-09-03 13:24:06,004 INFO  [io.api.tes.ser.api.SimpleSerdesTesterBuilder$SimpleSerdesTester] (main) Using producer configuration: {apicurio.registry.url=http://registry-app-pg17.apps.ci419.apicurio-testing.org:80/apis/registry/v3, apicurio.registry.auto-register=true, apicurio.registry.artifact-resolver-strategy=io.apicurio.registry.serde.strategy.TopicIdStrategy, value.serializer=io.apicurio.registry.serde.protobuf.ProtobufKafkaSerializer, request.timeout.ms=5000, acks=all, bootstrap.servers=PLAINTEXT://localhost:32769, connections.max.idle.ms=10000, key.serializer=org.apache.kafka.common.serialization.StringSerializer, client.id=Producer-topic-3eb72d2b_3b23_45be_8346_bb93375cb4c3}
2025-09-03 13:24:06,004 INFO  [io.api.tes.ser.api.SimpleSerdesTesterBuilder$SimpleSerdesTester] (main) Using consumer configuration: {apicurio.protobuf.derive.class=true}
2025-09-03 13:24:06,004 INFO  [io.api.tes.ser.api.KafkaSerdesTester] (ForkJoinPool.commonPool-worker-3) Sending message header {
  time {
  }
}
d1: 1.756905846004E12
s1: "a"
i1: 123
bi1: 1
point {
  longitude: 22.0
  latitude: 22.0
  altitude: 1.0
}
 to topic topic-3eb72d2b_3b23_45be_8346_bb93375cb4c3
2025-09-03 13:24:06,007 WARN  [org.apa.kaf.cli.NetworkClient] (kafka-producer-network-thread | Producer-topic-3eb72d2b_3b23_45be_8346_bb93375cb4c3) [Producer clientId=Producer-topic-3eb72d2b_3b23_45be_8346_bb93375cb4c3] The metadata response from the cluster reported a recoverable issue with correlation id 1 : {topic-3eb72d2b_3b23_45be_8346_bb93375cb4c3=UNKNOWN_TOPIC_OR_PARTITION}
2025-09-03 13:24:06,007 INFO  [org.apa.kaf.cli.Metadata] (kafka-producer-network-thread | Producer-topic-3eb72d2b_3b23_45be_8346_bb93375cb4c3) [Producer clientId=Producer-topic-3eb72d2b_3b23_45be_8346_bb93375cb4c3] Cluster ID: Vad1sk8gS_OCqo1-tuet0Q
2025-09-03 13:24:06,007 INFO  [org.apa.kaf.cli.pro.int.TransactionManager] (kafka-producer-network-thread | Producer-topic-3eb72d2b_3b23_45be_8346_bb93375cb4c3) [Producer clientId=Producer-topic-3eb72d2b_3b23_45be_8346_bb93375cb4c3] ProducerId set to 40 with epoch 0
2025-09-03 13:24:06,169 INFO  [io.api.tes.ser.api.KafkaSerdesTester] (ForkJoinPool.commonPool-worker-3) Sending message header {
  time {
  }
}
d1: 1.756905846169E12
s1: "a"
i1: 123
bi1: 1
point {
  longitude: 22.0
  latitude: 22.0
  altitude: 1.0
}
 to topic topic-3eb72d2b_3b23_45be_8346_bb93375cb4c3
2025-09-03 13:24:06,192 INFO  [io.api.tes.ser.api.KafkaSerdesTester] (ForkJoinPool.commonPool-worker-3) Sending message header {
  time {
  }
}
d1: 1.756905846192E12
s1: "a"
i1: 123
bi1: 1
point {
  longitude: 22.0
  latitude: 22.0
  altitude: 1.0
}
 to topic topic-3eb72d2b_3b23_45be_8346_bb93375cb4c3
2025-09-03 13:24:06,214 INFO  [io.api.tes.ser.api.KafkaSerdesTester] (ForkJoinPool.commonPool-worker-3) Sending message header {
  time {
  }
}
d1: 1.756905846214E12
s1: "a"
i1: 123
bi1: 1
point {
  longitude: 22.0
  latitude: 22.0
  altitude: 1.0
}
 to topic topic-3eb72d2b_3b23_45be_8346_bb93375cb4c3
2025-09-03 13:24:06,231 INFO  [io.api.tes.ser.api.KafkaSerdesTester] (ForkJoinPool.commonPool-worker-3) Sending message header {
  time {
  }
}
d1: 1.756905846231E12
s1: "a"
i1: 123
bi1: 1
point {
  longitude: 22.0
  latitude: 22.0
  altitude: 1.0
}
 to topic topic-3eb72d2b_3b23_45be_8346_bb93375cb4c3
2025-09-03 13:24:06,249 INFO  [io.api.tes.ser.api.KafkaSerdesTester] (ForkJoinPool.commonPool-worker-3) Sending message header {
  time {
  }
}
d1: 1.756905846249E12
s1: "a"
i1: 123
bi1: 1
point {
  longitude: 22.0
  latitude: 22.0
  altitude: 1.0
}
 to topic topic-3eb72d2b_3b23_45be_8346_bb93375cb4c3
2025-09-03 13:24:06,267 INFO  [io.api.tes.ser.api.KafkaSerdesTester] (ForkJoinPool.commonPool-worker-3) Sending message header {
  time {
  }
}
d1: 1.756905846267E12
s1: "a"
i1: 123
bi1: 1
point {
  longitude: 22.0
  latitude: 22.0
  altitude: 1.0
}
 to topic topic-3eb72d2b_3b23_45be_8346_bb93375cb4c3
2025-09-03 13:24:06,286 INFO  [io.api.tes.ser.api.KafkaSerdesTester] (ForkJoinPool.commonPool-worker-3) Sending message header {
  time {
  }
}
d1: 1.756905846286E12
s1: "a"
i1: 123
bi1: 1
point {
  longitude: 22.0
  latitude: 22.0
  altitude: 1.0
}
 to topic topic-3eb72d2b_3b23_45be_8346_bb93375cb4c3
2025-09-03 13:24:06,303 INFO  [io.api.tes.ser.api.KafkaSerdesTester] (ForkJoinPool.commonPool-worker-3) Sending message header {
  time {
  }
}
d1: 1.756905846303E12
s1: "a"
i1: 123
bi1: 1
point {
  longitude: 22.0
  latitude: 22.0
  altitude: 1.0
}
 to topic topic-3eb72d2b_3b23_45be_8346_bb93375cb4c3
2025-09-03 13:24:06,327 INFO  [io.api.tes.ser.api.KafkaSerdesTester] (ForkJoinPool.commonPool-worker-3) Sending message header {
  time {
  }
}
d1: 1.756905846327E12
s1: "a"
i1: 123
bi1: 1
point {
  longitude: 22.0
  latitude: 22.0
  altitude: 1.0
}
 to topic topic-3eb72d2b_3b23_45be_8346_bb93375cb4c3
2025-09-03 13:24:06,344 INFO  [io.api.tes.ser.api.KafkaSerdesTester] (ForkJoinPool.commonPool-worker-3) Produced 10 messages
2025-09-03 13:24:06,344 INFO  [org.apa.kaf.cli.pro.KafkaProducer] (ForkJoinPool.commonPool-worker-3) [Producer clientId=Producer-topic-3eb72d2b_3b23_45be_8346_bb93375cb4c3] Closing the Kafka producer with timeoutMillis = 9223372036854775807 ms.
2025-09-03 13:24:06,346 INFO  [org.apa.kaf.com.met.Metrics] (ForkJoinPool.commonPool-worker-3) Metrics scheduler closed
2025-09-03 13:24:06,346 INFO  [org.apa.kaf.com.met.Metrics] (ForkJoinPool.commonPool-worker-3) Closing reporter org.apache.kafka.common.metrics.JmxReporter
2025-09-03 13:24:06,346 INFO  [org.apa.kaf.com.met.Metrics] (ForkJoinPool.commonPool-worker-3) Closing reporter org.apache.kafka.common.telemetry.internals.ClientTelemetryReporter
2025-09-03 13:24:06,346 INFO  [org.apa.kaf.com.met.Metrics] (ForkJoinPool.commonPool-worker-3) Metrics reporters closed
2025-09-03 13:24:06,346 INFO  [org.apa.kaf.com.uti.AppInfoParser] (ForkJoinPool.commonPool-worker-3) App info kafka.producer for Producer-topic-3eb72d2b_3b23_45be_8346_bb93375cb4c3 unregistered
**** Registry Base URL: http://registry-app-pg17.apps.ci419.apicurio-testing.org:80
2025-09-03 13:24:06,369 INFO  [org.apa.kaf.cli.con.ConsumerConfig] (main) ConsumerConfig values: 
	allow.auto.create.topics = true
	auto.commit.interval.ms = 500
	auto.include.jmx.reporter = true
	auto.offset.reset = earliest
	bootstrap.servers = [PLAINTEXT://localhost:32769]
	check.crcs = true
	client.dns.lookup = use_all_dns_ips
	client.id = consumer-Consumer-topic-3eb72d2b_3b23_45be_8346_bb93375cb4c3-30
	client.rack = 
	connections.max.idle.ms = 10000
	default.api.timeout.ms = 60000
	enable.auto.commit = true
	enable.metrics.push = true
	exclude.internal.topics = true
	fetch.max.bytes = 52428800
	fetch.max.wait.ms = 500
	fetch.min.bytes = 1
	group.id = Consumer-topic-3eb72d2b_3b23_45be_8346_bb93375cb4c3
	group.instance.id = null
	group.protocol = classic
	group.remote.assignor = null
	heartbeat.interval.ms = 3000
	interceptor.classes = []
	internal.leave.group.on.close = true
	internal.throw.on.fetch.stable.offset.unsupported = false
	isolation.level = read_uncommitted
	key.deserializer = class org.apache.kafka.common.serialization.StringDeserializer
	max.partition.fetch.bytes = 1048576
	max.poll.interval.ms = 300000
	max.poll.records = 500
	metadata.max.age.ms = 300000
	metadata.recovery.strategy = none
	metric.reporters = []
	metrics.num.samples = 2
	metrics.recording.level = INFO
	metrics.sample.window.ms = 30000
	partition.assignment.strategy = [class org.apache.kafka.clients.consumer.RangeAssignor, class org.apache.kafka.clients.consumer.CooperativeStickyAssignor]
	receive.buffer.bytes = 65536
	reconnect.backoff.max.ms = 1000
	reconnect.backoff.ms = 50
	request.timeout.ms = 5000
	retry.backoff.max.ms = 1000
	retry.backoff.ms = 100
	sasl.client.callback.handler.class = null
	sasl.jaas.config = null
	sasl.kerberos.kinit.cmd = /usr/bin/kinit
	sasl.kerberos.min.time.before.relogin = 60000
	sasl.kerberos.service.name = null
	sasl.kerberos.ticket.renew.jitter = 0.05
	sasl.kerberos.ticket.renew.window.factor = 0.8
	sasl.login.callback.handler.class = null
	sasl.login.class = null
	sasl.login.connect.timeout.ms = null
	sasl.login.read.timeout.ms = null
	sasl.login.refresh.buffer.seconds = 300
	sasl.login.refresh.min.period.seconds = 60
	sasl.login.refresh.window.factor = 0.8
	sasl.login.refresh.window.jitter = 0.05
	sasl.login.retry.backoff.max.ms = 10000
	sasl.login.retry.backoff.ms = 100
	sasl.mechanism = GSSAPI
	sasl.oauthbearer.clock.skew.seconds = 30
	sasl.oauthbearer.expected.audience = null
	sasl.oauthbearer.expected.issuer = null
	sasl.oauthbearer.header.urlencode = false
	sasl.oauthbearer.jwks.endpoint.refresh.ms = 3600000
	sasl.oauthbearer.jwks.endpoint.retry.backoff.max.ms = 10000
	sasl.oauthbearer.jwks.endpoint.retry.backoff.ms = 100
	sasl.oauthbearer.jwks.endpoint.url = null
	sasl.oauthbearer.scope.claim.name = scope
	sasl.oauthbearer.sub.claim.name = sub
	sasl.oauthbearer.token.endpoint.url = null
	security.protocol = PLAINTEXT
	security.providers = null
	send.buffer.bytes = 131072
	session.timeout.ms = 45000
	socket.connection.setup.timeout.max.ms = 30000
	socket.connection.setup.timeout.ms = 10000
	ssl.cipher.suites = null
	ssl.enabled.protocols = [TLSv1.2, TLSv1.3]
	ssl.endpoint.identification.algorithm = https
	ssl.engine.factory.class = null
	ssl.key.password = null
	ssl.keymanager.algorithm = SunX509
	ssl.keystore.certificate.chain = null
	ssl.keystore.key = null
	ssl.keystore.location = null
	ssl.keystore.password = null
	ssl.keystore.type = JKS
	ssl.protocol = TLSv1.3
	ssl.provider = null
	ssl.secure.random.implementation = null
	ssl.trustmanager.algorithm = PKIX
	ssl.truststore.certificates = null
	ssl.truststore.location = null
	ssl.truststore.password = null
	ssl.truststore.type = JKS
	value.deserializer = class io.apicurio.registry.serde.protobuf.ProtobufKafkaDeserializer

2025-09-03 13:24:06,369 INFO  [org.apa.kaf.com.tel.int.KafkaMetricsCollector] (main) initializing Kafka metrics collector
2025-09-03 13:24:06,373 INFO  [org.apa.kaf.cli.con.ConsumerConfig] (main) These configurations '[apicurio.registry.url, apicurio.protobuf.derive.class]' were supplied but are not used yet.
2025-09-03 13:24:06,373 INFO  [org.apa.kaf.com.uti.AppInfoParser] (main) Kafka version: 3.9.1
2025-09-03 13:24:06,373 INFO  [org.apa.kaf.com.uti.AppInfoParser] (main) Kafka commitId: f745dfdcee2b9851
2025-09-03 13:24:06,373 INFO  [org.apa.kaf.com.uti.AppInfoParser] (main) Kafka startTimeMs: 1756905846373
2025-09-03 13:24:06,373 INFO  [org.apa.kaf.cli.con.int.ClassicKafkaConsumer] (ForkJoinPool.commonPool-worker-3) [Consumer clientId=consumer-Consumer-topic-3eb72d2b_3b23_45be_8346_bb93375cb4c3-30, groupId=Consumer-topic-3eb72d2b_3b23_45be_8346_bb93375cb4c3] Subscribed to topic(s): topic-3eb72d2b_3b23_45be_8346_bb93375cb4c3
2025-09-03 13:24:06,375 INFO  [org.apa.kaf.cli.Metadata] (ForkJoinPool.commonPool-worker-3) [Consumer clientId=consumer-Consumer-topic-3eb72d2b_3b23_45be_8346_bb93375cb4c3-30, groupId=Consumer-topic-3eb72d2b_3b23_45be_8346_bb93375cb4c3] Cluster ID: Vad1sk8gS_OCqo1-tuet0Q
2025-09-03 13:24:06,376 INFO  [org.apa.kaf.cli.con.int.ConsumerCoordinator] (ForkJoinPool.commonPool-worker-3) [Consumer clientId=consumer-Consumer-topic-3eb72d2b_3b23_45be_8346_bb93375cb4c3-30, groupId=Consumer-topic-3eb72d2b_3b23_45be_8346_bb93375cb4c3] Discovered group coordinator localhost:32769 (id: 2147483647 rack: null)
2025-09-03 13:24:06,376 INFO  [org.apa.kaf.cli.con.int.ConsumerCoordinator] (ForkJoinPool.commonPool-worker-3) [Consumer clientId=consumer-Consumer-topic-3eb72d2b_3b23_45be_8346_bb93375cb4c3-30, groupId=Consumer-topic-3eb72d2b_3b23_45be_8346_bb93375cb4c3] (Re-)joining group
2025-09-03 13:24:06,378 INFO  [org.apa.kaf.cli.con.int.ConsumerCoordinator] (ForkJoinPool.commonPool-worker-3) [Consumer clientId=consumer-Consumer-topic-3eb72d2b_3b23_45be_8346_bb93375cb4c3-30, groupId=Consumer-topic-3eb72d2b_3b23_45be_8346_bb93375cb4c3] Request joining group due to: need to re-join with the given member-id: consumer-Consumer-topic-3eb72d2b_3b23_45be_8346_bb93375cb4c3-30-6f29c6d6-1b5e-4dfb-9ade-d658392ed3c5
2025-09-03 13:24:06,378 INFO  [org.apa.kaf.cli.con.int.ConsumerCoordinator] (ForkJoinPool.commonPool-worker-3) [Consumer clientId=consumer-Consumer-topic-3eb72d2b_3b23_45be_8346_bb93375cb4c3-30, groupId=Consumer-topic-3eb72d2b_3b23_45be_8346_bb93375cb4c3] (Re-)joining group
2025-09-03 13:24:07,374 INFO  [io.api.tes.ser.api.KafkaSerdesTester] (ForkJoinPool.commonPool-worker-3) None found
2025-09-03 13:24:08,374 INFO  [io.api.tes.ser.api.KafkaSerdesTester] (ForkJoinPool.commonPool-worker-3) None found
2025-09-03 13:24:09,375 INFO  [io.api.tes.ser.api.KafkaSerdesTester] (ForkJoinPool.commonPool-worker-3) None found
2025-09-03 13:24:09,379 INFO  [org.apa.kaf.cli.con.int.ConsumerCoordinator] (ForkJoinPool.commonPool-worker-3) [Consumer clientId=consumer-Consumer-topic-3eb72d2b_3b23_45be_8346_bb93375cb4c3-30, groupId=Consumer-topic-3eb72d2b_3b23_45be_8346_bb93375cb4c3] Successfully joined group with generation Generation{generationId=1, memberId='consumer-Consumer-topic-3eb72d2b_3b23_45be_8346_bb93375cb4c3-30-6f29c6d6-1b5e-4dfb-9ade-d658392ed3c5', protocol='range'}
2025-09-03 13:24:09,380 INFO  [org.apa.kaf.cli.con.int.ConsumerCoordinator] (ForkJoinPool.commonPool-worker-3) [Consumer clientId=consumer-Consumer-topic-3eb72d2b_3b23_45be_8346_bb93375cb4c3-30, groupId=Consumer-topic-3eb72d2b_3b23_45be_8346_bb93375cb4c3] Finished assignment for group at generation 1: {consumer-Consumer-topic-3eb72d2b_3b23_45be_8346_bb93375cb4c3-30-6f29c6d6-1b5e-4dfb-9ade-d658392ed3c5=Assignment(partitions=[topic-3eb72d2b_3b23_45be_8346_bb93375cb4c3-0])}
2025-09-03 13:24:09,386 INFO  [org.apa.kaf.cli.con.int.ConsumerCoordinator] (ForkJoinPool.commonPool-worker-3) [Consumer clientId=consumer-Consumer-topic-3eb72d2b_3b23_45be_8346_bb93375cb4c3-30, groupId=Consumer-topic-3eb72d2b_3b23_45be_8346_bb93375cb4c3] Successfully synced group in generation Generation{generationId=1, memberId='consumer-Consumer-topic-3eb72d2b_3b23_45be_8346_bb93375cb4c3-30-6f29c6d6-1b5e-4dfb-9ade-d658392ed3c5', protocol='range'}
2025-09-03 13:24:09,386 INFO  [org.apa.kaf.cli.con.int.ConsumerCoordinator] (ForkJoinPool.commonPool-worker-3) [Consumer clientId=consumer-Consumer-topic-3eb72d2b_3b23_45be_8346_bb93375cb4c3-30, groupId=Consumer-topic-3eb72d2b_3b23_45be_8346_bb93375cb4c3] Notifying assignor about the new Assignment(partitions=[topic-3eb72d2b_3b23_45be_8346_bb93375cb4c3-0])
2025-09-03 13:24:09,386 INFO  [org.apa.kaf.cli.con.int.ConsumerRebalanceListenerInvoker] (ForkJoinPool.commonPool-worker-3) [Consumer clientId=consumer-Consumer-topic-3eb72d2b_3b23_45be_8346_bb93375cb4c3-30, groupId=Consumer-topic-3eb72d2b_3b23_45be_8346_bb93375cb4c3] Adding newly assigned partitions: topic-3eb72d2b_3b23_45be_8346_bb93375cb4c3-0
2025-09-03 13:24:09,387 INFO  [org.apa.kaf.cli.con.int.ConsumerCoordinator] (ForkJoinPool.commonPool-worker-3) [Consumer clientId=consumer-Consumer-topic-3eb72d2b_3b23_45be_8346_bb93375cb4c3-30, groupId=Consumer-topic-3eb72d2b_3b23_45be_8346_bb93375cb4c3] Found no committed offset for partition topic-3eb72d2b_3b23_45be_8346_bb93375cb4c3-0
2025-09-03 13:24:09,389 INFO  [org.apa.kaf.cli.con.int.SubscriptionState] (ForkJoinPool.commonPool-worker-3) [Consumer clientId=consumer-Consumer-topic-3eb72d2b_3b23_45be_8346_bb93375cb4c3-30, groupId=Consumer-topic-3eb72d2b_3b23_45be_8346_bb93375cb4c3] Resetting offset for partition topic-3eb72d2b_3b23_45be_8346_bb93375cb4c3-0 to position FetchPosition{offset=0, offsetEpoch=Optional.empty, currentLeader=LeaderAndEpoch{leader=Optional[localhost:32769 (id: 0 rack: null)], epoch=0}}.
2025-09-03 13:24:09,448 INFO  [io.api.tes.ser.api.KafkaSerdesTester] (ForkJoinPool.commonPool-worker-3) topic-3eb72d2b_3b23_45be_8346_bb93375cb4c3 0 0 header {
  time {
  }
}
d1: 1.756905846004E12
s1: "a"
i1: 123
bi1: 1
point {
  longitude: 22.0
  latitude: 22.0
  altitude: 1.0
}

2025-09-03 13:24:09,448 INFO  [io.api.tes.ser.api.KafkaSerdesTester] (ForkJoinPool.commonPool-worker-3) topic-3eb72d2b_3b23_45be_8346_bb93375cb4c3 0 1 header {
  time {
  }
}
d1: 1.756905846169E12
s1: "a"
i1: 123
bi1: 1
point {
  longitude: 22.0
  latitude: 22.0
  altitude: 1.0
}

2025-09-03 13:24:09,448 INFO  [io.api.tes.ser.api.KafkaSerdesTester] (ForkJoinPool.commonPool-worker-3) topic-3eb72d2b_3b23_45be_8346_bb93375cb4c3 0 2 header {
  time {
  }
}
d1: 1.756905846192E12
s1: "a"
i1: 123
bi1: 1
point {
  longitude: 22.0
  latitude: 22.0
  altitude: 1.0
}

2025-09-03 13:24:09,448 INFO  [io.api.tes.ser.api.KafkaSerdesTester] (ForkJoinPool.commonPool-worker-3) topic-3eb72d2b_3b23_45be_8346_bb93375cb4c3 0 3 header {
  time {
  }
}
d1: 1.756905846214E12
s1: "a"
i1: 123
bi1: 1
point {
  longitude: 22.0
  latitude: 22.0
  altitude: 1.0
}

2025-09-03 13:24:09,448 INFO  [io.api.tes.ser.api.KafkaSerdesTester] (ForkJoinPool.commonPool-worker-3) topic-3eb72d2b_3b23_45be_8346_bb93375cb4c3 0 4 header {
  time {
  }
}
d1: 1.756905846231E12
s1: "a"
i1: 123
bi1: 1
point {
  longitude: 22.0
  latitude: 22.0
  altitude: 1.0
}

2025-09-03 13:24:09,448 INFO  [io.api.tes.ser.api.KafkaSerdesTester] (ForkJoinPool.commonPool-worker-3) topic-3eb72d2b_3b23_45be_8346_bb93375cb4c3 0 5 header {
  time {
  }
}
d1: 1.756905846249E12
s1: "a"
i1: 123
bi1: 1
point {
  longitude: 22.0
  latitude: 22.0
  altitude: 1.0
}

2025-09-03 13:24:09,449 INFO  [io.api.tes.ser.api.KafkaSerdesTester] (ForkJoinPool.commonPool-worker-3) topic-3eb72d2b_3b23_45be_8346_bb93375cb4c3 0 6 header {
  time {
  }
}
d1: 1.756905846267E12
s1: "a"
i1: 123
bi1: 1
point {
  longitude: 22.0
  latitude: 22.0
  altitude: 1.0
}

2025-09-03 13:24:09,449 INFO  [io.api.tes.ser.api.KafkaSerdesTester] (ForkJoinPool.commonPool-worker-3) topic-3eb72d2b_3b23_45be_8346_bb93375cb4c3 0 7 header {
  time {
  }
}
d1: 1.756905846286E12
s1: "a"
i1: 123
bi1: 1
point {
  longitude: 22.0
  latitude: 22.0
  altitude: 1.0
}

2025-09-03 13:24:09,449 INFO  [io.api.tes.ser.api.KafkaSerdesTester] (ForkJoinPool.commonPool-worker-3) topic-3eb72d2b_3b23_45be_8346_bb93375cb4c3 0 8 header {
  time {
  }
}
d1: 1.756905846303E12
s1: "a"
i1: 123
bi1: 1
point {
  longitude: 22.0
  latitude: 22.0
  altitude: 1.0
}

2025-09-03 13:24:09,449 INFO  [io.api.tes.ser.api.KafkaSerdesTester] (ForkJoinPool.commonPool-worker-3) topic-3eb72d2b_3b23_45be_8346_bb93375cb4c3 0 9 header {
  time {
  }
}
d1: 1.756905846327E12
s1: "a"
i1: 123
bi1: 1
point {
  longitude: 22.0
  latitude: 22.0
  altitude: 1.0
}

2025-09-03 13:24:09,449 INFO  [io.api.tes.ser.api.KafkaSerdesTester] (ForkJoinPool.commonPool-worker-3) Consumed 10 messages
2025-09-03 13:24:09,455 INFO  [org.apa.kaf.cli.con.int.ConsumerRebalanceListenerInvoker] (ForkJoinPool.commonPool-worker-3) [Consumer clientId=consumer-Consumer-topic-3eb72d2b_3b23_45be_8346_bb93375cb4c3-30, groupId=Consumer-topic-3eb72d2b_3b23_45be_8346_bb93375cb4c3] Revoke previously assigned partitions topic-3eb72d2b_3b23_45be_8346_bb93375cb4c3-0
2025-09-03 13:24:09,455 INFO  [org.apa.kaf.cli.con.int.ConsumerCoordinator] (ForkJoinPool.commonPool-worker-3) [Consumer clientId=consumer-Consumer-topic-3eb72d2b_3b23_45be_8346_bb93375cb4c3-30, groupId=Consumer-topic-3eb72d2b_3b23_45be_8346_bb93375cb4c3] Member consumer-Consumer-topic-3eb72d2b_3b23_45be_8346_bb93375cb4c3-30-6f29c6d6-1b5e-4dfb-9ade-d658392ed3c5 sending LeaveGroup request to coordinator localhost:32769 (id: 2147483647 rack: null) due to the consumer is being closed
2025-09-03 13:24:09,456 INFO  [org.apa.kaf.cli.con.int.ConsumerCoordinator] (ForkJoinPool.commonPool-worker-3) [Consumer clientId=consumer-Consumer-topic-3eb72d2b_3b23_45be_8346_bb93375cb4c3-30, groupId=Consumer-topic-3eb72d2b_3b23_45be_8346_bb93375cb4c3] Resetting generation and member id due to: consumer pro-actively leaving the group
2025-09-03 13:24:09,456 INFO  [org.apa.kaf.cli.con.int.ConsumerCoordinator] (ForkJoinPool.commonPool-worker-3) [Consumer clientId=consumer-Consumer-topic-3eb72d2b_3b23_45be_8346_bb93375cb4c3-30, groupId=Consumer-topic-3eb72d2b_3b23_45be_8346_bb93375cb4c3] Request joining group due to: consumer pro-actively leaving the group
2025-09-03 13:24:09,950 INFO  [org.apa.kaf.com.met.Metrics] (ForkJoinPool.commonPool-worker-3) Metrics scheduler closed
2025-09-03 13:24:09,950 INFO  [org.apa.kaf.com.met.Metrics] (ForkJoinPool.commonPool-worker-3) Closing reporter org.apache.kafka.common.metrics.JmxReporter
2025-09-03 13:24:09,950 INFO  [org.apa.kaf.com.met.Metrics] (ForkJoinPool.commonPool-worker-3) Closing reporter org.apache.kafka.common.telemetry.internals.ClientTelemetryReporter
2025-09-03 13:24:09,950 INFO  [org.apa.kaf.com.met.Metrics] (ForkJoinPool.commonPool-worker-3) Metrics reporters closed
2025-09-03 13:24:09,951 INFO  [org.apa.kaf.com.uti.AppInfoParser] (ForkJoinPool.commonPool-worker-3) App info kafka.consumer for consumer-Consumer-topic-3eb72d2b_3b23_45be_8346_bb93375cb4c3-30 unregistered
2025-09-03 13:24:09,973 INFO  [io.api.tes.uti.TestSeparator] (main) io.apicurio.tests.serdes.apicurio.ProtobufSerdeIT.testAutoRegisterDeriveClassProtobufType-FINISHED
2025-09-03 13:24:09,973 INFO  [io.api.tes.uti.TestSeparator] (main) ############################################################################
Test passed: testAutoRegisterDeriveClassProtobufType
]]></system-out>
  </testcase>
  <testcase name="testConsumeReturnSpecificClass" classname="io.apicurio.tests.serdes.apicurio.ProtobufSerdeIT" time="1.028">
    <system-out><![CDATA[2025-09-03 13:24:09,974 INFO  [io.api.tes.uti.TestSeparator] (main) ############################################################################
2025-09-03 13:24:09,974 INFO  [io.api.tes.uti.TestSeparator] (main) io.apicurio.tests.serdes.apicurio.ProtobufSerdeIT.testConsumeReturnSpecificClass-STARTED
2025-09-03 13:24:11,001 INFO  [io.api.tes.uti.TestSeparator] (main) io.apicurio.tests.serdes.apicurio.ProtobufSerdeIT.testConsumeReturnSpecificClass-FINISHED
2025-09-03 13:24:11,002 INFO  [io.api.tes.uti.TestSeparator] (main) ############################################################################
Test passed: testConsumeReturnSpecificClass
]]></system-out>
  </testcase>
  <testcase name="testFindLatestSpecificProtobufType" classname="io.apicurio.tests.serdes.apicurio.ProtobufSerdeIT" time="1.034">
    <system-out><![CDATA[2025-09-03 13:24:11,002 INFO  [io.api.tes.uti.TestSeparator] (main) ############################################################################
2025-09-03 13:24:11,003 INFO  [io.api.tes.uti.TestSeparator] (main) io.apicurio.tests.serdes.apicurio.ProtobufSerdeIT.testFindLatestSpecificProtobufType-STARTED
2025-09-03 13:24:12,035 INFO  [io.api.tes.uti.TestSeparator] (main) io.apicurio.tests.serdes.apicurio.ProtobufSerdeIT.testFindLatestSpecificProtobufType-FINISHED
2025-09-03 13:24:12,035 INFO  [io.api.tes.uti.TestSeparator] (main) ############################################################################
Test passed: testFindLatestSpecificProtobufType
]]></system-out>
  </testcase>
  <testcase name="testFindLatestDynamicMessageProtobufType" classname="io.apicurio.tests.serdes.apicurio.ProtobufSerdeIT" time="4.705">
    <system-out><![CDATA[2025-09-03 13:24:12,036 INFO  [io.api.tes.uti.TestSeparator] (main) ############################################################################
2025-09-03 13:24:12,036 INFO  [io.api.tes.uti.TestSeparator] (main) io.apicurio.tests.serdes.apicurio.ProtobufSerdeIT.testFindLatestDynamicMessageProtobufType-STARTED
**** Registry Base URL: http://registry-app-pg17.apps.ci419.apicurio-testing.org:80
2025-09-03 13:24:13,066 INFO  [org.apa.kaf.cli.pro.ProducerConfig] (main) ProducerConfig values: 
	acks = -1
	auto.include.jmx.reporter = true
	batch.size = 16384
	bootstrap.servers = [PLAINTEXT://localhost:32769]
	buffer.memory = 33554432
	client.dns.lookup = use_all_dns_ips
	client.id = Producer-topic-3706374e_9804_4930_9fee_8c3d04b89a8e
	compression.gzip.level = -1
	compression.lz4.level = 9
	compression.type = none
	compression.zstd.level = 3
	connections.max.idle.ms = 10000
	delivery.timeout.ms = 120000
	enable.idempotence = true
	enable.metrics.push = true
	interceptor.classes = []
	key.serializer = class org.apache.kafka.common.serialization.StringSerializer
	linger.ms = 0
	max.block.ms = 60000
	max.in.flight.requests.per.connection = 5
	max.request.size = 1048576
	metadata.max.age.ms = 300000
	metadata.max.idle.ms = 300000
	metadata.recovery.strategy = none
	metric.reporters = []
	metrics.num.samples = 2
	metrics.recording.level = INFO
	metrics.sample.window.ms = 30000
	partitioner.adaptive.partitioning.enable = true
	partitioner.availability.timeout.ms = 0
	partitioner.class = null
	partitioner.ignore.keys = false
	receive.buffer.bytes = 32768
	reconnect.backoff.max.ms = 1000
	reconnect.backoff.ms = 50
	request.timeout.ms = 5000
	retries = 2147483647
	retry.backoff.max.ms = 1000
	retry.backoff.ms = 100
	sasl.client.callback.handler.class = null
	sasl.jaas.config = null
	sasl.kerberos.kinit.cmd = /usr/bin/kinit
	sasl.kerberos.min.time.before.relogin = 60000
	sasl.kerberos.service.name = null
	sasl.kerberos.ticket.renew.jitter = 0.05
	sasl.kerberos.ticket.renew.window.factor = 0.8
	sasl.login.callback.handler.class = null
	sasl.login.class = null
	sasl.login.connect.timeout.ms = null
	sasl.login.read.timeout.ms = null
	sasl.login.refresh.buffer.seconds = 300
	sasl.login.refresh.min.period.seconds = 60
	sasl.login.refresh.window.factor = 0.8
	sasl.login.refresh.window.jitter = 0.05
	sasl.login.retry.backoff.max.ms = 10000
	sasl.login.retry.backoff.ms = 100
	sasl.mechanism = GSSAPI
	sasl.oauthbearer.clock.skew.seconds = 30
	sasl.oauthbearer.expected.audience = null
	sasl.oauthbearer.expected.issuer = null
	sasl.oauthbearer.header.urlencode = false
	sasl.oauthbearer.jwks.endpoint.refresh.ms = 3600000
	sasl.oauthbearer.jwks.endpoint.retry.backoff.max.ms = 10000
	sasl.oauthbearer.jwks.endpoint.retry.backoff.ms = 100
	sasl.oauthbearer.jwks.endpoint.url = null
	sasl.oauthbearer.scope.claim.name = scope
	sasl.oauthbearer.sub.claim.name = sub
	sasl.oauthbearer.token.endpoint.url = null
	security.protocol = PLAINTEXT
	security.providers = null
	send.buffer.bytes = 131072
	socket.connection.setup.timeout.max.ms = 30000
	socket.connection.setup.timeout.ms = 10000
	ssl.cipher.suites = null
	ssl.enabled.protocols = [TLSv1.2, TLSv1.3]
	ssl.endpoint.identification.algorithm = https
	ssl.engine.factory.class = null
	ssl.key.password = null
	ssl.keymanager.algorithm = SunX509
	ssl.keystore.certificate.chain = null
	ssl.keystore.key = null
	ssl.keystore.location = null
	ssl.keystore.password = null
	ssl.keystore.type = JKS
	ssl.protocol = TLSv1.3
	ssl.provider = null
	ssl.secure.random.implementation = null
	ssl.trustmanager.algorithm = PKIX
	ssl.truststore.certificates = null
	ssl.truststore.location = null
	ssl.truststore.password = null
	ssl.truststore.type = JKS
	transaction.timeout.ms = 60000
	transactional.id = null
	value.serializer = class io.apicurio.registry.serde.protobuf.ProtobufKafkaSerializer

2025-09-03 13:24:13,066 INFO  [org.apa.kaf.com.tel.int.KafkaMetricsCollector] (main) initializing Kafka metrics collector
2025-09-03 13:24:13,068 INFO  [org.apa.kaf.cli.pro.KafkaProducer] (main) [Producer clientId=Producer-topic-3706374e_9804_4930_9fee_8c3d04b89a8e] Instantiated an idempotent producer.
2025-09-03 13:24:13,069 INFO  [org.apa.kaf.cli.pro.ProducerConfig] (main) These configurations '[apicurio.registry.find-latest, apicurio.registry.url, apicurio.registry.artifact-resolver-strategy]' were supplied but are not used yet.
2025-09-03 13:24:13,069 INFO  [org.apa.kaf.com.uti.AppInfoParser] (main) Kafka version: 3.9.1
2025-09-03 13:24:13,069 INFO  [org.apa.kaf.com.uti.AppInfoParser] (main) Kafka commitId: f745dfdcee2b9851
2025-09-03 13:24:13,069 INFO  [org.apa.kaf.com.uti.AppInfoParser] (main) Kafka startTimeMs: 1756905853069
2025-09-03 13:24:13,069 INFO  [io.api.tes.ser.api.SimpleSerdesTesterBuilder$SimpleSerdesTester] (main) Using producer configuration: {apicurio.registry.find-latest=true, apicurio.registry.url=http://registry-app-pg17.apps.ci419.apicurio-testing.org:80/apis/registry/v3, apicurio.registry.artifact-resolver-strategy=io.apicurio.registry.serde.strategy.SimpleTopicIdStrategy, value.serializer=io.apicurio.registry.serde.protobuf.ProtobufKafkaSerializer, request.timeout.ms=5000, acks=all, bootstrap.servers=PLAINTEXT://localhost:32769, connections.max.idle.ms=10000, key.serializer=org.apache.kafka.common.serialization.StringSerializer, client.id=Producer-topic-3706374e_9804_4930_9fee_8c3d04b89a8e}
2025-09-03 13:24:13,069 INFO  [io.api.tes.ser.api.SimpleSerdesTesterBuilder$SimpleSerdesTester] (main) Using consumer configuration: {apicurio.registry.deserializer.value.return-class=com.google.protobuf.DynamicMessage}
2025-09-03 13:24:13,069 INFO  [io.api.tes.ser.api.KafkaSerdesTester] (ForkJoinPool.commonPool-worker-3) Sending message header {
  time {
  }
}
d1: 1.756905853069E12
s1: "a"
i1: 123
bi1: 1
point {
  longitude: 22.0
  latitude: 22.0
  altitude: 1.0
}
 to topic topic-3706374e_9804_4930_9fee_8c3d04b89a8e
2025-09-03 13:24:13,071 INFO  [org.apa.kaf.cli.Metadata] (kafka-producer-network-thread | Producer-topic-3706374e_9804_4930_9fee_8c3d04b89a8e) [Producer clientId=Producer-topic-3706374e_9804_4930_9fee_8c3d04b89a8e] Cluster ID: Vad1sk8gS_OCqo1-tuet0Q
2025-09-03 13:24:13,071 INFO  [org.apa.kaf.cli.pro.int.TransactionManager] (kafka-producer-network-thread | Producer-topic-3706374e_9804_4930_9fee_8c3d04b89a8e) [Producer clientId=Producer-topic-3706374e_9804_4930_9fee_8c3d04b89a8e] ProducerId set to 41 with epoch 0
2025-09-03 13:24:13,142 INFO  [io.api.tes.ser.api.KafkaSerdesTester] (ForkJoinPool.commonPool-worker-3) Sending message header {
  time {
  }
}
d1: 1.756905853142E12
s1: "a"
i1: 123
bi1: 1
point {
  longitude: 22.0
  latitude: 22.0
  altitude: 1.0
}
 to topic topic-3706374e_9804_4930_9fee_8c3d04b89a8e
2025-09-03 13:24:13,144 INFO  [io.api.tes.ser.api.KafkaSerdesTester] (ForkJoinPool.commonPool-worker-3) Sending message header {
  time {
  }
}
d1: 1.756905853144E12
s1: "a"
i1: 123
bi1: 1
point {
  longitude: 22.0
  latitude: 22.0
  altitude: 1.0
}
 to topic topic-3706374e_9804_4930_9fee_8c3d04b89a8e
2025-09-03 13:24:13,145 INFO  [io.api.tes.ser.api.KafkaSerdesTester] (ForkJoinPool.commonPool-worker-3) Sending message header {
  time {
  }
}
d1: 1.756905853145E12
s1: "a"
i1: 123
bi1: 1
point {
  longitude: 22.0
  latitude: 22.0
  altitude: 1.0
}
 to topic topic-3706374e_9804_4930_9fee_8c3d04b89a8e
2025-09-03 13:24:13,146 INFO  [io.api.tes.ser.api.KafkaSerdesTester] (ForkJoinPool.commonPool-worker-3) Sending message header {
  time {
  }
}
d1: 1.756905853146E12
s1: "a"
i1: 123
bi1: 1
point {
  longitude: 22.0
  latitude: 22.0
  altitude: 1.0
}
 to topic topic-3706374e_9804_4930_9fee_8c3d04b89a8e
2025-09-03 13:24:13,148 INFO  [io.api.tes.ser.api.KafkaSerdesTester] (ForkJoinPool.commonPool-worker-3) Sending message header {
  time {
  }
}
d1: 1.756905853147E12
s1: "a"
i1: 123
bi1: 1
point {
  longitude: 22.0
  latitude: 22.0
  altitude: 1.0
}
 to topic topic-3706374e_9804_4930_9fee_8c3d04b89a8e
2025-09-03 13:24:13,149 INFO  [io.api.tes.ser.api.KafkaSerdesTester] (ForkJoinPool.commonPool-worker-3) Sending message header {
  time {
  }
}
d1: 1.756905853149E12
s1: "a"
i1: 123
bi1: 1
point {
  longitude: 22.0
  latitude: 22.0
  altitude: 1.0
}
 to topic topic-3706374e_9804_4930_9fee_8c3d04b89a8e
2025-09-03 13:24:13,150 INFO  [io.api.tes.ser.api.KafkaSerdesTester] (ForkJoinPool.commonPool-worker-3) Sending message header {
  time {
  }
}
d1: 1.75690585315E12
s1: "a"
i1: 123
bi1: 1
point {
  longitude: 22.0
  latitude: 22.0
  altitude: 1.0
}
 to topic topic-3706374e_9804_4930_9fee_8c3d04b89a8e
2025-09-03 13:24:13,151 INFO  [io.api.tes.ser.api.KafkaSerdesTester] (ForkJoinPool.commonPool-worker-3) Sending message header {
  time {
  }
}
d1: 1.756905853151E12
s1: "a"
i1: 123
bi1: 1
point {
  longitude: 22.0
  latitude: 22.0
  altitude: 1.0
}
 to topic topic-3706374e_9804_4930_9fee_8c3d04b89a8e
2025-09-03 13:24:13,152 INFO  [io.api.tes.ser.api.KafkaSerdesTester] (ForkJoinPool.commonPool-worker-3) Sending message header {
  time {
  }
}
d1: 1.756905853152E12
s1: "a"
i1: 123
bi1: 1
point {
  longitude: 22.0
  latitude: 22.0
  altitude: 1.0
}
 to topic topic-3706374e_9804_4930_9fee_8c3d04b89a8e
2025-09-03 13:24:13,153 INFO  [io.api.tes.ser.api.KafkaSerdesTester] (ForkJoinPool.commonPool-worker-3) Produced 10 messages
2025-09-03 13:24:13,153 INFO  [org.apa.kaf.cli.pro.KafkaProducer] (ForkJoinPool.commonPool-worker-3) [Producer clientId=Producer-topic-3706374e_9804_4930_9fee_8c3d04b89a8e] Closing the Kafka producer with timeoutMillis = 9223372036854775807 ms.
2025-09-03 13:24:13,155 INFO  [org.apa.kaf.com.met.Metrics] (ForkJoinPool.commonPool-worker-3) Metrics scheduler closed
2025-09-03 13:24:13,155 INFO  [org.apa.kaf.com.met.Metrics] (ForkJoinPool.commonPool-worker-3) Closing reporter org.apache.kafka.common.metrics.JmxReporter
2025-09-03 13:24:13,155 INFO  [org.apa.kaf.com.met.Metrics] (ForkJoinPool.commonPool-worker-3) Closing reporter org.apache.kafka.common.telemetry.internals.ClientTelemetryReporter
2025-09-03 13:24:13,155 INFO  [org.apa.kaf.com.met.Metrics] (ForkJoinPool.commonPool-worker-3) Metrics reporters closed
2025-09-03 13:24:13,155 INFO  [org.apa.kaf.com.uti.AppInfoParser] (ForkJoinPool.commonPool-worker-3) App info kafka.producer for Producer-topic-3706374e_9804_4930_9fee_8c3d04b89a8e unregistered
**** Registry Base URL: http://registry-app-pg17.apps.ci419.apicurio-testing.org:80
2025-09-03 13:24:13,156 INFO  [org.apa.kaf.cli.con.ConsumerConfig] (main) ConsumerConfig values: 
	allow.auto.create.topics = true
	auto.commit.interval.ms = 500
	auto.include.jmx.reporter = true
	auto.offset.reset = earliest
	bootstrap.servers = [PLAINTEXT://localhost:32769]
	check.crcs = true
	client.dns.lookup = use_all_dns_ips
	client.id = consumer-Consumer-topic-3706374e_9804_4930_9fee_8c3d04b89a8e-31
	client.rack = 
	connections.max.idle.ms = 10000
	default.api.timeout.ms = 60000
	enable.auto.commit = true
	enable.metrics.push = true
	exclude.internal.topics = true
	fetch.max.bytes = 52428800
	fetch.max.wait.ms = 500
	fetch.min.bytes = 1
	group.id = Consumer-topic-3706374e_9804_4930_9fee_8c3d04b89a8e
	group.instance.id = null
	group.protocol = classic
	group.remote.assignor = null
	heartbeat.interval.ms = 3000
	interceptor.classes = []
	internal.leave.group.on.close = true
	internal.throw.on.fetch.stable.offset.unsupported = false
	isolation.level = read_uncommitted
	key.deserializer = class org.apache.kafka.common.serialization.StringDeserializer
	max.partition.fetch.bytes = 1048576
	max.poll.interval.ms = 300000
	max.poll.records = 500
	metadata.max.age.ms = 300000
	metadata.recovery.strategy = none
	metric.reporters = []
	metrics.num.samples = 2
	metrics.recording.level = INFO
	metrics.sample.window.ms = 30000
	partition.assignment.strategy = [class org.apache.kafka.clients.consumer.RangeAssignor, class org.apache.kafka.clients.consumer.CooperativeStickyAssignor]
	receive.buffer.bytes = 65536
	reconnect.backoff.max.ms = 1000
	reconnect.backoff.ms = 50
	request.timeout.ms = 5000
	retry.backoff.max.ms = 1000
	retry.backoff.ms = 100
	sasl.client.callback.handler.class = null
	sasl.jaas.config = null
	sasl.kerberos.kinit.cmd = /usr/bin/kinit
	sasl.kerberos.min.time.before.relogin = 60000
	sasl.kerberos.service.name = null
	sasl.kerberos.ticket.renew.jitter = 0.05
	sasl.kerberos.ticket.renew.window.factor = 0.8
	sasl.login.callback.handler.class = null
	sasl.login.class = null
	sasl.login.connect.timeout.ms = null
	sasl.login.read.timeout.ms = null
	sasl.login.refresh.buffer.seconds = 300
	sasl.login.refresh.min.period.seconds = 60
	sasl.login.refresh.window.factor = 0.8
	sasl.login.refresh.window.jitter = 0.05
	sasl.login.retry.backoff.max.ms = 10000
	sasl.login.retry.backoff.ms = 100
	sasl.mechanism = GSSAPI
	sasl.oauthbearer.clock.skew.seconds = 30
	sasl.oauthbearer.expected.audience = null
	sasl.oauthbearer.expected.issuer = null
	sasl.oauthbearer.header.urlencode = false
	sasl.oauthbearer.jwks.endpoint.refresh.ms = 3600000
	sasl.oauthbearer.jwks.endpoint.retry.backoff.max.ms = 10000
	sasl.oauthbearer.jwks.endpoint.retry.backoff.ms = 100
	sasl.oauthbearer.jwks.endpoint.url = null
	sasl.oauthbearer.scope.claim.name = scope
	sasl.oauthbearer.sub.claim.name = sub
	sasl.oauthbearer.token.endpoint.url = null
	security.protocol = PLAINTEXT
	security.providers = null
	send.buffer.bytes = 131072
	session.timeout.ms = 45000
	socket.connection.setup.timeout.max.ms = 30000
	socket.connection.setup.timeout.ms = 10000
	ssl.cipher.suites = null
	ssl.enabled.protocols = [TLSv1.2, TLSv1.3]
	ssl.endpoint.identification.algorithm = https
	ssl.engine.factory.class = null
	ssl.key.password = null
	ssl.keymanager.algorithm = SunX509
	ssl.keystore.certificate.chain = null
	ssl.keystore.key = null
	ssl.keystore.location = null
	ssl.keystore.password = null
	ssl.keystore.type = JKS
	ssl.protocol = TLSv1.3
	ssl.provider = null
	ssl.secure.random.implementation = null
	ssl.trustmanager.algorithm = PKIX
	ssl.truststore.certificates = null
	ssl.truststore.location = null
	ssl.truststore.password = null
	ssl.truststore.type = JKS
	value.deserializer = class io.apicurio.registry.serde.protobuf.ProtobufKafkaDeserializer

2025-09-03 13:24:13,156 INFO  [org.apa.kaf.com.tel.int.KafkaMetricsCollector] (main) initializing Kafka metrics collector
2025-09-03 13:24:13,161 INFO  [org.apa.kaf.cli.con.ConsumerConfig] (main) These configurations '[apicurio.registry.deserializer.value.return-class, apicurio.registry.url]' were supplied but are not used yet.
2025-09-03 13:24:13,161 INFO  [org.apa.kaf.com.uti.AppInfoParser] (main) Kafka version: 3.9.1
2025-09-03 13:24:13,161 INFO  [org.apa.kaf.com.uti.AppInfoParser] (main) Kafka commitId: f745dfdcee2b9851
2025-09-03 13:24:13,161 INFO  [org.apa.kaf.com.uti.AppInfoParser] (main) Kafka startTimeMs: 1756905853161
2025-09-03 13:24:13,161 INFO  [org.apa.kaf.cli.con.int.ClassicKafkaConsumer] (ForkJoinPool.commonPool-worker-3) [Consumer clientId=consumer-Consumer-topic-3706374e_9804_4930_9fee_8c3d04b89a8e-31, groupId=Consumer-topic-3706374e_9804_4930_9fee_8c3d04b89a8e] Subscribed to topic(s): topic-3706374e_9804_4930_9fee_8c3d04b89a8e
2025-09-03 13:24:13,164 INFO  [org.apa.kaf.cli.Metadata] (ForkJoinPool.commonPool-worker-3) [Consumer clientId=consumer-Consumer-topic-3706374e_9804_4930_9fee_8c3d04b89a8e-31, groupId=Consumer-topic-3706374e_9804_4930_9fee_8c3d04b89a8e] Cluster ID: Vad1sk8gS_OCqo1-tuet0Q
2025-09-03 13:24:13,164 INFO  [org.apa.kaf.cli.con.int.ConsumerCoordinator] (ForkJoinPool.commonPool-worker-3) [Consumer clientId=consumer-Consumer-topic-3706374e_9804_4930_9fee_8c3d04b89a8e-31, groupId=Consumer-topic-3706374e_9804_4930_9fee_8c3d04b89a8e] Discovered group coordinator localhost:32769 (id: 2147483647 rack: null)
2025-09-03 13:24:13,165 INFO  [org.apa.kaf.cli.con.int.ConsumerCoordinator] (ForkJoinPool.commonPool-worker-3) [Consumer clientId=consumer-Consumer-topic-3706374e_9804_4930_9fee_8c3d04b89a8e-31, groupId=Consumer-topic-3706374e_9804_4930_9fee_8c3d04b89a8e] (Re-)joining group
2025-09-03 13:24:13,166 INFO  [org.apa.kaf.cli.con.int.ConsumerCoordinator] (ForkJoinPool.commonPool-worker-3) [Consumer clientId=consumer-Consumer-topic-3706374e_9804_4930_9fee_8c3d04b89a8e-31, groupId=Consumer-topic-3706374e_9804_4930_9fee_8c3d04b89a8e] Request joining group due to: need to re-join with the given member-id: consumer-Consumer-topic-3706374e_9804_4930_9fee_8c3d04b89a8e-31-c2d0fd1e-5561-4a03-b93f-870f8b063ac5
2025-09-03 13:24:13,166 INFO  [org.apa.kaf.cli.con.int.ConsumerCoordinator] (ForkJoinPool.commonPool-worker-3) [Consumer clientId=consumer-Consumer-topic-3706374e_9804_4930_9fee_8c3d04b89a8e-31, groupId=Consumer-topic-3706374e_9804_4930_9fee_8c3d04b89a8e] (Re-)joining group
2025-09-03 13:24:14,162 INFO  [io.api.tes.ser.api.KafkaSerdesTester] (ForkJoinPool.commonPool-worker-3) None found
2025-09-03 13:24:15,162 INFO  [io.api.tes.ser.api.KafkaSerdesTester] (ForkJoinPool.commonPool-worker-3) None found
2025-09-03 13:24:16,162 INFO  [io.api.tes.ser.api.KafkaSerdesTester] (ForkJoinPool.commonPool-worker-3) None found
2025-09-03 13:24:16,167 INFO  [org.apa.kaf.cli.con.int.ConsumerCoordinator] (ForkJoinPool.commonPool-worker-3) [Consumer clientId=consumer-Consumer-topic-3706374e_9804_4930_9fee_8c3d04b89a8e-31, groupId=Consumer-topic-3706374e_9804_4930_9fee_8c3d04b89a8e] Successfully joined group with generation Generation{generationId=1, memberId='consumer-Consumer-topic-3706374e_9804_4930_9fee_8c3d04b89a8e-31-c2d0fd1e-5561-4a03-b93f-870f8b063ac5', protocol='range'}
2025-09-03 13:24:16,167 INFO  [org.apa.kaf.cli.con.int.ConsumerCoordinator] (ForkJoinPool.commonPool-worker-3) [Consumer clientId=consumer-Consumer-topic-3706374e_9804_4930_9fee_8c3d04b89a8e-31, groupId=Consumer-topic-3706374e_9804_4930_9fee_8c3d04b89a8e] Finished assignment for group at generation 1: {consumer-Consumer-topic-3706374e_9804_4930_9fee_8c3d04b89a8e-31-c2d0fd1e-5561-4a03-b93f-870f8b063ac5=Assignment(partitions=[topic-3706374e_9804_4930_9fee_8c3d04b89a8e-0])}
2025-09-03 13:24:16,174 INFO  [org.apa.kaf.cli.con.int.ConsumerCoordinator] (ForkJoinPool.commonPool-worker-3) [Consumer clientId=consumer-Consumer-topic-3706374e_9804_4930_9fee_8c3d04b89a8e-31, groupId=Consumer-topic-3706374e_9804_4930_9fee_8c3d04b89a8e] Successfully synced group in generation Generation{generationId=1, memberId='consumer-Consumer-topic-3706374e_9804_4930_9fee_8c3d04b89a8e-31-c2d0fd1e-5561-4a03-b93f-870f8b063ac5', protocol='range'}
2025-09-03 13:24:16,174 INFO  [org.apa.kaf.cli.con.int.ConsumerCoordinator] (ForkJoinPool.commonPool-worker-3) [Consumer clientId=consumer-Consumer-topic-3706374e_9804_4930_9fee_8c3d04b89a8e-31, groupId=Consumer-topic-3706374e_9804_4930_9fee_8c3d04b89a8e] Notifying assignor about the new Assignment(partitions=[topic-3706374e_9804_4930_9fee_8c3d04b89a8e-0])
2025-09-03 13:24:16,174 INFO  [org.apa.kaf.cli.con.int.ConsumerRebalanceListenerInvoker] (ForkJoinPool.commonPool-worker-3) [Consumer clientId=consumer-Consumer-topic-3706374e_9804_4930_9fee_8c3d04b89a8e-31, groupId=Consumer-topic-3706374e_9804_4930_9fee_8c3d04b89a8e] Adding newly assigned partitions: topic-3706374e_9804_4930_9fee_8c3d04b89a8e-0
2025-09-03 13:24:16,174 INFO  [org.apa.kaf.cli.con.int.ConsumerCoordinator] (ForkJoinPool.commonPool-worker-3) [Consumer clientId=consumer-Consumer-topic-3706374e_9804_4930_9fee_8c3d04b89a8e-31, groupId=Consumer-topic-3706374e_9804_4930_9fee_8c3d04b89a8e] Found no committed offset for partition topic-3706374e_9804_4930_9fee_8c3d04b89a8e-0
2025-09-03 13:24:16,176 INFO  [org.apa.kaf.cli.con.int.SubscriptionState] (ForkJoinPool.commonPool-worker-3) [Consumer clientId=consumer-Consumer-topic-3706374e_9804_4930_9fee_8c3d04b89a8e-31, groupId=Consumer-topic-3706374e_9804_4930_9fee_8c3d04b89a8e] Resetting offset for partition topic-3706374e_9804_4930_9fee_8c3d04b89a8e-0 to position FetchPosition{offset=0, offsetEpoch=Optional.empty, currentLeader=LeaderAndEpoch{leader=Optional[localhost:32769 (id: 0 rack: null)], epoch=0}}.
2025-09-03 13:24:16,236 INFO  [io.api.tes.ser.api.KafkaSerdesTester] (ForkJoinPool.commonPool-worker-3) topic-3706374e_9804_4930_9fee_8c3d04b89a8e 0 0 header {
  time {
  }
}
d1: 1.756905853069E12
s1: "a"
i1: 123
bi1: 1
point {
  longitude: 22.0
  latitude: 22.0
  altitude: 1.0
}

2025-09-03 13:24:16,237 INFO  [io.api.tes.ser.api.KafkaSerdesTester] (ForkJoinPool.commonPool-worker-3) topic-3706374e_9804_4930_9fee_8c3d04b89a8e 0 1 header {
  time {
  }
}
d1: 1.756905853142E12
s1: "a"
i1: 123
bi1: 1
point {
  longitude: 22.0
  latitude: 22.0
  altitude: 1.0
}

2025-09-03 13:24:16,237 INFO  [io.api.tes.ser.api.KafkaSerdesTester] (ForkJoinPool.commonPool-worker-3) topic-3706374e_9804_4930_9fee_8c3d04b89a8e 0 2 header {
  time {
  }
}
d1: 1.756905853144E12
s1: "a"
i1: 123
bi1: 1
point {
  longitude: 22.0
  latitude: 22.0
  altitude: 1.0
}

2025-09-03 13:24:16,237 INFO  [io.api.tes.ser.api.KafkaSerdesTester] (ForkJoinPool.commonPool-worker-3) topic-3706374e_9804_4930_9fee_8c3d04b89a8e 0 3 header {
  time {
  }
}
d1: 1.756905853145E12
s1: "a"
i1: 123
bi1: 1
point {
  longitude: 22.0
  latitude: 22.0
  altitude: 1.0
}

2025-09-03 13:24:16,237 INFO  [io.api.tes.ser.api.KafkaSerdesTester] (ForkJoinPool.commonPool-worker-3) topic-3706374e_9804_4930_9fee_8c3d04b89a8e 0 4 header {
  time {
  }
}
d1: 1.756905853146E12
s1: "a"
i1: 123
bi1: 1
point {
  longitude: 22.0
  latitude: 22.0
  altitude: 1.0
}

2025-09-03 13:24:16,237 INFO  [io.api.tes.ser.api.KafkaSerdesTester] (ForkJoinPool.commonPool-worker-3) topic-3706374e_9804_4930_9fee_8c3d04b89a8e 0 5 header {
  time {
  }
}
d1: 1.756905853147E12
s1: "a"
i1: 123
bi1: 1
point {
  longitude: 22.0
  latitude: 22.0
  altitude: 1.0
}

2025-09-03 13:24:16,237 INFO  [io.api.tes.ser.api.KafkaSerdesTester] (ForkJoinPool.commonPool-worker-3) topic-3706374e_9804_4930_9fee_8c3d04b89a8e 0 6 header {
  time {
  }
}
d1: 1.756905853149E12
s1: "a"
i1: 123
bi1: 1
point {
  longitude: 22.0
  latitude: 22.0
  altitude: 1.0
}

2025-09-03 13:24:16,237 INFO  [io.api.tes.ser.api.KafkaSerdesTester] (ForkJoinPool.commonPool-worker-3) topic-3706374e_9804_4930_9fee_8c3d04b89a8e 0 7 header {
  time {
  }
}
d1: 1.75690585315E12
s1: "a"
i1: 123
bi1: 1
point {
  longitude: 22.0
  latitude: 22.0
  altitude: 1.0
}

2025-09-03 13:24:16,237 INFO  [io.api.tes.ser.api.KafkaSerdesTester] (ForkJoinPool.commonPool-worker-3) topic-3706374e_9804_4930_9fee_8c3d04b89a8e 0 8 header {
  time {
  }
}
d1: 1.756905853151E12
s1: "a"
i1: 123
bi1: 1
point {
  longitude: 22.0
  latitude: 22.0
  altitude: 1.0
}

2025-09-03 13:24:16,237 INFO  [io.api.tes.ser.api.KafkaSerdesTester] (ForkJoinPool.commonPool-worker-3) topic-3706374e_9804_4930_9fee_8c3d04b89a8e 0 9 header {
  time {
  }
}
d1: 1.756905853152E12
s1: "a"
i1: 123
bi1: 1
point {
  longitude: 22.0
  latitude: 22.0
  altitude: 1.0
}

2025-09-03 13:24:16,237 INFO  [io.api.tes.ser.api.KafkaSerdesTester] (ForkJoinPool.commonPool-worker-3) Consumed 10 messages
2025-09-03 13:24:16,244 INFO  [org.apa.kaf.cli.con.int.ConsumerRebalanceListenerInvoker] (ForkJoinPool.commonPool-worker-3) [Consumer clientId=consumer-Consumer-topic-3706374e_9804_4930_9fee_8c3d04b89a8e-31, groupId=Consumer-topic-3706374e_9804_4930_9fee_8c3d04b89a8e] Revoke previously assigned partitions topic-3706374e_9804_4930_9fee_8c3d04b89a8e-0
2025-09-03 13:24:16,244 INFO  [org.apa.kaf.cli.con.int.ConsumerCoordinator] (ForkJoinPool.commonPool-worker-3) [Consumer clientId=consumer-Consumer-topic-3706374e_9804_4930_9fee_8c3d04b89a8e-31, groupId=Consumer-topic-3706374e_9804_4930_9fee_8c3d04b89a8e] Member consumer-Consumer-topic-3706374e_9804_4930_9fee_8c3d04b89a8e-31-c2d0fd1e-5561-4a03-b93f-870f8b063ac5 sending LeaveGroup request to coordinator localhost:32769 (id: 2147483647 rack: null) due to the consumer is being closed
2025-09-03 13:24:16,244 INFO  [org.apa.kaf.cli.con.int.ConsumerCoordinator] (ForkJoinPool.commonPool-worker-3) [Consumer clientId=consumer-Consumer-topic-3706374e_9804_4930_9fee_8c3d04b89a8e-31, groupId=Consumer-topic-3706374e_9804_4930_9fee_8c3d04b89a8e] Resetting generation and member id due to: consumer pro-actively leaving the group
2025-09-03 13:24:16,244 INFO  [org.apa.kaf.cli.con.int.ConsumerCoordinator] (ForkJoinPool.commonPool-worker-3) [Consumer clientId=consumer-Consumer-topic-3706374e_9804_4930_9fee_8c3d04b89a8e-31, groupId=Consumer-topic-3706374e_9804_4930_9fee_8c3d04b89a8e] Request joining group due to: consumer pro-actively leaving the group
2025-09-03 13:24:16,739 INFO  [org.apa.kaf.com.met.Metrics] (ForkJoinPool.commonPool-worker-3) Metrics scheduler closed
2025-09-03 13:24:16,739 INFO  [org.apa.kaf.com.met.Metrics] (ForkJoinPool.commonPool-worker-3) Closing reporter org.apache.kafka.common.metrics.JmxReporter
2025-09-03 13:24:16,739 INFO  [org.apa.kaf.com.met.Metrics] (ForkJoinPool.commonPool-worker-3) Closing reporter org.apache.kafka.common.telemetry.internals.ClientTelemetryReporter
2025-09-03 13:24:16,739 INFO  [org.apa.kaf.com.met.Metrics] (ForkJoinPool.commonPool-worker-3) Metrics reporters closed
2025-09-03 13:24:16,740 INFO  [org.apa.kaf.com.uti.AppInfoParser] (ForkJoinPool.commonPool-worker-3) App info kafka.consumer for consumer-Consumer-topic-3706374e_9804_4930_9fee_8c3d04b89a8e-31 unregistered
2025-09-03 13:24:16,741 INFO  [io.api.tes.uti.TestSeparator] (main) io.apicurio.tests.serdes.apicurio.ProtobufSerdeIT.testFindLatestDynamicMessageProtobufType-FINISHED
2025-09-03 13:24:16,741 INFO  [io.api.tes.uti.TestSeparator] (main) ############################################################################
Test passed: testFindLatestDynamicMessageProtobufType
]]></system-out>
  </testcase>
  <testcase name="testFindLatestDeriveClassProtobufTypeSimpleTopicIdStrategy" classname="io.apicurio.tests.serdes.apicurio.ProtobufSerdeIT" time="1.045">
    <system-out><![CDATA[2025-09-03 13:24:16,742 INFO  [io.api.tes.uti.TestSeparator] (main) ############################################################################
2025-09-03 13:24:16,742 INFO  [io.api.tes.uti.TestSeparator] (main) io.apicurio.tests.serdes.apicurio.ProtobufSerdeIT.testFindLatestDeriveClassProtobufTypeSimpleTopicIdStrategy-STARTED
2025-09-03 13:24:17,785 INFO  [io.api.tes.uti.TestSeparator] (main) io.apicurio.tests.serdes.apicurio.ProtobufSerdeIT.testFindLatestDeriveClassProtobufTypeSimpleTopicIdStrategy-FINISHED
2025-09-03 13:24:17,786 INFO  [io.api.tes.uti.TestSeparator] (main) ############################################################################
Test passed: testFindLatestDeriveClassProtobufTypeSimpleTopicIdStrategy
]]></system-out>
  </testcase>
  <testcase name="testFindLatestAndUseBody" classname="io.apicurio.tests.serdes.apicurio.ProtobufSerdeIT" time="4.769">
    <system-out><![CDATA[2025-09-03 13:24:17,787 INFO  [io.api.tes.uti.TestSeparator] (main) ############################################################################
2025-09-03 13:24:17,787 INFO  [io.api.tes.uti.TestSeparator] (main) io.apicurio.tests.serdes.apicurio.ProtobufSerdeIT.testFindLatestAndUseBody-STARTED
**** Registry Base URL: http://registry-app-pg17.apps.ci419.apicurio-testing.org:80
2025-09-03 13:24:18,816 INFO  [org.apa.kaf.cli.pro.ProducerConfig] (main) ProducerConfig values: 
	acks = -1
	auto.include.jmx.reporter = true
	batch.size = 16384
	bootstrap.servers = [PLAINTEXT://localhost:32769]
	buffer.memory = 33554432
	client.dns.lookup = use_all_dns_ips
	client.id = Producer-topic-fc24bad6_219d_458d_96da_3e7583e895bc
	compression.gzip.level = -1
	compression.lz4.level = 9
	compression.type = none
	compression.zstd.level = 3
	connections.max.idle.ms = 10000
	delivery.timeout.ms = 120000
	enable.idempotence = true
	enable.metrics.push = true
	interceptor.classes = []
	key.serializer = class org.apache.kafka.common.serialization.StringSerializer
	linger.ms = 0
	max.block.ms = 60000
	max.in.flight.requests.per.connection = 5
	max.request.size = 1048576
	metadata.max.age.ms = 300000
	metadata.max.idle.ms = 300000
	metadata.recovery.strategy = none
	metric.reporters = []
	metrics.num.samples = 2
	metrics.recording.level = INFO
	metrics.sample.window.ms = 30000
	partitioner.adaptive.partitioning.enable = true
	partitioner.availability.timeout.ms = 0
	partitioner.class = null
	partitioner.ignore.keys = false
	receive.buffer.bytes = 32768
	reconnect.backoff.max.ms = 1000
	reconnect.backoff.ms = 50
	request.timeout.ms = 5000
	retries = 2147483647
	retry.backoff.max.ms = 1000
	retry.backoff.ms = 100
	sasl.client.callback.handler.class = null
	sasl.jaas.config = null
	sasl.kerberos.kinit.cmd = /usr/bin/kinit
	sasl.kerberos.min.time.before.relogin = 60000
	sasl.kerberos.service.name = null
	sasl.kerberos.ticket.renew.jitter = 0.05
	sasl.kerberos.ticket.renew.window.factor = 0.8
	sasl.login.callback.handler.class = null
	sasl.login.class = null
	sasl.login.connect.timeout.ms = null
	sasl.login.read.timeout.ms = null
	sasl.login.refresh.buffer.seconds = 300
	sasl.login.refresh.min.period.seconds = 60
	sasl.login.refresh.window.factor = 0.8
	sasl.login.refresh.window.jitter = 0.05
	sasl.login.retry.backoff.max.ms = 10000
	sasl.login.retry.backoff.ms = 100
	sasl.mechanism = GSSAPI
	sasl.oauthbearer.clock.skew.seconds = 30
	sasl.oauthbearer.expected.audience = null
	sasl.oauthbearer.expected.issuer = null
	sasl.oauthbearer.header.urlencode = false
	sasl.oauthbearer.jwks.endpoint.refresh.ms = 3600000
	sasl.oauthbearer.jwks.endpoint.retry.backoff.max.ms = 10000
	sasl.oauthbearer.jwks.endpoint.retry.backoff.ms = 100
	sasl.oauthbearer.jwks.endpoint.url = null
	sasl.oauthbearer.scope.claim.name = scope
	sasl.oauthbearer.sub.claim.name = sub
	sasl.oauthbearer.token.endpoint.url = null
	security.protocol = PLAINTEXT
	security.providers = null
	send.buffer.bytes = 131072
	socket.connection.setup.timeout.max.ms = 30000
	socket.connection.setup.timeout.ms = 10000
	ssl.cipher.suites = null
	ssl.enabled.protocols = [TLSv1.2, TLSv1.3]
	ssl.endpoint.identification.algorithm = https
	ssl.engine.factory.class = null
	ssl.key.password = null
	ssl.keymanager.algorithm = SunX509
	ssl.keystore.certificate.chain = null
	ssl.keystore.key = null
	ssl.keystore.location = null
	ssl.keystore.password = null
	ssl.keystore.type = JKS
	ssl.protocol = TLSv1.3
	ssl.provider = null
	ssl.secure.random.implementation = null
	ssl.trustmanager.algorithm = PKIX
	ssl.truststore.certificates = null
	ssl.truststore.location = null
	ssl.truststore.password = null
	ssl.truststore.type = JKS
	transaction.timeout.ms = 60000
	transactional.id = null
	value.serializer = class io.apicurio.registry.serde.protobuf.ProtobufKafkaSerializer

2025-09-03 13:24:18,816 INFO  [org.apa.kaf.com.tel.int.KafkaMetricsCollector] (main) initializing Kafka metrics collector
2025-09-03 13:24:18,819 INFO  [org.apa.kaf.cli.pro.KafkaProducer] (main) [Producer clientId=Producer-topic-fc24bad6_219d_458d_96da_3e7583e895bc] Instantiated an idempotent producer.
2025-09-03 13:24:18,820 INFO  [org.apa.kaf.cli.pro.ProducerConfig] (main) These configurations '[apicurio.registry.find-latest, apicurio.registry.url, apicurio.registry.artifact-resolver-strategy]' were supplied but are not used yet.
2025-09-03 13:24:18,820 INFO  [org.apa.kaf.com.uti.AppInfoParser] (main) Kafka version: 3.9.1
2025-09-03 13:24:18,820 INFO  [org.apa.kaf.com.uti.AppInfoParser] (main) Kafka commitId: f745dfdcee2b9851
2025-09-03 13:24:18,820 INFO  [org.apa.kaf.com.uti.AppInfoParser] (main) Kafka startTimeMs: 1756905858820
2025-09-03 13:24:18,820 INFO  [io.api.tes.ser.api.SimpleSerdesTesterBuilder$SimpleSerdesTester] (main) Using producer configuration: {apicurio.registry.find-latest=true, apicurio.registry.url=http://registry-app-pg17.apps.ci419.apicurio-testing.org:80/apis/registry/v3, apicurio.registry.artifact-resolver-strategy=io.apicurio.registry.serde.strategy.TopicIdStrategy, value.serializer=io.apicurio.registry.serde.protobuf.ProtobufKafkaSerializer, request.timeout.ms=5000, acks=all, bootstrap.servers=PLAINTEXT://localhost:32769, connections.max.idle.ms=10000, key.serializer=org.apache.kafka.common.serialization.StringSerializer, client.id=Producer-topic-fc24bad6_219d_458d_96da_3e7583e895bc}
2025-09-03 13:24:18,820 INFO  [io.api.tes.ser.api.SimpleSerdesTesterBuilder$SimpleSerdesTester] (main) Using consumer configuration: {}
2025-09-03 13:24:18,820 INFO  [io.api.tes.ser.api.KafkaSerdesTester] (ForkJoinPool.commonPool-worker-3) Sending message header {
  time {
  }
}
d1: 1.75690585882E12
s1: "a"
i1: 123
bi1: 1
point {
  longitude: 22.0
  latitude: 22.0
  altitude: 1.0
}
 to topic topic-fc24bad6_219d_458d_96da_3e7583e895bc
2025-09-03 13:24:18,822 INFO  [org.apa.kaf.cli.Metadata] (kafka-producer-network-thread | Producer-topic-fc24bad6_219d_458d_96da_3e7583e895bc) [Producer clientId=Producer-topic-fc24bad6_219d_458d_96da_3e7583e895bc] Cluster ID: Vad1sk8gS_OCqo1-tuet0Q
2025-09-03 13:24:18,823 INFO  [org.apa.kaf.cli.pro.int.TransactionManager] (kafka-producer-network-thread | Producer-topic-fc24bad6_219d_458d_96da_3e7583e895bc) [Producer clientId=Producer-topic-fc24bad6_219d_458d_96da_3e7583e895bc] ProducerId set to 42 with epoch 0
2025-09-03 13:24:18,929 INFO  [io.api.tes.ser.api.KafkaSerdesTester] (ForkJoinPool.commonPool-worker-3) Sending message header {
  time {
  }
}
d1: 1.756905858929E12
s1: "a"
i1: 123
bi1: 1
point {
  longitude: 22.0
  latitude: 22.0
  altitude: 1.0
}
 to topic topic-fc24bad6_219d_458d_96da_3e7583e895bc
2025-09-03 13:24:18,931 INFO  [io.api.tes.ser.api.KafkaSerdesTester] (ForkJoinPool.commonPool-worker-3) Sending message header {
  time {
  }
}
d1: 1.756905858931E12
s1: "a"
i1: 123
bi1: 1
point {
  longitude: 22.0
  latitude: 22.0
  altitude: 1.0
}
 to topic topic-fc24bad6_219d_458d_96da_3e7583e895bc
2025-09-03 13:24:18,932 INFO  [io.api.tes.ser.api.KafkaSerdesTester] (ForkJoinPool.commonPool-worker-3) Sending message header {
  time {
  }
}
d1: 1.756905858932E12
s1: "a"
i1: 123
bi1: 1
point {
  longitude: 22.0
  latitude: 22.0
  altitude: 1.0
}
 to topic topic-fc24bad6_219d_458d_96da_3e7583e895bc
2025-09-03 13:24:18,936 INFO  [io.api.tes.ser.api.KafkaSerdesTester] (ForkJoinPool.commonPool-worker-3) Sending message header {
  time {
  }
}
d1: 1.756905858936E12
s1: "a"
i1: 123
bi1: 1
point {
  longitude: 22.0
  latitude: 22.0
  altitude: 1.0
}
 to topic topic-fc24bad6_219d_458d_96da_3e7583e895bc
2025-09-03 13:24:18,940 INFO  [io.api.tes.ser.api.KafkaSerdesTester] (ForkJoinPool.commonPool-worker-3) Sending message header {
  time {
  }
}
d1: 1.75690585894E12
s1: "a"
i1: 123
bi1: 1
point {
  longitude: 22.0
  latitude: 22.0
  altitude: 1.0
}
 to topic topic-fc24bad6_219d_458d_96da_3e7583e895bc
2025-09-03 13:24:18,942 INFO  [io.api.tes.ser.api.KafkaSerdesTester] (ForkJoinPool.commonPool-worker-3) Sending message header {
  time {
  }
}
d1: 1.756905858942E12
s1: "a"
i1: 123
bi1: 1
point {
  longitude: 22.0
  latitude: 22.0
  altitude: 1.0
}
 to topic topic-fc24bad6_219d_458d_96da_3e7583e895bc
2025-09-03 13:24:18,945 INFO  [io.api.tes.ser.api.KafkaSerdesTester] (ForkJoinPool.commonPool-worker-3) Sending message header {
  time {
  }
}
d1: 1.756905858945E12
s1: "a"
i1: 123
bi1: 1
point {
  longitude: 22.0
  latitude: 22.0
  altitude: 1.0
}
 to topic topic-fc24bad6_219d_458d_96da_3e7583e895bc
2025-09-03 13:24:18,947 INFO  [io.api.tes.ser.api.KafkaSerdesTester] (ForkJoinPool.commonPool-worker-3) Sending message header {
  time {
  }
}
d1: 1.756905858947E12
s1: "a"
i1: 123
bi1: 1
point {
  longitude: 22.0
  latitude: 22.0
  altitude: 1.0
}
 to topic topic-fc24bad6_219d_458d_96da_3e7583e895bc
2025-09-03 13:24:18,953 INFO  [io.api.tes.ser.api.KafkaSerdesTester] (ForkJoinPool.commonPool-worker-3) Sending message header {
  time {
  }
}
d1: 1.756905858953E12
s1: "a"
i1: 123
bi1: 1
point {
  longitude: 22.0
  latitude: 22.0
  altitude: 1.0
}
 to topic topic-fc24bad6_219d_458d_96da_3e7583e895bc
2025-09-03 13:24:18,958 INFO  [io.api.tes.ser.api.KafkaSerdesTester] (ForkJoinPool.commonPool-worker-3) Produced 10 messages
2025-09-03 13:24:18,958 INFO  [org.apa.kaf.cli.pro.KafkaProducer] (ForkJoinPool.commonPool-worker-3) [Producer clientId=Producer-topic-fc24bad6_219d_458d_96da_3e7583e895bc] Closing the Kafka producer with timeoutMillis = 9223372036854775807 ms.
2025-09-03 13:24:18,960 INFO  [org.apa.kaf.com.met.Metrics] (ForkJoinPool.commonPool-worker-3) Metrics scheduler closed
2025-09-03 13:24:18,960 INFO  [org.apa.kaf.com.met.Metrics] (ForkJoinPool.commonPool-worker-3) Closing reporter org.apache.kafka.common.metrics.JmxReporter
2025-09-03 13:24:18,960 INFO  [org.apa.kaf.com.met.Metrics] (ForkJoinPool.commonPool-worker-3) Closing reporter org.apache.kafka.common.telemetry.internals.ClientTelemetryReporter
2025-09-03 13:24:18,960 INFO  [org.apa.kaf.com.met.Metrics] (ForkJoinPool.commonPool-worker-3) Metrics reporters closed
2025-09-03 13:24:18,960 INFO  [org.apa.kaf.com.uti.AppInfoParser] (ForkJoinPool.commonPool-worker-3) App info kafka.producer for Producer-topic-fc24bad6_219d_458d_96da_3e7583e895bc unregistered
**** Registry Base URL: http://registry-app-pg17.apps.ci419.apicurio-testing.org:80
2025-09-03 13:24:18,963 INFO  [org.apa.kaf.cli.con.ConsumerConfig] (main) ConsumerConfig values: 
	allow.auto.create.topics = true
	auto.commit.interval.ms = 500
	auto.include.jmx.reporter = true
	auto.offset.reset = earliest
	bootstrap.servers = [PLAINTEXT://localhost:32769]
	check.crcs = true
	client.dns.lookup = use_all_dns_ips
	client.id = consumer-Consumer-topic-fc24bad6_219d_458d_96da_3e7583e895bc-32
	client.rack = 
	connections.max.idle.ms = 10000
	default.api.timeout.ms = 60000
	enable.auto.commit = true
	enable.metrics.push = true
	exclude.internal.topics = true
	fetch.max.bytes = 52428800
	fetch.max.wait.ms = 500
	fetch.min.bytes = 1
	group.id = Consumer-topic-fc24bad6_219d_458d_96da_3e7583e895bc
	group.instance.id = null
	group.protocol = classic
	group.remote.assignor = null
	heartbeat.interval.ms = 3000
	interceptor.classes = []
	internal.leave.group.on.close = true
	internal.throw.on.fetch.stable.offset.unsupported = false
	isolation.level = read_uncommitted
	key.deserializer = class org.apache.kafka.common.serialization.StringDeserializer
	max.partition.fetch.bytes = 1048576
	max.poll.interval.ms = 300000
	max.poll.records = 500
	metadata.max.age.ms = 300000
	metadata.recovery.strategy = none
	metric.reporters = []
	metrics.num.samples = 2
	metrics.recording.level = INFO
	metrics.sample.window.ms = 30000
	partition.assignment.strategy = [class org.apache.kafka.clients.consumer.RangeAssignor, class org.apache.kafka.clients.consumer.CooperativeStickyAssignor]
	receive.buffer.bytes = 65536
	reconnect.backoff.max.ms = 1000
	reconnect.backoff.ms = 50
	request.timeout.ms = 5000
	retry.backoff.max.ms = 1000
	retry.backoff.ms = 100
	sasl.client.callback.handler.class = null
	sasl.jaas.config = null
	sasl.kerberos.kinit.cmd = /usr/bin/kinit
	sasl.kerberos.min.time.before.relogin = 60000
	sasl.kerberos.service.name = null
	sasl.kerberos.ticket.renew.jitter = 0.05
	sasl.kerberos.ticket.renew.window.factor = 0.8
	sasl.login.callback.handler.class = null
	sasl.login.class = null
	sasl.login.connect.timeout.ms = null
	sasl.login.read.timeout.ms = null
	sasl.login.refresh.buffer.seconds = 300
	sasl.login.refresh.min.period.seconds = 60
	sasl.login.refresh.window.factor = 0.8
	sasl.login.refresh.window.jitter = 0.05
	sasl.login.retry.backoff.max.ms = 10000
	sasl.login.retry.backoff.ms = 100
	sasl.mechanism = GSSAPI
	sasl.oauthbearer.clock.skew.seconds = 30
	sasl.oauthbearer.expected.audience = null
	sasl.oauthbearer.expected.issuer = null
	sasl.oauthbearer.header.urlencode = false
	sasl.oauthbearer.jwks.endpoint.refresh.ms = 3600000
	sasl.oauthbearer.jwks.endpoint.retry.backoff.max.ms = 10000
	sasl.oauthbearer.jwks.endpoint.retry.backoff.ms = 100
	sasl.oauthbearer.jwks.endpoint.url = null
	sasl.oauthbearer.scope.claim.name = scope
	sasl.oauthbearer.sub.claim.name = sub
	sasl.oauthbearer.token.endpoint.url = null
	security.protocol = PLAINTEXT
	security.providers = null
	send.buffer.bytes = 131072
	session.timeout.ms = 45000
	socket.connection.setup.timeout.max.ms = 30000
	socket.connection.setup.timeout.ms = 10000
	ssl.cipher.suites = null
	ssl.enabled.protocols = [TLSv1.2, TLSv1.3]
	ssl.endpoint.identification.algorithm = https
	ssl.engine.factory.class = null
	ssl.key.password = null
	ssl.keymanager.algorithm = SunX509
	ssl.keystore.certificate.chain = null
	ssl.keystore.key = null
	ssl.keystore.location = null
	ssl.keystore.password = null
	ssl.keystore.type = JKS
	ssl.protocol = TLSv1.3
	ssl.provider = null
	ssl.secure.random.implementation = null
	ssl.trustmanager.algorithm = PKIX
	ssl.truststore.certificates = null
	ssl.truststore.location = null
	ssl.truststore.password = null
	ssl.truststore.type = JKS
	value.deserializer = class io.apicurio.registry.serde.protobuf.ProtobufKafkaDeserializer

2025-09-03 13:24:18,963 INFO  [org.apa.kaf.com.tel.int.KafkaMetricsCollector] (main) initializing Kafka metrics collector
2025-09-03 13:24:18,976 INFO  [org.apa.kaf.cli.con.ConsumerConfig] (main) These configurations '[apicurio.registry.url]' were supplied but are not used yet.
2025-09-03 13:24:18,976 INFO  [org.apa.kaf.com.uti.AppInfoParser] (main) Kafka version: 3.9.1
2025-09-03 13:24:18,976 INFO  [org.apa.kaf.com.uti.AppInfoParser] (main) Kafka commitId: f745dfdcee2b9851
2025-09-03 13:24:18,976 INFO  [org.apa.kaf.com.uti.AppInfoParser] (main) Kafka startTimeMs: 1756905858976
2025-09-03 13:24:18,977 INFO  [org.apa.kaf.cli.con.int.ClassicKafkaConsumer] (ForkJoinPool.commonPool-worker-3) [Consumer clientId=consumer-Consumer-topic-fc24bad6_219d_458d_96da_3e7583e895bc-32, groupId=Consumer-topic-fc24bad6_219d_458d_96da_3e7583e895bc] Subscribed to topic(s): topic-fc24bad6_219d_458d_96da_3e7583e895bc
2025-09-03 13:24:18,982 INFO  [org.apa.kaf.cli.Metadata] (ForkJoinPool.commonPool-worker-3) [Consumer clientId=consumer-Consumer-topic-fc24bad6_219d_458d_96da_3e7583e895bc-32, groupId=Consumer-topic-fc24bad6_219d_458d_96da_3e7583e895bc] Cluster ID: Vad1sk8gS_OCqo1-tuet0Q
2025-09-03 13:24:18,982 INFO  [org.apa.kaf.cli.con.int.ConsumerCoordinator] (ForkJoinPool.commonPool-worker-3) [Consumer clientId=consumer-Consumer-topic-fc24bad6_219d_458d_96da_3e7583e895bc-32, groupId=Consumer-topic-fc24bad6_219d_458d_96da_3e7583e895bc] Discovered group coordinator localhost:32769 (id: 2147483647 rack: null)
2025-09-03 13:24:18,984 INFO  [org.apa.kaf.cli.con.int.ConsumerCoordinator] (ForkJoinPool.commonPool-worker-3) [Consumer clientId=consumer-Consumer-topic-fc24bad6_219d_458d_96da_3e7583e895bc-32, groupId=Consumer-topic-fc24bad6_219d_458d_96da_3e7583e895bc] (Re-)joining group
2025-09-03 13:24:18,987 INFO  [org.apa.kaf.cli.con.int.ConsumerCoordinator] (ForkJoinPool.commonPool-worker-3) [Consumer clientId=consumer-Consumer-topic-fc24bad6_219d_458d_96da_3e7583e895bc-32, groupId=Consumer-topic-fc24bad6_219d_458d_96da_3e7583e895bc] Request joining group due to: need to re-join with the given member-id: consumer-Consumer-topic-fc24bad6_219d_458d_96da_3e7583e895bc-32-5d9f0fe2-d00c-4cb4-b08d-a7ab0c43763a
2025-09-03 13:24:18,987 INFO  [org.apa.kaf.cli.con.int.ConsumerCoordinator] (ForkJoinPool.commonPool-worker-3) [Consumer clientId=consumer-Consumer-topic-fc24bad6_219d_458d_96da_3e7583e895bc-32, groupId=Consumer-topic-fc24bad6_219d_458d_96da_3e7583e895bc] (Re-)joining group
2025-09-03 13:24:19,977 INFO  [io.api.tes.ser.api.KafkaSerdesTester] (ForkJoinPool.commonPool-worker-3) None found
2025-09-03 13:24:20,977 INFO  [io.api.tes.ser.api.KafkaSerdesTester] (ForkJoinPool.commonPool-worker-3) None found
2025-09-03 13:24:21,977 INFO  [io.api.tes.ser.api.KafkaSerdesTester] (ForkJoinPool.commonPool-worker-3) None found
2025-09-03 13:24:21,988 INFO  [org.apa.kaf.cli.con.int.ConsumerCoordinator] (ForkJoinPool.commonPool-worker-3) [Consumer clientId=consumer-Consumer-topic-fc24bad6_219d_458d_96da_3e7583e895bc-32, groupId=Consumer-topic-fc24bad6_219d_458d_96da_3e7583e895bc] Successfully joined group with generation Generation{generationId=1, memberId='consumer-Consumer-topic-fc24bad6_219d_458d_96da_3e7583e895bc-32-5d9f0fe2-d00c-4cb4-b08d-a7ab0c43763a', protocol='range'}
2025-09-03 13:24:21,988 INFO  [org.apa.kaf.cli.con.int.ConsumerCoordinator] (ForkJoinPool.commonPool-worker-3) [Consumer clientId=consumer-Consumer-topic-fc24bad6_219d_458d_96da_3e7583e895bc-32, groupId=Consumer-topic-fc24bad6_219d_458d_96da_3e7583e895bc] Finished assignment for group at generation 1: {consumer-Consumer-topic-fc24bad6_219d_458d_96da_3e7583e895bc-32-5d9f0fe2-d00c-4cb4-b08d-a7ab0c43763a=Assignment(partitions=[topic-fc24bad6_219d_458d_96da_3e7583e895bc-0])}
2025-09-03 13:24:21,995 INFO  [org.apa.kaf.cli.con.int.ConsumerCoordinator] (ForkJoinPool.commonPool-worker-3) [Consumer clientId=consumer-Consumer-topic-fc24bad6_219d_458d_96da_3e7583e895bc-32, groupId=Consumer-topic-fc24bad6_219d_458d_96da_3e7583e895bc] Successfully synced group in generation Generation{generationId=1, memberId='consumer-Consumer-topic-fc24bad6_219d_458d_96da_3e7583e895bc-32-5d9f0fe2-d00c-4cb4-b08d-a7ab0c43763a', protocol='range'}
2025-09-03 13:24:21,995 INFO  [org.apa.kaf.cli.con.int.ConsumerCoordinator] (ForkJoinPool.commonPool-worker-3) [Consumer clientId=consumer-Consumer-topic-fc24bad6_219d_458d_96da_3e7583e895bc-32, groupId=Consumer-topic-fc24bad6_219d_458d_96da_3e7583e895bc] Notifying assignor about the new Assignment(partitions=[topic-fc24bad6_219d_458d_96da_3e7583e895bc-0])
2025-09-03 13:24:21,995 INFO  [org.apa.kaf.cli.con.int.ConsumerRebalanceListenerInvoker] (ForkJoinPool.commonPool-worker-3) [Consumer clientId=consumer-Consumer-topic-fc24bad6_219d_458d_96da_3e7583e895bc-32, groupId=Consumer-topic-fc24bad6_219d_458d_96da_3e7583e895bc] Adding newly assigned partitions: topic-fc24bad6_219d_458d_96da_3e7583e895bc-0
2025-09-03 13:24:21,996 INFO  [org.apa.kaf.cli.con.int.ConsumerCoordinator] (ForkJoinPool.commonPool-worker-3) [Consumer clientId=consumer-Consumer-topic-fc24bad6_219d_458d_96da_3e7583e895bc-32, groupId=Consumer-topic-fc24bad6_219d_458d_96da_3e7583e895bc] Found no committed offset for partition topic-fc24bad6_219d_458d_96da_3e7583e895bc-0
2025-09-03 13:24:21,997 INFO  [org.apa.kaf.cli.con.int.SubscriptionState] (ForkJoinPool.commonPool-worker-3) [Consumer clientId=consumer-Consumer-topic-fc24bad6_219d_458d_96da_3e7583e895bc-32, groupId=Consumer-topic-fc24bad6_219d_458d_96da_3e7583e895bc] Resetting offset for partition topic-fc24bad6_219d_458d_96da_3e7583e895bc-0 to position FetchPosition{offset=0, offsetEpoch=Optional.empty, currentLeader=LeaderAndEpoch{leader=Optional[localhost:32769 (id: 0 rack: null)], epoch=0}}.
2025-09-03 13:24:22,051 INFO  [io.api.tes.ser.api.KafkaSerdesTester] (ForkJoinPool.commonPool-worker-3) topic-fc24bad6_219d_458d_96da_3e7583e895bc 0 0 header {
  time {
  }
}
d1: 1.75690585882E12
s1: "a"
i1: 123
bi1: 1
point {
  longitude: 22.0
  latitude: 22.0
  altitude: 1.0
}

2025-09-03 13:24:22,051 INFO  [io.api.tes.ser.api.KafkaSerdesTester] (ForkJoinPool.commonPool-worker-3) topic-fc24bad6_219d_458d_96da_3e7583e895bc 0 1 header {
  time {
  }
}
d1: 1.756905858929E12
s1: "a"
i1: 123
bi1: 1
point {
  longitude: 22.0
  latitude: 22.0
  altitude: 1.0
}

2025-09-03 13:24:22,051 INFO  [io.api.tes.ser.api.KafkaSerdesTester] (ForkJoinPool.commonPool-worker-3) topic-fc24bad6_219d_458d_96da_3e7583e895bc 0 2 header {
  time {
  }
}
d1: 1.756905858931E12
s1: "a"
i1: 123
bi1: 1
point {
  longitude: 22.0
  latitude: 22.0
  altitude: 1.0
}

2025-09-03 13:24:22,051 INFO  [io.api.tes.ser.api.KafkaSerdesTester] (ForkJoinPool.commonPool-worker-3) topic-fc24bad6_219d_458d_96da_3e7583e895bc 0 3 header {
  time {
  }
}
d1: 1.756905858932E12
s1: "a"
i1: 123
bi1: 1
point {
  longitude: 22.0
  latitude: 22.0
  altitude: 1.0
}

2025-09-03 13:24:22,051 INFO  [io.api.tes.ser.api.KafkaSerdesTester] (ForkJoinPool.commonPool-worker-3) topic-fc24bad6_219d_458d_96da_3e7583e895bc 0 4 header {
  time {
  }
}
d1: 1.756905858936E12
s1: "a"
i1: 123
bi1: 1
point {
  longitude: 22.0
  latitude: 22.0
  altitude: 1.0
}

2025-09-03 13:24:22,051 INFO  [io.api.tes.ser.api.KafkaSerdesTester] (ForkJoinPool.commonPool-worker-3) topic-fc24bad6_219d_458d_96da_3e7583e895bc 0 5 header {
  time {
  }
}
d1: 1.75690585894E12
s1: "a"
i1: 123
bi1: 1
point {
  longitude: 22.0
  latitude: 22.0
  altitude: 1.0
}

2025-09-03 13:24:22,051 INFO  [io.api.tes.ser.api.KafkaSerdesTester] (ForkJoinPool.commonPool-worker-3) topic-fc24bad6_219d_458d_96da_3e7583e895bc 0 6 header {
  time {
  }
}
d1: 1.756905858942E12
s1: "a"
i1: 123
bi1: 1
point {
  longitude: 22.0
  latitude: 22.0
  altitude: 1.0
}

2025-09-03 13:24:22,051 INFO  [io.api.tes.ser.api.KafkaSerdesTester] (ForkJoinPool.commonPool-worker-3) topic-fc24bad6_219d_458d_96da_3e7583e895bc 0 7 header {
  time {
  }
}
d1: 1.756905858945E12
s1: "a"
i1: 123
bi1: 1
point {
  longitude: 22.0
  latitude: 22.0
  altitude: 1.0
}

2025-09-03 13:24:22,051 INFO  [io.api.tes.ser.api.KafkaSerdesTester] (ForkJoinPool.commonPool-worker-3) topic-fc24bad6_219d_458d_96da_3e7583e895bc 0 8 header {
  time {
  }
}
d1: 1.756905858947E12
s1: "a"
i1: 123
bi1: 1
point {
  longitude: 22.0
  latitude: 22.0
  altitude: 1.0
}

2025-09-03 13:24:22,052 INFO  [io.api.tes.ser.api.KafkaSerdesTester] (ForkJoinPool.commonPool-worker-3) topic-fc24bad6_219d_458d_96da_3e7583e895bc 0 9 header {
  time {
  }
}
d1: 1.756905858953E12
s1: "a"
i1: 123
bi1: 1
point {
  longitude: 22.0
  latitude: 22.0
  altitude: 1.0
}

2025-09-03 13:24:22,052 INFO  [io.api.tes.ser.api.KafkaSerdesTester] (ForkJoinPool.commonPool-worker-3) Consumed 10 messages
2025-09-03 13:24:22,058 INFO  [org.apa.kaf.cli.con.int.ConsumerRebalanceListenerInvoker] (ForkJoinPool.commonPool-worker-3) [Consumer clientId=consumer-Consumer-topic-fc24bad6_219d_458d_96da_3e7583e895bc-32, groupId=Consumer-topic-fc24bad6_219d_458d_96da_3e7583e895bc] Revoke previously assigned partitions topic-fc24bad6_219d_458d_96da_3e7583e895bc-0
2025-09-03 13:24:22,059 INFO  [org.apa.kaf.cli.con.int.ConsumerCoordinator] (ForkJoinPool.commonPool-worker-3) [Consumer clientId=consumer-Consumer-topic-fc24bad6_219d_458d_96da_3e7583e895bc-32, groupId=Consumer-topic-fc24bad6_219d_458d_96da_3e7583e895bc] Member consumer-Consumer-topic-fc24bad6_219d_458d_96da_3e7583e895bc-32-5d9f0fe2-d00c-4cb4-b08d-a7ab0c43763a sending LeaveGroup request to coordinator localhost:32769 (id: 2147483647 rack: null) due to the consumer is being closed
2025-09-03 13:24:22,059 INFO  [org.apa.kaf.cli.con.int.ConsumerCoordinator] (ForkJoinPool.commonPool-worker-3) [Consumer clientId=consumer-Consumer-topic-fc24bad6_219d_458d_96da_3e7583e895bc-32, groupId=Consumer-topic-fc24bad6_219d_458d_96da_3e7583e895bc] Resetting generation and member id due to: consumer pro-actively leaving the group
2025-09-03 13:24:22,059 INFO  [org.apa.kaf.cli.con.int.ConsumerCoordinator] (ForkJoinPool.commonPool-worker-3) [Consumer clientId=consumer-Consumer-topic-fc24bad6_219d_458d_96da_3e7583e895bc-32, groupId=Consumer-topic-fc24bad6_219d_458d_96da_3e7583e895bc] Request joining group due to: consumer pro-actively leaving the group
2025-09-03 13:24:22,553 INFO  [org.apa.kaf.com.met.Metrics] (ForkJoinPool.commonPool-worker-3) Metrics scheduler closed
2025-09-03 13:24:22,553 INFO  [org.apa.kaf.com.met.Metrics] (ForkJoinPool.commonPool-worker-3) Closing reporter org.apache.kafka.common.metrics.JmxReporter
2025-09-03 13:24:22,553 INFO  [org.apa.kaf.com.met.Metrics] (ForkJoinPool.commonPool-worker-3) Closing reporter org.apache.kafka.common.telemetry.internals.ClientTelemetryReporter
2025-09-03 13:24:22,553 INFO  [org.apa.kaf.com.met.Metrics] (ForkJoinPool.commonPool-worker-3) Metrics reporters closed
2025-09-03 13:24:22,554 INFO  [org.apa.kaf.com.uti.AppInfoParser] (ForkJoinPool.commonPool-worker-3) App info kafka.consumer for consumer-Consumer-topic-fc24bad6_219d_458d_96da_3e7583e895bc-32 unregistered
2025-09-03 13:24:22,554 INFO  [io.api.tes.uti.TestSeparator] (main) io.apicurio.tests.serdes.apicurio.ProtobufSerdeIT.testFindLatestAndUseBody-FINISHED
2025-09-03 13:24:22,555 INFO  [io.api.tes.uti.TestSeparator] (main) ############################################################################
Test passed: testFindLatestAndUseBody
]]></system-out>
  </testcase>
  <testcase name="testConsumeDynamicMessage" classname="io.apicurio.tests.serdes.apicurio.ProtobufSerdeIT" time="1.048">
    <system-out><![CDATA[2025-09-03 13:24:22,555 INFO  [io.api.tes.uti.TestSeparator] (main) ############################################################################
2025-09-03 13:24:22,555 INFO  [io.api.tes.uti.TestSeparator] (main) io.apicurio.tests.serdes.apicurio.ProtobufSerdeIT.testConsumeDynamicMessage-STARTED
2025-09-03 13:24:23,603 INFO  [io.api.tes.uti.TestSeparator] (main) io.apicurio.tests.serdes.apicurio.ProtobufSerdeIT.testConsumeDynamicMessage-FINISHED
2025-09-03 13:24:23,603 INFO  [io.api.tes.uti.TestSeparator] (main) ############################################################################
Test passed: testConsumeDynamicMessage
]]></system-out>
  </testcase>
  <testcase name="testAutoRegisterDynamicMessageProtobufType" classname="io.apicurio.tests.serdes.apicurio.ProtobufSerdeIT" time="4.04">
    <system-out><![CDATA[2025-09-03 13:24:23,604 INFO  [io.api.tes.uti.TestSeparator] (main) ############################################################################
2025-09-03 13:24:23,604 INFO  [io.api.tes.uti.TestSeparator] (main) io.apicurio.tests.serdes.apicurio.ProtobufSerdeIT.testAutoRegisterDynamicMessageProtobufType-STARTED
**** Registry Base URL: http://registry-app-pg17.apps.ci419.apicurio-testing.org:80
2025-09-03 13:24:23,605 INFO  [org.apa.kaf.cli.pro.ProducerConfig] (main) ProducerConfig values: 
	acks = -1
	auto.include.jmx.reporter = true
	batch.size = 16384
	bootstrap.servers = [PLAINTEXT://localhost:32769]
	buffer.memory = 33554432
	client.dns.lookup = use_all_dns_ips
	client.id = Producer-topic-47d42325_f39e_4bfd_8373_e227eba68560
	compression.gzip.level = -1
	compression.lz4.level = 9
	compression.type = none
	compression.zstd.level = 3
	connections.max.idle.ms = 10000
	delivery.timeout.ms = 120000
	enable.idempotence = true
	enable.metrics.push = true
	interceptor.classes = []
	key.serializer = class org.apache.kafka.common.serialization.StringSerializer
	linger.ms = 0
	max.block.ms = 60000
	max.in.flight.requests.per.connection = 5
	max.request.size = 1048576
	metadata.max.age.ms = 300000
	metadata.max.idle.ms = 300000
	metadata.recovery.strategy = none
	metric.reporters = []
	metrics.num.samples = 2
	metrics.recording.level = INFO
	metrics.sample.window.ms = 30000
	partitioner.adaptive.partitioning.enable = true
	partitioner.availability.timeout.ms = 0
	partitioner.class = null
	partitioner.ignore.keys = false
	receive.buffer.bytes = 32768
	reconnect.backoff.max.ms = 1000
	reconnect.backoff.ms = 50
	request.timeout.ms = 5000
	retries = 2147483647
	retry.backoff.max.ms = 1000
	retry.backoff.ms = 100
	sasl.client.callback.handler.class = null
	sasl.jaas.config = null
	sasl.kerberos.kinit.cmd = /usr/bin/kinit
	sasl.kerberos.min.time.before.relogin = 60000
	sasl.kerberos.service.name = null
	sasl.kerberos.ticket.renew.jitter = 0.05
	sasl.kerberos.ticket.renew.window.factor = 0.8
	sasl.login.callback.handler.class = null
	sasl.login.class = null
	sasl.login.connect.timeout.ms = null
	sasl.login.read.timeout.ms = null
	sasl.login.refresh.buffer.seconds = 300
	sasl.login.refresh.min.period.seconds = 60
	sasl.login.refresh.window.factor = 0.8
	sasl.login.refresh.window.jitter = 0.05
	sasl.login.retry.backoff.max.ms = 10000
	sasl.login.retry.backoff.ms = 100
	sasl.mechanism = GSSAPI
	sasl.oauthbearer.clock.skew.seconds = 30
	sasl.oauthbearer.expected.audience = null
	sasl.oauthbearer.expected.issuer = null
	sasl.oauthbearer.header.urlencode = false
	sasl.oauthbearer.jwks.endpoint.refresh.ms = 3600000
	sasl.oauthbearer.jwks.endpoint.retry.backoff.max.ms = 10000
	sasl.oauthbearer.jwks.endpoint.retry.backoff.ms = 100
	sasl.oauthbearer.jwks.endpoint.url = null
	sasl.oauthbearer.scope.claim.name = scope
	sasl.oauthbearer.sub.claim.name = sub
	sasl.oauthbearer.token.endpoint.url = null
	security.protocol = PLAINTEXT
	security.providers = null
	send.buffer.bytes = 131072
	socket.connection.setup.timeout.max.ms = 30000
	socket.connection.setup.timeout.ms = 10000
	ssl.cipher.suites = null
	ssl.enabled.protocols = [TLSv1.2, TLSv1.3]
	ssl.endpoint.identification.algorithm = https
	ssl.engine.factory.class = null
	ssl.key.password = null
	ssl.keymanager.algorithm = SunX509
	ssl.keystore.certificate.chain = null
	ssl.keystore.key = null
	ssl.keystore.location = null
	ssl.keystore.password = null
	ssl.keystore.type = JKS
	ssl.protocol = TLSv1.3
	ssl.provider = null
	ssl.secure.random.implementation = null
	ssl.trustmanager.algorithm = PKIX
	ssl.truststore.certificates = null
	ssl.truststore.location = null
	ssl.truststore.password = null
	ssl.truststore.type = JKS
	transaction.timeout.ms = 60000
	transactional.id = null
	value.serializer = class io.apicurio.registry.serde.protobuf.ProtobufKafkaSerializer

2025-09-03 13:24:23,605 INFO  [org.apa.kaf.com.tel.int.KafkaMetricsCollector] (main) initializing Kafka metrics collector
2025-09-03 13:24:23,608 INFO  [org.apa.kaf.cli.pro.KafkaProducer] (main) [Producer clientId=Producer-topic-47d42325_f39e_4bfd_8373_e227eba68560] Instantiated an idempotent producer.
2025-09-03 13:24:23,609 INFO  [org.apa.kaf.cli.pro.ProducerConfig] (main) These configurations '[apicurio.registry.url, apicurio.registry.auto-register, apicurio.registry.artifact-resolver-strategy]' were supplied but are not used yet.
2025-09-03 13:24:23,609 INFO  [org.apa.kaf.com.uti.AppInfoParser] (main) Kafka version: 3.9.1
2025-09-03 13:24:23,609 INFO  [org.apa.kaf.com.uti.AppInfoParser] (main) Kafka commitId: f745dfdcee2b9851
2025-09-03 13:24:23,609 INFO  [org.apa.kaf.com.uti.AppInfoParser] (main) Kafka startTimeMs: 1756905863609
2025-09-03 13:24:23,609 INFO  [io.api.tes.ser.api.SimpleSerdesTesterBuilder$SimpleSerdesTester] (main) Using producer configuration: {apicurio.registry.url=http://registry-app-pg17.apps.ci419.apicurio-testing.org:80/apis/registry/v3, apicurio.registry.auto-register=true, apicurio.registry.artifact-resolver-strategy=io.apicurio.registry.serde.strategy.TopicIdStrategy, value.serializer=io.apicurio.registry.serde.protobuf.ProtobufKafkaSerializer, request.timeout.ms=5000, acks=all, bootstrap.servers=PLAINTEXT://localhost:32769, connections.max.idle.ms=10000, key.serializer=org.apache.kafka.common.serialization.StringSerializer, client.id=Producer-topic-47d42325_f39e_4bfd_8373_e227eba68560}
2025-09-03 13:24:23,609 INFO  [io.api.tes.ser.api.SimpleSerdesTesterBuilder$SimpleSerdesTester] (main) Using consumer configuration: {apicurio.registry.deserializer.value.return-class=com.google.protobuf.DynamicMessage}
2025-09-03 13:24:23,609 INFO  [io.api.tes.ser.api.KafkaSerdesTester] (ForkJoinPool.commonPool-worker-3) Sending message header {
  time {
  }
}
d1: 1.756905863609E12
s1: "a"
i1: 123
bi1: 1
point {
  longitude: 22.0
  latitude: 22.0
  altitude: 1.0
}
 to topic topic-47d42325_f39e_4bfd_8373_e227eba68560
2025-09-03 13:24:23,611 WARN  [org.apa.kaf.cli.NetworkClient] (kafka-producer-network-thread | Producer-topic-47d42325_f39e_4bfd_8373_e227eba68560) [Producer clientId=Producer-topic-47d42325_f39e_4bfd_8373_e227eba68560] The metadata response from the cluster reported a recoverable issue with correlation id 1 : {topic-47d42325_f39e_4bfd_8373_e227eba68560=UNKNOWN_TOPIC_OR_PARTITION}
2025-09-03 13:24:23,611 INFO  [org.apa.kaf.cli.Metadata] (kafka-producer-network-thread | Producer-topic-47d42325_f39e_4bfd_8373_e227eba68560) [Producer clientId=Producer-topic-47d42325_f39e_4bfd_8373_e227eba68560] Cluster ID: Vad1sk8gS_OCqo1-tuet0Q
2025-09-03 13:24:23,611 INFO  [org.apa.kaf.cli.pro.int.TransactionManager] (kafka-producer-network-thread | Producer-topic-47d42325_f39e_4bfd_8373_e227eba68560) [Producer clientId=Producer-topic-47d42325_f39e_4bfd_8373_e227eba68560] ProducerId set to 43 with epoch 0
2025-09-03 13:24:23,774 INFO  [io.api.tes.ser.api.KafkaSerdesTester] (ForkJoinPool.commonPool-worker-3) Sending message header {
  time {
  }
}
d1: 1.756905863773E12
s1: "a"
i1: 123
bi1: 1
point {
  longitude: 22.0
  latitude: 22.0
  altitude: 1.0
}
 to topic topic-47d42325_f39e_4bfd_8373_e227eba68560
2025-09-03 13:24:23,791 INFO  [io.api.tes.ser.api.KafkaSerdesTester] (ForkJoinPool.commonPool-worker-3) Sending message header {
  time {
  }
}
d1: 1.756905863791E12
s1: "a"
i1: 123
bi1: 1
point {
  longitude: 22.0
  latitude: 22.0
  altitude: 1.0
}
 to topic topic-47d42325_f39e_4bfd_8373_e227eba68560
2025-09-03 13:24:23,811 INFO  [io.api.tes.ser.api.KafkaSerdesTester] (ForkJoinPool.commonPool-worker-3) Sending message header {
  time {
  }
}
d1: 1.756905863811E12
s1: "a"
i1: 123
bi1: 1
point {
  longitude: 22.0
  latitude: 22.0
  altitude: 1.0
}
 to topic topic-47d42325_f39e_4bfd_8373_e227eba68560
2025-09-03 13:24:23,830 INFO  [io.api.tes.ser.api.KafkaSerdesTester] (ForkJoinPool.commonPool-worker-3) Sending message header {
  time {
  }
}
d1: 1.75690586383E12
s1: "a"
i1: 123
bi1: 1
point {
  longitude: 22.0
  latitude: 22.0
  altitude: 1.0
}
 to topic topic-47d42325_f39e_4bfd_8373_e227eba68560
2025-09-03 13:24:23,850 INFO  [io.api.tes.ser.api.KafkaSerdesTester] (ForkJoinPool.commonPool-worker-3) Sending message header {
  time {
  }
}
d1: 1.75690586385E12
s1: "a"
i1: 123
bi1: 1
point {
  longitude: 22.0
  latitude: 22.0
  altitude: 1.0
}
 to topic topic-47d42325_f39e_4bfd_8373_e227eba68560
2025-09-03 13:24:23,871 INFO  [io.api.tes.ser.api.KafkaSerdesTester] (ForkJoinPool.commonPool-worker-3) Sending message header {
  time {
  }
}
d1: 1.756905863871E12
s1: "a"
i1: 123
bi1: 1
point {
  longitude: 22.0
  latitude: 22.0
  altitude: 1.0
}
 to topic topic-47d42325_f39e_4bfd_8373_e227eba68560
2025-09-03 13:24:23,927 INFO  [io.api.tes.ser.api.KafkaSerdesTester] (ForkJoinPool.commonPool-worker-3) Sending message header {
  time {
  }
}
d1: 1.756905863927E12
s1: "a"
i1: 123
bi1: 1
point {
  longitude: 22.0
  latitude: 22.0
  altitude: 1.0
}
 to topic topic-47d42325_f39e_4bfd_8373_e227eba68560
2025-09-03 13:24:23,946 INFO  [io.api.tes.ser.api.KafkaSerdesTester] (ForkJoinPool.commonPool-worker-3) Sending message header {
  time {
  }
}
d1: 1.756905863946E12
s1: "a"
i1: 123
bi1: 1
point {
  longitude: 22.0
  latitude: 22.0
  altitude: 1.0
}
 to topic topic-47d42325_f39e_4bfd_8373_e227eba68560
2025-09-03 13:24:23,965 INFO  [io.api.tes.ser.api.KafkaSerdesTester] (ForkJoinPool.commonPool-worker-3) Sending message header {
  time {
  }
}
d1: 1.756905863965E12
s1: "a"
i1: 123
bi1: 1
point {
  longitude: 22.0
  latitude: 22.0
  altitude: 1.0
}
 to topic topic-47d42325_f39e_4bfd_8373_e227eba68560
2025-09-03 13:24:23,983 INFO  [io.api.tes.ser.api.KafkaSerdesTester] (ForkJoinPool.commonPool-worker-3) Produced 10 messages
2025-09-03 13:24:23,983 INFO  [org.apa.kaf.cli.pro.KafkaProducer] (ForkJoinPool.commonPool-worker-3) [Producer clientId=Producer-topic-47d42325_f39e_4bfd_8373_e227eba68560] Closing the Kafka producer with timeoutMillis = 9223372036854775807 ms.
2025-09-03 13:24:23,984 INFO  [org.apa.kaf.com.met.Metrics] (ForkJoinPool.commonPool-worker-3) Metrics scheduler closed
2025-09-03 13:24:23,984 INFO  [org.apa.kaf.com.met.Metrics] (ForkJoinPool.commonPool-worker-3) Closing reporter org.apache.kafka.common.metrics.JmxReporter
2025-09-03 13:24:23,985 INFO  [org.apa.kaf.com.met.Metrics] (ForkJoinPool.commonPool-worker-3) Closing reporter org.apache.kafka.common.telemetry.internals.ClientTelemetryReporter
2025-09-03 13:24:23,985 INFO  [org.apa.kaf.com.met.Metrics] (ForkJoinPool.commonPool-worker-3) Metrics reporters closed
2025-09-03 13:24:23,985 INFO  [org.apa.kaf.com.uti.AppInfoParser] (ForkJoinPool.commonPool-worker-3) App info kafka.producer for Producer-topic-47d42325_f39e_4bfd_8373_e227eba68560 unregistered
**** Registry Base URL: http://registry-app-pg17.apps.ci419.apicurio-testing.org:80
2025-09-03 13:24:24,038 INFO  [org.apa.kaf.cli.con.ConsumerConfig] (main) ConsumerConfig values: 
	allow.auto.create.topics = true
	auto.commit.interval.ms = 500
	auto.include.jmx.reporter = true
	auto.offset.reset = earliest
	bootstrap.servers = [PLAINTEXT://localhost:32769]
	check.crcs = true
	client.dns.lookup = use_all_dns_ips
	client.id = consumer-Consumer-topic-47d42325_f39e_4bfd_8373_e227eba68560-33
	client.rack = 
	connections.max.idle.ms = 10000
	default.api.timeout.ms = 60000
	enable.auto.commit = true
	enable.metrics.push = true
	exclude.internal.topics = true
	fetch.max.bytes = 52428800
	fetch.max.wait.ms = 500
	fetch.min.bytes = 1
	group.id = Consumer-topic-47d42325_f39e_4bfd_8373_e227eba68560
	group.instance.id = null
	group.protocol = classic
	group.remote.assignor = null
	heartbeat.interval.ms = 3000
	interceptor.classes = []
	internal.leave.group.on.close = true
	internal.throw.on.fetch.stable.offset.unsupported = false
	isolation.level = read_uncommitted
	key.deserializer = class org.apache.kafka.common.serialization.StringDeserializer
	max.partition.fetch.bytes = 1048576
	max.poll.interval.ms = 300000
	max.poll.records = 500
	metadata.max.age.ms = 300000
	metadata.recovery.strategy = none
	metric.reporters = []
	metrics.num.samples = 2
	metrics.recording.level = INFO
	metrics.sample.window.ms = 30000
	partition.assignment.strategy = [class org.apache.kafka.clients.consumer.RangeAssignor, class org.apache.kafka.clients.consumer.CooperativeStickyAssignor]
	receive.buffer.bytes = 65536
	reconnect.backoff.max.ms = 1000
	reconnect.backoff.ms = 50
	request.timeout.ms = 5000
	retry.backoff.max.ms = 1000
	retry.backoff.ms = 100
	sasl.client.callback.handler.class = null
	sasl.jaas.config = null
	sasl.kerberos.kinit.cmd = /usr/bin/kinit
	sasl.kerberos.min.time.before.relogin = 60000
	sasl.kerberos.service.name = null
	sasl.kerberos.ticket.renew.jitter = 0.05
	sasl.kerberos.ticket.renew.window.factor = 0.8
	sasl.login.callback.handler.class = null
	sasl.login.class = null
	sasl.login.connect.timeout.ms = null
	sasl.login.read.timeout.ms = null
	sasl.login.refresh.buffer.seconds = 300
	sasl.login.refresh.min.period.seconds = 60
	sasl.login.refresh.window.factor = 0.8
	sasl.login.refresh.window.jitter = 0.05
	sasl.login.retry.backoff.max.ms = 10000
	sasl.login.retry.backoff.ms = 100
	sasl.mechanism = GSSAPI
	sasl.oauthbearer.clock.skew.seconds = 30
	sasl.oauthbearer.expected.audience = null
	sasl.oauthbearer.expected.issuer = null
	sasl.oauthbearer.header.urlencode = false
	sasl.oauthbearer.jwks.endpoint.refresh.ms = 3600000
	sasl.oauthbearer.jwks.endpoint.retry.backoff.max.ms = 10000
	sasl.oauthbearer.jwks.endpoint.retry.backoff.ms = 100
	sasl.oauthbearer.jwks.endpoint.url = null
	sasl.oauthbearer.scope.claim.name = scope
	sasl.oauthbearer.sub.claim.name = sub
	sasl.oauthbearer.token.endpoint.url = null
	security.protocol = PLAINTEXT
	security.providers = null
	send.buffer.bytes = 131072
	session.timeout.ms = 45000
	socket.connection.setup.timeout.max.ms = 30000
	socket.connection.setup.timeout.ms = 10000
	ssl.cipher.suites = null
	ssl.enabled.protocols = [TLSv1.2, TLSv1.3]
	ssl.endpoint.identification.algorithm = https
	ssl.engine.factory.class = null
	ssl.key.password = null
	ssl.keymanager.algorithm = SunX509
	ssl.keystore.certificate.chain = null
	ssl.keystore.key = null
	ssl.keystore.location = null
	ssl.keystore.password = null
	ssl.keystore.type = JKS
	ssl.protocol = TLSv1.3
	ssl.provider = null
	ssl.secure.random.implementation = null
	ssl.trustmanager.algorithm = PKIX
	ssl.truststore.certificates = null
	ssl.truststore.location = null
	ssl.truststore.password = null
	ssl.truststore.type = JKS
	value.deserializer = class io.apicurio.registry.serde.protobuf.ProtobufKafkaDeserializer

2025-09-03 13:24:24,039 INFO  [org.apa.kaf.com.tel.int.KafkaMetricsCollector] (main) initializing Kafka metrics collector
2025-09-03 13:24:24,042 INFO  [org.apa.kaf.cli.con.ConsumerConfig] (main) These configurations '[apicurio.registry.deserializer.value.return-class, apicurio.registry.url]' were supplied but are not used yet.
2025-09-03 13:24:24,042 INFO  [org.apa.kaf.com.uti.AppInfoParser] (main) Kafka version: 3.9.1
2025-09-03 13:24:24,042 INFO  [org.apa.kaf.com.uti.AppInfoParser] (main) Kafka commitId: f745dfdcee2b9851
2025-09-03 13:24:24,042 INFO  [org.apa.kaf.com.uti.AppInfoParser] (main) Kafka startTimeMs: 1756905864042
2025-09-03 13:24:24,042 INFO  [org.apa.kaf.cli.con.int.ClassicKafkaConsumer] (ForkJoinPool.commonPool-worker-3) [Consumer clientId=consumer-Consumer-topic-47d42325_f39e_4bfd_8373_e227eba68560-33, groupId=Consumer-topic-47d42325_f39e_4bfd_8373_e227eba68560] Subscribed to topic(s): topic-47d42325_f39e_4bfd_8373_e227eba68560
2025-09-03 13:24:24,044 INFO  [org.apa.kaf.cli.Metadata] (ForkJoinPool.commonPool-worker-3) [Consumer clientId=consumer-Consumer-topic-47d42325_f39e_4bfd_8373_e227eba68560-33, groupId=Consumer-topic-47d42325_f39e_4bfd_8373_e227eba68560] Cluster ID: Vad1sk8gS_OCqo1-tuet0Q
2025-09-03 13:24:24,045 INFO  [org.apa.kaf.cli.con.int.ConsumerCoordinator] (ForkJoinPool.commonPool-worker-3) [Consumer clientId=consumer-Consumer-topic-47d42325_f39e_4bfd_8373_e227eba68560-33, groupId=Consumer-topic-47d42325_f39e_4bfd_8373_e227eba68560] Discovered group coordinator localhost:32769 (id: 2147483647 rack: null)
2025-09-03 13:24:24,045 INFO  [org.apa.kaf.cli.con.int.ConsumerCoordinator] (ForkJoinPool.commonPool-worker-3) [Consumer clientId=consumer-Consumer-topic-47d42325_f39e_4bfd_8373_e227eba68560-33, groupId=Consumer-topic-47d42325_f39e_4bfd_8373_e227eba68560] (Re-)joining group
2025-09-03 13:24:24,047 INFO  [org.apa.kaf.cli.con.int.ConsumerCoordinator] (ForkJoinPool.commonPool-worker-3) [Consumer clientId=consumer-Consumer-topic-47d42325_f39e_4bfd_8373_e227eba68560-33, groupId=Consumer-topic-47d42325_f39e_4bfd_8373_e227eba68560] Request joining group due to: need to re-join with the given member-id: consumer-Consumer-topic-47d42325_f39e_4bfd_8373_e227eba68560-33-2290b17d-320f-48bb-8990-7f426264912a
2025-09-03 13:24:24,047 INFO  [org.apa.kaf.cli.con.int.ConsumerCoordinator] (ForkJoinPool.commonPool-worker-3) [Consumer clientId=consumer-Consumer-topic-47d42325_f39e_4bfd_8373_e227eba68560-33, groupId=Consumer-topic-47d42325_f39e_4bfd_8373_e227eba68560] (Re-)joining group
2025-09-03 13:24:25,042 INFO  [io.api.tes.ser.api.KafkaSerdesTester] (ForkJoinPool.commonPool-worker-3) None found
2025-09-03 13:24:26,042 INFO  [io.api.tes.ser.api.KafkaSerdesTester] (ForkJoinPool.commonPool-worker-3) None found
2025-09-03 13:24:27,042 INFO  [io.api.tes.ser.api.KafkaSerdesTester] (ForkJoinPool.commonPool-worker-3) None found
2025-09-03 13:24:27,048 INFO  [org.apa.kaf.cli.con.int.ConsumerCoordinator] (ForkJoinPool.commonPool-worker-3) [Consumer clientId=consumer-Consumer-topic-47d42325_f39e_4bfd_8373_e227eba68560-33, groupId=Consumer-topic-47d42325_f39e_4bfd_8373_e227eba68560] Successfully joined group with generation Generation{generationId=1, memberId='consumer-Consumer-topic-47d42325_f39e_4bfd_8373_e227eba68560-33-2290b17d-320f-48bb-8990-7f426264912a', protocol='range'}
2025-09-03 13:24:27,048 INFO  [org.apa.kaf.cli.con.int.ConsumerCoordinator] (ForkJoinPool.commonPool-worker-3) [Consumer clientId=consumer-Consumer-topic-47d42325_f39e_4bfd_8373_e227eba68560-33, groupId=Consumer-topic-47d42325_f39e_4bfd_8373_e227eba68560] Finished assignment for group at generation 1: {consumer-Consumer-topic-47d42325_f39e_4bfd_8373_e227eba68560-33-2290b17d-320f-48bb-8990-7f426264912a=Assignment(partitions=[topic-47d42325_f39e_4bfd_8373_e227eba68560-0])}
2025-09-03 13:24:27,055 INFO  [org.apa.kaf.cli.con.int.ConsumerCoordinator] (ForkJoinPool.commonPool-worker-3) [Consumer clientId=consumer-Consumer-topic-47d42325_f39e_4bfd_8373_e227eba68560-33, groupId=Consumer-topic-47d42325_f39e_4bfd_8373_e227eba68560] Successfully synced group in generation Generation{generationId=1, memberId='consumer-Consumer-topic-47d42325_f39e_4bfd_8373_e227eba68560-33-2290b17d-320f-48bb-8990-7f426264912a', protocol='range'}
2025-09-03 13:24:27,055 INFO  [org.apa.kaf.cli.con.int.ConsumerCoordinator] (ForkJoinPool.commonPool-worker-3) [Consumer clientId=consumer-Consumer-topic-47d42325_f39e_4bfd_8373_e227eba68560-33, groupId=Consumer-topic-47d42325_f39e_4bfd_8373_e227eba68560] Notifying assignor about the new Assignment(partitions=[topic-47d42325_f39e_4bfd_8373_e227eba68560-0])
2025-09-03 13:24:27,055 INFO  [org.apa.kaf.cli.con.int.ConsumerRebalanceListenerInvoker] (ForkJoinPool.commonPool-worker-3) [Consumer clientId=consumer-Consumer-topic-47d42325_f39e_4bfd_8373_e227eba68560-33, groupId=Consumer-topic-47d42325_f39e_4bfd_8373_e227eba68560] Adding newly assigned partitions: topic-47d42325_f39e_4bfd_8373_e227eba68560-0
2025-09-03 13:24:27,055 INFO  [org.apa.kaf.cli.con.int.ConsumerCoordinator] (ForkJoinPool.commonPool-worker-3) [Consumer clientId=consumer-Consumer-topic-47d42325_f39e_4bfd_8373_e227eba68560-33, groupId=Consumer-topic-47d42325_f39e_4bfd_8373_e227eba68560] Found no committed offset for partition topic-47d42325_f39e_4bfd_8373_e227eba68560-0
2025-09-03 13:24:27,057 INFO  [org.apa.kaf.cli.con.int.SubscriptionState] (ForkJoinPool.commonPool-worker-3) [Consumer clientId=consumer-Consumer-topic-47d42325_f39e_4bfd_8373_e227eba68560-33, groupId=Consumer-topic-47d42325_f39e_4bfd_8373_e227eba68560] Resetting offset for partition topic-47d42325_f39e_4bfd_8373_e227eba68560-0 to position FetchPosition{offset=0, offsetEpoch=Optional.empty, currentLeader=LeaderAndEpoch{leader=Optional[localhost:32769 (id: 0 rack: null)], epoch=0}}.
2025-09-03 13:24:27,127 INFO  [io.api.tes.ser.api.KafkaSerdesTester] (ForkJoinPool.commonPool-worker-3) topic-47d42325_f39e_4bfd_8373_e227eba68560 0 0 header {
  time {
  }
}
d1: 1.756905863609E12
s1: "a"
i1: 123
bi1: 1
point {
  longitude: 22.0
  latitude: 22.0
  altitude: 1.0
}

2025-09-03 13:24:27,127 INFO  [io.api.tes.ser.api.KafkaSerdesTester] (ForkJoinPool.commonPool-worker-3) topic-47d42325_f39e_4bfd_8373_e227eba68560 0 1 header {
  time {
  }
}
d1: 1.756905863773E12
s1: "a"
i1: 123
bi1: 1
point {
  longitude: 22.0
  latitude: 22.0
  altitude: 1.0
}

2025-09-03 13:24:27,127 INFO  [io.api.tes.ser.api.KafkaSerdesTester] (ForkJoinPool.commonPool-worker-3) topic-47d42325_f39e_4bfd_8373_e227eba68560 0 2 header {
  time {
  }
}
d1: 1.756905863791E12
s1: "a"
i1: 123
bi1: 1
point {
  longitude: 22.0
  latitude: 22.0
  altitude: 1.0
}

2025-09-03 13:24:27,127 INFO  [io.api.tes.ser.api.KafkaSerdesTester] (ForkJoinPool.commonPool-worker-3) topic-47d42325_f39e_4bfd_8373_e227eba68560 0 3 header {
  time {
  }
}
d1: 1.756905863811E12
s1: "a"
i1: 123
bi1: 1
point {
  longitude: 22.0
  latitude: 22.0
  altitude: 1.0
}

2025-09-03 13:24:27,127 INFO  [io.api.tes.ser.api.KafkaSerdesTester] (ForkJoinPool.commonPool-worker-3) topic-47d42325_f39e_4bfd_8373_e227eba68560 0 4 header {
  time {
  }
}
d1: 1.75690586383E12
s1: "a"
i1: 123
bi1: 1
point {
  longitude: 22.0
  latitude: 22.0
  altitude: 1.0
}

2025-09-03 13:24:27,127 INFO  [io.api.tes.ser.api.KafkaSerdesTester] (ForkJoinPool.commonPool-worker-3) topic-47d42325_f39e_4bfd_8373_e227eba68560 0 5 header {
  time {
  }
}
d1: 1.75690586385E12
s1: "a"
i1: 123
bi1: 1
point {
  longitude: 22.0
  latitude: 22.0
  altitude: 1.0
}

2025-09-03 13:24:27,127 INFO  [io.api.tes.ser.api.KafkaSerdesTester] (ForkJoinPool.commonPool-worker-3) topic-47d42325_f39e_4bfd_8373_e227eba68560 0 6 header {
  time {
  }
}
d1: 1.756905863871E12
s1: "a"
i1: 123
bi1: 1
point {
  longitude: 22.0
  latitude: 22.0
  altitude: 1.0
}

2025-09-03 13:24:27,127 INFO  [io.api.tes.ser.api.KafkaSerdesTester] (ForkJoinPool.commonPool-worker-3) topic-47d42325_f39e_4bfd_8373_e227eba68560 0 7 header {
  time {
  }
}
d1: 1.756905863927E12
s1: "a"
i1: 123
bi1: 1
point {
  longitude: 22.0
  latitude: 22.0
  altitude: 1.0
}

2025-09-03 13:24:27,127 INFO  [io.api.tes.ser.api.KafkaSerdesTester] (ForkJoinPool.commonPool-worker-3) topic-47d42325_f39e_4bfd_8373_e227eba68560 0 8 header {
  time {
  }
}
d1: 1.756905863946E12
s1: "a"
i1: 123
bi1: 1
point {
  longitude: 22.0
  latitude: 22.0
  altitude: 1.0
}

2025-09-03 13:24:27,127 INFO  [io.api.tes.ser.api.KafkaSerdesTester] (ForkJoinPool.commonPool-worker-3) topic-47d42325_f39e_4bfd_8373_e227eba68560 0 9 header {
  time {
  }
}
d1: 1.756905863965E12
s1: "a"
i1: 123
bi1: 1
point {
  longitude: 22.0
  latitude: 22.0
  altitude: 1.0
}

2025-09-03 13:24:27,127 INFO  [io.api.tes.ser.api.KafkaSerdesTester] (ForkJoinPool.commonPool-worker-3) Consumed 10 messages
2025-09-03 13:24:27,134 INFO  [org.apa.kaf.cli.con.int.ConsumerRebalanceListenerInvoker] (ForkJoinPool.commonPool-worker-3) [Consumer clientId=consumer-Consumer-topic-47d42325_f39e_4bfd_8373_e227eba68560-33, groupId=Consumer-topic-47d42325_f39e_4bfd_8373_e227eba68560] Revoke previously assigned partitions topic-47d42325_f39e_4bfd_8373_e227eba68560-0
2025-09-03 13:24:27,134 INFO  [org.apa.kaf.cli.con.int.ConsumerCoordinator] (ForkJoinPool.commonPool-worker-3) [Consumer clientId=consumer-Consumer-topic-47d42325_f39e_4bfd_8373_e227eba68560-33, groupId=Consumer-topic-47d42325_f39e_4bfd_8373_e227eba68560] Member consumer-Consumer-topic-47d42325_f39e_4bfd_8373_e227eba68560-33-2290b17d-320f-48bb-8990-7f426264912a sending LeaveGroup request to coordinator localhost:32769 (id: 2147483647 rack: null) due to the consumer is being closed
2025-09-03 13:24:27,134 INFO  [org.apa.kaf.cli.con.int.ConsumerCoordinator] (ForkJoinPool.commonPool-worker-3) [Consumer clientId=consumer-Consumer-topic-47d42325_f39e_4bfd_8373_e227eba68560-33, groupId=Consumer-topic-47d42325_f39e_4bfd_8373_e227eba68560] Resetting generation and member id due to: consumer pro-actively leaving the group
2025-09-03 13:24:27,134 INFO  [org.apa.kaf.cli.con.int.ConsumerCoordinator] (ForkJoinPool.commonPool-worker-3) [Consumer clientId=consumer-Consumer-topic-47d42325_f39e_4bfd_8373_e227eba68560-33, groupId=Consumer-topic-47d42325_f39e_4bfd_8373_e227eba68560] Request joining group due to: consumer pro-actively leaving the group
2025-09-03 13:24:27,629 INFO  [org.apa.kaf.com.met.Metrics] (ForkJoinPool.commonPool-worker-3) Metrics scheduler closed
2025-09-03 13:24:27,629 INFO  [org.apa.kaf.com.met.Metrics] (ForkJoinPool.commonPool-worker-3) Closing reporter org.apache.kafka.common.metrics.JmxReporter
2025-09-03 13:24:27,629 INFO  [org.apa.kaf.com.met.Metrics] (ForkJoinPool.commonPool-worker-3) Closing reporter org.apache.kafka.common.telemetry.internals.ClientTelemetryReporter
2025-09-03 13:24:27,629 INFO  [org.apa.kaf.com.met.Metrics] (ForkJoinPool.commonPool-worker-3) Metrics reporters closed
2025-09-03 13:24:27,630 INFO  [org.apa.kaf.com.uti.AppInfoParser] (ForkJoinPool.commonPool-worker-3) App info kafka.consumer for consumer-Consumer-topic-47d42325_f39e_4bfd_8373_e227eba68560-33 unregistered
2025-09-03 13:24:27,644 INFO  [io.api.tes.uti.TestSeparator] (main) io.apicurio.tests.serdes.apicurio.ProtobufSerdeIT.testAutoRegisterDynamicMessageProtobufType-FINISHED
2025-09-03 13:24:27,644 INFO  [io.api.tes.uti.TestSeparator] (main) ############################################################################
Test passed: testAutoRegisterDynamicMessageProtobufType
]]></system-out>
  </testcase>
</testsuite>