<?xml version="1.0" encoding="UTF-8"?>
<testsuite xmlns:xsi="http://www.w3.org/2001/XMLSchema-instance" xsi:noNamespaceSchemaLocation="https://maven.apache.org/surefire/maven-failsafe-plugin/xsd/failsafe-test-report.xsd" version="3.0.2" name="io.apicurio.tests.serdes.confluent.BasicConfluentSerDesIT" time="39.887" tests="8" errors="0" skipped="0" failures="0">
  <properties>
    <property name="java.specification.version" value="17"/>
    <property name="sun.jnu.encoding" value="UTF-8"/>
    <property name="java.class.path" value="/home/runner/work/apicurio-testing/apicurio-testing/clusters/ci419/namespaces/mysql/tests/integration/apicurio-registry/integration-tests/target/test-classes:/home/runner/work/apicurio-testing/apicurio-testing/clusters/ci419/namespaces/mysql/tests/integration/apicurio-registry/integration-tests/target/apicurio-registry-integration-tests-3.0.12-SNAPSHOT.jar:/home/runner/.m2/repository/io/quarkus/quarkus-junit5/3.20.2/quarkus-junit5-3.20.2.jar:/home/runner/.m2/repository/io/quarkus/quarkus-bootstrap-core/3.20.2/quarkus-bootstrap-core-3.20.2.jar:/home/runner/.m2/repository/io/quarkus/quarkus-classloader-commons/3.20.2/quarkus-classloader-commons-3.20.2.jar:/home/runner/.m2/repository/io/quarkus/quarkus-bootstrap-app-model/3.20.2/quarkus-bootstrap-app-model-3.20.2.jar:/home/runner/.m2/repository/io/smallrye/common/smallrye-common-io/2.12.0/smallrye-common-io-2.12.0.jar:/home/runner/.m2/repository/org/eclipse/sisu/org.eclipse.sisu.inject/0.9.0.M3/org.eclipse.sisu.inject-0.9.0.M3.jar:/home/runner/.m2/repository/io/quarkus/quarkus-test-common/3.20.2/quarkus-test-common-3.20.2.jar:/home/runner/.m2/repository/io/quarkus/quarkus-core-deployment/3.20.2/quarkus-core-deployment-3.20.2.jar:/home/runner/.m2/repository/org/aesh/readline/2.6/readline-2.6.jar:/home/runner/.m2/repository/org/fusesource/jansi/jansi/2.4.0/jansi-2.4.0.jar:/home/runner/.m2/repository/org/aesh/aesh/2.8.2/aesh-2.8.2.jar:/home/runner/.m2/repository/io/quarkus/gizmo/gizmo/1.8.0/gizmo-1.8.0.jar:/home/runner/.m2/repository/org/ow2/asm/asm-util/9.7.1/asm-util-9.7.1.jar:/home/runner/.m2/repository/org/ow2/asm/asm-analysis/9.7.1/asm-analysis-9.7.1.jar:/home/runner/.m2/repository/org/ow2/asm/asm-commons/9.7.1/asm-commons-9.7.1.jar:/home/runner/.m2/repository/org/ow2/asm/asm-tree/9.7.1/asm-tree-9.7.1.jar:/home/runner/.m2/repository/io/quarkus/quarkus-hibernate-validator-spi/3.20.2/quarkus-hibernate-validator-spi-3.20.2.jar:/home/runner/.m2/repository/io/quarkus/quarkus-class-change-agent/3.20.2/quarkus-class-change-agent-3.20.2.jar:/home/runner/.m2/repository/io/quarkus/quarkus-devtools-utilities/3.20.2/quarkus-devtools-utilities-3.20.2.jar:/home/runner/.m2/repository/io/quarkus/quarkus-builder/3.20.2/quarkus-builder-3.20.2.jar:/home/runner/.m2/repository/org/graalvm/sdk/nativeimage/23.1.2/nativeimage-23.1.2.jar:/home/runner/.m2/repository/org/graalvm/sdk/word/23.1.2/word-23.1.2.jar:/home/runner/.m2/repository/io/quarkus/quarkus-bootstrap-maven-resolver/3.20.2/quarkus-bootstrap-maven-resolver-3.20.2.jar:/home/runner/.m2/repository/io/smallrye/beanbag/smallrye-beanbag-maven/1.5.2/smallrye-beanbag-maven-1.5.2.jar:/home/runner/.m2/repository/io/smallrye/beanbag/smallrye-beanbag-sisu/1.5.2/smallrye-beanbag-sisu-1.5.2.jar:/home/runner/.m2/repository/io/smallrye/beanbag/smallrye-beanbag/1.5.2/smallrye-beanbag-1.5.2.jar:/home/runner/.m2/repository/javax/inject/javax.inject/1/javax.inject-1.jar:/home/runner/.m2/repository/org/apache/maven/maven-artifact/3.9.9/maven-artifact-3.9.9.jar:/home/runner/.m2/repository/org/apache/maven/maven-builder-support/3.9.9/maven-builder-support-3.9.9.jar:/home/runner/.m2/repository/org/apache/maven/maven-model/3.9.9/maven-model-3.9.9.jar:/home/runner/.m2/repository/org/apache/maven/maven-model-builder/3.9.9/maven-model-builder-3.9.9.jar:/home/runner/.m2/repository/org/apache/maven/maven-repository-metadata/3.9.9/maven-repository-metadata-3.9.9.jar:/home/runner/.m2/repository/org/apache/maven/maven-settings/3.9.9/maven-settings-3.9.9.jar:/home/runner/.m2/repository/org/apache/maven/resolver/maven-resolver-api/1.9.22/maven-resolver-api-1.9.22.jar:/home/runner/.m2/repository/org/apache/maven/resolver/maven-resolver-impl/1.9.22/maven-resolver-impl-1.9.22.jar:/home/runner/.m2/repository/org/apache/maven/resolver/maven-resolver-named-locks/1.9.22/maven-resolver-named-locks-1.9.22.jar:/home/runner/.m2/repository/org/apache/maven/resolver/maven-resolver-spi/1.9.22/maven-resolver-spi-1.9.22.jar:/home/runner/.m2/repository/org/apache/maven/resolver/maven-resolver-util/1.9.22/maven-resolver-util-1.9.22.jar:/home/runner/.m2/repository/org/apache/maven/resolver/maven-resolver-transport-http/1.9.20/maven-resolver-transport-http-1.9.20.jar:/home/runner/.m2/repository/org/apache/maven/wagon/wagon-provider-api/3.5.3/wagon-provider-api-3.5.3.jar:/home/runner/.m2/repository/org/apache/maven/wagon/wagon-http-shared/3.5.3/wagon-http-shared-3.5.3.jar:/home/runner/.m2/repository/org/codehaus/plexus/plexus-interpolation/1.26/plexus-interpolation-1.26.jar:/home/runner/.m2/repository/org/codehaus/plexus/plexus-utils/3.5.1/plexus-utils-3.5.1.jar:/home/runner/.m2/repository/org/codehaus/plexus/plexus-xml/4.0.1/plexus-xml-4.0.1.jar:/home/runner/.m2/repository/org/apache/maven/maven-xml-impl/4.0.0-alpha-5/maven-xml-impl-4.0.0-alpha-5.jar:/home/runner/.m2/repository/org/apache/maven/maven-api-xml/4.0.0-alpha-5/maven-api-xml-4.0.0-alpha-5.jar:/home/runner/.m2/repository/org/apache/maven/maven-api-meta/4.0.0-alpha-5/maven-api-meta-4.0.0-alpha-5.jar:/home/runner/.m2/repository/org/codehaus/plexus/plexus-cipher/2.0/plexus-cipher-2.0.jar:/home/runner/.m2/repository/org/codehaus/plexus/plexus-sec-dispatcher/2.0/plexus-sec-dispatcher-2.0.jar:/home/runner/.m2/repository/org/apache/maven/maven-embedder/3.9.9/maven-embedder-3.9.9.jar:/home/runner/.m2/repository/org/apache/maven/maven-core/3.9.9/maven-core-3.9.9.jar:/home/runner/.m2/repository/org/codehaus/plexus/plexus-component-annotations/2.1.0/plexus-component-annotations-2.1.0.jar:/home/runner/.m2/repository/org/apache/maven/maven-plugin-api/3.9.9/maven-plugin-api-3.9.9.jar:/home/runner/.m2/repository/org/apache/maven/shared/maven-shared-utils/3.4.2/maven-shared-utils-3.4.2.jar:/home/runner/.m2/repository/com/google/inject/guice/5.1.0/guice-5.1.0.jar:/home/runner/.m2/repository/aopalliance/aopalliance/1.0/aopalliance-1.0.jar:/home/runner/.m2/repository/org/codehaus/plexus/plexus-classworlds/2.6.0/plexus-classworlds-2.6.0.jar:/home/runner/.m2/repository/commons-cli/commons-cli/1.8.0/commons-cli-1.8.0.jar:/home/runner/.m2/repository/org/eclipse/sisu/org.eclipse.sisu.plexus/0.9.0.M3/org.eclipse.sisu.plexus-0.9.0.M3.jar:/home/runner/.m2/repository/org/apache/maven/maven-settings-builder/3.9.9/maven-settings-builder-3.9.9.jar:/home/runner/.m2/repository/org/apache/maven/maven-resolver-provider/3.9.9/maven-resolver-provider-3.9.9.jar:/home/runner/.m2/repository/org/apache/maven/resolver/maven-resolver-connector-basic/1.9.22/maven-resolver-connector-basic-1.9.22.jar:/home/runner/.m2/repository/org/apache/maven/resolver/maven-resolver-transport-wagon/1.9.22/maven-resolver-transport-wagon-1.9.22.jar:/home/runner/.m2/repository/org/apache/maven/wagon/wagon-http/3.5.3/wagon-http-3.5.3.jar:/home/runner/.m2/repository/org/apache/maven/wagon/wagon-file/3.5.3/wagon-file-3.5.3.jar:/home/runner/.m2/repository/io/quarkus/quarkus-bootstrap-gradle-resolver/3.20.2/quarkus-bootstrap-gradle-resolver-3.20.2.jar:/home/runner/.m2/repository/io/smallrye/jandex/3.3.0/jandex-3.3.0.jar:/home/runner/.m2/repository/org/jboss/logging/commons-logging-jboss-logging/1.0.0.Final/commons-logging-jboss-logging-1.0.0.Final.jar:/home/runner/.m2/repository/io/quarkus/quarkus-junit5-config/3.20.2/quarkus-junit5-config-3.20.2.jar:/home/runner/.m2/repository/org/junit/jupiter/junit-jupiter-api/5.12.1/junit-jupiter-api-5.12.1.jar:/home/runner/.m2/repository/io/smallrye/config/smallrye-config/3.11.4/smallrye-config-3.11.4.jar:/home/runner/.m2/repository/io/smallrye/config/smallrye-config-core/3.11.4/smallrye-config-core-3.11.4.jar:/home/runner/.m2/repository/io/smallrye/common/smallrye-common-classloader/2.12.0/smallrye-common-classloader-2.12.0.jar:/home/runner/.m2/repository/io/smallrye/config/smallrye-config-common/3.11.4/smallrye-config-common-3.11.4.jar:/home/runner/.m2/repository/org/junit/jupiter/junit-jupiter/5.12.1/junit-jupiter-5.12.1.jar:/home/runner/.m2/repository/org/junit/jupiter/junit-jupiter-params/5.12.1/junit-jupiter-params-5.12.1.jar:/home/runner/.m2/repository/org/junit/jupiter/junit-jupiter-engine/5.12.1/junit-jupiter-engine-5.12.1.jar:/home/runner/.m2/repository/io/quarkus/quarkus-core/3.20.2/quarkus-core-3.20.2.jar:/home/runner/.m2/repository/jakarta/enterprise/jakarta.enterprise.cdi-api/4.1.0/jakarta.enterprise.cdi-api-4.1.0.jar:/home/runner/.m2/repository/jakarta/enterprise/jakarta.enterprise.lang-model/4.1.0/jakarta.enterprise.lang-model-4.1.0.jar:/home/runner/.m2/repository/jakarta/el/jakarta.el-api/5.0.1/jakarta.el-api-5.0.1.jar:/home/runner/.m2/repository/jakarta/interceptor/jakarta.interceptor-api/2.2.0/jakarta.interceptor-api-2.2.0.jar:/home/runner/.m2/repository/jakarta/inject/jakarta.inject-api/2.0.1/jakarta.inject-api-2.0.1.jar:/home/runner/.m2/repository/io/smallrye/common/smallrye-common-os/2.12.0/smallrye-common-os-2.12.0.jar:/home/runner/.m2/repository/io/quarkus/quarkus-ide-launcher/3.20.2/quarkus-ide-launcher-3.20.2.jar:/home/runner/.m2/repository/io/quarkus/quarkus-development-mode-spi/3.20.2/quarkus-development-mode-spi-3.20.2.jar:/home/runner/.m2/repository/org/jboss/logging/jboss-logging/3.6.1.Final/jboss-logging-3.6.1.Final.jar:/home/runner/.m2/repository/org/jboss/logmanager/jboss-logmanager/3.1.2.Final/jboss-logmanager-3.1.2.Final.jar:/home/runner/.m2/repository/io/smallrye/common/smallrye-common-constraint/2.12.0/smallrye-common-constraint-2.12.0.jar:/home/runner/.m2/repository/io/smallrye/common/smallrye-common-cpu/2.12.0/smallrye-common-cpu-2.12.0.jar:/home/runner/.m2/repository/io/smallrye/common/smallrye-common-expression/2.12.0/smallrye-common-expression-2.12.0.jar:/home/runner/.m2/repository/io/smallrye/common/smallrye-common-net/2.12.0/smallrye-common-net-2.12.0.jar:/home/runner/.m2/repository/io/smallrye/common/smallrye-common-ref/2.12.0/smallrye-common-ref-2.12.0.jar:/home/runner/.m2/repository/jakarta/json/jakarta.json-api/2.1.3/jakarta.json-api-2.1.3.jar:/home/runner/.m2/repository/org/eclipse/parsson/parsson/1.1.7/parsson-1.1.7.jar:/home/runner/.m2/repository/org/jboss/logging/jboss-logging-annotations/3.0.4.Final/jboss-logging-annotations-3.0.4.Final.jar:/home/runner/.m2/repository/org/jboss/threads/jboss-threads/3.8.0.Final/jboss-threads-3.8.0.Final.jar:/home/runner/.m2/repository/io/smallrye/common/smallrye-common-annotation/2.12.0/smallrye-common-annotation-2.12.0.jar:/home/runner/.m2/repository/io/smallrye/common/smallrye-common-function/2.12.0/smallrye-common-function-2.12.0.jar:/home/runner/.m2/repository/org/jboss/slf4j/slf4j-jboss-logmanager/2.0.0.Final/slf4j-jboss-logmanager-2.0.0.Final.jar:/home/runner/.m2/repository/org/wildfly/common/wildfly-common/2.0.1/wildfly-common-2.0.1.jar:/home/runner/.m2/repository/io/quarkus/quarkus-bootstrap-runner/3.20.2/quarkus-bootstrap-runner-3.20.2.jar:/home/runner/.m2/repository/io/github/crac/org-crac/0.1.3/org-crac-0.1.3.jar:/home/runner/.m2/repository/io/quarkus/quarkus-fs-util/0.0.10/quarkus-fs-util-0.0.10.jar:/home/runner/.m2/repository/org/jboss/marshalling/jboss-marshalling/2.2.2.Final/jboss-marshalling-2.2.2.Final.jar:/home/runner/.m2/repository/io/fabric8/kubernetes-client/7.1.0/kubernetes-client-7.1.0.jar:/home/runner/.m2/repository/io/fabric8/kubernetes-client-api/7.1.0/kubernetes-client-api-7.1.0.jar:/home/runner/.m2/repository/io/fabric8/kubernetes-model-core/7.1.0/kubernetes-model-core-7.1.0.jar:/home/runner/.m2/repository/io/fabric8/kubernetes-model-common/7.1.0/kubernetes-model-common-7.1.0.jar:/home/runner/.m2/repository/javax/annotation/javax.annotation-api/1.3.2/javax.annotation-api-1.3.2.jar:/home/runner/.m2/repository/io/fabric8/kubernetes-model-gatewayapi/7.1.0/kubernetes-model-gatewayapi-7.1.0.jar:/home/runner/.m2/repository/io/fabric8/kubernetes-model-resource/7.1.0/kubernetes-model-resource-7.1.0.jar:/home/runner/.m2/repository/io/fabric8/kubernetes-model-rbac/7.1.0/kubernetes-model-rbac-7.1.0.jar:/home/runner/.m2/repository/io/fabric8/kubernetes-model-admissionregistration/7.1.0/kubernetes-model-admissionregistration-7.1.0.jar:/home/runner/.m2/repository/io/fabric8/kubernetes-model-apps/7.1.0/kubernetes-model-apps-7.1.0.jar:/home/runner/.m2/repository/io/fabric8/kubernetes-model-autoscaling/7.1.0/kubernetes-model-autoscaling-7.1.0.jar:/home/runner/.m2/repository/io/fabric8/kubernetes-model-apiextensions/7.1.0/kubernetes-model-apiextensions-7.1.0.jar:/home/runner/.m2/repository/io/fabric8/kubernetes-model-batch/7.1.0/kubernetes-model-batch-7.1.0.jar:/home/runner/.m2/repository/io/fabric8/kubernetes-model-certificates/7.1.0/kubernetes-model-certificates-7.1.0.jar:/home/runner/.m2/repository/io/fabric8/kubernetes-model-coordination/7.1.0/kubernetes-model-coordination-7.1.0.jar:/home/runner/.m2/repository/io/fabric8/kubernetes-model-discovery/7.1.0/kubernetes-model-discovery-7.1.0.jar:/home/runner/.m2/repository/io/fabric8/kubernetes-model-events/7.1.0/kubernetes-model-events-7.1.0.jar:/home/runner/.m2/repository/io/fabric8/kubernetes-model-extensions/7.1.0/kubernetes-model-extensions-7.1.0.jar:/home/runner/.m2/repository/io/fabric8/kubernetes-model-flowcontrol/7.1.0/kubernetes-model-flowcontrol-7.1.0.jar:/home/runner/.m2/repository/io/fabric8/kubernetes-model-networking/7.1.0/kubernetes-model-networking-7.1.0.jar:/home/runner/.m2/repository/io/fabric8/kubernetes-model-metrics/7.1.0/kubernetes-model-metrics-7.1.0.jar:/home/runner/.m2/repository/io/fabric8/kubernetes-model-policy/7.1.0/kubernetes-model-policy-7.1.0.jar:/home/runner/.m2/repository/io/fabric8/kubernetes-model-scheduling/7.1.0/kubernetes-model-scheduling-7.1.0.jar:/home/runner/.m2/repository/io/fabric8/kubernetes-model-storageclass/7.1.0/kubernetes-model-storageclass-7.1.0.jar:/home/runner/.m2/repository/io/fabric8/kubernetes-model-node/7.1.0/kubernetes-model-node-7.1.0.jar:/home/runner/.m2/repository/org/snakeyaml/snakeyaml-engine/2.9/snakeyaml-engine-2.9.jar:/home/runner/.m2/repository/com/fasterxml/jackson/dataformat/jackson-dataformat-yaml/2.18.2/jackson-dataformat-yaml-2.18.2.jar:/home/runner/.m2/repository/com/fasterxml/jackson/datatype/jackson-datatype-jsr310/2.18.2/jackson-datatype-jsr310-2.18.2.jar:/home/runner/.m2/repository/io/fabric8/zjsonpatch/7.1.0/zjsonpatch-7.1.0.jar:/home/runner/.m2/repository/io/fabric8/kubernetes-httpclient-vertx/7.1.0/kubernetes-httpclient-vertx-7.1.0.jar:/home/runner/.m2/repository/io/vertx/vertx-web-client/4.5.16/vertx-web-client-4.5.16.jar:/home/runner/.m2/repository/io/vertx/vertx-web-common/4.5.16/vertx-web-common-4.5.16.jar:/home/runner/.m2/repository/io/vertx/vertx-auth-common/4.5.16/vertx-auth-common-4.5.16.jar:/home/runner/.m2/repository/io/vertx/vertx-uri-template/4.5.16/vertx-uri-template-4.5.16.jar:/home/runner/.m2/repository/io/fabric8/openshift-client/7.1.0/openshift-client-7.1.0.jar:/home/runner/.m2/repository/io/fabric8/openshift-client-api/7.1.0/openshift-client-api-7.1.0.jar:/home/runner/.m2/repository/io/fabric8/openshift-model/7.1.0/openshift-model-7.1.0.jar:/home/runner/.m2/repository/io/fabric8/openshift-model-autoscaling/7.1.0/openshift-model-autoscaling-7.1.0.jar:/home/runner/.m2/repository/io/fabric8/openshift-model-operator/7.1.0/openshift-model-operator-7.1.0.jar:/home/runner/.m2/repository/io/fabric8/openshift-model-operatorhub/7.1.0/openshift-model-operatorhub-7.1.0.jar:/home/runner/.m2/repository/io/fabric8/openshift-model-machine/7.1.0/openshift-model-machine-7.1.0.jar:/home/runner/.m2/repository/io/fabric8/openshift-model-whereabouts/7.1.0/openshift-model-whereabouts-7.1.0.jar:/home/runner/.m2/repository/io/fabric8/openshift-model-monitoring/7.1.0/openshift-model-monitoring-7.1.0.jar:/home/runner/.m2/repository/io/fabric8/openshift-model-storageversionmigrator/7.1.0/openshift-model-storageversionmigrator-7.1.0.jar:/home/runner/.m2/repository/io/fabric8/openshift-model-tuned/7.1.0/openshift-model-tuned-7.1.0.jar:/home/runner/.m2/repository/io/fabric8/openshift-model-console/7.1.0/openshift-model-console-7.1.0.jar:/home/runner/.m2/repository/io/fabric8/openshift-model-config/7.1.0/openshift-model-config-7.1.0.jar:/home/runner/.m2/repository/io/fabric8/openshift-model-machineconfiguration/7.1.0/openshift-model-machineconfiguration-7.1.0.jar:/home/runner/.m2/repository/io/fabric8/openshift-model-miscellaneous/7.1.0/openshift-model-miscellaneous-7.1.0.jar:/home/runner/.m2/repository/io/fabric8/openshift-model-hive/7.1.0/openshift-model-hive-7.1.0.jar:/home/runner/.m2/repository/io/fabric8/openshift-model-installer/7.1.0/openshift-model-installer-7.1.0.jar:/home/runner/.m2/repository/org/junit/platform/junit-platform-launcher/1.12.1/junit-platform-launcher-1.12.1.jar:/home/runner/.m2/repository/org/junit/platform/junit-platform-engine/1.12.1/junit-platform-engine-1.12.1.jar:/home/runner/.m2/repository/org/opentest4j/opentest4j/1.3.0/opentest4j-1.3.0.jar:/home/runner/.m2/repository/org/junit/platform/junit-platform-commons/1.12.1/junit-platform-commons-1.12.1.jar:/home/runner/.m2/repository/org/apiguardian/apiguardian-api/1.1.2/apiguardian-api-1.1.2.jar:/home/runner/.m2/repository/jakarta/ws/rs/jakarta.ws.rs-api/3.1.0/jakarta.ws.rs-api-3.1.0.jar:/home/runner/work/apicurio-testing/apicurio-testing/clusters/ci419/namespaces/mysql/tests/integration/apicurio-registry/java-sdk/target/apicurio-registry-java-sdk-3.0.12-SNAPSHOT.jar:/home/runner/.m2/repository/com/microsoft/kiota/microsoft-kiota-abstractions/1.8.8/microsoft-kiota-abstractions-1.8.8.jar:/home/runner/.m2/repository/io/github/std-uritemplate/std-uritemplate/2.0.0/std-uritemplate-2.0.0.jar:/home/runner/.m2/repository/io/kiota/kiota-http-jdk/0.0.29/kiota-http-jdk-0.0.29.jar:/home/runner/.m2/repository/io/kiota/kiota-http-vertx/0.0.29/kiota-http-vertx-0.0.29.jar:/home/runner/.m2/repository/io/kiota/kiota-serialization-jackson/0.0.29/kiota-serialization-jackson-0.0.29.jar:/home/runner/.m2/repository/com/microsoft/kiota/microsoft-kiota-serialization-text/1.8.8/microsoft-kiota-serialization-text-1.8.8.jar:/home/runner/.m2/repository/com/microsoft/kiota/microsoft-kiota-serialization-form/1.8.8/microsoft-kiota-serialization-form-1.8.8.jar:/home/runner/.m2/repository/com/microsoft/kiota/microsoft-kiota-serialization-multipart/1.8.8/microsoft-kiota-serialization-multipart-1.8.8.jar:/home/runner/.m2/repository/jakarta/annotation/jakarta.annotation-api/3.0.0/jakarta.annotation-api-3.0.0.jar:/home/runner/.m2/repository/io/vertx/vertx-auth-oauth2/4.5.16/vertx-auth-oauth2-4.5.16.jar:/home/runner/work/apicurio-testing/apicurio-testing/clusters/ci419/namespaces/mysql/tests/integration/apicurio-registry/java-sdk-v2/target/apicurio-registry-v2-java-sdk-3.0.12-SNAPSHOT.jar:/home/runner/work/apicurio-testing/apicurio-testing/clusters/ci419/namespaces/mysql/tests/integration/apicurio-registry/utils/kafka/target/apicurio-registry-utils-kafka-3.0.12-SNAPSHOT-tests.jar:/home/runner/.m2/repository/org/eclipse/microprofile/config/microprofile-config-api/3.1/microprofile-config-api-3.1.jar:/home/runner/.m2/repository/org/apache/kafka/kafka-clients/3.9.1/kafka-clients-3.9.1.jar:/home/runner/.m2/repository/com/github/luben/zstd-jni/1.5.6-4/zstd-jni-1.5.6-4.jar:/home/runner/.m2/repository/org/lz4/lz4-java/1.8.0/lz4-java-1.8.0.jar:/home/runner/.m2/repository/org/xerial/snappy/snappy-java/1.1.10.5/snappy-java-1.1.10.5.jar:/home/runner/.m2/repository/org/slf4j/slf4j-api/2.0.6/slf4j-api-2.0.6.jar:/home/runner/work/apicurio-testing/apicurio-testing/clusters/ci419/namespaces/mysql/tests/integration/apicurio-registry/utils/tests/target/apicurio-registry-utils-tests-3.0.12-SNAPSHOT.jar:/home/runner/work/apicurio-testing/apicurio-testing/clusters/ci419/namespaces/mysql/tests/integration/apicurio-registry/common/target/apicurio-registry-common-3.0.12-SNAPSHOT.jar:/home/runner/.m2/repository/jakarta/validation/jakarta.validation-api/3.0.2/jakarta.validation-api-3.0.2.jar:/home/runner/.m2/repository/com/github/dasniko/testcontainers-keycloak/3.8.0/testcontainers-keycloak-3.8.0.jar:/home/runner/.m2/repository/org/testcontainers/testcontainers/1.20.6/testcontainers-1.20.6.jar:/home/runner/.m2/repository/org/rnorth/duct-tape/duct-tape/1.0.8/duct-tape-1.0.8.jar:/home/runner/.m2/repository/com/github/docker-java/docker-java-transport-zerodep/3.4.1/docker-java-transport-zerodep-3.4.1.jar:/home/runner/.m2/repository/com/github/docker-java/docker-java-transport/3.4.1/docker-java-transport-3.4.1.jar:/home/runner/.m2/repository/net/java/dev/jna/jna/5.8.0/jna-5.8.0.jar:/home/runner/.m2/repository/io/quarkus/quarkus-junit4-mock/3.20.2/quarkus-junit4-mock-3.20.2.jar:/home/runner/.m2/repository/org/jboss/shrinkwrap/shrinkwrap-api/2.0.0-beta-2/shrinkwrap-api-2.0.0-beta-2.jar:/home/runner/.m2/repository/org/jboss/shrinkwrap/shrinkwrap-impl-base/2.0.0-beta-2/shrinkwrap-impl-base-2.0.0-beta-2.jar:/home/runner/.m2/repository/org/jboss/shrinkwrap/shrinkwrap-spi/2.0.0-beta-2/shrinkwrap-spi-2.0.0-beta-2.jar:/home/runner/.m2/repository/org/keycloak/keycloak-admin-client/26.0.4/keycloak-admin-client-26.0.4.jar:/home/runner/.m2/repository/org/keycloak/keycloak-client-common-synced/26.0.4/keycloak-client-common-synced-26.0.4.jar:/home/runner/.m2/repository/jakarta/activation/jakarta.activation-api/2.1.3/jakarta.activation-api-2.1.3.jar:/home/runner/.m2/repository/org/eclipse/microprofile/openapi/microprofile-openapi-api/4.0.2/microprofile-openapi-api-4.0.2.jar:/home/runner/.m2/repository/org/jboss/resteasy/resteasy-client/6.2.12.Final/resteasy-client-6.2.12.Final.jar:/home/runner/.m2/repository/org/jboss/resteasy/resteasy-client-api/6.2.12.Final/resteasy-client-api-6.2.12.Final.jar:/home/runner/.m2/repository/org/jboss/resteasy/resteasy-core-spi/6.2.12.Final/resteasy-core-spi-6.2.12.Final.jar:/home/runner/.m2/repository/org/jboss/resteasy/resteasy-core/6.2.12.Final/resteasy-core-6.2.12.Final.jar:/home/runner/.m2/repository/org/eclipse/angus/angus-activation/2.0.2/angus-activation-2.0.2.jar:/home/runner/.m2/repository/com/ibm/async/asyncutil/0.1.0/asyncutil-0.1.0.jar:/home/runner/.m2/repository/org/reactivestreams/reactive-streams/1.0.4/reactive-streams-1.0.4.jar:/home/runner/.m2/repository/org/jboss/resteasy/resteasy-multipart-provider/6.2.12.Final/resteasy-multipart-provider-6.2.12.Final.jar:/home/runner/.m2/repository/jakarta/mail/jakarta.mail-api/2.1.3/jakarta.mail-api-2.1.3.jar:/home/runner/.m2/repository/org/eclipse/angus/angus-mail/2.0.3/angus-mail-2.0.3.jar:/home/runner/.m2/repository/org/apache/james/apache-mime4j-dom/0.8.12/apache-mime4j-dom-0.8.12.jar:/home/runner/.m2/repository/org/apache/james/apache-mime4j-core/0.8.12/apache-mime4j-core-0.8.12.jar:/home/runner/.m2/repository/org/apache/james/apache-mime4j-storage/0.8.12/apache-mime4j-storage-0.8.12.jar:/home/runner/.m2/repository/org/jboss/resteasy/resteasy-jackson2-provider/6.2.12.Final/resteasy-jackson2-provider-6.2.12.Final.jar:/home/runner/.m2/repository/com/fasterxml/jackson/jakarta/rs/jackson-jakarta-rs-base/2.18.2/jackson-jakarta-rs-base-2.18.2.jar:/home/runner/.m2/repository/com/fasterxml/jackson/jakarta/rs/jackson-jakarta-rs-json-provider/2.18.2/jackson-jakarta-rs-json-provider-2.18.2.jar:/home/runner/.m2/repository/com/fasterxml/jackson/module/jackson-module-jakarta-xmlbind-annotations/2.18.2/jackson-module-jakarta-xmlbind-annotations-2.18.2.jar:/home/runner/.m2/repository/com/github/java-json-tools/json-patch/1.13/json-patch-1.13.jar:/home/runner/.m2/repository/com/github/java-json-tools/msg-simple/1.2/msg-simple-1.2.jar:/home/runner/.m2/repository/com/github/java-json-tools/btf/1.3/btf-1.3.jar:/home/runner/.m2/repository/com/github/java-json-tools/jackson-coreutils/2.0/jackson-coreutils-2.0.jar:/home/runner/.m2/repository/org/jboss/resteasy/resteasy-jaxb-provider/6.2.12.Final/resteasy-jaxb-provider-6.2.12.Final.jar:/home/runner/.m2/repository/org/glassfish/jaxb/codemodel/4.0.5/codemodel-4.0.5.jar:/home/runner/.m2/repository/org/glassfish/jaxb/jaxb-core/4.0.5/jaxb-core-4.0.5.jar:/home/runner/.m2/repository/org/glassfish/jaxb/jaxb-jxc/4.0.5/jaxb-jxc-4.0.5.jar:/home/runner/.m2/repository/org/glassfish/jaxb/jaxb-runtime/4.0.5/jaxb-runtime-4.0.5.jar:/home/runner/.m2/repository/org/glassfish/jaxb/txw2/4.0.5/txw2-4.0.5.jar:/home/runner/.m2/repository/org/glassfish/jaxb/jaxb-xjc/4.0.5/jaxb-xjc-4.0.5.jar:/home/runner/.m2/repository/org/glassfish/jaxb/xsom/4.0.5/xsom-4.0.5.jar:/home/runner/.m2/repository/com/sun/istack/istack-commons-runtime/4.1.2/istack-commons-runtime-4.1.2.jar:/home/runner/.m2/repository/com/sun/istack/istack-commons-tools/4.1.2/istack-commons-tools-4.1.2.jar:/home/runner/.m2/repository/com/sun/xml/bind/external/relaxng-datatype/4.0.5/relaxng-datatype-4.0.5.jar:/home/runner/.m2/repository/com/sun/xml/bind/external/rngom/4.0.5/rngom-4.0.5.jar:/home/runner/.m2/repository/org/testcontainers/mssqlserver/1.20.6/mssqlserver-1.20.6.jar:/home/runner/.m2/repository/org/testcontainers/jdbc/1.20.6/jdbc-1.20.6.jar:/home/runner/.m2/repository/org/testcontainers/database-commons/1.20.6/database-commons-1.20.6.jar:/home/runner/.m2/repository/org/testcontainers/mysql/1.20.6/mysql-1.20.6.jar:/home/runner/.m2/repository/io/strimzi/strimzi-test-container/0.111.0/strimzi-test-container-0.111.0.jar:/home/runner/.m2/repository/org/testcontainers/toxiproxy/1.20.6/toxiproxy-1.20.6.jar:/home/runner/.m2/repository/com/github/docker-java/docker-java-api/3.4.1/docker-java-api-3.4.1.jar:/home/runner/.m2/repository/org/apache/logging/log4j/log4j-slf4j-impl/2.19.0/log4j-slf4j-impl-2.19.0.jar:/home/runner/.m2/repository/org/apache/logging/log4j/log4j-api/2.24.3/log4j-api-2.24.3.jar:/home/runner/.m2/repository/org/apache/logging/log4j/log4j-core/2.19.0/log4j-core-2.19.0.jar:/home/runner/.m2/repository/eu/rekawek/toxiproxy/toxiproxy-java/2.1.7/toxiproxy-java-2.1.7.jar:/home/runner/.m2/repository/org/testcontainers/pulsar/1.21.3/pulsar-1.21.3.jar:/home/runner/.m2/repository/io/debezium/debezium-testing-testcontainers/2.7.4.Final/debezium-testing-testcontainers-2.7.4.Final.jar:/home/runner/.m2/repository/org/testcontainers/kafka/1.20.6/kafka-1.20.6.jar:/home/runner/.m2/repository/com/squareup/okhttp3/okhttp/4.8.1/okhttp-4.8.1.jar:/home/runner/.m2/repository/com/squareup/okio/okio/3.10.2/okio-3.10.2.jar:/home/runner/.m2/repository/com/squareup/okio/okio-jvm/3.10.2/okio-jvm-3.10.2.jar:/home/runner/.m2/repository/org/jetbrains/kotlin/kotlin-stdlib/2.0.21/kotlin-stdlib-2.0.21.jar:/home/runner/.m2/repository/org/awaitility/awaitility/4.3.0/awaitility-4.3.0.jar:/home/runner/.m2/repository/org/testcontainers/mongodb/1.20.6/mongodb-1.20.6.jar:/home/runner/.m2/repository/org/testcontainers/mariadb/1.20.6/mariadb-1.20.6.jar:/home/runner/.m2/repository/org/testcontainers/oracle-xe/1.20.6/oracle-xe-1.20.6.jar:/home/runner/.m2/repository/org/testcontainers/postgresql/1.20.6/postgresql-1.20.6.jar:/home/runner/.m2/repository/org/wiremock/wiremock/3.0.1/wiremock-3.0.1.jar:/home/runner/.m2/repository/org/eclipse/jetty/jetty-server/11.0.15/jetty-server-11.0.15.jar:/home/runner/.m2/repository/org/eclipse/jetty/toolchain/jetty-jakarta-servlet-api/5.0.2/jetty-jakarta-servlet-api-5.0.2.jar:/home/runner/.m2/repository/org/eclipse/jetty/jetty-http/11.0.15/jetty-http-11.0.15.jar:/home/runner/.m2/repository/org/eclipse/jetty/jetty-io/11.0.15/jetty-io-11.0.15.jar:/home/runner/.m2/repository/org/eclipse/jetty/jetty-servlet/11.0.15/jetty-servlet-11.0.15.jar:/home/runner/.m2/repository/org/eclipse/jetty/jetty-security/11.0.15/jetty-security-11.0.15.jar:/home/runner/.m2/repository/org/eclipse/jetty/jetty-servlets/11.0.15/jetty-servlets-11.0.15.jar:/home/runner/.m2/repository/org/eclipse/jetty/jetty-util/11.0.15/jetty-util-11.0.15.jar:/home/runner/.m2/repository/org/eclipse/jetty/jetty-webapp/11.0.15/jetty-webapp-11.0.15.jar:/home/runner/.m2/repository/org/eclipse/jetty/jetty-xml/11.0.15/jetty-xml-11.0.15.jar:/home/runner/.m2/repository/org/eclipse/jetty/jetty-proxy/11.0.15/jetty-proxy-11.0.15.jar:/home/runner/.m2/repository/org/eclipse/jetty/jetty-client/11.0.15/jetty-client-11.0.15.jar:/home/runner/.m2/repository/org/eclipse/jetty/http2/http2-server/11.0.15/http2-server-11.0.15.jar:/home/runner/.m2/repository/org/eclipse/jetty/http2/http2-common/11.0.15/http2-common-11.0.15.jar:/home/runner/.m2/repository/org/eclipse/jetty/http2/http2-hpack/11.0.15/http2-hpack-11.0.15.jar:/home/runner/.m2/repository/org/eclipse/jetty/jetty-alpn-server/11.0.15/jetty-alpn-server-11.0.15.jar:/home/runner/.m2/repository/org/eclipse/jetty/jetty-alpn-java-server/11.0.15/jetty-alpn-java-server-11.0.15.jar:/home/runner/.m2/repository/org/eclipse/jetty/jetty-alpn-java-client/11.0.15/jetty-alpn-java-client-11.0.15.jar:/home/runner/.m2/repository/org/eclipse/jetty/jetty-alpn-client/11.0.15/jetty-alpn-client-11.0.15.jar:/home/runner/.m2/repository/org/apache/httpcomponents/client5/httpclient5/5.2.1/httpclient5-5.2.1.jar:/home/runner/.m2/repository/org/apache/httpcomponents/core5/httpcore5/5.2/httpcore5-5.2.jar:/home/runner/.m2/repository/org/apache/httpcomponents/core5/httpcore5-h2/5.2/httpcore5-h2-5.2.jar:/home/runner/.m2/repository/org/xmlunit/xmlunit-core/2.9.1/xmlunit-core-2.9.1.jar:/home/runner/.m2/repository/jakarta/xml/bind/jakarta.xml.bind-api/4.0.2/jakarta.xml.bind-api-4.0.2.jar:/home/runner/.m2/repository/org/xmlunit/xmlunit-legacy/2.9.1/xmlunit-legacy-2.9.1.jar:/home/runner/.m2/repository/org/xmlunit/xmlunit-placeholders/2.9.1/xmlunit-placeholders-2.9.1.jar:/home/runner/.m2/repository/net/javacrumbs/json-unit/json-unit-core/2.38.0/json-unit-core-2.38.0.jar:/home/runner/.m2/repository/org/hamcrest/hamcrest-core/2.2/hamcrest-core-2.2.jar:/home/runner/.m2/repository/com/jayway/jsonpath/json-path/2.8.0/json-path-2.8.0.jar:/home/runner/.m2/repository/net/minidev/json-smart/2.4.10/json-smart-2.4.10.jar:/home/runner/.m2/repository/net/minidev/accessors-smart/2.4.9/accessors-smart-2.4.9.jar:/home/runner/.m2/repository/org/ow2/asm/asm/9.7.1/asm-9.7.1.jar:/home/runner/.m2/repository/net/sf/jopt-simple/jopt-simple/5.0.4/jopt-simple-5.0.4.jar:/home/runner/.m2/repository/com/github/jknack/handlebars/4.3.1/handlebars-4.3.1.jar:/home/runner/.m2/repository/com/github/jknack/handlebars-helpers/4.3.1/handlebars-helpers-4.3.1.jar:/home/runner/.m2/repository/commons-fileupload/commons-fileupload/1.5/commons-fileupload-1.5.jar:/home/runner/.m2/repository/com/networknt/json-schema-validator/1.5.8/json-schema-validator-1.5.8.jar:/home/runner/.m2/repository/com/ethlo/time/itu/1.10.3/itu-1.10.3.jar:/home/runner/.m2/repository/io/quarkus/quarkus-smallrye-jwt-build/3.20.2/quarkus-smallrye-jwt-build-3.20.2.jar:/home/runner/.m2/repository/io/smallrye/smallrye-jwt-build/4.6.2/smallrye-jwt-build-4.6.2.jar:/home/runner/.m2/repository/org/eclipse/microprofile/jwt/microprofile-jwt-auth-api/2.1/microprofile-jwt-auth-api-2.1.jar:/home/runner/.m2/repository/org/bitbucket/b_c/jose4j/0.9.6/jose4j-0.9.6.jar:/home/runner/.m2/repository/io/smallrye/smallrye-jwt-common/4.6.2/smallrye-jwt-common-4.6.2.jar:/home/runner/.m2/repository/io/quarkus/quarkus-jsonp/3.20.2/quarkus-jsonp-3.20.2.jar:/home/runner/.m2/repository/io/quarkus/quarkus-arc/3.20.2/quarkus-arc-3.20.2.jar:/home/runner/.m2/repository/io/quarkus/arc/arc/3.20.2/arc-3.20.2.jar:/home/runner/.m2/repository/jakarta/transaction/jakarta.transaction-api/2.0.1/jakarta.transaction-api-2.0.1.jar:/home/runner/.m2/repository/io/smallrye/reactive/mutiny/2.9.2/mutiny-2.9.2.jar:/home/runner/.m2/repository/org/jctools/jctools-core/4.0.5/jctools-core-4.0.5.jar:/home/runner/.m2/repository/org/eclipse/microprofile/context-propagation/microprofile-context-propagation-api/1.3/microprofile-context-propagation-api-1.3.jar:/home/runner/.m2/repository/io/apicurio/apicurio-common-rest-client-common/0.1.18.Final/apicurio-common-rest-client-common-0.1.18.Final.jar:/home/runner/work/apicurio-testing/apicurio-testing/clusters/ci419/namespaces/mysql/tests/integration/apicurio-registry/utils/maven-plugin/target/apicurio-registry-maven-plugin-3.0.12-SNAPSHOT.jar:/home/runner/.m2/repository/com/fasterxml/jackson/core/jackson-databind/2.18.2/jackson-databind-2.18.2.jar:/home/runner/.m2/repository/org/apache/avro/avro/1.12.0/avro-1.12.0.jar:/home/runner/.m2/repository/com/google/protobuf/protobuf-java/4.31.1/protobuf-java-4.31.1.jar:/home/runner/.m2/repository/com/google/protobuf/protobuf-java-util/4.31.1/protobuf-java-util-4.31.1.jar:/home/runner/.m2/repository/com/google/code/findbugs/jsr305/3.0.2/jsr305-3.0.2.jar:/home/runner/.m2/repository/com/google/code/gson/gson/2.12.1/gson-2.12.1.jar:/home/runner/.m2/repository/com/google/errorprone/error_prone_annotations/2.36.0/error_prone_annotations-2.36.0.jar:/home/runner/.m2/repository/com/google/j2objc/j2objc-annotations/2.8/j2objc-annotations-2.8.jar:/home/runner/work/apicurio-testing/apicurio-testing/clusters/ci419/namespaces/mysql/tests/integration/apicurio-registry/schema-util/util-provider/target/apicurio-registry-schema-util-provider-3.0.12-SNAPSHOT.jar:/home/runner/work/apicurio-testing/apicurio-testing/clusters/ci419/namespaces/mysql/tests/integration/apicurio-registry/schema-util/common/target/apicurio-registry-schema-util-common-3.0.12-SNAPSHOT.jar:/home/runner/.m2/repository/com/fasterxml/jackson/module/jackson-module-parameter-names/2.18.2/jackson-module-parameter-names-2.18.2.jar:/home/runner/.m2/repository/com/fasterxml/jackson/datatype/jackson-datatype-json-org/2.18.2/jackson-datatype-json-org-2.18.2.jar:/home/runner/work/apicurio-testing/apicurio-testing/clusters/ci419/namespaces/mysql/tests/integration/apicurio-registry/schema-util/json/target/apicurio-registry-schema-util-json-3.0.12-SNAPSHOT.jar:/home/runner/.m2/repository/com/github/erosb/everit-json-schema/1.14.5/everit-json-schema-1.14.5.jar:/home/runner/.m2/repository/commons-validator/commons-validator/1.9.0/commons-validator-1.9.0.jar:/home/runner/.m2/repository/commons-digester/commons-digester/2.1/commons-digester-2.1.jar:/home/runner/.m2/repository/commons-collections/commons-collections/3.2.2/commons-collections-3.2.2.jar:/home/runner/.m2/repository/com/damnhandy/handy-uri-templates/2.1.8/handy-uri-templates-2.1.8.jar:/home/runner/.m2/repository/joda-time/joda-time/2.10.2/joda-time-2.10.2.jar:/home/runner/.m2/repository/com/github/erosb/json-sKema/0.20.0/json-sKema-0.20.0.jar:/home/runner/.m2/repository/io/vertx/vertx-json-schema/4.5.16/vertx-json-schema-4.5.16.jar:/home/runner/work/apicurio-testing/apicurio-testing/clusters/ci419/namespaces/mysql/tests/integration/apicurio-registry/schema-util/protobuf/target/apicurio-registry-schema-util-protobuf-3.0.12-SNAPSHOT.jar:/home/runner/work/apicurio-testing/apicurio-testing/clusters/ci419/namespaces/mysql/tests/integration/apicurio-registry/utils/protobuf-schema-utilities/target/apicurio-registry-protobuf-schema-utilities-3.0.12-SNAPSHOT.jar:/home/runner/.m2/repository/com/google/api/grpc/proto-google-common-protos/2.52.0/proto-google-common-protos-2.52.0.jar:/home/runner/.m2/repository/com/squareup/wire/wire-schema-jvm/5.3.3/wire-schema-jvm-5.3.3.jar:/home/runner/.m2/repository/com/palantir/javapoet/javapoet/0.6.0/javapoet-0.6.0.jar:/home/runner/.m2/repository/com/squareup/kotlinpoet-jvm/2.0.0/kotlinpoet-jvm-2.0.0.jar:/home/runner/.m2/repository/org/jetbrains/kotlin/kotlin-reflect/2.0.21/kotlin-reflect-2.0.21.jar:/home/runner/.m2/repository/com/squareup/wire/wire-runtime-jvm/5.3.3/wire-runtime-jvm-5.3.3.jar:/home/runner/.m2/repository/com/ibm/icu/icu4j/76.1/icu4j-76.1.jar:/home/runner/.m2/repository/com/squareup/okio/okio-fakefilesystem/3.10.2/okio-fakefilesystem-3.10.2.jar:/home/runner/.m2/repository/com/squareup/okio/okio-fakefilesystem-jvm/3.10.2/okio-fakefilesystem-jvm-3.10.2.jar:/home/runner/.m2/repository/org/jetbrains/kotlinx/kotlinx-datetime-jvm/0.6.1/kotlinx-datetime-jvm-0.6.1.jar:/home/runner/work/apicurio-testing/apicurio-testing/clusters/ci419/namespaces/mysql/tests/integration/apicurio-registry/schema-util/asyncapi/target/apicurio-registry-schema-util-asyncapi-3.0.12-SNAPSHOT.jar:/home/runner/work/apicurio-testing/apicurio-testing/clusters/ci419/namespaces/mysql/tests/integration/apicurio-registry/schema-util/avro/target/apicurio-registry-schema-util-avro-3.0.12-SNAPSHOT.jar:/home/runner/work/apicurio-testing/apicurio-testing/clusters/ci419/namespaces/mysql/tests/integration/apicurio-registry/schema-util/graphql/target/apicurio-registry-schema-util-graphql-3.0.12-SNAPSHOT.jar:/home/runner/.m2/repository/com/graphql-java/graphql-java/22.4/graphql-java-22.4.jar:/home/runner/.m2/repository/com/graphql-java/java-dataloader/3.3.0/java-dataloader-3.3.0.jar:/home/runner/work/apicurio-testing/apicurio-testing/clusters/ci419/namespaces/mysql/tests/integration/apicurio-registry/schema-util/kconnect/target/apicurio-registry-schema-util-kconnect-3.0.12-SNAPSHOT.jar:/home/runner/work/apicurio-testing/apicurio-testing/clusters/ci419/namespaces/mysql/tests/integration/apicurio-registry/schema-util/openapi/target/apicurio-registry-schema-util-openapi-3.0.12-SNAPSHOT.jar:/home/runner/.m2/repository/io/apicurio/apicurio-data-models/2.2.2/apicurio-data-models-2.2.2.jar:/home/runner/.m2/repository/org/openapitools/openapidiff/openapi-diff-core/2.1.2/openapi-diff-core-2.1.2.jar:/home/runner/.m2/repository/io/swagger/parser/v3/swagger-parser/2.1.28/swagger-parser-2.1.28.jar:/home/runner/.m2/repository/io/swagger/parser/v3/swagger-parser-v2-converter/2.1.28/swagger-parser-v2-converter-2.1.28.jar:/home/runner/.m2/repository/io/swagger/swagger-core/1.6.16/swagger-core-1.6.16.jar:/home/runner/.m2/repository/io/swagger/swagger-models/1.6.16/swagger-models-1.6.16.jar:/home/runner/.m2/repository/io/swagger/swagger-annotations/1.6.16/swagger-annotations-1.6.16.jar:/home/runner/.m2/repository/io/swagger/swagger-parser/1.0.75/swagger-parser-1.0.75.jar:/home/runner/.m2/repository/io/swagger/swagger-parser-safe-url-resolver/1.0.75/swagger-parser-safe-url-resolver-1.0.75.jar:/home/runner/.m2/repository/io/swagger/swagger-compat-spec-parser/1.0.75/swagger-compat-spec-parser-1.0.75.jar:/home/runner/.m2/repository/com/github/java-json-tools/json-schema-validator/2.2.14/json-schema-validator-2.2.14.jar:/home/runner/.m2/repository/com/github/java-json-tools/jackson-coreutils-equivalence/1.0/jackson-coreutils-equivalence-1.0.jar:/home/runner/.m2/repository/com/github/java-json-tools/json-schema-core/1.2.14/json-schema-core-1.2.14.jar:/home/runner/.m2/repository/com/github/java-json-tools/uri-template/0.10/uri-template-0.10.jar:/home/runner/.m2/repository/com/googlecode/libphonenumber/libphonenumber/8.11.1/libphonenumber-8.11.1.jar:/home/runner/.m2/repository/com/j2html/j2html/1.6.0/j2html-1.6.0.jar:/home/runner/.m2/repository/org/apache/commons/commons-collections4/4.5.0/commons-collections4-4.5.0.jar:/home/runner/.m2/repository/org/slf4j/jcl-over-slf4j/2.0.17/jcl-over-slf4j-2.0.17.jar:/home/runner/.m2/repository/io/swagger/parser/v3/swagger-parser-v3/2.1.31/swagger-parser-v3-2.1.31.jar:/home/runner/.m2/repository/io/swagger/core/v3/swagger-models/2.2.34/swagger-models-2.2.34.jar:/home/runner/.m2/repository/io/swagger/core/v3/swagger-core/2.2.34/swagger-core-2.2.34.jar:/home/runner/.m2/repository/io/swagger/parser/v3/swagger-parser-core/2.1.31/swagger-parser-core-2.1.31.jar:/home/runner/.m2/repository/io/swagger/parser/v3/swagger-parser-safe-url-resolver/2.1.31/swagger-parser-safe-url-resolver-2.1.31.jar:/home/runner/work/apicurio-testing/apicurio-testing/clusters/ci419/namespaces/mysql/tests/integration/apicurio-registry/schema-util/wsdl/target/apicurio-registry-schema-util-wsdl-3.0.12-SNAPSHOT.jar:/home/runner/.m2/repository/wsdl4j/wsdl4j/1.6.3/wsdl4j-1.6.3.jar:/home/runner/work/apicurio-testing/apicurio-testing/clusters/ci419/namespaces/mysql/tests/integration/apicurio-registry/schema-util/xml/target/apicurio-registry-schema-util-xml-3.0.12-SNAPSHOT.jar:/home/runner/.m2/repository/org/apache/santuario/xmlsec/4.0.4/xmlsec-4.0.4.jar:/home/runner/.m2/repository/com/fasterxml/woodstox/woodstox-core/7.1.1/woodstox-core-7.1.1.jar:/home/runner/.m2/repository/org/codehaus/woodstox/stax2-api/4.2.2/stax2-api-4.2.2.jar:/home/runner/work/apicurio-testing/apicurio-testing/clusters/ci419/namespaces/mysql/tests/integration/apicurio-registry/schema-util/xsd/target/apicurio-registry-schema-util-xsd-3.0.12-SNAPSHOT.jar:/home/runner/work/apicurio-testing/apicurio-testing/clusters/ci419/namespaces/mysql/tests/integration/apicurio-registry/serdes/kafka/jsonschema-serde/target/apicurio-registry-jsonschema-serde-kafka-3.0.12-SNAPSHOT.jar:/home/runner/work/apicurio-testing/apicurio-testing/clusters/ci419/namespaces/mysql/tests/integration/apicurio-registry/serdes/kafka/serde-kafka-common/target/apicurio-registry-serde-kafka-common-3.0.12-SNAPSHOT.jar:/home/runner/work/apicurio-testing/apicurio-testing/clusters/ci419/namespaces/mysql/tests/integration/apicurio-registry/serdes/generic/serde-common/target/apicurio-registry-serde-common-3.0.12-SNAPSHOT.jar:/home/runner/work/apicurio-testing/apicurio-testing/clusters/ci419/namespaces/mysql/tests/integration/apicurio-registry/serdes/generic/serde-common-jsonschema/target/apicurio-registry-serde-common-jsonschema-3.0.12-SNAPSHOT.jar:/home/runner/.m2/repository/org/json/json/20250107/json-20250107.jar:/home/runner/work/apicurio-testing/apicurio-testing/clusters/ci419/namespaces/mysql/tests/integration/apicurio-registry/serdes/kafka/avro-serde/target/apicurio-registry-avro-serde-kafka-3.0.12-SNAPSHOT.jar:/home/runner/work/apicurio-testing/apicurio-testing/clusters/ci419/namespaces/mysql/tests/integration/apicurio-registry/serdes/generic/serde-common-avro/target/apicurio-registry-serde-common-avro-3.0.12-SNAPSHOT.jar:/home/runner/work/apicurio-testing/apicurio-testing/clusters/ci419/namespaces/mysql/tests/integration/apicurio-registry/serdes/kafka/protobuf-serde/target/apicurio-registry-protobuf-serde-kafka-3.0.12-SNAPSHOT.jar:/home/runner/work/apicurio-testing/apicurio-testing/clusters/ci419/namespaces/mysql/tests/integration/apicurio-registry/serdes/generic/serde-common-protobuf/target/apicurio-registry-serde-common-protobuf-3.0.12-SNAPSHOT.jar:/home/runner/.m2/repository/com/squareup/wire/wire-schema/5.3.3/wire-schema-5.3.3.jar:/home/runner/.m2/repository/com/squareup/wire/wire-runtime/5.3.3/wire-runtime-5.3.3.jar:/home/runner/work/apicurio-testing/apicurio-testing/clusters/ci419/namespaces/mysql/tests/integration/apicurio-registry/serdes/pulsar/avro-serde/target/apicurio-registry-avro-serde-pulsar-3.0.12-SNAPSHOT.jar:/home/runner/.m2/repository/org/apache/pulsar/pulsar-functions-api/3.3.8/pulsar-functions-api-3.3.8.jar:/home/runner/work/apicurio-testing/apicurio-testing/clusters/ci419/namespaces/mysql/tests/integration/apicurio-registry/serdes/nats/avro-serde/target/apicurio-registry-avro-serde-nats-3.0.12-SNAPSHOT.jar:/home/runner/.m2/repository/io/nats/jnats/2.21.4/jnats-2.21.4.jar:/home/runner/.m2/repository/org/bouncycastle/bcprov-lts8on/2.73.7/bcprov-lts8on-2.73.7.jar:/home/runner/.m2/repository/org/jetbrains/annotations/26.0.2/annotations-26.0.2.jar:/home/runner/work/apicurio-testing/apicurio-testing/clusters/ci419/namespaces/mysql/tests/integration/apicurio-registry/utils/converter/target/apicurio-registry-utils-converter-3.0.12-SNAPSHOT.jar:/home/runner/work/apicurio-testing/apicurio-testing/clusters/ci419/namespaces/mysql/tests/integration/apicurio-registry/schema-resolver/target/apicurio-registry-schema-resolver-3.0.12-SNAPSHOT.jar:/home/runner/.m2/repository/org/apache/kafka/connect-api/3.9.1/connect-api-3.9.1.jar:/home/runner/.m2/repository/javax/ws/rs/javax.ws.rs-api/2.1.1/javax.ws.rs-api-2.1.1.jar:/home/runner/.m2/repository/org/apache/kafka/connect-json/3.9.1/connect-json-3.9.1.jar:/home/runner/.m2/repository/com/fasterxml/jackson/datatype/jackson-datatype-jdk8/2.18.2/jackson-datatype-jdk8-2.18.2.jar:/home/runner/.m2/repository/com/fasterxml/jackson/module/jackson-module-afterburner/2.18.2/jackson-module-afterburner-2.18.2.jar:/home/runner/work/apicurio-testing/apicurio-testing/clusters/ci419/namespaces/mysql/tests/integration/apicurio-registry/utils/kafka/target/apicurio-registry-utils-kafka-3.0.12-SNAPSHOT.jar:/home/runner/.m2/repository/org/apache/pulsar/pulsar-client/3.3.8/pulsar-client-3.3.8.jar:/home/runner/.m2/repository/org/apache/pulsar/pulsar-client-api/3.3.8/pulsar-client-api-3.3.8.jar:/home/runner/.m2/repository/org/apache/pulsar/pulsar-client-admin-api/3.3.8/pulsar-client-admin-api-3.3.8.jar:/home/runner/.m2/repository/org/apache/pulsar/bouncy-castle-bc/3.3.8/bouncy-castle-bc-3.3.8-pkg.jar:/home/runner/.m2/repository/org/bouncycastle/bcpkix-jdk18on/1.81/bcpkix-jdk18on-1.81.jar:/home/runner/.m2/repository/org/bouncycastle/bcutil-jdk18on/1.81/bcutil-jdk18on-1.81.jar:/home/runner/.m2/repository/org/bouncycastle/bcprov-jdk18on/1.81/bcprov-jdk18on-1.81.jar:/home/runner/.m2/repository/io/opentelemetry/opentelemetry-api/1.44.1/opentelemetry-api-1.44.1.jar:/home/runner/.m2/repository/io/opentelemetry/opentelemetry-context/1.44.1/opentelemetry-context-1.44.1.jar:/home/runner/.m2/repository/io/opentelemetry/opentelemetry-api-incubator/1.44.1-alpha/opentelemetry-api-incubator-1.44.1-alpha.jar:/home/runner/.m2/repository/com/fasterxml/jackson/core/jackson-annotations/2.18.2/jackson-annotations-2.18.2.jar:/home/runner/.m2/repository/javax/validation/validation-api/1.1.0.Final/validation-api-1.1.0.Final.jar:/home/runner/.m2/repository/org/jspecify/jspecify/1.0.0/jspecify-1.0.0.jar:/home/runner/.m2/repository/org/apache/commons/commons-configuration2/2.12.0/commons-configuration2-2.12.0.jar:/home/runner/.m2/repository/commons-logging/commons-logging/1.3.5/commons-logging-1.3.5.jar:/home/runner/.m2/repository/org/apache/commons/commons-text/1.13.0/commons-text-1.13.0.jar:/home/runner/.m2/repository/io/confluent/kafka-avro-serializer/8.0.0/kafka-avro-serializer-8.0.0.jar:/home/runner/.m2/repository/org/apache/commons/commons-compress/1.27.1/commons-compress-1.27.1.jar:/home/runner/.m2/repository/io/confluent/kafka-schema-serializer/8.0.0/kafka-schema-serializer-8.0.0.jar:/home/runner/.m2/repository/com/fasterxml/jackson/dataformat/jackson-dataformat-csv/2.18.2/jackson-dataformat-csv-2.18.2.jar:/home/runner/.m2/repository/io/confluent/kafka-schema-registry-client/8.0.0/kafka-schema-registry-client-8.0.0.jar:/home/runner/.m2/repository/org/yaml/snakeyaml/2.3/snakeyaml-2.3.jar:/home/runner/.m2/repository/io/swagger/core/v3/swagger-annotations/2.2.29/swagger-annotations-2.2.29.jar:/home/runner/.m2/repository/com/google/guava/guava/33.4.0-jre/guava-33.4.0-jre.jar:/home/runner/.m2/repository/com/google/guava/failureaccess/1.0.1/failureaccess-1.0.1.jar:/home/runner/.m2/repository/org/checkerframework/checker-qual/3.49.0/checker-qual-3.49.0.jar:/home/runner/.m2/repository/io/confluent/logredactor/1.0.13/logredactor-1.0.13.jar:/home/runner/.m2/repository/com/google/re2j/re2j/1.6/re2j-1.6.jar:/home/runner/.m2/repository/io/confluent/logredactor-metrics/1.0.13/logredactor-metrics-1.0.13.jar:/home/runner/.m2/repository/com/eclipsesource/minimal-json/minimal-json/0.9.5/minimal-json-0.9.5.jar:/home/runner/.m2/repository/io/confluent/common-utils/8.0.0/common-utils-8.0.0.jar:/home/runner/.m2/repository/io/confluent/kafka-connect-avro-converter/8.0.0/kafka-connect-avro-converter-8.0.0.jar:/home/runner/.m2/repository/io/confluent/kafka-connect-avro-data/8.0.0/kafka-connect-avro-data-8.0.0.jar:/home/runner/.m2/repository/io/confluent/kafka-schema-converter/8.0.0/kafka-schema-converter-8.0.0.jar:/home/runner/.m2/repository/io/rest-assured/rest-assured/5.5.1/rest-assured-5.5.1.jar:/home/runner/.m2/repository/org/apache/groovy/groovy/4.0.22/groovy-4.0.22.jar:/home/runner/.m2/repository/org/apache/groovy/groovy-xml/4.0.22/groovy-xml-4.0.22.jar:/home/runner/.m2/repository/org/apache/httpcomponents/httpclient/4.5.14/httpclient-4.5.14.jar:/home/runner/.m2/repository/org/apache/httpcomponents/httpcore/4.4.16/httpcore-4.4.16.jar:/home/runner/.m2/repository/org/apache/httpcomponents/httpmime/4.5.14/httpmime-4.5.14.jar:/home/runner/.m2/repository/org/hamcrest/hamcrest/2.2/hamcrest-2.2.jar:/home/runner/.m2/repository/org/ccil/cowan/tagsoup/tagsoup/1.2.1/tagsoup-1.2.1.jar:/home/runner/.m2/repository/io/rest-assured/json-path/5.5.1/json-path-5.5.1.jar:/home/runner/.m2/repository/org/apache/groovy/groovy-json/4.0.22/groovy-json-4.0.22.jar:/home/runner/.m2/repository/io/rest-assured/rest-assured-common/5.5.1/rest-assured-common-5.5.1.jar:/home/runner/.m2/repository/io/rest-assured/xml-path/5.5.1/xml-path-5.5.1.jar:/home/runner/.m2/repository/io/zonky/test/embedded-postgres/2.1.0/embedded-postgres-2.1.0.jar:/home/runner/.m2/repository/io/zonky/test/postgres/embedded-postgres-binaries-windows-amd64/14.15.0/embedded-postgres-binaries-windows-amd64-14.15.0.jar:/home/runner/.m2/repository/io/zonky/test/postgres/embedded-postgres-binaries-darwin-amd64/14.15.0/embedded-postgres-binaries-darwin-amd64-14.15.0.jar:/home/runner/.m2/repository/io/zonky/test/postgres/embedded-postgres-binaries-linux-amd64/14.15.0/embedded-postgres-binaries-linux-amd64-14.15.0.jar:/home/runner/.m2/repository/io/zonky/test/postgres/embedded-postgres-binaries-linux-amd64-alpine/14.15.0/embedded-postgres-binaries-linux-amd64-alpine-14.15.0.jar:/home/runner/.m2/repository/org/apache/commons/commons-lang3/3.17.0/commons-lang3-3.17.0.jar:/home/runner/.m2/repository/org/tukaani/xz/1.10/xz-1.10.jar:/home/runner/.m2/repository/commons-codec/commons-codec/1.19.0/commons-codec-1.19.0.jar:/home/runner/.m2/repository/org/postgresql/postgresql/42.7.7/postgresql-42.7.7.jar:/home/runner/.m2/repository/commons-io/commons-io/2.18.0/commons-io-2.18.0.jar:/home/runner/work/apicurio-testing/apicurio-testing/clusters/ci419/namespaces/mysql/tests/integration/apicurio-registry/utils/importexport/target/apicurio-registry-utils-import-export-3.0.12-SNAPSHOT.jar:/home/runner/.m2/repository/io/vertx/vertx-core/4.5.16/vertx-core-4.5.16.jar:/home/runner/.m2/repository/io/netty/netty-common/4.1.121.Final/netty-common-4.1.121.Final.jar:/home/runner/.m2/repository/io/netty/netty-buffer/4.1.121.Final/netty-buffer-4.1.121.Final.jar:/home/runner/.m2/repository/io/netty/netty-transport/4.1.121.Final/netty-transport-4.1.121.Final.jar:/home/runner/.m2/repository/io/netty/netty-handler/4.1.121.Final/netty-handler-4.1.121.Final.jar:/home/runner/.m2/repository/io/netty/netty-transport-native-unix-common/4.1.121.Final/netty-transport-native-unix-common-4.1.121.Final.jar:/home/runner/.m2/repository/io/netty/netty-codec/4.1.121.Final/netty-codec-4.1.121.Final.jar:/home/runner/.m2/repository/io/netty/netty-handler-proxy/4.1.121.Final/netty-handler-proxy-4.1.121.Final.jar:/home/runner/.m2/repository/io/netty/netty-codec-socks/4.1.121.Final/netty-codec-socks-4.1.121.Final.jar:/home/runner/.m2/repository/io/netty/netty-codec-http/4.1.121.Final/netty-codec-http-4.1.121.Final.jar:/home/runner/.m2/repository/io/netty/netty-codec-http2/4.1.121.Final/netty-codec-http2-4.1.121.Final.jar:/home/runner/.m2/repository/io/netty/netty-resolver/4.1.121.Final/netty-resolver-4.1.121.Final.jar:/home/runner/.m2/repository/io/netty/netty-resolver-dns/4.1.121.Final/netty-resolver-dns-4.1.121.Final.jar:/home/runner/.m2/repository/io/netty/netty-codec-dns/4.1.121.Final/netty-codec-dns-4.1.121.Final.jar:/home/runner/.m2/repository/com/fasterxml/jackson/core/jackson-core/2.18.2/jackson-core-2.18.2.jar:"/>
    <property name="java.vm.vendor" value="Eclipse Adoptium"/>
    <property name="maven.javadoc.skip" value="true"/>
    <property name="sun.arch.data.model" value="64"/>
    <property name="java.vendor.url" value="https://adoptium.net/"/>
    <property name="user.timezone" value="Etc/UTC"/>
    <property name="os.name" value="Linux"/>
    <property name="java.vm.specification.version" value="17"/>
    <property name="sun.java.launcher" value="SUN_STANDARD"/>
    <property name="quarkus.http.test-port" value="80"/>
    <property name="sun.boot.library.path" value="/usr/lib/jvm/temurin-17-jdk-amd64/lib"/>
    <property name="sun.java.command" value="/home/runner/work/apicurio-testing/apicurio-testing/clusters/ci419/namespaces/mysql/tests/integration/apicurio-registry/integration-tests/target/surefire/surefirebooter-20250806153650939_3.jar /home/runner/work/apicurio-testing/apicurio-testing/clusters/ci419/namespaces/mysql/tests/integration/apicurio-registry/integration-tests/target/surefire 2025-08-06T15-36-50_835-jvmRun1 surefire-20250806153650939_1tmp surefire_0-20250806153650939_2tmp"/>
    <property name="maven.home" value="/home/runner/.m2/wrapper/dists/apache-maven-3.9.8-bin/4fnp1ql35bgk2a0p7m31ovbgb0/apache-maven-3.9.8"/>
    <property name="jdk.debug" value="release"/>
    <property name="surefire.test.class.path" value="/home/runner/work/apicurio-testing/apicurio-testing/clusters/ci419/namespaces/mysql/tests/integration/apicurio-registry/integration-tests/target/test-classes:/home/runner/work/apicurio-testing/apicurio-testing/clusters/ci419/namespaces/mysql/tests/integration/apicurio-registry/integration-tests/target/apicurio-registry-integration-tests-3.0.12-SNAPSHOT.jar:/home/runner/.m2/repository/io/quarkus/quarkus-junit5/3.20.2/quarkus-junit5-3.20.2.jar:/home/runner/.m2/repository/io/quarkus/quarkus-bootstrap-core/3.20.2/quarkus-bootstrap-core-3.20.2.jar:/home/runner/.m2/repository/io/quarkus/quarkus-classloader-commons/3.20.2/quarkus-classloader-commons-3.20.2.jar:/home/runner/.m2/repository/io/quarkus/quarkus-bootstrap-app-model/3.20.2/quarkus-bootstrap-app-model-3.20.2.jar:/home/runner/.m2/repository/io/smallrye/common/smallrye-common-io/2.12.0/smallrye-common-io-2.12.0.jar:/home/runner/.m2/repository/org/eclipse/sisu/org.eclipse.sisu.inject/0.9.0.M3/org.eclipse.sisu.inject-0.9.0.M3.jar:/home/runner/.m2/repository/io/quarkus/quarkus-test-common/3.20.2/quarkus-test-common-3.20.2.jar:/home/runner/.m2/repository/io/quarkus/quarkus-core-deployment/3.20.2/quarkus-core-deployment-3.20.2.jar:/home/runner/.m2/repository/org/aesh/readline/2.6/readline-2.6.jar:/home/runner/.m2/repository/org/fusesource/jansi/jansi/2.4.0/jansi-2.4.0.jar:/home/runner/.m2/repository/org/aesh/aesh/2.8.2/aesh-2.8.2.jar:/home/runner/.m2/repository/io/quarkus/gizmo/gizmo/1.8.0/gizmo-1.8.0.jar:/home/runner/.m2/repository/org/ow2/asm/asm-util/9.7.1/asm-util-9.7.1.jar:/home/runner/.m2/repository/org/ow2/asm/asm-analysis/9.7.1/asm-analysis-9.7.1.jar:/home/runner/.m2/repository/org/ow2/asm/asm-commons/9.7.1/asm-commons-9.7.1.jar:/home/runner/.m2/repository/org/ow2/asm/asm-tree/9.7.1/asm-tree-9.7.1.jar:/home/runner/.m2/repository/io/quarkus/quarkus-hibernate-validator-spi/3.20.2/quarkus-hibernate-validator-spi-3.20.2.jar:/home/runner/.m2/repository/io/quarkus/quarkus-class-change-agent/3.20.2/quarkus-class-change-agent-3.20.2.jar:/home/runner/.m2/repository/io/quarkus/quarkus-devtools-utilities/3.20.2/quarkus-devtools-utilities-3.20.2.jar:/home/runner/.m2/repository/io/quarkus/quarkus-builder/3.20.2/quarkus-builder-3.20.2.jar:/home/runner/.m2/repository/org/graalvm/sdk/nativeimage/23.1.2/nativeimage-23.1.2.jar:/home/runner/.m2/repository/org/graalvm/sdk/word/23.1.2/word-23.1.2.jar:/home/runner/.m2/repository/io/quarkus/quarkus-bootstrap-maven-resolver/3.20.2/quarkus-bootstrap-maven-resolver-3.20.2.jar:/home/runner/.m2/repository/io/smallrye/beanbag/smallrye-beanbag-maven/1.5.2/smallrye-beanbag-maven-1.5.2.jar:/home/runner/.m2/repository/io/smallrye/beanbag/smallrye-beanbag-sisu/1.5.2/smallrye-beanbag-sisu-1.5.2.jar:/home/runner/.m2/repository/io/smallrye/beanbag/smallrye-beanbag/1.5.2/smallrye-beanbag-1.5.2.jar:/home/runner/.m2/repository/javax/inject/javax.inject/1/javax.inject-1.jar:/home/runner/.m2/repository/org/apache/maven/maven-artifact/3.9.9/maven-artifact-3.9.9.jar:/home/runner/.m2/repository/org/apache/maven/maven-builder-support/3.9.9/maven-builder-support-3.9.9.jar:/home/runner/.m2/repository/org/apache/maven/maven-model/3.9.9/maven-model-3.9.9.jar:/home/runner/.m2/repository/org/apache/maven/maven-model-builder/3.9.9/maven-model-builder-3.9.9.jar:/home/runner/.m2/repository/org/apache/maven/maven-repository-metadata/3.9.9/maven-repository-metadata-3.9.9.jar:/home/runner/.m2/repository/org/apache/maven/maven-settings/3.9.9/maven-settings-3.9.9.jar:/home/runner/.m2/repository/org/apache/maven/resolver/maven-resolver-api/1.9.22/maven-resolver-api-1.9.22.jar:/home/runner/.m2/repository/org/apache/maven/resolver/maven-resolver-impl/1.9.22/maven-resolver-impl-1.9.22.jar:/home/runner/.m2/repository/org/apache/maven/resolver/maven-resolver-named-locks/1.9.22/maven-resolver-named-locks-1.9.22.jar:/home/runner/.m2/repository/org/apache/maven/resolver/maven-resolver-spi/1.9.22/maven-resolver-spi-1.9.22.jar:/home/runner/.m2/repository/org/apache/maven/resolver/maven-resolver-util/1.9.22/maven-resolver-util-1.9.22.jar:/home/runner/.m2/repository/org/apache/maven/resolver/maven-resolver-transport-http/1.9.20/maven-resolver-transport-http-1.9.20.jar:/home/runner/.m2/repository/org/apache/maven/wagon/wagon-provider-api/3.5.3/wagon-provider-api-3.5.3.jar:/home/runner/.m2/repository/org/apache/maven/wagon/wagon-http-shared/3.5.3/wagon-http-shared-3.5.3.jar:/home/runner/.m2/repository/org/codehaus/plexus/plexus-interpolation/1.26/plexus-interpolation-1.26.jar:/home/runner/.m2/repository/org/codehaus/plexus/plexus-utils/3.5.1/plexus-utils-3.5.1.jar:/home/runner/.m2/repository/org/codehaus/plexus/plexus-xml/4.0.1/plexus-xml-4.0.1.jar:/home/runner/.m2/repository/org/apache/maven/maven-xml-impl/4.0.0-alpha-5/maven-xml-impl-4.0.0-alpha-5.jar:/home/runner/.m2/repository/org/apache/maven/maven-api-xml/4.0.0-alpha-5/maven-api-xml-4.0.0-alpha-5.jar:/home/runner/.m2/repository/org/apache/maven/maven-api-meta/4.0.0-alpha-5/maven-api-meta-4.0.0-alpha-5.jar:/home/runner/.m2/repository/org/codehaus/plexus/plexus-cipher/2.0/plexus-cipher-2.0.jar:/home/runner/.m2/repository/org/codehaus/plexus/plexus-sec-dispatcher/2.0/plexus-sec-dispatcher-2.0.jar:/home/runner/.m2/repository/org/apache/maven/maven-embedder/3.9.9/maven-embedder-3.9.9.jar:/home/runner/.m2/repository/org/apache/maven/maven-core/3.9.9/maven-core-3.9.9.jar:/home/runner/.m2/repository/org/codehaus/plexus/plexus-component-annotations/2.1.0/plexus-component-annotations-2.1.0.jar:/home/runner/.m2/repository/org/apache/maven/maven-plugin-api/3.9.9/maven-plugin-api-3.9.9.jar:/home/runner/.m2/repository/org/apache/maven/shared/maven-shared-utils/3.4.2/maven-shared-utils-3.4.2.jar:/home/runner/.m2/repository/com/google/inject/guice/5.1.0/guice-5.1.0.jar:/home/runner/.m2/repository/aopalliance/aopalliance/1.0/aopalliance-1.0.jar:/home/runner/.m2/repository/org/codehaus/plexus/plexus-classworlds/2.6.0/plexus-classworlds-2.6.0.jar:/home/runner/.m2/repository/commons-cli/commons-cli/1.8.0/commons-cli-1.8.0.jar:/home/runner/.m2/repository/org/eclipse/sisu/org.eclipse.sisu.plexus/0.9.0.M3/org.eclipse.sisu.plexus-0.9.0.M3.jar:/home/runner/.m2/repository/org/apache/maven/maven-settings-builder/3.9.9/maven-settings-builder-3.9.9.jar:/home/runner/.m2/repository/org/apache/maven/maven-resolver-provider/3.9.9/maven-resolver-provider-3.9.9.jar:/home/runner/.m2/repository/org/apache/maven/resolver/maven-resolver-connector-basic/1.9.22/maven-resolver-connector-basic-1.9.22.jar:/home/runner/.m2/repository/org/apache/maven/resolver/maven-resolver-transport-wagon/1.9.22/maven-resolver-transport-wagon-1.9.22.jar:/home/runner/.m2/repository/org/apache/maven/wagon/wagon-http/3.5.3/wagon-http-3.5.3.jar:/home/runner/.m2/repository/org/apache/maven/wagon/wagon-file/3.5.3/wagon-file-3.5.3.jar:/home/runner/.m2/repository/io/quarkus/quarkus-bootstrap-gradle-resolver/3.20.2/quarkus-bootstrap-gradle-resolver-3.20.2.jar:/home/runner/.m2/repository/io/smallrye/jandex/3.3.0/jandex-3.3.0.jar:/home/runner/.m2/repository/org/jboss/logging/commons-logging-jboss-logging/1.0.0.Final/commons-logging-jboss-logging-1.0.0.Final.jar:/home/runner/.m2/repository/io/quarkus/quarkus-junit5-config/3.20.2/quarkus-junit5-config-3.20.2.jar:/home/runner/.m2/repository/org/junit/jupiter/junit-jupiter-api/5.12.1/junit-jupiter-api-5.12.1.jar:/home/runner/.m2/repository/io/smallrye/config/smallrye-config/3.11.4/smallrye-config-3.11.4.jar:/home/runner/.m2/repository/io/smallrye/config/smallrye-config-core/3.11.4/smallrye-config-core-3.11.4.jar:/home/runner/.m2/repository/io/smallrye/common/smallrye-common-classloader/2.12.0/smallrye-common-classloader-2.12.0.jar:/home/runner/.m2/repository/io/smallrye/config/smallrye-config-common/3.11.4/smallrye-config-common-3.11.4.jar:/home/runner/.m2/repository/org/junit/jupiter/junit-jupiter/5.12.1/junit-jupiter-5.12.1.jar:/home/runner/.m2/repository/org/junit/jupiter/junit-jupiter-params/5.12.1/junit-jupiter-params-5.12.1.jar:/home/runner/.m2/repository/org/junit/jupiter/junit-jupiter-engine/5.12.1/junit-jupiter-engine-5.12.1.jar:/home/runner/.m2/repository/io/quarkus/quarkus-core/3.20.2/quarkus-core-3.20.2.jar:/home/runner/.m2/repository/jakarta/enterprise/jakarta.enterprise.cdi-api/4.1.0/jakarta.enterprise.cdi-api-4.1.0.jar:/home/runner/.m2/repository/jakarta/enterprise/jakarta.enterprise.lang-model/4.1.0/jakarta.enterprise.lang-model-4.1.0.jar:/home/runner/.m2/repository/jakarta/el/jakarta.el-api/5.0.1/jakarta.el-api-5.0.1.jar:/home/runner/.m2/repository/jakarta/interceptor/jakarta.interceptor-api/2.2.0/jakarta.interceptor-api-2.2.0.jar:/home/runner/.m2/repository/jakarta/inject/jakarta.inject-api/2.0.1/jakarta.inject-api-2.0.1.jar:/home/runner/.m2/repository/io/smallrye/common/smallrye-common-os/2.12.0/smallrye-common-os-2.12.0.jar:/home/runner/.m2/repository/io/quarkus/quarkus-ide-launcher/3.20.2/quarkus-ide-launcher-3.20.2.jar:/home/runner/.m2/repository/io/quarkus/quarkus-development-mode-spi/3.20.2/quarkus-development-mode-spi-3.20.2.jar:/home/runner/.m2/repository/org/jboss/logging/jboss-logging/3.6.1.Final/jboss-logging-3.6.1.Final.jar:/home/runner/.m2/repository/org/jboss/logmanager/jboss-logmanager/3.1.2.Final/jboss-logmanager-3.1.2.Final.jar:/home/runner/.m2/repository/io/smallrye/common/smallrye-common-constraint/2.12.0/smallrye-common-constraint-2.12.0.jar:/home/runner/.m2/repository/io/smallrye/common/smallrye-common-cpu/2.12.0/smallrye-common-cpu-2.12.0.jar:/home/runner/.m2/repository/io/smallrye/common/smallrye-common-expression/2.12.0/smallrye-common-expression-2.12.0.jar:/home/runner/.m2/repository/io/smallrye/common/smallrye-common-net/2.12.0/smallrye-common-net-2.12.0.jar:/home/runner/.m2/repository/io/smallrye/common/smallrye-common-ref/2.12.0/smallrye-common-ref-2.12.0.jar:/home/runner/.m2/repository/jakarta/json/jakarta.json-api/2.1.3/jakarta.json-api-2.1.3.jar:/home/runner/.m2/repository/org/eclipse/parsson/parsson/1.1.7/parsson-1.1.7.jar:/home/runner/.m2/repository/org/jboss/logging/jboss-logging-annotations/3.0.4.Final/jboss-logging-annotations-3.0.4.Final.jar:/home/runner/.m2/repository/org/jboss/threads/jboss-threads/3.8.0.Final/jboss-threads-3.8.0.Final.jar:/home/runner/.m2/repository/io/smallrye/common/smallrye-common-annotation/2.12.0/smallrye-common-annotation-2.12.0.jar:/home/runner/.m2/repository/io/smallrye/common/smallrye-common-function/2.12.0/smallrye-common-function-2.12.0.jar:/home/runner/.m2/repository/org/jboss/slf4j/slf4j-jboss-logmanager/2.0.0.Final/slf4j-jboss-logmanager-2.0.0.Final.jar:/home/runner/.m2/repository/org/wildfly/common/wildfly-common/2.0.1/wildfly-common-2.0.1.jar:/home/runner/.m2/repository/io/quarkus/quarkus-bootstrap-runner/3.20.2/quarkus-bootstrap-runner-3.20.2.jar:/home/runner/.m2/repository/io/github/crac/org-crac/0.1.3/org-crac-0.1.3.jar:/home/runner/.m2/repository/io/quarkus/quarkus-fs-util/0.0.10/quarkus-fs-util-0.0.10.jar:/home/runner/.m2/repository/org/jboss/marshalling/jboss-marshalling/2.2.2.Final/jboss-marshalling-2.2.2.Final.jar:/home/runner/.m2/repository/io/fabric8/kubernetes-client/7.1.0/kubernetes-client-7.1.0.jar:/home/runner/.m2/repository/io/fabric8/kubernetes-client-api/7.1.0/kubernetes-client-api-7.1.0.jar:/home/runner/.m2/repository/io/fabric8/kubernetes-model-core/7.1.0/kubernetes-model-core-7.1.0.jar:/home/runner/.m2/repository/io/fabric8/kubernetes-model-common/7.1.0/kubernetes-model-common-7.1.0.jar:/home/runner/.m2/repository/javax/annotation/javax.annotation-api/1.3.2/javax.annotation-api-1.3.2.jar:/home/runner/.m2/repository/io/fabric8/kubernetes-model-gatewayapi/7.1.0/kubernetes-model-gatewayapi-7.1.0.jar:/home/runner/.m2/repository/io/fabric8/kubernetes-model-resource/7.1.0/kubernetes-model-resource-7.1.0.jar:/home/runner/.m2/repository/io/fabric8/kubernetes-model-rbac/7.1.0/kubernetes-model-rbac-7.1.0.jar:/home/runner/.m2/repository/io/fabric8/kubernetes-model-admissionregistration/7.1.0/kubernetes-model-admissionregistration-7.1.0.jar:/home/runner/.m2/repository/io/fabric8/kubernetes-model-apps/7.1.0/kubernetes-model-apps-7.1.0.jar:/home/runner/.m2/repository/io/fabric8/kubernetes-model-autoscaling/7.1.0/kubernetes-model-autoscaling-7.1.0.jar:/home/runner/.m2/repository/io/fabric8/kubernetes-model-apiextensions/7.1.0/kubernetes-model-apiextensions-7.1.0.jar:/home/runner/.m2/repository/io/fabric8/kubernetes-model-batch/7.1.0/kubernetes-model-batch-7.1.0.jar:/home/runner/.m2/repository/io/fabric8/kubernetes-model-certificates/7.1.0/kubernetes-model-certificates-7.1.0.jar:/home/runner/.m2/repository/io/fabric8/kubernetes-model-coordination/7.1.0/kubernetes-model-coordination-7.1.0.jar:/home/runner/.m2/repository/io/fabric8/kubernetes-model-discovery/7.1.0/kubernetes-model-discovery-7.1.0.jar:/home/runner/.m2/repository/io/fabric8/kubernetes-model-events/7.1.0/kubernetes-model-events-7.1.0.jar:/home/runner/.m2/repository/io/fabric8/kubernetes-model-extensions/7.1.0/kubernetes-model-extensions-7.1.0.jar:/home/runner/.m2/repository/io/fabric8/kubernetes-model-flowcontrol/7.1.0/kubernetes-model-flowcontrol-7.1.0.jar:/home/runner/.m2/repository/io/fabric8/kubernetes-model-networking/7.1.0/kubernetes-model-networking-7.1.0.jar:/home/runner/.m2/repository/io/fabric8/kubernetes-model-metrics/7.1.0/kubernetes-model-metrics-7.1.0.jar:/home/runner/.m2/repository/io/fabric8/kubernetes-model-policy/7.1.0/kubernetes-model-policy-7.1.0.jar:/home/runner/.m2/repository/io/fabric8/kubernetes-model-scheduling/7.1.0/kubernetes-model-scheduling-7.1.0.jar:/home/runner/.m2/repository/io/fabric8/kubernetes-model-storageclass/7.1.0/kubernetes-model-storageclass-7.1.0.jar:/home/runner/.m2/repository/io/fabric8/kubernetes-model-node/7.1.0/kubernetes-model-node-7.1.0.jar:/home/runner/.m2/repository/org/snakeyaml/snakeyaml-engine/2.9/snakeyaml-engine-2.9.jar:/home/runner/.m2/repository/com/fasterxml/jackson/dataformat/jackson-dataformat-yaml/2.18.2/jackson-dataformat-yaml-2.18.2.jar:/home/runner/.m2/repository/com/fasterxml/jackson/datatype/jackson-datatype-jsr310/2.18.2/jackson-datatype-jsr310-2.18.2.jar:/home/runner/.m2/repository/io/fabric8/zjsonpatch/7.1.0/zjsonpatch-7.1.0.jar:/home/runner/.m2/repository/io/fabric8/kubernetes-httpclient-vertx/7.1.0/kubernetes-httpclient-vertx-7.1.0.jar:/home/runner/.m2/repository/io/vertx/vertx-web-client/4.5.16/vertx-web-client-4.5.16.jar:/home/runner/.m2/repository/io/vertx/vertx-web-common/4.5.16/vertx-web-common-4.5.16.jar:/home/runner/.m2/repository/io/vertx/vertx-auth-common/4.5.16/vertx-auth-common-4.5.16.jar:/home/runner/.m2/repository/io/vertx/vertx-uri-template/4.5.16/vertx-uri-template-4.5.16.jar:/home/runner/.m2/repository/io/fabric8/openshift-client/7.1.0/openshift-client-7.1.0.jar:/home/runner/.m2/repository/io/fabric8/openshift-client-api/7.1.0/openshift-client-api-7.1.0.jar:/home/runner/.m2/repository/io/fabric8/openshift-model/7.1.0/openshift-model-7.1.0.jar:/home/runner/.m2/repository/io/fabric8/openshift-model-autoscaling/7.1.0/openshift-model-autoscaling-7.1.0.jar:/home/runner/.m2/repository/io/fabric8/openshift-model-operator/7.1.0/openshift-model-operator-7.1.0.jar:/home/runner/.m2/repository/io/fabric8/openshift-model-operatorhub/7.1.0/openshift-model-operatorhub-7.1.0.jar:/home/runner/.m2/repository/io/fabric8/openshift-model-machine/7.1.0/openshift-model-machine-7.1.0.jar:/home/runner/.m2/repository/io/fabric8/openshift-model-whereabouts/7.1.0/openshift-model-whereabouts-7.1.0.jar:/home/runner/.m2/repository/io/fabric8/openshift-model-monitoring/7.1.0/openshift-model-monitoring-7.1.0.jar:/home/runner/.m2/repository/io/fabric8/openshift-model-storageversionmigrator/7.1.0/openshift-model-storageversionmigrator-7.1.0.jar:/home/runner/.m2/repository/io/fabric8/openshift-model-tuned/7.1.0/openshift-model-tuned-7.1.0.jar:/home/runner/.m2/repository/io/fabric8/openshift-model-console/7.1.0/openshift-model-console-7.1.0.jar:/home/runner/.m2/repository/io/fabric8/openshift-model-config/7.1.0/openshift-model-config-7.1.0.jar:/home/runner/.m2/repository/io/fabric8/openshift-model-machineconfiguration/7.1.0/openshift-model-machineconfiguration-7.1.0.jar:/home/runner/.m2/repository/io/fabric8/openshift-model-miscellaneous/7.1.0/openshift-model-miscellaneous-7.1.0.jar:/home/runner/.m2/repository/io/fabric8/openshift-model-hive/7.1.0/openshift-model-hive-7.1.0.jar:/home/runner/.m2/repository/io/fabric8/openshift-model-installer/7.1.0/openshift-model-installer-7.1.0.jar:/home/runner/.m2/repository/org/junit/platform/junit-platform-launcher/1.12.1/junit-platform-launcher-1.12.1.jar:/home/runner/.m2/repository/org/junit/platform/junit-platform-engine/1.12.1/junit-platform-engine-1.12.1.jar:/home/runner/.m2/repository/org/opentest4j/opentest4j/1.3.0/opentest4j-1.3.0.jar:/home/runner/.m2/repository/org/junit/platform/junit-platform-commons/1.12.1/junit-platform-commons-1.12.1.jar:/home/runner/.m2/repository/org/apiguardian/apiguardian-api/1.1.2/apiguardian-api-1.1.2.jar:/home/runner/.m2/repository/jakarta/ws/rs/jakarta.ws.rs-api/3.1.0/jakarta.ws.rs-api-3.1.0.jar:/home/runner/work/apicurio-testing/apicurio-testing/clusters/ci419/namespaces/mysql/tests/integration/apicurio-registry/java-sdk/target/apicurio-registry-java-sdk-3.0.12-SNAPSHOT.jar:/home/runner/.m2/repository/com/microsoft/kiota/microsoft-kiota-abstractions/1.8.8/microsoft-kiota-abstractions-1.8.8.jar:/home/runner/.m2/repository/io/github/std-uritemplate/std-uritemplate/2.0.0/std-uritemplate-2.0.0.jar:/home/runner/.m2/repository/io/kiota/kiota-http-jdk/0.0.29/kiota-http-jdk-0.0.29.jar:/home/runner/.m2/repository/io/kiota/kiota-http-vertx/0.0.29/kiota-http-vertx-0.0.29.jar:/home/runner/.m2/repository/io/kiota/kiota-serialization-jackson/0.0.29/kiota-serialization-jackson-0.0.29.jar:/home/runner/.m2/repository/com/microsoft/kiota/microsoft-kiota-serialization-text/1.8.8/microsoft-kiota-serialization-text-1.8.8.jar:/home/runner/.m2/repository/com/microsoft/kiota/microsoft-kiota-serialization-form/1.8.8/microsoft-kiota-serialization-form-1.8.8.jar:/home/runner/.m2/repository/com/microsoft/kiota/microsoft-kiota-serialization-multipart/1.8.8/microsoft-kiota-serialization-multipart-1.8.8.jar:/home/runner/.m2/repository/jakarta/annotation/jakarta.annotation-api/3.0.0/jakarta.annotation-api-3.0.0.jar:/home/runner/.m2/repository/io/vertx/vertx-auth-oauth2/4.5.16/vertx-auth-oauth2-4.5.16.jar:/home/runner/work/apicurio-testing/apicurio-testing/clusters/ci419/namespaces/mysql/tests/integration/apicurio-registry/java-sdk-v2/target/apicurio-registry-v2-java-sdk-3.0.12-SNAPSHOT.jar:/home/runner/work/apicurio-testing/apicurio-testing/clusters/ci419/namespaces/mysql/tests/integration/apicurio-registry/utils/kafka/target/apicurio-registry-utils-kafka-3.0.12-SNAPSHOT-tests.jar:/home/runner/.m2/repository/org/eclipse/microprofile/config/microprofile-config-api/3.1/microprofile-config-api-3.1.jar:/home/runner/.m2/repository/org/apache/kafka/kafka-clients/3.9.1/kafka-clients-3.9.1.jar:/home/runner/.m2/repository/com/github/luben/zstd-jni/1.5.6-4/zstd-jni-1.5.6-4.jar:/home/runner/.m2/repository/org/lz4/lz4-java/1.8.0/lz4-java-1.8.0.jar:/home/runner/.m2/repository/org/xerial/snappy/snappy-java/1.1.10.5/snappy-java-1.1.10.5.jar:/home/runner/.m2/repository/org/slf4j/slf4j-api/2.0.6/slf4j-api-2.0.6.jar:/home/runner/work/apicurio-testing/apicurio-testing/clusters/ci419/namespaces/mysql/tests/integration/apicurio-registry/utils/tests/target/apicurio-registry-utils-tests-3.0.12-SNAPSHOT.jar:/home/runner/work/apicurio-testing/apicurio-testing/clusters/ci419/namespaces/mysql/tests/integration/apicurio-registry/common/target/apicurio-registry-common-3.0.12-SNAPSHOT.jar:/home/runner/.m2/repository/jakarta/validation/jakarta.validation-api/3.0.2/jakarta.validation-api-3.0.2.jar:/home/runner/.m2/repository/com/github/dasniko/testcontainers-keycloak/3.8.0/testcontainers-keycloak-3.8.0.jar:/home/runner/.m2/repository/org/testcontainers/testcontainers/1.20.6/testcontainers-1.20.6.jar:/home/runner/.m2/repository/org/rnorth/duct-tape/duct-tape/1.0.8/duct-tape-1.0.8.jar:/home/runner/.m2/repository/com/github/docker-java/docker-java-transport-zerodep/3.4.1/docker-java-transport-zerodep-3.4.1.jar:/home/runner/.m2/repository/com/github/docker-java/docker-java-transport/3.4.1/docker-java-transport-3.4.1.jar:/home/runner/.m2/repository/net/java/dev/jna/jna/5.8.0/jna-5.8.0.jar:/home/runner/.m2/repository/io/quarkus/quarkus-junit4-mock/3.20.2/quarkus-junit4-mock-3.20.2.jar:/home/runner/.m2/repository/org/jboss/shrinkwrap/shrinkwrap-api/2.0.0-beta-2/shrinkwrap-api-2.0.0-beta-2.jar:/home/runner/.m2/repository/org/jboss/shrinkwrap/shrinkwrap-impl-base/2.0.0-beta-2/shrinkwrap-impl-base-2.0.0-beta-2.jar:/home/runner/.m2/repository/org/jboss/shrinkwrap/shrinkwrap-spi/2.0.0-beta-2/shrinkwrap-spi-2.0.0-beta-2.jar:/home/runner/.m2/repository/org/keycloak/keycloak-admin-client/26.0.4/keycloak-admin-client-26.0.4.jar:/home/runner/.m2/repository/org/keycloak/keycloak-client-common-synced/26.0.4/keycloak-client-common-synced-26.0.4.jar:/home/runner/.m2/repository/jakarta/activation/jakarta.activation-api/2.1.3/jakarta.activation-api-2.1.3.jar:/home/runner/.m2/repository/org/eclipse/microprofile/openapi/microprofile-openapi-api/4.0.2/microprofile-openapi-api-4.0.2.jar:/home/runner/.m2/repository/org/jboss/resteasy/resteasy-client/6.2.12.Final/resteasy-client-6.2.12.Final.jar:/home/runner/.m2/repository/org/jboss/resteasy/resteasy-client-api/6.2.12.Final/resteasy-client-api-6.2.12.Final.jar:/home/runner/.m2/repository/org/jboss/resteasy/resteasy-core-spi/6.2.12.Final/resteasy-core-spi-6.2.12.Final.jar:/home/runner/.m2/repository/org/jboss/resteasy/resteasy-core/6.2.12.Final/resteasy-core-6.2.12.Final.jar:/home/runner/.m2/repository/org/eclipse/angus/angus-activation/2.0.2/angus-activation-2.0.2.jar:/home/runner/.m2/repository/com/ibm/async/asyncutil/0.1.0/asyncutil-0.1.0.jar:/home/runner/.m2/repository/org/reactivestreams/reactive-streams/1.0.4/reactive-streams-1.0.4.jar:/home/runner/.m2/repository/org/jboss/resteasy/resteasy-multipart-provider/6.2.12.Final/resteasy-multipart-provider-6.2.12.Final.jar:/home/runner/.m2/repository/jakarta/mail/jakarta.mail-api/2.1.3/jakarta.mail-api-2.1.3.jar:/home/runner/.m2/repository/org/eclipse/angus/angus-mail/2.0.3/angus-mail-2.0.3.jar:/home/runner/.m2/repository/org/apache/james/apache-mime4j-dom/0.8.12/apache-mime4j-dom-0.8.12.jar:/home/runner/.m2/repository/org/apache/james/apache-mime4j-core/0.8.12/apache-mime4j-core-0.8.12.jar:/home/runner/.m2/repository/org/apache/james/apache-mime4j-storage/0.8.12/apache-mime4j-storage-0.8.12.jar:/home/runner/.m2/repository/org/jboss/resteasy/resteasy-jackson2-provider/6.2.12.Final/resteasy-jackson2-provider-6.2.12.Final.jar:/home/runner/.m2/repository/com/fasterxml/jackson/jakarta/rs/jackson-jakarta-rs-base/2.18.2/jackson-jakarta-rs-base-2.18.2.jar:/home/runner/.m2/repository/com/fasterxml/jackson/jakarta/rs/jackson-jakarta-rs-json-provider/2.18.2/jackson-jakarta-rs-json-provider-2.18.2.jar:/home/runner/.m2/repository/com/fasterxml/jackson/module/jackson-module-jakarta-xmlbind-annotations/2.18.2/jackson-module-jakarta-xmlbind-annotations-2.18.2.jar:/home/runner/.m2/repository/com/github/java-json-tools/json-patch/1.13/json-patch-1.13.jar:/home/runner/.m2/repository/com/github/java-json-tools/msg-simple/1.2/msg-simple-1.2.jar:/home/runner/.m2/repository/com/github/java-json-tools/btf/1.3/btf-1.3.jar:/home/runner/.m2/repository/com/github/java-json-tools/jackson-coreutils/2.0/jackson-coreutils-2.0.jar:/home/runner/.m2/repository/org/jboss/resteasy/resteasy-jaxb-provider/6.2.12.Final/resteasy-jaxb-provider-6.2.12.Final.jar:/home/runner/.m2/repository/org/glassfish/jaxb/codemodel/4.0.5/codemodel-4.0.5.jar:/home/runner/.m2/repository/org/glassfish/jaxb/jaxb-core/4.0.5/jaxb-core-4.0.5.jar:/home/runner/.m2/repository/org/glassfish/jaxb/jaxb-jxc/4.0.5/jaxb-jxc-4.0.5.jar:/home/runner/.m2/repository/org/glassfish/jaxb/jaxb-runtime/4.0.5/jaxb-runtime-4.0.5.jar:/home/runner/.m2/repository/org/glassfish/jaxb/txw2/4.0.5/txw2-4.0.5.jar:/home/runner/.m2/repository/org/glassfish/jaxb/jaxb-xjc/4.0.5/jaxb-xjc-4.0.5.jar:/home/runner/.m2/repository/org/glassfish/jaxb/xsom/4.0.5/xsom-4.0.5.jar:/home/runner/.m2/repository/com/sun/istack/istack-commons-runtime/4.1.2/istack-commons-runtime-4.1.2.jar:/home/runner/.m2/repository/com/sun/istack/istack-commons-tools/4.1.2/istack-commons-tools-4.1.2.jar:/home/runner/.m2/repository/com/sun/xml/bind/external/relaxng-datatype/4.0.5/relaxng-datatype-4.0.5.jar:/home/runner/.m2/repository/com/sun/xml/bind/external/rngom/4.0.5/rngom-4.0.5.jar:/home/runner/.m2/repository/org/testcontainers/mssqlserver/1.20.6/mssqlserver-1.20.6.jar:/home/runner/.m2/repository/org/testcontainers/jdbc/1.20.6/jdbc-1.20.6.jar:/home/runner/.m2/repository/org/testcontainers/database-commons/1.20.6/database-commons-1.20.6.jar:/home/runner/.m2/repository/org/testcontainers/mysql/1.20.6/mysql-1.20.6.jar:/home/runner/.m2/repository/io/strimzi/strimzi-test-container/0.111.0/strimzi-test-container-0.111.0.jar:/home/runner/.m2/repository/org/testcontainers/toxiproxy/1.20.6/toxiproxy-1.20.6.jar:/home/runner/.m2/repository/com/github/docker-java/docker-java-api/3.4.1/docker-java-api-3.4.1.jar:/home/runner/.m2/repository/org/apache/logging/log4j/log4j-slf4j-impl/2.19.0/log4j-slf4j-impl-2.19.0.jar:/home/runner/.m2/repository/org/apache/logging/log4j/log4j-api/2.24.3/log4j-api-2.24.3.jar:/home/runner/.m2/repository/org/apache/logging/log4j/log4j-core/2.19.0/log4j-core-2.19.0.jar:/home/runner/.m2/repository/eu/rekawek/toxiproxy/toxiproxy-java/2.1.7/toxiproxy-java-2.1.7.jar:/home/runner/.m2/repository/org/testcontainers/pulsar/1.21.3/pulsar-1.21.3.jar:/home/runner/.m2/repository/io/debezium/debezium-testing-testcontainers/2.7.4.Final/debezium-testing-testcontainers-2.7.4.Final.jar:/home/runner/.m2/repository/org/testcontainers/kafka/1.20.6/kafka-1.20.6.jar:/home/runner/.m2/repository/com/squareup/okhttp3/okhttp/4.8.1/okhttp-4.8.1.jar:/home/runner/.m2/repository/com/squareup/okio/okio/3.10.2/okio-3.10.2.jar:/home/runner/.m2/repository/com/squareup/okio/okio-jvm/3.10.2/okio-jvm-3.10.2.jar:/home/runner/.m2/repository/org/jetbrains/kotlin/kotlin-stdlib/2.0.21/kotlin-stdlib-2.0.21.jar:/home/runner/.m2/repository/org/awaitility/awaitility/4.3.0/awaitility-4.3.0.jar:/home/runner/.m2/repository/org/testcontainers/mongodb/1.20.6/mongodb-1.20.6.jar:/home/runner/.m2/repository/org/testcontainers/mariadb/1.20.6/mariadb-1.20.6.jar:/home/runner/.m2/repository/org/testcontainers/oracle-xe/1.20.6/oracle-xe-1.20.6.jar:/home/runner/.m2/repository/org/testcontainers/postgresql/1.20.6/postgresql-1.20.6.jar:/home/runner/.m2/repository/org/wiremock/wiremock/3.0.1/wiremock-3.0.1.jar:/home/runner/.m2/repository/org/eclipse/jetty/jetty-server/11.0.15/jetty-server-11.0.15.jar:/home/runner/.m2/repository/org/eclipse/jetty/toolchain/jetty-jakarta-servlet-api/5.0.2/jetty-jakarta-servlet-api-5.0.2.jar:/home/runner/.m2/repository/org/eclipse/jetty/jetty-http/11.0.15/jetty-http-11.0.15.jar:/home/runner/.m2/repository/org/eclipse/jetty/jetty-io/11.0.15/jetty-io-11.0.15.jar:/home/runner/.m2/repository/org/eclipse/jetty/jetty-servlet/11.0.15/jetty-servlet-11.0.15.jar:/home/runner/.m2/repository/org/eclipse/jetty/jetty-security/11.0.15/jetty-security-11.0.15.jar:/home/runner/.m2/repository/org/eclipse/jetty/jetty-servlets/11.0.15/jetty-servlets-11.0.15.jar:/home/runner/.m2/repository/org/eclipse/jetty/jetty-util/11.0.15/jetty-util-11.0.15.jar:/home/runner/.m2/repository/org/eclipse/jetty/jetty-webapp/11.0.15/jetty-webapp-11.0.15.jar:/home/runner/.m2/repository/org/eclipse/jetty/jetty-xml/11.0.15/jetty-xml-11.0.15.jar:/home/runner/.m2/repository/org/eclipse/jetty/jetty-proxy/11.0.15/jetty-proxy-11.0.15.jar:/home/runner/.m2/repository/org/eclipse/jetty/jetty-client/11.0.15/jetty-client-11.0.15.jar:/home/runner/.m2/repository/org/eclipse/jetty/http2/http2-server/11.0.15/http2-server-11.0.15.jar:/home/runner/.m2/repository/org/eclipse/jetty/http2/http2-common/11.0.15/http2-common-11.0.15.jar:/home/runner/.m2/repository/org/eclipse/jetty/http2/http2-hpack/11.0.15/http2-hpack-11.0.15.jar:/home/runner/.m2/repository/org/eclipse/jetty/jetty-alpn-server/11.0.15/jetty-alpn-server-11.0.15.jar:/home/runner/.m2/repository/org/eclipse/jetty/jetty-alpn-java-server/11.0.15/jetty-alpn-java-server-11.0.15.jar:/home/runner/.m2/repository/org/eclipse/jetty/jetty-alpn-java-client/11.0.15/jetty-alpn-java-client-11.0.15.jar:/home/runner/.m2/repository/org/eclipse/jetty/jetty-alpn-client/11.0.15/jetty-alpn-client-11.0.15.jar:/home/runner/.m2/repository/org/apache/httpcomponents/client5/httpclient5/5.2.1/httpclient5-5.2.1.jar:/home/runner/.m2/repository/org/apache/httpcomponents/core5/httpcore5/5.2/httpcore5-5.2.jar:/home/runner/.m2/repository/org/apache/httpcomponents/core5/httpcore5-h2/5.2/httpcore5-h2-5.2.jar:/home/runner/.m2/repository/org/xmlunit/xmlunit-core/2.9.1/xmlunit-core-2.9.1.jar:/home/runner/.m2/repository/jakarta/xml/bind/jakarta.xml.bind-api/4.0.2/jakarta.xml.bind-api-4.0.2.jar:/home/runner/.m2/repository/org/xmlunit/xmlunit-legacy/2.9.1/xmlunit-legacy-2.9.1.jar:/home/runner/.m2/repository/org/xmlunit/xmlunit-placeholders/2.9.1/xmlunit-placeholders-2.9.1.jar:/home/runner/.m2/repository/net/javacrumbs/json-unit/json-unit-core/2.38.0/json-unit-core-2.38.0.jar:/home/runner/.m2/repository/org/hamcrest/hamcrest-core/2.2/hamcrest-core-2.2.jar:/home/runner/.m2/repository/com/jayway/jsonpath/json-path/2.8.0/json-path-2.8.0.jar:/home/runner/.m2/repository/net/minidev/json-smart/2.4.10/json-smart-2.4.10.jar:/home/runner/.m2/repository/net/minidev/accessors-smart/2.4.9/accessors-smart-2.4.9.jar:/home/runner/.m2/repository/org/ow2/asm/asm/9.7.1/asm-9.7.1.jar:/home/runner/.m2/repository/net/sf/jopt-simple/jopt-simple/5.0.4/jopt-simple-5.0.4.jar:/home/runner/.m2/repository/com/github/jknack/handlebars/4.3.1/handlebars-4.3.1.jar:/home/runner/.m2/repository/com/github/jknack/handlebars-helpers/4.3.1/handlebars-helpers-4.3.1.jar:/home/runner/.m2/repository/commons-fileupload/commons-fileupload/1.5/commons-fileupload-1.5.jar:/home/runner/.m2/repository/com/networknt/json-schema-validator/1.5.8/json-schema-validator-1.5.8.jar:/home/runner/.m2/repository/com/ethlo/time/itu/1.10.3/itu-1.10.3.jar:/home/runner/.m2/repository/io/quarkus/quarkus-smallrye-jwt-build/3.20.2/quarkus-smallrye-jwt-build-3.20.2.jar:/home/runner/.m2/repository/io/smallrye/smallrye-jwt-build/4.6.2/smallrye-jwt-build-4.6.2.jar:/home/runner/.m2/repository/org/eclipse/microprofile/jwt/microprofile-jwt-auth-api/2.1/microprofile-jwt-auth-api-2.1.jar:/home/runner/.m2/repository/org/bitbucket/b_c/jose4j/0.9.6/jose4j-0.9.6.jar:/home/runner/.m2/repository/io/smallrye/smallrye-jwt-common/4.6.2/smallrye-jwt-common-4.6.2.jar:/home/runner/.m2/repository/io/quarkus/quarkus-jsonp/3.20.2/quarkus-jsonp-3.20.2.jar:/home/runner/.m2/repository/io/quarkus/quarkus-arc/3.20.2/quarkus-arc-3.20.2.jar:/home/runner/.m2/repository/io/quarkus/arc/arc/3.20.2/arc-3.20.2.jar:/home/runner/.m2/repository/jakarta/transaction/jakarta.transaction-api/2.0.1/jakarta.transaction-api-2.0.1.jar:/home/runner/.m2/repository/io/smallrye/reactive/mutiny/2.9.2/mutiny-2.9.2.jar:/home/runner/.m2/repository/org/jctools/jctools-core/4.0.5/jctools-core-4.0.5.jar:/home/runner/.m2/repository/org/eclipse/microprofile/context-propagation/microprofile-context-propagation-api/1.3/microprofile-context-propagation-api-1.3.jar:/home/runner/.m2/repository/io/apicurio/apicurio-common-rest-client-common/0.1.18.Final/apicurio-common-rest-client-common-0.1.18.Final.jar:/home/runner/work/apicurio-testing/apicurio-testing/clusters/ci419/namespaces/mysql/tests/integration/apicurio-registry/utils/maven-plugin/target/apicurio-registry-maven-plugin-3.0.12-SNAPSHOT.jar:/home/runner/.m2/repository/com/fasterxml/jackson/core/jackson-databind/2.18.2/jackson-databind-2.18.2.jar:/home/runner/.m2/repository/org/apache/avro/avro/1.12.0/avro-1.12.0.jar:/home/runner/.m2/repository/com/google/protobuf/protobuf-java/4.31.1/protobuf-java-4.31.1.jar:/home/runner/.m2/repository/com/google/protobuf/protobuf-java-util/4.31.1/protobuf-java-util-4.31.1.jar:/home/runner/.m2/repository/com/google/code/findbugs/jsr305/3.0.2/jsr305-3.0.2.jar:/home/runner/.m2/repository/com/google/code/gson/gson/2.12.1/gson-2.12.1.jar:/home/runner/.m2/repository/com/google/errorprone/error_prone_annotations/2.36.0/error_prone_annotations-2.36.0.jar:/home/runner/.m2/repository/com/google/j2objc/j2objc-annotations/2.8/j2objc-annotations-2.8.jar:/home/runner/work/apicurio-testing/apicurio-testing/clusters/ci419/namespaces/mysql/tests/integration/apicurio-registry/schema-util/util-provider/target/apicurio-registry-schema-util-provider-3.0.12-SNAPSHOT.jar:/home/runner/work/apicurio-testing/apicurio-testing/clusters/ci419/namespaces/mysql/tests/integration/apicurio-registry/schema-util/common/target/apicurio-registry-schema-util-common-3.0.12-SNAPSHOT.jar:/home/runner/.m2/repository/com/fasterxml/jackson/module/jackson-module-parameter-names/2.18.2/jackson-module-parameter-names-2.18.2.jar:/home/runner/.m2/repository/com/fasterxml/jackson/datatype/jackson-datatype-json-org/2.18.2/jackson-datatype-json-org-2.18.2.jar:/home/runner/work/apicurio-testing/apicurio-testing/clusters/ci419/namespaces/mysql/tests/integration/apicurio-registry/schema-util/json/target/apicurio-registry-schema-util-json-3.0.12-SNAPSHOT.jar:/home/runner/.m2/repository/com/github/erosb/everit-json-schema/1.14.5/everit-json-schema-1.14.5.jar:/home/runner/.m2/repository/commons-validator/commons-validator/1.9.0/commons-validator-1.9.0.jar:/home/runner/.m2/repository/commons-digester/commons-digester/2.1/commons-digester-2.1.jar:/home/runner/.m2/repository/commons-collections/commons-collections/3.2.2/commons-collections-3.2.2.jar:/home/runner/.m2/repository/com/damnhandy/handy-uri-templates/2.1.8/handy-uri-templates-2.1.8.jar:/home/runner/.m2/repository/joda-time/joda-time/2.10.2/joda-time-2.10.2.jar:/home/runner/.m2/repository/com/github/erosb/json-sKema/0.20.0/json-sKema-0.20.0.jar:/home/runner/.m2/repository/io/vertx/vertx-json-schema/4.5.16/vertx-json-schema-4.5.16.jar:/home/runner/work/apicurio-testing/apicurio-testing/clusters/ci419/namespaces/mysql/tests/integration/apicurio-registry/schema-util/protobuf/target/apicurio-registry-schema-util-protobuf-3.0.12-SNAPSHOT.jar:/home/runner/work/apicurio-testing/apicurio-testing/clusters/ci419/namespaces/mysql/tests/integration/apicurio-registry/utils/protobuf-schema-utilities/target/apicurio-registry-protobuf-schema-utilities-3.0.12-SNAPSHOT.jar:/home/runner/.m2/repository/com/google/api/grpc/proto-google-common-protos/2.52.0/proto-google-common-protos-2.52.0.jar:/home/runner/.m2/repository/com/squareup/wire/wire-schema-jvm/5.3.3/wire-schema-jvm-5.3.3.jar:/home/runner/.m2/repository/com/palantir/javapoet/javapoet/0.6.0/javapoet-0.6.0.jar:/home/runner/.m2/repository/com/squareup/kotlinpoet-jvm/2.0.0/kotlinpoet-jvm-2.0.0.jar:/home/runner/.m2/repository/org/jetbrains/kotlin/kotlin-reflect/2.0.21/kotlin-reflect-2.0.21.jar:/home/runner/.m2/repository/com/squareup/wire/wire-runtime-jvm/5.3.3/wire-runtime-jvm-5.3.3.jar:/home/runner/.m2/repository/com/ibm/icu/icu4j/76.1/icu4j-76.1.jar:/home/runner/.m2/repository/com/squareup/okio/okio-fakefilesystem/3.10.2/okio-fakefilesystem-3.10.2.jar:/home/runner/.m2/repository/com/squareup/okio/okio-fakefilesystem-jvm/3.10.2/okio-fakefilesystem-jvm-3.10.2.jar:/home/runner/.m2/repository/org/jetbrains/kotlinx/kotlinx-datetime-jvm/0.6.1/kotlinx-datetime-jvm-0.6.1.jar:/home/runner/work/apicurio-testing/apicurio-testing/clusters/ci419/namespaces/mysql/tests/integration/apicurio-registry/schema-util/asyncapi/target/apicurio-registry-schema-util-asyncapi-3.0.12-SNAPSHOT.jar:/home/runner/work/apicurio-testing/apicurio-testing/clusters/ci419/namespaces/mysql/tests/integration/apicurio-registry/schema-util/avro/target/apicurio-registry-schema-util-avro-3.0.12-SNAPSHOT.jar:/home/runner/work/apicurio-testing/apicurio-testing/clusters/ci419/namespaces/mysql/tests/integration/apicurio-registry/schema-util/graphql/target/apicurio-registry-schema-util-graphql-3.0.12-SNAPSHOT.jar:/home/runner/.m2/repository/com/graphql-java/graphql-java/22.4/graphql-java-22.4.jar:/home/runner/.m2/repository/com/graphql-java/java-dataloader/3.3.0/java-dataloader-3.3.0.jar:/home/runner/work/apicurio-testing/apicurio-testing/clusters/ci419/namespaces/mysql/tests/integration/apicurio-registry/schema-util/kconnect/target/apicurio-registry-schema-util-kconnect-3.0.12-SNAPSHOT.jar:/home/runner/work/apicurio-testing/apicurio-testing/clusters/ci419/namespaces/mysql/tests/integration/apicurio-registry/schema-util/openapi/target/apicurio-registry-schema-util-openapi-3.0.12-SNAPSHOT.jar:/home/runner/.m2/repository/io/apicurio/apicurio-data-models/2.2.2/apicurio-data-models-2.2.2.jar:/home/runner/.m2/repository/org/openapitools/openapidiff/openapi-diff-core/2.1.2/openapi-diff-core-2.1.2.jar:/home/runner/.m2/repository/io/swagger/parser/v3/swagger-parser/2.1.28/swagger-parser-2.1.28.jar:/home/runner/.m2/repository/io/swagger/parser/v3/swagger-parser-v2-converter/2.1.28/swagger-parser-v2-converter-2.1.28.jar:/home/runner/.m2/repository/io/swagger/swagger-core/1.6.16/swagger-core-1.6.16.jar:/home/runner/.m2/repository/io/swagger/swagger-models/1.6.16/swagger-models-1.6.16.jar:/home/runner/.m2/repository/io/swagger/swagger-annotations/1.6.16/swagger-annotations-1.6.16.jar:/home/runner/.m2/repository/io/swagger/swagger-parser/1.0.75/swagger-parser-1.0.75.jar:/home/runner/.m2/repository/io/swagger/swagger-parser-safe-url-resolver/1.0.75/swagger-parser-safe-url-resolver-1.0.75.jar:/home/runner/.m2/repository/io/swagger/swagger-compat-spec-parser/1.0.75/swagger-compat-spec-parser-1.0.75.jar:/home/runner/.m2/repository/com/github/java-json-tools/json-schema-validator/2.2.14/json-schema-validator-2.2.14.jar:/home/runner/.m2/repository/com/github/java-json-tools/jackson-coreutils-equivalence/1.0/jackson-coreutils-equivalence-1.0.jar:/home/runner/.m2/repository/com/github/java-json-tools/json-schema-core/1.2.14/json-schema-core-1.2.14.jar:/home/runner/.m2/repository/com/github/java-json-tools/uri-template/0.10/uri-template-0.10.jar:/home/runner/.m2/repository/com/googlecode/libphonenumber/libphonenumber/8.11.1/libphonenumber-8.11.1.jar:/home/runner/.m2/repository/com/j2html/j2html/1.6.0/j2html-1.6.0.jar:/home/runner/.m2/repository/org/apache/commons/commons-collections4/4.5.0/commons-collections4-4.5.0.jar:/home/runner/.m2/repository/org/slf4j/jcl-over-slf4j/2.0.17/jcl-over-slf4j-2.0.17.jar:/home/runner/.m2/repository/io/swagger/parser/v3/swagger-parser-v3/2.1.31/swagger-parser-v3-2.1.31.jar:/home/runner/.m2/repository/io/swagger/core/v3/swagger-models/2.2.34/swagger-models-2.2.34.jar:/home/runner/.m2/repository/io/swagger/core/v3/swagger-core/2.2.34/swagger-core-2.2.34.jar:/home/runner/.m2/repository/io/swagger/parser/v3/swagger-parser-core/2.1.31/swagger-parser-core-2.1.31.jar:/home/runner/.m2/repository/io/swagger/parser/v3/swagger-parser-safe-url-resolver/2.1.31/swagger-parser-safe-url-resolver-2.1.31.jar:/home/runner/work/apicurio-testing/apicurio-testing/clusters/ci419/namespaces/mysql/tests/integration/apicurio-registry/schema-util/wsdl/target/apicurio-registry-schema-util-wsdl-3.0.12-SNAPSHOT.jar:/home/runner/.m2/repository/wsdl4j/wsdl4j/1.6.3/wsdl4j-1.6.3.jar:/home/runner/work/apicurio-testing/apicurio-testing/clusters/ci419/namespaces/mysql/tests/integration/apicurio-registry/schema-util/xml/target/apicurio-registry-schema-util-xml-3.0.12-SNAPSHOT.jar:/home/runner/.m2/repository/org/apache/santuario/xmlsec/4.0.4/xmlsec-4.0.4.jar:/home/runner/.m2/repository/com/fasterxml/woodstox/woodstox-core/7.1.1/woodstox-core-7.1.1.jar:/home/runner/.m2/repository/org/codehaus/woodstox/stax2-api/4.2.2/stax2-api-4.2.2.jar:/home/runner/work/apicurio-testing/apicurio-testing/clusters/ci419/namespaces/mysql/tests/integration/apicurio-registry/schema-util/xsd/target/apicurio-registry-schema-util-xsd-3.0.12-SNAPSHOT.jar:/home/runner/work/apicurio-testing/apicurio-testing/clusters/ci419/namespaces/mysql/tests/integration/apicurio-registry/serdes/kafka/jsonschema-serde/target/apicurio-registry-jsonschema-serde-kafka-3.0.12-SNAPSHOT.jar:/home/runner/work/apicurio-testing/apicurio-testing/clusters/ci419/namespaces/mysql/tests/integration/apicurio-registry/serdes/kafka/serde-kafka-common/target/apicurio-registry-serde-kafka-common-3.0.12-SNAPSHOT.jar:/home/runner/work/apicurio-testing/apicurio-testing/clusters/ci419/namespaces/mysql/tests/integration/apicurio-registry/serdes/generic/serde-common/target/apicurio-registry-serde-common-3.0.12-SNAPSHOT.jar:/home/runner/work/apicurio-testing/apicurio-testing/clusters/ci419/namespaces/mysql/tests/integration/apicurio-registry/serdes/generic/serde-common-jsonschema/target/apicurio-registry-serde-common-jsonschema-3.0.12-SNAPSHOT.jar:/home/runner/.m2/repository/org/json/json/20250107/json-20250107.jar:/home/runner/work/apicurio-testing/apicurio-testing/clusters/ci419/namespaces/mysql/tests/integration/apicurio-registry/serdes/kafka/avro-serde/target/apicurio-registry-avro-serde-kafka-3.0.12-SNAPSHOT.jar:/home/runner/work/apicurio-testing/apicurio-testing/clusters/ci419/namespaces/mysql/tests/integration/apicurio-registry/serdes/generic/serde-common-avro/target/apicurio-registry-serde-common-avro-3.0.12-SNAPSHOT.jar:/home/runner/work/apicurio-testing/apicurio-testing/clusters/ci419/namespaces/mysql/tests/integration/apicurio-registry/serdes/kafka/protobuf-serde/target/apicurio-registry-protobuf-serde-kafka-3.0.12-SNAPSHOT.jar:/home/runner/work/apicurio-testing/apicurio-testing/clusters/ci419/namespaces/mysql/tests/integration/apicurio-registry/serdes/generic/serde-common-protobuf/target/apicurio-registry-serde-common-protobuf-3.0.12-SNAPSHOT.jar:/home/runner/.m2/repository/com/squareup/wire/wire-schema/5.3.3/wire-schema-5.3.3.jar:/home/runner/.m2/repository/com/squareup/wire/wire-runtime/5.3.3/wire-runtime-5.3.3.jar:/home/runner/work/apicurio-testing/apicurio-testing/clusters/ci419/namespaces/mysql/tests/integration/apicurio-registry/serdes/pulsar/avro-serde/target/apicurio-registry-avro-serde-pulsar-3.0.12-SNAPSHOT.jar:/home/runner/.m2/repository/org/apache/pulsar/pulsar-functions-api/3.3.8/pulsar-functions-api-3.3.8.jar:/home/runner/work/apicurio-testing/apicurio-testing/clusters/ci419/namespaces/mysql/tests/integration/apicurio-registry/serdes/nats/avro-serde/target/apicurio-registry-avro-serde-nats-3.0.12-SNAPSHOT.jar:/home/runner/.m2/repository/io/nats/jnats/2.21.4/jnats-2.21.4.jar:/home/runner/.m2/repository/org/bouncycastle/bcprov-lts8on/2.73.7/bcprov-lts8on-2.73.7.jar:/home/runner/.m2/repository/org/jetbrains/annotations/26.0.2/annotations-26.0.2.jar:/home/runner/work/apicurio-testing/apicurio-testing/clusters/ci419/namespaces/mysql/tests/integration/apicurio-registry/utils/converter/target/apicurio-registry-utils-converter-3.0.12-SNAPSHOT.jar:/home/runner/work/apicurio-testing/apicurio-testing/clusters/ci419/namespaces/mysql/tests/integration/apicurio-registry/schema-resolver/target/apicurio-registry-schema-resolver-3.0.12-SNAPSHOT.jar:/home/runner/.m2/repository/org/apache/kafka/connect-api/3.9.1/connect-api-3.9.1.jar:/home/runner/.m2/repository/javax/ws/rs/javax.ws.rs-api/2.1.1/javax.ws.rs-api-2.1.1.jar:/home/runner/.m2/repository/org/apache/kafka/connect-json/3.9.1/connect-json-3.9.1.jar:/home/runner/.m2/repository/com/fasterxml/jackson/datatype/jackson-datatype-jdk8/2.18.2/jackson-datatype-jdk8-2.18.2.jar:/home/runner/.m2/repository/com/fasterxml/jackson/module/jackson-module-afterburner/2.18.2/jackson-module-afterburner-2.18.2.jar:/home/runner/work/apicurio-testing/apicurio-testing/clusters/ci419/namespaces/mysql/tests/integration/apicurio-registry/utils/kafka/target/apicurio-registry-utils-kafka-3.0.12-SNAPSHOT.jar:/home/runner/.m2/repository/org/apache/pulsar/pulsar-client/3.3.8/pulsar-client-3.3.8.jar:/home/runner/.m2/repository/org/apache/pulsar/pulsar-client-api/3.3.8/pulsar-client-api-3.3.8.jar:/home/runner/.m2/repository/org/apache/pulsar/pulsar-client-admin-api/3.3.8/pulsar-client-admin-api-3.3.8.jar:/home/runner/.m2/repository/org/apache/pulsar/bouncy-castle-bc/3.3.8/bouncy-castle-bc-3.3.8-pkg.jar:/home/runner/.m2/repository/org/bouncycastle/bcpkix-jdk18on/1.81/bcpkix-jdk18on-1.81.jar:/home/runner/.m2/repository/org/bouncycastle/bcutil-jdk18on/1.81/bcutil-jdk18on-1.81.jar:/home/runner/.m2/repository/org/bouncycastle/bcprov-jdk18on/1.81/bcprov-jdk18on-1.81.jar:/home/runner/.m2/repository/io/opentelemetry/opentelemetry-api/1.44.1/opentelemetry-api-1.44.1.jar:/home/runner/.m2/repository/io/opentelemetry/opentelemetry-context/1.44.1/opentelemetry-context-1.44.1.jar:/home/runner/.m2/repository/io/opentelemetry/opentelemetry-api-incubator/1.44.1-alpha/opentelemetry-api-incubator-1.44.1-alpha.jar:/home/runner/.m2/repository/com/fasterxml/jackson/core/jackson-annotations/2.18.2/jackson-annotations-2.18.2.jar:/home/runner/.m2/repository/javax/validation/validation-api/1.1.0.Final/validation-api-1.1.0.Final.jar:/home/runner/.m2/repository/org/jspecify/jspecify/1.0.0/jspecify-1.0.0.jar:/home/runner/.m2/repository/org/apache/commons/commons-configuration2/2.12.0/commons-configuration2-2.12.0.jar:/home/runner/.m2/repository/commons-logging/commons-logging/1.3.5/commons-logging-1.3.5.jar:/home/runner/.m2/repository/org/apache/commons/commons-text/1.13.0/commons-text-1.13.0.jar:/home/runner/.m2/repository/io/confluent/kafka-avro-serializer/8.0.0/kafka-avro-serializer-8.0.0.jar:/home/runner/.m2/repository/org/apache/commons/commons-compress/1.27.1/commons-compress-1.27.1.jar:/home/runner/.m2/repository/io/confluent/kafka-schema-serializer/8.0.0/kafka-schema-serializer-8.0.0.jar:/home/runner/.m2/repository/com/fasterxml/jackson/dataformat/jackson-dataformat-csv/2.18.2/jackson-dataformat-csv-2.18.2.jar:/home/runner/.m2/repository/io/confluent/kafka-schema-registry-client/8.0.0/kafka-schema-registry-client-8.0.0.jar:/home/runner/.m2/repository/org/yaml/snakeyaml/2.3/snakeyaml-2.3.jar:/home/runner/.m2/repository/io/swagger/core/v3/swagger-annotations/2.2.29/swagger-annotations-2.2.29.jar:/home/runner/.m2/repository/com/google/guava/guava/33.4.0-jre/guava-33.4.0-jre.jar:/home/runner/.m2/repository/com/google/guava/failureaccess/1.0.1/failureaccess-1.0.1.jar:/home/runner/.m2/repository/org/checkerframework/checker-qual/3.49.0/checker-qual-3.49.0.jar:/home/runner/.m2/repository/io/confluent/logredactor/1.0.13/logredactor-1.0.13.jar:/home/runner/.m2/repository/com/google/re2j/re2j/1.6/re2j-1.6.jar:/home/runner/.m2/repository/io/confluent/logredactor-metrics/1.0.13/logredactor-metrics-1.0.13.jar:/home/runner/.m2/repository/com/eclipsesource/minimal-json/minimal-json/0.9.5/minimal-json-0.9.5.jar:/home/runner/.m2/repository/io/confluent/common-utils/8.0.0/common-utils-8.0.0.jar:/home/runner/.m2/repository/io/confluent/kafka-connect-avro-converter/8.0.0/kafka-connect-avro-converter-8.0.0.jar:/home/runner/.m2/repository/io/confluent/kafka-connect-avro-data/8.0.0/kafka-connect-avro-data-8.0.0.jar:/home/runner/.m2/repository/io/confluent/kafka-schema-converter/8.0.0/kafka-schema-converter-8.0.0.jar:/home/runner/.m2/repository/io/rest-assured/rest-assured/5.5.1/rest-assured-5.5.1.jar:/home/runner/.m2/repository/org/apache/groovy/groovy/4.0.22/groovy-4.0.22.jar:/home/runner/.m2/repository/org/apache/groovy/groovy-xml/4.0.22/groovy-xml-4.0.22.jar:/home/runner/.m2/repository/org/apache/httpcomponents/httpclient/4.5.14/httpclient-4.5.14.jar:/home/runner/.m2/repository/org/apache/httpcomponents/httpcore/4.4.16/httpcore-4.4.16.jar:/home/runner/.m2/repository/org/apache/httpcomponents/httpmime/4.5.14/httpmime-4.5.14.jar:/home/runner/.m2/repository/org/hamcrest/hamcrest/2.2/hamcrest-2.2.jar:/home/runner/.m2/repository/org/ccil/cowan/tagsoup/tagsoup/1.2.1/tagsoup-1.2.1.jar:/home/runner/.m2/repository/io/rest-assured/json-path/5.5.1/json-path-5.5.1.jar:/home/runner/.m2/repository/org/apache/groovy/groovy-json/4.0.22/groovy-json-4.0.22.jar:/home/runner/.m2/repository/io/rest-assured/rest-assured-common/5.5.1/rest-assured-common-5.5.1.jar:/home/runner/.m2/repository/io/rest-assured/xml-path/5.5.1/xml-path-5.5.1.jar:/home/runner/.m2/repository/io/zonky/test/embedded-postgres/2.1.0/embedded-postgres-2.1.0.jar:/home/runner/.m2/repository/io/zonky/test/postgres/embedded-postgres-binaries-windows-amd64/14.15.0/embedded-postgres-binaries-windows-amd64-14.15.0.jar:/home/runner/.m2/repository/io/zonky/test/postgres/embedded-postgres-binaries-darwin-amd64/14.15.0/embedded-postgres-binaries-darwin-amd64-14.15.0.jar:/home/runner/.m2/repository/io/zonky/test/postgres/embedded-postgres-binaries-linux-amd64/14.15.0/embedded-postgres-binaries-linux-amd64-14.15.0.jar:/home/runner/.m2/repository/io/zonky/test/postgres/embedded-postgres-binaries-linux-amd64-alpine/14.15.0/embedded-postgres-binaries-linux-amd64-alpine-14.15.0.jar:/home/runner/.m2/repository/org/apache/commons/commons-lang3/3.17.0/commons-lang3-3.17.0.jar:/home/runner/.m2/repository/org/tukaani/xz/1.10/xz-1.10.jar:/home/runner/.m2/repository/commons-codec/commons-codec/1.19.0/commons-codec-1.19.0.jar:/home/runner/.m2/repository/org/postgresql/postgresql/42.7.7/postgresql-42.7.7.jar:/home/runner/.m2/repository/commons-io/commons-io/2.18.0/commons-io-2.18.0.jar:/home/runner/work/apicurio-testing/apicurio-testing/clusters/ci419/namespaces/mysql/tests/integration/apicurio-registry/utils/importexport/target/apicurio-registry-utils-import-export-3.0.12-SNAPSHOT.jar:/home/runner/.m2/repository/io/vertx/vertx-core/4.5.16/vertx-core-4.5.16.jar:/home/runner/.m2/repository/io/netty/netty-common/4.1.121.Final/netty-common-4.1.121.Final.jar:/home/runner/.m2/repository/io/netty/netty-buffer/4.1.121.Final/netty-buffer-4.1.121.Final.jar:/home/runner/.m2/repository/io/netty/netty-transport/4.1.121.Final/netty-transport-4.1.121.Final.jar:/home/runner/.m2/repository/io/netty/netty-handler/4.1.121.Final/netty-handler-4.1.121.Final.jar:/home/runner/.m2/repository/io/netty/netty-transport-native-unix-common/4.1.121.Final/netty-transport-native-unix-common-4.1.121.Final.jar:/home/runner/.m2/repository/io/netty/netty-codec/4.1.121.Final/netty-codec-4.1.121.Final.jar:/home/runner/.m2/repository/io/netty/netty-handler-proxy/4.1.121.Final/netty-handler-proxy-4.1.121.Final.jar:/home/runner/.m2/repository/io/netty/netty-codec-socks/4.1.121.Final/netty-codec-socks-4.1.121.Final.jar:/home/runner/.m2/repository/io/netty/netty-codec-http/4.1.121.Final/netty-codec-http-4.1.121.Final.jar:/home/runner/.m2/repository/io/netty/netty-codec-http2/4.1.121.Final/netty-codec-http2-4.1.121.Final.jar:/home/runner/.m2/repository/io/netty/netty-resolver/4.1.121.Final/netty-resolver-4.1.121.Final.jar:/home/runner/.m2/repository/io/netty/netty-resolver-dns/4.1.121.Final/netty-resolver-dns-4.1.121.Final.jar:/home/runner/.m2/repository/io/netty/netty-codec-dns/4.1.121.Final/netty-codec-dns-4.1.121.Final.jar:/home/runner/.m2/repository/com/fasterxml/jackson/core/jackson-core/2.18.2/jackson-core-2.18.2.jar:"/>
    <property name="sun.cpu.endian" value="little"/>
    <property name="user.home" value="/home/runner"/>
    <property name="user.language" value="en"/>
    <property name="jboss.log-version" value="false"/>
    <property name="java.specification.vendor" value="Oracle Corporation"/>
    <property name="java.version.date" value="2025-07-15"/>
    <property name="java.home" value="/usr/lib/jvm/temurin-17-jdk-amd64"/>
    <property name="file.separator" value="/"/>
    <property name="basedir" value="/home/runner/work/apicurio-testing/apicurio-testing/clusters/ci419/namespaces/mysql/tests/integration/apicurio-registry/integration-tests"/>
    <property name="java.vm.compressedOopsMode" value="32-bit"/>
    <property name="line.separator" value="&#10;"/>
    <property name="java.specification.name" value="Java Platform API Specification"/>
    <property name="java.vm.specification.vendor" value="Oracle Corporation"/>
    <property name="quarkus.http.test-host" value="registry-app-mysql.apps.ci419.apicurio-testing.org"/>
    <property name="surefire.real.class.path" value="/home/runner/work/apicurio-testing/apicurio-testing/clusters/ci419/namespaces/mysql/tests/integration/apicurio-registry/integration-tests/target/surefire/surefirebooter-20250806153650939_3.jar"/>
    <property name="sun.management.compiler" value="HotSpot 64-Bit Tiered Compilers"/>
    <property name="org.eclipse.jetty.http.HttpGenerator.STRICT" value="true"/>
    <property name="java.runtime.version" value="17.0.16+8"/>
    <property name="user.name" value="runner"/>
    <property name="path.separator" value=":"/>
    <property name="os.version" value="6.8.0-1031-azure"/>
    <property name="java.runtime.name" value="OpenJDK Runtime Environment"/>
    <property name="file.encoding" value="UTF-8"/>
    <property name="jnidispatch.path" value="/home/runner/.cache/JNA/temp/jna1045507674671332891.tmp"/>
    <property name="java.vm.name" value="OpenJDK 64-Bit Server VM"/>
    <property name="jna.platform.library.path" value="/usr/lib/x86_64-linux-gnu:/lib/x86_64-linux-gnu:/usr/lib64:/lib64:/usr/lib:/lib:/lib32:/usr/local/lib:/usr/lib/x86_64-linux-gnu/libfakeroot"/>
    <property name="java.vendor.version" value="Temurin-17.0.16+8"/>
    <property name="quarkus.oidc.token-path" value="https://keycloak-mysql.apps.ci419.apicurio-testing.org/realms/registry/protocol/openid-connect/token"/>
    <property name="quarkus.http.host" value="registry-app-mysql.apps.ci419.apicurio-testing.org"/>
    <property name="localRepository" value="/home/runner/.m2/repository"/>
    <property name="javax.xml.xpath.XPathFactory:http://java.sun.com/jaxp/xpath/dom" value="com.sun.org.apache.xpath.internal.jaxp.XPathFactoryImpl"/>
    <property name="jna.loaded" value="true"/>
    <property name="java.vendor.url.bug" value="https://github.com/adoptium/adoptium-support/issues"/>
    <property name="jetty.git.hash" value="5bc5e562c8d05c5862505aebe5cf83a61bdbcb96"/>
    <property name="java.io.tmpdir" value="/tmp"/>
    <property name="quarkus.http.test-protocol" value="http"/>
    <property name="java.version" value="17.0.16"/>
    <property name="user.dir" value="/home/runner/work/apicurio-testing/apicurio-testing/clusters/ci419/namespaces/mysql/tests/integration/apicurio-registry/integration-tests"/>
    <property name="os.arch" value="amd64"/>
    <property name="groups" value="( smoke | serdes | acceptance | ui)"/>
    <property name="java.vm.specification.name" value="Java Virtual Machine Specification"/>
    <property name="native.encoding" value="UTF-8"/>
    <property name="java.util.logging.manager" value="org.jboss.logmanager.LogManager"/>
    <property name="java.library.path" value="/usr/java/packages/lib:/usr/lib64:/lib64:/lib:/usr/lib"/>
    <property name="jdk.console" value="java.base"/>
    <property name="java.vm.info" value="mixed mode, sharing"/>
    <property name="java.vendor" value="Eclipse Adoptium"/>
    <property name="java.vm.version" value="17.0.16+8"/>
    <property name="java.specification.maintenance.version" value="1"/>
    <property name="sun.io.unicode.encoding" value="UnicodeLittle"/>
    <property name="javax.xml.transform.TransformerFactory" value="com.sun.org.apache.xalan.internal.xsltc.trax.TransformerFactoryImpl"/>
    <property name="java.class.version" value="61.0"/>
  </properties>
  <testcase name="testEvolveAvroConfluent" classname="io.apicurio.tests.serdes.confluent.BasicConfluentSerDesIT" time="13.739">
    <system-out><![CDATA[**** Registry Base URL: http://registry-app-mysql.apps.ci419.apicurio-testing.org:80
**** Registry Base URL: http://registry-app-mysql.apps.ci419.apicurio-testing.org:80
2025-08-06 15:40:22,038 INFO  [io.api.tes.ser.con.BasicConfluentSerDesIT] (main) RestAssured configured with http://registry-app-mysql.apps.ci419.apicurio-testing.org:80/apis/registry/v3
**** Registry Base URL: http://registry-app-mysql.apps.ci419.apicurio-testing.org:80
2025-08-06 15:40:22,216 INFO  [io.api.tes.ser.con.BasicConfluentSerDesIT] (main) Deleting confluent schema subj_a8af9b98_b0a7_42f2_9a0b_06fffba299d3-value
2025-08-06 15:40:22,279 INFO  [io.api.tes.ser.con.BasicConfluentSerDesIT] (main) Deleting confluent schema subj_31995c5e_062c_4f39_8932_4e5961387a9d-value
2025-08-06 15:40:22,314 INFO  [io.api.tes.ser.con.BasicConfluentSerDesIT] (main) Deleting confluent schema CUSTOMERS-value
2025-08-06 15:40:22,346 INFO  [io.api.tes.ser.con.BasicConfluentSerDesIT] (main) Deleting confluent schema CUSTOMERS-key
2025-08-06 15:40:22,379 INFO  [io.api.tes.ser.con.BasicConfluentSerDesIT] (main) Deleting confluent schema CUSTOMERS.Value
2025-08-06 15:40:22,411 INFO  [io.api.tes.ser.con.BasicConfluentSerDesIT] (main) Deleting confluent schema subj_5423547f_0b35_43ab_8733_9ec9b124c607-value
2025-08-06 15:40:22,442 INFO  [io.api.tes.ser.con.BasicConfluentSerDesIT] (main) Deleting confluent schema topic-c0d110a6_9798_4ae8_bf66_d5f080ed437d-value
2025-08-06 15:40:22,476 INFO  [io.api.tes.ser.con.BasicConfluentSerDesIT] (main) Deleting confluent schema topic-2956db3c_4781_477c_97b8_8586475941c6-value
2025-08-06 15:40:22,511 INFO  [io.api.tes.ser.con.BasicConfluentSerDesIT] (main) Deleting confluent schema topic-8f79f350_7ab3_4575_9eb0_90f519a0ac53-value
2025-08-06 15:40:22,544 INFO  [io.api.tes.ser.con.BasicConfluentSerDesIT] (main) Deleting confluent schema topic-571f5e2a_a808_44ad_9343_9cf43ff3f407-value
2025-08-06 15:40:22,579 INFO  [io.api.tes.ser.con.BasicConfluentSerDesIT] (main) Deleting confluent schema topic-83a04a66_9e58_4f46_aa77_cc335ebff163-value
2025-08-06 15:40:22,613 INFO  [io.api.tes.ser.con.BasicConfluentSerDesIT] (main) Deleting confluent schema topic-15322d36_145a_40d3_ae5e_d747c2bfff79-value
2025-08-06 15:40:22,648 INFO  [io.api.tes.ser.con.BasicConfluentSerDesIT] (main) Deleting confluent schema myrecordconfluent
2025-08-06 15:40:22,682 INFO  [io.api.tes.ser.con.BasicConfluentSerDesIT] (main) Deleting confluent schema topic-4d770eb4_afe0_4075_aa7e_b48917b7fd24
2025-08-06 15:40:22,716 INFO  [io.api.tes.ser.con.BasicConfluentSerDesIT] (main) Deleting confluent schema topic-3db7fd2f_8d06_4cd1_9df1_1e3a0c614e19-value
2025-08-06 15:40:22,749 INFO  [io.api.tes.ser.con.BasicConfluentSerDesIT] (main) Deleting confluent schema topic-c551d6e0_647f_4b0d_bf57_6ec41857ed20
2025-08-06 15:40:22,782 INFO  [io.api.tes.ser.con.BasicConfluentSerDesIT] (main) Deleting confluent schema topic-2fe9daa2_0aff_4daf_9388_1898f923e44c-value
2025-08-06 15:40:22,814 INFO  [io.api.tes.ser.con.BasicConfluentSerDesIT] (main) Deleting confluent schema topic-a0b6b918_a81d_441b_abf0_119cb5ab3c76
2025-08-06 15:40:22,848 INFO  [io.api.tes.ser.con.BasicConfluentSerDesIT] (main) Deleting confluent schema topic-1f4bb619_c2d3_4544_84de_4fdd3f0c0d4a
2025-08-06 15:40:22,881 INFO  [io.api.tes.ser.con.BasicConfluentSerDesIT] (main) Deleting confluent schema topic-460cbac6_4369_475f_83c6_a9f70a4fe151-value
2025-08-06 15:40:22,914 INFO  [io.api.tes.ser.con.BasicConfluentSerDesIT] (main) Deleting confluent schema sf6b08983xefe6x450fxae8dx62adcb71bf18-value
2025-08-06 15:40:22,948 INFO  [io.api.tes.ser.con.BasicConfluentSerDesIT] (main) Deleting confluent schema google/protobuf/timestamp.proto
2025-08-06 15:40:22,982 INFO  [io.api.tes.ser.con.BasicConfluentSerDesIT] (main) Deleting confluent schema topic-b4a88658_0232_4d1f_86a2_43e28a1ec92d-value
2025-08-06 15:40:23,017 INFO  [io.api.tes.ser.con.BasicConfluentSerDesIT] (main) Deleting confluent schema topic-14916925_af13_4bcd_81f2_a3310c0f01f1-value
2025-08-06 15:40:23,050 INFO  [io.api.tes.ser.con.BasicConfluentSerDesIT] (main) Deleting confluent schema s8ea549e1x29c8x4eccx8045xf52cbb612da6-value
2025-08-06 15:40:23,083 INFO  [io.api.tes.ser.con.BasicConfluentSerDesIT] (main) Deleting confluent schema topic-8a255aee_021a_4e0e_a520_cc7f56057f6d-value
2025-08-06 15:40:23,114 INFO  [io.api.tes.ser.con.BasicConfluentSerDesIT] (main) Deleting confluent schema s9b7aae62xf472x43e9xbf28xfc647f57c626-value
2025-08-06 15:40:23,146 INFO  [io.api.tes.ser.con.BasicConfluentSerDesIT] (main) Deleting confluent schema topic-346d322c_f82b_44a4_a3fb_d71970f622cd-value
2025-08-06 15:40:23,178 INFO  [io.api.tes.ser.con.BasicConfluentSerDesIT] (main) Deleting confluent schema topic-6d9956ac_fa08_4b69_92b5_ffe4db84dee9-value
2025-08-06 15:40:23,209 INFO  [io.api.tes.ser.con.BasicConfluentSerDesIT] (main) Deleting confluent schema topic-238f8d9f_bd42_463c_969b_04bcbed227db
2025-08-06 15:40:23,250 INFO  [io.api.tes.ser.con.BasicConfluentSerDesIT] (main) Deleting confluent schema topic-08ccb190_7606_433f_ac2a_a9bf21537db5
2025-08-06 15:40:23,282 INFO  [io.api.tes.ser.con.BasicConfluentSerDesIT] (main) Deleting confluent schema topic-7bea6624_8299_4444_8f05_d52d754c15f8-value
2025-08-06 15:40:23,314 INFO  [io.api.tes.ser.con.BasicConfluentSerDesIT] (main) Deleting confluent schema topic-bc9fb1ac_02e1_4662_997e_0768ba819001-value
2025-08-06 15:40:23,348 INFO  [io.api.tes.ser.con.BasicConfluentSerDesIT] (main) Deleting confluent schema topic-1f2a928d_c004_48b9_bc59_2d743db1d55b-value
2025-08-06 15:40:23,387 INFO  [io.api.tes.uti.KafkaFacade] (main) Skipping deployment of kafka, because it's already deployed
2025-08-06 15:40:23,388 INFO  [io.api.tes.uti.TestSeparator] (main) ############################################################################
2025-08-06 15:40:23,388 INFO  [io.api.tes.uti.TestSeparator] (main) io.apicurio.tests.serdes.confluent.BasicConfluentSerDesIT.testEvolveAvroConfluent-STARTED
2025-08-06 15:40:23,389 INFO  [org.apa.kaf.cli.adm.AdminClientConfig] (main) AdminClientConfig values: 
	auto.include.jmx.reporter = true
	bootstrap.controllers = []
	bootstrap.servers = [PLAINTEXT://localhost:32769]
	client.dns.lookup = use_all_dns_ips
	client.id = 
	connections.max.idle.ms = 10000
	default.api.timeout.ms = 60000
	enable.metrics.push = true
	metadata.max.age.ms = 300000
	metadata.recovery.strategy = none
	metric.reporters = []
	metrics.num.samples = 2
	metrics.recording.level = INFO
	metrics.sample.window.ms = 30000
	receive.buffer.bytes = 65536
	reconnect.backoff.max.ms = 1000
	reconnect.backoff.ms = 50
	request.timeout.ms = 5000
	retries = 2147483647
	retry.backoff.max.ms = 1000
	retry.backoff.ms = 100
	sasl.client.callback.handler.class = null
	sasl.jaas.config = null
	sasl.kerberos.kinit.cmd = /usr/bin/kinit
	sasl.kerberos.min.time.before.relogin = 60000
	sasl.kerberos.service.name = null
	sasl.kerberos.ticket.renew.jitter = 0.05
	sasl.kerberos.ticket.renew.window.factor = 0.8
	sasl.login.callback.handler.class = null
	sasl.login.class = null
	sasl.login.connect.timeout.ms = null
	sasl.login.read.timeout.ms = null
	sasl.login.refresh.buffer.seconds = 300
	sasl.login.refresh.min.period.seconds = 60
	sasl.login.refresh.window.factor = 0.8
	sasl.login.refresh.window.jitter = 0.05
	sasl.login.retry.backoff.max.ms = 10000
	sasl.login.retry.backoff.ms = 100
	sasl.mechanism = GSSAPI
	sasl.oauthbearer.clock.skew.seconds = 30
	sasl.oauthbearer.expected.audience = null
	sasl.oauthbearer.expected.issuer = null
	sasl.oauthbearer.header.urlencode = false
	sasl.oauthbearer.jwks.endpoint.refresh.ms = 3600000
	sasl.oauthbearer.jwks.endpoint.retry.backoff.max.ms = 10000
	sasl.oauthbearer.jwks.endpoint.retry.backoff.ms = 100
	sasl.oauthbearer.jwks.endpoint.url = null
	sasl.oauthbearer.scope.claim.name = scope
	sasl.oauthbearer.sub.claim.name = sub
	sasl.oauthbearer.token.endpoint.url = null
	security.protocol = PLAINTEXT
	security.providers = null
	send.buffer.bytes = 131072
	socket.connection.setup.timeout.max.ms = 30000
	socket.connection.setup.timeout.ms = 10000
	ssl.cipher.suites = null
	ssl.enabled.protocols = [TLSv1.2, TLSv1.3]
	ssl.endpoint.identification.algorithm = https
	ssl.engine.factory.class = null
	ssl.key.password = null
	ssl.keymanager.algorithm = SunX509
	ssl.keystore.certificate.chain = null
	ssl.keystore.key = null
	ssl.keystore.location = null
	ssl.keystore.password = null
	ssl.keystore.type = JKS
	ssl.protocol = TLSv1.3
	ssl.provider = null
	ssl.secure.random.implementation = null
	ssl.trustmanager.algorithm = PKIX
	ssl.truststore.certificates = null
	ssl.truststore.location = null
	ssl.truststore.password = null
	ssl.truststore.type = JKS

2025-08-06 15:40:23,391 INFO  [org.apa.kaf.com.uti.AppInfoParser] (main) Kafka version: 3.9.1
2025-08-06 15:40:23,391 INFO  [org.apa.kaf.com.uti.AppInfoParser] (main) Kafka commitId: f745dfdcee2b9851
2025-08-06 15:40:23,391 INFO  [org.apa.kaf.com.uti.AppInfoParser] (main) Kafka startTimeMs: 1754494823391
2025-08-06 15:40:23,606 INFO  [io.api.tes.ser.con.BasicConfluentSerDesIT] (main) Checking that created schema is equal to the get schema
2025-08-06 15:40:23,650 INFO  [io.api.tes.ser.con.BasicConfluentSerDesIT] (main) Created schema with id:98 and name:s55802f46x8218x477axb7d2x2bf2852622e9
**** Registry Base URL: http://registry-app-mysql.apps.ci419.apicurio-testing.org:80
2025-08-06 15:40:23,657 INFO  [org.apa.kaf.cli.pro.ProducerConfig] (main) ProducerConfig values: 
	acks = -1
	auto.include.jmx.reporter = true
	batch.size = 16384
	bootstrap.servers = [PLAINTEXT://localhost:32769]
	buffer.memory = 33554432
	client.dns.lookup = use_all_dns_ips
	client.id = Producer-topic-7fb31a11_bab9_456f_afd8_4f118f335ad8
	compression.gzip.level = -1
	compression.lz4.level = 9
	compression.type = none
	compression.zstd.level = 3
	connections.max.idle.ms = 10000
	delivery.timeout.ms = 120000
	enable.idempotence = true
	enable.metrics.push = true
	interceptor.classes = []
	key.serializer = class org.apache.kafka.common.serialization.StringSerializer
	linger.ms = 0
	max.block.ms = 60000
	max.in.flight.requests.per.connection = 5
	max.request.size = 1048576
	metadata.max.age.ms = 300000
	metadata.max.idle.ms = 300000
	metadata.recovery.strategy = none
	metric.reporters = []
	metrics.num.samples = 2
	metrics.recording.level = INFO
	metrics.sample.window.ms = 30000
	partitioner.adaptive.partitioning.enable = true
	partitioner.availability.timeout.ms = 0
	partitioner.class = null
	partitioner.ignore.keys = false
	receive.buffer.bytes = 32768
	reconnect.backoff.max.ms = 1000
	reconnect.backoff.ms = 50
	request.timeout.ms = 5000
	retries = 2147483647
	retry.backoff.max.ms = 1000
	retry.backoff.ms = 100
	sasl.client.callback.handler.class = null
	sasl.jaas.config = null
	sasl.kerberos.kinit.cmd = /usr/bin/kinit
	sasl.kerberos.min.time.before.relogin = 60000
	sasl.kerberos.service.name = null
	sasl.kerberos.ticket.renew.jitter = 0.05
	sasl.kerberos.ticket.renew.window.factor = 0.8
	sasl.login.callback.handler.class = null
	sasl.login.class = null
	sasl.login.connect.timeout.ms = null
	sasl.login.read.timeout.ms = null
	sasl.login.refresh.buffer.seconds = 300
	sasl.login.refresh.min.period.seconds = 60
	sasl.login.refresh.window.factor = 0.8
	sasl.login.refresh.window.jitter = 0.05
	sasl.login.retry.backoff.max.ms = 10000
	sasl.login.retry.backoff.ms = 100
	sasl.mechanism = GSSAPI
	sasl.oauthbearer.clock.skew.seconds = 30
	sasl.oauthbearer.expected.audience = null
	sasl.oauthbearer.expected.issuer = null
	sasl.oauthbearer.header.urlencode = false
	sasl.oauthbearer.jwks.endpoint.refresh.ms = 3600000
	sasl.oauthbearer.jwks.endpoint.retry.backoff.max.ms = 10000
	sasl.oauthbearer.jwks.endpoint.retry.backoff.ms = 100
	sasl.oauthbearer.jwks.endpoint.url = null
	sasl.oauthbearer.scope.claim.name = scope
	sasl.oauthbearer.sub.claim.name = sub
	sasl.oauthbearer.token.endpoint.url = null
	security.protocol = PLAINTEXT
	security.providers = null
	send.buffer.bytes = 131072
	socket.connection.setup.timeout.max.ms = 30000
	socket.connection.setup.timeout.ms = 10000
	ssl.cipher.suites = null
	ssl.enabled.protocols = [TLSv1.2, TLSv1.3]
	ssl.endpoint.identification.algorithm = https
	ssl.engine.factory.class = null
	ssl.key.password = null
	ssl.keymanager.algorithm = SunX509
	ssl.keystore.certificate.chain = null
	ssl.keystore.key = null
	ssl.keystore.location = null
	ssl.keystore.password = null
	ssl.keystore.type = JKS
	ssl.protocol = TLSv1.3
	ssl.provider = null
	ssl.secure.random.implementation = null
	ssl.trustmanager.algorithm = PKIX
	ssl.truststore.certificates = null
	ssl.truststore.location = null
	ssl.truststore.password = null
	ssl.truststore.type = JKS
	transaction.timeout.ms = 60000
	transactional.id = null
	value.serializer = class io.confluent.kafka.serializers.KafkaAvroSerializer

2025-08-06 15:40:23,657 INFO  [org.apa.kaf.com.tel.int.KafkaMetricsCollector] (main) initializing Kafka metrics collector
2025-08-06 15:40:23,662 INFO  [io.con.kaf.ser.KafkaAvroSerializerConfig] (main) KafkaAvroSerializerConfig values: 
	auto.register.schemas = false
	avro.reflection.allow.null = false
	avro.remove.java.properties = false
	avro.use.logical.type.converters = false
	basic.auth.credentials.source = URL
	basic.auth.user.info = [hidden]
	bearer.auth.cache.expiry.buffer.seconds = 300
	bearer.auth.client.id = null
	bearer.auth.client.secret = null
	bearer.auth.credentials.source = STATIC_TOKEN
	bearer.auth.custom.provider.class = null
	bearer.auth.identity.pool.id = null
	bearer.auth.issuer.endpoint.url = null
	bearer.auth.logical.cluster = null
	bearer.auth.scope = null
	bearer.auth.scope.claim.name = scope
	bearer.auth.sub.claim.name = sub
	bearer.auth.token = [hidden]
	context.name.strategy = class io.confluent.kafka.serializers.context.NullContextNameStrategy
	http.connect.timeout.ms = 60000
	http.read.timeout.ms = 60000
	id.compatibility.strict = true
	key.schema.id.deserializer = class io.confluent.kafka.serializers.schema.id.DualSchemaIdDeserializer
	key.schema.id.serializer = class io.confluent.kafka.serializers.schema.id.PrefixSchemaIdSerializer
	key.subject.name.strategy = class io.confluent.kafka.serializers.subject.TopicNameStrategy
	latest.cache.size = 1000
	latest.cache.ttl.sec = -1
	latest.compatibility.strict = true
	max.retries = 3
	max.schemas.per.subject = 1000
	normalize.schemas = false
	propagate.schema.tags = false
	proxy.host = 
	proxy.port = -1
	retries.max.wait.ms = 20000
	retries.wait.ms = 1000
	rule.actions = []
	rule.executors = []
	rule.service.loader.enable = true
	schema.format = null
	schema.reflection = false
	schema.registry.basic.auth.user.info = [hidden]
	schema.registry.ssl.cipher.suites = null
	schema.registry.ssl.enabled.protocols = [TLSv1.2, TLSv1.3]
	schema.registry.ssl.endpoint.identification.algorithm = https
	schema.registry.ssl.engine.factory.class = null
	schema.registry.ssl.key.password = null
	schema.registry.ssl.keymanager.algorithm = SunX509
	schema.registry.ssl.keystore.certificate.chain = null
	schema.registry.ssl.keystore.key = null
	schema.registry.ssl.keystore.location = null
	schema.registry.ssl.keystore.password = null
	schema.registry.ssl.keystore.type = JKS
	schema.registry.ssl.protocol = TLSv1.3
	schema.registry.ssl.provider = null
	schema.registry.ssl.secure.random.implementation = null
	schema.registry.ssl.trustmanager.algorithm = PKIX
	schema.registry.ssl.truststore.certificates = null
	schema.registry.ssl.truststore.location = null
	schema.registry.ssl.truststore.password = null
	schema.registry.ssl.truststore.type = JKS
	schema.registry.url = [http://registry-app-mysql.apps.ci419.apicurio-testing.org:80/apis/ccompat/v7]
	schema.registry.url.randomize = false
	use.latest.version = false
	use.latest.with.metadata = null
	use.schema.id = -1
	value.schema.id.deserializer = class io.confluent.kafka.serializers.schema.id.DualSchemaIdDeserializer
	value.schema.id.serializer = class io.confluent.kafka.serializers.schema.id.PrefixSchemaIdSerializer
	value.subject.name.strategy = class io.confluent.kafka.serializers.subject.TopicRecordNameStrategy

2025-08-06 15:40:23,679 INFO  [org.apa.kaf.cli.pro.KafkaProducer] (main) [Producer clientId=Producer-topic-7fb31a11_bab9_456f_afd8_4f118f335ad8] Instantiated an idempotent producer.
2025-08-06 15:40:23,685 INFO  [org.apa.kaf.cli.pro.ProducerConfig] (main) These configurations '[schema.registry.url, auto.register.schemas, value.subject.name.strategy]' were supplied but are not used yet.
2025-08-06 15:40:23,685 INFO  [org.apa.kaf.com.uti.AppInfoParser] (main) Kafka version: 3.9.1
2025-08-06 15:40:23,685 INFO  [org.apa.kaf.com.uti.AppInfoParser] (main) Kafka commitId: f745dfdcee2b9851
2025-08-06 15:40:23,685 INFO  [org.apa.kaf.com.uti.AppInfoParser] (main) Kafka startTimeMs: 1754494823685
**** Registry Base URL: http://registry-app-mysql.apps.ci419.apicurio-testing.org:80
2025-08-06 15:40:23,689 INFO  [org.apa.kaf.cli.Metadata] (kafka-producer-network-thread | Producer-topic-7fb31a11_bab9_456f_afd8_4f118f335ad8) [Producer clientId=Producer-topic-7fb31a11_bab9_456f_afd8_4f118f335ad8] Cluster ID: dgPJ9z-1S5ugXzLx2i-R9Q
2025-08-06 15:40:23,689 INFO  [org.apa.kaf.cli.pro.int.TransactionManager] (kafka-producer-network-thread | Producer-topic-7fb31a11_bab9_456f_afd8_4f118f335ad8) [Producer clientId=Producer-topic-7fb31a11_bab9_456f_afd8_4f118f335ad8] ProducerId set to 39 with epoch 0
2025-08-06 15:40:23,690 INFO  [org.apa.kaf.cli.con.ConsumerConfig] (main) ConsumerConfig values: 
	allow.auto.create.topics = true
	auto.commit.interval.ms = 500
	auto.include.jmx.reporter = true
	auto.offset.reset = earliest
	bootstrap.servers = [PLAINTEXT://localhost:32769]
	check.crcs = true
	client.dns.lookup = use_all_dns_ips
	client.id = consumer-Consumer-topic-7fb31a11_bab9_456f_afd8_4f118f335ad8-31
	client.rack = 
	connections.max.idle.ms = 10000
	default.api.timeout.ms = 60000
	enable.auto.commit = true
	enable.metrics.push = true
	exclude.internal.topics = true
	fetch.max.bytes = 52428800
	fetch.max.wait.ms = 500
	fetch.min.bytes = 1
	group.id = Consumer-topic-7fb31a11_bab9_456f_afd8_4f118f335ad8
	group.instance.id = null
	group.protocol = classic
	group.remote.assignor = null
	heartbeat.interval.ms = 3000
	interceptor.classes = []
	internal.leave.group.on.close = true
	internal.throw.on.fetch.stable.offset.unsupported = false
	isolation.level = read_uncommitted
	key.deserializer = class org.apache.kafka.common.serialization.StringDeserializer
	max.partition.fetch.bytes = 1048576
	max.poll.interval.ms = 300000
	max.poll.records = 500
	metadata.max.age.ms = 300000
	metadata.recovery.strategy = none
	metric.reporters = []
	metrics.num.samples = 2
	metrics.recording.level = INFO
	metrics.sample.window.ms = 30000
	partition.assignment.strategy = [class org.apache.kafka.clients.consumer.RangeAssignor, class org.apache.kafka.clients.consumer.CooperativeStickyAssignor]
	receive.buffer.bytes = 65536
	reconnect.backoff.max.ms = 1000
	reconnect.backoff.ms = 50
	request.timeout.ms = 5000
	retry.backoff.max.ms = 1000
	retry.backoff.ms = 100
	sasl.client.callback.handler.class = null
	sasl.jaas.config = null
	sasl.kerberos.kinit.cmd = /usr/bin/kinit
	sasl.kerberos.min.time.before.relogin = 60000
	sasl.kerberos.service.name = null
	sasl.kerberos.ticket.renew.jitter = 0.05
	sasl.kerberos.ticket.renew.window.factor = 0.8
	sasl.login.callback.handler.class = null
	sasl.login.class = null
	sasl.login.connect.timeout.ms = null
	sasl.login.read.timeout.ms = null
	sasl.login.refresh.buffer.seconds = 300
	sasl.login.refresh.min.period.seconds = 60
	sasl.login.refresh.window.factor = 0.8
	sasl.login.refresh.window.jitter = 0.05
	sasl.login.retry.backoff.max.ms = 10000
	sasl.login.retry.backoff.ms = 100
	sasl.mechanism = GSSAPI
	sasl.oauthbearer.clock.skew.seconds = 30
	sasl.oauthbearer.expected.audience = null
	sasl.oauthbearer.expected.issuer = null
	sasl.oauthbearer.header.urlencode = false
	sasl.oauthbearer.jwks.endpoint.refresh.ms = 3600000
	sasl.oauthbearer.jwks.endpoint.retry.backoff.max.ms = 10000
	sasl.oauthbearer.jwks.endpoint.retry.backoff.ms = 100
	sasl.oauthbearer.jwks.endpoint.url = null
	sasl.oauthbearer.scope.claim.name = scope
	sasl.oauthbearer.sub.claim.name = sub
	sasl.oauthbearer.token.endpoint.url = null
	security.protocol = PLAINTEXT
	security.providers = null
	send.buffer.bytes = 131072
	session.timeout.ms = 45000
	socket.connection.setup.timeout.max.ms = 30000
	socket.connection.setup.timeout.ms = 10000
	ssl.cipher.suites = null
	ssl.enabled.protocols = [TLSv1.2, TLSv1.3]
	ssl.endpoint.identification.algorithm = https
	ssl.engine.factory.class = null
	ssl.key.password = null
	ssl.keymanager.algorithm = SunX509
	ssl.keystore.certificate.chain = null
	ssl.keystore.key = null
	ssl.keystore.location = null
	ssl.keystore.password = null
	ssl.keystore.type = JKS
	ssl.protocol = TLSv1.3
	ssl.provider = null
	ssl.secure.random.implementation = null
	ssl.trustmanager.algorithm = PKIX
	ssl.truststore.certificates = null
	ssl.truststore.location = null
	ssl.truststore.password = null
	ssl.truststore.type = JKS
	value.deserializer = class io.confluent.kafka.serializers.KafkaAvroDeserializer

2025-08-06 15:40:23,690 INFO  [org.apa.kaf.com.tel.int.KafkaMetricsCollector] (main) initializing Kafka metrics collector
2025-08-06 15:40:23,691 INFO  [io.con.kaf.ser.KafkaAvroDeserializerConfig] (main) KafkaAvroDeserializerConfig values: 
	auto.register.schemas = true
	avro.reflection.allow.null = false
	avro.use.logical.type.converters = false
	basic.auth.credentials.source = URL
	basic.auth.user.info = [hidden]
	bearer.auth.cache.expiry.buffer.seconds = 300
	bearer.auth.client.id = null
	bearer.auth.client.secret = null
	bearer.auth.credentials.source = STATIC_TOKEN
	bearer.auth.custom.provider.class = null
	bearer.auth.identity.pool.id = null
	bearer.auth.issuer.endpoint.url = null
	bearer.auth.logical.cluster = null
	bearer.auth.scope = null
	bearer.auth.scope.claim.name = scope
	bearer.auth.sub.claim.name = sub
	bearer.auth.token = [hidden]
	context.name.strategy = class io.confluent.kafka.serializers.context.NullContextNameStrategy
	http.connect.timeout.ms = 60000
	http.read.timeout.ms = 60000
	id.compatibility.strict = true
	key.schema.id.deserializer = class io.confluent.kafka.serializers.schema.id.DualSchemaIdDeserializer
	key.schema.id.serializer = class io.confluent.kafka.serializers.schema.id.PrefixSchemaIdSerializer
	key.subject.name.strategy = class io.confluent.kafka.serializers.subject.TopicNameStrategy
	latest.cache.size = 1000
	latest.cache.ttl.sec = -1
	latest.compatibility.strict = true
	max.retries = 3
	max.schemas.per.subject = 1000
	normalize.schemas = false
	propagate.schema.tags = false
	proxy.host = 
	proxy.port = -1
	retries.max.wait.ms = 20000
	retries.wait.ms = 1000
	rule.actions = []
	rule.executors = []
	rule.service.loader.enable = true
	schema.format = null
	schema.reflection = false
	schema.registry.basic.auth.user.info = [hidden]
	schema.registry.ssl.cipher.suites = null
	schema.registry.ssl.enabled.protocols = [TLSv1.2, TLSv1.3]
	schema.registry.ssl.endpoint.identification.algorithm = https
	schema.registry.ssl.engine.factory.class = null
	schema.registry.ssl.key.password = null
	schema.registry.ssl.keymanager.algorithm = SunX509
	schema.registry.ssl.keystore.certificate.chain = null
	schema.registry.ssl.keystore.key = null
	schema.registry.ssl.keystore.location = null
	schema.registry.ssl.keystore.password = null
	schema.registry.ssl.keystore.type = JKS
	schema.registry.ssl.protocol = TLSv1.3
	schema.registry.ssl.provider = null
	schema.registry.ssl.secure.random.implementation = null
	schema.registry.ssl.trustmanager.algorithm = PKIX
	schema.registry.ssl.truststore.certificates = null
	schema.registry.ssl.truststore.location = null
	schema.registry.ssl.truststore.password = null
	schema.registry.ssl.truststore.type = JKS
	schema.registry.url = [http://registry-app-mysql.apps.ci419.apicurio-testing.org:80/apis/ccompat/v7]
	schema.registry.url.randomize = false
	specific.avro.key.type = null
	specific.avro.reader = false
	specific.avro.value.type = null
	use.latest.version = false
	use.latest.with.metadata = null
	use.schema.id = -1
	value.schema.id.deserializer = class io.confluent.kafka.serializers.schema.id.DualSchemaIdDeserializer
	value.schema.id.serializer = class io.confluent.kafka.serializers.schema.id.PrefixSchemaIdSerializer
	value.subject.name.strategy = class io.confluent.kafka.serializers.subject.TopicNameStrategy

2025-08-06 15:40:23,695 INFO  [org.apa.kaf.cli.con.ConsumerConfig] (main) These configurations '[schema.registry.url]' were supplied but are not used yet.
2025-08-06 15:40:23,695 INFO  [org.apa.kaf.com.uti.AppInfoParser] (main) Kafka version: 3.9.1
2025-08-06 15:40:23,695 INFO  [org.apa.kaf.com.uti.AppInfoParser] (main) Kafka commitId: f745dfdcee2b9851
2025-08-06 15:40:23,695 INFO  [org.apa.kaf.com.uti.AppInfoParser] (main) Kafka startTimeMs: 1754494823695
2025-08-06 15:40:23,697 INFO  [io.api.tes.ser.api.KafkaSerdesTester] (Thread-839) Sending message {"key1": "value-0"} to topic topic-7fb31a11_bab9_456f_afd8_4f118f335ad8
2025-08-06 15:40:23,751 INFO  [io.api.tes.ser.api.KafkaSerdesTester] (Thread-839) Sending message {"key1": "value-1"} to topic topic-7fb31a11_bab9_456f_afd8_4f118f335ad8
2025-08-06 15:40:23,754 INFO  [io.api.tes.ser.api.KafkaSerdesTester] (Thread-839) Sending message {"key1": "value-2"} to topic topic-7fb31a11_bab9_456f_afd8_4f118f335ad8
2025-08-06 15:40:23,755 INFO  [io.api.tes.ser.api.KafkaSerdesTester] (Thread-839) Sending message {"key1": "value-3"} to topic topic-7fb31a11_bab9_456f_afd8_4f118f335ad8
2025-08-06 15:40:23,756 INFO  [io.api.tes.ser.api.KafkaSerdesTester] (Thread-839) Sending message {"key1": "value-4"} to topic topic-7fb31a11_bab9_456f_afd8_4f118f335ad8
2025-08-06 15:40:23,757 INFO  [io.api.tes.ser.api.KafkaSerdesTester] (Thread-839) Sending message {"key1": "value-5"} to topic topic-7fb31a11_bab9_456f_afd8_4f118f335ad8
2025-08-06 15:40:23,758 INFO  [io.api.tes.ser.api.KafkaSerdesTester] (Thread-839) Sending message {"key1": "value-6"} to topic topic-7fb31a11_bab9_456f_afd8_4f118f335ad8
2025-08-06 15:40:23,759 INFO  [io.api.tes.ser.api.KafkaSerdesTester] (Thread-839) Sending message {"key1": "value-7"} to topic topic-7fb31a11_bab9_456f_afd8_4f118f335ad8
2025-08-06 15:40:23,760 INFO  [io.api.tes.ser.api.KafkaSerdesTester] (Thread-839) Sending message {"key1": "value-8"} to topic topic-7fb31a11_bab9_456f_afd8_4f118f335ad8
2025-08-06 15:40:23,761 INFO  [io.api.tes.ser.api.KafkaSerdesTester] (Thread-839) Sending message {"key1": "value-9"} to topic topic-7fb31a11_bab9_456f_afd8_4f118f335ad8
2025-08-06 15:40:23,763 INFO  [io.api.tes.ser.api.KafkaSerdesTester] (Thread-839) Produced 10 messages
2025-08-06 15:40:23,763 INFO  [org.apa.kaf.cli.pro.KafkaProducer] (Thread-839) [Producer clientId=Producer-topic-7fb31a11_bab9_456f_afd8_4f118f335ad8] Closing the Kafka producer with timeoutMillis = 9223372036854775807 ms.
2025-08-06 15:40:23,777 INFO  [org.apa.kaf.com.met.Metrics] (Thread-839) Metrics scheduler closed
2025-08-06 15:40:23,777 INFO  [org.apa.kaf.com.met.Metrics] (Thread-839) Closing reporter org.apache.kafka.common.metrics.JmxReporter
2025-08-06 15:40:23,777 INFO  [org.apa.kaf.com.met.Metrics] (Thread-839) Closing reporter org.apache.kafka.common.telemetry.internals.ClientTelemetryReporter
2025-08-06 15:40:23,777 INFO  [org.apa.kaf.com.met.Metrics] (Thread-839) Metrics reporters closed
2025-08-06 15:40:23,778 INFO  [org.apa.kaf.com.uti.AppInfoParser] (Thread-839) App info kafka.producer for Producer-topic-7fb31a11_bab9_456f_afd8_4f118f335ad8 unregistered
2025-08-06 15:40:23,782 INFO  [org.apa.kaf.cli.con.int.ClassicKafkaConsumer] (Thread-840) [Consumer clientId=consumer-Consumer-topic-7fb31a11_bab9_456f_afd8_4f118f335ad8-31, groupId=Consumer-topic-7fb31a11_bab9_456f_afd8_4f118f335ad8] Subscribed to topic(s): topic-7fb31a11_bab9_456f_afd8_4f118f335ad8
2025-08-06 15:40:23,785 INFO  [org.apa.kaf.cli.Metadata] (Thread-840) [Consumer clientId=consumer-Consumer-topic-7fb31a11_bab9_456f_afd8_4f118f335ad8-31, groupId=Consumer-topic-7fb31a11_bab9_456f_afd8_4f118f335ad8] Cluster ID: dgPJ9z-1S5ugXzLx2i-R9Q
2025-08-06 15:40:23,789 INFO  [org.apa.kaf.cli.con.int.ConsumerCoordinator] (Thread-840) [Consumer clientId=consumer-Consumer-topic-7fb31a11_bab9_456f_afd8_4f118f335ad8-31, groupId=Consumer-topic-7fb31a11_bab9_456f_afd8_4f118f335ad8] Discovered group coordinator localhost:32769 (id: 2147483647 rack: null)
2025-08-06 15:40:23,790 INFO  [org.apa.kaf.cli.con.int.ConsumerCoordinator] (Thread-840) [Consumer clientId=consumer-Consumer-topic-7fb31a11_bab9_456f_afd8_4f118f335ad8-31, groupId=Consumer-topic-7fb31a11_bab9_456f_afd8_4f118f335ad8] (Re-)joining group
2025-08-06 15:40:23,793 INFO  [org.apa.kaf.cli.con.int.ConsumerCoordinator] (Thread-840) [Consumer clientId=consumer-Consumer-topic-7fb31a11_bab9_456f_afd8_4f118f335ad8-31, groupId=Consumer-topic-7fb31a11_bab9_456f_afd8_4f118f335ad8] Request joining group due to: need to re-join with the given member-id: consumer-Consumer-topic-7fb31a11_bab9_456f_afd8_4f118f335ad8-31-479cdaa1-4c13-4bb6-9af2-6b03b7d4b5fe
2025-08-06 15:40:23,793 INFO  [org.apa.kaf.cli.con.int.ConsumerCoordinator] (Thread-840) [Consumer clientId=consumer-Consumer-topic-7fb31a11_bab9_456f_afd8_4f118f335ad8-31, groupId=Consumer-topic-7fb31a11_bab9_456f_afd8_4f118f335ad8] (Re-)joining group
2025-08-06 15:40:24,782 INFO  [io.api.tes.ser.api.KafkaSerdesTester] (Thread-840) None found
2025-08-06 15:40:25,782 INFO  [io.api.tes.ser.api.KafkaSerdesTester] (Thread-840) None found
2025-08-06 15:40:26,782 INFO  [io.api.tes.ser.api.KafkaSerdesTester] (Thread-840) None found
2025-08-06 15:40:26,794 INFO  [org.apa.kaf.cli.con.int.ConsumerCoordinator] (Thread-840) [Consumer clientId=consumer-Consumer-topic-7fb31a11_bab9_456f_afd8_4f118f335ad8-31, groupId=Consumer-topic-7fb31a11_bab9_456f_afd8_4f118f335ad8] Successfully joined group with generation Generation{generationId=1, memberId='consumer-Consumer-topic-7fb31a11_bab9_456f_afd8_4f118f335ad8-31-479cdaa1-4c13-4bb6-9af2-6b03b7d4b5fe', protocol='range'}
2025-08-06 15:40:26,795 INFO  [org.apa.kaf.cli.con.int.ConsumerCoordinator] (Thread-840) [Consumer clientId=consumer-Consumer-topic-7fb31a11_bab9_456f_afd8_4f118f335ad8-31, groupId=Consumer-topic-7fb31a11_bab9_456f_afd8_4f118f335ad8] Finished assignment for group at generation 1: {consumer-Consumer-topic-7fb31a11_bab9_456f_afd8_4f118f335ad8-31-479cdaa1-4c13-4bb6-9af2-6b03b7d4b5fe=Assignment(partitions=[topic-7fb31a11_bab9_456f_afd8_4f118f335ad8-0])}
2025-08-06 15:40:26,801 INFO  [org.apa.kaf.cli.con.int.ConsumerCoordinator] (Thread-840) [Consumer clientId=consumer-Consumer-topic-7fb31a11_bab9_456f_afd8_4f118f335ad8-31, groupId=Consumer-topic-7fb31a11_bab9_456f_afd8_4f118f335ad8] Successfully synced group in generation Generation{generationId=1, memberId='consumer-Consumer-topic-7fb31a11_bab9_456f_afd8_4f118f335ad8-31-479cdaa1-4c13-4bb6-9af2-6b03b7d4b5fe', protocol='range'}
2025-08-06 15:40:26,801 INFO  [org.apa.kaf.cli.con.int.ConsumerCoordinator] (Thread-840) [Consumer clientId=consumer-Consumer-topic-7fb31a11_bab9_456f_afd8_4f118f335ad8-31, groupId=Consumer-topic-7fb31a11_bab9_456f_afd8_4f118f335ad8] Notifying assignor about the new Assignment(partitions=[topic-7fb31a11_bab9_456f_afd8_4f118f335ad8-0])
2025-08-06 15:40:26,801 INFO  [org.apa.kaf.cli.con.int.ConsumerRebalanceListenerInvoker] (Thread-840) [Consumer clientId=consumer-Consumer-topic-7fb31a11_bab9_456f_afd8_4f118f335ad8-31, groupId=Consumer-topic-7fb31a11_bab9_456f_afd8_4f118f335ad8] Adding newly assigned partitions: topic-7fb31a11_bab9_456f_afd8_4f118f335ad8-0
2025-08-06 15:40:26,802 INFO  [org.apa.kaf.cli.con.int.ConsumerCoordinator] (Thread-840) [Consumer clientId=consumer-Consumer-topic-7fb31a11_bab9_456f_afd8_4f118f335ad8-31, groupId=Consumer-topic-7fb31a11_bab9_456f_afd8_4f118f335ad8] Found no committed offset for partition topic-7fb31a11_bab9_456f_afd8_4f118f335ad8-0
2025-08-06 15:40:26,803 INFO  [org.apa.kaf.cli.con.int.SubscriptionState] (Thread-840) [Consumer clientId=consumer-Consumer-topic-7fb31a11_bab9_456f_afd8_4f118f335ad8-31, groupId=Consumer-topic-7fb31a11_bab9_456f_afd8_4f118f335ad8] Resetting offset for partition topic-7fb31a11_bab9_456f_afd8_4f118f335ad8-0 to position FetchPosition{offset=0, offsetEpoch=Optional.empty, currentLeader=LeaderAndEpoch{leader=Optional[localhost:32769 (id: 0 rack: null)], epoch=0}}.
2025-08-06 15:40:26,836 INFO  [io.api.tes.ser.api.KafkaSerdesTester] (Thread-840) topic-7fb31a11_bab9_456f_afd8_4f118f335ad8 0 0 {"key1": "value-0"}
2025-08-06 15:40:26,836 INFO  [io.api.tes.ser.api.KafkaSerdesTester] (Thread-840) topic-7fb31a11_bab9_456f_afd8_4f118f335ad8 0 1 {"key1": "value-1"}
2025-08-06 15:40:26,836 INFO  [io.api.tes.ser.api.KafkaSerdesTester] (Thread-840) topic-7fb31a11_bab9_456f_afd8_4f118f335ad8 0 2 {"key1": "value-2"}
2025-08-06 15:40:26,836 INFO  [io.api.tes.ser.api.KafkaSerdesTester] (Thread-840) topic-7fb31a11_bab9_456f_afd8_4f118f335ad8 0 3 {"key1": "value-3"}
2025-08-06 15:40:26,836 INFO  [io.api.tes.ser.api.KafkaSerdesTester] (Thread-840) topic-7fb31a11_bab9_456f_afd8_4f118f335ad8 0 4 {"key1": "value-4"}
2025-08-06 15:40:26,836 INFO  [io.api.tes.ser.api.KafkaSerdesTester] (Thread-840) topic-7fb31a11_bab9_456f_afd8_4f118f335ad8 0 5 {"key1": "value-5"}
2025-08-06 15:40:26,836 INFO  [io.api.tes.ser.api.KafkaSerdesTester] (Thread-840) topic-7fb31a11_bab9_456f_afd8_4f118f335ad8 0 6 {"key1": "value-6"}
2025-08-06 15:40:26,836 INFO  [io.api.tes.ser.api.KafkaSerdesTester] (Thread-840) topic-7fb31a11_bab9_456f_afd8_4f118f335ad8 0 7 {"key1": "value-7"}
2025-08-06 15:40:26,836 INFO  [io.api.tes.ser.api.KafkaSerdesTester] (Thread-840) topic-7fb31a11_bab9_456f_afd8_4f118f335ad8 0 8 {"key1": "value-8"}
2025-08-06 15:40:26,836 INFO  [io.api.tes.ser.api.KafkaSerdesTester] (Thread-840) topic-7fb31a11_bab9_456f_afd8_4f118f335ad8 0 9 {"key1": "value-9"}
2025-08-06 15:40:26,836 INFO  [io.api.tes.ser.api.KafkaSerdesTester] (Thread-840) Consumed 10 messages
2025-08-06 15:40:26,843 INFO  [org.apa.kaf.cli.con.int.ConsumerRebalanceListenerInvoker] (Thread-840) [Consumer clientId=consumer-Consumer-topic-7fb31a11_bab9_456f_afd8_4f118f335ad8-31, groupId=Consumer-topic-7fb31a11_bab9_456f_afd8_4f118f335ad8] Revoke previously assigned partitions topic-7fb31a11_bab9_456f_afd8_4f118f335ad8-0
2025-08-06 15:40:26,843 INFO  [org.apa.kaf.cli.con.int.ConsumerCoordinator] (Thread-840) [Consumer clientId=consumer-Consumer-topic-7fb31a11_bab9_456f_afd8_4f118f335ad8-31, groupId=Consumer-topic-7fb31a11_bab9_456f_afd8_4f118f335ad8] Member consumer-Consumer-topic-7fb31a11_bab9_456f_afd8_4f118f335ad8-31-479cdaa1-4c13-4bb6-9af2-6b03b7d4b5fe sending LeaveGroup request to coordinator localhost:32769 (id: 2147483647 rack: null) due to the consumer is being closed
2025-08-06 15:40:26,843 INFO  [org.apa.kaf.cli.con.int.ConsumerCoordinator] (Thread-840) [Consumer clientId=consumer-Consumer-topic-7fb31a11_bab9_456f_afd8_4f118f335ad8-31, groupId=Consumer-topic-7fb31a11_bab9_456f_afd8_4f118f335ad8] Resetting generation and member id due to: consumer pro-actively leaving the group
2025-08-06 15:40:26,843 INFO  [org.apa.kaf.cli.con.int.ConsumerCoordinator] (Thread-840) [Consumer clientId=consumer-Consumer-topic-7fb31a11_bab9_456f_afd8_4f118f335ad8-31, groupId=Consumer-topic-7fb31a11_bab9_456f_afd8_4f118f335ad8] Request joining group due to: consumer pro-actively leaving the group
2025-08-06 15:40:27,339 INFO  [org.apa.kaf.com.met.Metrics] (Thread-840) Metrics scheduler closed
2025-08-06 15:40:27,339 INFO  [org.apa.kaf.com.met.Metrics] (Thread-840) Closing reporter org.apache.kafka.common.metrics.JmxReporter
2025-08-06 15:40:27,339 INFO  [org.apa.kaf.com.met.Metrics] (Thread-840) Closing reporter org.apache.kafka.common.telemetry.internals.ClientTelemetryReporter
2025-08-06 15:40:27,339 INFO  [org.apa.kaf.com.met.Metrics] (Thread-840) Metrics reporters closed
2025-08-06 15:40:27,341 INFO  [org.apa.kaf.com.uti.AppInfoParser] (Thread-840) App info kafka.consumer for consumer-Consumer-topic-7fb31a11_bab9_456f_afd8_4f118f335ad8-31 unregistered
**** Registry Base URL: http://registry-app-mysql.apps.ci419.apicurio-testing.org:80
2025-08-06 15:40:28,432 INFO  [org.apa.kaf.cli.pro.ProducerConfig] (main) ProducerConfig values: 
	acks = -1
	auto.include.jmx.reporter = true
	batch.size = 16384
	bootstrap.servers = [PLAINTEXT://localhost:32769]
	buffer.memory = 33554432
	client.dns.lookup = use_all_dns_ips
	client.id = Producer-topic-7fb31a11_bab9_456f_afd8_4f118f335ad8
	compression.gzip.level = -1
	compression.lz4.level = 9
	compression.type = none
	compression.zstd.level = 3
	connections.max.idle.ms = 10000
	delivery.timeout.ms = 120000
	enable.idempotence = true
	enable.metrics.push = true
	interceptor.classes = []
	key.serializer = class org.apache.kafka.common.serialization.StringSerializer
	linger.ms = 0
	max.block.ms = 60000
	max.in.flight.requests.per.connection = 5
	max.request.size = 1048576
	metadata.max.age.ms = 300000
	metadata.max.idle.ms = 300000
	metadata.recovery.strategy = none
	metric.reporters = []
	metrics.num.samples = 2
	metrics.recording.level = INFO
	metrics.sample.window.ms = 30000
	partitioner.adaptive.partitioning.enable = true
	partitioner.availability.timeout.ms = 0
	partitioner.class = null
	partitioner.ignore.keys = false
	receive.buffer.bytes = 32768
	reconnect.backoff.max.ms = 1000
	reconnect.backoff.ms = 50
	request.timeout.ms = 5000
	retries = 2147483647
	retry.backoff.max.ms = 1000
	retry.backoff.ms = 100
	sasl.client.callback.handler.class = null
	sasl.jaas.config = null
	sasl.kerberos.kinit.cmd = /usr/bin/kinit
	sasl.kerberos.min.time.before.relogin = 60000
	sasl.kerberos.service.name = null
	sasl.kerberos.ticket.renew.jitter = 0.05
	sasl.kerberos.ticket.renew.window.factor = 0.8
	sasl.login.callback.handler.class = null
	sasl.login.class = null
	sasl.login.connect.timeout.ms = null
	sasl.login.read.timeout.ms = null
	sasl.login.refresh.buffer.seconds = 300
	sasl.login.refresh.min.period.seconds = 60
	sasl.login.refresh.window.factor = 0.8
	sasl.login.refresh.window.jitter = 0.05
	sasl.login.retry.backoff.max.ms = 10000
	sasl.login.retry.backoff.ms = 100
	sasl.mechanism = GSSAPI
	sasl.oauthbearer.clock.skew.seconds = 30
	sasl.oauthbearer.expected.audience = null
	sasl.oauthbearer.expected.issuer = null
	sasl.oauthbearer.header.urlencode = false
	sasl.oauthbearer.jwks.endpoint.refresh.ms = 3600000
	sasl.oauthbearer.jwks.endpoint.retry.backoff.max.ms = 10000
	sasl.oauthbearer.jwks.endpoint.retry.backoff.ms = 100
	sasl.oauthbearer.jwks.endpoint.url = null
	sasl.oauthbearer.scope.claim.name = scope
	sasl.oauthbearer.sub.claim.name = sub
	sasl.oauthbearer.token.endpoint.url = null
	security.protocol = PLAINTEXT
	security.providers = null
	send.buffer.bytes = 131072
	socket.connection.setup.timeout.max.ms = 30000
	socket.connection.setup.timeout.ms = 10000
	ssl.cipher.suites = null
	ssl.enabled.protocols = [TLSv1.2, TLSv1.3]
	ssl.endpoint.identification.algorithm = https
	ssl.engine.factory.class = null
	ssl.key.password = null
	ssl.keymanager.algorithm = SunX509
	ssl.keystore.certificate.chain = null
	ssl.keystore.key = null
	ssl.keystore.location = null
	ssl.keystore.password = null
	ssl.keystore.type = JKS
	ssl.protocol = TLSv1.3
	ssl.provider = null
	ssl.secure.random.implementation = null
	ssl.trustmanager.algorithm = PKIX
	ssl.truststore.certificates = null
	ssl.truststore.location = null
	ssl.truststore.password = null
	ssl.truststore.type = JKS
	transaction.timeout.ms = 60000
	transactional.id = null
	value.serializer = class io.confluent.kafka.serializers.KafkaAvroSerializer

2025-08-06 15:40:28,432 INFO  [org.apa.kaf.com.tel.int.KafkaMetricsCollector] (main) initializing Kafka metrics collector
2025-08-06 15:40:28,433 INFO  [io.con.kaf.ser.KafkaAvroSerializerConfig] (main) KafkaAvroSerializerConfig values: 
	auto.register.schemas = false
	avro.reflection.allow.null = false
	avro.remove.java.properties = false
	avro.use.logical.type.converters = false
	basic.auth.credentials.source = URL
	basic.auth.user.info = [hidden]
	bearer.auth.cache.expiry.buffer.seconds = 300
	bearer.auth.client.id = null
	bearer.auth.client.secret = null
	bearer.auth.credentials.source = STATIC_TOKEN
	bearer.auth.custom.provider.class = null
	bearer.auth.identity.pool.id = null
	bearer.auth.issuer.endpoint.url = null
	bearer.auth.logical.cluster = null
	bearer.auth.scope = null
	bearer.auth.scope.claim.name = scope
	bearer.auth.sub.claim.name = sub
	bearer.auth.token = [hidden]
	context.name.strategy = class io.confluent.kafka.serializers.context.NullContextNameStrategy
	http.connect.timeout.ms = 60000
	http.read.timeout.ms = 60000
	id.compatibility.strict = true
	key.schema.id.deserializer = class io.confluent.kafka.serializers.schema.id.DualSchemaIdDeserializer
	key.schema.id.serializer = class io.confluent.kafka.serializers.schema.id.PrefixSchemaIdSerializer
	key.subject.name.strategy = class io.confluent.kafka.serializers.subject.TopicNameStrategy
	latest.cache.size = 1000
	latest.cache.ttl.sec = -1
	latest.compatibility.strict = true
	max.retries = 3
	max.schemas.per.subject = 1000
	normalize.schemas = false
	propagate.schema.tags = false
	proxy.host = 
	proxy.port = -1
	retries.max.wait.ms = 20000
	retries.wait.ms = 1000
	rule.actions = []
	rule.executors = []
	rule.service.loader.enable = true
	schema.format = null
	schema.reflection = false
	schema.registry.basic.auth.user.info = [hidden]
	schema.registry.ssl.cipher.suites = null
	schema.registry.ssl.enabled.protocols = [TLSv1.2, TLSv1.3]
	schema.registry.ssl.endpoint.identification.algorithm = https
	schema.registry.ssl.engine.factory.class = null
	schema.registry.ssl.key.password = null
	schema.registry.ssl.keymanager.algorithm = SunX509
	schema.registry.ssl.keystore.certificate.chain = null
	schema.registry.ssl.keystore.key = null
	schema.registry.ssl.keystore.location = null
	schema.registry.ssl.keystore.password = null
	schema.registry.ssl.keystore.type = JKS
	schema.registry.ssl.protocol = TLSv1.3
	schema.registry.ssl.provider = null
	schema.registry.ssl.secure.random.implementation = null
	schema.registry.ssl.trustmanager.algorithm = PKIX
	schema.registry.ssl.truststore.certificates = null
	schema.registry.ssl.truststore.location = null
	schema.registry.ssl.truststore.password = null
	schema.registry.ssl.truststore.type = JKS
	schema.registry.url = [http://registry-app-mysql.apps.ci419.apicurio-testing.org:80/apis/ccompat/v7]
	schema.registry.url.randomize = false
	use.latest.version = false
	use.latest.with.metadata = null
	use.schema.id = -1
	value.schema.id.deserializer = class io.confluent.kafka.serializers.schema.id.DualSchemaIdDeserializer
	value.schema.id.serializer = class io.confluent.kafka.serializers.schema.id.PrefixSchemaIdSerializer
	value.subject.name.strategy = class io.confluent.kafka.serializers.subject.TopicRecordNameStrategy

2025-08-06 15:40:28,435 INFO  [org.apa.kaf.cli.pro.KafkaProducer] (main) [Producer clientId=Producer-topic-7fb31a11_bab9_456f_afd8_4f118f335ad8] Instantiated an idempotent producer.
2025-08-06 15:40:28,436 INFO  [org.apa.kaf.cli.pro.ProducerConfig] (main) These configurations '[schema.registry.url, auto.register.schemas, value.subject.name.strategy]' were supplied but are not used yet.
2025-08-06 15:40:28,436 INFO  [org.apa.kaf.com.uti.AppInfoParser] (main) Kafka version: 3.9.1
2025-08-06 15:40:28,436 INFO  [org.apa.kaf.com.uti.AppInfoParser] (main) Kafka commitId: f745dfdcee2b9851
2025-08-06 15:40:28,436 INFO  [org.apa.kaf.com.uti.AppInfoParser] (main) Kafka startTimeMs: 1754494828436
2025-08-06 15:40:28,437 INFO  [io.api.tes.ser.api.KafkaSerdesTester] (Thread-841) Sending message {"key1": "value-0", "key2": "value-0"} to topic topic-7fb31a11_bab9_456f_afd8_4f118f335ad8
2025-08-06 15:40:28,439 INFO  [org.apa.kaf.cli.Metadata] (kafka-producer-network-thread | Producer-topic-7fb31a11_bab9_456f_afd8_4f118f335ad8) [Producer clientId=Producer-topic-7fb31a11_bab9_456f_afd8_4f118f335ad8] Cluster ID: dgPJ9z-1S5ugXzLx2i-R9Q
2025-08-06 15:40:28,439 INFO  [org.apa.kaf.cli.pro.int.TransactionManager] (kafka-producer-network-thread | Producer-topic-7fb31a11_bab9_456f_afd8_4f118f335ad8) [Producer clientId=Producer-topic-7fb31a11_bab9_456f_afd8_4f118f335ad8] ProducerId set to 40 with epoch 0
2025-08-06 15:40:28,481 INFO  [io.api.tes.ser.api.KafkaSerdesTester] (Thread-841) Sending message {"key1": "value-1", "key2": "value-1"} to topic topic-7fb31a11_bab9_456f_afd8_4f118f335ad8
2025-08-06 15:40:28,482 INFO  [io.api.tes.ser.api.KafkaSerdesTester] (Thread-841) Sending message {"key1": "value-2", "key2": "value-2"} to topic topic-7fb31a11_bab9_456f_afd8_4f118f335ad8
2025-08-06 15:40:28,483 INFO  [io.api.tes.ser.api.KafkaSerdesTester] (Thread-841) Sending message {"key1": "value-3", "key2": "value-3"} to topic topic-7fb31a11_bab9_456f_afd8_4f118f335ad8
2025-08-06 15:40:28,484 INFO  [io.api.tes.ser.api.KafkaSerdesTester] (Thread-841) Sending message {"key1": "value-4", "key2": "value-4"} to topic topic-7fb31a11_bab9_456f_afd8_4f118f335ad8
2025-08-06 15:40:28,485 INFO  [io.api.tes.ser.api.KafkaSerdesTester] (Thread-841) Sending message {"key1": "value-5", "key2": "value-5"} to topic topic-7fb31a11_bab9_456f_afd8_4f118f335ad8
2025-08-06 15:40:28,486 INFO  [io.api.tes.ser.api.KafkaSerdesTester] (Thread-841) Sending message {"key1": "value-6", "key2": "value-6"} to topic topic-7fb31a11_bab9_456f_afd8_4f118f335ad8
2025-08-06 15:40:28,487 INFO  [io.api.tes.ser.api.KafkaSerdesTester] (Thread-841) Sending message {"key1": "value-7", "key2": "value-7"} to topic topic-7fb31a11_bab9_456f_afd8_4f118f335ad8
2025-08-06 15:40:28,489 INFO  [io.api.tes.ser.api.KafkaSerdesTester] (Thread-841) Sending message {"key1": "value-8", "key2": "value-8"} to topic topic-7fb31a11_bab9_456f_afd8_4f118f335ad8
2025-08-06 15:40:28,491 INFO  [io.api.tes.ser.api.KafkaSerdesTester] (Thread-841) Sending message {"key1": "value-9", "key2": "value-9"} to topic topic-7fb31a11_bab9_456f_afd8_4f118f335ad8
2025-08-06 15:40:28,492 INFO  [io.api.tes.ser.api.KafkaSerdesTester] (Thread-841) Produced 10 messages
2025-08-06 15:40:28,492 INFO  [org.apa.kaf.cli.pro.KafkaProducer] (Thread-841) [Producer clientId=Producer-topic-7fb31a11_bab9_456f_afd8_4f118f335ad8] Closing the Kafka producer with timeoutMillis = 9223372036854775807 ms.
2025-08-06 15:40:28,494 INFO  [org.apa.kaf.com.met.Metrics] (Thread-841) Metrics scheduler closed
2025-08-06 15:40:28,494 INFO  [org.apa.kaf.com.met.Metrics] (Thread-841) Closing reporter org.apache.kafka.common.metrics.JmxReporter
2025-08-06 15:40:28,494 INFO  [org.apa.kaf.com.met.Metrics] (Thread-841) Closing reporter org.apache.kafka.common.telemetry.internals.ClientTelemetryReporter
2025-08-06 15:40:28,494 INFO  [org.apa.kaf.com.met.Metrics] (Thread-841) Metrics reporters closed
2025-08-06 15:40:28,494 INFO  [org.apa.kaf.com.uti.AppInfoParser] (Thread-841) App info kafka.producer for Producer-topic-7fb31a11_bab9_456f_afd8_4f118f335ad8 unregistered
**** Registry Base URL: http://registry-app-mysql.apps.ci419.apicurio-testing.org:80
2025-08-06 15:40:28,494 INFO  [org.apa.kaf.cli.pro.ProducerConfig] (main) ProducerConfig values: 
	acks = -1
	auto.include.jmx.reporter = true
	batch.size = 16384
	bootstrap.servers = [PLAINTEXT://localhost:32769]
	buffer.memory = 33554432
	client.dns.lookup = use_all_dns_ips
	client.id = Producer-topic-7fb31a11_bab9_456f_afd8_4f118f335ad8
	compression.gzip.level = -1
	compression.lz4.level = 9
	compression.type = none
	compression.zstd.level = 3
	connections.max.idle.ms = 10000
	delivery.timeout.ms = 120000
	enable.idempotence = true
	enable.metrics.push = true
	interceptor.classes = []
	key.serializer = class org.apache.kafka.common.serialization.StringSerializer
	linger.ms = 0
	max.block.ms = 60000
	max.in.flight.requests.per.connection = 5
	max.request.size = 1048576
	metadata.max.age.ms = 300000
	metadata.max.idle.ms = 300000
	metadata.recovery.strategy = none
	metric.reporters = []
	metrics.num.samples = 2
	metrics.recording.level = INFO
	metrics.sample.window.ms = 30000
	partitioner.adaptive.partitioning.enable = true
	partitioner.availability.timeout.ms = 0
	partitioner.class = null
	partitioner.ignore.keys = false
	receive.buffer.bytes = 32768
	reconnect.backoff.max.ms = 1000
	reconnect.backoff.ms = 50
	request.timeout.ms = 5000
	retries = 2147483647
	retry.backoff.max.ms = 1000
	retry.backoff.ms = 100
	sasl.client.callback.handler.class = null
	sasl.jaas.config = null
	sasl.kerberos.kinit.cmd = /usr/bin/kinit
	sasl.kerberos.min.time.before.relogin = 60000
	sasl.kerberos.service.name = null
	sasl.kerberos.ticket.renew.jitter = 0.05
	sasl.kerberos.ticket.renew.window.factor = 0.8
	sasl.login.callback.handler.class = null
	sasl.login.class = null
	sasl.login.connect.timeout.ms = null
	sasl.login.read.timeout.ms = null
	sasl.login.refresh.buffer.seconds = 300
	sasl.login.refresh.min.period.seconds = 60
	sasl.login.refresh.window.factor = 0.8
	sasl.login.refresh.window.jitter = 0.05
	sasl.login.retry.backoff.max.ms = 10000
	sasl.login.retry.backoff.ms = 100
	sasl.mechanism = GSSAPI
	sasl.oauthbearer.clock.skew.seconds = 30
	sasl.oauthbearer.expected.audience = null
	sasl.oauthbearer.expected.issuer = null
	sasl.oauthbearer.header.urlencode = false
	sasl.oauthbearer.jwks.endpoint.refresh.ms = 3600000
	sasl.oauthbearer.jwks.endpoint.retry.backoff.max.ms = 10000
	sasl.oauthbearer.jwks.endpoint.retry.backoff.ms = 100
	sasl.oauthbearer.jwks.endpoint.url = null
	sasl.oauthbearer.scope.claim.name = scope
	sasl.oauthbearer.sub.claim.name = sub
	sasl.oauthbearer.token.endpoint.url = null
	security.protocol = PLAINTEXT
	security.providers = null
	send.buffer.bytes = 131072
	socket.connection.setup.timeout.max.ms = 30000
	socket.connection.setup.timeout.ms = 10000
	ssl.cipher.suites = null
	ssl.enabled.protocols = [TLSv1.2, TLSv1.3]
	ssl.endpoint.identification.algorithm = https
	ssl.engine.factory.class = null
	ssl.key.password = null
	ssl.keymanager.algorithm = SunX509
	ssl.keystore.certificate.chain = null
	ssl.keystore.key = null
	ssl.keystore.location = null
	ssl.keystore.password = null
	ssl.keystore.type = JKS
	ssl.protocol = TLSv1.3
	ssl.provider = null
	ssl.secure.random.implementation = null
	ssl.trustmanager.algorithm = PKIX
	ssl.truststore.certificates = null
	ssl.truststore.location = null
	ssl.truststore.password = null
	ssl.truststore.type = JKS
	transaction.timeout.ms = 60000
	transactional.id = null
	value.serializer = class io.confluent.kafka.serializers.KafkaAvroSerializer

2025-08-06 15:40:28,495 INFO  [org.apa.kaf.com.tel.int.KafkaMetricsCollector] (main) initializing Kafka metrics collector
2025-08-06 15:40:28,495 INFO  [io.con.kaf.ser.KafkaAvroSerializerConfig] (main) KafkaAvroSerializerConfig values: 
	auto.register.schemas = false
	avro.reflection.allow.null = false
	avro.remove.java.properties = false
	avro.use.logical.type.converters = false
	basic.auth.credentials.source = URL
	basic.auth.user.info = [hidden]
	bearer.auth.cache.expiry.buffer.seconds = 300
	bearer.auth.client.id = null
	bearer.auth.client.secret = null
	bearer.auth.credentials.source = STATIC_TOKEN
	bearer.auth.custom.provider.class = null
	bearer.auth.identity.pool.id = null
	bearer.auth.issuer.endpoint.url = null
	bearer.auth.logical.cluster = null
	bearer.auth.scope = null
	bearer.auth.scope.claim.name = scope
	bearer.auth.sub.claim.name = sub
	bearer.auth.token = [hidden]
	context.name.strategy = class io.confluent.kafka.serializers.context.NullContextNameStrategy
	http.connect.timeout.ms = 60000
	http.read.timeout.ms = 60000
	id.compatibility.strict = true
	key.schema.id.deserializer = class io.confluent.kafka.serializers.schema.id.DualSchemaIdDeserializer
	key.schema.id.serializer = class io.confluent.kafka.serializers.schema.id.PrefixSchemaIdSerializer
	key.subject.name.strategy = class io.confluent.kafka.serializers.subject.TopicNameStrategy
	latest.cache.size = 1000
	latest.cache.ttl.sec = -1
	latest.compatibility.strict = true
	max.retries = 3
	max.schemas.per.subject = 1000
	normalize.schemas = false
	propagate.schema.tags = false
	proxy.host = 
	proxy.port = -1
	retries.max.wait.ms = 20000
	retries.wait.ms = 1000
	rule.actions = []
	rule.executors = []
	rule.service.loader.enable = true
	schema.format = null
	schema.reflection = false
	schema.registry.basic.auth.user.info = [hidden]
	schema.registry.ssl.cipher.suites = null
	schema.registry.ssl.enabled.protocols = [TLSv1.2, TLSv1.3]
	schema.registry.ssl.endpoint.identification.algorithm = https
	schema.registry.ssl.engine.factory.class = null
	schema.registry.ssl.key.password = null
	schema.registry.ssl.keymanager.algorithm = SunX509
	schema.registry.ssl.keystore.certificate.chain = null
	schema.registry.ssl.keystore.key = null
	schema.registry.ssl.keystore.location = null
	schema.registry.ssl.keystore.password = null
	schema.registry.ssl.keystore.type = JKS
	schema.registry.ssl.protocol = TLSv1.3
	schema.registry.ssl.provider = null
	schema.registry.ssl.secure.random.implementation = null
	schema.registry.ssl.trustmanager.algorithm = PKIX
	schema.registry.ssl.truststore.certificates = null
	schema.registry.ssl.truststore.location = null
	schema.registry.ssl.truststore.password = null
	schema.registry.ssl.truststore.type = JKS
	schema.registry.url = [http://registry-app-mysql.apps.ci419.apicurio-testing.org:80/apis/ccompat/v7]
	schema.registry.url.randomize = false
	use.latest.version = false
	use.latest.with.metadata = null
	use.schema.id = -1
	value.schema.id.deserializer = class io.confluent.kafka.serializers.schema.id.DualSchemaIdDeserializer
	value.schema.id.serializer = class io.confluent.kafka.serializers.schema.id.PrefixSchemaIdSerializer
	value.subject.name.strategy = class io.confluent.kafka.serializers.subject.TopicRecordNameStrategy

2025-08-06 15:40:28,497 INFO  [org.apa.kaf.cli.pro.KafkaProducer] (main) [Producer clientId=Producer-topic-7fb31a11_bab9_456f_afd8_4f118f335ad8] Instantiated an idempotent producer.
2025-08-06 15:40:28,499 INFO  [org.apa.kaf.cli.pro.ProducerConfig] (main) These configurations '[schema.registry.url, auto.register.schemas, value.subject.name.strategy]' were supplied but are not used yet.
2025-08-06 15:40:28,499 INFO  [org.apa.kaf.com.uti.AppInfoParser] (main) Kafka version: 3.9.1
2025-08-06 15:40:28,499 INFO  [org.apa.kaf.com.uti.AppInfoParser] (main) Kafka commitId: f745dfdcee2b9851
2025-08-06 15:40:28,499 INFO  [org.apa.kaf.com.uti.AppInfoParser] (main) Kafka startTimeMs: 1754494828499
2025-08-06 15:40:28,499 INFO  [io.api.tes.ser.api.KafkaSerdesTester] (Thread-842) Sending message {"key1": "value-0"} to topic topic-7fb31a11_bab9_456f_afd8_4f118f335ad8
2025-08-06 15:40:28,501 INFO  [org.apa.kaf.cli.Metadata] (kafka-producer-network-thread | Producer-topic-7fb31a11_bab9_456f_afd8_4f118f335ad8) [Producer clientId=Producer-topic-7fb31a11_bab9_456f_afd8_4f118f335ad8] Cluster ID: dgPJ9z-1S5ugXzLx2i-R9Q
2025-08-06 15:40:28,502 INFO  [org.apa.kaf.cli.pro.int.TransactionManager] (kafka-producer-network-thread | Producer-topic-7fb31a11_bab9_456f_afd8_4f118f335ad8) [Producer clientId=Producer-topic-7fb31a11_bab9_456f_afd8_4f118f335ad8] ProducerId set to 41 with epoch 0
2025-08-06 15:40:28,537 INFO  [io.api.tes.ser.api.KafkaSerdesTester] (Thread-842) Sending message {"key1": "value-1"} to topic topic-7fb31a11_bab9_456f_afd8_4f118f335ad8
2025-08-06 15:40:28,538 INFO  [io.api.tes.ser.api.KafkaSerdesTester] (Thread-842) Sending message {"key1": "value-2"} to topic topic-7fb31a11_bab9_456f_afd8_4f118f335ad8
2025-08-06 15:40:28,539 INFO  [io.api.tes.ser.api.KafkaSerdesTester] (Thread-842) Sending message {"key1": "value-3"} to topic topic-7fb31a11_bab9_456f_afd8_4f118f335ad8
2025-08-06 15:40:28,540 INFO  [io.api.tes.ser.api.KafkaSerdesTester] (Thread-842) Sending message {"key1": "value-4"} to topic topic-7fb31a11_bab9_456f_afd8_4f118f335ad8
2025-08-06 15:40:28,545 INFO  [io.api.tes.ser.api.KafkaSerdesTester] (Thread-842) Sending message {"key1": "value-5"} to topic topic-7fb31a11_bab9_456f_afd8_4f118f335ad8
2025-08-06 15:40:28,546 INFO  [io.api.tes.ser.api.KafkaSerdesTester] (Thread-842) Sending message {"key1": "value-6"} to topic topic-7fb31a11_bab9_456f_afd8_4f118f335ad8
2025-08-06 15:40:28,547 INFO  [io.api.tes.ser.api.KafkaSerdesTester] (Thread-842) Sending message {"key1": "value-7"} to topic topic-7fb31a11_bab9_456f_afd8_4f118f335ad8
2025-08-06 15:40:28,548 INFO  [io.api.tes.ser.api.KafkaSerdesTester] (Thread-842) Sending message {"key1": "value-8"} to topic topic-7fb31a11_bab9_456f_afd8_4f118f335ad8
2025-08-06 15:40:28,550 INFO  [io.api.tes.ser.api.KafkaSerdesTester] (Thread-842) Sending message {"key1": "value-9"} to topic topic-7fb31a11_bab9_456f_afd8_4f118f335ad8
2025-08-06 15:40:28,551 INFO  [io.api.tes.ser.api.KafkaSerdesTester] (Thread-842) Produced 10 messages
2025-08-06 15:40:28,551 INFO  [org.apa.kaf.cli.pro.KafkaProducer] (Thread-842) [Producer clientId=Producer-topic-7fb31a11_bab9_456f_afd8_4f118f335ad8] Closing the Kafka producer with timeoutMillis = 9223372036854775807 ms.
2025-08-06 15:40:28,553 INFO  [org.apa.kaf.com.met.Metrics] (Thread-842) Metrics scheduler closed
2025-08-06 15:40:28,553 INFO  [org.apa.kaf.com.met.Metrics] (Thread-842) Closing reporter org.apache.kafka.common.metrics.JmxReporter
2025-08-06 15:40:28,553 INFO  [org.apa.kaf.com.met.Metrics] (Thread-842) Closing reporter org.apache.kafka.common.telemetry.internals.ClientTelemetryReporter
2025-08-06 15:40:28,553 INFO  [org.apa.kaf.com.met.Metrics] (Thread-842) Metrics reporters closed
2025-08-06 15:40:28,554 INFO  [org.apa.kaf.com.uti.AppInfoParser] (Thread-842) App info kafka.producer for Producer-topic-7fb31a11_bab9_456f_afd8_4f118f335ad8 unregistered
**** Registry Base URL: http://registry-app-mysql.apps.ci419.apicurio-testing.org:80
2025-08-06 15:40:28,554 INFO  [org.apa.kaf.cli.con.ConsumerConfig] (main) ConsumerConfig values: 
	allow.auto.create.topics = true
	auto.commit.interval.ms = 500
	auto.include.jmx.reporter = true
	auto.offset.reset = earliest
	bootstrap.servers = [PLAINTEXT://localhost:32769]
	check.crcs = true
	client.dns.lookup = use_all_dns_ips
	client.id = consumer-Consumer-topic-7fb31a11_bab9_456f_afd8_4f118f335ad8-32
	client.rack = 
	connections.max.idle.ms = 10000
	default.api.timeout.ms = 60000
	enable.auto.commit = true
	enable.metrics.push = true
	exclude.internal.topics = true
	fetch.max.bytes = 52428800
	fetch.max.wait.ms = 500
	fetch.min.bytes = 1
	group.id = Consumer-topic-7fb31a11_bab9_456f_afd8_4f118f335ad8
	group.instance.id = null
	group.protocol = classic
	group.remote.assignor = null
	heartbeat.interval.ms = 3000
	interceptor.classes = []
	internal.leave.group.on.close = true
	internal.throw.on.fetch.stable.offset.unsupported = false
	isolation.level = read_uncommitted
	key.deserializer = class org.apache.kafka.common.serialization.StringDeserializer
	max.partition.fetch.bytes = 1048576
	max.poll.interval.ms = 300000
	max.poll.records = 500
	metadata.max.age.ms = 300000
	metadata.recovery.strategy = none
	metric.reporters = []
	metrics.num.samples = 2
	metrics.recording.level = INFO
	metrics.sample.window.ms = 30000
	partition.assignment.strategy = [class org.apache.kafka.clients.consumer.RangeAssignor, class org.apache.kafka.clients.consumer.CooperativeStickyAssignor]
	receive.buffer.bytes = 65536
	reconnect.backoff.max.ms = 1000
	reconnect.backoff.ms = 50
	request.timeout.ms = 5000
	retry.backoff.max.ms = 1000
	retry.backoff.ms = 100
	sasl.client.callback.handler.class = null
	sasl.jaas.config = null
	sasl.kerberos.kinit.cmd = /usr/bin/kinit
	sasl.kerberos.min.time.before.relogin = 60000
	sasl.kerberos.service.name = null
	sasl.kerberos.ticket.renew.jitter = 0.05
	sasl.kerberos.ticket.renew.window.factor = 0.8
	sasl.login.callback.handler.class = null
	sasl.login.class = null
	sasl.login.connect.timeout.ms = null
	sasl.login.read.timeout.ms = null
	sasl.login.refresh.buffer.seconds = 300
	sasl.login.refresh.min.period.seconds = 60
	sasl.login.refresh.window.factor = 0.8
	sasl.login.refresh.window.jitter = 0.05
	sasl.login.retry.backoff.max.ms = 10000
	sasl.login.retry.backoff.ms = 100
	sasl.mechanism = GSSAPI
	sasl.oauthbearer.clock.skew.seconds = 30
	sasl.oauthbearer.expected.audience = null
	sasl.oauthbearer.expected.issuer = null
	sasl.oauthbearer.header.urlencode = false
	sasl.oauthbearer.jwks.endpoint.refresh.ms = 3600000
	sasl.oauthbearer.jwks.endpoint.retry.backoff.max.ms = 10000
	sasl.oauthbearer.jwks.endpoint.retry.backoff.ms = 100
	sasl.oauthbearer.jwks.endpoint.url = null
	sasl.oauthbearer.scope.claim.name = scope
	sasl.oauthbearer.sub.claim.name = sub
	sasl.oauthbearer.token.endpoint.url = null
	security.protocol = PLAINTEXT
	security.providers = null
	send.buffer.bytes = 131072
	session.timeout.ms = 45000
	socket.connection.setup.timeout.max.ms = 30000
	socket.connection.setup.timeout.ms = 10000
	ssl.cipher.suites = null
	ssl.enabled.protocols = [TLSv1.2, TLSv1.3]
	ssl.endpoint.identification.algorithm = https
	ssl.engine.factory.class = null
	ssl.key.password = null
	ssl.keymanager.algorithm = SunX509
	ssl.keystore.certificate.chain = null
	ssl.keystore.key = null
	ssl.keystore.location = null
	ssl.keystore.password = null
	ssl.keystore.type = JKS
	ssl.protocol = TLSv1.3
	ssl.provider = null
	ssl.secure.random.implementation = null
	ssl.trustmanager.algorithm = PKIX
	ssl.truststore.certificates = null
	ssl.truststore.location = null
	ssl.truststore.password = null
	ssl.truststore.type = JKS
	value.deserializer = class io.confluent.kafka.serializers.KafkaAvroDeserializer

2025-08-06 15:40:28,554 INFO  [org.apa.kaf.com.tel.int.KafkaMetricsCollector] (main) initializing Kafka metrics collector
2025-08-06 15:40:28,555 INFO  [io.con.kaf.ser.KafkaAvroDeserializerConfig] (main) KafkaAvroDeserializerConfig values: 
	auto.register.schemas = true
	avro.reflection.allow.null = false
	avro.use.logical.type.converters = false
	basic.auth.credentials.source = URL
	basic.auth.user.info = [hidden]
	bearer.auth.cache.expiry.buffer.seconds = 300
	bearer.auth.client.id = null
	bearer.auth.client.secret = null
	bearer.auth.credentials.source = STATIC_TOKEN
	bearer.auth.custom.provider.class = null
	bearer.auth.identity.pool.id = null
	bearer.auth.issuer.endpoint.url = null
	bearer.auth.logical.cluster = null
	bearer.auth.scope = null
	bearer.auth.scope.claim.name = scope
	bearer.auth.sub.claim.name = sub
	bearer.auth.token = [hidden]
	context.name.strategy = class io.confluent.kafka.serializers.context.NullContextNameStrategy
	http.connect.timeout.ms = 60000
	http.read.timeout.ms = 60000
	id.compatibility.strict = true
	key.schema.id.deserializer = class io.confluent.kafka.serializers.schema.id.DualSchemaIdDeserializer
	key.schema.id.serializer = class io.confluent.kafka.serializers.schema.id.PrefixSchemaIdSerializer
	key.subject.name.strategy = class io.confluent.kafka.serializers.subject.TopicNameStrategy
	latest.cache.size = 1000
	latest.cache.ttl.sec = -1
	latest.compatibility.strict = true
	max.retries = 3
	max.schemas.per.subject = 1000
	normalize.schemas = false
	propagate.schema.tags = false
	proxy.host = 
	proxy.port = -1
	retries.max.wait.ms = 20000
	retries.wait.ms = 1000
	rule.actions = []
	rule.executors = []
	rule.service.loader.enable = true
	schema.format = null
	schema.reflection = false
	schema.registry.basic.auth.user.info = [hidden]
	schema.registry.ssl.cipher.suites = null
	schema.registry.ssl.enabled.protocols = [TLSv1.2, TLSv1.3]
	schema.registry.ssl.endpoint.identification.algorithm = https
	schema.registry.ssl.engine.factory.class = null
	schema.registry.ssl.key.password = null
	schema.registry.ssl.keymanager.algorithm = SunX509
	schema.registry.ssl.keystore.certificate.chain = null
	schema.registry.ssl.keystore.key = null
	schema.registry.ssl.keystore.location = null
	schema.registry.ssl.keystore.password = null
	schema.registry.ssl.keystore.type = JKS
	schema.registry.ssl.protocol = TLSv1.3
	schema.registry.ssl.provider = null
	schema.registry.ssl.secure.random.implementation = null
	schema.registry.ssl.trustmanager.algorithm = PKIX
	schema.registry.ssl.truststore.certificates = null
	schema.registry.ssl.truststore.location = null
	schema.registry.ssl.truststore.password = null
	schema.registry.ssl.truststore.type = JKS
	schema.registry.url = [http://registry-app-mysql.apps.ci419.apicurio-testing.org:80/apis/ccompat/v7]
	schema.registry.url.randomize = false
	specific.avro.key.type = null
	specific.avro.reader = false
	specific.avro.value.type = null
	use.latest.version = false
	use.latest.with.metadata = null
	use.schema.id = -1
	value.schema.id.deserializer = class io.confluent.kafka.serializers.schema.id.DualSchemaIdDeserializer
	value.schema.id.serializer = class io.confluent.kafka.serializers.schema.id.PrefixSchemaIdSerializer
	value.subject.name.strategy = class io.confluent.kafka.serializers.subject.TopicNameStrategy

2025-08-06 15:40:28,558 INFO  [org.apa.kaf.cli.con.ConsumerConfig] (main) These configurations '[schema.registry.url]' were supplied but are not used yet.
2025-08-06 15:40:28,559 INFO  [org.apa.kaf.com.uti.AppInfoParser] (main) Kafka version: 3.9.1
2025-08-06 15:40:28,559 INFO  [org.apa.kaf.com.uti.AppInfoParser] (main) Kafka commitId: f745dfdcee2b9851
2025-08-06 15:40:28,559 INFO  [org.apa.kaf.com.uti.AppInfoParser] (main) Kafka startTimeMs: 1754494828559
2025-08-06 15:40:28,559 INFO  [org.apa.kaf.cli.con.int.ClassicKafkaConsumer] (Thread-843) [Consumer clientId=consumer-Consumer-topic-7fb31a11_bab9_456f_afd8_4f118f335ad8-32, groupId=Consumer-topic-7fb31a11_bab9_456f_afd8_4f118f335ad8] Subscribed to topic(s): topic-7fb31a11_bab9_456f_afd8_4f118f335ad8
2025-08-06 15:40:28,562 INFO  [org.apa.kaf.cli.Metadata] (Thread-843) [Consumer clientId=consumer-Consumer-topic-7fb31a11_bab9_456f_afd8_4f118f335ad8-32, groupId=Consumer-topic-7fb31a11_bab9_456f_afd8_4f118f335ad8] Cluster ID: dgPJ9z-1S5ugXzLx2i-R9Q
2025-08-06 15:40:28,563 INFO  [org.apa.kaf.cli.con.int.ConsumerCoordinator] (Thread-843) [Consumer clientId=consumer-Consumer-topic-7fb31a11_bab9_456f_afd8_4f118f335ad8-32, groupId=Consumer-topic-7fb31a11_bab9_456f_afd8_4f118f335ad8] Discovered group coordinator localhost:32769 (id: 2147483647 rack: null)
2025-08-06 15:40:28,564 INFO  [org.apa.kaf.cli.con.int.ConsumerCoordinator] (Thread-843) [Consumer clientId=consumer-Consumer-topic-7fb31a11_bab9_456f_afd8_4f118f335ad8-32, groupId=Consumer-topic-7fb31a11_bab9_456f_afd8_4f118f335ad8] (Re-)joining group
2025-08-06 15:40:28,566 INFO  [org.apa.kaf.cli.con.int.ConsumerCoordinator] (Thread-843) [Consumer clientId=consumer-Consumer-topic-7fb31a11_bab9_456f_afd8_4f118f335ad8-32, groupId=Consumer-topic-7fb31a11_bab9_456f_afd8_4f118f335ad8] Request joining group due to: need to re-join with the given member-id: consumer-Consumer-topic-7fb31a11_bab9_456f_afd8_4f118f335ad8-32-b4dbf314-c35b-4b07-bf8e-421032dd23a2
2025-08-06 15:40:28,566 INFO  [org.apa.kaf.cli.con.int.ConsumerCoordinator] (Thread-843) [Consumer clientId=consumer-Consumer-topic-7fb31a11_bab9_456f_afd8_4f118f335ad8-32, groupId=Consumer-topic-7fb31a11_bab9_456f_afd8_4f118f335ad8] (Re-)joining group
2025-08-06 15:40:29,559 INFO  [io.api.tes.ser.api.KafkaSerdesTester] (Thread-843) None found
2025-08-06 15:40:30,559 INFO  [io.api.tes.ser.api.KafkaSerdesTester] (Thread-843) None found
2025-08-06 15:40:31,560 INFO  [io.api.tes.ser.api.KafkaSerdesTester] (Thread-843) None found
2025-08-06 15:40:31,568 INFO  [org.apa.kaf.cli.con.int.ConsumerCoordinator] (Thread-843) [Consumer clientId=consumer-Consumer-topic-7fb31a11_bab9_456f_afd8_4f118f335ad8-32, groupId=Consumer-topic-7fb31a11_bab9_456f_afd8_4f118f335ad8] Successfully joined group with generation Generation{generationId=3, memberId='consumer-Consumer-topic-7fb31a11_bab9_456f_afd8_4f118f335ad8-32-b4dbf314-c35b-4b07-bf8e-421032dd23a2', protocol='range'}
2025-08-06 15:40:31,568 INFO  [org.apa.kaf.cli.con.int.ConsumerCoordinator] (Thread-843) [Consumer clientId=consumer-Consumer-topic-7fb31a11_bab9_456f_afd8_4f118f335ad8-32, groupId=Consumer-topic-7fb31a11_bab9_456f_afd8_4f118f335ad8] Finished assignment for group at generation 3: {consumer-Consumer-topic-7fb31a11_bab9_456f_afd8_4f118f335ad8-32-b4dbf314-c35b-4b07-bf8e-421032dd23a2=Assignment(partitions=[topic-7fb31a11_bab9_456f_afd8_4f118f335ad8-0])}
2025-08-06 15:40:31,574 INFO  [org.apa.kaf.cli.con.int.ConsumerCoordinator] (Thread-843) [Consumer clientId=consumer-Consumer-topic-7fb31a11_bab9_456f_afd8_4f118f335ad8-32, groupId=Consumer-topic-7fb31a11_bab9_456f_afd8_4f118f335ad8] Successfully synced group in generation Generation{generationId=3, memberId='consumer-Consumer-topic-7fb31a11_bab9_456f_afd8_4f118f335ad8-32-b4dbf314-c35b-4b07-bf8e-421032dd23a2', protocol='range'}
2025-08-06 15:40:31,574 INFO  [org.apa.kaf.cli.con.int.ConsumerCoordinator] (Thread-843) [Consumer clientId=consumer-Consumer-topic-7fb31a11_bab9_456f_afd8_4f118f335ad8-32, groupId=Consumer-topic-7fb31a11_bab9_456f_afd8_4f118f335ad8] Notifying assignor about the new Assignment(partitions=[topic-7fb31a11_bab9_456f_afd8_4f118f335ad8-0])
2025-08-06 15:40:31,574 INFO  [org.apa.kaf.cli.con.int.ConsumerRebalanceListenerInvoker] (Thread-843) [Consumer clientId=consumer-Consumer-topic-7fb31a11_bab9_456f_afd8_4f118f335ad8-32, groupId=Consumer-topic-7fb31a11_bab9_456f_afd8_4f118f335ad8] Adding newly assigned partitions: topic-7fb31a11_bab9_456f_afd8_4f118f335ad8-0
2025-08-06 15:40:31,575 INFO  [org.apa.kaf.cli.con.int.ConsumerUtils] (Thread-843) Setting offset for partition topic-7fb31a11_bab9_456f_afd8_4f118f335ad8-0 to the committed offset FetchPosition{offset=10, offsetEpoch=Optional[0], currentLeader=LeaderAndEpoch{leader=Optional[localhost:32769 (id: 0 rack: null)], epoch=0}}
2025-08-06 15:40:31,644 INFO  [io.api.tes.ser.api.KafkaSerdesTester] (Thread-843) topic-7fb31a11_bab9_456f_afd8_4f118f335ad8 0 10 {"key1": "value-0", "key2": "value-0"}
2025-08-06 15:40:31,644 INFO  [io.api.tes.ser.api.KafkaSerdesTester] (Thread-843) topic-7fb31a11_bab9_456f_afd8_4f118f335ad8 0 11 {"key1": "value-1", "key2": "value-1"}
2025-08-06 15:40:31,644 INFO  [io.api.tes.ser.api.KafkaSerdesTester] (Thread-843) topic-7fb31a11_bab9_456f_afd8_4f118f335ad8 0 12 {"key1": "value-2", "key2": "value-2"}
2025-08-06 15:40:31,645 INFO  [io.api.tes.ser.api.KafkaSerdesTester] (Thread-843) topic-7fb31a11_bab9_456f_afd8_4f118f335ad8 0 13 {"key1": "value-3", "key2": "value-3"}
2025-08-06 15:40:31,645 INFO  [io.api.tes.ser.api.KafkaSerdesTester] (Thread-843) topic-7fb31a11_bab9_456f_afd8_4f118f335ad8 0 14 {"key1": "value-4", "key2": "value-4"}
2025-08-06 15:40:31,645 INFO  [io.api.tes.ser.api.KafkaSerdesTester] (Thread-843) topic-7fb31a11_bab9_456f_afd8_4f118f335ad8 0 15 {"key1": "value-5", "key2": "value-5"}
2025-08-06 15:40:31,646 INFO  [io.api.tes.ser.api.KafkaSerdesTester] (Thread-843) topic-7fb31a11_bab9_456f_afd8_4f118f335ad8 0 16 {"key1": "value-6", "key2": "value-6"}
2025-08-06 15:40:31,646 INFO  [io.api.tes.ser.api.KafkaSerdesTester] (Thread-843) topic-7fb31a11_bab9_456f_afd8_4f118f335ad8 0 17 {"key1": "value-7", "key2": "value-7"}
2025-08-06 15:40:31,646 INFO  [io.api.tes.ser.api.KafkaSerdesTester] (Thread-843) topic-7fb31a11_bab9_456f_afd8_4f118f335ad8 0 18 {"key1": "value-8", "key2": "value-8"}
2025-08-06 15:40:31,647 INFO  [io.api.tes.ser.api.KafkaSerdesTester] (Thread-843) topic-7fb31a11_bab9_456f_afd8_4f118f335ad8 0 19 {"key1": "value-9", "key2": "value-9"}
2025-08-06 15:40:31,647 INFO  [io.api.tes.ser.api.KafkaSerdesTester] (Thread-843) topic-7fb31a11_bab9_456f_afd8_4f118f335ad8 0 20 {"key1": "value-0"}
2025-08-06 15:40:31,647 INFO  [io.api.tes.ser.api.KafkaSerdesTester] (Thread-843) topic-7fb31a11_bab9_456f_afd8_4f118f335ad8 0 21 {"key1": "value-1"}
2025-08-06 15:40:31,647 INFO  [io.api.tes.ser.api.KafkaSerdesTester] (Thread-843) topic-7fb31a11_bab9_456f_afd8_4f118f335ad8 0 22 {"key1": "value-2"}
2025-08-06 15:40:31,647 INFO  [io.api.tes.ser.api.KafkaSerdesTester] (Thread-843) topic-7fb31a11_bab9_456f_afd8_4f118f335ad8 0 23 {"key1": "value-3"}
2025-08-06 15:40:31,647 INFO  [io.api.tes.ser.api.KafkaSerdesTester] (Thread-843) topic-7fb31a11_bab9_456f_afd8_4f118f335ad8 0 24 {"key1": "value-4"}
2025-08-06 15:40:31,647 INFO  [io.api.tes.ser.api.KafkaSerdesTester] (Thread-843) topic-7fb31a11_bab9_456f_afd8_4f118f335ad8 0 25 {"key1": "value-5"}
2025-08-06 15:40:31,647 INFO  [io.api.tes.ser.api.KafkaSerdesTester] (Thread-843) topic-7fb31a11_bab9_456f_afd8_4f118f335ad8 0 26 {"key1": "value-6"}
2025-08-06 15:40:31,647 INFO  [io.api.tes.ser.api.KafkaSerdesTester] (Thread-843) topic-7fb31a11_bab9_456f_afd8_4f118f335ad8 0 27 {"key1": "value-7"}
2025-08-06 15:40:31,647 INFO  [io.api.tes.ser.api.KafkaSerdesTester] (Thread-843) topic-7fb31a11_bab9_456f_afd8_4f118f335ad8 0 28 {"key1": "value-8"}
2025-08-06 15:40:31,647 INFO  [io.api.tes.ser.api.KafkaSerdesTester] (Thread-843) topic-7fb31a11_bab9_456f_afd8_4f118f335ad8 0 29 {"key1": "value-9"}
2025-08-06 15:40:31,647 INFO  [io.api.tes.ser.api.KafkaSerdesTester] (Thread-843) Consumed 20 messages
2025-08-06 15:40:31,654 INFO  [org.apa.kaf.cli.con.int.ConsumerRebalanceListenerInvoker] (Thread-843) [Consumer clientId=consumer-Consumer-topic-7fb31a11_bab9_456f_afd8_4f118f335ad8-32, groupId=Consumer-topic-7fb31a11_bab9_456f_afd8_4f118f335ad8] Revoke previously assigned partitions topic-7fb31a11_bab9_456f_afd8_4f118f335ad8-0
2025-08-06 15:40:31,654 INFO  [org.apa.kaf.cli.con.int.ConsumerCoordinator] (Thread-843) [Consumer clientId=consumer-Consumer-topic-7fb31a11_bab9_456f_afd8_4f118f335ad8-32, groupId=Consumer-topic-7fb31a11_bab9_456f_afd8_4f118f335ad8] Member consumer-Consumer-topic-7fb31a11_bab9_456f_afd8_4f118f335ad8-32-b4dbf314-c35b-4b07-bf8e-421032dd23a2 sending LeaveGroup request to coordinator localhost:32769 (id: 2147483647 rack: null) due to the consumer is being closed
2025-08-06 15:40:31,654 INFO  [org.apa.kaf.cli.con.int.ConsumerCoordinator] (Thread-843) [Consumer clientId=consumer-Consumer-topic-7fb31a11_bab9_456f_afd8_4f118f335ad8-32, groupId=Consumer-topic-7fb31a11_bab9_456f_afd8_4f118f335ad8] Resetting generation and member id due to: consumer pro-actively leaving the group
2025-08-06 15:40:31,654 INFO  [org.apa.kaf.cli.con.int.ConsumerCoordinator] (Thread-843) [Consumer clientId=consumer-Consumer-topic-7fb31a11_bab9_456f_afd8_4f118f335ad8-32, groupId=Consumer-topic-7fb31a11_bab9_456f_afd8_4f118f335ad8] Request joining group due to: consumer pro-actively leaving the group
2025-08-06 15:40:32,147 INFO  [org.apa.kaf.com.met.Metrics] (Thread-843) Metrics scheduler closed
2025-08-06 15:40:32,147 INFO  [org.apa.kaf.com.met.Metrics] (Thread-843) Closing reporter org.apache.kafka.common.metrics.JmxReporter
2025-08-06 15:40:32,147 INFO  [org.apa.kaf.com.met.Metrics] (Thread-843) Closing reporter org.apache.kafka.common.telemetry.internals.ClientTelemetryReporter
2025-08-06 15:40:32,147 INFO  [org.apa.kaf.com.met.Metrics] (Thread-843) Metrics reporters closed
2025-08-06 15:40:32,149 INFO  [org.apa.kaf.com.uti.AppInfoParser] (Thread-843) App info kafka.consumer for consumer-Consumer-topic-7fb31a11_bab9_456f_afd8_4f118f335ad8-32 unregistered
**** Registry Base URL: http://registry-app-mysql.apps.ci419.apicurio-testing.org:80
2025-08-06 15:40:33,234 INFO  [org.apa.kaf.cli.pro.ProducerConfig] (main) ProducerConfig values: 
	acks = -1
	auto.include.jmx.reporter = true
	batch.size = 16384
	bootstrap.servers = [PLAINTEXT://localhost:32769]
	buffer.memory = 33554432
	client.dns.lookup = use_all_dns_ips
	client.id = Producer-topic-7fb31a11_bab9_456f_afd8_4f118f335ad8
	compression.gzip.level = -1
	compression.lz4.level = 9
	compression.type = none
	compression.zstd.level = 3
	connections.max.idle.ms = 10000
	delivery.timeout.ms = 120000
	enable.idempotence = true
	enable.metrics.push = true
	interceptor.classes = []
	key.serializer = class org.apache.kafka.common.serialization.StringSerializer
	linger.ms = 0
	max.block.ms = 60000
	max.in.flight.requests.per.connection = 5
	max.request.size = 1048576
	metadata.max.age.ms = 300000
	metadata.max.idle.ms = 300000
	metadata.recovery.strategy = none
	metric.reporters = []
	metrics.num.samples = 2
	metrics.recording.level = INFO
	metrics.sample.window.ms = 30000
	partitioner.adaptive.partitioning.enable = true
	partitioner.availability.timeout.ms = 0
	partitioner.class = null
	partitioner.ignore.keys = false
	receive.buffer.bytes = 32768
	reconnect.backoff.max.ms = 1000
	reconnect.backoff.ms = 50
	request.timeout.ms = 5000
	retries = 2147483647
	retry.backoff.max.ms = 1000
	retry.backoff.ms = 100
	sasl.client.callback.handler.class = null
	sasl.jaas.config = null
	sasl.kerberos.kinit.cmd = /usr/bin/kinit
	sasl.kerberos.min.time.before.relogin = 60000
	sasl.kerberos.service.name = null
	sasl.kerberos.ticket.renew.jitter = 0.05
	sasl.kerberos.ticket.renew.window.factor = 0.8
	sasl.login.callback.handler.class = null
	sasl.login.class = null
	sasl.login.connect.timeout.ms = null
	sasl.login.read.timeout.ms = null
	sasl.login.refresh.buffer.seconds = 300
	sasl.login.refresh.min.period.seconds = 60
	sasl.login.refresh.window.factor = 0.8
	sasl.login.refresh.window.jitter = 0.05
	sasl.login.retry.backoff.max.ms = 10000
	sasl.login.retry.backoff.ms = 100
	sasl.mechanism = GSSAPI
	sasl.oauthbearer.clock.skew.seconds = 30
	sasl.oauthbearer.expected.audience = null
	sasl.oauthbearer.expected.issuer = null
	sasl.oauthbearer.header.urlencode = false
	sasl.oauthbearer.jwks.endpoint.refresh.ms = 3600000
	sasl.oauthbearer.jwks.endpoint.retry.backoff.max.ms = 10000
	sasl.oauthbearer.jwks.endpoint.retry.backoff.ms = 100
	sasl.oauthbearer.jwks.endpoint.url = null
	sasl.oauthbearer.scope.claim.name = scope
	sasl.oauthbearer.sub.claim.name = sub
	sasl.oauthbearer.token.endpoint.url = null
	security.protocol = PLAINTEXT
	security.providers = null
	send.buffer.bytes = 131072
	socket.connection.setup.timeout.max.ms = 30000
	socket.connection.setup.timeout.ms = 10000
	ssl.cipher.suites = null
	ssl.enabled.protocols = [TLSv1.2, TLSv1.3]
	ssl.endpoint.identification.algorithm = https
	ssl.engine.factory.class = null
	ssl.key.password = null
	ssl.keymanager.algorithm = SunX509
	ssl.keystore.certificate.chain = null
	ssl.keystore.key = null
	ssl.keystore.location = null
	ssl.keystore.password = null
	ssl.keystore.type = JKS
	ssl.protocol = TLSv1.3
	ssl.provider = null
	ssl.secure.random.implementation = null
	ssl.trustmanager.algorithm = PKIX
	ssl.truststore.certificates = null
	ssl.truststore.location = null
	ssl.truststore.password = null
	ssl.truststore.type = JKS
	transaction.timeout.ms = 60000
	transactional.id = null
	value.serializer = class io.confluent.kafka.serializers.KafkaAvroSerializer

2025-08-06 15:40:33,234 INFO  [org.apa.kaf.com.tel.int.KafkaMetricsCollector] (main) initializing Kafka metrics collector
2025-08-06 15:40:33,235 INFO  [io.con.kaf.ser.KafkaAvroSerializerConfig] (main) KafkaAvroSerializerConfig values: 
	auto.register.schemas = false
	avro.reflection.allow.null = false
	avro.remove.java.properties = false
	avro.use.logical.type.converters = false
	basic.auth.credentials.source = URL
	basic.auth.user.info = [hidden]
	bearer.auth.cache.expiry.buffer.seconds = 300
	bearer.auth.client.id = null
	bearer.auth.client.secret = null
	bearer.auth.credentials.source = STATIC_TOKEN
	bearer.auth.custom.provider.class = null
	bearer.auth.identity.pool.id = null
	bearer.auth.issuer.endpoint.url = null
	bearer.auth.logical.cluster = null
	bearer.auth.scope = null
	bearer.auth.scope.claim.name = scope
	bearer.auth.sub.claim.name = sub
	bearer.auth.token = [hidden]
	context.name.strategy = class io.confluent.kafka.serializers.context.NullContextNameStrategy
	http.connect.timeout.ms = 60000
	http.read.timeout.ms = 60000
	id.compatibility.strict = true
	key.schema.id.deserializer = class io.confluent.kafka.serializers.schema.id.DualSchemaIdDeserializer
	key.schema.id.serializer = class io.confluent.kafka.serializers.schema.id.PrefixSchemaIdSerializer
	key.subject.name.strategy = class io.confluent.kafka.serializers.subject.TopicNameStrategy
	latest.cache.size = 1000
	latest.cache.ttl.sec = -1
	latest.compatibility.strict = true
	max.retries = 3
	max.schemas.per.subject = 1000
	normalize.schemas = false
	propagate.schema.tags = false
	proxy.host = 
	proxy.port = -1
	retries.max.wait.ms = 20000
	retries.wait.ms = 1000
	rule.actions = []
	rule.executors = []
	rule.service.loader.enable = true
	schema.format = null
	schema.reflection = false
	schema.registry.basic.auth.user.info = [hidden]
	schema.registry.ssl.cipher.suites = null
	schema.registry.ssl.enabled.protocols = [TLSv1.2, TLSv1.3]
	schema.registry.ssl.endpoint.identification.algorithm = https
	schema.registry.ssl.engine.factory.class = null
	schema.registry.ssl.key.password = null
	schema.registry.ssl.keymanager.algorithm = SunX509
	schema.registry.ssl.keystore.certificate.chain = null
	schema.registry.ssl.keystore.key = null
	schema.registry.ssl.keystore.location = null
	schema.registry.ssl.keystore.password = null
	schema.registry.ssl.keystore.type = JKS
	schema.registry.ssl.protocol = TLSv1.3
	schema.registry.ssl.provider = null
	schema.registry.ssl.secure.random.implementation = null
	schema.registry.ssl.trustmanager.algorithm = PKIX
	schema.registry.ssl.truststore.certificates = null
	schema.registry.ssl.truststore.location = null
	schema.registry.ssl.truststore.password = null
	schema.registry.ssl.truststore.type = JKS
	schema.registry.url = [http://registry-app-mysql.apps.ci419.apicurio-testing.org:80/apis/ccompat/v7]
	schema.registry.url.randomize = false
	use.latest.version = false
	use.latest.with.metadata = null
	use.schema.id = -1
	value.schema.id.deserializer = class io.confluent.kafka.serializers.schema.id.DualSchemaIdDeserializer
	value.schema.id.serializer = class io.confluent.kafka.serializers.schema.id.PrefixSchemaIdSerializer
	value.subject.name.strategy = class io.confluent.kafka.serializers.subject.TopicRecordNameStrategy

2025-08-06 15:40:33,236 INFO  [org.apa.kaf.cli.pro.KafkaProducer] (main) [Producer clientId=Producer-topic-7fb31a11_bab9_456f_afd8_4f118f335ad8] Instantiated an idempotent producer.
2025-08-06 15:40:33,237 INFO  [org.apa.kaf.cli.pro.ProducerConfig] (main) These configurations '[schema.registry.url, auto.register.schemas, value.subject.name.strategy]' were supplied but are not used yet.
2025-08-06 15:40:33,238 INFO  [org.apa.kaf.com.uti.AppInfoParser] (main) Kafka version: 3.9.1
2025-08-06 15:40:33,238 INFO  [org.apa.kaf.com.uti.AppInfoParser] (main) Kafka commitId: f745dfdcee2b9851
2025-08-06 15:40:33,238 INFO  [org.apa.kaf.com.uti.AppInfoParser] (main) Kafka startTimeMs: 1754494833237
2025-08-06 15:40:33,238 INFO  [io.api.tes.ser.api.KafkaSerdesTester] (Thread-844) Sending message {"key1": "value-0", "key2": "value-0", "key3": "value-0"} to topic topic-7fb31a11_bab9_456f_afd8_4f118f335ad8
2025-08-06 15:40:33,241 INFO  [org.apa.kaf.cli.Metadata] (kafka-producer-network-thread | Producer-topic-7fb31a11_bab9_456f_afd8_4f118f335ad8) [Producer clientId=Producer-topic-7fb31a11_bab9_456f_afd8_4f118f335ad8] Cluster ID: dgPJ9z-1S5ugXzLx2i-R9Q
2025-08-06 15:40:33,241 INFO  [org.apa.kaf.cli.pro.int.TransactionManager] (kafka-producer-network-thread | Producer-topic-7fb31a11_bab9_456f_afd8_4f118f335ad8) [Producer clientId=Producer-topic-7fb31a11_bab9_456f_afd8_4f118f335ad8] ProducerId set to 42 with epoch 0
2025-08-06 15:40:33,279 INFO  [io.api.tes.ser.api.KafkaSerdesTester] (Thread-844) Sending message {"key1": "value-1", "key2": "value-1", "key3": "value-1"} to topic topic-7fb31a11_bab9_456f_afd8_4f118f335ad8
2025-08-06 15:40:33,281 INFO  [io.api.tes.ser.api.KafkaSerdesTester] (Thread-844) Sending message {"key1": "value-2", "key2": "value-2", "key3": "value-2"} to topic topic-7fb31a11_bab9_456f_afd8_4f118f335ad8
2025-08-06 15:40:33,282 INFO  [io.api.tes.ser.api.KafkaSerdesTester] (Thread-844) Sending message {"key1": "value-3", "key2": "value-3", "key3": "value-3"} to topic topic-7fb31a11_bab9_456f_afd8_4f118f335ad8
2025-08-06 15:40:33,284 INFO  [io.api.tes.ser.api.KafkaSerdesTester] (Thread-844) Sending message {"key1": "value-4", "key2": "value-4", "key3": "value-4"} to topic topic-7fb31a11_bab9_456f_afd8_4f118f335ad8
2025-08-06 15:40:33,285 INFO  [io.api.tes.ser.api.KafkaSerdesTester] (Thread-844) Sending message {"key1": "value-5", "key2": "value-5", "key3": "value-5"} to topic topic-7fb31a11_bab9_456f_afd8_4f118f335ad8
2025-08-06 15:40:33,286 INFO  [io.api.tes.ser.api.KafkaSerdesTester] (Thread-844) Sending message {"key1": "value-6", "key2": "value-6", "key3": "value-6"} to topic topic-7fb31a11_bab9_456f_afd8_4f118f335ad8
2025-08-06 15:40:33,287 INFO  [io.api.tes.ser.api.KafkaSerdesTester] (Thread-844) Sending message {"key1": "value-7", "key2": "value-7", "key3": "value-7"} to topic topic-7fb31a11_bab9_456f_afd8_4f118f335ad8
2025-08-06 15:40:33,288 INFO  [io.api.tes.ser.api.KafkaSerdesTester] (Thread-844) Sending message {"key1": "value-8", "key2": "value-8", "key3": "value-8"} to topic topic-7fb31a11_bab9_456f_afd8_4f118f335ad8
2025-08-06 15:40:33,289 INFO  [io.api.tes.ser.api.KafkaSerdesTester] (Thread-844) Sending message {"key1": "value-9", "key2": "value-9", "key3": "value-9"} to topic topic-7fb31a11_bab9_456f_afd8_4f118f335ad8
2025-08-06 15:40:33,289 INFO  [io.api.tes.ser.api.KafkaSerdesTester] (Thread-844) Produced 10 messages
2025-08-06 15:40:33,289 INFO  [org.apa.kaf.cli.pro.KafkaProducer] (Thread-844) [Producer clientId=Producer-topic-7fb31a11_bab9_456f_afd8_4f118f335ad8] Closing the Kafka producer with timeoutMillis = 9223372036854775807 ms.
2025-08-06 15:40:33,291 INFO  [org.apa.kaf.com.met.Metrics] (Thread-844) Metrics scheduler closed
2025-08-06 15:40:33,291 INFO  [org.apa.kaf.com.met.Metrics] (Thread-844) Closing reporter org.apache.kafka.common.metrics.JmxReporter
2025-08-06 15:40:33,291 INFO  [org.apa.kaf.com.met.Metrics] (Thread-844) Closing reporter org.apache.kafka.common.telemetry.internals.ClientTelemetryReporter
2025-08-06 15:40:33,291 INFO  [org.apa.kaf.com.met.Metrics] (Thread-844) Metrics reporters closed
2025-08-06 15:40:33,291 INFO  [org.apa.kaf.com.uti.AppInfoParser] (Thread-844) App info kafka.producer for Producer-topic-7fb31a11_bab9_456f_afd8_4f118f335ad8 unregistered
**** Registry Base URL: http://registry-app-mysql.apps.ci419.apicurio-testing.org:80
2025-08-06 15:40:33,291 INFO  [org.apa.kaf.cli.pro.ProducerConfig] (main) ProducerConfig values: 
	acks = -1
	auto.include.jmx.reporter = true
	batch.size = 16384
	bootstrap.servers = [PLAINTEXT://localhost:32769]
	buffer.memory = 33554432
	client.dns.lookup = use_all_dns_ips
	client.id = Producer-topic-7fb31a11_bab9_456f_afd8_4f118f335ad8
	compression.gzip.level = -1
	compression.lz4.level = 9
	compression.type = none
	compression.zstd.level = 3
	connections.max.idle.ms = 10000
	delivery.timeout.ms = 120000
	enable.idempotence = true
	enable.metrics.push = true
	interceptor.classes = []
	key.serializer = class org.apache.kafka.common.serialization.StringSerializer
	linger.ms = 0
	max.block.ms = 60000
	max.in.flight.requests.per.connection = 5
	max.request.size = 1048576
	metadata.max.age.ms = 300000
	metadata.max.idle.ms = 300000
	metadata.recovery.strategy = none
	metric.reporters = []
	metrics.num.samples = 2
	metrics.recording.level = INFO
	metrics.sample.window.ms = 30000
	partitioner.adaptive.partitioning.enable = true
	partitioner.availability.timeout.ms = 0
	partitioner.class = null
	partitioner.ignore.keys = false
	receive.buffer.bytes = 32768
	reconnect.backoff.max.ms = 1000
	reconnect.backoff.ms = 50
	request.timeout.ms = 5000
	retries = 2147483647
	retry.backoff.max.ms = 1000
	retry.backoff.ms = 100
	sasl.client.callback.handler.class = null
	sasl.jaas.config = null
	sasl.kerberos.kinit.cmd = /usr/bin/kinit
	sasl.kerberos.min.time.before.relogin = 60000
	sasl.kerberos.service.name = null
	sasl.kerberos.ticket.renew.jitter = 0.05
	sasl.kerberos.ticket.renew.window.factor = 0.8
	sasl.login.callback.handler.class = null
	sasl.login.class = null
	sasl.login.connect.timeout.ms = null
	sasl.login.read.timeout.ms = null
	sasl.login.refresh.buffer.seconds = 300
	sasl.login.refresh.min.period.seconds = 60
	sasl.login.refresh.window.factor = 0.8
	sasl.login.refresh.window.jitter = 0.05
	sasl.login.retry.backoff.max.ms = 10000
	sasl.login.retry.backoff.ms = 100
	sasl.mechanism = GSSAPI
	sasl.oauthbearer.clock.skew.seconds = 30
	sasl.oauthbearer.expected.audience = null
	sasl.oauthbearer.expected.issuer = null
	sasl.oauthbearer.header.urlencode = false
	sasl.oauthbearer.jwks.endpoint.refresh.ms = 3600000
	sasl.oauthbearer.jwks.endpoint.retry.backoff.max.ms = 10000
	sasl.oauthbearer.jwks.endpoint.retry.backoff.ms = 100
	sasl.oauthbearer.jwks.endpoint.url = null
	sasl.oauthbearer.scope.claim.name = scope
	sasl.oauthbearer.sub.claim.name = sub
	sasl.oauthbearer.token.endpoint.url = null
	security.protocol = PLAINTEXT
	security.providers = null
	send.buffer.bytes = 131072
	socket.connection.setup.timeout.max.ms = 30000
	socket.connection.setup.timeout.ms = 10000
	ssl.cipher.suites = null
	ssl.enabled.protocols = [TLSv1.2, TLSv1.3]
	ssl.endpoint.identification.algorithm = https
	ssl.engine.factory.class = null
	ssl.key.password = null
	ssl.keymanager.algorithm = SunX509
	ssl.keystore.certificate.chain = null
	ssl.keystore.key = null
	ssl.keystore.location = null
	ssl.keystore.password = null
	ssl.keystore.type = JKS
	ssl.protocol = TLSv1.3
	ssl.provider = null
	ssl.secure.random.implementation = null
	ssl.trustmanager.algorithm = PKIX
	ssl.truststore.certificates = null
	ssl.truststore.location = null
	ssl.truststore.password = null
	ssl.truststore.type = JKS
	transaction.timeout.ms = 60000
	transactional.id = null
	value.serializer = class io.confluent.kafka.serializers.KafkaAvroSerializer

2025-08-06 15:40:33,291 INFO  [org.apa.kaf.com.tel.int.KafkaMetricsCollector] (main) initializing Kafka metrics collector
2025-08-06 15:40:33,292 INFO  [io.con.kaf.ser.KafkaAvroSerializerConfig] (main) KafkaAvroSerializerConfig values: 
	auto.register.schemas = false
	avro.reflection.allow.null = false
	avro.remove.java.properties = false
	avro.use.logical.type.converters = false
	basic.auth.credentials.source = URL
	basic.auth.user.info = [hidden]
	bearer.auth.cache.expiry.buffer.seconds = 300
	bearer.auth.client.id = null
	bearer.auth.client.secret = null
	bearer.auth.credentials.source = STATIC_TOKEN
	bearer.auth.custom.provider.class = null
	bearer.auth.identity.pool.id = null
	bearer.auth.issuer.endpoint.url = null
	bearer.auth.logical.cluster = null
	bearer.auth.scope = null
	bearer.auth.scope.claim.name = scope
	bearer.auth.sub.claim.name = sub
	bearer.auth.token = [hidden]
	context.name.strategy = class io.confluent.kafka.serializers.context.NullContextNameStrategy
	http.connect.timeout.ms = 60000
	http.read.timeout.ms = 60000
	id.compatibility.strict = true
	key.schema.id.deserializer = class io.confluent.kafka.serializers.schema.id.DualSchemaIdDeserializer
	key.schema.id.serializer = class io.confluent.kafka.serializers.schema.id.PrefixSchemaIdSerializer
	key.subject.name.strategy = class io.confluent.kafka.serializers.subject.TopicNameStrategy
	latest.cache.size = 1000
	latest.cache.ttl.sec = -1
	latest.compatibility.strict = true
	max.retries = 3
	max.schemas.per.subject = 1000
	normalize.schemas = false
	propagate.schema.tags = false
	proxy.host = 
	proxy.port = -1
	retries.max.wait.ms = 20000
	retries.wait.ms = 1000
	rule.actions = []
	rule.executors = []
	rule.service.loader.enable = true
	schema.format = null
	schema.reflection = false
	schema.registry.basic.auth.user.info = [hidden]
	schema.registry.ssl.cipher.suites = null
	schema.registry.ssl.enabled.protocols = [TLSv1.2, TLSv1.3]
	schema.registry.ssl.endpoint.identification.algorithm = https
	schema.registry.ssl.engine.factory.class = null
	schema.registry.ssl.key.password = null
	schema.registry.ssl.keymanager.algorithm = SunX509
	schema.registry.ssl.keystore.certificate.chain = null
	schema.registry.ssl.keystore.key = null
	schema.registry.ssl.keystore.location = null
	schema.registry.ssl.keystore.password = null
	schema.registry.ssl.keystore.type = JKS
	schema.registry.ssl.protocol = TLSv1.3
	schema.registry.ssl.provider = null
	schema.registry.ssl.secure.random.implementation = null
	schema.registry.ssl.trustmanager.algorithm = PKIX
	schema.registry.ssl.truststore.certificates = null
	schema.registry.ssl.truststore.location = null
	schema.registry.ssl.truststore.password = null
	schema.registry.ssl.truststore.type = JKS
	schema.registry.url = [http://registry-app-mysql.apps.ci419.apicurio-testing.org:80/apis/ccompat/v7]
	schema.registry.url.randomize = false
	use.latest.version = false
	use.latest.with.metadata = null
	use.schema.id = -1
	value.schema.id.deserializer = class io.confluent.kafka.serializers.schema.id.DualSchemaIdDeserializer
	value.schema.id.serializer = class io.confluent.kafka.serializers.schema.id.PrefixSchemaIdSerializer
	value.subject.name.strategy = class io.confluent.kafka.serializers.subject.TopicRecordNameStrategy

2025-08-06 15:40:33,293 INFO  [org.apa.kaf.cli.pro.KafkaProducer] (main) [Producer clientId=Producer-topic-7fb31a11_bab9_456f_afd8_4f118f335ad8] Instantiated an idempotent producer.
2025-08-06 15:40:33,294 INFO  [org.apa.kaf.cli.pro.ProducerConfig] (main) These configurations '[schema.registry.url, auto.register.schemas, value.subject.name.strategy]' were supplied but are not used yet.
2025-08-06 15:40:33,294 INFO  [org.apa.kaf.com.uti.AppInfoParser] (main) Kafka version: 3.9.1
2025-08-06 15:40:33,294 INFO  [org.apa.kaf.com.uti.AppInfoParser] (main) Kafka commitId: f745dfdcee2b9851
2025-08-06 15:40:33,294 INFO  [org.apa.kaf.com.uti.AppInfoParser] (main) Kafka startTimeMs: 1754494833294
2025-08-06 15:40:33,295 INFO  [io.api.tes.ser.api.KafkaSerdesTester] (Thread-845) Sending message {"key1": "value-0", "key2": "value-0"} to topic topic-7fb31a11_bab9_456f_afd8_4f118f335ad8
2025-08-06 15:40:33,297 INFO  [org.apa.kaf.cli.Metadata] (kafka-producer-network-thread | Producer-topic-7fb31a11_bab9_456f_afd8_4f118f335ad8) [Producer clientId=Producer-topic-7fb31a11_bab9_456f_afd8_4f118f335ad8] Cluster ID: dgPJ9z-1S5ugXzLx2i-R9Q
2025-08-06 15:40:33,298 INFO  [org.apa.kaf.cli.pro.int.TransactionManager] (kafka-producer-network-thread | Producer-topic-7fb31a11_bab9_456f_afd8_4f118f335ad8) [Producer clientId=Producer-topic-7fb31a11_bab9_456f_afd8_4f118f335ad8] ProducerId set to 43 with epoch 0
2025-08-06 15:40:33,333 INFO  [io.api.tes.ser.api.KafkaSerdesTester] (Thread-845) Sending message {"key1": "value-1", "key2": "value-1"} to topic topic-7fb31a11_bab9_456f_afd8_4f118f335ad8
2025-08-06 15:40:33,334 INFO  [io.api.tes.ser.api.KafkaSerdesTester] (Thread-845) Sending message {"key1": "value-2", "key2": "value-2"} to topic topic-7fb31a11_bab9_456f_afd8_4f118f335ad8
2025-08-06 15:40:33,335 INFO  [io.api.tes.ser.api.KafkaSerdesTester] (Thread-845) Sending message {"key1": "value-3", "key2": "value-3"} to topic topic-7fb31a11_bab9_456f_afd8_4f118f335ad8
2025-08-06 15:40:33,336 INFO  [io.api.tes.ser.api.KafkaSerdesTester] (Thread-845) Sending message {"key1": "value-4", "key2": "value-4"} to topic topic-7fb31a11_bab9_456f_afd8_4f118f335ad8
2025-08-06 15:40:33,337 INFO  [io.api.tes.ser.api.KafkaSerdesTester] (Thread-845) Sending message {"key1": "value-5", "key2": "value-5"} to topic topic-7fb31a11_bab9_456f_afd8_4f118f335ad8
2025-08-06 15:40:33,338 INFO  [io.api.tes.ser.api.KafkaSerdesTester] (Thread-845) Sending message {"key1": "value-6", "key2": "value-6"} to topic topic-7fb31a11_bab9_456f_afd8_4f118f335ad8
2025-08-06 15:40:33,339 INFO  [io.api.tes.ser.api.KafkaSerdesTester] (Thread-845) Sending message {"key1": "value-7", "key2": "value-7"} to topic topic-7fb31a11_bab9_456f_afd8_4f118f335ad8
2025-08-06 15:40:33,340 INFO  [io.api.tes.ser.api.KafkaSerdesTester] (Thread-845) Sending message {"key1": "value-8", "key2": "value-8"} to topic topic-7fb31a11_bab9_456f_afd8_4f118f335ad8
2025-08-06 15:40:33,341 INFO  [io.api.tes.ser.api.KafkaSerdesTester] (Thread-845) Sending message {"key1": "value-9", "key2": "value-9"} to topic topic-7fb31a11_bab9_456f_afd8_4f118f335ad8
2025-08-06 15:40:33,342 INFO  [io.api.tes.ser.api.KafkaSerdesTester] (Thread-845) Produced 10 messages
2025-08-06 15:40:33,342 INFO  [org.apa.kaf.cli.pro.KafkaProducer] (Thread-845) [Producer clientId=Producer-topic-7fb31a11_bab9_456f_afd8_4f118f335ad8] Closing the Kafka producer with timeoutMillis = 9223372036854775807 ms.
2025-08-06 15:40:33,343 INFO  [org.apa.kaf.com.met.Metrics] (Thread-845) Metrics scheduler closed
2025-08-06 15:40:33,343 INFO  [org.apa.kaf.com.met.Metrics] (Thread-845) Closing reporter org.apache.kafka.common.metrics.JmxReporter
2025-08-06 15:40:33,343 INFO  [org.apa.kaf.com.met.Metrics] (Thread-845) Closing reporter org.apache.kafka.common.telemetry.internals.ClientTelemetryReporter
2025-08-06 15:40:33,343 INFO  [org.apa.kaf.com.met.Metrics] (Thread-845) Metrics reporters closed
2025-08-06 15:40:33,343 INFO  [org.apa.kaf.com.uti.AppInfoParser] (Thread-845) App info kafka.producer for Producer-topic-7fb31a11_bab9_456f_afd8_4f118f335ad8 unregistered
**** Registry Base URL: http://registry-app-mysql.apps.ci419.apicurio-testing.org:80
2025-08-06 15:40:33,343 INFO  [org.apa.kaf.cli.pro.ProducerConfig] (main) ProducerConfig values: 
	acks = -1
	auto.include.jmx.reporter = true
	batch.size = 16384
	bootstrap.servers = [PLAINTEXT://localhost:32769]
	buffer.memory = 33554432
	client.dns.lookup = use_all_dns_ips
	client.id = Producer-topic-7fb31a11_bab9_456f_afd8_4f118f335ad8
	compression.gzip.level = -1
	compression.lz4.level = 9
	compression.type = none
	compression.zstd.level = 3
	connections.max.idle.ms = 10000
	delivery.timeout.ms = 120000
	enable.idempotence = true
	enable.metrics.push = true
	interceptor.classes = []
	key.serializer = class org.apache.kafka.common.serialization.StringSerializer
	linger.ms = 0
	max.block.ms = 60000
	max.in.flight.requests.per.connection = 5
	max.request.size = 1048576
	metadata.max.age.ms = 300000
	metadata.max.idle.ms = 300000
	metadata.recovery.strategy = none
	metric.reporters = []
	metrics.num.samples = 2
	metrics.recording.level = INFO
	metrics.sample.window.ms = 30000
	partitioner.adaptive.partitioning.enable = true
	partitioner.availability.timeout.ms = 0
	partitioner.class = null
	partitioner.ignore.keys = false
	receive.buffer.bytes = 32768
	reconnect.backoff.max.ms = 1000
	reconnect.backoff.ms = 50
	request.timeout.ms = 5000
	retries = 2147483647
	retry.backoff.max.ms = 1000
	retry.backoff.ms = 100
	sasl.client.callback.handler.class = null
	sasl.jaas.config = null
	sasl.kerberos.kinit.cmd = /usr/bin/kinit
	sasl.kerberos.min.time.before.relogin = 60000
	sasl.kerberos.service.name = null
	sasl.kerberos.ticket.renew.jitter = 0.05
	sasl.kerberos.ticket.renew.window.factor = 0.8
	sasl.login.callback.handler.class = null
	sasl.login.class = null
	sasl.login.connect.timeout.ms = null
	sasl.login.read.timeout.ms = null
	sasl.login.refresh.buffer.seconds = 300
	sasl.login.refresh.min.period.seconds = 60
	sasl.login.refresh.window.factor = 0.8
	sasl.login.refresh.window.jitter = 0.05
	sasl.login.retry.backoff.max.ms = 10000
	sasl.login.retry.backoff.ms = 100
	sasl.mechanism = GSSAPI
	sasl.oauthbearer.clock.skew.seconds = 30
	sasl.oauthbearer.expected.audience = null
	sasl.oauthbearer.expected.issuer = null
	sasl.oauthbearer.header.urlencode = false
	sasl.oauthbearer.jwks.endpoint.refresh.ms = 3600000
	sasl.oauthbearer.jwks.endpoint.retry.backoff.max.ms = 10000
	sasl.oauthbearer.jwks.endpoint.retry.backoff.ms = 100
	sasl.oauthbearer.jwks.endpoint.url = null
	sasl.oauthbearer.scope.claim.name = scope
	sasl.oauthbearer.sub.claim.name = sub
	sasl.oauthbearer.token.endpoint.url = null
	security.protocol = PLAINTEXT
	security.providers = null
	send.buffer.bytes = 131072
	socket.connection.setup.timeout.max.ms = 30000
	socket.connection.setup.timeout.ms = 10000
	ssl.cipher.suites = null
	ssl.enabled.protocols = [TLSv1.2, TLSv1.3]
	ssl.endpoint.identification.algorithm = https
	ssl.engine.factory.class = null
	ssl.key.password = null
	ssl.keymanager.algorithm = SunX509
	ssl.keystore.certificate.chain = null
	ssl.keystore.key = null
	ssl.keystore.location = null
	ssl.keystore.password = null
	ssl.keystore.type = JKS
	ssl.protocol = TLSv1.3
	ssl.provider = null
	ssl.secure.random.implementation = null
	ssl.trustmanager.algorithm = PKIX
	ssl.truststore.certificates = null
	ssl.truststore.location = null
	ssl.truststore.password = null
	ssl.truststore.type = JKS
	transaction.timeout.ms = 60000
	transactional.id = null
	value.serializer = class io.confluent.kafka.serializers.KafkaAvroSerializer

2025-08-06 15:40:33,344 INFO  [org.apa.kaf.com.tel.int.KafkaMetricsCollector] (main) initializing Kafka metrics collector
2025-08-06 15:40:33,344 INFO  [io.con.kaf.ser.KafkaAvroSerializerConfig] (main) KafkaAvroSerializerConfig values: 
	auto.register.schemas = false
	avro.reflection.allow.null = false
	avro.remove.java.properties = false
	avro.use.logical.type.converters = false
	basic.auth.credentials.source = URL
	basic.auth.user.info = [hidden]
	bearer.auth.cache.expiry.buffer.seconds = 300
	bearer.auth.client.id = null
	bearer.auth.client.secret = null
	bearer.auth.credentials.source = STATIC_TOKEN
	bearer.auth.custom.provider.class = null
	bearer.auth.identity.pool.id = null
	bearer.auth.issuer.endpoint.url = null
	bearer.auth.logical.cluster = null
	bearer.auth.scope = null
	bearer.auth.scope.claim.name = scope
	bearer.auth.sub.claim.name = sub
	bearer.auth.token = [hidden]
	context.name.strategy = class io.confluent.kafka.serializers.context.NullContextNameStrategy
	http.connect.timeout.ms = 60000
	http.read.timeout.ms = 60000
	id.compatibility.strict = true
	key.schema.id.deserializer = class io.confluent.kafka.serializers.schema.id.DualSchemaIdDeserializer
	key.schema.id.serializer = class io.confluent.kafka.serializers.schema.id.PrefixSchemaIdSerializer
	key.subject.name.strategy = class io.confluent.kafka.serializers.subject.TopicNameStrategy
	latest.cache.size = 1000
	latest.cache.ttl.sec = -1
	latest.compatibility.strict = true
	max.retries = 3
	max.schemas.per.subject = 1000
	normalize.schemas = false
	propagate.schema.tags = false
	proxy.host = 
	proxy.port = -1
	retries.max.wait.ms = 20000
	retries.wait.ms = 1000
	rule.actions = []
	rule.executors = []
	rule.service.loader.enable = true
	schema.format = null
	schema.reflection = false
	schema.registry.basic.auth.user.info = [hidden]
	schema.registry.ssl.cipher.suites = null
	schema.registry.ssl.enabled.protocols = [TLSv1.2, TLSv1.3]
	schema.registry.ssl.endpoint.identification.algorithm = https
	schema.registry.ssl.engine.factory.class = null
	schema.registry.ssl.key.password = null
	schema.registry.ssl.keymanager.algorithm = SunX509
	schema.registry.ssl.keystore.certificate.chain = null
	schema.registry.ssl.keystore.key = null
	schema.registry.ssl.keystore.location = null
	schema.registry.ssl.keystore.password = null
	schema.registry.ssl.keystore.type = JKS
	schema.registry.ssl.protocol = TLSv1.3
	schema.registry.ssl.provider = null
	schema.registry.ssl.secure.random.implementation = null
	schema.registry.ssl.trustmanager.algorithm = PKIX
	schema.registry.ssl.truststore.certificates = null
	schema.registry.ssl.truststore.location = null
	schema.registry.ssl.truststore.password = null
	schema.registry.ssl.truststore.type = JKS
	schema.registry.url = [http://registry-app-mysql.apps.ci419.apicurio-testing.org:80/apis/ccompat/v7]
	schema.registry.url.randomize = false
	use.latest.version = false
	use.latest.with.metadata = null
	use.schema.id = -1
	value.schema.id.deserializer = class io.confluent.kafka.serializers.schema.id.DualSchemaIdDeserializer
	value.schema.id.serializer = class io.confluent.kafka.serializers.schema.id.PrefixSchemaIdSerializer
	value.subject.name.strategy = class io.confluent.kafka.serializers.subject.TopicRecordNameStrategy

2025-08-06 15:40:33,346 INFO  [org.apa.kaf.cli.pro.KafkaProducer] (main) [Producer clientId=Producer-topic-7fb31a11_bab9_456f_afd8_4f118f335ad8] Instantiated an idempotent producer.
2025-08-06 15:40:33,347 INFO  [org.apa.kaf.cli.pro.ProducerConfig] (main) These configurations '[schema.registry.url, auto.register.schemas, value.subject.name.strategy]' were supplied but are not used yet.
2025-08-06 15:40:33,347 INFO  [org.apa.kaf.com.uti.AppInfoParser] (main) Kafka version: 3.9.1
2025-08-06 15:40:33,347 INFO  [org.apa.kaf.com.uti.AppInfoParser] (main) Kafka commitId: f745dfdcee2b9851
2025-08-06 15:40:33,347 INFO  [org.apa.kaf.com.uti.AppInfoParser] (main) Kafka startTimeMs: 1754494833347
2025-08-06 15:40:33,348 INFO  [io.api.tes.ser.api.KafkaSerdesTester] (Thread-846) Sending message {"key1": "value-0"} to topic topic-7fb31a11_bab9_456f_afd8_4f118f335ad8
2025-08-06 15:40:33,349 INFO  [org.apa.kaf.cli.Metadata] (kafka-producer-network-thread | Producer-topic-7fb31a11_bab9_456f_afd8_4f118f335ad8) [Producer clientId=Producer-topic-7fb31a11_bab9_456f_afd8_4f118f335ad8] Cluster ID: dgPJ9z-1S5ugXzLx2i-R9Q
2025-08-06 15:40:33,349 INFO  [org.apa.kaf.cli.pro.int.TransactionManager] (kafka-producer-network-thread | Producer-topic-7fb31a11_bab9_456f_afd8_4f118f335ad8) [Producer clientId=Producer-topic-7fb31a11_bab9_456f_afd8_4f118f335ad8] ProducerId set to 44 with epoch 0
2025-08-06 15:40:33,386 INFO  [io.api.tes.ser.api.KafkaSerdesTester] (Thread-846) Sending message {"key1": "value-1"} to topic topic-7fb31a11_bab9_456f_afd8_4f118f335ad8
2025-08-06 15:40:33,387 INFO  [io.api.tes.ser.api.KafkaSerdesTester] (Thread-846) Sending message {"key1": "value-2"} to topic topic-7fb31a11_bab9_456f_afd8_4f118f335ad8
2025-08-06 15:40:33,388 INFO  [io.api.tes.ser.api.KafkaSerdesTester] (Thread-846) Sending message {"key1": "value-3"} to topic topic-7fb31a11_bab9_456f_afd8_4f118f335ad8
2025-08-06 15:40:33,389 INFO  [io.api.tes.ser.api.KafkaSerdesTester] (Thread-846) Sending message {"key1": "value-4"} to topic topic-7fb31a11_bab9_456f_afd8_4f118f335ad8
2025-08-06 15:40:33,390 INFO  [io.api.tes.ser.api.KafkaSerdesTester] (Thread-846) Sending message {"key1": "value-5"} to topic topic-7fb31a11_bab9_456f_afd8_4f118f335ad8
2025-08-06 15:40:33,391 INFO  [io.api.tes.ser.api.KafkaSerdesTester] (Thread-846) Sending message {"key1": "value-6"} to topic topic-7fb31a11_bab9_456f_afd8_4f118f335ad8
2025-08-06 15:40:33,392 INFO  [io.api.tes.ser.api.KafkaSerdesTester] (Thread-846) Sending message {"key1": "value-7"} to topic topic-7fb31a11_bab9_456f_afd8_4f118f335ad8
2025-08-06 15:40:33,393 INFO  [io.api.tes.ser.api.KafkaSerdesTester] (Thread-846) Sending message {"key1": "value-8"} to topic topic-7fb31a11_bab9_456f_afd8_4f118f335ad8
2025-08-06 15:40:33,395 INFO  [io.api.tes.ser.api.KafkaSerdesTester] (Thread-846) Sending message {"key1": "value-9"} to topic topic-7fb31a11_bab9_456f_afd8_4f118f335ad8
2025-08-06 15:40:33,397 INFO  [io.api.tes.ser.api.KafkaSerdesTester] (Thread-846) Produced 10 messages
2025-08-06 15:40:33,397 INFO  [org.apa.kaf.cli.pro.KafkaProducer] (Thread-846) [Producer clientId=Producer-topic-7fb31a11_bab9_456f_afd8_4f118f335ad8] Closing the Kafka producer with timeoutMillis = 9223372036854775807 ms.
2025-08-06 15:40:33,400 INFO  [org.apa.kaf.com.met.Metrics] (Thread-846) Metrics scheduler closed
2025-08-06 15:40:33,400 INFO  [org.apa.kaf.com.met.Metrics] (Thread-846) Closing reporter org.apache.kafka.common.metrics.JmxReporter
2025-08-06 15:40:33,400 INFO  [org.apa.kaf.com.met.Metrics] (Thread-846) Closing reporter org.apache.kafka.common.telemetry.internals.ClientTelemetryReporter
2025-08-06 15:40:33,400 INFO  [org.apa.kaf.com.met.Metrics] (Thread-846) Metrics reporters closed
2025-08-06 15:40:33,400 INFO  [org.apa.kaf.com.uti.AppInfoParser] (Thread-846) App info kafka.producer for Producer-topic-7fb31a11_bab9_456f_afd8_4f118f335ad8 unregistered
**** Registry Base URL: http://registry-app-mysql.apps.ci419.apicurio-testing.org:80
2025-08-06 15:40:33,400 INFO  [org.apa.kaf.cli.con.ConsumerConfig] (main) ConsumerConfig values: 
	allow.auto.create.topics = true
	auto.commit.interval.ms = 500
	auto.include.jmx.reporter = true
	auto.offset.reset = earliest
	bootstrap.servers = [PLAINTEXT://localhost:32769]
	check.crcs = true
	client.dns.lookup = use_all_dns_ips
	client.id = consumer-Consumer-topic-7fb31a11_bab9_456f_afd8_4f118f335ad8-33
	client.rack = 
	connections.max.idle.ms = 10000
	default.api.timeout.ms = 60000
	enable.auto.commit = true
	enable.metrics.push = true
	exclude.internal.topics = true
	fetch.max.bytes = 52428800
	fetch.max.wait.ms = 500
	fetch.min.bytes = 1
	group.id = Consumer-topic-7fb31a11_bab9_456f_afd8_4f118f335ad8
	group.instance.id = null
	group.protocol = classic
	group.remote.assignor = null
	heartbeat.interval.ms = 3000
	interceptor.classes = []
	internal.leave.group.on.close = true
	internal.throw.on.fetch.stable.offset.unsupported = false
	isolation.level = read_uncommitted
	key.deserializer = class org.apache.kafka.common.serialization.StringDeserializer
	max.partition.fetch.bytes = 1048576
	max.poll.interval.ms = 300000
	max.poll.records = 500
	metadata.max.age.ms = 300000
	metadata.recovery.strategy = none
	metric.reporters = []
	metrics.num.samples = 2
	metrics.recording.level = INFO
	metrics.sample.window.ms = 30000
	partition.assignment.strategy = [class org.apache.kafka.clients.consumer.RangeAssignor, class org.apache.kafka.clients.consumer.CooperativeStickyAssignor]
	receive.buffer.bytes = 65536
	reconnect.backoff.max.ms = 1000
	reconnect.backoff.ms = 50
	request.timeout.ms = 5000
	retry.backoff.max.ms = 1000
	retry.backoff.ms = 100
	sasl.client.callback.handler.class = null
	sasl.jaas.config = null
	sasl.kerberos.kinit.cmd = /usr/bin/kinit
	sasl.kerberos.min.time.before.relogin = 60000
	sasl.kerberos.service.name = null
	sasl.kerberos.ticket.renew.jitter = 0.05
	sasl.kerberos.ticket.renew.window.factor = 0.8
	sasl.login.callback.handler.class = null
	sasl.login.class = null
	sasl.login.connect.timeout.ms = null
	sasl.login.read.timeout.ms = null
	sasl.login.refresh.buffer.seconds = 300
	sasl.login.refresh.min.period.seconds = 60
	sasl.login.refresh.window.factor = 0.8
	sasl.login.refresh.window.jitter = 0.05
	sasl.login.retry.backoff.max.ms = 10000
	sasl.login.retry.backoff.ms = 100
	sasl.mechanism = GSSAPI
	sasl.oauthbearer.clock.skew.seconds = 30
	sasl.oauthbearer.expected.audience = null
	sasl.oauthbearer.expected.issuer = null
	sasl.oauthbearer.header.urlencode = false
	sasl.oauthbearer.jwks.endpoint.refresh.ms = 3600000
	sasl.oauthbearer.jwks.endpoint.retry.backoff.max.ms = 10000
	sasl.oauthbearer.jwks.endpoint.retry.backoff.ms = 100
	sasl.oauthbearer.jwks.endpoint.url = null
	sasl.oauthbearer.scope.claim.name = scope
	sasl.oauthbearer.sub.claim.name = sub
	sasl.oauthbearer.token.endpoint.url = null
	security.protocol = PLAINTEXT
	security.providers = null
	send.buffer.bytes = 131072
	session.timeout.ms = 45000
	socket.connection.setup.timeout.max.ms = 30000
	socket.connection.setup.timeout.ms = 10000
	ssl.cipher.suites = null
	ssl.enabled.protocols = [TLSv1.2, TLSv1.3]
	ssl.endpoint.identification.algorithm = https
	ssl.engine.factory.class = null
	ssl.key.password = null
	ssl.keymanager.algorithm = SunX509
	ssl.keystore.certificate.chain = null
	ssl.keystore.key = null
	ssl.keystore.location = null
	ssl.keystore.password = null
	ssl.keystore.type = JKS
	ssl.protocol = TLSv1.3
	ssl.provider = null
	ssl.secure.random.implementation = null
	ssl.trustmanager.algorithm = PKIX
	ssl.truststore.certificates = null
	ssl.truststore.location = null
	ssl.truststore.password = null
	ssl.truststore.type = JKS
	value.deserializer = class io.confluent.kafka.serializers.KafkaAvroDeserializer

2025-08-06 15:40:33,401 INFO  [org.apa.kaf.com.tel.int.KafkaMetricsCollector] (main) initializing Kafka metrics collector
2025-08-06 15:40:33,401 INFO  [io.con.kaf.ser.KafkaAvroDeserializerConfig] (main) KafkaAvroDeserializerConfig values: 
	auto.register.schemas = true
	avro.reflection.allow.null = false
	avro.use.logical.type.converters = false
	basic.auth.credentials.source = URL
	basic.auth.user.info = [hidden]
	bearer.auth.cache.expiry.buffer.seconds = 300
	bearer.auth.client.id = null
	bearer.auth.client.secret = null
	bearer.auth.credentials.source = STATIC_TOKEN
	bearer.auth.custom.provider.class = null
	bearer.auth.identity.pool.id = null
	bearer.auth.issuer.endpoint.url = null
	bearer.auth.logical.cluster = null
	bearer.auth.scope = null
	bearer.auth.scope.claim.name = scope
	bearer.auth.sub.claim.name = sub
	bearer.auth.token = [hidden]
	context.name.strategy = class io.confluent.kafka.serializers.context.NullContextNameStrategy
	http.connect.timeout.ms = 60000
	http.read.timeout.ms = 60000
	id.compatibility.strict = true
	key.schema.id.deserializer = class io.confluent.kafka.serializers.schema.id.DualSchemaIdDeserializer
	key.schema.id.serializer = class io.confluent.kafka.serializers.schema.id.PrefixSchemaIdSerializer
	key.subject.name.strategy = class io.confluent.kafka.serializers.subject.TopicNameStrategy
	latest.cache.size = 1000
	latest.cache.ttl.sec = -1
	latest.compatibility.strict = true
	max.retries = 3
	max.schemas.per.subject = 1000
	normalize.schemas = false
	propagate.schema.tags = false
	proxy.host = 
	proxy.port = -1
	retries.max.wait.ms = 20000
	retries.wait.ms = 1000
	rule.actions = []
	rule.executors = []
	rule.service.loader.enable = true
	schema.format = null
	schema.reflection = false
	schema.registry.basic.auth.user.info = [hidden]
	schema.registry.ssl.cipher.suites = null
	schema.registry.ssl.enabled.protocols = [TLSv1.2, TLSv1.3]
	schema.registry.ssl.endpoint.identification.algorithm = https
	schema.registry.ssl.engine.factory.class = null
	schema.registry.ssl.key.password = null
	schema.registry.ssl.keymanager.algorithm = SunX509
	schema.registry.ssl.keystore.certificate.chain = null
	schema.registry.ssl.keystore.key = null
	schema.registry.ssl.keystore.location = null
	schema.registry.ssl.keystore.password = null
	schema.registry.ssl.keystore.type = JKS
	schema.registry.ssl.protocol = TLSv1.3
	schema.registry.ssl.provider = null
	schema.registry.ssl.secure.random.implementation = null
	schema.registry.ssl.trustmanager.algorithm = PKIX
	schema.registry.ssl.truststore.certificates = null
	schema.registry.ssl.truststore.location = null
	schema.registry.ssl.truststore.password = null
	schema.registry.ssl.truststore.type = JKS
	schema.registry.url = [http://registry-app-mysql.apps.ci419.apicurio-testing.org:80/apis/ccompat/v7]
	schema.registry.url.randomize = false
	specific.avro.key.type = null
	specific.avro.reader = false
	specific.avro.value.type = null
	use.latest.version = false
	use.latest.with.metadata = null
	use.schema.id = -1
	value.schema.id.deserializer = class io.confluent.kafka.serializers.schema.id.DualSchemaIdDeserializer
	value.schema.id.serializer = class io.confluent.kafka.serializers.schema.id.PrefixSchemaIdSerializer
	value.subject.name.strategy = class io.confluent.kafka.serializers.subject.TopicNameStrategy

2025-08-06 15:40:33,408 INFO  [org.apa.kaf.cli.con.ConsumerConfig] (main) These configurations '[schema.registry.url]' were supplied but are not used yet.
2025-08-06 15:40:33,408 INFO  [org.apa.kaf.com.uti.AppInfoParser] (main) Kafka version: 3.9.1
2025-08-06 15:40:33,408 INFO  [org.apa.kaf.com.uti.AppInfoParser] (main) Kafka commitId: f745dfdcee2b9851
2025-08-06 15:40:33,408 INFO  [org.apa.kaf.com.uti.AppInfoParser] (main) Kafka startTimeMs: 1754494833408
2025-08-06 15:40:33,412 INFO  [org.apa.kaf.cli.con.int.ClassicKafkaConsumer] (Thread-847) [Consumer clientId=consumer-Consumer-topic-7fb31a11_bab9_456f_afd8_4f118f335ad8-33, groupId=Consumer-topic-7fb31a11_bab9_456f_afd8_4f118f335ad8] Subscribed to topic(s): topic-7fb31a11_bab9_456f_afd8_4f118f335ad8
2025-08-06 15:40:33,420 INFO  [org.apa.kaf.cli.Metadata] (Thread-847) [Consumer clientId=consumer-Consumer-topic-7fb31a11_bab9_456f_afd8_4f118f335ad8-33, groupId=Consumer-topic-7fb31a11_bab9_456f_afd8_4f118f335ad8] Cluster ID: dgPJ9z-1S5ugXzLx2i-R9Q
2025-08-06 15:40:33,421 INFO  [org.apa.kaf.cli.con.int.ConsumerCoordinator] (Thread-847) [Consumer clientId=consumer-Consumer-topic-7fb31a11_bab9_456f_afd8_4f118f335ad8-33, groupId=Consumer-topic-7fb31a11_bab9_456f_afd8_4f118f335ad8] Discovered group coordinator localhost:32769 (id: 2147483647 rack: null)
2025-08-06 15:40:33,423 INFO  [org.apa.kaf.cli.con.int.ConsumerCoordinator] (Thread-847) [Consumer clientId=consumer-Consumer-topic-7fb31a11_bab9_456f_afd8_4f118f335ad8-33, groupId=Consumer-topic-7fb31a11_bab9_456f_afd8_4f118f335ad8] (Re-)joining group
2025-08-06 15:40:33,425 INFO  [org.apa.kaf.cli.con.int.ConsumerCoordinator] (Thread-847) [Consumer clientId=consumer-Consumer-topic-7fb31a11_bab9_456f_afd8_4f118f335ad8-33, groupId=Consumer-topic-7fb31a11_bab9_456f_afd8_4f118f335ad8] Request joining group due to: need to re-join with the given member-id: consumer-Consumer-topic-7fb31a11_bab9_456f_afd8_4f118f335ad8-33-c07b1f29-da0e-47a2-9a80-1b930538f19c
2025-08-06 15:40:33,425 INFO  [org.apa.kaf.cli.con.int.ConsumerCoordinator] (Thread-847) [Consumer clientId=consumer-Consumer-topic-7fb31a11_bab9_456f_afd8_4f118f335ad8-33, groupId=Consumer-topic-7fb31a11_bab9_456f_afd8_4f118f335ad8] (Re-)joining group
2025-08-06 15:40:34,412 INFO  [io.api.tes.ser.api.KafkaSerdesTester] (Thread-847) None found
2025-08-06 15:40:35,413 INFO  [io.api.tes.ser.api.KafkaSerdesTester] (Thread-847) None found
2025-08-06 15:40:36,413 INFO  [io.api.tes.ser.api.KafkaSerdesTester] (Thread-847) None found
2025-08-06 15:40:36,427 INFO  [org.apa.kaf.cli.con.int.ConsumerCoordinator] (Thread-847) [Consumer clientId=consumer-Consumer-topic-7fb31a11_bab9_456f_afd8_4f118f335ad8-33, groupId=Consumer-topic-7fb31a11_bab9_456f_afd8_4f118f335ad8] Successfully joined group with generation Generation{generationId=5, memberId='consumer-Consumer-topic-7fb31a11_bab9_456f_afd8_4f118f335ad8-33-c07b1f29-da0e-47a2-9a80-1b930538f19c', protocol='range'}
2025-08-06 15:40:36,427 INFO  [org.apa.kaf.cli.con.int.ConsumerCoordinator] (Thread-847) [Consumer clientId=consumer-Consumer-topic-7fb31a11_bab9_456f_afd8_4f118f335ad8-33, groupId=Consumer-topic-7fb31a11_bab9_456f_afd8_4f118f335ad8] Finished assignment for group at generation 5: {consumer-Consumer-topic-7fb31a11_bab9_456f_afd8_4f118f335ad8-33-c07b1f29-da0e-47a2-9a80-1b930538f19c=Assignment(partitions=[topic-7fb31a11_bab9_456f_afd8_4f118f335ad8-0])}
2025-08-06 15:40:36,435 INFO  [org.apa.kaf.cli.con.int.ConsumerCoordinator] (Thread-847) [Consumer clientId=consumer-Consumer-topic-7fb31a11_bab9_456f_afd8_4f118f335ad8-33, groupId=Consumer-topic-7fb31a11_bab9_456f_afd8_4f118f335ad8] Successfully synced group in generation Generation{generationId=5, memberId='consumer-Consumer-topic-7fb31a11_bab9_456f_afd8_4f118f335ad8-33-c07b1f29-da0e-47a2-9a80-1b930538f19c', protocol='range'}
2025-08-06 15:40:36,435 INFO  [org.apa.kaf.cli.con.int.ConsumerCoordinator] (Thread-847) [Consumer clientId=consumer-Consumer-topic-7fb31a11_bab9_456f_afd8_4f118f335ad8-33, groupId=Consumer-topic-7fb31a11_bab9_456f_afd8_4f118f335ad8] Notifying assignor about the new Assignment(partitions=[topic-7fb31a11_bab9_456f_afd8_4f118f335ad8-0])
2025-08-06 15:40:36,435 INFO  [org.apa.kaf.cli.con.int.ConsumerRebalanceListenerInvoker] (Thread-847) [Consumer clientId=consumer-Consumer-topic-7fb31a11_bab9_456f_afd8_4f118f335ad8-33, groupId=Consumer-topic-7fb31a11_bab9_456f_afd8_4f118f335ad8] Adding newly assigned partitions: topic-7fb31a11_bab9_456f_afd8_4f118f335ad8-0
2025-08-06 15:40:36,436 INFO  [org.apa.kaf.cli.con.int.ConsumerUtils] (Thread-847) Setting offset for partition topic-7fb31a11_bab9_456f_afd8_4f118f335ad8-0 to the committed offset FetchPosition{offset=30, offsetEpoch=Optional[0], currentLeader=LeaderAndEpoch{leader=Optional[localhost:32769 (id: 0 rack: null)], epoch=0}}
2025-08-06 15:40:36,529 INFO  [io.api.tes.ser.api.KafkaSerdesTester] (Thread-847) topic-7fb31a11_bab9_456f_afd8_4f118f335ad8 0 30 {"key1": "value-0", "key2": "value-0", "key3": "value-0"}
2025-08-06 15:40:36,529 INFO  [io.api.tes.ser.api.KafkaSerdesTester] (Thread-847) topic-7fb31a11_bab9_456f_afd8_4f118f335ad8 0 31 {"key1": "value-1", "key2": "value-1", "key3": "value-1"}
2025-08-06 15:40:36,529 INFO  [io.api.tes.ser.api.KafkaSerdesTester] (Thread-847) topic-7fb31a11_bab9_456f_afd8_4f118f335ad8 0 32 {"key1": "value-2", "key2": "value-2", "key3": "value-2"}
2025-08-06 15:40:36,530 INFO  [io.api.tes.ser.api.KafkaSerdesTester] (Thread-847) topic-7fb31a11_bab9_456f_afd8_4f118f335ad8 0 33 {"key1": "value-3", "key2": "value-3", "key3": "value-3"}
2025-08-06 15:40:36,530 INFO  [io.api.tes.ser.api.KafkaSerdesTester] (Thread-847) topic-7fb31a11_bab9_456f_afd8_4f118f335ad8 0 34 {"key1": "value-4", "key2": "value-4", "key3": "value-4"}
2025-08-06 15:40:36,530 INFO  [io.api.tes.ser.api.KafkaSerdesTester] (Thread-847) topic-7fb31a11_bab9_456f_afd8_4f118f335ad8 0 35 {"key1": "value-5", "key2": "value-5", "key3": "value-5"}
2025-08-06 15:40:36,530 INFO  [io.api.tes.ser.api.KafkaSerdesTester] (Thread-847) topic-7fb31a11_bab9_456f_afd8_4f118f335ad8 0 36 {"key1": "value-6", "key2": "value-6", "key3": "value-6"}
2025-08-06 15:40:36,530 INFO  [io.api.tes.ser.api.KafkaSerdesTester] (Thread-847) topic-7fb31a11_bab9_456f_afd8_4f118f335ad8 0 37 {"key1": "value-7", "key2": "value-7", "key3": "value-7"}
2025-08-06 15:40:36,530 INFO  [io.api.tes.ser.api.KafkaSerdesTester] (Thread-847) topic-7fb31a11_bab9_456f_afd8_4f118f335ad8 0 38 {"key1": "value-8", "key2": "value-8", "key3": "value-8"}
2025-08-06 15:40:36,530 INFO  [io.api.tes.ser.api.KafkaSerdesTester] (Thread-847) topic-7fb31a11_bab9_456f_afd8_4f118f335ad8 0 39 {"key1": "value-9", "key2": "value-9", "key3": "value-9"}
2025-08-06 15:40:36,530 INFO  [io.api.tes.ser.api.KafkaSerdesTester] (Thread-847) topic-7fb31a11_bab9_456f_afd8_4f118f335ad8 0 40 {"key1": "value-0", "key2": "value-0"}
2025-08-06 15:40:36,530 INFO  [io.api.tes.ser.api.KafkaSerdesTester] (Thread-847) topic-7fb31a11_bab9_456f_afd8_4f118f335ad8 0 41 {"key1": "value-1", "key2": "value-1"}
2025-08-06 15:40:36,530 INFO  [io.api.tes.ser.api.KafkaSerdesTester] (Thread-847) topic-7fb31a11_bab9_456f_afd8_4f118f335ad8 0 42 {"key1": "value-2", "key2": "value-2"}
2025-08-06 15:40:36,530 INFO  [io.api.tes.ser.api.KafkaSerdesTester] (Thread-847) topic-7fb31a11_bab9_456f_afd8_4f118f335ad8 0 43 {"key1": "value-3", "key2": "value-3"}
2025-08-06 15:40:36,530 INFO  [io.api.tes.ser.api.KafkaSerdesTester] (Thread-847) topic-7fb31a11_bab9_456f_afd8_4f118f335ad8 0 44 {"key1": "value-4", "key2": "value-4"}
2025-08-06 15:40:36,530 INFO  [io.api.tes.ser.api.KafkaSerdesTester] (Thread-847) topic-7fb31a11_bab9_456f_afd8_4f118f335ad8 0 45 {"key1": "value-5", "key2": "value-5"}
2025-08-06 15:40:36,530 INFO  [io.api.tes.ser.api.KafkaSerdesTester] (Thread-847) topic-7fb31a11_bab9_456f_afd8_4f118f335ad8 0 46 {"key1": "value-6", "key2": "value-6"}
2025-08-06 15:40:36,530 INFO  [io.api.tes.ser.api.KafkaSerdesTester] (Thread-847) topic-7fb31a11_bab9_456f_afd8_4f118f335ad8 0 47 {"key1": "value-7", "key2": "value-7"}
2025-08-06 15:40:36,531 INFO  [io.api.tes.ser.api.KafkaSerdesTester] (Thread-847) topic-7fb31a11_bab9_456f_afd8_4f118f335ad8 0 48 {"key1": "value-8", "key2": "value-8"}
2025-08-06 15:40:36,531 INFO  [io.api.tes.ser.api.KafkaSerdesTester] (Thread-847) topic-7fb31a11_bab9_456f_afd8_4f118f335ad8 0 49 {"key1": "value-9", "key2": "value-9"}
2025-08-06 15:40:36,531 INFO  [io.api.tes.ser.api.KafkaSerdesTester] (Thread-847) topic-7fb31a11_bab9_456f_afd8_4f118f335ad8 0 50 {"key1": "value-0"}
2025-08-06 15:40:36,532 INFO  [io.api.tes.ser.api.KafkaSerdesTester] (Thread-847) topic-7fb31a11_bab9_456f_afd8_4f118f335ad8 0 51 {"key1": "value-1"}
2025-08-06 15:40:36,532 INFO  [io.api.tes.ser.api.KafkaSerdesTester] (Thread-847) topic-7fb31a11_bab9_456f_afd8_4f118f335ad8 0 52 {"key1": "value-2"}
2025-08-06 15:40:36,532 INFO  [io.api.tes.ser.api.KafkaSerdesTester] (Thread-847) topic-7fb31a11_bab9_456f_afd8_4f118f335ad8 0 53 {"key1": "value-3"}
2025-08-06 15:40:36,532 INFO  [io.api.tes.ser.api.KafkaSerdesTester] (Thread-847) topic-7fb31a11_bab9_456f_afd8_4f118f335ad8 0 54 {"key1": "value-4"}
2025-08-06 15:40:36,532 INFO  [io.api.tes.ser.api.KafkaSerdesTester] (Thread-847) topic-7fb31a11_bab9_456f_afd8_4f118f335ad8 0 55 {"key1": "value-5"}
2025-08-06 15:40:36,532 INFO  [io.api.tes.ser.api.KafkaSerdesTester] (Thread-847) topic-7fb31a11_bab9_456f_afd8_4f118f335ad8 0 56 {"key1": "value-6"}
2025-08-06 15:40:36,532 INFO  [io.api.tes.ser.api.KafkaSerdesTester] (Thread-847) topic-7fb31a11_bab9_456f_afd8_4f118f335ad8 0 57 {"key1": "value-7"}
2025-08-06 15:40:36,532 INFO  [io.api.tes.ser.api.KafkaSerdesTester] (Thread-847) topic-7fb31a11_bab9_456f_afd8_4f118f335ad8 0 58 {"key1": "value-8"}
2025-08-06 15:40:36,532 INFO  [io.api.tes.ser.api.KafkaSerdesTester] (Thread-847) topic-7fb31a11_bab9_456f_afd8_4f118f335ad8 0 59 {"key1": "value-9"}
2025-08-06 15:40:36,532 INFO  [io.api.tes.ser.api.KafkaSerdesTester] (Thread-847) Consumed 30 messages
2025-08-06 15:40:36,558 INFO  [org.apa.kaf.cli.con.int.ConsumerRebalanceListenerInvoker] (Thread-847) [Consumer clientId=consumer-Consumer-topic-7fb31a11_bab9_456f_afd8_4f118f335ad8-33, groupId=Consumer-topic-7fb31a11_bab9_456f_afd8_4f118f335ad8] Revoke previously assigned partitions topic-7fb31a11_bab9_456f_afd8_4f118f335ad8-0
2025-08-06 15:40:36,559 INFO  [org.apa.kaf.cli.con.int.ConsumerCoordinator] (Thread-847) [Consumer clientId=consumer-Consumer-topic-7fb31a11_bab9_456f_afd8_4f118f335ad8-33, groupId=Consumer-topic-7fb31a11_bab9_456f_afd8_4f118f335ad8] Member consumer-Consumer-topic-7fb31a11_bab9_456f_afd8_4f118f335ad8-33-c07b1f29-da0e-47a2-9a80-1b930538f19c sending LeaveGroup request to coordinator localhost:32769 (id: 2147483647 rack: null) due to the consumer is being closed
2025-08-06 15:40:36,559 INFO  [org.apa.kaf.cli.con.int.ConsumerCoordinator] (Thread-847) [Consumer clientId=consumer-Consumer-topic-7fb31a11_bab9_456f_afd8_4f118f335ad8-33, groupId=Consumer-topic-7fb31a11_bab9_456f_afd8_4f118f335ad8] Resetting generation and member id due to: consumer pro-actively leaving the group
2025-08-06 15:40:36,559 INFO  [org.apa.kaf.cli.con.int.ConsumerCoordinator] (Thread-847) [Consumer clientId=consumer-Consumer-topic-7fb31a11_bab9_456f_afd8_4f118f335ad8-33, groupId=Consumer-topic-7fb31a11_bab9_456f_afd8_4f118f335ad8] Request joining group due to: consumer pro-actively leaving the group
2025-08-06 15:40:37,031 INFO  [org.apa.kaf.com.met.Metrics] (Thread-847) Metrics scheduler closed
2025-08-06 15:40:37,031 INFO  [org.apa.kaf.com.met.Metrics] (Thread-847) Closing reporter org.apache.kafka.common.metrics.JmxReporter
2025-08-06 15:40:37,031 INFO  [org.apa.kaf.com.met.Metrics] (Thread-847) Closing reporter org.apache.kafka.common.telemetry.internals.ClientTelemetryReporter
2025-08-06 15:40:37,031 INFO  [org.apa.kaf.com.met.Metrics] (Thread-847) Metrics reporters closed
2025-08-06 15:40:37,033 INFO  [org.apa.kaf.com.uti.AppInfoParser] (Thread-847) App info kafka.consumer for consumer-Consumer-topic-7fb31a11_bab9_456f_afd8_4f118f335ad8-33 unregistered
2025-08-06 15:40:37,033 INFO  [org.apa.kaf.cli.pro.KafkaProducer] (main) [Producer clientId=Producer-topic-7fb31a11_bab9_456f_afd8_4f118f335ad8] Closing the Kafka producer with timeoutMillis = 9223372036854775807 ms.
2025-08-06 15:40:37,034 INFO  [org.apa.kaf.com.met.Metrics] (main) Metrics scheduler closed
2025-08-06 15:40:37,034 INFO  [org.apa.kaf.com.met.Metrics] (main) Closing reporter org.apache.kafka.common.metrics.JmxReporter
2025-08-06 15:40:37,034 INFO  [org.apa.kaf.com.met.Metrics] (main) Closing reporter org.apache.kafka.common.telemetry.internals.ClientTelemetryReporter
2025-08-06 15:40:37,034 INFO  [org.apa.kaf.com.met.Metrics] (main) Metrics reporters closed
2025-08-06 15:40:37,034 INFO  [org.apa.kaf.com.uti.AppInfoParser] (main) App info kafka.producer for Producer-topic-7fb31a11_bab9_456f_afd8_4f118f335ad8 unregistered
2025-08-06 15:40:37,088 INFO  [io.api.tes.ser.con.BasicConfluentSerDesIT] (main) Deleting confluent schema topic-7fb31a11_bab9_456f_afd8_4f118f335ad8-s55802f46x8218x477axb7d2x2bf2852622e9
2025-08-06 15:40:37,125 INFO  [io.api.tes.uti.TestSeparator] (main) io.apicurio.tests.serdes.confluent.BasicConfluentSerDesIT.testEvolveAvroConfluent-FINISHED
2025-08-06 15:40:37,125 INFO  [io.api.tes.uti.TestSeparator] (main) ############################################################################
Test passed: testEvolveAvroConfluent
]]></system-out>
  </testcase>
  <testcase name="testAvroConfluentSerDes" classname="io.apicurio.tests.serdes.confluent.BasicConfluentSerDesIT" time="3.83">
    <system-out><![CDATA[2025-08-06 15:40:37,126 INFO  [io.api.tes.uti.TestSeparator] (main) ############################################################################
2025-08-06 15:40:37,127 INFO  [io.api.tes.uti.TestSeparator] (main) io.apicurio.tests.serdes.confluent.BasicConfluentSerDesIT.testAvroConfluentSerDes-STARTED
2025-08-06 15:40:37,216 INFO  [io.api.tes.ser.con.BasicConfluentSerDesIT] (main) Checking that created schema is equal to the get schema
2025-08-06 15:40:37,249 INFO  [io.api.tes.ser.con.BasicConfluentSerDesIT] (main) Created schema with id:101 and name:myrecordconfluent1
**** Registry Base URL: http://registry-app-mysql.apps.ci419.apicurio-testing.org:80
2025-08-06 15:40:37,250 INFO  [org.apa.kaf.cli.pro.ProducerConfig] (main) ProducerConfig values: 
	acks = -1
	auto.include.jmx.reporter = true
	batch.size = 16384
	bootstrap.servers = [PLAINTEXT://localhost:32769]
	buffer.memory = 33554432
	client.dns.lookup = use_all_dns_ips
	client.id = Producer-topic-ef31371d_674a_46d8_9e87_82d37d982743
	compression.gzip.level = -1
	compression.lz4.level = 9
	compression.type = none
	compression.zstd.level = 3
	connections.max.idle.ms = 10000
	delivery.timeout.ms = 120000
	enable.idempotence = true
	enable.metrics.push = true
	interceptor.classes = []
	key.serializer = class org.apache.kafka.common.serialization.StringSerializer
	linger.ms = 0
	max.block.ms = 60000
	max.in.flight.requests.per.connection = 5
	max.request.size = 1048576
	metadata.max.age.ms = 300000
	metadata.max.idle.ms = 300000
	metadata.recovery.strategy = none
	metric.reporters = []
	metrics.num.samples = 2
	metrics.recording.level = INFO
	metrics.sample.window.ms = 30000
	partitioner.adaptive.partitioning.enable = true
	partitioner.availability.timeout.ms = 0
	partitioner.class = null
	partitioner.ignore.keys = false
	receive.buffer.bytes = 32768
	reconnect.backoff.max.ms = 1000
	reconnect.backoff.ms = 50
	request.timeout.ms = 5000
	retries = 2147483647
	retry.backoff.max.ms = 1000
	retry.backoff.ms = 100
	sasl.client.callback.handler.class = null
	sasl.jaas.config = null
	sasl.kerberos.kinit.cmd = /usr/bin/kinit
	sasl.kerberos.min.time.before.relogin = 60000
	sasl.kerberos.service.name = null
	sasl.kerberos.ticket.renew.jitter = 0.05
	sasl.kerberos.ticket.renew.window.factor = 0.8
	sasl.login.callback.handler.class = null
	sasl.login.class = null
	sasl.login.connect.timeout.ms = null
	sasl.login.read.timeout.ms = null
	sasl.login.refresh.buffer.seconds = 300
	sasl.login.refresh.min.period.seconds = 60
	sasl.login.refresh.window.factor = 0.8
	sasl.login.refresh.window.jitter = 0.05
	sasl.login.retry.backoff.max.ms = 10000
	sasl.login.retry.backoff.ms = 100
	sasl.mechanism = GSSAPI
	sasl.oauthbearer.clock.skew.seconds = 30
	sasl.oauthbearer.expected.audience = null
	sasl.oauthbearer.expected.issuer = null
	sasl.oauthbearer.header.urlencode = false
	sasl.oauthbearer.jwks.endpoint.refresh.ms = 3600000
	sasl.oauthbearer.jwks.endpoint.retry.backoff.max.ms = 10000
	sasl.oauthbearer.jwks.endpoint.retry.backoff.ms = 100
	sasl.oauthbearer.jwks.endpoint.url = null
	sasl.oauthbearer.scope.claim.name = scope
	sasl.oauthbearer.sub.claim.name = sub
	sasl.oauthbearer.token.endpoint.url = null
	security.protocol = PLAINTEXT
	security.providers = null
	send.buffer.bytes = 131072
	socket.connection.setup.timeout.max.ms = 30000
	socket.connection.setup.timeout.ms = 10000
	ssl.cipher.suites = null
	ssl.enabled.protocols = [TLSv1.2, TLSv1.3]
	ssl.endpoint.identification.algorithm = https
	ssl.engine.factory.class = null
	ssl.key.password = null
	ssl.keymanager.algorithm = SunX509
	ssl.keystore.certificate.chain = null
	ssl.keystore.key = null
	ssl.keystore.location = null
	ssl.keystore.password = null
	ssl.keystore.type = JKS
	ssl.protocol = TLSv1.3
	ssl.provider = null
	ssl.secure.random.implementation = null
	ssl.trustmanager.algorithm = PKIX
	ssl.truststore.certificates = null
	ssl.truststore.location = null
	ssl.truststore.password = null
	ssl.truststore.type = JKS
	transaction.timeout.ms = 60000
	transactional.id = null
	value.serializer = class io.confluent.kafka.serializers.KafkaAvroSerializer

2025-08-06 15:40:37,250 INFO  [org.apa.kaf.com.tel.int.KafkaMetricsCollector] (main) initializing Kafka metrics collector
2025-08-06 15:40:37,250 INFO  [io.con.kaf.ser.KafkaAvroSerializerConfig] (main) KafkaAvroSerializerConfig values: 
	auto.register.schemas = false
	avro.reflection.allow.null = false
	avro.remove.java.properties = false
	avro.use.logical.type.converters = false
	basic.auth.credentials.source = URL
	basic.auth.user.info = [hidden]
	bearer.auth.cache.expiry.buffer.seconds = 300
	bearer.auth.client.id = null
	bearer.auth.client.secret = null
	bearer.auth.credentials.source = STATIC_TOKEN
	bearer.auth.custom.provider.class = null
	bearer.auth.identity.pool.id = null
	bearer.auth.issuer.endpoint.url = null
	bearer.auth.logical.cluster = null
	bearer.auth.scope = null
	bearer.auth.scope.claim.name = scope
	bearer.auth.sub.claim.name = sub
	bearer.auth.token = [hidden]
	context.name.strategy = class io.confluent.kafka.serializers.context.NullContextNameStrategy
	http.connect.timeout.ms = 60000
	http.read.timeout.ms = 60000
	id.compatibility.strict = true
	key.schema.id.deserializer = class io.confluent.kafka.serializers.schema.id.DualSchemaIdDeserializer
	key.schema.id.serializer = class io.confluent.kafka.serializers.schema.id.PrefixSchemaIdSerializer
	key.subject.name.strategy = class io.confluent.kafka.serializers.subject.TopicNameStrategy
	latest.cache.size = 1000
	latest.cache.ttl.sec = -1
	latest.compatibility.strict = true
	max.retries = 3
	max.schemas.per.subject = 1000
	normalize.schemas = false
	propagate.schema.tags = false
	proxy.host = 
	proxy.port = -1
	retries.max.wait.ms = 20000
	retries.wait.ms = 1000
	rule.actions = []
	rule.executors = []
	rule.service.loader.enable = true
	schema.format = null
	schema.reflection = false
	schema.registry.basic.auth.user.info = [hidden]
	schema.registry.ssl.cipher.suites = null
	schema.registry.ssl.enabled.protocols = [TLSv1.2, TLSv1.3]
	schema.registry.ssl.endpoint.identification.algorithm = https
	schema.registry.ssl.engine.factory.class = null
	schema.registry.ssl.key.password = null
	schema.registry.ssl.keymanager.algorithm = SunX509
	schema.registry.ssl.keystore.certificate.chain = null
	schema.registry.ssl.keystore.key = null
	schema.registry.ssl.keystore.location = null
	schema.registry.ssl.keystore.password = null
	schema.registry.ssl.keystore.type = JKS
	schema.registry.ssl.protocol = TLSv1.3
	schema.registry.ssl.provider = null
	schema.registry.ssl.secure.random.implementation = null
	schema.registry.ssl.trustmanager.algorithm = PKIX
	schema.registry.ssl.truststore.certificates = null
	schema.registry.ssl.truststore.location = null
	schema.registry.ssl.truststore.password = null
	schema.registry.ssl.truststore.type = JKS
	schema.registry.url = [http://registry-app-mysql.apps.ci419.apicurio-testing.org:80/apis/ccompat/v7]
	schema.registry.url.randomize = false
	use.latest.version = false
	use.latest.with.metadata = null
	use.schema.id = -1
	value.schema.id.deserializer = class io.confluent.kafka.serializers.schema.id.DualSchemaIdDeserializer
	value.schema.id.serializer = class io.confluent.kafka.serializers.schema.id.PrefixSchemaIdSerializer
	value.subject.name.strategy = class io.confluent.kafka.serializers.subject.TopicNameStrategy

2025-08-06 15:40:37,252 INFO  [org.apa.kaf.cli.pro.KafkaProducer] (main) [Producer clientId=Producer-topic-ef31371d_674a_46d8_9e87_82d37d982743] Instantiated an idempotent producer.
2025-08-06 15:40:37,253 INFO  [org.apa.kaf.cli.pro.ProducerConfig] (main) These configurations '[schema.registry.url, auto.register.schemas, value.subject.name.strategy]' were supplied but are not used yet.
2025-08-06 15:40:37,253 INFO  [org.apa.kaf.com.uti.AppInfoParser] (main) Kafka version: 3.9.1
2025-08-06 15:40:37,253 INFO  [org.apa.kaf.com.uti.AppInfoParser] (main) Kafka commitId: f745dfdcee2b9851
2025-08-06 15:40:37,253 INFO  [org.apa.kaf.com.uti.AppInfoParser] (main) Kafka startTimeMs: 1754494837253
2025-08-06 15:40:37,253 INFO  [io.api.tes.ser.api.SimpleSerdesTesterBuilder$SimpleSerdesTester] (main) Using producer configuration: {schema.registry.url=http://registry-app-mysql.apps.ci419.apicurio-testing.org:80/apis/ccompat/v7, value.serializer=io.confluent.kafka.serializers.KafkaAvroSerializer, request.timeout.ms=5000, auto.register.schemas=false, acks=all, bootstrap.servers=PLAINTEXT://localhost:32769, connections.max.idle.ms=10000, key.serializer=org.apache.kafka.common.serialization.StringSerializer, value.subject.name.strategy=io.confluent.kafka.serializers.subject.TopicNameStrategy, client.id=Producer-topic-ef31371d_674a_46d8_9e87_82d37d982743}
2025-08-06 15:40:37,253 INFO  [io.api.tes.ser.api.SimpleSerdesTesterBuilder$SimpleSerdesTester] (main) Using consumer configuration: {}
2025-08-06 15:40:37,254 INFO  [io.api.tes.ser.api.KafkaSerdesTester] (Thread-848) Sending message {"key1": "value-0"} to topic topic-ef31371d_674a_46d8_9e87_82d37d982743
2025-08-06 15:40:37,255 INFO  [org.apa.kaf.cli.Metadata] (kafka-producer-network-thread | Producer-topic-ef31371d_674a_46d8_9e87_82d37d982743) [Producer clientId=Producer-topic-ef31371d_674a_46d8_9e87_82d37d982743] Cluster ID: dgPJ9z-1S5ugXzLx2i-R9Q
2025-08-06 15:40:37,256 INFO  [org.apa.kaf.cli.pro.int.TransactionManager] (kafka-producer-network-thread | Producer-topic-ef31371d_674a_46d8_9e87_82d37d982743) [Producer clientId=Producer-topic-ef31371d_674a_46d8_9e87_82d37d982743] ProducerId set to 45 with epoch 0
2025-08-06 15:40:37,290 INFO  [io.api.tes.ser.api.KafkaSerdesTester] (Thread-848) Sending message {"key1": "value-1"} to topic topic-ef31371d_674a_46d8_9e87_82d37d982743
2025-08-06 15:40:37,292 INFO  [io.api.tes.ser.api.KafkaSerdesTester] (Thread-848) Sending message {"key1": "value-2"} to topic topic-ef31371d_674a_46d8_9e87_82d37d982743
2025-08-06 15:40:37,293 INFO  [io.api.tes.ser.api.KafkaSerdesTester] (Thread-848) Sending message {"key1": "value-3"} to topic topic-ef31371d_674a_46d8_9e87_82d37d982743
2025-08-06 15:40:37,294 INFO  [io.api.tes.ser.api.KafkaSerdesTester] (Thread-848) Sending message {"key1": "value-4"} to topic topic-ef31371d_674a_46d8_9e87_82d37d982743
2025-08-06 15:40:37,295 INFO  [io.api.tes.ser.api.KafkaSerdesTester] (Thread-848) Sending message {"key1": "value-5"} to topic topic-ef31371d_674a_46d8_9e87_82d37d982743
2025-08-06 15:40:37,296 INFO  [io.api.tes.ser.api.KafkaSerdesTester] (Thread-848) Sending message {"key1": "value-6"} to topic topic-ef31371d_674a_46d8_9e87_82d37d982743
2025-08-06 15:40:37,297 INFO  [io.api.tes.ser.api.KafkaSerdesTester] (Thread-848) Sending message {"key1": "value-7"} to topic topic-ef31371d_674a_46d8_9e87_82d37d982743
2025-08-06 15:40:37,297 INFO  [io.api.tes.ser.api.KafkaSerdesTester] (Thread-848) Sending message {"key1": "value-8"} to topic topic-ef31371d_674a_46d8_9e87_82d37d982743
2025-08-06 15:40:37,298 INFO  [io.api.tes.ser.api.KafkaSerdesTester] (Thread-848) Sending message {"key1": "value-9"} to topic topic-ef31371d_674a_46d8_9e87_82d37d982743
2025-08-06 15:40:37,299 INFO  [io.api.tes.ser.api.KafkaSerdesTester] (Thread-848) Produced 10 messages
2025-08-06 15:40:37,299 INFO  [org.apa.kaf.cli.pro.KafkaProducer] (Thread-848) [Producer clientId=Producer-topic-ef31371d_674a_46d8_9e87_82d37d982743] Closing the Kafka producer with timeoutMillis = 9223372036854775807 ms.
2025-08-06 15:40:37,301 INFO  [org.apa.kaf.com.met.Metrics] (Thread-848) Metrics scheduler closed
2025-08-06 15:40:37,301 INFO  [org.apa.kaf.com.met.Metrics] (Thread-848) Closing reporter org.apache.kafka.common.metrics.JmxReporter
2025-08-06 15:40:37,301 INFO  [org.apa.kaf.com.met.Metrics] (Thread-848) Closing reporter org.apache.kafka.common.telemetry.internals.ClientTelemetryReporter
2025-08-06 15:40:37,301 INFO  [org.apa.kaf.com.met.Metrics] (Thread-848) Metrics reporters closed
2025-08-06 15:40:37,301 INFO  [org.apa.kaf.com.uti.AppInfoParser] (Thread-848) App info kafka.producer for Producer-topic-ef31371d_674a_46d8_9e87_82d37d982743 unregistered
**** Registry Base URL: http://registry-app-mysql.apps.ci419.apicurio-testing.org:80
2025-08-06 15:40:37,303 INFO  [org.apa.kaf.cli.con.ConsumerConfig] (main) ConsumerConfig values: 
	allow.auto.create.topics = true
	auto.commit.interval.ms = 500
	auto.include.jmx.reporter = true
	auto.offset.reset = earliest
	bootstrap.servers = [PLAINTEXT://localhost:32769]
	check.crcs = true
	client.dns.lookup = use_all_dns_ips
	client.id = consumer-Consumer-topic-ef31371d_674a_46d8_9e87_82d37d982743-34
	client.rack = 
	connections.max.idle.ms = 10000
	default.api.timeout.ms = 60000
	enable.auto.commit = true
	enable.metrics.push = true
	exclude.internal.topics = true
	fetch.max.bytes = 52428800
	fetch.max.wait.ms = 500
	fetch.min.bytes = 1
	group.id = Consumer-topic-ef31371d_674a_46d8_9e87_82d37d982743
	group.instance.id = null
	group.protocol = classic
	group.remote.assignor = null
	heartbeat.interval.ms = 3000
	interceptor.classes = []
	internal.leave.group.on.close = true
	internal.throw.on.fetch.stable.offset.unsupported = false
	isolation.level = read_uncommitted
	key.deserializer = class org.apache.kafka.common.serialization.StringDeserializer
	max.partition.fetch.bytes = 1048576
	max.poll.interval.ms = 300000
	max.poll.records = 500
	metadata.max.age.ms = 300000
	metadata.recovery.strategy = none
	metric.reporters = []
	metrics.num.samples = 2
	metrics.recording.level = INFO
	metrics.sample.window.ms = 30000
	partition.assignment.strategy = [class org.apache.kafka.clients.consumer.RangeAssignor, class org.apache.kafka.clients.consumer.CooperativeStickyAssignor]
	receive.buffer.bytes = 65536
	reconnect.backoff.max.ms = 1000
	reconnect.backoff.ms = 50
	request.timeout.ms = 5000
	retry.backoff.max.ms = 1000
	retry.backoff.ms = 100
	sasl.client.callback.handler.class = null
	sasl.jaas.config = null
	sasl.kerberos.kinit.cmd = /usr/bin/kinit
	sasl.kerberos.min.time.before.relogin = 60000
	sasl.kerberos.service.name = null
	sasl.kerberos.ticket.renew.jitter = 0.05
	sasl.kerberos.ticket.renew.window.factor = 0.8
	sasl.login.callback.handler.class = null
	sasl.login.class = null
	sasl.login.connect.timeout.ms = null
	sasl.login.read.timeout.ms = null
	sasl.login.refresh.buffer.seconds = 300
	sasl.login.refresh.min.period.seconds = 60
	sasl.login.refresh.window.factor = 0.8
	sasl.login.refresh.window.jitter = 0.05
	sasl.login.retry.backoff.max.ms = 10000
	sasl.login.retry.backoff.ms = 100
	sasl.mechanism = GSSAPI
	sasl.oauthbearer.clock.skew.seconds = 30
	sasl.oauthbearer.expected.audience = null
	sasl.oauthbearer.expected.issuer = null
	sasl.oauthbearer.header.urlencode = false
	sasl.oauthbearer.jwks.endpoint.refresh.ms = 3600000
	sasl.oauthbearer.jwks.endpoint.retry.backoff.max.ms = 10000
	sasl.oauthbearer.jwks.endpoint.retry.backoff.ms = 100
	sasl.oauthbearer.jwks.endpoint.url = null
	sasl.oauthbearer.scope.claim.name = scope
	sasl.oauthbearer.sub.claim.name = sub
	sasl.oauthbearer.token.endpoint.url = null
	security.protocol = PLAINTEXT
	security.providers = null
	send.buffer.bytes = 131072
	session.timeout.ms = 45000
	socket.connection.setup.timeout.max.ms = 30000
	socket.connection.setup.timeout.ms = 10000
	ssl.cipher.suites = null
	ssl.enabled.protocols = [TLSv1.2, TLSv1.3]
	ssl.endpoint.identification.algorithm = https
	ssl.engine.factory.class = null
	ssl.key.password = null
	ssl.keymanager.algorithm = SunX509
	ssl.keystore.certificate.chain = null
	ssl.keystore.key = null
	ssl.keystore.location = null
	ssl.keystore.password = null
	ssl.keystore.type = JKS
	ssl.protocol = TLSv1.3
	ssl.provider = null
	ssl.secure.random.implementation = null
	ssl.trustmanager.algorithm = PKIX
	ssl.truststore.certificates = null
	ssl.truststore.location = null
	ssl.truststore.password = null
	ssl.truststore.type = JKS
	value.deserializer = class io.confluent.kafka.serializers.KafkaAvroDeserializer

2025-08-06 15:40:37,303 INFO  [org.apa.kaf.com.tel.int.KafkaMetricsCollector] (main) initializing Kafka metrics collector
2025-08-06 15:40:37,304 INFO  [io.con.kaf.ser.KafkaAvroDeserializerConfig] (main) KafkaAvroDeserializerConfig values: 
	auto.register.schemas = true
	avro.reflection.allow.null = false
	avro.use.logical.type.converters = false
	basic.auth.credentials.source = URL
	basic.auth.user.info = [hidden]
	bearer.auth.cache.expiry.buffer.seconds = 300
	bearer.auth.client.id = null
	bearer.auth.client.secret = null
	bearer.auth.credentials.source = STATIC_TOKEN
	bearer.auth.custom.provider.class = null
	bearer.auth.identity.pool.id = null
	bearer.auth.issuer.endpoint.url = null
	bearer.auth.logical.cluster = null
	bearer.auth.scope = null
	bearer.auth.scope.claim.name = scope
	bearer.auth.sub.claim.name = sub
	bearer.auth.token = [hidden]
	context.name.strategy = class io.confluent.kafka.serializers.context.NullContextNameStrategy
	http.connect.timeout.ms = 60000
	http.read.timeout.ms = 60000
	id.compatibility.strict = true
	key.schema.id.deserializer = class io.confluent.kafka.serializers.schema.id.DualSchemaIdDeserializer
	key.schema.id.serializer = class io.confluent.kafka.serializers.schema.id.PrefixSchemaIdSerializer
	key.subject.name.strategy = class io.confluent.kafka.serializers.subject.TopicNameStrategy
	latest.cache.size = 1000
	latest.cache.ttl.sec = -1
	latest.compatibility.strict = true
	max.retries = 3
	max.schemas.per.subject = 1000
	normalize.schemas = false
	propagate.schema.tags = false
	proxy.host = 
	proxy.port = -1
	retries.max.wait.ms = 20000
	retries.wait.ms = 1000
	rule.actions = []
	rule.executors = []
	rule.service.loader.enable = true
	schema.format = null
	schema.reflection = false
	schema.registry.basic.auth.user.info = [hidden]
	schema.registry.ssl.cipher.suites = null
	schema.registry.ssl.enabled.protocols = [TLSv1.2, TLSv1.3]
	schema.registry.ssl.endpoint.identification.algorithm = https
	schema.registry.ssl.engine.factory.class = null
	schema.registry.ssl.key.password = null
	schema.registry.ssl.keymanager.algorithm = SunX509
	schema.registry.ssl.keystore.certificate.chain = null
	schema.registry.ssl.keystore.key = null
	schema.registry.ssl.keystore.location = null
	schema.registry.ssl.keystore.password = null
	schema.registry.ssl.keystore.type = JKS
	schema.registry.ssl.protocol = TLSv1.3
	schema.registry.ssl.provider = null
	schema.registry.ssl.secure.random.implementation = null
	schema.registry.ssl.trustmanager.algorithm = PKIX
	schema.registry.ssl.truststore.certificates = null
	schema.registry.ssl.truststore.location = null
	schema.registry.ssl.truststore.password = null
	schema.registry.ssl.truststore.type = JKS
	schema.registry.url = [http://registry-app-mysql.apps.ci419.apicurio-testing.org:80/apis/ccompat/v7]
	schema.registry.url.randomize = false
	specific.avro.key.type = null
	specific.avro.reader = false
	specific.avro.value.type = null
	use.latest.version = false
	use.latest.with.metadata = null
	use.schema.id = -1
	value.schema.id.deserializer = class io.confluent.kafka.serializers.schema.id.DualSchemaIdDeserializer
	value.schema.id.serializer = class io.confluent.kafka.serializers.schema.id.PrefixSchemaIdSerializer
	value.subject.name.strategy = class io.confluent.kafka.serializers.subject.TopicNameStrategy

2025-08-06 15:40:37,308 INFO  [org.apa.kaf.cli.con.ConsumerConfig] (main) These configurations '[schema.registry.url]' were supplied but are not used yet.
2025-08-06 15:40:37,308 INFO  [org.apa.kaf.com.uti.AppInfoParser] (main) Kafka version: 3.9.1
2025-08-06 15:40:37,308 INFO  [org.apa.kaf.com.uti.AppInfoParser] (main) Kafka commitId: f745dfdcee2b9851
2025-08-06 15:40:37,308 INFO  [org.apa.kaf.com.uti.AppInfoParser] (main) Kafka startTimeMs: 1754494837308
2025-08-06 15:40:37,308 INFO  [org.apa.kaf.cli.con.int.ClassicKafkaConsumer] (Thread-849) [Consumer clientId=consumer-Consumer-topic-ef31371d_674a_46d8_9e87_82d37d982743-34, groupId=Consumer-topic-ef31371d_674a_46d8_9e87_82d37d982743] Subscribed to topic(s): topic-ef31371d_674a_46d8_9e87_82d37d982743
2025-08-06 15:40:37,311 INFO  [org.apa.kaf.cli.Metadata] (Thread-849) [Consumer clientId=consumer-Consumer-topic-ef31371d_674a_46d8_9e87_82d37d982743-34, groupId=Consumer-topic-ef31371d_674a_46d8_9e87_82d37d982743] Cluster ID: dgPJ9z-1S5ugXzLx2i-R9Q
2025-08-06 15:40:37,312 INFO  [org.apa.kaf.cli.con.int.ConsumerCoordinator] (Thread-849) [Consumer clientId=consumer-Consumer-topic-ef31371d_674a_46d8_9e87_82d37d982743-34, groupId=Consumer-topic-ef31371d_674a_46d8_9e87_82d37d982743] Discovered group coordinator localhost:32769 (id: 2147483647 rack: null)
2025-08-06 15:40:37,315 INFO  [org.apa.kaf.cli.con.int.ConsumerCoordinator] (Thread-849) [Consumer clientId=consumer-Consumer-topic-ef31371d_674a_46d8_9e87_82d37d982743-34, groupId=Consumer-topic-ef31371d_674a_46d8_9e87_82d37d982743] (Re-)joining group
2025-08-06 15:40:37,316 INFO  [org.apa.kaf.cli.con.int.ConsumerCoordinator] (Thread-849) [Consumer clientId=consumer-Consumer-topic-ef31371d_674a_46d8_9e87_82d37d982743-34, groupId=Consumer-topic-ef31371d_674a_46d8_9e87_82d37d982743] Request joining group due to: need to re-join with the given member-id: consumer-Consumer-topic-ef31371d_674a_46d8_9e87_82d37d982743-34-6bfa9939-ab62-4e98-898f-270486c35ff6
2025-08-06 15:40:37,316 INFO  [org.apa.kaf.cli.con.int.ConsumerCoordinator] (Thread-849) [Consumer clientId=consumer-Consumer-topic-ef31371d_674a_46d8_9e87_82d37d982743-34, groupId=Consumer-topic-ef31371d_674a_46d8_9e87_82d37d982743] (Re-)joining group
2025-08-06 15:40:38,308 INFO  [io.api.tes.ser.api.KafkaSerdesTester] (Thread-849) None found
2025-08-06 15:40:39,309 INFO  [io.api.tes.ser.api.KafkaSerdesTester] (Thread-849) None found
2025-08-06 15:40:40,309 INFO  [io.api.tes.ser.api.KafkaSerdesTester] (Thread-849) None found
2025-08-06 15:40:40,317 INFO  [org.apa.kaf.cli.con.int.ConsumerCoordinator] (Thread-849) [Consumer clientId=consumer-Consumer-topic-ef31371d_674a_46d8_9e87_82d37d982743-34, groupId=Consumer-topic-ef31371d_674a_46d8_9e87_82d37d982743] Successfully joined group with generation Generation{generationId=1, memberId='consumer-Consumer-topic-ef31371d_674a_46d8_9e87_82d37d982743-34-6bfa9939-ab62-4e98-898f-270486c35ff6', protocol='range'}
2025-08-06 15:40:40,317 INFO  [org.apa.kaf.cli.con.int.ConsumerCoordinator] (Thread-849) [Consumer clientId=consumer-Consumer-topic-ef31371d_674a_46d8_9e87_82d37d982743-34, groupId=Consumer-topic-ef31371d_674a_46d8_9e87_82d37d982743] Finished assignment for group at generation 1: {consumer-Consumer-topic-ef31371d_674a_46d8_9e87_82d37d982743-34-6bfa9939-ab62-4e98-898f-270486c35ff6=Assignment(partitions=[topic-ef31371d_674a_46d8_9e87_82d37d982743-0])}
2025-08-06 15:40:40,324 INFO  [org.apa.kaf.cli.con.int.ConsumerCoordinator] (Thread-849) [Consumer clientId=consumer-Consumer-topic-ef31371d_674a_46d8_9e87_82d37d982743-34, groupId=Consumer-topic-ef31371d_674a_46d8_9e87_82d37d982743] Successfully synced group in generation Generation{generationId=1, memberId='consumer-Consumer-topic-ef31371d_674a_46d8_9e87_82d37d982743-34-6bfa9939-ab62-4e98-898f-270486c35ff6', protocol='range'}
2025-08-06 15:40:40,324 INFO  [org.apa.kaf.cli.con.int.ConsumerCoordinator] (Thread-849) [Consumer clientId=consumer-Consumer-topic-ef31371d_674a_46d8_9e87_82d37d982743-34, groupId=Consumer-topic-ef31371d_674a_46d8_9e87_82d37d982743] Notifying assignor about the new Assignment(partitions=[topic-ef31371d_674a_46d8_9e87_82d37d982743-0])
2025-08-06 15:40:40,324 INFO  [org.apa.kaf.cli.con.int.ConsumerRebalanceListenerInvoker] (Thread-849) [Consumer clientId=consumer-Consumer-topic-ef31371d_674a_46d8_9e87_82d37d982743-34, groupId=Consumer-topic-ef31371d_674a_46d8_9e87_82d37d982743] Adding newly assigned partitions: topic-ef31371d_674a_46d8_9e87_82d37d982743-0
2025-08-06 15:40:40,326 INFO  [org.apa.kaf.cli.con.int.ConsumerCoordinator] (Thread-849) [Consumer clientId=consumer-Consumer-topic-ef31371d_674a_46d8_9e87_82d37d982743-34, groupId=Consumer-topic-ef31371d_674a_46d8_9e87_82d37d982743] Found no committed offset for partition topic-ef31371d_674a_46d8_9e87_82d37d982743-0
2025-08-06 15:40:40,326 INFO  [org.apa.kaf.cli.con.int.SubscriptionState] (Thread-849) [Consumer clientId=consumer-Consumer-topic-ef31371d_674a_46d8_9e87_82d37d982743-34, groupId=Consumer-topic-ef31371d_674a_46d8_9e87_82d37d982743] Resetting offset for partition topic-ef31371d_674a_46d8_9e87_82d37d982743-0 to position FetchPosition{offset=0, offsetEpoch=Optional.empty, currentLeader=LeaderAndEpoch{leader=Optional[localhost:32769 (id: 0 rack: null)], epoch=0}}.
2025-08-06 15:40:40,357 INFO  [io.api.tes.ser.api.KafkaSerdesTester] (Thread-849) topic-ef31371d_674a_46d8_9e87_82d37d982743 0 0 {"key1": "value-0"}
2025-08-06 15:40:40,357 INFO  [io.api.tes.ser.api.KafkaSerdesTester] (Thread-849) topic-ef31371d_674a_46d8_9e87_82d37d982743 0 1 {"key1": "value-1"}
2025-08-06 15:40:40,357 INFO  [io.api.tes.ser.api.KafkaSerdesTester] (Thread-849) topic-ef31371d_674a_46d8_9e87_82d37d982743 0 2 {"key1": "value-2"}
2025-08-06 15:40:40,357 INFO  [io.api.tes.ser.api.KafkaSerdesTester] (Thread-849) topic-ef31371d_674a_46d8_9e87_82d37d982743 0 3 {"key1": "value-3"}
2025-08-06 15:40:40,357 INFO  [io.api.tes.ser.api.KafkaSerdesTester] (Thread-849) topic-ef31371d_674a_46d8_9e87_82d37d982743 0 4 {"key1": "value-4"}
2025-08-06 15:40:40,357 INFO  [io.api.tes.ser.api.KafkaSerdesTester] (Thread-849) topic-ef31371d_674a_46d8_9e87_82d37d982743 0 5 {"key1": "value-5"}
2025-08-06 15:40:40,357 INFO  [io.api.tes.ser.api.KafkaSerdesTester] (Thread-849) topic-ef31371d_674a_46d8_9e87_82d37d982743 0 6 {"key1": "value-6"}
2025-08-06 15:40:40,357 INFO  [io.api.tes.ser.api.KafkaSerdesTester] (Thread-849) topic-ef31371d_674a_46d8_9e87_82d37d982743 0 7 {"key1": "value-7"}
2025-08-06 15:40:40,357 INFO  [io.api.tes.ser.api.KafkaSerdesTester] (Thread-849) topic-ef31371d_674a_46d8_9e87_82d37d982743 0 8 {"key1": "value-8"}
2025-08-06 15:40:40,357 INFO  [io.api.tes.ser.api.KafkaSerdesTester] (Thread-849) topic-ef31371d_674a_46d8_9e87_82d37d982743 0 9 {"key1": "value-9"}
2025-08-06 15:40:40,357 INFO  [io.api.tes.ser.api.KafkaSerdesTester] (Thread-849) Consumed 10 messages
2025-08-06 15:40:40,363 INFO  [org.apa.kaf.cli.con.int.ConsumerRebalanceListenerInvoker] (Thread-849) [Consumer clientId=consumer-Consumer-topic-ef31371d_674a_46d8_9e87_82d37d982743-34, groupId=Consumer-topic-ef31371d_674a_46d8_9e87_82d37d982743] Revoke previously assigned partitions topic-ef31371d_674a_46d8_9e87_82d37d982743-0
2025-08-06 15:40:40,363 INFO  [org.apa.kaf.cli.con.int.ConsumerCoordinator] (Thread-849) [Consumer clientId=consumer-Consumer-topic-ef31371d_674a_46d8_9e87_82d37d982743-34, groupId=Consumer-topic-ef31371d_674a_46d8_9e87_82d37d982743] Member consumer-Consumer-topic-ef31371d_674a_46d8_9e87_82d37d982743-34-6bfa9939-ab62-4e98-898f-270486c35ff6 sending LeaveGroup request to coordinator localhost:32769 (id: 2147483647 rack: null) due to the consumer is being closed
2025-08-06 15:40:40,363 INFO  [org.apa.kaf.cli.con.int.ConsumerCoordinator] (Thread-849) [Consumer clientId=consumer-Consumer-topic-ef31371d_674a_46d8_9e87_82d37d982743-34, groupId=Consumer-topic-ef31371d_674a_46d8_9e87_82d37d982743] Resetting generation and member id due to: consumer pro-actively leaving the group
2025-08-06 15:40:40,363 INFO  [org.apa.kaf.cli.con.int.ConsumerCoordinator] (Thread-849) [Consumer clientId=consumer-Consumer-topic-ef31371d_674a_46d8_9e87_82d37d982743-34, groupId=Consumer-topic-ef31371d_674a_46d8_9e87_82d37d982743] Request joining group due to: consumer pro-actively leaving the group
2025-08-06 15:40:40,859 INFO  [org.apa.kaf.com.met.Metrics] (Thread-849) Metrics scheduler closed
2025-08-06 15:40:40,859 INFO  [org.apa.kaf.com.met.Metrics] (Thread-849) Closing reporter org.apache.kafka.common.metrics.JmxReporter
2025-08-06 15:40:40,859 INFO  [org.apa.kaf.com.met.Metrics] (Thread-849) Closing reporter org.apache.kafka.common.telemetry.internals.ClientTelemetryReporter
2025-08-06 15:40:40,860 INFO  [org.apa.kaf.com.met.Metrics] (Thread-849) Metrics reporters closed
2025-08-06 15:40:40,861 INFO  [org.apa.kaf.com.uti.AppInfoParser] (Thread-849) App info kafka.consumer for consumer-Consumer-topic-ef31371d_674a_46d8_9e87_82d37d982743-34 unregistered
2025-08-06 15:40:40,918 INFO  [io.api.tes.ser.con.BasicConfluentSerDesIT] (main) Deleting confluent schema topic-ef31371d_674a_46d8_9e87_82d37d982743-value
2025-08-06 15:40:40,956 INFO  [io.api.tes.uti.TestSeparator] (main) io.apicurio.tests.serdes.confluent.BasicConfluentSerDesIT.testAvroConfluentSerDes-FINISHED
2025-08-06 15:40:40,956 INFO  [io.api.tes.uti.TestSeparator] (main) ############################################################################
Test passed: testAvroConfluentSerDes
]]></system-out>
  </testcase>
  <testcase name="testAvroConfluentForMultipleTopics" classname="io.apicurio.tests.serdes.confluent.BasicConfluentSerDesIT" time="11.542">
    <system-out><![CDATA[2025-08-06 15:40:40,957 INFO  [io.api.tes.uti.TestSeparator] (main) ############################################################################
2025-08-06 15:40:40,957 INFO  [io.api.tes.uti.TestSeparator] (main) io.apicurio.tests.serdes.confluent.BasicConfluentSerDesIT.testAvroConfluentForMultipleTopics-STARTED
2025-08-06 15:40:41,048 INFO  [io.api.tes.ser.con.BasicConfluentSerDesIT] (main) Checking that created schema is equal to the get schema
2025-08-06 15:40:41,088 INFO  [io.api.tes.ser.con.BasicConfluentSerDesIT] (main) Created schema with id:102 and name:myrecordconfluent6
**** Registry Base URL: http://registry-app-mysql.apps.ci419.apicurio-testing.org:80
2025-08-06 15:40:41,088 INFO  [org.apa.kaf.cli.pro.ProducerConfig] (main) ProducerConfig values: 
	acks = -1
	auto.include.jmx.reporter = true
	batch.size = 16384
	bootstrap.servers = [PLAINTEXT://localhost:32769]
	buffer.memory = 33554432
	client.dns.lookup = use_all_dns_ips
	client.id = Producer-topic-1d983ef1_3464_4397_8d44_d112704d1b7b
	compression.gzip.level = -1
	compression.lz4.level = 9
	compression.type = none
	compression.zstd.level = 3
	connections.max.idle.ms = 10000
	delivery.timeout.ms = 120000
	enable.idempotence = true
	enable.metrics.push = true
	interceptor.classes = []
	key.serializer = class org.apache.kafka.common.serialization.StringSerializer
	linger.ms = 0
	max.block.ms = 60000
	max.in.flight.requests.per.connection = 5
	max.request.size = 1048576
	metadata.max.age.ms = 300000
	metadata.max.idle.ms = 300000
	metadata.recovery.strategy = none
	metric.reporters = []
	metrics.num.samples = 2
	metrics.recording.level = INFO
	metrics.sample.window.ms = 30000
	partitioner.adaptive.partitioning.enable = true
	partitioner.availability.timeout.ms = 0
	partitioner.class = null
	partitioner.ignore.keys = false
	receive.buffer.bytes = 32768
	reconnect.backoff.max.ms = 1000
	reconnect.backoff.ms = 50
	request.timeout.ms = 5000
	retries = 2147483647
	retry.backoff.max.ms = 1000
	retry.backoff.ms = 100
	sasl.client.callback.handler.class = null
	sasl.jaas.config = null
	sasl.kerberos.kinit.cmd = /usr/bin/kinit
	sasl.kerberos.min.time.before.relogin = 60000
	sasl.kerberos.service.name = null
	sasl.kerberos.ticket.renew.jitter = 0.05
	sasl.kerberos.ticket.renew.window.factor = 0.8
	sasl.login.callback.handler.class = null
	sasl.login.class = null
	sasl.login.connect.timeout.ms = null
	sasl.login.read.timeout.ms = null
	sasl.login.refresh.buffer.seconds = 300
	sasl.login.refresh.min.period.seconds = 60
	sasl.login.refresh.window.factor = 0.8
	sasl.login.refresh.window.jitter = 0.05
	sasl.login.retry.backoff.max.ms = 10000
	sasl.login.retry.backoff.ms = 100
	sasl.mechanism = GSSAPI
	sasl.oauthbearer.clock.skew.seconds = 30
	sasl.oauthbearer.expected.audience = null
	sasl.oauthbearer.expected.issuer = null
	sasl.oauthbearer.header.urlencode = false
	sasl.oauthbearer.jwks.endpoint.refresh.ms = 3600000
	sasl.oauthbearer.jwks.endpoint.retry.backoff.max.ms = 10000
	sasl.oauthbearer.jwks.endpoint.retry.backoff.ms = 100
	sasl.oauthbearer.jwks.endpoint.url = null
	sasl.oauthbearer.scope.claim.name = scope
	sasl.oauthbearer.sub.claim.name = sub
	sasl.oauthbearer.token.endpoint.url = null
	security.protocol = PLAINTEXT
	security.providers = null
	send.buffer.bytes = 131072
	socket.connection.setup.timeout.max.ms = 30000
	socket.connection.setup.timeout.ms = 10000
	ssl.cipher.suites = null
	ssl.enabled.protocols = [TLSv1.2, TLSv1.3]
	ssl.endpoint.identification.algorithm = https
	ssl.engine.factory.class = null
	ssl.key.password = null
	ssl.keymanager.algorithm = SunX509
	ssl.keystore.certificate.chain = null
	ssl.keystore.key = null
	ssl.keystore.location = null
	ssl.keystore.password = null
	ssl.keystore.type = JKS
	ssl.protocol = TLSv1.3
	ssl.provider = null
	ssl.secure.random.implementation = null
	ssl.trustmanager.algorithm = PKIX
	ssl.truststore.certificates = null
	ssl.truststore.location = null
	ssl.truststore.password = null
	ssl.truststore.type = JKS
	transaction.timeout.ms = 60000
	transactional.id = null
	value.serializer = class io.apicurio.registry.serde.avro.AvroKafkaSerializer

2025-08-06 15:40:41,088 INFO  [org.apa.kaf.com.tel.int.KafkaMetricsCollector] (main) initializing Kafka metrics collector
2025-08-06 15:40:41,091 INFO  [org.apa.kaf.cli.pro.KafkaProducer] (main) [Producer clientId=Producer-topic-1d983ef1_3464_4397_8d44_d112704d1b7b] Instantiated an idempotent producer.
2025-08-06 15:40:41,092 INFO  [org.apa.kaf.cli.pro.ProducerConfig] (main) These configurations '[apicurio.registry.url, apicurio.registry.artifact-resolver-strategy]' were supplied but are not used yet.
2025-08-06 15:40:41,092 INFO  [org.apa.kaf.com.uti.AppInfoParser] (main) Kafka version: 3.9.1
2025-08-06 15:40:41,092 INFO  [org.apa.kaf.com.uti.AppInfoParser] (main) Kafka commitId: f745dfdcee2b9851
2025-08-06 15:40:41,092 INFO  [org.apa.kaf.com.uti.AppInfoParser] (main) Kafka startTimeMs: 1754494841092
**** Registry Base URL: http://registry-app-mysql.apps.ci419.apicurio-testing.org:80
2025-08-06 15:40:41,093 INFO  [org.apa.kaf.cli.pro.ProducerConfig] (main) ProducerConfig values: 
	acks = -1
	auto.include.jmx.reporter = true
	batch.size = 16384
	bootstrap.servers = [PLAINTEXT://localhost:32769]
	buffer.memory = 33554432
	client.dns.lookup = use_all_dns_ips
	client.id = Producer-topic-7977acf6_415c_4361_b905_45bdafdb965f
	compression.gzip.level = -1
	compression.lz4.level = 9
	compression.type = none
	compression.zstd.level = 3
	connections.max.idle.ms = 10000
	delivery.timeout.ms = 120000
	enable.idempotence = true
	enable.metrics.push = true
	interceptor.classes = []
	key.serializer = class org.apache.kafka.common.serialization.StringSerializer
	linger.ms = 0
	max.block.ms = 60000
	max.in.flight.requests.per.connection = 5
	max.request.size = 1048576
	metadata.max.age.ms = 300000
	metadata.max.idle.ms = 300000
	metadata.recovery.strategy = none
	metric.reporters = []
	metrics.num.samples = 2
	metrics.recording.level = INFO
	metrics.sample.window.ms = 30000
	partitioner.adaptive.partitioning.enable = true
	partitioner.availability.timeout.ms = 0
	partitioner.class = null
	partitioner.ignore.keys = false
	receive.buffer.bytes = 32768
	reconnect.backoff.max.ms = 1000
	reconnect.backoff.ms = 50
	request.timeout.ms = 5000
	retries = 2147483647
	retry.backoff.max.ms = 1000
	retry.backoff.ms = 100
	sasl.client.callback.handler.class = null
	sasl.jaas.config = null
	sasl.kerberos.kinit.cmd = /usr/bin/kinit
	sasl.kerberos.min.time.before.relogin = 60000
	sasl.kerberos.service.name = null
	sasl.kerberos.ticket.renew.jitter = 0.05
	sasl.kerberos.ticket.renew.window.factor = 0.8
	sasl.login.callback.handler.class = null
	sasl.login.class = null
	sasl.login.connect.timeout.ms = null
	sasl.login.read.timeout.ms = null
	sasl.login.refresh.buffer.seconds = 300
	sasl.login.refresh.min.period.seconds = 60
	sasl.login.refresh.window.factor = 0.8
	sasl.login.refresh.window.jitter = 0.05
	sasl.login.retry.backoff.max.ms = 10000
	sasl.login.retry.backoff.ms = 100
	sasl.mechanism = GSSAPI
	sasl.oauthbearer.clock.skew.seconds = 30
	sasl.oauthbearer.expected.audience = null
	sasl.oauthbearer.expected.issuer = null
	sasl.oauthbearer.header.urlencode = false
	sasl.oauthbearer.jwks.endpoint.refresh.ms = 3600000
	sasl.oauthbearer.jwks.endpoint.retry.backoff.max.ms = 10000
	sasl.oauthbearer.jwks.endpoint.retry.backoff.ms = 100
	sasl.oauthbearer.jwks.endpoint.url = null
	sasl.oauthbearer.scope.claim.name = scope
	sasl.oauthbearer.sub.claim.name = sub
	sasl.oauthbearer.token.endpoint.url = null
	security.protocol = PLAINTEXT
	security.providers = null
	send.buffer.bytes = 131072
	socket.connection.setup.timeout.max.ms = 30000
	socket.connection.setup.timeout.ms = 10000
	ssl.cipher.suites = null
	ssl.enabled.protocols = [TLSv1.2, TLSv1.3]
	ssl.endpoint.identification.algorithm = https
	ssl.engine.factory.class = null
	ssl.key.password = null
	ssl.keymanager.algorithm = SunX509
	ssl.keystore.certificate.chain = null
	ssl.keystore.key = null
	ssl.keystore.location = null
	ssl.keystore.password = null
	ssl.keystore.type = JKS
	ssl.protocol = TLSv1.3
	ssl.provider = null
	ssl.secure.random.implementation = null
	ssl.trustmanager.algorithm = PKIX
	ssl.truststore.certificates = null
	ssl.truststore.location = null
	ssl.truststore.password = null
	ssl.truststore.type = JKS
	transaction.timeout.ms = 60000
	transactional.id = null
	value.serializer = class io.apicurio.registry.serde.avro.AvroKafkaSerializer

2025-08-06 15:40:41,093 INFO  [org.apa.kaf.com.tel.int.KafkaMetricsCollector] (main) initializing Kafka metrics collector
2025-08-06 15:40:41,094 INFO  [org.apa.kaf.cli.Metadata] (kafka-producer-network-thread | Producer-topic-1d983ef1_3464_4397_8d44_d112704d1b7b) [Producer clientId=Producer-topic-1d983ef1_3464_4397_8d44_d112704d1b7b] Cluster ID: dgPJ9z-1S5ugXzLx2i-R9Q
2025-08-06 15:40:41,095 INFO  [org.apa.kaf.cli.pro.int.TransactionManager] (kafka-producer-network-thread | Producer-topic-1d983ef1_3464_4397_8d44_d112704d1b7b) [Producer clientId=Producer-topic-1d983ef1_3464_4397_8d44_d112704d1b7b] ProducerId set to 46 with epoch 0
2025-08-06 15:40:41,095 INFO  [org.apa.kaf.cli.pro.KafkaProducer] (main) [Producer clientId=Producer-topic-7977acf6_415c_4361_b905_45bdafdb965f] Instantiated an idempotent producer.
2025-08-06 15:40:41,096 INFO  [org.apa.kaf.cli.pro.ProducerConfig] (main) These configurations '[apicurio.registry.url, apicurio.registry.artifact-resolver-strategy]' were supplied but are not used yet.
2025-08-06 15:40:41,096 INFO  [org.apa.kaf.com.uti.AppInfoParser] (main) Kafka version: 3.9.1
2025-08-06 15:40:41,096 INFO  [org.apa.kaf.com.uti.AppInfoParser] (main) Kafka commitId: f745dfdcee2b9851
2025-08-06 15:40:41,096 INFO  [org.apa.kaf.com.uti.AppInfoParser] (main) Kafka startTimeMs: 1754494841096
**** Registry Base URL: http://registry-app-mysql.apps.ci419.apicurio-testing.org:80
2025-08-06 15:40:41,097 INFO  [org.apa.kaf.cli.pro.ProducerConfig] (main) ProducerConfig values: 
	acks = -1
	auto.include.jmx.reporter = true
	batch.size = 16384
	bootstrap.servers = [PLAINTEXT://localhost:32769]
	buffer.memory = 33554432
	client.dns.lookup = use_all_dns_ips
	client.id = Producer-topic-73683e7e_0dba_4601_a5eb_d54aeaa5079a
	compression.gzip.level = -1
	compression.lz4.level = 9
	compression.type = none
	compression.zstd.level = 3
	connections.max.idle.ms = 10000
	delivery.timeout.ms = 120000
	enable.idempotence = true
	enable.metrics.push = true
	interceptor.classes = []
	key.serializer = class org.apache.kafka.common.serialization.StringSerializer
	linger.ms = 0
	max.block.ms = 60000
	max.in.flight.requests.per.connection = 5
	max.request.size = 1048576
	metadata.max.age.ms = 300000
	metadata.max.idle.ms = 300000
	metadata.recovery.strategy = none
	metric.reporters = []
	metrics.num.samples = 2
	metrics.recording.level = INFO
	metrics.sample.window.ms = 30000
	partitioner.adaptive.partitioning.enable = true
	partitioner.availability.timeout.ms = 0
	partitioner.class = null
	partitioner.ignore.keys = false
	receive.buffer.bytes = 32768
	reconnect.backoff.max.ms = 1000
	reconnect.backoff.ms = 50
	request.timeout.ms = 5000
	retries = 2147483647
	retry.backoff.max.ms = 1000
	retry.backoff.ms = 100
	sasl.client.callback.handler.class = null
	sasl.jaas.config = null
	sasl.kerberos.kinit.cmd = /usr/bin/kinit
	sasl.kerberos.min.time.before.relogin = 60000
	sasl.kerberos.service.name = null
	sasl.kerberos.ticket.renew.jitter = 0.05
	sasl.kerberos.ticket.renew.window.factor = 0.8
	sasl.login.callback.handler.class = null
	sasl.login.class = null
	sasl.login.connect.timeout.ms = null
	sasl.login.read.timeout.ms = null
	sasl.login.refresh.buffer.seconds = 300
	sasl.login.refresh.min.period.seconds = 60
	sasl.login.refresh.window.factor = 0.8
	sasl.login.refresh.window.jitter = 0.05
	sasl.login.retry.backoff.max.ms = 10000
	sasl.login.retry.backoff.ms = 100
	sasl.mechanism = GSSAPI
	sasl.oauthbearer.clock.skew.seconds = 30
	sasl.oauthbearer.expected.audience = null
	sasl.oauthbearer.expected.issuer = null
	sasl.oauthbearer.header.urlencode = false
	sasl.oauthbearer.jwks.endpoint.refresh.ms = 3600000
	sasl.oauthbearer.jwks.endpoint.retry.backoff.max.ms = 10000
	sasl.oauthbearer.jwks.endpoint.retry.backoff.ms = 100
	sasl.oauthbearer.jwks.endpoint.url = null
	sasl.oauthbearer.scope.claim.name = scope
	sasl.oauthbearer.sub.claim.name = sub
	sasl.oauthbearer.token.endpoint.url = null
	security.protocol = PLAINTEXT
	security.providers = null
	send.buffer.bytes = 131072
	socket.connection.setup.timeout.max.ms = 30000
	socket.connection.setup.timeout.ms = 10000
	ssl.cipher.suites = null
	ssl.enabled.protocols = [TLSv1.2, TLSv1.3]
	ssl.endpoint.identification.algorithm = https
	ssl.engine.factory.class = null
	ssl.key.password = null
	ssl.keymanager.algorithm = SunX509
	ssl.keystore.certificate.chain = null
	ssl.keystore.key = null
	ssl.keystore.location = null
	ssl.keystore.password = null
	ssl.keystore.type = JKS
	ssl.protocol = TLSv1.3
	ssl.provider = null
	ssl.secure.random.implementation = null
	ssl.trustmanager.algorithm = PKIX
	ssl.truststore.certificates = null
	ssl.truststore.location = null
	ssl.truststore.password = null
	ssl.truststore.type = JKS
	transaction.timeout.ms = 60000
	transactional.id = null
	value.serializer = class io.apicurio.registry.serde.avro.AvroKafkaSerializer

2025-08-06 15:40:41,097 INFO  [org.apa.kaf.com.tel.int.KafkaMetricsCollector] (main) initializing Kafka metrics collector
2025-08-06 15:40:41,098 INFO  [org.apa.kaf.cli.Metadata] (kafka-producer-network-thread | Producer-topic-7977acf6_415c_4361_b905_45bdafdb965f) [Producer clientId=Producer-topic-7977acf6_415c_4361_b905_45bdafdb965f] Cluster ID: dgPJ9z-1S5ugXzLx2i-R9Q
2025-08-06 15:40:41,098 INFO  [org.apa.kaf.cli.pro.int.TransactionManager] (kafka-producer-network-thread | Producer-topic-7977acf6_415c_4361_b905_45bdafdb965f) [Producer clientId=Producer-topic-7977acf6_415c_4361_b905_45bdafdb965f] ProducerId set to 47 with epoch 0
2025-08-06 15:40:41,099 INFO  [org.apa.kaf.cli.pro.KafkaProducer] (main) [Producer clientId=Producer-topic-73683e7e_0dba_4601_a5eb_d54aeaa5079a] Instantiated an idempotent producer.
2025-08-06 15:40:41,101 INFO  [org.apa.kaf.cli.pro.ProducerConfig] (main) These configurations '[apicurio.registry.url, apicurio.registry.artifact-resolver-strategy]' were supplied but are not used yet.
2025-08-06 15:40:41,101 INFO  [org.apa.kaf.com.uti.AppInfoParser] (main) Kafka version: 3.9.1
2025-08-06 15:40:41,101 INFO  [org.apa.kaf.com.uti.AppInfoParser] (main) Kafka commitId: f745dfdcee2b9851
2025-08-06 15:40:41,101 INFO  [org.apa.kaf.com.uti.AppInfoParser] (main) Kafka startTimeMs: 1754494841101
**** Registry Base URL: http://registry-app-mysql.apps.ci419.apicurio-testing.org:80
2025-08-06 15:40:41,101 INFO  [org.apa.kaf.cli.con.ConsumerConfig] (main) ConsumerConfig values: 
	allow.auto.create.topics = true
	auto.commit.interval.ms = 500
	auto.include.jmx.reporter = true
	auto.offset.reset = earliest
	bootstrap.servers = [PLAINTEXT://localhost:32769]
	check.crcs = true
	client.dns.lookup = use_all_dns_ips
	client.id = consumer-Consumer-topic-1d983ef1_3464_4397_8d44_d112704d1b7b-35
	client.rack = 
	connections.max.idle.ms = 10000
	default.api.timeout.ms = 60000
	enable.auto.commit = true
	enable.metrics.push = true
	exclude.internal.topics = true
	fetch.max.bytes = 52428800
	fetch.max.wait.ms = 500
	fetch.min.bytes = 1
	group.id = Consumer-topic-1d983ef1_3464_4397_8d44_d112704d1b7b
	group.instance.id = null
	group.protocol = classic
	group.remote.assignor = null
	heartbeat.interval.ms = 3000
	interceptor.classes = []
	internal.leave.group.on.close = true
	internal.throw.on.fetch.stable.offset.unsupported = false
	isolation.level = read_uncommitted
	key.deserializer = class org.apache.kafka.common.serialization.StringDeserializer
	max.partition.fetch.bytes = 1048576
	max.poll.interval.ms = 300000
	max.poll.records = 500
	metadata.max.age.ms = 300000
	metadata.recovery.strategy = none
	metric.reporters = []
	metrics.num.samples = 2
	metrics.recording.level = INFO
	metrics.sample.window.ms = 30000
	partition.assignment.strategy = [class org.apache.kafka.clients.consumer.RangeAssignor, class org.apache.kafka.clients.consumer.CooperativeStickyAssignor]
	receive.buffer.bytes = 65536
	reconnect.backoff.max.ms = 1000
	reconnect.backoff.ms = 50
	request.timeout.ms = 5000
	retry.backoff.max.ms = 1000
	retry.backoff.ms = 100
	sasl.client.callback.handler.class = null
	sasl.jaas.config = null
	sasl.kerberos.kinit.cmd = /usr/bin/kinit
	sasl.kerberos.min.time.before.relogin = 60000
	sasl.kerberos.service.name = null
	sasl.kerberos.ticket.renew.jitter = 0.05
	sasl.kerberos.ticket.renew.window.factor = 0.8
	sasl.login.callback.handler.class = null
	sasl.login.class = null
	sasl.login.connect.timeout.ms = null
	sasl.login.read.timeout.ms = null
	sasl.login.refresh.buffer.seconds = 300
	sasl.login.refresh.min.period.seconds = 60
	sasl.login.refresh.window.factor = 0.8
	sasl.login.refresh.window.jitter = 0.05
	sasl.login.retry.backoff.max.ms = 10000
	sasl.login.retry.backoff.ms = 100
	sasl.mechanism = GSSAPI
	sasl.oauthbearer.clock.skew.seconds = 30
	sasl.oauthbearer.expected.audience = null
	sasl.oauthbearer.expected.issuer = null
	sasl.oauthbearer.header.urlencode = false
	sasl.oauthbearer.jwks.endpoint.refresh.ms = 3600000
	sasl.oauthbearer.jwks.endpoint.retry.backoff.max.ms = 10000
	sasl.oauthbearer.jwks.endpoint.retry.backoff.ms = 100
	sasl.oauthbearer.jwks.endpoint.url = null
	sasl.oauthbearer.scope.claim.name = scope
	sasl.oauthbearer.sub.claim.name = sub
	sasl.oauthbearer.token.endpoint.url = null
	security.protocol = PLAINTEXT
	security.providers = null
	send.buffer.bytes = 131072
	session.timeout.ms = 45000
	socket.connection.setup.timeout.max.ms = 30000
	socket.connection.setup.timeout.ms = 10000
	ssl.cipher.suites = null
	ssl.enabled.protocols = [TLSv1.2, TLSv1.3]
	ssl.endpoint.identification.algorithm = https
	ssl.engine.factory.class = null
	ssl.key.password = null
	ssl.keymanager.algorithm = SunX509
	ssl.keystore.certificate.chain = null
	ssl.keystore.key = null
	ssl.keystore.location = null
	ssl.keystore.password = null
	ssl.keystore.type = JKS
	ssl.protocol = TLSv1.3
	ssl.provider = null
	ssl.secure.random.implementation = null
	ssl.trustmanager.algorithm = PKIX
	ssl.truststore.certificates = null
	ssl.truststore.location = null
	ssl.truststore.password = null
	ssl.truststore.type = JKS
	value.deserializer = class io.apicurio.registry.serde.avro.AvroKafkaDeserializer

2025-08-06 15:40:41,102 INFO  [org.apa.kaf.com.tel.int.KafkaMetricsCollector] (main) initializing Kafka metrics collector
2025-08-06 15:40:41,104 INFO  [org.apa.kaf.cli.Metadata] (kafka-producer-network-thread | Producer-topic-73683e7e_0dba_4601_a5eb_d54aeaa5079a) [Producer clientId=Producer-topic-73683e7e_0dba_4601_a5eb_d54aeaa5079a] Cluster ID: dgPJ9z-1S5ugXzLx2i-R9Q
2025-08-06 15:40:41,105 INFO  [org.apa.kaf.cli.pro.int.TransactionManager] (kafka-producer-network-thread | Producer-topic-73683e7e_0dba_4601_a5eb_d54aeaa5079a) [Producer clientId=Producer-topic-73683e7e_0dba_4601_a5eb_d54aeaa5079a] ProducerId set to 48 with epoch 0
2025-08-06 15:40:41,106 INFO  [org.apa.kaf.cli.con.ConsumerConfig] (main) These configurations '[apicurio.registry.url]' were supplied but are not used yet.
2025-08-06 15:40:41,106 INFO  [org.apa.kaf.com.uti.AppInfoParser] (main) Kafka version: 3.9.1
2025-08-06 15:40:41,106 INFO  [org.apa.kaf.com.uti.AppInfoParser] (main) Kafka commitId: f745dfdcee2b9851
2025-08-06 15:40:41,106 INFO  [org.apa.kaf.com.uti.AppInfoParser] (main) Kafka startTimeMs: 1754494841106
**** Registry Base URL: http://registry-app-mysql.apps.ci419.apicurio-testing.org:80
2025-08-06 15:40:41,106 INFO  [org.apa.kaf.cli.con.ConsumerConfig] (main) ConsumerConfig values: 
	allow.auto.create.topics = true
	auto.commit.interval.ms = 500
	auto.include.jmx.reporter = true
	auto.offset.reset = earliest
	bootstrap.servers = [PLAINTEXT://localhost:32769]
	check.crcs = true
	client.dns.lookup = use_all_dns_ips
	client.id = consumer-Consumer-topic-7977acf6_415c_4361_b905_45bdafdb965f-36
	client.rack = 
	connections.max.idle.ms = 10000
	default.api.timeout.ms = 60000
	enable.auto.commit = true
	enable.metrics.push = true
	exclude.internal.topics = true
	fetch.max.bytes = 52428800
	fetch.max.wait.ms = 500
	fetch.min.bytes = 1
	group.id = Consumer-topic-7977acf6_415c_4361_b905_45bdafdb965f
	group.instance.id = null
	group.protocol = classic
	group.remote.assignor = null
	heartbeat.interval.ms = 3000
	interceptor.classes = []
	internal.leave.group.on.close = true
	internal.throw.on.fetch.stable.offset.unsupported = false
	isolation.level = read_uncommitted
	key.deserializer = class org.apache.kafka.common.serialization.StringDeserializer
	max.partition.fetch.bytes = 1048576
	max.poll.interval.ms = 300000
	max.poll.records = 500
	metadata.max.age.ms = 300000
	metadata.recovery.strategy = none
	metric.reporters = []
	metrics.num.samples = 2
	metrics.recording.level = INFO
	metrics.sample.window.ms = 30000
	partition.assignment.strategy = [class org.apache.kafka.clients.consumer.RangeAssignor, class org.apache.kafka.clients.consumer.CooperativeStickyAssignor]
	receive.buffer.bytes = 65536
	reconnect.backoff.max.ms = 1000
	reconnect.backoff.ms = 50
	request.timeout.ms = 5000
	retry.backoff.max.ms = 1000
	retry.backoff.ms = 100
	sasl.client.callback.handler.class = null
	sasl.jaas.config = null
	sasl.kerberos.kinit.cmd = /usr/bin/kinit
	sasl.kerberos.min.time.before.relogin = 60000
	sasl.kerberos.service.name = null
	sasl.kerberos.ticket.renew.jitter = 0.05
	sasl.kerberos.ticket.renew.window.factor = 0.8
	sasl.login.callback.handler.class = null
	sasl.login.class = null
	sasl.login.connect.timeout.ms = null
	sasl.login.read.timeout.ms = null
	sasl.login.refresh.buffer.seconds = 300
	sasl.login.refresh.min.period.seconds = 60
	sasl.login.refresh.window.factor = 0.8
	sasl.login.refresh.window.jitter = 0.05
	sasl.login.retry.backoff.max.ms = 10000
	sasl.login.retry.backoff.ms = 100
	sasl.mechanism = GSSAPI
	sasl.oauthbearer.clock.skew.seconds = 30
	sasl.oauthbearer.expected.audience = null
	sasl.oauthbearer.expected.issuer = null
	sasl.oauthbearer.header.urlencode = false
	sasl.oauthbearer.jwks.endpoint.refresh.ms = 3600000
	sasl.oauthbearer.jwks.endpoint.retry.backoff.max.ms = 10000
	sasl.oauthbearer.jwks.endpoint.retry.backoff.ms = 100
	sasl.oauthbearer.jwks.endpoint.url = null
	sasl.oauthbearer.scope.claim.name = scope
	sasl.oauthbearer.sub.claim.name = sub
	sasl.oauthbearer.token.endpoint.url = null
	security.protocol = PLAINTEXT
	security.providers = null
	send.buffer.bytes = 131072
	session.timeout.ms = 45000
	socket.connection.setup.timeout.max.ms = 30000
	socket.connection.setup.timeout.ms = 10000
	ssl.cipher.suites = null
	ssl.enabled.protocols = [TLSv1.2, TLSv1.3]
	ssl.endpoint.identification.algorithm = https
	ssl.engine.factory.class = null
	ssl.key.password = null
	ssl.keymanager.algorithm = SunX509
	ssl.keystore.certificate.chain = null
	ssl.keystore.key = null
	ssl.keystore.location = null
	ssl.keystore.password = null
	ssl.keystore.type = JKS
	ssl.protocol = TLSv1.3
	ssl.provider = null
	ssl.secure.random.implementation = null
	ssl.trustmanager.algorithm = PKIX
	ssl.truststore.certificates = null
	ssl.truststore.location = null
	ssl.truststore.password = null
	ssl.truststore.type = JKS
	value.deserializer = class io.apicurio.registry.serde.avro.AvroKafkaDeserializer

2025-08-06 15:40:41,106 INFO  [org.apa.kaf.com.tel.int.KafkaMetricsCollector] (main) initializing Kafka metrics collector
2025-08-06 15:40:41,110 INFO  [org.apa.kaf.cli.con.ConsumerConfig] (main) These configurations '[apicurio.registry.url]' were supplied but are not used yet.
2025-08-06 15:40:41,110 INFO  [org.apa.kaf.com.uti.AppInfoParser] (main) Kafka version: 3.9.1
2025-08-06 15:40:41,110 INFO  [org.apa.kaf.com.uti.AppInfoParser] (main) Kafka commitId: f745dfdcee2b9851
2025-08-06 15:40:41,110 INFO  [org.apa.kaf.com.uti.AppInfoParser] (main) Kafka startTimeMs: 1754494841110
**** Registry Base URL: http://registry-app-mysql.apps.ci419.apicurio-testing.org:80
2025-08-06 15:40:41,112 INFO  [org.apa.kaf.cli.con.ConsumerConfig] (main) ConsumerConfig values: 
	allow.auto.create.topics = true
	auto.commit.interval.ms = 500
	auto.include.jmx.reporter = true
	auto.offset.reset = earliest
	bootstrap.servers = [PLAINTEXT://localhost:32769]
	check.crcs = true
	client.dns.lookup = use_all_dns_ips
	client.id = consumer-Consumer-topic-73683e7e_0dba_4601_a5eb_d54aeaa5079a-37
	client.rack = 
	connections.max.idle.ms = 10000
	default.api.timeout.ms = 60000
	enable.auto.commit = true
	enable.metrics.push = true
	exclude.internal.topics = true
	fetch.max.bytes = 52428800
	fetch.max.wait.ms = 500
	fetch.min.bytes = 1
	group.id = Consumer-topic-73683e7e_0dba_4601_a5eb_d54aeaa5079a
	group.instance.id = null
	group.protocol = classic
	group.remote.assignor = null
	heartbeat.interval.ms = 3000
	interceptor.classes = []
	internal.leave.group.on.close = true
	internal.throw.on.fetch.stable.offset.unsupported = false
	isolation.level = read_uncommitted
	key.deserializer = class org.apache.kafka.common.serialization.StringDeserializer
	max.partition.fetch.bytes = 1048576
	max.poll.interval.ms = 300000
	max.poll.records = 500
	metadata.max.age.ms = 300000
	metadata.recovery.strategy = none
	metric.reporters = []
	metrics.num.samples = 2
	metrics.recording.level = INFO
	metrics.sample.window.ms = 30000
	partition.assignment.strategy = [class org.apache.kafka.clients.consumer.RangeAssignor, class org.apache.kafka.clients.consumer.CooperativeStickyAssignor]
	receive.buffer.bytes = 65536
	reconnect.backoff.max.ms = 1000
	reconnect.backoff.ms = 50
	request.timeout.ms = 5000
	retry.backoff.max.ms = 1000
	retry.backoff.ms = 100
	sasl.client.callback.handler.class = null
	sasl.jaas.config = null
	sasl.kerberos.kinit.cmd = /usr/bin/kinit
	sasl.kerberos.min.time.before.relogin = 60000
	sasl.kerberos.service.name = null
	sasl.kerberos.ticket.renew.jitter = 0.05
	sasl.kerberos.ticket.renew.window.factor = 0.8
	sasl.login.callback.handler.class = null
	sasl.login.class = null
	sasl.login.connect.timeout.ms = null
	sasl.login.read.timeout.ms = null
	sasl.login.refresh.buffer.seconds = 300
	sasl.login.refresh.min.period.seconds = 60
	sasl.login.refresh.window.factor = 0.8
	sasl.login.refresh.window.jitter = 0.05
	sasl.login.retry.backoff.max.ms = 10000
	sasl.login.retry.backoff.ms = 100
	sasl.mechanism = GSSAPI
	sasl.oauthbearer.clock.skew.seconds = 30
	sasl.oauthbearer.expected.audience = null
	sasl.oauthbearer.expected.issuer = null
	sasl.oauthbearer.header.urlencode = false
	sasl.oauthbearer.jwks.endpoint.refresh.ms = 3600000
	sasl.oauthbearer.jwks.endpoint.retry.backoff.max.ms = 10000
	sasl.oauthbearer.jwks.endpoint.retry.backoff.ms = 100
	sasl.oauthbearer.jwks.endpoint.url = null
	sasl.oauthbearer.scope.claim.name = scope
	sasl.oauthbearer.sub.claim.name = sub
	sasl.oauthbearer.token.endpoint.url = null
	security.protocol = PLAINTEXT
	security.providers = null
	send.buffer.bytes = 131072
	session.timeout.ms = 45000
	socket.connection.setup.timeout.max.ms = 30000
	socket.connection.setup.timeout.ms = 10000
	ssl.cipher.suites = null
	ssl.enabled.protocols = [TLSv1.2, TLSv1.3]
	ssl.endpoint.identification.algorithm = https
	ssl.engine.factory.class = null
	ssl.key.password = null
	ssl.keymanager.algorithm = SunX509
	ssl.keystore.certificate.chain = null
	ssl.keystore.key = null
	ssl.keystore.location = null
	ssl.keystore.password = null
	ssl.keystore.type = JKS
	ssl.protocol = TLSv1.3
	ssl.provider = null
	ssl.secure.random.implementation = null
	ssl.trustmanager.algorithm = PKIX
	ssl.truststore.certificates = null
	ssl.truststore.location = null
	ssl.truststore.password = null
	ssl.truststore.type = JKS
	value.deserializer = class io.apicurio.registry.serde.avro.AvroKafkaDeserializer

2025-08-06 15:40:41,112 INFO  [org.apa.kaf.com.tel.int.KafkaMetricsCollector] (main) initializing Kafka metrics collector
2025-08-06 15:40:41,114 INFO  [org.apa.kaf.cli.con.ConsumerConfig] (main) These configurations '[apicurio.registry.url]' were supplied but are not used yet.
2025-08-06 15:40:41,114 INFO  [org.apa.kaf.com.uti.AppInfoParser] (main) Kafka version: 3.9.1
2025-08-06 15:40:41,114 INFO  [org.apa.kaf.com.uti.AppInfoParser] (main) Kafka commitId: f745dfdcee2b9851
2025-08-06 15:40:41,114 INFO  [org.apa.kaf.com.uti.AppInfoParser] (main) Kafka startTimeMs: 1754494841114
2025-08-06 15:40:41,115 INFO  [io.api.tes.ser.api.KafkaSerdesTester] (Thread-862) Sending message {"key1": "value-0"} to topic topic-1d983ef1_3464_4397_8d44_d112704d1b7b
2025-08-06 15:40:41,117 INFO  [DefaultSchemaResolver] (Thread-862) Retrieving schema content using string: {"type":"record","name":"myrecordconfluent6","fields":[{"name":"key1","type":"string"}]}
2025-08-06 15:40:41,189 INFO  [io.api.tes.ser.api.KafkaSerdesTester] (Thread-862) Sending message {"key1": "value-1"} to topic topic-1d983ef1_3464_4397_8d44_d112704d1b7b
2025-08-06 15:40:41,190 INFO  [io.api.tes.ser.api.KafkaSerdesTester] (Thread-862) Sending message {"key1": "value-2"} to topic topic-1d983ef1_3464_4397_8d44_d112704d1b7b
2025-08-06 15:40:41,191 INFO  [io.api.tes.ser.api.KafkaSerdesTester] (Thread-862) Sending message {"key1": "value-3"} to topic topic-1d983ef1_3464_4397_8d44_d112704d1b7b
2025-08-06 15:40:41,193 INFO  [io.api.tes.ser.api.KafkaSerdesTester] (Thread-862) Sending message {"key1": "value-4"} to topic topic-1d983ef1_3464_4397_8d44_d112704d1b7b
2025-08-06 15:40:41,195 INFO  [io.api.tes.ser.api.KafkaSerdesTester] (Thread-862) Sending message {"key1": "value-5"} to topic topic-1d983ef1_3464_4397_8d44_d112704d1b7b
2025-08-06 15:40:41,196 INFO  [io.api.tes.ser.api.KafkaSerdesTester] (Thread-862) Sending message {"key1": "value-6"} to topic topic-1d983ef1_3464_4397_8d44_d112704d1b7b
2025-08-06 15:40:41,199 INFO  [io.api.tes.ser.api.KafkaSerdesTester] (Thread-862) Sending message {"key1": "value-7"} to topic topic-1d983ef1_3464_4397_8d44_d112704d1b7b
2025-08-06 15:40:41,204 INFO  [io.api.tes.ser.api.KafkaSerdesTester] (Thread-862) Sending message {"key1": "value-8"} to topic topic-1d983ef1_3464_4397_8d44_d112704d1b7b
2025-08-06 15:40:41,205 INFO  [io.api.tes.ser.api.KafkaSerdesTester] (Thread-862) Sending message {"key1": "value-9"} to topic topic-1d983ef1_3464_4397_8d44_d112704d1b7b
2025-08-06 15:40:41,208 INFO  [io.api.tes.ser.api.KafkaSerdesTester] (Thread-862) Produced 10 messages
2025-08-06 15:40:41,208 INFO  [org.apa.kaf.cli.pro.KafkaProducer] (Thread-862) [Producer clientId=Producer-topic-1d983ef1_3464_4397_8d44_d112704d1b7b] Closing the Kafka producer with timeoutMillis = 9223372036854775807 ms.
2025-08-06 15:40:41,211 INFO  [org.apa.kaf.com.met.Metrics] (Thread-862) Metrics scheduler closed
2025-08-06 15:40:41,211 INFO  [org.apa.kaf.com.met.Metrics] (Thread-862) Closing reporter org.apache.kafka.common.metrics.JmxReporter
2025-08-06 15:40:41,211 INFO  [org.apa.kaf.com.met.Metrics] (Thread-862) Closing reporter org.apache.kafka.common.telemetry.internals.ClientTelemetryReporter
2025-08-06 15:40:41,211 INFO  [org.apa.kaf.com.met.Metrics] (Thread-862) Metrics reporters closed
2025-08-06 15:40:41,211 INFO  [org.apa.kaf.com.uti.AppInfoParser] (Thread-862) App info kafka.producer for Producer-topic-1d983ef1_3464_4397_8d44_d112704d1b7b unregistered
2025-08-06 15:40:41,214 INFO  [io.api.tes.ser.api.KafkaSerdesTester] (Thread-863) Sending message {"key1": "value-0"} to topic topic-7977acf6_415c_4361_b905_45bdafdb965f
2025-08-06 15:40:41,219 INFO  [DefaultSchemaResolver] (Thread-863) Retrieving schema content using string: {"type":"record","name":"myrecordconfluent6","fields":[{"name":"key1","type":"string"}]}
2025-08-06 15:40:41,277 INFO  [io.api.tes.ser.api.KafkaSerdesTester] (Thread-863) Sending message {"key1": "value-1"} to topic topic-7977acf6_415c_4361_b905_45bdafdb965f
2025-08-06 15:40:41,279 INFO  [io.api.tes.ser.api.KafkaSerdesTester] (Thread-863) Sending message {"key1": "value-2"} to topic topic-7977acf6_415c_4361_b905_45bdafdb965f
2025-08-06 15:40:41,282 INFO  [io.api.tes.ser.api.KafkaSerdesTester] (Thread-863) Sending message {"key1": "value-3"} to topic topic-7977acf6_415c_4361_b905_45bdafdb965f
2025-08-06 15:40:41,283 INFO  [io.api.tes.ser.api.KafkaSerdesTester] (Thread-863) Sending message {"key1": "value-4"} to topic topic-7977acf6_415c_4361_b905_45bdafdb965f
2025-08-06 15:40:41,286 INFO  [io.api.tes.ser.api.KafkaSerdesTester] (Thread-863) Sending message {"key1": "value-5"} to topic topic-7977acf6_415c_4361_b905_45bdafdb965f
2025-08-06 15:40:41,291 INFO  [io.api.tes.ser.api.KafkaSerdesTester] (Thread-863) Sending message {"key1": "value-6"} to topic topic-7977acf6_415c_4361_b905_45bdafdb965f
2025-08-06 15:40:41,295 INFO  [io.api.tes.ser.api.KafkaSerdesTester] (Thread-863) Sending message {"key1": "value-7"} to topic topic-7977acf6_415c_4361_b905_45bdafdb965f
2025-08-06 15:40:41,298 INFO  [io.api.tes.ser.api.KafkaSerdesTester] (Thread-863) Sending message {"key1": "value-8"} to topic topic-7977acf6_415c_4361_b905_45bdafdb965f
2025-08-06 15:40:41,299 INFO  [io.api.tes.ser.api.KafkaSerdesTester] (Thread-863) Sending message {"key1": "value-9"} to topic topic-7977acf6_415c_4361_b905_45bdafdb965f
2025-08-06 15:40:41,300 INFO  [io.api.tes.ser.api.KafkaSerdesTester] (Thread-863) Produced 10 messages
2025-08-06 15:40:41,300 INFO  [org.apa.kaf.cli.pro.KafkaProducer] (Thread-863) [Producer clientId=Producer-topic-7977acf6_415c_4361_b905_45bdafdb965f] Closing the Kafka producer with timeoutMillis = 9223372036854775807 ms.
2025-08-06 15:40:41,302 INFO  [org.apa.kaf.com.met.Metrics] (Thread-863) Metrics scheduler closed
2025-08-06 15:40:41,302 INFO  [org.apa.kaf.com.met.Metrics] (Thread-863) Closing reporter org.apache.kafka.common.metrics.JmxReporter
2025-08-06 15:40:41,302 INFO  [org.apa.kaf.com.met.Metrics] (Thread-863) Closing reporter org.apache.kafka.common.telemetry.internals.ClientTelemetryReporter
2025-08-06 15:40:41,302 INFO  [org.apa.kaf.com.met.Metrics] (Thread-863) Metrics reporters closed
2025-08-06 15:40:41,302 INFO  [org.apa.kaf.com.uti.AppInfoParser] (Thread-863) App info kafka.producer for Producer-topic-7977acf6_415c_4361_b905_45bdafdb965f unregistered
2025-08-06 15:40:41,303 INFO  [io.api.tes.ser.api.KafkaSerdesTester] (Thread-864) Sending message {"key1": "value-0"} to topic topic-73683e7e_0dba_4601_a5eb_d54aeaa5079a
2025-08-06 15:40:41,307 INFO  [DefaultSchemaResolver] (Thread-864) Retrieving schema content using string: {"type":"record","name":"myrecordconfluent6","fields":[{"name":"key1","type":"string"}]}
2025-08-06 15:40:41,359 INFO  [io.api.tes.ser.api.KafkaSerdesTester] (Thread-864) Sending message {"key1": "value-1"} to topic topic-73683e7e_0dba_4601_a5eb_d54aeaa5079a
2025-08-06 15:40:41,360 INFO  [io.api.tes.ser.api.KafkaSerdesTester] (Thread-864) Sending message {"key1": "value-2"} to topic topic-73683e7e_0dba_4601_a5eb_d54aeaa5079a
2025-08-06 15:40:41,361 INFO  [io.api.tes.ser.api.KafkaSerdesTester] (Thread-864) Sending message {"key1": "value-3"} to topic topic-73683e7e_0dba_4601_a5eb_d54aeaa5079a
2025-08-06 15:40:41,362 INFO  [io.api.tes.ser.api.KafkaSerdesTester] (Thread-864) Sending message {"key1": "value-4"} to topic topic-73683e7e_0dba_4601_a5eb_d54aeaa5079a
2025-08-06 15:40:41,363 INFO  [io.api.tes.ser.api.KafkaSerdesTester] (Thread-864) Sending message {"key1": "value-5"} to topic topic-73683e7e_0dba_4601_a5eb_d54aeaa5079a
2025-08-06 15:40:41,364 INFO  [io.api.tes.ser.api.KafkaSerdesTester] (Thread-864) Sending message {"key1": "value-6"} to topic topic-73683e7e_0dba_4601_a5eb_d54aeaa5079a
2025-08-06 15:40:41,365 INFO  [io.api.tes.ser.api.KafkaSerdesTester] (Thread-864) Sending message {"key1": "value-7"} to topic topic-73683e7e_0dba_4601_a5eb_d54aeaa5079a
2025-08-06 15:40:41,366 INFO  [io.api.tes.ser.api.KafkaSerdesTester] (Thread-864) Sending message {"key1": "value-8"} to topic topic-73683e7e_0dba_4601_a5eb_d54aeaa5079a
2025-08-06 15:40:41,367 INFO  [io.api.tes.ser.api.KafkaSerdesTester] (Thread-864) Sending message {"key1": "value-9"} to topic topic-73683e7e_0dba_4601_a5eb_d54aeaa5079a
2025-08-06 15:40:41,368 INFO  [io.api.tes.ser.api.KafkaSerdesTester] (Thread-864) Produced 10 messages
2025-08-06 15:40:41,368 INFO  [org.apa.kaf.cli.pro.KafkaProducer] (Thread-864) [Producer clientId=Producer-topic-73683e7e_0dba_4601_a5eb_d54aeaa5079a] Closing the Kafka producer with timeoutMillis = 9223372036854775807 ms.
2025-08-06 15:40:41,369 INFO  [org.apa.kaf.com.met.Metrics] (Thread-864) Metrics scheduler closed
2025-08-06 15:40:41,369 INFO  [org.apa.kaf.com.met.Metrics] (Thread-864) Closing reporter org.apache.kafka.common.metrics.JmxReporter
2025-08-06 15:40:41,369 INFO  [org.apa.kaf.com.met.Metrics] (Thread-864) Closing reporter org.apache.kafka.common.telemetry.internals.ClientTelemetryReporter
2025-08-06 15:40:41,369 INFO  [org.apa.kaf.com.met.Metrics] (Thread-864) Metrics reporters closed
2025-08-06 15:40:41,369 INFO  [org.apa.kaf.com.uti.AppInfoParser] (Thread-864) App info kafka.producer for Producer-topic-73683e7e_0dba_4601_a5eb_d54aeaa5079a unregistered
2025-08-06 15:40:41,370 INFO  [org.apa.kaf.cli.con.int.ClassicKafkaConsumer] (Thread-865) [Consumer clientId=consumer-Consumer-topic-1d983ef1_3464_4397_8d44_d112704d1b7b-35, groupId=Consumer-topic-1d983ef1_3464_4397_8d44_d112704d1b7b] Subscribed to topic(s): topic-1d983ef1_3464_4397_8d44_d112704d1b7b
2025-08-06 15:40:41,373 INFO  [org.apa.kaf.cli.Metadata] (Thread-865) [Consumer clientId=consumer-Consumer-topic-1d983ef1_3464_4397_8d44_d112704d1b7b-35, groupId=Consumer-topic-1d983ef1_3464_4397_8d44_d112704d1b7b] Cluster ID: dgPJ9z-1S5ugXzLx2i-R9Q
2025-08-06 15:40:41,373 INFO  [org.apa.kaf.cli.con.int.ConsumerCoordinator] (Thread-865) [Consumer clientId=consumer-Consumer-topic-1d983ef1_3464_4397_8d44_d112704d1b7b-35, groupId=Consumer-topic-1d983ef1_3464_4397_8d44_d112704d1b7b] Discovered group coordinator localhost:32769 (id: 2147483647 rack: null)
2025-08-06 15:40:41,374 INFO  [org.apa.kaf.cli.con.int.ConsumerCoordinator] (Thread-865) [Consumer clientId=consumer-Consumer-topic-1d983ef1_3464_4397_8d44_d112704d1b7b-35, groupId=Consumer-topic-1d983ef1_3464_4397_8d44_d112704d1b7b] (Re-)joining group
2025-08-06 15:40:41,381 INFO  [org.apa.kaf.cli.con.int.ConsumerCoordinator] (Thread-865) [Consumer clientId=consumer-Consumer-topic-1d983ef1_3464_4397_8d44_d112704d1b7b-35, groupId=Consumer-topic-1d983ef1_3464_4397_8d44_d112704d1b7b] Request joining group due to: need to re-join with the given member-id: consumer-Consumer-topic-1d983ef1_3464_4397_8d44_d112704d1b7b-35-9d443c6a-024c-4481-b2e3-053a19aed97d
2025-08-06 15:40:41,381 INFO  [org.apa.kaf.cli.con.int.ConsumerCoordinator] (Thread-865) [Consumer clientId=consumer-Consumer-topic-1d983ef1_3464_4397_8d44_d112704d1b7b-35, groupId=Consumer-topic-1d983ef1_3464_4397_8d44_d112704d1b7b] (Re-)joining group
2025-08-06 15:40:42,370 INFO  [io.api.tes.ser.api.KafkaSerdesTester] (Thread-865) None found
2025-08-06 15:40:43,371 INFO  [io.api.tes.ser.api.KafkaSerdesTester] (Thread-865) None found
2025-08-06 15:40:44,371 INFO  [io.api.tes.ser.api.KafkaSerdesTester] (Thread-865) None found
2025-08-06 15:40:44,383 INFO  [org.apa.kaf.cli.con.int.ConsumerCoordinator] (Thread-865) [Consumer clientId=consumer-Consumer-topic-1d983ef1_3464_4397_8d44_d112704d1b7b-35, groupId=Consumer-topic-1d983ef1_3464_4397_8d44_d112704d1b7b] Successfully joined group with generation Generation{generationId=1, memberId='consumer-Consumer-topic-1d983ef1_3464_4397_8d44_d112704d1b7b-35-9d443c6a-024c-4481-b2e3-053a19aed97d', protocol='range'}
2025-08-06 15:40:44,383 INFO  [org.apa.kaf.cli.con.int.ConsumerCoordinator] (Thread-865) [Consumer clientId=consumer-Consumer-topic-1d983ef1_3464_4397_8d44_d112704d1b7b-35, groupId=Consumer-topic-1d983ef1_3464_4397_8d44_d112704d1b7b] Finished assignment for group at generation 1: {consumer-Consumer-topic-1d983ef1_3464_4397_8d44_d112704d1b7b-35-9d443c6a-024c-4481-b2e3-053a19aed97d=Assignment(partitions=[topic-1d983ef1_3464_4397_8d44_d112704d1b7b-0])}
2025-08-06 15:40:44,389 INFO  [org.apa.kaf.cli.con.int.ConsumerCoordinator] (Thread-865) [Consumer clientId=consumer-Consumer-topic-1d983ef1_3464_4397_8d44_d112704d1b7b-35, groupId=Consumer-topic-1d983ef1_3464_4397_8d44_d112704d1b7b] Successfully synced group in generation Generation{generationId=1, memberId='consumer-Consumer-topic-1d983ef1_3464_4397_8d44_d112704d1b7b-35-9d443c6a-024c-4481-b2e3-053a19aed97d', protocol='range'}
2025-08-06 15:40:44,390 INFO  [org.apa.kaf.cli.con.int.ConsumerCoordinator] (Thread-865) [Consumer clientId=consumer-Consumer-topic-1d983ef1_3464_4397_8d44_d112704d1b7b-35, groupId=Consumer-topic-1d983ef1_3464_4397_8d44_d112704d1b7b] Notifying assignor about the new Assignment(partitions=[topic-1d983ef1_3464_4397_8d44_d112704d1b7b-0])
2025-08-06 15:40:44,390 INFO  [org.apa.kaf.cli.con.int.ConsumerRebalanceListenerInvoker] (Thread-865) [Consumer clientId=consumer-Consumer-topic-1d983ef1_3464_4397_8d44_d112704d1b7b-35, groupId=Consumer-topic-1d983ef1_3464_4397_8d44_d112704d1b7b] Adding newly assigned partitions: topic-1d983ef1_3464_4397_8d44_d112704d1b7b-0
2025-08-06 15:40:44,390 INFO  [org.apa.kaf.cli.con.int.ConsumerCoordinator] (Thread-865) [Consumer clientId=consumer-Consumer-topic-1d983ef1_3464_4397_8d44_d112704d1b7b-35, groupId=Consumer-topic-1d983ef1_3464_4397_8d44_d112704d1b7b] Found no committed offset for partition topic-1d983ef1_3464_4397_8d44_d112704d1b7b-0
2025-08-06 15:40:44,393 INFO  [org.apa.kaf.cli.con.int.SubscriptionState] (Thread-865) [Consumer clientId=consumer-Consumer-topic-1d983ef1_3464_4397_8d44_d112704d1b7b-35, groupId=Consumer-topic-1d983ef1_3464_4397_8d44_d112704d1b7b] Resetting offset for partition topic-1d983ef1_3464_4397_8d44_d112704d1b7b-0 to position FetchPosition{offset=0, offsetEpoch=Optional.empty, currentLeader=LeaderAndEpoch{leader=Optional[localhost:32769 (id: 0 rack: null)], epoch=0}}.
2025-08-06 15:40:44,475 INFO  [io.api.tes.ser.api.KafkaSerdesTester] (Thread-865) topic-1d983ef1_3464_4397_8d44_d112704d1b7b 0 0 {"key1": "value-0"}
2025-08-06 15:40:44,475 INFO  [io.api.tes.ser.api.KafkaSerdesTester] (Thread-865) topic-1d983ef1_3464_4397_8d44_d112704d1b7b 0 1 {"key1": "value-1"}
2025-08-06 15:40:44,475 INFO  [io.api.tes.ser.api.KafkaSerdesTester] (Thread-865) topic-1d983ef1_3464_4397_8d44_d112704d1b7b 0 2 {"key1": "value-2"}
2025-08-06 15:40:44,475 INFO  [io.api.tes.ser.api.KafkaSerdesTester] (Thread-865) topic-1d983ef1_3464_4397_8d44_d112704d1b7b 0 3 {"key1": "value-3"}
2025-08-06 15:40:44,475 INFO  [io.api.tes.ser.api.KafkaSerdesTester] (Thread-865) topic-1d983ef1_3464_4397_8d44_d112704d1b7b 0 4 {"key1": "value-4"}
2025-08-06 15:40:44,475 INFO  [io.api.tes.ser.api.KafkaSerdesTester] (Thread-865) topic-1d983ef1_3464_4397_8d44_d112704d1b7b 0 5 {"key1": "value-5"}
2025-08-06 15:40:44,475 INFO  [io.api.tes.ser.api.KafkaSerdesTester] (Thread-865) topic-1d983ef1_3464_4397_8d44_d112704d1b7b 0 6 {"key1": "value-6"}
2025-08-06 15:40:44,475 INFO  [io.api.tes.ser.api.KafkaSerdesTester] (Thread-865) topic-1d983ef1_3464_4397_8d44_d112704d1b7b 0 7 {"key1": "value-7"}
2025-08-06 15:40:44,475 INFO  [io.api.tes.ser.api.KafkaSerdesTester] (Thread-865) topic-1d983ef1_3464_4397_8d44_d112704d1b7b 0 8 {"key1": "value-8"}
2025-08-06 15:40:44,475 INFO  [io.api.tes.ser.api.KafkaSerdesTester] (Thread-865) topic-1d983ef1_3464_4397_8d44_d112704d1b7b 0 9 {"key1": "value-9"}
2025-08-06 15:40:44,475 INFO  [io.api.tes.ser.api.KafkaSerdesTester] (Thread-865) Consumed 10 messages
2025-08-06 15:40:44,482 INFO  [org.apa.kaf.cli.con.int.ConsumerRebalanceListenerInvoker] (Thread-865) [Consumer clientId=consumer-Consumer-topic-1d983ef1_3464_4397_8d44_d112704d1b7b-35, groupId=Consumer-topic-1d983ef1_3464_4397_8d44_d112704d1b7b] Revoke previously assigned partitions topic-1d983ef1_3464_4397_8d44_d112704d1b7b-0
2025-08-06 15:40:44,482 INFO  [org.apa.kaf.cli.con.int.ConsumerCoordinator] (Thread-865) [Consumer clientId=consumer-Consumer-topic-1d983ef1_3464_4397_8d44_d112704d1b7b-35, groupId=Consumer-topic-1d983ef1_3464_4397_8d44_d112704d1b7b] Member consumer-Consumer-topic-1d983ef1_3464_4397_8d44_d112704d1b7b-35-9d443c6a-024c-4481-b2e3-053a19aed97d sending LeaveGroup request to coordinator localhost:32769 (id: 2147483647 rack: null) due to the consumer is being closed
2025-08-06 15:40:44,482 INFO  [org.apa.kaf.cli.con.int.ConsumerCoordinator] (Thread-865) [Consumer clientId=consumer-Consumer-topic-1d983ef1_3464_4397_8d44_d112704d1b7b-35, groupId=Consumer-topic-1d983ef1_3464_4397_8d44_d112704d1b7b] Resetting generation and member id due to: consumer pro-actively leaving the group
2025-08-06 15:40:44,482 INFO  [org.apa.kaf.cli.con.int.ConsumerCoordinator] (Thread-865) [Consumer clientId=consumer-Consumer-topic-1d983ef1_3464_4397_8d44_d112704d1b7b-35, groupId=Consumer-topic-1d983ef1_3464_4397_8d44_d112704d1b7b] Request joining group due to: consumer pro-actively leaving the group
2025-08-06 15:40:44,976 INFO  [org.apa.kaf.com.met.Metrics] (Thread-865) Metrics scheduler closed
2025-08-06 15:40:44,976 INFO  [org.apa.kaf.com.met.Metrics] (Thread-865) Closing reporter org.apache.kafka.common.metrics.JmxReporter
2025-08-06 15:40:44,976 INFO  [org.apa.kaf.com.met.Metrics] (Thread-865) Closing reporter org.apache.kafka.common.telemetry.internals.ClientTelemetryReporter
2025-08-06 15:40:44,976 INFO  [org.apa.kaf.com.met.Metrics] (Thread-865) Metrics reporters closed
2025-08-06 15:40:44,978 INFO  [org.apa.kaf.com.uti.AppInfoParser] (Thread-865) App info kafka.consumer for consumer-Consumer-topic-1d983ef1_3464_4397_8d44_d112704d1b7b-35 unregistered
2025-08-06 15:40:44,978 INFO  [org.apa.kaf.cli.con.int.ClassicKafkaConsumer] (Thread-866) [Consumer clientId=consumer-Consumer-topic-7977acf6_415c_4361_b905_45bdafdb965f-36, groupId=Consumer-topic-7977acf6_415c_4361_b905_45bdafdb965f] Subscribed to topic(s): topic-7977acf6_415c_4361_b905_45bdafdb965f
2025-08-06 15:40:44,983 INFO  [org.apa.kaf.cli.Metadata] (Thread-866) [Consumer clientId=consumer-Consumer-topic-7977acf6_415c_4361_b905_45bdafdb965f-36, groupId=Consumer-topic-7977acf6_415c_4361_b905_45bdafdb965f] Cluster ID: dgPJ9z-1S5ugXzLx2i-R9Q
2025-08-06 15:40:44,983 INFO  [org.apa.kaf.cli.con.int.ConsumerCoordinator] (Thread-866) [Consumer clientId=consumer-Consumer-topic-7977acf6_415c_4361_b905_45bdafdb965f-36, groupId=Consumer-topic-7977acf6_415c_4361_b905_45bdafdb965f] Discovered group coordinator localhost:32769 (id: 2147483647 rack: null)
2025-08-06 15:40:44,984 INFO  [org.apa.kaf.cli.con.int.ConsumerCoordinator] (Thread-866) [Consumer clientId=consumer-Consumer-topic-7977acf6_415c_4361_b905_45bdafdb965f-36, groupId=Consumer-topic-7977acf6_415c_4361_b905_45bdafdb965f] (Re-)joining group
2025-08-06 15:40:44,986 INFO  [org.apa.kaf.cli.con.int.ConsumerCoordinator] (Thread-866) [Consumer clientId=consumer-Consumer-topic-7977acf6_415c_4361_b905_45bdafdb965f-36, groupId=Consumer-topic-7977acf6_415c_4361_b905_45bdafdb965f] Request joining group due to: need to re-join with the given member-id: consumer-Consumer-topic-7977acf6_415c_4361_b905_45bdafdb965f-36-dffa38ff-0fc3-43cd-a0c4-9fc1e9823fbd
2025-08-06 15:40:44,986 INFO  [org.apa.kaf.cli.con.int.ConsumerCoordinator] (Thread-866) [Consumer clientId=consumer-Consumer-topic-7977acf6_415c_4361_b905_45bdafdb965f-36, groupId=Consumer-topic-7977acf6_415c_4361_b905_45bdafdb965f] (Re-)joining group
2025-08-06 15:40:45,978 INFO  [io.api.tes.ser.api.KafkaSerdesTester] (Thread-866) None found
2025-08-06 15:40:46,978 INFO  [io.api.tes.ser.api.KafkaSerdesTester] (Thread-866) None found
2025-08-06 15:40:47,978 INFO  [io.api.tes.ser.api.KafkaSerdesTester] (Thread-866) None found
2025-08-06 15:40:47,987 INFO  [org.apa.kaf.cli.con.int.ConsumerCoordinator] (Thread-866) [Consumer clientId=consumer-Consumer-topic-7977acf6_415c_4361_b905_45bdafdb965f-36, groupId=Consumer-topic-7977acf6_415c_4361_b905_45bdafdb965f] Successfully joined group with generation Generation{generationId=1, memberId='consumer-Consumer-topic-7977acf6_415c_4361_b905_45bdafdb965f-36-dffa38ff-0fc3-43cd-a0c4-9fc1e9823fbd', protocol='range'}
2025-08-06 15:40:47,987 INFO  [org.apa.kaf.cli.con.int.ConsumerCoordinator] (Thread-866) [Consumer clientId=consumer-Consumer-topic-7977acf6_415c_4361_b905_45bdafdb965f-36, groupId=Consumer-topic-7977acf6_415c_4361_b905_45bdafdb965f] Finished assignment for group at generation 1: {consumer-Consumer-topic-7977acf6_415c_4361_b905_45bdafdb965f-36-dffa38ff-0fc3-43cd-a0c4-9fc1e9823fbd=Assignment(partitions=[topic-7977acf6_415c_4361_b905_45bdafdb965f-0])}
2025-08-06 15:40:47,994 INFO  [org.apa.kaf.cli.con.int.ConsumerCoordinator] (Thread-866) [Consumer clientId=consumer-Consumer-topic-7977acf6_415c_4361_b905_45bdafdb965f-36, groupId=Consumer-topic-7977acf6_415c_4361_b905_45bdafdb965f] Successfully synced group in generation Generation{generationId=1, memberId='consumer-Consumer-topic-7977acf6_415c_4361_b905_45bdafdb965f-36-dffa38ff-0fc3-43cd-a0c4-9fc1e9823fbd', protocol='range'}
2025-08-06 15:40:47,994 INFO  [org.apa.kaf.cli.con.int.ConsumerCoordinator] (Thread-866) [Consumer clientId=consumer-Consumer-topic-7977acf6_415c_4361_b905_45bdafdb965f-36, groupId=Consumer-topic-7977acf6_415c_4361_b905_45bdafdb965f] Notifying assignor about the new Assignment(partitions=[topic-7977acf6_415c_4361_b905_45bdafdb965f-0])
2025-08-06 15:40:47,994 INFO  [org.apa.kaf.cli.con.int.ConsumerRebalanceListenerInvoker] (Thread-866) [Consumer clientId=consumer-Consumer-topic-7977acf6_415c_4361_b905_45bdafdb965f-36, groupId=Consumer-topic-7977acf6_415c_4361_b905_45bdafdb965f] Adding newly assigned partitions: topic-7977acf6_415c_4361_b905_45bdafdb965f-0
2025-08-06 15:40:47,995 INFO  [org.apa.kaf.cli.con.int.ConsumerCoordinator] (Thread-866) [Consumer clientId=consumer-Consumer-topic-7977acf6_415c_4361_b905_45bdafdb965f-36, groupId=Consumer-topic-7977acf6_415c_4361_b905_45bdafdb965f] Found no committed offset for partition topic-7977acf6_415c_4361_b905_45bdafdb965f-0
2025-08-06 15:40:47,997 INFO  [org.apa.kaf.cli.con.int.SubscriptionState] (Thread-866) [Consumer clientId=consumer-Consumer-topic-7977acf6_415c_4361_b905_45bdafdb965f-36, groupId=Consumer-topic-7977acf6_415c_4361_b905_45bdafdb965f] Resetting offset for partition topic-7977acf6_415c_4361_b905_45bdafdb965f-0 to position FetchPosition{offset=0, offsetEpoch=Optional.empty, currentLeader=LeaderAndEpoch{leader=Optional[localhost:32769 (id: 0 rack: null)], epoch=0}}.
2025-08-06 15:40:48,074 INFO  [io.api.tes.ser.api.KafkaSerdesTester] (Thread-866) topic-7977acf6_415c_4361_b905_45bdafdb965f 0 0 {"key1": "value-0"}
2025-08-06 15:40:48,074 INFO  [io.api.tes.ser.api.KafkaSerdesTester] (Thread-866) topic-7977acf6_415c_4361_b905_45bdafdb965f 0 1 {"key1": "value-1"}
2025-08-06 15:40:48,074 INFO  [io.api.tes.ser.api.KafkaSerdesTester] (Thread-866) topic-7977acf6_415c_4361_b905_45bdafdb965f 0 2 {"key1": "value-2"}
2025-08-06 15:40:48,074 INFO  [io.api.tes.ser.api.KafkaSerdesTester] (Thread-866) topic-7977acf6_415c_4361_b905_45bdafdb965f 0 3 {"key1": "value-3"}
2025-08-06 15:40:48,074 INFO  [io.api.tes.ser.api.KafkaSerdesTester] (Thread-866) topic-7977acf6_415c_4361_b905_45bdafdb965f 0 4 {"key1": "value-4"}
2025-08-06 15:40:48,074 INFO  [io.api.tes.ser.api.KafkaSerdesTester] (Thread-866) topic-7977acf6_415c_4361_b905_45bdafdb965f 0 5 {"key1": "value-5"}
2025-08-06 15:40:48,074 INFO  [io.api.tes.ser.api.KafkaSerdesTester] (Thread-866) topic-7977acf6_415c_4361_b905_45bdafdb965f 0 6 {"key1": "value-6"}
2025-08-06 15:40:48,074 INFO  [io.api.tes.ser.api.KafkaSerdesTester] (Thread-866) topic-7977acf6_415c_4361_b905_45bdafdb965f 0 7 {"key1": "value-7"}
2025-08-06 15:40:48,074 INFO  [io.api.tes.ser.api.KafkaSerdesTester] (Thread-866) topic-7977acf6_415c_4361_b905_45bdafdb965f 0 8 {"key1": "value-8"}
2025-08-06 15:40:48,074 INFO  [io.api.tes.ser.api.KafkaSerdesTester] (Thread-866) topic-7977acf6_415c_4361_b905_45bdafdb965f 0 9 {"key1": "value-9"}
2025-08-06 15:40:48,074 INFO  [io.api.tes.ser.api.KafkaSerdesTester] (Thread-866) Consumed 10 messages
2025-08-06 15:40:48,081 INFO  [org.apa.kaf.cli.con.int.ConsumerRebalanceListenerInvoker] (Thread-866) [Consumer clientId=consumer-Consumer-topic-7977acf6_415c_4361_b905_45bdafdb965f-36, groupId=Consumer-topic-7977acf6_415c_4361_b905_45bdafdb965f] Revoke previously assigned partitions topic-7977acf6_415c_4361_b905_45bdafdb965f-0
2025-08-06 15:40:48,081 INFO  [org.apa.kaf.cli.con.int.ConsumerCoordinator] (Thread-866) [Consumer clientId=consumer-Consumer-topic-7977acf6_415c_4361_b905_45bdafdb965f-36, groupId=Consumer-topic-7977acf6_415c_4361_b905_45bdafdb965f] Member consumer-Consumer-topic-7977acf6_415c_4361_b905_45bdafdb965f-36-dffa38ff-0fc3-43cd-a0c4-9fc1e9823fbd sending LeaveGroup request to coordinator localhost:32769 (id: 2147483647 rack: null) due to the consumer is being closed
2025-08-06 15:40:48,081 INFO  [org.apa.kaf.cli.con.int.ConsumerCoordinator] (Thread-866) [Consumer clientId=consumer-Consumer-topic-7977acf6_415c_4361_b905_45bdafdb965f-36, groupId=Consumer-topic-7977acf6_415c_4361_b905_45bdafdb965f] Resetting generation and member id due to: consumer pro-actively leaving the group
2025-08-06 15:40:48,081 INFO  [org.apa.kaf.cli.con.int.ConsumerCoordinator] (Thread-866) [Consumer clientId=consumer-Consumer-topic-7977acf6_415c_4361_b905_45bdafdb965f-36, groupId=Consumer-topic-7977acf6_415c_4361_b905_45bdafdb965f] Request joining group due to: consumer pro-actively leaving the group
2025-08-06 15:40:48,575 INFO  [org.apa.kaf.com.met.Metrics] (Thread-866) Metrics scheduler closed
2025-08-06 15:40:48,576 INFO  [org.apa.kaf.com.met.Metrics] (Thread-866) Closing reporter org.apache.kafka.common.metrics.JmxReporter
2025-08-06 15:40:48,576 INFO  [org.apa.kaf.com.met.Metrics] (Thread-866) Closing reporter org.apache.kafka.common.telemetry.internals.ClientTelemetryReporter
2025-08-06 15:40:48,576 INFO  [org.apa.kaf.com.met.Metrics] (Thread-866) Metrics reporters closed
2025-08-06 15:40:48,577 INFO  [org.apa.kaf.com.uti.AppInfoParser] (Thread-866) App info kafka.consumer for consumer-Consumer-topic-7977acf6_415c_4361_b905_45bdafdb965f-36 unregistered
2025-08-06 15:40:48,578 INFO  [org.apa.kaf.cli.con.int.ClassicKafkaConsumer] (Thread-867) [Consumer clientId=consumer-Consumer-topic-73683e7e_0dba_4601_a5eb_d54aeaa5079a-37, groupId=Consumer-topic-73683e7e_0dba_4601_a5eb_d54aeaa5079a] Subscribed to topic(s): topic-73683e7e_0dba_4601_a5eb_d54aeaa5079a
2025-08-06 15:40:48,582 INFO  [org.apa.kaf.cli.Metadata] (Thread-867) [Consumer clientId=consumer-Consumer-topic-73683e7e_0dba_4601_a5eb_d54aeaa5079a-37, groupId=Consumer-topic-73683e7e_0dba_4601_a5eb_d54aeaa5079a] Cluster ID: dgPJ9z-1S5ugXzLx2i-R9Q
2025-08-06 15:40:48,582 INFO  [org.apa.kaf.cli.con.int.ConsumerCoordinator] (Thread-867) [Consumer clientId=consumer-Consumer-topic-73683e7e_0dba_4601_a5eb_d54aeaa5079a-37, groupId=Consumer-topic-73683e7e_0dba_4601_a5eb_d54aeaa5079a] Discovered group coordinator localhost:32769 (id: 2147483647 rack: null)
2025-08-06 15:40:48,583 INFO  [org.apa.kaf.cli.con.int.ConsumerCoordinator] (Thread-867) [Consumer clientId=consumer-Consumer-topic-73683e7e_0dba_4601_a5eb_d54aeaa5079a-37, groupId=Consumer-topic-73683e7e_0dba_4601_a5eb_d54aeaa5079a] (Re-)joining group
2025-08-06 15:40:48,584 INFO  [org.apa.kaf.cli.con.int.ConsumerCoordinator] (Thread-867) [Consumer clientId=consumer-Consumer-topic-73683e7e_0dba_4601_a5eb_d54aeaa5079a-37, groupId=Consumer-topic-73683e7e_0dba_4601_a5eb_d54aeaa5079a] Request joining group due to: need to re-join with the given member-id: consumer-Consumer-topic-73683e7e_0dba_4601_a5eb_d54aeaa5079a-37-3a725334-3e50-4aa4-ba33-700985d48256
2025-08-06 15:40:48,584 INFO  [org.apa.kaf.cli.con.int.ConsumerCoordinator] (Thread-867) [Consumer clientId=consumer-Consumer-topic-73683e7e_0dba_4601_a5eb_d54aeaa5079a-37, groupId=Consumer-topic-73683e7e_0dba_4601_a5eb_d54aeaa5079a] (Re-)joining group
2025-08-06 15:40:49,578 INFO  [io.api.tes.ser.api.KafkaSerdesTester] (Thread-867) None found
2025-08-06 15:40:50,578 INFO  [io.api.tes.ser.api.KafkaSerdesTester] (Thread-867) None found
2025-08-06 15:40:51,579 INFO  [io.api.tes.ser.api.KafkaSerdesTester] (Thread-867) None found
2025-08-06 15:40:51,585 INFO  [org.apa.kaf.cli.con.int.ConsumerCoordinator] (Thread-867) [Consumer clientId=consumer-Consumer-topic-73683e7e_0dba_4601_a5eb_d54aeaa5079a-37, groupId=Consumer-topic-73683e7e_0dba_4601_a5eb_d54aeaa5079a] Successfully joined group with generation Generation{generationId=1, memberId='consumer-Consumer-topic-73683e7e_0dba_4601_a5eb_d54aeaa5079a-37-3a725334-3e50-4aa4-ba33-700985d48256', protocol='range'}
2025-08-06 15:40:51,586 INFO  [org.apa.kaf.cli.con.int.ConsumerCoordinator] (Thread-867) [Consumer clientId=consumer-Consumer-topic-73683e7e_0dba_4601_a5eb_d54aeaa5079a-37, groupId=Consumer-topic-73683e7e_0dba_4601_a5eb_d54aeaa5079a] Finished assignment for group at generation 1: {consumer-Consumer-topic-73683e7e_0dba_4601_a5eb_d54aeaa5079a-37-3a725334-3e50-4aa4-ba33-700985d48256=Assignment(partitions=[topic-73683e7e_0dba_4601_a5eb_d54aeaa5079a-0])}
2025-08-06 15:40:51,592 INFO  [org.apa.kaf.cli.con.int.ConsumerCoordinator] (Thread-867) [Consumer clientId=consumer-Consumer-topic-73683e7e_0dba_4601_a5eb_d54aeaa5079a-37, groupId=Consumer-topic-73683e7e_0dba_4601_a5eb_d54aeaa5079a] Successfully synced group in generation Generation{generationId=1, memberId='consumer-Consumer-topic-73683e7e_0dba_4601_a5eb_d54aeaa5079a-37-3a725334-3e50-4aa4-ba33-700985d48256', protocol='range'}
2025-08-06 15:40:51,592 INFO  [org.apa.kaf.cli.con.int.ConsumerCoordinator] (Thread-867) [Consumer clientId=consumer-Consumer-topic-73683e7e_0dba_4601_a5eb_d54aeaa5079a-37, groupId=Consumer-topic-73683e7e_0dba_4601_a5eb_d54aeaa5079a] Notifying assignor about the new Assignment(partitions=[topic-73683e7e_0dba_4601_a5eb_d54aeaa5079a-0])
2025-08-06 15:40:51,592 INFO  [org.apa.kaf.cli.con.int.ConsumerRebalanceListenerInvoker] (Thread-867) [Consumer clientId=consumer-Consumer-topic-73683e7e_0dba_4601_a5eb_d54aeaa5079a-37, groupId=Consumer-topic-73683e7e_0dba_4601_a5eb_d54aeaa5079a] Adding newly assigned partitions: topic-73683e7e_0dba_4601_a5eb_d54aeaa5079a-0
2025-08-06 15:40:51,593 INFO  [org.apa.kaf.cli.con.int.ConsumerCoordinator] (Thread-867) [Consumer clientId=consumer-Consumer-topic-73683e7e_0dba_4601_a5eb_d54aeaa5079a-37, groupId=Consumer-topic-73683e7e_0dba_4601_a5eb_d54aeaa5079a] Found no committed offset for partition topic-73683e7e_0dba_4601_a5eb_d54aeaa5079a-0
2025-08-06 15:40:51,596 INFO  [org.apa.kaf.cli.con.int.SubscriptionState] (Thread-867) [Consumer clientId=consumer-Consumer-topic-73683e7e_0dba_4601_a5eb_d54aeaa5079a-37, groupId=Consumer-topic-73683e7e_0dba_4601_a5eb_d54aeaa5079a] Resetting offset for partition topic-73683e7e_0dba_4601_a5eb_d54aeaa5079a-0 to position FetchPosition{offset=0, offsetEpoch=Optional.empty, currentLeader=LeaderAndEpoch{leader=Optional[localhost:32769 (id: 0 rack: null)], epoch=0}}.
2025-08-06 15:40:51,673 INFO  [io.api.tes.ser.api.KafkaSerdesTester] (Thread-867) topic-73683e7e_0dba_4601_a5eb_d54aeaa5079a 0 0 {"key1": "value-0"}
2025-08-06 15:40:51,673 INFO  [io.api.tes.ser.api.KafkaSerdesTester] (Thread-867) topic-73683e7e_0dba_4601_a5eb_d54aeaa5079a 0 1 {"key1": "value-1"}
2025-08-06 15:40:51,673 INFO  [io.api.tes.ser.api.KafkaSerdesTester] (Thread-867) topic-73683e7e_0dba_4601_a5eb_d54aeaa5079a 0 2 {"key1": "value-2"}
2025-08-06 15:40:51,673 INFO  [io.api.tes.ser.api.KafkaSerdesTester] (Thread-867) topic-73683e7e_0dba_4601_a5eb_d54aeaa5079a 0 3 {"key1": "value-3"}
2025-08-06 15:40:51,673 INFO  [io.api.tes.ser.api.KafkaSerdesTester] (Thread-867) topic-73683e7e_0dba_4601_a5eb_d54aeaa5079a 0 4 {"key1": "value-4"}
2025-08-06 15:40:51,673 INFO  [io.api.tes.ser.api.KafkaSerdesTester] (Thread-867) topic-73683e7e_0dba_4601_a5eb_d54aeaa5079a 0 5 {"key1": "value-5"}
2025-08-06 15:40:51,673 INFO  [io.api.tes.ser.api.KafkaSerdesTester] (Thread-867) topic-73683e7e_0dba_4601_a5eb_d54aeaa5079a 0 6 {"key1": "value-6"}
2025-08-06 15:40:51,673 INFO  [io.api.tes.ser.api.KafkaSerdesTester] (Thread-867) topic-73683e7e_0dba_4601_a5eb_d54aeaa5079a 0 7 {"key1": "value-7"}
2025-08-06 15:40:51,673 INFO  [io.api.tes.ser.api.KafkaSerdesTester] (Thread-867) topic-73683e7e_0dba_4601_a5eb_d54aeaa5079a 0 8 {"key1": "value-8"}
2025-08-06 15:40:51,673 INFO  [io.api.tes.ser.api.KafkaSerdesTester] (Thread-867) topic-73683e7e_0dba_4601_a5eb_d54aeaa5079a 0 9 {"key1": "value-9"}
2025-08-06 15:40:51,673 INFO  [io.api.tes.ser.api.KafkaSerdesTester] (Thread-867) Consumed 10 messages
2025-08-06 15:40:51,679 INFO  [org.apa.kaf.cli.con.int.ConsumerRebalanceListenerInvoker] (Thread-867) [Consumer clientId=consumer-Consumer-topic-73683e7e_0dba_4601_a5eb_d54aeaa5079a-37, groupId=Consumer-topic-73683e7e_0dba_4601_a5eb_d54aeaa5079a] Revoke previously assigned partitions topic-73683e7e_0dba_4601_a5eb_d54aeaa5079a-0
2025-08-06 15:40:51,679 INFO  [org.apa.kaf.cli.con.int.ConsumerCoordinator] (Thread-867) [Consumer clientId=consumer-Consumer-topic-73683e7e_0dba_4601_a5eb_d54aeaa5079a-37, groupId=Consumer-topic-73683e7e_0dba_4601_a5eb_d54aeaa5079a] Member consumer-Consumer-topic-73683e7e_0dba_4601_a5eb_d54aeaa5079a-37-3a725334-3e50-4aa4-ba33-700985d48256 sending LeaveGroup request to coordinator localhost:32769 (id: 2147483647 rack: null) due to the consumer is being closed
2025-08-06 15:40:51,679 INFO  [org.apa.kaf.cli.con.int.ConsumerCoordinator] (Thread-867) [Consumer clientId=consumer-Consumer-topic-73683e7e_0dba_4601_a5eb_d54aeaa5079a-37, groupId=Consumer-topic-73683e7e_0dba_4601_a5eb_d54aeaa5079a] Resetting generation and member id due to: consumer pro-actively leaving the group
2025-08-06 15:40:51,679 INFO  [org.apa.kaf.cli.con.int.ConsumerCoordinator] (Thread-867) [Consumer clientId=consumer-Consumer-topic-73683e7e_0dba_4601_a5eb_d54aeaa5079a-37, groupId=Consumer-topic-73683e7e_0dba_4601_a5eb_d54aeaa5079a] Request joining group due to: consumer pro-actively leaving the group
2025-08-06 15:40:52,175 INFO  [org.apa.kaf.com.met.Metrics] (Thread-867) Metrics scheduler closed
2025-08-06 15:40:52,175 INFO  [org.apa.kaf.com.met.Metrics] (Thread-867) Closing reporter org.apache.kafka.common.metrics.JmxReporter
2025-08-06 15:40:52,175 INFO  [org.apa.kaf.com.met.Metrics] (Thread-867) Closing reporter org.apache.kafka.common.telemetry.internals.ClientTelemetryReporter
2025-08-06 15:40:52,175 INFO  [org.apa.kaf.com.met.Metrics] (Thread-867) Metrics reporters closed
2025-08-06 15:40:52,177 INFO  [org.apa.kaf.com.uti.AppInfoParser] (Thread-867) App info kafka.consumer for consumer-Consumer-topic-73683e7e_0dba_4601_a5eb_d54aeaa5079a-37 unregistered
2025-08-06 15:40:52,463 INFO  [io.api.tes.ser.con.BasicConfluentSerDesIT] (main) Deleting confluent schema myrecordconfluent6
2025-08-06 15:40:52,498 INFO  [io.api.tes.uti.TestSeparator] (main) io.apicurio.tests.serdes.confluent.BasicConfluentSerDesIT.testAvroConfluentForMultipleTopics-FINISHED
2025-08-06 15:40:52,498 INFO  [io.api.tes.uti.TestSeparator] (main) ############################################################################
Test passed: testAvroConfluentForMultipleTopics
]]></system-out>
  </testcase>
  <testcase name="testAvroConfluentApicurio" classname="io.apicurio.tests.serdes.confluent.BasicConfluentSerDesIT" time="3.869">
    <system-out><![CDATA[2025-08-06 15:40:52,499 INFO  [io.api.tes.uti.TestSeparator] (main) ############################################################################
2025-08-06 15:40:52,499 INFO  [io.api.tes.uti.TestSeparator] (main) io.apicurio.tests.serdes.confluent.BasicConfluentSerDesIT.testAvroConfluentApicurio-STARTED
2025-08-06 15:40:52,593 INFO  [io.api.tes.ser.con.BasicConfluentSerDesIT] (main) Checking that created schema is equal to the get schema
2025-08-06 15:40:52,623 INFO  [io.api.tes.ser.con.BasicConfluentSerDesIT] (main) Created schema with id:103 and name:myrecordconfluent1
**** Registry Base URL: http://registry-app-mysql.apps.ci419.apicurio-testing.org:80
2025-08-06 15:40:52,623 INFO  [org.apa.kaf.cli.pro.ProducerConfig] (main) ProducerConfig values: 
	acks = -1
	auto.include.jmx.reporter = true
	batch.size = 16384
	bootstrap.servers = [PLAINTEXT://localhost:32769]
	buffer.memory = 33554432
	client.dns.lookup = use_all_dns_ips
	client.id = Producer-topic-a798bc55_3a7f_49da_b913_d002fa104331
	compression.gzip.level = -1
	compression.lz4.level = 9
	compression.type = none
	compression.zstd.level = 3
	connections.max.idle.ms = 10000
	delivery.timeout.ms = 120000
	enable.idempotence = true
	enable.metrics.push = true
	interceptor.classes = []
	key.serializer = class org.apache.kafka.common.serialization.StringSerializer
	linger.ms = 0
	max.block.ms = 60000
	max.in.flight.requests.per.connection = 5
	max.request.size = 1048576
	metadata.max.age.ms = 300000
	metadata.max.idle.ms = 300000
	metadata.recovery.strategy = none
	metric.reporters = []
	metrics.num.samples = 2
	metrics.recording.level = INFO
	metrics.sample.window.ms = 30000
	partitioner.adaptive.partitioning.enable = true
	partitioner.availability.timeout.ms = 0
	partitioner.class = null
	partitioner.ignore.keys = false
	receive.buffer.bytes = 32768
	reconnect.backoff.max.ms = 1000
	reconnect.backoff.ms = 50
	request.timeout.ms = 5000
	retries = 2147483647
	retry.backoff.max.ms = 1000
	retry.backoff.ms = 100
	sasl.client.callback.handler.class = null
	sasl.jaas.config = null
	sasl.kerberos.kinit.cmd = /usr/bin/kinit
	sasl.kerberos.min.time.before.relogin = 60000
	sasl.kerberos.service.name = null
	sasl.kerberos.ticket.renew.jitter = 0.05
	sasl.kerberos.ticket.renew.window.factor = 0.8
	sasl.login.callback.handler.class = null
	sasl.login.class = null
	sasl.login.connect.timeout.ms = null
	sasl.login.read.timeout.ms = null
	sasl.login.refresh.buffer.seconds = 300
	sasl.login.refresh.min.period.seconds = 60
	sasl.login.refresh.window.factor = 0.8
	sasl.login.refresh.window.jitter = 0.05
	sasl.login.retry.backoff.max.ms = 10000
	sasl.login.retry.backoff.ms = 100
	sasl.mechanism = GSSAPI
	sasl.oauthbearer.clock.skew.seconds = 30
	sasl.oauthbearer.expected.audience = null
	sasl.oauthbearer.expected.issuer = null
	sasl.oauthbearer.header.urlencode = false
	sasl.oauthbearer.jwks.endpoint.refresh.ms = 3600000
	sasl.oauthbearer.jwks.endpoint.retry.backoff.max.ms = 10000
	sasl.oauthbearer.jwks.endpoint.retry.backoff.ms = 100
	sasl.oauthbearer.jwks.endpoint.url = null
	sasl.oauthbearer.scope.claim.name = scope
	sasl.oauthbearer.sub.claim.name = sub
	sasl.oauthbearer.token.endpoint.url = null
	security.protocol = PLAINTEXT
	security.providers = null
	send.buffer.bytes = 131072
	socket.connection.setup.timeout.max.ms = 30000
	socket.connection.setup.timeout.ms = 10000
	ssl.cipher.suites = null
	ssl.enabled.protocols = [TLSv1.2, TLSv1.3]
	ssl.endpoint.identification.algorithm = https
	ssl.engine.factory.class = null
	ssl.key.password = null
	ssl.keymanager.algorithm = SunX509
	ssl.keystore.certificate.chain = null
	ssl.keystore.key = null
	ssl.keystore.location = null
	ssl.keystore.password = null
	ssl.keystore.type = JKS
	ssl.protocol = TLSv1.3
	ssl.provider = null
	ssl.secure.random.implementation = null
	ssl.trustmanager.algorithm = PKIX
	ssl.truststore.certificates = null
	ssl.truststore.location = null
	ssl.truststore.password = null
	ssl.truststore.type = JKS
	transaction.timeout.ms = 60000
	transactional.id = null
	value.serializer = class io.confluent.kafka.serializers.KafkaAvroSerializer

2025-08-06 15:40:52,624 INFO  [org.apa.kaf.com.tel.int.KafkaMetricsCollector] (main) initializing Kafka metrics collector
2025-08-06 15:40:52,624 INFO  [io.con.kaf.ser.KafkaAvroSerializerConfig] (main) KafkaAvroSerializerConfig values: 
	auto.register.schemas = false
	avro.reflection.allow.null = false
	avro.remove.java.properties = false
	avro.use.logical.type.converters = false
	basic.auth.credentials.source = URL
	basic.auth.user.info = [hidden]
	bearer.auth.cache.expiry.buffer.seconds = 300
	bearer.auth.client.id = null
	bearer.auth.client.secret = null
	bearer.auth.credentials.source = STATIC_TOKEN
	bearer.auth.custom.provider.class = null
	bearer.auth.identity.pool.id = null
	bearer.auth.issuer.endpoint.url = null
	bearer.auth.logical.cluster = null
	bearer.auth.scope = null
	bearer.auth.scope.claim.name = scope
	bearer.auth.sub.claim.name = sub
	bearer.auth.token = [hidden]
	context.name.strategy = class io.confluent.kafka.serializers.context.NullContextNameStrategy
	http.connect.timeout.ms = 60000
	http.read.timeout.ms = 60000
	id.compatibility.strict = true
	key.schema.id.deserializer = class io.confluent.kafka.serializers.schema.id.DualSchemaIdDeserializer
	key.schema.id.serializer = class io.confluent.kafka.serializers.schema.id.PrefixSchemaIdSerializer
	key.subject.name.strategy = class io.confluent.kafka.serializers.subject.TopicNameStrategy
	latest.cache.size = 1000
	latest.cache.ttl.sec = -1
	latest.compatibility.strict = true
	max.retries = 3
	max.schemas.per.subject = 1000
	normalize.schemas = false
	propagate.schema.tags = false
	proxy.host = 
	proxy.port = -1
	retries.max.wait.ms = 20000
	retries.wait.ms = 1000
	rule.actions = []
	rule.executors = []
	rule.service.loader.enable = true
	schema.format = null
	schema.reflection = false
	schema.registry.basic.auth.user.info = [hidden]
	schema.registry.ssl.cipher.suites = null
	schema.registry.ssl.enabled.protocols = [TLSv1.2, TLSv1.3]
	schema.registry.ssl.endpoint.identification.algorithm = https
	schema.registry.ssl.engine.factory.class = null
	schema.registry.ssl.key.password = null
	schema.registry.ssl.keymanager.algorithm = SunX509
	schema.registry.ssl.keystore.certificate.chain = null
	schema.registry.ssl.keystore.key = null
	schema.registry.ssl.keystore.location = null
	schema.registry.ssl.keystore.password = null
	schema.registry.ssl.keystore.type = JKS
	schema.registry.ssl.protocol = TLSv1.3
	schema.registry.ssl.provider = null
	schema.registry.ssl.secure.random.implementation = null
	schema.registry.ssl.trustmanager.algorithm = PKIX
	schema.registry.ssl.truststore.certificates = null
	schema.registry.ssl.truststore.location = null
	schema.registry.ssl.truststore.password = null
	schema.registry.ssl.truststore.type = JKS
	schema.registry.url = [http://registry-app-mysql.apps.ci419.apicurio-testing.org:80/apis/ccompat/v7]
	schema.registry.url.randomize = false
	use.latest.version = false
	use.latest.with.metadata = null
	use.schema.id = -1
	value.schema.id.deserializer = class io.confluent.kafka.serializers.schema.id.DualSchemaIdDeserializer
	value.schema.id.serializer = class io.confluent.kafka.serializers.schema.id.PrefixSchemaIdSerializer
	value.subject.name.strategy = class io.confluent.kafka.serializers.subject.TopicNameStrategy

2025-08-06 15:40:52,626 INFO  [org.apa.kaf.cli.pro.KafkaProducer] (main) [Producer clientId=Producer-topic-a798bc55_3a7f_49da_b913_d002fa104331] Instantiated an idempotent producer.
2025-08-06 15:40:52,629 INFO  [org.apa.kaf.cli.pro.ProducerConfig] (main) These configurations '[schema.registry.url, auto.register.schemas, value.subject.name.strategy]' were supplied but are not used yet.
2025-08-06 15:40:52,629 INFO  [org.apa.kaf.com.uti.AppInfoParser] (main) Kafka version: 3.9.1
2025-08-06 15:40:52,629 INFO  [org.apa.kaf.com.uti.AppInfoParser] (main) Kafka commitId: f745dfdcee2b9851
2025-08-06 15:40:52,629 INFO  [org.apa.kaf.com.uti.AppInfoParser] (main) Kafka startTimeMs: 1754494852629
2025-08-06 15:40:52,629 INFO  [io.api.tes.ser.api.SimpleSerdesTesterBuilder$SimpleSerdesTester] (main) Using producer configuration: {schema.registry.url=http://registry-app-mysql.apps.ci419.apicurio-testing.org:80/apis/ccompat/v7, value.serializer=io.confluent.kafka.serializers.KafkaAvroSerializer, request.timeout.ms=5000, auto.register.schemas=false, acks=all, bootstrap.servers=PLAINTEXT://localhost:32769, connections.max.idle.ms=10000, key.serializer=org.apache.kafka.common.serialization.StringSerializer, value.subject.name.strategy=io.confluent.kafka.serializers.subject.TopicNameStrategy, client.id=Producer-topic-a798bc55_3a7f_49da_b913_d002fa104331}
2025-08-06 15:40:52,630 INFO  [io.api.tes.ser.api.SimpleSerdesTesterBuilder$SimpleSerdesTester] (main) Using consumer configuration: {}
2025-08-06 15:40:52,630 INFO  [io.api.tes.ser.api.KafkaSerdesTester] (Thread-868) Sending message {"key1": "value-0"} to topic topic-a798bc55_3a7f_49da_b913_d002fa104331
2025-08-06 15:40:52,631 INFO  [org.apa.kaf.cli.Metadata] (kafka-producer-network-thread | Producer-topic-a798bc55_3a7f_49da_b913_d002fa104331) [Producer clientId=Producer-topic-a798bc55_3a7f_49da_b913_d002fa104331] Cluster ID: dgPJ9z-1S5ugXzLx2i-R9Q
2025-08-06 15:40:52,631 INFO  [org.apa.kaf.cli.pro.int.TransactionManager] (kafka-producer-network-thread | Producer-topic-a798bc55_3a7f_49da_b913_d002fa104331) [Producer clientId=Producer-topic-a798bc55_3a7f_49da_b913_d002fa104331] ProducerId set to 49 with epoch 0
2025-08-06 15:40:52,669 INFO  [io.api.tes.ser.api.KafkaSerdesTester] (Thread-868) Sending message {"key1": "value-1"} to topic topic-a798bc55_3a7f_49da_b913_d002fa104331
2025-08-06 15:40:52,671 INFO  [io.api.tes.ser.api.KafkaSerdesTester] (Thread-868) Sending message {"key1": "value-2"} to topic topic-a798bc55_3a7f_49da_b913_d002fa104331
2025-08-06 15:40:52,672 INFO  [io.api.tes.ser.api.KafkaSerdesTester] (Thread-868) Sending message {"key1": "value-3"} to topic topic-a798bc55_3a7f_49da_b913_d002fa104331
2025-08-06 15:40:52,673 INFO  [io.api.tes.ser.api.KafkaSerdesTester] (Thread-868) Sending message {"key1": "value-4"} to topic topic-a798bc55_3a7f_49da_b913_d002fa104331
2025-08-06 15:40:52,673 INFO  [io.api.tes.ser.api.KafkaSerdesTester] (Thread-868) Sending message {"key1": "value-5"} to topic topic-a798bc55_3a7f_49da_b913_d002fa104331
2025-08-06 15:40:52,674 INFO  [io.api.tes.ser.api.KafkaSerdesTester] (Thread-868) Sending message {"key1": "value-6"} to topic topic-a798bc55_3a7f_49da_b913_d002fa104331
2025-08-06 15:40:52,675 INFO  [io.api.tes.ser.api.KafkaSerdesTester] (Thread-868) Sending message {"key1": "value-7"} to topic topic-a798bc55_3a7f_49da_b913_d002fa104331
2025-08-06 15:40:52,676 INFO  [io.api.tes.ser.api.KafkaSerdesTester] (Thread-868) Sending message {"key1": "value-8"} to topic topic-a798bc55_3a7f_49da_b913_d002fa104331
2025-08-06 15:40:52,677 INFO  [io.api.tes.ser.api.KafkaSerdesTester] (Thread-868) Sending message {"key1": "value-9"} to topic topic-a798bc55_3a7f_49da_b913_d002fa104331
2025-08-06 15:40:52,678 INFO  [io.api.tes.ser.api.KafkaSerdesTester] (Thread-868) Produced 10 messages
2025-08-06 15:40:52,678 INFO  [org.apa.kaf.cli.pro.KafkaProducer] (Thread-868) [Producer clientId=Producer-topic-a798bc55_3a7f_49da_b913_d002fa104331] Closing the Kafka producer with timeoutMillis = 9223372036854775807 ms.
2025-08-06 15:40:52,680 INFO  [org.apa.kaf.com.met.Metrics] (Thread-868) Metrics scheduler closed
2025-08-06 15:40:52,680 INFO  [org.apa.kaf.com.met.Metrics] (Thread-868) Closing reporter org.apache.kafka.common.metrics.JmxReporter
2025-08-06 15:40:52,680 INFO  [org.apa.kaf.com.met.Metrics] (Thread-868) Closing reporter org.apache.kafka.common.telemetry.internals.ClientTelemetryReporter
2025-08-06 15:40:52,680 INFO  [org.apa.kaf.com.met.Metrics] (Thread-868) Metrics reporters closed
2025-08-06 15:40:52,681 INFO  [org.apa.kaf.com.uti.AppInfoParser] (Thread-868) App info kafka.producer for Producer-topic-a798bc55_3a7f_49da_b913_d002fa104331 unregistered
**** Registry Base URL: http://registry-app-mysql.apps.ci419.apicurio-testing.org:80
2025-08-06 15:40:52,681 INFO  [org.apa.kaf.cli.con.ConsumerConfig] (main) ConsumerConfig values: 
	allow.auto.create.topics = true
	auto.commit.interval.ms = 500
	auto.include.jmx.reporter = true
	auto.offset.reset = earliest
	bootstrap.servers = [PLAINTEXT://localhost:32769]
	check.crcs = true
	client.dns.lookup = use_all_dns_ips
	client.id = consumer-Consumer-topic-a798bc55_3a7f_49da_b913_d002fa104331-38
	client.rack = 
	connections.max.idle.ms = 10000
	default.api.timeout.ms = 60000
	enable.auto.commit = true
	enable.metrics.push = true
	exclude.internal.topics = true
	fetch.max.bytes = 52428800
	fetch.max.wait.ms = 500
	fetch.min.bytes = 1
	group.id = Consumer-topic-a798bc55_3a7f_49da_b913_d002fa104331
	group.instance.id = null
	group.protocol = classic
	group.remote.assignor = null
	heartbeat.interval.ms = 3000
	interceptor.classes = []
	internal.leave.group.on.close = true
	internal.throw.on.fetch.stable.offset.unsupported = false
	isolation.level = read_uncommitted
	key.deserializer = class org.apache.kafka.common.serialization.StringDeserializer
	max.partition.fetch.bytes = 1048576
	max.poll.interval.ms = 300000
	max.poll.records = 500
	metadata.max.age.ms = 300000
	metadata.recovery.strategy = none
	metric.reporters = []
	metrics.num.samples = 2
	metrics.recording.level = INFO
	metrics.sample.window.ms = 30000
	partition.assignment.strategy = [class org.apache.kafka.clients.consumer.RangeAssignor, class org.apache.kafka.clients.consumer.CooperativeStickyAssignor]
	receive.buffer.bytes = 65536
	reconnect.backoff.max.ms = 1000
	reconnect.backoff.ms = 50
	request.timeout.ms = 5000
	retry.backoff.max.ms = 1000
	retry.backoff.ms = 100
	sasl.client.callback.handler.class = null
	sasl.jaas.config = null
	sasl.kerberos.kinit.cmd = /usr/bin/kinit
	sasl.kerberos.min.time.before.relogin = 60000
	sasl.kerberos.service.name = null
	sasl.kerberos.ticket.renew.jitter = 0.05
	sasl.kerberos.ticket.renew.window.factor = 0.8
	sasl.login.callback.handler.class = null
	sasl.login.class = null
	sasl.login.connect.timeout.ms = null
	sasl.login.read.timeout.ms = null
	sasl.login.refresh.buffer.seconds = 300
	sasl.login.refresh.min.period.seconds = 60
	sasl.login.refresh.window.factor = 0.8
	sasl.login.refresh.window.jitter = 0.05
	sasl.login.retry.backoff.max.ms = 10000
	sasl.login.retry.backoff.ms = 100
	sasl.mechanism = GSSAPI
	sasl.oauthbearer.clock.skew.seconds = 30
	sasl.oauthbearer.expected.audience = null
	sasl.oauthbearer.expected.issuer = null
	sasl.oauthbearer.header.urlencode = false
	sasl.oauthbearer.jwks.endpoint.refresh.ms = 3600000
	sasl.oauthbearer.jwks.endpoint.retry.backoff.max.ms = 10000
	sasl.oauthbearer.jwks.endpoint.retry.backoff.ms = 100
	sasl.oauthbearer.jwks.endpoint.url = null
	sasl.oauthbearer.scope.claim.name = scope
	sasl.oauthbearer.sub.claim.name = sub
	sasl.oauthbearer.token.endpoint.url = null
	security.protocol = PLAINTEXT
	security.providers = null
	send.buffer.bytes = 131072
	session.timeout.ms = 45000
	socket.connection.setup.timeout.max.ms = 30000
	socket.connection.setup.timeout.ms = 10000
	ssl.cipher.suites = null
	ssl.enabled.protocols = [TLSv1.2, TLSv1.3]
	ssl.endpoint.identification.algorithm = https
	ssl.engine.factory.class = null
	ssl.key.password = null
	ssl.keymanager.algorithm = SunX509
	ssl.keystore.certificate.chain = null
	ssl.keystore.key = null
	ssl.keystore.location = null
	ssl.keystore.password = null
	ssl.keystore.type = JKS
	ssl.protocol = TLSv1.3
	ssl.provider = null
	ssl.secure.random.implementation = null
	ssl.trustmanager.algorithm = PKIX
	ssl.truststore.certificates = null
	ssl.truststore.location = null
	ssl.truststore.password = null
	ssl.truststore.type = JKS
	value.deserializer = class io.apicurio.registry.serde.avro.AvroKafkaDeserializer

2025-08-06 15:40:52,681 INFO  [org.apa.kaf.com.tel.int.KafkaMetricsCollector] (main) initializing Kafka metrics collector
2025-08-06 15:40:52,684 INFO  [org.apa.kaf.cli.con.ConsumerConfig] (main) These configurations '[apicurio.registry.url]' were supplied but are not used yet.
2025-08-06 15:40:52,685 INFO  [org.apa.kaf.com.uti.AppInfoParser] (main) Kafka version: 3.9.1
2025-08-06 15:40:52,685 INFO  [org.apa.kaf.com.uti.AppInfoParser] (main) Kafka commitId: f745dfdcee2b9851
2025-08-06 15:40:52,685 INFO  [org.apa.kaf.com.uti.AppInfoParser] (main) Kafka startTimeMs: 1754494852685
2025-08-06 15:40:52,685 INFO  [org.apa.kaf.cli.con.int.ClassicKafkaConsumer] (Thread-871) [Consumer clientId=consumer-Consumer-topic-a798bc55_3a7f_49da_b913_d002fa104331-38, groupId=Consumer-topic-a798bc55_3a7f_49da_b913_d002fa104331] Subscribed to topic(s): topic-a798bc55_3a7f_49da_b913_d002fa104331
2025-08-06 15:40:52,688 INFO  [org.apa.kaf.cli.Metadata] (Thread-871) [Consumer clientId=consumer-Consumer-topic-a798bc55_3a7f_49da_b913_d002fa104331-38, groupId=Consumer-topic-a798bc55_3a7f_49da_b913_d002fa104331] Cluster ID: dgPJ9z-1S5ugXzLx2i-R9Q
2025-08-06 15:40:52,689 INFO  [org.apa.kaf.cli.con.int.ConsumerCoordinator] (Thread-871) [Consumer clientId=consumer-Consumer-topic-a798bc55_3a7f_49da_b913_d002fa104331-38, groupId=Consumer-topic-a798bc55_3a7f_49da_b913_d002fa104331] Discovered group coordinator localhost:32769 (id: 2147483647 rack: null)
2025-08-06 15:40:52,690 INFO  [org.apa.kaf.cli.con.int.ConsumerCoordinator] (Thread-871) [Consumer clientId=consumer-Consumer-topic-a798bc55_3a7f_49da_b913_d002fa104331-38, groupId=Consumer-topic-a798bc55_3a7f_49da_b913_d002fa104331] (Re-)joining group
2025-08-06 15:40:52,692 INFO  [org.apa.kaf.cli.con.int.ConsumerCoordinator] (Thread-871) [Consumer clientId=consumer-Consumer-topic-a798bc55_3a7f_49da_b913_d002fa104331-38, groupId=Consumer-topic-a798bc55_3a7f_49da_b913_d002fa104331] Request joining group due to: need to re-join with the given member-id: consumer-Consumer-topic-a798bc55_3a7f_49da_b913_d002fa104331-38-d93fb94c-7762-4a0c-bedc-f4641022eb31
2025-08-06 15:40:52,692 INFO  [org.apa.kaf.cli.con.int.ConsumerCoordinator] (Thread-871) [Consumer clientId=consumer-Consumer-topic-a798bc55_3a7f_49da_b913_d002fa104331-38, groupId=Consumer-topic-a798bc55_3a7f_49da_b913_d002fa104331] (Re-)joining group
2025-08-06 15:40:53,685 INFO  [io.api.tes.ser.api.KafkaSerdesTester] (Thread-871) None found
2025-08-06 15:40:54,686 INFO  [io.api.tes.ser.api.KafkaSerdesTester] (Thread-871) None found
2025-08-06 15:40:55,686 INFO  [io.api.tes.ser.api.KafkaSerdesTester] (Thread-871) None found
2025-08-06 15:40:55,693 INFO  [org.apa.kaf.cli.con.int.ConsumerCoordinator] (Thread-871) [Consumer clientId=consumer-Consumer-topic-a798bc55_3a7f_49da_b913_d002fa104331-38, groupId=Consumer-topic-a798bc55_3a7f_49da_b913_d002fa104331] Successfully joined group with generation Generation{generationId=1, memberId='consumer-Consumer-topic-a798bc55_3a7f_49da_b913_d002fa104331-38-d93fb94c-7762-4a0c-bedc-f4641022eb31', protocol='range'}
2025-08-06 15:40:55,693 INFO  [org.apa.kaf.cli.con.int.ConsumerCoordinator] (Thread-871) [Consumer clientId=consumer-Consumer-topic-a798bc55_3a7f_49da_b913_d002fa104331-38, groupId=Consumer-topic-a798bc55_3a7f_49da_b913_d002fa104331] Finished assignment for group at generation 1: {consumer-Consumer-topic-a798bc55_3a7f_49da_b913_d002fa104331-38-d93fb94c-7762-4a0c-bedc-f4641022eb31=Assignment(partitions=[topic-a798bc55_3a7f_49da_b913_d002fa104331-0])}
2025-08-06 15:40:55,699 INFO  [org.apa.kaf.cli.con.int.ConsumerCoordinator] (Thread-871) [Consumer clientId=consumer-Consumer-topic-a798bc55_3a7f_49da_b913_d002fa104331-38, groupId=Consumer-topic-a798bc55_3a7f_49da_b913_d002fa104331] Successfully synced group in generation Generation{generationId=1, memberId='consumer-Consumer-topic-a798bc55_3a7f_49da_b913_d002fa104331-38-d93fb94c-7762-4a0c-bedc-f4641022eb31', protocol='range'}
2025-08-06 15:40:55,699 INFO  [org.apa.kaf.cli.con.int.ConsumerCoordinator] (Thread-871) [Consumer clientId=consumer-Consumer-topic-a798bc55_3a7f_49da_b913_d002fa104331-38, groupId=Consumer-topic-a798bc55_3a7f_49da_b913_d002fa104331] Notifying assignor about the new Assignment(partitions=[topic-a798bc55_3a7f_49da_b913_d002fa104331-0])
2025-08-06 15:40:55,699 INFO  [org.apa.kaf.cli.con.int.ConsumerRebalanceListenerInvoker] (Thread-871) [Consumer clientId=consumer-Consumer-topic-a798bc55_3a7f_49da_b913_d002fa104331-38, groupId=Consumer-topic-a798bc55_3a7f_49da_b913_d002fa104331] Adding newly assigned partitions: topic-a798bc55_3a7f_49da_b913_d002fa104331-0
2025-08-06 15:40:55,700 INFO  [org.apa.kaf.cli.con.int.ConsumerCoordinator] (Thread-871) [Consumer clientId=consumer-Consumer-topic-a798bc55_3a7f_49da_b913_d002fa104331-38, groupId=Consumer-topic-a798bc55_3a7f_49da_b913_d002fa104331] Found no committed offset for partition topic-a798bc55_3a7f_49da_b913_d002fa104331-0
2025-08-06 15:40:55,703 INFO  [org.apa.kaf.cli.con.int.SubscriptionState] (Thread-871) [Consumer clientId=consumer-Consumer-topic-a798bc55_3a7f_49da_b913_d002fa104331-38, groupId=Consumer-topic-a798bc55_3a7f_49da_b913_d002fa104331] Resetting offset for partition topic-a798bc55_3a7f_49da_b913_d002fa104331-0 to position FetchPosition{offset=0, offsetEpoch=Optional.empty, currentLeader=LeaderAndEpoch{leader=Optional[localhost:32769 (id: 0 rack: null)], epoch=0}}.
2025-08-06 15:40:55,778 INFO  [io.api.tes.ser.api.KafkaSerdesTester] (Thread-871) topic-a798bc55_3a7f_49da_b913_d002fa104331 0 0 {"key1": "value-0"}
2025-08-06 15:40:55,778 INFO  [io.api.tes.ser.api.KafkaSerdesTester] (Thread-871) topic-a798bc55_3a7f_49da_b913_d002fa104331 0 1 {"key1": "value-1"}
2025-08-06 15:40:55,778 INFO  [io.api.tes.ser.api.KafkaSerdesTester] (Thread-871) topic-a798bc55_3a7f_49da_b913_d002fa104331 0 2 {"key1": "value-2"}
2025-08-06 15:40:55,778 INFO  [io.api.tes.ser.api.KafkaSerdesTester] (Thread-871) topic-a798bc55_3a7f_49da_b913_d002fa104331 0 3 {"key1": "value-3"}
2025-08-06 15:40:55,778 INFO  [io.api.tes.ser.api.KafkaSerdesTester] (Thread-871) topic-a798bc55_3a7f_49da_b913_d002fa104331 0 4 {"key1": "value-4"}
2025-08-06 15:40:55,778 INFO  [io.api.tes.ser.api.KafkaSerdesTester] (Thread-871) topic-a798bc55_3a7f_49da_b913_d002fa104331 0 5 {"key1": "value-5"}
2025-08-06 15:40:55,778 INFO  [io.api.tes.ser.api.KafkaSerdesTester] (Thread-871) topic-a798bc55_3a7f_49da_b913_d002fa104331 0 6 {"key1": "value-6"}
2025-08-06 15:40:55,778 INFO  [io.api.tes.ser.api.KafkaSerdesTester] (Thread-871) topic-a798bc55_3a7f_49da_b913_d002fa104331 0 7 {"key1": "value-7"}
2025-08-06 15:40:55,778 INFO  [io.api.tes.ser.api.KafkaSerdesTester] (Thread-871) topic-a798bc55_3a7f_49da_b913_d002fa104331 0 8 {"key1": "value-8"}
2025-08-06 15:40:55,778 INFO  [io.api.tes.ser.api.KafkaSerdesTester] (Thread-871) topic-a798bc55_3a7f_49da_b913_d002fa104331 0 9 {"key1": "value-9"}
2025-08-06 15:40:55,778 INFO  [io.api.tes.ser.api.KafkaSerdesTester] (Thread-871) Consumed 10 messages
2025-08-06 15:40:55,785 INFO  [org.apa.kaf.cli.con.int.ConsumerRebalanceListenerInvoker] (Thread-871) [Consumer clientId=consumer-Consumer-topic-a798bc55_3a7f_49da_b913_d002fa104331-38, groupId=Consumer-topic-a798bc55_3a7f_49da_b913_d002fa104331] Revoke previously assigned partitions topic-a798bc55_3a7f_49da_b913_d002fa104331-0
2025-08-06 15:40:55,785 INFO  [org.apa.kaf.cli.con.int.ConsumerCoordinator] (Thread-871) [Consumer clientId=consumer-Consumer-topic-a798bc55_3a7f_49da_b913_d002fa104331-38, groupId=Consumer-topic-a798bc55_3a7f_49da_b913_d002fa104331] Member consumer-Consumer-topic-a798bc55_3a7f_49da_b913_d002fa104331-38-d93fb94c-7762-4a0c-bedc-f4641022eb31 sending LeaveGroup request to coordinator localhost:32769 (id: 2147483647 rack: null) due to the consumer is being closed
2025-08-06 15:40:55,785 INFO  [org.apa.kaf.cli.con.int.ConsumerCoordinator] (Thread-871) [Consumer clientId=consumer-Consumer-topic-a798bc55_3a7f_49da_b913_d002fa104331-38, groupId=Consumer-topic-a798bc55_3a7f_49da_b913_d002fa104331] Resetting generation and member id due to: consumer pro-actively leaving the group
2025-08-06 15:40:55,785 INFO  [org.apa.kaf.cli.con.int.ConsumerCoordinator] (Thread-871) [Consumer clientId=consumer-Consumer-topic-a798bc55_3a7f_49da_b913_d002fa104331-38, groupId=Consumer-topic-a798bc55_3a7f_49da_b913_d002fa104331] Request joining group due to: consumer pro-actively leaving the group
2025-08-06 15:40:56,280 INFO  [org.apa.kaf.com.met.Metrics] (Thread-871) Metrics scheduler closed
2025-08-06 15:40:56,280 INFO  [org.apa.kaf.com.met.Metrics] (Thread-871) Closing reporter org.apache.kafka.common.metrics.JmxReporter
2025-08-06 15:40:56,280 INFO  [org.apa.kaf.com.met.Metrics] (Thread-871) Closing reporter org.apache.kafka.common.telemetry.internals.ClientTelemetryReporter
2025-08-06 15:40:56,280 INFO  [org.apa.kaf.com.met.Metrics] (Thread-871) Metrics reporters closed
2025-08-06 15:40:56,282 INFO  [org.apa.kaf.com.uti.AppInfoParser] (Thread-871) App info kafka.consumer for consumer-Consumer-topic-a798bc55_3a7f_49da_b913_d002fa104331-38 unregistered
2025-08-06 15:40:56,336 INFO  [io.api.tes.ser.con.BasicConfluentSerDesIT] (main) Deleting confluent schema topic-a798bc55_3a7f_49da_b913_d002fa104331-value
2025-08-06 15:40:56,368 INFO  [io.api.tes.uti.TestSeparator] (main) io.apicurio.tests.serdes.confluent.BasicConfluentSerDesIT.testAvroConfluentApicurio-FINISHED
2025-08-06 15:40:56,368 INFO  [io.api.tes.uti.TestSeparator] (main) ############################################################################
Test passed: testAvroConfluentApicurio
]]></system-out>
  </testcase>
  <testcase name="testAvroConfluentSerDesWrongStrategyTopic" classname="io.apicurio.tests.serdes.confluent.BasicConfluentSerDesIT" time="0.24">
    <system-out><![CDATA[2025-08-06 15:40:56,369 INFO  [io.api.tes.uti.TestSeparator] (main) ############################################################################
2025-08-06 15:40:56,369 INFO  [io.api.tes.uti.TestSeparator] (main) io.apicurio.tests.serdes.confluent.BasicConfluentSerDesIT.testAvroConfluentSerDesWrongStrategyTopic-STARTED
2025-08-06 15:40:56,457 INFO  [io.api.tes.ser.con.BasicConfluentSerDesIT] (main) Checking that created schema is equal to the get schema
2025-08-06 15:40:56,488 INFO  [io.api.tes.ser.con.BasicConfluentSerDesIT] (main) Created schema with id:104 and name:myrecordconfluent3
**** Registry Base URL: http://registry-app-mysql.apps.ci419.apicurio-testing.org:80
2025-08-06 15:40:56,489 INFO  [org.apa.kaf.cli.pro.ProducerConfig] (main) ProducerConfig values: 
	acks = -1
	auto.include.jmx.reporter = true
	batch.size = 16384
	bootstrap.servers = [PLAINTEXT://localhost:32769]
	buffer.memory = 33554432
	client.dns.lookup = use_all_dns_ips
	client.id = Producer-topic-00348400_b5e0_4560_94a6_7508d6f1561a
	compression.gzip.level = -1
	compression.lz4.level = 9
	compression.type = none
	compression.zstd.level = 3
	connections.max.idle.ms = 10000
	delivery.timeout.ms = 120000
	enable.idempotence = true
	enable.metrics.push = true
	interceptor.classes = []
	key.serializer = class org.apache.kafka.common.serialization.StringSerializer
	linger.ms = 0
	max.block.ms = 60000
	max.in.flight.requests.per.connection = 5
	max.request.size = 1048576
	metadata.max.age.ms = 300000
	metadata.max.idle.ms = 300000
	metadata.recovery.strategy = none
	metric.reporters = []
	metrics.num.samples = 2
	metrics.recording.level = INFO
	metrics.sample.window.ms = 30000
	partitioner.adaptive.partitioning.enable = true
	partitioner.availability.timeout.ms = 0
	partitioner.class = null
	partitioner.ignore.keys = false
	receive.buffer.bytes = 32768
	reconnect.backoff.max.ms = 1000
	reconnect.backoff.ms = 50
	request.timeout.ms = 5000
	retries = 2147483647
	retry.backoff.max.ms = 1000
	retry.backoff.ms = 100
	sasl.client.callback.handler.class = null
	sasl.jaas.config = null
	sasl.kerberos.kinit.cmd = /usr/bin/kinit
	sasl.kerberos.min.time.before.relogin = 60000
	sasl.kerberos.service.name = null
	sasl.kerberos.ticket.renew.jitter = 0.05
	sasl.kerberos.ticket.renew.window.factor = 0.8
	sasl.login.callback.handler.class = null
	sasl.login.class = null
	sasl.login.connect.timeout.ms = null
	sasl.login.read.timeout.ms = null
	sasl.login.refresh.buffer.seconds = 300
	sasl.login.refresh.min.period.seconds = 60
	sasl.login.refresh.window.factor = 0.8
	sasl.login.refresh.window.jitter = 0.05
	sasl.login.retry.backoff.max.ms = 10000
	sasl.login.retry.backoff.ms = 100
	sasl.mechanism = GSSAPI
	sasl.oauthbearer.clock.skew.seconds = 30
	sasl.oauthbearer.expected.audience = null
	sasl.oauthbearer.expected.issuer = null
	sasl.oauthbearer.header.urlencode = false
	sasl.oauthbearer.jwks.endpoint.refresh.ms = 3600000
	sasl.oauthbearer.jwks.endpoint.retry.backoff.max.ms = 10000
	sasl.oauthbearer.jwks.endpoint.retry.backoff.ms = 100
	sasl.oauthbearer.jwks.endpoint.url = null
	sasl.oauthbearer.scope.claim.name = scope
	sasl.oauthbearer.sub.claim.name = sub
	sasl.oauthbearer.token.endpoint.url = null
	security.protocol = PLAINTEXT
	security.providers = null
	send.buffer.bytes = 131072
	socket.connection.setup.timeout.max.ms = 30000
	socket.connection.setup.timeout.ms = 10000
	ssl.cipher.suites = null
	ssl.enabled.protocols = [TLSv1.2, TLSv1.3]
	ssl.endpoint.identification.algorithm = https
	ssl.engine.factory.class = null
	ssl.key.password = null
	ssl.keymanager.algorithm = SunX509
	ssl.keystore.certificate.chain = null
	ssl.keystore.key = null
	ssl.keystore.location = null
	ssl.keystore.password = null
	ssl.keystore.type = JKS
	ssl.protocol = TLSv1.3
	ssl.provider = null
	ssl.secure.random.implementation = null
	ssl.trustmanager.algorithm = PKIX
	ssl.truststore.certificates = null
	ssl.truststore.location = null
	ssl.truststore.password = null
	ssl.truststore.type = JKS
	transaction.timeout.ms = 60000
	transactional.id = null
	value.serializer = class io.confluent.kafka.serializers.KafkaAvroSerializer

2025-08-06 15:40:56,489 INFO  [org.apa.kaf.com.tel.int.KafkaMetricsCollector] (main) initializing Kafka metrics collector
2025-08-06 15:40:56,489 INFO  [io.con.kaf.ser.KafkaAvroSerializerConfig] (main) KafkaAvroSerializerConfig values: 
	auto.register.schemas = false
	avro.reflection.allow.null = false
	avro.remove.java.properties = false
	avro.use.logical.type.converters = false
	basic.auth.credentials.source = URL
	basic.auth.user.info = [hidden]
	bearer.auth.cache.expiry.buffer.seconds = 300
	bearer.auth.client.id = null
	bearer.auth.client.secret = null
	bearer.auth.credentials.source = STATIC_TOKEN
	bearer.auth.custom.provider.class = null
	bearer.auth.identity.pool.id = null
	bearer.auth.issuer.endpoint.url = null
	bearer.auth.logical.cluster = null
	bearer.auth.scope = null
	bearer.auth.scope.claim.name = scope
	bearer.auth.sub.claim.name = sub
	bearer.auth.token = [hidden]
	context.name.strategy = class io.confluent.kafka.serializers.context.NullContextNameStrategy
	http.connect.timeout.ms = 60000
	http.read.timeout.ms = 60000
	id.compatibility.strict = true
	key.schema.id.deserializer = class io.confluent.kafka.serializers.schema.id.DualSchemaIdDeserializer
	key.schema.id.serializer = class io.confluent.kafka.serializers.schema.id.PrefixSchemaIdSerializer
	key.subject.name.strategy = class io.confluent.kafka.serializers.subject.TopicNameStrategy
	latest.cache.size = 1000
	latest.cache.ttl.sec = -1
	latest.compatibility.strict = true
	max.retries = 3
	max.schemas.per.subject = 1000
	normalize.schemas = false
	propagate.schema.tags = false
	proxy.host = 
	proxy.port = -1
	retries.max.wait.ms = 20000
	retries.wait.ms = 1000
	rule.actions = []
	rule.executors = []
	rule.service.loader.enable = true
	schema.format = null
	schema.reflection = false
	schema.registry.basic.auth.user.info = [hidden]
	schema.registry.ssl.cipher.suites = null
	schema.registry.ssl.enabled.protocols = [TLSv1.2, TLSv1.3]
	schema.registry.ssl.endpoint.identification.algorithm = https
	schema.registry.ssl.engine.factory.class = null
	schema.registry.ssl.key.password = null
	schema.registry.ssl.keymanager.algorithm = SunX509
	schema.registry.ssl.keystore.certificate.chain = null
	schema.registry.ssl.keystore.key = null
	schema.registry.ssl.keystore.location = null
	schema.registry.ssl.keystore.password = null
	schema.registry.ssl.keystore.type = JKS
	schema.registry.ssl.protocol = TLSv1.3
	schema.registry.ssl.provider = null
	schema.registry.ssl.secure.random.implementation = null
	schema.registry.ssl.trustmanager.algorithm = PKIX
	schema.registry.ssl.truststore.certificates = null
	schema.registry.ssl.truststore.location = null
	schema.registry.ssl.truststore.password = null
	schema.registry.ssl.truststore.type = JKS
	schema.registry.url = [http://registry-app-mysql.apps.ci419.apicurio-testing.org:80/apis/ccompat/v7]
	schema.registry.url.randomize = false
	use.latest.version = false
	use.latest.with.metadata = null
	use.schema.id = -1
	value.schema.id.deserializer = class io.confluent.kafka.serializers.schema.id.DualSchemaIdDeserializer
	value.schema.id.serializer = class io.confluent.kafka.serializers.schema.id.PrefixSchemaIdSerializer
	value.subject.name.strategy = class io.confluent.kafka.serializers.subject.TopicNameStrategy

2025-08-06 15:40:56,491 INFO  [org.apa.kaf.cli.pro.KafkaProducer] (main) [Producer clientId=Producer-topic-00348400_b5e0_4560_94a6_7508d6f1561a] Instantiated an idempotent producer.
2025-08-06 15:40:56,492 INFO  [org.apa.kaf.cli.pro.ProducerConfig] (main) These configurations '[schema.registry.url, auto.register.schemas, value.subject.name.strategy]' were supplied but are not used yet.
2025-08-06 15:40:56,492 INFO  [org.apa.kaf.com.uti.AppInfoParser] (main) Kafka version: 3.9.1
2025-08-06 15:40:56,492 INFO  [org.apa.kaf.com.uti.AppInfoParser] (main) Kafka commitId: f745dfdcee2b9851
2025-08-06 15:40:56,492 INFO  [org.apa.kaf.com.uti.AppInfoParser] (main) Kafka startTimeMs: 1754494856492
2025-08-06 15:40:56,492 INFO  [io.api.tes.ser.api.KafkaSerdesTester] (Thread-872) Sending message {"key1": "value-0"} to topic topic-00348400_b5e0_4560_94a6_7508d6f1561a
2025-08-06 15:40:56,494 INFO  [org.apa.kaf.cli.Metadata] (kafka-producer-network-thread | Producer-topic-00348400_b5e0_4560_94a6_7508d6f1561a) [Producer clientId=Producer-topic-00348400_b5e0_4560_94a6_7508d6f1561a] Cluster ID: dgPJ9z-1S5ugXzLx2i-R9Q
2025-08-06 15:40:56,495 INFO  [org.apa.kaf.cli.pro.int.TransactionManager] (kafka-producer-network-thread | Producer-topic-00348400_b5e0_4560_94a6_7508d6f1561a) [Producer clientId=Producer-topic-00348400_b5e0_4560_94a6_7508d6f1561a] ProducerId set to 50 with epoch 0
2025-08-06 15:40:56,524 INFO  [org.apa.kaf.cli.pro.KafkaProducer] (Thread-872) [Producer clientId=Producer-topic-00348400_b5e0_4560_94a6_7508d6f1561a] Closing the Kafka producer with timeoutMillis = 9223372036854775807 ms.
2025-08-06 15:40:56,525 INFO  [org.apa.kaf.com.met.Metrics] (Thread-872) Metrics scheduler closed
2025-08-06 15:40:56,525 INFO  [org.apa.kaf.com.met.Metrics] (Thread-872) Closing reporter org.apache.kafka.common.metrics.JmxReporter
2025-08-06 15:40:56,526 INFO  [org.apa.kaf.com.met.Metrics] (Thread-872) Closing reporter org.apache.kafka.common.telemetry.internals.ClientTelemetryReporter
2025-08-06 15:40:56,526 INFO  [org.apa.kaf.com.met.Metrics] (Thread-872) Metrics reporters closed
2025-08-06 15:40:56,526 INFO  [org.apa.kaf.com.uti.AppInfoParser] (Thread-872) App info kafka.producer for Producer-topic-00348400_b5e0_4560_94a6_7508d6f1561a unregistered
2025-08-06 15:40:56,577 INFO  [io.api.tes.ser.con.BasicConfluentSerDesIT] (main) Deleting confluent schema myrecordconfluent3
2025-08-06 15:40:56,609 INFO  [io.api.tes.uti.TestSeparator] (main) io.apicurio.tests.serdes.confluent.BasicConfluentSerDesIT.testAvroConfluentSerDesWrongStrategyTopic-FINISHED
2025-08-06 15:40:56,609 INFO  [io.api.tes.uti.TestSeparator] (main) ############################################################################
Test passed: testAvroConfluentSerDesWrongStrategyTopic
]]></system-out>
  </testcase>
  <testcase name="testAvroApicurioConfluent" classname="io.apicurio.tests.serdes.confluent.BasicConfluentSerDesIT" time="4.796">
    <system-out><![CDATA[2025-08-06 15:40:56,610 INFO  [io.api.tes.uti.TestSeparator] (main) ############################################################################
2025-08-06 15:40:56,610 INFO  [io.api.tes.uti.TestSeparator] (main) io.apicurio.tests.serdes.confluent.BasicConfluentSerDesIT.testAvroApicurioConfluent-STARTED
**** Registry Base URL: http://registry-app-mysql.apps.ci419.apicurio-testing.org:80
2025-08-06 15:40:57,691 INFO  [org.apa.kaf.cli.pro.ProducerConfig] (main) ProducerConfig values: 
	acks = -1
	auto.include.jmx.reporter = true
	batch.size = 16384
	bootstrap.servers = [PLAINTEXT://localhost:32769]
	buffer.memory = 33554432
	client.dns.lookup = use_all_dns_ips
	client.id = Producer-topic-ecdd03da_e0c4_409d_9073_9aae2bbd9bc4
	compression.gzip.level = -1
	compression.lz4.level = 9
	compression.type = none
	compression.zstd.level = 3
	connections.max.idle.ms = 10000
	delivery.timeout.ms = 120000
	enable.idempotence = true
	enable.metrics.push = true
	interceptor.classes = []
	key.serializer = class org.apache.kafka.common.serialization.StringSerializer
	linger.ms = 0
	max.block.ms = 60000
	max.in.flight.requests.per.connection = 5
	max.request.size = 1048576
	metadata.max.age.ms = 300000
	metadata.max.idle.ms = 300000
	metadata.recovery.strategy = none
	metric.reporters = []
	metrics.num.samples = 2
	metrics.recording.level = INFO
	metrics.sample.window.ms = 30000
	partitioner.adaptive.partitioning.enable = true
	partitioner.availability.timeout.ms = 0
	partitioner.class = null
	partitioner.ignore.keys = false
	receive.buffer.bytes = 32768
	reconnect.backoff.max.ms = 1000
	reconnect.backoff.ms = 50
	request.timeout.ms = 5000
	retries = 2147483647
	retry.backoff.max.ms = 1000
	retry.backoff.ms = 100
	sasl.client.callback.handler.class = null
	sasl.jaas.config = null
	sasl.kerberos.kinit.cmd = /usr/bin/kinit
	sasl.kerberos.min.time.before.relogin = 60000
	sasl.kerberos.service.name = null
	sasl.kerberos.ticket.renew.jitter = 0.05
	sasl.kerberos.ticket.renew.window.factor = 0.8
	sasl.login.callback.handler.class = null
	sasl.login.class = null
	sasl.login.connect.timeout.ms = null
	sasl.login.read.timeout.ms = null
	sasl.login.refresh.buffer.seconds = 300
	sasl.login.refresh.min.period.seconds = 60
	sasl.login.refresh.window.factor = 0.8
	sasl.login.refresh.window.jitter = 0.05
	sasl.login.retry.backoff.max.ms = 10000
	sasl.login.retry.backoff.ms = 100
	sasl.mechanism = GSSAPI
	sasl.oauthbearer.clock.skew.seconds = 30
	sasl.oauthbearer.expected.audience = null
	sasl.oauthbearer.expected.issuer = null
	sasl.oauthbearer.header.urlencode = false
	sasl.oauthbearer.jwks.endpoint.refresh.ms = 3600000
	sasl.oauthbearer.jwks.endpoint.retry.backoff.max.ms = 10000
	sasl.oauthbearer.jwks.endpoint.retry.backoff.ms = 100
	sasl.oauthbearer.jwks.endpoint.url = null
	sasl.oauthbearer.scope.claim.name = scope
	sasl.oauthbearer.sub.claim.name = sub
	sasl.oauthbearer.token.endpoint.url = null
	security.protocol = PLAINTEXT
	security.providers = null
	send.buffer.bytes = 131072
	socket.connection.setup.timeout.max.ms = 30000
	socket.connection.setup.timeout.ms = 10000
	ssl.cipher.suites = null
	ssl.enabled.protocols = [TLSv1.2, TLSv1.3]
	ssl.endpoint.identification.algorithm = https
	ssl.engine.factory.class = null
	ssl.key.password = null
	ssl.keymanager.algorithm = SunX509
	ssl.keystore.certificate.chain = null
	ssl.keystore.key = null
	ssl.keystore.location = null
	ssl.keystore.password = null
	ssl.keystore.type = JKS
	ssl.protocol = TLSv1.3
	ssl.provider = null
	ssl.secure.random.implementation = null
	ssl.trustmanager.algorithm = PKIX
	ssl.truststore.certificates = null
	ssl.truststore.location = null
	ssl.truststore.password = null
	ssl.truststore.type = JKS
	transaction.timeout.ms = 60000
	transactional.id = null
	value.serializer = class io.apicurio.registry.serde.avro.AvroKafkaSerializer

2025-08-06 15:40:57,691 INFO  [org.apa.kaf.com.tel.int.KafkaMetricsCollector] (main) initializing Kafka metrics collector
2025-08-06 15:40:57,694 INFO  [org.apa.kaf.cli.pro.KafkaProducer] (main) [Producer clientId=Producer-topic-ecdd03da_e0c4_409d_9073_9aae2bbd9bc4] Instantiated an idempotent producer.
2025-08-06 15:40:57,695 INFO  [org.apa.kaf.cli.pro.ProducerConfig] (main) These configurations '[apicurio.registry.url, apicurio.registry.artifact-resolver-strategy]' were supplied but are not used yet.
2025-08-06 15:40:57,695 INFO  [org.apa.kaf.com.uti.AppInfoParser] (main) Kafka version: 3.9.1
2025-08-06 15:40:57,695 INFO  [org.apa.kaf.com.uti.AppInfoParser] (main) Kafka commitId: f745dfdcee2b9851
2025-08-06 15:40:57,695 INFO  [org.apa.kaf.com.uti.AppInfoParser] (main) Kafka startTimeMs: 1754494857695
2025-08-06 15:40:57,695 INFO  [io.api.tes.ser.api.SimpleSerdesTesterBuilder$SimpleSerdesTester] (main) Using producer configuration: {apicurio.registry.url=http://registry-app-mysql.apps.ci419.apicurio-testing.org:80/apis/registry/v3, apicurio.registry.artifact-resolver-strategy=io.apicurio.registry.serde.strategy.TopicIdStrategy, value.serializer=io.apicurio.registry.serde.avro.AvroKafkaSerializer, request.timeout.ms=5000, acks=all, bootstrap.servers=PLAINTEXT://localhost:32769, connections.max.idle.ms=10000, key.serializer=org.apache.kafka.common.serialization.StringSerializer, client.id=Producer-topic-ecdd03da_e0c4_409d_9073_9aae2bbd9bc4}
2025-08-06 15:40:57,695 INFO  [io.api.tes.ser.api.SimpleSerdesTesterBuilder$SimpleSerdesTester] (main) Using consumer configuration: {}
2025-08-06 15:40:57,695 INFO  [io.api.tes.ser.api.KafkaSerdesTester] (Thread-875) Sending message {"key1": "value-0"} to topic topic-ecdd03da_e0c4_409d_9073_9aae2bbd9bc4
2025-08-06 15:40:57,698 INFO  [org.apa.kaf.cli.Metadata] (kafka-producer-network-thread | Producer-topic-ecdd03da_e0c4_409d_9073_9aae2bbd9bc4) [Producer clientId=Producer-topic-ecdd03da_e0c4_409d_9073_9aae2bbd9bc4] Cluster ID: dgPJ9z-1S5ugXzLx2i-R9Q
2025-08-06 15:40:57,698 INFO  [org.apa.kaf.cli.pro.int.TransactionManager] (kafka-producer-network-thread | Producer-topic-ecdd03da_e0c4_409d_9073_9aae2bbd9bc4) [Producer clientId=Producer-topic-ecdd03da_e0c4_409d_9073_9aae2bbd9bc4] ProducerId set to 51 with epoch 0
2025-08-06 15:40:57,698 INFO  [DefaultSchemaResolver] (Thread-875) Retrieving schema content using string: {"type":"record","name":"myrecordconfluent1","fields":[{"name":"key1","type":"string"}]}
2025-08-06 15:40:57,753 INFO  [io.api.tes.ser.api.KafkaSerdesTester] (Thread-875) Sending message {"key1": "value-1"} to topic topic-ecdd03da_e0c4_409d_9073_9aae2bbd9bc4
2025-08-06 15:40:57,754 INFO  [io.api.tes.ser.api.KafkaSerdesTester] (Thread-875) Sending message {"key1": "value-2"} to topic topic-ecdd03da_e0c4_409d_9073_9aae2bbd9bc4
2025-08-06 15:40:57,755 INFO  [io.api.tes.ser.api.KafkaSerdesTester] (Thread-875) Sending message {"key1": "value-3"} to topic topic-ecdd03da_e0c4_409d_9073_9aae2bbd9bc4
2025-08-06 15:40:57,756 INFO  [io.api.tes.ser.api.KafkaSerdesTester] (Thread-875) Sending message {"key1": "value-4"} to topic topic-ecdd03da_e0c4_409d_9073_9aae2bbd9bc4
2025-08-06 15:40:57,757 INFO  [io.api.tes.ser.api.KafkaSerdesTester] (Thread-875) Sending message {"key1": "value-5"} to topic topic-ecdd03da_e0c4_409d_9073_9aae2bbd9bc4
2025-08-06 15:40:57,758 INFO  [io.api.tes.ser.api.KafkaSerdesTester] (Thread-875) Sending message {"key1": "value-6"} to topic topic-ecdd03da_e0c4_409d_9073_9aae2bbd9bc4
2025-08-06 15:40:57,759 INFO  [io.api.tes.ser.api.KafkaSerdesTester] (Thread-875) Sending message {"key1": "value-7"} to topic topic-ecdd03da_e0c4_409d_9073_9aae2bbd9bc4
2025-08-06 15:40:57,760 INFO  [io.api.tes.ser.api.KafkaSerdesTester] (Thread-875) Sending message {"key1": "value-8"} to topic topic-ecdd03da_e0c4_409d_9073_9aae2bbd9bc4
2025-08-06 15:40:57,761 INFO  [io.api.tes.ser.api.KafkaSerdesTester] (Thread-875) Sending message {"key1": "value-9"} to topic topic-ecdd03da_e0c4_409d_9073_9aae2bbd9bc4
2025-08-06 15:40:57,762 INFO  [io.api.tes.ser.api.KafkaSerdesTester] (Thread-875) Produced 10 messages
2025-08-06 15:40:57,762 INFO  [org.apa.kaf.cli.pro.KafkaProducer] (Thread-875) [Producer clientId=Producer-topic-ecdd03da_e0c4_409d_9073_9aae2bbd9bc4] Closing the Kafka producer with timeoutMillis = 9223372036854775807 ms.
2025-08-06 15:40:57,763 INFO  [org.apa.kaf.com.met.Metrics] (Thread-875) Metrics scheduler closed
2025-08-06 15:40:57,763 INFO  [org.apa.kaf.com.met.Metrics] (Thread-875) Closing reporter org.apache.kafka.common.metrics.JmxReporter
2025-08-06 15:40:57,763 INFO  [org.apa.kaf.com.met.Metrics] (Thread-875) Closing reporter org.apache.kafka.common.telemetry.internals.ClientTelemetryReporter
2025-08-06 15:40:57,763 INFO  [org.apa.kaf.com.met.Metrics] (Thread-875) Metrics reporters closed
2025-08-06 15:40:57,763 INFO  [org.apa.kaf.com.uti.AppInfoParser] (Thread-875) App info kafka.producer for Producer-topic-ecdd03da_e0c4_409d_9073_9aae2bbd9bc4 unregistered
**** Registry Base URL: http://registry-app-mysql.apps.ci419.apicurio-testing.org:80
2025-08-06 15:40:57,764 INFO  [org.apa.kaf.cli.con.ConsumerConfig] (main) ConsumerConfig values: 
	allow.auto.create.topics = true
	auto.commit.interval.ms = 500
	auto.include.jmx.reporter = true
	auto.offset.reset = earliest
	bootstrap.servers = [PLAINTEXT://localhost:32769]
	check.crcs = true
	client.dns.lookup = use_all_dns_ips
	client.id = consumer-Consumer-topic-ecdd03da_e0c4_409d_9073_9aae2bbd9bc4-39
	client.rack = 
	connections.max.idle.ms = 10000
	default.api.timeout.ms = 60000
	enable.auto.commit = true
	enable.metrics.push = true
	exclude.internal.topics = true
	fetch.max.bytes = 52428800
	fetch.max.wait.ms = 500
	fetch.min.bytes = 1
	group.id = Consumer-topic-ecdd03da_e0c4_409d_9073_9aae2bbd9bc4
	group.instance.id = null
	group.protocol = classic
	group.remote.assignor = null
	heartbeat.interval.ms = 3000
	interceptor.classes = []
	internal.leave.group.on.close = true
	internal.throw.on.fetch.stable.offset.unsupported = false
	isolation.level = read_uncommitted
	key.deserializer = class org.apache.kafka.common.serialization.StringDeserializer
	max.partition.fetch.bytes = 1048576
	max.poll.interval.ms = 300000
	max.poll.records = 500
	metadata.max.age.ms = 300000
	metadata.recovery.strategy = none
	metric.reporters = []
	metrics.num.samples = 2
	metrics.recording.level = INFO
	metrics.sample.window.ms = 30000
	partition.assignment.strategy = [class org.apache.kafka.clients.consumer.RangeAssignor, class org.apache.kafka.clients.consumer.CooperativeStickyAssignor]
	receive.buffer.bytes = 65536
	reconnect.backoff.max.ms = 1000
	reconnect.backoff.ms = 50
	request.timeout.ms = 5000
	retry.backoff.max.ms = 1000
	retry.backoff.ms = 100
	sasl.client.callback.handler.class = null
	sasl.jaas.config = null
	sasl.kerberos.kinit.cmd = /usr/bin/kinit
	sasl.kerberos.min.time.before.relogin = 60000
	sasl.kerberos.service.name = null
	sasl.kerberos.ticket.renew.jitter = 0.05
	sasl.kerberos.ticket.renew.window.factor = 0.8
	sasl.login.callback.handler.class = null
	sasl.login.class = null
	sasl.login.connect.timeout.ms = null
	sasl.login.read.timeout.ms = null
	sasl.login.refresh.buffer.seconds = 300
	sasl.login.refresh.min.period.seconds = 60
	sasl.login.refresh.window.factor = 0.8
	sasl.login.refresh.window.jitter = 0.05
	sasl.login.retry.backoff.max.ms = 10000
	sasl.login.retry.backoff.ms = 100
	sasl.mechanism = GSSAPI
	sasl.oauthbearer.clock.skew.seconds = 30
	sasl.oauthbearer.expected.audience = null
	sasl.oauthbearer.expected.issuer = null
	sasl.oauthbearer.header.urlencode = false
	sasl.oauthbearer.jwks.endpoint.refresh.ms = 3600000
	sasl.oauthbearer.jwks.endpoint.retry.backoff.max.ms = 10000
	sasl.oauthbearer.jwks.endpoint.retry.backoff.ms = 100
	sasl.oauthbearer.jwks.endpoint.url = null
	sasl.oauthbearer.scope.claim.name = scope
	sasl.oauthbearer.sub.claim.name = sub
	sasl.oauthbearer.token.endpoint.url = null
	security.protocol = PLAINTEXT
	security.providers = null
	send.buffer.bytes = 131072
	session.timeout.ms = 45000
	socket.connection.setup.timeout.max.ms = 30000
	socket.connection.setup.timeout.ms = 10000
	ssl.cipher.suites = null
	ssl.enabled.protocols = [TLSv1.2, TLSv1.3]
	ssl.endpoint.identification.algorithm = https
	ssl.engine.factory.class = null
	ssl.key.password = null
	ssl.keymanager.algorithm = SunX509
	ssl.keystore.certificate.chain = null
	ssl.keystore.key = null
	ssl.keystore.location = null
	ssl.keystore.password = null
	ssl.keystore.type = JKS
	ssl.protocol = TLSv1.3
	ssl.provider = null
	ssl.secure.random.implementation = null
	ssl.trustmanager.algorithm = PKIX
	ssl.truststore.certificates = null
	ssl.truststore.location = null
	ssl.truststore.password = null
	ssl.truststore.type = JKS
	value.deserializer = class io.confluent.kafka.serializers.KafkaAvroDeserializer

2025-08-06 15:40:57,764 INFO  [org.apa.kaf.com.tel.int.KafkaMetricsCollector] (main) initializing Kafka metrics collector
2025-08-06 15:40:57,764 INFO  [io.con.kaf.ser.KafkaAvroDeserializerConfig] (main) KafkaAvroDeserializerConfig values: 
	auto.register.schemas = true
	avro.reflection.allow.null = false
	avro.use.logical.type.converters = false
	basic.auth.credentials.source = URL
	basic.auth.user.info = [hidden]
	bearer.auth.cache.expiry.buffer.seconds = 300
	bearer.auth.client.id = null
	bearer.auth.client.secret = null
	bearer.auth.credentials.source = STATIC_TOKEN
	bearer.auth.custom.provider.class = null
	bearer.auth.identity.pool.id = null
	bearer.auth.issuer.endpoint.url = null
	bearer.auth.logical.cluster = null
	bearer.auth.scope = null
	bearer.auth.scope.claim.name = scope
	bearer.auth.sub.claim.name = sub
	bearer.auth.token = [hidden]
	context.name.strategy = class io.confluent.kafka.serializers.context.NullContextNameStrategy
	http.connect.timeout.ms = 60000
	http.read.timeout.ms = 60000
	id.compatibility.strict = true
	key.schema.id.deserializer = class io.confluent.kafka.serializers.schema.id.DualSchemaIdDeserializer
	key.schema.id.serializer = class io.confluent.kafka.serializers.schema.id.PrefixSchemaIdSerializer
	key.subject.name.strategy = class io.confluent.kafka.serializers.subject.TopicNameStrategy
	latest.cache.size = 1000
	latest.cache.ttl.sec = -1
	latest.compatibility.strict = true
	max.retries = 3
	max.schemas.per.subject = 1000
	normalize.schemas = false
	propagate.schema.tags = false
	proxy.host = 
	proxy.port = -1
	retries.max.wait.ms = 20000
	retries.wait.ms = 1000
	rule.actions = []
	rule.executors = []
	rule.service.loader.enable = true
	schema.format = null
	schema.reflection = false
	schema.registry.basic.auth.user.info = [hidden]
	schema.registry.ssl.cipher.suites = null
	schema.registry.ssl.enabled.protocols = [TLSv1.2, TLSv1.3]
	schema.registry.ssl.endpoint.identification.algorithm = https
	schema.registry.ssl.engine.factory.class = null
	schema.registry.ssl.key.password = null
	schema.registry.ssl.keymanager.algorithm = SunX509
	schema.registry.ssl.keystore.certificate.chain = null
	schema.registry.ssl.keystore.key = null
	schema.registry.ssl.keystore.location = null
	schema.registry.ssl.keystore.password = null
	schema.registry.ssl.keystore.type = JKS
	schema.registry.ssl.protocol = TLSv1.3
	schema.registry.ssl.provider = null
	schema.registry.ssl.secure.random.implementation = null
	schema.registry.ssl.trustmanager.algorithm = PKIX
	schema.registry.ssl.truststore.certificates = null
	schema.registry.ssl.truststore.location = null
	schema.registry.ssl.truststore.password = null
	schema.registry.ssl.truststore.type = JKS
	schema.registry.url = [http://registry-app-mysql.apps.ci419.apicurio-testing.org:80/apis/ccompat/v7]
	schema.registry.url.randomize = false
	specific.avro.key.type = null
	specific.avro.reader = false
	specific.avro.value.type = null
	use.latest.version = false
	use.latest.with.metadata = null
	use.schema.id = -1
	value.schema.id.deserializer = class io.confluent.kafka.serializers.schema.id.DualSchemaIdDeserializer
	value.schema.id.serializer = class io.confluent.kafka.serializers.schema.id.PrefixSchemaIdSerializer
	value.subject.name.strategy = class io.confluent.kafka.serializers.subject.TopicNameStrategy

2025-08-06 15:40:57,769 INFO  [org.apa.kaf.cli.con.ConsumerConfig] (main) These configurations '[schema.registry.url]' were supplied but are not used yet.
2025-08-06 15:40:57,769 INFO  [org.apa.kaf.com.uti.AppInfoParser] (main) Kafka version: 3.9.1
2025-08-06 15:40:57,769 INFO  [org.apa.kaf.com.uti.AppInfoParser] (main) Kafka commitId: f745dfdcee2b9851
2025-08-06 15:40:57,769 INFO  [org.apa.kaf.com.uti.AppInfoParser] (main) Kafka startTimeMs: 1754494857769
2025-08-06 15:40:57,769 INFO  [org.apa.kaf.cli.con.int.ClassicKafkaConsumer] (Thread-876) [Consumer clientId=consumer-Consumer-topic-ecdd03da_e0c4_409d_9073_9aae2bbd9bc4-39, groupId=Consumer-topic-ecdd03da_e0c4_409d_9073_9aae2bbd9bc4] Subscribed to topic(s): topic-ecdd03da_e0c4_409d_9073_9aae2bbd9bc4
2025-08-06 15:40:57,771 INFO  [org.apa.kaf.cli.Metadata] (Thread-876) [Consumer clientId=consumer-Consumer-topic-ecdd03da_e0c4_409d_9073_9aae2bbd9bc4-39, groupId=Consumer-topic-ecdd03da_e0c4_409d_9073_9aae2bbd9bc4] Cluster ID: dgPJ9z-1S5ugXzLx2i-R9Q
2025-08-06 15:40:57,772 INFO  [org.apa.kaf.cli.con.int.ConsumerCoordinator] (Thread-876) [Consumer clientId=consumer-Consumer-topic-ecdd03da_e0c4_409d_9073_9aae2bbd9bc4-39, groupId=Consumer-topic-ecdd03da_e0c4_409d_9073_9aae2bbd9bc4] Discovered group coordinator localhost:32769 (id: 2147483647 rack: null)
2025-08-06 15:40:57,772 INFO  [org.apa.kaf.cli.con.int.ConsumerCoordinator] (Thread-876) [Consumer clientId=consumer-Consumer-topic-ecdd03da_e0c4_409d_9073_9aae2bbd9bc4-39, groupId=Consumer-topic-ecdd03da_e0c4_409d_9073_9aae2bbd9bc4] (Re-)joining group
2025-08-06 15:40:57,774 INFO  [org.apa.kaf.cli.con.int.ConsumerCoordinator] (Thread-876) [Consumer clientId=consumer-Consumer-topic-ecdd03da_e0c4_409d_9073_9aae2bbd9bc4-39, groupId=Consumer-topic-ecdd03da_e0c4_409d_9073_9aae2bbd9bc4] Request joining group due to: need to re-join with the given member-id: consumer-Consumer-topic-ecdd03da_e0c4_409d_9073_9aae2bbd9bc4-39-83937a5c-ea6c-4559-b04a-33058f499790
2025-08-06 15:40:57,774 INFO  [org.apa.kaf.cli.con.int.ConsumerCoordinator] (Thread-876) [Consumer clientId=consumer-Consumer-topic-ecdd03da_e0c4_409d_9073_9aae2bbd9bc4-39, groupId=Consumer-topic-ecdd03da_e0c4_409d_9073_9aae2bbd9bc4] (Re-)joining group
2025-08-06 15:40:58,769 INFO  [io.api.tes.ser.api.KafkaSerdesTester] (Thread-876) None found
2025-08-06 15:40:59,769 INFO  [io.api.tes.ser.api.KafkaSerdesTester] (Thread-876) None found
2025-08-06 15:41:00,769 INFO  [io.api.tes.ser.api.KafkaSerdesTester] (Thread-876) None found
2025-08-06 15:41:00,775 INFO  [org.apa.kaf.cli.con.int.ConsumerCoordinator] (Thread-876) [Consumer clientId=consumer-Consumer-topic-ecdd03da_e0c4_409d_9073_9aae2bbd9bc4-39, groupId=Consumer-topic-ecdd03da_e0c4_409d_9073_9aae2bbd9bc4] Successfully joined group with generation Generation{generationId=1, memberId='consumer-Consumer-topic-ecdd03da_e0c4_409d_9073_9aae2bbd9bc4-39-83937a5c-ea6c-4559-b04a-33058f499790', protocol='range'}
2025-08-06 15:41:00,776 INFO  [org.apa.kaf.cli.con.int.ConsumerCoordinator] (Thread-876) [Consumer clientId=consumer-Consumer-topic-ecdd03da_e0c4_409d_9073_9aae2bbd9bc4-39, groupId=Consumer-topic-ecdd03da_e0c4_409d_9073_9aae2bbd9bc4] Finished assignment for group at generation 1: {consumer-Consumer-topic-ecdd03da_e0c4_409d_9073_9aae2bbd9bc4-39-83937a5c-ea6c-4559-b04a-33058f499790=Assignment(partitions=[topic-ecdd03da_e0c4_409d_9073_9aae2bbd9bc4-0])}
2025-08-06 15:41:00,782 INFO  [org.apa.kaf.cli.con.int.ConsumerCoordinator] (Thread-876) [Consumer clientId=consumer-Consumer-topic-ecdd03da_e0c4_409d_9073_9aae2bbd9bc4-39, groupId=Consumer-topic-ecdd03da_e0c4_409d_9073_9aae2bbd9bc4] Successfully synced group in generation Generation{generationId=1, memberId='consumer-Consumer-topic-ecdd03da_e0c4_409d_9073_9aae2bbd9bc4-39-83937a5c-ea6c-4559-b04a-33058f499790', protocol='range'}
2025-08-06 15:41:00,782 INFO  [org.apa.kaf.cli.con.int.ConsumerCoordinator] (Thread-876) [Consumer clientId=consumer-Consumer-topic-ecdd03da_e0c4_409d_9073_9aae2bbd9bc4-39, groupId=Consumer-topic-ecdd03da_e0c4_409d_9073_9aae2bbd9bc4] Notifying assignor about the new Assignment(partitions=[topic-ecdd03da_e0c4_409d_9073_9aae2bbd9bc4-0])
2025-08-06 15:41:00,782 INFO  [org.apa.kaf.cli.con.int.ConsumerRebalanceListenerInvoker] (Thread-876) [Consumer clientId=consumer-Consumer-topic-ecdd03da_e0c4_409d_9073_9aae2bbd9bc4-39, groupId=Consumer-topic-ecdd03da_e0c4_409d_9073_9aae2bbd9bc4] Adding newly assigned partitions: topic-ecdd03da_e0c4_409d_9073_9aae2bbd9bc4-0
2025-08-06 15:41:00,782 INFO  [org.apa.kaf.cli.con.int.ConsumerCoordinator] (Thread-876) [Consumer clientId=consumer-Consumer-topic-ecdd03da_e0c4_409d_9073_9aae2bbd9bc4-39, groupId=Consumer-topic-ecdd03da_e0c4_409d_9073_9aae2bbd9bc4] Found no committed offset for partition topic-ecdd03da_e0c4_409d_9073_9aae2bbd9bc4-0
2025-08-06 15:41:00,785 INFO  [org.apa.kaf.cli.con.int.SubscriptionState] (Thread-876) [Consumer clientId=consumer-Consumer-topic-ecdd03da_e0c4_409d_9073_9aae2bbd9bc4-39, groupId=Consumer-topic-ecdd03da_e0c4_409d_9073_9aae2bbd9bc4] Resetting offset for partition topic-ecdd03da_e0c4_409d_9073_9aae2bbd9bc4-0 to position FetchPosition{offset=0, offsetEpoch=Optional.empty, currentLeader=LeaderAndEpoch{leader=Optional[localhost:32769 (id: 0 rack: null)], epoch=0}}.
2025-08-06 15:41:00,815 INFO  [io.api.tes.ser.api.KafkaSerdesTester] (Thread-876) topic-ecdd03da_e0c4_409d_9073_9aae2bbd9bc4 0 0 {"key1": "value-0"}
2025-08-06 15:41:00,815 INFO  [io.api.tes.ser.api.KafkaSerdesTester] (Thread-876) topic-ecdd03da_e0c4_409d_9073_9aae2bbd9bc4 0 1 {"key1": "value-1"}
2025-08-06 15:41:00,816 INFO  [io.api.tes.ser.api.KafkaSerdesTester] (Thread-876) topic-ecdd03da_e0c4_409d_9073_9aae2bbd9bc4 0 2 {"key1": "value-2"}
2025-08-06 15:41:00,816 INFO  [io.api.tes.ser.api.KafkaSerdesTester] (Thread-876) topic-ecdd03da_e0c4_409d_9073_9aae2bbd9bc4 0 3 {"key1": "value-3"}
2025-08-06 15:41:00,816 INFO  [io.api.tes.ser.api.KafkaSerdesTester] (Thread-876) topic-ecdd03da_e0c4_409d_9073_9aae2bbd9bc4 0 4 {"key1": "value-4"}
2025-08-06 15:41:00,816 INFO  [io.api.tes.ser.api.KafkaSerdesTester] (Thread-876) topic-ecdd03da_e0c4_409d_9073_9aae2bbd9bc4 0 5 {"key1": "value-5"}
2025-08-06 15:41:00,816 INFO  [io.api.tes.ser.api.KafkaSerdesTester] (Thread-876) topic-ecdd03da_e0c4_409d_9073_9aae2bbd9bc4 0 6 {"key1": "value-6"}
2025-08-06 15:41:00,816 INFO  [io.api.tes.ser.api.KafkaSerdesTester] (Thread-876) topic-ecdd03da_e0c4_409d_9073_9aae2bbd9bc4 0 7 {"key1": "value-7"}
2025-08-06 15:41:00,816 INFO  [io.api.tes.ser.api.KafkaSerdesTester] (Thread-876) topic-ecdd03da_e0c4_409d_9073_9aae2bbd9bc4 0 8 {"key1": "value-8"}
2025-08-06 15:41:00,816 INFO  [io.api.tes.ser.api.KafkaSerdesTester] (Thread-876) topic-ecdd03da_e0c4_409d_9073_9aae2bbd9bc4 0 9 {"key1": "value-9"}
2025-08-06 15:41:00,816 INFO  [io.api.tes.ser.api.KafkaSerdesTester] (Thread-876) Consumed 10 messages
2025-08-06 15:41:00,821 INFO  [org.apa.kaf.cli.con.int.ConsumerRebalanceListenerInvoker] (Thread-876) [Consumer clientId=consumer-Consumer-topic-ecdd03da_e0c4_409d_9073_9aae2bbd9bc4-39, groupId=Consumer-topic-ecdd03da_e0c4_409d_9073_9aae2bbd9bc4] Revoke previously assigned partitions topic-ecdd03da_e0c4_409d_9073_9aae2bbd9bc4-0
2025-08-06 15:41:00,821 INFO  [org.apa.kaf.cli.con.int.ConsumerCoordinator] (Thread-876) [Consumer clientId=consumer-Consumer-topic-ecdd03da_e0c4_409d_9073_9aae2bbd9bc4-39, groupId=Consumer-topic-ecdd03da_e0c4_409d_9073_9aae2bbd9bc4] Member consumer-Consumer-topic-ecdd03da_e0c4_409d_9073_9aae2bbd9bc4-39-83937a5c-ea6c-4559-b04a-33058f499790 sending LeaveGroup request to coordinator localhost:32769 (id: 2147483647 rack: null) due to the consumer is being closed
2025-08-06 15:41:00,821 INFO  [org.apa.kaf.cli.con.int.ConsumerCoordinator] (Thread-876) [Consumer clientId=consumer-Consumer-topic-ecdd03da_e0c4_409d_9073_9aae2bbd9bc4-39, groupId=Consumer-topic-ecdd03da_e0c4_409d_9073_9aae2bbd9bc4] Resetting generation and member id due to: consumer pro-actively leaving the group
2025-08-06 15:41:00,821 INFO  [org.apa.kaf.cli.con.int.ConsumerCoordinator] (Thread-876) [Consumer clientId=consumer-Consumer-topic-ecdd03da_e0c4_409d_9073_9aae2bbd9bc4-39, groupId=Consumer-topic-ecdd03da_e0c4_409d_9073_9aae2bbd9bc4] Request joining group due to: consumer pro-actively leaving the group
2025-08-06 15:41:01,317 INFO  [org.apa.kaf.com.met.Metrics] (Thread-876) Metrics scheduler closed
2025-08-06 15:41:01,317 INFO  [org.apa.kaf.com.met.Metrics] (Thread-876) Closing reporter org.apache.kafka.common.metrics.JmxReporter
2025-08-06 15:41:01,317 INFO  [org.apa.kaf.com.met.Metrics] (Thread-876) Closing reporter org.apache.kafka.common.telemetry.internals.ClientTelemetryReporter
2025-08-06 15:41:01,317 INFO  [org.apa.kaf.com.met.Metrics] (Thread-876) Metrics reporters closed
2025-08-06 15:41:01,319 INFO  [org.apa.kaf.com.uti.AppInfoParser] (Thread-876) App info kafka.consumer for consumer-Consumer-topic-ecdd03da_e0c4_409d_9073_9aae2bbd9bc4-39 unregistered
2025-08-06 15:41:01,372 INFO  [io.api.tes.ser.con.BasicConfluentSerDesIT] (main) Deleting confluent schema topic-ecdd03da_e0c4_409d_9073_9aae2bbd9bc4-value
2025-08-06 15:41:01,405 INFO  [io.api.tes.uti.TestSeparator] (main) io.apicurio.tests.serdes.confluent.BasicConfluentSerDesIT.testAvroApicurioConfluent-FINISHED
2025-08-06 15:41:01,405 INFO  [io.api.tes.uti.TestSeparator] (main) ############################################################################
Test passed: testAvroApicurioConfluent
]]></system-out>
  </testcase>
  <testcase name="testAvroConfluentSerDesFail" classname="io.apicurio.tests.serdes.confluent.BasicConfluentSerDesIT" time="0.243">
    <system-out><![CDATA[2025-08-06 15:41:01,406 INFO  [io.api.tes.uti.TestSeparator] (main) ############################################################################
2025-08-06 15:41:01,406 INFO  [io.api.tes.uti.TestSeparator] (main) io.apicurio.tests.serdes.confluent.BasicConfluentSerDesIT.testAvroConfluentSerDesFail-STARTED
2025-08-06 15:41:01,492 INFO  [io.api.tes.ser.con.BasicConfluentSerDesIT] (main) Checking that created schema is equal to the get schema
2025-08-06 15:41:01,522 INFO  [io.api.tes.ser.con.BasicConfluentSerDesIT] (main) Created schema with id:106 and name:myrecordconfluent2
**** Registry Base URL: http://registry-app-mysql.apps.ci419.apicurio-testing.org:80
2025-08-06 15:41:01,523 INFO  [org.apa.kaf.cli.pro.ProducerConfig] (main) ProducerConfig values: 
	acks = -1
	auto.include.jmx.reporter = true
	batch.size = 16384
	bootstrap.servers = [PLAINTEXT://localhost:32769]
	buffer.memory = 33554432
	client.dns.lookup = use_all_dns_ips
	client.id = Producer-topic-bc7e31d5_2ab9_4165_9e4f_cbcf0c6db074
	compression.gzip.level = -1
	compression.lz4.level = 9
	compression.type = none
	compression.zstd.level = 3
	connections.max.idle.ms = 10000
	delivery.timeout.ms = 120000
	enable.idempotence = true
	enable.metrics.push = true
	interceptor.classes = []
	key.serializer = class org.apache.kafka.common.serialization.StringSerializer
	linger.ms = 0
	max.block.ms = 60000
	max.in.flight.requests.per.connection = 5
	max.request.size = 1048576
	metadata.max.age.ms = 300000
	metadata.max.idle.ms = 300000
	metadata.recovery.strategy = none
	metric.reporters = []
	metrics.num.samples = 2
	metrics.recording.level = INFO
	metrics.sample.window.ms = 30000
	partitioner.adaptive.partitioning.enable = true
	partitioner.availability.timeout.ms = 0
	partitioner.class = null
	partitioner.ignore.keys = false
	receive.buffer.bytes = 32768
	reconnect.backoff.max.ms = 1000
	reconnect.backoff.ms = 50
	request.timeout.ms = 5000
	retries = 2147483647
	retry.backoff.max.ms = 1000
	retry.backoff.ms = 100
	sasl.client.callback.handler.class = null
	sasl.jaas.config = null
	sasl.kerberos.kinit.cmd = /usr/bin/kinit
	sasl.kerberos.min.time.before.relogin = 60000
	sasl.kerberos.service.name = null
	sasl.kerberos.ticket.renew.jitter = 0.05
	sasl.kerberos.ticket.renew.window.factor = 0.8
	sasl.login.callback.handler.class = null
	sasl.login.class = null
	sasl.login.connect.timeout.ms = null
	sasl.login.read.timeout.ms = null
	sasl.login.refresh.buffer.seconds = 300
	sasl.login.refresh.min.period.seconds = 60
	sasl.login.refresh.window.factor = 0.8
	sasl.login.refresh.window.jitter = 0.05
	sasl.login.retry.backoff.max.ms = 10000
	sasl.login.retry.backoff.ms = 100
	sasl.mechanism = GSSAPI
	sasl.oauthbearer.clock.skew.seconds = 30
	sasl.oauthbearer.expected.audience = null
	sasl.oauthbearer.expected.issuer = null
	sasl.oauthbearer.header.urlencode = false
	sasl.oauthbearer.jwks.endpoint.refresh.ms = 3600000
	sasl.oauthbearer.jwks.endpoint.retry.backoff.max.ms = 10000
	sasl.oauthbearer.jwks.endpoint.retry.backoff.ms = 100
	sasl.oauthbearer.jwks.endpoint.url = null
	sasl.oauthbearer.scope.claim.name = scope
	sasl.oauthbearer.sub.claim.name = sub
	sasl.oauthbearer.token.endpoint.url = null
	security.protocol = PLAINTEXT
	security.providers = null
	send.buffer.bytes = 131072
	socket.connection.setup.timeout.max.ms = 30000
	socket.connection.setup.timeout.ms = 10000
	ssl.cipher.suites = null
	ssl.enabled.protocols = [TLSv1.2, TLSv1.3]
	ssl.endpoint.identification.algorithm = https
	ssl.engine.factory.class = null
	ssl.key.password = null
	ssl.keymanager.algorithm = SunX509
	ssl.keystore.certificate.chain = null
	ssl.keystore.key = null
	ssl.keystore.location = null
	ssl.keystore.password = null
	ssl.keystore.type = JKS
	ssl.protocol = TLSv1.3
	ssl.provider = null
	ssl.secure.random.implementation = null
	ssl.trustmanager.algorithm = PKIX
	ssl.truststore.certificates = null
	ssl.truststore.location = null
	ssl.truststore.password = null
	ssl.truststore.type = JKS
	transaction.timeout.ms = 60000
	transactional.id = null
	value.serializer = class io.confluent.kafka.serializers.KafkaAvroSerializer

2025-08-06 15:41:01,523 INFO  [org.apa.kaf.com.tel.int.KafkaMetricsCollector] (main) initializing Kafka metrics collector
2025-08-06 15:41:01,523 INFO  [io.con.kaf.ser.KafkaAvroSerializerConfig] (main) KafkaAvroSerializerConfig values: 
	auto.register.schemas = false
	avro.reflection.allow.null = false
	avro.remove.java.properties = false
	avro.use.logical.type.converters = false
	basic.auth.credentials.source = URL
	basic.auth.user.info = [hidden]
	bearer.auth.cache.expiry.buffer.seconds = 300
	bearer.auth.client.id = null
	bearer.auth.client.secret = null
	bearer.auth.credentials.source = STATIC_TOKEN
	bearer.auth.custom.provider.class = null
	bearer.auth.identity.pool.id = null
	bearer.auth.issuer.endpoint.url = null
	bearer.auth.logical.cluster = null
	bearer.auth.scope = null
	bearer.auth.scope.claim.name = scope
	bearer.auth.sub.claim.name = sub
	bearer.auth.token = [hidden]
	context.name.strategy = class io.confluent.kafka.serializers.context.NullContextNameStrategy
	http.connect.timeout.ms = 60000
	http.read.timeout.ms = 60000
	id.compatibility.strict = true
	key.schema.id.deserializer = class io.confluent.kafka.serializers.schema.id.DualSchemaIdDeserializer
	key.schema.id.serializer = class io.confluent.kafka.serializers.schema.id.PrefixSchemaIdSerializer
	key.subject.name.strategy = class io.confluent.kafka.serializers.subject.TopicNameStrategy
	latest.cache.size = 1000
	latest.cache.ttl.sec = -1
	latest.compatibility.strict = true
	max.retries = 3
	max.schemas.per.subject = 1000
	normalize.schemas = false
	propagate.schema.tags = false
	proxy.host = 
	proxy.port = -1
	retries.max.wait.ms = 20000
	retries.wait.ms = 1000
	rule.actions = []
	rule.executors = []
	rule.service.loader.enable = true
	schema.format = null
	schema.reflection = false
	schema.registry.basic.auth.user.info = [hidden]
	schema.registry.ssl.cipher.suites = null
	schema.registry.ssl.enabled.protocols = [TLSv1.2, TLSv1.3]
	schema.registry.ssl.endpoint.identification.algorithm = https
	schema.registry.ssl.engine.factory.class = null
	schema.registry.ssl.key.password = null
	schema.registry.ssl.keymanager.algorithm = SunX509
	schema.registry.ssl.keystore.certificate.chain = null
	schema.registry.ssl.keystore.key = null
	schema.registry.ssl.keystore.location = null
	schema.registry.ssl.keystore.password = null
	schema.registry.ssl.keystore.type = JKS
	schema.registry.ssl.protocol = TLSv1.3
	schema.registry.ssl.provider = null
	schema.registry.ssl.secure.random.implementation = null
	schema.registry.ssl.trustmanager.algorithm = PKIX
	schema.registry.ssl.truststore.certificates = null
	schema.registry.ssl.truststore.location = null
	schema.registry.ssl.truststore.password = null
	schema.registry.ssl.truststore.type = JKS
	schema.registry.url = [http://registry-app-mysql.apps.ci419.apicurio-testing.org:80/apis/ccompat/v7]
	schema.registry.url.randomize = false
	use.latest.version = false
	use.latest.with.metadata = null
	use.schema.id = -1
	value.schema.id.deserializer = class io.confluent.kafka.serializers.schema.id.DualSchemaIdDeserializer
	value.schema.id.serializer = class io.confluent.kafka.serializers.schema.id.PrefixSchemaIdSerializer
	value.subject.name.strategy = class io.confluent.kafka.serializers.subject.RecordNameStrategy

2025-08-06 15:41:01,524 INFO  [org.apa.kaf.cli.pro.KafkaProducer] (main) [Producer clientId=Producer-topic-bc7e31d5_2ab9_4165_9e4f_cbcf0c6db074] Instantiated an idempotent producer.
2025-08-06 15:41:01,525 INFO  [org.apa.kaf.cli.pro.ProducerConfig] (main) These configurations '[schema.registry.url, auto.register.schemas, value.subject.name.strategy]' were supplied but are not used yet.
2025-08-06 15:41:01,525 INFO  [org.apa.kaf.com.uti.AppInfoParser] (main) Kafka version: 3.9.1
2025-08-06 15:41:01,525 INFO  [org.apa.kaf.com.uti.AppInfoParser] (main) Kafka commitId: f745dfdcee2b9851
2025-08-06 15:41:01,525 INFO  [org.apa.kaf.com.uti.AppInfoParser] (main) Kafka startTimeMs: 1754494861525
2025-08-06 15:41:01,526 INFO  [io.api.tes.ser.api.KafkaSerdesTester] (Thread-877) Sending message {"wrongkey": "value-0"} to topic topic-bc7e31d5_2ab9_4165_9e4f_cbcf0c6db074
2025-08-06 15:41:01,528 INFO  [org.apa.kaf.cli.Metadata] (kafka-producer-network-thread | Producer-topic-bc7e31d5_2ab9_4165_9e4f_cbcf0c6db074) [Producer clientId=Producer-topic-bc7e31d5_2ab9_4165_9e4f_cbcf0c6db074] Cluster ID: dgPJ9z-1S5ugXzLx2i-R9Q
2025-08-06 15:41:01,528 INFO  [org.apa.kaf.cli.pro.int.TransactionManager] (kafka-producer-network-thread | Producer-topic-bc7e31d5_2ab9_4165_9e4f_cbcf0c6db074) [Producer clientId=Producer-topic-bc7e31d5_2ab9_4165_9e4f_cbcf0c6db074] ProducerId set to 52 with epoch 0
2025-08-06 15:41:01,559 INFO  [org.apa.kaf.cli.pro.KafkaProducer] (Thread-877) [Producer clientId=Producer-topic-bc7e31d5_2ab9_4165_9e4f_cbcf0c6db074] Closing the Kafka producer with timeoutMillis = 9223372036854775807 ms.
2025-08-06 15:41:01,560 INFO  [org.apa.kaf.com.met.Metrics] (Thread-877) Metrics scheduler closed
2025-08-06 15:41:01,560 INFO  [org.apa.kaf.com.met.Metrics] (Thread-877) Closing reporter org.apache.kafka.common.metrics.JmxReporter
2025-08-06 15:41:01,560 INFO  [org.apa.kaf.com.met.Metrics] (Thread-877) Closing reporter org.apache.kafka.common.telemetry.internals.ClientTelemetryReporter
2025-08-06 15:41:01,560 INFO  [org.apa.kaf.com.met.Metrics] (Thread-877) Metrics reporters closed
2025-08-06 15:41:01,560 INFO  [org.apa.kaf.com.uti.AppInfoParser] (Thread-877) App info kafka.producer for Producer-topic-bc7e31d5_2ab9_4165_9e4f_cbcf0c6db074 unregistered
2025-08-06 15:41:01,612 INFO  [io.api.tes.ser.con.BasicConfluentSerDesIT] (main) Deleting confluent schema myrecordconfluent2
2025-08-06 15:41:01,648 INFO  [io.api.tes.uti.TestSeparator] (main) io.apicurio.tests.serdes.confluent.BasicConfluentSerDesIT.testAvroConfluentSerDesFail-FINISHED
2025-08-06 15:41:01,648 INFO  [io.api.tes.uti.TestSeparator] (main) ############################################################################
Test passed: testAvroConfluentSerDesFail
]]></system-out>
  </testcase>
  <testcase name="testAvroConfluentSerDesWrongStrategyRecord" classname="io.apicurio.tests.serdes.confluent.BasicConfluentSerDesIT" time="0.232">
    <system-out><![CDATA[2025-08-06 15:41:01,649 INFO  [io.api.tes.uti.TestSeparator] (main) ############################################################################
2025-08-06 15:41:01,649 INFO  [io.api.tes.uti.TestSeparator] (main) io.apicurio.tests.serdes.confluent.BasicConfluentSerDesIT.testAvroConfluentSerDesWrongStrategyRecord-STARTED
2025-08-06 15:41:01,730 INFO  [io.api.tes.ser.con.BasicConfluentSerDesIT] (main) Checking that created schema is equal to the get schema
2025-08-06 15:41:01,760 INFO  [io.api.tes.ser.con.BasicConfluentSerDesIT] (main) Created schema with id:107 and name:myrecordconfluent4
**** Registry Base URL: http://registry-app-mysql.apps.ci419.apicurio-testing.org:80
2025-08-06 15:41:01,761 INFO  [org.apa.kaf.cli.pro.ProducerConfig] (main) ProducerConfig values: 
	acks = -1
	auto.include.jmx.reporter = true
	batch.size = 16384
	bootstrap.servers = [PLAINTEXT://localhost:32769]
	buffer.memory = 33554432
	client.dns.lookup = use_all_dns_ips
	client.id = Producer-topic-428d6753_82c6_4687_8f68_d145a20a7cf2
	compression.gzip.level = -1
	compression.lz4.level = 9
	compression.type = none
	compression.zstd.level = 3
	connections.max.idle.ms = 10000
	delivery.timeout.ms = 120000
	enable.idempotence = true
	enable.metrics.push = true
	interceptor.classes = []
	key.serializer = class org.apache.kafka.common.serialization.StringSerializer
	linger.ms = 0
	max.block.ms = 60000
	max.in.flight.requests.per.connection = 5
	max.request.size = 1048576
	metadata.max.age.ms = 300000
	metadata.max.idle.ms = 300000
	metadata.recovery.strategy = none
	metric.reporters = []
	metrics.num.samples = 2
	metrics.recording.level = INFO
	metrics.sample.window.ms = 30000
	partitioner.adaptive.partitioning.enable = true
	partitioner.availability.timeout.ms = 0
	partitioner.class = null
	partitioner.ignore.keys = false
	receive.buffer.bytes = 32768
	reconnect.backoff.max.ms = 1000
	reconnect.backoff.ms = 50
	request.timeout.ms = 5000
	retries = 2147483647
	retry.backoff.max.ms = 1000
	retry.backoff.ms = 100
	sasl.client.callback.handler.class = null
	sasl.jaas.config = null
	sasl.kerberos.kinit.cmd = /usr/bin/kinit
	sasl.kerberos.min.time.before.relogin = 60000
	sasl.kerberos.service.name = null
	sasl.kerberos.ticket.renew.jitter = 0.05
	sasl.kerberos.ticket.renew.window.factor = 0.8
	sasl.login.callback.handler.class = null
	sasl.login.class = null
	sasl.login.connect.timeout.ms = null
	sasl.login.read.timeout.ms = null
	sasl.login.refresh.buffer.seconds = 300
	sasl.login.refresh.min.period.seconds = 60
	sasl.login.refresh.window.factor = 0.8
	sasl.login.refresh.window.jitter = 0.05
	sasl.login.retry.backoff.max.ms = 10000
	sasl.login.retry.backoff.ms = 100
	sasl.mechanism = GSSAPI
	sasl.oauthbearer.clock.skew.seconds = 30
	sasl.oauthbearer.expected.audience = null
	sasl.oauthbearer.expected.issuer = null
	sasl.oauthbearer.header.urlencode = false
	sasl.oauthbearer.jwks.endpoint.refresh.ms = 3600000
	sasl.oauthbearer.jwks.endpoint.retry.backoff.max.ms = 10000
	sasl.oauthbearer.jwks.endpoint.retry.backoff.ms = 100
	sasl.oauthbearer.jwks.endpoint.url = null
	sasl.oauthbearer.scope.claim.name = scope
	sasl.oauthbearer.sub.claim.name = sub
	sasl.oauthbearer.token.endpoint.url = null
	security.protocol = PLAINTEXT
	security.providers = null
	send.buffer.bytes = 131072
	socket.connection.setup.timeout.max.ms = 30000
	socket.connection.setup.timeout.ms = 10000
	ssl.cipher.suites = null
	ssl.enabled.protocols = [TLSv1.2, TLSv1.3]
	ssl.endpoint.identification.algorithm = https
	ssl.engine.factory.class = null
	ssl.key.password = null
	ssl.keymanager.algorithm = SunX509
	ssl.keystore.certificate.chain = null
	ssl.keystore.key = null
	ssl.keystore.location = null
	ssl.keystore.password = null
	ssl.keystore.type = JKS
	ssl.protocol = TLSv1.3
	ssl.provider = null
	ssl.secure.random.implementation = null
	ssl.trustmanager.algorithm = PKIX
	ssl.truststore.certificates = null
	ssl.truststore.location = null
	ssl.truststore.password = null
	ssl.truststore.type = JKS
	transaction.timeout.ms = 60000
	transactional.id = null
	value.serializer = class io.confluent.kafka.serializers.KafkaAvroSerializer

2025-08-06 15:41:01,761 INFO  [org.apa.kaf.com.tel.int.KafkaMetricsCollector] (main) initializing Kafka metrics collector
2025-08-06 15:41:01,761 INFO  [io.con.kaf.ser.KafkaAvroSerializerConfig] (main) KafkaAvroSerializerConfig values: 
	auto.register.schemas = false
	avro.reflection.allow.null = false
	avro.remove.java.properties = false
	avro.use.logical.type.converters = false
	basic.auth.credentials.source = URL
	basic.auth.user.info = [hidden]
	bearer.auth.cache.expiry.buffer.seconds = 300
	bearer.auth.client.id = null
	bearer.auth.client.secret = null
	bearer.auth.credentials.source = STATIC_TOKEN
	bearer.auth.custom.provider.class = null
	bearer.auth.identity.pool.id = null
	bearer.auth.issuer.endpoint.url = null
	bearer.auth.logical.cluster = null
	bearer.auth.scope = null
	bearer.auth.scope.claim.name = scope
	bearer.auth.sub.claim.name = sub
	bearer.auth.token = [hidden]
	context.name.strategy = class io.confluent.kafka.serializers.context.NullContextNameStrategy
	http.connect.timeout.ms = 60000
	http.read.timeout.ms = 60000
	id.compatibility.strict = true
	key.schema.id.deserializer = class io.confluent.kafka.serializers.schema.id.DualSchemaIdDeserializer
	key.schema.id.serializer = class io.confluent.kafka.serializers.schema.id.PrefixSchemaIdSerializer
	key.subject.name.strategy = class io.confluent.kafka.serializers.subject.TopicNameStrategy
	latest.cache.size = 1000
	latest.cache.ttl.sec = -1
	latest.compatibility.strict = true
	max.retries = 3
	max.schemas.per.subject = 1000
	normalize.schemas = false
	propagate.schema.tags = false
	proxy.host = 
	proxy.port = -1
	retries.max.wait.ms = 20000
	retries.wait.ms = 1000
	rule.actions = []
	rule.executors = []
	rule.service.loader.enable = true
	schema.format = null
	schema.reflection = false
	schema.registry.basic.auth.user.info = [hidden]
	schema.registry.ssl.cipher.suites = null
	schema.registry.ssl.enabled.protocols = [TLSv1.2, TLSv1.3]
	schema.registry.ssl.endpoint.identification.algorithm = https
	schema.registry.ssl.engine.factory.class = null
	schema.registry.ssl.key.password = null
	schema.registry.ssl.keymanager.algorithm = SunX509
	schema.registry.ssl.keystore.certificate.chain = null
	schema.registry.ssl.keystore.key = null
	schema.registry.ssl.keystore.location = null
	schema.registry.ssl.keystore.password = null
	schema.registry.ssl.keystore.type = JKS
	schema.registry.ssl.protocol = TLSv1.3
	schema.registry.ssl.provider = null
	schema.registry.ssl.secure.random.implementation = null
	schema.registry.ssl.trustmanager.algorithm = PKIX
	schema.registry.ssl.truststore.certificates = null
	schema.registry.ssl.truststore.location = null
	schema.registry.ssl.truststore.password = null
	schema.registry.ssl.truststore.type = JKS
	schema.registry.url = [http://registry-app-mysql.apps.ci419.apicurio-testing.org:80/apis/ccompat/v7]
	schema.registry.url.randomize = false
	use.latest.version = false
	use.latest.with.metadata = null
	use.schema.id = -1
	value.schema.id.deserializer = class io.confluent.kafka.serializers.schema.id.DualSchemaIdDeserializer
	value.schema.id.serializer = class io.confluent.kafka.serializers.schema.id.PrefixSchemaIdSerializer
	value.subject.name.strategy = class io.confluent.kafka.serializers.subject.RecordNameStrategy

2025-08-06 15:41:01,763 INFO  [org.apa.kaf.cli.pro.KafkaProducer] (main) [Producer clientId=Producer-topic-428d6753_82c6_4687_8f68_d145a20a7cf2] Instantiated an idempotent producer.
2025-08-06 15:41:01,764 INFO  [org.apa.kaf.cli.pro.ProducerConfig] (main) These configurations '[schema.registry.url, auto.register.schemas, value.subject.name.strategy]' were supplied but are not used yet.
2025-08-06 15:41:01,765 INFO  [org.apa.kaf.com.uti.AppInfoParser] (main) Kafka version: 3.9.1
2025-08-06 15:41:01,765 INFO  [org.apa.kaf.com.uti.AppInfoParser] (main) Kafka commitId: f745dfdcee2b9851
2025-08-06 15:41:01,765 INFO  [org.apa.kaf.com.uti.AppInfoParser] (main) Kafka startTimeMs: 1754494861765
2025-08-06 15:41:01,765 INFO  [io.api.tes.ser.api.KafkaSerdesTester] (Thread-878) Sending message {"wrongkey": "value-0"} to topic topic-428d6753_82c6_4687_8f68_d145a20a7cf2
2025-08-06 15:41:01,767 INFO  [org.apa.kaf.cli.Metadata] (kafka-producer-network-thread | Producer-topic-428d6753_82c6_4687_8f68_d145a20a7cf2) [Producer clientId=Producer-topic-428d6753_82c6_4687_8f68_d145a20a7cf2] Cluster ID: dgPJ9z-1S5ugXzLx2i-R9Q
2025-08-06 15:41:01,767 INFO  [org.apa.kaf.cli.pro.int.TransactionManager] (kafka-producer-network-thread | Producer-topic-428d6753_82c6_4687_8f68_d145a20a7cf2) [Producer clientId=Producer-topic-428d6753_82c6_4687_8f68_d145a20a7cf2] ProducerId set to 53 with epoch 0
2025-08-06 15:41:01,792 INFO  [org.apa.kaf.cli.pro.KafkaProducer] (Thread-878) [Producer clientId=Producer-topic-428d6753_82c6_4687_8f68_d145a20a7cf2] Closing the Kafka producer with timeoutMillis = 9223372036854775807 ms.
2025-08-06 15:41:01,793 INFO  [org.apa.kaf.com.met.Metrics] (Thread-878) Metrics scheduler closed
2025-08-06 15:41:01,793 INFO  [org.apa.kaf.com.met.Metrics] (Thread-878) Closing reporter org.apache.kafka.common.metrics.JmxReporter
2025-08-06 15:41:01,793 INFO  [org.apa.kaf.com.met.Metrics] (Thread-878) Closing reporter org.apache.kafka.common.telemetry.internals.ClientTelemetryReporter
2025-08-06 15:41:01,793 INFO  [org.apa.kaf.com.met.Metrics] (Thread-878) Metrics reporters closed
2025-08-06 15:41:01,793 INFO  [org.apa.kaf.com.uti.AppInfoParser] (Thread-878) App info kafka.producer for Producer-topic-428d6753_82c6_4687_8f68_d145a20a7cf2 unregistered
2025-08-06 15:41:01,847 INFO  [io.api.tes.ser.con.BasicConfluentSerDesIT] (main) Deleting confluent schema topic-428d6753_82c6_4687_8f68_d145a20a7cf2-value
2025-08-06 15:41:01,881 INFO  [io.api.tes.uti.TestSeparator] (main) io.apicurio.tests.serdes.confluent.BasicConfluentSerDesIT.testAvroConfluentSerDesWrongStrategyRecord-FINISHED
2025-08-06 15:41:01,881 INFO  [io.api.tes.uti.TestSeparator] (main) ############################################################################
Test passed: testAvroConfluentSerDesWrongStrategyRecord
]]></system-out>
  </testcase>
</testsuite>