<?xml version="1.0" encoding="UTF-8"?>
<testsuite xmlns:xsi="http://www.w3.org/2001/XMLSchema-instance" xsi:noNamespaceSchemaLocation="https://maven.apache.org/surefire/maven-failsafe-plugin/xsd/failsafe-test-report.xsd" version="3.0.2" name="io.apicurio.tests.serdes.apicurio.ProtobufSerdeIT" time="60.645" tests="17" errors="0" skipped="0" failures="0">
  <properties>
    <property name="java.specification.version" value="17"/>
    <property name="sun.jnu.encoding" value="UTF-8"/>
    <property name="java.class.path" value="/home/runner/work/apicurio-testing/apicurio-testing/clusters/ci419/namespaces/mysql/tests/integration/apicurio-registry/integration-tests/target/test-classes:/home/runner/work/apicurio-testing/apicurio-testing/clusters/ci419/namespaces/mysql/tests/integration/apicurio-registry/integration-tests/target/apicurio-registry-integration-tests-3.0.12-SNAPSHOT.jar:/home/runner/.m2/repository/io/quarkus/quarkus-junit5/3.20.2/quarkus-junit5-3.20.2.jar:/home/runner/.m2/repository/io/quarkus/quarkus-bootstrap-core/3.20.2/quarkus-bootstrap-core-3.20.2.jar:/home/runner/.m2/repository/io/quarkus/quarkus-classloader-commons/3.20.2/quarkus-classloader-commons-3.20.2.jar:/home/runner/.m2/repository/io/quarkus/quarkus-bootstrap-app-model/3.20.2/quarkus-bootstrap-app-model-3.20.2.jar:/home/runner/.m2/repository/io/smallrye/common/smallrye-common-io/2.12.0/smallrye-common-io-2.12.0.jar:/home/runner/.m2/repository/org/eclipse/sisu/org.eclipse.sisu.inject/0.9.0.M3/org.eclipse.sisu.inject-0.9.0.M3.jar:/home/runner/.m2/repository/io/quarkus/quarkus-test-common/3.20.2/quarkus-test-common-3.20.2.jar:/home/runner/.m2/repository/io/quarkus/quarkus-core-deployment/3.20.2/quarkus-core-deployment-3.20.2.jar:/home/runner/.m2/repository/org/aesh/readline/2.6/readline-2.6.jar:/home/runner/.m2/repository/org/fusesource/jansi/jansi/2.4.0/jansi-2.4.0.jar:/home/runner/.m2/repository/org/aesh/aesh/2.8.2/aesh-2.8.2.jar:/home/runner/.m2/repository/io/quarkus/gizmo/gizmo/1.8.0/gizmo-1.8.0.jar:/home/runner/.m2/repository/org/ow2/asm/asm-util/9.7.1/asm-util-9.7.1.jar:/home/runner/.m2/repository/org/ow2/asm/asm-analysis/9.7.1/asm-analysis-9.7.1.jar:/home/runner/.m2/repository/org/ow2/asm/asm-commons/9.7.1/asm-commons-9.7.1.jar:/home/runner/.m2/repository/org/ow2/asm/asm-tree/9.7.1/asm-tree-9.7.1.jar:/home/runner/.m2/repository/io/quarkus/quarkus-hibernate-validator-spi/3.20.2/quarkus-hibernate-validator-spi-3.20.2.jar:/home/runner/.m2/repository/io/quarkus/quarkus-class-change-agent/3.20.2/quarkus-class-change-agent-3.20.2.jar:/home/runner/.m2/repository/io/quarkus/quarkus-devtools-utilities/3.20.2/quarkus-devtools-utilities-3.20.2.jar:/home/runner/.m2/repository/io/quarkus/quarkus-builder/3.20.2/quarkus-builder-3.20.2.jar:/home/runner/.m2/repository/org/graalvm/sdk/nativeimage/23.1.2/nativeimage-23.1.2.jar:/home/runner/.m2/repository/org/graalvm/sdk/word/23.1.2/word-23.1.2.jar:/home/runner/.m2/repository/io/quarkus/quarkus-bootstrap-maven-resolver/3.20.2/quarkus-bootstrap-maven-resolver-3.20.2.jar:/home/runner/.m2/repository/io/smallrye/beanbag/smallrye-beanbag-maven/1.5.2/smallrye-beanbag-maven-1.5.2.jar:/home/runner/.m2/repository/io/smallrye/beanbag/smallrye-beanbag-sisu/1.5.2/smallrye-beanbag-sisu-1.5.2.jar:/home/runner/.m2/repository/io/smallrye/beanbag/smallrye-beanbag/1.5.2/smallrye-beanbag-1.5.2.jar:/home/runner/.m2/repository/javax/inject/javax.inject/1/javax.inject-1.jar:/home/runner/.m2/repository/org/apache/maven/maven-artifact/3.9.9/maven-artifact-3.9.9.jar:/home/runner/.m2/repository/org/apache/maven/maven-builder-support/3.9.9/maven-builder-support-3.9.9.jar:/home/runner/.m2/repository/org/apache/maven/maven-model/3.9.9/maven-model-3.9.9.jar:/home/runner/.m2/repository/org/apache/maven/maven-model-builder/3.9.9/maven-model-builder-3.9.9.jar:/home/runner/.m2/repository/org/apache/maven/maven-repository-metadata/3.9.9/maven-repository-metadata-3.9.9.jar:/home/runner/.m2/repository/org/apache/maven/maven-settings/3.9.9/maven-settings-3.9.9.jar:/home/runner/.m2/repository/org/apache/maven/resolver/maven-resolver-api/1.9.22/maven-resolver-api-1.9.22.jar:/home/runner/.m2/repository/org/apache/maven/resolver/maven-resolver-impl/1.9.22/maven-resolver-impl-1.9.22.jar:/home/runner/.m2/repository/org/apache/maven/resolver/maven-resolver-named-locks/1.9.22/maven-resolver-named-locks-1.9.22.jar:/home/runner/.m2/repository/org/apache/maven/resolver/maven-resolver-spi/1.9.22/maven-resolver-spi-1.9.22.jar:/home/runner/.m2/repository/org/apache/maven/resolver/maven-resolver-util/1.9.22/maven-resolver-util-1.9.22.jar:/home/runner/.m2/repository/org/apache/maven/resolver/maven-resolver-transport-http/1.9.20/maven-resolver-transport-http-1.9.20.jar:/home/runner/.m2/repository/org/apache/maven/wagon/wagon-provider-api/3.5.3/wagon-provider-api-3.5.3.jar:/home/runner/.m2/repository/org/apache/maven/wagon/wagon-http-shared/3.5.3/wagon-http-shared-3.5.3.jar:/home/runner/.m2/repository/org/codehaus/plexus/plexus-interpolation/1.26/plexus-interpolation-1.26.jar:/home/runner/.m2/repository/org/codehaus/plexus/plexus-utils/3.5.1/plexus-utils-3.5.1.jar:/home/runner/.m2/repository/org/codehaus/plexus/plexus-xml/4.0.1/plexus-xml-4.0.1.jar:/home/runner/.m2/repository/org/apache/maven/maven-xml-impl/4.0.0-alpha-5/maven-xml-impl-4.0.0-alpha-5.jar:/home/runner/.m2/repository/org/apache/maven/maven-api-xml/4.0.0-alpha-5/maven-api-xml-4.0.0-alpha-5.jar:/home/runner/.m2/repository/org/apache/maven/maven-api-meta/4.0.0-alpha-5/maven-api-meta-4.0.0-alpha-5.jar:/home/runner/.m2/repository/org/codehaus/plexus/plexus-cipher/2.0/plexus-cipher-2.0.jar:/home/runner/.m2/repository/org/codehaus/plexus/plexus-sec-dispatcher/2.0/plexus-sec-dispatcher-2.0.jar:/home/runner/.m2/repository/org/apache/maven/maven-embedder/3.9.9/maven-embedder-3.9.9.jar:/home/runner/.m2/repository/org/apache/maven/maven-core/3.9.9/maven-core-3.9.9.jar:/home/runner/.m2/repository/org/codehaus/plexus/plexus-component-annotations/2.1.0/plexus-component-annotations-2.1.0.jar:/home/runner/.m2/repository/org/apache/maven/maven-plugin-api/3.9.9/maven-plugin-api-3.9.9.jar:/home/runner/.m2/repository/org/apache/maven/shared/maven-shared-utils/3.4.2/maven-shared-utils-3.4.2.jar:/home/runner/.m2/repository/com/google/inject/guice/5.1.0/guice-5.1.0.jar:/home/runner/.m2/repository/aopalliance/aopalliance/1.0/aopalliance-1.0.jar:/home/runner/.m2/repository/org/codehaus/plexus/plexus-classworlds/2.6.0/plexus-classworlds-2.6.0.jar:/home/runner/.m2/repository/commons-cli/commons-cli/1.8.0/commons-cli-1.8.0.jar:/home/runner/.m2/repository/org/eclipse/sisu/org.eclipse.sisu.plexus/0.9.0.M3/org.eclipse.sisu.plexus-0.9.0.M3.jar:/home/runner/.m2/repository/org/apache/maven/maven-settings-builder/3.9.9/maven-settings-builder-3.9.9.jar:/home/runner/.m2/repository/org/apache/maven/maven-resolver-provider/3.9.9/maven-resolver-provider-3.9.9.jar:/home/runner/.m2/repository/org/apache/maven/resolver/maven-resolver-connector-basic/1.9.22/maven-resolver-connector-basic-1.9.22.jar:/home/runner/.m2/repository/org/apache/maven/resolver/maven-resolver-transport-wagon/1.9.22/maven-resolver-transport-wagon-1.9.22.jar:/home/runner/.m2/repository/org/apache/maven/wagon/wagon-http/3.5.3/wagon-http-3.5.3.jar:/home/runner/.m2/repository/org/apache/maven/wagon/wagon-file/3.5.3/wagon-file-3.5.3.jar:/home/runner/.m2/repository/io/quarkus/quarkus-bootstrap-gradle-resolver/3.20.2/quarkus-bootstrap-gradle-resolver-3.20.2.jar:/home/runner/.m2/repository/io/smallrye/jandex/3.3.0/jandex-3.3.0.jar:/home/runner/.m2/repository/org/jboss/logging/commons-logging-jboss-logging/1.0.0.Final/commons-logging-jboss-logging-1.0.0.Final.jar:/home/runner/.m2/repository/io/quarkus/quarkus-junit5-config/3.20.2/quarkus-junit5-config-3.20.2.jar:/home/runner/.m2/repository/org/junit/jupiter/junit-jupiter-api/5.12.1/junit-jupiter-api-5.12.1.jar:/home/runner/.m2/repository/io/smallrye/config/smallrye-config/3.11.4/smallrye-config-3.11.4.jar:/home/runner/.m2/repository/io/smallrye/config/smallrye-config-core/3.11.4/smallrye-config-core-3.11.4.jar:/home/runner/.m2/repository/io/smallrye/common/smallrye-common-classloader/2.12.0/smallrye-common-classloader-2.12.0.jar:/home/runner/.m2/repository/io/smallrye/config/smallrye-config-common/3.11.4/smallrye-config-common-3.11.4.jar:/home/runner/.m2/repository/org/junit/jupiter/junit-jupiter/5.12.1/junit-jupiter-5.12.1.jar:/home/runner/.m2/repository/org/junit/jupiter/junit-jupiter-params/5.12.1/junit-jupiter-params-5.12.1.jar:/home/runner/.m2/repository/org/junit/jupiter/junit-jupiter-engine/5.12.1/junit-jupiter-engine-5.12.1.jar:/home/runner/.m2/repository/io/quarkus/quarkus-core/3.20.2/quarkus-core-3.20.2.jar:/home/runner/.m2/repository/jakarta/enterprise/jakarta.enterprise.cdi-api/4.1.0/jakarta.enterprise.cdi-api-4.1.0.jar:/home/runner/.m2/repository/jakarta/enterprise/jakarta.enterprise.lang-model/4.1.0/jakarta.enterprise.lang-model-4.1.0.jar:/home/runner/.m2/repository/jakarta/el/jakarta.el-api/5.0.1/jakarta.el-api-5.0.1.jar:/home/runner/.m2/repository/jakarta/interceptor/jakarta.interceptor-api/2.2.0/jakarta.interceptor-api-2.2.0.jar:/home/runner/.m2/repository/jakarta/inject/jakarta.inject-api/2.0.1/jakarta.inject-api-2.0.1.jar:/home/runner/.m2/repository/io/smallrye/common/smallrye-common-os/2.12.0/smallrye-common-os-2.12.0.jar:/home/runner/.m2/repository/io/quarkus/quarkus-ide-launcher/3.20.2/quarkus-ide-launcher-3.20.2.jar:/home/runner/.m2/repository/io/quarkus/quarkus-development-mode-spi/3.20.2/quarkus-development-mode-spi-3.20.2.jar:/home/runner/.m2/repository/org/jboss/logging/jboss-logging/3.6.1.Final/jboss-logging-3.6.1.Final.jar:/home/runner/.m2/repository/org/jboss/logmanager/jboss-logmanager/3.1.2.Final/jboss-logmanager-3.1.2.Final.jar:/home/runner/.m2/repository/io/smallrye/common/smallrye-common-constraint/2.12.0/smallrye-common-constraint-2.12.0.jar:/home/runner/.m2/repository/io/smallrye/common/smallrye-common-cpu/2.12.0/smallrye-common-cpu-2.12.0.jar:/home/runner/.m2/repository/io/smallrye/common/smallrye-common-expression/2.12.0/smallrye-common-expression-2.12.0.jar:/home/runner/.m2/repository/io/smallrye/common/smallrye-common-net/2.12.0/smallrye-common-net-2.12.0.jar:/home/runner/.m2/repository/io/smallrye/common/smallrye-common-ref/2.12.0/smallrye-common-ref-2.12.0.jar:/home/runner/.m2/repository/jakarta/json/jakarta.json-api/2.1.3/jakarta.json-api-2.1.3.jar:/home/runner/.m2/repository/org/eclipse/parsson/parsson/1.1.7/parsson-1.1.7.jar:/home/runner/.m2/repository/org/jboss/logging/jboss-logging-annotations/3.0.4.Final/jboss-logging-annotations-3.0.4.Final.jar:/home/runner/.m2/repository/org/jboss/threads/jboss-threads/3.8.0.Final/jboss-threads-3.8.0.Final.jar:/home/runner/.m2/repository/io/smallrye/common/smallrye-common-annotation/2.12.0/smallrye-common-annotation-2.12.0.jar:/home/runner/.m2/repository/io/smallrye/common/smallrye-common-function/2.12.0/smallrye-common-function-2.12.0.jar:/home/runner/.m2/repository/org/jboss/slf4j/slf4j-jboss-logmanager/2.0.0.Final/slf4j-jboss-logmanager-2.0.0.Final.jar:/home/runner/.m2/repository/org/wildfly/common/wildfly-common/2.0.1/wildfly-common-2.0.1.jar:/home/runner/.m2/repository/io/quarkus/quarkus-bootstrap-runner/3.20.2/quarkus-bootstrap-runner-3.20.2.jar:/home/runner/.m2/repository/io/github/crac/org-crac/0.1.3/org-crac-0.1.3.jar:/home/runner/.m2/repository/io/quarkus/quarkus-fs-util/0.0.10/quarkus-fs-util-0.0.10.jar:/home/runner/.m2/repository/org/jboss/marshalling/jboss-marshalling/2.2.2.Final/jboss-marshalling-2.2.2.Final.jar:/home/runner/.m2/repository/io/fabric8/kubernetes-client/7.1.0/kubernetes-client-7.1.0.jar:/home/runner/.m2/repository/io/fabric8/kubernetes-client-api/7.1.0/kubernetes-client-api-7.1.0.jar:/home/runner/.m2/repository/io/fabric8/kubernetes-model-core/7.1.0/kubernetes-model-core-7.1.0.jar:/home/runner/.m2/repository/io/fabric8/kubernetes-model-common/7.1.0/kubernetes-model-common-7.1.0.jar:/home/runner/.m2/repository/javax/annotation/javax.annotation-api/1.3.2/javax.annotation-api-1.3.2.jar:/home/runner/.m2/repository/io/fabric8/kubernetes-model-gatewayapi/7.1.0/kubernetes-model-gatewayapi-7.1.0.jar:/home/runner/.m2/repository/io/fabric8/kubernetes-model-resource/7.1.0/kubernetes-model-resource-7.1.0.jar:/home/runner/.m2/repository/io/fabric8/kubernetes-model-rbac/7.1.0/kubernetes-model-rbac-7.1.0.jar:/home/runner/.m2/repository/io/fabric8/kubernetes-model-admissionregistration/7.1.0/kubernetes-model-admissionregistration-7.1.0.jar:/home/runner/.m2/repository/io/fabric8/kubernetes-model-apps/7.1.0/kubernetes-model-apps-7.1.0.jar:/home/runner/.m2/repository/io/fabric8/kubernetes-model-autoscaling/7.1.0/kubernetes-model-autoscaling-7.1.0.jar:/home/runner/.m2/repository/io/fabric8/kubernetes-model-apiextensions/7.1.0/kubernetes-model-apiextensions-7.1.0.jar:/home/runner/.m2/repository/io/fabric8/kubernetes-model-batch/7.1.0/kubernetes-model-batch-7.1.0.jar:/home/runner/.m2/repository/io/fabric8/kubernetes-model-certificates/7.1.0/kubernetes-model-certificates-7.1.0.jar:/home/runner/.m2/repository/io/fabric8/kubernetes-model-coordination/7.1.0/kubernetes-model-coordination-7.1.0.jar:/home/runner/.m2/repository/io/fabric8/kubernetes-model-discovery/7.1.0/kubernetes-model-discovery-7.1.0.jar:/home/runner/.m2/repository/io/fabric8/kubernetes-model-events/7.1.0/kubernetes-model-events-7.1.0.jar:/home/runner/.m2/repository/io/fabric8/kubernetes-model-extensions/7.1.0/kubernetes-model-extensions-7.1.0.jar:/home/runner/.m2/repository/io/fabric8/kubernetes-model-flowcontrol/7.1.0/kubernetes-model-flowcontrol-7.1.0.jar:/home/runner/.m2/repository/io/fabric8/kubernetes-model-networking/7.1.0/kubernetes-model-networking-7.1.0.jar:/home/runner/.m2/repository/io/fabric8/kubernetes-model-metrics/7.1.0/kubernetes-model-metrics-7.1.0.jar:/home/runner/.m2/repository/io/fabric8/kubernetes-model-policy/7.1.0/kubernetes-model-policy-7.1.0.jar:/home/runner/.m2/repository/io/fabric8/kubernetes-model-scheduling/7.1.0/kubernetes-model-scheduling-7.1.0.jar:/home/runner/.m2/repository/io/fabric8/kubernetes-model-storageclass/7.1.0/kubernetes-model-storageclass-7.1.0.jar:/home/runner/.m2/repository/io/fabric8/kubernetes-model-node/7.1.0/kubernetes-model-node-7.1.0.jar:/home/runner/.m2/repository/org/snakeyaml/snakeyaml-engine/2.9/snakeyaml-engine-2.9.jar:/home/runner/.m2/repository/com/fasterxml/jackson/dataformat/jackson-dataformat-yaml/2.18.2/jackson-dataformat-yaml-2.18.2.jar:/home/runner/.m2/repository/com/fasterxml/jackson/datatype/jackson-datatype-jsr310/2.18.2/jackson-datatype-jsr310-2.18.2.jar:/home/runner/.m2/repository/io/fabric8/zjsonpatch/7.1.0/zjsonpatch-7.1.0.jar:/home/runner/.m2/repository/io/fabric8/kubernetes-httpclient-vertx/7.1.0/kubernetes-httpclient-vertx-7.1.0.jar:/home/runner/.m2/repository/io/vertx/vertx-web-client/4.5.16/vertx-web-client-4.5.16.jar:/home/runner/.m2/repository/io/vertx/vertx-web-common/4.5.16/vertx-web-common-4.5.16.jar:/home/runner/.m2/repository/io/vertx/vertx-auth-common/4.5.16/vertx-auth-common-4.5.16.jar:/home/runner/.m2/repository/io/vertx/vertx-uri-template/4.5.16/vertx-uri-template-4.5.16.jar:/home/runner/.m2/repository/io/fabric8/openshift-client/7.1.0/openshift-client-7.1.0.jar:/home/runner/.m2/repository/io/fabric8/openshift-client-api/7.1.0/openshift-client-api-7.1.0.jar:/home/runner/.m2/repository/io/fabric8/openshift-model/7.1.0/openshift-model-7.1.0.jar:/home/runner/.m2/repository/io/fabric8/openshift-model-autoscaling/7.1.0/openshift-model-autoscaling-7.1.0.jar:/home/runner/.m2/repository/io/fabric8/openshift-model-operator/7.1.0/openshift-model-operator-7.1.0.jar:/home/runner/.m2/repository/io/fabric8/openshift-model-operatorhub/7.1.0/openshift-model-operatorhub-7.1.0.jar:/home/runner/.m2/repository/io/fabric8/openshift-model-machine/7.1.0/openshift-model-machine-7.1.0.jar:/home/runner/.m2/repository/io/fabric8/openshift-model-whereabouts/7.1.0/openshift-model-whereabouts-7.1.0.jar:/home/runner/.m2/repository/io/fabric8/openshift-model-monitoring/7.1.0/openshift-model-monitoring-7.1.0.jar:/home/runner/.m2/repository/io/fabric8/openshift-model-storageversionmigrator/7.1.0/openshift-model-storageversionmigrator-7.1.0.jar:/home/runner/.m2/repository/io/fabric8/openshift-model-tuned/7.1.0/openshift-model-tuned-7.1.0.jar:/home/runner/.m2/repository/io/fabric8/openshift-model-console/7.1.0/openshift-model-console-7.1.0.jar:/home/runner/.m2/repository/io/fabric8/openshift-model-config/7.1.0/openshift-model-config-7.1.0.jar:/home/runner/.m2/repository/io/fabric8/openshift-model-machineconfiguration/7.1.0/openshift-model-machineconfiguration-7.1.0.jar:/home/runner/.m2/repository/io/fabric8/openshift-model-miscellaneous/7.1.0/openshift-model-miscellaneous-7.1.0.jar:/home/runner/.m2/repository/io/fabric8/openshift-model-hive/7.1.0/openshift-model-hive-7.1.0.jar:/home/runner/.m2/repository/io/fabric8/openshift-model-installer/7.1.0/openshift-model-installer-7.1.0.jar:/home/runner/.m2/repository/org/junit/platform/junit-platform-launcher/1.12.1/junit-platform-launcher-1.12.1.jar:/home/runner/.m2/repository/org/junit/platform/junit-platform-engine/1.12.1/junit-platform-engine-1.12.1.jar:/home/runner/.m2/repository/org/opentest4j/opentest4j/1.3.0/opentest4j-1.3.0.jar:/home/runner/.m2/repository/org/junit/platform/junit-platform-commons/1.12.1/junit-platform-commons-1.12.1.jar:/home/runner/.m2/repository/org/apiguardian/apiguardian-api/1.1.2/apiguardian-api-1.1.2.jar:/home/runner/.m2/repository/jakarta/ws/rs/jakarta.ws.rs-api/3.1.0/jakarta.ws.rs-api-3.1.0.jar:/home/runner/work/apicurio-testing/apicurio-testing/clusters/ci419/namespaces/mysql/tests/integration/apicurio-registry/java-sdk/target/apicurio-registry-java-sdk-3.0.12-SNAPSHOT.jar:/home/runner/.m2/repository/com/microsoft/kiota/microsoft-kiota-abstractions/1.8.8/microsoft-kiota-abstractions-1.8.8.jar:/home/runner/.m2/repository/io/github/std-uritemplate/std-uritemplate/2.0.0/std-uritemplate-2.0.0.jar:/home/runner/.m2/repository/io/kiota/kiota-http-jdk/0.0.29/kiota-http-jdk-0.0.29.jar:/home/runner/.m2/repository/io/kiota/kiota-http-vertx/0.0.29/kiota-http-vertx-0.0.29.jar:/home/runner/.m2/repository/io/kiota/kiota-serialization-jackson/0.0.29/kiota-serialization-jackson-0.0.29.jar:/home/runner/.m2/repository/com/microsoft/kiota/microsoft-kiota-serialization-text/1.8.8/microsoft-kiota-serialization-text-1.8.8.jar:/home/runner/.m2/repository/com/microsoft/kiota/microsoft-kiota-serialization-form/1.8.8/microsoft-kiota-serialization-form-1.8.8.jar:/home/runner/.m2/repository/com/microsoft/kiota/microsoft-kiota-serialization-multipart/1.8.8/microsoft-kiota-serialization-multipart-1.8.8.jar:/home/runner/.m2/repository/jakarta/annotation/jakarta.annotation-api/3.0.0/jakarta.annotation-api-3.0.0.jar:/home/runner/.m2/repository/io/vertx/vertx-auth-oauth2/4.5.16/vertx-auth-oauth2-4.5.16.jar:/home/runner/work/apicurio-testing/apicurio-testing/clusters/ci419/namespaces/mysql/tests/integration/apicurio-registry/java-sdk-v2/target/apicurio-registry-v2-java-sdk-3.0.12-SNAPSHOT.jar:/home/runner/work/apicurio-testing/apicurio-testing/clusters/ci419/namespaces/mysql/tests/integration/apicurio-registry/utils/kafka/target/apicurio-registry-utils-kafka-3.0.12-SNAPSHOT-tests.jar:/home/runner/.m2/repository/org/eclipse/microprofile/config/microprofile-config-api/3.1/microprofile-config-api-3.1.jar:/home/runner/.m2/repository/org/apache/kafka/kafka-clients/3.9.1/kafka-clients-3.9.1.jar:/home/runner/.m2/repository/com/github/luben/zstd-jni/1.5.6-4/zstd-jni-1.5.6-4.jar:/home/runner/.m2/repository/org/lz4/lz4-java/1.8.0/lz4-java-1.8.0.jar:/home/runner/.m2/repository/org/xerial/snappy/snappy-java/1.1.10.5/snappy-java-1.1.10.5.jar:/home/runner/.m2/repository/org/slf4j/slf4j-api/2.0.6/slf4j-api-2.0.6.jar:/home/runner/work/apicurio-testing/apicurio-testing/clusters/ci419/namespaces/mysql/tests/integration/apicurio-registry/utils/tests/target/apicurio-registry-utils-tests-3.0.12-SNAPSHOT.jar:/home/runner/work/apicurio-testing/apicurio-testing/clusters/ci419/namespaces/mysql/tests/integration/apicurio-registry/common/target/apicurio-registry-common-3.0.12-SNAPSHOT.jar:/home/runner/.m2/repository/jakarta/validation/jakarta.validation-api/3.0.2/jakarta.validation-api-3.0.2.jar:/home/runner/.m2/repository/com/github/dasniko/testcontainers-keycloak/3.8.0/testcontainers-keycloak-3.8.0.jar:/home/runner/.m2/repository/org/testcontainers/testcontainers/1.20.6/testcontainers-1.20.6.jar:/home/runner/.m2/repository/org/rnorth/duct-tape/duct-tape/1.0.8/duct-tape-1.0.8.jar:/home/runner/.m2/repository/com/github/docker-java/docker-java-transport-zerodep/3.4.1/docker-java-transport-zerodep-3.4.1.jar:/home/runner/.m2/repository/com/github/docker-java/docker-java-transport/3.4.1/docker-java-transport-3.4.1.jar:/home/runner/.m2/repository/net/java/dev/jna/jna/5.8.0/jna-5.8.0.jar:/home/runner/.m2/repository/io/quarkus/quarkus-junit4-mock/3.20.2/quarkus-junit4-mock-3.20.2.jar:/home/runner/.m2/repository/org/jboss/shrinkwrap/shrinkwrap-api/2.0.0-beta-2/shrinkwrap-api-2.0.0-beta-2.jar:/home/runner/.m2/repository/org/jboss/shrinkwrap/shrinkwrap-impl-base/2.0.0-beta-2/shrinkwrap-impl-base-2.0.0-beta-2.jar:/home/runner/.m2/repository/org/jboss/shrinkwrap/shrinkwrap-spi/2.0.0-beta-2/shrinkwrap-spi-2.0.0-beta-2.jar:/home/runner/.m2/repository/org/keycloak/keycloak-admin-client/26.0.4/keycloak-admin-client-26.0.4.jar:/home/runner/.m2/repository/org/keycloak/keycloak-client-common-synced/26.0.4/keycloak-client-common-synced-26.0.4.jar:/home/runner/.m2/repository/jakarta/activation/jakarta.activation-api/2.1.3/jakarta.activation-api-2.1.3.jar:/home/runner/.m2/repository/org/eclipse/microprofile/openapi/microprofile-openapi-api/4.0.2/microprofile-openapi-api-4.0.2.jar:/home/runner/.m2/repository/org/jboss/resteasy/resteasy-client/6.2.12.Final/resteasy-client-6.2.12.Final.jar:/home/runner/.m2/repository/org/jboss/resteasy/resteasy-client-api/6.2.12.Final/resteasy-client-api-6.2.12.Final.jar:/home/runner/.m2/repository/org/jboss/resteasy/resteasy-core-spi/6.2.12.Final/resteasy-core-spi-6.2.12.Final.jar:/home/runner/.m2/repository/org/jboss/resteasy/resteasy-core/6.2.12.Final/resteasy-core-6.2.12.Final.jar:/home/runner/.m2/repository/org/eclipse/angus/angus-activation/2.0.2/angus-activation-2.0.2.jar:/home/runner/.m2/repository/com/ibm/async/asyncutil/0.1.0/asyncutil-0.1.0.jar:/home/runner/.m2/repository/org/reactivestreams/reactive-streams/1.0.4/reactive-streams-1.0.4.jar:/home/runner/.m2/repository/org/jboss/resteasy/resteasy-multipart-provider/6.2.12.Final/resteasy-multipart-provider-6.2.12.Final.jar:/home/runner/.m2/repository/jakarta/mail/jakarta.mail-api/2.1.3/jakarta.mail-api-2.1.3.jar:/home/runner/.m2/repository/org/eclipse/angus/angus-mail/2.0.3/angus-mail-2.0.3.jar:/home/runner/.m2/repository/org/apache/james/apache-mime4j-dom/0.8.12/apache-mime4j-dom-0.8.12.jar:/home/runner/.m2/repository/org/apache/james/apache-mime4j-core/0.8.12/apache-mime4j-core-0.8.12.jar:/home/runner/.m2/repository/org/apache/james/apache-mime4j-storage/0.8.12/apache-mime4j-storage-0.8.12.jar:/home/runner/.m2/repository/org/jboss/resteasy/resteasy-jackson2-provider/6.2.12.Final/resteasy-jackson2-provider-6.2.12.Final.jar:/home/runner/.m2/repository/com/fasterxml/jackson/jakarta/rs/jackson-jakarta-rs-base/2.18.2/jackson-jakarta-rs-base-2.18.2.jar:/home/runner/.m2/repository/com/fasterxml/jackson/jakarta/rs/jackson-jakarta-rs-json-provider/2.18.2/jackson-jakarta-rs-json-provider-2.18.2.jar:/home/runner/.m2/repository/com/fasterxml/jackson/module/jackson-module-jakarta-xmlbind-annotations/2.18.2/jackson-module-jakarta-xmlbind-annotations-2.18.2.jar:/home/runner/.m2/repository/com/github/java-json-tools/json-patch/1.13/json-patch-1.13.jar:/home/runner/.m2/repository/com/github/java-json-tools/msg-simple/1.2/msg-simple-1.2.jar:/home/runner/.m2/repository/com/github/java-json-tools/btf/1.3/btf-1.3.jar:/home/runner/.m2/repository/com/github/java-json-tools/jackson-coreutils/2.0/jackson-coreutils-2.0.jar:/home/runner/.m2/repository/org/jboss/resteasy/resteasy-jaxb-provider/6.2.12.Final/resteasy-jaxb-provider-6.2.12.Final.jar:/home/runner/.m2/repository/org/glassfish/jaxb/codemodel/4.0.5/codemodel-4.0.5.jar:/home/runner/.m2/repository/org/glassfish/jaxb/jaxb-core/4.0.5/jaxb-core-4.0.5.jar:/home/runner/.m2/repository/org/glassfish/jaxb/jaxb-jxc/4.0.5/jaxb-jxc-4.0.5.jar:/home/runner/.m2/repository/org/glassfish/jaxb/jaxb-runtime/4.0.5/jaxb-runtime-4.0.5.jar:/home/runner/.m2/repository/org/glassfish/jaxb/txw2/4.0.5/txw2-4.0.5.jar:/home/runner/.m2/repository/org/glassfish/jaxb/jaxb-xjc/4.0.5/jaxb-xjc-4.0.5.jar:/home/runner/.m2/repository/org/glassfish/jaxb/xsom/4.0.5/xsom-4.0.5.jar:/home/runner/.m2/repository/com/sun/istack/istack-commons-runtime/4.1.2/istack-commons-runtime-4.1.2.jar:/home/runner/.m2/repository/com/sun/istack/istack-commons-tools/4.1.2/istack-commons-tools-4.1.2.jar:/home/runner/.m2/repository/com/sun/xml/bind/external/relaxng-datatype/4.0.5/relaxng-datatype-4.0.5.jar:/home/runner/.m2/repository/com/sun/xml/bind/external/rngom/4.0.5/rngom-4.0.5.jar:/home/runner/.m2/repository/org/testcontainers/mssqlserver/1.20.6/mssqlserver-1.20.6.jar:/home/runner/.m2/repository/org/testcontainers/jdbc/1.20.6/jdbc-1.20.6.jar:/home/runner/.m2/repository/org/testcontainers/database-commons/1.20.6/database-commons-1.20.6.jar:/home/runner/.m2/repository/org/testcontainers/mysql/1.20.6/mysql-1.20.6.jar:/home/runner/.m2/repository/io/strimzi/strimzi-test-container/0.111.0/strimzi-test-container-0.111.0.jar:/home/runner/.m2/repository/org/testcontainers/toxiproxy/1.20.6/toxiproxy-1.20.6.jar:/home/runner/.m2/repository/com/github/docker-java/docker-java-api/3.4.1/docker-java-api-3.4.1.jar:/home/runner/.m2/repository/org/apache/logging/log4j/log4j-slf4j-impl/2.19.0/log4j-slf4j-impl-2.19.0.jar:/home/runner/.m2/repository/org/apache/logging/log4j/log4j-api/2.24.3/log4j-api-2.24.3.jar:/home/runner/.m2/repository/org/apache/logging/log4j/log4j-core/2.19.0/log4j-core-2.19.0.jar:/home/runner/.m2/repository/eu/rekawek/toxiproxy/toxiproxy-java/2.1.7/toxiproxy-java-2.1.7.jar:/home/runner/.m2/repository/org/testcontainers/pulsar/1.21.3/pulsar-1.21.3.jar:/home/runner/.m2/repository/io/debezium/debezium-testing-testcontainers/2.7.4.Final/debezium-testing-testcontainers-2.7.4.Final.jar:/home/runner/.m2/repository/org/testcontainers/kafka/1.20.6/kafka-1.20.6.jar:/home/runner/.m2/repository/com/squareup/okhttp3/okhttp/4.8.1/okhttp-4.8.1.jar:/home/runner/.m2/repository/com/squareup/okio/okio/3.10.2/okio-3.10.2.jar:/home/runner/.m2/repository/com/squareup/okio/okio-jvm/3.10.2/okio-jvm-3.10.2.jar:/home/runner/.m2/repository/org/jetbrains/kotlin/kotlin-stdlib/2.0.21/kotlin-stdlib-2.0.21.jar:/home/runner/.m2/repository/org/awaitility/awaitility/4.3.0/awaitility-4.3.0.jar:/home/runner/.m2/repository/org/testcontainers/mongodb/1.20.6/mongodb-1.20.6.jar:/home/runner/.m2/repository/org/testcontainers/mariadb/1.20.6/mariadb-1.20.6.jar:/home/runner/.m2/repository/org/testcontainers/oracle-xe/1.20.6/oracle-xe-1.20.6.jar:/home/runner/.m2/repository/org/testcontainers/postgresql/1.20.6/postgresql-1.20.6.jar:/home/runner/.m2/repository/org/wiremock/wiremock/3.0.1/wiremock-3.0.1.jar:/home/runner/.m2/repository/org/eclipse/jetty/jetty-server/11.0.15/jetty-server-11.0.15.jar:/home/runner/.m2/repository/org/eclipse/jetty/toolchain/jetty-jakarta-servlet-api/5.0.2/jetty-jakarta-servlet-api-5.0.2.jar:/home/runner/.m2/repository/org/eclipse/jetty/jetty-http/11.0.15/jetty-http-11.0.15.jar:/home/runner/.m2/repository/org/eclipse/jetty/jetty-io/11.0.15/jetty-io-11.0.15.jar:/home/runner/.m2/repository/org/eclipse/jetty/jetty-servlet/11.0.15/jetty-servlet-11.0.15.jar:/home/runner/.m2/repository/org/eclipse/jetty/jetty-security/11.0.15/jetty-security-11.0.15.jar:/home/runner/.m2/repository/org/eclipse/jetty/jetty-servlets/11.0.15/jetty-servlets-11.0.15.jar:/home/runner/.m2/repository/org/eclipse/jetty/jetty-util/11.0.15/jetty-util-11.0.15.jar:/home/runner/.m2/repository/org/eclipse/jetty/jetty-webapp/11.0.15/jetty-webapp-11.0.15.jar:/home/runner/.m2/repository/org/eclipse/jetty/jetty-xml/11.0.15/jetty-xml-11.0.15.jar:/home/runner/.m2/repository/org/eclipse/jetty/jetty-proxy/11.0.15/jetty-proxy-11.0.15.jar:/home/runner/.m2/repository/org/eclipse/jetty/jetty-client/11.0.15/jetty-client-11.0.15.jar:/home/runner/.m2/repository/org/eclipse/jetty/http2/http2-server/11.0.15/http2-server-11.0.15.jar:/home/runner/.m2/repository/org/eclipse/jetty/http2/http2-common/11.0.15/http2-common-11.0.15.jar:/home/runner/.m2/repository/org/eclipse/jetty/http2/http2-hpack/11.0.15/http2-hpack-11.0.15.jar:/home/runner/.m2/repository/org/eclipse/jetty/jetty-alpn-server/11.0.15/jetty-alpn-server-11.0.15.jar:/home/runner/.m2/repository/org/eclipse/jetty/jetty-alpn-java-server/11.0.15/jetty-alpn-java-server-11.0.15.jar:/home/runner/.m2/repository/org/eclipse/jetty/jetty-alpn-java-client/11.0.15/jetty-alpn-java-client-11.0.15.jar:/home/runner/.m2/repository/org/eclipse/jetty/jetty-alpn-client/11.0.15/jetty-alpn-client-11.0.15.jar:/home/runner/.m2/repository/org/apache/httpcomponents/client5/httpclient5/5.2.1/httpclient5-5.2.1.jar:/home/runner/.m2/repository/org/apache/httpcomponents/core5/httpcore5/5.2/httpcore5-5.2.jar:/home/runner/.m2/repository/org/apache/httpcomponents/core5/httpcore5-h2/5.2/httpcore5-h2-5.2.jar:/home/runner/.m2/repository/org/xmlunit/xmlunit-core/2.9.1/xmlunit-core-2.9.1.jar:/home/runner/.m2/repository/jakarta/xml/bind/jakarta.xml.bind-api/4.0.2/jakarta.xml.bind-api-4.0.2.jar:/home/runner/.m2/repository/org/xmlunit/xmlunit-legacy/2.9.1/xmlunit-legacy-2.9.1.jar:/home/runner/.m2/repository/org/xmlunit/xmlunit-placeholders/2.9.1/xmlunit-placeholders-2.9.1.jar:/home/runner/.m2/repository/net/javacrumbs/json-unit/json-unit-core/2.38.0/json-unit-core-2.38.0.jar:/home/runner/.m2/repository/org/hamcrest/hamcrest-core/2.2/hamcrest-core-2.2.jar:/home/runner/.m2/repository/com/jayway/jsonpath/json-path/2.8.0/json-path-2.8.0.jar:/home/runner/.m2/repository/net/minidev/json-smart/2.4.10/json-smart-2.4.10.jar:/home/runner/.m2/repository/net/minidev/accessors-smart/2.4.9/accessors-smart-2.4.9.jar:/home/runner/.m2/repository/org/ow2/asm/asm/9.7.1/asm-9.7.1.jar:/home/runner/.m2/repository/net/sf/jopt-simple/jopt-simple/5.0.4/jopt-simple-5.0.4.jar:/home/runner/.m2/repository/com/github/jknack/handlebars/4.3.1/handlebars-4.3.1.jar:/home/runner/.m2/repository/com/github/jknack/handlebars-helpers/4.3.1/handlebars-helpers-4.3.1.jar:/home/runner/.m2/repository/commons-fileupload/commons-fileupload/1.5/commons-fileupload-1.5.jar:/home/runner/.m2/repository/com/networknt/json-schema-validator/1.5.8/json-schema-validator-1.5.8.jar:/home/runner/.m2/repository/com/ethlo/time/itu/1.10.3/itu-1.10.3.jar:/home/runner/.m2/repository/io/quarkus/quarkus-smallrye-jwt-build/3.20.2/quarkus-smallrye-jwt-build-3.20.2.jar:/home/runner/.m2/repository/io/smallrye/smallrye-jwt-build/4.6.2/smallrye-jwt-build-4.6.2.jar:/home/runner/.m2/repository/org/eclipse/microprofile/jwt/microprofile-jwt-auth-api/2.1/microprofile-jwt-auth-api-2.1.jar:/home/runner/.m2/repository/org/bitbucket/b_c/jose4j/0.9.6/jose4j-0.9.6.jar:/home/runner/.m2/repository/io/smallrye/smallrye-jwt-common/4.6.2/smallrye-jwt-common-4.6.2.jar:/home/runner/.m2/repository/io/quarkus/quarkus-jsonp/3.20.2/quarkus-jsonp-3.20.2.jar:/home/runner/.m2/repository/io/quarkus/quarkus-arc/3.20.2/quarkus-arc-3.20.2.jar:/home/runner/.m2/repository/io/quarkus/arc/arc/3.20.2/arc-3.20.2.jar:/home/runner/.m2/repository/jakarta/transaction/jakarta.transaction-api/2.0.1/jakarta.transaction-api-2.0.1.jar:/home/runner/.m2/repository/io/smallrye/reactive/mutiny/2.9.2/mutiny-2.9.2.jar:/home/runner/.m2/repository/org/jctools/jctools-core/4.0.5/jctools-core-4.0.5.jar:/home/runner/.m2/repository/org/eclipse/microprofile/context-propagation/microprofile-context-propagation-api/1.3/microprofile-context-propagation-api-1.3.jar:/home/runner/.m2/repository/io/apicurio/apicurio-common-rest-client-common/0.1.18.Final/apicurio-common-rest-client-common-0.1.18.Final.jar:/home/runner/work/apicurio-testing/apicurio-testing/clusters/ci419/namespaces/mysql/tests/integration/apicurio-registry/utils/maven-plugin/target/apicurio-registry-maven-plugin-3.0.12-SNAPSHOT.jar:/home/runner/.m2/repository/com/fasterxml/jackson/core/jackson-databind/2.18.2/jackson-databind-2.18.2.jar:/home/runner/.m2/repository/org/apache/avro/avro/1.12.0/avro-1.12.0.jar:/home/runner/.m2/repository/com/google/protobuf/protobuf-java/4.31.1/protobuf-java-4.31.1.jar:/home/runner/.m2/repository/com/google/protobuf/protobuf-java-util/4.31.1/protobuf-java-util-4.31.1.jar:/home/runner/.m2/repository/com/google/code/findbugs/jsr305/3.0.2/jsr305-3.0.2.jar:/home/runner/.m2/repository/com/google/code/gson/gson/2.12.1/gson-2.12.1.jar:/home/runner/.m2/repository/com/google/errorprone/error_prone_annotations/2.36.0/error_prone_annotations-2.36.0.jar:/home/runner/.m2/repository/com/google/j2objc/j2objc-annotations/2.8/j2objc-annotations-2.8.jar:/home/runner/work/apicurio-testing/apicurio-testing/clusters/ci419/namespaces/mysql/tests/integration/apicurio-registry/schema-util/util-provider/target/apicurio-registry-schema-util-provider-3.0.12-SNAPSHOT.jar:/home/runner/work/apicurio-testing/apicurio-testing/clusters/ci419/namespaces/mysql/tests/integration/apicurio-registry/schema-util/common/target/apicurio-registry-schema-util-common-3.0.12-SNAPSHOT.jar:/home/runner/.m2/repository/com/fasterxml/jackson/module/jackson-module-parameter-names/2.18.2/jackson-module-parameter-names-2.18.2.jar:/home/runner/.m2/repository/com/fasterxml/jackson/datatype/jackson-datatype-json-org/2.18.2/jackson-datatype-json-org-2.18.2.jar:/home/runner/work/apicurio-testing/apicurio-testing/clusters/ci419/namespaces/mysql/tests/integration/apicurio-registry/schema-util/json/target/apicurio-registry-schema-util-json-3.0.12-SNAPSHOT.jar:/home/runner/.m2/repository/com/github/erosb/everit-json-schema/1.14.5/everit-json-schema-1.14.5.jar:/home/runner/.m2/repository/commons-validator/commons-validator/1.9.0/commons-validator-1.9.0.jar:/home/runner/.m2/repository/commons-digester/commons-digester/2.1/commons-digester-2.1.jar:/home/runner/.m2/repository/commons-collections/commons-collections/3.2.2/commons-collections-3.2.2.jar:/home/runner/.m2/repository/com/damnhandy/handy-uri-templates/2.1.8/handy-uri-templates-2.1.8.jar:/home/runner/.m2/repository/joda-time/joda-time/2.10.2/joda-time-2.10.2.jar:/home/runner/.m2/repository/com/github/erosb/json-sKema/0.20.0/json-sKema-0.20.0.jar:/home/runner/.m2/repository/io/vertx/vertx-json-schema/4.5.16/vertx-json-schema-4.5.16.jar:/home/runner/work/apicurio-testing/apicurio-testing/clusters/ci419/namespaces/mysql/tests/integration/apicurio-registry/schema-util/protobuf/target/apicurio-registry-schema-util-protobuf-3.0.12-SNAPSHOT.jar:/home/runner/work/apicurio-testing/apicurio-testing/clusters/ci419/namespaces/mysql/tests/integration/apicurio-registry/utils/protobuf-schema-utilities/target/apicurio-registry-protobuf-schema-utilities-3.0.12-SNAPSHOT.jar:/home/runner/.m2/repository/com/google/api/grpc/proto-google-common-protos/2.52.0/proto-google-common-protos-2.52.0.jar:/home/runner/.m2/repository/com/squareup/wire/wire-schema-jvm/5.3.3/wire-schema-jvm-5.3.3.jar:/home/runner/.m2/repository/com/palantir/javapoet/javapoet/0.6.0/javapoet-0.6.0.jar:/home/runner/.m2/repository/com/squareup/kotlinpoet-jvm/2.0.0/kotlinpoet-jvm-2.0.0.jar:/home/runner/.m2/repository/org/jetbrains/kotlin/kotlin-reflect/2.0.21/kotlin-reflect-2.0.21.jar:/home/runner/.m2/repository/com/squareup/wire/wire-runtime-jvm/5.3.3/wire-runtime-jvm-5.3.3.jar:/home/runner/.m2/repository/com/ibm/icu/icu4j/76.1/icu4j-76.1.jar:/home/runner/.m2/repository/com/squareup/okio/okio-fakefilesystem/3.10.2/okio-fakefilesystem-3.10.2.jar:/home/runner/.m2/repository/com/squareup/okio/okio-fakefilesystem-jvm/3.10.2/okio-fakefilesystem-jvm-3.10.2.jar:/home/runner/.m2/repository/org/jetbrains/kotlinx/kotlinx-datetime-jvm/0.6.1/kotlinx-datetime-jvm-0.6.1.jar:/home/runner/work/apicurio-testing/apicurio-testing/clusters/ci419/namespaces/mysql/tests/integration/apicurio-registry/schema-util/asyncapi/target/apicurio-registry-schema-util-asyncapi-3.0.12-SNAPSHOT.jar:/home/runner/work/apicurio-testing/apicurio-testing/clusters/ci419/namespaces/mysql/tests/integration/apicurio-registry/schema-util/avro/target/apicurio-registry-schema-util-avro-3.0.12-SNAPSHOT.jar:/home/runner/work/apicurio-testing/apicurio-testing/clusters/ci419/namespaces/mysql/tests/integration/apicurio-registry/schema-util/graphql/target/apicurio-registry-schema-util-graphql-3.0.12-SNAPSHOT.jar:/home/runner/.m2/repository/com/graphql-java/graphql-java/22.4/graphql-java-22.4.jar:/home/runner/.m2/repository/com/graphql-java/java-dataloader/3.3.0/java-dataloader-3.3.0.jar:/home/runner/work/apicurio-testing/apicurio-testing/clusters/ci419/namespaces/mysql/tests/integration/apicurio-registry/schema-util/kconnect/target/apicurio-registry-schema-util-kconnect-3.0.12-SNAPSHOT.jar:/home/runner/work/apicurio-testing/apicurio-testing/clusters/ci419/namespaces/mysql/tests/integration/apicurio-registry/schema-util/openapi/target/apicurio-registry-schema-util-openapi-3.0.12-SNAPSHOT.jar:/home/runner/.m2/repository/io/apicurio/apicurio-data-models/2.2.2/apicurio-data-models-2.2.2.jar:/home/runner/.m2/repository/org/openapitools/openapidiff/openapi-diff-core/2.1.2/openapi-diff-core-2.1.2.jar:/home/runner/.m2/repository/io/swagger/parser/v3/swagger-parser/2.1.28/swagger-parser-2.1.28.jar:/home/runner/.m2/repository/io/swagger/parser/v3/swagger-parser-v2-converter/2.1.28/swagger-parser-v2-converter-2.1.28.jar:/home/runner/.m2/repository/io/swagger/swagger-core/1.6.16/swagger-core-1.6.16.jar:/home/runner/.m2/repository/io/swagger/swagger-models/1.6.16/swagger-models-1.6.16.jar:/home/runner/.m2/repository/io/swagger/swagger-annotations/1.6.16/swagger-annotations-1.6.16.jar:/home/runner/.m2/repository/io/swagger/swagger-parser/1.0.75/swagger-parser-1.0.75.jar:/home/runner/.m2/repository/io/swagger/swagger-parser-safe-url-resolver/1.0.75/swagger-parser-safe-url-resolver-1.0.75.jar:/home/runner/.m2/repository/io/swagger/swagger-compat-spec-parser/1.0.75/swagger-compat-spec-parser-1.0.75.jar:/home/runner/.m2/repository/com/github/java-json-tools/json-schema-validator/2.2.14/json-schema-validator-2.2.14.jar:/home/runner/.m2/repository/com/github/java-json-tools/jackson-coreutils-equivalence/1.0/jackson-coreutils-equivalence-1.0.jar:/home/runner/.m2/repository/com/github/java-json-tools/json-schema-core/1.2.14/json-schema-core-1.2.14.jar:/home/runner/.m2/repository/com/github/java-json-tools/uri-template/0.10/uri-template-0.10.jar:/home/runner/.m2/repository/com/googlecode/libphonenumber/libphonenumber/8.11.1/libphonenumber-8.11.1.jar:/home/runner/.m2/repository/com/j2html/j2html/1.6.0/j2html-1.6.0.jar:/home/runner/.m2/repository/org/apache/commons/commons-collections4/4.5.0/commons-collections4-4.5.0.jar:/home/runner/.m2/repository/org/slf4j/jcl-over-slf4j/2.0.17/jcl-over-slf4j-2.0.17.jar:/home/runner/.m2/repository/io/swagger/parser/v3/swagger-parser-v3/2.1.31/swagger-parser-v3-2.1.31.jar:/home/runner/.m2/repository/io/swagger/core/v3/swagger-models/2.2.34/swagger-models-2.2.34.jar:/home/runner/.m2/repository/io/swagger/core/v3/swagger-core/2.2.34/swagger-core-2.2.34.jar:/home/runner/.m2/repository/io/swagger/parser/v3/swagger-parser-core/2.1.31/swagger-parser-core-2.1.31.jar:/home/runner/.m2/repository/io/swagger/parser/v3/swagger-parser-safe-url-resolver/2.1.31/swagger-parser-safe-url-resolver-2.1.31.jar:/home/runner/work/apicurio-testing/apicurio-testing/clusters/ci419/namespaces/mysql/tests/integration/apicurio-registry/schema-util/wsdl/target/apicurio-registry-schema-util-wsdl-3.0.12-SNAPSHOT.jar:/home/runner/.m2/repository/wsdl4j/wsdl4j/1.6.3/wsdl4j-1.6.3.jar:/home/runner/work/apicurio-testing/apicurio-testing/clusters/ci419/namespaces/mysql/tests/integration/apicurio-registry/schema-util/xml/target/apicurio-registry-schema-util-xml-3.0.12-SNAPSHOT.jar:/home/runner/.m2/repository/org/apache/santuario/xmlsec/4.0.4/xmlsec-4.0.4.jar:/home/runner/.m2/repository/com/fasterxml/woodstox/woodstox-core/7.1.1/woodstox-core-7.1.1.jar:/home/runner/.m2/repository/org/codehaus/woodstox/stax2-api/4.2.2/stax2-api-4.2.2.jar:/home/runner/work/apicurio-testing/apicurio-testing/clusters/ci419/namespaces/mysql/tests/integration/apicurio-registry/schema-util/xsd/target/apicurio-registry-schema-util-xsd-3.0.12-SNAPSHOT.jar:/home/runner/work/apicurio-testing/apicurio-testing/clusters/ci419/namespaces/mysql/tests/integration/apicurio-registry/serdes/kafka/jsonschema-serde/target/apicurio-registry-jsonschema-serde-kafka-3.0.12-SNAPSHOT.jar:/home/runner/work/apicurio-testing/apicurio-testing/clusters/ci419/namespaces/mysql/tests/integration/apicurio-registry/serdes/kafka/serde-kafka-common/target/apicurio-registry-serde-kafka-common-3.0.12-SNAPSHOT.jar:/home/runner/work/apicurio-testing/apicurio-testing/clusters/ci419/namespaces/mysql/tests/integration/apicurio-registry/serdes/generic/serde-common/target/apicurio-registry-serde-common-3.0.12-SNAPSHOT.jar:/home/runner/work/apicurio-testing/apicurio-testing/clusters/ci419/namespaces/mysql/tests/integration/apicurio-registry/serdes/generic/serde-common-jsonschema/target/apicurio-registry-serde-common-jsonschema-3.0.12-SNAPSHOT.jar:/home/runner/.m2/repository/org/json/json/20250107/json-20250107.jar:/home/runner/work/apicurio-testing/apicurio-testing/clusters/ci419/namespaces/mysql/tests/integration/apicurio-registry/serdes/kafka/avro-serde/target/apicurio-registry-avro-serde-kafka-3.0.12-SNAPSHOT.jar:/home/runner/work/apicurio-testing/apicurio-testing/clusters/ci419/namespaces/mysql/tests/integration/apicurio-registry/serdes/generic/serde-common-avro/target/apicurio-registry-serde-common-avro-3.0.12-SNAPSHOT.jar:/home/runner/work/apicurio-testing/apicurio-testing/clusters/ci419/namespaces/mysql/tests/integration/apicurio-registry/serdes/kafka/protobuf-serde/target/apicurio-registry-protobuf-serde-kafka-3.0.12-SNAPSHOT.jar:/home/runner/work/apicurio-testing/apicurio-testing/clusters/ci419/namespaces/mysql/tests/integration/apicurio-registry/serdes/generic/serde-common-protobuf/target/apicurio-registry-serde-common-protobuf-3.0.12-SNAPSHOT.jar:/home/runner/.m2/repository/com/squareup/wire/wire-schema/5.3.3/wire-schema-5.3.3.jar:/home/runner/.m2/repository/com/squareup/wire/wire-runtime/5.3.3/wire-runtime-5.3.3.jar:/home/runner/work/apicurio-testing/apicurio-testing/clusters/ci419/namespaces/mysql/tests/integration/apicurio-registry/serdes/pulsar/avro-serde/target/apicurio-registry-avro-serde-pulsar-3.0.12-SNAPSHOT.jar:/home/runner/.m2/repository/org/apache/pulsar/pulsar-functions-api/3.3.8/pulsar-functions-api-3.3.8.jar:/home/runner/work/apicurio-testing/apicurio-testing/clusters/ci419/namespaces/mysql/tests/integration/apicurio-registry/serdes/nats/avro-serde/target/apicurio-registry-avro-serde-nats-3.0.12-SNAPSHOT.jar:/home/runner/.m2/repository/io/nats/jnats/2.21.4/jnats-2.21.4.jar:/home/runner/.m2/repository/org/bouncycastle/bcprov-lts8on/2.73.7/bcprov-lts8on-2.73.7.jar:/home/runner/.m2/repository/org/jetbrains/annotations/26.0.2/annotations-26.0.2.jar:/home/runner/work/apicurio-testing/apicurio-testing/clusters/ci419/namespaces/mysql/tests/integration/apicurio-registry/utils/converter/target/apicurio-registry-utils-converter-3.0.12-SNAPSHOT.jar:/home/runner/work/apicurio-testing/apicurio-testing/clusters/ci419/namespaces/mysql/tests/integration/apicurio-registry/schema-resolver/target/apicurio-registry-schema-resolver-3.0.12-SNAPSHOT.jar:/home/runner/.m2/repository/org/apache/kafka/connect-api/3.9.1/connect-api-3.9.1.jar:/home/runner/.m2/repository/javax/ws/rs/javax.ws.rs-api/2.1.1/javax.ws.rs-api-2.1.1.jar:/home/runner/.m2/repository/org/apache/kafka/connect-json/3.9.1/connect-json-3.9.1.jar:/home/runner/.m2/repository/com/fasterxml/jackson/datatype/jackson-datatype-jdk8/2.18.2/jackson-datatype-jdk8-2.18.2.jar:/home/runner/.m2/repository/com/fasterxml/jackson/module/jackson-module-afterburner/2.18.2/jackson-module-afterburner-2.18.2.jar:/home/runner/work/apicurio-testing/apicurio-testing/clusters/ci419/namespaces/mysql/tests/integration/apicurio-registry/utils/kafka/target/apicurio-registry-utils-kafka-3.0.12-SNAPSHOT.jar:/home/runner/.m2/repository/org/apache/pulsar/pulsar-client/3.3.8/pulsar-client-3.3.8.jar:/home/runner/.m2/repository/org/apache/pulsar/pulsar-client-api/3.3.8/pulsar-client-api-3.3.8.jar:/home/runner/.m2/repository/org/apache/pulsar/pulsar-client-admin-api/3.3.8/pulsar-client-admin-api-3.3.8.jar:/home/runner/.m2/repository/org/apache/pulsar/bouncy-castle-bc/3.3.8/bouncy-castle-bc-3.3.8-pkg.jar:/home/runner/.m2/repository/org/bouncycastle/bcpkix-jdk18on/1.81/bcpkix-jdk18on-1.81.jar:/home/runner/.m2/repository/org/bouncycastle/bcutil-jdk18on/1.81/bcutil-jdk18on-1.81.jar:/home/runner/.m2/repository/org/bouncycastle/bcprov-jdk18on/1.81/bcprov-jdk18on-1.81.jar:/home/runner/.m2/repository/io/opentelemetry/opentelemetry-api/1.44.1/opentelemetry-api-1.44.1.jar:/home/runner/.m2/repository/io/opentelemetry/opentelemetry-context/1.44.1/opentelemetry-context-1.44.1.jar:/home/runner/.m2/repository/io/opentelemetry/opentelemetry-api-incubator/1.44.1-alpha/opentelemetry-api-incubator-1.44.1-alpha.jar:/home/runner/.m2/repository/com/fasterxml/jackson/core/jackson-annotations/2.18.2/jackson-annotations-2.18.2.jar:/home/runner/.m2/repository/javax/validation/validation-api/1.1.0.Final/validation-api-1.1.0.Final.jar:/home/runner/.m2/repository/org/jspecify/jspecify/1.0.0/jspecify-1.0.0.jar:/home/runner/.m2/repository/org/apache/commons/commons-configuration2/2.12.0/commons-configuration2-2.12.0.jar:/home/runner/.m2/repository/commons-logging/commons-logging/1.3.5/commons-logging-1.3.5.jar:/home/runner/.m2/repository/org/apache/commons/commons-text/1.13.0/commons-text-1.13.0.jar:/home/runner/.m2/repository/io/confluent/kafka-avro-serializer/8.0.0/kafka-avro-serializer-8.0.0.jar:/home/runner/.m2/repository/org/apache/commons/commons-compress/1.27.1/commons-compress-1.27.1.jar:/home/runner/.m2/repository/io/confluent/kafka-schema-serializer/8.0.0/kafka-schema-serializer-8.0.0.jar:/home/runner/.m2/repository/com/fasterxml/jackson/dataformat/jackson-dataformat-csv/2.18.2/jackson-dataformat-csv-2.18.2.jar:/home/runner/.m2/repository/io/confluent/kafka-schema-registry-client/8.0.0/kafka-schema-registry-client-8.0.0.jar:/home/runner/.m2/repository/org/yaml/snakeyaml/2.3/snakeyaml-2.3.jar:/home/runner/.m2/repository/io/swagger/core/v3/swagger-annotations/2.2.29/swagger-annotations-2.2.29.jar:/home/runner/.m2/repository/com/google/guava/guava/33.4.0-jre/guava-33.4.0-jre.jar:/home/runner/.m2/repository/com/google/guava/failureaccess/1.0.1/failureaccess-1.0.1.jar:/home/runner/.m2/repository/org/checkerframework/checker-qual/3.49.0/checker-qual-3.49.0.jar:/home/runner/.m2/repository/io/confluent/logredactor/1.0.13/logredactor-1.0.13.jar:/home/runner/.m2/repository/com/google/re2j/re2j/1.6/re2j-1.6.jar:/home/runner/.m2/repository/io/confluent/logredactor-metrics/1.0.13/logredactor-metrics-1.0.13.jar:/home/runner/.m2/repository/com/eclipsesource/minimal-json/minimal-json/0.9.5/minimal-json-0.9.5.jar:/home/runner/.m2/repository/io/confluent/common-utils/8.0.0/common-utils-8.0.0.jar:/home/runner/.m2/repository/io/confluent/kafka-connect-avro-converter/8.0.0/kafka-connect-avro-converter-8.0.0.jar:/home/runner/.m2/repository/io/confluent/kafka-connect-avro-data/8.0.0/kafka-connect-avro-data-8.0.0.jar:/home/runner/.m2/repository/io/confluent/kafka-schema-converter/8.0.0/kafka-schema-converter-8.0.0.jar:/home/runner/.m2/repository/io/rest-assured/rest-assured/5.5.1/rest-assured-5.5.1.jar:/home/runner/.m2/repository/org/apache/groovy/groovy/4.0.22/groovy-4.0.22.jar:/home/runner/.m2/repository/org/apache/groovy/groovy-xml/4.0.22/groovy-xml-4.0.22.jar:/home/runner/.m2/repository/org/apache/httpcomponents/httpclient/4.5.14/httpclient-4.5.14.jar:/home/runner/.m2/repository/org/apache/httpcomponents/httpcore/4.4.16/httpcore-4.4.16.jar:/home/runner/.m2/repository/org/apache/httpcomponents/httpmime/4.5.14/httpmime-4.5.14.jar:/home/runner/.m2/repository/org/hamcrest/hamcrest/2.2/hamcrest-2.2.jar:/home/runner/.m2/repository/org/ccil/cowan/tagsoup/tagsoup/1.2.1/tagsoup-1.2.1.jar:/home/runner/.m2/repository/io/rest-assured/json-path/5.5.1/json-path-5.5.1.jar:/home/runner/.m2/repository/org/apache/groovy/groovy-json/4.0.22/groovy-json-4.0.22.jar:/home/runner/.m2/repository/io/rest-assured/rest-assured-common/5.5.1/rest-assured-common-5.5.1.jar:/home/runner/.m2/repository/io/rest-assured/xml-path/5.5.1/xml-path-5.5.1.jar:/home/runner/.m2/repository/io/zonky/test/embedded-postgres/2.1.0/embedded-postgres-2.1.0.jar:/home/runner/.m2/repository/io/zonky/test/postgres/embedded-postgres-binaries-windows-amd64/14.15.0/embedded-postgres-binaries-windows-amd64-14.15.0.jar:/home/runner/.m2/repository/io/zonky/test/postgres/embedded-postgres-binaries-darwin-amd64/14.15.0/embedded-postgres-binaries-darwin-amd64-14.15.0.jar:/home/runner/.m2/repository/io/zonky/test/postgres/embedded-postgres-binaries-linux-amd64/14.15.0/embedded-postgres-binaries-linux-amd64-14.15.0.jar:/home/runner/.m2/repository/io/zonky/test/postgres/embedded-postgres-binaries-linux-amd64-alpine/14.15.0/embedded-postgres-binaries-linux-amd64-alpine-14.15.0.jar:/home/runner/.m2/repository/org/apache/commons/commons-lang3/3.17.0/commons-lang3-3.17.0.jar:/home/runner/.m2/repository/org/tukaani/xz/1.10/xz-1.10.jar:/home/runner/.m2/repository/commons-codec/commons-codec/1.19.0/commons-codec-1.19.0.jar:/home/runner/.m2/repository/org/postgresql/postgresql/42.7.7/postgresql-42.7.7.jar:/home/runner/.m2/repository/commons-io/commons-io/2.18.0/commons-io-2.18.0.jar:/home/runner/work/apicurio-testing/apicurio-testing/clusters/ci419/namespaces/mysql/tests/integration/apicurio-registry/utils/importexport/target/apicurio-registry-utils-import-export-3.0.12-SNAPSHOT.jar:/home/runner/.m2/repository/io/vertx/vertx-core/4.5.16/vertx-core-4.5.16.jar:/home/runner/.m2/repository/io/netty/netty-common/4.1.121.Final/netty-common-4.1.121.Final.jar:/home/runner/.m2/repository/io/netty/netty-buffer/4.1.121.Final/netty-buffer-4.1.121.Final.jar:/home/runner/.m2/repository/io/netty/netty-transport/4.1.121.Final/netty-transport-4.1.121.Final.jar:/home/runner/.m2/repository/io/netty/netty-handler/4.1.121.Final/netty-handler-4.1.121.Final.jar:/home/runner/.m2/repository/io/netty/netty-transport-native-unix-common/4.1.121.Final/netty-transport-native-unix-common-4.1.121.Final.jar:/home/runner/.m2/repository/io/netty/netty-codec/4.1.121.Final/netty-codec-4.1.121.Final.jar:/home/runner/.m2/repository/io/netty/netty-handler-proxy/4.1.121.Final/netty-handler-proxy-4.1.121.Final.jar:/home/runner/.m2/repository/io/netty/netty-codec-socks/4.1.121.Final/netty-codec-socks-4.1.121.Final.jar:/home/runner/.m2/repository/io/netty/netty-codec-http/4.1.121.Final/netty-codec-http-4.1.121.Final.jar:/home/runner/.m2/repository/io/netty/netty-codec-http2/4.1.121.Final/netty-codec-http2-4.1.121.Final.jar:/home/runner/.m2/repository/io/netty/netty-resolver/4.1.121.Final/netty-resolver-4.1.121.Final.jar:/home/runner/.m2/repository/io/netty/netty-resolver-dns/4.1.121.Final/netty-resolver-dns-4.1.121.Final.jar:/home/runner/.m2/repository/io/netty/netty-codec-dns/4.1.121.Final/netty-codec-dns-4.1.121.Final.jar:/home/runner/.m2/repository/com/fasterxml/jackson/core/jackson-core/2.18.2/jackson-core-2.18.2.jar:"/>
    <property name="java.vm.vendor" value="Eclipse Adoptium"/>
    <property name="maven.javadoc.skip" value="true"/>
    <property name="sun.arch.data.model" value="64"/>
    <property name="java.vendor.url" value="https://adoptium.net/"/>
    <property name="user.timezone" value="Etc/UTC"/>
    <property name="os.name" value="Linux"/>
    <property name="java.vm.specification.version" value="17"/>
    <property name="sun.java.launcher" value="SUN_STANDARD"/>
    <property name="quarkus.http.test-port" value="80"/>
    <property name="sun.boot.library.path" value="/usr/lib/jvm/temurin-17-jdk-amd64/lib"/>
    <property name="sun.java.command" value="/home/runner/work/apicurio-testing/apicurio-testing/clusters/ci419/namespaces/mysql/tests/integration/apicurio-registry/integration-tests/target/surefire/surefirebooter-20250806153650939_3.jar /home/runner/work/apicurio-testing/apicurio-testing/clusters/ci419/namespaces/mysql/tests/integration/apicurio-registry/integration-tests/target/surefire 2025-08-06T15-36-50_835-jvmRun1 surefire-20250806153650939_1tmp surefire_0-20250806153650939_2tmp"/>
    <property name="maven.home" value="/home/runner/.m2/wrapper/dists/apache-maven-3.9.8-bin/4fnp1ql35bgk2a0p7m31ovbgb0/apache-maven-3.9.8"/>
    <property name="jdk.debug" value="release"/>
    <property name="surefire.test.class.path" value="/home/runner/work/apicurio-testing/apicurio-testing/clusters/ci419/namespaces/mysql/tests/integration/apicurio-registry/integration-tests/target/test-classes:/home/runner/work/apicurio-testing/apicurio-testing/clusters/ci419/namespaces/mysql/tests/integration/apicurio-registry/integration-tests/target/apicurio-registry-integration-tests-3.0.12-SNAPSHOT.jar:/home/runner/.m2/repository/io/quarkus/quarkus-junit5/3.20.2/quarkus-junit5-3.20.2.jar:/home/runner/.m2/repository/io/quarkus/quarkus-bootstrap-core/3.20.2/quarkus-bootstrap-core-3.20.2.jar:/home/runner/.m2/repository/io/quarkus/quarkus-classloader-commons/3.20.2/quarkus-classloader-commons-3.20.2.jar:/home/runner/.m2/repository/io/quarkus/quarkus-bootstrap-app-model/3.20.2/quarkus-bootstrap-app-model-3.20.2.jar:/home/runner/.m2/repository/io/smallrye/common/smallrye-common-io/2.12.0/smallrye-common-io-2.12.0.jar:/home/runner/.m2/repository/org/eclipse/sisu/org.eclipse.sisu.inject/0.9.0.M3/org.eclipse.sisu.inject-0.9.0.M3.jar:/home/runner/.m2/repository/io/quarkus/quarkus-test-common/3.20.2/quarkus-test-common-3.20.2.jar:/home/runner/.m2/repository/io/quarkus/quarkus-core-deployment/3.20.2/quarkus-core-deployment-3.20.2.jar:/home/runner/.m2/repository/org/aesh/readline/2.6/readline-2.6.jar:/home/runner/.m2/repository/org/fusesource/jansi/jansi/2.4.0/jansi-2.4.0.jar:/home/runner/.m2/repository/org/aesh/aesh/2.8.2/aesh-2.8.2.jar:/home/runner/.m2/repository/io/quarkus/gizmo/gizmo/1.8.0/gizmo-1.8.0.jar:/home/runner/.m2/repository/org/ow2/asm/asm-util/9.7.1/asm-util-9.7.1.jar:/home/runner/.m2/repository/org/ow2/asm/asm-analysis/9.7.1/asm-analysis-9.7.1.jar:/home/runner/.m2/repository/org/ow2/asm/asm-commons/9.7.1/asm-commons-9.7.1.jar:/home/runner/.m2/repository/org/ow2/asm/asm-tree/9.7.1/asm-tree-9.7.1.jar:/home/runner/.m2/repository/io/quarkus/quarkus-hibernate-validator-spi/3.20.2/quarkus-hibernate-validator-spi-3.20.2.jar:/home/runner/.m2/repository/io/quarkus/quarkus-class-change-agent/3.20.2/quarkus-class-change-agent-3.20.2.jar:/home/runner/.m2/repository/io/quarkus/quarkus-devtools-utilities/3.20.2/quarkus-devtools-utilities-3.20.2.jar:/home/runner/.m2/repository/io/quarkus/quarkus-builder/3.20.2/quarkus-builder-3.20.2.jar:/home/runner/.m2/repository/org/graalvm/sdk/nativeimage/23.1.2/nativeimage-23.1.2.jar:/home/runner/.m2/repository/org/graalvm/sdk/word/23.1.2/word-23.1.2.jar:/home/runner/.m2/repository/io/quarkus/quarkus-bootstrap-maven-resolver/3.20.2/quarkus-bootstrap-maven-resolver-3.20.2.jar:/home/runner/.m2/repository/io/smallrye/beanbag/smallrye-beanbag-maven/1.5.2/smallrye-beanbag-maven-1.5.2.jar:/home/runner/.m2/repository/io/smallrye/beanbag/smallrye-beanbag-sisu/1.5.2/smallrye-beanbag-sisu-1.5.2.jar:/home/runner/.m2/repository/io/smallrye/beanbag/smallrye-beanbag/1.5.2/smallrye-beanbag-1.5.2.jar:/home/runner/.m2/repository/javax/inject/javax.inject/1/javax.inject-1.jar:/home/runner/.m2/repository/org/apache/maven/maven-artifact/3.9.9/maven-artifact-3.9.9.jar:/home/runner/.m2/repository/org/apache/maven/maven-builder-support/3.9.9/maven-builder-support-3.9.9.jar:/home/runner/.m2/repository/org/apache/maven/maven-model/3.9.9/maven-model-3.9.9.jar:/home/runner/.m2/repository/org/apache/maven/maven-model-builder/3.9.9/maven-model-builder-3.9.9.jar:/home/runner/.m2/repository/org/apache/maven/maven-repository-metadata/3.9.9/maven-repository-metadata-3.9.9.jar:/home/runner/.m2/repository/org/apache/maven/maven-settings/3.9.9/maven-settings-3.9.9.jar:/home/runner/.m2/repository/org/apache/maven/resolver/maven-resolver-api/1.9.22/maven-resolver-api-1.9.22.jar:/home/runner/.m2/repository/org/apache/maven/resolver/maven-resolver-impl/1.9.22/maven-resolver-impl-1.9.22.jar:/home/runner/.m2/repository/org/apache/maven/resolver/maven-resolver-named-locks/1.9.22/maven-resolver-named-locks-1.9.22.jar:/home/runner/.m2/repository/org/apache/maven/resolver/maven-resolver-spi/1.9.22/maven-resolver-spi-1.9.22.jar:/home/runner/.m2/repository/org/apache/maven/resolver/maven-resolver-util/1.9.22/maven-resolver-util-1.9.22.jar:/home/runner/.m2/repository/org/apache/maven/resolver/maven-resolver-transport-http/1.9.20/maven-resolver-transport-http-1.9.20.jar:/home/runner/.m2/repository/org/apache/maven/wagon/wagon-provider-api/3.5.3/wagon-provider-api-3.5.3.jar:/home/runner/.m2/repository/org/apache/maven/wagon/wagon-http-shared/3.5.3/wagon-http-shared-3.5.3.jar:/home/runner/.m2/repository/org/codehaus/plexus/plexus-interpolation/1.26/plexus-interpolation-1.26.jar:/home/runner/.m2/repository/org/codehaus/plexus/plexus-utils/3.5.1/plexus-utils-3.5.1.jar:/home/runner/.m2/repository/org/codehaus/plexus/plexus-xml/4.0.1/plexus-xml-4.0.1.jar:/home/runner/.m2/repository/org/apache/maven/maven-xml-impl/4.0.0-alpha-5/maven-xml-impl-4.0.0-alpha-5.jar:/home/runner/.m2/repository/org/apache/maven/maven-api-xml/4.0.0-alpha-5/maven-api-xml-4.0.0-alpha-5.jar:/home/runner/.m2/repository/org/apache/maven/maven-api-meta/4.0.0-alpha-5/maven-api-meta-4.0.0-alpha-5.jar:/home/runner/.m2/repository/org/codehaus/plexus/plexus-cipher/2.0/plexus-cipher-2.0.jar:/home/runner/.m2/repository/org/codehaus/plexus/plexus-sec-dispatcher/2.0/plexus-sec-dispatcher-2.0.jar:/home/runner/.m2/repository/org/apache/maven/maven-embedder/3.9.9/maven-embedder-3.9.9.jar:/home/runner/.m2/repository/org/apache/maven/maven-core/3.9.9/maven-core-3.9.9.jar:/home/runner/.m2/repository/org/codehaus/plexus/plexus-component-annotations/2.1.0/plexus-component-annotations-2.1.0.jar:/home/runner/.m2/repository/org/apache/maven/maven-plugin-api/3.9.9/maven-plugin-api-3.9.9.jar:/home/runner/.m2/repository/org/apache/maven/shared/maven-shared-utils/3.4.2/maven-shared-utils-3.4.2.jar:/home/runner/.m2/repository/com/google/inject/guice/5.1.0/guice-5.1.0.jar:/home/runner/.m2/repository/aopalliance/aopalliance/1.0/aopalliance-1.0.jar:/home/runner/.m2/repository/org/codehaus/plexus/plexus-classworlds/2.6.0/plexus-classworlds-2.6.0.jar:/home/runner/.m2/repository/commons-cli/commons-cli/1.8.0/commons-cli-1.8.0.jar:/home/runner/.m2/repository/org/eclipse/sisu/org.eclipse.sisu.plexus/0.9.0.M3/org.eclipse.sisu.plexus-0.9.0.M3.jar:/home/runner/.m2/repository/org/apache/maven/maven-settings-builder/3.9.9/maven-settings-builder-3.9.9.jar:/home/runner/.m2/repository/org/apache/maven/maven-resolver-provider/3.9.9/maven-resolver-provider-3.9.9.jar:/home/runner/.m2/repository/org/apache/maven/resolver/maven-resolver-connector-basic/1.9.22/maven-resolver-connector-basic-1.9.22.jar:/home/runner/.m2/repository/org/apache/maven/resolver/maven-resolver-transport-wagon/1.9.22/maven-resolver-transport-wagon-1.9.22.jar:/home/runner/.m2/repository/org/apache/maven/wagon/wagon-http/3.5.3/wagon-http-3.5.3.jar:/home/runner/.m2/repository/org/apache/maven/wagon/wagon-file/3.5.3/wagon-file-3.5.3.jar:/home/runner/.m2/repository/io/quarkus/quarkus-bootstrap-gradle-resolver/3.20.2/quarkus-bootstrap-gradle-resolver-3.20.2.jar:/home/runner/.m2/repository/io/smallrye/jandex/3.3.0/jandex-3.3.0.jar:/home/runner/.m2/repository/org/jboss/logging/commons-logging-jboss-logging/1.0.0.Final/commons-logging-jboss-logging-1.0.0.Final.jar:/home/runner/.m2/repository/io/quarkus/quarkus-junit5-config/3.20.2/quarkus-junit5-config-3.20.2.jar:/home/runner/.m2/repository/org/junit/jupiter/junit-jupiter-api/5.12.1/junit-jupiter-api-5.12.1.jar:/home/runner/.m2/repository/io/smallrye/config/smallrye-config/3.11.4/smallrye-config-3.11.4.jar:/home/runner/.m2/repository/io/smallrye/config/smallrye-config-core/3.11.4/smallrye-config-core-3.11.4.jar:/home/runner/.m2/repository/io/smallrye/common/smallrye-common-classloader/2.12.0/smallrye-common-classloader-2.12.0.jar:/home/runner/.m2/repository/io/smallrye/config/smallrye-config-common/3.11.4/smallrye-config-common-3.11.4.jar:/home/runner/.m2/repository/org/junit/jupiter/junit-jupiter/5.12.1/junit-jupiter-5.12.1.jar:/home/runner/.m2/repository/org/junit/jupiter/junit-jupiter-params/5.12.1/junit-jupiter-params-5.12.1.jar:/home/runner/.m2/repository/org/junit/jupiter/junit-jupiter-engine/5.12.1/junit-jupiter-engine-5.12.1.jar:/home/runner/.m2/repository/io/quarkus/quarkus-core/3.20.2/quarkus-core-3.20.2.jar:/home/runner/.m2/repository/jakarta/enterprise/jakarta.enterprise.cdi-api/4.1.0/jakarta.enterprise.cdi-api-4.1.0.jar:/home/runner/.m2/repository/jakarta/enterprise/jakarta.enterprise.lang-model/4.1.0/jakarta.enterprise.lang-model-4.1.0.jar:/home/runner/.m2/repository/jakarta/el/jakarta.el-api/5.0.1/jakarta.el-api-5.0.1.jar:/home/runner/.m2/repository/jakarta/interceptor/jakarta.interceptor-api/2.2.0/jakarta.interceptor-api-2.2.0.jar:/home/runner/.m2/repository/jakarta/inject/jakarta.inject-api/2.0.1/jakarta.inject-api-2.0.1.jar:/home/runner/.m2/repository/io/smallrye/common/smallrye-common-os/2.12.0/smallrye-common-os-2.12.0.jar:/home/runner/.m2/repository/io/quarkus/quarkus-ide-launcher/3.20.2/quarkus-ide-launcher-3.20.2.jar:/home/runner/.m2/repository/io/quarkus/quarkus-development-mode-spi/3.20.2/quarkus-development-mode-spi-3.20.2.jar:/home/runner/.m2/repository/org/jboss/logging/jboss-logging/3.6.1.Final/jboss-logging-3.6.1.Final.jar:/home/runner/.m2/repository/org/jboss/logmanager/jboss-logmanager/3.1.2.Final/jboss-logmanager-3.1.2.Final.jar:/home/runner/.m2/repository/io/smallrye/common/smallrye-common-constraint/2.12.0/smallrye-common-constraint-2.12.0.jar:/home/runner/.m2/repository/io/smallrye/common/smallrye-common-cpu/2.12.0/smallrye-common-cpu-2.12.0.jar:/home/runner/.m2/repository/io/smallrye/common/smallrye-common-expression/2.12.0/smallrye-common-expression-2.12.0.jar:/home/runner/.m2/repository/io/smallrye/common/smallrye-common-net/2.12.0/smallrye-common-net-2.12.0.jar:/home/runner/.m2/repository/io/smallrye/common/smallrye-common-ref/2.12.0/smallrye-common-ref-2.12.0.jar:/home/runner/.m2/repository/jakarta/json/jakarta.json-api/2.1.3/jakarta.json-api-2.1.3.jar:/home/runner/.m2/repository/org/eclipse/parsson/parsson/1.1.7/parsson-1.1.7.jar:/home/runner/.m2/repository/org/jboss/logging/jboss-logging-annotations/3.0.4.Final/jboss-logging-annotations-3.0.4.Final.jar:/home/runner/.m2/repository/org/jboss/threads/jboss-threads/3.8.0.Final/jboss-threads-3.8.0.Final.jar:/home/runner/.m2/repository/io/smallrye/common/smallrye-common-annotation/2.12.0/smallrye-common-annotation-2.12.0.jar:/home/runner/.m2/repository/io/smallrye/common/smallrye-common-function/2.12.0/smallrye-common-function-2.12.0.jar:/home/runner/.m2/repository/org/jboss/slf4j/slf4j-jboss-logmanager/2.0.0.Final/slf4j-jboss-logmanager-2.0.0.Final.jar:/home/runner/.m2/repository/org/wildfly/common/wildfly-common/2.0.1/wildfly-common-2.0.1.jar:/home/runner/.m2/repository/io/quarkus/quarkus-bootstrap-runner/3.20.2/quarkus-bootstrap-runner-3.20.2.jar:/home/runner/.m2/repository/io/github/crac/org-crac/0.1.3/org-crac-0.1.3.jar:/home/runner/.m2/repository/io/quarkus/quarkus-fs-util/0.0.10/quarkus-fs-util-0.0.10.jar:/home/runner/.m2/repository/org/jboss/marshalling/jboss-marshalling/2.2.2.Final/jboss-marshalling-2.2.2.Final.jar:/home/runner/.m2/repository/io/fabric8/kubernetes-client/7.1.0/kubernetes-client-7.1.0.jar:/home/runner/.m2/repository/io/fabric8/kubernetes-client-api/7.1.0/kubernetes-client-api-7.1.0.jar:/home/runner/.m2/repository/io/fabric8/kubernetes-model-core/7.1.0/kubernetes-model-core-7.1.0.jar:/home/runner/.m2/repository/io/fabric8/kubernetes-model-common/7.1.0/kubernetes-model-common-7.1.0.jar:/home/runner/.m2/repository/javax/annotation/javax.annotation-api/1.3.2/javax.annotation-api-1.3.2.jar:/home/runner/.m2/repository/io/fabric8/kubernetes-model-gatewayapi/7.1.0/kubernetes-model-gatewayapi-7.1.0.jar:/home/runner/.m2/repository/io/fabric8/kubernetes-model-resource/7.1.0/kubernetes-model-resource-7.1.0.jar:/home/runner/.m2/repository/io/fabric8/kubernetes-model-rbac/7.1.0/kubernetes-model-rbac-7.1.0.jar:/home/runner/.m2/repository/io/fabric8/kubernetes-model-admissionregistration/7.1.0/kubernetes-model-admissionregistration-7.1.0.jar:/home/runner/.m2/repository/io/fabric8/kubernetes-model-apps/7.1.0/kubernetes-model-apps-7.1.0.jar:/home/runner/.m2/repository/io/fabric8/kubernetes-model-autoscaling/7.1.0/kubernetes-model-autoscaling-7.1.0.jar:/home/runner/.m2/repository/io/fabric8/kubernetes-model-apiextensions/7.1.0/kubernetes-model-apiextensions-7.1.0.jar:/home/runner/.m2/repository/io/fabric8/kubernetes-model-batch/7.1.0/kubernetes-model-batch-7.1.0.jar:/home/runner/.m2/repository/io/fabric8/kubernetes-model-certificates/7.1.0/kubernetes-model-certificates-7.1.0.jar:/home/runner/.m2/repository/io/fabric8/kubernetes-model-coordination/7.1.0/kubernetes-model-coordination-7.1.0.jar:/home/runner/.m2/repository/io/fabric8/kubernetes-model-discovery/7.1.0/kubernetes-model-discovery-7.1.0.jar:/home/runner/.m2/repository/io/fabric8/kubernetes-model-events/7.1.0/kubernetes-model-events-7.1.0.jar:/home/runner/.m2/repository/io/fabric8/kubernetes-model-extensions/7.1.0/kubernetes-model-extensions-7.1.0.jar:/home/runner/.m2/repository/io/fabric8/kubernetes-model-flowcontrol/7.1.0/kubernetes-model-flowcontrol-7.1.0.jar:/home/runner/.m2/repository/io/fabric8/kubernetes-model-networking/7.1.0/kubernetes-model-networking-7.1.0.jar:/home/runner/.m2/repository/io/fabric8/kubernetes-model-metrics/7.1.0/kubernetes-model-metrics-7.1.0.jar:/home/runner/.m2/repository/io/fabric8/kubernetes-model-policy/7.1.0/kubernetes-model-policy-7.1.0.jar:/home/runner/.m2/repository/io/fabric8/kubernetes-model-scheduling/7.1.0/kubernetes-model-scheduling-7.1.0.jar:/home/runner/.m2/repository/io/fabric8/kubernetes-model-storageclass/7.1.0/kubernetes-model-storageclass-7.1.0.jar:/home/runner/.m2/repository/io/fabric8/kubernetes-model-node/7.1.0/kubernetes-model-node-7.1.0.jar:/home/runner/.m2/repository/org/snakeyaml/snakeyaml-engine/2.9/snakeyaml-engine-2.9.jar:/home/runner/.m2/repository/com/fasterxml/jackson/dataformat/jackson-dataformat-yaml/2.18.2/jackson-dataformat-yaml-2.18.2.jar:/home/runner/.m2/repository/com/fasterxml/jackson/datatype/jackson-datatype-jsr310/2.18.2/jackson-datatype-jsr310-2.18.2.jar:/home/runner/.m2/repository/io/fabric8/zjsonpatch/7.1.0/zjsonpatch-7.1.0.jar:/home/runner/.m2/repository/io/fabric8/kubernetes-httpclient-vertx/7.1.0/kubernetes-httpclient-vertx-7.1.0.jar:/home/runner/.m2/repository/io/vertx/vertx-web-client/4.5.16/vertx-web-client-4.5.16.jar:/home/runner/.m2/repository/io/vertx/vertx-web-common/4.5.16/vertx-web-common-4.5.16.jar:/home/runner/.m2/repository/io/vertx/vertx-auth-common/4.5.16/vertx-auth-common-4.5.16.jar:/home/runner/.m2/repository/io/vertx/vertx-uri-template/4.5.16/vertx-uri-template-4.5.16.jar:/home/runner/.m2/repository/io/fabric8/openshift-client/7.1.0/openshift-client-7.1.0.jar:/home/runner/.m2/repository/io/fabric8/openshift-client-api/7.1.0/openshift-client-api-7.1.0.jar:/home/runner/.m2/repository/io/fabric8/openshift-model/7.1.0/openshift-model-7.1.0.jar:/home/runner/.m2/repository/io/fabric8/openshift-model-autoscaling/7.1.0/openshift-model-autoscaling-7.1.0.jar:/home/runner/.m2/repository/io/fabric8/openshift-model-operator/7.1.0/openshift-model-operator-7.1.0.jar:/home/runner/.m2/repository/io/fabric8/openshift-model-operatorhub/7.1.0/openshift-model-operatorhub-7.1.0.jar:/home/runner/.m2/repository/io/fabric8/openshift-model-machine/7.1.0/openshift-model-machine-7.1.0.jar:/home/runner/.m2/repository/io/fabric8/openshift-model-whereabouts/7.1.0/openshift-model-whereabouts-7.1.0.jar:/home/runner/.m2/repository/io/fabric8/openshift-model-monitoring/7.1.0/openshift-model-monitoring-7.1.0.jar:/home/runner/.m2/repository/io/fabric8/openshift-model-storageversionmigrator/7.1.0/openshift-model-storageversionmigrator-7.1.0.jar:/home/runner/.m2/repository/io/fabric8/openshift-model-tuned/7.1.0/openshift-model-tuned-7.1.0.jar:/home/runner/.m2/repository/io/fabric8/openshift-model-console/7.1.0/openshift-model-console-7.1.0.jar:/home/runner/.m2/repository/io/fabric8/openshift-model-config/7.1.0/openshift-model-config-7.1.0.jar:/home/runner/.m2/repository/io/fabric8/openshift-model-machineconfiguration/7.1.0/openshift-model-machineconfiguration-7.1.0.jar:/home/runner/.m2/repository/io/fabric8/openshift-model-miscellaneous/7.1.0/openshift-model-miscellaneous-7.1.0.jar:/home/runner/.m2/repository/io/fabric8/openshift-model-hive/7.1.0/openshift-model-hive-7.1.0.jar:/home/runner/.m2/repository/io/fabric8/openshift-model-installer/7.1.0/openshift-model-installer-7.1.0.jar:/home/runner/.m2/repository/org/junit/platform/junit-platform-launcher/1.12.1/junit-platform-launcher-1.12.1.jar:/home/runner/.m2/repository/org/junit/platform/junit-platform-engine/1.12.1/junit-platform-engine-1.12.1.jar:/home/runner/.m2/repository/org/opentest4j/opentest4j/1.3.0/opentest4j-1.3.0.jar:/home/runner/.m2/repository/org/junit/platform/junit-platform-commons/1.12.1/junit-platform-commons-1.12.1.jar:/home/runner/.m2/repository/org/apiguardian/apiguardian-api/1.1.2/apiguardian-api-1.1.2.jar:/home/runner/.m2/repository/jakarta/ws/rs/jakarta.ws.rs-api/3.1.0/jakarta.ws.rs-api-3.1.0.jar:/home/runner/work/apicurio-testing/apicurio-testing/clusters/ci419/namespaces/mysql/tests/integration/apicurio-registry/java-sdk/target/apicurio-registry-java-sdk-3.0.12-SNAPSHOT.jar:/home/runner/.m2/repository/com/microsoft/kiota/microsoft-kiota-abstractions/1.8.8/microsoft-kiota-abstractions-1.8.8.jar:/home/runner/.m2/repository/io/github/std-uritemplate/std-uritemplate/2.0.0/std-uritemplate-2.0.0.jar:/home/runner/.m2/repository/io/kiota/kiota-http-jdk/0.0.29/kiota-http-jdk-0.0.29.jar:/home/runner/.m2/repository/io/kiota/kiota-http-vertx/0.0.29/kiota-http-vertx-0.0.29.jar:/home/runner/.m2/repository/io/kiota/kiota-serialization-jackson/0.0.29/kiota-serialization-jackson-0.0.29.jar:/home/runner/.m2/repository/com/microsoft/kiota/microsoft-kiota-serialization-text/1.8.8/microsoft-kiota-serialization-text-1.8.8.jar:/home/runner/.m2/repository/com/microsoft/kiota/microsoft-kiota-serialization-form/1.8.8/microsoft-kiota-serialization-form-1.8.8.jar:/home/runner/.m2/repository/com/microsoft/kiota/microsoft-kiota-serialization-multipart/1.8.8/microsoft-kiota-serialization-multipart-1.8.8.jar:/home/runner/.m2/repository/jakarta/annotation/jakarta.annotation-api/3.0.0/jakarta.annotation-api-3.0.0.jar:/home/runner/.m2/repository/io/vertx/vertx-auth-oauth2/4.5.16/vertx-auth-oauth2-4.5.16.jar:/home/runner/work/apicurio-testing/apicurio-testing/clusters/ci419/namespaces/mysql/tests/integration/apicurio-registry/java-sdk-v2/target/apicurio-registry-v2-java-sdk-3.0.12-SNAPSHOT.jar:/home/runner/work/apicurio-testing/apicurio-testing/clusters/ci419/namespaces/mysql/tests/integration/apicurio-registry/utils/kafka/target/apicurio-registry-utils-kafka-3.0.12-SNAPSHOT-tests.jar:/home/runner/.m2/repository/org/eclipse/microprofile/config/microprofile-config-api/3.1/microprofile-config-api-3.1.jar:/home/runner/.m2/repository/org/apache/kafka/kafka-clients/3.9.1/kafka-clients-3.9.1.jar:/home/runner/.m2/repository/com/github/luben/zstd-jni/1.5.6-4/zstd-jni-1.5.6-4.jar:/home/runner/.m2/repository/org/lz4/lz4-java/1.8.0/lz4-java-1.8.0.jar:/home/runner/.m2/repository/org/xerial/snappy/snappy-java/1.1.10.5/snappy-java-1.1.10.5.jar:/home/runner/.m2/repository/org/slf4j/slf4j-api/2.0.6/slf4j-api-2.0.6.jar:/home/runner/work/apicurio-testing/apicurio-testing/clusters/ci419/namespaces/mysql/tests/integration/apicurio-registry/utils/tests/target/apicurio-registry-utils-tests-3.0.12-SNAPSHOT.jar:/home/runner/work/apicurio-testing/apicurio-testing/clusters/ci419/namespaces/mysql/tests/integration/apicurio-registry/common/target/apicurio-registry-common-3.0.12-SNAPSHOT.jar:/home/runner/.m2/repository/jakarta/validation/jakarta.validation-api/3.0.2/jakarta.validation-api-3.0.2.jar:/home/runner/.m2/repository/com/github/dasniko/testcontainers-keycloak/3.8.0/testcontainers-keycloak-3.8.0.jar:/home/runner/.m2/repository/org/testcontainers/testcontainers/1.20.6/testcontainers-1.20.6.jar:/home/runner/.m2/repository/org/rnorth/duct-tape/duct-tape/1.0.8/duct-tape-1.0.8.jar:/home/runner/.m2/repository/com/github/docker-java/docker-java-transport-zerodep/3.4.1/docker-java-transport-zerodep-3.4.1.jar:/home/runner/.m2/repository/com/github/docker-java/docker-java-transport/3.4.1/docker-java-transport-3.4.1.jar:/home/runner/.m2/repository/net/java/dev/jna/jna/5.8.0/jna-5.8.0.jar:/home/runner/.m2/repository/io/quarkus/quarkus-junit4-mock/3.20.2/quarkus-junit4-mock-3.20.2.jar:/home/runner/.m2/repository/org/jboss/shrinkwrap/shrinkwrap-api/2.0.0-beta-2/shrinkwrap-api-2.0.0-beta-2.jar:/home/runner/.m2/repository/org/jboss/shrinkwrap/shrinkwrap-impl-base/2.0.0-beta-2/shrinkwrap-impl-base-2.0.0-beta-2.jar:/home/runner/.m2/repository/org/jboss/shrinkwrap/shrinkwrap-spi/2.0.0-beta-2/shrinkwrap-spi-2.0.0-beta-2.jar:/home/runner/.m2/repository/org/keycloak/keycloak-admin-client/26.0.4/keycloak-admin-client-26.0.4.jar:/home/runner/.m2/repository/org/keycloak/keycloak-client-common-synced/26.0.4/keycloak-client-common-synced-26.0.4.jar:/home/runner/.m2/repository/jakarta/activation/jakarta.activation-api/2.1.3/jakarta.activation-api-2.1.3.jar:/home/runner/.m2/repository/org/eclipse/microprofile/openapi/microprofile-openapi-api/4.0.2/microprofile-openapi-api-4.0.2.jar:/home/runner/.m2/repository/org/jboss/resteasy/resteasy-client/6.2.12.Final/resteasy-client-6.2.12.Final.jar:/home/runner/.m2/repository/org/jboss/resteasy/resteasy-client-api/6.2.12.Final/resteasy-client-api-6.2.12.Final.jar:/home/runner/.m2/repository/org/jboss/resteasy/resteasy-core-spi/6.2.12.Final/resteasy-core-spi-6.2.12.Final.jar:/home/runner/.m2/repository/org/jboss/resteasy/resteasy-core/6.2.12.Final/resteasy-core-6.2.12.Final.jar:/home/runner/.m2/repository/org/eclipse/angus/angus-activation/2.0.2/angus-activation-2.0.2.jar:/home/runner/.m2/repository/com/ibm/async/asyncutil/0.1.0/asyncutil-0.1.0.jar:/home/runner/.m2/repository/org/reactivestreams/reactive-streams/1.0.4/reactive-streams-1.0.4.jar:/home/runner/.m2/repository/org/jboss/resteasy/resteasy-multipart-provider/6.2.12.Final/resteasy-multipart-provider-6.2.12.Final.jar:/home/runner/.m2/repository/jakarta/mail/jakarta.mail-api/2.1.3/jakarta.mail-api-2.1.3.jar:/home/runner/.m2/repository/org/eclipse/angus/angus-mail/2.0.3/angus-mail-2.0.3.jar:/home/runner/.m2/repository/org/apache/james/apache-mime4j-dom/0.8.12/apache-mime4j-dom-0.8.12.jar:/home/runner/.m2/repository/org/apache/james/apache-mime4j-core/0.8.12/apache-mime4j-core-0.8.12.jar:/home/runner/.m2/repository/org/apache/james/apache-mime4j-storage/0.8.12/apache-mime4j-storage-0.8.12.jar:/home/runner/.m2/repository/org/jboss/resteasy/resteasy-jackson2-provider/6.2.12.Final/resteasy-jackson2-provider-6.2.12.Final.jar:/home/runner/.m2/repository/com/fasterxml/jackson/jakarta/rs/jackson-jakarta-rs-base/2.18.2/jackson-jakarta-rs-base-2.18.2.jar:/home/runner/.m2/repository/com/fasterxml/jackson/jakarta/rs/jackson-jakarta-rs-json-provider/2.18.2/jackson-jakarta-rs-json-provider-2.18.2.jar:/home/runner/.m2/repository/com/fasterxml/jackson/module/jackson-module-jakarta-xmlbind-annotations/2.18.2/jackson-module-jakarta-xmlbind-annotations-2.18.2.jar:/home/runner/.m2/repository/com/github/java-json-tools/json-patch/1.13/json-patch-1.13.jar:/home/runner/.m2/repository/com/github/java-json-tools/msg-simple/1.2/msg-simple-1.2.jar:/home/runner/.m2/repository/com/github/java-json-tools/btf/1.3/btf-1.3.jar:/home/runner/.m2/repository/com/github/java-json-tools/jackson-coreutils/2.0/jackson-coreutils-2.0.jar:/home/runner/.m2/repository/org/jboss/resteasy/resteasy-jaxb-provider/6.2.12.Final/resteasy-jaxb-provider-6.2.12.Final.jar:/home/runner/.m2/repository/org/glassfish/jaxb/codemodel/4.0.5/codemodel-4.0.5.jar:/home/runner/.m2/repository/org/glassfish/jaxb/jaxb-core/4.0.5/jaxb-core-4.0.5.jar:/home/runner/.m2/repository/org/glassfish/jaxb/jaxb-jxc/4.0.5/jaxb-jxc-4.0.5.jar:/home/runner/.m2/repository/org/glassfish/jaxb/jaxb-runtime/4.0.5/jaxb-runtime-4.0.5.jar:/home/runner/.m2/repository/org/glassfish/jaxb/txw2/4.0.5/txw2-4.0.5.jar:/home/runner/.m2/repository/org/glassfish/jaxb/jaxb-xjc/4.0.5/jaxb-xjc-4.0.5.jar:/home/runner/.m2/repository/org/glassfish/jaxb/xsom/4.0.5/xsom-4.0.5.jar:/home/runner/.m2/repository/com/sun/istack/istack-commons-runtime/4.1.2/istack-commons-runtime-4.1.2.jar:/home/runner/.m2/repository/com/sun/istack/istack-commons-tools/4.1.2/istack-commons-tools-4.1.2.jar:/home/runner/.m2/repository/com/sun/xml/bind/external/relaxng-datatype/4.0.5/relaxng-datatype-4.0.5.jar:/home/runner/.m2/repository/com/sun/xml/bind/external/rngom/4.0.5/rngom-4.0.5.jar:/home/runner/.m2/repository/org/testcontainers/mssqlserver/1.20.6/mssqlserver-1.20.6.jar:/home/runner/.m2/repository/org/testcontainers/jdbc/1.20.6/jdbc-1.20.6.jar:/home/runner/.m2/repository/org/testcontainers/database-commons/1.20.6/database-commons-1.20.6.jar:/home/runner/.m2/repository/org/testcontainers/mysql/1.20.6/mysql-1.20.6.jar:/home/runner/.m2/repository/io/strimzi/strimzi-test-container/0.111.0/strimzi-test-container-0.111.0.jar:/home/runner/.m2/repository/org/testcontainers/toxiproxy/1.20.6/toxiproxy-1.20.6.jar:/home/runner/.m2/repository/com/github/docker-java/docker-java-api/3.4.1/docker-java-api-3.4.1.jar:/home/runner/.m2/repository/org/apache/logging/log4j/log4j-slf4j-impl/2.19.0/log4j-slf4j-impl-2.19.0.jar:/home/runner/.m2/repository/org/apache/logging/log4j/log4j-api/2.24.3/log4j-api-2.24.3.jar:/home/runner/.m2/repository/org/apache/logging/log4j/log4j-core/2.19.0/log4j-core-2.19.0.jar:/home/runner/.m2/repository/eu/rekawek/toxiproxy/toxiproxy-java/2.1.7/toxiproxy-java-2.1.7.jar:/home/runner/.m2/repository/org/testcontainers/pulsar/1.21.3/pulsar-1.21.3.jar:/home/runner/.m2/repository/io/debezium/debezium-testing-testcontainers/2.7.4.Final/debezium-testing-testcontainers-2.7.4.Final.jar:/home/runner/.m2/repository/org/testcontainers/kafka/1.20.6/kafka-1.20.6.jar:/home/runner/.m2/repository/com/squareup/okhttp3/okhttp/4.8.1/okhttp-4.8.1.jar:/home/runner/.m2/repository/com/squareup/okio/okio/3.10.2/okio-3.10.2.jar:/home/runner/.m2/repository/com/squareup/okio/okio-jvm/3.10.2/okio-jvm-3.10.2.jar:/home/runner/.m2/repository/org/jetbrains/kotlin/kotlin-stdlib/2.0.21/kotlin-stdlib-2.0.21.jar:/home/runner/.m2/repository/org/awaitility/awaitility/4.3.0/awaitility-4.3.0.jar:/home/runner/.m2/repository/org/testcontainers/mongodb/1.20.6/mongodb-1.20.6.jar:/home/runner/.m2/repository/org/testcontainers/mariadb/1.20.6/mariadb-1.20.6.jar:/home/runner/.m2/repository/org/testcontainers/oracle-xe/1.20.6/oracle-xe-1.20.6.jar:/home/runner/.m2/repository/org/testcontainers/postgresql/1.20.6/postgresql-1.20.6.jar:/home/runner/.m2/repository/org/wiremock/wiremock/3.0.1/wiremock-3.0.1.jar:/home/runner/.m2/repository/org/eclipse/jetty/jetty-server/11.0.15/jetty-server-11.0.15.jar:/home/runner/.m2/repository/org/eclipse/jetty/toolchain/jetty-jakarta-servlet-api/5.0.2/jetty-jakarta-servlet-api-5.0.2.jar:/home/runner/.m2/repository/org/eclipse/jetty/jetty-http/11.0.15/jetty-http-11.0.15.jar:/home/runner/.m2/repository/org/eclipse/jetty/jetty-io/11.0.15/jetty-io-11.0.15.jar:/home/runner/.m2/repository/org/eclipse/jetty/jetty-servlet/11.0.15/jetty-servlet-11.0.15.jar:/home/runner/.m2/repository/org/eclipse/jetty/jetty-security/11.0.15/jetty-security-11.0.15.jar:/home/runner/.m2/repository/org/eclipse/jetty/jetty-servlets/11.0.15/jetty-servlets-11.0.15.jar:/home/runner/.m2/repository/org/eclipse/jetty/jetty-util/11.0.15/jetty-util-11.0.15.jar:/home/runner/.m2/repository/org/eclipse/jetty/jetty-webapp/11.0.15/jetty-webapp-11.0.15.jar:/home/runner/.m2/repository/org/eclipse/jetty/jetty-xml/11.0.15/jetty-xml-11.0.15.jar:/home/runner/.m2/repository/org/eclipse/jetty/jetty-proxy/11.0.15/jetty-proxy-11.0.15.jar:/home/runner/.m2/repository/org/eclipse/jetty/jetty-client/11.0.15/jetty-client-11.0.15.jar:/home/runner/.m2/repository/org/eclipse/jetty/http2/http2-server/11.0.15/http2-server-11.0.15.jar:/home/runner/.m2/repository/org/eclipse/jetty/http2/http2-common/11.0.15/http2-common-11.0.15.jar:/home/runner/.m2/repository/org/eclipse/jetty/http2/http2-hpack/11.0.15/http2-hpack-11.0.15.jar:/home/runner/.m2/repository/org/eclipse/jetty/jetty-alpn-server/11.0.15/jetty-alpn-server-11.0.15.jar:/home/runner/.m2/repository/org/eclipse/jetty/jetty-alpn-java-server/11.0.15/jetty-alpn-java-server-11.0.15.jar:/home/runner/.m2/repository/org/eclipse/jetty/jetty-alpn-java-client/11.0.15/jetty-alpn-java-client-11.0.15.jar:/home/runner/.m2/repository/org/eclipse/jetty/jetty-alpn-client/11.0.15/jetty-alpn-client-11.0.15.jar:/home/runner/.m2/repository/org/apache/httpcomponents/client5/httpclient5/5.2.1/httpclient5-5.2.1.jar:/home/runner/.m2/repository/org/apache/httpcomponents/core5/httpcore5/5.2/httpcore5-5.2.jar:/home/runner/.m2/repository/org/apache/httpcomponents/core5/httpcore5-h2/5.2/httpcore5-h2-5.2.jar:/home/runner/.m2/repository/org/xmlunit/xmlunit-core/2.9.1/xmlunit-core-2.9.1.jar:/home/runner/.m2/repository/jakarta/xml/bind/jakarta.xml.bind-api/4.0.2/jakarta.xml.bind-api-4.0.2.jar:/home/runner/.m2/repository/org/xmlunit/xmlunit-legacy/2.9.1/xmlunit-legacy-2.9.1.jar:/home/runner/.m2/repository/org/xmlunit/xmlunit-placeholders/2.9.1/xmlunit-placeholders-2.9.1.jar:/home/runner/.m2/repository/net/javacrumbs/json-unit/json-unit-core/2.38.0/json-unit-core-2.38.0.jar:/home/runner/.m2/repository/org/hamcrest/hamcrest-core/2.2/hamcrest-core-2.2.jar:/home/runner/.m2/repository/com/jayway/jsonpath/json-path/2.8.0/json-path-2.8.0.jar:/home/runner/.m2/repository/net/minidev/json-smart/2.4.10/json-smart-2.4.10.jar:/home/runner/.m2/repository/net/minidev/accessors-smart/2.4.9/accessors-smart-2.4.9.jar:/home/runner/.m2/repository/org/ow2/asm/asm/9.7.1/asm-9.7.1.jar:/home/runner/.m2/repository/net/sf/jopt-simple/jopt-simple/5.0.4/jopt-simple-5.0.4.jar:/home/runner/.m2/repository/com/github/jknack/handlebars/4.3.1/handlebars-4.3.1.jar:/home/runner/.m2/repository/com/github/jknack/handlebars-helpers/4.3.1/handlebars-helpers-4.3.1.jar:/home/runner/.m2/repository/commons-fileupload/commons-fileupload/1.5/commons-fileupload-1.5.jar:/home/runner/.m2/repository/com/networknt/json-schema-validator/1.5.8/json-schema-validator-1.5.8.jar:/home/runner/.m2/repository/com/ethlo/time/itu/1.10.3/itu-1.10.3.jar:/home/runner/.m2/repository/io/quarkus/quarkus-smallrye-jwt-build/3.20.2/quarkus-smallrye-jwt-build-3.20.2.jar:/home/runner/.m2/repository/io/smallrye/smallrye-jwt-build/4.6.2/smallrye-jwt-build-4.6.2.jar:/home/runner/.m2/repository/org/eclipse/microprofile/jwt/microprofile-jwt-auth-api/2.1/microprofile-jwt-auth-api-2.1.jar:/home/runner/.m2/repository/org/bitbucket/b_c/jose4j/0.9.6/jose4j-0.9.6.jar:/home/runner/.m2/repository/io/smallrye/smallrye-jwt-common/4.6.2/smallrye-jwt-common-4.6.2.jar:/home/runner/.m2/repository/io/quarkus/quarkus-jsonp/3.20.2/quarkus-jsonp-3.20.2.jar:/home/runner/.m2/repository/io/quarkus/quarkus-arc/3.20.2/quarkus-arc-3.20.2.jar:/home/runner/.m2/repository/io/quarkus/arc/arc/3.20.2/arc-3.20.2.jar:/home/runner/.m2/repository/jakarta/transaction/jakarta.transaction-api/2.0.1/jakarta.transaction-api-2.0.1.jar:/home/runner/.m2/repository/io/smallrye/reactive/mutiny/2.9.2/mutiny-2.9.2.jar:/home/runner/.m2/repository/org/jctools/jctools-core/4.0.5/jctools-core-4.0.5.jar:/home/runner/.m2/repository/org/eclipse/microprofile/context-propagation/microprofile-context-propagation-api/1.3/microprofile-context-propagation-api-1.3.jar:/home/runner/.m2/repository/io/apicurio/apicurio-common-rest-client-common/0.1.18.Final/apicurio-common-rest-client-common-0.1.18.Final.jar:/home/runner/work/apicurio-testing/apicurio-testing/clusters/ci419/namespaces/mysql/tests/integration/apicurio-registry/utils/maven-plugin/target/apicurio-registry-maven-plugin-3.0.12-SNAPSHOT.jar:/home/runner/.m2/repository/com/fasterxml/jackson/core/jackson-databind/2.18.2/jackson-databind-2.18.2.jar:/home/runner/.m2/repository/org/apache/avro/avro/1.12.0/avro-1.12.0.jar:/home/runner/.m2/repository/com/google/protobuf/protobuf-java/4.31.1/protobuf-java-4.31.1.jar:/home/runner/.m2/repository/com/google/protobuf/protobuf-java-util/4.31.1/protobuf-java-util-4.31.1.jar:/home/runner/.m2/repository/com/google/code/findbugs/jsr305/3.0.2/jsr305-3.0.2.jar:/home/runner/.m2/repository/com/google/code/gson/gson/2.12.1/gson-2.12.1.jar:/home/runner/.m2/repository/com/google/errorprone/error_prone_annotations/2.36.0/error_prone_annotations-2.36.0.jar:/home/runner/.m2/repository/com/google/j2objc/j2objc-annotations/2.8/j2objc-annotations-2.8.jar:/home/runner/work/apicurio-testing/apicurio-testing/clusters/ci419/namespaces/mysql/tests/integration/apicurio-registry/schema-util/util-provider/target/apicurio-registry-schema-util-provider-3.0.12-SNAPSHOT.jar:/home/runner/work/apicurio-testing/apicurio-testing/clusters/ci419/namespaces/mysql/tests/integration/apicurio-registry/schema-util/common/target/apicurio-registry-schema-util-common-3.0.12-SNAPSHOT.jar:/home/runner/.m2/repository/com/fasterxml/jackson/module/jackson-module-parameter-names/2.18.2/jackson-module-parameter-names-2.18.2.jar:/home/runner/.m2/repository/com/fasterxml/jackson/datatype/jackson-datatype-json-org/2.18.2/jackson-datatype-json-org-2.18.2.jar:/home/runner/work/apicurio-testing/apicurio-testing/clusters/ci419/namespaces/mysql/tests/integration/apicurio-registry/schema-util/json/target/apicurio-registry-schema-util-json-3.0.12-SNAPSHOT.jar:/home/runner/.m2/repository/com/github/erosb/everit-json-schema/1.14.5/everit-json-schema-1.14.5.jar:/home/runner/.m2/repository/commons-validator/commons-validator/1.9.0/commons-validator-1.9.0.jar:/home/runner/.m2/repository/commons-digester/commons-digester/2.1/commons-digester-2.1.jar:/home/runner/.m2/repository/commons-collections/commons-collections/3.2.2/commons-collections-3.2.2.jar:/home/runner/.m2/repository/com/damnhandy/handy-uri-templates/2.1.8/handy-uri-templates-2.1.8.jar:/home/runner/.m2/repository/joda-time/joda-time/2.10.2/joda-time-2.10.2.jar:/home/runner/.m2/repository/com/github/erosb/json-sKema/0.20.0/json-sKema-0.20.0.jar:/home/runner/.m2/repository/io/vertx/vertx-json-schema/4.5.16/vertx-json-schema-4.5.16.jar:/home/runner/work/apicurio-testing/apicurio-testing/clusters/ci419/namespaces/mysql/tests/integration/apicurio-registry/schema-util/protobuf/target/apicurio-registry-schema-util-protobuf-3.0.12-SNAPSHOT.jar:/home/runner/work/apicurio-testing/apicurio-testing/clusters/ci419/namespaces/mysql/tests/integration/apicurio-registry/utils/protobuf-schema-utilities/target/apicurio-registry-protobuf-schema-utilities-3.0.12-SNAPSHOT.jar:/home/runner/.m2/repository/com/google/api/grpc/proto-google-common-protos/2.52.0/proto-google-common-protos-2.52.0.jar:/home/runner/.m2/repository/com/squareup/wire/wire-schema-jvm/5.3.3/wire-schema-jvm-5.3.3.jar:/home/runner/.m2/repository/com/palantir/javapoet/javapoet/0.6.0/javapoet-0.6.0.jar:/home/runner/.m2/repository/com/squareup/kotlinpoet-jvm/2.0.0/kotlinpoet-jvm-2.0.0.jar:/home/runner/.m2/repository/org/jetbrains/kotlin/kotlin-reflect/2.0.21/kotlin-reflect-2.0.21.jar:/home/runner/.m2/repository/com/squareup/wire/wire-runtime-jvm/5.3.3/wire-runtime-jvm-5.3.3.jar:/home/runner/.m2/repository/com/ibm/icu/icu4j/76.1/icu4j-76.1.jar:/home/runner/.m2/repository/com/squareup/okio/okio-fakefilesystem/3.10.2/okio-fakefilesystem-3.10.2.jar:/home/runner/.m2/repository/com/squareup/okio/okio-fakefilesystem-jvm/3.10.2/okio-fakefilesystem-jvm-3.10.2.jar:/home/runner/.m2/repository/org/jetbrains/kotlinx/kotlinx-datetime-jvm/0.6.1/kotlinx-datetime-jvm-0.6.1.jar:/home/runner/work/apicurio-testing/apicurio-testing/clusters/ci419/namespaces/mysql/tests/integration/apicurio-registry/schema-util/asyncapi/target/apicurio-registry-schema-util-asyncapi-3.0.12-SNAPSHOT.jar:/home/runner/work/apicurio-testing/apicurio-testing/clusters/ci419/namespaces/mysql/tests/integration/apicurio-registry/schema-util/avro/target/apicurio-registry-schema-util-avro-3.0.12-SNAPSHOT.jar:/home/runner/work/apicurio-testing/apicurio-testing/clusters/ci419/namespaces/mysql/tests/integration/apicurio-registry/schema-util/graphql/target/apicurio-registry-schema-util-graphql-3.0.12-SNAPSHOT.jar:/home/runner/.m2/repository/com/graphql-java/graphql-java/22.4/graphql-java-22.4.jar:/home/runner/.m2/repository/com/graphql-java/java-dataloader/3.3.0/java-dataloader-3.3.0.jar:/home/runner/work/apicurio-testing/apicurio-testing/clusters/ci419/namespaces/mysql/tests/integration/apicurio-registry/schema-util/kconnect/target/apicurio-registry-schema-util-kconnect-3.0.12-SNAPSHOT.jar:/home/runner/work/apicurio-testing/apicurio-testing/clusters/ci419/namespaces/mysql/tests/integration/apicurio-registry/schema-util/openapi/target/apicurio-registry-schema-util-openapi-3.0.12-SNAPSHOT.jar:/home/runner/.m2/repository/io/apicurio/apicurio-data-models/2.2.2/apicurio-data-models-2.2.2.jar:/home/runner/.m2/repository/org/openapitools/openapidiff/openapi-diff-core/2.1.2/openapi-diff-core-2.1.2.jar:/home/runner/.m2/repository/io/swagger/parser/v3/swagger-parser/2.1.28/swagger-parser-2.1.28.jar:/home/runner/.m2/repository/io/swagger/parser/v3/swagger-parser-v2-converter/2.1.28/swagger-parser-v2-converter-2.1.28.jar:/home/runner/.m2/repository/io/swagger/swagger-core/1.6.16/swagger-core-1.6.16.jar:/home/runner/.m2/repository/io/swagger/swagger-models/1.6.16/swagger-models-1.6.16.jar:/home/runner/.m2/repository/io/swagger/swagger-annotations/1.6.16/swagger-annotations-1.6.16.jar:/home/runner/.m2/repository/io/swagger/swagger-parser/1.0.75/swagger-parser-1.0.75.jar:/home/runner/.m2/repository/io/swagger/swagger-parser-safe-url-resolver/1.0.75/swagger-parser-safe-url-resolver-1.0.75.jar:/home/runner/.m2/repository/io/swagger/swagger-compat-spec-parser/1.0.75/swagger-compat-spec-parser-1.0.75.jar:/home/runner/.m2/repository/com/github/java-json-tools/json-schema-validator/2.2.14/json-schema-validator-2.2.14.jar:/home/runner/.m2/repository/com/github/java-json-tools/jackson-coreutils-equivalence/1.0/jackson-coreutils-equivalence-1.0.jar:/home/runner/.m2/repository/com/github/java-json-tools/json-schema-core/1.2.14/json-schema-core-1.2.14.jar:/home/runner/.m2/repository/com/github/java-json-tools/uri-template/0.10/uri-template-0.10.jar:/home/runner/.m2/repository/com/googlecode/libphonenumber/libphonenumber/8.11.1/libphonenumber-8.11.1.jar:/home/runner/.m2/repository/com/j2html/j2html/1.6.0/j2html-1.6.0.jar:/home/runner/.m2/repository/org/apache/commons/commons-collections4/4.5.0/commons-collections4-4.5.0.jar:/home/runner/.m2/repository/org/slf4j/jcl-over-slf4j/2.0.17/jcl-over-slf4j-2.0.17.jar:/home/runner/.m2/repository/io/swagger/parser/v3/swagger-parser-v3/2.1.31/swagger-parser-v3-2.1.31.jar:/home/runner/.m2/repository/io/swagger/core/v3/swagger-models/2.2.34/swagger-models-2.2.34.jar:/home/runner/.m2/repository/io/swagger/core/v3/swagger-core/2.2.34/swagger-core-2.2.34.jar:/home/runner/.m2/repository/io/swagger/parser/v3/swagger-parser-core/2.1.31/swagger-parser-core-2.1.31.jar:/home/runner/.m2/repository/io/swagger/parser/v3/swagger-parser-safe-url-resolver/2.1.31/swagger-parser-safe-url-resolver-2.1.31.jar:/home/runner/work/apicurio-testing/apicurio-testing/clusters/ci419/namespaces/mysql/tests/integration/apicurio-registry/schema-util/wsdl/target/apicurio-registry-schema-util-wsdl-3.0.12-SNAPSHOT.jar:/home/runner/.m2/repository/wsdl4j/wsdl4j/1.6.3/wsdl4j-1.6.3.jar:/home/runner/work/apicurio-testing/apicurio-testing/clusters/ci419/namespaces/mysql/tests/integration/apicurio-registry/schema-util/xml/target/apicurio-registry-schema-util-xml-3.0.12-SNAPSHOT.jar:/home/runner/.m2/repository/org/apache/santuario/xmlsec/4.0.4/xmlsec-4.0.4.jar:/home/runner/.m2/repository/com/fasterxml/woodstox/woodstox-core/7.1.1/woodstox-core-7.1.1.jar:/home/runner/.m2/repository/org/codehaus/woodstox/stax2-api/4.2.2/stax2-api-4.2.2.jar:/home/runner/work/apicurio-testing/apicurio-testing/clusters/ci419/namespaces/mysql/tests/integration/apicurio-registry/schema-util/xsd/target/apicurio-registry-schema-util-xsd-3.0.12-SNAPSHOT.jar:/home/runner/work/apicurio-testing/apicurio-testing/clusters/ci419/namespaces/mysql/tests/integration/apicurio-registry/serdes/kafka/jsonschema-serde/target/apicurio-registry-jsonschema-serde-kafka-3.0.12-SNAPSHOT.jar:/home/runner/work/apicurio-testing/apicurio-testing/clusters/ci419/namespaces/mysql/tests/integration/apicurio-registry/serdes/kafka/serde-kafka-common/target/apicurio-registry-serde-kafka-common-3.0.12-SNAPSHOT.jar:/home/runner/work/apicurio-testing/apicurio-testing/clusters/ci419/namespaces/mysql/tests/integration/apicurio-registry/serdes/generic/serde-common/target/apicurio-registry-serde-common-3.0.12-SNAPSHOT.jar:/home/runner/work/apicurio-testing/apicurio-testing/clusters/ci419/namespaces/mysql/tests/integration/apicurio-registry/serdes/generic/serde-common-jsonschema/target/apicurio-registry-serde-common-jsonschema-3.0.12-SNAPSHOT.jar:/home/runner/.m2/repository/org/json/json/20250107/json-20250107.jar:/home/runner/work/apicurio-testing/apicurio-testing/clusters/ci419/namespaces/mysql/tests/integration/apicurio-registry/serdes/kafka/avro-serde/target/apicurio-registry-avro-serde-kafka-3.0.12-SNAPSHOT.jar:/home/runner/work/apicurio-testing/apicurio-testing/clusters/ci419/namespaces/mysql/tests/integration/apicurio-registry/serdes/generic/serde-common-avro/target/apicurio-registry-serde-common-avro-3.0.12-SNAPSHOT.jar:/home/runner/work/apicurio-testing/apicurio-testing/clusters/ci419/namespaces/mysql/tests/integration/apicurio-registry/serdes/kafka/protobuf-serde/target/apicurio-registry-protobuf-serde-kafka-3.0.12-SNAPSHOT.jar:/home/runner/work/apicurio-testing/apicurio-testing/clusters/ci419/namespaces/mysql/tests/integration/apicurio-registry/serdes/generic/serde-common-protobuf/target/apicurio-registry-serde-common-protobuf-3.0.12-SNAPSHOT.jar:/home/runner/.m2/repository/com/squareup/wire/wire-schema/5.3.3/wire-schema-5.3.3.jar:/home/runner/.m2/repository/com/squareup/wire/wire-runtime/5.3.3/wire-runtime-5.3.3.jar:/home/runner/work/apicurio-testing/apicurio-testing/clusters/ci419/namespaces/mysql/tests/integration/apicurio-registry/serdes/pulsar/avro-serde/target/apicurio-registry-avro-serde-pulsar-3.0.12-SNAPSHOT.jar:/home/runner/.m2/repository/org/apache/pulsar/pulsar-functions-api/3.3.8/pulsar-functions-api-3.3.8.jar:/home/runner/work/apicurio-testing/apicurio-testing/clusters/ci419/namespaces/mysql/tests/integration/apicurio-registry/serdes/nats/avro-serde/target/apicurio-registry-avro-serde-nats-3.0.12-SNAPSHOT.jar:/home/runner/.m2/repository/io/nats/jnats/2.21.4/jnats-2.21.4.jar:/home/runner/.m2/repository/org/bouncycastle/bcprov-lts8on/2.73.7/bcprov-lts8on-2.73.7.jar:/home/runner/.m2/repository/org/jetbrains/annotations/26.0.2/annotations-26.0.2.jar:/home/runner/work/apicurio-testing/apicurio-testing/clusters/ci419/namespaces/mysql/tests/integration/apicurio-registry/utils/converter/target/apicurio-registry-utils-converter-3.0.12-SNAPSHOT.jar:/home/runner/work/apicurio-testing/apicurio-testing/clusters/ci419/namespaces/mysql/tests/integration/apicurio-registry/schema-resolver/target/apicurio-registry-schema-resolver-3.0.12-SNAPSHOT.jar:/home/runner/.m2/repository/org/apache/kafka/connect-api/3.9.1/connect-api-3.9.1.jar:/home/runner/.m2/repository/javax/ws/rs/javax.ws.rs-api/2.1.1/javax.ws.rs-api-2.1.1.jar:/home/runner/.m2/repository/org/apache/kafka/connect-json/3.9.1/connect-json-3.9.1.jar:/home/runner/.m2/repository/com/fasterxml/jackson/datatype/jackson-datatype-jdk8/2.18.2/jackson-datatype-jdk8-2.18.2.jar:/home/runner/.m2/repository/com/fasterxml/jackson/module/jackson-module-afterburner/2.18.2/jackson-module-afterburner-2.18.2.jar:/home/runner/work/apicurio-testing/apicurio-testing/clusters/ci419/namespaces/mysql/tests/integration/apicurio-registry/utils/kafka/target/apicurio-registry-utils-kafka-3.0.12-SNAPSHOT.jar:/home/runner/.m2/repository/org/apache/pulsar/pulsar-client/3.3.8/pulsar-client-3.3.8.jar:/home/runner/.m2/repository/org/apache/pulsar/pulsar-client-api/3.3.8/pulsar-client-api-3.3.8.jar:/home/runner/.m2/repository/org/apache/pulsar/pulsar-client-admin-api/3.3.8/pulsar-client-admin-api-3.3.8.jar:/home/runner/.m2/repository/org/apache/pulsar/bouncy-castle-bc/3.3.8/bouncy-castle-bc-3.3.8-pkg.jar:/home/runner/.m2/repository/org/bouncycastle/bcpkix-jdk18on/1.81/bcpkix-jdk18on-1.81.jar:/home/runner/.m2/repository/org/bouncycastle/bcutil-jdk18on/1.81/bcutil-jdk18on-1.81.jar:/home/runner/.m2/repository/org/bouncycastle/bcprov-jdk18on/1.81/bcprov-jdk18on-1.81.jar:/home/runner/.m2/repository/io/opentelemetry/opentelemetry-api/1.44.1/opentelemetry-api-1.44.1.jar:/home/runner/.m2/repository/io/opentelemetry/opentelemetry-context/1.44.1/opentelemetry-context-1.44.1.jar:/home/runner/.m2/repository/io/opentelemetry/opentelemetry-api-incubator/1.44.1-alpha/opentelemetry-api-incubator-1.44.1-alpha.jar:/home/runner/.m2/repository/com/fasterxml/jackson/core/jackson-annotations/2.18.2/jackson-annotations-2.18.2.jar:/home/runner/.m2/repository/javax/validation/validation-api/1.1.0.Final/validation-api-1.1.0.Final.jar:/home/runner/.m2/repository/org/jspecify/jspecify/1.0.0/jspecify-1.0.0.jar:/home/runner/.m2/repository/org/apache/commons/commons-configuration2/2.12.0/commons-configuration2-2.12.0.jar:/home/runner/.m2/repository/commons-logging/commons-logging/1.3.5/commons-logging-1.3.5.jar:/home/runner/.m2/repository/org/apache/commons/commons-text/1.13.0/commons-text-1.13.0.jar:/home/runner/.m2/repository/io/confluent/kafka-avro-serializer/8.0.0/kafka-avro-serializer-8.0.0.jar:/home/runner/.m2/repository/org/apache/commons/commons-compress/1.27.1/commons-compress-1.27.1.jar:/home/runner/.m2/repository/io/confluent/kafka-schema-serializer/8.0.0/kafka-schema-serializer-8.0.0.jar:/home/runner/.m2/repository/com/fasterxml/jackson/dataformat/jackson-dataformat-csv/2.18.2/jackson-dataformat-csv-2.18.2.jar:/home/runner/.m2/repository/io/confluent/kafka-schema-registry-client/8.0.0/kafka-schema-registry-client-8.0.0.jar:/home/runner/.m2/repository/org/yaml/snakeyaml/2.3/snakeyaml-2.3.jar:/home/runner/.m2/repository/io/swagger/core/v3/swagger-annotations/2.2.29/swagger-annotations-2.2.29.jar:/home/runner/.m2/repository/com/google/guava/guava/33.4.0-jre/guava-33.4.0-jre.jar:/home/runner/.m2/repository/com/google/guava/failureaccess/1.0.1/failureaccess-1.0.1.jar:/home/runner/.m2/repository/org/checkerframework/checker-qual/3.49.0/checker-qual-3.49.0.jar:/home/runner/.m2/repository/io/confluent/logredactor/1.0.13/logredactor-1.0.13.jar:/home/runner/.m2/repository/com/google/re2j/re2j/1.6/re2j-1.6.jar:/home/runner/.m2/repository/io/confluent/logredactor-metrics/1.0.13/logredactor-metrics-1.0.13.jar:/home/runner/.m2/repository/com/eclipsesource/minimal-json/minimal-json/0.9.5/minimal-json-0.9.5.jar:/home/runner/.m2/repository/io/confluent/common-utils/8.0.0/common-utils-8.0.0.jar:/home/runner/.m2/repository/io/confluent/kafka-connect-avro-converter/8.0.0/kafka-connect-avro-converter-8.0.0.jar:/home/runner/.m2/repository/io/confluent/kafka-connect-avro-data/8.0.0/kafka-connect-avro-data-8.0.0.jar:/home/runner/.m2/repository/io/confluent/kafka-schema-converter/8.0.0/kafka-schema-converter-8.0.0.jar:/home/runner/.m2/repository/io/rest-assured/rest-assured/5.5.1/rest-assured-5.5.1.jar:/home/runner/.m2/repository/org/apache/groovy/groovy/4.0.22/groovy-4.0.22.jar:/home/runner/.m2/repository/org/apache/groovy/groovy-xml/4.0.22/groovy-xml-4.0.22.jar:/home/runner/.m2/repository/org/apache/httpcomponents/httpclient/4.5.14/httpclient-4.5.14.jar:/home/runner/.m2/repository/org/apache/httpcomponents/httpcore/4.4.16/httpcore-4.4.16.jar:/home/runner/.m2/repository/org/apache/httpcomponents/httpmime/4.5.14/httpmime-4.5.14.jar:/home/runner/.m2/repository/org/hamcrest/hamcrest/2.2/hamcrest-2.2.jar:/home/runner/.m2/repository/org/ccil/cowan/tagsoup/tagsoup/1.2.1/tagsoup-1.2.1.jar:/home/runner/.m2/repository/io/rest-assured/json-path/5.5.1/json-path-5.5.1.jar:/home/runner/.m2/repository/org/apache/groovy/groovy-json/4.0.22/groovy-json-4.0.22.jar:/home/runner/.m2/repository/io/rest-assured/rest-assured-common/5.5.1/rest-assured-common-5.5.1.jar:/home/runner/.m2/repository/io/rest-assured/xml-path/5.5.1/xml-path-5.5.1.jar:/home/runner/.m2/repository/io/zonky/test/embedded-postgres/2.1.0/embedded-postgres-2.1.0.jar:/home/runner/.m2/repository/io/zonky/test/postgres/embedded-postgres-binaries-windows-amd64/14.15.0/embedded-postgres-binaries-windows-amd64-14.15.0.jar:/home/runner/.m2/repository/io/zonky/test/postgres/embedded-postgres-binaries-darwin-amd64/14.15.0/embedded-postgres-binaries-darwin-amd64-14.15.0.jar:/home/runner/.m2/repository/io/zonky/test/postgres/embedded-postgres-binaries-linux-amd64/14.15.0/embedded-postgres-binaries-linux-amd64-14.15.0.jar:/home/runner/.m2/repository/io/zonky/test/postgres/embedded-postgres-binaries-linux-amd64-alpine/14.15.0/embedded-postgres-binaries-linux-amd64-alpine-14.15.0.jar:/home/runner/.m2/repository/org/apache/commons/commons-lang3/3.17.0/commons-lang3-3.17.0.jar:/home/runner/.m2/repository/org/tukaani/xz/1.10/xz-1.10.jar:/home/runner/.m2/repository/commons-codec/commons-codec/1.19.0/commons-codec-1.19.0.jar:/home/runner/.m2/repository/org/postgresql/postgresql/42.7.7/postgresql-42.7.7.jar:/home/runner/.m2/repository/commons-io/commons-io/2.18.0/commons-io-2.18.0.jar:/home/runner/work/apicurio-testing/apicurio-testing/clusters/ci419/namespaces/mysql/tests/integration/apicurio-registry/utils/importexport/target/apicurio-registry-utils-import-export-3.0.12-SNAPSHOT.jar:/home/runner/.m2/repository/io/vertx/vertx-core/4.5.16/vertx-core-4.5.16.jar:/home/runner/.m2/repository/io/netty/netty-common/4.1.121.Final/netty-common-4.1.121.Final.jar:/home/runner/.m2/repository/io/netty/netty-buffer/4.1.121.Final/netty-buffer-4.1.121.Final.jar:/home/runner/.m2/repository/io/netty/netty-transport/4.1.121.Final/netty-transport-4.1.121.Final.jar:/home/runner/.m2/repository/io/netty/netty-handler/4.1.121.Final/netty-handler-4.1.121.Final.jar:/home/runner/.m2/repository/io/netty/netty-transport-native-unix-common/4.1.121.Final/netty-transport-native-unix-common-4.1.121.Final.jar:/home/runner/.m2/repository/io/netty/netty-codec/4.1.121.Final/netty-codec-4.1.121.Final.jar:/home/runner/.m2/repository/io/netty/netty-handler-proxy/4.1.121.Final/netty-handler-proxy-4.1.121.Final.jar:/home/runner/.m2/repository/io/netty/netty-codec-socks/4.1.121.Final/netty-codec-socks-4.1.121.Final.jar:/home/runner/.m2/repository/io/netty/netty-codec-http/4.1.121.Final/netty-codec-http-4.1.121.Final.jar:/home/runner/.m2/repository/io/netty/netty-codec-http2/4.1.121.Final/netty-codec-http2-4.1.121.Final.jar:/home/runner/.m2/repository/io/netty/netty-resolver/4.1.121.Final/netty-resolver-4.1.121.Final.jar:/home/runner/.m2/repository/io/netty/netty-resolver-dns/4.1.121.Final/netty-resolver-dns-4.1.121.Final.jar:/home/runner/.m2/repository/io/netty/netty-codec-dns/4.1.121.Final/netty-codec-dns-4.1.121.Final.jar:/home/runner/.m2/repository/com/fasterxml/jackson/core/jackson-core/2.18.2/jackson-core-2.18.2.jar:"/>
    <property name="sun.cpu.endian" value="little"/>
    <property name="user.home" value="/home/runner"/>
    <property name="user.language" value="en"/>
    <property name="jboss.log-version" value="false"/>
    <property name="java.specification.vendor" value="Oracle Corporation"/>
    <property name="java.version.date" value="2025-07-15"/>
    <property name="java.home" value="/usr/lib/jvm/temurin-17-jdk-amd64"/>
    <property name="file.separator" value="/"/>
    <property name="basedir" value="/home/runner/work/apicurio-testing/apicurio-testing/clusters/ci419/namespaces/mysql/tests/integration/apicurio-registry/integration-tests"/>
    <property name="java.vm.compressedOopsMode" value="32-bit"/>
    <property name="line.separator" value="&#10;"/>
    <property name="java.specification.name" value="Java Platform API Specification"/>
    <property name="java.vm.specification.vendor" value="Oracle Corporation"/>
    <property name="quarkus.http.test-host" value="registry-app-mysql.apps.ci419.apicurio-testing.org"/>
    <property name="surefire.real.class.path" value="/home/runner/work/apicurio-testing/apicurio-testing/clusters/ci419/namespaces/mysql/tests/integration/apicurio-registry/integration-tests/target/surefire/surefirebooter-20250806153650939_3.jar"/>
    <property name="sun.management.compiler" value="HotSpot 64-Bit Tiered Compilers"/>
    <property name="org.eclipse.jetty.http.HttpGenerator.STRICT" value="true"/>
    <property name="java.runtime.version" value="17.0.16+8"/>
    <property name="user.name" value="runner"/>
    <property name="path.separator" value=":"/>
    <property name="os.version" value="6.8.0-1031-azure"/>
    <property name="java.runtime.name" value="OpenJDK Runtime Environment"/>
    <property name="file.encoding" value="UTF-8"/>
    <property name="jnidispatch.path" value="/home/runner/.cache/JNA/temp/jna1045507674671332891.tmp"/>
    <property name="java.vm.name" value="OpenJDK 64-Bit Server VM"/>
    <property name="jna.platform.library.path" value="/usr/lib/x86_64-linux-gnu:/lib/x86_64-linux-gnu:/usr/lib64:/lib64:/usr/lib:/lib:/lib32:/usr/local/lib:/usr/lib/x86_64-linux-gnu/libfakeroot"/>
    <property name="java.vendor.version" value="Temurin-17.0.16+8"/>
    <property name="quarkus.oidc.token-path" value="https://keycloak-mysql.apps.ci419.apicurio-testing.org/realms/registry/protocol/openid-connect/token"/>
    <property name="quarkus.http.host" value="registry-app-mysql.apps.ci419.apicurio-testing.org"/>
    <property name="localRepository" value="/home/runner/.m2/repository"/>
    <property name="javax.xml.xpath.XPathFactory:http://java.sun.com/jaxp/xpath/dom" value="com.sun.org.apache.xpath.internal.jaxp.XPathFactoryImpl"/>
    <property name="jna.loaded" value="true"/>
    <property name="java.vendor.url.bug" value="https://github.com/adoptium/adoptium-support/issues"/>
    <property name="jetty.git.hash" value="5bc5e562c8d05c5862505aebe5cf83a61bdbcb96"/>
    <property name="java.io.tmpdir" value="/tmp"/>
    <property name="quarkus.http.test-protocol" value="http"/>
    <property name="java.version" value="17.0.16"/>
    <property name="user.dir" value="/home/runner/work/apicurio-testing/apicurio-testing/clusters/ci419/namespaces/mysql/tests/integration/apicurio-registry/integration-tests"/>
    <property name="os.arch" value="amd64"/>
    <property name="groups" value="( smoke | serdes | acceptance | ui)"/>
    <property name="java.vm.specification.name" value="Java Virtual Machine Specification"/>
    <property name="native.encoding" value="UTF-8"/>
    <property name="java.util.logging.manager" value="org.jboss.logmanager.LogManager"/>
    <property name="java.library.path" value="/usr/java/packages/lib:/usr/lib64:/lib64:/lib:/usr/lib"/>
    <property name="jdk.console" value="java.base"/>
    <property name="java.vm.info" value="mixed mode, sharing"/>
    <property name="java.vendor" value="Eclipse Adoptium"/>
    <property name="java.vm.version" value="17.0.16+8"/>
    <property name="java.specification.maintenance.version" value="1"/>
    <property name="sun.io.unicode.encoding" value="UnicodeLittle"/>
    <property name="javax.xml.transform.TransformerFactory" value="com.sun.org.apache.xalan.internal.xsltc.trax.TransformerFactoryImpl"/>
    <property name="java.class.version" value="61.0"/>
  </properties>
  <testcase name="testSimpleTopicIdStrategyFindLatest" classname="io.apicurio.tests.serdes.apicurio.ProtobufSerdeIT" time="1.406">
    <system-out><![CDATA[**** Registry Base URL: http://registry-app-mysql.apps.ci419.apicurio-testing.org:80
**** Registry Base URL: http://registry-app-mysql.apps.ci419.apicurio-testing.org:80
2025-08-06 15:38:52,776 INFO  [io.api.tes.ser.api.ProtobufSerdeIT] (main) RestAssured configured with http://registry-app-mysql.apps.ci419.apicurio-testing.org:80/apis/registry/v3
2025-08-06 15:38:52,779 INFO  [io.api.tes.uti.KafkaFacade] (main) Skipping deployment of kafka, because it's already deployed
2025-08-06 15:38:52,837 INFO  [io.api.tes.uti.TestSeparator] (main) ############################################################################
2025-08-06 15:38:52,838 INFO  [io.api.tes.uti.TestSeparator] (main) io.apicurio.tests.serdes.apicurio.ProtobufSerdeIT.testSimpleTopicIdStrategyFindLatest-STARTED
2025-08-06 15:38:52,838 INFO  [org.apa.kaf.cli.adm.AdminClientConfig] (main) AdminClientConfig values: 
	auto.include.jmx.reporter = true
	bootstrap.controllers = []
	bootstrap.servers = [PLAINTEXT://localhost:32769]
	client.dns.lookup = use_all_dns_ips
	client.id = 
	connections.max.idle.ms = 10000
	default.api.timeout.ms = 60000
	enable.metrics.push = true
	metadata.max.age.ms = 300000
	metadata.recovery.strategy = none
	metric.reporters = []
	metrics.num.samples = 2
	metrics.recording.level = INFO
	metrics.sample.window.ms = 30000
	receive.buffer.bytes = 65536
	reconnect.backoff.max.ms = 1000
	reconnect.backoff.ms = 50
	request.timeout.ms = 5000
	retries = 2147483647
	retry.backoff.max.ms = 1000
	retry.backoff.ms = 100
	sasl.client.callback.handler.class = null
	sasl.jaas.config = null
	sasl.kerberos.kinit.cmd = /usr/bin/kinit
	sasl.kerberos.min.time.before.relogin = 60000
	sasl.kerberos.service.name = null
	sasl.kerberos.ticket.renew.jitter = 0.05
	sasl.kerberos.ticket.renew.window.factor = 0.8
	sasl.login.callback.handler.class = null
	sasl.login.class = null
	sasl.login.connect.timeout.ms = null
	sasl.login.read.timeout.ms = null
	sasl.login.refresh.buffer.seconds = 300
	sasl.login.refresh.min.period.seconds = 60
	sasl.login.refresh.window.factor = 0.8
	sasl.login.refresh.window.jitter = 0.05
	sasl.login.retry.backoff.max.ms = 10000
	sasl.login.retry.backoff.ms = 100
	sasl.mechanism = GSSAPI
	sasl.oauthbearer.clock.skew.seconds = 30
	sasl.oauthbearer.expected.audience = null
	sasl.oauthbearer.expected.issuer = null
	sasl.oauthbearer.header.urlencode = false
	sasl.oauthbearer.jwks.endpoint.refresh.ms = 3600000
	sasl.oauthbearer.jwks.endpoint.retry.backoff.max.ms = 10000
	sasl.oauthbearer.jwks.endpoint.retry.backoff.ms = 100
	sasl.oauthbearer.jwks.endpoint.url = null
	sasl.oauthbearer.scope.claim.name = scope
	sasl.oauthbearer.sub.claim.name = sub
	sasl.oauthbearer.token.endpoint.url = null
	security.protocol = PLAINTEXT
	security.providers = null
	send.buffer.bytes = 131072
	socket.connection.setup.timeout.max.ms = 30000
	socket.connection.setup.timeout.ms = 10000
	ssl.cipher.suites = null
	ssl.enabled.protocols = [TLSv1.2, TLSv1.3]
	ssl.endpoint.identification.algorithm = https
	ssl.engine.factory.class = null
	ssl.key.password = null
	ssl.keymanager.algorithm = SunX509
	ssl.keystore.certificate.chain = null
	ssl.keystore.key = null
	ssl.keystore.location = null
	ssl.keystore.password = null
	ssl.keystore.type = JKS
	ssl.protocol = TLSv1.3
	ssl.provider = null
	ssl.secure.random.implementation = null
	ssl.trustmanager.algorithm = PKIX
	ssl.truststore.certificates = null
	ssl.truststore.location = null
	ssl.truststore.password = null
	ssl.truststore.type = JKS

2025-08-06 15:38:52,839 INFO  [org.apa.kaf.com.uti.AppInfoParser] (main) Kafka version: 3.9.1
2025-08-06 15:38:52,839 INFO  [org.apa.kaf.com.uti.AppInfoParser] (main) Kafka commitId: f745dfdcee2b9851
2025-08-06 15:38:52,839 INFO  [org.apa.kaf.com.uti.AppInfoParser] (main) Kafka startTimeMs: 1754494732839
2025-08-06 15:38:54,242 INFO  [io.api.tes.uti.TestSeparator] (main) io.apicurio.tests.serdes.apicurio.ProtobufSerdeIT.testSimpleTopicIdStrategyFindLatest-FINISHED
2025-08-06 15:38:54,242 INFO  [io.api.tes.uti.TestSeparator] (main) ############################################################################
Test passed: testSimpleTopicIdStrategyFindLatest
]]></system-out>
  </testcase>
  <testcase name="testFindLatestDeriveClassProtobufTypeTopicIdStrategy" classname="io.apicurio.tests.serdes.apicurio.ProtobufSerdeIT" time="1.081">
    <system-out><![CDATA[2025-08-06 15:38:54,243 INFO  [io.api.tes.uti.TestSeparator] (main) ############################################################################
2025-08-06 15:38:54,243 INFO  [io.api.tes.uti.TestSeparator] (main) io.apicurio.tests.serdes.apicurio.ProtobufSerdeIT.testFindLatestDeriveClassProtobufTypeTopicIdStrategy-STARTED
2025-08-06 15:38:55,323 INFO  [io.api.tes.uti.TestSeparator] (main) io.apicurio.tests.serdes.apicurio.ProtobufSerdeIT.testFindLatestDeriveClassProtobufTypeTopicIdStrategy-FINISHED
2025-08-06 15:38:55,323 INFO  [io.api.tes.uti.TestSeparator] (main) ############################################################################
Test passed: testFindLatestDeriveClassProtobufTypeTopicIdStrategy
]]></system-out>
  </testcase>
  <testcase name="testWrongSchema" classname="io.apicurio.tests.serdes.apicurio.ProtobufSerdeIT" time="1.083">
    <system-out><![CDATA[2025-08-06 15:38:55,324 INFO  [io.api.tes.uti.TestSeparator] (main) ############################################################################
2025-08-06 15:38:55,324 INFO  [io.api.tes.uti.TestSeparator] (main) io.apicurio.tests.serdes.apicurio.ProtobufSerdeIT.testWrongSchema-STARTED
2025-08-06 15:38:56,405 INFO  [io.api.tes.uti.TestSeparator] (main) io.apicurio.tests.serdes.apicurio.ProtobufSerdeIT.testWrongSchema-FINISHED
2025-08-06 15:38:56,406 INFO  [io.api.tes.uti.TestSeparator] (main) ############################################################################
Test passed: testWrongSchema
]]></system-out>
  </testcase>
  <testcase name="testTopicIdStrategyAutoRegister" classname="io.apicurio.tests.serdes.apicurio.ProtobufSerdeIT" time="4.692">
    <system-out><![CDATA[2025-08-06 15:38:56,407 INFO  [io.api.tes.uti.TestSeparator] (main) ############################################################################
2025-08-06 15:38:56,407 INFO  [io.api.tes.uti.TestSeparator] (main) io.apicurio.tests.serdes.apicurio.ProtobufSerdeIT.testTopicIdStrategyAutoRegister-STARTED
**** Registry Base URL: http://registry-app-mysql.apps.ci419.apicurio-testing.org:80
2025-08-06 15:38:56,409 INFO  [org.apa.kaf.cli.pro.ProducerConfig] (main) ProducerConfig values: 
	acks = -1
	auto.include.jmx.reporter = true
	batch.size = 16384
	bootstrap.servers = [PLAINTEXT://localhost:32769]
	buffer.memory = 33554432
	client.dns.lookup = use_all_dns_ips
	client.id = Producer-topic-b4a88658_0232_4d1f_86a2_43e28a1ec92d
	compression.gzip.level = -1
	compression.lz4.level = 9
	compression.type = none
	compression.zstd.level = 3
	connections.max.idle.ms = 10000
	delivery.timeout.ms = 120000
	enable.idempotence = true
	enable.metrics.push = true
	interceptor.classes = []
	key.serializer = class org.apache.kafka.common.serialization.StringSerializer
	linger.ms = 0
	max.block.ms = 60000
	max.in.flight.requests.per.connection = 5
	max.request.size = 1048576
	metadata.max.age.ms = 300000
	metadata.max.idle.ms = 300000
	metadata.recovery.strategy = none
	metric.reporters = []
	metrics.num.samples = 2
	metrics.recording.level = INFO
	metrics.sample.window.ms = 30000
	partitioner.adaptive.partitioning.enable = true
	partitioner.availability.timeout.ms = 0
	partitioner.class = null
	partitioner.ignore.keys = false
	receive.buffer.bytes = 32768
	reconnect.backoff.max.ms = 1000
	reconnect.backoff.ms = 50
	request.timeout.ms = 5000
	retries = 2147483647
	retry.backoff.max.ms = 1000
	retry.backoff.ms = 100
	sasl.client.callback.handler.class = null
	sasl.jaas.config = null
	sasl.kerberos.kinit.cmd = /usr/bin/kinit
	sasl.kerberos.min.time.before.relogin = 60000
	sasl.kerberos.service.name = null
	sasl.kerberos.ticket.renew.jitter = 0.05
	sasl.kerberos.ticket.renew.window.factor = 0.8
	sasl.login.callback.handler.class = null
	sasl.login.class = null
	sasl.login.connect.timeout.ms = null
	sasl.login.read.timeout.ms = null
	sasl.login.refresh.buffer.seconds = 300
	sasl.login.refresh.min.period.seconds = 60
	sasl.login.refresh.window.factor = 0.8
	sasl.login.refresh.window.jitter = 0.05
	sasl.login.retry.backoff.max.ms = 10000
	sasl.login.retry.backoff.ms = 100
	sasl.mechanism = GSSAPI
	sasl.oauthbearer.clock.skew.seconds = 30
	sasl.oauthbearer.expected.audience = null
	sasl.oauthbearer.expected.issuer = null
	sasl.oauthbearer.header.urlencode = false
	sasl.oauthbearer.jwks.endpoint.refresh.ms = 3600000
	sasl.oauthbearer.jwks.endpoint.retry.backoff.max.ms = 10000
	sasl.oauthbearer.jwks.endpoint.retry.backoff.ms = 100
	sasl.oauthbearer.jwks.endpoint.url = null
	sasl.oauthbearer.scope.claim.name = scope
	sasl.oauthbearer.sub.claim.name = sub
	sasl.oauthbearer.token.endpoint.url = null
	security.protocol = PLAINTEXT
	security.providers = null
	send.buffer.bytes = 131072
	socket.connection.setup.timeout.max.ms = 30000
	socket.connection.setup.timeout.ms = 10000
	ssl.cipher.suites = null
	ssl.enabled.protocols = [TLSv1.2, TLSv1.3]
	ssl.endpoint.identification.algorithm = https
	ssl.engine.factory.class = null
	ssl.key.password = null
	ssl.keymanager.algorithm = SunX509
	ssl.keystore.certificate.chain = null
	ssl.keystore.key = null
	ssl.keystore.location = null
	ssl.keystore.password = null
	ssl.keystore.type = JKS
	ssl.protocol = TLSv1.3
	ssl.provider = null
	ssl.secure.random.implementation = null
	ssl.trustmanager.algorithm = PKIX
	ssl.truststore.certificates = null
	ssl.truststore.location = null
	ssl.truststore.password = null
	ssl.truststore.type = JKS
	transaction.timeout.ms = 60000
	transactional.id = null
	value.serializer = class io.apicurio.registry.serde.protobuf.ProtobufKafkaSerializer

2025-08-06 15:38:56,409 INFO  [org.apa.kaf.com.tel.int.KafkaMetricsCollector] (main) initializing Kafka metrics collector
2025-08-06 15:38:56,414 INFO  [org.apa.kaf.cli.pro.KafkaProducer] (main) [Producer clientId=Producer-topic-b4a88658_0232_4d1f_86a2_43e28a1ec92d] Instantiated an idempotent producer.
2025-08-06 15:38:56,417 INFO  [org.apa.kaf.cli.pro.ProducerConfig] (main) These configurations '[apicurio.registry.url, apicurio.registry.headers.enabled, apicurio.registry.auto-register, apicurio.registry.artifact-resolver-strategy]' were supplied but are not used yet.
2025-08-06 15:38:56,417 INFO  [org.apa.kaf.com.uti.AppInfoParser] (main) Kafka version: 3.9.1
2025-08-06 15:38:56,417 INFO  [org.apa.kaf.com.uti.AppInfoParser] (main) Kafka commitId: f745dfdcee2b9851
2025-08-06 15:38:56,417 INFO  [org.apa.kaf.com.uti.AppInfoParser] (main) Kafka startTimeMs: 1754494736417
2025-08-06 15:38:56,417 INFO  [io.api.tes.ser.api.SimpleSerdesTesterBuilder$SimpleSerdesTester] (main) Using producer configuration: {apicurio.registry.url=http://registry-app-mysql.apps.ci419.apicurio-testing.org:80/apis/registry/v3, apicurio.registry.headers.enabled=true, apicurio.registry.auto-register=true, apicurio.registry.artifact-resolver-strategy=io.apicurio.registry.serde.strategy.TopicIdStrategy, value.serializer=io.apicurio.registry.serde.protobuf.ProtobufKafkaSerializer, request.timeout.ms=5000, acks=all, bootstrap.servers=PLAINTEXT://localhost:32769, connections.max.idle.ms=10000, key.serializer=org.apache.kafka.common.serialization.StringSerializer, client.id=Producer-topic-b4a88658_0232_4d1f_86a2_43e28a1ec92d}
2025-08-06 15:38:56,417 INFO  [io.api.tes.ser.api.SimpleSerdesTesterBuilder$SimpleSerdesTester] (main) Using consumer configuration: {apicurio.registry.headers.enabled=true}
2025-08-06 15:38:56,423 INFO  [org.apa.kaf.cli.Metadata] (kafka-producer-network-thread | Producer-topic-b4a88658_0232_4d1f_86a2_43e28a1ec92d) [Producer clientId=Producer-topic-b4a88658_0232_4d1f_86a2_43e28a1ec92d] Cluster ID: dgPJ9z-1S5ugXzLx2i-R9Q
2025-08-06 15:38:56,423 INFO  [org.apa.kaf.cli.pro.int.TransactionManager] (kafka-producer-network-thread | Producer-topic-b4a88658_0232_4d1f_86a2_43e28a1ec92d) [Producer clientId=Producer-topic-b4a88658_0232_4d1f_86a2_43e28a1ec92d] ProducerId set to 27 with epoch 0
2025-08-06 15:38:56,550 INFO  [io.api.tes.ser.api.KafkaSerdesTester] (Thread-748) Sending message header {
  time {
  }
}
d1: 1.754494736418E12
s1: "a"
i1: 123
bi1: 1
point {
  longitude: 22.0
  latitude: 22.0
  altitude: 1.0
}
 to topic topic-b4a88658_0232_4d1f_86a2_43e28a1ec92d
2025-08-06 15:38:56,766 INFO  [io.api.tes.ser.api.KafkaSerdesTester] (Thread-748) Sending message header {
  time {
  }
}
d1: 1.754494736766E12
s1: "a"
i1: 123
bi1: 1
point {
  longitude: 22.0
  latitude: 22.0
  altitude: 1.0
}
 to topic topic-b4a88658_0232_4d1f_86a2_43e28a1ec92d
2025-08-06 15:38:56,830 INFO  [io.api.tes.ser.api.KafkaSerdesTester] (Thread-748) Sending message header {
  time {
  }
}
d1: 1.754494736829E12
s1: "a"
i1: 123
bi1: 1
point {
  longitude: 22.0
  latitude: 22.0
  altitude: 1.0
}
 to topic topic-b4a88658_0232_4d1f_86a2_43e28a1ec92d
2025-08-06 15:38:56,890 INFO  [io.api.tes.ser.api.KafkaSerdesTester] (Thread-748) Sending message header {
  time {
  }
}
d1: 1.75449473689E12
s1: "a"
i1: 123
bi1: 1
point {
  longitude: 22.0
  latitude: 22.0
  altitude: 1.0
}
 to topic topic-b4a88658_0232_4d1f_86a2_43e28a1ec92d
2025-08-06 15:38:56,949 INFO  [io.api.tes.ser.api.KafkaSerdesTester] (Thread-748) Sending message header {
  time {
  }
}
d1: 1.754494736948E12
s1: "a"
i1: 123
bi1: 1
point {
  longitude: 22.0
  latitude: 22.0
  altitude: 1.0
}
 to topic topic-b4a88658_0232_4d1f_86a2_43e28a1ec92d
2025-08-06 15:38:57,007 INFO  [io.api.tes.ser.api.KafkaSerdesTester] (Thread-748) Sending message header {
  time {
  }
}
d1: 1.754494737007E12
s1: "a"
i1: 123
bi1: 1
point {
  longitude: 22.0
  latitude: 22.0
  altitude: 1.0
}
 to topic topic-b4a88658_0232_4d1f_86a2_43e28a1ec92d
2025-08-06 15:38:57,065 INFO  [io.api.tes.ser.api.KafkaSerdesTester] (Thread-748) Sending message header {
  time {
  }
}
d1: 1.754494737065E12
s1: "a"
i1: 123
bi1: 1
point {
  longitude: 22.0
  latitude: 22.0
  altitude: 1.0
}
 to topic topic-b4a88658_0232_4d1f_86a2_43e28a1ec92d
2025-08-06 15:38:57,125 INFO  [io.api.tes.ser.api.KafkaSerdesTester] (Thread-748) Sending message header {
  time {
  }
}
d1: 1.754494737123E12
s1: "a"
i1: 123
bi1: 1
point {
  longitude: 22.0
  latitude: 22.0
  altitude: 1.0
}
 to topic topic-b4a88658_0232_4d1f_86a2_43e28a1ec92d
2025-08-06 15:38:57,185 INFO  [io.api.tes.ser.api.KafkaSerdesTester] (Thread-748) Sending message header {
  time {
  }
}
d1: 1.754494737185E12
s1: "a"
i1: 123
bi1: 1
point {
  longitude: 22.0
  latitude: 22.0
  altitude: 1.0
}
 to topic topic-b4a88658_0232_4d1f_86a2_43e28a1ec92d
2025-08-06 15:38:57,243 INFO  [io.api.tes.ser.api.KafkaSerdesTester] (Thread-748) Sending message header {
  time {
  }
}
d1: 1.754494737242E12
s1: "a"
i1: 123
bi1: 1
point {
  longitude: 22.0
  latitude: 22.0
  altitude: 1.0
}
 to topic topic-b4a88658_0232_4d1f_86a2_43e28a1ec92d
2025-08-06 15:38:57,299 INFO  [io.api.tes.ser.api.KafkaSerdesTester] (Thread-748) Produced 10 messages
2025-08-06 15:38:57,299 INFO  [org.apa.kaf.cli.pro.KafkaProducer] (Thread-748) [Producer clientId=Producer-topic-b4a88658_0232_4d1f_86a2_43e28a1ec92d] Closing the Kafka producer with timeoutMillis = 9223372036854775807 ms.
2025-08-06 15:38:57,300 INFO  [org.apa.kaf.com.met.Metrics] (Thread-748) Metrics scheduler closed
2025-08-06 15:38:57,300 INFO  [org.apa.kaf.com.met.Metrics] (Thread-748) Closing reporter org.apache.kafka.common.metrics.JmxReporter
2025-08-06 15:38:57,301 INFO  [org.apa.kaf.com.met.Metrics] (Thread-748) Closing reporter org.apache.kafka.common.telemetry.internals.ClientTelemetryReporter
2025-08-06 15:38:57,301 INFO  [org.apa.kaf.com.met.Metrics] (Thread-748) Metrics reporters closed
2025-08-06 15:38:57,301 INFO  [org.apa.kaf.com.uti.AppInfoParser] (Thread-748) App info kafka.producer for Producer-topic-b4a88658_0232_4d1f_86a2_43e28a1ec92d unregistered
**** Registry Base URL: http://registry-app-mysql.apps.ci419.apicurio-testing.org:80
2025-08-06 15:38:57,363 INFO  [org.apa.kaf.cli.con.ConsumerConfig] (main) ConsumerConfig values: 
	allow.auto.create.topics = true
	auto.commit.interval.ms = 500
	auto.include.jmx.reporter = true
	auto.offset.reset = earliest
	bootstrap.servers = [PLAINTEXT://localhost:32769]
	check.crcs = true
	client.dns.lookup = use_all_dns_ips
	client.id = consumer-Consumer-topic-b4a88658_0232_4d1f_86a2_43e28a1ec92d-20
	client.rack = 
	connections.max.idle.ms = 10000
	default.api.timeout.ms = 60000
	enable.auto.commit = true
	enable.metrics.push = true
	exclude.internal.topics = true
	fetch.max.bytes = 52428800
	fetch.max.wait.ms = 500
	fetch.min.bytes = 1
	group.id = Consumer-topic-b4a88658_0232_4d1f_86a2_43e28a1ec92d
	group.instance.id = null
	group.protocol = classic
	group.remote.assignor = null
	heartbeat.interval.ms = 3000
	interceptor.classes = []
	internal.leave.group.on.close = true
	internal.throw.on.fetch.stable.offset.unsupported = false
	isolation.level = read_uncommitted
	key.deserializer = class org.apache.kafka.common.serialization.StringDeserializer
	max.partition.fetch.bytes = 1048576
	max.poll.interval.ms = 300000
	max.poll.records = 500
	metadata.max.age.ms = 300000
	metadata.recovery.strategy = none
	metric.reporters = []
	metrics.num.samples = 2
	metrics.recording.level = INFO
	metrics.sample.window.ms = 30000
	partition.assignment.strategy = [class org.apache.kafka.clients.consumer.RangeAssignor, class org.apache.kafka.clients.consumer.CooperativeStickyAssignor]
	receive.buffer.bytes = 65536
	reconnect.backoff.max.ms = 1000
	reconnect.backoff.ms = 50
	request.timeout.ms = 5000
	retry.backoff.max.ms = 1000
	retry.backoff.ms = 100
	sasl.client.callback.handler.class = null
	sasl.jaas.config = null
	sasl.kerberos.kinit.cmd = /usr/bin/kinit
	sasl.kerberos.min.time.before.relogin = 60000
	sasl.kerberos.service.name = null
	sasl.kerberos.ticket.renew.jitter = 0.05
	sasl.kerberos.ticket.renew.window.factor = 0.8
	sasl.login.callback.handler.class = null
	sasl.login.class = null
	sasl.login.connect.timeout.ms = null
	sasl.login.read.timeout.ms = null
	sasl.login.refresh.buffer.seconds = 300
	sasl.login.refresh.min.period.seconds = 60
	sasl.login.refresh.window.factor = 0.8
	sasl.login.refresh.window.jitter = 0.05
	sasl.login.retry.backoff.max.ms = 10000
	sasl.login.retry.backoff.ms = 100
	sasl.mechanism = GSSAPI
	sasl.oauthbearer.clock.skew.seconds = 30
	sasl.oauthbearer.expected.audience = null
	sasl.oauthbearer.expected.issuer = null
	sasl.oauthbearer.header.urlencode = false
	sasl.oauthbearer.jwks.endpoint.refresh.ms = 3600000
	sasl.oauthbearer.jwks.endpoint.retry.backoff.max.ms = 10000
	sasl.oauthbearer.jwks.endpoint.retry.backoff.ms = 100
	sasl.oauthbearer.jwks.endpoint.url = null
	sasl.oauthbearer.scope.claim.name = scope
	sasl.oauthbearer.sub.claim.name = sub
	sasl.oauthbearer.token.endpoint.url = null
	security.protocol = PLAINTEXT
	security.providers = null
	send.buffer.bytes = 131072
	session.timeout.ms = 45000
	socket.connection.setup.timeout.max.ms = 30000
	socket.connection.setup.timeout.ms = 10000
	ssl.cipher.suites = null
	ssl.enabled.protocols = [TLSv1.2, TLSv1.3]
	ssl.endpoint.identification.algorithm = https
	ssl.engine.factory.class = null
	ssl.key.password = null
	ssl.keymanager.algorithm = SunX509
	ssl.keystore.certificate.chain = null
	ssl.keystore.key = null
	ssl.keystore.location = null
	ssl.keystore.password = null
	ssl.keystore.type = JKS
	ssl.protocol = TLSv1.3
	ssl.provider = null
	ssl.secure.random.implementation = null
	ssl.trustmanager.algorithm = PKIX
	ssl.truststore.certificates = null
	ssl.truststore.location = null
	ssl.truststore.password = null
	ssl.truststore.type = JKS
	value.deserializer = class io.apicurio.registry.serde.protobuf.ProtobufKafkaDeserializer

2025-08-06 15:38:57,363 INFO  [org.apa.kaf.com.tel.int.KafkaMetricsCollector] (main) initializing Kafka metrics collector
2025-08-06 15:38:57,367 INFO  [org.apa.kaf.cli.con.ConsumerConfig] (main) These configurations '[apicurio.registry.url, apicurio.registry.headers.enabled]' were supplied but are not used yet.
2025-08-06 15:38:57,367 INFO  [org.apa.kaf.com.uti.AppInfoParser] (main) Kafka version: 3.9.1
2025-08-06 15:38:57,367 INFO  [org.apa.kaf.com.uti.AppInfoParser] (main) Kafka commitId: f745dfdcee2b9851
2025-08-06 15:38:57,367 INFO  [org.apa.kaf.com.uti.AppInfoParser] (main) Kafka startTimeMs: 1754494737367
2025-08-06 15:38:57,367 INFO  [org.apa.kaf.cli.con.int.ClassicKafkaConsumer] (Thread-751) [Consumer clientId=consumer-Consumer-topic-b4a88658_0232_4d1f_86a2_43e28a1ec92d-20, groupId=Consumer-topic-b4a88658_0232_4d1f_86a2_43e28a1ec92d] Subscribed to topic(s): topic-b4a88658_0232_4d1f_86a2_43e28a1ec92d
2025-08-06 15:38:57,370 INFO  [org.apa.kaf.cli.Metadata] (Thread-751) [Consumer clientId=consumer-Consumer-topic-b4a88658_0232_4d1f_86a2_43e28a1ec92d-20, groupId=Consumer-topic-b4a88658_0232_4d1f_86a2_43e28a1ec92d] Cluster ID: dgPJ9z-1S5ugXzLx2i-R9Q
2025-08-06 15:38:57,370 INFO  [org.apa.kaf.cli.con.int.ConsumerCoordinator] (Thread-751) [Consumer clientId=consumer-Consumer-topic-b4a88658_0232_4d1f_86a2_43e28a1ec92d-20, groupId=Consumer-topic-b4a88658_0232_4d1f_86a2_43e28a1ec92d] Discovered group coordinator localhost:32769 (id: 2147483647 rack: null)
2025-08-06 15:38:57,372 INFO  [org.apa.kaf.cli.con.int.ConsumerCoordinator] (Thread-751) [Consumer clientId=consumer-Consumer-topic-b4a88658_0232_4d1f_86a2_43e28a1ec92d-20, groupId=Consumer-topic-b4a88658_0232_4d1f_86a2_43e28a1ec92d] (Re-)joining group
2025-08-06 15:38:57,374 INFO  [org.apa.kaf.cli.con.int.ConsumerCoordinator] (Thread-751) [Consumer clientId=consumer-Consumer-topic-b4a88658_0232_4d1f_86a2_43e28a1ec92d-20, groupId=Consumer-topic-b4a88658_0232_4d1f_86a2_43e28a1ec92d] Request joining group due to: need to re-join with the given member-id: consumer-Consumer-topic-b4a88658_0232_4d1f_86a2_43e28a1ec92d-20-483ec688-4b76-4059-88d5-2bb8d32bceab
2025-08-06 15:38:57,375 INFO  [org.apa.kaf.cli.con.int.ConsumerCoordinator] (Thread-751) [Consumer clientId=consumer-Consumer-topic-b4a88658_0232_4d1f_86a2_43e28a1ec92d-20, groupId=Consumer-topic-b4a88658_0232_4d1f_86a2_43e28a1ec92d] (Re-)joining group
2025-08-06 15:38:58,367 INFO  [io.api.tes.ser.api.KafkaSerdesTester] (Thread-751) None found
2025-08-06 15:38:59,367 INFO  [io.api.tes.ser.api.KafkaSerdesTester] (Thread-751) None found
2025-08-06 15:39:00,368 INFO  [io.api.tes.ser.api.KafkaSerdesTester] (Thread-751) None found
2025-08-06 15:39:00,376 INFO  [org.apa.kaf.cli.con.int.ConsumerCoordinator] (Thread-751) [Consumer clientId=consumer-Consumer-topic-b4a88658_0232_4d1f_86a2_43e28a1ec92d-20, groupId=Consumer-topic-b4a88658_0232_4d1f_86a2_43e28a1ec92d] Successfully joined group with generation Generation{generationId=1, memberId='consumer-Consumer-topic-b4a88658_0232_4d1f_86a2_43e28a1ec92d-20-483ec688-4b76-4059-88d5-2bb8d32bceab', protocol='range'}
2025-08-06 15:39:00,377 INFO  [org.apa.kaf.cli.con.int.ConsumerCoordinator] (Thread-751) [Consumer clientId=consumer-Consumer-topic-b4a88658_0232_4d1f_86a2_43e28a1ec92d-20, groupId=Consumer-topic-b4a88658_0232_4d1f_86a2_43e28a1ec92d] Finished assignment for group at generation 1: {consumer-Consumer-topic-b4a88658_0232_4d1f_86a2_43e28a1ec92d-20-483ec688-4b76-4059-88d5-2bb8d32bceab=Assignment(partitions=[topic-b4a88658_0232_4d1f_86a2_43e28a1ec92d-0])}
2025-08-06 15:39:00,382 INFO  [org.apa.kaf.cli.con.int.ConsumerCoordinator] (Thread-751) [Consumer clientId=consumer-Consumer-topic-b4a88658_0232_4d1f_86a2_43e28a1ec92d-20, groupId=Consumer-topic-b4a88658_0232_4d1f_86a2_43e28a1ec92d] Successfully synced group in generation Generation{generationId=1, memberId='consumer-Consumer-topic-b4a88658_0232_4d1f_86a2_43e28a1ec92d-20-483ec688-4b76-4059-88d5-2bb8d32bceab', protocol='range'}
2025-08-06 15:39:00,382 INFO  [org.apa.kaf.cli.con.int.ConsumerCoordinator] (Thread-751) [Consumer clientId=consumer-Consumer-topic-b4a88658_0232_4d1f_86a2_43e28a1ec92d-20, groupId=Consumer-topic-b4a88658_0232_4d1f_86a2_43e28a1ec92d] Notifying assignor about the new Assignment(partitions=[topic-b4a88658_0232_4d1f_86a2_43e28a1ec92d-0])
2025-08-06 15:39:00,382 INFO  [org.apa.kaf.cli.con.int.ConsumerRebalanceListenerInvoker] (Thread-751) [Consumer clientId=consumer-Consumer-topic-b4a88658_0232_4d1f_86a2_43e28a1ec92d-20, groupId=Consumer-topic-b4a88658_0232_4d1f_86a2_43e28a1ec92d] Adding newly assigned partitions: topic-b4a88658_0232_4d1f_86a2_43e28a1ec92d-0
2025-08-06 15:39:00,383 INFO  [org.apa.kaf.cli.con.int.ConsumerCoordinator] (Thread-751) [Consumer clientId=consumer-Consumer-topic-b4a88658_0232_4d1f_86a2_43e28a1ec92d-20, groupId=Consumer-topic-b4a88658_0232_4d1f_86a2_43e28a1ec92d] Found no committed offset for partition topic-b4a88658_0232_4d1f_86a2_43e28a1ec92d-0
2025-08-06 15:39:00,386 INFO  [org.apa.kaf.cli.con.int.SubscriptionState] (Thread-751) [Consumer clientId=consumer-Consumer-topic-b4a88658_0232_4d1f_86a2_43e28a1ec92d-20, groupId=Consumer-topic-b4a88658_0232_4d1f_86a2_43e28a1ec92d] Resetting offset for partition topic-b4a88658_0232_4d1f_86a2_43e28a1ec92d-0 to position FetchPosition{offset=0, offsetEpoch=Optional.empty, currentLeader=LeaderAndEpoch{leader=Optional[localhost:32769 (id: 0 rack: null)], epoch=0}}.
2025-08-06 15:39:00,558 INFO  [io.api.tes.ser.api.KafkaSerdesTester] (Thread-751) topic-b4a88658_0232_4d1f_86a2_43e28a1ec92d 0 0 header {
  time {
  }
}
d1: 1.754494736418E12
s1: "a"
i1: 123
bi1: 1
point {
  longitude: 22.0
  latitude: 22.0
  altitude: 1.0
}

2025-08-06 15:39:00,558 INFO  [io.api.tes.ser.api.KafkaSerdesTester] (Thread-751) topic-b4a88658_0232_4d1f_86a2_43e28a1ec92d 0 1 header {
  time {
  }
}
d1: 1.754494736766E12
s1: "a"
i1: 123
bi1: 1
point {
  longitude: 22.0
  latitude: 22.0
  altitude: 1.0
}

2025-08-06 15:39:00,558 INFO  [io.api.tes.ser.api.KafkaSerdesTester] (Thread-751) topic-b4a88658_0232_4d1f_86a2_43e28a1ec92d 0 2 header {
  time {
  }
}
d1: 1.754494736829E12
s1: "a"
i1: 123
bi1: 1
point {
  longitude: 22.0
  latitude: 22.0
  altitude: 1.0
}

2025-08-06 15:39:00,558 INFO  [io.api.tes.ser.api.KafkaSerdesTester] (Thread-751) topic-b4a88658_0232_4d1f_86a2_43e28a1ec92d 0 3 header {
  time {
  }
}
d1: 1.75449473689E12
s1: "a"
i1: 123
bi1: 1
point {
  longitude: 22.0
  latitude: 22.0
  altitude: 1.0
}

2025-08-06 15:39:00,559 INFO  [io.api.tes.ser.api.KafkaSerdesTester] (Thread-751) topic-b4a88658_0232_4d1f_86a2_43e28a1ec92d 0 4 header {
  time {
  }
}
d1: 1.754494736948E12
s1: "a"
i1: 123
bi1: 1
point {
  longitude: 22.0
  latitude: 22.0
  altitude: 1.0
}

2025-08-06 15:39:00,562 INFO  [io.api.tes.ser.api.KafkaSerdesTester] (Thread-751) topic-b4a88658_0232_4d1f_86a2_43e28a1ec92d 0 5 header {
  time {
  }
}
d1: 1.754494737007E12
s1: "a"
i1: 123
bi1: 1
point {
  longitude: 22.0
  latitude: 22.0
  altitude: 1.0
}

2025-08-06 15:39:00,562 INFO  [io.api.tes.ser.api.KafkaSerdesTester] (Thread-751) topic-b4a88658_0232_4d1f_86a2_43e28a1ec92d 0 6 header {
  time {
  }
}
d1: 1.754494737065E12
s1: "a"
i1: 123
bi1: 1
point {
  longitude: 22.0
  latitude: 22.0
  altitude: 1.0
}

2025-08-06 15:39:00,562 INFO  [io.api.tes.ser.api.KafkaSerdesTester] (Thread-751) topic-b4a88658_0232_4d1f_86a2_43e28a1ec92d 0 7 header {
  time {
  }
}
d1: 1.754494737123E12
s1: "a"
i1: 123
bi1: 1
point {
  longitude: 22.0
  latitude: 22.0
  altitude: 1.0
}

2025-08-06 15:39:00,562 INFO  [io.api.tes.ser.api.KafkaSerdesTester] (Thread-751) topic-b4a88658_0232_4d1f_86a2_43e28a1ec92d 0 8 header {
  time {
  }
}
d1: 1.754494737185E12
s1: "a"
i1: 123
bi1: 1
point {
  longitude: 22.0
  latitude: 22.0
  altitude: 1.0
}

2025-08-06 15:39:00,562 INFO  [io.api.tes.ser.api.KafkaSerdesTester] (Thread-751) topic-b4a88658_0232_4d1f_86a2_43e28a1ec92d 0 9 header {
  time {
  }
}
d1: 1.754494737242E12
s1: "a"
i1: 123
bi1: 1
point {
  longitude: 22.0
  latitude: 22.0
  altitude: 1.0
}

2025-08-06 15:39:00,562 INFO  [io.api.tes.ser.api.KafkaSerdesTester] (Thread-751) Consumed 10 messages
2025-08-06 15:39:00,570 INFO  [org.apa.kaf.cli.con.int.ConsumerRebalanceListenerInvoker] (Thread-751) [Consumer clientId=consumer-Consumer-topic-b4a88658_0232_4d1f_86a2_43e28a1ec92d-20, groupId=Consumer-topic-b4a88658_0232_4d1f_86a2_43e28a1ec92d] Revoke previously assigned partitions topic-b4a88658_0232_4d1f_86a2_43e28a1ec92d-0
2025-08-06 15:39:00,570 INFO  [org.apa.kaf.cli.con.int.ConsumerCoordinator] (Thread-751) [Consumer clientId=consumer-Consumer-topic-b4a88658_0232_4d1f_86a2_43e28a1ec92d-20, groupId=Consumer-topic-b4a88658_0232_4d1f_86a2_43e28a1ec92d] Member consumer-Consumer-topic-b4a88658_0232_4d1f_86a2_43e28a1ec92d-20-483ec688-4b76-4059-88d5-2bb8d32bceab sending LeaveGroup request to coordinator localhost:32769 (id: 2147483647 rack: null) due to the consumer is being closed
2025-08-06 15:39:00,570 INFO  [org.apa.kaf.cli.con.int.ConsumerCoordinator] (Thread-751) [Consumer clientId=consumer-Consumer-topic-b4a88658_0232_4d1f_86a2_43e28a1ec92d-20, groupId=Consumer-topic-b4a88658_0232_4d1f_86a2_43e28a1ec92d] Resetting generation and member id due to: consumer pro-actively leaving the group
2025-08-06 15:39:00,570 INFO  [org.apa.kaf.cli.con.int.ConsumerCoordinator] (Thread-751) [Consumer clientId=consumer-Consumer-topic-b4a88658_0232_4d1f_86a2_43e28a1ec92d-20, groupId=Consumer-topic-b4a88658_0232_4d1f_86a2_43e28a1ec92d] Request joining group due to: consumer pro-actively leaving the group
2025-08-06 15:39:01,060 INFO  [org.apa.kaf.com.met.Metrics] (Thread-751) Metrics scheduler closed
2025-08-06 15:39:01,060 INFO  [org.apa.kaf.com.met.Metrics] (Thread-751) Closing reporter org.apache.kafka.common.metrics.JmxReporter
2025-08-06 15:39:01,060 INFO  [org.apa.kaf.com.met.Metrics] (Thread-751) Closing reporter org.apache.kafka.common.telemetry.internals.ClientTelemetryReporter
2025-08-06 15:39:01,060 INFO  [org.apa.kaf.com.met.Metrics] (Thread-751) Metrics reporters closed
2025-08-06 15:39:01,062 INFO  [org.apa.kaf.com.uti.AppInfoParser] (Thread-751) App info kafka.consumer for consumer-Consumer-topic-b4a88658_0232_4d1f_86a2_43e28a1ec92d-20 unregistered
2025-08-06 15:39:01,098 INFO  [io.api.tes.uti.TestSeparator] (main) io.apicurio.tests.serdes.apicurio.ProtobufSerdeIT.testTopicIdStrategyAutoRegister-FINISHED
2025-08-06 15:39:01,098 INFO  [io.api.tes.uti.TestSeparator] (main) ############################################################################
Test passed: testTopicIdStrategyAutoRegister
]]></system-out>
  </testcase>
  <testcase name="testAutoRegisterAndUseBody" classname="io.apicurio.tests.serdes.apicurio.ProtobufSerdeIT" time="4.638">
    <system-out><![CDATA[2025-08-06 15:39:01,099 INFO  [io.api.tes.uti.TestSeparator] (main) ############################################################################
2025-08-06 15:39:01,099 INFO  [io.api.tes.uti.TestSeparator] (main) io.apicurio.tests.serdes.apicurio.ProtobufSerdeIT.testAutoRegisterAndUseBody-STARTED
**** Registry Base URL: http://registry-app-mysql.apps.ci419.apicurio-testing.org:80
2025-08-06 15:39:01,103 INFO  [org.apa.kaf.cli.pro.ProducerConfig] (main) ProducerConfig values: 
	acks = -1
	auto.include.jmx.reporter = true
	batch.size = 16384
	bootstrap.servers = [PLAINTEXT://localhost:32769]
	buffer.memory = 33554432
	client.dns.lookup = use_all_dns_ips
	client.id = Producer-topic-14916925_af13_4bcd_81f2_a3310c0f01f1
	compression.gzip.level = -1
	compression.lz4.level = 9
	compression.type = none
	compression.zstd.level = 3
	connections.max.idle.ms = 10000
	delivery.timeout.ms = 120000
	enable.idempotence = true
	enable.metrics.push = true
	interceptor.classes = []
	key.serializer = class org.apache.kafka.common.serialization.StringSerializer
	linger.ms = 0
	max.block.ms = 60000
	max.in.flight.requests.per.connection = 5
	max.request.size = 1048576
	metadata.max.age.ms = 300000
	metadata.max.idle.ms = 300000
	metadata.recovery.strategy = none
	metric.reporters = []
	metrics.num.samples = 2
	metrics.recording.level = INFO
	metrics.sample.window.ms = 30000
	partitioner.adaptive.partitioning.enable = true
	partitioner.availability.timeout.ms = 0
	partitioner.class = null
	partitioner.ignore.keys = false
	receive.buffer.bytes = 32768
	reconnect.backoff.max.ms = 1000
	reconnect.backoff.ms = 50
	request.timeout.ms = 5000
	retries = 2147483647
	retry.backoff.max.ms = 1000
	retry.backoff.ms = 100
	sasl.client.callback.handler.class = null
	sasl.jaas.config = null
	sasl.kerberos.kinit.cmd = /usr/bin/kinit
	sasl.kerberos.min.time.before.relogin = 60000
	sasl.kerberos.service.name = null
	sasl.kerberos.ticket.renew.jitter = 0.05
	sasl.kerberos.ticket.renew.window.factor = 0.8
	sasl.login.callback.handler.class = null
	sasl.login.class = null
	sasl.login.connect.timeout.ms = null
	sasl.login.read.timeout.ms = null
	sasl.login.refresh.buffer.seconds = 300
	sasl.login.refresh.min.period.seconds = 60
	sasl.login.refresh.window.factor = 0.8
	sasl.login.refresh.window.jitter = 0.05
	sasl.login.retry.backoff.max.ms = 10000
	sasl.login.retry.backoff.ms = 100
	sasl.mechanism = GSSAPI
	sasl.oauthbearer.clock.skew.seconds = 30
	sasl.oauthbearer.expected.audience = null
	sasl.oauthbearer.expected.issuer = null
	sasl.oauthbearer.header.urlencode = false
	sasl.oauthbearer.jwks.endpoint.refresh.ms = 3600000
	sasl.oauthbearer.jwks.endpoint.retry.backoff.max.ms = 10000
	sasl.oauthbearer.jwks.endpoint.retry.backoff.ms = 100
	sasl.oauthbearer.jwks.endpoint.url = null
	sasl.oauthbearer.scope.claim.name = scope
	sasl.oauthbearer.sub.claim.name = sub
	sasl.oauthbearer.token.endpoint.url = null
	security.protocol = PLAINTEXT
	security.providers = null
	send.buffer.bytes = 131072
	socket.connection.setup.timeout.max.ms = 30000
	socket.connection.setup.timeout.ms = 10000
	ssl.cipher.suites = null
	ssl.enabled.protocols = [TLSv1.2, TLSv1.3]
	ssl.endpoint.identification.algorithm = https
	ssl.engine.factory.class = null
	ssl.key.password = null
	ssl.keymanager.algorithm = SunX509
	ssl.keystore.certificate.chain = null
	ssl.keystore.key = null
	ssl.keystore.location = null
	ssl.keystore.password = null
	ssl.keystore.type = JKS
	ssl.protocol = TLSv1.3
	ssl.provider = null
	ssl.secure.random.implementation = null
	ssl.trustmanager.algorithm = PKIX
	ssl.truststore.certificates = null
	ssl.truststore.location = null
	ssl.truststore.password = null
	ssl.truststore.type = JKS
	transaction.timeout.ms = 60000
	transactional.id = null
	value.serializer = class io.apicurio.registry.serde.protobuf.ProtobufKafkaSerializer

2025-08-06 15:39:01,106 INFO  [org.apa.kaf.com.tel.int.KafkaMetricsCollector] (main) initializing Kafka metrics collector
2025-08-06 15:39:01,126 INFO  [org.apa.kaf.cli.pro.KafkaProducer] (main) [Producer clientId=Producer-topic-14916925_af13_4bcd_81f2_a3310c0f01f1] Instantiated an idempotent producer.
2025-08-06 15:39:01,132 INFO  [org.apa.kaf.cli.pro.ProducerConfig] (main) These configurations '[apicurio.registry.url, apicurio.registry.auto-register, apicurio.registry.artifact-resolver-strategy]' were supplied but are not used yet.
2025-08-06 15:39:01,132 INFO  [org.apa.kaf.com.uti.AppInfoParser] (main) Kafka version: 3.9.1
2025-08-06 15:39:01,132 INFO  [org.apa.kaf.com.uti.AppInfoParser] (main) Kafka commitId: f745dfdcee2b9851
2025-08-06 15:39:01,132 INFO  [org.apa.kaf.com.uti.AppInfoParser] (main) Kafka startTimeMs: 1754494741132
2025-08-06 15:39:01,132 INFO  [io.api.tes.ser.api.SimpleSerdesTesterBuilder$SimpleSerdesTester] (main) Using producer configuration: {apicurio.registry.url=http://registry-app-mysql.apps.ci419.apicurio-testing.org:80/apis/registry/v3, apicurio.registry.auto-register=true, apicurio.registry.artifact-resolver-strategy=io.apicurio.registry.serde.strategy.TopicIdStrategy, value.serializer=io.apicurio.registry.serde.protobuf.ProtobufKafkaSerializer, request.timeout.ms=5000, acks=all, bootstrap.servers=PLAINTEXT://localhost:32769, connections.max.idle.ms=10000, key.serializer=org.apache.kafka.common.serialization.StringSerializer, client.id=Producer-topic-14916925_af13_4bcd_81f2_a3310c0f01f1}
2025-08-06 15:39:01,132 INFO  [io.api.tes.ser.api.SimpleSerdesTesterBuilder$SimpleSerdesTester] (main) Using consumer configuration: {apicurio.protobuf.derive.class=true}
2025-08-06 15:39:01,134 INFO  [io.api.tes.ser.api.KafkaSerdesTester] (Thread-754) Sending message header {
  time {
  }
}
d1: 1.754494741133E12
s1: "a"
i1: 123
bi1: 1
point {
  longitude: 22.0
  latitude: 22.0
  altitude: 1.0
}
 to topic topic-14916925_af13_4bcd_81f2_a3310c0f01f1
2025-08-06 15:39:01,157 INFO  [org.apa.kaf.cli.Metadata] (kafka-producer-network-thread | Producer-topic-14916925_af13_4bcd_81f2_a3310c0f01f1) [Producer clientId=Producer-topic-14916925_af13_4bcd_81f2_a3310c0f01f1] Cluster ID: dgPJ9z-1S5ugXzLx2i-R9Q
2025-08-06 15:39:01,157 INFO  [org.apa.kaf.cli.pro.int.TransactionManager] (kafka-producer-network-thread | Producer-topic-14916925_af13_4bcd_81f2_a3310c0f01f1) [Producer clientId=Producer-topic-14916925_af13_4bcd_81f2_a3310c0f01f1] ProducerId set to 28 with epoch 0
2025-08-06 15:39:01,471 INFO  [io.api.tes.ser.api.KafkaSerdesTester] (Thread-754) Sending message header {
  time {
  }
}
d1: 1.754494741471E12
s1: "a"
i1: 123
bi1: 1
point {
  longitude: 22.0
  latitude: 22.0
  altitude: 1.0
}
 to topic topic-14916925_af13_4bcd_81f2_a3310c0f01f1
2025-08-06 15:39:01,529 INFO  [io.api.tes.ser.api.KafkaSerdesTester] (Thread-754) Sending message header {
  time {
  }
}
d1: 1.754494741528E12
s1: "a"
i1: 123
bi1: 1
point {
  longitude: 22.0
  latitude: 22.0
  altitude: 1.0
}
 to topic topic-14916925_af13_4bcd_81f2_a3310c0f01f1
2025-08-06 15:39:01,587 INFO  [io.api.tes.ser.api.KafkaSerdesTester] (Thread-754) Sending message header {
  time {
  }
}
d1: 1.754494741587E12
s1: "a"
i1: 123
bi1: 1
point {
  longitude: 22.0
  latitude: 22.0
  altitude: 1.0
}
 to topic topic-14916925_af13_4bcd_81f2_a3310c0f01f1
2025-08-06 15:39:01,643 INFO  [io.api.tes.ser.api.KafkaSerdesTester] (Thread-754) Sending message header {
  time {
  }
}
d1: 1.754494741643E12
s1: "a"
i1: 123
bi1: 1
point {
  longitude: 22.0
  latitude: 22.0
  altitude: 1.0
}
 to topic topic-14916925_af13_4bcd_81f2_a3310c0f01f1
2025-08-06 15:39:01,700 INFO  [io.api.tes.ser.api.KafkaSerdesTester] (Thread-754) Sending message header {
  time {
  }
}
d1: 1.754494741699E12
s1: "a"
i1: 123
bi1: 1
point {
  longitude: 22.0
  latitude: 22.0
  altitude: 1.0
}
 to topic topic-14916925_af13_4bcd_81f2_a3310c0f01f1
2025-08-06 15:39:01,759 INFO  [io.api.tes.ser.api.KafkaSerdesTester] (Thread-754) Sending message header {
  time {
  }
}
d1: 1.754494741759E12
s1: "a"
i1: 123
bi1: 1
point {
  longitude: 22.0
  latitude: 22.0
  altitude: 1.0
}
 to topic topic-14916925_af13_4bcd_81f2_a3310c0f01f1
2025-08-06 15:39:01,821 INFO  [io.api.tes.ser.api.KafkaSerdesTester] (Thread-754) Sending message header {
  time {
  }
}
d1: 1.754494741821E12
s1: "a"
i1: 123
bi1: 1
point {
  longitude: 22.0
  latitude: 22.0
  altitude: 1.0
}
 to topic topic-14916925_af13_4bcd_81f2_a3310c0f01f1
2025-08-06 15:39:01,881 INFO  [io.api.tes.ser.api.KafkaSerdesTester] (Thread-754) Sending message header {
  time {
  }
}
d1: 1.754494741881E12
s1: "a"
i1: 123
bi1: 1
point {
  longitude: 22.0
  latitude: 22.0
  altitude: 1.0
}
 to topic topic-14916925_af13_4bcd_81f2_a3310c0f01f1
2025-08-06 15:39:01,943 INFO  [io.api.tes.ser.api.KafkaSerdesTester] (Thread-754) Sending message header {
  time {
  }
}
d1: 1.754494741942E12
s1: "a"
i1: 123
bi1: 1
point {
  longitude: 22.0
  latitude: 22.0
  altitude: 1.0
}
 to topic topic-14916925_af13_4bcd_81f2_a3310c0f01f1
2025-08-06 15:39:02,004 INFO  [io.api.tes.ser.api.KafkaSerdesTester] (Thread-754) Produced 10 messages
2025-08-06 15:39:02,004 INFO  [org.apa.kaf.cli.pro.KafkaProducer] (Thread-754) [Producer clientId=Producer-topic-14916925_af13_4bcd_81f2_a3310c0f01f1] Closing the Kafka producer with timeoutMillis = 9223372036854775807 ms.
2025-08-06 15:39:02,006 INFO  [org.apa.kaf.com.met.Metrics] (Thread-754) Metrics scheduler closed
2025-08-06 15:39:02,006 INFO  [org.apa.kaf.com.met.Metrics] (Thread-754) Closing reporter org.apache.kafka.common.metrics.JmxReporter
2025-08-06 15:39:02,006 INFO  [org.apa.kaf.com.met.Metrics] (Thread-754) Closing reporter org.apache.kafka.common.telemetry.internals.ClientTelemetryReporter
2025-08-06 15:39:02,006 INFO  [org.apa.kaf.com.met.Metrics] (Thread-754) Metrics reporters closed
2025-08-06 15:39:02,006 INFO  [org.apa.kaf.com.uti.AppInfoParser] (Thread-754) App info kafka.producer for Producer-topic-14916925_af13_4bcd_81f2_a3310c0f01f1 unregistered
**** Registry Base URL: http://registry-app-mysql.apps.ci419.apicurio-testing.org:80
2025-08-06 15:39:02,064 INFO  [org.apa.kaf.cli.con.ConsumerConfig] (main) ConsumerConfig values: 
	allow.auto.create.topics = true
	auto.commit.interval.ms = 500
	auto.include.jmx.reporter = true
	auto.offset.reset = earliest
	bootstrap.servers = [PLAINTEXT://localhost:32769]
	check.crcs = true
	client.dns.lookup = use_all_dns_ips
	client.id = consumer-Consumer-topic-14916925_af13_4bcd_81f2_a3310c0f01f1-21
	client.rack = 
	connections.max.idle.ms = 10000
	default.api.timeout.ms = 60000
	enable.auto.commit = true
	enable.metrics.push = true
	exclude.internal.topics = true
	fetch.max.bytes = 52428800
	fetch.max.wait.ms = 500
	fetch.min.bytes = 1
	group.id = Consumer-topic-14916925_af13_4bcd_81f2_a3310c0f01f1
	group.instance.id = null
	group.protocol = classic
	group.remote.assignor = null
	heartbeat.interval.ms = 3000
	interceptor.classes = []
	internal.leave.group.on.close = true
	internal.throw.on.fetch.stable.offset.unsupported = false
	isolation.level = read_uncommitted
	key.deserializer = class org.apache.kafka.common.serialization.StringDeserializer
	max.partition.fetch.bytes = 1048576
	max.poll.interval.ms = 300000
	max.poll.records = 500
	metadata.max.age.ms = 300000
	metadata.recovery.strategy = none
	metric.reporters = []
	metrics.num.samples = 2
	metrics.recording.level = INFO
	metrics.sample.window.ms = 30000
	partition.assignment.strategy = [class org.apache.kafka.clients.consumer.RangeAssignor, class org.apache.kafka.clients.consumer.CooperativeStickyAssignor]
	receive.buffer.bytes = 65536
	reconnect.backoff.max.ms = 1000
	reconnect.backoff.ms = 50
	request.timeout.ms = 5000
	retry.backoff.max.ms = 1000
	retry.backoff.ms = 100
	sasl.client.callback.handler.class = null
	sasl.jaas.config = null
	sasl.kerberos.kinit.cmd = /usr/bin/kinit
	sasl.kerberos.min.time.before.relogin = 60000
	sasl.kerberos.service.name = null
	sasl.kerberos.ticket.renew.jitter = 0.05
	sasl.kerberos.ticket.renew.window.factor = 0.8
	sasl.login.callback.handler.class = null
	sasl.login.class = null
	sasl.login.connect.timeout.ms = null
	sasl.login.read.timeout.ms = null
	sasl.login.refresh.buffer.seconds = 300
	sasl.login.refresh.min.period.seconds = 60
	sasl.login.refresh.window.factor = 0.8
	sasl.login.refresh.window.jitter = 0.05
	sasl.login.retry.backoff.max.ms = 10000
	sasl.login.retry.backoff.ms = 100
	sasl.mechanism = GSSAPI
	sasl.oauthbearer.clock.skew.seconds = 30
	sasl.oauthbearer.expected.audience = null
	sasl.oauthbearer.expected.issuer = null
	sasl.oauthbearer.header.urlencode = false
	sasl.oauthbearer.jwks.endpoint.refresh.ms = 3600000
	sasl.oauthbearer.jwks.endpoint.retry.backoff.max.ms = 10000
	sasl.oauthbearer.jwks.endpoint.retry.backoff.ms = 100
	sasl.oauthbearer.jwks.endpoint.url = null
	sasl.oauthbearer.scope.claim.name = scope
	sasl.oauthbearer.sub.claim.name = sub
	sasl.oauthbearer.token.endpoint.url = null
	security.protocol = PLAINTEXT
	security.providers = null
	send.buffer.bytes = 131072
	session.timeout.ms = 45000
	socket.connection.setup.timeout.max.ms = 30000
	socket.connection.setup.timeout.ms = 10000
	ssl.cipher.suites = null
	ssl.enabled.protocols = [TLSv1.2, TLSv1.3]
	ssl.endpoint.identification.algorithm = https
	ssl.engine.factory.class = null
	ssl.key.password = null
	ssl.keymanager.algorithm = SunX509
	ssl.keystore.certificate.chain = null
	ssl.keystore.key = null
	ssl.keystore.location = null
	ssl.keystore.password = null
	ssl.keystore.type = JKS
	ssl.protocol = TLSv1.3
	ssl.provider = null
	ssl.secure.random.implementation = null
	ssl.trustmanager.algorithm = PKIX
	ssl.truststore.certificates = null
	ssl.truststore.location = null
	ssl.truststore.password = null
	ssl.truststore.type = JKS
	value.deserializer = class io.apicurio.registry.serde.protobuf.ProtobufKafkaDeserializer

2025-08-06 15:39:02,064 INFO  [org.apa.kaf.com.tel.int.KafkaMetricsCollector] (main) initializing Kafka metrics collector
2025-08-06 15:39:02,069 INFO  [org.apa.kaf.cli.con.ConsumerConfig] (main) These configurations '[apicurio.registry.url, apicurio.protobuf.derive.class]' were supplied but are not used yet.
2025-08-06 15:39:02,069 INFO  [org.apa.kaf.com.uti.AppInfoParser] (main) Kafka version: 3.9.1
2025-08-06 15:39:02,069 INFO  [org.apa.kaf.com.uti.AppInfoParser] (main) Kafka commitId: f745dfdcee2b9851
2025-08-06 15:39:02,069 INFO  [org.apa.kaf.com.uti.AppInfoParser] (main) Kafka startTimeMs: 1754494742069
2025-08-06 15:39:02,069 INFO  [org.apa.kaf.cli.con.int.ClassicKafkaConsumer] (Thread-757) [Consumer clientId=consumer-Consumer-topic-14916925_af13_4bcd_81f2_a3310c0f01f1-21, groupId=Consumer-topic-14916925_af13_4bcd_81f2_a3310c0f01f1] Subscribed to topic(s): topic-14916925_af13_4bcd_81f2_a3310c0f01f1
2025-08-06 15:39:02,072 INFO  [org.apa.kaf.cli.Metadata] (Thread-757) [Consumer clientId=consumer-Consumer-topic-14916925_af13_4bcd_81f2_a3310c0f01f1-21, groupId=Consumer-topic-14916925_af13_4bcd_81f2_a3310c0f01f1] Cluster ID: dgPJ9z-1S5ugXzLx2i-R9Q
2025-08-06 15:39:02,073 INFO  [org.apa.kaf.cli.con.int.ConsumerCoordinator] (Thread-757) [Consumer clientId=consumer-Consumer-topic-14916925_af13_4bcd_81f2_a3310c0f01f1-21, groupId=Consumer-topic-14916925_af13_4bcd_81f2_a3310c0f01f1] Discovered group coordinator localhost:32769 (id: 2147483647 rack: null)
2025-08-06 15:39:02,074 INFO  [org.apa.kaf.cli.con.int.ConsumerCoordinator] (Thread-757) [Consumer clientId=consumer-Consumer-topic-14916925_af13_4bcd_81f2_a3310c0f01f1-21, groupId=Consumer-topic-14916925_af13_4bcd_81f2_a3310c0f01f1] (Re-)joining group
2025-08-06 15:39:02,076 INFO  [org.apa.kaf.cli.con.int.ConsumerCoordinator] (Thread-757) [Consumer clientId=consumer-Consumer-topic-14916925_af13_4bcd_81f2_a3310c0f01f1-21, groupId=Consumer-topic-14916925_af13_4bcd_81f2_a3310c0f01f1] Request joining group due to: need to re-join with the given member-id: consumer-Consumer-topic-14916925_af13_4bcd_81f2_a3310c0f01f1-21-b41537e5-dbe6-4923-96c3-4730923047fc
2025-08-06 15:39:02,076 INFO  [org.apa.kaf.cli.con.int.ConsumerCoordinator] (Thread-757) [Consumer clientId=consumer-Consumer-topic-14916925_af13_4bcd_81f2_a3310c0f01f1-21, groupId=Consumer-topic-14916925_af13_4bcd_81f2_a3310c0f01f1] (Re-)joining group
2025-08-06 15:39:03,069 INFO  [io.api.tes.ser.api.KafkaSerdesTester] (Thread-757) None found
2025-08-06 15:39:04,069 INFO  [io.api.tes.ser.api.KafkaSerdesTester] (Thread-757) None found
2025-08-06 15:39:05,069 INFO  [io.api.tes.ser.api.KafkaSerdesTester] (Thread-757) None found
2025-08-06 15:39:05,078 INFO  [org.apa.kaf.cli.con.int.ConsumerCoordinator] (Thread-757) [Consumer clientId=consumer-Consumer-topic-14916925_af13_4bcd_81f2_a3310c0f01f1-21, groupId=Consumer-topic-14916925_af13_4bcd_81f2_a3310c0f01f1] Successfully joined group with generation Generation{generationId=1, memberId='consumer-Consumer-topic-14916925_af13_4bcd_81f2_a3310c0f01f1-21-b41537e5-dbe6-4923-96c3-4730923047fc', protocol='range'}
2025-08-06 15:39:05,078 INFO  [org.apa.kaf.cli.con.int.ConsumerCoordinator] (Thread-757) [Consumer clientId=consumer-Consumer-topic-14916925_af13_4bcd_81f2_a3310c0f01f1-21, groupId=Consumer-topic-14916925_af13_4bcd_81f2_a3310c0f01f1] Finished assignment for group at generation 1: {consumer-Consumer-topic-14916925_af13_4bcd_81f2_a3310c0f01f1-21-b41537e5-dbe6-4923-96c3-4730923047fc=Assignment(partitions=[topic-14916925_af13_4bcd_81f2_a3310c0f01f1-0])}
2025-08-06 15:39:05,085 INFO  [org.apa.kaf.cli.con.int.ConsumerCoordinator] (Thread-757) [Consumer clientId=consumer-Consumer-topic-14916925_af13_4bcd_81f2_a3310c0f01f1-21, groupId=Consumer-topic-14916925_af13_4bcd_81f2_a3310c0f01f1] Successfully synced group in generation Generation{generationId=1, memberId='consumer-Consumer-topic-14916925_af13_4bcd_81f2_a3310c0f01f1-21-b41537e5-dbe6-4923-96c3-4730923047fc', protocol='range'}
2025-08-06 15:39:05,085 INFO  [org.apa.kaf.cli.con.int.ConsumerCoordinator] (Thread-757) [Consumer clientId=consumer-Consumer-topic-14916925_af13_4bcd_81f2_a3310c0f01f1-21, groupId=Consumer-topic-14916925_af13_4bcd_81f2_a3310c0f01f1] Notifying assignor about the new Assignment(partitions=[topic-14916925_af13_4bcd_81f2_a3310c0f01f1-0])
2025-08-06 15:39:05,085 INFO  [org.apa.kaf.cli.con.int.ConsumerRebalanceListenerInvoker] (Thread-757) [Consumer clientId=consumer-Consumer-topic-14916925_af13_4bcd_81f2_a3310c0f01f1-21, groupId=Consumer-topic-14916925_af13_4bcd_81f2_a3310c0f01f1] Adding newly assigned partitions: topic-14916925_af13_4bcd_81f2_a3310c0f01f1-0
2025-08-06 15:39:05,086 INFO  [org.apa.kaf.cli.con.int.ConsumerCoordinator] (Thread-757) [Consumer clientId=consumer-Consumer-topic-14916925_af13_4bcd_81f2_a3310c0f01f1-21, groupId=Consumer-topic-14916925_af13_4bcd_81f2_a3310c0f01f1] Found no committed offset for partition topic-14916925_af13_4bcd_81f2_a3310c0f01f1-0
2025-08-06 15:39:05,089 INFO  [org.apa.kaf.cli.con.int.SubscriptionState] (Thread-757) [Consumer clientId=consumer-Consumer-topic-14916925_af13_4bcd_81f2_a3310c0f01f1-21, groupId=Consumer-topic-14916925_af13_4bcd_81f2_a3310c0f01f1] Resetting offset for partition topic-14916925_af13_4bcd_81f2_a3310c0f01f1-0 to position FetchPosition{offset=0, offsetEpoch=Optional.empty, currentLeader=LeaderAndEpoch{leader=Optional[localhost:32769 (id: 0 rack: null)], epoch=0}}.
2025-08-06 15:39:05,232 INFO  [io.api.tes.ser.api.KafkaSerdesTester] (Thread-757) topic-14916925_af13_4bcd_81f2_a3310c0f01f1 0 0 header {
  time {
  }
}
d1: 1.754494741133E12
s1: "a"
i1: 123
bi1: 1
point {
  longitude: 22.0
  latitude: 22.0
  altitude: 1.0
}

2025-08-06 15:39:05,232 INFO  [io.api.tes.ser.api.KafkaSerdesTester] (Thread-757) topic-14916925_af13_4bcd_81f2_a3310c0f01f1 0 1 header {
  time {
  }
}
d1: 1.754494741471E12
s1: "a"
i1: 123
bi1: 1
point {
  longitude: 22.0
  latitude: 22.0
  altitude: 1.0
}

2025-08-06 15:39:05,234 INFO  [io.api.tes.ser.api.KafkaSerdesTester] (Thread-757) topic-14916925_af13_4bcd_81f2_a3310c0f01f1 0 2 header {
  time {
  }
}
d1: 1.754494741528E12
s1: "a"
i1: 123
bi1: 1
point {
  longitude: 22.0
  latitude: 22.0
  altitude: 1.0
}

2025-08-06 15:39:05,234 INFO  [io.api.tes.ser.api.KafkaSerdesTester] (Thread-757) topic-14916925_af13_4bcd_81f2_a3310c0f01f1 0 3 header {
  time {
  }
}
d1: 1.754494741587E12
s1: "a"
i1: 123
bi1: 1
point {
  longitude: 22.0
  latitude: 22.0
  altitude: 1.0
}

2025-08-06 15:39:05,235 INFO  [io.api.tes.ser.api.KafkaSerdesTester] (Thread-757) topic-14916925_af13_4bcd_81f2_a3310c0f01f1 0 4 header {
  time {
  }
}
d1: 1.754494741643E12
s1: "a"
i1: 123
bi1: 1
point {
  longitude: 22.0
  latitude: 22.0
  altitude: 1.0
}

2025-08-06 15:39:05,235 INFO  [io.api.tes.ser.api.KafkaSerdesTester] (Thread-757) topic-14916925_af13_4bcd_81f2_a3310c0f01f1 0 5 header {
  time {
  }
}
d1: 1.754494741699E12
s1: "a"
i1: 123
bi1: 1
point {
  longitude: 22.0
  latitude: 22.0
  altitude: 1.0
}

2025-08-06 15:39:05,235 INFO  [io.api.tes.ser.api.KafkaSerdesTester] (Thread-757) topic-14916925_af13_4bcd_81f2_a3310c0f01f1 0 6 header {
  time {
  }
}
d1: 1.754494741759E12
s1: "a"
i1: 123
bi1: 1
point {
  longitude: 22.0
  latitude: 22.0
  altitude: 1.0
}

2025-08-06 15:39:05,235 INFO  [io.api.tes.ser.api.KafkaSerdesTester] (Thread-757) topic-14916925_af13_4bcd_81f2_a3310c0f01f1 0 7 header {
  time {
  }
}
d1: 1.754494741821E12
s1: "a"
i1: 123
bi1: 1
point {
  longitude: 22.0
  latitude: 22.0
  altitude: 1.0
}

2025-08-06 15:39:05,235 INFO  [io.api.tes.ser.api.KafkaSerdesTester] (Thread-757) topic-14916925_af13_4bcd_81f2_a3310c0f01f1 0 8 header {
  time {
  }
}
d1: 1.754494741881E12
s1: "a"
i1: 123
bi1: 1
point {
  longitude: 22.0
  latitude: 22.0
  altitude: 1.0
}

2025-08-06 15:39:05,235 INFO  [io.api.tes.ser.api.KafkaSerdesTester] (Thread-757) topic-14916925_af13_4bcd_81f2_a3310c0f01f1 0 9 header {
  time {
  }
}
d1: 1.754494741942E12
s1: "a"
i1: 123
bi1: 1
point {
  longitude: 22.0
  latitude: 22.0
  altitude: 1.0
}

2025-08-06 15:39:05,235 INFO  [io.api.tes.ser.api.KafkaSerdesTester] (Thread-757) Consumed 10 messages
2025-08-06 15:39:05,246 INFO  [org.apa.kaf.cli.con.int.ConsumerRebalanceListenerInvoker] (Thread-757) [Consumer clientId=consumer-Consumer-topic-14916925_af13_4bcd_81f2_a3310c0f01f1-21, groupId=Consumer-topic-14916925_af13_4bcd_81f2_a3310c0f01f1] Revoke previously assigned partitions topic-14916925_af13_4bcd_81f2_a3310c0f01f1-0
2025-08-06 15:39:05,246 INFO  [org.apa.kaf.cli.con.int.ConsumerCoordinator] (Thread-757) [Consumer clientId=consumer-Consumer-topic-14916925_af13_4bcd_81f2_a3310c0f01f1-21, groupId=Consumer-topic-14916925_af13_4bcd_81f2_a3310c0f01f1] Member consumer-Consumer-topic-14916925_af13_4bcd_81f2_a3310c0f01f1-21-b41537e5-dbe6-4923-96c3-4730923047fc sending LeaveGroup request to coordinator localhost:32769 (id: 2147483647 rack: null) due to the consumer is being closed
2025-08-06 15:39:05,246 INFO  [org.apa.kaf.cli.con.int.ConsumerCoordinator] (Thread-757) [Consumer clientId=consumer-Consumer-topic-14916925_af13_4bcd_81f2_a3310c0f01f1-21, groupId=Consumer-topic-14916925_af13_4bcd_81f2_a3310c0f01f1] Resetting generation and member id due to: consumer pro-actively leaving the group
2025-08-06 15:39:05,246 INFO  [org.apa.kaf.cli.con.int.ConsumerCoordinator] (Thread-757) [Consumer clientId=consumer-Consumer-topic-14916925_af13_4bcd_81f2_a3310c0f01f1-21, groupId=Consumer-topic-14916925_af13_4bcd_81f2_a3310c0f01f1] Request joining group due to: consumer pro-actively leaving the group
2025-08-06 15:39:05,734 INFO  [org.apa.kaf.com.met.Metrics] (Thread-757) Metrics scheduler closed
2025-08-06 15:39:05,734 INFO  [org.apa.kaf.com.met.Metrics] (Thread-757) Closing reporter org.apache.kafka.common.metrics.JmxReporter
2025-08-06 15:39:05,734 INFO  [org.apa.kaf.com.met.Metrics] (Thread-757) Closing reporter org.apache.kafka.common.telemetry.internals.ClientTelemetryReporter
2025-08-06 15:39:05,734 INFO  [org.apa.kaf.com.met.Metrics] (Thread-757) Metrics reporters closed
2025-08-06 15:39:05,736 INFO  [org.apa.kaf.com.uti.AppInfoParser] (Thread-757) App info kafka.consumer for consumer-Consumer-topic-14916925_af13_4bcd_81f2_a3310c0f01f1-21 unregistered
2025-08-06 15:39:05,736 INFO  [io.api.tes.uti.TestSeparator] (main) io.apicurio.tests.serdes.apicurio.ProtobufSerdeIT.testAutoRegisterAndUseBody-FINISHED
2025-08-06 15:39:05,736 INFO  [io.api.tes.uti.TestSeparator] (main) ############################################################################
Test passed: testAutoRegisterAndUseBody
]]></system-out>
  </testcase>
  <testcase name="testValidation" classname="io.apicurio.tests.serdes.apicurio.ProtobufSerdeIT" time="22.187">
    <system-out><![CDATA[2025-08-06 15:39:05,737 INFO  [io.api.tes.uti.TestSeparator] (main) ############################################################################
2025-08-06 15:39:05,737 INFO  [io.api.tes.uti.TestSeparator] (main) io.apicurio.tests.serdes.apicurio.ProtobufSerdeIT.testValidation-STARTED
**** Registry Base URL: http://registry-app-mysql.apps.ci419.apicurio-testing.org:80
2025-08-06 15:39:07,913 INFO  [org.apa.kaf.cli.pro.ProducerConfig] (main) ProducerConfig values: 
	acks = -1
	auto.include.jmx.reporter = true
	batch.size = 16384
	bootstrap.servers = [PLAINTEXT://localhost:32769]
	buffer.memory = 33554432
	client.dns.lookup = use_all_dns_ips
	client.id = Producer-s8ea549e1x29c8x4eccx8045xf52cbb612da6
	compression.gzip.level = -1
	compression.lz4.level = 9
	compression.type = none
	compression.zstd.level = 3
	connections.max.idle.ms = 10000
	delivery.timeout.ms = 120000
	enable.idempotence = true
	enable.metrics.push = true
	interceptor.classes = []
	key.serializer = class org.apache.kafka.common.serialization.StringSerializer
	linger.ms = 0
	max.block.ms = 60000
	max.in.flight.requests.per.connection = 5
	max.request.size = 1048576
	metadata.max.age.ms = 300000
	metadata.max.idle.ms = 300000
	metadata.recovery.strategy = none
	metric.reporters = []
	metrics.num.samples = 2
	metrics.recording.level = INFO
	metrics.sample.window.ms = 30000
	partitioner.adaptive.partitioning.enable = true
	partitioner.availability.timeout.ms = 0
	partitioner.class = null
	partitioner.ignore.keys = false
	receive.buffer.bytes = 32768
	reconnect.backoff.max.ms = 1000
	reconnect.backoff.ms = 50
	request.timeout.ms = 5000
	retries = 2147483647
	retry.backoff.max.ms = 1000
	retry.backoff.ms = 100
	sasl.client.callback.handler.class = null
	sasl.jaas.config = null
	sasl.kerberos.kinit.cmd = /usr/bin/kinit
	sasl.kerberos.min.time.before.relogin = 60000
	sasl.kerberos.service.name = null
	sasl.kerberos.ticket.renew.jitter = 0.05
	sasl.kerberos.ticket.renew.window.factor = 0.8
	sasl.login.callback.handler.class = null
	sasl.login.class = null
	sasl.login.connect.timeout.ms = null
	sasl.login.read.timeout.ms = null
	sasl.login.refresh.buffer.seconds = 300
	sasl.login.refresh.min.period.seconds = 60
	sasl.login.refresh.window.factor = 0.8
	sasl.login.refresh.window.jitter = 0.05
	sasl.login.retry.backoff.max.ms = 10000
	sasl.login.retry.backoff.ms = 100
	sasl.mechanism = GSSAPI
	sasl.oauthbearer.clock.skew.seconds = 30
	sasl.oauthbearer.expected.audience = null
	sasl.oauthbearer.expected.issuer = null
	sasl.oauthbearer.header.urlencode = false
	sasl.oauthbearer.jwks.endpoint.refresh.ms = 3600000
	sasl.oauthbearer.jwks.endpoint.retry.backoff.max.ms = 10000
	sasl.oauthbearer.jwks.endpoint.retry.backoff.ms = 100
	sasl.oauthbearer.jwks.endpoint.url = null
	sasl.oauthbearer.scope.claim.name = scope
	sasl.oauthbearer.sub.claim.name = sub
	sasl.oauthbearer.token.endpoint.url = null
	security.protocol = PLAINTEXT
	security.providers = null
	send.buffer.bytes = 131072
	socket.connection.setup.timeout.max.ms = 30000
	socket.connection.setup.timeout.ms = 10000
	ssl.cipher.suites = null
	ssl.enabled.protocols = [TLSv1.2, TLSv1.3]
	ssl.endpoint.identification.algorithm = https
	ssl.engine.factory.class = null
	ssl.key.password = null
	ssl.keymanager.algorithm = SunX509
	ssl.keystore.certificate.chain = null
	ssl.keystore.key = null
	ssl.keystore.location = null
	ssl.keystore.password = null
	ssl.keystore.type = JKS
	ssl.protocol = TLSv1.3
	ssl.provider = null
	ssl.secure.random.implementation = null
	ssl.trustmanager.algorithm = PKIX
	ssl.truststore.certificates = null
	ssl.truststore.location = null
	ssl.truststore.password = null
	ssl.truststore.type = JKS
	transaction.timeout.ms = 60000
	transactional.id = null
	value.serializer = class io.apicurio.registry.serde.protobuf.ProtobufKafkaSerializer

2025-08-06 15:39:07,914 INFO  [org.apa.kaf.com.tel.int.KafkaMetricsCollector] (main) initializing Kafka metrics collector
2025-08-06 15:39:07,916 INFO  [org.apa.kaf.cli.pro.KafkaProducer] (main) [Producer clientId=Producer-s8ea549e1x29c8x4eccx8045xf52cbb612da6] Instantiated an idempotent producer.
2025-08-06 15:39:07,917 INFO  [org.apa.kaf.cli.pro.ProducerConfig] (main) These configurations '[apicurio.registry.headers.enabled, apicurio.registry.find-latest, apicurio.registry.url, apicurio.registry.artifact-resolver-strategy, apicurio.registry.artifact.version]' were supplied but are not used yet.
2025-08-06 15:39:07,917 INFO  [org.apa.kaf.com.uti.AppInfoParser] (main) Kafka version: 3.9.1
2025-08-06 15:39:07,917 INFO  [org.apa.kaf.com.uti.AppInfoParser] (main) Kafka commitId: f745dfdcee2b9851
2025-08-06 15:39:07,917 INFO  [org.apa.kaf.com.uti.AppInfoParser] (main) Kafka startTimeMs: 1754494747917
2025-08-06 15:39:07,917 INFO  [io.api.tes.ser.api.SimpleSerdesTesterBuilder$SimpleSerdesTester] (main) Using producer configuration: {apicurio.registry.headers.enabled=true, request.timeout.ms=5000, acks=all, bootstrap.servers=PLAINTEXT://localhost:32769, key.serializer=org.apache.kafka.common.serialization.StringSerializer, apicurio.registry.find-latest=false, apicurio.registry.url=http://registry-app-mysql.apps.ci419.apicurio-testing.org:80/apis/registry/v3, apicurio.registry.artifact-resolver-strategy=io.apicurio.registry.serde.strategy.TopicIdStrategy, value.serializer=io.apicurio.registry.serde.protobuf.ProtobufKafkaSerializer, connections.max.idle.ms=10000, apicurio.registry.artifact.version=1, client.id=Producer-s8ea549e1x29c8x4eccx8045xf52cbb612da6}
2025-08-06 15:39:07,917 INFO  [io.api.tes.ser.api.SimpleSerdesTesterBuilder$SimpleSerdesTester] (main) Using consumer configuration: {apicurio.registry.headers.enabled=true}
2025-08-06 15:39:07,918 INFO  [io.api.tes.ser.api.KafkaSerdesTester] (Thread-760) Sending message header {
  time {
  }
}
d1: 1.754494747918E12
s1: "a"
i1: 123
bi1: 1
point {
  longitude: 22.0
  latitude: 22.0
  altitude: 1.0
}
 to topic s8ea549e1x29c8x4eccx8045xf52cbb612da6
2025-08-06 15:39:07,920 INFO  [org.apa.kaf.cli.Metadata] (kafka-producer-network-thread | Producer-s8ea549e1x29c8x4eccx8045xf52cbb612da6) [Producer clientId=Producer-s8ea549e1x29c8x4eccx8045xf52cbb612da6] Cluster ID: dgPJ9z-1S5ugXzLx2i-R9Q
2025-08-06 15:39:07,920 INFO  [org.apa.kaf.cli.pro.int.TransactionManager] (kafka-producer-network-thread | Producer-s8ea549e1x29c8x4eccx8045xf52cbb612da6) [Producer clientId=Producer-s8ea549e1x29c8x4eccx8045xf52cbb612da6] ProducerId set to 29 with epoch 0
2025-08-06 15:39:09,060 INFO  [io.api.tes.ser.api.KafkaSerdesTester] (Thread-760) Sending message header {
  time {
  }
}
d1: 1.75449474906E12
s1: "a"
i1: 123
bi1: 1
point {
  longitude: 22.0
  latitude: 22.0
  altitude: 1.0
}
 to topic s8ea549e1x29c8x4eccx8045xf52cbb612da6
2025-08-06 15:39:09,062 INFO  [io.api.tes.ser.api.KafkaSerdesTester] (Thread-760) Sending message header {
  time {
  }
}
d1: 1.754494749062E12
s1: "a"
i1: 123
bi1: 1
point {
  longitude: 22.0
  latitude: 22.0
  altitude: 1.0
}
 to topic s8ea549e1x29c8x4eccx8045xf52cbb612da6
2025-08-06 15:39:09,064 INFO  [io.api.tes.ser.api.KafkaSerdesTester] (Thread-760) Sending message header {
  time {
  }
}
d1: 1.754494749064E12
s1: "a"
i1: 123
bi1: 1
point {
  longitude: 22.0
  latitude: 22.0
  altitude: 1.0
}
 to topic s8ea549e1x29c8x4eccx8045xf52cbb612da6
2025-08-06 15:39:09,068 INFO  [io.api.tes.ser.api.KafkaSerdesTester] (Thread-760) Sending message header {
  time {
  }
}
d1: 1.754494749068E12
s1: "a"
i1: 123
bi1: 1
point {
  longitude: 22.0
  latitude: 22.0
  altitude: 1.0
}
 to topic s8ea549e1x29c8x4eccx8045xf52cbb612da6
2025-08-06 15:39:09,070 INFO  [io.api.tes.ser.api.KafkaSerdesTester] (Thread-760) Sending message header {
  time {
  }
}
d1: 1.75449474907E12
s1: "a"
i1: 123
bi1: 1
point {
  longitude: 22.0
  latitude: 22.0
  altitude: 1.0
}
 to topic s8ea549e1x29c8x4eccx8045xf52cbb612da6
2025-08-06 15:39:09,071 INFO  [io.api.tes.ser.api.KafkaSerdesTester] (Thread-760) Sending message header {
  time {
  }
}
d1: 1.754494749071E12
s1: "a"
i1: 123
bi1: 1
point {
  longitude: 22.0
  latitude: 22.0
  altitude: 1.0
}
 to topic s8ea549e1x29c8x4eccx8045xf52cbb612da6
2025-08-06 15:39:09,076 INFO  [io.api.tes.ser.api.KafkaSerdesTester] (Thread-760) Sending message header {
  time {
  }
}
d1: 1.754494749076E12
s1: "a"
i1: 123
bi1: 1
point {
  longitude: 22.0
  latitude: 22.0
  altitude: 1.0
}
 to topic s8ea549e1x29c8x4eccx8045xf52cbb612da6
2025-08-06 15:39:09,079 INFO  [io.api.tes.ser.api.KafkaSerdesTester] (Thread-760) Sending message header {
  time {
  }
}
d1: 1.754494749079E12
s1: "a"
i1: 123
bi1: 1
point {
  longitude: 22.0
  latitude: 22.0
  altitude: 1.0
}
 to topic s8ea549e1x29c8x4eccx8045xf52cbb612da6
2025-08-06 15:39:09,082 INFO  [io.api.tes.ser.api.KafkaSerdesTester] (Thread-760) Sending message header {
  time {
  }
}
d1: 1.754494749082E12
s1: "a"
i1: 123
bi1: 1
point {
  longitude: 22.0
  latitude: 22.0
  altitude: 1.0
}
 to topic s8ea549e1x29c8x4eccx8045xf52cbb612da6
2025-08-06 15:39:09,086 INFO  [io.api.tes.ser.api.KafkaSerdesTester] (Thread-760) Produced 10 messages
2025-08-06 15:39:09,086 INFO  [org.apa.kaf.cli.pro.KafkaProducer] (Thread-760) [Producer clientId=Producer-s8ea549e1x29c8x4eccx8045xf52cbb612da6] Closing the Kafka producer with timeoutMillis = 9223372036854775807 ms.
2025-08-06 15:39:09,087 INFO  [org.apa.kaf.com.met.Metrics] (Thread-760) Metrics scheduler closed
2025-08-06 15:39:09,087 INFO  [org.apa.kaf.com.met.Metrics] (Thread-760) Closing reporter org.apache.kafka.common.metrics.JmxReporter
2025-08-06 15:39:09,087 INFO  [org.apa.kaf.com.met.Metrics] (Thread-760) Closing reporter org.apache.kafka.common.telemetry.internals.ClientTelemetryReporter
2025-08-06 15:39:09,087 INFO  [org.apa.kaf.com.met.Metrics] (Thread-760) Metrics reporters closed
2025-08-06 15:39:09,088 INFO  [org.apa.kaf.com.uti.AppInfoParser] (Thread-760) App info kafka.producer for Producer-s8ea549e1x29c8x4eccx8045xf52cbb612da6 unregistered
**** Registry Base URL: http://registry-app-mysql.apps.ci419.apicurio-testing.org:80
2025-08-06 15:39:09,088 INFO  [org.apa.kaf.cli.con.ConsumerConfig] (main) ConsumerConfig values: 
	allow.auto.create.topics = true
	auto.commit.interval.ms = 500
	auto.include.jmx.reporter = true
	auto.offset.reset = earliest
	bootstrap.servers = [PLAINTEXT://localhost:32769]
	check.crcs = true
	client.dns.lookup = use_all_dns_ips
	client.id = consumer-Consumer-s8ea549e1x29c8x4eccx8045xf52cbb612da6-22
	client.rack = 
	connections.max.idle.ms = 10000
	default.api.timeout.ms = 60000
	enable.auto.commit = true
	enable.metrics.push = true
	exclude.internal.topics = true
	fetch.max.bytes = 52428800
	fetch.max.wait.ms = 500
	fetch.min.bytes = 1
	group.id = Consumer-s8ea549e1x29c8x4eccx8045xf52cbb612da6
	group.instance.id = null
	group.protocol = classic
	group.remote.assignor = null
	heartbeat.interval.ms = 3000
	interceptor.classes = []
	internal.leave.group.on.close = true
	internal.throw.on.fetch.stable.offset.unsupported = false
	isolation.level = read_uncommitted
	key.deserializer = class org.apache.kafka.common.serialization.StringDeserializer
	max.partition.fetch.bytes = 1048576
	max.poll.interval.ms = 300000
	max.poll.records = 500
	metadata.max.age.ms = 300000
	metadata.recovery.strategy = none
	metric.reporters = []
	metrics.num.samples = 2
	metrics.recording.level = INFO
	metrics.sample.window.ms = 30000
	partition.assignment.strategy = [class org.apache.kafka.clients.consumer.RangeAssignor, class org.apache.kafka.clients.consumer.CooperativeStickyAssignor]
	receive.buffer.bytes = 65536
	reconnect.backoff.max.ms = 1000
	reconnect.backoff.ms = 50
	request.timeout.ms = 5000
	retry.backoff.max.ms = 1000
	retry.backoff.ms = 100
	sasl.client.callback.handler.class = null
	sasl.jaas.config = null
	sasl.kerberos.kinit.cmd = /usr/bin/kinit
	sasl.kerberos.min.time.before.relogin = 60000
	sasl.kerberos.service.name = null
	sasl.kerberos.ticket.renew.jitter = 0.05
	sasl.kerberos.ticket.renew.window.factor = 0.8
	sasl.login.callback.handler.class = null
	sasl.login.class = null
	sasl.login.connect.timeout.ms = null
	sasl.login.read.timeout.ms = null
	sasl.login.refresh.buffer.seconds = 300
	sasl.login.refresh.min.period.seconds = 60
	sasl.login.refresh.window.factor = 0.8
	sasl.login.refresh.window.jitter = 0.05
	sasl.login.retry.backoff.max.ms = 10000
	sasl.login.retry.backoff.ms = 100
	sasl.mechanism = GSSAPI
	sasl.oauthbearer.clock.skew.seconds = 30
	sasl.oauthbearer.expected.audience = null
	sasl.oauthbearer.expected.issuer = null
	sasl.oauthbearer.header.urlencode = false
	sasl.oauthbearer.jwks.endpoint.refresh.ms = 3600000
	sasl.oauthbearer.jwks.endpoint.retry.backoff.max.ms = 10000
	sasl.oauthbearer.jwks.endpoint.retry.backoff.ms = 100
	sasl.oauthbearer.jwks.endpoint.url = null
	sasl.oauthbearer.scope.claim.name = scope
	sasl.oauthbearer.sub.claim.name = sub
	sasl.oauthbearer.token.endpoint.url = null
	security.protocol = PLAINTEXT
	security.providers = null
	send.buffer.bytes = 131072
	session.timeout.ms = 45000
	socket.connection.setup.timeout.max.ms = 30000
	socket.connection.setup.timeout.ms = 10000
	ssl.cipher.suites = null
	ssl.enabled.protocols = [TLSv1.2, TLSv1.3]
	ssl.endpoint.identification.algorithm = https
	ssl.engine.factory.class = null
	ssl.key.password = null
	ssl.keymanager.algorithm = SunX509
	ssl.keystore.certificate.chain = null
	ssl.keystore.key = null
	ssl.keystore.location = null
	ssl.keystore.password = null
	ssl.keystore.type = JKS
	ssl.protocol = TLSv1.3
	ssl.provider = null
	ssl.secure.random.implementation = null
	ssl.trustmanager.algorithm = PKIX
	ssl.truststore.certificates = null
	ssl.truststore.location = null
	ssl.truststore.password = null
	ssl.truststore.type = JKS
	value.deserializer = class io.apicurio.registry.serde.protobuf.ProtobufKafkaDeserializer

2025-08-06 15:39:09,088 INFO  [org.apa.kaf.com.tel.int.KafkaMetricsCollector] (main) initializing Kafka metrics collector
2025-08-06 15:39:09,105 INFO  [org.apa.kaf.cli.con.ConsumerConfig] (main) These configurations '[apicurio.registry.url, apicurio.registry.headers.enabled]' were supplied but are not used yet.
2025-08-06 15:39:09,105 INFO  [org.apa.kaf.com.uti.AppInfoParser] (main) Kafka version: 3.9.1
2025-08-06 15:39:09,105 INFO  [org.apa.kaf.com.uti.AppInfoParser] (main) Kafka commitId: f745dfdcee2b9851
2025-08-06 15:39:09,105 INFO  [org.apa.kaf.com.uti.AppInfoParser] (main) Kafka startTimeMs: 1754494749105
2025-08-06 15:39:09,106 INFO  [org.apa.kaf.cli.con.int.ClassicKafkaConsumer] (Thread-763) [Consumer clientId=consumer-Consumer-s8ea549e1x29c8x4eccx8045xf52cbb612da6-22, groupId=Consumer-s8ea549e1x29c8x4eccx8045xf52cbb612da6] Subscribed to topic(s): s8ea549e1x29c8x4eccx8045xf52cbb612da6
2025-08-06 15:39:09,110 INFO  [org.apa.kaf.cli.Metadata] (Thread-763) [Consumer clientId=consumer-Consumer-s8ea549e1x29c8x4eccx8045xf52cbb612da6-22, groupId=Consumer-s8ea549e1x29c8x4eccx8045xf52cbb612da6] Cluster ID: dgPJ9z-1S5ugXzLx2i-R9Q
2025-08-06 15:39:09,110 INFO  [org.apa.kaf.cli.con.int.ConsumerCoordinator] (Thread-763) [Consumer clientId=consumer-Consumer-s8ea549e1x29c8x4eccx8045xf52cbb612da6-22, groupId=Consumer-s8ea549e1x29c8x4eccx8045xf52cbb612da6] Discovered group coordinator localhost:32769 (id: 2147483647 rack: null)
2025-08-06 15:39:09,116 INFO  [org.apa.kaf.cli.con.int.ConsumerCoordinator] (Thread-763) [Consumer clientId=consumer-Consumer-s8ea549e1x29c8x4eccx8045xf52cbb612da6-22, groupId=Consumer-s8ea549e1x29c8x4eccx8045xf52cbb612da6] (Re-)joining group
2025-08-06 15:39:09,118 INFO  [org.apa.kaf.cli.con.int.ConsumerCoordinator] (Thread-763) [Consumer clientId=consumer-Consumer-s8ea549e1x29c8x4eccx8045xf52cbb612da6-22, groupId=Consumer-s8ea549e1x29c8x4eccx8045xf52cbb612da6] Request joining group due to: need to re-join with the given member-id: consumer-Consumer-s8ea549e1x29c8x4eccx8045xf52cbb612da6-22-0528fdc4-3475-4fe3-a066-f7ed56881bf0
2025-08-06 15:39:09,118 INFO  [org.apa.kaf.cli.con.int.ConsumerCoordinator] (Thread-763) [Consumer clientId=consumer-Consumer-s8ea549e1x29c8x4eccx8045xf52cbb612da6-22, groupId=Consumer-s8ea549e1x29c8x4eccx8045xf52cbb612da6] (Re-)joining group
2025-08-06 15:39:10,106 INFO  [io.api.tes.ser.api.KafkaSerdesTester] (Thread-763) None found
2025-08-06 15:39:11,106 INFO  [io.api.tes.ser.api.KafkaSerdesTester] (Thread-763) None found
2025-08-06 15:39:12,106 INFO  [io.api.tes.ser.api.KafkaSerdesTester] (Thread-763) None found
2025-08-06 15:39:12,122 INFO  [org.apa.kaf.cli.con.int.ConsumerCoordinator] (Thread-763) [Consumer clientId=consumer-Consumer-s8ea549e1x29c8x4eccx8045xf52cbb612da6-22, groupId=Consumer-s8ea549e1x29c8x4eccx8045xf52cbb612da6] Successfully joined group with generation Generation{generationId=1, memberId='consumer-Consumer-s8ea549e1x29c8x4eccx8045xf52cbb612da6-22-0528fdc4-3475-4fe3-a066-f7ed56881bf0', protocol='range'}
2025-08-06 15:39:12,122 INFO  [org.apa.kaf.cli.con.int.ConsumerCoordinator] (Thread-763) [Consumer clientId=consumer-Consumer-s8ea549e1x29c8x4eccx8045xf52cbb612da6-22, groupId=Consumer-s8ea549e1x29c8x4eccx8045xf52cbb612da6] Finished assignment for group at generation 1: {consumer-Consumer-s8ea549e1x29c8x4eccx8045xf52cbb612da6-22-0528fdc4-3475-4fe3-a066-f7ed56881bf0=Assignment(partitions=[s8ea549e1x29c8x4eccx8045xf52cbb612da6-0])}
2025-08-06 15:39:12,128 INFO  [org.apa.kaf.cli.con.int.ConsumerCoordinator] (Thread-763) [Consumer clientId=consumer-Consumer-s8ea549e1x29c8x4eccx8045xf52cbb612da6-22, groupId=Consumer-s8ea549e1x29c8x4eccx8045xf52cbb612da6] Successfully synced group in generation Generation{generationId=1, memberId='consumer-Consumer-s8ea549e1x29c8x4eccx8045xf52cbb612da6-22-0528fdc4-3475-4fe3-a066-f7ed56881bf0', protocol='range'}
2025-08-06 15:39:12,128 INFO  [org.apa.kaf.cli.con.int.ConsumerCoordinator] (Thread-763) [Consumer clientId=consumer-Consumer-s8ea549e1x29c8x4eccx8045xf52cbb612da6-22, groupId=Consumer-s8ea549e1x29c8x4eccx8045xf52cbb612da6] Notifying assignor about the new Assignment(partitions=[s8ea549e1x29c8x4eccx8045xf52cbb612da6-0])
2025-08-06 15:39:12,128 INFO  [org.apa.kaf.cli.con.int.ConsumerRebalanceListenerInvoker] (Thread-763) [Consumer clientId=consumer-Consumer-s8ea549e1x29c8x4eccx8045xf52cbb612da6-22, groupId=Consumer-s8ea549e1x29c8x4eccx8045xf52cbb612da6] Adding newly assigned partitions: s8ea549e1x29c8x4eccx8045xf52cbb612da6-0
2025-08-06 15:39:12,129 INFO  [org.apa.kaf.cli.con.int.ConsumerCoordinator] (Thread-763) [Consumer clientId=consumer-Consumer-s8ea549e1x29c8x4eccx8045xf52cbb612da6-22, groupId=Consumer-s8ea549e1x29c8x4eccx8045xf52cbb612da6] Found no committed offset for partition s8ea549e1x29c8x4eccx8045xf52cbb612da6-0
2025-08-06 15:39:12,130 INFO  [org.apa.kaf.cli.con.int.SubscriptionState] (Thread-763) [Consumer clientId=consumer-Consumer-s8ea549e1x29c8x4eccx8045xf52cbb612da6-22, groupId=Consumer-s8ea549e1x29c8x4eccx8045xf52cbb612da6] Resetting offset for partition s8ea549e1x29c8x4eccx8045xf52cbb612da6-0 to position FetchPosition{offset=0, offsetEpoch=Optional.empty, currentLeader=LeaderAndEpoch{leader=Optional[localhost:32769 (id: 0 rack: null)], epoch=0}}.
2025-08-06 15:39:12,273 INFO  [io.api.tes.ser.api.KafkaSerdesTester] (Thread-763) s8ea549e1x29c8x4eccx8045xf52cbb612da6 0 0 header {
  time {
  }
}
d1: 1.754494747918E12
s1: "a"
i1: 123
bi1: 1
point {
  longitude: 22.0
  latitude: 22.0
  altitude: 1.0
}

2025-08-06 15:39:12,274 INFO  [io.api.tes.ser.api.KafkaSerdesTester] (Thread-763) s8ea549e1x29c8x4eccx8045xf52cbb612da6 0 1 header {
  time {
  }
}
d1: 1.75449474906E12
s1: "a"
i1: 123
bi1: 1
point {
  longitude: 22.0
  latitude: 22.0
  altitude: 1.0
}

2025-08-06 15:39:12,274 INFO  [io.api.tes.ser.api.KafkaSerdesTester] (Thread-763) s8ea549e1x29c8x4eccx8045xf52cbb612da6 0 2 header {
  time {
  }
}
d1: 1.754494749062E12
s1: "a"
i1: 123
bi1: 1
point {
  longitude: 22.0
  latitude: 22.0
  altitude: 1.0
}

2025-08-06 15:39:12,274 INFO  [io.api.tes.ser.api.KafkaSerdesTester] (Thread-763) s8ea549e1x29c8x4eccx8045xf52cbb612da6 0 3 header {
  time {
  }
}
d1: 1.754494749064E12
s1: "a"
i1: 123
bi1: 1
point {
  longitude: 22.0
  latitude: 22.0
  altitude: 1.0
}

2025-08-06 15:39:12,274 INFO  [io.api.tes.ser.api.KafkaSerdesTester] (Thread-763) s8ea549e1x29c8x4eccx8045xf52cbb612da6 0 4 header {
  time {
  }
}
d1: 1.754494749068E12
s1: "a"
i1: 123
bi1: 1
point {
  longitude: 22.0
  latitude: 22.0
  altitude: 1.0
}

2025-08-06 15:39:12,274 INFO  [io.api.tes.ser.api.KafkaSerdesTester] (Thread-763) s8ea549e1x29c8x4eccx8045xf52cbb612da6 0 5 header {
  time {
  }
}
d1: 1.75449474907E12
s1: "a"
i1: 123
bi1: 1
point {
  longitude: 22.0
  latitude: 22.0
  altitude: 1.0
}

2025-08-06 15:39:12,274 INFO  [io.api.tes.ser.api.KafkaSerdesTester] (Thread-763) s8ea549e1x29c8x4eccx8045xf52cbb612da6 0 6 header {
  time {
  }
}
d1: 1.754494749071E12
s1: "a"
i1: 123
bi1: 1
point {
  longitude: 22.0
  latitude: 22.0
  altitude: 1.0
}

2025-08-06 15:39:12,274 INFO  [io.api.tes.ser.api.KafkaSerdesTester] (Thread-763) s8ea549e1x29c8x4eccx8045xf52cbb612da6 0 7 header {
  time {
  }
}
d1: 1.754494749076E12
s1: "a"
i1: 123
bi1: 1
point {
  longitude: 22.0
  latitude: 22.0
  altitude: 1.0
}

2025-08-06 15:39:12,275 INFO  [io.api.tes.ser.api.KafkaSerdesTester] (Thread-763) s8ea549e1x29c8x4eccx8045xf52cbb612da6 0 8 header {
  time {
  }
}
d1: 1.754494749079E12
s1: "a"
i1: 123
bi1: 1
point {
  longitude: 22.0
  latitude: 22.0
  altitude: 1.0
}

2025-08-06 15:39:12,275 INFO  [io.api.tes.ser.api.KafkaSerdesTester] (Thread-763) s8ea549e1x29c8x4eccx8045xf52cbb612da6 0 9 header {
  time {
  }
}
d1: 1.754494749082E12
s1: "a"
i1: 123
bi1: 1
point {
  longitude: 22.0
  latitude: 22.0
  altitude: 1.0
}

2025-08-06 15:39:12,275 INFO  [io.api.tes.ser.api.KafkaSerdesTester] (Thread-763) Consumed 10 messages
2025-08-06 15:39:12,281 INFO  [org.apa.kaf.cli.con.int.ConsumerRebalanceListenerInvoker] (Thread-763) [Consumer clientId=consumer-Consumer-s8ea549e1x29c8x4eccx8045xf52cbb612da6-22, groupId=Consumer-s8ea549e1x29c8x4eccx8045xf52cbb612da6] Revoke previously assigned partitions s8ea549e1x29c8x4eccx8045xf52cbb612da6-0
2025-08-06 15:39:12,281 INFO  [org.apa.kaf.cli.con.int.ConsumerCoordinator] (Thread-763) [Consumer clientId=consumer-Consumer-s8ea549e1x29c8x4eccx8045xf52cbb612da6-22, groupId=Consumer-s8ea549e1x29c8x4eccx8045xf52cbb612da6] Member consumer-Consumer-s8ea549e1x29c8x4eccx8045xf52cbb612da6-22-0528fdc4-3475-4fe3-a066-f7ed56881bf0 sending LeaveGroup request to coordinator localhost:32769 (id: 2147483647 rack: null) due to the consumer is being closed
2025-08-06 15:39:12,281 INFO  [org.apa.kaf.cli.con.int.ConsumerCoordinator] (Thread-763) [Consumer clientId=consumer-Consumer-s8ea549e1x29c8x4eccx8045xf52cbb612da6-22, groupId=Consumer-s8ea549e1x29c8x4eccx8045xf52cbb612da6] Resetting generation and member id due to: consumer pro-actively leaving the group
2025-08-06 15:39:12,281 INFO  [org.apa.kaf.cli.con.int.ConsumerCoordinator] (Thread-763) [Consumer clientId=consumer-Consumer-s8ea549e1x29c8x4eccx8045xf52cbb612da6-22, groupId=Consumer-s8ea549e1x29c8x4eccx8045xf52cbb612da6] Request joining group due to: consumer pro-actively leaving the group
2025-08-06 15:39:12,777 INFO  [org.apa.kaf.com.met.Metrics] (Thread-763) Metrics scheduler closed
2025-08-06 15:39:12,777 INFO  [org.apa.kaf.com.met.Metrics] (Thread-763) Closing reporter org.apache.kafka.common.metrics.JmxReporter
2025-08-06 15:39:12,777 INFO  [org.apa.kaf.com.met.Metrics] (Thread-763) Closing reporter org.apache.kafka.common.telemetry.internals.ClientTelemetryReporter
2025-08-06 15:39:12,777 INFO  [org.apa.kaf.com.met.Metrics] (Thread-763) Metrics reporters closed
2025-08-06 15:39:12,779 INFO  [org.apa.kaf.com.uti.AppInfoParser] (Thread-763) App info kafka.consumer for consumer-Consumer-s8ea549e1x29c8x4eccx8045xf52cbb612da6-22 unregistered
**** Registry Base URL: http://registry-app-mysql.apps.ci419.apicurio-testing.org:80
2025-08-06 15:39:12,780 INFO  [org.apa.kaf.cli.pro.ProducerConfig] (main) ProducerConfig values: 
	acks = -1
	auto.include.jmx.reporter = true
	batch.size = 16384
	bootstrap.servers = [PLAINTEXT://localhost:32769]
	buffer.memory = 33554432
	client.dns.lookup = use_all_dns_ips
	client.id = Producer-s8ea549e1x29c8x4eccx8045xf52cbb612da6
	compression.gzip.level = -1
	compression.lz4.level = 9
	compression.type = none
	compression.zstd.level = 3
	connections.max.idle.ms = 10000
	delivery.timeout.ms = 120000
	enable.idempotence = true
	enable.metrics.push = true
	interceptor.classes = []
	key.serializer = class org.apache.kafka.common.serialization.StringSerializer
	linger.ms = 0
	max.block.ms = 60000
	max.in.flight.requests.per.connection = 5
	max.request.size = 1048576
	metadata.max.age.ms = 300000
	metadata.max.idle.ms = 300000
	metadata.recovery.strategy = none
	metric.reporters = []
	metrics.num.samples = 2
	metrics.recording.level = INFO
	metrics.sample.window.ms = 30000
	partitioner.adaptive.partitioning.enable = true
	partitioner.availability.timeout.ms = 0
	partitioner.class = null
	partitioner.ignore.keys = false
	receive.buffer.bytes = 32768
	reconnect.backoff.max.ms = 1000
	reconnect.backoff.ms = 50
	request.timeout.ms = 5000
	retries = 2147483647
	retry.backoff.max.ms = 1000
	retry.backoff.ms = 100
	sasl.client.callback.handler.class = null
	sasl.jaas.config = null
	sasl.kerberos.kinit.cmd = /usr/bin/kinit
	sasl.kerberos.min.time.before.relogin = 60000
	sasl.kerberos.service.name = null
	sasl.kerberos.ticket.renew.jitter = 0.05
	sasl.kerberos.ticket.renew.window.factor = 0.8
	sasl.login.callback.handler.class = null
	sasl.login.class = null
	sasl.login.connect.timeout.ms = null
	sasl.login.read.timeout.ms = null
	sasl.login.refresh.buffer.seconds = 300
	sasl.login.refresh.min.period.seconds = 60
	sasl.login.refresh.window.factor = 0.8
	sasl.login.refresh.window.jitter = 0.05
	sasl.login.retry.backoff.max.ms = 10000
	sasl.login.retry.backoff.ms = 100
	sasl.mechanism = GSSAPI
	sasl.oauthbearer.clock.skew.seconds = 30
	sasl.oauthbearer.expected.audience = null
	sasl.oauthbearer.expected.issuer = null
	sasl.oauthbearer.header.urlencode = false
	sasl.oauthbearer.jwks.endpoint.refresh.ms = 3600000
	sasl.oauthbearer.jwks.endpoint.retry.backoff.max.ms = 10000
	sasl.oauthbearer.jwks.endpoint.retry.backoff.ms = 100
	sasl.oauthbearer.jwks.endpoint.url = null
	sasl.oauthbearer.scope.claim.name = scope
	sasl.oauthbearer.sub.claim.name = sub
	sasl.oauthbearer.token.endpoint.url = null
	security.protocol = PLAINTEXT
	security.providers = null
	send.buffer.bytes = 131072
	socket.connection.setup.timeout.max.ms = 30000
	socket.connection.setup.timeout.ms = 10000
	ssl.cipher.suites = null
	ssl.enabled.protocols = [TLSv1.2, TLSv1.3]
	ssl.endpoint.identification.algorithm = https
	ssl.engine.factory.class = null
	ssl.key.password = null
	ssl.keymanager.algorithm = SunX509
	ssl.keystore.certificate.chain = null
	ssl.keystore.key = null
	ssl.keystore.location = null
	ssl.keystore.password = null
	ssl.keystore.type = JKS
	ssl.protocol = TLSv1.3
	ssl.provider = null
	ssl.secure.random.implementation = null
	ssl.trustmanager.algorithm = PKIX
	ssl.truststore.certificates = null
	ssl.truststore.location = null
	ssl.truststore.password = null
	ssl.truststore.type = JKS
	transaction.timeout.ms = 60000
	transactional.id = null
	value.serializer = class io.apicurio.registry.serde.protobuf.ProtobufKafkaSerializer

2025-08-06 15:39:12,780 INFO  [org.apa.kaf.com.tel.int.KafkaMetricsCollector] (main) initializing Kafka metrics collector
2025-08-06 15:39:12,784 INFO  [org.apa.kaf.cli.pro.KafkaProducer] (main) [Producer clientId=Producer-s8ea549e1x29c8x4eccx8045xf52cbb612da6] Instantiated an idempotent producer.
2025-08-06 15:39:12,785 INFO  [org.apa.kaf.cli.pro.ProducerConfig] (main) These configurations '[apicurio.registry.find-latest, apicurio.registry.url, apicurio.registry.headers.enabled, apicurio.registry.artifact-resolver-strategy]' were supplied but are not used yet.
2025-08-06 15:39:12,785 INFO  [org.apa.kaf.com.uti.AppInfoParser] (main) Kafka version: 3.9.1
2025-08-06 15:39:12,785 INFO  [org.apa.kaf.com.uti.AppInfoParser] (main) Kafka commitId: f745dfdcee2b9851
2025-08-06 15:39:12,785 INFO  [org.apa.kaf.com.uti.AppInfoParser] (main) Kafka startTimeMs: 1754494752785
2025-08-06 15:39:12,785 INFO  [io.api.tes.ser.api.SimpleSerdesTesterBuilder$SimpleSerdesTester] (main) Using producer configuration: {apicurio.registry.find-latest=false, apicurio.registry.url=http://registry-app-mysql.apps.ci419.apicurio-testing.org:80/apis/registry/v3, apicurio.registry.headers.enabled=true, apicurio.registry.artifact-resolver-strategy=io.apicurio.registry.serde.strategy.TopicIdStrategy, value.serializer=io.apicurio.registry.serde.protobuf.ProtobufKafkaSerializer, request.timeout.ms=5000, acks=all, bootstrap.servers=PLAINTEXT://localhost:32769, connections.max.idle.ms=10000, key.serializer=org.apache.kafka.common.serialization.StringSerializer, client.id=Producer-s8ea549e1x29c8x4eccx8045xf52cbb612da6}
2025-08-06 15:39:12,785 INFO  [io.api.tes.ser.api.SimpleSerdesTesterBuilder$SimpleSerdesTester] (main) Using consumer configuration: {apicurio.registry.headers.enabled=true}
2025-08-06 15:39:12,786 INFO  [io.api.tes.ser.api.KafkaSerdesTester] (Thread-766) Sending message header {
  time {
  }
}
d1: 1.754494752786E12
s1: "a"
i1: 123
bi1: 1
point {
  longitude: 22.0
  latitude: 22.0
  altitude: 1.0
}
 to topic s8ea549e1x29c8x4eccx8045xf52cbb612da6
2025-08-06 15:39:12,788 INFO  [org.apa.kaf.cli.Metadata] (kafka-producer-network-thread | Producer-s8ea549e1x29c8x4eccx8045xf52cbb612da6) [Producer clientId=Producer-s8ea549e1x29c8x4eccx8045xf52cbb612da6] Cluster ID: dgPJ9z-1S5ugXzLx2i-R9Q
2025-08-06 15:39:12,788 INFO  [org.apa.kaf.cli.pro.int.TransactionManager] (kafka-producer-network-thread | Producer-s8ea549e1x29c8x4eccx8045xf52cbb612da6) [Producer clientId=Producer-s8ea549e1x29c8x4eccx8045xf52cbb612da6] ProducerId set to 30 with epoch 0
2025-08-06 15:39:12,788 INFO  [DefaultSchemaResolver] (Thread-766) Retrieving schema content using string: // Proto schema formatted by Wire, do not edit.
// Source: 

syntax = "proto3";

package io.apicurio.tests.protobuf;

import "google/protobuf/timestamp.proto";

option java_multiple_files = true;

message ProtobufTestMessage {
  .io.apicurio.tests.protobuf.Header header = 1;

  double d1 = 2;

  string s1 = 4;

  int32 i1 = 7;

  int64 bi1 = 12;

  .google.protobuf.Timestamp state_time = 22;

  .io.apicurio.tests.protobuf.Point point = 30;
}

message Header {
  .google.protobuf.Timestamp time = 1;

  string source = 2;

  string destination = 3;

  string uuid = 4;

  repeated string source_uuids = 5;

  string message_type_id = 6;

  string raw_message = 7;
}

message Point {
  oneof longitude_oneof {
    double longitude = 1;
  }

  oneof latitude_oneof {
    double latitude = 2;
  }

  oneof altitude_oneof {
    double altitude = 3;
  }
}

2025-08-06 15:39:12,851 INFO  [io.api.tes.ser.api.KafkaSerdesTester] (Thread-766) Sending message header {
  time {
  }
}
d1: 1.754494752851E12
s1: "a"
i1: 123
bi1: 1
point {
  longitude: 22.0
  latitude: 22.0
  altitude: 1.0
}
 to topic s8ea549e1x29c8x4eccx8045xf52cbb612da6
2025-08-06 15:39:12,854 INFO  [io.api.tes.ser.api.KafkaSerdesTester] (Thread-766) Sending message header {
  time {
  }
}
d1: 1.754494752854E12
s1: "a"
i1: 123
bi1: 1
point {
  longitude: 22.0
  latitude: 22.0
  altitude: 1.0
}
 to topic s8ea549e1x29c8x4eccx8045xf52cbb612da6
2025-08-06 15:39:12,857 INFO  [io.api.tes.ser.api.KafkaSerdesTester] (Thread-766) Sending message header {
  time {
  }
}
d1: 1.754494752857E12
s1: "a"
i1: 123
bi1: 1
point {
  longitude: 22.0
  latitude: 22.0
  altitude: 1.0
}
 to topic s8ea549e1x29c8x4eccx8045xf52cbb612da6
2025-08-06 15:39:12,859 INFO  [io.api.tes.ser.api.KafkaSerdesTester] (Thread-766) Sending message header {
  time {
  }
}
d1: 1.754494752859E12
s1: "a"
i1: 123
bi1: 1
point {
  longitude: 22.0
  latitude: 22.0
  altitude: 1.0
}
 to topic s8ea549e1x29c8x4eccx8045xf52cbb612da6
2025-08-06 15:39:12,864 INFO  [io.api.tes.ser.api.KafkaSerdesTester] (Thread-766) Sending message header {
  time {
  }
}
d1: 1.754494752864E12
s1: "a"
i1: 123
bi1: 1
point {
  longitude: 22.0
  latitude: 22.0
  altitude: 1.0
}
 to topic s8ea549e1x29c8x4eccx8045xf52cbb612da6
2025-08-06 15:39:12,866 INFO  [io.api.tes.ser.api.KafkaSerdesTester] (Thread-766) Sending message header {
  time {
  }
}
d1: 1.754494752866E12
s1: "a"
i1: 123
bi1: 1
point {
  longitude: 22.0
  latitude: 22.0
  altitude: 1.0
}
 to topic s8ea549e1x29c8x4eccx8045xf52cbb612da6
2025-08-06 15:39:12,871 INFO  [io.api.tes.ser.api.KafkaSerdesTester] (Thread-766) Sending message header {
  time {
  }
}
d1: 1.754494752871E12
s1: "a"
i1: 123
bi1: 1
point {
  longitude: 22.0
  latitude: 22.0
  altitude: 1.0
}
 to topic s8ea549e1x29c8x4eccx8045xf52cbb612da6
2025-08-06 15:39:12,875 INFO  [io.api.tes.ser.api.KafkaSerdesTester] (Thread-766) Sending message header {
  time {
  }
}
d1: 1.754494752875E12
s1: "a"
i1: 123
bi1: 1
point {
  longitude: 22.0
  latitude: 22.0
  altitude: 1.0
}
 to topic s8ea549e1x29c8x4eccx8045xf52cbb612da6
2025-08-06 15:39:12,876 INFO  [io.api.tes.ser.api.KafkaSerdesTester] (Thread-766) Sending message header {
  time {
  }
}
d1: 1.754494752876E12
s1: "a"
i1: 123
bi1: 1
point {
  longitude: 22.0
  latitude: 22.0
  altitude: 1.0
}
 to topic s8ea549e1x29c8x4eccx8045xf52cbb612da6
2025-08-06 15:39:12,880 INFO  [io.api.tes.ser.api.KafkaSerdesTester] (Thread-766) Produced 10 messages
2025-08-06 15:39:12,880 INFO  [org.apa.kaf.cli.pro.KafkaProducer] (Thread-766) [Producer clientId=Producer-s8ea549e1x29c8x4eccx8045xf52cbb612da6] Closing the Kafka producer with timeoutMillis = 9223372036854775807 ms.
2025-08-06 15:39:12,882 INFO  [org.apa.kaf.com.met.Metrics] (Thread-766) Metrics scheduler closed
2025-08-06 15:39:12,882 INFO  [org.apa.kaf.com.met.Metrics] (Thread-766) Closing reporter org.apache.kafka.common.metrics.JmxReporter
2025-08-06 15:39:12,882 INFO  [org.apa.kaf.com.met.Metrics] (Thread-766) Closing reporter org.apache.kafka.common.telemetry.internals.ClientTelemetryReporter
2025-08-06 15:39:12,882 INFO  [org.apa.kaf.com.met.Metrics] (Thread-766) Metrics reporters closed
2025-08-06 15:39:12,882 INFO  [org.apa.kaf.com.uti.AppInfoParser] (Thread-766) App info kafka.producer for Producer-s8ea549e1x29c8x4eccx8045xf52cbb612da6 unregistered
**** Registry Base URL: http://registry-app-mysql.apps.ci419.apicurio-testing.org:80
2025-08-06 15:39:12,885 INFO  [org.apa.kaf.cli.con.ConsumerConfig] (main) ConsumerConfig values: 
	allow.auto.create.topics = true
	auto.commit.interval.ms = 500
	auto.include.jmx.reporter = true
	auto.offset.reset = earliest
	bootstrap.servers = [PLAINTEXT://localhost:32769]
	check.crcs = true
	client.dns.lookup = use_all_dns_ips
	client.id = consumer-Consumer-s8ea549e1x29c8x4eccx8045xf52cbb612da6-23
	client.rack = 
	connections.max.idle.ms = 10000
	default.api.timeout.ms = 60000
	enable.auto.commit = true
	enable.metrics.push = true
	exclude.internal.topics = true
	fetch.max.bytes = 52428800
	fetch.max.wait.ms = 500
	fetch.min.bytes = 1
	group.id = Consumer-s8ea549e1x29c8x4eccx8045xf52cbb612da6
	group.instance.id = null
	group.protocol = classic
	group.remote.assignor = null
	heartbeat.interval.ms = 3000
	interceptor.classes = []
	internal.leave.group.on.close = true
	internal.throw.on.fetch.stable.offset.unsupported = false
	isolation.level = read_uncommitted
	key.deserializer = class org.apache.kafka.common.serialization.StringDeserializer
	max.partition.fetch.bytes = 1048576
	max.poll.interval.ms = 300000
	max.poll.records = 500
	metadata.max.age.ms = 300000
	metadata.recovery.strategy = none
	metric.reporters = []
	metrics.num.samples = 2
	metrics.recording.level = INFO
	metrics.sample.window.ms = 30000
	partition.assignment.strategy = [class org.apache.kafka.clients.consumer.RangeAssignor, class org.apache.kafka.clients.consumer.CooperativeStickyAssignor]
	receive.buffer.bytes = 65536
	reconnect.backoff.max.ms = 1000
	reconnect.backoff.ms = 50
	request.timeout.ms = 5000
	retry.backoff.max.ms = 1000
	retry.backoff.ms = 100
	sasl.client.callback.handler.class = null
	sasl.jaas.config = null
	sasl.kerberos.kinit.cmd = /usr/bin/kinit
	sasl.kerberos.min.time.before.relogin = 60000
	sasl.kerberos.service.name = null
	sasl.kerberos.ticket.renew.jitter = 0.05
	sasl.kerberos.ticket.renew.window.factor = 0.8
	sasl.login.callback.handler.class = null
	sasl.login.class = null
	sasl.login.connect.timeout.ms = null
	sasl.login.read.timeout.ms = null
	sasl.login.refresh.buffer.seconds = 300
	sasl.login.refresh.min.period.seconds = 60
	sasl.login.refresh.window.factor = 0.8
	sasl.login.refresh.window.jitter = 0.05
	sasl.login.retry.backoff.max.ms = 10000
	sasl.login.retry.backoff.ms = 100
	sasl.mechanism = GSSAPI
	sasl.oauthbearer.clock.skew.seconds = 30
	sasl.oauthbearer.expected.audience = null
	sasl.oauthbearer.expected.issuer = null
	sasl.oauthbearer.header.urlencode = false
	sasl.oauthbearer.jwks.endpoint.refresh.ms = 3600000
	sasl.oauthbearer.jwks.endpoint.retry.backoff.max.ms = 10000
	sasl.oauthbearer.jwks.endpoint.retry.backoff.ms = 100
	sasl.oauthbearer.jwks.endpoint.url = null
	sasl.oauthbearer.scope.claim.name = scope
	sasl.oauthbearer.sub.claim.name = sub
	sasl.oauthbearer.token.endpoint.url = null
	security.protocol = PLAINTEXT
	security.providers = null
	send.buffer.bytes = 131072
	session.timeout.ms = 45000
	socket.connection.setup.timeout.max.ms = 30000
	socket.connection.setup.timeout.ms = 10000
	ssl.cipher.suites = null
	ssl.enabled.protocols = [TLSv1.2, TLSv1.3]
	ssl.endpoint.identification.algorithm = https
	ssl.engine.factory.class = null
	ssl.key.password = null
	ssl.keymanager.algorithm = SunX509
	ssl.keystore.certificate.chain = null
	ssl.keystore.key = null
	ssl.keystore.location = null
	ssl.keystore.password = null
	ssl.keystore.type = JKS
	ssl.protocol = TLSv1.3
	ssl.provider = null
	ssl.secure.random.implementation = null
	ssl.trustmanager.algorithm = PKIX
	ssl.truststore.certificates = null
	ssl.truststore.location = null
	ssl.truststore.password = null
	ssl.truststore.type = JKS
	value.deserializer = class io.apicurio.registry.serde.protobuf.ProtobufKafkaDeserializer

2025-08-06 15:39:12,885 INFO  [org.apa.kaf.com.tel.int.KafkaMetricsCollector] (main) initializing Kafka metrics collector
2025-08-06 15:39:12,898 INFO  [org.apa.kaf.cli.con.ConsumerConfig] (main) These configurations '[apicurio.registry.url, apicurio.registry.headers.enabled]' were supplied but are not used yet.
2025-08-06 15:39:12,898 INFO  [org.apa.kaf.com.uti.AppInfoParser] (main) Kafka version: 3.9.1
2025-08-06 15:39:12,898 INFO  [org.apa.kaf.com.uti.AppInfoParser] (main) Kafka commitId: f745dfdcee2b9851
2025-08-06 15:39:12,898 INFO  [org.apa.kaf.com.uti.AppInfoParser] (main) Kafka startTimeMs: 1754494752898
2025-08-06 15:39:12,900 INFO  [org.apa.kaf.cli.con.int.ClassicKafkaConsumer] (Thread-769) [Consumer clientId=consumer-Consumer-s8ea549e1x29c8x4eccx8045xf52cbb612da6-23, groupId=Consumer-s8ea549e1x29c8x4eccx8045xf52cbb612da6] Subscribed to topic(s): s8ea549e1x29c8x4eccx8045xf52cbb612da6
2025-08-06 15:39:12,904 INFO  [org.apa.kaf.cli.Metadata] (Thread-769) [Consumer clientId=consumer-Consumer-s8ea549e1x29c8x4eccx8045xf52cbb612da6-23, groupId=Consumer-s8ea549e1x29c8x4eccx8045xf52cbb612da6] Cluster ID: dgPJ9z-1S5ugXzLx2i-R9Q
2025-08-06 15:39:12,904 INFO  [org.apa.kaf.cli.con.int.ConsumerCoordinator] (Thread-769) [Consumer clientId=consumer-Consumer-s8ea549e1x29c8x4eccx8045xf52cbb612da6-23, groupId=Consumer-s8ea549e1x29c8x4eccx8045xf52cbb612da6] Discovered group coordinator localhost:32769 (id: 2147483647 rack: null)
2025-08-06 15:39:12,906 INFO  [org.apa.kaf.cli.con.int.ConsumerCoordinator] (Thread-769) [Consumer clientId=consumer-Consumer-s8ea549e1x29c8x4eccx8045xf52cbb612da6-23, groupId=Consumer-s8ea549e1x29c8x4eccx8045xf52cbb612da6] (Re-)joining group
2025-08-06 15:39:12,907 INFO  [org.apa.kaf.cli.con.int.ConsumerCoordinator] (Thread-769) [Consumer clientId=consumer-Consumer-s8ea549e1x29c8x4eccx8045xf52cbb612da6-23, groupId=Consumer-s8ea549e1x29c8x4eccx8045xf52cbb612da6] Request joining group due to: need to re-join with the given member-id: consumer-Consumer-s8ea549e1x29c8x4eccx8045xf52cbb612da6-23-8e74af06-eab8-4b30-bd4c-de10d7a903c7
2025-08-06 15:39:12,908 INFO  [org.apa.kaf.cli.con.int.ConsumerCoordinator] (Thread-769) [Consumer clientId=consumer-Consumer-s8ea549e1x29c8x4eccx8045xf52cbb612da6-23, groupId=Consumer-s8ea549e1x29c8x4eccx8045xf52cbb612da6] (Re-)joining group
2025-08-06 15:39:13,900 INFO  [io.api.tes.ser.api.KafkaSerdesTester] (Thread-769) None found
2025-08-06 15:39:14,901 INFO  [io.api.tes.ser.api.KafkaSerdesTester] (Thread-769) None found
2025-08-06 15:39:15,901 INFO  [io.api.tes.ser.api.KafkaSerdesTester] (Thread-769) None found
2025-08-06 15:39:15,908 INFO  [org.apa.kaf.cli.con.int.ConsumerCoordinator] (Thread-769) [Consumer clientId=consumer-Consumer-s8ea549e1x29c8x4eccx8045xf52cbb612da6-23, groupId=Consumer-s8ea549e1x29c8x4eccx8045xf52cbb612da6] Successfully joined group with generation Generation{generationId=3, memberId='consumer-Consumer-s8ea549e1x29c8x4eccx8045xf52cbb612da6-23-8e74af06-eab8-4b30-bd4c-de10d7a903c7', protocol='range'}
2025-08-06 15:39:15,909 INFO  [org.apa.kaf.cli.con.int.ConsumerCoordinator] (Thread-769) [Consumer clientId=consumer-Consumer-s8ea549e1x29c8x4eccx8045xf52cbb612da6-23, groupId=Consumer-s8ea549e1x29c8x4eccx8045xf52cbb612da6] Finished assignment for group at generation 3: {consumer-Consumer-s8ea549e1x29c8x4eccx8045xf52cbb612da6-23-8e74af06-eab8-4b30-bd4c-de10d7a903c7=Assignment(partitions=[s8ea549e1x29c8x4eccx8045xf52cbb612da6-0])}
2025-08-06 15:39:15,915 INFO  [org.apa.kaf.cli.con.int.ConsumerCoordinator] (Thread-769) [Consumer clientId=consumer-Consumer-s8ea549e1x29c8x4eccx8045xf52cbb612da6-23, groupId=Consumer-s8ea549e1x29c8x4eccx8045xf52cbb612da6] Successfully synced group in generation Generation{generationId=3, memberId='consumer-Consumer-s8ea549e1x29c8x4eccx8045xf52cbb612da6-23-8e74af06-eab8-4b30-bd4c-de10d7a903c7', protocol='range'}
2025-08-06 15:39:15,915 INFO  [org.apa.kaf.cli.con.int.ConsumerCoordinator] (Thread-769) [Consumer clientId=consumer-Consumer-s8ea549e1x29c8x4eccx8045xf52cbb612da6-23, groupId=Consumer-s8ea549e1x29c8x4eccx8045xf52cbb612da6] Notifying assignor about the new Assignment(partitions=[s8ea549e1x29c8x4eccx8045xf52cbb612da6-0])
2025-08-06 15:39:15,915 INFO  [org.apa.kaf.cli.con.int.ConsumerRebalanceListenerInvoker] (Thread-769) [Consumer clientId=consumer-Consumer-s8ea549e1x29c8x4eccx8045xf52cbb612da6-23, groupId=Consumer-s8ea549e1x29c8x4eccx8045xf52cbb612da6] Adding newly assigned partitions: s8ea549e1x29c8x4eccx8045xf52cbb612da6-0
2025-08-06 15:39:15,916 INFO  [org.apa.kaf.cli.con.int.ConsumerUtils] (Thread-769) Setting offset for partition s8ea549e1x29c8x4eccx8045xf52cbb612da6-0 to the committed offset FetchPosition{offset=10, offsetEpoch=Optional[0], currentLeader=LeaderAndEpoch{leader=Optional[localhost:32769 (id: 0 rack: null)], epoch=0}}
2025-08-06 15:39:16,064 INFO  [io.api.tes.ser.api.KafkaSerdesTester] (Thread-769) s8ea549e1x29c8x4eccx8045xf52cbb612da6 0 10 header {
  time {
  }
}
d1: 1.754494752786E12
s1: "a"
i1: 123
bi1: 1
point {
  longitude: 22.0
  latitude: 22.0
  altitude: 1.0
}

2025-08-06 15:39:16,064 INFO  [io.api.tes.ser.api.KafkaSerdesTester] (Thread-769) s8ea549e1x29c8x4eccx8045xf52cbb612da6 0 11 header {
  time {
  }
}
d1: 1.754494752851E12
s1: "a"
i1: 123
bi1: 1
point {
  longitude: 22.0
  latitude: 22.0
  altitude: 1.0
}

2025-08-06 15:39:16,064 INFO  [io.api.tes.ser.api.KafkaSerdesTester] (Thread-769) s8ea549e1x29c8x4eccx8045xf52cbb612da6 0 12 header {
  time {
  }
}
d1: 1.754494752854E12
s1: "a"
i1: 123
bi1: 1
point {
  longitude: 22.0
  latitude: 22.0
  altitude: 1.0
}

2025-08-06 15:39:16,064 INFO  [io.api.tes.ser.api.KafkaSerdesTester] (Thread-769) s8ea549e1x29c8x4eccx8045xf52cbb612da6 0 13 header {
  time {
  }
}
d1: 1.754494752857E12
s1: "a"
i1: 123
bi1: 1
point {
  longitude: 22.0
  latitude: 22.0
  altitude: 1.0
}

2025-08-06 15:39:16,064 INFO  [io.api.tes.ser.api.KafkaSerdesTester] (Thread-769) s8ea549e1x29c8x4eccx8045xf52cbb612da6 0 14 header {
  time {
  }
}
d1: 1.754494752859E12
s1: "a"
i1: 123
bi1: 1
point {
  longitude: 22.0
  latitude: 22.0
  altitude: 1.0
}

2025-08-06 15:39:16,064 INFO  [io.api.tes.ser.api.KafkaSerdesTester] (Thread-769) s8ea549e1x29c8x4eccx8045xf52cbb612da6 0 15 header {
  time {
  }
}
d1: 1.754494752864E12
s1: "a"
i1: 123
bi1: 1
point {
  longitude: 22.0
  latitude: 22.0
  altitude: 1.0
}

2025-08-06 15:39:16,064 INFO  [io.api.tes.ser.api.KafkaSerdesTester] (Thread-769) s8ea549e1x29c8x4eccx8045xf52cbb612da6 0 16 header {
  time {
  }
}
d1: 1.754494752866E12
s1: "a"
i1: 123
bi1: 1
point {
  longitude: 22.0
  latitude: 22.0
  altitude: 1.0
}

2025-08-06 15:39:16,066 INFO  [io.api.tes.ser.api.KafkaSerdesTester] (Thread-769) s8ea549e1x29c8x4eccx8045xf52cbb612da6 0 17 header {
  time {
  }
}
d1: 1.754494752871E12
s1: "a"
i1: 123
bi1: 1
point {
  longitude: 22.0
  latitude: 22.0
  altitude: 1.0
}

2025-08-06 15:39:16,066 INFO  [io.api.tes.ser.api.KafkaSerdesTester] (Thread-769) s8ea549e1x29c8x4eccx8045xf52cbb612da6 0 18 header {
  time {
  }
}
d1: 1.754494752875E12
s1: "a"
i1: 123
bi1: 1
point {
  longitude: 22.0
  latitude: 22.0
  altitude: 1.0
}

2025-08-06 15:39:16,066 INFO  [io.api.tes.ser.api.KafkaSerdesTester] (Thread-769) s8ea549e1x29c8x4eccx8045xf52cbb612da6 0 19 header {
  time {
  }
}
d1: 1.754494752876E12
s1: "a"
i1: 123
bi1: 1
point {
  longitude: 22.0
  latitude: 22.0
  altitude: 1.0
}

2025-08-06 15:39:16,066 INFO  [io.api.tes.ser.api.KafkaSerdesTester] (Thread-769) Consumed 10 messages
2025-08-06 15:39:16,074 INFO  [org.apa.kaf.cli.con.int.ConsumerRebalanceListenerInvoker] (Thread-769) [Consumer clientId=consumer-Consumer-s8ea549e1x29c8x4eccx8045xf52cbb612da6-23, groupId=Consumer-s8ea549e1x29c8x4eccx8045xf52cbb612da6] Revoke previously assigned partitions s8ea549e1x29c8x4eccx8045xf52cbb612da6-0
2025-08-06 15:39:16,074 INFO  [org.apa.kaf.cli.con.int.ConsumerCoordinator] (Thread-769) [Consumer clientId=consumer-Consumer-s8ea549e1x29c8x4eccx8045xf52cbb612da6-23, groupId=Consumer-s8ea549e1x29c8x4eccx8045xf52cbb612da6] Member consumer-Consumer-s8ea549e1x29c8x4eccx8045xf52cbb612da6-23-8e74af06-eab8-4b30-bd4c-de10d7a903c7 sending LeaveGroup request to coordinator localhost:32769 (id: 2147483647 rack: null) due to the consumer is being closed
2025-08-06 15:39:16,075 INFO  [org.apa.kaf.cli.con.int.ConsumerCoordinator] (Thread-769) [Consumer clientId=consumer-Consumer-s8ea549e1x29c8x4eccx8045xf52cbb612da6-23, groupId=Consumer-s8ea549e1x29c8x4eccx8045xf52cbb612da6] Resetting generation and member id due to: consumer pro-actively leaving the group
2025-08-06 15:39:16,075 INFO  [org.apa.kaf.cli.con.int.ConsumerCoordinator] (Thread-769) [Consumer clientId=consumer-Consumer-s8ea549e1x29c8x4eccx8045xf52cbb612da6-23, groupId=Consumer-s8ea549e1x29c8x4eccx8045xf52cbb612da6] Request joining group due to: consumer pro-actively leaving the group
2025-08-06 15:39:16,564 INFO  [org.apa.kaf.com.met.Metrics] (Thread-769) Metrics scheduler closed
2025-08-06 15:39:16,564 INFO  [org.apa.kaf.com.met.Metrics] (Thread-769) Closing reporter org.apache.kafka.common.metrics.JmxReporter
2025-08-06 15:39:16,564 INFO  [org.apa.kaf.com.met.Metrics] (Thread-769) Closing reporter org.apache.kafka.common.telemetry.internals.ClientTelemetryReporter
2025-08-06 15:39:16,564 INFO  [org.apa.kaf.com.met.Metrics] (Thread-769) Metrics reporters closed
2025-08-06 15:39:16,566 INFO  [org.apa.kaf.com.uti.AppInfoParser] (Thread-769) App info kafka.consumer for consumer-Consumer-s8ea549e1x29c8x4eccx8045xf52cbb612da6-23 unregistered
**** Registry Base URL: http://registry-app-mysql.apps.ci419.apicurio-testing.org:80
2025-08-06 15:39:16,567 INFO  [org.apa.kaf.cli.pro.ProducerConfig] (main) ProducerConfig values: 
	acks = -1
	auto.include.jmx.reporter = true
	batch.size = 16384
	bootstrap.servers = [PLAINTEXT://localhost:32769]
	buffer.memory = 33554432
	client.dns.lookup = use_all_dns_ips
	client.id = Producer-s8ea549e1x29c8x4eccx8045xf52cbb612da6
	compression.gzip.level = -1
	compression.lz4.level = 9
	compression.type = none
	compression.zstd.level = 3
	connections.max.idle.ms = 10000
	delivery.timeout.ms = 120000
	enable.idempotence = true
	enable.metrics.push = true
	interceptor.classes = []
	key.serializer = class org.apache.kafka.common.serialization.StringSerializer
	linger.ms = 0
	max.block.ms = 60000
	max.in.flight.requests.per.connection = 5
	max.request.size = 1048576
	metadata.max.age.ms = 300000
	metadata.max.idle.ms = 300000
	metadata.recovery.strategy = none
	metric.reporters = []
	metrics.num.samples = 2
	metrics.recording.level = INFO
	metrics.sample.window.ms = 30000
	partitioner.adaptive.partitioning.enable = true
	partitioner.availability.timeout.ms = 0
	partitioner.class = null
	partitioner.ignore.keys = false
	receive.buffer.bytes = 32768
	reconnect.backoff.max.ms = 1000
	reconnect.backoff.ms = 50
	request.timeout.ms = 5000
	retries = 2147483647
	retry.backoff.max.ms = 1000
	retry.backoff.ms = 100
	sasl.client.callback.handler.class = null
	sasl.jaas.config = null
	sasl.kerberos.kinit.cmd = /usr/bin/kinit
	sasl.kerberos.min.time.before.relogin = 60000
	sasl.kerberos.service.name = null
	sasl.kerberos.ticket.renew.jitter = 0.05
	sasl.kerberos.ticket.renew.window.factor = 0.8
	sasl.login.callback.handler.class = null
	sasl.login.class = null
	sasl.login.connect.timeout.ms = null
	sasl.login.read.timeout.ms = null
	sasl.login.refresh.buffer.seconds = 300
	sasl.login.refresh.min.period.seconds = 60
	sasl.login.refresh.window.factor = 0.8
	sasl.login.refresh.window.jitter = 0.05
	sasl.login.retry.backoff.max.ms = 10000
	sasl.login.retry.backoff.ms = 100
	sasl.mechanism = GSSAPI
	sasl.oauthbearer.clock.skew.seconds = 30
	sasl.oauthbearer.expected.audience = null
	sasl.oauthbearer.expected.issuer = null
	sasl.oauthbearer.header.urlencode = false
	sasl.oauthbearer.jwks.endpoint.refresh.ms = 3600000
	sasl.oauthbearer.jwks.endpoint.retry.backoff.max.ms = 10000
	sasl.oauthbearer.jwks.endpoint.retry.backoff.ms = 100
	sasl.oauthbearer.jwks.endpoint.url = null
	sasl.oauthbearer.scope.claim.name = scope
	sasl.oauthbearer.sub.claim.name = sub
	sasl.oauthbearer.token.endpoint.url = null
	security.protocol = PLAINTEXT
	security.providers = null
	send.buffer.bytes = 131072
	socket.connection.setup.timeout.max.ms = 30000
	socket.connection.setup.timeout.ms = 10000
	ssl.cipher.suites = null
	ssl.enabled.protocols = [TLSv1.2, TLSv1.3]
	ssl.endpoint.identification.algorithm = https
	ssl.engine.factory.class = null
	ssl.key.password = null
	ssl.keymanager.algorithm = SunX509
	ssl.keystore.certificate.chain = null
	ssl.keystore.key = null
	ssl.keystore.location = null
	ssl.keystore.password = null
	ssl.keystore.type = JKS
	ssl.protocol = TLSv1.3
	ssl.provider = null
	ssl.secure.random.implementation = null
	ssl.trustmanager.algorithm = PKIX
	ssl.truststore.certificates = null
	ssl.truststore.location = null
	ssl.truststore.password = null
	ssl.truststore.type = JKS
	transaction.timeout.ms = 60000
	transactional.id = null
	value.serializer = class io.apicurio.registry.serde.protobuf.ProtobufKafkaSerializer

2025-08-06 15:39:16,567 INFO  [org.apa.kaf.com.tel.int.KafkaMetricsCollector] (main) initializing Kafka metrics collector
2025-08-06 15:39:16,572 INFO  [org.apa.kaf.cli.pro.KafkaProducer] (main) [Producer clientId=Producer-s8ea549e1x29c8x4eccx8045xf52cbb612da6] Instantiated an idempotent producer.
2025-08-06 15:39:16,574 INFO  [org.apa.kaf.cli.pro.ProducerConfig] (main) These configurations '[apicurio.registry.url, apicurio.registry.headers.enabled, apicurio.registry.artifact-resolver-strategy]' were supplied but are not used yet.
2025-08-06 15:39:16,574 INFO  [org.apa.kaf.com.uti.AppInfoParser] (main) Kafka version: 3.9.1
2025-08-06 15:39:16,574 INFO  [org.apa.kaf.com.uti.AppInfoParser] (main) Kafka commitId: f745dfdcee2b9851
2025-08-06 15:39:16,574 INFO  [org.apa.kaf.com.uti.AppInfoParser] (main) Kafka startTimeMs: 1754494756574
2025-08-06 15:39:16,574 INFO  [io.api.tes.ser.api.SimpleSerdesTesterBuilder$SimpleSerdesTester] (main) Using producer configuration: {apicurio.registry.url=http://registry-app-mysql.apps.ci419.apicurio-testing.org:80/apis/registry/v3, apicurio.registry.headers.enabled=true, apicurio.registry.artifact-resolver-strategy=io.apicurio.registry.serde.strategy.TopicIdStrategy, value.serializer=io.apicurio.registry.serde.protobuf.ProtobufKafkaSerializer, request.timeout.ms=5000, acks=all, bootstrap.servers=PLAINTEXT://localhost:32769, connections.max.idle.ms=10000, key.serializer=org.apache.kafka.common.serialization.StringSerializer, client.id=Producer-s8ea549e1x29c8x4eccx8045xf52cbb612da6}
2025-08-06 15:39:16,574 INFO  [io.api.tes.ser.api.SimpleSerdesTesterBuilder$SimpleSerdesTester] (main) Using consumer configuration: {apicurio.registry.headers.enabled=true}
2025-08-06 15:39:16,576 INFO  [io.api.tes.ser.api.KafkaSerdesTester] (Thread-772) Sending message msb: 1754494756575
lsb: 321
 to topic s8ea549e1x29c8x4eccx8045xf52cbb612da6
2025-08-06 15:39:16,580 INFO  [org.apa.kaf.cli.Metadata] (kafka-producer-network-thread | Producer-s8ea549e1x29c8x4eccx8045xf52cbb612da6) [Producer clientId=Producer-s8ea549e1x29c8x4eccx8045xf52cbb612da6] Cluster ID: dgPJ9z-1S5ugXzLx2i-R9Q
2025-08-06 15:39:16,581 INFO  [org.apa.kaf.cli.pro.int.TransactionManager] (kafka-producer-network-thread | Producer-s8ea549e1x29c8x4eccx8045xf52cbb612da6) [Producer clientId=Producer-s8ea549e1x29c8x4eccx8045xf52cbb612da6] ProducerId set to 31 with epoch 0
2025-08-06 15:39:16,581 INFO  [DefaultSchemaResolver] (Thread-772) Retrieving schema content using string: // Proto schema formatted by Wire, do not edit.
// Source: 

syntax = "proto3";

package io.apicurio.registry.common.proto;

option java_package = "io.apicurio.registry.common.proto";
option java_outer_classname = "Cmmn";

message UUID {
  fixed64 msb = 1;

  fixed64 lsb = 2;
}

2025-08-06 15:39:16,643 INFO  [io.api.tes.ser.api.KafkaSerdesTester] (Thread-772) Sending message msb: 1754494756643
lsb: 321
 to topic s8ea549e1x29c8x4eccx8045xf52cbb612da6
2025-08-06 15:39:16,645 INFO  [io.api.tes.ser.api.KafkaSerdesTester] (Thread-772) Sending message msb: 1754494756645
lsb: 321
 to topic s8ea549e1x29c8x4eccx8045xf52cbb612da6
2025-08-06 15:39:16,646 INFO  [io.api.tes.ser.api.KafkaSerdesTester] (Thread-772) Sending message msb: 1754494756646
lsb: 321
 to topic s8ea549e1x29c8x4eccx8045xf52cbb612da6
2025-08-06 15:39:16,648 INFO  [io.api.tes.ser.api.KafkaSerdesTester] (Thread-772) Sending message msb: 1754494756648
lsb: 321
 to topic s8ea549e1x29c8x4eccx8045xf52cbb612da6
2025-08-06 15:39:16,652 INFO  [io.api.tes.ser.api.KafkaSerdesTester] (Thread-772) Sending message msb: 1754494756651
lsb: 321
 to topic s8ea549e1x29c8x4eccx8045xf52cbb612da6
2025-08-06 15:39:16,653 INFO  [io.api.tes.ser.api.KafkaSerdesTester] (Thread-772) Sending message msb: 1754494756653
lsb: 321
 to topic s8ea549e1x29c8x4eccx8045xf52cbb612da6
2025-08-06 15:39:16,656 INFO  [io.api.tes.ser.api.KafkaSerdesTester] (Thread-772) Sending message msb: 1754494756655
lsb: 321
 to topic s8ea549e1x29c8x4eccx8045xf52cbb612da6
2025-08-06 15:39:16,658 INFO  [io.api.tes.ser.api.KafkaSerdesTester] (Thread-772) Sending message msb: 1754494756658
lsb: 321
 to topic s8ea549e1x29c8x4eccx8045xf52cbb612da6
2025-08-06 15:39:16,660 INFO  [io.api.tes.ser.api.KafkaSerdesTester] (Thread-772) Sending message msb: 1754494756660
lsb: 321
 to topic s8ea549e1x29c8x4eccx8045xf52cbb612da6
2025-08-06 15:39:16,661 INFO  [io.api.tes.ser.api.KafkaSerdesTester] (Thread-772) Produced 10 messages
2025-08-06 15:39:16,661 INFO  [org.apa.kaf.cli.pro.KafkaProducer] (Thread-772) [Producer clientId=Producer-s8ea549e1x29c8x4eccx8045xf52cbb612da6] Closing the Kafka producer with timeoutMillis = 9223372036854775807 ms.
2025-08-06 15:39:16,663 INFO  [org.apa.kaf.com.met.Metrics] (Thread-772) Metrics scheduler closed
2025-08-06 15:39:16,663 INFO  [org.apa.kaf.com.met.Metrics] (Thread-772) Closing reporter org.apache.kafka.common.metrics.JmxReporter
2025-08-06 15:39:16,663 INFO  [org.apa.kaf.com.met.Metrics] (Thread-772) Closing reporter org.apache.kafka.common.telemetry.internals.ClientTelemetryReporter
2025-08-06 15:39:16,663 INFO  [org.apa.kaf.com.met.Metrics] (Thread-772) Metrics reporters closed
2025-08-06 15:39:16,664 INFO  [org.apa.kaf.com.uti.AppInfoParser] (Thread-772) App info kafka.producer for Producer-s8ea549e1x29c8x4eccx8045xf52cbb612da6 unregistered
**** Registry Base URL: http://registry-app-mysql.apps.ci419.apicurio-testing.org:80
2025-08-06 15:39:16,664 INFO  [org.apa.kaf.cli.con.ConsumerConfig] (main) ConsumerConfig values: 
	allow.auto.create.topics = true
	auto.commit.interval.ms = 500
	auto.include.jmx.reporter = true
	auto.offset.reset = earliest
	bootstrap.servers = [PLAINTEXT://localhost:32769]
	check.crcs = true
	client.dns.lookup = use_all_dns_ips
	client.id = consumer-Consumer-s8ea549e1x29c8x4eccx8045xf52cbb612da6-24
	client.rack = 
	connections.max.idle.ms = 10000
	default.api.timeout.ms = 60000
	enable.auto.commit = true
	enable.metrics.push = true
	exclude.internal.topics = true
	fetch.max.bytes = 52428800
	fetch.max.wait.ms = 500
	fetch.min.bytes = 1
	group.id = Consumer-s8ea549e1x29c8x4eccx8045xf52cbb612da6
	group.instance.id = null
	group.protocol = classic
	group.remote.assignor = null
	heartbeat.interval.ms = 3000
	interceptor.classes = []
	internal.leave.group.on.close = true
	internal.throw.on.fetch.stable.offset.unsupported = false
	isolation.level = read_uncommitted
	key.deserializer = class org.apache.kafka.common.serialization.StringDeserializer
	max.partition.fetch.bytes = 1048576
	max.poll.interval.ms = 300000
	max.poll.records = 500
	metadata.max.age.ms = 300000
	metadata.recovery.strategy = none
	metric.reporters = []
	metrics.num.samples = 2
	metrics.recording.level = INFO
	metrics.sample.window.ms = 30000
	partition.assignment.strategy = [class org.apache.kafka.clients.consumer.RangeAssignor, class org.apache.kafka.clients.consumer.CooperativeStickyAssignor]
	receive.buffer.bytes = 65536
	reconnect.backoff.max.ms = 1000
	reconnect.backoff.ms = 50
	request.timeout.ms = 5000
	retry.backoff.max.ms = 1000
	retry.backoff.ms = 100
	sasl.client.callback.handler.class = null
	sasl.jaas.config = null
	sasl.kerberos.kinit.cmd = /usr/bin/kinit
	sasl.kerberos.min.time.before.relogin = 60000
	sasl.kerberos.service.name = null
	sasl.kerberos.ticket.renew.jitter = 0.05
	sasl.kerberos.ticket.renew.window.factor = 0.8
	sasl.login.callback.handler.class = null
	sasl.login.class = null
	sasl.login.connect.timeout.ms = null
	sasl.login.read.timeout.ms = null
	sasl.login.refresh.buffer.seconds = 300
	sasl.login.refresh.min.period.seconds = 60
	sasl.login.refresh.window.factor = 0.8
	sasl.login.refresh.window.jitter = 0.05
	sasl.login.retry.backoff.max.ms = 10000
	sasl.login.retry.backoff.ms = 100
	sasl.mechanism = GSSAPI
	sasl.oauthbearer.clock.skew.seconds = 30
	sasl.oauthbearer.expected.audience = null
	sasl.oauthbearer.expected.issuer = null
	sasl.oauthbearer.header.urlencode = false
	sasl.oauthbearer.jwks.endpoint.refresh.ms = 3600000
	sasl.oauthbearer.jwks.endpoint.retry.backoff.max.ms = 10000
	sasl.oauthbearer.jwks.endpoint.retry.backoff.ms = 100
	sasl.oauthbearer.jwks.endpoint.url = null
	sasl.oauthbearer.scope.claim.name = scope
	sasl.oauthbearer.sub.claim.name = sub
	sasl.oauthbearer.token.endpoint.url = null
	security.protocol = PLAINTEXT
	security.providers = null
	send.buffer.bytes = 131072
	session.timeout.ms = 45000
	socket.connection.setup.timeout.max.ms = 30000
	socket.connection.setup.timeout.ms = 10000
	ssl.cipher.suites = null
	ssl.enabled.protocols = [TLSv1.2, TLSv1.3]
	ssl.endpoint.identification.algorithm = https
	ssl.engine.factory.class = null
	ssl.key.password = null
	ssl.keymanager.algorithm = SunX509
	ssl.keystore.certificate.chain = null
	ssl.keystore.key = null
	ssl.keystore.location = null
	ssl.keystore.password = null
	ssl.keystore.type = JKS
	ssl.protocol = TLSv1.3
	ssl.provider = null
	ssl.secure.random.implementation = null
	ssl.trustmanager.algorithm = PKIX
	ssl.truststore.certificates = null
	ssl.truststore.location = null
	ssl.truststore.password = null
	ssl.truststore.type = JKS
	value.deserializer = class io.apicurio.registry.serde.protobuf.ProtobufKafkaDeserializer

2025-08-06 15:39:16,664 INFO  [org.apa.kaf.com.tel.int.KafkaMetricsCollector] (main) initializing Kafka metrics collector
2025-08-06 15:39:16,671 INFO  [org.apa.kaf.cli.con.ConsumerConfig] (main) These configurations '[apicurio.registry.url, apicurio.registry.headers.enabled]' were supplied but are not used yet.
2025-08-06 15:39:16,671 INFO  [org.apa.kaf.com.uti.AppInfoParser] (main) Kafka version: 3.9.1
2025-08-06 15:39:16,671 INFO  [org.apa.kaf.com.uti.AppInfoParser] (main) Kafka commitId: f745dfdcee2b9851
2025-08-06 15:39:16,671 INFO  [org.apa.kaf.com.uti.AppInfoParser] (main) Kafka startTimeMs: 1754494756671
2025-08-06 15:39:16,672 INFO  [org.apa.kaf.cli.con.int.ClassicKafkaConsumer] (Thread-775) [Consumer clientId=consumer-Consumer-s8ea549e1x29c8x4eccx8045xf52cbb612da6-24, groupId=Consumer-s8ea549e1x29c8x4eccx8045xf52cbb612da6] Subscribed to topic(s): s8ea549e1x29c8x4eccx8045xf52cbb612da6
2025-08-06 15:39:16,676 INFO  [org.apa.kaf.cli.Metadata] (Thread-775) [Consumer clientId=consumer-Consumer-s8ea549e1x29c8x4eccx8045xf52cbb612da6-24, groupId=Consumer-s8ea549e1x29c8x4eccx8045xf52cbb612da6] Cluster ID: dgPJ9z-1S5ugXzLx2i-R9Q
2025-08-06 15:39:16,676 INFO  [org.apa.kaf.cli.con.int.ConsumerCoordinator] (Thread-775) [Consumer clientId=consumer-Consumer-s8ea549e1x29c8x4eccx8045xf52cbb612da6-24, groupId=Consumer-s8ea549e1x29c8x4eccx8045xf52cbb612da6] Discovered group coordinator localhost:32769 (id: 2147483647 rack: null)
2025-08-06 15:39:16,678 INFO  [org.apa.kaf.cli.con.int.ConsumerCoordinator] (Thread-775) [Consumer clientId=consumer-Consumer-s8ea549e1x29c8x4eccx8045xf52cbb612da6-24, groupId=Consumer-s8ea549e1x29c8x4eccx8045xf52cbb612da6] (Re-)joining group
2025-08-06 15:39:16,680 INFO  [org.apa.kaf.cli.con.int.ConsumerCoordinator] (Thread-775) [Consumer clientId=consumer-Consumer-s8ea549e1x29c8x4eccx8045xf52cbb612da6-24, groupId=Consumer-s8ea549e1x29c8x4eccx8045xf52cbb612da6] Request joining group due to: need to re-join with the given member-id: consumer-Consumer-s8ea549e1x29c8x4eccx8045xf52cbb612da6-24-ac35d986-4d0e-48dd-9572-a6974abbb328
2025-08-06 15:39:16,680 INFO  [org.apa.kaf.cli.con.int.ConsumerCoordinator] (Thread-775) [Consumer clientId=consumer-Consumer-s8ea549e1x29c8x4eccx8045xf52cbb612da6-24, groupId=Consumer-s8ea549e1x29c8x4eccx8045xf52cbb612da6] (Re-)joining group
2025-08-06 15:39:17,672 INFO  [io.api.tes.ser.api.KafkaSerdesTester] (Thread-775) None found
2025-08-06 15:39:18,672 INFO  [io.api.tes.ser.api.KafkaSerdesTester] (Thread-775) None found
2025-08-06 15:39:19,673 INFO  [io.api.tes.ser.api.KafkaSerdesTester] (Thread-775) None found
2025-08-06 15:39:19,681 INFO  [org.apa.kaf.cli.con.int.ConsumerCoordinator] (Thread-775) [Consumer clientId=consumer-Consumer-s8ea549e1x29c8x4eccx8045xf52cbb612da6-24, groupId=Consumer-s8ea549e1x29c8x4eccx8045xf52cbb612da6] Successfully joined group with generation Generation{generationId=5, memberId='consumer-Consumer-s8ea549e1x29c8x4eccx8045xf52cbb612da6-24-ac35d986-4d0e-48dd-9572-a6974abbb328', protocol='range'}
2025-08-06 15:39:19,682 INFO  [org.apa.kaf.cli.con.int.ConsumerCoordinator] (Thread-775) [Consumer clientId=consumer-Consumer-s8ea549e1x29c8x4eccx8045xf52cbb612da6-24, groupId=Consumer-s8ea549e1x29c8x4eccx8045xf52cbb612da6] Finished assignment for group at generation 5: {consumer-Consumer-s8ea549e1x29c8x4eccx8045xf52cbb612da6-24-ac35d986-4d0e-48dd-9572-a6974abbb328=Assignment(partitions=[s8ea549e1x29c8x4eccx8045xf52cbb612da6-0])}
2025-08-06 15:39:19,688 INFO  [org.apa.kaf.cli.con.int.ConsumerCoordinator] (Thread-775) [Consumer clientId=consumer-Consumer-s8ea549e1x29c8x4eccx8045xf52cbb612da6-24, groupId=Consumer-s8ea549e1x29c8x4eccx8045xf52cbb612da6] Successfully synced group in generation Generation{generationId=5, memberId='consumer-Consumer-s8ea549e1x29c8x4eccx8045xf52cbb612da6-24-ac35d986-4d0e-48dd-9572-a6974abbb328', protocol='range'}
2025-08-06 15:39:19,688 INFO  [org.apa.kaf.cli.con.int.ConsumerCoordinator] (Thread-775) [Consumer clientId=consumer-Consumer-s8ea549e1x29c8x4eccx8045xf52cbb612da6-24, groupId=Consumer-s8ea549e1x29c8x4eccx8045xf52cbb612da6] Notifying assignor about the new Assignment(partitions=[s8ea549e1x29c8x4eccx8045xf52cbb612da6-0])
2025-08-06 15:39:19,688 INFO  [org.apa.kaf.cli.con.int.ConsumerRebalanceListenerInvoker] (Thread-775) [Consumer clientId=consumer-Consumer-s8ea549e1x29c8x4eccx8045xf52cbb612da6-24, groupId=Consumer-s8ea549e1x29c8x4eccx8045xf52cbb612da6] Adding newly assigned partitions: s8ea549e1x29c8x4eccx8045xf52cbb612da6-0
2025-08-06 15:39:19,689 INFO  [org.apa.kaf.cli.con.int.ConsumerUtils] (Thread-775) Setting offset for partition s8ea549e1x29c8x4eccx8045xf52cbb612da6-0 to the committed offset FetchPosition{offset=20, offsetEpoch=Optional[0], currentLeader=LeaderAndEpoch{leader=Optional[localhost:32769 (id: 0 rack: null)], epoch=0}}
2025-08-06 15:39:19,770 INFO  [io.api.tes.ser.api.KafkaSerdesTester] (Thread-775) s8ea549e1x29c8x4eccx8045xf52cbb612da6 0 20 msb: 1754494756575
lsb: 321

2025-08-06 15:39:19,770 INFO  [io.api.tes.ser.api.KafkaSerdesTester] (Thread-775) s8ea549e1x29c8x4eccx8045xf52cbb612da6 0 21 msb: 1754494756643
lsb: 321

2025-08-06 15:39:19,770 INFO  [io.api.tes.ser.api.KafkaSerdesTester] (Thread-775) s8ea549e1x29c8x4eccx8045xf52cbb612da6 0 22 msb: 1754494756645
lsb: 321

2025-08-06 15:39:19,770 INFO  [io.api.tes.ser.api.KafkaSerdesTester] (Thread-775) s8ea549e1x29c8x4eccx8045xf52cbb612da6 0 23 msb: 1754494756646
lsb: 321

2025-08-06 15:39:19,770 INFO  [io.api.tes.ser.api.KafkaSerdesTester] (Thread-775) s8ea549e1x29c8x4eccx8045xf52cbb612da6 0 24 msb: 1754494756648
lsb: 321

2025-08-06 15:39:19,770 INFO  [io.api.tes.ser.api.KafkaSerdesTester] (Thread-775) s8ea549e1x29c8x4eccx8045xf52cbb612da6 0 25 msb: 1754494756651
lsb: 321

2025-08-06 15:39:19,770 INFO  [io.api.tes.ser.api.KafkaSerdesTester] (Thread-775) s8ea549e1x29c8x4eccx8045xf52cbb612da6 0 26 msb: 1754494756653
lsb: 321

2025-08-06 15:39:19,770 INFO  [io.api.tes.ser.api.KafkaSerdesTester] (Thread-775) s8ea549e1x29c8x4eccx8045xf52cbb612da6 0 27 msb: 1754494756655
lsb: 321

2025-08-06 15:39:19,770 INFO  [io.api.tes.ser.api.KafkaSerdesTester] (Thread-775) s8ea549e1x29c8x4eccx8045xf52cbb612da6 0 28 msb: 1754494756658
lsb: 321

2025-08-06 15:39:19,770 INFO  [io.api.tes.ser.api.KafkaSerdesTester] (Thread-775) s8ea549e1x29c8x4eccx8045xf52cbb612da6 0 29 msb: 1754494756660
lsb: 321

2025-08-06 15:39:19,770 INFO  [io.api.tes.ser.api.KafkaSerdesTester] (Thread-775) Consumed 10 messages
2025-08-06 15:39:19,779 INFO  [org.apa.kaf.cli.con.int.ConsumerRebalanceListenerInvoker] (Thread-775) [Consumer clientId=consumer-Consumer-s8ea549e1x29c8x4eccx8045xf52cbb612da6-24, groupId=Consumer-s8ea549e1x29c8x4eccx8045xf52cbb612da6] Revoke previously assigned partitions s8ea549e1x29c8x4eccx8045xf52cbb612da6-0
2025-08-06 15:39:19,779 INFO  [org.apa.kaf.cli.con.int.ConsumerCoordinator] (Thread-775) [Consumer clientId=consumer-Consumer-s8ea549e1x29c8x4eccx8045xf52cbb612da6-24, groupId=Consumer-s8ea549e1x29c8x4eccx8045xf52cbb612da6] Member consumer-Consumer-s8ea549e1x29c8x4eccx8045xf52cbb612da6-24-ac35d986-4d0e-48dd-9572-a6974abbb328 sending LeaveGroup request to coordinator localhost:32769 (id: 2147483647 rack: null) due to the consumer is being closed
2025-08-06 15:39:19,780 INFO  [org.apa.kaf.cli.con.int.ConsumerCoordinator] (Thread-775) [Consumer clientId=consumer-Consumer-s8ea549e1x29c8x4eccx8045xf52cbb612da6-24, groupId=Consumer-s8ea549e1x29c8x4eccx8045xf52cbb612da6] Resetting generation and member id due to: consumer pro-actively leaving the group
2025-08-06 15:39:19,780 INFO  [org.apa.kaf.cli.con.int.ConsumerCoordinator] (Thread-775) [Consumer clientId=consumer-Consumer-s8ea549e1x29c8x4eccx8045xf52cbb612da6-24, groupId=Consumer-s8ea549e1x29c8x4eccx8045xf52cbb612da6] Request joining group due to: consumer pro-actively leaving the group
2025-08-06 15:39:20,274 INFO  [org.apa.kaf.com.met.Metrics] (Thread-775) Metrics scheduler closed
2025-08-06 15:39:20,274 INFO  [org.apa.kaf.com.met.Metrics] (Thread-775) Closing reporter org.apache.kafka.common.metrics.JmxReporter
2025-08-06 15:39:20,274 INFO  [org.apa.kaf.com.met.Metrics] (Thread-775) Closing reporter org.apache.kafka.common.telemetry.internals.ClientTelemetryReporter
2025-08-06 15:39:20,274 INFO  [org.apa.kaf.com.met.Metrics] (Thread-775) Metrics reporters closed
2025-08-06 15:39:20,275 INFO  [org.apa.kaf.com.uti.AppInfoParser] (Thread-775) App info kafka.consumer for consumer-Consumer-s8ea549e1x29c8x4eccx8045xf52cbb612da6-24 unregistered
**** Registry Base URL: http://registry-app-mysql.apps.ci419.apicurio-testing.org:80
2025-08-06 15:39:20,276 INFO  [org.apa.kaf.cli.pro.ProducerConfig] (main) ProducerConfig values: 
	acks = -1
	auto.include.jmx.reporter = true
	batch.size = 16384
	bootstrap.servers = [PLAINTEXT://localhost:32769]
	buffer.memory = 33554432
	client.dns.lookup = use_all_dns_ips
	client.id = Producer-s8ea549e1x29c8x4eccx8045xf52cbb612da6
	compression.gzip.level = -1
	compression.lz4.level = 9
	compression.type = none
	compression.zstd.level = 3
	connections.max.idle.ms = 10000
	delivery.timeout.ms = 120000
	enable.idempotence = true
	enable.metrics.push = true
	interceptor.classes = []
	key.serializer = class org.apache.kafka.common.serialization.StringSerializer
	linger.ms = 0
	max.block.ms = 60000
	max.in.flight.requests.per.connection = 5
	max.request.size = 1048576
	metadata.max.age.ms = 300000
	metadata.max.idle.ms = 300000
	metadata.recovery.strategy = none
	metric.reporters = []
	metrics.num.samples = 2
	metrics.recording.level = INFO
	metrics.sample.window.ms = 30000
	partitioner.adaptive.partitioning.enable = true
	partitioner.availability.timeout.ms = 0
	partitioner.class = null
	partitioner.ignore.keys = false
	receive.buffer.bytes = 32768
	reconnect.backoff.max.ms = 1000
	reconnect.backoff.ms = 50
	request.timeout.ms = 5000
	retries = 2147483647
	retry.backoff.max.ms = 1000
	retry.backoff.ms = 100
	sasl.client.callback.handler.class = null
	sasl.jaas.config = null
	sasl.kerberos.kinit.cmd = /usr/bin/kinit
	sasl.kerberos.min.time.before.relogin = 60000
	sasl.kerberos.service.name = null
	sasl.kerberos.ticket.renew.jitter = 0.05
	sasl.kerberos.ticket.renew.window.factor = 0.8
	sasl.login.callback.handler.class = null
	sasl.login.class = null
	sasl.login.connect.timeout.ms = null
	sasl.login.read.timeout.ms = null
	sasl.login.refresh.buffer.seconds = 300
	sasl.login.refresh.min.period.seconds = 60
	sasl.login.refresh.window.factor = 0.8
	sasl.login.refresh.window.jitter = 0.05
	sasl.login.retry.backoff.max.ms = 10000
	sasl.login.retry.backoff.ms = 100
	sasl.mechanism = GSSAPI
	sasl.oauthbearer.clock.skew.seconds = 30
	sasl.oauthbearer.expected.audience = null
	sasl.oauthbearer.expected.issuer = null
	sasl.oauthbearer.header.urlencode = false
	sasl.oauthbearer.jwks.endpoint.refresh.ms = 3600000
	sasl.oauthbearer.jwks.endpoint.retry.backoff.max.ms = 10000
	sasl.oauthbearer.jwks.endpoint.retry.backoff.ms = 100
	sasl.oauthbearer.jwks.endpoint.url = null
	sasl.oauthbearer.scope.claim.name = scope
	sasl.oauthbearer.sub.claim.name = sub
	sasl.oauthbearer.token.endpoint.url = null
	security.protocol = PLAINTEXT
	security.providers = null
	send.buffer.bytes = 131072
	socket.connection.setup.timeout.max.ms = 30000
	socket.connection.setup.timeout.ms = 10000
	ssl.cipher.suites = null
	ssl.enabled.protocols = [TLSv1.2, TLSv1.3]
	ssl.endpoint.identification.algorithm = https
	ssl.engine.factory.class = null
	ssl.key.password = null
	ssl.keymanager.algorithm = SunX509
	ssl.keystore.certificate.chain = null
	ssl.keystore.key = null
	ssl.keystore.location = null
	ssl.keystore.password = null
	ssl.keystore.type = JKS
	ssl.protocol = TLSv1.3
	ssl.provider = null
	ssl.secure.random.implementation = null
	ssl.trustmanager.algorithm = PKIX
	ssl.truststore.certificates = null
	ssl.truststore.location = null
	ssl.truststore.password = null
	ssl.truststore.type = JKS
	transaction.timeout.ms = 60000
	transactional.id = null
	value.serializer = class io.apicurio.registry.serde.protobuf.ProtobufKafkaSerializer

2025-08-06 15:39:20,276 INFO  [org.apa.kaf.com.tel.int.KafkaMetricsCollector] (main) initializing Kafka metrics collector
2025-08-06 15:39:20,281 INFO  [org.apa.kaf.cli.pro.KafkaProducer] (main) [Producer clientId=Producer-s8ea549e1x29c8x4eccx8045xf52cbb612da6] Instantiated an idempotent producer.
2025-08-06 15:39:20,282 INFO  [org.apa.kaf.cli.pro.ProducerConfig] (main) These configurations '[apicurio.registry.find-latest, apicurio.registry.url, apicurio.registry.artifact-resolver-strategy]' were supplied but are not used yet.
2025-08-06 15:39:20,282 INFO  [org.apa.kaf.com.uti.AppInfoParser] (main) Kafka version: 3.9.1
2025-08-06 15:39:20,282 INFO  [org.apa.kaf.com.uti.AppInfoParser] (main) Kafka commitId: f745dfdcee2b9851
2025-08-06 15:39:20,282 INFO  [org.apa.kaf.com.uti.AppInfoParser] (main) Kafka startTimeMs: 1754494760282
2025-08-06 15:39:20,283 INFO  [io.api.tes.ser.api.KafkaSerdesTester] (Thread-778) Sending message header {
  time {
  }
}
d1: 1.754494760283E12
s1: "a"
i1: 123
bi1: 1
point {
  longitude: 22.0
  latitude: 22.0
  altitude: 1.0
}
 to topic s8ea549e1x29c8x4eccx8045xf52cbb612da6
2025-08-06 15:39:20,286 INFO  [org.apa.kaf.cli.Metadata] (kafka-producer-network-thread | Producer-s8ea549e1x29c8x4eccx8045xf52cbb612da6) [Producer clientId=Producer-s8ea549e1x29c8x4eccx8045xf52cbb612da6] Cluster ID: dgPJ9z-1S5ugXzLx2i-R9Q
2025-08-06 15:39:20,286 INFO  [org.apa.kaf.cli.pro.int.TransactionManager] (kafka-producer-network-thread | Producer-s8ea549e1x29c8x4eccx8045xf52cbb612da6) [Producer clientId=Producer-s8ea549e1x29c8x4eccx8045xf52cbb612da6] ProducerId set to 32 with epoch 0
2025-08-06 15:39:20,397 INFO  [org.apa.kaf.cli.pro.KafkaProducer] (Thread-778) [Producer clientId=Producer-s8ea549e1x29c8x4eccx8045xf52cbb612da6] Closing the Kafka producer with timeoutMillis = 9223372036854775807 ms.
2025-08-06 15:39:20,398 INFO  [org.apa.kaf.com.met.Metrics] (Thread-778) Metrics scheduler closed
2025-08-06 15:39:20,398 INFO  [org.apa.kaf.com.met.Metrics] (Thread-778) Closing reporter org.apache.kafka.common.metrics.JmxReporter
2025-08-06 15:39:20,398 INFO  [org.apa.kaf.com.met.Metrics] (Thread-778) Closing reporter org.apache.kafka.common.telemetry.internals.ClientTelemetryReporter
2025-08-06 15:39:20,398 INFO  [org.apa.kaf.com.met.Metrics] (Thread-778) Metrics reporters closed
2025-08-06 15:39:20,399 INFO  [org.apa.kaf.com.uti.AppInfoParser] (Thread-778) App info kafka.producer for Producer-s8ea549e1x29c8x4eccx8045xf52cbb612da6 unregistered
**** Registry Base URL: http://registry-app-mysql.apps.ci419.apicurio-testing.org:80
2025-08-06 15:39:20,400 INFO  [org.apa.kaf.cli.pro.ProducerConfig] (main) ProducerConfig values: 
	acks = -1
	auto.include.jmx.reporter = true
	batch.size = 16384
	bootstrap.servers = [PLAINTEXT://localhost:32769]
	buffer.memory = 33554432
	client.dns.lookup = use_all_dns_ips
	client.id = Producer-s8ea549e1x29c8x4eccx8045xf52cbb612da6
	compression.gzip.level = -1
	compression.lz4.level = 9
	compression.type = none
	compression.zstd.level = 3
	connections.max.idle.ms = 10000
	delivery.timeout.ms = 120000
	enable.idempotence = true
	enable.metrics.push = true
	interceptor.classes = []
	key.serializer = class org.apache.kafka.common.serialization.StringSerializer
	linger.ms = 0
	max.block.ms = 60000
	max.in.flight.requests.per.connection = 5
	max.request.size = 1048576
	metadata.max.age.ms = 300000
	metadata.max.idle.ms = 300000
	metadata.recovery.strategy = none
	metric.reporters = []
	metrics.num.samples = 2
	metrics.recording.level = INFO
	metrics.sample.window.ms = 30000
	partitioner.adaptive.partitioning.enable = true
	partitioner.availability.timeout.ms = 0
	partitioner.class = null
	partitioner.ignore.keys = false
	receive.buffer.bytes = 32768
	reconnect.backoff.max.ms = 1000
	reconnect.backoff.ms = 50
	request.timeout.ms = 5000
	retries = 2147483647
	retry.backoff.max.ms = 1000
	retry.backoff.ms = 100
	sasl.client.callback.handler.class = null
	sasl.jaas.config = null
	sasl.kerberos.kinit.cmd = /usr/bin/kinit
	sasl.kerberos.min.time.before.relogin = 60000
	sasl.kerberos.service.name = null
	sasl.kerberos.ticket.renew.jitter = 0.05
	sasl.kerberos.ticket.renew.window.factor = 0.8
	sasl.login.callback.handler.class = null
	sasl.login.class = null
	sasl.login.connect.timeout.ms = null
	sasl.login.read.timeout.ms = null
	sasl.login.refresh.buffer.seconds = 300
	sasl.login.refresh.min.period.seconds = 60
	sasl.login.refresh.window.factor = 0.8
	sasl.login.refresh.window.jitter = 0.05
	sasl.login.retry.backoff.max.ms = 10000
	sasl.login.retry.backoff.ms = 100
	sasl.mechanism = GSSAPI
	sasl.oauthbearer.clock.skew.seconds = 30
	sasl.oauthbearer.expected.audience = null
	sasl.oauthbearer.expected.issuer = null
	sasl.oauthbearer.header.urlencode = false
	sasl.oauthbearer.jwks.endpoint.refresh.ms = 3600000
	sasl.oauthbearer.jwks.endpoint.retry.backoff.max.ms = 10000
	sasl.oauthbearer.jwks.endpoint.retry.backoff.ms = 100
	sasl.oauthbearer.jwks.endpoint.url = null
	sasl.oauthbearer.scope.claim.name = scope
	sasl.oauthbearer.sub.claim.name = sub
	sasl.oauthbearer.token.endpoint.url = null
	security.protocol = PLAINTEXT
	security.providers = null
	send.buffer.bytes = 131072
	socket.connection.setup.timeout.max.ms = 30000
	socket.connection.setup.timeout.ms = 10000
	ssl.cipher.suites = null
	ssl.enabled.protocols = [TLSv1.2, TLSv1.3]
	ssl.endpoint.identification.algorithm = https
	ssl.engine.factory.class = null
	ssl.key.password = null
	ssl.keymanager.algorithm = SunX509
	ssl.keystore.certificate.chain = null
	ssl.keystore.key = null
	ssl.keystore.location = null
	ssl.keystore.password = null
	ssl.keystore.type = JKS
	ssl.protocol = TLSv1.3
	ssl.provider = null
	ssl.secure.random.implementation = null
	ssl.trustmanager.algorithm = PKIX
	ssl.truststore.certificates = null
	ssl.truststore.location = null
	ssl.truststore.password = null
	ssl.truststore.type = JKS
	transaction.timeout.ms = 60000
	transactional.id = null
	value.serializer = class io.apicurio.registry.serde.protobuf.ProtobufKafkaSerializer

2025-08-06 15:39:20,400 INFO  [org.apa.kaf.com.tel.int.KafkaMetricsCollector] (main) initializing Kafka metrics collector
2025-08-06 15:39:20,406 INFO  [org.apa.kaf.cli.pro.KafkaProducer] (main) [Producer clientId=Producer-s8ea549e1x29c8x4eccx8045xf52cbb612da6] Instantiated an idempotent producer.
2025-08-06 15:39:20,408 INFO  [org.apa.kaf.cli.pro.ProducerConfig] (main) These configurations '[apicurio.registry.find-latest, apicurio.registry.url, apicurio.registry.headers.enabled, apicurio.registry.artifact-resolver-strategy]' were supplied but are not used yet.
2025-08-06 15:39:20,410 INFO  [org.apa.kaf.com.uti.AppInfoParser] (main) Kafka version: 3.9.1
2025-08-06 15:39:20,410 INFO  [org.apa.kaf.com.uti.AppInfoParser] (main) Kafka commitId: f745dfdcee2b9851
2025-08-06 15:39:20,410 INFO  [org.apa.kaf.com.uti.AppInfoParser] (main) Kafka startTimeMs: 1754494760410
2025-08-06 15:39:20,410 INFO  [io.api.tes.ser.api.SimpleSerdesTesterBuilder$SimpleSerdesTester] (main) Using producer configuration: {apicurio.registry.find-latest=true, apicurio.registry.url=http://registry-app-mysql.apps.ci419.apicurio-testing.org:80/apis/registry/v3, apicurio.registry.headers.enabled=true, apicurio.registry.artifact-resolver-strategy=io.apicurio.registry.serde.strategy.TopicIdStrategy, value.serializer=io.apicurio.registry.serde.protobuf.ProtobufKafkaSerializer, request.timeout.ms=5000, acks=all, bootstrap.servers=PLAINTEXT://localhost:32769, connections.max.idle.ms=10000, key.serializer=org.apache.kafka.common.serialization.StringSerializer, client.id=Producer-s8ea549e1x29c8x4eccx8045xf52cbb612da6}
2025-08-06 15:39:20,410 INFO  [io.api.tes.ser.api.SimpleSerdesTesterBuilder$SimpleSerdesTester] (main) Using consumer configuration: {apicurio.registry.headers.enabled=true}
2025-08-06 15:39:20,411 INFO  [io.api.tes.ser.api.KafkaSerdesTester] (Thread-781) Sending message msb: 1754494760411
lsb: 321
 to topic s8ea549e1x29c8x4eccx8045xf52cbb612da6
2025-08-06 15:39:20,411 INFO  [org.apa.kaf.cli.Metadata] (kafka-producer-network-thread | Producer-s8ea549e1x29c8x4eccx8045xf52cbb612da6) [Producer clientId=Producer-s8ea549e1x29c8x4eccx8045xf52cbb612da6] Cluster ID: dgPJ9z-1S5ugXzLx2i-R9Q
2025-08-06 15:39:20,411 INFO  [org.apa.kaf.cli.pro.int.TransactionManager] (kafka-producer-network-thread | Producer-s8ea549e1x29c8x4eccx8045xf52cbb612da6) [Producer clientId=Producer-s8ea549e1x29c8x4eccx8045xf52cbb612da6] ProducerId set to 33 with epoch 0
2025-08-06 15:39:20,526 INFO  [io.api.tes.ser.api.KafkaSerdesTester] (Thread-781) Sending message msb: 1754494760525
lsb: 321
 to topic s8ea549e1x29c8x4eccx8045xf52cbb612da6
2025-08-06 15:39:20,527 INFO  [io.api.tes.ser.api.KafkaSerdesTester] (Thread-781) Sending message msb: 1754494760527
lsb: 321
 to topic s8ea549e1x29c8x4eccx8045xf52cbb612da6
2025-08-06 15:39:20,529 INFO  [io.api.tes.ser.api.KafkaSerdesTester] (Thread-781) Sending message msb: 1754494760528
lsb: 321
 to topic s8ea549e1x29c8x4eccx8045xf52cbb612da6
2025-08-06 15:39:20,530 INFO  [io.api.tes.ser.api.KafkaSerdesTester] (Thread-781) Sending message msb: 1754494760530
lsb: 321
 to topic s8ea549e1x29c8x4eccx8045xf52cbb612da6
2025-08-06 15:39:20,532 INFO  [io.api.tes.ser.api.KafkaSerdesTester] (Thread-781) Sending message msb: 1754494760531
lsb: 321
 to topic s8ea549e1x29c8x4eccx8045xf52cbb612da6
2025-08-06 15:39:20,533 INFO  [io.api.tes.ser.api.KafkaSerdesTester] (Thread-781) Sending message msb: 1754494760533
lsb: 321
 to topic s8ea549e1x29c8x4eccx8045xf52cbb612da6
2025-08-06 15:39:20,535 INFO  [io.api.tes.ser.api.KafkaSerdesTester] (Thread-781) Sending message msb: 1754494760535
lsb: 321
 to topic s8ea549e1x29c8x4eccx8045xf52cbb612da6
2025-08-06 15:39:20,536 INFO  [io.api.tes.ser.api.KafkaSerdesTester] (Thread-781) Sending message msb: 1754494760536
lsb: 321
 to topic s8ea549e1x29c8x4eccx8045xf52cbb612da6
2025-08-06 15:39:20,538 INFO  [io.api.tes.ser.api.KafkaSerdesTester] (Thread-781) Sending message msb: 1754494760538
lsb: 321
 to topic s8ea549e1x29c8x4eccx8045xf52cbb612da6
2025-08-06 15:39:20,539 INFO  [io.api.tes.ser.api.KafkaSerdesTester] (Thread-781) Produced 10 messages
2025-08-06 15:39:20,539 INFO  [org.apa.kaf.cli.pro.KafkaProducer] (Thread-781) [Producer clientId=Producer-s8ea549e1x29c8x4eccx8045xf52cbb612da6] Closing the Kafka producer with timeoutMillis = 9223372036854775807 ms.
2025-08-06 15:39:20,541 INFO  [org.apa.kaf.com.met.Metrics] (Thread-781) Metrics scheduler closed
2025-08-06 15:39:20,541 INFO  [org.apa.kaf.com.met.Metrics] (Thread-781) Closing reporter org.apache.kafka.common.metrics.JmxReporter
2025-08-06 15:39:20,541 INFO  [org.apa.kaf.com.met.Metrics] (Thread-781) Closing reporter org.apache.kafka.common.telemetry.internals.ClientTelemetryReporter
2025-08-06 15:39:20,541 INFO  [org.apa.kaf.com.met.Metrics] (Thread-781) Metrics reporters closed
2025-08-06 15:39:20,542 INFO  [org.apa.kaf.com.uti.AppInfoParser] (Thread-781) App info kafka.producer for Producer-s8ea549e1x29c8x4eccx8045xf52cbb612da6 unregistered
**** Registry Base URL: http://registry-app-mysql.apps.ci419.apicurio-testing.org:80
2025-08-06 15:39:20,542 INFO  [org.apa.kaf.cli.con.ConsumerConfig] (main) ConsumerConfig values: 
	allow.auto.create.topics = true
	auto.commit.interval.ms = 500
	auto.include.jmx.reporter = true
	auto.offset.reset = earliest
	bootstrap.servers = [PLAINTEXT://localhost:32769]
	check.crcs = true
	client.dns.lookup = use_all_dns_ips
	client.id = consumer-Consumer-s8ea549e1x29c8x4eccx8045xf52cbb612da6-25
	client.rack = 
	connections.max.idle.ms = 10000
	default.api.timeout.ms = 60000
	enable.auto.commit = true
	enable.metrics.push = true
	exclude.internal.topics = true
	fetch.max.bytes = 52428800
	fetch.max.wait.ms = 500
	fetch.min.bytes = 1
	group.id = Consumer-s8ea549e1x29c8x4eccx8045xf52cbb612da6
	group.instance.id = null
	group.protocol = classic
	group.remote.assignor = null
	heartbeat.interval.ms = 3000
	interceptor.classes = []
	internal.leave.group.on.close = true
	internal.throw.on.fetch.stable.offset.unsupported = false
	isolation.level = read_uncommitted
	key.deserializer = class org.apache.kafka.common.serialization.StringDeserializer
	max.partition.fetch.bytes = 1048576
	max.poll.interval.ms = 300000
	max.poll.records = 500
	metadata.max.age.ms = 300000
	metadata.recovery.strategy = none
	metric.reporters = []
	metrics.num.samples = 2
	metrics.recording.level = INFO
	metrics.sample.window.ms = 30000
	partition.assignment.strategy = [class org.apache.kafka.clients.consumer.RangeAssignor, class org.apache.kafka.clients.consumer.CooperativeStickyAssignor]
	receive.buffer.bytes = 65536
	reconnect.backoff.max.ms = 1000
	reconnect.backoff.ms = 50
	request.timeout.ms = 5000
	retry.backoff.max.ms = 1000
	retry.backoff.ms = 100
	sasl.client.callback.handler.class = null
	sasl.jaas.config = null
	sasl.kerberos.kinit.cmd = /usr/bin/kinit
	sasl.kerberos.min.time.before.relogin = 60000
	sasl.kerberos.service.name = null
	sasl.kerberos.ticket.renew.jitter = 0.05
	sasl.kerberos.ticket.renew.window.factor = 0.8
	sasl.login.callback.handler.class = null
	sasl.login.class = null
	sasl.login.connect.timeout.ms = null
	sasl.login.read.timeout.ms = null
	sasl.login.refresh.buffer.seconds = 300
	sasl.login.refresh.min.period.seconds = 60
	sasl.login.refresh.window.factor = 0.8
	sasl.login.refresh.window.jitter = 0.05
	sasl.login.retry.backoff.max.ms = 10000
	sasl.login.retry.backoff.ms = 100
	sasl.mechanism = GSSAPI
	sasl.oauthbearer.clock.skew.seconds = 30
	sasl.oauthbearer.expected.audience = null
	sasl.oauthbearer.expected.issuer = null
	sasl.oauthbearer.header.urlencode = false
	sasl.oauthbearer.jwks.endpoint.refresh.ms = 3600000
	sasl.oauthbearer.jwks.endpoint.retry.backoff.max.ms = 10000
	sasl.oauthbearer.jwks.endpoint.retry.backoff.ms = 100
	sasl.oauthbearer.jwks.endpoint.url = null
	sasl.oauthbearer.scope.claim.name = scope
	sasl.oauthbearer.sub.claim.name = sub
	sasl.oauthbearer.token.endpoint.url = null
	security.protocol = PLAINTEXT
	security.providers = null
	send.buffer.bytes = 131072
	session.timeout.ms = 45000
	socket.connection.setup.timeout.max.ms = 30000
	socket.connection.setup.timeout.ms = 10000
	ssl.cipher.suites = null
	ssl.enabled.protocols = [TLSv1.2, TLSv1.3]
	ssl.endpoint.identification.algorithm = https
	ssl.engine.factory.class = null
	ssl.key.password = null
	ssl.keymanager.algorithm = SunX509
	ssl.keystore.certificate.chain = null
	ssl.keystore.key = null
	ssl.keystore.location = null
	ssl.keystore.password = null
	ssl.keystore.type = JKS
	ssl.protocol = TLSv1.3
	ssl.provider = null
	ssl.secure.random.implementation = null
	ssl.trustmanager.algorithm = PKIX
	ssl.truststore.certificates = null
	ssl.truststore.location = null
	ssl.truststore.password = null
	ssl.truststore.type = JKS
	value.deserializer = class io.apicurio.registry.serde.protobuf.ProtobufKafkaDeserializer

2025-08-06 15:39:20,542 INFO  [org.apa.kaf.com.tel.int.KafkaMetricsCollector] (main) initializing Kafka metrics collector
2025-08-06 15:39:20,547 INFO  [org.apa.kaf.cli.con.ConsumerConfig] (main) These configurations '[apicurio.registry.url, apicurio.registry.headers.enabled]' were supplied but are not used yet.
2025-08-06 15:39:20,547 INFO  [org.apa.kaf.com.uti.AppInfoParser] (main) Kafka version: 3.9.1
2025-08-06 15:39:20,547 INFO  [org.apa.kaf.com.uti.AppInfoParser] (main) Kafka commitId: f745dfdcee2b9851
2025-08-06 15:39:20,547 INFO  [org.apa.kaf.com.uti.AppInfoParser] (main) Kafka startTimeMs: 1754494760547
2025-08-06 15:39:20,549 INFO  [org.apa.kaf.cli.con.int.ClassicKafkaConsumer] (Thread-784) [Consumer clientId=consumer-Consumer-s8ea549e1x29c8x4eccx8045xf52cbb612da6-25, groupId=Consumer-s8ea549e1x29c8x4eccx8045xf52cbb612da6] Subscribed to topic(s): s8ea549e1x29c8x4eccx8045xf52cbb612da6
2025-08-06 15:39:20,552 INFO  [org.apa.kaf.cli.Metadata] (Thread-784) [Consumer clientId=consumer-Consumer-s8ea549e1x29c8x4eccx8045xf52cbb612da6-25, groupId=Consumer-s8ea549e1x29c8x4eccx8045xf52cbb612da6] Cluster ID: dgPJ9z-1S5ugXzLx2i-R9Q
2025-08-06 15:39:20,552 INFO  [org.apa.kaf.cli.con.int.ConsumerCoordinator] (Thread-784) [Consumer clientId=consumer-Consumer-s8ea549e1x29c8x4eccx8045xf52cbb612da6-25, groupId=Consumer-s8ea549e1x29c8x4eccx8045xf52cbb612da6] Discovered group coordinator localhost:32769 (id: 2147483647 rack: null)
2025-08-06 15:39:20,553 INFO  [org.apa.kaf.cli.con.int.ConsumerCoordinator] (Thread-784) [Consumer clientId=consumer-Consumer-s8ea549e1x29c8x4eccx8045xf52cbb612da6-25, groupId=Consumer-s8ea549e1x29c8x4eccx8045xf52cbb612da6] (Re-)joining group
2025-08-06 15:39:20,555 INFO  [org.apa.kaf.cli.con.int.ConsumerCoordinator] (Thread-784) [Consumer clientId=consumer-Consumer-s8ea549e1x29c8x4eccx8045xf52cbb612da6-25, groupId=Consumer-s8ea549e1x29c8x4eccx8045xf52cbb612da6] Request joining group due to: need to re-join with the given member-id: consumer-Consumer-s8ea549e1x29c8x4eccx8045xf52cbb612da6-25-4ab5f75f-5394-4b4d-8e10-8c9c2105331b
2025-08-06 15:39:20,555 INFO  [org.apa.kaf.cli.con.int.ConsumerCoordinator] (Thread-784) [Consumer clientId=consumer-Consumer-s8ea549e1x29c8x4eccx8045xf52cbb612da6-25, groupId=Consumer-s8ea549e1x29c8x4eccx8045xf52cbb612da6] (Re-)joining group
2025-08-06 15:39:21,549 INFO  [io.api.tes.ser.api.KafkaSerdesTester] (Thread-784) None found
2025-08-06 15:39:22,551 INFO  [io.api.tes.ser.api.KafkaSerdesTester] (Thread-784) None found
2025-08-06 15:39:23,551 INFO  [io.api.tes.ser.api.KafkaSerdesTester] (Thread-784) None found
2025-08-06 15:39:23,556 INFO  [org.apa.kaf.cli.con.int.ConsumerCoordinator] (Thread-784) [Consumer clientId=consumer-Consumer-s8ea549e1x29c8x4eccx8045xf52cbb612da6-25, groupId=Consumer-s8ea549e1x29c8x4eccx8045xf52cbb612da6] Successfully joined group with generation Generation{generationId=7, memberId='consumer-Consumer-s8ea549e1x29c8x4eccx8045xf52cbb612da6-25-4ab5f75f-5394-4b4d-8e10-8c9c2105331b', protocol='range'}
2025-08-06 15:39:23,556 INFO  [org.apa.kaf.cli.con.int.ConsumerCoordinator] (Thread-784) [Consumer clientId=consumer-Consumer-s8ea549e1x29c8x4eccx8045xf52cbb612da6-25, groupId=Consumer-s8ea549e1x29c8x4eccx8045xf52cbb612da6] Finished assignment for group at generation 7: {consumer-Consumer-s8ea549e1x29c8x4eccx8045xf52cbb612da6-25-4ab5f75f-5394-4b4d-8e10-8c9c2105331b=Assignment(partitions=[s8ea549e1x29c8x4eccx8045xf52cbb612da6-0])}
2025-08-06 15:39:23,562 INFO  [org.apa.kaf.cli.con.int.ConsumerCoordinator] (Thread-784) [Consumer clientId=consumer-Consumer-s8ea549e1x29c8x4eccx8045xf52cbb612da6-25, groupId=Consumer-s8ea549e1x29c8x4eccx8045xf52cbb612da6] Successfully synced group in generation Generation{generationId=7, memberId='consumer-Consumer-s8ea549e1x29c8x4eccx8045xf52cbb612da6-25-4ab5f75f-5394-4b4d-8e10-8c9c2105331b', protocol='range'}
2025-08-06 15:39:23,563 INFO  [org.apa.kaf.cli.con.int.ConsumerCoordinator] (Thread-784) [Consumer clientId=consumer-Consumer-s8ea549e1x29c8x4eccx8045xf52cbb612da6-25, groupId=Consumer-s8ea549e1x29c8x4eccx8045xf52cbb612da6] Notifying assignor about the new Assignment(partitions=[s8ea549e1x29c8x4eccx8045xf52cbb612da6-0])
2025-08-06 15:39:23,563 INFO  [org.apa.kaf.cli.con.int.ConsumerRebalanceListenerInvoker] (Thread-784) [Consumer clientId=consumer-Consumer-s8ea549e1x29c8x4eccx8045xf52cbb612da6-25, groupId=Consumer-s8ea549e1x29c8x4eccx8045xf52cbb612da6] Adding newly assigned partitions: s8ea549e1x29c8x4eccx8045xf52cbb612da6-0
2025-08-06 15:39:23,563 INFO  [org.apa.kaf.cli.con.int.ConsumerUtils] (Thread-784) Setting offset for partition s8ea549e1x29c8x4eccx8045xf52cbb612da6-0 to the committed offset FetchPosition{offset=30, offsetEpoch=Optional[0], currentLeader=LeaderAndEpoch{leader=Optional[localhost:32769 (id: 0 rack: null)], epoch=0}}
2025-08-06 15:39:23,645 INFO  [io.api.tes.ser.api.KafkaSerdesTester] (Thread-784) s8ea549e1x29c8x4eccx8045xf52cbb612da6 0 30 msb: 1754494760411
lsb: 321

2025-08-06 15:39:23,645 INFO  [io.api.tes.ser.api.KafkaSerdesTester] (Thread-784) s8ea549e1x29c8x4eccx8045xf52cbb612da6 0 31 msb: 1754494760525
lsb: 321

2025-08-06 15:39:23,645 INFO  [io.api.tes.ser.api.KafkaSerdesTester] (Thread-784) s8ea549e1x29c8x4eccx8045xf52cbb612da6 0 32 msb: 1754494760527
lsb: 321

2025-08-06 15:39:23,645 INFO  [io.api.tes.ser.api.KafkaSerdesTester] (Thread-784) s8ea549e1x29c8x4eccx8045xf52cbb612da6 0 33 msb: 1754494760528
lsb: 321

2025-08-06 15:39:23,645 INFO  [io.api.tes.ser.api.KafkaSerdesTester] (Thread-784) s8ea549e1x29c8x4eccx8045xf52cbb612da6 0 34 msb: 1754494760530
lsb: 321

2025-08-06 15:39:23,645 INFO  [io.api.tes.ser.api.KafkaSerdesTester] (Thread-784) s8ea549e1x29c8x4eccx8045xf52cbb612da6 0 35 msb: 1754494760531
lsb: 321

2025-08-06 15:39:23,645 INFO  [io.api.tes.ser.api.KafkaSerdesTester] (Thread-784) s8ea549e1x29c8x4eccx8045xf52cbb612da6 0 36 msb: 1754494760533
lsb: 321

2025-08-06 15:39:23,646 INFO  [io.api.tes.ser.api.KafkaSerdesTester] (Thread-784) s8ea549e1x29c8x4eccx8045xf52cbb612da6 0 37 msb: 1754494760535
lsb: 321

2025-08-06 15:39:23,646 INFO  [io.api.tes.ser.api.KafkaSerdesTester] (Thread-784) s8ea549e1x29c8x4eccx8045xf52cbb612da6 0 38 msb: 1754494760536
lsb: 321

2025-08-06 15:39:23,646 INFO  [io.api.tes.ser.api.KafkaSerdesTester] (Thread-784) s8ea549e1x29c8x4eccx8045xf52cbb612da6 0 39 msb: 1754494760538
lsb: 321

2025-08-06 15:39:23,646 INFO  [io.api.tes.ser.api.KafkaSerdesTester] (Thread-784) Consumed 10 messages
2025-08-06 15:39:23,652 INFO  [org.apa.kaf.cli.con.int.ConsumerRebalanceListenerInvoker] (Thread-784) [Consumer clientId=consumer-Consumer-s8ea549e1x29c8x4eccx8045xf52cbb612da6-25, groupId=Consumer-s8ea549e1x29c8x4eccx8045xf52cbb612da6] Revoke previously assigned partitions s8ea549e1x29c8x4eccx8045xf52cbb612da6-0
2025-08-06 15:39:23,652 INFO  [org.apa.kaf.cli.con.int.ConsumerCoordinator] (Thread-784) [Consumer clientId=consumer-Consumer-s8ea549e1x29c8x4eccx8045xf52cbb612da6-25, groupId=Consumer-s8ea549e1x29c8x4eccx8045xf52cbb612da6] Member consumer-Consumer-s8ea549e1x29c8x4eccx8045xf52cbb612da6-25-4ab5f75f-5394-4b4d-8e10-8c9c2105331b sending LeaveGroup request to coordinator localhost:32769 (id: 2147483647 rack: null) due to the consumer is being closed
2025-08-06 15:39:23,653 INFO  [org.apa.kaf.cli.con.int.ConsumerCoordinator] (Thread-784) [Consumer clientId=consumer-Consumer-s8ea549e1x29c8x4eccx8045xf52cbb612da6-25, groupId=Consumer-s8ea549e1x29c8x4eccx8045xf52cbb612da6] Resetting generation and member id due to: consumer pro-actively leaving the group
2025-08-06 15:39:23,653 INFO  [org.apa.kaf.cli.con.int.ConsumerCoordinator] (Thread-784) [Consumer clientId=consumer-Consumer-s8ea549e1x29c8x4eccx8045xf52cbb612da6-25, groupId=Consumer-s8ea549e1x29c8x4eccx8045xf52cbb612da6] Request joining group due to: consumer pro-actively leaving the group
2025-08-06 15:39:24,150 INFO  [org.apa.kaf.com.met.Metrics] (Thread-784) Metrics scheduler closed
2025-08-06 15:39:24,150 INFO  [org.apa.kaf.com.met.Metrics] (Thread-784) Closing reporter org.apache.kafka.common.metrics.JmxReporter
2025-08-06 15:39:24,150 INFO  [org.apa.kaf.com.met.Metrics] (Thread-784) Closing reporter org.apache.kafka.common.telemetry.internals.ClientTelemetryReporter
2025-08-06 15:39:24,150 INFO  [org.apa.kaf.com.met.Metrics] (Thread-784) Metrics reporters closed
2025-08-06 15:39:24,151 INFO  [org.apa.kaf.com.uti.AppInfoParser] (Thread-784) App info kafka.consumer for consumer-Consumer-s8ea549e1x29c8x4eccx8045xf52cbb612da6-25 unregistered
**** Registry Base URL: http://registry-app-mysql.apps.ci419.apicurio-testing.org:80
2025-08-06 15:39:24,153 INFO  [org.apa.kaf.cli.pro.ProducerConfig] (main) ProducerConfig values: 
	acks = -1
	auto.include.jmx.reporter = true
	batch.size = 16384
	bootstrap.servers = [PLAINTEXT://localhost:32769]
	buffer.memory = 33554432
	client.dns.lookup = use_all_dns_ips
	client.id = Producer-s8ea549e1x29c8x4eccx8045xf52cbb612da6
	compression.gzip.level = -1
	compression.lz4.level = 9
	compression.type = none
	compression.zstd.level = 3
	connections.max.idle.ms = 10000
	delivery.timeout.ms = 120000
	enable.idempotence = true
	enable.metrics.push = true
	interceptor.classes = []
	key.serializer = class org.apache.kafka.common.serialization.StringSerializer
	linger.ms = 0
	max.block.ms = 60000
	max.in.flight.requests.per.connection = 5
	max.request.size = 1048576
	metadata.max.age.ms = 300000
	metadata.max.idle.ms = 300000
	metadata.recovery.strategy = none
	metric.reporters = []
	metrics.num.samples = 2
	metrics.recording.level = INFO
	metrics.sample.window.ms = 30000
	partitioner.adaptive.partitioning.enable = true
	partitioner.availability.timeout.ms = 0
	partitioner.class = null
	partitioner.ignore.keys = false
	receive.buffer.bytes = 32768
	reconnect.backoff.max.ms = 1000
	reconnect.backoff.ms = 50
	request.timeout.ms = 5000
	retries = 2147483647
	retry.backoff.max.ms = 1000
	retry.backoff.ms = 100
	sasl.client.callback.handler.class = null
	sasl.jaas.config = null
	sasl.kerberos.kinit.cmd = /usr/bin/kinit
	sasl.kerberos.min.time.before.relogin = 60000
	sasl.kerberos.service.name = null
	sasl.kerberos.ticket.renew.jitter = 0.05
	sasl.kerberos.ticket.renew.window.factor = 0.8
	sasl.login.callback.handler.class = null
	sasl.login.class = null
	sasl.login.connect.timeout.ms = null
	sasl.login.read.timeout.ms = null
	sasl.login.refresh.buffer.seconds = 300
	sasl.login.refresh.min.period.seconds = 60
	sasl.login.refresh.window.factor = 0.8
	sasl.login.refresh.window.jitter = 0.05
	sasl.login.retry.backoff.max.ms = 10000
	sasl.login.retry.backoff.ms = 100
	sasl.mechanism = GSSAPI
	sasl.oauthbearer.clock.skew.seconds = 30
	sasl.oauthbearer.expected.audience = null
	sasl.oauthbearer.expected.issuer = null
	sasl.oauthbearer.header.urlencode = false
	sasl.oauthbearer.jwks.endpoint.refresh.ms = 3600000
	sasl.oauthbearer.jwks.endpoint.retry.backoff.max.ms = 10000
	sasl.oauthbearer.jwks.endpoint.retry.backoff.ms = 100
	sasl.oauthbearer.jwks.endpoint.url = null
	sasl.oauthbearer.scope.claim.name = scope
	sasl.oauthbearer.sub.claim.name = sub
	sasl.oauthbearer.token.endpoint.url = null
	security.protocol = PLAINTEXT
	security.providers = null
	send.buffer.bytes = 131072
	socket.connection.setup.timeout.max.ms = 30000
	socket.connection.setup.timeout.ms = 10000
	ssl.cipher.suites = null
	ssl.enabled.protocols = [TLSv1.2, TLSv1.3]
	ssl.endpoint.identification.algorithm = https
	ssl.engine.factory.class = null
	ssl.key.password = null
	ssl.keymanager.algorithm = SunX509
	ssl.keystore.certificate.chain = null
	ssl.keystore.key = null
	ssl.keystore.location = null
	ssl.keystore.password = null
	ssl.keystore.type = JKS
	ssl.protocol = TLSv1.3
	ssl.provider = null
	ssl.secure.random.implementation = null
	ssl.trustmanager.algorithm = PKIX
	ssl.truststore.certificates = null
	ssl.truststore.location = null
	ssl.truststore.password = null
	ssl.truststore.type = JKS
	transaction.timeout.ms = 60000
	transactional.id = null
	value.serializer = class io.apicurio.registry.serde.protobuf.ProtobufKafkaSerializer

2025-08-06 15:39:24,154 INFO  [org.apa.kaf.com.tel.int.KafkaMetricsCollector] (main) initializing Kafka metrics collector
2025-08-06 15:39:24,160 INFO  [org.apa.kaf.cli.pro.KafkaProducer] (main) [Producer clientId=Producer-s8ea549e1x29c8x4eccx8045xf52cbb612da6] Instantiated an idempotent producer.
2025-08-06 15:39:24,162 INFO  [org.apa.kaf.cli.pro.ProducerConfig] (main) These configurations '[apicurio.registry.url, apicurio.registry.headers.enabled, apicurio.registry.artifact-resolver-strategy, apicurio.registry.artifact.version]' were supplied but are not used yet.
2025-08-06 15:39:24,162 INFO  [org.apa.kaf.com.uti.AppInfoParser] (main) Kafka version: 3.9.1
2025-08-06 15:39:24,162 INFO  [org.apa.kaf.com.uti.AppInfoParser] (main) Kafka commitId: f745dfdcee2b9851
2025-08-06 15:39:24,162 INFO  [org.apa.kaf.com.uti.AppInfoParser] (main) Kafka startTimeMs: 1754494764162
2025-08-06 15:39:24,162 INFO  [io.api.tes.ser.api.SimpleSerdesTesterBuilder$SimpleSerdesTester] (main) Using producer configuration: {apicurio.registry.url=http://registry-app-mysql.apps.ci419.apicurio-testing.org:80/apis/registry/v3, apicurio.registry.headers.enabled=true, apicurio.registry.artifact-resolver-strategy=io.apicurio.registry.serde.strategy.TopicIdStrategy, value.serializer=io.apicurio.registry.serde.protobuf.ProtobufKafkaSerializer, request.timeout.ms=5000, acks=all, bootstrap.servers=PLAINTEXT://localhost:32769, connections.max.idle.ms=10000, apicurio.registry.artifact.version=2, key.serializer=org.apache.kafka.common.serialization.StringSerializer, client.id=Producer-s8ea549e1x29c8x4eccx8045xf52cbb612da6}
2025-08-06 15:39:24,162 INFO  [io.api.tes.ser.api.SimpleSerdesTesterBuilder$SimpleSerdesTester] (main) Using consumer configuration: {apicurio.registry.headers.enabled=true}
2025-08-06 15:39:24,164 INFO  [io.api.tes.ser.api.KafkaSerdesTester] (Thread-787) Sending message msb: 1754494764164
lsb: 321
 to topic s8ea549e1x29c8x4eccx8045xf52cbb612da6
2025-08-06 15:39:24,165 INFO  [org.apa.kaf.cli.Metadata] (kafka-producer-network-thread | Producer-s8ea549e1x29c8x4eccx8045xf52cbb612da6) [Producer clientId=Producer-s8ea549e1x29c8x4eccx8045xf52cbb612da6] Cluster ID: dgPJ9z-1S5ugXzLx2i-R9Q
2025-08-06 15:39:24,166 INFO  [org.apa.kaf.cli.pro.int.TransactionManager] (kafka-producer-network-thread | Producer-s8ea549e1x29c8x4eccx8045xf52cbb612da6) [Producer clientId=Producer-s8ea549e1x29c8x4eccx8045xf52cbb612da6] ProducerId set to 34 with epoch 0
2025-08-06 15:39:24,278 INFO  [io.api.tes.ser.api.KafkaSerdesTester] (Thread-787) Sending message msb: 1754494764278
lsb: 321
 to topic s8ea549e1x29c8x4eccx8045xf52cbb612da6
2025-08-06 15:39:24,280 INFO  [io.api.tes.ser.api.KafkaSerdesTester] (Thread-787) Sending message msb: 1754494764280
lsb: 321
 to topic s8ea549e1x29c8x4eccx8045xf52cbb612da6
2025-08-06 15:39:24,282 INFO  [io.api.tes.ser.api.KafkaSerdesTester] (Thread-787) Sending message msb: 1754494764282
lsb: 321
 to topic s8ea549e1x29c8x4eccx8045xf52cbb612da6
2025-08-06 15:39:24,283 INFO  [io.api.tes.ser.api.KafkaSerdesTester] (Thread-787) Sending message msb: 1754494764283
lsb: 321
 to topic s8ea549e1x29c8x4eccx8045xf52cbb612da6
2025-08-06 15:39:24,298 INFO  [io.api.tes.ser.api.KafkaSerdesTester] (Thread-787) Sending message msb: 1754494764298
lsb: 321
 to topic s8ea549e1x29c8x4eccx8045xf52cbb612da6
2025-08-06 15:39:24,299 INFO  [io.api.tes.ser.api.KafkaSerdesTester] (Thread-787) Sending message msb: 1754494764299
lsb: 321
 to topic s8ea549e1x29c8x4eccx8045xf52cbb612da6
2025-08-06 15:39:24,301 INFO  [io.api.tes.ser.api.KafkaSerdesTester] (Thread-787) Sending message msb: 1754494764301
lsb: 321
 to topic s8ea549e1x29c8x4eccx8045xf52cbb612da6
2025-08-06 15:39:24,306 INFO  [io.api.tes.ser.api.KafkaSerdesTester] (Thread-787) Sending message msb: 1754494764306
lsb: 321
 to topic s8ea549e1x29c8x4eccx8045xf52cbb612da6
2025-08-06 15:39:24,307 INFO  [io.api.tes.ser.api.KafkaSerdesTester] (Thread-787) Sending message msb: 1754494764307
lsb: 321
 to topic s8ea549e1x29c8x4eccx8045xf52cbb612da6
2025-08-06 15:39:24,311 INFO  [io.api.tes.ser.api.KafkaSerdesTester] (Thread-787) Produced 10 messages
2025-08-06 15:39:24,311 INFO  [org.apa.kaf.cli.pro.KafkaProducer] (Thread-787) [Producer clientId=Producer-s8ea549e1x29c8x4eccx8045xf52cbb612da6] Closing the Kafka producer with timeoutMillis = 9223372036854775807 ms.
2025-08-06 15:39:24,313 INFO  [org.apa.kaf.com.met.Metrics] (Thread-787) Metrics scheduler closed
2025-08-06 15:39:24,313 INFO  [org.apa.kaf.com.met.Metrics] (Thread-787) Closing reporter org.apache.kafka.common.metrics.JmxReporter
2025-08-06 15:39:24,313 INFO  [org.apa.kaf.com.met.Metrics] (Thread-787) Closing reporter org.apache.kafka.common.telemetry.internals.ClientTelemetryReporter
2025-08-06 15:39:24,313 INFO  [org.apa.kaf.com.met.Metrics] (Thread-787) Metrics reporters closed
2025-08-06 15:39:24,314 INFO  [org.apa.kaf.com.uti.AppInfoParser] (Thread-787) App info kafka.producer for Producer-s8ea549e1x29c8x4eccx8045xf52cbb612da6 unregistered
**** Registry Base URL: http://registry-app-mysql.apps.ci419.apicurio-testing.org:80
2025-08-06 15:39:24,314 INFO  [org.apa.kaf.cli.con.ConsumerConfig] (main) ConsumerConfig values: 
	allow.auto.create.topics = true
	auto.commit.interval.ms = 500
	auto.include.jmx.reporter = true
	auto.offset.reset = earliest
	bootstrap.servers = [PLAINTEXT://localhost:32769]
	check.crcs = true
	client.dns.lookup = use_all_dns_ips
	client.id = consumer-Consumer-s8ea549e1x29c8x4eccx8045xf52cbb612da6-26
	client.rack = 
	connections.max.idle.ms = 10000
	default.api.timeout.ms = 60000
	enable.auto.commit = true
	enable.metrics.push = true
	exclude.internal.topics = true
	fetch.max.bytes = 52428800
	fetch.max.wait.ms = 500
	fetch.min.bytes = 1
	group.id = Consumer-s8ea549e1x29c8x4eccx8045xf52cbb612da6
	group.instance.id = null
	group.protocol = classic
	group.remote.assignor = null
	heartbeat.interval.ms = 3000
	interceptor.classes = []
	internal.leave.group.on.close = true
	internal.throw.on.fetch.stable.offset.unsupported = false
	isolation.level = read_uncommitted
	key.deserializer = class org.apache.kafka.common.serialization.StringDeserializer
	max.partition.fetch.bytes = 1048576
	max.poll.interval.ms = 300000
	max.poll.records = 500
	metadata.max.age.ms = 300000
	metadata.recovery.strategy = none
	metric.reporters = []
	metrics.num.samples = 2
	metrics.recording.level = INFO
	metrics.sample.window.ms = 30000
	partition.assignment.strategy = [class org.apache.kafka.clients.consumer.RangeAssignor, class org.apache.kafka.clients.consumer.CooperativeStickyAssignor]
	receive.buffer.bytes = 65536
	reconnect.backoff.max.ms = 1000
	reconnect.backoff.ms = 50
	request.timeout.ms = 5000
	retry.backoff.max.ms = 1000
	retry.backoff.ms = 100
	sasl.client.callback.handler.class = null
	sasl.jaas.config = null
	sasl.kerberos.kinit.cmd = /usr/bin/kinit
	sasl.kerberos.min.time.before.relogin = 60000
	sasl.kerberos.service.name = null
	sasl.kerberos.ticket.renew.jitter = 0.05
	sasl.kerberos.ticket.renew.window.factor = 0.8
	sasl.login.callback.handler.class = null
	sasl.login.class = null
	sasl.login.connect.timeout.ms = null
	sasl.login.read.timeout.ms = null
	sasl.login.refresh.buffer.seconds = 300
	sasl.login.refresh.min.period.seconds = 60
	sasl.login.refresh.window.factor = 0.8
	sasl.login.refresh.window.jitter = 0.05
	sasl.login.retry.backoff.max.ms = 10000
	sasl.login.retry.backoff.ms = 100
	sasl.mechanism = GSSAPI
	sasl.oauthbearer.clock.skew.seconds = 30
	sasl.oauthbearer.expected.audience = null
	sasl.oauthbearer.expected.issuer = null
	sasl.oauthbearer.header.urlencode = false
	sasl.oauthbearer.jwks.endpoint.refresh.ms = 3600000
	sasl.oauthbearer.jwks.endpoint.retry.backoff.max.ms = 10000
	sasl.oauthbearer.jwks.endpoint.retry.backoff.ms = 100
	sasl.oauthbearer.jwks.endpoint.url = null
	sasl.oauthbearer.scope.claim.name = scope
	sasl.oauthbearer.sub.claim.name = sub
	sasl.oauthbearer.token.endpoint.url = null
	security.protocol = PLAINTEXT
	security.providers = null
	send.buffer.bytes = 131072
	session.timeout.ms = 45000
	socket.connection.setup.timeout.max.ms = 30000
	socket.connection.setup.timeout.ms = 10000
	ssl.cipher.suites = null
	ssl.enabled.protocols = [TLSv1.2, TLSv1.3]
	ssl.endpoint.identification.algorithm = https
	ssl.engine.factory.class = null
	ssl.key.password = null
	ssl.keymanager.algorithm = SunX509
	ssl.keystore.certificate.chain = null
	ssl.keystore.key = null
	ssl.keystore.location = null
	ssl.keystore.password = null
	ssl.keystore.type = JKS
	ssl.protocol = TLSv1.3
	ssl.provider = null
	ssl.secure.random.implementation = null
	ssl.trustmanager.algorithm = PKIX
	ssl.truststore.certificates = null
	ssl.truststore.location = null
	ssl.truststore.password = null
	ssl.truststore.type = JKS
	value.deserializer = class io.apicurio.registry.serde.protobuf.ProtobufKafkaDeserializer

2025-08-06 15:39:24,315 INFO  [org.apa.kaf.com.tel.int.KafkaMetricsCollector] (main) initializing Kafka metrics collector
2025-08-06 15:39:24,325 INFO  [org.apa.kaf.cli.con.ConsumerConfig] (main) These configurations '[apicurio.registry.url, apicurio.registry.headers.enabled]' were supplied but are not used yet.
2025-08-06 15:39:24,325 INFO  [org.apa.kaf.com.uti.AppInfoParser] (main) Kafka version: 3.9.1
2025-08-06 15:39:24,325 INFO  [org.apa.kaf.com.uti.AppInfoParser] (main) Kafka commitId: f745dfdcee2b9851
2025-08-06 15:39:24,325 INFO  [org.apa.kaf.com.uti.AppInfoParser] (main) Kafka startTimeMs: 1754494764325
2025-08-06 15:39:24,326 INFO  [org.apa.kaf.cli.con.int.ClassicKafkaConsumer] (Thread-790) [Consumer clientId=consumer-Consumer-s8ea549e1x29c8x4eccx8045xf52cbb612da6-26, groupId=Consumer-s8ea549e1x29c8x4eccx8045xf52cbb612da6] Subscribed to topic(s): s8ea549e1x29c8x4eccx8045xf52cbb612da6
2025-08-06 15:39:24,328 INFO  [org.apa.kaf.cli.Metadata] (Thread-790) [Consumer clientId=consumer-Consumer-s8ea549e1x29c8x4eccx8045xf52cbb612da6-26, groupId=Consumer-s8ea549e1x29c8x4eccx8045xf52cbb612da6] Cluster ID: dgPJ9z-1S5ugXzLx2i-R9Q
2025-08-06 15:39:24,328 INFO  [org.apa.kaf.cli.con.int.ConsumerCoordinator] (Thread-790) [Consumer clientId=consumer-Consumer-s8ea549e1x29c8x4eccx8045xf52cbb612da6-26, groupId=Consumer-s8ea549e1x29c8x4eccx8045xf52cbb612da6] Discovered group coordinator localhost:32769 (id: 2147483647 rack: null)
2025-08-06 15:39:24,329 INFO  [org.apa.kaf.cli.con.int.ConsumerCoordinator] (Thread-790) [Consumer clientId=consumer-Consumer-s8ea549e1x29c8x4eccx8045xf52cbb612da6-26, groupId=Consumer-s8ea549e1x29c8x4eccx8045xf52cbb612da6] (Re-)joining group
2025-08-06 15:39:24,330 INFO  [org.apa.kaf.cli.con.int.ConsumerCoordinator] (Thread-790) [Consumer clientId=consumer-Consumer-s8ea549e1x29c8x4eccx8045xf52cbb612da6-26, groupId=Consumer-s8ea549e1x29c8x4eccx8045xf52cbb612da6] Request joining group due to: need to re-join with the given member-id: consumer-Consumer-s8ea549e1x29c8x4eccx8045xf52cbb612da6-26-845d147e-b33c-4cab-8291-3c536ef86744
2025-08-06 15:39:24,330 INFO  [org.apa.kaf.cli.con.int.ConsumerCoordinator] (Thread-790) [Consumer clientId=consumer-Consumer-s8ea549e1x29c8x4eccx8045xf52cbb612da6-26, groupId=Consumer-s8ea549e1x29c8x4eccx8045xf52cbb612da6] (Re-)joining group
2025-08-06 15:39:25,326 INFO  [io.api.tes.ser.api.KafkaSerdesTester] (Thread-790) None found
2025-08-06 15:39:26,326 INFO  [io.api.tes.ser.api.KafkaSerdesTester] (Thread-790) None found
2025-08-06 15:39:27,326 INFO  [io.api.tes.ser.api.KafkaSerdesTester] (Thread-790) None found
2025-08-06 15:39:27,332 INFO  [org.apa.kaf.cli.con.int.ConsumerCoordinator] (Thread-790) [Consumer clientId=consumer-Consumer-s8ea549e1x29c8x4eccx8045xf52cbb612da6-26, groupId=Consumer-s8ea549e1x29c8x4eccx8045xf52cbb612da6] Successfully joined group with generation Generation{generationId=9, memberId='consumer-Consumer-s8ea549e1x29c8x4eccx8045xf52cbb612da6-26-845d147e-b33c-4cab-8291-3c536ef86744', protocol='range'}
2025-08-06 15:39:27,332 INFO  [org.apa.kaf.cli.con.int.ConsumerCoordinator] (Thread-790) [Consumer clientId=consumer-Consumer-s8ea549e1x29c8x4eccx8045xf52cbb612da6-26, groupId=Consumer-s8ea549e1x29c8x4eccx8045xf52cbb612da6] Finished assignment for group at generation 9: {consumer-Consumer-s8ea549e1x29c8x4eccx8045xf52cbb612da6-26-845d147e-b33c-4cab-8291-3c536ef86744=Assignment(partitions=[s8ea549e1x29c8x4eccx8045xf52cbb612da6-0])}
2025-08-06 15:39:27,339 INFO  [org.apa.kaf.cli.con.int.ConsumerCoordinator] (Thread-790) [Consumer clientId=consumer-Consumer-s8ea549e1x29c8x4eccx8045xf52cbb612da6-26, groupId=Consumer-s8ea549e1x29c8x4eccx8045xf52cbb612da6] Successfully synced group in generation Generation{generationId=9, memberId='consumer-Consumer-s8ea549e1x29c8x4eccx8045xf52cbb612da6-26-845d147e-b33c-4cab-8291-3c536ef86744', protocol='range'}
2025-08-06 15:39:27,339 INFO  [org.apa.kaf.cli.con.int.ConsumerCoordinator] (Thread-790) [Consumer clientId=consumer-Consumer-s8ea549e1x29c8x4eccx8045xf52cbb612da6-26, groupId=Consumer-s8ea549e1x29c8x4eccx8045xf52cbb612da6] Notifying assignor about the new Assignment(partitions=[s8ea549e1x29c8x4eccx8045xf52cbb612da6-0])
2025-08-06 15:39:27,339 INFO  [org.apa.kaf.cli.con.int.ConsumerRebalanceListenerInvoker] (Thread-790) [Consumer clientId=consumer-Consumer-s8ea549e1x29c8x4eccx8045xf52cbb612da6-26, groupId=Consumer-s8ea549e1x29c8x4eccx8045xf52cbb612da6] Adding newly assigned partitions: s8ea549e1x29c8x4eccx8045xf52cbb612da6-0
2025-08-06 15:39:27,340 INFO  [org.apa.kaf.cli.con.int.ConsumerUtils] (Thread-790) Setting offset for partition s8ea549e1x29c8x4eccx8045xf52cbb612da6-0 to the committed offset FetchPosition{offset=40, offsetEpoch=Optional[0], currentLeader=LeaderAndEpoch{leader=Optional[localhost:32769 (id: 0 rack: null)], epoch=0}}
2025-08-06 15:39:27,419 INFO  [io.api.tes.ser.api.KafkaSerdesTester] (Thread-790) s8ea549e1x29c8x4eccx8045xf52cbb612da6 0 40 msb: 1754494764164
lsb: 321

2025-08-06 15:39:27,419 INFO  [io.api.tes.ser.api.KafkaSerdesTester] (Thread-790) s8ea549e1x29c8x4eccx8045xf52cbb612da6 0 41 msb: 1754494764278
lsb: 321

2025-08-06 15:39:27,419 INFO  [io.api.tes.ser.api.KafkaSerdesTester] (Thread-790) s8ea549e1x29c8x4eccx8045xf52cbb612da6 0 42 msb: 1754494764280
lsb: 321

2025-08-06 15:39:27,419 INFO  [io.api.tes.ser.api.KafkaSerdesTester] (Thread-790) s8ea549e1x29c8x4eccx8045xf52cbb612da6 0 43 msb: 1754494764282
lsb: 321

2025-08-06 15:39:27,419 INFO  [io.api.tes.ser.api.KafkaSerdesTester] (Thread-790) s8ea549e1x29c8x4eccx8045xf52cbb612da6 0 44 msb: 1754494764283
lsb: 321

2025-08-06 15:39:27,419 INFO  [io.api.tes.ser.api.KafkaSerdesTester] (Thread-790) s8ea549e1x29c8x4eccx8045xf52cbb612da6 0 45 msb: 1754494764298
lsb: 321

2025-08-06 15:39:27,419 INFO  [io.api.tes.ser.api.KafkaSerdesTester] (Thread-790) s8ea549e1x29c8x4eccx8045xf52cbb612da6 0 46 msb: 1754494764299
lsb: 321

2025-08-06 15:39:27,419 INFO  [io.api.tes.ser.api.KafkaSerdesTester] (Thread-790) s8ea549e1x29c8x4eccx8045xf52cbb612da6 0 47 msb: 1754494764301
lsb: 321

2025-08-06 15:39:27,419 INFO  [io.api.tes.ser.api.KafkaSerdesTester] (Thread-790) s8ea549e1x29c8x4eccx8045xf52cbb612da6 0 48 msb: 1754494764306
lsb: 321

2025-08-06 15:39:27,419 INFO  [io.api.tes.ser.api.KafkaSerdesTester] (Thread-790) s8ea549e1x29c8x4eccx8045xf52cbb612da6 0 49 msb: 1754494764307
lsb: 321

2025-08-06 15:39:27,419 INFO  [io.api.tes.ser.api.KafkaSerdesTester] (Thread-790) Consumed 10 messages
2025-08-06 15:39:27,426 INFO  [org.apa.kaf.cli.con.int.ConsumerRebalanceListenerInvoker] (Thread-790) [Consumer clientId=consumer-Consumer-s8ea549e1x29c8x4eccx8045xf52cbb612da6-26, groupId=Consumer-s8ea549e1x29c8x4eccx8045xf52cbb612da6] Revoke previously assigned partitions s8ea549e1x29c8x4eccx8045xf52cbb612da6-0
2025-08-06 15:39:27,426 INFO  [org.apa.kaf.cli.con.int.ConsumerCoordinator] (Thread-790) [Consumer clientId=consumer-Consumer-s8ea549e1x29c8x4eccx8045xf52cbb612da6-26, groupId=Consumer-s8ea549e1x29c8x4eccx8045xf52cbb612da6] Member consumer-Consumer-s8ea549e1x29c8x4eccx8045xf52cbb612da6-26-845d147e-b33c-4cab-8291-3c536ef86744 sending LeaveGroup request to coordinator localhost:32769 (id: 2147483647 rack: null) due to the consumer is being closed
2025-08-06 15:39:27,427 INFO  [org.apa.kaf.cli.con.int.ConsumerCoordinator] (Thread-790) [Consumer clientId=consumer-Consumer-s8ea549e1x29c8x4eccx8045xf52cbb612da6-26, groupId=Consumer-s8ea549e1x29c8x4eccx8045xf52cbb612da6] Resetting generation and member id due to: consumer pro-actively leaving the group
2025-08-06 15:39:27,427 INFO  [org.apa.kaf.cli.con.int.ConsumerCoordinator] (Thread-790) [Consumer clientId=consumer-Consumer-s8ea549e1x29c8x4eccx8045xf52cbb612da6-26, groupId=Consumer-s8ea549e1x29c8x4eccx8045xf52cbb612da6] Request joining group due to: consumer pro-actively leaving the group
2025-08-06 15:39:27,922 INFO  [org.apa.kaf.com.met.Metrics] (Thread-790) Metrics scheduler closed
2025-08-06 15:39:27,922 INFO  [org.apa.kaf.com.met.Metrics] (Thread-790) Closing reporter org.apache.kafka.common.metrics.JmxReporter
2025-08-06 15:39:27,922 INFO  [org.apa.kaf.com.met.Metrics] (Thread-790) Closing reporter org.apache.kafka.common.telemetry.internals.ClientTelemetryReporter
2025-08-06 15:39:27,922 INFO  [org.apa.kaf.com.met.Metrics] (Thread-790) Metrics reporters closed
2025-08-06 15:39:27,924 INFO  [org.apa.kaf.com.uti.AppInfoParser] (Thread-790) App info kafka.consumer for consumer-Consumer-s8ea549e1x29c8x4eccx8045xf52cbb612da6-26 unregistered
2025-08-06 15:39:27,924 INFO  [io.api.tes.uti.TestSeparator] (main) io.apicurio.tests.serdes.apicurio.ProtobufSerdeIT.testValidation-FINISHED
2025-08-06 15:39:27,924 INFO  [io.api.tes.uti.TestSeparator] (main) ############################################################################
Test passed: testValidation
]]></system-out>
  </testcase>
  <testcase name="testArtifactNotFound" classname="io.apicurio.tests.serdes.apicurio.ProtobufSerdeIT" time="0.004">
    <system-out><![CDATA[2025-08-06 15:39:27,925 INFO  [io.api.tes.uti.TestSeparator] (main) ############################################################################
2025-08-06 15:39:27,925 INFO  [io.api.tes.uti.TestSeparator] (main) io.apicurio.tests.serdes.apicurio.ProtobufSerdeIT.testArtifactNotFound-STARTED
2025-08-06 15:39:27,929 INFO  [io.api.tes.uti.TestSeparator] (main) io.apicurio.tests.serdes.apicurio.ProtobufSerdeIT.testArtifactNotFound-FINISHED
2025-08-06 15:39:27,929 INFO  [io.api.tes.uti.TestSeparator] (main) ############################################################################
Test passed: testArtifactNotFound
]]></system-out>
  </testcase>
  <testcase name="testTopicIdStrategyFindLatest" classname="io.apicurio.tests.serdes.apicurio.ProtobufSerdeIT" time="1.085">
    <system-out><![CDATA[2025-08-06 15:39:27,931 INFO  [io.api.tes.uti.TestSeparator] (main) ############################################################################
2025-08-06 15:39:27,931 INFO  [io.api.tes.uti.TestSeparator] (main) io.apicurio.tests.serdes.apicurio.ProtobufSerdeIT.testTopicIdStrategyFindLatest-STARTED
2025-08-06 15:39:29,014 INFO  [io.api.tes.uti.TestSeparator] (main) io.apicurio.tests.serdes.apicurio.ProtobufSerdeIT.testTopicIdStrategyFindLatest-FINISHED
2025-08-06 15:39:29,014 INFO  [io.api.tes.uti.TestSeparator] (main) ############################################################################
Test passed: testTopicIdStrategyFindLatest
]]></system-out>
  </testcase>
  <testcase name="testWrongSchemaFindLatest" classname="io.apicurio.tests.serdes.apicurio.ProtobufSerdeIT" time="1.078">
    <system-out><![CDATA[2025-08-06 15:39:29,016 INFO  [io.api.tes.uti.TestSeparator] (main) ############################################################################
2025-08-06 15:39:29,016 INFO  [io.api.tes.uti.TestSeparator] (main) io.apicurio.tests.serdes.apicurio.ProtobufSerdeIT.testWrongSchemaFindLatest-STARTED
2025-08-06 15:39:30,093 INFO  [io.api.tes.uti.TestSeparator] (main) io.apicurio.tests.serdes.apicurio.ProtobufSerdeIT.testWrongSchemaFindLatest-FINISHED
2025-08-06 15:39:30,093 INFO  [io.api.tes.uti.TestSeparator] (main) ############################################################################
Test passed: testWrongSchemaFindLatest
]]></system-out>
  </testcase>
  <testcase name="testAutoRegisterDeriveClassProtobufType" classname="io.apicurio.tests.serdes.apicurio.ProtobufSerdeIT" time="4.573">
    <system-out><![CDATA[2025-08-06 15:39:30,094 INFO  [io.api.tes.uti.TestSeparator] (main) ############################################################################
2025-08-06 15:39:30,094 INFO  [io.api.tes.uti.TestSeparator] (main) io.apicurio.tests.serdes.apicurio.ProtobufSerdeIT.testAutoRegisterDeriveClassProtobufType-STARTED
**** Registry Base URL: http://registry-app-mysql.apps.ci419.apicurio-testing.org:80
2025-08-06 15:39:30,095 INFO  [org.apa.kaf.cli.pro.ProducerConfig] (main) ProducerConfig values: 
	acks = -1
	auto.include.jmx.reporter = true
	batch.size = 16384
	bootstrap.servers = [PLAINTEXT://localhost:32769]
	buffer.memory = 33554432
	client.dns.lookup = use_all_dns_ips
	client.id = Producer-topic-346d322c_f82b_44a4_a3fb_d71970f622cd
	compression.gzip.level = -1
	compression.lz4.level = 9
	compression.type = none
	compression.zstd.level = 3
	connections.max.idle.ms = 10000
	delivery.timeout.ms = 120000
	enable.idempotence = true
	enable.metrics.push = true
	interceptor.classes = []
	key.serializer = class org.apache.kafka.common.serialization.StringSerializer
	linger.ms = 0
	max.block.ms = 60000
	max.in.flight.requests.per.connection = 5
	max.request.size = 1048576
	metadata.max.age.ms = 300000
	metadata.max.idle.ms = 300000
	metadata.recovery.strategy = none
	metric.reporters = []
	metrics.num.samples = 2
	metrics.recording.level = INFO
	metrics.sample.window.ms = 30000
	partitioner.adaptive.partitioning.enable = true
	partitioner.availability.timeout.ms = 0
	partitioner.class = null
	partitioner.ignore.keys = false
	receive.buffer.bytes = 32768
	reconnect.backoff.max.ms = 1000
	reconnect.backoff.ms = 50
	request.timeout.ms = 5000
	retries = 2147483647
	retry.backoff.max.ms = 1000
	retry.backoff.ms = 100
	sasl.client.callback.handler.class = null
	sasl.jaas.config = null
	sasl.kerberos.kinit.cmd = /usr/bin/kinit
	sasl.kerberos.min.time.before.relogin = 60000
	sasl.kerberos.service.name = null
	sasl.kerberos.ticket.renew.jitter = 0.05
	sasl.kerberos.ticket.renew.window.factor = 0.8
	sasl.login.callback.handler.class = null
	sasl.login.class = null
	sasl.login.connect.timeout.ms = null
	sasl.login.read.timeout.ms = null
	sasl.login.refresh.buffer.seconds = 300
	sasl.login.refresh.min.period.seconds = 60
	sasl.login.refresh.window.factor = 0.8
	sasl.login.refresh.window.jitter = 0.05
	sasl.login.retry.backoff.max.ms = 10000
	sasl.login.retry.backoff.ms = 100
	sasl.mechanism = GSSAPI
	sasl.oauthbearer.clock.skew.seconds = 30
	sasl.oauthbearer.expected.audience = null
	sasl.oauthbearer.expected.issuer = null
	sasl.oauthbearer.header.urlencode = false
	sasl.oauthbearer.jwks.endpoint.refresh.ms = 3600000
	sasl.oauthbearer.jwks.endpoint.retry.backoff.max.ms = 10000
	sasl.oauthbearer.jwks.endpoint.retry.backoff.ms = 100
	sasl.oauthbearer.jwks.endpoint.url = null
	sasl.oauthbearer.scope.claim.name = scope
	sasl.oauthbearer.sub.claim.name = sub
	sasl.oauthbearer.token.endpoint.url = null
	security.protocol = PLAINTEXT
	security.providers = null
	send.buffer.bytes = 131072
	socket.connection.setup.timeout.max.ms = 30000
	socket.connection.setup.timeout.ms = 10000
	ssl.cipher.suites = null
	ssl.enabled.protocols = [TLSv1.2, TLSv1.3]
	ssl.endpoint.identification.algorithm = https
	ssl.engine.factory.class = null
	ssl.key.password = null
	ssl.keymanager.algorithm = SunX509
	ssl.keystore.certificate.chain = null
	ssl.keystore.key = null
	ssl.keystore.location = null
	ssl.keystore.password = null
	ssl.keystore.type = JKS
	ssl.protocol = TLSv1.3
	ssl.provider = null
	ssl.secure.random.implementation = null
	ssl.trustmanager.algorithm = PKIX
	ssl.truststore.certificates = null
	ssl.truststore.location = null
	ssl.truststore.password = null
	ssl.truststore.type = JKS
	transaction.timeout.ms = 60000
	transactional.id = null
	value.serializer = class io.apicurio.registry.serde.protobuf.ProtobufKafkaSerializer

2025-08-06 15:39:30,096 INFO  [org.apa.kaf.com.tel.int.KafkaMetricsCollector] (main) initializing Kafka metrics collector
2025-08-06 15:39:30,100 INFO  [org.apa.kaf.cli.pro.KafkaProducer] (main) [Producer clientId=Producer-topic-346d322c_f82b_44a4_a3fb_d71970f622cd] Instantiated an idempotent producer.
2025-08-06 15:39:30,101 INFO  [org.apa.kaf.cli.pro.ProducerConfig] (main) These configurations '[apicurio.registry.url, apicurio.registry.auto-register, apicurio.registry.artifact-resolver-strategy]' were supplied but are not used yet.
2025-08-06 15:39:30,101 INFO  [org.apa.kaf.com.uti.AppInfoParser] (main) Kafka version: 3.9.1
2025-08-06 15:39:30,101 INFO  [org.apa.kaf.com.uti.AppInfoParser] (main) Kafka commitId: f745dfdcee2b9851
2025-08-06 15:39:30,101 INFO  [org.apa.kaf.com.uti.AppInfoParser] (main) Kafka startTimeMs: 1754494770101
2025-08-06 15:39:30,102 INFO  [io.api.tes.ser.api.SimpleSerdesTesterBuilder$SimpleSerdesTester] (main) Using producer configuration: {apicurio.registry.url=http://registry-app-mysql.apps.ci419.apicurio-testing.org:80/apis/registry/v3, apicurio.registry.auto-register=true, apicurio.registry.artifact-resolver-strategy=io.apicurio.registry.serde.strategy.TopicIdStrategy, value.serializer=io.apicurio.registry.serde.protobuf.ProtobufKafkaSerializer, request.timeout.ms=5000, acks=all, bootstrap.servers=PLAINTEXT://localhost:32769, connections.max.idle.ms=10000, key.serializer=org.apache.kafka.common.serialization.StringSerializer, client.id=Producer-topic-346d322c_f82b_44a4_a3fb_d71970f622cd}
2025-08-06 15:39:30,102 INFO  [io.api.tes.ser.api.SimpleSerdesTesterBuilder$SimpleSerdesTester] (main) Using consumer configuration: {apicurio.protobuf.derive.class=true}
2025-08-06 15:39:30,106 INFO  [io.api.tes.ser.api.KafkaSerdesTester] (Thread-793) Sending message header {
  time {
  }
}
d1: 1.754494770105E12
s1: "a"
i1: 123
bi1: 1
point {
  longitude: 22.0
  latitude: 22.0
  altitude: 1.0
}
 to topic topic-346d322c_f82b_44a4_a3fb_d71970f622cd
2025-08-06 15:39:30,106 INFO  [org.apa.kaf.cli.Metadata] (kafka-producer-network-thread | Producer-topic-346d322c_f82b_44a4_a3fb_d71970f622cd) [Producer clientId=Producer-topic-346d322c_f82b_44a4_a3fb_d71970f622cd] Cluster ID: dgPJ9z-1S5ugXzLx2i-R9Q
2025-08-06 15:39:30,107 INFO  [org.apa.kaf.cli.pro.int.TransactionManager] (kafka-producer-network-thread | Producer-topic-346d322c_f82b_44a4_a3fb_d71970f622cd) [Producer clientId=Producer-topic-346d322c_f82b_44a4_a3fb_d71970f622cd] ProducerId set to 35 with epoch 0
2025-08-06 15:39:30,109 WARN  [org.apa.kaf.cli.NetworkClient] (kafka-producer-network-thread | Producer-topic-346d322c_f82b_44a4_a3fb_d71970f622cd) [Producer clientId=Producer-topic-346d322c_f82b_44a4_a3fb_d71970f622cd] The metadata response from the cluster reported a recoverable issue with correlation id 5 : {topic-346d322c_f82b_44a4_a3fb_d71970f622cd=UNKNOWN_TOPIC_OR_PARTITION}
2025-08-06 15:39:30,364 INFO  [io.api.tes.ser.api.KafkaSerdesTester] (Thread-793) Sending message header {
  time {
  }
}
d1: 1.754494770364E12
s1: "a"
i1: 123
bi1: 1
point {
  longitude: 22.0
  latitude: 22.0
  altitude: 1.0
}
 to topic topic-346d322c_f82b_44a4_a3fb_d71970f622cd
2025-08-06 15:39:30,423 INFO  [io.api.tes.ser.api.KafkaSerdesTester] (Thread-793) Sending message header {
  time {
  }
}
d1: 1.754494770423E12
s1: "a"
i1: 123
bi1: 1
point {
  longitude: 22.0
  latitude: 22.0
  altitude: 1.0
}
 to topic topic-346d322c_f82b_44a4_a3fb_d71970f622cd
2025-08-06 15:39:30,484 INFO  [io.api.tes.ser.api.KafkaSerdesTester] (Thread-793) Sending message header {
  time {
  }
}
d1: 1.754494770484E12
s1: "a"
i1: 123
bi1: 1
point {
  longitude: 22.0
  latitude: 22.0
  altitude: 1.0
}
 to topic topic-346d322c_f82b_44a4_a3fb_d71970f622cd
2025-08-06 15:39:30,542 INFO  [io.api.tes.ser.api.KafkaSerdesTester] (Thread-793) Sending message header {
  time {
  }
}
d1: 1.754494770542E12
s1: "a"
i1: 123
bi1: 1
point {
  longitude: 22.0
  latitude: 22.0
  altitude: 1.0
}
 to topic topic-346d322c_f82b_44a4_a3fb_d71970f622cd
2025-08-06 15:39:30,598 INFO  [io.api.tes.ser.api.KafkaSerdesTester] (Thread-793) Sending message header {
  time {
  }
}
d1: 1.754494770598E12
s1: "a"
i1: 123
bi1: 1
point {
  longitude: 22.0
  latitude: 22.0
  altitude: 1.0
}
 to topic topic-346d322c_f82b_44a4_a3fb_d71970f622cd
2025-08-06 15:39:30,660 INFO  [io.api.tes.ser.api.KafkaSerdesTester] (Thread-793) Sending message header {
  time {
  }
}
d1: 1.75449477066E12
s1: "a"
i1: 123
bi1: 1
point {
  longitude: 22.0
  latitude: 22.0
  altitude: 1.0
}
 to topic topic-346d322c_f82b_44a4_a3fb_d71970f622cd
2025-08-06 15:39:30,719 INFO  [io.api.tes.ser.api.KafkaSerdesTester] (Thread-793) Sending message header {
  time {
  }
}
d1: 1.754494770719E12
s1: "a"
i1: 123
bi1: 1
point {
  longitude: 22.0
  latitude: 22.0
  altitude: 1.0
}
 to topic topic-346d322c_f82b_44a4_a3fb_d71970f622cd
2025-08-06 15:39:30,778 INFO  [io.api.tes.ser.api.KafkaSerdesTester] (Thread-793) Sending message header {
  time {
  }
}
d1: 1.754494770778E12
s1: "a"
i1: 123
bi1: 1
point {
  longitude: 22.0
  latitude: 22.0
  altitude: 1.0
}
 to topic topic-346d322c_f82b_44a4_a3fb_d71970f622cd
2025-08-06 15:39:30,836 INFO  [io.api.tes.ser.api.KafkaSerdesTester] (Thread-793) Sending message header {
  time {
  }
}
d1: 1.754494770836E12
s1: "a"
i1: 123
bi1: 1
point {
  longitude: 22.0
  latitude: 22.0
  altitude: 1.0
}
 to topic topic-346d322c_f82b_44a4_a3fb_d71970f622cd
2025-08-06 15:39:30,891 INFO  [io.api.tes.ser.api.KafkaSerdesTester] (Thread-793) Produced 10 messages
2025-08-06 15:39:30,892 INFO  [org.apa.kaf.cli.pro.KafkaProducer] (Thread-793) [Producer clientId=Producer-topic-346d322c_f82b_44a4_a3fb_d71970f622cd] Closing the Kafka producer with timeoutMillis = 9223372036854775807 ms.
2025-08-06 15:39:30,894 INFO  [org.apa.kaf.com.met.Metrics] (Thread-793) Metrics scheduler closed
2025-08-06 15:39:30,894 INFO  [org.apa.kaf.com.met.Metrics] (Thread-793) Closing reporter org.apache.kafka.common.metrics.JmxReporter
2025-08-06 15:39:30,894 INFO  [org.apa.kaf.com.met.Metrics] (Thread-793) Closing reporter org.apache.kafka.common.telemetry.internals.ClientTelemetryReporter
2025-08-06 15:39:30,894 INFO  [org.apa.kaf.com.met.Metrics] (Thread-793) Metrics reporters closed
2025-08-06 15:39:30,894 INFO  [org.apa.kaf.com.uti.AppInfoParser] (Thread-793) App info kafka.producer for Producer-topic-346d322c_f82b_44a4_a3fb_d71970f622cd unregistered
**** Registry Base URL: http://registry-app-mysql.apps.ci419.apicurio-testing.org:80
2025-08-06 15:39:30,953 INFO  [org.apa.kaf.cli.con.ConsumerConfig] (main) ConsumerConfig values: 
	allow.auto.create.topics = true
	auto.commit.interval.ms = 500
	auto.include.jmx.reporter = true
	auto.offset.reset = earliest
	bootstrap.servers = [PLAINTEXT://localhost:32769]
	check.crcs = true
	client.dns.lookup = use_all_dns_ips
	client.id = consumer-Consumer-topic-346d322c_f82b_44a4_a3fb_d71970f622cd-27
	client.rack = 
	connections.max.idle.ms = 10000
	default.api.timeout.ms = 60000
	enable.auto.commit = true
	enable.metrics.push = true
	exclude.internal.topics = true
	fetch.max.bytes = 52428800
	fetch.max.wait.ms = 500
	fetch.min.bytes = 1
	group.id = Consumer-topic-346d322c_f82b_44a4_a3fb_d71970f622cd
	group.instance.id = null
	group.protocol = classic
	group.remote.assignor = null
	heartbeat.interval.ms = 3000
	interceptor.classes = []
	internal.leave.group.on.close = true
	internal.throw.on.fetch.stable.offset.unsupported = false
	isolation.level = read_uncommitted
	key.deserializer = class org.apache.kafka.common.serialization.StringDeserializer
	max.partition.fetch.bytes = 1048576
	max.poll.interval.ms = 300000
	max.poll.records = 500
	metadata.max.age.ms = 300000
	metadata.recovery.strategy = none
	metric.reporters = []
	metrics.num.samples = 2
	metrics.recording.level = INFO
	metrics.sample.window.ms = 30000
	partition.assignment.strategy = [class org.apache.kafka.clients.consumer.RangeAssignor, class org.apache.kafka.clients.consumer.CooperativeStickyAssignor]
	receive.buffer.bytes = 65536
	reconnect.backoff.max.ms = 1000
	reconnect.backoff.ms = 50
	request.timeout.ms = 5000
	retry.backoff.max.ms = 1000
	retry.backoff.ms = 100
	sasl.client.callback.handler.class = null
	sasl.jaas.config = null
	sasl.kerberos.kinit.cmd = /usr/bin/kinit
	sasl.kerberos.min.time.before.relogin = 60000
	sasl.kerberos.service.name = null
	sasl.kerberos.ticket.renew.jitter = 0.05
	sasl.kerberos.ticket.renew.window.factor = 0.8
	sasl.login.callback.handler.class = null
	sasl.login.class = null
	sasl.login.connect.timeout.ms = null
	sasl.login.read.timeout.ms = null
	sasl.login.refresh.buffer.seconds = 300
	sasl.login.refresh.min.period.seconds = 60
	sasl.login.refresh.window.factor = 0.8
	sasl.login.refresh.window.jitter = 0.05
	sasl.login.retry.backoff.max.ms = 10000
	sasl.login.retry.backoff.ms = 100
	sasl.mechanism = GSSAPI
	sasl.oauthbearer.clock.skew.seconds = 30
	sasl.oauthbearer.expected.audience = null
	sasl.oauthbearer.expected.issuer = null
	sasl.oauthbearer.header.urlencode = false
	sasl.oauthbearer.jwks.endpoint.refresh.ms = 3600000
	sasl.oauthbearer.jwks.endpoint.retry.backoff.max.ms = 10000
	sasl.oauthbearer.jwks.endpoint.retry.backoff.ms = 100
	sasl.oauthbearer.jwks.endpoint.url = null
	sasl.oauthbearer.scope.claim.name = scope
	sasl.oauthbearer.sub.claim.name = sub
	sasl.oauthbearer.token.endpoint.url = null
	security.protocol = PLAINTEXT
	security.providers = null
	send.buffer.bytes = 131072
	session.timeout.ms = 45000
	socket.connection.setup.timeout.max.ms = 30000
	socket.connection.setup.timeout.ms = 10000
	ssl.cipher.suites = null
	ssl.enabled.protocols = [TLSv1.2, TLSv1.3]
	ssl.endpoint.identification.algorithm = https
	ssl.engine.factory.class = null
	ssl.key.password = null
	ssl.keymanager.algorithm = SunX509
	ssl.keystore.certificate.chain = null
	ssl.keystore.key = null
	ssl.keystore.location = null
	ssl.keystore.password = null
	ssl.keystore.type = JKS
	ssl.protocol = TLSv1.3
	ssl.provider = null
	ssl.secure.random.implementation = null
	ssl.trustmanager.algorithm = PKIX
	ssl.truststore.certificates = null
	ssl.truststore.location = null
	ssl.truststore.password = null
	ssl.truststore.type = JKS
	value.deserializer = class io.apicurio.registry.serde.protobuf.ProtobufKafkaDeserializer

2025-08-06 15:39:30,954 INFO  [org.apa.kaf.com.tel.int.KafkaMetricsCollector] (main) initializing Kafka metrics collector
2025-08-06 15:39:30,960 INFO  [org.apa.kaf.cli.con.ConsumerConfig] (main) These configurations '[apicurio.registry.url, apicurio.protobuf.derive.class]' were supplied but are not used yet.
2025-08-06 15:39:30,960 INFO  [org.apa.kaf.com.uti.AppInfoParser] (main) Kafka version: 3.9.1
2025-08-06 15:39:30,960 INFO  [org.apa.kaf.com.uti.AppInfoParser] (main) Kafka commitId: f745dfdcee2b9851
2025-08-06 15:39:30,960 INFO  [org.apa.kaf.com.uti.AppInfoParser] (main) Kafka startTimeMs: 1754494770960
2025-08-06 15:39:30,960 INFO  [org.apa.kaf.cli.con.int.ClassicKafkaConsumer] (Thread-796) [Consumer clientId=consumer-Consumer-topic-346d322c_f82b_44a4_a3fb_d71970f622cd-27, groupId=Consumer-topic-346d322c_f82b_44a4_a3fb_d71970f622cd] Subscribed to topic(s): topic-346d322c_f82b_44a4_a3fb_d71970f622cd
2025-08-06 15:39:30,965 INFO  [org.apa.kaf.cli.Metadata] (Thread-796) [Consumer clientId=consumer-Consumer-topic-346d322c_f82b_44a4_a3fb_d71970f622cd-27, groupId=Consumer-topic-346d322c_f82b_44a4_a3fb_d71970f622cd] Cluster ID: dgPJ9z-1S5ugXzLx2i-R9Q
2025-08-06 15:39:30,968 INFO  [org.apa.kaf.cli.con.int.ConsumerCoordinator] (Thread-796) [Consumer clientId=consumer-Consumer-topic-346d322c_f82b_44a4_a3fb_d71970f622cd-27, groupId=Consumer-topic-346d322c_f82b_44a4_a3fb_d71970f622cd] Discovered group coordinator localhost:32769 (id: 2147483647 rack: null)
2025-08-06 15:39:30,970 INFO  [org.apa.kaf.cli.con.int.ConsumerCoordinator] (Thread-796) [Consumer clientId=consumer-Consumer-topic-346d322c_f82b_44a4_a3fb_d71970f622cd-27, groupId=Consumer-topic-346d322c_f82b_44a4_a3fb_d71970f622cd] (Re-)joining group
2025-08-06 15:39:30,973 INFO  [org.apa.kaf.cli.con.int.ConsumerCoordinator] (Thread-796) [Consumer clientId=consumer-Consumer-topic-346d322c_f82b_44a4_a3fb_d71970f622cd-27, groupId=Consumer-topic-346d322c_f82b_44a4_a3fb_d71970f622cd] Request joining group due to: need to re-join with the given member-id: consumer-Consumer-topic-346d322c_f82b_44a4_a3fb_d71970f622cd-27-0fa2e2c8-f41b-41ba-835b-2707b3e06c96
2025-08-06 15:39:30,973 INFO  [org.apa.kaf.cli.con.int.ConsumerCoordinator] (Thread-796) [Consumer clientId=consumer-Consumer-topic-346d322c_f82b_44a4_a3fb_d71970f622cd-27, groupId=Consumer-topic-346d322c_f82b_44a4_a3fb_d71970f622cd] (Re-)joining group
2025-08-06 15:39:31,961 INFO  [io.api.tes.ser.api.KafkaSerdesTester] (Thread-796) None found
2025-08-06 15:39:32,961 INFO  [io.api.tes.ser.api.KafkaSerdesTester] (Thread-796) None found
2025-08-06 15:39:33,962 INFO  [io.api.tes.ser.api.KafkaSerdesTester] (Thread-796) None found
2025-08-06 15:39:33,974 INFO  [org.apa.kaf.cli.con.int.ConsumerCoordinator] (Thread-796) [Consumer clientId=consumer-Consumer-topic-346d322c_f82b_44a4_a3fb_d71970f622cd-27, groupId=Consumer-topic-346d322c_f82b_44a4_a3fb_d71970f622cd] Successfully joined group with generation Generation{generationId=1, memberId='consumer-Consumer-topic-346d322c_f82b_44a4_a3fb_d71970f622cd-27-0fa2e2c8-f41b-41ba-835b-2707b3e06c96', protocol='range'}
2025-08-06 15:39:33,975 INFO  [org.apa.kaf.cli.con.int.ConsumerCoordinator] (Thread-796) [Consumer clientId=consumer-Consumer-topic-346d322c_f82b_44a4_a3fb_d71970f622cd-27, groupId=Consumer-topic-346d322c_f82b_44a4_a3fb_d71970f622cd] Finished assignment for group at generation 1: {consumer-Consumer-topic-346d322c_f82b_44a4_a3fb_d71970f622cd-27-0fa2e2c8-f41b-41ba-835b-2707b3e06c96=Assignment(partitions=[topic-346d322c_f82b_44a4_a3fb_d71970f622cd-0])}
2025-08-06 15:39:33,981 INFO  [org.apa.kaf.cli.con.int.ConsumerCoordinator] (Thread-796) [Consumer clientId=consumer-Consumer-topic-346d322c_f82b_44a4_a3fb_d71970f622cd-27, groupId=Consumer-topic-346d322c_f82b_44a4_a3fb_d71970f622cd] Successfully synced group in generation Generation{generationId=1, memberId='consumer-Consumer-topic-346d322c_f82b_44a4_a3fb_d71970f622cd-27-0fa2e2c8-f41b-41ba-835b-2707b3e06c96', protocol='range'}
2025-08-06 15:39:33,981 INFO  [org.apa.kaf.cli.con.int.ConsumerCoordinator] (Thread-796) [Consumer clientId=consumer-Consumer-topic-346d322c_f82b_44a4_a3fb_d71970f622cd-27, groupId=Consumer-topic-346d322c_f82b_44a4_a3fb_d71970f622cd] Notifying assignor about the new Assignment(partitions=[topic-346d322c_f82b_44a4_a3fb_d71970f622cd-0])
2025-08-06 15:39:33,981 INFO  [org.apa.kaf.cli.con.int.ConsumerRebalanceListenerInvoker] (Thread-796) [Consumer clientId=consumer-Consumer-topic-346d322c_f82b_44a4_a3fb_d71970f622cd-27, groupId=Consumer-topic-346d322c_f82b_44a4_a3fb_d71970f622cd] Adding newly assigned partitions: topic-346d322c_f82b_44a4_a3fb_d71970f622cd-0
2025-08-06 15:39:33,982 INFO  [org.apa.kaf.cli.con.int.ConsumerCoordinator] (Thread-796) [Consumer clientId=consumer-Consumer-topic-346d322c_f82b_44a4_a3fb_d71970f622cd-27, groupId=Consumer-topic-346d322c_f82b_44a4_a3fb_d71970f622cd] Found no committed offset for partition topic-346d322c_f82b_44a4_a3fb_d71970f622cd-0
2025-08-06 15:39:33,983 INFO  [org.apa.kaf.cli.con.int.SubscriptionState] (Thread-796) [Consumer clientId=consumer-Consumer-topic-346d322c_f82b_44a4_a3fb_d71970f622cd-27, groupId=Consumer-topic-346d322c_f82b_44a4_a3fb_d71970f622cd] Resetting offset for partition topic-346d322c_f82b_44a4_a3fb_d71970f622cd-0 to position FetchPosition{offset=0, offsetEpoch=Optional.empty, currentLeader=LeaderAndEpoch{leader=Optional[localhost:32769 (id: 0 rack: null)], epoch=0}}.
2025-08-06 15:39:34,122 INFO  [io.api.tes.ser.api.KafkaSerdesTester] (Thread-796) topic-346d322c_f82b_44a4_a3fb_d71970f622cd 0 0 header {
  time {
  }
}
d1: 1.754494770105E12
s1: "a"
i1: 123
bi1: 1
point {
  longitude: 22.0
  latitude: 22.0
  altitude: 1.0
}

2025-08-06 15:39:34,122 INFO  [io.api.tes.ser.api.KafkaSerdesTester] (Thread-796) topic-346d322c_f82b_44a4_a3fb_d71970f622cd 0 1 header {
  time {
  }
}
d1: 1.754494770364E12
s1: "a"
i1: 123
bi1: 1
point {
  longitude: 22.0
  latitude: 22.0
  altitude: 1.0
}

2025-08-06 15:39:34,122 INFO  [io.api.tes.ser.api.KafkaSerdesTester] (Thread-796) topic-346d322c_f82b_44a4_a3fb_d71970f622cd 0 2 header {
  time {
  }
}
d1: 1.754494770423E12
s1: "a"
i1: 123
bi1: 1
point {
  longitude: 22.0
  latitude: 22.0
  altitude: 1.0
}

2025-08-06 15:39:34,122 INFO  [io.api.tes.ser.api.KafkaSerdesTester] (Thread-796) topic-346d322c_f82b_44a4_a3fb_d71970f622cd 0 3 header {
  time {
  }
}
d1: 1.754494770484E12
s1: "a"
i1: 123
bi1: 1
point {
  longitude: 22.0
  latitude: 22.0
  altitude: 1.0
}

2025-08-06 15:39:34,123 INFO  [io.api.tes.ser.api.KafkaSerdesTester] (Thread-796) topic-346d322c_f82b_44a4_a3fb_d71970f622cd 0 4 header {
  time {
  }
}
d1: 1.754494770542E12
s1: "a"
i1: 123
bi1: 1
point {
  longitude: 22.0
  latitude: 22.0
  altitude: 1.0
}

2025-08-06 15:39:34,123 INFO  [io.api.tes.ser.api.KafkaSerdesTester] (Thread-796) topic-346d322c_f82b_44a4_a3fb_d71970f622cd 0 5 header {
  time {
  }
}
d1: 1.754494770598E12
s1: "a"
i1: 123
bi1: 1
point {
  longitude: 22.0
  latitude: 22.0
  altitude: 1.0
}

2025-08-06 15:39:34,123 INFO  [io.api.tes.ser.api.KafkaSerdesTester] (Thread-796) topic-346d322c_f82b_44a4_a3fb_d71970f622cd 0 6 header {
  time {
  }
}
d1: 1.75449477066E12
s1: "a"
i1: 123
bi1: 1
point {
  longitude: 22.0
  latitude: 22.0
  altitude: 1.0
}

2025-08-06 15:39:34,123 INFO  [io.api.tes.ser.api.KafkaSerdesTester] (Thread-796) topic-346d322c_f82b_44a4_a3fb_d71970f622cd 0 7 header {
  time {
  }
}
d1: 1.754494770719E12
s1: "a"
i1: 123
bi1: 1
point {
  longitude: 22.0
  latitude: 22.0
  altitude: 1.0
}

2025-08-06 15:39:34,123 INFO  [io.api.tes.ser.api.KafkaSerdesTester] (Thread-796) topic-346d322c_f82b_44a4_a3fb_d71970f622cd 0 8 header {
  time {
  }
}
d1: 1.754494770778E12
s1: "a"
i1: 123
bi1: 1
point {
  longitude: 22.0
  latitude: 22.0
  altitude: 1.0
}

2025-08-06 15:39:34,123 INFO  [io.api.tes.ser.api.KafkaSerdesTester] (Thread-796) topic-346d322c_f82b_44a4_a3fb_d71970f622cd 0 9 header {
  time {
  }
}
d1: 1.754494770836E12
s1: "a"
i1: 123
bi1: 1
point {
  longitude: 22.0
  latitude: 22.0
  altitude: 1.0
}

2025-08-06 15:39:34,123 INFO  [io.api.tes.ser.api.KafkaSerdesTester] (Thread-796) Consumed 10 messages
2025-08-06 15:39:34,130 INFO  [org.apa.kaf.cli.con.int.ConsumerRebalanceListenerInvoker] (Thread-796) [Consumer clientId=consumer-Consumer-topic-346d322c_f82b_44a4_a3fb_d71970f622cd-27, groupId=Consumer-topic-346d322c_f82b_44a4_a3fb_d71970f622cd] Revoke previously assigned partitions topic-346d322c_f82b_44a4_a3fb_d71970f622cd-0
2025-08-06 15:39:34,130 INFO  [org.apa.kaf.cli.con.int.ConsumerCoordinator] (Thread-796) [Consumer clientId=consumer-Consumer-topic-346d322c_f82b_44a4_a3fb_d71970f622cd-27, groupId=Consumer-topic-346d322c_f82b_44a4_a3fb_d71970f622cd] Member consumer-Consumer-topic-346d322c_f82b_44a4_a3fb_d71970f622cd-27-0fa2e2c8-f41b-41ba-835b-2707b3e06c96 sending LeaveGroup request to coordinator localhost:32769 (id: 2147483647 rack: null) due to the consumer is being closed
2025-08-06 15:39:34,130 INFO  [org.apa.kaf.cli.con.int.ConsumerCoordinator] (Thread-796) [Consumer clientId=consumer-Consumer-topic-346d322c_f82b_44a4_a3fb_d71970f622cd-27, groupId=Consumer-topic-346d322c_f82b_44a4_a3fb_d71970f622cd] Resetting generation and member id due to: consumer pro-actively leaving the group
2025-08-06 15:39:34,130 INFO  [org.apa.kaf.cli.con.int.ConsumerCoordinator] (Thread-796) [Consumer clientId=consumer-Consumer-topic-346d322c_f82b_44a4_a3fb_d71970f622cd-27, groupId=Consumer-topic-346d322c_f82b_44a4_a3fb_d71970f622cd] Request joining group due to: consumer pro-actively leaving the group
2025-08-06 15:39:34,631 INFO  [org.apa.kaf.com.met.Metrics] (Thread-796) Metrics scheduler closed
2025-08-06 15:39:34,631 INFO  [org.apa.kaf.com.met.Metrics] (Thread-796) Closing reporter org.apache.kafka.common.metrics.JmxReporter
2025-08-06 15:39:34,631 INFO  [org.apa.kaf.com.met.Metrics] (Thread-796) Closing reporter org.apache.kafka.common.telemetry.internals.ClientTelemetryReporter
2025-08-06 15:39:34,631 INFO  [org.apa.kaf.com.met.Metrics] (Thread-796) Metrics reporters closed
2025-08-06 15:39:34,634 INFO  [org.apa.kaf.com.uti.AppInfoParser] (Thread-796) App info kafka.consumer for consumer-Consumer-topic-346d322c_f82b_44a4_a3fb_d71970f622cd-27 unregistered
2025-08-06 15:39:34,666 INFO  [io.api.tes.uti.TestSeparator] (main) io.apicurio.tests.serdes.apicurio.ProtobufSerdeIT.testAutoRegisterDeriveClassProtobufType-FINISHED
2025-08-06 15:39:34,666 INFO  [io.api.tes.uti.TestSeparator] (main) ############################################################################
Test passed: testAutoRegisterDeriveClassProtobufType
]]></system-out>
  </testcase>
  <testcase name="testConsumeReturnSpecificClass" classname="io.apicurio.tests.serdes.apicurio.ProtobufSerdeIT" time="1.081">
    <system-out><![CDATA[2025-08-06 15:39:34,668 INFO  [io.api.tes.uti.TestSeparator] (main) ############################################################################
2025-08-06 15:39:34,668 INFO  [io.api.tes.uti.TestSeparator] (main) io.apicurio.tests.serdes.apicurio.ProtobufSerdeIT.testConsumeReturnSpecificClass-STARTED
2025-08-06 15:39:35,748 INFO  [io.api.tes.uti.TestSeparator] (main) io.apicurio.tests.serdes.apicurio.ProtobufSerdeIT.testConsumeReturnSpecificClass-FINISHED
2025-08-06 15:39:35,748 INFO  [io.api.tes.uti.TestSeparator] (main) ############################################################################
Test passed: testConsumeReturnSpecificClass
]]></system-out>
  </testcase>
  <testcase name="testFindLatestSpecificProtobufType" classname="io.apicurio.tests.serdes.apicurio.ProtobufSerdeIT" time="1.089">
    <system-out><![CDATA[2025-08-06 15:39:35,749 INFO  [io.api.tes.uti.TestSeparator] (main) ############################################################################
2025-08-06 15:39:35,749 INFO  [io.api.tes.uti.TestSeparator] (main) io.apicurio.tests.serdes.apicurio.ProtobufSerdeIT.testFindLatestSpecificProtobufType-STARTED
2025-08-06 15:39:36,837 INFO  [io.api.tes.uti.TestSeparator] (main) io.apicurio.tests.serdes.apicurio.ProtobufSerdeIT.testFindLatestSpecificProtobufType-FINISHED
2025-08-06 15:39:36,837 INFO  [io.api.tes.uti.TestSeparator] (main) ############################################################################
Test passed: testFindLatestSpecificProtobufType
]]></system-out>
  </testcase>
  <testcase name="testFindLatestDynamicMessageProtobufType" classname="io.apicurio.tests.serdes.apicurio.ProtobufSerdeIT" time="4.932">
    <system-out><![CDATA[2025-08-06 15:39:36,838 INFO  [io.api.tes.uti.TestSeparator] (main) ############################################################################
2025-08-06 15:39:36,838 INFO  [io.api.tes.uti.TestSeparator] (main) io.apicurio.tests.serdes.apicurio.ProtobufSerdeIT.testFindLatestDynamicMessageProtobufType-STARTED
**** Registry Base URL: http://registry-app-mysql.apps.ci419.apicurio-testing.org:80
2025-08-06 15:39:37,921 INFO  [org.apa.kaf.cli.pro.ProducerConfig] (main) ProducerConfig values: 
	acks = -1
	auto.include.jmx.reporter = true
	batch.size = 16384
	bootstrap.servers = [PLAINTEXT://localhost:32769]
	buffer.memory = 33554432
	client.dns.lookup = use_all_dns_ips
	client.id = Producer-topic-238f8d9f_bd42_463c_969b_04bcbed227db
	compression.gzip.level = -1
	compression.lz4.level = 9
	compression.type = none
	compression.zstd.level = 3
	connections.max.idle.ms = 10000
	delivery.timeout.ms = 120000
	enable.idempotence = true
	enable.metrics.push = true
	interceptor.classes = []
	key.serializer = class org.apache.kafka.common.serialization.StringSerializer
	linger.ms = 0
	max.block.ms = 60000
	max.in.flight.requests.per.connection = 5
	max.request.size = 1048576
	metadata.max.age.ms = 300000
	metadata.max.idle.ms = 300000
	metadata.recovery.strategy = none
	metric.reporters = []
	metrics.num.samples = 2
	metrics.recording.level = INFO
	metrics.sample.window.ms = 30000
	partitioner.adaptive.partitioning.enable = true
	partitioner.availability.timeout.ms = 0
	partitioner.class = null
	partitioner.ignore.keys = false
	receive.buffer.bytes = 32768
	reconnect.backoff.max.ms = 1000
	reconnect.backoff.ms = 50
	request.timeout.ms = 5000
	retries = 2147483647
	retry.backoff.max.ms = 1000
	retry.backoff.ms = 100
	sasl.client.callback.handler.class = null
	sasl.jaas.config = null
	sasl.kerberos.kinit.cmd = /usr/bin/kinit
	sasl.kerberos.min.time.before.relogin = 60000
	sasl.kerberos.service.name = null
	sasl.kerberos.ticket.renew.jitter = 0.05
	sasl.kerberos.ticket.renew.window.factor = 0.8
	sasl.login.callback.handler.class = null
	sasl.login.class = null
	sasl.login.connect.timeout.ms = null
	sasl.login.read.timeout.ms = null
	sasl.login.refresh.buffer.seconds = 300
	sasl.login.refresh.min.period.seconds = 60
	sasl.login.refresh.window.factor = 0.8
	sasl.login.refresh.window.jitter = 0.05
	sasl.login.retry.backoff.max.ms = 10000
	sasl.login.retry.backoff.ms = 100
	sasl.mechanism = GSSAPI
	sasl.oauthbearer.clock.skew.seconds = 30
	sasl.oauthbearer.expected.audience = null
	sasl.oauthbearer.expected.issuer = null
	sasl.oauthbearer.header.urlencode = false
	sasl.oauthbearer.jwks.endpoint.refresh.ms = 3600000
	sasl.oauthbearer.jwks.endpoint.retry.backoff.max.ms = 10000
	sasl.oauthbearer.jwks.endpoint.retry.backoff.ms = 100
	sasl.oauthbearer.jwks.endpoint.url = null
	sasl.oauthbearer.scope.claim.name = scope
	sasl.oauthbearer.sub.claim.name = sub
	sasl.oauthbearer.token.endpoint.url = null
	security.protocol = PLAINTEXT
	security.providers = null
	send.buffer.bytes = 131072
	socket.connection.setup.timeout.max.ms = 30000
	socket.connection.setup.timeout.ms = 10000
	ssl.cipher.suites = null
	ssl.enabled.protocols = [TLSv1.2, TLSv1.3]
	ssl.endpoint.identification.algorithm = https
	ssl.engine.factory.class = null
	ssl.key.password = null
	ssl.keymanager.algorithm = SunX509
	ssl.keystore.certificate.chain = null
	ssl.keystore.key = null
	ssl.keystore.location = null
	ssl.keystore.password = null
	ssl.keystore.type = JKS
	ssl.protocol = TLSv1.3
	ssl.provider = null
	ssl.secure.random.implementation = null
	ssl.trustmanager.algorithm = PKIX
	ssl.truststore.certificates = null
	ssl.truststore.location = null
	ssl.truststore.password = null
	ssl.truststore.type = JKS
	transaction.timeout.ms = 60000
	transactional.id = null
	value.serializer = class io.apicurio.registry.serde.protobuf.ProtobufKafkaSerializer

2025-08-06 15:39:37,921 INFO  [org.apa.kaf.com.tel.int.KafkaMetricsCollector] (main) initializing Kafka metrics collector
2025-08-06 15:39:37,924 INFO  [org.apa.kaf.cli.pro.KafkaProducer] (main) [Producer clientId=Producer-topic-238f8d9f_bd42_463c_969b_04bcbed227db] Instantiated an idempotent producer.
2025-08-06 15:39:37,925 INFO  [org.apa.kaf.cli.pro.ProducerConfig] (main) These configurations '[apicurio.registry.find-latest, apicurio.registry.url, apicurio.registry.artifact-resolver-strategy]' were supplied but are not used yet.
2025-08-06 15:39:37,925 INFO  [org.apa.kaf.com.uti.AppInfoParser] (main) Kafka version: 3.9.1
2025-08-06 15:39:37,925 INFO  [org.apa.kaf.com.uti.AppInfoParser] (main) Kafka commitId: f745dfdcee2b9851
2025-08-06 15:39:37,925 INFO  [org.apa.kaf.com.uti.AppInfoParser] (main) Kafka startTimeMs: 1754494777925
2025-08-06 15:39:37,925 INFO  [io.api.tes.ser.api.SimpleSerdesTesterBuilder$SimpleSerdesTester] (main) Using producer configuration: {apicurio.registry.find-latest=true, apicurio.registry.url=http://registry-app-mysql.apps.ci419.apicurio-testing.org:80/apis/registry/v3, apicurio.registry.artifact-resolver-strategy=io.apicurio.registry.serde.strategy.SimpleTopicIdStrategy, value.serializer=io.apicurio.registry.serde.protobuf.ProtobufKafkaSerializer, request.timeout.ms=5000, acks=all, bootstrap.servers=PLAINTEXT://localhost:32769, connections.max.idle.ms=10000, key.serializer=org.apache.kafka.common.serialization.StringSerializer, client.id=Producer-topic-238f8d9f_bd42_463c_969b_04bcbed227db}
2025-08-06 15:39:37,925 INFO  [io.api.tes.ser.api.SimpleSerdesTesterBuilder$SimpleSerdesTester] (main) Using consumer configuration: {apicurio.registry.deserializer.value.return-class=com.google.protobuf.DynamicMessage}
2025-08-06 15:39:37,926 INFO  [io.api.tes.ser.api.KafkaSerdesTester] (Thread-799) Sending message header {
  time {
  }
}
d1: 1.754494777925E12
s1: "a"
i1: 123
bi1: 1
point {
  longitude: 22.0
  latitude: 22.0
  altitude: 1.0
}
 to topic topic-238f8d9f_bd42_463c_969b_04bcbed227db
2025-08-06 15:39:37,928 INFO  [org.apa.kaf.cli.Metadata] (kafka-producer-network-thread | Producer-topic-238f8d9f_bd42_463c_969b_04bcbed227db) [Producer clientId=Producer-topic-238f8d9f_bd42_463c_969b_04bcbed227db] Cluster ID: dgPJ9z-1S5ugXzLx2i-R9Q
2025-08-06 15:39:37,928 INFO  [org.apa.kaf.cli.pro.int.TransactionManager] (kafka-producer-network-thread | Producer-topic-238f8d9f_bd42_463c_969b_04bcbed227db) [Producer clientId=Producer-topic-238f8d9f_bd42_463c_969b_04bcbed227db] ProducerId set to 36 with epoch 0
2025-08-06 15:39:38,092 INFO  [io.api.tes.ser.api.KafkaSerdesTester] (Thread-799) Sending message header {
  time {
  }
}
d1: 1.754494778092E12
s1: "a"
i1: 123
bi1: 1
point {
  longitude: 22.0
  latitude: 22.0
  altitude: 1.0
}
 to topic topic-238f8d9f_bd42_463c_969b_04bcbed227db
2025-08-06 15:39:38,093 INFO  [io.api.tes.ser.api.KafkaSerdesTester] (Thread-799) Sending message header {
  time {
  }
}
d1: 1.754494778093E12
s1: "a"
i1: 123
bi1: 1
point {
  longitude: 22.0
  latitude: 22.0
  altitude: 1.0
}
 to topic topic-238f8d9f_bd42_463c_969b_04bcbed227db
2025-08-06 15:39:38,095 INFO  [io.api.tes.ser.api.KafkaSerdesTester] (Thread-799) Sending message header {
  time {
  }
}
d1: 1.754494778095E12
s1: "a"
i1: 123
bi1: 1
point {
  longitude: 22.0
  latitude: 22.0
  altitude: 1.0
}
 to topic topic-238f8d9f_bd42_463c_969b_04bcbed227db
2025-08-06 15:39:38,099 INFO  [io.api.tes.ser.api.KafkaSerdesTester] (Thread-799) Sending message header {
  time {
  }
}
d1: 1.754494778099E12
s1: "a"
i1: 123
bi1: 1
point {
  longitude: 22.0
  latitude: 22.0
  altitude: 1.0
}
 to topic topic-238f8d9f_bd42_463c_969b_04bcbed227db
2025-08-06 15:39:38,102 INFO  [io.api.tes.ser.api.KafkaSerdesTester] (Thread-799) Sending message header {
  time {
  }
}
d1: 1.754494778102E12
s1: "a"
i1: 123
bi1: 1
point {
  longitude: 22.0
  latitude: 22.0
  altitude: 1.0
}
 to topic topic-238f8d9f_bd42_463c_969b_04bcbed227db
2025-08-06 15:39:38,104 INFO  [io.api.tes.ser.api.KafkaSerdesTester] (Thread-799) Sending message header {
  time {
  }
}
d1: 1.754494778104E12
s1: "a"
i1: 123
bi1: 1
point {
  longitude: 22.0
  latitude: 22.0
  altitude: 1.0
}
 to topic topic-238f8d9f_bd42_463c_969b_04bcbed227db
2025-08-06 15:39:38,107 INFO  [io.api.tes.ser.api.KafkaSerdesTester] (Thread-799) Sending message header {
  time {
  }
}
d1: 1.754494778107E12
s1: "a"
i1: 123
bi1: 1
point {
  longitude: 22.0
  latitude: 22.0
  altitude: 1.0
}
 to topic topic-238f8d9f_bd42_463c_969b_04bcbed227db
2025-08-06 15:39:38,110 INFO  [io.api.tes.ser.api.KafkaSerdesTester] (Thread-799) Sending message header {
  time {
  }
}
d1: 1.75449477811E12
s1: "a"
i1: 123
bi1: 1
point {
  longitude: 22.0
  latitude: 22.0
  altitude: 1.0
}
 to topic topic-238f8d9f_bd42_463c_969b_04bcbed227db
2025-08-06 15:39:38,111 INFO  [io.api.tes.ser.api.KafkaSerdesTester] (Thread-799) Sending message header {
  time {
  }
}
d1: 1.754494778111E12
s1: "a"
i1: 123
bi1: 1
point {
  longitude: 22.0
  latitude: 22.0
  altitude: 1.0
}
 to topic topic-238f8d9f_bd42_463c_969b_04bcbed227db
2025-08-06 15:39:38,113 INFO  [io.api.tes.ser.api.KafkaSerdesTester] (Thread-799) Produced 10 messages
2025-08-06 15:39:38,114 INFO  [org.apa.kaf.cli.pro.KafkaProducer] (Thread-799) [Producer clientId=Producer-topic-238f8d9f_bd42_463c_969b_04bcbed227db] Closing the Kafka producer with timeoutMillis = 9223372036854775807 ms.
2025-08-06 15:39:38,116 INFO  [org.apa.kaf.com.met.Metrics] (Thread-799) Metrics scheduler closed
2025-08-06 15:39:38,116 INFO  [org.apa.kaf.com.met.Metrics] (Thread-799) Closing reporter org.apache.kafka.common.metrics.JmxReporter
2025-08-06 15:39:38,116 INFO  [org.apa.kaf.com.met.Metrics] (Thread-799) Closing reporter org.apache.kafka.common.telemetry.internals.ClientTelemetryReporter
2025-08-06 15:39:38,116 INFO  [org.apa.kaf.com.met.Metrics] (Thread-799) Metrics reporters closed
2025-08-06 15:39:38,116 INFO  [org.apa.kaf.com.uti.AppInfoParser] (Thread-799) App info kafka.producer for Producer-topic-238f8d9f_bd42_463c_969b_04bcbed227db unregistered
**** Registry Base URL: http://registry-app-mysql.apps.ci419.apicurio-testing.org:80
2025-08-06 15:39:38,117 INFO  [org.apa.kaf.cli.con.ConsumerConfig] (main) ConsumerConfig values: 
	allow.auto.create.topics = true
	auto.commit.interval.ms = 500
	auto.include.jmx.reporter = true
	auto.offset.reset = earliest
	bootstrap.servers = [PLAINTEXT://localhost:32769]
	check.crcs = true
	client.dns.lookup = use_all_dns_ips
	client.id = consumer-Consumer-topic-238f8d9f_bd42_463c_969b_04bcbed227db-28
	client.rack = 
	connections.max.idle.ms = 10000
	default.api.timeout.ms = 60000
	enable.auto.commit = true
	enable.metrics.push = true
	exclude.internal.topics = true
	fetch.max.bytes = 52428800
	fetch.max.wait.ms = 500
	fetch.min.bytes = 1
	group.id = Consumer-topic-238f8d9f_bd42_463c_969b_04bcbed227db
	group.instance.id = null
	group.protocol = classic
	group.remote.assignor = null
	heartbeat.interval.ms = 3000
	interceptor.classes = []
	internal.leave.group.on.close = true
	internal.throw.on.fetch.stable.offset.unsupported = false
	isolation.level = read_uncommitted
	key.deserializer = class org.apache.kafka.common.serialization.StringDeserializer
	max.partition.fetch.bytes = 1048576
	max.poll.interval.ms = 300000
	max.poll.records = 500
	metadata.max.age.ms = 300000
	metadata.recovery.strategy = none
	metric.reporters = []
	metrics.num.samples = 2
	metrics.recording.level = INFO
	metrics.sample.window.ms = 30000
	partition.assignment.strategy = [class org.apache.kafka.clients.consumer.RangeAssignor, class org.apache.kafka.clients.consumer.CooperativeStickyAssignor]
	receive.buffer.bytes = 65536
	reconnect.backoff.max.ms = 1000
	reconnect.backoff.ms = 50
	request.timeout.ms = 5000
	retry.backoff.max.ms = 1000
	retry.backoff.ms = 100
	sasl.client.callback.handler.class = null
	sasl.jaas.config = null
	sasl.kerberos.kinit.cmd = /usr/bin/kinit
	sasl.kerberos.min.time.before.relogin = 60000
	sasl.kerberos.service.name = null
	sasl.kerberos.ticket.renew.jitter = 0.05
	sasl.kerberos.ticket.renew.window.factor = 0.8
	sasl.login.callback.handler.class = null
	sasl.login.class = null
	sasl.login.connect.timeout.ms = null
	sasl.login.read.timeout.ms = null
	sasl.login.refresh.buffer.seconds = 300
	sasl.login.refresh.min.period.seconds = 60
	sasl.login.refresh.window.factor = 0.8
	sasl.login.refresh.window.jitter = 0.05
	sasl.login.retry.backoff.max.ms = 10000
	sasl.login.retry.backoff.ms = 100
	sasl.mechanism = GSSAPI
	sasl.oauthbearer.clock.skew.seconds = 30
	sasl.oauthbearer.expected.audience = null
	sasl.oauthbearer.expected.issuer = null
	sasl.oauthbearer.header.urlencode = false
	sasl.oauthbearer.jwks.endpoint.refresh.ms = 3600000
	sasl.oauthbearer.jwks.endpoint.retry.backoff.max.ms = 10000
	sasl.oauthbearer.jwks.endpoint.retry.backoff.ms = 100
	sasl.oauthbearer.jwks.endpoint.url = null
	sasl.oauthbearer.scope.claim.name = scope
	sasl.oauthbearer.sub.claim.name = sub
	sasl.oauthbearer.token.endpoint.url = null
	security.protocol = PLAINTEXT
	security.providers = null
	send.buffer.bytes = 131072
	session.timeout.ms = 45000
	socket.connection.setup.timeout.max.ms = 30000
	socket.connection.setup.timeout.ms = 10000
	ssl.cipher.suites = null
	ssl.enabled.protocols = [TLSv1.2, TLSv1.3]
	ssl.endpoint.identification.algorithm = https
	ssl.engine.factory.class = null
	ssl.key.password = null
	ssl.keymanager.algorithm = SunX509
	ssl.keystore.certificate.chain = null
	ssl.keystore.key = null
	ssl.keystore.location = null
	ssl.keystore.password = null
	ssl.keystore.type = JKS
	ssl.protocol = TLSv1.3
	ssl.provider = null
	ssl.secure.random.implementation = null
	ssl.trustmanager.algorithm = PKIX
	ssl.truststore.certificates = null
	ssl.truststore.location = null
	ssl.truststore.password = null
	ssl.truststore.type = JKS
	value.deserializer = class io.apicurio.registry.serde.protobuf.ProtobufKafkaDeserializer

2025-08-06 15:39:38,117 INFO  [org.apa.kaf.com.tel.int.KafkaMetricsCollector] (main) initializing Kafka metrics collector
2025-08-06 15:39:38,123 INFO  [org.apa.kaf.cli.con.ConsumerConfig] (main) These configurations '[apicurio.registry.deserializer.value.return-class, apicurio.registry.url]' were supplied but are not used yet.
2025-08-06 15:39:38,123 INFO  [org.apa.kaf.com.uti.AppInfoParser] (main) Kafka version: 3.9.1
2025-08-06 15:39:38,123 INFO  [org.apa.kaf.com.uti.AppInfoParser] (main) Kafka commitId: f745dfdcee2b9851
2025-08-06 15:39:38,123 INFO  [org.apa.kaf.com.uti.AppInfoParser] (main) Kafka startTimeMs: 1754494778123
2025-08-06 15:39:38,123 INFO  [org.apa.kaf.cli.con.int.ClassicKafkaConsumer] (Thread-802) [Consumer clientId=consumer-Consumer-topic-238f8d9f_bd42_463c_969b_04bcbed227db-28, groupId=Consumer-topic-238f8d9f_bd42_463c_969b_04bcbed227db] Subscribed to topic(s): topic-238f8d9f_bd42_463c_969b_04bcbed227db
2025-08-06 15:39:38,126 INFO  [org.apa.kaf.cli.Metadata] (Thread-802) [Consumer clientId=consumer-Consumer-topic-238f8d9f_bd42_463c_969b_04bcbed227db-28, groupId=Consumer-topic-238f8d9f_bd42_463c_969b_04bcbed227db] Cluster ID: dgPJ9z-1S5ugXzLx2i-R9Q
2025-08-06 15:39:38,126 INFO  [org.apa.kaf.cli.con.int.ConsumerCoordinator] (Thread-802) [Consumer clientId=consumer-Consumer-topic-238f8d9f_bd42_463c_969b_04bcbed227db-28, groupId=Consumer-topic-238f8d9f_bd42_463c_969b_04bcbed227db] Discovered group coordinator localhost:32769 (id: 2147483647 rack: null)
2025-08-06 15:39:38,127 INFO  [org.apa.kaf.cli.con.int.ConsumerCoordinator] (Thread-802) [Consumer clientId=consumer-Consumer-topic-238f8d9f_bd42_463c_969b_04bcbed227db-28, groupId=Consumer-topic-238f8d9f_bd42_463c_969b_04bcbed227db] (Re-)joining group
2025-08-06 15:39:38,129 INFO  [org.apa.kaf.cli.con.int.ConsumerCoordinator] (Thread-802) [Consumer clientId=consumer-Consumer-topic-238f8d9f_bd42_463c_969b_04bcbed227db-28, groupId=Consumer-topic-238f8d9f_bd42_463c_969b_04bcbed227db] Request joining group due to: need to re-join with the given member-id: consumer-Consumer-topic-238f8d9f_bd42_463c_969b_04bcbed227db-28-c7a3e9b0-f4d0-4254-a625-6737cf7e8103
2025-08-06 15:39:38,129 INFO  [org.apa.kaf.cli.con.int.ConsumerCoordinator] (Thread-802) [Consumer clientId=consumer-Consumer-topic-238f8d9f_bd42_463c_969b_04bcbed227db-28, groupId=Consumer-topic-238f8d9f_bd42_463c_969b_04bcbed227db] (Re-)joining group
2025-08-06 15:39:39,123 INFO  [io.api.tes.ser.api.KafkaSerdesTester] (Thread-802) None found
2025-08-06 15:39:40,123 INFO  [io.api.tes.ser.api.KafkaSerdesTester] (Thread-802) None found
2025-08-06 15:39:41,123 INFO  [io.api.tes.ser.api.KafkaSerdesTester] (Thread-802) None found
2025-08-06 15:39:41,130 INFO  [org.apa.kaf.cli.con.int.ConsumerCoordinator] (Thread-802) [Consumer clientId=consumer-Consumer-topic-238f8d9f_bd42_463c_969b_04bcbed227db-28, groupId=Consumer-topic-238f8d9f_bd42_463c_969b_04bcbed227db] Successfully joined group with generation Generation{generationId=1, memberId='consumer-Consumer-topic-238f8d9f_bd42_463c_969b_04bcbed227db-28-c7a3e9b0-f4d0-4254-a625-6737cf7e8103', protocol='range'}
2025-08-06 15:39:41,131 INFO  [org.apa.kaf.cli.con.int.ConsumerCoordinator] (Thread-802) [Consumer clientId=consumer-Consumer-topic-238f8d9f_bd42_463c_969b_04bcbed227db-28, groupId=Consumer-topic-238f8d9f_bd42_463c_969b_04bcbed227db] Finished assignment for group at generation 1: {consumer-Consumer-topic-238f8d9f_bd42_463c_969b_04bcbed227db-28-c7a3e9b0-f4d0-4254-a625-6737cf7e8103=Assignment(partitions=[topic-238f8d9f_bd42_463c_969b_04bcbed227db-0])}
2025-08-06 15:39:41,138 INFO  [org.apa.kaf.cli.con.int.ConsumerCoordinator] (Thread-802) [Consumer clientId=consumer-Consumer-topic-238f8d9f_bd42_463c_969b_04bcbed227db-28, groupId=Consumer-topic-238f8d9f_bd42_463c_969b_04bcbed227db] Successfully synced group in generation Generation{generationId=1, memberId='consumer-Consumer-topic-238f8d9f_bd42_463c_969b_04bcbed227db-28-c7a3e9b0-f4d0-4254-a625-6737cf7e8103', protocol='range'}
2025-08-06 15:39:41,138 INFO  [org.apa.kaf.cli.con.int.ConsumerCoordinator] (Thread-802) [Consumer clientId=consumer-Consumer-topic-238f8d9f_bd42_463c_969b_04bcbed227db-28, groupId=Consumer-topic-238f8d9f_bd42_463c_969b_04bcbed227db] Notifying assignor about the new Assignment(partitions=[topic-238f8d9f_bd42_463c_969b_04bcbed227db-0])
2025-08-06 15:39:41,138 INFO  [org.apa.kaf.cli.con.int.ConsumerRebalanceListenerInvoker] (Thread-802) [Consumer clientId=consumer-Consumer-topic-238f8d9f_bd42_463c_969b_04bcbed227db-28, groupId=Consumer-topic-238f8d9f_bd42_463c_969b_04bcbed227db] Adding newly assigned partitions: topic-238f8d9f_bd42_463c_969b_04bcbed227db-0
2025-08-06 15:39:41,139 INFO  [org.apa.kaf.cli.con.int.ConsumerCoordinator] (Thread-802) [Consumer clientId=consumer-Consumer-topic-238f8d9f_bd42_463c_969b_04bcbed227db-28, groupId=Consumer-topic-238f8d9f_bd42_463c_969b_04bcbed227db] Found no committed offset for partition topic-238f8d9f_bd42_463c_969b_04bcbed227db-0
2025-08-06 15:39:41,142 INFO  [org.apa.kaf.cli.con.int.SubscriptionState] (Thread-802) [Consumer clientId=consumer-Consumer-topic-238f8d9f_bd42_463c_969b_04bcbed227db-28, groupId=Consumer-topic-238f8d9f_bd42_463c_969b_04bcbed227db] Resetting offset for partition topic-238f8d9f_bd42_463c_969b_04bcbed227db-0 to position FetchPosition{offset=0, offsetEpoch=Optional.empty, currentLeader=LeaderAndEpoch{leader=Optional[localhost:32769 (id: 0 rack: null)], epoch=0}}.
2025-08-06 15:39:41,264 INFO  [io.api.tes.ser.api.KafkaSerdesTester] (Thread-802) topic-238f8d9f_bd42_463c_969b_04bcbed227db 0 0 header {
  time {
  }
}
d1: 1.754494777925E12
s1: "a"
i1: 123
bi1: 1
point {
  longitude: 22.0
  latitude: 22.0
  altitude: 1.0
}

2025-08-06 15:39:41,264 INFO  [io.api.tes.ser.api.KafkaSerdesTester] (Thread-802) topic-238f8d9f_bd42_463c_969b_04bcbed227db 0 1 header {
  time {
  }
}
d1: 1.754494778092E12
s1: "a"
i1: 123
bi1: 1
point {
  longitude: 22.0
  latitude: 22.0
  altitude: 1.0
}

2025-08-06 15:39:41,264 INFO  [io.api.tes.ser.api.KafkaSerdesTester] (Thread-802) topic-238f8d9f_bd42_463c_969b_04bcbed227db 0 2 header {
  time {
  }
}
d1: 1.754494778093E12
s1: "a"
i1: 123
bi1: 1
point {
  longitude: 22.0
  latitude: 22.0
  altitude: 1.0
}

2025-08-06 15:39:41,264 INFO  [io.api.tes.ser.api.KafkaSerdesTester] (Thread-802) topic-238f8d9f_bd42_463c_969b_04bcbed227db 0 3 header {
  time {
  }
}
d1: 1.754494778095E12
s1: "a"
i1: 123
bi1: 1
point {
  longitude: 22.0
  latitude: 22.0
  altitude: 1.0
}

2025-08-06 15:39:41,264 INFO  [io.api.tes.ser.api.KafkaSerdesTester] (Thread-802) topic-238f8d9f_bd42_463c_969b_04bcbed227db 0 4 header {
  time {
  }
}
d1: 1.754494778099E12
s1: "a"
i1: 123
bi1: 1
point {
  longitude: 22.0
  latitude: 22.0
  altitude: 1.0
}

2025-08-06 15:39:41,264 INFO  [io.api.tes.ser.api.KafkaSerdesTester] (Thread-802) topic-238f8d9f_bd42_463c_969b_04bcbed227db 0 5 header {
  time {
  }
}
d1: 1.754494778102E12
s1: "a"
i1: 123
bi1: 1
point {
  longitude: 22.0
  latitude: 22.0
  altitude: 1.0
}

2025-08-06 15:39:41,264 INFO  [io.api.tes.ser.api.KafkaSerdesTester] (Thread-802) topic-238f8d9f_bd42_463c_969b_04bcbed227db 0 6 header {
  time {
  }
}
d1: 1.754494778104E12
s1: "a"
i1: 123
bi1: 1
point {
  longitude: 22.0
  latitude: 22.0
  altitude: 1.0
}

2025-08-06 15:39:41,264 INFO  [io.api.tes.ser.api.KafkaSerdesTester] (Thread-802) topic-238f8d9f_bd42_463c_969b_04bcbed227db 0 7 header {
  time {
  }
}
d1: 1.754494778107E12
s1: "a"
i1: 123
bi1: 1
point {
  longitude: 22.0
  latitude: 22.0
  altitude: 1.0
}

2025-08-06 15:39:41,264 INFO  [io.api.tes.ser.api.KafkaSerdesTester] (Thread-802) topic-238f8d9f_bd42_463c_969b_04bcbed227db 0 8 header {
  time {
  }
}
d1: 1.75449477811E12
s1: "a"
i1: 123
bi1: 1
point {
  longitude: 22.0
  latitude: 22.0
  altitude: 1.0
}

2025-08-06 15:39:41,264 INFO  [io.api.tes.ser.api.KafkaSerdesTester] (Thread-802) topic-238f8d9f_bd42_463c_969b_04bcbed227db 0 9 header {
  time {
  }
}
d1: 1.754494778111E12
s1: "a"
i1: 123
bi1: 1
point {
  longitude: 22.0
  latitude: 22.0
  altitude: 1.0
}

2025-08-06 15:39:41,264 INFO  [io.api.tes.ser.api.KafkaSerdesTester] (Thread-802) Consumed 10 messages
2025-08-06 15:39:41,271 INFO  [org.apa.kaf.cli.con.int.ConsumerRebalanceListenerInvoker] (Thread-802) [Consumer clientId=consumer-Consumer-topic-238f8d9f_bd42_463c_969b_04bcbed227db-28, groupId=Consumer-topic-238f8d9f_bd42_463c_969b_04bcbed227db] Revoke previously assigned partitions topic-238f8d9f_bd42_463c_969b_04bcbed227db-0
2025-08-06 15:39:41,271 INFO  [org.apa.kaf.cli.con.int.ConsumerCoordinator] (Thread-802) [Consumer clientId=consumer-Consumer-topic-238f8d9f_bd42_463c_969b_04bcbed227db-28, groupId=Consumer-topic-238f8d9f_bd42_463c_969b_04bcbed227db] Member consumer-Consumer-topic-238f8d9f_bd42_463c_969b_04bcbed227db-28-c7a3e9b0-f4d0-4254-a625-6737cf7e8103 sending LeaveGroup request to coordinator localhost:32769 (id: 2147483647 rack: null) due to the consumer is being closed
2025-08-06 15:39:41,272 INFO  [org.apa.kaf.cli.con.int.ConsumerCoordinator] (Thread-802) [Consumer clientId=consumer-Consumer-topic-238f8d9f_bd42_463c_969b_04bcbed227db-28, groupId=Consumer-topic-238f8d9f_bd42_463c_969b_04bcbed227db] Resetting generation and member id due to: consumer pro-actively leaving the group
2025-08-06 15:39:41,272 INFO  [org.apa.kaf.cli.con.int.ConsumerCoordinator] (Thread-802) [Consumer clientId=consumer-Consumer-topic-238f8d9f_bd42_463c_969b_04bcbed227db-28, groupId=Consumer-topic-238f8d9f_bd42_463c_969b_04bcbed227db] Request joining group due to: consumer pro-actively leaving the group
2025-08-06 15:39:41,765 INFO  [org.apa.kaf.com.met.Metrics] (Thread-802) Metrics scheduler closed
2025-08-06 15:39:41,765 INFO  [org.apa.kaf.com.met.Metrics] (Thread-802) Closing reporter org.apache.kafka.common.metrics.JmxReporter
2025-08-06 15:39:41,765 INFO  [org.apa.kaf.com.met.Metrics] (Thread-802) Closing reporter org.apache.kafka.common.telemetry.internals.ClientTelemetryReporter
2025-08-06 15:39:41,765 INFO  [org.apa.kaf.com.met.Metrics] (Thread-802) Metrics reporters closed
2025-08-06 15:39:41,768 INFO  [org.apa.kaf.com.uti.AppInfoParser] (Thread-802) App info kafka.consumer for consumer-Consumer-topic-238f8d9f_bd42_463c_969b_04bcbed227db-28 unregistered
2025-08-06 15:39:41,769 INFO  [io.api.tes.uti.TestSeparator] (main) io.apicurio.tests.serdes.apicurio.ProtobufSerdeIT.testFindLatestDynamicMessageProtobufType-FINISHED
2025-08-06 15:39:41,769 INFO  [io.api.tes.uti.TestSeparator] (main) ############################################################################
Test passed: testFindLatestDynamicMessageProtobufType
]]></system-out>
  </testcase>
  <testcase name="testFindLatestDeriveClassProtobufTypeSimpleTopicIdStrategy" classname="io.apicurio.tests.serdes.apicurio.ProtobufSerdeIT" time="1.081">
    <system-out><![CDATA[2025-08-06 15:39:41,770 INFO  [io.api.tes.uti.TestSeparator] (main) ############################################################################
2025-08-06 15:39:41,770 INFO  [io.api.tes.uti.TestSeparator] (main) io.apicurio.tests.serdes.apicurio.ProtobufSerdeIT.testFindLatestDeriveClassProtobufTypeSimpleTopicIdStrategy-STARTED
2025-08-06 15:39:42,850 INFO  [io.api.tes.uti.TestSeparator] (main) io.apicurio.tests.serdes.apicurio.ProtobufSerdeIT.testFindLatestDeriveClassProtobufTypeSimpleTopicIdStrategy-FINISHED
2025-08-06 15:39:42,850 INFO  [io.api.tes.uti.TestSeparator] (main) ############################################################################
Test passed: testFindLatestDeriveClassProtobufTypeSimpleTopicIdStrategy
]]></system-out>
  </testcase>
  <testcase name="testFindLatestAndUseBody" classname="io.apicurio.tests.serdes.apicurio.ProtobufSerdeIT" time="4.876">
    <system-out><![CDATA[2025-08-06 15:39:42,852 INFO  [io.api.tes.uti.TestSeparator] (main) ############################################################################
2025-08-06 15:39:42,852 INFO  [io.api.tes.uti.TestSeparator] (main) io.apicurio.tests.serdes.apicurio.ProtobufSerdeIT.testFindLatestAndUseBody-STARTED
**** Registry Base URL: http://registry-app-mysql.apps.ci419.apicurio-testing.org:80
2025-08-06 15:39:43,931 INFO  [org.apa.kaf.cli.pro.ProducerConfig] (main) ProducerConfig values: 
	acks = -1
	auto.include.jmx.reporter = true
	batch.size = 16384
	bootstrap.servers = [PLAINTEXT://localhost:32769]
	buffer.memory = 33554432
	client.dns.lookup = use_all_dns_ips
	client.id = Producer-topic-7bea6624_8299_4444_8f05_d52d754c15f8
	compression.gzip.level = -1
	compression.lz4.level = 9
	compression.type = none
	compression.zstd.level = 3
	connections.max.idle.ms = 10000
	delivery.timeout.ms = 120000
	enable.idempotence = true
	enable.metrics.push = true
	interceptor.classes = []
	key.serializer = class org.apache.kafka.common.serialization.StringSerializer
	linger.ms = 0
	max.block.ms = 60000
	max.in.flight.requests.per.connection = 5
	max.request.size = 1048576
	metadata.max.age.ms = 300000
	metadata.max.idle.ms = 300000
	metadata.recovery.strategy = none
	metric.reporters = []
	metrics.num.samples = 2
	metrics.recording.level = INFO
	metrics.sample.window.ms = 30000
	partitioner.adaptive.partitioning.enable = true
	partitioner.availability.timeout.ms = 0
	partitioner.class = null
	partitioner.ignore.keys = false
	receive.buffer.bytes = 32768
	reconnect.backoff.max.ms = 1000
	reconnect.backoff.ms = 50
	request.timeout.ms = 5000
	retries = 2147483647
	retry.backoff.max.ms = 1000
	retry.backoff.ms = 100
	sasl.client.callback.handler.class = null
	sasl.jaas.config = null
	sasl.kerberos.kinit.cmd = /usr/bin/kinit
	sasl.kerberos.min.time.before.relogin = 60000
	sasl.kerberos.service.name = null
	sasl.kerberos.ticket.renew.jitter = 0.05
	sasl.kerberos.ticket.renew.window.factor = 0.8
	sasl.login.callback.handler.class = null
	sasl.login.class = null
	sasl.login.connect.timeout.ms = null
	sasl.login.read.timeout.ms = null
	sasl.login.refresh.buffer.seconds = 300
	sasl.login.refresh.min.period.seconds = 60
	sasl.login.refresh.window.factor = 0.8
	sasl.login.refresh.window.jitter = 0.05
	sasl.login.retry.backoff.max.ms = 10000
	sasl.login.retry.backoff.ms = 100
	sasl.mechanism = GSSAPI
	sasl.oauthbearer.clock.skew.seconds = 30
	sasl.oauthbearer.expected.audience = null
	sasl.oauthbearer.expected.issuer = null
	sasl.oauthbearer.header.urlencode = false
	sasl.oauthbearer.jwks.endpoint.refresh.ms = 3600000
	sasl.oauthbearer.jwks.endpoint.retry.backoff.max.ms = 10000
	sasl.oauthbearer.jwks.endpoint.retry.backoff.ms = 100
	sasl.oauthbearer.jwks.endpoint.url = null
	sasl.oauthbearer.scope.claim.name = scope
	sasl.oauthbearer.sub.claim.name = sub
	sasl.oauthbearer.token.endpoint.url = null
	security.protocol = PLAINTEXT
	security.providers = null
	send.buffer.bytes = 131072
	socket.connection.setup.timeout.max.ms = 30000
	socket.connection.setup.timeout.ms = 10000
	ssl.cipher.suites = null
	ssl.enabled.protocols = [TLSv1.2, TLSv1.3]
	ssl.endpoint.identification.algorithm = https
	ssl.engine.factory.class = null
	ssl.key.password = null
	ssl.keymanager.algorithm = SunX509
	ssl.keystore.certificate.chain = null
	ssl.keystore.key = null
	ssl.keystore.location = null
	ssl.keystore.password = null
	ssl.keystore.type = JKS
	ssl.protocol = TLSv1.3
	ssl.provider = null
	ssl.secure.random.implementation = null
	ssl.trustmanager.algorithm = PKIX
	ssl.truststore.certificates = null
	ssl.truststore.location = null
	ssl.truststore.password = null
	ssl.truststore.type = JKS
	transaction.timeout.ms = 60000
	transactional.id = null
	value.serializer = class io.apicurio.registry.serde.protobuf.ProtobufKafkaSerializer

2025-08-06 15:39:43,931 INFO  [org.apa.kaf.com.tel.int.KafkaMetricsCollector] (main) initializing Kafka metrics collector
2025-08-06 15:39:43,934 INFO  [org.apa.kaf.cli.pro.KafkaProducer] (main) [Producer clientId=Producer-topic-7bea6624_8299_4444_8f05_d52d754c15f8] Instantiated an idempotent producer.
2025-08-06 15:39:43,936 INFO  [org.apa.kaf.cli.pro.ProducerConfig] (main) These configurations '[apicurio.registry.find-latest, apicurio.registry.url, apicurio.registry.artifact-resolver-strategy]' were supplied but are not used yet.
2025-08-06 15:39:43,936 INFO  [org.apa.kaf.com.uti.AppInfoParser] (main) Kafka version: 3.9.1
2025-08-06 15:39:43,936 INFO  [org.apa.kaf.com.uti.AppInfoParser] (main) Kafka commitId: f745dfdcee2b9851
2025-08-06 15:39:43,936 INFO  [org.apa.kaf.com.uti.AppInfoParser] (main) Kafka startTimeMs: 1754494783936
2025-08-06 15:39:43,936 INFO  [io.api.tes.ser.api.SimpleSerdesTesterBuilder$SimpleSerdesTester] (main) Using producer configuration: {apicurio.registry.find-latest=true, apicurio.registry.url=http://registry-app-mysql.apps.ci419.apicurio-testing.org:80/apis/registry/v3, apicurio.registry.artifact-resolver-strategy=io.apicurio.registry.serde.strategy.TopicIdStrategy, value.serializer=io.apicurio.registry.serde.protobuf.ProtobufKafkaSerializer, request.timeout.ms=5000, acks=all, bootstrap.servers=PLAINTEXT://localhost:32769, connections.max.idle.ms=10000, key.serializer=org.apache.kafka.common.serialization.StringSerializer, client.id=Producer-topic-7bea6624_8299_4444_8f05_d52d754c15f8}
2025-08-06 15:39:43,936 INFO  [io.api.tes.ser.api.SimpleSerdesTesterBuilder$SimpleSerdesTester] (main) Using consumer configuration: {}
2025-08-06 15:39:43,938 INFO  [io.api.tes.ser.api.KafkaSerdesTester] (Thread-805) Sending message header {
  time {
  }
}
d1: 1.754494783937E12
s1: "a"
i1: 123
bi1: 1
point {
  longitude: 22.0
  latitude: 22.0
  altitude: 1.0
}
 to topic topic-7bea6624_8299_4444_8f05_d52d754c15f8
2025-08-06 15:39:43,940 INFO  [org.apa.kaf.cli.Metadata] (kafka-producer-network-thread | Producer-topic-7bea6624_8299_4444_8f05_d52d754c15f8) [Producer clientId=Producer-topic-7bea6624_8299_4444_8f05_d52d754c15f8] Cluster ID: dgPJ9z-1S5ugXzLx2i-R9Q
2025-08-06 15:39:43,940 INFO  [org.apa.kaf.cli.pro.int.TransactionManager] (kafka-producer-network-thread | Producer-topic-7bea6624_8299_4444_8f05_d52d754c15f8) [Producer clientId=Producer-topic-7bea6624_8299_4444_8f05_d52d754c15f8] ProducerId set to 37 with epoch 0
2025-08-06 15:39:44,076 INFO  [io.api.tes.ser.api.KafkaSerdesTester] (Thread-805) Sending message header {
  time {
  }
}
d1: 1.754494784075E12
s1: "a"
i1: 123
bi1: 1
point {
  longitude: 22.0
  latitude: 22.0
  altitude: 1.0
}
 to topic topic-7bea6624_8299_4444_8f05_d52d754c15f8
2025-08-06 15:39:44,078 INFO  [io.api.tes.ser.api.KafkaSerdesTester] (Thread-805) Sending message header {
  time {
  }
}
d1: 1.754494784078E12
s1: "a"
i1: 123
bi1: 1
point {
  longitude: 22.0
  latitude: 22.0
  altitude: 1.0
}
 to topic topic-7bea6624_8299_4444_8f05_d52d754c15f8
2025-08-06 15:39:44,079 INFO  [io.api.tes.ser.api.KafkaSerdesTester] (Thread-805) Sending message header {
  time {
  }
}
d1: 1.754494784079E12
s1: "a"
i1: 123
bi1: 1
point {
  longitude: 22.0
  latitude: 22.0
  altitude: 1.0
}
 to topic topic-7bea6624_8299_4444_8f05_d52d754c15f8
2025-08-06 15:39:44,081 INFO  [io.api.tes.ser.api.KafkaSerdesTester] (Thread-805) Sending message header {
  time {
  }
}
d1: 1.754494784081E12
s1: "a"
i1: 123
bi1: 1
point {
  longitude: 22.0
  latitude: 22.0
  altitude: 1.0
}
 to topic topic-7bea6624_8299_4444_8f05_d52d754c15f8
2025-08-06 15:39:44,082 INFO  [io.api.tes.ser.api.KafkaSerdesTester] (Thread-805) Sending message header {
  time {
  }
}
d1: 1.754494784082E12
s1: "a"
i1: 123
bi1: 1
point {
  longitude: 22.0
  latitude: 22.0
  altitude: 1.0
}
 to topic topic-7bea6624_8299_4444_8f05_d52d754c15f8
2025-08-06 15:39:44,084 INFO  [io.api.tes.ser.api.KafkaSerdesTester] (Thread-805) Sending message header {
  time {
  }
}
d1: 1.754494784083E12
s1: "a"
i1: 123
bi1: 1
point {
  longitude: 22.0
  latitude: 22.0
  altitude: 1.0
}
 to topic topic-7bea6624_8299_4444_8f05_d52d754c15f8
2025-08-06 15:39:44,085 INFO  [io.api.tes.ser.api.KafkaSerdesTester] (Thread-805) Sending message header {
  time {
  }
}
d1: 1.754494784085E12
s1: "a"
i1: 123
bi1: 1
point {
  longitude: 22.0
  latitude: 22.0
  altitude: 1.0
}
 to topic topic-7bea6624_8299_4444_8f05_d52d754c15f8
2025-08-06 15:39:44,087 INFO  [io.api.tes.ser.api.KafkaSerdesTester] (Thread-805) Sending message header {
  time {
  }
}
d1: 1.754494784087E12
s1: "a"
i1: 123
bi1: 1
point {
  longitude: 22.0
  latitude: 22.0
  altitude: 1.0
}
 to topic topic-7bea6624_8299_4444_8f05_d52d754c15f8
2025-08-06 15:39:44,089 INFO  [io.api.tes.ser.api.KafkaSerdesTester] (Thread-805) Sending message header {
  time {
  }
}
d1: 1.754494784089E12
s1: "a"
i1: 123
bi1: 1
point {
  longitude: 22.0
  latitude: 22.0
  altitude: 1.0
}
 to topic topic-7bea6624_8299_4444_8f05_d52d754c15f8
2025-08-06 15:39:44,090 INFO  [io.api.tes.ser.api.KafkaSerdesTester] (Thread-805) Produced 10 messages
2025-08-06 15:39:44,090 INFO  [org.apa.kaf.cli.pro.KafkaProducer] (Thread-805) [Producer clientId=Producer-topic-7bea6624_8299_4444_8f05_d52d754c15f8] Closing the Kafka producer with timeoutMillis = 9223372036854775807 ms.
2025-08-06 15:39:44,092 INFO  [org.apa.kaf.com.met.Metrics] (Thread-805) Metrics scheduler closed
2025-08-06 15:39:44,092 INFO  [org.apa.kaf.com.met.Metrics] (Thread-805) Closing reporter org.apache.kafka.common.metrics.JmxReporter
2025-08-06 15:39:44,092 INFO  [org.apa.kaf.com.met.Metrics] (Thread-805) Closing reporter org.apache.kafka.common.telemetry.internals.ClientTelemetryReporter
2025-08-06 15:39:44,092 INFO  [org.apa.kaf.com.met.Metrics] (Thread-805) Metrics reporters closed
2025-08-06 15:39:44,092 INFO  [org.apa.kaf.com.uti.AppInfoParser] (Thread-805) App info kafka.producer for Producer-topic-7bea6624_8299_4444_8f05_d52d754c15f8 unregistered
**** Registry Base URL: http://registry-app-mysql.apps.ci419.apicurio-testing.org:80
2025-08-06 15:39:44,093 INFO  [org.apa.kaf.cli.con.ConsumerConfig] (main) ConsumerConfig values: 
	allow.auto.create.topics = true
	auto.commit.interval.ms = 500
	auto.include.jmx.reporter = true
	auto.offset.reset = earliest
	bootstrap.servers = [PLAINTEXT://localhost:32769]
	check.crcs = true
	client.dns.lookup = use_all_dns_ips
	client.id = consumer-Consumer-topic-7bea6624_8299_4444_8f05_d52d754c15f8-29
	client.rack = 
	connections.max.idle.ms = 10000
	default.api.timeout.ms = 60000
	enable.auto.commit = true
	enable.metrics.push = true
	exclude.internal.topics = true
	fetch.max.bytes = 52428800
	fetch.max.wait.ms = 500
	fetch.min.bytes = 1
	group.id = Consumer-topic-7bea6624_8299_4444_8f05_d52d754c15f8
	group.instance.id = null
	group.protocol = classic
	group.remote.assignor = null
	heartbeat.interval.ms = 3000
	interceptor.classes = []
	internal.leave.group.on.close = true
	internal.throw.on.fetch.stable.offset.unsupported = false
	isolation.level = read_uncommitted
	key.deserializer = class org.apache.kafka.common.serialization.StringDeserializer
	max.partition.fetch.bytes = 1048576
	max.poll.interval.ms = 300000
	max.poll.records = 500
	metadata.max.age.ms = 300000
	metadata.recovery.strategy = none
	metric.reporters = []
	metrics.num.samples = 2
	metrics.recording.level = INFO
	metrics.sample.window.ms = 30000
	partition.assignment.strategy = [class org.apache.kafka.clients.consumer.RangeAssignor, class org.apache.kafka.clients.consumer.CooperativeStickyAssignor]
	receive.buffer.bytes = 65536
	reconnect.backoff.max.ms = 1000
	reconnect.backoff.ms = 50
	request.timeout.ms = 5000
	retry.backoff.max.ms = 1000
	retry.backoff.ms = 100
	sasl.client.callback.handler.class = null
	sasl.jaas.config = null
	sasl.kerberos.kinit.cmd = /usr/bin/kinit
	sasl.kerberos.min.time.before.relogin = 60000
	sasl.kerberos.service.name = null
	sasl.kerberos.ticket.renew.jitter = 0.05
	sasl.kerberos.ticket.renew.window.factor = 0.8
	sasl.login.callback.handler.class = null
	sasl.login.class = null
	sasl.login.connect.timeout.ms = null
	sasl.login.read.timeout.ms = null
	sasl.login.refresh.buffer.seconds = 300
	sasl.login.refresh.min.period.seconds = 60
	sasl.login.refresh.window.factor = 0.8
	sasl.login.refresh.window.jitter = 0.05
	sasl.login.retry.backoff.max.ms = 10000
	sasl.login.retry.backoff.ms = 100
	sasl.mechanism = GSSAPI
	sasl.oauthbearer.clock.skew.seconds = 30
	sasl.oauthbearer.expected.audience = null
	sasl.oauthbearer.expected.issuer = null
	sasl.oauthbearer.header.urlencode = false
	sasl.oauthbearer.jwks.endpoint.refresh.ms = 3600000
	sasl.oauthbearer.jwks.endpoint.retry.backoff.max.ms = 10000
	sasl.oauthbearer.jwks.endpoint.retry.backoff.ms = 100
	sasl.oauthbearer.jwks.endpoint.url = null
	sasl.oauthbearer.scope.claim.name = scope
	sasl.oauthbearer.sub.claim.name = sub
	sasl.oauthbearer.token.endpoint.url = null
	security.protocol = PLAINTEXT
	security.providers = null
	send.buffer.bytes = 131072
	session.timeout.ms = 45000
	socket.connection.setup.timeout.max.ms = 30000
	socket.connection.setup.timeout.ms = 10000
	ssl.cipher.suites = null
	ssl.enabled.protocols = [TLSv1.2, TLSv1.3]
	ssl.endpoint.identification.algorithm = https
	ssl.engine.factory.class = null
	ssl.key.password = null
	ssl.keymanager.algorithm = SunX509
	ssl.keystore.certificate.chain = null
	ssl.keystore.key = null
	ssl.keystore.location = null
	ssl.keystore.password = null
	ssl.keystore.type = JKS
	ssl.protocol = TLSv1.3
	ssl.provider = null
	ssl.secure.random.implementation = null
	ssl.trustmanager.algorithm = PKIX
	ssl.truststore.certificates = null
	ssl.truststore.location = null
	ssl.truststore.password = null
	ssl.truststore.type = JKS
	value.deserializer = class io.apicurio.registry.serde.protobuf.ProtobufKafkaDeserializer

2025-08-06 15:39:44,093 INFO  [org.apa.kaf.com.tel.int.KafkaMetricsCollector] (main) initializing Kafka metrics collector
2025-08-06 15:39:44,098 INFO  [org.apa.kaf.cli.con.ConsumerConfig] (main) These configurations '[apicurio.registry.url]' were supplied but are not used yet.
2025-08-06 15:39:44,098 INFO  [org.apa.kaf.com.uti.AppInfoParser] (main) Kafka version: 3.9.1
2025-08-06 15:39:44,098 INFO  [org.apa.kaf.com.uti.AppInfoParser] (main) Kafka commitId: f745dfdcee2b9851
2025-08-06 15:39:44,098 INFO  [org.apa.kaf.com.uti.AppInfoParser] (main) Kafka startTimeMs: 1754494784098
2025-08-06 15:39:44,098 INFO  [org.apa.kaf.cli.con.int.ClassicKafkaConsumer] (Thread-808) [Consumer clientId=consumer-Consumer-topic-7bea6624_8299_4444_8f05_d52d754c15f8-29, groupId=Consumer-topic-7bea6624_8299_4444_8f05_d52d754c15f8] Subscribed to topic(s): topic-7bea6624_8299_4444_8f05_d52d754c15f8
2025-08-06 15:39:44,101 INFO  [org.apa.kaf.cli.Metadata] (Thread-808) [Consumer clientId=consumer-Consumer-topic-7bea6624_8299_4444_8f05_d52d754c15f8-29, groupId=Consumer-topic-7bea6624_8299_4444_8f05_d52d754c15f8] Cluster ID: dgPJ9z-1S5ugXzLx2i-R9Q
2025-08-06 15:39:44,101 INFO  [org.apa.kaf.cli.con.int.ConsumerCoordinator] (Thread-808) [Consumer clientId=consumer-Consumer-topic-7bea6624_8299_4444_8f05_d52d754c15f8-29, groupId=Consumer-topic-7bea6624_8299_4444_8f05_d52d754c15f8] Discovered group coordinator localhost:32769 (id: 2147483647 rack: null)
2025-08-06 15:39:44,102 INFO  [org.apa.kaf.cli.con.int.ConsumerCoordinator] (Thread-808) [Consumer clientId=consumer-Consumer-topic-7bea6624_8299_4444_8f05_d52d754c15f8-29, groupId=Consumer-topic-7bea6624_8299_4444_8f05_d52d754c15f8] (Re-)joining group
2025-08-06 15:39:44,106 INFO  [org.apa.kaf.cli.con.int.ConsumerCoordinator] (Thread-808) [Consumer clientId=consumer-Consumer-topic-7bea6624_8299_4444_8f05_d52d754c15f8-29, groupId=Consumer-topic-7bea6624_8299_4444_8f05_d52d754c15f8] Request joining group due to: need to re-join with the given member-id: consumer-Consumer-topic-7bea6624_8299_4444_8f05_d52d754c15f8-29-3d8eb08d-11ac-4b75-a043-e76e7249f01e
2025-08-06 15:39:44,106 INFO  [org.apa.kaf.cli.con.int.ConsumerCoordinator] (Thread-808) [Consumer clientId=consumer-Consumer-topic-7bea6624_8299_4444_8f05_d52d754c15f8-29, groupId=Consumer-topic-7bea6624_8299_4444_8f05_d52d754c15f8] (Re-)joining group
2025-08-06 15:39:45,098 INFO  [io.api.tes.ser.api.KafkaSerdesTester] (Thread-808) None found
2025-08-06 15:39:46,098 INFO  [io.api.tes.ser.api.KafkaSerdesTester] (Thread-808) None found
2025-08-06 15:39:47,098 INFO  [io.api.tes.ser.api.KafkaSerdesTester] (Thread-808) None found
2025-08-06 15:39:47,107 INFO  [org.apa.kaf.cli.con.int.ConsumerCoordinator] (Thread-808) [Consumer clientId=consumer-Consumer-topic-7bea6624_8299_4444_8f05_d52d754c15f8-29, groupId=Consumer-topic-7bea6624_8299_4444_8f05_d52d754c15f8] Successfully joined group with generation Generation{generationId=1, memberId='consumer-Consumer-topic-7bea6624_8299_4444_8f05_d52d754c15f8-29-3d8eb08d-11ac-4b75-a043-e76e7249f01e', protocol='range'}
2025-08-06 15:39:47,108 INFO  [org.apa.kaf.cli.con.int.ConsumerCoordinator] (Thread-808) [Consumer clientId=consumer-Consumer-topic-7bea6624_8299_4444_8f05_d52d754c15f8-29, groupId=Consumer-topic-7bea6624_8299_4444_8f05_d52d754c15f8] Finished assignment for group at generation 1: {consumer-Consumer-topic-7bea6624_8299_4444_8f05_d52d754c15f8-29-3d8eb08d-11ac-4b75-a043-e76e7249f01e=Assignment(partitions=[topic-7bea6624_8299_4444_8f05_d52d754c15f8-0])}
2025-08-06 15:39:47,114 INFO  [org.apa.kaf.cli.con.int.ConsumerCoordinator] (Thread-808) [Consumer clientId=consumer-Consumer-topic-7bea6624_8299_4444_8f05_d52d754c15f8-29, groupId=Consumer-topic-7bea6624_8299_4444_8f05_d52d754c15f8] Successfully synced group in generation Generation{generationId=1, memberId='consumer-Consumer-topic-7bea6624_8299_4444_8f05_d52d754c15f8-29-3d8eb08d-11ac-4b75-a043-e76e7249f01e', protocol='range'}
2025-08-06 15:39:47,114 INFO  [org.apa.kaf.cli.con.int.ConsumerCoordinator] (Thread-808) [Consumer clientId=consumer-Consumer-topic-7bea6624_8299_4444_8f05_d52d754c15f8-29, groupId=Consumer-topic-7bea6624_8299_4444_8f05_d52d754c15f8] Notifying assignor about the new Assignment(partitions=[topic-7bea6624_8299_4444_8f05_d52d754c15f8-0])
2025-08-06 15:39:47,114 INFO  [org.apa.kaf.cli.con.int.ConsumerRebalanceListenerInvoker] (Thread-808) [Consumer clientId=consumer-Consumer-topic-7bea6624_8299_4444_8f05_d52d754c15f8-29, groupId=Consumer-topic-7bea6624_8299_4444_8f05_d52d754c15f8] Adding newly assigned partitions: topic-7bea6624_8299_4444_8f05_d52d754c15f8-0
2025-08-06 15:39:47,115 INFO  [org.apa.kaf.cli.con.int.ConsumerCoordinator] (Thread-808) [Consumer clientId=consumer-Consumer-topic-7bea6624_8299_4444_8f05_d52d754c15f8-29, groupId=Consumer-topic-7bea6624_8299_4444_8f05_d52d754c15f8] Found no committed offset for partition topic-7bea6624_8299_4444_8f05_d52d754c15f8-0
2025-08-06 15:39:47,117 INFO  [org.apa.kaf.cli.con.int.SubscriptionState] (Thread-808) [Consumer clientId=consumer-Consumer-topic-7bea6624_8299_4444_8f05_d52d754c15f8-29, groupId=Consumer-topic-7bea6624_8299_4444_8f05_d52d754c15f8] Resetting offset for partition topic-7bea6624_8299_4444_8f05_d52d754c15f8-0 to position FetchPosition{offset=0, offsetEpoch=Optional.empty, currentLeader=LeaderAndEpoch{leader=Optional[localhost:32769 (id: 0 rack: null)], epoch=0}}.
2025-08-06 15:39:47,220 INFO  [io.api.tes.ser.api.KafkaSerdesTester] (Thread-808) topic-7bea6624_8299_4444_8f05_d52d754c15f8 0 0 header {
  time {
  }
}
d1: 1.754494783937E12
s1: "a"
i1: 123
bi1: 1
point {
  longitude: 22.0
  latitude: 22.0
  altitude: 1.0
}

2025-08-06 15:39:47,220 INFO  [io.api.tes.ser.api.KafkaSerdesTester] (Thread-808) topic-7bea6624_8299_4444_8f05_d52d754c15f8 0 1 header {
  time {
  }
}
d1: 1.754494784075E12
s1: "a"
i1: 123
bi1: 1
point {
  longitude: 22.0
  latitude: 22.0
  altitude: 1.0
}

2025-08-06 15:39:47,220 INFO  [io.api.tes.ser.api.KafkaSerdesTester] (Thread-808) topic-7bea6624_8299_4444_8f05_d52d754c15f8 0 2 header {
  time {
  }
}
d1: 1.754494784078E12
s1: "a"
i1: 123
bi1: 1
point {
  longitude: 22.0
  latitude: 22.0
  altitude: 1.0
}

2025-08-06 15:39:47,220 INFO  [io.api.tes.ser.api.KafkaSerdesTester] (Thread-808) topic-7bea6624_8299_4444_8f05_d52d754c15f8 0 3 header {
  time {
  }
}
d1: 1.754494784079E12
s1: "a"
i1: 123
bi1: 1
point {
  longitude: 22.0
  latitude: 22.0
  altitude: 1.0
}

2025-08-06 15:39:47,220 INFO  [io.api.tes.ser.api.KafkaSerdesTester] (Thread-808) topic-7bea6624_8299_4444_8f05_d52d754c15f8 0 4 header {
  time {
  }
}
d1: 1.754494784081E12
s1: "a"
i1: 123
bi1: 1
point {
  longitude: 22.0
  latitude: 22.0
  altitude: 1.0
}

2025-08-06 15:39:47,220 INFO  [io.api.tes.ser.api.KafkaSerdesTester] (Thread-808) topic-7bea6624_8299_4444_8f05_d52d754c15f8 0 5 header {
  time {
  }
}
d1: 1.754494784082E12
s1: "a"
i1: 123
bi1: 1
point {
  longitude: 22.0
  latitude: 22.0
  altitude: 1.0
}

2025-08-06 15:39:47,220 INFO  [io.api.tes.ser.api.KafkaSerdesTester] (Thread-808) topic-7bea6624_8299_4444_8f05_d52d754c15f8 0 6 header {
  time {
  }
}
d1: 1.754494784083E12
s1: "a"
i1: 123
bi1: 1
point {
  longitude: 22.0
  latitude: 22.0
  altitude: 1.0
}

2025-08-06 15:39:47,220 INFO  [io.api.tes.ser.api.KafkaSerdesTester] (Thread-808) topic-7bea6624_8299_4444_8f05_d52d754c15f8 0 7 header {
  time {
  }
}
d1: 1.754494784085E12
s1: "a"
i1: 123
bi1: 1
point {
  longitude: 22.0
  latitude: 22.0
  altitude: 1.0
}

2025-08-06 15:39:47,220 INFO  [io.api.tes.ser.api.KafkaSerdesTester] (Thread-808) topic-7bea6624_8299_4444_8f05_d52d754c15f8 0 8 header {
  time {
  }
}
d1: 1.754494784087E12
s1: "a"
i1: 123
bi1: 1
point {
  longitude: 22.0
  latitude: 22.0
  altitude: 1.0
}

2025-08-06 15:39:47,220 INFO  [io.api.tes.ser.api.KafkaSerdesTester] (Thread-808) topic-7bea6624_8299_4444_8f05_d52d754c15f8 0 9 header {
  time {
  }
}
d1: 1.754494784089E12
s1: "a"
i1: 123
bi1: 1
point {
  longitude: 22.0
  latitude: 22.0
  altitude: 1.0
}

2025-08-06 15:39:47,220 INFO  [io.api.tes.ser.api.KafkaSerdesTester] (Thread-808) Consumed 10 messages
2025-08-06 15:39:47,227 INFO  [org.apa.kaf.cli.con.int.ConsumerRebalanceListenerInvoker] (Thread-808) [Consumer clientId=consumer-Consumer-topic-7bea6624_8299_4444_8f05_d52d754c15f8-29, groupId=Consumer-topic-7bea6624_8299_4444_8f05_d52d754c15f8] Revoke previously assigned partitions topic-7bea6624_8299_4444_8f05_d52d754c15f8-0
2025-08-06 15:39:47,227 INFO  [org.apa.kaf.cli.con.int.ConsumerCoordinator] (Thread-808) [Consumer clientId=consumer-Consumer-topic-7bea6624_8299_4444_8f05_d52d754c15f8-29, groupId=Consumer-topic-7bea6624_8299_4444_8f05_d52d754c15f8] Member consumer-Consumer-topic-7bea6624_8299_4444_8f05_d52d754c15f8-29-3d8eb08d-11ac-4b75-a043-e76e7249f01e sending LeaveGroup request to coordinator localhost:32769 (id: 2147483647 rack: null) due to the consumer is being closed
2025-08-06 15:39:47,227 INFO  [org.apa.kaf.cli.con.int.ConsumerCoordinator] (Thread-808) [Consumer clientId=consumer-Consumer-topic-7bea6624_8299_4444_8f05_d52d754c15f8-29, groupId=Consumer-topic-7bea6624_8299_4444_8f05_d52d754c15f8] Resetting generation and member id due to: consumer pro-actively leaving the group
2025-08-06 15:39:47,227 INFO  [org.apa.kaf.cli.con.int.ConsumerCoordinator] (Thread-808) [Consumer clientId=consumer-Consumer-topic-7bea6624_8299_4444_8f05_d52d754c15f8-29, groupId=Consumer-topic-7bea6624_8299_4444_8f05_d52d754c15f8] Request joining group due to: consumer pro-actively leaving the group
2025-08-06 15:39:47,723 INFO  [org.apa.kaf.com.met.Metrics] (Thread-808) Metrics scheduler closed
2025-08-06 15:39:47,723 INFO  [org.apa.kaf.com.met.Metrics] (Thread-808) Closing reporter org.apache.kafka.common.metrics.JmxReporter
2025-08-06 15:39:47,723 INFO  [org.apa.kaf.com.met.Metrics] (Thread-808) Closing reporter org.apache.kafka.common.telemetry.internals.ClientTelemetryReporter
2025-08-06 15:39:47,723 INFO  [org.apa.kaf.com.met.Metrics] (Thread-808) Metrics reporters closed
2025-08-06 15:39:47,725 INFO  [org.apa.kaf.com.uti.AppInfoParser] (Thread-808) App info kafka.consumer for consumer-Consumer-topic-7bea6624_8299_4444_8f05_d52d754c15f8-29 unregistered
2025-08-06 15:39:47,726 INFO  [io.api.tes.uti.TestSeparator] (main) io.apicurio.tests.serdes.apicurio.ProtobufSerdeIT.testFindLatestAndUseBody-FINISHED
2025-08-06 15:39:47,726 INFO  [io.api.tes.uti.TestSeparator] (main) ############################################################################
Test passed: testFindLatestAndUseBody
]]></system-out>
  </testcase>
  <testcase name="testConsumeDynamicMessage" classname="io.apicurio.tests.serdes.apicurio.ProtobufSerdeIT" time="1.08">
    <system-out><![CDATA[2025-08-06 15:39:47,727 INFO  [io.api.tes.uti.TestSeparator] (main) ############################################################################
2025-08-06 15:39:47,727 INFO  [io.api.tes.uti.TestSeparator] (main) io.apicurio.tests.serdes.apicurio.ProtobufSerdeIT.testConsumeDynamicMessage-STARTED
2025-08-06 15:39:48,806 INFO  [io.api.tes.uti.TestSeparator] (main) io.apicurio.tests.serdes.apicurio.ProtobufSerdeIT.testConsumeDynamicMessage-FINISHED
2025-08-06 15:39:48,806 INFO  [io.api.tes.uti.TestSeparator] (main) ############################################################################
Test passed: testConsumeDynamicMessage
]]></system-out>
  </testcase>
  <testcase name="testAutoRegisterDynamicMessageProtobufType" classname="io.apicurio.tests.serdes.apicurio.ProtobufSerdeIT" time="4.544">
    <system-out><![CDATA[2025-08-06 15:39:48,807 INFO  [io.api.tes.uti.TestSeparator] (main) ############################################################################
2025-08-06 15:39:48,807 INFO  [io.api.tes.uti.TestSeparator] (main) io.apicurio.tests.serdes.apicurio.ProtobufSerdeIT.testAutoRegisterDynamicMessageProtobufType-STARTED
**** Registry Base URL: http://registry-app-mysql.apps.ci419.apicurio-testing.org:80
2025-08-06 15:39:48,808 INFO  [org.apa.kaf.cli.pro.ProducerConfig] (main) ProducerConfig values: 
	acks = -1
	auto.include.jmx.reporter = true
	batch.size = 16384
	bootstrap.servers = [PLAINTEXT://localhost:32769]
	buffer.memory = 33554432
	client.dns.lookup = use_all_dns_ips
	client.id = Producer-topic-1f2a928d_c004_48b9_bc59_2d743db1d55b
	compression.gzip.level = -1
	compression.lz4.level = 9
	compression.type = none
	compression.zstd.level = 3
	connections.max.idle.ms = 10000
	delivery.timeout.ms = 120000
	enable.idempotence = true
	enable.metrics.push = true
	interceptor.classes = []
	key.serializer = class org.apache.kafka.common.serialization.StringSerializer
	linger.ms = 0
	max.block.ms = 60000
	max.in.flight.requests.per.connection = 5
	max.request.size = 1048576
	metadata.max.age.ms = 300000
	metadata.max.idle.ms = 300000
	metadata.recovery.strategy = none
	metric.reporters = []
	metrics.num.samples = 2
	metrics.recording.level = INFO
	metrics.sample.window.ms = 30000
	partitioner.adaptive.partitioning.enable = true
	partitioner.availability.timeout.ms = 0
	partitioner.class = null
	partitioner.ignore.keys = false
	receive.buffer.bytes = 32768
	reconnect.backoff.max.ms = 1000
	reconnect.backoff.ms = 50
	request.timeout.ms = 5000
	retries = 2147483647
	retry.backoff.max.ms = 1000
	retry.backoff.ms = 100
	sasl.client.callback.handler.class = null
	sasl.jaas.config = null
	sasl.kerberos.kinit.cmd = /usr/bin/kinit
	sasl.kerberos.min.time.before.relogin = 60000
	sasl.kerberos.service.name = null
	sasl.kerberos.ticket.renew.jitter = 0.05
	sasl.kerberos.ticket.renew.window.factor = 0.8
	sasl.login.callback.handler.class = null
	sasl.login.class = null
	sasl.login.connect.timeout.ms = null
	sasl.login.read.timeout.ms = null
	sasl.login.refresh.buffer.seconds = 300
	sasl.login.refresh.min.period.seconds = 60
	sasl.login.refresh.window.factor = 0.8
	sasl.login.refresh.window.jitter = 0.05
	sasl.login.retry.backoff.max.ms = 10000
	sasl.login.retry.backoff.ms = 100
	sasl.mechanism = GSSAPI
	sasl.oauthbearer.clock.skew.seconds = 30
	sasl.oauthbearer.expected.audience = null
	sasl.oauthbearer.expected.issuer = null
	sasl.oauthbearer.header.urlencode = false
	sasl.oauthbearer.jwks.endpoint.refresh.ms = 3600000
	sasl.oauthbearer.jwks.endpoint.retry.backoff.max.ms = 10000
	sasl.oauthbearer.jwks.endpoint.retry.backoff.ms = 100
	sasl.oauthbearer.jwks.endpoint.url = null
	sasl.oauthbearer.scope.claim.name = scope
	sasl.oauthbearer.sub.claim.name = sub
	sasl.oauthbearer.token.endpoint.url = null
	security.protocol = PLAINTEXT
	security.providers = null
	send.buffer.bytes = 131072
	socket.connection.setup.timeout.max.ms = 30000
	socket.connection.setup.timeout.ms = 10000
	ssl.cipher.suites = null
	ssl.enabled.protocols = [TLSv1.2, TLSv1.3]
	ssl.endpoint.identification.algorithm = https
	ssl.engine.factory.class = null
	ssl.key.password = null
	ssl.keymanager.algorithm = SunX509
	ssl.keystore.certificate.chain = null
	ssl.keystore.key = null
	ssl.keystore.location = null
	ssl.keystore.password = null
	ssl.keystore.type = JKS
	ssl.protocol = TLSv1.3
	ssl.provider = null
	ssl.secure.random.implementation = null
	ssl.trustmanager.algorithm = PKIX
	ssl.truststore.certificates = null
	ssl.truststore.location = null
	ssl.truststore.password = null
	ssl.truststore.type = JKS
	transaction.timeout.ms = 60000
	transactional.id = null
	value.serializer = class io.apicurio.registry.serde.protobuf.ProtobufKafkaSerializer

2025-08-06 15:39:48,809 INFO  [org.apa.kaf.com.tel.int.KafkaMetricsCollector] (main) initializing Kafka metrics collector
2025-08-06 15:39:48,815 INFO  [org.apa.kaf.cli.pro.KafkaProducer] (main) [Producer clientId=Producer-topic-1f2a928d_c004_48b9_bc59_2d743db1d55b] Instantiated an idempotent producer.
2025-08-06 15:39:48,818 INFO  [org.apa.kaf.cli.pro.ProducerConfig] (main) These configurations '[apicurio.registry.url, apicurio.registry.auto-register, apicurio.registry.artifact-resolver-strategy]' were supplied but are not used yet.
2025-08-06 15:39:48,818 INFO  [org.apa.kaf.com.uti.AppInfoParser] (main) Kafka version: 3.9.1
2025-08-06 15:39:48,818 INFO  [org.apa.kaf.com.uti.AppInfoParser] (main) Kafka commitId: f745dfdcee2b9851
2025-08-06 15:39:48,818 INFO  [org.apa.kaf.com.uti.AppInfoParser] (main) Kafka startTimeMs: 1754494788818
2025-08-06 15:39:48,818 INFO  [io.api.tes.ser.api.SimpleSerdesTesterBuilder$SimpleSerdesTester] (main) Using producer configuration: {apicurio.registry.url=http://registry-app-mysql.apps.ci419.apicurio-testing.org:80/apis/registry/v3, apicurio.registry.auto-register=true, apicurio.registry.artifact-resolver-strategy=io.apicurio.registry.serde.strategy.TopicIdStrategy, value.serializer=io.apicurio.registry.serde.protobuf.ProtobufKafkaSerializer, request.timeout.ms=5000, acks=all, bootstrap.servers=PLAINTEXT://localhost:32769, connections.max.idle.ms=10000, key.serializer=org.apache.kafka.common.serialization.StringSerializer, client.id=Producer-topic-1f2a928d_c004_48b9_bc59_2d743db1d55b}
2025-08-06 15:39:48,818 INFO  [io.api.tes.ser.api.SimpleSerdesTesterBuilder$SimpleSerdesTester] (main) Using consumer configuration: {apicurio.registry.deserializer.value.return-class=com.google.protobuf.DynamicMessage}
2025-08-06 15:39:48,821 INFO  [io.api.tes.ser.api.KafkaSerdesTester] (Thread-811) Sending message header {
  time {
  }
}
d1: 1.754494788821E12
s1: "a"
i1: 123
bi1: 1
point {
  longitude: 22.0
  latitude: 22.0
  altitude: 1.0
}
 to topic topic-1f2a928d_c004_48b9_bc59_2d743db1d55b
2025-08-06 15:39:48,824 WARN  [org.apa.kaf.cli.NetworkClient] (kafka-producer-network-thread | Producer-topic-1f2a928d_c004_48b9_bc59_2d743db1d55b) [Producer clientId=Producer-topic-1f2a928d_c004_48b9_bc59_2d743db1d55b] The metadata response from the cluster reported a recoverable issue with correlation id 1 : {topic-1f2a928d_c004_48b9_bc59_2d743db1d55b=UNKNOWN_TOPIC_OR_PARTITION}
2025-08-06 15:39:48,824 INFO  [org.apa.kaf.cli.Metadata] (kafka-producer-network-thread | Producer-topic-1f2a928d_c004_48b9_bc59_2d743db1d55b) [Producer clientId=Producer-topic-1f2a928d_c004_48b9_bc59_2d743db1d55b] Cluster ID: dgPJ9z-1S5ugXzLx2i-R9Q
2025-08-06 15:39:48,824 INFO  [org.apa.kaf.cli.pro.int.TransactionManager] (kafka-producer-network-thread | Producer-topic-1f2a928d_c004_48b9_bc59_2d743db1d55b) [Producer clientId=Producer-topic-1f2a928d_c004_48b9_bc59_2d743db1d55b] ProducerId set to 38 with epoch 0
2025-08-06 15:39:49,073 INFO  [io.api.tes.ser.api.KafkaSerdesTester] (Thread-811) Sending message header {
  time {
  }
}
d1: 1.754494789073E12
s1: "a"
i1: 123
bi1: 1
point {
  longitude: 22.0
  latitude: 22.0
  altitude: 1.0
}
 to topic topic-1f2a928d_c004_48b9_bc59_2d743db1d55b
2025-08-06 15:39:49,131 INFO  [io.api.tes.ser.api.KafkaSerdesTester] (Thread-811) Sending message header {
  time {
  }
}
d1: 1.754494789131E12
s1: "a"
i1: 123
bi1: 1
point {
  longitude: 22.0
  latitude: 22.0
  altitude: 1.0
}
 to topic topic-1f2a928d_c004_48b9_bc59_2d743db1d55b
2025-08-06 15:39:49,193 INFO  [io.api.tes.ser.api.KafkaSerdesTester] (Thread-811) Sending message header {
  time {
  }
}
d1: 1.754494789192E12
s1: "a"
i1: 123
bi1: 1
point {
  longitude: 22.0
  latitude: 22.0
  altitude: 1.0
}
 to topic topic-1f2a928d_c004_48b9_bc59_2d743db1d55b
2025-08-06 15:39:49,253 INFO  [io.api.tes.ser.api.KafkaSerdesTester] (Thread-811) Sending message header {
  time {
  }
}
d1: 1.754494789253E12
s1: "a"
i1: 123
bi1: 1
point {
  longitude: 22.0
  latitude: 22.0
  altitude: 1.0
}
 to topic topic-1f2a928d_c004_48b9_bc59_2d743db1d55b
2025-08-06 15:39:49,311 INFO  [io.api.tes.ser.api.KafkaSerdesTester] (Thread-811) Sending message header {
  time {
  }
}
d1: 1.754494789311E12
s1: "a"
i1: 123
bi1: 1
point {
  longitude: 22.0
  latitude: 22.0
  altitude: 1.0
}
 to topic topic-1f2a928d_c004_48b9_bc59_2d743db1d55b
2025-08-06 15:39:49,370 INFO  [io.api.tes.ser.api.KafkaSerdesTester] (Thread-811) Sending message header {
  time {
  }
}
d1: 1.75449478937E12
s1: "a"
i1: 123
bi1: 1
point {
  longitude: 22.0
  latitude: 22.0
  altitude: 1.0
}
 to topic topic-1f2a928d_c004_48b9_bc59_2d743db1d55b
2025-08-06 15:39:49,426 INFO  [io.api.tes.ser.api.KafkaSerdesTester] (Thread-811) Sending message header {
  time {
  }
}
d1: 1.754494789426E12
s1: "a"
i1: 123
bi1: 1
point {
  longitude: 22.0
  latitude: 22.0
  altitude: 1.0
}
 to topic topic-1f2a928d_c004_48b9_bc59_2d743db1d55b
2025-08-06 15:39:49,481 INFO  [io.api.tes.ser.api.KafkaSerdesTester] (Thread-811) Sending message header {
  time {
  }
}
d1: 1.754494789481E12
s1: "a"
i1: 123
bi1: 1
point {
  longitude: 22.0
  latitude: 22.0
  altitude: 1.0
}
 to topic topic-1f2a928d_c004_48b9_bc59_2d743db1d55b
2025-08-06 15:39:49,539 INFO  [io.api.tes.ser.api.KafkaSerdesTester] (Thread-811) Sending message header {
  time {
  }
}
d1: 1.754494789539E12
s1: "a"
i1: 123
bi1: 1
point {
  longitude: 22.0
  latitude: 22.0
  altitude: 1.0
}
 to topic topic-1f2a928d_c004_48b9_bc59_2d743db1d55b
2025-08-06 15:39:49,592 INFO  [io.api.tes.ser.api.KafkaSerdesTester] (Thread-811) Produced 10 messages
2025-08-06 15:39:49,592 INFO  [org.apa.kaf.cli.pro.KafkaProducer] (Thread-811) [Producer clientId=Producer-topic-1f2a928d_c004_48b9_bc59_2d743db1d55b] Closing the Kafka producer with timeoutMillis = 9223372036854775807 ms.
2025-08-06 15:39:49,594 INFO  [org.apa.kaf.com.met.Metrics] (Thread-811) Metrics scheduler closed
2025-08-06 15:39:49,594 INFO  [org.apa.kaf.com.met.Metrics] (Thread-811) Closing reporter org.apache.kafka.common.metrics.JmxReporter
2025-08-06 15:39:49,594 INFO  [org.apa.kaf.com.met.Metrics] (Thread-811) Closing reporter org.apache.kafka.common.telemetry.internals.ClientTelemetryReporter
2025-08-06 15:39:49,594 INFO  [org.apa.kaf.com.met.Metrics] (Thread-811) Metrics reporters closed
2025-08-06 15:39:49,594 INFO  [org.apa.kaf.com.uti.AppInfoParser] (Thread-811) App info kafka.producer for Producer-topic-1f2a928d_c004_48b9_bc59_2d743db1d55b unregistered
**** Registry Base URL: http://registry-app-mysql.apps.ci419.apicurio-testing.org:80
2025-08-06 15:39:49,651 INFO  [org.apa.kaf.cli.con.ConsumerConfig] (main) ConsumerConfig values: 
	allow.auto.create.topics = true
	auto.commit.interval.ms = 500
	auto.include.jmx.reporter = true
	auto.offset.reset = earliest
	bootstrap.servers = [PLAINTEXT://localhost:32769]
	check.crcs = true
	client.dns.lookup = use_all_dns_ips
	client.id = consumer-Consumer-topic-1f2a928d_c004_48b9_bc59_2d743db1d55b-30
	client.rack = 
	connections.max.idle.ms = 10000
	default.api.timeout.ms = 60000
	enable.auto.commit = true
	enable.metrics.push = true
	exclude.internal.topics = true
	fetch.max.bytes = 52428800
	fetch.max.wait.ms = 500
	fetch.min.bytes = 1
	group.id = Consumer-topic-1f2a928d_c004_48b9_bc59_2d743db1d55b
	group.instance.id = null
	group.protocol = classic
	group.remote.assignor = null
	heartbeat.interval.ms = 3000
	interceptor.classes = []
	internal.leave.group.on.close = true
	internal.throw.on.fetch.stable.offset.unsupported = false
	isolation.level = read_uncommitted
	key.deserializer = class org.apache.kafka.common.serialization.StringDeserializer
	max.partition.fetch.bytes = 1048576
	max.poll.interval.ms = 300000
	max.poll.records = 500
	metadata.max.age.ms = 300000
	metadata.recovery.strategy = none
	metric.reporters = []
	metrics.num.samples = 2
	metrics.recording.level = INFO
	metrics.sample.window.ms = 30000
	partition.assignment.strategy = [class org.apache.kafka.clients.consumer.RangeAssignor, class org.apache.kafka.clients.consumer.CooperativeStickyAssignor]
	receive.buffer.bytes = 65536
	reconnect.backoff.max.ms = 1000
	reconnect.backoff.ms = 50
	request.timeout.ms = 5000
	retry.backoff.max.ms = 1000
	retry.backoff.ms = 100
	sasl.client.callback.handler.class = null
	sasl.jaas.config = null
	sasl.kerberos.kinit.cmd = /usr/bin/kinit
	sasl.kerberos.min.time.before.relogin = 60000
	sasl.kerberos.service.name = null
	sasl.kerberos.ticket.renew.jitter = 0.05
	sasl.kerberos.ticket.renew.window.factor = 0.8
	sasl.login.callback.handler.class = null
	sasl.login.class = null
	sasl.login.connect.timeout.ms = null
	sasl.login.read.timeout.ms = null
	sasl.login.refresh.buffer.seconds = 300
	sasl.login.refresh.min.period.seconds = 60
	sasl.login.refresh.window.factor = 0.8
	sasl.login.refresh.window.jitter = 0.05
	sasl.login.retry.backoff.max.ms = 10000
	sasl.login.retry.backoff.ms = 100
	sasl.mechanism = GSSAPI
	sasl.oauthbearer.clock.skew.seconds = 30
	sasl.oauthbearer.expected.audience = null
	sasl.oauthbearer.expected.issuer = null
	sasl.oauthbearer.header.urlencode = false
	sasl.oauthbearer.jwks.endpoint.refresh.ms = 3600000
	sasl.oauthbearer.jwks.endpoint.retry.backoff.max.ms = 10000
	sasl.oauthbearer.jwks.endpoint.retry.backoff.ms = 100
	sasl.oauthbearer.jwks.endpoint.url = null
	sasl.oauthbearer.scope.claim.name = scope
	sasl.oauthbearer.sub.claim.name = sub
	sasl.oauthbearer.token.endpoint.url = null
	security.protocol = PLAINTEXT
	security.providers = null
	send.buffer.bytes = 131072
	session.timeout.ms = 45000
	socket.connection.setup.timeout.max.ms = 30000
	socket.connection.setup.timeout.ms = 10000
	ssl.cipher.suites = null
	ssl.enabled.protocols = [TLSv1.2, TLSv1.3]
	ssl.endpoint.identification.algorithm = https
	ssl.engine.factory.class = null
	ssl.key.password = null
	ssl.keymanager.algorithm = SunX509
	ssl.keystore.certificate.chain = null
	ssl.keystore.key = null
	ssl.keystore.location = null
	ssl.keystore.password = null
	ssl.keystore.type = JKS
	ssl.protocol = TLSv1.3
	ssl.provider = null
	ssl.secure.random.implementation = null
	ssl.trustmanager.algorithm = PKIX
	ssl.truststore.certificates = null
	ssl.truststore.location = null
	ssl.truststore.password = null
	ssl.truststore.type = JKS
	value.deserializer = class io.apicurio.registry.serde.protobuf.ProtobufKafkaDeserializer

2025-08-06 15:39:49,651 INFO  [org.apa.kaf.com.tel.int.KafkaMetricsCollector] (main) initializing Kafka metrics collector
2025-08-06 15:39:49,655 INFO  [org.apa.kaf.cli.con.ConsumerConfig] (main) These configurations '[apicurio.registry.deserializer.value.return-class, apicurio.registry.url]' were supplied but are not used yet.
2025-08-06 15:39:49,655 INFO  [org.apa.kaf.com.uti.AppInfoParser] (main) Kafka version: 3.9.1
2025-08-06 15:39:49,655 INFO  [org.apa.kaf.com.uti.AppInfoParser] (main) Kafka commitId: f745dfdcee2b9851
2025-08-06 15:39:49,655 INFO  [org.apa.kaf.com.uti.AppInfoParser] (main) Kafka startTimeMs: 1754494789655
2025-08-06 15:39:49,656 INFO  [org.apa.kaf.cli.con.int.ClassicKafkaConsumer] (Thread-814) [Consumer clientId=consumer-Consumer-topic-1f2a928d_c004_48b9_bc59_2d743db1d55b-30, groupId=Consumer-topic-1f2a928d_c004_48b9_bc59_2d743db1d55b] Subscribed to topic(s): topic-1f2a928d_c004_48b9_bc59_2d743db1d55b
2025-08-06 15:39:49,661 INFO  [org.apa.kaf.cli.Metadata] (Thread-814) [Consumer clientId=consumer-Consumer-topic-1f2a928d_c004_48b9_bc59_2d743db1d55b-30, groupId=Consumer-topic-1f2a928d_c004_48b9_bc59_2d743db1d55b] Cluster ID: dgPJ9z-1S5ugXzLx2i-R9Q
2025-08-06 15:39:49,662 INFO  [org.apa.kaf.cli.con.int.ConsumerCoordinator] (Thread-814) [Consumer clientId=consumer-Consumer-topic-1f2a928d_c004_48b9_bc59_2d743db1d55b-30, groupId=Consumer-topic-1f2a928d_c004_48b9_bc59_2d743db1d55b] Discovered group coordinator localhost:32769 (id: 2147483647 rack: null)
2025-08-06 15:39:49,663 INFO  [org.apa.kaf.cli.con.int.ConsumerCoordinator] (Thread-814) [Consumer clientId=consumer-Consumer-topic-1f2a928d_c004_48b9_bc59_2d743db1d55b-30, groupId=Consumer-topic-1f2a928d_c004_48b9_bc59_2d743db1d55b] (Re-)joining group
2025-08-06 15:39:49,665 INFO  [org.apa.kaf.cli.con.int.ConsumerCoordinator] (Thread-814) [Consumer clientId=consumer-Consumer-topic-1f2a928d_c004_48b9_bc59_2d743db1d55b-30, groupId=Consumer-topic-1f2a928d_c004_48b9_bc59_2d743db1d55b] Request joining group due to: need to re-join with the given member-id: consumer-Consumer-topic-1f2a928d_c004_48b9_bc59_2d743db1d55b-30-d38cf8e3-0292-4187-bf40-60b7e6c3b17e
2025-08-06 15:39:49,665 INFO  [org.apa.kaf.cli.con.int.ConsumerCoordinator] (Thread-814) [Consumer clientId=consumer-Consumer-topic-1f2a928d_c004_48b9_bc59_2d743db1d55b-30, groupId=Consumer-topic-1f2a928d_c004_48b9_bc59_2d743db1d55b] (Re-)joining group
2025-08-06 15:39:50,656 INFO  [io.api.tes.ser.api.KafkaSerdesTester] (Thread-814) None found
2025-08-06 15:39:51,657 INFO  [io.api.tes.ser.api.KafkaSerdesTester] (Thread-814) None found
2025-08-06 15:39:52,658 INFO  [io.api.tes.ser.api.KafkaSerdesTester] (Thread-814) None found
2025-08-06 15:39:52,666 INFO  [org.apa.kaf.cli.con.int.ConsumerCoordinator] (Thread-814) [Consumer clientId=consumer-Consumer-topic-1f2a928d_c004_48b9_bc59_2d743db1d55b-30, groupId=Consumer-topic-1f2a928d_c004_48b9_bc59_2d743db1d55b] Successfully joined group with generation Generation{generationId=1, memberId='consumer-Consumer-topic-1f2a928d_c004_48b9_bc59_2d743db1d55b-30-d38cf8e3-0292-4187-bf40-60b7e6c3b17e', protocol='range'}
2025-08-06 15:39:52,666 INFO  [org.apa.kaf.cli.con.int.ConsumerCoordinator] (Thread-814) [Consumer clientId=consumer-Consumer-topic-1f2a928d_c004_48b9_bc59_2d743db1d55b-30, groupId=Consumer-topic-1f2a928d_c004_48b9_bc59_2d743db1d55b] Finished assignment for group at generation 1: {consumer-Consumer-topic-1f2a928d_c004_48b9_bc59_2d743db1d55b-30-d38cf8e3-0292-4187-bf40-60b7e6c3b17e=Assignment(partitions=[topic-1f2a928d_c004_48b9_bc59_2d743db1d55b-0])}
2025-08-06 15:39:52,672 INFO  [org.apa.kaf.cli.con.int.ConsumerCoordinator] (Thread-814) [Consumer clientId=consumer-Consumer-topic-1f2a928d_c004_48b9_bc59_2d743db1d55b-30, groupId=Consumer-topic-1f2a928d_c004_48b9_bc59_2d743db1d55b] Successfully synced group in generation Generation{generationId=1, memberId='consumer-Consumer-topic-1f2a928d_c004_48b9_bc59_2d743db1d55b-30-d38cf8e3-0292-4187-bf40-60b7e6c3b17e', protocol='range'}
2025-08-06 15:39:52,672 INFO  [org.apa.kaf.cli.con.int.ConsumerCoordinator] (Thread-814) [Consumer clientId=consumer-Consumer-topic-1f2a928d_c004_48b9_bc59_2d743db1d55b-30, groupId=Consumer-topic-1f2a928d_c004_48b9_bc59_2d743db1d55b] Notifying assignor about the new Assignment(partitions=[topic-1f2a928d_c004_48b9_bc59_2d743db1d55b-0])
2025-08-06 15:39:52,672 INFO  [org.apa.kaf.cli.con.int.ConsumerRebalanceListenerInvoker] (Thread-814) [Consumer clientId=consumer-Consumer-topic-1f2a928d_c004_48b9_bc59_2d743db1d55b-30, groupId=Consumer-topic-1f2a928d_c004_48b9_bc59_2d743db1d55b] Adding newly assigned partitions: topic-1f2a928d_c004_48b9_bc59_2d743db1d55b-0
2025-08-06 15:39:52,673 INFO  [org.apa.kaf.cli.con.int.ConsumerCoordinator] (Thread-814) [Consumer clientId=consumer-Consumer-topic-1f2a928d_c004_48b9_bc59_2d743db1d55b-30, groupId=Consumer-topic-1f2a928d_c004_48b9_bc59_2d743db1d55b] Found no committed offset for partition topic-1f2a928d_c004_48b9_bc59_2d743db1d55b-0
2025-08-06 15:39:52,676 INFO  [org.apa.kaf.cli.con.int.SubscriptionState] (Thread-814) [Consumer clientId=consumer-Consumer-topic-1f2a928d_c004_48b9_bc59_2d743db1d55b-30, groupId=Consumer-topic-1f2a928d_c004_48b9_bc59_2d743db1d55b] Resetting offset for partition topic-1f2a928d_c004_48b9_bc59_2d743db1d55b-0 to position FetchPosition{offset=0, offsetEpoch=Optional.empty, currentLeader=LeaderAndEpoch{leader=Optional[localhost:32769 (id: 0 rack: null)], epoch=0}}.
2025-08-06 15:39:52,815 INFO  [io.api.tes.ser.api.KafkaSerdesTester] (Thread-814) topic-1f2a928d_c004_48b9_bc59_2d743db1d55b 0 0 header {
  time {
  }
}
d1: 1.754494788821E12
s1: "a"
i1: 123
bi1: 1
point {
  longitude: 22.0
  latitude: 22.0
  altitude: 1.0
}

2025-08-06 15:39:52,816 INFO  [io.api.tes.ser.api.KafkaSerdesTester] (Thread-814) topic-1f2a928d_c004_48b9_bc59_2d743db1d55b 0 1 header {
  time {
  }
}
d1: 1.754494789073E12
s1: "a"
i1: 123
bi1: 1
point {
  longitude: 22.0
  latitude: 22.0
  altitude: 1.0
}

2025-08-06 15:39:52,816 INFO  [io.api.tes.ser.api.KafkaSerdesTester] (Thread-814) topic-1f2a928d_c004_48b9_bc59_2d743db1d55b 0 2 header {
  time {
  }
}
d1: 1.754494789131E12
s1: "a"
i1: 123
bi1: 1
point {
  longitude: 22.0
  latitude: 22.0
  altitude: 1.0
}

2025-08-06 15:39:52,816 INFO  [io.api.tes.ser.api.KafkaSerdesTester] (Thread-814) topic-1f2a928d_c004_48b9_bc59_2d743db1d55b 0 3 header {
  time {
  }
}
d1: 1.754494789192E12
s1: "a"
i1: 123
bi1: 1
point {
  longitude: 22.0
  latitude: 22.0
  altitude: 1.0
}

2025-08-06 15:39:52,816 INFO  [io.api.tes.ser.api.KafkaSerdesTester] (Thread-814) topic-1f2a928d_c004_48b9_bc59_2d743db1d55b 0 4 header {
  time {
  }
}
d1: 1.754494789253E12
s1: "a"
i1: 123
bi1: 1
point {
  longitude: 22.0
  latitude: 22.0
  altitude: 1.0
}

2025-08-06 15:39:52,816 INFO  [io.api.tes.ser.api.KafkaSerdesTester] (Thread-814) topic-1f2a928d_c004_48b9_bc59_2d743db1d55b 0 5 header {
  time {
  }
}
d1: 1.754494789311E12
s1: "a"
i1: 123
bi1: 1
point {
  longitude: 22.0
  latitude: 22.0
  altitude: 1.0
}

2025-08-06 15:39:52,816 INFO  [io.api.tes.ser.api.KafkaSerdesTester] (Thread-814) topic-1f2a928d_c004_48b9_bc59_2d743db1d55b 0 6 header {
  time {
  }
}
d1: 1.75449478937E12
s1: "a"
i1: 123
bi1: 1
point {
  longitude: 22.0
  latitude: 22.0
  altitude: 1.0
}

2025-08-06 15:39:52,816 INFO  [io.api.tes.ser.api.KafkaSerdesTester] (Thread-814) topic-1f2a928d_c004_48b9_bc59_2d743db1d55b 0 7 header {
  time {
  }
}
d1: 1.754494789426E12
s1: "a"
i1: 123
bi1: 1
point {
  longitude: 22.0
  latitude: 22.0
  altitude: 1.0
}

2025-08-06 15:39:52,816 INFO  [io.api.tes.ser.api.KafkaSerdesTester] (Thread-814) topic-1f2a928d_c004_48b9_bc59_2d743db1d55b 0 8 header {
  time {
  }
}
d1: 1.754494789481E12
s1: "a"
i1: 123
bi1: 1
point {
  longitude: 22.0
  latitude: 22.0
  altitude: 1.0
}

2025-08-06 15:39:52,816 INFO  [io.api.tes.ser.api.KafkaSerdesTester] (Thread-814) topic-1f2a928d_c004_48b9_bc59_2d743db1d55b 0 9 header {
  time {
  }
}
d1: 1.754494789539E12
s1: "a"
i1: 123
bi1: 1
point {
  longitude: 22.0
  latitude: 22.0
  altitude: 1.0
}

2025-08-06 15:39:52,816 INFO  [io.api.tes.ser.api.KafkaSerdesTester] (Thread-814) Consumed 10 messages
2025-08-06 15:39:52,823 INFO  [org.apa.kaf.cli.con.int.ConsumerRebalanceListenerInvoker] (Thread-814) [Consumer clientId=consumer-Consumer-topic-1f2a928d_c004_48b9_bc59_2d743db1d55b-30, groupId=Consumer-topic-1f2a928d_c004_48b9_bc59_2d743db1d55b] Revoke previously assigned partitions topic-1f2a928d_c004_48b9_bc59_2d743db1d55b-0
2025-08-06 15:39:52,823 INFO  [org.apa.kaf.cli.con.int.ConsumerCoordinator] (Thread-814) [Consumer clientId=consumer-Consumer-topic-1f2a928d_c004_48b9_bc59_2d743db1d55b-30, groupId=Consumer-topic-1f2a928d_c004_48b9_bc59_2d743db1d55b] Member consumer-Consumer-topic-1f2a928d_c004_48b9_bc59_2d743db1d55b-30-d38cf8e3-0292-4187-bf40-60b7e6c3b17e sending LeaveGroup request to coordinator localhost:32769 (id: 2147483647 rack: null) due to the consumer is being closed
2025-08-06 15:39:52,823 INFO  [org.apa.kaf.cli.con.int.ConsumerCoordinator] (Thread-814) [Consumer clientId=consumer-Consumer-topic-1f2a928d_c004_48b9_bc59_2d743db1d55b-30, groupId=Consumer-topic-1f2a928d_c004_48b9_bc59_2d743db1d55b] Resetting generation and member id due to: consumer pro-actively leaving the group
2025-08-06 15:39:52,823 INFO  [org.apa.kaf.cli.con.int.ConsumerCoordinator] (Thread-814) [Consumer clientId=consumer-Consumer-topic-1f2a928d_c004_48b9_bc59_2d743db1d55b-30, groupId=Consumer-topic-1f2a928d_c004_48b9_bc59_2d743db1d55b] Request joining group due to: consumer pro-actively leaving the group
2025-08-06 15:39:53,317 INFO  [org.apa.kaf.com.met.Metrics] (Thread-814) Metrics scheduler closed
2025-08-06 15:39:53,317 INFO  [org.apa.kaf.com.met.Metrics] (Thread-814) Closing reporter org.apache.kafka.common.metrics.JmxReporter
2025-08-06 15:39:53,317 INFO  [org.apa.kaf.com.met.Metrics] (Thread-814) Closing reporter org.apache.kafka.common.telemetry.internals.ClientTelemetryReporter
2025-08-06 15:39:53,317 INFO  [org.apa.kaf.com.met.Metrics] (Thread-814) Metrics reporters closed
2025-08-06 15:39:53,319 INFO  [org.apa.kaf.com.uti.AppInfoParser] (Thread-814) App info kafka.consumer for consumer-Consumer-topic-1f2a928d_c004_48b9_bc59_2d743db1d55b-30 unregistered
2025-08-06 15:39:53,351 INFO  [io.api.tes.uti.TestSeparator] (main) io.apicurio.tests.serdes.apicurio.ProtobufSerdeIT.testAutoRegisterDynamicMessageProtobufType-FINISHED
2025-08-06 15:39:53,351 INFO  [io.api.tes.uti.TestSeparator] (main) ############################################################################
Test passed: testAutoRegisterDynamicMessageProtobufType
]]></system-out>
  </testcase>
</testsuite>