<?xml version="1.0" encoding="UTF-8"?>
<testsuite xmlns:xsi="http://www.w3.org/2001/XMLSchema-instance" xsi:noNamespaceSchemaLocation="https://maven.apache.org/surefire/maven-failsafe-plugin/xsd/failsafe-test-report.xsd" version="3.0.2" name="io.apicurio.tests.serdes.apicurio.AvroSerdeIT" time="89.022" tests="21" errors="3" skipped="2" failures="0">
  <properties>
    <property name="java.specification.version" value="17"/>
    <property name="sun.jnu.encoding" value="UTF-8"/>
    <property name="java.class.path" value="/home/runner/work/apicurio-testing/apicurio-testing/clusters/ci419/namespaces/mysql/tests/integration/apicurio-registry/integration-tests/target/test-classes:/home/runner/work/apicurio-testing/apicurio-testing/clusters/ci419/namespaces/mysql/tests/integration/apicurio-registry/integration-tests/target/apicurio-registry-integration-tests-3.0.12-SNAPSHOT.jar:/home/runner/.m2/repository/io/quarkus/quarkus-junit5/3.20.2/quarkus-junit5-3.20.2.jar:/home/runner/.m2/repository/io/quarkus/quarkus-bootstrap-core/3.20.2/quarkus-bootstrap-core-3.20.2.jar:/home/runner/.m2/repository/io/quarkus/quarkus-classloader-commons/3.20.2/quarkus-classloader-commons-3.20.2.jar:/home/runner/.m2/repository/io/quarkus/quarkus-bootstrap-app-model/3.20.2/quarkus-bootstrap-app-model-3.20.2.jar:/home/runner/.m2/repository/io/smallrye/common/smallrye-common-io/2.12.0/smallrye-common-io-2.12.0.jar:/home/runner/.m2/repository/org/eclipse/sisu/org.eclipse.sisu.inject/0.9.0.M3/org.eclipse.sisu.inject-0.9.0.M3.jar:/home/runner/.m2/repository/io/quarkus/quarkus-test-common/3.20.2/quarkus-test-common-3.20.2.jar:/home/runner/.m2/repository/io/quarkus/quarkus-core-deployment/3.20.2/quarkus-core-deployment-3.20.2.jar:/home/runner/.m2/repository/org/aesh/readline/2.6/readline-2.6.jar:/home/runner/.m2/repository/org/fusesource/jansi/jansi/2.4.0/jansi-2.4.0.jar:/home/runner/.m2/repository/org/aesh/aesh/2.8.2/aesh-2.8.2.jar:/home/runner/.m2/repository/io/quarkus/gizmo/gizmo/1.8.0/gizmo-1.8.0.jar:/home/runner/.m2/repository/org/ow2/asm/asm-util/9.7.1/asm-util-9.7.1.jar:/home/runner/.m2/repository/org/ow2/asm/asm-analysis/9.7.1/asm-analysis-9.7.1.jar:/home/runner/.m2/repository/org/ow2/asm/asm-commons/9.7.1/asm-commons-9.7.1.jar:/home/runner/.m2/repository/org/ow2/asm/asm-tree/9.7.1/asm-tree-9.7.1.jar:/home/runner/.m2/repository/io/quarkus/quarkus-hibernate-validator-spi/3.20.2/quarkus-hibernate-validator-spi-3.20.2.jar:/home/runner/.m2/repository/io/quarkus/quarkus-class-change-agent/3.20.2/quarkus-class-change-agent-3.20.2.jar:/home/runner/.m2/repository/io/quarkus/quarkus-devtools-utilities/3.20.2/quarkus-devtools-utilities-3.20.2.jar:/home/runner/.m2/repository/io/quarkus/quarkus-builder/3.20.2/quarkus-builder-3.20.2.jar:/home/runner/.m2/repository/org/graalvm/sdk/nativeimage/23.1.2/nativeimage-23.1.2.jar:/home/runner/.m2/repository/org/graalvm/sdk/word/23.1.2/word-23.1.2.jar:/home/runner/.m2/repository/io/quarkus/quarkus-bootstrap-maven-resolver/3.20.2/quarkus-bootstrap-maven-resolver-3.20.2.jar:/home/runner/.m2/repository/io/smallrye/beanbag/smallrye-beanbag-maven/1.5.2/smallrye-beanbag-maven-1.5.2.jar:/home/runner/.m2/repository/io/smallrye/beanbag/smallrye-beanbag-sisu/1.5.2/smallrye-beanbag-sisu-1.5.2.jar:/home/runner/.m2/repository/io/smallrye/beanbag/smallrye-beanbag/1.5.2/smallrye-beanbag-1.5.2.jar:/home/runner/.m2/repository/javax/inject/javax.inject/1/javax.inject-1.jar:/home/runner/.m2/repository/org/apache/maven/maven-artifact/3.9.9/maven-artifact-3.9.9.jar:/home/runner/.m2/repository/org/apache/maven/maven-builder-support/3.9.9/maven-builder-support-3.9.9.jar:/home/runner/.m2/repository/org/apache/maven/maven-model/3.9.9/maven-model-3.9.9.jar:/home/runner/.m2/repository/org/apache/maven/maven-model-builder/3.9.9/maven-model-builder-3.9.9.jar:/home/runner/.m2/repository/org/apache/maven/maven-repository-metadata/3.9.9/maven-repository-metadata-3.9.9.jar:/home/runner/.m2/repository/org/apache/maven/maven-settings/3.9.9/maven-settings-3.9.9.jar:/home/runner/.m2/repository/org/apache/maven/resolver/maven-resolver-api/1.9.22/maven-resolver-api-1.9.22.jar:/home/runner/.m2/repository/org/apache/maven/resolver/maven-resolver-impl/1.9.22/maven-resolver-impl-1.9.22.jar:/home/runner/.m2/repository/org/apache/maven/resolver/maven-resolver-named-locks/1.9.22/maven-resolver-named-locks-1.9.22.jar:/home/runner/.m2/repository/org/apache/maven/resolver/maven-resolver-spi/1.9.22/maven-resolver-spi-1.9.22.jar:/home/runner/.m2/repository/org/apache/maven/resolver/maven-resolver-util/1.9.22/maven-resolver-util-1.9.22.jar:/home/runner/.m2/repository/org/apache/maven/resolver/maven-resolver-transport-http/1.9.20/maven-resolver-transport-http-1.9.20.jar:/home/runner/.m2/repository/org/apache/maven/wagon/wagon-provider-api/3.5.3/wagon-provider-api-3.5.3.jar:/home/runner/.m2/repository/org/apache/maven/wagon/wagon-http-shared/3.5.3/wagon-http-shared-3.5.3.jar:/home/runner/.m2/repository/org/codehaus/plexus/plexus-interpolation/1.26/plexus-interpolation-1.26.jar:/home/runner/.m2/repository/org/codehaus/plexus/plexus-utils/3.5.1/plexus-utils-3.5.1.jar:/home/runner/.m2/repository/org/codehaus/plexus/plexus-xml/4.0.1/plexus-xml-4.0.1.jar:/home/runner/.m2/repository/org/apache/maven/maven-xml-impl/4.0.0-alpha-5/maven-xml-impl-4.0.0-alpha-5.jar:/home/runner/.m2/repository/org/apache/maven/maven-api-xml/4.0.0-alpha-5/maven-api-xml-4.0.0-alpha-5.jar:/home/runner/.m2/repository/org/apache/maven/maven-api-meta/4.0.0-alpha-5/maven-api-meta-4.0.0-alpha-5.jar:/home/runner/.m2/repository/org/codehaus/plexus/plexus-cipher/2.0/plexus-cipher-2.0.jar:/home/runner/.m2/repository/org/codehaus/plexus/plexus-sec-dispatcher/2.0/plexus-sec-dispatcher-2.0.jar:/home/runner/.m2/repository/org/apache/maven/maven-embedder/3.9.9/maven-embedder-3.9.9.jar:/home/runner/.m2/repository/org/apache/maven/maven-core/3.9.9/maven-core-3.9.9.jar:/home/runner/.m2/repository/org/codehaus/plexus/plexus-component-annotations/2.1.0/plexus-component-annotations-2.1.0.jar:/home/runner/.m2/repository/org/apache/maven/maven-plugin-api/3.9.9/maven-plugin-api-3.9.9.jar:/home/runner/.m2/repository/org/apache/maven/shared/maven-shared-utils/3.4.2/maven-shared-utils-3.4.2.jar:/home/runner/.m2/repository/com/google/inject/guice/5.1.0/guice-5.1.0.jar:/home/runner/.m2/repository/aopalliance/aopalliance/1.0/aopalliance-1.0.jar:/home/runner/.m2/repository/org/codehaus/plexus/plexus-classworlds/2.6.0/plexus-classworlds-2.6.0.jar:/home/runner/.m2/repository/commons-cli/commons-cli/1.8.0/commons-cli-1.8.0.jar:/home/runner/.m2/repository/org/eclipse/sisu/org.eclipse.sisu.plexus/0.9.0.M3/org.eclipse.sisu.plexus-0.9.0.M3.jar:/home/runner/.m2/repository/org/apache/maven/maven-settings-builder/3.9.9/maven-settings-builder-3.9.9.jar:/home/runner/.m2/repository/org/apache/maven/maven-resolver-provider/3.9.9/maven-resolver-provider-3.9.9.jar:/home/runner/.m2/repository/org/apache/maven/resolver/maven-resolver-connector-basic/1.9.22/maven-resolver-connector-basic-1.9.22.jar:/home/runner/.m2/repository/org/apache/maven/resolver/maven-resolver-transport-wagon/1.9.22/maven-resolver-transport-wagon-1.9.22.jar:/home/runner/.m2/repository/org/apache/maven/wagon/wagon-http/3.5.3/wagon-http-3.5.3.jar:/home/runner/.m2/repository/org/apache/maven/wagon/wagon-file/3.5.3/wagon-file-3.5.3.jar:/home/runner/.m2/repository/io/quarkus/quarkus-bootstrap-gradle-resolver/3.20.2/quarkus-bootstrap-gradle-resolver-3.20.2.jar:/home/runner/.m2/repository/io/smallrye/jandex/3.3.0/jandex-3.3.0.jar:/home/runner/.m2/repository/org/jboss/logging/commons-logging-jboss-logging/1.0.0.Final/commons-logging-jboss-logging-1.0.0.Final.jar:/home/runner/.m2/repository/io/quarkus/quarkus-junit5-config/3.20.2/quarkus-junit5-config-3.20.2.jar:/home/runner/.m2/repository/org/junit/jupiter/junit-jupiter-api/5.12.1/junit-jupiter-api-5.12.1.jar:/home/runner/.m2/repository/io/smallrye/config/smallrye-config/3.11.4/smallrye-config-3.11.4.jar:/home/runner/.m2/repository/io/smallrye/config/smallrye-config-core/3.11.4/smallrye-config-core-3.11.4.jar:/home/runner/.m2/repository/io/smallrye/common/smallrye-common-classloader/2.12.0/smallrye-common-classloader-2.12.0.jar:/home/runner/.m2/repository/io/smallrye/config/smallrye-config-common/3.11.4/smallrye-config-common-3.11.4.jar:/home/runner/.m2/repository/org/junit/jupiter/junit-jupiter/5.12.1/junit-jupiter-5.12.1.jar:/home/runner/.m2/repository/org/junit/jupiter/junit-jupiter-params/5.12.1/junit-jupiter-params-5.12.1.jar:/home/runner/.m2/repository/org/junit/jupiter/junit-jupiter-engine/5.12.1/junit-jupiter-engine-5.12.1.jar:/home/runner/.m2/repository/io/quarkus/quarkus-core/3.20.2/quarkus-core-3.20.2.jar:/home/runner/.m2/repository/jakarta/enterprise/jakarta.enterprise.cdi-api/4.1.0/jakarta.enterprise.cdi-api-4.1.0.jar:/home/runner/.m2/repository/jakarta/enterprise/jakarta.enterprise.lang-model/4.1.0/jakarta.enterprise.lang-model-4.1.0.jar:/home/runner/.m2/repository/jakarta/el/jakarta.el-api/5.0.1/jakarta.el-api-5.0.1.jar:/home/runner/.m2/repository/jakarta/interceptor/jakarta.interceptor-api/2.2.0/jakarta.interceptor-api-2.2.0.jar:/home/runner/.m2/repository/jakarta/inject/jakarta.inject-api/2.0.1/jakarta.inject-api-2.0.1.jar:/home/runner/.m2/repository/io/smallrye/common/smallrye-common-os/2.12.0/smallrye-common-os-2.12.0.jar:/home/runner/.m2/repository/io/quarkus/quarkus-ide-launcher/3.20.2/quarkus-ide-launcher-3.20.2.jar:/home/runner/.m2/repository/io/quarkus/quarkus-development-mode-spi/3.20.2/quarkus-development-mode-spi-3.20.2.jar:/home/runner/.m2/repository/org/jboss/logging/jboss-logging/3.6.1.Final/jboss-logging-3.6.1.Final.jar:/home/runner/.m2/repository/org/jboss/logmanager/jboss-logmanager/3.1.2.Final/jboss-logmanager-3.1.2.Final.jar:/home/runner/.m2/repository/io/smallrye/common/smallrye-common-constraint/2.12.0/smallrye-common-constraint-2.12.0.jar:/home/runner/.m2/repository/io/smallrye/common/smallrye-common-cpu/2.12.0/smallrye-common-cpu-2.12.0.jar:/home/runner/.m2/repository/io/smallrye/common/smallrye-common-expression/2.12.0/smallrye-common-expression-2.12.0.jar:/home/runner/.m2/repository/io/smallrye/common/smallrye-common-net/2.12.0/smallrye-common-net-2.12.0.jar:/home/runner/.m2/repository/io/smallrye/common/smallrye-common-ref/2.12.0/smallrye-common-ref-2.12.0.jar:/home/runner/.m2/repository/jakarta/json/jakarta.json-api/2.1.3/jakarta.json-api-2.1.3.jar:/home/runner/.m2/repository/org/eclipse/parsson/parsson/1.1.7/parsson-1.1.7.jar:/home/runner/.m2/repository/org/jboss/logging/jboss-logging-annotations/3.0.4.Final/jboss-logging-annotations-3.0.4.Final.jar:/home/runner/.m2/repository/org/jboss/threads/jboss-threads/3.8.0.Final/jboss-threads-3.8.0.Final.jar:/home/runner/.m2/repository/io/smallrye/common/smallrye-common-annotation/2.12.0/smallrye-common-annotation-2.12.0.jar:/home/runner/.m2/repository/io/smallrye/common/smallrye-common-function/2.12.0/smallrye-common-function-2.12.0.jar:/home/runner/.m2/repository/org/jboss/slf4j/slf4j-jboss-logmanager/2.0.0.Final/slf4j-jboss-logmanager-2.0.0.Final.jar:/home/runner/.m2/repository/org/wildfly/common/wildfly-common/2.0.1/wildfly-common-2.0.1.jar:/home/runner/.m2/repository/io/quarkus/quarkus-bootstrap-runner/3.20.2/quarkus-bootstrap-runner-3.20.2.jar:/home/runner/.m2/repository/io/github/crac/org-crac/0.1.3/org-crac-0.1.3.jar:/home/runner/.m2/repository/io/quarkus/quarkus-fs-util/0.0.10/quarkus-fs-util-0.0.10.jar:/home/runner/.m2/repository/org/jboss/marshalling/jboss-marshalling/2.2.2.Final/jboss-marshalling-2.2.2.Final.jar:/home/runner/.m2/repository/io/fabric8/kubernetes-client/7.1.0/kubernetes-client-7.1.0.jar:/home/runner/.m2/repository/io/fabric8/kubernetes-client-api/7.1.0/kubernetes-client-api-7.1.0.jar:/home/runner/.m2/repository/io/fabric8/kubernetes-model-core/7.1.0/kubernetes-model-core-7.1.0.jar:/home/runner/.m2/repository/io/fabric8/kubernetes-model-common/7.1.0/kubernetes-model-common-7.1.0.jar:/home/runner/.m2/repository/javax/annotation/javax.annotation-api/1.3.2/javax.annotation-api-1.3.2.jar:/home/runner/.m2/repository/io/fabric8/kubernetes-model-gatewayapi/7.1.0/kubernetes-model-gatewayapi-7.1.0.jar:/home/runner/.m2/repository/io/fabric8/kubernetes-model-resource/7.1.0/kubernetes-model-resource-7.1.0.jar:/home/runner/.m2/repository/io/fabric8/kubernetes-model-rbac/7.1.0/kubernetes-model-rbac-7.1.0.jar:/home/runner/.m2/repository/io/fabric8/kubernetes-model-admissionregistration/7.1.0/kubernetes-model-admissionregistration-7.1.0.jar:/home/runner/.m2/repository/io/fabric8/kubernetes-model-apps/7.1.0/kubernetes-model-apps-7.1.0.jar:/home/runner/.m2/repository/io/fabric8/kubernetes-model-autoscaling/7.1.0/kubernetes-model-autoscaling-7.1.0.jar:/home/runner/.m2/repository/io/fabric8/kubernetes-model-apiextensions/7.1.0/kubernetes-model-apiextensions-7.1.0.jar:/home/runner/.m2/repository/io/fabric8/kubernetes-model-batch/7.1.0/kubernetes-model-batch-7.1.0.jar:/home/runner/.m2/repository/io/fabric8/kubernetes-model-certificates/7.1.0/kubernetes-model-certificates-7.1.0.jar:/home/runner/.m2/repository/io/fabric8/kubernetes-model-coordination/7.1.0/kubernetes-model-coordination-7.1.0.jar:/home/runner/.m2/repository/io/fabric8/kubernetes-model-discovery/7.1.0/kubernetes-model-discovery-7.1.0.jar:/home/runner/.m2/repository/io/fabric8/kubernetes-model-events/7.1.0/kubernetes-model-events-7.1.0.jar:/home/runner/.m2/repository/io/fabric8/kubernetes-model-extensions/7.1.0/kubernetes-model-extensions-7.1.0.jar:/home/runner/.m2/repository/io/fabric8/kubernetes-model-flowcontrol/7.1.0/kubernetes-model-flowcontrol-7.1.0.jar:/home/runner/.m2/repository/io/fabric8/kubernetes-model-networking/7.1.0/kubernetes-model-networking-7.1.0.jar:/home/runner/.m2/repository/io/fabric8/kubernetes-model-metrics/7.1.0/kubernetes-model-metrics-7.1.0.jar:/home/runner/.m2/repository/io/fabric8/kubernetes-model-policy/7.1.0/kubernetes-model-policy-7.1.0.jar:/home/runner/.m2/repository/io/fabric8/kubernetes-model-scheduling/7.1.0/kubernetes-model-scheduling-7.1.0.jar:/home/runner/.m2/repository/io/fabric8/kubernetes-model-storageclass/7.1.0/kubernetes-model-storageclass-7.1.0.jar:/home/runner/.m2/repository/io/fabric8/kubernetes-model-node/7.1.0/kubernetes-model-node-7.1.0.jar:/home/runner/.m2/repository/org/snakeyaml/snakeyaml-engine/2.9/snakeyaml-engine-2.9.jar:/home/runner/.m2/repository/com/fasterxml/jackson/dataformat/jackson-dataformat-yaml/2.18.2/jackson-dataformat-yaml-2.18.2.jar:/home/runner/.m2/repository/com/fasterxml/jackson/datatype/jackson-datatype-jsr310/2.18.2/jackson-datatype-jsr310-2.18.2.jar:/home/runner/.m2/repository/io/fabric8/zjsonpatch/7.1.0/zjsonpatch-7.1.0.jar:/home/runner/.m2/repository/io/fabric8/kubernetes-httpclient-vertx/7.1.0/kubernetes-httpclient-vertx-7.1.0.jar:/home/runner/.m2/repository/io/vertx/vertx-web-client/4.5.16/vertx-web-client-4.5.16.jar:/home/runner/.m2/repository/io/vertx/vertx-web-common/4.5.16/vertx-web-common-4.5.16.jar:/home/runner/.m2/repository/io/vertx/vertx-auth-common/4.5.16/vertx-auth-common-4.5.16.jar:/home/runner/.m2/repository/io/vertx/vertx-uri-template/4.5.16/vertx-uri-template-4.5.16.jar:/home/runner/.m2/repository/io/fabric8/openshift-client/7.1.0/openshift-client-7.1.0.jar:/home/runner/.m2/repository/io/fabric8/openshift-client-api/7.1.0/openshift-client-api-7.1.0.jar:/home/runner/.m2/repository/io/fabric8/openshift-model/7.1.0/openshift-model-7.1.0.jar:/home/runner/.m2/repository/io/fabric8/openshift-model-autoscaling/7.1.0/openshift-model-autoscaling-7.1.0.jar:/home/runner/.m2/repository/io/fabric8/openshift-model-operator/7.1.0/openshift-model-operator-7.1.0.jar:/home/runner/.m2/repository/io/fabric8/openshift-model-operatorhub/7.1.0/openshift-model-operatorhub-7.1.0.jar:/home/runner/.m2/repository/io/fabric8/openshift-model-machine/7.1.0/openshift-model-machine-7.1.0.jar:/home/runner/.m2/repository/io/fabric8/openshift-model-whereabouts/7.1.0/openshift-model-whereabouts-7.1.0.jar:/home/runner/.m2/repository/io/fabric8/openshift-model-monitoring/7.1.0/openshift-model-monitoring-7.1.0.jar:/home/runner/.m2/repository/io/fabric8/openshift-model-storageversionmigrator/7.1.0/openshift-model-storageversionmigrator-7.1.0.jar:/home/runner/.m2/repository/io/fabric8/openshift-model-tuned/7.1.0/openshift-model-tuned-7.1.0.jar:/home/runner/.m2/repository/io/fabric8/openshift-model-console/7.1.0/openshift-model-console-7.1.0.jar:/home/runner/.m2/repository/io/fabric8/openshift-model-config/7.1.0/openshift-model-config-7.1.0.jar:/home/runner/.m2/repository/io/fabric8/openshift-model-machineconfiguration/7.1.0/openshift-model-machineconfiguration-7.1.0.jar:/home/runner/.m2/repository/io/fabric8/openshift-model-miscellaneous/7.1.0/openshift-model-miscellaneous-7.1.0.jar:/home/runner/.m2/repository/io/fabric8/openshift-model-hive/7.1.0/openshift-model-hive-7.1.0.jar:/home/runner/.m2/repository/io/fabric8/openshift-model-installer/7.1.0/openshift-model-installer-7.1.0.jar:/home/runner/.m2/repository/org/junit/platform/junit-platform-launcher/1.12.1/junit-platform-launcher-1.12.1.jar:/home/runner/.m2/repository/org/junit/platform/junit-platform-engine/1.12.1/junit-platform-engine-1.12.1.jar:/home/runner/.m2/repository/org/opentest4j/opentest4j/1.3.0/opentest4j-1.3.0.jar:/home/runner/.m2/repository/org/junit/platform/junit-platform-commons/1.12.1/junit-platform-commons-1.12.1.jar:/home/runner/.m2/repository/org/apiguardian/apiguardian-api/1.1.2/apiguardian-api-1.1.2.jar:/home/runner/.m2/repository/jakarta/ws/rs/jakarta.ws.rs-api/3.1.0/jakarta.ws.rs-api-3.1.0.jar:/home/runner/work/apicurio-testing/apicurio-testing/clusters/ci419/namespaces/mysql/tests/integration/apicurio-registry/java-sdk/target/apicurio-registry-java-sdk-3.0.12-SNAPSHOT.jar:/home/runner/.m2/repository/com/microsoft/kiota/microsoft-kiota-abstractions/1.8.8/microsoft-kiota-abstractions-1.8.8.jar:/home/runner/.m2/repository/io/github/std-uritemplate/std-uritemplate/2.0.0/std-uritemplate-2.0.0.jar:/home/runner/.m2/repository/io/kiota/kiota-http-jdk/0.0.29/kiota-http-jdk-0.0.29.jar:/home/runner/.m2/repository/io/kiota/kiota-http-vertx/0.0.29/kiota-http-vertx-0.0.29.jar:/home/runner/.m2/repository/io/kiota/kiota-serialization-jackson/0.0.29/kiota-serialization-jackson-0.0.29.jar:/home/runner/.m2/repository/com/microsoft/kiota/microsoft-kiota-serialization-text/1.8.8/microsoft-kiota-serialization-text-1.8.8.jar:/home/runner/.m2/repository/com/microsoft/kiota/microsoft-kiota-serialization-form/1.8.8/microsoft-kiota-serialization-form-1.8.8.jar:/home/runner/.m2/repository/com/microsoft/kiota/microsoft-kiota-serialization-multipart/1.8.8/microsoft-kiota-serialization-multipart-1.8.8.jar:/home/runner/.m2/repository/jakarta/annotation/jakarta.annotation-api/3.0.0/jakarta.annotation-api-3.0.0.jar:/home/runner/.m2/repository/io/vertx/vertx-auth-oauth2/4.5.16/vertx-auth-oauth2-4.5.16.jar:/home/runner/work/apicurio-testing/apicurio-testing/clusters/ci419/namespaces/mysql/tests/integration/apicurio-registry/java-sdk-v2/target/apicurio-registry-v2-java-sdk-3.0.12-SNAPSHOT.jar:/home/runner/work/apicurio-testing/apicurio-testing/clusters/ci419/namespaces/mysql/tests/integration/apicurio-registry/utils/kafka/target/apicurio-registry-utils-kafka-3.0.12-SNAPSHOT-tests.jar:/home/runner/.m2/repository/org/eclipse/microprofile/config/microprofile-config-api/3.1/microprofile-config-api-3.1.jar:/home/runner/.m2/repository/org/apache/kafka/kafka-clients/3.9.1/kafka-clients-3.9.1.jar:/home/runner/.m2/repository/com/github/luben/zstd-jni/1.5.6-4/zstd-jni-1.5.6-4.jar:/home/runner/.m2/repository/org/lz4/lz4-java/1.8.0/lz4-java-1.8.0.jar:/home/runner/.m2/repository/org/xerial/snappy/snappy-java/1.1.10.5/snappy-java-1.1.10.5.jar:/home/runner/.m2/repository/org/slf4j/slf4j-api/2.0.6/slf4j-api-2.0.6.jar:/home/runner/work/apicurio-testing/apicurio-testing/clusters/ci419/namespaces/mysql/tests/integration/apicurio-registry/utils/tests/target/apicurio-registry-utils-tests-3.0.12-SNAPSHOT.jar:/home/runner/work/apicurio-testing/apicurio-testing/clusters/ci419/namespaces/mysql/tests/integration/apicurio-registry/common/target/apicurio-registry-common-3.0.12-SNAPSHOT.jar:/home/runner/.m2/repository/jakarta/validation/jakarta.validation-api/3.0.2/jakarta.validation-api-3.0.2.jar:/home/runner/.m2/repository/com/github/dasniko/testcontainers-keycloak/3.8.0/testcontainers-keycloak-3.8.0.jar:/home/runner/.m2/repository/org/testcontainers/testcontainers/1.20.6/testcontainers-1.20.6.jar:/home/runner/.m2/repository/org/rnorth/duct-tape/duct-tape/1.0.8/duct-tape-1.0.8.jar:/home/runner/.m2/repository/com/github/docker-java/docker-java-transport-zerodep/3.4.1/docker-java-transport-zerodep-3.4.1.jar:/home/runner/.m2/repository/com/github/docker-java/docker-java-transport/3.4.1/docker-java-transport-3.4.1.jar:/home/runner/.m2/repository/net/java/dev/jna/jna/5.8.0/jna-5.8.0.jar:/home/runner/.m2/repository/io/quarkus/quarkus-junit4-mock/3.20.2/quarkus-junit4-mock-3.20.2.jar:/home/runner/.m2/repository/org/jboss/shrinkwrap/shrinkwrap-api/2.0.0-beta-2/shrinkwrap-api-2.0.0-beta-2.jar:/home/runner/.m2/repository/org/jboss/shrinkwrap/shrinkwrap-impl-base/2.0.0-beta-2/shrinkwrap-impl-base-2.0.0-beta-2.jar:/home/runner/.m2/repository/org/jboss/shrinkwrap/shrinkwrap-spi/2.0.0-beta-2/shrinkwrap-spi-2.0.0-beta-2.jar:/home/runner/.m2/repository/org/keycloak/keycloak-admin-client/26.0.4/keycloak-admin-client-26.0.4.jar:/home/runner/.m2/repository/org/keycloak/keycloak-client-common-synced/26.0.4/keycloak-client-common-synced-26.0.4.jar:/home/runner/.m2/repository/jakarta/activation/jakarta.activation-api/2.1.3/jakarta.activation-api-2.1.3.jar:/home/runner/.m2/repository/org/eclipse/microprofile/openapi/microprofile-openapi-api/4.0.2/microprofile-openapi-api-4.0.2.jar:/home/runner/.m2/repository/org/jboss/resteasy/resteasy-client/6.2.12.Final/resteasy-client-6.2.12.Final.jar:/home/runner/.m2/repository/org/jboss/resteasy/resteasy-client-api/6.2.12.Final/resteasy-client-api-6.2.12.Final.jar:/home/runner/.m2/repository/org/jboss/resteasy/resteasy-core-spi/6.2.12.Final/resteasy-core-spi-6.2.12.Final.jar:/home/runner/.m2/repository/org/jboss/resteasy/resteasy-core/6.2.12.Final/resteasy-core-6.2.12.Final.jar:/home/runner/.m2/repository/org/eclipse/angus/angus-activation/2.0.2/angus-activation-2.0.2.jar:/home/runner/.m2/repository/com/ibm/async/asyncutil/0.1.0/asyncutil-0.1.0.jar:/home/runner/.m2/repository/org/reactivestreams/reactive-streams/1.0.4/reactive-streams-1.0.4.jar:/home/runner/.m2/repository/org/jboss/resteasy/resteasy-multipart-provider/6.2.12.Final/resteasy-multipart-provider-6.2.12.Final.jar:/home/runner/.m2/repository/jakarta/mail/jakarta.mail-api/2.1.3/jakarta.mail-api-2.1.3.jar:/home/runner/.m2/repository/org/eclipse/angus/angus-mail/2.0.3/angus-mail-2.0.3.jar:/home/runner/.m2/repository/org/apache/james/apache-mime4j-dom/0.8.12/apache-mime4j-dom-0.8.12.jar:/home/runner/.m2/repository/org/apache/james/apache-mime4j-core/0.8.12/apache-mime4j-core-0.8.12.jar:/home/runner/.m2/repository/org/apache/james/apache-mime4j-storage/0.8.12/apache-mime4j-storage-0.8.12.jar:/home/runner/.m2/repository/org/jboss/resteasy/resteasy-jackson2-provider/6.2.12.Final/resteasy-jackson2-provider-6.2.12.Final.jar:/home/runner/.m2/repository/com/fasterxml/jackson/jakarta/rs/jackson-jakarta-rs-base/2.18.2/jackson-jakarta-rs-base-2.18.2.jar:/home/runner/.m2/repository/com/fasterxml/jackson/jakarta/rs/jackson-jakarta-rs-json-provider/2.18.2/jackson-jakarta-rs-json-provider-2.18.2.jar:/home/runner/.m2/repository/com/fasterxml/jackson/module/jackson-module-jakarta-xmlbind-annotations/2.18.2/jackson-module-jakarta-xmlbind-annotations-2.18.2.jar:/home/runner/.m2/repository/com/github/java-json-tools/json-patch/1.13/json-patch-1.13.jar:/home/runner/.m2/repository/com/github/java-json-tools/msg-simple/1.2/msg-simple-1.2.jar:/home/runner/.m2/repository/com/github/java-json-tools/btf/1.3/btf-1.3.jar:/home/runner/.m2/repository/com/github/java-json-tools/jackson-coreutils/2.0/jackson-coreutils-2.0.jar:/home/runner/.m2/repository/org/jboss/resteasy/resteasy-jaxb-provider/6.2.12.Final/resteasy-jaxb-provider-6.2.12.Final.jar:/home/runner/.m2/repository/org/glassfish/jaxb/codemodel/4.0.5/codemodel-4.0.5.jar:/home/runner/.m2/repository/org/glassfish/jaxb/jaxb-core/4.0.5/jaxb-core-4.0.5.jar:/home/runner/.m2/repository/org/glassfish/jaxb/jaxb-jxc/4.0.5/jaxb-jxc-4.0.5.jar:/home/runner/.m2/repository/org/glassfish/jaxb/jaxb-runtime/4.0.5/jaxb-runtime-4.0.5.jar:/home/runner/.m2/repository/org/glassfish/jaxb/txw2/4.0.5/txw2-4.0.5.jar:/home/runner/.m2/repository/org/glassfish/jaxb/jaxb-xjc/4.0.5/jaxb-xjc-4.0.5.jar:/home/runner/.m2/repository/org/glassfish/jaxb/xsom/4.0.5/xsom-4.0.5.jar:/home/runner/.m2/repository/com/sun/istack/istack-commons-runtime/4.1.2/istack-commons-runtime-4.1.2.jar:/home/runner/.m2/repository/com/sun/istack/istack-commons-tools/4.1.2/istack-commons-tools-4.1.2.jar:/home/runner/.m2/repository/com/sun/xml/bind/external/relaxng-datatype/4.0.5/relaxng-datatype-4.0.5.jar:/home/runner/.m2/repository/com/sun/xml/bind/external/rngom/4.0.5/rngom-4.0.5.jar:/home/runner/.m2/repository/org/testcontainers/mssqlserver/1.20.6/mssqlserver-1.20.6.jar:/home/runner/.m2/repository/org/testcontainers/jdbc/1.20.6/jdbc-1.20.6.jar:/home/runner/.m2/repository/org/testcontainers/database-commons/1.20.6/database-commons-1.20.6.jar:/home/runner/.m2/repository/org/testcontainers/mysql/1.20.6/mysql-1.20.6.jar:/home/runner/.m2/repository/io/strimzi/strimzi-test-container/0.111.0/strimzi-test-container-0.111.0.jar:/home/runner/.m2/repository/org/testcontainers/toxiproxy/1.20.6/toxiproxy-1.20.6.jar:/home/runner/.m2/repository/com/github/docker-java/docker-java-api/3.4.1/docker-java-api-3.4.1.jar:/home/runner/.m2/repository/org/apache/logging/log4j/log4j-slf4j-impl/2.19.0/log4j-slf4j-impl-2.19.0.jar:/home/runner/.m2/repository/org/apache/logging/log4j/log4j-api/2.24.3/log4j-api-2.24.3.jar:/home/runner/.m2/repository/org/apache/logging/log4j/log4j-core/2.19.0/log4j-core-2.19.0.jar:/home/runner/.m2/repository/eu/rekawek/toxiproxy/toxiproxy-java/2.1.7/toxiproxy-java-2.1.7.jar:/home/runner/.m2/repository/org/testcontainers/pulsar/1.21.3/pulsar-1.21.3.jar:/home/runner/.m2/repository/io/debezium/debezium-testing-testcontainers/2.7.4.Final/debezium-testing-testcontainers-2.7.4.Final.jar:/home/runner/.m2/repository/org/testcontainers/kafka/1.20.6/kafka-1.20.6.jar:/home/runner/.m2/repository/com/squareup/okhttp3/okhttp/4.8.1/okhttp-4.8.1.jar:/home/runner/.m2/repository/com/squareup/okio/okio/3.10.2/okio-3.10.2.jar:/home/runner/.m2/repository/com/squareup/okio/okio-jvm/3.10.2/okio-jvm-3.10.2.jar:/home/runner/.m2/repository/org/jetbrains/kotlin/kotlin-stdlib/2.0.21/kotlin-stdlib-2.0.21.jar:/home/runner/.m2/repository/org/awaitility/awaitility/4.3.0/awaitility-4.3.0.jar:/home/runner/.m2/repository/org/testcontainers/mongodb/1.20.6/mongodb-1.20.6.jar:/home/runner/.m2/repository/org/testcontainers/mariadb/1.20.6/mariadb-1.20.6.jar:/home/runner/.m2/repository/org/testcontainers/oracle-xe/1.20.6/oracle-xe-1.20.6.jar:/home/runner/.m2/repository/org/testcontainers/postgresql/1.20.6/postgresql-1.20.6.jar:/home/runner/.m2/repository/org/wiremock/wiremock/3.0.1/wiremock-3.0.1.jar:/home/runner/.m2/repository/org/eclipse/jetty/jetty-server/11.0.15/jetty-server-11.0.15.jar:/home/runner/.m2/repository/org/eclipse/jetty/toolchain/jetty-jakarta-servlet-api/5.0.2/jetty-jakarta-servlet-api-5.0.2.jar:/home/runner/.m2/repository/org/eclipse/jetty/jetty-http/11.0.15/jetty-http-11.0.15.jar:/home/runner/.m2/repository/org/eclipse/jetty/jetty-io/11.0.15/jetty-io-11.0.15.jar:/home/runner/.m2/repository/org/eclipse/jetty/jetty-servlet/11.0.15/jetty-servlet-11.0.15.jar:/home/runner/.m2/repository/org/eclipse/jetty/jetty-security/11.0.15/jetty-security-11.0.15.jar:/home/runner/.m2/repository/org/eclipse/jetty/jetty-servlets/11.0.15/jetty-servlets-11.0.15.jar:/home/runner/.m2/repository/org/eclipse/jetty/jetty-util/11.0.15/jetty-util-11.0.15.jar:/home/runner/.m2/repository/org/eclipse/jetty/jetty-webapp/11.0.15/jetty-webapp-11.0.15.jar:/home/runner/.m2/repository/org/eclipse/jetty/jetty-xml/11.0.15/jetty-xml-11.0.15.jar:/home/runner/.m2/repository/org/eclipse/jetty/jetty-proxy/11.0.15/jetty-proxy-11.0.15.jar:/home/runner/.m2/repository/org/eclipse/jetty/jetty-client/11.0.15/jetty-client-11.0.15.jar:/home/runner/.m2/repository/org/eclipse/jetty/http2/http2-server/11.0.15/http2-server-11.0.15.jar:/home/runner/.m2/repository/org/eclipse/jetty/http2/http2-common/11.0.15/http2-common-11.0.15.jar:/home/runner/.m2/repository/org/eclipse/jetty/http2/http2-hpack/11.0.15/http2-hpack-11.0.15.jar:/home/runner/.m2/repository/org/eclipse/jetty/jetty-alpn-server/11.0.15/jetty-alpn-server-11.0.15.jar:/home/runner/.m2/repository/org/eclipse/jetty/jetty-alpn-java-server/11.0.15/jetty-alpn-java-server-11.0.15.jar:/home/runner/.m2/repository/org/eclipse/jetty/jetty-alpn-java-client/11.0.15/jetty-alpn-java-client-11.0.15.jar:/home/runner/.m2/repository/org/eclipse/jetty/jetty-alpn-client/11.0.15/jetty-alpn-client-11.0.15.jar:/home/runner/.m2/repository/org/apache/httpcomponents/client5/httpclient5/5.2.1/httpclient5-5.2.1.jar:/home/runner/.m2/repository/org/apache/httpcomponents/core5/httpcore5/5.2/httpcore5-5.2.jar:/home/runner/.m2/repository/org/apache/httpcomponents/core5/httpcore5-h2/5.2/httpcore5-h2-5.2.jar:/home/runner/.m2/repository/org/xmlunit/xmlunit-core/2.9.1/xmlunit-core-2.9.1.jar:/home/runner/.m2/repository/jakarta/xml/bind/jakarta.xml.bind-api/4.0.2/jakarta.xml.bind-api-4.0.2.jar:/home/runner/.m2/repository/org/xmlunit/xmlunit-legacy/2.9.1/xmlunit-legacy-2.9.1.jar:/home/runner/.m2/repository/org/xmlunit/xmlunit-placeholders/2.9.1/xmlunit-placeholders-2.9.1.jar:/home/runner/.m2/repository/net/javacrumbs/json-unit/json-unit-core/2.38.0/json-unit-core-2.38.0.jar:/home/runner/.m2/repository/org/hamcrest/hamcrest-core/2.2/hamcrest-core-2.2.jar:/home/runner/.m2/repository/com/jayway/jsonpath/json-path/2.8.0/json-path-2.8.0.jar:/home/runner/.m2/repository/net/minidev/json-smart/2.4.10/json-smart-2.4.10.jar:/home/runner/.m2/repository/net/minidev/accessors-smart/2.4.9/accessors-smart-2.4.9.jar:/home/runner/.m2/repository/org/ow2/asm/asm/9.7.1/asm-9.7.1.jar:/home/runner/.m2/repository/net/sf/jopt-simple/jopt-simple/5.0.4/jopt-simple-5.0.4.jar:/home/runner/.m2/repository/com/github/jknack/handlebars/4.3.1/handlebars-4.3.1.jar:/home/runner/.m2/repository/com/github/jknack/handlebars-helpers/4.3.1/handlebars-helpers-4.3.1.jar:/home/runner/.m2/repository/commons-fileupload/commons-fileupload/1.5/commons-fileupload-1.5.jar:/home/runner/.m2/repository/com/networknt/json-schema-validator/1.5.8/json-schema-validator-1.5.8.jar:/home/runner/.m2/repository/com/ethlo/time/itu/1.10.3/itu-1.10.3.jar:/home/runner/.m2/repository/io/quarkus/quarkus-smallrye-jwt-build/3.20.2/quarkus-smallrye-jwt-build-3.20.2.jar:/home/runner/.m2/repository/io/smallrye/smallrye-jwt-build/4.6.2/smallrye-jwt-build-4.6.2.jar:/home/runner/.m2/repository/org/eclipse/microprofile/jwt/microprofile-jwt-auth-api/2.1/microprofile-jwt-auth-api-2.1.jar:/home/runner/.m2/repository/org/bitbucket/b_c/jose4j/0.9.6/jose4j-0.9.6.jar:/home/runner/.m2/repository/io/smallrye/smallrye-jwt-common/4.6.2/smallrye-jwt-common-4.6.2.jar:/home/runner/.m2/repository/io/quarkus/quarkus-jsonp/3.20.2/quarkus-jsonp-3.20.2.jar:/home/runner/.m2/repository/io/quarkus/quarkus-arc/3.20.2/quarkus-arc-3.20.2.jar:/home/runner/.m2/repository/io/quarkus/arc/arc/3.20.2/arc-3.20.2.jar:/home/runner/.m2/repository/jakarta/transaction/jakarta.transaction-api/2.0.1/jakarta.transaction-api-2.0.1.jar:/home/runner/.m2/repository/io/smallrye/reactive/mutiny/2.9.2/mutiny-2.9.2.jar:/home/runner/.m2/repository/org/jctools/jctools-core/4.0.5/jctools-core-4.0.5.jar:/home/runner/.m2/repository/org/eclipse/microprofile/context-propagation/microprofile-context-propagation-api/1.3/microprofile-context-propagation-api-1.3.jar:/home/runner/.m2/repository/io/apicurio/apicurio-common-rest-client-common/0.1.18.Final/apicurio-common-rest-client-common-0.1.18.Final.jar:/home/runner/work/apicurio-testing/apicurio-testing/clusters/ci419/namespaces/mysql/tests/integration/apicurio-registry/utils/maven-plugin/target/apicurio-registry-maven-plugin-3.0.12-SNAPSHOT.jar:/home/runner/.m2/repository/com/fasterxml/jackson/core/jackson-databind/2.18.2/jackson-databind-2.18.2.jar:/home/runner/.m2/repository/org/apache/avro/avro/1.12.0/avro-1.12.0.jar:/home/runner/.m2/repository/com/google/protobuf/protobuf-java/4.31.1/protobuf-java-4.31.1.jar:/home/runner/.m2/repository/com/google/protobuf/protobuf-java-util/4.31.1/protobuf-java-util-4.31.1.jar:/home/runner/.m2/repository/com/google/code/findbugs/jsr305/3.0.2/jsr305-3.0.2.jar:/home/runner/.m2/repository/com/google/code/gson/gson/2.12.1/gson-2.12.1.jar:/home/runner/.m2/repository/com/google/errorprone/error_prone_annotations/2.36.0/error_prone_annotations-2.36.0.jar:/home/runner/.m2/repository/com/google/j2objc/j2objc-annotations/2.8/j2objc-annotations-2.8.jar:/home/runner/work/apicurio-testing/apicurio-testing/clusters/ci419/namespaces/mysql/tests/integration/apicurio-registry/schema-util/util-provider/target/apicurio-registry-schema-util-provider-3.0.12-SNAPSHOT.jar:/home/runner/work/apicurio-testing/apicurio-testing/clusters/ci419/namespaces/mysql/tests/integration/apicurio-registry/schema-util/common/target/apicurio-registry-schema-util-common-3.0.12-SNAPSHOT.jar:/home/runner/.m2/repository/com/fasterxml/jackson/module/jackson-module-parameter-names/2.18.2/jackson-module-parameter-names-2.18.2.jar:/home/runner/.m2/repository/com/fasterxml/jackson/datatype/jackson-datatype-json-org/2.18.2/jackson-datatype-json-org-2.18.2.jar:/home/runner/work/apicurio-testing/apicurio-testing/clusters/ci419/namespaces/mysql/tests/integration/apicurio-registry/schema-util/json/target/apicurio-registry-schema-util-json-3.0.12-SNAPSHOT.jar:/home/runner/.m2/repository/com/github/erosb/everit-json-schema/1.14.5/everit-json-schema-1.14.5.jar:/home/runner/.m2/repository/commons-validator/commons-validator/1.9.0/commons-validator-1.9.0.jar:/home/runner/.m2/repository/commons-digester/commons-digester/2.1/commons-digester-2.1.jar:/home/runner/.m2/repository/commons-collections/commons-collections/3.2.2/commons-collections-3.2.2.jar:/home/runner/.m2/repository/com/damnhandy/handy-uri-templates/2.1.8/handy-uri-templates-2.1.8.jar:/home/runner/.m2/repository/joda-time/joda-time/2.10.2/joda-time-2.10.2.jar:/home/runner/.m2/repository/com/github/erosb/json-sKema/0.20.0/json-sKema-0.20.0.jar:/home/runner/.m2/repository/io/vertx/vertx-json-schema/4.5.16/vertx-json-schema-4.5.16.jar:/home/runner/work/apicurio-testing/apicurio-testing/clusters/ci419/namespaces/mysql/tests/integration/apicurio-registry/schema-util/protobuf/target/apicurio-registry-schema-util-protobuf-3.0.12-SNAPSHOT.jar:/home/runner/work/apicurio-testing/apicurio-testing/clusters/ci419/namespaces/mysql/tests/integration/apicurio-registry/utils/protobuf-schema-utilities/target/apicurio-registry-protobuf-schema-utilities-3.0.12-SNAPSHOT.jar:/home/runner/.m2/repository/com/google/api/grpc/proto-google-common-protos/2.52.0/proto-google-common-protos-2.52.0.jar:/home/runner/.m2/repository/com/squareup/wire/wire-schema-jvm/5.3.3/wire-schema-jvm-5.3.3.jar:/home/runner/.m2/repository/com/palantir/javapoet/javapoet/0.6.0/javapoet-0.6.0.jar:/home/runner/.m2/repository/com/squareup/kotlinpoet-jvm/2.0.0/kotlinpoet-jvm-2.0.0.jar:/home/runner/.m2/repository/org/jetbrains/kotlin/kotlin-reflect/2.0.21/kotlin-reflect-2.0.21.jar:/home/runner/.m2/repository/com/squareup/wire/wire-runtime-jvm/5.3.3/wire-runtime-jvm-5.3.3.jar:/home/runner/.m2/repository/com/ibm/icu/icu4j/76.1/icu4j-76.1.jar:/home/runner/.m2/repository/com/squareup/okio/okio-fakefilesystem/3.10.2/okio-fakefilesystem-3.10.2.jar:/home/runner/.m2/repository/com/squareup/okio/okio-fakefilesystem-jvm/3.10.2/okio-fakefilesystem-jvm-3.10.2.jar:/home/runner/.m2/repository/org/jetbrains/kotlinx/kotlinx-datetime-jvm/0.6.1/kotlinx-datetime-jvm-0.6.1.jar:/home/runner/work/apicurio-testing/apicurio-testing/clusters/ci419/namespaces/mysql/tests/integration/apicurio-registry/schema-util/asyncapi/target/apicurio-registry-schema-util-asyncapi-3.0.12-SNAPSHOT.jar:/home/runner/work/apicurio-testing/apicurio-testing/clusters/ci419/namespaces/mysql/tests/integration/apicurio-registry/schema-util/avro/target/apicurio-registry-schema-util-avro-3.0.12-SNAPSHOT.jar:/home/runner/work/apicurio-testing/apicurio-testing/clusters/ci419/namespaces/mysql/tests/integration/apicurio-registry/schema-util/graphql/target/apicurio-registry-schema-util-graphql-3.0.12-SNAPSHOT.jar:/home/runner/.m2/repository/com/graphql-java/graphql-java/22.4/graphql-java-22.4.jar:/home/runner/.m2/repository/com/graphql-java/java-dataloader/3.3.0/java-dataloader-3.3.0.jar:/home/runner/work/apicurio-testing/apicurio-testing/clusters/ci419/namespaces/mysql/tests/integration/apicurio-registry/schema-util/kconnect/target/apicurio-registry-schema-util-kconnect-3.0.12-SNAPSHOT.jar:/home/runner/work/apicurio-testing/apicurio-testing/clusters/ci419/namespaces/mysql/tests/integration/apicurio-registry/schema-util/openapi/target/apicurio-registry-schema-util-openapi-3.0.12-SNAPSHOT.jar:/home/runner/.m2/repository/io/apicurio/apicurio-data-models/2.2.2/apicurio-data-models-2.2.2.jar:/home/runner/.m2/repository/org/openapitools/openapidiff/openapi-diff-core/2.1.2/openapi-diff-core-2.1.2.jar:/home/runner/.m2/repository/io/swagger/parser/v3/swagger-parser/2.1.28/swagger-parser-2.1.28.jar:/home/runner/.m2/repository/io/swagger/parser/v3/swagger-parser-v2-converter/2.1.28/swagger-parser-v2-converter-2.1.28.jar:/home/runner/.m2/repository/io/swagger/swagger-core/1.6.16/swagger-core-1.6.16.jar:/home/runner/.m2/repository/io/swagger/swagger-models/1.6.16/swagger-models-1.6.16.jar:/home/runner/.m2/repository/io/swagger/swagger-annotations/1.6.16/swagger-annotations-1.6.16.jar:/home/runner/.m2/repository/io/swagger/swagger-parser/1.0.75/swagger-parser-1.0.75.jar:/home/runner/.m2/repository/io/swagger/swagger-parser-safe-url-resolver/1.0.75/swagger-parser-safe-url-resolver-1.0.75.jar:/home/runner/.m2/repository/io/swagger/swagger-compat-spec-parser/1.0.75/swagger-compat-spec-parser-1.0.75.jar:/home/runner/.m2/repository/com/github/java-json-tools/json-schema-validator/2.2.14/json-schema-validator-2.2.14.jar:/home/runner/.m2/repository/com/github/java-json-tools/jackson-coreutils-equivalence/1.0/jackson-coreutils-equivalence-1.0.jar:/home/runner/.m2/repository/com/github/java-json-tools/json-schema-core/1.2.14/json-schema-core-1.2.14.jar:/home/runner/.m2/repository/com/github/java-json-tools/uri-template/0.10/uri-template-0.10.jar:/home/runner/.m2/repository/com/googlecode/libphonenumber/libphonenumber/8.11.1/libphonenumber-8.11.1.jar:/home/runner/.m2/repository/com/j2html/j2html/1.6.0/j2html-1.6.0.jar:/home/runner/.m2/repository/org/apache/commons/commons-collections4/4.5.0/commons-collections4-4.5.0.jar:/home/runner/.m2/repository/org/slf4j/jcl-over-slf4j/2.0.17/jcl-over-slf4j-2.0.17.jar:/home/runner/.m2/repository/io/swagger/parser/v3/swagger-parser-v3/2.1.31/swagger-parser-v3-2.1.31.jar:/home/runner/.m2/repository/io/swagger/core/v3/swagger-models/2.2.34/swagger-models-2.2.34.jar:/home/runner/.m2/repository/io/swagger/core/v3/swagger-core/2.2.34/swagger-core-2.2.34.jar:/home/runner/.m2/repository/io/swagger/parser/v3/swagger-parser-core/2.1.31/swagger-parser-core-2.1.31.jar:/home/runner/.m2/repository/io/swagger/parser/v3/swagger-parser-safe-url-resolver/2.1.31/swagger-parser-safe-url-resolver-2.1.31.jar:/home/runner/work/apicurio-testing/apicurio-testing/clusters/ci419/namespaces/mysql/tests/integration/apicurio-registry/schema-util/wsdl/target/apicurio-registry-schema-util-wsdl-3.0.12-SNAPSHOT.jar:/home/runner/.m2/repository/wsdl4j/wsdl4j/1.6.3/wsdl4j-1.6.3.jar:/home/runner/work/apicurio-testing/apicurio-testing/clusters/ci419/namespaces/mysql/tests/integration/apicurio-registry/schema-util/xml/target/apicurio-registry-schema-util-xml-3.0.12-SNAPSHOT.jar:/home/runner/.m2/repository/org/apache/santuario/xmlsec/4.0.4/xmlsec-4.0.4.jar:/home/runner/.m2/repository/com/fasterxml/woodstox/woodstox-core/7.1.1/woodstox-core-7.1.1.jar:/home/runner/.m2/repository/org/codehaus/woodstox/stax2-api/4.2.2/stax2-api-4.2.2.jar:/home/runner/work/apicurio-testing/apicurio-testing/clusters/ci419/namespaces/mysql/tests/integration/apicurio-registry/schema-util/xsd/target/apicurio-registry-schema-util-xsd-3.0.12-SNAPSHOT.jar:/home/runner/work/apicurio-testing/apicurio-testing/clusters/ci419/namespaces/mysql/tests/integration/apicurio-registry/serdes/kafka/jsonschema-serde/target/apicurio-registry-jsonschema-serde-kafka-3.0.12-SNAPSHOT.jar:/home/runner/work/apicurio-testing/apicurio-testing/clusters/ci419/namespaces/mysql/tests/integration/apicurio-registry/serdes/kafka/serde-kafka-common/target/apicurio-registry-serde-kafka-common-3.0.12-SNAPSHOT.jar:/home/runner/work/apicurio-testing/apicurio-testing/clusters/ci419/namespaces/mysql/tests/integration/apicurio-registry/serdes/generic/serde-common/target/apicurio-registry-serde-common-3.0.12-SNAPSHOT.jar:/home/runner/work/apicurio-testing/apicurio-testing/clusters/ci419/namespaces/mysql/tests/integration/apicurio-registry/serdes/generic/serde-common-jsonschema/target/apicurio-registry-serde-common-jsonschema-3.0.12-SNAPSHOT.jar:/home/runner/.m2/repository/org/json/json/20250107/json-20250107.jar:/home/runner/work/apicurio-testing/apicurio-testing/clusters/ci419/namespaces/mysql/tests/integration/apicurio-registry/serdes/kafka/avro-serde/target/apicurio-registry-avro-serde-kafka-3.0.12-SNAPSHOT.jar:/home/runner/work/apicurio-testing/apicurio-testing/clusters/ci419/namespaces/mysql/tests/integration/apicurio-registry/serdes/generic/serde-common-avro/target/apicurio-registry-serde-common-avro-3.0.12-SNAPSHOT.jar:/home/runner/work/apicurio-testing/apicurio-testing/clusters/ci419/namespaces/mysql/tests/integration/apicurio-registry/serdes/kafka/protobuf-serde/target/apicurio-registry-protobuf-serde-kafka-3.0.12-SNAPSHOT.jar:/home/runner/work/apicurio-testing/apicurio-testing/clusters/ci419/namespaces/mysql/tests/integration/apicurio-registry/serdes/generic/serde-common-protobuf/target/apicurio-registry-serde-common-protobuf-3.0.12-SNAPSHOT.jar:/home/runner/.m2/repository/com/squareup/wire/wire-schema/5.3.3/wire-schema-5.3.3.jar:/home/runner/.m2/repository/com/squareup/wire/wire-runtime/5.3.3/wire-runtime-5.3.3.jar:/home/runner/work/apicurio-testing/apicurio-testing/clusters/ci419/namespaces/mysql/tests/integration/apicurio-registry/serdes/pulsar/avro-serde/target/apicurio-registry-avro-serde-pulsar-3.0.12-SNAPSHOT.jar:/home/runner/.m2/repository/org/apache/pulsar/pulsar-functions-api/3.3.8/pulsar-functions-api-3.3.8.jar:/home/runner/work/apicurio-testing/apicurio-testing/clusters/ci419/namespaces/mysql/tests/integration/apicurio-registry/serdes/nats/avro-serde/target/apicurio-registry-avro-serde-nats-3.0.12-SNAPSHOT.jar:/home/runner/.m2/repository/io/nats/jnats/2.21.4/jnats-2.21.4.jar:/home/runner/.m2/repository/org/bouncycastle/bcprov-lts8on/2.73.7/bcprov-lts8on-2.73.7.jar:/home/runner/.m2/repository/org/jetbrains/annotations/26.0.2/annotations-26.0.2.jar:/home/runner/work/apicurio-testing/apicurio-testing/clusters/ci419/namespaces/mysql/tests/integration/apicurio-registry/utils/converter/target/apicurio-registry-utils-converter-3.0.12-SNAPSHOT.jar:/home/runner/work/apicurio-testing/apicurio-testing/clusters/ci419/namespaces/mysql/tests/integration/apicurio-registry/schema-resolver/target/apicurio-registry-schema-resolver-3.0.12-SNAPSHOT.jar:/home/runner/.m2/repository/org/apache/kafka/connect-api/3.9.1/connect-api-3.9.1.jar:/home/runner/.m2/repository/javax/ws/rs/javax.ws.rs-api/2.1.1/javax.ws.rs-api-2.1.1.jar:/home/runner/.m2/repository/org/apache/kafka/connect-json/3.9.1/connect-json-3.9.1.jar:/home/runner/.m2/repository/com/fasterxml/jackson/datatype/jackson-datatype-jdk8/2.18.2/jackson-datatype-jdk8-2.18.2.jar:/home/runner/.m2/repository/com/fasterxml/jackson/module/jackson-module-afterburner/2.18.2/jackson-module-afterburner-2.18.2.jar:/home/runner/work/apicurio-testing/apicurio-testing/clusters/ci419/namespaces/mysql/tests/integration/apicurio-registry/utils/kafka/target/apicurio-registry-utils-kafka-3.0.12-SNAPSHOT.jar:/home/runner/.m2/repository/org/apache/pulsar/pulsar-client/3.3.8/pulsar-client-3.3.8.jar:/home/runner/.m2/repository/org/apache/pulsar/pulsar-client-api/3.3.8/pulsar-client-api-3.3.8.jar:/home/runner/.m2/repository/org/apache/pulsar/pulsar-client-admin-api/3.3.8/pulsar-client-admin-api-3.3.8.jar:/home/runner/.m2/repository/org/apache/pulsar/bouncy-castle-bc/3.3.8/bouncy-castle-bc-3.3.8-pkg.jar:/home/runner/.m2/repository/org/bouncycastle/bcpkix-jdk18on/1.81/bcpkix-jdk18on-1.81.jar:/home/runner/.m2/repository/org/bouncycastle/bcutil-jdk18on/1.81/bcutil-jdk18on-1.81.jar:/home/runner/.m2/repository/org/bouncycastle/bcprov-jdk18on/1.81/bcprov-jdk18on-1.81.jar:/home/runner/.m2/repository/io/opentelemetry/opentelemetry-api/1.44.1/opentelemetry-api-1.44.1.jar:/home/runner/.m2/repository/io/opentelemetry/opentelemetry-context/1.44.1/opentelemetry-context-1.44.1.jar:/home/runner/.m2/repository/io/opentelemetry/opentelemetry-api-incubator/1.44.1-alpha/opentelemetry-api-incubator-1.44.1-alpha.jar:/home/runner/.m2/repository/com/fasterxml/jackson/core/jackson-annotations/2.18.2/jackson-annotations-2.18.2.jar:/home/runner/.m2/repository/javax/validation/validation-api/1.1.0.Final/validation-api-1.1.0.Final.jar:/home/runner/.m2/repository/org/jspecify/jspecify/1.0.0/jspecify-1.0.0.jar:/home/runner/.m2/repository/org/apache/commons/commons-configuration2/2.12.0/commons-configuration2-2.12.0.jar:/home/runner/.m2/repository/commons-logging/commons-logging/1.3.5/commons-logging-1.3.5.jar:/home/runner/.m2/repository/org/apache/commons/commons-text/1.13.0/commons-text-1.13.0.jar:/home/runner/.m2/repository/io/confluent/kafka-avro-serializer/8.0.0/kafka-avro-serializer-8.0.0.jar:/home/runner/.m2/repository/org/apache/commons/commons-compress/1.27.1/commons-compress-1.27.1.jar:/home/runner/.m2/repository/io/confluent/kafka-schema-serializer/8.0.0/kafka-schema-serializer-8.0.0.jar:/home/runner/.m2/repository/com/fasterxml/jackson/dataformat/jackson-dataformat-csv/2.18.2/jackson-dataformat-csv-2.18.2.jar:/home/runner/.m2/repository/io/confluent/kafka-schema-registry-client/8.0.0/kafka-schema-registry-client-8.0.0.jar:/home/runner/.m2/repository/org/yaml/snakeyaml/2.3/snakeyaml-2.3.jar:/home/runner/.m2/repository/io/swagger/core/v3/swagger-annotations/2.2.29/swagger-annotations-2.2.29.jar:/home/runner/.m2/repository/com/google/guava/guava/33.4.0-jre/guava-33.4.0-jre.jar:/home/runner/.m2/repository/com/google/guava/failureaccess/1.0.1/failureaccess-1.0.1.jar:/home/runner/.m2/repository/org/checkerframework/checker-qual/3.49.0/checker-qual-3.49.0.jar:/home/runner/.m2/repository/io/confluent/logredactor/1.0.13/logredactor-1.0.13.jar:/home/runner/.m2/repository/com/google/re2j/re2j/1.6/re2j-1.6.jar:/home/runner/.m2/repository/io/confluent/logredactor-metrics/1.0.13/logredactor-metrics-1.0.13.jar:/home/runner/.m2/repository/com/eclipsesource/minimal-json/minimal-json/0.9.5/minimal-json-0.9.5.jar:/home/runner/.m2/repository/io/confluent/common-utils/8.0.0/common-utils-8.0.0.jar:/home/runner/.m2/repository/io/confluent/kafka-connect-avro-converter/8.0.0/kafka-connect-avro-converter-8.0.0.jar:/home/runner/.m2/repository/io/confluent/kafka-connect-avro-data/8.0.0/kafka-connect-avro-data-8.0.0.jar:/home/runner/.m2/repository/io/confluent/kafka-schema-converter/8.0.0/kafka-schema-converter-8.0.0.jar:/home/runner/.m2/repository/io/rest-assured/rest-assured/5.5.1/rest-assured-5.5.1.jar:/home/runner/.m2/repository/org/apache/groovy/groovy/4.0.22/groovy-4.0.22.jar:/home/runner/.m2/repository/org/apache/groovy/groovy-xml/4.0.22/groovy-xml-4.0.22.jar:/home/runner/.m2/repository/org/apache/httpcomponents/httpclient/4.5.14/httpclient-4.5.14.jar:/home/runner/.m2/repository/org/apache/httpcomponents/httpcore/4.4.16/httpcore-4.4.16.jar:/home/runner/.m2/repository/org/apache/httpcomponents/httpmime/4.5.14/httpmime-4.5.14.jar:/home/runner/.m2/repository/org/hamcrest/hamcrest/2.2/hamcrest-2.2.jar:/home/runner/.m2/repository/org/ccil/cowan/tagsoup/tagsoup/1.2.1/tagsoup-1.2.1.jar:/home/runner/.m2/repository/io/rest-assured/json-path/5.5.1/json-path-5.5.1.jar:/home/runner/.m2/repository/org/apache/groovy/groovy-json/4.0.22/groovy-json-4.0.22.jar:/home/runner/.m2/repository/io/rest-assured/rest-assured-common/5.5.1/rest-assured-common-5.5.1.jar:/home/runner/.m2/repository/io/rest-assured/xml-path/5.5.1/xml-path-5.5.1.jar:/home/runner/.m2/repository/io/zonky/test/embedded-postgres/2.1.0/embedded-postgres-2.1.0.jar:/home/runner/.m2/repository/io/zonky/test/postgres/embedded-postgres-binaries-windows-amd64/14.15.0/embedded-postgres-binaries-windows-amd64-14.15.0.jar:/home/runner/.m2/repository/io/zonky/test/postgres/embedded-postgres-binaries-darwin-amd64/14.15.0/embedded-postgres-binaries-darwin-amd64-14.15.0.jar:/home/runner/.m2/repository/io/zonky/test/postgres/embedded-postgres-binaries-linux-amd64/14.15.0/embedded-postgres-binaries-linux-amd64-14.15.0.jar:/home/runner/.m2/repository/io/zonky/test/postgres/embedded-postgres-binaries-linux-amd64-alpine/14.15.0/embedded-postgres-binaries-linux-amd64-alpine-14.15.0.jar:/home/runner/.m2/repository/org/apache/commons/commons-lang3/3.17.0/commons-lang3-3.17.0.jar:/home/runner/.m2/repository/org/tukaani/xz/1.10/xz-1.10.jar:/home/runner/.m2/repository/commons-codec/commons-codec/1.19.0/commons-codec-1.19.0.jar:/home/runner/.m2/repository/org/postgresql/postgresql/42.7.7/postgresql-42.7.7.jar:/home/runner/.m2/repository/commons-io/commons-io/2.18.0/commons-io-2.18.0.jar:/home/runner/work/apicurio-testing/apicurio-testing/clusters/ci419/namespaces/mysql/tests/integration/apicurio-registry/utils/importexport/target/apicurio-registry-utils-import-export-3.0.12-SNAPSHOT.jar:/home/runner/.m2/repository/io/vertx/vertx-core/4.5.16/vertx-core-4.5.16.jar:/home/runner/.m2/repository/io/netty/netty-common/4.1.121.Final/netty-common-4.1.121.Final.jar:/home/runner/.m2/repository/io/netty/netty-buffer/4.1.121.Final/netty-buffer-4.1.121.Final.jar:/home/runner/.m2/repository/io/netty/netty-transport/4.1.121.Final/netty-transport-4.1.121.Final.jar:/home/runner/.m2/repository/io/netty/netty-handler/4.1.121.Final/netty-handler-4.1.121.Final.jar:/home/runner/.m2/repository/io/netty/netty-transport-native-unix-common/4.1.121.Final/netty-transport-native-unix-common-4.1.121.Final.jar:/home/runner/.m2/repository/io/netty/netty-codec/4.1.121.Final/netty-codec-4.1.121.Final.jar:/home/runner/.m2/repository/io/netty/netty-handler-proxy/4.1.121.Final/netty-handler-proxy-4.1.121.Final.jar:/home/runner/.m2/repository/io/netty/netty-codec-socks/4.1.121.Final/netty-codec-socks-4.1.121.Final.jar:/home/runner/.m2/repository/io/netty/netty-codec-http/4.1.121.Final/netty-codec-http-4.1.121.Final.jar:/home/runner/.m2/repository/io/netty/netty-codec-http2/4.1.121.Final/netty-codec-http2-4.1.121.Final.jar:/home/runner/.m2/repository/io/netty/netty-resolver/4.1.121.Final/netty-resolver-4.1.121.Final.jar:/home/runner/.m2/repository/io/netty/netty-resolver-dns/4.1.121.Final/netty-resolver-dns-4.1.121.Final.jar:/home/runner/.m2/repository/io/netty/netty-codec-dns/4.1.121.Final/netty-codec-dns-4.1.121.Final.jar:/home/runner/.m2/repository/com/fasterxml/jackson/core/jackson-core/2.18.2/jackson-core-2.18.2.jar:"/>
    <property name="java.vm.vendor" value="Eclipse Adoptium"/>
    <property name="maven.javadoc.skip" value="true"/>
    <property name="sun.arch.data.model" value="64"/>
    <property name="java.vendor.url" value="https://adoptium.net/"/>
    <property name="user.timezone" value="Etc/UTC"/>
    <property name="os.name" value="Linux"/>
    <property name="java.vm.specification.version" value="17"/>
    <property name="sun.java.launcher" value="SUN_STANDARD"/>
    <property name="quarkus.http.test-port" value="80"/>
    <property name="sun.boot.library.path" value="/usr/lib/jvm/temurin-17-jdk-amd64/lib"/>
    <property name="sun.java.command" value="/home/runner/work/apicurio-testing/apicurio-testing/clusters/ci419/namespaces/mysql/tests/integration/apicurio-registry/integration-tests/target/surefire/surefirebooter-20250806153650939_3.jar /home/runner/work/apicurio-testing/apicurio-testing/clusters/ci419/namespaces/mysql/tests/integration/apicurio-registry/integration-tests/target/surefire 2025-08-06T15-36-50_835-jvmRun1 surefire-20250806153650939_1tmp surefire_0-20250806153650939_2tmp"/>
    <property name="maven.home" value="/home/runner/.m2/wrapper/dists/apache-maven-3.9.8-bin/4fnp1ql35bgk2a0p7m31ovbgb0/apache-maven-3.9.8"/>
    <property name="jdk.debug" value="release"/>
    <property name="surefire.test.class.path" value="/home/runner/work/apicurio-testing/apicurio-testing/clusters/ci419/namespaces/mysql/tests/integration/apicurio-registry/integration-tests/target/test-classes:/home/runner/work/apicurio-testing/apicurio-testing/clusters/ci419/namespaces/mysql/tests/integration/apicurio-registry/integration-tests/target/apicurio-registry-integration-tests-3.0.12-SNAPSHOT.jar:/home/runner/.m2/repository/io/quarkus/quarkus-junit5/3.20.2/quarkus-junit5-3.20.2.jar:/home/runner/.m2/repository/io/quarkus/quarkus-bootstrap-core/3.20.2/quarkus-bootstrap-core-3.20.2.jar:/home/runner/.m2/repository/io/quarkus/quarkus-classloader-commons/3.20.2/quarkus-classloader-commons-3.20.2.jar:/home/runner/.m2/repository/io/quarkus/quarkus-bootstrap-app-model/3.20.2/quarkus-bootstrap-app-model-3.20.2.jar:/home/runner/.m2/repository/io/smallrye/common/smallrye-common-io/2.12.0/smallrye-common-io-2.12.0.jar:/home/runner/.m2/repository/org/eclipse/sisu/org.eclipse.sisu.inject/0.9.0.M3/org.eclipse.sisu.inject-0.9.0.M3.jar:/home/runner/.m2/repository/io/quarkus/quarkus-test-common/3.20.2/quarkus-test-common-3.20.2.jar:/home/runner/.m2/repository/io/quarkus/quarkus-core-deployment/3.20.2/quarkus-core-deployment-3.20.2.jar:/home/runner/.m2/repository/org/aesh/readline/2.6/readline-2.6.jar:/home/runner/.m2/repository/org/fusesource/jansi/jansi/2.4.0/jansi-2.4.0.jar:/home/runner/.m2/repository/org/aesh/aesh/2.8.2/aesh-2.8.2.jar:/home/runner/.m2/repository/io/quarkus/gizmo/gizmo/1.8.0/gizmo-1.8.0.jar:/home/runner/.m2/repository/org/ow2/asm/asm-util/9.7.1/asm-util-9.7.1.jar:/home/runner/.m2/repository/org/ow2/asm/asm-analysis/9.7.1/asm-analysis-9.7.1.jar:/home/runner/.m2/repository/org/ow2/asm/asm-commons/9.7.1/asm-commons-9.7.1.jar:/home/runner/.m2/repository/org/ow2/asm/asm-tree/9.7.1/asm-tree-9.7.1.jar:/home/runner/.m2/repository/io/quarkus/quarkus-hibernate-validator-spi/3.20.2/quarkus-hibernate-validator-spi-3.20.2.jar:/home/runner/.m2/repository/io/quarkus/quarkus-class-change-agent/3.20.2/quarkus-class-change-agent-3.20.2.jar:/home/runner/.m2/repository/io/quarkus/quarkus-devtools-utilities/3.20.2/quarkus-devtools-utilities-3.20.2.jar:/home/runner/.m2/repository/io/quarkus/quarkus-builder/3.20.2/quarkus-builder-3.20.2.jar:/home/runner/.m2/repository/org/graalvm/sdk/nativeimage/23.1.2/nativeimage-23.1.2.jar:/home/runner/.m2/repository/org/graalvm/sdk/word/23.1.2/word-23.1.2.jar:/home/runner/.m2/repository/io/quarkus/quarkus-bootstrap-maven-resolver/3.20.2/quarkus-bootstrap-maven-resolver-3.20.2.jar:/home/runner/.m2/repository/io/smallrye/beanbag/smallrye-beanbag-maven/1.5.2/smallrye-beanbag-maven-1.5.2.jar:/home/runner/.m2/repository/io/smallrye/beanbag/smallrye-beanbag-sisu/1.5.2/smallrye-beanbag-sisu-1.5.2.jar:/home/runner/.m2/repository/io/smallrye/beanbag/smallrye-beanbag/1.5.2/smallrye-beanbag-1.5.2.jar:/home/runner/.m2/repository/javax/inject/javax.inject/1/javax.inject-1.jar:/home/runner/.m2/repository/org/apache/maven/maven-artifact/3.9.9/maven-artifact-3.9.9.jar:/home/runner/.m2/repository/org/apache/maven/maven-builder-support/3.9.9/maven-builder-support-3.9.9.jar:/home/runner/.m2/repository/org/apache/maven/maven-model/3.9.9/maven-model-3.9.9.jar:/home/runner/.m2/repository/org/apache/maven/maven-model-builder/3.9.9/maven-model-builder-3.9.9.jar:/home/runner/.m2/repository/org/apache/maven/maven-repository-metadata/3.9.9/maven-repository-metadata-3.9.9.jar:/home/runner/.m2/repository/org/apache/maven/maven-settings/3.9.9/maven-settings-3.9.9.jar:/home/runner/.m2/repository/org/apache/maven/resolver/maven-resolver-api/1.9.22/maven-resolver-api-1.9.22.jar:/home/runner/.m2/repository/org/apache/maven/resolver/maven-resolver-impl/1.9.22/maven-resolver-impl-1.9.22.jar:/home/runner/.m2/repository/org/apache/maven/resolver/maven-resolver-named-locks/1.9.22/maven-resolver-named-locks-1.9.22.jar:/home/runner/.m2/repository/org/apache/maven/resolver/maven-resolver-spi/1.9.22/maven-resolver-spi-1.9.22.jar:/home/runner/.m2/repository/org/apache/maven/resolver/maven-resolver-util/1.9.22/maven-resolver-util-1.9.22.jar:/home/runner/.m2/repository/org/apache/maven/resolver/maven-resolver-transport-http/1.9.20/maven-resolver-transport-http-1.9.20.jar:/home/runner/.m2/repository/org/apache/maven/wagon/wagon-provider-api/3.5.3/wagon-provider-api-3.5.3.jar:/home/runner/.m2/repository/org/apache/maven/wagon/wagon-http-shared/3.5.3/wagon-http-shared-3.5.3.jar:/home/runner/.m2/repository/org/codehaus/plexus/plexus-interpolation/1.26/plexus-interpolation-1.26.jar:/home/runner/.m2/repository/org/codehaus/plexus/plexus-utils/3.5.1/plexus-utils-3.5.1.jar:/home/runner/.m2/repository/org/codehaus/plexus/plexus-xml/4.0.1/plexus-xml-4.0.1.jar:/home/runner/.m2/repository/org/apache/maven/maven-xml-impl/4.0.0-alpha-5/maven-xml-impl-4.0.0-alpha-5.jar:/home/runner/.m2/repository/org/apache/maven/maven-api-xml/4.0.0-alpha-5/maven-api-xml-4.0.0-alpha-5.jar:/home/runner/.m2/repository/org/apache/maven/maven-api-meta/4.0.0-alpha-5/maven-api-meta-4.0.0-alpha-5.jar:/home/runner/.m2/repository/org/codehaus/plexus/plexus-cipher/2.0/plexus-cipher-2.0.jar:/home/runner/.m2/repository/org/codehaus/plexus/plexus-sec-dispatcher/2.0/plexus-sec-dispatcher-2.0.jar:/home/runner/.m2/repository/org/apache/maven/maven-embedder/3.9.9/maven-embedder-3.9.9.jar:/home/runner/.m2/repository/org/apache/maven/maven-core/3.9.9/maven-core-3.9.9.jar:/home/runner/.m2/repository/org/codehaus/plexus/plexus-component-annotations/2.1.0/plexus-component-annotations-2.1.0.jar:/home/runner/.m2/repository/org/apache/maven/maven-plugin-api/3.9.9/maven-plugin-api-3.9.9.jar:/home/runner/.m2/repository/org/apache/maven/shared/maven-shared-utils/3.4.2/maven-shared-utils-3.4.2.jar:/home/runner/.m2/repository/com/google/inject/guice/5.1.0/guice-5.1.0.jar:/home/runner/.m2/repository/aopalliance/aopalliance/1.0/aopalliance-1.0.jar:/home/runner/.m2/repository/org/codehaus/plexus/plexus-classworlds/2.6.0/plexus-classworlds-2.6.0.jar:/home/runner/.m2/repository/commons-cli/commons-cli/1.8.0/commons-cli-1.8.0.jar:/home/runner/.m2/repository/org/eclipse/sisu/org.eclipse.sisu.plexus/0.9.0.M3/org.eclipse.sisu.plexus-0.9.0.M3.jar:/home/runner/.m2/repository/org/apache/maven/maven-settings-builder/3.9.9/maven-settings-builder-3.9.9.jar:/home/runner/.m2/repository/org/apache/maven/maven-resolver-provider/3.9.9/maven-resolver-provider-3.9.9.jar:/home/runner/.m2/repository/org/apache/maven/resolver/maven-resolver-connector-basic/1.9.22/maven-resolver-connector-basic-1.9.22.jar:/home/runner/.m2/repository/org/apache/maven/resolver/maven-resolver-transport-wagon/1.9.22/maven-resolver-transport-wagon-1.9.22.jar:/home/runner/.m2/repository/org/apache/maven/wagon/wagon-http/3.5.3/wagon-http-3.5.3.jar:/home/runner/.m2/repository/org/apache/maven/wagon/wagon-file/3.5.3/wagon-file-3.5.3.jar:/home/runner/.m2/repository/io/quarkus/quarkus-bootstrap-gradle-resolver/3.20.2/quarkus-bootstrap-gradle-resolver-3.20.2.jar:/home/runner/.m2/repository/io/smallrye/jandex/3.3.0/jandex-3.3.0.jar:/home/runner/.m2/repository/org/jboss/logging/commons-logging-jboss-logging/1.0.0.Final/commons-logging-jboss-logging-1.0.0.Final.jar:/home/runner/.m2/repository/io/quarkus/quarkus-junit5-config/3.20.2/quarkus-junit5-config-3.20.2.jar:/home/runner/.m2/repository/org/junit/jupiter/junit-jupiter-api/5.12.1/junit-jupiter-api-5.12.1.jar:/home/runner/.m2/repository/io/smallrye/config/smallrye-config/3.11.4/smallrye-config-3.11.4.jar:/home/runner/.m2/repository/io/smallrye/config/smallrye-config-core/3.11.4/smallrye-config-core-3.11.4.jar:/home/runner/.m2/repository/io/smallrye/common/smallrye-common-classloader/2.12.0/smallrye-common-classloader-2.12.0.jar:/home/runner/.m2/repository/io/smallrye/config/smallrye-config-common/3.11.4/smallrye-config-common-3.11.4.jar:/home/runner/.m2/repository/org/junit/jupiter/junit-jupiter/5.12.1/junit-jupiter-5.12.1.jar:/home/runner/.m2/repository/org/junit/jupiter/junit-jupiter-params/5.12.1/junit-jupiter-params-5.12.1.jar:/home/runner/.m2/repository/org/junit/jupiter/junit-jupiter-engine/5.12.1/junit-jupiter-engine-5.12.1.jar:/home/runner/.m2/repository/io/quarkus/quarkus-core/3.20.2/quarkus-core-3.20.2.jar:/home/runner/.m2/repository/jakarta/enterprise/jakarta.enterprise.cdi-api/4.1.0/jakarta.enterprise.cdi-api-4.1.0.jar:/home/runner/.m2/repository/jakarta/enterprise/jakarta.enterprise.lang-model/4.1.0/jakarta.enterprise.lang-model-4.1.0.jar:/home/runner/.m2/repository/jakarta/el/jakarta.el-api/5.0.1/jakarta.el-api-5.0.1.jar:/home/runner/.m2/repository/jakarta/interceptor/jakarta.interceptor-api/2.2.0/jakarta.interceptor-api-2.2.0.jar:/home/runner/.m2/repository/jakarta/inject/jakarta.inject-api/2.0.1/jakarta.inject-api-2.0.1.jar:/home/runner/.m2/repository/io/smallrye/common/smallrye-common-os/2.12.0/smallrye-common-os-2.12.0.jar:/home/runner/.m2/repository/io/quarkus/quarkus-ide-launcher/3.20.2/quarkus-ide-launcher-3.20.2.jar:/home/runner/.m2/repository/io/quarkus/quarkus-development-mode-spi/3.20.2/quarkus-development-mode-spi-3.20.2.jar:/home/runner/.m2/repository/org/jboss/logging/jboss-logging/3.6.1.Final/jboss-logging-3.6.1.Final.jar:/home/runner/.m2/repository/org/jboss/logmanager/jboss-logmanager/3.1.2.Final/jboss-logmanager-3.1.2.Final.jar:/home/runner/.m2/repository/io/smallrye/common/smallrye-common-constraint/2.12.0/smallrye-common-constraint-2.12.0.jar:/home/runner/.m2/repository/io/smallrye/common/smallrye-common-cpu/2.12.0/smallrye-common-cpu-2.12.0.jar:/home/runner/.m2/repository/io/smallrye/common/smallrye-common-expression/2.12.0/smallrye-common-expression-2.12.0.jar:/home/runner/.m2/repository/io/smallrye/common/smallrye-common-net/2.12.0/smallrye-common-net-2.12.0.jar:/home/runner/.m2/repository/io/smallrye/common/smallrye-common-ref/2.12.0/smallrye-common-ref-2.12.0.jar:/home/runner/.m2/repository/jakarta/json/jakarta.json-api/2.1.3/jakarta.json-api-2.1.3.jar:/home/runner/.m2/repository/org/eclipse/parsson/parsson/1.1.7/parsson-1.1.7.jar:/home/runner/.m2/repository/org/jboss/logging/jboss-logging-annotations/3.0.4.Final/jboss-logging-annotations-3.0.4.Final.jar:/home/runner/.m2/repository/org/jboss/threads/jboss-threads/3.8.0.Final/jboss-threads-3.8.0.Final.jar:/home/runner/.m2/repository/io/smallrye/common/smallrye-common-annotation/2.12.0/smallrye-common-annotation-2.12.0.jar:/home/runner/.m2/repository/io/smallrye/common/smallrye-common-function/2.12.0/smallrye-common-function-2.12.0.jar:/home/runner/.m2/repository/org/jboss/slf4j/slf4j-jboss-logmanager/2.0.0.Final/slf4j-jboss-logmanager-2.0.0.Final.jar:/home/runner/.m2/repository/org/wildfly/common/wildfly-common/2.0.1/wildfly-common-2.0.1.jar:/home/runner/.m2/repository/io/quarkus/quarkus-bootstrap-runner/3.20.2/quarkus-bootstrap-runner-3.20.2.jar:/home/runner/.m2/repository/io/github/crac/org-crac/0.1.3/org-crac-0.1.3.jar:/home/runner/.m2/repository/io/quarkus/quarkus-fs-util/0.0.10/quarkus-fs-util-0.0.10.jar:/home/runner/.m2/repository/org/jboss/marshalling/jboss-marshalling/2.2.2.Final/jboss-marshalling-2.2.2.Final.jar:/home/runner/.m2/repository/io/fabric8/kubernetes-client/7.1.0/kubernetes-client-7.1.0.jar:/home/runner/.m2/repository/io/fabric8/kubernetes-client-api/7.1.0/kubernetes-client-api-7.1.0.jar:/home/runner/.m2/repository/io/fabric8/kubernetes-model-core/7.1.0/kubernetes-model-core-7.1.0.jar:/home/runner/.m2/repository/io/fabric8/kubernetes-model-common/7.1.0/kubernetes-model-common-7.1.0.jar:/home/runner/.m2/repository/javax/annotation/javax.annotation-api/1.3.2/javax.annotation-api-1.3.2.jar:/home/runner/.m2/repository/io/fabric8/kubernetes-model-gatewayapi/7.1.0/kubernetes-model-gatewayapi-7.1.0.jar:/home/runner/.m2/repository/io/fabric8/kubernetes-model-resource/7.1.0/kubernetes-model-resource-7.1.0.jar:/home/runner/.m2/repository/io/fabric8/kubernetes-model-rbac/7.1.0/kubernetes-model-rbac-7.1.0.jar:/home/runner/.m2/repository/io/fabric8/kubernetes-model-admissionregistration/7.1.0/kubernetes-model-admissionregistration-7.1.0.jar:/home/runner/.m2/repository/io/fabric8/kubernetes-model-apps/7.1.0/kubernetes-model-apps-7.1.0.jar:/home/runner/.m2/repository/io/fabric8/kubernetes-model-autoscaling/7.1.0/kubernetes-model-autoscaling-7.1.0.jar:/home/runner/.m2/repository/io/fabric8/kubernetes-model-apiextensions/7.1.0/kubernetes-model-apiextensions-7.1.0.jar:/home/runner/.m2/repository/io/fabric8/kubernetes-model-batch/7.1.0/kubernetes-model-batch-7.1.0.jar:/home/runner/.m2/repository/io/fabric8/kubernetes-model-certificates/7.1.0/kubernetes-model-certificates-7.1.0.jar:/home/runner/.m2/repository/io/fabric8/kubernetes-model-coordination/7.1.0/kubernetes-model-coordination-7.1.0.jar:/home/runner/.m2/repository/io/fabric8/kubernetes-model-discovery/7.1.0/kubernetes-model-discovery-7.1.0.jar:/home/runner/.m2/repository/io/fabric8/kubernetes-model-events/7.1.0/kubernetes-model-events-7.1.0.jar:/home/runner/.m2/repository/io/fabric8/kubernetes-model-extensions/7.1.0/kubernetes-model-extensions-7.1.0.jar:/home/runner/.m2/repository/io/fabric8/kubernetes-model-flowcontrol/7.1.0/kubernetes-model-flowcontrol-7.1.0.jar:/home/runner/.m2/repository/io/fabric8/kubernetes-model-networking/7.1.0/kubernetes-model-networking-7.1.0.jar:/home/runner/.m2/repository/io/fabric8/kubernetes-model-metrics/7.1.0/kubernetes-model-metrics-7.1.0.jar:/home/runner/.m2/repository/io/fabric8/kubernetes-model-policy/7.1.0/kubernetes-model-policy-7.1.0.jar:/home/runner/.m2/repository/io/fabric8/kubernetes-model-scheduling/7.1.0/kubernetes-model-scheduling-7.1.0.jar:/home/runner/.m2/repository/io/fabric8/kubernetes-model-storageclass/7.1.0/kubernetes-model-storageclass-7.1.0.jar:/home/runner/.m2/repository/io/fabric8/kubernetes-model-node/7.1.0/kubernetes-model-node-7.1.0.jar:/home/runner/.m2/repository/org/snakeyaml/snakeyaml-engine/2.9/snakeyaml-engine-2.9.jar:/home/runner/.m2/repository/com/fasterxml/jackson/dataformat/jackson-dataformat-yaml/2.18.2/jackson-dataformat-yaml-2.18.2.jar:/home/runner/.m2/repository/com/fasterxml/jackson/datatype/jackson-datatype-jsr310/2.18.2/jackson-datatype-jsr310-2.18.2.jar:/home/runner/.m2/repository/io/fabric8/zjsonpatch/7.1.0/zjsonpatch-7.1.0.jar:/home/runner/.m2/repository/io/fabric8/kubernetes-httpclient-vertx/7.1.0/kubernetes-httpclient-vertx-7.1.0.jar:/home/runner/.m2/repository/io/vertx/vertx-web-client/4.5.16/vertx-web-client-4.5.16.jar:/home/runner/.m2/repository/io/vertx/vertx-web-common/4.5.16/vertx-web-common-4.5.16.jar:/home/runner/.m2/repository/io/vertx/vertx-auth-common/4.5.16/vertx-auth-common-4.5.16.jar:/home/runner/.m2/repository/io/vertx/vertx-uri-template/4.5.16/vertx-uri-template-4.5.16.jar:/home/runner/.m2/repository/io/fabric8/openshift-client/7.1.0/openshift-client-7.1.0.jar:/home/runner/.m2/repository/io/fabric8/openshift-client-api/7.1.0/openshift-client-api-7.1.0.jar:/home/runner/.m2/repository/io/fabric8/openshift-model/7.1.0/openshift-model-7.1.0.jar:/home/runner/.m2/repository/io/fabric8/openshift-model-autoscaling/7.1.0/openshift-model-autoscaling-7.1.0.jar:/home/runner/.m2/repository/io/fabric8/openshift-model-operator/7.1.0/openshift-model-operator-7.1.0.jar:/home/runner/.m2/repository/io/fabric8/openshift-model-operatorhub/7.1.0/openshift-model-operatorhub-7.1.0.jar:/home/runner/.m2/repository/io/fabric8/openshift-model-machine/7.1.0/openshift-model-machine-7.1.0.jar:/home/runner/.m2/repository/io/fabric8/openshift-model-whereabouts/7.1.0/openshift-model-whereabouts-7.1.0.jar:/home/runner/.m2/repository/io/fabric8/openshift-model-monitoring/7.1.0/openshift-model-monitoring-7.1.0.jar:/home/runner/.m2/repository/io/fabric8/openshift-model-storageversionmigrator/7.1.0/openshift-model-storageversionmigrator-7.1.0.jar:/home/runner/.m2/repository/io/fabric8/openshift-model-tuned/7.1.0/openshift-model-tuned-7.1.0.jar:/home/runner/.m2/repository/io/fabric8/openshift-model-console/7.1.0/openshift-model-console-7.1.0.jar:/home/runner/.m2/repository/io/fabric8/openshift-model-config/7.1.0/openshift-model-config-7.1.0.jar:/home/runner/.m2/repository/io/fabric8/openshift-model-machineconfiguration/7.1.0/openshift-model-machineconfiguration-7.1.0.jar:/home/runner/.m2/repository/io/fabric8/openshift-model-miscellaneous/7.1.0/openshift-model-miscellaneous-7.1.0.jar:/home/runner/.m2/repository/io/fabric8/openshift-model-hive/7.1.0/openshift-model-hive-7.1.0.jar:/home/runner/.m2/repository/io/fabric8/openshift-model-installer/7.1.0/openshift-model-installer-7.1.0.jar:/home/runner/.m2/repository/org/junit/platform/junit-platform-launcher/1.12.1/junit-platform-launcher-1.12.1.jar:/home/runner/.m2/repository/org/junit/platform/junit-platform-engine/1.12.1/junit-platform-engine-1.12.1.jar:/home/runner/.m2/repository/org/opentest4j/opentest4j/1.3.0/opentest4j-1.3.0.jar:/home/runner/.m2/repository/org/junit/platform/junit-platform-commons/1.12.1/junit-platform-commons-1.12.1.jar:/home/runner/.m2/repository/org/apiguardian/apiguardian-api/1.1.2/apiguardian-api-1.1.2.jar:/home/runner/.m2/repository/jakarta/ws/rs/jakarta.ws.rs-api/3.1.0/jakarta.ws.rs-api-3.1.0.jar:/home/runner/work/apicurio-testing/apicurio-testing/clusters/ci419/namespaces/mysql/tests/integration/apicurio-registry/java-sdk/target/apicurio-registry-java-sdk-3.0.12-SNAPSHOT.jar:/home/runner/.m2/repository/com/microsoft/kiota/microsoft-kiota-abstractions/1.8.8/microsoft-kiota-abstractions-1.8.8.jar:/home/runner/.m2/repository/io/github/std-uritemplate/std-uritemplate/2.0.0/std-uritemplate-2.0.0.jar:/home/runner/.m2/repository/io/kiota/kiota-http-jdk/0.0.29/kiota-http-jdk-0.0.29.jar:/home/runner/.m2/repository/io/kiota/kiota-http-vertx/0.0.29/kiota-http-vertx-0.0.29.jar:/home/runner/.m2/repository/io/kiota/kiota-serialization-jackson/0.0.29/kiota-serialization-jackson-0.0.29.jar:/home/runner/.m2/repository/com/microsoft/kiota/microsoft-kiota-serialization-text/1.8.8/microsoft-kiota-serialization-text-1.8.8.jar:/home/runner/.m2/repository/com/microsoft/kiota/microsoft-kiota-serialization-form/1.8.8/microsoft-kiota-serialization-form-1.8.8.jar:/home/runner/.m2/repository/com/microsoft/kiota/microsoft-kiota-serialization-multipart/1.8.8/microsoft-kiota-serialization-multipart-1.8.8.jar:/home/runner/.m2/repository/jakarta/annotation/jakarta.annotation-api/3.0.0/jakarta.annotation-api-3.0.0.jar:/home/runner/.m2/repository/io/vertx/vertx-auth-oauth2/4.5.16/vertx-auth-oauth2-4.5.16.jar:/home/runner/work/apicurio-testing/apicurio-testing/clusters/ci419/namespaces/mysql/tests/integration/apicurio-registry/java-sdk-v2/target/apicurio-registry-v2-java-sdk-3.0.12-SNAPSHOT.jar:/home/runner/work/apicurio-testing/apicurio-testing/clusters/ci419/namespaces/mysql/tests/integration/apicurio-registry/utils/kafka/target/apicurio-registry-utils-kafka-3.0.12-SNAPSHOT-tests.jar:/home/runner/.m2/repository/org/eclipse/microprofile/config/microprofile-config-api/3.1/microprofile-config-api-3.1.jar:/home/runner/.m2/repository/org/apache/kafka/kafka-clients/3.9.1/kafka-clients-3.9.1.jar:/home/runner/.m2/repository/com/github/luben/zstd-jni/1.5.6-4/zstd-jni-1.5.6-4.jar:/home/runner/.m2/repository/org/lz4/lz4-java/1.8.0/lz4-java-1.8.0.jar:/home/runner/.m2/repository/org/xerial/snappy/snappy-java/1.1.10.5/snappy-java-1.1.10.5.jar:/home/runner/.m2/repository/org/slf4j/slf4j-api/2.0.6/slf4j-api-2.0.6.jar:/home/runner/work/apicurio-testing/apicurio-testing/clusters/ci419/namespaces/mysql/tests/integration/apicurio-registry/utils/tests/target/apicurio-registry-utils-tests-3.0.12-SNAPSHOT.jar:/home/runner/work/apicurio-testing/apicurio-testing/clusters/ci419/namespaces/mysql/tests/integration/apicurio-registry/common/target/apicurio-registry-common-3.0.12-SNAPSHOT.jar:/home/runner/.m2/repository/jakarta/validation/jakarta.validation-api/3.0.2/jakarta.validation-api-3.0.2.jar:/home/runner/.m2/repository/com/github/dasniko/testcontainers-keycloak/3.8.0/testcontainers-keycloak-3.8.0.jar:/home/runner/.m2/repository/org/testcontainers/testcontainers/1.20.6/testcontainers-1.20.6.jar:/home/runner/.m2/repository/org/rnorth/duct-tape/duct-tape/1.0.8/duct-tape-1.0.8.jar:/home/runner/.m2/repository/com/github/docker-java/docker-java-transport-zerodep/3.4.1/docker-java-transport-zerodep-3.4.1.jar:/home/runner/.m2/repository/com/github/docker-java/docker-java-transport/3.4.1/docker-java-transport-3.4.1.jar:/home/runner/.m2/repository/net/java/dev/jna/jna/5.8.0/jna-5.8.0.jar:/home/runner/.m2/repository/io/quarkus/quarkus-junit4-mock/3.20.2/quarkus-junit4-mock-3.20.2.jar:/home/runner/.m2/repository/org/jboss/shrinkwrap/shrinkwrap-api/2.0.0-beta-2/shrinkwrap-api-2.0.0-beta-2.jar:/home/runner/.m2/repository/org/jboss/shrinkwrap/shrinkwrap-impl-base/2.0.0-beta-2/shrinkwrap-impl-base-2.0.0-beta-2.jar:/home/runner/.m2/repository/org/jboss/shrinkwrap/shrinkwrap-spi/2.0.0-beta-2/shrinkwrap-spi-2.0.0-beta-2.jar:/home/runner/.m2/repository/org/keycloak/keycloak-admin-client/26.0.4/keycloak-admin-client-26.0.4.jar:/home/runner/.m2/repository/org/keycloak/keycloak-client-common-synced/26.0.4/keycloak-client-common-synced-26.0.4.jar:/home/runner/.m2/repository/jakarta/activation/jakarta.activation-api/2.1.3/jakarta.activation-api-2.1.3.jar:/home/runner/.m2/repository/org/eclipse/microprofile/openapi/microprofile-openapi-api/4.0.2/microprofile-openapi-api-4.0.2.jar:/home/runner/.m2/repository/org/jboss/resteasy/resteasy-client/6.2.12.Final/resteasy-client-6.2.12.Final.jar:/home/runner/.m2/repository/org/jboss/resteasy/resteasy-client-api/6.2.12.Final/resteasy-client-api-6.2.12.Final.jar:/home/runner/.m2/repository/org/jboss/resteasy/resteasy-core-spi/6.2.12.Final/resteasy-core-spi-6.2.12.Final.jar:/home/runner/.m2/repository/org/jboss/resteasy/resteasy-core/6.2.12.Final/resteasy-core-6.2.12.Final.jar:/home/runner/.m2/repository/org/eclipse/angus/angus-activation/2.0.2/angus-activation-2.0.2.jar:/home/runner/.m2/repository/com/ibm/async/asyncutil/0.1.0/asyncutil-0.1.0.jar:/home/runner/.m2/repository/org/reactivestreams/reactive-streams/1.0.4/reactive-streams-1.0.4.jar:/home/runner/.m2/repository/org/jboss/resteasy/resteasy-multipart-provider/6.2.12.Final/resteasy-multipart-provider-6.2.12.Final.jar:/home/runner/.m2/repository/jakarta/mail/jakarta.mail-api/2.1.3/jakarta.mail-api-2.1.3.jar:/home/runner/.m2/repository/org/eclipse/angus/angus-mail/2.0.3/angus-mail-2.0.3.jar:/home/runner/.m2/repository/org/apache/james/apache-mime4j-dom/0.8.12/apache-mime4j-dom-0.8.12.jar:/home/runner/.m2/repository/org/apache/james/apache-mime4j-core/0.8.12/apache-mime4j-core-0.8.12.jar:/home/runner/.m2/repository/org/apache/james/apache-mime4j-storage/0.8.12/apache-mime4j-storage-0.8.12.jar:/home/runner/.m2/repository/org/jboss/resteasy/resteasy-jackson2-provider/6.2.12.Final/resteasy-jackson2-provider-6.2.12.Final.jar:/home/runner/.m2/repository/com/fasterxml/jackson/jakarta/rs/jackson-jakarta-rs-base/2.18.2/jackson-jakarta-rs-base-2.18.2.jar:/home/runner/.m2/repository/com/fasterxml/jackson/jakarta/rs/jackson-jakarta-rs-json-provider/2.18.2/jackson-jakarta-rs-json-provider-2.18.2.jar:/home/runner/.m2/repository/com/fasterxml/jackson/module/jackson-module-jakarta-xmlbind-annotations/2.18.2/jackson-module-jakarta-xmlbind-annotations-2.18.2.jar:/home/runner/.m2/repository/com/github/java-json-tools/json-patch/1.13/json-patch-1.13.jar:/home/runner/.m2/repository/com/github/java-json-tools/msg-simple/1.2/msg-simple-1.2.jar:/home/runner/.m2/repository/com/github/java-json-tools/btf/1.3/btf-1.3.jar:/home/runner/.m2/repository/com/github/java-json-tools/jackson-coreutils/2.0/jackson-coreutils-2.0.jar:/home/runner/.m2/repository/org/jboss/resteasy/resteasy-jaxb-provider/6.2.12.Final/resteasy-jaxb-provider-6.2.12.Final.jar:/home/runner/.m2/repository/org/glassfish/jaxb/codemodel/4.0.5/codemodel-4.0.5.jar:/home/runner/.m2/repository/org/glassfish/jaxb/jaxb-core/4.0.5/jaxb-core-4.0.5.jar:/home/runner/.m2/repository/org/glassfish/jaxb/jaxb-jxc/4.0.5/jaxb-jxc-4.0.5.jar:/home/runner/.m2/repository/org/glassfish/jaxb/jaxb-runtime/4.0.5/jaxb-runtime-4.0.5.jar:/home/runner/.m2/repository/org/glassfish/jaxb/txw2/4.0.5/txw2-4.0.5.jar:/home/runner/.m2/repository/org/glassfish/jaxb/jaxb-xjc/4.0.5/jaxb-xjc-4.0.5.jar:/home/runner/.m2/repository/org/glassfish/jaxb/xsom/4.0.5/xsom-4.0.5.jar:/home/runner/.m2/repository/com/sun/istack/istack-commons-runtime/4.1.2/istack-commons-runtime-4.1.2.jar:/home/runner/.m2/repository/com/sun/istack/istack-commons-tools/4.1.2/istack-commons-tools-4.1.2.jar:/home/runner/.m2/repository/com/sun/xml/bind/external/relaxng-datatype/4.0.5/relaxng-datatype-4.0.5.jar:/home/runner/.m2/repository/com/sun/xml/bind/external/rngom/4.0.5/rngom-4.0.5.jar:/home/runner/.m2/repository/org/testcontainers/mssqlserver/1.20.6/mssqlserver-1.20.6.jar:/home/runner/.m2/repository/org/testcontainers/jdbc/1.20.6/jdbc-1.20.6.jar:/home/runner/.m2/repository/org/testcontainers/database-commons/1.20.6/database-commons-1.20.6.jar:/home/runner/.m2/repository/org/testcontainers/mysql/1.20.6/mysql-1.20.6.jar:/home/runner/.m2/repository/io/strimzi/strimzi-test-container/0.111.0/strimzi-test-container-0.111.0.jar:/home/runner/.m2/repository/org/testcontainers/toxiproxy/1.20.6/toxiproxy-1.20.6.jar:/home/runner/.m2/repository/com/github/docker-java/docker-java-api/3.4.1/docker-java-api-3.4.1.jar:/home/runner/.m2/repository/org/apache/logging/log4j/log4j-slf4j-impl/2.19.0/log4j-slf4j-impl-2.19.0.jar:/home/runner/.m2/repository/org/apache/logging/log4j/log4j-api/2.24.3/log4j-api-2.24.3.jar:/home/runner/.m2/repository/org/apache/logging/log4j/log4j-core/2.19.0/log4j-core-2.19.0.jar:/home/runner/.m2/repository/eu/rekawek/toxiproxy/toxiproxy-java/2.1.7/toxiproxy-java-2.1.7.jar:/home/runner/.m2/repository/org/testcontainers/pulsar/1.21.3/pulsar-1.21.3.jar:/home/runner/.m2/repository/io/debezium/debezium-testing-testcontainers/2.7.4.Final/debezium-testing-testcontainers-2.7.4.Final.jar:/home/runner/.m2/repository/org/testcontainers/kafka/1.20.6/kafka-1.20.6.jar:/home/runner/.m2/repository/com/squareup/okhttp3/okhttp/4.8.1/okhttp-4.8.1.jar:/home/runner/.m2/repository/com/squareup/okio/okio/3.10.2/okio-3.10.2.jar:/home/runner/.m2/repository/com/squareup/okio/okio-jvm/3.10.2/okio-jvm-3.10.2.jar:/home/runner/.m2/repository/org/jetbrains/kotlin/kotlin-stdlib/2.0.21/kotlin-stdlib-2.0.21.jar:/home/runner/.m2/repository/org/awaitility/awaitility/4.3.0/awaitility-4.3.0.jar:/home/runner/.m2/repository/org/testcontainers/mongodb/1.20.6/mongodb-1.20.6.jar:/home/runner/.m2/repository/org/testcontainers/mariadb/1.20.6/mariadb-1.20.6.jar:/home/runner/.m2/repository/org/testcontainers/oracle-xe/1.20.6/oracle-xe-1.20.6.jar:/home/runner/.m2/repository/org/testcontainers/postgresql/1.20.6/postgresql-1.20.6.jar:/home/runner/.m2/repository/org/wiremock/wiremock/3.0.1/wiremock-3.0.1.jar:/home/runner/.m2/repository/org/eclipse/jetty/jetty-server/11.0.15/jetty-server-11.0.15.jar:/home/runner/.m2/repository/org/eclipse/jetty/toolchain/jetty-jakarta-servlet-api/5.0.2/jetty-jakarta-servlet-api-5.0.2.jar:/home/runner/.m2/repository/org/eclipse/jetty/jetty-http/11.0.15/jetty-http-11.0.15.jar:/home/runner/.m2/repository/org/eclipse/jetty/jetty-io/11.0.15/jetty-io-11.0.15.jar:/home/runner/.m2/repository/org/eclipse/jetty/jetty-servlet/11.0.15/jetty-servlet-11.0.15.jar:/home/runner/.m2/repository/org/eclipse/jetty/jetty-security/11.0.15/jetty-security-11.0.15.jar:/home/runner/.m2/repository/org/eclipse/jetty/jetty-servlets/11.0.15/jetty-servlets-11.0.15.jar:/home/runner/.m2/repository/org/eclipse/jetty/jetty-util/11.0.15/jetty-util-11.0.15.jar:/home/runner/.m2/repository/org/eclipse/jetty/jetty-webapp/11.0.15/jetty-webapp-11.0.15.jar:/home/runner/.m2/repository/org/eclipse/jetty/jetty-xml/11.0.15/jetty-xml-11.0.15.jar:/home/runner/.m2/repository/org/eclipse/jetty/jetty-proxy/11.0.15/jetty-proxy-11.0.15.jar:/home/runner/.m2/repository/org/eclipse/jetty/jetty-client/11.0.15/jetty-client-11.0.15.jar:/home/runner/.m2/repository/org/eclipse/jetty/http2/http2-server/11.0.15/http2-server-11.0.15.jar:/home/runner/.m2/repository/org/eclipse/jetty/http2/http2-common/11.0.15/http2-common-11.0.15.jar:/home/runner/.m2/repository/org/eclipse/jetty/http2/http2-hpack/11.0.15/http2-hpack-11.0.15.jar:/home/runner/.m2/repository/org/eclipse/jetty/jetty-alpn-server/11.0.15/jetty-alpn-server-11.0.15.jar:/home/runner/.m2/repository/org/eclipse/jetty/jetty-alpn-java-server/11.0.15/jetty-alpn-java-server-11.0.15.jar:/home/runner/.m2/repository/org/eclipse/jetty/jetty-alpn-java-client/11.0.15/jetty-alpn-java-client-11.0.15.jar:/home/runner/.m2/repository/org/eclipse/jetty/jetty-alpn-client/11.0.15/jetty-alpn-client-11.0.15.jar:/home/runner/.m2/repository/org/apache/httpcomponents/client5/httpclient5/5.2.1/httpclient5-5.2.1.jar:/home/runner/.m2/repository/org/apache/httpcomponents/core5/httpcore5/5.2/httpcore5-5.2.jar:/home/runner/.m2/repository/org/apache/httpcomponents/core5/httpcore5-h2/5.2/httpcore5-h2-5.2.jar:/home/runner/.m2/repository/org/xmlunit/xmlunit-core/2.9.1/xmlunit-core-2.9.1.jar:/home/runner/.m2/repository/jakarta/xml/bind/jakarta.xml.bind-api/4.0.2/jakarta.xml.bind-api-4.0.2.jar:/home/runner/.m2/repository/org/xmlunit/xmlunit-legacy/2.9.1/xmlunit-legacy-2.9.1.jar:/home/runner/.m2/repository/org/xmlunit/xmlunit-placeholders/2.9.1/xmlunit-placeholders-2.9.1.jar:/home/runner/.m2/repository/net/javacrumbs/json-unit/json-unit-core/2.38.0/json-unit-core-2.38.0.jar:/home/runner/.m2/repository/org/hamcrest/hamcrest-core/2.2/hamcrest-core-2.2.jar:/home/runner/.m2/repository/com/jayway/jsonpath/json-path/2.8.0/json-path-2.8.0.jar:/home/runner/.m2/repository/net/minidev/json-smart/2.4.10/json-smart-2.4.10.jar:/home/runner/.m2/repository/net/minidev/accessors-smart/2.4.9/accessors-smart-2.4.9.jar:/home/runner/.m2/repository/org/ow2/asm/asm/9.7.1/asm-9.7.1.jar:/home/runner/.m2/repository/net/sf/jopt-simple/jopt-simple/5.0.4/jopt-simple-5.0.4.jar:/home/runner/.m2/repository/com/github/jknack/handlebars/4.3.1/handlebars-4.3.1.jar:/home/runner/.m2/repository/com/github/jknack/handlebars-helpers/4.3.1/handlebars-helpers-4.3.1.jar:/home/runner/.m2/repository/commons-fileupload/commons-fileupload/1.5/commons-fileupload-1.5.jar:/home/runner/.m2/repository/com/networknt/json-schema-validator/1.5.8/json-schema-validator-1.5.8.jar:/home/runner/.m2/repository/com/ethlo/time/itu/1.10.3/itu-1.10.3.jar:/home/runner/.m2/repository/io/quarkus/quarkus-smallrye-jwt-build/3.20.2/quarkus-smallrye-jwt-build-3.20.2.jar:/home/runner/.m2/repository/io/smallrye/smallrye-jwt-build/4.6.2/smallrye-jwt-build-4.6.2.jar:/home/runner/.m2/repository/org/eclipse/microprofile/jwt/microprofile-jwt-auth-api/2.1/microprofile-jwt-auth-api-2.1.jar:/home/runner/.m2/repository/org/bitbucket/b_c/jose4j/0.9.6/jose4j-0.9.6.jar:/home/runner/.m2/repository/io/smallrye/smallrye-jwt-common/4.6.2/smallrye-jwt-common-4.6.2.jar:/home/runner/.m2/repository/io/quarkus/quarkus-jsonp/3.20.2/quarkus-jsonp-3.20.2.jar:/home/runner/.m2/repository/io/quarkus/quarkus-arc/3.20.2/quarkus-arc-3.20.2.jar:/home/runner/.m2/repository/io/quarkus/arc/arc/3.20.2/arc-3.20.2.jar:/home/runner/.m2/repository/jakarta/transaction/jakarta.transaction-api/2.0.1/jakarta.transaction-api-2.0.1.jar:/home/runner/.m2/repository/io/smallrye/reactive/mutiny/2.9.2/mutiny-2.9.2.jar:/home/runner/.m2/repository/org/jctools/jctools-core/4.0.5/jctools-core-4.0.5.jar:/home/runner/.m2/repository/org/eclipse/microprofile/context-propagation/microprofile-context-propagation-api/1.3/microprofile-context-propagation-api-1.3.jar:/home/runner/.m2/repository/io/apicurio/apicurio-common-rest-client-common/0.1.18.Final/apicurio-common-rest-client-common-0.1.18.Final.jar:/home/runner/work/apicurio-testing/apicurio-testing/clusters/ci419/namespaces/mysql/tests/integration/apicurio-registry/utils/maven-plugin/target/apicurio-registry-maven-plugin-3.0.12-SNAPSHOT.jar:/home/runner/.m2/repository/com/fasterxml/jackson/core/jackson-databind/2.18.2/jackson-databind-2.18.2.jar:/home/runner/.m2/repository/org/apache/avro/avro/1.12.0/avro-1.12.0.jar:/home/runner/.m2/repository/com/google/protobuf/protobuf-java/4.31.1/protobuf-java-4.31.1.jar:/home/runner/.m2/repository/com/google/protobuf/protobuf-java-util/4.31.1/protobuf-java-util-4.31.1.jar:/home/runner/.m2/repository/com/google/code/findbugs/jsr305/3.0.2/jsr305-3.0.2.jar:/home/runner/.m2/repository/com/google/code/gson/gson/2.12.1/gson-2.12.1.jar:/home/runner/.m2/repository/com/google/errorprone/error_prone_annotations/2.36.0/error_prone_annotations-2.36.0.jar:/home/runner/.m2/repository/com/google/j2objc/j2objc-annotations/2.8/j2objc-annotations-2.8.jar:/home/runner/work/apicurio-testing/apicurio-testing/clusters/ci419/namespaces/mysql/tests/integration/apicurio-registry/schema-util/util-provider/target/apicurio-registry-schema-util-provider-3.0.12-SNAPSHOT.jar:/home/runner/work/apicurio-testing/apicurio-testing/clusters/ci419/namespaces/mysql/tests/integration/apicurio-registry/schema-util/common/target/apicurio-registry-schema-util-common-3.0.12-SNAPSHOT.jar:/home/runner/.m2/repository/com/fasterxml/jackson/module/jackson-module-parameter-names/2.18.2/jackson-module-parameter-names-2.18.2.jar:/home/runner/.m2/repository/com/fasterxml/jackson/datatype/jackson-datatype-json-org/2.18.2/jackson-datatype-json-org-2.18.2.jar:/home/runner/work/apicurio-testing/apicurio-testing/clusters/ci419/namespaces/mysql/tests/integration/apicurio-registry/schema-util/json/target/apicurio-registry-schema-util-json-3.0.12-SNAPSHOT.jar:/home/runner/.m2/repository/com/github/erosb/everit-json-schema/1.14.5/everit-json-schema-1.14.5.jar:/home/runner/.m2/repository/commons-validator/commons-validator/1.9.0/commons-validator-1.9.0.jar:/home/runner/.m2/repository/commons-digester/commons-digester/2.1/commons-digester-2.1.jar:/home/runner/.m2/repository/commons-collections/commons-collections/3.2.2/commons-collections-3.2.2.jar:/home/runner/.m2/repository/com/damnhandy/handy-uri-templates/2.1.8/handy-uri-templates-2.1.8.jar:/home/runner/.m2/repository/joda-time/joda-time/2.10.2/joda-time-2.10.2.jar:/home/runner/.m2/repository/com/github/erosb/json-sKema/0.20.0/json-sKema-0.20.0.jar:/home/runner/.m2/repository/io/vertx/vertx-json-schema/4.5.16/vertx-json-schema-4.5.16.jar:/home/runner/work/apicurio-testing/apicurio-testing/clusters/ci419/namespaces/mysql/tests/integration/apicurio-registry/schema-util/protobuf/target/apicurio-registry-schema-util-protobuf-3.0.12-SNAPSHOT.jar:/home/runner/work/apicurio-testing/apicurio-testing/clusters/ci419/namespaces/mysql/tests/integration/apicurio-registry/utils/protobuf-schema-utilities/target/apicurio-registry-protobuf-schema-utilities-3.0.12-SNAPSHOT.jar:/home/runner/.m2/repository/com/google/api/grpc/proto-google-common-protos/2.52.0/proto-google-common-protos-2.52.0.jar:/home/runner/.m2/repository/com/squareup/wire/wire-schema-jvm/5.3.3/wire-schema-jvm-5.3.3.jar:/home/runner/.m2/repository/com/palantir/javapoet/javapoet/0.6.0/javapoet-0.6.0.jar:/home/runner/.m2/repository/com/squareup/kotlinpoet-jvm/2.0.0/kotlinpoet-jvm-2.0.0.jar:/home/runner/.m2/repository/org/jetbrains/kotlin/kotlin-reflect/2.0.21/kotlin-reflect-2.0.21.jar:/home/runner/.m2/repository/com/squareup/wire/wire-runtime-jvm/5.3.3/wire-runtime-jvm-5.3.3.jar:/home/runner/.m2/repository/com/ibm/icu/icu4j/76.1/icu4j-76.1.jar:/home/runner/.m2/repository/com/squareup/okio/okio-fakefilesystem/3.10.2/okio-fakefilesystem-3.10.2.jar:/home/runner/.m2/repository/com/squareup/okio/okio-fakefilesystem-jvm/3.10.2/okio-fakefilesystem-jvm-3.10.2.jar:/home/runner/.m2/repository/org/jetbrains/kotlinx/kotlinx-datetime-jvm/0.6.1/kotlinx-datetime-jvm-0.6.1.jar:/home/runner/work/apicurio-testing/apicurio-testing/clusters/ci419/namespaces/mysql/tests/integration/apicurio-registry/schema-util/asyncapi/target/apicurio-registry-schema-util-asyncapi-3.0.12-SNAPSHOT.jar:/home/runner/work/apicurio-testing/apicurio-testing/clusters/ci419/namespaces/mysql/tests/integration/apicurio-registry/schema-util/avro/target/apicurio-registry-schema-util-avro-3.0.12-SNAPSHOT.jar:/home/runner/work/apicurio-testing/apicurio-testing/clusters/ci419/namespaces/mysql/tests/integration/apicurio-registry/schema-util/graphql/target/apicurio-registry-schema-util-graphql-3.0.12-SNAPSHOT.jar:/home/runner/.m2/repository/com/graphql-java/graphql-java/22.4/graphql-java-22.4.jar:/home/runner/.m2/repository/com/graphql-java/java-dataloader/3.3.0/java-dataloader-3.3.0.jar:/home/runner/work/apicurio-testing/apicurio-testing/clusters/ci419/namespaces/mysql/tests/integration/apicurio-registry/schema-util/kconnect/target/apicurio-registry-schema-util-kconnect-3.0.12-SNAPSHOT.jar:/home/runner/work/apicurio-testing/apicurio-testing/clusters/ci419/namespaces/mysql/tests/integration/apicurio-registry/schema-util/openapi/target/apicurio-registry-schema-util-openapi-3.0.12-SNAPSHOT.jar:/home/runner/.m2/repository/io/apicurio/apicurio-data-models/2.2.2/apicurio-data-models-2.2.2.jar:/home/runner/.m2/repository/org/openapitools/openapidiff/openapi-diff-core/2.1.2/openapi-diff-core-2.1.2.jar:/home/runner/.m2/repository/io/swagger/parser/v3/swagger-parser/2.1.28/swagger-parser-2.1.28.jar:/home/runner/.m2/repository/io/swagger/parser/v3/swagger-parser-v2-converter/2.1.28/swagger-parser-v2-converter-2.1.28.jar:/home/runner/.m2/repository/io/swagger/swagger-core/1.6.16/swagger-core-1.6.16.jar:/home/runner/.m2/repository/io/swagger/swagger-models/1.6.16/swagger-models-1.6.16.jar:/home/runner/.m2/repository/io/swagger/swagger-annotations/1.6.16/swagger-annotations-1.6.16.jar:/home/runner/.m2/repository/io/swagger/swagger-parser/1.0.75/swagger-parser-1.0.75.jar:/home/runner/.m2/repository/io/swagger/swagger-parser-safe-url-resolver/1.0.75/swagger-parser-safe-url-resolver-1.0.75.jar:/home/runner/.m2/repository/io/swagger/swagger-compat-spec-parser/1.0.75/swagger-compat-spec-parser-1.0.75.jar:/home/runner/.m2/repository/com/github/java-json-tools/json-schema-validator/2.2.14/json-schema-validator-2.2.14.jar:/home/runner/.m2/repository/com/github/java-json-tools/jackson-coreutils-equivalence/1.0/jackson-coreutils-equivalence-1.0.jar:/home/runner/.m2/repository/com/github/java-json-tools/json-schema-core/1.2.14/json-schema-core-1.2.14.jar:/home/runner/.m2/repository/com/github/java-json-tools/uri-template/0.10/uri-template-0.10.jar:/home/runner/.m2/repository/com/googlecode/libphonenumber/libphonenumber/8.11.1/libphonenumber-8.11.1.jar:/home/runner/.m2/repository/com/j2html/j2html/1.6.0/j2html-1.6.0.jar:/home/runner/.m2/repository/org/apache/commons/commons-collections4/4.5.0/commons-collections4-4.5.0.jar:/home/runner/.m2/repository/org/slf4j/jcl-over-slf4j/2.0.17/jcl-over-slf4j-2.0.17.jar:/home/runner/.m2/repository/io/swagger/parser/v3/swagger-parser-v3/2.1.31/swagger-parser-v3-2.1.31.jar:/home/runner/.m2/repository/io/swagger/core/v3/swagger-models/2.2.34/swagger-models-2.2.34.jar:/home/runner/.m2/repository/io/swagger/core/v3/swagger-core/2.2.34/swagger-core-2.2.34.jar:/home/runner/.m2/repository/io/swagger/parser/v3/swagger-parser-core/2.1.31/swagger-parser-core-2.1.31.jar:/home/runner/.m2/repository/io/swagger/parser/v3/swagger-parser-safe-url-resolver/2.1.31/swagger-parser-safe-url-resolver-2.1.31.jar:/home/runner/work/apicurio-testing/apicurio-testing/clusters/ci419/namespaces/mysql/tests/integration/apicurio-registry/schema-util/wsdl/target/apicurio-registry-schema-util-wsdl-3.0.12-SNAPSHOT.jar:/home/runner/.m2/repository/wsdl4j/wsdl4j/1.6.3/wsdl4j-1.6.3.jar:/home/runner/work/apicurio-testing/apicurio-testing/clusters/ci419/namespaces/mysql/tests/integration/apicurio-registry/schema-util/xml/target/apicurio-registry-schema-util-xml-3.0.12-SNAPSHOT.jar:/home/runner/.m2/repository/org/apache/santuario/xmlsec/4.0.4/xmlsec-4.0.4.jar:/home/runner/.m2/repository/com/fasterxml/woodstox/woodstox-core/7.1.1/woodstox-core-7.1.1.jar:/home/runner/.m2/repository/org/codehaus/woodstox/stax2-api/4.2.2/stax2-api-4.2.2.jar:/home/runner/work/apicurio-testing/apicurio-testing/clusters/ci419/namespaces/mysql/tests/integration/apicurio-registry/schema-util/xsd/target/apicurio-registry-schema-util-xsd-3.0.12-SNAPSHOT.jar:/home/runner/work/apicurio-testing/apicurio-testing/clusters/ci419/namespaces/mysql/tests/integration/apicurio-registry/serdes/kafka/jsonschema-serde/target/apicurio-registry-jsonschema-serde-kafka-3.0.12-SNAPSHOT.jar:/home/runner/work/apicurio-testing/apicurio-testing/clusters/ci419/namespaces/mysql/tests/integration/apicurio-registry/serdes/kafka/serde-kafka-common/target/apicurio-registry-serde-kafka-common-3.0.12-SNAPSHOT.jar:/home/runner/work/apicurio-testing/apicurio-testing/clusters/ci419/namespaces/mysql/tests/integration/apicurio-registry/serdes/generic/serde-common/target/apicurio-registry-serde-common-3.0.12-SNAPSHOT.jar:/home/runner/work/apicurio-testing/apicurio-testing/clusters/ci419/namespaces/mysql/tests/integration/apicurio-registry/serdes/generic/serde-common-jsonschema/target/apicurio-registry-serde-common-jsonschema-3.0.12-SNAPSHOT.jar:/home/runner/.m2/repository/org/json/json/20250107/json-20250107.jar:/home/runner/work/apicurio-testing/apicurio-testing/clusters/ci419/namespaces/mysql/tests/integration/apicurio-registry/serdes/kafka/avro-serde/target/apicurio-registry-avro-serde-kafka-3.0.12-SNAPSHOT.jar:/home/runner/work/apicurio-testing/apicurio-testing/clusters/ci419/namespaces/mysql/tests/integration/apicurio-registry/serdes/generic/serde-common-avro/target/apicurio-registry-serde-common-avro-3.0.12-SNAPSHOT.jar:/home/runner/work/apicurio-testing/apicurio-testing/clusters/ci419/namespaces/mysql/tests/integration/apicurio-registry/serdes/kafka/protobuf-serde/target/apicurio-registry-protobuf-serde-kafka-3.0.12-SNAPSHOT.jar:/home/runner/work/apicurio-testing/apicurio-testing/clusters/ci419/namespaces/mysql/tests/integration/apicurio-registry/serdes/generic/serde-common-protobuf/target/apicurio-registry-serde-common-protobuf-3.0.12-SNAPSHOT.jar:/home/runner/.m2/repository/com/squareup/wire/wire-schema/5.3.3/wire-schema-5.3.3.jar:/home/runner/.m2/repository/com/squareup/wire/wire-runtime/5.3.3/wire-runtime-5.3.3.jar:/home/runner/work/apicurio-testing/apicurio-testing/clusters/ci419/namespaces/mysql/tests/integration/apicurio-registry/serdes/pulsar/avro-serde/target/apicurio-registry-avro-serde-pulsar-3.0.12-SNAPSHOT.jar:/home/runner/.m2/repository/org/apache/pulsar/pulsar-functions-api/3.3.8/pulsar-functions-api-3.3.8.jar:/home/runner/work/apicurio-testing/apicurio-testing/clusters/ci419/namespaces/mysql/tests/integration/apicurio-registry/serdes/nats/avro-serde/target/apicurio-registry-avro-serde-nats-3.0.12-SNAPSHOT.jar:/home/runner/.m2/repository/io/nats/jnats/2.21.4/jnats-2.21.4.jar:/home/runner/.m2/repository/org/bouncycastle/bcprov-lts8on/2.73.7/bcprov-lts8on-2.73.7.jar:/home/runner/.m2/repository/org/jetbrains/annotations/26.0.2/annotations-26.0.2.jar:/home/runner/work/apicurio-testing/apicurio-testing/clusters/ci419/namespaces/mysql/tests/integration/apicurio-registry/utils/converter/target/apicurio-registry-utils-converter-3.0.12-SNAPSHOT.jar:/home/runner/work/apicurio-testing/apicurio-testing/clusters/ci419/namespaces/mysql/tests/integration/apicurio-registry/schema-resolver/target/apicurio-registry-schema-resolver-3.0.12-SNAPSHOT.jar:/home/runner/.m2/repository/org/apache/kafka/connect-api/3.9.1/connect-api-3.9.1.jar:/home/runner/.m2/repository/javax/ws/rs/javax.ws.rs-api/2.1.1/javax.ws.rs-api-2.1.1.jar:/home/runner/.m2/repository/org/apache/kafka/connect-json/3.9.1/connect-json-3.9.1.jar:/home/runner/.m2/repository/com/fasterxml/jackson/datatype/jackson-datatype-jdk8/2.18.2/jackson-datatype-jdk8-2.18.2.jar:/home/runner/.m2/repository/com/fasterxml/jackson/module/jackson-module-afterburner/2.18.2/jackson-module-afterburner-2.18.2.jar:/home/runner/work/apicurio-testing/apicurio-testing/clusters/ci419/namespaces/mysql/tests/integration/apicurio-registry/utils/kafka/target/apicurio-registry-utils-kafka-3.0.12-SNAPSHOT.jar:/home/runner/.m2/repository/org/apache/pulsar/pulsar-client/3.3.8/pulsar-client-3.3.8.jar:/home/runner/.m2/repository/org/apache/pulsar/pulsar-client-api/3.3.8/pulsar-client-api-3.3.8.jar:/home/runner/.m2/repository/org/apache/pulsar/pulsar-client-admin-api/3.3.8/pulsar-client-admin-api-3.3.8.jar:/home/runner/.m2/repository/org/apache/pulsar/bouncy-castle-bc/3.3.8/bouncy-castle-bc-3.3.8-pkg.jar:/home/runner/.m2/repository/org/bouncycastle/bcpkix-jdk18on/1.81/bcpkix-jdk18on-1.81.jar:/home/runner/.m2/repository/org/bouncycastle/bcutil-jdk18on/1.81/bcutil-jdk18on-1.81.jar:/home/runner/.m2/repository/org/bouncycastle/bcprov-jdk18on/1.81/bcprov-jdk18on-1.81.jar:/home/runner/.m2/repository/io/opentelemetry/opentelemetry-api/1.44.1/opentelemetry-api-1.44.1.jar:/home/runner/.m2/repository/io/opentelemetry/opentelemetry-context/1.44.1/opentelemetry-context-1.44.1.jar:/home/runner/.m2/repository/io/opentelemetry/opentelemetry-api-incubator/1.44.1-alpha/opentelemetry-api-incubator-1.44.1-alpha.jar:/home/runner/.m2/repository/com/fasterxml/jackson/core/jackson-annotations/2.18.2/jackson-annotations-2.18.2.jar:/home/runner/.m2/repository/javax/validation/validation-api/1.1.0.Final/validation-api-1.1.0.Final.jar:/home/runner/.m2/repository/org/jspecify/jspecify/1.0.0/jspecify-1.0.0.jar:/home/runner/.m2/repository/org/apache/commons/commons-configuration2/2.12.0/commons-configuration2-2.12.0.jar:/home/runner/.m2/repository/commons-logging/commons-logging/1.3.5/commons-logging-1.3.5.jar:/home/runner/.m2/repository/org/apache/commons/commons-text/1.13.0/commons-text-1.13.0.jar:/home/runner/.m2/repository/io/confluent/kafka-avro-serializer/8.0.0/kafka-avro-serializer-8.0.0.jar:/home/runner/.m2/repository/org/apache/commons/commons-compress/1.27.1/commons-compress-1.27.1.jar:/home/runner/.m2/repository/io/confluent/kafka-schema-serializer/8.0.0/kafka-schema-serializer-8.0.0.jar:/home/runner/.m2/repository/com/fasterxml/jackson/dataformat/jackson-dataformat-csv/2.18.2/jackson-dataformat-csv-2.18.2.jar:/home/runner/.m2/repository/io/confluent/kafka-schema-registry-client/8.0.0/kafka-schema-registry-client-8.0.0.jar:/home/runner/.m2/repository/org/yaml/snakeyaml/2.3/snakeyaml-2.3.jar:/home/runner/.m2/repository/io/swagger/core/v3/swagger-annotations/2.2.29/swagger-annotations-2.2.29.jar:/home/runner/.m2/repository/com/google/guava/guava/33.4.0-jre/guava-33.4.0-jre.jar:/home/runner/.m2/repository/com/google/guava/failureaccess/1.0.1/failureaccess-1.0.1.jar:/home/runner/.m2/repository/org/checkerframework/checker-qual/3.49.0/checker-qual-3.49.0.jar:/home/runner/.m2/repository/io/confluent/logredactor/1.0.13/logredactor-1.0.13.jar:/home/runner/.m2/repository/com/google/re2j/re2j/1.6/re2j-1.6.jar:/home/runner/.m2/repository/io/confluent/logredactor-metrics/1.0.13/logredactor-metrics-1.0.13.jar:/home/runner/.m2/repository/com/eclipsesource/minimal-json/minimal-json/0.9.5/minimal-json-0.9.5.jar:/home/runner/.m2/repository/io/confluent/common-utils/8.0.0/common-utils-8.0.0.jar:/home/runner/.m2/repository/io/confluent/kafka-connect-avro-converter/8.0.0/kafka-connect-avro-converter-8.0.0.jar:/home/runner/.m2/repository/io/confluent/kafka-connect-avro-data/8.0.0/kafka-connect-avro-data-8.0.0.jar:/home/runner/.m2/repository/io/confluent/kafka-schema-converter/8.0.0/kafka-schema-converter-8.0.0.jar:/home/runner/.m2/repository/io/rest-assured/rest-assured/5.5.1/rest-assured-5.5.1.jar:/home/runner/.m2/repository/org/apache/groovy/groovy/4.0.22/groovy-4.0.22.jar:/home/runner/.m2/repository/org/apache/groovy/groovy-xml/4.0.22/groovy-xml-4.0.22.jar:/home/runner/.m2/repository/org/apache/httpcomponents/httpclient/4.5.14/httpclient-4.5.14.jar:/home/runner/.m2/repository/org/apache/httpcomponents/httpcore/4.4.16/httpcore-4.4.16.jar:/home/runner/.m2/repository/org/apache/httpcomponents/httpmime/4.5.14/httpmime-4.5.14.jar:/home/runner/.m2/repository/org/hamcrest/hamcrest/2.2/hamcrest-2.2.jar:/home/runner/.m2/repository/org/ccil/cowan/tagsoup/tagsoup/1.2.1/tagsoup-1.2.1.jar:/home/runner/.m2/repository/io/rest-assured/json-path/5.5.1/json-path-5.5.1.jar:/home/runner/.m2/repository/org/apache/groovy/groovy-json/4.0.22/groovy-json-4.0.22.jar:/home/runner/.m2/repository/io/rest-assured/rest-assured-common/5.5.1/rest-assured-common-5.5.1.jar:/home/runner/.m2/repository/io/rest-assured/xml-path/5.5.1/xml-path-5.5.1.jar:/home/runner/.m2/repository/io/zonky/test/embedded-postgres/2.1.0/embedded-postgres-2.1.0.jar:/home/runner/.m2/repository/io/zonky/test/postgres/embedded-postgres-binaries-windows-amd64/14.15.0/embedded-postgres-binaries-windows-amd64-14.15.0.jar:/home/runner/.m2/repository/io/zonky/test/postgres/embedded-postgres-binaries-darwin-amd64/14.15.0/embedded-postgres-binaries-darwin-amd64-14.15.0.jar:/home/runner/.m2/repository/io/zonky/test/postgres/embedded-postgres-binaries-linux-amd64/14.15.0/embedded-postgres-binaries-linux-amd64-14.15.0.jar:/home/runner/.m2/repository/io/zonky/test/postgres/embedded-postgres-binaries-linux-amd64-alpine/14.15.0/embedded-postgres-binaries-linux-amd64-alpine-14.15.0.jar:/home/runner/.m2/repository/org/apache/commons/commons-lang3/3.17.0/commons-lang3-3.17.0.jar:/home/runner/.m2/repository/org/tukaani/xz/1.10/xz-1.10.jar:/home/runner/.m2/repository/commons-codec/commons-codec/1.19.0/commons-codec-1.19.0.jar:/home/runner/.m2/repository/org/postgresql/postgresql/42.7.7/postgresql-42.7.7.jar:/home/runner/.m2/repository/commons-io/commons-io/2.18.0/commons-io-2.18.0.jar:/home/runner/work/apicurio-testing/apicurio-testing/clusters/ci419/namespaces/mysql/tests/integration/apicurio-registry/utils/importexport/target/apicurio-registry-utils-import-export-3.0.12-SNAPSHOT.jar:/home/runner/.m2/repository/io/vertx/vertx-core/4.5.16/vertx-core-4.5.16.jar:/home/runner/.m2/repository/io/netty/netty-common/4.1.121.Final/netty-common-4.1.121.Final.jar:/home/runner/.m2/repository/io/netty/netty-buffer/4.1.121.Final/netty-buffer-4.1.121.Final.jar:/home/runner/.m2/repository/io/netty/netty-transport/4.1.121.Final/netty-transport-4.1.121.Final.jar:/home/runner/.m2/repository/io/netty/netty-handler/4.1.121.Final/netty-handler-4.1.121.Final.jar:/home/runner/.m2/repository/io/netty/netty-transport-native-unix-common/4.1.121.Final/netty-transport-native-unix-common-4.1.121.Final.jar:/home/runner/.m2/repository/io/netty/netty-codec/4.1.121.Final/netty-codec-4.1.121.Final.jar:/home/runner/.m2/repository/io/netty/netty-handler-proxy/4.1.121.Final/netty-handler-proxy-4.1.121.Final.jar:/home/runner/.m2/repository/io/netty/netty-codec-socks/4.1.121.Final/netty-codec-socks-4.1.121.Final.jar:/home/runner/.m2/repository/io/netty/netty-codec-http/4.1.121.Final/netty-codec-http-4.1.121.Final.jar:/home/runner/.m2/repository/io/netty/netty-codec-http2/4.1.121.Final/netty-codec-http2-4.1.121.Final.jar:/home/runner/.m2/repository/io/netty/netty-resolver/4.1.121.Final/netty-resolver-4.1.121.Final.jar:/home/runner/.m2/repository/io/netty/netty-resolver-dns/4.1.121.Final/netty-resolver-dns-4.1.121.Final.jar:/home/runner/.m2/repository/io/netty/netty-codec-dns/4.1.121.Final/netty-codec-dns-4.1.121.Final.jar:/home/runner/.m2/repository/com/fasterxml/jackson/core/jackson-core/2.18.2/jackson-core-2.18.2.jar:"/>
    <property name="sun.cpu.endian" value="little"/>
    <property name="user.home" value="/home/runner"/>
    <property name="user.language" value="en"/>
    <property name="jboss.log-version" value="false"/>
    <property name="java.specification.vendor" value="Oracle Corporation"/>
    <property name="java.version.date" value="2025-07-15"/>
    <property name="java.home" value="/usr/lib/jvm/temurin-17-jdk-amd64"/>
    <property name="file.separator" value="/"/>
    <property name="basedir" value="/home/runner/work/apicurio-testing/apicurio-testing/clusters/ci419/namespaces/mysql/tests/integration/apicurio-registry/integration-tests"/>
    <property name="java.vm.compressedOopsMode" value="32-bit"/>
    <property name="line.separator" value="&#10;"/>
    <property name="java.specification.name" value="Java Platform API Specification"/>
    <property name="java.vm.specification.vendor" value="Oracle Corporation"/>
    <property name="quarkus.http.test-host" value="registry-app-mysql.apps.ci419.apicurio-testing.org"/>
    <property name="surefire.real.class.path" value="/home/runner/work/apicurio-testing/apicurio-testing/clusters/ci419/namespaces/mysql/tests/integration/apicurio-registry/integration-tests/target/surefire/surefirebooter-20250806153650939_3.jar"/>
    <property name="sun.management.compiler" value="HotSpot 64-Bit Tiered Compilers"/>
    <property name="org.eclipse.jetty.http.HttpGenerator.STRICT" value="true"/>
    <property name="java.runtime.version" value="17.0.16+8"/>
    <property name="user.name" value="runner"/>
    <property name="path.separator" value=":"/>
    <property name="os.version" value="6.8.0-1031-azure"/>
    <property name="java.runtime.name" value="OpenJDK Runtime Environment"/>
    <property name="file.encoding" value="UTF-8"/>
    <property name="jnidispatch.path" value="/home/runner/.cache/JNA/temp/jna1045507674671332891.tmp"/>
    <property name="java.vm.name" value="OpenJDK 64-Bit Server VM"/>
    <property name="jna.platform.library.path" value="/usr/lib/x86_64-linux-gnu:/lib/x86_64-linux-gnu:/usr/lib64:/lib64:/usr/lib:/lib:/lib32:/usr/local/lib:/usr/lib/x86_64-linux-gnu/libfakeroot"/>
    <property name="java.vendor.version" value="Temurin-17.0.16+8"/>
    <property name="quarkus.oidc.token-path" value="https://keycloak-mysql.apps.ci419.apicurio-testing.org/realms/registry/protocol/openid-connect/token"/>
    <property name="quarkus.http.host" value="registry-app-mysql.apps.ci419.apicurio-testing.org"/>
    <property name="localRepository" value="/home/runner/.m2/repository"/>
    <property name="javax.xml.xpath.XPathFactory:http://java.sun.com/jaxp/xpath/dom" value="com.sun.org.apache.xpath.internal.jaxp.XPathFactoryImpl"/>
    <property name="jna.loaded" value="true"/>
    <property name="java.vendor.url.bug" value="https://github.com/adoptium/adoptium-support/issues"/>
    <property name="jetty.git.hash" value="5bc5e562c8d05c5862505aebe5cf83a61bdbcb96"/>
    <property name="java.io.tmpdir" value="/tmp"/>
    <property name="quarkus.http.test-protocol" value="http"/>
    <property name="java.version" value="17.0.16"/>
    <property name="user.dir" value="/home/runner/work/apicurio-testing/apicurio-testing/clusters/ci419/namespaces/mysql/tests/integration/apicurio-registry/integration-tests"/>
    <property name="os.arch" value="amd64"/>
    <property name="groups" value="( smoke | serdes | acceptance | ui)"/>
    <property name="java.vm.specification.name" value="Java Virtual Machine Specification"/>
    <property name="native.encoding" value="UTF-8"/>
    <property name="java.util.logging.manager" value="org.jboss.logmanager.LogManager"/>
    <property name="java.library.path" value="/usr/java/packages/lib:/usr/lib64:/lib64:/lib:/usr/lib"/>
    <property name="jdk.console" value="java.base"/>
    <property name="java.vm.info" value="mixed mode, sharing"/>
    <property name="java.vendor" value="Eclipse Adoptium"/>
    <property name="java.vm.version" value="17.0.16+8"/>
    <property name="java.specification.maintenance.version" value="1"/>
    <property name="sun.io.unicode.encoding" value="UnicodeLittle"/>
    <property name="javax.xml.transform.TransformerFactory" value="com.sun.org.apache.xalan.internal.xsltc.trax.TransformerFactoryImpl"/>
    <property name="java.class.version" value="61.0"/>
  </properties>
  <testcase name="testGlobalIdInHeaders" classname="io.apicurio.tests.serdes.apicurio.AvroSerdeIT" time="5.856">
    <system-out><![CDATA[**** Registry Base URL: http://registry-app-mysql.apps.ci419.apicurio-testing.org:80
**** Registry Base URL: http://registry-app-mysql.apps.ci419.apicurio-testing.org:80
2025-08-06 15:37:02,814 INFO  [io.api.tes.ser.api.AvroSerdeIT] (main) RestAssured configured with http://registry-app-mysql.apps.ci419.apicurio-testing.org:80/apis/registry/v3
2025-08-06 15:37:02,815 INFO  [io.api.tes.uti.KafkaFacade] (main) Starting kafka container
2025-08-06 15:37:02,861 INFO  [org.tes.ima.PullPolicy] (main) Image pull policy will be performed by: DefaultPullPolicy()
2025-08-06 15:37:02,863 INFO  [org.tes.uti.ImageNameSubstitutor] (main) Image name substitution will be performed by: DefaultImageNameSubstitutor (composite of 'ConfigurationFileImageNameSubstitutor' and 'PrefixingImageNameSubstitutor')
2025-08-06 15:37:02,872 INFO  [org.tes.DockerClientFactory] (main) Testcontainers version: 1.20.6
2025-08-06 15:37:03,359 INFO  [org.tes.doc.DockerClientProviderStrategy] (main) Found Docker environment with local Unix socket (unix:///var/run/docker.sock)
2025-08-06 15:37:03,367 INFO  [org.tes.DockerClientFactory] (main) Docker host IP address is localhost
2025-08-06 15:37:03,382 INFO  [org.tes.DockerClientFactory] (main) Connected to docker: 
  Server Version: 28.0.4
  API Version: 1.48
  Operating System: Ubuntu 22.04.5 LTS
  Total Memory: 7944 MB
2025-08-06 15:37:03,427 INFO  [tc.tes.11.0] (main) Pulling docker image: testcontainers/ryuk:0.11.0. Please be patient; this may take some time but only needs to be done once.
2025-08-06 15:37:03,892 INFO  [tc.tes.11.0] (docker-java-stream--1295187651) Starting to pull image
2025-08-06 15:37:03,914 INFO  [tc.tes.11.0] (docker-java-stream--1295187651) Pulling image layers:  0 pending,  0 downloaded,  0 extracted, (0 bytes/0 bytes)
2025-08-06 15:37:04,134 INFO  [tc.tes.11.0] (docker-java-stream--1295187651) Pulling image layers:  2 pending,  1 downloaded,  0 extracted, (80 KB/? MB)
2025-08-06 15:37:04,180 INFO  [tc.tes.11.0] (docker-java-stream--1295187651) Pulling image layers:  1 pending,  2 downloaded,  0 extracted, (116 KB/? MB)
2025-08-06 15:37:04,194 INFO  [tc.tes.11.0] (docker-java-stream--1295187651) Pulling image layers:  0 pending,  3 downloaded,  0 extracted, (144 KB/10 MB)
2025-08-06 15:37:04,304 INFO  [tc.tes.11.0] (docker-java-stream--1295187651) Pulling image layers:  0 pending,  3 downloaded,  1 extracted, (3 MB/10 MB)
2025-08-06 15:37:05,261 INFO  [tc.tes.11.0] (docker-java-stream--1295187651) Pulling image layers:  0 pending,  3 downloaded,  2 extracted, (4 MB/10 MB)
2025-08-06 15:37:05,310 INFO  [tc.tes.11.0] (docker-java-stream--1295187651) Pulling image layers:  0 pending,  3 downloaded,  3 extracted, (10 MB/10 MB)
2025-08-06 15:37:05,317 INFO  [tc.tes.11.0] (docker-java-stream--1295187651) Pull complete. 3 layers, pulled in 1s (downloaded 10 MB at 10 MB/s)
2025-08-06 15:37:05,317 INFO  [tc.tes.11.0] (main) Image testcontainers/ryuk:0.11.0 pull took PT1.889256369S
2025-08-06 15:37:05,339 INFO  [tc.tes.11.0] (main) Creating container for image: testcontainers/ryuk:0.11.0
2025-08-06 15:37:05,410 INFO  [tc.tes.11.0] (main) Container testcontainers/ryuk:0.11.0 is starting: ff0a11d0e70f9481d7b4a2f0604e24f8a204fa209c0e5288d71bff6e8f60c817
2025-08-06 15:37:06,455 INFO  [tc.tes.11.0] (main) Container testcontainers/ryuk:0.11.0 started in PT1.116105227S
2025-08-06 15:37:06,462 INFO  [org.tes.uti.RyukResourceReaper] (main) Ryuk started - will monitor and terminate Testcontainers containers on JVM exit
2025-08-06 15:37:06,462 INFO  [org.tes.DockerClientFactory] (main) Checking the system...
2025-08-06 15:37:06,463 INFO  [org.tes.DockerClientFactory] (main) ✔︎ Docker server version should be at least 1.6.0
2025-08-06 15:37:06,466 INFO  [io.str.tes.con.KafkaVersionService] (main) Latest release of Kafka is:LogicalKafkaVersionEntity{version='4.0.0', image='quay.io/strimzi-test-container/test-container:0.111.0-kafka-4.0.0'}
2025-08-06 15:37:06,468 INFO  [io.str.tes.con.KafkaVersionService] (main) Latest release of Kafka is:LogicalKafkaVersionEntity{version='4.0.0', image='quay.io/strimzi-test-container/test-container:0.111.0-kafka-4.0.0'}
2025-08-06 15:37:06,469 INFO  [io.str.tes.con.KafkaVersionService] (main) No Kafka version specified. Using latest release: 4.0.0
2025-08-06 15:37:06,474 INFO  [tc.qua.io/.111.0-k.0.0] (main) Pulling docker image: quay.io/strimzi-test-container/test-container:0.111.0-kafka-4.0.0. Please be patient; this may take some time but only needs to be done once.
2025-08-06 15:37:07,013 INFO  [tc.qua.io/.111.0-k.0.0] (docker-java-stream--29267298) Starting to pull image
2025-08-06 15:37:07,014 INFO  [tc.qua.io/.111.0-k.0.0] (docker-java-stream--29267298) Pulling image layers:  0 pending,  0 downloaded,  0 extracted, (0 bytes/0 bytes)
2025-08-06 15:37:07,484 INFO  [tc.qua.io/.111.0-k.0.0] (docker-java-stream--29267298) Pulling image layers:  6 pending,  1 downloaded,  0 extracted, (934 KB/? MB)
2025-08-06 15:37:07,592 INFO  [tc.qua.io/.111.0-k.0.0] (docker-java-stream--29267298) Pulling image layers:  5 pending,  2 downloaded,  0 extracted, (19 MB/? MB)
2025-08-06 15:37:07,752 INFO  [tc.qua.io/.111.0-k.0.0] (docker-java-stream--29267298) Pulling image layers:  4 pending,  3 downloaded,  0 extracted, (51 MB/? MB)
2025-08-06 15:37:07,950 INFO  [tc.qua.io/.111.0-k.0.0] (docker-java-stream--29267298) Pulling image layers:  3 pending,  4 downloaded,  0 extracted, (82 MB/? MB)
2025-08-06 15:37:08,067 INFO  [tc.qua.io/.111.0-k.0.0] (docker-java-stream--29267298) Pulling image layers:  2 pending,  5 downloaded,  0 extracted, (94 MB/? MB)
2025-08-06 15:37:08,685 INFO  [tc.qua.io/.111.0-k.0.0] (docker-java-stream--29267298) Pulling image layers:  1 pending,  6 downloaded,  0 extracted, (192 MB/? MB)
2025-08-06 15:37:09,017 INFO  [tc.qua.io/.111.0-k.0.0] (docker-java-stream--29267298) Pulling image layers:  1 pending,  6 downloaded,  1 extracted, (225 MB/? MB)
2025-08-06 15:37:09,182 INFO  [tc.qua.io/.111.0-k.0.0] (docker-java-stream--29267298) Pulling image layers:  0 pending,  7 downloaded,  1 extracted, (242 MB/249 MB)
2025-08-06 15:37:11,254 INFO  [tc.qua.io/.111.0-k.0.0] (docker-java-stream--29267298) Pulling image layers:  0 pending,  7 downloaded,  2 extracted, (243 MB/249 MB)
2025-08-06 15:37:12,812 INFO  [tc.qua.io/.111.0-k.0.0] (docker-java-stream--29267298) Pulling image layers:  0 pending,  7 downloaded,  3 extracted, (246 MB/249 MB)
2025-08-06 15:37:12,827 INFO  [tc.qua.io/.111.0-k.0.0] (docker-java-stream--29267298) Pulling image layers:  0 pending,  7 downloaded,  4 extracted, (246 MB/249 MB)
2025-08-06 15:37:13,979 INFO  [tc.qua.io/.111.0-k.0.0] (docker-java-stream--29267298) Pulling image layers:  0 pending,  7 downloaded,  5 extracted, (247 MB/249 MB)
2025-08-06 15:37:14,019 INFO  [tc.qua.io/.111.0-k.0.0] (docker-java-stream--29267298) Pulling image layers:  0 pending,  7 downloaded,  6 extracted, (249 MB/249 MB)
2025-08-06 15:37:14,038 INFO  [tc.qua.io/.111.0-k.0.0] (docker-java-stream--29267298) Pulling image layers:  0 pending,  7 downloaded,  7 extracted, (249 MB/249 MB)
2025-08-06 15:37:14,047 INFO  [tc.qua.io/.111.0-k.0.0] (docker-java-stream--29267298) Pull complete. 7 layers, pulled in 7s (downloaded 249 MB at 35 MB/s)
2025-08-06 15:37:14,047 INFO  [tc.qua.io/.111.0-k.0.0] (main) Image quay.io/strimzi-test-container/test-container:0.111.0-kafka-4.0.0 pull took PT7.572314097S
2025-08-06 15:37:14,050 INFO  [tc.qua.io/.111.0-k.0.0] (main) Creating container for image: quay.io/strimzi-test-container/test-container:0.111.0-kafka-4.0.0
2025-08-06 15:37:14,123 INFO  [tc.qua.io/.111.0-k.0.0] (main) Container quay.io/strimzi-test-container/test-container:0.111.0-kafka-4.0.0 is starting: 7ab90ff8f00b848f888b1c4f1d1b4668da8e62f7aaa07716e9d1a37907be5e90
2025-08-06 15:37:14,291 INFO  [io.str.tes.con.StrimziKafkaContainer] (main) Mapped port: 32769
2025-08-06 15:37:14,291 WARN  [io.str.tes.con.StrimziKafkaContainer] (main) Node ID is not set. Using broker ID 0 as the default node ID.
2025-08-06 15:37:14,292 INFO  [io.str.tes.con.StrimziKafkaContainer] (main) This is all advertised listeners for Kafka PLAINTEXT://localhost:32769,BROKER1://172.18.0.2:9091,CONTROLLER://broker-0:9094
2025-08-06 15:37:14,319 INFO  [io.str.tes.con.StrimziKafkaContainer] (main) New `cluster.id` has been generated: dgPJ9z-1S5ugXzLx2i-R9Q
2025-08-06 15:37:14,320 INFO  [io.str.tes.con.StrimziKafkaContainer] (main) Copying command to 'STARTER_SCRIPT' script.
2025-08-06 15:37:19,433 INFO  [tc.qua.io/.111.0-k.0.0] (main) Container quay.io/strimzi-test-container/test-container:0.111.0-kafka-4.0.0 started in PT5.382980667S
2025-08-06 15:37:19,434 INFO  [io.api.tes.uti.TestSeparator] (main) ############################################################################
2025-08-06 15:37:19,437 INFO  [io.api.tes.uti.TestSeparator] (main) io.apicurio.tests.serdes.apicurio.AvroSerdeIT.testGlobalIdInHeaders-STARTED
2025-08-06 15:37:19,447 INFO  [org.apa.kaf.cli.adm.AdminClientConfig] (main) AdminClientConfig values: 
	auto.include.jmx.reporter = true
	bootstrap.controllers = []
	bootstrap.servers = [PLAINTEXT://localhost:32769]
	client.dns.lookup = use_all_dns_ips
	client.id = 
	connections.max.idle.ms = 10000
	default.api.timeout.ms = 60000
	enable.metrics.push = true
	metadata.max.age.ms = 300000
	metadata.recovery.strategy = none
	metric.reporters = []
	metrics.num.samples = 2
	metrics.recording.level = INFO
	metrics.sample.window.ms = 30000
	receive.buffer.bytes = 65536
	reconnect.backoff.max.ms = 1000
	reconnect.backoff.ms = 50
	request.timeout.ms = 5000
	retries = 2147483647
	retry.backoff.max.ms = 1000
	retry.backoff.ms = 100
	sasl.client.callback.handler.class = null
	sasl.jaas.config = null
	sasl.kerberos.kinit.cmd = /usr/bin/kinit
	sasl.kerberos.min.time.before.relogin = 60000
	sasl.kerberos.service.name = null
	sasl.kerberos.ticket.renew.jitter = 0.05
	sasl.kerberos.ticket.renew.window.factor = 0.8
	sasl.login.callback.handler.class = null
	sasl.login.class = null
	sasl.login.connect.timeout.ms = null
	sasl.login.read.timeout.ms = null
	sasl.login.refresh.buffer.seconds = 300
	sasl.login.refresh.min.period.seconds = 60
	sasl.login.refresh.window.factor = 0.8
	sasl.login.refresh.window.jitter = 0.05
	sasl.login.retry.backoff.max.ms = 10000
	sasl.login.retry.backoff.ms = 100
	sasl.mechanism = GSSAPI
	sasl.oauthbearer.clock.skew.seconds = 30
	sasl.oauthbearer.expected.audience = null
	sasl.oauthbearer.expected.issuer = null
	sasl.oauthbearer.header.urlencode = false
	sasl.oauthbearer.jwks.endpoint.refresh.ms = 3600000
	sasl.oauthbearer.jwks.endpoint.retry.backoff.max.ms = 10000
	sasl.oauthbearer.jwks.endpoint.retry.backoff.ms = 100
	sasl.oauthbearer.jwks.endpoint.url = null
	sasl.oauthbearer.scope.claim.name = scope
	sasl.oauthbearer.sub.claim.name = sub
	sasl.oauthbearer.token.endpoint.url = null
	security.protocol = PLAINTEXT
	security.providers = null
	send.buffer.bytes = 131072
	socket.connection.setup.timeout.max.ms = 30000
	socket.connection.setup.timeout.ms = 10000
	ssl.cipher.suites = null
	ssl.enabled.protocols = [TLSv1.2, TLSv1.3]
	ssl.endpoint.identification.algorithm = https
	ssl.engine.factory.class = null
	ssl.key.password = null
	ssl.keymanager.algorithm = SunX509
	ssl.keystore.certificate.chain = null
	ssl.keystore.key = null
	ssl.keystore.location = null
	ssl.keystore.password = null
	ssl.keystore.type = JKS
	ssl.protocol = TLSv1.3
	ssl.provider = null
	ssl.secure.random.implementation = null
	ssl.trustmanager.algorithm = PKIX
	ssl.truststore.certificates = null
	ssl.truststore.location = null
	ssl.truststore.password = null
	ssl.truststore.type = JKS

2025-08-06 15:37:19,760 INFO  [org.apa.kaf.com.uti.AppInfoParser] (main) Kafka version: 3.9.1
2025-08-06 15:37:19,760 INFO  [org.apa.kaf.com.uti.AppInfoParser] (main) Kafka commitId: f745dfdcee2b9851
2025-08-06 15:37:19,761 INFO  [org.apa.kaf.com.uti.AppInfoParser] (main) Kafka startTimeMs: 1754494639759
**** Registry Base URL: http://registry-app-mysql.apps.ci419.apicurio-testing.org:80
2025-08-06 15:37:19,814 INFO  [org.apa.kaf.cli.pro.ProducerConfig] (main) ProducerConfig values: 
	acks = -1
	auto.include.jmx.reporter = true
	batch.size = 16384
	bootstrap.servers = [PLAINTEXT://localhost:32769]
	buffer.memory = 33554432
	client.dns.lookup = use_all_dns_ips
	client.id = Producer-topic-c0d110a6_9798_4ae8_bf66_d5f080ed437d
	compression.gzip.level = -1
	compression.lz4.level = 9
	compression.type = none
	compression.zstd.level = 3
	connections.max.idle.ms = 10000
	delivery.timeout.ms = 120000
	enable.idempotence = true
	enable.metrics.push = true
	interceptor.classes = []
	key.serializer = class org.apache.kafka.common.serialization.StringSerializer
	linger.ms = 0
	max.block.ms = 60000
	max.in.flight.requests.per.connection = 5
	max.request.size = 1048576
	metadata.max.age.ms = 300000
	metadata.max.idle.ms = 300000
	metadata.recovery.strategy = none
	metric.reporters = []
	metrics.num.samples = 2
	metrics.recording.level = INFO
	metrics.sample.window.ms = 30000
	partitioner.adaptive.partitioning.enable = true
	partitioner.availability.timeout.ms = 0
	partitioner.class = null
	partitioner.ignore.keys = false
	receive.buffer.bytes = 32768
	reconnect.backoff.max.ms = 1000
	reconnect.backoff.ms = 50
	request.timeout.ms = 5000
	retries = 2147483647
	retry.backoff.max.ms = 1000
	retry.backoff.ms = 100
	sasl.client.callback.handler.class = null
	sasl.jaas.config = null
	sasl.kerberos.kinit.cmd = /usr/bin/kinit
	sasl.kerberos.min.time.before.relogin = 60000
	sasl.kerberos.service.name = null
	sasl.kerberos.ticket.renew.jitter = 0.05
	sasl.kerberos.ticket.renew.window.factor = 0.8
	sasl.login.callback.handler.class = null
	sasl.login.class = null
	sasl.login.connect.timeout.ms = null
	sasl.login.read.timeout.ms = null
	sasl.login.refresh.buffer.seconds = 300
	sasl.login.refresh.min.period.seconds = 60
	sasl.login.refresh.window.factor = 0.8
	sasl.login.refresh.window.jitter = 0.05
	sasl.login.retry.backoff.max.ms = 10000
	sasl.login.retry.backoff.ms = 100
	sasl.mechanism = GSSAPI
	sasl.oauthbearer.clock.skew.seconds = 30
	sasl.oauthbearer.expected.audience = null
	sasl.oauthbearer.expected.issuer = null
	sasl.oauthbearer.header.urlencode = false
	sasl.oauthbearer.jwks.endpoint.refresh.ms = 3600000
	sasl.oauthbearer.jwks.endpoint.retry.backoff.max.ms = 10000
	sasl.oauthbearer.jwks.endpoint.retry.backoff.ms = 100
	sasl.oauthbearer.jwks.endpoint.url = null
	sasl.oauthbearer.scope.claim.name = scope
	sasl.oauthbearer.sub.claim.name = sub
	sasl.oauthbearer.token.endpoint.url = null
	security.protocol = PLAINTEXT
	security.providers = null
	send.buffer.bytes = 131072
	socket.connection.setup.timeout.max.ms = 30000
	socket.connection.setup.timeout.ms = 10000
	ssl.cipher.suites = null
	ssl.enabled.protocols = [TLSv1.2, TLSv1.3]
	ssl.endpoint.identification.algorithm = https
	ssl.engine.factory.class = null
	ssl.key.password = null
	ssl.keymanager.algorithm = SunX509
	ssl.keystore.certificate.chain = null
	ssl.keystore.key = null
	ssl.keystore.location = null
	ssl.keystore.password = null
	ssl.keystore.type = JKS
	ssl.protocol = TLSv1.3
	ssl.provider = null
	ssl.secure.random.implementation = null
	ssl.trustmanager.algorithm = PKIX
	ssl.truststore.certificates = null
	ssl.truststore.location = null
	ssl.truststore.password = null
	ssl.truststore.type = JKS
	transaction.timeout.ms = 60000
	transactional.id = null
	value.serializer = class io.apicurio.registry.serde.avro.AvroKafkaSerializer

2025-08-06 15:37:19,850 INFO  [org.apa.kaf.com.tel.int.KafkaMetricsCollector] (main) initializing Kafka metrics collector
2025-08-06 15:37:19,874 INFO  [org.apa.kaf.cli.pro.KafkaProducer] (main) [Producer clientId=Producer-topic-c0d110a6_9798_4ae8_bf66_d5f080ed437d] Instantiated an idempotent producer.
2025-08-06 15:37:19,911 INFO  [org.apa.kaf.cli.pro.ProducerConfig] (main) These configurations '[apicurio.registry.url, apicurio.registry.auto-register, apicurio.registry.use-id, apicurio.registry.artifact-resolver-strategy]' were supplied but are not used yet.
2025-08-06 15:37:19,911 INFO  [org.apa.kaf.com.uti.AppInfoParser] (main) Kafka version: 3.9.1
2025-08-06 15:37:19,911 INFO  [org.apa.kaf.com.uti.AppInfoParser] (main) Kafka commitId: f745dfdcee2b9851
2025-08-06 15:37:19,911 INFO  [org.apa.kaf.com.uti.AppInfoParser] (main) Kafka startTimeMs: 1754494639911
2025-08-06 15:37:19,912 INFO  [io.api.tes.ser.api.SimpleSerdesTesterBuilder$SimpleSerdesTester] (main) Using producer configuration: {apicurio.registry.url=http://registry-app-mysql.apps.ci419.apicurio-testing.org:80/apis/registry/v3, apicurio.registry.auto-register=true, apicurio.registry.use-id=globalId, apicurio.registry.artifact-resolver-strategy=io.apicurio.registry.serde.strategy.TopicIdStrategy, value.serializer=io.apicurio.registry.serde.avro.AvroKafkaSerializer, request.timeout.ms=5000, acks=all, bootstrap.servers=PLAINTEXT://localhost:32769, connections.max.idle.ms=10000, key.serializer=org.apache.kafka.common.serialization.StringSerializer, client.id=Producer-topic-c0d110a6_9798_4ae8_bf66_d5f080ed437d}
2025-08-06 15:37:19,912 INFO  [io.api.tes.ser.api.SimpleSerdesTesterBuilder$SimpleSerdesTester] (main) Using consumer configuration: {apicurio.registry.use-id=globalId}
2025-08-06 15:37:19,920 INFO  [io.api.tes.ser.api.KafkaSerdesTester] (Thread-600) Sending message {"key11754494639790": "value-0"} to topic topic-c0d110a6_9798_4ae8_bf66_d5f080ed437d
2025-08-06 15:37:20,210 WARN  [org.apa.kaf.cli.NetworkClient] (kafka-producer-network-thread | Producer-topic-c0d110a6_9798_4ae8_bf66_d5f080ed437d) [Producer clientId=Producer-topic-c0d110a6_9798_4ae8_bf66_d5f080ed437d] The metadata response from the cluster reported a recoverable issue with correlation id 1 : {topic-c0d110a6_9798_4ae8_bf66_d5f080ed437d=UNKNOWN_TOPIC_OR_PARTITION}
2025-08-06 15:37:20,211 INFO  [org.apa.kaf.cli.Metadata] (kafka-producer-network-thread | Producer-topic-c0d110a6_9798_4ae8_bf66_d5f080ed437d) [Producer clientId=Producer-topic-c0d110a6_9798_4ae8_bf66_d5f080ed437d] Cluster ID: dgPJ9z-1S5ugXzLx2i-R9Q
2025-08-06 15:37:20,334 INFO  [org.apa.kaf.cli.pro.int.TransactionManager] (kafka-producer-network-thread | Producer-topic-c0d110a6_9798_4ae8_bf66_d5f080ed437d) [Producer clientId=Producer-topic-c0d110a6_9798_4ae8_bf66_d5f080ed437d] ProducerId set to 0 with epoch 0
2025-08-06 15:37:20,537 INFO  [io.api.tes.ser.api.KafkaSerdesTester] (Thread-600) Sending message {"key11754494639790": "value-1"} to topic topic-c0d110a6_9798_4ae8_bf66_d5f080ed437d
2025-08-06 15:37:20,541 INFO  [io.api.tes.ser.api.KafkaSerdesTester] (Thread-600) Sending message {"key11754494639790": "value-2"} to topic topic-c0d110a6_9798_4ae8_bf66_d5f080ed437d
2025-08-06 15:37:20,546 INFO  [io.api.tes.ser.api.KafkaSerdesTester] (Thread-600) Sending message {"key11754494639790": "value-3"} to topic topic-c0d110a6_9798_4ae8_bf66_d5f080ed437d
2025-08-06 15:37:20,550 INFO  [io.api.tes.ser.api.KafkaSerdesTester] (Thread-600) Sending message {"key11754494639790": "value-4"} to topic topic-c0d110a6_9798_4ae8_bf66_d5f080ed437d
2025-08-06 15:37:20,555 INFO  [io.api.tes.ser.api.KafkaSerdesTester] (Thread-600) Sending message {"key11754494639790": "value-5"} to topic topic-c0d110a6_9798_4ae8_bf66_d5f080ed437d
2025-08-06 15:37:20,558 INFO  [io.api.tes.ser.api.KafkaSerdesTester] (Thread-600) Sending message {"key11754494639790": "value-6"} to topic topic-c0d110a6_9798_4ae8_bf66_d5f080ed437d
2025-08-06 15:37:20,562 INFO  [io.api.tes.ser.api.KafkaSerdesTester] (Thread-600) Sending message {"key11754494639790": "value-7"} to topic topic-c0d110a6_9798_4ae8_bf66_d5f080ed437d
2025-08-06 15:37:20,566 INFO  [io.api.tes.ser.api.KafkaSerdesTester] (Thread-600) Sending message {"key11754494639790": "value-8"} to topic topic-c0d110a6_9798_4ae8_bf66_d5f080ed437d
2025-08-06 15:37:20,571 INFO  [io.api.tes.ser.api.KafkaSerdesTester] (Thread-600) Sending message {"key11754494639790": "value-9"} to topic topic-c0d110a6_9798_4ae8_bf66_d5f080ed437d
2025-08-06 15:37:20,575 INFO  [io.api.tes.ser.api.KafkaSerdesTester] (Thread-600) Produced 10 messages
2025-08-06 15:37:20,576 INFO  [org.apa.kaf.cli.pro.KafkaProducer] (Thread-600) [Producer clientId=Producer-topic-c0d110a6_9798_4ae8_bf66_d5f080ed437d] Closing the Kafka producer with timeoutMillis = 9223372036854775807 ms.
2025-08-06 15:37:20,587 INFO  [org.apa.kaf.com.met.Metrics] (Thread-600) Metrics scheduler closed
2025-08-06 15:37:20,588 INFO  [org.apa.kaf.com.met.Metrics] (Thread-600) Closing reporter org.apache.kafka.common.metrics.JmxReporter
2025-08-06 15:37:20,588 INFO  [org.apa.kaf.com.met.Metrics] (Thread-600) Closing reporter org.apache.kafka.common.telemetry.internals.ClientTelemetryReporter
2025-08-06 15:37:20,588 INFO  [org.apa.kaf.com.met.Metrics] (Thread-600) Metrics reporters closed
2025-08-06 15:37:20,589 INFO  [org.apa.kaf.com.uti.AppInfoParser] (Thread-600) App info kafka.producer for Producer-topic-c0d110a6_9798_4ae8_bf66_d5f080ed437d unregistered
**** Registry Base URL: http://registry-app-mysql.apps.ci419.apicurio-testing.org:80
2025-08-06 15:37:20,690 INFO  [org.apa.kaf.cli.con.ConsumerConfig] (main) ConsumerConfig values: 
	allow.auto.create.topics = true
	auto.commit.interval.ms = 500
	auto.include.jmx.reporter = true
	auto.offset.reset = earliest
	bootstrap.servers = [PLAINTEXT://localhost:32769]
	check.crcs = true
	client.dns.lookup = use_all_dns_ips
	client.id = consumer-Consumer-topic-c0d110a6_9798_4ae8_bf66_d5f080ed437d-1
	client.rack = 
	connections.max.idle.ms = 10000
	default.api.timeout.ms = 60000
	enable.auto.commit = true
	enable.metrics.push = true
	exclude.internal.topics = true
	fetch.max.bytes = 52428800
	fetch.max.wait.ms = 500
	fetch.min.bytes = 1
	group.id = Consumer-topic-c0d110a6_9798_4ae8_bf66_d5f080ed437d
	group.instance.id = null
	group.protocol = classic
	group.remote.assignor = null
	heartbeat.interval.ms = 3000
	interceptor.classes = []
	internal.leave.group.on.close = true
	internal.throw.on.fetch.stable.offset.unsupported = false
	isolation.level = read_uncommitted
	key.deserializer = class org.apache.kafka.common.serialization.StringDeserializer
	max.partition.fetch.bytes = 1048576
	max.poll.interval.ms = 300000
	max.poll.records = 500
	metadata.max.age.ms = 300000
	metadata.recovery.strategy = none
	metric.reporters = []
	metrics.num.samples = 2
	metrics.recording.level = INFO
	metrics.sample.window.ms = 30000
	partition.assignment.strategy = [class org.apache.kafka.clients.consumer.RangeAssignor, class org.apache.kafka.clients.consumer.CooperativeStickyAssignor]
	receive.buffer.bytes = 65536
	reconnect.backoff.max.ms = 1000
	reconnect.backoff.ms = 50
	request.timeout.ms = 5000
	retry.backoff.max.ms = 1000
	retry.backoff.ms = 100
	sasl.client.callback.handler.class = null
	sasl.jaas.config = null
	sasl.kerberos.kinit.cmd = /usr/bin/kinit
	sasl.kerberos.min.time.before.relogin = 60000
	sasl.kerberos.service.name = null
	sasl.kerberos.ticket.renew.jitter = 0.05
	sasl.kerberos.ticket.renew.window.factor = 0.8
	sasl.login.callback.handler.class = null
	sasl.login.class = null
	sasl.login.connect.timeout.ms = null
	sasl.login.read.timeout.ms = null
	sasl.login.refresh.buffer.seconds = 300
	sasl.login.refresh.min.period.seconds = 60
	sasl.login.refresh.window.factor = 0.8
	sasl.login.refresh.window.jitter = 0.05
	sasl.login.retry.backoff.max.ms = 10000
	sasl.login.retry.backoff.ms = 100
	sasl.mechanism = GSSAPI
	sasl.oauthbearer.clock.skew.seconds = 30
	sasl.oauthbearer.expected.audience = null
	sasl.oauthbearer.expected.issuer = null
	sasl.oauthbearer.header.urlencode = false
	sasl.oauthbearer.jwks.endpoint.refresh.ms = 3600000
	sasl.oauthbearer.jwks.endpoint.retry.backoff.max.ms = 10000
	sasl.oauthbearer.jwks.endpoint.retry.backoff.ms = 100
	sasl.oauthbearer.jwks.endpoint.url = null
	sasl.oauthbearer.scope.claim.name = scope
	sasl.oauthbearer.sub.claim.name = sub
	sasl.oauthbearer.token.endpoint.url = null
	security.protocol = PLAINTEXT
	security.providers = null
	send.buffer.bytes = 131072
	session.timeout.ms = 45000
	socket.connection.setup.timeout.max.ms = 30000
	socket.connection.setup.timeout.ms = 10000
	ssl.cipher.suites = null
	ssl.enabled.protocols = [TLSv1.2, TLSv1.3]
	ssl.endpoint.identification.algorithm = https
	ssl.engine.factory.class = null
	ssl.key.password = null
	ssl.keymanager.algorithm = SunX509
	ssl.keystore.certificate.chain = null
	ssl.keystore.key = null
	ssl.keystore.location = null
	ssl.keystore.password = null
	ssl.keystore.type = JKS
	ssl.protocol = TLSv1.3
	ssl.provider = null
	ssl.secure.random.implementation = null
	ssl.trustmanager.algorithm = PKIX
	ssl.truststore.certificates = null
	ssl.truststore.location = null
	ssl.truststore.password = null
	ssl.truststore.type = JKS
	value.deserializer = class io.apicurio.registry.serde.avro.AvroKafkaDeserializer

2025-08-06 15:37:20,699 INFO  [org.apa.kaf.com.tel.int.KafkaMetricsCollector] (main) initializing Kafka metrics collector
2025-08-06 15:37:20,746 INFO  [org.apa.kaf.cli.con.ConsumerConfig] (main) These configurations '[apicurio.registry.url, apicurio.registry.use-id]' were supplied but are not used yet.
2025-08-06 15:37:20,746 INFO  [org.apa.kaf.com.uti.AppInfoParser] (main) Kafka version: 3.9.1
2025-08-06 15:37:20,747 INFO  [org.apa.kaf.com.uti.AppInfoParser] (main) Kafka commitId: f745dfdcee2b9851
2025-08-06 15:37:20,747 INFO  [org.apa.kaf.com.uti.AppInfoParser] (main) Kafka startTimeMs: 1754494640746
2025-08-06 15:37:20,752 INFO  [org.apa.kaf.cli.con.int.ClassicKafkaConsumer] (Thread-603) [Consumer clientId=consumer-Consumer-topic-c0d110a6_9798_4ae8_bf66_d5f080ed437d-1, groupId=Consumer-topic-c0d110a6_9798_4ae8_bf66_d5f080ed437d] Subscribed to topic(s): topic-c0d110a6_9798_4ae8_bf66_d5f080ed437d
2025-08-06 15:37:20,768 INFO  [org.apa.kaf.cli.Metadata] (Thread-603) [Consumer clientId=consumer-Consumer-topic-c0d110a6_9798_4ae8_bf66_d5f080ed437d-1, groupId=Consumer-topic-c0d110a6_9798_4ae8_bf66_d5f080ed437d] Cluster ID: dgPJ9z-1S5ugXzLx2i-R9Q
2025-08-06 15:37:20,910 INFO  [org.apa.kaf.cli.con.int.ConsumerCoordinator] (Thread-603) [Consumer clientId=consumer-Consumer-topic-c0d110a6_9798_4ae8_bf66_d5f080ed437d-1, groupId=Consumer-topic-c0d110a6_9798_4ae8_bf66_d5f080ed437d] Discovered group coordinator localhost:32769 (id: 2147483647 rack: null)
2025-08-06 15:37:20,921 INFO  [org.apa.kaf.cli.con.int.ConsumerCoordinator] (Thread-603) [Consumer clientId=consumer-Consumer-topic-c0d110a6_9798_4ae8_bf66_d5f080ed437d-1, groupId=Consumer-topic-c0d110a6_9798_4ae8_bf66_d5f080ed437d] (Re-)joining group
2025-08-06 15:37:20,951 INFO  [org.apa.kaf.cli.con.int.ConsumerCoordinator] (Thread-603) [Consumer clientId=consumer-Consumer-topic-c0d110a6_9798_4ae8_bf66_d5f080ed437d-1, groupId=Consumer-topic-c0d110a6_9798_4ae8_bf66_d5f080ed437d] Group coordinator localhost:32769 (id: 2147483647 rack: null) is unavailable or invalid due to cause: error response NOT_COORDINATOR. isDisconnected: false. Rediscovery will be attempted.
2025-08-06 15:37:20,951 INFO  [org.apa.kaf.cli.con.int.ConsumerCoordinator] (Thread-603) [Consumer clientId=consumer-Consumer-topic-c0d110a6_9798_4ae8_bf66_d5f080ed437d-1, groupId=Consumer-topic-c0d110a6_9798_4ae8_bf66_d5f080ed437d] Requesting disconnect from last known coordinator localhost:32769 (id: 2147483647 rack: null)
2025-08-06 15:37:20,951 INFO  [org.apa.kaf.cli.con.int.ConsumerCoordinator] (Thread-603) [Consumer clientId=consumer-Consumer-topic-c0d110a6_9798_4ae8_bf66_d5f080ed437d-1, groupId=Consumer-topic-c0d110a6_9798_4ae8_bf66_d5f080ed437d] JoinGroup failed: This is not the correct coordinator. Marking coordinator unknown. Sent generation was Generation{generationId=-1, memberId='', protocol='null'}
2025-08-06 15:37:20,952 INFO  [org.apa.kaf.cli.NetworkClient] (Thread-603) [Consumer clientId=consumer-Consumer-topic-c0d110a6_9798_4ae8_bf66_d5f080ed437d-1, groupId=Consumer-topic-c0d110a6_9798_4ae8_bf66_d5f080ed437d] Client requested disconnect from node 2147483647
2025-08-06 15:37:20,960 INFO  [org.apa.kaf.cli.con.int.ConsumerCoordinator] (Thread-603) [Consumer clientId=consumer-Consumer-topic-c0d110a6_9798_4ae8_bf66_d5f080ed437d-1, groupId=Consumer-topic-c0d110a6_9798_4ae8_bf66_d5f080ed437d] Discovered group coordinator localhost:32769 (id: 2147483647 rack: null)
2025-08-06 15:37:20,961 INFO  [org.apa.kaf.cli.con.int.ConsumerCoordinator] (Thread-603) [Consumer clientId=consumer-Consumer-topic-c0d110a6_9798_4ae8_bf66_d5f080ed437d-1, groupId=Consumer-topic-c0d110a6_9798_4ae8_bf66_d5f080ed437d] Group coordinator localhost:32769 (id: 2147483647 rack: null) is unavailable or invalid due to cause: coordinator unavailable. isDisconnected: false. Rediscovery will be attempted.
2025-08-06 15:37:20,961 INFO  [org.apa.kaf.cli.con.int.ConsumerCoordinator] (Thread-603) [Consumer clientId=consumer-Consumer-topic-c0d110a6_9798_4ae8_bf66_d5f080ed437d-1, groupId=Consumer-topic-c0d110a6_9798_4ae8_bf66_d5f080ed437d] Requesting disconnect from last known coordinator localhost:32769 (id: 2147483647 rack: null)
2025-08-06 15:37:21,058 INFO  [org.apa.kaf.cli.con.int.ConsumerCoordinator] (Thread-603) [Consumer clientId=consumer-Consumer-topic-c0d110a6_9798_4ae8_bf66_d5f080ed437d-1, groupId=Consumer-topic-c0d110a6_9798_4ae8_bf66_d5f080ed437d] Discovered group coordinator localhost:32769 (id: 2147483647 rack: null)
2025-08-06 15:37:21,059 INFO  [org.apa.kaf.cli.con.int.ConsumerCoordinator] (Thread-603) [Consumer clientId=consumer-Consumer-topic-c0d110a6_9798_4ae8_bf66_d5f080ed437d-1, groupId=Consumer-topic-c0d110a6_9798_4ae8_bf66_d5f080ed437d] Request joining group due to: rebalance failed due to 'This is not the correct coordinator.' (NotCoordinatorException)
2025-08-06 15:37:21,059 INFO  [org.apa.kaf.cli.con.int.ConsumerCoordinator] (Thread-603) [Consumer clientId=consumer-Consumer-topic-c0d110a6_9798_4ae8_bf66_d5f080ed437d-1, groupId=Consumer-topic-c0d110a6_9798_4ae8_bf66_d5f080ed437d] (Re-)joining group
2025-08-06 15:37:21,072 INFO  [org.apa.kaf.cli.con.int.ConsumerCoordinator] (Thread-603) [Consumer clientId=consumer-Consumer-topic-c0d110a6_9798_4ae8_bf66_d5f080ed437d-1, groupId=Consumer-topic-c0d110a6_9798_4ae8_bf66_d5f080ed437d] Group coordinator localhost:32769 (id: 2147483647 rack: null) is unavailable or invalid due to cause: error response NOT_COORDINATOR. isDisconnected: false. Rediscovery will be attempted.
2025-08-06 15:37:21,072 INFO  [org.apa.kaf.cli.con.int.ConsumerCoordinator] (Thread-603) [Consumer clientId=consumer-Consumer-topic-c0d110a6_9798_4ae8_bf66_d5f080ed437d-1, groupId=Consumer-topic-c0d110a6_9798_4ae8_bf66_d5f080ed437d] Requesting disconnect from last known coordinator localhost:32769 (id: 2147483647 rack: null)
2025-08-06 15:37:21,072 INFO  [org.apa.kaf.cli.con.int.ConsumerCoordinator] (Thread-603) [Consumer clientId=consumer-Consumer-topic-c0d110a6_9798_4ae8_bf66_d5f080ed437d-1, groupId=Consumer-topic-c0d110a6_9798_4ae8_bf66_d5f080ed437d] JoinGroup failed: This is not the correct coordinator. Marking coordinator unknown. Sent generation was Generation{generationId=-1, memberId='', protocol='null'}
2025-08-06 15:37:21,072 INFO  [org.apa.kaf.cli.NetworkClient] (Thread-603) [Consumer clientId=consumer-Consumer-topic-c0d110a6_9798_4ae8_bf66_d5f080ed437d-1, groupId=Consumer-topic-c0d110a6_9798_4ae8_bf66_d5f080ed437d] Client requested disconnect from node 2147483647
2025-08-06 15:37:21,077 INFO  [org.apa.kaf.cli.con.int.ConsumerCoordinator] (Thread-603) [Consumer clientId=consumer-Consumer-topic-c0d110a6_9798_4ae8_bf66_d5f080ed437d-1, groupId=Consumer-topic-c0d110a6_9798_4ae8_bf66_d5f080ed437d] Discovered group coordinator localhost:32769 (id: 2147483647 rack: null)
2025-08-06 15:37:21,077 INFO  [org.apa.kaf.cli.con.int.ConsumerCoordinator] (Thread-603) [Consumer clientId=consumer-Consumer-topic-c0d110a6_9798_4ae8_bf66_d5f080ed437d-1, groupId=Consumer-topic-c0d110a6_9798_4ae8_bf66_d5f080ed437d] Group coordinator localhost:32769 (id: 2147483647 rack: null) is unavailable or invalid due to cause: coordinator unavailable. isDisconnected: false. Rediscovery will be attempted.
2025-08-06 15:37:21,078 INFO  [org.apa.kaf.cli.con.int.ConsumerCoordinator] (Thread-603) [Consumer clientId=consumer-Consumer-topic-c0d110a6_9798_4ae8_bf66_d5f080ed437d-1, groupId=Consumer-topic-c0d110a6_9798_4ae8_bf66_d5f080ed437d] Requesting disconnect from last known coordinator localhost:32769 (id: 2147483647 rack: null)
2025-08-06 15:37:21,166 INFO  [org.apa.kaf.cli.con.int.ConsumerCoordinator] (Thread-603) [Consumer clientId=consumer-Consumer-topic-c0d110a6_9798_4ae8_bf66_d5f080ed437d-1, groupId=Consumer-topic-c0d110a6_9798_4ae8_bf66_d5f080ed437d] Discovered group coordinator localhost:32769 (id: 2147483647 rack: null)
2025-08-06 15:37:21,168 INFO  [org.apa.kaf.cli.con.int.ConsumerCoordinator] (Thread-603) [Consumer clientId=consumer-Consumer-topic-c0d110a6_9798_4ae8_bf66_d5f080ed437d-1, groupId=Consumer-topic-c0d110a6_9798_4ae8_bf66_d5f080ed437d] Request joining group due to: rebalance failed due to 'This is not the correct coordinator.' (NotCoordinatorException)
2025-08-06 15:37:21,169 INFO  [org.apa.kaf.cli.con.int.ConsumerCoordinator] (Thread-603) [Consumer clientId=consumer-Consumer-topic-c0d110a6_9798_4ae8_bf66_d5f080ed437d-1, groupId=Consumer-topic-c0d110a6_9798_4ae8_bf66_d5f080ed437d] (Re-)joining group
2025-08-06 15:37:21,174 INFO  [org.apa.kaf.cli.con.int.ConsumerCoordinator] (Thread-603) [Consumer clientId=consumer-Consumer-topic-c0d110a6_9798_4ae8_bf66_d5f080ed437d-1, groupId=Consumer-topic-c0d110a6_9798_4ae8_bf66_d5f080ed437d] Group coordinator localhost:32769 (id: 2147483647 rack: null) is unavailable or invalid due to cause: error response NOT_COORDINATOR. isDisconnected: false. Rediscovery will be attempted.
2025-08-06 15:37:21,174 INFO  [org.apa.kaf.cli.con.int.ConsumerCoordinator] (Thread-603) [Consumer clientId=consumer-Consumer-topic-c0d110a6_9798_4ae8_bf66_d5f080ed437d-1, groupId=Consumer-topic-c0d110a6_9798_4ae8_bf66_d5f080ed437d] Requesting disconnect from last known coordinator localhost:32769 (id: 2147483647 rack: null)
2025-08-06 15:37:21,174 INFO  [org.apa.kaf.cli.con.int.ConsumerCoordinator] (Thread-603) [Consumer clientId=consumer-Consumer-topic-c0d110a6_9798_4ae8_bf66_d5f080ed437d-1, groupId=Consumer-topic-c0d110a6_9798_4ae8_bf66_d5f080ed437d] JoinGroup failed: This is not the correct coordinator. Marking coordinator unknown. Sent generation was Generation{generationId=-1, memberId='', protocol='null'}
2025-08-06 15:37:21,174 INFO  [org.apa.kaf.cli.NetworkClient] (Thread-603) [Consumer clientId=consumer-Consumer-topic-c0d110a6_9798_4ae8_bf66_d5f080ed437d-1, groupId=Consumer-topic-c0d110a6_9798_4ae8_bf66_d5f080ed437d] Client requested disconnect from node 2147483647
2025-08-06 15:37:21,180 INFO  [org.apa.kaf.cli.con.int.ConsumerCoordinator] (Thread-603) [Consumer clientId=consumer-Consumer-topic-c0d110a6_9798_4ae8_bf66_d5f080ed437d-1, groupId=Consumer-topic-c0d110a6_9798_4ae8_bf66_d5f080ed437d] Discovered group coordinator localhost:32769 (id: 2147483647 rack: null)
2025-08-06 15:37:21,180 INFO  [org.apa.kaf.cli.con.int.ConsumerCoordinator] (Thread-603) [Consumer clientId=consumer-Consumer-topic-c0d110a6_9798_4ae8_bf66_d5f080ed437d-1, groupId=Consumer-topic-c0d110a6_9798_4ae8_bf66_d5f080ed437d] Group coordinator localhost:32769 (id: 2147483647 rack: null) is unavailable or invalid due to cause: coordinator unavailable. isDisconnected: false. Rediscovery will be attempted.
2025-08-06 15:37:21,180 INFO  [org.apa.kaf.cli.con.int.ConsumerCoordinator] (Thread-603) [Consumer clientId=consumer-Consumer-topic-c0d110a6_9798_4ae8_bf66_d5f080ed437d-1, groupId=Consumer-topic-c0d110a6_9798_4ae8_bf66_d5f080ed437d] Requesting disconnect from last known coordinator localhost:32769 (id: 2147483647 rack: null)
2025-08-06 15:37:21,297 INFO  [org.apa.kaf.cli.con.int.ConsumerCoordinator] (Thread-603) [Consumer clientId=consumer-Consumer-topic-c0d110a6_9798_4ae8_bf66_d5f080ed437d-1, groupId=Consumer-topic-c0d110a6_9798_4ae8_bf66_d5f080ed437d] Discovered group coordinator localhost:32769 (id: 2147483647 rack: null)
2025-08-06 15:37:21,299 INFO  [org.apa.kaf.cli.con.int.ConsumerCoordinator] (Thread-603) [Consumer clientId=consumer-Consumer-topic-c0d110a6_9798_4ae8_bf66_d5f080ed437d-1, groupId=Consumer-topic-c0d110a6_9798_4ae8_bf66_d5f080ed437d] Request joining group due to: rebalance failed due to 'This is not the correct coordinator.' (NotCoordinatorException)
2025-08-06 15:37:21,301 INFO  [org.apa.kaf.cli.con.int.ConsumerCoordinator] (Thread-603) [Consumer clientId=consumer-Consumer-topic-c0d110a6_9798_4ae8_bf66_d5f080ed437d-1, groupId=Consumer-topic-c0d110a6_9798_4ae8_bf66_d5f080ed437d] (Re-)joining group
2025-08-06 15:37:21,313 INFO  [org.apa.kaf.cli.con.int.ConsumerCoordinator] (Thread-603) [Consumer clientId=consumer-Consumer-topic-c0d110a6_9798_4ae8_bf66_d5f080ed437d-1, groupId=Consumer-topic-c0d110a6_9798_4ae8_bf66_d5f080ed437d] Group coordinator localhost:32769 (id: 2147483647 rack: null) is unavailable or invalid due to cause: error response NOT_COORDINATOR. isDisconnected: false. Rediscovery will be attempted.
2025-08-06 15:37:21,313 INFO  [org.apa.kaf.cli.con.int.ConsumerCoordinator] (Thread-603) [Consumer clientId=consumer-Consumer-topic-c0d110a6_9798_4ae8_bf66_d5f080ed437d-1, groupId=Consumer-topic-c0d110a6_9798_4ae8_bf66_d5f080ed437d] Requesting disconnect from last known coordinator localhost:32769 (id: 2147483647 rack: null)
2025-08-06 15:37:21,315 INFO  [org.apa.kaf.cli.con.int.ConsumerCoordinator] (Thread-603) [Consumer clientId=consumer-Consumer-topic-c0d110a6_9798_4ae8_bf66_d5f080ed437d-1, groupId=Consumer-topic-c0d110a6_9798_4ae8_bf66_d5f080ed437d] JoinGroup failed: This is not the correct coordinator. Marking coordinator unknown. Sent generation was Generation{generationId=-1, memberId='', protocol='null'}
2025-08-06 15:37:21,315 INFO  [org.apa.kaf.cli.NetworkClient] (Thread-603) [Consumer clientId=consumer-Consumer-topic-c0d110a6_9798_4ae8_bf66_d5f080ed437d-1, groupId=Consumer-topic-c0d110a6_9798_4ae8_bf66_d5f080ed437d] Client requested disconnect from node 2147483647
2025-08-06 15:37:21,319 INFO  [org.apa.kaf.cli.con.int.ConsumerCoordinator] (Thread-603) [Consumer clientId=consumer-Consumer-topic-c0d110a6_9798_4ae8_bf66_d5f080ed437d-1, groupId=Consumer-topic-c0d110a6_9798_4ae8_bf66_d5f080ed437d] Discovered group coordinator localhost:32769 (id: 2147483647 rack: null)
2025-08-06 15:37:21,319 INFO  [org.apa.kaf.cli.con.int.ConsumerCoordinator] (Thread-603) [Consumer clientId=consumer-Consumer-topic-c0d110a6_9798_4ae8_bf66_d5f080ed437d-1, groupId=Consumer-topic-c0d110a6_9798_4ae8_bf66_d5f080ed437d] Group coordinator localhost:32769 (id: 2147483647 rack: null) is unavailable or invalid due to cause: coordinator unavailable. isDisconnected: false. Rediscovery will be attempted.
2025-08-06 15:37:21,319 INFO  [org.apa.kaf.cli.con.int.ConsumerCoordinator] (Thread-603) [Consumer clientId=consumer-Consumer-topic-c0d110a6_9798_4ae8_bf66_d5f080ed437d-1, groupId=Consumer-topic-c0d110a6_9798_4ae8_bf66_d5f080ed437d] Requesting disconnect from last known coordinator localhost:32769 (id: 2147483647 rack: null)
2025-08-06 15:37:21,440 INFO  [org.apa.kaf.cli.con.int.ConsumerCoordinator] (Thread-603) [Consumer clientId=consumer-Consumer-topic-c0d110a6_9798_4ae8_bf66_d5f080ed437d-1, groupId=Consumer-topic-c0d110a6_9798_4ae8_bf66_d5f080ed437d] Discovered group coordinator localhost:32769 (id: 2147483647 rack: null)
2025-08-06 15:37:21,441 INFO  [org.apa.kaf.cli.con.int.ConsumerCoordinator] (Thread-603) [Consumer clientId=consumer-Consumer-topic-c0d110a6_9798_4ae8_bf66_d5f080ed437d-1, groupId=Consumer-topic-c0d110a6_9798_4ae8_bf66_d5f080ed437d] Request joining group due to: rebalance failed due to 'This is not the correct coordinator.' (NotCoordinatorException)
2025-08-06 15:37:21,442 INFO  [org.apa.kaf.cli.con.int.ConsumerCoordinator] (Thread-603) [Consumer clientId=consumer-Consumer-topic-c0d110a6_9798_4ae8_bf66_d5f080ed437d-1, groupId=Consumer-topic-c0d110a6_9798_4ae8_bf66_d5f080ed437d] (Re-)joining group
2025-08-06 15:37:21,452 INFO  [org.apa.kaf.cli.con.int.ConsumerCoordinator] (Thread-603) [Consumer clientId=consumer-Consumer-topic-c0d110a6_9798_4ae8_bf66_d5f080ed437d-1, groupId=Consumer-topic-c0d110a6_9798_4ae8_bf66_d5f080ed437d] Request joining group due to: need to re-join with the given member-id: consumer-Consumer-topic-c0d110a6_9798_4ae8_bf66_d5f080ed437d-1-e62f9b52-d654-4219-965d-60dc4d0ab310
2025-08-06 15:37:21,452 INFO  [org.apa.kaf.cli.con.int.ConsumerCoordinator] (Thread-603) [Consumer clientId=consumer-Consumer-topic-c0d110a6_9798_4ae8_bf66_d5f080ed437d-1, groupId=Consumer-topic-c0d110a6_9798_4ae8_bf66_d5f080ed437d] (Re-)joining group
2025-08-06 15:37:21,753 INFO  [io.api.tes.ser.api.KafkaSerdesTester] (Thread-603) None found
2025-08-06 15:37:22,753 INFO  [io.api.tes.ser.api.KafkaSerdesTester] (Thread-603) None found
2025-08-06 15:37:23,754 INFO  [io.api.tes.ser.api.KafkaSerdesTester] (Thread-603) None found
2025-08-06 15:37:24,474 INFO  [org.apa.kaf.cli.con.int.ConsumerCoordinator] (Thread-603) [Consumer clientId=consumer-Consumer-topic-c0d110a6_9798_4ae8_bf66_d5f080ed437d-1, groupId=Consumer-topic-c0d110a6_9798_4ae8_bf66_d5f080ed437d] Successfully joined group with generation Generation{generationId=1, memberId='consumer-Consumer-topic-c0d110a6_9798_4ae8_bf66_d5f080ed437d-1-e62f9b52-d654-4219-965d-60dc4d0ab310', protocol='range'}
2025-08-06 15:37:24,483 INFO  [org.apa.kaf.cli.con.int.ConsumerCoordinator] (Thread-603) [Consumer clientId=consumer-Consumer-topic-c0d110a6_9798_4ae8_bf66_d5f080ed437d-1, groupId=Consumer-topic-c0d110a6_9798_4ae8_bf66_d5f080ed437d] Finished assignment for group at generation 1: {consumer-Consumer-topic-c0d110a6_9798_4ae8_bf66_d5f080ed437d-1-e62f9b52-d654-4219-965d-60dc4d0ab310=Assignment(partitions=[topic-c0d110a6_9798_4ae8_bf66_d5f080ed437d-0])}
2025-08-06 15:37:24,502 INFO  [org.apa.kaf.cli.con.int.ConsumerCoordinator] (Thread-603) [Consumer clientId=consumer-Consumer-topic-c0d110a6_9798_4ae8_bf66_d5f080ed437d-1, groupId=Consumer-topic-c0d110a6_9798_4ae8_bf66_d5f080ed437d] Successfully synced group in generation Generation{generationId=1, memberId='consumer-Consumer-topic-c0d110a6_9798_4ae8_bf66_d5f080ed437d-1-e62f9b52-d654-4219-965d-60dc4d0ab310', protocol='range'}
2025-08-06 15:37:24,502 INFO  [org.apa.kaf.cli.con.int.ConsumerCoordinator] (Thread-603) [Consumer clientId=consumer-Consumer-topic-c0d110a6_9798_4ae8_bf66_d5f080ed437d-1, groupId=Consumer-topic-c0d110a6_9798_4ae8_bf66_d5f080ed437d] Notifying assignor about the new Assignment(partitions=[topic-c0d110a6_9798_4ae8_bf66_d5f080ed437d-0])
2025-08-06 15:37:24,505 INFO  [org.apa.kaf.cli.con.int.ConsumerRebalanceListenerInvoker] (Thread-603) [Consumer clientId=consumer-Consumer-topic-c0d110a6_9798_4ae8_bf66_d5f080ed437d-1, groupId=Consumer-topic-c0d110a6_9798_4ae8_bf66_d5f080ed437d] Adding newly assigned partitions: topic-c0d110a6_9798_4ae8_bf66_d5f080ed437d-0
2025-08-06 15:37:24,520 INFO  [org.apa.kaf.cli.con.int.ConsumerCoordinator] (Thread-603) [Consumer clientId=consumer-Consumer-topic-c0d110a6_9798_4ae8_bf66_d5f080ed437d-1, groupId=Consumer-topic-c0d110a6_9798_4ae8_bf66_d5f080ed437d] Found no committed offset for partition topic-c0d110a6_9798_4ae8_bf66_d5f080ed437d-0
2025-08-06 15:37:24,561 INFO  [org.apa.kaf.cli.con.int.SubscriptionState] (Thread-603) [Consumer clientId=consumer-Consumer-topic-c0d110a6_9798_4ae8_bf66_d5f080ed437d-1, groupId=Consumer-topic-c0d110a6_9798_4ae8_bf66_d5f080ed437d] Resetting offset for partition topic-c0d110a6_9798_4ae8_bf66_d5f080ed437d-0 to position FetchPosition{offset=0, offsetEpoch=Optional.empty, currentLeader=LeaderAndEpoch{leader=Optional[localhost:32769 (id: 0 rack: null)], epoch=0}}.
2025-08-06 15:37:24,757 INFO  [io.api.tes.ser.api.KafkaSerdesTester] (Thread-603) topic-c0d110a6_9798_4ae8_bf66_d5f080ed437d 0 0 {"key11754494639790": "value-0"}
2025-08-06 15:37:24,758 INFO  [io.api.tes.ser.api.KafkaSerdesTester] (Thread-603) topic-c0d110a6_9798_4ae8_bf66_d5f080ed437d 0 1 {"key11754494639790": "value-1"}
2025-08-06 15:37:24,758 INFO  [io.api.tes.ser.api.KafkaSerdesTester] (Thread-603) topic-c0d110a6_9798_4ae8_bf66_d5f080ed437d 0 2 {"key11754494639790": "value-2"}
2025-08-06 15:37:24,758 INFO  [io.api.tes.ser.api.KafkaSerdesTester] (Thread-603) topic-c0d110a6_9798_4ae8_bf66_d5f080ed437d 0 3 {"key11754494639790": "value-3"}
2025-08-06 15:37:24,758 INFO  [io.api.tes.ser.api.KafkaSerdesTester] (Thread-603) topic-c0d110a6_9798_4ae8_bf66_d5f080ed437d 0 4 {"key11754494639790": "value-4"}
2025-08-06 15:37:24,758 INFO  [io.api.tes.ser.api.KafkaSerdesTester] (Thread-603) topic-c0d110a6_9798_4ae8_bf66_d5f080ed437d 0 5 {"key11754494639790": "value-5"}
2025-08-06 15:37:24,758 INFO  [io.api.tes.ser.api.KafkaSerdesTester] (Thread-603) topic-c0d110a6_9798_4ae8_bf66_d5f080ed437d 0 6 {"key11754494639790": "value-6"}
2025-08-06 15:37:24,758 INFO  [io.api.tes.ser.api.KafkaSerdesTester] (Thread-603) topic-c0d110a6_9798_4ae8_bf66_d5f080ed437d 0 7 {"key11754494639790": "value-7"}
2025-08-06 15:37:24,758 INFO  [io.api.tes.ser.api.KafkaSerdesTester] (Thread-603) topic-c0d110a6_9798_4ae8_bf66_d5f080ed437d 0 8 {"key11754494639790": "value-8"}
2025-08-06 15:37:24,758 INFO  [io.api.tes.ser.api.KafkaSerdesTester] (Thread-603) topic-c0d110a6_9798_4ae8_bf66_d5f080ed437d 0 9 {"key11754494639790": "value-9"}
2025-08-06 15:37:24,759 INFO  [io.api.tes.ser.api.KafkaSerdesTester] (Thread-603) Consumed 10 messages
2025-08-06 15:37:24,783 INFO  [org.apa.kaf.cli.con.int.ConsumerRebalanceListenerInvoker] (Thread-603) [Consumer clientId=consumer-Consumer-topic-c0d110a6_9798_4ae8_bf66_d5f080ed437d-1, groupId=Consumer-topic-c0d110a6_9798_4ae8_bf66_d5f080ed437d] Revoke previously assigned partitions topic-c0d110a6_9798_4ae8_bf66_d5f080ed437d-0
2025-08-06 15:37:24,783 INFO  [org.apa.kaf.cli.con.int.ConsumerCoordinator] (Thread-603) [Consumer clientId=consumer-Consumer-topic-c0d110a6_9798_4ae8_bf66_d5f080ed437d-1, groupId=Consumer-topic-c0d110a6_9798_4ae8_bf66_d5f080ed437d] Member consumer-Consumer-topic-c0d110a6_9798_4ae8_bf66_d5f080ed437d-1-e62f9b52-d654-4219-965d-60dc4d0ab310 sending LeaveGroup request to coordinator localhost:32769 (id: 2147483647 rack: null) due to the consumer is being closed
2025-08-06 15:37:24,789 INFO  [org.apa.kaf.cli.con.int.ConsumerCoordinator] (Thread-603) [Consumer clientId=consumer-Consumer-topic-c0d110a6_9798_4ae8_bf66_d5f080ed437d-1, groupId=Consumer-topic-c0d110a6_9798_4ae8_bf66_d5f080ed437d] Resetting generation and member id due to: consumer pro-actively leaving the group
2025-08-06 15:37:24,789 INFO  [org.apa.kaf.cli.con.int.ConsumerCoordinator] (Thread-603) [Consumer clientId=consumer-Consumer-topic-c0d110a6_9798_4ae8_bf66_d5f080ed437d-1, groupId=Consumer-topic-c0d110a6_9798_4ae8_bf66_d5f080ed437d] Request joining group due to: consumer pro-actively leaving the group
2025-08-06 15:37:25,277 INFO  [org.apa.kaf.com.met.Metrics] (Thread-603) Metrics scheduler closed
2025-08-06 15:37:25,277 INFO  [org.apa.kaf.com.met.Metrics] (Thread-603) Closing reporter org.apache.kafka.common.metrics.JmxReporter
2025-08-06 15:37:25,277 INFO  [org.apa.kaf.com.met.Metrics] (Thread-603) Closing reporter org.apache.kafka.common.telemetry.internals.ClientTelemetryReporter
2025-08-06 15:37:25,277 INFO  [org.apa.kaf.com.met.Metrics] (Thread-603) Metrics reporters closed
2025-08-06 15:37:25,288 INFO  [org.apa.kaf.com.uti.AppInfoParser] (Thread-603) App info kafka.consumer for consumer-Consumer-topic-c0d110a6_9798_4ae8_bf66_d5f080ed437d-1 unregistered
2025-08-06 15:37:25,289 INFO  [io.api.tes.uti.TestSeparator] (main) io.apicurio.tests.serdes.apicurio.AvroSerdeIT.testGlobalIdInHeaders-FINISHED
2025-08-06 15:37:25,289 INFO  [io.api.tes.uti.TestSeparator] (main) ############################################################################
Test passed: testGlobalIdInHeaders
]]></system-out>
  </testcase>
  <testcase name="testSimpleTopicIdStrategyFindLatest" classname="io.apicurio.tests.serdes.apicurio.AvroSerdeIT" time="4.968">
    <system-out><![CDATA[2025-08-06 15:37:25,293 INFO  [io.api.tes.uti.TestSeparator] (main) ############################################################################
2025-08-06 15:37:25,293 INFO  [io.api.tes.uti.TestSeparator] (main) io.apicurio.tests.serdes.apicurio.AvroSerdeIT.testSimpleTopicIdStrategyFindLatest-STARTED
2025-08-06 15:37:25,294 INFO  [io.api.tes.ser.api.AvroSerdeIT] (main) Registering Avro Schema: {"type":"record","name":"myrecordapicurio1","fields":[{"name":"key11754494645293","type":"string"}]}
**** Registry Base URL: http://registry-app-mysql.apps.ci419.apicurio-testing.org:80
2025-08-06 15:37:26,406 INFO  [org.apa.kaf.cli.pro.ProducerConfig] (main) ProducerConfig values: 
	acks = -1
	auto.include.jmx.reporter = true
	batch.size = 16384
	bootstrap.servers = [PLAINTEXT://localhost:32769]
	buffer.memory = 33554432
	client.dns.lookup = use_all_dns_ips
	client.id = Producer-topic-c8b1de30_27ad_4afc_8ada_40bcf30f7a24
	compression.gzip.level = -1
	compression.lz4.level = 9
	compression.type = none
	compression.zstd.level = 3
	connections.max.idle.ms = 10000
	delivery.timeout.ms = 120000
	enable.idempotence = true
	enable.metrics.push = true
	interceptor.classes = []
	key.serializer = class org.apache.kafka.common.serialization.StringSerializer
	linger.ms = 0
	max.block.ms = 60000
	max.in.flight.requests.per.connection = 5
	max.request.size = 1048576
	metadata.max.age.ms = 300000
	metadata.max.idle.ms = 300000
	metadata.recovery.strategy = none
	metric.reporters = []
	metrics.num.samples = 2
	metrics.recording.level = INFO
	metrics.sample.window.ms = 30000
	partitioner.adaptive.partitioning.enable = true
	partitioner.availability.timeout.ms = 0
	partitioner.class = null
	partitioner.ignore.keys = false
	receive.buffer.bytes = 32768
	reconnect.backoff.max.ms = 1000
	reconnect.backoff.ms = 50
	request.timeout.ms = 5000
	retries = 2147483647
	retry.backoff.max.ms = 1000
	retry.backoff.ms = 100
	sasl.client.callback.handler.class = null
	sasl.jaas.config = null
	sasl.kerberos.kinit.cmd = /usr/bin/kinit
	sasl.kerberos.min.time.before.relogin = 60000
	sasl.kerberos.service.name = null
	sasl.kerberos.ticket.renew.jitter = 0.05
	sasl.kerberos.ticket.renew.window.factor = 0.8
	sasl.login.callback.handler.class = null
	sasl.login.class = null
	sasl.login.connect.timeout.ms = null
	sasl.login.read.timeout.ms = null
	sasl.login.refresh.buffer.seconds = 300
	sasl.login.refresh.min.period.seconds = 60
	sasl.login.refresh.window.factor = 0.8
	sasl.login.refresh.window.jitter = 0.05
	sasl.login.retry.backoff.max.ms = 10000
	sasl.login.retry.backoff.ms = 100
	sasl.mechanism = GSSAPI
	sasl.oauthbearer.clock.skew.seconds = 30
	sasl.oauthbearer.expected.audience = null
	sasl.oauthbearer.expected.issuer = null
	sasl.oauthbearer.header.urlencode = false
	sasl.oauthbearer.jwks.endpoint.refresh.ms = 3600000
	sasl.oauthbearer.jwks.endpoint.retry.backoff.max.ms = 10000
	sasl.oauthbearer.jwks.endpoint.retry.backoff.ms = 100
	sasl.oauthbearer.jwks.endpoint.url = null
	sasl.oauthbearer.scope.claim.name = scope
	sasl.oauthbearer.sub.claim.name = sub
	sasl.oauthbearer.token.endpoint.url = null
	security.protocol = PLAINTEXT
	security.providers = null
	send.buffer.bytes = 131072
	socket.connection.setup.timeout.max.ms = 30000
	socket.connection.setup.timeout.ms = 10000
	ssl.cipher.suites = null
	ssl.enabled.protocols = [TLSv1.2, TLSv1.3]
	ssl.endpoint.identification.algorithm = https
	ssl.engine.factory.class = null
	ssl.key.password = null
	ssl.keymanager.algorithm = SunX509
	ssl.keystore.certificate.chain = null
	ssl.keystore.key = null
	ssl.keystore.location = null
	ssl.keystore.password = null
	ssl.keystore.type = JKS
	ssl.protocol = TLSv1.3
	ssl.provider = null
	ssl.secure.random.implementation = null
	ssl.trustmanager.algorithm = PKIX
	ssl.truststore.certificates = null
	ssl.truststore.location = null
	ssl.truststore.password = null
	ssl.truststore.type = JKS
	transaction.timeout.ms = 60000
	transactional.id = null
	value.serializer = class io.apicurio.registry.serde.avro.AvroKafkaSerializer

2025-08-06 15:37:26,407 INFO  [org.apa.kaf.com.tel.int.KafkaMetricsCollector] (main) initializing Kafka metrics collector
2025-08-06 15:37:26,410 INFO  [org.apa.kaf.cli.pro.KafkaProducer] (main) [Producer clientId=Producer-topic-c8b1de30_27ad_4afc_8ada_40bcf30f7a24] Instantiated an idempotent producer.
2025-08-06 15:37:26,415 INFO  [org.apa.kaf.cli.pro.ProducerConfig] (main) These configurations '[apicurio.registry.find-latest, apicurio.registry.artifact.group-id, apicurio.registry.url, apicurio.registry.artifact-resolver-strategy]' were supplied but are not used yet.
2025-08-06 15:37:26,415 INFO  [org.apa.kaf.com.uti.AppInfoParser] (main) Kafka version: 3.9.1
2025-08-06 15:37:26,415 INFO  [org.apa.kaf.com.uti.AppInfoParser] (main) Kafka commitId: f745dfdcee2b9851
2025-08-06 15:37:26,415 INFO  [org.apa.kaf.com.uti.AppInfoParser] (main) Kafka startTimeMs: 1754494646415
2025-08-06 15:37:26,415 INFO  [io.api.tes.ser.api.SimpleSerdesTesterBuilder$SimpleSerdesTester] (main) Using producer configuration: {apicurio.registry.find-latest=true, apicurio.registry.artifact.group-id=topic-c8b1de30_27ad_4afc_8ada_40bcf30f7a24, apicurio.registry.url=http://registry-app-mysql.apps.ci419.apicurio-testing.org:80/apis/registry/v3, apicurio.registry.artifact-resolver-strategy=io.apicurio.registry.serde.strategy.SimpleTopicIdStrategy, value.serializer=io.apicurio.registry.serde.avro.AvroKafkaSerializer, request.timeout.ms=5000, acks=all, bootstrap.servers=PLAINTEXT://localhost:32769, connections.max.idle.ms=10000, key.serializer=org.apache.kafka.common.serialization.StringSerializer, client.id=Producer-topic-c8b1de30_27ad_4afc_8ada_40bcf30f7a24}
2025-08-06 15:37:26,416 INFO  [io.api.tes.ser.api.SimpleSerdesTesterBuilder$SimpleSerdesTester] (main) Using consumer configuration: {}
2025-08-06 15:37:26,419 INFO  [io.api.tes.ser.api.KafkaSerdesTester] (Thread-606) Sending message {"key11754494645293": "value-0"} to topic topic-c8b1de30_27ad_4afc_8ada_40bcf30f7a24
2025-08-06 15:37:26,424 INFO  [org.apa.kaf.cli.Metadata] (kafka-producer-network-thread | Producer-topic-c8b1de30_27ad_4afc_8ada_40bcf30f7a24) [Producer clientId=Producer-topic-c8b1de30_27ad_4afc_8ada_40bcf30f7a24] Cluster ID: dgPJ9z-1S5ugXzLx2i-R9Q
2025-08-06 15:37:26,429 INFO  [org.apa.kaf.cli.pro.int.TransactionManager] (kafka-producer-network-thread | Producer-topic-c8b1de30_27ad_4afc_8ada_40bcf30f7a24) [Producer clientId=Producer-topic-c8b1de30_27ad_4afc_8ada_40bcf30f7a24] ProducerId set to 1 with epoch 0
2025-08-06 15:37:26,557 INFO  [io.api.tes.ser.api.KafkaSerdesTester] (Thread-606) Sending message {"key11754494645293": "value-1"} to topic topic-c8b1de30_27ad_4afc_8ada_40bcf30f7a24
2025-08-06 15:37:26,564 INFO  [io.api.tes.ser.api.KafkaSerdesTester] (Thread-606) Sending message {"key11754494645293": "value-2"} to topic topic-c8b1de30_27ad_4afc_8ada_40bcf30f7a24
2025-08-06 15:37:26,567 INFO  [io.api.tes.ser.api.KafkaSerdesTester] (Thread-606) Sending message {"key11754494645293": "value-3"} to topic topic-c8b1de30_27ad_4afc_8ada_40bcf30f7a24
2025-08-06 15:37:26,570 INFO  [io.api.tes.ser.api.KafkaSerdesTester] (Thread-606) Sending message {"key11754494645293": "value-4"} to topic topic-c8b1de30_27ad_4afc_8ada_40bcf30f7a24
2025-08-06 15:37:26,572 INFO  [io.api.tes.ser.api.KafkaSerdesTester] (Thread-606) Sending message {"key11754494645293": "value-5"} to topic topic-c8b1de30_27ad_4afc_8ada_40bcf30f7a24
2025-08-06 15:37:26,575 INFO  [io.api.tes.ser.api.KafkaSerdesTester] (Thread-606) Sending message {"key11754494645293": "value-6"} to topic topic-c8b1de30_27ad_4afc_8ada_40bcf30f7a24
2025-08-06 15:37:26,578 INFO  [io.api.tes.ser.api.KafkaSerdesTester] (Thread-606) Sending message {"key11754494645293": "value-7"} to topic topic-c8b1de30_27ad_4afc_8ada_40bcf30f7a24
2025-08-06 15:37:26,580 INFO  [io.api.tes.ser.api.KafkaSerdesTester] (Thread-606) Sending message {"key11754494645293": "value-8"} to topic topic-c8b1de30_27ad_4afc_8ada_40bcf30f7a24
2025-08-06 15:37:26,585 INFO  [io.api.tes.ser.api.KafkaSerdesTester] (Thread-606) Sending message {"key11754494645293": "value-9"} to topic topic-c8b1de30_27ad_4afc_8ada_40bcf30f7a24
2025-08-06 15:37:26,589 INFO  [io.api.tes.ser.api.KafkaSerdesTester] (Thread-606) Produced 10 messages
2025-08-06 15:37:26,589 INFO  [org.apa.kaf.cli.pro.KafkaProducer] (Thread-606) [Producer clientId=Producer-topic-c8b1de30_27ad_4afc_8ada_40bcf30f7a24] Closing the Kafka producer with timeoutMillis = 9223372036854775807 ms.
2025-08-06 15:37:26,595 INFO  [org.apa.kaf.com.met.Metrics] (Thread-606) Metrics scheduler closed
2025-08-06 15:37:26,595 INFO  [org.apa.kaf.com.met.Metrics] (Thread-606) Closing reporter org.apache.kafka.common.metrics.JmxReporter
2025-08-06 15:37:26,595 INFO  [org.apa.kaf.com.met.Metrics] (Thread-606) Closing reporter org.apache.kafka.common.telemetry.internals.ClientTelemetryReporter
2025-08-06 15:37:26,595 INFO  [org.apa.kaf.com.met.Metrics] (Thread-606) Metrics reporters closed
2025-08-06 15:37:26,598 INFO  [org.apa.kaf.com.uti.AppInfoParser] (Thread-606) App info kafka.producer for Producer-topic-c8b1de30_27ad_4afc_8ada_40bcf30f7a24 unregistered
**** Registry Base URL: http://registry-app-mysql.apps.ci419.apicurio-testing.org:80
2025-08-06 15:37:26,599 INFO  [org.apa.kaf.cli.con.ConsumerConfig] (main) ConsumerConfig values: 
	allow.auto.create.topics = true
	auto.commit.interval.ms = 500
	auto.include.jmx.reporter = true
	auto.offset.reset = earliest
	bootstrap.servers = [PLAINTEXT://localhost:32769]
	check.crcs = true
	client.dns.lookup = use_all_dns_ips
	client.id = consumer-Consumer-topic-c8b1de30_27ad_4afc_8ada_40bcf30f7a24-2
	client.rack = 
	connections.max.idle.ms = 10000
	default.api.timeout.ms = 60000
	enable.auto.commit = true
	enable.metrics.push = true
	exclude.internal.topics = true
	fetch.max.bytes = 52428800
	fetch.max.wait.ms = 500
	fetch.min.bytes = 1
	group.id = Consumer-topic-c8b1de30_27ad_4afc_8ada_40bcf30f7a24
	group.instance.id = null
	group.protocol = classic
	group.remote.assignor = null
	heartbeat.interval.ms = 3000
	interceptor.classes = []
	internal.leave.group.on.close = true
	internal.throw.on.fetch.stable.offset.unsupported = false
	isolation.level = read_uncommitted
	key.deserializer = class org.apache.kafka.common.serialization.StringDeserializer
	max.partition.fetch.bytes = 1048576
	max.poll.interval.ms = 300000
	max.poll.records = 500
	metadata.max.age.ms = 300000
	metadata.recovery.strategy = none
	metric.reporters = []
	metrics.num.samples = 2
	metrics.recording.level = INFO
	metrics.sample.window.ms = 30000
	partition.assignment.strategy = [class org.apache.kafka.clients.consumer.RangeAssignor, class org.apache.kafka.clients.consumer.CooperativeStickyAssignor]
	receive.buffer.bytes = 65536
	reconnect.backoff.max.ms = 1000
	reconnect.backoff.ms = 50
	request.timeout.ms = 5000
	retry.backoff.max.ms = 1000
	retry.backoff.ms = 100
	sasl.client.callback.handler.class = null
	sasl.jaas.config = null
	sasl.kerberos.kinit.cmd = /usr/bin/kinit
	sasl.kerberos.min.time.before.relogin = 60000
	sasl.kerberos.service.name = null
	sasl.kerberos.ticket.renew.jitter = 0.05
	sasl.kerberos.ticket.renew.window.factor = 0.8
	sasl.login.callback.handler.class = null
	sasl.login.class = null
	sasl.login.connect.timeout.ms = null
	sasl.login.read.timeout.ms = null
	sasl.login.refresh.buffer.seconds = 300
	sasl.login.refresh.min.period.seconds = 60
	sasl.login.refresh.window.factor = 0.8
	sasl.login.refresh.window.jitter = 0.05
	sasl.login.retry.backoff.max.ms = 10000
	sasl.login.retry.backoff.ms = 100
	sasl.mechanism = GSSAPI
	sasl.oauthbearer.clock.skew.seconds = 30
	sasl.oauthbearer.expected.audience = null
	sasl.oauthbearer.expected.issuer = null
	sasl.oauthbearer.header.urlencode = false
	sasl.oauthbearer.jwks.endpoint.refresh.ms = 3600000
	sasl.oauthbearer.jwks.endpoint.retry.backoff.max.ms = 10000
	sasl.oauthbearer.jwks.endpoint.retry.backoff.ms = 100
	sasl.oauthbearer.jwks.endpoint.url = null
	sasl.oauthbearer.scope.claim.name = scope
	sasl.oauthbearer.sub.claim.name = sub
	sasl.oauthbearer.token.endpoint.url = null
	security.protocol = PLAINTEXT
	security.providers = null
	send.buffer.bytes = 131072
	session.timeout.ms = 45000
	socket.connection.setup.timeout.max.ms = 30000
	socket.connection.setup.timeout.ms = 10000
	ssl.cipher.suites = null
	ssl.enabled.protocols = [TLSv1.2, TLSv1.3]
	ssl.endpoint.identification.algorithm = https
	ssl.engine.factory.class = null
	ssl.key.password = null
	ssl.keymanager.algorithm = SunX509
	ssl.keystore.certificate.chain = null
	ssl.keystore.key = null
	ssl.keystore.location = null
	ssl.keystore.password = null
	ssl.keystore.type = JKS
	ssl.protocol = TLSv1.3
	ssl.provider = null
	ssl.secure.random.implementation = null
	ssl.trustmanager.algorithm = PKIX
	ssl.truststore.certificates = null
	ssl.truststore.location = null
	ssl.truststore.password = null
	ssl.truststore.type = JKS
	value.deserializer = class io.apicurio.registry.serde.avro.AvroKafkaDeserializer

2025-08-06 15:37:26,599 INFO  [org.apa.kaf.com.tel.int.KafkaMetricsCollector] (main) initializing Kafka metrics collector
2025-08-06 15:37:26,617 INFO  [org.apa.kaf.cli.con.ConsumerConfig] (main) These configurations '[apicurio.registry.url]' were supplied but are not used yet.
2025-08-06 15:37:26,618 INFO  [org.apa.kaf.com.uti.AppInfoParser] (main) Kafka version: 3.9.1
2025-08-06 15:37:26,618 INFO  [org.apa.kaf.com.uti.AppInfoParser] (main) Kafka commitId: f745dfdcee2b9851
2025-08-06 15:37:26,618 INFO  [org.apa.kaf.com.uti.AppInfoParser] (main) Kafka startTimeMs: 1754494646618
2025-08-06 15:37:26,620 INFO  [org.apa.kaf.cli.con.int.ClassicKafkaConsumer] (Thread-609) [Consumer clientId=consumer-Consumer-topic-c8b1de30_27ad_4afc_8ada_40bcf30f7a24-2, groupId=Consumer-topic-c8b1de30_27ad_4afc_8ada_40bcf30f7a24] Subscribed to topic(s): topic-c8b1de30_27ad_4afc_8ada_40bcf30f7a24
2025-08-06 15:37:26,630 INFO  [org.apa.kaf.cli.Metadata] (Thread-609) [Consumer clientId=consumer-Consumer-topic-c8b1de30_27ad_4afc_8ada_40bcf30f7a24-2, groupId=Consumer-topic-c8b1de30_27ad_4afc_8ada_40bcf30f7a24] Cluster ID: dgPJ9z-1S5ugXzLx2i-R9Q
2025-08-06 15:37:26,632 INFO  [org.apa.kaf.cli.con.int.ConsumerCoordinator] (Thread-609) [Consumer clientId=consumer-Consumer-topic-c8b1de30_27ad_4afc_8ada_40bcf30f7a24-2, groupId=Consumer-topic-c8b1de30_27ad_4afc_8ada_40bcf30f7a24] Discovered group coordinator localhost:32769 (id: 2147483647 rack: null)
2025-08-06 15:37:26,633 INFO  [org.apa.kaf.cli.con.int.ConsumerCoordinator] (Thread-609) [Consumer clientId=consumer-Consumer-topic-c8b1de30_27ad_4afc_8ada_40bcf30f7a24-2, groupId=Consumer-topic-c8b1de30_27ad_4afc_8ada_40bcf30f7a24] (Re-)joining group
2025-08-06 15:37:26,639 INFO  [org.apa.kaf.cli.con.int.ConsumerCoordinator] (Thread-609) [Consumer clientId=consumer-Consumer-topic-c8b1de30_27ad_4afc_8ada_40bcf30f7a24-2, groupId=Consumer-topic-c8b1de30_27ad_4afc_8ada_40bcf30f7a24] Request joining group due to: need to re-join with the given member-id: consumer-Consumer-topic-c8b1de30_27ad_4afc_8ada_40bcf30f7a24-2-47061325-9e82-4483-a1df-de7b7822cf96
2025-08-06 15:37:26,639 INFO  [org.apa.kaf.cli.con.int.ConsumerCoordinator] (Thread-609) [Consumer clientId=consumer-Consumer-topic-c8b1de30_27ad_4afc_8ada_40bcf30f7a24-2, groupId=Consumer-topic-c8b1de30_27ad_4afc_8ada_40bcf30f7a24] (Re-)joining group
2025-08-06 15:37:27,620 INFO  [io.api.tes.ser.api.KafkaSerdesTester] (Thread-609) None found
2025-08-06 15:37:28,620 INFO  [io.api.tes.ser.api.KafkaSerdesTester] (Thread-609) None found
2025-08-06 15:37:29,620 INFO  [io.api.tes.ser.api.KafkaSerdesTester] (Thread-609) None found
2025-08-06 15:37:29,643 INFO  [org.apa.kaf.cli.con.int.ConsumerCoordinator] (Thread-609) [Consumer clientId=consumer-Consumer-topic-c8b1de30_27ad_4afc_8ada_40bcf30f7a24-2, groupId=Consumer-topic-c8b1de30_27ad_4afc_8ada_40bcf30f7a24] Successfully joined group with generation Generation{generationId=1, memberId='consumer-Consumer-topic-c8b1de30_27ad_4afc_8ada_40bcf30f7a24-2-47061325-9e82-4483-a1df-de7b7822cf96', protocol='range'}
2025-08-06 15:37:29,643 INFO  [org.apa.kaf.cli.con.int.ConsumerCoordinator] (Thread-609) [Consumer clientId=consumer-Consumer-topic-c8b1de30_27ad_4afc_8ada_40bcf30f7a24-2, groupId=Consumer-topic-c8b1de30_27ad_4afc_8ada_40bcf30f7a24] Finished assignment for group at generation 1: {consumer-Consumer-topic-c8b1de30_27ad_4afc_8ada_40bcf30f7a24-2-47061325-9e82-4483-a1df-de7b7822cf96=Assignment(partitions=[topic-c8b1de30_27ad_4afc_8ada_40bcf30f7a24-0])}
2025-08-06 15:37:29,650 INFO  [org.apa.kaf.cli.con.int.ConsumerCoordinator] (Thread-609) [Consumer clientId=consumer-Consumer-topic-c8b1de30_27ad_4afc_8ada_40bcf30f7a24-2, groupId=Consumer-topic-c8b1de30_27ad_4afc_8ada_40bcf30f7a24] Successfully synced group in generation Generation{generationId=1, memberId='consumer-Consumer-topic-c8b1de30_27ad_4afc_8ada_40bcf30f7a24-2-47061325-9e82-4483-a1df-de7b7822cf96', protocol='range'}
2025-08-06 15:37:29,651 INFO  [org.apa.kaf.cli.con.int.ConsumerCoordinator] (Thread-609) [Consumer clientId=consumer-Consumer-topic-c8b1de30_27ad_4afc_8ada_40bcf30f7a24-2, groupId=Consumer-topic-c8b1de30_27ad_4afc_8ada_40bcf30f7a24] Notifying assignor about the new Assignment(partitions=[topic-c8b1de30_27ad_4afc_8ada_40bcf30f7a24-0])
2025-08-06 15:37:29,651 INFO  [org.apa.kaf.cli.con.int.ConsumerRebalanceListenerInvoker] (Thread-609) [Consumer clientId=consumer-Consumer-topic-c8b1de30_27ad_4afc_8ada_40bcf30f7a24-2, groupId=Consumer-topic-c8b1de30_27ad_4afc_8ada_40bcf30f7a24] Adding newly assigned partitions: topic-c8b1de30_27ad_4afc_8ada_40bcf30f7a24-0
2025-08-06 15:37:29,652 INFO  [org.apa.kaf.cli.con.int.ConsumerCoordinator] (Thread-609) [Consumer clientId=consumer-Consumer-topic-c8b1de30_27ad_4afc_8ada_40bcf30f7a24-2, groupId=Consumer-topic-c8b1de30_27ad_4afc_8ada_40bcf30f7a24] Found no committed offset for partition topic-c8b1de30_27ad_4afc_8ada_40bcf30f7a24-0
2025-08-06 15:37:29,659 INFO  [org.apa.kaf.cli.con.int.SubscriptionState] (Thread-609) [Consumer clientId=consumer-Consumer-topic-c8b1de30_27ad_4afc_8ada_40bcf30f7a24-2, groupId=Consumer-topic-c8b1de30_27ad_4afc_8ada_40bcf30f7a24] Resetting offset for partition topic-c8b1de30_27ad_4afc_8ada_40bcf30f7a24-0 to position FetchPosition{offset=0, offsetEpoch=Optional.empty, currentLeader=LeaderAndEpoch{leader=Optional[localhost:32769 (id: 0 rack: null)], epoch=0}}.
2025-08-06 15:37:29,748 INFO  [io.api.tes.ser.api.KafkaSerdesTester] (Thread-609) topic-c8b1de30_27ad_4afc_8ada_40bcf30f7a24 0 0 {"key11754494645293": "value-0"}
2025-08-06 15:37:29,748 INFO  [io.api.tes.ser.api.KafkaSerdesTester] (Thread-609) topic-c8b1de30_27ad_4afc_8ada_40bcf30f7a24 0 1 {"key11754494645293": "value-1"}
2025-08-06 15:37:29,748 INFO  [io.api.tes.ser.api.KafkaSerdesTester] (Thread-609) topic-c8b1de30_27ad_4afc_8ada_40bcf30f7a24 0 2 {"key11754494645293": "value-2"}
2025-08-06 15:37:29,748 INFO  [io.api.tes.ser.api.KafkaSerdesTester] (Thread-609) topic-c8b1de30_27ad_4afc_8ada_40bcf30f7a24 0 3 {"key11754494645293": "value-3"}
2025-08-06 15:37:29,748 INFO  [io.api.tes.ser.api.KafkaSerdesTester] (Thread-609) topic-c8b1de30_27ad_4afc_8ada_40bcf30f7a24 0 4 {"key11754494645293": "value-4"}
2025-08-06 15:37:29,748 INFO  [io.api.tes.ser.api.KafkaSerdesTester] (Thread-609) topic-c8b1de30_27ad_4afc_8ada_40bcf30f7a24 0 5 {"key11754494645293": "value-5"}
2025-08-06 15:37:29,748 INFO  [io.api.tes.ser.api.KafkaSerdesTester] (Thread-609) topic-c8b1de30_27ad_4afc_8ada_40bcf30f7a24 0 6 {"key11754494645293": "value-6"}
2025-08-06 15:37:29,748 INFO  [io.api.tes.ser.api.KafkaSerdesTester] (Thread-609) topic-c8b1de30_27ad_4afc_8ada_40bcf30f7a24 0 7 {"key11754494645293": "value-7"}
2025-08-06 15:37:29,749 INFO  [io.api.tes.ser.api.KafkaSerdesTester] (Thread-609) topic-c8b1de30_27ad_4afc_8ada_40bcf30f7a24 0 8 {"key11754494645293": "value-8"}
2025-08-06 15:37:29,749 INFO  [io.api.tes.ser.api.KafkaSerdesTester] (Thread-609) topic-c8b1de30_27ad_4afc_8ada_40bcf30f7a24 0 9 {"key11754494645293": "value-9"}
2025-08-06 15:37:29,749 INFO  [io.api.tes.ser.api.KafkaSerdesTester] (Thread-609) Consumed 10 messages
2025-08-06 15:37:29,757 INFO  [org.apa.kaf.cli.con.int.ConsumerRebalanceListenerInvoker] (Thread-609) [Consumer clientId=consumer-Consumer-topic-c8b1de30_27ad_4afc_8ada_40bcf30f7a24-2, groupId=Consumer-topic-c8b1de30_27ad_4afc_8ada_40bcf30f7a24] Revoke previously assigned partitions topic-c8b1de30_27ad_4afc_8ada_40bcf30f7a24-0
2025-08-06 15:37:29,757 INFO  [org.apa.kaf.cli.con.int.ConsumerCoordinator] (Thread-609) [Consumer clientId=consumer-Consumer-topic-c8b1de30_27ad_4afc_8ada_40bcf30f7a24-2, groupId=Consumer-topic-c8b1de30_27ad_4afc_8ada_40bcf30f7a24] Member consumer-Consumer-topic-c8b1de30_27ad_4afc_8ada_40bcf30f7a24-2-47061325-9e82-4483-a1df-de7b7822cf96 sending LeaveGroup request to coordinator localhost:32769 (id: 2147483647 rack: null) due to the consumer is being closed
2025-08-06 15:37:29,757 INFO  [org.apa.kaf.cli.con.int.ConsumerCoordinator] (Thread-609) [Consumer clientId=consumer-Consumer-topic-c8b1de30_27ad_4afc_8ada_40bcf30f7a24-2, groupId=Consumer-topic-c8b1de30_27ad_4afc_8ada_40bcf30f7a24] Resetting generation and member id due to: consumer pro-actively leaving the group
2025-08-06 15:37:29,758 INFO  [org.apa.kaf.cli.con.int.ConsumerCoordinator] (Thread-609) [Consumer clientId=consumer-Consumer-topic-c8b1de30_27ad_4afc_8ada_40bcf30f7a24-2, groupId=Consumer-topic-c8b1de30_27ad_4afc_8ada_40bcf30f7a24] Request joining group due to: consumer pro-actively leaving the group
2025-08-06 15:37:30,252 INFO  [org.apa.kaf.com.met.Metrics] (Thread-609) Metrics scheduler closed
2025-08-06 15:37:30,253 INFO  [org.apa.kaf.com.met.Metrics] (Thread-609) Closing reporter org.apache.kafka.common.metrics.JmxReporter
2025-08-06 15:37:30,253 INFO  [org.apa.kaf.com.met.Metrics] (Thread-609) Closing reporter org.apache.kafka.common.telemetry.internals.ClientTelemetryReporter
2025-08-06 15:37:30,253 INFO  [org.apa.kaf.com.met.Metrics] (Thread-609) Metrics reporters closed
2025-08-06 15:37:30,258 INFO  [org.apa.kaf.com.uti.AppInfoParser] (Thread-609) App info kafka.consumer for consumer-Consumer-topic-c8b1de30_27ad_4afc_8ada_40bcf30f7a24-2 unregistered
2025-08-06 15:37:30,260 INFO  [io.api.tes.uti.TestSeparator] (main) io.apicurio.tests.serdes.apicurio.AvroSerdeIT.testSimpleTopicIdStrategyFindLatest-FINISHED
2025-08-06 15:37:30,260 INFO  [io.api.tes.uti.TestSeparator] (main) ############################################################################
Test passed: testSimpleTopicIdStrategyFindLatest
]]></system-out>
  </testcase>
  <testcase name="testWrongSchema" classname="io.apicurio.tests.serdes.apicurio.AvroSerdeIT" time="1.211">
    <system-out><![CDATA[2025-08-06 15:37:30,261 INFO  [io.api.tes.uti.TestSeparator] (main) ############################################################################
2025-08-06 15:37:30,262 INFO  [io.api.tes.uti.TestSeparator] (main) io.apicurio.tests.serdes.apicurio.AvroSerdeIT.testWrongSchema-STARTED
**** Registry Base URL: http://registry-app-mysql.apps.ci419.apicurio-testing.org:80
2025-08-06 15:37:31,380 INFO  [org.apa.kaf.cli.pro.ProducerConfig] (main) ProducerConfig values: 
	acks = -1
	auto.include.jmx.reporter = true
	batch.size = 16384
	bootstrap.servers = [PLAINTEXT://localhost:32769]
	buffer.memory = 33554432
	client.dns.lookup = use_all_dns_ips
	client.id = Producer-s1dc569a0x83bbx4182xa44ax01bd07f73c3f
	compression.gzip.level = -1
	compression.lz4.level = 9
	compression.type = none
	compression.zstd.level = 3
	connections.max.idle.ms = 10000
	delivery.timeout.ms = 120000
	enable.idempotence = true
	enable.metrics.push = true
	interceptor.classes = []
	key.serializer = class org.apache.kafka.common.serialization.StringSerializer
	linger.ms = 0
	max.block.ms = 60000
	max.in.flight.requests.per.connection = 5
	max.request.size = 1048576
	metadata.max.age.ms = 300000
	metadata.max.idle.ms = 300000
	metadata.recovery.strategy = none
	metric.reporters = []
	metrics.num.samples = 2
	metrics.recording.level = INFO
	metrics.sample.window.ms = 30000
	partitioner.adaptive.partitioning.enable = true
	partitioner.availability.timeout.ms = 0
	partitioner.class = null
	partitioner.ignore.keys = false
	receive.buffer.bytes = 32768
	reconnect.backoff.max.ms = 1000
	reconnect.backoff.ms = 50
	request.timeout.ms = 5000
	retries = 2147483647
	retry.backoff.max.ms = 1000
	retry.backoff.ms = 100
	sasl.client.callback.handler.class = null
	sasl.jaas.config = null
	sasl.kerberos.kinit.cmd = /usr/bin/kinit
	sasl.kerberos.min.time.before.relogin = 60000
	sasl.kerberos.service.name = null
	sasl.kerberos.ticket.renew.jitter = 0.05
	sasl.kerberos.ticket.renew.window.factor = 0.8
	sasl.login.callback.handler.class = null
	sasl.login.class = null
	sasl.login.connect.timeout.ms = null
	sasl.login.read.timeout.ms = null
	sasl.login.refresh.buffer.seconds = 300
	sasl.login.refresh.min.period.seconds = 60
	sasl.login.refresh.window.factor = 0.8
	sasl.login.refresh.window.jitter = 0.05
	sasl.login.retry.backoff.max.ms = 10000
	sasl.login.retry.backoff.ms = 100
	sasl.mechanism = GSSAPI
	sasl.oauthbearer.clock.skew.seconds = 30
	sasl.oauthbearer.expected.audience = null
	sasl.oauthbearer.expected.issuer = null
	sasl.oauthbearer.header.urlencode = false
	sasl.oauthbearer.jwks.endpoint.refresh.ms = 3600000
	sasl.oauthbearer.jwks.endpoint.retry.backoff.max.ms = 10000
	sasl.oauthbearer.jwks.endpoint.retry.backoff.ms = 100
	sasl.oauthbearer.jwks.endpoint.url = null
	sasl.oauthbearer.scope.claim.name = scope
	sasl.oauthbearer.sub.claim.name = sub
	sasl.oauthbearer.token.endpoint.url = null
	security.protocol = PLAINTEXT
	security.providers = null
	send.buffer.bytes = 131072
	socket.connection.setup.timeout.max.ms = 30000
	socket.connection.setup.timeout.ms = 10000
	ssl.cipher.suites = null
	ssl.enabled.protocols = [TLSv1.2, TLSv1.3]
	ssl.endpoint.identification.algorithm = https
	ssl.engine.factory.class = null
	ssl.key.password = null
	ssl.keymanager.algorithm = SunX509
	ssl.keystore.certificate.chain = null
	ssl.keystore.key = null
	ssl.keystore.location = null
	ssl.keystore.password = null
	ssl.keystore.type = JKS
	ssl.protocol = TLSv1.3
	ssl.provider = null
	ssl.secure.random.implementation = null
	ssl.trustmanager.algorithm = PKIX
	ssl.truststore.certificates = null
	ssl.truststore.location = null
	ssl.truststore.password = null
	ssl.truststore.type = JKS
	transaction.timeout.ms = 60000
	transactional.id = null
	value.serializer = class io.apicurio.registry.serde.avro.AvroKafkaSerializer

2025-08-06 15:37:31,381 INFO  [org.apa.kaf.com.tel.int.KafkaMetricsCollector] (main) initializing Kafka metrics collector
2025-08-06 15:37:31,385 INFO  [org.apa.kaf.cli.pro.KafkaProducer] (main) [Producer clientId=Producer-s1dc569a0x83bbx4182xa44ax01bd07f73c3f] Instantiated an idempotent producer.
2025-08-06 15:37:31,388 INFO  [org.apa.kaf.cli.pro.ProducerConfig] (main) These configurations '[apicurio.registry.find-latest, apicurio.registry.url, apicurio.registry.artifact-resolver-strategy]' were supplied but are not used yet.
2025-08-06 15:37:31,388 INFO  [org.apa.kaf.com.uti.AppInfoParser] (main) Kafka version: 3.9.1
2025-08-06 15:37:31,388 INFO  [org.apa.kaf.com.uti.AppInfoParser] (main) Kafka commitId: f745dfdcee2b9851
2025-08-06 15:37:31,388 INFO  [org.apa.kaf.com.uti.AppInfoParser] (main) Kafka startTimeMs: 1754494651388
2025-08-06 15:37:31,391 INFO  [io.api.tes.ser.api.KafkaSerdesTester] (Thread-612) Sending message {"keyB": "value-0"} to topic s1dc569a0x83bbx4182xa44ax01bd07f73c3f
2025-08-06 15:37:31,397 INFO  [org.apa.kaf.cli.Metadata] (kafka-producer-network-thread | Producer-s1dc569a0x83bbx4182xa44ax01bd07f73c3f) [Producer clientId=Producer-s1dc569a0x83bbx4182xa44ax01bd07f73c3f] Cluster ID: dgPJ9z-1S5ugXzLx2i-R9Q
2025-08-06 15:37:31,400 INFO  [org.apa.kaf.cli.pro.int.TransactionManager] (kafka-producer-network-thread | Producer-s1dc569a0x83bbx4182xa44ax01bd07f73c3f) [Producer clientId=Producer-s1dc569a0x83bbx4182xa44ax01bd07f73c3f] ProducerId set to 2 with epoch 0
2025-08-06 15:37:31,462 INFO  [org.apa.kaf.cli.pro.KafkaProducer] (Thread-612) [Producer clientId=Producer-s1dc569a0x83bbx4182xa44ax01bd07f73c3f] Closing the Kafka producer with timeoutMillis = 9223372036854775807 ms.
2025-08-06 15:37:31,468 INFO  [org.apa.kaf.com.met.Metrics] (Thread-612) Metrics scheduler closed
2025-08-06 15:37:31,468 INFO  [org.apa.kaf.com.met.Metrics] (Thread-612) Closing reporter org.apache.kafka.common.metrics.JmxReporter
2025-08-06 15:37:31,468 INFO  [org.apa.kaf.com.met.Metrics] (Thread-612) Closing reporter org.apache.kafka.common.telemetry.internals.ClientTelemetryReporter
2025-08-06 15:37:31,468 INFO  [org.apa.kaf.com.met.Metrics] (Thread-612) Metrics reporters closed
2025-08-06 15:37:31,471 INFO  [org.apa.kaf.com.uti.AppInfoParser] (Thread-612) App info kafka.producer for Producer-s1dc569a0x83bbx4182xa44ax01bd07f73c3f unregistered
2025-08-06 15:37:31,472 INFO  [io.api.tes.uti.TestSeparator] (main) io.apicurio.tests.serdes.apicurio.AvroSerdeIT.testWrongSchema-FINISHED
2025-08-06 15:37:31,472 INFO  [io.api.tes.uti.TestSeparator] (main) ############################################################################
Test passed: testWrongSchema
]]></system-out>
    <system-err><![CDATA[io.apicurio.registry.rest.client.models.ProblemDetails
	at io.apicurio.registry.rest.client.models.ProblemDetails.createFromDiscriminatorValue(ProblemDetails.java:58)
	at io.kiota.serialization.json.JsonParseNode.getObjectValue(JsonParseNode.java:247)
	at io.kiota.http.vertx.VertXRequestAdapter.lambda$throwIfFailedResponse$0(VertXRequestAdapter.java:400)
	at com.microsoft.kiota.ApiExceptionBuilder.<init>(ApiExceptionBuilder.java:26)
	at io.kiota.http.vertx.VertXRequestAdapter.throwIfFailedResponse(VertXRequestAdapter.java:399)
	at io.kiota.http.vertx.VertXRequestAdapter.send(VertXRequestAdapter.java:170)
	at io.apicurio.registry.rest.client.groups.item.artifacts.item.versions.item.WithVersionExpressionItemRequestBuilder.get(WithVersionExpressionItemRequestBuilder.java:128)
	at io.apicurio.registry.rest.client.groups.item.artifacts.item.versions.item.WithVersionExpressionItemRequestBuilder.get(WithVersionExpressionItemRequestBuilder.java:111)
	at io.apicurio.registry.resolver.client.RegistryClientFacadeImpl.getVersionCoordinatesByGAV(RegistryClientFacadeImpl.java:159)
	at io.apicurio.registry.resolver.DefaultSchemaResolver.resolveByCoordinates(DefaultSchemaResolver.java:352)
	at io.apicurio.registry.resolver.DefaultSchemaResolver.lambda$resolveSchemaByArtifactReferenceCached$6(DefaultSchemaResolver.java:340)
	at io.apicurio.registry.resolver.cache.ERCache.lambda$getValue$0(ERCache.java:174)
	at io.apicurio.registry.resolver.cache.ERCache.retry(ERCache.java:227)
	at io.apicurio.registry.resolver.cache.ERCache.getValue(ERCache.java:173)
	at io.apicurio.registry.resolver.cache.ERCache.getByArtifactCoordinates(ERCache.java:158)
	at io.apicurio.registry.resolver.DefaultSchemaResolver.resolveSchemaByArtifactReferenceCached(DefaultSchemaResolver.java:338)
	at io.apicurio.registry.resolver.DefaultSchemaResolver.resolveSchemaByCoordinates(DefaultSchemaResolver.java:193)
	at io.apicurio.registry.resolver.DefaultSchemaResolver.getSchemaFromRegistry(DefaultSchemaResolver.java:130)
	at io.apicurio.registry.resolver.DefaultSchemaResolver.lambda$resolveSchema$0(DefaultSchemaResolver.java:84)
	at java.base/java.util.Optional.orElseGet(Optional.java:364)
	at io.apicurio.registry.resolver.DefaultSchemaResolver.resolveSchema(DefaultSchemaResolver.java:84)
	at io.apicurio.registry.serde.AbstractSerializer.serializeData(AbstractSerializer.java:62)
	at io.apicurio.registry.serde.KafkaSerializer.serialize(KafkaSerializer.java:77)
	at org.apache.kafka.clients.producer.KafkaProducer.doSend(KafkaProducer.java:1046)
	at org.apache.kafka.clients.producer.KafkaProducer.send(KafkaProducer.java:993)
	at org.apache.kafka.clients.producer.KafkaProducer.send(KafkaProducer.java:875)
	at io.apicurio.tests.serdes.apicurio.KafkaSerdesTester.lambda$produceMessages$3(KafkaSerdesTester.java:138)
	at java.base/java.util.concurrent.CompletableFuture$AsyncSupply.run(CompletableFuture.java:1768)
	at java.base/java.lang.Thread.run(Thread.java:840)
]]></system-err>
  </testcase>
  <testcase name="testAvroJSON" classname="io.apicurio.tests.serdes.apicurio.AvroSerdeIT" time="3.888">
    <system-out><![CDATA[2025-08-06 15:37:31,474 INFO  [io.api.tes.uti.TestSeparator] (main) ############################################################################
2025-08-06 15:37:31,474 INFO  [io.api.tes.uti.TestSeparator] (main) io.apicurio.tests.serdes.apicurio.AvroSerdeIT.testAvroJSON-STARTED
**** Registry Base URL: http://registry-app-mysql.apps.ci419.apicurio-testing.org:80
2025-08-06 15:37:31,485 INFO  [org.apa.kaf.cli.pro.ProducerConfig] (main) ProducerConfig values: 
	acks = -1
	auto.include.jmx.reporter = true
	batch.size = 16384
	bootstrap.servers = [PLAINTEXT://localhost:32769]
	buffer.memory = 33554432
	client.dns.lookup = use_all_dns_ips
	client.id = Producer-topic-2956db3c_4781_477c_97b8_8586475941c6
	compression.gzip.level = -1
	compression.lz4.level = 9
	compression.type = none
	compression.zstd.level = 3
	connections.max.idle.ms = 10000
	delivery.timeout.ms = 120000
	enable.idempotence = true
	enable.metrics.push = true
	interceptor.classes = []
	key.serializer = class org.apache.kafka.common.serialization.StringSerializer
	linger.ms = 0
	max.block.ms = 60000
	max.in.flight.requests.per.connection = 5
	max.request.size = 1048576
	metadata.max.age.ms = 300000
	metadata.max.idle.ms = 300000
	metadata.recovery.strategy = none
	metric.reporters = []
	metrics.num.samples = 2
	metrics.recording.level = INFO
	metrics.sample.window.ms = 30000
	partitioner.adaptive.partitioning.enable = true
	partitioner.availability.timeout.ms = 0
	partitioner.class = null
	partitioner.ignore.keys = false
	receive.buffer.bytes = 32768
	reconnect.backoff.max.ms = 1000
	reconnect.backoff.ms = 50
	request.timeout.ms = 5000
	retries = 2147483647
	retry.backoff.max.ms = 1000
	retry.backoff.ms = 100
	sasl.client.callback.handler.class = null
	sasl.jaas.config = null
	sasl.kerberos.kinit.cmd = /usr/bin/kinit
	sasl.kerberos.min.time.before.relogin = 60000
	sasl.kerberos.service.name = null
	sasl.kerberos.ticket.renew.jitter = 0.05
	sasl.kerberos.ticket.renew.window.factor = 0.8
	sasl.login.callback.handler.class = null
	sasl.login.class = null
	sasl.login.connect.timeout.ms = null
	sasl.login.read.timeout.ms = null
	sasl.login.refresh.buffer.seconds = 300
	sasl.login.refresh.min.period.seconds = 60
	sasl.login.refresh.window.factor = 0.8
	sasl.login.refresh.window.jitter = 0.05
	sasl.login.retry.backoff.max.ms = 10000
	sasl.login.retry.backoff.ms = 100
	sasl.mechanism = GSSAPI
	sasl.oauthbearer.clock.skew.seconds = 30
	sasl.oauthbearer.expected.audience = null
	sasl.oauthbearer.expected.issuer = null
	sasl.oauthbearer.header.urlencode = false
	sasl.oauthbearer.jwks.endpoint.refresh.ms = 3600000
	sasl.oauthbearer.jwks.endpoint.retry.backoff.max.ms = 10000
	sasl.oauthbearer.jwks.endpoint.retry.backoff.ms = 100
	sasl.oauthbearer.jwks.endpoint.url = null
	sasl.oauthbearer.scope.claim.name = scope
	sasl.oauthbearer.sub.claim.name = sub
	sasl.oauthbearer.token.endpoint.url = null
	security.protocol = PLAINTEXT
	security.providers = null
	send.buffer.bytes = 131072
	socket.connection.setup.timeout.max.ms = 30000
	socket.connection.setup.timeout.ms = 10000
	ssl.cipher.suites = null
	ssl.enabled.protocols = [TLSv1.2, TLSv1.3]
	ssl.endpoint.identification.algorithm = https
	ssl.engine.factory.class = null
	ssl.key.password = null
	ssl.keymanager.algorithm = SunX509
	ssl.keystore.certificate.chain = null
	ssl.keystore.key = null
	ssl.keystore.location = null
	ssl.keystore.password = null
	ssl.keystore.type = JKS
	ssl.protocol = TLSv1.3
	ssl.provider = null
	ssl.secure.random.implementation = null
	ssl.trustmanager.algorithm = PKIX
	ssl.truststore.certificates = null
	ssl.truststore.location = null
	ssl.truststore.password = null
	ssl.truststore.type = JKS
	transaction.timeout.ms = 60000
	transactional.id = null
	value.serializer = class io.apicurio.registry.serde.avro.AvroKafkaSerializer

2025-08-06 15:37:31,485 INFO  [org.apa.kaf.com.tel.int.KafkaMetricsCollector] (main) initializing Kafka metrics collector
2025-08-06 15:37:31,499 INFO  [org.apa.kaf.cli.pro.KafkaProducer] (main) [Producer clientId=Producer-topic-2956db3c_4781_477c_97b8_8586475941c6] Instantiated an idempotent producer.
2025-08-06 15:37:31,512 INFO  [org.apa.kaf.cli.pro.ProducerConfig] (main) These configurations '[apicurio.registry.avro.encoding, apicurio.registry.url, apicurio.registry.auto-register, apicurio.registry.artifact-resolver-strategy]' were supplied but are not used yet.
2025-08-06 15:37:31,512 INFO  [org.apa.kaf.com.uti.AppInfoParser] (main) Kafka version: 3.9.1
2025-08-06 15:37:31,512 INFO  [org.apa.kaf.com.uti.AppInfoParser] (main) Kafka commitId: f745dfdcee2b9851
2025-08-06 15:37:31,512 INFO  [org.apa.kaf.com.uti.AppInfoParser] (main) Kafka startTimeMs: 1754494651512
2025-08-06 15:37:31,512 INFO  [io.api.tes.ser.api.SimpleSerdesTesterBuilder$SimpleSerdesTester] (main) Using producer configuration: {apicurio.registry.avro.encoding=JSON, apicurio.registry.url=http://registry-app-mysql.apps.ci419.apicurio-testing.org:80/apis/registry/v3, apicurio.registry.auto-register=true, apicurio.registry.artifact-resolver-strategy=io.apicurio.registry.serde.strategy.TopicIdStrategy, value.serializer=io.apicurio.registry.serde.avro.AvroKafkaSerializer, request.timeout.ms=5000, acks=all, bootstrap.servers=PLAINTEXT://localhost:32769, connections.max.idle.ms=10000, key.serializer=org.apache.kafka.common.serialization.StringSerializer, client.id=Producer-topic-2956db3c_4781_477c_97b8_8586475941c6}
2025-08-06 15:37:31,512 INFO  [io.api.tes.ser.api.SimpleSerdesTesterBuilder$SimpleSerdesTester] (main) Using consumer configuration: {apicurio.registry.avro.encoding=JSON}
2025-08-06 15:37:31,516 INFO  [io.api.tes.ser.api.KafkaSerdesTester] (Thread-615) Sending message {"bar": "value-0"} to topic topic-2956db3c_4781_477c_97b8_8586475941c6
2025-08-06 15:37:31,518 INFO  [org.apa.kaf.cli.Metadata] (kafka-producer-network-thread | Producer-topic-2956db3c_4781_477c_97b8_8586475941c6) [Producer clientId=Producer-topic-2956db3c_4781_477c_97b8_8586475941c6] Cluster ID: dgPJ9z-1S5ugXzLx2i-R9Q
2025-08-06 15:37:31,521 INFO  [org.apa.kaf.cli.pro.int.TransactionManager] (kafka-producer-network-thread | Producer-topic-2956db3c_4781_477c_97b8_8586475941c6) [Producer clientId=Producer-topic-2956db3c_4781_477c_97b8_8586475941c6] ProducerId set to 3 with epoch 0
2025-08-06 15:37:31,623 INFO  [io.api.tes.ser.api.KafkaSerdesTester] (Thread-615) Sending message {"bar": "value-1"} to topic topic-2956db3c_4781_477c_97b8_8586475941c6
2025-08-06 15:37:31,626 INFO  [io.api.tes.ser.api.KafkaSerdesTester] (Thread-615) Sending message {"bar": "value-2"} to topic topic-2956db3c_4781_477c_97b8_8586475941c6
2025-08-06 15:37:31,629 INFO  [io.api.tes.ser.api.KafkaSerdesTester] (Thread-615) Sending message {"bar": "value-3"} to topic topic-2956db3c_4781_477c_97b8_8586475941c6
2025-08-06 15:37:31,632 INFO  [io.api.tes.ser.api.KafkaSerdesTester] (Thread-615) Sending message {"bar": "value-4"} to topic topic-2956db3c_4781_477c_97b8_8586475941c6
2025-08-06 15:37:31,634 INFO  [io.api.tes.ser.api.KafkaSerdesTester] (Thread-615) Sending message {"bar": "value-5"} to topic topic-2956db3c_4781_477c_97b8_8586475941c6
2025-08-06 15:37:31,639 INFO  [io.api.tes.ser.api.KafkaSerdesTester] (Thread-615) Sending message {"bar": "value-6"} to topic topic-2956db3c_4781_477c_97b8_8586475941c6
2025-08-06 15:37:31,643 INFO  [io.api.tes.ser.api.KafkaSerdesTester] (Thread-615) Sending message {"bar": "value-7"} to topic topic-2956db3c_4781_477c_97b8_8586475941c6
2025-08-06 15:37:31,645 INFO  [io.api.tes.ser.api.KafkaSerdesTester] (Thread-615) Sending message {"bar": "value-8"} to topic topic-2956db3c_4781_477c_97b8_8586475941c6
2025-08-06 15:37:31,648 INFO  [io.api.tes.ser.api.KafkaSerdesTester] (Thread-615) Sending message {"bar": "value-9"} to topic topic-2956db3c_4781_477c_97b8_8586475941c6
2025-08-06 15:37:31,653 INFO  [io.api.tes.ser.api.KafkaSerdesTester] (Thread-615) Produced 10 messages
2025-08-06 15:37:31,653 INFO  [org.apa.kaf.cli.pro.KafkaProducer] (Thread-615) [Producer clientId=Producer-topic-2956db3c_4781_477c_97b8_8586475941c6] Closing the Kafka producer with timeoutMillis = 9223372036854775807 ms.
2025-08-06 15:37:31,657 INFO  [org.apa.kaf.com.met.Metrics] (Thread-615) Metrics scheduler closed
2025-08-06 15:37:31,657 INFO  [org.apa.kaf.com.met.Metrics] (Thread-615) Closing reporter org.apache.kafka.common.metrics.JmxReporter
2025-08-06 15:37:31,657 INFO  [org.apa.kaf.com.met.Metrics] (Thread-615) Closing reporter org.apache.kafka.common.telemetry.internals.ClientTelemetryReporter
2025-08-06 15:37:31,657 INFO  [org.apa.kaf.com.met.Metrics] (Thread-615) Metrics reporters closed
2025-08-06 15:37:31,657 INFO  [org.apa.kaf.com.uti.AppInfoParser] (Thread-615) App info kafka.producer for Producer-topic-2956db3c_4781_477c_97b8_8586475941c6 unregistered
**** Registry Base URL: http://registry-app-mysql.apps.ci419.apicurio-testing.org:80
2025-08-06 15:37:31,720 INFO  [org.apa.kaf.cli.con.ConsumerConfig] (main) ConsumerConfig values: 
	allow.auto.create.topics = true
	auto.commit.interval.ms = 500
	auto.include.jmx.reporter = true
	auto.offset.reset = earliest
	bootstrap.servers = [PLAINTEXT://localhost:32769]
	check.crcs = true
	client.dns.lookup = use_all_dns_ips
	client.id = consumer-Consumer-topic-2956db3c_4781_477c_97b8_8586475941c6-3
	client.rack = 
	connections.max.idle.ms = 10000
	default.api.timeout.ms = 60000
	enable.auto.commit = true
	enable.metrics.push = true
	exclude.internal.topics = true
	fetch.max.bytes = 52428800
	fetch.max.wait.ms = 500
	fetch.min.bytes = 1
	group.id = Consumer-topic-2956db3c_4781_477c_97b8_8586475941c6
	group.instance.id = null
	group.protocol = classic
	group.remote.assignor = null
	heartbeat.interval.ms = 3000
	interceptor.classes = []
	internal.leave.group.on.close = true
	internal.throw.on.fetch.stable.offset.unsupported = false
	isolation.level = read_uncommitted
	key.deserializer = class org.apache.kafka.common.serialization.StringDeserializer
	max.partition.fetch.bytes = 1048576
	max.poll.interval.ms = 300000
	max.poll.records = 500
	metadata.max.age.ms = 300000
	metadata.recovery.strategy = none
	metric.reporters = []
	metrics.num.samples = 2
	metrics.recording.level = INFO
	metrics.sample.window.ms = 30000
	partition.assignment.strategy = [class org.apache.kafka.clients.consumer.RangeAssignor, class org.apache.kafka.clients.consumer.CooperativeStickyAssignor]
	receive.buffer.bytes = 65536
	reconnect.backoff.max.ms = 1000
	reconnect.backoff.ms = 50
	request.timeout.ms = 5000
	retry.backoff.max.ms = 1000
	retry.backoff.ms = 100
	sasl.client.callback.handler.class = null
	sasl.jaas.config = null
	sasl.kerberos.kinit.cmd = /usr/bin/kinit
	sasl.kerberos.min.time.before.relogin = 60000
	sasl.kerberos.service.name = null
	sasl.kerberos.ticket.renew.jitter = 0.05
	sasl.kerberos.ticket.renew.window.factor = 0.8
	sasl.login.callback.handler.class = null
	sasl.login.class = null
	sasl.login.connect.timeout.ms = null
	sasl.login.read.timeout.ms = null
	sasl.login.refresh.buffer.seconds = 300
	sasl.login.refresh.min.period.seconds = 60
	sasl.login.refresh.window.factor = 0.8
	sasl.login.refresh.window.jitter = 0.05
	sasl.login.retry.backoff.max.ms = 10000
	sasl.login.retry.backoff.ms = 100
	sasl.mechanism = GSSAPI
	sasl.oauthbearer.clock.skew.seconds = 30
	sasl.oauthbearer.expected.audience = null
	sasl.oauthbearer.expected.issuer = null
	sasl.oauthbearer.header.urlencode = false
	sasl.oauthbearer.jwks.endpoint.refresh.ms = 3600000
	sasl.oauthbearer.jwks.endpoint.retry.backoff.max.ms = 10000
	sasl.oauthbearer.jwks.endpoint.retry.backoff.ms = 100
	sasl.oauthbearer.jwks.endpoint.url = null
	sasl.oauthbearer.scope.claim.name = scope
	sasl.oauthbearer.sub.claim.name = sub
	sasl.oauthbearer.token.endpoint.url = null
	security.protocol = PLAINTEXT
	security.providers = null
	send.buffer.bytes = 131072
	session.timeout.ms = 45000
	socket.connection.setup.timeout.max.ms = 30000
	socket.connection.setup.timeout.ms = 10000
	ssl.cipher.suites = null
	ssl.enabled.protocols = [TLSv1.2, TLSv1.3]
	ssl.endpoint.identification.algorithm = https
	ssl.engine.factory.class = null
	ssl.key.password = null
	ssl.keymanager.algorithm = SunX509
	ssl.keystore.certificate.chain = null
	ssl.keystore.key = null
	ssl.keystore.location = null
	ssl.keystore.password = null
	ssl.keystore.type = JKS
	ssl.protocol = TLSv1.3
	ssl.provider = null
	ssl.secure.random.implementation = null
	ssl.trustmanager.algorithm = PKIX
	ssl.truststore.certificates = null
	ssl.truststore.location = null
	ssl.truststore.password = null
	ssl.truststore.type = JKS
	value.deserializer = class io.apicurio.registry.serde.avro.AvroKafkaDeserializer

2025-08-06 15:37:31,720 INFO  [org.apa.kaf.com.tel.int.KafkaMetricsCollector] (main) initializing Kafka metrics collector
2025-08-06 15:37:31,735 INFO  [org.apa.kaf.cli.con.ConsumerConfig] (main) These configurations '[apicurio.registry.avro.encoding, apicurio.registry.url]' were supplied but are not used yet.
2025-08-06 15:37:31,735 INFO  [org.apa.kaf.com.uti.AppInfoParser] (main) Kafka version: 3.9.1
2025-08-06 15:37:31,735 INFO  [org.apa.kaf.com.uti.AppInfoParser] (main) Kafka commitId: f745dfdcee2b9851
2025-08-06 15:37:31,735 INFO  [org.apa.kaf.com.uti.AppInfoParser] (main) Kafka startTimeMs: 1754494651735
2025-08-06 15:37:31,737 INFO  [org.apa.kaf.cli.con.int.ClassicKafkaConsumer] (Thread-618) [Consumer clientId=consumer-Consumer-topic-2956db3c_4781_477c_97b8_8586475941c6-3, groupId=Consumer-topic-2956db3c_4781_477c_97b8_8586475941c6] Subscribed to topic(s): topic-2956db3c_4781_477c_97b8_8586475941c6
2025-08-06 15:37:31,743 INFO  [org.apa.kaf.cli.Metadata] (Thread-618) [Consumer clientId=consumer-Consumer-topic-2956db3c_4781_477c_97b8_8586475941c6-3, groupId=Consumer-topic-2956db3c_4781_477c_97b8_8586475941c6] Cluster ID: dgPJ9z-1S5ugXzLx2i-R9Q
2025-08-06 15:37:31,748 INFO  [org.apa.kaf.cli.con.int.ConsumerCoordinator] (Thread-618) [Consumer clientId=consumer-Consumer-topic-2956db3c_4781_477c_97b8_8586475941c6-3, groupId=Consumer-topic-2956db3c_4781_477c_97b8_8586475941c6] Discovered group coordinator localhost:32769 (id: 2147483647 rack: null)
2025-08-06 15:37:31,750 INFO  [org.apa.kaf.cli.con.int.ConsumerCoordinator] (Thread-618) [Consumer clientId=consumer-Consumer-topic-2956db3c_4781_477c_97b8_8586475941c6-3, groupId=Consumer-topic-2956db3c_4781_477c_97b8_8586475941c6] (Re-)joining group
2025-08-06 15:37:31,756 INFO  [org.apa.kaf.cli.con.int.ConsumerCoordinator] (Thread-618) [Consumer clientId=consumer-Consumer-topic-2956db3c_4781_477c_97b8_8586475941c6-3, groupId=Consumer-topic-2956db3c_4781_477c_97b8_8586475941c6] Request joining group due to: need to re-join with the given member-id: consumer-Consumer-topic-2956db3c_4781_477c_97b8_8586475941c6-3-9e777b99-b31a-4bed-ab92-69981bea709b
2025-08-06 15:37:31,757 INFO  [org.apa.kaf.cli.con.int.ConsumerCoordinator] (Thread-618) [Consumer clientId=consumer-Consumer-topic-2956db3c_4781_477c_97b8_8586475941c6-3, groupId=Consumer-topic-2956db3c_4781_477c_97b8_8586475941c6] (Re-)joining group
2025-08-06 15:37:32,737 INFO  [io.api.tes.ser.api.KafkaSerdesTester] (Thread-618) None found
2025-08-06 15:37:33,737 INFO  [io.api.tes.ser.api.KafkaSerdesTester] (Thread-618) None found
2025-08-06 15:37:34,737 INFO  [io.api.tes.ser.api.KafkaSerdesTester] (Thread-618) None found
2025-08-06 15:37:34,760 INFO  [org.apa.kaf.cli.con.int.ConsumerCoordinator] (Thread-618) [Consumer clientId=consumer-Consumer-topic-2956db3c_4781_477c_97b8_8586475941c6-3, groupId=Consumer-topic-2956db3c_4781_477c_97b8_8586475941c6] Successfully joined group with generation Generation{generationId=1, memberId='consumer-Consumer-topic-2956db3c_4781_477c_97b8_8586475941c6-3-9e777b99-b31a-4bed-ab92-69981bea709b', protocol='range'}
2025-08-06 15:37:34,761 INFO  [org.apa.kaf.cli.con.int.ConsumerCoordinator] (Thread-618) [Consumer clientId=consumer-Consumer-topic-2956db3c_4781_477c_97b8_8586475941c6-3, groupId=Consumer-topic-2956db3c_4781_477c_97b8_8586475941c6] Finished assignment for group at generation 1: {consumer-Consumer-topic-2956db3c_4781_477c_97b8_8586475941c6-3-9e777b99-b31a-4bed-ab92-69981bea709b=Assignment(partitions=[topic-2956db3c_4781_477c_97b8_8586475941c6-0])}
2025-08-06 15:37:34,768 INFO  [org.apa.kaf.cli.con.int.ConsumerCoordinator] (Thread-618) [Consumer clientId=consumer-Consumer-topic-2956db3c_4781_477c_97b8_8586475941c6-3, groupId=Consumer-topic-2956db3c_4781_477c_97b8_8586475941c6] Successfully synced group in generation Generation{generationId=1, memberId='consumer-Consumer-topic-2956db3c_4781_477c_97b8_8586475941c6-3-9e777b99-b31a-4bed-ab92-69981bea709b', protocol='range'}
2025-08-06 15:37:34,768 INFO  [org.apa.kaf.cli.con.int.ConsumerCoordinator] (Thread-618) [Consumer clientId=consumer-Consumer-topic-2956db3c_4781_477c_97b8_8586475941c6-3, groupId=Consumer-topic-2956db3c_4781_477c_97b8_8586475941c6] Notifying assignor about the new Assignment(partitions=[topic-2956db3c_4781_477c_97b8_8586475941c6-0])
2025-08-06 15:37:34,769 INFO  [org.apa.kaf.cli.con.int.ConsumerRebalanceListenerInvoker] (Thread-618) [Consumer clientId=consumer-Consumer-topic-2956db3c_4781_477c_97b8_8586475941c6-3, groupId=Consumer-topic-2956db3c_4781_477c_97b8_8586475941c6] Adding newly assigned partitions: topic-2956db3c_4781_477c_97b8_8586475941c6-0
2025-08-06 15:37:34,770 INFO  [org.apa.kaf.cli.con.int.ConsumerCoordinator] (Thread-618) [Consumer clientId=consumer-Consumer-topic-2956db3c_4781_477c_97b8_8586475941c6-3, groupId=Consumer-topic-2956db3c_4781_477c_97b8_8586475941c6] Found no committed offset for partition topic-2956db3c_4781_477c_97b8_8586475941c6-0
2025-08-06 15:37:34,772 INFO  [org.apa.kaf.cli.con.int.SubscriptionState] (Thread-618) [Consumer clientId=consumer-Consumer-topic-2956db3c_4781_477c_97b8_8586475941c6-3, groupId=Consumer-topic-2956db3c_4781_477c_97b8_8586475941c6] Resetting offset for partition topic-2956db3c_4781_477c_97b8_8586475941c6-0 to position FetchPosition{offset=0, offsetEpoch=Optional.empty, currentLeader=LeaderAndEpoch{leader=Optional[localhost:32769 (id: 0 rack: null)], epoch=0}}.
2025-08-06 15:37:34,855 INFO  [io.api.tes.ser.api.KafkaSerdesTester] (Thread-618) topic-2956db3c_4781_477c_97b8_8586475941c6 0 0 {"bar": "value-0"}
2025-08-06 15:37:34,855 INFO  [io.api.tes.ser.api.KafkaSerdesTester] (Thread-618) topic-2956db3c_4781_477c_97b8_8586475941c6 0 1 {"bar": "value-1"}
2025-08-06 15:37:34,855 INFO  [io.api.tes.ser.api.KafkaSerdesTester] (Thread-618) topic-2956db3c_4781_477c_97b8_8586475941c6 0 2 {"bar": "value-2"}
2025-08-06 15:37:34,856 INFO  [io.api.tes.ser.api.KafkaSerdesTester] (Thread-618) topic-2956db3c_4781_477c_97b8_8586475941c6 0 3 {"bar": "value-3"}
2025-08-06 15:37:34,856 INFO  [io.api.tes.ser.api.KafkaSerdesTester] (Thread-618) topic-2956db3c_4781_477c_97b8_8586475941c6 0 4 {"bar": "value-4"}
2025-08-06 15:37:34,856 INFO  [io.api.tes.ser.api.KafkaSerdesTester] (Thread-618) topic-2956db3c_4781_477c_97b8_8586475941c6 0 5 {"bar": "value-5"}
2025-08-06 15:37:34,857 INFO  [io.api.tes.ser.api.KafkaSerdesTester] (Thread-618) topic-2956db3c_4781_477c_97b8_8586475941c6 0 6 {"bar": "value-6"}
2025-08-06 15:37:34,857 INFO  [io.api.tes.ser.api.KafkaSerdesTester] (Thread-618) topic-2956db3c_4781_477c_97b8_8586475941c6 0 7 {"bar": "value-7"}
2025-08-06 15:37:34,857 INFO  [io.api.tes.ser.api.KafkaSerdesTester] (Thread-618) topic-2956db3c_4781_477c_97b8_8586475941c6 0 8 {"bar": "value-8"}
2025-08-06 15:37:34,857 INFO  [io.api.tes.ser.api.KafkaSerdesTester] (Thread-618) topic-2956db3c_4781_477c_97b8_8586475941c6 0 9 {"bar": "value-9"}
2025-08-06 15:37:34,857 INFO  [io.api.tes.ser.api.KafkaSerdesTester] (Thread-618) Consumed 10 messages
2025-08-06 15:37:34,866 INFO  [org.apa.kaf.cli.con.int.ConsumerRebalanceListenerInvoker] (Thread-618) [Consumer clientId=consumer-Consumer-topic-2956db3c_4781_477c_97b8_8586475941c6-3, groupId=Consumer-topic-2956db3c_4781_477c_97b8_8586475941c6] Revoke previously assigned partitions topic-2956db3c_4781_477c_97b8_8586475941c6-0
2025-08-06 15:37:34,866 INFO  [org.apa.kaf.cli.con.int.ConsumerCoordinator] (Thread-618) [Consumer clientId=consumer-Consumer-topic-2956db3c_4781_477c_97b8_8586475941c6-3, groupId=Consumer-topic-2956db3c_4781_477c_97b8_8586475941c6] Member consumer-Consumer-topic-2956db3c_4781_477c_97b8_8586475941c6-3-9e777b99-b31a-4bed-ab92-69981bea709b sending LeaveGroup request to coordinator localhost:32769 (id: 2147483647 rack: null) due to the consumer is being closed
2025-08-06 15:37:34,866 INFO  [org.apa.kaf.cli.con.int.ConsumerCoordinator] (Thread-618) [Consumer clientId=consumer-Consumer-topic-2956db3c_4781_477c_97b8_8586475941c6-3, groupId=Consumer-topic-2956db3c_4781_477c_97b8_8586475941c6] Resetting generation and member id due to: consumer pro-actively leaving the group
2025-08-06 15:37:34,866 INFO  [org.apa.kaf.cli.con.int.ConsumerCoordinator] (Thread-618) [Consumer clientId=consumer-Consumer-topic-2956db3c_4781_477c_97b8_8586475941c6-3, groupId=Consumer-topic-2956db3c_4781_477c_97b8_8586475941c6] Request joining group due to: consumer pro-actively leaving the group
2025-08-06 15:37:35,358 INFO  [org.apa.kaf.com.met.Metrics] (Thread-618) Metrics scheduler closed
2025-08-06 15:37:35,358 INFO  [org.apa.kaf.com.met.Metrics] (Thread-618) Closing reporter org.apache.kafka.common.metrics.JmxReporter
2025-08-06 15:37:35,358 INFO  [org.apa.kaf.com.met.Metrics] (Thread-618) Closing reporter org.apache.kafka.common.telemetry.internals.ClientTelemetryReporter
2025-08-06 15:37:35,358 INFO  [org.apa.kaf.com.met.Metrics] (Thread-618) Metrics reporters closed
2025-08-06 15:37:35,361 INFO  [org.apa.kaf.com.uti.AppInfoParser] (Thread-618) App info kafka.consumer for consumer-Consumer-topic-2956db3c_4781_477c_97b8_8586475941c6-3 unregistered
2025-08-06 15:37:35,362 INFO  [io.api.tes.uti.TestSeparator] (main) io.apicurio.tests.serdes.apicurio.AvroSerdeIT.testAvroJSON-FINISHED
2025-08-06 15:37:35,362 INFO  [io.api.tes.uti.TestSeparator] (main) ############################################################################
Test passed: testAvroJSON
]]></system-out>
  </testcase>
  <testcase name="testTopicIdStrategyAutoRegister" classname="io.apicurio.tests.serdes.apicurio.AvroSerdeIT" time="4.035">
    <system-out><![CDATA[2025-08-06 15:37:35,364 INFO  [io.api.tes.uti.TestSeparator] (main) ############################################################################
2025-08-06 15:37:35,364 INFO  [io.api.tes.uti.TestSeparator] (main) io.apicurio.tests.serdes.apicurio.AvroSerdeIT.testTopicIdStrategyAutoRegister-STARTED
**** Registry Base URL: http://registry-app-mysql.apps.ci419.apicurio-testing.org:80
2025-08-06 15:37:35,375 INFO  [org.apa.kaf.cli.pro.ProducerConfig] (main) ProducerConfig values: 
	acks = -1
	auto.include.jmx.reporter = true
	batch.size = 16384
	bootstrap.servers = [PLAINTEXT://localhost:32769]
	buffer.memory = 33554432
	client.dns.lookup = use_all_dns_ips
	client.id = Producer-topic-8f79f350_7ab3_4575_9eb0_90f519a0ac53
	compression.gzip.level = -1
	compression.lz4.level = 9
	compression.type = none
	compression.zstd.level = 3
	connections.max.idle.ms = 10000
	delivery.timeout.ms = 120000
	enable.idempotence = true
	enable.metrics.push = true
	interceptor.classes = []
	key.serializer = class org.apache.kafka.common.serialization.StringSerializer
	linger.ms = 0
	max.block.ms = 60000
	max.in.flight.requests.per.connection = 5
	max.request.size = 1048576
	metadata.max.age.ms = 300000
	metadata.max.idle.ms = 300000
	metadata.recovery.strategy = none
	metric.reporters = []
	metrics.num.samples = 2
	metrics.recording.level = INFO
	metrics.sample.window.ms = 30000
	partitioner.adaptive.partitioning.enable = true
	partitioner.availability.timeout.ms = 0
	partitioner.class = null
	partitioner.ignore.keys = false
	receive.buffer.bytes = 32768
	reconnect.backoff.max.ms = 1000
	reconnect.backoff.ms = 50
	request.timeout.ms = 5000
	retries = 2147483647
	retry.backoff.max.ms = 1000
	retry.backoff.ms = 100
	sasl.client.callback.handler.class = null
	sasl.jaas.config = null
	sasl.kerberos.kinit.cmd = /usr/bin/kinit
	sasl.kerberos.min.time.before.relogin = 60000
	sasl.kerberos.service.name = null
	sasl.kerberos.ticket.renew.jitter = 0.05
	sasl.kerberos.ticket.renew.window.factor = 0.8
	sasl.login.callback.handler.class = null
	sasl.login.class = null
	sasl.login.connect.timeout.ms = null
	sasl.login.read.timeout.ms = null
	sasl.login.refresh.buffer.seconds = 300
	sasl.login.refresh.min.period.seconds = 60
	sasl.login.refresh.window.factor = 0.8
	sasl.login.refresh.window.jitter = 0.05
	sasl.login.retry.backoff.max.ms = 10000
	sasl.login.retry.backoff.ms = 100
	sasl.mechanism = GSSAPI
	sasl.oauthbearer.clock.skew.seconds = 30
	sasl.oauthbearer.expected.audience = null
	sasl.oauthbearer.expected.issuer = null
	sasl.oauthbearer.header.urlencode = false
	sasl.oauthbearer.jwks.endpoint.refresh.ms = 3600000
	sasl.oauthbearer.jwks.endpoint.retry.backoff.max.ms = 10000
	sasl.oauthbearer.jwks.endpoint.retry.backoff.ms = 100
	sasl.oauthbearer.jwks.endpoint.url = null
	sasl.oauthbearer.scope.claim.name = scope
	sasl.oauthbearer.sub.claim.name = sub
	sasl.oauthbearer.token.endpoint.url = null
	security.protocol = PLAINTEXT
	security.providers = null
	send.buffer.bytes = 131072
	socket.connection.setup.timeout.max.ms = 30000
	socket.connection.setup.timeout.ms = 10000
	ssl.cipher.suites = null
	ssl.enabled.protocols = [TLSv1.2, TLSv1.3]
	ssl.endpoint.identification.algorithm = https
	ssl.engine.factory.class = null
	ssl.key.password = null
	ssl.keymanager.algorithm = SunX509
	ssl.keystore.certificate.chain = null
	ssl.keystore.key = null
	ssl.keystore.location = null
	ssl.keystore.password = null
	ssl.keystore.type = JKS
	ssl.protocol = TLSv1.3
	ssl.provider = null
	ssl.secure.random.implementation = null
	ssl.trustmanager.algorithm = PKIX
	ssl.truststore.certificates = null
	ssl.truststore.location = null
	ssl.truststore.password = null
	ssl.truststore.type = JKS
	transaction.timeout.ms = 60000
	transactional.id = null
	value.serializer = class io.apicurio.registry.serde.avro.AvroKafkaSerializer

2025-08-06 15:37:35,375 INFO  [org.apa.kaf.com.tel.int.KafkaMetricsCollector] (main) initializing Kafka metrics collector
2025-08-06 15:37:35,379 INFO  [org.apa.kaf.cli.pro.KafkaProducer] (main) [Producer clientId=Producer-topic-8f79f350_7ab3_4575_9eb0_90f519a0ac53] Instantiated an idempotent producer.
2025-08-06 15:37:35,382 INFO  [org.apa.kaf.cli.pro.ProducerConfig] (main) These configurations '[apicurio.registry.url, apicurio.registry.auto-register, apicurio.registry.artifact-resolver-strategy]' were supplied but are not used yet.
2025-08-06 15:37:35,382 INFO  [org.apa.kaf.com.uti.AppInfoParser] (main) Kafka version: 3.9.1
2025-08-06 15:37:35,384 INFO  [org.apa.kaf.com.uti.AppInfoParser] (main) Kafka commitId: f745dfdcee2b9851
2025-08-06 15:37:35,384 INFO  [org.apa.kaf.com.uti.AppInfoParser] (main) Kafka startTimeMs: 1754494655382
2025-08-06 15:37:35,384 INFO  [io.api.tes.ser.api.SimpleSerdesTesterBuilder$SimpleSerdesTester] (main) Using producer configuration: {apicurio.registry.url=http://registry-app-mysql.apps.ci419.apicurio-testing.org:80/apis/registry/v3, apicurio.registry.auto-register=true, apicurio.registry.artifact-resolver-strategy=io.apicurio.registry.serde.strategy.TopicIdStrategy, value.serializer=io.apicurio.registry.serde.avro.AvroKafkaSerializer, request.timeout.ms=5000, acks=all, bootstrap.servers=PLAINTEXT://localhost:32769, connections.max.idle.ms=10000, key.serializer=org.apache.kafka.common.serialization.StringSerializer, client.id=Producer-topic-8f79f350_7ab3_4575_9eb0_90f519a0ac53}
2025-08-06 15:37:35,384 INFO  [io.api.tes.ser.api.SimpleSerdesTesterBuilder$SimpleSerdesTester] (main) Using consumer configuration: {}
2025-08-06 15:37:35,385 INFO  [io.api.tes.ser.api.KafkaSerdesTester] (Thread-621) Sending message {"key11754494655367": "value-0"} to topic topic-8f79f350_7ab3_4575_9eb0_90f519a0ac53
2025-08-06 15:37:35,391 WARN  [org.apa.kaf.cli.NetworkClient] (kafka-producer-network-thread | Producer-topic-8f79f350_7ab3_4575_9eb0_90f519a0ac53) [Producer clientId=Producer-topic-8f79f350_7ab3_4575_9eb0_90f519a0ac53] The metadata response from the cluster reported a recoverable issue with correlation id 1 : {topic-8f79f350_7ab3_4575_9eb0_90f519a0ac53=UNKNOWN_TOPIC_OR_PARTITION}
2025-08-06 15:37:35,392 INFO  [org.apa.kaf.cli.Metadata] (kafka-producer-network-thread | Producer-topic-8f79f350_7ab3_4575_9eb0_90f519a0ac53) [Producer clientId=Producer-topic-8f79f350_7ab3_4575_9eb0_90f519a0ac53] Cluster ID: dgPJ9z-1S5ugXzLx2i-R9Q
2025-08-06 15:37:35,398 INFO  [org.apa.kaf.cli.pro.int.TransactionManager] (kafka-producer-network-thread | Producer-topic-8f79f350_7ab3_4575_9eb0_90f519a0ac53) [Producer clientId=Producer-topic-8f79f350_7ab3_4575_9eb0_90f519a0ac53] ProducerId set to 4 with epoch 0
2025-08-06 15:37:35,607 INFO  [io.api.tes.ser.api.KafkaSerdesTester] (Thread-621) Sending message {"key11754494655367": "value-1"} to topic topic-8f79f350_7ab3_4575_9eb0_90f519a0ac53
2025-08-06 15:37:35,612 INFO  [io.api.tes.ser.api.KafkaSerdesTester] (Thread-621) Sending message {"key11754494655367": "value-2"} to topic topic-8f79f350_7ab3_4575_9eb0_90f519a0ac53
2025-08-06 15:37:35,615 INFO  [io.api.tes.ser.api.KafkaSerdesTester] (Thread-621) Sending message {"key11754494655367": "value-3"} to topic topic-8f79f350_7ab3_4575_9eb0_90f519a0ac53
2025-08-06 15:37:35,617 INFO  [io.api.tes.ser.api.KafkaSerdesTester] (Thread-621) Sending message {"key11754494655367": "value-4"} to topic topic-8f79f350_7ab3_4575_9eb0_90f519a0ac53
2025-08-06 15:37:35,619 INFO  [io.api.tes.ser.api.KafkaSerdesTester] (Thread-621) Sending message {"key11754494655367": "value-5"} to topic topic-8f79f350_7ab3_4575_9eb0_90f519a0ac53
2025-08-06 15:37:35,621 INFO  [io.api.tes.ser.api.KafkaSerdesTester] (Thread-621) Sending message {"key11754494655367": "value-6"} to topic topic-8f79f350_7ab3_4575_9eb0_90f519a0ac53
2025-08-06 15:37:35,624 INFO  [io.api.tes.ser.api.KafkaSerdesTester] (Thread-621) Sending message {"key11754494655367": "value-7"} to topic topic-8f79f350_7ab3_4575_9eb0_90f519a0ac53
2025-08-06 15:37:35,625 INFO  [io.api.tes.ser.api.KafkaSerdesTester] (Thread-621) Sending message {"key11754494655367": "value-8"} to topic topic-8f79f350_7ab3_4575_9eb0_90f519a0ac53
2025-08-06 15:37:35,628 INFO  [io.api.tes.ser.api.KafkaSerdesTester] (Thread-621) Sending message {"key11754494655367": "value-9"} to topic topic-8f79f350_7ab3_4575_9eb0_90f519a0ac53
2025-08-06 15:37:35,630 INFO  [io.api.tes.ser.api.KafkaSerdesTester] (Thread-621) Produced 10 messages
2025-08-06 15:37:35,630 INFO  [org.apa.kaf.cli.pro.KafkaProducer] (Thread-621) [Producer clientId=Producer-topic-8f79f350_7ab3_4575_9eb0_90f519a0ac53] Closing the Kafka producer with timeoutMillis = 9223372036854775807 ms.
2025-08-06 15:37:35,633 INFO  [org.apa.kaf.com.met.Metrics] (Thread-621) Metrics scheduler closed
2025-08-06 15:37:35,633 INFO  [org.apa.kaf.com.met.Metrics] (Thread-621) Closing reporter org.apache.kafka.common.metrics.JmxReporter
2025-08-06 15:37:35,633 INFO  [org.apa.kaf.com.met.Metrics] (Thread-621) Closing reporter org.apache.kafka.common.telemetry.internals.ClientTelemetryReporter
2025-08-06 15:37:35,633 INFO  [org.apa.kaf.com.met.Metrics] (Thread-621) Metrics reporters closed
2025-08-06 15:37:35,633 INFO  [org.apa.kaf.com.uti.AppInfoParser] (Thread-621) App info kafka.producer for Producer-topic-8f79f350_7ab3_4575_9eb0_90f519a0ac53 unregistered
**** Registry Base URL: http://registry-app-mysql.apps.ci419.apicurio-testing.org:80
2025-08-06 15:37:35,699 INFO  [org.apa.kaf.cli.con.ConsumerConfig] (main) ConsumerConfig values: 
	allow.auto.create.topics = true
	auto.commit.interval.ms = 500
	auto.include.jmx.reporter = true
	auto.offset.reset = earliest
	bootstrap.servers = [PLAINTEXT://localhost:32769]
	check.crcs = true
	client.dns.lookup = use_all_dns_ips
	client.id = consumer-Consumer-topic-8f79f350_7ab3_4575_9eb0_90f519a0ac53-4
	client.rack = 
	connections.max.idle.ms = 10000
	default.api.timeout.ms = 60000
	enable.auto.commit = true
	enable.metrics.push = true
	exclude.internal.topics = true
	fetch.max.bytes = 52428800
	fetch.max.wait.ms = 500
	fetch.min.bytes = 1
	group.id = Consumer-topic-8f79f350_7ab3_4575_9eb0_90f519a0ac53
	group.instance.id = null
	group.protocol = classic
	group.remote.assignor = null
	heartbeat.interval.ms = 3000
	interceptor.classes = []
	internal.leave.group.on.close = true
	internal.throw.on.fetch.stable.offset.unsupported = false
	isolation.level = read_uncommitted
	key.deserializer = class org.apache.kafka.common.serialization.StringDeserializer
	max.partition.fetch.bytes = 1048576
	max.poll.interval.ms = 300000
	max.poll.records = 500
	metadata.max.age.ms = 300000
	metadata.recovery.strategy = none
	metric.reporters = []
	metrics.num.samples = 2
	metrics.recording.level = INFO
	metrics.sample.window.ms = 30000
	partition.assignment.strategy = [class org.apache.kafka.clients.consumer.RangeAssignor, class org.apache.kafka.clients.consumer.CooperativeStickyAssignor]
	receive.buffer.bytes = 65536
	reconnect.backoff.max.ms = 1000
	reconnect.backoff.ms = 50
	request.timeout.ms = 5000
	retry.backoff.max.ms = 1000
	retry.backoff.ms = 100
	sasl.client.callback.handler.class = null
	sasl.jaas.config = null
	sasl.kerberos.kinit.cmd = /usr/bin/kinit
	sasl.kerberos.min.time.before.relogin = 60000
	sasl.kerberos.service.name = null
	sasl.kerberos.ticket.renew.jitter = 0.05
	sasl.kerberos.ticket.renew.window.factor = 0.8
	sasl.login.callback.handler.class = null
	sasl.login.class = null
	sasl.login.connect.timeout.ms = null
	sasl.login.read.timeout.ms = null
	sasl.login.refresh.buffer.seconds = 300
	sasl.login.refresh.min.period.seconds = 60
	sasl.login.refresh.window.factor = 0.8
	sasl.login.refresh.window.jitter = 0.05
	sasl.login.retry.backoff.max.ms = 10000
	sasl.login.retry.backoff.ms = 100
	sasl.mechanism = GSSAPI
	sasl.oauthbearer.clock.skew.seconds = 30
	sasl.oauthbearer.expected.audience = null
	sasl.oauthbearer.expected.issuer = null
	sasl.oauthbearer.header.urlencode = false
	sasl.oauthbearer.jwks.endpoint.refresh.ms = 3600000
	sasl.oauthbearer.jwks.endpoint.retry.backoff.max.ms = 10000
	sasl.oauthbearer.jwks.endpoint.retry.backoff.ms = 100
	sasl.oauthbearer.jwks.endpoint.url = null
	sasl.oauthbearer.scope.claim.name = scope
	sasl.oauthbearer.sub.claim.name = sub
	sasl.oauthbearer.token.endpoint.url = null
	security.protocol = PLAINTEXT
	security.providers = null
	send.buffer.bytes = 131072
	session.timeout.ms = 45000
	socket.connection.setup.timeout.max.ms = 30000
	socket.connection.setup.timeout.ms = 10000
	ssl.cipher.suites = null
	ssl.enabled.protocols = [TLSv1.2, TLSv1.3]
	ssl.endpoint.identification.algorithm = https
	ssl.engine.factory.class = null
	ssl.key.password = null
	ssl.keymanager.algorithm = SunX509
	ssl.keystore.certificate.chain = null
	ssl.keystore.key = null
	ssl.keystore.location = null
	ssl.keystore.password = null
	ssl.keystore.type = JKS
	ssl.protocol = TLSv1.3
	ssl.provider = null
	ssl.secure.random.implementation = null
	ssl.trustmanager.algorithm = PKIX
	ssl.truststore.certificates = null
	ssl.truststore.location = null
	ssl.truststore.password = null
	ssl.truststore.type = JKS
	value.deserializer = class io.apicurio.registry.serde.avro.AvroKafkaDeserializer

2025-08-06 15:37:35,699 INFO  [org.apa.kaf.com.tel.int.KafkaMetricsCollector] (main) initializing Kafka metrics collector
2025-08-06 15:37:35,706 INFO  [org.apa.kaf.cli.con.ConsumerConfig] (main) These configurations '[apicurio.registry.url]' were supplied but are not used yet.
2025-08-06 15:37:35,707 INFO  [org.apa.kaf.com.uti.AppInfoParser] (main) Kafka version: 3.9.1
2025-08-06 15:37:35,707 INFO  [org.apa.kaf.com.uti.AppInfoParser] (main) Kafka commitId: f745dfdcee2b9851
2025-08-06 15:37:35,707 INFO  [org.apa.kaf.com.uti.AppInfoParser] (main) Kafka startTimeMs: 1754494655707
2025-08-06 15:37:35,707 INFO  [org.apa.kaf.cli.con.int.ClassicKafkaConsumer] (Thread-624) [Consumer clientId=consumer-Consumer-topic-8f79f350_7ab3_4575_9eb0_90f519a0ac53-4, groupId=Consumer-topic-8f79f350_7ab3_4575_9eb0_90f519a0ac53] Subscribed to topic(s): topic-8f79f350_7ab3_4575_9eb0_90f519a0ac53
2025-08-06 15:37:35,720 INFO  [org.apa.kaf.cli.Metadata] (Thread-624) [Consumer clientId=consumer-Consumer-topic-8f79f350_7ab3_4575_9eb0_90f519a0ac53-4, groupId=Consumer-topic-8f79f350_7ab3_4575_9eb0_90f519a0ac53] Cluster ID: dgPJ9z-1S5ugXzLx2i-R9Q
2025-08-06 15:37:35,722 INFO  [org.apa.kaf.cli.con.int.ConsumerCoordinator] (Thread-624) [Consumer clientId=consumer-Consumer-topic-8f79f350_7ab3_4575_9eb0_90f519a0ac53-4, groupId=Consumer-topic-8f79f350_7ab3_4575_9eb0_90f519a0ac53] Discovered group coordinator localhost:32769 (id: 2147483647 rack: null)
2025-08-06 15:37:35,726 INFO  [org.apa.kaf.cli.con.int.ConsumerCoordinator] (Thread-624) [Consumer clientId=consumer-Consumer-topic-8f79f350_7ab3_4575_9eb0_90f519a0ac53-4, groupId=Consumer-topic-8f79f350_7ab3_4575_9eb0_90f519a0ac53] (Re-)joining group
2025-08-06 15:37:35,729 INFO  [org.apa.kaf.cli.con.int.ConsumerCoordinator] (Thread-624) [Consumer clientId=consumer-Consumer-topic-8f79f350_7ab3_4575_9eb0_90f519a0ac53-4, groupId=Consumer-topic-8f79f350_7ab3_4575_9eb0_90f519a0ac53] Request joining group due to: need to re-join with the given member-id: consumer-Consumer-topic-8f79f350_7ab3_4575_9eb0_90f519a0ac53-4-0dc90310-2bcf-4c8f-9b29-a44a406322dd
2025-08-06 15:37:35,729 INFO  [org.apa.kaf.cli.con.int.ConsumerCoordinator] (Thread-624) [Consumer clientId=consumer-Consumer-topic-8f79f350_7ab3_4575_9eb0_90f519a0ac53-4, groupId=Consumer-topic-8f79f350_7ab3_4575_9eb0_90f519a0ac53] (Re-)joining group
2025-08-06 15:37:36,707 INFO  [io.api.tes.ser.api.KafkaSerdesTester] (Thread-624) None found
2025-08-06 15:37:37,709 INFO  [io.api.tes.ser.api.KafkaSerdesTester] (Thread-624) None found
2025-08-06 15:37:38,709 INFO  [io.api.tes.ser.api.KafkaSerdesTester] (Thread-624) None found
2025-08-06 15:37:38,731 INFO  [org.apa.kaf.cli.con.int.ConsumerCoordinator] (Thread-624) [Consumer clientId=consumer-Consumer-topic-8f79f350_7ab3_4575_9eb0_90f519a0ac53-4, groupId=Consumer-topic-8f79f350_7ab3_4575_9eb0_90f519a0ac53] Successfully joined group with generation Generation{generationId=1, memberId='consumer-Consumer-topic-8f79f350_7ab3_4575_9eb0_90f519a0ac53-4-0dc90310-2bcf-4c8f-9b29-a44a406322dd', protocol='range'}
2025-08-06 15:37:38,731 INFO  [org.apa.kaf.cli.con.int.ConsumerCoordinator] (Thread-624) [Consumer clientId=consumer-Consumer-topic-8f79f350_7ab3_4575_9eb0_90f519a0ac53-4, groupId=Consumer-topic-8f79f350_7ab3_4575_9eb0_90f519a0ac53] Finished assignment for group at generation 1: {consumer-Consumer-topic-8f79f350_7ab3_4575_9eb0_90f519a0ac53-4-0dc90310-2bcf-4c8f-9b29-a44a406322dd=Assignment(partitions=[topic-8f79f350_7ab3_4575_9eb0_90f519a0ac53-0])}
2025-08-06 15:37:38,739 INFO  [org.apa.kaf.cli.con.int.ConsumerCoordinator] (Thread-624) [Consumer clientId=consumer-Consumer-topic-8f79f350_7ab3_4575_9eb0_90f519a0ac53-4, groupId=Consumer-topic-8f79f350_7ab3_4575_9eb0_90f519a0ac53] Successfully synced group in generation Generation{generationId=1, memberId='consumer-Consumer-topic-8f79f350_7ab3_4575_9eb0_90f519a0ac53-4-0dc90310-2bcf-4c8f-9b29-a44a406322dd', protocol='range'}
2025-08-06 15:37:38,739 INFO  [org.apa.kaf.cli.con.int.ConsumerCoordinator] (Thread-624) [Consumer clientId=consumer-Consumer-topic-8f79f350_7ab3_4575_9eb0_90f519a0ac53-4, groupId=Consumer-topic-8f79f350_7ab3_4575_9eb0_90f519a0ac53] Notifying assignor about the new Assignment(partitions=[topic-8f79f350_7ab3_4575_9eb0_90f519a0ac53-0])
2025-08-06 15:37:38,739 INFO  [org.apa.kaf.cli.con.int.ConsumerRebalanceListenerInvoker] (Thread-624) [Consumer clientId=consumer-Consumer-topic-8f79f350_7ab3_4575_9eb0_90f519a0ac53-4, groupId=Consumer-topic-8f79f350_7ab3_4575_9eb0_90f519a0ac53] Adding newly assigned partitions: topic-8f79f350_7ab3_4575_9eb0_90f519a0ac53-0
2025-08-06 15:37:38,740 INFO  [org.apa.kaf.cli.con.int.ConsumerCoordinator] (Thread-624) [Consumer clientId=consumer-Consumer-topic-8f79f350_7ab3_4575_9eb0_90f519a0ac53-4, groupId=Consumer-topic-8f79f350_7ab3_4575_9eb0_90f519a0ac53] Found no committed offset for partition topic-8f79f350_7ab3_4575_9eb0_90f519a0ac53-0
2025-08-06 15:37:38,745 INFO  [org.apa.kaf.cli.con.int.SubscriptionState] (Thread-624) [Consumer clientId=consumer-Consumer-topic-8f79f350_7ab3_4575_9eb0_90f519a0ac53-4, groupId=Consumer-topic-8f79f350_7ab3_4575_9eb0_90f519a0ac53] Resetting offset for partition topic-8f79f350_7ab3_4575_9eb0_90f519a0ac53-0 to position FetchPosition{offset=0, offsetEpoch=Optional.empty, currentLeader=LeaderAndEpoch{leader=Optional[localhost:32769 (id: 0 rack: null)], epoch=0}}.
2025-08-06 15:37:38,829 INFO  [io.api.tes.ser.api.KafkaSerdesTester] (Thread-624) topic-8f79f350_7ab3_4575_9eb0_90f519a0ac53 0 0 {"key11754494655367": "value-0"}
2025-08-06 15:37:38,829 INFO  [io.api.tes.ser.api.KafkaSerdesTester] (Thread-624) topic-8f79f350_7ab3_4575_9eb0_90f519a0ac53 0 1 {"key11754494655367": "value-1"}
2025-08-06 15:37:38,830 INFO  [io.api.tes.ser.api.KafkaSerdesTester] (Thread-624) topic-8f79f350_7ab3_4575_9eb0_90f519a0ac53 0 2 {"key11754494655367": "value-2"}
2025-08-06 15:37:38,830 INFO  [io.api.tes.ser.api.KafkaSerdesTester] (Thread-624) topic-8f79f350_7ab3_4575_9eb0_90f519a0ac53 0 3 {"key11754494655367": "value-3"}
2025-08-06 15:37:38,830 INFO  [io.api.tes.ser.api.KafkaSerdesTester] (Thread-624) topic-8f79f350_7ab3_4575_9eb0_90f519a0ac53 0 4 {"key11754494655367": "value-4"}
2025-08-06 15:37:38,830 INFO  [io.api.tes.ser.api.KafkaSerdesTester] (Thread-624) topic-8f79f350_7ab3_4575_9eb0_90f519a0ac53 0 5 {"key11754494655367": "value-5"}
2025-08-06 15:37:38,830 INFO  [io.api.tes.ser.api.KafkaSerdesTester] (Thread-624) topic-8f79f350_7ab3_4575_9eb0_90f519a0ac53 0 6 {"key11754494655367": "value-6"}
2025-08-06 15:37:38,830 INFO  [io.api.tes.ser.api.KafkaSerdesTester] (Thread-624) topic-8f79f350_7ab3_4575_9eb0_90f519a0ac53 0 7 {"key11754494655367": "value-7"}
2025-08-06 15:37:38,830 INFO  [io.api.tes.ser.api.KafkaSerdesTester] (Thread-624) topic-8f79f350_7ab3_4575_9eb0_90f519a0ac53 0 8 {"key11754494655367": "value-8"}
2025-08-06 15:37:38,830 INFO  [io.api.tes.ser.api.KafkaSerdesTester] (Thread-624) topic-8f79f350_7ab3_4575_9eb0_90f519a0ac53 0 9 {"key11754494655367": "value-9"}
2025-08-06 15:37:38,830 INFO  [io.api.tes.ser.api.KafkaSerdesTester] (Thread-624) Consumed 10 messages
2025-08-06 15:37:38,838 INFO  [org.apa.kaf.cli.con.int.ConsumerRebalanceListenerInvoker] (Thread-624) [Consumer clientId=consumer-Consumer-topic-8f79f350_7ab3_4575_9eb0_90f519a0ac53-4, groupId=Consumer-topic-8f79f350_7ab3_4575_9eb0_90f519a0ac53] Revoke previously assigned partitions topic-8f79f350_7ab3_4575_9eb0_90f519a0ac53-0
2025-08-06 15:37:38,838 INFO  [org.apa.kaf.cli.con.int.ConsumerCoordinator] (Thread-624) [Consumer clientId=consumer-Consumer-topic-8f79f350_7ab3_4575_9eb0_90f519a0ac53-4, groupId=Consumer-topic-8f79f350_7ab3_4575_9eb0_90f519a0ac53] Member consumer-Consumer-topic-8f79f350_7ab3_4575_9eb0_90f519a0ac53-4-0dc90310-2bcf-4c8f-9b29-a44a406322dd sending LeaveGroup request to coordinator localhost:32769 (id: 2147483647 rack: null) due to the consumer is being closed
2025-08-06 15:37:38,838 INFO  [org.apa.kaf.cli.con.int.ConsumerCoordinator] (Thread-624) [Consumer clientId=consumer-Consumer-topic-8f79f350_7ab3_4575_9eb0_90f519a0ac53-4, groupId=Consumer-topic-8f79f350_7ab3_4575_9eb0_90f519a0ac53] Resetting generation and member id due to: consumer pro-actively leaving the group
2025-08-06 15:37:38,838 INFO  [org.apa.kaf.cli.con.int.ConsumerCoordinator] (Thread-624) [Consumer clientId=consumer-Consumer-topic-8f79f350_7ab3_4575_9eb0_90f519a0ac53-4, groupId=Consumer-topic-8f79f350_7ab3_4575_9eb0_90f519a0ac53] Request joining group due to: consumer pro-actively leaving the group
2025-08-06 15:37:39,332 INFO  [org.apa.kaf.com.met.Metrics] (Thread-624) Metrics scheduler closed
2025-08-06 15:37:39,333 INFO  [org.apa.kaf.com.met.Metrics] (Thread-624) Closing reporter org.apache.kafka.common.metrics.JmxReporter
2025-08-06 15:37:39,333 INFO  [org.apa.kaf.com.met.Metrics] (Thread-624) Closing reporter org.apache.kafka.common.telemetry.internals.ClientTelemetryReporter
2025-08-06 15:37:39,333 INFO  [org.apa.kaf.com.met.Metrics] (Thread-624) Metrics reporters closed
2025-08-06 15:37:39,337 INFO  [org.apa.kaf.com.uti.AppInfoParser] (Thread-624) App info kafka.consumer for consumer-Consumer-topic-8f79f350_7ab3_4575_9eb0_90f519a0ac53-4 unregistered
2025-08-06 15:37:39,399 INFO  [io.api.tes.uti.TestSeparator] (main) io.apicurio.tests.serdes.apicurio.AvroSerdeIT.testTopicIdStrategyAutoRegister-FINISHED
2025-08-06 15:37:39,399 INFO  [io.api.tes.uti.TestSeparator] (main) ############################################################################
Test passed: testTopicIdStrategyAutoRegister
]]></system-out>
  </testcase>
  <testcase name="testRecordIdStrategydFindLatest" classname="io.apicurio.tests.serdes.apicurio.AvroSerdeIT" time="4.946">
    <system-out><![CDATA[2025-08-06 15:37:39,402 INFO  [io.api.tes.uti.TestSeparator] (main) ############################################################################
2025-08-06 15:37:39,402 INFO  [io.api.tes.uti.TestSeparator] (main) io.apicurio.tests.serdes.apicurio.AvroSerdeIT.testRecordIdStrategydFindLatest-STARTED
2025-08-06 15:37:39,402 INFO  [io.api.tes.ser.api.AvroSerdeIT] (main) Registering Avro Schema: {"type":"record","name":"s4da74cabx6f98x494ex9513x8a2bb978da45","namespace":"s8eb0048ax4309x4710x994bxb0c8be910336","fields":[{"name":"key11754494659402","type":"string"}]}
**** Registry Base URL: http://registry-app-mysql.apps.ci419.apicurio-testing.org:80
2025-08-06 15:37:40,500 INFO  [org.apa.kaf.cli.pro.ProducerConfig] (main) ProducerConfig values: 
	acks = -1
	auto.include.jmx.reporter = true
	batch.size = 16384
	bootstrap.servers = [PLAINTEXT://localhost:32769]
	buffer.memory = 33554432
	client.dns.lookup = use_all_dns_ips
	client.id = Producer-topic-39429f13_e38d_472e_9705_0bca6bc1e7f8
	compression.gzip.level = -1
	compression.lz4.level = 9
	compression.type = none
	compression.zstd.level = 3
	connections.max.idle.ms = 10000
	delivery.timeout.ms = 120000
	enable.idempotence = true
	enable.metrics.push = true
	interceptor.classes = []
	key.serializer = class org.apache.kafka.common.serialization.StringSerializer
	linger.ms = 0
	max.block.ms = 60000
	max.in.flight.requests.per.connection = 5
	max.request.size = 1048576
	metadata.max.age.ms = 300000
	metadata.max.idle.ms = 300000
	metadata.recovery.strategy = none
	metric.reporters = []
	metrics.num.samples = 2
	metrics.recording.level = INFO
	metrics.sample.window.ms = 30000
	partitioner.adaptive.partitioning.enable = true
	partitioner.availability.timeout.ms = 0
	partitioner.class = null
	partitioner.ignore.keys = false
	receive.buffer.bytes = 32768
	reconnect.backoff.max.ms = 1000
	reconnect.backoff.ms = 50
	request.timeout.ms = 5000
	retries = 2147483647
	retry.backoff.max.ms = 1000
	retry.backoff.ms = 100
	sasl.client.callback.handler.class = null
	sasl.jaas.config = null
	sasl.kerberos.kinit.cmd = /usr/bin/kinit
	sasl.kerberos.min.time.before.relogin = 60000
	sasl.kerberos.service.name = null
	sasl.kerberos.ticket.renew.jitter = 0.05
	sasl.kerberos.ticket.renew.window.factor = 0.8
	sasl.login.callback.handler.class = null
	sasl.login.class = null
	sasl.login.connect.timeout.ms = null
	sasl.login.read.timeout.ms = null
	sasl.login.refresh.buffer.seconds = 300
	sasl.login.refresh.min.period.seconds = 60
	sasl.login.refresh.window.factor = 0.8
	sasl.login.refresh.window.jitter = 0.05
	sasl.login.retry.backoff.max.ms = 10000
	sasl.login.retry.backoff.ms = 100
	sasl.mechanism = GSSAPI
	sasl.oauthbearer.clock.skew.seconds = 30
	sasl.oauthbearer.expected.audience = null
	sasl.oauthbearer.expected.issuer = null
	sasl.oauthbearer.header.urlencode = false
	sasl.oauthbearer.jwks.endpoint.refresh.ms = 3600000
	sasl.oauthbearer.jwks.endpoint.retry.backoff.max.ms = 10000
	sasl.oauthbearer.jwks.endpoint.retry.backoff.ms = 100
	sasl.oauthbearer.jwks.endpoint.url = null
	sasl.oauthbearer.scope.claim.name = scope
	sasl.oauthbearer.sub.claim.name = sub
	sasl.oauthbearer.token.endpoint.url = null
	security.protocol = PLAINTEXT
	security.providers = null
	send.buffer.bytes = 131072
	socket.connection.setup.timeout.max.ms = 30000
	socket.connection.setup.timeout.ms = 10000
	ssl.cipher.suites = null
	ssl.enabled.protocols = [TLSv1.2, TLSv1.3]
	ssl.endpoint.identification.algorithm = https
	ssl.engine.factory.class = null
	ssl.key.password = null
	ssl.keymanager.algorithm = SunX509
	ssl.keystore.certificate.chain = null
	ssl.keystore.key = null
	ssl.keystore.location = null
	ssl.keystore.password = null
	ssl.keystore.type = JKS
	ssl.protocol = TLSv1.3
	ssl.provider = null
	ssl.secure.random.implementation = null
	ssl.trustmanager.algorithm = PKIX
	ssl.truststore.certificates = null
	ssl.truststore.location = null
	ssl.truststore.password = null
	ssl.truststore.type = JKS
	transaction.timeout.ms = 60000
	transactional.id = null
	value.serializer = class io.apicurio.registry.serde.avro.AvroKafkaSerializer

2025-08-06 15:37:40,500 INFO  [org.apa.kaf.com.tel.int.KafkaMetricsCollector] (main) initializing Kafka metrics collector
2025-08-06 15:37:40,504 INFO  [org.apa.kaf.cli.pro.KafkaProducer] (main) [Producer clientId=Producer-topic-39429f13_e38d_472e_9705_0bca6bc1e7f8] Instantiated an idempotent producer.
2025-08-06 15:37:40,506 INFO  [org.apa.kaf.cli.pro.ProducerConfig] (main) These configurations '[apicurio.registry.find-latest, apicurio.registry.url, apicurio.registry.artifact-resolver-strategy]' were supplied but are not used yet.
2025-08-06 15:37:40,506 INFO  [org.apa.kaf.com.uti.AppInfoParser] (main) Kafka version: 3.9.1
2025-08-06 15:37:40,506 INFO  [org.apa.kaf.com.uti.AppInfoParser] (main) Kafka commitId: f745dfdcee2b9851
2025-08-06 15:37:40,507 INFO  [org.apa.kaf.com.uti.AppInfoParser] (main) Kafka startTimeMs: 1754494660506
2025-08-06 15:37:40,507 INFO  [io.api.tes.ser.api.SimpleSerdesTesterBuilder$SimpleSerdesTester] (main) Using producer configuration: {apicurio.registry.find-latest=true, apicurio.registry.url=http://registry-app-mysql.apps.ci419.apicurio-testing.org:80/apis/registry/v3, apicurio.registry.artifact-resolver-strategy=io.apicurio.registry.serde.avro.strategy.RecordIdStrategy, value.serializer=io.apicurio.registry.serde.avro.AvroKafkaSerializer, request.timeout.ms=5000, acks=all, bootstrap.servers=PLAINTEXT://localhost:32769, connections.max.idle.ms=10000, key.serializer=org.apache.kafka.common.serialization.StringSerializer, client.id=Producer-topic-39429f13_e38d_472e_9705_0bca6bc1e7f8}
2025-08-06 15:37:40,507 INFO  [io.api.tes.ser.api.SimpleSerdesTesterBuilder$SimpleSerdesTester] (main) Using consumer configuration: {}
2025-08-06 15:37:40,509 INFO  [io.api.tes.ser.api.KafkaSerdesTester] (Thread-627) Sending message {"key11754494659402": "value-0"} to topic topic-39429f13_e38d_472e_9705_0bca6bc1e7f8
2025-08-06 15:37:40,514 INFO  [org.apa.kaf.cli.Metadata] (kafka-producer-network-thread | Producer-topic-39429f13_e38d_472e_9705_0bca6bc1e7f8) [Producer clientId=Producer-topic-39429f13_e38d_472e_9705_0bca6bc1e7f8] Cluster ID: dgPJ9z-1S5ugXzLx2i-R9Q
2025-08-06 15:37:40,516 INFO  [org.apa.kaf.cli.pro.int.TransactionManager] (kafka-producer-network-thread | Producer-topic-39429f13_e38d_472e_9705_0bca6bc1e7f8) [Producer clientId=Producer-topic-39429f13_e38d_472e_9705_0bca6bc1e7f8] ProducerId set to 5 with epoch 0
2025-08-06 15:37:40,642 INFO  [io.api.tes.ser.api.KafkaSerdesTester] (Thread-627) Sending message {"key11754494659402": "value-1"} to topic topic-39429f13_e38d_472e_9705_0bca6bc1e7f8
2025-08-06 15:37:40,644 INFO  [io.api.tes.ser.api.KafkaSerdesTester] (Thread-627) Sending message {"key11754494659402": "value-2"} to topic topic-39429f13_e38d_472e_9705_0bca6bc1e7f8
2025-08-06 15:37:40,646 INFO  [io.api.tes.ser.api.KafkaSerdesTester] (Thread-627) Sending message {"key11754494659402": "value-3"} to topic topic-39429f13_e38d_472e_9705_0bca6bc1e7f8
2025-08-06 15:37:40,648 INFO  [io.api.tes.ser.api.KafkaSerdesTester] (Thread-627) Sending message {"key11754494659402": "value-4"} to topic topic-39429f13_e38d_472e_9705_0bca6bc1e7f8
2025-08-06 15:37:40,650 INFO  [io.api.tes.ser.api.KafkaSerdesTester] (Thread-627) Sending message {"key11754494659402": "value-5"} to topic topic-39429f13_e38d_472e_9705_0bca6bc1e7f8
2025-08-06 15:37:40,652 INFO  [io.api.tes.ser.api.KafkaSerdesTester] (Thread-627) Sending message {"key11754494659402": "value-6"} to topic topic-39429f13_e38d_472e_9705_0bca6bc1e7f8
2025-08-06 15:37:40,655 INFO  [io.api.tes.ser.api.KafkaSerdesTester] (Thread-627) Sending message {"key11754494659402": "value-7"} to topic topic-39429f13_e38d_472e_9705_0bca6bc1e7f8
2025-08-06 15:37:40,658 INFO  [io.api.tes.ser.api.KafkaSerdesTester] (Thread-627) Sending message {"key11754494659402": "value-8"} to topic topic-39429f13_e38d_472e_9705_0bca6bc1e7f8
2025-08-06 15:37:40,660 INFO  [io.api.tes.ser.api.KafkaSerdesTester] (Thread-627) Sending message {"key11754494659402": "value-9"} to topic topic-39429f13_e38d_472e_9705_0bca6bc1e7f8
2025-08-06 15:37:40,662 INFO  [io.api.tes.ser.api.KafkaSerdesTester] (Thread-627) Produced 10 messages
2025-08-06 15:37:40,662 INFO  [org.apa.kaf.cli.pro.KafkaProducer] (Thread-627) [Producer clientId=Producer-topic-39429f13_e38d_472e_9705_0bca6bc1e7f8] Closing the Kafka producer with timeoutMillis = 9223372036854775807 ms.
2025-08-06 15:37:40,678 INFO  [org.apa.kaf.com.met.Metrics] (Thread-627) Metrics scheduler closed
2025-08-06 15:37:40,678 INFO  [org.apa.kaf.com.met.Metrics] (Thread-627) Closing reporter org.apache.kafka.common.metrics.JmxReporter
2025-08-06 15:37:40,678 INFO  [org.apa.kaf.com.met.Metrics] (Thread-627) Closing reporter org.apache.kafka.common.telemetry.internals.ClientTelemetryReporter
2025-08-06 15:37:40,678 INFO  [org.apa.kaf.com.met.Metrics] (Thread-627) Metrics reporters closed
2025-08-06 15:37:40,678 INFO  [org.apa.kaf.com.uti.AppInfoParser] (Thread-627) App info kafka.producer for Producer-topic-39429f13_e38d_472e_9705_0bca6bc1e7f8 unregistered
**** Registry Base URL: http://registry-app-mysql.apps.ci419.apicurio-testing.org:80
2025-08-06 15:37:40,680 INFO  [org.apa.kaf.cli.con.ConsumerConfig] (main) ConsumerConfig values: 
	allow.auto.create.topics = true
	auto.commit.interval.ms = 500
	auto.include.jmx.reporter = true
	auto.offset.reset = earliest
	bootstrap.servers = [PLAINTEXT://localhost:32769]
	check.crcs = true
	client.dns.lookup = use_all_dns_ips
	client.id = consumer-Consumer-topic-39429f13_e38d_472e_9705_0bca6bc1e7f8-5
	client.rack = 
	connections.max.idle.ms = 10000
	default.api.timeout.ms = 60000
	enable.auto.commit = true
	enable.metrics.push = true
	exclude.internal.topics = true
	fetch.max.bytes = 52428800
	fetch.max.wait.ms = 500
	fetch.min.bytes = 1
	group.id = Consumer-topic-39429f13_e38d_472e_9705_0bca6bc1e7f8
	group.instance.id = null
	group.protocol = classic
	group.remote.assignor = null
	heartbeat.interval.ms = 3000
	interceptor.classes = []
	internal.leave.group.on.close = true
	internal.throw.on.fetch.stable.offset.unsupported = false
	isolation.level = read_uncommitted
	key.deserializer = class org.apache.kafka.common.serialization.StringDeserializer
	max.partition.fetch.bytes = 1048576
	max.poll.interval.ms = 300000
	max.poll.records = 500
	metadata.max.age.ms = 300000
	metadata.recovery.strategy = none
	metric.reporters = []
	metrics.num.samples = 2
	metrics.recording.level = INFO
	metrics.sample.window.ms = 30000
	partition.assignment.strategy = [class org.apache.kafka.clients.consumer.RangeAssignor, class org.apache.kafka.clients.consumer.CooperativeStickyAssignor]
	receive.buffer.bytes = 65536
	reconnect.backoff.max.ms = 1000
	reconnect.backoff.ms = 50
	request.timeout.ms = 5000
	retry.backoff.max.ms = 1000
	retry.backoff.ms = 100
	sasl.client.callback.handler.class = null
	sasl.jaas.config = null
	sasl.kerberos.kinit.cmd = /usr/bin/kinit
	sasl.kerberos.min.time.before.relogin = 60000
	sasl.kerberos.service.name = null
	sasl.kerberos.ticket.renew.jitter = 0.05
	sasl.kerberos.ticket.renew.window.factor = 0.8
	sasl.login.callback.handler.class = null
	sasl.login.class = null
	sasl.login.connect.timeout.ms = null
	sasl.login.read.timeout.ms = null
	sasl.login.refresh.buffer.seconds = 300
	sasl.login.refresh.min.period.seconds = 60
	sasl.login.refresh.window.factor = 0.8
	sasl.login.refresh.window.jitter = 0.05
	sasl.login.retry.backoff.max.ms = 10000
	sasl.login.retry.backoff.ms = 100
	sasl.mechanism = GSSAPI
	sasl.oauthbearer.clock.skew.seconds = 30
	sasl.oauthbearer.expected.audience = null
	sasl.oauthbearer.expected.issuer = null
	sasl.oauthbearer.header.urlencode = false
	sasl.oauthbearer.jwks.endpoint.refresh.ms = 3600000
	sasl.oauthbearer.jwks.endpoint.retry.backoff.max.ms = 10000
	sasl.oauthbearer.jwks.endpoint.retry.backoff.ms = 100
	sasl.oauthbearer.jwks.endpoint.url = null
	sasl.oauthbearer.scope.claim.name = scope
	sasl.oauthbearer.sub.claim.name = sub
	sasl.oauthbearer.token.endpoint.url = null
	security.protocol = PLAINTEXT
	security.providers = null
	send.buffer.bytes = 131072
	session.timeout.ms = 45000
	socket.connection.setup.timeout.max.ms = 30000
	socket.connection.setup.timeout.ms = 10000
	ssl.cipher.suites = null
	ssl.enabled.protocols = [TLSv1.2, TLSv1.3]
	ssl.endpoint.identification.algorithm = https
	ssl.engine.factory.class = null
	ssl.key.password = null
	ssl.keymanager.algorithm = SunX509
	ssl.keystore.certificate.chain = null
	ssl.keystore.key = null
	ssl.keystore.location = null
	ssl.keystore.password = null
	ssl.keystore.type = JKS
	ssl.protocol = TLSv1.3
	ssl.provider = null
	ssl.secure.random.implementation = null
	ssl.trustmanager.algorithm = PKIX
	ssl.truststore.certificates = null
	ssl.truststore.location = null
	ssl.truststore.password = null
	ssl.truststore.type = JKS
	value.deserializer = class io.apicurio.registry.serde.avro.AvroKafkaDeserializer

2025-08-06 15:37:40,680 INFO  [org.apa.kaf.com.tel.int.KafkaMetricsCollector] (main) initializing Kafka metrics collector
2025-08-06 15:37:40,694 INFO  [org.apa.kaf.cli.con.ConsumerConfig] (main) These configurations '[apicurio.registry.url]' were supplied but are not used yet.
2025-08-06 15:37:40,694 INFO  [org.apa.kaf.com.uti.AppInfoParser] (main) Kafka version: 3.9.1
2025-08-06 15:37:40,694 INFO  [org.apa.kaf.com.uti.AppInfoParser] (main) Kafka commitId: f745dfdcee2b9851
2025-08-06 15:37:40,694 INFO  [org.apa.kaf.com.uti.AppInfoParser] (main) Kafka startTimeMs: 1754494660694
2025-08-06 15:37:40,694 INFO  [org.apa.kaf.cli.con.int.ClassicKafkaConsumer] (Thread-630) [Consumer clientId=consumer-Consumer-topic-39429f13_e38d_472e_9705_0bca6bc1e7f8-5, groupId=Consumer-topic-39429f13_e38d_472e_9705_0bca6bc1e7f8] Subscribed to topic(s): topic-39429f13_e38d_472e_9705_0bca6bc1e7f8
2025-08-06 15:37:40,704 INFO  [org.apa.kaf.cli.Metadata] (Thread-630) [Consumer clientId=consumer-Consumer-topic-39429f13_e38d_472e_9705_0bca6bc1e7f8-5, groupId=Consumer-topic-39429f13_e38d_472e_9705_0bca6bc1e7f8] Cluster ID: dgPJ9z-1S5ugXzLx2i-R9Q
2025-08-06 15:37:40,706 INFO  [org.apa.kaf.cli.con.int.ConsumerCoordinator] (Thread-630) [Consumer clientId=consumer-Consumer-topic-39429f13_e38d_472e_9705_0bca6bc1e7f8-5, groupId=Consumer-topic-39429f13_e38d_472e_9705_0bca6bc1e7f8] Discovered group coordinator localhost:32769 (id: 2147483647 rack: null)
2025-08-06 15:37:40,707 INFO  [org.apa.kaf.cli.con.int.ConsumerCoordinator] (Thread-630) [Consumer clientId=consumer-Consumer-topic-39429f13_e38d_472e_9705_0bca6bc1e7f8-5, groupId=Consumer-topic-39429f13_e38d_472e_9705_0bca6bc1e7f8] (Re-)joining group
2025-08-06 15:37:40,715 INFO  [org.apa.kaf.cli.con.int.ConsumerCoordinator] (Thread-630) [Consumer clientId=consumer-Consumer-topic-39429f13_e38d_472e_9705_0bca6bc1e7f8-5, groupId=Consumer-topic-39429f13_e38d_472e_9705_0bca6bc1e7f8] Request joining group due to: need to re-join with the given member-id: consumer-Consumer-topic-39429f13_e38d_472e_9705_0bca6bc1e7f8-5-cafbff74-9f3b-4f30-85b9-e0247c092a89
2025-08-06 15:37:40,716 INFO  [org.apa.kaf.cli.con.int.ConsumerCoordinator] (Thread-630) [Consumer clientId=consumer-Consumer-topic-39429f13_e38d_472e_9705_0bca6bc1e7f8-5, groupId=Consumer-topic-39429f13_e38d_472e_9705_0bca6bc1e7f8] (Re-)joining group
2025-08-06 15:37:41,694 INFO  [io.api.tes.ser.api.KafkaSerdesTester] (Thread-630) None found
2025-08-06 15:37:42,695 INFO  [io.api.tes.ser.api.KafkaSerdesTester] (Thread-630) None found
2025-08-06 15:37:43,695 INFO  [io.api.tes.ser.api.KafkaSerdesTester] (Thread-630) None found
2025-08-06 15:37:43,719 INFO  [org.apa.kaf.cli.con.int.ConsumerCoordinator] (Thread-630) [Consumer clientId=consumer-Consumer-topic-39429f13_e38d_472e_9705_0bca6bc1e7f8-5, groupId=Consumer-topic-39429f13_e38d_472e_9705_0bca6bc1e7f8] Successfully joined group with generation Generation{generationId=1, memberId='consumer-Consumer-topic-39429f13_e38d_472e_9705_0bca6bc1e7f8-5-cafbff74-9f3b-4f30-85b9-e0247c092a89', protocol='range'}
2025-08-06 15:37:43,720 INFO  [org.apa.kaf.cli.con.int.ConsumerCoordinator] (Thread-630) [Consumer clientId=consumer-Consumer-topic-39429f13_e38d_472e_9705_0bca6bc1e7f8-5, groupId=Consumer-topic-39429f13_e38d_472e_9705_0bca6bc1e7f8] Finished assignment for group at generation 1: {consumer-Consumer-topic-39429f13_e38d_472e_9705_0bca6bc1e7f8-5-cafbff74-9f3b-4f30-85b9-e0247c092a89=Assignment(partitions=[topic-39429f13_e38d_472e_9705_0bca6bc1e7f8-0])}
2025-08-06 15:37:43,727 INFO  [org.apa.kaf.cli.con.int.ConsumerCoordinator] (Thread-630) [Consumer clientId=consumer-Consumer-topic-39429f13_e38d_472e_9705_0bca6bc1e7f8-5, groupId=Consumer-topic-39429f13_e38d_472e_9705_0bca6bc1e7f8] Successfully synced group in generation Generation{generationId=1, memberId='consumer-Consumer-topic-39429f13_e38d_472e_9705_0bca6bc1e7f8-5-cafbff74-9f3b-4f30-85b9-e0247c092a89', protocol='range'}
2025-08-06 15:37:43,727 INFO  [org.apa.kaf.cli.con.int.ConsumerCoordinator] (Thread-630) [Consumer clientId=consumer-Consumer-topic-39429f13_e38d_472e_9705_0bca6bc1e7f8-5, groupId=Consumer-topic-39429f13_e38d_472e_9705_0bca6bc1e7f8] Notifying assignor about the new Assignment(partitions=[topic-39429f13_e38d_472e_9705_0bca6bc1e7f8-0])
2025-08-06 15:37:43,727 INFO  [org.apa.kaf.cli.con.int.ConsumerRebalanceListenerInvoker] (Thread-630) [Consumer clientId=consumer-Consumer-topic-39429f13_e38d_472e_9705_0bca6bc1e7f8-5, groupId=Consumer-topic-39429f13_e38d_472e_9705_0bca6bc1e7f8] Adding newly assigned partitions: topic-39429f13_e38d_472e_9705_0bca6bc1e7f8-0
2025-08-06 15:37:43,728 INFO  [org.apa.kaf.cli.con.int.ConsumerCoordinator] (Thread-630) [Consumer clientId=consumer-Consumer-topic-39429f13_e38d_472e_9705_0bca6bc1e7f8-5, groupId=Consumer-topic-39429f13_e38d_472e_9705_0bca6bc1e7f8] Found no committed offset for partition topic-39429f13_e38d_472e_9705_0bca6bc1e7f8-0
2025-08-06 15:37:43,745 INFO  [org.apa.kaf.cli.con.int.SubscriptionState] (Thread-630) [Consumer clientId=consumer-Consumer-topic-39429f13_e38d_472e_9705_0bca6bc1e7f8-5, groupId=Consumer-topic-39429f13_e38d_472e_9705_0bca6bc1e7f8] Resetting offset for partition topic-39429f13_e38d_472e_9705_0bca6bc1e7f8-0 to position FetchPosition{offset=0, offsetEpoch=Optional.empty, currentLeader=LeaderAndEpoch{leader=Optional[localhost:32769 (id: 0 rack: null)], epoch=0}}.
2025-08-06 15:37:43,837 INFO  [io.api.tes.ser.api.KafkaSerdesTester] (Thread-630) topic-39429f13_e38d_472e_9705_0bca6bc1e7f8 0 0 {"key11754494659402": "value-0"}
2025-08-06 15:37:43,837 INFO  [io.api.tes.ser.api.KafkaSerdesTester] (Thread-630) topic-39429f13_e38d_472e_9705_0bca6bc1e7f8 0 1 {"key11754494659402": "value-1"}
2025-08-06 15:37:43,837 INFO  [io.api.tes.ser.api.KafkaSerdesTester] (Thread-630) topic-39429f13_e38d_472e_9705_0bca6bc1e7f8 0 2 {"key11754494659402": "value-2"}
2025-08-06 15:37:43,837 INFO  [io.api.tes.ser.api.KafkaSerdesTester] (Thread-630) topic-39429f13_e38d_472e_9705_0bca6bc1e7f8 0 3 {"key11754494659402": "value-3"}
2025-08-06 15:37:43,837 INFO  [io.api.tes.ser.api.KafkaSerdesTester] (Thread-630) topic-39429f13_e38d_472e_9705_0bca6bc1e7f8 0 4 {"key11754494659402": "value-4"}
2025-08-06 15:37:43,837 INFO  [io.api.tes.ser.api.KafkaSerdesTester] (Thread-630) topic-39429f13_e38d_472e_9705_0bca6bc1e7f8 0 5 {"key11754494659402": "value-5"}
2025-08-06 15:37:43,837 INFO  [io.api.tes.ser.api.KafkaSerdesTester] (Thread-630) topic-39429f13_e38d_472e_9705_0bca6bc1e7f8 0 6 {"key11754494659402": "value-6"}
2025-08-06 15:37:43,837 INFO  [io.api.tes.ser.api.KafkaSerdesTester] (Thread-630) topic-39429f13_e38d_472e_9705_0bca6bc1e7f8 0 7 {"key11754494659402": "value-7"}
2025-08-06 15:37:43,837 INFO  [io.api.tes.ser.api.KafkaSerdesTester] (Thread-630) topic-39429f13_e38d_472e_9705_0bca6bc1e7f8 0 8 {"key11754494659402": "value-8"}
2025-08-06 15:37:43,837 INFO  [io.api.tes.ser.api.KafkaSerdesTester] (Thread-630) topic-39429f13_e38d_472e_9705_0bca6bc1e7f8 0 9 {"key11754494659402": "value-9"}
2025-08-06 15:37:43,837 INFO  [io.api.tes.ser.api.KafkaSerdesTester] (Thread-630) Consumed 10 messages
2025-08-06 15:37:43,845 INFO  [org.apa.kaf.cli.con.int.ConsumerRebalanceListenerInvoker] (Thread-630) [Consumer clientId=consumer-Consumer-topic-39429f13_e38d_472e_9705_0bca6bc1e7f8-5, groupId=Consumer-topic-39429f13_e38d_472e_9705_0bca6bc1e7f8] Revoke previously assigned partitions topic-39429f13_e38d_472e_9705_0bca6bc1e7f8-0
2025-08-06 15:37:43,845 INFO  [org.apa.kaf.cli.con.int.ConsumerCoordinator] (Thread-630) [Consumer clientId=consumer-Consumer-topic-39429f13_e38d_472e_9705_0bca6bc1e7f8-5, groupId=Consumer-topic-39429f13_e38d_472e_9705_0bca6bc1e7f8] Member consumer-Consumer-topic-39429f13_e38d_472e_9705_0bca6bc1e7f8-5-cafbff74-9f3b-4f30-85b9-e0247c092a89 sending LeaveGroup request to coordinator localhost:32769 (id: 2147483647 rack: null) due to the consumer is being closed
2025-08-06 15:37:43,845 INFO  [org.apa.kaf.cli.con.int.ConsumerCoordinator] (Thread-630) [Consumer clientId=consumer-Consumer-topic-39429f13_e38d_472e_9705_0bca6bc1e7f8-5, groupId=Consumer-topic-39429f13_e38d_472e_9705_0bca6bc1e7f8] Resetting generation and member id due to: consumer pro-actively leaving the group
2025-08-06 15:37:43,845 INFO  [org.apa.kaf.cli.con.int.ConsumerCoordinator] (Thread-630) [Consumer clientId=consumer-Consumer-topic-39429f13_e38d_472e_9705_0bca6bc1e7f8-5, groupId=Consumer-topic-39429f13_e38d_472e_9705_0bca6bc1e7f8] Request joining group due to: consumer pro-actively leaving the group
2025-08-06 15:37:44,340 INFO  [org.apa.kaf.com.met.Metrics] (Thread-630) Metrics scheduler closed
2025-08-06 15:37:44,340 INFO  [org.apa.kaf.com.met.Metrics] (Thread-630) Closing reporter org.apache.kafka.common.metrics.JmxReporter
2025-08-06 15:37:44,340 INFO  [org.apa.kaf.com.met.Metrics] (Thread-630) Closing reporter org.apache.kafka.common.telemetry.internals.ClientTelemetryReporter
2025-08-06 15:37:44,340 INFO  [org.apa.kaf.com.met.Metrics] (Thread-630) Metrics reporters closed
2025-08-06 15:37:44,344 INFO  [org.apa.kaf.com.uti.AppInfoParser] (Thread-630) App info kafka.consumer for consumer-Consumer-topic-39429f13_e38d_472e_9705_0bca6bc1e7f8-5 unregistered
2025-08-06 15:37:44,345 INFO  [io.api.tes.uti.TestSeparator] (main) io.apicurio.tests.serdes.apicurio.AvroSerdeIT.testRecordIdStrategydFindLatest-FINISHED
2025-08-06 15:37:44,345 INFO  [io.api.tes.uti.TestSeparator] (main) ############################################################################
Test passed: testRecordIdStrategydFindLatest
]]></system-out>
  </testcase>
  <testcase name="testReflectAutoRegister" classname="io.apicurio.tests.serdes.apicurio.AvroSerdeIT" time="3.998">
    <system-out><![CDATA[2025-08-06 15:37:44,349 INFO  [io.api.tes.uti.TestSeparator] (main) ############################################################################
2025-08-06 15:37:44,349 INFO  [io.api.tes.uti.TestSeparator] (main) io.apicurio.tests.serdes.apicurio.AvroSerdeIT.testReflectAutoRegister-STARTED
**** Registry Base URL: http://registry-app-mysql.apps.ci419.apicurio-testing.org:80
2025-08-06 15:37:44,353 INFO  [org.apa.kaf.cli.pro.ProducerConfig] (main) ProducerConfig values: 
	acks = -1
	auto.include.jmx.reporter = true
	batch.size = 16384
	bootstrap.servers = [PLAINTEXT://localhost:32769]
	buffer.memory = 33554432
	client.dns.lookup = use_all_dns_ips
	client.id = Producer-topic-571f5e2a_a808_44ad_9343_9cf43ff3f407
	compression.gzip.level = -1
	compression.lz4.level = 9
	compression.type = none
	compression.zstd.level = 3
	connections.max.idle.ms = 10000
	delivery.timeout.ms = 120000
	enable.idempotence = true
	enable.metrics.push = true
	interceptor.classes = []
	key.serializer = class org.apache.kafka.common.serialization.StringSerializer
	linger.ms = 0
	max.block.ms = 60000
	max.in.flight.requests.per.connection = 5
	max.request.size = 1048576
	metadata.max.age.ms = 300000
	metadata.max.idle.ms = 300000
	metadata.recovery.strategy = none
	metric.reporters = []
	metrics.num.samples = 2
	metrics.recording.level = INFO
	metrics.sample.window.ms = 30000
	partitioner.adaptive.partitioning.enable = true
	partitioner.availability.timeout.ms = 0
	partitioner.class = null
	partitioner.ignore.keys = false
	receive.buffer.bytes = 32768
	reconnect.backoff.max.ms = 1000
	reconnect.backoff.ms = 50
	request.timeout.ms = 5000
	retries = 2147483647
	retry.backoff.max.ms = 1000
	retry.backoff.ms = 100
	sasl.client.callback.handler.class = null
	sasl.jaas.config = null
	sasl.kerberos.kinit.cmd = /usr/bin/kinit
	sasl.kerberos.min.time.before.relogin = 60000
	sasl.kerberos.service.name = null
	sasl.kerberos.ticket.renew.jitter = 0.05
	sasl.kerberos.ticket.renew.window.factor = 0.8
	sasl.login.callback.handler.class = null
	sasl.login.class = null
	sasl.login.connect.timeout.ms = null
	sasl.login.read.timeout.ms = null
	sasl.login.refresh.buffer.seconds = 300
	sasl.login.refresh.min.period.seconds = 60
	sasl.login.refresh.window.factor = 0.8
	sasl.login.refresh.window.jitter = 0.05
	sasl.login.retry.backoff.max.ms = 10000
	sasl.login.retry.backoff.ms = 100
	sasl.mechanism = GSSAPI
	sasl.oauthbearer.clock.skew.seconds = 30
	sasl.oauthbearer.expected.audience = null
	sasl.oauthbearer.expected.issuer = null
	sasl.oauthbearer.header.urlencode = false
	sasl.oauthbearer.jwks.endpoint.refresh.ms = 3600000
	sasl.oauthbearer.jwks.endpoint.retry.backoff.max.ms = 10000
	sasl.oauthbearer.jwks.endpoint.retry.backoff.ms = 100
	sasl.oauthbearer.jwks.endpoint.url = null
	sasl.oauthbearer.scope.claim.name = scope
	sasl.oauthbearer.sub.claim.name = sub
	sasl.oauthbearer.token.endpoint.url = null
	security.protocol = PLAINTEXT
	security.providers = null
	send.buffer.bytes = 131072
	socket.connection.setup.timeout.max.ms = 30000
	socket.connection.setup.timeout.ms = 10000
	ssl.cipher.suites = null
	ssl.enabled.protocols = [TLSv1.2, TLSv1.3]
	ssl.endpoint.identification.algorithm = https
	ssl.engine.factory.class = null
	ssl.key.password = null
	ssl.keymanager.algorithm = SunX509
	ssl.keystore.certificate.chain = null
	ssl.keystore.key = null
	ssl.keystore.location = null
	ssl.keystore.password = null
	ssl.keystore.type = JKS
	ssl.protocol = TLSv1.3
	ssl.provider = null
	ssl.secure.random.implementation = null
	ssl.trustmanager.algorithm = PKIX
	ssl.truststore.certificates = null
	ssl.truststore.location = null
	ssl.truststore.password = null
	ssl.truststore.type = JKS
	transaction.timeout.ms = 60000
	transactional.id = null
	value.serializer = class io.apicurio.registry.serde.avro.AvroKafkaSerializer

2025-08-06 15:37:44,353 INFO  [org.apa.kaf.com.tel.int.KafkaMetricsCollector] (main) initializing Kafka metrics collector
2025-08-06 15:37:44,364 INFO  [org.apa.kaf.cli.pro.KafkaProducer] (main) [Producer clientId=Producer-topic-571f5e2a_a808_44ad_9343_9cf43ff3f407] Instantiated an idempotent producer.
2025-08-06 15:37:44,366 INFO  [org.apa.kaf.cli.pro.ProducerConfig] (main) These configurations '[apicurio.registry.url, apicurio.registry.auto-register, apicurio.registry.artifact-resolver-strategy, apicurio.registry.avro-datum-provider]' were supplied but are not used yet.
2025-08-06 15:37:44,366 INFO  [org.apa.kaf.com.uti.AppInfoParser] (main) Kafka version: 3.9.1
2025-08-06 15:37:44,366 INFO  [org.apa.kaf.com.uti.AppInfoParser] (main) Kafka commitId: f745dfdcee2b9851
2025-08-06 15:37:44,366 INFO  [org.apa.kaf.com.uti.AppInfoParser] (main) Kafka startTimeMs: 1754494664366
2025-08-06 15:37:44,366 INFO  [io.api.tes.ser.api.SimpleSerdesTesterBuilder$SimpleSerdesTester] (main) Using producer configuration: {apicurio.registry.url=http://registry-app-mysql.apps.ci419.apicurio-testing.org:80/apis/registry/v3, apicurio.registry.auto-register=true, apicurio.registry.artifact-resolver-strategy=io.apicurio.registry.serde.strategy.TopicIdStrategy, value.serializer=io.apicurio.registry.serde.avro.AvroKafkaSerializer, request.timeout.ms=5000, acks=all, bootstrap.servers=PLAINTEXT://localhost:32769, connections.max.idle.ms=10000, key.serializer=org.apache.kafka.common.serialization.StringSerializer, apicurio.registry.avro-datum-provider=io.apicurio.registry.serde.avro.ReflectAvroDatumProvider, client.id=Producer-topic-571f5e2a_a808_44ad_9343_9cf43ff3f407}
2025-08-06 15:37:44,369 INFO  [io.api.tes.ser.api.SimpleSerdesTesterBuilder$SimpleSerdesTester] (main) Using consumer configuration: {apicurio.registry.avro-datum-provider=io.apicurio.registry.serde.avro.ReflectAvroDatumProvider}
2025-08-06 15:37:44,370 INFO  [io.api.tes.ser.api.KafkaSerdesTester] (Thread-633) Sending message io.apicurio.tests.common.serdes.TestObject@3dbd29cb to topic topic-571f5e2a_a808_44ad_9343_9cf43ff3f407
2025-08-06 15:37:44,375 WARN  [org.apa.kaf.cli.NetworkClient] (kafka-producer-network-thread | Producer-topic-571f5e2a_a808_44ad_9343_9cf43ff3f407) [Producer clientId=Producer-topic-571f5e2a_a808_44ad_9343_9cf43ff3f407] The metadata response from the cluster reported a recoverable issue with correlation id 1 : {topic-571f5e2a_a808_44ad_9343_9cf43ff3f407=UNKNOWN_TOPIC_OR_PARTITION}
2025-08-06 15:37:44,375 INFO  [org.apa.kaf.cli.Metadata] (kafka-producer-network-thread | Producer-topic-571f5e2a_a808_44ad_9343_9cf43ff3f407) [Producer clientId=Producer-topic-571f5e2a_a808_44ad_9343_9cf43ff3f407] Cluster ID: dgPJ9z-1S5ugXzLx2i-R9Q
2025-08-06 15:37:44,376 INFO  [org.apa.kaf.cli.pro.int.TransactionManager] (kafka-producer-network-thread | Producer-topic-571f5e2a_a808_44ad_9343_9cf43ff3f407) [Producer clientId=Producer-topic-571f5e2a_a808_44ad_9343_9cf43ff3f407] ProducerId set to 6 with epoch 0
2025-08-06 15:37:44,596 INFO  [io.api.tes.ser.api.KafkaSerdesTester] (Thread-633) Sending message io.apicurio.tests.common.serdes.TestObject@3dbd29cb to topic topic-571f5e2a_a808_44ad_9343_9cf43ff3f407
2025-08-06 15:37:44,598 INFO  [io.api.tes.ser.api.KafkaSerdesTester] (Thread-633) Sending message io.apicurio.tests.common.serdes.TestObject@3dbd29cb to topic topic-571f5e2a_a808_44ad_9343_9cf43ff3f407
2025-08-06 15:37:44,601 INFO  [io.api.tes.ser.api.KafkaSerdesTester] (Thread-633) Sending message io.apicurio.tests.common.serdes.TestObject@3dbd29cb to topic topic-571f5e2a_a808_44ad_9343_9cf43ff3f407
2025-08-06 15:37:44,604 INFO  [io.api.tes.ser.api.KafkaSerdesTester] (Thread-633) Sending message io.apicurio.tests.common.serdes.TestObject@3dbd29cb to topic topic-571f5e2a_a808_44ad_9343_9cf43ff3f407
2025-08-06 15:37:44,607 INFO  [io.api.tes.ser.api.KafkaSerdesTester] (Thread-633) Sending message io.apicurio.tests.common.serdes.TestObject@3dbd29cb to topic topic-571f5e2a_a808_44ad_9343_9cf43ff3f407
2025-08-06 15:37:44,610 INFO  [io.api.tes.ser.api.KafkaSerdesTester] (Thread-633) Sending message io.apicurio.tests.common.serdes.TestObject@3dbd29cb to topic topic-571f5e2a_a808_44ad_9343_9cf43ff3f407
2025-08-06 15:37:44,612 INFO  [io.api.tes.ser.api.KafkaSerdesTester] (Thread-633) Sending message io.apicurio.tests.common.serdes.TestObject@3dbd29cb to topic topic-571f5e2a_a808_44ad_9343_9cf43ff3f407
2025-08-06 15:37:44,614 INFO  [io.api.tes.ser.api.KafkaSerdesTester] (Thread-633) Sending message io.apicurio.tests.common.serdes.TestObject@3dbd29cb to topic topic-571f5e2a_a808_44ad_9343_9cf43ff3f407
2025-08-06 15:37:44,616 INFO  [io.api.tes.ser.api.KafkaSerdesTester] (Thread-633) Sending message io.apicurio.tests.common.serdes.TestObject@3dbd29cb to topic topic-571f5e2a_a808_44ad_9343_9cf43ff3f407
2025-08-06 15:37:44,620 INFO  [io.api.tes.ser.api.KafkaSerdesTester] (Thread-633) Produced 10 messages
2025-08-06 15:37:44,620 INFO  [org.apa.kaf.cli.pro.KafkaProducer] (Thread-633) [Producer clientId=Producer-topic-571f5e2a_a808_44ad_9343_9cf43ff3f407] Closing the Kafka producer with timeoutMillis = 9223372036854775807 ms.
2025-08-06 15:37:44,628 INFO  [org.apa.kaf.com.met.Metrics] (Thread-633) Metrics scheduler closed
2025-08-06 15:37:44,628 INFO  [org.apa.kaf.com.met.Metrics] (Thread-633) Closing reporter org.apache.kafka.common.metrics.JmxReporter
2025-08-06 15:37:44,628 INFO  [org.apa.kaf.com.met.Metrics] (Thread-633) Closing reporter org.apache.kafka.common.telemetry.internals.ClientTelemetryReporter
2025-08-06 15:37:44,628 INFO  [org.apa.kaf.com.met.Metrics] (Thread-633) Metrics reporters closed
2025-08-06 15:37:44,630 INFO  [org.apa.kaf.com.uti.AppInfoParser] (Thread-633) App info kafka.producer for Producer-topic-571f5e2a_a808_44ad_9343_9cf43ff3f407 unregistered
**** Registry Base URL: http://registry-app-mysql.apps.ci419.apicurio-testing.org:80
2025-08-06 15:37:44,695 INFO  [org.apa.kaf.cli.con.ConsumerConfig] (main) ConsumerConfig values: 
	allow.auto.create.topics = true
	auto.commit.interval.ms = 500
	auto.include.jmx.reporter = true
	auto.offset.reset = earliest
	bootstrap.servers = [PLAINTEXT://localhost:32769]
	check.crcs = true
	client.dns.lookup = use_all_dns_ips
	client.id = consumer-Consumer-topic-571f5e2a_a808_44ad_9343_9cf43ff3f407-6
	client.rack = 
	connections.max.idle.ms = 10000
	default.api.timeout.ms = 60000
	enable.auto.commit = true
	enable.metrics.push = true
	exclude.internal.topics = true
	fetch.max.bytes = 52428800
	fetch.max.wait.ms = 500
	fetch.min.bytes = 1
	group.id = Consumer-topic-571f5e2a_a808_44ad_9343_9cf43ff3f407
	group.instance.id = null
	group.protocol = classic
	group.remote.assignor = null
	heartbeat.interval.ms = 3000
	interceptor.classes = []
	internal.leave.group.on.close = true
	internal.throw.on.fetch.stable.offset.unsupported = false
	isolation.level = read_uncommitted
	key.deserializer = class org.apache.kafka.common.serialization.StringDeserializer
	max.partition.fetch.bytes = 1048576
	max.poll.interval.ms = 300000
	max.poll.records = 500
	metadata.max.age.ms = 300000
	metadata.recovery.strategy = none
	metric.reporters = []
	metrics.num.samples = 2
	metrics.recording.level = INFO
	metrics.sample.window.ms = 30000
	partition.assignment.strategy = [class org.apache.kafka.clients.consumer.RangeAssignor, class org.apache.kafka.clients.consumer.CooperativeStickyAssignor]
	receive.buffer.bytes = 65536
	reconnect.backoff.max.ms = 1000
	reconnect.backoff.ms = 50
	request.timeout.ms = 5000
	retry.backoff.max.ms = 1000
	retry.backoff.ms = 100
	sasl.client.callback.handler.class = null
	sasl.jaas.config = null
	sasl.kerberos.kinit.cmd = /usr/bin/kinit
	sasl.kerberos.min.time.before.relogin = 60000
	sasl.kerberos.service.name = null
	sasl.kerberos.ticket.renew.jitter = 0.05
	sasl.kerberos.ticket.renew.window.factor = 0.8
	sasl.login.callback.handler.class = null
	sasl.login.class = null
	sasl.login.connect.timeout.ms = null
	sasl.login.read.timeout.ms = null
	sasl.login.refresh.buffer.seconds = 300
	sasl.login.refresh.min.period.seconds = 60
	sasl.login.refresh.window.factor = 0.8
	sasl.login.refresh.window.jitter = 0.05
	sasl.login.retry.backoff.max.ms = 10000
	sasl.login.retry.backoff.ms = 100
	sasl.mechanism = GSSAPI
	sasl.oauthbearer.clock.skew.seconds = 30
	sasl.oauthbearer.expected.audience = null
	sasl.oauthbearer.expected.issuer = null
	sasl.oauthbearer.header.urlencode = false
	sasl.oauthbearer.jwks.endpoint.refresh.ms = 3600000
	sasl.oauthbearer.jwks.endpoint.retry.backoff.max.ms = 10000
	sasl.oauthbearer.jwks.endpoint.retry.backoff.ms = 100
	sasl.oauthbearer.jwks.endpoint.url = null
	sasl.oauthbearer.scope.claim.name = scope
	sasl.oauthbearer.sub.claim.name = sub
	sasl.oauthbearer.token.endpoint.url = null
	security.protocol = PLAINTEXT
	security.providers = null
	send.buffer.bytes = 131072
	session.timeout.ms = 45000
	socket.connection.setup.timeout.max.ms = 30000
	socket.connection.setup.timeout.ms = 10000
	ssl.cipher.suites = null
	ssl.enabled.protocols = [TLSv1.2, TLSv1.3]
	ssl.endpoint.identification.algorithm = https
	ssl.engine.factory.class = null
	ssl.key.password = null
	ssl.keymanager.algorithm = SunX509
	ssl.keystore.certificate.chain = null
	ssl.keystore.key = null
	ssl.keystore.location = null
	ssl.keystore.password = null
	ssl.keystore.type = JKS
	ssl.protocol = TLSv1.3
	ssl.provider = null
	ssl.secure.random.implementation = null
	ssl.trustmanager.algorithm = PKIX
	ssl.truststore.certificates = null
	ssl.truststore.location = null
	ssl.truststore.password = null
	ssl.truststore.type = JKS
	value.deserializer = class io.apicurio.registry.serde.avro.AvroKafkaDeserializer

2025-08-06 15:37:44,695 INFO  [org.apa.kaf.com.tel.int.KafkaMetricsCollector] (main) initializing Kafka metrics collector
2025-08-06 15:37:44,707 INFO  [org.apa.kaf.cli.con.ConsumerConfig] (main) These configurations '[apicurio.registry.url, apicurio.registry.avro-datum-provider]' were supplied but are not used yet.
2025-08-06 15:37:44,708 INFO  [org.apa.kaf.com.uti.AppInfoParser] (main) Kafka version: 3.9.1
2025-08-06 15:37:44,708 INFO  [org.apa.kaf.com.uti.AppInfoParser] (main) Kafka commitId: f745dfdcee2b9851
2025-08-06 15:37:44,708 INFO  [org.apa.kaf.com.uti.AppInfoParser] (main) Kafka startTimeMs: 1754494664708
2025-08-06 15:37:44,711 INFO  [org.apa.kaf.cli.con.int.ClassicKafkaConsumer] (Thread-636) [Consumer clientId=consumer-Consumer-topic-571f5e2a_a808_44ad_9343_9cf43ff3f407-6, groupId=Consumer-topic-571f5e2a_a808_44ad_9343_9cf43ff3f407] Subscribed to topic(s): topic-571f5e2a_a808_44ad_9343_9cf43ff3f407
2025-08-06 15:37:44,720 INFO  [org.apa.kaf.cli.Metadata] (Thread-636) [Consumer clientId=consumer-Consumer-topic-571f5e2a_a808_44ad_9343_9cf43ff3f407-6, groupId=Consumer-topic-571f5e2a_a808_44ad_9343_9cf43ff3f407] Cluster ID: dgPJ9z-1S5ugXzLx2i-R9Q
2025-08-06 15:37:44,724 INFO  [org.apa.kaf.cli.con.int.ConsumerCoordinator] (Thread-636) [Consumer clientId=consumer-Consumer-topic-571f5e2a_a808_44ad_9343_9cf43ff3f407-6, groupId=Consumer-topic-571f5e2a_a808_44ad_9343_9cf43ff3f407] Discovered group coordinator localhost:32769 (id: 2147483647 rack: null)
2025-08-06 15:37:44,727 INFO  [org.apa.kaf.cli.con.int.ConsumerCoordinator] (Thread-636) [Consumer clientId=consumer-Consumer-topic-571f5e2a_a808_44ad_9343_9cf43ff3f407-6, groupId=Consumer-topic-571f5e2a_a808_44ad_9343_9cf43ff3f407] (Re-)joining group
2025-08-06 15:37:44,732 INFO  [org.apa.kaf.cli.con.int.ConsumerCoordinator] (Thread-636) [Consumer clientId=consumer-Consumer-topic-571f5e2a_a808_44ad_9343_9cf43ff3f407-6, groupId=Consumer-topic-571f5e2a_a808_44ad_9343_9cf43ff3f407] Request joining group due to: need to re-join with the given member-id: consumer-Consumer-topic-571f5e2a_a808_44ad_9343_9cf43ff3f407-6-095e7684-4662-45c7-a715-8c1edc7dccce
2025-08-06 15:37:44,732 INFO  [org.apa.kaf.cli.con.int.ConsumerCoordinator] (Thread-636) [Consumer clientId=consumer-Consumer-topic-571f5e2a_a808_44ad_9343_9cf43ff3f407-6, groupId=Consumer-topic-571f5e2a_a808_44ad_9343_9cf43ff3f407] (Re-)joining group
2025-08-06 15:37:45,712 INFO  [io.api.tes.ser.api.KafkaSerdesTester] (Thread-636) None found
2025-08-06 15:37:46,712 INFO  [io.api.tes.ser.api.KafkaSerdesTester] (Thread-636) None found
2025-08-06 15:37:47,713 INFO  [io.api.tes.ser.api.KafkaSerdesTester] (Thread-636) None found
2025-08-06 15:37:47,734 INFO  [org.apa.kaf.cli.con.int.ConsumerCoordinator] (Thread-636) [Consumer clientId=consumer-Consumer-topic-571f5e2a_a808_44ad_9343_9cf43ff3f407-6, groupId=Consumer-topic-571f5e2a_a808_44ad_9343_9cf43ff3f407] Successfully joined group with generation Generation{generationId=1, memberId='consumer-Consumer-topic-571f5e2a_a808_44ad_9343_9cf43ff3f407-6-095e7684-4662-45c7-a715-8c1edc7dccce', protocol='range'}
2025-08-06 15:37:47,735 INFO  [org.apa.kaf.cli.con.int.ConsumerCoordinator] (Thread-636) [Consumer clientId=consumer-Consumer-topic-571f5e2a_a808_44ad_9343_9cf43ff3f407-6, groupId=Consumer-topic-571f5e2a_a808_44ad_9343_9cf43ff3f407] Finished assignment for group at generation 1: {consumer-Consumer-topic-571f5e2a_a808_44ad_9343_9cf43ff3f407-6-095e7684-4662-45c7-a715-8c1edc7dccce=Assignment(partitions=[topic-571f5e2a_a808_44ad_9343_9cf43ff3f407-0])}
2025-08-06 15:37:47,743 INFO  [org.apa.kaf.cli.con.int.ConsumerCoordinator] (kafka-coordinator-heartbeat-thread | Consumer-topic-571f5e2a_a808_44ad_9343_9cf43ff3f407) [Consumer clientId=consumer-Consumer-topic-571f5e2a_a808_44ad_9343_9cf43ff3f407-6, groupId=Consumer-topic-571f5e2a_a808_44ad_9343_9cf43ff3f407] Successfully synced group in generation Generation{generationId=1, memberId='consumer-Consumer-topic-571f5e2a_a808_44ad_9343_9cf43ff3f407-6-095e7684-4662-45c7-a715-8c1edc7dccce', protocol='range'}
2025-08-06 15:37:47,743 INFO  [org.apa.kaf.cli.con.int.ConsumerCoordinator] (Thread-636) [Consumer clientId=consumer-Consumer-topic-571f5e2a_a808_44ad_9343_9cf43ff3f407-6, groupId=Consumer-topic-571f5e2a_a808_44ad_9343_9cf43ff3f407] Notifying assignor about the new Assignment(partitions=[topic-571f5e2a_a808_44ad_9343_9cf43ff3f407-0])
2025-08-06 15:37:47,744 INFO  [org.apa.kaf.cli.con.int.ConsumerRebalanceListenerInvoker] (Thread-636) [Consumer clientId=consumer-Consumer-topic-571f5e2a_a808_44ad_9343_9cf43ff3f407-6, groupId=Consumer-topic-571f5e2a_a808_44ad_9343_9cf43ff3f407] Adding newly assigned partitions: topic-571f5e2a_a808_44ad_9343_9cf43ff3f407-0
2025-08-06 15:37:47,745 INFO  [org.apa.kaf.cli.con.int.ConsumerCoordinator] (Thread-636) [Consumer clientId=consumer-Consumer-topic-571f5e2a_a808_44ad_9343_9cf43ff3f407-6, groupId=Consumer-topic-571f5e2a_a808_44ad_9343_9cf43ff3f407] Found no committed offset for partition topic-571f5e2a_a808_44ad_9343_9cf43ff3f407-0
2025-08-06 15:37:47,748 INFO  [org.apa.kaf.cli.con.int.SubscriptionState] (Thread-636) [Consumer clientId=consumer-Consumer-topic-571f5e2a_a808_44ad_9343_9cf43ff3f407-6, groupId=Consumer-topic-571f5e2a_a808_44ad_9343_9cf43ff3f407] Resetting offset for partition topic-571f5e2a_a808_44ad_9343_9cf43ff3f407-0 to position FetchPosition{offset=0, offsetEpoch=Optional.empty, currentLeader=LeaderAndEpoch{leader=Optional[localhost:32769 (id: 0 rack: null)], epoch=0}}.
2025-08-06 15:37:47,837 INFO  [io.api.tes.ser.api.KafkaSerdesTester] (Thread-636) topic-571f5e2a_a808_44ad_9343_9cf43ff3f407 0 0 io.apicurio.tests.common.serdes.TestObject@3dbd29cb
2025-08-06 15:37:47,837 INFO  [io.api.tes.ser.api.KafkaSerdesTester] (Thread-636) topic-571f5e2a_a808_44ad_9343_9cf43ff3f407 0 1 io.apicurio.tests.common.serdes.TestObject@3dbd29cb
2025-08-06 15:37:47,837 INFO  [io.api.tes.ser.api.KafkaSerdesTester] (Thread-636) topic-571f5e2a_a808_44ad_9343_9cf43ff3f407 0 2 io.apicurio.tests.common.serdes.TestObject@3dbd29cb
2025-08-06 15:37:47,837 INFO  [io.api.tes.ser.api.KafkaSerdesTester] (Thread-636) topic-571f5e2a_a808_44ad_9343_9cf43ff3f407 0 3 io.apicurio.tests.common.serdes.TestObject@3dbd29cb
2025-08-06 15:37:47,837 INFO  [io.api.tes.ser.api.KafkaSerdesTester] (Thread-636) topic-571f5e2a_a808_44ad_9343_9cf43ff3f407 0 4 io.apicurio.tests.common.serdes.TestObject@3dbd29cb
2025-08-06 15:37:47,837 INFO  [io.api.tes.ser.api.KafkaSerdesTester] (Thread-636) topic-571f5e2a_a808_44ad_9343_9cf43ff3f407 0 5 io.apicurio.tests.common.serdes.TestObject@3dbd29cb
2025-08-06 15:37:47,837 INFO  [io.api.tes.ser.api.KafkaSerdesTester] (Thread-636) topic-571f5e2a_a808_44ad_9343_9cf43ff3f407 0 6 io.apicurio.tests.common.serdes.TestObject@3dbd29cb
2025-08-06 15:37:47,837 INFO  [io.api.tes.ser.api.KafkaSerdesTester] (Thread-636) topic-571f5e2a_a808_44ad_9343_9cf43ff3f407 0 7 io.apicurio.tests.common.serdes.TestObject@3dbd29cb
2025-08-06 15:37:47,837 INFO  [io.api.tes.ser.api.KafkaSerdesTester] (Thread-636) topic-571f5e2a_a808_44ad_9343_9cf43ff3f407 0 8 io.apicurio.tests.common.serdes.TestObject@3dbd29cb
2025-08-06 15:37:47,837 INFO  [io.api.tes.ser.api.KafkaSerdesTester] (Thread-636) topic-571f5e2a_a808_44ad_9343_9cf43ff3f407 0 9 io.apicurio.tests.common.serdes.TestObject@3dbd29cb
2025-08-06 15:37:47,837 INFO  [io.api.tes.ser.api.KafkaSerdesTester] (Thread-636) Consumed 10 messages
2025-08-06 15:37:47,845 INFO  [org.apa.kaf.cli.con.int.ConsumerRebalanceListenerInvoker] (Thread-636) [Consumer clientId=consumer-Consumer-topic-571f5e2a_a808_44ad_9343_9cf43ff3f407-6, groupId=Consumer-topic-571f5e2a_a808_44ad_9343_9cf43ff3f407] Revoke previously assigned partitions topic-571f5e2a_a808_44ad_9343_9cf43ff3f407-0
2025-08-06 15:37:47,845 INFO  [org.apa.kaf.cli.con.int.ConsumerCoordinator] (Thread-636) [Consumer clientId=consumer-Consumer-topic-571f5e2a_a808_44ad_9343_9cf43ff3f407-6, groupId=Consumer-topic-571f5e2a_a808_44ad_9343_9cf43ff3f407] Member consumer-Consumer-topic-571f5e2a_a808_44ad_9343_9cf43ff3f407-6-095e7684-4662-45c7-a715-8c1edc7dccce sending LeaveGroup request to coordinator localhost:32769 (id: 2147483647 rack: null) due to the consumer is being closed
2025-08-06 15:37:47,845 INFO  [org.apa.kaf.cli.con.int.ConsumerCoordinator] (Thread-636) [Consumer clientId=consumer-Consumer-topic-571f5e2a_a808_44ad_9343_9cf43ff3f407-6, groupId=Consumer-topic-571f5e2a_a808_44ad_9343_9cf43ff3f407] Resetting generation and member id due to: consumer pro-actively leaving the group
2025-08-06 15:37:47,845 INFO  [org.apa.kaf.cli.con.int.ConsumerCoordinator] (Thread-636) [Consumer clientId=consumer-Consumer-topic-571f5e2a_a808_44ad_9343_9cf43ff3f407-6, groupId=Consumer-topic-571f5e2a_a808_44ad_9343_9cf43ff3f407] Request joining group due to: consumer pro-actively leaving the group
2025-08-06 15:37:48,340 INFO  [org.apa.kaf.com.met.Metrics] (Thread-636) Metrics scheduler closed
2025-08-06 15:37:48,340 INFO  [org.apa.kaf.com.met.Metrics] (Thread-636) Closing reporter org.apache.kafka.common.metrics.JmxReporter
2025-08-06 15:37:48,340 INFO  [org.apa.kaf.com.met.Metrics] (Thread-636) Closing reporter org.apache.kafka.common.telemetry.internals.ClientTelemetryReporter
2025-08-06 15:37:48,340 INFO  [org.apa.kaf.com.met.Metrics] (Thread-636) Metrics reporters closed
2025-08-06 15:37:48,343 INFO  [org.apa.kaf.com.uti.AppInfoParser] (Thread-636) App info kafka.consumer for consumer-Consumer-topic-571f5e2a_a808_44ad_9343_9cf43ff3f407-6 unregistered
2025-08-06 15:37:48,344 INFO  [io.api.tes.uti.TestSeparator] (main) io.apicurio.tests.serdes.apicurio.AvroSerdeIT.testReflectAutoRegister-FINISHED
2025-08-06 15:37:48,344 INFO  [io.api.tes.uti.TestSeparator] (main) ############################################################################
Test passed: testReflectAutoRegister
]]></system-out>
  </testcase>
  <testcase name="testArtifactNotFound" classname="io.apicurio.tests.serdes.apicurio.AvroSerdeIT" time="0.233">
    <system-out><![CDATA[2025-08-06 15:37:48,347 INFO  [io.api.tes.uti.TestSeparator] (main) ############################################################################
2025-08-06 15:37:48,347 INFO  [io.api.tes.uti.TestSeparator] (main) io.apicurio.tests.serdes.apicurio.AvroSerdeIT.testArtifactNotFound-STARTED
**** Registry Base URL: http://registry-app-mysql.apps.ci419.apicurio-testing.org:80
2025-08-06 15:37:48,348 INFO  [org.apa.kaf.cli.pro.ProducerConfig] (main) ProducerConfig values: 
	acks = -1
	auto.include.jmx.reporter = true
	batch.size = 16384
	bootstrap.servers = [PLAINTEXT://localhost:32769]
	buffer.memory = 33554432
	client.dns.lookup = use_all_dns_ips
	client.id = Producer-s39bd09edx347bx42d0x8c80x6aaea3fbf0bd
	compression.gzip.level = -1
	compression.lz4.level = 9
	compression.type = none
	compression.zstd.level = 3
	connections.max.idle.ms = 10000
	delivery.timeout.ms = 120000
	enable.idempotence = true
	enable.metrics.push = true
	interceptor.classes = []
	key.serializer = class org.apache.kafka.common.serialization.StringSerializer
	linger.ms = 0
	max.block.ms = 60000
	max.in.flight.requests.per.connection = 5
	max.request.size = 1048576
	metadata.max.age.ms = 300000
	metadata.max.idle.ms = 300000
	metadata.recovery.strategy = none
	metric.reporters = []
	metrics.num.samples = 2
	metrics.recording.level = INFO
	metrics.sample.window.ms = 30000
	partitioner.adaptive.partitioning.enable = true
	partitioner.availability.timeout.ms = 0
	partitioner.class = null
	partitioner.ignore.keys = false
	receive.buffer.bytes = 32768
	reconnect.backoff.max.ms = 1000
	reconnect.backoff.ms = 50
	request.timeout.ms = 5000
	retries = 2147483647
	retry.backoff.max.ms = 1000
	retry.backoff.ms = 100
	sasl.client.callback.handler.class = null
	sasl.jaas.config = null
	sasl.kerberos.kinit.cmd = /usr/bin/kinit
	sasl.kerberos.min.time.before.relogin = 60000
	sasl.kerberos.service.name = null
	sasl.kerberos.ticket.renew.jitter = 0.05
	sasl.kerberos.ticket.renew.window.factor = 0.8
	sasl.login.callback.handler.class = null
	sasl.login.class = null
	sasl.login.connect.timeout.ms = null
	sasl.login.read.timeout.ms = null
	sasl.login.refresh.buffer.seconds = 300
	sasl.login.refresh.min.period.seconds = 60
	sasl.login.refresh.window.factor = 0.8
	sasl.login.refresh.window.jitter = 0.05
	sasl.login.retry.backoff.max.ms = 10000
	sasl.login.retry.backoff.ms = 100
	sasl.mechanism = GSSAPI
	sasl.oauthbearer.clock.skew.seconds = 30
	sasl.oauthbearer.expected.audience = null
	sasl.oauthbearer.expected.issuer = null
	sasl.oauthbearer.header.urlencode = false
	sasl.oauthbearer.jwks.endpoint.refresh.ms = 3600000
	sasl.oauthbearer.jwks.endpoint.retry.backoff.max.ms = 10000
	sasl.oauthbearer.jwks.endpoint.retry.backoff.ms = 100
	sasl.oauthbearer.jwks.endpoint.url = null
	sasl.oauthbearer.scope.claim.name = scope
	sasl.oauthbearer.sub.claim.name = sub
	sasl.oauthbearer.token.endpoint.url = null
	security.protocol = PLAINTEXT
	security.providers = null
	send.buffer.bytes = 131072
	socket.connection.setup.timeout.max.ms = 30000
	socket.connection.setup.timeout.ms = 10000
	ssl.cipher.suites = null
	ssl.enabled.protocols = [TLSv1.2, TLSv1.3]
	ssl.endpoint.identification.algorithm = https
	ssl.engine.factory.class = null
	ssl.key.password = null
	ssl.keymanager.algorithm = SunX509
	ssl.keystore.certificate.chain = null
	ssl.keystore.key = null
	ssl.keystore.location = null
	ssl.keystore.password = null
	ssl.keystore.type = JKS
	ssl.protocol = TLSv1.3
	ssl.provider = null
	ssl.secure.random.implementation = null
	ssl.trustmanager.algorithm = PKIX
	ssl.truststore.certificates = null
	ssl.truststore.location = null
	ssl.truststore.password = null
	ssl.truststore.type = JKS
	transaction.timeout.ms = 60000
	transactional.id = null
	value.serializer = class io.apicurio.registry.serde.avro.AvroKafkaSerializer

2025-08-06 15:37:48,348 INFO  [org.apa.kaf.com.tel.int.KafkaMetricsCollector] (main) initializing Kafka metrics collector
2025-08-06 15:37:48,357 INFO  [org.apa.kaf.cli.pro.KafkaProducer] (main) [Producer clientId=Producer-s39bd09edx347bx42d0x8c80x6aaea3fbf0bd] Instantiated an idempotent producer.
2025-08-06 15:37:48,360 INFO  [org.apa.kaf.cli.pro.ProducerConfig] (main) These configurations '[apicurio.registry.url, apicurio.registry.artifact-resolver-strategy]' were supplied but are not used yet.
2025-08-06 15:37:48,360 INFO  [org.apa.kaf.com.uti.AppInfoParser] (main) Kafka version: 3.9.1
2025-08-06 15:37:48,360 INFO  [org.apa.kaf.com.uti.AppInfoParser] (main) Kafka commitId: f745dfdcee2b9851
2025-08-06 15:37:48,360 INFO  [org.apa.kaf.com.uti.AppInfoParser] (main) Kafka startTimeMs: 1754494668360
2025-08-06 15:37:48,362 INFO  [io.api.tes.ser.api.KafkaSerdesTester] (Thread-639) Sending message {"keyB": "value-0"} to topic s39bd09edx347bx42d0x8c80x6aaea3fbf0bd
2025-08-06 15:37:48,366 WARN  [org.apa.kaf.cli.NetworkClient] (kafka-producer-network-thread | Producer-s39bd09edx347bx42d0x8c80x6aaea3fbf0bd) [Producer clientId=Producer-s39bd09edx347bx42d0x8c80x6aaea3fbf0bd] The metadata response from the cluster reported a recoverable issue with correlation id 1 : {s39bd09edx347bx42d0x8c80x6aaea3fbf0bd=UNKNOWN_TOPIC_OR_PARTITION}
2025-08-06 15:37:48,366 INFO  [org.apa.kaf.cli.Metadata] (kafka-producer-network-thread | Producer-s39bd09edx347bx42d0x8c80x6aaea3fbf0bd) [Producer clientId=Producer-s39bd09edx347bx42d0x8c80x6aaea3fbf0bd] Cluster ID: dgPJ9z-1S5ugXzLx2i-R9Q
2025-08-06 15:37:48,367 INFO  [org.apa.kaf.cli.pro.int.TransactionManager] (kafka-producer-network-thread | Producer-s39bd09edx347bx42d0x8c80x6aaea3fbf0bd) [Producer clientId=Producer-s39bd09edx347bx42d0x8c80x6aaea3fbf0bd] ProducerId set to 7 with epoch 0
2025-08-06 15:37:48,483 INFO  [DefaultSchemaResolver] (Thread-639) Retrieving schema content using string: {"type":"record","name":"myrecord","namespace":"mygroup","fields":[{"name":"keyB","type":"string"}]}
2025-08-06 15:37:48,574 INFO  [org.apa.kaf.cli.pro.KafkaProducer] (Thread-639) [Producer clientId=Producer-s39bd09edx347bx42d0x8c80x6aaea3fbf0bd] Closing the Kafka producer with timeoutMillis = 9223372036854775807 ms.
2025-08-06 15:37:48,576 INFO  [org.apa.kaf.com.met.Metrics] (Thread-639) Metrics scheduler closed
2025-08-06 15:37:48,576 INFO  [org.apa.kaf.com.met.Metrics] (Thread-639) Closing reporter org.apache.kafka.common.metrics.JmxReporter
2025-08-06 15:37:48,576 INFO  [org.apa.kaf.com.met.Metrics] (Thread-639) Closing reporter org.apache.kafka.common.telemetry.internals.ClientTelemetryReporter
2025-08-06 15:37:48,576 INFO  [org.apa.kaf.com.met.Metrics] (Thread-639) Metrics reporters closed
2025-08-06 15:37:48,577 INFO  [org.apa.kaf.com.uti.AppInfoParser] (Thread-639) App info kafka.producer for Producer-s39bd09edx347bx42d0x8c80x6aaea3fbf0bd unregistered
2025-08-06 15:37:48,577 INFO  [io.api.tes.uti.TestSeparator] (main) io.apicurio.tests.serdes.apicurio.AvroSerdeIT.testArtifactNotFound-FINISHED
2025-08-06 15:37:48,577 INFO  [io.api.tes.uti.TestSeparator] (main) ############################################################################
Test passed: testArtifactNotFound
]]></system-out>
    <system-err><![CDATA[java.lang.RuntimeException: Could not resolve artifact reference by content: {"type":"record","name":"myrecord","namespace":"mygroup","fields":[{"name":"keyB","type":"string"}]}&ArtifactReference [groupId=default, artifactId=s39bd09edx347bx42d0x8c80x6aaea3fbf0bd-value, version=null, globalId=null, contentId=null, contentHash=null]
	at io.apicurio.registry.resolver.DefaultSchemaResolver.lambda$handleResolveSchemaByContent$3(DefaultSchemaResolver.java:265)
	at io.apicurio.registry.resolver.cache.ERCache.lambda$getValue$0(ERCache.java:174)
	at io.apicurio.registry.resolver.cache.ERCache.retry(ERCache.java:227)
	at io.apicurio.registry.resolver.cache.ERCache.getValue(ERCache.java:173)
	at io.apicurio.registry.resolver.cache.ERCache.getByContent(ERCache.java:147)
	at io.apicurio.registry.resolver.DefaultSchemaResolver.handleResolveSchemaByContent(DefaultSchemaResolver.java:253)
	at io.apicurio.registry.resolver.DefaultSchemaResolver.getSchemaFromRegistry(DefaultSchemaResolver.java:138)
	at io.apicurio.registry.resolver.DefaultSchemaResolver.lambda$resolveSchema$0(DefaultSchemaResolver.java:84)
	at java.base/java.util.Optional.orElseGet(Optional.java:364)
	at io.apicurio.registry.resolver.DefaultSchemaResolver.resolveSchema(DefaultSchemaResolver.java:84)
	at io.apicurio.registry.serde.AbstractSerializer.serializeData(AbstractSerializer.java:62)
	at io.apicurio.registry.serde.KafkaSerializer.serialize(KafkaSerializer.java:77)
	at org.apache.kafka.clients.producer.KafkaProducer.doSend(KafkaProducer.java:1046)
	at org.apache.kafka.clients.producer.KafkaProducer.send(KafkaProducer.java:993)
	at org.apache.kafka.clients.producer.KafkaProducer.send(KafkaProducer.java:875)
	at io.apicurio.tests.serdes.apicurio.KafkaSerdesTester.lambda$produceMessages$3(KafkaSerdesTester.java:138)
	at java.base/java.util.concurrent.CompletableFuture$AsyncSupply.run(CompletableFuture.java:1768)
	at java.base/java.lang.Thread.run(Thread.java:840)
]]></system-err>
  </testcase>
  <testcase name="testAvroSerDesFailDifferentSchemaByRecordName" classname="io.apicurio.tests.serdes.apicurio.AvroSerdeIT" time="1.169">
    <system-out><![CDATA[2025-08-06 15:37:48,580 INFO  [io.api.tes.uti.TestSeparator] (main) ############################################################################
2025-08-06 15:37:48,580 INFO  [io.api.tes.uti.TestSeparator] (main) io.apicurio.tests.serdes.apicurio.AvroSerdeIT.testAvroSerDesFailDifferentSchemaByRecordName-STARTED
**** Registry Base URL: http://registry-app-mysql.apps.ci419.apicurio-testing.org:80
2025-08-06 15:37:49,682 INFO  [org.apa.kaf.cli.pro.ProducerConfig] (main) ProducerConfig values: 
	acks = -1
	auto.include.jmx.reporter = true
	batch.size = 16384
	bootstrap.servers = [PLAINTEXT://localhost:32769]
	buffer.memory = 33554432
	client.dns.lookup = use_all_dns_ips
	client.id = Producer-topic-d503ecda_a198_4527_94a5_6480320b33f2
	compression.gzip.level = -1
	compression.lz4.level = 9
	compression.type = none
	compression.zstd.level = 3
	connections.max.idle.ms = 10000
	delivery.timeout.ms = 120000
	enable.idempotence = true
	enable.metrics.push = true
	interceptor.classes = []
	key.serializer = class org.apache.kafka.common.serialization.StringSerializer
	linger.ms = 0
	max.block.ms = 60000
	max.in.flight.requests.per.connection = 5
	max.request.size = 1048576
	metadata.max.age.ms = 300000
	metadata.max.idle.ms = 300000
	metadata.recovery.strategy = none
	metric.reporters = []
	metrics.num.samples = 2
	metrics.recording.level = INFO
	metrics.sample.window.ms = 30000
	partitioner.adaptive.partitioning.enable = true
	partitioner.availability.timeout.ms = 0
	partitioner.class = null
	partitioner.ignore.keys = false
	receive.buffer.bytes = 32768
	reconnect.backoff.max.ms = 1000
	reconnect.backoff.ms = 50
	request.timeout.ms = 5000
	retries = 2147483647
	retry.backoff.max.ms = 1000
	retry.backoff.ms = 100
	sasl.client.callback.handler.class = null
	sasl.jaas.config = null
	sasl.kerberos.kinit.cmd = /usr/bin/kinit
	sasl.kerberos.min.time.before.relogin = 60000
	sasl.kerberos.service.name = null
	sasl.kerberos.ticket.renew.jitter = 0.05
	sasl.kerberos.ticket.renew.window.factor = 0.8
	sasl.login.callback.handler.class = null
	sasl.login.class = null
	sasl.login.connect.timeout.ms = null
	sasl.login.read.timeout.ms = null
	sasl.login.refresh.buffer.seconds = 300
	sasl.login.refresh.min.period.seconds = 60
	sasl.login.refresh.window.factor = 0.8
	sasl.login.refresh.window.jitter = 0.05
	sasl.login.retry.backoff.max.ms = 10000
	sasl.login.retry.backoff.ms = 100
	sasl.mechanism = GSSAPI
	sasl.oauthbearer.clock.skew.seconds = 30
	sasl.oauthbearer.expected.audience = null
	sasl.oauthbearer.expected.issuer = null
	sasl.oauthbearer.header.urlencode = false
	sasl.oauthbearer.jwks.endpoint.refresh.ms = 3600000
	sasl.oauthbearer.jwks.endpoint.retry.backoff.max.ms = 10000
	sasl.oauthbearer.jwks.endpoint.retry.backoff.ms = 100
	sasl.oauthbearer.jwks.endpoint.url = null
	sasl.oauthbearer.scope.claim.name = scope
	sasl.oauthbearer.sub.claim.name = sub
	sasl.oauthbearer.token.endpoint.url = null
	security.protocol = PLAINTEXT
	security.providers = null
	send.buffer.bytes = 131072
	socket.connection.setup.timeout.max.ms = 30000
	socket.connection.setup.timeout.ms = 10000
	ssl.cipher.suites = null
	ssl.enabled.protocols = [TLSv1.2, TLSv1.3]
	ssl.endpoint.identification.algorithm = https
	ssl.engine.factory.class = null
	ssl.key.password = null
	ssl.keymanager.algorithm = SunX509
	ssl.keystore.certificate.chain = null
	ssl.keystore.key = null
	ssl.keystore.location = null
	ssl.keystore.password = null
	ssl.keystore.type = JKS
	ssl.protocol = TLSv1.3
	ssl.provider = null
	ssl.secure.random.implementation = null
	ssl.trustmanager.algorithm = PKIX
	ssl.truststore.certificates = null
	ssl.truststore.location = null
	ssl.truststore.password = null
	ssl.truststore.type = JKS
	transaction.timeout.ms = 60000
	transactional.id = null
	value.serializer = class io.apicurio.registry.serde.avro.AvroKafkaSerializer

2025-08-06 15:37:49,682 INFO  [org.apa.kaf.com.tel.int.KafkaMetricsCollector] (main) initializing Kafka metrics collector
2025-08-06 15:37:49,685 INFO  [org.apa.kaf.cli.pro.KafkaProducer] (main) [Producer clientId=Producer-topic-d503ecda_a198_4527_94a5_6480320b33f2] Instantiated an idempotent producer.
2025-08-06 15:37:49,687 INFO  [org.apa.kaf.cli.pro.ProducerConfig] (main) These configurations '[apicurio.registry.find-latest, apicurio.registry.url, apicurio.registry.artifact-resolver-strategy]' were supplied but are not used yet.
2025-08-06 15:37:49,687 INFO  [org.apa.kaf.com.uti.AppInfoParser] (main) Kafka version: 3.9.1
2025-08-06 15:37:49,687 INFO  [org.apa.kaf.com.uti.AppInfoParser] (main) Kafka commitId: f745dfdcee2b9851
2025-08-06 15:37:49,687 INFO  [org.apa.kaf.com.uti.AppInfoParser] (main) Kafka startTimeMs: 1754494669687
2025-08-06 15:37:49,687 INFO  [io.api.tes.ser.api.KafkaSerdesTester] (Thread-642) Sending message {"keyB": "value-0"} to topic topic-d503ecda_a198_4527_94a5_6480320b33f2
2025-08-06 15:37:49,691 INFO  [org.apa.kaf.cli.Metadata] (kafka-producer-network-thread | Producer-topic-d503ecda_a198_4527_94a5_6480320b33f2) [Producer clientId=Producer-topic-d503ecda_a198_4527_94a5_6480320b33f2] Cluster ID: dgPJ9z-1S5ugXzLx2i-R9Q
2025-08-06 15:37:49,691 INFO  [org.apa.kaf.cli.pro.int.TransactionManager] (kafka-producer-network-thread | Producer-topic-d503ecda_a198_4527_94a5_6480320b33f2) [Producer clientId=Producer-topic-d503ecda_a198_4527_94a5_6480320b33f2] ProducerId set to 8 with epoch 0
2025-08-06 15:37:49,746 INFO  [org.apa.kaf.cli.pro.KafkaProducer] (Thread-642) [Producer clientId=Producer-topic-d503ecda_a198_4527_94a5_6480320b33f2] Closing the Kafka producer with timeoutMillis = 9223372036854775807 ms.
2025-08-06 15:37:49,747 INFO  [org.apa.kaf.com.met.Metrics] (Thread-642) Metrics scheduler closed
2025-08-06 15:37:49,747 INFO  [org.apa.kaf.com.met.Metrics] (Thread-642) Closing reporter org.apache.kafka.common.metrics.JmxReporter
2025-08-06 15:37:49,747 INFO  [org.apa.kaf.com.met.Metrics] (Thread-642) Closing reporter org.apache.kafka.common.telemetry.internals.ClientTelemetryReporter
2025-08-06 15:37:49,747 INFO  [org.apa.kaf.com.met.Metrics] (Thread-642) Metrics reporters closed
2025-08-06 15:37:49,748 INFO  [org.apa.kaf.com.uti.AppInfoParser] (Thread-642) App info kafka.producer for Producer-topic-d503ecda_a198_4527_94a5_6480320b33f2 unregistered
2025-08-06 15:37:49,748 INFO  [io.api.tes.uti.TestSeparator] (main) io.apicurio.tests.serdes.apicurio.AvroSerdeIT.testAvroSerDesFailDifferentSchemaByRecordName-FINISHED
2025-08-06 15:37:49,748 INFO  [io.api.tes.uti.TestSeparator] (main) ############################################################################
Test passed: testAvroSerDesFailDifferentSchemaByRecordName
]]></system-out>
    <system-err><![CDATA[io.apicurio.registry.rest.client.models.ProblemDetails
	at io.apicurio.registry.rest.client.models.ProblemDetails.createFromDiscriminatorValue(ProblemDetails.java:58)
	at io.kiota.serialization.json.JsonParseNode.getObjectValue(JsonParseNode.java:247)
	at io.kiota.http.vertx.VertXRequestAdapter.lambda$throwIfFailedResponse$0(VertXRequestAdapter.java:400)
	at com.microsoft.kiota.ApiExceptionBuilder.<init>(ApiExceptionBuilder.java:26)
	at io.kiota.http.vertx.VertXRequestAdapter.throwIfFailedResponse(VertXRequestAdapter.java:399)
	at io.kiota.http.vertx.VertXRequestAdapter.send(VertXRequestAdapter.java:170)
	at io.apicurio.registry.rest.client.groups.item.artifacts.item.versions.item.WithVersionExpressionItemRequestBuilder.get(WithVersionExpressionItemRequestBuilder.java:128)
	at io.apicurio.registry.rest.client.groups.item.artifacts.item.versions.item.WithVersionExpressionItemRequestBuilder.get(WithVersionExpressionItemRequestBuilder.java:111)
	at io.apicurio.registry.resolver.client.RegistryClientFacadeImpl.getVersionCoordinatesByGAV(RegistryClientFacadeImpl.java:159)
	at io.apicurio.registry.resolver.DefaultSchemaResolver.resolveByCoordinates(DefaultSchemaResolver.java:352)
	at io.apicurio.registry.resolver.DefaultSchemaResolver.lambda$resolveSchemaByArtifactReferenceCached$6(DefaultSchemaResolver.java:340)
	at io.apicurio.registry.resolver.cache.ERCache.lambda$getValue$0(ERCache.java:174)
	at io.apicurio.registry.resolver.cache.ERCache.retry(ERCache.java:227)
	at io.apicurio.registry.resolver.cache.ERCache.getValue(ERCache.java:173)
	at io.apicurio.registry.resolver.cache.ERCache.getByArtifactCoordinates(ERCache.java:158)
	at io.apicurio.registry.resolver.DefaultSchemaResolver.resolveSchemaByArtifactReferenceCached(DefaultSchemaResolver.java:338)
	at io.apicurio.registry.resolver.DefaultSchemaResolver.resolveSchemaByCoordinates(DefaultSchemaResolver.java:193)
	at io.apicurio.registry.resolver.DefaultSchemaResolver.getSchemaFromRegistry(DefaultSchemaResolver.java:130)
	at io.apicurio.registry.resolver.DefaultSchemaResolver.lambda$resolveSchema$0(DefaultSchemaResolver.java:84)
	at java.base/java.util.Optional.orElseGet(Optional.java:364)
	at io.apicurio.registry.resolver.DefaultSchemaResolver.resolveSchema(DefaultSchemaResolver.java:84)
	at io.apicurio.registry.serde.AbstractSerializer.serializeData(AbstractSerializer.java:62)
	at io.apicurio.registry.serde.KafkaSerializer.serialize(KafkaSerializer.java:77)
	at org.apache.kafka.clients.producer.KafkaProducer.doSend(KafkaProducer.java:1046)
	at org.apache.kafka.clients.producer.KafkaProducer.send(KafkaProducer.java:993)
	at org.apache.kafka.clients.producer.KafkaProducer.send(KafkaProducer.java:875)
	at io.apicurio.tests.serdes.apicurio.KafkaSerdesTester.lambda$produceMessages$3(KafkaSerdesTester.java:138)
	at java.base/java.util.concurrent.CompletableFuture$AsyncSupply.run(CompletableFuture.java:1768)
	at java.base/java.lang.Thread.run(Thread.java:840)
]]></system-err>
  </testcase>
  <testcase name="testTopicIdStrategyFindLatest" classname="io.apicurio.tests.serdes.apicurio.AvroSerdeIT" time="4.886">
    <system-out><![CDATA[2025-08-06 15:37:49,750 INFO  [io.api.tes.uti.TestSeparator] (main) ############################################################################
2025-08-06 15:37:49,750 INFO  [io.api.tes.uti.TestSeparator] (main) io.apicurio.tests.serdes.apicurio.AvroSerdeIT.testTopicIdStrategyFindLatest-STARTED
2025-08-06 15:37:49,753 INFO  [io.api.tes.ser.api.AvroSerdeIT] (main) Registering Avro Schema: {"type":"record","name":"myrecordapicurio1","fields":[{"name":"key11754494669752","type":"string"}]}
**** Registry Base URL: http://registry-app-mysql.apps.ci419.apicurio-testing.org:80
2025-08-06 15:37:50,846 INFO  [org.apa.kaf.cli.pro.ProducerConfig] (main) ProducerConfig values: 
	acks = -1
	auto.include.jmx.reporter = true
	batch.size = 16384
	bootstrap.servers = [PLAINTEXT://localhost:32769]
	buffer.memory = 33554432
	client.dns.lookup = use_all_dns_ips
	client.id = Producer-topic-83a04a66_9e58_4f46_aa77_cc335ebff163
	compression.gzip.level = -1
	compression.lz4.level = 9
	compression.type = none
	compression.zstd.level = 3
	connections.max.idle.ms = 10000
	delivery.timeout.ms = 120000
	enable.idempotence = true
	enable.metrics.push = true
	interceptor.classes = []
	key.serializer = class org.apache.kafka.common.serialization.StringSerializer
	linger.ms = 0
	max.block.ms = 60000
	max.in.flight.requests.per.connection = 5
	max.request.size = 1048576
	metadata.max.age.ms = 300000
	metadata.max.idle.ms = 300000
	metadata.recovery.strategy = none
	metric.reporters = []
	metrics.num.samples = 2
	metrics.recording.level = INFO
	metrics.sample.window.ms = 30000
	partitioner.adaptive.partitioning.enable = true
	partitioner.availability.timeout.ms = 0
	partitioner.class = null
	partitioner.ignore.keys = false
	receive.buffer.bytes = 32768
	reconnect.backoff.max.ms = 1000
	reconnect.backoff.ms = 50
	request.timeout.ms = 5000
	retries = 2147483647
	retry.backoff.max.ms = 1000
	retry.backoff.ms = 100
	sasl.client.callback.handler.class = null
	sasl.jaas.config = null
	sasl.kerberos.kinit.cmd = /usr/bin/kinit
	sasl.kerberos.min.time.before.relogin = 60000
	sasl.kerberos.service.name = null
	sasl.kerberos.ticket.renew.jitter = 0.05
	sasl.kerberos.ticket.renew.window.factor = 0.8
	sasl.login.callback.handler.class = null
	sasl.login.class = null
	sasl.login.connect.timeout.ms = null
	sasl.login.read.timeout.ms = null
	sasl.login.refresh.buffer.seconds = 300
	sasl.login.refresh.min.period.seconds = 60
	sasl.login.refresh.window.factor = 0.8
	sasl.login.refresh.window.jitter = 0.05
	sasl.login.retry.backoff.max.ms = 10000
	sasl.login.retry.backoff.ms = 100
	sasl.mechanism = GSSAPI
	sasl.oauthbearer.clock.skew.seconds = 30
	sasl.oauthbearer.expected.audience = null
	sasl.oauthbearer.expected.issuer = null
	sasl.oauthbearer.header.urlencode = false
	sasl.oauthbearer.jwks.endpoint.refresh.ms = 3600000
	sasl.oauthbearer.jwks.endpoint.retry.backoff.max.ms = 10000
	sasl.oauthbearer.jwks.endpoint.retry.backoff.ms = 100
	sasl.oauthbearer.jwks.endpoint.url = null
	sasl.oauthbearer.scope.claim.name = scope
	sasl.oauthbearer.sub.claim.name = sub
	sasl.oauthbearer.token.endpoint.url = null
	security.protocol = PLAINTEXT
	security.providers = null
	send.buffer.bytes = 131072
	socket.connection.setup.timeout.max.ms = 30000
	socket.connection.setup.timeout.ms = 10000
	ssl.cipher.suites = null
	ssl.enabled.protocols = [TLSv1.2, TLSv1.3]
	ssl.endpoint.identification.algorithm = https
	ssl.engine.factory.class = null
	ssl.key.password = null
	ssl.keymanager.algorithm = SunX509
	ssl.keystore.certificate.chain = null
	ssl.keystore.key = null
	ssl.keystore.location = null
	ssl.keystore.password = null
	ssl.keystore.type = JKS
	ssl.protocol = TLSv1.3
	ssl.provider = null
	ssl.secure.random.implementation = null
	ssl.trustmanager.algorithm = PKIX
	ssl.truststore.certificates = null
	ssl.truststore.location = null
	ssl.truststore.password = null
	ssl.truststore.type = JKS
	transaction.timeout.ms = 60000
	transactional.id = null
	value.serializer = class io.apicurio.registry.serde.avro.AvroKafkaSerializer

2025-08-06 15:37:50,846 INFO  [org.apa.kaf.com.tel.int.KafkaMetricsCollector] (main) initializing Kafka metrics collector
2025-08-06 15:37:50,849 INFO  [org.apa.kaf.cli.pro.KafkaProducer] (main) [Producer clientId=Producer-topic-83a04a66_9e58_4f46_aa77_cc335ebff163] Instantiated an idempotent producer.
2025-08-06 15:37:50,850 INFO  [org.apa.kaf.cli.pro.ProducerConfig] (main) These configurations '[apicurio.registry.find-latest, apicurio.registry.url, apicurio.registry.artifact-resolver-strategy]' were supplied but are not used yet.
2025-08-06 15:37:50,850 INFO  [org.apa.kaf.com.uti.AppInfoParser] (main) Kafka version: 3.9.1
2025-08-06 15:37:50,850 INFO  [org.apa.kaf.com.uti.AppInfoParser] (main) Kafka commitId: f745dfdcee2b9851
2025-08-06 15:37:50,850 INFO  [org.apa.kaf.com.uti.AppInfoParser] (main) Kafka startTimeMs: 1754494670850
2025-08-06 15:37:50,850 INFO  [io.api.tes.ser.api.SimpleSerdesTesterBuilder$SimpleSerdesTester] (main) Using producer configuration: {apicurio.registry.find-latest=true, apicurio.registry.url=http://registry-app-mysql.apps.ci419.apicurio-testing.org:80/apis/registry/v3, apicurio.registry.artifact-resolver-strategy=io.apicurio.registry.serde.strategy.TopicIdStrategy, value.serializer=io.apicurio.registry.serde.avro.AvroKafkaSerializer, request.timeout.ms=5000, acks=all, bootstrap.servers=PLAINTEXT://localhost:32769, connections.max.idle.ms=10000, key.serializer=org.apache.kafka.common.serialization.StringSerializer, client.id=Producer-topic-83a04a66_9e58_4f46_aa77_cc335ebff163}
2025-08-06 15:37:50,850 INFO  [io.api.tes.ser.api.SimpleSerdesTesterBuilder$SimpleSerdesTester] (main) Using consumer configuration: {}
2025-08-06 15:37:50,851 INFO  [io.api.tes.ser.api.KafkaSerdesTester] (Thread-645) Sending message {"key11754494669752": "value-0"} to topic topic-83a04a66_9e58_4f46_aa77_cc335ebff163
2025-08-06 15:37:50,855 INFO  [org.apa.kaf.cli.Metadata] (kafka-producer-network-thread | Producer-topic-83a04a66_9e58_4f46_aa77_cc335ebff163) [Producer clientId=Producer-topic-83a04a66_9e58_4f46_aa77_cc335ebff163] Cluster ID: dgPJ9z-1S5ugXzLx2i-R9Q
2025-08-06 15:37:50,855 INFO  [org.apa.kaf.cli.pro.int.TransactionManager] (kafka-producer-network-thread | Producer-topic-83a04a66_9e58_4f46_aa77_cc335ebff163) [Producer clientId=Producer-topic-83a04a66_9e58_4f46_aa77_cc335ebff163] ProducerId set to 9 with epoch 0
2025-08-06 15:37:50,975 INFO  [io.api.tes.ser.api.KafkaSerdesTester] (Thread-645) Sending message {"key11754494669752": "value-1"} to topic topic-83a04a66_9e58_4f46_aa77_cc335ebff163
2025-08-06 15:37:50,976 INFO  [io.api.tes.ser.api.KafkaSerdesTester] (Thread-645) Sending message {"key11754494669752": "value-2"} to topic topic-83a04a66_9e58_4f46_aa77_cc335ebff163
2025-08-06 15:37:50,978 INFO  [io.api.tes.ser.api.KafkaSerdesTester] (Thread-645) Sending message {"key11754494669752": "value-3"} to topic topic-83a04a66_9e58_4f46_aa77_cc335ebff163
2025-08-06 15:37:50,982 INFO  [io.api.tes.ser.api.KafkaSerdesTester] (Thread-645) Sending message {"key11754494669752": "value-4"} to topic topic-83a04a66_9e58_4f46_aa77_cc335ebff163
2025-08-06 15:37:50,987 INFO  [io.api.tes.ser.api.KafkaSerdesTester] (Thread-645) Sending message {"key11754494669752": "value-5"} to topic topic-83a04a66_9e58_4f46_aa77_cc335ebff163
2025-08-06 15:37:50,989 INFO  [io.api.tes.ser.api.KafkaSerdesTester] (Thread-645) Sending message {"key11754494669752": "value-6"} to topic topic-83a04a66_9e58_4f46_aa77_cc335ebff163
2025-08-06 15:37:50,990 INFO  [io.api.tes.ser.api.KafkaSerdesTester] (Thread-645) Sending message {"key11754494669752": "value-7"} to topic topic-83a04a66_9e58_4f46_aa77_cc335ebff163
2025-08-06 15:37:50,993 INFO  [io.api.tes.ser.api.KafkaSerdesTester] (Thread-645) Sending message {"key11754494669752": "value-8"} to topic topic-83a04a66_9e58_4f46_aa77_cc335ebff163
2025-08-06 15:37:50,995 INFO  [io.api.tes.ser.api.KafkaSerdesTester] (Thread-645) Sending message {"key11754494669752": "value-9"} to topic topic-83a04a66_9e58_4f46_aa77_cc335ebff163
2025-08-06 15:37:50,997 INFO  [io.api.tes.ser.api.KafkaSerdesTester] (Thread-645) Produced 10 messages
2025-08-06 15:37:50,997 INFO  [org.apa.kaf.cli.pro.KafkaProducer] (Thread-645) [Producer clientId=Producer-topic-83a04a66_9e58_4f46_aa77_cc335ebff163] Closing the Kafka producer with timeoutMillis = 9223372036854775807 ms.
2025-08-06 15:37:51,000 INFO  [org.apa.kaf.com.met.Metrics] (Thread-645) Metrics scheduler closed
2025-08-06 15:37:51,000 INFO  [org.apa.kaf.com.met.Metrics] (Thread-645) Closing reporter org.apache.kafka.common.metrics.JmxReporter
2025-08-06 15:37:51,000 INFO  [org.apa.kaf.com.met.Metrics] (Thread-645) Closing reporter org.apache.kafka.common.telemetry.internals.ClientTelemetryReporter
2025-08-06 15:37:51,001 INFO  [org.apa.kaf.com.met.Metrics] (Thread-645) Metrics reporters closed
2025-08-06 15:37:51,001 INFO  [org.apa.kaf.com.uti.AppInfoParser] (Thread-645) App info kafka.producer for Producer-topic-83a04a66_9e58_4f46_aa77_cc335ebff163 unregistered
**** Registry Base URL: http://registry-app-mysql.apps.ci419.apicurio-testing.org:80
2025-08-06 15:37:51,002 INFO  [org.apa.kaf.cli.con.ConsumerConfig] (main) ConsumerConfig values: 
	allow.auto.create.topics = true
	auto.commit.interval.ms = 500
	auto.include.jmx.reporter = true
	auto.offset.reset = earliest
	bootstrap.servers = [PLAINTEXT://localhost:32769]
	check.crcs = true
	client.dns.lookup = use_all_dns_ips
	client.id = consumer-Consumer-topic-83a04a66_9e58_4f46_aa77_cc335ebff163-7
	client.rack = 
	connections.max.idle.ms = 10000
	default.api.timeout.ms = 60000
	enable.auto.commit = true
	enable.metrics.push = true
	exclude.internal.topics = true
	fetch.max.bytes = 52428800
	fetch.max.wait.ms = 500
	fetch.min.bytes = 1
	group.id = Consumer-topic-83a04a66_9e58_4f46_aa77_cc335ebff163
	group.instance.id = null
	group.protocol = classic
	group.remote.assignor = null
	heartbeat.interval.ms = 3000
	interceptor.classes = []
	internal.leave.group.on.close = true
	internal.throw.on.fetch.stable.offset.unsupported = false
	isolation.level = read_uncommitted
	key.deserializer = class org.apache.kafka.common.serialization.StringDeserializer
	max.partition.fetch.bytes = 1048576
	max.poll.interval.ms = 300000
	max.poll.records = 500
	metadata.max.age.ms = 300000
	metadata.recovery.strategy = none
	metric.reporters = []
	metrics.num.samples = 2
	metrics.recording.level = INFO
	metrics.sample.window.ms = 30000
	partition.assignment.strategy = [class org.apache.kafka.clients.consumer.RangeAssignor, class org.apache.kafka.clients.consumer.CooperativeStickyAssignor]
	receive.buffer.bytes = 65536
	reconnect.backoff.max.ms = 1000
	reconnect.backoff.ms = 50
	request.timeout.ms = 5000
	retry.backoff.max.ms = 1000
	retry.backoff.ms = 100
	sasl.client.callback.handler.class = null
	sasl.jaas.config = null
	sasl.kerberos.kinit.cmd = /usr/bin/kinit
	sasl.kerberos.min.time.before.relogin = 60000
	sasl.kerberos.service.name = null
	sasl.kerberos.ticket.renew.jitter = 0.05
	sasl.kerberos.ticket.renew.window.factor = 0.8
	sasl.login.callback.handler.class = null
	sasl.login.class = null
	sasl.login.connect.timeout.ms = null
	sasl.login.read.timeout.ms = null
	sasl.login.refresh.buffer.seconds = 300
	sasl.login.refresh.min.period.seconds = 60
	sasl.login.refresh.window.factor = 0.8
	sasl.login.refresh.window.jitter = 0.05
	sasl.login.retry.backoff.max.ms = 10000
	sasl.login.retry.backoff.ms = 100
	sasl.mechanism = GSSAPI
	sasl.oauthbearer.clock.skew.seconds = 30
	sasl.oauthbearer.expected.audience = null
	sasl.oauthbearer.expected.issuer = null
	sasl.oauthbearer.header.urlencode = false
	sasl.oauthbearer.jwks.endpoint.refresh.ms = 3600000
	sasl.oauthbearer.jwks.endpoint.retry.backoff.max.ms = 10000
	sasl.oauthbearer.jwks.endpoint.retry.backoff.ms = 100
	sasl.oauthbearer.jwks.endpoint.url = null
	sasl.oauthbearer.scope.claim.name = scope
	sasl.oauthbearer.sub.claim.name = sub
	sasl.oauthbearer.token.endpoint.url = null
	security.protocol = PLAINTEXT
	security.providers = null
	send.buffer.bytes = 131072
	session.timeout.ms = 45000
	socket.connection.setup.timeout.max.ms = 30000
	socket.connection.setup.timeout.ms = 10000
	ssl.cipher.suites = null
	ssl.enabled.protocols = [TLSv1.2, TLSv1.3]
	ssl.endpoint.identification.algorithm = https
	ssl.engine.factory.class = null
	ssl.key.password = null
	ssl.keymanager.algorithm = SunX509
	ssl.keystore.certificate.chain = null
	ssl.keystore.key = null
	ssl.keystore.location = null
	ssl.keystore.password = null
	ssl.keystore.type = JKS
	ssl.protocol = TLSv1.3
	ssl.provider = null
	ssl.secure.random.implementation = null
	ssl.trustmanager.algorithm = PKIX
	ssl.truststore.certificates = null
	ssl.truststore.location = null
	ssl.truststore.password = null
	ssl.truststore.type = JKS
	value.deserializer = class io.apicurio.registry.serde.avro.AvroKafkaDeserializer

2025-08-06 15:37:51,002 INFO  [org.apa.kaf.com.tel.int.KafkaMetricsCollector] (main) initializing Kafka metrics collector
2025-08-06 15:37:51,011 INFO  [org.apa.kaf.cli.con.ConsumerConfig] (main) These configurations '[apicurio.registry.url]' were supplied but are not used yet.
2025-08-06 15:37:51,011 INFO  [org.apa.kaf.com.uti.AppInfoParser] (main) Kafka version: 3.9.1
2025-08-06 15:37:51,011 INFO  [org.apa.kaf.com.uti.AppInfoParser] (main) Kafka commitId: f745dfdcee2b9851
2025-08-06 15:37:51,011 INFO  [org.apa.kaf.com.uti.AppInfoParser] (main) Kafka startTimeMs: 1754494671011
2025-08-06 15:37:51,012 INFO  [org.apa.kaf.cli.con.int.ClassicKafkaConsumer] (Thread-648) [Consumer clientId=consumer-Consumer-topic-83a04a66_9e58_4f46_aa77_cc335ebff163-7, groupId=Consumer-topic-83a04a66_9e58_4f46_aa77_cc335ebff163] Subscribed to topic(s): topic-83a04a66_9e58_4f46_aa77_cc335ebff163
2025-08-06 15:37:51,018 INFO  [org.apa.kaf.cli.Metadata] (Thread-648) [Consumer clientId=consumer-Consumer-topic-83a04a66_9e58_4f46_aa77_cc335ebff163-7, groupId=Consumer-topic-83a04a66_9e58_4f46_aa77_cc335ebff163] Cluster ID: dgPJ9z-1S5ugXzLx2i-R9Q
2025-08-06 15:37:51,019 INFO  [org.apa.kaf.cli.con.int.ConsumerCoordinator] (Thread-648) [Consumer clientId=consumer-Consumer-topic-83a04a66_9e58_4f46_aa77_cc335ebff163-7, groupId=Consumer-topic-83a04a66_9e58_4f46_aa77_cc335ebff163] Discovered group coordinator localhost:32769 (id: 2147483647 rack: null)
2025-08-06 15:37:51,020 INFO  [org.apa.kaf.cli.con.int.ConsumerCoordinator] (Thread-648) [Consumer clientId=consumer-Consumer-topic-83a04a66_9e58_4f46_aa77_cc335ebff163-7, groupId=Consumer-topic-83a04a66_9e58_4f46_aa77_cc335ebff163] (Re-)joining group
2025-08-06 15:37:51,023 INFO  [org.apa.kaf.cli.con.int.ConsumerCoordinator] (Thread-648) [Consumer clientId=consumer-Consumer-topic-83a04a66_9e58_4f46_aa77_cc335ebff163-7, groupId=Consumer-topic-83a04a66_9e58_4f46_aa77_cc335ebff163] Request joining group due to: need to re-join with the given member-id: consumer-Consumer-topic-83a04a66_9e58_4f46_aa77_cc335ebff163-7-2a9f2a41-469e-4a57-a76b-4da936a6cb16
2025-08-06 15:37:51,023 INFO  [org.apa.kaf.cli.con.int.ConsumerCoordinator] (Thread-648) [Consumer clientId=consumer-Consumer-topic-83a04a66_9e58_4f46_aa77_cc335ebff163-7, groupId=Consumer-topic-83a04a66_9e58_4f46_aa77_cc335ebff163] (Re-)joining group
2025-08-06 15:37:52,012 INFO  [io.api.tes.ser.api.KafkaSerdesTester] (Thread-648) None found
2025-08-06 15:37:53,013 INFO  [io.api.tes.ser.api.KafkaSerdesTester] (Thread-648) None found
2025-08-06 15:37:54,013 INFO  [io.api.tes.ser.api.KafkaSerdesTester] (Thread-648) None found
2025-08-06 15:37:54,030 INFO  [org.apa.kaf.cli.con.int.ConsumerCoordinator] (Thread-648) [Consumer clientId=consumer-Consumer-topic-83a04a66_9e58_4f46_aa77_cc335ebff163-7, groupId=Consumer-topic-83a04a66_9e58_4f46_aa77_cc335ebff163] Successfully joined group with generation Generation{generationId=1, memberId='consumer-Consumer-topic-83a04a66_9e58_4f46_aa77_cc335ebff163-7-2a9f2a41-469e-4a57-a76b-4da936a6cb16', protocol='range'}
2025-08-06 15:37:54,030 INFO  [org.apa.kaf.cli.con.int.ConsumerCoordinator] (Thread-648) [Consumer clientId=consumer-Consumer-topic-83a04a66_9e58_4f46_aa77_cc335ebff163-7, groupId=Consumer-topic-83a04a66_9e58_4f46_aa77_cc335ebff163] Finished assignment for group at generation 1: {consumer-Consumer-topic-83a04a66_9e58_4f46_aa77_cc335ebff163-7-2a9f2a41-469e-4a57-a76b-4da936a6cb16=Assignment(partitions=[topic-83a04a66_9e58_4f46_aa77_cc335ebff163-0])}
2025-08-06 15:37:54,038 INFO  [org.apa.kaf.cli.con.int.ConsumerCoordinator] (Thread-648) [Consumer clientId=consumer-Consumer-topic-83a04a66_9e58_4f46_aa77_cc335ebff163-7, groupId=Consumer-topic-83a04a66_9e58_4f46_aa77_cc335ebff163] Successfully synced group in generation Generation{generationId=1, memberId='consumer-Consumer-topic-83a04a66_9e58_4f46_aa77_cc335ebff163-7-2a9f2a41-469e-4a57-a76b-4da936a6cb16', protocol='range'}
2025-08-06 15:37:54,038 INFO  [org.apa.kaf.cli.con.int.ConsumerCoordinator] (Thread-648) [Consumer clientId=consumer-Consumer-topic-83a04a66_9e58_4f46_aa77_cc335ebff163-7, groupId=Consumer-topic-83a04a66_9e58_4f46_aa77_cc335ebff163] Notifying assignor about the new Assignment(partitions=[topic-83a04a66_9e58_4f46_aa77_cc335ebff163-0])
2025-08-06 15:37:54,038 INFO  [org.apa.kaf.cli.con.int.ConsumerRebalanceListenerInvoker] (Thread-648) [Consumer clientId=consumer-Consumer-topic-83a04a66_9e58_4f46_aa77_cc335ebff163-7, groupId=Consumer-topic-83a04a66_9e58_4f46_aa77_cc335ebff163] Adding newly assigned partitions: topic-83a04a66_9e58_4f46_aa77_cc335ebff163-0
2025-08-06 15:37:54,039 INFO  [org.apa.kaf.cli.con.int.ConsumerCoordinator] (Thread-648) [Consumer clientId=consumer-Consumer-topic-83a04a66_9e58_4f46_aa77_cc335ebff163-7, groupId=Consumer-topic-83a04a66_9e58_4f46_aa77_cc335ebff163] Found no committed offset for partition topic-83a04a66_9e58_4f46_aa77_cc335ebff163-0
2025-08-06 15:37:54,044 INFO  [org.apa.kaf.cli.con.int.SubscriptionState] (Thread-648) [Consumer clientId=consumer-Consumer-topic-83a04a66_9e58_4f46_aa77_cc335ebff163-7, groupId=Consumer-topic-83a04a66_9e58_4f46_aa77_cc335ebff163] Resetting offset for partition topic-83a04a66_9e58_4f46_aa77_cc335ebff163-0 to position FetchPosition{offset=0, offsetEpoch=Optional.empty, currentLeader=LeaderAndEpoch{leader=Optional[localhost:32769 (id: 0 rack: null)], epoch=0}}.
2025-08-06 15:37:54,128 INFO  [io.api.tes.ser.api.KafkaSerdesTester] (Thread-648) topic-83a04a66_9e58_4f46_aa77_cc335ebff163 0 0 {"key11754494669752": "value-0"}
2025-08-06 15:37:54,128 INFO  [io.api.tes.ser.api.KafkaSerdesTester] (Thread-648) topic-83a04a66_9e58_4f46_aa77_cc335ebff163 0 1 {"key11754494669752": "value-1"}
2025-08-06 15:37:54,128 INFO  [io.api.tes.ser.api.KafkaSerdesTester] (Thread-648) topic-83a04a66_9e58_4f46_aa77_cc335ebff163 0 2 {"key11754494669752": "value-2"}
2025-08-06 15:37:54,128 INFO  [io.api.tes.ser.api.KafkaSerdesTester] (Thread-648) topic-83a04a66_9e58_4f46_aa77_cc335ebff163 0 3 {"key11754494669752": "value-3"}
2025-08-06 15:37:54,128 INFO  [io.api.tes.ser.api.KafkaSerdesTester] (Thread-648) topic-83a04a66_9e58_4f46_aa77_cc335ebff163 0 4 {"key11754494669752": "value-4"}
2025-08-06 15:37:54,128 INFO  [io.api.tes.ser.api.KafkaSerdesTester] (Thread-648) topic-83a04a66_9e58_4f46_aa77_cc335ebff163 0 5 {"key11754494669752": "value-5"}
2025-08-06 15:37:54,128 INFO  [io.api.tes.ser.api.KafkaSerdesTester] (Thread-648) topic-83a04a66_9e58_4f46_aa77_cc335ebff163 0 6 {"key11754494669752": "value-6"}
2025-08-06 15:37:54,128 INFO  [io.api.tes.ser.api.KafkaSerdesTester] (Thread-648) topic-83a04a66_9e58_4f46_aa77_cc335ebff163 0 7 {"key11754494669752": "value-7"}
2025-08-06 15:37:54,128 INFO  [io.api.tes.ser.api.KafkaSerdesTester] (Thread-648) topic-83a04a66_9e58_4f46_aa77_cc335ebff163 0 8 {"key11754494669752": "value-8"}
2025-08-06 15:37:54,128 INFO  [io.api.tes.ser.api.KafkaSerdesTester] (Thread-648) topic-83a04a66_9e58_4f46_aa77_cc335ebff163 0 9 {"key11754494669752": "value-9"}
2025-08-06 15:37:54,128 INFO  [io.api.tes.ser.api.KafkaSerdesTester] (Thread-648) Consumed 10 messages
2025-08-06 15:37:54,135 INFO  [org.apa.kaf.cli.con.int.ConsumerRebalanceListenerInvoker] (Thread-648) [Consumer clientId=consumer-Consumer-topic-83a04a66_9e58_4f46_aa77_cc335ebff163-7, groupId=Consumer-topic-83a04a66_9e58_4f46_aa77_cc335ebff163] Revoke previously assigned partitions topic-83a04a66_9e58_4f46_aa77_cc335ebff163-0
2025-08-06 15:37:54,136 INFO  [org.apa.kaf.cli.con.int.ConsumerCoordinator] (Thread-648) [Consumer clientId=consumer-Consumer-topic-83a04a66_9e58_4f46_aa77_cc335ebff163-7, groupId=Consumer-topic-83a04a66_9e58_4f46_aa77_cc335ebff163] Member consumer-Consumer-topic-83a04a66_9e58_4f46_aa77_cc335ebff163-7-2a9f2a41-469e-4a57-a76b-4da936a6cb16 sending LeaveGroup request to coordinator localhost:32769 (id: 2147483647 rack: null) due to the consumer is being closed
2025-08-06 15:37:54,136 INFO  [org.apa.kaf.cli.con.int.ConsumerCoordinator] (Thread-648) [Consumer clientId=consumer-Consumer-topic-83a04a66_9e58_4f46_aa77_cc335ebff163-7, groupId=Consumer-topic-83a04a66_9e58_4f46_aa77_cc335ebff163] Resetting generation and member id due to: consumer pro-actively leaving the group
2025-08-06 15:37:54,136 INFO  [org.apa.kaf.cli.con.int.ConsumerCoordinator] (Thread-648) [Consumer clientId=consumer-Consumer-topic-83a04a66_9e58_4f46_aa77_cc335ebff163-7, groupId=Consumer-topic-83a04a66_9e58_4f46_aa77_cc335ebff163] Request joining group due to: consumer pro-actively leaving the group
2025-08-06 15:37:54,631 INFO  [org.apa.kaf.com.met.Metrics] (Thread-648) Metrics scheduler closed
2025-08-06 15:37:54,631 INFO  [org.apa.kaf.com.met.Metrics] (Thread-648) Closing reporter org.apache.kafka.common.metrics.JmxReporter
2025-08-06 15:37:54,632 INFO  [org.apa.kaf.com.met.Metrics] (Thread-648) Closing reporter org.apache.kafka.common.telemetry.internals.ClientTelemetryReporter
2025-08-06 15:37:54,632 INFO  [org.apa.kaf.com.met.Metrics] (Thread-648) Metrics reporters closed
2025-08-06 15:37:54,634 INFO  [org.apa.kaf.com.uti.AppInfoParser] (Thread-648) App info kafka.consumer for consumer-Consumer-topic-83a04a66_9e58_4f46_aa77_cc335ebff163-7 unregistered
2025-08-06 15:37:54,634 INFO  [io.api.tes.uti.TestSeparator] (main) io.apicurio.tests.serdes.apicurio.AvroSerdeIT.testTopicIdStrategyFindLatest-FINISHED
2025-08-06 15:37:54,634 INFO  [io.api.tes.uti.TestSeparator] (main) ############################################################################
Test passed: testTopicIdStrategyFindLatest
]]></system-out>
  </testcase>
  <testcase name="testAvroUnionWithSpecificReader" classname="io.apicurio.tests.serdes.apicurio.AvroSerdeIT" time="0.33">
    <error message="java.lang.RuntimeException: io.apicurio.registry.rest.client.models.RuleViolationProblemDetails" type="java.util.concurrent.ExecutionException"><![CDATA[java.util.concurrent.ExecutionException: java.lang.RuntimeException: io.apicurio.registry.rest.client.models.RuleViolationProblemDetails
	at java.base/java.util.concurrent.CompletableFuture.reportGet(CompletableFuture.java:396)
	at java.base/java.util.concurrent.CompletableFuture.get(CompletableFuture.java:2096)
	at io.apicurio.tests.serdes.apicurio.KafkaSerdesTester.produceMessages(KafkaSerdesTester.java:160)
	at io.apicurio.tests.serdes.apicurio.KafkaSerdesTester.produceMessages(KafkaSerdesTester.java:123)
	at io.apicurio.tests.serdes.apicurio.SimpleSerdesTesterBuilder$SimpleSerdesTester.test(SimpleSerdesTesterBuilder.java:139)
	at io.apicurio.tests.serdes.apicurio.AvroSerdeIT.testAvroUnionWithSpecificReader(AvroSerdeIT.java:838)
	at java.base/java.lang.reflect.Method.invoke(Method.java:569)
	at java.base/java.util.ArrayList.forEach(ArrayList.java:1511)
	at java.base/java.util.ArrayList.forEach(ArrayList.java:1511)
Caused by: java.lang.RuntimeException: io.apicurio.registry.rest.client.models.RuleViolationProblemDetails
	at io.apicurio.registry.resolver.cache.ERCache.retry(ERCache.java:242)
	at io.apicurio.registry.resolver.cache.ERCache.getValue(ERCache.java:173)
	at io.apicurio.registry.resolver.cache.ERCache.getByContent(ERCache.java:147)
	at io.apicurio.registry.resolver.DefaultSchemaResolver.handleAutoCreateArtifact(DefaultSchemaResolver.java:295)
	at io.apicurio.registry.resolver.DefaultSchemaResolver.getSchemaFromRegistry(DefaultSchemaResolver.java:120)
	at io.apicurio.registry.resolver.DefaultSchemaResolver.lambda$resolveSchema$0(DefaultSchemaResolver.java:84)
	at java.base/java.util.Optional.orElseGet(Optional.java:364)
	at io.apicurio.registry.resolver.DefaultSchemaResolver.resolveSchema(DefaultSchemaResolver.java:84)
	at io.apicurio.registry.serde.AbstractSerializer.serializeData(AbstractSerializer.java:62)
	at io.apicurio.registry.serde.KafkaSerializer.serialize(KafkaSerializer.java:77)
	at org.apache.kafka.clients.producer.KafkaProducer.doSend(KafkaProducer.java:1046)
	at org.apache.kafka.clients.producer.KafkaProducer.send(KafkaProducer.java:993)
	at org.apache.kafka.clients.producer.KafkaProducer.send(KafkaProducer.java:875)
	at io.apicurio.tests.serdes.apicurio.KafkaSerdesTester.lambda$produceMessages$3(KafkaSerdesTester.java:138)
	at java.base/java.util.concurrent.CompletableFuture$AsyncSupply.run(CompletableFuture.java:1768)
	at java.base/java.lang.Thread.run(Thread.java:840)
Caused by: io.apicurio.registry.rest.client.models.RuleViolationProblemDetails
	at io.apicurio.registry.rest.client.models.RuleViolationProblemDetails.createFromDiscriminatorValue(RuleViolationProblemDetails.java:62)
	at io.kiota.serialization.json.JsonParseNode.getObjectValue(JsonParseNode.java:247)
	at io.kiota.http.vertx.VertXRequestAdapter.lambda$throwIfFailedResponse$0(VertXRequestAdapter.java:400)
	at com.microsoft.kiota.ApiExceptionBuilder.<init>(ApiExceptionBuilder.java:26)
	at io.kiota.http.vertx.VertXRequestAdapter.throwIfFailedResponse(VertXRequestAdapter.java:399)
	at io.kiota.http.vertx.VertXRequestAdapter.send(VertXRequestAdapter.java:170)
	at io.apicurio.registry.rest.client.groups.item.artifacts.ArtifactsRequestBuilder.post(ArtifactsRequestBuilder.java:130)
	at io.apicurio.registry.resolver.client.RegistryClientFacadeImpl.createSchema(RegistryClientFacadeImpl.java:144)
	at io.apicurio.registry.resolver.DefaultSchemaResolver.lambda$handleAutoCreateArtifact$4(DefaultSchemaResolver.java:307)
	at io.apicurio.registry.resolver.cache.ERCache.lambda$getValue$0(ERCache.java:174)
	at io.apicurio.registry.resolver.cache.ERCache.retry(ERCache.java:227)
	... 15 more
]]></error>
    <system-out><![CDATA[2025-08-06 15:37:54,638 INFO  [io.api.tes.uti.TestSeparator] (main) ############################################################################
2025-08-06 15:37:54,639 INFO  [io.api.tes.uti.TestSeparator] (main) io.apicurio.tests.serdes.apicurio.AvroSerdeIT.testAvroUnionWithSpecificReader-STARTED
**** Registry Base URL: http://registry-app-mysql.apps.ci419.apicurio-testing.org:80
2025-08-06 15:37:54,642 INFO  [org.apa.kaf.cli.pro.ProducerConfig] (main) ProducerConfig values: 
	acks = -1
	auto.include.jmx.reporter = true
	batch.size = 16384
	bootstrap.servers = [PLAINTEXT://localhost:32769]
	buffer.memory = 33554432
	client.dns.lookup = use_all_dns_ips
	client.id = Producer-topic-15322d36_145a_40d3_ae5e_d747c2bfff79
	compression.gzip.level = -1
	compression.lz4.level = 9
	compression.type = none
	compression.zstd.level = 3
	connections.max.idle.ms = 10000
	delivery.timeout.ms = 120000
	enable.idempotence = true
	enable.metrics.push = true
	interceptor.classes = []
	key.serializer = class org.apache.kafka.common.serialization.StringSerializer
	linger.ms = 0
	max.block.ms = 60000
	max.in.flight.requests.per.connection = 5
	max.request.size = 1048576
	metadata.max.age.ms = 300000
	metadata.max.idle.ms = 300000
	metadata.recovery.strategy = none
	metric.reporters = []
	metrics.num.samples = 2
	metrics.recording.level = INFO
	metrics.sample.window.ms = 30000
	partitioner.adaptive.partitioning.enable = true
	partitioner.availability.timeout.ms = 0
	partitioner.class = null
	partitioner.ignore.keys = false
	receive.buffer.bytes = 32768
	reconnect.backoff.max.ms = 1000
	reconnect.backoff.ms = 50
	request.timeout.ms = 5000
	retries = 2147483647
	retry.backoff.max.ms = 1000
	retry.backoff.ms = 100
	sasl.client.callback.handler.class = null
	sasl.jaas.config = null
	sasl.kerberos.kinit.cmd = /usr/bin/kinit
	sasl.kerberos.min.time.before.relogin = 60000
	sasl.kerberos.service.name = null
	sasl.kerberos.ticket.renew.jitter = 0.05
	sasl.kerberos.ticket.renew.window.factor = 0.8
	sasl.login.callback.handler.class = null
	sasl.login.class = null
	sasl.login.connect.timeout.ms = null
	sasl.login.read.timeout.ms = null
	sasl.login.refresh.buffer.seconds = 300
	sasl.login.refresh.min.period.seconds = 60
	sasl.login.refresh.window.factor = 0.8
	sasl.login.refresh.window.jitter = 0.05
	sasl.login.retry.backoff.max.ms = 10000
	sasl.login.retry.backoff.ms = 100
	sasl.mechanism = GSSAPI
	sasl.oauthbearer.clock.skew.seconds = 30
	sasl.oauthbearer.expected.audience = null
	sasl.oauthbearer.expected.issuer = null
	sasl.oauthbearer.header.urlencode = false
	sasl.oauthbearer.jwks.endpoint.refresh.ms = 3600000
	sasl.oauthbearer.jwks.endpoint.retry.backoff.max.ms = 10000
	sasl.oauthbearer.jwks.endpoint.retry.backoff.ms = 100
	sasl.oauthbearer.jwks.endpoint.url = null
	sasl.oauthbearer.scope.claim.name = scope
	sasl.oauthbearer.sub.claim.name = sub
	sasl.oauthbearer.token.endpoint.url = null
	security.protocol = PLAINTEXT
	security.providers = null
	send.buffer.bytes = 131072
	socket.connection.setup.timeout.max.ms = 30000
	socket.connection.setup.timeout.ms = 10000
	ssl.cipher.suites = null
	ssl.enabled.protocols = [TLSv1.2, TLSv1.3]
	ssl.endpoint.identification.algorithm = https
	ssl.engine.factory.class = null
	ssl.key.password = null
	ssl.keymanager.algorithm = SunX509
	ssl.keystore.certificate.chain = null
	ssl.keystore.key = null
	ssl.keystore.location = null
	ssl.keystore.password = null
	ssl.keystore.type = JKS
	ssl.protocol = TLSv1.3
	ssl.provider = null
	ssl.secure.random.implementation = null
	ssl.trustmanager.algorithm = PKIX
	ssl.truststore.certificates = null
	ssl.truststore.location = null
	ssl.truststore.password = null
	ssl.truststore.type = JKS
	transaction.timeout.ms = 60000
	transactional.id = null
	value.serializer = class io.apicurio.registry.serde.avro.AvroKafkaSerializer

2025-08-06 15:37:54,645 INFO  [org.apa.kaf.com.tel.int.KafkaMetricsCollector] (main) initializing Kafka metrics collector
2025-08-06 15:37:54,651 INFO  [org.apa.kaf.cli.pro.KafkaProducer] (main) [Producer clientId=Producer-topic-15322d36_145a_40d3_ae5e_d747c2bfff79] Instantiated an idempotent producer.
2025-08-06 15:37:54,653 INFO  [org.apa.kaf.cli.pro.ProducerConfig] (main) These configurations '[apicurio.registry.url, apicurio.registry.auto-register, apicurio.registry.artifact-resolver-strategy]' were supplied but are not used yet.
2025-08-06 15:37:54,653 INFO  [org.apa.kaf.com.uti.AppInfoParser] (main) Kafka version: 3.9.1
2025-08-06 15:37:54,653 INFO  [org.apa.kaf.com.uti.AppInfoParser] (main) Kafka commitId: f745dfdcee2b9851
2025-08-06 15:37:54,653 INFO  [org.apa.kaf.com.uti.AppInfoParser] (main) Kafka startTimeMs: 1754494674653
2025-08-06 15:37:54,653 INFO  [io.api.tes.ser.api.SimpleSerdesTesterBuilder$SimpleSerdesTester] (main) Using producer configuration: {apicurio.registry.url=http://registry-app-mysql.apps.ci419.apicurio-testing.org:80/apis/registry/v3, apicurio.registry.auto-register=true, apicurio.registry.artifact-resolver-strategy=io.apicurio.registry.serde.strategy.TopicIdStrategy, value.serializer=io.apicurio.registry.serde.avro.AvroKafkaSerializer, request.timeout.ms=5000, acks=all, bootstrap.servers=PLAINTEXT://localhost:32769, connections.max.idle.ms=10000, key.serializer=org.apache.kafka.common.serialization.StringSerializer, client.id=Producer-topic-15322d36_145a_40d3_ae5e_d747c2bfff79}
2025-08-06 15:37:54,653 INFO  [io.api.tes.ser.api.SimpleSerdesTesterBuilder$SimpleSerdesTester] (main) Using consumer configuration: {}
2025-08-06 15:37:54,653 INFO  [io.api.tes.ser.api.KafkaSerdesTester] (Thread-651) Sending message {"id": "record-0"} to topic topic-15322d36_145a_40d3_ae5e_d747c2bfff79
2025-08-06 15:37:54,658 WARN  [org.apa.kaf.cli.NetworkClient] (kafka-producer-network-thread | Producer-topic-15322d36_145a_40d3_ae5e_d747c2bfff79) [Producer clientId=Producer-topic-15322d36_145a_40d3_ae5e_d747c2bfff79] The metadata response from the cluster reported a recoverable issue with correlation id 1 : {topic-15322d36_145a_40d3_ae5e_d747c2bfff79=UNKNOWN_TOPIC_OR_PARTITION}
2025-08-06 15:37:54,658 INFO  [org.apa.kaf.cli.Metadata] (kafka-producer-network-thread | Producer-topic-15322d36_145a_40d3_ae5e_d747c2bfff79) [Producer clientId=Producer-topic-15322d36_145a_40d3_ae5e_d747c2bfff79] Cluster ID: dgPJ9z-1S5ugXzLx2i-R9Q
2025-08-06 15:37:54,658 INFO  [org.apa.kaf.cli.pro.int.TransactionManager] (kafka-producer-network-thread | Producer-topic-15322d36_145a_40d3_ae5e_d747c2bfff79) [Producer clientId=Producer-topic-15322d36_145a_40d3_ae5e_d747c2bfff79] ProducerId set to 10 with epoch 0
2025-08-06 15:37:54,878 INFO  [io.api.tes.ser.api.KafkaSerdesTester] (Thread-651) Sending message {"value": 1} to topic topic-15322d36_145a_40d3_ae5e_d747c2bfff79
2025-08-06 15:37:54,960 INFO  [org.apa.kaf.cli.pro.KafkaProducer] (Thread-651) [Producer clientId=Producer-topic-15322d36_145a_40d3_ae5e_d747c2bfff79] Closing the Kafka producer with timeoutMillis = 9223372036854775807 ms.
2025-08-06 15:37:54,962 INFO  [org.apa.kaf.com.met.Metrics] (Thread-651) Metrics scheduler closed
2025-08-06 15:37:54,962 INFO  [org.apa.kaf.com.met.Metrics] (Thread-651) Closing reporter org.apache.kafka.common.metrics.JmxReporter
2025-08-06 15:37:54,962 INFO  [org.apa.kaf.com.met.Metrics] (Thread-651) Closing reporter org.apache.kafka.common.telemetry.internals.ClientTelemetryReporter
2025-08-06 15:37:54,962 INFO  [org.apa.kaf.com.met.Metrics] (Thread-651) Metrics reporters closed
2025-08-06 15:37:54,962 INFO  [org.apa.kaf.com.uti.AppInfoParser] (Thread-651) App info kafka.producer for Producer-topic-15322d36_145a_40d3_ae5e_d747c2bfff79 unregistered
2025-08-06 15:37:54,963 INFO  [io.api.tes.uti.TestSeparator] (main) io.apicurio.tests.serdes.apicurio.AvroSerdeIT.testAvroUnionWithSpecificReader-FINISHED
2025-08-06 15:37:54,964 INFO  [io.api.tes.uti.TestSeparator] (main) ############################################################################
2025-08-06 15:37:54,964 ERROR [io.api.reg.uti.tes.TestUtils] (main) === TEST FAILED ===
2025-08-06 15:37:54,964 ERROR [io.api.reg.uti.tes.TestUtils] (main) Class: class io.apicurio.tests.serdes.apicurio.AvroSerdeIT
2025-08-06 15:37:54,964 ERROR [io.api.reg.uti.tes.TestUtils] (main) Test:  testAvroUnionWithSpecificReader
2025-08-06 15:37:54,964 ERROR [io.api.reg.uti.tes.TestUtils] (main) ID:    [engine:junit-jupiter]/[class:io.apicurio.tests.serdes.apicurio.AvroSerdeIT]/[method:testAvroUnionWithSpecificReader()]
2025-08-06 15:37:54,964 ERROR [io.api.reg.uti.tes.TestUtils] (main) Error: ExecutionException - java.lang.RuntimeException: io.apicurio.registry.rest.client.models.RuleViolationProblemDetails
2025-08-06 15:37:54,964 ERROR [io.api.reg.uti.tes.TestUtils] (main) === =========== ===
]]></system-out>
    <system-err><![CDATA[io.apicurio.registry.rest.client.models.RuleViolationProblemDetails
	at io.apicurio.registry.rest.client.models.RuleViolationProblemDetails.createFromDiscriminatorValue(RuleViolationProblemDetails.java:62)
	at io.kiota.serialization.json.JsonParseNode.getObjectValue(JsonParseNode.java:247)
	at io.kiota.http.vertx.VertXRequestAdapter.lambda$throwIfFailedResponse$0(VertXRequestAdapter.java:400)
	at com.microsoft.kiota.ApiExceptionBuilder.<init>(ApiExceptionBuilder.java:26)
	at io.kiota.http.vertx.VertXRequestAdapter.throwIfFailedResponse(VertXRequestAdapter.java:399)
	at io.kiota.http.vertx.VertXRequestAdapter.send(VertXRequestAdapter.java:170)
	at io.apicurio.registry.rest.client.groups.item.artifacts.ArtifactsRequestBuilder.post(ArtifactsRequestBuilder.java:130)
	at io.apicurio.registry.resolver.client.RegistryClientFacadeImpl.createSchema(RegistryClientFacadeImpl.java:144)
	at io.apicurio.registry.resolver.DefaultSchemaResolver.lambda$handleAutoCreateArtifact$4(DefaultSchemaResolver.java:307)
	at io.apicurio.registry.resolver.cache.ERCache.lambda$getValue$0(ERCache.java:174)
	at io.apicurio.registry.resolver.cache.ERCache.retry(ERCache.java:227)
	at io.apicurio.registry.resolver.cache.ERCache.getValue(ERCache.java:173)
	at io.apicurio.registry.resolver.cache.ERCache.getByContent(ERCache.java:147)
	at io.apicurio.registry.resolver.DefaultSchemaResolver.handleAutoCreateArtifact(DefaultSchemaResolver.java:295)
	at io.apicurio.registry.resolver.DefaultSchemaResolver.getSchemaFromRegistry(DefaultSchemaResolver.java:120)
	at io.apicurio.registry.resolver.DefaultSchemaResolver.lambda$resolveSchema$0(DefaultSchemaResolver.java:84)
	at java.base/java.util.Optional.orElseGet(Optional.java:364)
	at io.apicurio.registry.resolver.DefaultSchemaResolver.resolveSchema(DefaultSchemaResolver.java:84)
	at io.apicurio.registry.serde.AbstractSerializer.serializeData(AbstractSerializer.java:62)
	at io.apicurio.registry.serde.KafkaSerializer.serialize(KafkaSerializer.java:77)
	at org.apache.kafka.clients.producer.KafkaProducer.doSend(KafkaProducer.java:1046)
	at org.apache.kafka.clients.producer.KafkaProducer.send(KafkaProducer.java:993)
	at org.apache.kafka.clients.producer.KafkaProducer.send(KafkaProducer.java:875)
	at io.apicurio.tests.serdes.apicurio.KafkaSerdesTester.lambda$produceMessages$3(KafkaSerdesTester.java:138)
	at java.base/java.util.concurrent.CompletableFuture$AsyncSupply.run(CompletableFuture.java:1768)
	at java.base/java.lang.Thread.run(Thread.java:840)
io.apicurio.registry.rest.client.models.RuleViolationProblemDetails
	at io.apicurio.registry.rest.client.models.RuleViolationProblemDetails.createFromDiscriminatorValue(RuleViolationProblemDetails.java:62)
	at io.kiota.serialization.json.JsonParseNode.getObjectValue(JsonParseNode.java:247)
	at io.kiota.http.vertx.VertXRequestAdapter.lambda$throwIfFailedResponse$0(VertXRequestAdapter.java:400)
	at com.microsoft.kiota.ApiExceptionBuilder.<init>(ApiExceptionBuilder.java:26)
	at io.kiota.http.vertx.VertXRequestAdapter.throwIfFailedResponse(VertXRequestAdapter.java:399)
	at io.kiota.http.vertx.VertXRequestAdapter.send(VertXRequestAdapter.java:170)
	at io.apicurio.registry.rest.client.groups.item.artifacts.ArtifactsRequestBuilder.post(ArtifactsRequestBuilder.java:130)
	at io.apicurio.registry.resolver.client.RegistryClientFacadeImpl.createSchema(RegistryClientFacadeImpl.java:144)
	at io.apicurio.registry.resolver.DefaultSchemaResolver.lambda$handleAutoCreateArtifact$4(DefaultSchemaResolver.java:307)
	at io.apicurio.registry.resolver.cache.ERCache.lambda$getValue$0(ERCache.java:174)
	at io.apicurio.registry.resolver.cache.ERCache.retry(ERCache.java:227)
	at io.apicurio.registry.resolver.cache.ERCache.getValue(ERCache.java:173)
	at io.apicurio.registry.resolver.cache.ERCache.getByContent(ERCache.java:147)
	at io.apicurio.registry.resolver.DefaultSchemaResolver.handleAutoCreateArtifact(DefaultSchemaResolver.java:295)
	at io.apicurio.registry.resolver.DefaultSchemaResolver.getSchemaFromRegistry(DefaultSchemaResolver.java:120)
	at io.apicurio.registry.resolver.DefaultSchemaResolver.lambda$resolveSchema$0(DefaultSchemaResolver.java:84)
	at java.base/java.util.Optional.orElseGet(Optional.java:364)
	at io.apicurio.registry.resolver.DefaultSchemaResolver.resolveSchema(DefaultSchemaResolver.java:84)
	at io.apicurio.registry.serde.AbstractSerializer.serializeData(AbstractSerializer.java:62)
	at io.apicurio.registry.serde.KafkaSerializer.serialize(KafkaSerializer.java:77)
	at org.apache.kafka.clients.producer.KafkaProducer.doSend(KafkaProducer.java:1046)
	at org.apache.kafka.clients.producer.KafkaProducer.send(KafkaProducer.java:993)
	at org.apache.kafka.clients.producer.KafkaProducer.send(KafkaProducer.java:875)
	at io.apicurio.tests.serdes.apicurio.KafkaSerdesTester.lambda$produceMessages$3(KafkaSerdesTester.java:138)
	at java.base/java.util.concurrent.CompletableFuture$AsyncSupply.run(CompletableFuture.java:1768)
	at java.base/java.lang.Thread.run(Thread.java:840)
]]></system-err>
  </testcase>
  <testcase name="testEvolveAvroApicurioReusingClient" classname="io.apicurio.tests.serdes.apicurio.AvroSerdeIT" time="4.38">
    <error type="io.apicurio.registry.rest.client.models.RuleViolationProblemDetails"><![CDATA[io.apicurio.registry.rest.client.models.RuleViolationProblemDetails
	at io.apicurio.registry.rest.client.models.RuleViolationProblemDetails.createFromDiscriminatorValue(RuleViolationProblemDetails.java:62)
	at io.kiota.serialization.json.JsonParseNode.getObjectValue(JsonParseNode.java:247)
	at io.kiota.http.vertx.VertXRequestAdapter.lambda$throwIfFailedResponse$0(VertXRequestAdapter.java:400)
	at com.microsoft.kiota.ApiExceptionBuilder.<init>(ApiExceptionBuilder.java:26)
	at io.kiota.http.vertx.VertXRequestAdapter.throwIfFailedResponse(VertXRequestAdapter.java:399)
	at io.kiota.http.vertx.VertXRequestAdapter.send(VertXRequestAdapter.java:170)
	at io.apicurio.registry.rest.client.groups.item.artifacts.item.versions.VersionsRequestBuilder.post(VersionsRequestBuilder.java:117)
	at io.apicurio.registry.rest.client.groups.item.artifacts.item.versions.VersionsRequestBuilder.post(VersionsRequestBuilder.java:94)
	at io.apicurio.tests.ApicurioRegistryBaseIT.createArtifactVersion(ApicurioRegistryBaseIT.java:218)
	at io.apicurio.tests.serdes.apicurio.AvroSerdeIT.evolveSchemaTest(AvroSerdeIT.java:337)
	at io.apicurio.tests.serdes.apicurio.AvroSerdeIT.testEvolveAvroApicurioReusingClient(AvroSerdeIT.java:281)
	at java.base/java.lang.reflect.Method.invoke(Method.java:569)
	at java.base/java.util.ArrayList.forEach(ArrayList.java:1511)
	at java.base/java.util.ArrayList.forEach(ArrayList.java:1511)
]]></error>
    <system-out><![CDATA[2025-08-06 15:37:54,970 INFO  [io.api.tes.uti.TestSeparator] (main) ############################################################################
2025-08-06 15:37:54,971 INFO  [io.api.tes.uti.TestSeparator] (main) io.apicurio.tests.serdes.apicurio.AvroSerdeIT.testEvolveAvroApicurioReusingClient-STARTED
2025-08-06 15:37:54,971 INFO  [io.api.tes.ser.api.AvroSerdeIT] (main) Registering Avro Schema: {"type":"record","name":"s3c82b37fx30edx4245xaf3bx62e218a54d8b","namespace":"ns_155bad9e_d09d_4e7d_ae40_4109fd5190df","fields":[{"name":"key11754494674971","type":"string"}]}
**** Registry Base URL: http://registry-app-mysql.apps.ci419.apicurio-testing.org:80
2025-08-06 15:37:56,069 INFO  [org.apa.kaf.cli.pro.ProducerConfig] (main) ProducerConfig values: 
	acks = -1
	auto.include.jmx.reporter = true
	batch.size = 16384
	bootstrap.servers = [PLAINTEXT://localhost:32769]
	buffer.memory = 33554432
	client.dns.lookup = use_all_dns_ips
	client.id = Producer-topic-a38d6791_a33a_4a6b_a420_694b0210a7b0
	compression.gzip.level = -1
	compression.lz4.level = 9
	compression.type = none
	compression.zstd.level = 3
	connections.max.idle.ms = 10000
	delivery.timeout.ms = 120000
	enable.idempotence = true
	enable.metrics.push = true
	interceptor.classes = []
	key.serializer = class org.apache.kafka.common.serialization.StringSerializer
	linger.ms = 0
	max.block.ms = 60000
	max.in.flight.requests.per.connection = 5
	max.request.size = 1048576
	metadata.max.age.ms = 300000
	metadata.max.idle.ms = 300000
	metadata.recovery.strategy = none
	metric.reporters = []
	metrics.num.samples = 2
	metrics.recording.level = INFO
	metrics.sample.window.ms = 30000
	partitioner.adaptive.partitioning.enable = true
	partitioner.availability.timeout.ms = 0
	partitioner.class = null
	partitioner.ignore.keys = false
	receive.buffer.bytes = 32768
	reconnect.backoff.max.ms = 1000
	reconnect.backoff.ms = 50
	request.timeout.ms = 5000
	retries = 2147483647
	retry.backoff.max.ms = 1000
	retry.backoff.ms = 100
	sasl.client.callback.handler.class = null
	sasl.jaas.config = null
	sasl.kerberos.kinit.cmd = /usr/bin/kinit
	sasl.kerberos.min.time.before.relogin = 60000
	sasl.kerberos.service.name = null
	sasl.kerberos.ticket.renew.jitter = 0.05
	sasl.kerberos.ticket.renew.window.factor = 0.8
	sasl.login.callback.handler.class = null
	sasl.login.class = null
	sasl.login.connect.timeout.ms = null
	sasl.login.read.timeout.ms = null
	sasl.login.refresh.buffer.seconds = 300
	sasl.login.refresh.min.period.seconds = 60
	sasl.login.refresh.window.factor = 0.8
	sasl.login.refresh.window.jitter = 0.05
	sasl.login.retry.backoff.max.ms = 10000
	sasl.login.retry.backoff.ms = 100
	sasl.mechanism = GSSAPI
	sasl.oauthbearer.clock.skew.seconds = 30
	sasl.oauthbearer.expected.audience = null
	sasl.oauthbearer.expected.issuer = null
	sasl.oauthbearer.header.urlencode = false
	sasl.oauthbearer.jwks.endpoint.refresh.ms = 3600000
	sasl.oauthbearer.jwks.endpoint.retry.backoff.max.ms = 10000
	sasl.oauthbearer.jwks.endpoint.retry.backoff.ms = 100
	sasl.oauthbearer.jwks.endpoint.url = null
	sasl.oauthbearer.scope.claim.name = scope
	sasl.oauthbearer.sub.claim.name = sub
	sasl.oauthbearer.token.endpoint.url = null
	security.protocol = PLAINTEXT
	security.providers = null
	send.buffer.bytes = 131072
	socket.connection.setup.timeout.max.ms = 30000
	socket.connection.setup.timeout.ms = 10000
	ssl.cipher.suites = null
	ssl.enabled.protocols = [TLSv1.2, TLSv1.3]
	ssl.endpoint.identification.algorithm = https
	ssl.engine.factory.class = null
	ssl.key.password = null
	ssl.keymanager.algorithm = SunX509
	ssl.keystore.certificate.chain = null
	ssl.keystore.key = null
	ssl.keystore.location = null
	ssl.keystore.password = null
	ssl.keystore.type = JKS
	ssl.protocol = TLSv1.3
	ssl.provider = null
	ssl.secure.random.implementation = null
	ssl.trustmanager.algorithm = PKIX
	ssl.truststore.certificates = null
	ssl.truststore.location = null
	ssl.truststore.password = null
	ssl.truststore.type = JKS
	transaction.timeout.ms = 60000
	transactional.id = null
	value.serializer = class io.apicurio.registry.serde.avro.AvroKafkaSerializer

2025-08-06 15:37:56,070 INFO  [org.apa.kaf.com.tel.int.KafkaMetricsCollector] (main) initializing Kafka metrics collector
2025-08-06 15:37:56,073 INFO  [org.apa.kaf.cli.pro.KafkaProducer] (main) [Producer clientId=Producer-topic-a38d6791_a33a_4a6b_a420_694b0210a7b0] Instantiated an idempotent producer.
2025-08-06 15:37:56,077 INFO  [org.apa.kaf.cli.pro.ProducerConfig] (main) These configurations '[apicurio.registry.url, apicurio.registry.artifact-resolver-strategy]' were supplied but are not used yet.
2025-08-06 15:37:56,077 INFO  [org.apa.kaf.com.uti.AppInfoParser] (main) Kafka version: 3.9.1
2025-08-06 15:37:56,077 INFO  [org.apa.kaf.com.uti.AppInfoParser] (main) Kafka commitId: f745dfdcee2b9851
2025-08-06 15:37:56,077 INFO  [org.apa.kaf.com.uti.AppInfoParser] (main) Kafka startTimeMs: 1754494676077
**** Registry Base URL: http://registry-app-mysql.apps.ci419.apicurio-testing.org:80
2025-08-06 15:37:56,078 INFO  [org.apa.kaf.cli.con.ConsumerConfig] (main) ConsumerConfig values: 
	allow.auto.create.topics = true
	auto.commit.interval.ms = 500
	auto.include.jmx.reporter = true
	auto.offset.reset = earliest
	bootstrap.servers = [PLAINTEXT://localhost:32769]
	check.crcs = true
	client.dns.lookup = use_all_dns_ips
	client.id = consumer-Consumer-topic-a38d6791_a33a_4a6b_a420_694b0210a7b0-8
	client.rack = 
	connections.max.idle.ms = 10000
	default.api.timeout.ms = 60000
	enable.auto.commit = true
	enable.metrics.push = true
	exclude.internal.topics = true
	fetch.max.bytes = 52428800
	fetch.max.wait.ms = 500
	fetch.min.bytes = 1
	group.id = Consumer-topic-a38d6791_a33a_4a6b_a420_694b0210a7b0
	group.instance.id = null
	group.protocol = classic
	group.remote.assignor = null
	heartbeat.interval.ms = 3000
	interceptor.classes = []
	internal.leave.group.on.close = true
	internal.throw.on.fetch.stable.offset.unsupported = false
	isolation.level = read_uncommitted
	key.deserializer = class org.apache.kafka.common.serialization.StringDeserializer
	max.partition.fetch.bytes = 1048576
	max.poll.interval.ms = 300000
	max.poll.records = 500
	metadata.max.age.ms = 300000
	metadata.recovery.strategy = none
	metric.reporters = []
	metrics.num.samples = 2
	metrics.recording.level = INFO
	metrics.sample.window.ms = 30000
	partition.assignment.strategy = [class org.apache.kafka.clients.consumer.RangeAssignor, class org.apache.kafka.clients.consumer.CooperativeStickyAssignor]
	receive.buffer.bytes = 65536
	reconnect.backoff.max.ms = 1000
	reconnect.backoff.ms = 50
	request.timeout.ms = 5000
	retry.backoff.max.ms = 1000
	retry.backoff.ms = 100
	sasl.client.callback.handler.class = null
	sasl.jaas.config = null
	sasl.kerberos.kinit.cmd = /usr/bin/kinit
	sasl.kerberos.min.time.before.relogin = 60000
	sasl.kerberos.service.name = null
	sasl.kerberos.ticket.renew.jitter = 0.05
	sasl.kerberos.ticket.renew.window.factor = 0.8
	sasl.login.callback.handler.class = null
	sasl.login.class = null
	sasl.login.connect.timeout.ms = null
	sasl.login.read.timeout.ms = null
	sasl.login.refresh.buffer.seconds = 300
	sasl.login.refresh.min.period.seconds = 60
	sasl.login.refresh.window.factor = 0.8
	sasl.login.refresh.window.jitter = 0.05
	sasl.login.retry.backoff.max.ms = 10000
	sasl.login.retry.backoff.ms = 100
	sasl.mechanism = GSSAPI
	sasl.oauthbearer.clock.skew.seconds = 30
	sasl.oauthbearer.expected.audience = null
	sasl.oauthbearer.expected.issuer = null
	sasl.oauthbearer.header.urlencode = false
	sasl.oauthbearer.jwks.endpoint.refresh.ms = 3600000
	sasl.oauthbearer.jwks.endpoint.retry.backoff.max.ms = 10000
	sasl.oauthbearer.jwks.endpoint.retry.backoff.ms = 100
	sasl.oauthbearer.jwks.endpoint.url = null
	sasl.oauthbearer.scope.claim.name = scope
	sasl.oauthbearer.sub.claim.name = sub
	sasl.oauthbearer.token.endpoint.url = null
	security.protocol = PLAINTEXT
	security.providers = null
	send.buffer.bytes = 131072
	session.timeout.ms = 45000
	socket.connection.setup.timeout.max.ms = 30000
	socket.connection.setup.timeout.ms = 10000
	ssl.cipher.suites = null
	ssl.enabled.protocols = [TLSv1.2, TLSv1.3]
	ssl.endpoint.identification.algorithm = https
	ssl.engine.factory.class = null
	ssl.key.password = null
	ssl.keymanager.algorithm = SunX509
	ssl.keystore.certificate.chain = null
	ssl.keystore.key = null
	ssl.keystore.location = null
	ssl.keystore.password = null
	ssl.keystore.type = JKS
	ssl.protocol = TLSv1.3
	ssl.provider = null
	ssl.secure.random.implementation = null
	ssl.trustmanager.algorithm = PKIX
	ssl.truststore.certificates = null
	ssl.truststore.location = null
	ssl.truststore.password = null
	ssl.truststore.type = JKS
	value.deserializer = class io.apicurio.registry.serde.avro.AvroKafkaDeserializer

2025-08-06 15:37:56,078 INFO  [org.apa.kaf.com.tel.int.KafkaMetricsCollector] (main) initializing Kafka metrics collector
2025-08-06 15:37:56,084 INFO  [org.apa.kaf.cli.Metadata] (kafka-producer-network-thread | Producer-topic-a38d6791_a33a_4a6b_a420_694b0210a7b0) [Producer clientId=Producer-topic-a38d6791_a33a_4a6b_a420_694b0210a7b0] Cluster ID: dgPJ9z-1S5ugXzLx2i-R9Q
2025-08-06 15:37:56,085 INFO  [org.apa.kaf.cli.pro.int.TransactionManager] (kafka-producer-network-thread | Producer-topic-a38d6791_a33a_4a6b_a420_694b0210a7b0) [Producer clientId=Producer-topic-a38d6791_a33a_4a6b_a420_694b0210a7b0] ProducerId set to 11 with epoch 0
2025-08-06 15:37:56,086 INFO  [org.apa.kaf.cli.con.ConsumerConfig] (main) These configurations '[apicurio.registry.url]' were supplied but are not used yet.
2025-08-06 15:37:56,086 INFO  [org.apa.kaf.com.uti.AppInfoParser] (main) Kafka version: 3.9.1
2025-08-06 15:37:56,086 INFO  [org.apa.kaf.com.uti.AppInfoParser] (main) Kafka commitId: f745dfdcee2b9851
2025-08-06 15:37:56,086 INFO  [org.apa.kaf.com.uti.AppInfoParser] (main) Kafka startTimeMs: 1754494676086
2025-08-06 15:37:56,088 INFO  [io.api.tes.ser.api.KafkaSerdesTester] (Thread-656) Sending message {"key11754494674971": "value-0"} to topic topic-a38d6791_a33a_4a6b_a420_694b0210a7b0
2025-08-06 15:37:56,095 INFO  [DefaultSchemaResolver] (Thread-656) Retrieving schema content using string: {"type":"record","name":"s3c82b37fx30edx4245xaf3bx62e218a54d8b","namespace":"ns_155bad9e_d09d_4e7d_ae40_4109fd5190df","fields":[{"name":"key11754494674971","type":"string"}]}
2025-08-06 15:37:56,156 INFO  [io.api.tes.ser.api.KafkaSerdesTester] (Thread-656) Sending message {"key11754494674971": "value-1"} to topic topic-a38d6791_a33a_4a6b_a420_694b0210a7b0
2025-08-06 15:37:56,159 INFO  [io.api.tes.ser.api.KafkaSerdesTester] (Thread-656) Sending message {"key11754494674971": "value-2"} to topic topic-a38d6791_a33a_4a6b_a420_694b0210a7b0
2025-08-06 15:37:56,161 INFO  [io.api.tes.ser.api.KafkaSerdesTester] (Thread-656) Sending message {"key11754494674971": "value-3"} to topic topic-a38d6791_a33a_4a6b_a420_694b0210a7b0
2025-08-06 15:37:56,164 INFO  [io.api.tes.ser.api.KafkaSerdesTester] (Thread-656) Sending message {"key11754494674971": "value-4"} to topic topic-a38d6791_a33a_4a6b_a420_694b0210a7b0
2025-08-06 15:37:56,167 INFO  [io.api.tes.ser.api.KafkaSerdesTester] (Thread-656) Sending message {"key11754494674971": "value-5"} to topic topic-a38d6791_a33a_4a6b_a420_694b0210a7b0
2025-08-06 15:37:56,172 INFO  [io.api.tes.ser.api.KafkaSerdesTester] (Thread-656) Sending message {"key11754494674971": "value-6"} to topic topic-a38d6791_a33a_4a6b_a420_694b0210a7b0
2025-08-06 15:37:56,174 INFO  [io.api.tes.ser.api.KafkaSerdesTester] (Thread-656) Sending message {"key11754494674971": "value-7"} to topic topic-a38d6791_a33a_4a6b_a420_694b0210a7b0
2025-08-06 15:37:56,176 INFO  [io.api.tes.ser.api.KafkaSerdesTester] (Thread-656) Sending message {"key11754494674971": "value-8"} to topic topic-a38d6791_a33a_4a6b_a420_694b0210a7b0
2025-08-06 15:37:56,177 INFO  [io.api.tes.ser.api.KafkaSerdesTester] (Thread-656) Sending message {"key11754494674971": "value-9"} to topic topic-a38d6791_a33a_4a6b_a420_694b0210a7b0
2025-08-06 15:37:56,179 INFO  [io.api.tes.ser.api.KafkaSerdesTester] (Thread-656) Produced 10 messages
2025-08-06 15:37:56,180 INFO  [org.apa.kaf.cli.con.int.ClassicKafkaConsumer] (Thread-657) [Consumer clientId=consumer-Consumer-topic-a38d6791_a33a_4a6b_a420_694b0210a7b0-8, groupId=Consumer-topic-a38d6791_a33a_4a6b_a420_694b0210a7b0] Subscribed to topic(s): topic-a38d6791_a33a_4a6b_a420_694b0210a7b0
2025-08-06 15:37:56,188 INFO  [org.apa.kaf.cli.Metadata] (Thread-657) [Consumer clientId=consumer-Consumer-topic-a38d6791_a33a_4a6b_a420_694b0210a7b0-8, groupId=Consumer-topic-a38d6791_a33a_4a6b_a420_694b0210a7b0] Cluster ID: dgPJ9z-1S5ugXzLx2i-R9Q
2025-08-06 15:37:56,190 INFO  [org.apa.kaf.cli.con.int.ConsumerCoordinator] (Thread-657) [Consumer clientId=consumer-Consumer-topic-a38d6791_a33a_4a6b_a420_694b0210a7b0-8, groupId=Consumer-topic-a38d6791_a33a_4a6b_a420_694b0210a7b0] Discovered group coordinator localhost:32769 (id: 2147483647 rack: null)
2025-08-06 15:37:56,192 INFO  [org.apa.kaf.cli.con.int.ConsumerCoordinator] (Thread-657) [Consumer clientId=consumer-Consumer-topic-a38d6791_a33a_4a6b_a420_694b0210a7b0-8, groupId=Consumer-topic-a38d6791_a33a_4a6b_a420_694b0210a7b0] (Re-)joining group
2025-08-06 15:37:56,195 INFO  [org.apa.kaf.cli.con.int.ConsumerCoordinator] (Thread-657) [Consumer clientId=consumer-Consumer-topic-a38d6791_a33a_4a6b_a420_694b0210a7b0-8, groupId=Consumer-topic-a38d6791_a33a_4a6b_a420_694b0210a7b0] Request joining group due to: need to re-join with the given member-id: consumer-Consumer-topic-a38d6791_a33a_4a6b_a420_694b0210a7b0-8-b7651962-2a10-4d1d-8230-03711cc870b8
2025-08-06 15:37:56,195 INFO  [org.apa.kaf.cli.con.int.ConsumerCoordinator] (Thread-657) [Consumer clientId=consumer-Consumer-topic-a38d6791_a33a_4a6b_a420_694b0210a7b0-8, groupId=Consumer-topic-a38d6791_a33a_4a6b_a420_694b0210a7b0] (Re-)joining group
2025-08-06 15:37:57,182 INFO  [io.api.tes.ser.api.KafkaSerdesTester] (Thread-657) None found
2025-08-06 15:37:58,182 INFO  [io.api.tes.ser.api.KafkaSerdesTester] (Thread-657) None found
2025-08-06 15:37:59,183 INFO  [io.api.tes.ser.api.KafkaSerdesTester] (Thread-657) None found
2025-08-06 15:37:59,198 INFO  [org.apa.kaf.cli.con.int.ConsumerCoordinator] (Thread-657) [Consumer clientId=consumer-Consumer-topic-a38d6791_a33a_4a6b_a420_694b0210a7b0-8, groupId=Consumer-topic-a38d6791_a33a_4a6b_a420_694b0210a7b0] Successfully joined group with generation Generation{generationId=1, memberId='consumer-Consumer-topic-a38d6791_a33a_4a6b_a420_694b0210a7b0-8-b7651962-2a10-4d1d-8230-03711cc870b8', protocol='range'}
2025-08-06 15:37:59,198 INFO  [org.apa.kaf.cli.con.int.ConsumerCoordinator] (Thread-657) [Consumer clientId=consumer-Consumer-topic-a38d6791_a33a_4a6b_a420_694b0210a7b0-8, groupId=Consumer-topic-a38d6791_a33a_4a6b_a420_694b0210a7b0] Finished assignment for group at generation 1: {consumer-Consumer-topic-a38d6791_a33a_4a6b_a420_694b0210a7b0-8-b7651962-2a10-4d1d-8230-03711cc870b8=Assignment(partitions=[topic-a38d6791_a33a_4a6b_a420_694b0210a7b0-0])}
2025-08-06 15:37:59,205 INFO  [org.apa.kaf.cli.con.int.ConsumerCoordinator] (Thread-657) [Consumer clientId=consumer-Consumer-topic-a38d6791_a33a_4a6b_a420_694b0210a7b0-8, groupId=Consumer-topic-a38d6791_a33a_4a6b_a420_694b0210a7b0] Successfully synced group in generation Generation{generationId=1, memberId='consumer-Consumer-topic-a38d6791_a33a_4a6b_a420_694b0210a7b0-8-b7651962-2a10-4d1d-8230-03711cc870b8', protocol='range'}
2025-08-06 15:37:59,205 INFO  [org.apa.kaf.cli.con.int.ConsumerCoordinator] (Thread-657) [Consumer clientId=consumer-Consumer-topic-a38d6791_a33a_4a6b_a420_694b0210a7b0-8, groupId=Consumer-topic-a38d6791_a33a_4a6b_a420_694b0210a7b0] Notifying assignor about the new Assignment(partitions=[topic-a38d6791_a33a_4a6b_a420_694b0210a7b0-0])
2025-08-06 15:37:59,205 INFO  [org.apa.kaf.cli.con.int.ConsumerRebalanceListenerInvoker] (Thread-657) [Consumer clientId=consumer-Consumer-topic-a38d6791_a33a_4a6b_a420_694b0210a7b0-8, groupId=Consumer-topic-a38d6791_a33a_4a6b_a420_694b0210a7b0] Adding newly assigned partitions: topic-a38d6791_a33a_4a6b_a420_694b0210a7b0-0
2025-08-06 15:37:59,206 INFO  [org.apa.kaf.cli.con.int.ConsumerCoordinator] (Thread-657) [Consumer clientId=consumer-Consumer-topic-a38d6791_a33a_4a6b_a420_694b0210a7b0-8, groupId=Consumer-topic-a38d6791_a33a_4a6b_a420_694b0210a7b0] Found no committed offset for partition topic-a38d6791_a33a_4a6b_a420_694b0210a7b0-0
2025-08-06 15:37:59,207 INFO  [org.apa.kaf.cli.con.int.SubscriptionState] (Thread-657) [Consumer clientId=consumer-Consumer-topic-a38d6791_a33a_4a6b_a420_694b0210a7b0-8, groupId=Consumer-topic-a38d6791_a33a_4a6b_a420_694b0210a7b0] Resetting offset for partition topic-a38d6791_a33a_4a6b_a420_694b0210a7b0-0 to position FetchPosition{offset=0, offsetEpoch=Optional.empty, currentLeader=LeaderAndEpoch{leader=Optional[localhost:32769 (id: 0 rack: null)], epoch=0}}.
2025-08-06 15:37:59,290 INFO  [io.api.tes.ser.api.KafkaSerdesTester] (Thread-657) topic-a38d6791_a33a_4a6b_a420_694b0210a7b0 0 0 {"key11754494674971": "value-0"}
2025-08-06 15:37:59,290 INFO  [io.api.tes.ser.api.KafkaSerdesTester] (Thread-657) topic-a38d6791_a33a_4a6b_a420_694b0210a7b0 0 1 {"key11754494674971": "value-1"}
2025-08-06 15:37:59,291 INFO  [io.api.tes.ser.api.KafkaSerdesTester] (Thread-657) topic-a38d6791_a33a_4a6b_a420_694b0210a7b0 0 2 {"key11754494674971": "value-2"}
2025-08-06 15:37:59,291 INFO  [io.api.tes.ser.api.KafkaSerdesTester] (Thread-657) topic-a38d6791_a33a_4a6b_a420_694b0210a7b0 0 3 {"key11754494674971": "value-3"}
2025-08-06 15:37:59,291 INFO  [io.api.tes.ser.api.KafkaSerdesTester] (Thread-657) topic-a38d6791_a33a_4a6b_a420_694b0210a7b0 0 4 {"key11754494674971": "value-4"}
2025-08-06 15:37:59,291 INFO  [io.api.tes.ser.api.KafkaSerdesTester] (Thread-657) topic-a38d6791_a33a_4a6b_a420_694b0210a7b0 0 5 {"key11754494674971": "value-5"}
2025-08-06 15:37:59,291 INFO  [io.api.tes.ser.api.KafkaSerdesTester] (Thread-657) topic-a38d6791_a33a_4a6b_a420_694b0210a7b0 0 6 {"key11754494674971": "value-6"}
2025-08-06 15:37:59,291 INFO  [io.api.tes.ser.api.KafkaSerdesTester] (Thread-657) topic-a38d6791_a33a_4a6b_a420_694b0210a7b0 0 7 {"key11754494674971": "value-7"}
2025-08-06 15:37:59,291 INFO  [io.api.tes.ser.api.KafkaSerdesTester] (Thread-657) topic-a38d6791_a33a_4a6b_a420_694b0210a7b0 0 8 {"key11754494674971": "value-8"}
2025-08-06 15:37:59,291 INFO  [io.api.tes.ser.api.KafkaSerdesTester] (Thread-657) topic-a38d6791_a33a_4a6b_a420_694b0210a7b0 0 9 {"key11754494674971": "value-9"}
2025-08-06 15:37:59,291 INFO  [io.api.tes.ser.api.KafkaSerdesTester] (Thread-657) Consumed 10 messages
2025-08-06 15:37:59,291 INFO  [io.api.tes.ser.api.AvroSerdeIT] (main) Registering Avro Schema 2: {"type":"record","name":"s3c82b37fx30edx4245xaf3bx62e218a54d8b","namespace":"ns_155bad9e_d09d_4e7d_ae40_4109fd5190df","fields":[{"name":"key11754494674971","type":"string"},{"name":"key21754494679291","type":"string"}]}
2025-08-06 15:37:59,346 INFO  [io.api.tes.uti.TestSeparator] (main) io.apicurio.tests.serdes.apicurio.AvroSerdeIT.testEvolveAvroApicurioReusingClient-FINISHED
2025-08-06 15:37:59,346 INFO  [io.api.tes.uti.TestSeparator] (main) ############################################################################
2025-08-06 15:37:59,346 ERROR [io.api.reg.uti.tes.TestUtils] (main) === TEST FAILED ===
2025-08-06 15:37:59,346 ERROR [io.api.reg.uti.tes.TestUtils] (main) Class: class io.apicurio.tests.serdes.apicurio.AvroSerdeIT
2025-08-06 15:37:59,346 ERROR [io.api.reg.uti.tes.TestUtils] (main) Test:  testEvolveAvroApicurioReusingClient
2025-08-06 15:37:59,346 ERROR [io.api.reg.uti.tes.TestUtils] (main) ID:    [engine:junit-jupiter]/[class:io.apicurio.tests.serdes.apicurio.AvroSerdeIT]/[method:testEvolveAvroApicurioReusingClient()]
2025-08-06 15:37:59,346 ERROR [io.api.reg.uti.tes.TestUtils] (main) Error: RuleViolationProblemDetails - null
2025-08-06 15:37:59,346 ERROR [io.api.reg.uti.tes.TestUtils] (main) Rule Violation Problem Details
2025-08-06 15:37:59,347 ERROR [io.api.reg.uti.tes.TestUtils] (main)     Name:     RuleViolationException
2025-08-06 15:37:59,347 ERROR [io.api.reg.uti.tes.TestUtils] (main)     Title:    Incompatible artifact: topic-a38d6791_a33a_4a6b_a420_694b0210a7b0-s3c82b37fx30edx4245xaf3bx62e218a54d8b [AVRO], num of incompatible diffs: {1}, list of diff types: [key21754494679291 at /fields/1]
2025-08-06 15:37:59,347 ERROR [io.api.reg.uti.tes.TestUtils] (main)     Detail:   Incompatible artifact: topic-a38d6791_a33a_4a6b_a420_694b0210a7b0-s3c82b37fx30edx4245xaf3bx62e218a54d8b [AVRO], num of incompatible diffs: {1}, list of diff types: [key21754494679291 at /fields/1] Causes: key21754494679291 at /fields/1
2025-08-06 15:37:59,347 ERROR [io.api.reg.uti.tes.TestUtils] (main)     Instance: null
2025-08-06 15:37:59,347 ERROR [io.api.reg.uti.tes.TestUtils] (main)     Type:     null
2025-08-06 15:37:59,347 ERROR [io.api.reg.uti.tes.TestUtils] (main)     Message:  null
2025-08-06 15:37:59,347 ERROR [io.api.reg.uti.tes.TestUtils] (main)     Status:   409
2025-08-06 15:37:59,347 ERROR [io.api.reg.uti.tes.TestUtils] (main)     Causes:
2025-08-06 15:37:59,347 ERROR [io.api.reg.uti.tes.TestUtils] (main)         Context:     /fields/1
2025-08-06 15:37:59,347 ERROR [io.api.reg.uti.tes.TestUtils] (main)         Description: key21754494679291
2025-08-06 15:37:59,347 ERROR [io.api.reg.uti.tes.TestUtils] (main)         ---
2025-08-06 15:37:59,348 ERROR [io.api.reg.uti.tes.TestUtils] (main) === =========== ===
]]></system-out>
    <system-err><![CDATA[io.apicurio.registry.rest.client.models.RuleViolationProblemDetails
	at io.apicurio.registry.rest.client.models.RuleViolationProblemDetails.createFromDiscriminatorValue(RuleViolationProblemDetails.java:62)
	at io.kiota.serialization.json.JsonParseNode.getObjectValue(JsonParseNode.java:247)
	at io.kiota.http.vertx.VertXRequestAdapter.lambda$throwIfFailedResponse$0(VertXRequestAdapter.java:400)
	at com.microsoft.kiota.ApiExceptionBuilder.<init>(ApiExceptionBuilder.java:26)
	at io.kiota.http.vertx.VertXRequestAdapter.throwIfFailedResponse(VertXRequestAdapter.java:399)
	at io.kiota.http.vertx.VertXRequestAdapter.send(VertXRequestAdapter.java:170)
	at io.apicurio.registry.rest.client.groups.item.artifacts.item.versions.VersionsRequestBuilder.post(VersionsRequestBuilder.java:117)
	at io.apicurio.registry.rest.client.groups.item.artifacts.item.versions.VersionsRequestBuilder.post(VersionsRequestBuilder.java:94)
	at io.apicurio.tests.ApicurioRegistryBaseIT.createArtifactVersion(ApicurioRegistryBaseIT.java:218)
	at io.apicurio.tests.serdes.apicurio.AvroSerdeIT.evolveSchemaTest(AvroSerdeIT.java:337)
	at io.apicurio.tests.serdes.apicurio.AvroSerdeIT.testEvolveAvroApicurioReusingClient(AvroSerdeIT.java:281)
	at java.base/jdk.internal.reflect.NativeMethodAccessorImpl.invoke0(Native Method)
	at java.base/jdk.internal.reflect.NativeMethodAccessorImpl.invoke(NativeMethodAccessorImpl.java:77)
	at java.base/jdk.internal.reflect.DelegatingMethodAccessorImpl.invoke(DelegatingMethodAccessorImpl.java:43)
	at java.base/java.lang.reflect.Method.invoke(Method.java:569)
	at org.junit.platform.commons.util.ReflectionUtils.invokeMethod(ReflectionUtils.java:775)
	at org.junit.platform.commons.support.ReflectionSupport.invokeMethod(ReflectionSupport.java:479)
	at org.junit.jupiter.engine.execution.MethodInvocation.proceed(MethodInvocation.java:60)
	at org.junit.jupiter.engine.execution.InvocationInterceptorChain$ValidatingInvocation.proceed(InvocationInterceptorChain.java:131)
	at org.junit.jupiter.engine.extension.TimeoutExtension.intercept(TimeoutExtension.java:161)
	at org.junit.jupiter.engine.extension.TimeoutExtension.interceptTestableMethod(TimeoutExtension.java:152)
	at org.junit.jupiter.engine.extension.TimeoutExtension.interceptTestMethod(TimeoutExtension.java:91)
	at org.junit.jupiter.engine.execution.InterceptingExecutableInvoker$ReflectiveInterceptorCall.lambda$ofVoidMethod$0(InterceptingExecutableInvoker.java:112)
	at org.junit.jupiter.engine.execution.InterceptingExecutableInvoker.lambda$invoke$0(InterceptingExecutableInvoker.java:94)
	at org.junit.jupiter.engine.execution.InvocationInterceptorChain$InterceptedInvocation.proceed(InvocationInterceptorChain.java:106)
	at org.junit.jupiter.engine.execution.InvocationInterceptorChain.proceed(InvocationInterceptorChain.java:64)
	at org.junit.jupiter.engine.execution.InvocationInterceptorChain.chainAndInvoke(InvocationInterceptorChain.java:45)
	at org.junit.jupiter.engine.execution.InvocationInterceptorChain.invoke(InvocationInterceptorChain.java:37)
	at org.junit.jupiter.engine.execution.InterceptingExecutableInvoker.invoke(InterceptingExecutableInvoker.java:93)
	at org.junit.jupiter.engine.execution.InterceptingExecutableInvoker.invoke(InterceptingExecutableInvoker.java:87)
	at org.junit.jupiter.engine.descriptor.TestMethodTestDescriptor.lambda$invokeTestMethod$7(TestMethodTestDescriptor.java:216)
	at org.junit.platform.engine.support.hierarchical.ThrowableCollector.execute(ThrowableCollector.java:73)
	at org.junit.jupiter.engine.descriptor.TestMethodTestDescriptor.invokeTestMethod(TestMethodTestDescriptor.java:212)
	at org.junit.jupiter.engine.descriptor.TestMethodTestDescriptor.execute(TestMethodTestDescriptor.java:137)
	at org.junit.jupiter.engine.descriptor.TestMethodTestDescriptor.execute(TestMethodTestDescriptor.java:69)
	at org.junit.platform.engine.support.hierarchical.NodeTestTask.lambda$executeRecursively$6(NodeTestTask.java:156)
	at org.junit.platform.engine.support.hierarchical.ThrowableCollector.execute(ThrowableCollector.java:73)
	at org.junit.platform.engine.support.hierarchical.NodeTestTask.lambda$executeRecursively$8(NodeTestTask.java:146)
	at org.junit.platform.engine.support.hierarchical.Node.around(Node.java:137)
	at org.junit.platform.engine.support.hierarchical.NodeTestTask.lambda$executeRecursively$9(NodeTestTask.java:144)
	at org.junit.platform.engine.support.hierarchical.ThrowableCollector.execute(ThrowableCollector.java:73)
	at org.junit.platform.engine.support.hierarchical.NodeTestTask.executeRecursively(NodeTestTask.java:143)
	at org.junit.platform.engine.support.hierarchical.NodeTestTask.execute(NodeTestTask.java:100)
	at java.base/java.util.ArrayList.forEach(ArrayList.java:1511)
	at org.junit.platform.engine.support.hierarchical.SameThreadHierarchicalTestExecutorService.invokeAll(SameThreadHierarchicalTestExecutorService.java:41)
	at org.junit.platform.engine.support.hierarchical.NodeTestTask.lambda$executeRecursively$6(NodeTestTask.java:160)
	at org.junit.platform.engine.support.hierarchical.ThrowableCollector.execute(ThrowableCollector.java:73)
	at org.junit.platform.engine.support.hierarchical.NodeTestTask.lambda$executeRecursively$8(NodeTestTask.java:146)
	at org.junit.platform.engine.support.hierarchical.Node.around(Node.java:137)
	at org.junit.platform.engine.support.hierarchical.NodeTestTask.lambda$executeRecursively$9(NodeTestTask.java:144)
	at org.junit.platform.engine.support.hierarchical.ThrowableCollector.execute(ThrowableCollector.java:73)
	at org.junit.platform.engine.support.hierarchical.NodeTestTask.executeRecursively(NodeTestTask.java:143)
	at org.junit.platform.engine.support.hierarchical.NodeTestTask.execute(NodeTestTask.java:100)
	at java.base/java.util.ArrayList.forEach(ArrayList.java:1511)
	at org.junit.platform.engine.support.hierarchical.SameThreadHierarchicalTestExecutorService.invokeAll(SameThreadHierarchicalTestExecutorService.java:41)
	at org.junit.platform.engine.support.hierarchical.NodeTestTask.lambda$executeRecursively$6(NodeTestTask.java:160)
	at org.junit.platform.engine.support.hierarchical.ThrowableCollector.execute(ThrowableCollector.java:73)
	at org.junit.platform.engine.support.hierarchical.NodeTestTask.lambda$executeRecursively$8(NodeTestTask.java:146)
	at org.junit.platform.engine.support.hierarchical.Node.around(Node.java:137)
	at org.junit.platform.engine.support.hierarchical.NodeTestTask.lambda$executeRecursively$9(NodeTestTask.java:144)
	at org.junit.platform.engine.support.hierarchical.ThrowableCollector.execute(ThrowableCollector.java:73)
	at org.junit.platform.engine.support.hierarchical.NodeTestTask.executeRecursively(NodeTestTask.java:143)
	at org.junit.platform.engine.support.hierarchical.NodeTestTask.execute(NodeTestTask.java:100)
	at org.junit.platform.engine.support.hierarchical.SameThreadHierarchicalTestExecutorService.submit(SameThreadHierarchicalTestExecutorService.java:35)
	at org.junit.platform.engine.support.hierarchical.HierarchicalTestExecutor.execute(HierarchicalTestExecutor.java:57)
	at org.junit.platform.engine.support.hierarchical.HierarchicalTestEngine.execute(HierarchicalTestEngine.java:54)
	at org.junit.platform.launcher.core.EngineExecutionOrchestrator.execute(EngineExecutionOrchestrator.java:201)
	at org.junit.platform.launcher.core.EngineExecutionOrchestrator.execute(EngineExecutionOrchestrator.java:170)
	at org.junit.platform.launcher.core.EngineExecutionOrchestrator.execute(EngineExecutionOrchestrator.java:94)
	at org.junit.platform.launcher.core.EngineExecutionOrchestrator.lambda$execute$0(EngineExecutionOrchestrator.java:59)
	at org.junit.platform.launcher.core.EngineExecutionOrchestrator.withInterceptedStreams(EngineExecutionOrchestrator.java:142)
	at org.junit.platform.launcher.core.EngineExecutionOrchestrator.execute(EngineExecutionOrchestrator.java:58)
	at org.junit.platform.launcher.core.DefaultLauncher.execute(DefaultLauncher.java:103)
	at org.junit.platform.launcher.core.DefaultLauncher.execute(DefaultLauncher.java:85)
	at org.junit.platform.launcher.core.DelegatingLauncher.execute(DelegatingLauncher.java:47)
	at org.junit.platform.launcher.core.InterceptingLauncher.lambda$execute$1(InterceptingLauncher.java:39)
	at org.junit.platform.launcher.core.ClasspathAlignmentCheckingLauncherInterceptor.intercept(ClasspathAlignmentCheckingLauncherInterceptor.java:25)
	at org.junit.platform.launcher.core.InterceptingLauncher.execute(InterceptingLauncher.java:38)
	at org.junit.platform.launcher.core.DelegatingLauncher.execute(DelegatingLauncher.java:47)
	at org.apache.maven.surefire.junitplatform.LazyLauncher.execute(LazyLauncher.java:56)
	at org.apache.maven.surefire.junitplatform.JUnitPlatformProvider.execute(JUnitPlatformProvider.java:184)
	at org.apache.maven.surefire.junitplatform.JUnitPlatformProvider.invokeAllTests(JUnitPlatformProvider.java:148)
	at org.apache.maven.surefire.junitplatform.JUnitPlatformProvider.invoke(JUnitPlatformProvider.java:122)
	at org.apache.maven.surefire.booter.ForkedBooter.runSuitesInProcess(ForkedBooter.java:385)
	at org.apache.maven.surefire.booter.ForkedBooter.execute(ForkedBooter.java:162)
	at org.apache.maven.surefire.booter.ForkedBooter.run(ForkedBooter.java:507)
	at org.apache.maven.surefire.booter.ForkedBooter.main(ForkedBooter.java:495)
]]></system-err>
  </testcase>
  <testcase name="testProducerUsesDefaultConsumerUsesGlobalId" classname="io.apicurio.tests.serdes.apicurio.AvroSerdeIT" time="0.0">
    <skipped message="void io.apicurio.tests.serdes.apicurio.AvroSerdeIT.testProducerUsesDefaultConsumerUsesGlobalId() throws java.lang.Exception is @Disabled"/>
  </testcase>
  <testcase name="testEvolveAvroApicurio" classname="io.apicurio.tests.serdes.apicurio.AvroSerdeIT" time="5.046">
    <error type="io.apicurio.registry.rest.client.models.RuleViolationProblemDetails"><![CDATA[io.apicurio.registry.rest.client.models.RuleViolationProblemDetails
	at io.apicurio.registry.rest.client.models.RuleViolationProblemDetails.createFromDiscriminatorValue(RuleViolationProblemDetails.java:62)
	at io.kiota.serialization.json.JsonParseNode.getObjectValue(JsonParseNode.java:247)
	at io.kiota.http.vertx.VertXRequestAdapter.lambda$throwIfFailedResponse$0(VertXRequestAdapter.java:400)
	at com.microsoft.kiota.ApiExceptionBuilder.<init>(ApiExceptionBuilder.java:26)
	at io.kiota.http.vertx.VertXRequestAdapter.throwIfFailedResponse(VertXRequestAdapter.java:399)
	at io.kiota.http.vertx.VertXRequestAdapter.send(VertXRequestAdapter.java:170)
	at io.apicurio.registry.rest.client.groups.item.artifacts.item.versions.VersionsRequestBuilder.post(VersionsRequestBuilder.java:117)
	at io.apicurio.registry.rest.client.groups.item.artifacts.item.versions.VersionsRequestBuilder.post(VersionsRequestBuilder.java:94)
	at io.apicurio.tests.ApicurioRegistryBaseIT.createArtifactVersion(ApicurioRegistryBaseIT.java:218)
	at io.apicurio.tests.serdes.apicurio.AvroSerdeIT.evolveSchemaTest(AvroSerdeIT.java:337)
	at io.apicurio.tests.serdes.apicurio.AvroSerdeIT.testEvolveAvroApicurio(AvroSerdeIT.java:275)
	at java.base/java.lang.reflect.Method.invoke(Method.java:569)
	at java.base/java.util.ArrayList.forEach(ArrayList.java:1511)
	at java.base/java.util.ArrayList.forEach(ArrayList.java:1511)
]]></error>
    <system-out><![CDATA[2025-08-06 15:37:59,353 INFO  [io.api.tes.uti.TestSeparator] (main) ############################################################################
2025-08-06 15:37:59,353 INFO  [io.api.tes.uti.TestSeparator] (main) io.apicurio.tests.serdes.apicurio.AvroSerdeIT.testEvolveAvroApicurio-STARTED
2025-08-06 15:37:59,353 INFO  [io.api.tes.ser.api.AvroSerdeIT] (main) Registering Avro Schema: {"type":"record","name":"s87815380x4ec5x4587x8c88x052ac1f44717","namespace":"ns_d03944cc_4933_49b1_bbcf_faadf3978493","fields":[{"name":"key11754494679353","type":"string"}]}
**** Registry Base URL: http://registry-app-mysql.apps.ci419.apicurio-testing.org:80
2025-08-06 15:38:00,457 INFO  [org.apa.kaf.cli.pro.ProducerConfig] (main) ProducerConfig values: 
	acks = -1
	auto.include.jmx.reporter = true
	batch.size = 16384
	bootstrap.servers = [PLAINTEXT://localhost:32769]
	buffer.memory = 33554432
	client.dns.lookup = use_all_dns_ips
	client.id = Producer-topic-72232ef2_8abb_48d5_a9e5_ced87087e8f2
	compression.gzip.level = -1
	compression.lz4.level = 9
	compression.type = none
	compression.zstd.level = 3
	connections.max.idle.ms = 10000
	delivery.timeout.ms = 120000
	enable.idempotence = true
	enable.metrics.push = true
	interceptor.classes = []
	key.serializer = class org.apache.kafka.common.serialization.StringSerializer
	linger.ms = 0
	max.block.ms = 60000
	max.in.flight.requests.per.connection = 5
	max.request.size = 1048576
	metadata.max.age.ms = 300000
	metadata.max.idle.ms = 300000
	metadata.recovery.strategy = none
	metric.reporters = []
	metrics.num.samples = 2
	metrics.recording.level = INFO
	metrics.sample.window.ms = 30000
	partitioner.adaptive.partitioning.enable = true
	partitioner.availability.timeout.ms = 0
	partitioner.class = null
	partitioner.ignore.keys = false
	receive.buffer.bytes = 32768
	reconnect.backoff.max.ms = 1000
	reconnect.backoff.ms = 50
	request.timeout.ms = 5000
	retries = 2147483647
	retry.backoff.max.ms = 1000
	retry.backoff.ms = 100
	sasl.client.callback.handler.class = null
	sasl.jaas.config = null
	sasl.kerberos.kinit.cmd = /usr/bin/kinit
	sasl.kerberos.min.time.before.relogin = 60000
	sasl.kerberos.service.name = null
	sasl.kerberos.ticket.renew.jitter = 0.05
	sasl.kerberos.ticket.renew.window.factor = 0.8
	sasl.login.callback.handler.class = null
	sasl.login.class = null
	sasl.login.connect.timeout.ms = null
	sasl.login.read.timeout.ms = null
	sasl.login.refresh.buffer.seconds = 300
	sasl.login.refresh.min.period.seconds = 60
	sasl.login.refresh.window.factor = 0.8
	sasl.login.refresh.window.jitter = 0.05
	sasl.login.retry.backoff.max.ms = 10000
	sasl.login.retry.backoff.ms = 100
	sasl.mechanism = GSSAPI
	sasl.oauthbearer.clock.skew.seconds = 30
	sasl.oauthbearer.expected.audience = null
	sasl.oauthbearer.expected.issuer = null
	sasl.oauthbearer.header.urlencode = false
	sasl.oauthbearer.jwks.endpoint.refresh.ms = 3600000
	sasl.oauthbearer.jwks.endpoint.retry.backoff.max.ms = 10000
	sasl.oauthbearer.jwks.endpoint.retry.backoff.ms = 100
	sasl.oauthbearer.jwks.endpoint.url = null
	sasl.oauthbearer.scope.claim.name = scope
	sasl.oauthbearer.sub.claim.name = sub
	sasl.oauthbearer.token.endpoint.url = null
	security.protocol = PLAINTEXT
	security.providers = null
	send.buffer.bytes = 131072
	socket.connection.setup.timeout.max.ms = 30000
	socket.connection.setup.timeout.ms = 10000
	ssl.cipher.suites = null
	ssl.enabled.protocols = [TLSv1.2, TLSv1.3]
	ssl.endpoint.identification.algorithm = https
	ssl.engine.factory.class = null
	ssl.key.password = null
	ssl.keymanager.algorithm = SunX509
	ssl.keystore.certificate.chain = null
	ssl.keystore.key = null
	ssl.keystore.location = null
	ssl.keystore.password = null
	ssl.keystore.type = JKS
	ssl.protocol = TLSv1.3
	ssl.provider = null
	ssl.secure.random.implementation = null
	ssl.trustmanager.algorithm = PKIX
	ssl.truststore.certificates = null
	ssl.truststore.location = null
	ssl.truststore.password = null
	ssl.truststore.type = JKS
	transaction.timeout.ms = 60000
	transactional.id = null
	value.serializer = class io.apicurio.registry.serde.avro.AvroKafkaSerializer

2025-08-06 15:38:00,457 INFO  [org.apa.kaf.com.tel.int.KafkaMetricsCollector] (main) initializing Kafka metrics collector
2025-08-06 15:38:00,464 INFO  [org.apa.kaf.cli.pro.KafkaProducer] (main) [Producer clientId=Producer-topic-72232ef2_8abb_48d5_a9e5_ced87087e8f2] Instantiated an idempotent producer.
2025-08-06 15:38:00,466 INFO  [org.apa.kaf.cli.pro.ProducerConfig] (main) These configurations '[apicurio.registry.url, apicurio.registry.artifact-resolver-strategy]' were supplied but are not used yet.
2025-08-06 15:38:00,466 INFO  [org.apa.kaf.com.uti.AppInfoParser] (main) Kafka version: 3.9.1
2025-08-06 15:38:00,466 INFO  [org.apa.kaf.com.uti.AppInfoParser] (main) Kafka commitId: f745dfdcee2b9851
2025-08-06 15:38:00,466 INFO  [org.apa.kaf.com.uti.AppInfoParser] (main) Kafka startTimeMs: 1754494680466
**** Registry Base URL: http://registry-app-mysql.apps.ci419.apicurio-testing.org:80
2025-08-06 15:38:00,467 INFO  [org.apa.kaf.cli.con.ConsumerConfig] (main) ConsumerConfig values: 
	allow.auto.create.topics = true
	auto.commit.interval.ms = 500
	auto.include.jmx.reporter = true
	auto.offset.reset = earliest
	bootstrap.servers = [PLAINTEXT://localhost:32769]
	check.crcs = true
	client.dns.lookup = use_all_dns_ips
	client.id = consumer-Consumer-topic-72232ef2_8abb_48d5_a9e5_ced87087e8f2-9
	client.rack = 
	connections.max.idle.ms = 10000
	default.api.timeout.ms = 60000
	enable.auto.commit = true
	enable.metrics.push = true
	exclude.internal.topics = true
	fetch.max.bytes = 52428800
	fetch.max.wait.ms = 500
	fetch.min.bytes = 1
	group.id = Consumer-topic-72232ef2_8abb_48d5_a9e5_ced87087e8f2
	group.instance.id = null
	group.protocol = classic
	group.remote.assignor = null
	heartbeat.interval.ms = 3000
	interceptor.classes = []
	internal.leave.group.on.close = true
	internal.throw.on.fetch.stable.offset.unsupported = false
	isolation.level = read_uncommitted
	key.deserializer = class org.apache.kafka.common.serialization.StringDeserializer
	max.partition.fetch.bytes = 1048576
	max.poll.interval.ms = 300000
	max.poll.records = 500
	metadata.max.age.ms = 300000
	metadata.recovery.strategy = none
	metric.reporters = []
	metrics.num.samples = 2
	metrics.recording.level = INFO
	metrics.sample.window.ms = 30000
	partition.assignment.strategy = [class org.apache.kafka.clients.consumer.RangeAssignor, class org.apache.kafka.clients.consumer.CooperativeStickyAssignor]
	receive.buffer.bytes = 65536
	reconnect.backoff.max.ms = 1000
	reconnect.backoff.ms = 50
	request.timeout.ms = 5000
	retry.backoff.max.ms = 1000
	retry.backoff.ms = 100
	sasl.client.callback.handler.class = null
	sasl.jaas.config = null
	sasl.kerberos.kinit.cmd = /usr/bin/kinit
	sasl.kerberos.min.time.before.relogin = 60000
	sasl.kerberos.service.name = null
	sasl.kerberos.ticket.renew.jitter = 0.05
	sasl.kerberos.ticket.renew.window.factor = 0.8
	sasl.login.callback.handler.class = null
	sasl.login.class = null
	sasl.login.connect.timeout.ms = null
	sasl.login.read.timeout.ms = null
	sasl.login.refresh.buffer.seconds = 300
	sasl.login.refresh.min.period.seconds = 60
	sasl.login.refresh.window.factor = 0.8
	sasl.login.refresh.window.jitter = 0.05
	sasl.login.retry.backoff.max.ms = 10000
	sasl.login.retry.backoff.ms = 100
	sasl.mechanism = GSSAPI
	sasl.oauthbearer.clock.skew.seconds = 30
	sasl.oauthbearer.expected.audience = null
	sasl.oauthbearer.expected.issuer = null
	sasl.oauthbearer.header.urlencode = false
	sasl.oauthbearer.jwks.endpoint.refresh.ms = 3600000
	sasl.oauthbearer.jwks.endpoint.retry.backoff.max.ms = 10000
	sasl.oauthbearer.jwks.endpoint.retry.backoff.ms = 100
	sasl.oauthbearer.jwks.endpoint.url = null
	sasl.oauthbearer.scope.claim.name = scope
	sasl.oauthbearer.sub.claim.name = sub
	sasl.oauthbearer.token.endpoint.url = null
	security.protocol = PLAINTEXT
	security.providers = null
	send.buffer.bytes = 131072
	session.timeout.ms = 45000
	socket.connection.setup.timeout.max.ms = 30000
	socket.connection.setup.timeout.ms = 10000
	ssl.cipher.suites = null
	ssl.enabled.protocols = [TLSv1.2, TLSv1.3]
	ssl.endpoint.identification.algorithm = https
	ssl.engine.factory.class = null
	ssl.key.password = null
	ssl.keymanager.algorithm = SunX509
	ssl.keystore.certificate.chain = null
	ssl.keystore.key = null
	ssl.keystore.location = null
	ssl.keystore.password = null
	ssl.keystore.type = JKS
	ssl.protocol = TLSv1.3
	ssl.provider = null
	ssl.secure.random.implementation = null
	ssl.trustmanager.algorithm = PKIX
	ssl.truststore.certificates = null
	ssl.truststore.location = null
	ssl.truststore.password = null
	ssl.truststore.type = JKS
	value.deserializer = class io.apicurio.registry.serde.avro.AvroKafkaDeserializer

2025-08-06 15:38:00,467 INFO  [org.apa.kaf.com.tel.int.KafkaMetricsCollector] (main) initializing Kafka metrics collector
2025-08-06 15:38:00,475 INFO  [org.apa.kaf.cli.Metadata] (kafka-producer-network-thread | Producer-topic-72232ef2_8abb_48d5_a9e5_ced87087e8f2) [Producer clientId=Producer-topic-72232ef2_8abb_48d5_a9e5_ced87087e8f2] Cluster ID: dgPJ9z-1S5ugXzLx2i-R9Q
2025-08-06 15:38:00,475 INFO  [org.apa.kaf.cli.con.ConsumerConfig] (main) These configurations '[apicurio.registry.url]' were supplied but are not used yet.
2025-08-06 15:38:00,475 INFO  [org.apa.kaf.com.uti.AppInfoParser] (main) Kafka version: 3.9.1
2025-08-06 15:38:00,475 INFO  [org.apa.kaf.com.uti.AppInfoParser] (main) Kafka commitId: f745dfdcee2b9851
2025-08-06 15:38:00,475 INFO  [org.apa.kaf.com.uti.AppInfoParser] (main) Kafka startTimeMs: 1754494680475
2025-08-06 15:38:00,477 INFO  [org.apa.kaf.cli.pro.int.TransactionManager] (kafka-producer-network-thread | Producer-topic-72232ef2_8abb_48d5_a9e5_ced87087e8f2) [Producer clientId=Producer-topic-72232ef2_8abb_48d5_a9e5_ced87087e8f2] ProducerId set to 12 with epoch 0
2025-08-06 15:38:00,477 INFO  [io.api.tes.ser.api.KafkaSerdesTester] (Thread-662) Sending message {"key11754494679353": "value-0"} to topic topic-72232ef2_8abb_48d5_a9e5_ced87087e8f2
2025-08-06 15:38:00,482 INFO  [DefaultSchemaResolver] (Thread-662) Retrieving schema content using string: {"type":"record","name":"s87815380x4ec5x4587x8c88x052ac1f44717","namespace":"ns_d03944cc_4933_49b1_bbcf_faadf3978493","fields":[{"name":"key11754494679353","type":"string"}]}
2025-08-06 15:38:00,702 INFO  [io.api.tes.ser.api.KafkaSerdesTester] (Thread-662) Sending message {"key11754494679353": "value-1"} to topic topic-72232ef2_8abb_48d5_a9e5_ced87087e8f2
2025-08-06 15:38:00,704 INFO  [io.api.tes.ser.api.KafkaSerdesTester] (Thread-662) Sending message {"key11754494679353": "value-2"} to topic topic-72232ef2_8abb_48d5_a9e5_ced87087e8f2
2025-08-06 15:38:00,708 INFO  [io.api.tes.ser.api.KafkaSerdesTester] (Thread-662) Sending message {"key11754494679353": "value-3"} to topic topic-72232ef2_8abb_48d5_a9e5_ced87087e8f2
2025-08-06 15:38:00,710 INFO  [io.api.tes.ser.api.KafkaSerdesTester] (Thread-662) Sending message {"key11754494679353": "value-4"} to topic topic-72232ef2_8abb_48d5_a9e5_ced87087e8f2
2025-08-06 15:38:00,711 INFO  [io.api.tes.ser.api.KafkaSerdesTester] (Thread-662) Sending message {"key11754494679353": "value-5"} to topic topic-72232ef2_8abb_48d5_a9e5_ced87087e8f2
2025-08-06 15:38:00,713 INFO  [io.api.tes.ser.api.KafkaSerdesTester] (Thread-662) Sending message {"key11754494679353": "value-6"} to topic topic-72232ef2_8abb_48d5_a9e5_ced87087e8f2
2025-08-06 15:38:00,716 INFO  [io.api.tes.ser.api.KafkaSerdesTester] (Thread-662) Sending message {"key11754494679353": "value-7"} to topic topic-72232ef2_8abb_48d5_a9e5_ced87087e8f2
2025-08-06 15:38:00,720 INFO  [io.api.tes.ser.api.KafkaSerdesTester] (Thread-662) Sending message {"key11754494679353": "value-8"} to topic topic-72232ef2_8abb_48d5_a9e5_ced87087e8f2
2025-08-06 15:38:00,723 INFO  [io.api.tes.ser.api.KafkaSerdesTester] (Thread-662) Sending message {"key11754494679353": "value-9"} to topic topic-72232ef2_8abb_48d5_a9e5_ced87087e8f2
2025-08-06 15:38:00,725 INFO  [io.api.tes.ser.api.KafkaSerdesTester] (Thread-662) Produced 10 messages
2025-08-06 15:38:00,725 INFO  [org.apa.kaf.cli.pro.KafkaProducer] (Thread-662) [Producer clientId=Producer-topic-72232ef2_8abb_48d5_a9e5_ced87087e8f2] Closing the Kafka producer with timeoutMillis = 9223372036854775807 ms.
2025-08-06 15:38:00,727 INFO  [org.apa.kaf.com.met.Metrics] (Thread-662) Metrics scheduler closed
2025-08-06 15:38:00,727 INFO  [org.apa.kaf.com.met.Metrics] (Thread-662) Closing reporter org.apache.kafka.common.metrics.JmxReporter
2025-08-06 15:38:00,727 INFO  [org.apa.kaf.com.met.Metrics] (Thread-662) Closing reporter org.apache.kafka.common.telemetry.internals.ClientTelemetryReporter
2025-08-06 15:38:00,727 INFO  [org.apa.kaf.com.met.Metrics] (Thread-662) Metrics reporters closed
2025-08-06 15:38:00,727 INFO  [org.apa.kaf.com.uti.AppInfoParser] (Thread-662) App info kafka.producer for Producer-topic-72232ef2_8abb_48d5_a9e5_ced87087e8f2 unregistered
2025-08-06 15:38:00,727 INFO  [org.apa.kaf.cli.con.int.ClassicKafkaConsumer] (Thread-663) [Consumer clientId=consumer-Consumer-topic-72232ef2_8abb_48d5_a9e5_ced87087e8f2-9, groupId=Consumer-topic-72232ef2_8abb_48d5_a9e5_ced87087e8f2] Subscribed to topic(s): topic-72232ef2_8abb_48d5_a9e5_ced87087e8f2
2025-08-06 15:38:00,733 INFO  [org.apa.kaf.cli.Metadata] (Thread-663) [Consumer clientId=consumer-Consumer-topic-72232ef2_8abb_48d5_a9e5_ced87087e8f2-9, groupId=Consumer-topic-72232ef2_8abb_48d5_a9e5_ced87087e8f2] Cluster ID: dgPJ9z-1S5ugXzLx2i-R9Q
2025-08-06 15:38:00,735 INFO  [org.apa.kaf.cli.con.int.ConsumerCoordinator] (Thread-663) [Consumer clientId=consumer-Consumer-topic-72232ef2_8abb_48d5_a9e5_ced87087e8f2-9, groupId=Consumer-topic-72232ef2_8abb_48d5_a9e5_ced87087e8f2] Discovered group coordinator localhost:32769 (id: 2147483647 rack: null)
2025-08-06 15:38:00,737 INFO  [org.apa.kaf.cli.con.int.ConsumerCoordinator] (Thread-663) [Consumer clientId=consumer-Consumer-topic-72232ef2_8abb_48d5_a9e5_ced87087e8f2-9, groupId=Consumer-topic-72232ef2_8abb_48d5_a9e5_ced87087e8f2] (Re-)joining group
2025-08-06 15:38:00,739 INFO  [org.apa.kaf.cli.con.int.ConsumerCoordinator] (Thread-663) [Consumer clientId=consumer-Consumer-topic-72232ef2_8abb_48d5_a9e5_ced87087e8f2-9, groupId=Consumer-topic-72232ef2_8abb_48d5_a9e5_ced87087e8f2] Request joining group due to: need to re-join with the given member-id: consumer-Consumer-topic-72232ef2_8abb_48d5_a9e5_ced87087e8f2-9-ca2a3d98-c2da-4d52-a490-5b731fb53927
2025-08-06 15:38:00,739 INFO  [org.apa.kaf.cli.con.int.ConsumerCoordinator] (Thread-663) [Consumer clientId=consumer-Consumer-topic-72232ef2_8abb_48d5_a9e5_ced87087e8f2-9, groupId=Consumer-topic-72232ef2_8abb_48d5_a9e5_ced87087e8f2] (Re-)joining group
2025-08-06 15:38:01,728 INFO  [io.api.tes.ser.api.KafkaSerdesTester] (Thread-663) None found
2025-08-06 15:38:02,729 INFO  [io.api.tes.ser.api.KafkaSerdesTester] (Thread-663) None found
2025-08-06 15:38:03,729 INFO  [io.api.tes.ser.api.KafkaSerdesTester] (Thread-663) None found
2025-08-06 15:38:03,741 INFO  [org.apa.kaf.cli.con.int.ConsumerCoordinator] (Thread-663) [Consumer clientId=consumer-Consumer-topic-72232ef2_8abb_48d5_a9e5_ced87087e8f2-9, groupId=Consumer-topic-72232ef2_8abb_48d5_a9e5_ced87087e8f2] Successfully joined group with generation Generation{generationId=1, memberId='consumer-Consumer-topic-72232ef2_8abb_48d5_a9e5_ced87087e8f2-9-ca2a3d98-c2da-4d52-a490-5b731fb53927', protocol='range'}
2025-08-06 15:38:03,741 INFO  [org.apa.kaf.cli.con.int.ConsumerCoordinator] (Thread-663) [Consumer clientId=consumer-Consumer-topic-72232ef2_8abb_48d5_a9e5_ced87087e8f2-9, groupId=Consumer-topic-72232ef2_8abb_48d5_a9e5_ced87087e8f2] Finished assignment for group at generation 1: {consumer-Consumer-topic-72232ef2_8abb_48d5_a9e5_ced87087e8f2-9-ca2a3d98-c2da-4d52-a490-5b731fb53927=Assignment(partitions=[topic-72232ef2_8abb_48d5_a9e5_ced87087e8f2-0])}
2025-08-06 15:38:03,748 INFO  [org.apa.kaf.cli.con.int.ConsumerCoordinator] (Thread-663) [Consumer clientId=consumer-Consumer-topic-72232ef2_8abb_48d5_a9e5_ced87087e8f2-9, groupId=Consumer-topic-72232ef2_8abb_48d5_a9e5_ced87087e8f2] Successfully synced group in generation Generation{generationId=1, memberId='consumer-Consumer-topic-72232ef2_8abb_48d5_a9e5_ced87087e8f2-9-ca2a3d98-c2da-4d52-a490-5b731fb53927', protocol='range'}
2025-08-06 15:38:03,748 INFO  [org.apa.kaf.cli.con.int.ConsumerCoordinator] (Thread-663) [Consumer clientId=consumer-Consumer-topic-72232ef2_8abb_48d5_a9e5_ced87087e8f2-9, groupId=Consumer-topic-72232ef2_8abb_48d5_a9e5_ced87087e8f2] Notifying assignor about the new Assignment(partitions=[topic-72232ef2_8abb_48d5_a9e5_ced87087e8f2-0])
2025-08-06 15:38:03,749 INFO  [org.apa.kaf.cli.con.int.ConsumerRebalanceListenerInvoker] (Thread-663) [Consumer clientId=consumer-Consumer-topic-72232ef2_8abb_48d5_a9e5_ced87087e8f2-9, groupId=Consumer-topic-72232ef2_8abb_48d5_a9e5_ced87087e8f2] Adding newly assigned partitions: topic-72232ef2_8abb_48d5_a9e5_ced87087e8f2-0
2025-08-06 15:38:03,752 INFO  [org.apa.kaf.cli.con.int.ConsumerCoordinator] (Thread-663) [Consumer clientId=consumer-Consumer-topic-72232ef2_8abb_48d5_a9e5_ced87087e8f2-9, groupId=Consumer-topic-72232ef2_8abb_48d5_a9e5_ced87087e8f2] Found no committed offset for partition topic-72232ef2_8abb_48d5_a9e5_ced87087e8f2-0
2025-08-06 15:38:03,754 INFO  [org.apa.kaf.cli.con.int.SubscriptionState] (Thread-663) [Consumer clientId=consumer-Consumer-topic-72232ef2_8abb_48d5_a9e5_ced87087e8f2-9, groupId=Consumer-topic-72232ef2_8abb_48d5_a9e5_ced87087e8f2] Resetting offset for partition topic-72232ef2_8abb_48d5_a9e5_ced87087e8f2-0 to position FetchPosition{offset=0, offsetEpoch=Optional.empty, currentLeader=LeaderAndEpoch{leader=Optional[localhost:32769 (id: 0 rack: null)], epoch=0}}.
2025-08-06 15:38:03,835 INFO  [io.api.tes.ser.api.KafkaSerdesTester] (Thread-663) topic-72232ef2_8abb_48d5_a9e5_ced87087e8f2 0 0 {"key11754494679353": "value-0"}
2025-08-06 15:38:03,835 INFO  [io.api.tes.ser.api.KafkaSerdesTester] (Thread-663) topic-72232ef2_8abb_48d5_a9e5_ced87087e8f2 0 1 {"key11754494679353": "value-1"}
2025-08-06 15:38:03,835 INFO  [io.api.tes.ser.api.KafkaSerdesTester] (Thread-663) topic-72232ef2_8abb_48d5_a9e5_ced87087e8f2 0 2 {"key11754494679353": "value-2"}
2025-08-06 15:38:03,835 INFO  [io.api.tes.ser.api.KafkaSerdesTester] (Thread-663) topic-72232ef2_8abb_48d5_a9e5_ced87087e8f2 0 3 {"key11754494679353": "value-3"}
2025-08-06 15:38:03,835 INFO  [io.api.tes.ser.api.KafkaSerdesTester] (Thread-663) topic-72232ef2_8abb_48d5_a9e5_ced87087e8f2 0 4 {"key11754494679353": "value-4"}
2025-08-06 15:38:03,835 INFO  [io.api.tes.ser.api.KafkaSerdesTester] (Thread-663) topic-72232ef2_8abb_48d5_a9e5_ced87087e8f2 0 5 {"key11754494679353": "value-5"}
2025-08-06 15:38:03,835 INFO  [io.api.tes.ser.api.KafkaSerdesTester] (Thread-663) topic-72232ef2_8abb_48d5_a9e5_ced87087e8f2 0 6 {"key11754494679353": "value-6"}
2025-08-06 15:38:03,836 INFO  [io.api.tes.ser.api.KafkaSerdesTester] (Thread-663) topic-72232ef2_8abb_48d5_a9e5_ced87087e8f2 0 7 {"key11754494679353": "value-7"}
2025-08-06 15:38:03,836 INFO  [io.api.tes.ser.api.KafkaSerdesTester] (Thread-663) topic-72232ef2_8abb_48d5_a9e5_ced87087e8f2 0 8 {"key11754494679353": "value-8"}
2025-08-06 15:38:03,836 INFO  [io.api.tes.ser.api.KafkaSerdesTester] (Thread-663) topic-72232ef2_8abb_48d5_a9e5_ced87087e8f2 0 9 {"key11754494679353": "value-9"}
2025-08-06 15:38:03,836 INFO  [io.api.tes.ser.api.KafkaSerdesTester] (Thread-663) Consumed 10 messages
2025-08-06 15:38:03,850 INFO  [org.apa.kaf.cli.con.int.ConsumerRebalanceListenerInvoker] (Thread-663) [Consumer clientId=consumer-Consumer-topic-72232ef2_8abb_48d5_a9e5_ced87087e8f2-9, groupId=Consumer-topic-72232ef2_8abb_48d5_a9e5_ced87087e8f2] Revoke previously assigned partitions topic-72232ef2_8abb_48d5_a9e5_ced87087e8f2-0
2025-08-06 15:38:03,850 INFO  [org.apa.kaf.cli.con.int.ConsumerCoordinator] (Thread-663) [Consumer clientId=consumer-Consumer-topic-72232ef2_8abb_48d5_a9e5_ced87087e8f2-9, groupId=Consumer-topic-72232ef2_8abb_48d5_a9e5_ced87087e8f2] Member consumer-Consumer-topic-72232ef2_8abb_48d5_a9e5_ced87087e8f2-9-ca2a3d98-c2da-4d52-a490-5b731fb53927 sending LeaveGroup request to coordinator localhost:32769 (id: 2147483647 rack: null) due to the consumer is being closed
2025-08-06 15:38:03,850 INFO  [org.apa.kaf.cli.con.int.ConsumerCoordinator] (Thread-663) [Consumer clientId=consumer-Consumer-topic-72232ef2_8abb_48d5_a9e5_ced87087e8f2-9, groupId=Consumer-topic-72232ef2_8abb_48d5_a9e5_ced87087e8f2] Resetting generation and member id due to: consumer pro-actively leaving the group
2025-08-06 15:38:03,850 INFO  [org.apa.kaf.cli.con.int.ConsumerCoordinator] (Thread-663) [Consumer clientId=consumer-Consumer-topic-72232ef2_8abb_48d5_a9e5_ced87087e8f2-9, groupId=Consumer-topic-72232ef2_8abb_48d5_a9e5_ced87087e8f2] Request joining group due to: consumer pro-actively leaving the group
2025-08-06 15:38:04,337 INFO  [org.apa.kaf.com.met.Metrics] (Thread-663) Metrics scheduler closed
2025-08-06 15:38:04,337 INFO  [org.apa.kaf.com.met.Metrics] (Thread-663) Closing reporter org.apache.kafka.common.metrics.JmxReporter
2025-08-06 15:38:04,337 INFO  [org.apa.kaf.com.met.Metrics] (Thread-663) Closing reporter org.apache.kafka.common.telemetry.internals.ClientTelemetryReporter
2025-08-06 15:38:04,337 INFO  [org.apa.kaf.com.met.Metrics] (Thread-663) Metrics reporters closed
2025-08-06 15:38:04,341 INFO  [org.apa.kaf.com.uti.AppInfoParser] (Thread-663) App info kafka.consumer for consumer-Consumer-topic-72232ef2_8abb_48d5_a9e5_ced87087e8f2-9 unregistered
2025-08-06 15:38:04,342 INFO  [io.api.tes.ser.api.AvroSerdeIT] (main) Registering Avro Schema 2: {"type":"record","name":"s87815380x4ec5x4587x8c88x052ac1f44717","namespace":"ns_d03944cc_4933_49b1_bbcf_faadf3978493","fields":[{"name":"key11754494679353","type":"string"},{"name":"key21754494684341","type":"string"}]}
2025-08-06 15:38:04,396 INFO  [io.api.tes.uti.TestSeparator] (main) io.apicurio.tests.serdes.apicurio.AvroSerdeIT.testEvolveAvroApicurio-FINISHED
2025-08-06 15:38:04,396 INFO  [io.api.tes.uti.TestSeparator] (main) ############################################################################
2025-08-06 15:38:04,396 ERROR [io.api.reg.uti.tes.TestUtils] (main) === TEST FAILED ===
2025-08-06 15:38:04,396 ERROR [io.api.reg.uti.tes.TestUtils] (main) Class: class io.apicurio.tests.serdes.apicurio.AvroSerdeIT
2025-08-06 15:38:04,396 ERROR [io.api.reg.uti.tes.TestUtils] (main) Test:  testEvolveAvroApicurio
2025-08-06 15:38:04,396 ERROR [io.api.reg.uti.tes.TestUtils] (main) ID:    [engine:junit-jupiter]/[class:io.apicurio.tests.serdes.apicurio.AvroSerdeIT]/[method:testEvolveAvroApicurio()]
2025-08-06 15:38:04,396 ERROR [io.api.reg.uti.tes.TestUtils] (main) Error: RuleViolationProblemDetails - null
2025-08-06 15:38:04,396 ERROR [io.api.reg.uti.tes.TestUtils] (main) Rule Violation Problem Details
2025-08-06 15:38:04,396 ERROR [io.api.reg.uti.tes.TestUtils] (main)     Name:     RuleViolationException
2025-08-06 15:38:04,396 ERROR [io.api.reg.uti.tes.TestUtils] (main)     Title:    Incompatible artifact: topic-72232ef2_8abb_48d5_a9e5_ced87087e8f2-s87815380x4ec5x4587x8c88x052ac1f44717 [AVRO], num of incompatible diffs: {1}, list of diff types: [key21754494684341 at /fields/1]
2025-08-06 15:38:04,396 ERROR [io.api.reg.uti.tes.TestUtils] (main)     Detail:   Incompatible artifact: topic-72232ef2_8abb_48d5_a9e5_ced87087e8f2-s87815380x4ec5x4587x8c88x052ac1f44717 [AVRO], num of incompatible diffs: {1}, list of diff types: [key21754494684341 at /fields/1] Causes: key21754494684341 at /fields/1
2025-08-06 15:38:04,396 ERROR [io.api.reg.uti.tes.TestUtils] (main)     Instance: null
2025-08-06 15:38:04,396 ERROR [io.api.reg.uti.tes.TestUtils] (main)     Type:     null
2025-08-06 15:38:04,396 ERROR [io.api.reg.uti.tes.TestUtils] (main)     Message:  null
2025-08-06 15:38:04,396 ERROR [io.api.reg.uti.tes.TestUtils] (main)     Status:   409
2025-08-06 15:38:04,396 ERROR [io.api.reg.uti.tes.TestUtils] (main)     Causes:
2025-08-06 15:38:04,396 ERROR [io.api.reg.uti.tes.TestUtils] (main)         Context:     /fields/1
2025-08-06 15:38:04,397 ERROR [io.api.reg.uti.tes.TestUtils] (main)         Description: key21754494684341
2025-08-06 15:38:04,397 ERROR [io.api.reg.uti.tes.TestUtils] (main)         ---
2025-08-06 15:38:04,397 ERROR [io.api.reg.uti.tes.TestUtils] (main) === =========== ===
]]></system-out>
    <system-err><![CDATA[io.apicurio.registry.rest.client.models.RuleViolationProblemDetails
	at io.apicurio.registry.rest.client.models.RuleViolationProblemDetails.createFromDiscriminatorValue(RuleViolationProblemDetails.java:62)
	at io.kiota.serialization.json.JsonParseNode.getObjectValue(JsonParseNode.java:247)
	at io.kiota.http.vertx.VertXRequestAdapter.lambda$throwIfFailedResponse$0(VertXRequestAdapter.java:400)
	at com.microsoft.kiota.ApiExceptionBuilder.<init>(ApiExceptionBuilder.java:26)
	at io.kiota.http.vertx.VertXRequestAdapter.throwIfFailedResponse(VertXRequestAdapter.java:399)
	at io.kiota.http.vertx.VertXRequestAdapter.send(VertXRequestAdapter.java:170)
	at io.apicurio.registry.rest.client.groups.item.artifacts.item.versions.VersionsRequestBuilder.post(VersionsRequestBuilder.java:117)
	at io.apicurio.registry.rest.client.groups.item.artifacts.item.versions.VersionsRequestBuilder.post(VersionsRequestBuilder.java:94)
	at io.apicurio.tests.ApicurioRegistryBaseIT.createArtifactVersion(ApicurioRegistryBaseIT.java:218)
	at io.apicurio.tests.serdes.apicurio.AvroSerdeIT.evolveSchemaTest(AvroSerdeIT.java:337)
	at io.apicurio.tests.serdes.apicurio.AvroSerdeIT.testEvolveAvroApicurio(AvroSerdeIT.java:275)
	at java.base/jdk.internal.reflect.NativeMethodAccessorImpl.invoke0(Native Method)
	at java.base/jdk.internal.reflect.NativeMethodAccessorImpl.invoke(NativeMethodAccessorImpl.java:77)
	at java.base/jdk.internal.reflect.DelegatingMethodAccessorImpl.invoke(DelegatingMethodAccessorImpl.java:43)
	at java.base/java.lang.reflect.Method.invoke(Method.java:569)
	at org.junit.platform.commons.util.ReflectionUtils.invokeMethod(ReflectionUtils.java:775)
	at org.junit.platform.commons.support.ReflectionSupport.invokeMethod(ReflectionSupport.java:479)
	at org.junit.jupiter.engine.execution.MethodInvocation.proceed(MethodInvocation.java:60)
	at org.junit.jupiter.engine.execution.InvocationInterceptorChain$ValidatingInvocation.proceed(InvocationInterceptorChain.java:131)
	at org.junit.jupiter.engine.extension.TimeoutExtension.intercept(TimeoutExtension.java:161)
	at org.junit.jupiter.engine.extension.TimeoutExtension.interceptTestableMethod(TimeoutExtension.java:152)
	at org.junit.jupiter.engine.extension.TimeoutExtension.interceptTestMethod(TimeoutExtension.java:91)
	at org.junit.jupiter.engine.execution.InterceptingExecutableInvoker$ReflectiveInterceptorCall.lambda$ofVoidMethod$0(InterceptingExecutableInvoker.java:112)
	at org.junit.jupiter.engine.execution.InterceptingExecutableInvoker.lambda$invoke$0(InterceptingExecutableInvoker.java:94)
	at org.junit.jupiter.engine.execution.InvocationInterceptorChain$InterceptedInvocation.proceed(InvocationInterceptorChain.java:106)
	at org.junit.jupiter.engine.execution.InvocationInterceptorChain.proceed(InvocationInterceptorChain.java:64)
	at org.junit.jupiter.engine.execution.InvocationInterceptorChain.chainAndInvoke(InvocationInterceptorChain.java:45)
	at org.junit.jupiter.engine.execution.InvocationInterceptorChain.invoke(InvocationInterceptorChain.java:37)
	at org.junit.jupiter.engine.execution.InterceptingExecutableInvoker.invoke(InterceptingExecutableInvoker.java:93)
	at org.junit.jupiter.engine.execution.InterceptingExecutableInvoker.invoke(InterceptingExecutableInvoker.java:87)
	at org.junit.jupiter.engine.descriptor.TestMethodTestDescriptor.lambda$invokeTestMethod$7(TestMethodTestDescriptor.java:216)
	at org.junit.platform.engine.support.hierarchical.ThrowableCollector.execute(ThrowableCollector.java:73)
	at org.junit.jupiter.engine.descriptor.TestMethodTestDescriptor.invokeTestMethod(TestMethodTestDescriptor.java:212)
	at org.junit.jupiter.engine.descriptor.TestMethodTestDescriptor.execute(TestMethodTestDescriptor.java:137)
	at org.junit.jupiter.engine.descriptor.TestMethodTestDescriptor.execute(TestMethodTestDescriptor.java:69)
	at org.junit.platform.engine.support.hierarchical.NodeTestTask.lambda$executeRecursively$6(NodeTestTask.java:156)
	at org.junit.platform.engine.support.hierarchical.ThrowableCollector.execute(ThrowableCollector.java:73)
	at org.junit.platform.engine.support.hierarchical.NodeTestTask.lambda$executeRecursively$8(NodeTestTask.java:146)
	at org.junit.platform.engine.support.hierarchical.Node.around(Node.java:137)
	at org.junit.platform.engine.support.hierarchical.NodeTestTask.lambda$executeRecursively$9(NodeTestTask.java:144)
	at org.junit.platform.engine.support.hierarchical.ThrowableCollector.execute(ThrowableCollector.java:73)
	at org.junit.platform.engine.support.hierarchical.NodeTestTask.executeRecursively(NodeTestTask.java:143)
	at org.junit.platform.engine.support.hierarchical.NodeTestTask.execute(NodeTestTask.java:100)
	at java.base/java.util.ArrayList.forEach(ArrayList.java:1511)
	at org.junit.platform.engine.support.hierarchical.SameThreadHierarchicalTestExecutorService.invokeAll(SameThreadHierarchicalTestExecutorService.java:41)
	at org.junit.platform.engine.support.hierarchical.NodeTestTask.lambda$executeRecursively$6(NodeTestTask.java:160)
	at org.junit.platform.engine.support.hierarchical.ThrowableCollector.execute(ThrowableCollector.java:73)
	at org.junit.platform.engine.support.hierarchical.NodeTestTask.lambda$executeRecursively$8(NodeTestTask.java:146)
	at org.junit.platform.engine.support.hierarchical.Node.around(Node.java:137)
	at org.junit.platform.engine.support.hierarchical.NodeTestTask.lambda$executeRecursively$9(NodeTestTask.java:144)
	at org.junit.platform.engine.support.hierarchical.ThrowableCollector.execute(ThrowableCollector.java:73)
	at org.junit.platform.engine.support.hierarchical.NodeTestTask.executeRecursively(NodeTestTask.java:143)
	at org.junit.platform.engine.support.hierarchical.NodeTestTask.execute(NodeTestTask.java:100)
	at java.base/java.util.ArrayList.forEach(ArrayList.java:1511)
	at org.junit.platform.engine.support.hierarchical.SameThreadHierarchicalTestExecutorService.invokeAll(SameThreadHierarchicalTestExecutorService.java:41)
	at org.junit.platform.engine.support.hierarchical.NodeTestTask.lambda$executeRecursively$6(NodeTestTask.java:160)
	at org.junit.platform.engine.support.hierarchical.ThrowableCollector.execute(ThrowableCollector.java:73)
	at org.junit.platform.engine.support.hierarchical.NodeTestTask.lambda$executeRecursively$8(NodeTestTask.java:146)
	at org.junit.platform.engine.support.hierarchical.Node.around(Node.java:137)
	at org.junit.platform.engine.support.hierarchical.NodeTestTask.lambda$executeRecursively$9(NodeTestTask.java:144)
	at org.junit.platform.engine.support.hierarchical.ThrowableCollector.execute(ThrowableCollector.java:73)
	at org.junit.platform.engine.support.hierarchical.NodeTestTask.executeRecursively(NodeTestTask.java:143)
	at org.junit.platform.engine.support.hierarchical.NodeTestTask.execute(NodeTestTask.java:100)
	at org.junit.platform.engine.support.hierarchical.SameThreadHierarchicalTestExecutorService.submit(SameThreadHierarchicalTestExecutorService.java:35)
	at org.junit.platform.engine.support.hierarchical.HierarchicalTestExecutor.execute(HierarchicalTestExecutor.java:57)
	at org.junit.platform.engine.support.hierarchical.HierarchicalTestEngine.execute(HierarchicalTestEngine.java:54)
	at org.junit.platform.launcher.core.EngineExecutionOrchestrator.execute(EngineExecutionOrchestrator.java:201)
	at org.junit.platform.launcher.core.EngineExecutionOrchestrator.execute(EngineExecutionOrchestrator.java:170)
	at org.junit.platform.launcher.core.EngineExecutionOrchestrator.execute(EngineExecutionOrchestrator.java:94)
	at org.junit.platform.launcher.core.EngineExecutionOrchestrator.lambda$execute$0(EngineExecutionOrchestrator.java:59)
	at org.junit.platform.launcher.core.EngineExecutionOrchestrator.withInterceptedStreams(EngineExecutionOrchestrator.java:142)
	at org.junit.platform.launcher.core.EngineExecutionOrchestrator.execute(EngineExecutionOrchestrator.java:58)
	at org.junit.platform.launcher.core.DefaultLauncher.execute(DefaultLauncher.java:103)
	at org.junit.platform.launcher.core.DefaultLauncher.execute(DefaultLauncher.java:85)
	at org.junit.platform.launcher.core.DelegatingLauncher.execute(DelegatingLauncher.java:47)
	at org.junit.platform.launcher.core.InterceptingLauncher.lambda$execute$1(InterceptingLauncher.java:39)
	at org.junit.platform.launcher.core.ClasspathAlignmentCheckingLauncherInterceptor.intercept(ClasspathAlignmentCheckingLauncherInterceptor.java:25)
	at org.junit.platform.launcher.core.InterceptingLauncher.execute(InterceptingLauncher.java:38)
	at org.junit.platform.launcher.core.DelegatingLauncher.execute(DelegatingLauncher.java:47)
	at org.apache.maven.surefire.junitplatform.LazyLauncher.execute(LazyLauncher.java:56)
	at org.apache.maven.surefire.junitplatform.JUnitPlatformProvider.execute(JUnitPlatformProvider.java:184)
	at org.apache.maven.surefire.junitplatform.JUnitPlatformProvider.invokeAllTests(JUnitPlatformProvider.java:148)
	at org.apache.maven.surefire.junitplatform.JUnitPlatformProvider.invoke(JUnitPlatformProvider.java:122)
	at org.apache.maven.surefire.booter.ForkedBooter.runSuitesInProcess(ForkedBooter.java:385)
	at org.apache.maven.surefire.booter.ForkedBooter.execute(ForkedBooter.java:162)
	at org.apache.maven.surefire.booter.ForkedBooter.run(ForkedBooter.java:507)
	at org.apache.maven.surefire.booter.ForkedBooter.main(ForkedBooter.java:495)
]]></system-err>
  </testcase>
  <testcase name="testTopicRecordIdStrategydFindLatest" classname="io.apicurio.tests.serdes.apicurio.AvroSerdeIT" time="4.888">
    <system-out><![CDATA[2025-08-06 15:38:04,399 INFO  [io.api.tes.uti.TestSeparator] (main) ############################################################################
2025-08-06 15:38:04,399 INFO  [io.api.tes.uti.TestSeparator] (main) io.apicurio.tests.serdes.apicurio.AvroSerdeIT.testTopicRecordIdStrategydFindLatest-STARTED
2025-08-06 15:38:04,402 INFO  [io.api.tes.ser.api.AvroSerdeIT] (main) Registering Avro Schema: {"type":"record","name":"s53347dd4x6b4ex485fx966cxa558c92058c8","namespace":"s828bfdcexfc25x4119x9b58x679170e0f860","fields":[{"name":"key11754494684399","type":"string"}]}
**** Registry Base URL: http://registry-app-mysql.apps.ci419.apicurio-testing.org:80
2025-08-06 15:38:05,507 INFO  [org.apa.kaf.cli.pro.ProducerConfig] (main) ProducerConfig values: 
	acks = -1
	auto.include.jmx.reporter = true
	batch.size = 16384
	bootstrap.servers = [PLAINTEXT://localhost:32769]
	buffer.memory = 33554432
	client.dns.lookup = use_all_dns_ips
	client.id = Producer-topic-a8e9eb45_43a3_4fb6_baf1_e8872ae4eafb
	compression.gzip.level = -1
	compression.lz4.level = 9
	compression.type = none
	compression.zstd.level = 3
	connections.max.idle.ms = 10000
	delivery.timeout.ms = 120000
	enable.idempotence = true
	enable.metrics.push = true
	interceptor.classes = []
	key.serializer = class org.apache.kafka.common.serialization.StringSerializer
	linger.ms = 0
	max.block.ms = 60000
	max.in.flight.requests.per.connection = 5
	max.request.size = 1048576
	metadata.max.age.ms = 300000
	metadata.max.idle.ms = 300000
	metadata.recovery.strategy = none
	metric.reporters = []
	metrics.num.samples = 2
	metrics.recording.level = INFO
	metrics.sample.window.ms = 30000
	partitioner.adaptive.partitioning.enable = true
	partitioner.availability.timeout.ms = 0
	partitioner.class = null
	partitioner.ignore.keys = false
	receive.buffer.bytes = 32768
	reconnect.backoff.max.ms = 1000
	reconnect.backoff.ms = 50
	request.timeout.ms = 5000
	retries = 2147483647
	retry.backoff.max.ms = 1000
	retry.backoff.ms = 100
	sasl.client.callback.handler.class = null
	sasl.jaas.config = null
	sasl.kerberos.kinit.cmd = /usr/bin/kinit
	sasl.kerberos.min.time.before.relogin = 60000
	sasl.kerberos.service.name = null
	sasl.kerberos.ticket.renew.jitter = 0.05
	sasl.kerberos.ticket.renew.window.factor = 0.8
	sasl.login.callback.handler.class = null
	sasl.login.class = null
	sasl.login.connect.timeout.ms = null
	sasl.login.read.timeout.ms = null
	sasl.login.refresh.buffer.seconds = 300
	sasl.login.refresh.min.period.seconds = 60
	sasl.login.refresh.window.factor = 0.8
	sasl.login.refresh.window.jitter = 0.05
	sasl.login.retry.backoff.max.ms = 10000
	sasl.login.retry.backoff.ms = 100
	sasl.mechanism = GSSAPI
	sasl.oauthbearer.clock.skew.seconds = 30
	sasl.oauthbearer.expected.audience = null
	sasl.oauthbearer.expected.issuer = null
	sasl.oauthbearer.header.urlencode = false
	sasl.oauthbearer.jwks.endpoint.refresh.ms = 3600000
	sasl.oauthbearer.jwks.endpoint.retry.backoff.max.ms = 10000
	sasl.oauthbearer.jwks.endpoint.retry.backoff.ms = 100
	sasl.oauthbearer.jwks.endpoint.url = null
	sasl.oauthbearer.scope.claim.name = scope
	sasl.oauthbearer.sub.claim.name = sub
	sasl.oauthbearer.token.endpoint.url = null
	security.protocol = PLAINTEXT
	security.providers = null
	send.buffer.bytes = 131072
	socket.connection.setup.timeout.max.ms = 30000
	socket.connection.setup.timeout.ms = 10000
	ssl.cipher.suites = null
	ssl.enabled.protocols = [TLSv1.2, TLSv1.3]
	ssl.endpoint.identification.algorithm = https
	ssl.engine.factory.class = null
	ssl.key.password = null
	ssl.keymanager.algorithm = SunX509
	ssl.keystore.certificate.chain = null
	ssl.keystore.key = null
	ssl.keystore.location = null
	ssl.keystore.password = null
	ssl.keystore.type = JKS
	ssl.protocol = TLSv1.3
	ssl.provider = null
	ssl.secure.random.implementation = null
	ssl.trustmanager.algorithm = PKIX
	ssl.truststore.certificates = null
	ssl.truststore.location = null
	ssl.truststore.password = null
	ssl.truststore.type = JKS
	transaction.timeout.ms = 60000
	transactional.id = null
	value.serializer = class io.apicurio.registry.serde.avro.AvroKafkaSerializer

2025-08-06 15:38:05,507 INFO  [org.apa.kaf.com.tel.int.KafkaMetricsCollector] (main) initializing Kafka metrics collector
2025-08-06 15:38:05,511 INFO  [org.apa.kaf.cli.pro.KafkaProducer] (main) [Producer clientId=Producer-topic-a8e9eb45_43a3_4fb6_baf1_e8872ae4eafb] Instantiated an idempotent producer.
2025-08-06 15:38:05,513 INFO  [org.apa.kaf.cli.pro.ProducerConfig] (main) These configurations '[apicurio.registry.find-latest, apicurio.registry.url, apicurio.registry.artifact-resolver-strategy]' were supplied but are not used yet.
2025-08-06 15:38:05,513 INFO  [org.apa.kaf.com.uti.AppInfoParser] (main) Kafka version: 3.9.1
2025-08-06 15:38:05,513 INFO  [org.apa.kaf.com.uti.AppInfoParser] (main) Kafka commitId: f745dfdcee2b9851
2025-08-06 15:38:05,513 INFO  [org.apa.kaf.com.uti.AppInfoParser] (main) Kafka startTimeMs: 1754494685513
2025-08-06 15:38:05,513 INFO  [io.api.tes.ser.api.SimpleSerdesTesterBuilder$SimpleSerdesTester] (main) Using producer configuration: {apicurio.registry.find-latest=true, apicurio.registry.url=http://registry-app-mysql.apps.ci419.apicurio-testing.org:80/apis/registry/v3, apicurio.registry.artifact-resolver-strategy=io.apicurio.registry.serde.avro.strategy.TopicRecordIdStrategy, value.serializer=io.apicurio.registry.serde.avro.AvroKafkaSerializer, request.timeout.ms=5000, acks=all, bootstrap.servers=PLAINTEXT://localhost:32769, connections.max.idle.ms=10000, key.serializer=org.apache.kafka.common.serialization.StringSerializer, client.id=Producer-topic-a8e9eb45_43a3_4fb6_baf1_e8872ae4eafb}
2025-08-06 15:38:05,513 INFO  [io.api.tes.ser.api.SimpleSerdesTesterBuilder$SimpleSerdesTester] (main) Using consumer configuration: {}
2025-08-06 15:38:05,514 INFO  [io.api.tes.ser.api.KafkaSerdesTester] (Thread-666) Sending message {"key11754494684399": "value-0"} to topic topic-a8e9eb45_43a3_4fb6_baf1_e8872ae4eafb
2025-08-06 15:38:05,517 INFO  [org.apa.kaf.cli.Metadata] (kafka-producer-network-thread | Producer-topic-a8e9eb45_43a3_4fb6_baf1_e8872ae4eafb) [Producer clientId=Producer-topic-a8e9eb45_43a3_4fb6_baf1_e8872ae4eafb] Cluster ID: dgPJ9z-1S5ugXzLx2i-R9Q
2025-08-06 15:38:05,517 INFO  [org.apa.kaf.cli.pro.int.TransactionManager] (kafka-producer-network-thread | Producer-topic-a8e9eb45_43a3_4fb6_baf1_e8872ae4eafb) [Producer clientId=Producer-topic-a8e9eb45_43a3_4fb6_baf1_e8872ae4eafb] ProducerId set to 13 with epoch 0
2025-08-06 15:38:05,638 INFO  [io.api.tes.ser.api.KafkaSerdesTester] (Thread-666) Sending message {"key11754494684399": "value-1"} to topic topic-a8e9eb45_43a3_4fb6_baf1_e8872ae4eafb
2025-08-06 15:38:05,640 INFO  [io.api.tes.ser.api.KafkaSerdesTester] (Thread-666) Sending message {"key11754494684399": "value-2"} to topic topic-a8e9eb45_43a3_4fb6_baf1_e8872ae4eafb
2025-08-06 15:38:05,643 INFO  [io.api.tes.ser.api.KafkaSerdesTester] (Thread-666) Sending message {"key11754494684399": "value-3"} to topic topic-a8e9eb45_43a3_4fb6_baf1_e8872ae4eafb
2025-08-06 15:38:05,646 INFO  [io.api.tes.ser.api.KafkaSerdesTester] (Thread-666) Sending message {"key11754494684399": "value-4"} to topic topic-a8e9eb45_43a3_4fb6_baf1_e8872ae4eafb
2025-08-06 15:38:05,650 INFO  [io.api.tes.ser.api.KafkaSerdesTester] (Thread-666) Sending message {"key11754494684399": "value-5"} to topic topic-a8e9eb45_43a3_4fb6_baf1_e8872ae4eafb
2025-08-06 15:38:05,653 INFO  [io.api.tes.ser.api.KafkaSerdesTester] (Thread-666) Sending message {"key11754494684399": "value-6"} to topic topic-a8e9eb45_43a3_4fb6_baf1_e8872ae4eafb
2025-08-06 15:38:05,654 INFO  [io.api.tes.ser.api.KafkaSerdesTester] (Thread-666) Sending message {"key11754494684399": "value-7"} to topic topic-a8e9eb45_43a3_4fb6_baf1_e8872ae4eafb
2025-08-06 15:38:05,655 INFO  [io.api.tes.ser.api.KafkaSerdesTester] (Thread-666) Sending message {"key11754494684399": "value-8"} to topic topic-a8e9eb45_43a3_4fb6_baf1_e8872ae4eafb
2025-08-06 15:38:05,658 INFO  [io.api.tes.ser.api.KafkaSerdesTester] (Thread-666) Sending message {"key11754494684399": "value-9"} to topic topic-a8e9eb45_43a3_4fb6_baf1_e8872ae4eafb
2025-08-06 15:38:05,660 INFO  [io.api.tes.ser.api.KafkaSerdesTester] (Thread-666) Produced 10 messages
2025-08-06 15:38:05,660 INFO  [org.apa.kaf.cli.pro.KafkaProducer] (Thread-666) [Producer clientId=Producer-topic-a8e9eb45_43a3_4fb6_baf1_e8872ae4eafb] Closing the Kafka producer with timeoutMillis = 9223372036854775807 ms.
2025-08-06 15:38:05,665 INFO  [org.apa.kaf.com.met.Metrics] (Thread-666) Metrics scheduler closed
2025-08-06 15:38:05,665 INFO  [org.apa.kaf.com.met.Metrics] (Thread-666) Closing reporter org.apache.kafka.common.metrics.JmxReporter
2025-08-06 15:38:05,665 INFO  [org.apa.kaf.com.met.Metrics] (Thread-666) Closing reporter org.apache.kafka.common.telemetry.internals.ClientTelemetryReporter
2025-08-06 15:38:05,665 INFO  [org.apa.kaf.com.met.Metrics] (Thread-666) Metrics reporters closed
2025-08-06 15:38:05,665 INFO  [org.apa.kaf.com.uti.AppInfoParser] (Thread-666) App info kafka.producer for Producer-topic-a8e9eb45_43a3_4fb6_baf1_e8872ae4eafb unregistered
**** Registry Base URL: http://registry-app-mysql.apps.ci419.apicurio-testing.org:80
2025-08-06 15:38:05,665 INFO  [org.apa.kaf.cli.con.ConsumerConfig] (main) ConsumerConfig values: 
	allow.auto.create.topics = true
	auto.commit.interval.ms = 500
	auto.include.jmx.reporter = true
	auto.offset.reset = earliest
	bootstrap.servers = [PLAINTEXT://localhost:32769]
	check.crcs = true
	client.dns.lookup = use_all_dns_ips
	client.id = consumer-Consumer-topic-a8e9eb45_43a3_4fb6_baf1_e8872ae4eafb-10
	client.rack = 
	connections.max.idle.ms = 10000
	default.api.timeout.ms = 60000
	enable.auto.commit = true
	enable.metrics.push = true
	exclude.internal.topics = true
	fetch.max.bytes = 52428800
	fetch.max.wait.ms = 500
	fetch.min.bytes = 1
	group.id = Consumer-topic-a8e9eb45_43a3_4fb6_baf1_e8872ae4eafb
	group.instance.id = null
	group.protocol = classic
	group.remote.assignor = null
	heartbeat.interval.ms = 3000
	interceptor.classes = []
	internal.leave.group.on.close = true
	internal.throw.on.fetch.stable.offset.unsupported = false
	isolation.level = read_uncommitted
	key.deserializer = class org.apache.kafka.common.serialization.StringDeserializer
	max.partition.fetch.bytes = 1048576
	max.poll.interval.ms = 300000
	max.poll.records = 500
	metadata.max.age.ms = 300000
	metadata.recovery.strategy = none
	metric.reporters = []
	metrics.num.samples = 2
	metrics.recording.level = INFO
	metrics.sample.window.ms = 30000
	partition.assignment.strategy = [class org.apache.kafka.clients.consumer.RangeAssignor, class org.apache.kafka.clients.consumer.CooperativeStickyAssignor]
	receive.buffer.bytes = 65536
	reconnect.backoff.max.ms = 1000
	reconnect.backoff.ms = 50
	request.timeout.ms = 5000
	retry.backoff.max.ms = 1000
	retry.backoff.ms = 100
	sasl.client.callback.handler.class = null
	sasl.jaas.config = null
	sasl.kerberos.kinit.cmd = /usr/bin/kinit
	sasl.kerberos.min.time.before.relogin = 60000
	sasl.kerberos.service.name = null
	sasl.kerberos.ticket.renew.jitter = 0.05
	sasl.kerberos.ticket.renew.window.factor = 0.8
	sasl.login.callback.handler.class = null
	sasl.login.class = null
	sasl.login.connect.timeout.ms = null
	sasl.login.read.timeout.ms = null
	sasl.login.refresh.buffer.seconds = 300
	sasl.login.refresh.min.period.seconds = 60
	sasl.login.refresh.window.factor = 0.8
	sasl.login.refresh.window.jitter = 0.05
	sasl.login.retry.backoff.max.ms = 10000
	sasl.login.retry.backoff.ms = 100
	sasl.mechanism = GSSAPI
	sasl.oauthbearer.clock.skew.seconds = 30
	sasl.oauthbearer.expected.audience = null
	sasl.oauthbearer.expected.issuer = null
	sasl.oauthbearer.header.urlencode = false
	sasl.oauthbearer.jwks.endpoint.refresh.ms = 3600000
	sasl.oauthbearer.jwks.endpoint.retry.backoff.max.ms = 10000
	sasl.oauthbearer.jwks.endpoint.retry.backoff.ms = 100
	sasl.oauthbearer.jwks.endpoint.url = null
	sasl.oauthbearer.scope.claim.name = scope
	sasl.oauthbearer.sub.claim.name = sub
	sasl.oauthbearer.token.endpoint.url = null
	security.protocol = PLAINTEXT
	security.providers = null
	send.buffer.bytes = 131072
	session.timeout.ms = 45000
	socket.connection.setup.timeout.max.ms = 30000
	socket.connection.setup.timeout.ms = 10000
	ssl.cipher.suites = null
	ssl.enabled.protocols = [TLSv1.2, TLSv1.3]
	ssl.endpoint.identification.algorithm = https
	ssl.engine.factory.class = null
	ssl.key.password = null
	ssl.keymanager.algorithm = SunX509
	ssl.keystore.certificate.chain = null
	ssl.keystore.key = null
	ssl.keystore.location = null
	ssl.keystore.password = null
	ssl.keystore.type = JKS
	ssl.protocol = TLSv1.3
	ssl.provider = null
	ssl.secure.random.implementation = null
	ssl.trustmanager.algorithm = PKIX
	ssl.truststore.certificates = null
	ssl.truststore.location = null
	ssl.truststore.password = null
	ssl.truststore.type = JKS
	value.deserializer = class io.apicurio.registry.serde.avro.AvroKafkaDeserializer

2025-08-06 15:38:05,666 INFO  [org.apa.kaf.com.tel.int.KafkaMetricsCollector] (main) initializing Kafka metrics collector
2025-08-06 15:38:05,672 INFO  [org.apa.kaf.cli.con.ConsumerConfig] (main) These configurations '[apicurio.registry.url]' were supplied but are not used yet.
2025-08-06 15:38:05,672 INFO  [org.apa.kaf.com.uti.AppInfoParser] (main) Kafka version: 3.9.1
2025-08-06 15:38:05,672 INFO  [org.apa.kaf.com.uti.AppInfoParser] (main) Kafka commitId: f745dfdcee2b9851
2025-08-06 15:38:05,672 INFO  [org.apa.kaf.com.uti.AppInfoParser] (main) Kafka startTimeMs: 1754494685672
2025-08-06 15:38:05,673 INFO  [org.apa.kaf.cli.con.int.ClassicKafkaConsumer] (Thread-669) [Consumer clientId=consumer-Consumer-topic-a8e9eb45_43a3_4fb6_baf1_e8872ae4eafb-10, groupId=Consumer-topic-a8e9eb45_43a3_4fb6_baf1_e8872ae4eafb] Subscribed to topic(s): topic-a8e9eb45_43a3_4fb6_baf1_e8872ae4eafb
2025-08-06 15:38:05,677 INFO  [org.apa.kaf.cli.Metadata] (Thread-669) [Consumer clientId=consumer-Consumer-topic-a8e9eb45_43a3_4fb6_baf1_e8872ae4eafb-10, groupId=Consumer-topic-a8e9eb45_43a3_4fb6_baf1_e8872ae4eafb] Cluster ID: dgPJ9z-1S5ugXzLx2i-R9Q
2025-08-06 15:38:05,678 INFO  [org.apa.kaf.cli.con.int.ConsumerCoordinator] (Thread-669) [Consumer clientId=consumer-Consumer-topic-a8e9eb45_43a3_4fb6_baf1_e8872ae4eafb-10, groupId=Consumer-topic-a8e9eb45_43a3_4fb6_baf1_e8872ae4eafb] Discovered group coordinator localhost:32769 (id: 2147483647 rack: null)
2025-08-06 15:38:05,679 INFO  [org.apa.kaf.cli.con.int.ConsumerCoordinator] (Thread-669) [Consumer clientId=consumer-Consumer-topic-a8e9eb45_43a3_4fb6_baf1_e8872ae4eafb-10, groupId=Consumer-topic-a8e9eb45_43a3_4fb6_baf1_e8872ae4eafb] (Re-)joining group
2025-08-06 15:38:05,681 INFO  [org.apa.kaf.cli.con.int.ConsumerCoordinator] (Thread-669) [Consumer clientId=consumer-Consumer-topic-a8e9eb45_43a3_4fb6_baf1_e8872ae4eafb-10, groupId=Consumer-topic-a8e9eb45_43a3_4fb6_baf1_e8872ae4eafb] Request joining group due to: need to re-join with the given member-id: consumer-Consumer-topic-a8e9eb45_43a3_4fb6_baf1_e8872ae4eafb-10-c56aafbe-214a-45bf-8c2e-8158110a7cf0
2025-08-06 15:38:05,681 INFO  [org.apa.kaf.cli.con.int.ConsumerCoordinator] (Thread-669) [Consumer clientId=consumer-Consumer-topic-a8e9eb45_43a3_4fb6_baf1_e8872ae4eafb-10, groupId=Consumer-topic-a8e9eb45_43a3_4fb6_baf1_e8872ae4eafb] (Re-)joining group
2025-08-06 15:38:06,673 INFO  [io.api.tes.ser.api.KafkaSerdesTester] (Thread-669) None found
2025-08-06 15:38:07,673 INFO  [io.api.tes.ser.api.KafkaSerdesTester] (Thread-669) None found
2025-08-06 15:38:08,673 INFO  [io.api.tes.ser.api.KafkaSerdesTester] (Thread-669) None found
2025-08-06 15:38:08,682 INFO  [org.apa.kaf.cli.con.int.ConsumerCoordinator] (Thread-669) [Consumer clientId=consumer-Consumer-topic-a8e9eb45_43a3_4fb6_baf1_e8872ae4eafb-10, groupId=Consumer-topic-a8e9eb45_43a3_4fb6_baf1_e8872ae4eafb] Successfully joined group with generation Generation{generationId=1, memberId='consumer-Consumer-topic-a8e9eb45_43a3_4fb6_baf1_e8872ae4eafb-10-c56aafbe-214a-45bf-8c2e-8158110a7cf0', protocol='range'}
2025-08-06 15:38:08,683 INFO  [org.apa.kaf.cli.con.int.ConsumerCoordinator] (Thread-669) [Consumer clientId=consumer-Consumer-topic-a8e9eb45_43a3_4fb6_baf1_e8872ae4eafb-10, groupId=Consumer-topic-a8e9eb45_43a3_4fb6_baf1_e8872ae4eafb] Finished assignment for group at generation 1: {consumer-Consumer-topic-a8e9eb45_43a3_4fb6_baf1_e8872ae4eafb-10-c56aafbe-214a-45bf-8c2e-8158110a7cf0=Assignment(partitions=[topic-a8e9eb45_43a3_4fb6_baf1_e8872ae4eafb-0])}
2025-08-06 15:38:08,690 INFO  [org.apa.kaf.cli.con.int.ConsumerCoordinator] (Thread-669) [Consumer clientId=consumer-Consumer-topic-a8e9eb45_43a3_4fb6_baf1_e8872ae4eafb-10, groupId=Consumer-topic-a8e9eb45_43a3_4fb6_baf1_e8872ae4eafb] Successfully synced group in generation Generation{generationId=1, memberId='consumer-Consumer-topic-a8e9eb45_43a3_4fb6_baf1_e8872ae4eafb-10-c56aafbe-214a-45bf-8c2e-8158110a7cf0', protocol='range'}
2025-08-06 15:38:08,690 INFO  [org.apa.kaf.cli.con.int.ConsumerCoordinator] (Thread-669) [Consumer clientId=consumer-Consumer-topic-a8e9eb45_43a3_4fb6_baf1_e8872ae4eafb-10, groupId=Consumer-topic-a8e9eb45_43a3_4fb6_baf1_e8872ae4eafb] Notifying assignor about the new Assignment(partitions=[topic-a8e9eb45_43a3_4fb6_baf1_e8872ae4eafb-0])
2025-08-06 15:38:08,690 INFO  [org.apa.kaf.cli.con.int.ConsumerRebalanceListenerInvoker] (Thread-669) [Consumer clientId=consumer-Consumer-topic-a8e9eb45_43a3_4fb6_baf1_e8872ae4eafb-10, groupId=Consumer-topic-a8e9eb45_43a3_4fb6_baf1_e8872ae4eafb] Adding newly assigned partitions: topic-a8e9eb45_43a3_4fb6_baf1_e8872ae4eafb-0
2025-08-06 15:38:08,691 INFO  [org.apa.kaf.cli.con.int.ConsumerCoordinator] (Thread-669) [Consumer clientId=consumer-Consumer-topic-a8e9eb45_43a3_4fb6_baf1_e8872ae4eafb-10, groupId=Consumer-topic-a8e9eb45_43a3_4fb6_baf1_e8872ae4eafb] Found no committed offset for partition topic-a8e9eb45_43a3_4fb6_baf1_e8872ae4eafb-0
2025-08-06 15:38:08,694 INFO  [org.apa.kaf.cli.con.int.SubscriptionState] (Thread-669) [Consumer clientId=consumer-Consumer-topic-a8e9eb45_43a3_4fb6_baf1_e8872ae4eafb-10, groupId=Consumer-topic-a8e9eb45_43a3_4fb6_baf1_e8872ae4eafb] Resetting offset for partition topic-a8e9eb45_43a3_4fb6_baf1_e8872ae4eafb-0 to position FetchPosition{offset=0, offsetEpoch=Optional.empty, currentLeader=LeaderAndEpoch{leader=Optional[localhost:32769 (id: 0 rack: null)], epoch=0}}.
2025-08-06 15:38:08,781 INFO  [io.api.tes.ser.api.KafkaSerdesTester] (Thread-669) topic-a8e9eb45_43a3_4fb6_baf1_e8872ae4eafb 0 0 {"key11754494684399": "value-0"}
2025-08-06 15:38:08,781 INFO  [io.api.tes.ser.api.KafkaSerdesTester] (Thread-669) topic-a8e9eb45_43a3_4fb6_baf1_e8872ae4eafb 0 1 {"key11754494684399": "value-1"}
2025-08-06 15:38:08,781 INFO  [io.api.tes.ser.api.KafkaSerdesTester] (Thread-669) topic-a8e9eb45_43a3_4fb6_baf1_e8872ae4eafb 0 2 {"key11754494684399": "value-2"}
2025-08-06 15:38:08,781 INFO  [io.api.tes.ser.api.KafkaSerdesTester] (Thread-669) topic-a8e9eb45_43a3_4fb6_baf1_e8872ae4eafb 0 3 {"key11754494684399": "value-3"}
2025-08-06 15:38:08,781 INFO  [io.api.tes.ser.api.KafkaSerdesTester] (Thread-669) topic-a8e9eb45_43a3_4fb6_baf1_e8872ae4eafb 0 4 {"key11754494684399": "value-4"}
2025-08-06 15:38:08,781 INFO  [io.api.tes.ser.api.KafkaSerdesTester] (Thread-669) topic-a8e9eb45_43a3_4fb6_baf1_e8872ae4eafb 0 5 {"key11754494684399": "value-5"}
2025-08-06 15:38:08,781 INFO  [io.api.tes.ser.api.KafkaSerdesTester] (Thread-669) topic-a8e9eb45_43a3_4fb6_baf1_e8872ae4eafb 0 6 {"key11754494684399": "value-6"}
2025-08-06 15:38:08,781 INFO  [io.api.tes.ser.api.KafkaSerdesTester] (Thread-669) topic-a8e9eb45_43a3_4fb6_baf1_e8872ae4eafb 0 7 {"key11754494684399": "value-7"}
2025-08-06 15:38:08,781 INFO  [io.api.tes.ser.api.KafkaSerdesTester] (Thread-669) topic-a8e9eb45_43a3_4fb6_baf1_e8872ae4eafb 0 8 {"key11754494684399": "value-8"}
2025-08-06 15:38:08,781 INFO  [io.api.tes.ser.api.KafkaSerdesTester] (Thread-669) topic-a8e9eb45_43a3_4fb6_baf1_e8872ae4eafb 0 9 {"key11754494684399": "value-9"}
2025-08-06 15:38:08,781 INFO  [io.api.tes.ser.api.KafkaSerdesTester] (Thread-669) Consumed 10 messages
2025-08-06 15:38:08,788 INFO  [org.apa.kaf.cli.con.int.ConsumerRebalanceListenerInvoker] (Thread-669) [Consumer clientId=consumer-Consumer-topic-a8e9eb45_43a3_4fb6_baf1_e8872ae4eafb-10, groupId=Consumer-topic-a8e9eb45_43a3_4fb6_baf1_e8872ae4eafb] Revoke previously assigned partitions topic-a8e9eb45_43a3_4fb6_baf1_e8872ae4eafb-0
2025-08-06 15:38:08,788 INFO  [org.apa.kaf.cli.con.int.ConsumerCoordinator] (Thread-669) [Consumer clientId=consumer-Consumer-topic-a8e9eb45_43a3_4fb6_baf1_e8872ae4eafb-10, groupId=Consumer-topic-a8e9eb45_43a3_4fb6_baf1_e8872ae4eafb] Member consumer-Consumer-topic-a8e9eb45_43a3_4fb6_baf1_e8872ae4eafb-10-c56aafbe-214a-45bf-8c2e-8158110a7cf0 sending LeaveGroup request to coordinator localhost:32769 (id: 2147483647 rack: null) due to the consumer is being closed
2025-08-06 15:38:08,788 INFO  [org.apa.kaf.cli.con.int.ConsumerCoordinator] (Thread-669) [Consumer clientId=consumer-Consumer-topic-a8e9eb45_43a3_4fb6_baf1_e8872ae4eafb-10, groupId=Consumer-topic-a8e9eb45_43a3_4fb6_baf1_e8872ae4eafb] Resetting generation and member id due to: consumer pro-actively leaving the group
2025-08-06 15:38:08,788 INFO  [org.apa.kaf.cli.con.int.ConsumerCoordinator] (Thread-669) [Consumer clientId=consumer-Consumer-topic-a8e9eb45_43a3_4fb6_baf1_e8872ae4eafb-10, groupId=Consumer-topic-a8e9eb45_43a3_4fb6_baf1_e8872ae4eafb] Request joining group due to: consumer pro-actively leaving the group
2025-08-06 15:38:09,283 INFO  [org.apa.kaf.com.met.Metrics] (Thread-669) Metrics scheduler closed
2025-08-06 15:38:09,283 INFO  [org.apa.kaf.com.met.Metrics] (Thread-669) Closing reporter org.apache.kafka.common.metrics.JmxReporter
2025-08-06 15:38:09,283 INFO  [org.apa.kaf.com.met.Metrics] (Thread-669) Closing reporter org.apache.kafka.common.telemetry.internals.ClientTelemetryReporter
2025-08-06 15:38:09,283 INFO  [org.apa.kaf.com.met.Metrics] (Thread-669) Metrics reporters closed
2025-08-06 15:38:09,285 INFO  [org.apa.kaf.com.uti.AppInfoParser] (Thread-669) App info kafka.consumer for consumer-Consumer-topic-a8e9eb45_43a3_4fb6_baf1_e8872ae4eafb-10 unregistered
2025-08-06 15:38:09,285 INFO  [io.api.tes.uti.TestSeparator] (main) io.apicurio.tests.serdes.apicurio.AvroSerdeIT.testTopicRecordIdStrategydFindLatest-FINISHED
2025-08-06 15:38:09,285 INFO  [io.api.tes.uti.TestSeparator] (main) ############################################################################
Test passed: testTopicRecordIdStrategydFindLatest
]]></system-out>
  </testcase>
  <testcase name="testAvroConfluentForMultipleTopics" classname="io.apicurio.tests.serdes.apicurio.AvroSerdeIT" time="12.259">
    <system-out><![CDATA[2025-08-06 15:38:09,287 INFO  [io.api.tes.uti.TestSeparator] (main) ############################################################################
2025-08-06 15:38:09,287 INFO  [io.api.tes.uti.TestSeparator] (main) io.apicurio.tests.serdes.apicurio.AvroSerdeIT.testAvroConfluentForMultipleTopics-STARTED
2025-08-06 15:38:09,288 INFO  [io.api.tes.ser.api.AvroSerdeIT] (main) Registering Avro Schema: {"type":"record","name":"myrecordconfluent","fields":[{"name":"key11754494689287","type":"string"}]}
**** Registry Base URL: http://registry-app-mysql.apps.ci419.apicurio-testing.org:80
2025-08-06 15:38:10,389 INFO  [org.apa.kaf.cli.pro.ProducerConfig] (main) ProducerConfig values: 
	acks = -1
	auto.include.jmx.reporter = true
	batch.size = 16384
	bootstrap.servers = [PLAINTEXT://localhost:32769]
	buffer.memory = 33554432
	client.dns.lookup = use_all_dns_ips
	client.id = Producer-topic-7a22c096_4a1c_4563_8d30_37f50be23200
	compression.gzip.level = -1
	compression.lz4.level = 9
	compression.type = none
	compression.zstd.level = 3
	connections.max.idle.ms = 10000
	delivery.timeout.ms = 120000
	enable.idempotence = true
	enable.metrics.push = true
	interceptor.classes = []
	key.serializer = class org.apache.kafka.common.serialization.StringSerializer
	linger.ms = 0
	max.block.ms = 60000
	max.in.flight.requests.per.connection = 5
	max.request.size = 1048576
	metadata.max.age.ms = 300000
	metadata.max.idle.ms = 300000
	metadata.recovery.strategy = none
	metric.reporters = []
	metrics.num.samples = 2
	metrics.recording.level = INFO
	metrics.sample.window.ms = 30000
	partitioner.adaptive.partitioning.enable = true
	partitioner.availability.timeout.ms = 0
	partitioner.class = null
	partitioner.ignore.keys = false
	receive.buffer.bytes = 32768
	reconnect.backoff.max.ms = 1000
	reconnect.backoff.ms = 50
	request.timeout.ms = 5000
	retries = 2147483647
	retry.backoff.max.ms = 1000
	retry.backoff.ms = 100
	sasl.client.callback.handler.class = null
	sasl.jaas.config = null
	sasl.kerberos.kinit.cmd = /usr/bin/kinit
	sasl.kerberos.min.time.before.relogin = 60000
	sasl.kerberos.service.name = null
	sasl.kerberos.ticket.renew.jitter = 0.05
	sasl.kerberos.ticket.renew.window.factor = 0.8
	sasl.login.callback.handler.class = null
	sasl.login.class = null
	sasl.login.connect.timeout.ms = null
	sasl.login.read.timeout.ms = null
	sasl.login.refresh.buffer.seconds = 300
	sasl.login.refresh.min.period.seconds = 60
	sasl.login.refresh.window.factor = 0.8
	sasl.login.refresh.window.jitter = 0.05
	sasl.login.retry.backoff.max.ms = 10000
	sasl.login.retry.backoff.ms = 100
	sasl.mechanism = GSSAPI
	sasl.oauthbearer.clock.skew.seconds = 30
	sasl.oauthbearer.expected.audience = null
	sasl.oauthbearer.expected.issuer = null
	sasl.oauthbearer.header.urlencode = false
	sasl.oauthbearer.jwks.endpoint.refresh.ms = 3600000
	sasl.oauthbearer.jwks.endpoint.retry.backoff.max.ms = 10000
	sasl.oauthbearer.jwks.endpoint.retry.backoff.ms = 100
	sasl.oauthbearer.jwks.endpoint.url = null
	sasl.oauthbearer.scope.claim.name = scope
	sasl.oauthbearer.sub.claim.name = sub
	sasl.oauthbearer.token.endpoint.url = null
	security.protocol = PLAINTEXT
	security.providers = null
	send.buffer.bytes = 131072
	socket.connection.setup.timeout.max.ms = 30000
	socket.connection.setup.timeout.ms = 10000
	ssl.cipher.suites = null
	ssl.enabled.protocols = [TLSv1.2, TLSv1.3]
	ssl.endpoint.identification.algorithm = https
	ssl.engine.factory.class = null
	ssl.key.password = null
	ssl.keymanager.algorithm = SunX509
	ssl.keystore.certificate.chain = null
	ssl.keystore.key = null
	ssl.keystore.location = null
	ssl.keystore.password = null
	ssl.keystore.type = JKS
	ssl.protocol = TLSv1.3
	ssl.provider = null
	ssl.secure.random.implementation = null
	ssl.trustmanager.algorithm = PKIX
	ssl.truststore.certificates = null
	ssl.truststore.location = null
	ssl.truststore.password = null
	ssl.truststore.type = JKS
	transaction.timeout.ms = 60000
	transactional.id = null
	value.serializer = class io.apicurio.registry.serde.avro.AvroKafkaSerializer

2025-08-06 15:38:10,389 INFO  [org.apa.kaf.com.tel.int.KafkaMetricsCollector] (main) initializing Kafka metrics collector
2025-08-06 15:38:10,392 INFO  [org.apa.kaf.cli.pro.KafkaProducer] (main) [Producer clientId=Producer-topic-7a22c096_4a1c_4563_8d30_37f50be23200] Instantiated an idempotent producer.
2025-08-06 15:38:10,394 INFO  [org.apa.kaf.cli.pro.ProducerConfig] (main) These configurations '[apicurio.registry.url, apicurio.registry.artifact-resolver-strategy]' were supplied but are not used yet.
2025-08-06 15:38:10,394 INFO  [org.apa.kaf.com.uti.AppInfoParser] (main) Kafka version: 3.9.1
2025-08-06 15:38:10,394 INFO  [org.apa.kaf.com.uti.AppInfoParser] (main) Kafka commitId: f745dfdcee2b9851
2025-08-06 15:38:10,394 INFO  [org.apa.kaf.com.uti.AppInfoParser] (main) Kafka startTimeMs: 1754494690394
**** Registry Base URL: http://registry-app-mysql.apps.ci419.apicurio-testing.org:80
2025-08-06 15:38:10,395 INFO  [org.apa.kaf.cli.pro.ProducerConfig] (main) ProducerConfig values: 
	acks = -1
	auto.include.jmx.reporter = true
	batch.size = 16384
	bootstrap.servers = [PLAINTEXT://localhost:32769]
	buffer.memory = 33554432
	client.dns.lookup = use_all_dns_ips
	client.id = Producer-topic-607e2ce7_49ef_46cf_ba5b_f4134fd6a2d9
	compression.gzip.level = -1
	compression.lz4.level = 9
	compression.type = none
	compression.zstd.level = 3
	connections.max.idle.ms = 10000
	delivery.timeout.ms = 120000
	enable.idempotence = true
	enable.metrics.push = true
	interceptor.classes = []
	key.serializer = class org.apache.kafka.common.serialization.StringSerializer
	linger.ms = 0
	max.block.ms = 60000
	max.in.flight.requests.per.connection = 5
	max.request.size = 1048576
	metadata.max.age.ms = 300000
	metadata.max.idle.ms = 300000
	metadata.recovery.strategy = none
	metric.reporters = []
	metrics.num.samples = 2
	metrics.recording.level = INFO
	metrics.sample.window.ms = 30000
	partitioner.adaptive.partitioning.enable = true
	partitioner.availability.timeout.ms = 0
	partitioner.class = null
	partitioner.ignore.keys = false
	receive.buffer.bytes = 32768
	reconnect.backoff.max.ms = 1000
	reconnect.backoff.ms = 50
	request.timeout.ms = 5000
	retries = 2147483647
	retry.backoff.max.ms = 1000
	retry.backoff.ms = 100
	sasl.client.callback.handler.class = null
	sasl.jaas.config = null
	sasl.kerberos.kinit.cmd = /usr/bin/kinit
	sasl.kerberos.min.time.before.relogin = 60000
	sasl.kerberos.service.name = null
	sasl.kerberos.ticket.renew.jitter = 0.05
	sasl.kerberos.ticket.renew.window.factor = 0.8
	sasl.login.callback.handler.class = null
	sasl.login.class = null
	sasl.login.connect.timeout.ms = null
	sasl.login.read.timeout.ms = null
	sasl.login.refresh.buffer.seconds = 300
	sasl.login.refresh.min.period.seconds = 60
	sasl.login.refresh.window.factor = 0.8
	sasl.login.refresh.window.jitter = 0.05
	sasl.login.retry.backoff.max.ms = 10000
	sasl.login.retry.backoff.ms = 100
	sasl.mechanism = GSSAPI
	sasl.oauthbearer.clock.skew.seconds = 30
	sasl.oauthbearer.expected.audience = null
	sasl.oauthbearer.expected.issuer = null
	sasl.oauthbearer.header.urlencode = false
	sasl.oauthbearer.jwks.endpoint.refresh.ms = 3600000
	sasl.oauthbearer.jwks.endpoint.retry.backoff.max.ms = 10000
	sasl.oauthbearer.jwks.endpoint.retry.backoff.ms = 100
	sasl.oauthbearer.jwks.endpoint.url = null
	sasl.oauthbearer.scope.claim.name = scope
	sasl.oauthbearer.sub.claim.name = sub
	sasl.oauthbearer.token.endpoint.url = null
	security.protocol = PLAINTEXT
	security.providers = null
	send.buffer.bytes = 131072
	socket.connection.setup.timeout.max.ms = 30000
	socket.connection.setup.timeout.ms = 10000
	ssl.cipher.suites = null
	ssl.enabled.protocols = [TLSv1.2, TLSv1.3]
	ssl.endpoint.identification.algorithm = https
	ssl.engine.factory.class = null
	ssl.key.password = null
	ssl.keymanager.algorithm = SunX509
	ssl.keystore.certificate.chain = null
	ssl.keystore.key = null
	ssl.keystore.location = null
	ssl.keystore.password = null
	ssl.keystore.type = JKS
	ssl.protocol = TLSv1.3
	ssl.provider = null
	ssl.secure.random.implementation = null
	ssl.trustmanager.algorithm = PKIX
	ssl.truststore.certificates = null
	ssl.truststore.location = null
	ssl.truststore.password = null
	ssl.truststore.type = JKS
	transaction.timeout.ms = 60000
	transactional.id = null
	value.serializer = class io.apicurio.registry.serde.avro.AvroKafkaSerializer

2025-08-06 15:38:10,395 INFO  [org.apa.kaf.com.tel.int.KafkaMetricsCollector] (main) initializing Kafka metrics collector
2025-08-06 15:38:10,400 INFO  [org.apa.kaf.cli.Metadata] (kafka-producer-network-thread | Producer-topic-7a22c096_4a1c_4563_8d30_37f50be23200) [Producer clientId=Producer-topic-7a22c096_4a1c_4563_8d30_37f50be23200] Cluster ID: dgPJ9z-1S5ugXzLx2i-R9Q
2025-08-06 15:38:10,401 INFO  [org.apa.kaf.cli.pro.int.TransactionManager] (kafka-producer-network-thread | Producer-topic-7a22c096_4a1c_4563_8d30_37f50be23200) [Producer clientId=Producer-topic-7a22c096_4a1c_4563_8d30_37f50be23200] ProducerId set to 14 with epoch 0
2025-08-06 15:38:10,402 INFO  [org.apa.kaf.cli.pro.KafkaProducer] (main) [Producer clientId=Producer-topic-607e2ce7_49ef_46cf_ba5b_f4134fd6a2d9] Instantiated an idempotent producer.
2025-08-06 15:38:10,404 INFO  [org.apa.kaf.cli.pro.ProducerConfig] (main) These configurations '[apicurio.registry.url, apicurio.registry.artifact-resolver-strategy]' were supplied but are not used yet.
2025-08-06 15:38:10,404 INFO  [org.apa.kaf.com.uti.AppInfoParser] (main) Kafka version: 3.9.1
2025-08-06 15:38:10,404 INFO  [org.apa.kaf.com.uti.AppInfoParser] (main) Kafka commitId: f745dfdcee2b9851
2025-08-06 15:38:10,404 INFO  [org.apa.kaf.com.uti.AppInfoParser] (main) Kafka startTimeMs: 1754494690404
**** Registry Base URL: http://registry-app-mysql.apps.ci419.apicurio-testing.org:80
2025-08-06 15:38:10,405 INFO  [org.apa.kaf.cli.pro.ProducerConfig] (main) ProducerConfig values: 
	acks = -1
	auto.include.jmx.reporter = true
	batch.size = 16384
	bootstrap.servers = [PLAINTEXT://localhost:32769]
	buffer.memory = 33554432
	client.dns.lookup = use_all_dns_ips
	client.id = Producer-topic-734bad7a_a9c4_4240_8727_8ad26cac7b1e
	compression.gzip.level = -1
	compression.lz4.level = 9
	compression.type = none
	compression.zstd.level = 3
	connections.max.idle.ms = 10000
	delivery.timeout.ms = 120000
	enable.idempotence = true
	enable.metrics.push = true
	interceptor.classes = []
	key.serializer = class org.apache.kafka.common.serialization.StringSerializer
	linger.ms = 0
	max.block.ms = 60000
	max.in.flight.requests.per.connection = 5
	max.request.size = 1048576
	metadata.max.age.ms = 300000
	metadata.max.idle.ms = 300000
	metadata.recovery.strategy = none
	metric.reporters = []
	metrics.num.samples = 2
	metrics.recording.level = INFO
	metrics.sample.window.ms = 30000
	partitioner.adaptive.partitioning.enable = true
	partitioner.availability.timeout.ms = 0
	partitioner.class = null
	partitioner.ignore.keys = false
	receive.buffer.bytes = 32768
	reconnect.backoff.max.ms = 1000
	reconnect.backoff.ms = 50
	request.timeout.ms = 5000
	retries = 2147483647
	retry.backoff.max.ms = 1000
	retry.backoff.ms = 100
	sasl.client.callback.handler.class = null
	sasl.jaas.config = null
	sasl.kerberos.kinit.cmd = /usr/bin/kinit
	sasl.kerberos.min.time.before.relogin = 60000
	sasl.kerberos.service.name = null
	sasl.kerberos.ticket.renew.jitter = 0.05
	sasl.kerberos.ticket.renew.window.factor = 0.8
	sasl.login.callback.handler.class = null
	sasl.login.class = null
	sasl.login.connect.timeout.ms = null
	sasl.login.read.timeout.ms = null
	sasl.login.refresh.buffer.seconds = 300
	sasl.login.refresh.min.period.seconds = 60
	sasl.login.refresh.window.factor = 0.8
	sasl.login.refresh.window.jitter = 0.05
	sasl.login.retry.backoff.max.ms = 10000
	sasl.login.retry.backoff.ms = 100
	sasl.mechanism = GSSAPI
	sasl.oauthbearer.clock.skew.seconds = 30
	sasl.oauthbearer.expected.audience = null
	sasl.oauthbearer.expected.issuer = null
	sasl.oauthbearer.header.urlencode = false
	sasl.oauthbearer.jwks.endpoint.refresh.ms = 3600000
	sasl.oauthbearer.jwks.endpoint.retry.backoff.max.ms = 10000
	sasl.oauthbearer.jwks.endpoint.retry.backoff.ms = 100
	sasl.oauthbearer.jwks.endpoint.url = null
	sasl.oauthbearer.scope.claim.name = scope
	sasl.oauthbearer.sub.claim.name = sub
	sasl.oauthbearer.token.endpoint.url = null
	security.protocol = PLAINTEXT
	security.providers = null
	send.buffer.bytes = 131072
	socket.connection.setup.timeout.max.ms = 30000
	socket.connection.setup.timeout.ms = 10000
	ssl.cipher.suites = null
	ssl.enabled.protocols = [TLSv1.2, TLSv1.3]
	ssl.endpoint.identification.algorithm = https
	ssl.engine.factory.class = null
	ssl.key.password = null
	ssl.keymanager.algorithm = SunX509
	ssl.keystore.certificate.chain = null
	ssl.keystore.key = null
	ssl.keystore.location = null
	ssl.keystore.password = null
	ssl.keystore.type = JKS
	ssl.protocol = TLSv1.3
	ssl.provider = null
	ssl.secure.random.implementation = null
	ssl.trustmanager.algorithm = PKIX
	ssl.truststore.certificates = null
	ssl.truststore.location = null
	ssl.truststore.password = null
	ssl.truststore.type = JKS
	transaction.timeout.ms = 60000
	transactional.id = null
	value.serializer = class io.apicurio.registry.serde.avro.AvroKafkaSerializer

2025-08-06 15:38:10,405 INFO  [org.apa.kaf.com.tel.int.KafkaMetricsCollector] (main) initializing Kafka metrics collector
2025-08-06 15:38:10,410 INFO  [org.apa.kaf.cli.pro.KafkaProducer] (main) [Producer clientId=Producer-topic-734bad7a_a9c4_4240_8727_8ad26cac7b1e] Instantiated an idempotent producer.
2025-08-06 15:38:10,411 INFO  [org.apa.kaf.cli.Metadata] (kafka-producer-network-thread | Producer-topic-607e2ce7_49ef_46cf_ba5b_f4134fd6a2d9) [Producer clientId=Producer-topic-607e2ce7_49ef_46cf_ba5b_f4134fd6a2d9] Cluster ID: dgPJ9z-1S5ugXzLx2i-R9Q
2025-08-06 15:38:10,411 INFO  [org.apa.kaf.cli.pro.int.TransactionManager] (kafka-producer-network-thread | Producer-topic-607e2ce7_49ef_46cf_ba5b_f4134fd6a2d9) [Producer clientId=Producer-topic-607e2ce7_49ef_46cf_ba5b_f4134fd6a2d9] ProducerId set to 15 with epoch 0
2025-08-06 15:38:10,412 INFO  [org.apa.kaf.cli.pro.ProducerConfig] (main) These configurations '[apicurio.registry.url, apicurio.registry.artifact-resolver-strategy]' were supplied but are not used yet.
2025-08-06 15:38:10,413 INFO  [org.apa.kaf.com.uti.AppInfoParser] (main) Kafka version: 3.9.1
2025-08-06 15:38:10,413 INFO  [org.apa.kaf.com.uti.AppInfoParser] (main) Kafka commitId: f745dfdcee2b9851
2025-08-06 15:38:10,413 INFO  [org.apa.kaf.com.uti.AppInfoParser] (main) Kafka startTimeMs: 1754494690413
**** Registry Base URL: http://registry-app-mysql.apps.ci419.apicurio-testing.org:80
2025-08-06 15:38:10,414 INFO  [org.apa.kaf.cli.con.ConsumerConfig] (main) ConsumerConfig values: 
	allow.auto.create.topics = true
	auto.commit.interval.ms = 500
	auto.include.jmx.reporter = true
	auto.offset.reset = earliest
	bootstrap.servers = [PLAINTEXT://localhost:32769]
	check.crcs = true
	client.dns.lookup = use_all_dns_ips
	client.id = consumer-Consumer-topic-7a22c096_4a1c_4563_8d30_37f50be23200-11
	client.rack = 
	connections.max.idle.ms = 10000
	default.api.timeout.ms = 60000
	enable.auto.commit = true
	enable.metrics.push = true
	exclude.internal.topics = true
	fetch.max.bytes = 52428800
	fetch.max.wait.ms = 500
	fetch.min.bytes = 1
	group.id = Consumer-topic-7a22c096_4a1c_4563_8d30_37f50be23200
	group.instance.id = null
	group.protocol = classic
	group.remote.assignor = null
	heartbeat.interval.ms = 3000
	interceptor.classes = []
	internal.leave.group.on.close = true
	internal.throw.on.fetch.stable.offset.unsupported = false
	isolation.level = read_uncommitted
	key.deserializer = class org.apache.kafka.common.serialization.StringDeserializer
	max.partition.fetch.bytes = 1048576
	max.poll.interval.ms = 300000
	max.poll.records = 500
	metadata.max.age.ms = 300000
	metadata.recovery.strategy = none
	metric.reporters = []
	metrics.num.samples = 2
	metrics.recording.level = INFO
	metrics.sample.window.ms = 30000
	partition.assignment.strategy = [class org.apache.kafka.clients.consumer.RangeAssignor, class org.apache.kafka.clients.consumer.CooperativeStickyAssignor]
	receive.buffer.bytes = 65536
	reconnect.backoff.max.ms = 1000
	reconnect.backoff.ms = 50
	request.timeout.ms = 5000
	retry.backoff.max.ms = 1000
	retry.backoff.ms = 100
	sasl.client.callback.handler.class = null
	sasl.jaas.config = null
	sasl.kerberos.kinit.cmd = /usr/bin/kinit
	sasl.kerberos.min.time.before.relogin = 60000
	sasl.kerberos.service.name = null
	sasl.kerberos.ticket.renew.jitter = 0.05
	sasl.kerberos.ticket.renew.window.factor = 0.8
	sasl.login.callback.handler.class = null
	sasl.login.class = null
	sasl.login.connect.timeout.ms = null
	sasl.login.read.timeout.ms = null
	sasl.login.refresh.buffer.seconds = 300
	sasl.login.refresh.min.period.seconds = 60
	sasl.login.refresh.window.factor = 0.8
	sasl.login.refresh.window.jitter = 0.05
	sasl.login.retry.backoff.max.ms = 10000
	sasl.login.retry.backoff.ms = 100
	sasl.mechanism = GSSAPI
	sasl.oauthbearer.clock.skew.seconds = 30
	sasl.oauthbearer.expected.audience = null
	sasl.oauthbearer.expected.issuer = null
	sasl.oauthbearer.header.urlencode = false
	sasl.oauthbearer.jwks.endpoint.refresh.ms = 3600000
	sasl.oauthbearer.jwks.endpoint.retry.backoff.max.ms = 10000
	sasl.oauthbearer.jwks.endpoint.retry.backoff.ms = 100
	sasl.oauthbearer.jwks.endpoint.url = null
	sasl.oauthbearer.scope.claim.name = scope
	sasl.oauthbearer.sub.claim.name = sub
	sasl.oauthbearer.token.endpoint.url = null
	security.protocol = PLAINTEXT
	security.providers = null
	send.buffer.bytes = 131072
	session.timeout.ms = 45000
	socket.connection.setup.timeout.max.ms = 30000
	socket.connection.setup.timeout.ms = 10000
	ssl.cipher.suites = null
	ssl.enabled.protocols = [TLSv1.2, TLSv1.3]
	ssl.endpoint.identification.algorithm = https
	ssl.engine.factory.class = null
	ssl.key.password = null
	ssl.keymanager.algorithm = SunX509
	ssl.keystore.certificate.chain = null
	ssl.keystore.key = null
	ssl.keystore.location = null
	ssl.keystore.password = null
	ssl.keystore.type = JKS
	ssl.protocol = TLSv1.3
	ssl.provider = null
	ssl.secure.random.implementation = null
	ssl.trustmanager.algorithm = PKIX
	ssl.truststore.certificates = null
	ssl.truststore.location = null
	ssl.truststore.password = null
	ssl.truststore.type = JKS
	value.deserializer = class io.apicurio.registry.serde.avro.AvroKafkaDeserializer

2025-08-06 15:38:10,414 INFO  [org.apa.kaf.com.tel.int.KafkaMetricsCollector] (main) initializing Kafka metrics collector
2025-08-06 15:38:10,421 INFO  [org.apa.kaf.cli.Metadata] (kafka-producer-network-thread | Producer-topic-734bad7a_a9c4_4240_8727_8ad26cac7b1e) [Producer clientId=Producer-topic-734bad7a_a9c4_4240_8727_8ad26cac7b1e] Cluster ID: dgPJ9z-1S5ugXzLx2i-R9Q
2025-08-06 15:38:10,421 INFO  [org.apa.kaf.cli.pro.int.TransactionManager] (kafka-producer-network-thread | Producer-topic-734bad7a_a9c4_4240_8727_8ad26cac7b1e) [Producer clientId=Producer-topic-734bad7a_a9c4_4240_8727_8ad26cac7b1e] ProducerId set to 16 with epoch 0
2025-08-06 15:38:10,421 INFO  [org.apa.kaf.cli.con.ConsumerConfig] (main) These configurations '[apicurio.registry.url]' were supplied but are not used yet.
2025-08-06 15:38:10,421 INFO  [org.apa.kaf.com.uti.AppInfoParser] (main) Kafka version: 3.9.1
2025-08-06 15:38:10,421 INFO  [org.apa.kaf.com.uti.AppInfoParser] (main) Kafka commitId: f745dfdcee2b9851
2025-08-06 15:38:10,421 INFO  [org.apa.kaf.com.uti.AppInfoParser] (main) Kafka startTimeMs: 1754494690421
**** Registry Base URL: http://registry-app-mysql.apps.ci419.apicurio-testing.org:80
2025-08-06 15:38:10,421 INFO  [org.apa.kaf.cli.con.ConsumerConfig] (main) ConsumerConfig values: 
	allow.auto.create.topics = true
	auto.commit.interval.ms = 500
	auto.include.jmx.reporter = true
	auto.offset.reset = earliest
	bootstrap.servers = [PLAINTEXT://localhost:32769]
	check.crcs = true
	client.dns.lookup = use_all_dns_ips
	client.id = consumer-Consumer-topic-607e2ce7_49ef_46cf_ba5b_f4134fd6a2d9-12
	client.rack = 
	connections.max.idle.ms = 10000
	default.api.timeout.ms = 60000
	enable.auto.commit = true
	enable.metrics.push = true
	exclude.internal.topics = true
	fetch.max.bytes = 52428800
	fetch.max.wait.ms = 500
	fetch.min.bytes = 1
	group.id = Consumer-topic-607e2ce7_49ef_46cf_ba5b_f4134fd6a2d9
	group.instance.id = null
	group.protocol = classic
	group.remote.assignor = null
	heartbeat.interval.ms = 3000
	interceptor.classes = []
	internal.leave.group.on.close = true
	internal.throw.on.fetch.stable.offset.unsupported = false
	isolation.level = read_uncommitted
	key.deserializer = class org.apache.kafka.common.serialization.StringDeserializer
	max.partition.fetch.bytes = 1048576
	max.poll.interval.ms = 300000
	max.poll.records = 500
	metadata.max.age.ms = 300000
	metadata.recovery.strategy = none
	metric.reporters = []
	metrics.num.samples = 2
	metrics.recording.level = INFO
	metrics.sample.window.ms = 30000
	partition.assignment.strategy = [class org.apache.kafka.clients.consumer.RangeAssignor, class org.apache.kafka.clients.consumer.CooperativeStickyAssignor]
	receive.buffer.bytes = 65536
	reconnect.backoff.max.ms = 1000
	reconnect.backoff.ms = 50
	request.timeout.ms = 5000
	retry.backoff.max.ms = 1000
	retry.backoff.ms = 100
	sasl.client.callback.handler.class = null
	sasl.jaas.config = null
	sasl.kerberos.kinit.cmd = /usr/bin/kinit
	sasl.kerberos.min.time.before.relogin = 60000
	sasl.kerberos.service.name = null
	sasl.kerberos.ticket.renew.jitter = 0.05
	sasl.kerberos.ticket.renew.window.factor = 0.8
	sasl.login.callback.handler.class = null
	sasl.login.class = null
	sasl.login.connect.timeout.ms = null
	sasl.login.read.timeout.ms = null
	sasl.login.refresh.buffer.seconds = 300
	sasl.login.refresh.min.period.seconds = 60
	sasl.login.refresh.window.factor = 0.8
	sasl.login.refresh.window.jitter = 0.05
	sasl.login.retry.backoff.max.ms = 10000
	sasl.login.retry.backoff.ms = 100
	sasl.mechanism = GSSAPI
	sasl.oauthbearer.clock.skew.seconds = 30
	sasl.oauthbearer.expected.audience = null
	sasl.oauthbearer.expected.issuer = null
	sasl.oauthbearer.header.urlencode = false
	sasl.oauthbearer.jwks.endpoint.refresh.ms = 3600000
	sasl.oauthbearer.jwks.endpoint.retry.backoff.max.ms = 10000
	sasl.oauthbearer.jwks.endpoint.retry.backoff.ms = 100
	sasl.oauthbearer.jwks.endpoint.url = null
	sasl.oauthbearer.scope.claim.name = scope
	sasl.oauthbearer.sub.claim.name = sub
	sasl.oauthbearer.token.endpoint.url = null
	security.protocol = PLAINTEXT
	security.providers = null
	send.buffer.bytes = 131072
	session.timeout.ms = 45000
	socket.connection.setup.timeout.max.ms = 30000
	socket.connection.setup.timeout.ms = 10000
	ssl.cipher.suites = null
	ssl.enabled.protocols = [TLSv1.2, TLSv1.3]
	ssl.endpoint.identification.algorithm = https
	ssl.engine.factory.class = null
	ssl.key.password = null
	ssl.keymanager.algorithm = SunX509
	ssl.keystore.certificate.chain = null
	ssl.keystore.key = null
	ssl.keystore.location = null
	ssl.keystore.password = null
	ssl.keystore.type = JKS
	ssl.protocol = TLSv1.3
	ssl.provider = null
	ssl.secure.random.implementation = null
	ssl.trustmanager.algorithm = PKIX
	ssl.truststore.certificates = null
	ssl.truststore.location = null
	ssl.truststore.password = null
	ssl.truststore.type = JKS
	value.deserializer = class io.apicurio.registry.serde.avro.AvroKafkaDeserializer

2025-08-06 15:38:10,422 INFO  [org.apa.kaf.com.tel.int.KafkaMetricsCollector] (main) initializing Kafka metrics collector
2025-08-06 15:38:10,426 INFO  [org.apa.kaf.cli.con.ConsumerConfig] (main) These configurations '[apicurio.registry.url]' were supplied but are not used yet.
2025-08-06 15:38:10,426 INFO  [org.apa.kaf.com.uti.AppInfoParser] (main) Kafka version: 3.9.1
2025-08-06 15:38:10,426 INFO  [org.apa.kaf.com.uti.AppInfoParser] (main) Kafka commitId: f745dfdcee2b9851
2025-08-06 15:38:10,426 INFO  [org.apa.kaf.com.uti.AppInfoParser] (main) Kafka startTimeMs: 1754494690426
**** Registry Base URL: http://registry-app-mysql.apps.ci419.apicurio-testing.org:80
2025-08-06 15:38:10,427 INFO  [org.apa.kaf.cli.con.ConsumerConfig] (main) ConsumerConfig values: 
	allow.auto.create.topics = true
	auto.commit.interval.ms = 500
	auto.include.jmx.reporter = true
	auto.offset.reset = earliest
	bootstrap.servers = [PLAINTEXT://localhost:32769]
	check.crcs = true
	client.dns.lookup = use_all_dns_ips
	client.id = consumer-Consumer-topic-734bad7a_a9c4_4240_8727_8ad26cac7b1e-13
	client.rack = 
	connections.max.idle.ms = 10000
	default.api.timeout.ms = 60000
	enable.auto.commit = true
	enable.metrics.push = true
	exclude.internal.topics = true
	fetch.max.bytes = 52428800
	fetch.max.wait.ms = 500
	fetch.min.bytes = 1
	group.id = Consumer-topic-734bad7a_a9c4_4240_8727_8ad26cac7b1e
	group.instance.id = null
	group.protocol = classic
	group.remote.assignor = null
	heartbeat.interval.ms = 3000
	interceptor.classes = []
	internal.leave.group.on.close = true
	internal.throw.on.fetch.stable.offset.unsupported = false
	isolation.level = read_uncommitted
	key.deserializer = class org.apache.kafka.common.serialization.StringDeserializer
	max.partition.fetch.bytes = 1048576
	max.poll.interval.ms = 300000
	max.poll.records = 500
	metadata.max.age.ms = 300000
	metadata.recovery.strategy = none
	metric.reporters = []
	metrics.num.samples = 2
	metrics.recording.level = INFO
	metrics.sample.window.ms = 30000
	partition.assignment.strategy = [class org.apache.kafka.clients.consumer.RangeAssignor, class org.apache.kafka.clients.consumer.CooperativeStickyAssignor]
	receive.buffer.bytes = 65536
	reconnect.backoff.max.ms = 1000
	reconnect.backoff.ms = 50
	request.timeout.ms = 5000
	retry.backoff.max.ms = 1000
	retry.backoff.ms = 100
	sasl.client.callback.handler.class = null
	sasl.jaas.config = null
	sasl.kerberos.kinit.cmd = /usr/bin/kinit
	sasl.kerberos.min.time.before.relogin = 60000
	sasl.kerberos.service.name = null
	sasl.kerberos.ticket.renew.jitter = 0.05
	sasl.kerberos.ticket.renew.window.factor = 0.8
	sasl.login.callback.handler.class = null
	sasl.login.class = null
	sasl.login.connect.timeout.ms = null
	sasl.login.read.timeout.ms = null
	sasl.login.refresh.buffer.seconds = 300
	sasl.login.refresh.min.period.seconds = 60
	sasl.login.refresh.window.factor = 0.8
	sasl.login.refresh.window.jitter = 0.05
	sasl.login.retry.backoff.max.ms = 10000
	sasl.login.retry.backoff.ms = 100
	sasl.mechanism = GSSAPI
	sasl.oauthbearer.clock.skew.seconds = 30
	sasl.oauthbearer.expected.audience = null
	sasl.oauthbearer.expected.issuer = null
	sasl.oauthbearer.header.urlencode = false
	sasl.oauthbearer.jwks.endpoint.refresh.ms = 3600000
	sasl.oauthbearer.jwks.endpoint.retry.backoff.max.ms = 10000
	sasl.oauthbearer.jwks.endpoint.retry.backoff.ms = 100
	sasl.oauthbearer.jwks.endpoint.url = null
	sasl.oauthbearer.scope.claim.name = scope
	sasl.oauthbearer.sub.claim.name = sub
	sasl.oauthbearer.token.endpoint.url = null
	security.protocol = PLAINTEXT
	security.providers = null
	send.buffer.bytes = 131072
	session.timeout.ms = 45000
	socket.connection.setup.timeout.max.ms = 30000
	socket.connection.setup.timeout.ms = 10000
	ssl.cipher.suites = null
	ssl.enabled.protocols = [TLSv1.2, TLSv1.3]
	ssl.endpoint.identification.algorithm = https
	ssl.engine.factory.class = null
	ssl.key.password = null
	ssl.keymanager.algorithm = SunX509
	ssl.keystore.certificate.chain = null
	ssl.keystore.key = null
	ssl.keystore.location = null
	ssl.keystore.password = null
	ssl.keystore.type = JKS
	ssl.protocol = TLSv1.3
	ssl.provider = null
	ssl.secure.random.implementation = null
	ssl.trustmanager.algorithm = PKIX
	ssl.truststore.certificates = null
	ssl.truststore.location = null
	ssl.truststore.password = null
	ssl.truststore.type = JKS
	value.deserializer = class io.apicurio.registry.serde.avro.AvroKafkaDeserializer

2025-08-06 15:38:10,427 INFO  [org.apa.kaf.com.tel.int.KafkaMetricsCollector] (main) initializing Kafka metrics collector
2025-08-06 15:38:10,431 INFO  [org.apa.kaf.cli.con.ConsumerConfig] (main) These configurations '[apicurio.registry.url]' were supplied but are not used yet.
2025-08-06 15:38:10,431 INFO  [org.apa.kaf.com.uti.AppInfoParser] (main) Kafka version: 3.9.1
2025-08-06 15:38:10,431 INFO  [org.apa.kaf.com.uti.AppInfoParser] (main) Kafka commitId: f745dfdcee2b9851
2025-08-06 15:38:10,431 INFO  [org.apa.kaf.com.uti.AppInfoParser] (main) Kafka startTimeMs: 1754494690431
2025-08-06 15:38:10,431 INFO  [io.api.tes.ser.api.KafkaSerdesTester] (Thread-682) Sending message {"key11754494689287": "value-0"} to topic topic-7a22c096_4a1c_4563_8d30_37f50be23200
2025-08-06 15:38:10,436 INFO  [DefaultSchemaResolver] (Thread-682) Retrieving schema content using string: {"type":"record","name":"myrecordconfluent","fields":[{"name":"key11754494689287","type":"string"}]}
2025-08-06 15:38:10,499 INFO  [io.api.tes.ser.api.KafkaSerdesTester] (Thread-682) Sending message {"key11754494689287": "value-1"} to topic topic-7a22c096_4a1c_4563_8d30_37f50be23200
2025-08-06 15:38:10,500 INFO  [io.api.tes.ser.api.KafkaSerdesTester] (Thread-682) Sending message {"key11754494689287": "value-2"} to topic topic-7a22c096_4a1c_4563_8d30_37f50be23200
2025-08-06 15:38:10,502 INFO  [io.api.tes.ser.api.KafkaSerdesTester] (Thread-682) Sending message {"key11754494689287": "value-3"} to topic topic-7a22c096_4a1c_4563_8d30_37f50be23200
2025-08-06 15:38:10,506 INFO  [io.api.tes.ser.api.KafkaSerdesTester] (Thread-682) Sending message {"key11754494689287": "value-4"} to topic topic-7a22c096_4a1c_4563_8d30_37f50be23200
2025-08-06 15:38:10,507 INFO  [io.api.tes.ser.api.KafkaSerdesTester] (Thread-682) Sending message {"key11754494689287": "value-5"} to topic topic-7a22c096_4a1c_4563_8d30_37f50be23200
2025-08-06 15:38:10,509 INFO  [io.api.tes.ser.api.KafkaSerdesTester] (Thread-682) Sending message {"key11754494689287": "value-6"} to topic topic-7a22c096_4a1c_4563_8d30_37f50be23200
2025-08-06 15:38:10,513 INFO  [io.api.tes.ser.api.KafkaSerdesTester] (Thread-682) Sending message {"key11754494689287": "value-7"} to topic topic-7a22c096_4a1c_4563_8d30_37f50be23200
2025-08-06 15:38:10,515 INFO  [io.api.tes.ser.api.KafkaSerdesTester] (Thread-682) Sending message {"key11754494689287": "value-8"} to topic topic-7a22c096_4a1c_4563_8d30_37f50be23200
2025-08-06 15:38:10,517 INFO  [io.api.tes.ser.api.KafkaSerdesTester] (Thread-682) Sending message {"key11754494689287": "value-9"} to topic topic-7a22c096_4a1c_4563_8d30_37f50be23200
2025-08-06 15:38:10,519 INFO  [io.api.tes.ser.api.KafkaSerdesTester] (Thread-682) Produced 10 messages
2025-08-06 15:38:10,519 INFO  [org.apa.kaf.cli.pro.KafkaProducer] (Thread-682) [Producer clientId=Producer-topic-7a22c096_4a1c_4563_8d30_37f50be23200] Closing the Kafka producer with timeoutMillis = 9223372036854775807 ms.
2025-08-06 15:38:10,522 INFO  [org.apa.kaf.com.met.Metrics] (Thread-682) Metrics scheduler closed
2025-08-06 15:38:10,522 INFO  [org.apa.kaf.com.met.Metrics] (Thread-682) Closing reporter org.apache.kafka.common.metrics.JmxReporter
2025-08-06 15:38:10,522 INFO  [org.apa.kaf.com.met.Metrics] (Thread-682) Closing reporter org.apache.kafka.common.telemetry.internals.ClientTelemetryReporter
2025-08-06 15:38:10,522 INFO  [org.apa.kaf.com.met.Metrics] (Thread-682) Metrics reporters closed
2025-08-06 15:38:10,523 INFO  [org.apa.kaf.com.uti.AppInfoParser] (Thread-682) App info kafka.producer for Producer-topic-7a22c096_4a1c_4563_8d30_37f50be23200 unregistered
2025-08-06 15:38:10,525 INFO  [io.api.tes.ser.api.KafkaSerdesTester] (Thread-683) Sending message {"key11754494689287": "value-0"} to topic topic-607e2ce7_49ef_46cf_ba5b_f4134fd6a2d9
2025-08-06 15:38:10,531 INFO  [DefaultSchemaResolver] (Thread-683) Retrieving schema content using string: {"type":"record","name":"myrecordconfluent","fields":[{"name":"key11754494689287","type":"string"}]}
2025-08-06 15:38:10,589 INFO  [io.api.tes.ser.api.KafkaSerdesTester] (Thread-683) Sending message {"key11754494689287": "value-1"} to topic topic-607e2ce7_49ef_46cf_ba5b_f4134fd6a2d9
2025-08-06 15:38:10,592 INFO  [io.api.tes.ser.api.KafkaSerdesTester] (Thread-683) Sending message {"key11754494689287": "value-2"} to topic topic-607e2ce7_49ef_46cf_ba5b_f4134fd6a2d9
2025-08-06 15:38:10,594 INFO  [io.api.tes.ser.api.KafkaSerdesTester] (Thread-683) Sending message {"key11754494689287": "value-3"} to topic topic-607e2ce7_49ef_46cf_ba5b_f4134fd6a2d9
2025-08-06 15:38:10,595 INFO  [io.api.tes.ser.api.KafkaSerdesTester] (Thread-683) Sending message {"key11754494689287": "value-4"} to topic topic-607e2ce7_49ef_46cf_ba5b_f4134fd6a2d9
2025-08-06 15:38:10,596 INFO  [io.api.tes.ser.api.KafkaSerdesTester] (Thread-683) Sending message {"key11754494689287": "value-5"} to topic topic-607e2ce7_49ef_46cf_ba5b_f4134fd6a2d9
2025-08-06 15:38:10,600 INFO  [io.api.tes.ser.api.KafkaSerdesTester] (Thread-683) Sending message {"key11754494689287": "value-6"} to topic topic-607e2ce7_49ef_46cf_ba5b_f4134fd6a2d9
2025-08-06 15:38:10,604 INFO  [io.api.tes.ser.api.KafkaSerdesTester] (Thread-683) Sending message {"key11754494689287": "value-7"} to topic topic-607e2ce7_49ef_46cf_ba5b_f4134fd6a2d9
2025-08-06 15:38:10,608 INFO  [io.api.tes.ser.api.KafkaSerdesTester] (Thread-683) Sending message {"key11754494689287": "value-8"} to topic topic-607e2ce7_49ef_46cf_ba5b_f4134fd6a2d9
2025-08-06 15:38:10,611 INFO  [io.api.tes.ser.api.KafkaSerdesTester] (Thread-683) Sending message {"key11754494689287": "value-9"} to topic topic-607e2ce7_49ef_46cf_ba5b_f4134fd6a2d9
2025-08-06 15:38:10,613 INFO  [io.api.tes.ser.api.KafkaSerdesTester] (Thread-683) Produced 10 messages
2025-08-06 15:38:10,613 INFO  [org.apa.kaf.cli.pro.KafkaProducer] (Thread-683) [Producer clientId=Producer-topic-607e2ce7_49ef_46cf_ba5b_f4134fd6a2d9] Closing the Kafka producer with timeoutMillis = 9223372036854775807 ms.
2025-08-06 15:38:10,615 INFO  [org.apa.kaf.com.met.Metrics] (Thread-683) Metrics scheduler closed
2025-08-06 15:38:10,615 INFO  [org.apa.kaf.com.met.Metrics] (Thread-683) Closing reporter org.apache.kafka.common.metrics.JmxReporter
2025-08-06 15:38:10,615 INFO  [org.apa.kaf.com.met.Metrics] (Thread-683) Closing reporter org.apache.kafka.common.telemetry.internals.ClientTelemetryReporter
2025-08-06 15:38:10,615 INFO  [org.apa.kaf.com.met.Metrics] (Thread-683) Metrics reporters closed
2025-08-06 15:38:10,615 INFO  [org.apa.kaf.com.uti.AppInfoParser] (Thread-683) App info kafka.producer for Producer-topic-607e2ce7_49ef_46cf_ba5b_f4134fd6a2d9 unregistered
2025-08-06 15:38:10,617 INFO  [io.api.tes.ser.api.KafkaSerdesTester] (Thread-684) Sending message {"key11754494689287": "value-0"} to topic topic-734bad7a_a9c4_4240_8727_8ad26cac7b1e
2025-08-06 15:38:10,622 INFO  [DefaultSchemaResolver] (Thread-684) Retrieving schema content using string: {"type":"record","name":"myrecordconfluent","fields":[{"name":"key11754494689287","type":"string"}]}
2025-08-06 15:38:10,679 INFO  [io.api.tes.ser.api.KafkaSerdesTester] (Thread-684) Sending message {"key11754494689287": "value-1"} to topic topic-734bad7a_a9c4_4240_8727_8ad26cac7b1e
2025-08-06 15:38:10,680 INFO  [io.api.tes.ser.api.KafkaSerdesTester] (Thread-684) Sending message {"key11754494689287": "value-2"} to topic topic-734bad7a_a9c4_4240_8727_8ad26cac7b1e
2025-08-06 15:38:10,681 INFO  [io.api.tes.ser.api.KafkaSerdesTester] (Thread-684) Sending message {"key11754494689287": "value-3"} to topic topic-734bad7a_a9c4_4240_8727_8ad26cac7b1e
2025-08-06 15:38:10,683 INFO  [io.api.tes.ser.api.KafkaSerdesTester] (Thread-684) Sending message {"key11754494689287": "value-4"} to topic topic-734bad7a_a9c4_4240_8727_8ad26cac7b1e
2025-08-06 15:38:10,684 INFO  [io.api.tes.ser.api.KafkaSerdesTester] (Thread-684) Sending message {"key11754494689287": "value-5"} to topic topic-734bad7a_a9c4_4240_8727_8ad26cac7b1e
2025-08-06 15:38:10,685 INFO  [io.api.tes.ser.api.KafkaSerdesTester] (Thread-684) Sending message {"key11754494689287": "value-6"} to topic topic-734bad7a_a9c4_4240_8727_8ad26cac7b1e
2025-08-06 15:38:10,689 INFO  [io.api.tes.ser.api.KafkaSerdesTester] (Thread-684) Sending message {"key11754494689287": "value-7"} to topic topic-734bad7a_a9c4_4240_8727_8ad26cac7b1e
2025-08-06 15:38:10,690 INFO  [io.api.tes.ser.api.KafkaSerdesTester] (Thread-684) Sending message {"key11754494689287": "value-8"} to topic topic-734bad7a_a9c4_4240_8727_8ad26cac7b1e
2025-08-06 15:38:10,691 INFO  [io.api.tes.ser.api.KafkaSerdesTester] (Thread-684) Sending message {"key11754494689287": "value-9"} to topic topic-734bad7a_a9c4_4240_8727_8ad26cac7b1e
2025-08-06 15:38:10,692 INFO  [io.api.tes.ser.api.KafkaSerdesTester] (Thread-684) Produced 10 messages
2025-08-06 15:38:10,693 INFO  [org.apa.kaf.cli.pro.KafkaProducer] (Thread-684) [Producer clientId=Producer-topic-734bad7a_a9c4_4240_8727_8ad26cac7b1e] Closing the Kafka producer with timeoutMillis = 9223372036854775807 ms.
2025-08-06 15:38:10,695 INFO  [org.apa.kaf.com.met.Metrics] (Thread-684) Metrics scheduler closed
2025-08-06 15:38:10,695 INFO  [org.apa.kaf.com.met.Metrics] (Thread-684) Closing reporter org.apache.kafka.common.metrics.JmxReporter
2025-08-06 15:38:10,695 INFO  [org.apa.kaf.com.met.Metrics] (Thread-684) Closing reporter org.apache.kafka.common.telemetry.internals.ClientTelemetryReporter
2025-08-06 15:38:10,695 INFO  [org.apa.kaf.com.met.Metrics] (Thread-684) Metrics reporters closed
2025-08-06 15:38:10,695 INFO  [org.apa.kaf.com.uti.AppInfoParser] (Thread-684) App info kafka.producer for Producer-topic-734bad7a_a9c4_4240_8727_8ad26cac7b1e unregistered
2025-08-06 15:38:10,696 INFO  [org.apa.kaf.cli.con.int.ClassicKafkaConsumer] (Thread-685) [Consumer clientId=consumer-Consumer-topic-7a22c096_4a1c_4563_8d30_37f50be23200-11, groupId=Consumer-topic-7a22c096_4a1c_4563_8d30_37f50be23200] Subscribed to topic(s): topic-7a22c096_4a1c_4563_8d30_37f50be23200
2025-08-06 15:38:10,701 INFO  [org.apa.kaf.cli.Metadata] (Thread-685) [Consumer clientId=consumer-Consumer-topic-7a22c096_4a1c_4563_8d30_37f50be23200-11, groupId=Consumer-topic-7a22c096_4a1c_4563_8d30_37f50be23200] Cluster ID: dgPJ9z-1S5ugXzLx2i-R9Q
2025-08-06 15:38:10,703 INFO  [org.apa.kaf.cli.con.int.ConsumerCoordinator] (Thread-685) [Consumer clientId=consumer-Consumer-topic-7a22c096_4a1c_4563_8d30_37f50be23200-11, groupId=Consumer-topic-7a22c096_4a1c_4563_8d30_37f50be23200] Discovered group coordinator localhost:32769 (id: 2147483647 rack: null)
2025-08-06 15:38:10,704 INFO  [org.apa.kaf.cli.con.int.ConsumerCoordinator] (Thread-685) [Consumer clientId=consumer-Consumer-topic-7a22c096_4a1c_4563_8d30_37f50be23200-11, groupId=Consumer-topic-7a22c096_4a1c_4563_8d30_37f50be23200] (Re-)joining group
2025-08-06 15:38:10,710 INFO  [org.apa.kaf.cli.con.int.ConsumerCoordinator] (Thread-685) [Consumer clientId=consumer-Consumer-topic-7a22c096_4a1c_4563_8d30_37f50be23200-11, groupId=Consumer-topic-7a22c096_4a1c_4563_8d30_37f50be23200] Request joining group due to: need to re-join with the given member-id: consumer-Consumer-topic-7a22c096_4a1c_4563_8d30_37f50be23200-11-14827c84-d49c-4007-8e02-27dcf827e073
2025-08-06 15:38:10,710 INFO  [org.apa.kaf.cli.con.int.ConsumerCoordinator] (Thread-685) [Consumer clientId=consumer-Consumer-topic-7a22c096_4a1c_4563_8d30_37f50be23200-11, groupId=Consumer-topic-7a22c096_4a1c_4563_8d30_37f50be23200] (Re-)joining group
2025-08-06 15:38:11,696 INFO  [io.api.tes.ser.api.KafkaSerdesTester] (Thread-685) None found
2025-08-06 15:38:12,696 INFO  [io.api.tes.ser.api.KafkaSerdesTester] (Thread-685) None found
2025-08-06 15:38:13,696 INFO  [io.api.tes.ser.api.KafkaSerdesTester] (Thread-685) None found
2025-08-06 15:38:13,712 INFO  [org.apa.kaf.cli.con.int.ConsumerCoordinator] (Thread-685) [Consumer clientId=consumer-Consumer-topic-7a22c096_4a1c_4563_8d30_37f50be23200-11, groupId=Consumer-topic-7a22c096_4a1c_4563_8d30_37f50be23200] Successfully joined group with generation Generation{generationId=1, memberId='consumer-Consumer-topic-7a22c096_4a1c_4563_8d30_37f50be23200-11-14827c84-d49c-4007-8e02-27dcf827e073', protocol='range'}
2025-08-06 15:38:13,712 INFO  [org.apa.kaf.cli.con.int.ConsumerCoordinator] (Thread-685) [Consumer clientId=consumer-Consumer-topic-7a22c096_4a1c_4563_8d30_37f50be23200-11, groupId=Consumer-topic-7a22c096_4a1c_4563_8d30_37f50be23200] Finished assignment for group at generation 1: {consumer-Consumer-topic-7a22c096_4a1c_4563_8d30_37f50be23200-11-14827c84-d49c-4007-8e02-27dcf827e073=Assignment(partitions=[topic-7a22c096_4a1c_4563_8d30_37f50be23200-0])}
2025-08-06 15:38:13,719 INFO  [org.apa.kaf.cli.con.int.ConsumerCoordinator] (Thread-685) [Consumer clientId=consumer-Consumer-topic-7a22c096_4a1c_4563_8d30_37f50be23200-11, groupId=Consumer-topic-7a22c096_4a1c_4563_8d30_37f50be23200] Successfully synced group in generation Generation{generationId=1, memberId='consumer-Consumer-topic-7a22c096_4a1c_4563_8d30_37f50be23200-11-14827c84-d49c-4007-8e02-27dcf827e073', protocol='range'}
2025-08-06 15:38:13,719 INFO  [org.apa.kaf.cli.con.int.ConsumerCoordinator] (Thread-685) [Consumer clientId=consumer-Consumer-topic-7a22c096_4a1c_4563_8d30_37f50be23200-11, groupId=Consumer-topic-7a22c096_4a1c_4563_8d30_37f50be23200] Notifying assignor about the new Assignment(partitions=[topic-7a22c096_4a1c_4563_8d30_37f50be23200-0])
2025-08-06 15:38:13,719 INFO  [org.apa.kaf.cli.con.int.ConsumerRebalanceListenerInvoker] (Thread-685) [Consumer clientId=consumer-Consumer-topic-7a22c096_4a1c_4563_8d30_37f50be23200-11, groupId=Consumer-topic-7a22c096_4a1c_4563_8d30_37f50be23200] Adding newly assigned partitions: topic-7a22c096_4a1c_4563_8d30_37f50be23200-0
2025-08-06 15:38:13,720 INFO  [org.apa.kaf.cli.con.int.ConsumerCoordinator] (Thread-685) [Consumer clientId=consumer-Consumer-topic-7a22c096_4a1c_4563_8d30_37f50be23200-11, groupId=Consumer-topic-7a22c096_4a1c_4563_8d30_37f50be23200] Found no committed offset for partition topic-7a22c096_4a1c_4563_8d30_37f50be23200-0
2025-08-06 15:38:13,723 INFO  [org.apa.kaf.cli.con.int.SubscriptionState] (Thread-685) [Consumer clientId=consumer-Consumer-topic-7a22c096_4a1c_4563_8d30_37f50be23200-11, groupId=Consumer-topic-7a22c096_4a1c_4563_8d30_37f50be23200] Resetting offset for partition topic-7a22c096_4a1c_4563_8d30_37f50be23200-0 to position FetchPosition{offset=0, offsetEpoch=Optional.empty, currentLeader=LeaderAndEpoch{leader=Optional[localhost:32769 (id: 0 rack: null)], epoch=0}}.
2025-08-06 15:38:13,806 INFO  [io.api.tes.ser.api.KafkaSerdesTester] (Thread-685) topic-7a22c096_4a1c_4563_8d30_37f50be23200 0 0 {"key11754494689287": "value-0"}
2025-08-06 15:38:13,806 INFO  [io.api.tes.ser.api.KafkaSerdesTester] (Thread-685) topic-7a22c096_4a1c_4563_8d30_37f50be23200 0 1 {"key11754494689287": "value-1"}
2025-08-06 15:38:13,806 INFO  [io.api.tes.ser.api.KafkaSerdesTester] (Thread-685) topic-7a22c096_4a1c_4563_8d30_37f50be23200 0 2 {"key11754494689287": "value-2"}
2025-08-06 15:38:13,806 INFO  [io.api.tes.ser.api.KafkaSerdesTester] (Thread-685) topic-7a22c096_4a1c_4563_8d30_37f50be23200 0 3 {"key11754494689287": "value-3"}
2025-08-06 15:38:13,806 INFO  [io.api.tes.ser.api.KafkaSerdesTester] (Thread-685) topic-7a22c096_4a1c_4563_8d30_37f50be23200 0 4 {"key11754494689287": "value-4"}
2025-08-06 15:38:13,806 INFO  [io.api.tes.ser.api.KafkaSerdesTester] (Thread-685) topic-7a22c096_4a1c_4563_8d30_37f50be23200 0 5 {"key11754494689287": "value-5"}
2025-08-06 15:38:13,806 INFO  [io.api.tes.ser.api.KafkaSerdesTester] (Thread-685) topic-7a22c096_4a1c_4563_8d30_37f50be23200 0 6 {"key11754494689287": "value-6"}
2025-08-06 15:38:13,806 INFO  [io.api.tes.ser.api.KafkaSerdesTester] (Thread-685) topic-7a22c096_4a1c_4563_8d30_37f50be23200 0 7 {"key11754494689287": "value-7"}
2025-08-06 15:38:13,806 INFO  [io.api.tes.ser.api.KafkaSerdesTester] (Thread-685) topic-7a22c096_4a1c_4563_8d30_37f50be23200 0 8 {"key11754494689287": "value-8"}
2025-08-06 15:38:13,806 INFO  [io.api.tes.ser.api.KafkaSerdesTester] (Thread-685) topic-7a22c096_4a1c_4563_8d30_37f50be23200 0 9 {"key11754494689287": "value-9"}
2025-08-06 15:38:13,806 INFO  [io.api.tes.ser.api.KafkaSerdesTester] (Thread-685) Consumed 10 messages
2025-08-06 15:38:13,813 INFO  [org.apa.kaf.cli.con.int.ConsumerRebalanceListenerInvoker] (Thread-685) [Consumer clientId=consumer-Consumer-topic-7a22c096_4a1c_4563_8d30_37f50be23200-11, groupId=Consumer-topic-7a22c096_4a1c_4563_8d30_37f50be23200] Revoke previously assigned partitions topic-7a22c096_4a1c_4563_8d30_37f50be23200-0
2025-08-06 15:38:13,813 INFO  [org.apa.kaf.cli.con.int.ConsumerCoordinator] (Thread-685) [Consumer clientId=consumer-Consumer-topic-7a22c096_4a1c_4563_8d30_37f50be23200-11, groupId=Consumer-topic-7a22c096_4a1c_4563_8d30_37f50be23200] Member consumer-Consumer-topic-7a22c096_4a1c_4563_8d30_37f50be23200-11-14827c84-d49c-4007-8e02-27dcf827e073 sending LeaveGroup request to coordinator localhost:32769 (id: 2147483647 rack: null) due to the consumer is being closed
2025-08-06 15:38:13,813 INFO  [org.apa.kaf.cli.con.int.ConsumerCoordinator] (Thread-685) [Consumer clientId=consumer-Consumer-topic-7a22c096_4a1c_4563_8d30_37f50be23200-11, groupId=Consumer-topic-7a22c096_4a1c_4563_8d30_37f50be23200] Resetting generation and member id due to: consumer pro-actively leaving the group
2025-08-06 15:38:13,813 INFO  [org.apa.kaf.cli.con.int.ConsumerCoordinator] (Thread-685) [Consumer clientId=consumer-Consumer-topic-7a22c096_4a1c_4563_8d30_37f50be23200-11, groupId=Consumer-topic-7a22c096_4a1c_4563_8d30_37f50be23200] Request joining group due to: consumer pro-actively leaving the group
2025-08-06 15:38:14,309 INFO  [org.apa.kaf.com.met.Metrics] (Thread-685) Metrics scheduler closed
2025-08-06 15:38:14,309 INFO  [org.apa.kaf.com.met.Metrics] (Thread-685) Closing reporter org.apache.kafka.common.metrics.JmxReporter
2025-08-06 15:38:14,309 INFO  [org.apa.kaf.com.met.Metrics] (Thread-685) Closing reporter org.apache.kafka.common.telemetry.internals.ClientTelemetryReporter
2025-08-06 15:38:14,309 INFO  [org.apa.kaf.com.met.Metrics] (Thread-685) Metrics reporters closed
2025-08-06 15:38:14,313 INFO  [org.apa.kaf.com.uti.AppInfoParser] (Thread-685) App info kafka.consumer for consumer-Consumer-topic-7a22c096_4a1c_4563_8d30_37f50be23200-11 unregistered
2025-08-06 15:38:14,316 INFO  [org.apa.kaf.cli.con.int.ClassicKafkaConsumer] (Thread-686) [Consumer clientId=consumer-Consumer-topic-607e2ce7_49ef_46cf_ba5b_f4134fd6a2d9-12, groupId=Consumer-topic-607e2ce7_49ef_46cf_ba5b_f4134fd6a2d9] Subscribed to topic(s): topic-607e2ce7_49ef_46cf_ba5b_f4134fd6a2d9
2025-08-06 15:38:14,323 INFO  [org.apa.kaf.cli.Metadata] (Thread-686) [Consumer clientId=consumer-Consumer-topic-607e2ce7_49ef_46cf_ba5b_f4134fd6a2d9-12, groupId=Consumer-topic-607e2ce7_49ef_46cf_ba5b_f4134fd6a2d9] Cluster ID: dgPJ9z-1S5ugXzLx2i-R9Q
2025-08-06 15:38:14,323 INFO  [org.apa.kaf.cli.con.int.ConsumerCoordinator] (Thread-686) [Consumer clientId=consumer-Consumer-topic-607e2ce7_49ef_46cf_ba5b_f4134fd6a2d9-12, groupId=Consumer-topic-607e2ce7_49ef_46cf_ba5b_f4134fd6a2d9] Discovered group coordinator localhost:32769 (id: 2147483647 rack: null)
2025-08-06 15:38:14,324 INFO  [org.apa.kaf.cli.con.int.ConsumerCoordinator] (Thread-686) [Consumer clientId=consumer-Consumer-topic-607e2ce7_49ef_46cf_ba5b_f4134fd6a2d9-12, groupId=Consumer-topic-607e2ce7_49ef_46cf_ba5b_f4134fd6a2d9] (Re-)joining group
2025-08-06 15:38:14,328 INFO  [org.apa.kaf.cli.con.int.ConsumerCoordinator] (Thread-686) [Consumer clientId=consumer-Consumer-topic-607e2ce7_49ef_46cf_ba5b_f4134fd6a2d9-12, groupId=Consumer-topic-607e2ce7_49ef_46cf_ba5b_f4134fd6a2d9] Request joining group due to: need to re-join with the given member-id: consumer-Consumer-topic-607e2ce7_49ef_46cf_ba5b_f4134fd6a2d9-12-ee820d12-4d6b-4637-8f64-52c50b52eeba
2025-08-06 15:38:14,328 INFO  [org.apa.kaf.cli.con.int.ConsumerCoordinator] (Thread-686) [Consumer clientId=consumer-Consumer-topic-607e2ce7_49ef_46cf_ba5b_f4134fd6a2d9-12, groupId=Consumer-topic-607e2ce7_49ef_46cf_ba5b_f4134fd6a2d9] (Re-)joining group
2025-08-06 15:38:15,316 INFO  [io.api.tes.ser.api.KafkaSerdesTester] (Thread-686) None found
2025-08-06 15:38:16,316 INFO  [io.api.tes.ser.api.KafkaSerdesTester] (Thread-686) None found
2025-08-06 15:38:17,317 INFO  [io.api.tes.ser.api.KafkaSerdesTester] (Thread-686) None found
2025-08-06 15:38:17,330 INFO  [org.apa.kaf.cli.con.int.ConsumerCoordinator] (Thread-686) [Consumer clientId=consumer-Consumer-topic-607e2ce7_49ef_46cf_ba5b_f4134fd6a2d9-12, groupId=Consumer-topic-607e2ce7_49ef_46cf_ba5b_f4134fd6a2d9] Successfully joined group with generation Generation{generationId=1, memberId='consumer-Consumer-topic-607e2ce7_49ef_46cf_ba5b_f4134fd6a2d9-12-ee820d12-4d6b-4637-8f64-52c50b52eeba', protocol='range'}
2025-08-06 15:38:17,330 INFO  [org.apa.kaf.cli.con.int.ConsumerCoordinator] (Thread-686) [Consumer clientId=consumer-Consumer-topic-607e2ce7_49ef_46cf_ba5b_f4134fd6a2d9-12, groupId=Consumer-topic-607e2ce7_49ef_46cf_ba5b_f4134fd6a2d9] Finished assignment for group at generation 1: {consumer-Consumer-topic-607e2ce7_49ef_46cf_ba5b_f4134fd6a2d9-12-ee820d12-4d6b-4637-8f64-52c50b52eeba=Assignment(partitions=[topic-607e2ce7_49ef_46cf_ba5b_f4134fd6a2d9-0])}
2025-08-06 15:38:17,337 INFO  [org.apa.kaf.cli.con.int.ConsumerCoordinator] (Thread-686) [Consumer clientId=consumer-Consumer-topic-607e2ce7_49ef_46cf_ba5b_f4134fd6a2d9-12, groupId=Consumer-topic-607e2ce7_49ef_46cf_ba5b_f4134fd6a2d9] Successfully synced group in generation Generation{generationId=1, memberId='consumer-Consumer-topic-607e2ce7_49ef_46cf_ba5b_f4134fd6a2d9-12-ee820d12-4d6b-4637-8f64-52c50b52eeba', protocol='range'}
2025-08-06 15:38:17,338 INFO  [org.apa.kaf.cli.con.int.ConsumerCoordinator] (Thread-686) [Consumer clientId=consumer-Consumer-topic-607e2ce7_49ef_46cf_ba5b_f4134fd6a2d9-12, groupId=Consumer-topic-607e2ce7_49ef_46cf_ba5b_f4134fd6a2d9] Notifying assignor about the new Assignment(partitions=[topic-607e2ce7_49ef_46cf_ba5b_f4134fd6a2d9-0])
2025-08-06 15:38:17,338 INFO  [org.apa.kaf.cli.con.int.ConsumerRebalanceListenerInvoker] (Thread-686) [Consumer clientId=consumer-Consumer-topic-607e2ce7_49ef_46cf_ba5b_f4134fd6a2d9-12, groupId=Consumer-topic-607e2ce7_49ef_46cf_ba5b_f4134fd6a2d9] Adding newly assigned partitions: topic-607e2ce7_49ef_46cf_ba5b_f4134fd6a2d9-0
2025-08-06 15:38:17,339 INFO  [org.apa.kaf.cli.con.int.ConsumerCoordinator] (Thread-686) [Consumer clientId=consumer-Consumer-topic-607e2ce7_49ef_46cf_ba5b_f4134fd6a2d9-12, groupId=Consumer-topic-607e2ce7_49ef_46cf_ba5b_f4134fd6a2d9] Found no committed offset for partition topic-607e2ce7_49ef_46cf_ba5b_f4134fd6a2d9-0
2025-08-06 15:38:17,345 INFO  [org.apa.kaf.cli.con.int.SubscriptionState] (Thread-686) [Consumer clientId=consumer-Consumer-topic-607e2ce7_49ef_46cf_ba5b_f4134fd6a2d9-12, groupId=Consumer-topic-607e2ce7_49ef_46cf_ba5b_f4134fd6a2d9] Resetting offset for partition topic-607e2ce7_49ef_46cf_ba5b_f4134fd6a2d9-0 to position FetchPosition{offset=0, offsetEpoch=Optional.empty, currentLeader=LeaderAndEpoch{leader=Optional[localhost:32769 (id: 0 rack: null)], epoch=0}}.
2025-08-06 15:38:17,427 INFO  [io.api.tes.ser.api.KafkaSerdesTester] (Thread-686) topic-607e2ce7_49ef_46cf_ba5b_f4134fd6a2d9 0 0 {"key11754494689287": "value-0"}
2025-08-06 15:38:17,427 INFO  [io.api.tes.ser.api.KafkaSerdesTester] (Thread-686) topic-607e2ce7_49ef_46cf_ba5b_f4134fd6a2d9 0 1 {"key11754494689287": "value-1"}
2025-08-06 15:38:17,428 INFO  [io.api.tes.ser.api.KafkaSerdesTester] (Thread-686) topic-607e2ce7_49ef_46cf_ba5b_f4134fd6a2d9 0 2 {"key11754494689287": "value-2"}
2025-08-06 15:38:17,428 INFO  [io.api.tes.ser.api.KafkaSerdesTester] (Thread-686) topic-607e2ce7_49ef_46cf_ba5b_f4134fd6a2d9 0 3 {"key11754494689287": "value-3"}
2025-08-06 15:38:17,428 INFO  [io.api.tes.ser.api.KafkaSerdesTester] (Thread-686) topic-607e2ce7_49ef_46cf_ba5b_f4134fd6a2d9 0 4 {"key11754494689287": "value-4"}
2025-08-06 15:38:17,428 INFO  [io.api.tes.ser.api.KafkaSerdesTester] (Thread-686) topic-607e2ce7_49ef_46cf_ba5b_f4134fd6a2d9 0 5 {"key11754494689287": "value-5"}
2025-08-06 15:38:17,428 INFO  [io.api.tes.ser.api.KafkaSerdesTester] (Thread-686) topic-607e2ce7_49ef_46cf_ba5b_f4134fd6a2d9 0 6 {"key11754494689287": "value-6"}
2025-08-06 15:38:17,428 INFO  [io.api.tes.ser.api.KafkaSerdesTester] (Thread-686) topic-607e2ce7_49ef_46cf_ba5b_f4134fd6a2d9 0 7 {"key11754494689287": "value-7"}
2025-08-06 15:38:17,428 INFO  [io.api.tes.ser.api.KafkaSerdesTester] (Thread-686) topic-607e2ce7_49ef_46cf_ba5b_f4134fd6a2d9 0 8 {"key11754494689287": "value-8"}
2025-08-06 15:38:17,428 INFO  [io.api.tes.ser.api.KafkaSerdesTester] (Thread-686) topic-607e2ce7_49ef_46cf_ba5b_f4134fd6a2d9 0 9 {"key11754494689287": "value-9"}
2025-08-06 15:38:17,428 INFO  [io.api.tes.ser.api.KafkaSerdesTester] (Thread-686) Consumed 10 messages
2025-08-06 15:38:17,435 INFO  [org.apa.kaf.cli.con.int.ConsumerRebalanceListenerInvoker] (Thread-686) [Consumer clientId=consumer-Consumer-topic-607e2ce7_49ef_46cf_ba5b_f4134fd6a2d9-12, groupId=Consumer-topic-607e2ce7_49ef_46cf_ba5b_f4134fd6a2d9] Revoke previously assigned partitions topic-607e2ce7_49ef_46cf_ba5b_f4134fd6a2d9-0
2025-08-06 15:38:17,435 INFO  [org.apa.kaf.cli.con.int.ConsumerCoordinator] (Thread-686) [Consumer clientId=consumer-Consumer-topic-607e2ce7_49ef_46cf_ba5b_f4134fd6a2d9-12, groupId=Consumer-topic-607e2ce7_49ef_46cf_ba5b_f4134fd6a2d9] Member consumer-Consumer-topic-607e2ce7_49ef_46cf_ba5b_f4134fd6a2d9-12-ee820d12-4d6b-4637-8f64-52c50b52eeba sending LeaveGroup request to coordinator localhost:32769 (id: 2147483647 rack: null) due to the consumer is being closed
2025-08-06 15:38:17,435 INFO  [org.apa.kaf.cli.con.int.ConsumerCoordinator] (Thread-686) [Consumer clientId=consumer-Consumer-topic-607e2ce7_49ef_46cf_ba5b_f4134fd6a2d9-12, groupId=Consumer-topic-607e2ce7_49ef_46cf_ba5b_f4134fd6a2d9] Resetting generation and member id due to: consumer pro-actively leaving the group
2025-08-06 15:38:17,435 INFO  [org.apa.kaf.cli.con.int.ConsumerCoordinator] (Thread-686) [Consumer clientId=consumer-Consumer-topic-607e2ce7_49ef_46cf_ba5b_f4134fd6a2d9-12, groupId=Consumer-topic-607e2ce7_49ef_46cf_ba5b_f4134fd6a2d9] Request joining group due to: consumer pro-actively leaving the group
2025-08-06 15:38:17,930 INFO  [org.apa.kaf.com.met.Metrics] (Thread-686) Metrics scheduler closed
2025-08-06 15:38:17,930 INFO  [org.apa.kaf.com.met.Metrics] (Thread-686) Closing reporter org.apache.kafka.common.metrics.JmxReporter
2025-08-06 15:38:17,930 INFO  [org.apa.kaf.com.met.Metrics] (Thread-686) Closing reporter org.apache.kafka.common.telemetry.internals.ClientTelemetryReporter
2025-08-06 15:38:17,930 INFO  [org.apa.kaf.com.met.Metrics] (Thread-686) Metrics reporters closed
2025-08-06 15:38:17,933 INFO  [org.apa.kaf.com.uti.AppInfoParser] (Thread-686) App info kafka.consumer for consumer-Consumer-topic-607e2ce7_49ef_46cf_ba5b_f4134fd6a2d9-12 unregistered
2025-08-06 15:38:17,934 INFO  [org.apa.kaf.cli.con.int.ClassicKafkaConsumer] (Thread-687) [Consumer clientId=consumer-Consumer-topic-734bad7a_a9c4_4240_8727_8ad26cac7b1e-13, groupId=Consumer-topic-734bad7a_a9c4_4240_8727_8ad26cac7b1e] Subscribed to topic(s): topic-734bad7a_a9c4_4240_8727_8ad26cac7b1e
2025-08-06 15:38:17,939 INFO  [org.apa.kaf.cli.Metadata] (Thread-687) [Consumer clientId=consumer-Consumer-topic-734bad7a_a9c4_4240_8727_8ad26cac7b1e-13, groupId=Consumer-topic-734bad7a_a9c4_4240_8727_8ad26cac7b1e] Cluster ID: dgPJ9z-1S5ugXzLx2i-R9Q
2025-08-06 15:38:17,939 INFO  [org.apa.kaf.cli.con.int.ConsumerCoordinator] (Thread-687) [Consumer clientId=consumer-Consumer-topic-734bad7a_a9c4_4240_8727_8ad26cac7b1e-13, groupId=Consumer-topic-734bad7a_a9c4_4240_8727_8ad26cac7b1e] Discovered group coordinator localhost:32769 (id: 2147483647 rack: null)
2025-08-06 15:38:17,940 INFO  [org.apa.kaf.cli.con.int.ConsumerCoordinator] (Thread-687) [Consumer clientId=consumer-Consumer-topic-734bad7a_a9c4_4240_8727_8ad26cac7b1e-13, groupId=Consumer-topic-734bad7a_a9c4_4240_8727_8ad26cac7b1e] (Re-)joining group
2025-08-06 15:38:17,944 INFO  [org.apa.kaf.cli.con.int.ConsumerCoordinator] (Thread-687) [Consumer clientId=consumer-Consumer-topic-734bad7a_a9c4_4240_8727_8ad26cac7b1e-13, groupId=Consumer-topic-734bad7a_a9c4_4240_8727_8ad26cac7b1e] Request joining group due to: need to re-join with the given member-id: consumer-Consumer-topic-734bad7a_a9c4_4240_8727_8ad26cac7b1e-13-e5a32dbb-df52-453e-9762-822508aaaac1
2025-08-06 15:38:17,944 INFO  [org.apa.kaf.cli.con.int.ConsumerCoordinator] (Thread-687) [Consumer clientId=consumer-Consumer-topic-734bad7a_a9c4_4240_8727_8ad26cac7b1e-13, groupId=Consumer-topic-734bad7a_a9c4_4240_8727_8ad26cac7b1e] (Re-)joining group
2025-08-06 15:38:18,934 INFO  [io.api.tes.ser.api.KafkaSerdesTester] (Thread-687) None found
2025-08-06 15:38:19,934 INFO  [io.api.tes.ser.api.KafkaSerdesTester] (Thread-687) None found
2025-08-06 15:38:20,934 INFO  [io.api.tes.ser.api.KafkaSerdesTester] (Thread-687) None found
2025-08-06 15:38:20,946 INFO  [org.apa.kaf.cli.con.int.ConsumerCoordinator] (Thread-687) [Consumer clientId=consumer-Consumer-topic-734bad7a_a9c4_4240_8727_8ad26cac7b1e-13, groupId=Consumer-topic-734bad7a_a9c4_4240_8727_8ad26cac7b1e] Successfully joined group with generation Generation{generationId=1, memberId='consumer-Consumer-topic-734bad7a_a9c4_4240_8727_8ad26cac7b1e-13-e5a32dbb-df52-453e-9762-822508aaaac1', protocol='range'}
2025-08-06 15:38:20,947 INFO  [org.apa.kaf.cli.con.int.ConsumerCoordinator] (Thread-687) [Consumer clientId=consumer-Consumer-topic-734bad7a_a9c4_4240_8727_8ad26cac7b1e-13, groupId=Consumer-topic-734bad7a_a9c4_4240_8727_8ad26cac7b1e] Finished assignment for group at generation 1: {consumer-Consumer-topic-734bad7a_a9c4_4240_8727_8ad26cac7b1e-13-e5a32dbb-df52-453e-9762-822508aaaac1=Assignment(partitions=[topic-734bad7a_a9c4_4240_8727_8ad26cac7b1e-0])}
2025-08-06 15:38:20,952 INFO  [org.apa.kaf.cli.con.int.ConsumerCoordinator] (Thread-687) [Consumer clientId=consumer-Consumer-topic-734bad7a_a9c4_4240_8727_8ad26cac7b1e-13, groupId=Consumer-topic-734bad7a_a9c4_4240_8727_8ad26cac7b1e] Successfully synced group in generation Generation{generationId=1, memberId='consumer-Consumer-topic-734bad7a_a9c4_4240_8727_8ad26cac7b1e-13-e5a32dbb-df52-453e-9762-822508aaaac1', protocol='range'}
2025-08-06 15:38:20,952 INFO  [org.apa.kaf.cli.con.int.ConsumerCoordinator] (Thread-687) [Consumer clientId=consumer-Consumer-topic-734bad7a_a9c4_4240_8727_8ad26cac7b1e-13, groupId=Consumer-topic-734bad7a_a9c4_4240_8727_8ad26cac7b1e] Notifying assignor about the new Assignment(partitions=[topic-734bad7a_a9c4_4240_8727_8ad26cac7b1e-0])
2025-08-06 15:38:20,952 INFO  [org.apa.kaf.cli.con.int.ConsumerRebalanceListenerInvoker] (Thread-687) [Consumer clientId=consumer-Consumer-topic-734bad7a_a9c4_4240_8727_8ad26cac7b1e-13, groupId=Consumer-topic-734bad7a_a9c4_4240_8727_8ad26cac7b1e] Adding newly assigned partitions: topic-734bad7a_a9c4_4240_8727_8ad26cac7b1e-0
2025-08-06 15:38:20,953 INFO  [org.apa.kaf.cli.con.int.ConsumerCoordinator] (Thread-687) [Consumer clientId=consumer-Consumer-topic-734bad7a_a9c4_4240_8727_8ad26cac7b1e-13, groupId=Consumer-topic-734bad7a_a9c4_4240_8727_8ad26cac7b1e] Found no committed offset for partition topic-734bad7a_a9c4_4240_8727_8ad26cac7b1e-0
2025-08-06 15:38:20,957 INFO  [org.apa.kaf.cli.con.int.SubscriptionState] (Thread-687) [Consumer clientId=consumer-Consumer-topic-734bad7a_a9c4_4240_8727_8ad26cac7b1e-13, groupId=Consumer-topic-734bad7a_a9c4_4240_8727_8ad26cac7b1e] Resetting offset for partition topic-734bad7a_a9c4_4240_8727_8ad26cac7b1e-0 to position FetchPosition{offset=0, offsetEpoch=Optional.empty, currentLeader=LeaderAndEpoch{leader=Optional[localhost:32769 (id: 0 rack: null)], epoch=0}}.
2025-08-06 15:38:21,042 INFO  [io.api.tes.ser.api.KafkaSerdesTester] (Thread-687) topic-734bad7a_a9c4_4240_8727_8ad26cac7b1e 0 0 {"key11754494689287": "value-0"}
2025-08-06 15:38:21,042 INFO  [io.api.tes.ser.api.KafkaSerdesTester] (Thread-687) topic-734bad7a_a9c4_4240_8727_8ad26cac7b1e 0 1 {"key11754494689287": "value-1"}
2025-08-06 15:38:21,042 INFO  [io.api.tes.ser.api.KafkaSerdesTester] (Thread-687) topic-734bad7a_a9c4_4240_8727_8ad26cac7b1e 0 2 {"key11754494689287": "value-2"}
2025-08-06 15:38:21,042 INFO  [io.api.tes.ser.api.KafkaSerdesTester] (Thread-687) topic-734bad7a_a9c4_4240_8727_8ad26cac7b1e 0 3 {"key11754494689287": "value-3"}
2025-08-06 15:38:21,042 INFO  [io.api.tes.ser.api.KafkaSerdesTester] (Thread-687) topic-734bad7a_a9c4_4240_8727_8ad26cac7b1e 0 4 {"key11754494689287": "value-4"}
2025-08-06 15:38:21,042 INFO  [io.api.tes.ser.api.KafkaSerdesTester] (Thread-687) topic-734bad7a_a9c4_4240_8727_8ad26cac7b1e 0 5 {"key11754494689287": "value-5"}
2025-08-06 15:38:21,042 INFO  [io.api.tes.ser.api.KafkaSerdesTester] (Thread-687) topic-734bad7a_a9c4_4240_8727_8ad26cac7b1e 0 6 {"key11754494689287": "value-6"}
2025-08-06 15:38:21,043 INFO  [io.api.tes.ser.api.KafkaSerdesTester] (Thread-687) topic-734bad7a_a9c4_4240_8727_8ad26cac7b1e 0 7 {"key11754494689287": "value-7"}
2025-08-06 15:38:21,043 INFO  [io.api.tes.ser.api.KafkaSerdesTester] (Thread-687) topic-734bad7a_a9c4_4240_8727_8ad26cac7b1e 0 8 {"key11754494689287": "value-8"}
2025-08-06 15:38:21,043 INFO  [io.api.tes.ser.api.KafkaSerdesTester] (Thread-687) topic-734bad7a_a9c4_4240_8727_8ad26cac7b1e 0 9 {"key11754494689287": "value-9"}
2025-08-06 15:38:21,043 INFO  [io.api.tes.ser.api.KafkaSerdesTester] (Thread-687) Consumed 10 messages
2025-08-06 15:38:21,050 INFO  [org.apa.kaf.cli.con.int.ConsumerRebalanceListenerInvoker] (Thread-687) [Consumer clientId=consumer-Consumer-topic-734bad7a_a9c4_4240_8727_8ad26cac7b1e-13, groupId=Consumer-topic-734bad7a_a9c4_4240_8727_8ad26cac7b1e] Revoke previously assigned partitions topic-734bad7a_a9c4_4240_8727_8ad26cac7b1e-0
2025-08-06 15:38:21,051 INFO  [org.apa.kaf.cli.con.int.ConsumerCoordinator] (Thread-687) [Consumer clientId=consumer-Consumer-topic-734bad7a_a9c4_4240_8727_8ad26cac7b1e-13, groupId=Consumer-topic-734bad7a_a9c4_4240_8727_8ad26cac7b1e] Member consumer-Consumer-topic-734bad7a_a9c4_4240_8727_8ad26cac7b1e-13-e5a32dbb-df52-453e-9762-822508aaaac1 sending LeaveGroup request to coordinator localhost:32769 (id: 2147483647 rack: null) due to the consumer is being closed
2025-08-06 15:38:21,051 INFO  [org.apa.kaf.cli.con.int.ConsumerCoordinator] (Thread-687) [Consumer clientId=consumer-Consumer-topic-734bad7a_a9c4_4240_8727_8ad26cac7b1e-13, groupId=Consumer-topic-734bad7a_a9c4_4240_8727_8ad26cac7b1e] Resetting generation and member id due to: consumer pro-actively leaving the group
2025-08-06 15:38:21,051 INFO  [org.apa.kaf.cli.con.int.ConsumerCoordinator] (Thread-687) [Consumer clientId=consumer-Consumer-topic-734bad7a_a9c4_4240_8727_8ad26cac7b1e-13, groupId=Consumer-topic-734bad7a_a9c4_4240_8727_8ad26cac7b1e] Request joining group due to: consumer pro-actively leaving the group
2025-08-06 15:38:21,542 INFO  [org.apa.kaf.com.met.Metrics] (Thread-687) Metrics scheduler closed
2025-08-06 15:38:21,542 INFO  [org.apa.kaf.com.met.Metrics] (Thread-687) Closing reporter org.apache.kafka.common.metrics.JmxReporter
2025-08-06 15:38:21,542 INFO  [org.apa.kaf.com.met.Metrics] (Thread-687) Closing reporter org.apache.kafka.common.telemetry.internals.ClientTelemetryReporter
2025-08-06 15:38:21,542 INFO  [org.apa.kaf.com.met.Metrics] (Thread-687) Metrics reporters closed
2025-08-06 15:38:21,543 INFO  [org.apa.kaf.com.uti.AppInfoParser] (Thread-687) App info kafka.consumer for consumer-Consumer-topic-734bad7a_a9c4_4240_8727_8ad26cac7b1e-13 unregistered
2025-08-06 15:38:21,544 INFO  [io.api.tes.uti.TestSeparator] (main) io.apicurio.tests.serdes.apicurio.AvroSerdeIT.testAvroConfluentForMultipleTopics-FINISHED
2025-08-06 15:38:21,544 INFO  [io.api.tes.uti.TestSeparator] (main) ############################################################################
Test passed: testAvroConfluentForMultipleTopics
]]></system-out>
  </testcase>
  <testcase name="testFirstRequestFailsRateLimited" classname="io.apicurio.tests.serdes.apicurio.AvroSerdeIT" time="1.093">
    <system-out><![CDATA[2025-08-06 15:38:21,548 INFO  [io.api.tes.uti.TestSeparator] (main) ############################################################################
2025-08-06 15:38:21,548 INFO  [io.api.tes.uti.TestSeparator] (main) io.apicurio.tests.serdes.apicurio.AvroSerdeIT.testFirstRequestFailsRateLimited-STARTED
2025-08-06 15:38:22,201 WARN  [org.ecl.jet.ser.AbstractConnector] (main) Acceptors should be <= availableProcessors: NetworkTrafficServerConnector@39086d6b{HTTP/1.1, (http/1.1, h2c)}{0.0.0.0:0} 
2025-08-06 15:38:22,309 INFO  [org.ecl.jet.ser.Server] (main) jetty-11.0.15; built: 2023-04-11T18:37:53.775Z; git: 5bc5e562c8d05c5862505aebe5cf83a61bdbcb96; jvm 17.0.16+8
2025-08-06 15:38:22,331 INFO  [org.ecl.jet.ser.han.ContextHandler] (main) Started o.e.j.s.ServletContextHandler@428fef32{/__admin,null,AVAILABLE}
2025-08-06 15:38:22,339 INFO  [org.ecl.jet.ser.han.Con.ROOT] (main) RequestHandlerClass from context returned com.github.tomakehurst.wiremock.http.StubRequestHandler. Normalized mapped under returned 'null'
2025-08-06 15:38:22,339 INFO  [org.ecl.jet.ser.han.ContextHandler] (main) Started o.e.j.s.ServletContextHandler@f116270{/,null,AVAILABLE}
2025-08-06 15:38:22,346 INFO  [org.ecl.jet.ser.AbstractConnector] (main) Started NetworkTrafficServerConnector@39086d6b{HTTP/1.1, (http/1.1, h2c)}{0.0.0.0:43943}
2025-08-06 15:38:22,347 INFO  [org.ecl.jet.ser.Server] (main) Started Server@31dbe419{STARTING}[11.0.15,sto=1000] @91309ms
**** Registry Base URL: http://registry-app-mysql.apps.ci419.apicurio-testing.org:80
2025-08-06 15:38:22,360 INFO  [org.apa.kaf.cli.pro.ProducerConfig] (main) ProducerConfig values: 
	acks = -1
	auto.include.jmx.reporter = true
	batch.size = 16384
	bootstrap.servers = [PLAINTEXT://localhost:32769]
	buffer.memory = 33554432
	client.dns.lookup = use_all_dns_ips
	client.id = Producer-topic-55580497_6a26_4152_9812_3e4c939fc965
	compression.gzip.level = -1
	compression.lz4.level = 9
	compression.type = none
	compression.zstd.level = 3
	connections.max.idle.ms = 10000
	delivery.timeout.ms = 120000
	enable.idempotence = true
	enable.metrics.push = true
	interceptor.classes = []
	key.serializer = class org.apache.kafka.common.serialization.StringSerializer
	linger.ms = 0
	max.block.ms = 60000
	max.in.flight.requests.per.connection = 5
	max.request.size = 1048576
	metadata.max.age.ms = 300000
	metadata.max.idle.ms = 300000
	metadata.recovery.strategy = none
	metric.reporters = []
	metrics.num.samples = 2
	metrics.recording.level = INFO
	metrics.sample.window.ms = 30000
	partitioner.adaptive.partitioning.enable = true
	partitioner.availability.timeout.ms = 0
	partitioner.class = null
	partitioner.ignore.keys = false
	receive.buffer.bytes = 32768
	reconnect.backoff.max.ms = 1000
	reconnect.backoff.ms = 50
	request.timeout.ms = 5000
	retries = 2147483647
	retry.backoff.max.ms = 1000
	retry.backoff.ms = 100
	sasl.client.callback.handler.class = null
	sasl.jaas.config = null
	sasl.kerberos.kinit.cmd = /usr/bin/kinit
	sasl.kerberos.min.time.before.relogin = 60000
	sasl.kerberos.service.name = null
	sasl.kerberos.ticket.renew.jitter = 0.05
	sasl.kerberos.ticket.renew.window.factor = 0.8
	sasl.login.callback.handler.class = null
	sasl.login.class = null
	sasl.login.connect.timeout.ms = null
	sasl.login.read.timeout.ms = null
	sasl.login.refresh.buffer.seconds = 300
	sasl.login.refresh.min.period.seconds = 60
	sasl.login.refresh.window.factor = 0.8
	sasl.login.refresh.window.jitter = 0.05
	sasl.login.retry.backoff.max.ms = 10000
	sasl.login.retry.backoff.ms = 100
	sasl.mechanism = GSSAPI
	sasl.oauthbearer.clock.skew.seconds = 30
	sasl.oauthbearer.expected.audience = null
	sasl.oauthbearer.expected.issuer = null
	sasl.oauthbearer.header.urlencode = false
	sasl.oauthbearer.jwks.endpoint.refresh.ms = 3600000
	sasl.oauthbearer.jwks.endpoint.retry.backoff.max.ms = 10000
	sasl.oauthbearer.jwks.endpoint.retry.backoff.ms = 100
	sasl.oauthbearer.jwks.endpoint.url = null
	sasl.oauthbearer.scope.claim.name = scope
	sasl.oauthbearer.sub.claim.name = sub
	sasl.oauthbearer.token.endpoint.url = null
	security.protocol = PLAINTEXT
	security.providers = null
	send.buffer.bytes = 131072
	socket.connection.setup.timeout.max.ms = 30000
	socket.connection.setup.timeout.ms = 10000
	ssl.cipher.suites = null
	ssl.enabled.protocols = [TLSv1.2, TLSv1.3]
	ssl.endpoint.identification.algorithm = https
	ssl.engine.factory.class = null
	ssl.key.password = null
	ssl.keymanager.algorithm = SunX509
	ssl.keystore.certificate.chain = null
	ssl.keystore.key = null
	ssl.keystore.location = null
	ssl.keystore.password = null
	ssl.keystore.type = JKS
	ssl.protocol = TLSv1.3
	ssl.provider = null
	ssl.secure.random.implementation = null
	ssl.trustmanager.algorithm = PKIX
	ssl.truststore.certificates = null
	ssl.truststore.location = null
	ssl.truststore.password = null
	ssl.truststore.type = JKS
	transaction.timeout.ms = 60000
	transactional.id = null
	value.serializer = class io.apicurio.registry.serde.avro.AvroKafkaSerializer

2025-08-06 15:38:22,361 INFO  [org.apa.kaf.com.tel.int.KafkaMetricsCollector] (main) initializing Kafka metrics collector
2025-08-06 15:38:22,365 INFO  [org.apa.kaf.cli.pro.KafkaProducer] (main) [Producer clientId=Producer-topic-55580497_6a26_4152_9812_3e4c939fc965] Instantiated an idempotent producer.
2025-08-06 15:38:22,367 INFO  [org.apa.kaf.cli.pro.ProducerConfig] (main) These configurations '[apicurio.registry.url, apicurio.registry.artifact-resolver-strategy]' were supplied but are not used yet.
2025-08-06 15:38:22,368 INFO  [org.apa.kaf.com.uti.AppInfoParser] (main) Kafka version: 3.9.1
2025-08-06 15:38:22,368 INFO  [org.apa.kaf.com.uti.AppInfoParser] (main) Kafka commitId: f745dfdcee2b9851
2025-08-06 15:38:22,368 INFO  [org.apa.kaf.com.uti.AppInfoParser] (main) Kafka startTimeMs: 1754494702368
2025-08-06 15:38:22,372 INFO  [io.api.tes.ser.api.KafkaSerdesTester] (Thread-698) Sending message {"keyB": "value-0"} to topic topic-55580497_6a26_4152_9812_3e4c939fc965
2025-08-06 15:38:22,379 WARN  [org.apa.kaf.cli.NetworkClient] (kafka-producer-network-thread | Producer-topic-55580497_6a26_4152_9812_3e4c939fc965) [Producer clientId=Producer-topic-55580497_6a26_4152_9812_3e4c939fc965] The metadata response from the cluster reported a recoverable issue with correlation id 1 : {topic-55580497_6a26_4152_9812_3e4c939fc965=UNKNOWN_TOPIC_OR_PARTITION}
2025-08-06 15:38:22,379 INFO  [org.apa.kaf.cli.Metadata] (kafka-producer-network-thread | Producer-topic-55580497_6a26_4152_9812_3e4c939fc965) [Producer clientId=Producer-topic-55580497_6a26_4152_9812_3e4c939fc965] Cluster ID: dgPJ9z-1S5ugXzLx2i-R9Q
2025-08-06 15:38:22,380 INFO  [org.apa.kaf.cli.pro.int.TransactionManager] (kafka-producer-network-thread | Producer-topic-55580497_6a26_4152_9812_3e4c939fc965) [Producer clientId=Producer-topic-55580497_6a26_4152_9812_3e4c939fc965] ProducerId set to 17 with epoch 0
2025-08-06 15:38:22,491 INFO  [DefaultSchemaResolver] (Thread-698) Retrieving schema content using string: {"type":"record","name":"myrecord","namespace":"mygroup","fields":[{"name":"keyB","type":"string"}]}
2025-08-06 15:38:22,618 INFO  [org.apa.kaf.cli.pro.KafkaProducer] (Thread-698) [Producer clientId=Producer-topic-55580497_6a26_4152_9812_3e4c939fc965] Closing the Kafka producer with timeoutMillis = 9223372036854775807 ms.
2025-08-06 15:38:22,621 INFO  [org.apa.kaf.com.met.Metrics] (Thread-698) Metrics scheduler closed
2025-08-06 15:38:22,621 INFO  [org.apa.kaf.com.met.Metrics] (Thread-698) Closing reporter org.apache.kafka.common.metrics.JmxReporter
2025-08-06 15:38:22,621 INFO  [org.apa.kaf.com.met.Metrics] (Thread-698) Closing reporter org.apache.kafka.common.telemetry.internals.ClientTelemetryReporter
2025-08-06 15:38:22,621 INFO  [org.apa.kaf.com.met.Metrics] (Thread-698) Metrics reporters closed
2025-08-06 15:38:22,624 INFO  [org.apa.kaf.com.uti.AppInfoParser] (Thread-698) App info kafka.producer for Producer-topic-55580497_6a26_4152_9812_3e4c939fc965 unregistered
2025-08-06 15:38:22,625 INFO  [org.ecl.jet.ser.Server] (main) Stopped Server@31dbe419{STOPPING}[11.0.15,sto=1000]
2025-08-06 15:38:22,625 INFO  [org.ecl.jet.ser.Server] (main) Shutdown Server@31dbe419{STOPPING}[11.0.15,sto=1000]
2025-08-06 15:38:22,632 INFO  [org.ecl.jet.ser.AbstractConnector] (main) Stopped NetworkTrafficServerConnector@39086d6b{HTTP/1.1, (http/1.1, h2c)}{0.0.0.0:0}
2025-08-06 15:38:22,634 INFO  [org.ecl.jet.ser.han.ContextHandler] (main) Stopped o.e.j.s.ServletContextHandler@f116270{/,null,STOPPED}
2025-08-06 15:38:22,634 INFO  [org.ecl.jet.ser.han.ContextHandler] (main) Stopped o.e.j.s.ServletContextHandler@428fef32{/__admin,null,STOPPED}
2025-08-06 15:38:22,638 INFO  [io.api.tes.uti.TestSeparator] (main) io.apicurio.tests.serdes.apicurio.AvroSerdeIT.testFirstRequestFailsRateLimited-FINISHED
2025-08-06 15:38:22,638 INFO  [io.api.tes.uti.TestSeparator] (main) ############################################################################
Test passed: testFirstRequestFailsRateLimited
]]></system-out>
    <system-err><![CDATA[com.microsoft.kiota.ApiException: the server returned an unexpected status code and no error class is registered for this code 429
	at com.microsoft.kiota.ApiExceptionBuilder.withMessage(ApiExceptionBuilder.java:45)
	at io.kiota.http.vertx.VertXRequestAdapter.throwIfFailedResponse(VertXRequestAdapter.java:370)
	at io.kiota.http.vertx.VertXRequestAdapter.send(VertXRequestAdapter.java:170)
	at io.apicurio.registry.rest.client.search.versions.VersionsRequestBuilder.post(VersionsRequestBuilder.java:94)
	at io.apicurio.registry.resolver.client.RegistryClientFacadeImpl.searchVersionsByContent(RegistryClientFacadeImpl.java:106)
	at io.apicurio.registry.resolver.DefaultSchemaResolver.lambda$handleResolveSchemaByContent$3(DefaultSchemaResolver.java:258)
	at io.apicurio.registry.resolver.cache.ERCache.lambda$getValue$0(ERCache.java:174)
	at io.apicurio.registry.resolver.cache.ERCache.retry(ERCache.java:227)
	at io.apicurio.registry.resolver.cache.ERCache.getValue(ERCache.java:173)
	at io.apicurio.registry.resolver.cache.ERCache.getByContent(ERCache.java:147)
	at io.apicurio.registry.resolver.DefaultSchemaResolver.handleResolveSchemaByContent(DefaultSchemaResolver.java:253)
	at io.apicurio.registry.resolver.DefaultSchemaResolver.getSchemaFromRegistry(DefaultSchemaResolver.java:138)
	at io.apicurio.registry.resolver.DefaultSchemaResolver.lambda$resolveSchema$0(DefaultSchemaResolver.java:84)
	at java.base/java.util.Optional.orElseGet(Optional.java:364)
	at io.apicurio.registry.resolver.DefaultSchemaResolver.resolveSchema(DefaultSchemaResolver.java:84)
	at io.apicurio.registry.serde.AbstractSerializer.serializeData(AbstractSerializer.java:62)
	at io.apicurio.registry.serde.KafkaSerializer.serialize(KafkaSerializer.java:77)
	at org.apache.kafka.clients.producer.KafkaProducer.doSend(KafkaProducer.java:1046)
	at org.apache.kafka.clients.producer.KafkaProducer.send(KafkaProducer.java:993)
	at org.apache.kafka.clients.producer.KafkaProducer.send(KafkaProducer.java:875)
	at io.apicurio.tests.serdes.apicurio.KafkaSerdesTester.lambda$produceMessages$3(KafkaSerdesTester.java:138)
	at java.base/java.util.concurrent.CompletableFuture$AsyncSupply.run(CompletableFuture.java:1768)
	at java.base/java.lang.Thread.run(Thread.java:840)
]]></system-err>
  </testcase>
  <testcase name="testFirstEmptyFieldConfusedAsMagicByte" classname="io.apicurio.tests.serdes.apicurio.AvroSerdeIT" time="3.922">
    <system-out><![CDATA[2025-08-06 15:38:22,639 INFO  [io.api.tes.uti.TestSeparator] (main) ############################################################################
2025-08-06 15:38:22,639 INFO  [io.api.tes.uti.TestSeparator] (main) io.apicurio.tests.serdes.apicurio.AvroSerdeIT.testFirstEmptyFieldConfusedAsMagicByte-STARTED
**** Registry Base URL: http://registry-app-mysql.apps.ci419.apicurio-testing.org:80
2025-08-06 15:38:22,644 INFO  [org.apa.kaf.cli.pro.ProducerConfig] (main) ProducerConfig values: 
	acks = -1
	auto.include.jmx.reporter = true
	batch.size = 16384
	bootstrap.servers = [PLAINTEXT://localhost:32769]
	buffer.memory = 33554432
	client.dns.lookup = use_all_dns_ips
	client.id = Producer-topic-4d770eb4_afe0_4075_aa7e_b48917b7fd24
	compression.gzip.level = -1
	compression.lz4.level = 9
	compression.type = none
	compression.zstd.level = 3
	connections.max.idle.ms = 10000
	delivery.timeout.ms = 120000
	enable.idempotence = true
	enable.metrics.push = true
	interceptor.classes = []
	key.serializer = class org.apache.kafka.common.serialization.StringSerializer
	linger.ms = 0
	max.block.ms = 60000
	max.in.flight.requests.per.connection = 5
	max.request.size = 1048576
	metadata.max.age.ms = 300000
	metadata.max.idle.ms = 300000
	metadata.recovery.strategy = none
	metric.reporters = []
	metrics.num.samples = 2
	metrics.recording.level = INFO
	metrics.sample.window.ms = 30000
	partitioner.adaptive.partitioning.enable = true
	partitioner.availability.timeout.ms = 0
	partitioner.class = null
	partitioner.ignore.keys = false
	receive.buffer.bytes = 32768
	reconnect.backoff.max.ms = 1000
	reconnect.backoff.ms = 50
	request.timeout.ms = 5000
	retries = 2147483647
	retry.backoff.max.ms = 1000
	retry.backoff.ms = 100
	sasl.client.callback.handler.class = null
	sasl.jaas.config = null
	sasl.kerberos.kinit.cmd = /usr/bin/kinit
	sasl.kerberos.min.time.before.relogin = 60000
	sasl.kerberos.service.name = null
	sasl.kerberos.ticket.renew.jitter = 0.05
	sasl.kerberos.ticket.renew.window.factor = 0.8
	sasl.login.callback.handler.class = null
	sasl.login.class = null
	sasl.login.connect.timeout.ms = null
	sasl.login.read.timeout.ms = null
	sasl.login.refresh.buffer.seconds = 300
	sasl.login.refresh.min.period.seconds = 60
	sasl.login.refresh.window.factor = 0.8
	sasl.login.refresh.window.jitter = 0.05
	sasl.login.retry.backoff.max.ms = 10000
	sasl.login.retry.backoff.ms = 100
	sasl.mechanism = GSSAPI
	sasl.oauthbearer.clock.skew.seconds = 30
	sasl.oauthbearer.expected.audience = null
	sasl.oauthbearer.expected.issuer = null
	sasl.oauthbearer.header.urlencode = false
	sasl.oauthbearer.jwks.endpoint.refresh.ms = 3600000
	sasl.oauthbearer.jwks.endpoint.retry.backoff.max.ms = 10000
	sasl.oauthbearer.jwks.endpoint.retry.backoff.ms = 100
	sasl.oauthbearer.jwks.endpoint.url = null
	sasl.oauthbearer.scope.claim.name = scope
	sasl.oauthbearer.sub.claim.name = sub
	sasl.oauthbearer.token.endpoint.url = null
	security.protocol = PLAINTEXT
	security.providers = null
	send.buffer.bytes = 131072
	socket.connection.setup.timeout.max.ms = 30000
	socket.connection.setup.timeout.ms = 10000
	ssl.cipher.suites = null
	ssl.enabled.protocols = [TLSv1.2, TLSv1.3]
	ssl.endpoint.identification.algorithm = https
	ssl.engine.factory.class = null
	ssl.key.password = null
	ssl.keymanager.algorithm = SunX509
	ssl.keystore.certificate.chain = null
	ssl.keystore.key = null
	ssl.keystore.location = null
	ssl.keystore.password = null
	ssl.keystore.type = JKS
	ssl.protocol = TLSv1.3
	ssl.provider = null
	ssl.secure.random.implementation = null
	ssl.trustmanager.algorithm = PKIX
	ssl.truststore.certificates = null
	ssl.truststore.location = null
	ssl.truststore.password = null
	ssl.truststore.type = JKS
	transaction.timeout.ms = 60000
	transactional.id = null
	value.serializer = class io.apicurio.registry.serde.avro.AvroKafkaSerializer

2025-08-06 15:38:22,644 INFO  [org.apa.kaf.com.tel.int.KafkaMetricsCollector] (main) initializing Kafka metrics collector
2025-08-06 15:38:22,651 INFO  [org.apa.kaf.cli.pro.KafkaProducer] (main) [Producer clientId=Producer-topic-4d770eb4_afe0_4075_aa7e_b48917b7fd24] Instantiated an idempotent producer.
2025-08-06 15:38:22,654 INFO  [org.apa.kaf.cli.pro.ProducerConfig] (main) These configurations '[apicurio.registry.url, apicurio.registry.auto-register, apicurio.registry.artifact-resolver-strategy]' were supplied but are not used yet.
2025-08-06 15:38:22,654 INFO  [org.apa.kaf.com.uti.AppInfoParser] (main) Kafka version: 3.9.1
2025-08-06 15:38:22,654 INFO  [org.apa.kaf.com.uti.AppInfoParser] (main) Kafka commitId: f745dfdcee2b9851
2025-08-06 15:38:22,654 INFO  [org.apa.kaf.com.uti.AppInfoParser] (main) Kafka startTimeMs: 1754494702654
2025-08-06 15:38:22,654 INFO  [io.api.tes.ser.api.SimpleSerdesTesterBuilder$SimpleSerdesTester] (main) Using producer configuration: {apicurio.registry.url=http://registry-app-mysql.apps.ci419.apicurio-testing.org:80/apis/registry/v3, apicurio.registry.auto-register=true, apicurio.registry.artifact-resolver-strategy=io.apicurio.registry.serde.strategy.SimpleTopicIdStrategy, value.serializer=io.apicurio.registry.serde.avro.AvroKafkaSerializer, request.timeout.ms=5000, acks=all, bootstrap.servers=PLAINTEXT://localhost:32769, connections.max.idle.ms=10000, key.serializer=org.apache.kafka.common.serialization.StringSerializer, client.id=Producer-topic-4d770eb4_afe0_4075_aa7e_b48917b7fd24}
2025-08-06 15:38:22,654 INFO  [io.api.tes.ser.api.SimpleSerdesTesterBuilder$SimpleSerdesTester] (main) Using consumer configuration: {}
2025-08-06 15:38:22,655 INFO  [io.api.tes.ser.api.KafkaSerdesTester] (Thread-701) Sending message {"username": null} to topic topic-4d770eb4_afe0_4075_aa7e_b48917b7fd24
2025-08-06 15:38:22,658 WARN  [org.apa.kaf.cli.NetworkClient] (kafka-producer-network-thread | Producer-topic-4d770eb4_afe0_4075_aa7e_b48917b7fd24) [Producer clientId=Producer-topic-4d770eb4_afe0_4075_aa7e_b48917b7fd24] The metadata response from the cluster reported a recoverable issue with correlation id 1 : {topic-4d770eb4_afe0_4075_aa7e_b48917b7fd24=UNKNOWN_TOPIC_OR_PARTITION}
2025-08-06 15:38:22,658 INFO  [org.apa.kaf.cli.Metadata] (kafka-producer-network-thread | Producer-topic-4d770eb4_afe0_4075_aa7e_b48917b7fd24) [Producer clientId=Producer-topic-4d770eb4_afe0_4075_aa7e_b48917b7fd24] Cluster ID: dgPJ9z-1S5ugXzLx2i-R9Q
2025-08-06 15:38:22,658 INFO  [org.apa.kaf.cli.pro.int.TransactionManager] (kafka-producer-network-thread | Producer-topic-4d770eb4_afe0_4075_aa7e_b48917b7fd24) [Producer clientId=Producer-topic-4d770eb4_afe0_4075_aa7e_b48917b7fd24] ProducerId set to 18 with epoch 0
2025-08-06 15:38:22,866 INFO  [io.api.tes.ser.api.KafkaSerdesTester] (Thread-701) Sending message {"username": null} to topic topic-4d770eb4_afe0_4075_aa7e_b48917b7fd24
2025-08-06 15:38:22,867 INFO  [io.api.tes.ser.api.KafkaSerdesTester] (Thread-701) Sending message {"username": "value-2"} to topic topic-4d770eb4_afe0_4075_aa7e_b48917b7fd24
2025-08-06 15:38:22,869 INFO  [io.api.tes.ser.api.KafkaSerdesTester] (Thread-701) Sending message {"username": null} to topic topic-4d770eb4_afe0_4075_aa7e_b48917b7fd24
2025-08-06 15:38:22,870 INFO  [io.api.tes.ser.api.KafkaSerdesTester] (Thread-701) Sending message {"username": "value-4"} to topic topic-4d770eb4_afe0_4075_aa7e_b48917b7fd24
2025-08-06 15:38:22,872 INFO  [io.api.tes.ser.api.KafkaSerdesTester] (Thread-701) Sending message {"username": null} to topic topic-4d770eb4_afe0_4075_aa7e_b48917b7fd24
2025-08-06 15:38:22,873 INFO  [io.api.tes.ser.api.KafkaSerdesTester] (Thread-701) Sending message {"username": "value-6"} to topic topic-4d770eb4_afe0_4075_aa7e_b48917b7fd24
2025-08-06 15:38:22,875 INFO  [io.api.tes.ser.api.KafkaSerdesTester] (Thread-701) Sending message {"username": null} to topic topic-4d770eb4_afe0_4075_aa7e_b48917b7fd24
2025-08-06 15:38:22,877 INFO  [io.api.tes.ser.api.KafkaSerdesTester] (Thread-701) Sending message {"username": "value-8"} to topic topic-4d770eb4_afe0_4075_aa7e_b48917b7fd24
2025-08-06 15:38:22,879 INFO  [io.api.tes.ser.api.KafkaSerdesTester] (Thread-701) Sending message {"username": null} to topic topic-4d770eb4_afe0_4075_aa7e_b48917b7fd24
2025-08-06 15:38:22,880 INFO  [io.api.tes.ser.api.KafkaSerdesTester] (Thread-701) Produced 10 messages
2025-08-06 15:38:22,880 INFO  [org.apa.kaf.cli.pro.KafkaProducer] (Thread-701) [Producer clientId=Producer-topic-4d770eb4_afe0_4075_aa7e_b48917b7fd24] Closing the Kafka producer with timeoutMillis = 9223372036854775807 ms.
2025-08-06 15:38:22,882 INFO  [org.apa.kaf.com.met.Metrics] (Thread-701) Metrics scheduler closed
2025-08-06 15:38:22,882 INFO  [org.apa.kaf.com.met.Metrics] (Thread-701) Closing reporter org.apache.kafka.common.metrics.JmxReporter
2025-08-06 15:38:22,882 INFO  [org.apa.kaf.com.met.Metrics] (Thread-701) Closing reporter org.apache.kafka.common.telemetry.internals.ClientTelemetryReporter
2025-08-06 15:38:22,882 INFO  [org.apa.kaf.com.met.Metrics] (Thread-701) Metrics reporters closed
2025-08-06 15:38:22,882 INFO  [org.apa.kaf.com.uti.AppInfoParser] (Thread-701) App info kafka.producer for Producer-topic-4d770eb4_afe0_4075_aa7e_b48917b7fd24 unregistered
**** Registry Base URL: http://registry-app-mysql.apps.ci419.apicurio-testing.org:80
2025-08-06 15:38:22,942 INFO  [org.apa.kaf.cli.con.ConsumerConfig] (main) ConsumerConfig values: 
	allow.auto.create.topics = true
	auto.commit.interval.ms = 500
	auto.include.jmx.reporter = true
	auto.offset.reset = earliest
	bootstrap.servers = [PLAINTEXT://localhost:32769]
	check.crcs = true
	client.dns.lookup = use_all_dns_ips
	client.id = consumer-Consumer-topic-4d770eb4_afe0_4075_aa7e_b48917b7fd24-14
	client.rack = 
	connections.max.idle.ms = 10000
	default.api.timeout.ms = 60000
	enable.auto.commit = true
	enable.metrics.push = true
	exclude.internal.topics = true
	fetch.max.bytes = 52428800
	fetch.max.wait.ms = 500
	fetch.min.bytes = 1
	group.id = Consumer-topic-4d770eb4_afe0_4075_aa7e_b48917b7fd24
	group.instance.id = null
	group.protocol = classic
	group.remote.assignor = null
	heartbeat.interval.ms = 3000
	interceptor.classes = []
	internal.leave.group.on.close = true
	internal.throw.on.fetch.stable.offset.unsupported = false
	isolation.level = read_uncommitted
	key.deserializer = class org.apache.kafka.common.serialization.StringDeserializer
	max.partition.fetch.bytes = 1048576
	max.poll.interval.ms = 300000
	max.poll.records = 500
	metadata.max.age.ms = 300000
	metadata.recovery.strategy = none
	metric.reporters = []
	metrics.num.samples = 2
	metrics.recording.level = INFO
	metrics.sample.window.ms = 30000
	partition.assignment.strategy = [class org.apache.kafka.clients.consumer.RangeAssignor, class org.apache.kafka.clients.consumer.CooperativeStickyAssignor]
	receive.buffer.bytes = 65536
	reconnect.backoff.max.ms = 1000
	reconnect.backoff.ms = 50
	request.timeout.ms = 5000
	retry.backoff.max.ms = 1000
	retry.backoff.ms = 100
	sasl.client.callback.handler.class = null
	sasl.jaas.config = null
	sasl.kerberos.kinit.cmd = /usr/bin/kinit
	sasl.kerberos.min.time.before.relogin = 60000
	sasl.kerberos.service.name = null
	sasl.kerberos.ticket.renew.jitter = 0.05
	sasl.kerberos.ticket.renew.window.factor = 0.8
	sasl.login.callback.handler.class = null
	sasl.login.class = null
	sasl.login.connect.timeout.ms = null
	sasl.login.read.timeout.ms = null
	sasl.login.refresh.buffer.seconds = 300
	sasl.login.refresh.min.period.seconds = 60
	sasl.login.refresh.window.factor = 0.8
	sasl.login.refresh.window.jitter = 0.05
	sasl.login.retry.backoff.max.ms = 10000
	sasl.login.retry.backoff.ms = 100
	sasl.mechanism = GSSAPI
	sasl.oauthbearer.clock.skew.seconds = 30
	sasl.oauthbearer.expected.audience = null
	sasl.oauthbearer.expected.issuer = null
	sasl.oauthbearer.header.urlencode = false
	sasl.oauthbearer.jwks.endpoint.refresh.ms = 3600000
	sasl.oauthbearer.jwks.endpoint.retry.backoff.max.ms = 10000
	sasl.oauthbearer.jwks.endpoint.retry.backoff.ms = 100
	sasl.oauthbearer.jwks.endpoint.url = null
	sasl.oauthbearer.scope.claim.name = scope
	sasl.oauthbearer.sub.claim.name = sub
	sasl.oauthbearer.token.endpoint.url = null
	security.protocol = PLAINTEXT
	security.providers = null
	send.buffer.bytes = 131072
	session.timeout.ms = 45000
	socket.connection.setup.timeout.max.ms = 30000
	socket.connection.setup.timeout.ms = 10000
	ssl.cipher.suites = null
	ssl.enabled.protocols = [TLSv1.2, TLSv1.3]
	ssl.endpoint.identification.algorithm = https
	ssl.engine.factory.class = null
	ssl.key.password = null
	ssl.keymanager.algorithm = SunX509
	ssl.keystore.certificate.chain = null
	ssl.keystore.key = null
	ssl.keystore.location = null
	ssl.keystore.password = null
	ssl.keystore.type = JKS
	ssl.protocol = TLSv1.3
	ssl.provider = null
	ssl.secure.random.implementation = null
	ssl.trustmanager.algorithm = PKIX
	ssl.truststore.certificates = null
	ssl.truststore.location = null
	ssl.truststore.password = null
	ssl.truststore.type = JKS
	value.deserializer = class io.apicurio.registry.serde.avro.AvroKafkaDeserializer

2025-08-06 15:38:22,943 INFO  [org.apa.kaf.com.tel.int.KafkaMetricsCollector] (main) initializing Kafka metrics collector
2025-08-06 15:38:22,948 INFO  [org.apa.kaf.cli.con.ConsumerConfig] (main) These configurations '[apicurio.registry.url]' were supplied but are not used yet.
2025-08-06 15:38:22,948 INFO  [org.apa.kaf.com.uti.AppInfoParser] (main) Kafka version: 3.9.1
2025-08-06 15:38:22,948 INFO  [org.apa.kaf.com.uti.AppInfoParser] (main) Kafka commitId: f745dfdcee2b9851
2025-08-06 15:38:22,948 INFO  [org.apa.kaf.com.uti.AppInfoParser] (main) Kafka startTimeMs: 1754494702948
2025-08-06 15:38:22,948 INFO  [org.apa.kaf.cli.con.int.ClassicKafkaConsumer] (Thread-704) [Consumer clientId=consumer-Consumer-topic-4d770eb4_afe0_4075_aa7e_b48917b7fd24-14, groupId=Consumer-topic-4d770eb4_afe0_4075_aa7e_b48917b7fd24] Subscribed to topic(s): topic-4d770eb4_afe0_4075_aa7e_b48917b7fd24
2025-08-06 15:38:22,952 INFO  [org.apa.kaf.cli.Metadata] (Thread-704) [Consumer clientId=consumer-Consumer-topic-4d770eb4_afe0_4075_aa7e_b48917b7fd24-14, groupId=Consumer-topic-4d770eb4_afe0_4075_aa7e_b48917b7fd24] Cluster ID: dgPJ9z-1S5ugXzLx2i-R9Q
2025-08-06 15:38:22,953 INFO  [org.apa.kaf.cli.con.int.ConsumerCoordinator] (Thread-704) [Consumer clientId=consumer-Consumer-topic-4d770eb4_afe0_4075_aa7e_b48917b7fd24-14, groupId=Consumer-topic-4d770eb4_afe0_4075_aa7e_b48917b7fd24] Discovered group coordinator localhost:32769 (id: 2147483647 rack: null)
2025-08-06 15:38:22,955 INFO  [org.apa.kaf.cli.con.int.ConsumerCoordinator] (Thread-704) [Consumer clientId=consumer-Consumer-topic-4d770eb4_afe0_4075_aa7e_b48917b7fd24-14, groupId=Consumer-topic-4d770eb4_afe0_4075_aa7e_b48917b7fd24] (Re-)joining group
2025-08-06 15:38:22,956 INFO  [org.apa.kaf.cli.con.int.ConsumerCoordinator] (Thread-704) [Consumer clientId=consumer-Consumer-topic-4d770eb4_afe0_4075_aa7e_b48917b7fd24-14, groupId=Consumer-topic-4d770eb4_afe0_4075_aa7e_b48917b7fd24] Request joining group due to: need to re-join with the given member-id: consumer-Consumer-topic-4d770eb4_afe0_4075_aa7e_b48917b7fd24-14-19949108-a357-4730-a9e6-af3ff04f62e7
2025-08-06 15:38:22,957 INFO  [org.apa.kaf.cli.con.int.ConsumerCoordinator] (Thread-704) [Consumer clientId=consumer-Consumer-topic-4d770eb4_afe0_4075_aa7e_b48917b7fd24-14, groupId=Consumer-topic-4d770eb4_afe0_4075_aa7e_b48917b7fd24] (Re-)joining group
2025-08-06 15:38:23,948 INFO  [io.api.tes.ser.api.KafkaSerdesTester] (Thread-704) None found
2025-08-06 15:38:24,948 INFO  [io.api.tes.ser.api.KafkaSerdesTester] (Thread-704) None found
2025-08-06 15:38:25,948 INFO  [io.api.tes.ser.api.KafkaSerdesTester] (Thread-704) None found
2025-08-06 15:38:25,959 INFO  [org.apa.kaf.cli.con.int.ConsumerCoordinator] (Thread-704) [Consumer clientId=consumer-Consumer-topic-4d770eb4_afe0_4075_aa7e_b48917b7fd24-14, groupId=Consumer-topic-4d770eb4_afe0_4075_aa7e_b48917b7fd24] Successfully joined group with generation Generation{generationId=1, memberId='consumer-Consumer-topic-4d770eb4_afe0_4075_aa7e_b48917b7fd24-14-19949108-a357-4730-a9e6-af3ff04f62e7', protocol='range'}
2025-08-06 15:38:25,959 INFO  [org.apa.kaf.cli.con.int.ConsumerCoordinator] (Thread-704) [Consumer clientId=consumer-Consumer-topic-4d770eb4_afe0_4075_aa7e_b48917b7fd24-14, groupId=Consumer-topic-4d770eb4_afe0_4075_aa7e_b48917b7fd24] Finished assignment for group at generation 1: {consumer-Consumer-topic-4d770eb4_afe0_4075_aa7e_b48917b7fd24-14-19949108-a357-4730-a9e6-af3ff04f62e7=Assignment(partitions=[topic-4d770eb4_afe0_4075_aa7e_b48917b7fd24-0])}
2025-08-06 15:38:25,965 INFO  [org.apa.kaf.cli.con.int.ConsumerCoordinator] (Thread-704) [Consumer clientId=consumer-Consumer-topic-4d770eb4_afe0_4075_aa7e_b48917b7fd24-14, groupId=Consumer-topic-4d770eb4_afe0_4075_aa7e_b48917b7fd24] Successfully synced group in generation Generation{generationId=1, memberId='consumer-Consumer-topic-4d770eb4_afe0_4075_aa7e_b48917b7fd24-14-19949108-a357-4730-a9e6-af3ff04f62e7', protocol='range'}
2025-08-06 15:38:25,966 INFO  [org.apa.kaf.cli.con.int.ConsumerCoordinator] (Thread-704) [Consumer clientId=consumer-Consumer-topic-4d770eb4_afe0_4075_aa7e_b48917b7fd24-14, groupId=Consumer-topic-4d770eb4_afe0_4075_aa7e_b48917b7fd24] Notifying assignor about the new Assignment(partitions=[topic-4d770eb4_afe0_4075_aa7e_b48917b7fd24-0])
2025-08-06 15:38:25,966 INFO  [org.apa.kaf.cli.con.int.ConsumerRebalanceListenerInvoker] (Thread-704) [Consumer clientId=consumer-Consumer-topic-4d770eb4_afe0_4075_aa7e_b48917b7fd24-14, groupId=Consumer-topic-4d770eb4_afe0_4075_aa7e_b48917b7fd24] Adding newly assigned partitions: topic-4d770eb4_afe0_4075_aa7e_b48917b7fd24-0
2025-08-06 15:38:25,967 INFO  [org.apa.kaf.cli.con.int.ConsumerCoordinator] (Thread-704) [Consumer clientId=consumer-Consumer-topic-4d770eb4_afe0_4075_aa7e_b48917b7fd24-14, groupId=Consumer-topic-4d770eb4_afe0_4075_aa7e_b48917b7fd24] Found no committed offset for partition topic-4d770eb4_afe0_4075_aa7e_b48917b7fd24-0
2025-08-06 15:38:25,970 INFO  [org.apa.kaf.cli.con.int.SubscriptionState] (Thread-704) [Consumer clientId=consumer-Consumer-topic-4d770eb4_afe0_4075_aa7e_b48917b7fd24-14, groupId=Consumer-topic-4d770eb4_afe0_4075_aa7e_b48917b7fd24] Resetting offset for partition topic-4d770eb4_afe0_4075_aa7e_b48917b7fd24-0 to position FetchPosition{offset=0, offsetEpoch=Optional.empty, currentLeader=LeaderAndEpoch{leader=Optional[localhost:32769 (id: 0 rack: null)], epoch=0}}.
2025-08-06 15:38:26,051 INFO  [io.api.tes.ser.api.KafkaSerdesTester] (Thread-704) topic-4d770eb4_afe0_4075_aa7e_b48917b7fd24 0 0 {"username": null}
2025-08-06 15:38:26,051 INFO  [io.api.tes.ser.api.KafkaSerdesTester] (Thread-704) topic-4d770eb4_afe0_4075_aa7e_b48917b7fd24 0 1 {"username": null}
2025-08-06 15:38:26,051 INFO  [io.api.tes.ser.api.KafkaSerdesTester] (Thread-704) topic-4d770eb4_afe0_4075_aa7e_b48917b7fd24 0 2 {"username": "value-2"}
2025-08-06 15:38:26,051 INFO  [io.api.tes.ser.api.KafkaSerdesTester] (Thread-704) topic-4d770eb4_afe0_4075_aa7e_b48917b7fd24 0 3 {"username": null}
2025-08-06 15:38:26,051 INFO  [io.api.tes.ser.api.KafkaSerdesTester] (Thread-704) topic-4d770eb4_afe0_4075_aa7e_b48917b7fd24 0 4 {"username": "value-4"}
2025-08-06 15:38:26,051 INFO  [io.api.tes.ser.api.KafkaSerdesTester] (Thread-704) topic-4d770eb4_afe0_4075_aa7e_b48917b7fd24 0 5 {"username": null}
2025-08-06 15:38:26,051 INFO  [io.api.tes.ser.api.KafkaSerdesTester] (Thread-704) topic-4d770eb4_afe0_4075_aa7e_b48917b7fd24 0 6 {"username": "value-6"}
2025-08-06 15:38:26,051 INFO  [io.api.tes.ser.api.KafkaSerdesTester] (Thread-704) topic-4d770eb4_afe0_4075_aa7e_b48917b7fd24 0 7 {"username": null}
2025-08-06 15:38:26,051 INFO  [io.api.tes.ser.api.KafkaSerdesTester] (Thread-704) topic-4d770eb4_afe0_4075_aa7e_b48917b7fd24 0 8 {"username": "value-8"}
2025-08-06 15:38:26,051 INFO  [io.api.tes.ser.api.KafkaSerdesTester] (Thread-704) topic-4d770eb4_afe0_4075_aa7e_b48917b7fd24 0 9 {"username": null}
2025-08-06 15:38:26,051 INFO  [io.api.tes.ser.api.KafkaSerdesTester] (Thread-704) Consumed 10 messages
2025-08-06 15:38:26,058 INFO  [org.apa.kaf.cli.con.int.ConsumerRebalanceListenerInvoker] (Thread-704) [Consumer clientId=consumer-Consumer-topic-4d770eb4_afe0_4075_aa7e_b48917b7fd24-14, groupId=Consumer-topic-4d770eb4_afe0_4075_aa7e_b48917b7fd24] Revoke previously assigned partitions topic-4d770eb4_afe0_4075_aa7e_b48917b7fd24-0
2025-08-06 15:38:26,058 INFO  [org.apa.kaf.cli.con.int.ConsumerCoordinator] (Thread-704) [Consumer clientId=consumer-Consumer-topic-4d770eb4_afe0_4075_aa7e_b48917b7fd24-14, groupId=Consumer-topic-4d770eb4_afe0_4075_aa7e_b48917b7fd24] Member consumer-Consumer-topic-4d770eb4_afe0_4075_aa7e_b48917b7fd24-14-19949108-a357-4730-a9e6-af3ff04f62e7 sending LeaveGroup request to coordinator localhost:32769 (id: 2147483647 rack: null) due to the consumer is being closed
2025-08-06 15:38:26,058 INFO  [org.apa.kaf.cli.con.int.ConsumerCoordinator] (Thread-704) [Consumer clientId=consumer-Consumer-topic-4d770eb4_afe0_4075_aa7e_b48917b7fd24-14, groupId=Consumer-topic-4d770eb4_afe0_4075_aa7e_b48917b7fd24] Resetting generation and member id due to: consumer pro-actively leaving the group
2025-08-06 15:38:26,058 INFO  [org.apa.kaf.cli.con.int.ConsumerCoordinator] (Thread-704) [Consumer clientId=consumer-Consumer-topic-4d770eb4_afe0_4075_aa7e_b48917b7fd24-14, groupId=Consumer-topic-4d770eb4_afe0_4075_aa7e_b48917b7fd24] Request joining group due to: consumer pro-actively leaving the group
2025-08-06 15:38:26,555 INFO  [org.apa.kaf.com.met.Metrics] (Thread-704) Metrics scheduler closed
2025-08-06 15:38:26,555 INFO  [org.apa.kaf.com.met.Metrics] (Thread-704) Closing reporter org.apache.kafka.common.metrics.JmxReporter
2025-08-06 15:38:26,555 INFO  [org.apa.kaf.com.met.Metrics] (Thread-704) Closing reporter org.apache.kafka.common.telemetry.internals.ClientTelemetryReporter
2025-08-06 15:38:26,555 INFO  [org.apa.kaf.com.met.Metrics] (Thread-704) Metrics reporters closed
2025-08-06 15:38:26,559 INFO  [org.apa.kaf.com.uti.AppInfoParser] (Thread-704) App info kafka.consumer for consumer-Consumer-topic-4d770eb4_afe0_4075_aa7e_b48917b7fd24-14 unregistered
2025-08-06 15:38:26,560 INFO  [io.api.tes.uti.TestSeparator] (main) io.apicurio.tests.serdes.apicurio.AvroSerdeIT.testFirstEmptyFieldConfusedAsMagicByte-FINISHED
2025-08-06 15:38:26,560 INFO  [io.api.tes.uti.TestSeparator] (main) ############################################################################
Test passed: testFirstEmptyFieldConfusedAsMagicByte
]]></system-out>
  </testcase>
  <testcase name="testAvroSerDesFailDifferentSchemaByContent" classname="io.apicurio.tests.serdes.apicurio.AvroSerdeIT" time="1.197">
    <system-out><![CDATA[2025-08-06 15:38:26,563 INFO  [io.api.tes.uti.TestSeparator] (main) ############################################################################
2025-08-06 15:38:26,563 INFO  [io.api.tes.uti.TestSeparator] (main) io.apicurio.tests.serdes.apicurio.AvroSerdeIT.testAvroSerDesFailDifferentSchemaByContent-STARTED
**** Registry Base URL: http://registry-app-mysql.apps.ci419.apicurio-testing.org:80
2025-08-06 15:38:27,664 INFO  [org.apa.kaf.cli.pro.ProducerConfig] (main) ProducerConfig values: 
	acks = -1
	auto.include.jmx.reporter = true
	batch.size = 16384
	bootstrap.servers = [PLAINTEXT://localhost:32769]
	buffer.memory = 33554432
	client.dns.lookup = use_all_dns_ips
	client.id = Producer-topic-df26ac44_1ea3_4545_8164_ce9ae8494e6d
	compression.gzip.level = -1
	compression.lz4.level = 9
	compression.type = none
	compression.zstd.level = 3
	connections.max.idle.ms = 10000
	delivery.timeout.ms = 120000
	enable.idempotence = true
	enable.metrics.push = true
	interceptor.classes = []
	key.serializer = class org.apache.kafka.common.serialization.StringSerializer
	linger.ms = 0
	max.block.ms = 60000
	max.in.flight.requests.per.connection = 5
	max.request.size = 1048576
	metadata.max.age.ms = 300000
	metadata.max.idle.ms = 300000
	metadata.recovery.strategy = none
	metric.reporters = []
	metrics.num.samples = 2
	metrics.recording.level = INFO
	metrics.sample.window.ms = 30000
	partitioner.adaptive.partitioning.enable = true
	partitioner.availability.timeout.ms = 0
	partitioner.class = null
	partitioner.ignore.keys = false
	receive.buffer.bytes = 32768
	reconnect.backoff.max.ms = 1000
	reconnect.backoff.ms = 50
	request.timeout.ms = 5000
	retries = 2147483647
	retry.backoff.max.ms = 1000
	retry.backoff.ms = 100
	sasl.client.callback.handler.class = null
	sasl.jaas.config = null
	sasl.kerberos.kinit.cmd = /usr/bin/kinit
	sasl.kerberos.min.time.before.relogin = 60000
	sasl.kerberos.service.name = null
	sasl.kerberos.ticket.renew.jitter = 0.05
	sasl.kerberos.ticket.renew.window.factor = 0.8
	sasl.login.callback.handler.class = null
	sasl.login.class = null
	sasl.login.connect.timeout.ms = null
	sasl.login.read.timeout.ms = null
	sasl.login.refresh.buffer.seconds = 300
	sasl.login.refresh.min.period.seconds = 60
	sasl.login.refresh.window.factor = 0.8
	sasl.login.refresh.window.jitter = 0.05
	sasl.login.retry.backoff.max.ms = 10000
	sasl.login.retry.backoff.ms = 100
	sasl.mechanism = GSSAPI
	sasl.oauthbearer.clock.skew.seconds = 30
	sasl.oauthbearer.expected.audience = null
	sasl.oauthbearer.expected.issuer = null
	sasl.oauthbearer.header.urlencode = false
	sasl.oauthbearer.jwks.endpoint.refresh.ms = 3600000
	sasl.oauthbearer.jwks.endpoint.retry.backoff.max.ms = 10000
	sasl.oauthbearer.jwks.endpoint.retry.backoff.ms = 100
	sasl.oauthbearer.jwks.endpoint.url = null
	sasl.oauthbearer.scope.claim.name = scope
	sasl.oauthbearer.sub.claim.name = sub
	sasl.oauthbearer.token.endpoint.url = null
	security.protocol = PLAINTEXT
	security.providers = null
	send.buffer.bytes = 131072
	socket.connection.setup.timeout.max.ms = 30000
	socket.connection.setup.timeout.ms = 10000
	ssl.cipher.suites = null
	ssl.enabled.protocols = [TLSv1.2, TLSv1.3]
	ssl.endpoint.identification.algorithm = https
	ssl.engine.factory.class = null
	ssl.key.password = null
	ssl.keymanager.algorithm = SunX509
	ssl.keystore.certificate.chain = null
	ssl.keystore.key = null
	ssl.keystore.location = null
	ssl.keystore.password = null
	ssl.keystore.type = JKS
	ssl.protocol = TLSv1.3
	ssl.provider = null
	ssl.secure.random.implementation = null
	ssl.trustmanager.algorithm = PKIX
	ssl.truststore.certificates = null
	ssl.truststore.location = null
	ssl.truststore.password = null
	ssl.truststore.type = JKS
	transaction.timeout.ms = 60000
	transactional.id = null
	value.serializer = class io.apicurio.registry.serde.avro.AvroKafkaSerializer

2025-08-06 15:38:27,664 INFO  [org.apa.kaf.com.tel.int.KafkaMetricsCollector] (main) initializing Kafka metrics collector
2025-08-06 15:38:27,668 INFO  [org.apa.kaf.cli.pro.KafkaProducer] (main) [Producer clientId=Producer-topic-df26ac44_1ea3_4545_8164_ce9ae8494e6d] Instantiated an idempotent producer.
2025-08-06 15:38:27,670 INFO  [org.apa.kaf.cli.pro.ProducerConfig] (main) These configurations '[apicurio.registry.url, apicurio.registry.artifact-resolver-strategy]' were supplied but are not used yet.
2025-08-06 15:38:27,670 INFO  [org.apa.kaf.com.uti.AppInfoParser] (main) Kafka version: 3.9.1
2025-08-06 15:38:27,670 INFO  [org.apa.kaf.com.uti.AppInfoParser] (main) Kafka commitId: f745dfdcee2b9851
2025-08-06 15:38:27,670 INFO  [org.apa.kaf.com.uti.AppInfoParser] (main) Kafka startTimeMs: 1754494707670
2025-08-06 15:38:27,671 INFO  [io.api.tes.ser.api.KafkaSerdesTester] (Thread-707) Sending message {"keyB": "value-0"} to topic topic-df26ac44_1ea3_4545_8164_ce9ae8494e6d
2025-08-06 15:38:27,676 INFO  [org.apa.kaf.cli.Metadata] (kafka-producer-network-thread | Producer-topic-df26ac44_1ea3_4545_8164_ce9ae8494e6d) [Producer clientId=Producer-topic-df26ac44_1ea3_4545_8164_ce9ae8494e6d] Cluster ID: dgPJ9z-1S5ugXzLx2i-R9Q
2025-08-06 15:38:27,676 INFO  [DefaultSchemaResolver] (Thread-707) Retrieving schema content using string: {"type":"record","name":"se8209198x72a2x42eax86e9x72b6f35631bd","namespace":"s840dd89ex09cfx4ffcx9913xeff07605d572","fields":[{"name":"keyB","type":"string"}]}
2025-08-06 15:38:27,677 INFO  [org.apa.kaf.cli.pro.int.TransactionManager] (kafka-producer-network-thread | Producer-topic-df26ac44_1ea3_4545_8164_ce9ae8494e6d) [Producer clientId=Producer-topic-df26ac44_1ea3_4545_8164_ce9ae8494e6d] ProducerId set to 19 with epoch 0
2025-08-06 15:38:27,758 INFO  [org.apa.kaf.cli.pro.KafkaProducer] (Thread-707) [Producer clientId=Producer-topic-df26ac44_1ea3_4545_8164_ce9ae8494e6d] Closing the Kafka producer with timeoutMillis = 9223372036854775807 ms.
2025-08-06 15:38:27,759 INFO  [org.apa.kaf.com.met.Metrics] (Thread-707) Metrics scheduler closed
2025-08-06 15:38:27,759 INFO  [org.apa.kaf.com.met.Metrics] (Thread-707) Closing reporter org.apache.kafka.common.metrics.JmxReporter
2025-08-06 15:38:27,759 INFO  [org.apa.kaf.com.met.Metrics] (Thread-707) Closing reporter org.apache.kafka.common.telemetry.internals.ClientTelemetryReporter
2025-08-06 15:38:27,759 INFO  [org.apa.kaf.com.met.Metrics] (Thread-707) Metrics reporters closed
2025-08-06 15:38:27,759 INFO  [org.apa.kaf.com.uti.AppInfoParser] (Thread-707) App info kafka.producer for Producer-topic-df26ac44_1ea3_4545_8164_ce9ae8494e6d unregistered
2025-08-06 15:38:27,760 INFO  [io.api.tes.uti.TestSeparator] (main) io.apicurio.tests.serdes.apicurio.AvroSerdeIT.testAvroSerDesFailDifferentSchemaByContent-FINISHED
2025-08-06 15:38:27,760 INFO  [io.api.tes.uti.TestSeparator] (main) ############################################################################
Test passed: testAvroSerDesFailDifferentSchemaByContent
]]></system-out>
    <system-err><![CDATA[java.lang.RuntimeException: Could not resolve artifact reference by content: {"type":"record","name":"se8209198x72a2x42eax86e9x72b6f35631bd","namespace":"s840dd89ex09cfx4ffcx9913xeff07605d572","fields":[{"name":"keyB","type":"string"}]}&ArtifactReference [groupId=s840dd89ex09cfx4ffcx9913xeff07605d572, artifactId=se8209198x72a2x42eax86e9x72b6f35631bd, version=null, globalId=null, contentId=null, contentHash=null]
	at io.apicurio.registry.resolver.DefaultSchemaResolver.lambda$handleResolveSchemaByContent$3(DefaultSchemaResolver.java:265)
	at io.apicurio.registry.resolver.cache.ERCache.lambda$getValue$0(ERCache.java:174)
	at io.apicurio.registry.resolver.cache.ERCache.retry(ERCache.java:227)
	at io.apicurio.registry.resolver.cache.ERCache.getValue(ERCache.java:173)
	at io.apicurio.registry.resolver.cache.ERCache.getByContent(ERCache.java:147)
	at io.apicurio.registry.resolver.DefaultSchemaResolver.handleResolveSchemaByContent(DefaultSchemaResolver.java:253)
	at io.apicurio.registry.resolver.DefaultSchemaResolver.getSchemaFromRegistry(DefaultSchemaResolver.java:138)
	at io.apicurio.registry.resolver.DefaultSchemaResolver.lambda$resolveSchema$0(DefaultSchemaResolver.java:84)
	at java.base/java.util.Optional.orElseGet(Optional.java:364)
	at io.apicurio.registry.resolver.DefaultSchemaResolver.resolveSchema(DefaultSchemaResolver.java:84)
	at io.apicurio.registry.serde.AbstractSerializer.serializeData(AbstractSerializer.java:62)
	at io.apicurio.registry.serde.KafkaSerializer.serialize(KafkaSerializer.java:77)
	at org.apache.kafka.clients.producer.KafkaProducer.doSend(KafkaProducer.java:1046)
	at org.apache.kafka.clients.producer.KafkaProducer.send(KafkaProducer.java:993)
	at org.apache.kafka.clients.producer.KafkaProducer.send(KafkaProducer.java:875)
	at io.apicurio.tests.serdes.apicurio.KafkaSerdesTester.lambda$produceMessages$3(KafkaSerdesTester.java:138)
	at java.base/java.util.concurrent.CompletableFuture$AsyncSupply.run(CompletableFuture.java:1768)
	at java.base/java.lang.Thread.run(Thread.java:840)
]]></system-err>
  </testcase>
  <testcase name="testGlobalIdInBody" classname="io.apicurio.tests.serdes.apicurio.AvroSerdeIT" time="3.92">
    <system-out><![CDATA[2025-08-06 15:38:27,762 INFO  [io.api.tes.uti.TestSeparator] (main) ############################################################################
2025-08-06 15:38:27,763 INFO  [io.api.tes.uti.TestSeparator] (main) io.apicurio.tests.serdes.apicurio.AvroSerdeIT.testGlobalIdInBody-STARTED
**** Registry Base URL: http://registry-app-mysql.apps.ci419.apicurio-testing.org:80
2025-08-06 15:38:27,765 INFO  [org.apa.kaf.cli.pro.ProducerConfig] (main) ProducerConfig values: 
	acks = -1
	auto.include.jmx.reporter = true
	batch.size = 16384
	bootstrap.servers = [PLAINTEXT://localhost:32769]
	buffer.memory = 33554432
	client.dns.lookup = use_all_dns_ips
	client.id = Producer-topic-3db7fd2f_8d06_4cd1_9df1_1e3a0c614e19
	compression.gzip.level = -1
	compression.lz4.level = 9
	compression.type = none
	compression.zstd.level = 3
	connections.max.idle.ms = 10000
	delivery.timeout.ms = 120000
	enable.idempotence = true
	enable.metrics.push = true
	interceptor.classes = []
	key.serializer = class org.apache.kafka.common.serialization.StringSerializer
	linger.ms = 0
	max.block.ms = 60000
	max.in.flight.requests.per.connection = 5
	max.request.size = 1048576
	metadata.max.age.ms = 300000
	metadata.max.idle.ms = 300000
	metadata.recovery.strategy = none
	metric.reporters = []
	metrics.num.samples = 2
	metrics.recording.level = INFO
	metrics.sample.window.ms = 30000
	partitioner.adaptive.partitioning.enable = true
	partitioner.availability.timeout.ms = 0
	partitioner.class = null
	partitioner.ignore.keys = false
	receive.buffer.bytes = 32768
	reconnect.backoff.max.ms = 1000
	reconnect.backoff.ms = 50
	request.timeout.ms = 5000
	retries = 2147483647
	retry.backoff.max.ms = 1000
	retry.backoff.ms = 100
	sasl.client.callback.handler.class = null
	sasl.jaas.config = null
	sasl.kerberos.kinit.cmd = /usr/bin/kinit
	sasl.kerberos.min.time.before.relogin = 60000
	sasl.kerberos.service.name = null
	sasl.kerberos.ticket.renew.jitter = 0.05
	sasl.kerberos.ticket.renew.window.factor = 0.8
	sasl.login.callback.handler.class = null
	sasl.login.class = null
	sasl.login.connect.timeout.ms = null
	sasl.login.read.timeout.ms = null
	sasl.login.refresh.buffer.seconds = 300
	sasl.login.refresh.min.period.seconds = 60
	sasl.login.refresh.window.factor = 0.8
	sasl.login.refresh.window.jitter = 0.05
	sasl.login.retry.backoff.max.ms = 10000
	sasl.login.retry.backoff.ms = 100
	sasl.mechanism = GSSAPI
	sasl.oauthbearer.clock.skew.seconds = 30
	sasl.oauthbearer.expected.audience = null
	sasl.oauthbearer.expected.issuer = null
	sasl.oauthbearer.header.urlencode = false
	sasl.oauthbearer.jwks.endpoint.refresh.ms = 3600000
	sasl.oauthbearer.jwks.endpoint.retry.backoff.max.ms = 10000
	sasl.oauthbearer.jwks.endpoint.retry.backoff.ms = 100
	sasl.oauthbearer.jwks.endpoint.url = null
	sasl.oauthbearer.scope.claim.name = scope
	sasl.oauthbearer.sub.claim.name = sub
	sasl.oauthbearer.token.endpoint.url = null
	security.protocol = PLAINTEXT
	security.providers = null
	send.buffer.bytes = 131072
	socket.connection.setup.timeout.max.ms = 30000
	socket.connection.setup.timeout.ms = 10000
	ssl.cipher.suites = null
	ssl.enabled.protocols = [TLSv1.2, TLSv1.3]
	ssl.endpoint.identification.algorithm = https
	ssl.engine.factory.class = null
	ssl.key.password = null
	ssl.keymanager.algorithm = SunX509
	ssl.keystore.certificate.chain = null
	ssl.keystore.key = null
	ssl.keystore.location = null
	ssl.keystore.password = null
	ssl.keystore.type = JKS
	ssl.protocol = TLSv1.3
	ssl.provider = null
	ssl.secure.random.implementation = null
	ssl.trustmanager.algorithm = PKIX
	ssl.truststore.certificates = null
	ssl.truststore.location = null
	ssl.truststore.password = null
	ssl.truststore.type = JKS
	transaction.timeout.ms = 60000
	transactional.id = null
	value.serializer = class io.apicurio.registry.serde.avro.AvroKafkaSerializer

2025-08-06 15:38:27,765 INFO  [org.apa.kaf.com.tel.int.KafkaMetricsCollector] (main) initializing Kafka metrics collector
2025-08-06 15:38:27,769 INFO  [org.apa.kaf.cli.pro.KafkaProducer] (main) [Producer clientId=Producer-topic-3db7fd2f_8d06_4cd1_9df1_1e3a0c614e19] Instantiated an idempotent producer.
2025-08-06 15:38:27,771 INFO  [org.apa.kaf.cli.pro.ProducerConfig] (main) These configurations '[apicurio.registry.url, apicurio.registry.auto-register, apicurio.registry.use-id, apicurio.registry.artifact-resolver-strategy]' were supplied but are not used yet.
2025-08-06 15:38:27,771 INFO  [org.apa.kaf.com.uti.AppInfoParser] (main) Kafka version: 3.9.1
2025-08-06 15:38:27,771 INFO  [org.apa.kaf.com.uti.AppInfoParser] (main) Kafka commitId: f745dfdcee2b9851
2025-08-06 15:38:27,771 INFO  [org.apa.kaf.com.uti.AppInfoParser] (main) Kafka startTimeMs: 1754494707771
2025-08-06 15:38:27,771 INFO  [io.api.tes.ser.api.SimpleSerdesTesterBuilder$SimpleSerdesTester] (main) Using producer configuration: {apicurio.registry.url=http://registry-app-mysql.apps.ci419.apicurio-testing.org:80/apis/registry/v3, apicurio.registry.auto-register=true, apicurio.registry.use-id=globalId, apicurio.registry.artifact-resolver-strategy=io.apicurio.registry.serde.strategy.TopicIdStrategy, value.serializer=io.apicurio.registry.serde.avro.AvroKafkaSerializer, request.timeout.ms=5000, acks=all, bootstrap.servers=PLAINTEXT://localhost:32769, connections.max.idle.ms=10000, key.serializer=org.apache.kafka.common.serialization.StringSerializer, client.id=Producer-topic-3db7fd2f_8d06_4cd1_9df1_1e3a0c614e19}
2025-08-06 15:38:27,771 INFO  [io.api.tes.ser.api.SimpleSerdesTesterBuilder$SimpleSerdesTester] (main) Using consumer configuration: {apicurio.registry.use-id=globalId}
2025-08-06 15:38:27,772 INFO  [io.api.tes.ser.api.KafkaSerdesTester] (Thread-710) Sending message {"key11754494707763": "value-0"} to topic topic-3db7fd2f_8d06_4cd1_9df1_1e3a0c614e19
2025-08-06 15:38:27,778 WARN  [org.apa.kaf.cli.NetworkClient] (kafka-producer-network-thread | Producer-topic-3db7fd2f_8d06_4cd1_9df1_1e3a0c614e19) [Producer clientId=Producer-topic-3db7fd2f_8d06_4cd1_9df1_1e3a0c614e19] The metadata response from the cluster reported a recoverable issue with correlation id 1 : {topic-3db7fd2f_8d06_4cd1_9df1_1e3a0c614e19=UNKNOWN_TOPIC_OR_PARTITION}
2025-08-06 15:38:27,778 INFO  [org.apa.kaf.cli.Metadata] (kafka-producer-network-thread | Producer-topic-3db7fd2f_8d06_4cd1_9df1_1e3a0c614e19) [Producer clientId=Producer-topic-3db7fd2f_8d06_4cd1_9df1_1e3a0c614e19] Cluster ID: dgPJ9z-1S5ugXzLx2i-R9Q
2025-08-06 15:38:27,778 INFO  [org.apa.kaf.cli.pro.int.TransactionManager] (kafka-producer-network-thread | Producer-topic-3db7fd2f_8d06_4cd1_9df1_1e3a0c614e19) [Producer clientId=Producer-topic-3db7fd2f_8d06_4cd1_9df1_1e3a0c614e19] ProducerId set to 20 with epoch 0
2025-08-06 15:38:27,984 INFO  [io.api.tes.ser.api.KafkaSerdesTester] (Thread-710) Sending message {"key11754494707763": "value-1"} to topic topic-3db7fd2f_8d06_4cd1_9df1_1e3a0c614e19
2025-08-06 15:38:27,985 INFO  [io.api.tes.ser.api.KafkaSerdesTester] (Thread-710) Sending message {"key11754494707763": "value-2"} to topic topic-3db7fd2f_8d06_4cd1_9df1_1e3a0c614e19
2025-08-06 15:38:27,987 INFO  [io.api.tes.ser.api.KafkaSerdesTester] (Thread-710) Sending message {"key11754494707763": "value-3"} to topic topic-3db7fd2f_8d06_4cd1_9df1_1e3a0c614e19
2025-08-06 15:38:27,990 INFO  [io.api.tes.ser.api.KafkaSerdesTester] (Thread-710) Sending message {"key11754494707763": "value-4"} to topic topic-3db7fd2f_8d06_4cd1_9df1_1e3a0c614e19
2025-08-06 15:38:27,991 INFO  [io.api.tes.ser.api.KafkaSerdesTester] (Thread-710) Sending message {"key11754494707763": "value-5"} to topic topic-3db7fd2f_8d06_4cd1_9df1_1e3a0c614e19
2025-08-06 15:38:27,994 INFO  [io.api.tes.ser.api.KafkaSerdesTester] (Thread-710) Sending message {"key11754494707763": "value-6"} to topic topic-3db7fd2f_8d06_4cd1_9df1_1e3a0c614e19
2025-08-06 15:38:27,996 INFO  [io.api.tes.ser.api.KafkaSerdesTester] (Thread-710) Sending message {"key11754494707763": "value-7"} to topic topic-3db7fd2f_8d06_4cd1_9df1_1e3a0c614e19
2025-08-06 15:38:27,997 INFO  [io.api.tes.ser.api.KafkaSerdesTester] (Thread-710) Sending message {"key11754494707763": "value-8"} to topic topic-3db7fd2f_8d06_4cd1_9df1_1e3a0c614e19
2025-08-06 15:38:27,998 INFO  [io.api.tes.ser.api.KafkaSerdesTester] (Thread-710) Sending message {"key11754494707763": "value-9"} to topic topic-3db7fd2f_8d06_4cd1_9df1_1e3a0c614e19
2025-08-06 15:38:27,999 INFO  [io.api.tes.ser.api.KafkaSerdesTester] (Thread-710) Produced 10 messages
2025-08-06 15:38:28,000 INFO  [org.apa.kaf.cli.pro.KafkaProducer] (Thread-710) [Producer clientId=Producer-topic-3db7fd2f_8d06_4cd1_9df1_1e3a0c614e19] Closing the Kafka producer with timeoutMillis = 9223372036854775807 ms.
2025-08-06 15:38:28,002 INFO  [org.apa.kaf.com.met.Metrics] (Thread-710) Metrics scheduler closed
2025-08-06 15:38:28,002 INFO  [org.apa.kaf.com.met.Metrics] (Thread-710) Closing reporter org.apache.kafka.common.metrics.JmxReporter
2025-08-06 15:38:28,002 INFO  [org.apa.kaf.com.met.Metrics] (Thread-710) Closing reporter org.apache.kafka.common.telemetry.internals.ClientTelemetryReporter
2025-08-06 15:38:28,002 INFO  [org.apa.kaf.com.met.Metrics] (Thread-710) Metrics reporters closed
2025-08-06 15:38:28,002 INFO  [org.apa.kaf.com.uti.AppInfoParser] (Thread-710) App info kafka.producer for Producer-topic-3db7fd2f_8d06_4cd1_9df1_1e3a0c614e19 unregistered
**** Registry Base URL: http://registry-app-mysql.apps.ci419.apicurio-testing.org:80
2025-08-06 15:38:28,061 INFO  [org.apa.kaf.cli.con.ConsumerConfig] (main) ConsumerConfig values: 
	allow.auto.create.topics = true
	auto.commit.interval.ms = 500
	auto.include.jmx.reporter = true
	auto.offset.reset = earliest
	bootstrap.servers = [PLAINTEXT://localhost:32769]
	check.crcs = true
	client.dns.lookup = use_all_dns_ips
	client.id = consumer-Consumer-topic-3db7fd2f_8d06_4cd1_9df1_1e3a0c614e19-15
	client.rack = 
	connections.max.idle.ms = 10000
	default.api.timeout.ms = 60000
	enable.auto.commit = true
	enable.metrics.push = true
	exclude.internal.topics = true
	fetch.max.bytes = 52428800
	fetch.max.wait.ms = 500
	fetch.min.bytes = 1
	group.id = Consumer-topic-3db7fd2f_8d06_4cd1_9df1_1e3a0c614e19
	group.instance.id = null
	group.protocol = classic
	group.remote.assignor = null
	heartbeat.interval.ms = 3000
	interceptor.classes = []
	internal.leave.group.on.close = true
	internal.throw.on.fetch.stable.offset.unsupported = false
	isolation.level = read_uncommitted
	key.deserializer = class org.apache.kafka.common.serialization.StringDeserializer
	max.partition.fetch.bytes = 1048576
	max.poll.interval.ms = 300000
	max.poll.records = 500
	metadata.max.age.ms = 300000
	metadata.recovery.strategy = none
	metric.reporters = []
	metrics.num.samples = 2
	metrics.recording.level = INFO
	metrics.sample.window.ms = 30000
	partition.assignment.strategy = [class org.apache.kafka.clients.consumer.RangeAssignor, class org.apache.kafka.clients.consumer.CooperativeStickyAssignor]
	receive.buffer.bytes = 65536
	reconnect.backoff.max.ms = 1000
	reconnect.backoff.ms = 50
	request.timeout.ms = 5000
	retry.backoff.max.ms = 1000
	retry.backoff.ms = 100
	sasl.client.callback.handler.class = null
	sasl.jaas.config = null
	sasl.kerberos.kinit.cmd = /usr/bin/kinit
	sasl.kerberos.min.time.before.relogin = 60000
	sasl.kerberos.service.name = null
	sasl.kerberos.ticket.renew.jitter = 0.05
	sasl.kerberos.ticket.renew.window.factor = 0.8
	sasl.login.callback.handler.class = null
	sasl.login.class = null
	sasl.login.connect.timeout.ms = null
	sasl.login.read.timeout.ms = null
	sasl.login.refresh.buffer.seconds = 300
	sasl.login.refresh.min.period.seconds = 60
	sasl.login.refresh.window.factor = 0.8
	sasl.login.refresh.window.jitter = 0.05
	sasl.login.retry.backoff.max.ms = 10000
	sasl.login.retry.backoff.ms = 100
	sasl.mechanism = GSSAPI
	sasl.oauthbearer.clock.skew.seconds = 30
	sasl.oauthbearer.expected.audience = null
	sasl.oauthbearer.expected.issuer = null
	sasl.oauthbearer.header.urlencode = false
	sasl.oauthbearer.jwks.endpoint.refresh.ms = 3600000
	sasl.oauthbearer.jwks.endpoint.retry.backoff.max.ms = 10000
	sasl.oauthbearer.jwks.endpoint.retry.backoff.ms = 100
	sasl.oauthbearer.jwks.endpoint.url = null
	sasl.oauthbearer.scope.claim.name = scope
	sasl.oauthbearer.sub.claim.name = sub
	sasl.oauthbearer.token.endpoint.url = null
	security.protocol = PLAINTEXT
	security.providers = null
	send.buffer.bytes = 131072
	session.timeout.ms = 45000
	socket.connection.setup.timeout.max.ms = 30000
	socket.connection.setup.timeout.ms = 10000
	ssl.cipher.suites = null
	ssl.enabled.protocols = [TLSv1.2, TLSv1.3]
	ssl.endpoint.identification.algorithm = https
	ssl.engine.factory.class = null
	ssl.key.password = null
	ssl.keymanager.algorithm = SunX509
	ssl.keystore.certificate.chain = null
	ssl.keystore.key = null
	ssl.keystore.location = null
	ssl.keystore.password = null
	ssl.keystore.type = JKS
	ssl.protocol = TLSv1.3
	ssl.provider = null
	ssl.secure.random.implementation = null
	ssl.trustmanager.algorithm = PKIX
	ssl.truststore.certificates = null
	ssl.truststore.location = null
	ssl.truststore.password = null
	ssl.truststore.type = JKS
	value.deserializer = class io.apicurio.registry.serde.avro.AvroKafkaDeserializer

2025-08-06 15:38:28,061 INFO  [org.apa.kaf.com.tel.int.KafkaMetricsCollector] (main) initializing Kafka metrics collector
2025-08-06 15:38:28,066 INFO  [org.apa.kaf.cli.con.ConsumerConfig] (main) These configurations '[apicurio.registry.url, apicurio.registry.use-id]' were supplied but are not used yet.
2025-08-06 15:38:28,066 INFO  [org.apa.kaf.com.uti.AppInfoParser] (main) Kafka version: 3.9.1
2025-08-06 15:38:28,066 INFO  [org.apa.kaf.com.uti.AppInfoParser] (main) Kafka commitId: f745dfdcee2b9851
2025-08-06 15:38:28,066 INFO  [org.apa.kaf.com.uti.AppInfoParser] (main) Kafka startTimeMs: 1754494708066
2025-08-06 15:38:28,066 INFO  [org.apa.kaf.cli.con.int.ClassicKafkaConsumer] (Thread-713) [Consumer clientId=consumer-Consumer-topic-3db7fd2f_8d06_4cd1_9df1_1e3a0c614e19-15, groupId=Consumer-topic-3db7fd2f_8d06_4cd1_9df1_1e3a0c614e19] Subscribed to topic(s): topic-3db7fd2f_8d06_4cd1_9df1_1e3a0c614e19
2025-08-06 15:38:28,069 INFO  [org.apa.kaf.cli.Metadata] (Thread-713) [Consumer clientId=consumer-Consumer-topic-3db7fd2f_8d06_4cd1_9df1_1e3a0c614e19-15, groupId=Consumer-topic-3db7fd2f_8d06_4cd1_9df1_1e3a0c614e19] Cluster ID: dgPJ9z-1S5ugXzLx2i-R9Q
2025-08-06 15:38:28,072 INFO  [org.apa.kaf.cli.con.int.ConsumerCoordinator] (Thread-713) [Consumer clientId=consumer-Consumer-topic-3db7fd2f_8d06_4cd1_9df1_1e3a0c614e19-15, groupId=Consumer-topic-3db7fd2f_8d06_4cd1_9df1_1e3a0c614e19] Discovered group coordinator localhost:32769 (id: 2147483647 rack: null)
2025-08-06 15:38:28,073 INFO  [org.apa.kaf.cli.con.int.ConsumerCoordinator] (Thread-713) [Consumer clientId=consumer-Consumer-topic-3db7fd2f_8d06_4cd1_9df1_1e3a0c614e19-15, groupId=Consumer-topic-3db7fd2f_8d06_4cd1_9df1_1e3a0c614e19] (Re-)joining group
2025-08-06 15:38:28,075 INFO  [org.apa.kaf.cli.con.int.ConsumerCoordinator] (Thread-713) [Consumer clientId=consumer-Consumer-topic-3db7fd2f_8d06_4cd1_9df1_1e3a0c614e19-15, groupId=Consumer-topic-3db7fd2f_8d06_4cd1_9df1_1e3a0c614e19] Request joining group due to: need to re-join with the given member-id: consumer-Consumer-topic-3db7fd2f_8d06_4cd1_9df1_1e3a0c614e19-15-fdb5d2d4-1b10-4a08-8daf-a5f2432e3e41
2025-08-06 15:38:28,075 INFO  [org.apa.kaf.cli.con.int.ConsumerCoordinator] (Thread-713) [Consumer clientId=consumer-Consumer-topic-3db7fd2f_8d06_4cd1_9df1_1e3a0c614e19-15, groupId=Consumer-topic-3db7fd2f_8d06_4cd1_9df1_1e3a0c614e19] (Re-)joining group
2025-08-06 15:38:29,066 INFO  [io.api.tes.ser.api.KafkaSerdesTester] (Thread-713) None found
2025-08-06 15:38:30,067 INFO  [io.api.tes.ser.api.KafkaSerdesTester] (Thread-713) None found
2025-08-06 15:38:31,068 INFO  [io.api.tes.ser.api.KafkaSerdesTester] (Thread-713) None found
2025-08-06 15:38:31,078 INFO  [org.apa.kaf.cli.con.int.ConsumerCoordinator] (Thread-713) [Consumer clientId=consumer-Consumer-topic-3db7fd2f_8d06_4cd1_9df1_1e3a0c614e19-15, groupId=Consumer-topic-3db7fd2f_8d06_4cd1_9df1_1e3a0c614e19] Successfully joined group with generation Generation{generationId=1, memberId='consumer-Consumer-topic-3db7fd2f_8d06_4cd1_9df1_1e3a0c614e19-15-fdb5d2d4-1b10-4a08-8daf-a5f2432e3e41', protocol='range'}
2025-08-06 15:38:31,078 INFO  [org.apa.kaf.cli.con.int.ConsumerCoordinator] (Thread-713) [Consumer clientId=consumer-Consumer-topic-3db7fd2f_8d06_4cd1_9df1_1e3a0c614e19-15, groupId=Consumer-topic-3db7fd2f_8d06_4cd1_9df1_1e3a0c614e19] Finished assignment for group at generation 1: {consumer-Consumer-topic-3db7fd2f_8d06_4cd1_9df1_1e3a0c614e19-15-fdb5d2d4-1b10-4a08-8daf-a5f2432e3e41=Assignment(partitions=[topic-3db7fd2f_8d06_4cd1_9df1_1e3a0c614e19-0])}
2025-08-06 15:38:31,085 INFO  [org.apa.kaf.cli.con.int.ConsumerCoordinator] (Thread-713) [Consumer clientId=consumer-Consumer-topic-3db7fd2f_8d06_4cd1_9df1_1e3a0c614e19-15, groupId=Consumer-topic-3db7fd2f_8d06_4cd1_9df1_1e3a0c614e19] Successfully synced group in generation Generation{generationId=1, memberId='consumer-Consumer-topic-3db7fd2f_8d06_4cd1_9df1_1e3a0c614e19-15-fdb5d2d4-1b10-4a08-8daf-a5f2432e3e41', protocol='range'}
2025-08-06 15:38:31,085 INFO  [org.apa.kaf.cli.con.int.ConsumerCoordinator] (Thread-713) [Consumer clientId=consumer-Consumer-topic-3db7fd2f_8d06_4cd1_9df1_1e3a0c614e19-15, groupId=Consumer-topic-3db7fd2f_8d06_4cd1_9df1_1e3a0c614e19] Notifying assignor about the new Assignment(partitions=[topic-3db7fd2f_8d06_4cd1_9df1_1e3a0c614e19-0])
2025-08-06 15:38:31,085 INFO  [org.apa.kaf.cli.con.int.ConsumerRebalanceListenerInvoker] (Thread-713) [Consumer clientId=consumer-Consumer-topic-3db7fd2f_8d06_4cd1_9df1_1e3a0c614e19-15, groupId=Consumer-topic-3db7fd2f_8d06_4cd1_9df1_1e3a0c614e19] Adding newly assigned partitions: topic-3db7fd2f_8d06_4cd1_9df1_1e3a0c614e19-0
2025-08-06 15:38:31,086 INFO  [org.apa.kaf.cli.con.int.ConsumerCoordinator] (Thread-713) [Consumer clientId=consumer-Consumer-topic-3db7fd2f_8d06_4cd1_9df1_1e3a0c614e19-15, groupId=Consumer-topic-3db7fd2f_8d06_4cd1_9df1_1e3a0c614e19] Found no committed offset for partition topic-3db7fd2f_8d06_4cd1_9df1_1e3a0c614e19-0
2025-08-06 15:38:31,088 INFO  [org.apa.kaf.cli.con.int.SubscriptionState] (Thread-713) [Consumer clientId=consumer-Consumer-topic-3db7fd2f_8d06_4cd1_9df1_1e3a0c614e19-15, groupId=Consumer-topic-3db7fd2f_8d06_4cd1_9df1_1e3a0c614e19] Resetting offset for partition topic-3db7fd2f_8d06_4cd1_9df1_1e3a0c614e19-0 to position FetchPosition{offset=0, offsetEpoch=Optional.empty, currentLeader=LeaderAndEpoch{leader=Optional[localhost:32769 (id: 0 rack: null)], epoch=0}}.
2025-08-06 15:38:31,175 INFO  [io.api.tes.ser.api.KafkaSerdesTester] (Thread-713) topic-3db7fd2f_8d06_4cd1_9df1_1e3a0c614e19 0 0 {"key11754494707763": "value-0"}
2025-08-06 15:38:31,175 INFO  [io.api.tes.ser.api.KafkaSerdesTester] (Thread-713) topic-3db7fd2f_8d06_4cd1_9df1_1e3a0c614e19 0 1 {"key11754494707763": "value-1"}
2025-08-06 15:38:31,175 INFO  [io.api.tes.ser.api.KafkaSerdesTester] (Thread-713) topic-3db7fd2f_8d06_4cd1_9df1_1e3a0c614e19 0 2 {"key11754494707763": "value-2"}
2025-08-06 15:38:31,175 INFO  [io.api.tes.ser.api.KafkaSerdesTester] (Thread-713) topic-3db7fd2f_8d06_4cd1_9df1_1e3a0c614e19 0 3 {"key11754494707763": "value-3"}
2025-08-06 15:38:31,175 INFO  [io.api.tes.ser.api.KafkaSerdesTester] (Thread-713) topic-3db7fd2f_8d06_4cd1_9df1_1e3a0c614e19 0 4 {"key11754494707763": "value-4"}
2025-08-06 15:38:31,175 INFO  [io.api.tes.ser.api.KafkaSerdesTester] (Thread-713) topic-3db7fd2f_8d06_4cd1_9df1_1e3a0c614e19 0 5 {"key11754494707763": "value-5"}
2025-08-06 15:38:31,175 INFO  [io.api.tes.ser.api.KafkaSerdesTester] (Thread-713) topic-3db7fd2f_8d06_4cd1_9df1_1e3a0c614e19 0 6 {"key11754494707763": "value-6"}
2025-08-06 15:38:31,175 INFO  [io.api.tes.ser.api.KafkaSerdesTester] (Thread-713) topic-3db7fd2f_8d06_4cd1_9df1_1e3a0c614e19 0 7 {"key11754494707763": "value-7"}
2025-08-06 15:38:31,175 INFO  [io.api.tes.ser.api.KafkaSerdesTester] (Thread-713) topic-3db7fd2f_8d06_4cd1_9df1_1e3a0c614e19 0 8 {"key11754494707763": "value-8"}
2025-08-06 15:38:31,175 INFO  [io.api.tes.ser.api.KafkaSerdesTester] (Thread-713) topic-3db7fd2f_8d06_4cd1_9df1_1e3a0c614e19 0 9 {"key11754494707763": "value-9"}
2025-08-06 15:38:31,175 INFO  [io.api.tes.ser.api.KafkaSerdesTester] (Thread-713) Consumed 10 messages
2025-08-06 15:38:31,184 INFO  [org.apa.kaf.cli.con.int.ConsumerRebalanceListenerInvoker] (Thread-713) [Consumer clientId=consumer-Consumer-topic-3db7fd2f_8d06_4cd1_9df1_1e3a0c614e19-15, groupId=Consumer-topic-3db7fd2f_8d06_4cd1_9df1_1e3a0c614e19] Revoke previously assigned partitions topic-3db7fd2f_8d06_4cd1_9df1_1e3a0c614e19-0
2025-08-06 15:38:31,184 INFO  [org.apa.kaf.cli.con.int.ConsumerCoordinator] (Thread-713) [Consumer clientId=consumer-Consumer-topic-3db7fd2f_8d06_4cd1_9df1_1e3a0c614e19-15, groupId=Consumer-topic-3db7fd2f_8d06_4cd1_9df1_1e3a0c614e19] Member consumer-Consumer-topic-3db7fd2f_8d06_4cd1_9df1_1e3a0c614e19-15-fdb5d2d4-1b10-4a08-8daf-a5f2432e3e41 sending LeaveGroup request to coordinator localhost:32769 (id: 2147483647 rack: null) due to the consumer is being closed
2025-08-06 15:38:31,185 INFO  [org.apa.kaf.cli.con.int.ConsumerCoordinator] (Thread-713) [Consumer clientId=consumer-Consumer-topic-3db7fd2f_8d06_4cd1_9df1_1e3a0c614e19-15, groupId=Consumer-topic-3db7fd2f_8d06_4cd1_9df1_1e3a0c614e19] Resetting generation and member id due to: consumer pro-actively leaving the group
2025-08-06 15:38:31,185 INFO  [org.apa.kaf.cli.con.int.ConsumerCoordinator] (Thread-713) [Consumer clientId=consumer-Consumer-topic-3db7fd2f_8d06_4cd1_9df1_1e3a0c614e19-15, groupId=Consumer-topic-3db7fd2f_8d06_4cd1_9df1_1e3a0c614e19] Request joining group due to: consumer pro-actively leaving the group
2025-08-06 15:38:31,677 INFO  [org.apa.kaf.com.met.Metrics] (Thread-713) Metrics scheduler closed
2025-08-06 15:38:31,677 INFO  [org.apa.kaf.com.met.Metrics] (Thread-713) Closing reporter org.apache.kafka.common.metrics.JmxReporter
2025-08-06 15:38:31,677 INFO  [org.apa.kaf.com.met.Metrics] (Thread-713) Closing reporter org.apache.kafka.common.telemetry.internals.ClientTelemetryReporter
2025-08-06 15:38:31,677 INFO  [org.apa.kaf.com.met.Metrics] (Thread-713) Metrics reporters closed
2025-08-06 15:38:31,679 INFO  [org.apa.kaf.com.uti.AppInfoParser] (Thread-713) App info kafka.consumer for consumer-Consumer-topic-3db7fd2f_8d06_4cd1_9df1_1e3a0c614e19-15 unregistered
2025-08-06 15:38:31,680 INFO  [io.api.tes.uti.TestSeparator] (main) io.apicurio.tests.serdes.apicurio.AvroSerdeIT.testGlobalIdInBody-FINISHED
2025-08-06 15:38:31,680 INFO  [io.api.tes.uti.TestSeparator] (main) ############################################################################
Test passed: testGlobalIdInBody
]]></system-out>
  </testcase>
  <testcase name="testProducerUsesGlobalIdConsumerUsesDefault" classname="io.apicurio.tests.serdes.apicurio.AvroSerdeIT" time="0.0">
    <skipped message="void io.apicurio.tests.serdes.apicurio.AvroSerdeIT.testProducerUsesGlobalIdConsumerUsesDefault() throws java.lang.Exception is @Disabled"/>
  </testcase>
</testsuite>