<?xml version="1.0" encoding="UTF-8"?>
<testsuite xmlns:xsi="http://www.w3.org/2001/XMLSchema-instance" xsi:noNamespaceSchemaLocation="https://maven.apache.org/surefire/maven-failsafe-plugin/xsd/failsafe-test-report.xsd" version="3.0.2" name="io.apicurio.tests.serdes.apicurio.AvroSerdeIT" time="108.233" tests="21" errors="0" skipped="2" failures="0">
  <properties>
    <property name="java.specification.version" value="17"/>
    <property name="sun.jnu.encoding" value="UTF-8"/>
    <property name="java.class.path" value="/home/runner/work/apicurio-testing/apicurio-testing/clusters/ci419/namespaces/ksql047/tests/integration/apicurio-registry/integration-tests/target/test-classes:/home/runner/work/apicurio-testing/apicurio-testing/clusters/ci419/namespaces/ksql047/tests/integration/apicurio-registry/integration-tests/target/apicurio-registry-integration-tests-3.0.12-SNAPSHOT.jar:/home/runner/.m2/repository/io/quarkus/quarkus-junit5/3.20.2/quarkus-junit5-3.20.2.jar:/home/runner/.m2/repository/io/quarkus/quarkus-bootstrap-core/3.20.2/quarkus-bootstrap-core-3.20.2.jar:/home/runner/.m2/repository/io/quarkus/quarkus-classloader-commons/3.20.2/quarkus-classloader-commons-3.20.2.jar:/home/runner/.m2/repository/io/quarkus/quarkus-bootstrap-app-model/3.20.2/quarkus-bootstrap-app-model-3.20.2.jar:/home/runner/.m2/repository/io/smallrye/common/smallrye-common-io/2.12.0/smallrye-common-io-2.12.0.jar:/home/runner/.m2/repository/org/eclipse/sisu/org.eclipse.sisu.inject/0.9.0.M3/org.eclipse.sisu.inject-0.9.0.M3.jar:/home/runner/.m2/repository/io/quarkus/quarkus-test-common/3.20.2/quarkus-test-common-3.20.2.jar:/home/runner/.m2/repository/io/quarkus/quarkus-core-deployment/3.20.2/quarkus-core-deployment-3.20.2.jar:/home/runner/.m2/repository/org/aesh/readline/2.6/readline-2.6.jar:/home/runner/.m2/repository/org/fusesource/jansi/jansi/2.4.0/jansi-2.4.0.jar:/home/runner/.m2/repository/org/aesh/aesh/2.8.2/aesh-2.8.2.jar:/home/runner/.m2/repository/io/quarkus/gizmo/gizmo/1.8.0/gizmo-1.8.0.jar:/home/runner/.m2/repository/org/ow2/asm/asm-util/9.7.1/asm-util-9.7.1.jar:/home/runner/.m2/repository/org/ow2/asm/asm-analysis/9.7.1/asm-analysis-9.7.1.jar:/home/runner/.m2/repository/org/ow2/asm/asm-commons/9.7.1/asm-commons-9.7.1.jar:/home/runner/.m2/repository/org/ow2/asm/asm-tree/9.7.1/asm-tree-9.7.1.jar:/home/runner/.m2/repository/io/quarkus/quarkus-hibernate-validator-spi/3.20.2/quarkus-hibernate-validator-spi-3.20.2.jar:/home/runner/.m2/repository/io/quarkus/quarkus-class-change-agent/3.20.2/quarkus-class-change-agent-3.20.2.jar:/home/runner/.m2/repository/io/quarkus/quarkus-devtools-utilities/3.20.2/quarkus-devtools-utilities-3.20.2.jar:/home/runner/.m2/repository/io/quarkus/quarkus-builder/3.20.2/quarkus-builder-3.20.2.jar:/home/runner/.m2/repository/org/graalvm/sdk/nativeimage/23.1.2/nativeimage-23.1.2.jar:/home/runner/.m2/repository/org/graalvm/sdk/word/23.1.2/word-23.1.2.jar:/home/runner/.m2/repository/io/quarkus/quarkus-bootstrap-maven-resolver/3.20.2/quarkus-bootstrap-maven-resolver-3.20.2.jar:/home/runner/.m2/repository/io/smallrye/beanbag/smallrye-beanbag-maven/1.5.2/smallrye-beanbag-maven-1.5.2.jar:/home/runner/.m2/repository/io/smallrye/beanbag/smallrye-beanbag-sisu/1.5.2/smallrye-beanbag-sisu-1.5.2.jar:/home/runner/.m2/repository/io/smallrye/beanbag/smallrye-beanbag/1.5.2/smallrye-beanbag-1.5.2.jar:/home/runner/.m2/repository/javax/inject/javax.inject/1/javax.inject-1.jar:/home/runner/.m2/repository/org/apache/maven/maven-artifact/3.9.9/maven-artifact-3.9.9.jar:/home/runner/.m2/repository/org/apache/maven/maven-builder-support/3.9.9/maven-builder-support-3.9.9.jar:/home/runner/.m2/repository/org/apache/maven/maven-model/3.9.9/maven-model-3.9.9.jar:/home/runner/.m2/repository/org/apache/maven/maven-model-builder/3.9.9/maven-model-builder-3.9.9.jar:/home/runner/.m2/repository/org/apache/maven/maven-repository-metadata/3.9.9/maven-repository-metadata-3.9.9.jar:/home/runner/.m2/repository/org/apache/maven/maven-settings/3.9.9/maven-settings-3.9.9.jar:/home/runner/.m2/repository/org/apache/maven/resolver/maven-resolver-api/1.9.22/maven-resolver-api-1.9.22.jar:/home/runner/.m2/repository/org/apache/maven/resolver/maven-resolver-impl/1.9.22/maven-resolver-impl-1.9.22.jar:/home/runner/.m2/repository/org/apache/maven/resolver/maven-resolver-named-locks/1.9.22/maven-resolver-named-locks-1.9.22.jar:/home/runner/.m2/repository/org/apache/maven/resolver/maven-resolver-spi/1.9.22/maven-resolver-spi-1.9.22.jar:/home/runner/.m2/repository/org/apache/maven/resolver/maven-resolver-util/1.9.22/maven-resolver-util-1.9.22.jar:/home/runner/.m2/repository/org/apache/maven/resolver/maven-resolver-transport-http/1.9.20/maven-resolver-transport-http-1.9.20.jar:/home/runner/.m2/repository/org/apache/maven/wagon/wagon-provider-api/3.5.3/wagon-provider-api-3.5.3.jar:/home/runner/.m2/repository/org/apache/maven/wagon/wagon-http-shared/3.5.3/wagon-http-shared-3.5.3.jar:/home/runner/.m2/repository/org/codehaus/plexus/plexus-interpolation/1.26/plexus-interpolation-1.26.jar:/home/runner/.m2/repository/org/codehaus/plexus/plexus-utils/3.5.1/plexus-utils-3.5.1.jar:/home/runner/.m2/repository/org/codehaus/plexus/plexus-xml/4.0.1/plexus-xml-4.0.1.jar:/home/runner/.m2/repository/org/apache/maven/maven-xml-impl/4.0.0-alpha-5/maven-xml-impl-4.0.0-alpha-5.jar:/home/runner/.m2/repository/org/apache/maven/maven-api-xml/4.0.0-alpha-5/maven-api-xml-4.0.0-alpha-5.jar:/home/runner/.m2/repository/org/apache/maven/maven-api-meta/4.0.0-alpha-5/maven-api-meta-4.0.0-alpha-5.jar:/home/runner/.m2/repository/org/codehaus/plexus/plexus-cipher/2.0/plexus-cipher-2.0.jar:/home/runner/.m2/repository/org/codehaus/plexus/plexus-sec-dispatcher/2.0/plexus-sec-dispatcher-2.0.jar:/home/runner/.m2/repository/org/apache/maven/maven-embedder/3.9.9/maven-embedder-3.9.9.jar:/home/runner/.m2/repository/org/apache/maven/maven-core/3.9.9/maven-core-3.9.9.jar:/home/runner/.m2/repository/org/codehaus/plexus/plexus-component-annotations/2.1.0/plexus-component-annotations-2.1.0.jar:/home/runner/.m2/repository/org/apache/maven/maven-plugin-api/3.9.9/maven-plugin-api-3.9.9.jar:/home/runner/.m2/repository/org/apache/maven/shared/maven-shared-utils/3.4.2/maven-shared-utils-3.4.2.jar:/home/runner/.m2/repository/com/google/inject/guice/5.1.0/guice-5.1.0.jar:/home/runner/.m2/repository/aopalliance/aopalliance/1.0/aopalliance-1.0.jar:/home/runner/.m2/repository/org/codehaus/plexus/plexus-classworlds/2.6.0/plexus-classworlds-2.6.0.jar:/home/runner/.m2/repository/commons-cli/commons-cli/1.8.0/commons-cli-1.8.0.jar:/home/runner/.m2/repository/org/eclipse/sisu/org.eclipse.sisu.plexus/0.9.0.M3/org.eclipse.sisu.plexus-0.9.0.M3.jar:/home/runner/.m2/repository/org/apache/maven/maven-settings-builder/3.9.9/maven-settings-builder-3.9.9.jar:/home/runner/.m2/repository/org/apache/maven/maven-resolver-provider/3.9.9/maven-resolver-provider-3.9.9.jar:/home/runner/.m2/repository/org/apache/maven/resolver/maven-resolver-connector-basic/1.9.22/maven-resolver-connector-basic-1.9.22.jar:/home/runner/.m2/repository/org/apache/maven/resolver/maven-resolver-transport-wagon/1.9.22/maven-resolver-transport-wagon-1.9.22.jar:/home/runner/.m2/repository/org/apache/maven/wagon/wagon-http/3.5.3/wagon-http-3.5.3.jar:/home/runner/.m2/repository/org/apache/maven/wagon/wagon-file/3.5.3/wagon-file-3.5.3.jar:/home/runner/.m2/repository/io/quarkus/quarkus-bootstrap-gradle-resolver/3.20.2/quarkus-bootstrap-gradle-resolver-3.20.2.jar:/home/runner/.m2/repository/io/smallrye/jandex/3.3.0/jandex-3.3.0.jar:/home/runner/.m2/repository/org/jboss/logging/commons-logging-jboss-logging/1.0.0.Final/commons-logging-jboss-logging-1.0.0.Final.jar:/home/runner/.m2/repository/io/quarkus/quarkus-junit5-config/3.20.2/quarkus-junit5-config-3.20.2.jar:/home/runner/.m2/repository/org/junit/jupiter/junit-jupiter-api/5.12.1/junit-jupiter-api-5.12.1.jar:/home/runner/.m2/repository/io/smallrye/config/smallrye-config/3.11.4/smallrye-config-3.11.4.jar:/home/runner/.m2/repository/io/smallrye/config/smallrye-config-core/3.11.4/smallrye-config-core-3.11.4.jar:/home/runner/.m2/repository/io/smallrye/common/smallrye-common-classloader/2.12.0/smallrye-common-classloader-2.12.0.jar:/home/runner/.m2/repository/io/smallrye/config/smallrye-config-common/3.11.4/smallrye-config-common-3.11.4.jar:/home/runner/.m2/repository/org/junit/jupiter/junit-jupiter/5.12.1/junit-jupiter-5.12.1.jar:/home/runner/.m2/repository/org/junit/jupiter/junit-jupiter-params/5.12.1/junit-jupiter-params-5.12.1.jar:/home/runner/.m2/repository/org/junit/jupiter/junit-jupiter-engine/5.12.1/junit-jupiter-engine-5.12.1.jar:/home/runner/.m2/repository/io/quarkus/quarkus-core/3.20.2/quarkus-core-3.20.2.jar:/home/runner/.m2/repository/jakarta/enterprise/jakarta.enterprise.cdi-api/4.1.0/jakarta.enterprise.cdi-api-4.1.0.jar:/home/runner/.m2/repository/jakarta/enterprise/jakarta.enterprise.lang-model/4.1.0/jakarta.enterprise.lang-model-4.1.0.jar:/home/runner/.m2/repository/jakarta/el/jakarta.el-api/5.0.1/jakarta.el-api-5.0.1.jar:/home/runner/.m2/repository/jakarta/interceptor/jakarta.interceptor-api/2.2.0/jakarta.interceptor-api-2.2.0.jar:/home/runner/.m2/repository/jakarta/inject/jakarta.inject-api/2.0.1/jakarta.inject-api-2.0.1.jar:/home/runner/.m2/repository/io/smallrye/common/smallrye-common-os/2.12.0/smallrye-common-os-2.12.0.jar:/home/runner/.m2/repository/io/quarkus/quarkus-ide-launcher/3.20.2/quarkus-ide-launcher-3.20.2.jar:/home/runner/.m2/repository/io/quarkus/quarkus-development-mode-spi/3.20.2/quarkus-development-mode-spi-3.20.2.jar:/home/runner/.m2/repository/org/jboss/logging/jboss-logging/3.6.1.Final/jboss-logging-3.6.1.Final.jar:/home/runner/.m2/repository/org/jboss/logmanager/jboss-logmanager/3.1.2.Final/jboss-logmanager-3.1.2.Final.jar:/home/runner/.m2/repository/io/smallrye/common/smallrye-common-constraint/2.12.0/smallrye-common-constraint-2.12.0.jar:/home/runner/.m2/repository/io/smallrye/common/smallrye-common-cpu/2.12.0/smallrye-common-cpu-2.12.0.jar:/home/runner/.m2/repository/io/smallrye/common/smallrye-common-expression/2.12.0/smallrye-common-expression-2.12.0.jar:/home/runner/.m2/repository/io/smallrye/common/smallrye-common-net/2.12.0/smallrye-common-net-2.12.0.jar:/home/runner/.m2/repository/io/smallrye/common/smallrye-common-ref/2.12.0/smallrye-common-ref-2.12.0.jar:/home/runner/.m2/repository/jakarta/json/jakarta.json-api/2.1.3/jakarta.json-api-2.1.3.jar:/home/runner/.m2/repository/org/eclipse/parsson/parsson/1.1.7/parsson-1.1.7.jar:/home/runner/.m2/repository/org/jboss/logging/jboss-logging-annotations/3.0.4.Final/jboss-logging-annotations-3.0.4.Final.jar:/home/runner/.m2/repository/org/jboss/threads/jboss-threads/3.8.0.Final/jboss-threads-3.8.0.Final.jar:/home/runner/.m2/repository/io/smallrye/common/smallrye-common-annotation/2.12.0/smallrye-common-annotation-2.12.0.jar:/home/runner/.m2/repository/io/smallrye/common/smallrye-common-function/2.12.0/smallrye-common-function-2.12.0.jar:/home/runner/.m2/repository/org/jboss/slf4j/slf4j-jboss-logmanager/2.0.0.Final/slf4j-jboss-logmanager-2.0.0.Final.jar:/home/runner/.m2/repository/org/wildfly/common/wildfly-common/2.0.1/wildfly-common-2.0.1.jar:/home/runner/.m2/repository/io/quarkus/quarkus-bootstrap-runner/3.20.2/quarkus-bootstrap-runner-3.20.2.jar:/home/runner/.m2/repository/io/github/crac/org-crac/0.1.3/org-crac-0.1.3.jar:/home/runner/.m2/repository/io/quarkus/quarkus-fs-util/0.0.10/quarkus-fs-util-0.0.10.jar:/home/runner/.m2/repository/org/jboss/marshalling/jboss-marshalling/2.2.2.Final/jboss-marshalling-2.2.2.Final.jar:/home/runner/.m2/repository/io/fabric8/kubernetes-client/7.1.0/kubernetes-client-7.1.0.jar:/home/runner/.m2/repository/io/fabric8/kubernetes-client-api/7.1.0/kubernetes-client-api-7.1.0.jar:/home/runner/.m2/repository/io/fabric8/kubernetes-model-core/7.1.0/kubernetes-model-core-7.1.0.jar:/home/runner/.m2/repository/io/fabric8/kubernetes-model-common/7.1.0/kubernetes-model-common-7.1.0.jar:/home/runner/.m2/repository/javax/annotation/javax.annotation-api/1.3.2/javax.annotation-api-1.3.2.jar:/home/runner/.m2/repository/io/fabric8/kubernetes-model-gatewayapi/7.1.0/kubernetes-model-gatewayapi-7.1.0.jar:/home/runner/.m2/repository/io/fabric8/kubernetes-model-resource/7.1.0/kubernetes-model-resource-7.1.0.jar:/home/runner/.m2/repository/io/fabric8/kubernetes-model-rbac/7.1.0/kubernetes-model-rbac-7.1.0.jar:/home/runner/.m2/repository/io/fabric8/kubernetes-model-admissionregistration/7.1.0/kubernetes-model-admissionregistration-7.1.0.jar:/home/runner/.m2/repository/io/fabric8/kubernetes-model-apps/7.1.0/kubernetes-model-apps-7.1.0.jar:/home/runner/.m2/repository/io/fabric8/kubernetes-model-autoscaling/7.1.0/kubernetes-model-autoscaling-7.1.0.jar:/home/runner/.m2/repository/io/fabric8/kubernetes-model-apiextensions/7.1.0/kubernetes-model-apiextensions-7.1.0.jar:/home/runner/.m2/repository/io/fabric8/kubernetes-model-batch/7.1.0/kubernetes-model-batch-7.1.0.jar:/home/runner/.m2/repository/io/fabric8/kubernetes-model-certificates/7.1.0/kubernetes-model-certificates-7.1.0.jar:/home/runner/.m2/repository/io/fabric8/kubernetes-model-coordination/7.1.0/kubernetes-model-coordination-7.1.0.jar:/home/runner/.m2/repository/io/fabric8/kubernetes-model-discovery/7.1.0/kubernetes-model-discovery-7.1.0.jar:/home/runner/.m2/repository/io/fabric8/kubernetes-model-events/7.1.0/kubernetes-model-events-7.1.0.jar:/home/runner/.m2/repository/io/fabric8/kubernetes-model-extensions/7.1.0/kubernetes-model-extensions-7.1.0.jar:/home/runner/.m2/repository/io/fabric8/kubernetes-model-flowcontrol/7.1.0/kubernetes-model-flowcontrol-7.1.0.jar:/home/runner/.m2/repository/io/fabric8/kubernetes-model-networking/7.1.0/kubernetes-model-networking-7.1.0.jar:/home/runner/.m2/repository/io/fabric8/kubernetes-model-metrics/7.1.0/kubernetes-model-metrics-7.1.0.jar:/home/runner/.m2/repository/io/fabric8/kubernetes-model-policy/7.1.0/kubernetes-model-policy-7.1.0.jar:/home/runner/.m2/repository/io/fabric8/kubernetes-model-scheduling/7.1.0/kubernetes-model-scheduling-7.1.0.jar:/home/runner/.m2/repository/io/fabric8/kubernetes-model-storageclass/7.1.0/kubernetes-model-storageclass-7.1.0.jar:/home/runner/.m2/repository/io/fabric8/kubernetes-model-node/7.1.0/kubernetes-model-node-7.1.0.jar:/home/runner/.m2/repository/org/snakeyaml/snakeyaml-engine/2.9/snakeyaml-engine-2.9.jar:/home/runner/.m2/repository/com/fasterxml/jackson/dataformat/jackson-dataformat-yaml/2.18.2/jackson-dataformat-yaml-2.18.2.jar:/home/runner/.m2/repository/com/fasterxml/jackson/datatype/jackson-datatype-jsr310/2.18.2/jackson-datatype-jsr310-2.18.2.jar:/home/runner/.m2/repository/io/fabric8/zjsonpatch/7.1.0/zjsonpatch-7.1.0.jar:/home/runner/.m2/repository/io/fabric8/kubernetes-httpclient-vertx/7.1.0/kubernetes-httpclient-vertx-7.1.0.jar:/home/runner/.m2/repository/io/vertx/vertx-web-client/4.5.16/vertx-web-client-4.5.16.jar:/home/runner/.m2/repository/io/vertx/vertx-web-common/4.5.16/vertx-web-common-4.5.16.jar:/home/runner/.m2/repository/io/vertx/vertx-auth-common/4.5.16/vertx-auth-common-4.5.16.jar:/home/runner/.m2/repository/io/vertx/vertx-uri-template/4.5.16/vertx-uri-template-4.5.16.jar:/home/runner/.m2/repository/io/fabric8/openshift-client/7.1.0/openshift-client-7.1.0.jar:/home/runner/.m2/repository/io/fabric8/openshift-client-api/7.1.0/openshift-client-api-7.1.0.jar:/home/runner/.m2/repository/io/fabric8/openshift-model/7.1.0/openshift-model-7.1.0.jar:/home/runner/.m2/repository/io/fabric8/openshift-model-autoscaling/7.1.0/openshift-model-autoscaling-7.1.0.jar:/home/runner/.m2/repository/io/fabric8/openshift-model-operator/7.1.0/openshift-model-operator-7.1.0.jar:/home/runner/.m2/repository/io/fabric8/openshift-model-operatorhub/7.1.0/openshift-model-operatorhub-7.1.0.jar:/home/runner/.m2/repository/io/fabric8/openshift-model-machine/7.1.0/openshift-model-machine-7.1.0.jar:/home/runner/.m2/repository/io/fabric8/openshift-model-whereabouts/7.1.0/openshift-model-whereabouts-7.1.0.jar:/home/runner/.m2/repository/io/fabric8/openshift-model-monitoring/7.1.0/openshift-model-monitoring-7.1.0.jar:/home/runner/.m2/repository/io/fabric8/openshift-model-storageversionmigrator/7.1.0/openshift-model-storageversionmigrator-7.1.0.jar:/home/runner/.m2/repository/io/fabric8/openshift-model-tuned/7.1.0/openshift-model-tuned-7.1.0.jar:/home/runner/.m2/repository/io/fabric8/openshift-model-console/7.1.0/openshift-model-console-7.1.0.jar:/home/runner/.m2/repository/io/fabric8/openshift-model-config/7.1.0/openshift-model-config-7.1.0.jar:/home/runner/.m2/repository/io/fabric8/openshift-model-machineconfiguration/7.1.0/openshift-model-machineconfiguration-7.1.0.jar:/home/runner/.m2/repository/io/fabric8/openshift-model-miscellaneous/7.1.0/openshift-model-miscellaneous-7.1.0.jar:/home/runner/.m2/repository/io/fabric8/openshift-model-hive/7.1.0/openshift-model-hive-7.1.0.jar:/home/runner/.m2/repository/io/fabric8/openshift-model-installer/7.1.0/openshift-model-installer-7.1.0.jar:/home/runner/.m2/repository/org/junit/platform/junit-platform-launcher/1.12.1/junit-platform-launcher-1.12.1.jar:/home/runner/.m2/repository/org/junit/platform/junit-platform-engine/1.12.1/junit-platform-engine-1.12.1.jar:/home/runner/.m2/repository/org/opentest4j/opentest4j/1.3.0/opentest4j-1.3.0.jar:/home/runner/.m2/repository/org/junit/platform/junit-platform-commons/1.12.1/junit-platform-commons-1.12.1.jar:/home/runner/.m2/repository/org/apiguardian/apiguardian-api/1.1.2/apiguardian-api-1.1.2.jar:/home/runner/.m2/repository/jakarta/ws/rs/jakarta.ws.rs-api/3.1.0/jakarta.ws.rs-api-3.1.0.jar:/home/runner/work/apicurio-testing/apicurio-testing/clusters/ci419/namespaces/ksql047/tests/integration/apicurio-registry/java-sdk/target/apicurio-registry-java-sdk-3.0.12-SNAPSHOT.jar:/home/runner/.m2/repository/com/microsoft/kiota/microsoft-kiota-abstractions/1.8.8/microsoft-kiota-abstractions-1.8.8.jar:/home/runner/.m2/repository/io/github/std-uritemplate/std-uritemplate/2.0.0/std-uritemplate-2.0.0.jar:/home/runner/.m2/repository/io/kiota/kiota-http-jdk/0.0.29/kiota-http-jdk-0.0.29.jar:/home/runner/.m2/repository/io/kiota/kiota-http-vertx/0.0.29/kiota-http-vertx-0.0.29.jar:/home/runner/.m2/repository/io/kiota/kiota-serialization-jackson/0.0.29/kiota-serialization-jackson-0.0.29.jar:/home/runner/.m2/repository/com/microsoft/kiota/microsoft-kiota-serialization-text/1.8.8/microsoft-kiota-serialization-text-1.8.8.jar:/home/runner/.m2/repository/com/microsoft/kiota/microsoft-kiota-serialization-form/1.8.8/microsoft-kiota-serialization-form-1.8.8.jar:/home/runner/.m2/repository/com/microsoft/kiota/microsoft-kiota-serialization-multipart/1.8.8/microsoft-kiota-serialization-multipart-1.8.8.jar:/home/runner/.m2/repository/jakarta/annotation/jakarta.annotation-api/3.0.0/jakarta.annotation-api-3.0.0.jar:/home/runner/.m2/repository/io/vertx/vertx-auth-oauth2/4.5.16/vertx-auth-oauth2-4.5.16.jar:/home/runner/work/apicurio-testing/apicurio-testing/clusters/ci419/namespaces/ksql047/tests/integration/apicurio-registry/java-sdk-v2/target/apicurio-registry-v2-java-sdk-3.0.12-SNAPSHOT.jar:/home/runner/work/apicurio-testing/apicurio-testing/clusters/ci419/namespaces/ksql047/tests/integration/apicurio-registry/utils/kafka/target/apicurio-registry-utils-kafka-3.0.12-SNAPSHOT-tests.jar:/home/runner/.m2/repository/org/eclipse/microprofile/config/microprofile-config-api/3.1/microprofile-config-api-3.1.jar:/home/runner/.m2/repository/org/apache/kafka/kafka-clients/3.9.1/kafka-clients-3.9.1.jar:/home/runner/.m2/repository/com/github/luben/zstd-jni/1.5.6-4/zstd-jni-1.5.6-4.jar:/home/runner/.m2/repository/org/lz4/lz4-java/1.8.0/lz4-java-1.8.0.jar:/home/runner/.m2/repository/org/xerial/snappy/snappy-java/1.1.10.5/snappy-java-1.1.10.5.jar:/home/runner/.m2/repository/org/slf4j/slf4j-api/2.0.6/slf4j-api-2.0.6.jar:/home/runner/work/apicurio-testing/apicurio-testing/clusters/ci419/namespaces/ksql047/tests/integration/apicurio-registry/utils/tests/target/apicurio-registry-utils-tests-3.0.12-SNAPSHOT.jar:/home/runner/work/apicurio-testing/apicurio-testing/clusters/ci419/namespaces/ksql047/tests/integration/apicurio-registry/common/target/apicurio-registry-common-3.0.12-SNAPSHOT.jar:/home/runner/.m2/repository/jakarta/validation/jakarta.validation-api/3.0.2/jakarta.validation-api-3.0.2.jar:/home/runner/.m2/repository/com/github/dasniko/testcontainers-keycloak/3.8.0/testcontainers-keycloak-3.8.0.jar:/home/runner/.m2/repository/org/testcontainers/testcontainers/1.20.6/testcontainers-1.20.6.jar:/home/runner/.m2/repository/org/rnorth/duct-tape/duct-tape/1.0.8/duct-tape-1.0.8.jar:/home/runner/.m2/repository/com/github/docker-java/docker-java-transport-zerodep/3.4.1/docker-java-transport-zerodep-3.4.1.jar:/home/runner/.m2/repository/com/github/docker-java/docker-java-transport/3.4.1/docker-java-transport-3.4.1.jar:/home/runner/.m2/repository/net/java/dev/jna/jna/5.8.0/jna-5.8.0.jar:/home/runner/.m2/repository/io/quarkus/quarkus-junit4-mock/3.20.2/quarkus-junit4-mock-3.20.2.jar:/home/runner/.m2/repository/org/jboss/shrinkwrap/shrinkwrap-api/2.0.0-beta-2/shrinkwrap-api-2.0.0-beta-2.jar:/home/runner/.m2/repository/org/jboss/shrinkwrap/shrinkwrap-impl-base/2.0.0-beta-2/shrinkwrap-impl-base-2.0.0-beta-2.jar:/home/runner/.m2/repository/org/jboss/shrinkwrap/shrinkwrap-spi/2.0.0-beta-2/shrinkwrap-spi-2.0.0-beta-2.jar:/home/runner/.m2/repository/org/keycloak/keycloak-admin-client/26.0.4/keycloak-admin-client-26.0.4.jar:/home/runner/.m2/repository/org/keycloak/keycloak-client-common-synced/26.0.4/keycloak-client-common-synced-26.0.4.jar:/home/runner/.m2/repository/jakarta/activation/jakarta.activation-api/2.1.3/jakarta.activation-api-2.1.3.jar:/home/runner/.m2/repository/org/eclipse/microprofile/openapi/microprofile-openapi-api/4.0.2/microprofile-openapi-api-4.0.2.jar:/home/runner/.m2/repository/org/jboss/resteasy/resteasy-client/6.2.12.Final/resteasy-client-6.2.12.Final.jar:/home/runner/.m2/repository/org/jboss/resteasy/resteasy-client-api/6.2.12.Final/resteasy-client-api-6.2.12.Final.jar:/home/runner/.m2/repository/org/jboss/resteasy/resteasy-core-spi/6.2.12.Final/resteasy-core-spi-6.2.12.Final.jar:/home/runner/.m2/repository/org/jboss/resteasy/resteasy-core/6.2.12.Final/resteasy-core-6.2.12.Final.jar:/home/runner/.m2/repository/org/eclipse/angus/angus-activation/2.0.2/angus-activation-2.0.2.jar:/home/runner/.m2/repository/com/ibm/async/asyncutil/0.1.0/asyncutil-0.1.0.jar:/home/runner/.m2/repository/org/reactivestreams/reactive-streams/1.0.4/reactive-streams-1.0.4.jar:/home/runner/.m2/repository/org/jboss/resteasy/resteasy-multipart-provider/6.2.12.Final/resteasy-multipart-provider-6.2.12.Final.jar:/home/runner/.m2/repository/jakarta/mail/jakarta.mail-api/2.1.3/jakarta.mail-api-2.1.3.jar:/home/runner/.m2/repository/org/eclipse/angus/angus-mail/2.0.3/angus-mail-2.0.3.jar:/home/runner/.m2/repository/org/apache/james/apache-mime4j-dom/0.8.12/apache-mime4j-dom-0.8.12.jar:/home/runner/.m2/repository/org/apache/james/apache-mime4j-core/0.8.12/apache-mime4j-core-0.8.12.jar:/home/runner/.m2/repository/org/apache/james/apache-mime4j-storage/0.8.12/apache-mime4j-storage-0.8.12.jar:/home/runner/.m2/repository/org/jboss/resteasy/resteasy-jackson2-provider/6.2.12.Final/resteasy-jackson2-provider-6.2.12.Final.jar:/home/runner/.m2/repository/com/fasterxml/jackson/jakarta/rs/jackson-jakarta-rs-base/2.18.2/jackson-jakarta-rs-base-2.18.2.jar:/home/runner/.m2/repository/com/fasterxml/jackson/jakarta/rs/jackson-jakarta-rs-json-provider/2.18.2/jackson-jakarta-rs-json-provider-2.18.2.jar:/home/runner/.m2/repository/com/fasterxml/jackson/module/jackson-module-jakarta-xmlbind-annotations/2.18.2/jackson-module-jakarta-xmlbind-annotations-2.18.2.jar:/home/runner/.m2/repository/com/github/java-json-tools/json-patch/1.13/json-patch-1.13.jar:/home/runner/.m2/repository/com/github/java-json-tools/msg-simple/1.2/msg-simple-1.2.jar:/home/runner/.m2/repository/com/github/java-json-tools/btf/1.3/btf-1.3.jar:/home/runner/.m2/repository/com/github/java-json-tools/jackson-coreutils/2.0/jackson-coreutils-2.0.jar:/home/runner/.m2/repository/org/jboss/resteasy/resteasy-jaxb-provider/6.2.12.Final/resteasy-jaxb-provider-6.2.12.Final.jar:/home/runner/.m2/repository/org/glassfish/jaxb/codemodel/4.0.5/codemodel-4.0.5.jar:/home/runner/.m2/repository/org/glassfish/jaxb/jaxb-core/4.0.5/jaxb-core-4.0.5.jar:/home/runner/.m2/repository/org/glassfish/jaxb/jaxb-jxc/4.0.5/jaxb-jxc-4.0.5.jar:/home/runner/.m2/repository/org/glassfish/jaxb/jaxb-runtime/4.0.5/jaxb-runtime-4.0.5.jar:/home/runner/.m2/repository/org/glassfish/jaxb/txw2/4.0.5/txw2-4.0.5.jar:/home/runner/.m2/repository/org/glassfish/jaxb/jaxb-xjc/4.0.5/jaxb-xjc-4.0.5.jar:/home/runner/.m2/repository/org/glassfish/jaxb/xsom/4.0.5/xsom-4.0.5.jar:/home/runner/.m2/repository/com/sun/istack/istack-commons-runtime/4.1.2/istack-commons-runtime-4.1.2.jar:/home/runner/.m2/repository/com/sun/istack/istack-commons-tools/4.1.2/istack-commons-tools-4.1.2.jar:/home/runner/.m2/repository/com/sun/xml/bind/external/relaxng-datatype/4.0.5/relaxng-datatype-4.0.5.jar:/home/runner/.m2/repository/com/sun/xml/bind/external/rngom/4.0.5/rngom-4.0.5.jar:/home/runner/.m2/repository/org/testcontainers/mssqlserver/1.20.6/mssqlserver-1.20.6.jar:/home/runner/.m2/repository/org/testcontainers/jdbc/1.20.6/jdbc-1.20.6.jar:/home/runner/.m2/repository/org/testcontainers/database-commons/1.20.6/database-commons-1.20.6.jar:/home/runner/.m2/repository/org/testcontainers/mysql/1.20.6/mysql-1.20.6.jar:/home/runner/.m2/repository/io/strimzi/strimzi-test-container/0.111.0/strimzi-test-container-0.111.0.jar:/home/runner/.m2/repository/org/testcontainers/toxiproxy/1.20.6/toxiproxy-1.20.6.jar:/home/runner/.m2/repository/com/github/docker-java/docker-java-api/3.4.1/docker-java-api-3.4.1.jar:/home/runner/.m2/repository/org/apache/logging/log4j/log4j-slf4j-impl/2.19.0/log4j-slf4j-impl-2.19.0.jar:/home/runner/.m2/repository/org/apache/logging/log4j/log4j-api/2.24.3/log4j-api-2.24.3.jar:/home/runner/.m2/repository/org/apache/logging/log4j/log4j-core/2.19.0/log4j-core-2.19.0.jar:/home/runner/.m2/repository/eu/rekawek/toxiproxy/toxiproxy-java/2.1.7/toxiproxy-java-2.1.7.jar:/home/runner/.m2/repository/org/testcontainers/pulsar/1.21.3/pulsar-1.21.3.jar:/home/runner/.m2/repository/io/debezium/debezium-testing-testcontainers/2.7.4.Final/debezium-testing-testcontainers-2.7.4.Final.jar:/home/runner/.m2/repository/org/testcontainers/kafka/1.20.6/kafka-1.20.6.jar:/home/runner/.m2/repository/com/squareup/okhttp3/okhttp/4.8.1/okhttp-4.8.1.jar:/home/runner/.m2/repository/com/squareup/okio/okio/3.10.2/okio-3.10.2.jar:/home/runner/.m2/repository/com/squareup/okio/okio-jvm/3.10.2/okio-jvm-3.10.2.jar:/home/runner/.m2/repository/org/jetbrains/kotlin/kotlin-stdlib/2.0.21/kotlin-stdlib-2.0.21.jar:/home/runner/.m2/repository/org/awaitility/awaitility/4.3.0/awaitility-4.3.0.jar:/home/runner/.m2/repository/org/testcontainers/mongodb/1.20.6/mongodb-1.20.6.jar:/home/runner/.m2/repository/org/testcontainers/mariadb/1.20.6/mariadb-1.20.6.jar:/home/runner/.m2/repository/org/testcontainers/oracle-xe/1.20.6/oracle-xe-1.20.6.jar:/home/runner/.m2/repository/org/testcontainers/postgresql/1.20.6/postgresql-1.20.6.jar:/home/runner/.m2/repository/org/wiremock/wiremock/3.0.1/wiremock-3.0.1.jar:/home/runner/.m2/repository/org/eclipse/jetty/jetty-server/11.0.15/jetty-server-11.0.15.jar:/home/runner/.m2/repository/org/eclipse/jetty/toolchain/jetty-jakarta-servlet-api/5.0.2/jetty-jakarta-servlet-api-5.0.2.jar:/home/runner/.m2/repository/org/eclipse/jetty/jetty-http/11.0.15/jetty-http-11.0.15.jar:/home/runner/.m2/repository/org/eclipse/jetty/jetty-io/11.0.15/jetty-io-11.0.15.jar:/home/runner/.m2/repository/org/eclipse/jetty/jetty-servlet/11.0.15/jetty-servlet-11.0.15.jar:/home/runner/.m2/repository/org/eclipse/jetty/jetty-security/11.0.15/jetty-security-11.0.15.jar:/home/runner/.m2/repository/org/eclipse/jetty/jetty-servlets/11.0.15/jetty-servlets-11.0.15.jar:/home/runner/.m2/repository/org/eclipse/jetty/jetty-util/11.0.15/jetty-util-11.0.15.jar:/home/runner/.m2/repository/org/eclipse/jetty/jetty-webapp/11.0.15/jetty-webapp-11.0.15.jar:/home/runner/.m2/repository/org/eclipse/jetty/jetty-xml/11.0.15/jetty-xml-11.0.15.jar:/home/runner/.m2/repository/org/eclipse/jetty/jetty-proxy/11.0.15/jetty-proxy-11.0.15.jar:/home/runner/.m2/repository/org/eclipse/jetty/jetty-client/11.0.15/jetty-client-11.0.15.jar:/home/runner/.m2/repository/org/eclipse/jetty/http2/http2-server/11.0.15/http2-server-11.0.15.jar:/home/runner/.m2/repository/org/eclipse/jetty/http2/http2-common/11.0.15/http2-common-11.0.15.jar:/home/runner/.m2/repository/org/eclipse/jetty/http2/http2-hpack/11.0.15/http2-hpack-11.0.15.jar:/home/runner/.m2/repository/org/eclipse/jetty/jetty-alpn-server/11.0.15/jetty-alpn-server-11.0.15.jar:/home/runner/.m2/repository/org/eclipse/jetty/jetty-alpn-java-server/11.0.15/jetty-alpn-java-server-11.0.15.jar:/home/runner/.m2/repository/org/eclipse/jetty/jetty-alpn-java-client/11.0.15/jetty-alpn-java-client-11.0.15.jar:/home/runner/.m2/repository/org/eclipse/jetty/jetty-alpn-client/11.0.15/jetty-alpn-client-11.0.15.jar:/home/runner/.m2/repository/org/apache/httpcomponents/client5/httpclient5/5.2.1/httpclient5-5.2.1.jar:/home/runner/.m2/repository/org/apache/httpcomponents/core5/httpcore5/5.2/httpcore5-5.2.jar:/home/runner/.m2/repository/org/apache/httpcomponents/core5/httpcore5-h2/5.2/httpcore5-h2-5.2.jar:/home/runner/.m2/repository/org/xmlunit/xmlunit-core/2.9.1/xmlunit-core-2.9.1.jar:/home/runner/.m2/repository/jakarta/xml/bind/jakarta.xml.bind-api/4.0.2/jakarta.xml.bind-api-4.0.2.jar:/home/runner/.m2/repository/org/xmlunit/xmlunit-legacy/2.9.1/xmlunit-legacy-2.9.1.jar:/home/runner/.m2/repository/org/xmlunit/xmlunit-placeholders/2.9.1/xmlunit-placeholders-2.9.1.jar:/home/runner/.m2/repository/net/javacrumbs/json-unit/json-unit-core/2.38.0/json-unit-core-2.38.0.jar:/home/runner/.m2/repository/org/hamcrest/hamcrest-core/2.2/hamcrest-core-2.2.jar:/home/runner/.m2/repository/com/jayway/jsonpath/json-path/2.8.0/json-path-2.8.0.jar:/home/runner/.m2/repository/net/minidev/json-smart/2.4.10/json-smart-2.4.10.jar:/home/runner/.m2/repository/net/minidev/accessors-smart/2.4.9/accessors-smart-2.4.9.jar:/home/runner/.m2/repository/org/ow2/asm/asm/9.7.1/asm-9.7.1.jar:/home/runner/.m2/repository/net/sf/jopt-simple/jopt-simple/5.0.4/jopt-simple-5.0.4.jar:/home/runner/.m2/repository/com/github/jknack/handlebars/4.3.1/handlebars-4.3.1.jar:/home/runner/.m2/repository/com/github/jknack/handlebars-helpers/4.3.1/handlebars-helpers-4.3.1.jar:/home/runner/.m2/repository/commons-fileupload/commons-fileupload/1.5/commons-fileupload-1.5.jar:/home/runner/.m2/repository/com/networknt/json-schema-validator/1.5.8/json-schema-validator-1.5.8.jar:/home/runner/.m2/repository/com/ethlo/time/itu/1.10.3/itu-1.10.3.jar:/home/runner/.m2/repository/io/quarkus/quarkus-smallrye-jwt-build/3.20.2/quarkus-smallrye-jwt-build-3.20.2.jar:/home/runner/.m2/repository/io/smallrye/smallrye-jwt-build/4.6.2/smallrye-jwt-build-4.6.2.jar:/home/runner/.m2/repository/org/eclipse/microprofile/jwt/microprofile-jwt-auth-api/2.1/microprofile-jwt-auth-api-2.1.jar:/home/runner/.m2/repository/org/bitbucket/b_c/jose4j/0.9.6/jose4j-0.9.6.jar:/home/runner/.m2/repository/io/smallrye/smallrye-jwt-common/4.6.2/smallrye-jwt-common-4.6.2.jar:/home/runner/.m2/repository/io/quarkus/quarkus-jsonp/3.20.2/quarkus-jsonp-3.20.2.jar:/home/runner/.m2/repository/io/quarkus/quarkus-arc/3.20.2/quarkus-arc-3.20.2.jar:/home/runner/.m2/repository/io/quarkus/arc/arc/3.20.2/arc-3.20.2.jar:/home/runner/.m2/repository/jakarta/transaction/jakarta.transaction-api/2.0.1/jakarta.transaction-api-2.0.1.jar:/home/runner/.m2/repository/io/smallrye/reactive/mutiny/2.9.2/mutiny-2.9.2.jar:/home/runner/.m2/repository/org/jctools/jctools-core/4.0.5/jctools-core-4.0.5.jar:/home/runner/.m2/repository/org/eclipse/microprofile/context-propagation/microprofile-context-propagation-api/1.3/microprofile-context-propagation-api-1.3.jar:/home/runner/.m2/repository/io/apicurio/apicurio-common-rest-client-common/0.1.18.Final/apicurio-common-rest-client-common-0.1.18.Final.jar:/home/runner/work/apicurio-testing/apicurio-testing/clusters/ci419/namespaces/ksql047/tests/integration/apicurio-registry/utils/maven-plugin/target/apicurio-registry-maven-plugin-3.0.12-SNAPSHOT.jar:/home/runner/.m2/repository/com/fasterxml/jackson/core/jackson-databind/2.18.2/jackson-databind-2.18.2.jar:/home/runner/.m2/repository/org/apache/avro/avro/1.12.0/avro-1.12.0.jar:/home/runner/.m2/repository/com/google/protobuf/protobuf-java/4.31.1/protobuf-java-4.31.1.jar:/home/runner/.m2/repository/com/google/protobuf/protobuf-java-util/4.31.1/protobuf-java-util-4.31.1.jar:/home/runner/.m2/repository/com/google/code/findbugs/jsr305/3.0.2/jsr305-3.0.2.jar:/home/runner/.m2/repository/com/google/code/gson/gson/2.12.1/gson-2.12.1.jar:/home/runner/.m2/repository/com/google/errorprone/error_prone_annotations/2.36.0/error_prone_annotations-2.36.0.jar:/home/runner/.m2/repository/com/google/j2objc/j2objc-annotations/2.8/j2objc-annotations-2.8.jar:/home/runner/work/apicurio-testing/apicurio-testing/clusters/ci419/namespaces/ksql047/tests/integration/apicurio-registry/schema-util/util-provider/target/apicurio-registry-schema-util-provider-3.0.12-SNAPSHOT.jar:/home/runner/work/apicurio-testing/apicurio-testing/clusters/ci419/namespaces/ksql047/tests/integration/apicurio-registry/schema-util/common/target/apicurio-registry-schema-util-common-3.0.12-SNAPSHOT.jar:/home/runner/.m2/repository/com/fasterxml/jackson/module/jackson-module-parameter-names/2.18.2/jackson-module-parameter-names-2.18.2.jar:/home/runner/.m2/repository/com/fasterxml/jackson/datatype/jackson-datatype-json-org/2.18.2/jackson-datatype-json-org-2.18.2.jar:/home/runner/work/apicurio-testing/apicurio-testing/clusters/ci419/namespaces/ksql047/tests/integration/apicurio-registry/schema-util/json/target/apicurio-registry-schema-util-json-3.0.12-SNAPSHOT.jar:/home/runner/.m2/repository/com/github/erosb/everit-json-schema/1.14.5/everit-json-schema-1.14.5.jar:/home/runner/.m2/repository/commons-validator/commons-validator/1.9.0/commons-validator-1.9.0.jar:/home/runner/.m2/repository/commons-digester/commons-digester/2.1/commons-digester-2.1.jar:/home/runner/.m2/repository/commons-collections/commons-collections/3.2.2/commons-collections-3.2.2.jar:/home/runner/.m2/repository/com/damnhandy/handy-uri-templates/2.1.8/handy-uri-templates-2.1.8.jar:/home/runner/.m2/repository/joda-time/joda-time/2.10.2/joda-time-2.10.2.jar:/home/runner/.m2/repository/com/github/erosb/json-sKema/0.20.0/json-sKema-0.20.0.jar:/home/runner/.m2/repository/io/vertx/vertx-json-schema/4.5.16/vertx-json-schema-4.5.16.jar:/home/runner/work/apicurio-testing/apicurio-testing/clusters/ci419/namespaces/ksql047/tests/integration/apicurio-registry/schema-util/protobuf/target/apicurio-registry-schema-util-protobuf-3.0.12-SNAPSHOT.jar:/home/runner/work/apicurio-testing/apicurio-testing/clusters/ci419/namespaces/ksql047/tests/integration/apicurio-registry/utils/protobuf-schema-utilities/target/apicurio-registry-protobuf-schema-utilities-3.0.12-SNAPSHOT.jar:/home/runner/.m2/repository/com/google/api/grpc/proto-google-common-protos/2.52.0/proto-google-common-protos-2.52.0.jar:/home/runner/.m2/repository/com/squareup/wire/wire-schema-jvm/5.3.3/wire-schema-jvm-5.3.3.jar:/home/runner/.m2/repository/com/palantir/javapoet/javapoet/0.6.0/javapoet-0.6.0.jar:/home/runner/.m2/repository/com/squareup/kotlinpoet-jvm/2.0.0/kotlinpoet-jvm-2.0.0.jar:/home/runner/.m2/repository/org/jetbrains/kotlin/kotlin-reflect/2.0.21/kotlin-reflect-2.0.21.jar:/home/runner/.m2/repository/com/squareup/wire/wire-runtime-jvm/5.3.3/wire-runtime-jvm-5.3.3.jar:/home/runner/.m2/repository/com/ibm/icu/icu4j/76.1/icu4j-76.1.jar:/home/runner/.m2/repository/com/squareup/okio/okio-fakefilesystem/3.10.2/okio-fakefilesystem-3.10.2.jar:/home/runner/.m2/repository/com/squareup/okio/okio-fakefilesystem-jvm/3.10.2/okio-fakefilesystem-jvm-3.10.2.jar:/home/runner/.m2/repository/org/jetbrains/kotlinx/kotlinx-datetime-jvm/0.6.1/kotlinx-datetime-jvm-0.6.1.jar:/home/runner/work/apicurio-testing/apicurio-testing/clusters/ci419/namespaces/ksql047/tests/integration/apicurio-registry/schema-util/asyncapi/target/apicurio-registry-schema-util-asyncapi-3.0.12-SNAPSHOT.jar:/home/runner/work/apicurio-testing/apicurio-testing/clusters/ci419/namespaces/ksql047/tests/integration/apicurio-registry/schema-util/avro/target/apicurio-registry-schema-util-avro-3.0.12-SNAPSHOT.jar:/home/runner/work/apicurio-testing/apicurio-testing/clusters/ci419/namespaces/ksql047/tests/integration/apicurio-registry/schema-util/graphql/target/apicurio-registry-schema-util-graphql-3.0.12-SNAPSHOT.jar:/home/runner/.m2/repository/com/graphql-java/graphql-java/22.4/graphql-java-22.4.jar:/home/runner/.m2/repository/com/graphql-java/java-dataloader/3.3.0/java-dataloader-3.3.0.jar:/home/runner/work/apicurio-testing/apicurio-testing/clusters/ci419/namespaces/ksql047/tests/integration/apicurio-registry/schema-util/kconnect/target/apicurio-registry-schema-util-kconnect-3.0.12-SNAPSHOT.jar:/home/runner/work/apicurio-testing/apicurio-testing/clusters/ci419/namespaces/ksql047/tests/integration/apicurio-registry/schema-util/openapi/target/apicurio-registry-schema-util-openapi-3.0.12-SNAPSHOT.jar:/home/runner/.m2/repository/io/apicurio/apicurio-data-models/2.2.2/apicurio-data-models-2.2.2.jar:/home/runner/.m2/repository/org/openapitools/openapidiff/openapi-diff-core/2.1.2/openapi-diff-core-2.1.2.jar:/home/runner/.m2/repository/io/swagger/parser/v3/swagger-parser/2.1.28/swagger-parser-2.1.28.jar:/home/runner/.m2/repository/io/swagger/parser/v3/swagger-parser-v2-converter/2.1.28/swagger-parser-v2-converter-2.1.28.jar:/home/runner/.m2/repository/io/swagger/swagger-core/1.6.16/swagger-core-1.6.16.jar:/home/runner/.m2/repository/io/swagger/swagger-models/1.6.16/swagger-models-1.6.16.jar:/home/runner/.m2/repository/io/swagger/swagger-annotations/1.6.16/swagger-annotations-1.6.16.jar:/home/runner/.m2/repository/io/swagger/swagger-parser/1.0.75/swagger-parser-1.0.75.jar:/home/runner/.m2/repository/io/swagger/swagger-parser-safe-url-resolver/1.0.75/swagger-parser-safe-url-resolver-1.0.75.jar:/home/runner/.m2/repository/io/swagger/swagger-compat-spec-parser/1.0.75/swagger-compat-spec-parser-1.0.75.jar:/home/runner/.m2/repository/com/github/java-json-tools/json-schema-validator/2.2.14/json-schema-validator-2.2.14.jar:/home/runner/.m2/repository/com/github/java-json-tools/jackson-coreutils-equivalence/1.0/jackson-coreutils-equivalence-1.0.jar:/home/runner/.m2/repository/com/github/java-json-tools/json-schema-core/1.2.14/json-schema-core-1.2.14.jar:/home/runner/.m2/repository/com/github/java-json-tools/uri-template/0.10/uri-template-0.10.jar:/home/runner/.m2/repository/com/googlecode/libphonenumber/libphonenumber/8.11.1/libphonenumber-8.11.1.jar:/home/runner/.m2/repository/com/j2html/j2html/1.6.0/j2html-1.6.0.jar:/home/runner/.m2/repository/org/apache/commons/commons-collections4/4.5.0/commons-collections4-4.5.0.jar:/home/runner/.m2/repository/org/slf4j/jcl-over-slf4j/2.0.17/jcl-over-slf4j-2.0.17.jar:/home/runner/.m2/repository/io/swagger/parser/v3/swagger-parser-v3/2.1.31/swagger-parser-v3-2.1.31.jar:/home/runner/.m2/repository/io/swagger/core/v3/swagger-models/2.2.34/swagger-models-2.2.34.jar:/home/runner/.m2/repository/io/swagger/core/v3/swagger-core/2.2.34/swagger-core-2.2.34.jar:/home/runner/.m2/repository/io/swagger/parser/v3/swagger-parser-core/2.1.31/swagger-parser-core-2.1.31.jar:/home/runner/.m2/repository/io/swagger/parser/v3/swagger-parser-safe-url-resolver/2.1.31/swagger-parser-safe-url-resolver-2.1.31.jar:/home/runner/work/apicurio-testing/apicurio-testing/clusters/ci419/namespaces/ksql047/tests/integration/apicurio-registry/schema-util/wsdl/target/apicurio-registry-schema-util-wsdl-3.0.12-SNAPSHOT.jar:/home/runner/.m2/repository/wsdl4j/wsdl4j/1.6.3/wsdl4j-1.6.3.jar:/home/runner/work/apicurio-testing/apicurio-testing/clusters/ci419/namespaces/ksql047/tests/integration/apicurio-registry/schema-util/xml/target/apicurio-registry-schema-util-xml-3.0.12-SNAPSHOT.jar:/home/runner/.m2/repository/org/apache/santuario/xmlsec/4.0.4/xmlsec-4.0.4.jar:/home/runner/.m2/repository/com/fasterxml/woodstox/woodstox-core/7.1.1/woodstox-core-7.1.1.jar:/home/runner/.m2/repository/org/codehaus/woodstox/stax2-api/4.2.2/stax2-api-4.2.2.jar:/home/runner/work/apicurio-testing/apicurio-testing/clusters/ci419/namespaces/ksql047/tests/integration/apicurio-registry/schema-util/xsd/target/apicurio-registry-schema-util-xsd-3.0.12-SNAPSHOT.jar:/home/runner/work/apicurio-testing/apicurio-testing/clusters/ci419/namespaces/ksql047/tests/integration/apicurio-registry/serdes/kafka/jsonschema-serde/target/apicurio-registry-jsonschema-serde-kafka-3.0.12-SNAPSHOT.jar:/home/runner/work/apicurio-testing/apicurio-testing/clusters/ci419/namespaces/ksql047/tests/integration/apicurio-registry/serdes/kafka/serde-kafka-common/target/apicurio-registry-serde-kafka-common-3.0.12-SNAPSHOT.jar:/home/runner/work/apicurio-testing/apicurio-testing/clusters/ci419/namespaces/ksql047/tests/integration/apicurio-registry/serdes/generic/serde-common/target/apicurio-registry-serde-common-3.0.12-SNAPSHOT.jar:/home/runner/work/apicurio-testing/apicurio-testing/clusters/ci419/namespaces/ksql047/tests/integration/apicurio-registry/serdes/generic/serde-common-jsonschema/target/apicurio-registry-serde-common-jsonschema-3.0.12-SNAPSHOT.jar:/home/runner/.m2/repository/org/json/json/20250107/json-20250107.jar:/home/runner/work/apicurio-testing/apicurio-testing/clusters/ci419/namespaces/ksql047/tests/integration/apicurio-registry/serdes/kafka/avro-serde/target/apicurio-registry-avro-serde-kafka-3.0.12-SNAPSHOT.jar:/home/runner/work/apicurio-testing/apicurio-testing/clusters/ci419/namespaces/ksql047/tests/integration/apicurio-registry/serdes/generic/serde-common-avro/target/apicurio-registry-serde-common-avro-3.0.12-SNAPSHOT.jar:/home/runner/work/apicurio-testing/apicurio-testing/clusters/ci419/namespaces/ksql047/tests/integration/apicurio-registry/serdes/kafka/protobuf-serde/target/apicurio-registry-protobuf-serde-kafka-3.0.12-SNAPSHOT.jar:/home/runner/work/apicurio-testing/apicurio-testing/clusters/ci419/namespaces/ksql047/tests/integration/apicurio-registry/serdes/generic/serde-common-protobuf/target/apicurio-registry-serde-common-protobuf-3.0.12-SNAPSHOT.jar:/home/runner/.m2/repository/com/squareup/wire/wire-schema/5.3.3/wire-schema-5.3.3.jar:/home/runner/.m2/repository/com/squareup/wire/wire-runtime/5.3.3/wire-runtime-5.3.3.jar:/home/runner/work/apicurio-testing/apicurio-testing/clusters/ci419/namespaces/ksql047/tests/integration/apicurio-registry/serdes/pulsar/avro-serde/target/apicurio-registry-avro-serde-pulsar-3.0.12-SNAPSHOT.jar:/home/runner/.m2/repository/org/apache/pulsar/pulsar-functions-api/3.3.8/pulsar-functions-api-3.3.8.jar:/home/runner/work/apicurio-testing/apicurio-testing/clusters/ci419/namespaces/ksql047/tests/integration/apicurio-registry/serdes/nats/avro-serde/target/apicurio-registry-avro-serde-nats-3.0.12-SNAPSHOT.jar:/home/runner/.m2/repository/io/nats/jnats/2.21.4/jnats-2.21.4.jar:/home/runner/.m2/repository/org/bouncycastle/bcprov-lts8on/2.73.7/bcprov-lts8on-2.73.7.jar:/home/runner/.m2/repository/org/jetbrains/annotations/26.0.2/annotations-26.0.2.jar:/home/runner/work/apicurio-testing/apicurio-testing/clusters/ci419/namespaces/ksql047/tests/integration/apicurio-registry/utils/converter/target/apicurio-registry-utils-converter-3.0.12-SNAPSHOT.jar:/home/runner/work/apicurio-testing/apicurio-testing/clusters/ci419/namespaces/ksql047/tests/integration/apicurio-registry/schema-resolver/target/apicurio-registry-schema-resolver-3.0.12-SNAPSHOT.jar:/home/runner/.m2/repository/org/apache/kafka/connect-api/3.9.1/connect-api-3.9.1.jar:/home/runner/.m2/repository/javax/ws/rs/javax.ws.rs-api/2.1.1/javax.ws.rs-api-2.1.1.jar:/home/runner/.m2/repository/org/apache/kafka/connect-json/3.9.1/connect-json-3.9.1.jar:/home/runner/.m2/repository/com/fasterxml/jackson/datatype/jackson-datatype-jdk8/2.18.2/jackson-datatype-jdk8-2.18.2.jar:/home/runner/.m2/repository/com/fasterxml/jackson/module/jackson-module-afterburner/2.18.2/jackson-module-afterburner-2.18.2.jar:/home/runner/work/apicurio-testing/apicurio-testing/clusters/ci419/namespaces/ksql047/tests/integration/apicurio-registry/utils/kafka/target/apicurio-registry-utils-kafka-3.0.12-SNAPSHOT.jar:/home/runner/.m2/repository/org/apache/pulsar/pulsar-client/3.3.8/pulsar-client-3.3.8.jar:/home/runner/.m2/repository/org/apache/pulsar/pulsar-client-api/3.3.8/pulsar-client-api-3.3.8.jar:/home/runner/.m2/repository/org/apache/pulsar/pulsar-client-admin-api/3.3.8/pulsar-client-admin-api-3.3.8.jar:/home/runner/.m2/repository/org/apache/pulsar/bouncy-castle-bc/3.3.8/bouncy-castle-bc-3.3.8-pkg.jar:/home/runner/.m2/repository/org/bouncycastle/bcpkix-jdk18on/1.81/bcpkix-jdk18on-1.81.jar:/home/runner/.m2/repository/org/bouncycastle/bcutil-jdk18on/1.81/bcutil-jdk18on-1.81.jar:/home/runner/.m2/repository/org/bouncycastle/bcprov-jdk18on/1.81/bcprov-jdk18on-1.81.jar:/home/runner/.m2/repository/io/opentelemetry/opentelemetry-api/1.44.1/opentelemetry-api-1.44.1.jar:/home/runner/.m2/repository/io/opentelemetry/opentelemetry-context/1.44.1/opentelemetry-context-1.44.1.jar:/home/runner/.m2/repository/io/opentelemetry/opentelemetry-api-incubator/1.44.1-alpha/opentelemetry-api-incubator-1.44.1-alpha.jar:/home/runner/.m2/repository/com/fasterxml/jackson/core/jackson-annotations/2.18.2/jackson-annotations-2.18.2.jar:/home/runner/.m2/repository/javax/validation/validation-api/1.1.0.Final/validation-api-1.1.0.Final.jar:/home/runner/.m2/repository/org/jspecify/jspecify/1.0.0/jspecify-1.0.0.jar:/home/runner/.m2/repository/org/apache/commons/commons-configuration2/2.12.0/commons-configuration2-2.12.0.jar:/home/runner/.m2/repository/commons-logging/commons-logging/1.3.5/commons-logging-1.3.5.jar:/home/runner/.m2/repository/org/apache/commons/commons-text/1.13.0/commons-text-1.13.0.jar:/home/runner/.m2/repository/io/confluent/kafka-avro-serializer/8.0.0/kafka-avro-serializer-8.0.0.jar:/home/runner/.m2/repository/org/apache/commons/commons-compress/1.27.1/commons-compress-1.27.1.jar:/home/runner/.m2/repository/io/confluent/kafka-schema-serializer/8.0.0/kafka-schema-serializer-8.0.0.jar:/home/runner/.m2/repository/com/fasterxml/jackson/dataformat/jackson-dataformat-csv/2.18.2/jackson-dataformat-csv-2.18.2.jar:/home/runner/.m2/repository/io/confluent/kafka-schema-registry-client/8.0.0/kafka-schema-registry-client-8.0.0.jar:/home/runner/.m2/repository/org/yaml/snakeyaml/2.3/snakeyaml-2.3.jar:/home/runner/.m2/repository/io/swagger/core/v3/swagger-annotations/2.2.29/swagger-annotations-2.2.29.jar:/home/runner/.m2/repository/com/google/guava/guava/33.4.0-jre/guava-33.4.0-jre.jar:/home/runner/.m2/repository/com/google/guava/failureaccess/1.0.1/failureaccess-1.0.1.jar:/home/runner/.m2/repository/org/checkerframework/checker-qual/3.49.0/checker-qual-3.49.0.jar:/home/runner/.m2/repository/io/confluent/logredactor/1.0.13/logredactor-1.0.13.jar:/home/runner/.m2/repository/com/google/re2j/re2j/1.6/re2j-1.6.jar:/home/runner/.m2/repository/io/confluent/logredactor-metrics/1.0.13/logredactor-metrics-1.0.13.jar:/home/runner/.m2/repository/com/eclipsesource/minimal-json/minimal-json/0.9.5/minimal-json-0.9.5.jar:/home/runner/.m2/repository/io/confluent/common-utils/8.0.0/common-utils-8.0.0.jar:/home/runner/.m2/repository/io/confluent/kafka-connect-avro-converter/8.0.0/kafka-connect-avro-converter-8.0.0.jar:/home/runner/.m2/repository/io/confluent/kafka-connect-avro-data/8.0.0/kafka-connect-avro-data-8.0.0.jar:/home/runner/.m2/repository/io/confluent/kafka-schema-converter/8.0.0/kafka-schema-converter-8.0.0.jar:/home/runner/.m2/repository/io/rest-assured/rest-assured/5.5.1/rest-assured-5.5.1.jar:/home/runner/.m2/repository/org/apache/groovy/groovy/4.0.22/groovy-4.0.22.jar:/home/runner/.m2/repository/org/apache/groovy/groovy-xml/4.0.22/groovy-xml-4.0.22.jar:/home/runner/.m2/repository/org/apache/httpcomponents/httpclient/4.5.14/httpclient-4.5.14.jar:/home/runner/.m2/repository/org/apache/httpcomponents/httpcore/4.4.16/httpcore-4.4.16.jar:/home/runner/.m2/repository/org/apache/httpcomponents/httpmime/4.5.14/httpmime-4.5.14.jar:/home/runner/.m2/repository/org/hamcrest/hamcrest/2.2/hamcrest-2.2.jar:/home/runner/.m2/repository/org/ccil/cowan/tagsoup/tagsoup/1.2.1/tagsoup-1.2.1.jar:/home/runner/.m2/repository/io/rest-assured/json-path/5.5.1/json-path-5.5.1.jar:/home/runner/.m2/repository/org/apache/groovy/groovy-json/4.0.22/groovy-json-4.0.22.jar:/home/runner/.m2/repository/io/rest-assured/rest-assured-common/5.5.1/rest-assured-common-5.5.1.jar:/home/runner/.m2/repository/io/rest-assured/xml-path/5.5.1/xml-path-5.5.1.jar:/home/runner/.m2/repository/io/zonky/test/embedded-postgres/2.1.0/embedded-postgres-2.1.0.jar:/home/runner/.m2/repository/io/zonky/test/postgres/embedded-postgres-binaries-windows-amd64/14.15.0/embedded-postgres-binaries-windows-amd64-14.15.0.jar:/home/runner/.m2/repository/io/zonky/test/postgres/embedded-postgres-binaries-darwin-amd64/14.15.0/embedded-postgres-binaries-darwin-amd64-14.15.0.jar:/home/runner/.m2/repository/io/zonky/test/postgres/embedded-postgres-binaries-linux-amd64/14.15.0/embedded-postgres-binaries-linux-amd64-14.15.0.jar:/home/runner/.m2/repository/io/zonky/test/postgres/embedded-postgres-binaries-linux-amd64-alpine/14.15.0/embedded-postgres-binaries-linux-amd64-alpine-14.15.0.jar:/home/runner/.m2/repository/org/apache/commons/commons-lang3/3.17.0/commons-lang3-3.17.0.jar:/home/runner/.m2/repository/org/tukaani/xz/1.10/xz-1.10.jar:/home/runner/.m2/repository/commons-codec/commons-codec/1.19.0/commons-codec-1.19.0.jar:/home/runner/.m2/repository/org/postgresql/postgresql/42.7.7/postgresql-42.7.7.jar:/home/runner/.m2/repository/commons-io/commons-io/2.18.0/commons-io-2.18.0.jar:/home/runner/work/apicurio-testing/apicurio-testing/clusters/ci419/namespaces/ksql047/tests/integration/apicurio-registry/utils/importexport/target/apicurio-registry-utils-import-export-3.0.12-SNAPSHOT.jar:/home/runner/.m2/repository/io/vertx/vertx-core/4.5.16/vertx-core-4.5.16.jar:/home/runner/.m2/repository/io/netty/netty-common/4.1.121.Final/netty-common-4.1.121.Final.jar:/home/runner/.m2/repository/io/netty/netty-buffer/4.1.121.Final/netty-buffer-4.1.121.Final.jar:/home/runner/.m2/repository/io/netty/netty-transport/4.1.121.Final/netty-transport-4.1.121.Final.jar:/home/runner/.m2/repository/io/netty/netty-handler/4.1.121.Final/netty-handler-4.1.121.Final.jar:/home/runner/.m2/repository/io/netty/netty-transport-native-unix-common/4.1.121.Final/netty-transport-native-unix-common-4.1.121.Final.jar:/home/runner/.m2/repository/io/netty/netty-codec/4.1.121.Final/netty-codec-4.1.121.Final.jar:/home/runner/.m2/repository/io/netty/netty-handler-proxy/4.1.121.Final/netty-handler-proxy-4.1.121.Final.jar:/home/runner/.m2/repository/io/netty/netty-codec-socks/4.1.121.Final/netty-codec-socks-4.1.121.Final.jar:/home/runner/.m2/repository/io/netty/netty-codec-http/4.1.121.Final/netty-codec-http-4.1.121.Final.jar:/home/runner/.m2/repository/io/netty/netty-codec-http2/4.1.121.Final/netty-codec-http2-4.1.121.Final.jar:/home/runner/.m2/repository/io/netty/netty-resolver/4.1.121.Final/netty-resolver-4.1.121.Final.jar:/home/runner/.m2/repository/io/netty/netty-resolver-dns/4.1.121.Final/netty-resolver-dns-4.1.121.Final.jar:/home/runner/.m2/repository/io/netty/netty-codec-dns/4.1.121.Final/netty-codec-dns-4.1.121.Final.jar:/home/runner/.m2/repository/com/fasterxml/jackson/core/jackson-core/2.18.2/jackson-core-2.18.2.jar:"/>
    <property name="java.vm.vendor" value="Eclipse Adoptium"/>
    <property name="maven.javadoc.skip" value="true"/>
    <property name="sun.arch.data.model" value="64"/>
    <property name="java.vendor.url" value="https://adoptium.net/"/>
    <property name="user.timezone" value="Etc/UTC"/>
    <property name="os.name" value="Linux"/>
    <property name="java.vm.specification.version" value="17"/>
    <property name="sun.java.launcher" value="SUN_STANDARD"/>
    <property name="quarkus.http.test-port" value="80"/>
    <property name="sun.boot.library.path" value="/usr/lib/jvm/temurin-17-jdk-amd64/lib"/>
    <property name="sun.java.command" value="/home/runner/work/apicurio-testing/apicurio-testing/clusters/ci419/namespaces/ksql047/tests/integration/apicurio-registry/integration-tests/target/surefire/surefirebooter-20250806153945006_3.jar /home/runner/work/apicurio-testing/apicurio-testing/clusters/ci419/namespaces/ksql047/tests/integration/apicurio-registry/integration-tests/target/surefire 2025-08-06T15-39-44_924-jvmRun1 surefire-20250806153945006_1tmp surefire_0-20250806153945006_2tmp"/>
    <property name="maven.home" value="/home/runner/.m2/wrapper/dists/apache-maven-3.9.8-bin/4fnp1ql35bgk2a0p7m31ovbgb0/apache-maven-3.9.8"/>
    <property name="jdk.debug" value="release"/>
    <property name="surefire.test.class.path" value="/home/runner/work/apicurio-testing/apicurio-testing/clusters/ci419/namespaces/ksql047/tests/integration/apicurio-registry/integration-tests/target/test-classes:/home/runner/work/apicurio-testing/apicurio-testing/clusters/ci419/namespaces/ksql047/tests/integration/apicurio-registry/integration-tests/target/apicurio-registry-integration-tests-3.0.12-SNAPSHOT.jar:/home/runner/.m2/repository/io/quarkus/quarkus-junit5/3.20.2/quarkus-junit5-3.20.2.jar:/home/runner/.m2/repository/io/quarkus/quarkus-bootstrap-core/3.20.2/quarkus-bootstrap-core-3.20.2.jar:/home/runner/.m2/repository/io/quarkus/quarkus-classloader-commons/3.20.2/quarkus-classloader-commons-3.20.2.jar:/home/runner/.m2/repository/io/quarkus/quarkus-bootstrap-app-model/3.20.2/quarkus-bootstrap-app-model-3.20.2.jar:/home/runner/.m2/repository/io/smallrye/common/smallrye-common-io/2.12.0/smallrye-common-io-2.12.0.jar:/home/runner/.m2/repository/org/eclipse/sisu/org.eclipse.sisu.inject/0.9.0.M3/org.eclipse.sisu.inject-0.9.0.M3.jar:/home/runner/.m2/repository/io/quarkus/quarkus-test-common/3.20.2/quarkus-test-common-3.20.2.jar:/home/runner/.m2/repository/io/quarkus/quarkus-core-deployment/3.20.2/quarkus-core-deployment-3.20.2.jar:/home/runner/.m2/repository/org/aesh/readline/2.6/readline-2.6.jar:/home/runner/.m2/repository/org/fusesource/jansi/jansi/2.4.0/jansi-2.4.0.jar:/home/runner/.m2/repository/org/aesh/aesh/2.8.2/aesh-2.8.2.jar:/home/runner/.m2/repository/io/quarkus/gizmo/gizmo/1.8.0/gizmo-1.8.0.jar:/home/runner/.m2/repository/org/ow2/asm/asm-util/9.7.1/asm-util-9.7.1.jar:/home/runner/.m2/repository/org/ow2/asm/asm-analysis/9.7.1/asm-analysis-9.7.1.jar:/home/runner/.m2/repository/org/ow2/asm/asm-commons/9.7.1/asm-commons-9.7.1.jar:/home/runner/.m2/repository/org/ow2/asm/asm-tree/9.7.1/asm-tree-9.7.1.jar:/home/runner/.m2/repository/io/quarkus/quarkus-hibernate-validator-spi/3.20.2/quarkus-hibernate-validator-spi-3.20.2.jar:/home/runner/.m2/repository/io/quarkus/quarkus-class-change-agent/3.20.2/quarkus-class-change-agent-3.20.2.jar:/home/runner/.m2/repository/io/quarkus/quarkus-devtools-utilities/3.20.2/quarkus-devtools-utilities-3.20.2.jar:/home/runner/.m2/repository/io/quarkus/quarkus-builder/3.20.2/quarkus-builder-3.20.2.jar:/home/runner/.m2/repository/org/graalvm/sdk/nativeimage/23.1.2/nativeimage-23.1.2.jar:/home/runner/.m2/repository/org/graalvm/sdk/word/23.1.2/word-23.1.2.jar:/home/runner/.m2/repository/io/quarkus/quarkus-bootstrap-maven-resolver/3.20.2/quarkus-bootstrap-maven-resolver-3.20.2.jar:/home/runner/.m2/repository/io/smallrye/beanbag/smallrye-beanbag-maven/1.5.2/smallrye-beanbag-maven-1.5.2.jar:/home/runner/.m2/repository/io/smallrye/beanbag/smallrye-beanbag-sisu/1.5.2/smallrye-beanbag-sisu-1.5.2.jar:/home/runner/.m2/repository/io/smallrye/beanbag/smallrye-beanbag/1.5.2/smallrye-beanbag-1.5.2.jar:/home/runner/.m2/repository/javax/inject/javax.inject/1/javax.inject-1.jar:/home/runner/.m2/repository/org/apache/maven/maven-artifact/3.9.9/maven-artifact-3.9.9.jar:/home/runner/.m2/repository/org/apache/maven/maven-builder-support/3.9.9/maven-builder-support-3.9.9.jar:/home/runner/.m2/repository/org/apache/maven/maven-model/3.9.9/maven-model-3.9.9.jar:/home/runner/.m2/repository/org/apache/maven/maven-model-builder/3.9.9/maven-model-builder-3.9.9.jar:/home/runner/.m2/repository/org/apache/maven/maven-repository-metadata/3.9.9/maven-repository-metadata-3.9.9.jar:/home/runner/.m2/repository/org/apache/maven/maven-settings/3.9.9/maven-settings-3.9.9.jar:/home/runner/.m2/repository/org/apache/maven/resolver/maven-resolver-api/1.9.22/maven-resolver-api-1.9.22.jar:/home/runner/.m2/repository/org/apache/maven/resolver/maven-resolver-impl/1.9.22/maven-resolver-impl-1.9.22.jar:/home/runner/.m2/repository/org/apache/maven/resolver/maven-resolver-named-locks/1.9.22/maven-resolver-named-locks-1.9.22.jar:/home/runner/.m2/repository/org/apache/maven/resolver/maven-resolver-spi/1.9.22/maven-resolver-spi-1.9.22.jar:/home/runner/.m2/repository/org/apache/maven/resolver/maven-resolver-util/1.9.22/maven-resolver-util-1.9.22.jar:/home/runner/.m2/repository/org/apache/maven/resolver/maven-resolver-transport-http/1.9.20/maven-resolver-transport-http-1.9.20.jar:/home/runner/.m2/repository/org/apache/maven/wagon/wagon-provider-api/3.5.3/wagon-provider-api-3.5.3.jar:/home/runner/.m2/repository/org/apache/maven/wagon/wagon-http-shared/3.5.3/wagon-http-shared-3.5.3.jar:/home/runner/.m2/repository/org/codehaus/plexus/plexus-interpolation/1.26/plexus-interpolation-1.26.jar:/home/runner/.m2/repository/org/codehaus/plexus/plexus-utils/3.5.1/plexus-utils-3.5.1.jar:/home/runner/.m2/repository/org/codehaus/plexus/plexus-xml/4.0.1/plexus-xml-4.0.1.jar:/home/runner/.m2/repository/org/apache/maven/maven-xml-impl/4.0.0-alpha-5/maven-xml-impl-4.0.0-alpha-5.jar:/home/runner/.m2/repository/org/apache/maven/maven-api-xml/4.0.0-alpha-5/maven-api-xml-4.0.0-alpha-5.jar:/home/runner/.m2/repository/org/apache/maven/maven-api-meta/4.0.0-alpha-5/maven-api-meta-4.0.0-alpha-5.jar:/home/runner/.m2/repository/org/codehaus/plexus/plexus-cipher/2.0/plexus-cipher-2.0.jar:/home/runner/.m2/repository/org/codehaus/plexus/plexus-sec-dispatcher/2.0/plexus-sec-dispatcher-2.0.jar:/home/runner/.m2/repository/org/apache/maven/maven-embedder/3.9.9/maven-embedder-3.9.9.jar:/home/runner/.m2/repository/org/apache/maven/maven-core/3.9.9/maven-core-3.9.9.jar:/home/runner/.m2/repository/org/codehaus/plexus/plexus-component-annotations/2.1.0/plexus-component-annotations-2.1.0.jar:/home/runner/.m2/repository/org/apache/maven/maven-plugin-api/3.9.9/maven-plugin-api-3.9.9.jar:/home/runner/.m2/repository/org/apache/maven/shared/maven-shared-utils/3.4.2/maven-shared-utils-3.4.2.jar:/home/runner/.m2/repository/com/google/inject/guice/5.1.0/guice-5.1.0.jar:/home/runner/.m2/repository/aopalliance/aopalliance/1.0/aopalliance-1.0.jar:/home/runner/.m2/repository/org/codehaus/plexus/plexus-classworlds/2.6.0/plexus-classworlds-2.6.0.jar:/home/runner/.m2/repository/commons-cli/commons-cli/1.8.0/commons-cli-1.8.0.jar:/home/runner/.m2/repository/org/eclipse/sisu/org.eclipse.sisu.plexus/0.9.0.M3/org.eclipse.sisu.plexus-0.9.0.M3.jar:/home/runner/.m2/repository/org/apache/maven/maven-settings-builder/3.9.9/maven-settings-builder-3.9.9.jar:/home/runner/.m2/repository/org/apache/maven/maven-resolver-provider/3.9.9/maven-resolver-provider-3.9.9.jar:/home/runner/.m2/repository/org/apache/maven/resolver/maven-resolver-connector-basic/1.9.22/maven-resolver-connector-basic-1.9.22.jar:/home/runner/.m2/repository/org/apache/maven/resolver/maven-resolver-transport-wagon/1.9.22/maven-resolver-transport-wagon-1.9.22.jar:/home/runner/.m2/repository/org/apache/maven/wagon/wagon-http/3.5.3/wagon-http-3.5.3.jar:/home/runner/.m2/repository/org/apache/maven/wagon/wagon-file/3.5.3/wagon-file-3.5.3.jar:/home/runner/.m2/repository/io/quarkus/quarkus-bootstrap-gradle-resolver/3.20.2/quarkus-bootstrap-gradle-resolver-3.20.2.jar:/home/runner/.m2/repository/io/smallrye/jandex/3.3.0/jandex-3.3.0.jar:/home/runner/.m2/repository/org/jboss/logging/commons-logging-jboss-logging/1.0.0.Final/commons-logging-jboss-logging-1.0.0.Final.jar:/home/runner/.m2/repository/io/quarkus/quarkus-junit5-config/3.20.2/quarkus-junit5-config-3.20.2.jar:/home/runner/.m2/repository/org/junit/jupiter/junit-jupiter-api/5.12.1/junit-jupiter-api-5.12.1.jar:/home/runner/.m2/repository/io/smallrye/config/smallrye-config/3.11.4/smallrye-config-3.11.4.jar:/home/runner/.m2/repository/io/smallrye/config/smallrye-config-core/3.11.4/smallrye-config-core-3.11.4.jar:/home/runner/.m2/repository/io/smallrye/common/smallrye-common-classloader/2.12.0/smallrye-common-classloader-2.12.0.jar:/home/runner/.m2/repository/io/smallrye/config/smallrye-config-common/3.11.4/smallrye-config-common-3.11.4.jar:/home/runner/.m2/repository/org/junit/jupiter/junit-jupiter/5.12.1/junit-jupiter-5.12.1.jar:/home/runner/.m2/repository/org/junit/jupiter/junit-jupiter-params/5.12.1/junit-jupiter-params-5.12.1.jar:/home/runner/.m2/repository/org/junit/jupiter/junit-jupiter-engine/5.12.1/junit-jupiter-engine-5.12.1.jar:/home/runner/.m2/repository/io/quarkus/quarkus-core/3.20.2/quarkus-core-3.20.2.jar:/home/runner/.m2/repository/jakarta/enterprise/jakarta.enterprise.cdi-api/4.1.0/jakarta.enterprise.cdi-api-4.1.0.jar:/home/runner/.m2/repository/jakarta/enterprise/jakarta.enterprise.lang-model/4.1.0/jakarta.enterprise.lang-model-4.1.0.jar:/home/runner/.m2/repository/jakarta/el/jakarta.el-api/5.0.1/jakarta.el-api-5.0.1.jar:/home/runner/.m2/repository/jakarta/interceptor/jakarta.interceptor-api/2.2.0/jakarta.interceptor-api-2.2.0.jar:/home/runner/.m2/repository/jakarta/inject/jakarta.inject-api/2.0.1/jakarta.inject-api-2.0.1.jar:/home/runner/.m2/repository/io/smallrye/common/smallrye-common-os/2.12.0/smallrye-common-os-2.12.0.jar:/home/runner/.m2/repository/io/quarkus/quarkus-ide-launcher/3.20.2/quarkus-ide-launcher-3.20.2.jar:/home/runner/.m2/repository/io/quarkus/quarkus-development-mode-spi/3.20.2/quarkus-development-mode-spi-3.20.2.jar:/home/runner/.m2/repository/org/jboss/logging/jboss-logging/3.6.1.Final/jboss-logging-3.6.1.Final.jar:/home/runner/.m2/repository/org/jboss/logmanager/jboss-logmanager/3.1.2.Final/jboss-logmanager-3.1.2.Final.jar:/home/runner/.m2/repository/io/smallrye/common/smallrye-common-constraint/2.12.0/smallrye-common-constraint-2.12.0.jar:/home/runner/.m2/repository/io/smallrye/common/smallrye-common-cpu/2.12.0/smallrye-common-cpu-2.12.0.jar:/home/runner/.m2/repository/io/smallrye/common/smallrye-common-expression/2.12.0/smallrye-common-expression-2.12.0.jar:/home/runner/.m2/repository/io/smallrye/common/smallrye-common-net/2.12.0/smallrye-common-net-2.12.0.jar:/home/runner/.m2/repository/io/smallrye/common/smallrye-common-ref/2.12.0/smallrye-common-ref-2.12.0.jar:/home/runner/.m2/repository/jakarta/json/jakarta.json-api/2.1.3/jakarta.json-api-2.1.3.jar:/home/runner/.m2/repository/org/eclipse/parsson/parsson/1.1.7/parsson-1.1.7.jar:/home/runner/.m2/repository/org/jboss/logging/jboss-logging-annotations/3.0.4.Final/jboss-logging-annotations-3.0.4.Final.jar:/home/runner/.m2/repository/org/jboss/threads/jboss-threads/3.8.0.Final/jboss-threads-3.8.0.Final.jar:/home/runner/.m2/repository/io/smallrye/common/smallrye-common-annotation/2.12.0/smallrye-common-annotation-2.12.0.jar:/home/runner/.m2/repository/io/smallrye/common/smallrye-common-function/2.12.0/smallrye-common-function-2.12.0.jar:/home/runner/.m2/repository/org/jboss/slf4j/slf4j-jboss-logmanager/2.0.0.Final/slf4j-jboss-logmanager-2.0.0.Final.jar:/home/runner/.m2/repository/org/wildfly/common/wildfly-common/2.0.1/wildfly-common-2.0.1.jar:/home/runner/.m2/repository/io/quarkus/quarkus-bootstrap-runner/3.20.2/quarkus-bootstrap-runner-3.20.2.jar:/home/runner/.m2/repository/io/github/crac/org-crac/0.1.3/org-crac-0.1.3.jar:/home/runner/.m2/repository/io/quarkus/quarkus-fs-util/0.0.10/quarkus-fs-util-0.0.10.jar:/home/runner/.m2/repository/org/jboss/marshalling/jboss-marshalling/2.2.2.Final/jboss-marshalling-2.2.2.Final.jar:/home/runner/.m2/repository/io/fabric8/kubernetes-client/7.1.0/kubernetes-client-7.1.0.jar:/home/runner/.m2/repository/io/fabric8/kubernetes-client-api/7.1.0/kubernetes-client-api-7.1.0.jar:/home/runner/.m2/repository/io/fabric8/kubernetes-model-core/7.1.0/kubernetes-model-core-7.1.0.jar:/home/runner/.m2/repository/io/fabric8/kubernetes-model-common/7.1.0/kubernetes-model-common-7.1.0.jar:/home/runner/.m2/repository/javax/annotation/javax.annotation-api/1.3.2/javax.annotation-api-1.3.2.jar:/home/runner/.m2/repository/io/fabric8/kubernetes-model-gatewayapi/7.1.0/kubernetes-model-gatewayapi-7.1.0.jar:/home/runner/.m2/repository/io/fabric8/kubernetes-model-resource/7.1.0/kubernetes-model-resource-7.1.0.jar:/home/runner/.m2/repository/io/fabric8/kubernetes-model-rbac/7.1.0/kubernetes-model-rbac-7.1.0.jar:/home/runner/.m2/repository/io/fabric8/kubernetes-model-admissionregistration/7.1.0/kubernetes-model-admissionregistration-7.1.0.jar:/home/runner/.m2/repository/io/fabric8/kubernetes-model-apps/7.1.0/kubernetes-model-apps-7.1.0.jar:/home/runner/.m2/repository/io/fabric8/kubernetes-model-autoscaling/7.1.0/kubernetes-model-autoscaling-7.1.0.jar:/home/runner/.m2/repository/io/fabric8/kubernetes-model-apiextensions/7.1.0/kubernetes-model-apiextensions-7.1.0.jar:/home/runner/.m2/repository/io/fabric8/kubernetes-model-batch/7.1.0/kubernetes-model-batch-7.1.0.jar:/home/runner/.m2/repository/io/fabric8/kubernetes-model-certificates/7.1.0/kubernetes-model-certificates-7.1.0.jar:/home/runner/.m2/repository/io/fabric8/kubernetes-model-coordination/7.1.0/kubernetes-model-coordination-7.1.0.jar:/home/runner/.m2/repository/io/fabric8/kubernetes-model-discovery/7.1.0/kubernetes-model-discovery-7.1.0.jar:/home/runner/.m2/repository/io/fabric8/kubernetes-model-events/7.1.0/kubernetes-model-events-7.1.0.jar:/home/runner/.m2/repository/io/fabric8/kubernetes-model-extensions/7.1.0/kubernetes-model-extensions-7.1.0.jar:/home/runner/.m2/repository/io/fabric8/kubernetes-model-flowcontrol/7.1.0/kubernetes-model-flowcontrol-7.1.0.jar:/home/runner/.m2/repository/io/fabric8/kubernetes-model-networking/7.1.0/kubernetes-model-networking-7.1.0.jar:/home/runner/.m2/repository/io/fabric8/kubernetes-model-metrics/7.1.0/kubernetes-model-metrics-7.1.0.jar:/home/runner/.m2/repository/io/fabric8/kubernetes-model-policy/7.1.0/kubernetes-model-policy-7.1.0.jar:/home/runner/.m2/repository/io/fabric8/kubernetes-model-scheduling/7.1.0/kubernetes-model-scheduling-7.1.0.jar:/home/runner/.m2/repository/io/fabric8/kubernetes-model-storageclass/7.1.0/kubernetes-model-storageclass-7.1.0.jar:/home/runner/.m2/repository/io/fabric8/kubernetes-model-node/7.1.0/kubernetes-model-node-7.1.0.jar:/home/runner/.m2/repository/org/snakeyaml/snakeyaml-engine/2.9/snakeyaml-engine-2.9.jar:/home/runner/.m2/repository/com/fasterxml/jackson/dataformat/jackson-dataformat-yaml/2.18.2/jackson-dataformat-yaml-2.18.2.jar:/home/runner/.m2/repository/com/fasterxml/jackson/datatype/jackson-datatype-jsr310/2.18.2/jackson-datatype-jsr310-2.18.2.jar:/home/runner/.m2/repository/io/fabric8/zjsonpatch/7.1.0/zjsonpatch-7.1.0.jar:/home/runner/.m2/repository/io/fabric8/kubernetes-httpclient-vertx/7.1.0/kubernetes-httpclient-vertx-7.1.0.jar:/home/runner/.m2/repository/io/vertx/vertx-web-client/4.5.16/vertx-web-client-4.5.16.jar:/home/runner/.m2/repository/io/vertx/vertx-web-common/4.5.16/vertx-web-common-4.5.16.jar:/home/runner/.m2/repository/io/vertx/vertx-auth-common/4.5.16/vertx-auth-common-4.5.16.jar:/home/runner/.m2/repository/io/vertx/vertx-uri-template/4.5.16/vertx-uri-template-4.5.16.jar:/home/runner/.m2/repository/io/fabric8/openshift-client/7.1.0/openshift-client-7.1.0.jar:/home/runner/.m2/repository/io/fabric8/openshift-client-api/7.1.0/openshift-client-api-7.1.0.jar:/home/runner/.m2/repository/io/fabric8/openshift-model/7.1.0/openshift-model-7.1.0.jar:/home/runner/.m2/repository/io/fabric8/openshift-model-autoscaling/7.1.0/openshift-model-autoscaling-7.1.0.jar:/home/runner/.m2/repository/io/fabric8/openshift-model-operator/7.1.0/openshift-model-operator-7.1.0.jar:/home/runner/.m2/repository/io/fabric8/openshift-model-operatorhub/7.1.0/openshift-model-operatorhub-7.1.0.jar:/home/runner/.m2/repository/io/fabric8/openshift-model-machine/7.1.0/openshift-model-machine-7.1.0.jar:/home/runner/.m2/repository/io/fabric8/openshift-model-whereabouts/7.1.0/openshift-model-whereabouts-7.1.0.jar:/home/runner/.m2/repository/io/fabric8/openshift-model-monitoring/7.1.0/openshift-model-monitoring-7.1.0.jar:/home/runner/.m2/repository/io/fabric8/openshift-model-storageversionmigrator/7.1.0/openshift-model-storageversionmigrator-7.1.0.jar:/home/runner/.m2/repository/io/fabric8/openshift-model-tuned/7.1.0/openshift-model-tuned-7.1.0.jar:/home/runner/.m2/repository/io/fabric8/openshift-model-console/7.1.0/openshift-model-console-7.1.0.jar:/home/runner/.m2/repository/io/fabric8/openshift-model-config/7.1.0/openshift-model-config-7.1.0.jar:/home/runner/.m2/repository/io/fabric8/openshift-model-machineconfiguration/7.1.0/openshift-model-machineconfiguration-7.1.0.jar:/home/runner/.m2/repository/io/fabric8/openshift-model-miscellaneous/7.1.0/openshift-model-miscellaneous-7.1.0.jar:/home/runner/.m2/repository/io/fabric8/openshift-model-hive/7.1.0/openshift-model-hive-7.1.0.jar:/home/runner/.m2/repository/io/fabric8/openshift-model-installer/7.1.0/openshift-model-installer-7.1.0.jar:/home/runner/.m2/repository/org/junit/platform/junit-platform-launcher/1.12.1/junit-platform-launcher-1.12.1.jar:/home/runner/.m2/repository/org/junit/platform/junit-platform-engine/1.12.1/junit-platform-engine-1.12.1.jar:/home/runner/.m2/repository/org/opentest4j/opentest4j/1.3.0/opentest4j-1.3.0.jar:/home/runner/.m2/repository/org/junit/platform/junit-platform-commons/1.12.1/junit-platform-commons-1.12.1.jar:/home/runner/.m2/repository/org/apiguardian/apiguardian-api/1.1.2/apiguardian-api-1.1.2.jar:/home/runner/.m2/repository/jakarta/ws/rs/jakarta.ws.rs-api/3.1.0/jakarta.ws.rs-api-3.1.0.jar:/home/runner/work/apicurio-testing/apicurio-testing/clusters/ci419/namespaces/ksql047/tests/integration/apicurio-registry/java-sdk/target/apicurio-registry-java-sdk-3.0.12-SNAPSHOT.jar:/home/runner/.m2/repository/com/microsoft/kiota/microsoft-kiota-abstractions/1.8.8/microsoft-kiota-abstractions-1.8.8.jar:/home/runner/.m2/repository/io/github/std-uritemplate/std-uritemplate/2.0.0/std-uritemplate-2.0.0.jar:/home/runner/.m2/repository/io/kiota/kiota-http-jdk/0.0.29/kiota-http-jdk-0.0.29.jar:/home/runner/.m2/repository/io/kiota/kiota-http-vertx/0.0.29/kiota-http-vertx-0.0.29.jar:/home/runner/.m2/repository/io/kiota/kiota-serialization-jackson/0.0.29/kiota-serialization-jackson-0.0.29.jar:/home/runner/.m2/repository/com/microsoft/kiota/microsoft-kiota-serialization-text/1.8.8/microsoft-kiota-serialization-text-1.8.8.jar:/home/runner/.m2/repository/com/microsoft/kiota/microsoft-kiota-serialization-form/1.8.8/microsoft-kiota-serialization-form-1.8.8.jar:/home/runner/.m2/repository/com/microsoft/kiota/microsoft-kiota-serialization-multipart/1.8.8/microsoft-kiota-serialization-multipart-1.8.8.jar:/home/runner/.m2/repository/jakarta/annotation/jakarta.annotation-api/3.0.0/jakarta.annotation-api-3.0.0.jar:/home/runner/.m2/repository/io/vertx/vertx-auth-oauth2/4.5.16/vertx-auth-oauth2-4.5.16.jar:/home/runner/work/apicurio-testing/apicurio-testing/clusters/ci419/namespaces/ksql047/tests/integration/apicurio-registry/java-sdk-v2/target/apicurio-registry-v2-java-sdk-3.0.12-SNAPSHOT.jar:/home/runner/work/apicurio-testing/apicurio-testing/clusters/ci419/namespaces/ksql047/tests/integration/apicurio-registry/utils/kafka/target/apicurio-registry-utils-kafka-3.0.12-SNAPSHOT-tests.jar:/home/runner/.m2/repository/org/eclipse/microprofile/config/microprofile-config-api/3.1/microprofile-config-api-3.1.jar:/home/runner/.m2/repository/org/apache/kafka/kafka-clients/3.9.1/kafka-clients-3.9.1.jar:/home/runner/.m2/repository/com/github/luben/zstd-jni/1.5.6-4/zstd-jni-1.5.6-4.jar:/home/runner/.m2/repository/org/lz4/lz4-java/1.8.0/lz4-java-1.8.0.jar:/home/runner/.m2/repository/org/xerial/snappy/snappy-java/1.1.10.5/snappy-java-1.1.10.5.jar:/home/runner/.m2/repository/org/slf4j/slf4j-api/2.0.6/slf4j-api-2.0.6.jar:/home/runner/work/apicurio-testing/apicurio-testing/clusters/ci419/namespaces/ksql047/tests/integration/apicurio-registry/utils/tests/target/apicurio-registry-utils-tests-3.0.12-SNAPSHOT.jar:/home/runner/work/apicurio-testing/apicurio-testing/clusters/ci419/namespaces/ksql047/tests/integration/apicurio-registry/common/target/apicurio-registry-common-3.0.12-SNAPSHOT.jar:/home/runner/.m2/repository/jakarta/validation/jakarta.validation-api/3.0.2/jakarta.validation-api-3.0.2.jar:/home/runner/.m2/repository/com/github/dasniko/testcontainers-keycloak/3.8.0/testcontainers-keycloak-3.8.0.jar:/home/runner/.m2/repository/org/testcontainers/testcontainers/1.20.6/testcontainers-1.20.6.jar:/home/runner/.m2/repository/org/rnorth/duct-tape/duct-tape/1.0.8/duct-tape-1.0.8.jar:/home/runner/.m2/repository/com/github/docker-java/docker-java-transport-zerodep/3.4.1/docker-java-transport-zerodep-3.4.1.jar:/home/runner/.m2/repository/com/github/docker-java/docker-java-transport/3.4.1/docker-java-transport-3.4.1.jar:/home/runner/.m2/repository/net/java/dev/jna/jna/5.8.0/jna-5.8.0.jar:/home/runner/.m2/repository/io/quarkus/quarkus-junit4-mock/3.20.2/quarkus-junit4-mock-3.20.2.jar:/home/runner/.m2/repository/org/jboss/shrinkwrap/shrinkwrap-api/2.0.0-beta-2/shrinkwrap-api-2.0.0-beta-2.jar:/home/runner/.m2/repository/org/jboss/shrinkwrap/shrinkwrap-impl-base/2.0.0-beta-2/shrinkwrap-impl-base-2.0.0-beta-2.jar:/home/runner/.m2/repository/org/jboss/shrinkwrap/shrinkwrap-spi/2.0.0-beta-2/shrinkwrap-spi-2.0.0-beta-2.jar:/home/runner/.m2/repository/org/keycloak/keycloak-admin-client/26.0.4/keycloak-admin-client-26.0.4.jar:/home/runner/.m2/repository/org/keycloak/keycloak-client-common-synced/26.0.4/keycloak-client-common-synced-26.0.4.jar:/home/runner/.m2/repository/jakarta/activation/jakarta.activation-api/2.1.3/jakarta.activation-api-2.1.3.jar:/home/runner/.m2/repository/org/eclipse/microprofile/openapi/microprofile-openapi-api/4.0.2/microprofile-openapi-api-4.0.2.jar:/home/runner/.m2/repository/org/jboss/resteasy/resteasy-client/6.2.12.Final/resteasy-client-6.2.12.Final.jar:/home/runner/.m2/repository/org/jboss/resteasy/resteasy-client-api/6.2.12.Final/resteasy-client-api-6.2.12.Final.jar:/home/runner/.m2/repository/org/jboss/resteasy/resteasy-core-spi/6.2.12.Final/resteasy-core-spi-6.2.12.Final.jar:/home/runner/.m2/repository/org/jboss/resteasy/resteasy-core/6.2.12.Final/resteasy-core-6.2.12.Final.jar:/home/runner/.m2/repository/org/eclipse/angus/angus-activation/2.0.2/angus-activation-2.0.2.jar:/home/runner/.m2/repository/com/ibm/async/asyncutil/0.1.0/asyncutil-0.1.0.jar:/home/runner/.m2/repository/org/reactivestreams/reactive-streams/1.0.4/reactive-streams-1.0.4.jar:/home/runner/.m2/repository/org/jboss/resteasy/resteasy-multipart-provider/6.2.12.Final/resteasy-multipart-provider-6.2.12.Final.jar:/home/runner/.m2/repository/jakarta/mail/jakarta.mail-api/2.1.3/jakarta.mail-api-2.1.3.jar:/home/runner/.m2/repository/org/eclipse/angus/angus-mail/2.0.3/angus-mail-2.0.3.jar:/home/runner/.m2/repository/org/apache/james/apache-mime4j-dom/0.8.12/apache-mime4j-dom-0.8.12.jar:/home/runner/.m2/repository/org/apache/james/apache-mime4j-core/0.8.12/apache-mime4j-core-0.8.12.jar:/home/runner/.m2/repository/org/apache/james/apache-mime4j-storage/0.8.12/apache-mime4j-storage-0.8.12.jar:/home/runner/.m2/repository/org/jboss/resteasy/resteasy-jackson2-provider/6.2.12.Final/resteasy-jackson2-provider-6.2.12.Final.jar:/home/runner/.m2/repository/com/fasterxml/jackson/jakarta/rs/jackson-jakarta-rs-base/2.18.2/jackson-jakarta-rs-base-2.18.2.jar:/home/runner/.m2/repository/com/fasterxml/jackson/jakarta/rs/jackson-jakarta-rs-json-provider/2.18.2/jackson-jakarta-rs-json-provider-2.18.2.jar:/home/runner/.m2/repository/com/fasterxml/jackson/module/jackson-module-jakarta-xmlbind-annotations/2.18.2/jackson-module-jakarta-xmlbind-annotations-2.18.2.jar:/home/runner/.m2/repository/com/github/java-json-tools/json-patch/1.13/json-patch-1.13.jar:/home/runner/.m2/repository/com/github/java-json-tools/msg-simple/1.2/msg-simple-1.2.jar:/home/runner/.m2/repository/com/github/java-json-tools/btf/1.3/btf-1.3.jar:/home/runner/.m2/repository/com/github/java-json-tools/jackson-coreutils/2.0/jackson-coreutils-2.0.jar:/home/runner/.m2/repository/org/jboss/resteasy/resteasy-jaxb-provider/6.2.12.Final/resteasy-jaxb-provider-6.2.12.Final.jar:/home/runner/.m2/repository/org/glassfish/jaxb/codemodel/4.0.5/codemodel-4.0.5.jar:/home/runner/.m2/repository/org/glassfish/jaxb/jaxb-core/4.0.5/jaxb-core-4.0.5.jar:/home/runner/.m2/repository/org/glassfish/jaxb/jaxb-jxc/4.0.5/jaxb-jxc-4.0.5.jar:/home/runner/.m2/repository/org/glassfish/jaxb/jaxb-runtime/4.0.5/jaxb-runtime-4.0.5.jar:/home/runner/.m2/repository/org/glassfish/jaxb/txw2/4.0.5/txw2-4.0.5.jar:/home/runner/.m2/repository/org/glassfish/jaxb/jaxb-xjc/4.0.5/jaxb-xjc-4.0.5.jar:/home/runner/.m2/repository/org/glassfish/jaxb/xsom/4.0.5/xsom-4.0.5.jar:/home/runner/.m2/repository/com/sun/istack/istack-commons-runtime/4.1.2/istack-commons-runtime-4.1.2.jar:/home/runner/.m2/repository/com/sun/istack/istack-commons-tools/4.1.2/istack-commons-tools-4.1.2.jar:/home/runner/.m2/repository/com/sun/xml/bind/external/relaxng-datatype/4.0.5/relaxng-datatype-4.0.5.jar:/home/runner/.m2/repository/com/sun/xml/bind/external/rngom/4.0.5/rngom-4.0.5.jar:/home/runner/.m2/repository/org/testcontainers/mssqlserver/1.20.6/mssqlserver-1.20.6.jar:/home/runner/.m2/repository/org/testcontainers/jdbc/1.20.6/jdbc-1.20.6.jar:/home/runner/.m2/repository/org/testcontainers/database-commons/1.20.6/database-commons-1.20.6.jar:/home/runner/.m2/repository/org/testcontainers/mysql/1.20.6/mysql-1.20.6.jar:/home/runner/.m2/repository/io/strimzi/strimzi-test-container/0.111.0/strimzi-test-container-0.111.0.jar:/home/runner/.m2/repository/org/testcontainers/toxiproxy/1.20.6/toxiproxy-1.20.6.jar:/home/runner/.m2/repository/com/github/docker-java/docker-java-api/3.4.1/docker-java-api-3.4.1.jar:/home/runner/.m2/repository/org/apache/logging/log4j/log4j-slf4j-impl/2.19.0/log4j-slf4j-impl-2.19.0.jar:/home/runner/.m2/repository/org/apache/logging/log4j/log4j-api/2.24.3/log4j-api-2.24.3.jar:/home/runner/.m2/repository/org/apache/logging/log4j/log4j-core/2.19.0/log4j-core-2.19.0.jar:/home/runner/.m2/repository/eu/rekawek/toxiproxy/toxiproxy-java/2.1.7/toxiproxy-java-2.1.7.jar:/home/runner/.m2/repository/org/testcontainers/pulsar/1.21.3/pulsar-1.21.3.jar:/home/runner/.m2/repository/io/debezium/debezium-testing-testcontainers/2.7.4.Final/debezium-testing-testcontainers-2.7.4.Final.jar:/home/runner/.m2/repository/org/testcontainers/kafka/1.20.6/kafka-1.20.6.jar:/home/runner/.m2/repository/com/squareup/okhttp3/okhttp/4.8.1/okhttp-4.8.1.jar:/home/runner/.m2/repository/com/squareup/okio/okio/3.10.2/okio-3.10.2.jar:/home/runner/.m2/repository/com/squareup/okio/okio-jvm/3.10.2/okio-jvm-3.10.2.jar:/home/runner/.m2/repository/org/jetbrains/kotlin/kotlin-stdlib/2.0.21/kotlin-stdlib-2.0.21.jar:/home/runner/.m2/repository/org/awaitility/awaitility/4.3.0/awaitility-4.3.0.jar:/home/runner/.m2/repository/org/testcontainers/mongodb/1.20.6/mongodb-1.20.6.jar:/home/runner/.m2/repository/org/testcontainers/mariadb/1.20.6/mariadb-1.20.6.jar:/home/runner/.m2/repository/org/testcontainers/oracle-xe/1.20.6/oracle-xe-1.20.6.jar:/home/runner/.m2/repository/org/testcontainers/postgresql/1.20.6/postgresql-1.20.6.jar:/home/runner/.m2/repository/org/wiremock/wiremock/3.0.1/wiremock-3.0.1.jar:/home/runner/.m2/repository/org/eclipse/jetty/jetty-server/11.0.15/jetty-server-11.0.15.jar:/home/runner/.m2/repository/org/eclipse/jetty/toolchain/jetty-jakarta-servlet-api/5.0.2/jetty-jakarta-servlet-api-5.0.2.jar:/home/runner/.m2/repository/org/eclipse/jetty/jetty-http/11.0.15/jetty-http-11.0.15.jar:/home/runner/.m2/repository/org/eclipse/jetty/jetty-io/11.0.15/jetty-io-11.0.15.jar:/home/runner/.m2/repository/org/eclipse/jetty/jetty-servlet/11.0.15/jetty-servlet-11.0.15.jar:/home/runner/.m2/repository/org/eclipse/jetty/jetty-security/11.0.15/jetty-security-11.0.15.jar:/home/runner/.m2/repository/org/eclipse/jetty/jetty-servlets/11.0.15/jetty-servlets-11.0.15.jar:/home/runner/.m2/repository/org/eclipse/jetty/jetty-util/11.0.15/jetty-util-11.0.15.jar:/home/runner/.m2/repository/org/eclipse/jetty/jetty-webapp/11.0.15/jetty-webapp-11.0.15.jar:/home/runner/.m2/repository/org/eclipse/jetty/jetty-xml/11.0.15/jetty-xml-11.0.15.jar:/home/runner/.m2/repository/org/eclipse/jetty/jetty-proxy/11.0.15/jetty-proxy-11.0.15.jar:/home/runner/.m2/repository/org/eclipse/jetty/jetty-client/11.0.15/jetty-client-11.0.15.jar:/home/runner/.m2/repository/org/eclipse/jetty/http2/http2-server/11.0.15/http2-server-11.0.15.jar:/home/runner/.m2/repository/org/eclipse/jetty/http2/http2-common/11.0.15/http2-common-11.0.15.jar:/home/runner/.m2/repository/org/eclipse/jetty/http2/http2-hpack/11.0.15/http2-hpack-11.0.15.jar:/home/runner/.m2/repository/org/eclipse/jetty/jetty-alpn-server/11.0.15/jetty-alpn-server-11.0.15.jar:/home/runner/.m2/repository/org/eclipse/jetty/jetty-alpn-java-server/11.0.15/jetty-alpn-java-server-11.0.15.jar:/home/runner/.m2/repository/org/eclipse/jetty/jetty-alpn-java-client/11.0.15/jetty-alpn-java-client-11.0.15.jar:/home/runner/.m2/repository/org/eclipse/jetty/jetty-alpn-client/11.0.15/jetty-alpn-client-11.0.15.jar:/home/runner/.m2/repository/org/apache/httpcomponents/client5/httpclient5/5.2.1/httpclient5-5.2.1.jar:/home/runner/.m2/repository/org/apache/httpcomponents/core5/httpcore5/5.2/httpcore5-5.2.jar:/home/runner/.m2/repository/org/apache/httpcomponents/core5/httpcore5-h2/5.2/httpcore5-h2-5.2.jar:/home/runner/.m2/repository/org/xmlunit/xmlunit-core/2.9.1/xmlunit-core-2.9.1.jar:/home/runner/.m2/repository/jakarta/xml/bind/jakarta.xml.bind-api/4.0.2/jakarta.xml.bind-api-4.0.2.jar:/home/runner/.m2/repository/org/xmlunit/xmlunit-legacy/2.9.1/xmlunit-legacy-2.9.1.jar:/home/runner/.m2/repository/org/xmlunit/xmlunit-placeholders/2.9.1/xmlunit-placeholders-2.9.1.jar:/home/runner/.m2/repository/net/javacrumbs/json-unit/json-unit-core/2.38.0/json-unit-core-2.38.0.jar:/home/runner/.m2/repository/org/hamcrest/hamcrest-core/2.2/hamcrest-core-2.2.jar:/home/runner/.m2/repository/com/jayway/jsonpath/json-path/2.8.0/json-path-2.8.0.jar:/home/runner/.m2/repository/net/minidev/json-smart/2.4.10/json-smart-2.4.10.jar:/home/runner/.m2/repository/net/minidev/accessors-smart/2.4.9/accessors-smart-2.4.9.jar:/home/runner/.m2/repository/org/ow2/asm/asm/9.7.1/asm-9.7.1.jar:/home/runner/.m2/repository/net/sf/jopt-simple/jopt-simple/5.0.4/jopt-simple-5.0.4.jar:/home/runner/.m2/repository/com/github/jknack/handlebars/4.3.1/handlebars-4.3.1.jar:/home/runner/.m2/repository/com/github/jknack/handlebars-helpers/4.3.1/handlebars-helpers-4.3.1.jar:/home/runner/.m2/repository/commons-fileupload/commons-fileupload/1.5/commons-fileupload-1.5.jar:/home/runner/.m2/repository/com/networknt/json-schema-validator/1.5.8/json-schema-validator-1.5.8.jar:/home/runner/.m2/repository/com/ethlo/time/itu/1.10.3/itu-1.10.3.jar:/home/runner/.m2/repository/io/quarkus/quarkus-smallrye-jwt-build/3.20.2/quarkus-smallrye-jwt-build-3.20.2.jar:/home/runner/.m2/repository/io/smallrye/smallrye-jwt-build/4.6.2/smallrye-jwt-build-4.6.2.jar:/home/runner/.m2/repository/org/eclipse/microprofile/jwt/microprofile-jwt-auth-api/2.1/microprofile-jwt-auth-api-2.1.jar:/home/runner/.m2/repository/org/bitbucket/b_c/jose4j/0.9.6/jose4j-0.9.6.jar:/home/runner/.m2/repository/io/smallrye/smallrye-jwt-common/4.6.2/smallrye-jwt-common-4.6.2.jar:/home/runner/.m2/repository/io/quarkus/quarkus-jsonp/3.20.2/quarkus-jsonp-3.20.2.jar:/home/runner/.m2/repository/io/quarkus/quarkus-arc/3.20.2/quarkus-arc-3.20.2.jar:/home/runner/.m2/repository/io/quarkus/arc/arc/3.20.2/arc-3.20.2.jar:/home/runner/.m2/repository/jakarta/transaction/jakarta.transaction-api/2.0.1/jakarta.transaction-api-2.0.1.jar:/home/runner/.m2/repository/io/smallrye/reactive/mutiny/2.9.2/mutiny-2.9.2.jar:/home/runner/.m2/repository/org/jctools/jctools-core/4.0.5/jctools-core-4.0.5.jar:/home/runner/.m2/repository/org/eclipse/microprofile/context-propagation/microprofile-context-propagation-api/1.3/microprofile-context-propagation-api-1.3.jar:/home/runner/.m2/repository/io/apicurio/apicurio-common-rest-client-common/0.1.18.Final/apicurio-common-rest-client-common-0.1.18.Final.jar:/home/runner/work/apicurio-testing/apicurio-testing/clusters/ci419/namespaces/ksql047/tests/integration/apicurio-registry/utils/maven-plugin/target/apicurio-registry-maven-plugin-3.0.12-SNAPSHOT.jar:/home/runner/.m2/repository/com/fasterxml/jackson/core/jackson-databind/2.18.2/jackson-databind-2.18.2.jar:/home/runner/.m2/repository/org/apache/avro/avro/1.12.0/avro-1.12.0.jar:/home/runner/.m2/repository/com/google/protobuf/protobuf-java/4.31.1/protobuf-java-4.31.1.jar:/home/runner/.m2/repository/com/google/protobuf/protobuf-java-util/4.31.1/protobuf-java-util-4.31.1.jar:/home/runner/.m2/repository/com/google/code/findbugs/jsr305/3.0.2/jsr305-3.0.2.jar:/home/runner/.m2/repository/com/google/code/gson/gson/2.12.1/gson-2.12.1.jar:/home/runner/.m2/repository/com/google/errorprone/error_prone_annotations/2.36.0/error_prone_annotations-2.36.0.jar:/home/runner/.m2/repository/com/google/j2objc/j2objc-annotations/2.8/j2objc-annotations-2.8.jar:/home/runner/work/apicurio-testing/apicurio-testing/clusters/ci419/namespaces/ksql047/tests/integration/apicurio-registry/schema-util/util-provider/target/apicurio-registry-schema-util-provider-3.0.12-SNAPSHOT.jar:/home/runner/work/apicurio-testing/apicurio-testing/clusters/ci419/namespaces/ksql047/tests/integration/apicurio-registry/schema-util/common/target/apicurio-registry-schema-util-common-3.0.12-SNAPSHOT.jar:/home/runner/.m2/repository/com/fasterxml/jackson/module/jackson-module-parameter-names/2.18.2/jackson-module-parameter-names-2.18.2.jar:/home/runner/.m2/repository/com/fasterxml/jackson/datatype/jackson-datatype-json-org/2.18.2/jackson-datatype-json-org-2.18.2.jar:/home/runner/work/apicurio-testing/apicurio-testing/clusters/ci419/namespaces/ksql047/tests/integration/apicurio-registry/schema-util/json/target/apicurio-registry-schema-util-json-3.0.12-SNAPSHOT.jar:/home/runner/.m2/repository/com/github/erosb/everit-json-schema/1.14.5/everit-json-schema-1.14.5.jar:/home/runner/.m2/repository/commons-validator/commons-validator/1.9.0/commons-validator-1.9.0.jar:/home/runner/.m2/repository/commons-digester/commons-digester/2.1/commons-digester-2.1.jar:/home/runner/.m2/repository/commons-collections/commons-collections/3.2.2/commons-collections-3.2.2.jar:/home/runner/.m2/repository/com/damnhandy/handy-uri-templates/2.1.8/handy-uri-templates-2.1.8.jar:/home/runner/.m2/repository/joda-time/joda-time/2.10.2/joda-time-2.10.2.jar:/home/runner/.m2/repository/com/github/erosb/json-sKema/0.20.0/json-sKema-0.20.0.jar:/home/runner/.m2/repository/io/vertx/vertx-json-schema/4.5.16/vertx-json-schema-4.5.16.jar:/home/runner/work/apicurio-testing/apicurio-testing/clusters/ci419/namespaces/ksql047/tests/integration/apicurio-registry/schema-util/protobuf/target/apicurio-registry-schema-util-protobuf-3.0.12-SNAPSHOT.jar:/home/runner/work/apicurio-testing/apicurio-testing/clusters/ci419/namespaces/ksql047/tests/integration/apicurio-registry/utils/protobuf-schema-utilities/target/apicurio-registry-protobuf-schema-utilities-3.0.12-SNAPSHOT.jar:/home/runner/.m2/repository/com/google/api/grpc/proto-google-common-protos/2.52.0/proto-google-common-protos-2.52.0.jar:/home/runner/.m2/repository/com/squareup/wire/wire-schema-jvm/5.3.3/wire-schema-jvm-5.3.3.jar:/home/runner/.m2/repository/com/palantir/javapoet/javapoet/0.6.0/javapoet-0.6.0.jar:/home/runner/.m2/repository/com/squareup/kotlinpoet-jvm/2.0.0/kotlinpoet-jvm-2.0.0.jar:/home/runner/.m2/repository/org/jetbrains/kotlin/kotlin-reflect/2.0.21/kotlin-reflect-2.0.21.jar:/home/runner/.m2/repository/com/squareup/wire/wire-runtime-jvm/5.3.3/wire-runtime-jvm-5.3.3.jar:/home/runner/.m2/repository/com/ibm/icu/icu4j/76.1/icu4j-76.1.jar:/home/runner/.m2/repository/com/squareup/okio/okio-fakefilesystem/3.10.2/okio-fakefilesystem-3.10.2.jar:/home/runner/.m2/repository/com/squareup/okio/okio-fakefilesystem-jvm/3.10.2/okio-fakefilesystem-jvm-3.10.2.jar:/home/runner/.m2/repository/org/jetbrains/kotlinx/kotlinx-datetime-jvm/0.6.1/kotlinx-datetime-jvm-0.6.1.jar:/home/runner/work/apicurio-testing/apicurio-testing/clusters/ci419/namespaces/ksql047/tests/integration/apicurio-registry/schema-util/asyncapi/target/apicurio-registry-schema-util-asyncapi-3.0.12-SNAPSHOT.jar:/home/runner/work/apicurio-testing/apicurio-testing/clusters/ci419/namespaces/ksql047/tests/integration/apicurio-registry/schema-util/avro/target/apicurio-registry-schema-util-avro-3.0.12-SNAPSHOT.jar:/home/runner/work/apicurio-testing/apicurio-testing/clusters/ci419/namespaces/ksql047/tests/integration/apicurio-registry/schema-util/graphql/target/apicurio-registry-schema-util-graphql-3.0.12-SNAPSHOT.jar:/home/runner/.m2/repository/com/graphql-java/graphql-java/22.4/graphql-java-22.4.jar:/home/runner/.m2/repository/com/graphql-java/java-dataloader/3.3.0/java-dataloader-3.3.0.jar:/home/runner/work/apicurio-testing/apicurio-testing/clusters/ci419/namespaces/ksql047/tests/integration/apicurio-registry/schema-util/kconnect/target/apicurio-registry-schema-util-kconnect-3.0.12-SNAPSHOT.jar:/home/runner/work/apicurio-testing/apicurio-testing/clusters/ci419/namespaces/ksql047/tests/integration/apicurio-registry/schema-util/openapi/target/apicurio-registry-schema-util-openapi-3.0.12-SNAPSHOT.jar:/home/runner/.m2/repository/io/apicurio/apicurio-data-models/2.2.2/apicurio-data-models-2.2.2.jar:/home/runner/.m2/repository/org/openapitools/openapidiff/openapi-diff-core/2.1.2/openapi-diff-core-2.1.2.jar:/home/runner/.m2/repository/io/swagger/parser/v3/swagger-parser/2.1.28/swagger-parser-2.1.28.jar:/home/runner/.m2/repository/io/swagger/parser/v3/swagger-parser-v2-converter/2.1.28/swagger-parser-v2-converter-2.1.28.jar:/home/runner/.m2/repository/io/swagger/swagger-core/1.6.16/swagger-core-1.6.16.jar:/home/runner/.m2/repository/io/swagger/swagger-models/1.6.16/swagger-models-1.6.16.jar:/home/runner/.m2/repository/io/swagger/swagger-annotations/1.6.16/swagger-annotations-1.6.16.jar:/home/runner/.m2/repository/io/swagger/swagger-parser/1.0.75/swagger-parser-1.0.75.jar:/home/runner/.m2/repository/io/swagger/swagger-parser-safe-url-resolver/1.0.75/swagger-parser-safe-url-resolver-1.0.75.jar:/home/runner/.m2/repository/io/swagger/swagger-compat-spec-parser/1.0.75/swagger-compat-spec-parser-1.0.75.jar:/home/runner/.m2/repository/com/github/java-json-tools/json-schema-validator/2.2.14/json-schema-validator-2.2.14.jar:/home/runner/.m2/repository/com/github/java-json-tools/jackson-coreutils-equivalence/1.0/jackson-coreutils-equivalence-1.0.jar:/home/runner/.m2/repository/com/github/java-json-tools/json-schema-core/1.2.14/json-schema-core-1.2.14.jar:/home/runner/.m2/repository/com/github/java-json-tools/uri-template/0.10/uri-template-0.10.jar:/home/runner/.m2/repository/com/googlecode/libphonenumber/libphonenumber/8.11.1/libphonenumber-8.11.1.jar:/home/runner/.m2/repository/com/j2html/j2html/1.6.0/j2html-1.6.0.jar:/home/runner/.m2/repository/org/apache/commons/commons-collections4/4.5.0/commons-collections4-4.5.0.jar:/home/runner/.m2/repository/org/slf4j/jcl-over-slf4j/2.0.17/jcl-over-slf4j-2.0.17.jar:/home/runner/.m2/repository/io/swagger/parser/v3/swagger-parser-v3/2.1.31/swagger-parser-v3-2.1.31.jar:/home/runner/.m2/repository/io/swagger/core/v3/swagger-models/2.2.34/swagger-models-2.2.34.jar:/home/runner/.m2/repository/io/swagger/core/v3/swagger-core/2.2.34/swagger-core-2.2.34.jar:/home/runner/.m2/repository/io/swagger/parser/v3/swagger-parser-core/2.1.31/swagger-parser-core-2.1.31.jar:/home/runner/.m2/repository/io/swagger/parser/v3/swagger-parser-safe-url-resolver/2.1.31/swagger-parser-safe-url-resolver-2.1.31.jar:/home/runner/work/apicurio-testing/apicurio-testing/clusters/ci419/namespaces/ksql047/tests/integration/apicurio-registry/schema-util/wsdl/target/apicurio-registry-schema-util-wsdl-3.0.12-SNAPSHOT.jar:/home/runner/.m2/repository/wsdl4j/wsdl4j/1.6.3/wsdl4j-1.6.3.jar:/home/runner/work/apicurio-testing/apicurio-testing/clusters/ci419/namespaces/ksql047/tests/integration/apicurio-registry/schema-util/xml/target/apicurio-registry-schema-util-xml-3.0.12-SNAPSHOT.jar:/home/runner/.m2/repository/org/apache/santuario/xmlsec/4.0.4/xmlsec-4.0.4.jar:/home/runner/.m2/repository/com/fasterxml/woodstox/woodstox-core/7.1.1/woodstox-core-7.1.1.jar:/home/runner/.m2/repository/org/codehaus/woodstox/stax2-api/4.2.2/stax2-api-4.2.2.jar:/home/runner/work/apicurio-testing/apicurio-testing/clusters/ci419/namespaces/ksql047/tests/integration/apicurio-registry/schema-util/xsd/target/apicurio-registry-schema-util-xsd-3.0.12-SNAPSHOT.jar:/home/runner/work/apicurio-testing/apicurio-testing/clusters/ci419/namespaces/ksql047/tests/integration/apicurio-registry/serdes/kafka/jsonschema-serde/target/apicurio-registry-jsonschema-serde-kafka-3.0.12-SNAPSHOT.jar:/home/runner/work/apicurio-testing/apicurio-testing/clusters/ci419/namespaces/ksql047/tests/integration/apicurio-registry/serdes/kafka/serde-kafka-common/target/apicurio-registry-serde-kafka-common-3.0.12-SNAPSHOT.jar:/home/runner/work/apicurio-testing/apicurio-testing/clusters/ci419/namespaces/ksql047/tests/integration/apicurio-registry/serdes/generic/serde-common/target/apicurio-registry-serde-common-3.0.12-SNAPSHOT.jar:/home/runner/work/apicurio-testing/apicurio-testing/clusters/ci419/namespaces/ksql047/tests/integration/apicurio-registry/serdes/generic/serde-common-jsonschema/target/apicurio-registry-serde-common-jsonschema-3.0.12-SNAPSHOT.jar:/home/runner/.m2/repository/org/json/json/20250107/json-20250107.jar:/home/runner/work/apicurio-testing/apicurio-testing/clusters/ci419/namespaces/ksql047/tests/integration/apicurio-registry/serdes/kafka/avro-serde/target/apicurio-registry-avro-serde-kafka-3.0.12-SNAPSHOT.jar:/home/runner/work/apicurio-testing/apicurio-testing/clusters/ci419/namespaces/ksql047/tests/integration/apicurio-registry/serdes/generic/serde-common-avro/target/apicurio-registry-serde-common-avro-3.0.12-SNAPSHOT.jar:/home/runner/work/apicurio-testing/apicurio-testing/clusters/ci419/namespaces/ksql047/tests/integration/apicurio-registry/serdes/kafka/protobuf-serde/target/apicurio-registry-protobuf-serde-kafka-3.0.12-SNAPSHOT.jar:/home/runner/work/apicurio-testing/apicurio-testing/clusters/ci419/namespaces/ksql047/tests/integration/apicurio-registry/serdes/generic/serde-common-protobuf/target/apicurio-registry-serde-common-protobuf-3.0.12-SNAPSHOT.jar:/home/runner/.m2/repository/com/squareup/wire/wire-schema/5.3.3/wire-schema-5.3.3.jar:/home/runner/.m2/repository/com/squareup/wire/wire-runtime/5.3.3/wire-runtime-5.3.3.jar:/home/runner/work/apicurio-testing/apicurio-testing/clusters/ci419/namespaces/ksql047/tests/integration/apicurio-registry/serdes/pulsar/avro-serde/target/apicurio-registry-avro-serde-pulsar-3.0.12-SNAPSHOT.jar:/home/runner/.m2/repository/org/apache/pulsar/pulsar-functions-api/3.3.8/pulsar-functions-api-3.3.8.jar:/home/runner/work/apicurio-testing/apicurio-testing/clusters/ci419/namespaces/ksql047/tests/integration/apicurio-registry/serdes/nats/avro-serde/target/apicurio-registry-avro-serde-nats-3.0.12-SNAPSHOT.jar:/home/runner/.m2/repository/io/nats/jnats/2.21.4/jnats-2.21.4.jar:/home/runner/.m2/repository/org/bouncycastle/bcprov-lts8on/2.73.7/bcprov-lts8on-2.73.7.jar:/home/runner/.m2/repository/org/jetbrains/annotations/26.0.2/annotations-26.0.2.jar:/home/runner/work/apicurio-testing/apicurio-testing/clusters/ci419/namespaces/ksql047/tests/integration/apicurio-registry/utils/converter/target/apicurio-registry-utils-converter-3.0.12-SNAPSHOT.jar:/home/runner/work/apicurio-testing/apicurio-testing/clusters/ci419/namespaces/ksql047/tests/integration/apicurio-registry/schema-resolver/target/apicurio-registry-schema-resolver-3.0.12-SNAPSHOT.jar:/home/runner/.m2/repository/org/apache/kafka/connect-api/3.9.1/connect-api-3.9.1.jar:/home/runner/.m2/repository/javax/ws/rs/javax.ws.rs-api/2.1.1/javax.ws.rs-api-2.1.1.jar:/home/runner/.m2/repository/org/apache/kafka/connect-json/3.9.1/connect-json-3.9.1.jar:/home/runner/.m2/repository/com/fasterxml/jackson/datatype/jackson-datatype-jdk8/2.18.2/jackson-datatype-jdk8-2.18.2.jar:/home/runner/.m2/repository/com/fasterxml/jackson/module/jackson-module-afterburner/2.18.2/jackson-module-afterburner-2.18.2.jar:/home/runner/work/apicurio-testing/apicurio-testing/clusters/ci419/namespaces/ksql047/tests/integration/apicurio-registry/utils/kafka/target/apicurio-registry-utils-kafka-3.0.12-SNAPSHOT.jar:/home/runner/.m2/repository/org/apache/pulsar/pulsar-client/3.3.8/pulsar-client-3.3.8.jar:/home/runner/.m2/repository/org/apache/pulsar/pulsar-client-api/3.3.8/pulsar-client-api-3.3.8.jar:/home/runner/.m2/repository/org/apache/pulsar/pulsar-client-admin-api/3.3.8/pulsar-client-admin-api-3.3.8.jar:/home/runner/.m2/repository/org/apache/pulsar/bouncy-castle-bc/3.3.8/bouncy-castle-bc-3.3.8-pkg.jar:/home/runner/.m2/repository/org/bouncycastle/bcpkix-jdk18on/1.81/bcpkix-jdk18on-1.81.jar:/home/runner/.m2/repository/org/bouncycastle/bcutil-jdk18on/1.81/bcutil-jdk18on-1.81.jar:/home/runner/.m2/repository/org/bouncycastle/bcprov-jdk18on/1.81/bcprov-jdk18on-1.81.jar:/home/runner/.m2/repository/io/opentelemetry/opentelemetry-api/1.44.1/opentelemetry-api-1.44.1.jar:/home/runner/.m2/repository/io/opentelemetry/opentelemetry-context/1.44.1/opentelemetry-context-1.44.1.jar:/home/runner/.m2/repository/io/opentelemetry/opentelemetry-api-incubator/1.44.1-alpha/opentelemetry-api-incubator-1.44.1-alpha.jar:/home/runner/.m2/repository/com/fasterxml/jackson/core/jackson-annotations/2.18.2/jackson-annotations-2.18.2.jar:/home/runner/.m2/repository/javax/validation/validation-api/1.1.0.Final/validation-api-1.1.0.Final.jar:/home/runner/.m2/repository/org/jspecify/jspecify/1.0.0/jspecify-1.0.0.jar:/home/runner/.m2/repository/org/apache/commons/commons-configuration2/2.12.0/commons-configuration2-2.12.0.jar:/home/runner/.m2/repository/commons-logging/commons-logging/1.3.5/commons-logging-1.3.5.jar:/home/runner/.m2/repository/org/apache/commons/commons-text/1.13.0/commons-text-1.13.0.jar:/home/runner/.m2/repository/io/confluent/kafka-avro-serializer/8.0.0/kafka-avro-serializer-8.0.0.jar:/home/runner/.m2/repository/org/apache/commons/commons-compress/1.27.1/commons-compress-1.27.1.jar:/home/runner/.m2/repository/io/confluent/kafka-schema-serializer/8.0.0/kafka-schema-serializer-8.0.0.jar:/home/runner/.m2/repository/com/fasterxml/jackson/dataformat/jackson-dataformat-csv/2.18.2/jackson-dataformat-csv-2.18.2.jar:/home/runner/.m2/repository/io/confluent/kafka-schema-registry-client/8.0.0/kafka-schema-registry-client-8.0.0.jar:/home/runner/.m2/repository/org/yaml/snakeyaml/2.3/snakeyaml-2.3.jar:/home/runner/.m2/repository/io/swagger/core/v3/swagger-annotations/2.2.29/swagger-annotations-2.2.29.jar:/home/runner/.m2/repository/com/google/guava/guava/33.4.0-jre/guava-33.4.0-jre.jar:/home/runner/.m2/repository/com/google/guava/failureaccess/1.0.1/failureaccess-1.0.1.jar:/home/runner/.m2/repository/org/checkerframework/checker-qual/3.49.0/checker-qual-3.49.0.jar:/home/runner/.m2/repository/io/confluent/logredactor/1.0.13/logredactor-1.0.13.jar:/home/runner/.m2/repository/com/google/re2j/re2j/1.6/re2j-1.6.jar:/home/runner/.m2/repository/io/confluent/logredactor-metrics/1.0.13/logredactor-metrics-1.0.13.jar:/home/runner/.m2/repository/com/eclipsesource/minimal-json/minimal-json/0.9.5/minimal-json-0.9.5.jar:/home/runner/.m2/repository/io/confluent/common-utils/8.0.0/common-utils-8.0.0.jar:/home/runner/.m2/repository/io/confluent/kafka-connect-avro-converter/8.0.0/kafka-connect-avro-converter-8.0.0.jar:/home/runner/.m2/repository/io/confluent/kafka-connect-avro-data/8.0.0/kafka-connect-avro-data-8.0.0.jar:/home/runner/.m2/repository/io/confluent/kafka-schema-converter/8.0.0/kafka-schema-converter-8.0.0.jar:/home/runner/.m2/repository/io/rest-assured/rest-assured/5.5.1/rest-assured-5.5.1.jar:/home/runner/.m2/repository/org/apache/groovy/groovy/4.0.22/groovy-4.0.22.jar:/home/runner/.m2/repository/org/apache/groovy/groovy-xml/4.0.22/groovy-xml-4.0.22.jar:/home/runner/.m2/repository/org/apache/httpcomponents/httpclient/4.5.14/httpclient-4.5.14.jar:/home/runner/.m2/repository/org/apache/httpcomponents/httpcore/4.4.16/httpcore-4.4.16.jar:/home/runner/.m2/repository/org/apache/httpcomponents/httpmime/4.5.14/httpmime-4.5.14.jar:/home/runner/.m2/repository/org/hamcrest/hamcrest/2.2/hamcrest-2.2.jar:/home/runner/.m2/repository/org/ccil/cowan/tagsoup/tagsoup/1.2.1/tagsoup-1.2.1.jar:/home/runner/.m2/repository/io/rest-assured/json-path/5.5.1/json-path-5.5.1.jar:/home/runner/.m2/repository/org/apache/groovy/groovy-json/4.0.22/groovy-json-4.0.22.jar:/home/runner/.m2/repository/io/rest-assured/rest-assured-common/5.5.1/rest-assured-common-5.5.1.jar:/home/runner/.m2/repository/io/rest-assured/xml-path/5.5.1/xml-path-5.5.1.jar:/home/runner/.m2/repository/io/zonky/test/embedded-postgres/2.1.0/embedded-postgres-2.1.0.jar:/home/runner/.m2/repository/io/zonky/test/postgres/embedded-postgres-binaries-windows-amd64/14.15.0/embedded-postgres-binaries-windows-amd64-14.15.0.jar:/home/runner/.m2/repository/io/zonky/test/postgres/embedded-postgres-binaries-darwin-amd64/14.15.0/embedded-postgres-binaries-darwin-amd64-14.15.0.jar:/home/runner/.m2/repository/io/zonky/test/postgres/embedded-postgres-binaries-linux-amd64/14.15.0/embedded-postgres-binaries-linux-amd64-14.15.0.jar:/home/runner/.m2/repository/io/zonky/test/postgres/embedded-postgres-binaries-linux-amd64-alpine/14.15.0/embedded-postgres-binaries-linux-amd64-alpine-14.15.0.jar:/home/runner/.m2/repository/org/apache/commons/commons-lang3/3.17.0/commons-lang3-3.17.0.jar:/home/runner/.m2/repository/org/tukaani/xz/1.10/xz-1.10.jar:/home/runner/.m2/repository/commons-codec/commons-codec/1.19.0/commons-codec-1.19.0.jar:/home/runner/.m2/repository/org/postgresql/postgresql/42.7.7/postgresql-42.7.7.jar:/home/runner/.m2/repository/commons-io/commons-io/2.18.0/commons-io-2.18.0.jar:/home/runner/work/apicurio-testing/apicurio-testing/clusters/ci419/namespaces/ksql047/tests/integration/apicurio-registry/utils/importexport/target/apicurio-registry-utils-import-export-3.0.12-SNAPSHOT.jar:/home/runner/.m2/repository/io/vertx/vertx-core/4.5.16/vertx-core-4.5.16.jar:/home/runner/.m2/repository/io/netty/netty-common/4.1.121.Final/netty-common-4.1.121.Final.jar:/home/runner/.m2/repository/io/netty/netty-buffer/4.1.121.Final/netty-buffer-4.1.121.Final.jar:/home/runner/.m2/repository/io/netty/netty-transport/4.1.121.Final/netty-transport-4.1.121.Final.jar:/home/runner/.m2/repository/io/netty/netty-handler/4.1.121.Final/netty-handler-4.1.121.Final.jar:/home/runner/.m2/repository/io/netty/netty-transport-native-unix-common/4.1.121.Final/netty-transport-native-unix-common-4.1.121.Final.jar:/home/runner/.m2/repository/io/netty/netty-codec/4.1.121.Final/netty-codec-4.1.121.Final.jar:/home/runner/.m2/repository/io/netty/netty-handler-proxy/4.1.121.Final/netty-handler-proxy-4.1.121.Final.jar:/home/runner/.m2/repository/io/netty/netty-codec-socks/4.1.121.Final/netty-codec-socks-4.1.121.Final.jar:/home/runner/.m2/repository/io/netty/netty-codec-http/4.1.121.Final/netty-codec-http-4.1.121.Final.jar:/home/runner/.m2/repository/io/netty/netty-codec-http2/4.1.121.Final/netty-codec-http2-4.1.121.Final.jar:/home/runner/.m2/repository/io/netty/netty-resolver/4.1.121.Final/netty-resolver-4.1.121.Final.jar:/home/runner/.m2/repository/io/netty/netty-resolver-dns/4.1.121.Final/netty-resolver-dns-4.1.121.Final.jar:/home/runner/.m2/repository/io/netty/netty-codec-dns/4.1.121.Final/netty-codec-dns-4.1.121.Final.jar:/home/runner/.m2/repository/com/fasterxml/jackson/core/jackson-core/2.18.2/jackson-core-2.18.2.jar:"/>
    <property name="sun.cpu.endian" value="little"/>
    <property name="user.home" value="/home/runner"/>
    <property name="user.language" value="en"/>
    <property name="jboss.log-version" value="false"/>
    <property name="java.specification.vendor" value="Oracle Corporation"/>
    <property name="java.version.date" value="2025-07-15"/>
    <property name="java.home" value="/usr/lib/jvm/temurin-17-jdk-amd64"/>
    <property name="file.separator" value="/"/>
    <property name="basedir" value="/home/runner/work/apicurio-testing/apicurio-testing/clusters/ci419/namespaces/ksql047/tests/integration/apicurio-registry/integration-tests"/>
    <property name="java.vm.compressedOopsMode" value="32-bit"/>
    <property name="line.separator" value="&#10;"/>
    <property name="java.specification.name" value="Java Platform API Specification"/>
    <property name="java.vm.specification.vendor" value="Oracle Corporation"/>
    <property name="quarkus.http.test-host" value="registry-app-ksql047.apps.ci419.apicurio-testing.org"/>
    <property name="surefire.real.class.path" value="/home/runner/work/apicurio-testing/apicurio-testing/clusters/ci419/namespaces/ksql047/tests/integration/apicurio-registry/integration-tests/target/surefire/surefirebooter-20250806153945006_3.jar"/>
    <property name="sun.management.compiler" value="HotSpot 64-Bit Tiered Compilers"/>
    <property name="org.eclipse.jetty.http.HttpGenerator.STRICT" value="true"/>
    <property name="java.runtime.version" value="17.0.16+8"/>
    <property name="user.name" value="runner"/>
    <property name="path.separator" value=":"/>
    <property name="os.version" value="6.8.0-1031-azure"/>
    <property name="java.runtime.name" value="OpenJDK Runtime Environment"/>
    <property name="file.encoding" value="UTF-8"/>
    <property name="jnidispatch.path" value="/home/runner/.cache/JNA/temp/jna7370574222200288324.tmp"/>
    <property name="java.vm.name" value="OpenJDK 64-Bit Server VM"/>
    <property name="jna.platform.library.path" value="/usr/lib/x86_64-linux-gnu:/lib/x86_64-linux-gnu:/usr/lib64:/lib64:/usr/lib:/lib:/lib32:/usr/local/lib:/usr/lib/x86_64-linux-gnu/libfakeroot"/>
    <property name="java.vendor.version" value="Temurin-17.0.16+8"/>
    <property name="quarkus.oidc.token-path" value="https://keycloak-ksql047.apps.ci419.apicurio-testing.org/realms/registry/protocol/openid-connect/token"/>
    <property name="quarkus.http.host" value="registry-app-ksql047.apps.ci419.apicurio-testing.org"/>
    <property name="localRepository" value="/home/runner/.m2/repository"/>
    <property name="javax.xml.xpath.XPathFactory:http://java.sun.com/jaxp/xpath/dom" value="com.sun.org.apache.xpath.internal.jaxp.XPathFactoryImpl"/>
    <property name="jna.loaded" value="true"/>
    <property name="java.vendor.url.bug" value="https://github.com/adoptium/adoptium-support/issues"/>
    <property name="jetty.git.hash" value="5bc5e562c8d05c5862505aebe5cf83a61bdbcb96"/>
    <property name="java.io.tmpdir" value="/tmp"/>
    <property name="quarkus.http.test-protocol" value="http"/>
    <property name="java.version" value="17.0.16"/>
    <property name="user.dir" value="/home/runner/work/apicurio-testing/apicurio-testing/clusters/ci419/namespaces/ksql047/tests/integration/apicurio-registry/integration-tests"/>
    <property name="os.arch" value="amd64"/>
    <property name="groups" value="( smoke | serdes | acceptance | ui)"/>
    <property name="java.vm.specification.name" value="Java Virtual Machine Specification"/>
    <property name="native.encoding" value="UTF-8"/>
    <property name="java.util.logging.manager" value="org.jboss.logmanager.LogManager"/>
    <property name="java.library.path" value="/usr/java/packages/lib:/usr/lib64:/lib64:/lib:/usr/lib"/>
    <property name="jdk.console" value="java.base"/>
    <property name="java.vm.info" value="mixed mode, sharing"/>
    <property name="java.vendor" value="Eclipse Adoptium"/>
    <property name="java.vm.version" value="17.0.16+8"/>
    <property name="java.specification.maintenance.version" value="1"/>
    <property name="sun.io.unicode.encoding" value="UnicodeLittle"/>
    <property name="javax.xml.transform.TransformerFactory" value="com.sun.org.apache.xalan.internal.xsltc.trax.TransformerFactoryImpl"/>
    <property name="java.class.version" value="61.0"/>
  </properties>
  <testcase name="testGlobalIdInHeaders" classname="io.apicurio.tests.serdes.apicurio.AvroSerdeIT" time="6.075">
    <system-out><![CDATA[**** Registry Base URL: http://registry-app-ksql047.apps.ci419.apicurio-testing.org:80
**** Registry Base URL: http://registry-app-ksql047.apps.ci419.apicurio-testing.org:80
2025-08-06 15:39:57,386 INFO  [io.api.tes.ser.api.AvroSerdeIT] (main) RestAssured configured with http://registry-app-ksql047.apps.ci419.apicurio-testing.org:80/apis/registry/v3
2025-08-06 15:39:57,386 INFO  [io.api.tes.uti.KafkaFacade] (main) Starting kafka container
2025-08-06 15:39:57,430 INFO  [org.tes.ima.PullPolicy] (main) Image pull policy will be performed by: DefaultPullPolicy()
2025-08-06 15:39:57,433 INFO  [org.tes.uti.ImageNameSubstitutor] (main) Image name substitution will be performed by: DefaultImageNameSubstitutor (composite of 'ConfigurationFileImageNameSubstitutor' and 'PrefixingImageNameSubstitutor')
2025-08-06 15:39:57,444 INFO  [org.tes.DockerClientFactory] (main) Testcontainers version: 1.20.6
2025-08-06 15:39:58,029 INFO  [org.tes.doc.DockerClientProviderStrategy] (main) Found Docker environment with local Unix socket (unix:///var/run/docker.sock)
2025-08-06 15:39:58,038 INFO  [org.tes.DockerClientFactory] (main) Docker host IP address is localhost
2025-08-06 15:39:58,059 INFO  [org.tes.DockerClientFactory] (main) Connected to docker: 
  Server Version: 28.0.4
  API Version: 1.48
  Operating System: Ubuntu 22.04.5 LTS
  Total Memory: 7944 MB
2025-08-06 15:39:58,099 INFO  [tc.tes.11.0] (main) Pulling docker image: testcontainers/ryuk:0.11.0. Please be patient; this may take some time but only needs to be done once.
2025-08-06 15:39:58,424 INFO  [tc.tes.11.0] (docker-java-stream--1295187651) Starting to pull image
2025-08-06 15:39:58,451 INFO  [tc.tes.11.0] (docker-java-stream--1295187651) Pulling image layers:  0 pending,  0 downloaded,  0 extracted, (0 bytes/0 bytes)
2025-08-06 15:39:58,603 INFO  [tc.tes.11.0] (docker-java-stream--1295187651) Pulling image layers:  2 pending,  1 downloaded,  0 extracted, (879 KB/? MB)
2025-08-06 15:39:58,611 INFO  [tc.tes.11.0] (docker-java-stream--1295187651) Pulling image layers:  1 pending,  2 downloaded,  0 extracted, (879 KB/? MB)
2025-08-06 15:39:58,668 INFO  [tc.tes.11.0] (docker-java-stream--1295187651) Pulling image layers:  0 pending,  3 downloaded,  0 extracted, (907 KB/10 MB)
2025-08-06 15:39:58,735 INFO  [tc.tes.11.0] (docker-java-stream--1295187651) Pulling image layers:  0 pending,  3 downloaded,  1 extracted, (4 MB/10 MB)
2025-08-06 15:39:59,748 INFO  [tc.tes.11.0] (docker-java-stream--1295187651) Pulling image layers:  0 pending,  3 downloaded,  2 extracted, (4 MB/10 MB)
2025-08-06 15:39:59,791 INFO  [tc.tes.11.0] (docker-java-stream--1295187651) Pulling image layers:  0 pending,  3 downloaded,  3 extracted, (10 MB/10 MB)
2025-08-06 15:39:59,797 INFO  [tc.tes.11.0] (docker-java-stream--1295187651) Pull complete. 3 layers, pulled in 1s (downloaded 10 MB at 10 MB/s)
2025-08-06 15:39:59,797 INFO  [tc.tes.11.0] (main) Image testcontainers/ryuk:0.11.0 pull took PT1.698343388S
2025-08-06 15:39:59,827 INFO  [tc.tes.11.0] (main) Creating container for image: testcontainers/ryuk:0.11.0
2025-08-06 15:39:59,899 INFO  [tc.tes.11.0] (main) Container testcontainers/ryuk:0.11.0 is starting: e7e4e4778a985b2cd4cc560ae4d49647ef0d2f36f00458e5b2d4a5464970b87b
2025-08-06 15:40:00,257 INFO  [tc.tes.11.0] (main) Container testcontainers/ryuk:0.11.0 started in PT0.429579258S
2025-08-06 15:40:00,262 INFO  [org.tes.uti.RyukResourceReaper] (main) Ryuk started - will monitor and terminate Testcontainers containers on JVM exit
2025-08-06 15:40:00,262 INFO  [org.tes.DockerClientFactory] (main) Checking the system...
2025-08-06 15:40:00,262 INFO  [org.tes.DockerClientFactory] (main) ✔︎ Docker server version should be at least 1.6.0
2025-08-06 15:40:00,265 INFO  [io.str.tes.con.KafkaVersionService] (main) Latest release of Kafka is:LogicalKafkaVersionEntity{version='4.0.0', image='quay.io/strimzi-test-container/test-container:0.111.0-kafka-4.0.0'}
2025-08-06 15:40:00,265 INFO  [io.str.tes.con.KafkaVersionService] (main) Latest release of Kafka is:LogicalKafkaVersionEntity{version='4.0.0', image='quay.io/strimzi-test-container/test-container:0.111.0-kafka-4.0.0'}
2025-08-06 15:40:00,266 INFO  [io.str.tes.con.KafkaVersionService] (main) No Kafka version specified. Using latest release: 4.0.0
2025-08-06 15:40:00,270 INFO  [tc.qua.io/.111.0-k.0.0] (main) Pulling docker image: quay.io/strimzi-test-container/test-container:0.111.0-kafka-4.0.0. Please be patient; this may take some time but only needs to be done once.
2025-08-06 15:40:00,791 INFO  [tc.qua.io/.111.0-k.0.0] (docker-java-stream--29267298) Starting to pull image
2025-08-06 15:40:00,792 INFO  [tc.qua.io/.111.0-k.0.0] (docker-java-stream--29267298) Pulling image layers:  0 pending,  0 downloaded,  0 extracted, (0 bytes/0 bytes)
2025-08-06 15:40:01,264 INFO  [tc.qua.io/.111.0-k.0.0] (docker-java-stream--29267298) Pulling image layers:  6 pending,  1 downloaded,  0 extracted, (9 MB/? MB)
2025-08-06 15:40:01,496 INFO  [tc.qua.io/.111.0-k.0.0] (docker-java-stream--29267298) Pulling image layers:  5 pending,  2 downloaded,  0 extracted, (18 MB/? MB)
2025-08-06 15:40:03,181 INFO  [tc.qua.io/.111.0-k.0.0] (docker-java-stream--29267298) Pulling image layers:  4 pending,  3 downloaded,  0 extracted, (140 MB/? MB)
2025-08-06 15:40:03,445 INFO  [tc.qua.io/.111.0-k.0.0] (docker-java-stream--29267298) Pulling image layers:  3 pending,  4 downloaded,  0 extracted, (149 MB/? MB)
2025-08-06 15:40:03,537 INFO  [tc.qua.io/.111.0-k.0.0] (docker-java-stream--29267298) Pulling image layers:  2 pending,  5 downloaded,  0 extracted, (151 MB/? MB)
2025-08-06 15:40:03,569 INFO  [tc.qua.io/.111.0-k.0.0] (docker-java-stream--29267298) Pulling image layers:  1 pending,  6 downloaded,  0 extracted, (153 MB/? MB)
2025-08-06 15:40:04,515 INFO  [tc.qua.io/.111.0-k.0.0] (docker-java-stream--29267298) Pulling image layers:  1 pending,  6 downloaded,  1 extracted, (163 MB/? MB)
2025-08-06 15:40:06,821 INFO  [tc.qua.io/.111.0-k.0.0] (docker-java-stream--29267298) Pulling image layers:  1 pending,  6 downloaded,  2 extracted, (197 MB/? MB)
2025-08-06 15:40:08,493 INFO  [tc.qua.io/.111.0-k.0.0] (docker-java-stream--29267298) Pulling image layers:  1 pending,  6 downloaded,  3 extracted, (213 MB/? MB)
2025-08-06 15:40:08,543 INFO  [tc.qua.io/.111.0-k.0.0] (docker-java-stream--29267298) Pulling image layers:  1 pending,  6 downloaded,  4 extracted, (213 MB/? MB)
2025-08-06 15:40:11,859 INFO  [tc.qua.io/.111.0-k.0.0] (docker-java-stream--29267298) Pulling image layers:  0 pending,  7 downloaded,  4 extracted, (248 MB/249 MB)
2025-08-06 15:40:12,646 INFO  [tc.qua.io/.111.0-k.0.0] (docker-java-stream--29267298) Pulling image layers:  0 pending,  7 downloaded,  5 extracted, (249 MB/249 MB)
2025-08-06 15:40:13,021 INFO  [tc.qua.io/.111.0-k.0.0] (docker-java-stream--29267298) Pulling image layers:  0 pending,  7 downloaded,  6 extracted, (249 MB/249 MB)
2025-08-06 15:40:13,039 INFO  [tc.qua.io/.111.0-k.0.0] (docker-java-stream--29267298) Pulling image layers:  0 pending,  7 downloaded,  7 extracted, (249 MB/249 MB)
2025-08-06 15:40:13,046 INFO  [tc.qua.io/.111.0-k.0.0] (main) Image quay.io/strimzi-test-container/test-container:0.111.0-kafka-4.0.0 pull took PT12.775755027S
2025-08-06 15:40:13,046 INFO  [tc.qua.io/.111.0-k.0.0] (docker-java-stream--29267298) Pull complete. 7 layers, pulled in 12s (downloaded 249 MB at 20 MB/s)
2025-08-06 15:40:13,049 INFO  [tc.qua.io/.111.0-k.0.0] (main) Creating container for image: quay.io/strimzi-test-container/test-container:0.111.0-kafka-4.0.0
2025-08-06 15:40:13,128 INFO  [tc.qua.io/.111.0-k.0.0] (main) Container quay.io/strimzi-test-container/test-container:0.111.0-kafka-4.0.0 is starting: 4aa7952c1b6d2016320b6b851635406cc8083cf9cc445f8122f7c705caf14f44
2025-08-06 15:40:13,314 INFO  [io.str.tes.con.StrimziKafkaContainer] (main) Mapped port: 32769
2025-08-06 15:40:13,314 WARN  [io.str.tes.con.StrimziKafkaContainer] (main) Node ID is not set. Using broker ID 0 as the default node ID.
2025-08-06 15:40:13,315 INFO  [io.str.tes.con.StrimziKafkaContainer] (main) This is all advertised listeners for Kafka PLAINTEXT://localhost:32769,BROKER1://172.18.0.2:9091,CONTROLLER://broker-0:9094
2025-08-06 15:40:13,342 INFO  [io.str.tes.con.StrimziKafkaContainer] (main) New `cluster.id` has been generated: QWxucHVARmyNXcabXl68yQ
2025-08-06 15:40:13,346 INFO  [io.str.tes.con.StrimziKafkaContainer] (main) Copying command to 'STARTER_SCRIPT' script.
2025-08-06 15:40:18,644 INFO  [tc.qua.io/.111.0-k.0.0] (main) Container quay.io/strimzi-test-container/test-container:0.111.0-kafka-4.0.0 started in PT5.594162262S
2025-08-06 15:40:18,647 INFO  [io.api.tes.uti.TestSeparator] (main) ############################################################################
2025-08-06 15:40:18,647 INFO  [io.api.tes.uti.TestSeparator] (main) io.apicurio.tests.serdes.apicurio.AvroSerdeIT.testGlobalIdInHeaders-STARTED
2025-08-06 15:40:18,669 INFO  [org.apa.kaf.cli.adm.AdminClientConfig] (main) AdminClientConfig values: 
	auto.include.jmx.reporter = true
	bootstrap.controllers = []
	bootstrap.servers = [PLAINTEXT://localhost:32769]
	client.dns.lookup = use_all_dns_ips
	client.id = 
	connections.max.idle.ms = 10000
	default.api.timeout.ms = 60000
	enable.metrics.push = true
	metadata.max.age.ms = 300000
	metadata.recovery.strategy = none
	metric.reporters = []
	metrics.num.samples = 2
	metrics.recording.level = INFO
	metrics.sample.window.ms = 30000
	receive.buffer.bytes = 65536
	reconnect.backoff.max.ms = 1000
	reconnect.backoff.ms = 50
	request.timeout.ms = 5000
	retries = 2147483647
	retry.backoff.max.ms = 1000
	retry.backoff.ms = 100
	sasl.client.callback.handler.class = null
	sasl.jaas.config = null
	sasl.kerberos.kinit.cmd = /usr/bin/kinit
	sasl.kerberos.min.time.before.relogin = 60000
	sasl.kerberos.service.name = null
	sasl.kerberos.ticket.renew.jitter = 0.05
	sasl.kerberos.ticket.renew.window.factor = 0.8
	sasl.login.callback.handler.class = null
	sasl.login.class = null
	sasl.login.connect.timeout.ms = null
	sasl.login.read.timeout.ms = null
	sasl.login.refresh.buffer.seconds = 300
	sasl.login.refresh.min.period.seconds = 60
	sasl.login.refresh.window.factor = 0.8
	sasl.login.refresh.window.jitter = 0.05
	sasl.login.retry.backoff.max.ms = 10000
	sasl.login.retry.backoff.ms = 100
	sasl.mechanism = GSSAPI
	sasl.oauthbearer.clock.skew.seconds = 30
	sasl.oauthbearer.expected.audience = null
	sasl.oauthbearer.expected.issuer = null
	sasl.oauthbearer.header.urlencode = false
	sasl.oauthbearer.jwks.endpoint.refresh.ms = 3600000
	sasl.oauthbearer.jwks.endpoint.retry.backoff.max.ms = 10000
	sasl.oauthbearer.jwks.endpoint.retry.backoff.ms = 100
	sasl.oauthbearer.jwks.endpoint.url = null
	sasl.oauthbearer.scope.claim.name = scope
	sasl.oauthbearer.sub.claim.name = sub
	sasl.oauthbearer.token.endpoint.url = null
	security.protocol = PLAINTEXT
	security.providers = null
	send.buffer.bytes = 131072
	socket.connection.setup.timeout.max.ms = 30000
	socket.connection.setup.timeout.ms = 10000
	ssl.cipher.suites = null
	ssl.enabled.protocols = [TLSv1.2, TLSv1.3]
	ssl.endpoint.identification.algorithm = https
	ssl.engine.factory.class = null
	ssl.key.password = null
	ssl.keymanager.algorithm = SunX509
	ssl.keystore.certificate.chain = null
	ssl.keystore.key = null
	ssl.keystore.location = null
	ssl.keystore.password = null
	ssl.keystore.type = JKS
	ssl.protocol = TLSv1.3
	ssl.provider = null
	ssl.secure.random.implementation = null
	ssl.trustmanager.algorithm = PKIX
	ssl.truststore.certificates = null
	ssl.truststore.location = null
	ssl.truststore.password = null
	ssl.truststore.type = JKS

2025-08-06 15:40:18,967 INFO  [org.apa.kaf.com.uti.AppInfoParser] (main) Kafka version: 3.9.1
2025-08-06 15:40:18,967 INFO  [org.apa.kaf.com.uti.AppInfoParser] (main) Kafka commitId: f745dfdcee2b9851
2025-08-06 15:40:18,967 INFO  [org.apa.kaf.com.uti.AppInfoParser] (main) Kafka startTimeMs: 1754494818966
**** Registry Base URL: http://registry-app-ksql047.apps.ci419.apicurio-testing.org:80
2025-08-06 15:40:19,007 INFO  [org.apa.kaf.cli.pro.ProducerConfig] (main) ProducerConfig values: 
	acks = -1
	auto.include.jmx.reporter = true
	batch.size = 16384
	bootstrap.servers = [PLAINTEXT://localhost:32769]
	buffer.memory = 33554432
	client.dns.lookup = use_all_dns_ips
	client.id = Producer-topic-c352db65_5b7d_447f_b554_7b7d1c5ccfbf
	compression.gzip.level = -1
	compression.lz4.level = 9
	compression.type = none
	compression.zstd.level = 3
	connections.max.idle.ms = 10000
	delivery.timeout.ms = 120000
	enable.idempotence = true
	enable.metrics.push = true
	interceptor.classes = []
	key.serializer = class org.apache.kafka.common.serialization.StringSerializer
	linger.ms = 0
	max.block.ms = 60000
	max.in.flight.requests.per.connection = 5
	max.request.size = 1048576
	metadata.max.age.ms = 300000
	metadata.max.idle.ms = 300000
	metadata.recovery.strategy = none
	metric.reporters = []
	metrics.num.samples = 2
	metrics.recording.level = INFO
	metrics.sample.window.ms = 30000
	partitioner.adaptive.partitioning.enable = true
	partitioner.availability.timeout.ms = 0
	partitioner.class = null
	partitioner.ignore.keys = false
	receive.buffer.bytes = 32768
	reconnect.backoff.max.ms = 1000
	reconnect.backoff.ms = 50
	request.timeout.ms = 5000
	retries = 2147483647
	retry.backoff.max.ms = 1000
	retry.backoff.ms = 100
	sasl.client.callback.handler.class = null
	sasl.jaas.config = null
	sasl.kerberos.kinit.cmd = /usr/bin/kinit
	sasl.kerberos.min.time.before.relogin = 60000
	sasl.kerberos.service.name = null
	sasl.kerberos.ticket.renew.jitter = 0.05
	sasl.kerberos.ticket.renew.window.factor = 0.8
	sasl.login.callback.handler.class = null
	sasl.login.class = null
	sasl.login.connect.timeout.ms = null
	sasl.login.read.timeout.ms = null
	sasl.login.refresh.buffer.seconds = 300
	sasl.login.refresh.min.period.seconds = 60
	sasl.login.refresh.window.factor = 0.8
	sasl.login.refresh.window.jitter = 0.05
	sasl.login.retry.backoff.max.ms = 10000
	sasl.login.retry.backoff.ms = 100
	sasl.mechanism = GSSAPI
	sasl.oauthbearer.clock.skew.seconds = 30
	sasl.oauthbearer.expected.audience = null
	sasl.oauthbearer.expected.issuer = null
	sasl.oauthbearer.header.urlencode = false
	sasl.oauthbearer.jwks.endpoint.refresh.ms = 3600000
	sasl.oauthbearer.jwks.endpoint.retry.backoff.max.ms = 10000
	sasl.oauthbearer.jwks.endpoint.retry.backoff.ms = 100
	sasl.oauthbearer.jwks.endpoint.url = null
	sasl.oauthbearer.scope.claim.name = scope
	sasl.oauthbearer.sub.claim.name = sub
	sasl.oauthbearer.token.endpoint.url = null
	security.protocol = PLAINTEXT
	security.providers = null
	send.buffer.bytes = 131072
	socket.connection.setup.timeout.max.ms = 30000
	socket.connection.setup.timeout.ms = 10000
	ssl.cipher.suites = null
	ssl.enabled.protocols = [TLSv1.2, TLSv1.3]
	ssl.endpoint.identification.algorithm = https
	ssl.engine.factory.class = null
	ssl.key.password = null
	ssl.keymanager.algorithm = SunX509
	ssl.keystore.certificate.chain = null
	ssl.keystore.key = null
	ssl.keystore.location = null
	ssl.keystore.password = null
	ssl.keystore.type = JKS
	ssl.protocol = TLSv1.3
	ssl.provider = null
	ssl.secure.random.implementation = null
	ssl.trustmanager.algorithm = PKIX
	ssl.truststore.certificates = null
	ssl.truststore.location = null
	ssl.truststore.password = null
	ssl.truststore.type = JKS
	transaction.timeout.ms = 60000
	transactional.id = null
	value.serializer = class io.apicurio.registry.serde.avro.AvroKafkaSerializer

2025-08-06 15:40:19,059 INFO  [org.apa.kaf.com.tel.int.KafkaMetricsCollector] (main) initializing Kafka metrics collector
2025-08-06 15:40:19,095 INFO  [org.apa.kaf.cli.pro.KafkaProducer] (main) [Producer clientId=Producer-topic-c352db65_5b7d_447f_b554_7b7d1c5ccfbf] Instantiated an idempotent producer.
2025-08-06 15:40:19,146 INFO  [org.apa.kaf.cli.pro.ProducerConfig] (main) These configurations '[apicurio.registry.url, apicurio.registry.auto-register, apicurio.registry.use-id, apicurio.registry.artifact-resolver-strategy]' were supplied but are not used yet.
2025-08-06 15:40:19,146 INFO  [org.apa.kaf.com.uti.AppInfoParser] (main) Kafka version: 3.9.1
2025-08-06 15:40:19,147 INFO  [org.apa.kaf.com.uti.AppInfoParser] (main) Kafka commitId: f745dfdcee2b9851
2025-08-06 15:40:19,147 INFO  [org.apa.kaf.com.uti.AppInfoParser] (main) Kafka startTimeMs: 1754494819146
2025-08-06 15:40:19,147 INFO  [io.api.tes.ser.api.SimpleSerdesTesterBuilder$SimpleSerdesTester] (main) Using producer configuration: {apicurio.registry.url=http://registry-app-ksql047.apps.ci419.apicurio-testing.org:80/apis/registry/v3, apicurio.registry.auto-register=true, apicurio.registry.use-id=globalId, apicurio.registry.artifact-resolver-strategy=io.apicurio.registry.serde.strategy.TopicIdStrategy, value.serializer=io.apicurio.registry.serde.avro.AvroKafkaSerializer, request.timeout.ms=5000, acks=all, bootstrap.servers=PLAINTEXT://localhost:32769, connections.max.idle.ms=10000, key.serializer=org.apache.kafka.common.serialization.StringSerializer, client.id=Producer-topic-c352db65_5b7d_447f_b554_7b7d1c5ccfbf}
2025-08-06 15:40:19,147 INFO  [io.api.tes.ser.api.SimpleSerdesTesterBuilder$SimpleSerdesTester] (main) Using consumer configuration: {apicurio.registry.use-id=globalId}
2025-08-06 15:40:19,158 INFO  [io.api.tes.ser.api.KafkaSerdesTester] (Thread-600) Sending message {"key11754494818990": "value-0"} to topic topic-c352db65_5b7d_447f_b554_7b7d1c5ccfbf
2025-08-06 15:40:19,490 WARN  [org.apa.kaf.cli.NetworkClient] (kafka-producer-network-thread | Producer-topic-c352db65_5b7d_447f_b554_7b7d1c5ccfbf) [Producer clientId=Producer-topic-c352db65_5b7d_447f_b554_7b7d1c5ccfbf] The metadata response from the cluster reported a recoverable issue with correlation id 1 : {topic-c352db65_5b7d_447f_b554_7b7d1c5ccfbf=UNKNOWN_TOPIC_OR_PARTITION}
2025-08-06 15:40:19,491 INFO  [org.apa.kaf.cli.Metadata] (kafka-producer-network-thread | Producer-topic-c352db65_5b7d_447f_b554_7b7d1c5ccfbf) [Producer clientId=Producer-topic-c352db65_5b7d_447f_b554_7b7d1c5ccfbf] Cluster ID: QWxucHVARmyNXcabXl68yQ
2025-08-06 15:40:19,725 INFO  [org.apa.kaf.cli.pro.int.TransactionManager] (kafka-producer-network-thread | Producer-topic-c352db65_5b7d_447f_b554_7b7d1c5ccfbf) [Producer clientId=Producer-topic-c352db65_5b7d_447f_b554_7b7d1c5ccfbf] ProducerId set to 0 with epoch 0
2025-08-06 15:40:19,926 INFO  [io.api.tes.ser.api.KafkaSerdesTester] (Thread-600) Sending message {"key11754494818990": "value-1"} to topic topic-c352db65_5b7d_447f_b554_7b7d1c5ccfbf
2025-08-06 15:40:19,942 INFO  [io.api.tes.ser.api.KafkaSerdesTester] (Thread-600) Sending message {"key11754494818990": "value-2"} to topic topic-c352db65_5b7d_447f_b554_7b7d1c5ccfbf
2025-08-06 15:40:19,948 INFO  [io.api.tes.ser.api.KafkaSerdesTester] (Thread-600) Sending message {"key11754494818990": "value-3"} to topic topic-c352db65_5b7d_447f_b554_7b7d1c5ccfbf
2025-08-06 15:40:19,951 INFO  [io.api.tes.ser.api.KafkaSerdesTester] (Thread-600) Sending message {"key11754494818990": "value-4"} to topic topic-c352db65_5b7d_447f_b554_7b7d1c5ccfbf
2025-08-06 15:40:19,953 INFO  [io.api.tes.ser.api.KafkaSerdesTester] (Thread-600) Sending message {"key11754494818990": "value-5"} to topic topic-c352db65_5b7d_447f_b554_7b7d1c5ccfbf
2025-08-06 15:40:19,958 INFO  [io.api.tes.ser.api.KafkaSerdesTester] (Thread-600) Sending message {"key11754494818990": "value-6"} to topic topic-c352db65_5b7d_447f_b554_7b7d1c5ccfbf
2025-08-06 15:40:19,963 INFO  [io.api.tes.ser.api.KafkaSerdesTester] (Thread-600) Sending message {"key11754494818990": "value-7"} to topic topic-c352db65_5b7d_447f_b554_7b7d1c5ccfbf
2025-08-06 15:40:19,967 INFO  [io.api.tes.ser.api.KafkaSerdesTester] (Thread-600) Sending message {"key11754494818990": "value-8"} to topic topic-c352db65_5b7d_447f_b554_7b7d1c5ccfbf
2025-08-06 15:40:19,974 INFO  [io.api.tes.ser.api.KafkaSerdesTester] (Thread-600) Sending message {"key11754494818990": "value-9"} to topic topic-c352db65_5b7d_447f_b554_7b7d1c5ccfbf
2025-08-06 15:40:19,981 INFO  [io.api.tes.ser.api.KafkaSerdesTester] (Thread-600) Produced 10 messages
2025-08-06 15:40:19,981 INFO  [org.apa.kaf.cli.pro.KafkaProducer] (Thread-600) [Producer clientId=Producer-topic-c352db65_5b7d_447f_b554_7b7d1c5ccfbf] Closing the Kafka producer with timeoutMillis = 9223372036854775807 ms.
2025-08-06 15:40:19,994 INFO  [org.apa.kaf.com.met.Metrics] (Thread-600) Metrics scheduler closed
2025-08-06 15:40:19,994 INFO  [org.apa.kaf.com.met.Metrics] (Thread-600) Closing reporter org.apache.kafka.common.metrics.JmxReporter
2025-08-06 15:40:19,994 INFO  [org.apa.kaf.com.met.Metrics] (Thread-600) Closing reporter org.apache.kafka.common.telemetry.internals.ClientTelemetryReporter
2025-08-06 15:40:19,994 INFO  [org.apa.kaf.com.met.Metrics] (Thread-600) Metrics reporters closed
2025-08-06 15:40:19,995 INFO  [org.apa.kaf.com.uti.AppInfoParser] (Thread-600) App info kafka.producer for Producer-topic-c352db65_5b7d_447f_b554_7b7d1c5ccfbf unregistered
**** Registry Base URL: http://registry-app-ksql047.apps.ci419.apicurio-testing.org:80
2025-08-06 15:40:20,062 INFO  [org.apa.kaf.cli.con.ConsumerConfig] (main) ConsumerConfig values: 
	allow.auto.create.topics = true
	auto.commit.interval.ms = 500
	auto.include.jmx.reporter = true
	auto.offset.reset = earliest
	bootstrap.servers = [PLAINTEXT://localhost:32769]
	check.crcs = true
	client.dns.lookup = use_all_dns_ips
	client.id = consumer-Consumer-topic-c352db65_5b7d_447f_b554_7b7d1c5ccfbf-1
	client.rack = 
	connections.max.idle.ms = 10000
	default.api.timeout.ms = 60000
	enable.auto.commit = true
	enable.metrics.push = true
	exclude.internal.topics = true
	fetch.max.bytes = 52428800
	fetch.max.wait.ms = 500
	fetch.min.bytes = 1
	group.id = Consumer-topic-c352db65_5b7d_447f_b554_7b7d1c5ccfbf
	group.instance.id = null
	group.protocol = classic
	group.remote.assignor = null
	heartbeat.interval.ms = 3000
	interceptor.classes = []
	internal.leave.group.on.close = true
	internal.throw.on.fetch.stable.offset.unsupported = false
	isolation.level = read_uncommitted
	key.deserializer = class org.apache.kafka.common.serialization.StringDeserializer
	max.partition.fetch.bytes = 1048576
	max.poll.interval.ms = 300000
	max.poll.records = 500
	metadata.max.age.ms = 300000
	metadata.recovery.strategy = none
	metric.reporters = []
	metrics.num.samples = 2
	metrics.recording.level = INFO
	metrics.sample.window.ms = 30000
	partition.assignment.strategy = [class org.apache.kafka.clients.consumer.RangeAssignor, class org.apache.kafka.clients.consumer.CooperativeStickyAssignor]
	receive.buffer.bytes = 65536
	reconnect.backoff.max.ms = 1000
	reconnect.backoff.ms = 50
	request.timeout.ms = 5000
	retry.backoff.max.ms = 1000
	retry.backoff.ms = 100
	sasl.client.callback.handler.class = null
	sasl.jaas.config = null
	sasl.kerberos.kinit.cmd = /usr/bin/kinit
	sasl.kerberos.min.time.before.relogin = 60000
	sasl.kerberos.service.name = null
	sasl.kerberos.ticket.renew.jitter = 0.05
	sasl.kerberos.ticket.renew.window.factor = 0.8
	sasl.login.callback.handler.class = null
	sasl.login.class = null
	sasl.login.connect.timeout.ms = null
	sasl.login.read.timeout.ms = null
	sasl.login.refresh.buffer.seconds = 300
	sasl.login.refresh.min.period.seconds = 60
	sasl.login.refresh.window.factor = 0.8
	sasl.login.refresh.window.jitter = 0.05
	sasl.login.retry.backoff.max.ms = 10000
	sasl.login.retry.backoff.ms = 100
	sasl.mechanism = GSSAPI
	sasl.oauthbearer.clock.skew.seconds = 30
	sasl.oauthbearer.expected.audience = null
	sasl.oauthbearer.expected.issuer = null
	sasl.oauthbearer.header.urlencode = false
	sasl.oauthbearer.jwks.endpoint.refresh.ms = 3600000
	sasl.oauthbearer.jwks.endpoint.retry.backoff.max.ms = 10000
	sasl.oauthbearer.jwks.endpoint.retry.backoff.ms = 100
	sasl.oauthbearer.jwks.endpoint.url = null
	sasl.oauthbearer.scope.claim.name = scope
	sasl.oauthbearer.sub.claim.name = sub
	sasl.oauthbearer.token.endpoint.url = null
	security.protocol = PLAINTEXT
	security.providers = null
	send.buffer.bytes = 131072
	session.timeout.ms = 45000
	socket.connection.setup.timeout.max.ms = 30000
	socket.connection.setup.timeout.ms = 10000
	ssl.cipher.suites = null
	ssl.enabled.protocols = [TLSv1.2, TLSv1.3]
	ssl.endpoint.identification.algorithm = https
	ssl.engine.factory.class = null
	ssl.key.password = null
	ssl.keymanager.algorithm = SunX509
	ssl.keystore.certificate.chain = null
	ssl.keystore.key = null
	ssl.keystore.location = null
	ssl.keystore.password = null
	ssl.keystore.type = JKS
	ssl.protocol = TLSv1.3
	ssl.provider = null
	ssl.secure.random.implementation = null
	ssl.trustmanager.algorithm = PKIX
	ssl.truststore.certificates = null
	ssl.truststore.location = null
	ssl.truststore.password = null
	ssl.truststore.type = JKS
	value.deserializer = class io.apicurio.registry.serde.avro.AvroKafkaDeserializer

2025-08-06 15:40:20,070 INFO  [org.apa.kaf.com.tel.int.KafkaMetricsCollector] (main) initializing Kafka metrics collector
2025-08-06 15:40:20,112 INFO  [org.apa.kaf.cli.con.ConsumerConfig] (main) These configurations '[apicurio.registry.url, apicurio.registry.use-id]' were supplied but are not used yet.
2025-08-06 15:40:20,113 INFO  [org.apa.kaf.com.uti.AppInfoParser] (main) Kafka version: 3.9.1
2025-08-06 15:40:20,113 INFO  [org.apa.kaf.com.uti.AppInfoParser] (main) Kafka commitId: f745dfdcee2b9851
2025-08-06 15:40:20,113 INFO  [org.apa.kaf.com.uti.AppInfoParser] (main) Kafka startTimeMs: 1754494820113
2025-08-06 15:40:20,115 INFO  [org.apa.kaf.cli.con.int.ClassicKafkaConsumer] (Thread-603) [Consumer clientId=consumer-Consumer-topic-c352db65_5b7d_447f_b554_7b7d1c5ccfbf-1, groupId=Consumer-topic-c352db65_5b7d_447f_b554_7b7d1c5ccfbf] Subscribed to topic(s): topic-c352db65_5b7d_447f_b554_7b7d1c5ccfbf
2025-08-06 15:40:20,132 INFO  [org.apa.kaf.cli.Metadata] (Thread-603) [Consumer clientId=consumer-Consumer-topic-c352db65_5b7d_447f_b554_7b7d1c5ccfbf-1, groupId=Consumer-topic-c352db65_5b7d_447f_b554_7b7d1c5ccfbf] Cluster ID: QWxucHVARmyNXcabXl68yQ
2025-08-06 15:40:20,258 INFO  [org.apa.kaf.cli.con.int.ConsumerCoordinator] (Thread-603) [Consumer clientId=consumer-Consumer-topic-c352db65_5b7d_447f_b554_7b7d1c5ccfbf-1, groupId=Consumer-topic-c352db65_5b7d_447f_b554_7b7d1c5ccfbf] Discovered group coordinator localhost:32769 (id: 2147483647 rack: null)
2025-08-06 15:40:20,278 INFO  [org.apa.kaf.cli.con.int.ConsumerCoordinator] (Thread-603) [Consumer clientId=consumer-Consumer-topic-c352db65_5b7d_447f_b554_7b7d1c5ccfbf-1, groupId=Consumer-topic-c352db65_5b7d_447f_b554_7b7d1c5ccfbf] (Re-)joining group
2025-08-06 15:40:20,325 INFO  [org.apa.kaf.cli.con.int.ConsumerCoordinator] (Thread-603) [Consumer clientId=consumer-Consumer-topic-c352db65_5b7d_447f_b554_7b7d1c5ccfbf-1, groupId=Consumer-topic-c352db65_5b7d_447f_b554_7b7d1c5ccfbf] Group coordinator localhost:32769 (id: 2147483647 rack: null) is unavailable or invalid due to cause: error response NOT_COORDINATOR. isDisconnected: false. Rediscovery will be attempted.
2025-08-06 15:40:20,325 INFO  [org.apa.kaf.cli.con.int.ConsumerCoordinator] (Thread-603) [Consumer clientId=consumer-Consumer-topic-c352db65_5b7d_447f_b554_7b7d1c5ccfbf-1, groupId=Consumer-topic-c352db65_5b7d_447f_b554_7b7d1c5ccfbf] Requesting disconnect from last known coordinator localhost:32769 (id: 2147483647 rack: null)
2025-08-06 15:40:20,325 INFO  [org.apa.kaf.cli.con.int.ConsumerCoordinator] (Thread-603) [Consumer clientId=consumer-Consumer-topic-c352db65_5b7d_447f_b554_7b7d1c5ccfbf-1, groupId=Consumer-topic-c352db65_5b7d_447f_b554_7b7d1c5ccfbf] JoinGroup failed: This is not the correct coordinator. Marking coordinator unknown. Sent generation was Generation{generationId=-1, memberId='', protocol='null'}
2025-08-06 15:40:20,326 INFO  [org.apa.kaf.cli.NetworkClient] (Thread-603) [Consumer clientId=consumer-Consumer-topic-c352db65_5b7d_447f_b554_7b7d1c5ccfbf-1, groupId=Consumer-topic-c352db65_5b7d_447f_b554_7b7d1c5ccfbf] Client requested disconnect from node 2147483647
2025-08-06 15:40:20,335 INFO  [org.apa.kaf.cli.con.int.ConsumerCoordinator] (Thread-603) [Consumer clientId=consumer-Consumer-topic-c352db65_5b7d_447f_b554_7b7d1c5ccfbf-1, groupId=Consumer-topic-c352db65_5b7d_447f_b554_7b7d1c5ccfbf] Discovered group coordinator localhost:32769 (id: 2147483647 rack: null)
2025-08-06 15:40:20,335 INFO  [org.apa.kaf.cli.con.int.ConsumerCoordinator] (Thread-603) [Consumer clientId=consumer-Consumer-topic-c352db65_5b7d_447f_b554_7b7d1c5ccfbf-1, groupId=Consumer-topic-c352db65_5b7d_447f_b554_7b7d1c5ccfbf] Group coordinator localhost:32769 (id: 2147483647 rack: null) is unavailable or invalid due to cause: coordinator unavailable. isDisconnected: false. Rediscovery will be attempted.
2025-08-06 15:40:20,335 INFO  [org.apa.kaf.cli.con.int.ConsumerCoordinator] (Thread-603) [Consumer clientId=consumer-Consumer-topic-c352db65_5b7d_447f_b554_7b7d1c5ccfbf-1, groupId=Consumer-topic-c352db65_5b7d_447f_b554_7b7d1c5ccfbf] Requesting disconnect from last known coordinator localhost:32769 (id: 2147483647 rack: null)
2025-08-06 15:40:20,424 INFO  [org.apa.kaf.cli.con.int.ConsumerCoordinator] (Thread-603) [Consumer clientId=consumer-Consumer-topic-c352db65_5b7d_447f_b554_7b7d1c5ccfbf-1, groupId=Consumer-topic-c352db65_5b7d_447f_b554_7b7d1c5ccfbf] Discovered group coordinator localhost:32769 (id: 2147483647 rack: null)
2025-08-06 15:40:20,426 INFO  [org.apa.kaf.cli.con.int.ConsumerCoordinator] (Thread-603) [Consumer clientId=consumer-Consumer-topic-c352db65_5b7d_447f_b554_7b7d1c5ccfbf-1, groupId=Consumer-topic-c352db65_5b7d_447f_b554_7b7d1c5ccfbf] Request joining group due to: rebalance failed due to 'This is not the correct coordinator.' (NotCoordinatorException)
2025-08-06 15:40:20,426 INFO  [org.apa.kaf.cli.con.int.ConsumerCoordinator] (Thread-603) [Consumer clientId=consumer-Consumer-topic-c352db65_5b7d_447f_b554_7b7d1c5ccfbf-1, groupId=Consumer-topic-c352db65_5b7d_447f_b554_7b7d1c5ccfbf] (Re-)joining group
2025-08-06 15:40:20,435 INFO  [org.apa.kaf.cli.con.int.ConsumerCoordinator] (Thread-603) [Consumer clientId=consumer-Consumer-topic-c352db65_5b7d_447f_b554_7b7d1c5ccfbf-1, groupId=Consumer-topic-c352db65_5b7d_447f_b554_7b7d1c5ccfbf] Group coordinator localhost:32769 (id: 2147483647 rack: null) is unavailable or invalid due to cause: error response NOT_COORDINATOR. isDisconnected: false. Rediscovery will be attempted.
2025-08-06 15:40:20,435 INFO  [org.apa.kaf.cli.con.int.ConsumerCoordinator] (Thread-603) [Consumer clientId=consumer-Consumer-topic-c352db65_5b7d_447f_b554_7b7d1c5ccfbf-1, groupId=Consumer-topic-c352db65_5b7d_447f_b554_7b7d1c5ccfbf] Requesting disconnect from last known coordinator localhost:32769 (id: 2147483647 rack: null)
2025-08-06 15:40:20,435 INFO  [org.apa.kaf.cli.con.int.ConsumerCoordinator] (Thread-603) [Consumer clientId=consumer-Consumer-topic-c352db65_5b7d_447f_b554_7b7d1c5ccfbf-1, groupId=Consumer-topic-c352db65_5b7d_447f_b554_7b7d1c5ccfbf] JoinGroup failed: This is not the correct coordinator. Marking coordinator unknown. Sent generation was Generation{generationId=-1, memberId='', protocol='null'}
2025-08-06 15:40:20,437 INFO  [org.apa.kaf.cli.NetworkClient] (Thread-603) [Consumer clientId=consumer-Consumer-topic-c352db65_5b7d_447f_b554_7b7d1c5ccfbf-1, groupId=Consumer-topic-c352db65_5b7d_447f_b554_7b7d1c5ccfbf] Client requested disconnect from node 2147483647
2025-08-06 15:40:20,445 INFO  [org.apa.kaf.cli.con.int.ConsumerCoordinator] (Thread-603) [Consumer clientId=consumer-Consumer-topic-c352db65_5b7d_447f_b554_7b7d1c5ccfbf-1, groupId=Consumer-topic-c352db65_5b7d_447f_b554_7b7d1c5ccfbf] Discovered group coordinator localhost:32769 (id: 2147483647 rack: null)
2025-08-06 15:40:20,445 INFO  [org.apa.kaf.cli.con.int.ConsumerCoordinator] (Thread-603) [Consumer clientId=consumer-Consumer-topic-c352db65_5b7d_447f_b554_7b7d1c5ccfbf-1, groupId=Consumer-topic-c352db65_5b7d_447f_b554_7b7d1c5ccfbf] Group coordinator localhost:32769 (id: 2147483647 rack: null) is unavailable or invalid due to cause: coordinator unavailable. isDisconnected: false. Rediscovery will be attempted.
2025-08-06 15:40:20,446 INFO  [org.apa.kaf.cli.con.int.ConsumerCoordinator] (Thread-603) [Consumer clientId=consumer-Consumer-topic-c352db65_5b7d_447f_b554_7b7d1c5ccfbf-1, groupId=Consumer-topic-c352db65_5b7d_447f_b554_7b7d1c5ccfbf] Requesting disconnect from last known coordinator localhost:32769 (id: 2147483647 rack: null)
2025-08-06 15:40:20,529 INFO  [org.apa.kaf.cli.con.int.ConsumerCoordinator] (Thread-603) [Consumer clientId=consumer-Consumer-topic-c352db65_5b7d_447f_b554_7b7d1c5ccfbf-1, groupId=Consumer-topic-c352db65_5b7d_447f_b554_7b7d1c5ccfbf] Discovered group coordinator localhost:32769 (id: 2147483647 rack: null)
2025-08-06 15:40:20,531 INFO  [org.apa.kaf.cli.con.int.ConsumerCoordinator] (Thread-603) [Consumer clientId=consumer-Consumer-topic-c352db65_5b7d_447f_b554_7b7d1c5ccfbf-1, groupId=Consumer-topic-c352db65_5b7d_447f_b554_7b7d1c5ccfbf] Request joining group due to: rebalance failed due to 'This is not the correct coordinator.' (NotCoordinatorException)
2025-08-06 15:40:20,531 INFO  [org.apa.kaf.cli.con.int.ConsumerCoordinator] (Thread-603) [Consumer clientId=consumer-Consumer-topic-c352db65_5b7d_447f_b554_7b7d1c5ccfbf-1, groupId=Consumer-topic-c352db65_5b7d_447f_b554_7b7d1c5ccfbf] (Re-)joining group
2025-08-06 15:40:20,549 INFO  [org.apa.kaf.cli.con.int.ConsumerCoordinator] (Thread-603) [Consumer clientId=consumer-Consumer-topic-c352db65_5b7d_447f_b554_7b7d1c5ccfbf-1, groupId=Consumer-topic-c352db65_5b7d_447f_b554_7b7d1c5ccfbf] Group coordinator localhost:32769 (id: 2147483647 rack: null) is unavailable or invalid due to cause: error response NOT_COORDINATOR. isDisconnected: false. Rediscovery will be attempted.
2025-08-06 15:40:20,549 INFO  [org.apa.kaf.cli.con.int.ConsumerCoordinator] (Thread-603) [Consumer clientId=consumer-Consumer-topic-c352db65_5b7d_447f_b554_7b7d1c5ccfbf-1, groupId=Consumer-topic-c352db65_5b7d_447f_b554_7b7d1c5ccfbf] Requesting disconnect from last known coordinator localhost:32769 (id: 2147483647 rack: null)
2025-08-06 15:40:20,550 INFO  [org.apa.kaf.cli.con.int.ConsumerCoordinator] (Thread-603) [Consumer clientId=consumer-Consumer-topic-c352db65_5b7d_447f_b554_7b7d1c5ccfbf-1, groupId=Consumer-topic-c352db65_5b7d_447f_b554_7b7d1c5ccfbf] JoinGroup failed: This is not the correct coordinator. Marking coordinator unknown. Sent generation was Generation{generationId=-1, memberId='', protocol='null'}
2025-08-06 15:40:20,550 INFO  [org.apa.kaf.cli.NetworkClient] (Thread-603) [Consumer clientId=consumer-Consumer-topic-c352db65_5b7d_447f_b554_7b7d1c5ccfbf-1, groupId=Consumer-topic-c352db65_5b7d_447f_b554_7b7d1c5ccfbf] Client requested disconnect from node 2147483647
2025-08-06 15:40:20,559 INFO  [org.apa.kaf.cli.con.int.ConsumerCoordinator] (Thread-603) [Consumer clientId=consumer-Consumer-topic-c352db65_5b7d_447f_b554_7b7d1c5ccfbf-1, groupId=Consumer-topic-c352db65_5b7d_447f_b554_7b7d1c5ccfbf] Discovered group coordinator localhost:32769 (id: 2147483647 rack: null)
2025-08-06 15:40:20,559 INFO  [org.apa.kaf.cli.con.int.ConsumerCoordinator] (Thread-603) [Consumer clientId=consumer-Consumer-topic-c352db65_5b7d_447f_b554_7b7d1c5ccfbf-1, groupId=Consumer-topic-c352db65_5b7d_447f_b554_7b7d1c5ccfbf] Group coordinator localhost:32769 (id: 2147483647 rack: null) is unavailable or invalid due to cause: coordinator unavailable. isDisconnected: false. Rediscovery will be attempted.
2025-08-06 15:40:20,559 INFO  [org.apa.kaf.cli.con.int.ConsumerCoordinator] (Thread-603) [Consumer clientId=consumer-Consumer-topic-c352db65_5b7d_447f_b554_7b7d1c5ccfbf-1, groupId=Consumer-topic-c352db65_5b7d_447f_b554_7b7d1c5ccfbf] Requesting disconnect from last known coordinator localhost:32769 (id: 2147483647 rack: null)
2025-08-06 15:40:20,662 INFO  [org.apa.kaf.cli.con.int.ConsumerCoordinator] (Thread-603) [Consumer clientId=consumer-Consumer-topic-c352db65_5b7d_447f_b554_7b7d1c5ccfbf-1, groupId=Consumer-topic-c352db65_5b7d_447f_b554_7b7d1c5ccfbf] Discovered group coordinator localhost:32769 (id: 2147483647 rack: null)
2025-08-06 15:40:20,664 INFO  [org.apa.kaf.cli.con.int.ConsumerCoordinator] (Thread-603) [Consumer clientId=consumer-Consumer-topic-c352db65_5b7d_447f_b554_7b7d1c5ccfbf-1, groupId=Consumer-topic-c352db65_5b7d_447f_b554_7b7d1c5ccfbf] Request joining group due to: rebalance failed due to 'This is not the correct coordinator.' (NotCoordinatorException)
2025-08-06 15:40:20,664 INFO  [org.apa.kaf.cli.con.int.ConsumerCoordinator] (Thread-603) [Consumer clientId=consumer-Consumer-topic-c352db65_5b7d_447f_b554_7b7d1c5ccfbf-1, groupId=Consumer-topic-c352db65_5b7d_447f_b554_7b7d1c5ccfbf] (Re-)joining group
2025-08-06 15:40:20,672 INFO  [org.apa.kaf.cli.con.int.ConsumerCoordinator] (Thread-603) [Consumer clientId=consumer-Consumer-topic-c352db65_5b7d_447f_b554_7b7d1c5ccfbf-1, groupId=Consumer-topic-c352db65_5b7d_447f_b554_7b7d1c5ccfbf] Group coordinator localhost:32769 (id: 2147483647 rack: null) is unavailable or invalid due to cause: error response NOT_COORDINATOR. isDisconnected: false. Rediscovery will be attempted.
2025-08-06 15:40:20,673 INFO  [org.apa.kaf.cli.con.int.ConsumerCoordinator] (Thread-603) [Consumer clientId=consumer-Consumer-topic-c352db65_5b7d_447f_b554_7b7d1c5ccfbf-1, groupId=Consumer-topic-c352db65_5b7d_447f_b554_7b7d1c5ccfbf] Requesting disconnect from last known coordinator localhost:32769 (id: 2147483647 rack: null)
2025-08-06 15:40:20,673 INFO  [org.apa.kaf.cli.con.int.ConsumerCoordinator] (Thread-603) [Consumer clientId=consumer-Consumer-topic-c352db65_5b7d_447f_b554_7b7d1c5ccfbf-1, groupId=Consumer-topic-c352db65_5b7d_447f_b554_7b7d1c5ccfbf] JoinGroup failed: This is not the correct coordinator. Marking coordinator unknown. Sent generation was Generation{generationId=-1, memberId='', protocol='null'}
2025-08-06 15:40:20,674 INFO  [org.apa.kaf.cli.NetworkClient] (Thread-603) [Consumer clientId=consumer-Consumer-topic-c352db65_5b7d_447f_b554_7b7d1c5ccfbf-1, groupId=Consumer-topic-c352db65_5b7d_447f_b554_7b7d1c5ccfbf] Client requested disconnect from node 2147483647
2025-08-06 15:40:20,678 INFO  [org.apa.kaf.cli.con.int.ConsumerCoordinator] (Thread-603) [Consumer clientId=consumer-Consumer-topic-c352db65_5b7d_447f_b554_7b7d1c5ccfbf-1, groupId=Consumer-topic-c352db65_5b7d_447f_b554_7b7d1c5ccfbf] Discovered group coordinator localhost:32769 (id: 2147483647 rack: null)
2025-08-06 15:40:20,679 INFO  [org.apa.kaf.cli.con.int.ConsumerCoordinator] (Thread-603) [Consumer clientId=consumer-Consumer-topic-c352db65_5b7d_447f_b554_7b7d1c5ccfbf-1, groupId=Consumer-topic-c352db65_5b7d_447f_b554_7b7d1c5ccfbf] Group coordinator localhost:32769 (id: 2147483647 rack: null) is unavailable or invalid due to cause: coordinator unavailable. isDisconnected: false. Rediscovery will be attempted.
2025-08-06 15:40:20,679 INFO  [org.apa.kaf.cli.con.int.ConsumerCoordinator] (Thread-603) [Consumer clientId=consumer-Consumer-topic-c352db65_5b7d_447f_b554_7b7d1c5ccfbf-1, groupId=Consumer-topic-c352db65_5b7d_447f_b554_7b7d1c5ccfbf] Requesting disconnect from last known coordinator localhost:32769 (id: 2147483647 rack: null)
2025-08-06 15:40:20,782 INFO  [org.apa.kaf.cli.con.int.ConsumerCoordinator] (Thread-603) [Consumer clientId=consumer-Consumer-topic-c352db65_5b7d_447f_b554_7b7d1c5ccfbf-1, groupId=Consumer-topic-c352db65_5b7d_447f_b554_7b7d1c5ccfbf] Discovered group coordinator localhost:32769 (id: 2147483647 rack: null)
2025-08-06 15:40:20,784 INFO  [org.apa.kaf.cli.con.int.ConsumerCoordinator] (Thread-603) [Consumer clientId=consumer-Consumer-topic-c352db65_5b7d_447f_b554_7b7d1c5ccfbf-1, groupId=Consumer-topic-c352db65_5b7d_447f_b554_7b7d1c5ccfbf] Request joining group due to: rebalance failed due to 'This is not the correct coordinator.' (NotCoordinatorException)
2025-08-06 15:40:20,786 INFO  [org.apa.kaf.cli.con.int.ConsumerCoordinator] (Thread-603) [Consumer clientId=consumer-Consumer-topic-c352db65_5b7d_447f_b554_7b7d1c5ccfbf-1, groupId=Consumer-topic-c352db65_5b7d_447f_b554_7b7d1c5ccfbf] (Re-)joining group
2025-08-06 15:40:20,832 INFO  [org.apa.kaf.cli.con.int.ConsumerCoordinator] (Thread-603) [Consumer clientId=consumer-Consumer-topic-c352db65_5b7d_447f_b554_7b7d1c5ccfbf-1, groupId=Consumer-topic-c352db65_5b7d_447f_b554_7b7d1c5ccfbf] JoinGroup failed: Coordinator localhost:32769 (id: 2147483647 rack: null) is loading the group.
2025-08-06 15:40:20,832 INFO  [org.apa.kaf.cli.con.int.ConsumerCoordinator] (Thread-603) [Consumer clientId=consumer-Consumer-topic-c352db65_5b7d_447f_b554_7b7d1c5ccfbf-1, groupId=Consumer-topic-c352db65_5b7d_447f_b554_7b7d1c5ccfbf] Request joining group due to: rebalance failed due to 'The coordinator is loading and hence can't process requests.' (CoordinatorLoadInProgressException)
2025-08-06 15:40:20,934 INFO  [org.apa.kaf.cli.con.int.ConsumerCoordinator] (Thread-603) [Consumer clientId=consumer-Consumer-topic-c352db65_5b7d_447f_b554_7b7d1c5ccfbf-1, groupId=Consumer-topic-c352db65_5b7d_447f_b554_7b7d1c5ccfbf] (Re-)joining group
2025-08-06 15:40:20,942 INFO  [org.apa.kaf.cli.con.int.ConsumerCoordinator] (Thread-603) [Consumer clientId=consumer-Consumer-topic-c352db65_5b7d_447f_b554_7b7d1c5ccfbf-1, groupId=Consumer-topic-c352db65_5b7d_447f_b554_7b7d1c5ccfbf] Request joining group due to: need to re-join with the given member-id: consumer-Consumer-topic-c352db65_5b7d_447f_b554_7b7d1c5ccfbf-1-9c13140b-5e69-476f-b3eb-409f287b2026
2025-08-06 15:40:20,942 INFO  [org.apa.kaf.cli.con.int.ConsumerCoordinator] (Thread-603) [Consumer clientId=consumer-Consumer-topic-c352db65_5b7d_447f_b554_7b7d1c5ccfbf-1, groupId=Consumer-topic-c352db65_5b7d_447f_b554_7b7d1c5ccfbf] (Re-)joining group
2025-08-06 15:40:21,116 INFO  [io.api.tes.ser.api.KafkaSerdesTester] (Thread-603) None found
2025-08-06 15:40:22,117 INFO  [io.api.tes.ser.api.KafkaSerdesTester] (Thread-603) None found
2025-08-06 15:40:23,118 INFO  [io.api.tes.ser.api.KafkaSerdesTester] (Thread-603) None found
2025-08-06 15:40:23,966 INFO  [org.apa.kaf.cli.con.int.ConsumerCoordinator] (Thread-603) [Consumer clientId=consumer-Consumer-topic-c352db65_5b7d_447f_b554_7b7d1c5ccfbf-1, groupId=Consumer-topic-c352db65_5b7d_447f_b554_7b7d1c5ccfbf] Successfully joined group with generation Generation{generationId=1, memberId='consumer-Consumer-topic-c352db65_5b7d_447f_b554_7b7d1c5ccfbf-1-9c13140b-5e69-476f-b3eb-409f287b2026', protocol='range'}
2025-08-06 15:40:23,978 INFO  [org.apa.kaf.cli.con.int.ConsumerCoordinator] (Thread-603) [Consumer clientId=consumer-Consumer-topic-c352db65_5b7d_447f_b554_7b7d1c5ccfbf-1, groupId=Consumer-topic-c352db65_5b7d_447f_b554_7b7d1c5ccfbf] Finished assignment for group at generation 1: {consumer-Consumer-topic-c352db65_5b7d_447f_b554_7b7d1c5ccfbf-1-9c13140b-5e69-476f-b3eb-409f287b2026=Assignment(partitions=[topic-c352db65_5b7d_447f_b554_7b7d1c5ccfbf-0])}
2025-08-06 15:40:24,001 INFO  [org.apa.kaf.cli.con.int.ConsumerCoordinator] (Thread-603) [Consumer clientId=consumer-Consumer-topic-c352db65_5b7d_447f_b554_7b7d1c5ccfbf-1, groupId=Consumer-topic-c352db65_5b7d_447f_b554_7b7d1c5ccfbf] Successfully synced group in generation Generation{generationId=1, memberId='consumer-Consumer-topic-c352db65_5b7d_447f_b554_7b7d1c5ccfbf-1-9c13140b-5e69-476f-b3eb-409f287b2026', protocol='range'}
2025-08-06 15:40:24,001 INFO  [org.apa.kaf.cli.con.int.ConsumerCoordinator] (Thread-603) [Consumer clientId=consumer-Consumer-topic-c352db65_5b7d_447f_b554_7b7d1c5ccfbf-1, groupId=Consumer-topic-c352db65_5b7d_447f_b554_7b7d1c5ccfbf] Notifying assignor about the new Assignment(partitions=[topic-c352db65_5b7d_447f_b554_7b7d1c5ccfbf-0])
2025-08-06 15:40:24,009 INFO  [org.apa.kaf.cli.con.int.ConsumerRebalanceListenerInvoker] (Thread-603) [Consumer clientId=consumer-Consumer-topic-c352db65_5b7d_447f_b554_7b7d1c5ccfbf-1, groupId=Consumer-topic-c352db65_5b7d_447f_b554_7b7d1c5ccfbf] Adding newly assigned partitions: topic-c352db65_5b7d_447f_b554_7b7d1c5ccfbf-0
2025-08-06 15:40:24,028 INFO  [org.apa.kaf.cli.con.int.ConsumerCoordinator] (Thread-603) [Consumer clientId=consumer-Consumer-topic-c352db65_5b7d_447f_b554_7b7d1c5ccfbf-1, groupId=Consumer-topic-c352db65_5b7d_447f_b554_7b7d1c5ccfbf] Found no committed offset for partition topic-c352db65_5b7d_447f_b554_7b7d1c5ccfbf-0
2025-08-06 15:40:24,058 INFO  [org.apa.kaf.cli.con.int.SubscriptionState] (Thread-603) [Consumer clientId=consumer-Consumer-topic-c352db65_5b7d_447f_b554_7b7d1c5ccfbf-1, groupId=Consumer-topic-c352db65_5b7d_447f_b554_7b7d1c5ccfbf] Resetting offset for partition topic-c352db65_5b7d_447f_b554_7b7d1c5ccfbf-0 to position FetchPosition{offset=0, offsetEpoch=Optional.empty, currentLeader=LeaderAndEpoch{leader=Optional[localhost:32769 (id: 0 rack: null)], epoch=0}}.
2025-08-06 15:40:24,185 INFO  [io.api.tes.ser.api.KafkaSerdesTester] (Thread-603) topic-c352db65_5b7d_447f_b554_7b7d1c5ccfbf 0 0 {"key11754494818990": "value-0"}
2025-08-06 15:40:24,185 INFO  [io.api.tes.ser.api.KafkaSerdesTester] (Thread-603) topic-c352db65_5b7d_447f_b554_7b7d1c5ccfbf 0 1 {"key11754494818990": "value-1"}
2025-08-06 15:40:24,185 INFO  [io.api.tes.ser.api.KafkaSerdesTester] (Thread-603) topic-c352db65_5b7d_447f_b554_7b7d1c5ccfbf 0 2 {"key11754494818990": "value-2"}
2025-08-06 15:40:24,185 INFO  [io.api.tes.ser.api.KafkaSerdesTester] (Thread-603) topic-c352db65_5b7d_447f_b554_7b7d1c5ccfbf 0 3 {"key11754494818990": "value-3"}
2025-08-06 15:40:24,185 INFO  [io.api.tes.ser.api.KafkaSerdesTester] (Thread-603) topic-c352db65_5b7d_447f_b554_7b7d1c5ccfbf 0 4 {"key11754494818990": "value-4"}
2025-08-06 15:40:24,185 INFO  [io.api.tes.ser.api.KafkaSerdesTester] (Thread-603) topic-c352db65_5b7d_447f_b554_7b7d1c5ccfbf 0 5 {"key11754494818990": "value-5"}
2025-08-06 15:40:24,193 INFO  [io.api.tes.ser.api.KafkaSerdesTester] (Thread-603) topic-c352db65_5b7d_447f_b554_7b7d1c5ccfbf 0 6 {"key11754494818990": "value-6"}
2025-08-06 15:40:24,193 INFO  [io.api.tes.ser.api.KafkaSerdesTester] (Thread-603) topic-c352db65_5b7d_447f_b554_7b7d1c5ccfbf 0 7 {"key11754494818990": "value-7"}
2025-08-06 15:40:24,193 INFO  [io.api.tes.ser.api.KafkaSerdesTester] (Thread-603) topic-c352db65_5b7d_447f_b554_7b7d1c5ccfbf 0 8 {"key11754494818990": "value-8"}
2025-08-06 15:40:24,193 INFO  [io.api.tes.ser.api.KafkaSerdesTester] (Thread-603) topic-c352db65_5b7d_447f_b554_7b7d1c5ccfbf 0 9 {"key11754494818990": "value-9"}
2025-08-06 15:40:24,193 INFO  [io.api.tes.ser.api.KafkaSerdesTester] (Thread-603) Consumed 10 messages
2025-08-06 15:40:24,228 INFO  [org.apa.kaf.cli.con.int.ConsumerRebalanceListenerInvoker] (Thread-603) [Consumer clientId=consumer-Consumer-topic-c352db65_5b7d_447f_b554_7b7d1c5ccfbf-1, groupId=Consumer-topic-c352db65_5b7d_447f_b554_7b7d1c5ccfbf] Revoke previously assigned partitions topic-c352db65_5b7d_447f_b554_7b7d1c5ccfbf-0
2025-08-06 15:40:24,228 INFO  [org.apa.kaf.cli.con.int.ConsumerCoordinator] (Thread-603) [Consumer clientId=consumer-Consumer-topic-c352db65_5b7d_447f_b554_7b7d1c5ccfbf-1, groupId=Consumer-topic-c352db65_5b7d_447f_b554_7b7d1c5ccfbf] Member consumer-Consumer-topic-c352db65_5b7d_447f_b554_7b7d1c5ccfbf-1-9c13140b-5e69-476f-b3eb-409f287b2026 sending LeaveGroup request to coordinator localhost:32769 (id: 2147483647 rack: null) due to the consumer is being closed
2025-08-06 15:40:24,229 INFO  [org.apa.kaf.cli.con.int.ConsumerCoordinator] (Thread-603) [Consumer clientId=consumer-Consumer-topic-c352db65_5b7d_447f_b554_7b7d1c5ccfbf-1, groupId=Consumer-topic-c352db65_5b7d_447f_b554_7b7d1c5ccfbf] Resetting generation and member id due to: consumer pro-actively leaving the group
2025-08-06 15:40:24,229 INFO  [org.apa.kaf.cli.con.int.ConsumerCoordinator] (Thread-603) [Consumer clientId=consumer-Consumer-topic-c352db65_5b7d_447f_b554_7b7d1c5ccfbf-1, groupId=Consumer-topic-c352db65_5b7d_447f_b554_7b7d1c5ccfbf] Request joining group due to: consumer pro-actively leaving the group
2025-08-06 15:40:24,712 INFO  [org.apa.kaf.com.met.Metrics] (Thread-603) Metrics scheduler closed
2025-08-06 15:40:24,712 INFO  [org.apa.kaf.com.met.Metrics] (Thread-603) Closing reporter org.apache.kafka.common.metrics.JmxReporter
2025-08-06 15:40:24,712 INFO  [org.apa.kaf.com.met.Metrics] (Thread-603) Closing reporter org.apache.kafka.common.telemetry.internals.ClientTelemetryReporter
2025-08-06 15:40:24,712 INFO  [org.apa.kaf.com.met.Metrics] (Thread-603) Metrics reporters closed
2025-08-06 15:40:24,718 INFO  [org.apa.kaf.com.uti.AppInfoParser] (Thread-603) App info kafka.consumer for consumer-Consumer-topic-c352db65_5b7d_447f_b554_7b7d1c5ccfbf-1 unregistered
2025-08-06 15:40:24,718 INFO  [io.api.tes.uti.TestSeparator] (main) io.apicurio.tests.serdes.apicurio.AvroSerdeIT.testGlobalIdInHeaders-FINISHED
2025-08-06 15:40:24,718 INFO  [io.api.tes.uti.TestSeparator] (main) ############################################################################
Test passed: testGlobalIdInHeaders
]]></system-out>
  </testcase>
  <testcase name="testSimpleTopicIdStrategyFindLatest" classname="io.apicurio.tests.serdes.apicurio.AvroSerdeIT" time="4.858">
    <system-out><![CDATA[2025-08-06 15:40:24,720 INFO  [io.api.tes.uti.TestSeparator] (main) ############################################################################
2025-08-06 15:40:24,720 INFO  [io.api.tes.uti.TestSeparator] (main) io.apicurio.tests.serdes.apicurio.AvroSerdeIT.testSimpleTopicIdStrategyFindLatest-STARTED
2025-08-06 15:40:24,725 INFO  [io.api.tes.ser.api.AvroSerdeIT] (main) Registering Avro Schema: {"type":"record","name":"myrecordapicurio1","fields":[{"name":"key11754494824724","type":"string"}]}
**** Registry Base URL: http://registry-app-ksql047.apps.ci419.apicurio-testing.org:80
2025-08-06 15:40:25,805 INFO  [org.apa.kaf.cli.pro.ProducerConfig] (main) ProducerConfig values: 
	acks = -1
	auto.include.jmx.reporter = true
	batch.size = 16384
	bootstrap.servers = [PLAINTEXT://localhost:32769]
	buffer.memory = 33554432
	client.dns.lookup = use_all_dns_ips
	client.id = Producer-topic-6fabf658_2f34_4f58_a001_466e13e3b711
	compression.gzip.level = -1
	compression.lz4.level = 9
	compression.type = none
	compression.zstd.level = 3
	connections.max.idle.ms = 10000
	delivery.timeout.ms = 120000
	enable.idempotence = true
	enable.metrics.push = true
	interceptor.classes = []
	key.serializer = class org.apache.kafka.common.serialization.StringSerializer
	linger.ms = 0
	max.block.ms = 60000
	max.in.flight.requests.per.connection = 5
	max.request.size = 1048576
	metadata.max.age.ms = 300000
	metadata.max.idle.ms = 300000
	metadata.recovery.strategy = none
	metric.reporters = []
	metrics.num.samples = 2
	metrics.recording.level = INFO
	metrics.sample.window.ms = 30000
	partitioner.adaptive.partitioning.enable = true
	partitioner.availability.timeout.ms = 0
	partitioner.class = null
	partitioner.ignore.keys = false
	receive.buffer.bytes = 32768
	reconnect.backoff.max.ms = 1000
	reconnect.backoff.ms = 50
	request.timeout.ms = 5000
	retries = 2147483647
	retry.backoff.max.ms = 1000
	retry.backoff.ms = 100
	sasl.client.callback.handler.class = null
	sasl.jaas.config = null
	sasl.kerberos.kinit.cmd = /usr/bin/kinit
	sasl.kerberos.min.time.before.relogin = 60000
	sasl.kerberos.service.name = null
	sasl.kerberos.ticket.renew.jitter = 0.05
	sasl.kerberos.ticket.renew.window.factor = 0.8
	sasl.login.callback.handler.class = null
	sasl.login.class = null
	sasl.login.connect.timeout.ms = null
	sasl.login.read.timeout.ms = null
	sasl.login.refresh.buffer.seconds = 300
	sasl.login.refresh.min.period.seconds = 60
	sasl.login.refresh.window.factor = 0.8
	sasl.login.refresh.window.jitter = 0.05
	sasl.login.retry.backoff.max.ms = 10000
	sasl.login.retry.backoff.ms = 100
	sasl.mechanism = GSSAPI
	sasl.oauthbearer.clock.skew.seconds = 30
	sasl.oauthbearer.expected.audience = null
	sasl.oauthbearer.expected.issuer = null
	sasl.oauthbearer.header.urlencode = false
	sasl.oauthbearer.jwks.endpoint.refresh.ms = 3600000
	sasl.oauthbearer.jwks.endpoint.retry.backoff.max.ms = 10000
	sasl.oauthbearer.jwks.endpoint.retry.backoff.ms = 100
	sasl.oauthbearer.jwks.endpoint.url = null
	sasl.oauthbearer.scope.claim.name = scope
	sasl.oauthbearer.sub.claim.name = sub
	sasl.oauthbearer.token.endpoint.url = null
	security.protocol = PLAINTEXT
	security.providers = null
	send.buffer.bytes = 131072
	socket.connection.setup.timeout.max.ms = 30000
	socket.connection.setup.timeout.ms = 10000
	ssl.cipher.suites = null
	ssl.enabled.protocols = [TLSv1.2, TLSv1.3]
	ssl.endpoint.identification.algorithm = https
	ssl.engine.factory.class = null
	ssl.key.password = null
	ssl.keymanager.algorithm = SunX509
	ssl.keystore.certificate.chain = null
	ssl.keystore.key = null
	ssl.keystore.location = null
	ssl.keystore.password = null
	ssl.keystore.type = JKS
	ssl.protocol = TLSv1.3
	ssl.provider = null
	ssl.secure.random.implementation = null
	ssl.trustmanager.algorithm = PKIX
	ssl.truststore.certificates = null
	ssl.truststore.location = null
	ssl.truststore.password = null
	ssl.truststore.type = JKS
	transaction.timeout.ms = 60000
	transactional.id = null
	value.serializer = class io.apicurio.registry.serde.avro.AvroKafkaSerializer

2025-08-06 15:40:25,805 INFO  [org.apa.kaf.com.tel.int.KafkaMetricsCollector] (main) initializing Kafka metrics collector
2025-08-06 15:40:25,809 INFO  [org.apa.kaf.cli.pro.KafkaProducer] (main) [Producer clientId=Producer-topic-6fabf658_2f34_4f58_a001_466e13e3b711] Instantiated an idempotent producer.
2025-08-06 15:40:25,814 INFO  [org.apa.kaf.cli.pro.ProducerConfig] (main) These configurations '[apicurio.registry.find-latest, apicurio.registry.artifact.group-id, apicurio.registry.url, apicurio.registry.artifact-resolver-strategy]' were supplied but are not used yet.
2025-08-06 15:40:25,814 INFO  [org.apa.kaf.com.uti.AppInfoParser] (main) Kafka version: 3.9.1
2025-08-06 15:40:25,814 INFO  [org.apa.kaf.com.uti.AppInfoParser] (main) Kafka commitId: f745dfdcee2b9851
2025-08-06 15:40:25,814 INFO  [org.apa.kaf.com.uti.AppInfoParser] (main) Kafka startTimeMs: 1754494825814
2025-08-06 15:40:25,815 INFO  [io.api.tes.ser.api.SimpleSerdesTesterBuilder$SimpleSerdesTester] (main) Using producer configuration: {apicurio.registry.find-latest=true, apicurio.registry.artifact.group-id=topic-6fabf658_2f34_4f58_a001_466e13e3b711, apicurio.registry.url=http://registry-app-ksql047.apps.ci419.apicurio-testing.org:80/apis/registry/v3, apicurio.registry.artifact-resolver-strategy=io.apicurio.registry.serde.strategy.SimpleTopicIdStrategy, value.serializer=io.apicurio.registry.serde.avro.AvroKafkaSerializer, request.timeout.ms=5000, acks=all, bootstrap.servers=PLAINTEXT://localhost:32769, connections.max.idle.ms=10000, key.serializer=org.apache.kafka.common.serialization.StringSerializer, client.id=Producer-topic-6fabf658_2f34_4f58_a001_466e13e3b711}
2025-08-06 15:40:25,815 INFO  [io.api.tes.ser.api.SimpleSerdesTesterBuilder$SimpleSerdesTester] (main) Using consumer configuration: {}
2025-08-06 15:40:25,817 INFO  [io.api.tes.ser.api.KafkaSerdesTester] (Thread-606) Sending message {"key11754494824724": "value-0"} to topic topic-6fabf658_2f34_4f58_a001_466e13e3b711
2025-08-06 15:40:25,824 INFO  [org.apa.kaf.cli.Metadata] (kafka-producer-network-thread | Producer-topic-6fabf658_2f34_4f58_a001_466e13e3b711) [Producer clientId=Producer-topic-6fabf658_2f34_4f58_a001_466e13e3b711] Cluster ID: QWxucHVARmyNXcabXl68yQ
2025-08-06 15:40:25,829 INFO  [org.apa.kaf.cli.pro.int.TransactionManager] (kafka-producer-network-thread | Producer-topic-6fabf658_2f34_4f58_a001_466e13e3b711) [Producer clientId=Producer-topic-6fabf658_2f34_4f58_a001_466e13e3b711] ProducerId set to 1 with epoch 0
2025-08-06 15:40:25,907 INFO  [io.api.tes.ser.api.KafkaSerdesTester] (Thread-606) Sending message {"key11754494824724": "value-1"} to topic topic-6fabf658_2f34_4f58_a001_466e13e3b711
2025-08-06 15:40:25,911 INFO  [io.api.tes.ser.api.KafkaSerdesTester] (Thread-606) Sending message {"key11754494824724": "value-2"} to topic topic-6fabf658_2f34_4f58_a001_466e13e3b711
2025-08-06 15:40:25,914 INFO  [io.api.tes.ser.api.KafkaSerdesTester] (Thread-606) Sending message {"key11754494824724": "value-3"} to topic topic-6fabf658_2f34_4f58_a001_466e13e3b711
2025-08-06 15:40:25,917 INFO  [io.api.tes.ser.api.KafkaSerdesTester] (Thread-606) Sending message {"key11754494824724": "value-4"} to topic topic-6fabf658_2f34_4f58_a001_466e13e3b711
2025-08-06 15:40:25,919 INFO  [io.api.tes.ser.api.KafkaSerdesTester] (Thread-606) Sending message {"key11754494824724": "value-5"} to topic topic-6fabf658_2f34_4f58_a001_466e13e3b711
2025-08-06 15:40:25,922 INFO  [io.api.tes.ser.api.KafkaSerdesTester] (Thread-606) Sending message {"key11754494824724": "value-6"} to topic topic-6fabf658_2f34_4f58_a001_466e13e3b711
2025-08-06 15:40:25,925 INFO  [io.api.tes.ser.api.KafkaSerdesTester] (Thread-606) Sending message {"key11754494824724": "value-7"} to topic topic-6fabf658_2f34_4f58_a001_466e13e3b711
2025-08-06 15:40:25,928 INFO  [io.api.tes.ser.api.KafkaSerdesTester] (Thread-606) Sending message {"key11754494824724": "value-8"} to topic topic-6fabf658_2f34_4f58_a001_466e13e3b711
2025-08-06 15:40:25,930 INFO  [io.api.tes.ser.api.KafkaSerdesTester] (Thread-606) Sending message {"key11754494824724": "value-9"} to topic topic-6fabf658_2f34_4f58_a001_466e13e3b711
2025-08-06 15:40:25,933 INFO  [io.api.tes.ser.api.KafkaSerdesTester] (Thread-606) Produced 10 messages
2025-08-06 15:40:25,933 INFO  [org.apa.kaf.cli.pro.KafkaProducer] (Thread-606) [Producer clientId=Producer-topic-6fabf658_2f34_4f58_a001_466e13e3b711] Closing the Kafka producer with timeoutMillis = 9223372036854775807 ms.
2025-08-06 15:40:25,940 INFO  [org.apa.kaf.com.met.Metrics] (Thread-606) Metrics scheduler closed
2025-08-06 15:40:25,940 INFO  [org.apa.kaf.com.met.Metrics] (Thread-606) Closing reporter org.apache.kafka.common.metrics.JmxReporter
2025-08-06 15:40:25,940 INFO  [org.apa.kaf.com.met.Metrics] (Thread-606) Closing reporter org.apache.kafka.common.telemetry.internals.ClientTelemetryReporter
2025-08-06 15:40:25,940 INFO  [org.apa.kaf.com.met.Metrics] (Thread-606) Metrics reporters closed
2025-08-06 15:40:25,943 INFO  [org.apa.kaf.com.uti.AppInfoParser] (Thread-606) App info kafka.producer for Producer-topic-6fabf658_2f34_4f58_a001_466e13e3b711 unregistered
**** Registry Base URL: http://registry-app-ksql047.apps.ci419.apicurio-testing.org:80
2025-08-06 15:40:25,944 INFO  [org.apa.kaf.cli.con.ConsumerConfig] (main) ConsumerConfig values: 
	allow.auto.create.topics = true
	auto.commit.interval.ms = 500
	auto.include.jmx.reporter = true
	auto.offset.reset = earliest
	bootstrap.servers = [PLAINTEXT://localhost:32769]
	check.crcs = true
	client.dns.lookup = use_all_dns_ips
	client.id = consumer-Consumer-topic-6fabf658_2f34_4f58_a001_466e13e3b711-2
	client.rack = 
	connections.max.idle.ms = 10000
	default.api.timeout.ms = 60000
	enable.auto.commit = true
	enable.metrics.push = true
	exclude.internal.topics = true
	fetch.max.bytes = 52428800
	fetch.max.wait.ms = 500
	fetch.min.bytes = 1
	group.id = Consumer-topic-6fabf658_2f34_4f58_a001_466e13e3b711
	group.instance.id = null
	group.protocol = classic
	group.remote.assignor = null
	heartbeat.interval.ms = 3000
	interceptor.classes = []
	internal.leave.group.on.close = true
	internal.throw.on.fetch.stable.offset.unsupported = false
	isolation.level = read_uncommitted
	key.deserializer = class org.apache.kafka.common.serialization.StringDeserializer
	max.partition.fetch.bytes = 1048576
	max.poll.interval.ms = 300000
	max.poll.records = 500
	metadata.max.age.ms = 300000
	metadata.recovery.strategy = none
	metric.reporters = []
	metrics.num.samples = 2
	metrics.recording.level = INFO
	metrics.sample.window.ms = 30000
	partition.assignment.strategy = [class org.apache.kafka.clients.consumer.RangeAssignor, class org.apache.kafka.clients.consumer.CooperativeStickyAssignor]
	receive.buffer.bytes = 65536
	reconnect.backoff.max.ms = 1000
	reconnect.backoff.ms = 50
	request.timeout.ms = 5000
	retry.backoff.max.ms = 1000
	retry.backoff.ms = 100
	sasl.client.callback.handler.class = null
	sasl.jaas.config = null
	sasl.kerberos.kinit.cmd = /usr/bin/kinit
	sasl.kerberos.min.time.before.relogin = 60000
	sasl.kerberos.service.name = null
	sasl.kerberos.ticket.renew.jitter = 0.05
	sasl.kerberos.ticket.renew.window.factor = 0.8
	sasl.login.callback.handler.class = null
	sasl.login.class = null
	sasl.login.connect.timeout.ms = null
	sasl.login.read.timeout.ms = null
	sasl.login.refresh.buffer.seconds = 300
	sasl.login.refresh.min.period.seconds = 60
	sasl.login.refresh.window.factor = 0.8
	sasl.login.refresh.window.jitter = 0.05
	sasl.login.retry.backoff.max.ms = 10000
	sasl.login.retry.backoff.ms = 100
	sasl.mechanism = GSSAPI
	sasl.oauthbearer.clock.skew.seconds = 30
	sasl.oauthbearer.expected.audience = null
	sasl.oauthbearer.expected.issuer = null
	sasl.oauthbearer.header.urlencode = false
	sasl.oauthbearer.jwks.endpoint.refresh.ms = 3600000
	sasl.oauthbearer.jwks.endpoint.retry.backoff.max.ms = 10000
	sasl.oauthbearer.jwks.endpoint.retry.backoff.ms = 100
	sasl.oauthbearer.jwks.endpoint.url = null
	sasl.oauthbearer.scope.claim.name = scope
	sasl.oauthbearer.sub.claim.name = sub
	sasl.oauthbearer.token.endpoint.url = null
	security.protocol = PLAINTEXT
	security.providers = null
	send.buffer.bytes = 131072
	session.timeout.ms = 45000
	socket.connection.setup.timeout.max.ms = 30000
	socket.connection.setup.timeout.ms = 10000
	ssl.cipher.suites = null
	ssl.enabled.protocols = [TLSv1.2, TLSv1.3]
	ssl.endpoint.identification.algorithm = https
	ssl.engine.factory.class = null
	ssl.key.password = null
	ssl.keymanager.algorithm = SunX509
	ssl.keystore.certificate.chain = null
	ssl.keystore.key = null
	ssl.keystore.location = null
	ssl.keystore.password = null
	ssl.keystore.type = JKS
	ssl.protocol = TLSv1.3
	ssl.provider = null
	ssl.secure.random.implementation = null
	ssl.trustmanager.algorithm = PKIX
	ssl.truststore.certificates = null
	ssl.truststore.location = null
	ssl.truststore.password = null
	ssl.truststore.type = JKS
	value.deserializer = class io.apicurio.registry.serde.avro.AvroKafkaDeserializer

2025-08-06 15:40:25,944 INFO  [org.apa.kaf.com.tel.int.KafkaMetricsCollector] (main) initializing Kafka metrics collector
2025-08-06 15:40:25,963 INFO  [org.apa.kaf.cli.con.ConsumerConfig] (main) These configurations '[apicurio.registry.url]' were supplied but are not used yet.
2025-08-06 15:40:25,963 INFO  [org.apa.kaf.com.uti.AppInfoParser] (main) Kafka version: 3.9.1
2025-08-06 15:40:25,963 INFO  [org.apa.kaf.com.uti.AppInfoParser] (main) Kafka commitId: f745dfdcee2b9851
2025-08-06 15:40:25,963 INFO  [org.apa.kaf.com.uti.AppInfoParser] (main) Kafka startTimeMs: 1754494825963
2025-08-06 15:40:25,965 INFO  [org.apa.kaf.cli.con.int.ClassicKafkaConsumer] (Thread-609) [Consumer clientId=consumer-Consumer-topic-6fabf658_2f34_4f58_a001_466e13e3b711-2, groupId=Consumer-topic-6fabf658_2f34_4f58_a001_466e13e3b711] Subscribed to topic(s): topic-6fabf658_2f34_4f58_a001_466e13e3b711
2025-08-06 15:40:25,984 INFO  [org.apa.kaf.cli.Metadata] (Thread-609) [Consumer clientId=consumer-Consumer-topic-6fabf658_2f34_4f58_a001_466e13e3b711-2, groupId=Consumer-topic-6fabf658_2f34_4f58_a001_466e13e3b711] Cluster ID: QWxucHVARmyNXcabXl68yQ
2025-08-06 15:40:25,984 INFO  [org.apa.kaf.cli.con.int.ConsumerCoordinator] (Thread-609) [Consumer clientId=consumer-Consumer-topic-6fabf658_2f34_4f58_a001_466e13e3b711-2, groupId=Consumer-topic-6fabf658_2f34_4f58_a001_466e13e3b711] Discovered group coordinator localhost:32769 (id: 2147483647 rack: null)
2025-08-06 15:40:25,989 INFO  [org.apa.kaf.cli.con.int.ConsumerCoordinator] (Thread-609) [Consumer clientId=consumer-Consumer-topic-6fabf658_2f34_4f58_a001_466e13e3b711-2, groupId=Consumer-topic-6fabf658_2f34_4f58_a001_466e13e3b711] (Re-)joining group
2025-08-06 15:40:25,997 INFO  [org.apa.kaf.cli.con.int.ConsumerCoordinator] (Thread-609) [Consumer clientId=consumer-Consumer-topic-6fabf658_2f34_4f58_a001_466e13e3b711-2, groupId=Consumer-topic-6fabf658_2f34_4f58_a001_466e13e3b711] Request joining group due to: need to re-join with the given member-id: consumer-Consumer-topic-6fabf658_2f34_4f58_a001_466e13e3b711-2-8d8f682e-f3ca-4e99-a750-242c22f233c8
2025-08-06 15:40:25,997 INFO  [org.apa.kaf.cli.con.int.ConsumerCoordinator] (Thread-609) [Consumer clientId=consumer-Consumer-topic-6fabf658_2f34_4f58_a001_466e13e3b711-2, groupId=Consumer-topic-6fabf658_2f34_4f58_a001_466e13e3b711] (Re-)joining group
2025-08-06 15:40:26,965 INFO  [io.api.tes.ser.api.KafkaSerdesTester] (Thread-609) None found
2025-08-06 15:40:27,966 INFO  [io.api.tes.ser.api.KafkaSerdesTester] (Thread-609) None found
2025-08-06 15:40:28,966 INFO  [io.api.tes.ser.api.KafkaSerdesTester] (Thread-609) None found
2025-08-06 15:40:29,002 INFO  [org.apa.kaf.cli.con.int.ConsumerCoordinator] (Thread-609) [Consumer clientId=consumer-Consumer-topic-6fabf658_2f34_4f58_a001_466e13e3b711-2, groupId=Consumer-topic-6fabf658_2f34_4f58_a001_466e13e3b711] Successfully joined group with generation Generation{generationId=1, memberId='consumer-Consumer-topic-6fabf658_2f34_4f58_a001_466e13e3b711-2-8d8f682e-f3ca-4e99-a750-242c22f233c8', protocol='range'}
2025-08-06 15:40:29,003 INFO  [org.apa.kaf.cli.con.int.ConsumerCoordinator] (Thread-609) [Consumer clientId=consumer-Consumer-topic-6fabf658_2f34_4f58_a001_466e13e3b711-2, groupId=Consumer-topic-6fabf658_2f34_4f58_a001_466e13e3b711] Finished assignment for group at generation 1: {consumer-Consumer-topic-6fabf658_2f34_4f58_a001_466e13e3b711-2-8d8f682e-f3ca-4e99-a750-242c22f233c8=Assignment(partitions=[topic-6fabf658_2f34_4f58_a001_466e13e3b711-0])}
2025-08-06 15:40:29,010 INFO  [org.apa.kaf.cli.con.int.ConsumerCoordinator] (Thread-609) [Consumer clientId=consumer-Consumer-topic-6fabf658_2f34_4f58_a001_466e13e3b711-2, groupId=Consumer-topic-6fabf658_2f34_4f58_a001_466e13e3b711] Successfully synced group in generation Generation{generationId=1, memberId='consumer-Consumer-topic-6fabf658_2f34_4f58_a001_466e13e3b711-2-8d8f682e-f3ca-4e99-a750-242c22f233c8', protocol='range'}
2025-08-06 15:40:29,011 INFO  [org.apa.kaf.cli.con.int.ConsumerCoordinator] (Thread-609) [Consumer clientId=consumer-Consumer-topic-6fabf658_2f34_4f58_a001_466e13e3b711-2, groupId=Consumer-topic-6fabf658_2f34_4f58_a001_466e13e3b711] Notifying assignor about the new Assignment(partitions=[topic-6fabf658_2f34_4f58_a001_466e13e3b711-0])
2025-08-06 15:40:29,011 INFO  [org.apa.kaf.cli.con.int.ConsumerRebalanceListenerInvoker] (Thread-609) [Consumer clientId=consumer-Consumer-topic-6fabf658_2f34_4f58_a001_466e13e3b711-2, groupId=Consumer-topic-6fabf658_2f34_4f58_a001_466e13e3b711] Adding newly assigned partitions: topic-6fabf658_2f34_4f58_a001_466e13e3b711-0
2025-08-06 15:40:29,014 INFO  [org.apa.kaf.cli.con.int.ConsumerCoordinator] (Thread-609) [Consumer clientId=consumer-Consumer-topic-6fabf658_2f34_4f58_a001_466e13e3b711-2, groupId=Consumer-topic-6fabf658_2f34_4f58_a001_466e13e3b711] Found no committed offset for partition topic-6fabf658_2f34_4f58_a001_466e13e3b711-0
2025-08-06 15:40:29,020 INFO  [org.apa.kaf.cli.con.int.SubscriptionState] (Thread-609) [Consumer clientId=consumer-Consumer-topic-6fabf658_2f34_4f58_a001_466e13e3b711-2, groupId=Consumer-topic-6fabf658_2f34_4f58_a001_466e13e3b711] Resetting offset for partition topic-6fabf658_2f34_4f58_a001_466e13e3b711-0 to position FetchPosition{offset=0, offsetEpoch=Optional.empty, currentLeader=LeaderAndEpoch{leader=Optional[localhost:32769 (id: 0 rack: null)], epoch=0}}.
2025-08-06 15:40:29,068 INFO  [io.api.tes.ser.api.KafkaSerdesTester] (Thread-609) topic-6fabf658_2f34_4f58_a001_466e13e3b711 0 0 {"key11754494824724": "value-0"}
2025-08-06 15:40:29,068 INFO  [io.api.tes.ser.api.KafkaSerdesTester] (Thread-609) topic-6fabf658_2f34_4f58_a001_466e13e3b711 0 1 {"key11754494824724": "value-1"}
2025-08-06 15:40:29,069 INFO  [io.api.tes.ser.api.KafkaSerdesTester] (Thread-609) topic-6fabf658_2f34_4f58_a001_466e13e3b711 0 2 {"key11754494824724": "value-2"}
2025-08-06 15:40:29,069 INFO  [io.api.tes.ser.api.KafkaSerdesTester] (Thread-609) topic-6fabf658_2f34_4f58_a001_466e13e3b711 0 3 {"key11754494824724": "value-3"}
2025-08-06 15:40:29,069 INFO  [io.api.tes.ser.api.KafkaSerdesTester] (Thread-609) topic-6fabf658_2f34_4f58_a001_466e13e3b711 0 4 {"key11754494824724": "value-4"}
2025-08-06 15:40:29,069 INFO  [io.api.tes.ser.api.KafkaSerdesTester] (Thread-609) topic-6fabf658_2f34_4f58_a001_466e13e3b711 0 5 {"key11754494824724": "value-5"}
2025-08-06 15:40:29,070 INFO  [io.api.tes.ser.api.KafkaSerdesTester] (Thread-609) topic-6fabf658_2f34_4f58_a001_466e13e3b711 0 6 {"key11754494824724": "value-6"}
2025-08-06 15:40:29,070 INFO  [io.api.tes.ser.api.KafkaSerdesTester] (Thread-609) topic-6fabf658_2f34_4f58_a001_466e13e3b711 0 7 {"key11754494824724": "value-7"}
2025-08-06 15:40:29,070 INFO  [io.api.tes.ser.api.KafkaSerdesTester] (Thread-609) topic-6fabf658_2f34_4f58_a001_466e13e3b711 0 8 {"key11754494824724": "value-8"}
2025-08-06 15:40:29,070 INFO  [io.api.tes.ser.api.KafkaSerdesTester] (Thread-609) topic-6fabf658_2f34_4f58_a001_466e13e3b711 0 9 {"key11754494824724": "value-9"}
2025-08-06 15:40:29,070 INFO  [io.api.tes.ser.api.KafkaSerdesTester] (Thread-609) Consumed 10 messages
2025-08-06 15:40:29,077 INFO  [org.apa.kaf.cli.con.int.ConsumerRebalanceListenerInvoker] (Thread-609) [Consumer clientId=consumer-Consumer-topic-6fabf658_2f34_4f58_a001_466e13e3b711-2, groupId=Consumer-topic-6fabf658_2f34_4f58_a001_466e13e3b711] Revoke previously assigned partitions topic-6fabf658_2f34_4f58_a001_466e13e3b711-0
2025-08-06 15:40:29,078 INFO  [org.apa.kaf.cli.con.int.ConsumerCoordinator] (Thread-609) [Consumer clientId=consumer-Consumer-topic-6fabf658_2f34_4f58_a001_466e13e3b711-2, groupId=Consumer-topic-6fabf658_2f34_4f58_a001_466e13e3b711] Member consumer-Consumer-topic-6fabf658_2f34_4f58_a001_466e13e3b711-2-8d8f682e-f3ca-4e99-a750-242c22f233c8 sending LeaveGroup request to coordinator localhost:32769 (id: 2147483647 rack: null) due to the consumer is being closed
2025-08-06 15:40:29,079 INFO  [org.apa.kaf.cli.con.int.ConsumerCoordinator] (Thread-609) [Consumer clientId=consumer-Consumer-topic-6fabf658_2f34_4f58_a001_466e13e3b711-2, groupId=Consumer-topic-6fabf658_2f34_4f58_a001_466e13e3b711] Resetting generation and member id due to: consumer pro-actively leaving the group
2025-08-06 15:40:29,079 INFO  [org.apa.kaf.cli.con.int.ConsumerCoordinator] (Thread-609) [Consumer clientId=consumer-Consumer-topic-6fabf658_2f34_4f58_a001_466e13e3b711-2, groupId=Consumer-topic-6fabf658_2f34_4f58_a001_466e13e3b711] Request joining group due to: consumer pro-actively leaving the group
2025-08-06 15:40:29,572 INFO  [org.apa.kaf.com.met.Metrics] (Thread-609) Metrics scheduler closed
2025-08-06 15:40:29,572 INFO  [org.apa.kaf.com.met.Metrics] (Thread-609) Closing reporter org.apache.kafka.common.metrics.JmxReporter
2025-08-06 15:40:29,572 INFO  [org.apa.kaf.com.met.Metrics] (Thread-609) Closing reporter org.apache.kafka.common.telemetry.internals.ClientTelemetryReporter
2025-08-06 15:40:29,572 INFO  [org.apa.kaf.com.met.Metrics] (Thread-609) Metrics reporters closed
2025-08-06 15:40:29,576 INFO  [org.apa.kaf.com.uti.AppInfoParser] (Thread-609) App info kafka.consumer for consumer-Consumer-topic-6fabf658_2f34_4f58_a001_466e13e3b711-2 unregistered
2025-08-06 15:40:29,577 INFO  [io.api.tes.uti.TestSeparator] (main) io.apicurio.tests.serdes.apicurio.AvroSerdeIT.testSimpleTopicIdStrategyFindLatest-FINISHED
2025-08-06 15:40:29,577 INFO  [io.api.tes.uti.TestSeparator] (main) ############################################################################
Test passed: testSimpleTopicIdStrategyFindLatest
]]></system-out>
  </testcase>
  <testcase name="testWrongSchema" classname="io.apicurio.tests.serdes.apicurio.AvroSerdeIT" time="1.197">
    <system-out><![CDATA[2025-08-06 15:40:29,581 INFO  [io.api.tes.uti.TestSeparator] (main) ############################################################################
2025-08-06 15:40:29,581 INFO  [io.api.tes.uti.TestSeparator] (main) io.apicurio.tests.serdes.apicurio.AvroSerdeIT.testWrongSchema-STARTED
**** Registry Base URL: http://registry-app-ksql047.apps.ci419.apicurio-testing.org:80
2025-08-06 15:40:30,661 INFO  [org.apa.kaf.cli.pro.ProducerConfig] (main) ProducerConfig values: 
	acks = -1
	auto.include.jmx.reporter = true
	batch.size = 16384
	bootstrap.servers = [PLAINTEXT://localhost:32769]
	buffer.memory = 33554432
	client.dns.lookup = use_all_dns_ips
	client.id = Producer-s2f821cebxe0a1x4b68x8b0ax168d0ed45a06
	compression.gzip.level = -1
	compression.lz4.level = 9
	compression.type = none
	compression.zstd.level = 3
	connections.max.idle.ms = 10000
	delivery.timeout.ms = 120000
	enable.idempotence = true
	enable.metrics.push = true
	interceptor.classes = []
	key.serializer = class org.apache.kafka.common.serialization.StringSerializer
	linger.ms = 0
	max.block.ms = 60000
	max.in.flight.requests.per.connection = 5
	max.request.size = 1048576
	metadata.max.age.ms = 300000
	metadata.max.idle.ms = 300000
	metadata.recovery.strategy = none
	metric.reporters = []
	metrics.num.samples = 2
	metrics.recording.level = INFO
	metrics.sample.window.ms = 30000
	partitioner.adaptive.partitioning.enable = true
	partitioner.availability.timeout.ms = 0
	partitioner.class = null
	partitioner.ignore.keys = false
	receive.buffer.bytes = 32768
	reconnect.backoff.max.ms = 1000
	reconnect.backoff.ms = 50
	request.timeout.ms = 5000
	retries = 2147483647
	retry.backoff.max.ms = 1000
	retry.backoff.ms = 100
	sasl.client.callback.handler.class = null
	sasl.jaas.config = null
	sasl.kerberos.kinit.cmd = /usr/bin/kinit
	sasl.kerberos.min.time.before.relogin = 60000
	sasl.kerberos.service.name = null
	sasl.kerberos.ticket.renew.jitter = 0.05
	sasl.kerberos.ticket.renew.window.factor = 0.8
	sasl.login.callback.handler.class = null
	sasl.login.class = null
	sasl.login.connect.timeout.ms = null
	sasl.login.read.timeout.ms = null
	sasl.login.refresh.buffer.seconds = 300
	sasl.login.refresh.min.period.seconds = 60
	sasl.login.refresh.window.factor = 0.8
	sasl.login.refresh.window.jitter = 0.05
	sasl.login.retry.backoff.max.ms = 10000
	sasl.login.retry.backoff.ms = 100
	sasl.mechanism = GSSAPI
	sasl.oauthbearer.clock.skew.seconds = 30
	sasl.oauthbearer.expected.audience = null
	sasl.oauthbearer.expected.issuer = null
	sasl.oauthbearer.header.urlencode = false
	sasl.oauthbearer.jwks.endpoint.refresh.ms = 3600000
	sasl.oauthbearer.jwks.endpoint.retry.backoff.max.ms = 10000
	sasl.oauthbearer.jwks.endpoint.retry.backoff.ms = 100
	sasl.oauthbearer.jwks.endpoint.url = null
	sasl.oauthbearer.scope.claim.name = scope
	sasl.oauthbearer.sub.claim.name = sub
	sasl.oauthbearer.token.endpoint.url = null
	security.protocol = PLAINTEXT
	security.providers = null
	send.buffer.bytes = 131072
	socket.connection.setup.timeout.max.ms = 30000
	socket.connection.setup.timeout.ms = 10000
	ssl.cipher.suites = null
	ssl.enabled.protocols = [TLSv1.2, TLSv1.3]
	ssl.endpoint.identification.algorithm = https
	ssl.engine.factory.class = null
	ssl.key.password = null
	ssl.keymanager.algorithm = SunX509
	ssl.keystore.certificate.chain = null
	ssl.keystore.key = null
	ssl.keystore.location = null
	ssl.keystore.password = null
	ssl.keystore.type = JKS
	ssl.protocol = TLSv1.3
	ssl.provider = null
	ssl.secure.random.implementation = null
	ssl.trustmanager.algorithm = PKIX
	ssl.truststore.certificates = null
	ssl.truststore.location = null
	ssl.truststore.password = null
	ssl.truststore.type = JKS
	transaction.timeout.ms = 60000
	transactional.id = null
	value.serializer = class io.apicurio.registry.serde.avro.AvroKafkaSerializer

2025-08-06 15:40:30,661 INFO  [org.apa.kaf.com.tel.int.KafkaMetricsCollector] (main) initializing Kafka metrics collector
2025-08-06 15:40:30,665 INFO  [org.apa.kaf.cli.pro.KafkaProducer] (main) [Producer clientId=Producer-s2f821cebxe0a1x4b68x8b0ax168d0ed45a06] Instantiated an idempotent producer.
2025-08-06 15:40:30,669 INFO  [org.apa.kaf.cli.pro.ProducerConfig] (main) These configurations '[apicurio.registry.find-latest, apicurio.registry.url, apicurio.registry.artifact-resolver-strategy]' were supplied but are not used yet.
2025-08-06 15:40:30,669 INFO  [org.apa.kaf.com.uti.AppInfoParser] (main) Kafka version: 3.9.1
2025-08-06 15:40:30,669 INFO  [org.apa.kaf.com.uti.AppInfoParser] (main) Kafka commitId: f745dfdcee2b9851
2025-08-06 15:40:30,669 INFO  [org.apa.kaf.com.uti.AppInfoParser] (main) Kafka startTimeMs: 1754494830669
2025-08-06 15:40:30,673 INFO  [io.api.tes.ser.api.KafkaSerdesTester] (Thread-612) Sending message {"keyB": "value-0"} to topic s2f821cebxe0a1x4b68x8b0ax168d0ed45a06
2025-08-06 15:40:30,676 INFO  [org.apa.kaf.cli.Metadata] (kafka-producer-network-thread | Producer-s2f821cebxe0a1x4b68x8b0ax168d0ed45a06) [Producer clientId=Producer-s2f821cebxe0a1x4b68x8b0ax168d0ed45a06] Cluster ID: QWxucHVARmyNXcabXl68yQ
2025-08-06 15:40:30,676 INFO  [org.apa.kaf.cli.pro.int.TransactionManager] (kafka-producer-network-thread | Producer-s2f821cebxe0a1x4b68x8b0ax168d0ed45a06) [Producer clientId=Producer-s2f821cebxe0a1x4b68x8b0ax168d0ed45a06] ProducerId set to 2 with epoch 0
2025-08-06 15:40:30,738 INFO  [org.apa.kaf.cli.pro.KafkaProducer] (Thread-612) [Producer clientId=Producer-s2f821cebxe0a1x4b68x8b0ax168d0ed45a06] Closing the Kafka producer with timeoutMillis = 9223372036854775807 ms.
2025-08-06 15:40:30,772 INFO  [org.apa.kaf.com.met.Metrics] (Thread-612) Metrics scheduler closed
2025-08-06 15:40:30,773 INFO  [org.apa.kaf.com.met.Metrics] (Thread-612) Closing reporter org.apache.kafka.common.metrics.JmxReporter
2025-08-06 15:40:30,773 INFO  [org.apa.kaf.com.met.Metrics] (Thread-612) Closing reporter org.apache.kafka.common.telemetry.internals.ClientTelemetryReporter
2025-08-06 15:40:30,773 INFO  [org.apa.kaf.com.met.Metrics] (Thread-612) Metrics reporters closed
2025-08-06 15:40:30,774 INFO  [org.apa.kaf.com.uti.AppInfoParser] (Thread-612) App info kafka.producer for Producer-s2f821cebxe0a1x4b68x8b0ax168d0ed45a06 unregistered
2025-08-06 15:40:30,775 INFO  [io.api.tes.uti.TestSeparator] (main) io.apicurio.tests.serdes.apicurio.AvroSerdeIT.testWrongSchema-FINISHED
2025-08-06 15:40:30,775 INFO  [io.api.tes.uti.TestSeparator] (main) ############################################################################
Test passed: testWrongSchema
]]></system-out>
    <system-err><![CDATA[io.apicurio.registry.rest.client.models.ProblemDetails
	at io.apicurio.registry.rest.client.models.ProblemDetails.createFromDiscriminatorValue(ProblemDetails.java:58)
	at io.kiota.serialization.json.JsonParseNode.getObjectValue(JsonParseNode.java:247)
	at io.kiota.http.vertx.VertXRequestAdapter.lambda$throwIfFailedResponse$0(VertXRequestAdapter.java:400)
	at com.microsoft.kiota.ApiExceptionBuilder.<init>(ApiExceptionBuilder.java:26)
	at io.kiota.http.vertx.VertXRequestAdapter.throwIfFailedResponse(VertXRequestAdapter.java:399)
	at io.kiota.http.vertx.VertXRequestAdapter.send(VertXRequestAdapter.java:170)
	at io.apicurio.registry.rest.client.groups.item.artifacts.item.versions.item.WithVersionExpressionItemRequestBuilder.get(WithVersionExpressionItemRequestBuilder.java:128)
	at io.apicurio.registry.rest.client.groups.item.artifacts.item.versions.item.WithVersionExpressionItemRequestBuilder.get(WithVersionExpressionItemRequestBuilder.java:111)
	at io.apicurio.registry.resolver.client.RegistryClientFacadeImpl.getVersionCoordinatesByGAV(RegistryClientFacadeImpl.java:159)
	at io.apicurio.registry.resolver.DefaultSchemaResolver.resolveByCoordinates(DefaultSchemaResolver.java:352)
	at io.apicurio.registry.resolver.DefaultSchemaResolver.lambda$resolveSchemaByArtifactReferenceCached$6(DefaultSchemaResolver.java:340)
	at io.apicurio.registry.resolver.cache.ERCache.lambda$getValue$0(ERCache.java:174)
	at io.apicurio.registry.resolver.cache.ERCache.retry(ERCache.java:227)
	at io.apicurio.registry.resolver.cache.ERCache.getValue(ERCache.java:173)
	at io.apicurio.registry.resolver.cache.ERCache.getByArtifactCoordinates(ERCache.java:158)
	at io.apicurio.registry.resolver.DefaultSchemaResolver.resolveSchemaByArtifactReferenceCached(DefaultSchemaResolver.java:338)
	at io.apicurio.registry.resolver.DefaultSchemaResolver.resolveSchemaByCoordinates(DefaultSchemaResolver.java:193)
	at io.apicurio.registry.resolver.DefaultSchemaResolver.getSchemaFromRegistry(DefaultSchemaResolver.java:130)
	at io.apicurio.registry.resolver.DefaultSchemaResolver.lambda$resolveSchema$0(DefaultSchemaResolver.java:84)
	at java.base/java.util.Optional.orElseGet(Optional.java:364)
	at io.apicurio.registry.resolver.DefaultSchemaResolver.resolveSchema(DefaultSchemaResolver.java:84)
	at io.apicurio.registry.serde.AbstractSerializer.serializeData(AbstractSerializer.java:62)
	at io.apicurio.registry.serde.KafkaSerializer.serialize(KafkaSerializer.java:77)
	at org.apache.kafka.clients.producer.KafkaProducer.doSend(KafkaProducer.java:1046)
	at org.apache.kafka.clients.producer.KafkaProducer.send(KafkaProducer.java:993)
	at org.apache.kafka.clients.producer.KafkaProducer.send(KafkaProducer.java:875)
	at io.apicurio.tests.serdes.apicurio.KafkaSerdesTester.lambda$produceMessages$3(KafkaSerdesTester.java:138)
	at java.base/java.util.concurrent.CompletableFuture$AsyncSupply.run(CompletableFuture.java:1768)
	at java.base/java.lang.Thread.run(Thread.java:840)
]]></system-err>
  </testcase>
  <testcase name="testAvroJSON" classname="io.apicurio.tests.serdes.apicurio.AvroSerdeIT" time="3.827">
    <system-out><![CDATA[2025-08-06 15:40:30,777 INFO  [io.api.tes.uti.TestSeparator] (main) ############################################################################
2025-08-06 15:40:30,777 INFO  [io.api.tes.uti.TestSeparator] (main) io.apicurio.tests.serdes.apicurio.AvroSerdeIT.testAvroJSON-STARTED
**** Registry Base URL: http://registry-app-ksql047.apps.ci419.apicurio-testing.org:80
2025-08-06 15:40:30,793 INFO  [org.apa.kaf.cli.pro.ProducerConfig] (main) ProducerConfig values: 
	acks = -1
	auto.include.jmx.reporter = true
	batch.size = 16384
	bootstrap.servers = [PLAINTEXT://localhost:32769]
	buffer.memory = 33554432
	client.dns.lookup = use_all_dns_ips
	client.id = Producer-topic-6241a19e_8ccf_4d89_9651_e44576ad716e
	compression.gzip.level = -1
	compression.lz4.level = 9
	compression.type = none
	compression.zstd.level = 3
	connections.max.idle.ms = 10000
	delivery.timeout.ms = 120000
	enable.idempotence = true
	enable.metrics.push = true
	interceptor.classes = []
	key.serializer = class org.apache.kafka.common.serialization.StringSerializer
	linger.ms = 0
	max.block.ms = 60000
	max.in.flight.requests.per.connection = 5
	max.request.size = 1048576
	metadata.max.age.ms = 300000
	metadata.max.idle.ms = 300000
	metadata.recovery.strategy = none
	metric.reporters = []
	metrics.num.samples = 2
	metrics.recording.level = INFO
	metrics.sample.window.ms = 30000
	partitioner.adaptive.partitioning.enable = true
	partitioner.availability.timeout.ms = 0
	partitioner.class = null
	partitioner.ignore.keys = false
	receive.buffer.bytes = 32768
	reconnect.backoff.max.ms = 1000
	reconnect.backoff.ms = 50
	request.timeout.ms = 5000
	retries = 2147483647
	retry.backoff.max.ms = 1000
	retry.backoff.ms = 100
	sasl.client.callback.handler.class = null
	sasl.jaas.config = null
	sasl.kerberos.kinit.cmd = /usr/bin/kinit
	sasl.kerberos.min.time.before.relogin = 60000
	sasl.kerberos.service.name = null
	sasl.kerberos.ticket.renew.jitter = 0.05
	sasl.kerberos.ticket.renew.window.factor = 0.8
	sasl.login.callback.handler.class = null
	sasl.login.class = null
	sasl.login.connect.timeout.ms = null
	sasl.login.read.timeout.ms = null
	sasl.login.refresh.buffer.seconds = 300
	sasl.login.refresh.min.period.seconds = 60
	sasl.login.refresh.window.factor = 0.8
	sasl.login.refresh.window.jitter = 0.05
	sasl.login.retry.backoff.max.ms = 10000
	sasl.login.retry.backoff.ms = 100
	sasl.mechanism = GSSAPI
	sasl.oauthbearer.clock.skew.seconds = 30
	sasl.oauthbearer.expected.audience = null
	sasl.oauthbearer.expected.issuer = null
	sasl.oauthbearer.header.urlencode = false
	sasl.oauthbearer.jwks.endpoint.refresh.ms = 3600000
	sasl.oauthbearer.jwks.endpoint.retry.backoff.max.ms = 10000
	sasl.oauthbearer.jwks.endpoint.retry.backoff.ms = 100
	sasl.oauthbearer.jwks.endpoint.url = null
	sasl.oauthbearer.scope.claim.name = scope
	sasl.oauthbearer.sub.claim.name = sub
	sasl.oauthbearer.token.endpoint.url = null
	security.protocol = PLAINTEXT
	security.providers = null
	send.buffer.bytes = 131072
	socket.connection.setup.timeout.max.ms = 30000
	socket.connection.setup.timeout.ms = 10000
	ssl.cipher.suites = null
	ssl.enabled.protocols = [TLSv1.2, TLSv1.3]
	ssl.endpoint.identification.algorithm = https
	ssl.engine.factory.class = null
	ssl.key.password = null
	ssl.keymanager.algorithm = SunX509
	ssl.keystore.certificate.chain = null
	ssl.keystore.key = null
	ssl.keystore.location = null
	ssl.keystore.password = null
	ssl.keystore.type = JKS
	ssl.protocol = TLSv1.3
	ssl.provider = null
	ssl.secure.random.implementation = null
	ssl.trustmanager.algorithm = PKIX
	ssl.truststore.certificates = null
	ssl.truststore.location = null
	ssl.truststore.password = null
	ssl.truststore.type = JKS
	transaction.timeout.ms = 60000
	transactional.id = null
	value.serializer = class io.apicurio.registry.serde.avro.AvroKafkaSerializer

2025-08-06 15:40:30,794 INFO  [org.apa.kaf.com.tel.int.KafkaMetricsCollector] (main) initializing Kafka metrics collector
2025-08-06 15:40:30,803 INFO  [org.apa.kaf.cli.pro.KafkaProducer] (main) [Producer clientId=Producer-topic-6241a19e_8ccf_4d89_9651_e44576ad716e] Instantiated an idempotent producer.
2025-08-06 15:40:30,807 INFO  [org.apa.kaf.cli.pro.ProducerConfig] (main) These configurations '[apicurio.registry.avro.encoding, apicurio.registry.url, apicurio.registry.auto-register, apicurio.registry.artifact-resolver-strategy]' were supplied but are not used yet.
2025-08-06 15:40:30,807 INFO  [org.apa.kaf.com.uti.AppInfoParser] (main) Kafka version: 3.9.1
2025-08-06 15:40:30,807 INFO  [org.apa.kaf.com.uti.AppInfoParser] (main) Kafka commitId: f745dfdcee2b9851
2025-08-06 15:40:30,807 INFO  [org.apa.kaf.com.uti.AppInfoParser] (main) Kafka startTimeMs: 1754494830807
2025-08-06 15:40:30,808 INFO  [io.api.tes.ser.api.SimpleSerdesTesterBuilder$SimpleSerdesTester] (main) Using producer configuration: {apicurio.registry.avro.encoding=JSON, apicurio.registry.url=http://registry-app-ksql047.apps.ci419.apicurio-testing.org:80/apis/registry/v3, apicurio.registry.auto-register=true, apicurio.registry.artifact-resolver-strategy=io.apicurio.registry.serde.strategy.TopicIdStrategy, value.serializer=io.apicurio.registry.serde.avro.AvroKafkaSerializer, request.timeout.ms=5000, acks=all, bootstrap.servers=PLAINTEXT://localhost:32769, connections.max.idle.ms=10000, key.serializer=org.apache.kafka.common.serialization.StringSerializer, client.id=Producer-topic-6241a19e_8ccf_4d89_9651_e44576ad716e}
2025-08-06 15:40:30,809 INFO  [io.api.tes.ser.api.SimpleSerdesTesterBuilder$SimpleSerdesTester] (main) Using consumer configuration: {apicurio.registry.avro.encoding=JSON}
2025-08-06 15:40:30,817 INFO  [io.api.tes.ser.api.KafkaSerdesTester] (Thread-615) Sending message {"bar": "value-0"} to topic topic-6241a19e_8ccf_4d89_9651_e44576ad716e
2025-08-06 15:40:30,823 INFO  [org.apa.kaf.cli.Metadata] (kafka-producer-network-thread | Producer-topic-6241a19e_8ccf_4d89_9651_e44576ad716e) [Producer clientId=Producer-topic-6241a19e_8ccf_4d89_9651_e44576ad716e] Cluster ID: QWxucHVARmyNXcabXl68yQ
2025-08-06 15:40:30,826 INFO  [org.apa.kaf.cli.pro.int.TransactionManager] (kafka-producer-network-thread | Producer-topic-6241a19e_8ccf_4d89_9651_e44576ad716e) [Producer clientId=Producer-topic-6241a19e_8ccf_4d89_9651_e44576ad716e] ProducerId set to 3 with epoch 0
2025-08-06 15:40:30,914 INFO  [io.api.tes.ser.api.KafkaSerdesTester] (Thread-615) Sending message {"bar": "value-1"} to topic topic-6241a19e_8ccf_4d89_9651_e44576ad716e
2025-08-06 15:40:30,916 INFO  [io.api.tes.ser.api.KafkaSerdesTester] (Thread-615) Sending message {"bar": "value-2"} to topic topic-6241a19e_8ccf_4d89_9651_e44576ad716e
2025-08-06 15:40:30,918 INFO  [io.api.tes.ser.api.KafkaSerdesTester] (Thread-615) Sending message {"bar": "value-3"} to topic topic-6241a19e_8ccf_4d89_9651_e44576ad716e
2025-08-06 15:40:30,921 INFO  [io.api.tes.ser.api.KafkaSerdesTester] (Thread-615) Sending message {"bar": "value-4"} to topic topic-6241a19e_8ccf_4d89_9651_e44576ad716e
2025-08-06 15:40:30,924 INFO  [io.api.tes.ser.api.KafkaSerdesTester] (Thread-615) Sending message {"bar": "value-5"} to topic topic-6241a19e_8ccf_4d89_9651_e44576ad716e
2025-08-06 15:40:30,926 INFO  [io.api.tes.ser.api.KafkaSerdesTester] (Thread-615) Sending message {"bar": "value-6"} to topic topic-6241a19e_8ccf_4d89_9651_e44576ad716e
2025-08-06 15:40:30,933 INFO  [io.api.tes.ser.api.KafkaSerdesTester] (Thread-615) Sending message {"bar": "value-7"} to topic topic-6241a19e_8ccf_4d89_9651_e44576ad716e
2025-08-06 15:40:30,937 INFO  [io.api.tes.ser.api.KafkaSerdesTester] (Thread-615) Sending message {"bar": "value-8"} to topic topic-6241a19e_8ccf_4d89_9651_e44576ad716e
2025-08-06 15:40:30,941 INFO  [io.api.tes.ser.api.KafkaSerdesTester] (Thread-615) Sending message {"bar": "value-9"} to topic topic-6241a19e_8ccf_4d89_9651_e44576ad716e
2025-08-06 15:40:30,944 INFO  [io.api.tes.ser.api.KafkaSerdesTester] (Thread-615) Produced 10 messages
2025-08-06 15:40:30,944 INFO  [org.apa.kaf.cli.pro.KafkaProducer] (Thread-615) [Producer clientId=Producer-topic-6241a19e_8ccf_4d89_9651_e44576ad716e] Closing the Kafka producer with timeoutMillis = 9223372036854775807 ms.
2025-08-06 15:40:30,963 INFO  [org.apa.kaf.com.met.Metrics] (Thread-615) Metrics scheduler closed
2025-08-06 15:40:30,963 INFO  [org.apa.kaf.com.met.Metrics] (Thread-615) Closing reporter org.apache.kafka.common.metrics.JmxReporter
2025-08-06 15:40:30,963 INFO  [org.apa.kaf.com.met.Metrics] (Thread-615) Closing reporter org.apache.kafka.common.telemetry.internals.ClientTelemetryReporter
2025-08-06 15:40:30,963 INFO  [org.apa.kaf.com.met.Metrics] (Thread-615) Metrics reporters closed
2025-08-06 15:40:30,963 INFO  [org.apa.kaf.com.uti.AppInfoParser] (Thread-615) App info kafka.producer for Producer-topic-6241a19e_8ccf_4d89_9651_e44576ad716e unregistered
**** Registry Base URL: http://registry-app-ksql047.apps.ci419.apicurio-testing.org:80
2025-08-06 15:40:30,996 INFO  [org.apa.kaf.cli.con.ConsumerConfig] (main) ConsumerConfig values: 
	allow.auto.create.topics = true
	auto.commit.interval.ms = 500
	auto.include.jmx.reporter = true
	auto.offset.reset = earliest
	bootstrap.servers = [PLAINTEXT://localhost:32769]
	check.crcs = true
	client.dns.lookup = use_all_dns_ips
	client.id = consumer-Consumer-topic-6241a19e_8ccf_4d89_9651_e44576ad716e-3
	client.rack = 
	connections.max.idle.ms = 10000
	default.api.timeout.ms = 60000
	enable.auto.commit = true
	enable.metrics.push = true
	exclude.internal.topics = true
	fetch.max.bytes = 52428800
	fetch.max.wait.ms = 500
	fetch.min.bytes = 1
	group.id = Consumer-topic-6241a19e_8ccf_4d89_9651_e44576ad716e
	group.instance.id = null
	group.protocol = classic
	group.remote.assignor = null
	heartbeat.interval.ms = 3000
	interceptor.classes = []
	internal.leave.group.on.close = true
	internal.throw.on.fetch.stable.offset.unsupported = false
	isolation.level = read_uncommitted
	key.deserializer = class org.apache.kafka.common.serialization.StringDeserializer
	max.partition.fetch.bytes = 1048576
	max.poll.interval.ms = 300000
	max.poll.records = 500
	metadata.max.age.ms = 300000
	metadata.recovery.strategy = none
	metric.reporters = []
	metrics.num.samples = 2
	metrics.recording.level = INFO
	metrics.sample.window.ms = 30000
	partition.assignment.strategy = [class org.apache.kafka.clients.consumer.RangeAssignor, class org.apache.kafka.clients.consumer.CooperativeStickyAssignor]
	receive.buffer.bytes = 65536
	reconnect.backoff.max.ms = 1000
	reconnect.backoff.ms = 50
	request.timeout.ms = 5000
	retry.backoff.max.ms = 1000
	retry.backoff.ms = 100
	sasl.client.callback.handler.class = null
	sasl.jaas.config = null
	sasl.kerberos.kinit.cmd = /usr/bin/kinit
	sasl.kerberos.min.time.before.relogin = 60000
	sasl.kerberos.service.name = null
	sasl.kerberos.ticket.renew.jitter = 0.05
	sasl.kerberos.ticket.renew.window.factor = 0.8
	sasl.login.callback.handler.class = null
	sasl.login.class = null
	sasl.login.connect.timeout.ms = null
	sasl.login.read.timeout.ms = null
	sasl.login.refresh.buffer.seconds = 300
	sasl.login.refresh.min.period.seconds = 60
	sasl.login.refresh.window.factor = 0.8
	sasl.login.refresh.window.jitter = 0.05
	sasl.login.retry.backoff.max.ms = 10000
	sasl.login.retry.backoff.ms = 100
	sasl.mechanism = GSSAPI
	sasl.oauthbearer.clock.skew.seconds = 30
	sasl.oauthbearer.expected.audience = null
	sasl.oauthbearer.expected.issuer = null
	sasl.oauthbearer.header.urlencode = false
	sasl.oauthbearer.jwks.endpoint.refresh.ms = 3600000
	sasl.oauthbearer.jwks.endpoint.retry.backoff.max.ms = 10000
	sasl.oauthbearer.jwks.endpoint.retry.backoff.ms = 100
	sasl.oauthbearer.jwks.endpoint.url = null
	sasl.oauthbearer.scope.claim.name = scope
	sasl.oauthbearer.sub.claim.name = sub
	sasl.oauthbearer.token.endpoint.url = null
	security.protocol = PLAINTEXT
	security.providers = null
	send.buffer.bytes = 131072
	session.timeout.ms = 45000
	socket.connection.setup.timeout.max.ms = 30000
	socket.connection.setup.timeout.ms = 10000
	ssl.cipher.suites = null
	ssl.enabled.protocols = [TLSv1.2, TLSv1.3]
	ssl.endpoint.identification.algorithm = https
	ssl.engine.factory.class = null
	ssl.key.password = null
	ssl.keymanager.algorithm = SunX509
	ssl.keystore.certificate.chain = null
	ssl.keystore.key = null
	ssl.keystore.location = null
	ssl.keystore.password = null
	ssl.keystore.type = JKS
	ssl.protocol = TLSv1.3
	ssl.provider = null
	ssl.secure.random.implementation = null
	ssl.trustmanager.algorithm = PKIX
	ssl.truststore.certificates = null
	ssl.truststore.location = null
	ssl.truststore.password = null
	ssl.truststore.type = JKS
	value.deserializer = class io.apicurio.registry.serde.avro.AvroKafkaDeserializer

2025-08-06 15:40:30,997 INFO  [org.apa.kaf.com.tel.int.KafkaMetricsCollector] (main) initializing Kafka metrics collector
2025-08-06 15:40:31,005 INFO  [org.apa.kaf.cli.con.ConsumerConfig] (main) These configurations '[apicurio.registry.avro.encoding, apicurio.registry.url]' were supplied but are not used yet.
2025-08-06 15:40:31,005 INFO  [org.apa.kaf.com.uti.AppInfoParser] (main) Kafka version: 3.9.1
2025-08-06 15:40:31,005 INFO  [org.apa.kaf.com.uti.AppInfoParser] (main) Kafka commitId: f745dfdcee2b9851
2025-08-06 15:40:31,005 INFO  [org.apa.kaf.com.uti.AppInfoParser] (main) Kafka startTimeMs: 1754494831005
2025-08-06 15:40:31,007 INFO  [org.apa.kaf.cli.con.int.ClassicKafkaConsumer] (Thread-618) [Consumer clientId=consumer-Consumer-topic-6241a19e_8ccf_4d89_9651_e44576ad716e-3, groupId=Consumer-topic-6241a19e_8ccf_4d89_9651_e44576ad716e] Subscribed to topic(s): topic-6241a19e_8ccf_4d89_9651_e44576ad716e
2025-08-06 15:40:31,015 INFO  [org.apa.kaf.cli.Metadata] (Thread-618) [Consumer clientId=consumer-Consumer-topic-6241a19e_8ccf_4d89_9651_e44576ad716e-3, groupId=Consumer-topic-6241a19e_8ccf_4d89_9651_e44576ad716e] Cluster ID: QWxucHVARmyNXcabXl68yQ
2025-08-06 15:40:31,020 INFO  [org.apa.kaf.cli.con.int.ConsumerCoordinator] (Thread-618) [Consumer clientId=consumer-Consumer-topic-6241a19e_8ccf_4d89_9651_e44576ad716e-3, groupId=Consumer-topic-6241a19e_8ccf_4d89_9651_e44576ad716e] Discovered group coordinator localhost:32769 (id: 2147483647 rack: null)
2025-08-06 15:40:31,025 INFO  [org.apa.kaf.cli.con.int.ConsumerCoordinator] (Thread-618) [Consumer clientId=consumer-Consumer-topic-6241a19e_8ccf_4d89_9651_e44576ad716e-3, groupId=Consumer-topic-6241a19e_8ccf_4d89_9651_e44576ad716e] (Re-)joining group
2025-08-06 15:40:31,029 INFO  [org.apa.kaf.cli.con.int.ConsumerCoordinator] (Thread-618) [Consumer clientId=consumer-Consumer-topic-6241a19e_8ccf_4d89_9651_e44576ad716e-3, groupId=Consumer-topic-6241a19e_8ccf_4d89_9651_e44576ad716e] Request joining group due to: need to re-join with the given member-id: consumer-Consumer-topic-6241a19e_8ccf_4d89_9651_e44576ad716e-3-f8ea7ac8-b6f9-4844-97e3-0bc9a61267a6
2025-08-06 15:40:31,029 INFO  [org.apa.kaf.cli.con.int.ConsumerCoordinator] (Thread-618) [Consumer clientId=consumer-Consumer-topic-6241a19e_8ccf_4d89_9651_e44576ad716e-3, groupId=Consumer-topic-6241a19e_8ccf_4d89_9651_e44576ad716e] (Re-)joining group
2025-08-06 15:40:32,008 INFO  [io.api.tes.ser.api.KafkaSerdesTester] (Thread-618) None found
2025-08-06 15:40:33,008 INFO  [io.api.tes.ser.api.KafkaSerdesTester] (Thread-618) None found
2025-08-06 15:40:34,009 INFO  [io.api.tes.ser.api.KafkaSerdesTester] (Thread-618) None found
2025-08-06 15:40:34,033 INFO  [org.apa.kaf.cli.con.int.ConsumerCoordinator] (Thread-618) [Consumer clientId=consumer-Consumer-topic-6241a19e_8ccf_4d89_9651_e44576ad716e-3, groupId=Consumer-topic-6241a19e_8ccf_4d89_9651_e44576ad716e] Successfully joined group with generation Generation{generationId=1, memberId='consumer-Consumer-topic-6241a19e_8ccf_4d89_9651_e44576ad716e-3-f8ea7ac8-b6f9-4844-97e3-0bc9a61267a6', protocol='range'}
2025-08-06 15:40:34,034 INFO  [org.apa.kaf.cli.con.int.ConsumerCoordinator] (Thread-618) [Consumer clientId=consumer-Consumer-topic-6241a19e_8ccf_4d89_9651_e44576ad716e-3, groupId=Consumer-topic-6241a19e_8ccf_4d89_9651_e44576ad716e] Finished assignment for group at generation 1: {consumer-Consumer-topic-6241a19e_8ccf_4d89_9651_e44576ad716e-3-f8ea7ac8-b6f9-4844-97e3-0bc9a61267a6=Assignment(partitions=[topic-6241a19e_8ccf_4d89_9651_e44576ad716e-0])}
2025-08-06 15:40:34,041 INFO  [org.apa.kaf.cli.con.int.ConsumerCoordinator] (Thread-618) [Consumer clientId=consumer-Consumer-topic-6241a19e_8ccf_4d89_9651_e44576ad716e-3, groupId=Consumer-topic-6241a19e_8ccf_4d89_9651_e44576ad716e] Successfully synced group in generation Generation{generationId=1, memberId='consumer-Consumer-topic-6241a19e_8ccf_4d89_9651_e44576ad716e-3-f8ea7ac8-b6f9-4844-97e3-0bc9a61267a6', protocol='range'}
2025-08-06 15:40:34,042 INFO  [org.apa.kaf.cli.con.int.ConsumerCoordinator] (Thread-618) [Consumer clientId=consumer-Consumer-topic-6241a19e_8ccf_4d89_9651_e44576ad716e-3, groupId=Consumer-topic-6241a19e_8ccf_4d89_9651_e44576ad716e] Notifying assignor about the new Assignment(partitions=[topic-6241a19e_8ccf_4d89_9651_e44576ad716e-0])
2025-08-06 15:40:34,042 INFO  [org.apa.kaf.cli.con.int.ConsumerRebalanceListenerInvoker] (Thread-618) [Consumer clientId=consumer-Consumer-topic-6241a19e_8ccf_4d89_9651_e44576ad716e-3, groupId=Consumer-topic-6241a19e_8ccf_4d89_9651_e44576ad716e] Adding newly assigned partitions: topic-6241a19e_8ccf_4d89_9651_e44576ad716e-0
2025-08-06 15:40:34,043 INFO  [org.apa.kaf.cli.con.int.ConsumerCoordinator] (Thread-618) [Consumer clientId=consumer-Consumer-topic-6241a19e_8ccf_4d89_9651_e44576ad716e-3, groupId=Consumer-topic-6241a19e_8ccf_4d89_9651_e44576ad716e] Found no committed offset for partition topic-6241a19e_8ccf_4d89_9651_e44576ad716e-0
2025-08-06 15:40:34,050 INFO  [org.apa.kaf.cli.con.int.SubscriptionState] (Thread-618) [Consumer clientId=consumer-Consumer-topic-6241a19e_8ccf_4d89_9651_e44576ad716e-3, groupId=Consumer-topic-6241a19e_8ccf_4d89_9651_e44576ad716e] Resetting offset for partition topic-6241a19e_8ccf_4d89_9651_e44576ad716e-0 to position FetchPosition{offset=0, offsetEpoch=Optional.empty, currentLeader=LeaderAndEpoch{leader=Optional[localhost:32769 (id: 0 rack: null)], epoch=0}}.
2025-08-06 15:40:34,095 INFO  [io.api.tes.ser.api.KafkaSerdesTester] (Thread-618) topic-6241a19e_8ccf_4d89_9651_e44576ad716e 0 0 {"bar": "value-0"}
2025-08-06 15:40:34,095 INFO  [io.api.tes.ser.api.KafkaSerdesTester] (Thread-618) topic-6241a19e_8ccf_4d89_9651_e44576ad716e 0 1 {"bar": "value-1"}
2025-08-06 15:40:34,095 INFO  [io.api.tes.ser.api.KafkaSerdesTester] (Thread-618) topic-6241a19e_8ccf_4d89_9651_e44576ad716e 0 2 {"bar": "value-2"}
2025-08-06 15:40:34,095 INFO  [io.api.tes.ser.api.KafkaSerdesTester] (Thread-618) topic-6241a19e_8ccf_4d89_9651_e44576ad716e 0 3 {"bar": "value-3"}
2025-08-06 15:40:34,096 INFO  [io.api.tes.ser.api.KafkaSerdesTester] (Thread-618) topic-6241a19e_8ccf_4d89_9651_e44576ad716e 0 4 {"bar": "value-4"}
2025-08-06 15:40:34,096 INFO  [io.api.tes.ser.api.KafkaSerdesTester] (Thread-618) topic-6241a19e_8ccf_4d89_9651_e44576ad716e 0 5 {"bar": "value-5"}
2025-08-06 15:40:34,096 INFO  [io.api.tes.ser.api.KafkaSerdesTester] (Thread-618) topic-6241a19e_8ccf_4d89_9651_e44576ad716e 0 6 {"bar": "value-6"}
2025-08-06 15:40:34,096 INFO  [io.api.tes.ser.api.KafkaSerdesTester] (Thread-618) topic-6241a19e_8ccf_4d89_9651_e44576ad716e 0 7 {"bar": "value-7"}
2025-08-06 15:40:34,096 INFO  [io.api.tes.ser.api.KafkaSerdesTester] (Thread-618) topic-6241a19e_8ccf_4d89_9651_e44576ad716e 0 8 {"bar": "value-8"}
2025-08-06 15:40:34,096 INFO  [io.api.tes.ser.api.KafkaSerdesTester] (Thread-618) topic-6241a19e_8ccf_4d89_9651_e44576ad716e 0 9 {"bar": "value-9"}
2025-08-06 15:40:34,096 INFO  [io.api.tes.ser.api.KafkaSerdesTester] (Thread-618) Consumed 10 messages
2025-08-06 15:40:34,105 INFO  [org.apa.kaf.cli.con.int.ConsumerRebalanceListenerInvoker] (Thread-618) [Consumer clientId=consumer-Consumer-topic-6241a19e_8ccf_4d89_9651_e44576ad716e-3, groupId=Consumer-topic-6241a19e_8ccf_4d89_9651_e44576ad716e] Revoke previously assigned partitions topic-6241a19e_8ccf_4d89_9651_e44576ad716e-0
2025-08-06 15:40:34,105 INFO  [org.apa.kaf.cli.con.int.ConsumerCoordinator] (Thread-618) [Consumer clientId=consumer-Consumer-topic-6241a19e_8ccf_4d89_9651_e44576ad716e-3, groupId=Consumer-topic-6241a19e_8ccf_4d89_9651_e44576ad716e] Member consumer-Consumer-topic-6241a19e_8ccf_4d89_9651_e44576ad716e-3-f8ea7ac8-b6f9-4844-97e3-0bc9a61267a6 sending LeaveGroup request to coordinator localhost:32769 (id: 2147483647 rack: null) due to the consumer is being closed
2025-08-06 15:40:34,106 INFO  [org.apa.kaf.cli.con.int.ConsumerCoordinator] (Thread-618) [Consumer clientId=consumer-Consumer-topic-6241a19e_8ccf_4d89_9651_e44576ad716e-3, groupId=Consumer-topic-6241a19e_8ccf_4d89_9651_e44576ad716e] Resetting generation and member id due to: consumer pro-actively leaving the group
2025-08-06 15:40:34,106 INFO  [org.apa.kaf.cli.con.int.ConsumerCoordinator] (Thread-618) [Consumer clientId=consumer-Consumer-topic-6241a19e_8ccf_4d89_9651_e44576ad716e-3, groupId=Consumer-topic-6241a19e_8ccf_4d89_9651_e44576ad716e] Request joining group due to: consumer pro-actively leaving the group
2025-08-06 15:40:34,599 INFO  [org.apa.kaf.com.met.Metrics] (Thread-618) Metrics scheduler closed
2025-08-06 15:40:34,599 INFO  [org.apa.kaf.com.met.Metrics] (Thread-618) Closing reporter org.apache.kafka.common.metrics.JmxReporter
2025-08-06 15:40:34,599 INFO  [org.apa.kaf.com.met.Metrics] (Thread-618) Closing reporter org.apache.kafka.common.telemetry.internals.ClientTelemetryReporter
2025-08-06 15:40:34,599 INFO  [org.apa.kaf.com.met.Metrics] (Thread-618) Metrics reporters closed
2025-08-06 15:40:34,602 INFO  [org.apa.kaf.com.uti.AppInfoParser] (Thread-618) App info kafka.consumer for consumer-Consumer-topic-6241a19e_8ccf_4d89_9651_e44576ad716e-3 unregistered
2025-08-06 15:40:34,602 INFO  [io.api.tes.uti.TestSeparator] (main) io.apicurio.tests.serdes.apicurio.AvroSerdeIT.testAvroJSON-FINISHED
2025-08-06 15:40:34,603 INFO  [io.api.tes.uti.TestSeparator] (main) ############################################################################
Test passed: testAvroJSON
]]></system-out>
  </testcase>
  <testcase name="testTopicIdStrategyAutoRegister" classname="io.apicurio.tests.serdes.apicurio.AvroSerdeIT" time="3.906">
    <system-out><![CDATA[2025-08-06 15:40:34,606 INFO  [io.api.tes.uti.TestSeparator] (main) ############################################################################
2025-08-06 15:40:34,606 INFO  [io.api.tes.uti.TestSeparator] (main) io.apicurio.tests.serdes.apicurio.AvroSerdeIT.testTopicIdStrategyAutoRegister-STARTED
**** Registry Base URL: http://registry-app-ksql047.apps.ci419.apicurio-testing.org:80
2025-08-06 15:40:34,614 INFO  [org.apa.kaf.cli.pro.ProducerConfig] (main) ProducerConfig values: 
	acks = -1
	auto.include.jmx.reporter = true
	batch.size = 16384
	bootstrap.servers = [PLAINTEXT://localhost:32769]
	buffer.memory = 33554432
	client.dns.lookup = use_all_dns_ips
	client.id = Producer-topic-01ce4362_7c2d_4c6d_9b99_29fbb9d4f224
	compression.gzip.level = -1
	compression.lz4.level = 9
	compression.type = none
	compression.zstd.level = 3
	connections.max.idle.ms = 10000
	delivery.timeout.ms = 120000
	enable.idempotence = true
	enable.metrics.push = true
	interceptor.classes = []
	key.serializer = class org.apache.kafka.common.serialization.StringSerializer
	linger.ms = 0
	max.block.ms = 60000
	max.in.flight.requests.per.connection = 5
	max.request.size = 1048576
	metadata.max.age.ms = 300000
	metadata.max.idle.ms = 300000
	metadata.recovery.strategy = none
	metric.reporters = []
	metrics.num.samples = 2
	metrics.recording.level = INFO
	metrics.sample.window.ms = 30000
	partitioner.adaptive.partitioning.enable = true
	partitioner.availability.timeout.ms = 0
	partitioner.class = null
	partitioner.ignore.keys = false
	receive.buffer.bytes = 32768
	reconnect.backoff.max.ms = 1000
	reconnect.backoff.ms = 50
	request.timeout.ms = 5000
	retries = 2147483647
	retry.backoff.max.ms = 1000
	retry.backoff.ms = 100
	sasl.client.callback.handler.class = null
	sasl.jaas.config = null
	sasl.kerberos.kinit.cmd = /usr/bin/kinit
	sasl.kerberos.min.time.before.relogin = 60000
	sasl.kerberos.service.name = null
	sasl.kerberos.ticket.renew.jitter = 0.05
	sasl.kerberos.ticket.renew.window.factor = 0.8
	sasl.login.callback.handler.class = null
	sasl.login.class = null
	sasl.login.connect.timeout.ms = null
	sasl.login.read.timeout.ms = null
	sasl.login.refresh.buffer.seconds = 300
	sasl.login.refresh.min.period.seconds = 60
	sasl.login.refresh.window.factor = 0.8
	sasl.login.refresh.window.jitter = 0.05
	sasl.login.retry.backoff.max.ms = 10000
	sasl.login.retry.backoff.ms = 100
	sasl.mechanism = GSSAPI
	sasl.oauthbearer.clock.skew.seconds = 30
	sasl.oauthbearer.expected.audience = null
	sasl.oauthbearer.expected.issuer = null
	sasl.oauthbearer.header.urlencode = false
	sasl.oauthbearer.jwks.endpoint.refresh.ms = 3600000
	sasl.oauthbearer.jwks.endpoint.retry.backoff.max.ms = 10000
	sasl.oauthbearer.jwks.endpoint.retry.backoff.ms = 100
	sasl.oauthbearer.jwks.endpoint.url = null
	sasl.oauthbearer.scope.claim.name = scope
	sasl.oauthbearer.sub.claim.name = sub
	sasl.oauthbearer.token.endpoint.url = null
	security.protocol = PLAINTEXT
	security.providers = null
	send.buffer.bytes = 131072
	socket.connection.setup.timeout.max.ms = 30000
	socket.connection.setup.timeout.ms = 10000
	ssl.cipher.suites = null
	ssl.enabled.protocols = [TLSv1.2, TLSv1.3]
	ssl.endpoint.identification.algorithm = https
	ssl.engine.factory.class = null
	ssl.key.password = null
	ssl.keymanager.algorithm = SunX509
	ssl.keystore.certificate.chain = null
	ssl.keystore.key = null
	ssl.keystore.location = null
	ssl.keystore.password = null
	ssl.keystore.type = JKS
	ssl.protocol = TLSv1.3
	ssl.provider = null
	ssl.secure.random.implementation = null
	ssl.trustmanager.algorithm = PKIX
	ssl.truststore.certificates = null
	ssl.truststore.location = null
	ssl.truststore.password = null
	ssl.truststore.type = JKS
	transaction.timeout.ms = 60000
	transactional.id = null
	value.serializer = class io.apicurio.registry.serde.avro.AvroKafkaSerializer

2025-08-06 15:40:34,614 INFO  [org.apa.kaf.com.tel.int.KafkaMetricsCollector] (main) initializing Kafka metrics collector
2025-08-06 15:40:34,621 INFO  [org.apa.kaf.cli.pro.KafkaProducer] (main) [Producer clientId=Producer-topic-01ce4362_7c2d_4c6d_9b99_29fbb9d4f224] Instantiated an idempotent producer.
2025-08-06 15:40:34,628 INFO  [org.apa.kaf.cli.pro.ProducerConfig] (main) These configurations '[apicurio.registry.url, apicurio.registry.auto-register, apicurio.registry.artifact-resolver-strategy]' were supplied but are not used yet.
2025-08-06 15:40:34,628 INFO  [org.apa.kaf.com.uti.AppInfoParser] (main) Kafka version: 3.9.1
2025-08-06 15:40:34,628 INFO  [org.apa.kaf.com.uti.AppInfoParser] (main) Kafka commitId: f745dfdcee2b9851
2025-08-06 15:40:34,628 INFO  [org.apa.kaf.com.uti.AppInfoParser] (main) Kafka startTimeMs: 1754494834628
2025-08-06 15:40:34,629 INFO  [io.api.tes.ser.api.SimpleSerdesTesterBuilder$SimpleSerdesTester] (main) Using producer configuration: {apicurio.registry.url=http://registry-app-ksql047.apps.ci419.apicurio-testing.org:80/apis/registry/v3, apicurio.registry.auto-register=true, apicurio.registry.artifact-resolver-strategy=io.apicurio.registry.serde.strategy.TopicIdStrategy, value.serializer=io.apicurio.registry.serde.avro.AvroKafkaSerializer, request.timeout.ms=5000, acks=all, bootstrap.servers=PLAINTEXT://localhost:32769, connections.max.idle.ms=10000, key.serializer=org.apache.kafka.common.serialization.StringSerializer, client.id=Producer-topic-01ce4362_7c2d_4c6d_9b99_29fbb9d4f224}
2025-08-06 15:40:34,629 INFO  [io.api.tes.ser.api.SimpleSerdesTesterBuilder$SimpleSerdesTester] (main) Using consumer configuration: {}
2025-08-06 15:40:34,629 INFO  [io.api.tes.ser.api.KafkaSerdesTester] (Thread-621) Sending message {"key11754494834606": "value-0"} to topic topic-01ce4362_7c2d_4c6d_9b99_29fbb9d4f224
2025-08-06 15:40:34,637 WARN  [org.apa.kaf.cli.NetworkClient] (kafka-producer-network-thread | Producer-topic-01ce4362_7c2d_4c6d_9b99_29fbb9d4f224) [Producer clientId=Producer-topic-01ce4362_7c2d_4c6d_9b99_29fbb9d4f224] The metadata response from the cluster reported a recoverable issue with correlation id 1 : {topic-01ce4362_7c2d_4c6d_9b99_29fbb9d4f224=UNKNOWN_TOPIC_OR_PARTITION}
2025-08-06 15:40:34,637 INFO  [org.apa.kaf.cli.Metadata] (kafka-producer-network-thread | Producer-topic-01ce4362_7c2d_4c6d_9b99_29fbb9d4f224) [Producer clientId=Producer-topic-01ce4362_7c2d_4c6d_9b99_29fbb9d4f224] Cluster ID: QWxucHVARmyNXcabXl68yQ
2025-08-06 15:40:34,640 INFO  [org.apa.kaf.cli.pro.int.TransactionManager] (kafka-producer-network-thread | Producer-topic-01ce4362_7c2d_4c6d_9b99_29fbb9d4f224) [Producer clientId=Producer-topic-01ce4362_7c2d_4c6d_9b99_29fbb9d4f224] ProducerId set to 4 with epoch 0
2025-08-06 15:40:34,829 INFO  [io.api.tes.ser.api.KafkaSerdesTester] (Thread-621) Sending message {"key11754494834606": "value-1"} to topic topic-01ce4362_7c2d_4c6d_9b99_29fbb9d4f224
2025-08-06 15:40:34,833 INFO  [io.api.tes.ser.api.KafkaSerdesTester] (Thread-621) Sending message {"key11754494834606": "value-2"} to topic topic-01ce4362_7c2d_4c6d_9b99_29fbb9d4f224
2025-08-06 15:40:34,835 INFO  [io.api.tes.ser.api.KafkaSerdesTester] (Thread-621) Sending message {"key11754494834606": "value-3"} to topic topic-01ce4362_7c2d_4c6d_9b99_29fbb9d4f224
2025-08-06 15:40:34,838 INFO  [io.api.tes.ser.api.KafkaSerdesTester] (Thread-621) Sending message {"key11754494834606": "value-4"} to topic topic-01ce4362_7c2d_4c6d_9b99_29fbb9d4f224
2025-08-06 15:40:34,840 INFO  [io.api.tes.ser.api.KafkaSerdesTester] (Thread-621) Sending message {"key11754494834606": "value-5"} to topic topic-01ce4362_7c2d_4c6d_9b99_29fbb9d4f224
2025-08-06 15:40:34,842 INFO  [io.api.tes.ser.api.KafkaSerdesTester] (Thread-621) Sending message {"key11754494834606": "value-6"} to topic topic-01ce4362_7c2d_4c6d_9b99_29fbb9d4f224
2025-08-06 15:40:34,844 INFO  [io.api.tes.ser.api.KafkaSerdesTester] (Thread-621) Sending message {"key11754494834606": "value-7"} to topic topic-01ce4362_7c2d_4c6d_9b99_29fbb9d4f224
2025-08-06 15:40:34,846 INFO  [io.api.tes.ser.api.KafkaSerdesTester] (Thread-621) Sending message {"key11754494834606": "value-8"} to topic topic-01ce4362_7c2d_4c6d_9b99_29fbb9d4f224
2025-08-06 15:40:34,848 INFO  [io.api.tes.ser.api.KafkaSerdesTester] (Thread-621) Sending message {"key11754494834606": "value-9"} to topic topic-01ce4362_7c2d_4c6d_9b99_29fbb9d4f224
2025-08-06 15:40:34,850 INFO  [io.api.tes.ser.api.KafkaSerdesTester] (Thread-621) Produced 10 messages
2025-08-06 15:40:34,850 INFO  [org.apa.kaf.cli.pro.KafkaProducer] (Thread-621) [Producer clientId=Producer-topic-01ce4362_7c2d_4c6d_9b99_29fbb9d4f224] Closing the Kafka producer with timeoutMillis = 9223372036854775807 ms.
2025-08-06 15:40:34,853 INFO  [org.apa.kaf.com.met.Metrics] (Thread-621) Metrics scheduler closed
2025-08-06 15:40:34,853 INFO  [org.apa.kaf.com.met.Metrics] (Thread-621) Closing reporter org.apache.kafka.common.metrics.JmxReporter
2025-08-06 15:40:34,853 INFO  [org.apa.kaf.com.met.Metrics] (Thread-621) Closing reporter org.apache.kafka.common.telemetry.internals.ClientTelemetryReporter
2025-08-06 15:40:34,853 INFO  [org.apa.kaf.com.met.Metrics] (Thread-621) Metrics reporters closed
2025-08-06 15:40:34,854 INFO  [org.apa.kaf.com.uti.AppInfoParser] (Thread-621) App info kafka.producer for Producer-topic-01ce4362_7c2d_4c6d_9b99_29fbb9d4f224 unregistered
**** Registry Base URL: http://registry-app-ksql047.apps.ci419.apicurio-testing.org:80
2025-08-06 15:40:34,879 INFO  [org.apa.kaf.cli.con.ConsumerConfig] (main) ConsumerConfig values: 
	allow.auto.create.topics = true
	auto.commit.interval.ms = 500
	auto.include.jmx.reporter = true
	auto.offset.reset = earliest
	bootstrap.servers = [PLAINTEXT://localhost:32769]
	check.crcs = true
	client.dns.lookup = use_all_dns_ips
	client.id = consumer-Consumer-topic-01ce4362_7c2d_4c6d_9b99_29fbb9d4f224-4
	client.rack = 
	connections.max.idle.ms = 10000
	default.api.timeout.ms = 60000
	enable.auto.commit = true
	enable.metrics.push = true
	exclude.internal.topics = true
	fetch.max.bytes = 52428800
	fetch.max.wait.ms = 500
	fetch.min.bytes = 1
	group.id = Consumer-topic-01ce4362_7c2d_4c6d_9b99_29fbb9d4f224
	group.instance.id = null
	group.protocol = classic
	group.remote.assignor = null
	heartbeat.interval.ms = 3000
	interceptor.classes = []
	internal.leave.group.on.close = true
	internal.throw.on.fetch.stable.offset.unsupported = false
	isolation.level = read_uncommitted
	key.deserializer = class org.apache.kafka.common.serialization.StringDeserializer
	max.partition.fetch.bytes = 1048576
	max.poll.interval.ms = 300000
	max.poll.records = 500
	metadata.max.age.ms = 300000
	metadata.recovery.strategy = none
	metric.reporters = []
	metrics.num.samples = 2
	metrics.recording.level = INFO
	metrics.sample.window.ms = 30000
	partition.assignment.strategy = [class org.apache.kafka.clients.consumer.RangeAssignor, class org.apache.kafka.clients.consumer.CooperativeStickyAssignor]
	receive.buffer.bytes = 65536
	reconnect.backoff.max.ms = 1000
	reconnect.backoff.ms = 50
	request.timeout.ms = 5000
	retry.backoff.max.ms = 1000
	retry.backoff.ms = 100
	sasl.client.callback.handler.class = null
	sasl.jaas.config = null
	sasl.kerberos.kinit.cmd = /usr/bin/kinit
	sasl.kerberos.min.time.before.relogin = 60000
	sasl.kerberos.service.name = null
	sasl.kerberos.ticket.renew.jitter = 0.05
	sasl.kerberos.ticket.renew.window.factor = 0.8
	sasl.login.callback.handler.class = null
	sasl.login.class = null
	sasl.login.connect.timeout.ms = null
	sasl.login.read.timeout.ms = null
	sasl.login.refresh.buffer.seconds = 300
	sasl.login.refresh.min.period.seconds = 60
	sasl.login.refresh.window.factor = 0.8
	sasl.login.refresh.window.jitter = 0.05
	sasl.login.retry.backoff.max.ms = 10000
	sasl.login.retry.backoff.ms = 100
	sasl.mechanism = GSSAPI
	sasl.oauthbearer.clock.skew.seconds = 30
	sasl.oauthbearer.expected.audience = null
	sasl.oauthbearer.expected.issuer = null
	sasl.oauthbearer.header.urlencode = false
	sasl.oauthbearer.jwks.endpoint.refresh.ms = 3600000
	sasl.oauthbearer.jwks.endpoint.retry.backoff.max.ms = 10000
	sasl.oauthbearer.jwks.endpoint.retry.backoff.ms = 100
	sasl.oauthbearer.jwks.endpoint.url = null
	sasl.oauthbearer.scope.claim.name = scope
	sasl.oauthbearer.sub.claim.name = sub
	sasl.oauthbearer.token.endpoint.url = null
	security.protocol = PLAINTEXT
	security.providers = null
	send.buffer.bytes = 131072
	session.timeout.ms = 45000
	socket.connection.setup.timeout.max.ms = 30000
	socket.connection.setup.timeout.ms = 10000
	ssl.cipher.suites = null
	ssl.enabled.protocols = [TLSv1.2, TLSv1.3]
	ssl.endpoint.identification.algorithm = https
	ssl.engine.factory.class = null
	ssl.key.password = null
	ssl.keymanager.algorithm = SunX509
	ssl.keystore.certificate.chain = null
	ssl.keystore.key = null
	ssl.keystore.location = null
	ssl.keystore.password = null
	ssl.keystore.type = JKS
	ssl.protocol = TLSv1.3
	ssl.provider = null
	ssl.secure.random.implementation = null
	ssl.trustmanager.algorithm = PKIX
	ssl.truststore.certificates = null
	ssl.truststore.location = null
	ssl.truststore.password = null
	ssl.truststore.type = JKS
	value.deserializer = class io.apicurio.registry.serde.avro.AvroKafkaDeserializer

2025-08-06 15:40:34,879 INFO  [org.apa.kaf.com.tel.int.KafkaMetricsCollector] (main) initializing Kafka metrics collector
2025-08-06 15:40:34,887 INFO  [org.apa.kaf.cli.con.ConsumerConfig] (main) These configurations '[apicurio.registry.url]' were supplied but are not used yet.
2025-08-06 15:40:34,887 INFO  [org.apa.kaf.com.uti.AppInfoParser] (main) Kafka version: 3.9.1
2025-08-06 15:40:34,887 INFO  [org.apa.kaf.com.uti.AppInfoParser] (main) Kafka commitId: f745dfdcee2b9851
2025-08-06 15:40:34,887 INFO  [org.apa.kaf.com.uti.AppInfoParser] (main) Kafka startTimeMs: 1754494834887
2025-08-06 15:40:34,888 INFO  [org.apa.kaf.cli.con.int.ClassicKafkaConsumer] (Thread-624) [Consumer clientId=consumer-Consumer-topic-01ce4362_7c2d_4c6d_9b99_29fbb9d4f224-4, groupId=Consumer-topic-01ce4362_7c2d_4c6d_9b99_29fbb9d4f224] Subscribed to topic(s): topic-01ce4362_7c2d_4c6d_9b99_29fbb9d4f224
2025-08-06 15:40:34,896 INFO  [org.apa.kaf.cli.Metadata] (Thread-624) [Consumer clientId=consumer-Consumer-topic-01ce4362_7c2d_4c6d_9b99_29fbb9d4f224-4, groupId=Consumer-topic-01ce4362_7c2d_4c6d_9b99_29fbb9d4f224] Cluster ID: QWxucHVARmyNXcabXl68yQ
2025-08-06 15:40:34,900 INFO  [org.apa.kaf.cli.con.int.ConsumerCoordinator] (Thread-624) [Consumer clientId=consumer-Consumer-topic-01ce4362_7c2d_4c6d_9b99_29fbb9d4f224-4, groupId=Consumer-topic-01ce4362_7c2d_4c6d_9b99_29fbb9d4f224] Discovered group coordinator localhost:32769 (id: 2147483647 rack: null)
2025-08-06 15:40:34,907 INFO  [org.apa.kaf.cli.con.int.ConsumerCoordinator] (Thread-624) [Consumer clientId=consumer-Consumer-topic-01ce4362_7c2d_4c6d_9b99_29fbb9d4f224-4, groupId=Consumer-topic-01ce4362_7c2d_4c6d_9b99_29fbb9d4f224] (Re-)joining group
2025-08-06 15:40:34,916 INFO  [org.apa.kaf.cli.con.int.ConsumerCoordinator] (Thread-624) [Consumer clientId=consumer-Consumer-topic-01ce4362_7c2d_4c6d_9b99_29fbb9d4f224-4, groupId=Consumer-topic-01ce4362_7c2d_4c6d_9b99_29fbb9d4f224] Request joining group due to: need to re-join with the given member-id: consumer-Consumer-topic-01ce4362_7c2d_4c6d_9b99_29fbb9d4f224-4-594c2a89-cd38-4f73-903f-493ee551e417
2025-08-06 15:40:34,916 INFO  [org.apa.kaf.cli.con.int.ConsumerCoordinator] (Thread-624) [Consumer clientId=consumer-Consumer-topic-01ce4362_7c2d_4c6d_9b99_29fbb9d4f224-4, groupId=Consumer-topic-01ce4362_7c2d_4c6d_9b99_29fbb9d4f224] (Re-)joining group
2025-08-06 15:40:35,888 INFO  [io.api.tes.ser.api.KafkaSerdesTester] (Thread-624) None found
2025-08-06 15:40:36,889 INFO  [io.api.tes.ser.api.KafkaSerdesTester] (Thread-624) None found
2025-08-06 15:40:37,890 INFO  [io.api.tes.ser.api.KafkaSerdesTester] (Thread-624) None found
2025-08-06 15:40:37,918 INFO  [org.apa.kaf.cli.con.int.ConsumerCoordinator] (Thread-624) [Consumer clientId=consumer-Consumer-topic-01ce4362_7c2d_4c6d_9b99_29fbb9d4f224-4, groupId=Consumer-topic-01ce4362_7c2d_4c6d_9b99_29fbb9d4f224] Successfully joined group with generation Generation{generationId=1, memberId='consumer-Consumer-topic-01ce4362_7c2d_4c6d_9b99_29fbb9d4f224-4-594c2a89-cd38-4f73-903f-493ee551e417', protocol='range'}
2025-08-06 15:40:37,919 INFO  [org.apa.kaf.cli.con.int.ConsumerCoordinator] (Thread-624) [Consumer clientId=consumer-Consumer-topic-01ce4362_7c2d_4c6d_9b99_29fbb9d4f224-4, groupId=Consumer-topic-01ce4362_7c2d_4c6d_9b99_29fbb9d4f224] Finished assignment for group at generation 1: {consumer-Consumer-topic-01ce4362_7c2d_4c6d_9b99_29fbb9d4f224-4-594c2a89-cd38-4f73-903f-493ee551e417=Assignment(partitions=[topic-01ce4362_7c2d_4c6d_9b99_29fbb9d4f224-0])}
2025-08-06 15:40:37,926 INFO  [org.apa.kaf.cli.con.int.ConsumerCoordinator] (Thread-624) [Consumer clientId=consumer-Consumer-topic-01ce4362_7c2d_4c6d_9b99_29fbb9d4f224-4, groupId=Consumer-topic-01ce4362_7c2d_4c6d_9b99_29fbb9d4f224] Successfully synced group in generation Generation{generationId=1, memberId='consumer-Consumer-topic-01ce4362_7c2d_4c6d_9b99_29fbb9d4f224-4-594c2a89-cd38-4f73-903f-493ee551e417', protocol='range'}
2025-08-06 15:40:37,926 INFO  [org.apa.kaf.cli.con.int.ConsumerCoordinator] (Thread-624) [Consumer clientId=consumer-Consumer-topic-01ce4362_7c2d_4c6d_9b99_29fbb9d4f224-4, groupId=Consumer-topic-01ce4362_7c2d_4c6d_9b99_29fbb9d4f224] Notifying assignor about the new Assignment(partitions=[topic-01ce4362_7c2d_4c6d_9b99_29fbb9d4f224-0])
2025-08-06 15:40:37,926 INFO  [org.apa.kaf.cli.con.int.ConsumerRebalanceListenerInvoker] (Thread-624) [Consumer clientId=consumer-Consumer-topic-01ce4362_7c2d_4c6d_9b99_29fbb9d4f224-4, groupId=Consumer-topic-01ce4362_7c2d_4c6d_9b99_29fbb9d4f224] Adding newly assigned partitions: topic-01ce4362_7c2d_4c6d_9b99_29fbb9d4f224-0
2025-08-06 15:40:37,928 INFO  [org.apa.kaf.cli.con.int.ConsumerCoordinator] (Thread-624) [Consumer clientId=consumer-Consumer-topic-01ce4362_7c2d_4c6d_9b99_29fbb9d4f224-4, groupId=Consumer-topic-01ce4362_7c2d_4c6d_9b99_29fbb9d4f224] Found no committed offset for partition topic-01ce4362_7c2d_4c6d_9b99_29fbb9d4f224-0
2025-08-06 15:40:37,929 INFO  [org.apa.kaf.cli.con.int.SubscriptionState] (Thread-624) [Consumer clientId=consumer-Consumer-topic-01ce4362_7c2d_4c6d_9b99_29fbb9d4f224-4, groupId=Consumer-topic-01ce4362_7c2d_4c6d_9b99_29fbb9d4f224] Resetting offset for partition topic-01ce4362_7c2d_4c6d_9b99_29fbb9d4f224-0 to position FetchPosition{offset=0, offsetEpoch=Optional.empty, currentLeader=LeaderAndEpoch{leader=Optional[localhost:32769 (id: 0 rack: null)], epoch=0}}.
2025-08-06 15:40:37,974 INFO  [io.api.tes.ser.api.KafkaSerdesTester] (Thread-624) topic-01ce4362_7c2d_4c6d_9b99_29fbb9d4f224 0 0 {"key11754494834606": "value-0"}
2025-08-06 15:40:37,974 INFO  [io.api.tes.ser.api.KafkaSerdesTester] (Thread-624) topic-01ce4362_7c2d_4c6d_9b99_29fbb9d4f224 0 1 {"key11754494834606": "value-1"}
2025-08-06 15:40:37,974 INFO  [io.api.tes.ser.api.KafkaSerdesTester] (Thread-624) topic-01ce4362_7c2d_4c6d_9b99_29fbb9d4f224 0 2 {"key11754494834606": "value-2"}
2025-08-06 15:40:37,975 INFO  [io.api.tes.ser.api.KafkaSerdesTester] (Thread-624) topic-01ce4362_7c2d_4c6d_9b99_29fbb9d4f224 0 3 {"key11754494834606": "value-3"}
2025-08-06 15:40:37,975 INFO  [io.api.tes.ser.api.KafkaSerdesTester] (Thread-624) topic-01ce4362_7c2d_4c6d_9b99_29fbb9d4f224 0 4 {"key11754494834606": "value-4"}
2025-08-06 15:40:37,975 INFO  [io.api.tes.ser.api.KafkaSerdesTester] (Thread-624) topic-01ce4362_7c2d_4c6d_9b99_29fbb9d4f224 0 5 {"key11754494834606": "value-5"}
2025-08-06 15:40:37,975 INFO  [io.api.tes.ser.api.KafkaSerdesTester] (Thread-624) topic-01ce4362_7c2d_4c6d_9b99_29fbb9d4f224 0 6 {"key11754494834606": "value-6"}
2025-08-06 15:40:37,975 INFO  [io.api.tes.ser.api.KafkaSerdesTester] (Thread-624) topic-01ce4362_7c2d_4c6d_9b99_29fbb9d4f224 0 7 {"key11754494834606": "value-7"}
2025-08-06 15:40:37,975 INFO  [io.api.tes.ser.api.KafkaSerdesTester] (Thread-624) topic-01ce4362_7c2d_4c6d_9b99_29fbb9d4f224 0 8 {"key11754494834606": "value-8"}
2025-08-06 15:40:37,975 INFO  [io.api.tes.ser.api.KafkaSerdesTester] (Thread-624) topic-01ce4362_7c2d_4c6d_9b99_29fbb9d4f224 0 9 {"key11754494834606": "value-9"}
2025-08-06 15:40:37,975 INFO  [io.api.tes.ser.api.KafkaSerdesTester] (Thread-624) Consumed 10 messages
2025-08-06 15:40:37,984 INFO  [org.apa.kaf.cli.con.int.ConsumerRebalanceListenerInvoker] (Thread-624) [Consumer clientId=consumer-Consumer-topic-01ce4362_7c2d_4c6d_9b99_29fbb9d4f224-4, groupId=Consumer-topic-01ce4362_7c2d_4c6d_9b99_29fbb9d4f224] Revoke previously assigned partitions topic-01ce4362_7c2d_4c6d_9b99_29fbb9d4f224-0
2025-08-06 15:40:37,984 INFO  [org.apa.kaf.cli.con.int.ConsumerCoordinator] (Thread-624) [Consumer clientId=consumer-Consumer-topic-01ce4362_7c2d_4c6d_9b99_29fbb9d4f224-4, groupId=Consumer-topic-01ce4362_7c2d_4c6d_9b99_29fbb9d4f224] Member consumer-Consumer-topic-01ce4362_7c2d_4c6d_9b99_29fbb9d4f224-4-594c2a89-cd38-4f73-903f-493ee551e417 sending LeaveGroup request to coordinator localhost:32769 (id: 2147483647 rack: null) due to the consumer is being closed
2025-08-06 15:40:37,984 INFO  [org.apa.kaf.cli.con.int.ConsumerCoordinator] (Thread-624) [Consumer clientId=consumer-Consumer-topic-01ce4362_7c2d_4c6d_9b99_29fbb9d4f224-4, groupId=Consumer-topic-01ce4362_7c2d_4c6d_9b99_29fbb9d4f224] Resetting generation and member id due to: consumer pro-actively leaving the group
2025-08-06 15:40:37,984 INFO  [org.apa.kaf.cli.con.int.ConsumerCoordinator] (Thread-624) [Consumer clientId=consumer-Consumer-topic-01ce4362_7c2d_4c6d_9b99_29fbb9d4f224-4, groupId=Consumer-topic-01ce4362_7c2d_4c6d_9b99_29fbb9d4f224] Request joining group due to: consumer pro-actively leaving the group
2025-08-06 15:40:38,479 INFO  [org.apa.kaf.com.met.Metrics] (Thread-624) Metrics scheduler closed
2025-08-06 15:40:38,480 INFO  [org.apa.kaf.com.met.Metrics] (Thread-624) Closing reporter org.apache.kafka.common.metrics.JmxReporter
2025-08-06 15:40:38,480 INFO  [org.apa.kaf.com.met.Metrics] (Thread-624) Closing reporter org.apache.kafka.common.telemetry.internals.ClientTelemetryReporter
2025-08-06 15:40:38,480 INFO  [org.apa.kaf.com.met.Metrics] (Thread-624) Metrics reporters closed
2025-08-06 15:40:38,485 INFO  [org.apa.kaf.com.uti.AppInfoParser] (Thread-624) App info kafka.consumer for consumer-Consumer-topic-01ce4362_7c2d_4c6d_9b99_29fbb9d4f224-4 unregistered
2025-08-06 15:40:38,510 INFO  [io.api.tes.uti.TestSeparator] (main) io.apicurio.tests.serdes.apicurio.AvroSerdeIT.testTopicIdStrategyAutoRegister-FINISHED
2025-08-06 15:40:38,511 INFO  [io.api.tes.uti.TestSeparator] (main) ############################################################################
Test passed: testTopicIdStrategyAutoRegister
]]></system-out>
  </testcase>
  <testcase name="testRecordIdStrategydFindLatest" classname="io.apicurio.tests.serdes.apicurio.AvroSerdeIT" time="4.783">
    <system-out><![CDATA[2025-08-06 15:40:38,513 INFO  [io.api.tes.uti.TestSeparator] (main) ############################################################################
2025-08-06 15:40:38,513 INFO  [io.api.tes.uti.TestSeparator] (main) io.apicurio.tests.serdes.apicurio.AvroSerdeIT.testRecordIdStrategydFindLatest-STARTED
2025-08-06 15:40:38,514 INFO  [io.api.tes.ser.api.AvroSerdeIT] (main) Registering Avro Schema: {"type":"record","name":"s266bd6eex72d4x4f85xb129x997f4c1bcb14","namespace":"s2d36d36ex8acax4f4fxa481x135f67d8e6c1","fields":[{"name":"key11754494838513","type":"string"}]}
**** Registry Base URL: http://registry-app-ksql047.apps.ci419.apicurio-testing.org:80
2025-08-06 15:40:39,590 INFO  [org.apa.kaf.cli.pro.ProducerConfig] (main) ProducerConfig values: 
	acks = -1
	auto.include.jmx.reporter = true
	batch.size = 16384
	bootstrap.servers = [PLAINTEXT://localhost:32769]
	buffer.memory = 33554432
	client.dns.lookup = use_all_dns_ips
	client.id = Producer-topic-a6a4cf56_4272_4601_b474_22538072cd5a
	compression.gzip.level = -1
	compression.lz4.level = 9
	compression.type = none
	compression.zstd.level = 3
	connections.max.idle.ms = 10000
	delivery.timeout.ms = 120000
	enable.idempotence = true
	enable.metrics.push = true
	interceptor.classes = []
	key.serializer = class org.apache.kafka.common.serialization.StringSerializer
	linger.ms = 0
	max.block.ms = 60000
	max.in.flight.requests.per.connection = 5
	max.request.size = 1048576
	metadata.max.age.ms = 300000
	metadata.max.idle.ms = 300000
	metadata.recovery.strategy = none
	metric.reporters = []
	metrics.num.samples = 2
	metrics.recording.level = INFO
	metrics.sample.window.ms = 30000
	partitioner.adaptive.partitioning.enable = true
	partitioner.availability.timeout.ms = 0
	partitioner.class = null
	partitioner.ignore.keys = false
	receive.buffer.bytes = 32768
	reconnect.backoff.max.ms = 1000
	reconnect.backoff.ms = 50
	request.timeout.ms = 5000
	retries = 2147483647
	retry.backoff.max.ms = 1000
	retry.backoff.ms = 100
	sasl.client.callback.handler.class = null
	sasl.jaas.config = null
	sasl.kerberos.kinit.cmd = /usr/bin/kinit
	sasl.kerberos.min.time.before.relogin = 60000
	sasl.kerberos.service.name = null
	sasl.kerberos.ticket.renew.jitter = 0.05
	sasl.kerberos.ticket.renew.window.factor = 0.8
	sasl.login.callback.handler.class = null
	sasl.login.class = null
	sasl.login.connect.timeout.ms = null
	sasl.login.read.timeout.ms = null
	sasl.login.refresh.buffer.seconds = 300
	sasl.login.refresh.min.period.seconds = 60
	sasl.login.refresh.window.factor = 0.8
	sasl.login.refresh.window.jitter = 0.05
	sasl.login.retry.backoff.max.ms = 10000
	sasl.login.retry.backoff.ms = 100
	sasl.mechanism = GSSAPI
	sasl.oauthbearer.clock.skew.seconds = 30
	sasl.oauthbearer.expected.audience = null
	sasl.oauthbearer.expected.issuer = null
	sasl.oauthbearer.header.urlencode = false
	sasl.oauthbearer.jwks.endpoint.refresh.ms = 3600000
	sasl.oauthbearer.jwks.endpoint.retry.backoff.max.ms = 10000
	sasl.oauthbearer.jwks.endpoint.retry.backoff.ms = 100
	sasl.oauthbearer.jwks.endpoint.url = null
	sasl.oauthbearer.scope.claim.name = scope
	sasl.oauthbearer.sub.claim.name = sub
	sasl.oauthbearer.token.endpoint.url = null
	security.protocol = PLAINTEXT
	security.providers = null
	send.buffer.bytes = 131072
	socket.connection.setup.timeout.max.ms = 30000
	socket.connection.setup.timeout.ms = 10000
	ssl.cipher.suites = null
	ssl.enabled.protocols = [TLSv1.2, TLSv1.3]
	ssl.endpoint.identification.algorithm = https
	ssl.engine.factory.class = null
	ssl.key.password = null
	ssl.keymanager.algorithm = SunX509
	ssl.keystore.certificate.chain = null
	ssl.keystore.key = null
	ssl.keystore.location = null
	ssl.keystore.password = null
	ssl.keystore.type = JKS
	ssl.protocol = TLSv1.3
	ssl.provider = null
	ssl.secure.random.implementation = null
	ssl.trustmanager.algorithm = PKIX
	ssl.truststore.certificates = null
	ssl.truststore.location = null
	ssl.truststore.password = null
	ssl.truststore.type = JKS
	transaction.timeout.ms = 60000
	transactional.id = null
	value.serializer = class io.apicurio.registry.serde.avro.AvroKafkaSerializer

2025-08-06 15:40:39,591 INFO  [org.apa.kaf.com.tel.int.KafkaMetricsCollector] (main) initializing Kafka metrics collector
2025-08-06 15:40:39,594 INFO  [org.apa.kaf.cli.pro.KafkaProducer] (main) [Producer clientId=Producer-topic-a6a4cf56_4272_4601_b474_22538072cd5a] Instantiated an idempotent producer.
2025-08-06 15:40:39,598 INFO  [org.apa.kaf.cli.pro.ProducerConfig] (main) These configurations '[apicurio.registry.find-latest, apicurio.registry.url, apicurio.registry.artifact-resolver-strategy]' were supplied but are not used yet.
2025-08-06 15:40:39,603 INFO  [org.apa.kaf.com.uti.AppInfoParser] (main) Kafka version: 3.9.1
2025-08-06 15:40:39,603 INFO  [org.apa.kaf.com.uti.AppInfoParser] (main) Kafka commitId: f745dfdcee2b9851
2025-08-06 15:40:39,603 INFO  [org.apa.kaf.com.uti.AppInfoParser] (main) Kafka startTimeMs: 1754494839603
2025-08-06 15:40:39,603 INFO  [io.api.tes.ser.api.SimpleSerdesTesterBuilder$SimpleSerdesTester] (main) Using producer configuration: {apicurio.registry.find-latest=true, apicurio.registry.url=http://registry-app-ksql047.apps.ci419.apicurio-testing.org:80/apis/registry/v3, apicurio.registry.artifact-resolver-strategy=io.apicurio.registry.serde.avro.strategy.RecordIdStrategy, value.serializer=io.apicurio.registry.serde.avro.AvroKafkaSerializer, request.timeout.ms=5000, acks=all, bootstrap.servers=PLAINTEXT://localhost:32769, connections.max.idle.ms=10000, key.serializer=org.apache.kafka.common.serialization.StringSerializer, client.id=Producer-topic-a6a4cf56_4272_4601_b474_22538072cd5a}
2025-08-06 15:40:39,603 INFO  [io.api.tes.ser.api.SimpleSerdesTesterBuilder$SimpleSerdesTester] (main) Using consumer configuration: {}
2025-08-06 15:40:39,607 INFO  [io.api.tes.ser.api.KafkaSerdesTester] (Thread-627) Sending message {"key11754494838513": "value-0"} to topic topic-a6a4cf56_4272_4601_b474_22538072cd5a
2025-08-06 15:40:39,608 INFO  [org.apa.kaf.cli.Metadata] (kafka-producer-network-thread | Producer-topic-a6a4cf56_4272_4601_b474_22538072cd5a) [Producer clientId=Producer-topic-a6a4cf56_4272_4601_b474_22538072cd5a] Cluster ID: QWxucHVARmyNXcabXl68yQ
2025-08-06 15:40:39,608 INFO  [org.apa.kaf.cli.pro.int.TransactionManager] (kafka-producer-network-thread | Producer-topic-a6a4cf56_4272_4601_b474_22538072cd5a) [Producer clientId=Producer-topic-a6a4cf56_4272_4601_b474_22538072cd5a] ProducerId set to 5 with epoch 0
2025-08-06 15:40:39,668 INFO  [io.api.tes.ser.api.KafkaSerdesTester] (Thread-627) Sending message {"key11754494838513": "value-1"} to topic topic-a6a4cf56_4272_4601_b474_22538072cd5a
2025-08-06 15:40:39,670 INFO  [io.api.tes.ser.api.KafkaSerdesTester] (Thread-627) Sending message {"key11754494838513": "value-2"} to topic topic-a6a4cf56_4272_4601_b474_22538072cd5a
2025-08-06 15:40:39,672 INFO  [io.api.tes.ser.api.KafkaSerdesTester] (Thread-627) Sending message {"key11754494838513": "value-3"} to topic topic-a6a4cf56_4272_4601_b474_22538072cd5a
2025-08-06 15:40:39,674 INFO  [io.api.tes.ser.api.KafkaSerdesTester] (Thread-627) Sending message {"key11754494838513": "value-4"} to topic topic-a6a4cf56_4272_4601_b474_22538072cd5a
2025-08-06 15:40:39,678 INFO  [io.api.tes.ser.api.KafkaSerdesTester] (Thread-627) Sending message {"key11754494838513": "value-5"} to topic topic-a6a4cf56_4272_4601_b474_22538072cd5a
2025-08-06 15:40:39,681 INFO  [io.api.tes.ser.api.KafkaSerdesTester] (Thread-627) Sending message {"key11754494838513": "value-6"} to topic topic-a6a4cf56_4272_4601_b474_22538072cd5a
2025-08-06 15:40:39,682 INFO  [io.api.tes.ser.api.KafkaSerdesTester] (Thread-627) Sending message {"key11754494838513": "value-7"} to topic topic-a6a4cf56_4272_4601_b474_22538072cd5a
2025-08-06 15:40:39,684 INFO  [io.api.tes.ser.api.KafkaSerdesTester] (Thread-627) Sending message {"key11754494838513": "value-8"} to topic topic-a6a4cf56_4272_4601_b474_22538072cd5a
2025-08-06 15:40:39,686 INFO  [io.api.tes.ser.api.KafkaSerdesTester] (Thread-627) Sending message {"key11754494838513": "value-9"} to topic topic-a6a4cf56_4272_4601_b474_22538072cd5a
2025-08-06 15:40:39,689 INFO  [io.api.tes.ser.api.KafkaSerdesTester] (Thread-627) Produced 10 messages
2025-08-06 15:40:39,689 INFO  [org.apa.kaf.cli.pro.KafkaProducer] (Thread-627) [Producer clientId=Producer-topic-a6a4cf56_4272_4601_b474_22538072cd5a] Closing the Kafka producer with timeoutMillis = 9223372036854775807 ms.
2025-08-06 15:40:39,692 INFO  [org.apa.kaf.com.met.Metrics] (Thread-627) Metrics scheduler closed
2025-08-06 15:40:39,692 INFO  [org.apa.kaf.com.met.Metrics] (Thread-627) Closing reporter org.apache.kafka.common.metrics.JmxReporter
2025-08-06 15:40:39,692 INFO  [org.apa.kaf.com.met.Metrics] (Thread-627) Closing reporter org.apache.kafka.common.telemetry.internals.ClientTelemetryReporter
2025-08-06 15:40:39,692 INFO  [org.apa.kaf.com.met.Metrics] (Thread-627) Metrics reporters closed
2025-08-06 15:40:39,693 INFO  [org.apa.kaf.com.uti.AppInfoParser] (Thread-627) App info kafka.producer for Producer-topic-a6a4cf56_4272_4601_b474_22538072cd5a unregistered
**** Registry Base URL: http://registry-app-ksql047.apps.ci419.apicurio-testing.org:80
2025-08-06 15:40:39,693 INFO  [org.apa.kaf.cli.con.ConsumerConfig] (main) ConsumerConfig values: 
	allow.auto.create.topics = true
	auto.commit.interval.ms = 500
	auto.include.jmx.reporter = true
	auto.offset.reset = earliest
	bootstrap.servers = [PLAINTEXT://localhost:32769]
	check.crcs = true
	client.dns.lookup = use_all_dns_ips
	client.id = consumer-Consumer-topic-a6a4cf56_4272_4601_b474_22538072cd5a-5
	client.rack = 
	connections.max.idle.ms = 10000
	default.api.timeout.ms = 60000
	enable.auto.commit = true
	enable.metrics.push = true
	exclude.internal.topics = true
	fetch.max.bytes = 52428800
	fetch.max.wait.ms = 500
	fetch.min.bytes = 1
	group.id = Consumer-topic-a6a4cf56_4272_4601_b474_22538072cd5a
	group.instance.id = null
	group.protocol = classic
	group.remote.assignor = null
	heartbeat.interval.ms = 3000
	interceptor.classes = []
	internal.leave.group.on.close = true
	internal.throw.on.fetch.stable.offset.unsupported = false
	isolation.level = read_uncommitted
	key.deserializer = class org.apache.kafka.common.serialization.StringDeserializer
	max.partition.fetch.bytes = 1048576
	max.poll.interval.ms = 300000
	max.poll.records = 500
	metadata.max.age.ms = 300000
	metadata.recovery.strategy = none
	metric.reporters = []
	metrics.num.samples = 2
	metrics.recording.level = INFO
	metrics.sample.window.ms = 30000
	partition.assignment.strategy = [class org.apache.kafka.clients.consumer.RangeAssignor, class org.apache.kafka.clients.consumer.CooperativeStickyAssignor]
	receive.buffer.bytes = 65536
	reconnect.backoff.max.ms = 1000
	reconnect.backoff.ms = 50
	request.timeout.ms = 5000
	retry.backoff.max.ms = 1000
	retry.backoff.ms = 100
	sasl.client.callback.handler.class = null
	sasl.jaas.config = null
	sasl.kerberos.kinit.cmd = /usr/bin/kinit
	sasl.kerberos.min.time.before.relogin = 60000
	sasl.kerberos.service.name = null
	sasl.kerberos.ticket.renew.jitter = 0.05
	sasl.kerberos.ticket.renew.window.factor = 0.8
	sasl.login.callback.handler.class = null
	sasl.login.class = null
	sasl.login.connect.timeout.ms = null
	sasl.login.read.timeout.ms = null
	sasl.login.refresh.buffer.seconds = 300
	sasl.login.refresh.min.period.seconds = 60
	sasl.login.refresh.window.factor = 0.8
	sasl.login.refresh.window.jitter = 0.05
	sasl.login.retry.backoff.max.ms = 10000
	sasl.login.retry.backoff.ms = 100
	sasl.mechanism = GSSAPI
	sasl.oauthbearer.clock.skew.seconds = 30
	sasl.oauthbearer.expected.audience = null
	sasl.oauthbearer.expected.issuer = null
	sasl.oauthbearer.header.urlencode = false
	sasl.oauthbearer.jwks.endpoint.refresh.ms = 3600000
	sasl.oauthbearer.jwks.endpoint.retry.backoff.max.ms = 10000
	sasl.oauthbearer.jwks.endpoint.retry.backoff.ms = 100
	sasl.oauthbearer.jwks.endpoint.url = null
	sasl.oauthbearer.scope.claim.name = scope
	sasl.oauthbearer.sub.claim.name = sub
	sasl.oauthbearer.token.endpoint.url = null
	security.protocol = PLAINTEXT
	security.providers = null
	send.buffer.bytes = 131072
	session.timeout.ms = 45000
	socket.connection.setup.timeout.max.ms = 30000
	socket.connection.setup.timeout.ms = 10000
	ssl.cipher.suites = null
	ssl.enabled.protocols = [TLSv1.2, TLSv1.3]
	ssl.endpoint.identification.algorithm = https
	ssl.engine.factory.class = null
	ssl.key.password = null
	ssl.keymanager.algorithm = SunX509
	ssl.keystore.certificate.chain = null
	ssl.keystore.key = null
	ssl.keystore.location = null
	ssl.keystore.password = null
	ssl.keystore.type = JKS
	ssl.protocol = TLSv1.3
	ssl.provider = null
	ssl.secure.random.implementation = null
	ssl.trustmanager.algorithm = PKIX
	ssl.truststore.certificates = null
	ssl.truststore.location = null
	ssl.truststore.password = null
	ssl.truststore.type = JKS
	value.deserializer = class io.apicurio.registry.serde.avro.AvroKafkaDeserializer

2025-08-06 15:40:39,694 INFO  [org.apa.kaf.com.tel.int.KafkaMetricsCollector] (main) initializing Kafka metrics collector
2025-08-06 15:40:39,706 INFO  [org.apa.kaf.cli.con.ConsumerConfig] (main) These configurations '[apicurio.registry.url]' were supplied but are not used yet.
2025-08-06 15:40:39,706 INFO  [org.apa.kaf.com.uti.AppInfoParser] (main) Kafka version: 3.9.1
2025-08-06 15:40:39,706 INFO  [org.apa.kaf.com.uti.AppInfoParser] (main) Kafka commitId: f745dfdcee2b9851
2025-08-06 15:40:39,706 INFO  [org.apa.kaf.com.uti.AppInfoParser] (main) Kafka startTimeMs: 1754494839706
2025-08-06 15:40:39,709 INFO  [org.apa.kaf.cli.con.int.ClassicKafkaConsumer] (Thread-630) [Consumer clientId=consumer-Consumer-topic-a6a4cf56_4272_4601_b474_22538072cd5a-5, groupId=Consumer-topic-a6a4cf56_4272_4601_b474_22538072cd5a] Subscribed to topic(s): topic-a6a4cf56_4272_4601_b474_22538072cd5a
2025-08-06 15:40:39,718 INFO  [org.apa.kaf.cli.Metadata] (Thread-630) [Consumer clientId=consumer-Consumer-topic-a6a4cf56_4272_4601_b474_22538072cd5a-5, groupId=Consumer-topic-a6a4cf56_4272_4601_b474_22538072cd5a] Cluster ID: QWxucHVARmyNXcabXl68yQ
2025-08-06 15:40:39,720 INFO  [org.apa.kaf.cli.con.int.ConsumerCoordinator] (Thread-630) [Consumer clientId=consumer-Consumer-topic-a6a4cf56_4272_4601_b474_22538072cd5a-5, groupId=Consumer-topic-a6a4cf56_4272_4601_b474_22538072cd5a] Discovered group coordinator localhost:32769 (id: 2147483647 rack: null)
2025-08-06 15:40:39,729 INFO  [org.apa.kaf.cli.con.int.ConsumerCoordinator] (Thread-630) [Consumer clientId=consumer-Consumer-topic-a6a4cf56_4272_4601_b474_22538072cd5a-5, groupId=Consumer-topic-a6a4cf56_4272_4601_b474_22538072cd5a] (Re-)joining group
2025-08-06 15:40:39,731 INFO  [org.apa.kaf.cli.con.int.ConsumerCoordinator] (Thread-630) [Consumer clientId=consumer-Consumer-topic-a6a4cf56_4272_4601_b474_22538072cd5a-5, groupId=Consumer-topic-a6a4cf56_4272_4601_b474_22538072cd5a] Request joining group due to: need to re-join with the given member-id: consumer-Consumer-topic-a6a4cf56_4272_4601_b474_22538072cd5a-5-42e32072-e18a-4152-8acd-ce3ca6416ec6
2025-08-06 15:40:39,732 INFO  [org.apa.kaf.cli.con.int.ConsumerCoordinator] (Thread-630) [Consumer clientId=consumer-Consumer-topic-a6a4cf56_4272_4601_b474_22538072cd5a-5, groupId=Consumer-topic-a6a4cf56_4272_4601_b474_22538072cd5a] (Re-)joining group
2025-08-06 15:40:40,710 INFO  [io.api.tes.ser.api.KafkaSerdesTester] (Thread-630) None found
2025-08-06 15:40:41,710 INFO  [io.api.tes.ser.api.KafkaSerdesTester] (Thread-630) None found
2025-08-06 15:40:42,711 INFO  [io.api.tes.ser.api.KafkaSerdesTester] (Thread-630) None found
2025-08-06 15:40:42,734 INFO  [org.apa.kaf.cli.con.int.ConsumerCoordinator] (Thread-630) [Consumer clientId=consumer-Consumer-topic-a6a4cf56_4272_4601_b474_22538072cd5a-5, groupId=Consumer-topic-a6a4cf56_4272_4601_b474_22538072cd5a] Successfully joined group with generation Generation{generationId=1, memberId='consumer-Consumer-topic-a6a4cf56_4272_4601_b474_22538072cd5a-5-42e32072-e18a-4152-8acd-ce3ca6416ec6', protocol='range'}
2025-08-06 15:40:42,734 INFO  [org.apa.kaf.cli.con.int.ConsumerCoordinator] (Thread-630) [Consumer clientId=consumer-Consumer-topic-a6a4cf56_4272_4601_b474_22538072cd5a-5, groupId=Consumer-topic-a6a4cf56_4272_4601_b474_22538072cd5a] Finished assignment for group at generation 1: {consumer-Consumer-topic-a6a4cf56_4272_4601_b474_22538072cd5a-5-42e32072-e18a-4152-8acd-ce3ca6416ec6=Assignment(partitions=[topic-a6a4cf56_4272_4601_b474_22538072cd5a-0])}
2025-08-06 15:40:42,741 INFO  [org.apa.kaf.cli.con.int.ConsumerCoordinator] (Thread-630) [Consumer clientId=consumer-Consumer-topic-a6a4cf56_4272_4601_b474_22538072cd5a-5, groupId=Consumer-topic-a6a4cf56_4272_4601_b474_22538072cd5a] Successfully synced group in generation Generation{generationId=1, memberId='consumer-Consumer-topic-a6a4cf56_4272_4601_b474_22538072cd5a-5-42e32072-e18a-4152-8acd-ce3ca6416ec6', protocol='range'}
2025-08-06 15:40:42,741 INFO  [org.apa.kaf.cli.con.int.ConsumerCoordinator] (Thread-630) [Consumer clientId=consumer-Consumer-topic-a6a4cf56_4272_4601_b474_22538072cd5a-5, groupId=Consumer-topic-a6a4cf56_4272_4601_b474_22538072cd5a] Notifying assignor about the new Assignment(partitions=[topic-a6a4cf56_4272_4601_b474_22538072cd5a-0])
2025-08-06 15:40:42,741 INFO  [org.apa.kaf.cli.con.int.ConsumerRebalanceListenerInvoker] (Thread-630) [Consumer clientId=consumer-Consumer-topic-a6a4cf56_4272_4601_b474_22538072cd5a-5, groupId=Consumer-topic-a6a4cf56_4272_4601_b474_22538072cd5a] Adding newly assigned partitions: topic-a6a4cf56_4272_4601_b474_22538072cd5a-0
2025-08-06 15:40:42,743 INFO  [org.apa.kaf.cli.con.int.ConsumerCoordinator] (Thread-630) [Consumer clientId=consumer-Consumer-topic-a6a4cf56_4272_4601_b474_22538072cd5a-5, groupId=Consumer-topic-a6a4cf56_4272_4601_b474_22538072cd5a] Found no committed offset for partition topic-a6a4cf56_4272_4601_b474_22538072cd5a-0
2025-08-06 15:40:42,746 INFO  [org.apa.kaf.cli.con.int.SubscriptionState] (Thread-630) [Consumer clientId=consumer-Consumer-topic-a6a4cf56_4272_4601_b474_22538072cd5a-5, groupId=Consumer-topic-a6a4cf56_4272_4601_b474_22538072cd5a] Resetting offset for partition topic-a6a4cf56_4272_4601_b474_22538072cd5a-0 to position FetchPosition{offset=0, offsetEpoch=Optional.empty, currentLeader=LeaderAndEpoch{leader=Optional[localhost:32769 (id: 0 rack: null)], epoch=0}}.
2025-08-06 15:40:42,785 INFO  [io.api.tes.ser.api.KafkaSerdesTester] (Thread-630) topic-a6a4cf56_4272_4601_b474_22538072cd5a 0 0 {"key11754494838513": "value-0"}
2025-08-06 15:40:42,785 INFO  [io.api.tes.ser.api.KafkaSerdesTester] (Thread-630) topic-a6a4cf56_4272_4601_b474_22538072cd5a 0 1 {"key11754494838513": "value-1"}
2025-08-06 15:40:42,786 INFO  [io.api.tes.ser.api.KafkaSerdesTester] (Thread-630) topic-a6a4cf56_4272_4601_b474_22538072cd5a 0 2 {"key11754494838513": "value-2"}
2025-08-06 15:40:42,786 INFO  [io.api.tes.ser.api.KafkaSerdesTester] (Thread-630) topic-a6a4cf56_4272_4601_b474_22538072cd5a 0 3 {"key11754494838513": "value-3"}
2025-08-06 15:40:42,786 INFO  [io.api.tes.ser.api.KafkaSerdesTester] (Thread-630) topic-a6a4cf56_4272_4601_b474_22538072cd5a 0 4 {"key11754494838513": "value-4"}
2025-08-06 15:40:42,786 INFO  [io.api.tes.ser.api.KafkaSerdesTester] (Thread-630) topic-a6a4cf56_4272_4601_b474_22538072cd5a 0 5 {"key11754494838513": "value-5"}
2025-08-06 15:40:42,786 INFO  [io.api.tes.ser.api.KafkaSerdesTester] (Thread-630) topic-a6a4cf56_4272_4601_b474_22538072cd5a 0 6 {"key11754494838513": "value-6"}
2025-08-06 15:40:42,786 INFO  [io.api.tes.ser.api.KafkaSerdesTester] (Thread-630) topic-a6a4cf56_4272_4601_b474_22538072cd5a 0 7 {"key11754494838513": "value-7"}
2025-08-06 15:40:42,786 INFO  [io.api.tes.ser.api.KafkaSerdesTester] (Thread-630) topic-a6a4cf56_4272_4601_b474_22538072cd5a 0 8 {"key11754494838513": "value-8"}
2025-08-06 15:40:42,786 INFO  [io.api.tes.ser.api.KafkaSerdesTester] (Thread-630) topic-a6a4cf56_4272_4601_b474_22538072cd5a 0 9 {"key11754494838513": "value-9"}
2025-08-06 15:40:42,786 INFO  [io.api.tes.ser.api.KafkaSerdesTester] (Thread-630) Consumed 10 messages
2025-08-06 15:40:42,793 INFO  [org.apa.kaf.cli.con.int.ConsumerRebalanceListenerInvoker] (Thread-630) [Consumer clientId=consumer-Consumer-topic-a6a4cf56_4272_4601_b474_22538072cd5a-5, groupId=Consumer-topic-a6a4cf56_4272_4601_b474_22538072cd5a] Revoke previously assigned partitions topic-a6a4cf56_4272_4601_b474_22538072cd5a-0
2025-08-06 15:40:42,793 INFO  [org.apa.kaf.cli.con.int.ConsumerCoordinator] (Thread-630) [Consumer clientId=consumer-Consumer-topic-a6a4cf56_4272_4601_b474_22538072cd5a-5, groupId=Consumer-topic-a6a4cf56_4272_4601_b474_22538072cd5a] Member consumer-Consumer-topic-a6a4cf56_4272_4601_b474_22538072cd5a-5-42e32072-e18a-4152-8acd-ce3ca6416ec6 sending LeaveGroup request to coordinator localhost:32769 (id: 2147483647 rack: null) due to the consumer is being closed
2025-08-06 15:40:42,793 INFO  [org.apa.kaf.cli.con.int.ConsumerCoordinator] (Thread-630) [Consumer clientId=consumer-Consumer-topic-a6a4cf56_4272_4601_b474_22538072cd5a-5, groupId=Consumer-topic-a6a4cf56_4272_4601_b474_22538072cd5a] Resetting generation and member id due to: consumer pro-actively leaving the group
2025-08-06 15:40:42,793 INFO  [org.apa.kaf.cli.con.int.ConsumerCoordinator] (Thread-630) [Consumer clientId=consumer-Consumer-topic-a6a4cf56_4272_4601_b474_22538072cd5a-5, groupId=Consumer-topic-a6a4cf56_4272_4601_b474_22538072cd5a] Request joining group due to: consumer pro-actively leaving the group
2025-08-06 15:40:43,290 INFO  [org.apa.kaf.com.met.Metrics] (Thread-630) Metrics scheduler closed
2025-08-06 15:40:43,290 INFO  [org.apa.kaf.com.met.Metrics] (Thread-630) Closing reporter org.apache.kafka.common.metrics.JmxReporter
2025-08-06 15:40:43,290 INFO  [org.apa.kaf.com.met.Metrics] (Thread-630) Closing reporter org.apache.kafka.common.telemetry.internals.ClientTelemetryReporter
2025-08-06 15:40:43,290 INFO  [org.apa.kaf.com.met.Metrics] (Thread-630) Metrics reporters closed
2025-08-06 15:40:43,293 INFO  [org.apa.kaf.com.uti.AppInfoParser] (Thread-630) App info kafka.consumer for consumer-Consumer-topic-a6a4cf56_4272_4601_b474_22538072cd5a-5 unregistered
2025-08-06 15:40:43,294 INFO  [io.api.tes.uti.TestSeparator] (main) io.apicurio.tests.serdes.apicurio.AvroSerdeIT.testRecordIdStrategydFindLatest-FINISHED
2025-08-06 15:40:43,294 INFO  [io.api.tes.uti.TestSeparator] (main) ############################################################################
Test passed: testRecordIdStrategydFindLatest
]]></system-out>
  </testcase>
  <testcase name="testReflectAutoRegister" classname="io.apicurio.tests.serdes.apicurio.AvroSerdeIT" time="3.891">
    <system-out><![CDATA[2025-08-06 15:40:43,299 INFO  [io.api.tes.uti.TestSeparator] (main) ############################################################################
2025-08-06 15:40:43,299 INFO  [io.api.tes.uti.TestSeparator] (main) io.apicurio.tests.serdes.apicurio.AvroSerdeIT.testReflectAutoRegister-STARTED
**** Registry Base URL: http://registry-app-ksql047.apps.ci419.apicurio-testing.org:80
2025-08-06 15:40:43,305 INFO  [org.apa.kaf.cli.pro.ProducerConfig] (main) ProducerConfig values: 
	acks = -1
	auto.include.jmx.reporter = true
	batch.size = 16384
	bootstrap.servers = [PLAINTEXT://localhost:32769]
	buffer.memory = 33554432
	client.dns.lookup = use_all_dns_ips
	client.id = Producer-topic-b6766f46_1323_42b5_9922_608c38f440b3
	compression.gzip.level = -1
	compression.lz4.level = 9
	compression.type = none
	compression.zstd.level = 3
	connections.max.idle.ms = 10000
	delivery.timeout.ms = 120000
	enable.idempotence = true
	enable.metrics.push = true
	interceptor.classes = []
	key.serializer = class org.apache.kafka.common.serialization.StringSerializer
	linger.ms = 0
	max.block.ms = 60000
	max.in.flight.requests.per.connection = 5
	max.request.size = 1048576
	metadata.max.age.ms = 300000
	metadata.max.idle.ms = 300000
	metadata.recovery.strategy = none
	metric.reporters = []
	metrics.num.samples = 2
	metrics.recording.level = INFO
	metrics.sample.window.ms = 30000
	partitioner.adaptive.partitioning.enable = true
	partitioner.availability.timeout.ms = 0
	partitioner.class = null
	partitioner.ignore.keys = false
	receive.buffer.bytes = 32768
	reconnect.backoff.max.ms = 1000
	reconnect.backoff.ms = 50
	request.timeout.ms = 5000
	retries = 2147483647
	retry.backoff.max.ms = 1000
	retry.backoff.ms = 100
	sasl.client.callback.handler.class = null
	sasl.jaas.config = null
	sasl.kerberos.kinit.cmd = /usr/bin/kinit
	sasl.kerberos.min.time.before.relogin = 60000
	sasl.kerberos.service.name = null
	sasl.kerberos.ticket.renew.jitter = 0.05
	sasl.kerberos.ticket.renew.window.factor = 0.8
	sasl.login.callback.handler.class = null
	sasl.login.class = null
	sasl.login.connect.timeout.ms = null
	sasl.login.read.timeout.ms = null
	sasl.login.refresh.buffer.seconds = 300
	sasl.login.refresh.min.period.seconds = 60
	sasl.login.refresh.window.factor = 0.8
	sasl.login.refresh.window.jitter = 0.05
	sasl.login.retry.backoff.max.ms = 10000
	sasl.login.retry.backoff.ms = 100
	sasl.mechanism = GSSAPI
	sasl.oauthbearer.clock.skew.seconds = 30
	sasl.oauthbearer.expected.audience = null
	sasl.oauthbearer.expected.issuer = null
	sasl.oauthbearer.header.urlencode = false
	sasl.oauthbearer.jwks.endpoint.refresh.ms = 3600000
	sasl.oauthbearer.jwks.endpoint.retry.backoff.max.ms = 10000
	sasl.oauthbearer.jwks.endpoint.retry.backoff.ms = 100
	sasl.oauthbearer.jwks.endpoint.url = null
	sasl.oauthbearer.scope.claim.name = scope
	sasl.oauthbearer.sub.claim.name = sub
	sasl.oauthbearer.token.endpoint.url = null
	security.protocol = PLAINTEXT
	security.providers = null
	send.buffer.bytes = 131072
	socket.connection.setup.timeout.max.ms = 30000
	socket.connection.setup.timeout.ms = 10000
	ssl.cipher.suites = null
	ssl.enabled.protocols = [TLSv1.2, TLSv1.3]
	ssl.endpoint.identification.algorithm = https
	ssl.engine.factory.class = null
	ssl.key.password = null
	ssl.keymanager.algorithm = SunX509
	ssl.keystore.certificate.chain = null
	ssl.keystore.key = null
	ssl.keystore.location = null
	ssl.keystore.password = null
	ssl.keystore.type = JKS
	ssl.protocol = TLSv1.3
	ssl.provider = null
	ssl.secure.random.implementation = null
	ssl.trustmanager.algorithm = PKIX
	ssl.truststore.certificates = null
	ssl.truststore.location = null
	ssl.truststore.password = null
	ssl.truststore.type = JKS
	transaction.timeout.ms = 60000
	transactional.id = null
	value.serializer = class io.apicurio.registry.serde.avro.AvroKafkaSerializer

2025-08-06 15:40:43,305 INFO  [org.apa.kaf.com.tel.int.KafkaMetricsCollector] (main) initializing Kafka metrics collector
2025-08-06 15:40:43,318 INFO  [org.apa.kaf.cli.pro.KafkaProducer] (main) [Producer clientId=Producer-topic-b6766f46_1323_42b5_9922_608c38f440b3] Instantiated an idempotent producer.
2025-08-06 15:40:43,320 INFO  [org.apa.kaf.cli.pro.ProducerConfig] (main) These configurations '[apicurio.registry.url, apicurio.registry.auto-register, apicurio.registry.artifact-resolver-strategy, apicurio.registry.avro-datum-provider]' were supplied but are not used yet.
2025-08-06 15:40:43,320 INFO  [org.apa.kaf.com.uti.AppInfoParser] (main) Kafka version: 3.9.1
2025-08-06 15:40:43,320 INFO  [org.apa.kaf.com.uti.AppInfoParser] (main) Kafka commitId: f745dfdcee2b9851
2025-08-06 15:40:43,322 INFO  [org.apa.kaf.com.uti.AppInfoParser] (main) Kafka startTimeMs: 1754494843320
2025-08-06 15:40:43,322 INFO  [io.api.tes.ser.api.SimpleSerdesTesterBuilder$SimpleSerdesTester] (main) Using producer configuration: {apicurio.registry.url=http://registry-app-ksql047.apps.ci419.apicurio-testing.org:80/apis/registry/v3, apicurio.registry.auto-register=true, apicurio.registry.artifact-resolver-strategy=io.apicurio.registry.serde.strategy.TopicIdStrategy, value.serializer=io.apicurio.registry.serde.avro.AvroKafkaSerializer, request.timeout.ms=5000, acks=all, bootstrap.servers=PLAINTEXT://localhost:32769, connections.max.idle.ms=10000, key.serializer=org.apache.kafka.common.serialization.StringSerializer, apicurio.registry.avro-datum-provider=io.apicurio.registry.serde.avro.ReflectAvroDatumProvider, client.id=Producer-topic-b6766f46_1323_42b5_9922_608c38f440b3}
2025-08-06 15:40:43,322 INFO  [io.api.tes.ser.api.SimpleSerdesTesterBuilder$SimpleSerdesTester] (main) Using consumer configuration: {apicurio.registry.avro-datum-provider=io.apicurio.registry.serde.avro.ReflectAvroDatumProvider}
2025-08-06 15:40:43,322 INFO  [io.api.tes.ser.api.KafkaSerdesTester] (Thread-633) Sending message io.apicurio.tests.common.serdes.TestObject@3dbd29cb to topic topic-b6766f46_1323_42b5_9922_608c38f440b3
2025-08-06 15:40:43,327 WARN  [org.apa.kaf.cli.NetworkClient] (kafka-producer-network-thread | Producer-topic-b6766f46_1323_42b5_9922_608c38f440b3) [Producer clientId=Producer-topic-b6766f46_1323_42b5_9922_608c38f440b3] The metadata response from the cluster reported a recoverable issue with correlation id 1 : {topic-b6766f46_1323_42b5_9922_608c38f440b3=UNKNOWN_TOPIC_OR_PARTITION}
2025-08-06 15:40:43,327 INFO  [org.apa.kaf.cli.Metadata] (kafka-producer-network-thread | Producer-topic-b6766f46_1323_42b5_9922_608c38f440b3) [Producer clientId=Producer-topic-b6766f46_1323_42b5_9922_608c38f440b3] Cluster ID: QWxucHVARmyNXcabXl68yQ
2025-08-06 15:40:43,327 INFO  [org.apa.kaf.cli.pro.int.TransactionManager] (kafka-producer-network-thread | Producer-topic-b6766f46_1323_42b5_9922_608c38f440b3) [Producer clientId=Producer-topic-b6766f46_1323_42b5_9922_608c38f440b3] ProducerId set to 6 with epoch 0
2025-08-06 15:40:43,528 INFO  [io.api.tes.ser.api.KafkaSerdesTester] (Thread-633) Sending message io.apicurio.tests.common.serdes.TestObject@3dbd29cb to topic topic-b6766f46_1323_42b5_9922_608c38f440b3
2025-08-06 15:40:43,532 INFO  [io.api.tes.ser.api.KafkaSerdesTester] (Thread-633) Sending message io.apicurio.tests.common.serdes.TestObject@3dbd29cb to topic topic-b6766f46_1323_42b5_9922_608c38f440b3
2025-08-06 15:40:43,535 INFO  [io.api.tes.ser.api.KafkaSerdesTester] (Thread-633) Sending message io.apicurio.tests.common.serdes.TestObject@3dbd29cb to topic topic-b6766f46_1323_42b5_9922_608c38f440b3
2025-08-06 15:40:43,538 INFO  [io.api.tes.ser.api.KafkaSerdesTester] (Thread-633) Sending message io.apicurio.tests.common.serdes.TestObject@3dbd29cb to topic topic-b6766f46_1323_42b5_9922_608c38f440b3
2025-08-06 15:40:43,541 INFO  [io.api.tes.ser.api.KafkaSerdesTester] (Thread-633) Sending message io.apicurio.tests.common.serdes.TestObject@3dbd29cb to topic topic-b6766f46_1323_42b5_9922_608c38f440b3
2025-08-06 15:40:43,542 INFO  [io.api.tes.ser.api.KafkaSerdesTester] (Thread-633) Sending message io.apicurio.tests.common.serdes.TestObject@3dbd29cb to topic topic-b6766f46_1323_42b5_9922_608c38f440b3
2025-08-06 15:40:43,544 INFO  [io.api.tes.ser.api.KafkaSerdesTester] (Thread-633) Sending message io.apicurio.tests.common.serdes.TestObject@3dbd29cb to topic topic-b6766f46_1323_42b5_9922_608c38f440b3
2025-08-06 15:40:43,549 INFO  [io.api.tes.ser.api.KafkaSerdesTester] (Thread-633) Sending message io.apicurio.tests.common.serdes.TestObject@3dbd29cb to topic topic-b6766f46_1323_42b5_9922_608c38f440b3
2025-08-06 15:40:43,554 INFO  [io.api.tes.ser.api.KafkaSerdesTester] (Thread-633) Sending message io.apicurio.tests.common.serdes.TestObject@3dbd29cb to topic topic-b6766f46_1323_42b5_9922_608c38f440b3
2025-08-06 15:40:43,555 INFO  [io.api.tes.ser.api.KafkaSerdesTester] (Thread-633) Produced 10 messages
2025-08-06 15:40:43,555 INFO  [org.apa.kaf.cli.pro.KafkaProducer] (Thread-633) [Producer clientId=Producer-topic-b6766f46_1323_42b5_9922_608c38f440b3] Closing the Kafka producer with timeoutMillis = 9223372036854775807 ms.
2025-08-06 15:40:43,562 INFO  [org.apa.kaf.com.met.Metrics] (Thread-633) Metrics scheduler closed
2025-08-06 15:40:43,562 INFO  [org.apa.kaf.com.met.Metrics] (Thread-633) Closing reporter org.apache.kafka.common.metrics.JmxReporter
2025-08-06 15:40:43,562 INFO  [org.apa.kaf.com.met.Metrics] (Thread-633) Closing reporter org.apache.kafka.common.telemetry.internals.ClientTelemetryReporter
2025-08-06 15:40:43,562 INFO  [org.apa.kaf.com.met.Metrics] (Thread-633) Metrics reporters closed
2025-08-06 15:40:43,564 INFO  [org.apa.kaf.com.uti.AppInfoParser] (Thread-633) App info kafka.producer for Producer-topic-b6766f46_1323_42b5_9922_608c38f440b3 unregistered
**** Registry Base URL: http://registry-app-ksql047.apps.ci419.apicurio-testing.org:80
2025-08-06 15:40:43,592 INFO  [org.apa.kaf.cli.con.ConsumerConfig] (main) ConsumerConfig values: 
	allow.auto.create.topics = true
	auto.commit.interval.ms = 500
	auto.include.jmx.reporter = true
	auto.offset.reset = earliest
	bootstrap.servers = [PLAINTEXT://localhost:32769]
	check.crcs = true
	client.dns.lookup = use_all_dns_ips
	client.id = consumer-Consumer-topic-b6766f46_1323_42b5_9922_608c38f440b3-6
	client.rack = 
	connections.max.idle.ms = 10000
	default.api.timeout.ms = 60000
	enable.auto.commit = true
	enable.metrics.push = true
	exclude.internal.topics = true
	fetch.max.bytes = 52428800
	fetch.max.wait.ms = 500
	fetch.min.bytes = 1
	group.id = Consumer-topic-b6766f46_1323_42b5_9922_608c38f440b3
	group.instance.id = null
	group.protocol = classic
	group.remote.assignor = null
	heartbeat.interval.ms = 3000
	interceptor.classes = []
	internal.leave.group.on.close = true
	internal.throw.on.fetch.stable.offset.unsupported = false
	isolation.level = read_uncommitted
	key.deserializer = class org.apache.kafka.common.serialization.StringDeserializer
	max.partition.fetch.bytes = 1048576
	max.poll.interval.ms = 300000
	max.poll.records = 500
	metadata.max.age.ms = 300000
	metadata.recovery.strategy = none
	metric.reporters = []
	metrics.num.samples = 2
	metrics.recording.level = INFO
	metrics.sample.window.ms = 30000
	partition.assignment.strategy = [class org.apache.kafka.clients.consumer.RangeAssignor, class org.apache.kafka.clients.consumer.CooperativeStickyAssignor]
	receive.buffer.bytes = 65536
	reconnect.backoff.max.ms = 1000
	reconnect.backoff.ms = 50
	request.timeout.ms = 5000
	retry.backoff.max.ms = 1000
	retry.backoff.ms = 100
	sasl.client.callback.handler.class = null
	sasl.jaas.config = null
	sasl.kerberos.kinit.cmd = /usr/bin/kinit
	sasl.kerberos.min.time.before.relogin = 60000
	sasl.kerberos.service.name = null
	sasl.kerberos.ticket.renew.jitter = 0.05
	sasl.kerberos.ticket.renew.window.factor = 0.8
	sasl.login.callback.handler.class = null
	sasl.login.class = null
	sasl.login.connect.timeout.ms = null
	sasl.login.read.timeout.ms = null
	sasl.login.refresh.buffer.seconds = 300
	sasl.login.refresh.min.period.seconds = 60
	sasl.login.refresh.window.factor = 0.8
	sasl.login.refresh.window.jitter = 0.05
	sasl.login.retry.backoff.max.ms = 10000
	sasl.login.retry.backoff.ms = 100
	sasl.mechanism = GSSAPI
	sasl.oauthbearer.clock.skew.seconds = 30
	sasl.oauthbearer.expected.audience = null
	sasl.oauthbearer.expected.issuer = null
	sasl.oauthbearer.header.urlencode = false
	sasl.oauthbearer.jwks.endpoint.refresh.ms = 3600000
	sasl.oauthbearer.jwks.endpoint.retry.backoff.max.ms = 10000
	sasl.oauthbearer.jwks.endpoint.retry.backoff.ms = 100
	sasl.oauthbearer.jwks.endpoint.url = null
	sasl.oauthbearer.scope.claim.name = scope
	sasl.oauthbearer.sub.claim.name = sub
	sasl.oauthbearer.token.endpoint.url = null
	security.protocol = PLAINTEXT
	security.providers = null
	send.buffer.bytes = 131072
	session.timeout.ms = 45000
	socket.connection.setup.timeout.max.ms = 30000
	socket.connection.setup.timeout.ms = 10000
	ssl.cipher.suites = null
	ssl.enabled.protocols = [TLSv1.2, TLSv1.3]
	ssl.endpoint.identification.algorithm = https
	ssl.engine.factory.class = null
	ssl.key.password = null
	ssl.keymanager.algorithm = SunX509
	ssl.keystore.certificate.chain = null
	ssl.keystore.key = null
	ssl.keystore.location = null
	ssl.keystore.password = null
	ssl.keystore.type = JKS
	ssl.protocol = TLSv1.3
	ssl.provider = null
	ssl.secure.random.implementation = null
	ssl.trustmanager.algorithm = PKIX
	ssl.truststore.certificates = null
	ssl.truststore.location = null
	ssl.truststore.password = null
	ssl.truststore.type = JKS
	value.deserializer = class io.apicurio.registry.serde.avro.AvroKafkaDeserializer

2025-08-06 15:40:43,592 INFO  [org.apa.kaf.com.tel.int.KafkaMetricsCollector] (main) initializing Kafka metrics collector
2025-08-06 15:40:43,602 INFO  [org.apa.kaf.cli.con.ConsumerConfig] (main) These configurations '[apicurio.registry.url, apicurio.registry.avro-datum-provider]' were supplied but are not used yet.
2025-08-06 15:40:43,602 INFO  [org.apa.kaf.com.uti.AppInfoParser] (main) Kafka version: 3.9.1
2025-08-06 15:40:43,602 INFO  [org.apa.kaf.com.uti.AppInfoParser] (main) Kafka commitId: f745dfdcee2b9851
2025-08-06 15:40:43,602 INFO  [org.apa.kaf.com.uti.AppInfoParser] (main) Kafka startTimeMs: 1754494843602
2025-08-06 15:40:43,602 INFO  [org.apa.kaf.cli.con.int.ClassicKafkaConsumer] (Thread-636) [Consumer clientId=consumer-Consumer-topic-b6766f46_1323_42b5_9922_608c38f440b3-6, groupId=Consumer-topic-b6766f46_1323_42b5_9922_608c38f440b3] Subscribed to topic(s): topic-b6766f46_1323_42b5_9922_608c38f440b3
2025-08-06 15:40:43,609 INFO  [org.apa.kaf.cli.Metadata] (Thread-636) [Consumer clientId=consumer-Consumer-topic-b6766f46_1323_42b5_9922_608c38f440b3-6, groupId=Consumer-topic-b6766f46_1323_42b5_9922_608c38f440b3] Cluster ID: QWxucHVARmyNXcabXl68yQ
2025-08-06 15:40:43,611 INFO  [org.apa.kaf.cli.con.int.ConsumerCoordinator] (Thread-636) [Consumer clientId=consumer-Consumer-topic-b6766f46_1323_42b5_9922_608c38f440b3-6, groupId=Consumer-topic-b6766f46_1323_42b5_9922_608c38f440b3] Discovered group coordinator localhost:32769 (id: 2147483647 rack: null)
2025-08-06 15:40:43,614 INFO  [org.apa.kaf.cli.con.int.ConsumerCoordinator] (Thread-636) [Consumer clientId=consumer-Consumer-topic-b6766f46_1323_42b5_9922_608c38f440b3-6, groupId=Consumer-topic-b6766f46_1323_42b5_9922_608c38f440b3] (Re-)joining group
2025-08-06 15:40:43,618 INFO  [org.apa.kaf.cli.con.int.ConsumerCoordinator] (Thread-636) [Consumer clientId=consumer-Consumer-topic-b6766f46_1323_42b5_9922_608c38f440b3-6, groupId=Consumer-topic-b6766f46_1323_42b5_9922_608c38f440b3] Request joining group due to: need to re-join with the given member-id: consumer-Consumer-topic-b6766f46_1323_42b5_9922_608c38f440b3-6-92ff0d1e-a7fe-4eba-8362-5ac60c2bf480
2025-08-06 15:40:43,618 INFO  [org.apa.kaf.cli.con.int.ConsumerCoordinator] (Thread-636) [Consumer clientId=consumer-Consumer-topic-b6766f46_1323_42b5_9922_608c38f440b3-6, groupId=Consumer-topic-b6766f46_1323_42b5_9922_608c38f440b3] (Re-)joining group
2025-08-06 15:40:44,603 INFO  [io.api.tes.ser.api.KafkaSerdesTester] (Thread-636) None found
2025-08-06 15:40:45,603 INFO  [io.api.tes.ser.api.KafkaSerdesTester] (Thread-636) None found
2025-08-06 15:40:46,604 INFO  [io.api.tes.ser.api.KafkaSerdesTester] (Thread-636) None found
2025-08-06 15:40:46,621 INFO  [org.apa.kaf.cli.con.int.ConsumerCoordinator] (Thread-636) [Consumer clientId=consumer-Consumer-topic-b6766f46_1323_42b5_9922_608c38f440b3-6, groupId=Consumer-topic-b6766f46_1323_42b5_9922_608c38f440b3] Successfully joined group with generation Generation{generationId=1, memberId='consumer-Consumer-topic-b6766f46_1323_42b5_9922_608c38f440b3-6-92ff0d1e-a7fe-4eba-8362-5ac60c2bf480', protocol='range'}
2025-08-06 15:40:46,621 INFO  [org.apa.kaf.cli.con.int.ConsumerCoordinator] (Thread-636) [Consumer clientId=consumer-Consumer-topic-b6766f46_1323_42b5_9922_608c38f440b3-6, groupId=Consumer-topic-b6766f46_1323_42b5_9922_608c38f440b3] Finished assignment for group at generation 1: {consumer-Consumer-topic-b6766f46_1323_42b5_9922_608c38f440b3-6-92ff0d1e-a7fe-4eba-8362-5ac60c2bf480=Assignment(partitions=[topic-b6766f46_1323_42b5_9922_608c38f440b3-0])}
2025-08-06 15:40:46,628 INFO  [org.apa.kaf.cli.con.int.ConsumerCoordinator] (Thread-636) [Consumer clientId=consumer-Consumer-topic-b6766f46_1323_42b5_9922_608c38f440b3-6, groupId=Consumer-topic-b6766f46_1323_42b5_9922_608c38f440b3] Successfully synced group in generation Generation{generationId=1, memberId='consumer-Consumer-topic-b6766f46_1323_42b5_9922_608c38f440b3-6-92ff0d1e-a7fe-4eba-8362-5ac60c2bf480', protocol='range'}
2025-08-06 15:40:46,628 INFO  [org.apa.kaf.cli.con.int.ConsumerCoordinator] (Thread-636) [Consumer clientId=consumer-Consumer-topic-b6766f46_1323_42b5_9922_608c38f440b3-6, groupId=Consumer-topic-b6766f46_1323_42b5_9922_608c38f440b3] Notifying assignor about the new Assignment(partitions=[topic-b6766f46_1323_42b5_9922_608c38f440b3-0])
2025-08-06 15:40:46,628 INFO  [org.apa.kaf.cli.con.int.ConsumerRebalanceListenerInvoker] (Thread-636) [Consumer clientId=consumer-Consumer-topic-b6766f46_1323_42b5_9922_608c38f440b3-6, groupId=Consumer-topic-b6766f46_1323_42b5_9922_608c38f440b3] Adding newly assigned partitions: topic-b6766f46_1323_42b5_9922_608c38f440b3-0
2025-08-06 15:40:46,629 INFO  [org.apa.kaf.cli.con.int.ConsumerCoordinator] (Thread-636) [Consumer clientId=consumer-Consumer-topic-b6766f46_1323_42b5_9922_608c38f440b3-6, groupId=Consumer-topic-b6766f46_1323_42b5_9922_608c38f440b3] Found no committed offset for partition topic-b6766f46_1323_42b5_9922_608c38f440b3-0
2025-08-06 15:40:46,634 INFO  [org.apa.kaf.cli.con.int.SubscriptionState] (Thread-636) [Consumer clientId=consumer-Consumer-topic-b6766f46_1323_42b5_9922_608c38f440b3-6, groupId=Consumer-topic-b6766f46_1323_42b5_9922_608c38f440b3] Resetting offset for partition topic-b6766f46_1323_42b5_9922_608c38f440b3-0 to position FetchPosition{offset=0, offsetEpoch=Optional.empty, currentLeader=LeaderAndEpoch{leader=Optional[localhost:32769 (id: 0 rack: null)], epoch=0}}.
2025-08-06 15:40:46,677 INFO  [io.api.tes.ser.api.KafkaSerdesTester] (Thread-636) topic-b6766f46_1323_42b5_9922_608c38f440b3 0 0 io.apicurio.tests.common.serdes.TestObject@3dbd29cb
2025-08-06 15:40:46,677 INFO  [io.api.tes.ser.api.KafkaSerdesTester] (Thread-636) topic-b6766f46_1323_42b5_9922_608c38f440b3 0 1 io.apicurio.tests.common.serdes.TestObject@3dbd29cb
2025-08-06 15:40:46,677 INFO  [io.api.tes.ser.api.KafkaSerdesTester] (Thread-636) topic-b6766f46_1323_42b5_9922_608c38f440b3 0 2 io.apicurio.tests.common.serdes.TestObject@3dbd29cb
2025-08-06 15:40:46,677 INFO  [io.api.tes.ser.api.KafkaSerdesTester] (Thread-636) topic-b6766f46_1323_42b5_9922_608c38f440b3 0 3 io.apicurio.tests.common.serdes.TestObject@3dbd29cb
2025-08-06 15:40:46,677 INFO  [io.api.tes.ser.api.KafkaSerdesTester] (Thread-636) topic-b6766f46_1323_42b5_9922_608c38f440b3 0 4 io.apicurio.tests.common.serdes.TestObject@3dbd29cb
2025-08-06 15:40:46,677 INFO  [io.api.tes.ser.api.KafkaSerdesTester] (Thread-636) topic-b6766f46_1323_42b5_9922_608c38f440b3 0 5 io.apicurio.tests.common.serdes.TestObject@3dbd29cb
2025-08-06 15:40:46,677 INFO  [io.api.tes.ser.api.KafkaSerdesTester] (Thread-636) topic-b6766f46_1323_42b5_9922_608c38f440b3 0 6 io.apicurio.tests.common.serdes.TestObject@3dbd29cb
2025-08-06 15:40:46,677 INFO  [io.api.tes.ser.api.KafkaSerdesTester] (Thread-636) topic-b6766f46_1323_42b5_9922_608c38f440b3 0 7 io.apicurio.tests.common.serdes.TestObject@3dbd29cb
2025-08-06 15:40:46,677 INFO  [io.api.tes.ser.api.KafkaSerdesTester] (Thread-636) topic-b6766f46_1323_42b5_9922_608c38f440b3 0 8 io.apicurio.tests.common.serdes.TestObject@3dbd29cb
2025-08-06 15:40:46,677 INFO  [io.api.tes.ser.api.KafkaSerdesTester] (Thread-636) topic-b6766f46_1323_42b5_9922_608c38f440b3 0 9 io.apicurio.tests.common.serdes.TestObject@3dbd29cb
2025-08-06 15:40:46,677 INFO  [io.api.tes.ser.api.KafkaSerdesTester] (Thread-636) Consumed 10 messages
2025-08-06 15:40:46,688 INFO  [org.apa.kaf.cli.con.int.ConsumerRebalanceListenerInvoker] (Thread-636) [Consumer clientId=consumer-Consumer-topic-b6766f46_1323_42b5_9922_608c38f440b3-6, groupId=Consumer-topic-b6766f46_1323_42b5_9922_608c38f440b3] Revoke previously assigned partitions topic-b6766f46_1323_42b5_9922_608c38f440b3-0
2025-08-06 15:40:46,688 INFO  [org.apa.kaf.cli.con.int.ConsumerCoordinator] (Thread-636) [Consumer clientId=consumer-Consumer-topic-b6766f46_1323_42b5_9922_608c38f440b3-6, groupId=Consumer-topic-b6766f46_1323_42b5_9922_608c38f440b3] Member consumer-Consumer-topic-b6766f46_1323_42b5_9922_608c38f440b3-6-92ff0d1e-a7fe-4eba-8362-5ac60c2bf480 sending LeaveGroup request to coordinator localhost:32769 (id: 2147483647 rack: null) due to the consumer is being closed
2025-08-06 15:40:46,689 INFO  [org.apa.kaf.cli.con.int.ConsumerCoordinator] (Thread-636) [Consumer clientId=consumer-Consumer-topic-b6766f46_1323_42b5_9922_608c38f440b3-6, groupId=Consumer-topic-b6766f46_1323_42b5_9922_608c38f440b3] Resetting generation and member id due to: consumer pro-actively leaving the group
2025-08-06 15:40:46,689 INFO  [org.apa.kaf.cli.con.int.ConsumerCoordinator] (Thread-636) [Consumer clientId=consumer-Consumer-topic-b6766f46_1323_42b5_9922_608c38f440b3-6, groupId=Consumer-topic-b6766f46_1323_42b5_9922_608c38f440b3] Request joining group due to: consumer pro-actively leaving the group
2025-08-06 15:40:47,182 INFO  [org.apa.kaf.com.met.Metrics] (Thread-636) Metrics scheduler closed
2025-08-06 15:40:47,182 INFO  [org.apa.kaf.com.met.Metrics] (Thread-636) Closing reporter org.apache.kafka.common.metrics.JmxReporter
2025-08-06 15:40:47,182 INFO  [org.apa.kaf.com.met.Metrics] (Thread-636) Closing reporter org.apache.kafka.common.telemetry.internals.ClientTelemetryReporter
2025-08-06 15:40:47,182 INFO  [org.apa.kaf.com.met.Metrics] (Thread-636) Metrics reporters closed
2025-08-06 15:40:47,184 INFO  [org.apa.kaf.com.uti.AppInfoParser] (Thread-636) App info kafka.consumer for consumer-Consumer-topic-b6766f46_1323_42b5_9922_608c38f440b3-6 unregistered
2025-08-06 15:40:47,186 INFO  [io.api.tes.uti.TestSeparator] (main) io.apicurio.tests.serdes.apicurio.AvroSerdeIT.testReflectAutoRegister-FINISHED
2025-08-06 15:40:47,186 INFO  [io.api.tes.uti.TestSeparator] (main) ############################################################################
Test passed: testReflectAutoRegister
]]></system-out>
  </testcase>
  <testcase name="testArtifactNotFound" classname="io.apicurio.tests.serdes.apicurio.AvroSerdeIT" time="0.204">
    <system-out><![CDATA[2025-08-06 15:40:47,187 INFO  [io.api.tes.uti.TestSeparator] (main) ############################################################################
2025-08-06 15:40:47,187 INFO  [io.api.tes.uti.TestSeparator] (main) io.apicurio.tests.serdes.apicurio.AvroSerdeIT.testArtifactNotFound-STARTED
**** Registry Base URL: http://registry-app-ksql047.apps.ci419.apicurio-testing.org:80
2025-08-06 15:40:47,192 INFO  [org.apa.kaf.cli.pro.ProducerConfig] (main) ProducerConfig values: 
	acks = -1
	auto.include.jmx.reporter = true
	batch.size = 16384
	bootstrap.servers = [PLAINTEXT://localhost:32769]
	buffer.memory = 33554432
	client.dns.lookup = use_all_dns_ips
	client.id = Producer-s55d44374x660bx4488xa6c6x75ab6e7e4c2a
	compression.gzip.level = -1
	compression.lz4.level = 9
	compression.type = none
	compression.zstd.level = 3
	connections.max.idle.ms = 10000
	delivery.timeout.ms = 120000
	enable.idempotence = true
	enable.metrics.push = true
	interceptor.classes = []
	key.serializer = class org.apache.kafka.common.serialization.StringSerializer
	linger.ms = 0
	max.block.ms = 60000
	max.in.flight.requests.per.connection = 5
	max.request.size = 1048576
	metadata.max.age.ms = 300000
	metadata.max.idle.ms = 300000
	metadata.recovery.strategy = none
	metric.reporters = []
	metrics.num.samples = 2
	metrics.recording.level = INFO
	metrics.sample.window.ms = 30000
	partitioner.adaptive.partitioning.enable = true
	partitioner.availability.timeout.ms = 0
	partitioner.class = null
	partitioner.ignore.keys = false
	receive.buffer.bytes = 32768
	reconnect.backoff.max.ms = 1000
	reconnect.backoff.ms = 50
	request.timeout.ms = 5000
	retries = 2147483647
	retry.backoff.max.ms = 1000
	retry.backoff.ms = 100
	sasl.client.callback.handler.class = null
	sasl.jaas.config = null
	sasl.kerberos.kinit.cmd = /usr/bin/kinit
	sasl.kerberos.min.time.before.relogin = 60000
	sasl.kerberos.service.name = null
	sasl.kerberos.ticket.renew.jitter = 0.05
	sasl.kerberos.ticket.renew.window.factor = 0.8
	sasl.login.callback.handler.class = null
	sasl.login.class = null
	sasl.login.connect.timeout.ms = null
	sasl.login.read.timeout.ms = null
	sasl.login.refresh.buffer.seconds = 300
	sasl.login.refresh.min.period.seconds = 60
	sasl.login.refresh.window.factor = 0.8
	sasl.login.refresh.window.jitter = 0.05
	sasl.login.retry.backoff.max.ms = 10000
	sasl.login.retry.backoff.ms = 100
	sasl.mechanism = GSSAPI
	sasl.oauthbearer.clock.skew.seconds = 30
	sasl.oauthbearer.expected.audience = null
	sasl.oauthbearer.expected.issuer = null
	sasl.oauthbearer.header.urlencode = false
	sasl.oauthbearer.jwks.endpoint.refresh.ms = 3600000
	sasl.oauthbearer.jwks.endpoint.retry.backoff.max.ms = 10000
	sasl.oauthbearer.jwks.endpoint.retry.backoff.ms = 100
	sasl.oauthbearer.jwks.endpoint.url = null
	sasl.oauthbearer.scope.claim.name = scope
	sasl.oauthbearer.sub.claim.name = sub
	sasl.oauthbearer.token.endpoint.url = null
	security.protocol = PLAINTEXT
	security.providers = null
	send.buffer.bytes = 131072
	socket.connection.setup.timeout.max.ms = 30000
	socket.connection.setup.timeout.ms = 10000
	ssl.cipher.suites = null
	ssl.enabled.protocols = [TLSv1.2, TLSv1.3]
	ssl.endpoint.identification.algorithm = https
	ssl.engine.factory.class = null
	ssl.key.password = null
	ssl.keymanager.algorithm = SunX509
	ssl.keystore.certificate.chain = null
	ssl.keystore.key = null
	ssl.keystore.location = null
	ssl.keystore.password = null
	ssl.keystore.type = JKS
	ssl.protocol = TLSv1.3
	ssl.provider = null
	ssl.secure.random.implementation = null
	ssl.trustmanager.algorithm = PKIX
	ssl.truststore.certificates = null
	ssl.truststore.location = null
	ssl.truststore.password = null
	ssl.truststore.type = JKS
	transaction.timeout.ms = 60000
	transactional.id = null
	value.serializer = class io.apicurio.registry.serde.avro.AvroKafkaSerializer

2025-08-06 15:40:47,193 INFO  [org.apa.kaf.com.tel.int.KafkaMetricsCollector] (main) initializing Kafka metrics collector
2025-08-06 15:40:47,196 INFO  [org.apa.kaf.cli.pro.KafkaProducer] (main) [Producer clientId=Producer-s55d44374x660bx4488xa6c6x75ab6e7e4c2a] Instantiated an idempotent producer.
2025-08-06 15:40:47,199 INFO  [org.apa.kaf.cli.pro.ProducerConfig] (main) These configurations '[apicurio.registry.url, apicurio.registry.artifact-resolver-strategy]' were supplied but are not used yet.
2025-08-06 15:40:47,199 INFO  [org.apa.kaf.com.uti.AppInfoParser] (main) Kafka version: 3.9.1
2025-08-06 15:40:47,199 INFO  [org.apa.kaf.com.uti.AppInfoParser] (main) Kafka commitId: f745dfdcee2b9851
2025-08-06 15:40:47,199 INFO  [org.apa.kaf.com.uti.AppInfoParser] (main) Kafka startTimeMs: 1754494847199
2025-08-06 15:40:47,204 INFO  [io.api.tes.ser.api.KafkaSerdesTester] (Thread-639) Sending message {"keyB": "value-0"} to topic s55d44374x660bx4488xa6c6x75ab6e7e4c2a
2025-08-06 15:40:47,204 INFO  [org.apa.kaf.cli.Metadata] (kafka-producer-network-thread | Producer-s55d44374x660bx4488xa6c6x75ab6e7e4c2a) [Producer clientId=Producer-s55d44374x660bx4488xa6c6x75ab6e7e4c2a] Cluster ID: QWxucHVARmyNXcabXl68yQ
2025-08-06 15:40:47,206 INFO  [org.apa.kaf.cli.pro.int.TransactionManager] (kafka-producer-network-thread | Producer-s55d44374x660bx4488xa6c6x75ab6e7e4c2a) [Producer clientId=Producer-s55d44374x660bx4488xa6c6x75ab6e7e4c2a] ProducerId set to 7 with epoch 0
2025-08-06 15:40:47,222 WARN  [org.apa.kaf.cli.NetworkClient] (kafka-producer-network-thread | Producer-s55d44374x660bx4488xa6c6x75ab6e7e4c2a) [Producer clientId=Producer-s55d44374x660bx4488xa6c6x75ab6e7e4c2a] The metadata response from the cluster reported a recoverable issue with correlation id 5 : {s55d44374x660bx4488xa6c6x75ab6e7e4c2a=UNKNOWN_TOPIC_OR_PARTITION}
2025-08-06 15:40:47,342 INFO  [DefaultSchemaResolver] (Thread-639) Retrieving schema content using string: {"type":"record","name":"myrecord","namespace":"mygroup","fields":[{"name":"keyB","type":"string"}]}
2025-08-06 15:40:47,387 INFO  [org.apa.kaf.cli.pro.KafkaProducer] (Thread-639) [Producer clientId=Producer-s55d44374x660bx4488xa6c6x75ab6e7e4c2a] Closing the Kafka producer with timeoutMillis = 9223372036854775807 ms.
2025-08-06 15:40:47,390 INFO  [org.apa.kaf.com.met.Metrics] (Thread-639) Metrics scheduler closed
2025-08-06 15:40:47,390 INFO  [org.apa.kaf.com.met.Metrics] (Thread-639) Closing reporter org.apache.kafka.common.metrics.JmxReporter
2025-08-06 15:40:47,390 INFO  [org.apa.kaf.com.met.Metrics] (Thread-639) Closing reporter org.apache.kafka.common.telemetry.internals.ClientTelemetryReporter
2025-08-06 15:40:47,390 INFO  [org.apa.kaf.com.met.Metrics] (Thread-639) Metrics reporters closed
2025-08-06 15:40:47,390 INFO  [org.apa.kaf.com.uti.AppInfoParser] (Thread-639) App info kafka.producer for Producer-s55d44374x660bx4488xa6c6x75ab6e7e4c2a unregistered
2025-08-06 15:40:47,391 INFO  [io.api.tes.uti.TestSeparator] (main) io.apicurio.tests.serdes.apicurio.AvroSerdeIT.testArtifactNotFound-FINISHED
2025-08-06 15:40:47,391 INFO  [io.api.tes.uti.TestSeparator] (main) ############################################################################
Test passed: testArtifactNotFound
]]></system-out>
    <system-err><![CDATA[java.lang.RuntimeException: Could not resolve artifact reference by content: {"type":"record","name":"myrecord","namespace":"mygroup","fields":[{"name":"keyB","type":"string"}]}&ArtifactReference [groupId=default, artifactId=s55d44374x660bx4488xa6c6x75ab6e7e4c2a-value, version=null, globalId=null, contentId=null, contentHash=null]
	at io.apicurio.registry.resolver.DefaultSchemaResolver.lambda$handleResolveSchemaByContent$3(DefaultSchemaResolver.java:265)
	at io.apicurio.registry.resolver.cache.ERCache.lambda$getValue$0(ERCache.java:174)
	at io.apicurio.registry.resolver.cache.ERCache.retry(ERCache.java:227)
	at io.apicurio.registry.resolver.cache.ERCache.getValue(ERCache.java:173)
	at io.apicurio.registry.resolver.cache.ERCache.getByContent(ERCache.java:147)
	at io.apicurio.registry.resolver.DefaultSchemaResolver.handleResolveSchemaByContent(DefaultSchemaResolver.java:253)
	at io.apicurio.registry.resolver.DefaultSchemaResolver.getSchemaFromRegistry(DefaultSchemaResolver.java:138)
	at io.apicurio.registry.resolver.DefaultSchemaResolver.lambda$resolveSchema$0(DefaultSchemaResolver.java:84)
	at java.base/java.util.Optional.orElseGet(Optional.java:364)
	at io.apicurio.registry.resolver.DefaultSchemaResolver.resolveSchema(DefaultSchemaResolver.java:84)
	at io.apicurio.registry.serde.AbstractSerializer.serializeData(AbstractSerializer.java:62)
	at io.apicurio.registry.serde.KafkaSerializer.serialize(KafkaSerializer.java:77)
	at org.apache.kafka.clients.producer.KafkaProducer.doSend(KafkaProducer.java:1046)
	at org.apache.kafka.clients.producer.KafkaProducer.send(KafkaProducer.java:993)
	at org.apache.kafka.clients.producer.KafkaProducer.send(KafkaProducer.java:875)
	at io.apicurio.tests.serdes.apicurio.KafkaSerdesTester.lambda$produceMessages$3(KafkaSerdesTester.java:138)
	at java.base/java.util.concurrent.CompletableFuture$AsyncSupply.run(CompletableFuture.java:1768)
	at java.base/java.lang.Thread.run(Thread.java:840)
]]></system-err>
  </testcase>
  <testcase name="testAvroSerDesFailDifferentSchemaByRecordName" classname="io.apicurio.tests.serdes.apicurio.AvroSerdeIT" time="1.143">
    <system-out><![CDATA[2025-08-06 15:40:47,392 INFO  [io.api.tes.uti.TestSeparator] (main) ############################################################################
2025-08-06 15:40:47,392 INFO  [io.api.tes.uti.TestSeparator] (main) io.apicurio.tests.serdes.apicurio.AvroSerdeIT.testAvroSerDesFailDifferentSchemaByRecordName-STARTED
**** Registry Base URL: http://registry-app-ksql047.apps.ci419.apicurio-testing.org:80
2025-08-06 15:40:48,465 INFO  [org.apa.kaf.cli.pro.ProducerConfig] (main) ProducerConfig values: 
	acks = -1
	auto.include.jmx.reporter = true
	batch.size = 16384
	bootstrap.servers = [PLAINTEXT://localhost:32769]
	buffer.memory = 33554432
	client.dns.lookup = use_all_dns_ips
	client.id = Producer-topic-6113a779_050c_470d_a94f_affd17b95792
	compression.gzip.level = -1
	compression.lz4.level = 9
	compression.type = none
	compression.zstd.level = 3
	connections.max.idle.ms = 10000
	delivery.timeout.ms = 120000
	enable.idempotence = true
	enable.metrics.push = true
	interceptor.classes = []
	key.serializer = class org.apache.kafka.common.serialization.StringSerializer
	linger.ms = 0
	max.block.ms = 60000
	max.in.flight.requests.per.connection = 5
	max.request.size = 1048576
	metadata.max.age.ms = 300000
	metadata.max.idle.ms = 300000
	metadata.recovery.strategy = none
	metric.reporters = []
	metrics.num.samples = 2
	metrics.recording.level = INFO
	metrics.sample.window.ms = 30000
	partitioner.adaptive.partitioning.enable = true
	partitioner.availability.timeout.ms = 0
	partitioner.class = null
	partitioner.ignore.keys = false
	receive.buffer.bytes = 32768
	reconnect.backoff.max.ms = 1000
	reconnect.backoff.ms = 50
	request.timeout.ms = 5000
	retries = 2147483647
	retry.backoff.max.ms = 1000
	retry.backoff.ms = 100
	sasl.client.callback.handler.class = null
	sasl.jaas.config = null
	sasl.kerberos.kinit.cmd = /usr/bin/kinit
	sasl.kerberos.min.time.before.relogin = 60000
	sasl.kerberos.service.name = null
	sasl.kerberos.ticket.renew.jitter = 0.05
	sasl.kerberos.ticket.renew.window.factor = 0.8
	sasl.login.callback.handler.class = null
	sasl.login.class = null
	sasl.login.connect.timeout.ms = null
	sasl.login.read.timeout.ms = null
	sasl.login.refresh.buffer.seconds = 300
	sasl.login.refresh.min.period.seconds = 60
	sasl.login.refresh.window.factor = 0.8
	sasl.login.refresh.window.jitter = 0.05
	sasl.login.retry.backoff.max.ms = 10000
	sasl.login.retry.backoff.ms = 100
	sasl.mechanism = GSSAPI
	sasl.oauthbearer.clock.skew.seconds = 30
	sasl.oauthbearer.expected.audience = null
	sasl.oauthbearer.expected.issuer = null
	sasl.oauthbearer.header.urlencode = false
	sasl.oauthbearer.jwks.endpoint.refresh.ms = 3600000
	sasl.oauthbearer.jwks.endpoint.retry.backoff.max.ms = 10000
	sasl.oauthbearer.jwks.endpoint.retry.backoff.ms = 100
	sasl.oauthbearer.jwks.endpoint.url = null
	sasl.oauthbearer.scope.claim.name = scope
	sasl.oauthbearer.sub.claim.name = sub
	sasl.oauthbearer.token.endpoint.url = null
	security.protocol = PLAINTEXT
	security.providers = null
	send.buffer.bytes = 131072
	socket.connection.setup.timeout.max.ms = 30000
	socket.connection.setup.timeout.ms = 10000
	ssl.cipher.suites = null
	ssl.enabled.protocols = [TLSv1.2, TLSv1.3]
	ssl.endpoint.identification.algorithm = https
	ssl.engine.factory.class = null
	ssl.key.password = null
	ssl.keymanager.algorithm = SunX509
	ssl.keystore.certificate.chain = null
	ssl.keystore.key = null
	ssl.keystore.location = null
	ssl.keystore.password = null
	ssl.keystore.type = JKS
	ssl.protocol = TLSv1.3
	ssl.provider = null
	ssl.secure.random.implementation = null
	ssl.trustmanager.algorithm = PKIX
	ssl.truststore.certificates = null
	ssl.truststore.location = null
	ssl.truststore.password = null
	ssl.truststore.type = JKS
	transaction.timeout.ms = 60000
	transactional.id = null
	value.serializer = class io.apicurio.registry.serde.avro.AvroKafkaSerializer

2025-08-06 15:40:48,465 INFO  [org.apa.kaf.com.tel.int.KafkaMetricsCollector] (main) initializing Kafka metrics collector
2025-08-06 15:40:48,470 INFO  [org.apa.kaf.cli.pro.KafkaProducer] (main) [Producer clientId=Producer-topic-6113a779_050c_470d_a94f_affd17b95792] Instantiated an idempotent producer.
2025-08-06 15:40:48,472 INFO  [org.apa.kaf.cli.pro.ProducerConfig] (main) These configurations '[apicurio.registry.find-latest, apicurio.registry.url, apicurio.registry.artifact-resolver-strategy]' were supplied but are not used yet.
2025-08-06 15:40:48,472 INFO  [org.apa.kaf.com.uti.AppInfoParser] (main) Kafka version: 3.9.1
2025-08-06 15:40:48,476 INFO  [org.apa.kaf.com.uti.AppInfoParser] (main) Kafka commitId: f745dfdcee2b9851
2025-08-06 15:40:48,476 INFO  [org.apa.kaf.com.uti.AppInfoParser] (main) Kafka startTimeMs: 1754494848472
2025-08-06 15:40:48,479 INFO  [io.api.tes.ser.api.KafkaSerdesTester] (Thread-642) Sending message {"keyB": "value-0"} to topic topic-6113a779_050c_470d_a94f_affd17b95792
2025-08-06 15:40:48,493 INFO  [org.apa.kaf.cli.Metadata] (kafka-producer-network-thread | Producer-topic-6113a779_050c_470d_a94f_affd17b95792) [Producer clientId=Producer-topic-6113a779_050c_470d_a94f_affd17b95792] Cluster ID: QWxucHVARmyNXcabXl68yQ
2025-08-06 15:40:48,494 INFO  [org.apa.kaf.cli.pro.int.TransactionManager] (kafka-producer-network-thread | Producer-topic-6113a779_050c_470d_a94f_affd17b95792) [Producer clientId=Producer-topic-6113a779_050c_470d_a94f_affd17b95792] ProducerId set to 8 with epoch 0
2025-08-06 15:40:48,527 INFO  [org.apa.kaf.cli.pro.KafkaProducer] (Thread-642) [Producer clientId=Producer-topic-6113a779_050c_470d_a94f_affd17b95792] Closing the Kafka producer with timeoutMillis = 9223372036854775807 ms.
2025-08-06 15:40:48,534 INFO  [org.apa.kaf.com.met.Metrics] (Thread-642) Metrics scheduler closed
2025-08-06 15:40:48,534 INFO  [org.apa.kaf.com.met.Metrics] (Thread-642) Closing reporter org.apache.kafka.common.metrics.JmxReporter
2025-08-06 15:40:48,534 INFO  [org.apa.kaf.com.met.Metrics] (Thread-642) Closing reporter org.apache.kafka.common.telemetry.internals.ClientTelemetryReporter
2025-08-06 15:40:48,534 INFO  [org.apa.kaf.com.met.Metrics] (Thread-642) Metrics reporters closed
2025-08-06 15:40:48,534 INFO  [org.apa.kaf.com.uti.AppInfoParser] (Thread-642) App info kafka.producer for Producer-topic-6113a779_050c_470d_a94f_affd17b95792 unregistered
2025-08-06 15:40:48,534 INFO  [io.api.tes.uti.TestSeparator] (main) io.apicurio.tests.serdes.apicurio.AvroSerdeIT.testAvroSerDesFailDifferentSchemaByRecordName-FINISHED
2025-08-06 15:40:48,535 INFO  [io.api.tes.uti.TestSeparator] (main) ############################################################################
Test passed: testAvroSerDesFailDifferentSchemaByRecordName
]]></system-out>
    <system-err><![CDATA[io.apicurio.registry.rest.client.models.ProblemDetails
	at io.apicurio.registry.rest.client.models.ProblemDetails.createFromDiscriminatorValue(ProblemDetails.java:58)
	at io.kiota.serialization.json.JsonParseNode.getObjectValue(JsonParseNode.java:247)
	at io.kiota.http.vertx.VertXRequestAdapter.lambda$throwIfFailedResponse$0(VertXRequestAdapter.java:400)
	at com.microsoft.kiota.ApiExceptionBuilder.<init>(ApiExceptionBuilder.java:26)
	at io.kiota.http.vertx.VertXRequestAdapter.throwIfFailedResponse(VertXRequestAdapter.java:399)
	at io.kiota.http.vertx.VertXRequestAdapter.send(VertXRequestAdapter.java:170)
	at io.apicurio.registry.rest.client.groups.item.artifacts.item.versions.item.WithVersionExpressionItemRequestBuilder.get(WithVersionExpressionItemRequestBuilder.java:128)
	at io.apicurio.registry.rest.client.groups.item.artifacts.item.versions.item.WithVersionExpressionItemRequestBuilder.get(WithVersionExpressionItemRequestBuilder.java:111)
	at io.apicurio.registry.resolver.client.RegistryClientFacadeImpl.getVersionCoordinatesByGAV(RegistryClientFacadeImpl.java:159)
	at io.apicurio.registry.resolver.DefaultSchemaResolver.resolveByCoordinates(DefaultSchemaResolver.java:352)
	at io.apicurio.registry.resolver.DefaultSchemaResolver.lambda$resolveSchemaByArtifactReferenceCached$6(DefaultSchemaResolver.java:340)
	at io.apicurio.registry.resolver.cache.ERCache.lambda$getValue$0(ERCache.java:174)
	at io.apicurio.registry.resolver.cache.ERCache.retry(ERCache.java:227)
	at io.apicurio.registry.resolver.cache.ERCache.getValue(ERCache.java:173)
	at io.apicurio.registry.resolver.cache.ERCache.getByArtifactCoordinates(ERCache.java:158)
	at io.apicurio.registry.resolver.DefaultSchemaResolver.resolveSchemaByArtifactReferenceCached(DefaultSchemaResolver.java:338)
	at io.apicurio.registry.resolver.DefaultSchemaResolver.resolveSchemaByCoordinates(DefaultSchemaResolver.java:193)
	at io.apicurio.registry.resolver.DefaultSchemaResolver.getSchemaFromRegistry(DefaultSchemaResolver.java:130)
	at io.apicurio.registry.resolver.DefaultSchemaResolver.lambda$resolveSchema$0(DefaultSchemaResolver.java:84)
	at java.base/java.util.Optional.orElseGet(Optional.java:364)
	at io.apicurio.registry.resolver.DefaultSchemaResolver.resolveSchema(DefaultSchemaResolver.java:84)
	at io.apicurio.registry.serde.AbstractSerializer.serializeData(AbstractSerializer.java:62)
	at io.apicurio.registry.serde.KafkaSerializer.serialize(KafkaSerializer.java:77)
	at org.apache.kafka.clients.producer.KafkaProducer.doSend(KafkaProducer.java:1046)
	at org.apache.kafka.clients.producer.KafkaProducer.send(KafkaProducer.java:993)
	at org.apache.kafka.clients.producer.KafkaProducer.send(KafkaProducer.java:875)
	at io.apicurio.tests.serdes.apicurio.KafkaSerdesTester.lambda$produceMessages$3(KafkaSerdesTester.java:138)
	at java.base/java.util.concurrent.CompletableFuture$AsyncSupply.run(CompletableFuture.java:1768)
	at java.base/java.lang.Thread.run(Thread.java:840)
]]></system-err>
  </testcase>
  <testcase name="testTopicIdStrategyFindLatest" classname="io.apicurio.tests.serdes.apicurio.AvroSerdeIT" time="4.811">
    <system-out><![CDATA[2025-08-06 15:40:48,537 INFO  [io.api.tes.uti.TestSeparator] (main) ############################################################################
2025-08-06 15:40:48,537 INFO  [io.api.tes.uti.TestSeparator] (main) io.apicurio.tests.serdes.apicurio.AvroSerdeIT.testTopicIdStrategyFindLatest-STARTED
2025-08-06 15:40:48,541 INFO  [io.api.tes.ser.api.AvroSerdeIT] (main) Registering Avro Schema: {"type":"record","name":"myrecordapicurio1","fields":[{"name":"key11754494848541","type":"string"}]}
**** Registry Base URL: http://registry-app-ksql047.apps.ci419.apicurio-testing.org:80
2025-08-06 15:40:49,614 INFO  [org.apa.kaf.cli.pro.ProducerConfig] (main) ProducerConfig values: 
	acks = -1
	auto.include.jmx.reporter = true
	batch.size = 16384
	bootstrap.servers = [PLAINTEXT://localhost:32769]
	buffer.memory = 33554432
	client.dns.lookup = use_all_dns_ips
	client.id = Producer-topic-ade5f97e_1dc0_4037_ab83_f3aee47bc763
	compression.gzip.level = -1
	compression.lz4.level = 9
	compression.type = none
	compression.zstd.level = 3
	connections.max.idle.ms = 10000
	delivery.timeout.ms = 120000
	enable.idempotence = true
	enable.metrics.push = true
	interceptor.classes = []
	key.serializer = class org.apache.kafka.common.serialization.StringSerializer
	linger.ms = 0
	max.block.ms = 60000
	max.in.flight.requests.per.connection = 5
	max.request.size = 1048576
	metadata.max.age.ms = 300000
	metadata.max.idle.ms = 300000
	metadata.recovery.strategy = none
	metric.reporters = []
	metrics.num.samples = 2
	metrics.recording.level = INFO
	metrics.sample.window.ms = 30000
	partitioner.adaptive.partitioning.enable = true
	partitioner.availability.timeout.ms = 0
	partitioner.class = null
	partitioner.ignore.keys = false
	receive.buffer.bytes = 32768
	reconnect.backoff.max.ms = 1000
	reconnect.backoff.ms = 50
	request.timeout.ms = 5000
	retries = 2147483647
	retry.backoff.max.ms = 1000
	retry.backoff.ms = 100
	sasl.client.callback.handler.class = null
	sasl.jaas.config = null
	sasl.kerberos.kinit.cmd = /usr/bin/kinit
	sasl.kerberos.min.time.before.relogin = 60000
	sasl.kerberos.service.name = null
	sasl.kerberos.ticket.renew.jitter = 0.05
	sasl.kerberos.ticket.renew.window.factor = 0.8
	sasl.login.callback.handler.class = null
	sasl.login.class = null
	sasl.login.connect.timeout.ms = null
	sasl.login.read.timeout.ms = null
	sasl.login.refresh.buffer.seconds = 300
	sasl.login.refresh.min.period.seconds = 60
	sasl.login.refresh.window.factor = 0.8
	sasl.login.refresh.window.jitter = 0.05
	sasl.login.retry.backoff.max.ms = 10000
	sasl.login.retry.backoff.ms = 100
	sasl.mechanism = GSSAPI
	sasl.oauthbearer.clock.skew.seconds = 30
	sasl.oauthbearer.expected.audience = null
	sasl.oauthbearer.expected.issuer = null
	sasl.oauthbearer.header.urlencode = false
	sasl.oauthbearer.jwks.endpoint.refresh.ms = 3600000
	sasl.oauthbearer.jwks.endpoint.retry.backoff.max.ms = 10000
	sasl.oauthbearer.jwks.endpoint.retry.backoff.ms = 100
	sasl.oauthbearer.jwks.endpoint.url = null
	sasl.oauthbearer.scope.claim.name = scope
	sasl.oauthbearer.sub.claim.name = sub
	sasl.oauthbearer.token.endpoint.url = null
	security.protocol = PLAINTEXT
	security.providers = null
	send.buffer.bytes = 131072
	socket.connection.setup.timeout.max.ms = 30000
	socket.connection.setup.timeout.ms = 10000
	ssl.cipher.suites = null
	ssl.enabled.protocols = [TLSv1.2, TLSv1.3]
	ssl.endpoint.identification.algorithm = https
	ssl.engine.factory.class = null
	ssl.key.password = null
	ssl.keymanager.algorithm = SunX509
	ssl.keystore.certificate.chain = null
	ssl.keystore.key = null
	ssl.keystore.location = null
	ssl.keystore.password = null
	ssl.keystore.type = JKS
	ssl.protocol = TLSv1.3
	ssl.provider = null
	ssl.secure.random.implementation = null
	ssl.trustmanager.algorithm = PKIX
	ssl.truststore.certificates = null
	ssl.truststore.location = null
	ssl.truststore.password = null
	ssl.truststore.type = JKS
	transaction.timeout.ms = 60000
	transactional.id = null
	value.serializer = class io.apicurio.registry.serde.avro.AvroKafkaSerializer

2025-08-06 15:40:49,614 INFO  [org.apa.kaf.com.tel.int.KafkaMetricsCollector] (main) initializing Kafka metrics collector
2025-08-06 15:40:49,619 INFO  [org.apa.kaf.cli.pro.KafkaProducer] (main) [Producer clientId=Producer-topic-ade5f97e_1dc0_4037_ab83_f3aee47bc763] Instantiated an idempotent producer.
2025-08-06 15:40:49,622 INFO  [org.apa.kaf.cli.pro.ProducerConfig] (main) These configurations '[apicurio.registry.find-latest, apicurio.registry.url, apicurio.registry.artifact-resolver-strategy]' were supplied but are not used yet.
2025-08-06 15:40:49,623 INFO  [org.apa.kaf.com.uti.AppInfoParser] (main) Kafka version: 3.9.1
2025-08-06 15:40:49,623 INFO  [org.apa.kaf.com.uti.AppInfoParser] (main) Kafka commitId: f745dfdcee2b9851
2025-08-06 15:40:49,624 INFO  [org.apa.kaf.com.uti.AppInfoParser] (main) Kafka startTimeMs: 1754494849623
2025-08-06 15:40:49,624 INFO  [io.api.tes.ser.api.SimpleSerdesTesterBuilder$SimpleSerdesTester] (main) Using producer configuration: {apicurio.registry.find-latest=true, apicurio.registry.url=http://registry-app-ksql047.apps.ci419.apicurio-testing.org:80/apis/registry/v3, apicurio.registry.artifact-resolver-strategy=io.apicurio.registry.serde.strategy.TopicIdStrategy, value.serializer=io.apicurio.registry.serde.avro.AvroKafkaSerializer, request.timeout.ms=5000, acks=all, bootstrap.servers=PLAINTEXT://localhost:32769, connections.max.idle.ms=10000, key.serializer=org.apache.kafka.common.serialization.StringSerializer, client.id=Producer-topic-ade5f97e_1dc0_4037_ab83_f3aee47bc763}
2025-08-06 15:40:49,624 INFO  [io.api.tes.ser.api.SimpleSerdesTesterBuilder$SimpleSerdesTester] (main) Using consumer configuration: {}
2025-08-06 15:40:49,626 INFO  [io.api.tes.ser.api.KafkaSerdesTester] (Thread-645) Sending message {"key11754494848541": "value-0"} to topic topic-ade5f97e_1dc0_4037_ab83_f3aee47bc763
2025-08-06 15:40:49,630 INFO  [org.apa.kaf.cli.Metadata] (kafka-producer-network-thread | Producer-topic-ade5f97e_1dc0_4037_ab83_f3aee47bc763) [Producer clientId=Producer-topic-ade5f97e_1dc0_4037_ab83_f3aee47bc763] Cluster ID: QWxucHVARmyNXcabXl68yQ
2025-08-06 15:40:49,632 INFO  [org.apa.kaf.cli.pro.int.TransactionManager] (kafka-producer-network-thread | Producer-topic-ade5f97e_1dc0_4037_ab83_f3aee47bc763) [Producer clientId=Producer-topic-ade5f97e_1dc0_4037_ab83_f3aee47bc763] ProducerId set to 9 with epoch 0
2025-08-06 15:40:49,694 INFO  [io.api.tes.ser.api.KafkaSerdesTester] (Thread-645) Sending message {"key11754494848541": "value-1"} to topic topic-ade5f97e_1dc0_4037_ab83_f3aee47bc763
2025-08-06 15:40:49,697 INFO  [io.api.tes.ser.api.KafkaSerdesTester] (Thread-645) Sending message {"key11754494848541": "value-2"} to topic topic-ade5f97e_1dc0_4037_ab83_f3aee47bc763
2025-08-06 15:40:49,699 INFO  [io.api.tes.ser.api.KafkaSerdesTester] (Thread-645) Sending message {"key11754494848541": "value-3"} to topic topic-ade5f97e_1dc0_4037_ab83_f3aee47bc763
2025-08-06 15:40:49,702 INFO  [io.api.tes.ser.api.KafkaSerdesTester] (Thread-645) Sending message {"key11754494848541": "value-4"} to topic topic-ade5f97e_1dc0_4037_ab83_f3aee47bc763
2025-08-06 15:40:49,704 INFO  [io.api.tes.ser.api.KafkaSerdesTester] (Thread-645) Sending message {"key11754494848541": "value-5"} to topic topic-ade5f97e_1dc0_4037_ab83_f3aee47bc763
2025-08-06 15:40:49,706 INFO  [io.api.tes.ser.api.KafkaSerdesTester] (Thread-645) Sending message {"key11754494848541": "value-6"} to topic topic-ade5f97e_1dc0_4037_ab83_f3aee47bc763
2025-08-06 15:40:49,713 INFO  [io.api.tes.ser.api.KafkaSerdesTester] (Thread-645) Sending message {"key11754494848541": "value-7"} to topic topic-ade5f97e_1dc0_4037_ab83_f3aee47bc763
2025-08-06 15:40:49,718 INFO  [io.api.tes.ser.api.KafkaSerdesTester] (Thread-645) Sending message {"key11754494848541": "value-8"} to topic topic-ade5f97e_1dc0_4037_ab83_f3aee47bc763
2025-08-06 15:40:49,733 INFO  [io.api.tes.ser.api.KafkaSerdesTester] (Thread-645) Sending message {"key11754494848541": "value-9"} to topic topic-ade5f97e_1dc0_4037_ab83_f3aee47bc763
2025-08-06 15:40:49,737 INFO  [io.api.tes.ser.api.KafkaSerdesTester] (Thread-645) Produced 10 messages
2025-08-06 15:40:49,737 INFO  [org.apa.kaf.cli.pro.KafkaProducer] (Thread-645) [Producer clientId=Producer-topic-ade5f97e_1dc0_4037_ab83_f3aee47bc763] Closing the Kafka producer with timeoutMillis = 9223372036854775807 ms.
2025-08-06 15:40:49,740 INFO  [org.apa.kaf.com.met.Metrics] (Thread-645) Metrics scheduler closed
2025-08-06 15:40:49,740 INFO  [org.apa.kaf.com.met.Metrics] (Thread-645) Closing reporter org.apache.kafka.common.metrics.JmxReporter
2025-08-06 15:40:49,740 INFO  [org.apa.kaf.com.met.Metrics] (Thread-645) Closing reporter org.apache.kafka.common.telemetry.internals.ClientTelemetryReporter
2025-08-06 15:40:49,740 INFO  [org.apa.kaf.com.met.Metrics] (Thread-645) Metrics reporters closed
2025-08-06 15:40:49,740 INFO  [org.apa.kaf.com.uti.AppInfoParser] (Thread-645) App info kafka.producer for Producer-topic-ade5f97e_1dc0_4037_ab83_f3aee47bc763 unregistered
**** Registry Base URL: http://registry-app-ksql047.apps.ci419.apicurio-testing.org:80
2025-08-06 15:40:49,741 INFO  [org.apa.kaf.cli.con.ConsumerConfig] (main) ConsumerConfig values: 
	allow.auto.create.topics = true
	auto.commit.interval.ms = 500
	auto.include.jmx.reporter = true
	auto.offset.reset = earliest
	bootstrap.servers = [PLAINTEXT://localhost:32769]
	check.crcs = true
	client.dns.lookup = use_all_dns_ips
	client.id = consumer-Consumer-topic-ade5f97e_1dc0_4037_ab83_f3aee47bc763-7
	client.rack = 
	connections.max.idle.ms = 10000
	default.api.timeout.ms = 60000
	enable.auto.commit = true
	enable.metrics.push = true
	exclude.internal.topics = true
	fetch.max.bytes = 52428800
	fetch.max.wait.ms = 500
	fetch.min.bytes = 1
	group.id = Consumer-topic-ade5f97e_1dc0_4037_ab83_f3aee47bc763
	group.instance.id = null
	group.protocol = classic
	group.remote.assignor = null
	heartbeat.interval.ms = 3000
	interceptor.classes = []
	internal.leave.group.on.close = true
	internal.throw.on.fetch.stable.offset.unsupported = false
	isolation.level = read_uncommitted
	key.deserializer = class org.apache.kafka.common.serialization.StringDeserializer
	max.partition.fetch.bytes = 1048576
	max.poll.interval.ms = 300000
	max.poll.records = 500
	metadata.max.age.ms = 300000
	metadata.recovery.strategy = none
	metric.reporters = []
	metrics.num.samples = 2
	metrics.recording.level = INFO
	metrics.sample.window.ms = 30000
	partition.assignment.strategy = [class org.apache.kafka.clients.consumer.RangeAssignor, class org.apache.kafka.clients.consumer.CooperativeStickyAssignor]
	receive.buffer.bytes = 65536
	reconnect.backoff.max.ms = 1000
	reconnect.backoff.ms = 50
	request.timeout.ms = 5000
	retry.backoff.max.ms = 1000
	retry.backoff.ms = 100
	sasl.client.callback.handler.class = null
	sasl.jaas.config = null
	sasl.kerberos.kinit.cmd = /usr/bin/kinit
	sasl.kerberos.min.time.before.relogin = 60000
	sasl.kerberos.service.name = null
	sasl.kerberos.ticket.renew.jitter = 0.05
	sasl.kerberos.ticket.renew.window.factor = 0.8
	sasl.login.callback.handler.class = null
	sasl.login.class = null
	sasl.login.connect.timeout.ms = null
	sasl.login.read.timeout.ms = null
	sasl.login.refresh.buffer.seconds = 300
	sasl.login.refresh.min.period.seconds = 60
	sasl.login.refresh.window.factor = 0.8
	sasl.login.refresh.window.jitter = 0.05
	sasl.login.retry.backoff.max.ms = 10000
	sasl.login.retry.backoff.ms = 100
	sasl.mechanism = GSSAPI
	sasl.oauthbearer.clock.skew.seconds = 30
	sasl.oauthbearer.expected.audience = null
	sasl.oauthbearer.expected.issuer = null
	sasl.oauthbearer.header.urlencode = false
	sasl.oauthbearer.jwks.endpoint.refresh.ms = 3600000
	sasl.oauthbearer.jwks.endpoint.retry.backoff.max.ms = 10000
	sasl.oauthbearer.jwks.endpoint.retry.backoff.ms = 100
	sasl.oauthbearer.jwks.endpoint.url = null
	sasl.oauthbearer.scope.claim.name = scope
	sasl.oauthbearer.sub.claim.name = sub
	sasl.oauthbearer.token.endpoint.url = null
	security.protocol = PLAINTEXT
	security.providers = null
	send.buffer.bytes = 131072
	session.timeout.ms = 45000
	socket.connection.setup.timeout.max.ms = 30000
	socket.connection.setup.timeout.ms = 10000
	ssl.cipher.suites = null
	ssl.enabled.protocols = [TLSv1.2, TLSv1.3]
	ssl.endpoint.identification.algorithm = https
	ssl.engine.factory.class = null
	ssl.key.password = null
	ssl.keymanager.algorithm = SunX509
	ssl.keystore.certificate.chain = null
	ssl.keystore.key = null
	ssl.keystore.location = null
	ssl.keystore.password = null
	ssl.keystore.type = JKS
	ssl.protocol = TLSv1.3
	ssl.provider = null
	ssl.secure.random.implementation = null
	ssl.trustmanager.algorithm = PKIX
	ssl.truststore.certificates = null
	ssl.truststore.location = null
	ssl.truststore.password = null
	ssl.truststore.type = JKS
	value.deserializer = class io.apicurio.registry.serde.avro.AvroKafkaDeserializer

2025-08-06 15:40:49,741 INFO  [org.apa.kaf.com.tel.int.KafkaMetricsCollector] (main) initializing Kafka metrics collector
2025-08-06 15:40:49,756 INFO  [org.apa.kaf.cli.con.ConsumerConfig] (main) These configurations '[apicurio.registry.url]' were supplied but are not used yet.
2025-08-06 15:40:49,756 INFO  [org.apa.kaf.com.uti.AppInfoParser] (main) Kafka version: 3.9.1
2025-08-06 15:40:49,756 INFO  [org.apa.kaf.com.uti.AppInfoParser] (main) Kafka commitId: f745dfdcee2b9851
2025-08-06 15:40:49,756 INFO  [org.apa.kaf.com.uti.AppInfoParser] (main) Kafka startTimeMs: 1754494849756
2025-08-06 15:40:49,758 INFO  [org.apa.kaf.cli.con.int.ClassicKafkaConsumer] (Thread-648) [Consumer clientId=consumer-Consumer-topic-ade5f97e_1dc0_4037_ab83_f3aee47bc763-7, groupId=Consumer-topic-ade5f97e_1dc0_4037_ab83_f3aee47bc763] Subscribed to topic(s): topic-ade5f97e_1dc0_4037_ab83_f3aee47bc763
2025-08-06 15:40:49,764 INFO  [org.apa.kaf.cli.Metadata] (Thread-648) [Consumer clientId=consumer-Consumer-topic-ade5f97e_1dc0_4037_ab83_f3aee47bc763-7, groupId=Consumer-topic-ade5f97e_1dc0_4037_ab83_f3aee47bc763] Cluster ID: QWxucHVARmyNXcabXl68yQ
2025-08-06 15:40:49,765 INFO  [org.apa.kaf.cli.con.int.ConsumerCoordinator] (Thread-648) [Consumer clientId=consumer-Consumer-topic-ade5f97e_1dc0_4037_ab83_f3aee47bc763-7, groupId=Consumer-topic-ade5f97e_1dc0_4037_ab83_f3aee47bc763] Discovered group coordinator localhost:32769 (id: 2147483647 rack: null)
2025-08-06 15:40:49,769 INFO  [org.apa.kaf.cli.con.int.ConsumerCoordinator] (Thread-648) [Consumer clientId=consumer-Consumer-topic-ade5f97e_1dc0_4037_ab83_f3aee47bc763-7, groupId=Consumer-topic-ade5f97e_1dc0_4037_ab83_f3aee47bc763] (Re-)joining group
2025-08-06 15:40:49,772 INFO  [org.apa.kaf.cli.con.int.ConsumerCoordinator] (Thread-648) [Consumer clientId=consumer-Consumer-topic-ade5f97e_1dc0_4037_ab83_f3aee47bc763-7, groupId=Consumer-topic-ade5f97e_1dc0_4037_ab83_f3aee47bc763] Request joining group due to: need to re-join with the given member-id: consumer-Consumer-topic-ade5f97e_1dc0_4037_ab83_f3aee47bc763-7-6327276f-eac6-4d21-a926-4290e9e20a0d
2025-08-06 15:40:49,773 INFO  [org.apa.kaf.cli.con.int.ConsumerCoordinator] (Thread-648) [Consumer clientId=consumer-Consumer-topic-ade5f97e_1dc0_4037_ab83_f3aee47bc763-7, groupId=Consumer-topic-ade5f97e_1dc0_4037_ab83_f3aee47bc763] (Re-)joining group
2025-08-06 15:40:50,758 INFO  [io.api.tes.ser.api.KafkaSerdesTester] (Thread-648) None found
2025-08-06 15:40:51,758 INFO  [io.api.tes.ser.api.KafkaSerdesTester] (Thread-648) None found
2025-08-06 15:40:52,758 INFO  [io.api.tes.ser.api.KafkaSerdesTester] (Thread-648) None found
2025-08-06 15:40:52,775 INFO  [org.apa.kaf.cli.con.int.ConsumerCoordinator] (Thread-648) [Consumer clientId=consumer-Consumer-topic-ade5f97e_1dc0_4037_ab83_f3aee47bc763-7, groupId=Consumer-topic-ade5f97e_1dc0_4037_ab83_f3aee47bc763] Successfully joined group with generation Generation{generationId=1, memberId='consumer-Consumer-topic-ade5f97e_1dc0_4037_ab83_f3aee47bc763-7-6327276f-eac6-4d21-a926-4290e9e20a0d', protocol='range'}
2025-08-06 15:40:52,775 INFO  [org.apa.kaf.cli.con.int.ConsumerCoordinator] (Thread-648) [Consumer clientId=consumer-Consumer-topic-ade5f97e_1dc0_4037_ab83_f3aee47bc763-7, groupId=Consumer-topic-ade5f97e_1dc0_4037_ab83_f3aee47bc763] Finished assignment for group at generation 1: {consumer-Consumer-topic-ade5f97e_1dc0_4037_ab83_f3aee47bc763-7-6327276f-eac6-4d21-a926-4290e9e20a0d=Assignment(partitions=[topic-ade5f97e_1dc0_4037_ab83_f3aee47bc763-0])}
2025-08-06 15:40:52,784 INFO  [org.apa.kaf.cli.con.int.ConsumerCoordinator] (Thread-648) [Consumer clientId=consumer-Consumer-topic-ade5f97e_1dc0_4037_ab83_f3aee47bc763-7, groupId=Consumer-topic-ade5f97e_1dc0_4037_ab83_f3aee47bc763] Successfully synced group in generation Generation{generationId=1, memberId='consumer-Consumer-topic-ade5f97e_1dc0_4037_ab83_f3aee47bc763-7-6327276f-eac6-4d21-a926-4290e9e20a0d', protocol='range'}
2025-08-06 15:40:52,784 INFO  [org.apa.kaf.cli.con.int.ConsumerCoordinator] (Thread-648) [Consumer clientId=consumer-Consumer-topic-ade5f97e_1dc0_4037_ab83_f3aee47bc763-7, groupId=Consumer-topic-ade5f97e_1dc0_4037_ab83_f3aee47bc763] Notifying assignor about the new Assignment(partitions=[topic-ade5f97e_1dc0_4037_ab83_f3aee47bc763-0])
2025-08-06 15:40:52,784 INFO  [org.apa.kaf.cli.con.int.ConsumerRebalanceListenerInvoker] (Thread-648) [Consumer clientId=consumer-Consumer-topic-ade5f97e_1dc0_4037_ab83_f3aee47bc763-7, groupId=Consumer-topic-ade5f97e_1dc0_4037_ab83_f3aee47bc763] Adding newly assigned partitions: topic-ade5f97e_1dc0_4037_ab83_f3aee47bc763-0
2025-08-06 15:40:52,786 INFO  [org.apa.kaf.cli.con.int.ConsumerCoordinator] (Thread-648) [Consumer clientId=consumer-Consumer-topic-ade5f97e_1dc0_4037_ab83_f3aee47bc763-7, groupId=Consumer-topic-ade5f97e_1dc0_4037_ab83_f3aee47bc763] Found no committed offset for partition topic-ade5f97e_1dc0_4037_ab83_f3aee47bc763-0
2025-08-06 15:40:52,795 INFO  [org.apa.kaf.cli.con.int.SubscriptionState] (Thread-648) [Consumer clientId=consumer-Consumer-topic-ade5f97e_1dc0_4037_ab83_f3aee47bc763-7, groupId=Consumer-topic-ade5f97e_1dc0_4037_ab83_f3aee47bc763] Resetting offset for partition topic-ade5f97e_1dc0_4037_ab83_f3aee47bc763-0 to position FetchPosition{offset=0, offsetEpoch=Optional.empty, currentLeader=LeaderAndEpoch{leader=Optional[localhost:32769 (id: 0 rack: null)], epoch=0}}.
2025-08-06 15:40:52,839 INFO  [io.api.tes.ser.api.KafkaSerdesTester] (Thread-648) topic-ade5f97e_1dc0_4037_ab83_f3aee47bc763 0 0 {"key11754494848541": "value-0"}
2025-08-06 15:40:52,839 INFO  [io.api.tes.ser.api.KafkaSerdesTester] (Thread-648) topic-ade5f97e_1dc0_4037_ab83_f3aee47bc763 0 1 {"key11754494848541": "value-1"}
2025-08-06 15:40:52,839 INFO  [io.api.tes.ser.api.KafkaSerdesTester] (Thread-648) topic-ade5f97e_1dc0_4037_ab83_f3aee47bc763 0 2 {"key11754494848541": "value-2"}
2025-08-06 15:40:52,840 INFO  [io.api.tes.ser.api.KafkaSerdesTester] (Thread-648) topic-ade5f97e_1dc0_4037_ab83_f3aee47bc763 0 3 {"key11754494848541": "value-3"}
2025-08-06 15:40:52,840 INFO  [io.api.tes.ser.api.KafkaSerdesTester] (Thread-648) topic-ade5f97e_1dc0_4037_ab83_f3aee47bc763 0 4 {"key11754494848541": "value-4"}
2025-08-06 15:40:52,840 INFO  [io.api.tes.ser.api.KafkaSerdesTester] (Thread-648) topic-ade5f97e_1dc0_4037_ab83_f3aee47bc763 0 5 {"key11754494848541": "value-5"}
2025-08-06 15:40:52,840 INFO  [io.api.tes.ser.api.KafkaSerdesTester] (Thread-648) topic-ade5f97e_1dc0_4037_ab83_f3aee47bc763 0 6 {"key11754494848541": "value-6"}
2025-08-06 15:40:52,840 INFO  [io.api.tes.ser.api.KafkaSerdesTester] (Thread-648) topic-ade5f97e_1dc0_4037_ab83_f3aee47bc763 0 7 {"key11754494848541": "value-7"}
2025-08-06 15:40:52,840 INFO  [io.api.tes.ser.api.KafkaSerdesTester] (Thread-648) topic-ade5f97e_1dc0_4037_ab83_f3aee47bc763 0 8 {"key11754494848541": "value-8"}
2025-08-06 15:40:52,840 INFO  [io.api.tes.ser.api.KafkaSerdesTester] (Thread-648) topic-ade5f97e_1dc0_4037_ab83_f3aee47bc763 0 9 {"key11754494848541": "value-9"}
2025-08-06 15:40:52,840 INFO  [io.api.tes.ser.api.KafkaSerdesTester] (Thread-648) Consumed 10 messages
2025-08-06 15:40:52,848 INFO  [org.apa.kaf.cli.con.int.ConsumerRebalanceListenerInvoker] (Thread-648) [Consumer clientId=consumer-Consumer-topic-ade5f97e_1dc0_4037_ab83_f3aee47bc763-7, groupId=Consumer-topic-ade5f97e_1dc0_4037_ab83_f3aee47bc763] Revoke previously assigned partitions topic-ade5f97e_1dc0_4037_ab83_f3aee47bc763-0
2025-08-06 15:40:52,848 INFO  [org.apa.kaf.cli.con.int.ConsumerCoordinator] (Thread-648) [Consumer clientId=consumer-Consumer-topic-ade5f97e_1dc0_4037_ab83_f3aee47bc763-7, groupId=Consumer-topic-ade5f97e_1dc0_4037_ab83_f3aee47bc763] Member consumer-Consumer-topic-ade5f97e_1dc0_4037_ab83_f3aee47bc763-7-6327276f-eac6-4d21-a926-4290e9e20a0d sending LeaveGroup request to coordinator localhost:32769 (id: 2147483647 rack: null) due to the consumer is being closed
2025-08-06 15:40:52,849 INFO  [org.apa.kaf.cli.con.int.ConsumerCoordinator] (Thread-648) [Consumer clientId=consumer-Consumer-topic-ade5f97e_1dc0_4037_ab83_f3aee47bc763-7, groupId=Consumer-topic-ade5f97e_1dc0_4037_ab83_f3aee47bc763] Resetting generation and member id due to: consumer pro-actively leaving the group
2025-08-06 15:40:52,849 INFO  [org.apa.kaf.cli.con.int.ConsumerCoordinator] (Thread-648) [Consumer clientId=consumer-Consumer-topic-ade5f97e_1dc0_4037_ab83_f3aee47bc763-7, groupId=Consumer-topic-ade5f97e_1dc0_4037_ab83_f3aee47bc763] Request joining group due to: consumer pro-actively leaving the group
2025-08-06 15:40:53,342 INFO  [org.apa.kaf.com.met.Metrics] (Thread-648) Metrics scheduler closed
2025-08-06 15:40:53,342 INFO  [org.apa.kaf.com.met.Metrics] (Thread-648) Closing reporter org.apache.kafka.common.metrics.JmxReporter
2025-08-06 15:40:53,343 INFO  [org.apa.kaf.com.met.Metrics] (Thread-648) Closing reporter org.apache.kafka.common.telemetry.internals.ClientTelemetryReporter
2025-08-06 15:40:53,343 INFO  [org.apa.kaf.com.met.Metrics] (Thread-648) Metrics reporters closed
2025-08-06 15:40:53,348 INFO  [org.apa.kaf.com.uti.AppInfoParser] (Thread-648) App info kafka.consumer for consumer-Consumer-topic-ade5f97e_1dc0_4037_ab83_f3aee47bc763-7 unregistered
2025-08-06 15:40:53,348 INFO  [io.api.tes.uti.TestSeparator] (main) io.apicurio.tests.serdes.apicurio.AvroSerdeIT.testTopicIdStrategyFindLatest-FINISHED
2025-08-06 15:40:53,348 INFO  [io.api.tes.uti.TestSeparator] (main) ############################################################################
Test passed: testTopicIdStrategyFindLatest
]]></system-out>
  </testcase>
  <testcase name="testAvroUnionWithSpecificReader" classname="io.apicurio.tests.serdes.apicurio.AvroSerdeIT" time="4.039">
    <system-out><![CDATA[2025-08-06 15:40:53,351 INFO  [io.api.tes.uti.TestSeparator] (main) ############################################################################
2025-08-06 15:40:53,351 INFO  [io.api.tes.uti.TestSeparator] (main) io.apicurio.tests.serdes.apicurio.AvroSerdeIT.testAvroUnionWithSpecificReader-STARTED
**** Registry Base URL: http://registry-app-ksql047.apps.ci419.apicurio-testing.org:80
2025-08-06 15:40:53,360 INFO  [org.apa.kaf.cli.pro.ProducerConfig] (main) ProducerConfig values: 
	acks = -1
	auto.include.jmx.reporter = true
	batch.size = 16384
	bootstrap.servers = [PLAINTEXT://localhost:32769]
	buffer.memory = 33554432
	client.dns.lookup = use_all_dns_ips
	client.id = Producer-topic-64113795_07c2_4bbf_b460_d877c19f78ba
	compression.gzip.level = -1
	compression.lz4.level = 9
	compression.type = none
	compression.zstd.level = 3
	connections.max.idle.ms = 10000
	delivery.timeout.ms = 120000
	enable.idempotence = true
	enable.metrics.push = true
	interceptor.classes = []
	key.serializer = class org.apache.kafka.common.serialization.StringSerializer
	linger.ms = 0
	max.block.ms = 60000
	max.in.flight.requests.per.connection = 5
	max.request.size = 1048576
	metadata.max.age.ms = 300000
	metadata.max.idle.ms = 300000
	metadata.recovery.strategy = none
	metric.reporters = []
	metrics.num.samples = 2
	metrics.recording.level = INFO
	metrics.sample.window.ms = 30000
	partitioner.adaptive.partitioning.enable = true
	partitioner.availability.timeout.ms = 0
	partitioner.class = null
	partitioner.ignore.keys = false
	receive.buffer.bytes = 32768
	reconnect.backoff.max.ms = 1000
	reconnect.backoff.ms = 50
	request.timeout.ms = 5000
	retries = 2147483647
	retry.backoff.max.ms = 1000
	retry.backoff.ms = 100
	sasl.client.callback.handler.class = null
	sasl.jaas.config = null
	sasl.kerberos.kinit.cmd = /usr/bin/kinit
	sasl.kerberos.min.time.before.relogin = 60000
	sasl.kerberos.service.name = null
	sasl.kerberos.ticket.renew.jitter = 0.05
	sasl.kerberos.ticket.renew.window.factor = 0.8
	sasl.login.callback.handler.class = null
	sasl.login.class = null
	sasl.login.connect.timeout.ms = null
	sasl.login.read.timeout.ms = null
	sasl.login.refresh.buffer.seconds = 300
	sasl.login.refresh.min.period.seconds = 60
	sasl.login.refresh.window.factor = 0.8
	sasl.login.refresh.window.jitter = 0.05
	sasl.login.retry.backoff.max.ms = 10000
	sasl.login.retry.backoff.ms = 100
	sasl.mechanism = GSSAPI
	sasl.oauthbearer.clock.skew.seconds = 30
	sasl.oauthbearer.expected.audience = null
	sasl.oauthbearer.expected.issuer = null
	sasl.oauthbearer.header.urlencode = false
	sasl.oauthbearer.jwks.endpoint.refresh.ms = 3600000
	sasl.oauthbearer.jwks.endpoint.retry.backoff.max.ms = 10000
	sasl.oauthbearer.jwks.endpoint.retry.backoff.ms = 100
	sasl.oauthbearer.jwks.endpoint.url = null
	sasl.oauthbearer.scope.claim.name = scope
	sasl.oauthbearer.sub.claim.name = sub
	sasl.oauthbearer.token.endpoint.url = null
	security.protocol = PLAINTEXT
	security.providers = null
	send.buffer.bytes = 131072
	socket.connection.setup.timeout.max.ms = 30000
	socket.connection.setup.timeout.ms = 10000
	ssl.cipher.suites = null
	ssl.enabled.protocols = [TLSv1.2, TLSv1.3]
	ssl.endpoint.identification.algorithm = https
	ssl.engine.factory.class = null
	ssl.key.password = null
	ssl.keymanager.algorithm = SunX509
	ssl.keystore.certificate.chain = null
	ssl.keystore.key = null
	ssl.keystore.location = null
	ssl.keystore.password = null
	ssl.keystore.type = JKS
	ssl.protocol = TLSv1.3
	ssl.provider = null
	ssl.secure.random.implementation = null
	ssl.trustmanager.algorithm = PKIX
	ssl.truststore.certificates = null
	ssl.truststore.location = null
	ssl.truststore.password = null
	ssl.truststore.type = JKS
	transaction.timeout.ms = 60000
	transactional.id = null
	value.serializer = class io.apicurio.registry.serde.avro.AvroKafkaSerializer

2025-08-06 15:40:53,365 INFO  [org.apa.kaf.com.tel.int.KafkaMetricsCollector] (main) initializing Kafka metrics collector
2025-08-06 15:40:53,369 INFO  [org.apa.kaf.cli.pro.KafkaProducer] (main) [Producer clientId=Producer-topic-64113795_07c2_4bbf_b460_d877c19f78ba] Instantiated an idempotent producer.
2025-08-06 15:40:53,371 INFO  [org.apa.kaf.cli.pro.ProducerConfig] (main) These configurations '[apicurio.registry.url, apicurio.registry.auto-register, apicurio.registry.artifact-resolver-strategy]' were supplied but are not used yet.
2025-08-06 15:40:53,371 INFO  [org.apa.kaf.com.uti.AppInfoParser] (main) Kafka version: 3.9.1
2025-08-06 15:40:53,371 INFO  [org.apa.kaf.com.uti.AppInfoParser] (main) Kafka commitId: f745dfdcee2b9851
2025-08-06 15:40:53,371 INFO  [org.apa.kaf.com.uti.AppInfoParser] (main) Kafka startTimeMs: 1754494853371
2025-08-06 15:40:53,371 INFO  [io.api.tes.ser.api.SimpleSerdesTesterBuilder$SimpleSerdesTester] (main) Using producer configuration: {apicurio.registry.url=http://registry-app-ksql047.apps.ci419.apicurio-testing.org:80/apis/registry/v3, apicurio.registry.auto-register=true, apicurio.registry.artifact-resolver-strategy=io.apicurio.registry.serde.strategy.TopicIdStrategy, value.serializer=io.apicurio.registry.serde.avro.AvroKafkaSerializer, request.timeout.ms=5000, acks=all, bootstrap.servers=PLAINTEXT://localhost:32769, connections.max.idle.ms=10000, key.serializer=org.apache.kafka.common.serialization.StringSerializer, client.id=Producer-topic-64113795_07c2_4bbf_b460_d877c19f78ba}
2025-08-06 15:40:53,371 INFO  [io.api.tes.ser.api.SimpleSerdesTesterBuilder$SimpleSerdesTester] (main) Using consumer configuration: {}
2025-08-06 15:40:53,374 INFO  [io.api.tes.ser.api.KafkaSerdesTester] (Thread-651) Sending message {"id": "record-0"} to topic topic-64113795_07c2_4bbf_b460_d877c19f78ba
2025-08-06 15:40:53,377 WARN  [org.apa.kaf.cli.NetworkClient] (kafka-producer-network-thread | Producer-topic-64113795_07c2_4bbf_b460_d877c19f78ba) [Producer clientId=Producer-topic-64113795_07c2_4bbf_b460_d877c19f78ba] The metadata response from the cluster reported a recoverable issue with correlation id 1 : {topic-64113795_07c2_4bbf_b460_d877c19f78ba=UNKNOWN_TOPIC_OR_PARTITION}
2025-08-06 15:40:53,378 INFO  [org.apa.kaf.cli.Metadata] (kafka-producer-network-thread | Producer-topic-64113795_07c2_4bbf_b460_d877c19f78ba) [Producer clientId=Producer-topic-64113795_07c2_4bbf_b460_d877c19f78ba] Cluster ID: QWxucHVARmyNXcabXl68yQ
2025-08-06 15:40:53,379 INFO  [org.apa.kaf.cli.pro.int.TransactionManager] (kafka-producer-network-thread | Producer-topic-64113795_07c2_4bbf_b460_d877c19f78ba) [Producer clientId=Producer-topic-64113795_07c2_4bbf_b460_d877c19f78ba] ProducerId set to 10 with epoch 0
2025-08-06 15:40:53,570 INFO  [io.api.tes.ser.api.KafkaSerdesTester] (Thread-651) Sending message {"value": 1} to topic topic-64113795_07c2_4bbf_b460_d877c19f78ba
2025-08-06 15:40:53,638 INFO  [io.api.tes.ser.api.KafkaSerdesTester] (Thread-651) Sending message {"active": true} to topic topic-64113795_07c2_4bbf_b460_d877c19f78ba
2025-08-06 15:40:53,699 INFO  [io.api.tes.ser.api.KafkaSerdesTester] (Thread-651) Sending message {"id": "record-3"} to topic topic-64113795_07c2_4bbf_b460_d877c19f78ba
2025-08-06 15:40:53,700 INFO  [io.api.tes.ser.api.KafkaSerdesTester] (Thread-651) Sending message {"value": 4} to topic topic-64113795_07c2_4bbf_b460_d877c19f78ba
2025-08-06 15:40:53,703 INFO  [io.api.tes.ser.api.KafkaSerdesTester] (Thread-651) Sending message {"active": false} to topic topic-64113795_07c2_4bbf_b460_d877c19f78ba
2025-08-06 15:40:53,707 INFO  [io.api.tes.ser.api.KafkaSerdesTester] (Thread-651) Sending message {"id": "record-6"} to topic topic-64113795_07c2_4bbf_b460_d877c19f78ba
2025-08-06 15:40:53,711 INFO  [io.api.tes.ser.api.KafkaSerdesTester] (Thread-651) Sending message {"value": 7} to topic topic-64113795_07c2_4bbf_b460_d877c19f78ba
2025-08-06 15:40:53,713 INFO  [io.api.tes.ser.api.KafkaSerdesTester] (Thread-651) Sending message {"active": true} to topic topic-64113795_07c2_4bbf_b460_d877c19f78ba
2025-08-06 15:40:53,715 INFO  [io.api.tes.ser.api.KafkaSerdesTester] (Thread-651) Sending message {"id": "record-9"} to topic topic-64113795_07c2_4bbf_b460_d877c19f78ba
2025-08-06 15:40:53,718 INFO  [io.api.tes.ser.api.KafkaSerdesTester] (Thread-651) Produced 10 messages
2025-08-06 15:40:53,718 INFO  [org.apa.kaf.cli.pro.KafkaProducer] (Thread-651) [Producer clientId=Producer-topic-64113795_07c2_4bbf_b460_d877c19f78ba] Closing the Kafka producer with timeoutMillis = 9223372036854775807 ms.
2025-08-06 15:40:53,721 INFO  [org.apa.kaf.com.met.Metrics] (Thread-651) Metrics scheduler closed
2025-08-06 15:40:53,721 INFO  [org.apa.kaf.com.met.Metrics] (Thread-651) Closing reporter org.apache.kafka.common.metrics.JmxReporter
2025-08-06 15:40:53,721 INFO  [org.apa.kaf.com.met.Metrics] (Thread-651) Closing reporter org.apache.kafka.common.telemetry.internals.ClientTelemetryReporter
2025-08-06 15:40:53,721 INFO  [org.apa.kaf.com.met.Metrics] (Thread-651) Metrics reporters closed
2025-08-06 15:40:53,722 INFO  [org.apa.kaf.com.uti.AppInfoParser] (Thread-651) App info kafka.producer for Producer-topic-64113795_07c2_4bbf_b460_d877c19f78ba unregistered
2025-08-06 15:40:53,737 INFO  [io.api.tes.ser.api.AvroSerdeIT] (main) Artifact topic-64113795_07c2_4bbf_b460_d877c19f78ba-value found in registry with globalId 25
**** Registry Base URL: http://registry-app-ksql047.apps.ci419.apicurio-testing.org:80
2025-08-06 15:40:53,738 INFO  [org.apa.kaf.cli.con.ConsumerConfig] (main) ConsumerConfig values: 
	allow.auto.create.topics = true
	auto.commit.interval.ms = 500
	auto.include.jmx.reporter = true
	auto.offset.reset = earliest
	bootstrap.servers = [PLAINTEXT://localhost:32769]
	check.crcs = true
	client.dns.lookup = use_all_dns_ips
	client.id = consumer-Consumer-topic-64113795_07c2_4bbf_b460_d877c19f78ba-8
	client.rack = 
	connections.max.idle.ms = 10000
	default.api.timeout.ms = 60000
	enable.auto.commit = true
	enable.metrics.push = true
	exclude.internal.topics = true
	fetch.max.bytes = 52428800
	fetch.max.wait.ms = 500
	fetch.min.bytes = 1
	group.id = Consumer-topic-64113795_07c2_4bbf_b460_d877c19f78ba
	group.instance.id = null
	group.protocol = classic
	group.remote.assignor = null
	heartbeat.interval.ms = 3000
	interceptor.classes = []
	internal.leave.group.on.close = true
	internal.throw.on.fetch.stable.offset.unsupported = false
	isolation.level = read_uncommitted
	key.deserializer = class org.apache.kafka.common.serialization.StringDeserializer
	max.partition.fetch.bytes = 1048576
	max.poll.interval.ms = 300000
	max.poll.records = 500
	metadata.max.age.ms = 300000
	metadata.recovery.strategy = none
	metric.reporters = []
	metrics.num.samples = 2
	metrics.recording.level = INFO
	metrics.sample.window.ms = 30000
	partition.assignment.strategy = [class org.apache.kafka.clients.consumer.RangeAssignor, class org.apache.kafka.clients.consumer.CooperativeStickyAssignor]
	receive.buffer.bytes = 65536
	reconnect.backoff.max.ms = 1000
	reconnect.backoff.ms = 50
	request.timeout.ms = 5000
	retry.backoff.max.ms = 1000
	retry.backoff.ms = 100
	sasl.client.callback.handler.class = null
	sasl.jaas.config = null
	sasl.kerberos.kinit.cmd = /usr/bin/kinit
	sasl.kerberos.min.time.before.relogin = 60000
	sasl.kerberos.service.name = null
	sasl.kerberos.ticket.renew.jitter = 0.05
	sasl.kerberos.ticket.renew.window.factor = 0.8
	sasl.login.callback.handler.class = null
	sasl.login.class = null
	sasl.login.connect.timeout.ms = null
	sasl.login.read.timeout.ms = null
	sasl.login.refresh.buffer.seconds = 300
	sasl.login.refresh.min.period.seconds = 60
	sasl.login.refresh.window.factor = 0.8
	sasl.login.refresh.window.jitter = 0.05
	sasl.login.retry.backoff.max.ms = 10000
	sasl.login.retry.backoff.ms = 100
	sasl.mechanism = GSSAPI
	sasl.oauthbearer.clock.skew.seconds = 30
	sasl.oauthbearer.expected.audience = null
	sasl.oauthbearer.expected.issuer = null
	sasl.oauthbearer.header.urlencode = false
	sasl.oauthbearer.jwks.endpoint.refresh.ms = 3600000
	sasl.oauthbearer.jwks.endpoint.retry.backoff.max.ms = 10000
	sasl.oauthbearer.jwks.endpoint.retry.backoff.ms = 100
	sasl.oauthbearer.jwks.endpoint.url = null
	sasl.oauthbearer.scope.claim.name = scope
	sasl.oauthbearer.sub.claim.name = sub
	sasl.oauthbearer.token.endpoint.url = null
	security.protocol = PLAINTEXT
	security.providers = null
	send.buffer.bytes = 131072
	session.timeout.ms = 45000
	socket.connection.setup.timeout.max.ms = 30000
	socket.connection.setup.timeout.ms = 10000
	ssl.cipher.suites = null
	ssl.enabled.protocols = [TLSv1.2, TLSv1.3]
	ssl.endpoint.identification.algorithm = https
	ssl.engine.factory.class = null
	ssl.key.password = null
	ssl.keymanager.algorithm = SunX509
	ssl.keystore.certificate.chain = null
	ssl.keystore.key = null
	ssl.keystore.location = null
	ssl.keystore.password = null
	ssl.keystore.type = JKS
	ssl.protocol = TLSv1.3
	ssl.provider = null
	ssl.secure.random.implementation = null
	ssl.trustmanager.algorithm = PKIX
	ssl.truststore.certificates = null
	ssl.truststore.location = null
	ssl.truststore.password = null
	ssl.truststore.type = JKS
	value.deserializer = class io.apicurio.registry.serde.avro.AvroKafkaDeserializer

2025-08-06 15:40:53,738 INFO  [org.apa.kaf.com.tel.int.KafkaMetricsCollector] (main) initializing Kafka metrics collector
2025-08-06 15:40:53,743 INFO  [org.apa.kaf.cli.con.ConsumerConfig] (main) These configurations '[apicurio.registry.url]' were supplied but are not used yet.
2025-08-06 15:40:53,743 INFO  [org.apa.kaf.com.uti.AppInfoParser] (main) Kafka version: 3.9.1
2025-08-06 15:40:53,743 INFO  [org.apa.kaf.com.uti.AppInfoParser] (main) Kafka commitId: f745dfdcee2b9851
2025-08-06 15:40:53,743 INFO  [org.apa.kaf.com.uti.AppInfoParser] (main) Kafka startTimeMs: 1754494853743
2025-08-06 15:40:53,744 INFO  [org.apa.kaf.cli.con.int.ClassicKafkaConsumer] (Thread-654) [Consumer clientId=consumer-Consumer-topic-64113795_07c2_4bbf_b460_d877c19f78ba-8, groupId=Consumer-topic-64113795_07c2_4bbf_b460_d877c19f78ba] Subscribed to topic(s): topic-64113795_07c2_4bbf_b460_d877c19f78ba
2025-08-06 15:40:53,753 INFO  [org.apa.kaf.cli.Metadata] (Thread-654) [Consumer clientId=consumer-Consumer-topic-64113795_07c2_4bbf_b460_d877c19f78ba-8, groupId=Consumer-topic-64113795_07c2_4bbf_b460_d877c19f78ba] Cluster ID: QWxucHVARmyNXcabXl68yQ
2025-08-06 15:40:53,753 INFO  [org.apa.kaf.cli.con.int.ConsumerCoordinator] (Thread-654) [Consumer clientId=consumer-Consumer-topic-64113795_07c2_4bbf_b460_d877c19f78ba-8, groupId=Consumer-topic-64113795_07c2_4bbf_b460_d877c19f78ba] Discovered group coordinator localhost:32769 (id: 2147483647 rack: null)
2025-08-06 15:40:53,755 INFO  [org.apa.kaf.cli.con.int.ConsumerCoordinator] (Thread-654) [Consumer clientId=consumer-Consumer-topic-64113795_07c2_4bbf_b460_d877c19f78ba-8, groupId=Consumer-topic-64113795_07c2_4bbf_b460_d877c19f78ba] (Re-)joining group
2025-08-06 15:40:53,758 INFO  [org.apa.kaf.cli.con.int.ConsumerCoordinator] (Thread-654) [Consumer clientId=consumer-Consumer-topic-64113795_07c2_4bbf_b460_d877c19f78ba-8, groupId=Consumer-topic-64113795_07c2_4bbf_b460_d877c19f78ba] Request joining group due to: need to re-join with the given member-id: consumer-Consumer-topic-64113795_07c2_4bbf_b460_d877c19f78ba-8-97fed01d-ec07-428a-8a02-ed67f1f7dc08
2025-08-06 15:40:53,758 INFO  [org.apa.kaf.cli.con.int.ConsumerCoordinator] (Thread-654) [Consumer clientId=consumer-Consumer-topic-64113795_07c2_4bbf_b460_d877c19f78ba-8, groupId=Consumer-topic-64113795_07c2_4bbf_b460_d877c19f78ba] (Re-)joining group
2025-08-06 15:40:54,745 INFO  [io.api.tes.ser.api.KafkaSerdesTester] (Thread-654) None found
2025-08-06 15:40:55,745 INFO  [io.api.tes.ser.api.KafkaSerdesTester] (Thread-654) None found
2025-08-06 15:40:56,745 INFO  [io.api.tes.ser.api.KafkaSerdesTester] (Thread-654) None found
2025-08-06 15:40:56,762 INFO  [org.apa.kaf.cli.con.int.ConsumerCoordinator] (Thread-654) [Consumer clientId=consumer-Consumer-topic-64113795_07c2_4bbf_b460_d877c19f78ba-8, groupId=Consumer-topic-64113795_07c2_4bbf_b460_d877c19f78ba] Successfully joined group with generation Generation{generationId=1, memberId='consumer-Consumer-topic-64113795_07c2_4bbf_b460_d877c19f78ba-8-97fed01d-ec07-428a-8a02-ed67f1f7dc08', protocol='range'}
2025-08-06 15:40:56,762 INFO  [org.apa.kaf.cli.con.int.ConsumerCoordinator] (Thread-654) [Consumer clientId=consumer-Consumer-topic-64113795_07c2_4bbf_b460_d877c19f78ba-8, groupId=Consumer-topic-64113795_07c2_4bbf_b460_d877c19f78ba] Finished assignment for group at generation 1: {consumer-Consumer-topic-64113795_07c2_4bbf_b460_d877c19f78ba-8-97fed01d-ec07-428a-8a02-ed67f1f7dc08=Assignment(partitions=[topic-64113795_07c2_4bbf_b460_d877c19f78ba-0])}
2025-08-06 15:40:56,769 INFO  [org.apa.kaf.cli.con.int.ConsumerCoordinator] (Thread-654) [Consumer clientId=consumer-Consumer-topic-64113795_07c2_4bbf_b460_d877c19f78ba-8, groupId=Consumer-topic-64113795_07c2_4bbf_b460_d877c19f78ba] Successfully synced group in generation Generation{generationId=1, memberId='consumer-Consumer-topic-64113795_07c2_4bbf_b460_d877c19f78ba-8-97fed01d-ec07-428a-8a02-ed67f1f7dc08', protocol='range'}
2025-08-06 15:40:56,769 INFO  [org.apa.kaf.cli.con.int.ConsumerCoordinator] (Thread-654) [Consumer clientId=consumer-Consumer-topic-64113795_07c2_4bbf_b460_d877c19f78ba-8, groupId=Consumer-topic-64113795_07c2_4bbf_b460_d877c19f78ba] Notifying assignor about the new Assignment(partitions=[topic-64113795_07c2_4bbf_b460_d877c19f78ba-0])
2025-08-06 15:40:56,770 INFO  [org.apa.kaf.cli.con.int.ConsumerRebalanceListenerInvoker] (Thread-654) [Consumer clientId=consumer-Consumer-topic-64113795_07c2_4bbf_b460_d877c19f78ba-8, groupId=Consumer-topic-64113795_07c2_4bbf_b460_d877c19f78ba] Adding newly assigned partitions: topic-64113795_07c2_4bbf_b460_d877c19f78ba-0
2025-08-06 15:40:56,771 INFO  [org.apa.kaf.cli.con.int.ConsumerCoordinator] (Thread-654) [Consumer clientId=consumer-Consumer-topic-64113795_07c2_4bbf_b460_d877c19f78ba-8, groupId=Consumer-topic-64113795_07c2_4bbf_b460_d877c19f78ba] Found no committed offset for partition topic-64113795_07c2_4bbf_b460_d877c19f78ba-0
2025-08-06 15:40:56,778 INFO  [org.apa.kaf.cli.con.int.SubscriptionState] (Thread-654) [Consumer clientId=consumer-Consumer-topic-64113795_07c2_4bbf_b460_d877c19f78ba-8, groupId=Consumer-topic-64113795_07c2_4bbf_b460_d877c19f78ba] Resetting offset for partition topic-64113795_07c2_4bbf_b460_d877c19f78ba-0 to position FetchPosition{offset=0, offsetEpoch=Optional.empty, currentLeader=LeaderAndEpoch{leader=Optional[localhost:32769 (id: 0 rack: null)], epoch=0}}.
2025-08-06 15:40:56,881 INFO  [io.api.tes.ser.api.KafkaSerdesTester] (Thread-654) topic-64113795_07c2_4bbf_b460_d877c19f78ba 0 0 {"id": "record-0"}
2025-08-06 15:40:56,881 INFO  [io.api.tes.ser.api.KafkaSerdesTester] (Thread-654) topic-64113795_07c2_4bbf_b460_d877c19f78ba 0 1 {"value": 1}
2025-08-06 15:40:56,881 INFO  [io.api.tes.ser.api.KafkaSerdesTester] (Thread-654) topic-64113795_07c2_4bbf_b460_d877c19f78ba 0 2 {"active": true}
2025-08-06 15:40:56,881 INFO  [io.api.tes.ser.api.KafkaSerdesTester] (Thread-654) topic-64113795_07c2_4bbf_b460_d877c19f78ba 0 3 {"id": "record-3"}
2025-08-06 15:40:56,881 INFO  [io.api.tes.ser.api.KafkaSerdesTester] (Thread-654) topic-64113795_07c2_4bbf_b460_d877c19f78ba 0 4 {"value": 4}
2025-08-06 15:40:56,881 INFO  [io.api.tes.ser.api.KafkaSerdesTester] (Thread-654) topic-64113795_07c2_4bbf_b460_d877c19f78ba 0 5 {"active": false}
2025-08-06 15:40:56,881 INFO  [io.api.tes.ser.api.KafkaSerdesTester] (Thread-654) topic-64113795_07c2_4bbf_b460_d877c19f78ba 0 6 {"id": "record-6"}
2025-08-06 15:40:56,881 INFO  [io.api.tes.ser.api.KafkaSerdesTester] (Thread-654) topic-64113795_07c2_4bbf_b460_d877c19f78ba 0 7 {"value": 7}
2025-08-06 15:40:56,881 INFO  [io.api.tes.ser.api.KafkaSerdesTester] (Thread-654) topic-64113795_07c2_4bbf_b460_d877c19f78ba 0 8 {"active": true}
2025-08-06 15:40:56,881 INFO  [io.api.tes.ser.api.KafkaSerdesTester] (Thread-654) topic-64113795_07c2_4bbf_b460_d877c19f78ba 0 9 {"id": "record-9"}
2025-08-06 15:40:56,881 INFO  [io.api.tes.ser.api.KafkaSerdesTester] (Thread-654) Consumed 10 messages
2025-08-06 15:40:56,888 INFO  [org.apa.kaf.cli.con.int.ConsumerRebalanceListenerInvoker] (Thread-654) [Consumer clientId=consumer-Consumer-topic-64113795_07c2_4bbf_b460_d877c19f78ba-8, groupId=Consumer-topic-64113795_07c2_4bbf_b460_d877c19f78ba] Revoke previously assigned partitions topic-64113795_07c2_4bbf_b460_d877c19f78ba-0
2025-08-06 15:40:56,889 INFO  [org.apa.kaf.cli.con.int.ConsumerCoordinator] (Thread-654) [Consumer clientId=consumer-Consumer-topic-64113795_07c2_4bbf_b460_d877c19f78ba-8, groupId=Consumer-topic-64113795_07c2_4bbf_b460_d877c19f78ba] Member consumer-Consumer-topic-64113795_07c2_4bbf_b460_d877c19f78ba-8-97fed01d-ec07-428a-8a02-ed67f1f7dc08 sending LeaveGroup request to coordinator localhost:32769 (id: 2147483647 rack: null) due to the consumer is being closed
2025-08-06 15:40:56,889 INFO  [org.apa.kaf.cli.con.int.ConsumerCoordinator] (Thread-654) [Consumer clientId=consumer-Consumer-topic-64113795_07c2_4bbf_b460_d877c19f78ba-8, groupId=Consumer-topic-64113795_07c2_4bbf_b460_d877c19f78ba] Resetting generation and member id due to: consumer pro-actively leaving the group
2025-08-06 15:40:56,889 INFO  [org.apa.kaf.cli.con.int.ConsumerCoordinator] (Thread-654) [Consumer clientId=consumer-Consumer-topic-64113795_07c2_4bbf_b460_d877c19f78ba-8, groupId=Consumer-topic-64113795_07c2_4bbf_b460_d877c19f78ba] Request joining group due to: consumer pro-actively leaving the group
2025-08-06 15:40:57,384 INFO  [org.apa.kaf.com.met.Metrics] (Thread-654) Metrics scheduler closed
2025-08-06 15:40:57,384 INFO  [org.apa.kaf.com.met.Metrics] (Thread-654) Closing reporter org.apache.kafka.common.metrics.JmxReporter
2025-08-06 15:40:57,384 INFO  [org.apa.kaf.com.met.Metrics] (Thread-654) Closing reporter org.apache.kafka.common.telemetry.internals.ClientTelemetryReporter
2025-08-06 15:40:57,384 INFO  [org.apa.kaf.com.met.Metrics] (Thread-654) Metrics reporters closed
2025-08-06 15:40:57,387 INFO  [org.apa.kaf.com.uti.AppInfoParser] (Thread-654) App info kafka.consumer for consumer-Consumer-topic-64113795_07c2_4bbf_b460_d877c19f78ba-8 unregistered
2025-08-06 15:40:57,388 INFO  [io.api.tes.uti.TestSeparator] (main) io.apicurio.tests.serdes.apicurio.AvroSerdeIT.testAvroUnionWithSpecificReader-FINISHED
2025-08-06 15:40:57,388 INFO  [io.api.tes.uti.TestSeparator] (main) ############################################################################
Test passed: testAvroUnionWithSpecificReader
]]></system-out>
  </testcase>
  <testcase name="testEvolveAvroApicurioReusingClient" classname="io.apicurio.tests.serdes.apicurio.AvroSerdeIT" time="7.044">
    <system-out><![CDATA[2025-08-06 15:40:57,390 INFO  [io.api.tes.uti.TestSeparator] (main) ############################################################################
2025-08-06 15:40:57,390 INFO  [io.api.tes.uti.TestSeparator] (main) io.apicurio.tests.serdes.apicurio.AvroSerdeIT.testEvolveAvroApicurioReusingClient-STARTED
2025-08-06 15:40:57,395 INFO  [io.api.tes.ser.api.AvroSerdeIT] (main) Registering Avro Schema: {"type":"record","name":"s1dcc07a6xf58ax4088xb9bexae2cf880818b","namespace":"ns_ab087047_19bb_4ed5_b7a0_8793b414e6f9","fields":[{"name":"key11754494857395","type":"string"}]}
**** Registry Base URL: http://registry-app-ksql047.apps.ci419.apicurio-testing.org:80
2025-08-06 15:40:58,465 INFO  [org.apa.kaf.cli.pro.ProducerConfig] (main) ProducerConfig values: 
	acks = -1
	auto.include.jmx.reporter = true
	batch.size = 16384
	bootstrap.servers = [PLAINTEXT://localhost:32769]
	buffer.memory = 33554432
	client.dns.lookup = use_all_dns_ips
	client.id = Producer-topic-906ca830_6348_4d2f_8ceb_db6442d7cdeb
	compression.gzip.level = -1
	compression.lz4.level = 9
	compression.type = none
	compression.zstd.level = 3
	connections.max.idle.ms = 10000
	delivery.timeout.ms = 120000
	enable.idempotence = true
	enable.metrics.push = true
	interceptor.classes = []
	key.serializer = class org.apache.kafka.common.serialization.StringSerializer
	linger.ms = 0
	max.block.ms = 60000
	max.in.flight.requests.per.connection = 5
	max.request.size = 1048576
	metadata.max.age.ms = 300000
	metadata.max.idle.ms = 300000
	metadata.recovery.strategy = none
	metric.reporters = []
	metrics.num.samples = 2
	metrics.recording.level = INFO
	metrics.sample.window.ms = 30000
	partitioner.adaptive.partitioning.enable = true
	partitioner.availability.timeout.ms = 0
	partitioner.class = null
	partitioner.ignore.keys = false
	receive.buffer.bytes = 32768
	reconnect.backoff.max.ms = 1000
	reconnect.backoff.ms = 50
	request.timeout.ms = 5000
	retries = 2147483647
	retry.backoff.max.ms = 1000
	retry.backoff.ms = 100
	sasl.client.callback.handler.class = null
	sasl.jaas.config = null
	sasl.kerberos.kinit.cmd = /usr/bin/kinit
	sasl.kerberos.min.time.before.relogin = 60000
	sasl.kerberos.service.name = null
	sasl.kerberos.ticket.renew.jitter = 0.05
	sasl.kerberos.ticket.renew.window.factor = 0.8
	sasl.login.callback.handler.class = null
	sasl.login.class = null
	sasl.login.connect.timeout.ms = null
	sasl.login.read.timeout.ms = null
	sasl.login.refresh.buffer.seconds = 300
	sasl.login.refresh.min.period.seconds = 60
	sasl.login.refresh.window.factor = 0.8
	sasl.login.refresh.window.jitter = 0.05
	sasl.login.retry.backoff.max.ms = 10000
	sasl.login.retry.backoff.ms = 100
	sasl.mechanism = GSSAPI
	sasl.oauthbearer.clock.skew.seconds = 30
	sasl.oauthbearer.expected.audience = null
	sasl.oauthbearer.expected.issuer = null
	sasl.oauthbearer.header.urlencode = false
	sasl.oauthbearer.jwks.endpoint.refresh.ms = 3600000
	sasl.oauthbearer.jwks.endpoint.retry.backoff.max.ms = 10000
	sasl.oauthbearer.jwks.endpoint.retry.backoff.ms = 100
	sasl.oauthbearer.jwks.endpoint.url = null
	sasl.oauthbearer.scope.claim.name = scope
	sasl.oauthbearer.sub.claim.name = sub
	sasl.oauthbearer.token.endpoint.url = null
	security.protocol = PLAINTEXT
	security.providers = null
	send.buffer.bytes = 131072
	socket.connection.setup.timeout.max.ms = 30000
	socket.connection.setup.timeout.ms = 10000
	ssl.cipher.suites = null
	ssl.enabled.protocols = [TLSv1.2, TLSv1.3]
	ssl.endpoint.identification.algorithm = https
	ssl.engine.factory.class = null
	ssl.key.password = null
	ssl.keymanager.algorithm = SunX509
	ssl.keystore.certificate.chain = null
	ssl.keystore.key = null
	ssl.keystore.location = null
	ssl.keystore.password = null
	ssl.keystore.type = JKS
	ssl.protocol = TLSv1.3
	ssl.provider = null
	ssl.secure.random.implementation = null
	ssl.trustmanager.algorithm = PKIX
	ssl.truststore.certificates = null
	ssl.truststore.location = null
	ssl.truststore.password = null
	ssl.truststore.type = JKS
	transaction.timeout.ms = 60000
	transactional.id = null
	value.serializer = class io.apicurio.registry.serde.avro.AvroKafkaSerializer

2025-08-06 15:40:58,465 INFO  [org.apa.kaf.com.tel.int.KafkaMetricsCollector] (main) initializing Kafka metrics collector
2025-08-06 15:40:58,468 INFO  [org.apa.kaf.cli.pro.KafkaProducer] (main) [Producer clientId=Producer-topic-906ca830_6348_4d2f_8ceb_db6442d7cdeb] Instantiated an idempotent producer.
2025-08-06 15:40:58,469 INFO  [org.apa.kaf.cli.pro.ProducerConfig] (main) These configurations '[apicurio.registry.url, apicurio.registry.artifact-resolver-strategy]' were supplied but are not used yet.
2025-08-06 15:40:58,469 INFO  [org.apa.kaf.com.uti.AppInfoParser] (main) Kafka version: 3.9.1
2025-08-06 15:40:58,469 INFO  [org.apa.kaf.com.uti.AppInfoParser] (main) Kafka commitId: f745dfdcee2b9851
2025-08-06 15:40:58,469 INFO  [org.apa.kaf.com.uti.AppInfoParser] (main) Kafka startTimeMs: 1754494858469
**** Registry Base URL: http://registry-app-ksql047.apps.ci419.apicurio-testing.org:80
2025-08-06 15:40:58,470 INFO  [org.apa.kaf.cli.con.ConsumerConfig] (main) ConsumerConfig values: 
	allow.auto.create.topics = true
	auto.commit.interval.ms = 500
	auto.include.jmx.reporter = true
	auto.offset.reset = earliest
	bootstrap.servers = [PLAINTEXT://localhost:32769]
	check.crcs = true
	client.dns.lookup = use_all_dns_ips
	client.id = consumer-Consumer-topic-906ca830_6348_4d2f_8ceb_db6442d7cdeb-9
	client.rack = 
	connections.max.idle.ms = 10000
	default.api.timeout.ms = 60000
	enable.auto.commit = true
	enable.metrics.push = true
	exclude.internal.topics = true
	fetch.max.bytes = 52428800
	fetch.max.wait.ms = 500
	fetch.min.bytes = 1
	group.id = Consumer-topic-906ca830_6348_4d2f_8ceb_db6442d7cdeb
	group.instance.id = null
	group.protocol = classic
	group.remote.assignor = null
	heartbeat.interval.ms = 3000
	interceptor.classes = []
	internal.leave.group.on.close = true
	internal.throw.on.fetch.stable.offset.unsupported = false
	isolation.level = read_uncommitted
	key.deserializer = class org.apache.kafka.common.serialization.StringDeserializer
	max.partition.fetch.bytes = 1048576
	max.poll.interval.ms = 300000
	max.poll.records = 500
	metadata.max.age.ms = 300000
	metadata.recovery.strategy = none
	metric.reporters = []
	metrics.num.samples = 2
	metrics.recording.level = INFO
	metrics.sample.window.ms = 30000
	partition.assignment.strategy = [class org.apache.kafka.clients.consumer.RangeAssignor, class org.apache.kafka.clients.consumer.CooperativeStickyAssignor]
	receive.buffer.bytes = 65536
	reconnect.backoff.max.ms = 1000
	reconnect.backoff.ms = 50
	request.timeout.ms = 5000
	retry.backoff.max.ms = 1000
	retry.backoff.ms = 100
	sasl.client.callback.handler.class = null
	sasl.jaas.config = null
	sasl.kerberos.kinit.cmd = /usr/bin/kinit
	sasl.kerberos.min.time.before.relogin = 60000
	sasl.kerberos.service.name = null
	sasl.kerberos.ticket.renew.jitter = 0.05
	sasl.kerberos.ticket.renew.window.factor = 0.8
	sasl.login.callback.handler.class = null
	sasl.login.class = null
	sasl.login.connect.timeout.ms = null
	sasl.login.read.timeout.ms = null
	sasl.login.refresh.buffer.seconds = 300
	sasl.login.refresh.min.period.seconds = 60
	sasl.login.refresh.window.factor = 0.8
	sasl.login.refresh.window.jitter = 0.05
	sasl.login.retry.backoff.max.ms = 10000
	sasl.login.retry.backoff.ms = 100
	sasl.mechanism = GSSAPI
	sasl.oauthbearer.clock.skew.seconds = 30
	sasl.oauthbearer.expected.audience = null
	sasl.oauthbearer.expected.issuer = null
	sasl.oauthbearer.header.urlencode = false
	sasl.oauthbearer.jwks.endpoint.refresh.ms = 3600000
	sasl.oauthbearer.jwks.endpoint.retry.backoff.max.ms = 10000
	sasl.oauthbearer.jwks.endpoint.retry.backoff.ms = 100
	sasl.oauthbearer.jwks.endpoint.url = null
	sasl.oauthbearer.scope.claim.name = scope
	sasl.oauthbearer.sub.claim.name = sub
	sasl.oauthbearer.token.endpoint.url = null
	security.protocol = PLAINTEXT
	security.providers = null
	send.buffer.bytes = 131072
	session.timeout.ms = 45000
	socket.connection.setup.timeout.max.ms = 30000
	socket.connection.setup.timeout.ms = 10000
	ssl.cipher.suites = null
	ssl.enabled.protocols = [TLSv1.2, TLSv1.3]
	ssl.endpoint.identification.algorithm = https
	ssl.engine.factory.class = null
	ssl.key.password = null
	ssl.keymanager.algorithm = SunX509
	ssl.keystore.certificate.chain = null
	ssl.keystore.key = null
	ssl.keystore.location = null
	ssl.keystore.password = null
	ssl.keystore.type = JKS
	ssl.protocol = TLSv1.3
	ssl.provider = null
	ssl.secure.random.implementation = null
	ssl.trustmanager.algorithm = PKIX
	ssl.truststore.certificates = null
	ssl.truststore.location = null
	ssl.truststore.password = null
	ssl.truststore.type = JKS
	value.deserializer = class io.apicurio.registry.serde.avro.AvroKafkaDeserializer

2025-08-06 15:40:58,470 INFO  [org.apa.kaf.com.tel.int.KafkaMetricsCollector] (main) initializing Kafka metrics collector
2025-08-06 15:40:58,476 INFO  [org.apa.kaf.cli.Metadata] (kafka-producer-network-thread | Producer-topic-906ca830_6348_4d2f_8ceb_db6442d7cdeb) [Producer clientId=Producer-topic-906ca830_6348_4d2f_8ceb_db6442d7cdeb] Cluster ID: QWxucHVARmyNXcabXl68yQ
2025-08-06 15:40:58,477 INFO  [org.apa.kaf.cli.con.ConsumerConfig] (main) These configurations '[apicurio.registry.url]' were supplied but are not used yet.
2025-08-06 15:40:58,477 INFO  [org.apa.kaf.com.uti.AppInfoParser] (main) Kafka version: 3.9.1
2025-08-06 15:40:58,477 INFO  [org.apa.kaf.com.uti.AppInfoParser] (main) Kafka commitId: f745dfdcee2b9851
2025-08-06 15:40:58,477 INFO  [org.apa.kaf.com.uti.AppInfoParser] (main) Kafka startTimeMs: 1754494858477
2025-08-06 15:40:58,478 INFO  [org.apa.kaf.cli.pro.int.TransactionManager] (kafka-producer-network-thread | Producer-topic-906ca830_6348_4d2f_8ceb_db6442d7cdeb) [Producer clientId=Producer-topic-906ca830_6348_4d2f_8ceb_db6442d7cdeb] ProducerId set to 11 with epoch 0
2025-08-06 15:40:58,481 INFO  [io.api.tes.ser.api.KafkaSerdesTester] (Thread-659) Sending message {"key11754494857395": "value-0"} to topic topic-906ca830_6348_4d2f_8ceb_db6442d7cdeb
2025-08-06 15:40:58,486 INFO  [DefaultSchemaResolver] (Thread-659) Retrieving schema content using string: {"type":"record","name":"s1dcc07a6xf58ax4088xb9bexae2cf880818b","namespace":"ns_ab087047_19bb_4ed5_b7a0_8793b414e6f9","fields":[{"name":"key11754494857395","type":"string"}]}
2025-08-06 15:40:58,518 INFO  [io.api.tes.ser.api.KafkaSerdesTester] (Thread-659) Sending message {"key11754494857395": "value-1"} to topic topic-906ca830_6348_4d2f_8ceb_db6442d7cdeb
2025-08-06 15:40:58,521 INFO  [io.api.tes.ser.api.KafkaSerdesTester] (Thread-659) Sending message {"key11754494857395": "value-2"} to topic topic-906ca830_6348_4d2f_8ceb_db6442d7cdeb
2025-08-06 15:40:58,524 INFO  [io.api.tes.ser.api.KafkaSerdesTester] (Thread-659) Sending message {"key11754494857395": "value-3"} to topic topic-906ca830_6348_4d2f_8ceb_db6442d7cdeb
2025-08-06 15:40:58,528 INFO  [io.api.tes.ser.api.KafkaSerdesTester] (Thread-659) Sending message {"key11754494857395": "value-4"} to topic topic-906ca830_6348_4d2f_8ceb_db6442d7cdeb
2025-08-06 15:40:58,531 INFO  [io.api.tes.ser.api.KafkaSerdesTester] (Thread-659) Sending message {"key11754494857395": "value-5"} to topic topic-906ca830_6348_4d2f_8ceb_db6442d7cdeb
2025-08-06 15:40:58,535 INFO  [io.api.tes.ser.api.KafkaSerdesTester] (Thread-659) Sending message {"key11754494857395": "value-6"} to topic topic-906ca830_6348_4d2f_8ceb_db6442d7cdeb
2025-08-06 15:40:58,537 INFO  [io.api.tes.ser.api.KafkaSerdesTester] (Thread-659) Sending message {"key11754494857395": "value-7"} to topic topic-906ca830_6348_4d2f_8ceb_db6442d7cdeb
2025-08-06 15:40:58,539 INFO  [io.api.tes.ser.api.KafkaSerdesTester] (Thread-659) Sending message {"key11754494857395": "value-8"} to topic topic-906ca830_6348_4d2f_8ceb_db6442d7cdeb
2025-08-06 15:40:58,541 INFO  [io.api.tes.ser.api.KafkaSerdesTester] (Thread-659) Sending message {"key11754494857395": "value-9"} to topic topic-906ca830_6348_4d2f_8ceb_db6442d7cdeb
2025-08-06 15:40:58,542 INFO  [io.api.tes.ser.api.KafkaSerdesTester] (Thread-659) Produced 10 messages
2025-08-06 15:40:58,542 INFO  [org.apa.kaf.cli.con.int.ClassicKafkaConsumer] (Thread-660) [Consumer clientId=consumer-Consumer-topic-906ca830_6348_4d2f_8ceb_db6442d7cdeb-9, groupId=Consumer-topic-906ca830_6348_4d2f_8ceb_db6442d7cdeb] Subscribed to topic(s): topic-906ca830_6348_4d2f_8ceb_db6442d7cdeb
2025-08-06 15:40:58,546 INFO  [org.apa.kaf.cli.Metadata] (Thread-660) [Consumer clientId=consumer-Consumer-topic-906ca830_6348_4d2f_8ceb_db6442d7cdeb-9, groupId=Consumer-topic-906ca830_6348_4d2f_8ceb_db6442d7cdeb] Cluster ID: QWxucHVARmyNXcabXl68yQ
2025-08-06 15:40:58,546 INFO  [org.apa.kaf.cli.con.int.ConsumerCoordinator] (Thread-660) [Consumer clientId=consumer-Consumer-topic-906ca830_6348_4d2f_8ceb_db6442d7cdeb-9, groupId=Consumer-topic-906ca830_6348_4d2f_8ceb_db6442d7cdeb] Discovered group coordinator localhost:32769 (id: 2147483647 rack: null)
2025-08-06 15:40:58,548 INFO  [org.apa.kaf.cli.con.int.ConsumerCoordinator] (Thread-660) [Consumer clientId=consumer-Consumer-topic-906ca830_6348_4d2f_8ceb_db6442d7cdeb-9, groupId=Consumer-topic-906ca830_6348_4d2f_8ceb_db6442d7cdeb] (Re-)joining group
2025-08-06 15:40:58,550 INFO  [org.apa.kaf.cli.con.int.ConsumerCoordinator] (Thread-660) [Consumer clientId=consumer-Consumer-topic-906ca830_6348_4d2f_8ceb_db6442d7cdeb-9, groupId=Consumer-topic-906ca830_6348_4d2f_8ceb_db6442d7cdeb] Request joining group due to: need to re-join with the given member-id: consumer-Consumer-topic-906ca830_6348_4d2f_8ceb_db6442d7cdeb-9-0f6a74ba-f4f8-4ceb-9e8e-ff588940e53d
2025-08-06 15:40:58,550 INFO  [org.apa.kaf.cli.con.int.ConsumerCoordinator] (Thread-660) [Consumer clientId=consumer-Consumer-topic-906ca830_6348_4d2f_8ceb_db6442d7cdeb-9, groupId=Consumer-topic-906ca830_6348_4d2f_8ceb_db6442d7cdeb] (Re-)joining group
2025-08-06 15:40:59,543 INFO  [io.api.tes.ser.api.KafkaSerdesTester] (Thread-660) None found
2025-08-06 15:41:00,543 INFO  [io.api.tes.ser.api.KafkaSerdesTester] (Thread-660) None found
2025-08-06 15:41:01,543 INFO  [io.api.tes.ser.api.KafkaSerdesTester] (Thread-660) None found
2025-08-06 15:41:01,552 INFO  [org.apa.kaf.cli.con.int.ConsumerCoordinator] (Thread-660) [Consumer clientId=consumer-Consumer-topic-906ca830_6348_4d2f_8ceb_db6442d7cdeb-9, groupId=Consumer-topic-906ca830_6348_4d2f_8ceb_db6442d7cdeb] Successfully joined group with generation Generation{generationId=1, memberId='consumer-Consumer-topic-906ca830_6348_4d2f_8ceb_db6442d7cdeb-9-0f6a74ba-f4f8-4ceb-9e8e-ff588940e53d', protocol='range'}
2025-08-06 15:41:01,552 INFO  [org.apa.kaf.cli.con.int.ConsumerCoordinator] (Thread-660) [Consumer clientId=consumer-Consumer-topic-906ca830_6348_4d2f_8ceb_db6442d7cdeb-9, groupId=Consumer-topic-906ca830_6348_4d2f_8ceb_db6442d7cdeb] Finished assignment for group at generation 1: {consumer-Consumer-topic-906ca830_6348_4d2f_8ceb_db6442d7cdeb-9-0f6a74ba-f4f8-4ceb-9e8e-ff588940e53d=Assignment(partitions=[topic-906ca830_6348_4d2f_8ceb_db6442d7cdeb-0])}
2025-08-06 15:41:01,559 INFO  [org.apa.kaf.cli.con.int.ConsumerCoordinator] (Thread-660) [Consumer clientId=consumer-Consumer-topic-906ca830_6348_4d2f_8ceb_db6442d7cdeb-9, groupId=Consumer-topic-906ca830_6348_4d2f_8ceb_db6442d7cdeb] Successfully synced group in generation Generation{generationId=1, memberId='consumer-Consumer-topic-906ca830_6348_4d2f_8ceb_db6442d7cdeb-9-0f6a74ba-f4f8-4ceb-9e8e-ff588940e53d', protocol='range'}
2025-08-06 15:41:01,559 INFO  [org.apa.kaf.cli.con.int.ConsumerCoordinator] (Thread-660) [Consumer clientId=consumer-Consumer-topic-906ca830_6348_4d2f_8ceb_db6442d7cdeb-9, groupId=Consumer-topic-906ca830_6348_4d2f_8ceb_db6442d7cdeb] Notifying assignor about the new Assignment(partitions=[topic-906ca830_6348_4d2f_8ceb_db6442d7cdeb-0])
2025-08-06 15:41:01,559 INFO  [org.apa.kaf.cli.con.int.ConsumerRebalanceListenerInvoker] (Thread-660) [Consumer clientId=consumer-Consumer-topic-906ca830_6348_4d2f_8ceb_db6442d7cdeb-9, groupId=Consumer-topic-906ca830_6348_4d2f_8ceb_db6442d7cdeb] Adding newly assigned partitions: topic-906ca830_6348_4d2f_8ceb_db6442d7cdeb-0
2025-08-06 15:41:01,560 INFO  [org.apa.kaf.cli.con.int.ConsumerCoordinator] (Thread-660) [Consumer clientId=consumer-Consumer-topic-906ca830_6348_4d2f_8ceb_db6442d7cdeb-9, groupId=Consumer-topic-906ca830_6348_4d2f_8ceb_db6442d7cdeb] Found no committed offset for partition topic-906ca830_6348_4d2f_8ceb_db6442d7cdeb-0
2025-08-06 15:41:01,567 INFO  [org.apa.kaf.cli.con.int.SubscriptionState] (Thread-660) [Consumer clientId=consumer-Consumer-topic-906ca830_6348_4d2f_8ceb_db6442d7cdeb-9, groupId=Consumer-topic-906ca830_6348_4d2f_8ceb_db6442d7cdeb] Resetting offset for partition topic-906ca830_6348_4d2f_8ceb_db6442d7cdeb-0 to position FetchPosition{offset=0, offsetEpoch=Optional.empty, currentLeader=LeaderAndEpoch{leader=Optional[localhost:32769 (id: 0 rack: null)], epoch=0}}.
2025-08-06 15:41:01,607 INFO  [io.api.tes.ser.api.KafkaSerdesTester] (Thread-660) topic-906ca830_6348_4d2f_8ceb_db6442d7cdeb 0 0 {"key11754494857395": "value-0"}
2025-08-06 15:41:01,607 INFO  [io.api.tes.ser.api.KafkaSerdesTester] (Thread-660) topic-906ca830_6348_4d2f_8ceb_db6442d7cdeb 0 1 {"key11754494857395": "value-1"}
2025-08-06 15:41:01,607 INFO  [io.api.tes.ser.api.KafkaSerdesTester] (Thread-660) topic-906ca830_6348_4d2f_8ceb_db6442d7cdeb 0 2 {"key11754494857395": "value-2"}
2025-08-06 15:41:01,607 INFO  [io.api.tes.ser.api.KafkaSerdesTester] (Thread-660) topic-906ca830_6348_4d2f_8ceb_db6442d7cdeb 0 3 {"key11754494857395": "value-3"}
2025-08-06 15:41:01,607 INFO  [io.api.tes.ser.api.KafkaSerdesTester] (Thread-660) topic-906ca830_6348_4d2f_8ceb_db6442d7cdeb 0 4 {"key11754494857395": "value-4"}
2025-08-06 15:41:01,607 INFO  [io.api.tes.ser.api.KafkaSerdesTester] (Thread-660) topic-906ca830_6348_4d2f_8ceb_db6442d7cdeb 0 5 {"key11754494857395": "value-5"}
2025-08-06 15:41:01,607 INFO  [io.api.tes.ser.api.KafkaSerdesTester] (Thread-660) topic-906ca830_6348_4d2f_8ceb_db6442d7cdeb 0 6 {"key11754494857395": "value-6"}
2025-08-06 15:41:01,607 INFO  [io.api.tes.ser.api.KafkaSerdesTester] (Thread-660) topic-906ca830_6348_4d2f_8ceb_db6442d7cdeb 0 7 {"key11754494857395": "value-7"}
2025-08-06 15:41:01,607 INFO  [io.api.tes.ser.api.KafkaSerdesTester] (Thread-660) topic-906ca830_6348_4d2f_8ceb_db6442d7cdeb 0 8 {"key11754494857395": "value-8"}
2025-08-06 15:41:01,607 INFO  [io.api.tes.ser.api.KafkaSerdesTester] (Thread-660) topic-906ca830_6348_4d2f_8ceb_db6442d7cdeb 0 9 {"key11754494857395": "value-9"}
2025-08-06 15:41:01,607 INFO  [io.api.tes.ser.api.KafkaSerdesTester] (Thread-660) Consumed 10 messages
2025-08-06 15:41:01,608 INFO  [io.api.tes.ser.api.AvroSerdeIT] (main) Registering Avro Schema 2: {"type":"record","name":"s1dcc07a6xf58ax4088xb9bexae2cf880818b","namespace":"ns_ab087047_19bb_4ed5_b7a0_8793b414e6f9","fields":[{"name":"key11754494857395","type":"string"},{"name":"key21754494861608","type":"string"}]}
2025-08-06 15:41:02,670 INFO  [io.api.tes.ser.api.KafkaSerdesTester] (Thread-661) Sending message {"key11754494857395": "value-0", "key21754494861608": "value-0"} to topic topic-906ca830_6348_4d2f_8ceb_db6442d7cdeb
2025-08-06 15:41:02,670 INFO  [DefaultSchemaResolver] (Thread-661) Retrieving schema content using string: {"type":"record","name":"s1dcc07a6xf58ax4088xb9bexae2cf880818b","namespace":"ns_ab087047_19bb_4ed5_b7a0_8793b414e6f9","fields":[{"name":"key11754494857395","type":"string"},{"name":"key21754494861608","type":"string"}]}
2025-08-06 15:41:02,690 INFO  [io.api.tes.ser.api.KafkaSerdesTester] (Thread-661) Sending message {"key11754494857395": "value-1", "key21754494861608": "value-1"} to topic topic-906ca830_6348_4d2f_8ceb_db6442d7cdeb
2025-08-06 15:41:02,692 INFO  [io.api.tes.ser.api.KafkaSerdesTester] (Thread-661) Sending message {"key11754494857395": "value-2", "key21754494861608": "value-2"} to topic topic-906ca830_6348_4d2f_8ceb_db6442d7cdeb
2025-08-06 15:41:02,694 INFO  [io.api.tes.ser.api.KafkaSerdesTester] (Thread-661) Sending message {"key11754494857395": "value-3", "key21754494861608": "value-3"} to topic topic-906ca830_6348_4d2f_8ceb_db6442d7cdeb
2025-08-06 15:41:02,697 INFO  [io.api.tes.ser.api.KafkaSerdesTester] (Thread-661) Sending message {"key11754494857395": "value-4", "key21754494861608": "value-4"} to topic topic-906ca830_6348_4d2f_8ceb_db6442d7cdeb
2025-08-06 15:41:02,701 INFO  [io.api.tes.ser.api.KafkaSerdesTester] (Thread-661) Sending message {"key11754494857395": "value-5", "key21754494861608": "value-5"} to topic topic-906ca830_6348_4d2f_8ceb_db6442d7cdeb
2025-08-06 15:41:02,703 INFO  [io.api.tes.ser.api.KafkaSerdesTester] (Thread-661) Sending message {"key11754494857395": "value-6", "key21754494861608": "value-6"} to topic topic-906ca830_6348_4d2f_8ceb_db6442d7cdeb
2025-08-06 15:41:02,705 INFO  [io.api.tes.ser.api.KafkaSerdesTester] (Thread-661) Sending message {"key11754494857395": "value-7", "key21754494861608": "value-7"} to topic topic-906ca830_6348_4d2f_8ceb_db6442d7cdeb
2025-08-06 15:41:02,711 INFO  [io.api.tes.ser.api.KafkaSerdesTester] (Thread-661) Sending message {"key11754494857395": "value-8", "key21754494861608": "value-8"} to topic topic-906ca830_6348_4d2f_8ceb_db6442d7cdeb
2025-08-06 15:41:02,712 INFO  [io.api.tes.ser.api.KafkaSerdesTester] (Thread-661) Sending message {"key11754494857395": "value-9", "key21754494861608": "value-9"} to topic topic-906ca830_6348_4d2f_8ceb_db6442d7cdeb
2025-08-06 15:41:02,714 INFO  [io.api.tes.ser.api.KafkaSerdesTester] (Thread-661) Produced 10 messages
2025-08-06 15:41:02,714 INFO  [io.api.tes.ser.api.KafkaSerdesTester] (Thread-662) Sending message {"key11754494857395": "value-0"} to topic topic-906ca830_6348_4d2f_8ceb_db6442d7cdeb
2025-08-06 15:41:02,716 INFO  [io.api.tes.ser.api.KafkaSerdesTester] (Thread-662) Sending message {"key11754494857395": "value-1"} to topic topic-906ca830_6348_4d2f_8ceb_db6442d7cdeb
2025-08-06 15:41:02,718 INFO  [io.api.tes.ser.api.KafkaSerdesTester] (Thread-662) Sending message {"key11754494857395": "value-2"} to topic topic-906ca830_6348_4d2f_8ceb_db6442d7cdeb
2025-08-06 15:41:02,719 INFO  [io.api.tes.ser.api.KafkaSerdesTester] (Thread-662) Sending message {"key11754494857395": "value-3"} to topic topic-906ca830_6348_4d2f_8ceb_db6442d7cdeb
2025-08-06 15:41:02,721 INFO  [io.api.tes.ser.api.KafkaSerdesTester] (Thread-662) Sending message {"key11754494857395": "value-4"} to topic topic-906ca830_6348_4d2f_8ceb_db6442d7cdeb
2025-08-06 15:41:02,722 INFO  [io.api.tes.ser.api.KafkaSerdesTester] (Thread-662) Sending message {"key11754494857395": "value-5"} to topic topic-906ca830_6348_4d2f_8ceb_db6442d7cdeb
2025-08-06 15:41:02,725 INFO  [io.api.tes.ser.api.KafkaSerdesTester] (Thread-662) Sending message {"key11754494857395": "value-6"} to topic topic-906ca830_6348_4d2f_8ceb_db6442d7cdeb
2025-08-06 15:41:02,726 INFO  [io.api.tes.ser.api.KafkaSerdesTester] (Thread-662) Sending message {"key11754494857395": "value-7"} to topic topic-906ca830_6348_4d2f_8ceb_db6442d7cdeb
2025-08-06 15:41:02,727 INFO  [io.api.tes.ser.api.KafkaSerdesTester] (Thread-662) Sending message {"key11754494857395": "value-8"} to topic topic-906ca830_6348_4d2f_8ceb_db6442d7cdeb
2025-08-06 15:41:02,729 INFO  [io.api.tes.ser.api.KafkaSerdesTester] (Thread-662) Sending message {"key11754494857395": "value-9"} to topic topic-906ca830_6348_4d2f_8ceb_db6442d7cdeb
2025-08-06 15:41:02,731 INFO  [io.api.tes.ser.api.KafkaSerdesTester] (Thread-662) Produced 10 messages
2025-08-06 15:41:02,732 INFO  [org.apa.kaf.cli.con.int.ClassicKafkaConsumer] (Thread-663) [Consumer clientId=consumer-Consumer-topic-906ca830_6348_4d2f_8ceb_db6442d7cdeb-9, groupId=Consumer-topic-906ca830_6348_4d2f_8ceb_db6442d7cdeb] Subscribed to topic(s): topic-906ca830_6348_4d2f_8ceb_db6442d7cdeb
2025-08-06 15:41:02,763 INFO  [io.api.tes.ser.api.KafkaSerdesTester] (Thread-663) topic-906ca830_6348_4d2f_8ceb_db6442d7cdeb 0 10 {"key11754494857395": "value-0", "key21754494861608": "value-0"}
2025-08-06 15:41:02,763 INFO  [io.api.tes.ser.api.KafkaSerdesTester] (Thread-663) topic-906ca830_6348_4d2f_8ceb_db6442d7cdeb 0 11 {"key11754494857395": "value-1", "key21754494861608": "value-1"}
2025-08-06 15:41:02,763 INFO  [io.api.tes.ser.api.KafkaSerdesTester] (Thread-663) topic-906ca830_6348_4d2f_8ceb_db6442d7cdeb 0 12 {"key11754494857395": "value-2", "key21754494861608": "value-2"}
2025-08-06 15:41:02,763 INFO  [io.api.tes.ser.api.KafkaSerdesTester] (Thread-663) topic-906ca830_6348_4d2f_8ceb_db6442d7cdeb 0 13 {"key11754494857395": "value-3", "key21754494861608": "value-3"}
2025-08-06 15:41:02,763 INFO  [io.api.tes.ser.api.KafkaSerdesTester] (Thread-663) topic-906ca830_6348_4d2f_8ceb_db6442d7cdeb 0 14 {"key11754494857395": "value-4", "key21754494861608": "value-4"}
2025-08-06 15:41:02,763 INFO  [io.api.tes.ser.api.KafkaSerdesTester] (Thread-663) topic-906ca830_6348_4d2f_8ceb_db6442d7cdeb 0 15 {"key11754494857395": "value-5", "key21754494861608": "value-5"}
2025-08-06 15:41:02,763 INFO  [io.api.tes.ser.api.KafkaSerdesTester] (Thread-663) topic-906ca830_6348_4d2f_8ceb_db6442d7cdeb 0 16 {"key11754494857395": "value-6", "key21754494861608": "value-6"}
2025-08-06 15:41:02,763 INFO  [io.api.tes.ser.api.KafkaSerdesTester] (Thread-663) topic-906ca830_6348_4d2f_8ceb_db6442d7cdeb 0 17 {"key11754494857395": "value-7", "key21754494861608": "value-7"}
2025-08-06 15:41:02,763 INFO  [io.api.tes.ser.api.KafkaSerdesTester] (Thread-663) topic-906ca830_6348_4d2f_8ceb_db6442d7cdeb 0 18 {"key11754494857395": "value-8", "key21754494861608": "value-8"}
2025-08-06 15:41:02,763 INFO  [io.api.tes.ser.api.KafkaSerdesTester] (Thread-663) topic-906ca830_6348_4d2f_8ceb_db6442d7cdeb 0 19 {"key11754494857395": "value-9", "key21754494861608": "value-9"}
2025-08-06 15:41:02,763 INFO  [io.api.tes.ser.api.KafkaSerdesTester] (Thread-663) topic-906ca830_6348_4d2f_8ceb_db6442d7cdeb 0 20 {"key11754494857395": "value-0"}
2025-08-06 15:41:02,763 INFO  [io.api.tes.ser.api.KafkaSerdesTester] (Thread-663) topic-906ca830_6348_4d2f_8ceb_db6442d7cdeb 0 21 {"key11754494857395": "value-1"}
2025-08-06 15:41:02,763 INFO  [io.api.tes.ser.api.KafkaSerdesTester] (Thread-663) topic-906ca830_6348_4d2f_8ceb_db6442d7cdeb 0 22 {"key11754494857395": "value-2"}
2025-08-06 15:41:02,763 INFO  [io.api.tes.ser.api.KafkaSerdesTester] (Thread-663) topic-906ca830_6348_4d2f_8ceb_db6442d7cdeb 0 23 {"key11754494857395": "value-3"}
2025-08-06 15:41:02,763 INFO  [io.api.tes.ser.api.KafkaSerdesTester] (Thread-663) topic-906ca830_6348_4d2f_8ceb_db6442d7cdeb 0 24 {"key11754494857395": "value-4"}
2025-08-06 15:41:02,763 INFO  [io.api.tes.ser.api.KafkaSerdesTester] (Thread-663) topic-906ca830_6348_4d2f_8ceb_db6442d7cdeb 0 25 {"key11754494857395": "value-5"}
2025-08-06 15:41:02,763 INFO  [io.api.tes.ser.api.KafkaSerdesTester] (Thread-663) topic-906ca830_6348_4d2f_8ceb_db6442d7cdeb 0 26 {"key11754494857395": "value-6"}
2025-08-06 15:41:02,763 INFO  [io.api.tes.ser.api.KafkaSerdesTester] (Thread-663) topic-906ca830_6348_4d2f_8ceb_db6442d7cdeb 0 27 {"key11754494857395": "value-7"}
2025-08-06 15:41:02,763 INFO  [io.api.tes.ser.api.KafkaSerdesTester] (Thread-663) topic-906ca830_6348_4d2f_8ceb_db6442d7cdeb 0 28 {"key11754494857395": "value-8"}
2025-08-06 15:41:02,764 INFO  [io.api.tes.ser.api.KafkaSerdesTester] (Thread-663) topic-906ca830_6348_4d2f_8ceb_db6442d7cdeb 0 29 {"key11754494857395": "value-9"}
2025-08-06 15:41:02,764 INFO  [io.api.tes.ser.api.KafkaSerdesTester] (Thread-663) Consumed 20 messages
2025-08-06 15:41:02,764 INFO  [io.api.tes.ser.api.AvroSerdeIT] (main) Registering Avro Schema 3: {"type":"record","name":"s1dcc07a6xf58ax4088xb9bexae2cf880818b","namespace":"ns_ab087047_19bb_4ed5_b7a0_8793b414e6f9","fields":[{"name":"key11754494857395","type":"string"},{"name":"key21754494861608","type":"string"},{"name":"key31754494862764","type":"string"}]}
2025-08-06 15:41:03,825 INFO  [io.api.tes.ser.api.KafkaSerdesTester] (Thread-664) Sending message {"key11754494857395": "value-0", "key21754494861608": "value-0", "key31754494862764": "value-0"} to topic topic-906ca830_6348_4d2f_8ceb_db6442d7cdeb
2025-08-06 15:41:03,825 INFO  [DefaultSchemaResolver] (Thread-664) Retrieving schema content using string: {"type":"record","name":"s1dcc07a6xf58ax4088xb9bexae2cf880818b","namespace":"ns_ab087047_19bb_4ed5_b7a0_8793b414e6f9","fields":[{"name":"key11754494857395","type":"string"},{"name":"key21754494861608","type":"string"},{"name":"key31754494862764","type":"string"}]}
2025-08-06 15:41:03,842 INFO  [io.api.tes.ser.api.KafkaSerdesTester] (Thread-664) Sending message {"key11754494857395": "value-1", "key21754494861608": "value-1", "key31754494862764": "value-1"} to topic topic-906ca830_6348_4d2f_8ceb_db6442d7cdeb
2025-08-06 15:41:03,844 INFO  [io.api.tes.ser.api.KafkaSerdesTester] (Thread-664) Sending message {"key11754494857395": "value-2", "key21754494861608": "value-2", "key31754494862764": "value-2"} to topic topic-906ca830_6348_4d2f_8ceb_db6442d7cdeb
2025-08-06 15:41:03,846 INFO  [io.api.tes.ser.api.KafkaSerdesTester] (Thread-664) Sending message {"key11754494857395": "value-3", "key21754494861608": "value-3", "key31754494862764": "value-3"} to topic topic-906ca830_6348_4d2f_8ceb_db6442d7cdeb
2025-08-06 15:41:03,847 INFO  [io.api.tes.ser.api.KafkaSerdesTester] (Thread-664) Sending message {"key11754494857395": "value-4", "key21754494861608": "value-4", "key31754494862764": "value-4"} to topic topic-906ca830_6348_4d2f_8ceb_db6442d7cdeb
2025-08-06 15:41:03,849 INFO  [io.api.tes.ser.api.KafkaSerdesTester] (Thread-664) Sending message {"key11754494857395": "value-5", "key21754494861608": "value-5", "key31754494862764": "value-5"} to topic topic-906ca830_6348_4d2f_8ceb_db6442d7cdeb
2025-08-06 15:41:03,850 INFO  [io.api.tes.ser.api.KafkaSerdesTester] (Thread-664) Sending message {"key11754494857395": "value-6", "key21754494861608": "value-6", "key31754494862764": "value-6"} to topic topic-906ca830_6348_4d2f_8ceb_db6442d7cdeb
2025-08-06 15:41:03,852 INFO  [io.api.tes.ser.api.KafkaSerdesTester] (Thread-664) Sending message {"key11754494857395": "value-7", "key21754494861608": "value-7", "key31754494862764": "value-7"} to topic topic-906ca830_6348_4d2f_8ceb_db6442d7cdeb
2025-08-06 15:41:03,854 INFO  [io.api.tes.ser.api.KafkaSerdesTester] (Thread-664) Sending message {"key11754494857395": "value-8", "key21754494861608": "value-8", "key31754494862764": "value-8"} to topic topic-906ca830_6348_4d2f_8ceb_db6442d7cdeb
2025-08-06 15:41:03,856 INFO  [io.api.tes.ser.api.KafkaSerdesTester] (Thread-664) Sending message {"key11754494857395": "value-9", "key21754494861608": "value-9", "key31754494862764": "value-9"} to topic topic-906ca830_6348_4d2f_8ceb_db6442d7cdeb
2025-08-06 15:41:03,857 INFO  [io.api.tes.ser.api.KafkaSerdesTester] (Thread-664) Produced 10 messages
2025-08-06 15:41:03,857 INFO  [io.api.tes.ser.api.KafkaSerdesTester] (Thread-665) Sending message {"key11754494857395": "value-0", "key21754494861608": "value-0"} to topic topic-906ca830_6348_4d2f_8ceb_db6442d7cdeb
2025-08-06 15:41:03,859 INFO  [io.api.tes.ser.api.KafkaSerdesTester] (Thread-665) Sending message {"key11754494857395": "value-1", "key21754494861608": "value-1"} to topic topic-906ca830_6348_4d2f_8ceb_db6442d7cdeb
2025-08-06 15:41:03,860 INFO  [io.api.tes.ser.api.KafkaSerdesTester] (Thread-665) Sending message {"key11754494857395": "value-2", "key21754494861608": "value-2"} to topic topic-906ca830_6348_4d2f_8ceb_db6442d7cdeb
2025-08-06 15:41:03,862 INFO  [io.api.tes.ser.api.KafkaSerdesTester] (Thread-665) Sending message {"key11754494857395": "value-3", "key21754494861608": "value-3"} to topic topic-906ca830_6348_4d2f_8ceb_db6442d7cdeb
2025-08-06 15:41:03,864 INFO  [io.api.tes.ser.api.KafkaSerdesTester] (Thread-665) Sending message {"key11754494857395": "value-4", "key21754494861608": "value-4"} to topic topic-906ca830_6348_4d2f_8ceb_db6442d7cdeb
2025-08-06 15:41:03,867 INFO  [io.api.tes.ser.api.KafkaSerdesTester] (Thread-665) Sending message {"key11754494857395": "value-5", "key21754494861608": "value-5"} to topic topic-906ca830_6348_4d2f_8ceb_db6442d7cdeb
2025-08-06 15:41:03,868 INFO  [io.api.tes.ser.api.KafkaSerdesTester] (Thread-665) Sending message {"key11754494857395": "value-6", "key21754494861608": "value-6"} to topic topic-906ca830_6348_4d2f_8ceb_db6442d7cdeb
2025-08-06 15:41:03,869 INFO  [io.api.tes.ser.api.KafkaSerdesTester] (Thread-665) Sending message {"key11754494857395": "value-7", "key21754494861608": "value-7"} to topic topic-906ca830_6348_4d2f_8ceb_db6442d7cdeb
2025-08-06 15:41:03,874 INFO  [io.api.tes.ser.api.KafkaSerdesTester] (Thread-665) Sending message {"key11754494857395": "value-8", "key21754494861608": "value-8"} to topic topic-906ca830_6348_4d2f_8ceb_db6442d7cdeb
2025-08-06 15:41:03,875 INFO  [io.api.tes.ser.api.KafkaSerdesTester] (Thread-665) Sending message {"key11754494857395": "value-9", "key21754494861608": "value-9"} to topic topic-906ca830_6348_4d2f_8ceb_db6442d7cdeb
2025-08-06 15:41:03,877 INFO  [io.api.tes.ser.api.KafkaSerdesTester] (Thread-665) Produced 10 messages
2025-08-06 15:41:03,877 INFO  [io.api.tes.ser.api.KafkaSerdesTester] (Thread-666) Sending message {"key11754494857395": "value-0"} to topic topic-906ca830_6348_4d2f_8ceb_db6442d7cdeb
2025-08-06 15:41:03,879 INFO  [io.api.tes.ser.api.KafkaSerdesTester] (Thread-666) Sending message {"key11754494857395": "value-1"} to topic topic-906ca830_6348_4d2f_8ceb_db6442d7cdeb
2025-08-06 15:41:03,881 INFO  [io.api.tes.ser.api.KafkaSerdesTester] (Thread-666) Sending message {"key11754494857395": "value-2"} to topic topic-906ca830_6348_4d2f_8ceb_db6442d7cdeb
2025-08-06 15:41:03,883 INFO  [io.api.tes.ser.api.KafkaSerdesTester] (Thread-666) Sending message {"key11754494857395": "value-3"} to topic topic-906ca830_6348_4d2f_8ceb_db6442d7cdeb
2025-08-06 15:41:03,884 INFO  [io.api.tes.ser.api.KafkaSerdesTester] (Thread-666) Sending message {"key11754494857395": "value-4"} to topic topic-906ca830_6348_4d2f_8ceb_db6442d7cdeb
2025-08-06 15:41:03,886 INFO  [io.api.tes.ser.api.KafkaSerdesTester] (Thread-666) Sending message {"key11754494857395": "value-5"} to topic topic-906ca830_6348_4d2f_8ceb_db6442d7cdeb
2025-08-06 15:41:03,887 INFO  [io.api.tes.ser.api.KafkaSerdesTester] (Thread-666) Sending message {"key11754494857395": "value-6"} to topic topic-906ca830_6348_4d2f_8ceb_db6442d7cdeb
2025-08-06 15:41:03,888 INFO  [io.api.tes.ser.api.KafkaSerdesTester] (Thread-666) Sending message {"key11754494857395": "value-7"} to topic topic-906ca830_6348_4d2f_8ceb_db6442d7cdeb
2025-08-06 15:41:03,890 INFO  [io.api.tes.ser.api.KafkaSerdesTester] (Thread-666) Sending message {"key11754494857395": "value-8"} to topic topic-906ca830_6348_4d2f_8ceb_db6442d7cdeb
2025-08-06 15:41:03,891 INFO  [io.api.tes.ser.api.KafkaSerdesTester] (Thread-666) Sending message {"key11754494857395": "value-9"} to topic topic-906ca830_6348_4d2f_8ceb_db6442d7cdeb
2025-08-06 15:41:03,893 INFO  [io.api.tes.ser.api.KafkaSerdesTester] (Thread-666) Produced 10 messages
2025-08-06 15:41:03,894 INFO  [org.apa.kaf.cli.con.int.ClassicKafkaConsumer] (Thread-667) [Consumer clientId=consumer-Consumer-topic-906ca830_6348_4d2f_8ceb_db6442d7cdeb-9, groupId=Consumer-topic-906ca830_6348_4d2f_8ceb_db6442d7cdeb] Subscribed to topic(s): topic-906ca830_6348_4d2f_8ceb_db6442d7cdeb
2025-08-06 15:41:03,927 INFO  [io.api.tes.ser.api.KafkaSerdesTester] (Thread-667) topic-906ca830_6348_4d2f_8ceb_db6442d7cdeb 0 30 {"key11754494857395": "value-0", "key21754494861608": "value-0", "key31754494862764": "value-0"}
2025-08-06 15:41:03,927 INFO  [io.api.tes.ser.api.KafkaSerdesTester] (Thread-667) topic-906ca830_6348_4d2f_8ceb_db6442d7cdeb 0 31 {"key11754494857395": "value-1", "key21754494861608": "value-1", "key31754494862764": "value-1"}
2025-08-06 15:41:03,927 INFO  [io.api.tes.ser.api.KafkaSerdesTester] (Thread-667) topic-906ca830_6348_4d2f_8ceb_db6442d7cdeb 0 32 {"key11754494857395": "value-2", "key21754494861608": "value-2", "key31754494862764": "value-2"}
2025-08-06 15:41:03,927 INFO  [io.api.tes.ser.api.KafkaSerdesTester] (Thread-667) topic-906ca830_6348_4d2f_8ceb_db6442d7cdeb 0 33 {"key11754494857395": "value-3", "key21754494861608": "value-3", "key31754494862764": "value-3"}
2025-08-06 15:41:03,927 INFO  [io.api.tes.ser.api.KafkaSerdesTester] (Thread-667) topic-906ca830_6348_4d2f_8ceb_db6442d7cdeb 0 34 {"key11754494857395": "value-4", "key21754494861608": "value-4", "key31754494862764": "value-4"}
2025-08-06 15:41:03,927 INFO  [io.api.tes.ser.api.KafkaSerdesTester] (Thread-667) topic-906ca830_6348_4d2f_8ceb_db6442d7cdeb 0 35 {"key11754494857395": "value-5", "key21754494861608": "value-5", "key31754494862764": "value-5"}
2025-08-06 15:41:03,927 INFO  [io.api.tes.ser.api.KafkaSerdesTester] (Thread-667) topic-906ca830_6348_4d2f_8ceb_db6442d7cdeb 0 36 {"key11754494857395": "value-6", "key21754494861608": "value-6", "key31754494862764": "value-6"}
2025-08-06 15:41:03,927 INFO  [io.api.tes.ser.api.KafkaSerdesTester] (Thread-667) topic-906ca830_6348_4d2f_8ceb_db6442d7cdeb 0 37 {"key11754494857395": "value-7", "key21754494861608": "value-7", "key31754494862764": "value-7"}
2025-08-06 15:41:03,927 INFO  [io.api.tes.ser.api.KafkaSerdesTester] (Thread-667) topic-906ca830_6348_4d2f_8ceb_db6442d7cdeb 0 38 {"key11754494857395": "value-8", "key21754494861608": "value-8", "key31754494862764": "value-8"}
2025-08-06 15:41:03,927 INFO  [io.api.tes.ser.api.KafkaSerdesTester] (Thread-667) topic-906ca830_6348_4d2f_8ceb_db6442d7cdeb 0 39 {"key11754494857395": "value-9", "key21754494861608": "value-9", "key31754494862764": "value-9"}
2025-08-06 15:41:03,927 INFO  [io.api.tes.ser.api.KafkaSerdesTester] (Thread-667) topic-906ca830_6348_4d2f_8ceb_db6442d7cdeb 0 40 {"key11754494857395": "value-0", "key21754494861608": "value-0"}
2025-08-06 15:41:03,927 INFO  [io.api.tes.ser.api.KafkaSerdesTester] (Thread-667) topic-906ca830_6348_4d2f_8ceb_db6442d7cdeb 0 41 {"key11754494857395": "value-1", "key21754494861608": "value-1"}
2025-08-06 15:41:03,927 INFO  [io.api.tes.ser.api.KafkaSerdesTester] (Thread-667) topic-906ca830_6348_4d2f_8ceb_db6442d7cdeb 0 42 {"key11754494857395": "value-2", "key21754494861608": "value-2"}
2025-08-06 15:41:03,927 INFO  [io.api.tes.ser.api.KafkaSerdesTester] (Thread-667) topic-906ca830_6348_4d2f_8ceb_db6442d7cdeb 0 43 {"key11754494857395": "value-3", "key21754494861608": "value-3"}
2025-08-06 15:41:03,928 INFO  [io.api.tes.ser.api.KafkaSerdesTester] (Thread-667) topic-906ca830_6348_4d2f_8ceb_db6442d7cdeb 0 44 {"key11754494857395": "value-4", "key21754494861608": "value-4"}
2025-08-06 15:41:03,928 INFO  [io.api.tes.ser.api.KafkaSerdesTester] (Thread-667) topic-906ca830_6348_4d2f_8ceb_db6442d7cdeb 0 45 {"key11754494857395": "value-5", "key21754494861608": "value-5"}
2025-08-06 15:41:03,928 INFO  [io.api.tes.ser.api.KafkaSerdesTester] (Thread-667) topic-906ca830_6348_4d2f_8ceb_db6442d7cdeb 0 46 {"key11754494857395": "value-6", "key21754494861608": "value-6"}
2025-08-06 15:41:03,928 INFO  [io.api.tes.ser.api.KafkaSerdesTester] (Thread-667) topic-906ca830_6348_4d2f_8ceb_db6442d7cdeb 0 47 {"key11754494857395": "value-7", "key21754494861608": "value-7"}
2025-08-06 15:41:03,928 INFO  [io.api.tes.ser.api.KafkaSerdesTester] (Thread-667) topic-906ca830_6348_4d2f_8ceb_db6442d7cdeb 0 48 {"key11754494857395": "value-8", "key21754494861608": "value-8"}
2025-08-06 15:41:03,928 INFO  [io.api.tes.ser.api.KafkaSerdesTester] (Thread-667) topic-906ca830_6348_4d2f_8ceb_db6442d7cdeb 0 49 {"key11754494857395": "value-9", "key21754494861608": "value-9"}
2025-08-06 15:41:03,928 INFO  [io.api.tes.ser.api.KafkaSerdesTester] (Thread-667) topic-906ca830_6348_4d2f_8ceb_db6442d7cdeb 0 50 {"key11754494857395": "value-0"}
2025-08-06 15:41:03,928 INFO  [io.api.tes.ser.api.KafkaSerdesTester] (Thread-667) topic-906ca830_6348_4d2f_8ceb_db6442d7cdeb 0 51 {"key11754494857395": "value-1"}
2025-08-06 15:41:03,928 INFO  [io.api.tes.ser.api.KafkaSerdesTester] (Thread-667) topic-906ca830_6348_4d2f_8ceb_db6442d7cdeb 0 52 {"key11754494857395": "value-2"}
2025-08-06 15:41:03,928 INFO  [io.api.tes.ser.api.KafkaSerdesTester] (Thread-667) topic-906ca830_6348_4d2f_8ceb_db6442d7cdeb 0 53 {"key11754494857395": "value-3"}
2025-08-06 15:41:03,928 INFO  [io.api.tes.ser.api.KafkaSerdesTester] (Thread-667) topic-906ca830_6348_4d2f_8ceb_db6442d7cdeb 0 54 {"key11754494857395": "value-4"}
2025-08-06 15:41:03,928 INFO  [io.api.tes.ser.api.KafkaSerdesTester] (Thread-667) topic-906ca830_6348_4d2f_8ceb_db6442d7cdeb 0 55 {"key11754494857395": "value-5"}
2025-08-06 15:41:03,928 INFO  [io.api.tes.ser.api.KafkaSerdesTester] (Thread-667) topic-906ca830_6348_4d2f_8ceb_db6442d7cdeb 0 56 {"key11754494857395": "value-6"}
2025-08-06 15:41:03,928 INFO  [io.api.tes.ser.api.KafkaSerdesTester] (Thread-667) topic-906ca830_6348_4d2f_8ceb_db6442d7cdeb 0 57 {"key11754494857395": "value-7"}
2025-08-06 15:41:03,928 INFO  [io.api.tes.ser.api.KafkaSerdesTester] (Thread-667) topic-906ca830_6348_4d2f_8ceb_db6442d7cdeb 0 58 {"key11754494857395": "value-8"}
2025-08-06 15:41:03,928 INFO  [io.api.tes.ser.api.KafkaSerdesTester] (Thread-667) topic-906ca830_6348_4d2f_8ceb_db6442d7cdeb 0 59 {"key11754494857395": "value-9"}
2025-08-06 15:41:03,928 INFO  [io.api.tes.ser.api.KafkaSerdesTester] (Thread-667) Consumed 30 messages
2025-08-06 15:41:03,929 INFO  [org.apa.kaf.cli.pro.KafkaProducer] (main) [Producer clientId=Producer-topic-906ca830_6348_4d2f_8ceb_db6442d7cdeb] Closing the Kafka producer with timeoutMillis = 9223372036854775807 ms.
2025-08-06 15:41:03,933 INFO  [org.apa.kaf.com.met.Metrics] (main) Metrics scheduler closed
2025-08-06 15:41:03,933 INFO  [org.apa.kaf.com.met.Metrics] (main) Closing reporter org.apache.kafka.common.metrics.JmxReporter
2025-08-06 15:41:03,933 INFO  [org.apa.kaf.com.met.Metrics] (main) Closing reporter org.apache.kafka.common.telemetry.internals.ClientTelemetryReporter
2025-08-06 15:41:03,933 INFO  [org.apa.kaf.com.met.Metrics] (main) Metrics reporters closed
2025-08-06 15:41:03,933 INFO  [org.apa.kaf.com.uti.AppInfoParser] (main) App info kafka.producer for Producer-topic-906ca830_6348_4d2f_8ceb_db6442d7cdeb unregistered
2025-08-06 15:41:03,941 INFO  [org.apa.kaf.cli.con.int.ConsumerRebalanceListenerInvoker] (main) [Consumer clientId=consumer-Consumer-topic-906ca830_6348_4d2f_8ceb_db6442d7cdeb-9, groupId=Consumer-topic-906ca830_6348_4d2f_8ceb_db6442d7cdeb] Revoke previously assigned partitions topic-906ca830_6348_4d2f_8ceb_db6442d7cdeb-0
2025-08-06 15:41:03,941 INFO  [org.apa.kaf.cli.con.int.ConsumerCoordinator] (main) [Consumer clientId=consumer-Consumer-topic-906ca830_6348_4d2f_8ceb_db6442d7cdeb-9, groupId=Consumer-topic-906ca830_6348_4d2f_8ceb_db6442d7cdeb] Member consumer-Consumer-topic-906ca830_6348_4d2f_8ceb_db6442d7cdeb-9-0f6a74ba-f4f8-4ceb-9e8e-ff588940e53d sending LeaveGroup request to coordinator localhost:32769 (id: 2147483647 rack: null) due to the consumer is being closed
2025-08-06 15:41:03,941 INFO  [org.apa.kaf.cli.con.int.ConsumerCoordinator] (main) [Consumer clientId=consumer-Consumer-topic-906ca830_6348_4d2f_8ceb_db6442d7cdeb-9, groupId=Consumer-topic-906ca830_6348_4d2f_8ceb_db6442d7cdeb] Resetting generation and member id due to: consumer pro-actively leaving the group
2025-08-06 15:41:03,942 INFO  [org.apa.kaf.cli.con.int.ConsumerCoordinator] (main) [Consumer clientId=consumer-Consumer-topic-906ca830_6348_4d2f_8ceb_db6442d7cdeb-9, groupId=Consumer-topic-906ca830_6348_4d2f_8ceb_db6442d7cdeb] Request joining group due to: consumer pro-actively leaving the group
2025-08-06 15:41:04,429 INFO  [org.apa.kaf.com.met.Metrics] (main) Metrics scheduler closed
2025-08-06 15:41:04,429 INFO  [org.apa.kaf.com.met.Metrics] (main) Closing reporter org.apache.kafka.common.metrics.JmxReporter
2025-08-06 15:41:04,429 INFO  [org.apa.kaf.com.met.Metrics] (main) Closing reporter org.apache.kafka.common.telemetry.internals.ClientTelemetryReporter
2025-08-06 15:41:04,429 INFO  [org.apa.kaf.com.met.Metrics] (main) Metrics reporters closed
2025-08-06 15:41:04,432 INFO  [org.apa.kaf.com.uti.AppInfoParser] (main) App info kafka.consumer for consumer-Consumer-topic-906ca830_6348_4d2f_8ceb_db6442d7cdeb-9 unregistered
2025-08-06 15:41:04,432 INFO  [io.api.tes.uti.TestSeparator] (main) io.apicurio.tests.serdes.apicurio.AvroSerdeIT.testEvolveAvroApicurioReusingClient-FINISHED
2025-08-06 15:41:04,432 INFO  [io.api.tes.uti.TestSeparator] (main) ############################################################################
Test passed: testEvolveAvroApicurioReusingClient
]]></system-out>
  </testcase>
  <testcase name="testProducerUsesDefaultConsumerUsesGlobalId" classname="io.apicurio.tests.serdes.apicurio.AvroSerdeIT" time="0.0">
    <skipped message="void io.apicurio.tests.serdes.apicurio.AvroSerdeIT.testProducerUsesDefaultConsumerUsesGlobalId() throws java.lang.Exception is @Disabled"/>
  </testcase>
  <testcase name="testEvolveAvroApicurio" classname="io.apicurio.tests.serdes.apicurio.AvroSerdeIT" time="14.481">
    <system-out><![CDATA[2025-08-06 15:41:04,437 INFO  [io.api.tes.uti.TestSeparator] (main) ############################################################################
2025-08-06 15:41:04,437 INFO  [io.api.tes.uti.TestSeparator] (main) io.apicurio.tests.serdes.apicurio.AvroSerdeIT.testEvolveAvroApicurio-STARTED
2025-08-06 15:41:04,439 INFO  [io.api.tes.ser.api.AvroSerdeIT] (main) Registering Avro Schema: {"type":"record","name":"s1e3f7b8bx2462x489exb84bx7a471d4fce8e","namespace":"ns_82e72980_c08e_42e4_aaae_7d2eb513ab75","fields":[{"name":"key11754494864437","type":"string"}]}
**** Registry Base URL: http://registry-app-ksql047.apps.ci419.apicurio-testing.org:80
2025-08-06 15:41:05,508 INFO  [org.apa.kaf.cli.pro.ProducerConfig] (main) ProducerConfig values: 
	acks = -1
	auto.include.jmx.reporter = true
	batch.size = 16384
	bootstrap.servers = [PLAINTEXT://localhost:32769]
	buffer.memory = 33554432
	client.dns.lookup = use_all_dns_ips
	client.id = Producer-topic-27c1b4ed_74b1_4663_84ae_69c156e80b98
	compression.gzip.level = -1
	compression.lz4.level = 9
	compression.type = none
	compression.zstd.level = 3
	connections.max.idle.ms = 10000
	delivery.timeout.ms = 120000
	enable.idempotence = true
	enable.metrics.push = true
	interceptor.classes = []
	key.serializer = class org.apache.kafka.common.serialization.StringSerializer
	linger.ms = 0
	max.block.ms = 60000
	max.in.flight.requests.per.connection = 5
	max.request.size = 1048576
	metadata.max.age.ms = 300000
	metadata.max.idle.ms = 300000
	metadata.recovery.strategy = none
	metric.reporters = []
	metrics.num.samples = 2
	metrics.recording.level = INFO
	metrics.sample.window.ms = 30000
	partitioner.adaptive.partitioning.enable = true
	partitioner.availability.timeout.ms = 0
	partitioner.class = null
	partitioner.ignore.keys = false
	receive.buffer.bytes = 32768
	reconnect.backoff.max.ms = 1000
	reconnect.backoff.ms = 50
	request.timeout.ms = 5000
	retries = 2147483647
	retry.backoff.max.ms = 1000
	retry.backoff.ms = 100
	sasl.client.callback.handler.class = null
	sasl.jaas.config = null
	sasl.kerberos.kinit.cmd = /usr/bin/kinit
	sasl.kerberos.min.time.before.relogin = 60000
	sasl.kerberos.service.name = null
	sasl.kerberos.ticket.renew.jitter = 0.05
	sasl.kerberos.ticket.renew.window.factor = 0.8
	sasl.login.callback.handler.class = null
	sasl.login.class = null
	sasl.login.connect.timeout.ms = null
	sasl.login.read.timeout.ms = null
	sasl.login.refresh.buffer.seconds = 300
	sasl.login.refresh.min.period.seconds = 60
	sasl.login.refresh.window.factor = 0.8
	sasl.login.refresh.window.jitter = 0.05
	sasl.login.retry.backoff.max.ms = 10000
	sasl.login.retry.backoff.ms = 100
	sasl.mechanism = GSSAPI
	sasl.oauthbearer.clock.skew.seconds = 30
	sasl.oauthbearer.expected.audience = null
	sasl.oauthbearer.expected.issuer = null
	sasl.oauthbearer.header.urlencode = false
	sasl.oauthbearer.jwks.endpoint.refresh.ms = 3600000
	sasl.oauthbearer.jwks.endpoint.retry.backoff.max.ms = 10000
	sasl.oauthbearer.jwks.endpoint.retry.backoff.ms = 100
	sasl.oauthbearer.jwks.endpoint.url = null
	sasl.oauthbearer.scope.claim.name = scope
	sasl.oauthbearer.sub.claim.name = sub
	sasl.oauthbearer.token.endpoint.url = null
	security.protocol = PLAINTEXT
	security.providers = null
	send.buffer.bytes = 131072
	socket.connection.setup.timeout.max.ms = 30000
	socket.connection.setup.timeout.ms = 10000
	ssl.cipher.suites = null
	ssl.enabled.protocols = [TLSv1.2, TLSv1.3]
	ssl.endpoint.identification.algorithm = https
	ssl.engine.factory.class = null
	ssl.key.password = null
	ssl.keymanager.algorithm = SunX509
	ssl.keystore.certificate.chain = null
	ssl.keystore.key = null
	ssl.keystore.location = null
	ssl.keystore.password = null
	ssl.keystore.type = JKS
	ssl.protocol = TLSv1.3
	ssl.provider = null
	ssl.secure.random.implementation = null
	ssl.trustmanager.algorithm = PKIX
	ssl.truststore.certificates = null
	ssl.truststore.location = null
	ssl.truststore.password = null
	ssl.truststore.type = JKS
	transaction.timeout.ms = 60000
	transactional.id = null
	value.serializer = class io.apicurio.registry.serde.avro.AvroKafkaSerializer

2025-08-06 15:41:05,509 INFO  [org.apa.kaf.com.tel.int.KafkaMetricsCollector] (main) initializing Kafka metrics collector
2025-08-06 15:41:05,512 INFO  [org.apa.kaf.cli.pro.KafkaProducer] (main) [Producer clientId=Producer-topic-27c1b4ed_74b1_4663_84ae_69c156e80b98] Instantiated an idempotent producer.
2025-08-06 15:41:05,514 INFO  [org.apa.kaf.cli.pro.ProducerConfig] (main) These configurations '[apicurio.registry.url, apicurio.registry.artifact-resolver-strategy]' were supplied but are not used yet.
2025-08-06 15:41:05,514 INFO  [org.apa.kaf.com.uti.AppInfoParser] (main) Kafka version: 3.9.1
2025-08-06 15:41:05,514 INFO  [org.apa.kaf.com.uti.AppInfoParser] (main) Kafka commitId: f745dfdcee2b9851
2025-08-06 15:41:05,514 INFO  [org.apa.kaf.com.uti.AppInfoParser] (main) Kafka startTimeMs: 1754494865514
**** Registry Base URL: http://registry-app-ksql047.apps.ci419.apicurio-testing.org:80
2025-08-06 15:41:05,515 INFO  [org.apa.kaf.cli.con.ConsumerConfig] (main) ConsumerConfig values: 
	allow.auto.create.topics = true
	auto.commit.interval.ms = 500
	auto.include.jmx.reporter = true
	auto.offset.reset = earliest
	bootstrap.servers = [PLAINTEXT://localhost:32769]
	check.crcs = true
	client.dns.lookup = use_all_dns_ips
	client.id = consumer-Consumer-topic-27c1b4ed_74b1_4663_84ae_69c156e80b98-10
	client.rack = 
	connections.max.idle.ms = 10000
	default.api.timeout.ms = 60000
	enable.auto.commit = true
	enable.metrics.push = true
	exclude.internal.topics = true
	fetch.max.bytes = 52428800
	fetch.max.wait.ms = 500
	fetch.min.bytes = 1
	group.id = Consumer-topic-27c1b4ed_74b1_4663_84ae_69c156e80b98
	group.instance.id = null
	group.protocol = classic
	group.remote.assignor = null
	heartbeat.interval.ms = 3000
	interceptor.classes = []
	internal.leave.group.on.close = true
	internal.throw.on.fetch.stable.offset.unsupported = false
	isolation.level = read_uncommitted
	key.deserializer = class org.apache.kafka.common.serialization.StringDeserializer
	max.partition.fetch.bytes = 1048576
	max.poll.interval.ms = 300000
	max.poll.records = 500
	metadata.max.age.ms = 300000
	metadata.recovery.strategy = none
	metric.reporters = []
	metrics.num.samples = 2
	metrics.recording.level = INFO
	metrics.sample.window.ms = 30000
	partition.assignment.strategy = [class org.apache.kafka.clients.consumer.RangeAssignor, class org.apache.kafka.clients.consumer.CooperativeStickyAssignor]
	receive.buffer.bytes = 65536
	reconnect.backoff.max.ms = 1000
	reconnect.backoff.ms = 50
	request.timeout.ms = 5000
	retry.backoff.max.ms = 1000
	retry.backoff.ms = 100
	sasl.client.callback.handler.class = null
	sasl.jaas.config = null
	sasl.kerberos.kinit.cmd = /usr/bin/kinit
	sasl.kerberos.min.time.before.relogin = 60000
	sasl.kerberos.service.name = null
	sasl.kerberos.ticket.renew.jitter = 0.05
	sasl.kerberos.ticket.renew.window.factor = 0.8
	sasl.login.callback.handler.class = null
	sasl.login.class = null
	sasl.login.connect.timeout.ms = null
	sasl.login.read.timeout.ms = null
	sasl.login.refresh.buffer.seconds = 300
	sasl.login.refresh.min.period.seconds = 60
	sasl.login.refresh.window.factor = 0.8
	sasl.login.refresh.window.jitter = 0.05
	sasl.login.retry.backoff.max.ms = 10000
	sasl.login.retry.backoff.ms = 100
	sasl.mechanism = GSSAPI
	sasl.oauthbearer.clock.skew.seconds = 30
	sasl.oauthbearer.expected.audience = null
	sasl.oauthbearer.expected.issuer = null
	sasl.oauthbearer.header.urlencode = false
	sasl.oauthbearer.jwks.endpoint.refresh.ms = 3600000
	sasl.oauthbearer.jwks.endpoint.retry.backoff.max.ms = 10000
	sasl.oauthbearer.jwks.endpoint.retry.backoff.ms = 100
	sasl.oauthbearer.jwks.endpoint.url = null
	sasl.oauthbearer.scope.claim.name = scope
	sasl.oauthbearer.sub.claim.name = sub
	sasl.oauthbearer.token.endpoint.url = null
	security.protocol = PLAINTEXT
	security.providers = null
	send.buffer.bytes = 131072
	session.timeout.ms = 45000
	socket.connection.setup.timeout.max.ms = 30000
	socket.connection.setup.timeout.ms = 10000
	ssl.cipher.suites = null
	ssl.enabled.protocols = [TLSv1.2, TLSv1.3]
	ssl.endpoint.identification.algorithm = https
	ssl.engine.factory.class = null
	ssl.key.password = null
	ssl.keymanager.algorithm = SunX509
	ssl.keystore.certificate.chain = null
	ssl.keystore.key = null
	ssl.keystore.location = null
	ssl.keystore.password = null
	ssl.keystore.type = JKS
	ssl.protocol = TLSv1.3
	ssl.provider = null
	ssl.secure.random.implementation = null
	ssl.trustmanager.algorithm = PKIX
	ssl.truststore.certificates = null
	ssl.truststore.location = null
	ssl.truststore.password = null
	ssl.truststore.type = JKS
	value.deserializer = class io.apicurio.registry.serde.avro.AvroKafkaDeserializer

2025-08-06 15:41:05,515 INFO  [org.apa.kaf.com.tel.int.KafkaMetricsCollector] (main) initializing Kafka metrics collector
2025-08-06 15:41:05,520 INFO  [org.apa.kaf.cli.Metadata] (kafka-producer-network-thread | Producer-topic-27c1b4ed_74b1_4663_84ae_69c156e80b98) [Producer clientId=Producer-topic-27c1b4ed_74b1_4663_84ae_69c156e80b98] Cluster ID: QWxucHVARmyNXcabXl68yQ
2025-08-06 15:41:05,521 INFO  [org.apa.kaf.cli.pro.int.TransactionManager] (kafka-producer-network-thread | Producer-topic-27c1b4ed_74b1_4663_84ae_69c156e80b98) [Producer clientId=Producer-topic-27c1b4ed_74b1_4663_84ae_69c156e80b98] ProducerId set to 12 with epoch 0
2025-08-06 15:41:05,527 INFO  [org.apa.kaf.cli.con.ConsumerConfig] (main) These configurations '[apicurio.registry.url]' were supplied but are not used yet.
2025-08-06 15:41:05,528 INFO  [org.apa.kaf.com.uti.AppInfoParser] (main) Kafka version: 3.9.1
2025-08-06 15:41:05,528 INFO  [org.apa.kaf.com.uti.AppInfoParser] (main) Kafka commitId: f745dfdcee2b9851
2025-08-06 15:41:05,528 INFO  [org.apa.kaf.com.uti.AppInfoParser] (main) Kafka startTimeMs: 1754494865528
2025-08-06 15:41:05,528 INFO  [io.api.tes.ser.api.KafkaSerdesTester] (Thread-672) Sending message {"key11754494864437": "value-0"} to topic topic-27c1b4ed_74b1_4663_84ae_69c156e80b98
2025-08-06 15:41:05,539 INFO  [DefaultSchemaResolver] (Thread-672) Retrieving schema content using string: {"type":"record","name":"s1e3f7b8bx2462x489exb84bx7a471d4fce8e","namespace":"ns_82e72980_c08e_42e4_aaae_7d2eb513ab75","fields":[{"name":"key11754494864437","type":"string"}]}
2025-08-06 15:41:05,577 INFO  [io.api.tes.ser.api.KafkaSerdesTester] (Thread-672) Sending message {"key11754494864437": "value-1"} to topic topic-27c1b4ed_74b1_4663_84ae_69c156e80b98
2025-08-06 15:41:05,580 INFO  [io.api.tes.ser.api.KafkaSerdesTester] (Thread-672) Sending message {"key11754494864437": "value-2"} to topic topic-27c1b4ed_74b1_4663_84ae_69c156e80b98
2025-08-06 15:41:05,582 INFO  [io.api.tes.ser.api.KafkaSerdesTester] (Thread-672) Sending message {"key11754494864437": "value-3"} to topic topic-27c1b4ed_74b1_4663_84ae_69c156e80b98
2025-08-06 15:41:05,584 INFO  [io.api.tes.ser.api.KafkaSerdesTester] (Thread-672) Sending message {"key11754494864437": "value-4"} to topic topic-27c1b4ed_74b1_4663_84ae_69c156e80b98
2025-08-06 15:41:05,588 INFO  [io.api.tes.ser.api.KafkaSerdesTester] (Thread-672) Sending message {"key11754494864437": "value-5"} to topic topic-27c1b4ed_74b1_4663_84ae_69c156e80b98
2025-08-06 15:41:05,589 INFO  [io.api.tes.ser.api.KafkaSerdesTester] (Thread-672) Sending message {"key11754494864437": "value-6"} to topic topic-27c1b4ed_74b1_4663_84ae_69c156e80b98
2025-08-06 15:41:05,592 INFO  [io.api.tes.ser.api.KafkaSerdesTester] (Thread-672) Sending message {"key11754494864437": "value-7"} to topic topic-27c1b4ed_74b1_4663_84ae_69c156e80b98
2025-08-06 15:41:05,594 INFO  [io.api.tes.ser.api.KafkaSerdesTester] (Thread-672) Sending message {"key11754494864437": "value-8"} to topic topic-27c1b4ed_74b1_4663_84ae_69c156e80b98
2025-08-06 15:41:05,596 INFO  [io.api.tes.ser.api.KafkaSerdesTester] (Thread-672) Sending message {"key11754494864437": "value-9"} to topic topic-27c1b4ed_74b1_4663_84ae_69c156e80b98
2025-08-06 15:41:05,598 INFO  [io.api.tes.ser.api.KafkaSerdesTester] (Thread-672) Produced 10 messages
2025-08-06 15:41:05,598 INFO  [org.apa.kaf.cli.pro.KafkaProducer] (Thread-672) [Producer clientId=Producer-topic-27c1b4ed_74b1_4663_84ae_69c156e80b98] Closing the Kafka producer with timeoutMillis = 9223372036854775807 ms.
2025-08-06 15:41:05,600 INFO  [org.apa.kaf.com.met.Metrics] (Thread-672) Metrics scheduler closed
2025-08-06 15:41:05,600 INFO  [org.apa.kaf.com.met.Metrics] (Thread-672) Closing reporter org.apache.kafka.common.metrics.JmxReporter
2025-08-06 15:41:05,600 INFO  [org.apa.kaf.com.met.Metrics] (Thread-672) Closing reporter org.apache.kafka.common.telemetry.internals.ClientTelemetryReporter
2025-08-06 15:41:05,600 INFO  [org.apa.kaf.com.met.Metrics] (Thread-672) Metrics reporters closed
2025-08-06 15:41:05,600 INFO  [org.apa.kaf.com.uti.AppInfoParser] (Thread-672) App info kafka.producer for Producer-topic-27c1b4ed_74b1_4663_84ae_69c156e80b98 unregistered
2025-08-06 15:41:05,602 INFO  [org.apa.kaf.cli.con.int.ClassicKafkaConsumer] (Thread-673) [Consumer clientId=consumer-Consumer-topic-27c1b4ed_74b1_4663_84ae_69c156e80b98-10, groupId=Consumer-topic-27c1b4ed_74b1_4663_84ae_69c156e80b98] Subscribed to topic(s): topic-27c1b4ed_74b1_4663_84ae_69c156e80b98
2025-08-06 15:41:05,608 INFO  [org.apa.kaf.cli.Metadata] (Thread-673) [Consumer clientId=consumer-Consumer-topic-27c1b4ed_74b1_4663_84ae_69c156e80b98-10, groupId=Consumer-topic-27c1b4ed_74b1_4663_84ae_69c156e80b98] Cluster ID: QWxucHVARmyNXcabXl68yQ
2025-08-06 15:41:05,609 INFO  [org.apa.kaf.cli.con.int.ConsumerCoordinator] (Thread-673) [Consumer clientId=consumer-Consumer-topic-27c1b4ed_74b1_4663_84ae_69c156e80b98-10, groupId=Consumer-topic-27c1b4ed_74b1_4663_84ae_69c156e80b98] Discovered group coordinator localhost:32769 (id: 2147483647 rack: null)
2025-08-06 15:41:05,612 INFO  [org.apa.kaf.cli.con.int.ConsumerCoordinator] (Thread-673) [Consumer clientId=consumer-Consumer-topic-27c1b4ed_74b1_4663_84ae_69c156e80b98-10, groupId=Consumer-topic-27c1b4ed_74b1_4663_84ae_69c156e80b98] (Re-)joining group
2025-08-06 15:41:05,617 INFO  [org.apa.kaf.cli.con.int.ConsumerCoordinator] (Thread-673) [Consumer clientId=consumer-Consumer-topic-27c1b4ed_74b1_4663_84ae_69c156e80b98-10, groupId=Consumer-topic-27c1b4ed_74b1_4663_84ae_69c156e80b98] Request joining group due to: need to re-join with the given member-id: consumer-Consumer-topic-27c1b4ed_74b1_4663_84ae_69c156e80b98-10-f2cc1267-d9c9-46b6-a2c4-ee0e3b60e8c4
2025-08-06 15:41:05,617 INFO  [org.apa.kaf.cli.con.int.ConsumerCoordinator] (Thread-673) [Consumer clientId=consumer-Consumer-topic-27c1b4ed_74b1_4663_84ae_69c156e80b98-10, groupId=Consumer-topic-27c1b4ed_74b1_4663_84ae_69c156e80b98] (Re-)joining group
2025-08-06 15:41:06,602 INFO  [io.api.tes.ser.api.KafkaSerdesTester] (Thread-673) None found
2025-08-06 15:41:07,602 INFO  [io.api.tes.ser.api.KafkaSerdesTester] (Thread-673) None found
2025-08-06 15:41:08,602 INFO  [io.api.tes.ser.api.KafkaSerdesTester] (Thread-673) None found
2025-08-06 15:41:08,620 INFO  [org.apa.kaf.cli.con.int.ConsumerCoordinator] (Thread-673) [Consumer clientId=consumer-Consumer-topic-27c1b4ed_74b1_4663_84ae_69c156e80b98-10, groupId=Consumer-topic-27c1b4ed_74b1_4663_84ae_69c156e80b98] Successfully joined group with generation Generation{generationId=1, memberId='consumer-Consumer-topic-27c1b4ed_74b1_4663_84ae_69c156e80b98-10-f2cc1267-d9c9-46b6-a2c4-ee0e3b60e8c4', protocol='range'}
2025-08-06 15:41:08,620 INFO  [org.apa.kaf.cli.con.int.ConsumerCoordinator] (Thread-673) [Consumer clientId=consumer-Consumer-topic-27c1b4ed_74b1_4663_84ae_69c156e80b98-10, groupId=Consumer-topic-27c1b4ed_74b1_4663_84ae_69c156e80b98] Finished assignment for group at generation 1: {consumer-Consumer-topic-27c1b4ed_74b1_4663_84ae_69c156e80b98-10-f2cc1267-d9c9-46b6-a2c4-ee0e3b60e8c4=Assignment(partitions=[topic-27c1b4ed_74b1_4663_84ae_69c156e80b98-0])}
2025-08-06 15:41:08,627 INFO  [org.apa.kaf.cli.con.int.ConsumerCoordinator] (Thread-673) [Consumer clientId=consumer-Consumer-topic-27c1b4ed_74b1_4663_84ae_69c156e80b98-10, groupId=Consumer-topic-27c1b4ed_74b1_4663_84ae_69c156e80b98] Successfully synced group in generation Generation{generationId=1, memberId='consumer-Consumer-topic-27c1b4ed_74b1_4663_84ae_69c156e80b98-10-f2cc1267-d9c9-46b6-a2c4-ee0e3b60e8c4', protocol='range'}
2025-08-06 15:41:08,627 INFO  [org.apa.kaf.cli.con.int.ConsumerCoordinator] (Thread-673) [Consumer clientId=consumer-Consumer-topic-27c1b4ed_74b1_4663_84ae_69c156e80b98-10, groupId=Consumer-topic-27c1b4ed_74b1_4663_84ae_69c156e80b98] Notifying assignor about the new Assignment(partitions=[topic-27c1b4ed_74b1_4663_84ae_69c156e80b98-0])
2025-08-06 15:41:08,628 INFO  [org.apa.kaf.cli.con.int.ConsumerRebalanceListenerInvoker] (Thread-673) [Consumer clientId=consumer-Consumer-topic-27c1b4ed_74b1_4663_84ae_69c156e80b98-10, groupId=Consumer-topic-27c1b4ed_74b1_4663_84ae_69c156e80b98] Adding newly assigned partitions: topic-27c1b4ed_74b1_4663_84ae_69c156e80b98-0
2025-08-06 15:41:08,629 INFO  [org.apa.kaf.cli.con.int.ConsumerCoordinator] (Thread-673) [Consumer clientId=consumer-Consumer-topic-27c1b4ed_74b1_4663_84ae_69c156e80b98-10, groupId=Consumer-topic-27c1b4ed_74b1_4663_84ae_69c156e80b98] Found no committed offset for partition topic-27c1b4ed_74b1_4663_84ae_69c156e80b98-0
2025-08-06 15:41:08,636 INFO  [org.apa.kaf.cli.con.int.SubscriptionState] (Thread-673) [Consumer clientId=consumer-Consumer-topic-27c1b4ed_74b1_4663_84ae_69c156e80b98-10, groupId=Consumer-topic-27c1b4ed_74b1_4663_84ae_69c156e80b98] Resetting offset for partition topic-27c1b4ed_74b1_4663_84ae_69c156e80b98-0 to position FetchPosition{offset=0, offsetEpoch=Optional.empty, currentLeader=LeaderAndEpoch{leader=Optional[localhost:32769 (id: 0 rack: null)], epoch=0}}.
2025-08-06 15:41:08,672 INFO  [io.api.tes.ser.api.KafkaSerdesTester] (Thread-673) topic-27c1b4ed_74b1_4663_84ae_69c156e80b98 0 0 {"key11754494864437": "value-0"}
2025-08-06 15:41:08,672 INFO  [io.api.tes.ser.api.KafkaSerdesTester] (Thread-673) topic-27c1b4ed_74b1_4663_84ae_69c156e80b98 0 1 {"key11754494864437": "value-1"}
2025-08-06 15:41:08,672 INFO  [io.api.tes.ser.api.KafkaSerdesTester] (Thread-673) topic-27c1b4ed_74b1_4663_84ae_69c156e80b98 0 2 {"key11754494864437": "value-2"}
2025-08-06 15:41:08,672 INFO  [io.api.tes.ser.api.KafkaSerdesTester] (Thread-673) topic-27c1b4ed_74b1_4663_84ae_69c156e80b98 0 3 {"key11754494864437": "value-3"}
2025-08-06 15:41:08,672 INFO  [io.api.tes.ser.api.KafkaSerdesTester] (Thread-673) topic-27c1b4ed_74b1_4663_84ae_69c156e80b98 0 4 {"key11754494864437": "value-4"}
2025-08-06 15:41:08,672 INFO  [io.api.tes.ser.api.KafkaSerdesTester] (Thread-673) topic-27c1b4ed_74b1_4663_84ae_69c156e80b98 0 5 {"key11754494864437": "value-5"}
2025-08-06 15:41:08,672 INFO  [io.api.tes.ser.api.KafkaSerdesTester] (Thread-673) topic-27c1b4ed_74b1_4663_84ae_69c156e80b98 0 6 {"key11754494864437": "value-6"}
2025-08-06 15:41:08,673 INFO  [io.api.tes.ser.api.KafkaSerdesTester] (Thread-673) topic-27c1b4ed_74b1_4663_84ae_69c156e80b98 0 7 {"key11754494864437": "value-7"}
2025-08-06 15:41:08,673 INFO  [io.api.tes.ser.api.KafkaSerdesTester] (Thread-673) topic-27c1b4ed_74b1_4663_84ae_69c156e80b98 0 8 {"key11754494864437": "value-8"}
2025-08-06 15:41:08,673 INFO  [io.api.tes.ser.api.KafkaSerdesTester] (Thread-673) topic-27c1b4ed_74b1_4663_84ae_69c156e80b98 0 9 {"key11754494864437": "value-9"}
2025-08-06 15:41:08,673 INFO  [io.api.tes.ser.api.KafkaSerdesTester] (Thread-673) Consumed 10 messages
2025-08-06 15:41:08,680 INFO  [org.apa.kaf.cli.con.int.ConsumerRebalanceListenerInvoker] (Thread-673) [Consumer clientId=consumer-Consumer-topic-27c1b4ed_74b1_4663_84ae_69c156e80b98-10, groupId=Consumer-topic-27c1b4ed_74b1_4663_84ae_69c156e80b98] Revoke previously assigned partitions topic-27c1b4ed_74b1_4663_84ae_69c156e80b98-0
2025-08-06 15:41:08,680 INFO  [org.apa.kaf.cli.con.int.ConsumerCoordinator] (Thread-673) [Consumer clientId=consumer-Consumer-topic-27c1b4ed_74b1_4663_84ae_69c156e80b98-10, groupId=Consumer-topic-27c1b4ed_74b1_4663_84ae_69c156e80b98] Member consumer-Consumer-topic-27c1b4ed_74b1_4663_84ae_69c156e80b98-10-f2cc1267-d9c9-46b6-a2c4-ee0e3b60e8c4 sending LeaveGroup request to coordinator localhost:32769 (id: 2147483647 rack: null) due to the consumer is being closed
2025-08-06 15:41:08,680 INFO  [org.apa.kaf.cli.con.int.ConsumerCoordinator] (Thread-673) [Consumer clientId=consumer-Consumer-topic-27c1b4ed_74b1_4663_84ae_69c156e80b98-10, groupId=Consumer-topic-27c1b4ed_74b1_4663_84ae_69c156e80b98] Resetting generation and member id due to: consumer pro-actively leaving the group
2025-08-06 15:41:08,680 INFO  [org.apa.kaf.cli.con.int.ConsumerCoordinator] (Thread-673) [Consumer clientId=consumer-Consumer-topic-27c1b4ed_74b1_4663_84ae_69c156e80b98-10, groupId=Consumer-topic-27c1b4ed_74b1_4663_84ae_69c156e80b98] Request joining group due to: consumer pro-actively leaving the group
2025-08-06 15:41:09,174 INFO  [org.apa.kaf.com.met.Metrics] (Thread-673) Metrics scheduler closed
2025-08-06 15:41:09,175 INFO  [org.apa.kaf.com.met.Metrics] (Thread-673) Closing reporter org.apache.kafka.common.metrics.JmxReporter
2025-08-06 15:41:09,175 INFO  [org.apa.kaf.com.met.Metrics] (Thread-673) Closing reporter org.apache.kafka.common.telemetry.internals.ClientTelemetryReporter
2025-08-06 15:41:09,175 INFO  [org.apa.kaf.com.met.Metrics] (Thread-673) Metrics reporters closed
2025-08-06 15:41:09,177 INFO  [org.apa.kaf.com.uti.AppInfoParser] (Thread-673) App info kafka.consumer for consumer-Consumer-topic-27c1b4ed_74b1_4663_84ae_69c156e80b98-10 unregistered
2025-08-06 15:41:09,177 INFO  [io.api.tes.ser.api.AvroSerdeIT] (main) Registering Avro Schema 2: {"type":"record","name":"s1e3f7b8bx2462x489exb84bx7a471d4fce8e","namespace":"ns_82e72980_c08e_42e4_aaae_7d2eb513ab75","fields":[{"name":"key11754494864437","type":"string"},{"name":"key21754494869177","type":"string"}]}
**** Registry Base URL: http://registry-app-ksql047.apps.ci419.apicurio-testing.org:80
2025-08-06 15:41:10,238 INFO  [org.apa.kaf.cli.pro.ProducerConfig] (main) ProducerConfig values: 
	acks = -1
	auto.include.jmx.reporter = true
	batch.size = 16384
	bootstrap.servers = [PLAINTEXT://localhost:32769]
	buffer.memory = 33554432
	client.dns.lookup = use_all_dns_ips
	client.id = Producer-topic-27c1b4ed_74b1_4663_84ae_69c156e80b98
	compression.gzip.level = -1
	compression.lz4.level = 9
	compression.type = none
	compression.zstd.level = 3
	connections.max.idle.ms = 10000
	delivery.timeout.ms = 120000
	enable.idempotence = true
	enable.metrics.push = true
	interceptor.classes = []
	key.serializer = class org.apache.kafka.common.serialization.StringSerializer
	linger.ms = 0
	max.block.ms = 60000
	max.in.flight.requests.per.connection = 5
	max.request.size = 1048576
	metadata.max.age.ms = 300000
	metadata.max.idle.ms = 300000
	metadata.recovery.strategy = none
	metric.reporters = []
	metrics.num.samples = 2
	metrics.recording.level = INFO
	metrics.sample.window.ms = 30000
	partitioner.adaptive.partitioning.enable = true
	partitioner.availability.timeout.ms = 0
	partitioner.class = null
	partitioner.ignore.keys = false
	receive.buffer.bytes = 32768
	reconnect.backoff.max.ms = 1000
	reconnect.backoff.ms = 50
	request.timeout.ms = 5000
	retries = 2147483647
	retry.backoff.max.ms = 1000
	retry.backoff.ms = 100
	sasl.client.callback.handler.class = null
	sasl.jaas.config = null
	sasl.kerberos.kinit.cmd = /usr/bin/kinit
	sasl.kerberos.min.time.before.relogin = 60000
	sasl.kerberos.service.name = null
	sasl.kerberos.ticket.renew.jitter = 0.05
	sasl.kerberos.ticket.renew.window.factor = 0.8
	sasl.login.callback.handler.class = null
	sasl.login.class = null
	sasl.login.connect.timeout.ms = null
	sasl.login.read.timeout.ms = null
	sasl.login.refresh.buffer.seconds = 300
	sasl.login.refresh.min.period.seconds = 60
	sasl.login.refresh.window.factor = 0.8
	sasl.login.refresh.window.jitter = 0.05
	sasl.login.retry.backoff.max.ms = 10000
	sasl.login.retry.backoff.ms = 100
	sasl.mechanism = GSSAPI
	sasl.oauthbearer.clock.skew.seconds = 30
	sasl.oauthbearer.expected.audience = null
	sasl.oauthbearer.expected.issuer = null
	sasl.oauthbearer.header.urlencode = false
	sasl.oauthbearer.jwks.endpoint.refresh.ms = 3600000
	sasl.oauthbearer.jwks.endpoint.retry.backoff.max.ms = 10000
	sasl.oauthbearer.jwks.endpoint.retry.backoff.ms = 100
	sasl.oauthbearer.jwks.endpoint.url = null
	sasl.oauthbearer.scope.claim.name = scope
	sasl.oauthbearer.sub.claim.name = sub
	sasl.oauthbearer.token.endpoint.url = null
	security.protocol = PLAINTEXT
	security.providers = null
	send.buffer.bytes = 131072
	socket.connection.setup.timeout.max.ms = 30000
	socket.connection.setup.timeout.ms = 10000
	ssl.cipher.suites = null
	ssl.enabled.protocols = [TLSv1.2, TLSv1.3]
	ssl.endpoint.identification.algorithm = https
	ssl.engine.factory.class = null
	ssl.key.password = null
	ssl.keymanager.algorithm = SunX509
	ssl.keystore.certificate.chain = null
	ssl.keystore.key = null
	ssl.keystore.location = null
	ssl.keystore.password = null
	ssl.keystore.type = JKS
	ssl.protocol = TLSv1.3
	ssl.provider = null
	ssl.secure.random.implementation = null
	ssl.trustmanager.algorithm = PKIX
	ssl.truststore.certificates = null
	ssl.truststore.location = null
	ssl.truststore.password = null
	ssl.truststore.type = JKS
	transaction.timeout.ms = 60000
	transactional.id = null
	value.serializer = class io.apicurio.registry.serde.avro.AvroKafkaSerializer

2025-08-06 15:41:10,238 INFO  [org.apa.kaf.com.tel.int.KafkaMetricsCollector] (main) initializing Kafka metrics collector
2025-08-06 15:41:10,241 INFO  [org.apa.kaf.cli.pro.KafkaProducer] (main) [Producer clientId=Producer-topic-27c1b4ed_74b1_4663_84ae_69c156e80b98] Instantiated an idempotent producer.
2025-08-06 15:41:10,244 INFO  [org.apa.kaf.cli.pro.ProducerConfig] (main) These configurations '[apicurio.registry.url, apicurio.registry.artifact-resolver-strategy]' were supplied but are not used yet.
2025-08-06 15:41:10,244 INFO  [org.apa.kaf.com.uti.AppInfoParser] (main) Kafka version: 3.9.1
2025-08-06 15:41:10,244 INFO  [org.apa.kaf.com.uti.AppInfoParser] (main) Kafka commitId: f745dfdcee2b9851
2025-08-06 15:41:10,244 INFO  [org.apa.kaf.com.uti.AppInfoParser] (main) Kafka startTimeMs: 1754494870244
2025-08-06 15:41:10,245 INFO  [io.api.tes.ser.api.KafkaSerdesTester] (Thread-676) Sending message {"key11754494864437": "value-0", "key21754494869177": "value-0"} to topic topic-27c1b4ed_74b1_4663_84ae_69c156e80b98
2025-08-06 15:41:10,248 INFO  [org.apa.kaf.cli.Metadata] (kafka-producer-network-thread | Producer-topic-27c1b4ed_74b1_4663_84ae_69c156e80b98) [Producer clientId=Producer-topic-27c1b4ed_74b1_4663_84ae_69c156e80b98] Cluster ID: QWxucHVARmyNXcabXl68yQ
2025-08-06 15:41:10,248 INFO  [DefaultSchemaResolver] (Thread-676) Retrieving schema content using string: {"type":"record","name":"s1e3f7b8bx2462x489exb84bx7a471d4fce8e","namespace":"ns_82e72980_c08e_42e4_aaae_7d2eb513ab75","fields":[{"name":"key11754494864437","type":"string"},{"name":"key21754494869177","type":"string"}]}
2025-08-06 15:41:10,249 INFO  [org.apa.kaf.cli.pro.int.TransactionManager] (kafka-producer-network-thread | Producer-topic-27c1b4ed_74b1_4663_84ae_69c156e80b98) [Producer clientId=Producer-topic-27c1b4ed_74b1_4663_84ae_69c156e80b98] ProducerId set to 13 with epoch 0
2025-08-06 15:41:10,280 INFO  [io.api.tes.ser.api.KafkaSerdesTester] (Thread-676) Sending message {"key11754494864437": "value-1", "key21754494869177": "value-1"} to topic topic-27c1b4ed_74b1_4663_84ae_69c156e80b98
2025-08-06 15:41:10,282 INFO  [io.api.tes.ser.api.KafkaSerdesTester] (Thread-676) Sending message {"key11754494864437": "value-2", "key21754494869177": "value-2"} to topic topic-27c1b4ed_74b1_4663_84ae_69c156e80b98
2025-08-06 15:41:10,283 INFO  [io.api.tes.ser.api.KafkaSerdesTester] (Thread-676) Sending message {"key11754494864437": "value-3", "key21754494869177": "value-3"} to topic topic-27c1b4ed_74b1_4663_84ae_69c156e80b98
2025-08-06 15:41:10,287 INFO  [io.api.tes.ser.api.KafkaSerdesTester] (Thread-676) Sending message {"key11754494864437": "value-4", "key21754494869177": "value-4"} to topic topic-27c1b4ed_74b1_4663_84ae_69c156e80b98
2025-08-06 15:41:10,288 INFO  [io.api.tes.ser.api.KafkaSerdesTester] (Thread-676) Sending message {"key11754494864437": "value-5", "key21754494869177": "value-5"} to topic topic-27c1b4ed_74b1_4663_84ae_69c156e80b98
2025-08-06 15:41:10,291 INFO  [io.api.tes.ser.api.KafkaSerdesTester] (Thread-676) Sending message {"key11754494864437": "value-6", "key21754494869177": "value-6"} to topic topic-27c1b4ed_74b1_4663_84ae_69c156e80b98
2025-08-06 15:41:10,292 INFO  [io.api.tes.ser.api.KafkaSerdesTester] (Thread-676) Sending message {"key11754494864437": "value-7", "key21754494869177": "value-7"} to topic topic-27c1b4ed_74b1_4663_84ae_69c156e80b98
2025-08-06 15:41:10,294 INFO  [io.api.tes.ser.api.KafkaSerdesTester] (Thread-676) Sending message {"key11754494864437": "value-8", "key21754494869177": "value-8"} to topic topic-27c1b4ed_74b1_4663_84ae_69c156e80b98
2025-08-06 15:41:10,295 INFO  [io.api.tes.ser.api.KafkaSerdesTester] (Thread-676) Sending message {"key11754494864437": "value-9", "key21754494869177": "value-9"} to topic topic-27c1b4ed_74b1_4663_84ae_69c156e80b98
2025-08-06 15:41:10,296 INFO  [io.api.tes.ser.api.KafkaSerdesTester] (Thread-676) Produced 10 messages
2025-08-06 15:41:10,296 INFO  [org.apa.kaf.cli.pro.KafkaProducer] (Thread-676) [Producer clientId=Producer-topic-27c1b4ed_74b1_4663_84ae_69c156e80b98] Closing the Kafka producer with timeoutMillis = 9223372036854775807 ms.
2025-08-06 15:41:10,298 INFO  [org.apa.kaf.com.met.Metrics] (Thread-676) Metrics scheduler closed
2025-08-06 15:41:10,298 INFO  [org.apa.kaf.com.met.Metrics] (Thread-676) Closing reporter org.apache.kafka.common.metrics.JmxReporter
2025-08-06 15:41:10,298 INFO  [org.apa.kaf.com.met.Metrics] (Thread-676) Closing reporter org.apache.kafka.common.telemetry.internals.ClientTelemetryReporter
2025-08-06 15:41:10,298 INFO  [org.apa.kaf.com.met.Metrics] (Thread-676) Metrics reporters closed
2025-08-06 15:41:10,299 INFO  [org.apa.kaf.com.uti.AppInfoParser] (Thread-676) App info kafka.producer for Producer-topic-27c1b4ed_74b1_4663_84ae_69c156e80b98 unregistered
**** Registry Base URL: http://registry-app-ksql047.apps.ci419.apicurio-testing.org:80
2025-08-06 15:41:10,299 INFO  [org.apa.kaf.cli.pro.ProducerConfig] (main) ProducerConfig values: 
	acks = -1
	auto.include.jmx.reporter = true
	batch.size = 16384
	bootstrap.servers = [PLAINTEXT://localhost:32769]
	buffer.memory = 33554432
	client.dns.lookup = use_all_dns_ips
	client.id = Producer-topic-27c1b4ed_74b1_4663_84ae_69c156e80b98
	compression.gzip.level = -1
	compression.lz4.level = 9
	compression.type = none
	compression.zstd.level = 3
	connections.max.idle.ms = 10000
	delivery.timeout.ms = 120000
	enable.idempotence = true
	enable.metrics.push = true
	interceptor.classes = []
	key.serializer = class org.apache.kafka.common.serialization.StringSerializer
	linger.ms = 0
	max.block.ms = 60000
	max.in.flight.requests.per.connection = 5
	max.request.size = 1048576
	metadata.max.age.ms = 300000
	metadata.max.idle.ms = 300000
	metadata.recovery.strategy = none
	metric.reporters = []
	metrics.num.samples = 2
	metrics.recording.level = INFO
	metrics.sample.window.ms = 30000
	partitioner.adaptive.partitioning.enable = true
	partitioner.availability.timeout.ms = 0
	partitioner.class = null
	partitioner.ignore.keys = false
	receive.buffer.bytes = 32768
	reconnect.backoff.max.ms = 1000
	reconnect.backoff.ms = 50
	request.timeout.ms = 5000
	retries = 2147483647
	retry.backoff.max.ms = 1000
	retry.backoff.ms = 100
	sasl.client.callback.handler.class = null
	sasl.jaas.config = null
	sasl.kerberos.kinit.cmd = /usr/bin/kinit
	sasl.kerberos.min.time.before.relogin = 60000
	sasl.kerberos.service.name = null
	sasl.kerberos.ticket.renew.jitter = 0.05
	sasl.kerberos.ticket.renew.window.factor = 0.8
	sasl.login.callback.handler.class = null
	sasl.login.class = null
	sasl.login.connect.timeout.ms = null
	sasl.login.read.timeout.ms = null
	sasl.login.refresh.buffer.seconds = 300
	sasl.login.refresh.min.period.seconds = 60
	sasl.login.refresh.window.factor = 0.8
	sasl.login.refresh.window.jitter = 0.05
	sasl.login.retry.backoff.max.ms = 10000
	sasl.login.retry.backoff.ms = 100
	sasl.mechanism = GSSAPI
	sasl.oauthbearer.clock.skew.seconds = 30
	sasl.oauthbearer.expected.audience = null
	sasl.oauthbearer.expected.issuer = null
	sasl.oauthbearer.header.urlencode = false
	sasl.oauthbearer.jwks.endpoint.refresh.ms = 3600000
	sasl.oauthbearer.jwks.endpoint.retry.backoff.max.ms = 10000
	sasl.oauthbearer.jwks.endpoint.retry.backoff.ms = 100
	sasl.oauthbearer.jwks.endpoint.url = null
	sasl.oauthbearer.scope.claim.name = scope
	sasl.oauthbearer.sub.claim.name = sub
	sasl.oauthbearer.token.endpoint.url = null
	security.protocol = PLAINTEXT
	security.providers = null
	send.buffer.bytes = 131072
	socket.connection.setup.timeout.max.ms = 30000
	socket.connection.setup.timeout.ms = 10000
	ssl.cipher.suites = null
	ssl.enabled.protocols = [TLSv1.2, TLSv1.3]
	ssl.endpoint.identification.algorithm = https
	ssl.engine.factory.class = null
	ssl.key.password = null
	ssl.keymanager.algorithm = SunX509
	ssl.keystore.certificate.chain = null
	ssl.keystore.key = null
	ssl.keystore.location = null
	ssl.keystore.password = null
	ssl.keystore.type = JKS
	ssl.protocol = TLSv1.3
	ssl.provider = null
	ssl.secure.random.implementation = null
	ssl.trustmanager.algorithm = PKIX
	ssl.truststore.certificates = null
	ssl.truststore.location = null
	ssl.truststore.password = null
	ssl.truststore.type = JKS
	transaction.timeout.ms = 60000
	transactional.id = null
	value.serializer = class io.apicurio.registry.serde.avro.AvroKafkaSerializer

2025-08-06 15:41:10,299 INFO  [org.apa.kaf.com.tel.int.KafkaMetricsCollector] (main) initializing Kafka metrics collector
2025-08-06 15:41:10,303 INFO  [org.apa.kaf.cli.pro.KafkaProducer] (main) [Producer clientId=Producer-topic-27c1b4ed_74b1_4663_84ae_69c156e80b98] Instantiated an idempotent producer.
2025-08-06 15:41:10,305 INFO  [org.apa.kaf.cli.pro.ProducerConfig] (main) These configurations '[apicurio.registry.url, apicurio.registry.artifact-resolver-strategy]' were supplied but are not used yet.
2025-08-06 15:41:10,306 INFO  [org.apa.kaf.com.uti.AppInfoParser] (main) Kafka version: 3.9.1
2025-08-06 15:41:10,306 INFO  [org.apa.kaf.com.uti.AppInfoParser] (main) Kafka commitId: f745dfdcee2b9851
2025-08-06 15:41:10,306 INFO  [org.apa.kaf.com.uti.AppInfoParser] (main) Kafka startTimeMs: 1754494870305
2025-08-06 15:41:10,308 INFO  [io.api.tes.ser.api.KafkaSerdesTester] (Thread-679) Sending message {"key11754494864437": "value-0"} to topic topic-27c1b4ed_74b1_4663_84ae_69c156e80b98
2025-08-06 15:41:10,310 INFO  [org.apa.kaf.cli.Metadata] (kafka-producer-network-thread | Producer-topic-27c1b4ed_74b1_4663_84ae_69c156e80b98) [Producer clientId=Producer-topic-27c1b4ed_74b1_4663_84ae_69c156e80b98] Cluster ID: QWxucHVARmyNXcabXl68yQ
2025-08-06 15:41:10,310 INFO  [org.apa.kaf.cli.pro.int.TransactionManager] (kafka-producer-network-thread | Producer-topic-27c1b4ed_74b1_4663_84ae_69c156e80b98) [Producer clientId=Producer-topic-27c1b4ed_74b1_4663_84ae_69c156e80b98] ProducerId set to 14 with epoch 0
2025-08-06 15:41:10,310 INFO  [DefaultSchemaResolver] (Thread-679) Retrieving schema content using string: {"type":"record","name":"s1e3f7b8bx2462x489exb84bx7a471d4fce8e","namespace":"ns_82e72980_c08e_42e4_aaae_7d2eb513ab75","fields":[{"name":"key11754494864437","type":"string"}]}
2025-08-06 15:41:10,338 INFO  [io.api.tes.ser.api.KafkaSerdesTester] (Thread-679) Sending message {"key11754494864437": "value-1"} to topic topic-27c1b4ed_74b1_4663_84ae_69c156e80b98
2025-08-06 15:41:10,340 INFO  [io.api.tes.ser.api.KafkaSerdesTester] (Thread-679) Sending message {"key11754494864437": "value-2"} to topic topic-27c1b4ed_74b1_4663_84ae_69c156e80b98
2025-08-06 15:41:10,341 INFO  [io.api.tes.ser.api.KafkaSerdesTester] (Thread-679) Sending message {"key11754494864437": "value-3"} to topic topic-27c1b4ed_74b1_4663_84ae_69c156e80b98
2025-08-06 15:41:10,342 INFO  [io.api.tes.ser.api.KafkaSerdesTester] (Thread-679) Sending message {"key11754494864437": "value-4"} to topic topic-27c1b4ed_74b1_4663_84ae_69c156e80b98
2025-08-06 15:41:10,343 INFO  [io.api.tes.ser.api.KafkaSerdesTester] (Thread-679) Sending message {"key11754494864437": "value-5"} to topic topic-27c1b4ed_74b1_4663_84ae_69c156e80b98
2025-08-06 15:41:10,344 INFO  [io.api.tes.ser.api.KafkaSerdesTester] (Thread-679) Sending message {"key11754494864437": "value-6"} to topic topic-27c1b4ed_74b1_4663_84ae_69c156e80b98
2025-08-06 15:41:10,346 INFO  [io.api.tes.ser.api.KafkaSerdesTester] (Thread-679) Sending message {"key11754494864437": "value-7"} to topic topic-27c1b4ed_74b1_4663_84ae_69c156e80b98
2025-08-06 15:41:10,348 INFO  [io.api.tes.ser.api.KafkaSerdesTester] (Thread-679) Sending message {"key11754494864437": "value-8"} to topic topic-27c1b4ed_74b1_4663_84ae_69c156e80b98
2025-08-06 15:41:10,350 INFO  [io.api.tes.ser.api.KafkaSerdesTester] (Thread-679) Sending message {"key11754494864437": "value-9"} to topic topic-27c1b4ed_74b1_4663_84ae_69c156e80b98
2025-08-06 15:41:10,351 INFO  [io.api.tes.ser.api.KafkaSerdesTester] (Thread-679) Produced 10 messages
2025-08-06 15:41:10,351 INFO  [org.apa.kaf.cli.pro.KafkaProducer] (Thread-679) [Producer clientId=Producer-topic-27c1b4ed_74b1_4663_84ae_69c156e80b98] Closing the Kafka producer with timeoutMillis = 9223372036854775807 ms.
2025-08-06 15:41:10,354 INFO  [org.apa.kaf.com.met.Metrics] (Thread-679) Metrics scheduler closed
2025-08-06 15:41:10,354 INFO  [org.apa.kaf.com.met.Metrics] (Thread-679) Closing reporter org.apache.kafka.common.metrics.JmxReporter
2025-08-06 15:41:10,355 INFO  [org.apa.kaf.com.met.Metrics] (Thread-679) Closing reporter org.apache.kafka.common.telemetry.internals.ClientTelemetryReporter
2025-08-06 15:41:10,355 INFO  [org.apa.kaf.com.met.Metrics] (Thread-679) Metrics reporters closed
2025-08-06 15:41:10,355 INFO  [org.apa.kaf.com.uti.AppInfoParser] (Thread-679) App info kafka.producer for Producer-topic-27c1b4ed_74b1_4663_84ae_69c156e80b98 unregistered
**** Registry Base URL: http://registry-app-ksql047.apps.ci419.apicurio-testing.org:80
2025-08-06 15:41:10,356 INFO  [org.apa.kaf.cli.con.ConsumerConfig] (main) ConsumerConfig values: 
	allow.auto.create.topics = true
	auto.commit.interval.ms = 500
	auto.include.jmx.reporter = true
	auto.offset.reset = earliest
	bootstrap.servers = [PLAINTEXT://localhost:32769]
	check.crcs = true
	client.dns.lookup = use_all_dns_ips
	client.id = consumer-Consumer-topic-27c1b4ed_74b1_4663_84ae_69c156e80b98-11
	client.rack = 
	connections.max.idle.ms = 10000
	default.api.timeout.ms = 60000
	enable.auto.commit = true
	enable.metrics.push = true
	exclude.internal.topics = true
	fetch.max.bytes = 52428800
	fetch.max.wait.ms = 500
	fetch.min.bytes = 1
	group.id = Consumer-topic-27c1b4ed_74b1_4663_84ae_69c156e80b98
	group.instance.id = null
	group.protocol = classic
	group.remote.assignor = null
	heartbeat.interval.ms = 3000
	interceptor.classes = []
	internal.leave.group.on.close = true
	internal.throw.on.fetch.stable.offset.unsupported = false
	isolation.level = read_uncommitted
	key.deserializer = class org.apache.kafka.common.serialization.StringDeserializer
	max.partition.fetch.bytes = 1048576
	max.poll.interval.ms = 300000
	max.poll.records = 500
	metadata.max.age.ms = 300000
	metadata.recovery.strategy = none
	metric.reporters = []
	metrics.num.samples = 2
	metrics.recording.level = INFO
	metrics.sample.window.ms = 30000
	partition.assignment.strategy = [class org.apache.kafka.clients.consumer.RangeAssignor, class org.apache.kafka.clients.consumer.CooperativeStickyAssignor]
	receive.buffer.bytes = 65536
	reconnect.backoff.max.ms = 1000
	reconnect.backoff.ms = 50
	request.timeout.ms = 5000
	retry.backoff.max.ms = 1000
	retry.backoff.ms = 100
	sasl.client.callback.handler.class = null
	sasl.jaas.config = null
	sasl.kerberos.kinit.cmd = /usr/bin/kinit
	sasl.kerberos.min.time.before.relogin = 60000
	sasl.kerberos.service.name = null
	sasl.kerberos.ticket.renew.jitter = 0.05
	sasl.kerberos.ticket.renew.window.factor = 0.8
	sasl.login.callback.handler.class = null
	sasl.login.class = null
	sasl.login.connect.timeout.ms = null
	sasl.login.read.timeout.ms = null
	sasl.login.refresh.buffer.seconds = 300
	sasl.login.refresh.min.period.seconds = 60
	sasl.login.refresh.window.factor = 0.8
	sasl.login.refresh.window.jitter = 0.05
	sasl.login.retry.backoff.max.ms = 10000
	sasl.login.retry.backoff.ms = 100
	sasl.mechanism = GSSAPI
	sasl.oauthbearer.clock.skew.seconds = 30
	sasl.oauthbearer.expected.audience = null
	sasl.oauthbearer.expected.issuer = null
	sasl.oauthbearer.header.urlencode = false
	sasl.oauthbearer.jwks.endpoint.refresh.ms = 3600000
	sasl.oauthbearer.jwks.endpoint.retry.backoff.max.ms = 10000
	sasl.oauthbearer.jwks.endpoint.retry.backoff.ms = 100
	sasl.oauthbearer.jwks.endpoint.url = null
	sasl.oauthbearer.scope.claim.name = scope
	sasl.oauthbearer.sub.claim.name = sub
	sasl.oauthbearer.token.endpoint.url = null
	security.protocol = PLAINTEXT
	security.providers = null
	send.buffer.bytes = 131072
	session.timeout.ms = 45000
	socket.connection.setup.timeout.max.ms = 30000
	socket.connection.setup.timeout.ms = 10000
	ssl.cipher.suites = null
	ssl.enabled.protocols = [TLSv1.2, TLSv1.3]
	ssl.endpoint.identification.algorithm = https
	ssl.engine.factory.class = null
	ssl.key.password = null
	ssl.keymanager.algorithm = SunX509
	ssl.keystore.certificate.chain = null
	ssl.keystore.key = null
	ssl.keystore.location = null
	ssl.keystore.password = null
	ssl.keystore.type = JKS
	ssl.protocol = TLSv1.3
	ssl.provider = null
	ssl.secure.random.implementation = null
	ssl.trustmanager.algorithm = PKIX
	ssl.truststore.certificates = null
	ssl.truststore.location = null
	ssl.truststore.password = null
	ssl.truststore.type = JKS
	value.deserializer = class io.apicurio.registry.serde.avro.AvroKafkaDeserializer

2025-08-06 15:41:10,356 INFO  [org.apa.kaf.com.tel.int.KafkaMetricsCollector] (main) initializing Kafka metrics collector
2025-08-06 15:41:10,370 INFO  [org.apa.kaf.cli.con.ConsumerConfig] (main) These configurations '[apicurio.registry.url]' were supplied but are not used yet.
2025-08-06 15:41:10,370 INFO  [org.apa.kaf.com.uti.AppInfoParser] (main) Kafka version: 3.9.1
2025-08-06 15:41:10,370 INFO  [org.apa.kaf.com.uti.AppInfoParser] (main) Kafka commitId: f745dfdcee2b9851
2025-08-06 15:41:10,370 INFO  [org.apa.kaf.com.uti.AppInfoParser] (main) Kafka startTimeMs: 1754494870370
2025-08-06 15:41:10,371 INFO  [org.apa.kaf.cli.con.int.ClassicKafkaConsumer] (Thread-682) [Consumer clientId=consumer-Consumer-topic-27c1b4ed_74b1_4663_84ae_69c156e80b98-11, groupId=Consumer-topic-27c1b4ed_74b1_4663_84ae_69c156e80b98] Subscribed to topic(s): topic-27c1b4ed_74b1_4663_84ae_69c156e80b98
2025-08-06 15:41:10,374 INFO  [org.apa.kaf.cli.Metadata] (Thread-682) [Consumer clientId=consumer-Consumer-topic-27c1b4ed_74b1_4663_84ae_69c156e80b98-11, groupId=Consumer-topic-27c1b4ed_74b1_4663_84ae_69c156e80b98] Cluster ID: QWxucHVARmyNXcabXl68yQ
2025-08-06 15:41:10,375 INFO  [org.apa.kaf.cli.con.int.ConsumerCoordinator] (Thread-682) [Consumer clientId=consumer-Consumer-topic-27c1b4ed_74b1_4663_84ae_69c156e80b98-11, groupId=Consumer-topic-27c1b4ed_74b1_4663_84ae_69c156e80b98] Discovered group coordinator localhost:32769 (id: 2147483647 rack: null)
2025-08-06 15:41:10,376 INFO  [org.apa.kaf.cli.con.int.ConsumerCoordinator] (Thread-682) [Consumer clientId=consumer-Consumer-topic-27c1b4ed_74b1_4663_84ae_69c156e80b98-11, groupId=Consumer-topic-27c1b4ed_74b1_4663_84ae_69c156e80b98] (Re-)joining group
2025-08-06 15:41:10,378 INFO  [org.apa.kaf.cli.con.int.ConsumerCoordinator] (Thread-682) [Consumer clientId=consumer-Consumer-topic-27c1b4ed_74b1_4663_84ae_69c156e80b98-11, groupId=Consumer-topic-27c1b4ed_74b1_4663_84ae_69c156e80b98] Request joining group due to: need to re-join with the given member-id: consumer-Consumer-topic-27c1b4ed_74b1_4663_84ae_69c156e80b98-11-719fb416-5d61-41db-8d54-5385fb6263a9
2025-08-06 15:41:10,378 INFO  [org.apa.kaf.cli.con.int.ConsumerCoordinator] (Thread-682) [Consumer clientId=consumer-Consumer-topic-27c1b4ed_74b1_4663_84ae_69c156e80b98-11, groupId=Consumer-topic-27c1b4ed_74b1_4663_84ae_69c156e80b98] (Re-)joining group
2025-08-06 15:41:11,372 INFO  [io.api.tes.ser.api.KafkaSerdesTester] (Thread-682) None found
2025-08-06 15:41:12,372 INFO  [io.api.tes.ser.api.KafkaSerdesTester] (Thread-682) None found
2025-08-06 15:41:13,372 INFO  [io.api.tes.ser.api.KafkaSerdesTester] (Thread-682) None found
2025-08-06 15:41:13,380 INFO  [org.apa.kaf.cli.con.int.ConsumerCoordinator] (Thread-682) [Consumer clientId=consumer-Consumer-topic-27c1b4ed_74b1_4663_84ae_69c156e80b98-11, groupId=Consumer-topic-27c1b4ed_74b1_4663_84ae_69c156e80b98] Successfully joined group with generation Generation{generationId=3, memberId='consumer-Consumer-topic-27c1b4ed_74b1_4663_84ae_69c156e80b98-11-719fb416-5d61-41db-8d54-5385fb6263a9', protocol='range'}
2025-08-06 15:41:13,380 INFO  [org.apa.kaf.cli.con.int.ConsumerCoordinator] (Thread-682) [Consumer clientId=consumer-Consumer-topic-27c1b4ed_74b1_4663_84ae_69c156e80b98-11, groupId=Consumer-topic-27c1b4ed_74b1_4663_84ae_69c156e80b98] Finished assignment for group at generation 3: {consumer-Consumer-topic-27c1b4ed_74b1_4663_84ae_69c156e80b98-11-719fb416-5d61-41db-8d54-5385fb6263a9=Assignment(partitions=[topic-27c1b4ed_74b1_4663_84ae_69c156e80b98-0])}
2025-08-06 15:41:13,387 INFO  [org.apa.kaf.cli.con.int.ConsumerCoordinator] (Thread-682) [Consumer clientId=consumer-Consumer-topic-27c1b4ed_74b1_4663_84ae_69c156e80b98-11, groupId=Consumer-topic-27c1b4ed_74b1_4663_84ae_69c156e80b98] Successfully synced group in generation Generation{generationId=3, memberId='consumer-Consumer-topic-27c1b4ed_74b1_4663_84ae_69c156e80b98-11-719fb416-5d61-41db-8d54-5385fb6263a9', protocol='range'}
2025-08-06 15:41:13,387 INFO  [org.apa.kaf.cli.con.int.ConsumerCoordinator] (Thread-682) [Consumer clientId=consumer-Consumer-topic-27c1b4ed_74b1_4663_84ae_69c156e80b98-11, groupId=Consumer-topic-27c1b4ed_74b1_4663_84ae_69c156e80b98] Notifying assignor about the new Assignment(partitions=[topic-27c1b4ed_74b1_4663_84ae_69c156e80b98-0])
2025-08-06 15:41:13,387 INFO  [org.apa.kaf.cli.con.int.ConsumerRebalanceListenerInvoker] (Thread-682) [Consumer clientId=consumer-Consumer-topic-27c1b4ed_74b1_4663_84ae_69c156e80b98-11, groupId=Consumer-topic-27c1b4ed_74b1_4663_84ae_69c156e80b98] Adding newly assigned partitions: topic-27c1b4ed_74b1_4663_84ae_69c156e80b98-0
2025-08-06 15:41:13,388 INFO  [org.apa.kaf.cli.con.int.ConsumerUtils] (Thread-682) Setting offset for partition topic-27c1b4ed_74b1_4663_84ae_69c156e80b98-0 to the committed offset FetchPosition{offset=10, offsetEpoch=Optional[0], currentLeader=LeaderAndEpoch{leader=Optional[localhost:32769 (id: 0 rack: null)], epoch=0}}
2025-08-06 15:41:13,454 INFO  [io.api.tes.ser.api.KafkaSerdesTester] (Thread-682) topic-27c1b4ed_74b1_4663_84ae_69c156e80b98 0 10 {"key11754494864437": "value-0", "key21754494869177": "value-0"}
2025-08-06 15:41:13,454 INFO  [io.api.tes.ser.api.KafkaSerdesTester] (Thread-682) topic-27c1b4ed_74b1_4663_84ae_69c156e80b98 0 11 {"key11754494864437": "value-1", "key21754494869177": "value-1"}
2025-08-06 15:41:13,454 INFO  [io.api.tes.ser.api.KafkaSerdesTester] (Thread-682) topic-27c1b4ed_74b1_4663_84ae_69c156e80b98 0 12 {"key11754494864437": "value-2", "key21754494869177": "value-2"}
2025-08-06 15:41:13,454 INFO  [io.api.tes.ser.api.KafkaSerdesTester] (Thread-682) topic-27c1b4ed_74b1_4663_84ae_69c156e80b98 0 13 {"key11754494864437": "value-3", "key21754494869177": "value-3"}
2025-08-06 15:41:13,454 INFO  [io.api.tes.ser.api.KafkaSerdesTester] (Thread-682) topic-27c1b4ed_74b1_4663_84ae_69c156e80b98 0 14 {"key11754494864437": "value-4", "key21754494869177": "value-4"}
2025-08-06 15:41:13,454 INFO  [io.api.tes.ser.api.KafkaSerdesTester] (Thread-682) topic-27c1b4ed_74b1_4663_84ae_69c156e80b98 0 15 {"key11754494864437": "value-5", "key21754494869177": "value-5"}
2025-08-06 15:41:13,454 INFO  [io.api.tes.ser.api.KafkaSerdesTester] (Thread-682) topic-27c1b4ed_74b1_4663_84ae_69c156e80b98 0 16 {"key11754494864437": "value-6", "key21754494869177": "value-6"}
2025-08-06 15:41:13,454 INFO  [io.api.tes.ser.api.KafkaSerdesTester] (Thread-682) topic-27c1b4ed_74b1_4663_84ae_69c156e80b98 0 17 {"key11754494864437": "value-7", "key21754494869177": "value-7"}
2025-08-06 15:41:13,454 INFO  [io.api.tes.ser.api.KafkaSerdesTester] (Thread-682) topic-27c1b4ed_74b1_4663_84ae_69c156e80b98 0 18 {"key11754494864437": "value-8", "key21754494869177": "value-8"}
2025-08-06 15:41:13,454 INFO  [io.api.tes.ser.api.KafkaSerdesTester] (Thread-682) topic-27c1b4ed_74b1_4663_84ae_69c156e80b98 0 19 {"key11754494864437": "value-9", "key21754494869177": "value-9"}
2025-08-06 15:41:13,454 INFO  [io.api.tes.ser.api.KafkaSerdesTester] (Thread-682) topic-27c1b4ed_74b1_4663_84ae_69c156e80b98 0 20 {"key11754494864437": "value-0"}
2025-08-06 15:41:13,454 INFO  [io.api.tes.ser.api.KafkaSerdesTester] (Thread-682) topic-27c1b4ed_74b1_4663_84ae_69c156e80b98 0 21 {"key11754494864437": "value-1"}
2025-08-06 15:41:13,454 INFO  [io.api.tes.ser.api.KafkaSerdesTester] (Thread-682) topic-27c1b4ed_74b1_4663_84ae_69c156e80b98 0 22 {"key11754494864437": "value-2"}
2025-08-06 15:41:13,454 INFO  [io.api.tes.ser.api.KafkaSerdesTester] (Thread-682) topic-27c1b4ed_74b1_4663_84ae_69c156e80b98 0 23 {"key11754494864437": "value-3"}
2025-08-06 15:41:13,455 INFO  [io.api.tes.ser.api.KafkaSerdesTester] (Thread-682) topic-27c1b4ed_74b1_4663_84ae_69c156e80b98 0 24 {"key11754494864437": "value-4"}
2025-08-06 15:41:13,455 INFO  [io.api.tes.ser.api.KafkaSerdesTester] (Thread-682) topic-27c1b4ed_74b1_4663_84ae_69c156e80b98 0 25 {"key11754494864437": "value-5"}
2025-08-06 15:41:13,455 INFO  [io.api.tes.ser.api.KafkaSerdesTester] (Thread-682) topic-27c1b4ed_74b1_4663_84ae_69c156e80b98 0 26 {"key11754494864437": "value-6"}
2025-08-06 15:41:13,455 INFO  [io.api.tes.ser.api.KafkaSerdesTester] (Thread-682) topic-27c1b4ed_74b1_4663_84ae_69c156e80b98 0 27 {"key11754494864437": "value-7"}
2025-08-06 15:41:13,455 INFO  [io.api.tes.ser.api.KafkaSerdesTester] (Thread-682) topic-27c1b4ed_74b1_4663_84ae_69c156e80b98 0 28 {"key11754494864437": "value-8"}
2025-08-06 15:41:13,455 INFO  [io.api.tes.ser.api.KafkaSerdesTester] (Thread-682) topic-27c1b4ed_74b1_4663_84ae_69c156e80b98 0 29 {"key11754494864437": "value-9"}
2025-08-06 15:41:13,455 INFO  [io.api.tes.ser.api.KafkaSerdesTester] (Thread-682) Consumed 20 messages
2025-08-06 15:41:13,462 INFO  [org.apa.kaf.cli.con.int.ConsumerRebalanceListenerInvoker] (Thread-682) [Consumer clientId=consumer-Consumer-topic-27c1b4ed_74b1_4663_84ae_69c156e80b98-11, groupId=Consumer-topic-27c1b4ed_74b1_4663_84ae_69c156e80b98] Revoke previously assigned partitions topic-27c1b4ed_74b1_4663_84ae_69c156e80b98-0
2025-08-06 15:41:13,462 INFO  [org.apa.kaf.cli.con.int.ConsumerCoordinator] (Thread-682) [Consumer clientId=consumer-Consumer-topic-27c1b4ed_74b1_4663_84ae_69c156e80b98-11, groupId=Consumer-topic-27c1b4ed_74b1_4663_84ae_69c156e80b98] Member consumer-Consumer-topic-27c1b4ed_74b1_4663_84ae_69c156e80b98-11-719fb416-5d61-41db-8d54-5385fb6263a9 sending LeaveGroup request to coordinator localhost:32769 (id: 2147483647 rack: null) due to the consumer is being closed
2025-08-06 15:41:13,463 INFO  [org.apa.kaf.cli.con.int.ConsumerCoordinator] (Thread-682) [Consumer clientId=consumer-Consumer-topic-27c1b4ed_74b1_4663_84ae_69c156e80b98-11, groupId=Consumer-topic-27c1b4ed_74b1_4663_84ae_69c156e80b98] Resetting generation and member id due to: consumer pro-actively leaving the group
2025-08-06 15:41:13,463 INFO  [org.apa.kaf.cli.con.int.ConsumerCoordinator] (Thread-682) [Consumer clientId=consumer-Consumer-topic-27c1b4ed_74b1_4663_84ae_69c156e80b98-11, groupId=Consumer-topic-27c1b4ed_74b1_4663_84ae_69c156e80b98] Request joining group due to: consumer pro-actively leaving the group
2025-08-06 15:41:13,957 INFO  [org.apa.kaf.com.met.Metrics] (Thread-682) Metrics scheduler closed
2025-08-06 15:41:13,957 INFO  [org.apa.kaf.com.met.Metrics] (Thread-682) Closing reporter org.apache.kafka.common.metrics.JmxReporter
2025-08-06 15:41:13,957 INFO  [org.apa.kaf.com.met.Metrics] (Thread-682) Closing reporter org.apache.kafka.common.telemetry.internals.ClientTelemetryReporter
2025-08-06 15:41:13,957 INFO  [org.apa.kaf.com.met.Metrics] (Thread-682) Metrics reporters closed
2025-08-06 15:41:13,959 INFO  [org.apa.kaf.com.uti.AppInfoParser] (Thread-682) App info kafka.consumer for consumer-Consumer-topic-27c1b4ed_74b1_4663_84ae_69c156e80b98-11 unregistered
2025-08-06 15:41:13,960 INFO  [io.api.tes.ser.api.AvroSerdeIT] (main) Registering Avro Schema 3: {"type":"record","name":"s1e3f7b8bx2462x489exb84bx7a471d4fce8e","namespace":"ns_82e72980_c08e_42e4_aaae_7d2eb513ab75","fields":[{"name":"key11754494864437","type":"string"},{"name":"key21754494869177","type":"string"},{"name":"key31754494873960","type":"string"}]}
**** Registry Base URL: http://registry-app-ksql047.apps.ci419.apicurio-testing.org:80
2025-08-06 15:41:15,025 INFO  [org.apa.kaf.cli.pro.ProducerConfig] (main) ProducerConfig values: 
	acks = -1
	auto.include.jmx.reporter = true
	batch.size = 16384
	bootstrap.servers = [PLAINTEXT://localhost:32769]
	buffer.memory = 33554432
	client.dns.lookup = use_all_dns_ips
	client.id = Producer-topic-27c1b4ed_74b1_4663_84ae_69c156e80b98
	compression.gzip.level = -1
	compression.lz4.level = 9
	compression.type = none
	compression.zstd.level = 3
	connections.max.idle.ms = 10000
	delivery.timeout.ms = 120000
	enable.idempotence = true
	enable.metrics.push = true
	interceptor.classes = []
	key.serializer = class org.apache.kafka.common.serialization.StringSerializer
	linger.ms = 0
	max.block.ms = 60000
	max.in.flight.requests.per.connection = 5
	max.request.size = 1048576
	metadata.max.age.ms = 300000
	metadata.max.idle.ms = 300000
	metadata.recovery.strategy = none
	metric.reporters = []
	metrics.num.samples = 2
	metrics.recording.level = INFO
	metrics.sample.window.ms = 30000
	partitioner.adaptive.partitioning.enable = true
	partitioner.availability.timeout.ms = 0
	partitioner.class = null
	partitioner.ignore.keys = false
	receive.buffer.bytes = 32768
	reconnect.backoff.max.ms = 1000
	reconnect.backoff.ms = 50
	request.timeout.ms = 5000
	retries = 2147483647
	retry.backoff.max.ms = 1000
	retry.backoff.ms = 100
	sasl.client.callback.handler.class = null
	sasl.jaas.config = null
	sasl.kerberos.kinit.cmd = /usr/bin/kinit
	sasl.kerberos.min.time.before.relogin = 60000
	sasl.kerberos.service.name = null
	sasl.kerberos.ticket.renew.jitter = 0.05
	sasl.kerberos.ticket.renew.window.factor = 0.8
	sasl.login.callback.handler.class = null
	sasl.login.class = null
	sasl.login.connect.timeout.ms = null
	sasl.login.read.timeout.ms = null
	sasl.login.refresh.buffer.seconds = 300
	sasl.login.refresh.min.period.seconds = 60
	sasl.login.refresh.window.factor = 0.8
	sasl.login.refresh.window.jitter = 0.05
	sasl.login.retry.backoff.max.ms = 10000
	sasl.login.retry.backoff.ms = 100
	sasl.mechanism = GSSAPI
	sasl.oauthbearer.clock.skew.seconds = 30
	sasl.oauthbearer.expected.audience = null
	sasl.oauthbearer.expected.issuer = null
	sasl.oauthbearer.header.urlencode = false
	sasl.oauthbearer.jwks.endpoint.refresh.ms = 3600000
	sasl.oauthbearer.jwks.endpoint.retry.backoff.max.ms = 10000
	sasl.oauthbearer.jwks.endpoint.retry.backoff.ms = 100
	sasl.oauthbearer.jwks.endpoint.url = null
	sasl.oauthbearer.scope.claim.name = scope
	sasl.oauthbearer.sub.claim.name = sub
	sasl.oauthbearer.token.endpoint.url = null
	security.protocol = PLAINTEXT
	security.providers = null
	send.buffer.bytes = 131072
	socket.connection.setup.timeout.max.ms = 30000
	socket.connection.setup.timeout.ms = 10000
	ssl.cipher.suites = null
	ssl.enabled.protocols = [TLSv1.2, TLSv1.3]
	ssl.endpoint.identification.algorithm = https
	ssl.engine.factory.class = null
	ssl.key.password = null
	ssl.keymanager.algorithm = SunX509
	ssl.keystore.certificate.chain = null
	ssl.keystore.key = null
	ssl.keystore.location = null
	ssl.keystore.password = null
	ssl.keystore.type = JKS
	ssl.protocol = TLSv1.3
	ssl.provider = null
	ssl.secure.random.implementation = null
	ssl.trustmanager.algorithm = PKIX
	ssl.truststore.certificates = null
	ssl.truststore.location = null
	ssl.truststore.password = null
	ssl.truststore.type = JKS
	transaction.timeout.ms = 60000
	transactional.id = null
	value.serializer = class io.apicurio.registry.serde.avro.AvroKafkaSerializer

2025-08-06 15:41:15,026 INFO  [org.apa.kaf.com.tel.int.KafkaMetricsCollector] (main) initializing Kafka metrics collector
2025-08-06 15:41:15,029 INFO  [org.apa.kaf.cli.pro.KafkaProducer] (main) [Producer clientId=Producer-topic-27c1b4ed_74b1_4663_84ae_69c156e80b98] Instantiated an idempotent producer.
2025-08-06 15:41:15,031 INFO  [org.apa.kaf.cli.pro.ProducerConfig] (main) These configurations '[apicurio.registry.url, apicurio.registry.artifact-resolver-strategy]' were supplied but are not used yet.
2025-08-06 15:41:15,031 INFO  [org.apa.kaf.com.uti.AppInfoParser] (main) Kafka version: 3.9.1
2025-08-06 15:41:15,031 INFO  [org.apa.kaf.com.uti.AppInfoParser] (main) Kafka commitId: f745dfdcee2b9851
2025-08-06 15:41:15,031 INFO  [org.apa.kaf.com.uti.AppInfoParser] (main) Kafka startTimeMs: 1754494875031
2025-08-06 15:41:15,032 INFO  [io.api.tes.ser.api.KafkaSerdesTester] (Thread-685) Sending message {"key11754494864437": "value-0", "key21754494869177": "value-0", "key31754494873960": "value-0"} to topic topic-27c1b4ed_74b1_4663_84ae_69c156e80b98
2025-08-06 15:41:15,035 INFO  [org.apa.kaf.cli.Metadata] (kafka-producer-network-thread | Producer-topic-27c1b4ed_74b1_4663_84ae_69c156e80b98) [Producer clientId=Producer-topic-27c1b4ed_74b1_4663_84ae_69c156e80b98] Cluster ID: QWxucHVARmyNXcabXl68yQ
2025-08-06 15:41:15,036 INFO  [DefaultSchemaResolver] (Thread-685) Retrieving schema content using string: {"type":"record","name":"s1e3f7b8bx2462x489exb84bx7a471d4fce8e","namespace":"ns_82e72980_c08e_42e4_aaae_7d2eb513ab75","fields":[{"name":"key11754494864437","type":"string"},{"name":"key21754494869177","type":"string"},{"name":"key31754494873960","type":"string"}]}
2025-08-06 15:41:15,037 INFO  [org.apa.kaf.cli.pro.int.TransactionManager] (kafka-producer-network-thread | Producer-topic-27c1b4ed_74b1_4663_84ae_69c156e80b98) [Producer clientId=Producer-topic-27c1b4ed_74b1_4663_84ae_69c156e80b98] ProducerId set to 15 with epoch 0
2025-08-06 15:41:15,067 INFO  [io.api.tes.ser.api.KafkaSerdesTester] (Thread-685) Sending message {"key11754494864437": "value-1", "key21754494869177": "value-1", "key31754494873960": "value-1"} to topic topic-27c1b4ed_74b1_4663_84ae_69c156e80b98
2025-08-06 15:41:15,070 INFO  [io.api.tes.ser.api.KafkaSerdesTester] (Thread-685) Sending message {"key11754494864437": "value-2", "key21754494869177": "value-2", "key31754494873960": "value-2"} to topic topic-27c1b4ed_74b1_4663_84ae_69c156e80b98
2025-08-06 15:41:15,071 INFO  [io.api.tes.ser.api.KafkaSerdesTester] (Thread-685) Sending message {"key11754494864437": "value-3", "key21754494869177": "value-3", "key31754494873960": "value-3"} to topic topic-27c1b4ed_74b1_4663_84ae_69c156e80b98
2025-08-06 15:41:15,076 INFO  [io.api.tes.ser.api.KafkaSerdesTester] (Thread-685) Sending message {"key11754494864437": "value-4", "key21754494869177": "value-4", "key31754494873960": "value-4"} to topic topic-27c1b4ed_74b1_4663_84ae_69c156e80b98
2025-08-06 15:41:15,079 INFO  [io.api.tes.ser.api.KafkaSerdesTester] (Thread-685) Sending message {"key11754494864437": "value-5", "key21754494869177": "value-5", "key31754494873960": "value-5"} to topic topic-27c1b4ed_74b1_4663_84ae_69c156e80b98
2025-08-06 15:41:15,082 INFO  [io.api.tes.ser.api.KafkaSerdesTester] (Thread-685) Sending message {"key11754494864437": "value-6", "key21754494869177": "value-6", "key31754494873960": "value-6"} to topic topic-27c1b4ed_74b1_4663_84ae_69c156e80b98
2025-08-06 15:41:15,085 INFO  [io.api.tes.ser.api.KafkaSerdesTester] (Thread-685) Sending message {"key11754494864437": "value-7", "key21754494869177": "value-7", "key31754494873960": "value-7"} to topic topic-27c1b4ed_74b1_4663_84ae_69c156e80b98
2025-08-06 15:41:15,087 INFO  [io.api.tes.ser.api.KafkaSerdesTester] (Thread-685) Sending message {"key11754494864437": "value-8", "key21754494869177": "value-8", "key31754494873960": "value-8"} to topic topic-27c1b4ed_74b1_4663_84ae_69c156e80b98
2025-08-06 15:41:15,089 INFO  [io.api.tes.ser.api.KafkaSerdesTester] (Thread-685) Sending message {"key11754494864437": "value-9", "key21754494869177": "value-9", "key31754494873960": "value-9"} to topic topic-27c1b4ed_74b1_4663_84ae_69c156e80b98
2025-08-06 15:41:15,090 INFO  [io.api.tes.ser.api.KafkaSerdesTester] (Thread-685) Produced 10 messages
2025-08-06 15:41:15,090 INFO  [org.apa.kaf.cli.pro.KafkaProducer] (Thread-685) [Producer clientId=Producer-topic-27c1b4ed_74b1_4663_84ae_69c156e80b98] Closing the Kafka producer with timeoutMillis = 9223372036854775807 ms.
2025-08-06 15:41:15,093 INFO  [org.apa.kaf.com.met.Metrics] (Thread-685) Metrics scheduler closed
2025-08-06 15:41:15,093 INFO  [org.apa.kaf.com.met.Metrics] (Thread-685) Closing reporter org.apache.kafka.common.metrics.JmxReporter
2025-08-06 15:41:15,093 INFO  [org.apa.kaf.com.met.Metrics] (Thread-685) Closing reporter org.apache.kafka.common.telemetry.internals.ClientTelemetryReporter
2025-08-06 15:41:15,093 INFO  [org.apa.kaf.com.met.Metrics] (Thread-685) Metrics reporters closed
2025-08-06 15:41:15,093 INFO  [org.apa.kaf.com.uti.AppInfoParser] (Thread-685) App info kafka.producer for Producer-topic-27c1b4ed_74b1_4663_84ae_69c156e80b98 unregistered
**** Registry Base URL: http://registry-app-ksql047.apps.ci419.apicurio-testing.org:80
2025-08-06 15:41:15,094 INFO  [org.apa.kaf.cli.pro.ProducerConfig] (main) ProducerConfig values: 
	acks = -1
	auto.include.jmx.reporter = true
	batch.size = 16384
	bootstrap.servers = [PLAINTEXT://localhost:32769]
	buffer.memory = 33554432
	client.dns.lookup = use_all_dns_ips
	client.id = Producer-topic-27c1b4ed_74b1_4663_84ae_69c156e80b98
	compression.gzip.level = -1
	compression.lz4.level = 9
	compression.type = none
	compression.zstd.level = 3
	connections.max.idle.ms = 10000
	delivery.timeout.ms = 120000
	enable.idempotence = true
	enable.metrics.push = true
	interceptor.classes = []
	key.serializer = class org.apache.kafka.common.serialization.StringSerializer
	linger.ms = 0
	max.block.ms = 60000
	max.in.flight.requests.per.connection = 5
	max.request.size = 1048576
	metadata.max.age.ms = 300000
	metadata.max.idle.ms = 300000
	metadata.recovery.strategy = none
	metric.reporters = []
	metrics.num.samples = 2
	metrics.recording.level = INFO
	metrics.sample.window.ms = 30000
	partitioner.adaptive.partitioning.enable = true
	partitioner.availability.timeout.ms = 0
	partitioner.class = null
	partitioner.ignore.keys = false
	receive.buffer.bytes = 32768
	reconnect.backoff.max.ms = 1000
	reconnect.backoff.ms = 50
	request.timeout.ms = 5000
	retries = 2147483647
	retry.backoff.max.ms = 1000
	retry.backoff.ms = 100
	sasl.client.callback.handler.class = null
	sasl.jaas.config = null
	sasl.kerberos.kinit.cmd = /usr/bin/kinit
	sasl.kerberos.min.time.before.relogin = 60000
	sasl.kerberos.service.name = null
	sasl.kerberos.ticket.renew.jitter = 0.05
	sasl.kerberos.ticket.renew.window.factor = 0.8
	sasl.login.callback.handler.class = null
	sasl.login.class = null
	sasl.login.connect.timeout.ms = null
	sasl.login.read.timeout.ms = null
	sasl.login.refresh.buffer.seconds = 300
	sasl.login.refresh.min.period.seconds = 60
	sasl.login.refresh.window.factor = 0.8
	sasl.login.refresh.window.jitter = 0.05
	sasl.login.retry.backoff.max.ms = 10000
	sasl.login.retry.backoff.ms = 100
	sasl.mechanism = GSSAPI
	sasl.oauthbearer.clock.skew.seconds = 30
	sasl.oauthbearer.expected.audience = null
	sasl.oauthbearer.expected.issuer = null
	sasl.oauthbearer.header.urlencode = false
	sasl.oauthbearer.jwks.endpoint.refresh.ms = 3600000
	sasl.oauthbearer.jwks.endpoint.retry.backoff.max.ms = 10000
	sasl.oauthbearer.jwks.endpoint.retry.backoff.ms = 100
	sasl.oauthbearer.jwks.endpoint.url = null
	sasl.oauthbearer.scope.claim.name = scope
	sasl.oauthbearer.sub.claim.name = sub
	sasl.oauthbearer.token.endpoint.url = null
	security.protocol = PLAINTEXT
	security.providers = null
	send.buffer.bytes = 131072
	socket.connection.setup.timeout.max.ms = 30000
	socket.connection.setup.timeout.ms = 10000
	ssl.cipher.suites = null
	ssl.enabled.protocols = [TLSv1.2, TLSv1.3]
	ssl.endpoint.identification.algorithm = https
	ssl.engine.factory.class = null
	ssl.key.password = null
	ssl.keymanager.algorithm = SunX509
	ssl.keystore.certificate.chain = null
	ssl.keystore.key = null
	ssl.keystore.location = null
	ssl.keystore.password = null
	ssl.keystore.type = JKS
	ssl.protocol = TLSv1.3
	ssl.provider = null
	ssl.secure.random.implementation = null
	ssl.trustmanager.algorithm = PKIX
	ssl.truststore.certificates = null
	ssl.truststore.location = null
	ssl.truststore.password = null
	ssl.truststore.type = JKS
	transaction.timeout.ms = 60000
	transactional.id = null
	value.serializer = class io.apicurio.registry.serde.avro.AvroKafkaSerializer

2025-08-06 15:41:15,094 INFO  [org.apa.kaf.com.tel.int.KafkaMetricsCollector] (main) initializing Kafka metrics collector
2025-08-06 15:41:15,102 INFO  [org.apa.kaf.cli.pro.KafkaProducer] (main) [Producer clientId=Producer-topic-27c1b4ed_74b1_4663_84ae_69c156e80b98] Instantiated an idempotent producer.
2025-08-06 15:41:15,104 INFO  [org.apa.kaf.cli.pro.ProducerConfig] (main) These configurations '[apicurio.registry.url, apicurio.registry.artifact-resolver-strategy]' were supplied but are not used yet.
2025-08-06 15:41:15,104 INFO  [org.apa.kaf.com.uti.AppInfoParser] (main) Kafka version: 3.9.1
2025-08-06 15:41:15,104 INFO  [org.apa.kaf.com.uti.AppInfoParser] (main) Kafka commitId: f745dfdcee2b9851
2025-08-06 15:41:15,104 INFO  [org.apa.kaf.com.uti.AppInfoParser] (main) Kafka startTimeMs: 1754494875104
2025-08-06 15:41:15,106 INFO  [io.api.tes.ser.api.KafkaSerdesTester] (Thread-688) Sending message {"key11754494864437": "value-0", "key21754494869177": "value-0"} to topic topic-27c1b4ed_74b1_4663_84ae_69c156e80b98
2025-08-06 15:41:15,111 INFO  [org.apa.kaf.cli.Metadata] (kafka-producer-network-thread | Producer-topic-27c1b4ed_74b1_4663_84ae_69c156e80b98) [Producer clientId=Producer-topic-27c1b4ed_74b1_4663_84ae_69c156e80b98] Cluster ID: QWxucHVARmyNXcabXl68yQ
2025-08-06 15:41:15,111 INFO  [DefaultSchemaResolver] (Thread-688) Retrieving schema content using string: {"type":"record","name":"s1e3f7b8bx2462x489exb84bx7a471d4fce8e","namespace":"ns_82e72980_c08e_42e4_aaae_7d2eb513ab75","fields":[{"name":"key11754494864437","type":"string"},{"name":"key21754494869177","type":"string"}]}
2025-08-06 15:41:15,115 INFO  [org.apa.kaf.cli.pro.int.TransactionManager] (kafka-producer-network-thread | Producer-topic-27c1b4ed_74b1_4663_84ae_69c156e80b98) [Producer clientId=Producer-topic-27c1b4ed_74b1_4663_84ae_69c156e80b98] ProducerId set to 16 with epoch 0
2025-08-06 15:41:15,142 INFO  [io.api.tes.ser.api.KafkaSerdesTester] (Thread-688) Sending message {"key11754494864437": "value-1", "key21754494869177": "value-1"} to topic topic-27c1b4ed_74b1_4663_84ae_69c156e80b98
2025-08-06 15:41:15,144 INFO  [io.api.tes.ser.api.KafkaSerdesTester] (Thread-688) Sending message {"key11754494864437": "value-2", "key21754494869177": "value-2"} to topic topic-27c1b4ed_74b1_4663_84ae_69c156e80b98
2025-08-06 15:41:15,177 INFO  [io.api.tes.ser.api.KafkaSerdesTester] (Thread-688) Sending message {"key11754494864437": "value-3", "key21754494869177": "value-3"} to topic topic-27c1b4ed_74b1_4663_84ae_69c156e80b98
2025-08-06 15:41:15,178 INFO  [io.api.tes.ser.api.KafkaSerdesTester] (Thread-688) Sending message {"key11754494864437": "value-4", "key21754494869177": "value-4"} to topic topic-27c1b4ed_74b1_4663_84ae_69c156e80b98
2025-08-06 15:41:15,180 INFO  [io.api.tes.ser.api.KafkaSerdesTester] (Thread-688) Sending message {"key11754494864437": "value-5", "key21754494869177": "value-5"} to topic topic-27c1b4ed_74b1_4663_84ae_69c156e80b98
2025-08-06 15:41:15,181 INFO  [io.api.tes.ser.api.KafkaSerdesTester] (Thread-688) Sending message {"key11754494864437": "value-6", "key21754494869177": "value-6"} to topic topic-27c1b4ed_74b1_4663_84ae_69c156e80b98
2025-08-06 15:41:15,183 INFO  [io.api.tes.ser.api.KafkaSerdesTester] (Thread-688) Sending message {"key11754494864437": "value-7", "key21754494869177": "value-7"} to topic topic-27c1b4ed_74b1_4663_84ae_69c156e80b98
2025-08-06 15:41:15,186 INFO  [io.api.tes.ser.api.KafkaSerdesTester] (Thread-688) Sending message {"key11754494864437": "value-8", "key21754494869177": "value-8"} to topic topic-27c1b4ed_74b1_4663_84ae_69c156e80b98
2025-08-06 15:41:15,188 INFO  [io.api.tes.ser.api.KafkaSerdesTester] (Thread-688) Sending message {"key11754494864437": "value-9", "key21754494869177": "value-9"} to topic topic-27c1b4ed_74b1_4663_84ae_69c156e80b98
2025-08-06 15:41:15,190 INFO  [io.api.tes.ser.api.KafkaSerdesTester] (Thread-688) Produced 10 messages
2025-08-06 15:41:15,190 INFO  [org.apa.kaf.cli.pro.KafkaProducer] (Thread-688) [Producer clientId=Producer-topic-27c1b4ed_74b1_4663_84ae_69c156e80b98] Closing the Kafka producer with timeoutMillis = 9223372036854775807 ms.
2025-08-06 15:41:15,192 INFO  [org.apa.kaf.com.met.Metrics] (Thread-688) Metrics scheduler closed
2025-08-06 15:41:15,192 INFO  [org.apa.kaf.com.met.Metrics] (Thread-688) Closing reporter org.apache.kafka.common.metrics.JmxReporter
2025-08-06 15:41:15,192 INFO  [org.apa.kaf.com.met.Metrics] (Thread-688) Closing reporter org.apache.kafka.common.telemetry.internals.ClientTelemetryReporter
2025-08-06 15:41:15,192 INFO  [org.apa.kaf.com.met.Metrics] (Thread-688) Metrics reporters closed
2025-08-06 15:41:15,192 INFO  [org.apa.kaf.com.uti.AppInfoParser] (Thread-688) App info kafka.producer for Producer-topic-27c1b4ed_74b1_4663_84ae_69c156e80b98 unregistered
**** Registry Base URL: http://registry-app-ksql047.apps.ci419.apicurio-testing.org:80
2025-08-06 15:41:15,193 INFO  [org.apa.kaf.cli.pro.ProducerConfig] (main) ProducerConfig values: 
	acks = -1
	auto.include.jmx.reporter = true
	batch.size = 16384
	bootstrap.servers = [PLAINTEXT://localhost:32769]
	buffer.memory = 33554432
	client.dns.lookup = use_all_dns_ips
	client.id = Producer-topic-27c1b4ed_74b1_4663_84ae_69c156e80b98
	compression.gzip.level = -1
	compression.lz4.level = 9
	compression.type = none
	compression.zstd.level = 3
	connections.max.idle.ms = 10000
	delivery.timeout.ms = 120000
	enable.idempotence = true
	enable.metrics.push = true
	interceptor.classes = []
	key.serializer = class org.apache.kafka.common.serialization.StringSerializer
	linger.ms = 0
	max.block.ms = 60000
	max.in.flight.requests.per.connection = 5
	max.request.size = 1048576
	metadata.max.age.ms = 300000
	metadata.max.idle.ms = 300000
	metadata.recovery.strategy = none
	metric.reporters = []
	metrics.num.samples = 2
	metrics.recording.level = INFO
	metrics.sample.window.ms = 30000
	partitioner.adaptive.partitioning.enable = true
	partitioner.availability.timeout.ms = 0
	partitioner.class = null
	partitioner.ignore.keys = false
	receive.buffer.bytes = 32768
	reconnect.backoff.max.ms = 1000
	reconnect.backoff.ms = 50
	request.timeout.ms = 5000
	retries = 2147483647
	retry.backoff.max.ms = 1000
	retry.backoff.ms = 100
	sasl.client.callback.handler.class = null
	sasl.jaas.config = null
	sasl.kerberos.kinit.cmd = /usr/bin/kinit
	sasl.kerberos.min.time.before.relogin = 60000
	sasl.kerberos.service.name = null
	sasl.kerberos.ticket.renew.jitter = 0.05
	sasl.kerberos.ticket.renew.window.factor = 0.8
	sasl.login.callback.handler.class = null
	sasl.login.class = null
	sasl.login.connect.timeout.ms = null
	sasl.login.read.timeout.ms = null
	sasl.login.refresh.buffer.seconds = 300
	sasl.login.refresh.min.period.seconds = 60
	sasl.login.refresh.window.factor = 0.8
	sasl.login.refresh.window.jitter = 0.05
	sasl.login.retry.backoff.max.ms = 10000
	sasl.login.retry.backoff.ms = 100
	sasl.mechanism = GSSAPI
	sasl.oauthbearer.clock.skew.seconds = 30
	sasl.oauthbearer.expected.audience = null
	sasl.oauthbearer.expected.issuer = null
	sasl.oauthbearer.header.urlencode = false
	sasl.oauthbearer.jwks.endpoint.refresh.ms = 3600000
	sasl.oauthbearer.jwks.endpoint.retry.backoff.max.ms = 10000
	sasl.oauthbearer.jwks.endpoint.retry.backoff.ms = 100
	sasl.oauthbearer.jwks.endpoint.url = null
	sasl.oauthbearer.scope.claim.name = scope
	sasl.oauthbearer.sub.claim.name = sub
	sasl.oauthbearer.token.endpoint.url = null
	security.protocol = PLAINTEXT
	security.providers = null
	send.buffer.bytes = 131072
	socket.connection.setup.timeout.max.ms = 30000
	socket.connection.setup.timeout.ms = 10000
	ssl.cipher.suites = null
	ssl.enabled.protocols = [TLSv1.2, TLSv1.3]
	ssl.endpoint.identification.algorithm = https
	ssl.engine.factory.class = null
	ssl.key.password = null
	ssl.keymanager.algorithm = SunX509
	ssl.keystore.certificate.chain = null
	ssl.keystore.key = null
	ssl.keystore.location = null
	ssl.keystore.password = null
	ssl.keystore.type = JKS
	ssl.protocol = TLSv1.3
	ssl.provider = null
	ssl.secure.random.implementation = null
	ssl.trustmanager.algorithm = PKIX
	ssl.truststore.certificates = null
	ssl.truststore.location = null
	ssl.truststore.password = null
	ssl.truststore.type = JKS
	transaction.timeout.ms = 60000
	transactional.id = null
	value.serializer = class io.apicurio.registry.serde.avro.AvroKafkaSerializer

2025-08-06 15:41:15,193 INFO  [org.apa.kaf.com.tel.int.KafkaMetricsCollector] (main) initializing Kafka metrics collector
2025-08-06 15:41:15,196 INFO  [org.apa.kaf.cli.pro.KafkaProducer] (main) [Producer clientId=Producer-topic-27c1b4ed_74b1_4663_84ae_69c156e80b98] Instantiated an idempotent producer.
2025-08-06 15:41:15,200 INFO  [org.apa.kaf.cli.pro.ProducerConfig] (main) These configurations '[apicurio.registry.url, apicurio.registry.artifact-resolver-strategy]' were supplied but are not used yet.
2025-08-06 15:41:15,200 INFO  [org.apa.kaf.com.uti.AppInfoParser] (main) Kafka version: 3.9.1
2025-08-06 15:41:15,200 INFO  [org.apa.kaf.com.uti.AppInfoParser] (main) Kafka commitId: f745dfdcee2b9851
2025-08-06 15:41:15,200 INFO  [org.apa.kaf.com.uti.AppInfoParser] (main) Kafka startTimeMs: 1754494875200
2025-08-06 15:41:15,201 INFO  [io.api.tes.ser.api.KafkaSerdesTester] (Thread-691) Sending message {"key11754494864437": "value-0"} to topic topic-27c1b4ed_74b1_4663_84ae_69c156e80b98
2025-08-06 15:41:15,203 INFO  [org.apa.kaf.cli.Metadata] (kafka-producer-network-thread | Producer-topic-27c1b4ed_74b1_4663_84ae_69c156e80b98) [Producer clientId=Producer-topic-27c1b4ed_74b1_4663_84ae_69c156e80b98] Cluster ID: QWxucHVARmyNXcabXl68yQ
2025-08-06 15:41:15,204 INFO  [DefaultSchemaResolver] (Thread-691) Retrieving schema content using string: {"type":"record","name":"s1e3f7b8bx2462x489exb84bx7a471d4fce8e","namespace":"ns_82e72980_c08e_42e4_aaae_7d2eb513ab75","fields":[{"name":"key11754494864437","type":"string"}]}
2025-08-06 15:41:15,207 INFO  [org.apa.kaf.cli.pro.int.TransactionManager] (kafka-producer-network-thread | Producer-topic-27c1b4ed_74b1_4663_84ae_69c156e80b98) [Producer clientId=Producer-topic-27c1b4ed_74b1_4663_84ae_69c156e80b98] ProducerId set to 17 with epoch 0
2025-08-06 15:41:15,236 INFO  [io.api.tes.ser.api.KafkaSerdesTester] (Thread-691) Sending message {"key11754494864437": "value-1"} to topic topic-27c1b4ed_74b1_4663_84ae_69c156e80b98
2025-08-06 15:41:15,240 INFO  [io.api.tes.ser.api.KafkaSerdesTester] (Thread-691) Sending message {"key11754494864437": "value-2"} to topic topic-27c1b4ed_74b1_4663_84ae_69c156e80b98
2025-08-06 15:41:15,246 INFO  [io.api.tes.ser.api.KafkaSerdesTester] (Thread-691) Sending message {"key11754494864437": "value-3"} to topic topic-27c1b4ed_74b1_4663_84ae_69c156e80b98
2025-08-06 15:41:15,248 INFO  [io.api.tes.ser.api.KafkaSerdesTester] (Thread-691) Sending message {"key11754494864437": "value-4"} to topic topic-27c1b4ed_74b1_4663_84ae_69c156e80b98
2025-08-06 15:41:15,254 INFO  [io.api.tes.ser.api.KafkaSerdesTester] (Thread-691) Sending message {"key11754494864437": "value-5"} to topic topic-27c1b4ed_74b1_4663_84ae_69c156e80b98
2025-08-06 15:41:15,260 INFO  [io.api.tes.ser.api.KafkaSerdesTester] (Thread-691) Sending message {"key11754494864437": "value-6"} to topic topic-27c1b4ed_74b1_4663_84ae_69c156e80b98
2025-08-06 15:41:15,265 INFO  [io.api.tes.ser.api.KafkaSerdesTester] (Thread-691) Sending message {"key11754494864437": "value-7"} to topic topic-27c1b4ed_74b1_4663_84ae_69c156e80b98
2025-08-06 15:41:15,270 INFO  [io.api.tes.ser.api.KafkaSerdesTester] (Thread-691) Sending message {"key11754494864437": "value-8"} to topic topic-27c1b4ed_74b1_4663_84ae_69c156e80b98
2025-08-06 15:41:15,272 INFO  [io.api.tes.ser.api.KafkaSerdesTester] (Thread-691) Sending message {"key11754494864437": "value-9"} to topic topic-27c1b4ed_74b1_4663_84ae_69c156e80b98
2025-08-06 15:41:15,275 INFO  [io.api.tes.ser.api.KafkaSerdesTester] (Thread-691) Produced 10 messages
2025-08-06 15:41:15,275 INFO  [org.apa.kaf.cli.pro.KafkaProducer] (Thread-691) [Producer clientId=Producer-topic-27c1b4ed_74b1_4663_84ae_69c156e80b98] Closing the Kafka producer with timeoutMillis = 9223372036854775807 ms.
2025-08-06 15:41:15,277 INFO  [org.apa.kaf.com.met.Metrics] (Thread-691) Metrics scheduler closed
2025-08-06 15:41:15,277 INFO  [org.apa.kaf.com.met.Metrics] (Thread-691) Closing reporter org.apache.kafka.common.metrics.JmxReporter
2025-08-06 15:41:15,277 INFO  [org.apa.kaf.com.met.Metrics] (Thread-691) Closing reporter org.apache.kafka.common.telemetry.internals.ClientTelemetryReporter
2025-08-06 15:41:15,277 INFO  [org.apa.kaf.com.met.Metrics] (Thread-691) Metrics reporters closed
2025-08-06 15:41:15,277 INFO  [org.apa.kaf.com.uti.AppInfoParser] (Thread-691) App info kafka.producer for Producer-topic-27c1b4ed_74b1_4663_84ae_69c156e80b98 unregistered
**** Registry Base URL: http://registry-app-ksql047.apps.ci419.apicurio-testing.org:80
2025-08-06 15:41:15,278 INFO  [org.apa.kaf.cli.con.ConsumerConfig] (main) ConsumerConfig values: 
	allow.auto.create.topics = true
	auto.commit.interval.ms = 500
	auto.include.jmx.reporter = true
	auto.offset.reset = earliest
	bootstrap.servers = [PLAINTEXT://localhost:32769]
	check.crcs = true
	client.dns.lookup = use_all_dns_ips
	client.id = consumer-Consumer-topic-27c1b4ed_74b1_4663_84ae_69c156e80b98-12
	client.rack = 
	connections.max.idle.ms = 10000
	default.api.timeout.ms = 60000
	enable.auto.commit = true
	enable.metrics.push = true
	exclude.internal.topics = true
	fetch.max.bytes = 52428800
	fetch.max.wait.ms = 500
	fetch.min.bytes = 1
	group.id = Consumer-topic-27c1b4ed_74b1_4663_84ae_69c156e80b98
	group.instance.id = null
	group.protocol = classic
	group.remote.assignor = null
	heartbeat.interval.ms = 3000
	interceptor.classes = []
	internal.leave.group.on.close = true
	internal.throw.on.fetch.stable.offset.unsupported = false
	isolation.level = read_uncommitted
	key.deserializer = class org.apache.kafka.common.serialization.StringDeserializer
	max.partition.fetch.bytes = 1048576
	max.poll.interval.ms = 300000
	max.poll.records = 500
	metadata.max.age.ms = 300000
	metadata.recovery.strategy = none
	metric.reporters = []
	metrics.num.samples = 2
	metrics.recording.level = INFO
	metrics.sample.window.ms = 30000
	partition.assignment.strategy = [class org.apache.kafka.clients.consumer.RangeAssignor, class org.apache.kafka.clients.consumer.CooperativeStickyAssignor]
	receive.buffer.bytes = 65536
	reconnect.backoff.max.ms = 1000
	reconnect.backoff.ms = 50
	request.timeout.ms = 5000
	retry.backoff.max.ms = 1000
	retry.backoff.ms = 100
	sasl.client.callback.handler.class = null
	sasl.jaas.config = null
	sasl.kerberos.kinit.cmd = /usr/bin/kinit
	sasl.kerberos.min.time.before.relogin = 60000
	sasl.kerberos.service.name = null
	sasl.kerberos.ticket.renew.jitter = 0.05
	sasl.kerberos.ticket.renew.window.factor = 0.8
	sasl.login.callback.handler.class = null
	sasl.login.class = null
	sasl.login.connect.timeout.ms = null
	sasl.login.read.timeout.ms = null
	sasl.login.refresh.buffer.seconds = 300
	sasl.login.refresh.min.period.seconds = 60
	sasl.login.refresh.window.factor = 0.8
	sasl.login.refresh.window.jitter = 0.05
	sasl.login.retry.backoff.max.ms = 10000
	sasl.login.retry.backoff.ms = 100
	sasl.mechanism = GSSAPI
	sasl.oauthbearer.clock.skew.seconds = 30
	sasl.oauthbearer.expected.audience = null
	sasl.oauthbearer.expected.issuer = null
	sasl.oauthbearer.header.urlencode = false
	sasl.oauthbearer.jwks.endpoint.refresh.ms = 3600000
	sasl.oauthbearer.jwks.endpoint.retry.backoff.max.ms = 10000
	sasl.oauthbearer.jwks.endpoint.retry.backoff.ms = 100
	sasl.oauthbearer.jwks.endpoint.url = null
	sasl.oauthbearer.scope.claim.name = scope
	sasl.oauthbearer.sub.claim.name = sub
	sasl.oauthbearer.token.endpoint.url = null
	security.protocol = PLAINTEXT
	security.providers = null
	send.buffer.bytes = 131072
	session.timeout.ms = 45000
	socket.connection.setup.timeout.max.ms = 30000
	socket.connection.setup.timeout.ms = 10000
	ssl.cipher.suites = null
	ssl.enabled.protocols = [TLSv1.2, TLSv1.3]
	ssl.endpoint.identification.algorithm = https
	ssl.engine.factory.class = null
	ssl.key.password = null
	ssl.keymanager.algorithm = SunX509
	ssl.keystore.certificate.chain = null
	ssl.keystore.key = null
	ssl.keystore.location = null
	ssl.keystore.password = null
	ssl.keystore.type = JKS
	ssl.protocol = TLSv1.3
	ssl.provider = null
	ssl.secure.random.implementation = null
	ssl.trustmanager.algorithm = PKIX
	ssl.truststore.certificates = null
	ssl.truststore.location = null
	ssl.truststore.password = null
	ssl.truststore.type = JKS
	value.deserializer = class io.apicurio.registry.serde.avro.AvroKafkaDeserializer

2025-08-06 15:41:15,278 INFO  [org.apa.kaf.com.tel.int.KafkaMetricsCollector] (main) initializing Kafka metrics collector
2025-08-06 15:41:15,293 INFO  [org.apa.kaf.cli.con.ConsumerConfig] (main) These configurations '[apicurio.registry.url]' were supplied but are not used yet.
2025-08-06 15:41:15,293 INFO  [org.apa.kaf.com.uti.AppInfoParser] (main) Kafka version: 3.9.1
2025-08-06 15:41:15,293 INFO  [org.apa.kaf.com.uti.AppInfoParser] (main) Kafka commitId: f745dfdcee2b9851
2025-08-06 15:41:15,293 INFO  [org.apa.kaf.com.uti.AppInfoParser] (main) Kafka startTimeMs: 1754494875293
2025-08-06 15:41:15,294 INFO  [org.apa.kaf.cli.con.int.ClassicKafkaConsumer] (Thread-694) [Consumer clientId=consumer-Consumer-topic-27c1b4ed_74b1_4663_84ae_69c156e80b98-12, groupId=Consumer-topic-27c1b4ed_74b1_4663_84ae_69c156e80b98] Subscribed to topic(s): topic-27c1b4ed_74b1_4663_84ae_69c156e80b98
2025-08-06 15:41:15,299 INFO  [org.apa.kaf.cli.Metadata] (Thread-694) [Consumer clientId=consumer-Consumer-topic-27c1b4ed_74b1_4663_84ae_69c156e80b98-12, groupId=Consumer-topic-27c1b4ed_74b1_4663_84ae_69c156e80b98] Cluster ID: QWxucHVARmyNXcabXl68yQ
2025-08-06 15:41:15,300 INFO  [org.apa.kaf.cli.con.int.ConsumerCoordinator] (Thread-694) [Consumer clientId=consumer-Consumer-topic-27c1b4ed_74b1_4663_84ae_69c156e80b98-12, groupId=Consumer-topic-27c1b4ed_74b1_4663_84ae_69c156e80b98] Discovered group coordinator localhost:32769 (id: 2147483647 rack: null)
2025-08-06 15:41:15,304 INFO  [org.apa.kaf.cli.con.int.ConsumerCoordinator] (Thread-694) [Consumer clientId=consumer-Consumer-topic-27c1b4ed_74b1_4663_84ae_69c156e80b98-12, groupId=Consumer-topic-27c1b4ed_74b1_4663_84ae_69c156e80b98] (Re-)joining group
2025-08-06 15:41:15,312 INFO  [org.apa.kaf.cli.con.int.ConsumerCoordinator] (Thread-694) [Consumer clientId=consumer-Consumer-topic-27c1b4ed_74b1_4663_84ae_69c156e80b98-12, groupId=Consumer-topic-27c1b4ed_74b1_4663_84ae_69c156e80b98] Request joining group due to: need to re-join with the given member-id: consumer-Consumer-topic-27c1b4ed_74b1_4663_84ae_69c156e80b98-12-be897a36-ecc9-427b-94ba-b48669ee10ec
2025-08-06 15:41:15,313 INFO  [org.apa.kaf.cli.con.int.ConsumerCoordinator] (Thread-694) [Consumer clientId=consumer-Consumer-topic-27c1b4ed_74b1_4663_84ae_69c156e80b98-12, groupId=Consumer-topic-27c1b4ed_74b1_4663_84ae_69c156e80b98] (Re-)joining group
2025-08-06 15:41:16,295 INFO  [io.api.tes.ser.api.KafkaSerdesTester] (Thread-694) None found
2025-08-06 15:41:17,295 INFO  [io.api.tes.ser.api.KafkaSerdesTester] (Thread-694) None found
2025-08-06 15:41:18,295 INFO  [io.api.tes.ser.api.KafkaSerdesTester] (Thread-694) None found
2025-08-06 15:41:18,319 INFO  [org.apa.kaf.cli.con.int.ConsumerCoordinator] (Thread-694) [Consumer clientId=consumer-Consumer-topic-27c1b4ed_74b1_4663_84ae_69c156e80b98-12, groupId=Consumer-topic-27c1b4ed_74b1_4663_84ae_69c156e80b98] Successfully joined group with generation Generation{generationId=5, memberId='consumer-Consumer-topic-27c1b4ed_74b1_4663_84ae_69c156e80b98-12-be897a36-ecc9-427b-94ba-b48669ee10ec', protocol='range'}
2025-08-06 15:41:18,319 INFO  [org.apa.kaf.cli.con.int.ConsumerCoordinator] (Thread-694) [Consumer clientId=consumer-Consumer-topic-27c1b4ed_74b1_4663_84ae_69c156e80b98-12, groupId=Consumer-topic-27c1b4ed_74b1_4663_84ae_69c156e80b98] Finished assignment for group at generation 5: {consumer-Consumer-topic-27c1b4ed_74b1_4663_84ae_69c156e80b98-12-be897a36-ecc9-427b-94ba-b48669ee10ec=Assignment(partitions=[topic-27c1b4ed_74b1_4663_84ae_69c156e80b98-0])}
2025-08-06 15:41:18,326 INFO  [org.apa.kaf.cli.con.int.ConsumerCoordinator] (Thread-694) [Consumer clientId=consumer-Consumer-topic-27c1b4ed_74b1_4663_84ae_69c156e80b98-12, groupId=Consumer-topic-27c1b4ed_74b1_4663_84ae_69c156e80b98] Successfully synced group in generation Generation{generationId=5, memberId='consumer-Consumer-topic-27c1b4ed_74b1_4663_84ae_69c156e80b98-12-be897a36-ecc9-427b-94ba-b48669ee10ec', protocol='range'}
2025-08-06 15:41:18,326 INFO  [org.apa.kaf.cli.con.int.ConsumerCoordinator] (Thread-694) [Consumer clientId=consumer-Consumer-topic-27c1b4ed_74b1_4663_84ae_69c156e80b98-12, groupId=Consumer-topic-27c1b4ed_74b1_4663_84ae_69c156e80b98] Notifying assignor about the new Assignment(partitions=[topic-27c1b4ed_74b1_4663_84ae_69c156e80b98-0])
2025-08-06 15:41:18,326 INFO  [org.apa.kaf.cli.con.int.ConsumerRebalanceListenerInvoker] (Thread-694) [Consumer clientId=consumer-Consumer-topic-27c1b4ed_74b1_4663_84ae_69c156e80b98-12, groupId=Consumer-topic-27c1b4ed_74b1_4663_84ae_69c156e80b98] Adding newly assigned partitions: topic-27c1b4ed_74b1_4663_84ae_69c156e80b98-0
2025-08-06 15:41:18,327 INFO  [org.apa.kaf.cli.con.int.ConsumerUtils] (Thread-694) Setting offset for partition topic-27c1b4ed_74b1_4663_84ae_69c156e80b98-0 to the committed offset FetchPosition{offset=30, offsetEpoch=Optional[0], currentLeader=LeaderAndEpoch{leader=Optional[localhost:32769 (id: 0 rack: null)], epoch=0}}
2025-08-06 15:41:18,412 INFO  [io.api.tes.ser.api.KafkaSerdesTester] (Thread-694) topic-27c1b4ed_74b1_4663_84ae_69c156e80b98 0 30 {"key11754494864437": "value-0", "key21754494869177": "value-0", "key31754494873960": "value-0"}
2025-08-06 15:41:18,413 INFO  [io.api.tes.ser.api.KafkaSerdesTester] (Thread-694) topic-27c1b4ed_74b1_4663_84ae_69c156e80b98 0 31 {"key11754494864437": "value-1", "key21754494869177": "value-1", "key31754494873960": "value-1"}
2025-08-06 15:41:18,413 INFO  [io.api.tes.ser.api.KafkaSerdesTester] (Thread-694) topic-27c1b4ed_74b1_4663_84ae_69c156e80b98 0 32 {"key11754494864437": "value-2", "key21754494869177": "value-2", "key31754494873960": "value-2"}
2025-08-06 15:41:18,413 INFO  [io.api.tes.ser.api.KafkaSerdesTester] (Thread-694) topic-27c1b4ed_74b1_4663_84ae_69c156e80b98 0 33 {"key11754494864437": "value-3", "key21754494869177": "value-3", "key31754494873960": "value-3"}
2025-08-06 15:41:18,413 INFO  [io.api.tes.ser.api.KafkaSerdesTester] (Thread-694) topic-27c1b4ed_74b1_4663_84ae_69c156e80b98 0 34 {"key11754494864437": "value-4", "key21754494869177": "value-4", "key31754494873960": "value-4"}
2025-08-06 15:41:18,413 INFO  [io.api.tes.ser.api.KafkaSerdesTester] (Thread-694) topic-27c1b4ed_74b1_4663_84ae_69c156e80b98 0 35 {"key11754494864437": "value-5", "key21754494869177": "value-5", "key31754494873960": "value-5"}
2025-08-06 15:41:18,413 INFO  [io.api.tes.ser.api.KafkaSerdesTester] (Thread-694) topic-27c1b4ed_74b1_4663_84ae_69c156e80b98 0 36 {"key11754494864437": "value-6", "key21754494869177": "value-6", "key31754494873960": "value-6"}
2025-08-06 15:41:18,413 INFO  [io.api.tes.ser.api.KafkaSerdesTester] (Thread-694) topic-27c1b4ed_74b1_4663_84ae_69c156e80b98 0 37 {"key11754494864437": "value-7", "key21754494869177": "value-7", "key31754494873960": "value-7"}
2025-08-06 15:41:18,413 INFO  [io.api.tes.ser.api.KafkaSerdesTester] (Thread-694) topic-27c1b4ed_74b1_4663_84ae_69c156e80b98 0 38 {"key11754494864437": "value-8", "key21754494869177": "value-8", "key31754494873960": "value-8"}
2025-08-06 15:41:18,413 INFO  [io.api.tes.ser.api.KafkaSerdesTester] (Thread-694) topic-27c1b4ed_74b1_4663_84ae_69c156e80b98 0 39 {"key11754494864437": "value-9", "key21754494869177": "value-9", "key31754494873960": "value-9"}
2025-08-06 15:41:18,413 INFO  [io.api.tes.ser.api.KafkaSerdesTester] (Thread-694) topic-27c1b4ed_74b1_4663_84ae_69c156e80b98 0 40 {"key11754494864437": "value-0", "key21754494869177": "value-0"}
2025-08-06 15:41:18,413 INFO  [io.api.tes.ser.api.KafkaSerdesTester] (Thread-694) topic-27c1b4ed_74b1_4663_84ae_69c156e80b98 0 41 {"key11754494864437": "value-1", "key21754494869177": "value-1"}
2025-08-06 15:41:18,413 INFO  [io.api.tes.ser.api.KafkaSerdesTester] (Thread-694) topic-27c1b4ed_74b1_4663_84ae_69c156e80b98 0 42 {"key11754494864437": "value-2", "key21754494869177": "value-2"}
2025-08-06 15:41:18,413 INFO  [io.api.tes.ser.api.KafkaSerdesTester] (Thread-694) topic-27c1b4ed_74b1_4663_84ae_69c156e80b98 0 43 {"key11754494864437": "value-3", "key21754494869177": "value-3"}
2025-08-06 15:41:18,413 INFO  [io.api.tes.ser.api.KafkaSerdesTester] (Thread-694) topic-27c1b4ed_74b1_4663_84ae_69c156e80b98 0 44 {"key11754494864437": "value-4", "key21754494869177": "value-4"}
2025-08-06 15:41:18,413 INFO  [io.api.tes.ser.api.KafkaSerdesTester] (Thread-694) topic-27c1b4ed_74b1_4663_84ae_69c156e80b98 0 45 {"key11754494864437": "value-5", "key21754494869177": "value-5"}
2025-08-06 15:41:18,413 INFO  [io.api.tes.ser.api.KafkaSerdesTester] (Thread-694) topic-27c1b4ed_74b1_4663_84ae_69c156e80b98 0 46 {"key11754494864437": "value-6", "key21754494869177": "value-6"}
2025-08-06 15:41:18,413 INFO  [io.api.tes.ser.api.KafkaSerdesTester] (Thread-694) topic-27c1b4ed_74b1_4663_84ae_69c156e80b98 0 47 {"key11754494864437": "value-7", "key21754494869177": "value-7"}
2025-08-06 15:41:18,413 INFO  [io.api.tes.ser.api.KafkaSerdesTester] (Thread-694) topic-27c1b4ed_74b1_4663_84ae_69c156e80b98 0 48 {"key11754494864437": "value-8", "key21754494869177": "value-8"}
2025-08-06 15:41:18,413 INFO  [io.api.tes.ser.api.KafkaSerdesTester] (Thread-694) topic-27c1b4ed_74b1_4663_84ae_69c156e80b98 0 49 {"key11754494864437": "value-9", "key21754494869177": "value-9"}
2025-08-06 15:41:18,413 INFO  [io.api.tes.ser.api.KafkaSerdesTester] (Thread-694) topic-27c1b4ed_74b1_4663_84ae_69c156e80b98 0 50 {"key11754494864437": "value-0"}
2025-08-06 15:41:18,413 INFO  [io.api.tes.ser.api.KafkaSerdesTester] (Thread-694) topic-27c1b4ed_74b1_4663_84ae_69c156e80b98 0 51 {"key11754494864437": "value-1"}
2025-08-06 15:41:18,413 INFO  [io.api.tes.ser.api.KafkaSerdesTester] (Thread-694) topic-27c1b4ed_74b1_4663_84ae_69c156e80b98 0 52 {"key11754494864437": "value-2"}
2025-08-06 15:41:18,414 INFO  [io.api.tes.ser.api.KafkaSerdesTester] (Thread-694) topic-27c1b4ed_74b1_4663_84ae_69c156e80b98 0 53 {"key11754494864437": "value-3"}
2025-08-06 15:41:18,414 INFO  [io.api.tes.ser.api.KafkaSerdesTester] (Thread-694) topic-27c1b4ed_74b1_4663_84ae_69c156e80b98 0 54 {"key11754494864437": "value-4"}
2025-08-06 15:41:18,414 INFO  [io.api.tes.ser.api.KafkaSerdesTester] (Thread-694) topic-27c1b4ed_74b1_4663_84ae_69c156e80b98 0 55 {"key11754494864437": "value-5"}
2025-08-06 15:41:18,414 INFO  [io.api.tes.ser.api.KafkaSerdesTester] (Thread-694) topic-27c1b4ed_74b1_4663_84ae_69c156e80b98 0 56 {"key11754494864437": "value-6"}
2025-08-06 15:41:18,414 INFO  [io.api.tes.ser.api.KafkaSerdesTester] (Thread-694) topic-27c1b4ed_74b1_4663_84ae_69c156e80b98 0 57 {"key11754494864437": "value-7"}
2025-08-06 15:41:18,414 INFO  [io.api.tes.ser.api.KafkaSerdesTester] (Thread-694) topic-27c1b4ed_74b1_4663_84ae_69c156e80b98 0 58 {"key11754494864437": "value-8"}
2025-08-06 15:41:18,414 INFO  [io.api.tes.ser.api.KafkaSerdesTester] (Thread-694) topic-27c1b4ed_74b1_4663_84ae_69c156e80b98 0 59 {"key11754494864437": "value-9"}
2025-08-06 15:41:18,414 INFO  [io.api.tes.ser.api.KafkaSerdesTester] (Thread-694) Consumed 30 messages
2025-08-06 15:41:18,421 INFO  [org.apa.kaf.cli.con.int.ConsumerRebalanceListenerInvoker] (Thread-694) [Consumer clientId=consumer-Consumer-topic-27c1b4ed_74b1_4663_84ae_69c156e80b98-12, groupId=Consumer-topic-27c1b4ed_74b1_4663_84ae_69c156e80b98] Revoke previously assigned partitions topic-27c1b4ed_74b1_4663_84ae_69c156e80b98-0
2025-08-06 15:41:18,421 INFO  [org.apa.kaf.cli.con.int.ConsumerCoordinator] (Thread-694) [Consumer clientId=consumer-Consumer-topic-27c1b4ed_74b1_4663_84ae_69c156e80b98-12, groupId=Consumer-topic-27c1b4ed_74b1_4663_84ae_69c156e80b98] Member consumer-Consumer-topic-27c1b4ed_74b1_4663_84ae_69c156e80b98-12-be897a36-ecc9-427b-94ba-b48669ee10ec sending LeaveGroup request to coordinator localhost:32769 (id: 2147483647 rack: null) due to the consumer is being closed
2025-08-06 15:41:18,421 INFO  [org.apa.kaf.cli.con.int.ConsumerCoordinator] (Thread-694) [Consumer clientId=consumer-Consumer-topic-27c1b4ed_74b1_4663_84ae_69c156e80b98-12, groupId=Consumer-topic-27c1b4ed_74b1_4663_84ae_69c156e80b98] Resetting generation and member id due to: consumer pro-actively leaving the group
2025-08-06 15:41:18,421 INFO  [org.apa.kaf.cli.con.int.ConsumerCoordinator] (Thread-694) [Consumer clientId=consumer-Consumer-topic-27c1b4ed_74b1_4663_84ae_69c156e80b98-12, groupId=Consumer-topic-27c1b4ed_74b1_4663_84ae_69c156e80b98] Request joining group due to: consumer pro-actively leaving the group
2025-08-06 15:41:18,914 INFO  [org.apa.kaf.com.met.Metrics] (Thread-694) Metrics scheduler closed
2025-08-06 15:41:18,914 INFO  [org.apa.kaf.com.met.Metrics] (Thread-694) Closing reporter org.apache.kafka.common.metrics.JmxReporter
2025-08-06 15:41:18,914 INFO  [org.apa.kaf.com.met.Metrics] (Thread-694) Closing reporter org.apache.kafka.common.telemetry.internals.ClientTelemetryReporter
2025-08-06 15:41:18,914 INFO  [org.apa.kaf.com.met.Metrics] (Thread-694) Metrics reporters closed
2025-08-06 15:41:18,916 INFO  [org.apa.kaf.com.uti.AppInfoParser] (Thread-694) App info kafka.consumer for consumer-Consumer-topic-27c1b4ed_74b1_4663_84ae_69c156e80b98-12 unregistered
2025-08-06 15:41:18,916 INFO  [org.apa.kaf.cli.pro.KafkaProducer] (main) [Producer clientId=Producer-topic-27c1b4ed_74b1_4663_84ae_69c156e80b98] Closing the Kafka producer with timeoutMillis = 9223372036854775807 ms.
2025-08-06 15:41:18,916 INFO  [org.apa.kaf.com.met.Metrics] (main) Metrics scheduler closed
2025-08-06 15:41:18,916 INFO  [org.apa.kaf.com.met.Metrics] (main) Closing reporter org.apache.kafka.common.metrics.JmxReporter
2025-08-06 15:41:18,916 INFO  [org.apa.kaf.com.met.Metrics] (main) Closing reporter org.apache.kafka.common.telemetry.internals.ClientTelemetryReporter
2025-08-06 15:41:18,916 INFO  [org.apa.kaf.com.met.Metrics] (main) Metrics reporters closed
2025-08-06 15:41:18,916 INFO  [org.apa.kaf.com.uti.AppInfoParser] (main) App info kafka.producer for Producer-topic-27c1b4ed_74b1_4663_84ae_69c156e80b98 unregistered
2025-08-06 15:41:18,917 INFO  [io.api.tes.uti.TestSeparator] (main) io.apicurio.tests.serdes.apicurio.AvroSerdeIT.testEvolveAvroApicurio-FINISHED
2025-08-06 15:41:18,917 INFO  [io.api.tes.uti.TestSeparator] (main) ############################################################################
Test passed: testEvolveAvroApicurio
]]></system-out>
  </testcase>
  <testcase name="testTopicRecordIdStrategydFindLatest" classname="io.apicurio.tests.serdes.apicurio.AvroSerdeIT" time="4.73">
    <system-out><![CDATA[2025-08-06 15:41:18,919 INFO  [io.api.tes.uti.TestSeparator] (main) ############################################################################
2025-08-06 15:41:18,919 INFO  [io.api.tes.uti.TestSeparator] (main) io.apicurio.tests.serdes.apicurio.AvroSerdeIT.testTopicRecordIdStrategydFindLatest-STARTED
2025-08-06 15:41:18,920 INFO  [io.api.tes.ser.api.AvroSerdeIT] (main) Registering Avro Schema: {"type":"record","name":"scdb696bfx729ax4abbx82efxed0fcdc3d027","namespace":"s36ff6d23x5ab7x4a92xa3e2x5f4d3da298e0","fields":[{"name":"key11754494878919","type":"string"}]}
**** Registry Base URL: http://registry-app-ksql047.apps.ci419.apicurio-testing.org:80
2025-08-06 15:41:19,991 INFO  [org.apa.kaf.cli.pro.ProducerConfig] (main) ProducerConfig values: 
	acks = -1
	auto.include.jmx.reporter = true
	batch.size = 16384
	bootstrap.servers = [PLAINTEXT://localhost:32769]
	buffer.memory = 33554432
	client.dns.lookup = use_all_dns_ips
	client.id = Producer-topic-9671c7ae_1d5c_4887_84ab_804af74438d8
	compression.gzip.level = -1
	compression.lz4.level = 9
	compression.type = none
	compression.zstd.level = 3
	connections.max.idle.ms = 10000
	delivery.timeout.ms = 120000
	enable.idempotence = true
	enable.metrics.push = true
	interceptor.classes = []
	key.serializer = class org.apache.kafka.common.serialization.StringSerializer
	linger.ms = 0
	max.block.ms = 60000
	max.in.flight.requests.per.connection = 5
	max.request.size = 1048576
	metadata.max.age.ms = 300000
	metadata.max.idle.ms = 300000
	metadata.recovery.strategy = none
	metric.reporters = []
	metrics.num.samples = 2
	metrics.recording.level = INFO
	metrics.sample.window.ms = 30000
	partitioner.adaptive.partitioning.enable = true
	partitioner.availability.timeout.ms = 0
	partitioner.class = null
	partitioner.ignore.keys = false
	receive.buffer.bytes = 32768
	reconnect.backoff.max.ms = 1000
	reconnect.backoff.ms = 50
	request.timeout.ms = 5000
	retries = 2147483647
	retry.backoff.max.ms = 1000
	retry.backoff.ms = 100
	sasl.client.callback.handler.class = null
	sasl.jaas.config = null
	sasl.kerberos.kinit.cmd = /usr/bin/kinit
	sasl.kerberos.min.time.before.relogin = 60000
	sasl.kerberos.service.name = null
	sasl.kerberos.ticket.renew.jitter = 0.05
	sasl.kerberos.ticket.renew.window.factor = 0.8
	sasl.login.callback.handler.class = null
	sasl.login.class = null
	sasl.login.connect.timeout.ms = null
	sasl.login.read.timeout.ms = null
	sasl.login.refresh.buffer.seconds = 300
	sasl.login.refresh.min.period.seconds = 60
	sasl.login.refresh.window.factor = 0.8
	sasl.login.refresh.window.jitter = 0.05
	sasl.login.retry.backoff.max.ms = 10000
	sasl.login.retry.backoff.ms = 100
	sasl.mechanism = GSSAPI
	sasl.oauthbearer.clock.skew.seconds = 30
	sasl.oauthbearer.expected.audience = null
	sasl.oauthbearer.expected.issuer = null
	sasl.oauthbearer.header.urlencode = false
	sasl.oauthbearer.jwks.endpoint.refresh.ms = 3600000
	sasl.oauthbearer.jwks.endpoint.retry.backoff.max.ms = 10000
	sasl.oauthbearer.jwks.endpoint.retry.backoff.ms = 100
	sasl.oauthbearer.jwks.endpoint.url = null
	sasl.oauthbearer.scope.claim.name = scope
	sasl.oauthbearer.sub.claim.name = sub
	sasl.oauthbearer.token.endpoint.url = null
	security.protocol = PLAINTEXT
	security.providers = null
	send.buffer.bytes = 131072
	socket.connection.setup.timeout.max.ms = 30000
	socket.connection.setup.timeout.ms = 10000
	ssl.cipher.suites = null
	ssl.enabled.protocols = [TLSv1.2, TLSv1.3]
	ssl.endpoint.identification.algorithm = https
	ssl.engine.factory.class = null
	ssl.key.password = null
	ssl.keymanager.algorithm = SunX509
	ssl.keystore.certificate.chain = null
	ssl.keystore.key = null
	ssl.keystore.location = null
	ssl.keystore.password = null
	ssl.keystore.type = JKS
	ssl.protocol = TLSv1.3
	ssl.provider = null
	ssl.secure.random.implementation = null
	ssl.trustmanager.algorithm = PKIX
	ssl.truststore.certificates = null
	ssl.truststore.location = null
	ssl.truststore.password = null
	ssl.truststore.type = JKS
	transaction.timeout.ms = 60000
	transactional.id = null
	value.serializer = class io.apicurio.registry.serde.avro.AvroKafkaSerializer

2025-08-06 15:41:19,991 INFO  [org.apa.kaf.com.tel.int.KafkaMetricsCollector] (main) initializing Kafka metrics collector
2025-08-06 15:41:19,994 INFO  [org.apa.kaf.cli.pro.KafkaProducer] (main) [Producer clientId=Producer-topic-9671c7ae_1d5c_4887_84ab_804af74438d8] Instantiated an idempotent producer.
2025-08-06 15:41:19,996 INFO  [org.apa.kaf.cli.pro.ProducerConfig] (main) These configurations '[apicurio.registry.find-latest, apicurio.registry.url, apicurio.registry.artifact-resolver-strategy]' were supplied but are not used yet.
2025-08-06 15:41:19,996 INFO  [org.apa.kaf.com.uti.AppInfoParser] (main) Kafka version: 3.9.1
2025-08-06 15:41:19,996 INFO  [org.apa.kaf.com.uti.AppInfoParser] (main) Kafka commitId: f745dfdcee2b9851
2025-08-06 15:41:19,996 INFO  [org.apa.kaf.com.uti.AppInfoParser] (main) Kafka startTimeMs: 1754494879996
2025-08-06 15:41:19,996 INFO  [io.api.tes.ser.api.SimpleSerdesTesterBuilder$SimpleSerdesTester] (main) Using producer configuration: {apicurio.registry.find-latest=true, apicurio.registry.url=http://registry-app-ksql047.apps.ci419.apicurio-testing.org:80/apis/registry/v3, apicurio.registry.artifact-resolver-strategy=io.apicurio.registry.serde.avro.strategy.TopicRecordIdStrategy, value.serializer=io.apicurio.registry.serde.avro.AvroKafkaSerializer, request.timeout.ms=5000, acks=all, bootstrap.servers=PLAINTEXT://localhost:32769, connections.max.idle.ms=10000, key.serializer=org.apache.kafka.common.serialization.StringSerializer, client.id=Producer-topic-9671c7ae_1d5c_4887_84ab_804af74438d8}
2025-08-06 15:41:19,996 INFO  [io.api.tes.ser.api.SimpleSerdesTesterBuilder$SimpleSerdesTester] (main) Using consumer configuration: {}
2025-08-06 15:41:19,997 INFO  [io.api.tes.ser.api.KafkaSerdesTester] (Thread-697) Sending message {"key11754494878919": "value-0"} to topic topic-9671c7ae_1d5c_4887_84ab_804af74438d8
2025-08-06 15:41:19,999 INFO  [org.apa.kaf.cli.Metadata] (kafka-producer-network-thread | Producer-topic-9671c7ae_1d5c_4887_84ab_804af74438d8) [Producer clientId=Producer-topic-9671c7ae_1d5c_4887_84ab_804af74438d8] Cluster ID: QWxucHVARmyNXcabXl68yQ
2025-08-06 15:41:20,000 INFO  [org.apa.kaf.cli.pro.int.TransactionManager] (kafka-producer-network-thread | Producer-topic-9671c7ae_1d5c_4887_84ab_804af74438d8) [Producer clientId=Producer-topic-9671c7ae_1d5c_4887_84ab_804af74438d8] ProducerId set to 18 with epoch 0
2025-08-06 15:41:20,047 INFO  [io.api.tes.ser.api.KafkaSerdesTester] (Thread-697) Sending message {"key11754494878919": "value-1"} to topic topic-9671c7ae_1d5c_4887_84ab_804af74438d8
2025-08-06 15:41:20,049 INFO  [io.api.tes.ser.api.KafkaSerdesTester] (Thread-697) Sending message {"key11754494878919": "value-2"} to topic topic-9671c7ae_1d5c_4887_84ab_804af74438d8
2025-08-06 15:41:20,050 INFO  [io.api.tes.ser.api.KafkaSerdesTester] (Thread-697) Sending message {"key11754494878919": "value-3"} to topic topic-9671c7ae_1d5c_4887_84ab_804af74438d8
2025-08-06 15:41:20,052 INFO  [io.api.tes.ser.api.KafkaSerdesTester] (Thread-697) Sending message {"key11754494878919": "value-4"} to topic topic-9671c7ae_1d5c_4887_84ab_804af74438d8
2025-08-06 15:41:20,053 INFO  [io.api.tes.ser.api.KafkaSerdesTester] (Thread-697) Sending message {"key11754494878919": "value-5"} to topic topic-9671c7ae_1d5c_4887_84ab_804af74438d8
2025-08-06 15:41:20,054 INFO  [io.api.tes.ser.api.KafkaSerdesTester] (Thread-697) Sending message {"key11754494878919": "value-6"} to topic topic-9671c7ae_1d5c_4887_84ab_804af74438d8
2025-08-06 15:41:20,057 INFO  [io.api.tes.ser.api.KafkaSerdesTester] (Thread-697) Sending message {"key11754494878919": "value-7"} to topic topic-9671c7ae_1d5c_4887_84ab_804af74438d8
2025-08-06 15:41:20,059 INFO  [io.api.tes.ser.api.KafkaSerdesTester] (Thread-697) Sending message {"key11754494878919": "value-8"} to topic topic-9671c7ae_1d5c_4887_84ab_804af74438d8
2025-08-06 15:41:20,061 INFO  [io.api.tes.ser.api.KafkaSerdesTester] (Thread-697) Sending message {"key11754494878919": "value-9"} to topic topic-9671c7ae_1d5c_4887_84ab_804af74438d8
2025-08-06 15:41:20,063 INFO  [io.api.tes.ser.api.KafkaSerdesTester] (Thread-697) Produced 10 messages
2025-08-06 15:41:20,063 INFO  [org.apa.kaf.cli.pro.KafkaProducer] (Thread-697) [Producer clientId=Producer-topic-9671c7ae_1d5c_4887_84ab_804af74438d8] Closing the Kafka producer with timeoutMillis = 9223372036854775807 ms.
2025-08-06 15:41:20,066 INFO  [org.apa.kaf.com.met.Metrics] (Thread-697) Metrics scheduler closed
2025-08-06 15:41:20,066 INFO  [org.apa.kaf.com.met.Metrics] (Thread-697) Closing reporter org.apache.kafka.common.metrics.JmxReporter
2025-08-06 15:41:20,066 INFO  [org.apa.kaf.com.met.Metrics] (Thread-697) Closing reporter org.apache.kafka.common.telemetry.internals.ClientTelemetryReporter
2025-08-06 15:41:20,066 INFO  [org.apa.kaf.com.met.Metrics] (Thread-697) Metrics reporters closed
2025-08-06 15:41:20,066 INFO  [org.apa.kaf.com.uti.AppInfoParser] (Thread-697) App info kafka.producer for Producer-topic-9671c7ae_1d5c_4887_84ab_804af74438d8 unregistered
**** Registry Base URL: http://registry-app-ksql047.apps.ci419.apicurio-testing.org:80
2025-08-06 15:41:20,067 INFO  [org.apa.kaf.cli.con.ConsumerConfig] (main) ConsumerConfig values: 
	allow.auto.create.topics = true
	auto.commit.interval.ms = 500
	auto.include.jmx.reporter = true
	auto.offset.reset = earliest
	bootstrap.servers = [PLAINTEXT://localhost:32769]
	check.crcs = true
	client.dns.lookup = use_all_dns_ips
	client.id = consumer-Consumer-topic-9671c7ae_1d5c_4887_84ab_804af74438d8-13
	client.rack = 
	connections.max.idle.ms = 10000
	default.api.timeout.ms = 60000
	enable.auto.commit = true
	enable.metrics.push = true
	exclude.internal.topics = true
	fetch.max.bytes = 52428800
	fetch.max.wait.ms = 500
	fetch.min.bytes = 1
	group.id = Consumer-topic-9671c7ae_1d5c_4887_84ab_804af74438d8
	group.instance.id = null
	group.protocol = classic
	group.remote.assignor = null
	heartbeat.interval.ms = 3000
	interceptor.classes = []
	internal.leave.group.on.close = true
	internal.throw.on.fetch.stable.offset.unsupported = false
	isolation.level = read_uncommitted
	key.deserializer = class org.apache.kafka.common.serialization.StringDeserializer
	max.partition.fetch.bytes = 1048576
	max.poll.interval.ms = 300000
	max.poll.records = 500
	metadata.max.age.ms = 300000
	metadata.recovery.strategy = none
	metric.reporters = []
	metrics.num.samples = 2
	metrics.recording.level = INFO
	metrics.sample.window.ms = 30000
	partition.assignment.strategy = [class org.apache.kafka.clients.consumer.RangeAssignor, class org.apache.kafka.clients.consumer.CooperativeStickyAssignor]
	receive.buffer.bytes = 65536
	reconnect.backoff.max.ms = 1000
	reconnect.backoff.ms = 50
	request.timeout.ms = 5000
	retry.backoff.max.ms = 1000
	retry.backoff.ms = 100
	sasl.client.callback.handler.class = null
	sasl.jaas.config = null
	sasl.kerberos.kinit.cmd = /usr/bin/kinit
	sasl.kerberos.min.time.before.relogin = 60000
	sasl.kerberos.service.name = null
	sasl.kerberos.ticket.renew.jitter = 0.05
	sasl.kerberos.ticket.renew.window.factor = 0.8
	sasl.login.callback.handler.class = null
	sasl.login.class = null
	sasl.login.connect.timeout.ms = null
	sasl.login.read.timeout.ms = null
	sasl.login.refresh.buffer.seconds = 300
	sasl.login.refresh.min.period.seconds = 60
	sasl.login.refresh.window.factor = 0.8
	sasl.login.refresh.window.jitter = 0.05
	sasl.login.retry.backoff.max.ms = 10000
	sasl.login.retry.backoff.ms = 100
	sasl.mechanism = GSSAPI
	sasl.oauthbearer.clock.skew.seconds = 30
	sasl.oauthbearer.expected.audience = null
	sasl.oauthbearer.expected.issuer = null
	sasl.oauthbearer.header.urlencode = false
	sasl.oauthbearer.jwks.endpoint.refresh.ms = 3600000
	sasl.oauthbearer.jwks.endpoint.retry.backoff.max.ms = 10000
	sasl.oauthbearer.jwks.endpoint.retry.backoff.ms = 100
	sasl.oauthbearer.jwks.endpoint.url = null
	sasl.oauthbearer.scope.claim.name = scope
	sasl.oauthbearer.sub.claim.name = sub
	sasl.oauthbearer.token.endpoint.url = null
	security.protocol = PLAINTEXT
	security.providers = null
	send.buffer.bytes = 131072
	session.timeout.ms = 45000
	socket.connection.setup.timeout.max.ms = 30000
	socket.connection.setup.timeout.ms = 10000
	ssl.cipher.suites = null
	ssl.enabled.protocols = [TLSv1.2, TLSv1.3]
	ssl.endpoint.identification.algorithm = https
	ssl.engine.factory.class = null
	ssl.key.password = null
	ssl.keymanager.algorithm = SunX509
	ssl.keystore.certificate.chain = null
	ssl.keystore.key = null
	ssl.keystore.location = null
	ssl.keystore.password = null
	ssl.keystore.type = JKS
	ssl.protocol = TLSv1.3
	ssl.provider = null
	ssl.secure.random.implementation = null
	ssl.trustmanager.algorithm = PKIX
	ssl.truststore.certificates = null
	ssl.truststore.location = null
	ssl.truststore.password = null
	ssl.truststore.type = JKS
	value.deserializer = class io.apicurio.registry.serde.avro.AvroKafkaDeserializer

2025-08-06 15:41:20,067 INFO  [org.apa.kaf.com.tel.int.KafkaMetricsCollector] (main) initializing Kafka metrics collector
2025-08-06 15:41:20,074 INFO  [org.apa.kaf.cli.con.ConsumerConfig] (main) These configurations '[apicurio.registry.url]' were supplied but are not used yet.
2025-08-06 15:41:20,075 INFO  [org.apa.kaf.com.uti.AppInfoParser] (main) Kafka version: 3.9.1
2025-08-06 15:41:20,075 INFO  [org.apa.kaf.com.uti.AppInfoParser] (main) Kafka commitId: f745dfdcee2b9851
2025-08-06 15:41:20,075 INFO  [org.apa.kaf.com.uti.AppInfoParser] (main) Kafka startTimeMs: 1754494880075
2025-08-06 15:41:20,075 INFO  [org.apa.kaf.cli.con.int.ClassicKafkaConsumer] (Thread-700) [Consumer clientId=consumer-Consumer-topic-9671c7ae_1d5c_4887_84ab_804af74438d8-13, groupId=Consumer-topic-9671c7ae_1d5c_4887_84ab_804af74438d8] Subscribed to topic(s): topic-9671c7ae_1d5c_4887_84ab_804af74438d8
2025-08-06 15:41:20,082 INFO  [org.apa.kaf.cli.Metadata] (Thread-700) [Consumer clientId=consumer-Consumer-topic-9671c7ae_1d5c_4887_84ab_804af74438d8-13, groupId=Consumer-topic-9671c7ae_1d5c_4887_84ab_804af74438d8] Cluster ID: QWxucHVARmyNXcabXl68yQ
2025-08-06 15:41:20,083 INFO  [org.apa.kaf.cli.con.int.ConsumerCoordinator] (Thread-700) [Consumer clientId=consumer-Consumer-topic-9671c7ae_1d5c_4887_84ab_804af74438d8-13, groupId=Consumer-topic-9671c7ae_1d5c_4887_84ab_804af74438d8] Discovered group coordinator localhost:32769 (id: 2147483647 rack: null)
2025-08-06 15:41:20,086 INFO  [org.apa.kaf.cli.con.int.ConsumerCoordinator] (Thread-700) [Consumer clientId=consumer-Consumer-topic-9671c7ae_1d5c_4887_84ab_804af74438d8-13, groupId=Consumer-topic-9671c7ae_1d5c_4887_84ab_804af74438d8] (Re-)joining group
2025-08-06 15:41:20,091 INFO  [org.apa.kaf.cli.con.int.ConsumerCoordinator] (Thread-700) [Consumer clientId=consumer-Consumer-topic-9671c7ae_1d5c_4887_84ab_804af74438d8-13, groupId=Consumer-topic-9671c7ae_1d5c_4887_84ab_804af74438d8] Request joining group due to: need to re-join with the given member-id: consumer-Consumer-topic-9671c7ae_1d5c_4887_84ab_804af74438d8-13-3cdadfdf-1ac1-403b-ad62-d765d6232bd9
2025-08-06 15:41:20,092 INFO  [org.apa.kaf.cli.con.int.ConsumerCoordinator] (Thread-700) [Consumer clientId=consumer-Consumer-topic-9671c7ae_1d5c_4887_84ab_804af74438d8-13, groupId=Consumer-topic-9671c7ae_1d5c_4887_84ab_804af74438d8] (Re-)joining group
2025-08-06 15:41:21,075 INFO  [io.api.tes.ser.api.KafkaSerdesTester] (Thread-700) None found
2025-08-06 15:41:22,076 INFO  [io.api.tes.ser.api.KafkaSerdesTester] (Thread-700) None found
2025-08-06 15:41:23,076 INFO  [io.api.tes.ser.api.KafkaSerdesTester] (Thread-700) None found
2025-08-06 15:41:23,093 INFO  [org.apa.kaf.cli.con.int.ConsumerCoordinator] (Thread-700) [Consumer clientId=consumer-Consumer-topic-9671c7ae_1d5c_4887_84ab_804af74438d8-13, groupId=Consumer-topic-9671c7ae_1d5c_4887_84ab_804af74438d8] Successfully joined group with generation Generation{generationId=1, memberId='consumer-Consumer-topic-9671c7ae_1d5c_4887_84ab_804af74438d8-13-3cdadfdf-1ac1-403b-ad62-d765d6232bd9', protocol='range'}
2025-08-06 15:41:23,094 INFO  [org.apa.kaf.cli.con.int.ConsumerCoordinator] (Thread-700) [Consumer clientId=consumer-Consumer-topic-9671c7ae_1d5c_4887_84ab_804af74438d8-13, groupId=Consumer-topic-9671c7ae_1d5c_4887_84ab_804af74438d8] Finished assignment for group at generation 1: {consumer-Consumer-topic-9671c7ae_1d5c_4887_84ab_804af74438d8-13-3cdadfdf-1ac1-403b-ad62-d765d6232bd9=Assignment(partitions=[topic-9671c7ae_1d5c_4887_84ab_804af74438d8-0])}
2025-08-06 15:41:23,101 INFO  [org.apa.kaf.cli.con.int.ConsumerCoordinator] (Thread-700) [Consumer clientId=consumer-Consumer-topic-9671c7ae_1d5c_4887_84ab_804af74438d8-13, groupId=Consumer-topic-9671c7ae_1d5c_4887_84ab_804af74438d8] Successfully synced group in generation Generation{generationId=1, memberId='consumer-Consumer-topic-9671c7ae_1d5c_4887_84ab_804af74438d8-13-3cdadfdf-1ac1-403b-ad62-d765d6232bd9', protocol='range'}
2025-08-06 15:41:23,101 INFO  [org.apa.kaf.cli.con.int.ConsumerCoordinator] (Thread-700) [Consumer clientId=consumer-Consumer-topic-9671c7ae_1d5c_4887_84ab_804af74438d8-13, groupId=Consumer-topic-9671c7ae_1d5c_4887_84ab_804af74438d8] Notifying assignor about the new Assignment(partitions=[topic-9671c7ae_1d5c_4887_84ab_804af74438d8-0])
2025-08-06 15:41:23,101 INFO  [org.apa.kaf.cli.con.int.ConsumerRebalanceListenerInvoker] (Thread-700) [Consumer clientId=consumer-Consumer-topic-9671c7ae_1d5c_4887_84ab_804af74438d8-13, groupId=Consumer-topic-9671c7ae_1d5c_4887_84ab_804af74438d8] Adding newly assigned partitions: topic-9671c7ae_1d5c_4887_84ab_804af74438d8-0
2025-08-06 15:41:23,102 INFO  [org.apa.kaf.cli.con.int.ConsumerCoordinator] (Thread-700) [Consumer clientId=consumer-Consumer-topic-9671c7ae_1d5c_4887_84ab_804af74438d8-13, groupId=Consumer-topic-9671c7ae_1d5c_4887_84ab_804af74438d8] Found no committed offset for partition topic-9671c7ae_1d5c_4887_84ab_804af74438d8-0
2025-08-06 15:41:23,105 INFO  [org.apa.kaf.cli.con.int.SubscriptionState] (Thread-700) [Consumer clientId=consumer-Consumer-topic-9671c7ae_1d5c_4887_84ab_804af74438d8-13, groupId=Consumer-topic-9671c7ae_1d5c_4887_84ab_804af74438d8] Resetting offset for partition topic-9671c7ae_1d5c_4887_84ab_804af74438d8-0 to position FetchPosition{offset=0, offsetEpoch=Optional.empty, currentLeader=LeaderAndEpoch{leader=Optional[localhost:32769 (id: 0 rack: null)], epoch=0}}.
2025-08-06 15:41:23,142 INFO  [io.api.tes.ser.api.KafkaSerdesTester] (Thread-700) topic-9671c7ae_1d5c_4887_84ab_804af74438d8 0 0 {"key11754494878919": "value-0"}
2025-08-06 15:41:23,142 INFO  [io.api.tes.ser.api.KafkaSerdesTester] (Thread-700) topic-9671c7ae_1d5c_4887_84ab_804af74438d8 0 1 {"key11754494878919": "value-1"}
2025-08-06 15:41:23,143 INFO  [io.api.tes.ser.api.KafkaSerdesTester] (Thread-700) topic-9671c7ae_1d5c_4887_84ab_804af74438d8 0 2 {"key11754494878919": "value-2"}
2025-08-06 15:41:23,143 INFO  [io.api.tes.ser.api.KafkaSerdesTester] (Thread-700) topic-9671c7ae_1d5c_4887_84ab_804af74438d8 0 3 {"key11754494878919": "value-3"}
2025-08-06 15:41:23,143 INFO  [io.api.tes.ser.api.KafkaSerdesTester] (Thread-700) topic-9671c7ae_1d5c_4887_84ab_804af74438d8 0 4 {"key11754494878919": "value-4"}
2025-08-06 15:41:23,143 INFO  [io.api.tes.ser.api.KafkaSerdesTester] (Thread-700) topic-9671c7ae_1d5c_4887_84ab_804af74438d8 0 5 {"key11754494878919": "value-5"}
2025-08-06 15:41:23,143 INFO  [io.api.tes.ser.api.KafkaSerdesTester] (Thread-700) topic-9671c7ae_1d5c_4887_84ab_804af74438d8 0 6 {"key11754494878919": "value-6"}
2025-08-06 15:41:23,143 INFO  [io.api.tes.ser.api.KafkaSerdesTester] (Thread-700) topic-9671c7ae_1d5c_4887_84ab_804af74438d8 0 7 {"key11754494878919": "value-7"}
2025-08-06 15:41:23,143 INFO  [io.api.tes.ser.api.KafkaSerdesTester] (Thread-700) topic-9671c7ae_1d5c_4887_84ab_804af74438d8 0 8 {"key11754494878919": "value-8"}
2025-08-06 15:41:23,143 INFO  [io.api.tes.ser.api.KafkaSerdesTester] (Thread-700) topic-9671c7ae_1d5c_4887_84ab_804af74438d8 0 9 {"key11754494878919": "value-9"}
2025-08-06 15:41:23,143 INFO  [io.api.tes.ser.api.KafkaSerdesTester] (Thread-700) Consumed 10 messages
2025-08-06 15:41:23,150 INFO  [org.apa.kaf.cli.con.int.ConsumerRebalanceListenerInvoker] (Thread-700) [Consumer clientId=consumer-Consumer-topic-9671c7ae_1d5c_4887_84ab_804af74438d8-13, groupId=Consumer-topic-9671c7ae_1d5c_4887_84ab_804af74438d8] Revoke previously assigned partitions topic-9671c7ae_1d5c_4887_84ab_804af74438d8-0
2025-08-06 15:41:23,150 INFO  [org.apa.kaf.cli.con.int.ConsumerCoordinator] (Thread-700) [Consumer clientId=consumer-Consumer-topic-9671c7ae_1d5c_4887_84ab_804af74438d8-13, groupId=Consumer-topic-9671c7ae_1d5c_4887_84ab_804af74438d8] Member consumer-Consumer-topic-9671c7ae_1d5c_4887_84ab_804af74438d8-13-3cdadfdf-1ac1-403b-ad62-d765d6232bd9 sending LeaveGroup request to coordinator localhost:32769 (id: 2147483647 rack: null) due to the consumer is being closed
2025-08-06 15:41:23,150 INFO  [org.apa.kaf.cli.con.int.ConsumerCoordinator] (Thread-700) [Consumer clientId=consumer-Consumer-topic-9671c7ae_1d5c_4887_84ab_804af74438d8-13, groupId=Consumer-topic-9671c7ae_1d5c_4887_84ab_804af74438d8] Resetting generation and member id due to: consumer pro-actively leaving the group
2025-08-06 15:41:23,150 INFO  [org.apa.kaf.cli.con.int.ConsumerCoordinator] (Thread-700) [Consumer clientId=consumer-Consumer-topic-9671c7ae_1d5c_4887_84ab_804af74438d8-13, groupId=Consumer-topic-9671c7ae_1d5c_4887_84ab_804af74438d8] Request joining group due to: consumer pro-actively leaving the group
2025-08-06 15:41:23,644 INFO  [org.apa.kaf.com.met.Metrics] (Thread-700) Metrics scheduler closed
2025-08-06 15:41:23,644 INFO  [org.apa.kaf.com.met.Metrics] (Thread-700) Closing reporter org.apache.kafka.common.metrics.JmxReporter
2025-08-06 15:41:23,644 INFO  [org.apa.kaf.com.met.Metrics] (Thread-700) Closing reporter org.apache.kafka.common.telemetry.internals.ClientTelemetryReporter
2025-08-06 15:41:23,644 INFO  [org.apa.kaf.com.met.Metrics] (Thread-700) Metrics reporters closed
2025-08-06 15:41:23,646 INFO  [org.apa.kaf.com.uti.AppInfoParser] (Thread-700) App info kafka.consumer for consumer-Consumer-topic-9671c7ae_1d5c_4887_84ab_804af74438d8-13 unregistered
2025-08-06 15:41:23,647 INFO  [io.api.tes.uti.TestSeparator] (main) io.apicurio.tests.serdes.apicurio.AvroSerdeIT.testTopicRecordIdStrategydFindLatest-FINISHED
2025-08-06 15:41:23,647 INFO  [io.api.tes.uti.TestSeparator] (main) ############################################################################
Test passed: testTopicRecordIdStrategydFindLatest
]]></system-out>
  </testcase>
  <testcase name="testAvroConfluentForMultipleTopics" classname="io.apicurio.tests.serdes.apicurio.AvroSerdeIT" time="12.03">
    <system-out><![CDATA[2025-08-06 15:41:23,648 INFO  [io.api.tes.uti.TestSeparator] (main) ############################################################################
2025-08-06 15:41:23,648 INFO  [io.api.tes.uti.TestSeparator] (main) io.apicurio.tests.serdes.apicurio.AvroSerdeIT.testAvroConfluentForMultipleTopics-STARTED
2025-08-06 15:41:23,651 INFO  [io.api.tes.ser.api.AvroSerdeIT] (main) Registering Avro Schema: {"type":"record","name":"myrecordconfluent","fields":[{"name":"key11754494883648","type":"string"}]}
**** Registry Base URL: http://registry-app-ksql047.apps.ci419.apicurio-testing.org:80
2025-08-06 15:41:24,724 INFO  [org.apa.kaf.cli.pro.ProducerConfig] (main) ProducerConfig values: 
	acks = -1
	auto.include.jmx.reporter = true
	batch.size = 16384
	bootstrap.servers = [PLAINTEXT://localhost:32769]
	buffer.memory = 33554432
	client.dns.lookup = use_all_dns_ips
	client.id = Producer-topic-9181b49a_31fe_4197_bbaf_168d9aef1405
	compression.gzip.level = -1
	compression.lz4.level = 9
	compression.type = none
	compression.zstd.level = 3
	connections.max.idle.ms = 10000
	delivery.timeout.ms = 120000
	enable.idempotence = true
	enable.metrics.push = true
	interceptor.classes = []
	key.serializer = class org.apache.kafka.common.serialization.StringSerializer
	linger.ms = 0
	max.block.ms = 60000
	max.in.flight.requests.per.connection = 5
	max.request.size = 1048576
	metadata.max.age.ms = 300000
	metadata.max.idle.ms = 300000
	metadata.recovery.strategy = none
	metric.reporters = []
	metrics.num.samples = 2
	metrics.recording.level = INFO
	metrics.sample.window.ms = 30000
	partitioner.adaptive.partitioning.enable = true
	partitioner.availability.timeout.ms = 0
	partitioner.class = null
	partitioner.ignore.keys = false
	receive.buffer.bytes = 32768
	reconnect.backoff.max.ms = 1000
	reconnect.backoff.ms = 50
	request.timeout.ms = 5000
	retries = 2147483647
	retry.backoff.max.ms = 1000
	retry.backoff.ms = 100
	sasl.client.callback.handler.class = null
	sasl.jaas.config = null
	sasl.kerberos.kinit.cmd = /usr/bin/kinit
	sasl.kerberos.min.time.before.relogin = 60000
	sasl.kerberos.service.name = null
	sasl.kerberos.ticket.renew.jitter = 0.05
	sasl.kerberos.ticket.renew.window.factor = 0.8
	sasl.login.callback.handler.class = null
	sasl.login.class = null
	sasl.login.connect.timeout.ms = null
	sasl.login.read.timeout.ms = null
	sasl.login.refresh.buffer.seconds = 300
	sasl.login.refresh.min.period.seconds = 60
	sasl.login.refresh.window.factor = 0.8
	sasl.login.refresh.window.jitter = 0.05
	sasl.login.retry.backoff.max.ms = 10000
	sasl.login.retry.backoff.ms = 100
	sasl.mechanism = GSSAPI
	sasl.oauthbearer.clock.skew.seconds = 30
	sasl.oauthbearer.expected.audience = null
	sasl.oauthbearer.expected.issuer = null
	sasl.oauthbearer.header.urlencode = false
	sasl.oauthbearer.jwks.endpoint.refresh.ms = 3600000
	sasl.oauthbearer.jwks.endpoint.retry.backoff.max.ms = 10000
	sasl.oauthbearer.jwks.endpoint.retry.backoff.ms = 100
	sasl.oauthbearer.jwks.endpoint.url = null
	sasl.oauthbearer.scope.claim.name = scope
	sasl.oauthbearer.sub.claim.name = sub
	sasl.oauthbearer.token.endpoint.url = null
	security.protocol = PLAINTEXT
	security.providers = null
	send.buffer.bytes = 131072
	socket.connection.setup.timeout.max.ms = 30000
	socket.connection.setup.timeout.ms = 10000
	ssl.cipher.suites = null
	ssl.enabled.protocols = [TLSv1.2, TLSv1.3]
	ssl.endpoint.identification.algorithm = https
	ssl.engine.factory.class = null
	ssl.key.password = null
	ssl.keymanager.algorithm = SunX509
	ssl.keystore.certificate.chain = null
	ssl.keystore.key = null
	ssl.keystore.location = null
	ssl.keystore.password = null
	ssl.keystore.type = JKS
	ssl.protocol = TLSv1.3
	ssl.provider = null
	ssl.secure.random.implementation = null
	ssl.trustmanager.algorithm = PKIX
	ssl.truststore.certificates = null
	ssl.truststore.location = null
	ssl.truststore.password = null
	ssl.truststore.type = JKS
	transaction.timeout.ms = 60000
	transactional.id = null
	value.serializer = class io.apicurio.registry.serde.avro.AvroKafkaSerializer

2025-08-06 15:41:24,724 INFO  [org.apa.kaf.com.tel.int.KafkaMetricsCollector] (main) initializing Kafka metrics collector
2025-08-06 15:41:24,726 INFO  [org.apa.kaf.cli.pro.KafkaProducer] (main) [Producer clientId=Producer-topic-9181b49a_31fe_4197_bbaf_168d9aef1405] Instantiated an idempotent producer.
2025-08-06 15:41:24,730 INFO  [org.apa.kaf.cli.pro.ProducerConfig] (main) These configurations '[apicurio.registry.url, apicurio.registry.artifact-resolver-strategy]' were supplied but are not used yet.
2025-08-06 15:41:24,730 INFO  [org.apa.kaf.com.uti.AppInfoParser] (main) Kafka version: 3.9.1
2025-08-06 15:41:24,730 INFO  [org.apa.kaf.com.uti.AppInfoParser] (main) Kafka commitId: f745dfdcee2b9851
2025-08-06 15:41:24,731 INFO  [org.apa.kaf.com.uti.AppInfoParser] (main) Kafka startTimeMs: 1754494884730
**** Registry Base URL: http://registry-app-ksql047.apps.ci419.apicurio-testing.org:80
2025-08-06 15:41:24,732 INFO  [org.apa.kaf.cli.pro.ProducerConfig] (main) ProducerConfig values: 
	acks = -1
	auto.include.jmx.reporter = true
	batch.size = 16384
	bootstrap.servers = [PLAINTEXT://localhost:32769]
	buffer.memory = 33554432
	client.dns.lookup = use_all_dns_ips
	client.id = Producer-topic-4718a889_cef2_49cd_8345_b2e57555675e
	compression.gzip.level = -1
	compression.lz4.level = 9
	compression.type = none
	compression.zstd.level = 3
	connections.max.idle.ms = 10000
	delivery.timeout.ms = 120000
	enable.idempotence = true
	enable.metrics.push = true
	interceptor.classes = []
	key.serializer = class org.apache.kafka.common.serialization.StringSerializer
	linger.ms = 0
	max.block.ms = 60000
	max.in.flight.requests.per.connection = 5
	max.request.size = 1048576
	metadata.max.age.ms = 300000
	metadata.max.idle.ms = 300000
	metadata.recovery.strategy = none
	metric.reporters = []
	metrics.num.samples = 2
	metrics.recording.level = INFO
	metrics.sample.window.ms = 30000
	partitioner.adaptive.partitioning.enable = true
	partitioner.availability.timeout.ms = 0
	partitioner.class = null
	partitioner.ignore.keys = false
	receive.buffer.bytes = 32768
	reconnect.backoff.max.ms = 1000
	reconnect.backoff.ms = 50
	request.timeout.ms = 5000
	retries = 2147483647
	retry.backoff.max.ms = 1000
	retry.backoff.ms = 100
	sasl.client.callback.handler.class = null
	sasl.jaas.config = null
	sasl.kerberos.kinit.cmd = /usr/bin/kinit
	sasl.kerberos.min.time.before.relogin = 60000
	sasl.kerberos.service.name = null
	sasl.kerberos.ticket.renew.jitter = 0.05
	sasl.kerberos.ticket.renew.window.factor = 0.8
	sasl.login.callback.handler.class = null
	sasl.login.class = null
	sasl.login.connect.timeout.ms = null
	sasl.login.read.timeout.ms = null
	sasl.login.refresh.buffer.seconds = 300
	sasl.login.refresh.min.period.seconds = 60
	sasl.login.refresh.window.factor = 0.8
	sasl.login.refresh.window.jitter = 0.05
	sasl.login.retry.backoff.max.ms = 10000
	sasl.login.retry.backoff.ms = 100
	sasl.mechanism = GSSAPI
	sasl.oauthbearer.clock.skew.seconds = 30
	sasl.oauthbearer.expected.audience = null
	sasl.oauthbearer.expected.issuer = null
	sasl.oauthbearer.header.urlencode = false
	sasl.oauthbearer.jwks.endpoint.refresh.ms = 3600000
	sasl.oauthbearer.jwks.endpoint.retry.backoff.max.ms = 10000
	sasl.oauthbearer.jwks.endpoint.retry.backoff.ms = 100
	sasl.oauthbearer.jwks.endpoint.url = null
	sasl.oauthbearer.scope.claim.name = scope
	sasl.oauthbearer.sub.claim.name = sub
	sasl.oauthbearer.token.endpoint.url = null
	security.protocol = PLAINTEXT
	security.providers = null
	send.buffer.bytes = 131072
	socket.connection.setup.timeout.max.ms = 30000
	socket.connection.setup.timeout.ms = 10000
	ssl.cipher.suites = null
	ssl.enabled.protocols = [TLSv1.2, TLSv1.3]
	ssl.endpoint.identification.algorithm = https
	ssl.engine.factory.class = null
	ssl.key.password = null
	ssl.keymanager.algorithm = SunX509
	ssl.keystore.certificate.chain = null
	ssl.keystore.key = null
	ssl.keystore.location = null
	ssl.keystore.password = null
	ssl.keystore.type = JKS
	ssl.protocol = TLSv1.3
	ssl.provider = null
	ssl.secure.random.implementation = null
	ssl.trustmanager.algorithm = PKIX
	ssl.truststore.certificates = null
	ssl.truststore.location = null
	ssl.truststore.password = null
	ssl.truststore.type = JKS
	transaction.timeout.ms = 60000
	transactional.id = null
	value.serializer = class io.apicurio.registry.serde.avro.AvroKafkaSerializer

2025-08-06 15:41:24,732 INFO  [org.apa.kaf.com.tel.int.KafkaMetricsCollector] (main) initializing Kafka metrics collector
2025-08-06 15:41:24,734 INFO  [org.apa.kaf.cli.Metadata] (kafka-producer-network-thread | Producer-topic-9181b49a_31fe_4197_bbaf_168d9aef1405) [Producer clientId=Producer-topic-9181b49a_31fe_4197_bbaf_168d9aef1405] Cluster ID: QWxucHVARmyNXcabXl68yQ
2025-08-06 15:41:24,735 INFO  [org.apa.kaf.cli.pro.int.TransactionManager] (kafka-producer-network-thread | Producer-topic-9181b49a_31fe_4197_bbaf_168d9aef1405) [Producer clientId=Producer-topic-9181b49a_31fe_4197_bbaf_168d9aef1405] ProducerId set to 19 with epoch 0
2025-08-06 15:41:24,737 INFO  [org.apa.kaf.cli.pro.KafkaProducer] (main) [Producer clientId=Producer-topic-4718a889_cef2_49cd_8345_b2e57555675e] Instantiated an idempotent producer.
2025-08-06 15:41:24,740 INFO  [org.apa.kaf.cli.pro.ProducerConfig] (main) These configurations '[apicurio.registry.url, apicurio.registry.artifact-resolver-strategy]' were supplied but are not used yet.
2025-08-06 15:41:24,740 INFO  [org.apa.kaf.com.uti.AppInfoParser] (main) Kafka version: 3.9.1
2025-08-06 15:41:24,740 INFO  [org.apa.kaf.com.uti.AppInfoParser] (main) Kafka commitId: f745dfdcee2b9851
2025-08-06 15:41:24,740 INFO  [org.apa.kaf.com.uti.AppInfoParser] (main) Kafka startTimeMs: 1754494884740
**** Registry Base URL: http://registry-app-ksql047.apps.ci419.apicurio-testing.org:80
2025-08-06 15:41:24,740 INFO  [org.apa.kaf.cli.pro.ProducerConfig] (main) ProducerConfig values: 
	acks = -1
	auto.include.jmx.reporter = true
	batch.size = 16384
	bootstrap.servers = [PLAINTEXT://localhost:32769]
	buffer.memory = 33554432
	client.dns.lookup = use_all_dns_ips
	client.id = Producer-topic-168f3a9b_1a71_4a16_ad3c_d44cc0851c53
	compression.gzip.level = -1
	compression.lz4.level = 9
	compression.type = none
	compression.zstd.level = 3
	connections.max.idle.ms = 10000
	delivery.timeout.ms = 120000
	enable.idempotence = true
	enable.metrics.push = true
	interceptor.classes = []
	key.serializer = class org.apache.kafka.common.serialization.StringSerializer
	linger.ms = 0
	max.block.ms = 60000
	max.in.flight.requests.per.connection = 5
	max.request.size = 1048576
	metadata.max.age.ms = 300000
	metadata.max.idle.ms = 300000
	metadata.recovery.strategy = none
	metric.reporters = []
	metrics.num.samples = 2
	metrics.recording.level = INFO
	metrics.sample.window.ms = 30000
	partitioner.adaptive.partitioning.enable = true
	partitioner.availability.timeout.ms = 0
	partitioner.class = null
	partitioner.ignore.keys = false
	receive.buffer.bytes = 32768
	reconnect.backoff.max.ms = 1000
	reconnect.backoff.ms = 50
	request.timeout.ms = 5000
	retries = 2147483647
	retry.backoff.max.ms = 1000
	retry.backoff.ms = 100
	sasl.client.callback.handler.class = null
	sasl.jaas.config = null
	sasl.kerberos.kinit.cmd = /usr/bin/kinit
	sasl.kerberos.min.time.before.relogin = 60000
	sasl.kerberos.service.name = null
	sasl.kerberos.ticket.renew.jitter = 0.05
	sasl.kerberos.ticket.renew.window.factor = 0.8
	sasl.login.callback.handler.class = null
	sasl.login.class = null
	sasl.login.connect.timeout.ms = null
	sasl.login.read.timeout.ms = null
	sasl.login.refresh.buffer.seconds = 300
	sasl.login.refresh.min.period.seconds = 60
	sasl.login.refresh.window.factor = 0.8
	sasl.login.refresh.window.jitter = 0.05
	sasl.login.retry.backoff.max.ms = 10000
	sasl.login.retry.backoff.ms = 100
	sasl.mechanism = GSSAPI
	sasl.oauthbearer.clock.skew.seconds = 30
	sasl.oauthbearer.expected.audience = null
	sasl.oauthbearer.expected.issuer = null
	sasl.oauthbearer.header.urlencode = false
	sasl.oauthbearer.jwks.endpoint.refresh.ms = 3600000
	sasl.oauthbearer.jwks.endpoint.retry.backoff.max.ms = 10000
	sasl.oauthbearer.jwks.endpoint.retry.backoff.ms = 100
	sasl.oauthbearer.jwks.endpoint.url = null
	sasl.oauthbearer.scope.claim.name = scope
	sasl.oauthbearer.sub.claim.name = sub
	sasl.oauthbearer.token.endpoint.url = null
	security.protocol = PLAINTEXT
	security.providers = null
	send.buffer.bytes = 131072
	socket.connection.setup.timeout.max.ms = 30000
	socket.connection.setup.timeout.ms = 10000
	ssl.cipher.suites = null
	ssl.enabled.protocols = [TLSv1.2, TLSv1.3]
	ssl.endpoint.identification.algorithm = https
	ssl.engine.factory.class = null
	ssl.key.password = null
	ssl.keymanager.algorithm = SunX509
	ssl.keystore.certificate.chain = null
	ssl.keystore.key = null
	ssl.keystore.location = null
	ssl.keystore.password = null
	ssl.keystore.type = JKS
	ssl.protocol = TLSv1.3
	ssl.provider = null
	ssl.secure.random.implementation = null
	ssl.trustmanager.algorithm = PKIX
	ssl.truststore.certificates = null
	ssl.truststore.location = null
	ssl.truststore.password = null
	ssl.truststore.type = JKS
	transaction.timeout.ms = 60000
	transactional.id = null
	value.serializer = class io.apicurio.registry.serde.avro.AvroKafkaSerializer

2025-08-06 15:41:24,742 INFO  [org.apa.kaf.com.tel.int.KafkaMetricsCollector] (main) initializing Kafka metrics collector
2025-08-06 15:41:24,745 INFO  [org.apa.kaf.cli.Metadata] (kafka-producer-network-thread | Producer-topic-4718a889_cef2_49cd_8345_b2e57555675e) [Producer clientId=Producer-topic-4718a889_cef2_49cd_8345_b2e57555675e] Cluster ID: QWxucHVARmyNXcabXl68yQ
2025-08-06 15:41:24,746 INFO  [org.apa.kaf.cli.pro.int.TransactionManager] (kafka-producer-network-thread | Producer-topic-4718a889_cef2_49cd_8345_b2e57555675e) [Producer clientId=Producer-topic-4718a889_cef2_49cd_8345_b2e57555675e] ProducerId set to 20 with epoch 0
2025-08-06 15:41:24,752 INFO  [org.apa.kaf.cli.pro.KafkaProducer] (main) [Producer clientId=Producer-topic-168f3a9b_1a71_4a16_ad3c_d44cc0851c53] Instantiated an idempotent producer.
2025-08-06 15:41:24,760 INFO  [org.apa.kaf.cli.pro.ProducerConfig] (main) These configurations '[apicurio.registry.url, apicurio.registry.artifact-resolver-strategy]' were supplied but are not used yet.
2025-08-06 15:41:24,761 INFO  [org.apa.kaf.com.uti.AppInfoParser] (main) Kafka version: 3.9.1
2025-08-06 15:41:24,761 INFO  [org.apa.kaf.com.uti.AppInfoParser] (main) Kafka commitId: f745dfdcee2b9851
2025-08-06 15:41:24,761 INFO  [org.apa.kaf.com.uti.AppInfoParser] (main) Kafka startTimeMs: 1754494884760
**** Registry Base URL: http://registry-app-ksql047.apps.ci419.apicurio-testing.org:80
2025-08-06 15:41:24,761 INFO  [org.apa.kaf.cli.con.ConsumerConfig] (main) ConsumerConfig values: 
	allow.auto.create.topics = true
	auto.commit.interval.ms = 500
	auto.include.jmx.reporter = true
	auto.offset.reset = earliest
	bootstrap.servers = [PLAINTEXT://localhost:32769]
	check.crcs = true
	client.dns.lookup = use_all_dns_ips
	client.id = consumer-Consumer-topic-9181b49a_31fe_4197_bbaf_168d9aef1405-14
	client.rack = 
	connections.max.idle.ms = 10000
	default.api.timeout.ms = 60000
	enable.auto.commit = true
	enable.metrics.push = true
	exclude.internal.topics = true
	fetch.max.bytes = 52428800
	fetch.max.wait.ms = 500
	fetch.min.bytes = 1
	group.id = Consumer-topic-9181b49a_31fe_4197_bbaf_168d9aef1405
	group.instance.id = null
	group.protocol = classic
	group.remote.assignor = null
	heartbeat.interval.ms = 3000
	interceptor.classes = []
	internal.leave.group.on.close = true
	internal.throw.on.fetch.stable.offset.unsupported = false
	isolation.level = read_uncommitted
	key.deserializer = class org.apache.kafka.common.serialization.StringDeserializer
	max.partition.fetch.bytes = 1048576
	max.poll.interval.ms = 300000
	max.poll.records = 500
	metadata.max.age.ms = 300000
	metadata.recovery.strategy = none
	metric.reporters = []
	metrics.num.samples = 2
	metrics.recording.level = INFO
	metrics.sample.window.ms = 30000
	partition.assignment.strategy = [class org.apache.kafka.clients.consumer.RangeAssignor, class org.apache.kafka.clients.consumer.CooperativeStickyAssignor]
	receive.buffer.bytes = 65536
	reconnect.backoff.max.ms = 1000
	reconnect.backoff.ms = 50
	request.timeout.ms = 5000
	retry.backoff.max.ms = 1000
	retry.backoff.ms = 100
	sasl.client.callback.handler.class = null
	sasl.jaas.config = null
	sasl.kerberos.kinit.cmd = /usr/bin/kinit
	sasl.kerberos.min.time.before.relogin = 60000
	sasl.kerberos.service.name = null
	sasl.kerberos.ticket.renew.jitter = 0.05
	sasl.kerberos.ticket.renew.window.factor = 0.8
	sasl.login.callback.handler.class = null
	sasl.login.class = null
	sasl.login.connect.timeout.ms = null
	sasl.login.read.timeout.ms = null
	sasl.login.refresh.buffer.seconds = 300
	sasl.login.refresh.min.period.seconds = 60
	sasl.login.refresh.window.factor = 0.8
	sasl.login.refresh.window.jitter = 0.05
	sasl.login.retry.backoff.max.ms = 10000
	sasl.login.retry.backoff.ms = 100
	sasl.mechanism = GSSAPI
	sasl.oauthbearer.clock.skew.seconds = 30
	sasl.oauthbearer.expected.audience = null
	sasl.oauthbearer.expected.issuer = null
	sasl.oauthbearer.header.urlencode = false
	sasl.oauthbearer.jwks.endpoint.refresh.ms = 3600000
	sasl.oauthbearer.jwks.endpoint.retry.backoff.max.ms = 10000
	sasl.oauthbearer.jwks.endpoint.retry.backoff.ms = 100
	sasl.oauthbearer.jwks.endpoint.url = null
	sasl.oauthbearer.scope.claim.name = scope
	sasl.oauthbearer.sub.claim.name = sub
	sasl.oauthbearer.token.endpoint.url = null
	security.protocol = PLAINTEXT
	security.providers = null
	send.buffer.bytes = 131072
	session.timeout.ms = 45000
	socket.connection.setup.timeout.max.ms = 30000
	socket.connection.setup.timeout.ms = 10000
	ssl.cipher.suites = null
	ssl.enabled.protocols = [TLSv1.2, TLSv1.3]
	ssl.endpoint.identification.algorithm = https
	ssl.engine.factory.class = null
	ssl.key.password = null
	ssl.keymanager.algorithm = SunX509
	ssl.keystore.certificate.chain = null
	ssl.keystore.key = null
	ssl.keystore.location = null
	ssl.keystore.password = null
	ssl.keystore.type = JKS
	ssl.protocol = TLSv1.3
	ssl.provider = null
	ssl.secure.random.implementation = null
	ssl.trustmanager.algorithm = PKIX
	ssl.truststore.certificates = null
	ssl.truststore.location = null
	ssl.truststore.password = null
	ssl.truststore.type = JKS
	value.deserializer = class io.apicurio.registry.serde.avro.AvroKafkaDeserializer

2025-08-06 15:41:24,761 INFO  [org.apa.kaf.com.tel.int.KafkaMetricsCollector] (main) initializing Kafka metrics collector
2025-08-06 15:41:24,770 INFO  [org.apa.kaf.cli.Metadata] (kafka-producer-network-thread | Producer-topic-168f3a9b_1a71_4a16_ad3c_d44cc0851c53) [Producer clientId=Producer-topic-168f3a9b_1a71_4a16_ad3c_d44cc0851c53] Cluster ID: QWxucHVARmyNXcabXl68yQ
2025-08-06 15:41:24,771 INFO  [org.apa.kaf.cli.pro.int.TransactionManager] (kafka-producer-network-thread | Producer-topic-168f3a9b_1a71_4a16_ad3c_d44cc0851c53) [Producer clientId=Producer-topic-168f3a9b_1a71_4a16_ad3c_d44cc0851c53] ProducerId set to 21 with epoch 0
2025-08-06 15:41:24,774 INFO  [org.apa.kaf.cli.con.ConsumerConfig] (main) These configurations '[apicurio.registry.url]' were supplied but are not used yet.
2025-08-06 15:41:24,774 INFO  [org.apa.kaf.com.uti.AppInfoParser] (main) Kafka version: 3.9.1
2025-08-06 15:41:24,774 INFO  [org.apa.kaf.com.uti.AppInfoParser] (main) Kafka commitId: f745dfdcee2b9851
2025-08-06 15:41:24,774 INFO  [org.apa.kaf.com.uti.AppInfoParser] (main) Kafka startTimeMs: 1754494884774
**** Registry Base URL: http://registry-app-ksql047.apps.ci419.apicurio-testing.org:80
2025-08-06 15:41:24,774 INFO  [org.apa.kaf.cli.con.ConsumerConfig] (main) ConsumerConfig values: 
	allow.auto.create.topics = true
	auto.commit.interval.ms = 500
	auto.include.jmx.reporter = true
	auto.offset.reset = earliest
	bootstrap.servers = [PLAINTEXT://localhost:32769]
	check.crcs = true
	client.dns.lookup = use_all_dns_ips
	client.id = consumer-Consumer-topic-4718a889_cef2_49cd_8345_b2e57555675e-15
	client.rack = 
	connections.max.idle.ms = 10000
	default.api.timeout.ms = 60000
	enable.auto.commit = true
	enable.metrics.push = true
	exclude.internal.topics = true
	fetch.max.bytes = 52428800
	fetch.max.wait.ms = 500
	fetch.min.bytes = 1
	group.id = Consumer-topic-4718a889_cef2_49cd_8345_b2e57555675e
	group.instance.id = null
	group.protocol = classic
	group.remote.assignor = null
	heartbeat.interval.ms = 3000
	interceptor.classes = []
	internal.leave.group.on.close = true
	internal.throw.on.fetch.stable.offset.unsupported = false
	isolation.level = read_uncommitted
	key.deserializer = class org.apache.kafka.common.serialization.StringDeserializer
	max.partition.fetch.bytes = 1048576
	max.poll.interval.ms = 300000
	max.poll.records = 500
	metadata.max.age.ms = 300000
	metadata.recovery.strategy = none
	metric.reporters = []
	metrics.num.samples = 2
	metrics.recording.level = INFO
	metrics.sample.window.ms = 30000
	partition.assignment.strategy = [class org.apache.kafka.clients.consumer.RangeAssignor, class org.apache.kafka.clients.consumer.CooperativeStickyAssignor]
	receive.buffer.bytes = 65536
	reconnect.backoff.max.ms = 1000
	reconnect.backoff.ms = 50
	request.timeout.ms = 5000
	retry.backoff.max.ms = 1000
	retry.backoff.ms = 100
	sasl.client.callback.handler.class = null
	sasl.jaas.config = null
	sasl.kerberos.kinit.cmd = /usr/bin/kinit
	sasl.kerberos.min.time.before.relogin = 60000
	sasl.kerberos.service.name = null
	sasl.kerberos.ticket.renew.jitter = 0.05
	sasl.kerberos.ticket.renew.window.factor = 0.8
	sasl.login.callback.handler.class = null
	sasl.login.class = null
	sasl.login.connect.timeout.ms = null
	sasl.login.read.timeout.ms = null
	sasl.login.refresh.buffer.seconds = 300
	sasl.login.refresh.min.period.seconds = 60
	sasl.login.refresh.window.factor = 0.8
	sasl.login.refresh.window.jitter = 0.05
	sasl.login.retry.backoff.max.ms = 10000
	sasl.login.retry.backoff.ms = 100
	sasl.mechanism = GSSAPI
	sasl.oauthbearer.clock.skew.seconds = 30
	sasl.oauthbearer.expected.audience = null
	sasl.oauthbearer.expected.issuer = null
	sasl.oauthbearer.header.urlencode = false
	sasl.oauthbearer.jwks.endpoint.refresh.ms = 3600000
	sasl.oauthbearer.jwks.endpoint.retry.backoff.max.ms = 10000
	sasl.oauthbearer.jwks.endpoint.retry.backoff.ms = 100
	sasl.oauthbearer.jwks.endpoint.url = null
	sasl.oauthbearer.scope.claim.name = scope
	sasl.oauthbearer.sub.claim.name = sub
	sasl.oauthbearer.token.endpoint.url = null
	security.protocol = PLAINTEXT
	security.providers = null
	send.buffer.bytes = 131072
	session.timeout.ms = 45000
	socket.connection.setup.timeout.max.ms = 30000
	socket.connection.setup.timeout.ms = 10000
	ssl.cipher.suites = null
	ssl.enabled.protocols = [TLSv1.2, TLSv1.3]
	ssl.endpoint.identification.algorithm = https
	ssl.engine.factory.class = null
	ssl.key.password = null
	ssl.keymanager.algorithm = SunX509
	ssl.keystore.certificate.chain = null
	ssl.keystore.key = null
	ssl.keystore.location = null
	ssl.keystore.password = null
	ssl.keystore.type = JKS
	ssl.protocol = TLSv1.3
	ssl.provider = null
	ssl.secure.random.implementation = null
	ssl.trustmanager.algorithm = PKIX
	ssl.truststore.certificates = null
	ssl.truststore.location = null
	ssl.truststore.password = null
	ssl.truststore.type = JKS
	value.deserializer = class io.apicurio.registry.serde.avro.AvroKafkaDeserializer

2025-08-06 15:41:24,778 INFO  [org.apa.kaf.com.tel.int.KafkaMetricsCollector] (main) initializing Kafka metrics collector
2025-08-06 15:41:24,783 INFO  [org.apa.kaf.cli.con.ConsumerConfig] (main) These configurations '[apicurio.registry.url]' were supplied but are not used yet.
2025-08-06 15:41:24,783 INFO  [org.apa.kaf.com.uti.AppInfoParser] (main) Kafka version: 3.9.1
2025-08-06 15:41:24,783 INFO  [org.apa.kaf.com.uti.AppInfoParser] (main) Kafka commitId: f745dfdcee2b9851
2025-08-06 15:41:24,783 INFO  [org.apa.kaf.com.uti.AppInfoParser] (main) Kafka startTimeMs: 1754494884783
**** Registry Base URL: http://registry-app-ksql047.apps.ci419.apicurio-testing.org:80
2025-08-06 15:41:24,783 INFO  [org.apa.kaf.cli.con.ConsumerConfig] (main) ConsumerConfig values: 
	allow.auto.create.topics = true
	auto.commit.interval.ms = 500
	auto.include.jmx.reporter = true
	auto.offset.reset = earliest
	bootstrap.servers = [PLAINTEXT://localhost:32769]
	check.crcs = true
	client.dns.lookup = use_all_dns_ips
	client.id = consumer-Consumer-topic-168f3a9b_1a71_4a16_ad3c_d44cc0851c53-16
	client.rack = 
	connections.max.idle.ms = 10000
	default.api.timeout.ms = 60000
	enable.auto.commit = true
	enable.metrics.push = true
	exclude.internal.topics = true
	fetch.max.bytes = 52428800
	fetch.max.wait.ms = 500
	fetch.min.bytes = 1
	group.id = Consumer-topic-168f3a9b_1a71_4a16_ad3c_d44cc0851c53
	group.instance.id = null
	group.protocol = classic
	group.remote.assignor = null
	heartbeat.interval.ms = 3000
	interceptor.classes = []
	internal.leave.group.on.close = true
	internal.throw.on.fetch.stable.offset.unsupported = false
	isolation.level = read_uncommitted
	key.deserializer = class org.apache.kafka.common.serialization.StringDeserializer
	max.partition.fetch.bytes = 1048576
	max.poll.interval.ms = 300000
	max.poll.records = 500
	metadata.max.age.ms = 300000
	metadata.recovery.strategy = none
	metric.reporters = []
	metrics.num.samples = 2
	metrics.recording.level = INFO
	metrics.sample.window.ms = 30000
	partition.assignment.strategy = [class org.apache.kafka.clients.consumer.RangeAssignor, class org.apache.kafka.clients.consumer.CooperativeStickyAssignor]
	receive.buffer.bytes = 65536
	reconnect.backoff.max.ms = 1000
	reconnect.backoff.ms = 50
	request.timeout.ms = 5000
	retry.backoff.max.ms = 1000
	retry.backoff.ms = 100
	sasl.client.callback.handler.class = null
	sasl.jaas.config = null
	sasl.kerberos.kinit.cmd = /usr/bin/kinit
	sasl.kerberos.min.time.before.relogin = 60000
	sasl.kerberos.service.name = null
	sasl.kerberos.ticket.renew.jitter = 0.05
	sasl.kerberos.ticket.renew.window.factor = 0.8
	sasl.login.callback.handler.class = null
	sasl.login.class = null
	sasl.login.connect.timeout.ms = null
	sasl.login.read.timeout.ms = null
	sasl.login.refresh.buffer.seconds = 300
	sasl.login.refresh.min.period.seconds = 60
	sasl.login.refresh.window.factor = 0.8
	sasl.login.refresh.window.jitter = 0.05
	sasl.login.retry.backoff.max.ms = 10000
	sasl.login.retry.backoff.ms = 100
	sasl.mechanism = GSSAPI
	sasl.oauthbearer.clock.skew.seconds = 30
	sasl.oauthbearer.expected.audience = null
	sasl.oauthbearer.expected.issuer = null
	sasl.oauthbearer.header.urlencode = false
	sasl.oauthbearer.jwks.endpoint.refresh.ms = 3600000
	sasl.oauthbearer.jwks.endpoint.retry.backoff.max.ms = 10000
	sasl.oauthbearer.jwks.endpoint.retry.backoff.ms = 100
	sasl.oauthbearer.jwks.endpoint.url = null
	sasl.oauthbearer.scope.claim.name = scope
	sasl.oauthbearer.sub.claim.name = sub
	sasl.oauthbearer.token.endpoint.url = null
	security.protocol = PLAINTEXT
	security.providers = null
	send.buffer.bytes = 131072
	session.timeout.ms = 45000
	socket.connection.setup.timeout.max.ms = 30000
	socket.connection.setup.timeout.ms = 10000
	ssl.cipher.suites = null
	ssl.enabled.protocols = [TLSv1.2, TLSv1.3]
	ssl.endpoint.identification.algorithm = https
	ssl.engine.factory.class = null
	ssl.key.password = null
	ssl.keymanager.algorithm = SunX509
	ssl.keystore.certificate.chain = null
	ssl.keystore.key = null
	ssl.keystore.location = null
	ssl.keystore.password = null
	ssl.keystore.type = JKS
	ssl.protocol = TLSv1.3
	ssl.provider = null
	ssl.secure.random.implementation = null
	ssl.trustmanager.algorithm = PKIX
	ssl.truststore.certificates = null
	ssl.truststore.location = null
	ssl.truststore.password = null
	ssl.truststore.type = JKS
	value.deserializer = class io.apicurio.registry.serde.avro.AvroKafkaDeserializer

2025-08-06 15:41:24,783 INFO  [org.apa.kaf.com.tel.int.KafkaMetricsCollector] (main) initializing Kafka metrics collector
2025-08-06 15:41:24,789 INFO  [org.apa.kaf.cli.con.ConsumerConfig] (main) These configurations '[apicurio.registry.url]' were supplied but are not used yet.
2025-08-06 15:41:24,789 INFO  [org.apa.kaf.com.uti.AppInfoParser] (main) Kafka version: 3.9.1
2025-08-06 15:41:24,789 INFO  [org.apa.kaf.com.uti.AppInfoParser] (main) Kafka commitId: f745dfdcee2b9851
2025-08-06 15:41:24,789 INFO  [org.apa.kaf.com.uti.AppInfoParser] (main) Kafka startTimeMs: 1754494884789
2025-08-06 15:41:24,789 INFO  [io.api.tes.ser.api.KafkaSerdesTester] (Thread-713) Sending message {"key11754494883648": "value-0"} to topic topic-9181b49a_31fe_4197_bbaf_168d9aef1405
2025-08-06 15:41:24,791 INFO  [DefaultSchemaResolver] (Thread-713) Retrieving schema content using string: {"type":"record","name":"myrecordconfluent","fields":[{"name":"key11754494883648","type":"string"}]}
2025-08-06 15:41:24,820 INFO  [io.api.tes.ser.api.KafkaSerdesTester] (Thread-713) Sending message {"key11754494883648": "value-1"} to topic topic-9181b49a_31fe_4197_bbaf_168d9aef1405
2025-08-06 15:41:24,822 INFO  [io.api.tes.ser.api.KafkaSerdesTester] (Thread-713) Sending message {"key11754494883648": "value-2"} to topic topic-9181b49a_31fe_4197_bbaf_168d9aef1405
2025-08-06 15:41:24,823 INFO  [io.api.tes.ser.api.KafkaSerdesTester] (Thread-713) Sending message {"key11754494883648": "value-3"} to topic topic-9181b49a_31fe_4197_bbaf_168d9aef1405
2025-08-06 15:41:24,825 INFO  [io.api.tes.ser.api.KafkaSerdesTester] (Thread-713) Sending message {"key11754494883648": "value-4"} to topic topic-9181b49a_31fe_4197_bbaf_168d9aef1405
2025-08-06 15:41:24,826 INFO  [io.api.tes.ser.api.KafkaSerdesTester] (Thread-713) Sending message {"key11754494883648": "value-5"} to topic topic-9181b49a_31fe_4197_bbaf_168d9aef1405
2025-08-06 15:41:24,827 INFO  [io.api.tes.ser.api.KafkaSerdesTester] (Thread-713) Sending message {"key11754494883648": "value-6"} to topic topic-9181b49a_31fe_4197_bbaf_168d9aef1405
2025-08-06 15:41:24,828 INFO  [io.api.tes.ser.api.KafkaSerdesTester] (Thread-713) Sending message {"key11754494883648": "value-7"} to topic topic-9181b49a_31fe_4197_bbaf_168d9aef1405
2025-08-06 15:41:24,829 INFO  [io.api.tes.ser.api.KafkaSerdesTester] (Thread-713) Sending message {"key11754494883648": "value-8"} to topic topic-9181b49a_31fe_4197_bbaf_168d9aef1405
2025-08-06 15:41:24,830 INFO  [io.api.tes.ser.api.KafkaSerdesTester] (Thread-713) Sending message {"key11754494883648": "value-9"} to topic topic-9181b49a_31fe_4197_bbaf_168d9aef1405
2025-08-06 15:41:24,832 INFO  [io.api.tes.ser.api.KafkaSerdesTester] (Thread-713) Produced 10 messages
2025-08-06 15:41:24,832 INFO  [org.apa.kaf.cli.pro.KafkaProducer] (Thread-713) [Producer clientId=Producer-topic-9181b49a_31fe_4197_bbaf_168d9aef1405] Closing the Kafka producer with timeoutMillis = 9223372036854775807 ms.
2025-08-06 15:41:24,835 INFO  [org.apa.kaf.com.met.Metrics] (Thread-713) Metrics scheduler closed
2025-08-06 15:41:24,835 INFO  [org.apa.kaf.com.met.Metrics] (Thread-713) Closing reporter org.apache.kafka.common.metrics.JmxReporter
2025-08-06 15:41:24,835 INFO  [org.apa.kaf.com.met.Metrics] (Thread-713) Closing reporter org.apache.kafka.common.telemetry.internals.ClientTelemetryReporter
2025-08-06 15:41:24,835 INFO  [org.apa.kaf.com.met.Metrics] (Thread-713) Metrics reporters closed
2025-08-06 15:41:24,835 INFO  [org.apa.kaf.com.uti.AppInfoParser] (Thread-713) App info kafka.producer for Producer-topic-9181b49a_31fe_4197_bbaf_168d9aef1405 unregistered
2025-08-06 15:41:24,837 INFO  [io.api.tes.ser.api.KafkaSerdesTester] (Thread-714) Sending message {"key11754494883648": "value-0"} to topic topic-4718a889_cef2_49cd_8345_b2e57555675e
2025-08-06 15:41:24,841 INFO  [DefaultSchemaResolver] (Thread-714) Retrieving schema content using string: {"type":"record","name":"myrecordconfluent","fields":[{"name":"key11754494883648","type":"string"}]}
2025-08-06 15:41:24,879 INFO  [io.api.tes.ser.api.KafkaSerdesTester] (Thread-714) Sending message {"key11754494883648": "value-1"} to topic topic-4718a889_cef2_49cd_8345_b2e57555675e
2025-08-06 15:41:24,881 INFO  [io.api.tes.ser.api.KafkaSerdesTester] (Thread-714) Sending message {"key11754494883648": "value-2"} to topic topic-4718a889_cef2_49cd_8345_b2e57555675e
2025-08-06 15:41:24,882 INFO  [io.api.tes.ser.api.KafkaSerdesTester] (Thread-714) Sending message {"key11754494883648": "value-3"} to topic topic-4718a889_cef2_49cd_8345_b2e57555675e
2025-08-06 15:41:24,884 INFO  [io.api.tes.ser.api.KafkaSerdesTester] (Thread-714) Sending message {"key11754494883648": "value-4"} to topic topic-4718a889_cef2_49cd_8345_b2e57555675e
2025-08-06 15:41:24,885 INFO  [io.api.tes.ser.api.KafkaSerdesTester] (Thread-714) Sending message {"key11754494883648": "value-5"} to topic topic-4718a889_cef2_49cd_8345_b2e57555675e
2025-08-06 15:41:24,886 INFO  [io.api.tes.ser.api.KafkaSerdesTester] (Thread-714) Sending message {"key11754494883648": "value-6"} to topic topic-4718a889_cef2_49cd_8345_b2e57555675e
2025-08-06 15:41:24,887 INFO  [io.api.tes.ser.api.KafkaSerdesTester] (Thread-714) Sending message {"key11754494883648": "value-7"} to topic topic-4718a889_cef2_49cd_8345_b2e57555675e
2025-08-06 15:41:24,889 INFO  [io.api.tes.ser.api.KafkaSerdesTester] (Thread-714) Sending message {"key11754494883648": "value-8"} to topic topic-4718a889_cef2_49cd_8345_b2e57555675e
2025-08-06 15:41:24,890 INFO  [io.api.tes.ser.api.KafkaSerdesTester] (Thread-714) Sending message {"key11754494883648": "value-9"} to topic topic-4718a889_cef2_49cd_8345_b2e57555675e
2025-08-06 15:41:24,892 INFO  [io.api.tes.ser.api.KafkaSerdesTester] (Thread-714) Produced 10 messages
2025-08-06 15:41:24,892 INFO  [org.apa.kaf.cli.pro.KafkaProducer] (Thread-714) [Producer clientId=Producer-topic-4718a889_cef2_49cd_8345_b2e57555675e] Closing the Kafka producer with timeoutMillis = 9223372036854775807 ms.
2025-08-06 15:41:24,894 INFO  [org.apa.kaf.com.met.Metrics] (Thread-714) Metrics scheduler closed
2025-08-06 15:41:24,894 INFO  [org.apa.kaf.com.met.Metrics] (Thread-714) Closing reporter org.apache.kafka.common.metrics.JmxReporter
2025-08-06 15:41:24,894 INFO  [org.apa.kaf.com.met.Metrics] (Thread-714) Closing reporter org.apache.kafka.common.telemetry.internals.ClientTelemetryReporter
2025-08-06 15:41:24,894 INFO  [org.apa.kaf.com.met.Metrics] (Thread-714) Metrics reporters closed
2025-08-06 15:41:24,894 INFO  [org.apa.kaf.com.uti.AppInfoParser] (Thread-714) App info kafka.producer for Producer-topic-4718a889_cef2_49cd_8345_b2e57555675e unregistered
2025-08-06 15:41:24,895 INFO  [io.api.tes.ser.api.KafkaSerdesTester] (Thread-715) Sending message {"key11754494883648": "value-0"} to topic topic-168f3a9b_1a71_4a16_ad3c_d44cc0851c53
2025-08-06 15:41:24,905 INFO  [DefaultSchemaResolver] (Thread-715) Retrieving schema content using string: {"type":"record","name":"myrecordconfluent","fields":[{"name":"key11754494883648","type":"string"}]}
2025-08-06 15:41:24,941 INFO  [io.api.tes.ser.api.KafkaSerdesTester] (Thread-715) Sending message {"key11754494883648": "value-1"} to topic topic-168f3a9b_1a71_4a16_ad3c_d44cc0851c53
2025-08-06 15:41:24,943 INFO  [io.api.tes.ser.api.KafkaSerdesTester] (Thread-715) Sending message {"key11754494883648": "value-2"} to topic topic-168f3a9b_1a71_4a16_ad3c_d44cc0851c53
2025-08-06 15:41:24,944 INFO  [io.api.tes.ser.api.KafkaSerdesTester] (Thread-715) Sending message {"key11754494883648": "value-3"} to topic topic-168f3a9b_1a71_4a16_ad3c_d44cc0851c53
2025-08-06 15:41:24,945 INFO  [io.api.tes.ser.api.KafkaSerdesTester] (Thread-715) Sending message {"key11754494883648": "value-4"} to topic topic-168f3a9b_1a71_4a16_ad3c_d44cc0851c53
2025-08-06 15:41:24,947 INFO  [io.api.tes.ser.api.KafkaSerdesTester] (Thread-715) Sending message {"key11754494883648": "value-5"} to topic topic-168f3a9b_1a71_4a16_ad3c_d44cc0851c53
2025-08-06 15:41:24,949 INFO  [io.api.tes.ser.api.KafkaSerdesTester] (Thread-715) Sending message {"key11754494883648": "value-6"} to topic topic-168f3a9b_1a71_4a16_ad3c_d44cc0851c53
2025-08-06 15:41:24,951 INFO  [io.api.tes.ser.api.KafkaSerdesTester] (Thread-715) Sending message {"key11754494883648": "value-7"} to topic topic-168f3a9b_1a71_4a16_ad3c_d44cc0851c53
2025-08-06 15:41:24,952 INFO  [io.api.tes.ser.api.KafkaSerdesTester] (Thread-715) Sending message {"key11754494883648": "value-8"} to topic topic-168f3a9b_1a71_4a16_ad3c_d44cc0851c53
2025-08-06 15:41:24,955 INFO  [io.api.tes.ser.api.KafkaSerdesTester] (Thread-715) Sending message {"key11754494883648": "value-9"} to topic topic-168f3a9b_1a71_4a16_ad3c_d44cc0851c53
2025-08-06 15:41:24,957 INFO  [io.api.tes.ser.api.KafkaSerdesTester] (Thread-715) Produced 10 messages
2025-08-06 15:41:24,957 INFO  [org.apa.kaf.cli.pro.KafkaProducer] (Thread-715) [Producer clientId=Producer-topic-168f3a9b_1a71_4a16_ad3c_d44cc0851c53] Closing the Kafka producer with timeoutMillis = 9223372036854775807 ms.
2025-08-06 15:41:24,960 INFO  [org.apa.kaf.com.met.Metrics] (Thread-715) Metrics scheduler closed
2025-08-06 15:41:24,960 INFO  [org.apa.kaf.com.met.Metrics] (Thread-715) Closing reporter org.apache.kafka.common.metrics.JmxReporter
2025-08-06 15:41:24,960 INFO  [org.apa.kaf.com.met.Metrics] (Thread-715) Closing reporter org.apache.kafka.common.telemetry.internals.ClientTelemetryReporter
2025-08-06 15:41:24,960 INFO  [org.apa.kaf.com.met.Metrics] (Thread-715) Metrics reporters closed
2025-08-06 15:41:24,960 INFO  [org.apa.kaf.com.uti.AppInfoParser] (Thread-715) App info kafka.producer for Producer-topic-168f3a9b_1a71_4a16_ad3c_d44cc0851c53 unregistered
2025-08-06 15:41:24,961 INFO  [org.apa.kaf.cli.con.int.ClassicKafkaConsumer] (Thread-716) [Consumer clientId=consumer-Consumer-topic-9181b49a_31fe_4197_bbaf_168d9aef1405-14, groupId=Consumer-topic-9181b49a_31fe_4197_bbaf_168d9aef1405] Subscribed to topic(s): topic-9181b49a_31fe_4197_bbaf_168d9aef1405
2025-08-06 15:41:24,970 INFO  [org.apa.kaf.cli.Metadata] (Thread-716) [Consumer clientId=consumer-Consumer-topic-9181b49a_31fe_4197_bbaf_168d9aef1405-14, groupId=Consumer-topic-9181b49a_31fe_4197_bbaf_168d9aef1405] Cluster ID: QWxucHVARmyNXcabXl68yQ
2025-08-06 15:41:24,972 INFO  [org.apa.kaf.cli.con.int.ConsumerCoordinator] (Thread-716) [Consumer clientId=consumer-Consumer-topic-9181b49a_31fe_4197_bbaf_168d9aef1405-14, groupId=Consumer-topic-9181b49a_31fe_4197_bbaf_168d9aef1405] Discovered group coordinator localhost:32769 (id: 2147483647 rack: null)
2025-08-06 15:41:24,976 INFO  [org.apa.kaf.cli.con.int.ConsumerCoordinator] (Thread-716) [Consumer clientId=consumer-Consumer-topic-9181b49a_31fe_4197_bbaf_168d9aef1405-14, groupId=Consumer-topic-9181b49a_31fe_4197_bbaf_168d9aef1405] (Re-)joining group
2025-08-06 15:41:24,980 INFO  [org.apa.kaf.cli.con.int.ConsumerCoordinator] (Thread-716) [Consumer clientId=consumer-Consumer-topic-9181b49a_31fe_4197_bbaf_168d9aef1405-14, groupId=Consumer-topic-9181b49a_31fe_4197_bbaf_168d9aef1405] Request joining group due to: need to re-join with the given member-id: consumer-Consumer-topic-9181b49a_31fe_4197_bbaf_168d9aef1405-14-9c0ac0e6-0058-4f83-80d8-af5bd63e9980
2025-08-06 15:41:24,980 INFO  [org.apa.kaf.cli.con.int.ConsumerCoordinator] (Thread-716) [Consumer clientId=consumer-Consumer-topic-9181b49a_31fe_4197_bbaf_168d9aef1405-14, groupId=Consumer-topic-9181b49a_31fe_4197_bbaf_168d9aef1405] (Re-)joining group
2025-08-06 15:41:25,961 INFO  [io.api.tes.ser.api.KafkaSerdesTester] (Thread-716) None found
2025-08-06 15:41:26,962 INFO  [io.api.tes.ser.api.KafkaSerdesTester] (Thread-716) None found
2025-08-06 15:41:27,962 INFO  [io.api.tes.ser.api.KafkaSerdesTester] (Thread-716) None found
2025-08-06 15:41:27,982 INFO  [org.apa.kaf.cli.con.int.ConsumerCoordinator] (Thread-716) [Consumer clientId=consumer-Consumer-topic-9181b49a_31fe_4197_bbaf_168d9aef1405-14, groupId=Consumer-topic-9181b49a_31fe_4197_bbaf_168d9aef1405] Successfully joined group with generation Generation{generationId=1, memberId='consumer-Consumer-topic-9181b49a_31fe_4197_bbaf_168d9aef1405-14-9c0ac0e6-0058-4f83-80d8-af5bd63e9980', protocol='range'}
2025-08-06 15:41:27,983 INFO  [org.apa.kaf.cli.con.int.ConsumerCoordinator] (Thread-716) [Consumer clientId=consumer-Consumer-topic-9181b49a_31fe_4197_bbaf_168d9aef1405-14, groupId=Consumer-topic-9181b49a_31fe_4197_bbaf_168d9aef1405] Finished assignment for group at generation 1: {consumer-Consumer-topic-9181b49a_31fe_4197_bbaf_168d9aef1405-14-9c0ac0e6-0058-4f83-80d8-af5bd63e9980=Assignment(partitions=[topic-9181b49a_31fe_4197_bbaf_168d9aef1405-0])}
2025-08-06 15:41:27,988 INFO  [org.apa.kaf.cli.con.int.ConsumerCoordinator] (Thread-716) [Consumer clientId=consumer-Consumer-topic-9181b49a_31fe_4197_bbaf_168d9aef1405-14, groupId=Consumer-topic-9181b49a_31fe_4197_bbaf_168d9aef1405] Successfully synced group in generation Generation{generationId=1, memberId='consumer-Consumer-topic-9181b49a_31fe_4197_bbaf_168d9aef1405-14-9c0ac0e6-0058-4f83-80d8-af5bd63e9980', protocol='range'}
2025-08-06 15:41:27,988 INFO  [org.apa.kaf.cli.con.int.ConsumerCoordinator] (Thread-716) [Consumer clientId=consumer-Consumer-topic-9181b49a_31fe_4197_bbaf_168d9aef1405-14, groupId=Consumer-topic-9181b49a_31fe_4197_bbaf_168d9aef1405] Notifying assignor about the new Assignment(partitions=[topic-9181b49a_31fe_4197_bbaf_168d9aef1405-0])
2025-08-06 15:41:27,989 INFO  [org.apa.kaf.cli.con.int.ConsumerRebalanceListenerInvoker] (Thread-716) [Consumer clientId=consumer-Consumer-topic-9181b49a_31fe_4197_bbaf_168d9aef1405-14, groupId=Consumer-topic-9181b49a_31fe_4197_bbaf_168d9aef1405] Adding newly assigned partitions: topic-9181b49a_31fe_4197_bbaf_168d9aef1405-0
2025-08-06 15:41:27,989 INFO  [org.apa.kaf.cli.con.int.ConsumerCoordinator] (Thread-716) [Consumer clientId=consumer-Consumer-topic-9181b49a_31fe_4197_bbaf_168d9aef1405-14, groupId=Consumer-topic-9181b49a_31fe_4197_bbaf_168d9aef1405] Found no committed offset for partition topic-9181b49a_31fe_4197_bbaf_168d9aef1405-0
2025-08-06 15:41:27,993 INFO  [org.apa.kaf.cli.con.int.SubscriptionState] (Thread-716) [Consumer clientId=consumer-Consumer-topic-9181b49a_31fe_4197_bbaf_168d9aef1405-14, groupId=Consumer-topic-9181b49a_31fe_4197_bbaf_168d9aef1405] Resetting offset for partition topic-9181b49a_31fe_4197_bbaf_168d9aef1405-0 to position FetchPosition{offset=0, offsetEpoch=Optional.empty, currentLeader=LeaderAndEpoch{leader=Optional[localhost:32769 (id: 0 rack: null)], epoch=0}}.
2025-08-06 15:41:28,034 INFO  [io.api.tes.ser.api.KafkaSerdesTester] (Thread-716) topic-9181b49a_31fe_4197_bbaf_168d9aef1405 0 0 {"key11754494883648": "value-0"}
2025-08-06 15:41:28,034 INFO  [io.api.tes.ser.api.KafkaSerdesTester] (Thread-716) topic-9181b49a_31fe_4197_bbaf_168d9aef1405 0 1 {"key11754494883648": "value-1"}
2025-08-06 15:41:28,034 INFO  [io.api.tes.ser.api.KafkaSerdesTester] (Thread-716) topic-9181b49a_31fe_4197_bbaf_168d9aef1405 0 2 {"key11754494883648": "value-2"}
2025-08-06 15:41:28,034 INFO  [io.api.tes.ser.api.KafkaSerdesTester] (Thread-716) topic-9181b49a_31fe_4197_bbaf_168d9aef1405 0 3 {"key11754494883648": "value-3"}
2025-08-06 15:41:28,034 INFO  [io.api.tes.ser.api.KafkaSerdesTester] (Thread-716) topic-9181b49a_31fe_4197_bbaf_168d9aef1405 0 4 {"key11754494883648": "value-4"}
2025-08-06 15:41:28,034 INFO  [io.api.tes.ser.api.KafkaSerdesTester] (Thread-716) topic-9181b49a_31fe_4197_bbaf_168d9aef1405 0 5 {"key11754494883648": "value-5"}
2025-08-06 15:41:28,034 INFO  [io.api.tes.ser.api.KafkaSerdesTester] (Thread-716) topic-9181b49a_31fe_4197_bbaf_168d9aef1405 0 6 {"key11754494883648": "value-6"}
2025-08-06 15:41:28,034 INFO  [io.api.tes.ser.api.KafkaSerdesTester] (Thread-716) topic-9181b49a_31fe_4197_bbaf_168d9aef1405 0 7 {"key11754494883648": "value-7"}
2025-08-06 15:41:28,034 INFO  [io.api.tes.ser.api.KafkaSerdesTester] (Thread-716) topic-9181b49a_31fe_4197_bbaf_168d9aef1405 0 8 {"key11754494883648": "value-8"}
2025-08-06 15:41:28,034 INFO  [io.api.tes.ser.api.KafkaSerdesTester] (Thread-716) topic-9181b49a_31fe_4197_bbaf_168d9aef1405 0 9 {"key11754494883648": "value-9"}
2025-08-06 15:41:28,034 INFO  [io.api.tes.ser.api.KafkaSerdesTester] (Thread-716) Consumed 10 messages
2025-08-06 15:41:28,042 INFO  [org.apa.kaf.cli.con.int.ConsumerRebalanceListenerInvoker] (Thread-716) [Consumer clientId=consumer-Consumer-topic-9181b49a_31fe_4197_bbaf_168d9aef1405-14, groupId=Consumer-topic-9181b49a_31fe_4197_bbaf_168d9aef1405] Revoke previously assigned partitions topic-9181b49a_31fe_4197_bbaf_168d9aef1405-0
2025-08-06 15:41:28,042 INFO  [org.apa.kaf.cli.con.int.ConsumerCoordinator] (Thread-716) [Consumer clientId=consumer-Consumer-topic-9181b49a_31fe_4197_bbaf_168d9aef1405-14, groupId=Consumer-topic-9181b49a_31fe_4197_bbaf_168d9aef1405] Member consumer-Consumer-topic-9181b49a_31fe_4197_bbaf_168d9aef1405-14-9c0ac0e6-0058-4f83-80d8-af5bd63e9980 sending LeaveGroup request to coordinator localhost:32769 (id: 2147483647 rack: null) due to the consumer is being closed
2025-08-06 15:41:28,043 INFO  [org.apa.kaf.cli.con.int.ConsumerCoordinator] (Thread-716) [Consumer clientId=consumer-Consumer-topic-9181b49a_31fe_4197_bbaf_168d9aef1405-14, groupId=Consumer-topic-9181b49a_31fe_4197_bbaf_168d9aef1405] Resetting generation and member id due to: consumer pro-actively leaving the group
2025-08-06 15:41:28,043 INFO  [org.apa.kaf.cli.con.int.ConsumerCoordinator] (Thread-716) [Consumer clientId=consumer-Consumer-topic-9181b49a_31fe_4197_bbaf_168d9aef1405-14, groupId=Consumer-topic-9181b49a_31fe_4197_bbaf_168d9aef1405] Request joining group due to: consumer pro-actively leaving the group
2025-08-06 15:41:28,538 INFO  [org.apa.kaf.com.met.Metrics] (Thread-716) Metrics scheduler closed
2025-08-06 15:41:28,538 INFO  [org.apa.kaf.com.met.Metrics] (Thread-716) Closing reporter org.apache.kafka.common.metrics.JmxReporter
2025-08-06 15:41:28,538 INFO  [org.apa.kaf.com.met.Metrics] (Thread-716) Closing reporter org.apache.kafka.common.telemetry.internals.ClientTelemetryReporter
2025-08-06 15:41:28,538 INFO  [org.apa.kaf.com.met.Metrics] (Thread-716) Metrics reporters closed
2025-08-06 15:41:28,540 INFO  [org.apa.kaf.com.uti.AppInfoParser] (Thread-716) App info kafka.consumer for consumer-Consumer-topic-9181b49a_31fe_4197_bbaf_168d9aef1405-14 unregistered
2025-08-06 15:41:28,542 INFO  [org.apa.kaf.cli.con.int.ClassicKafkaConsumer] (Thread-717) [Consumer clientId=consumer-Consumer-topic-4718a889_cef2_49cd_8345_b2e57555675e-15, groupId=Consumer-topic-4718a889_cef2_49cd_8345_b2e57555675e] Subscribed to topic(s): topic-4718a889_cef2_49cd_8345_b2e57555675e
2025-08-06 15:41:28,548 INFO  [org.apa.kaf.cli.Metadata] (Thread-717) [Consumer clientId=consumer-Consumer-topic-4718a889_cef2_49cd_8345_b2e57555675e-15, groupId=Consumer-topic-4718a889_cef2_49cd_8345_b2e57555675e] Cluster ID: QWxucHVARmyNXcabXl68yQ
2025-08-06 15:41:28,549 INFO  [org.apa.kaf.cli.con.int.ConsumerCoordinator] (Thread-717) [Consumer clientId=consumer-Consumer-topic-4718a889_cef2_49cd_8345_b2e57555675e-15, groupId=Consumer-topic-4718a889_cef2_49cd_8345_b2e57555675e] Discovered group coordinator localhost:32769 (id: 2147483647 rack: null)
2025-08-06 15:41:28,550 INFO  [org.apa.kaf.cli.con.int.ConsumerCoordinator] (Thread-717) [Consumer clientId=consumer-Consumer-topic-4718a889_cef2_49cd_8345_b2e57555675e-15, groupId=Consumer-topic-4718a889_cef2_49cd_8345_b2e57555675e] (Re-)joining group
2025-08-06 15:41:28,553 INFO  [org.apa.kaf.cli.con.int.ConsumerCoordinator] (Thread-717) [Consumer clientId=consumer-Consumer-topic-4718a889_cef2_49cd_8345_b2e57555675e-15, groupId=Consumer-topic-4718a889_cef2_49cd_8345_b2e57555675e] Request joining group due to: need to re-join with the given member-id: consumer-Consumer-topic-4718a889_cef2_49cd_8345_b2e57555675e-15-d076329b-bc63-4cbf-8cf5-c3aec0e7276c
2025-08-06 15:41:28,553 INFO  [org.apa.kaf.cli.con.int.ConsumerCoordinator] (Thread-717) [Consumer clientId=consumer-Consumer-topic-4718a889_cef2_49cd_8345_b2e57555675e-15, groupId=Consumer-topic-4718a889_cef2_49cd_8345_b2e57555675e] (Re-)joining group
2025-08-06 15:41:29,543 INFO  [io.api.tes.ser.api.KafkaSerdesTester] (Thread-717) None found
2025-08-06 15:41:30,543 INFO  [io.api.tes.ser.api.KafkaSerdesTester] (Thread-717) None found
2025-08-06 15:41:31,543 INFO  [io.api.tes.ser.api.KafkaSerdesTester] (Thread-717) None found
2025-08-06 15:41:31,553 INFO  [org.apa.kaf.cli.con.int.ConsumerCoordinator] (Thread-717) [Consumer clientId=consumer-Consumer-topic-4718a889_cef2_49cd_8345_b2e57555675e-15, groupId=Consumer-topic-4718a889_cef2_49cd_8345_b2e57555675e] Successfully joined group with generation Generation{generationId=1, memberId='consumer-Consumer-topic-4718a889_cef2_49cd_8345_b2e57555675e-15-d076329b-bc63-4cbf-8cf5-c3aec0e7276c', protocol='range'}
2025-08-06 15:41:31,554 INFO  [org.apa.kaf.cli.con.int.ConsumerCoordinator] (Thread-717) [Consumer clientId=consumer-Consumer-topic-4718a889_cef2_49cd_8345_b2e57555675e-15, groupId=Consumer-topic-4718a889_cef2_49cd_8345_b2e57555675e] Finished assignment for group at generation 1: {consumer-Consumer-topic-4718a889_cef2_49cd_8345_b2e57555675e-15-d076329b-bc63-4cbf-8cf5-c3aec0e7276c=Assignment(partitions=[topic-4718a889_cef2_49cd_8345_b2e57555675e-0])}
2025-08-06 15:41:31,560 INFO  [org.apa.kaf.cli.con.int.ConsumerCoordinator] (Thread-717) [Consumer clientId=consumer-Consumer-topic-4718a889_cef2_49cd_8345_b2e57555675e-15, groupId=Consumer-topic-4718a889_cef2_49cd_8345_b2e57555675e] Successfully synced group in generation Generation{generationId=1, memberId='consumer-Consumer-topic-4718a889_cef2_49cd_8345_b2e57555675e-15-d076329b-bc63-4cbf-8cf5-c3aec0e7276c', protocol='range'}
2025-08-06 15:41:31,560 INFO  [org.apa.kaf.cli.con.int.ConsumerCoordinator] (Thread-717) [Consumer clientId=consumer-Consumer-topic-4718a889_cef2_49cd_8345_b2e57555675e-15, groupId=Consumer-topic-4718a889_cef2_49cd_8345_b2e57555675e] Notifying assignor about the new Assignment(partitions=[topic-4718a889_cef2_49cd_8345_b2e57555675e-0])
2025-08-06 15:41:31,560 INFO  [org.apa.kaf.cli.con.int.ConsumerRebalanceListenerInvoker] (Thread-717) [Consumer clientId=consumer-Consumer-topic-4718a889_cef2_49cd_8345_b2e57555675e-15, groupId=Consumer-topic-4718a889_cef2_49cd_8345_b2e57555675e] Adding newly assigned partitions: topic-4718a889_cef2_49cd_8345_b2e57555675e-0
2025-08-06 15:41:31,561 INFO  [org.apa.kaf.cli.con.int.ConsumerCoordinator] (Thread-717) [Consumer clientId=consumer-Consumer-topic-4718a889_cef2_49cd_8345_b2e57555675e-15, groupId=Consumer-topic-4718a889_cef2_49cd_8345_b2e57555675e] Found no committed offset for partition topic-4718a889_cef2_49cd_8345_b2e57555675e-0
2025-08-06 15:41:31,564 INFO  [org.apa.kaf.cli.con.int.SubscriptionState] (Thread-717) [Consumer clientId=consumer-Consumer-topic-4718a889_cef2_49cd_8345_b2e57555675e-15, groupId=Consumer-topic-4718a889_cef2_49cd_8345_b2e57555675e] Resetting offset for partition topic-4718a889_cef2_49cd_8345_b2e57555675e-0 to position FetchPosition{offset=0, offsetEpoch=Optional.empty, currentLeader=LeaderAndEpoch{leader=Optional[localhost:32769 (id: 0 rack: null)], epoch=0}}.
2025-08-06 15:41:31,600 INFO  [io.api.tes.ser.api.KafkaSerdesTester] (Thread-717) topic-4718a889_cef2_49cd_8345_b2e57555675e 0 0 {"key11754494883648": "value-0"}
2025-08-06 15:41:31,600 INFO  [io.api.tes.ser.api.KafkaSerdesTester] (Thread-717) topic-4718a889_cef2_49cd_8345_b2e57555675e 0 1 {"key11754494883648": "value-1"}
2025-08-06 15:41:31,600 INFO  [io.api.tes.ser.api.KafkaSerdesTester] (Thread-717) topic-4718a889_cef2_49cd_8345_b2e57555675e 0 2 {"key11754494883648": "value-2"}
2025-08-06 15:41:31,600 INFO  [io.api.tes.ser.api.KafkaSerdesTester] (Thread-717) topic-4718a889_cef2_49cd_8345_b2e57555675e 0 3 {"key11754494883648": "value-3"}
2025-08-06 15:41:31,600 INFO  [io.api.tes.ser.api.KafkaSerdesTester] (Thread-717) topic-4718a889_cef2_49cd_8345_b2e57555675e 0 4 {"key11754494883648": "value-4"}
2025-08-06 15:41:31,600 INFO  [io.api.tes.ser.api.KafkaSerdesTester] (Thread-717) topic-4718a889_cef2_49cd_8345_b2e57555675e 0 5 {"key11754494883648": "value-5"}
2025-08-06 15:41:31,600 INFO  [io.api.tes.ser.api.KafkaSerdesTester] (Thread-717) topic-4718a889_cef2_49cd_8345_b2e57555675e 0 6 {"key11754494883648": "value-6"}
2025-08-06 15:41:31,600 INFO  [io.api.tes.ser.api.KafkaSerdesTester] (Thread-717) topic-4718a889_cef2_49cd_8345_b2e57555675e 0 7 {"key11754494883648": "value-7"}
2025-08-06 15:41:31,600 INFO  [io.api.tes.ser.api.KafkaSerdesTester] (Thread-717) topic-4718a889_cef2_49cd_8345_b2e57555675e 0 8 {"key11754494883648": "value-8"}
2025-08-06 15:41:31,600 INFO  [io.api.tes.ser.api.KafkaSerdesTester] (Thread-717) topic-4718a889_cef2_49cd_8345_b2e57555675e 0 9 {"key11754494883648": "value-9"}
2025-08-06 15:41:31,600 INFO  [io.api.tes.ser.api.KafkaSerdesTester] (Thread-717) Consumed 10 messages
2025-08-06 15:41:31,607 INFO  [org.apa.kaf.cli.con.int.ConsumerRebalanceListenerInvoker] (Thread-717) [Consumer clientId=consumer-Consumer-topic-4718a889_cef2_49cd_8345_b2e57555675e-15, groupId=Consumer-topic-4718a889_cef2_49cd_8345_b2e57555675e] Revoke previously assigned partitions topic-4718a889_cef2_49cd_8345_b2e57555675e-0
2025-08-06 15:41:31,607 INFO  [org.apa.kaf.cli.con.int.ConsumerCoordinator] (Thread-717) [Consumer clientId=consumer-Consumer-topic-4718a889_cef2_49cd_8345_b2e57555675e-15, groupId=Consumer-topic-4718a889_cef2_49cd_8345_b2e57555675e] Member consumer-Consumer-topic-4718a889_cef2_49cd_8345_b2e57555675e-15-d076329b-bc63-4cbf-8cf5-c3aec0e7276c sending LeaveGroup request to coordinator localhost:32769 (id: 2147483647 rack: null) due to the consumer is being closed
2025-08-06 15:41:31,607 INFO  [org.apa.kaf.cli.con.int.ConsumerCoordinator] (Thread-717) [Consumer clientId=consumer-Consumer-topic-4718a889_cef2_49cd_8345_b2e57555675e-15, groupId=Consumer-topic-4718a889_cef2_49cd_8345_b2e57555675e] Resetting generation and member id due to: consumer pro-actively leaving the group
2025-08-06 15:41:31,607 INFO  [org.apa.kaf.cli.con.int.ConsumerCoordinator] (Thread-717) [Consumer clientId=consumer-Consumer-topic-4718a889_cef2_49cd_8345_b2e57555675e-15, groupId=Consumer-topic-4718a889_cef2_49cd_8345_b2e57555675e] Request joining group due to: consumer pro-actively leaving the group
2025-08-06 15:41:32,102 INFO  [org.apa.kaf.com.met.Metrics] (Thread-717) Metrics scheduler closed
2025-08-06 15:41:32,102 INFO  [org.apa.kaf.com.met.Metrics] (Thread-717) Closing reporter org.apache.kafka.common.metrics.JmxReporter
2025-08-06 15:41:32,102 INFO  [org.apa.kaf.com.met.Metrics] (Thread-717) Closing reporter org.apache.kafka.common.telemetry.internals.ClientTelemetryReporter
2025-08-06 15:41:32,102 INFO  [org.apa.kaf.com.met.Metrics] (Thread-717) Metrics reporters closed
2025-08-06 15:41:32,105 INFO  [org.apa.kaf.com.uti.AppInfoParser] (Thread-717) App info kafka.consumer for consumer-Consumer-topic-4718a889_cef2_49cd_8345_b2e57555675e-15 unregistered
2025-08-06 15:41:32,108 INFO  [org.apa.kaf.cli.con.int.ClassicKafkaConsumer] (Thread-718) [Consumer clientId=consumer-Consumer-topic-168f3a9b_1a71_4a16_ad3c_d44cc0851c53-16, groupId=Consumer-topic-168f3a9b_1a71_4a16_ad3c_d44cc0851c53] Subscribed to topic(s): topic-168f3a9b_1a71_4a16_ad3c_d44cc0851c53
2025-08-06 15:41:32,114 INFO  [org.apa.kaf.cli.Metadata] (Thread-718) [Consumer clientId=consumer-Consumer-topic-168f3a9b_1a71_4a16_ad3c_d44cc0851c53-16, groupId=Consumer-topic-168f3a9b_1a71_4a16_ad3c_d44cc0851c53] Cluster ID: QWxucHVARmyNXcabXl68yQ
2025-08-06 15:41:32,117 INFO  [org.apa.kaf.cli.con.int.ConsumerCoordinator] (Thread-718) [Consumer clientId=consumer-Consumer-topic-168f3a9b_1a71_4a16_ad3c_d44cc0851c53-16, groupId=Consumer-topic-168f3a9b_1a71_4a16_ad3c_d44cc0851c53] Discovered group coordinator localhost:32769 (id: 2147483647 rack: null)
2025-08-06 15:41:32,119 INFO  [org.apa.kaf.cli.con.int.ConsumerCoordinator] (Thread-718) [Consumer clientId=consumer-Consumer-topic-168f3a9b_1a71_4a16_ad3c_d44cc0851c53-16, groupId=Consumer-topic-168f3a9b_1a71_4a16_ad3c_d44cc0851c53] (Re-)joining group
2025-08-06 15:41:32,120 INFO  [org.apa.kaf.cli.con.int.ConsumerCoordinator] (Thread-718) [Consumer clientId=consumer-Consumer-topic-168f3a9b_1a71_4a16_ad3c_d44cc0851c53-16, groupId=Consumer-topic-168f3a9b_1a71_4a16_ad3c_d44cc0851c53] Request joining group due to: need to re-join with the given member-id: consumer-Consumer-topic-168f3a9b_1a71_4a16_ad3c_d44cc0851c53-16-c05f0aeb-4fd9-425a-93ba-ebc3dbf4fb7b
2025-08-06 15:41:32,120 INFO  [org.apa.kaf.cli.con.int.ConsumerCoordinator] (Thread-718) [Consumer clientId=consumer-Consumer-topic-168f3a9b_1a71_4a16_ad3c_d44cc0851c53-16, groupId=Consumer-topic-168f3a9b_1a71_4a16_ad3c_d44cc0851c53] (Re-)joining group
2025-08-06 15:41:33,108 INFO  [io.api.tes.ser.api.KafkaSerdesTester] (Thread-718) None found
2025-08-06 15:41:34,108 INFO  [io.api.tes.ser.api.KafkaSerdesTester] (Thread-718) None found
2025-08-06 15:41:35,108 INFO  [io.api.tes.ser.api.KafkaSerdesTester] (Thread-718) None found
2025-08-06 15:41:35,122 INFO  [org.apa.kaf.cli.con.int.ConsumerCoordinator] (Thread-718) [Consumer clientId=consumer-Consumer-topic-168f3a9b_1a71_4a16_ad3c_d44cc0851c53-16, groupId=Consumer-topic-168f3a9b_1a71_4a16_ad3c_d44cc0851c53] Successfully joined group with generation Generation{generationId=1, memberId='consumer-Consumer-topic-168f3a9b_1a71_4a16_ad3c_d44cc0851c53-16-c05f0aeb-4fd9-425a-93ba-ebc3dbf4fb7b', protocol='range'}
2025-08-06 15:41:35,122 INFO  [org.apa.kaf.cli.con.int.ConsumerCoordinator] (Thread-718) [Consumer clientId=consumer-Consumer-topic-168f3a9b_1a71_4a16_ad3c_d44cc0851c53-16, groupId=Consumer-topic-168f3a9b_1a71_4a16_ad3c_d44cc0851c53] Finished assignment for group at generation 1: {consumer-Consumer-topic-168f3a9b_1a71_4a16_ad3c_d44cc0851c53-16-c05f0aeb-4fd9-425a-93ba-ebc3dbf4fb7b=Assignment(partitions=[topic-168f3a9b_1a71_4a16_ad3c_d44cc0851c53-0])}
2025-08-06 15:41:35,129 INFO  [org.apa.kaf.cli.con.int.ConsumerCoordinator] (Thread-718) [Consumer clientId=consumer-Consumer-topic-168f3a9b_1a71_4a16_ad3c_d44cc0851c53-16, groupId=Consumer-topic-168f3a9b_1a71_4a16_ad3c_d44cc0851c53] Successfully synced group in generation Generation{generationId=1, memberId='consumer-Consumer-topic-168f3a9b_1a71_4a16_ad3c_d44cc0851c53-16-c05f0aeb-4fd9-425a-93ba-ebc3dbf4fb7b', protocol='range'}
2025-08-06 15:41:35,129 INFO  [org.apa.kaf.cli.con.int.ConsumerCoordinator] (Thread-718) [Consumer clientId=consumer-Consumer-topic-168f3a9b_1a71_4a16_ad3c_d44cc0851c53-16, groupId=Consumer-topic-168f3a9b_1a71_4a16_ad3c_d44cc0851c53] Notifying assignor about the new Assignment(partitions=[topic-168f3a9b_1a71_4a16_ad3c_d44cc0851c53-0])
2025-08-06 15:41:35,129 INFO  [org.apa.kaf.cli.con.int.ConsumerRebalanceListenerInvoker] (Thread-718) [Consumer clientId=consumer-Consumer-topic-168f3a9b_1a71_4a16_ad3c_d44cc0851c53-16, groupId=Consumer-topic-168f3a9b_1a71_4a16_ad3c_d44cc0851c53] Adding newly assigned partitions: topic-168f3a9b_1a71_4a16_ad3c_d44cc0851c53-0
2025-08-06 15:41:35,129 INFO  [org.apa.kaf.cli.con.int.ConsumerCoordinator] (Thread-718) [Consumer clientId=consumer-Consumer-topic-168f3a9b_1a71_4a16_ad3c_d44cc0851c53-16, groupId=Consumer-topic-168f3a9b_1a71_4a16_ad3c_d44cc0851c53] Found no committed offset for partition topic-168f3a9b_1a71_4a16_ad3c_d44cc0851c53-0
2025-08-06 15:41:35,133 INFO  [org.apa.kaf.cli.con.int.SubscriptionState] (Thread-718) [Consumer clientId=consumer-Consumer-topic-168f3a9b_1a71_4a16_ad3c_d44cc0851c53-16, groupId=Consumer-topic-168f3a9b_1a71_4a16_ad3c_d44cc0851c53] Resetting offset for partition topic-168f3a9b_1a71_4a16_ad3c_d44cc0851c53-0 to position FetchPosition{offset=0, offsetEpoch=Optional.empty, currentLeader=LeaderAndEpoch{leader=Optional[localhost:32769 (id: 0 rack: null)], epoch=0}}.
2025-08-06 15:41:35,175 INFO  [io.api.tes.ser.api.KafkaSerdesTester] (Thread-718) topic-168f3a9b_1a71_4a16_ad3c_d44cc0851c53 0 0 {"key11754494883648": "value-0"}
2025-08-06 15:41:35,175 INFO  [io.api.tes.ser.api.KafkaSerdesTester] (Thread-718) topic-168f3a9b_1a71_4a16_ad3c_d44cc0851c53 0 1 {"key11754494883648": "value-1"}
2025-08-06 15:41:35,175 INFO  [io.api.tes.ser.api.KafkaSerdesTester] (Thread-718) topic-168f3a9b_1a71_4a16_ad3c_d44cc0851c53 0 2 {"key11754494883648": "value-2"}
2025-08-06 15:41:35,175 INFO  [io.api.tes.ser.api.KafkaSerdesTester] (Thread-718) topic-168f3a9b_1a71_4a16_ad3c_d44cc0851c53 0 3 {"key11754494883648": "value-3"}
2025-08-06 15:41:35,175 INFO  [io.api.tes.ser.api.KafkaSerdesTester] (Thread-718) topic-168f3a9b_1a71_4a16_ad3c_d44cc0851c53 0 4 {"key11754494883648": "value-4"}
2025-08-06 15:41:35,175 INFO  [io.api.tes.ser.api.KafkaSerdesTester] (Thread-718) topic-168f3a9b_1a71_4a16_ad3c_d44cc0851c53 0 5 {"key11754494883648": "value-5"}
2025-08-06 15:41:35,175 INFO  [io.api.tes.ser.api.KafkaSerdesTester] (Thread-718) topic-168f3a9b_1a71_4a16_ad3c_d44cc0851c53 0 6 {"key11754494883648": "value-6"}
2025-08-06 15:41:35,175 INFO  [io.api.tes.ser.api.KafkaSerdesTester] (Thread-718) topic-168f3a9b_1a71_4a16_ad3c_d44cc0851c53 0 7 {"key11754494883648": "value-7"}
2025-08-06 15:41:35,175 INFO  [io.api.tes.ser.api.KafkaSerdesTester] (Thread-718) topic-168f3a9b_1a71_4a16_ad3c_d44cc0851c53 0 8 {"key11754494883648": "value-8"}
2025-08-06 15:41:35,175 INFO  [io.api.tes.ser.api.KafkaSerdesTester] (Thread-718) topic-168f3a9b_1a71_4a16_ad3c_d44cc0851c53 0 9 {"key11754494883648": "value-9"}
2025-08-06 15:41:35,175 INFO  [io.api.tes.ser.api.KafkaSerdesTester] (Thread-718) Consumed 10 messages
2025-08-06 15:41:35,184 INFO  [org.apa.kaf.cli.con.int.ConsumerRebalanceListenerInvoker] (Thread-718) [Consumer clientId=consumer-Consumer-topic-168f3a9b_1a71_4a16_ad3c_d44cc0851c53-16, groupId=Consumer-topic-168f3a9b_1a71_4a16_ad3c_d44cc0851c53] Revoke previously assigned partitions topic-168f3a9b_1a71_4a16_ad3c_d44cc0851c53-0
2025-08-06 15:41:35,184 INFO  [org.apa.kaf.cli.con.int.ConsumerCoordinator] (Thread-718) [Consumer clientId=consumer-Consumer-topic-168f3a9b_1a71_4a16_ad3c_d44cc0851c53-16, groupId=Consumer-topic-168f3a9b_1a71_4a16_ad3c_d44cc0851c53] Member consumer-Consumer-topic-168f3a9b_1a71_4a16_ad3c_d44cc0851c53-16-c05f0aeb-4fd9-425a-93ba-ebc3dbf4fb7b sending LeaveGroup request to coordinator localhost:32769 (id: 2147483647 rack: null) due to the consumer is being closed
2025-08-06 15:41:35,184 INFO  [org.apa.kaf.cli.con.int.ConsumerCoordinator] (Thread-718) [Consumer clientId=consumer-Consumer-topic-168f3a9b_1a71_4a16_ad3c_d44cc0851c53-16, groupId=Consumer-topic-168f3a9b_1a71_4a16_ad3c_d44cc0851c53] Resetting generation and member id due to: consumer pro-actively leaving the group
2025-08-06 15:41:35,184 INFO  [org.apa.kaf.cli.con.int.ConsumerCoordinator] (Thread-718) [Consumer clientId=consumer-Consumer-topic-168f3a9b_1a71_4a16_ad3c_d44cc0851c53-16, groupId=Consumer-topic-168f3a9b_1a71_4a16_ad3c_d44cc0851c53] Request joining group due to: consumer pro-actively leaving the group
2025-08-06 15:41:35,674 INFO  [org.apa.kaf.com.met.Metrics] (Thread-718) Metrics scheduler closed
2025-08-06 15:41:35,674 INFO  [org.apa.kaf.com.met.Metrics] (Thread-718) Closing reporter org.apache.kafka.common.metrics.JmxReporter
2025-08-06 15:41:35,674 INFO  [org.apa.kaf.com.met.Metrics] (Thread-718) Closing reporter org.apache.kafka.common.telemetry.internals.ClientTelemetryReporter
2025-08-06 15:41:35,674 INFO  [org.apa.kaf.com.met.Metrics] (Thread-718) Metrics reporters closed
2025-08-06 15:41:35,676 INFO  [org.apa.kaf.com.uti.AppInfoParser] (Thread-718) App info kafka.consumer for consumer-Consumer-topic-168f3a9b_1a71_4a16_ad3c_d44cc0851c53-16 unregistered
2025-08-06 15:41:35,676 INFO  [io.api.tes.uti.TestSeparator] (main) io.apicurio.tests.serdes.apicurio.AvroSerdeIT.testAvroConfluentForMultipleTopics-FINISHED
2025-08-06 15:41:35,677 INFO  [io.api.tes.uti.TestSeparator] (main) ############################################################################
Test passed: testAvroConfluentForMultipleTopics
]]></system-out>
  </testcase>
  <testcase name="testFirstRequestFailsRateLimited" classname="io.apicurio.tests.serdes.apicurio.AvroSerdeIT" time="0.989">
    <system-out><![CDATA[2025-08-06 15:41:35,678 INFO  [io.api.tes.uti.TestSeparator] (main) ############################################################################
2025-08-06 15:41:35,678 INFO  [io.api.tes.uti.TestSeparator] (main) io.apicurio.tests.serdes.apicurio.AvroSerdeIT.testFirstRequestFailsRateLimited-STARTED
2025-08-06 15:41:36,139 WARN  [org.ecl.jet.ser.AbstractConnector] (main) Acceptors should be <= availableProcessors: NetworkTrafficServerConnector@71bc7d1e{HTTP/1.1, (http/1.1, h2c)}{0.0.0.0:0} 
2025-08-06 15:41:36,248 INFO  [org.ecl.jet.ser.Server] (main) jetty-11.0.15; built: 2023-04-11T18:37:53.775Z; git: 5bc5e562c8d05c5862505aebe5cf83a61bdbcb96; jvm 17.0.16+8
2025-08-06 15:41:36,289 INFO  [org.ecl.jet.ser.han.ContextHandler] (main) Started o.e.j.s.ServletContextHandler@7c095332{/__admin,null,AVAILABLE}
2025-08-06 15:41:36,306 INFO  [org.ecl.jet.ser.han.Con.ROOT] (main) RequestHandlerClass from context returned com.github.tomakehurst.wiremock.http.StubRequestHandler. Normalized mapped under returned 'null'
2025-08-06 15:41:36,308 INFO  [org.ecl.jet.ser.han.ContextHandler] (main) Started o.e.j.s.ServletContextHandler@ba59da9{/,null,AVAILABLE}
2025-08-06 15:41:36,318 INFO  [org.ecl.jet.ser.AbstractConnector] (main) Started NetworkTrafficServerConnector@71bc7d1e{HTTP/1.1, (http/1.1, h2c)}{0.0.0.0:35639}
2025-08-06 15:41:36,319 INFO  [org.ecl.jet.ser.Server] (main) Started Server@b41c538{STARTING}[11.0.15,sto=1000] @111251ms
**** Registry Base URL: http://registry-app-ksql047.apps.ci419.apicurio-testing.org:80
2025-08-06 15:41:36,334 INFO  [org.apa.kaf.cli.pro.ProducerConfig] (main) ProducerConfig values: 
	acks = -1
	auto.include.jmx.reporter = true
	batch.size = 16384
	bootstrap.servers = [PLAINTEXT://localhost:32769]
	buffer.memory = 33554432
	client.dns.lookup = use_all_dns_ips
	client.id = Producer-topic-59095baa_612a_40f1_b39d_a35e7822eee7
	compression.gzip.level = -1
	compression.lz4.level = 9
	compression.type = none
	compression.zstd.level = 3
	connections.max.idle.ms = 10000
	delivery.timeout.ms = 120000
	enable.idempotence = true
	enable.metrics.push = true
	interceptor.classes = []
	key.serializer = class org.apache.kafka.common.serialization.StringSerializer
	linger.ms = 0
	max.block.ms = 60000
	max.in.flight.requests.per.connection = 5
	max.request.size = 1048576
	metadata.max.age.ms = 300000
	metadata.max.idle.ms = 300000
	metadata.recovery.strategy = none
	metric.reporters = []
	metrics.num.samples = 2
	metrics.recording.level = INFO
	metrics.sample.window.ms = 30000
	partitioner.adaptive.partitioning.enable = true
	partitioner.availability.timeout.ms = 0
	partitioner.class = null
	partitioner.ignore.keys = false
	receive.buffer.bytes = 32768
	reconnect.backoff.max.ms = 1000
	reconnect.backoff.ms = 50
	request.timeout.ms = 5000
	retries = 2147483647
	retry.backoff.max.ms = 1000
	retry.backoff.ms = 100
	sasl.client.callback.handler.class = null
	sasl.jaas.config = null
	sasl.kerberos.kinit.cmd = /usr/bin/kinit
	sasl.kerberos.min.time.before.relogin = 60000
	sasl.kerberos.service.name = null
	sasl.kerberos.ticket.renew.jitter = 0.05
	sasl.kerberos.ticket.renew.window.factor = 0.8
	sasl.login.callback.handler.class = null
	sasl.login.class = null
	sasl.login.connect.timeout.ms = null
	sasl.login.read.timeout.ms = null
	sasl.login.refresh.buffer.seconds = 300
	sasl.login.refresh.min.period.seconds = 60
	sasl.login.refresh.window.factor = 0.8
	sasl.login.refresh.window.jitter = 0.05
	sasl.login.retry.backoff.max.ms = 10000
	sasl.login.retry.backoff.ms = 100
	sasl.mechanism = GSSAPI
	sasl.oauthbearer.clock.skew.seconds = 30
	sasl.oauthbearer.expected.audience = null
	sasl.oauthbearer.expected.issuer = null
	sasl.oauthbearer.header.urlencode = false
	sasl.oauthbearer.jwks.endpoint.refresh.ms = 3600000
	sasl.oauthbearer.jwks.endpoint.retry.backoff.max.ms = 10000
	sasl.oauthbearer.jwks.endpoint.retry.backoff.ms = 100
	sasl.oauthbearer.jwks.endpoint.url = null
	sasl.oauthbearer.scope.claim.name = scope
	sasl.oauthbearer.sub.claim.name = sub
	sasl.oauthbearer.token.endpoint.url = null
	security.protocol = PLAINTEXT
	security.providers = null
	send.buffer.bytes = 131072
	socket.connection.setup.timeout.max.ms = 30000
	socket.connection.setup.timeout.ms = 10000
	ssl.cipher.suites = null
	ssl.enabled.protocols = [TLSv1.2, TLSv1.3]
	ssl.endpoint.identification.algorithm = https
	ssl.engine.factory.class = null
	ssl.key.password = null
	ssl.keymanager.algorithm = SunX509
	ssl.keystore.certificate.chain = null
	ssl.keystore.key = null
	ssl.keystore.location = null
	ssl.keystore.password = null
	ssl.keystore.type = JKS
	ssl.protocol = TLSv1.3
	ssl.provider = null
	ssl.secure.random.implementation = null
	ssl.trustmanager.algorithm = PKIX
	ssl.truststore.certificates = null
	ssl.truststore.location = null
	ssl.truststore.password = null
	ssl.truststore.type = JKS
	transaction.timeout.ms = 60000
	transactional.id = null
	value.serializer = class io.apicurio.registry.serde.avro.AvroKafkaSerializer

2025-08-06 15:41:36,334 INFO  [org.apa.kaf.com.tel.int.KafkaMetricsCollector] (main) initializing Kafka metrics collector
2025-08-06 15:41:36,337 INFO  [org.apa.kaf.cli.pro.KafkaProducer] (main) [Producer clientId=Producer-topic-59095baa_612a_40f1_b39d_a35e7822eee7] Instantiated an idempotent producer.
2025-08-06 15:41:36,340 INFO  [org.apa.kaf.cli.pro.ProducerConfig] (main) These configurations '[apicurio.registry.url, apicurio.registry.artifact-resolver-strategy]' were supplied but are not used yet.
2025-08-06 15:41:36,340 INFO  [org.apa.kaf.com.uti.AppInfoParser] (main) Kafka version: 3.9.1
2025-08-06 15:41:36,340 INFO  [org.apa.kaf.com.uti.AppInfoParser] (main) Kafka commitId: f745dfdcee2b9851
2025-08-06 15:41:36,340 INFO  [org.apa.kaf.com.uti.AppInfoParser] (main) Kafka startTimeMs: 1754494896340
2025-08-06 15:41:36,344 INFO  [io.api.tes.ser.api.KafkaSerdesTester] (Thread-729) Sending message {"keyB": "value-0"} to topic topic-59095baa_612a_40f1_b39d_a35e7822eee7
2025-08-06 15:41:36,345 INFO  [org.apa.kaf.cli.Metadata] (kafka-producer-network-thread | Producer-topic-59095baa_612a_40f1_b39d_a35e7822eee7) [Producer clientId=Producer-topic-59095baa_612a_40f1_b39d_a35e7822eee7] Cluster ID: QWxucHVARmyNXcabXl68yQ
2025-08-06 15:41:36,346 INFO  [org.apa.kaf.cli.pro.int.TransactionManager] (kafka-producer-network-thread | Producer-topic-59095baa_612a_40f1_b39d_a35e7822eee7) [Producer clientId=Producer-topic-59095baa_612a_40f1_b39d_a35e7822eee7] ProducerId set to 22 with epoch 0
2025-08-06 15:41:36,350 WARN  [org.apa.kaf.cli.NetworkClient] (kafka-producer-network-thread | Producer-topic-59095baa_612a_40f1_b39d_a35e7822eee7) [Producer clientId=Producer-topic-59095baa_612a_40f1_b39d_a35e7822eee7] The metadata response from the cluster reported a recoverable issue with correlation id 4 : {topic-59095baa_612a_40f1_b39d_a35e7822eee7=UNKNOWN_TOPIC_OR_PARTITION}
2025-08-06 15:41:36,468 INFO  [DefaultSchemaResolver] (Thread-729) Retrieving schema content using string: {"type":"record","name":"myrecord","namespace":"mygroup","fields":[{"name":"keyB","type":"string"}]}
2025-08-06 15:41:36,649 INFO  [org.apa.kaf.cli.pro.KafkaProducer] (Thread-729) [Producer clientId=Producer-topic-59095baa_612a_40f1_b39d_a35e7822eee7] Closing the Kafka producer with timeoutMillis = 9223372036854775807 ms.
2025-08-06 15:41:36,652 INFO  [org.apa.kaf.com.met.Metrics] (Thread-729) Metrics scheduler closed
2025-08-06 15:41:36,652 INFO  [org.apa.kaf.com.met.Metrics] (Thread-729) Closing reporter org.apache.kafka.common.metrics.JmxReporter
2025-08-06 15:41:36,652 INFO  [org.apa.kaf.com.met.Metrics] (Thread-729) Closing reporter org.apache.kafka.common.telemetry.internals.ClientTelemetryReporter
2025-08-06 15:41:36,652 INFO  [org.apa.kaf.com.met.Metrics] (Thread-729) Metrics reporters closed
2025-08-06 15:41:36,652 INFO  [org.apa.kaf.com.uti.AppInfoParser] (Thread-729) App info kafka.producer for Producer-topic-59095baa_612a_40f1_b39d_a35e7822eee7 unregistered
2025-08-06 15:41:36,656 INFO  [org.ecl.jet.ser.Server] (main) Stopped Server@b41c538{STOPPING}[11.0.15,sto=1000]
2025-08-06 15:41:36,656 INFO  [org.ecl.jet.ser.Server] (main) Shutdown Server@b41c538{STOPPING}[11.0.15,sto=1000]
2025-08-06 15:41:36,662 INFO  [org.ecl.jet.ser.AbstractConnector] (main) Stopped NetworkTrafficServerConnector@71bc7d1e{HTTP/1.1, (http/1.1, h2c)}{0.0.0.0:0}
2025-08-06 15:41:36,664 INFO  [org.ecl.jet.ser.han.ContextHandler] (main) Stopped o.e.j.s.ServletContextHandler@ba59da9{/,null,STOPPED}
2025-08-06 15:41:36,664 INFO  [org.ecl.jet.ser.han.ContextHandler] (main) Stopped o.e.j.s.ServletContextHandler@7c095332{/__admin,null,STOPPED}
2025-08-06 15:41:36,666 INFO  [io.api.tes.uti.TestSeparator] (main) io.apicurio.tests.serdes.apicurio.AvroSerdeIT.testFirstRequestFailsRateLimited-FINISHED
2025-08-06 15:41:36,666 INFO  [io.api.tes.uti.TestSeparator] (main) ############################################################################
Test passed: testFirstRequestFailsRateLimited
]]></system-out>
    <system-err><![CDATA[com.microsoft.kiota.ApiException: the server returned an unexpected status code and no error class is registered for this code 429
	at com.microsoft.kiota.ApiExceptionBuilder.withMessage(ApiExceptionBuilder.java:45)
	at io.kiota.http.vertx.VertXRequestAdapter.throwIfFailedResponse(VertXRequestAdapter.java:370)
	at io.kiota.http.vertx.VertXRequestAdapter.send(VertXRequestAdapter.java:170)
	at io.apicurio.registry.rest.client.search.versions.VersionsRequestBuilder.post(VersionsRequestBuilder.java:94)
	at io.apicurio.registry.resolver.client.RegistryClientFacadeImpl.searchVersionsByContent(RegistryClientFacadeImpl.java:106)
	at io.apicurio.registry.resolver.DefaultSchemaResolver.lambda$handleResolveSchemaByContent$3(DefaultSchemaResolver.java:258)
	at io.apicurio.registry.resolver.cache.ERCache.lambda$getValue$0(ERCache.java:174)
	at io.apicurio.registry.resolver.cache.ERCache.retry(ERCache.java:227)
	at io.apicurio.registry.resolver.cache.ERCache.getValue(ERCache.java:173)
	at io.apicurio.registry.resolver.cache.ERCache.getByContent(ERCache.java:147)
	at io.apicurio.registry.resolver.DefaultSchemaResolver.handleResolveSchemaByContent(DefaultSchemaResolver.java:253)
	at io.apicurio.registry.resolver.DefaultSchemaResolver.getSchemaFromRegistry(DefaultSchemaResolver.java:138)
	at io.apicurio.registry.resolver.DefaultSchemaResolver.lambda$resolveSchema$0(DefaultSchemaResolver.java:84)
	at java.base/java.util.Optional.orElseGet(Optional.java:364)
	at io.apicurio.registry.resolver.DefaultSchemaResolver.resolveSchema(DefaultSchemaResolver.java:84)
	at io.apicurio.registry.serde.AbstractSerializer.serializeData(AbstractSerializer.java:62)
	at io.apicurio.registry.serde.KafkaSerializer.serialize(KafkaSerializer.java:77)
	at org.apache.kafka.clients.producer.KafkaProducer.doSend(KafkaProducer.java:1046)
	at org.apache.kafka.clients.producer.KafkaProducer.send(KafkaProducer.java:993)
	at org.apache.kafka.clients.producer.KafkaProducer.send(KafkaProducer.java:875)
	at io.apicurio.tests.serdes.apicurio.KafkaSerdesTester.lambda$produceMessages$3(KafkaSerdesTester.java:138)
	at java.base/java.util.concurrent.CompletableFuture$AsyncSupply.run(CompletableFuture.java:1768)
	at java.base/java.lang.Thread.run(Thread.java:840)
]]></system-err>
  </testcase>
  <testcase name="testFirstEmptyFieldConfusedAsMagicByte" classname="io.apicurio.tests.serdes.apicurio.AvroSerdeIT" time="3.85">
    <system-out><![CDATA[2025-08-06 15:41:36,667 INFO  [io.api.tes.uti.TestSeparator] (main) ############################################################################
2025-08-06 15:41:36,667 INFO  [io.api.tes.uti.TestSeparator] (main) io.apicurio.tests.serdes.apicurio.AvroSerdeIT.testFirstEmptyFieldConfusedAsMagicByte-STARTED
**** Registry Base URL: http://registry-app-ksql047.apps.ci419.apicurio-testing.org:80
2025-08-06 15:41:36,671 INFO  [org.apa.kaf.cli.pro.ProducerConfig] (main) ProducerConfig values: 
	acks = -1
	auto.include.jmx.reporter = true
	batch.size = 16384
	bootstrap.servers = [PLAINTEXT://localhost:32769]
	buffer.memory = 33554432
	client.dns.lookup = use_all_dns_ips
	client.id = Producer-topic-182d3734_a8e4_4925_8524_e1a160ba26ba
	compression.gzip.level = -1
	compression.lz4.level = 9
	compression.type = none
	compression.zstd.level = 3
	connections.max.idle.ms = 10000
	delivery.timeout.ms = 120000
	enable.idempotence = true
	enable.metrics.push = true
	interceptor.classes = []
	key.serializer = class org.apache.kafka.common.serialization.StringSerializer
	linger.ms = 0
	max.block.ms = 60000
	max.in.flight.requests.per.connection = 5
	max.request.size = 1048576
	metadata.max.age.ms = 300000
	metadata.max.idle.ms = 300000
	metadata.recovery.strategy = none
	metric.reporters = []
	metrics.num.samples = 2
	metrics.recording.level = INFO
	metrics.sample.window.ms = 30000
	partitioner.adaptive.partitioning.enable = true
	partitioner.availability.timeout.ms = 0
	partitioner.class = null
	partitioner.ignore.keys = false
	receive.buffer.bytes = 32768
	reconnect.backoff.max.ms = 1000
	reconnect.backoff.ms = 50
	request.timeout.ms = 5000
	retries = 2147483647
	retry.backoff.max.ms = 1000
	retry.backoff.ms = 100
	sasl.client.callback.handler.class = null
	sasl.jaas.config = null
	sasl.kerberos.kinit.cmd = /usr/bin/kinit
	sasl.kerberos.min.time.before.relogin = 60000
	sasl.kerberos.service.name = null
	sasl.kerberos.ticket.renew.jitter = 0.05
	sasl.kerberos.ticket.renew.window.factor = 0.8
	sasl.login.callback.handler.class = null
	sasl.login.class = null
	sasl.login.connect.timeout.ms = null
	sasl.login.read.timeout.ms = null
	sasl.login.refresh.buffer.seconds = 300
	sasl.login.refresh.min.period.seconds = 60
	sasl.login.refresh.window.factor = 0.8
	sasl.login.refresh.window.jitter = 0.05
	sasl.login.retry.backoff.max.ms = 10000
	sasl.login.retry.backoff.ms = 100
	sasl.mechanism = GSSAPI
	sasl.oauthbearer.clock.skew.seconds = 30
	sasl.oauthbearer.expected.audience = null
	sasl.oauthbearer.expected.issuer = null
	sasl.oauthbearer.header.urlencode = false
	sasl.oauthbearer.jwks.endpoint.refresh.ms = 3600000
	sasl.oauthbearer.jwks.endpoint.retry.backoff.max.ms = 10000
	sasl.oauthbearer.jwks.endpoint.retry.backoff.ms = 100
	sasl.oauthbearer.jwks.endpoint.url = null
	sasl.oauthbearer.scope.claim.name = scope
	sasl.oauthbearer.sub.claim.name = sub
	sasl.oauthbearer.token.endpoint.url = null
	security.protocol = PLAINTEXT
	security.providers = null
	send.buffer.bytes = 131072
	socket.connection.setup.timeout.max.ms = 30000
	socket.connection.setup.timeout.ms = 10000
	ssl.cipher.suites = null
	ssl.enabled.protocols = [TLSv1.2, TLSv1.3]
	ssl.endpoint.identification.algorithm = https
	ssl.engine.factory.class = null
	ssl.key.password = null
	ssl.keymanager.algorithm = SunX509
	ssl.keystore.certificate.chain = null
	ssl.keystore.key = null
	ssl.keystore.location = null
	ssl.keystore.password = null
	ssl.keystore.type = JKS
	ssl.protocol = TLSv1.3
	ssl.provider = null
	ssl.secure.random.implementation = null
	ssl.trustmanager.algorithm = PKIX
	ssl.truststore.certificates = null
	ssl.truststore.location = null
	ssl.truststore.password = null
	ssl.truststore.type = JKS
	transaction.timeout.ms = 60000
	transactional.id = null
	value.serializer = class io.apicurio.registry.serde.avro.AvroKafkaSerializer

2025-08-06 15:41:36,672 INFO  [org.apa.kaf.com.tel.int.KafkaMetricsCollector] (main) initializing Kafka metrics collector
2025-08-06 15:41:36,675 INFO  [org.apa.kaf.cli.pro.KafkaProducer] (main) [Producer clientId=Producer-topic-182d3734_a8e4_4925_8524_e1a160ba26ba] Instantiated an idempotent producer.
2025-08-06 15:41:36,677 INFO  [org.apa.kaf.cli.pro.ProducerConfig] (main) These configurations '[apicurio.registry.url, apicurio.registry.auto-register, apicurio.registry.artifact-resolver-strategy]' were supplied but are not used yet.
2025-08-06 15:41:36,677 INFO  [org.apa.kaf.com.uti.AppInfoParser] (main) Kafka version: 3.9.1
2025-08-06 15:41:36,677 INFO  [org.apa.kaf.com.uti.AppInfoParser] (main) Kafka commitId: f745dfdcee2b9851
2025-08-06 15:41:36,677 INFO  [org.apa.kaf.com.uti.AppInfoParser] (main) Kafka startTimeMs: 1754494896677
2025-08-06 15:41:36,677 INFO  [io.api.tes.ser.api.SimpleSerdesTesterBuilder$SimpleSerdesTester] (main) Using producer configuration: {apicurio.registry.url=http://registry-app-ksql047.apps.ci419.apicurio-testing.org:80/apis/registry/v3, apicurio.registry.auto-register=true, apicurio.registry.artifact-resolver-strategy=io.apicurio.registry.serde.strategy.SimpleTopicIdStrategy, value.serializer=io.apicurio.registry.serde.avro.AvroKafkaSerializer, request.timeout.ms=5000, acks=all, bootstrap.servers=PLAINTEXT://localhost:32769, connections.max.idle.ms=10000, key.serializer=org.apache.kafka.common.serialization.StringSerializer, client.id=Producer-topic-182d3734_a8e4_4925_8524_e1a160ba26ba}
2025-08-06 15:41:36,677 INFO  [io.api.tes.ser.api.SimpleSerdesTesterBuilder$SimpleSerdesTester] (main) Using consumer configuration: {}
2025-08-06 15:41:36,679 INFO  [io.api.tes.ser.api.KafkaSerdesTester] (Thread-732) Sending message {"username": null} to topic topic-182d3734_a8e4_4925_8524_e1a160ba26ba
2025-08-06 15:41:36,686 WARN  [org.apa.kaf.cli.NetworkClient] (kafka-producer-network-thread | Producer-topic-182d3734_a8e4_4925_8524_e1a160ba26ba) [Producer clientId=Producer-topic-182d3734_a8e4_4925_8524_e1a160ba26ba] The metadata response from the cluster reported a recoverable issue with correlation id 1 : {topic-182d3734_a8e4_4925_8524_e1a160ba26ba=UNKNOWN_TOPIC_OR_PARTITION}
2025-08-06 15:41:36,686 INFO  [org.apa.kaf.cli.Metadata] (kafka-producer-network-thread | Producer-topic-182d3734_a8e4_4925_8524_e1a160ba26ba) [Producer clientId=Producer-topic-182d3734_a8e4_4925_8524_e1a160ba26ba] Cluster ID: QWxucHVARmyNXcabXl68yQ
2025-08-06 15:41:36,687 INFO  [org.apa.kaf.cli.pro.int.TransactionManager] (kafka-producer-network-thread | Producer-topic-182d3734_a8e4_4925_8524_e1a160ba26ba) [Producer clientId=Producer-topic-182d3734_a8e4_4925_8524_e1a160ba26ba] ProducerId set to 23 with epoch 0
2025-08-06 15:41:36,878 INFO  [io.api.tes.ser.api.KafkaSerdesTester] (Thread-732) Sending message {"username": null} to topic topic-182d3734_a8e4_4925_8524_e1a160ba26ba
2025-08-06 15:41:36,882 INFO  [io.api.tes.ser.api.KafkaSerdesTester] (Thread-732) Sending message {"username": "value-2"} to topic topic-182d3734_a8e4_4925_8524_e1a160ba26ba
2025-08-06 15:41:36,886 INFO  [io.api.tes.ser.api.KafkaSerdesTester] (Thread-732) Sending message {"username": null} to topic topic-182d3734_a8e4_4925_8524_e1a160ba26ba
2025-08-06 15:41:36,888 INFO  [io.api.tes.ser.api.KafkaSerdesTester] (Thread-732) Sending message {"username": "value-4"} to topic topic-182d3734_a8e4_4925_8524_e1a160ba26ba
2025-08-06 15:41:36,889 INFO  [io.api.tes.ser.api.KafkaSerdesTester] (Thread-732) Sending message {"username": null} to topic topic-182d3734_a8e4_4925_8524_e1a160ba26ba
2025-08-06 15:41:36,892 INFO  [io.api.tes.ser.api.KafkaSerdesTester] (Thread-732) Sending message {"username": "value-6"} to topic topic-182d3734_a8e4_4925_8524_e1a160ba26ba
2025-08-06 15:41:36,896 INFO  [io.api.tes.ser.api.KafkaSerdesTester] (Thread-732) Sending message {"username": null} to topic topic-182d3734_a8e4_4925_8524_e1a160ba26ba
2025-08-06 15:41:36,899 INFO  [io.api.tes.ser.api.KafkaSerdesTester] (Thread-732) Sending message {"username": "value-8"} to topic topic-182d3734_a8e4_4925_8524_e1a160ba26ba
2025-08-06 15:41:36,901 INFO  [io.api.tes.ser.api.KafkaSerdesTester] (Thread-732) Sending message {"username": null} to topic topic-182d3734_a8e4_4925_8524_e1a160ba26ba
2025-08-06 15:41:36,904 INFO  [io.api.tes.ser.api.KafkaSerdesTester] (Thread-732) Produced 10 messages
2025-08-06 15:41:36,904 INFO  [org.apa.kaf.cli.pro.KafkaProducer] (Thread-732) [Producer clientId=Producer-topic-182d3734_a8e4_4925_8524_e1a160ba26ba] Closing the Kafka producer with timeoutMillis = 9223372036854775807 ms.
2025-08-06 15:41:36,907 INFO  [org.apa.kaf.com.met.Metrics] (Thread-732) Metrics scheduler closed
2025-08-06 15:41:36,907 INFO  [org.apa.kaf.com.met.Metrics] (Thread-732) Closing reporter org.apache.kafka.common.metrics.JmxReporter
2025-08-06 15:41:36,907 INFO  [org.apa.kaf.com.met.Metrics] (Thread-732) Closing reporter org.apache.kafka.common.telemetry.internals.ClientTelemetryReporter
2025-08-06 15:41:36,907 INFO  [org.apa.kaf.com.met.Metrics] (Thread-732) Metrics reporters closed
2025-08-06 15:41:36,907 INFO  [org.apa.kaf.com.uti.AppInfoParser] (Thread-732) App info kafka.producer for Producer-topic-182d3734_a8e4_4925_8524_e1a160ba26ba unregistered
**** Registry Base URL: http://registry-app-ksql047.apps.ci419.apicurio-testing.org:80
2025-08-06 15:41:36,935 INFO  [org.apa.kaf.cli.con.ConsumerConfig] (main) ConsumerConfig values: 
	allow.auto.create.topics = true
	auto.commit.interval.ms = 500
	auto.include.jmx.reporter = true
	auto.offset.reset = earliest
	bootstrap.servers = [PLAINTEXT://localhost:32769]
	check.crcs = true
	client.dns.lookup = use_all_dns_ips
	client.id = consumer-Consumer-topic-182d3734_a8e4_4925_8524_e1a160ba26ba-17
	client.rack = 
	connections.max.idle.ms = 10000
	default.api.timeout.ms = 60000
	enable.auto.commit = true
	enable.metrics.push = true
	exclude.internal.topics = true
	fetch.max.bytes = 52428800
	fetch.max.wait.ms = 500
	fetch.min.bytes = 1
	group.id = Consumer-topic-182d3734_a8e4_4925_8524_e1a160ba26ba
	group.instance.id = null
	group.protocol = classic
	group.remote.assignor = null
	heartbeat.interval.ms = 3000
	interceptor.classes = []
	internal.leave.group.on.close = true
	internal.throw.on.fetch.stable.offset.unsupported = false
	isolation.level = read_uncommitted
	key.deserializer = class org.apache.kafka.common.serialization.StringDeserializer
	max.partition.fetch.bytes = 1048576
	max.poll.interval.ms = 300000
	max.poll.records = 500
	metadata.max.age.ms = 300000
	metadata.recovery.strategy = none
	metric.reporters = []
	metrics.num.samples = 2
	metrics.recording.level = INFO
	metrics.sample.window.ms = 30000
	partition.assignment.strategy = [class org.apache.kafka.clients.consumer.RangeAssignor, class org.apache.kafka.clients.consumer.CooperativeStickyAssignor]
	receive.buffer.bytes = 65536
	reconnect.backoff.max.ms = 1000
	reconnect.backoff.ms = 50
	request.timeout.ms = 5000
	retry.backoff.max.ms = 1000
	retry.backoff.ms = 100
	sasl.client.callback.handler.class = null
	sasl.jaas.config = null
	sasl.kerberos.kinit.cmd = /usr/bin/kinit
	sasl.kerberos.min.time.before.relogin = 60000
	sasl.kerberos.service.name = null
	sasl.kerberos.ticket.renew.jitter = 0.05
	sasl.kerberos.ticket.renew.window.factor = 0.8
	sasl.login.callback.handler.class = null
	sasl.login.class = null
	sasl.login.connect.timeout.ms = null
	sasl.login.read.timeout.ms = null
	sasl.login.refresh.buffer.seconds = 300
	sasl.login.refresh.min.period.seconds = 60
	sasl.login.refresh.window.factor = 0.8
	sasl.login.refresh.window.jitter = 0.05
	sasl.login.retry.backoff.max.ms = 10000
	sasl.login.retry.backoff.ms = 100
	sasl.mechanism = GSSAPI
	sasl.oauthbearer.clock.skew.seconds = 30
	sasl.oauthbearer.expected.audience = null
	sasl.oauthbearer.expected.issuer = null
	sasl.oauthbearer.header.urlencode = false
	sasl.oauthbearer.jwks.endpoint.refresh.ms = 3600000
	sasl.oauthbearer.jwks.endpoint.retry.backoff.max.ms = 10000
	sasl.oauthbearer.jwks.endpoint.retry.backoff.ms = 100
	sasl.oauthbearer.jwks.endpoint.url = null
	sasl.oauthbearer.scope.claim.name = scope
	sasl.oauthbearer.sub.claim.name = sub
	sasl.oauthbearer.token.endpoint.url = null
	security.protocol = PLAINTEXT
	security.providers = null
	send.buffer.bytes = 131072
	session.timeout.ms = 45000
	socket.connection.setup.timeout.max.ms = 30000
	socket.connection.setup.timeout.ms = 10000
	ssl.cipher.suites = null
	ssl.enabled.protocols = [TLSv1.2, TLSv1.3]
	ssl.endpoint.identification.algorithm = https
	ssl.engine.factory.class = null
	ssl.key.password = null
	ssl.keymanager.algorithm = SunX509
	ssl.keystore.certificate.chain = null
	ssl.keystore.key = null
	ssl.keystore.location = null
	ssl.keystore.password = null
	ssl.keystore.type = JKS
	ssl.protocol = TLSv1.3
	ssl.provider = null
	ssl.secure.random.implementation = null
	ssl.trustmanager.algorithm = PKIX
	ssl.truststore.certificates = null
	ssl.truststore.location = null
	ssl.truststore.password = null
	ssl.truststore.type = JKS
	value.deserializer = class io.apicurio.registry.serde.avro.AvroKafkaDeserializer

2025-08-06 15:41:36,937 INFO  [org.apa.kaf.com.tel.int.KafkaMetricsCollector] (main) initializing Kafka metrics collector
2025-08-06 15:41:36,947 INFO  [org.apa.kaf.cli.con.ConsumerConfig] (main) These configurations '[apicurio.registry.url]' were supplied but are not used yet.
2025-08-06 15:41:36,947 INFO  [org.apa.kaf.com.uti.AppInfoParser] (main) Kafka version: 3.9.1
2025-08-06 15:41:36,947 INFO  [org.apa.kaf.com.uti.AppInfoParser] (main) Kafka commitId: f745dfdcee2b9851
2025-08-06 15:41:36,947 INFO  [org.apa.kaf.com.uti.AppInfoParser] (main) Kafka startTimeMs: 1754494896947
2025-08-06 15:41:36,947 INFO  [org.apa.kaf.cli.con.int.ClassicKafkaConsumer] (Thread-735) [Consumer clientId=consumer-Consumer-topic-182d3734_a8e4_4925_8524_e1a160ba26ba-17, groupId=Consumer-topic-182d3734_a8e4_4925_8524_e1a160ba26ba] Subscribed to topic(s): topic-182d3734_a8e4_4925_8524_e1a160ba26ba
2025-08-06 15:41:36,956 INFO  [org.apa.kaf.cli.Metadata] (Thread-735) [Consumer clientId=consumer-Consumer-topic-182d3734_a8e4_4925_8524_e1a160ba26ba-17, groupId=Consumer-topic-182d3734_a8e4_4925_8524_e1a160ba26ba] Cluster ID: QWxucHVARmyNXcabXl68yQ
2025-08-06 15:41:36,957 INFO  [org.apa.kaf.cli.con.int.ConsumerCoordinator] (Thread-735) [Consumer clientId=consumer-Consumer-topic-182d3734_a8e4_4925_8524_e1a160ba26ba-17, groupId=Consumer-topic-182d3734_a8e4_4925_8524_e1a160ba26ba] Discovered group coordinator localhost:32769 (id: 2147483647 rack: null)
2025-08-06 15:41:36,958 INFO  [org.apa.kaf.cli.con.int.ConsumerCoordinator] (Thread-735) [Consumer clientId=consumer-Consumer-topic-182d3734_a8e4_4925_8524_e1a160ba26ba-17, groupId=Consumer-topic-182d3734_a8e4_4925_8524_e1a160ba26ba] (Re-)joining group
2025-08-06 15:41:36,962 INFO  [org.apa.kaf.cli.con.int.ConsumerCoordinator] (Thread-735) [Consumer clientId=consumer-Consumer-topic-182d3734_a8e4_4925_8524_e1a160ba26ba-17, groupId=Consumer-topic-182d3734_a8e4_4925_8524_e1a160ba26ba] Request joining group due to: need to re-join with the given member-id: consumer-Consumer-topic-182d3734_a8e4_4925_8524_e1a160ba26ba-17-12e92949-4f0c-4dc7-afdf-0aa440ffb231
2025-08-06 15:41:36,962 INFO  [org.apa.kaf.cli.con.int.ConsumerCoordinator] (Thread-735) [Consumer clientId=consumer-Consumer-topic-182d3734_a8e4_4925_8524_e1a160ba26ba-17, groupId=Consumer-topic-182d3734_a8e4_4925_8524_e1a160ba26ba] (Re-)joining group
2025-08-06 15:41:37,948 INFO  [io.api.tes.ser.api.KafkaSerdesTester] (Thread-735) None found
2025-08-06 15:41:38,948 INFO  [io.api.tes.ser.api.KafkaSerdesTester] (Thread-735) None found
2025-08-06 15:41:39,949 INFO  [io.api.tes.ser.api.KafkaSerdesTester] (Thread-735) None found
2025-08-06 15:41:39,964 INFO  [org.apa.kaf.cli.con.int.ConsumerCoordinator] (Thread-735) [Consumer clientId=consumer-Consumer-topic-182d3734_a8e4_4925_8524_e1a160ba26ba-17, groupId=Consumer-topic-182d3734_a8e4_4925_8524_e1a160ba26ba] Successfully joined group with generation Generation{generationId=1, memberId='consumer-Consumer-topic-182d3734_a8e4_4925_8524_e1a160ba26ba-17-12e92949-4f0c-4dc7-afdf-0aa440ffb231', protocol='range'}
2025-08-06 15:41:39,964 INFO  [org.apa.kaf.cli.con.int.ConsumerCoordinator] (Thread-735) [Consumer clientId=consumer-Consumer-topic-182d3734_a8e4_4925_8524_e1a160ba26ba-17, groupId=Consumer-topic-182d3734_a8e4_4925_8524_e1a160ba26ba] Finished assignment for group at generation 1: {consumer-Consumer-topic-182d3734_a8e4_4925_8524_e1a160ba26ba-17-12e92949-4f0c-4dc7-afdf-0aa440ffb231=Assignment(partitions=[topic-182d3734_a8e4_4925_8524_e1a160ba26ba-0])}
2025-08-06 15:41:39,971 INFO  [org.apa.kaf.cli.con.int.ConsumerCoordinator] (Thread-735) [Consumer clientId=consumer-Consumer-topic-182d3734_a8e4_4925_8524_e1a160ba26ba-17, groupId=Consumer-topic-182d3734_a8e4_4925_8524_e1a160ba26ba] Successfully synced group in generation Generation{generationId=1, memberId='consumer-Consumer-topic-182d3734_a8e4_4925_8524_e1a160ba26ba-17-12e92949-4f0c-4dc7-afdf-0aa440ffb231', protocol='range'}
2025-08-06 15:41:39,971 INFO  [org.apa.kaf.cli.con.int.ConsumerCoordinator] (Thread-735) [Consumer clientId=consumer-Consumer-topic-182d3734_a8e4_4925_8524_e1a160ba26ba-17, groupId=Consumer-topic-182d3734_a8e4_4925_8524_e1a160ba26ba] Notifying assignor about the new Assignment(partitions=[topic-182d3734_a8e4_4925_8524_e1a160ba26ba-0])
2025-08-06 15:41:39,971 INFO  [org.apa.kaf.cli.con.int.ConsumerRebalanceListenerInvoker] (Thread-735) [Consumer clientId=consumer-Consumer-topic-182d3734_a8e4_4925_8524_e1a160ba26ba-17, groupId=Consumer-topic-182d3734_a8e4_4925_8524_e1a160ba26ba] Adding newly assigned partitions: topic-182d3734_a8e4_4925_8524_e1a160ba26ba-0
2025-08-06 15:41:39,973 INFO  [org.apa.kaf.cli.con.int.ConsumerCoordinator] (Thread-735) [Consumer clientId=consumer-Consumer-topic-182d3734_a8e4_4925_8524_e1a160ba26ba-17, groupId=Consumer-topic-182d3734_a8e4_4925_8524_e1a160ba26ba] Found no committed offset for partition topic-182d3734_a8e4_4925_8524_e1a160ba26ba-0
2025-08-06 15:41:39,976 INFO  [org.apa.kaf.cli.con.int.SubscriptionState] (Thread-735) [Consumer clientId=consumer-Consumer-topic-182d3734_a8e4_4925_8524_e1a160ba26ba-17, groupId=Consumer-topic-182d3734_a8e4_4925_8524_e1a160ba26ba] Resetting offset for partition topic-182d3734_a8e4_4925_8524_e1a160ba26ba-0 to position FetchPosition{offset=0, offsetEpoch=Optional.empty, currentLeader=LeaderAndEpoch{leader=Optional[localhost:32769 (id: 0 rack: null)], epoch=0}}.
2025-08-06 15:41:40,013 INFO  [io.api.tes.ser.api.KafkaSerdesTester] (Thread-735) topic-182d3734_a8e4_4925_8524_e1a160ba26ba 0 0 {"username": null}
2025-08-06 15:41:40,013 INFO  [io.api.tes.ser.api.KafkaSerdesTester] (Thread-735) topic-182d3734_a8e4_4925_8524_e1a160ba26ba 0 1 {"username": null}
2025-08-06 15:41:40,013 INFO  [io.api.tes.ser.api.KafkaSerdesTester] (Thread-735) topic-182d3734_a8e4_4925_8524_e1a160ba26ba 0 2 {"username": "value-2"}
2025-08-06 15:41:40,013 INFO  [io.api.tes.ser.api.KafkaSerdesTester] (Thread-735) topic-182d3734_a8e4_4925_8524_e1a160ba26ba 0 3 {"username": null}
2025-08-06 15:41:40,013 INFO  [io.api.tes.ser.api.KafkaSerdesTester] (Thread-735) topic-182d3734_a8e4_4925_8524_e1a160ba26ba 0 4 {"username": "value-4"}
2025-08-06 15:41:40,013 INFO  [io.api.tes.ser.api.KafkaSerdesTester] (Thread-735) topic-182d3734_a8e4_4925_8524_e1a160ba26ba 0 5 {"username": null}
2025-08-06 15:41:40,013 INFO  [io.api.tes.ser.api.KafkaSerdesTester] (Thread-735) topic-182d3734_a8e4_4925_8524_e1a160ba26ba 0 6 {"username": "value-6"}
2025-08-06 15:41:40,013 INFO  [io.api.tes.ser.api.KafkaSerdesTester] (Thread-735) topic-182d3734_a8e4_4925_8524_e1a160ba26ba 0 7 {"username": null}
2025-08-06 15:41:40,013 INFO  [io.api.tes.ser.api.KafkaSerdesTester] (Thread-735) topic-182d3734_a8e4_4925_8524_e1a160ba26ba 0 8 {"username": "value-8"}
2025-08-06 15:41:40,013 INFO  [io.api.tes.ser.api.KafkaSerdesTester] (Thread-735) topic-182d3734_a8e4_4925_8524_e1a160ba26ba 0 9 {"username": null}
2025-08-06 15:41:40,013 INFO  [io.api.tes.ser.api.KafkaSerdesTester] (Thread-735) Consumed 10 messages
2025-08-06 15:41:40,020 INFO  [org.apa.kaf.cli.con.int.ConsumerRebalanceListenerInvoker] (Thread-735) [Consumer clientId=consumer-Consumer-topic-182d3734_a8e4_4925_8524_e1a160ba26ba-17, groupId=Consumer-topic-182d3734_a8e4_4925_8524_e1a160ba26ba] Revoke previously assigned partitions topic-182d3734_a8e4_4925_8524_e1a160ba26ba-0
2025-08-06 15:41:40,021 INFO  [org.apa.kaf.cli.con.int.ConsumerCoordinator] (Thread-735) [Consumer clientId=consumer-Consumer-topic-182d3734_a8e4_4925_8524_e1a160ba26ba-17, groupId=Consumer-topic-182d3734_a8e4_4925_8524_e1a160ba26ba] Member consumer-Consumer-topic-182d3734_a8e4_4925_8524_e1a160ba26ba-17-12e92949-4f0c-4dc7-afdf-0aa440ffb231 sending LeaveGroup request to coordinator localhost:32769 (id: 2147483647 rack: null) due to the consumer is being closed
2025-08-06 15:41:40,021 INFO  [org.apa.kaf.cli.con.int.ConsumerCoordinator] (Thread-735) [Consumer clientId=consumer-Consumer-topic-182d3734_a8e4_4925_8524_e1a160ba26ba-17, groupId=Consumer-topic-182d3734_a8e4_4925_8524_e1a160ba26ba] Resetting generation and member id due to: consumer pro-actively leaving the group
2025-08-06 15:41:40,021 INFO  [org.apa.kaf.cli.con.int.ConsumerCoordinator] (Thread-735) [Consumer clientId=consumer-Consumer-topic-182d3734_a8e4_4925_8524_e1a160ba26ba-17, groupId=Consumer-topic-182d3734_a8e4_4925_8524_e1a160ba26ba] Request joining group due to: consumer pro-actively leaving the group
2025-08-06 15:41:40,515 INFO  [org.apa.kaf.com.met.Metrics] (Thread-735) Metrics scheduler closed
2025-08-06 15:41:40,515 INFO  [org.apa.kaf.com.met.Metrics] (Thread-735) Closing reporter org.apache.kafka.common.metrics.JmxReporter
2025-08-06 15:41:40,515 INFO  [org.apa.kaf.com.met.Metrics] (Thread-735) Closing reporter org.apache.kafka.common.telemetry.internals.ClientTelemetryReporter
2025-08-06 15:41:40,515 INFO  [org.apa.kaf.com.met.Metrics] (Thread-735) Metrics reporters closed
2025-08-06 15:41:40,516 INFO  [org.apa.kaf.com.uti.AppInfoParser] (Thread-735) App info kafka.consumer for consumer-Consumer-topic-182d3734_a8e4_4925_8524_e1a160ba26ba-17 unregistered
2025-08-06 15:41:40,517 INFO  [io.api.tes.uti.TestSeparator] (main) io.apicurio.tests.serdes.apicurio.AvroSerdeIT.testFirstEmptyFieldConfusedAsMagicByte-FINISHED
2025-08-06 15:41:40,517 INFO  [io.api.tes.uti.TestSeparator] (main) ############################################################################
Test passed: testFirstEmptyFieldConfusedAsMagicByte
]]></system-out>
  </testcase>
  <testcase name="testAvroSerDesFailDifferentSchemaByContent" classname="io.apicurio.tests.serdes.apicurio.AvroSerdeIT" time="1.128">
    <system-out><![CDATA[2025-08-06 15:41:40,519 INFO  [io.api.tes.uti.TestSeparator] (main) ############################################################################
2025-08-06 15:41:40,519 INFO  [io.api.tes.uti.TestSeparator] (main) io.apicurio.tests.serdes.apicurio.AvroSerdeIT.testAvroSerDesFailDifferentSchemaByContent-STARTED
**** Registry Base URL: http://registry-app-ksql047.apps.ci419.apicurio-testing.org:80
2025-08-06 15:41:41,600 INFO  [org.apa.kaf.cli.pro.ProducerConfig] (main) ProducerConfig values: 
	acks = -1
	auto.include.jmx.reporter = true
	batch.size = 16384
	bootstrap.servers = [PLAINTEXT://localhost:32769]
	buffer.memory = 33554432
	client.dns.lookup = use_all_dns_ips
	client.id = Producer-topic-f7a935cc_b7ed_4dc4_b93c_36428d237f05
	compression.gzip.level = -1
	compression.lz4.level = 9
	compression.type = none
	compression.zstd.level = 3
	connections.max.idle.ms = 10000
	delivery.timeout.ms = 120000
	enable.idempotence = true
	enable.metrics.push = true
	interceptor.classes = []
	key.serializer = class org.apache.kafka.common.serialization.StringSerializer
	linger.ms = 0
	max.block.ms = 60000
	max.in.flight.requests.per.connection = 5
	max.request.size = 1048576
	metadata.max.age.ms = 300000
	metadata.max.idle.ms = 300000
	metadata.recovery.strategy = none
	metric.reporters = []
	metrics.num.samples = 2
	metrics.recording.level = INFO
	metrics.sample.window.ms = 30000
	partitioner.adaptive.partitioning.enable = true
	partitioner.availability.timeout.ms = 0
	partitioner.class = null
	partitioner.ignore.keys = false
	receive.buffer.bytes = 32768
	reconnect.backoff.max.ms = 1000
	reconnect.backoff.ms = 50
	request.timeout.ms = 5000
	retries = 2147483647
	retry.backoff.max.ms = 1000
	retry.backoff.ms = 100
	sasl.client.callback.handler.class = null
	sasl.jaas.config = null
	sasl.kerberos.kinit.cmd = /usr/bin/kinit
	sasl.kerberos.min.time.before.relogin = 60000
	sasl.kerberos.service.name = null
	sasl.kerberos.ticket.renew.jitter = 0.05
	sasl.kerberos.ticket.renew.window.factor = 0.8
	sasl.login.callback.handler.class = null
	sasl.login.class = null
	sasl.login.connect.timeout.ms = null
	sasl.login.read.timeout.ms = null
	sasl.login.refresh.buffer.seconds = 300
	sasl.login.refresh.min.period.seconds = 60
	sasl.login.refresh.window.factor = 0.8
	sasl.login.refresh.window.jitter = 0.05
	sasl.login.retry.backoff.max.ms = 10000
	sasl.login.retry.backoff.ms = 100
	sasl.mechanism = GSSAPI
	sasl.oauthbearer.clock.skew.seconds = 30
	sasl.oauthbearer.expected.audience = null
	sasl.oauthbearer.expected.issuer = null
	sasl.oauthbearer.header.urlencode = false
	sasl.oauthbearer.jwks.endpoint.refresh.ms = 3600000
	sasl.oauthbearer.jwks.endpoint.retry.backoff.max.ms = 10000
	sasl.oauthbearer.jwks.endpoint.retry.backoff.ms = 100
	sasl.oauthbearer.jwks.endpoint.url = null
	sasl.oauthbearer.scope.claim.name = scope
	sasl.oauthbearer.sub.claim.name = sub
	sasl.oauthbearer.token.endpoint.url = null
	security.protocol = PLAINTEXT
	security.providers = null
	send.buffer.bytes = 131072
	socket.connection.setup.timeout.max.ms = 30000
	socket.connection.setup.timeout.ms = 10000
	ssl.cipher.suites = null
	ssl.enabled.protocols = [TLSv1.2, TLSv1.3]
	ssl.endpoint.identification.algorithm = https
	ssl.engine.factory.class = null
	ssl.key.password = null
	ssl.keymanager.algorithm = SunX509
	ssl.keystore.certificate.chain = null
	ssl.keystore.key = null
	ssl.keystore.location = null
	ssl.keystore.password = null
	ssl.keystore.type = JKS
	ssl.protocol = TLSv1.3
	ssl.provider = null
	ssl.secure.random.implementation = null
	ssl.trustmanager.algorithm = PKIX
	ssl.truststore.certificates = null
	ssl.truststore.location = null
	ssl.truststore.password = null
	ssl.truststore.type = JKS
	transaction.timeout.ms = 60000
	transactional.id = null
	value.serializer = class io.apicurio.registry.serde.avro.AvroKafkaSerializer

2025-08-06 15:41:41,600 INFO  [org.apa.kaf.com.tel.int.KafkaMetricsCollector] (main) initializing Kafka metrics collector
2025-08-06 15:41:41,603 INFO  [org.apa.kaf.cli.pro.KafkaProducer] (main) [Producer clientId=Producer-topic-f7a935cc_b7ed_4dc4_b93c_36428d237f05] Instantiated an idempotent producer.
2025-08-06 15:41:41,605 INFO  [org.apa.kaf.cli.pro.ProducerConfig] (main) These configurations '[apicurio.registry.url, apicurio.registry.artifact-resolver-strategy]' were supplied but are not used yet.
2025-08-06 15:41:41,605 INFO  [org.apa.kaf.com.uti.AppInfoParser] (main) Kafka version: 3.9.1
2025-08-06 15:41:41,605 INFO  [org.apa.kaf.com.uti.AppInfoParser] (main) Kafka commitId: f745dfdcee2b9851
2025-08-06 15:41:41,605 INFO  [org.apa.kaf.com.uti.AppInfoParser] (main) Kafka startTimeMs: 1754494901605
2025-08-06 15:41:41,606 INFO  [io.api.tes.ser.api.KafkaSerdesTester] (Thread-738) Sending message {"keyB": "value-0"} to topic topic-f7a935cc_b7ed_4dc4_b93c_36428d237f05
2025-08-06 15:41:41,610 INFO  [org.apa.kaf.cli.Metadata] (kafka-producer-network-thread | Producer-topic-f7a935cc_b7ed_4dc4_b93c_36428d237f05) [Producer clientId=Producer-topic-f7a935cc_b7ed_4dc4_b93c_36428d237f05] Cluster ID: QWxucHVARmyNXcabXl68yQ
2025-08-06 15:41:41,610 INFO  [org.apa.kaf.cli.pro.int.TransactionManager] (kafka-producer-network-thread | Producer-topic-f7a935cc_b7ed_4dc4_b93c_36428d237f05) [Producer clientId=Producer-topic-f7a935cc_b7ed_4dc4_b93c_36428d237f05] ProducerId set to 24 with epoch 0
2025-08-06 15:41:41,610 INFO  [DefaultSchemaResolver] (Thread-738) Retrieving schema content using string: {"type":"record","name":"sd057e79bx4177x4ba7xa334xcfe7dbc54bb4","namespace":"s0d36a27cx6a82x4c2bxbd56x7b51c0a9fe41","fields":[{"name":"keyB","type":"string"}]}
2025-08-06 15:41:41,643 INFO  [org.apa.kaf.cli.pro.KafkaProducer] (Thread-738) [Producer clientId=Producer-topic-f7a935cc_b7ed_4dc4_b93c_36428d237f05] Closing the Kafka producer with timeoutMillis = 9223372036854775807 ms.
2025-08-06 15:41:41,646 INFO  [org.apa.kaf.com.met.Metrics] (Thread-738) Metrics scheduler closed
2025-08-06 15:41:41,646 INFO  [org.apa.kaf.com.met.Metrics] (Thread-738) Closing reporter org.apache.kafka.common.metrics.JmxReporter
2025-08-06 15:41:41,646 INFO  [org.apa.kaf.com.met.Metrics] (Thread-738) Closing reporter org.apache.kafka.common.telemetry.internals.ClientTelemetryReporter
2025-08-06 15:41:41,646 INFO  [org.apa.kaf.com.met.Metrics] (Thread-738) Metrics reporters closed
2025-08-06 15:41:41,647 INFO  [org.apa.kaf.com.uti.AppInfoParser] (Thread-738) App info kafka.producer for Producer-topic-f7a935cc_b7ed_4dc4_b93c_36428d237f05 unregistered
2025-08-06 15:41:41,647 INFO  [io.api.tes.uti.TestSeparator] (main) io.apicurio.tests.serdes.apicurio.AvroSerdeIT.testAvroSerDesFailDifferentSchemaByContent-FINISHED
2025-08-06 15:41:41,647 INFO  [io.api.tes.uti.TestSeparator] (main) ############################################################################
Test passed: testAvroSerDesFailDifferentSchemaByContent
]]></system-out>
    <system-err><![CDATA[java.lang.RuntimeException: Could not resolve artifact reference by content: {"type":"record","name":"sd057e79bx4177x4ba7xa334xcfe7dbc54bb4","namespace":"s0d36a27cx6a82x4c2bxbd56x7b51c0a9fe41","fields":[{"name":"keyB","type":"string"}]}&ArtifactReference [groupId=s0d36a27cx6a82x4c2bxbd56x7b51c0a9fe41, artifactId=sd057e79bx4177x4ba7xa334xcfe7dbc54bb4, version=null, globalId=null, contentId=null, contentHash=null]
	at io.apicurio.registry.resolver.DefaultSchemaResolver.lambda$handleResolveSchemaByContent$3(DefaultSchemaResolver.java:265)
	at io.apicurio.registry.resolver.cache.ERCache.lambda$getValue$0(ERCache.java:174)
	at io.apicurio.registry.resolver.cache.ERCache.retry(ERCache.java:227)
	at io.apicurio.registry.resolver.cache.ERCache.getValue(ERCache.java:173)
	at io.apicurio.registry.resolver.cache.ERCache.getByContent(ERCache.java:147)
	at io.apicurio.registry.resolver.DefaultSchemaResolver.handleResolveSchemaByContent(DefaultSchemaResolver.java:253)
	at io.apicurio.registry.resolver.DefaultSchemaResolver.getSchemaFromRegistry(DefaultSchemaResolver.java:138)
	at io.apicurio.registry.resolver.DefaultSchemaResolver.lambda$resolveSchema$0(DefaultSchemaResolver.java:84)
	at java.base/java.util.Optional.orElseGet(Optional.java:364)
	at io.apicurio.registry.resolver.DefaultSchemaResolver.resolveSchema(DefaultSchemaResolver.java:84)
	at io.apicurio.registry.serde.AbstractSerializer.serializeData(AbstractSerializer.java:62)
	at io.apicurio.registry.serde.KafkaSerializer.serialize(KafkaSerializer.java:77)
	at org.apache.kafka.clients.producer.KafkaProducer.doSend(KafkaProducer.java:1046)
	at org.apache.kafka.clients.producer.KafkaProducer.send(KafkaProducer.java:993)
	at org.apache.kafka.clients.producer.KafkaProducer.send(KafkaProducer.java:875)
	at io.apicurio.tests.serdes.apicurio.KafkaSerdesTester.lambda$produceMessages$3(KafkaSerdesTester.java:138)
	at java.base/java.util.concurrent.CompletableFuture$AsyncSupply.run(CompletableFuture.java:1768)
	at java.base/java.lang.Thread.run(Thread.java:840)
]]></system-err>
  </testcase>
  <testcase name="testGlobalIdInBody" classname="io.apicurio.tests.serdes.apicurio.AvroSerdeIT" time="3.823">
    <system-out><![CDATA[2025-08-06 15:41:41,649 INFO  [io.api.tes.uti.TestSeparator] (main) ############################################################################
2025-08-06 15:41:41,649 INFO  [io.api.tes.uti.TestSeparator] (main) io.apicurio.tests.serdes.apicurio.AvroSerdeIT.testGlobalIdInBody-STARTED
**** Registry Base URL: http://registry-app-ksql047.apps.ci419.apicurio-testing.org:80
2025-08-06 15:41:41,652 INFO  [org.apa.kaf.cli.pro.ProducerConfig] (main) ProducerConfig values: 
	acks = -1
	auto.include.jmx.reporter = true
	batch.size = 16384
	bootstrap.servers = [PLAINTEXT://localhost:32769]
	buffer.memory = 33554432
	client.dns.lookup = use_all_dns_ips
	client.id = Producer-topic-ef56eb00_29f2_4dce_aac8_9db22eb36f1d
	compression.gzip.level = -1
	compression.lz4.level = 9
	compression.type = none
	compression.zstd.level = 3
	connections.max.idle.ms = 10000
	delivery.timeout.ms = 120000
	enable.idempotence = true
	enable.metrics.push = true
	interceptor.classes = []
	key.serializer = class org.apache.kafka.common.serialization.StringSerializer
	linger.ms = 0
	max.block.ms = 60000
	max.in.flight.requests.per.connection = 5
	max.request.size = 1048576
	metadata.max.age.ms = 300000
	metadata.max.idle.ms = 300000
	metadata.recovery.strategy = none
	metric.reporters = []
	metrics.num.samples = 2
	metrics.recording.level = INFO
	metrics.sample.window.ms = 30000
	partitioner.adaptive.partitioning.enable = true
	partitioner.availability.timeout.ms = 0
	partitioner.class = null
	partitioner.ignore.keys = false
	receive.buffer.bytes = 32768
	reconnect.backoff.max.ms = 1000
	reconnect.backoff.ms = 50
	request.timeout.ms = 5000
	retries = 2147483647
	retry.backoff.max.ms = 1000
	retry.backoff.ms = 100
	sasl.client.callback.handler.class = null
	sasl.jaas.config = null
	sasl.kerberos.kinit.cmd = /usr/bin/kinit
	sasl.kerberos.min.time.before.relogin = 60000
	sasl.kerberos.service.name = null
	sasl.kerberos.ticket.renew.jitter = 0.05
	sasl.kerberos.ticket.renew.window.factor = 0.8
	sasl.login.callback.handler.class = null
	sasl.login.class = null
	sasl.login.connect.timeout.ms = null
	sasl.login.read.timeout.ms = null
	sasl.login.refresh.buffer.seconds = 300
	sasl.login.refresh.min.period.seconds = 60
	sasl.login.refresh.window.factor = 0.8
	sasl.login.refresh.window.jitter = 0.05
	sasl.login.retry.backoff.max.ms = 10000
	sasl.login.retry.backoff.ms = 100
	sasl.mechanism = GSSAPI
	sasl.oauthbearer.clock.skew.seconds = 30
	sasl.oauthbearer.expected.audience = null
	sasl.oauthbearer.expected.issuer = null
	sasl.oauthbearer.header.urlencode = false
	sasl.oauthbearer.jwks.endpoint.refresh.ms = 3600000
	sasl.oauthbearer.jwks.endpoint.retry.backoff.max.ms = 10000
	sasl.oauthbearer.jwks.endpoint.retry.backoff.ms = 100
	sasl.oauthbearer.jwks.endpoint.url = null
	sasl.oauthbearer.scope.claim.name = scope
	sasl.oauthbearer.sub.claim.name = sub
	sasl.oauthbearer.token.endpoint.url = null
	security.protocol = PLAINTEXT
	security.providers = null
	send.buffer.bytes = 131072
	socket.connection.setup.timeout.max.ms = 30000
	socket.connection.setup.timeout.ms = 10000
	ssl.cipher.suites = null
	ssl.enabled.protocols = [TLSv1.2, TLSv1.3]
	ssl.endpoint.identification.algorithm = https
	ssl.engine.factory.class = null
	ssl.key.password = null
	ssl.keymanager.algorithm = SunX509
	ssl.keystore.certificate.chain = null
	ssl.keystore.key = null
	ssl.keystore.location = null
	ssl.keystore.password = null
	ssl.keystore.type = JKS
	ssl.protocol = TLSv1.3
	ssl.provider = null
	ssl.secure.random.implementation = null
	ssl.trustmanager.algorithm = PKIX
	ssl.truststore.certificates = null
	ssl.truststore.location = null
	ssl.truststore.password = null
	ssl.truststore.type = JKS
	transaction.timeout.ms = 60000
	transactional.id = null
	value.serializer = class io.apicurio.registry.serde.avro.AvroKafkaSerializer

2025-08-06 15:41:41,652 INFO  [org.apa.kaf.com.tel.int.KafkaMetricsCollector] (main) initializing Kafka metrics collector
2025-08-06 15:41:41,656 INFO  [org.apa.kaf.cli.pro.KafkaProducer] (main) [Producer clientId=Producer-topic-ef56eb00_29f2_4dce_aac8_9db22eb36f1d] Instantiated an idempotent producer.
2025-08-06 15:41:41,659 INFO  [org.apa.kaf.cli.pro.ProducerConfig] (main) These configurations '[apicurio.registry.url, apicurio.registry.auto-register, apicurio.registry.use-id, apicurio.registry.artifact-resolver-strategy]' were supplied but are not used yet.
2025-08-06 15:41:41,659 INFO  [org.apa.kaf.com.uti.AppInfoParser] (main) Kafka version: 3.9.1
2025-08-06 15:41:41,659 INFO  [org.apa.kaf.com.uti.AppInfoParser] (main) Kafka commitId: f745dfdcee2b9851
2025-08-06 15:41:41,659 INFO  [org.apa.kaf.com.uti.AppInfoParser] (main) Kafka startTimeMs: 1754494901659
2025-08-06 15:41:41,659 INFO  [io.api.tes.ser.api.SimpleSerdesTesterBuilder$SimpleSerdesTester] (main) Using producer configuration: {apicurio.registry.url=http://registry-app-ksql047.apps.ci419.apicurio-testing.org:80/apis/registry/v3, apicurio.registry.auto-register=true, apicurio.registry.use-id=globalId, apicurio.registry.artifact-resolver-strategy=io.apicurio.registry.serde.strategy.TopicIdStrategy, value.serializer=io.apicurio.registry.serde.avro.AvroKafkaSerializer, request.timeout.ms=5000, acks=all, bootstrap.servers=PLAINTEXT://localhost:32769, connections.max.idle.ms=10000, key.serializer=org.apache.kafka.common.serialization.StringSerializer, client.id=Producer-topic-ef56eb00_29f2_4dce_aac8_9db22eb36f1d}
2025-08-06 15:41:41,659 INFO  [io.api.tes.ser.api.SimpleSerdesTesterBuilder$SimpleSerdesTester] (main) Using consumer configuration: {apicurio.registry.use-id=globalId}
2025-08-06 15:41:41,662 INFO  [io.api.tes.ser.api.KafkaSerdesTester] (Thread-741) Sending message {"key11754494901649": "value-0"} to topic topic-ef56eb00_29f2_4dce_aac8_9db22eb36f1d
2025-08-06 15:41:41,667 WARN  [org.apa.kaf.cli.NetworkClient] (kafka-producer-network-thread | Producer-topic-ef56eb00_29f2_4dce_aac8_9db22eb36f1d) [Producer clientId=Producer-topic-ef56eb00_29f2_4dce_aac8_9db22eb36f1d] The metadata response from the cluster reported a recoverable issue with correlation id 1 : {topic-ef56eb00_29f2_4dce_aac8_9db22eb36f1d=UNKNOWN_TOPIC_OR_PARTITION}
2025-08-06 15:41:41,667 INFO  [org.apa.kaf.cli.Metadata] (kafka-producer-network-thread | Producer-topic-ef56eb00_29f2_4dce_aac8_9db22eb36f1d) [Producer clientId=Producer-topic-ef56eb00_29f2_4dce_aac8_9db22eb36f1d] Cluster ID: QWxucHVARmyNXcabXl68yQ
2025-08-06 15:41:41,667 INFO  [org.apa.kaf.cli.pro.int.TransactionManager] (kafka-producer-network-thread | Producer-topic-ef56eb00_29f2_4dce_aac8_9db22eb36f1d) [Producer clientId=Producer-topic-ef56eb00_29f2_4dce_aac8_9db22eb36f1d] ProducerId set to 25 with epoch 0
2025-08-06 15:41:41,849 INFO  [io.api.tes.ser.api.KafkaSerdesTester] (Thread-741) Sending message {"key11754494901649": "value-1"} to topic topic-ef56eb00_29f2_4dce_aac8_9db22eb36f1d
2025-08-06 15:41:41,851 INFO  [io.api.tes.ser.api.KafkaSerdesTester] (Thread-741) Sending message {"key11754494901649": "value-2"} to topic topic-ef56eb00_29f2_4dce_aac8_9db22eb36f1d
2025-08-06 15:41:41,853 INFO  [io.api.tes.ser.api.KafkaSerdesTester] (Thread-741) Sending message {"key11754494901649": "value-3"} to topic topic-ef56eb00_29f2_4dce_aac8_9db22eb36f1d
2025-08-06 15:41:41,855 INFO  [io.api.tes.ser.api.KafkaSerdesTester] (Thread-741) Sending message {"key11754494901649": "value-4"} to topic topic-ef56eb00_29f2_4dce_aac8_9db22eb36f1d
2025-08-06 15:41:41,859 INFO  [io.api.tes.ser.api.KafkaSerdesTester] (Thread-741) Sending message {"key11754494901649": "value-5"} to topic topic-ef56eb00_29f2_4dce_aac8_9db22eb36f1d
2025-08-06 15:41:41,862 INFO  [io.api.tes.ser.api.KafkaSerdesTester] (Thread-741) Sending message {"key11754494901649": "value-6"} to topic topic-ef56eb00_29f2_4dce_aac8_9db22eb36f1d
2025-08-06 15:41:41,866 INFO  [io.api.tes.ser.api.KafkaSerdesTester] (Thread-741) Sending message {"key11754494901649": "value-7"} to topic topic-ef56eb00_29f2_4dce_aac8_9db22eb36f1d
2025-08-06 15:41:41,868 INFO  [io.api.tes.ser.api.KafkaSerdesTester] (Thread-741) Sending message {"key11754494901649": "value-8"} to topic topic-ef56eb00_29f2_4dce_aac8_9db22eb36f1d
2025-08-06 15:41:41,870 INFO  [io.api.tes.ser.api.KafkaSerdesTester] (Thread-741) Sending message {"key11754494901649": "value-9"} to topic topic-ef56eb00_29f2_4dce_aac8_9db22eb36f1d
2025-08-06 15:41:41,874 INFO  [io.api.tes.ser.api.KafkaSerdesTester] (Thread-741) Produced 10 messages
2025-08-06 15:41:41,874 INFO  [org.apa.kaf.cli.pro.KafkaProducer] (Thread-741) [Producer clientId=Producer-topic-ef56eb00_29f2_4dce_aac8_9db22eb36f1d] Closing the Kafka producer with timeoutMillis = 9223372036854775807 ms.
2025-08-06 15:41:41,876 INFO  [org.apa.kaf.com.met.Metrics] (Thread-741) Metrics scheduler closed
2025-08-06 15:41:41,876 INFO  [org.apa.kaf.com.met.Metrics] (Thread-741) Closing reporter org.apache.kafka.common.metrics.JmxReporter
2025-08-06 15:41:41,876 INFO  [org.apa.kaf.com.met.Metrics] (Thread-741) Closing reporter org.apache.kafka.common.telemetry.internals.ClientTelemetryReporter
2025-08-06 15:41:41,876 INFO  [org.apa.kaf.com.met.Metrics] (Thread-741) Metrics reporters closed
2025-08-06 15:41:41,876 INFO  [org.apa.kaf.com.uti.AppInfoParser] (Thread-741) App info kafka.producer for Producer-topic-ef56eb00_29f2_4dce_aac8_9db22eb36f1d unregistered
**** Registry Base URL: http://registry-app-ksql047.apps.ci419.apicurio-testing.org:80
2025-08-06 15:41:41,899 INFO  [org.apa.kaf.cli.con.ConsumerConfig] (main) ConsumerConfig values: 
	allow.auto.create.topics = true
	auto.commit.interval.ms = 500
	auto.include.jmx.reporter = true
	auto.offset.reset = earliest
	bootstrap.servers = [PLAINTEXT://localhost:32769]
	check.crcs = true
	client.dns.lookup = use_all_dns_ips
	client.id = consumer-Consumer-topic-ef56eb00_29f2_4dce_aac8_9db22eb36f1d-18
	client.rack = 
	connections.max.idle.ms = 10000
	default.api.timeout.ms = 60000
	enable.auto.commit = true
	enable.metrics.push = true
	exclude.internal.topics = true
	fetch.max.bytes = 52428800
	fetch.max.wait.ms = 500
	fetch.min.bytes = 1
	group.id = Consumer-topic-ef56eb00_29f2_4dce_aac8_9db22eb36f1d
	group.instance.id = null
	group.protocol = classic
	group.remote.assignor = null
	heartbeat.interval.ms = 3000
	interceptor.classes = []
	internal.leave.group.on.close = true
	internal.throw.on.fetch.stable.offset.unsupported = false
	isolation.level = read_uncommitted
	key.deserializer = class org.apache.kafka.common.serialization.StringDeserializer
	max.partition.fetch.bytes = 1048576
	max.poll.interval.ms = 300000
	max.poll.records = 500
	metadata.max.age.ms = 300000
	metadata.recovery.strategy = none
	metric.reporters = []
	metrics.num.samples = 2
	metrics.recording.level = INFO
	metrics.sample.window.ms = 30000
	partition.assignment.strategy = [class org.apache.kafka.clients.consumer.RangeAssignor, class org.apache.kafka.clients.consumer.CooperativeStickyAssignor]
	receive.buffer.bytes = 65536
	reconnect.backoff.max.ms = 1000
	reconnect.backoff.ms = 50
	request.timeout.ms = 5000
	retry.backoff.max.ms = 1000
	retry.backoff.ms = 100
	sasl.client.callback.handler.class = null
	sasl.jaas.config = null
	sasl.kerberos.kinit.cmd = /usr/bin/kinit
	sasl.kerberos.min.time.before.relogin = 60000
	sasl.kerberos.service.name = null
	sasl.kerberos.ticket.renew.jitter = 0.05
	sasl.kerberos.ticket.renew.window.factor = 0.8
	sasl.login.callback.handler.class = null
	sasl.login.class = null
	sasl.login.connect.timeout.ms = null
	sasl.login.read.timeout.ms = null
	sasl.login.refresh.buffer.seconds = 300
	sasl.login.refresh.min.period.seconds = 60
	sasl.login.refresh.window.factor = 0.8
	sasl.login.refresh.window.jitter = 0.05
	sasl.login.retry.backoff.max.ms = 10000
	sasl.login.retry.backoff.ms = 100
	sasl.mechanism = GSSAPI
	sasl.oauthbearer.clock.skew.seconds = 30
	sasl.oauthbearer.expected.audience = null
	sasl.oauthbearer.expected.issuer = null
	sasl.oauthbearer.header.urlencode = false
	sasl.oauthbearer.jwks.endpoint.refresh.ms = 3600000
	sasl.oauthbearer.jwks.endpoint.retry.backoff.max.ms = 10000
	sasl.oauthbearer.jwks.endpoint.retry.backoff.ms = 100
	sasl.oauthbearer.jwks.endpoint.url = null
	sasl.oauthbearer.scope.claim.name = scope
	sasl.oauthbearer.sub.claim.name = sub
	sasl.oauthbearer.token.endpoint.url = null
	security.protocol = PLAINTEXT
	security.providers = null
	send.buffer.bytes = 131072
	session.timeout.ms = 45000
	socket.connection.setup.timeout.max.ms = 30000
	socket.connection.setup.timeout.ms = 10000
	ssl.cipher.suites = null
	ssl.enabled.protocols = [TLSv1.2, TLSv1.3]
	ssl.endpoint.identification.algorithm = https
	ssl.engine.factory.class = null
	ssl.key.password = null
	ssl.keymanager.algorithm = SunX509
	ssl.keystore.certificate.chain = null
	ssl.keystore.key = null
	ssl.keystore.location = null
	ssl.keystore.password = null
	ssl.keystore.type = JKS
	ssl.protocol = TLSv1.3
	ssl.provider = null
	ssl.secure.random.implementation = null
	ssl.trustmanager.algorithm = PKIX
	ssl.truststore.certificates = null
	ssl.truststore.location = null
	ssl.truststore.password = null
	ssl.truststore.type = JKS
	value.deserializer = class io.apicurio.registry.serde.avro.AvroKafkaDeserializer

2025-08-06 15:41:41,899 INFO  [org.apa.kaf.com.tel.int.KafkaMetricsCollector] (main) initializing Kafka metrics collector
2025-08-06 15:41:41,903 INFO  [org.apa.kaf.cli.con.ConsumerConfig] (main) These configurations '[apicurio.registry.url, apicurio.registry.use-id]' were supplied but are not used yet.
2025-08-06 15:41:41,903 INFO  [org.apa.kaf.com.uti.AppInfoParser] (main) Kafka version: 3.9.1
2025-08-06 15:41:41,903 INFO  [org.apa.kaf.com.uti.AppInfoParser] (main) Kafka commitId: f745dfdcee2b9851
2025-08-06 15:41:41,903 INFO  [org.apa.kaf.com.uti.AppInfoParser] (main) Kafka startTimeMs: 1754494901903
2025-08-06 15:41:41,904 INFO  [org.apa.kaf.cli.con.int.ClassicKafkaConsumer] (Thread-744) [Consumer clientId=consumer-Consumer-topic-ef56eb00_29f2_4dce_aac8_9db22eb36f1d-18, groupId=Consumer-topic-ef56eb00_29f2_4dce_aac8_9db22eb36f1d] Subscribed to topic(s): topic-ef56eb00_29f2_4dce_aac8_9db22eb36f1d
2025-08-06 15:41:41,908 INFO  [org.apa.kaf.cli.Metadata] (Thread-744) [Consumer clientId=consumer-Consumer-topic-ef56eb00_29f2_4dce_aac8_9db22eb36f1d-18, groupId=Consumer-topic-ef56eb00_29f2_4dce_aac8_9db22eb36f1d] Cluster ID: QWxucHVARmyNXcabXl68yQ
2025-08-06 15:41:41,909 INFO  [org.apa.kaf.cli.con.int.ConsumerCoordinator] (Thread-744) [Consumer clientId=consumer-Consumer-topic-ef56eb00_29f2_4dce_aac8_9db22eb36f1d-18, groupId=Consumer-topic-ef56eb00_29f2_4dce_aac8_9db22eb36f1d] Discovered group coordinator localhost:32769 (id: 2147483647 rack: null)
2025-08-06 15:41:41,911 INFO  [org.apa.kaf.cli.con.int.ConsumerCoordinator] (Thread-744) [Consumer clientId=consumer-Consumer-topic-ef56eb00_29f2_4dce_aac8_9db22eb36f1d-18, groupId=Consumer-topic-ef56eb00_29f2_4dce_aac8_9db22eb36f1d] (Re-)joining group
2025-08-06 15:41:41,914 INFO  [org.apa.kaf.cli.con.int.ConsumerCoordinator] (Thread-744) [Consumer clientId=consumer-Consumer-topic-ef56eb00_29f2_4dce_aac8_9db22eb36f1d-18, groupId=Consumer-topic-ef56eb00_29f2_4dce_aac8_9db22eb36f1d] Request joining group due to: need to re-join with the given member-id: consumer-Consumer-topic-ef56eb00_29f2_4dce_aac8_9db22eb36f1d-18-4b5fc60e-210e-44b8-b006-2d205eb7bf7d
2025-08-06 15:41:41,914 INFO  [org.apa.kaf.cli.con.int.ConsumerCoordinator] (Thread-744) [Consumer clientId=consumer-Consumer-topic-ef56eb00_29f2_4dce_aac8_9db22eb36f1d-18, groupId=Consumer-topic-ef56eb00_29f2_4dce_aac8_9db22eb36f1d] (Re-)joining group
2025-08-06 15:41:42,904 INFO  [io.api.tes.ser.api.KafkaSerdesTester] (Thread-744) None found
2025-08-06 15:41:43,904 INFO  [io.api.tes.ser.api.KafkaSerdesTester] (Thread-744) None found
2025-08-06 15:41:44,904 INFO  [io.api.tes.ser.api.KafkaSerdesTester] (Thread-744) None found
2025-08-06 15:41:44,915 INFO  [org.apa.kaf.cli.con.int.ConsumerCoordinator] (Thread-744) [Consumer clientId=consumer-Consumer-topic-ef56eb00_29f2_4dce_aac8_9db22eb36f1d-18, groupId=Consumer-topic-ef56eb00_29f2_4dce_aac8_9db22eb36f1d] Successfully joined group with generation Generation{generationId=1, memberId='consumer-Consumer-topic-ef56eb00_29f2_4dce_aac8_9db22eb36f1d-18-4b5fc60e-210e-44b8-b006-2d205eb7bf7d', protocol='range'}
2025-08-06 15:41:44,916 INFO  [org.apa.kaf.cli.con.int.ConsumerCoordinator] (Thread-744) [Consumer clientId=consumer-Consumer-topic-ef56eb00_29f2_4dce_aac8_9db22eb36f1d-18, groupId=Consumer-topic-ef56eb00_29f2_4dce_aac8_9db22eb36f1d] Finished assignment for group at generation 1: {consumer-Consumer-topic-ef56eb00_29f2_4dce_aac8_9db22eb36f1d-18-4b5fc60e-210e-44b8-b006-2d205eb7bf7d=Assignment(partitions=[topic-ef56eb00_29f2_4dce_aac8_9db22eb36f1d-0])}
2025-08-06 15:41:44,922 INFO  [org.apa.kaf.cli.con.int.ConsumerCoordinator] (Thread-744) [Consumer clientId=consumer-Consumer-topic-ef56eb00_29f2_4dce_aac8_9db22eb36f1d-18, groupId=Consumer-topic-ef56eb00_29f2_4dce_aac8_9db22eb36f1d] Successfully synced group in generation Generation{generationId=1, memberId='consumer-Consumer-topic-ef56eb00_29f2_4dce_aac8_9db22eb36f1d-18-4b5fc60e-210e-44b8-b006-2d205eb7bf7d', protocol='range'}
2025-08-06 15:41:44,922 INFO  [org.apa.kaf.cli.con.int.ConsumerCoordinator] (Thread-744) [Consumer clientId=consumer-Consumer-topic-ef56eb00_29f2_4dce_aac8_9db22eb36f1d-18, groupId=Consumer-topic-ef56eb00_29f2_4dce_aac8_9db22eb36f1d] Notifying assignor about the new Assignment(partitions=[topic-ef56eb00_29f2_4dce_aac8_9db22eb36f1d-0])
2025-08-06 15:41:44,922 INFO  [org.apa.kaf.cli.con.int.ConsumerRebalanceListenerInvoker] (Thread-744) [Consumer clientId=consumer-Consumer-topic-ef56eb00_29f2_4dce_aac8_9db22eb36f1d-18, groupId=Consumer-topic-ef56eb00_29f2_4dce_aac8_9db22eb36f1d] Adding newly assigned partitions: topic-ef56eb00_29f2_4dce_aac8_9db22eb36f1d-0
2025-08-06 15:41:44,923 INFO  [org.apa.kaf.cli.con.int.ConsumerCoordinator] (Thread-744) [Consumer clientId=consumer-Consumer-topic-ef56eb00_29f2_4dce_aac8_9db22eb36f1d-18, groupId=Consumer-topic-ef56eb00_29f2_4dce_aac8_9db22eb36f1d] Found no committed offset for partition topic-ef56eb00_29f2_4dce_aac8_9db22eb36f1d-0
2025-08-06 15:41:44,924 INFO  [org.apa.kaf.cli.con.int.SubscriptionState] (Thread-744) [Consumer clientId=consumer-Consumer-topic-ef56eb00_29f2_4dce_aac8_9db22eb36f1d-18, groupId=Consumer-topic-ef56eb00_29f2_4dce_aac8_9db22eb36f1d] Resetting offset for partition topic-ef56eb00_29f2_4dce_aac8_9db22eb36f1d-0 to position FetchPosition{offset=0, offsetEpoch=Optional.empty, currentLeader=LeaderAndEpoch{leader=Optional[localhost:32769 (id: 0 rack: null)], epoch=0}}.
2025-08-06 15:41:44,966 INFO  [io.api.tes.ser.api.KafkaSerdesTester] (Thread-744) topic-ef56eb00_29f2_4dce_aac8_9db22eb36f1d 0 0 {"key11754494901649": "value-0"}
2025-08-06 15:41:44,966 INFO  [io.api.tes.ser.api.KafkaSerdesTester] (Thread-744) topic-ef56eb00_29f2_4dce_aac8_9db22eb36f1d 0 1 {"key11754494901649": "value-1"}
2025-08-06 15:41:44,966 INFO  [io.api.tes.ser.api.KafkaSerdesTester] (Thread-744) topic-ef56eb00_29f2_4dce_aac8_9db22eb36f1d 0 2 {"key11754494901649": "value-2"}
2025-08-06 15:41:44,966 INFO  [io.api.tes.ser.api.KafkaSerdesTester] (Thread-744) topic-ef56eb00_29f2_4dce_aac8_9db22eb36f1d 0 3 {"key11754494901649": "value-3"}
2025-08-06 15:41:44,966 INFO  [io.api.tes.ser.api.KafkaSerdesTester] (Thread-744) topic-ef56eb00_29f2_4dce_aac8_9db22eb36f1d 0 4 {"key11754494901649": "value-4"}
2025-08-06 15:41:44,966 INFO  [io.api.tes.ser.api.KafkaSerdesTester] (Thread-744) topic-ef56eb00_29f2_4dce_aac8_9db22eb36f1d 0 5 {"key11754494901649": "value-5"}
2025-08-06 15:41:44,966 INFO  [io.api.tes.ser.api.KafkaSerdesTester] (Thread-744) topic-ef56eb00_29f2_4dce_aac8_9db22eb36f1d 0 6 {"key11754494901649": "value-6"}
2025-08-06 15:41:44,966 INFO  [io.api.tes.ser.api.KafkaSerdesTester] (Thread-744) topic-ef56eb00_29f2_4dce_aac8_9db22eb36f1d 0 7 {"key11754494901649": "value-7"}
2025-08-06 15:41:44,966 INFO  [io.api.tes.ser.api.KafkaSerdesTester] (Thread-744) topic-ef56eb00_29f2_4dce_aac8_9db22eb36f1d 0 8 {"key11754494901649": "value-8"}
2025-08-06 15:41:44,966 INFO  [io.api.tes.ser.api.KafkaSerdesTester] (Thread-744) topic-ef56eb00_29f2_4dce_aac8_9db22eb36f1d 0 9 {"key11754494901649": "value-9"}
2025-08-06 15:41:44,966 INFO  [io.api.tes.ser.api.KafkaSerdesTester] (Thread-744) Consumed 10 messages
2025-08-06 15:41:44,973 INFO  [org.apa.kaf.cli.con.int.ConsumerRebalanceListenerInvoker] (Thread-744) [Consumer clientId=consumer-Consumer-topic-ef56eb00_29f2_4dce_aac8_9db22eb36f1d-18, groupId=Consumer-topic-ef56eb00_29f2_4dce_aac8_9db22eb36f1d] Revoke previously assigned partitions topic-ef56eb00_29f2_4dce_aac8_9db22eb36f1d-0
2025-08-06 15:41:44,973 INFO  [org.apa.kaf.cli.con.int.ConsumerCoordinator] (Thread-744) [Consumer clientId=consumer-Consumer-topic-ef56eb00_29f2_4dce_aac8_9db22eb36f1d-18, groupId=Consumer-topic-ef56eb00_29f2_4dce_aac8_9db22eb36f1d] Member consumer-Consumer-topic-ef56eb00_29f2_4dce_aac8_9db22eb36f1d-18-4b5fc60e-210e-44b8-b006-2d205eb7bf7d sending LeaveGroup request to coordinator localhost:32769 (id: 2147483647 rack: null) due to the consumer is being closed
2025-08-06 15:41:44,973 INFO  [org.apa.kaf.cli.con.int.ConsumerCoordinator] (Thread-744) [Consumer clientId=consumer-Consumer-topic-ef56eb00_29f2_4dce_aac8_9db22eb36f1d-18, groupId=Consumer-topic-ef56eb00_29f2_4dce_aac8_9db22eb36f1d] Resetting generation and member id due to: consumer pro-actively leaving the group
2025-08-06 15:41:44,973 INFO  [org.apa.kaf.cli.con.int.ConsumerCoordinator] (Thread-744) [Consumer clientId=consumer-Consumer-topic-ef56eb00_29f2_4dce_aac8_9db22eb36f1d-18, groupId=Consumer-topic-ef56eb00_29f2_4dce_aac8_9db22eb36f1d] Request joining group due to: consumer pro-actively leaving the group
2025-08-06 15:41:45,467 INFO  [org.apa.kaf.com.met.Metrics] (Thread-744) Metrics scheduler closed
2025-08-06 15:41:45,467 INFO  [org.apa.kaf.com.met.Metrics] (Thread-744) Closing reporter org.apache.kafka.common.metrics.JmxReporter
2025-08-06 15:41:45,467 INFO  [org.apa.kaf.com.met.Metrics] (Thread-744) Closing reporter org.apache.kafka.common.telemetry.internals.ClientTelemetryReporter
2025-08-06 15:41:45,467 INFO  [org.apa.kaf.com.met.Metrics] (Thread-744) Metrics reporters closed
2025-08-06 15:41:45,470 INFO  [org.apa.kaf.com.uti.AppInfoParser] (Thread-744) App info kafka.consumer for consumer-Consumer-topic-ef56eb00_29f2_4dce_aac8_9db22eb36f1d-18 unregistered
2025-08-06 15:41:45,471 INFO  [io.api.tes.uti.TestSeparator] (main) io.apicurio.tests.serdes.apicurio.AvroSerdeIT.testGlobalIdInBody-FINISHED
2025-08-06 15:41:45,471 INFO  [io.api.tes.uti.TestSeparator] (main) ############################################################################
Test passed: testGlobalIdInBody
]]></system-out>
  </testcase>
  <testcase name="testProducerUsesGlobalIdConsumerUsesDefault" classname="io.apicurio.tests.serdes.apicurio.AvroSerdeIT" time="0.0">
    <skipped message="void io.apicurio.tests.serdes.apicurio.AvroSerdeIT.testProducerUsesGlobalIdConsumerUsesDefault() throws java.lang.Exception is @Disabled"/>
  </testcase>
</testsuite>