<?xml version="1.0" encoding="UTF-8"?>
<testsuite xmlns:xsi="http://www.w3.org/2001/XMLSchema-instance" xsi:noNamespaceSchemaLocation="https://maven.apache.org/surefire/maven-failsafe-plugin/xsd/failsafe-test-report.xsd" version="3.0.2" name="io.apicurio.tests.serdes.apicurio.AvroSerdeIT" time="102.346" tests="21" errors="0" skipped="2" failures="0">
  <properties>
    <property name="java.specification.version" value="17"/>
    <property name="sun.jnu.encoding" value="UTF-8"/>
    <property name="java.class.path" value="/home/runner/work/apicurio-testing/apicurio-testing/clusters/ci419/namespaces/mysql/tests/integration/apicurio-registry/integration-tests/target/test-classes:/home/runner/work/apicurio-testing/apicurio-testing/clusters/ci419/namespaces/mysql/tests/integration/apicurio-registry/integration-tests/target/apicurio-registry-integration-tests-3.0.12-SNAPSHOT.jar:/home/runner/.m2/repository/io/quarkus/quarkus-junit5/3.20.2/quarkus-junit5-3.20.2.jar:/home/runner/.m2/repository/io/quarkus/quarkus-bootstrap-core/3.20.2/quarkus-bootstrap-core-3.20.2.jar:/home/runner/.m2/repository/io/quarkus/quarkus-classloader-commons/3.20.2/quarkus-classloader-commons-3.20.2.jar:/home/runner/.m2/repository/io/quarkus/quarkus-bootstrap-app-model/3.20.2/quarkus-bootstrap-app-model-3.20.2.jar:/home/runner/.m2/repository/io/smallrye/common/smallrye-common-io/2.12.0/smallrye-common-io-2.12.0.jar:/home/runner/.m2/repository/org/eclipse/sisu/org.eclipse.sisu.inject/0.9.0.M3/org.eclipse.sisu.inject-0.9.0.M3.jar:/home/runner/.m2/repository/io/quarkus/quarkus-test-common/3.20.2/quarkus-test-common-3.20.2.jar:/home/runner/.m2/repository/io/quarkus/quarkus-core-deployment/3.20.2/quarkus-core-deployment-3.20.2.jar:/home/runner/.m2/repository/org/aesh/readline/2.6/readline-2.6.jar:/home/runner/.m2/repository/org/fusesource/jansi/jansi/2.4.0/jansi-2.4.0.jar:/home/runner/.m2/repository/org/aesh/aesh/2.8.2/aesh-2.8.2.jar:/home/runner/.m2/repository/io/quarkus/gizmo/gizmo/1.8.0/gizmo-1.8.0.jar:/home/runner/.m2/repository/org/ow2/asm/asm-util/9.7.1/asm-util-9.7.1.jar:/home/runner/.m2/repository/org/ow2/asm/asm-analysis/9.7.1/asm-analysis-9.7.1.jar:/home/runner/.m2/repository/org/ow2/asm/asm-commons/9.7.1/asm-commons-9.7.1.jar:/home/runner/.m2/repository/org/ow2/asm/asm-tree/9.7.1/asm-tree-9.7.1.jar:/home/runner/.m2/repository/io/quarkus/quarkus-hibernate-validator-spi/3.20.2/quarkus-hibernate-validator-spi-3.20.2.jar:/home/runner/.m2/repository/io/quarkus/quarkus-class-change-agent/3.20.2/quarkus-class-change-agent-3.20.2.jar:/home/runner/.m2/repository/io/quarkus/quarkus-devtools-utilities/3.20.2/quarkus-devtools-utilities-3.20.2.jar:/home/runner/.m2/repository/io/quarkus/quarkus-builder/3.20.2/quarkus-builder-3.20.2.jar:/home/runner/.m2/repository/org/graalvm/sdk/nativeimage/23.1.2/nativeimage-23.1.2.jar:/home/runner/.m2/repository/org/graalvm/sdk/word/23.1.2/word-23.1.2.jar:/home/runner/.m2/repository/io/quarkus/quarkus-bootstrap-maven-resolver/3.20.2/quarkus-bootstrap-maven-resolver-3.20.2.jar:/home/runner/.m2/repository/io/smallrye/beanbag/smallrye-beanbag-maven/1.5.2/smallrye-beanbag-maven-1.5.2.jar:/home/runner/.m2/repository/io/smallrye/beanbag/smallrye-beanbag-sisu/1.5.2/smallrye-beanbag-sisu-1.5.2.jar:/home/runner/.m2/repository/io/smallrye/beanbag/smallrye-beanbag/1.5.2/smallrye-beanbag-1.5.2.jar:/home/runner/.m2/repository/javax/inject/javax.inject/1/javax.inject-1.jar:/home/runner/.m2/repository/org/apache/maven/maven-artifact/3.9.9/maven-artifact-3.9.9.jar:/home/runner/.m2/repository/org/apache/maven/maven-builder-support/3.9.9/maven-builder-support-3.9.9.jar:/home/runner/.m2/repository/org/apache/maven/maven-model/3.9.9/maven-model-3.9.9.jar:/home/runner/.m2/repository/org/apache/maven/maven-model-builder/3.9.9/maven-model-builder-3.9.9.jar:/home/runner/.m2/repository/org/apache/maven/maven-repository-metadata/3.9.9/maven-repository-metadata-3.9.9.jar:/home/runner/.m2/repository/org/apache/maven/maven-settings/3.9.9/maven-settings-3.9.9.jar:/home/runner/.m2/repository/org/apache/maven/resolver/maven-resolver-api/1.9.22/maven-resolver-api-1.9.22.jar:/home/runner/.m2/repository/org/apache/maven/resolver/maven-resolver-impl/1.9.22/maven-resolver-impl-1.9.22.jar:/home/runner/.m2/repository/org/apache/maven/resolver/maven-resolver-named-locks/1.9.22/maven-resolver-named-locks-1.9.22.jar:/home/runner/.m2/repository/org/apache/maven/resolver/maven-resolver-spi/1.9.22/maven-resolver-spi-1.9.22.jar:/home/runner/.m2/repository/org/apache/maven/resolver/maven-resolver-util/1.9.22/maven-resolver-util-1.9.22.jar:/home/runner/.m2/repository/org/apache/maven/resolver/maven-resolver-transport-http/1.9.20/maven-resolver-transport-http-1.9.20.jar:/home/runner/.m2/repository/org/apache/maven/wagon/wagon-provider-api/3.5.3/wagon-provider-api-3.5.3.jar:/home/runner/.m2/repository/org/apache/maven/wagon/wagon-http-shared/3.5.3/wagon-http-shared-3.5.3.jar:/home/runner/.m2/repository/org/codehaus/plexus/plexus-interpolation/1.26/plexus-interpolation-1.26.jar:/home/runner/.m2/repository/org/codehaus/plexus/plexus-utils/3.5.1/plexus-utils-3.5.1.jar:/home/runner/.m2/repository/org/codehaus/plexus/plexus-xml/4.0.1/plexus-xml-4.0.1.jar:/home/runner/.m2/repository/org/apache/maven/maven-xml-impl/4.0.0-alpha-5/maven-xml-impl-4.0.0-alpha-5.jar:/home/runner/.m2/repository/org/apache/maven/maven-api-xml/4.0.0-alpha-5/maven-api-xml-4.0.0-alpha-5.jar:/home/runner/.m2/repository/org/apache/maven/maven-api-meta/4.0.0-alpha-5/maven-api-meta-4.0.0-alpha-5.jar:/home/runner/.m2/repository/org/codehaus/plexus/plexus-cipher/2.0/plexus-cipher-2.0.jar:/home/runner/.m2/repository/org/codehaus/plexus/plexus-sec-dispatcher/2.0/plexus-sec-dispatcher-2.0.jar:/home/runner/.m2/repository/org/apache/maven/maven-embedder/3.9.9/maven-embedder-3.9.9.jar:/home/runner/.m2/repository/org/apache/maven/maven-core/3.9.9/maven-core-3.9.9.jar:/home/runner/.m2/repository/org/codehaus/plexus/plexus-component-annotations/2.1.0/plexus-component-annotations-2.1.0.jar:/home/runner/.m2/repository/org/apache/maven/maven-plugin-api/3.9.9/maven-plugin-api-3.9.9.jar:/home/runner/.m2/repository/org/apache/maven/shared/maven-shared-utils/3.4.2/maven-shared-utils-3.4.2.jar:/home/runner/.m2/repository/com/google/inject/guice/5.1.0/guice-5.1.0.jar:/home/runner/.m2/repository/aopalliance/aopalliance/1.0/aopalliance-1.0.jar:/home/runner/.m2/repository/org/codehaus/plexus/plexus-classworlds/2.6.0/plexus-classworlds-2.6.0.jar:/home/runner/.m2/repository/commons-cli/commons-cli/1.8.0/commons-cli-1.8.0.jar:/home/runner/.m2/repository/org/eclipse/sisu/org.eclipse.sisu.plexus/0.9.0.M3/org.eclipse.sisu.plexus-0.9.0.M3.jar:/home/runner/.m2/repository/org/apache/maven/maven-settings-builder/3.9.9/maven-settings-builder-3.9.9.jar:/home/runner/.m2/repository/org/apache/maven/maven-resolver-provider/3.9.9/maven-resolver-provider-3.9.9.jar:/home/runner/.m2/repository/org/apache/maven/resolver/maven-resolver-connector-basic/1.9.22/maven-resolver-connector-basic-1.9.22.jar:/home/runner/.m2/repository/org/apache/maven/resolver/maven-resolver-transport-wagon/1.9.22/maven-resolver-transport-wagon-1.9.22.jar:/home/runner/.m2/repository/org/apache/maven/wagon/wagon-http/3.5.3/wagon-http-3.5.3.jar:/home/runner/.m2/repository/org/apache/maven/wagon/wagon-file/3.5.3/wagon-file-3.5.3.jar:/home/runner/.m2/repository/io/quarkus/quarkus-bootstrap-gradle-resolver/3.20.2/quarkus-bootstrap-gradle-resolver-3.20.2.jar:/home/runner/.m2/repository/io/smallrye/jandex/3.3.0/jandex-3.3.0.jar:/home/runner/.m2/repository/org/jboss/logging/commons-logging-jboss-logging/1.0.0.Final/commons-logging-jboss-logging-1.0.0.Final.jar:/home/runner/.m2/repository/io/quarkus/quarkus-junit5-config/3.20.2/quarkus-junit5-config-3.20.2.jar:/home/runner/.m2/repository/org/junit/jupiter/junit-jupiter-api/5.12.1/junit-jupiter-api-5.12.1.jar:/home/runner/.m2/repository/io/smallrye/config/smallrye-config/3.11.4/smallrye-config-3.11.4.jar:/home/runner/.m2/repository/io/smallrye/config/smallrye-config-core/3.11.4/smallrye-config-core-3.11.4.jar:/home/runner/.m2/repository/io/smallrye/common/smallrye-common-classloader/2.12.0/smallrye-common-classloader-2.12.0.jar:/home/runner/.m2/repository/io/smallrye/config/smallrye-config-common/3.11.4/smallrye-config-common-3.11.4.jar:/home/runner/.m2/repository/org/junit/jupiter/junit-jupiter/5.12.1/junit-jupiter-5.12.1.jar:/home/runner/.m2/repository/org/junit/jupiter/junit-jupiter-params/5.12.1/junit-jupiter-params-5.12.1.jar:/home/runner/.m2/repository/org/junit/jupiter/junit-jupiter-engine/5.12.1/junit-jupiter-engine-5.12.1.jar:/home/runner/.m2/repository/io/quarkus/quarkus-core/3.20.2/quarkus-core-3.20.2.jar:/home/runner/.m2/repository/jakarta/enterprise/jakarta.enterprise.cdi-api/4.1.0/jakarta.enterprise.cdi-api-4.1.0.jar:/home/runner/.m2/repository/jakarta/enterprise/jakarta.enterprise.lang-model/4.1.0/jakarta.enterprise.lang-model-4.1.0.jar:/home/runner/.m2/repository/jakarta/el/jakarta.el-api/5.0.1/jakarta.el-api-5.0.1.jar:/home/runner/.m2/repository/jakarta/interceptor/jakarta.interceptor-api/2.2.0/jakarta.interceptor-api-2.2.0.jar:/home/runner/.m2/repository/jakarta/inject/jakarta.inject-api/2.0.1/jakarta.inject-api-2.0.1.jar:/home/runner/.m2/repository/io/smallrye/common/smallrye-common-os/2.12.0/smallrye-common-os-2.12.0.jar:/home/runner/.m2/repository/io/quarkus/quarkus-ide-launcher/3.20.2/quarkus-ide-launcher-3.20.2.jar:/home/runner/.m2/repository/io/quarkus/quarkus-development-mode-spi/3.20.2/quarkus-development-mode-spi-3.20.2.jar:/home/runner/.m2/repository/org/jboss/logging/jboss-logging/3.6.1.Final/jboss-logging-3.6.1.Final.jar:/home/runner/.m2/repository/org/jboss/logmanager/jboss-logmanager/3.1.2.Final/jboss-logmanager-3.1.2.Final.jar:/home/runner/.m2/repository/io/smallrye/common/smallrye-common-constraint/2.12.0/smallrye-common-constraint-2.12.0.jar:/home/runner/.m2/repository/io/smallrye/common/smallrye-common-cpu/2.12.0/smallrye-common-cpu-2.12.0.jar:/home/runner/.m2/repository/io/smallrye/common/smallrye-common-expression/2.12.0/smallrye-common-expression-2.12.0.jar:/home/runner/.m2/repository/io/smallrye/common/smallrye-common-net/2.12.0/smallrye-common-net-2.12.0.jar:/home/runner/.m2/repository/io/smallrye/common/smallrye-common-ref/2.12.0/smallrye-common-ref-2.12.0.jar:/home/runner/.m2/repository/jakarta/json/jakarta.json-api/2.1.3/jakarta.json-api-2.1.3.jar:/home/runner/.m2/repository/org/eclipse/parsson/parsson/1.1.7/parsson-1.1.7.jar:/home/runner/.m2/repository/org/jboss/logging/jboss-logging-annotations/3.0.4.Final/jboss-logging-annotations-3.0.4.Final.jar:/home/runner/.m2/repository/org/jboss/threads/jboss-threads/3.8.0.Final/jboss-threads-3.8.0.Final.jar:/home/runner/.m2/repository/io/smallrye/common/smallrye-common-annotation/2.12.0/smallrye-common-annotation-2.12.0.jar:/home/runner/.m2/repository/io/smallrye/common/smallrye-common-function/2.12.0/smallrye-common-function-2.12.0.jar:/home/runner/.m2/repository/org/jboss/slf4j/slf4j-jboss-logmanager/2.0.0.Final/slf4j-jboss-logmanager-2.0.0.Final.jar:/home/runner/.m2/repository/org/wildfly/common/wildfly-common/2.0.1/wildfly-common-2.0.1.jar:/home/runner/.m2/repository/io/quarkus/quarkus-bootstrap-runner/3.20.2/quarkus-bootstrap-runner-3.20.2.jar:/home/runner/.m2/repository/io/github/crac/org-crac/0.1.3/org-crac-0.1.3.jar:/home/runner/.m2/repository/io/quarkus/quarkus-fs-util/0.0.10/quarkus-fs-util-0.0.10.jar:/home/runner/.m2/repository/org/jboss/marshalling/jboss-marshalling/2.2.2.Final/jboss-marshalling-2.2.2.Final.jar:/home/runner/.m2/repository/io/fabric8/kubernetes-client/7.1.0/kubernetes-client-7.1.0.jar:/home/runner/.m2/repository/io/fabric8/kubernetes-client-api/7.1.0/kubernetes-client-api-7.1.0.jar:/home/runner/.m2/repository/io/fabric8/kubernetes-model-core/7.1.0/kubernetes-model-core-7.1.0.jar:/home/runner/.m2/repository/io/fabric8/kubernetes-model-common/7.1.0/kubernetes-model-common-7.1.0.jar:/home/runner/.m2/repository/javax/annotation/javax.annotation-api/1.3.2/javax.annotation-api-1.3.2.jar:/home/runner/.m2/repository/io/fabric8/kubernetes-model-gatewayapi/7.1.0/kubernetes-model-gatewayapi-7.1.0.jar:/home/runner/.m2/repository/io/fabric8/kubernetes-model-resource/7.1.0/kubernetes-model-resource-7.1.0.jar:/home/runner/.m2/repository/io/fabric8/kubernetes-model-rbac/7.1.0/kubernetes-model-rbac-7.1.0.jar:/home/runner/.m2/repository/io/fabric8/kubernetes-model-admissionregistration/7.1.0/kubernetes-model-admissionregistration-7.1.0.jar:/home/runner/.m2/repository/io/fabric8/kubernetes-model-apps/7.1.0/kubernetes-model-apps-7.1.0.jar:/home/runner/.m2/repository/io/fabric8/kubernetes-model-autoscaling/7.1.0/kubernetes-model-autoscaling-7.1.0.jar:/home/runner/.m2/repository/io/fabric8/kubernetes-model-apiextensions/7.1.0/kubernetes-model-apiextensions-7.1.0.jar:/home/runner/.m2/repository/io/fabric8/kubernetes-model-batch/7.1.0/kubernetes-model-batch-7.1.0.jar:/home/runner/.m2/repository/io/fabric8/kubernetes-model-certificates/7.1.0/kubernetes-model-certificates-7.1.0.jar:/home/runner/.m2/repository/io/fabric8/kubernetes-model-coordination/7.1.0/kubernetes-model-coordination-7.1.0.jar:/home/runner/.m2/repository/io/fabric8/kubernetes-model-discovery/7.1.0/kubernetes-model-discovery-7.1.0.jar:/home/runner/.m2/repository/io/fabric8/kubernetes-model-events/7.1.0/kubernetes-model-events-7.1.0.jar:/home/runner/.m2/repository/io/fabric8/kubernetes-model-extensions/7.1.0/kubernetes-model-extensions-7.1.0.jar:/home/runner/.m2/repository/io/fabric8/kubernetes-model-flowcontrol/7.1.0/kubernetes-model-flowcontrol-7.1.0.jar:/home/runner/.m2/repository/io/fabric8/kubernetes-model-networking/7.1.0/kubernetes-model-networking-7.1.0.jar:/home/runner/.m2/repository/io/fabric8/kubernetes-model-metrics/7.1.0/kubernetes-model-metrics-7.1.0.jar:/home/runner/.m2/repository/io/fabric8/kubernetes-model-policy/7.1.0/kubernetes-model-policy-7.1.0.jar:/home/runner/.m2/repository/io/fabric8/kubernetes-model-scheduling/7.1.0/kubernetes-model-scheduling-7.1.0.jar:/home/runner/.m2/repository/io/fabric8/kubernetes-model-storageclass/7.1.0/kubernetes-model-storageclass-7.1.0.jar:/home/runner/.m2/repository/io/fabric8/kubernetes-model-node/7.1.0/kubernetes-model-node-7.1.0.jar:/home/runner/.m2/repository/org/snakeyaml/snakeyaml-engine/2.9/snakeyaml-engine-2.9.jar:/home/runner/.m2/repository/com/fasterxml/jackson/dataformat/jackson-dataformat-yaml/2.18.2/jackson-dataformat-yaml-2.18.2.jar:/home/runner/.m2/repository/com/fasterxml/jackson/datatype/jackson-datatype-jsr310/2.18.2/jackson-datatype-jsr310-2.18.2.jar:/home/runner/.m2/repository/io/fabric8/zjsonpatch/7.1.0/zjsonpatch-7.1.0.jar:/home/runner/.m2/repository/io/fabric8/kubernetes-httpclient-vertx/7.1.0/kubernetes-httpclient-vertx-7.1.0.jar:/home/runner/.m2/repository/io/vertx/vertx-web-client/4.5.16/vertx-web-client-4.5.16.jar:/home/runner/.m2/repository/io/vertx/vertx-web-common/4.5.16/vertx-web-common-4.5.16.jar:/home/runner/.m2/repository/io/vertx/vertx-auth-common/4.5.16/vertx-auth-common-4.5.16.jar:/home/runner/.m2/repository/io/vertx/vertx-uri-template/4.5.16/vertx-uri-template-4.5.16.jar:/home/runner/.m2/repository/io/fabric8/openshift-client/7.1.0/openshift-client-7.1.0.jar:/home/runner/.m2/repository/io/fabric8/openshift-client-api/7.1.0/openshift-client-api-7.1.0.jar:/home/runner/.m2/repository/io/fabric8/openshift-model/7.1.0/openshift-model-7.1.0.jar:/home/runner/.m2/repository/io/fabric8/openshift-model-autoscaling/7.1.0/openshift-model-autoscaling-7.1.0.jar:/home/runner/.m2/repository/io/fabric8/openshift-model-operator/7.1.0/openshift-model-operator-7.1.0.jar:/home/runner/.m2/repository/io/fabric8/openshift-model-operatorhub/7.1.0/openshift-model-operatorhub-7.1.0.jar:/home/runner/.m2/repository/io/fabric8/openshift-model-machine/7.1.0/openshift-model-machine-7.1.0.jar:/home/runner/.m2/repository/io/fabric8/openshift-model-whereabouts/7.1.0/openshift-model-whereabouts-7.1.0.jar:/home/runner/.m2/repository/io/fabric8/openshift-model-monitoring/7.1.0/openshift-model-monitoring-7.1.0.jar:/home/runner/.m2/repository/io/fabric8/openshift-model-storageversionmigrator/7.1.0/openshift-model-storageversionmigrator-7.1.0.jar:/home/runner/.m2/repository/io/fabric8/openshift-model-tuned/7.1.0/openshift-model-tuned-7.1.0.jar:/home/runner/.m2/repository/io/fabric8/openshift-model-console/7.1.0/openshift-model-console-7.1.0.jar:/home/runner/.m2/repository/io/fabric8/openshift-model-config/7.1.0/openshift-model-config-7.1.0.jar:/home/runner/.m2/repository/io/fabric8/openshift-model-machineconfiguration/7.1.0/openshift-model-machineconfiguration-7.1.0.jar:/home/runner/.m2/repository/io/fabric8/openshift-model-miscellaneous/7.1.0/openshift-model-miscellaneous-7.1.0.jar:/home/runner/.m2/repository/io/fabric8/openshift-model-hive/7.1.0/openshift-model-hive-7.1.0.jar:/home/runner/.m2/repository/io/fabric8/openshift-model-installer/7.1.0/openshift-model-installer-7.1.0.jar:/home/runner/.m2/repository/org/junit/platform/junit-platform-launcher/1.12.1/junit-platform-launcher-1.12.1.jar:/home/runner/.m2/repository/org/junit/platform/junit-platform-engine/1.12.1/junit-platform-engine-1.12.1.jar:/home/runner/.m2/repository/org/opentest4j/opentest4j/1.3.0/opentest4j-1.3.0.jar:/home/runner/.m2/repository/org/junit/platform/junit-platform-commons/1.12.1/junit-platform-commons-1.12.1.jar:/home/runner/.m2/repository/org/apiguardian/apiguardian-api/1.1.2/apiguardian-api-1.1.2.jar:/home/runner/.m2/repository/jakarta/ws/rs/jakarta.ws.rs-api/3.1.0/jakarta.ws.rs-api-3.1.0.jar:/home/runner/work/apicurio-testing/apicurio-testing/clusters/ci419/namespaces/mysql/tests/integration/apicurio-registry/java-sdk/target/apicurio-registry-java-sdk-3.0.12-SNAPSHOT.jar:/home/runner/.m2/repository/com/microsoft/kiota/microsoft-kiota-abstractions/1.8.9/microsoft-kiota-abstractions-1.8.9.jar:/home/runner/.m2/repository/io/github/std-uritemplate/std-uritemplate/2.0.0/std-uritemplate-2.0.0.jar:/home/runner/.m2/repository/io/kiota/kiota-http-jdk/0.0.29/kiota-http-jdk-0.0.29.jar:/home/runner/.m2/repository/io/kiota/kiota-http-vertx/0.0.29/kiota-http-vertx-0.0.29.jar:/home/runner/.m2/repository/io/kiota/kiota-serialization-jackson/0.0.29/kiota-serialization-jackson-0.0.29.jar:/home/runner/.m2/repository/com/microsoft/kiota/microsoft-kiota-serialization-text/1.8.9/microsoft-kiota-serialization-text-1.8.9.jar:/home/runner/.m2/repository/com/microsoft/kiota/microsoft-kiota-serialization-form/1.8.9/microsoft-kiota-serialization-form-1.8.9.jar:/home/runner/.m2/repository/com/microsoft/kiota/microsoft-kiota-serialization-multipart/1.8.9/microsoft-kiota-serialization-multipart-1.8.9.jar:/home/runner/.m2/repository/jakarta/annotation/jakarta.annotation-api/3.0.0/jakarta.annotation-api-3.0.0.jar:/home/runner/.m2/repository/io/vertx/vertx-auth-oauth2/4.5.16/vertx-auth-oauth2-4.5.16.jar:/home/runner/work/apicurio-testing/apicurio-testing/clusters/ci419/namespaces/mysql/tests/integration/apicurio-registry/java-sdk-v2/target/apicurio-registry-v2-java-sdk-3.0.12-SNAPSHOT.jar:/home/runner/work/apicurio-testing/apicurio-testing/clusters/ci419/namespaces/mysql/tests/integration/apicurio-registry/utils/kafka/target/apicurio-registry-utils-kafka-3.0.12-SNAPSHOT-tests.jar:/home/runner/.m2/repository/org/eclipse/microprofile/config/microprofile-config-api/3.1/microprofile-config-api-3.1.jar:/home/runner/.m2/repository/org/apache/kafka/kafka-clients/3.9.1/kafka-clients-3.9.1.jar:/home/runner/.m2/repository/com/github/luben/zstd-jni/1.5.6-4/zstd-jni-1.5.6-4.jar:/home/runner/.m2/repository/org/lz4/lz4-java/1.8.0/lz4-java-1.8.0.jar:/home/runner/.m2/repository/org/xerial/snappy/snappy-java/1.1.10.5/snappy-java-1.1.10.5.jar:/home/runner/.m2/repository/org/slf4j/slf4j-api/2.0.6/slf4j-api-2.0.6.jar:/home/runner/work/apicurio-testing/apicurio-testing/clusters/ci419/namespaces/mysql/tests/integration/apicurio-registry/utils/tests/target/apicurio-registry-utils-tests-3.0.12-SNAPSHOT.jar:/home/runner/work/apicurio-testing/apicurio-testing/clusters/ci419/namespaces/mysql/tests/integration/apicurio-registry/common/target/apicurio-registry-common-3.0.12-SNAPSHOT.jar:/home/runner/.m2/repository/jakarta/validation/jakarta.validation-api/3.0.2/jakarta.validation-api-3.0.2.jar:/home/runner/.m2/repository/com/github/dasniko/testcontainers-keycloak/3.8.0/testcontainers-keycloak-3.8.0.jar:/home/runner/.m2/repository/org/testcontainers/testcontainers/1.20.6/testcontainers-1.20.6.jar:/home/runner/.m2/repository/org/rnorth/duct-tape/duct-tape/1.0.8/duct-tape-1.0.8.jar:/home/runner/.m2/repository/com/github/docker-java/docker-java-transport-zerodep/3.4.1/docker-java-transport-zerodep-3.4.1.jar:/home/runner/.m2/repository/com/github/docker-java/docker-java-transport/3.4.1/docker-java-transport-3.4.1.jar:/home/runner/.m2/repository/net/java/dev/jna/jna/5.8.0/jna-5.8.0.jar:/home/runner/.m2/repository/io/quarkus/quarkus-junit4-mock/3.20.2/quarkus-junit4-mock-3.20.2.jar:/home/runner/.m2/repository/org/jboss/shrinkwrap/shrinkwrap-api/2.0.0-beta-2/shrinkwrap-api-2.0.0-beta-2.jar:/home/runner/.m2/repository/org/jboss/shrinkwrap/shrinkwrap-impl-base/2.0.0-beta-2/shrinkwrap-impl-base-2.0.0-beta-2.jar:/home/runner/.m2/repository/org/jboss/shrinkwrap/shrinkwrap-spi/2.0.0-beta-2/shrinkwrap-spi-2.0.0-beta-2.jar:/home/runner/.m2/repository/org/keycloak/keycloak-admin-client/26.0.4/keycloak-admin-client-26.0.4.jar:/home/runner/.m2/repository/org/keycloak/keycloak-client-common-synced/26.0.4/keycloak-client-common-synced-26.0.4.jar:/home/runner/.m2/repository/jakarta/activation/jakarta.activation-api/2.1.3/jakarta.activation-api-2.1.3.jar:/home/runner/.m2/repository/org/eclipse/microprofile/openapi/microprofile-openapi-api/4.0.2/microprofile-openapi-api-4.0.2.jar:/home/runner/.m2/repository/org/jboss/resteasy/resteasy-client/6.2.12.Final/resteasy-client-6.2.12.Final.jar:/home/runner/.m2/repository/org/jboss/resteasy/resteasy-client-api/6.2.12.Final/resteasy-client-api-6.2.12.Final.jar:/home/runner/.m2/repository/org/jboss/resteasy/resteasy-core-spi/6.2.12.Final/resteasy-core-spi-6.2.12.Final.jar:/home/runner/.m2/repository/org/jboss/resteasy/resteasy-core/6.2.12.Final/resteasy-core-6.2.12.Final.jar:/home/runner/.m2/repository/org/eclipse/angus/angus-activation/2.0.2/angus-activation-2.0.2.jar:/home/runner/.m2/repository/com/ibm/async/asyncutil/0.1.0/asyncutil-0.1.0.jar:/home/runner/.m2/repository/org/reactivestreams/reactive-streams/1.0.4/reactive-streams-1.0.4.jar:/home/runner/.m2/repository/org/jboss/resteasy/resteasy-multipart-provider/6.2.12.Final/resteasy-multipart-provider-6.2.12.Final.jar:/home/runner/.m2/repository/jakarta/mail/jakarta.mail-api/2.1.3/jakarta.mail-api-2.1.3.jar:/home/runner/.m2/repository/org/eclipse/angus/angus-mail/2.0.3/angus-mail-2.0.3.jar:/home/runner/.m2/repository/org/apache/james/apache-mime4j-dom/0.8.12/apache-mime4j-dom-0.8.12.jar:/home/runner/.m2/repository/org/apache/james/apache-mime4j-core/0.8.12/apache-mime4j-core-0.8.12.jar:/home/runner/.m2/repository/org/apache/james/apache-mime4j-storage/0.8.12/apache-mime4j-storage-0.8.12.jar:/home/runner/.m2/repository/org/jboss/resteasy/resteasy-jackson2-provider/6.2.12.Final/resteasy-jackson2-provider-6.2.12.Final.jar:/home/runner/.m2/repository/com/fasterxml/jackson/jakarta/rs/jackson-jakarta-rs-base/2.18.2/jackson-jakarta-rs-base-2.18.2.jar:/home/runner/.m2/repository/com/fasterxml/jackson/jakarta/rs/jackson-jakarta-rs-json-provider/2.18.2/jackson-jakarta-rs-json-provider-2.18.2.jar:/home/runner/.m2/repository/com/fasterxml/jackson/module/jackson-module-jakarta-xmlbind-annotations/2.18.2/jackson-module-jakarta-xmlbind-annotations-2.18.2.jar:/home/runner/.m2/repository/com/github/java-json-tools/json-patch/1.13/json-patch-1.13.jar:/home/runner/.m2/repository/com/github/java-json-tools/msg-simple/1.2/msg-simple-1.2.jar:/home/runner/.m2/repository/com/github/java-json-tools/btf/1.3/btf-1.3.jar:/home/runner/.m2/repository/com/github/java-json-tools/jackson-coreutils/2.0/jackson-coreutils-2.0.jar:/home/runner/.m2/repository/org/jboss/resteasy/resteasy-jaxb-provider/6.2.12.Final/resteasy-jaxb-provider-6.2.12.Final.jar:/home/runner/.m2/repository/org/glassfish/jaxb/codemodel/4.0.5/codemodel-4.0.5.jar:/home/runner/.m2/repository/org/glassfish/jaxb/jaxb-core/4.0.5/jaxb-core-4.0.5.jar:/home/runner/.m2/repository/org/glassfish/jaxb/jaxb-jxc/4.0.5/jaxb-jxc-4.0.5.jar:/home/runner/.m2/repository/org/glassfish/jaxb/jaxb-runtime/4.0.5/jaxb-runtime-4.0.5.jar:/home/runner/.m2/repository/org/glassfish/jaxb/txw2/4.0.5/txw2-4.0.5.jar:/home/runner/.m2/repository/org/glassfish/jaxb/jaxb-xjc/4.0.5/jaxb-xjc-4.0.5.jar:/home/runner/.m2/repository/org/glassfish/jaxb/xsom/4.0.5/xsom-4.0.5.jar:/home/runner/.m2/repository/com/sun/istack/istack-commons-runtime/4.1.2/istack-commons-runtime-4.1.2.jar:/home/runner/.m2/repository/com/sun/istack/istack-commons-tools/4.1.2/istack-commons-tools-4.1.2.jar:/home/runner/.m2/repository/com/sun/xml/bind/external/relaxng-datatype/4.0.5/relaxng-datatype-4.0.5.jar:/home/runner/.m2/repository/com/sun/xml/bind/external/rngom/4.0.5/rngom-4.0.5.jar:/home/runner/.m2/repository/org/testcontainers/mssqlserver/1.20.6/mssqlserver-1.20.6.jar:/home/runner/.m2/repository/org/testcontainers/jdbc/1.20.6/jdbc-1.20.6.jar:/home/runner/.m2/repository/org/testcontainers/database-commons/1.20.6/database-commons-1.20.6.jar:/home/runner/.m2/repository/org/testcontainers/mysql/1.20.6/mysql-1.20.6.jar:/home/runner/.m2/repository/io/strimzi/strimzi-test-container/0.111.0/strimzi-test-container-0.111.0.jar:/home/runner/.m2/repository/org/testcontainers/toxiproxy/1.20.6/toxiproxy-1.20.6.jar:/home/runner/.m2/repository/com/github/docker-java/docker-java-api/3.4.1/docker-java-api-3.4.1.jar:/home/runner/.m2/repository/org/apache/logging/log4j/log4j-slf4j-impl/2.19.0/log4j-slf4j-impl-2.19.0.jar:/home/runner/.m2/repository/org/apache/logging/log4j/log4j-api/2.24.3/log4j-api-2.24.3.jar:/home/runner/.m2/repository/org/apache/logging/log4j/log4j-core/2.19.0/log4j-core-2.19.0.jar:/home/runner/.m2/repository/eu/rekawek/toxiproxy/toxiproxy-java/2.1.7/toxiproxy-java-2.1.7.jar:/home/runner/.m2/repository/org/testcontainers/pulsar/1.21.3/pulsar-1.21.3.jar:/home/runner/.m2/repository/io/debezium/debezium-testing-testcontainers/2.7.4.Final/debezium-testing-testcontainers-2.7.4.Final.jar:/home/runner/.m2/repository/org/testcontainers/kafka/1.20.6/kafka-1.20.6.jar:/home/runner/.m2/repository/com/squareup/okhttp3/okhttp/4.8.1/okhttp-4.8.1.jar:/home/runner/.m2/repository/com/squareup/okio/okio/3.10.2/okio-3.10.2.jar:/home/runner/.m2/repository/com/squareup/okio/okio-jvm/3.10.2/okio-jvm-3.10.2.jar:/home/runner/.m2/repository/org/jetbrains/kotlin/kotlin-stdlib/2.0.21/kotlin-stdlib-2.0.21.jar:/home/runner/.m2/repository/org/awaitility/awaitility/4.3.0/awaitility-4.3.0.jar:/home/runner/.m2/repository/org/testcontainers/mongodb/1.20.6/mongodb-1.20.6.jar:/home/runner/.m2/repository/org/testcontainers/mariadb/1.20.6/mariadb-1.20.6.jar:/home/runner/.m2/repository/org/testcontainers/oracle-xe/1.20.6/oracle-xe-1.20.6.jar:/home/runner/.m2/repository/org/testcontainers/postgresql/1.20.6/postgresql-1.20.6.jar:/home/runner/.m2/repository/org/wiremock/wiremock/3.0.1/wiremock-3.0.1.jar:/home/runner/.m2/repository/org/eclipse/jetty/jetty-server/11.0.15/jetty-server-11.0.15.jar:/home/runner/.m2/repository/org/eclipse/jetty/toolchain/jetty-jakarta-servlet-api/5.0.2/jetty-jakarta-servlet-api-5.0.2.jar:/home/runner/.m2/repository/org/eclipse/jetty/jetty-http/11.0.15/jetty-http-11.0.15.jar:/home/runner/.m2/repository/org/eclipse/jetty/jetty-io/11.0.15/jetty-io-11.0.15.jar:/home/runner/.m2/repository/org/eclipse/jetty/jetty-servlet/11.0.15/jetty-servlet-11.0.15.jar:/home/runner/.m2/repository/org/eclipse/jetty/jetty-security/11.0.15/jetty-security-11.0.15.jar:/home/runner/.m2/repository/org/eclipse/jetty/jetty-servlets/11.0.15/jetty-servlets-11.0.15.jar:/home/runner/.m2/repository/org/eclipse/jetty/jetty-util/11.0.15/jetty-util-11.0.15.jar:/home/runner/.m2/repository/org/eclipse/jetty/jetty-webapp/11.0.15/jetty-webapp-11.0.15.jar:/home/runner/.m2/repository/org/eclipse/jetty/jetty-xml/11.0.15/jetty-xml-11.0.15.jar:/home/runner/.m2/repository/org/eclipse/jetty/jetty-proxy/11.0.15/jetty-proxy-11.0.15.jar:/home/runner/.m2/repository/org/eclipse/jetty/jetty-client/11.0.15/jetty-client-11.0.15.jar:/home/runner/.m2/repository/org/eclipse/jetty/http2/http2-server/11.0.15/http2-server-11.0.15.jar:/home/runner/.m2/repository/org/eclipse/jetty/http2/http2-common/11.0.15/http2-common-11.0.15.jar:/home/runner/.m2/repository/org/eclipse/jetty/http2/http2-hpack/11.0.15/http2-hpack-11.0.15.jar:/home/runner/.m2/repository/org/eclipse/jetty/jetty-alpn-server/11.0.15/jetty-alpn-server-11.0.15.jar:/home/runner/.m2/repository/org/eclipse/jetty/jetty-alpn-java-server/11.0.15/jetty-alpn-java-server-11.0.15.jar:/home/runner/.m2/repository/org/eclipse/jetty/jetty-alpn-java-client/11.0.15/jetty-alpn-java-client-11.0.15.jar:/home/runner/.m2/repository/org/eclipse/jetty/jetty-alpn-client/11.0.15/jetty-alpn-client-11.0.15.jar:/home/runner/.m2/repository/org/apache/httpcomponents/client5/httpclient5/5.2.1/httpclient5-5.2.1.jar:/home/runner/.m2/repository/org/apache/httpcomponents/core5/httpcore5/5.2/httpcore5-5.2.jar:/home/runner/.m2/repository/org/apache/httpcomponents/core5/httpcore5-h2/5.2/httpcore5-h2-5.2.jar:/home/runner/.m2/repository/org/xmlunit/xmlunit-core/2.9.1/xmlunit-core-2.9.1.jar:/home/runner/.m2/repository/jakarta/xml/bind/jakarta.xml.bind-api/4.0.2/jakarta.xml.bind-api-4.0.2.jar:/home/runner/.m2/repository/org/xmlunit/xmlunit-legacy/2.9.1/xmlunit-legacy-2.9.1.jar:/home/runner/.m2/repository/org/xmlunit/xmlunit-placeholders/2.9.1/xmlunit-placeholders-2.9.1.jar:/home/runner/.m2/repository/net/javacrumbs/json-unit/json-unit-core/2.38.0/json-unit-core-2.38.0.jar:/home/runner/.m2/repository/org/hamcrest/hamcrest-core/2.2/hamcrest-core-2.2.jar:/home/runner/.m2/repository/com/jayway/jsonpath/json-path/2.8.0/json-path-2.8.0.jar:/home/runner/.m2/repository/net/minidev/json-smart/2.4.10/json-smart-2.4.10.jar:/home/runner/.m2/repository/net/minidev/accessors-smart/2.4.9/accessors-smart-2.4.9.jar:/home/runner/.m2/repository/org/ow2/asm/asm/9.7.1/asm-9.7.1.jar:/home/runner/.m2/repository/net/sf/jopt-simple/jopt-simple/5.0.4/jopt-simple-5.0.4.jar:/home/runner/.m2/repository/com/github/jknack/handlebars/4.3.1/handlebars-4.3.1.jar:/home/runner/.m2/repository/com/github/jknack/handlebars-helpers/4.3.1/handlebars-helpers-4.3.1.jar:/home/runner/.m2/repository/commons-fileupload/commons-fileupload/1.5/commons-fileupload-1.5.jar:/home/runner/.m2/repository/com/networknt/json-schema-validator/1.5.8/json-schema-validator-1.5.8.jar:/home/runner/.m2/repository/com/ethlo/time/itu/1.10.3/itu-1.10.3.jar:/home/runner/.m2/repository/io/quarkus/quarkus-smallrye-jwt-build/3.20.2/quarkus-smallrye-jwt-build-3.20.2.jar:/home/runner/.m2/repository/io/smallrye/smallrye-jwt-build/4.6.2/smallrye-jwt-build-4.6.2.jar:/home/runner/.m2/repository/org/eclipse/microprofile/jwt/microprofile-jwt-auth-api/2.1/microprofile-jwt-auth-api-2.1.jar:/home/runner/.m2/repository/org/bitbucket/b_c/jose4j/0.9.6/jose4j-0.9.6.jar:/home/runner/.m2/repository/io/smallrye/smallrye-jwt-common/4.6.2/smallrye-jwt-common-4.6.2.jar:/home/runner/.m2/repository/io/quarkus/quarkus-jsonp/3.20.2/quarkus-jsonp-3.20.2.jar:/home/runner/.m2/repository/io/quarkus/quarkus-arc/3.20.2/quarkus-arc-3.20.2.jar:/home/runner/.m2/repository/io/quarkus/arc/arc/3.20.2/arc-3.20.2.jar:/home/runner/.m2/repository/jakarta/transaction/jakarta.transaction-api/2.0.1/jakarta.transaction-api-2.0.1.jar:/home/runner/.m2/repository/io/smallrye/reactive/mutiny/2.9.2/mutiny-2.9.2.jar:/home/runner/.m2/repository/org/jctools/jctools-core/4.0.5/jctools-core-4.0.5.jar:/home/runner/.m2/repository/org/eclipse/microprofile/context-propagation/microprofile-context-propagation-api/1.3/microprofile-context-propagation-api-1.3.jar:/home/runner/.m2/repository/io/apicurio/apicurio-common-rest-client-common/0.1.18.Final/apicurio-common-rest-client-common-0.1.18.Final.jar:/home/runner/work/apicurio-testing/apicurio-testing/clusters/ci419/namespaces/mysql/tests/integration/apicurio-registry/utils/maven-plugin/target/apicurio-registry-maven-plugin-3.0.12-SNAPSHOT.jar:/home/runner/.m2/repository/com/fasterxml/jackson/core/jackson-databind/2.18.2/jackson-databind-2.18.2.jar:/home/runner/.m2/repository/org/apache/avro/avro/1.12.0/avro-1.12.0.jar:/home/runner/.m2/repository/com/google/protobuf/protobuf-java/4.31.1/protobuf-java-4.31.1.jar:/home/runner/.m2/repository/com/google/protobuf/protobuf-java-util/4.31.1/protobuf-java-util-4.31.1.jar:/home/runner/.m2/repository/com/google/code/findbugs/jsr305/3.0.2/jsr305-3.0.2.jar:/home/runner/.m2/repository/com/google/code/gson/gson/2.12.1/gson-2.12.1.jar:/home/runner/.m2/repository/com/google/errorprone/error_prone_annotations/2.36.0/error_prone_annotations-2.36.0.jar:/home/runner/.m2/repository/com/google/j2objc/j2objc-annotations/2.8/j2objc-annotations-2.8.jar:/home/runner/work/apicurio-testing/apicurio-testing/clusters/ci419/namespaces/mysql/tests/integration/apicurio-registry/schema-util/util-provider/target/apicurio-registry-schema-util-provider-3.0.12-SNAPSHOT.jar:/home/runner/work/apicurio-testing/apicurio-testing/clusters/ci419/namespaces/mysql/tests/integration/apicurio-registry/schema-util/common/target/apicurio-registry-schema-util-common-3.0.12-SNAPSHOT.jar:/home/runner/.m2/repository/com/fasterxml/jackson/module/jackson-module-parameter-names/2.18.2/jackson-module-parameter-names-2.18.2.jar:/home/runner/.m2/repository/com/fasterxml/jackson/datatype/jackson-datatype-json-org/2.18.2/jackson-datatype-json-org-2.18.2.jar:/home/runner/work/apicurio-testing/apicurio-testing/clusters/ci419/namespaces/mysql/tests/integration/apicurio-registry/schema-util/json/target/apicurio-registry-schema-util-json-3.0.12-SNAPSHOT.jar:/home/runner/.m2/repository/com/github/erosb/everit-json-schema/1.14.5/everit-json-schema-1.14.5.jar:/home/runner/.m2/repository/commons-validator/commons-validator/1.9.0/commons-validator-1.9.0.jar:/home/runner/.m2/repository/commons-digester/commons-digester/2.1/commons-digester-2.1.jar:/home/runner/.m2/repository/commons-collections/commons-collections/3.2.2/commons-collections-3.2.2.jar:/home/runner/.m2/repository/com/damnhandy/handy-uri-templates/2.1.8/handy-uri-templates-2.1.8.jar:/home/runner/.m2/repository/joda-time/joda-time/2.10.2/joda-time-2.10.2.jar:/home/runner/.m2/repository/com/github/erosb/json-sKema/0.20.0/json-sKema-0.20.0.jar:/home/runner/.m2/repository/io/vertx/vertx-json-schema/4.5.16/vertx-json-schema-4.5.16.jar:/home/runner/work/apicurio-testing/apicurio-testing/clusters/ci419/namespaces/mysql/tests/integration/apicurio-registry/schema-util/protobuf/target/apicurio-registry-schema-util-protobuf-3.0.12-SNAPSHOT.jar:/home/runner/work/apicurio-testing/apicurio-testing/clusters/ci419/namespaces/mysql/tests/integration/apicurio-registry/utils/protobuf-schema-utilities/target/apicurio-registry-protobuf-schema-utilities-3.0.12-SNAPSHOT.jar:/home/runner/.m2/repository/com/google/api/grpc/proto-google-common-protos/2.52.0/proto-google-common-protos-2.52.0.jar:/home/runner/.m2/repository/com/squareup/wire/wire-schema-jvm/5.3.3/wire-schema-jvm-5.3.3.jar:/home/runner/.m2/repository/com/palantir/javapoet/javapoet/0.6.0/javapoet-0.6.0.jar:/home/runner/.m2/repository/com/squareup/kotlinpoet-jvm/2.0.0/kotlinpoet-jvm-2.0.0.jar:/home/runner/.m2/repository/org/jetbrains/kotlin/kotlin-reflect/2.0.21/kotlin-reflect-2.0.21.jar:/home/runner/.m2/repository/com/squareup/wire/wire-runtime-jvm/5.3.3/wire-runtime-jvm-5.3.3.jar:/home/runner/.m2/repository/com/ibm/icu/icu4j/76.1/icu4j-76.1.jar:/home/runner/.m2/repository/com/squareup/okio/okio-fakefilesystem/3.10.2/okio-fakefilesystem-3.10.2.jar:/home/runner/.m2/repository/com/squareup/okio/okio-fakefilesystem-jvm/3.10.2/okio-fakefilesystem-jvm-3.10.2.jar:/home/runner/.m2/repository/org/jetbrains/kotlinx/kotlinx-datetime-jvm/0.6.1/kotlinx-datetime-jvm-0.6.1.jar:/home/runner/work/apicurio-testing/apicurio-testing/clusters/ci419/namespaces/mysql/tests/integration/apicurio-registry/schema-util/asyncapi/target/apicurio-registry-schema-util-asyncapi-3.0.12-SNAPSHOT.jar:/home/runner/work/apicurio-testing/apicurio-testing/clusters/ci419/namespaces/mysql/tests/integration/apicurio-registry/schema-util/avro/target/apicurio-registry-schema-util-avro-3.0.12-SNAPSHOT.jar:/home/runner/work/apicurio-testing/apicurio-testing/clusters/ci419/namespaces/mysql/tests/integration/apicurio-registry/schema-util/graphql/target/apicurio-registry-schema-util-graphql-3.0.12-SNAPSHOT.jar:/home/runner/.m2/repository/com/graphql-java/graphql-java/22.4/graphql-java-22.4.jar:/home/runner/.m2/repository/com/graphql-java/java-dataloader/3.3.0/java-dataloader-3.3.0.jar:/home/runner/work/apicurio-testing/apicurio-testing/clusters/ci419/namespaces/mysql/tests/integration/apicurio-registry/schema-util/kconnect/target/apicurio-registry-schema-util-kconnect-3.0.12-SNAPSHOT.jar:/home/runner/work/apicurio-testing/apicurio-testing/clusters/ci419/namespaces/mysql/tests/integration/apicurio-registry/schema-util/openapi/target/apicurio-registry-schema-util-openapi-3.0.12-SNAPSHOT.jar:/home/runner/.m2/repository/io/apicurio/apicurio-data-models/2.2.2/apicurio-data-models-2.2.2.jar:/home/runner/.m2/repository/org/openapitools/openapidiff/openapi-diff-core/2.1.2/openapi-diff-core-2.1.2.jar:/home/runner/.m2/repository/io/swagger/parser/v3/swagger-parser/2.1.28/swagger-parser-2.1.28.jar:/home/runner/.m2/repository/io/swagger/parser/v3/swagger-parser-v2-converter/2.1.28/swagger-parser-v2-converter-2.1.28.jar:/home/runner/.m2/repository/io/swagger/swagger-core/1.6.16/swagger-core-1.6.16.jar:/home/runner/.m2/repository/io/swagger/swagger-models/1.6.16/swagger-models-1.6.16.jar:/home/runner/.m2/repository/io/swagger/swagger-annotations/1.6.16/swagger-annotations-1.6.16.jar:/home/runner/.m2/repository/io/swagger/swagger-parser/1.0.75/swagger-parser-1.0.75.jar:/home/runner/.m2/repository/io/swagger/swagger-parser-safe-url-resolver/1.0.75/swagger-parser-safe-url-resolver-1.0.75.jar:/home/runner/.m2/repository/io/swagger/swagger-compat-spec-parser/1.0.75/swagger-compat-spec-parser-1.0.75.jar:/home/runner/.m2/repository/com/github/java-json-tools/json-schema-validator/2.2.14/json-schema-validator-2.2.14.jar:/home/runner/.m2/repository/com/github/java-json-tools/jackson-coreutils-equivalence/1.0/jackson-coreutils-equivalence-1.0.jar:/home/runner/.m2/repository/com/github/java-json-tools/json-schema-core/1.2.14/json-schema-core-1.2.14.jar:/home/runner/.m2/repository/com/github/java-json-tools/uri-template/0.10/uri-template-0.10.jar:/home/runner/.m2/repository/com/googlecode/libphonenumber/libphonenumber/8.11.1/libphonenumber-8.11.1.jar:/home/runner/.m2/repository/com/j2html/j2html/1.6.0/j2html-1.6.0.jar:/home/runner/.m2/repository/org/apache/commons/commons-collections4/4.5.0/commons-collections4-4.5.0.jar:/home/runner/.m2/repository/org/slf4j/jcl-over-slf4j/2.0.17/jcl-over-slf4j-2.0.17.jar:/home/runner/.m2/repository/io/swagger/parser/v3/swagger-parser-v3/2.1.31/swagger-parser-v3-2.1.31.jar:/home/runner/.m2/repository/io/swagger/core/v3/swagger-models/2.2.34/swagger-models-2.2.34.jar:/home/runner/.m2/repository/io/swagger/core/v3/swagger-core/2.2.34/swagger-core-2.2.34.jar:/home/runner/.m2/repository/io/swagger/parser/v3/swagger-parser-core/2.1.31/swagger-parser-core-2.1.31.jar:/home/runner/.m2/repository/io/swagger/parser/v3/swagger-parser-safe-url-resolver/2.1.31/swagger-parser-safe-url-resolver-2.1.31.jar:/home/runner/work/apicurio-testing/apicurio-testing/clusters/ci419/namespaces/mysql/tests/integration/apicurio-registry/schema-util/wsdl/target/apicurio-registry-schema-util-wsdl-3.0.12-SNAPSHOT.jar:/home/runner/.m2/repository/wsdl4j/wsdl4j/1.6.3/wsdl4j-1.6.3.jar:/home/runner/work/apicurio-testing/apicurio-testing/clusters/ci419/namespaces/mysql/tests/integration/apicurio-registry/schema-util/xml/target/apicurio-registry-schema-util-xml-3.0.12-SNAPSHOT.jar:/home/runner/.m2/repository/org/apache/santuario/xmlsec/4.0.4/xmlsec-4.0.4.jar:/home/runner/.m2/repository/com/fasterxml/woodstox/woodstox-core/7.1.1/woodstox-core-7.1.1.jar:/home/runner/.m2/repository/org/codehaus/woodstox/stax2-api/4.2.2/stax2-api-4.2.2.jar:/home/runner/work/apicurio-testing/apicurio-testing/clusters/ci419/namespaces/mysql/tests/integration/apicurio-registry/schema-util/xsd/target/apicurio-registry-schema-util-xsd-3.0.12-SNAPSHOT.jar:/home/runner/work/apicurio-testing/apicurio-testing/clusters/ci419/namespaces/mysql/tests/integration/apicurio-registry/serdes/kafka/jsonschema-serde/target/apicurio-registry-jsonschema-serde-kafka-3.0.12-SNAPSHOT.jar:/home/runner/work/apicurio-testing/apicurio-testing/clusters/ci419/namespaces/mysql/tests/integration/apicurio-registry/serdes/kafka/serde-kafka-common/target/apicurio-registry-serde-kafka-common-3.0.12-SNAPSHOT.jar:/home/runner/work/apicurio-testing/apicurio-testing/clusters/ci419/namespaces/mysql/tests/integration/apicurio-registry/serdes/generic/serde-common/target/apicurio-registry-serde-common-3.0.12-SNAPSHOT.jar:/home/runner/work/apicurio-testing/apicurio-testing/clusters/ci419/namespaces/mysql/tests/integration/apicurio-registry/serdes/generic/serde-common-jsonschema/target/apicurio-registry-serde-common-jsonschema-3.0.12-SNAPSHOT.jar:/home/runner/.m2/repository/org/json/json/20250107/json-20250107.jar:/home/runner/work/apicurio-testing/apicurio-testing/clusters/ci419/namespaces/mysql/tests/integration/apicurio-registry/serdes/kafka/avro-serde/target/apicurio-registry-avro-serde-kafka-3.0.12-SNAPSHOT.jar:/home/runner/work/apicurio-testing/apicurio-testing/clusters/ci419/namespaces/mysql/tests/integration/apicurio-registry/serdes/generic/serde-common-avro/target/apicurio-registry-serde-common-avro-3.0.12-SNAPSHOT.jar:/home/runner/work/apicurio-testing/apicurio-testing/clusters/ci419/namespaces/mysql/tests/integration/apicurio-registry/serdes/kafka/protobuf-serde/target/apicurio-registry-protobuf-serde-kafka-3.0.12-SNAPSHOT.jar:/home/runner/work/apicurio-testing/apicurio-testing/clusters/ci419/namespaces/mysql/tests/integration/apicurio-registry/serdes/generic/serde-common-protobuf/target/apicurio-registry-serde-common-protobuf-3.0.12-SNAPSHOT.jar:/home/runner/.m2/repository/com/squareup/wire/wire-schema/5.3.3/wire-schema-5.3.3.jar:/home/runner/.m2/repository/com/squareup/wire/wire-runtime/5.3.3/wire-runtime-5.3.3.jar:/home/runner/work/apicurio-testing/apicurio-testing/clusters/ci419/namespaces/mysql/tests/integration/apicurio-registry/serdes/pulsar/avro-serde/target/apicurio-registry-avro-serde-pulsar-3.0.12-SNAPSHOT.jar:/home/runner/.m2/repository/org/apache/pulsar/pulsar-functions-api/3.3.8/pulsar-functions-api-3.3.8.jar:/home/runner/work/apicurio-testing/apicurio-testing/clusters/ci419/namespaces/mysql/tests/integration/apicurio-registry/serdes/nats/avro-serde/target/apicurio-registry-avro-serde-nats-3.0.12-SNAPSHOT.jar:/home/runner/.m2/repository/io/nats/jnats/2.21.4/jnats-2.21.4.jar:/home/runner/.m2/repository/org/bouncycastle/bcprov-lts8on/2.73.7/bcprov-lts8on-2.73.7.jar:/home/runner/.m2/repository/org/jetbrains/annotations/26.0.2/annotations-26.0.2.jar:/home/runner/work/apicurio-testing/apicurio-testing/clusters/ci419/namespaces/mysql/tests/integration/apicurio-registry/utils/converter/target/apicurio-registry-utils-converter-3.0.12-SNAPSHOT.jar:/home/runner/work/apicurio-testing/apicurio-testing/clusters/ci419/namespaces/mysql/tests/integration/apicurio-registry/schema-resolver/target/apicurio-registry-schema-resolver-3.0.12-SNAPSHOT.jar:/home/runner/.m2/repository/org/apache/kafka/connect-api/3.9.1/connect-api-3.9.1.jar:/home/runner/.m2/repository/javax/ws/rs/javax.ws.rs-api/2.1.1/javax.ws.rs-api-2.1.1.jar:/home/runner/.m2/repository/org/apache/kafka/connect-json/3.9.1/connect-json-3.9.1.jar:/home/runner/.m2/repository/com/fasterxml/jackson/datatype/jackson-datatype-jdk8/2.18.2/jackson-datatype-jdk8-2.18.2.jar:/home/runner/.m2/repository/com/fasterxml/jackson/module/jackson-module-afterburner/2.18.2/jackson-module-afterburner-2.18.2.jar:/home/runner/work/apicurio-testing/apicurio-testing/clusters/ci419/namespaces/mysql/tests/integration/apicurio-registry/utils/kafka/target/apicurio-registry-utils-kafka-3.0.12-SNAPSHOT.jar:/home/runner/.m2/repository/org/apache/pulsar/pulsar-client/3.3.8/pulsar-client-3.3.8.jar:/home/runner/.m2/repository/org/apache/pulsar/pulsar-client-api/3.3.8/pulsar-client-api-3.3.8.jar:/home/runner/.m2/repository/org/apache/pulsar/pulsar-client-admin-api/3.3.8/pulsar-client-admin-api-3.3.8.jar:/home/runner/.m2/repository/org/apache/pulsar/bouncy-castle-bc/3.3.8/bouncy-castle-bc-3.3.8-pkg.jar:/home/runner/.m2/repository/org/bouncycastle/bcpkix-jdk18on/1.81/bcpkix-jdk18on-1.81.jar:/home/runner/.m2/repository/org/bouncycastle/bcutil-jdk18on/1.81/bcutil-jdk18on-1.81.jar:/home/runner/.m2/repository/org/bouncycastle/bcprov-jdk18on/1.81/bcprov-jdk18on-1.81.jar:/home/runner/.m2/repository/io/opentelemetry/opentelemetry-api/1.44.1/opentelemetry-api-1.44.1.jar:/home/runner/.m2/repository/io/opentelemetry/opentelemetry-context/1.44.1/opentelemetry-context-1.44.1.jar:/home/runner/.m2/repository/io/opentelemetry/opentelemetry-api-incubator/1.44.1-alpha/opentelemetry-api-incubator-1.44.1-alpha.jar:/home/runner/.m2/repository/com/fasterxml/jackson/core/jackson-annotations/2.18.2/jackson-annotations-2.18.2.jar:/home/runner/.m2/repository/javax/validation/validation-api/1.1.0.Final/validation-api-1.1.0.Final.jar:/home/runner/.m2/repository/org/jspecify/jspecify/1.0.0/jspecify-1.0.0.jar:/home/runner/.m2/repository/org/apache/commons/commons-configuration2/2.12.0/commons-configuration2-2.12.0.jar:/home/runner/.m2/repository/commons-logging/commons-logging/1.3.5/commons-logging-1.3.5.jar:/home/runner/.m2/repository/org/apache/commons/commons-text/1.13.0/commons-text-1.13.0.jar:/home/runner/.m2/repository/io/confluent/kafka-avro-serializer/8.0.0/kafka-avro-serializer-8.0.0.jar:/home/runner/.m2/repository/org/apache/commons/commons-compress/1.27.1/commons-compress-1.27.1.jar:/home/runner/.m2/repository/io/confluent/kafka-schema-serializer/8.0.0/kafka-schema-serializer-8.0.0.jar:/home/runner/.m2/repository/com/fasterxml/jackson/dataformat/jackson-dataformat-csv/2.18.2/jackson-dataformat-csv-2.18.2.jar:/home/runner/.m2/repository/io/confluent/kafka-schema-registry-client/8.0.0/kafka-schema-registry-client-8.0.0.jar:/home/runner/.m2/repository/org/yaml/snakeyaml/2.3/snakeyaml-2.3.jar:/home/runner/.m2/repository/io/swagger/core/v3/swagger-annotations/2.2.29/swagger-annotations-2.2.29.jar:/home/runner/.m2/repository/com/google/guava/guava/33.4.0-jre/guava-33.4.0-jre.jar:/home/runner/.m2/repository/com/google/guava/failureaccess/1.0.1/failureaccess-1.0.1.jar:/home/runner/.m2/repository/org/checkerframework/checker-qual/3.49.0/checker-qual-3.49.0.jar:/home/runner/.m2/repository/io/confluent/logredactor/1.0.13/logredactor-1.0.13.jar:/home/runner/.m2/repository/com/google/re2j/re2j/1.6/re2j-1.6.jar:/home/runner/.m2/repository/io/confluent/logredactor-metrics/1.0.13/logredactor-metrics-1.0.13.jar:/home/runner/.m2/repository/com/eclipsesource/minimal-json/minimal-json/0.9.5/minimal-json-0.9.5.jar:/home/runner/.m2/repository/io/confluent/common-utils/8.0.0/common-utils-8.0.0.jar:/home/runner/.m2/repository/io/confluent/kafka-connect-avro-converter/8.0.0/kafka-connect-avro-converter-8.0.0.jar:/home/runner/.m2/repository/io/confluent/kafka-connect-avro-data/8.0.0/kafka-connect-avro-data-8.0.0.jar:/home/runner/.m2/repository/io/confluent/kafka-schema-converter/8.0.0/kafka-schema-converter-8.0.0.jar:/home/runner/.m2/repository/io/rest-assured/rest-assured/5.5.1/rest-assured-5.5.1.jar:/home/runner/.m2/repository/org/apache/groovy/groovy/4.0.22/groovy-4.0.22.jar:/home/runner/.m2/repository/org/apache/groovy/groovy-xml/4.0.22/groovy-xml-4.0.22.jar:/home/runner/.m2/repository/org/apache/httpcomponents/httpclient/4.5.14/httpclient-4.5.14.jar:/home/runner/.m2/repository/org/apache/httpcomponents/httpcore/4.4.16/httpcore-4.4.16.jar:/home/runner/.m2/repository/org/apache/httpcomponents/httpmime/4.5.14/httpmime-4.5.14.jar:/home/runner/.m2/repository/org/hamcrest/hamcrest/2.2/hamcrest-2.2.jar:/home/runner/.m2/repository/org/ccil/cowan/tagsoup/tagsoup/1.2.1/tagsoup-1.2.1.jar:/home/runner/.m2/repository/io/rest-assured/json-path/5.5.1/json-path-5.5.1.jar:/home/runner/.m2/repository/org/apache/groovy/groovy-json/4.0.22/groovy-json-4.0.22.jar:/home/runner/.m2/repository/io/rest-assured/rest-assured-common/5.5.1/rest-assured-common-5.5.1.jar:/home/runner/.m2/repository/io/rest-assured/xml-path/5.5.1/xml-path-5.5.1.jar:/home/runner/.m2/repository/io/zonky/test/embedded-postgres/2.1.0/embedded-postgres-2.1.0.jar:/home/runner/.m2/repository/io/zonky/test/postgres/embedded-postgres-binaries-windows-amd64/14.15.0/embedded-postgres-binaries-windows-amd64-14.15.0.jar:/home/runner/.m2/repository/io/zonky/test/postgres/embedded-postgres-binaries-darwin-amd64/14.15.0/embedded-postgres-binaries-darwin-amd64-14.15.0.jar:/home/runner/.m2/repository/io/zonky/test/postgres/embedded-postgres-binaries-linux-amd64/14.15.0/embedded-postgres-binaries-linux-amd64-14.15.0.jar:/home/runner/.m2/repository/io/zonky/test/postgres/embedded-postgres-binaries-linux-amd64-alpine/14.15.0/embedded-postgres-binaries-linux-amd64-alpine-14.15.0.jar:/home/runner/.m2/repository/org/apache/commons/commons-lang3/3.17.0/commons-lang3-3.17.0.jar:/home/runner/.m2/repository/org/tukaani/xz/1.10/xz-1.10.jar:/home/runner/.m2/repository/commons-codec/commons-codec/1.19.0/commons-codec-1.19.0.jar:/home/runner/.m2/repository/org/postgresql/postgresql/42.7.7/postgresql-42.7.7.jar:/home/runner/.m2/repository/commons-io/commons-io/2.18.0/commons-io-2.18.0.jar:/home/runner/work/apicurio-testing/apicurio-testing/clusters/ci419/namespaces/mysql/tests/integration/apicurio-registry/utils/importexport/target/apicurio-registry-utils-import-export-3.0.12-SNAPSHOT.jar:/home/runner/.m2/repository/io/vertx/vertx-core/4.5.16/vertx-core-4.5.16.jar:/home/runner/.m2/repository/io/netty/netty-common/4.1.121.Final/netty-common-4.1.121.Final.jar:/home/runner/.m2/repository/io/netty/netty-buffer/4.1.121.Final/netty-buffer-4.1.121.Final.jar:/home/runner/.m2/repository/io/netty/netty-transport/4.1.121.Final/netty-transport-4.1.121.Final.jar:/home/runner/.m2/repository/io/netty/netty-handler/4.1.121.Final/netty-handler-4.1.121.Final.jar:/home/runner/.m2/repository/io/netty/netty-transport-native-unix-common/4.1.121.Final/netty-transport-native-unix-common-4.1.121.Final.jar:/home/runner/.m2/repository/io/netty/netty-codec/4.1.121.Final/netty-codec-4.1.121.Final.jar:/home/runner/.m2/repository/io/netty/netty-handler-proxy/4.1.121.Final/netty-handler-proxy-4.1.121.Final.jar:/home/runner/.m2/repository/io/netty/netty-codec-socks/4.1.121.Final/netty-codec-socks-4.1.121.Final.jar:/home/runner/.m2/repository/io/netty/netty-codec-http/4.1.121.Final/netty-codec-http-4.1.121.Final.jar:/home/runner/.m2/repository/io/netty/netty-codec-http2/4.1.121.Final/netty-codec-http2-4.1.121.Final.jar:/home/runner/.m2/repository/io/netty/netty-resolver/4.1.121.Final/netty-resolver-4.1.121.Final.jar:/home/runner/.m2/repository/io/netty/netty-resolver-dns/4.1.121.Final/netty-resolver-dns-4.1.121.Final.jar:/home/runner/.m2/repository/io/netty/netty-codec-dns/4.1.121.Final/netty-codec-dns-4.1.121.Final.jar:/home/runner/.m2/repository/com/fasterxml/jackson/core/jackson-core/2.18.2/jackson-core-2.18.2.jar:"/>
    <property name="java.vm.vendor" value="Eclipse Adoptium"/>
    <property name="maven.javadoc.skip" value="true"/>
    <property name="sun.arch.data.model" value="64"/>
    <property name="java.vendor.url" value="https://adoptium.net/"/>
    <property name="user.timezone" value="Etc/UTC"/>
    <property name="os.name" value="Linux"/>
    <property name="java.vm.specification.version" value="17"/>
    <property name="sun.java.launcher" value="SUN_STANDARD"/>
    <property name="quarkus.http.test-port" value="80"/>
    <property name="sun.boot.library.path" value="/usr/lib/jvm/temurin-17-jdk-amd64/lib"/>
    <property name="sun.java.command" value="/home/runner/work/apicurio-testing/apicurio-testing/clusters/ci419/namespaces/mysql/tests/integration/apicurio-registry/integration-tests/target/surefire/surefirebooter-20250813021529870_3.jar /home/runner/work/apicurio-testing/apicurio-testing/clusters/ci419/namespaces/mysql/tests/integration/apicurio-registry/integration-tests/target/surefire 2025-08-13T02-15-29_777-jvmRun1 surefire-20250813021529870_1tmp surefire_0-20250813021529870_2tmp"/>
    <property name="maven.home" value="/home/runner/.m2/wrapper/dists/apache-maven-3.9.8-bin/4fnp1ql35bgk2a0p7m31ovbgb0/apache-maven-3.9.8"/>
    <property name="jdk.debug" value="release"/>
    <property name="surefire.test.class.path" value="/home/runner/work/apicurio-testing/apicurio-testing/clusters/ci419/namespaces/mysql/tests/integration/apicurio-registry/integration-tests/target/test-classes:/home/runner/work/apicurio-testing/apicurio-testing/clusters/ci419/namespaces/mysql/tests/integration/apicurio-registry/integration-tests/target/apicurio-registry-integration-tests-3.0.12-SNAPSHOT.jar:/home/runner/.m2/repository/io/quarkus/quarkus-junit5/3.20.2/quarkus-junit5-3.20.2.jar:/home/runner/.m2/repository/io/quarkus/quarkus-bootstrap-core/3.20.2/quarkus-bootstrap-core-3.20.2.jar:/home/runner/.m2/repository/io/quarkus/quarkus-classloader-commons/3.20.2/quarkus-classloader-commons-3.20.2.jar:/home/runner/.m2/repository/io/quarkus/quarkus-bootstrap-app-model/3.20.2/quarkus-bootstrap-app-model-3.20.2.jar:/home/runner/.m2/repository/io/smallrye/common/smallrye-common-io/2.12.0/smallrye-common-io-2.12.0.jar:/home/runner/.m2/repository/org/eclipse/sisu/org.eclipse.sisu.inject/0.9.0.M3/org.eclipse.sisu.inject-0.9.0.M3.jar:/home/runner/.m2/repository/io/quarkus/quarkus-test-common/3.20.2/quarkus-test-common-3.20.2.jar:/home/runner/.m2/repository/io/quarkus/quarkus-core-deployment/3.20.2/quarkus-core-deployment-3.20.2.jar:/home/runner/.m2/repository/org/aesh/readline/2.6/readline-2.6.jar:/home/runner/.m2/repository/org/fusesource/jansi/jansi/2.4.0/jansi-2.4.0.jar:/home/runner/.m2/repository/org/aesh/aesh/2.8.2/aesh-2.8.2.jar:/home/runner/.m2/repository/io/quarkus/gizmo/gizmo/1.8.0/gizmo-1.8.0.jar:/home/runner/.m2/repository/org/ow2/asm/asm-util/9.7.1/asm-util-9.7.1.jar:/home/runner/.m2/repository/org/ow2/asm/asm-analysis/9.7.1/asm-analysis-9.7.1.jar:/home/runner/.m2/repository/org/ow2/asm/asm-commons/9.7.1/asm-commons-9.7.1.jar:/home/runner/.m2/repository/org/ow2/asm/asm-tree/9.7.1/asm-tree-9.7.1.jar:/home/runner/.m2/repository/io/quarkus/quarkus-hibernate-validator-spi/3.20.2/quarkus-hibernate-validator-spi-3.20.2.jar:/home/runner/.m2/repository/io/quarkus/quarkus-class-change-agent/3.20.2/quarkus-class-change-agent-3.20.2.jar:/home/runner/.m2/repository/io/quarkus/quarkus-devtools-utilities/3.20.2/quarkus-devtools-utilities-3.20.2.jar:/home/runner/.m2/repository/io/quarkus/quarkus-builder/3.20.2/quarkus-builder-3.20.2.jar:/home/runner/.m2/repository/org/graalvm/sdk/nativeimage/23.1.2/nativeimage-23.1.2.jar:/home/runner/.m2/repository/org/graalvm/sdk/word/23.1.2/word-23.1.2.jar:/home/runner/.m2/repository/io/quarkus/quarkus-bootstrap-maven-resolver/3.20.2/quarkus-bootstrap-maven-resolver-3.20.2.jar:/home/runner/.m2/repository/io/smallrye/beanbag/smallrye-beanbag-maven/1.5.2/smallrye-beanbag-maven-1.5.2.jar:/home/runner/.m2/repository/io/smallrye/beanbag/smallrye-beanbag-sisu/1.5.2/smallrye-beanbag-sisu-1.5.2.jar:/home/runner/.m2/repository/io/smallrye/beanbag/smallrye-beanbag/1.5.2/smallrye-beanbag-1.5.2.jar:/home/runner/.m2/repository/javax/inject/javax.inject/1/javax.inject-1.jar:/home/runner/.m2/repository/org/apache/maven/maven-artifact/3.9.9/maven-artifact-3.9.9.jar:/home/runner/.m2/repository/org/apache/maven/maven-builder-support/3.9.9/maven-builder-support-3.9.9.jar:/home/runner/.m2/repository/org/apache/maven/maven-model/3.9.9/maven-model-3.9.9.jar:/home/runner/.m2/repository/org/apache/maven/maven-model-builder/3.9.9/maven-model-builder-3.9.9.jar:/home/runner/.m2/repository/org/apache/maven/maven-repository-metadata/3.9.9/maven-repository-metadata-3.9.9.jar:/home/runner/.m2/repository/org/apache/maven/maven-settings/3.9.9/maven-settings-3.9.9.jar:/home/runner/.m2/repository/org/apache/maven/resolver/maven-resolver-api/1.9.22/maven-resolver-api-1.9.22.jar:/home/runner/.m2/repository/org/apache/maven/resolver/maven-resolver-impl/1.9.22/maven-resolver-impl-1.9.22.jar:/home/runner/.m2/repository/org/apache/maven/resolver/maven-resolver-named-locks/1.9.22/maven-resolver-named-locks-1.9.22.jar:/home/runner/.m2/repository/org/apache/maven/resolver/maven-resolver-spi/1.9.22/maven-resolver-spi-1.9.22.jar:/home/runner/.m2/repository/org/apache/maven/resolver/maven-resolver-util/1.9.22/maven-resolver-util-1.9.22.jar:/home/runner/.m2/repository/org/apache/maven/resolver/maven-resolver-transport-http/1.9.20/maven-resolver-transport-http-1.9.20.jar:/home/runner/.m2/repository/org/apache/maven/wagon/wagon-provider-api/3.5.3/wagon-provider-api-3.5.3.jar:/home/runner/.m2/repository/org/apache/maven/wagon/wagon-http-shared/3.5.3/wagon-http-shared-3.5.3.jar:/home/runner/.m2/repository/org/codehaus/plexus/plexus-interpolation/1.26/plexus-interpolation-1.26.jar:/home/runner/.m2/repository/org/codehaus/plexus/plexus-utils/3.5.1/plexus-utils-3.5.1.jar:/home/runner/.m2/repository/org/codehaus/plexus/plexus-xml/4.0.1/plexus-xml-4.0.1.jar:/home/runner/.m2/repository/org/apache/maven/maven-xml-impl/4.0.0-alpha-5/maven-xml-impl-4.0.0-alpha-5.jar:/home/runner/.m2/repository/org/apache/maven/maven-api-xml/4.0.0-alpha-5/maven-api-xml-4.0.0-alpha-5.jar:/home/runner/.m2/repository/org/apache/maven/maven-api-meta/4.0.0-alpha-5/maven-api-meta-4.0.0-alpha-5.jar:/home/runner/.m2/repository/org/codehaus/plexus/plexus-cipher/2.0/plexus-cipher-2.0.jar:/home/runner/.m2/repository/org/codehaus/plexus/plexus-sec-dispatcher/2.0/plexus-sec-dispatcher-2.0.jar:/home/runner/.m2/repository/org/apache/maven/maven-embedder/3.9.9/maven-embedder-3.9.9.jar:/home/runner/.m2/repository/org/apache/maven/maven-core/3.9.9/maven-core-3.9.9.jar:/home/runner/.m2/repository/org/codehaus/plexus/plexus-component-annotations/2.1.0/plexus-component-annotations-2.1.0.jar:/home/runner/.m2/repository/org/apache/maven/maven-plugin-api/3.9.9/maven-plugin-api-3.9.9.jar:/home/runner/.m2/repository/org/apache/maven/shared/maven-shared-utils/3.4.2/maven-shared-utils-3.4.2.jar:/home/runner/.m2/repository/com/google/inject/guice/5.1.0/guice-5.1.0.jar:/home/runner/.m2/repository/aopalliance/aopalliance/1.0/aopalliance-1.0.jar:/home/runner/.m2/repository/org/codehaus/plexus/plexus-classworlds/2.6.0/plexus-classworlds-2.6.0.jar:/home/runner/.m2/repository/commons-cli/commons-cli/1.8.0/commons-cli-1.8.0.jar:/home/runner/.m2/repository/org/eclipse/sisu/org.eclipse.sisu.plexus/0.9.0.M3/org.eclipse.sisu.plexus-0.9.0.M3.jar:/home/runner/.m2/repository/org/apache/maven/maven-settings-builder/3.9.9/maven-settings-builder-3.9.9.jar:/home/runner/.m2/repository/org/apache/maven/maven-resolver-provider/3.9.9/maven-resolver-provider-3.9.9.jar:/home/runner/.m2/repository/org/apache/maven/resolver/maven-resolver-connector-basic/1.9.22/maven-resolver-connector-basic-1.9.22.jar:/home/runner/.m2/repository/org/apache/maven/resolver/maven-resolver-transport-wagon/1.9.22/maven-resolver-transport-wagon-1.9.22.jar:/home/runner/.m2/repository/org/apache/maven/wagon/wagon-http/3.5.3/wagon-http-3.5.3.jar:/home/runner/.m2/repository/org/apache/maven/wagon/wagon-file/3.5.3/wagon-file-3.5.3.jar:/home/runner/.m2/repository/io/quarkus/quarkus-bootstrap-gradle-resolver/3.20.2/quarkus-bootstrap-gradle-resolver-3.20.2.jar:/home/runner/.m2/repository/io/smallrye/jandex/3.3.0/jandex-3.3.0.jar:/home/runner/.m2/repository/org/jboss/logging/commons-logging-jboss-logging/1.0.0.Final/commons-logging-jboss-logging-1.0.0.Final.jar:/home/runner/.m2/repository/io/quarkus/quarkus-junit5-config/3.20.2/quarkus-junit5-config-3.20.2.jar:/home/runner/.m2/repository/org/junit/jupiter/junit-jupiter-api/5.12.1/junit-jupiter-api-5.12.1.jar:/home/runner/.m2/repository/io/smallrye/config/smallrye-config/3.11.4/smallrye-config-3.11.4.jar:/home/runner/.m2/repository/io/smallrye/config/smallrye-config-core/3.11.4/smallrye-config-core-3.11.4.jar:/home/runner/.m2/repository/io/smallrye/common/smallrye-common-classloader/2.12.0/smallrye-common-classloader-2.12.0.jar:/home/runner/.m2/repository/io/smallrye/config/smallrye-config-common/3.11.4/smallrye-config-common-3.11.4.jar:/home/runner/.m2/repository/org/junit/jupiter/junit-jupiter/5.12.1/junit-jupiter-5.12.1.jar:/home/runner/.m2/repository/org/junit/jupiter/junit-jupiter-params/5.12.1/junit-jupiter-params-5.12.1.jar:/home/runner/.m2/repository/org/junit/jupiter/junit-jupiter-engine/5.12.1/junit-jupiter-engine-5.12.1.jar:/home/runner/.m2/repository/io/quarkus/quarkus-core/3.20.2/quarkus-core-3.20.2.jar:/home/runner/.m2/repository/jakarta/enterprise/jakarta.enterprise.cdi-api/4.1.0/jakarta.enterprise.cdi-api-4.1.0.jar:/home/runner/.m2/repository/jakarta/enterprise/jakarta.enterprise.lang-model/4.1.0/jakarta.enterprise.lang-model-4.1.0.jar:/home/runner/.m2/repository/jakarta/el/jakarta.el-api/5.0.1/jakarta.el-api-5.0.1.jar:/home/runner/.m2/repository/jakarta/interceptor/jakarta.interceptor-api/2.2.0/jakarta.interceptor-api-2.2.0.jar:/home/runner/.m2/repository/jakarta/inject/jakarta.inject-api/2.0.1/jakarta.inject-api-2.0.1.jar:/home/runner/.m2/repository/io/smallrye/common/smallrye-common-os/2.12.0/smallrye-common-os-2.12.0.jar:/home/runner/.m2/repository/io/quarkus/quarkus-ide-launcher/3.20.2/quarkus-ide-launcher-3.20.2.jar:/home/runner/.m2/repository/io/quarkus/quarkus-development-mode-spi/3.20.2/quarkus-development-mode-spi-3.20.2.jar:/home/runner/.m2/repository/org/jboss/logging/jboss-logging/3.6.1.Final/jboss-logging-3.6.1.Final.jar:/home/runner/.m2/repository/org/jboss/logmanager/jboss-logmanager/3.1.2.Final/jboss-logmanager-3.1.2.Final.jar:/home/runner/.m2/repository/io/smallrye/common/smallrye-common-constraint/2.12.0/smallrye-common-constraint-2.12.0.jar:/home/runner/.m2/repository/io/smallrye/common/smallrye-common-cpu/2.12.0/smallrye-common-cpu-2.12.0.jar:/home/runner/.m2/repository/io/smallrye/common/smallrye-common-expression/2.12.0/smallrye-common-expression-2.12.0.jar:/home/runner/.m2/repository/io/smallrye/common/smallrye-common-net/2.12.0/smallrye-common-net-2.12.0.jar:/home/runner/.m2/repository/io/smallrye/common/smallrye-common-ref/2.12.0/smallrye-common-ref-2.12.0.jar:/home/runner/.m2/repository/jakarta/json/jakarta.json-api/2.1.3/jakarta.json-api-2.1.3.jar:/home/runner/.m2/repository/org/eclipse/parsson/parsson/1.1.7/parsson-1.1.7.jar:/home/runner/.m2/repository/org/jboss/logging/jboss-logging-annotations/3.0.4.Final/jboss-logging-annotations-3.0.4.Final.jar:/home/runner/.m2/repository/org/jboss/threads/jboss-threads/3.8.0.Final/jboss-threads-3.8.0.Final.jar:/home/runner/.m2/repository/io/smallrye/common/smallrye-common-annotation/2.12.0/smallrye-common-annotation-2.12.0.jar:/home/runner/.m2/repository/io/smallrye/common/smallrye-common-function/2.12.0/smallrye-common-function-2.12.0.jar:/home/runner/.m2/repository/org/jboss/slf4j/slf4j-jboss-logmanager/2.0.0.Final/slf4j-jboss-logmanager-2.0.0.Final.jar:/home/runner/.m2/repository/org/wildfly/common/wildfly-common/2.0.1/wildfly-common-2.0.1.jar:/home/runner/.m2/repository/io/quarkus/quarkus-bootstrap-runner/3.20.2/quarkus-bootstrap-runner-3.20.2.jar:/home/runner/.m2/repository/io/github/crac/org-crac/0.1.3/org-crac-0.1.3.jar:/home/runner/.m2/repository/io/quarkus/quarkus-fs-util/0.0.10/quarkus-fs-util-0.0.10.jar:/home/runner/.m2/repository/org/jboss/marshalling/jboss-marshalling/2.2.2.Final/jboss-marshalling-2.2.2.Final.jar:/home/runner/.m2/repository/io/fabric8/kubernetes-client/7.1.0/kubernetes-client-7.1.0.jar:/home/runner/.m2/repository/io/fabric8/kubernetes-client-api/7.1.0/kubernetes-client-api-7.1.0.jar:/home/runner/.m2/repository/io/fabric8/kubernetes-model-core/7.1.0/kubernetes-model-core-7.1.0.jar:/home/runner/.m2/repository/io/fabric8/kubernetes-model-common/7.1.0/kubernetes-model-common-7.1.0.jar:/home/runner/.m2/repository/javax/annotation/javax.annotation-api/1.3.2/javax.annotation-api-1.3.2.jar:/home/runner/.m2/repository/io/fabric8/kubernetes-model-gatewayapi/7.1.0/kubernetes-model-gatewayapi-7.1.0.jar:/home/runner/.m2/repository/io/fabric8/kubernetes-model-resource/7.1.0/kubernetes-model-resource-7.1.0.jar:/home/runner/.m2/repository/io/fabric8/kubernetes-model-rbac/7.1.0/kubernetes-model-rbac-7.1.0.jar:/home/runner/.m2/repository/io/fabric8/kubernetes-model-admissionregistration/7.1.0/kubernetes-model-admissionregistration-7.1.0.jar:/home/runner/.m2/repository/io/fabric8/kubernetes-model-apps/7.1.0/kubernetes-model-apps-7.1.0.jar:/home/runner/.m2/repository/io/fabric8/kubernetes-model-autoscaling/7.1.0/kubernetes-model-autoscaling-7.1.0.jar:/home/runner/.m2/repository/io/fabric8/kubernetes-model-apiextensions/7.1.0/kubernetes-model-apiextensions-7.1.0.jar:/home/runner/.m2/repository/io/fabric8/kubernetes-model-batch/7.1.0/kubernetes-model-batch-7.1.0.jar:/home/runner/.m2/repository/io/fabric8/kubernetes-model-certificates/7.1.0/kubernetes-model-certificates-7.1.0.jar:/home/runner/.m2/repository/io/fabric8/kubernetes-model-coordination/7.1.0/kubernetes-model-coordination-7.1.0.jar:/home/runner/.m2/repository/io/fabric8/kubernetes-model-discovery/7.1.0/kubernetes-model-discovery-7.1.0.jar:/home/runner/.m2/repository/io/fabric8/kubernetes-model-events/7.1.0/kubernetes-model-events-7.1.0.jar:/home/runner/.m2/repository/io/fabric8/kubernetes-model-extensions/7.1.0/kubernetes-model-extensions-7.1.0.jar:/home/runner/.m2/repository/io/fabric8/kubernetes-model-flowcontrol/7.1.0/kubernetes-model-flowcontrol-7.1.0.jar:/home/runner/.m2/repository/io/fabric8/kubernetes-model-networking/7.1.0/kubernetes-model-networking-7.1.0.jar:/home/runner/.m2/repository/io/fabric8/kubernetes-model-metrics/7.1.0/kubernetes-model-metrics-7.1.0.jar:/home/runner/.m2/repository/io/fabric8/kubernetes-model-policy/7.1.0/kubernetes-model-policy-7.1.0.jar:/home/runner/.m2/repository/io/fabric8/kubernetes-model-scheduling/7.1.0/kubernetes-model-scheduling-7.1.0.jar:/home/runner/.m2/repository/io/fabric8/kubernetes-model-storageclass/7.1.0/kubernetes-model-storageclass-7.1.0.jar:/home/runner/.m2/repository/io/fabric8/kubernetes-model-node/7.1.0/kubernetes-model-node-7.1.0.jar:/home/runner/.m2/repository/org/snakeyaml/snakeyaml-engine/2.9/snakeyaml-engine-2.9.jar:/home/runner/.m2/repository/com/fasterxml/jackson/dataformat/jackson-dataformat-yaml/2.18.2/jackson-dataformat-yaml-2.18.2.jar:/home/runner/.m2/repository/com/fasterxml/jackson/datatype/jackson-datatype-jsr310/2.18.2/jackson-datatype-jsr310-2.18.2.jar:/home/runner/.m2/repository/io/fabric8/zjsonpatch/7.1.0/zjsonpatch-7.1.0.jar:/home/runner/.m2/repository/io/fabric8/kubernetes-httpclient-vertx/7.1.0/kubernetes-httpclient-vertx-7.1.0.jar:/home/runner/.m2/repository/io/vertx/vertx-web-client/4.5.16/vertx-web-client-4.5.16.jar:/home/runner/.m2/repository/io/vertx/vertx-web-common/4.5.16/vertx-web-common-4.5.16.jar:/home/runner/.m2/repository/io/vertx/vertx-auth-common/4.5.16/vertx-auth-common-4.5.16.jar:/home/runner/.m2/repository/io/vertx/vertx-uri-template/4.5.16/vertx-uri-template-4.5.16.jar:/home/runner/.m2/repository/io/fabric8/openshift-client/7.1.0/openshift-client-7.1.0.jar:/home/runner/.m2/repository/io/fabric8/openshift-client-api/7.1.0/openshift-client-api-7.1.0.jar:/home/runner/.m2/repository/io/fabric8/openshift-model/7.1.0/openshift-model-7.1.0.jar:/home/runner/.m2/repository/io/fabric8/openshift-model-autoscaling/7.1.0/openshift-model-autoscaling-7.1.0.jar:/home/runner/.m2/repository/io/fabric8/openshift-model-operator/7.1.0/openshift-model-operator-7.1.0.jar:/home/runner/.m2/repository/io/fabric8/openshift-model-operatorhub/7.1.0/openshift-model-operatorhub-7.1.0.jar:/home/runner/.m2/repository/io/fabric8/openshift-model-machine/7.1.0/openshift-model-machine-7.1.0.jar:/home/runner/.m2/repository/io/fabric8/openshift-model-whereabouts/7.1.0/openshift-model-whereabouts-7.1.0.jar:/home/runner/.m2/repository/io/fabric8/openshift-model-monitoring/7.1.0/openshift-model-monitoring-7.1.0.jar:/home/runner/.m2/repository/io/fabric8/openshift-model-storageversionmigrator/7.1.0/openshift-model-storageversionmigrator-7.1.0.jar:/home/runner/.m2/repository/io/fabric8/openshift-model-tuned/7.1.0/openshift-model-tuned-7.1.0.jar:/home/runner/.m2/repository/io/fabric8/openshift-model-console/7.1.0/openshift-model-console-7.1.0.jar:/home/runner/.m2/repository/io/fabric8/openshift-model-config/7.1.0/openshift-model-config-7.1.0.jar:/home/runner/.m2/repository/io/fabric8/openshift-model-machineconfiguration/7.1.0/openshift-model-machineconfiguration-7.1.0.jar:/home/runner/.m2/repository/io/fabric8/openshift-model-miscellaneous/7.1.0/openshift-model-miscellaneous-7.1.0.jar:/home/runner/.m2/repository/io/fabric8/openshift-model-hive/7.1.0/openshift-model-hive-7.1.0.jar:/home/runner/.m2/repository/io/fabric8/openshift-model-installer/7.1.0/openshift-model-installer-7.1.0.jar:/home/runner/.m2/repository/org/junit/platform/junit-platform-launcher/1.12.1/junit-platform-launcher-1.12.1.jar:/home/runner/.m2/repository/org/junit/platform/junit-platform-engine/1.12.1/junit-platform-engine-1.12.1.jar:/home/runner/.m2/repository/org/opentest4j/opentest4j/1.3.0/opentest4j-1.3.0.jar:/home/runner/.m2/repository/org/junit/platform/junit-platform-commons/1.12.1/junit-platform-commons-1.12.1.jar:/home/runner/.m2/repository/org/apiguardian/apiguardian-api/1.1.2/apiguardian-api-1.1.2.jar:/home/runner/.m2/repository/jakarta/ws/rs/jakarta.ws.rs-api/3.1.0/jakarta.ws.rs-api-3.1.0.jar:/home/runner/work/apicurio-testing/apicurio-testing/clusters/ci419/namespaces/mysql/tests/integration/apicurio-registry/java-sdk/target/apicurio-registry-java-sdk-3.0.12-SNAPSHOT.jar:/home/runner/.m2/repository/com/microsoft/kiota/microsoft-kiota-abstractions/1.8.9/microsoft-kiota-abstractions-1.8.9.jar:/home/runner/.m2/repository/io/github/std-uritemplate/std-uritemplate/2.0.0/std-uritemplate-2.0.0.jar:/home/runner/.m2/repository/io/kiota/kiota-http-jdk/0.0.29/kiota-http-jdk-0.0.29.jar:/home/runner/.m2/repository/io/kiota/kiota-http-vertx/0.0.29/kiota-http-vertx-0.0.29.jar:/home/runner/.m2/repository/io/kiota/kiota-serialization-jackson/0.0.29/kiota-serialization-jackson-0.0.29.jar:/home/runner/.m2/repository/com/microsoft/kiota/microsoft-kiota-serialization-text/1.8.9/microsoft-kiota-serialization-text-1.8.9.jar:/home/runner/.m2/repository/com/microsoft/kiota/microsoft-kiota-serialization-form/1.8.9/microsoft-kiota-serialization-form-1.8.9.jar:/home/runner/.m2/repository/com/microsoft/kiota/microsoft-kiota-serialization-multipart/1.8.9/microsoft-kiota-serialization-multipart-1.8.9.jar:/home/runner/.m2/repository/jakarta/annotation/jakarta.annotation-api/3.0.0/jakarta.annotation-api-3.0.0.jar:/home/runner/.m2/repository/io/vertx/vertx-auth-oauth2/4.5.16/vertx-auth-oauth2-4.5.16.jar:/home/runner/work/apicurio-testing/apicurio-testing/clusters/ci419/namespaces/mysql/tests/integration/apicurio-registry/java-sdk-v2/target/apicurio-registry-v2-java-sdk-3.0.12-SNAPSHOT.jar:/home/runner/work/apicurio-testing/apicurio-testing/clusters/ci419/namespaces/mysql/tests/integration/apicurio-registry/utils/kafka/target/apicurio-registry-utils-kafka-3.0.12-SNAPSHOT-tests.jar:/home/runner/.m2/repository/org/eclipse/microprofile/config/microprofile-config-api/3.1/microprofile-config-api-3.1.jar:/home/runner/.m2/repository/org/apache/kafka/kafka-clients/3.9.1/kafka-clients-3.9.1.jar:/home/runner/.m2/repository/com/github/luben/zstd-jni/1.5.6-4/zstd-jni-1.5.6-4.jar:/home/runner/.m2/repository/org/lz4/lz4-java/1.8.0/lz4-java-1.8.0.jar:/home/runner/.m2/repository/org/xerial/snappy/snappy-java/1.1.10.5/snappy-java-1.1.10.5.jar:/home/runner/.m2/repository/org/slf4j/slf4j-api/2.0.6/slf4j-api-2.0.6.jar:/home/runner/work/apicurio-testing/apicurio-testing/clusters/ci419/namespaces/mysql/tests/integration/apicurio-registry/utils/tests/target/apicurio-registry-utils-tests-3.0.12-SNAPSHOT.jar:/home/runner/work/apicurio-testing/apicurio-testing/clusters/ci419/namespaces/mysql/tests/integration/apicurio-registry/common/target/apicurio-registry-common-3.0.12-SNAPSHOT.jar:/home/runner/.m2/repository/jakarta/validation/jakarta.validation-api/3.0.2/jakarta.validation-api-3.0.2.jar:/home/runner/.m2/repository/com/github/dasniko/testcontainers-keycloak/3.8.0/testcontainers-keycloak-3.8.0.jar:/home/runner/.m2/repository/org/testcontainers/testcontainers/1.20.6/testcontainers-1.20.6.jar:/home/runner/.m2/repository/org/rnorth/duct-tape/duct-tape/1.0.8/duct-tape-1.0.8.jar:/home/runner/.m2/repository/com/github/docker-java/docker-java-transport-zerodep/3.4.1/docker-java-transport-zerodep-3.4.1.jar:/home/runner/.m2/repository/com/github/docker-java/docker-java-transport/3.4.1/docker-java-transport-3.4.1.jar:/home/runner/.m2/repository/net/java/dev/jna/jna/5.8.0/jna-5.8.0.jar:/home/runner/.m2/repository/io/quarkus/quarkus-junit4-mock/3.20.2/quarkus-junit4-mock-3.20.2.jar:/home/runner/.m2/repository/org/jboss/shrinkwrap/shrinkwrap-api/2.0.0-beta-2/shrinkwrap-api-2.0.0-beta-2.jar:/home/runner/.m2/repository/org/jboss/shrinkwrap/shrinkwrap-impl-base/2.0.0-beta-2/shrinkwrap-impl-base-2.0.0-beta-2.jar:/home/runner/.m2/repository/org/jboss/shrinkwrap/shrinkwrap-spi/2.0.0-beta-2/shrinkwrap-spi-2.0.0-beta-2.jar:/home/runner/.m2/repository/org/keycloak/keycloak-admin-client/26.0.4/keycloak-admin-client-26.0.4.jar:/home/runner/.m2/repository/org/keycloak/keycloak-client-common-synced/26.0.4/keycloak-client-common-synced-26.0.4.jar:/home/runner/.m2/repository/jakarta/activation/jakarta.activation-api/2.1.3/jakarta.activation-api-2.1.3.jar:/home/runner/.m2/repository/org/eclipse/microprofile/openapi/microprofile-openapi-api/4.0.2/microprofile-openapi-api-4.0.2.jar:/home/runner/.m2/repository/org/jboss/resteasy/resteasy-client/6.2.12.Final/resteasy-client-6.2.12.Final.jar:/home/runner/.m2/repository/org/jboss/resteasy/resteasy-client-api/6.2.12.Final/resteasy-client-api-6.2.12.Final.jar:/home/runner/.m2/repository/org/jboss/resteasy/resteasy-core-spi/6.2.12.Final/resteasy-core-spi-6.2.12.Final.jar:/home/runner/.m2/repository/org/jboss/resteasy/resteasy-core/6.2.12.Final/resteasy-core-6.2.12.Final.jar:/home/runner/.m2/repository/org/eclipse/angus/angus-activation/2.0.2/angus-activation-2.0.2.jar:/home/runner/.m2/repository/com/ibm/async/asyncutil/0.1.0/asyncutil-0.1.0.jar:/home/runner/.m2/repository/org/reactivestreams/reactive-streams/1.0.4/reactive-streams-1.0.4.jar:/home/runner/.m2/repository/org/jboss/resteasy/resteasy-multipart-provider/6.2.12.Final/resteasy-multipart-provider-6.2.12.Final.jar:/home/runner/.m2/repository/jakarta/mail/jakarta.mail-api/2.1.3/jakarta.mail-api-2.1.3.jar:/home/runner/.m2/repository/org/eclipse/angus/angus-mail/2.0.3/angus-mail-2.0.3.jar:/home/runner/.m2/repository/org/apache/james/apache-mime4j-dom/0.8.12/apache-mime4j-dom-0.8.12.jar:/home/runner/.m2/repository/org/apache/james/apache-mime4j-core/0.8.12/apache-mime4j-core-0.8.12.jar:/home/runner/.m2/repository/org/apache/james/apache-mime4j-storage/0.8.12/apache-mime4j-storage-0.8.12.jar:/home/runner/.m2/repository/org/jboss/resteasy/resteasy-jackson2-provider/6.2.12.Final/resteasy-jackson2-provider-6.2.12.Final.jar:/home/runner/.m2/repository/com/fasterxml/jackson/jakarta/rs/jackson-jakarta-rs-base/2.18.2/jackson-jakarta-rs-base-2.18.2.jar:/home/runner/.m2/repository/com/fasterxml/jackson/jakarta/rs/jackson-jakarta-rs-json-provider/2.18.2/jackson-jakarta-rs-json-provider-2.18.2.jar:/home/runner/.m2/repository/com/fasterxml/jackson/module/jackson-module-jakarta-xmlbind-annotations/2.18.2/jackson-module-jakarta-xmlbind-annotations-2.18.2.jar:/home/runner/.m2/repository/com/github/java-json-tools/json-patch/1.13/json-patch-1.13.jar:/home/runner/.m2/repository/com/github/java-json-tools/msg-simple/1.2/msg-simple-1.2.jar:/home/runner/.m2/repository/com/github/java-json-tools/btf/1.3/btf-1.3.jar:/home/runner/.m2/repository/com/github/java-json-tools/jackson-coreutils/2.0/jackson-coreutils-2.0.jar:/home/runner/.m2/repository/org/jboss/resteasy/resteasy-jaxb-provider/6.2.12.Final/resteasy-jaxb-provider-6.2.12.Final.jar:/home/runner/.m2/repository/org/glassfish/jaxb/codemodel/4.0.5/codemodel-4.0.5.jar:/home/runner/.m2/repository/org/glassfish/jaxb/jaxb-core/4.0.5/jaxb-core-4.0.5.jar:/home/runner/.m2/repository/org/glassfish/jaxb/jaxb-jxc/4.0.5/jaxb-jxc-4.0.5.jar:/home/runner/.m2/repository/org/glassfish/jaxb/jaxb-runtime/4.0.5/jaxb-runtime-4.0.5.jar:/home/runner/.m2/repository/org/glassfish/jaxb/txw2/4.0.5/txw2-4.0.5.jar:/home/runner/.m2/repository/org/glassfish/jaxb/jaxb-xjc/4.0.5/jaxb-xjc-4.0.5.jar:/home/runner/.m2/repository/org/glassfish/jaxb/xsom/4.0.5/xsom-4.0.5.jar:/home/runner/.m2/repository/com/sun/istack/istack-commons-runtime/4.1.2/istack-commons-runtime-4.1.2.jar:/home/runner/.m2/repository/com/sun/istack/istack-commons-tools/4.1.2/istack-commons-tools-4.1.2.jar:/home/runner/.m2/repository/com/sun/xml/bind/external/relaxng-datatype/4.0.5/relaxng-datatype-4.0.5.jar:/home/runner/.m2/repository/com/sun/xml/bind/external/rngom/4.0.5/rngom-4.0.5.jar:/home/runner/.m2/repository/org/testcontainers/mssqlserver/1.20.6/mssqlserver-1.20.6.jar:/home/runner/.m2/repository/org/testcontainers/jdbc/1.20.6/jdbc-1.20.6.jar:/home/runner/.m2/repository/org/testcontainers/database-commons/1.20.6/database-commons-1.20.6.jar:/home/runner/.m2/repository/org/testcontainers/mysql/1.20.6/mysql-1.20.6.jar:/home/runner/.m2/repository/io/strimzi/strimzi-test-container/0.111.0/strimzi-test-container-0.111.0.jar:/home/runner/.m2/repository/org/testcontainers/toxiproxy/1.20.6/toxiproxy-1.20.6.jar:/home/runner/.m2/repository/com/github/docker-java/docker-java-api/3.4.1/docker-java-api-3.4.1.jar:/home/runner/.m2/repository/org/apache/logging/log4j/log4j-slf4j-impl/2.19.0/log4j-slf4j-impl-2.19.0.jar:/home/runner/.m2/repository/org/apache/logging/log4j/log4j-api/2.24.3/log4j-api-2.24.3.jar:/home/runner/.m2/repository/org/apache/logging/log4j/log4j-core/2.19.0/log4j-core-2.19.0.jar:/home/runner/.m2/repository/eu/rekawek/toxiproxy/toxiproxy-java/2.1.7/toxiproxy-java-2.1.7.jar:/home/runner/.m2/repository/org/testcontainers/pulsar/1.21.3/pulsar-1.21.3.jar:/home/runner/.m2/repository/io/debezium/debezium-testing-testcontainers/2.7.4.Final/debezium-testing-testcontainers-2.7.4.Final.jar:/home/runner/.m2/repository/org/testcontainers/kafka/1.20.6/kafka-1.20.6.jar:/home/runner/.m2/repository/com/squareup/okhttp3/okhttp/4.8.1/okhttp-4.8.1.jar:/home/runner/.m2/repository/com/squareup/okio/okio/3.10.2/okio-3.10.2.jar:/home/runner/.m2/repository/com/squareup/okio/okio-jvm/3.10.2/okio-jvm-3.10.2.jar:/home/runner/.m2/repository/org/jetbrains/kotlin/kotlin-stdlib/2.0.21/kotlin-stdlib-2.0.21.jar:/home/runner/.m2/repository/org/awaitility/awaitility/4.3.0/awaitility-4.3.0.jar:/home/runner/.m2/repository/org/testcontainers/mongodb/1.20.6/mongodb-1.20.6.jar:/home/runner/.m2/repository/org/testcontainers/mariadb/1.20.6/mariadb-1.20.6.jar:/home/runner/.m2/repository/org/testcontainers/oracle-xe/1.20.6/oracle-xe-1.20.6.jar:/home/runner/.m2/repository/org/testcontainers/postgresql/1.20.6/postgresql-1.20.6.jar:/home/runner/.m2/repository/org/wiremock/wiremock/3.0.1/wiremock-3.0.1.jar:/home/runner/.m2/repository/org/eclipse/jetty/jetty-server/11.0.15/jetty-server-11.0.15.jar:/home/runner/.m2/repository/org/eclipse/jetty/toolchain/jetty-jakarta-servlet-api/5.0.2/jetty-jakarta-servlet-api-5.0.2.jar:/home/runner/.m2/repository/org/eclipse/jetty/jetty-http/11.0.15/jetty-http-11.0.15.jar:/home/runner/.m2/repository/org/eclipse/jetty/jetty-io/11.0.15/jetty-io-11.0.15.jar:/home/runner/.m2/repository/org/eclipse/jetty/jetty-servlet/11.0.15/jetty-servlet-11.0.15.jar:/home/runner/.m2/repository/org/eclipse/jetty/jetty-security/11.0.15/jetty-security-11.0.15.jar:/home/runner/.m2/repository/org/eclipse/jetty/jetty-servlets/11.0.15/jetty-servlets-11.0.15.jar:/home/runner/.m2/repository/org/eclipse/jetty/jetty-util/11.0.15/jetty-util-11.0.15.jar:/home/runner/.m2/repository/org/eclipse/jetty/jetty-webapp/11.0.15/jetty-webapp-11.0.15.jar:/home/runner/.m2/repository/org/eclipse/jetty/jetty-xml/11.0.15/jetty-xml-11.0.15.jar:/home/runner/.m2/repository/org/eclipse/jetty/jetty-proxy/11.0.15/jetty-proxy-11.0.15.jar:/home/runner/.m2/repository/org/eclipse/jetty/jetty-client/11.0.15/jetty-client-11.0.15.jar:/home/runner/.m2/repository/org/eclipse/jetty/http2/http2-server/11.0.15/http2-server-11.0.15.jar:/home/runner/.m2/repository/org/eclipse/jetty/http2/http2-common/11.0.15/http2-common-11.0.15.jar:/home/runner/.m2/repository/org/eclipse/jetty/http2/http2-hpack/11.0.15/http2-hpack-11.0.15.jar:/home/runner/.m2/repository/org/eclipse/jetty/jetty-alpn-server/11.0.15/jetty-alpn-server-11.0.15.jar:/home/runner/.m2/repository/org/eclipse/jetty/jetty-alpn-java-server/11.0.15/jetty-alpn-java-server-11.0.15.jar:/home/runner/.m2/repository/org/eclipse/jetty/jetty-alpn-java-client/11.0.15/jetty-alpn-java-client-11.0.15.jar:/home/runner/.m2/repository/org/eclipse/jetty/jetty-alpn-client/11.0.15/jetty-alpn-client-11.0.15.jar:/home/runner/.m2/repository/org/apache/httpcomponents/client5/httpclient5/5.2.1/httpclient5-5.2.1.jar:/home/runner/.m2/repository/org/apache/httpcomponents/core5/httpcore5/5.2/httpcore5-5.2.jar:/home/runner/.m2/repository/org/apache/httpcomponents/core5/httpcore5-h2/5.2/httpcore5-h2-5.2.jar:/home/runner/.m2/repository/org/xmlunit/xmlunit-core/2.9.1/xmlunit-core-2.9.1.jar:/home/runner/.m2/repository/jakarta/xml/bind/jakarta.xml.bind-api/4.0.2/jakarta.xml.bind-api-4.0.2.jar:/home/runner/.m2/repository/org/xmlunit/xmlunit-legacy/2.9.1/xmlunit-legacy-2.9.1.jar:/home/runner/.m2/repository/org/xmlunit/xmlunit-placeholders/2.9.1/xmlunit-placeholders-2.9.1.jar:/home/runner/.m2/repository/net/javacrumbs/json-unit/json-unit-core/2.38.0/json-unit-core-2.38.0.jar:/home/runner/.m2/repository/org/hamcrest/hamcrest-core/2.2/hamcrest-core-2.2.jar:/home/runner/.m2/repository/com/jayway/jsonpath/json-path/2.8.0/json-path-2.8.0.jar:/home/runner/.m2/repository/net/minidev/json-smart/2.4.10/json-smart-2.4.10.jar:/home/runner/.m2/repository/net/minidev/accessors-smart/2.4.9/accessors-smart-2.4.9.jar:/home/runner/.m2/repository/org/ow2/asm/asm/9.7.1/asm-9.7.1.jar:/home/runner/.m2/repository/net/sf/jopt-simple/jopt-simple/5.0.4/jopt-simple-5.0.4.jar:/home/runner/.m2/repository/com/github/jknack/handlebars/4.3.1/handlebars-4.3.1.jar:/home/runner/.m2/repository/com/github/jknack/handlebars-helpers/4.3.1/handlebars-helpers-4.3.1.jar:/home/runner/.m2/repository/commons-fileupload/commons-fileupload/1.5/commons-fileupload-1.5.jar:/home/runner/.m2/repository/com/networknt/json-schema-validator/1.5.8/json-schema-validator-1.5.8.jar:/home/runner/.m2/repository/com/ethlo/time/itu/1.10.3/itu-1.10.3.jar:/home/runner/.m2/repository/io/quarkus/quarkus-smallrye-jwt-build/3.20.2/quarkus-smallrye-jwt-build-3.20.2.jar:/home/runner/.m2/repository/io/smallrye/smallrye-jwt-build/4.6.2/smallrye-jwt-build-4.6.2.jar:/home/runner/.m2/repository/org/eclipse/microprofile/jwt/microprofile-jwt-auth-api/2.1/microprofile-jwt-auth-api-2.1.jar:/home/runner/.m2/repository/org/bitbucket/b_c/jose4j/0.9.6/jose4j-0.9.6.jar:/home/runner/.m2/repository/io/smallrye/smallrye-jwt-common/4.6.2/smallrye-jwt-common-4.6.2.jar:/home/runner/.m2/repository/io/quarkus/quarkus-jsonp/3.20.2/quarkus-jsonp-3.20.2.jar:/home/runner/.m2/repository/io/quarkus/quarkus-arc/3.20.2/quarkus-arc-3.20.2.jar:/home/runner/.m2/repository/io/quarkus/arc/arc/3.20.2/arc-3.20.2.jar:/home/runner/.m2/repository/jakarta/transaction/jakarta.transaction-api/2.0.1/jakarta.transaction-api-2.0.1.jar:/home/runner/.m2/repository/io/smallrye/reactive/mutiny/2.9.2/mutiny-2.9.2.jar:/home/runner/.m2/repository/org/jctools/jctools-core/4.0.5/jctools-core-4.0.5.jar:/home/runner/.m2/repository/org/eclipse/microprofile/context-propagation/microprofile-context-propagation-api/1.3/microprofile-context-propagation-api-1.3.jar:/home/runner/.m2/repository/io/apicurio/apicurio-common-rest-client-common/0.1.18.Final/apicurio-common-rest-client-common-0.1.18.Final.jar:/home/runner/work/apicurio-testing/apicurio-testing/clusters/ci419/namespaces/mysql/tests/integration/apicurio-registry/utils/maven-plugin/target/apicurio-registry-maven-plugin-3.0.12-SNAPSHOT.jar:/home/runner/.m2/repository/com/fasterxml/jackson/core/jackson-databind/2.18.2/jackson-databind-2.18.2.jar:/home/runner/.m2/repository/org/apache/avro/avro/1.12.0/avro-1.12.0.jar:/home/runner/.m2/repository/com/google/protobuf/protobuf-java/4.31.1/protobuf-java-4.31.1.jar:/home/runner/.m2/repository/com/google/protobuf/protobuf-java-util/4.31.1/protobuf-java-util-4.31.1.jar:/home/runner/.m2/repository/com/google/code/findbugs/jsr305/3.0.2/jsr305-3.0.2.jar:/home/runner/.m2/repository/com/google/code/gson/gson/2.12.1/gson-2.12.1.jar:/home/runner/.m2/repository/com/google/errorprone/error_prone_annotations/2.36.0/error_prone_annotations-2.36.0.jar:/home/runner/.m2/repository/com/google/j2objc/j2objc-annotations/2.8/j2objc-annotations-2.8.jar:/home/runner/work/apicurio-testing/apicurio-testing/clusters/ci419/namespaces/mysql/tests/integration/apicurio-registry/schema-util/util-provider/target/apicurio-registry-schema-util-provider-3.0.12-SNAPSHOT.jar:/home/runner/work/apicurio-testing/apicurio-testing/clusters/ci419/namespaces/mysql/tests/integration/apicurio-registry/schema-util/common/target/apicurio-registry-schema-util-common-3.0.12-SNAPSHOT.jar:/home/runner/.m2/repository/com/fasterxml/jackson/module/jackson-module-parameter-names/2.18.2/jackson-module-parameter-names-2.18.2.jar:/home/runner/.m2/repository/com/fasterxml/jackson/datatype/jackson-datatype-json-org/2.18.2/jackson-datatype-json-org-2.18.2.jar:/home/runner/work/apicurio-testing/apicurio-testing/clusters/ci419/namespaces/mysql/tests/integration/apicurio-registry/schema-util/json/target/apicurio-registry-schema-util-json-3.0.12-SNAPSHOT.jar:/home/runner/.m2/repository/com/github/erosb/everit-json-schema/1.14.5/everit-json-schema-1.14.5.jar:/home/runner/.m2/repository/commons-validator/commons-validator/1.9.0/commons-validator-1.9.0.jar:/home/runner/.m2/repository/commons-digester/commons-digester/2.1/commons-digester-2.1.jar:/home/runner/.m2/repository/commons-collections/commons-collections/3.2.2/commons-collections-3.2.2.jar:/home/runner/.m2/repository/com/damnhandy/handy-uri-templates/2.1.8/handy-uri-templates-2.1.8.jar:/home/runner/.m2/repository/joda-time/joda-time/2.10.2/joda-time-2.10.2.jar:/home/runner/.m2/repository/com/github/erosb/json-sKema/0.20.0/json-sKema-0.20.0.jar:/home/runner/.m2/repository/io/vertx/vertx-json-schema/4.5.16/vertx-json-schema-4.5.16.jar:/home/runner/work/apicurio-testing/apicurio-testing/clusters/ci419/namespaces/mysql/tests/integration/apicurio-registry/schema-util/protobuf/target/apicurio-registry-schema-util-protobuf-3.0.12-SNAPSHOT.jar:/home/runner/work/apicurio-testing/apicurio-testing/clusters/ci419/namespaces/mysql/tests/integration/apicurio-registry/utils/protobuf-schema-utilities/target/apicurio-registry-protobuf-schema-utilities-3.0.12-SNAPSHOT.jar:/home/runner/.m2/repository/com/google/api/grpc/proto-google-common-protos/2.52.0/proto-google-common-protos-2.52.0.jar:/home/runner/.m2/repository/com/squareup/wire/wire-schema-jvm/5.3.3/wire-schema-jvm-5.3.3.jar:/home/runner/.m2/repository/com/palantir/javapoet/javapoet/0.6.0/javapoet-0.6.0.jar:/home/runner/.m2/repository/com/squareup/kotlinpoet-jvm/2.0.0/kotlinpoet-jvm-2.0.0.jar:/home/runner/.m2/repository/org/jetbrains/kotlin/kotlin-reflect/2.0.21/kotlin-reflect-2.0.21.jar:/home/runner/.m2/repository/com/squareup/wire/wire-runtime-jvm/5.3.3/wire-runtime-jvm-5.3.3.jar:/home/runner/.m2/repository/com/ibm/icu/icu4j/76.1/icu4j-76.1.jar:/home/runner/.m2/repository/com/squareup/okio/okio-fakefilesystem/3.10.2/okio-fakefilesystem-3.10.2.jar:/home/runner/.m2/repository/com/squareup/okio/okio-fakefilesystem-jvm/3.10.2/okio-fakefilesystem-jvm-3.10.2.jar:/home/runner/.m2/repository/org/jetbrains/kotlinx/kotlinx-datetime-jvm/0.6.1/kotlinx-datetime-jvm-0.6.1.jar:/home/runner/work/apicurio-testing/apicurio-testing/clusters/ci419/namespaces/mysql/tests/integration/apicurio-registry/schema-util/asyncapi/target/apicurio-registry-schema-util-asyncapi-3.0.12-SNAPSHOT.jar:/home/runner/work/apicurio-testing/apicurio-testing/clusters/ci419/namespaces/mysql/tests/integration/apicurio-registry/schema-util/avro/target/apicurio-registry-schema-util-avro-3.0.12-SNAPSHOT.jar:/home/runner/work/apicurio-testing/apicurio-testing/clusters/ci419/namespaces/mysql/tests/integration/apicurio-registry/schema-util/graphql/target/apicurio-registry-schema-util-graphql-3.0.12-SNAPSHOT.jar:/home/runner/.m2/repository/com/graphql-java/graphql-java/22.4/graphql-java-22.4.jar:/home/runner/.m2/repository/com/graphql-java/java-dataloader/3.3.0/java-dataloader-3.3.0.jar:/home/runner/work/apicurio-testing/apicurio-testing/clusters/ci419/namespaces/mysql/tests/integration/apicurio-registry/schema-util/kconnect/target/apicurio-registry-schema-util-kconnect-3.0.12-SNAPSHOT.jar:/home/runner/work/apicurio-testing/apicurio-testing/clusters/ci419/namespaces/mysql/tests/integration/apicurio-registry/schema-util/openapi/target/apicurio-registry-schema-util-openapi-3.0.12-SNAPSHOT.jar:/home/runner/.m2/repository/io/apicurio/apicurio-data-models/2.2.2/apicurio-data-models-2.2.2.jar:/home/runner/.m2/repository/org/openapitools/openapidiff/openapi-diff-core/2.1.2/openapi-diff-core-2.1.2.jar:/home/runner/.m2/repository/io/swagger/parser/v3/swagger-parser/2.1.28/swagger-parser-2.1.28.jar:/home/runner/.m2/repository/io/swagger/parser/v3/swagger-parser-v2-converter/2.1.28/swagger-parser-v2-converter-2.1.28.jar:/home/runner/.m2/repository/io/swagger/swagger-core/1.6.16/swagger-core-1.6.16.jar:/home/runner/.m2/repository/io/swagger/swagger-models/1.6.16/swagger-models-1.6.16.jar:/home/runner/.m2/repository/io/swagger/swagger-annotations/1.6.16/swagger-annotations-1.6.16.jar:/home/runner/.m2/repository/io/swagger/swagger-parser/1.0.75/swagger-parser-1.0.75.jar:/home/runner/.m2/repository/io/swagger/swagger-parser-safe-url-resolver/1.0.75/swagger-parser-safe-url-resolver-1.0.75.jar:/home/runner/.m2/repository/io/swagger/swagger-compat-spec-parser/1.0.75/swagger-compat-spec-parser-1.0.75.jar:/home/runner/.m2/repository/com/github/java-json-tools/json-schema-validator/2.2.14/json-schema-validator-2.2.14.jar:/home/runner/.m2/repository/com/github/java-json-tools/jackson-coreutils-equivalence/1.0/jackson-coreutils-equivalence-1.0.jar:/home/runner/.m2/repository/com/github/java-json-tools/json-schema-core/1.2.14/json-schema-core-1.2.14.jar:/home/runner/.m2/repository/com/github/java-json-tools/uri-template/0.10/uri-template-0.10.jar:/home/runner/.m2/repository/com/googlecode/libphonenumber/libphonenumber/8.11.1/libphonenumber-8.11.1.jar:/home/runner/.m2/repository/com/j2html/j2html/1.6.0/j2html-1.6.0.jar:/home/runner/.m2/repository/org/apache/commons/commons-collections4/4.5.0/commons-collections4-4.5.0.jar:/home/runner/.m2/repository/org/slf4j/jcl-over-slf4j/2.0.17/jcl-over-slf4j-2.0.17.jar:/home/runner/.m2/repository/io/swagger/parser/v3/swagger-parser-v3/2.1.31/swagger-parser-v3-2.1.31.jar:/home/runner/.m2/repository/io/swagger/core/v3/swagger-models/2.2.34/swagger-models-2.2.34.jar:/home/runner/.m2/repository/io/swagger/core/v3/swagger-core/2.2.34/swagger-core-2.2.34.jar:/home/runner/.m2/repository/io/swagger/parser/v3/swagger-parser-core/2.1.31/swagger-parser-core-2.1.31.jar:/home/runner/.m2/repository/io/swagger/parser/v3/swagger-parser-safe-url-resolver/2.1.31/swagger-parser-safe-url-resolver-2.1.31.jar:/home/runner/work/apicurio-testing/apicurio-testing/clusters/ci419/namespaces/mysql/tests/integration/apicurio-registry/schema-util/wsdl/target/apicurio-registry-schema-util-wsdl-3.0.12-SNAPSHOT.jar:/home/runner/.m2/repository/wsdl4j/wsdl4j/1.6.3/wsdl4j-1.6.3.jar:/home/runner/work/apicurio-testing/apicurio-testing/clusters/ci419/namespaces/mysql/tests/integration/apicurio-registry/schema-util/xml/target/apicurio-registry-schema-util-xml-3.0.12-SNAPSHOT.jar:/home/runner/.m2/repository/org/apache/santuario/xmlsec/4.0.4/xmlsec-4.0.4.jar:/home/runner/.m2/repository/com/fasterxml/woodstox/woodstox-core/7.1.1/woodstox-core-7.1.1.jar:/home/runner/.m2/repository/org/codehaus/woodstox/stax2-api/4.2.2/stax2-api-4.2.2.jar:/home/runner/work/apicurio-testing/apicurio-testing/clusters/ci419/namespaces/mysql/tests/integration/apicurio-registry/schema-util/xsd/target/apicurio-registry-schema-util-xsd-3.0.12-SNAPSHOT.jar:/home/runner/work/apicurio-testing/apicurio-testing/clusters/ci419/namespaces/mysql/tests/integration/apicurio-registry/serdes/kafka/jsonschema-serde/target/apicurio-registry-jsonschema-serde-kafka-3.0.12-SNAPSHOT.jar:/home/runner/work/apicurio-testing/apicurio-testing/clusters/ci419/namespaces/mysql/tests/integration/apicurio-registry/serdes/kafka/serde-kafka-common/target/apicurio-registry-serde-kafka-common-3.0.12-SNAPSHOT.jar:/home/runner/work/apicurio-testing/apicurio-testing/clusters/ci419/namespaces/mysql/tests/integration/apicurio-registry/serdes/generic/serde-common/target/apicurio-registry-serde-common-3.0.12-SNAPSHOT.jar:/home/runner/work/apicurio-testing/apicurio-testing/clusters/ci419/namespaces/mysql/tests/integration/apicurio-registry/serdes/generic/serde-common-jsonschema/target/apicurio-registry-serde-common-jsonschema-3.0.12-SNAPSHOT.jar:/home/runner/.m2/repository/org/json/json/20250107/json-20250107.jar:/home/runner/work/apicurio-testing/apicurio-testing/clusters/ci419/namespaces/mysql/tests/integration/apicurio-registry/serdes/kafka/avro-serde/target/apicurio-registry-avro-serde-kafka-3.0.12-SNAPSHOT.jar:/home/runner/work/apicurio-testing/apicurio-testing/clusters/ci419/namespaces/mysql/tests/integration/apicurio-registry/serdes/generic/serde-common-avro/target/apicurio-registry-serde-common-avro-3.0.12-SNAPSHOT.jar:/home/runner/work/apicurio-testing/apicurio-testing/clusters/ci419/namespaces/mysql/tests/integration/apicurio-registry/serdes/kafka/protobuf-serde/target/apicurio-registry-protobuf-serde-kafka-3.0.12-SNAPSHOT.jar:/home/runner/work/apicurio-testing/apicurio-testing/clusters/ci419/namespaces/mysql/tests/integration/apicurio-registry/serdes/generic/serde-common-protobuf/target/apicurio-registry-serde-common-protobuf-3.0.12-SNAPSHOT.jar:/home/runner/.m2/repository/com/squareup/wire/wire-schema/5.3.3/wire-schema-5.3.3.jar:/home/runner/.m2/repository/com/squareup/wire/wire-runtime/5.3.3/wire-runtime-5.3.3.jar:/home/runner/work/apicurio-testing/apicurio-testing/clusters/ci419/namespaces/mysql/tests/integration/apicurio-registry/serdes/pulsar/avro-serde/target/apicurio-registry-avro-serde-pulsar-3.0.12-SNAPSHOT.jar:/home/runner/.m2/repository/org/apache/pulsar/pulsar-functions-api/3.3.8/pulsar-functions-api-3.3.8.jar:/home/runner/work/apicurio-testing/apicurio-testing/clusters/ci419/namespaces/mysql/tests/integration/apicurio-registry/serdes/nats/avro-serde/target/apicurio-registry-avro-serde-nats-3.0.12-SNAPSHOT.jar:/home/runner/.m2/repository/io/nats/jnats/2.21.4/jnats-2.21.4.jar:/home/runner/.m2/repository/org/bouncycastle/bcprov-lts8on/2.73.7/bcprov-lts8on-2.73.7.jar:/home/runner/.m2/repository/org/jetbrains/annotations/26.0.2/annotations-26.0.2.jar:/home/runner/work/apicurio-testing/apicurio-testing/clusters/ci419/namespaces/mysql/tests/integration/apicurio-registry/utils/converter/target/apicurio-registry-utils-converter-3.0.12-SNAPSHOT.jar:/home/runner/work/apicurio-testing/apicurio-testing/clusters/ci419/namespaces/mysql/tests/integration/apicurio-registry/schema-resolver/target/apicurio-registry-schema-resolver-3.0.12-SNAPSHOT.jar:/home/runner/.m2/repository/org/apache/kafka/connect-api/3.9.1/connect-api-3.9.1.jar:/home/runner/.m2/repository/javax/ws/rs/javax.ws.rs-api/2.1.1/javax.ws.rs-api-2.1.1.jar:/home/runner/.m2/repository/org/apache/kafka/connect-json/3.9.1/connect-json-3.9.1.jar:/home/runner/.m2/repository/com/fasterxml/jackson/datatype/jackson-datatype-jdk8/2.18.2/jackson-datatype-jdk8-2.18.2.jar:/home/runner/.m2/repository/com/fasterxml/jackson/module/jackson-module-afterburner/2.18.2/jackson-module-afterburner-2.18.2.jar:/home/runner/work/apicurio-testing/apicurio-testing/clusters/ci419/namespaces/mysql/tests/integration/apicurio-registry/utils/kafka/target/apicurio-registry-utils-kafka-3.0.12-SNAPSHOT.jar:/home/runner/.m2/repository/org/apache/pulsar/pulsar-client/3.3.8/pulsar-client-3.3.8.jar:/home/runner/.m2/repository/org/apache/pulsar/pulsar-client-api/3.3.8/pulsar-client-api-3.3.8.jar:/home/runner/.m2/repository/org/apache/pulsar/pulsar-client-admin-api/3.3.8/pulsar-client-admin-api-3.3.8.jar:/home/runner/.m2/repository/org/apache/pulsar/bouncy-castle-bc/3.3.8/bouncy-castle-bc-3.3.8-pkg.jar:/home/runner/.m2/repository/org/bouncycastle/bcpkix-jdk18on/1.81/bcpkix-jdk18on-1.81.jar:/home/runner/.m2/repository/org/bouncycastle/bcutil-jdk18on/1.81/bcutil-jdk18on-1.81.jar:/home/runner/.m2/repository/org/bouncycastle/bcprov-jdk18on/1.81/bcprov-jdk18on-1.81.jar:/home/runner/.m2/repository/io/opentelemetry/opentelemetry-api/1.44.1/opentelemetry-api-1.44.1.jar:/home/runner/.m2/repository/io/opentelemetry/opentelemetry-context/1.44.1/opentelemetry-context-1.44.1.jar:/home/runner/.m2/repository/io/opentelemetry/opentelemetry-api-incubator/1.44.1-alpha/opentelemetry-api-incubator-1.44.1-alpha.jar:/home/runner/.m2/repository/com/fasterxml/jackson/core/jackson-annotations/2.18.2/jackson-annotations-2.18.2.jar:/home/runner/.m2/repository/javax/validation/validation-api/1.1.0.Final/validation-api-1.1.0.Final.jar:/home/runner/.m2/repository/org/jspecify/jspecify/1.0.0/jspecify-1.0.0.jar:/home/runner/.m2/repository/org/apache/commons/commons-configuration2/2.12.0/commons-configuration2-2.12.0.jar:/home/runner/.m2/repository/commons-logging/commons-logging/1.3.5/commons-logging-1.3.5.jar:/home/runner/.m2/repository/org/apache/commons/commons-text/1.13.0/commons-text-1.13.0.jar:/home/runner/.m2/repository/io/confluent/kafka-avro-serializer/8.0.0/kafka-avro-serializer-8.0.0.jar:/home/runner/.m2/repository/org/apache/commons/commons-compress/1.27.1/commons-compress-1.27.1.jar:/home/runner/.m2/repository/io/confluent/kafka-schema-serializer/8.0.0/kafka-schema-serializer-8.0.0.jar:/home/runner/.m2/repository/com/fasterxml/jackson/dataformat/jackson-dataformat-csv/2.18.2/jackson-dataformat-csv-2.18.2.jar:/home/runner/.m2/repository/io/confluent/kafka-schema-registry-client/8.0.0/kafka-schema-registry-client-8.0.0.jar:/home/runner/.m2/repository/org/yaml/snakeyaml/2.3/snakeyaml-2.3.jar:/home/runner/.m2/repository/io/swagger/core/v3/swagger-annotations/2.2.29/swagger-annotations-2.2.29.jar:/home/runner/.m2/repository/com/google/guava/guava/33.4.0-jre/guava-33.4.0-jre.jar:/home/runner/.m2/repository/com/google/guava/failureaccess/1.0.1/failureaccess-1.0.1.jar:/home/runner/.m2/repository/org/checkerframework/checker-qual/3.49.0/checker-qual-3.49.0.jar:/home/runner/.m2/repository/io/confluent/logredactor/1.0.13/logredactor-1.0.13.jar:/home/runner/.m2/repository/com/google/re2j/re2j/1.6/re2j-1.6.jar:/home/runner/.m2/repository/io/confluent/logredactor-metrics/1.0.13/logredactor-metrics-1.0.13.jar:/home/runner/.m2/repository/com/eclipsesource/minimal-json/minimal-json/0.9.5/minimal-json-0.9.5.jar:/home/runner/.m2/repository/io/confluent/common-utils/8.0.0/common-utils-8.0.0.jar:/home/runner/.m2/repository/io/confluent/kafka-connect-avro-converter/8.0.0/kafka-connect-avro-converter-8.0.0.jar:/home/runner/.m2/repository/io/confluent/kafka-connect-avro-data/8.0.0/kafka-connect-avro-data-8.0.0.jar:/home/runner/.m2/repository/io/confluent/kafka-schema-converter/8.0.0/kafka-schema-converter-8.0.0.jar:/home/runner/.m2/repository/io/rest-assured/rest-assured/5.5.1/rest-assured-5.5.1.jar:/home/runner/.m2/repository/org/apache/groovy/groovy/4.0.22/groovy-4.0.22.jar:/home/runner/.m2/repository/org/apache/groovy/groovy-xml/4.0.22/groovy-xml-4.0.22.jar:/home/runner/.m2/repository/org/apache/httpcomponents/httpclient/4.5.14/httpclient-4.5.14.jar:/home/runner/.m2/repository/org/apache/httpcomponents/httpcore/4.4.16/httpcore-4.4.16.jar:/home/runner/.m2/repository/org/apache/httpcomponents/httpmime/4.5.14/httpmime-4.5.14.jar:/home/runner/.m2/repository/org/hamcrest/hamcrest/2.2/hamcrest-2.2.jar:/home/runner/.m2/repository/org/ccil/cowan/tagsoup/tagsoup/1.2.1/tagsoup-1.2.1.jar:/home/runner/.m2/repository/io/rest-assured/json-path/5.5.1/json-path-5.5.1.jar:/home/runner/.m2/repository/org/apache/groovy/groovy-json/4.0.22/groovy-json-4.0.22.jar:/home/runner/.m2/repository/io/rest-assured/rest-assured-common/5.5.1/rest-assured-common-5.5.1.jar:/home/runner/.m2/repository/io/rest-assured/xml-path/5.5.1/xml-path-5.5.1.jar:/home/runner/.m2/repository/io/zonky/test/embedded-postgres/2.1.0/embedded-postgres-2.1.0.jar:/home/runner/.m2/repository/io/zonky/test/postgres/embedded-postgres-binaries-windows-amd64/14.15.0/embedded-postgres-binaries-windows-amd64-14.15.0.jar:/home/runner/.m2/repository/io/zonky/test/postgres/embedded-postgres-binaries-darwin-amd64/14.15.0/embedded-postgres-binaries-darwin-amd64-14.15.0.jar:/home/runner/.m2/repository/io/zonky/test/postgres/embedded-postgres-binaries-linux-amd64/14.15.0/embedded-postgres-binaries-linux-amd64-14.15.0.jar:/home/runner/.m2/repository/io/zonky/test/postgres/embedded-postgres-binaries-linux-amd64-alpine/14.15.0/embedded-postgres-binaries-linux-amd64-alpine-14.15.0.jar:/home/runner/.m2/repository/org/apache/commons/commons-lang3/3.17.0/commons-lang3-3.17.0.jar:/home/runner/.m2/repository/org/tukaani/xz/1.10/xz-1.10.jar:/home/runner/.m2/repository/commons-codec/commons-codec/1.19.0/commons-codec-1.19.0.jar:/home/runner/.m2/repository/org/postgresql/postgresql/42.7.7/postgresql-42.7.7.jar:/home/runner/.m2/repository/commons-io/commons-io/2.18.0/commons-io-2.18.0.jar:/home/runner/work/apicurio-testing/apicurio-testing/clusters/ci419/namespaces/mysql/tests/integration/apicurio-registry/utils/importexport/target/apicurio-registry-utils-import-export-3.0.12-SNAPSHOT.jar:/home/runner/.m2/repository/io/vertx/vertx-core/4.5.16/vertx-core-4.5.16.jar:/home/runner/.m2/repository/io/netty/netty-common/4.1.121.Final/netty-common-4.1.121.Final.jar:/home/runner/.m2/repository/io/netty/netty-buffer/4.1.121.Final/netty-buffer-4.1.121.Final.jar:/home/runner/.m2/repository/io/netty/netty-transport/4.1.121.Final/netty-transport-4.1.121.Final.jar:/home/runner/.m2/repository/io/netty/netty-handler/4.1.121.Final/netty-handler-4.1.121.Final.jar:/home/runner/.m2/repository/io/netty/netty-transport-native-unix-common/4.1.121.Final/netty-transport-native-unix-common-4.1.121.Final.jar:/home/runner/.m2/repository/io/netty/netty-codec/4.1.121.Final/netty-codec-4.1.121.Final.jar:/home/runner/.m2/repository/io/netty/netty-handler-proxy/4.1.121.Final/netty-handler-proxy-4.1.121.Final.jar:/home/runner/.m2/repository/io/netty/netty-codec-socks/4.1.121.Final/netty-codec-socks-4.1.121.Final.jar:/home/runner/.m2/repository/io/netty/netty-codec-http/4.1.121.Final/netty-codec-http-4.1.121.Final.jar:/home/runner/.m2/repository/io/netty/netty-codec-http2/4.1.121.Final/netty-codec-http2-4.1.121.Final.jar:/home/runner/.m2/repository/io/netty/netty-resolver/4.1.121.Final/netty-resolver-4.1.121.Final.jar:/home/runner/.m2/repository/io/netty/netty-resolver-dns/4.1.121.Final/netty-resolver-dns-4.1.121.Final.jar:/home/runner/.m2/repository/io/netty/netty-codec-dns/4.1.121.Final/netty-codec-dns-4.1.121.Final.jar:/home/runner/.m2/repository/com/fasterxml/jackson/core/jackson-core/2.18.2/jackson-core-2.18.2.jar:"/>
    <property name="sun.cpu.endian" value="little"/>
    <property name="user.home" value="/home/runner"/>
    <property name="user.language" value="en"/>
    <property name="jboss.log-version" value="false"/>
    <property name="java.specification.vendor" value="Oracle Corporation"/>
    <property name="java.version.date" value="2025-07-15"/>
    <property name="java.home" value="/usr/lib/jvm/temurin-17-jdk-amd64"/>
    <property name="file.separator" value="/"/>
    <property name="basedir" value="/home/runner/work/apicurio-testing/apicurio-testing/clusters/ci419/namespaces/mysql/tests/integration/apicurio-registry/integration-tests"/>
    <property name="java.vm.compressedOopsMode" value="32-bit"/>
    <property name="line.separator" value="&#10;"/>
    <property name="java.specification.name" value="Java Platform API Specification"/>
    <property name="java.vm.specification.vendor" value="Oracle Corporation"/>
    <property name="quarkus.http.test-host" value="registry-app-mysql.apps.ci419.apicurio-testing.org"/>
    <property name="surefire.real.class.path" value="/home/runner/work/apicurio-testing/apicurio-testing/clusters/ci419/namespaces/mysql/tests/integration/apicurio-registry/integration-tests/target/surefire/surefirebooter-20250813021529870_3.jar"/>
    <property name="sun.management.compiler" value="HotSpot 64-Bit Tiered Compilers"/>
    <property name="org.eclipse.jetty.http.HttpGenerator.STRICT" value="true"/>
    <property name="java.runtime.version" value="17.0.16+8"/>
    <property name="user.name" value="runner"/>
    <property name="path.separator" value=":"/>
    <property name="os.version" value="6.8.0-1031-azure"/>
    <property name="java.runtime.name" value="OpenJDK Runtime Environment"/>
    <property name="file.encoding" value="UTF-8"/>
    <property name="jnidispatch.path" value="/home/runner/.cache/JNA/temp/jna6287328999964943289.tmp"/>
    <property name="java.vm.name" value="OpenJDK 64-Bit Server VM"/>
    <property name="jna.platform.library.path" value="/usr/lib/x86_64-linux-gnu:/lib/x86_64-linux-gnu:/usr/lib64:/lib64:/usr/lib:/lib:/lib32:/usr/local/lib:/usr/lib/x86_64-linux-gnu/libfakeroot"/>
    <property name="java.vendor.version" value="Temurin-17.0.16+8"/>
    <property name="quarkus.oidc.token-path" value="https://keycloak-mysql.apps.ci419.apicurio-testing.org/realms/registry/protocol/openid-connect/token"/>
    <property name="quarkus.http.host" value="registry-app-mysql.apps.ci419.apicurio-testing.org"/>
    <property name="localRepository" value="/home/runner/.m2/repository"/>
    <property name="javax.xml.xpath.XPathFactory:http://java.sun.com/jaxp/xpath/dom" value="com.sun.org.apache.xpath.internal.jaxp.XPathFactoryImpl"/>
    <property name="jna.loaded" value="true"/>
    <property name="java.vendor.url.bug" value="https://github.com/adoptium/adoptium-support/issues"/>
    <property name="jetty.git.hash" value="5bc5e562c8d05c5862505aebe5cf83a61bdbcb96"/>
    <property name="java.io.tmpdir" value="/tmp"/>
    <property name="quarkus.http.test-protocol" value="http"/>
    <property name="java.version" value="17.0.16"/>
    <property name="user.dir" value="/home/runner/work/apicurio-testing/apicurio-testing/clusters/ci419/namespaces/mysql/tests/integration/apicurio-registry/integration-tests"/>
    <property name="os.arch" value="amd64"/>
    <property name="groups" value="( smoke | serdes | acceptance | ui)"/>
    <property name="java.vm.specification.name" value="Java Virtual Machine Specification"/>
    <property name="native.encoding" value="UTF-8"/>
    <property name="java.util.logging.manager" value="org.jboss.logmanager.LogManager"/>
    <property name="java.library.path" value="/usr/java/packages/lib:/usr/lib64:/lib64:/lib:/usr/lib"/>
    <property name="jdk.console" value="java.base"/>
    <property name="java.vm.info" value="mixed mode, sharing"/>
    <property name="java.vendor" value="Eclipse Adoptium"/>
    <property name="java.vm.version" value="17.0.16+8"/>
    <property name="java.specification.maintenance.version" value="1"/>
    <property name="sun.io.unicode.encoding" value="UnicodeLittle"/>
    <property name="javax.xml.transform.TransformerFactory" value="com.sun.org.apache.xalan.internal.xsltc.trax.TransformerFactoryImpl"/>
    <property name="java.class.version" value="61.0"/>
  </properties>
  <testcase name="testGlobalIdInHeaders" classname="io.apicurio.tests.serdes.apicurio.AvroSerdeIT" time="5.995">
    <system-out><![CDATA[**** Registry Base URL: http://registry-app-mysql.apps.ci419.apicurio-testing.org:80
**** Registry Base URL: http://registry-app-mysql.apps.ci419.apicurio-testing.org:80
2025-08-13 02:15:42,041 INFO  [io.api.tes.ser.api.AvroSerdeIT] (main) RestAssured configured with http://registry-app-mysql.apps.ci419.apicurio-testing.org:80/apis/registry/v3
2025-08-13 02:15:42,062 INFO  [io.api.tes.uti.KafkaFacade] (main) Starting kafka container
2025-08-13 02:15:42,108 INFO  [org.tes.ima.PullPolicy] (main) Image pull policy will be performed by: DefaultPullPolicy()
2025-08-13 02:15:42,111 INFO  [org.tes.uti.ImageNameSubstitutor] (main) Image name substitution will be performed by: DefaultImageNameSubstitutor (composite of 'ConfigurationFileImageNameSubstitutor' and 'PrefixingImageNameSubstitutor')
2025-08-13 02:15:42,122 INFO  [org.tes.DockerClientFactory] (main) Testcontainers version: 1.20.6
2025-08-13 02:15:42,650 INFO  [org.tes.doc.DockerClientProviderStrategy] (main) Found Docker environment with local Unix socket (unix:///var/run/docker.sock)
2025-08-13 02:15:42,658 INFO  [org.tes.DockerClientFactory] (main) Docker host IP address is localhost
2025-08-13 02:15:42,672 INFO  [org.tes.DockerClientFactory] (main) Connected to docker: 
  Server Version: 28.0.4
  API Version: 1.48
  Operating System: Ubuntu 22.04.5 LTS
  Total Memory: 7944 MB
2025-08-13 02:15:42,716 INFO  [tc.tes.11.0] (main) Pulling docker image: testcontainers/ryuk:0.11.0. Please be patient; this may take some time but only needs to be done once.
2025-08-13 02:15:43,004 INFO  [tc.tes.11.0] (docker-java-stream--1295187651) Starting to pull image
2025-08-13 02:15:43,028 INFO  [tc.tes.11.0] (docker-java-stream--1295187651) Pulling image layers:  0 pending,  0 downloaded,  0 extracted, (0 bytes/0 bytes)
2025-08-13 02:15:43,153 INFO  [tc.tes.11.0] (docker-java-stream--1295187651) Pulling image layers:  2 pending,  1 downloaded,  0 extracted, (771 KB/? MB)
2025-08-13 02:15:43,227 INFO  [tc.tes.11.0] (docker-java-stream--1295187651) Pulling image layers:  1 pending,  2 downloaded,  0 extracted, (875 KB/? MB)
2025-08-13 02:15:43,240 INFO  [tc.tes.11.0] (docker-java-stream--1295187651) Pulling image layers:  0 pending,  3 downloaded,  0 extracted, (903 KB/10 MB)
2025-08-13 02:15:43,352 INFO  [tc.tes.11.0] (docker-java-stream--1295187651) Pulling image layers:  0 pending,  3 downloaded,  1 extracted, (4 MB/10 MB)
2025-08-13 02:15:44,321 INFO  [tc.tes.11.0] (docker-java-stream--1295187651) Pulling image layers:  0 pending,  3 downloaded,  2 extracted, (4 MB/10 MB)
2025-08-13 02:15:44,377 INFO  [tc.tes.11.0] (docker-java-stream--1295187651) Pulling image layers:  0 pending,  3 downloaded,  3 extracted, (10 MB/10 MB)
2025-08-13 02:15:44,384 INFO  [tc.tes.11.0] (docker-java-stream--1295187651) Pull complete. 3 layers, pulled in 1s (downloaded 10 MB at 10 MB/s)
2025-08-13 02:15:44,384 INFO  [tc.tes.11.0] (main) Image testcontainers/ryuk:0.11.0 pull took PT1.667237862S
2025-08-13 02:15:44,402 INFO  [tc.tes.11.0] (main) Creating container for image: testcontainers/ryuk:0.11.0
2025-08-13 02:15:44,498 INFO  [tc.tes.11.0] (main) Container testcontainers/ryuk:0.11.0 is starting: b95c12e9616662e9849e050ceaf8683766293b1e3ba184a1982ccc6d57bd5db7
2025-08-13 02:15:44,830 INFO  [tc.tes.11.0] (main) Container testcontainers/ryuk:0.11.0 started in PT0.428214256S
2025-08-13 02:15:44,835 INFO  [org.tes.uti.RyukResourceReaper] (main) Ryuk started - will monitor and terminate Testcontainers containers on JVM exit
2025-08-13 02:15:44,836 INFO  [org.tes.DockerClientFactory] (main) Checking the system...
2025-08-13 02:15:44,836 INFO  [org.tes.DockerClientFactory] (main) ✔︎ Docker server version should be at least 1.6.0
2025-08-13 02:15:44,839 INFO  [io.str.tes.con.KafkaVersionService] (main) Latest release of Kafka is:LogicalKafkaVersionEntity{version='4.0.0', image='quay.io/strimzi-test-container/test-container:0.111.0-kafka-4.0.0'}
2025-08-13 02:15:44,839 INFO  [io.str.tes.con.KafkaVersionService] (main) Latest release of Kafka is:LogicalKafkaVersionEntity{version='4.0.0', image='quay.io/strimzi-test-container/test-container:0.111.0-kafka-4.0.0'}
2025-08-13 02:15:44,840 INFO  [io.str.tes.con.KafkaVersionService] (main) No Kafka version specified. Using latest release: 4.0.0
2025-08-13 02:15:44,845 INFO  [tc.qua.io/.111.0-k.0.0] (main) Pulling docker image: quay.io/strimzi-test-container/test-container:0.111.0-kafka-4.0.0. Please be patient; this may take some time but only needs to be done once.
2025-08-13 02:15:45,189 INFO  [tc.qua.io/.111.0-k.0.0] (docker-java-stream--29267298) Starting to pull image
2025-08-13 02:15:45,190 INFO  [tc.qua.io/.111.0-k.0.0] (docker-java-stream--29267298) Pulling image layers:  0 pending,  0 downloaded,  0 extracted, (0 bytes/0 bytes)
2025-08-13 02:15:45,619 INFO  [tc.qua.io/.111.0-k.0.0] (docker-java-stream--29267298) Pulling image layers:  6 pending,  1 downloaded,  0 extracted, (3 MB/? MB)
2025-08-13 02:15:45,795 INFO  [tc.qua.io/.111.0-k.0.0] (docker-java-stream--29267298) Pulling image layers:  5 pending,  2 downloaded,  0 extracted, (40 MB/? MB)
2025-08-13 02:15:46,044 INFO  [tc.qua.io/.111.0-k.0.0] (docker-java-stream--29267298) Pulling image layers:  4 pending,  3 downloaded,  0 extracted, (90 MB/? MB)
2025-08-13 02:15:46,205 INFO  [tc.qua.io/.111.0-k.0.0] (docker-java-stream--29267298) Pulling image layers:  3 pending,  4 downloaded,  0 extracted, (122 MB/? MB)
2025-08-13 02:15:46,362 INFO  [tc.qua.io/.111.0-k.0.0] (docker-java-stream--29267298) Pulling image layers:  2 pending,  5 downloaded,  0 extracted, (137 MB/? MB)
2025-08-13 02:15:46,536 INFO  [tc.qua.io/.111.0-k.0.0] (docker-java-stream--29267298) Pulling image layers:  1 pending,  6 downloaded,  0 extracted, (164 MB/? MB)
2025-08-13 02:15:47,054 INFO  [tc.qua.io/.111.0-k.0.0] (docker-java-stream--29267298) Pulling image layers:  0 pending,  7 downloaded,  0 extracted, (235 MB/249 MB)
2025-08-13 02:15:47,373 INFO  [tc.qua.io/.111.0-k.0.0] (docker-java-stream--29267298) Pulling image layers:  0 pending,  7 downloaded,  1 extracted, (238 MB/249 MB)
2025-08-13 02:15:51,130 INFO  [tc.qua.io/.111.0-k.0.0] (docker-java-stream--29267298) Pulling image layers:  0 pending,  7 downloaded,  2 extracted, (241 MB/249 MB)
2025-08-13 02:15:51,166 INFO  [tc.qua.io/.111.0-k.0.0] (docker-java-stream--29267298) Pulling image layers:  0 pending,  7 downloaded,  3 extracted, (241 MB/249 MB)
2025-08-13 02:15:51,182 INFO  [tc.qua.io/.111.0-k.0.0] (docker-java-stream--29267298) Pulling image layers:  0 pending,  7 downloaded,  4 extracted, (241 MB/249 MB)
2025-08-13 02:15:52,314 INFO  [tc.qua.io/.111.0-k.0.0] (docker-java-stream--29267298) Pulling image layers:  0 pending,  7 downloaded,  5 extracted, (249 MB/249 MB)
2025-08-13 02:15:52,352 INFO  [tc.qua.io/.111.0-k.0.0] (docker-java-stream--29267298) Pulling image layers:  0 pending,  7 downloaded,  6 extracted, (249 MB/249 MB)
2025-08-13 02:15:52,366 INFO  [tc.qua.io/.111.0-k.0.0] (docker-java-stream--29267298) Pulling image layers:  0 pending,  7 downloaded,  7 extracted, (249 MB/249 MB)
2025-08-13 02:15:52,377 INFO  [tc.qua.io/.111.0-k.0.0] (docker-java-stream--29267298) Pull complete. 7 layers, pulled in 7s (downloaded 249 MB at 35 MB/s)
2025-08-13 02:15:52,377 INFO  [tc.qua.io/.111.0-k.0.0] (main) Image quay.io/strimzi-test-container/test-container:0.111.0-kafka-4.0.0 pull took PT7.53186346S
2025-08-13 02:15:52,381 INFO  [tc.qua.io/.111.0-k.0.0] (main) Creating container for image: quay.io/strimzi-test-container/test-container:0.111.0-kafka-4.0.0
2025-08-13 02:15:52,463 INFO  [tc.qua.io/.111.0-k.0.0] (main) Container quay.io/strimzi-test-container/test-container:0.111.0-kafka-4.0.0 is starting: 67c88023e28ad2b0e0201bf52b0683ecc90bb67123546a74a80c49487848dda2
2025-08-13 02:15:52,656 INFO  [io.str.tes.con.StrimziKafkaContainer] (main) Mapped port: 32769
2025-08-13 02:15:52,657 WARN  [io.str.tes.con.StrimziKafkaContainer] (main) Node ID is not set. Using broker ID 0 as the default node ID.
2025-08-13 02:15:52,657 INFO  [io.str.tes.con.StrimziKafkaContainer] (main) This is all advertised listeners for Kafka PLAINTEXT://localhost:32769,BROKER1://172.18.0.2:9091,CONTROLLER://broker-0:9094
2025-08-13 02:15:52,690 INFO  [io.str.tes.con.StrimziKafkaContainer] (main) New `cluster.id` has been generated: rLHX8X_xRIO734wjNEuI8w
2025-08-13 02:15:52,692 INFO  [io.str.tes.con.StrimziKafkaContainer] (main) Copying command to 'STARTER_SCRIPT' script.
2025-08-13 02:15:57,952 INFO  [tc.qua.io/.111.0-k.0.0] (main) Container quay.io/strimzi-test-container/test-container:0.111.0-kafka-4.0.0 started in PT5.571017535S
2025-08-13 02:15:57,954 INFO  [io.api.tes.uti.TestSeparator] (main) ############################################################################
2025-08-13 02:15:57,954 INFO  [io.api.tes.uti.TestSeparator] (main) io.apicurio.tests.serdes.apicurio.AvroSerdeIT.testGlobalIdInHeaders-STARTED
2025-08-13 02:15:57,964 INFO  [org.apa.kaf.cli.adm.AdminClientConfig] (main) AdminClientConfig values: 
	auto.include.jmx.reporter = true
	bootstrap.controllers = []
	bootstrap.servers = [PLAINTEXT://localhost:32769]
	client.dns.lookup = use_all_dns_ips
	client.id = 
	connections.max.idle.ms = 10000
	default.api.timeout.ms = 60000
	enable.metrics.push = true
	metadata.max.age.ms = 300000
	metadata.recovery.strategy = none
	metric.reporters = []
	metrics.num.samples = 2
	metrics.recording.level = INFO
	metrics.sample.window.ms = 30000
	receive.buffer.bytes = 65536
	reconnect.backoff.max.ms = 1000
	reconnect.backoff.ms = 50
	request.timeout.ms = 5000
	retries = 2147483647
	retry.backoff.max.ms = 1000
	retry.backoff.ms = 100
	sasl.client.callback.handler.class = null
	sasl.jaas.config = null
	sasl.kerberos.kinit.cmd = /usr/bin/kinit
	sasl.kerberos.min.time.before.relogin = 60000
	sasl.kerberos.service.name = null
	sasl.kerberos.ticket.renew.jitter = 0.05
	sasl.kerberos.ticket.renew.window.factor = 0.8
	sasl.login.callback.handler.class = null
	sasl.login.class = null
	sasl.login.connect.timeout.ms = null
	sasl.login.read.timeout.ms = null
	sasl.login.refresh.buffer.seconds = 300
	sasl.login.refresh.min.period.seconds = 60
	sasl.login.refresh.window.factor = 0.8
	sasl.login.refresh.window.jitter = 0.05
	sasl.login.retry.backoff.max.ms = 10000
	sasl.login.retry.backoff.ms = 100
	sasl.mechanism = GSSAPI
	sasl.oauthbearer.clock.skew.seconds = 30
	sasl.oauthbearer.expected.audience = null
	sasl.oauthbearer.expected.issuer = null
	sasl.oauthbearer.header.urlencode = false
	sasl.oauthbearer.jwks.endpoint.refresh.ms = 3600000
	sasl.oauthbearer.jwks.endpoint.retry.backoff.max.ms = 10000
	sasl.oauthbearer.jwks.endpoint.retry.backoff.ms = 100
	sasl.oauthbearer.jwks.endpoint.url = null
	sasl.oauthbearer.scope.claim.name = scope
	sasl.oauthbearer.sub.claim.name = sub
	sasl.oauthbearer.token.endpoint.url = null
	security.protocol = PLAINTEXT
	security.providers = null
	send.buffer.bytes = 131072
	socket.connection.setup.timeout.max.ms = 30000
	socket.connection.setup.timeout.ms = 10000
	ssl.cipher.suites = null
	ssl.enabled.protocols = [TLSv1.2, TLSv1.3]
	ssl.endpoint.identification.algorithm = https
	ssl.engine.factory.class = null
	ssl.key.password = null
	ssl.keymanager.algorithm = SunX509
	ssl.keystore.certificate.chain = null
	ssl.keystore.key = null
	ssl.keystore.location = null
	ssl.keystore.password = null
	ssl.keystore.type = JKS
	ssl.protocol = TLSv1.3
	ssl.provider = null
	ssl.secure.random.implementation = null
	ssl.trustmanager.algorithm = PKIX
	ssl.truststore.certificates = null
	ssl.truststore.location = null
	ssl.truststore.password = null
	ssl.truststore.type = JKS

2025-08-13 02:15:58,304 INFO  [org.apa.kaf.com.uti.AppInfoParser] (main) Kafka version: 3.9.1
2025-08-13 02:15:58,304 INFO  [org.apa.kaf.com.uti.AppInfoParser] (main) Kafka commitId: f745dfdcee2b9851
2025-08-13 02:15:58,305 INFO  [org.apa.kaf.com.uti.AppInfoParser] (main) Kafka startTimeMs: 1755051358302
**** Registry Base URL: http://registry-app-mysql.apps.ci419.apicurio-testing.org:80
2025-08-13 02:15:58,366 INFO  [org.apa.kaf.cli.pro.ProducerConfig] (main) ProducerConfig values: 
	acks = -1
	auto.include.jmx.reporter = true
	batch.size = 16384
	bootstrap.servers = [PLAINTEXT://localhost:32769]
	buffer.memory = 33554432
	client.dns.lookup = use_all_dns_ips
	client.id = Producer-topic-3794883b_5a9b_4a73_a390_ffff533b52fe
	compression.gzip.level = -1
	compression.lz4.level = 9
	compression.type = none
	compression.zstd.level = 3
	connections.max.idle.ms = 10000
	delivery.timeout.ms = 120000
	enable.idempotence = true
	enable.metrics.push = true
	interceptor.classes = []
	key.serializer = class org.apache.kafka.common.serialization.StringSerializer
	linger.ms = 0
	max.block.ms = 60000
	max.in.flight.requests.per.connection = 5
	max.request.size = 1048576
	metadata.max.age.ms = 300000
	metadata.max.idle.ms = 300000
	metadata.recovery.strategy = none
	metric.reporters = []
	metrics.num.samples = 2
	metrics.recording.level = INFO
	metrics.sample.window.ms = 30000
	partitioner.adaptive.partitioning.enable = true
	partitioner.availability.timeout.ms = 0
	partitioner.class = null
	partitioner.ignore.keys = false
	receive.buffer.bytes = 32768
	reconnect.backoff.max.ms = 1000
	reconnect.backoff.ms = 50
	request.timeout.ms = 5000
	retries = 2147483647
	retry.backoff.max.ms = 1000
	retry.backoff.ms = 100
	sasl.client.callback.handler.class = null
	sasl.jaas.config = null
	sasl.kerberos.kinit.cmd = /usr/bin/kinit
	sasl.kerberos.min.time.before.relogin = 60000
	sasl.kerberos.service.name = null
	sasl.kerberos.ticket.renew.jitter = 0.05
	sasl.kerberos.ticket.renew.window.factor = 0.8
	sasl.login.callback.handler.class = null
	sasl.login.class = null
	sasl.login.connect.timeout.ms = null
	sasl.login.read.timeout.ms = null
	sasl.login.refresh.buffer.seconds = 300
	sasl.login.refresh.min.period.seconds = 60
	sasl.login.refresh.window.factor = 0.8
	sasl.login.refresh.window.jitter = 0.05
	sasl.login.retry.backoff.max.ms = 10000
	sasl.login.retry.backoff.ms = 100
	sasl.mechanism = GSSAPI
	sasl.oauthbearer.clock.skew.seconds = 30
	sasl.oauthbearer.expected.audience = null
	sasl.oauthbearer.expected.issuer = null
	sasl.oauthbearer.header.urlencode = false
	sasl.oauthbearer.jwks.endpoint.refresh.ms = 3600000
	sasl.oauthbearer.jwks.endpoint.retry.backoff.max.ms = 10000
	sasl.oauthbearer.jwks.endpoint.retry.backoff.ms = 100
	sasl.oauthbearer.jwks.endpoint.url = null
	sasl.oauthbearer.scope.claim.name = scope
	sasl.oauthbearer.sub.claim.name = sub
	sasl.oauthbearer.token.endpoint.url = null
	security.protocol = PLAINTEXT
	security.providers = null
	send.buffer.bytes = 131072
	socket.connection.setup.timeout.max.ms = 30000
	socket.connection.setup.timeout.ms = 10000
	ssl.cipher.suites = null
	ssl.enabled.protocols = [TLSv1.2, TLSv1.3]
	ssl.endpoint.identification.algorithm = https
	ssl.engine.factory.class = null
	ssl.key.password = null
	ssl.keymanager.algorithm = SunX509
	ssl.keystore.certificate.chain = null
	ssl.keystore.key = null
	ssl.keystore.location = null
	ssl.keystore.password = null
	ssl.keystore.type = JKS
	ssl.protocol = TLSv1.3
	ssl.provider = null
	ssl.secure.random.implementation = null
	ssl.trustmanager.algorithm = PKIX
	ssl.truststore.certificates = null
	ssl.truststore.location = null
	ssl.truststore.password = null
	ssl.truststore.type = JKS
	transaction.timeout.ms = 60000
	transactional.id = null
	value.serializer = class io.apicurio.registry.serde.avro.AvroKafkaSerializer

2025-08-13 02:15:58,439 INFO  [org.apa.kaf.com.tel.int.KafkaMetricsCollector] (main) initializing Kafka metrics collector
2025-08-13 02:15:58,485 INFO  [org.apa.kaf.cli.pro.KafkaProducer] (main) [Producer clientId=Producer-topic-3794883b_5a9b_4a73_a390_ffff533b52fe] Instantiated an idempotent producer.
2025-08-13 02:15:58,535 INFO  [org.apa.kaf.cli.pro.ProducerConfig] (main) These configurations '[apicurio.registry.url, apicurio.registry.auto-register, apicurio.registry.use-id, apicurio.registry.artifact-resolver-strategy]' were supplied but are not used yet.
2025-08-13 02:15:58,535 INFO  [org.apa.kaf.com.uti.AppInfoParser] (main) Kafka version: 3.9.1
2025-08-13 02:15:58,535 INFO  [org.apa.kaf.com.uti.AppInfoParser] (main) Kafka commitId: f745dfdcee2b9851
2025-08-13 02:15:58,535 INFO  [org.apa.kaf.com.uti.AppInfoParser] (main) Kafka startTimeMs: 1755051358535
2025-08-13 02:15:58,536 INFO  [io.api.tes.ser.api.SimpleSerdesTesterBuilder$SimpleSerdesTester] (main) Using producer configuration: {apicurio.registry.url=http://registry-app-mysql.apps.ci419.apicurio-testing.org:80/apis/registry/v3, apicurio.registry.auto-register=true, apicurio.registry.use-id=globalId, apicurio.registry.artifact-resolver-strategy=io.apicurio.registry.serde.strategy.TopicIdStrategy, value.serializer=io.apicurio.registry.serde.avro.AvroKafkaSerializer, request.timeout.ms=5000, acks=all, bootstrap.servers=PLAINTEXT://localhost:32769, connections.max.idle.ms=10000, key.serializer=org.apache.kafka.common.serialization.StringSerializer, client.id=Producer-topic-3794883b_5a9b_4a73_a390_ffff533b52fe}
2025-08-13 02:15:58,536 INFO  [io.api.tes.ser.api.SimpleSerdesTesterBuilder$SimpleSerdesTester] (main) Using consumer configuration: {apicurio.registry.use-id=globalId}
2025-08-13 02:15:58,541 INFO  [io.api.tes.ser.api.KafkaSerdesTester] (Thread-600) Sending message {"key11755051358333": "value-0"} to topic topic-3794883b_5a9b_4a73_a390_ffff533b52fe
2025-08-13 02:15:58,914 WARN  [org.apa.kaf.cli.NetworkClient] (kafka-producer-network-thread | Producer-topic-3794883b_5a9b_4a73_a390_ffff533b52fe) [Producer clientId=Producer-topic-3794883b_5a9b_4a73_a390_ffff533b52fe] The metadata response from the cluster reported a recoverable issue with correlation id 1 : {topic-3794883b_5a9b_4a73_a390_ffff533b52fe=UNKNOWN_TOPIC_OR_PARTITION}
2025-08-13 02:15:58,927 INFO  [org.apa.kaf.cli.Metadata] (kafka-producer-network-thread | Producer-topic-3794883b_5a9b_4a73_a390_ffff533b52fe) [Producer clientId=Producer-topic-3794883b_5a9b_4a73_a390_ffff533b52fe] Cluster ID: rLHX8X_xRIO734wjNEuI8w
2025-08-13 02:15:59,047 INFO  [org.apa.kaf.cli.pro.int.TransactionManager] (kafka-producer-network-thread | Producer-topic-3794883b_5a9b_4a73_a390_ffff533b52fe) [Producer clientId=Producer-topic-3794883b_5a9b_4a73_a390_ffff533b52fe] ProducerId set to 0 with epoch 0
2025-08-13 02:15:59,173 INFO  [io.api.tes.ser.api.KafkaSerdesTester] (Thread-600) Sending message {"key11755051358333": "value-1"} to topic topic-3794883b_5a9b_4a73_a390_ffff533b52fe
2025-08-13 02:15:59,183 INFO  [io.api.tes.ser.api.KafkaSerdesTester] (Thread-600) Sending message {"key11755051358333": "value-2"} to topic topic-3794883b_5a9b_4a73_a390_ffff533b52fe
2025-08-13 02:15:59,188 INFO  [io.api.tes.ser.api.KafkaSerdesTester] (Thread-600) Sending message {"key11755051358333": "value-3"} to topic topic-3794883b_5a9b_4a73_a390_ffff533b52fe
2025-08-13 02:15:59,192 INFO  [io.api.tes.ser.api.KafkaSerdesTester] (Thread-600) Sending message {"key11755051358333": "value-4"} to topic topic-3794883b_5a9b_4a73_a390_ffff533b52fe
2025-08-13 02:15:59,198 INFO  [io.api.tes.ser.api.KafkaSerdesTester] (Thread-600) Sending message {"key11755051358333": "value-5"} to topic topic-3794883b_5a9b_4a73_a390_ffff533b52fe
2025-08-13 02:15:59,203 INFO  [io.api.tes.ser.api.KafkaSerdesTester] (Thread-600) Sending message {"key11755051358333": "value-6"} to topic topic-3794883b_5a9b_4a73_a390_ffff533b52fe
2025-08-13 02:15:59,209 INFO  [io.api.tes.ser.api.KafkaSerdesTester] (Thread-600) Sending message {"key11755051358333": "value-7"} to topic topic-3794883b_5a9b_4a73_a390_ffff533b52fe
2025-08-13 02:15:59,216 INFO  [io.api.tes.ser.api.KafkaSerdesTester] (Thread-600) Sending message {"key11755051358333": "value-8"} to topic topic-3794883b_5a9b_4a73_a390_ffff533b52fe
2025-08-13 02:15:59,224 INFO  [io.api.tes.ser.api.KafkaSerdesTester] (Thread-600) Sending message {"key11755051358333": "value-9"} to topic topic-3794883b_5a9b_4a73_a390_ffff533b52fe
2025-08-13 02:15:59,230 INFO  [io.api.tes.ser.api.KafkaSerdesTester] (Thread-600) Produced 10 messages
2025-08-13 02:15:59,230 INFO  [org.apa.kaf.cli.pro.KafkaProducer] (Thread-600) [Producer clientId=Producer-topic-3794883b_5a9b_4a73_a390_ffff533b52fe] Closing the Kafka producer with timeoutMillis = 9223372036854775807 ms.
2025-08-13 02:15:59,252 INFO  [org.apa.kaf.com.met.Metrics] (Thread-600) Metrics scheduler closed
2025-08-13 02:15:59,252 INFO  [org.apa.kaf.com.met.Metrics] (Thread-600) Closing reporter org.apache.kafka.common.metrics.JmxReporter
2025-08-13 02:15:59,252 INFO  [org.apa.kaf.com.met.Metrics] (Thread-600) Closing reporter org.apache.kafka.common.telemetry.internals.ClientTelemetryReporter
2025-08-13 02:15:59,252 INFO  [org.apa.kaf.com.met.Metrics] (Thread-600) Metrics reporters closed
2025-08-13 02:15:59,256 INFO  [org.apa.kaf.com.uti.AppInfoParser] (Thread-600) App info kafka.producer for Producer-topic-3794883b_5a9b_4a73_a390_ffff533b52fe unregistered
**** Registry Base URL: http://registry-app-mysql.apps.ci419.apicurio-testing.org:80
2025-08-13 02:15:59,300 INFO  [org.apa.kaf.cli.con.ConsumerConfig] (main) ConsumerConfig values: 
	allow.auto.create.topics = true
	auto.commit.interval.ms = 500
	auto.include.jmx.reporter = true
	auto.offset.reset = earliest
	bootstrap.servers = [PLAINTEXT://localhost:32769]
	check.crcs = true
	client.dns.lookup = use_all_dns_ips
	client.id = consumer-Consumer-topic-3794883b_5a9b_4a73_a390_ffff533b52fe-1
	client.rack = 
	connections.max.idle.ms = 10000
	default.api.timeout.ms = 60000
	enable.auto.commit = true
	enable.metrics.push = true
	exclude.internal.topics = true
	fetch.max.bytes = 52428800
	fetch.max.wait.ms = 500
	fetch.min.bytes = 1
	group.id = Consumer-topic-3794883b_5a9b_4a73_a390_ffff533b52fe
	group.instance.id = null
	group.protocol = classic
	group.remote.assignor = null
	heartbeat.interval.ms = 3000
	interceptor.classes = []
	internal.leave.group.on.close = true
	internal.throw.on.fetch.stable.offset.unsupported = false
	isolation.level = read_uncommitted
	key.deserializer = class org.apache.kafka.common.serialization.StringDeserializer
	max.partition.fetch.bytes = 1048576
	max.poll.interval.ms = 300000
	max.poll.records = 500
	metadata.max.age.ms = 300000
	metadata.recovery.strategy = none
	metric.reporters = []
	metrics.num.samples = 2
	metrics.recording.level = INFO
	metrics.sample.window.ms = 30000
	partition.assignment.strategy = [class org.apache.kafka.clients.consumer.RangeAssignor, class org.apache.kafka.clients.consumer.CooperativeStickyAssignor]
	receive.buffer.bytes = 65536
	reconnect.backoff.max.ms = 1000
	reconnect.backoff.ms = 50
	request.timeout.ms = 5000
	retry.backoff.max.ms = 1000
	retry.backoff.ms = 100
	sasl.client.callback.handler.class = null
	sasl.jaas.config = null
	sasl.kerberos.kinit.cmd = /usr/bin/kinit
	sasl.kerberos.min.time.before.relogin = 60000
	sasl.kerberos.service.name = null
	sasl.kerberos.ticket.renew.jitter = 0.05
	sasl.kerberos.ticket.renew.window.factor = 0.8
	sasl.login.callback.handler.class = null
	sasl.login.class = null
	sasl.login.connect.timeout.ms = null
	sasl.login.read.timeout.ms = null
	sasl.login.refresh.buffer.seconds = 300
	sasl.login.refresh.min.period.seconds = 60
	sasl.login.refresh.window.factor = 0.8
	sasl.login.refresh.window.jitter = 0.05
	sasl.login.retry.backoff.max.ms = 10000
	sasl.login.retry.backoff.ms = 100
	sasl.mechanism = GSSAPI
	sasl.oauthbearer.clock.skew.seconds = 30
	sasl.oauthbearer.expected.audience = null
	sasl.oauthbearer.expected.issuer = null
	sasl.oauthbearer.header.urlencode = false
	sasl.oauthbearer.jwks.endpoint.refresh.ms = 3600000
	sasl.oauthbearer.jwks.endpoint.retry.backoff.max.ms = 10000
	sasl.oauthbearer.jwks.endpoint.retry.backoff.ms = 100
	sasl.oauthbearer.jwks.endpoint.url = null
	sasl.oauthbearer.scope.claim.name = scope
	sasl.oauthbearer.sub.claim.name = sub
	sasl.oauthbearer.token.endpoint.url = null
	security.protocol = PLAINTEXT
	security.providers = null
	send.buffer.bytes = 131072
	session.timeout.ms = 45000
	socket.connection.setup.timeout.max.ms = 30000
	socket.connection.setup.timeout.ms = 10000
	ssl.cipher.suites = null
	ssl.enabled.protocols = [TLSv1.2, TLSv1.3]
	ssl.endpoint.identification.algorithm = https
	ssl.engine.factory.class = null
	ssl.key.password = null
	ssl.keymanager.algorithm = SunX509
	ssl.keystore.certificate.chain = null
	ssl.keystore.key = null
	ssl.keystore.location = null
	ssl.keystore.password = null
	ssl.keystore.type = JKS
	ssl.protocol = TLSv1.3
	ssl.provider = null
	ssl.secure.random.implementation = null
	ssl.trustmanager.algorithm = PKIX
	ssl.truststore.certificates = null
	ssl.truststore.location = null
	ssl.truststore.password = null
	ssl.truststore.type = JKS
	value.deserializer = class io.apicurio.registry.serde.avro.AvroKafkaDeserializer

2025-08-13 02:15:59,318 INFO  [org.apa.kaf.com.tel.int.KafkaMetricsCollector] (main) initializing Kafka metrics collector
2025-08-13 02:15:59,412 INFO  [org.apa.kaf.cli.con.ConsumerConfig] (main) These configurations '[apicurio.registry.url, apicurio.registry.use-id]' were supplied but are not used yet.
2025-08-13 02:15:59,412 INFO  [org.apa.kaf.com.uti.AppInfoParser] (main) Kafka version: 3.9.1
2025-08-13 02:15:59,412 INFO  [org.apa.kaf.com.uti.AppInfoParser] (main) Kafka commitId: f745dfdcee2b9851
2025-08-13 02:15:59,412 INFO  [org.apa.kaf.com.uti.AppInfoParser] (main) Kafka startTimeMs: 1755051359412
2025-08-13 02:15:59,421 INFO  [org.apa.kaf.cli.con.int.ClassicKafkaConsumer] (Thread-603) [Consumer clientId=consumer-Consumer-topic-3794883b_5a9b_4a73_a390_ffff533b52fe-1, groupId=Consumer-topic-3794883b_5a9b_4a73_a390_ffff533b52fe] Subscribed to topic(s): topic-3794883b_5a9b_4a73_a390_ffff533b52fe
2025-08-13 02:15:59,445 INFO  [org.apa.kaf.cli.Metadata] (Thread-603) [Consumer clientId=consumer-Consumer-topic-3794883b_5a9b_4a73_a390_ffff533b52fe-1, groupId=Consumer-topic-3794883b_5a9b_4a73_a390_ffff533b52fe] Cluster ID: rLHX8X_xRIO734wjNEuI8w
2025-08-13 02:15:59,584 INFO  [org.apa.kaf.cli.con.int.ConsumerCoordinator] (Thread-603) [Consumer clientId=consumer-Consumer-topic-3794883b_5a9b_4a73_a390_ffff533b52fe-1, groupId=Consumer-topic-3794883b_5a9b_4a73_a390_ffff533b52fe] Discovered group coordinator localhost:32769 (id: 2147483647 rack: null)
2025-08-13 02:15:59,596 INFO  [org.apa.kaf.cli.con.int.ConsumerCoordinator] (Thread-603) [Consumer clientId=consumer-Consumer-topic-3794883b_5a9b_4a73_a390_ffff533b52fe-1, groupId=Consumer-topic-3794883b_5a9b_4a73_a390_ffff533b52fe] (Re-)joining group
2025-08-13 02:15:59,650 INFO  [org.apa.kaf.cli.con.int.ConsumerCoordinator] (Thread-603) [Consumer clientId=consumer-Consumer-topic-3794883b_5a9b_4a73_a390_ffff533b52fe-1, groupId=Consumer-topic-3794883b_5a9b_4a73_a390_ffff533b52fe] Group coordinator localhost:32769 (id: 2147483647 rack: null) is unavailable or invalid due to cause: error response NOT_COORDINATOR. isDisconnected: false. Rediscovery will be attempted.
2025-08-13 02:15:59,651 INFO  [org.apa.kaf.cli.con.int.ConsumerCoordinator] (Thread-603) [Consumer clientId=consumer-Consumer-topic-3794883b_5a9b_4a73_a390_ffff533b52fe-1, groupId=Consumer-topic-3794883b_5a9b_4a73_a390_ffff533b52fe] Requesting disconnect from last known coordinator localhost:32769 (id: 2147483647 rack: null)
2025-08-13 02:15:59,651 INFO  [org.apa.kaf.cli.con.int.ConsumerCoordinator] (Thread-603) [Consumer clientId=consumer-Consumer-topic-3794883b_5a9b_4a73_a390_ffff533b52fe-1, groupId=Consumer-topic-3794883b_5a9b_4a73_a390_ffff533b52fe] JoinGroup failed: This is not the correct coordinator. Marking coordinator unknown. Sent generation was Generation{generationId=-1, memberId='', protocol='null'}
2025-08-13 02:15:59,651 INFO  [org.apa.kaf.cli.NetworkClient] (Thread-603) [Consumer clientId=consumer-Consumer-topic-3794883b_5a9b_4a73_a390_ffff533b52fe-1, groupId=Consumer-topic-3794883b_5a9b_4a73_a390_ffff533b52fe] Client requested disconnect from node 2147483647
2025-08-13 02:15:59,663 INFO  [org.apa.kaf.cli.con.int.ConsumerCoordinator] (Thread-603) [Consumer clientId=consumer-Consumer-topic-3794883b_5a9b_4a73_a390_ffff533b52fe-1, groupId=Consumer-topic-3794883b_5a9b_4a73_a390_ffff533b52fe] Discovered group coordinator localhost:32769 (id: 2147483647 rack: null)
2025-08-13 02:15:59,664 INFO  [org.apa.kaf.cli.con.int.ConsumerCoordinator] (Thread-603) [Consumer clientId=consumer-Consumer-topic-3794883b_5a9b_4a73_a390_ffff533b52fe-1, groupId=Consumer-topic-3794883b_5a9b_4a73_a390_ffff533b52fe] Group coordinator localhost:32769 (id: 2147483647 rack: null) is unavailable or invalid due to cause: coordinator unavailable. isDisconnected: false. Rediscovery will be attempted.
2025-08-13 02:15:59,664 INFO  [org.apa.kaf.cli.con.int.ConsumerCoordinator] (Thread-603) [Consumer clientId=consumer-Consumer-topic-3794883b_5a9b_4a73_a390_ffff533b52fe-1, groupId=Consumer-topic-3794883b_5a9b_4a73_a390_ffff533b52fe] Requesting disconnect from last known coordinator localhost:32769 (id: 2147483647 rack: null)
2025-08-13 02:15:59,781 INFO  [org.apa.kaf.cli.con.int.ConsumerCoordinator] (Thread-603) [Consumer clientId=consumer-Consumer-topic-3794883b_5a9b_4a73_a390_ffff533b52fe-1, groupId=Consumer-topic-3794883b_5a9b_4a73_a390_ffff533b52fe] Discovered group coordinator localhost:32769 (id: 2147483647 rack: null)
2025-08-13 02:15:59,783 INFO  [org.apa.kaf.cli.con.int.ConsumerCoordinator] (Thread-603) [Consumer clientId=consumer-Consumer-topic-3794883b_5a9b_4a73_a390_ffff533b52fe-1, groupId=Consumer-topic-3794883b_5a9b_4a73_a390_ffff533b52fe] Request joining group due to: rebalance failed due to 'This is not the correct coordinator.' (NotCoordinatorException)
2025-08-13 02:15:59,784 INFO  [org.apa.kaf.cli.con.int.ConsumerCoordinator] (Thread-603) [Consumer clientId=consumer-Consumer-topic-3794883b_5a9b_4a73_a390_ffff533b52fe-1, groupId=Consumer-topic-3794883b_5a9b_4a73_a390_ffff533b52fe] (Re-)joining group
2025-08-13 02:15:59,791 INFO  [org.apa.kaf.cli.con.int.ConsumerCoordinator] (Thread-603) [Consumer clientId=consumer-Consumer-topic-3794883b_5a9b_4a73_a390_ffff533b52fe-1, groupId=Consumer-topic-3794883b_5a9b_4a73_a390_ffff533b52fe] Group coordinator localhost:32769 (id: 2147483647 rack: null) is unavailable or invalid due to cause: error response NOT_COORDINATOR. isDisconnected: false. Rediscovery will be attempted.
2025-08-13 02:15:59,791 INFO  [org.apa.kaf.cli.con.int.ConsumerCoordinator] (Thread-603) [Consumer clientId=consumer-Consumer-topic-3794883b_5a9b_4a73_a390_ffff533b52fe-1, groupId=Consumer-topic-3794883b_5a9b_4a73_a390_ffff533b52fe] Requesting disconnect from last known coordinator localhost:32769 (id: 2147483647 rack: null)
2025-08-13 02:15:59,791 INFO  [org.apa.kaf.cli.con.int.ConsumerCoordinator] (Thread-603) [Consumer clientId=consumer-Consumer-topic-3794883b_5a9b_4a73_a390_ffff533b52fe-1, groupId=Consumer-topic-3794883b_5a9b_4a73_a390_ffff533b52fe] JoinGroup failed: This is not the correct coordinator. Marking coordinator unknown. Sent generation was Generation{generationId=-1, memberId='', protocol='null'}
2025-08-13 02:15:59,791 INFO  [org.apa.kaf.cli.NetworkClient] (Thread-603) [Consumer clientId=consumer-Consumer-topic-3794883b_5a9b_4a73_a390_ffff533b52fe-1, groupId=Consumer-topic-3794883b_5a9b_4a73_a390_ffff533b52fe] Client requested disconnect from node 2147483647
2025-08-13 02:15:59,796 INFO  [org.apa.kaf.cli.con.int.ConsumerCoordinator] (Thread-603) [Consumer clientId=consumer-Consumer-topic-3794883b_5a9b_4a73_a390_ffff533b52fe-1, groupId=Consumer-topic-3794883b_5a9b_4a73_a390_ffff533b52fe] Discovered group coordinator localhost:32769 (id: 2147483647 rack: null)
2025-08-13 02:15:59,796 INFO  [org.apa.kaf.cli.con.int.ConsumerCoordinator] (Thread-603) [Consumer clientId=consumer-Consumer-topic-3794883b_5a9b_4a73_a390_ffff533b52fe-1, groupId=Consumer-topic-3794883b_5a9b_4a73_a390_ffff533b52fe] Group coordinator localhost:32769 (id: 2147483647 rack: null) is unavailable or invalid due to cause: coordinator unavailable. isDisconnected: false. Rediscovery will be attempted.
2025-08-13 02:15:59,797 INFO  [org.apa.kaf.cli.con.int.ConsumerCoordinator] (Thread-603) [Consumer clientId=consumer-Consumer-topic-3794883b_5a9b_4a73_a390_ffff533b52fe-1, groupId=Consumer-topic-3794883b_5a9b_4a73_a390_ffff533b52fe] Requesting disconnect from last known coordinator localhost:32769 (id: 2147483647 rack: null)
2025-08-13 02:15:59,891 INFO  [org.apa.kaf.cli.con.int.ConsumerCoordinator] (Thread-603) [Consumer clientId=consumer-Consumer-topic-3794883b_5a9b_4a73_a390_ffff533b52fe-1, groupId=Consumer-topic-3794883b_5a9b_4a73_a390_ffff533b52fe] Discovered group coordinator localhost:32769 (id: 2147483647 rack: null)
2025-08-13 02:15:59,894 INFO  [org.apa.kaf.cli.con.int.ConsumerCoordinator] (Thread-603) [Consumer clientId=consumer-Consumer-topic-3794883b_5a9b_4a73_a390_ffff533b52fe-1, groupId=Consumer-topic-3794883b_5a9b_4a73_a390_ffff533b52fe] Request joining group due to: rebalance failed due to 'This is not the correct coordinator.' (NotCoordinatorException)
2025-08-13 02:15:59,895 INFO  [org.apa.kaf.cli.con.int.ConsumerCoordinator] (Thread-603) [Consumer clientId=consumer-Consumer-topic-3794883b_5a9b_4a73_a390_ffff533b52fe-1, groupId=Consumer-topic-3794883b_5a9b_4a73_a390_ffff533b52fe] (Re-)joining group
2025-08-13 02:15:59,906 INFO  [org.apa.kaf.cli.con.int.ConsumerCoordinator] (Thread-603) [Consumer clientId=consumer-Consumer-topic-3794883b_5a9b_4a73_a390_ffff533b52fe-1, groupId=Consumer-topic-3794883b_5a9b_4a73_a390_ffff533b52fe] Group coordinator localhost:32769 (id: 2147483647 rack: null) is unavailable or invalid due to cause: error response NOT_COORDINATOR. isDisconnected: false. Rediscovery will be attempted.
2025-08-13 02:15:59,906 INFO  [org.apa.kaf.cli.con.int.ConsumerCoordinator] (Thread-603) [Consumer clientId=consumer-Consumer-topic-3794883b_5a9b_4a73_a390_ffff533b52fe-1, groupId=Consumer-topic-3794883b_5a9b_4a73_a390_ffff533b52fe] Requesting disconnect from last known coordinator localhost:32769 (id: 2147483647 rack: null)
2025-08-13 02:15:59,906 INFO  [org.apa.kaf.cli.con.int.ConsumerCoordinator] (Thread-603) [Consumer clientId=consumer-Consumer-topic-3794883b_5a9b_4a73_a390_ffff533b52fe-1, groupId=Consumer-topic-3794883b_5a9b_4a73_a390_ffff533b52fe] JoinGroup failed: This is not the correct coordinator. Marking coordinator unknown. Sent generation was Generation{generationId=-1, memberId='', protocol='null'}
2025-08-13 02:15:59,907 INFO  [org.apa.kaf.cli.NetworkClient] (Thread-603) [Consumer clientId=consumer-Consumer-topic-3794883b_5a9b_4a73_a390_ffff533b52fe-1, groupId=Consumer-topic-3794883b_5a9b_4a73_a390_ffff533b52fe] Client requested disconnect from node 2147483647
2025-08-13 02:15:59,911 INFO  [org.apa.kaf.cli.con.int.ConsumerCoordinator] (Thread-603) [Consumer clientId=consumer-Consumer-topic-3794883b_5a9b_4a73_a390_ffff533b52fe-1, groupId=Consumer-topic-3794883b_5a9b_4a73_a390_ffff533b52fe] Discovered group coordinator localhost:32769 (id: 2147483647 rack: null)
2025-08-13 02:15:59,911 INFO  [org.apa.kaf.cli.con.int.ConsumerCoordinator] (Thread-603) [Consumer clientId=consumer-Consumer-topic-3794883b_5a9b_4a73_a390_ffff533b52fe-1, groupId=Consumer-topic-3794883b_5a9b_4a73_a390_ffff533b52fe] Group coordinator localhost:32769 (id: 2147483647 rack: null) is unavailable or invalid due to cause: coordinator unavailable. isDisconnected: false. Rediscovery will be attempted.
2025-08-13 02:15:59,911 INFO  [org.apa.kaf.cli.con.int.ConsumerCoordinator] (Thread-603) [Consumer clientId=consumer-Consumer-topic-3794883b_5a9b_4a73_a390_ffff533b52fe-1, groupId=Consumer-topic-3794883b_5a9b_4a73_a390_ffff533b52fe] Requesting disconnect from last known coordinator localhost:32769 (id: 2147483647 rack: null)
2025-08-13 02:16:00,037 INFO  [org.apa.kaf.cli.con.int.ConsumerCoordinator] (Thread-603) [Consumer clientId=consumer-Consumer-topic-3794883b_5a9b_4a73_a390_ffff533b52fe-1, groupId=Consumer-topic-3794883b_5a9b_4a73_a390_ffff533b52fe] Discovered group coordinator localhost:32769 (id: 2147483647 rack: null)
2025-08-13 02:16:00,038 INFO  [org.apa.kaf.cli.con.int.ConsumerCoordinator] (Thread-603) [Consumer clientId=consumer-Consumer-topic-3794883b_5a9b_4a73_a390_ffff533b52fe-1, groupId=Consumer-topic-3794883b_5a9b_4a73_a390_ffff533b52fe] Request joining group due to: rebalance failed due to 'This is not the correct coordinator.' (NotCoordinatorException)
2025-08-13 02:16:00,040 INFO  [org.apa.kaf.cli.con.int.ConsumerCoordinator] (Thread-603) [Consumer clientId=consumer-Consumer-topic-3794883b_5a9b_4a73_a390_ffff533b52fe-1, groupId=Consumer-topic-3794883b_5a9b_4a73_a390_ffff533b52fe] (Re-)joining group
2025-08-13 02:16:00,078 INFO  [org.apa.kaf.cli.con.int.ConsumerCoordinator] (Thread-603) [Consumer clientId=consumer-Consumer-topic-3794883b_5a9b_4a73_a390_ffff533b52fe-1, groupId=Consumer-topic-3794883b_5a9b_4a73_a390_ffff533b52fe] Group coordinator localhost:32769 (id: 2147483647 rack: null) is unavailable or invalid due to cause: error response NOT_COORDINATOR. isDisconnected: false. Rediscovery will be attempted.
2025-08-13 02:16:00,078 INFO  [org.apa.kaf.cli.con.int.ConsumerCoordinator] (Thread-603) [Consumer clientId=consumer-Consumer-topic-3794883b_5a9b_4a73_a390_ffff533b52fe-1, groupId=Consumer-topic-3794883b_5a9b_4a73_a390_ffff533b52fe] Requesting disconnect from last known coordinator localhost:32769 (id: 2147483647 rack: null)
2025-08-13 02:16:00,078 INFO  [org.apa.kaf.cli.con.int.ConsumerCoordinator] (Thread-603) [Consumer clientId=consumer-Consumer-topic-3794883b_5a9b_4a73_a390_ffff533b52fe-1, groupId=Consumer-topic-3794883b_5a9b_4a73_a390_ffff533b52fe] JoinGroup failed: This is not the correct coordinator. Marking coordinator unknown. Sent generation was Generation{generationId=-1, memberId='', protocol='null'}
2025-08-13 02:16:00,080 INFO  [org.apa.kaf.cli.NetworkClient] (Thread-603) [Consumer clientId=consumer-Consumer-topic-3794883b_5a9b_4a73_a390_ffff533b52fe-1, groupId=Consumer-topic-3794883b_5a9b_4a73_a390_ffff533b52fe] Client requested disconnect from node 2147483647
2025-08-13 02:16:00,091 INFO  [org.apa.kaf.cli.con.int.ConsumerCoordinator] (Thread-603) [Consumer clientId=consumer-Consumer-topic-3794883b_5a9b_4a73_a390_ffff533b52fe-1, groupId=Consumer-topic-3794883b_5a9b_4a73_a390_ffff533b52fe] Discovered group coordinator localhost:32769 (id: 2147483647 rack: null)
2025-08-13 02:16:00,092 INFO  [org.apa.kaf.cli.con.int.ConsumerCoordinator] (Thread-603) [Consumer clientId=consumer-Consumer-topic-3794883b_5a9b_4a73_a390_ffff533b52fe-1, groupId=Consumer-topic-3794883b_5a9b_4a73_a390_ffff533b52fe] Group coordinator localhost:32769 (id: 2147483647 rack: null) is unavailable or invalid due to cause: coordinator unavailable. isDisconnected: false. Rediscovery will be attempted.
2025-08-13 02:16:00,093 INFO  [org.apa.kaf.cli.con.int.ConsumerCoordinator] (Thread-603) [Consumer clientId=consumer-Consumer-topic-3794883b_5a9b_4a73_a390_ffff533b52fe-1, groupId=Consumer-topic-3794883b_5a9b_4a73_a390_ffff533b52fe] Requesting disconnect from last known coordinator localhost:32769 (id: 2147483647 rack: null)
2025-08-13 02:16:00,207 INFO  [org.apa.kaf.cli.con.int.ConsumerCoordinator] (Thread-603) [Consumer clientId=consumer-Consumer-topic-3794883b_5a9b_4a73_a390_ffff533b52fe-1, groupId=Consumer-topic-3794883b_5a9b_4a73_a390_ffff533b52fe] Discovered group coordinator localhost:32769 (id: 2147483647 rack: null)
2025-08-13 02:16:00,208 INFO  [org.apa.kaf.cli.con.int.ConsumerCoordinator] (Thread-603) [Consumer clientId=consumer-Consumer-topic-3794883b_5a9b_4a73_a390_ffff533b52fe-1, groupId=Consumer-topic-3794883b_5a9b_4a73_a390_ffff533b52fe] Request joining group due to: rebalance failed due to 'This is not the correct coordinator.' (NotCoordinatorException)
2025-08-13 02:16:00,211 INFO  [org.apa.kaf.cli.con.int.ConsumerCoordinator] (Thread-603) [Consumer clientId=consumer-Consumer-topic-3794883b_5a9b_4a73_a390_ffff533b52fe-1, groupId=Consumer-topic-3794883b_5a9b_4a73_a390_ffff533b52fe] (Re-)joining group
2025-08-13 02:16:00,226 INFO  [org.apa.kaf.cli.con.int.ConsumerCoordinator] (Thread-603) [Consumer clientId=consumer-Consumer-topic-3794883b_5a9b_4a73_a390_ffff533b52fe-1, groupId=Consumer-topic-3794883b_5a9b_4a73_a390_ffff533b52fe] Request joining group due to: need to re-join with the given member-id: consumer-Consumer-topic-3794883b_5a9b_4a73_a390_ffff533b52fe-1-22860fa1-c5b9-4da7-b843-5e9013db0442
2025-08-13 02:16:00,227 INFO  [org.apa.kaf.cli.con.int.ConsumerCoordinator] (Thread-603) [Consumer clientId=consumer-Consumer-topic-3794883b_5a9b_4a73_a390_ffff533b52fe-1, groupId=Consumer-topic-3794883b_5a9b_4a73_a390_ffff533b52fe] (Re-)joining group
2025-08-13 02:16:00,423 INFO  [io.api.tes.ser.api.KafkaSerdesTester] (Thread-603) None found
2025-08-13 02:16:01,423 INFO  [io.api.tes.ser.api.KafkaSerdesTester] (Thread-603) None found
2025-08-13 02:16:02,424 INFO  [io.api.tes.ser.api.KafkaSerdesTester] (Thread-603) None found
2025-08-13 02:16:03,250 INFO  [org.apa.kaf.cli.con.int.ConsumerCoordinator] (Thread-603) [Consumer clientId=consumer-Consumer-topic-3794883b_5a9b_4a73_a390_ffff533b52fe-1, groupId=Consumer-topic-3794883b_5a9b_4a73_a390_ffff533b52fe] Successfully joined group with generation Generation{generationId=1, memberId='consumer-Consumer-topic-3794883b_5a9b_4a73_a390_ffff533b52fe-1-22860fa1-c5b9-4da7-b843-5e9013db0442', protocol='range'}
2025-08-13 02:16:03,261 INFO  [org.apa.kaf.cli.con.int.ConsumerCoordinator] (Thread-603) [Consumer clientId=consumer-Consumer-topic-3794883b_5a9b_4a73_a390_ffff533b52fe-1, groupId=Consumer-topic-3794883b_5a9b_4a73_a390_ffff533b52fe] Finished assignment for group at generation 1: {consumer-Consumer-topic-3794883b_5a9b_4a73_a390_ffff533b52fe-1-22860fa1-c5b9-4da7-b843-5e9013db0442=Assignment(partitions=[topic-3794883b_5a9b_4a73_a390_ffff533b52fe-0])}
2025-08-13 02:16:03,274 INFO  [org.apa.kaf.cli.con.int.ConsumerCoordinator] (Thread-603) [Consumer clientId=consumer-Consumer-topic-3794883b_5a9b_4a73_a390_ffff533b52fe-1, groupId=Consumer-topic-3794883b_5a9b_4a73_a390_ffff533b52fe] Successfully synced group in generation Generation{generationId=1, memberId='consumer-Consumer-topic-3794883b_5a9b_4a73_a390_ffff533b52fe-1-22860fa1-c5b9-4da7-b843-5e9013db0442', protocol='range'}
2025-08-13 02:16:03,275 INFO  [org.apa.kaf.cli.con.int.ConsumerCoordinator] (Thread-603) [Consumer clientId=consumer-Consumer-topic-3794883b_5a9b_4a73_a390_ffff533b52fe-1, groupId=Consumer-topic-3794883b_5a9b_4a73_a390_ffff533b52fe] Notifying assignor about the new Assignment(partitions=[topic-3794883b_5a9b_4a73_a390_ffff533b52fe-0])
2025-08-13 02:16:03,278 INFO  [org.apa.kaf.cli.con.int.ConsumerRebalanceListenerInvoker] (Thread-603) [Consumer clientId=consumer-Consumer-topic-3794883b_5a9b_4a73_a390_ffff533b52fe-1, groupId=Consumer-topic-3794883b_5a9b_4a73_a390_ffff533b52fe] Adding newly assigned partitions: topic-3794883b_5a9b_4a73_a390_ffff533b52fe-0
2025-08-13 02:16:03,299 INFO  [org.apa.kaf.cli.con.int.ConsumerCoordinator] (Thread-603) [Consumer clientId=consumer-Consumer-topic-3794883b_5a9b_4a73_a390_ffff533b52fe-1, groupId=Consumer-topic-3794883b_5a9b_4a73_a390_ffff533b52fe] Found no committed offset for partition topic-3794883b_5a9b_4a73_a390_ffff533b52fe-0
2025-08-13 02:16:03,318 INFO  [org.apa.kaf.cli.con.int.SubscriptionState] (Thread-603) [Consumer clientId=consumer-Consumer-topic-3794883b_5a9b_4a73_a390_ffff533b52fe-1, groupId=Consumer-topic-3794883b_5a9b_4a73_a390_ffff533b52fe] Resetting offset for partition topic-3794883b_5a9b_4a73_a390_ffff533b52fe-0 to position FetchPosition{offset=0, offsetEpoch=Optional.empty, currentLeader=LeaderAndEpoch{leader=Optional[localhost:32769 (id: 0 rack: null)], epoch=0}}.
2025-08-13 02:16:03,413 INFO  [io.api.tes.ser.api.KafkaSerdesTester] (Thread-603) topic-3794883b_5a9b_4a73_a390_ffff533b52fe 0 0 {"key11755051358333": "value-0"}
2025-08-13 02:16:03,413 INFO  [io.api.tes.ser.api.KafkaSerdesTester] (Thread-603) topic-3794883b_5a9b_4a73_a390_ffff533b52fe 0 1 {"key11755051358333": "value-1"}
2025-08-13 02:16:03,413 INFO  [io.api.tes.ser.api.KafkaSerdesTester] (Thread-603) topic-3794883b_5a9b_4a73_a390_ffff533b52fe 0 2 {"key11755051358333": "value-2"}
2025-08-13 02:16:03,413 INFO  [io.api.tes.ser.api.KafkaSerdesTester] (Thread-603) topic-3794883b_5a9b_4a73_a390_ffff533b52fe 0 3 {"key11755051358333": "value-3"}
2025-08-13 02:16:03,413 INFO  [io.api.tes.ser.api.KafkaSerdesTester] (Thread-603) topic-3794883b_5a9b_4a73_a390_ffff533b52fe 0 4 {"key11755051358333": "value-4"}
2025-08-13 02:16:03,413 INFO  [io.api.tes.ser.api.KafkaSerdesTester] (Thread-603) topic-3794883b_5a9b_4a73_a390_ffff533b52fe 0 5 {"key11755051358333": "value-5"}
2025-08-13 02:16:03,414 INFO  [io.api.tes.ser.api.KafkaSerdesTester] (Thread-603) topic-3794883b_5a9b_4a73_a390_ffff533b52fe 0 6 {"key11755051358333": "value-6"}
2025-08-13 02:16:03,414 INFO  [io.api.tes.ser.api.KafkaSerdesTester] (Thread-603) topic-3794883b_5a9b_4a73_a390_ffff533b52fe 0 7 {"key11755051358333": "value-7"}
2025-08-13 02:16:03,414 INFO  [io.api.tes.ser.api.KafkaSerdesTester] (Thread-603) topic-3794883b_5a9b_4a73_a390_ffff533b52fe 0 8 {"key11755051358333": "value-8"}
2025-08-13 02:16:03,417 INFO  [io.api.tes.ser.api.KafkaSerdesTester] (Thread-603) topic-3794883b_5a9b_4a73_a390_ffff533b52fe 0 9 {"key11755051358333": "value-9"}
2025-08-13 02:16:03,417 INFO  [io.api.tes.ser.api.KafkaSerdesTester] (Thread-603) Consumed 10 messages
2025-08-13 02:16:03,446 INFO  [org.apa.kaf.cli.con.int.ConsumerRebalanceListenerInvoker] (Thread-603) [Consumer clientId=consumer-Consumer-topic-3794883b_5a9b_4a73_a390_ffff533b52fe-1, groupId=Consumer-topic-3794883b_5a9b_4a73_a390_ffff533b52fe] Revoke previously assigned partitions topic-3794883b_5a9b_4a73_a390_ffff533b52fe-0
2025-08-13 02:16:03,446 INFO  [org.apa.kaf.cli.con.int.ConsumerCoordinator] (Thread-603) [Consumer clientId=consumer-Consumer-topic-3794883b_5a9b_4a73_a390_ffff533b52fe-1, groupId=Consumer-topic-3794883b_5a9b_4a73_a390_ffff533b52fe] Member consumer-Consumer-topic-3794883b_5a9b_4a73_a390_ffff533b52fe-1-22860fa1-c5b9-4da7-b843-5e9013db0442 sending LeaveGroup request to coordinator localhost:32769 (id: 2147483647 rack: null) due to the consumer is being closed
2025-08-13 02:16:03,449 INFO  [org.apa.kaf.cli.con.int.ConsumerCoordinator] (Thread-603) [Consumer clientId=consumer-Consumer-topic-3794883b_5a9b_4a73_a390_ffff533b52fe-1, groupId=Consumer-topic-3794883b_5a9b_4a73_a390_ffff533b52fe] Resetting generation and member id due to: consumer pro-actively leaving the group
2025-08-13 02:16:03,449 INFO  [org.apa.kaf.cli.con.int.ConsumerCoordinator] (Thread-603) [Consumer clientId=consumer-Consumer-topic-3794883b_5a9b_4a73_a390_ffff533b52fe-1, groupId=Consumer-topic-3794883b_5a9b_4a73_a390_ffff533b52fe] Request joining group due to: consumer pro-actively leaving the group
2025-08-13 02:16:03,932 INFO  [org.apa.kaf.com.met.Metrics] (Thread-603) Metrics scheduler closed
2025-08-13 02:16:03,932 INFO  [org.apa.kaf.com.met.Metrics] (Thread-603) Closing reporter org.apache.kafka.common.metrics.JmxReporter
2025-08-13 02:16:03,932 INFO  [org.apa.kaf.com.met.Metrics] (Thread-603) Closing reporter org.apache.kafka.common.telemetry.internals.ClientTelemetryReporter
2025-08-13 02:16:03,932 INFO  [org.apa.kaf.com.met.Metrics] (Thread-603) Metrics reporters closed
2025-08-13 02:16:03,945 INFO  [org.apa.kaf.com.uti.AppInfoParser] (Thread-603) App info kafka.consumer for consumer-Consumer-topic-3794883b_5a9b_4a73_a390_ffff533b52fe-1 unregistered
2025-08-13 02:16:03,947 INFO  [io.api.tes.uti.TestSeparator] (main) io.apicurio.tests.serdes.apicurio.AvroSerdeIT.testGlobalIdInHeaders-FINISHED
2025-08-13 02:16:03,947 INFO  [io.api.tes.uti.TestSeparator] (main) ############################################################################
Test passed: testGlobalIdInHeaders
]]></system-out>
  </testcase>
  <testcase name="testSimpleTopicIdStrategyFindLatest" classname="io.apicurio.tests.serdes.apicurio.AvroSerdeIT" time="4.801">
    <system-out><![CDATA[2025-08-13 02:16:03,951 INFO  [io.api.tes.uti.TestSeparator] (main) ############################################################################
2025-08-13 02:16:03,951 INFO  [io.api.tes.uti.TestSeparator] (main) io.apicurio.tests.serdes.apicurio.AvroSerdeIT.testSimpleTopicIdStrategyFindLatest-STARTED
2025-08-13 02:16:03,951 INFO  [io.api.tes.ser.api.AvroSerdeIT] (main) Registering Avro Schema: {"type":"record","name":"myrecordapicurio1","fields":[{"name":"key11755051363951","type":"string"}]}
**** Registry Base URL: http://registry-app-mysql.apps.ci419.apicurio-testing.org:80
2025-08-13 02:16:05,020 INFO  [org.apa.kaf.cli.pro.ProducerConfig] (main) ProducerConfig values: 
	acks = -1
	auto.include.jmx.reporter = true
	batch.size = 16384
	bootstrap.servers = [PLAINTEXT://localhost:32769]
	buffer.memory = 33554432
	client.dns.lookup = use_all_dns_ips
	client.id = Producer-topic-e34f7d83_5d91_4d5e_98d2_91329263f9af
	compression.gzip.level = -1
	compression.lz4.level = 9
	compression.type = none
	compression.zstd.level = 3
	connections.max.idle.ms = 10000
	delivery.timeout.ms = 120000
	enable.idempotence = true
	enable.metrics.push = true
	interceptor.classes = []
	key.serializer = class org.apache.kafka.common.serialization.StringSerializer
	linger.ms = 0
	max.block.ms = 60000
	max.in.flight.requests.per.connection = 5
	max.request.size = 1048576
	metadata.max.age.ms = 300000
	metadata.max.idle.ms = 300000
	metadata.recovery.strategy = none
	metric.reporters = []
	metrics.num.samples = 2
	metrics.recording.level = INFO
	metrics.sample.window.ms = 30000
	partitioner.adaptive.partitioning.enable = true
	partitioner.availability.timeout.ms = 0
	partitioner.class = null
	partitioner.ignore.keys = false
	receive.buffer.bytes = 32768
	reconnect.backoff.max.ms = 1000
	reconnect.backoff.ms = 50
	request.timeout.ms = 5000
	retries = 2147483647
	retry.backoff.max.ms = 1000
	retry.backoff.ms = 100
	sasl.client.callback.handler.class = null
	sasl.jaas.config = null
	sasl.kerberos.kinit.cmd = /usr/bin/kinit
	sasl.kerberos.min.time.before.relogin = 60000
	sasl.kerberos.service.name = null
	sasl.kerberos.ticket.renew.jitter = 0.05
	sasl.kerberos.ticket.renew.window.factor = 0.8
	sasl.login.callback.handler.class = null
	sasl.login.class = null
	sasl.login.connect.timeout.ms = null
	sasl.login.read.timeout.ms = null
	sasl.login.refresh.buffer.seconds = 300
	sasl.login.refresh.min.period.seconds = 60
	sasl.login.refresh.window.factor = 0.8
	sasl.login.refresh.window.jitter = 0.05
	sasl.login.retry.backoff.max.ms = 10000
	sasl.login.retry.backoff.ms = 100
	sasl.mechanism = GSSAPI
	sasl.oauthbearer.clock.skew.seconds = 30
	sasl.oauthbearer.expected.audience = null
	sasl.oauthbearer.expected.issuer = null
	sasl.oauthbearer.header.urlencode = false
	sasl.oauthbearer.jwks.endpoint.refresh.ms = 3600000
	sasl.oauthbearer.jwks.endpoint.retry.backoff.max.ms = 10000
	sasl.oauthbearer.jwks.endpoint.retry.backoff.ms = 100
	sasl.oauthbearer.jwks.endpoint.url = null
	sasl.oauthbearer.scope.claim.name = scope
	sasl.oauthbearer.sub.claim.name = sub
	sasl.oauthbearer.token.endpoint.url = null
	security.protocol = PLAINTEXT
	security.providers = null
	send.buffer.bytes = 131072
	socket.connection.setup.timeout.max.ms = 30000
	socket.connection.setup.timeout.ms = 10000
	ssl.cipher.suites = null
	ssl.enabled.protocols = [TLSv1.2, TLSv1.3]
	ssl.endpoint.identification.algorithm = https
	ssl.engine.factory.class = null
	ssl.key.password = null
	ssl.keymanager.algorithm = SunX509
	ssl.keystore.certificate.chain = null
	ssl.keystore.key = null
	ssl.keystore.location = null
	ssl.keystore.password = null
	ssl.keystore.type = JKS
	ssl.protocol = TLSv1.3
	ssl.provider = null
	ssl.secure.random.implementation = null
	ssl.trustmanager.algorithm = PKIX
	ssl.truststore.certificates = null
	ssl.truststore.location = null
	ssl.truststore.password = null
	ssl.truststore.type = JKS
	transaction.timeout.ms = 60000
	transactional.id = null
	value.serializer = class io.apicurio.registry.serde.avro.AvroKafkaSerializer

2025-08-13 02:16:05,021 INFO  [org.apa.kaf.com.tel.int.KafkaMetricsCollector] (main) initializing Kafka metrics collector
2025-08-13 02:16:05,025 INFO  [org.apa.kaf.cli.pro.KafkaProducer] (main) [Producer clientId=Producer-topic-e34f7d83_5d91_4d5e_98d2_91329263f9af] Instantiated an idempotent producer.
2025-08-13 02:16:05,030 INFO  [org.apa.kaf.cli.pro.ProducerConfig] (main) These configurations '[apicurio.registry.find-latest, apicurio.registry.artifact.group-id, apicurio.registry.url, apicurio.registry.artifact-resolver-strategy]' were supplied but are not used yet.
2025-08-13 02:16:05,030 INFO  [org.apa.kaf.com.uti.AppInfoParser] (main) Kafka version: 3.9.1
2025-08-13 02:16:05,030 INFO  [org.apa.kaf.com.uti.AppInfoParser] (main) Kafka commitId: f745dfdcee2b9851
2025-08-13 02:16:05,030 INFO  [org.apa.kaf.com.uti.AppInfoParser] (main) Kafka startTimeMs: 1755051365030
2025-08-13 02:16:05,030 INFO  [io.api.tes.ser.api.SimpleSerdesTesterBuilder$SimpleSerdesTester] (main) Using producer configuration: {apicurio.registry.find-latest=true, apicurio.registry.artifact.group-id=topic-e34f7d83_5d91_4d5e_98d2_91329263f9af, apicurio.registry.url=http://registry-app-mysql.apps.ci419.apicurio-testing.org:80/apis/registry/v3, apicurio.registry.artifact-resolver-strategy=io.apicurio.registry.serde.strategy.SimpleTopicIdStrategy, value.serializer=io.apicurio.registry.serde.avro.AvroKafkaSerializer, request.timeout.ms=5000, acks=all, bootstrap.servers=PLAINTEXT://localhost:32769, connections.max.idle.ms=10000, key.serializer=org.apache.kafka.common.serialization.StringSerializer, client.id=Producer-topic-e34f7d83_5d91_4d5e_98d2_91329263f9af}
2025-08-13 02:16:05,030 INFO  [io.api.tes.ser.api.SimpleSerdesTesterBuilder$SimpleSerdesTester] (main) Using consumer configuration: {}
2025-08-13 02:16:05,032 INFO  [io.api.tes.ser.api.KafkaSerdesTester] (Thread-606) Sending message {"key11755051363951": "value-0"} to topic topic-e34f7d83_5d91_4d5e_98d2_91329263f9af
2025-08-13 02:16:05,040 INFO  [org.apa.kaf.cli.Metadata] (kafka-producer-network-thread | Producer-topic-e34f7d83_5d91_4d5e_98d2_91329263f9af) [Producer clientId=Producer-topic-e34f7d83_5d91_4d5e_98d2_91329263f9af] Cluster ID: rLHX8X_xRIO734wjNEuI8w
2025-08-13 02:16:05,040 INFO  [org.apa.kaf.cli.pro.int.TransactionManager] (kafka-producer-network-thread | Producer-topic-e34f7d83_5d91_4d5e_98d2_91329263f9af) [Producer clientId=Producer-topic-e34f7d83_5d91_4d5e_98d2_91329263f9af] ProducerId set to 1 with epoch 0
2025-08-13 02:16:05,099 INFO  [io.api.tes.ser.api.KafkaSerdesTester] (Thread-606) Sending message {"key11755051363951": "value-1"} to topic topic-e34f7d83_5d91_4d5e_98d2_91329263f9af
2025-08-13 02:16:05,103 INFO  [io.api.tes.ser.api.KafkaSerdesTester] (Thread-606) Sending message {"key11755051363951": "value-2"} to topic topic-e34f7d83_5d91_4d5e_98d2_91329263f9af
2025-08-13 02:16:05,106 INFO  [io.api.tes.ser.api.KafkaSerdesTester] (Thread-606) Sending message {"key11755051363951": "value-3"} to topic topic-e34f7d83_5d91_4d5e_98d2_91329263f9af
2025-08-13 02:16:05,111 INFO  [io.api.tes.ser.api.KafkaSerdesTester] (Thread-606) Sending message {"key11755051363951": "value-4"} to topic topic-e34f7d83_5d91_4d5e_98d2_91329263f9af
2025-08-13 02:16:05,117 INFO  [io.api.tes.ser.api.KafkaSerdesTester] (Thread-606) Sending message {"key11755051363951": "value-5"} to topic topic-e34f7d83_5d91_4d5e_98d2_91329263f9af
2025-08-13 02:16:05,119 INFO  [io.api.tes.ser.api.KafkaSerdesTester] (Thread-606) Sending message {"key11755051363951": "value-6"} to topic topic-e34f7d83_5d91_4d5e_98d2_91329263f9af
2025-08-13 02:16:05,124 INFO  [io.api.tes.ser.api.KafkaSerdesTester] (Thread-606) Sending message {"key11755051363951": "value-7"} to topic topic-e34f7d83_5d91_4d5e_98d2_91329263f9af
2025-08-13 02:16:05,127 INFO  [io.api.tes.ser.api.KafkaSerdesTester] (Thread-606) Sending message {"key11755051363951": "value-8"} to topic topic-e34f7d83_5d91_4d5e_98d2_91329263f9af
2025-08-13 02:16:05,129 INFO  [io.api.tes.ser.api.KafkaSerdesTester] (Thread-606) Sending message {"key11755051363951": "value-9"} to topic topic-e34f7d83_5d91_4d5e_98d2_91329263f9af
2025-08-13 02:16:05,131 INFO  [io.api.tes.ser.api.KafkaSerdesTester] (Thread-606) Produced 10 messages
2025-08-13 02:16:05,132 INFO  [org.apa.kaf.cli.pro.KafkaProducer] (Thread-606) [Producer clientId=Producer-topic-e34f7d83_5d91_4d5e_98d2_91329263f9af] Closing the Kafka producer with timeoutMillis = 9223372036854775807 ms.
2025-08-13 02:16:05,136 INFO  [org.apa.kaf.com.met.Metrics] (Thread-606) Metrics scheduler closed
2025-08-13 02:16:05,137 INFO  [org.apa.kaf.com.met.Metrics] (Thread-606) Closing reporter org.apache.kafka.common.metrics.JmxReporter
2025-08-13 02:16:05,137 INFO  [org.apa.kaf.com.met.Metrics] (Thread-606) Closing reporter org.apache.kafka.common.telemetry.internals.ClientTelemetryReporter
2025-08-13 02:16:05,137 INFO  [org.apa.kaf.com.met.Metrics] (Thread-606) Metrics reporters closed
2025-08-13 02:16:05,137 INFO  [org.apa.kaf.com.uti.AppInfoParser] (Thread-606) App info kafka.producer for Producer-topic-e34f7d83_5d91_4d5e_98d2_91329263f9af unregistered
**** Registry Base URL: http://registry-app-mysql.apps.ci419.apicurio-testing.org:80
2025-08-13 02:16:05,140 INFO  [org.apa.kaf.cli.con.ConsumerConfig] (main) ConsumerConfig values: 
	allow.auto.create.topics = true
	auto.commit.interval.ms = 500
	auto.include.jmx.reporter = true
	auto.offset.reset = earliest
	bootstrap.servers = [PLAINTEXT://localhost:32769]
	check.crcs = true
	client.dns.lookup = use_all_dns_ips
	client.id = consumer-Consumer-topic-e34f7d83_5d91_4d5e_98d2_91329263f9af-2
	client.rack = 
	connections.max.idle.ms = 10000
	default.api.timeout.ms = 60000
	enable.auto.commit = true
	enable.metrics.push = true
	exclude.internal.topics = true
	fetch.max.bytes = 52428800
	fetch.max.wait.ms = 500
	fetch.min.bytes = 1
	group.id = Consumer-topic-e34f7d83_5d91_4d5e_98d2_91329263f9af
	group.instance.id = null
	group.protocol = classic
	group.remote.assignor = null
	heartbeat.interval.ms = 3000
	interceptor.classes = []
	internal.leave.group.on.close = true
	internal.throw.on.fetch.stable.offset.unsupported = false
	isolation.level = read_uncommitted
	key.deserializer = class org.apache.kafka.common.serialization.StringDeserializer
	max.partition.fetch.bytes = 1048576
	max.poll.interval.ms = 300000
	max.poll.records = 500
	metadata.max.age.ms = 300000
	metadata.recovery.strategy = none
	metric.reporters = []
	metrics.num.samples = 2
	metrics.recording.level = INFO
	metrics.sample.window.ms = 30000
	partition.assignment.strategy = [class org.apache.kafka.clients.consumer.RangeAssignor, class org.apache.kafka.clients.consumer.CooperativeStickyAssignor]
	receive.buffer.bytes = 65536
	reconnect.backoff.max.ms = 1000
	reconnect.backoff.ms = 50
	request.timeout.ms = 5000
	retry.backoff.max.ms = 1000
	retry.backoff.ms = 100
	sasl.client.callback.handler.class = null
	sasl.jaas.config = null
	sasl.kerberos.kinit.cmd = /usr/bin/kinit
	sasl.kerberos.min.time.before.relogin = 60000
	sasl.kerberos.service.name = null
	sasl.kerberos.ticket.renew.jitter = 0.05
	sasl.kerberos.ticket.renew.window.factor = 0.8
	sasl.login.callback.handler.class = null
	sasl.login.class = null
	sasl.login.connect.timeout.ms = null
	sasl.login.read.timeout.ms = null
	sasl.login.refresh.buffer.seconds = 300
	sasl.login.refresh.min.period.seconds = 60
	sasl.login.refresh.window.factor = 0.8
	sasl.login.refresh.window.jitter = 0.05
	sasl.login.retry.backoff.max.ms = 10000
	sasl.login.retry.backoff.ms = 100
	sasl.mechanism = GSSAPI
	sasl.oauthbearer.clock.skew.seconds = 30
	sasl.oauthbearer.expected.audience = null
	sasl.oauthbearer.expected.issuer = null
	sasl.oauthbearer.header.urlencode = false
	sasl.oauthbearer.jwks.endpoint.refresh.ms = 3600000
	sasl.oauthbearer.jwks.endpoint.retry.backoff.max.ms = 10000
	sasl.oauthbearer.jwks.endpoint.retry.backoff.ms = 100
	sasl.oauthbearer.jwks.endpoint.url = null
	sasl.oauthbearer.scope.claim.name = scope
	sasl.oauthbearer.sub.claim.name = sub
	sasl.oauthbearer.token.endpoint.url = null
	security.protocol = PLAINTEXT
	security.providers = null
	send.buffer.bytes = 131072
	session.timeout.ms = 45000
	socket.connection.setup.timeout.max.ms = 30000
	socket.connection.setup.timeout.ms = 10000
	ssl.cipher.suites = null
	ssl.enabled.protocols = [TLSv1.2, TLSv1.3]
	ssl.endpoint.identification.algorithm = https
	ssl.engine.factory.class = null
	ssl.key.password = null
	ssl.keymanager.algorithm = SunX509
	ssl.keystore.certificate.chain = null
	ssl.keystore.key = null
	ssl.keystore.location = null
	ssl.keystore.password = null
	ssl.keystore.type = JKS
	ssl.protocol = TLSv1.3
	ssl.provider = null
	ssl.secure.random.implementation = null
	ssl.trustmanager.algorithm = PKIX
	ssl.truststore.certificates = null
	ssl.truststore.location = null
	ssl.truststore.password = null
	ssl.truststore.type = JKS
	value.deserializer = class io.apicurio.registry.serde.avro.AvroKafkaDeserializer

2025-08-13 02:16:05,140 INFO  [org.apa.kaf.com.tel.int.KafkaMetricsCollector] (main) initializing Kafka metrics collector
2025-08-13 02:16:05,155 INFO  [org.apa.kaf.cli.con.ConsumerConfig] (main) These configurations '[apicurio.registry.url]' were supplied but are not used yet.
2025-08-13 02:16:05,155 INFO  [org.apa.kaf.com.uti.AppInfoParser] (main) Kafka version: 3.9.1
2025-08-13 02:16:05,155 INFO  [org.apa.kaf.com.uti.AppInfoParser] (main) Kafka commitId: f745dfdcee2b9851
2025-08-13 02:16:05,155 INFO  [org.apa.kaf.com.uti.AppInfoParser] (main) Kafka startTimeMs: 1755051365155
2025-08-13 02:16:05,157 INFO  [org.apa.kaf.cli.con.int.ClassicKafkaConsumer] (Thread-609) [Consumer clientId=consumer-Consumer-topic-e34f7d83_5d91_4d5e_98d2_91329263f9af-2, groupId=Consumer-topic-e34f7d83_5d91_4d5e_98d2_91329263f9af] Subscribed to topic(s): topic-e34f7d83_5d91_4d5e_98d2_91329263f9af
2025-08-13 02:16:05,164 INFO  [org.apa.kaf.cli.Metadata] (Thread-609) [Consumer clientId=consumer-Consumer-topic-e34f7d83_5d91_4d5e_98d2_91329263f9af-2, groupId=Consumer-topic-e34f7d83_5d91_4d5e_98d2_91329263f9af] Cluster ID: rLHX8X_xRIO734wjNEuI8w
2025-08-13 02:16:05,165 INFO  [org.apa.kaf.cli.con.int.ConsumerCoordinator] (Thread-609) [Consumer clientId=consumer-Consumer-topic-e34f7d83_5d91_4d5e_98d2_91329263f9af-2, groupId=Consumer-topic-e34f7d83_5d91_4d5e_98d2_91329263f9af] Discovered group coordinator localhost:32769 (id: 2147483647 rack: null)
2025-08-13 02:16:05,169 INFO  [org.apa.kaf.cli.con.int.ConsumerCoordinator] (Thread-609) [Consumer clientId=consumer-Consumer-topic-e34f7d83_5d91_4d5e_98d2_91329263f9af-2, groupId=Consumer-topic-e34f7d83_5d91_4d5e_98d2_91329263f9af] (Re-)joining group
2025-08-13 02:16:05,173 INFO  [org.apa.kaf.cli.con.int.ConsumerCoordinator] (Thread-609) [Consumer clientId=consumer-Consumer-topic-e34f7d83_5d91_4d5e_98d2_91329263f9af-2, groupId=Consumer-topic-e34f7d83_5d91_4d5e_98d2_91329263f9af] Request joining group due to: need to re-join with the given member-id: consumer-Consumer-topic-e34f7d83_5d91_4d5e_98d2_91329263f9af-2-217cabf7-edae-4ca8-b2ed-32f773a62961
2025-08-13 02:16:05,174 INFO  [org.apa.kaf.cli.con.int.ConsumerCoordinator] (Thread-609) [Consumer clientId=consumer-Consumer-topic-e34f7d83_5d91_4d5e_98d2_91329263f9af-2, groupId=Consumer-topic-e34f7d83_5d91_4d5e_98d2_91329263f9af] (Re-)joining group
2025-08-13 02:16:06,157 INFO  [io.api.tes.ser.api.KafkaSerdesTester] (Thread-609) None found
2025-08-13 02:16:07,158 INFO  [io.api.tes.ser.api.KafkaSerdesTester] (Thread-609) None found
2025-08-13 02:16:08,159 INFO  [io.api.tes.ser.api.KafkaSerdesTester] (Thread-609) None found
2025-08-13 02:16:08,177 INFO  [org.apa.kaf.cli.con.int.ConsumerCoordinator] (Thread-609) [Consumer clientId=consumer-Consumer-topic-e34f7d83_5d91_4d5e_98d2_91329263f9af-2, groupId=Consumer-topic-e34f7d83_5d91_4d5e_98d2_91329263f9af] Successfully joined group with generation Generation{generationId=1, memberId='consumer-Consumer-topic-e34f7d83_5d91_4d5e_98d2_91329263f9af-2-217cabf7-edae-4ca8-b2ed-32f773a62961', protocol='range'}
2025-08-13 02:16:08,177 INFO  [org.apa.kaf.cli.con.int.ConsumerCoordinator] (Thread-609) [Consumer clientId=consumer-Consumer-topic-e34f7d83_5d91_4d5e_98d2_91329263f9af-2, groupId=Consumer-topic-e34f7d83_5d91_4d5e_98d2_91329263f9af] Finished assignment for group at generation 1: {consumer-Consumer-topic-e34f7d83_5d91_4d5e_98d2_91329263f9af-2-217cabf7-edae-4ca8-b2ed-32f773a62961=Assignment(partitions=[topic-e34f7d83_5d91_4d5e_98d2_91329263f9af-0])}
2025-08-13 02:16:08,184 INFO  [org.apa.kaf.cli.con.int.ConsumerCoordinator] (Thread-609) [Consumer clientId=consumer-Consumer-topic-e34f7d83_5d91_4d5e_98d2_91329263f9af-2, groupId=Consumer-topic-e34f7d83_5d91_4d5e_98d2_91329263f9af] Successfully synced group in generation Generation{generationId=1, memberId='consumer-Consumer-topic-e34f7d83_5d91_4d5e_98d2_91329263f9af-2-217cabf7-edae-4ca8-b2ed-32f773a62961', protocol='range'}
2025-08-13 02:16:08,185 INFO  [org.apa.kaf.cli.con.int.ConsumerCoordinator] (Thread-609) [Consumer clientId=consumer-Consumer-topic-e34f7d83_5d91_4d5e_98d2_91329263f9af-2, groupId=Consumer-topic-e34f7d83_5d91_4d5e_98d2_91329263f9af] Notifying assignor about the new Assignment(partitions=[topic-e34f7d83_5d91_4d5e_98d2_91329263f9af-0])
2025-08-13 02:16:08,185 INFO  [org.apa.kaf.cli.con.int.ConsumerRebalanceListenerInvoker] (Thread-609) [Consumer clientId=consumer-Consumer-topic-e34f7d83_5d91_4d5e_98d2_91329263f9af-2, groupId=Consumer-topic-e34f7d83_5d91_4d5e_98d2_91329263f9af] Adding newly assigned partitions: topic-e34f7d83_5d91_4d5e_98d2_91329263f9af-0
2025-08-13 02:16:08,186 INFO  [org.apa.kaf.cli.con.int.ConsumerCoordinator] (Thread-609) [Consumer clientId=consumer-Consumer-topic-e34f7d83_5d91_4d5e_98d2_91329263f9af-2, groupId=Consumer-topic-e34f7d83_5d91_4d5e_98d2_91329263f9af] Found no committed offset for partition topic-e34f7d83_5d91_4d5e_98d2_91329263f9af-0
2025-08-13 02:16:08,196 INFO  [org.apa.kaf.cli.con.int.SubscriptionState] (Thread-609) [Consumer clientId=consumer-Consumer-topic-e34f7d83_5d91_4d5e_98d2_91329263f9af-2, groupId=Consumer-topic-e34f7d83_5d91_4d5e_98d2_91329263f9af] Resetting offset for partition topic-e34f7d83_5d91_4d5e_98d2_91329263f9af-0 to position FetchPosition{offset=0, offsetEpoch=Optional.empty, currentLeader=LeaderAndEpoch{leader=Optional[localhost:32769 (id: 0 rack: null)], epoch=0}}.
2025-08-13 02:16:08,235 INFO  [io.api.tes.ser.api.KafkaSerdesTester] (Thread-609) topic-e34f7d83_5d91_4d5e_98d2_91329263f9af 0 0 {"key11755051363951": "value-0"}
2025-08-13 02:16:08,235 INFO  [io.api.tes.ser.api.KafkaSerdesTester] (Thread-609) topic-e34f7d83_5d91_4d5e_98d2_91329263f9af 0 1 {"key11755051363951": "value-1"}
2025-08-13 02:16:08,235 INFO  [io.api.tes.ser.api.KafkaSerdesTester] (Thread-609) topic-e34f7d83_5d91_4d5e_98d2_91329263f9af 0 2 {"key11755051363951": "value-2"}
2025-08-13 02:16:08,236 INFO  [io.api.tes.ser.api.KafkaSerdesTester] (Thread-609) topic-e34f7d83_5d91_4d5e_98d2_91329263f9af 0 3 {"key11755051363951": "value-3"}
2025-08-13 02:16:08,236 INFO  [io.api.tes.ser.api.KafkaSerdesTester] (Thread-609) topic-e34f7d83_5d91_4d5e_98d2_91329263f9af 0 4 {"key11755051363951": "value-4"}
2025-08-13 02:16:08,236 INFO  [io.api.tes.ser.api.KafkaSerdesTester] (Thread-609) topic-e34f7d83_5d91_4d5e_98d2_91329263f9af 0 5 {"key11755051363951": "value-5"}
2025-08-13 02:16:08,236 INFO  [io.api.tes.ser.api.KafkaSerdesTester] (Thread-609) topic-e34f7d83_5d91_4d5e_98d2_91329263f9af 0 6 {"key11755051363951": "value-6"}
2025-08-13 02:16:08,236 INFO  [io.api.tes.ser.api.KafkaSerdesTester] (Thread-609) topic-e34f7d83_5d91_4d5e_98d2_91329263f9af 0 7 {"key11755051363951": "value-7"}
2025-08-13 02:16:08,237 INFO  [io.api.tes.ser.api.KafkaSerdesTester] (Thread-609) topic-e34f7d83_5d91_4d5e_98d2_91329263f9af 0 8 {"key11755051363951": "value-8"}
2025-08-13 02:16:08,237 INFO  [io.api.tes.ser.api.KafkaSerdesTester] (Thread-609) topic-e34f7d83_5d91_4d5e_98d2_91329263f9af 0 9 {"key11755051363951": "value-9"}
2025-08-13 02:16:08,237 INFO  [io.api.tes.ser.api.KafkaSerdesTester] (Thread-609) Consumed 10 messages
2025-08-13 02:16:08,244 INFO  [org.apa.kaf.cli.con.int.ConsumerRebalanceListenerInvoker] (Thread-609) [Consumer clientId=consumer-Consumer-topic-e34f7d83_5d91_4d5e_98d2_91329263f9af-2, groupId=Consumer-topic-e34f7d83_5d91_4d5e_98d2_91329263f9af] Revoke previously assigned partitions topic-e34f7d83_5d91_4d5e_98d2_91329263f9af-0
2025-08-13 02:16:08,245 INFO  [org.apa.kaf.cli.con.int.ConsumerCoordinator] (Thread-609) [Consumer clientId=consumer-Consumer-topic-e34f7d83_5d91_4d5e_98d2_91329263f9af-2, groupId=Consumer-topic-e34f7d83_5d91_4d5e_98d2_91329263f9af] Member consumer-Consumer-topic-e34f7d83_5d91_4d5e_98d2_91329263f9af-2-217cabf7-edae-4ca8-b2ed-32f773a62961 sending LeaveGroup request to coordinator localhost:32769 (id: 2147483647 rack: null) due to the consumer is being closed
2025-08-13 02:16:08,245 INFO  [org.apa.kaf.cli.con.int.ConsumerCoordinator] (Thread-609) [Consumer clientId=consumer-Consumer-topic-e34f7d83_5d91_4d5e_98d2_91329263f9af-2, groupId=Consumer-topic-e34f7d83_5d91_4d5e_98d2_91329263f9af] Resetting generation and member id due to: consumer pro-actively leaving the group
2025-08-13 02:16:08,245 INFO  [org.apa.kaf.cli.con.int.ConsumerCoordinator] (Thread-609) [Consumer clientId=consumer-Consumer-topic-e34f7d83_5d91_4d5e_98d2_91329263f9af-2, groupId=Consumer-topic-e34f7d83_5d91_4d5e_98d2_91329263f9af] Request joining group due to: consumer pro-actively leaving the group
2025-08-13 02:16:08,739 INFO  [org.apa.kaf.com.met.Metrics] (Thread-609) Metrics scheduler closed
2025-08-13 02:16:08,739 INFO  [org.apa.kaf.com.met.Metrics] (Thread-609) Closing reporter org.apache.kafka.common.metrics.JmxReporter
2025-08-13 02:16:08,739 INFO  [org.apa.kaf.com.met.Metrics] (Thread-609) Closing reporter org.apache.kafka.common.telemetry.internals.ClientTelemetryReporter
2025-08-13 02:16:08,740 INFO  [org.apa.kaf.com.met.Metrics] (Thread-609) Metrics reporters closed
2025-08-13 02:16:08,748 INFO  [org.apa.kaf.com.uti.AppInfoParser] (Thread-609) App info kafka.consumer for consumer-Consumer-topic-e34f7d83_5d91_4d5e_98d2_91329263f9af-2 unregistered
2025-08-13 02:16:08,749 INFO  [io.api.tes.uti.TestSeparator] (main) io.apicurio.tests.serdes.apicurio.AvroSerdeIT.testSimpleTopicIdStrategyFindLatest-FINISHED
2025-08-13 02:16:08,749 INFO  [io.api.tes.uti.TestSeparator] (main) ############################################################################
Test passed: testSimpleTopicIdStrategyFindLatest
]]></system-out>
  </testcase>
  <testcase name="testWrongSchema" classname="io.apicurio.tests.serdes.apicurio.AvroSerdeIT" time="1.132">
    <system-out><![CDATA[2025-08-13 02:16:08,750 INFO  [io.api.tes.uti.TestSeparator] (main) ############################################################################
2025-08-13 02:16:08,750 INFO  [io.api.tes.uti.TestSeparator] (main) io.apicurio.tests.serdes.apicurio.AvroSerdeIT.testWrongSchema-STARTED
**** Registry Base URL: http://registry-app-mysql.apps.ci419.apicurio-testing.org:80
2025-08-13 02:16:09,821 INFO  [org.apa.kaf.cli.pro.ProducerConfig] (main) ProducerConfig values: 
	acks = -1
	auto.include.jmx.reporter = true
	batch.size = 16384
	bootstrap.servers = [PLAINTEXT://localhost:32769]
	buffer.memory = 33554432
	client.dns.lookup = use_all_dns_ips
	client.id = Producer-s7e604785x58d7x46a9xbe84x3974651498f5
	compression.gzip.level = -1
	compression.lz4.level = 9
	compression.type = none
	compression.zstd.level = 3
	connections.max.idle.ms = 10000
	delivery.timeout.ms = 120000
	enable.idempotence = true
	enable.metrics.push = true
	interceptor.classes = []
	key.serializer = class org.apache.kafka.common.serialization.StringSerializer
	linger.ms = 0
	max.block.ms = 60000
	max.in.flight.requests.per.connection = 5
	max.request.size = 1048576
	metadata.max.age.ms = 300000
	metadata.max.idle.ms = 300000
	metadata.recovery.strategy = none
	metric.reporters = []
	metrics.num.samples = 2
	metrics.recording.level = INFO
	metrics.sample.window.ms = 30000
	partitioner.adaptive.partitioning.enable = true
	partitioner.availability.timeout.ms = 0
	partitioner.class = null
	partitioner.ignore.keys = false
	receive.buffer.bytes = 32768
	reconnect.backoff.max.ms = 1000
	reconnect.backoff.ms = 50
	request.timeout.ms = 5000
	retries = 2147483647
	retry.backoff.max.ms = 1000
	retry.backoff.ms = 100
	sasl.client.callback.handler.class = null
	sasl.jaas.config = null
	sasl.kerberos.kinit.cmd = /usr/bin/kinit
	sasl.kerberos.min.time.before.relogin = 60000
	sasl.kerberos.service.name = null
	sasl.kerberos.ticket.renew.jitter = 0.05
	sasl.kerberos.ticket.renew.window.factor = 0.8
	sasl.login.callback.handler.class = null
	sasl.login.class = null
	sasl.login.connect.timeout.ms = null
	sasl.login.read.timeout.ms = null
	sasl.login.refresh.buffer.seconds = 300
	sasl.login.refresh.min.period.seconds = 60
	sasl.login.refresh.window.factor = 0.8
	sasl.login.refresh.window.jitter = 0.05
	sasl.login.retry.backoff.max.ms = 10000
	sasl.login.retry.backoff.ms = 100
	sasl.mechanism = GSSAPI
	sasl.oauthbearer.clock.skew.seconds = 30
	sasl.oauthbearer.expected.audience = null
	sasl.oauthbearer.expected.issuer = null
	sasl.oauthbearer.header.urlencode = false
	sasl.oauthbearer.jwks.endpoint.refresh.ms = 3600000
	sasl.oauthbearer.jwks.endpoint.retry.backoff.max.ms = 10000
	sasl.oauthbearer.jwks.endpoint.retry.backoff.ms = 100
	sasl.oauthbearer.jwks.endpoint.url = null
	sasl.oauthbearer.scope.claim.name = scope
	sasl.oauthbearer.sub.claim.name = sub
	sasl.oauthbearer.token.endpoint.url = null
	security.protocol = PLAINTEXT
	security.providers = null
	send.buffer.bytes = 131072
	socket.connection.setup.timeout.max.ms = 30000
	socket.connection.setup.timeout.ms = 10000
	ssl.cipher.suites = null
	ssl.enabled.protocols = [TLSv1.2, TLSv1.3]
	ssl.endpoint.identification.algorithm = https
	ssl.engine.factory.class = null
	ssl.key.password = null
	ssl.keymanager.algorithm = SunX509
	ssl.keystore.certificate.chain = null
	ssl.keystore.key = null
	ssl.keystore.location = null
	ssl.keystore.password = null
	ssl.keystore.type = JKS
	ssl.protocol = TLSv1.3
	ssl.provider = null
	ssl.secure.random.implementation = null
	ssl.trustmanager.algorithm = PKIX
	ssl.truststore.certificates = null
	ssl.truststore.location = null
	ssl.truststore.password = null
	ssl.truststore.type = JKS
	transaction.timeout.ms = 60000
	transactional.id = null
	value.serializer = class io.apicurio.registry.serde.avro.AvroKafkaSerializer

2025-08-13 02:16:09,821 INFO  [org.apa.kaf.com.tel.int.KafkaMetricsCollector] (main) initializing Kafka metrics collector
2025-08-13 02:16:09,825 INFO  [org.apa.kaf.cli.pro.KafkaProducer] (main) [Producer clientId=Producer-s7e604785x58d7x46a9xbe84x3974651498f5] Instantiated an idempotent producer.
2025-08-13 02:16:09,829 INFO  [org.apa.kaf.cli.pro.ProducerConfig] (main) These configurations '[apicurio.registry.find-latest, apicurio.registry.url, apicurio.registry.artifact-resolver-strategy]' were supplied but are not used yet.
2025-08-13 02:16:09,831 INFO  [org.apa.kaf.com.uti.AppInfoParser] (main) Kafka version: 3.9.1
2025-08-13 02:16:09,832 INFO  [org.apa.kaf.com.uti.AppInfoParser] (main) Kafka commitId: f745dfdcee2b9851
2025-08-13 02:16:09,832 INFO  [org.apa.kaf.com.uti.AppInfoParser] (main) Kafka startTimeMs: 1755051369829
2025-08-13 02:16:09,835 INFO  [io.api.tes.ser.api.KafkaSerdesTester] (Thread-612) Sending message {"keyB": "value-0"} to topic s7e604785x58d7x46a9xbe84x3974651498f5
2025-08-13 02:16:09,840 INFO  [org.apa.kaf.cli.Metadata] (kafka-producer-network-thread | Producer-s7e604785x58d7x46a9xbe84x3974651498f5) [Producer clientId=Producer-s7e604785x58d7x46a9xbe84x3974651498f5] Cluster ID: rLHX8X_xRIO734wjNEuI8w
2025-08-13 02:16:09,841 INFO  [org.apa.kaf.cli.pro.int.TransactionManager] (kafka-producer-network-thread | Producer-s7e604785x58d7x46a9xbe84x3974651498f5) [Producer clientId=Producer-s7e604785x58d7x46a9xbe84x3974651498f5] ProducerId set to 2 with epoch 0
2025-08-13 02:16:09,876 INFO  [org.apa.kaf.cli.pro.KafkaProducer] (Thread-612) [Producer clientId=Producer-s7e604785x58d7x46a9xbe84x3974651498f5] Closing the Kafka producer with timeoutMillis = 9223372036854775807 ms.
2025-08-13 02:16:09,880 INFO  [org.apa.kaf.com.met.Metrics] (Thread-612) Metrics scheduler closed
2025-08-13 02:16:09,880 INFO  [org.apa.kaf.com.met.Metrics] (Thread-612) Closing reporter org.apache.kafka.common.metrics.JmxReporter
2025-08-13 02:16:09,880 INFO  [org.apa.kaf.com.met.Metrics] (Thread-612) Closing reporter org.apache.kafka.common.telemetry.internals.ClientTelemetryReporter
2025-08-13 02:16:09,880 INFO  [org.apa.kaf.com.met.Metrics] (Thread-612) Metrics reporters closed
2025-08-13 02:16:09,880 INFO  [org.apa.kaf.com.uti.AppInfoParser] (Thread-612) App info kafka.producer for Producer-s7e604785x58d7x46a9xbe84x3974651498f5 unregistered
2025-08-13 02:16:09,882 INFO  [io.api.tes.uti.TestSeparator] (main) io.apicurio.tests.serdes.apicurio.AvroSerdeIT.testWrongSchema-FINISHED
2025-08-13 02:16:09,882 INFO  [io.api.tes.uti.TestSeparator] (main) ############################################################################
Test passed: testWrongSchema
]]></system-out>
    <system-err><![CDATA[io.apicurio.registry.rest.client.models.ProblemDetails
	at io.apicurio.registry.rest.client.models.ProblemDetails.createFromDiscriminatorValue(ProblemDetails.java:58)
	at io.kiota.serialization.json.JsonParseNode.getObjectValue(JsonParseNode.java:247)
	at io.kiota.http.vertx.VertXRequestAdapter.lambda$throwIfFailedResponse$0(VertXRequestAdapter.java:400)
	at com.microsoft.kiota.ApiExceptionBuilder.<init>(ApiExceptionBuilder.java:26)
	at io.kiota.http.vertx.VertXRequestAdapter.throwIfFailedResponse(VertXRequestAdapter.java:399)
	at io.kiota.http.vertx.VertXRequestAdapter.send(VertXRequestAdapter.java:170)
	at io.apicurio.registry.rest.client.groups.item.artifacts.item.versions.item.WithVersionExpressionItemRequestBuilder.get(WithVersionExpressionItemRequestBuilder.java:128)
	at io.apicurio.registry.rest.client.groups.item.artifacts.item.versions.item.WithVersionExpressionItemRequestBuilder.get(WithVersionExpressionItemRequestBuilder.java:111)
	at io.apicurio.registry.resolver.client.RegistryClientFacadeImpl.getVersionCoordinatesByGAV(RegistryClientFacadeImpl.java:159)
	at io.apicurio.registry.resolver.DefaultSchemaResolver.resolveByCoordinates(DefaultSchemaResolver.java:352)
	at io.apicurio.registry.resolver.DefaultSchemaResolver.lambda$resolveSchemaByArtifactReferenceCached$6(DefaultSchemaResolver.java:340)
	at io.apicurio.registry.resolver.cache.ERCache.lambda$getValue$0(ERCache.java:174)
	at io.apicurio.registry.resolver.cache.ERCache.retry(ERCache.java:227)
	at io.apicurio.registry.resolver.cache.ERCache.getValue(ERCache.java:173)
	at io.apicurio.registry.resolver.cache.ERCache.getByArtifactCoordinates(ERCache.java:158)
	at io.apicurio.registry.resolver.DefaultSchemaResolver.resolveSchemaByArtifactReferenceCached(DefaultSchemaResolver.java:338)
	at io.apicurio.registry.resolver.DefaultSchemaResolver.resolveSchemaByCoordinates(DefaultSchemaResolver.java:193)
	at io.apicurio.registry.resolver.DefaultSchemaResolver.getSchemaFromRegistry(DefaultSchemaResolver.java:130)
	at io.apicurio.registry.resolver.DefaultSchemaResolver.lambda$resolveSchema$0(DefaultSchemaResolver.java:84)
	at java.base/java.util.Optional.orElseGet(Optional.java:364)
	at io.apicurio.registry.resolver.DefaultSchemaResolver.resolveSchema(DefaultSchemaResolver.java:84)
	at io.apicurio.registry.serde.AbstractSerializer.serializeData(AbstractSerializer.java:62)
	at io.apicurio.registry.serde.KafkaSerializer.serialize(KafkaSerializer.java:77)
	at org.apache.kafka.clients.producer.KafkaProducer.doSend(KafkaProducer.java:1046)
	at org.apache.kafka.clients.producer.KafkaProducer.send(KafkaProducer.java:993)
	at org.apache.kafka.clients.producer.KafkaProducer.send(KafkaProducer.java:875)
	at io.apicurio.tests.serdes.apicurio.KafkaSerdesTester.lambda$produceMessages$3(KafkaSerdesTester.java:138)
	at java.base/java.util.concurrent.CompletableFuture$AsyncSupply.run(CompletableFuture.java:1768)
	at java.base/java.lang.Thread.run(Thread.java:840)
]]></system-err>
  </testcase>
  <testcase name="testAvroJSON" classname="io.apicurio.tests.serdes.apicurio.AvroSerdeIT" time="3.87">
    <system-out><![CDATA[2025-08-13 02:16:09,884 INFO  [io.api.tes.uti.TestSeparator] (main) ############################################################################
2025-08-13 02:16:09,884 INFO  [io.api.tes.uti.TestSeparator] (main) io.apicurio.tests.serdes.apicurio.AvroSerdeIT.testAvroJSON-STARTED
**** Registry Base URL: http://registry-app-mysql.apps.ci419.apicurio-testing.org:80
2025-08-13 02:16:09,889 INFO  [org.apa.kaf.cli.pro.ProducerConfig] (main) ProducerConfig values: 
	acks = -1
	auto.include.jmx.reporter = true
	batch.size = 16384
	bootstrap.servers = [PLAINTEXT://localhost:32769]
	buffer.memory = 33554432
	client.dns.lookup = use_all_dns_ips
	client.id = Producer-topic-bfe2d6c4_525c_4fef_877c_70bd8f40c61d
	compression.gzip.level = -1
	compression.lz4.level = 9
	compression.type = none
	compression.zstd.level = 3
	connections.max.idle.ms = 10000
	delivery.timeout.ms = 120000
	enable.idempotence = true
	enable.metrics.push = true
	interceptor.classes = []
	key.serializer = class org.apache.kafka.common.serialization.StringSerializer
	linger.ms = 0
	max.block.ms = 60000
	max.in.flight.requests.per.connection = 5
	max.request.size = 1048576
	metadata.max.age.ms = 300000
	metadata.max.idle.ms = 300000
	metadata.recovery.strategy = none
	metric.reporters = []
	metrics.num.samples = 2
	metrics.recording.level = INFO
	metrics.sample.window.ms = 30000
	partitioner.adaptive.partitioning.enable = true
	partitioner.availability.timeout.ms = 0
	partitioner.class = null
	partitioner.ignore.keys = false
	receive.buffer.bytes = 32768
	reconnect.backoff.max.ms = 1000
	reconnect.backoff.ms = 50
	request.timeout.ms = 5000
	retries = 2147483647
	retry.backoff.max.ms = 1000
	retry.backoff.ms = 100
	sasl.client.callback.handler.class = null
	sasl.jaas.config = null
	sasl.kerberos.kinit.cmd = /usr/bin/kinit
	sasl.kerberos.min.time.before.relogin = 60000
	sasl.kerberos.service.name = null
	sasl.kerberos.ticket.renew.jitter = 0.05
	sasl.kerberos.ticket.renew.window.factor = 0.8
	sasl.login.callback.handler.class = null
	sasl.login.class = null
	sasl.login.connect.timeout.ms = null
	sasl.login.read.timeout.ms = null
	sasl.login.refresh.buffer.seconds = 300
	sasl.login.refresh.min.period.seconds = 60
	sasl.login.refresh.window.factor = 0.8
	sasl.login.refresh.window.jitter = 0.05
	sasl.login.retry.backoff.max.ms = 10000
	sasl.login.retry.backoff.ms = 100
	sasl.mechanism = GSSAPI
	sasl.oauthbearer.clock.skew.seconds = 30
	sasl.oauthbearer.expected.audience = null
	sasl.oauthbearer.expected.issuer = null
	sasl.oauthbearer.header.urlencode = false
	sasl.oauthbearer.jwks.endpoint.refresh.ms = 3600000
	sasl.oauthbearer.jwks.endpoint.retry.backoff.max.ms = 10000
	sasl.oauthbearer.jwks.endpoint.retry.backoff.ms = 100
	sasl.oauthbearer.jwks.endpoint.url = null
	sasl.oauthbearer.scope.claim.name = scope
	sasl.oauthbearer.sub.claim.name = sub
	sasl.oauthbearer.token.endpoint.url = null
	security.protocol = PLAINTEXT
	security.providers = null
	send.buffer.bytes = 131072
	socket.connection.setup.timeout.max.ms = 30000
	socket.connection.setup.timeout.ms = 10000
	ssl.cipher.suites = null
	ssl.enabled.protocols = [TLSv1.2, TLSv1.3]
	ssl.endpoint.identification.algorithm = https
	ssl.engine.factory.class = null
	ssl.key.password = null
	ssl.keymanager.algorithm = SunX509
	ssl.keystore.certificate.chain = null
	ssl.keystore.key = null
	ssl.keystore.location = null
	ssl.keystore.password = null
	ssl.keystore.type = JKS
	ssl.protocol = TLSv1.3
	ssl.provider = null
	ssl.secure.random.implementation = null
	ssl.trustmanager.algorithm = PKIX
	ssl.truststore.certificates = null
	ssl.truststore.location = null
	ssl.truststore.password = null
	ssl.truststore.type = JKS
	transaction.timeout.ms = 60000
	transactional.id = null
	value.serializer = class io.apicurio.registry.serde.avro.AvroKafkaSerializer

2025-08-13 02:16:09,889 INFO  [org.apa.kaf.com.tel.int.KafkaMetricsCollector] (main) initializing Kafka metrics collector
2025-08-13 02:16:09,900 INFO  [org.apa.kaf.cli.pro.KafkaProducer] (main) [Producer clientId=Producer-topic-bfe2d6c4_525c_4fef_877c_70bd8f40c61d] Instantiated an idempotent producer.
2025-08-13 02:16:09,908 INFO  [org.apa.kaf.cli.pro.ProducerConfig] (main) These configurations '[apicurio.registry.avro.encoding, apicurio.registry.url, apicurio.registry.auto-register, apicurio.registry.artifact-resolver-strategy]' were supplied but are not used yet.
2025-08-13 02:16:09,908 INFO  [org.apa.kaf.com.uti.AppInfoParser] (main) Kafka version: 3.9.1
2025-08-13 02:16:09,908 INFO  [org.apa.kaf.com.uti.AppInfoParser] (main) Kafka commitId: f745dfdcee2b9851
2025-08-13 02:16:09,908 INFO  [org.apa.kaf.com.uti.AppInfoParser] (main) Kafka startTimeMs: 1755051369908
2025-08-13 02:16:09,909 INFO  [io.api.tes.ser.api.SimpleSerdesTesterBuilder$SimpleSerdesTester] (main) Using producer configuration: {apicurio.registry.avro.encoding=JSON, apicurio.registry.url=http://registry-app-mysql.apps.ci419.apicurio-testing.org:80/apis/registry/v3, apicurio.registry.auto-register=true, apicurio.registry.artifact-resolver-strategy=io.apicurio.registry.serde.strategy.TopicIdStrategy, value.serializer=io.apicurio.registry.serde.avro.AvroKafkaSerializer, request.timeout.ms=5000, acks=all, bootstrap.servers=PLAINTEXT://localhost:32769, connections.max.idle.ms=10000, key.serializer=org.apache.kafka.common.serialization.StringSerializer, client.id=Producer-topic-bfe2d6c4_525c_4fef_877c_70bd8f40c61d}
2025-08-13 02:16:09,909 INFO  [io.api.tes.ser.api.SimpleSerdesTesterBuilder$SimpleSerdesTester] (main) Using consumer configuration: {apicurio.registry.avro.encoding=JSON}
2025-08-13 02:16:09,913 INFO  [io.api.tes.ser.api.KafkaSerdesTester] (Thread-615) Sending message {"bar": "value-0"} to topic topic-bfe2d6c4_525c_4fef_877c_70bd8f40c61d
2025-08-13 02:16:09,913 INFO  [org.apa.kaf.cli.Metadata] (kafka-producer-network-thread | Producer-topic-bfe2d6c4_525c_4fef_877c_70bd8f40c61d) [Producer clientId=Producer-topic-bfe2d6c4_525c_4fef_877c_70bd8f40c61d] Cluster ID: rLHX8X_xRIO734wjNEuI8w
2025-08-13 02:16:09,913 INFO  [org.apa.kaf.cli.pro.int.TransactionManager] (kafka-producer-network-thread | Producer-topic-bfe2d6c4_525c_4fef_877c_70bd8f40c61d) [Producer clientId=Producer-topic-bfe2d6c4_525c_4fef_877c_70bd8f40c61d] ProducerId set to 3 with epoch 0
2025-08-13 02:16:09,925 WARN  [org.apa.kaf.cli.NetworkClient] (kafka-producer-network-thread | Producer-topic-bfe2d6c4_525c_4fef_877c_70bd8f40c61d) [Producer clientId=Producer-topic-bfe2d6c4_525c_4fef_877c_70bd8f40c61d] The metadata response from the cluster reported a recoverable issue with correlation id 5 : {topic-bfe2d6c4_525c_4fef_877c_70bd8f40c61d=UNKNOWN_TOPIC_OR_PARTITION}
2025-08-13 02:16:10,100 INFO  [io.api.tes.ser.api.KafkaSerdesTester] (Thread-615) Sending message {"bar": "value-1"} to topic topic-bfe2d6c4_525c_4fef_877c_70bd8f40c61d
2025-08-13 02:16:10,104 INFO  [io.api.tes.ser.api.KafkaSerdesTester] (Thread-615) Sending message {"bar": "value-2"} to topic topic-bfe2d6c4_525c_4fef_877c_70bd8f40c61d
2025-08-13 02:16:10,107 INFO  [io.api.tes.ser.api.KafkaSerdesTester] (Thread-615) Sending message {"bar": "value-3"} to topic topic-bfe2d6c4_525c_4fef_877c_70bd8f40c61d
2025-08-13 02:16:10,109 INFO  [io.api.tes.ser.api.KafkaSerdesTester] (Thread-615) Sending message {"bar": "value-4"} to topic topic-bfe2d6c4_525c_4fef_877c_70bd8f40c61d
2025-08-13 02:16:10,112 INFO  [io.api.tes.ser.api.KafkaSerdesTester] (Thread-615) Sending message {"bar": "value-5"} to topic topic-bfe2d6c4_525c_4fef_877c_70bd8f40c61d
2025-08-13 02:16:10,115 INFO  [io.api.tes.ser.api.KafkaSerdesTester] (Thread-615) Sending message {"bar": "value-6"} to topic topic-bfe2d6c4_525c_4fef_877c_70bd8f40c61d
2025-08-13 02:16:10,117 INFO  [io.api.tes.ser.api.KafkaSerdesTester] (Thread-615) Sending message {"bar": "value-7"} to topic topic-bfe2d6c4_525c_4fef_877c_70bd8f40c61d
2025-08-13 02:16:10,119 INFO  [io.api.tes.ser.api.KafkaSerdesTester] (Thread-615) Sending message {"bar": "value-8"} to topic topic-bfe2d6c4_525c_4fef_877c_70bd8f40c61d
2025-08-13 02:16:10,121 INFO  [io.api.tes.ser.api.KafkaSerdesTester] (Thread-615) Sending message {"bar": "value-9"} to topic topic-bfe2d6c4_525c_4fef_877c_70bd8f40c61d
2025-08-13 02:16:10,127 INFO  [io.api.tes.ser.api.KafkaSerdesTester] (Thread-615) Produced 10 messages
2025-08-13 02:16:10,127 INFO  [org.apa.kaf.cli.pro.KafkaProducer] (Thread-615) [Producer clientId=Producer-topic-bfe2d6c4_525c_4fef_877c_70bd8f40c61d] Closing the Kafka producer with timeoutMillis = 9223372036854775807 ms.
2025-08-13 02:16:10,131 INFO  [org.apa.kaf.com.met.Metrics] (Thread-615) Metrics scheduler closed
2025-08-13 02:16:10,131 INFO  [org.apa.kaf.com.met.Metrics] (Thread-615) Closing reporter org.apache.kafka.common.metrics.JmxReporter
2025-08-13 02:16:10,131 INFO  [org.apa.kaf.com.met.Metrics] (Thread-615) Closing reporter org.apache.kafka.common.telemetry.internals.ClientTelemetryReporter
2025-08-13 02:16:10,131 INFO  [org.apa.kaf.com.met.Metrics] (Thread-615) Metrics reporters closed
2025-08-13 02:16:10,132 INFO  [org.apa.kaf.com.uti.AppInfoParser] (Thread-615) App info kafka.producer for Producer-topic-bfe2d6c4_525c_4fef_877c_70bd8f40c61d unregistered
**** Registry Base URL: http://registry-app-mysql.apps.ci419.apicurio-testing.org:80
2025-08-13 02:16:10,163 INFO  [org.apa.kaf.cli.con.ConsumerConfig] (main) ConsumerConfig values: 
	allow.auto.create.topics = true
	auto.commit.interval.ms = 500
	auto.include.jmx.reporter = true
	auto.offset.reset = earliest
	bootstrap.servers = [PLAINTEXT://localhost:32769]
	check.crcs = true
	client.dns.lookup = use_all_dns_ips
	client.id = consumer-Consumer-topic-bfe2d6c4_525c_4fef_877c_70bd8f40c61d-3
	client.rack = 
	connections.max.idle.ms = 10000
	default.api.timeout.ms = 60000
	enable.auto.commit = true
	enable.metrics.push = true
	exclude.internal.topics = true
	fetch.max.bytes = 52428800
	fetch.max.wait.ms = 500
	fetch.min.bytes = 1
	group.id = Consumer-topic-bfe2d6c4_525c_4fef_877c_70bd8f40c61d
	group.instance.id = null
	group.protocol = classic
	group.remote.assignor = null
	heartbeat.interval.ms = 3000
	interceptor.classes = []
	internal.leave.group.on.close = true
	internal.throw.on.fetch.stable.offset.unsupported = false
	isolation.level = read_uncommitted
	key.deserializer = class org.apache.kafka.common.serialization.StringDeserializer
	max.partition.fetch.bytes = 1048576
	max.poll.interval.ms = 300000
	max.poll.records = 500
	metadata.max.age.ms = 300000
	metadata.recovery.strategy = none
	metric.reporters = []
	metrics.num.samples = 2
	metrics.recording.level = INFO
	metrics.sample.window.ms = 30000
	partition.assignment.strategy = [class org.apache.kafka.clients.consumer.RangeAssignor, class org.apache.kafka.clients.consumer.CooperativeStickyAssignor]
	receive.buffer.bytes = 65536
	reconnect.backoff.max.ms = 1000
	reconnect.backoff.ms = 50
	request.timeout.ms = 5000
	retry.backoff.max.ms = 1000
	retry.backoff.ms = 100
	sasl.client.callback.handler.class = null
	sasl.jaas.config = null
	sasl.kerberos.kinit.cmd = /usr/bin/kinit
	sasl.kerberos.min.time.before.relogin = 60000
	sasl.kerberos.service.name = null
	sasl.kerberos.ticket.renew.jitter = 0.05
	sasl.kerberos.ticket.renew.window.factor = 0.8
	sasl.login.callback.handler.class = null
	sasl.login.class = null
	sasl.login.connect.timeout.ms = null
	sasl.login.read.timeout.ms = null
	sasl.login.refresh.buffer.seconds = 300
	sasl.login.refresh.min.period.seconds = 60
	sasl.login.refresh.window.factor = 0.8
	sasl.login.refresh.window.jitter = 0.05
	sasl.login.retry.backoff.max.ms = 10000
	sasl.login.retry.backoff.ms = 100
	sasl.mechanism = GSSAPI
	sasl.oauthbearer.clock.skew.seconds = 30
	sasl.oauthbearer.expected.audience = null
	sasl.oauthbearer.expected.issuer = null
	sasl.oauthbearer.header.urlencode = false
	sasl.oauthbearer.jwks.endpoint.refresh.ms = 3600000
	sasl.oauthbearer.jwks.endpoint.retry.backoff.max.ms = 10000
	sasl.oauthbearer.jwks.endpoint.retry.backoff.ms = 100
	sasl.oauthbearer.jwks.endpoint.url = null
	sasl.oauthbearer.scope.claim.name = scope
	sasl.oauthbearer.sub.claim.name = sub
	sasl.oauthbearer.token.endpoint.url = null
	security.protocol = PLAINTEXT
	security.providers = null
	send.buffer.bytes = 131072
	session.timeout.ms = 45000
	socket.connection.setup.timeout.max.ms = 30000
	socket.connection.setup.timeout.ms = 10000
	ssl.cipher.suites = null
	ssl.enabled.protocols = [TLSv1.2, TLSv1.3]
	ssl.endpoint.identification.algorithm = https
	ssl.engine.factory.class = null
	ssl.key.password = null
	ssl.keymanager.algorithm = SunX509
	ssl.keystore.certificate.chain = null
	ssl.keystore.key = null
	ssl.keystore.location = null
	ssl.keystore.password = null
	ssl.keystore.type = JKS
	ssl.protocol = TLSv1.3
	ssl.provider = null
	ssl.secure.random.implementation = null
	ssl.trustmanager.algorithm = PKIX
	ssl.truststore.certificates = null
	ssl.truststore.location = null
	ssl.truststore.password = null
	ssl.truststore.type = JKS
	value.deserializer = class io.apicurio.registry.serde.avro.AvroKafkaDeserializer

2025-08-13 02:16:10,163 INFO  [org.apa.kaf.com.tel.int.KafkaMetricsCollector] (main) initializing Kafka metrics collector
2025-08-13 02:16:10,170 INFO  [org.apa.kaf.cli.con.ConsumerConfig] (main) These configurations '[apicurio.registry.avro.encoding, apicurio.registry.url]' were supplied but are not used yet.
2025-08-13 02:16:10,170 INFO  [org.apa.kaf.com.uti.AppInfoParser] (main) Kafka version: 3.9.1
2025-08-13 02:16:10,170 INFO  [org.apa.kaf.com.uti.AppInfoParser] (main) Kafka commitId: f745dfdcee2b9851
2025-08-13 02:16:10,170 INFO  [org.apa.kaf.com.uti.AppInfoParser] (main) Kafka startTimeMs: 1755051370170
2025-08-13 02:16:10,170 INFO  [org.apa.kaf.cli.con.int.ClassicKafkaConsumer] (Thread-618) [Consumer clientId=consumer-Consumer-topic-bfe2d6c4_525c_4fef_877c_70bd8f40c61d-3, groupId=Consumer-topic-bfe2d6c4_525c_4fef_877c_70bd8f40c61d] Subscribed to topic(s): topic-bfe2d6c4_525c_4fef_877c_70bd8f40c61d
2025-08-13 02:16:10,179 INFO  [org.apa.kaf.cli.Metadata] (Thread-618) [Consumer clientId=consumer-Consumer-topic-bfe2d6c4_525c_4fef_877c_70bd8f40c61d-3, groupId=Consumer-topic-bfe2d6c4_525c_4fef_877c_70bd8f40c61d] Cluster ID: rLHX8X_xRIO734wjNEuI8w
2025-08-13 02:16:10,181 INFO  [org.apa.kaf.cli.con.int.ConsumerCoordinator] (Thread-618) [Consumer clientId=consumer-Consumer-topic-bfe2d6c4_525c_4fef_877c_70bd8f40c61d-3, groupId=Consumer-topic-bfe2d6c4_525c_4fef_877c_70bd8f40c61d] Discovered group coordinator localhost:32769 (id: 2147483647 rack: null)
2025-08-13 02:16:10,185 INFO  [org.apa.kaf.cli.con.int.ConsumerCoordinator] (Thread-618) [Consumer clientId=consumer-Consumer-topic-bfe2d6c4_525c_4fef_877c_70bd8f40c61d-3, groupId=Consumer-topic-bfe2d6c4_525c_4fef_877c_70bd8f40c61d] (Re-)joining group
2025-08-13 02:16:10,188 INFO  [org.apa.kaf.cli.con.int.ConsumerCoordinator] (Thread-618) [Consumer clientId=consumer-Consumer-topic-bfe2d6c4_525c_4fef_877c_70bd8f40c61d-3, groupId=Consumer-topic-bfe2d6c4_525c_4fef_877c_70bd8f40c61d] Request joining group due to: need to re-join with the given member-id: consumer-Consumer-topic-bfe2d6c4_525c_4fef_877c_70bd8f40c61d-3-af9d2f4c-e4fa-4060-a665-30a13bc9a4a5
2025-08-13 02:16:10,188 INFO  [org.apa.kaf.cli.con.int.ConsumerCoordinator] (Thread-618) [Consumer clientId=consumer-Consumer-topic-bfe2d6c4_525c_4fef_877c_70bd8f40c61d-3, groupId=Consumer-topic-bfe2d6c4_525c_4fef_877c_70bd8f40c61d] (Re-)joining group
2025-08-13 02:16:11,172 INFO  [io.api.tes.ser.api.KafkaSerdesTester] (Thread-618) None found
2025-08-13 02:16:12,173 INFO  [io.api.tes.ser.api.KafkaSerdesTester] (Thread-618) None found
2025-08-13 02:16:13,174 INFO  [io.api.tes.ser.api.KafkaSerdesTester] (Thread-618) None found
2025-08-13 02:16:13,191 INFO  [org.apa.kaf.cli.con.int.ConsumerCoordinator] (Thread-618) [Consumer clientId=consumer-Consumer-topic-bfe2d6c4_525c_4fef_877c_70bd8f40c61d-3, groupId=Consumer-topic-bfe2d6c4_525c_4fef_877c_70bd8f40c61d] Successfully joined group with generation Generation{generationId=1, memberId='consumer-Consumer-topic-bfe2d6c4_525c_4fef_877c_70bd8f40c61d-3-af9d2f4c-e4fa-4060-a665-30a13bc9a4a5', protocol='range'}
2025-08-13 02:16:13,191 INFO  [org.apa.kaf.cli.con.int.ConsumerCoordinator] (Thread-618) [Consumer clientId=consumer-Consumer-topic-bfe2d6c4_525c_4fef_877c_70bd8f40c61d-3, groupId=Consumer-topic-bfe2d6c4_525c_4fef_877c_70bd8f40c61d] Finished assignment for group at generation 1: {consumer-Consumer-topic-bfe2d6c4_525c_4fef_877c_70bd8f40c61d-3-af9d2f4c-e4fa-4060-a665-30a13bc9a4a5=Assignment(partitions=[topic-bfe2d6c4_525c_4fef_877c_70bd8f40c61d-0])}
2025-08-13 02:16:13,198 INFO  [org.apa.kaf.cli.con.int.ConsumerCoordinator] (Thread-618) [Consumer clientId=consumer-Consumer-topic-bfe2d6c4_525c_4fef_877c_70bd8f40c61d-3, groupId=Consumer-topic-bfe2d6c4_525c_4fef_877c_70bd8f40c61d] Successfully synced group in generation Generation{generationId=1, memberId='consumer-Consumer-topic-bfe2d6c4_525c_4fef_877c_70bd8f40c61d-3-af9d2f4c-e4fa-4060-a665-30a13bc9a4a5', protocol='range'}
2025-08-13 02:16:13,199 INFO  [org.apa.kaf.cli.con.int.ConsumerCoordinator] (Thread-618) [Consumer clientId=consumer-Consumer-topic-bfe2d6c4_525c_4fef_877c_70bd8f40c61d-3, groupId=Consumer-topic-bfe2d6c4_525c_4fef_877c_70bd8f40c61d] Notifying assignor about the new Assignment(partitions=[topic-bfe2d6c4_525c_4fef_877c_70bd8f40c61d-0])
2025-08-13 02:16:13,199 INFO  [org.apa.kaf.cli.con.int.ConsumerRebalanceListenerInvoker] (Thread-618) [Consumer clientId=consumer-Consumer-topic-bfe2d6c4_525c_4fef_877c_70bd8f40c61d-3, groupId=Consumer-topic-bfe2d6c4_525c_4fef_877c_70bd8f40c61d] Adding newly assigned partitions: topic-bfe2d6c4_525c_4fef_877c_70bd8f40c61d-0
2025-08-13 02:16:13,200 INFO  [org.apa.kaf.cli.con.int.ConsumerCoordinator] (Thread-618) [Consumer clientId=consumer-Consumer-topic-bfe2d6c4_525c_4fef_877c_70bd8f40c61d-3, groupId=Consumer-topic-bfe2d6c4_525c_4fef_877c_70bd8f40c61d] Found no committed offset for partition topic-bfe2d6c4_525c_4fef_877c_70bd8f40c61d-0
2025-08-13 02:16:13,205 INFO  [org.apa.kaf.cli.con.int.SubscriptionState] (Thread-618) [Consumer clientId=consumer-Consumer-topic-bfe2d6c4_525c_4fef_877c_70bd8f40c61d-3, groupId=Consumer-topic-bfe2d6c4_525c_4fef_877c_70bd8f40c61d] Resetting offset for partition topic-bfe2d6c4_525c_4fef_877c_70bd8f40c61d-0 to position FetchPosition{offset=0, offsetEpoch=Optional.empty, currentLeader=LeaderAndEpoch{leader=Optional[localhost:32769 (id: 0 rack: null)], epoch=0}}.
2025-08-13 02:16:13,241 INFO  [io.api.tes.ser.api.KafkaSerdesTester] (Thread-618) topic-bfe2d6c4_525c_4fef_877c_70bd8f40c61d 0 0 {"bar": "value-0"}
2025-08-13 02:16:13,241 INFO  [io.api.tes.ser.api.KafkaSerdesTester] (Thread-618) topic-bfe2d6c4_525c_4fef_877c_70bd8f40c61d 0 1 {"bar": "value-1"}
2025-08-13 02:16:13,242 INFO  [io.api.tes.ser.api.KafkaSerdesTester] (Thread-618) topic-bfe2d6c4_525c_4fef_877c_70bd8f40c61d 0 2 {"bar": "value-2"}
2025-08-13 02:16:13,242 INFO  [io.api.tes.ser.api.KafkaSerdesTester] (Thread-618) topic-bfe2d6c4_525c_4fef_877c_70bd8f40c61d 0 3 {"bar": "value-3"}
2025-08-13 02:16:13,242 INFO  [io.api.tes.ser.api.KafkaSerdesTester] (Thread-618) topic-bfe2d6c4_525c_4fef_877c_70bd8f40c61d 0 4 {"bar": "value-4"}
2025-08-13 02:16:13,242 INFO  [io.api.tes.ser.api.KafkaSerdesTester] (Thread-618) topic-bfe2d6c4_525c_4fef_877c_70bd8f40c61d 0 5 {"bar": "value-5"}
2025-08-13 02:16:13,242 INFO  [io.api.tes.ser.api.KafkaSerdesTester] (Thread-618) topic-bfe2d6c4_525c_4fef_877c_70bd8f40c61d 0 6 {"bar": "value-6"}
2025-08-13 02:16:13,242 INFO  [io.api.tes.ser.api.KafkaSerdesTester] (Thread-618) topic-bfe2d6c4_525c_4fef_877c_70bd8f40c61d 0 7 {"bar": "value-7"}
2025-08-13 02:16:13,242 INFO  [io.api.tes.ser.api.KafkaSerdesTester] (Thread-618) topic-bfe2d6c4_525c_4fef_877c_70bd8f40c61d 0 8 {"bar": "value-8"}
2025-08-13 02:16:13,242 INFO  [io.api.tes.ser.api.KafkaSerdesTester] (Thread-618) topic-bfe2d6c4_525c_4fef_877c_70bd8f40c61d 0 9 {"bar": "value-9"}
2025-08-13 02:16:13,242 INFO  [io.api.tes.ser.api.KafkaSerdesTester] (Thread-618) Consumed 10 messages
2025-08-13 02:16:13,255 INFO  [org.apa.kaf.cli.con.int.ConsumerRebalanceListenerInvoker] (Thread-618) [Consumer clientId=consumer-Consumer-topic-bfe2d6c4_525c_4fef_877c_70bd8f40c61d-3, groupId=Consumer-topic-bfe2d6c4_525c_4fef_877c_70bd8f40c61d] Revoke previously assigned partitions topic-bfe2d6c4_525c_4fef_877c_70bd8f40c61d-0
2025-08-13 02:16:13,255 INFO  [org.apa.kaf.cli.con.int.ConsumerCoordinator] (Thread-618) [Consumer clientId=consumer-Consumer-topic-bfe2d6c4_525c_4fef_877c_70bd8f40c61d-3, groupId=Consumer-topic-bfe2d6c4_525c_4fef_877c_70bd8f40c61d] Member consumer-Consumer-topic-bfe2d6c4_525c_4fef_877c_70bd8f40c61d-3-af9d2f4c-e4fa-4060-a665-30a13bc9a4a5 sending LeaveGroup request to coordinator localhost:32769 (id: 2147483647 rack: null) due to the consumer is being closed
2025-08-13 02:16:13,255 INFO  [org.apa.kaf.cli.con.int.ConsumerCoordinator] (Thread-618) [Consumer clientId=consumer-Consumer-topic-bfe2d6c4_525c_4fef_877c_70bd8f40c61d-3, groupId=Consumer-topic-bfe2d6c4_525c_4fef_877c_70bd8f40c61d] Resetting generation and member id due to: consumer pro-actively leaving the group
2025-08-13 02:16:13,255 INFO  [org.apa.kaf.cli.con.int.ConsumerCoordinator] (Thread-618) [Consumer clientId=consumer-Consumer-topic-bfe2d6c4_525c_4fef_877c_70bd8f40c61d-3, groupId=Consumer-topic-bfe2d6c4_525c_4fef_877c_70bd8f40c61d] Request joining group due to: consumer pro-actively leaving the group
2025-08-13 02:16:13,746 INFO  [org.apa.kaf.com.met.Metrics] (Thread-618) Metrics scheduler closed
2025-08-13 02:16:13,746 INFO  [org.apa.kaf.com.met.Metrics] (Thread-618) Closing reporter org.apache.kafka.common.metrics.JmxReporter
2025-08-13 02:16:13,746 INFO  [org.apa.kaf.com.met.Metrics] (Thread-618) Closing reporter org.apache.kafka.common.telemetry.internals.ClientTelemetryReporter
2025-08-13 02:16:13,746 INFO  [org.apa.kaf.com.met.Metrics] (Thread-618) Metrics reporters closed
2025-08-13 02:16:13,749 INFO  [org.apa.kaf.com.uti.AppInfoParser] (Thread-618) App info kafka.consumer for consumer-Consumer-topic-bfe2d6c4_525c_4fef_877c_70bd8f40c61d-3 unregistered
2025-08-13 02:16:13,752 INFO  [io.api.tes.uti.TestSeparator] (main) io.apicurio.tests.serdes.apicurio.AvroSerdeIT.testAvroJSON-FINISHED
2025-08-13 02:16:13,752 INFO  [io.api.tes.uti.TestSeparator] (main) ############################################################################
Test passed: testAvroJSON
]]></system-out>
  </testcase>
  <testcase name="testTopicIdStrategyAutoRegister" classname="io.apicurio.tests.serdes.apicurio.AvroSerdeIT" time="3.856">
    <system-out><![CDATA[2025-08-13 02:16:13,754 INFO  [io.api.tes.uti.TestSeparator] (main) ############################################################################
2025-08-13 02:16:13,754 INFO  [io.api.tes.uti.TestSeparator] (main) io.apicurio.tests.serdes.apicurio.AvroSerdeIT.testTopicIdStrategyAutoRegister-STARTED
**** Registry Base URL: http://registry-app-mysql.apps.ci419.apicurio-testing.org:80
2025-08-13 02:16:13,760 INFO  [org.apa.kaf.cli.pro.ProducerConfig] (main) ProducerConfig values: 
	acks = -1
	auto.include.jmx.reporter = true
	batch.size = 16384
	bootstrap.servers = [PLAINTEXT://localhost:32769]
	buffer.memory = 33554432
	client.dns.lookup = use_all_dns_ips
	client.id = Producer-topic-944f5662_dce5_45b6_a6af_b30669f27be6
	compression.gzip.level = -1
	compression.lz4.level = 9
	compression.type = none
	compression.zstd.level = 3
	connections.max.idle.ms = 10000
	delivery.timeout.ms = 120000
	enable.idempotence = true
	enable.metrics.push = true
	interceptor.classes = []
	key.serializer = class org.apache.kafka.common.serialization.StringSerializer
	linger.ms = 0
	max.block.ms = 60000
	max.in.flight.requests.per.connection = 5
	max.request.size = 1048576
	metadata.max.age.ms = 300000
	metadata.max.idle.ms = 300000
	metadata.recovery.strategy = none
	metric.reporters = []
	metrics.num.samples = 2
	metrics.recording.level = INFO
	metrics.sample.window.ms = 30000
	partitioner.adaptive.partitioning.enable = true
	partitioner.availability.timeout.ms = 0
	partitioner.class = null
	partitioner.ignore.keys = false
	receive.buffer.bytes = 32768
	reconnect.backoff.max.ms = 1000
	reconnect.backoff.ms = 50
	request.timeout.ms = 5000
	retries = 2147483647
	retry.backoff.max.ms = 1000
	retry.backoff.ms = 100
	sasl.client.callback.handler.class = null
	sasl.jaas.config = null
	sasl.kerberos.kinit.cmd = /usr/bin/kinit
	sasl.kerberos.min.time.before.relogin = 60000
	sasl.kerberos.service.name = null
	sasl.kerberos.ticket.renew.jitter = 0.05
	sasl.kerberos.ticket.renew.window.factor = 0.8
	sasl.login.callback.handler.class = null
	sasl.login.class = null
	sasl.login.connect.timeout.ms = null
	sasl.login.read.timeout.ms = null
	sasl.login.refresh.buffer.seconds = 300
	sasl.login.refresh.min.period.seconds = 60
	sasl.login.refresh.window.factor = 0.8
	sasl.login.refresh.window.jitter = 0.05
	sasl.login.retry.backoff.max.ms = 10000
	sasl.login.retry.backoff.ms = 100
	sasl.mechanism = GSSAPI
	sasl.oauthbearer.clock.skew.seconds = 30
	sasl.oauthbearer.expected.audience = null
	sasl.oauthbearer.expected.issuer = null
	sasl.oauthbearer.header.urlencode = false
	sasl.oauthbearer.jwks.endpoint.refresh.ms = 3600000
	sasl.oauthbearer.jwks.endpoint.retry.backoff.max.ms = 10000
	sasl.oauthbearer.jwks.endpoint.retry.backoff.ms = 100
	sasl.oauthbearer.jwks.endpoint.url = null
	sasl.oauthbearer.scope.claim.name = scope
	sasl.oauthbearer.sub.claim.name = sub
	sasl.oauthbearer.token.endpoint.url = null
	security.protocol = PLAINTEXT
	security.providers = null
	send.buffer.bytes = 131072
	socket.connection.setup.timeout.max.ms = 30000
	socket.connection.setup.timeout.ms = 10000
	ssl.cipher.suites = null
	ssl.enabled.protocols = [TLSv1.2, TLSv1.3]
	ssl.endpoint.identification.algorithm = https
	ssl.engine.factory.class = null
	ssl.key.password = null
	ssl.keymanager.algorithm = SunX509
	ssl.keystore.certificate.chain = null
	ssl.keystore.key = null
	ssl.keystore.location = null
	ssl.keystore.password = null
	ssl.keystore.type = JKS
	ssl.protocol = TLSv1.3
	ssl.provider = null
	ssl.secure.random.implementation = null
	ssl.trustmanager.algorithm = PKIX
	ssl.truststore.certificates = null
	ssl.truststore.location = null
	ssl.truststore.password = null
	ssl.truststore.type = JKS
	transaction.timeout.ms = 60000
	transactional.id = null
	value.serializer = class io.apicurio.registry.serde.avro.AvroKafkaSerializer

2025-08-13 02:16:13,761 INFO  [org.apa.kaf.com.tel.int.KafkaMetricsCollector] (main) initializing Kafka metrics collector
2025-08-13 02:16:13,767 INFO  [org.apa.kaf.cli.pro.KafkaProducer] (main) [Producer clientId=Producer-topic-944f5662_dce5_45b6_a6af_b30669f27be6] Instantiated an idempotent producer.
2025-08-13 02:16:13,770 INFO  [org.apa.kaf.cli.pro.ProducerConfig] (main) These configurations '[apicurio.registry.url, apicurio.registry.auto-register, apicurio.registry.artifact-resolver-strategy]' were supplied but are not used yet.
2025-08-13 02:16:13,770 INFO  [org.apa.kaf.com.uti.AppInfoParser] (main) Kafka version: 3.9.1
2025-08-13 02:16:13,770 INFO  [org.apa.kaf.com.uti.AppInfoParser] (main) Kafka commitId: f745dfdcee2b9851
2025-08-13 02:16:13,770 INFO  [org.apa.kaf.com.uti.AppInfoParser] (main) Kafka startTimeMs: 1755051373770
2025-08-13 02:16:13,771 INFO  [io.api.tes.ser.api.SimpleSerdesTesterBuilder$SimpleSerdesTester] (main) Using producer configuration: {apicurio.registry.url=http://registry-app-mysql.apps.ci419.apicurio-testing.org:80/apis/registry/v3, apicurio.registry.auto-register=true, apicurio.registry.artifact-resolver-strategy=io.apicurio.registry.serde.strategy.TopicIdStrategy, value.serializer=io.apicurio.registry.serde.avro.AvroKafkaSerializer, request.timeout.ms=5000, acks=all, bootstrap.servers=PLAINTEXT://localhost:32769, connections.max.idle.ms=10000, key.serializer=org.apache.kafka.common.serialization.StringSerializer, client.id=Producer-topic-944f5662_dce5_45b6_a6af_b30669f27be6}
2025-08-13 02:16:13,771 INFO  [io.api.tes.ser.api.SimpleSerdesTesterBuilder$SimpleSerdesTester] (main) Using consumer configuration: {}
2025-08-13 02:16:13,774 INFO  [io.api.tes.ser.api.KafkaSerdesTester] (Thread-621) Sending message {"key11755051373755": "value-0"} to topic topic-944f5662_dce5_45b6_a6af_b30669f27be6
2025-08-13 02:16:13,781 WARN  [org.apa.kaf.cli.NetworkClient] (kafka-producer-network-thread | Producer-topic-944f5662_dce5_45b6_a6af_b30669f27be6) [Producer clientId=Producer-topic-944f5662_dce5_45b6_a6af_b30669f27be6] The metadata response from the cluster reported a recoverable issue with correlation id 1 : {topic-944f5662_dce5_45b6_a6af_b30669f27be6=UNKNOWN_TOPIC_OR_PARTITION}
2025-08-13 02:16:13,781 INFO  [org.apa.kaf.cli.Metadata] (kafka-producer-network-thread | Producer-topic-944f5662_dce5_45b6_a6af_b30669f27be6) [Producer clientId=Producer-topic-944f5662_dce5_45b6_a6af_b30669f27be6] Cluster ID: rLHX8X_xRIO734wjNEuI8w
2025-08-13 02:16:13,783 INFO  [org.apa.kaf.cli.pro.int.TransactionManager] (kafka-producer-network-thread | Producer-topic-944f5662_dce5_45b6_a6af_b30669f27be6) [Producer clientId=Producer-topic-944f5662_dce5_45b6_a6af_b30669f27be6] ProducerId set to 4 with epoch 0
2025-08-13 02:16:13,928 INFO  [io.api.tes.ser.api.KafkaSerdesTester] (Thread-621) Sending message {"key11755051373755": "value-1"} to topic topic-944f5662_dce5_45b6_a6af_b30669f27be6
2025-08-13 02:16:13,932 INFO  [io.api.tes.ser.api.KafkaSerdesTester] (Thread-621) Sending message {"key11755051373755": "value-2"} to topic topic-944f5662_dce5_45b6_a6af_b30669f27be6
2025-08-13 02:16:13,935 INFO  [io.api.tes.ser.api.KafkaSerdesTester] (Thread-621) Sending message {"key11755051373755": "value-3"} to topic topic-944f5662_dce5_45b6_a6af_b30669f27be6
2025-08-13 02:16:13,938 INFO  [io.api.tes.ser.api.KafkaSerdesTester] (Thread-621) Sending message {"key11755051373755": "value-4"} to topic topic-944f5662_dce5_45b6_a6af_b30669f27be6
2025-08-13 02:16:13,940 INFO  [io.api.tes.ser.api.KafkaSerdesTester] (Thread-621) Sending message {"key11755051373755": "value-5"} to topic topic-944f5662_dce5_45b6_a6af_b30669f27be6
2025-08-13 02:16:13,943 INFO  [io.api.tes.ser.api.KafkaSerdesTester] (Thread-621) Sending message {"key11755051373755": "value-6"} to topic topic-944f5662_dce5_45b6_a6af_b30669f27be6
2025-08-13 02:16:13,945 INFO  [io.api.tes.ser.api.KafkaSerdesTester] (Thread-621) Sending message {"key11755051373755": "value-7"} to topic topic-944f5662_dce5_45b6_a6af_b30669f27be6
2025-08-13 02:16:13,947 INFO  [io.api.tes.ser.api.KafkaSerdesTester] (Thread-621) Sending message {"key11755051373755": "value-8"} to topic topic-944f5662_dce5_45b6_a6af_b30669f27be6
2025-08-13 02:16:13,950 INFO  [io.api.tes.ser.api.KafkaSerdesTester] (Thread-621) Sending message {"key11755051373755": "value-9"} to topic topic-944f5662_dce5_45b6_a6af_b30669f27be6
2025-08-13 02:16:13,952 INFO  [io.api.tes.ser.api.KafkaSerdesTester] (Thread-621) Produced 10 messages
2025-08-13 02:16:13,952 INFO  [org.apa.kaf.cli.pro.KafkaProducer] (Thread-621) [Producer clientId=Producer-topic-944f5662_dce5_45b6_a6af_b30669f27be6] Closing the Kafka producer with timeoutMillis = 9223372036854775807 ms.
2025-08-13 02:16:13,955 INFO  [org.apa.kaf.com.met.Metrics] (Thread-621) Metrics scheduler closed
2025-08-13 02:16:13,955 INFO  [org.apa.kaf.com.met.Metrics] (Thread-621) Closing reporter org.apache.kafka.common.metrics.JmxReporter
2025-08-13 02:16:13,955 INFO  [org.apa.kaf.com.met.Metrics] (Thread-621) Closing reporter org.apache.kafka.common.telemetry.internals.ClientTelemetryReporter
2025-08-13 02:16:13,955 INFO  [org.apa.kaf.com.met.Metrics] (Thread-621) Metrics reporters closed
2025-08-13 02:16:13,956 INFO  [org.apa.kaf.com.uti.AppInfoParser] (Thread-621) App info kafka.producer for Producer-topic-944f5662_dce5_45b6_a6af_b30669f27be6 unregistered
**** Registry Base URL: http://registry-app-mysql.apps.ci419.apicurio-testing.org:80
2025-08-13 02:16:13,994 INFO  [org.apa.kaf.cli.con.ConsumerConfig] (main) ConsumerConfig values: 
	allow.auto.create.topics = true
	auto.commit.interval.ms = 500
	auto.include.jmx.reporter = true
	auto.offset.reset = earliest
	bootstrap.servers = [PLAINTEXT://localhost:32769]
	check.crcs = true
	client.dns.lookup = use_all_dns_ips
	client.id = consumer-Consumer-topic-944f5662_dce5_45b6_a6af_b30669f27be6-4
	client.rack = 
	connections.max.idle.ms = 10000
	default.api.timeout.ms = 60000
	enable.auto.commit = true
	enable.metrics.push = true
	exclude.internal.topics = true
	fetch.max.bytes = 52428800
	fetch.max.wait.ms = 500
	fetch.min.bytes = 1
	group.id = Consumer-topic-944f5662_dce5_45b6_a6af_b30669f27be6
	group.instance.id = null
	group.protocol = classic
	group.remote.assignor = null
	heartbeat.interval.ms = 3000
	interceptor.classes = []
	internal.leave.group.on.close = true
	internal.throw.on.fetch.stable.offset.unsupported = false
	isolation.level = read_uncommitted
	key.deserializer = class org.apache.kafka.common.serialization.StringDeserializer
	max.partition.fetch.bytes = 1048576
	max.poll.interval.ms = 300000
	max.poll.records = 500
	metadata.max.age.ms = 300000
	metadata.recovery.strategy = none
	metric.reporters = []
	metrics.num.samples = 2
	metrics.recording.level = INFO
	metrics.sample.window.ms = 30000
	partition.assignment.strategy = [class org.apache.kafka.clients.consumer.RangeAssignor, class org.apache.kafka.clients.consumer.CooperativeStickyAssignor]
	receive.buffer.bytes = 65536
	reconnect.backoff.max.ms = 1000
	reconnect.backoff.ms = 50
	request.timeout.ms = 5000
	retry.backoff.max.ms = 1000
	retry.backoff.ms = 100
	sasl.client.callback.handler.class = null
	sasl.jaas.config = null
	sasl.kerberos.kinit.cmd = /usr/bin/kinit
	sasl.kerberos.min.time.before.relogin = 60000
	sasl.kerberos.service.name = null
	sasl.kerberos.ticket.renew.jitter = 0.05
	sasl.kerberos.ticket.renew.window.factor = 0.8
	sasl.login.callback.handler.class = null
	sasl.login.class = null
	sasl.login.connect.timeout.ms = null
	sasl.login.read.timeout.ms = null
	sasl.login.refresh.buffer.seconds = 300
	sasl.login.refresh.min.period.seconds = 60
	sasl.login.refresh.window.factor = 0.8
	sasl.login.refresh.window.jitter = 0.05
	sasl.login.retry.backoff.max.ms = 10000
	sasl.login.retry.backoff.ms = 100
	sasl.mechanism = GSSAPI
	sasl.oauthbearer.clock.skew.seconds = 30
	sasl.oauthbearer.expected.audience = null
	sasl.oauthbearer.expected.issuer = null
	sasl.oauthbearer.header.urlencode = false
	sasl.oauthbearer.jwks.endpoint.refresh.ms = 3600000
	sasl.oauthbearer.jwks.endpoint.retry.backoff.max.ms = 10000
	sasl.oauthbearer.jwks.endpoint.retry.backoff.ms = 100
	sasl.oauthbearer.jwks.endpoint.url = null
	sasl.oauthbearer.scope.claim.name = scope
	sasl.oauthbearer.sub.claim.name = sub
	sasl.oauthbearer.token.endpoint.url = null
	security.protocol = PLAINTEXT
	security.providers = null
	send.buffer.bytes = 131072
	session.timeout.ms = 45000
	socket.connection.setup.timeout.max.ms = 30000
	socket.connection.setup.timeout.ms = 10000
	ssl.cipher.suites = null
	ssl.enabled.protocols = [TLSv1.2, TLSv1.3]
	ssl.endpoint.identification.algorithm = https
	ssl.engine.factory.class = null
	ssl.key.password = null
	ssl.keymanager.algorithm = SunX509
	ssl.keystore.certificate.chain = null
	ssl.keystore.key = null
	ssl.keystore.location = null
	ssl.keystore.password = null
	ssl.keystore.type = JKS
	ssl.protocol = TLSv1.3
	ssl.provider = null
	ssl.secure.random.implementation = null
	ssl.trustmanager.algorithm = PKIX
	ssl.truststore.certificates = null
	ssl.truststore.location = null
	ssl.truststore.password = null
	ssl.truststore.type = JKS
	value.deserializer = class io.apicurio.registry.serde.avro.AvroKafkaDeserializer

2025-08-13 02:16:13,994 INFO  [org.apa.kaf.com.tel.int.KafkaMetricsCollector] (main) initializing Kafka metrics collector
2025-08-13 02:16:14,002 INFO  [org.apa.kaf.cli.con.ConsumerConfig] (main) These configurations '[apicurio.registry.url]' were supplied but are not used yet.
2025-08-13 02:16:14,002 INFO  [org.apa.kaf.com.uti.AppInfoParser] (main) Kafka version: 3.9.1
2025-08-13 02:16:14,002 INFO  [org.apa.kaf.com.uti.AppInfoParser] (main) Kafka commitId: f745dfdcee2b9851
2025-08-13 02:16:14,003 INFO  [org.apa.kaf.com.uti.AppInfoParser] (main) Kafka startTimeMs: 1755051374002
2025-08-13 02:16:14,003 INFO  [org.apa.kaf.cli.con.int.ClassicKafkaConsumer] (Thread-624) [Consumer clientId=consumer-Consumer-topic-944f5662_dce5_45b6_a6af_b30669f27be6-4, groupId=Consumer-topic-944f5662_dce5_45b6_a6af_b30669f27be6] Subscribed to topic(s): topic-944f5662_dce5_45b6_a6af_b30669f27be6
2025-08-13 02:16:14,011 INFO  [org.apa.kaf.cli.Metadata] (Thread-624) [Consumer clientId=consumer-Consumer-topic-944f5662_dce5_45b6_a6af_b30669f27be6-4, groupId=Consumer-topic-944f5662_dce5_45b6_a6af_b30669f27be6] Cluster ID: rLHX8X_xRIO734wjNEuI8w
2025-08-13 02:16:14,011 INFO  [org.apa.kaf.cli.con.int.ConsumerCoordinator] (Thread-624) [Consumer clientId=consumer-Consumer-topic-944f5662_dce5_45b6_a6af_b30669f27be6-4, groupId=Consumer-topic-944f5662_dce5_45b6_a6af_b30669f27be6] Discovered group coordinator localhost:32769 (id: 2147483647 rack: null)
2025-08-13 02:16:14,014 INFO  [org.apa.kaf.cli.con.int.ConsumerCoordinator] (Thread-624) [Consumer clientId=consumer-Consumer-topic-944f5662_dce5_45b6_a6af_b30669f27be6-4, groupId=Consumer-topic-944f5662_dce5_45b6_a6af_b30669f27be6] (Re-)joining group
2025-08-13 02:16:14,017 INFO  [org.apa.kaf.cli.con.int.ConsumerCoordinator] (Thread-624) [Consumer clientId=consumer-Consumer-topic-944f5662_dce5_45b6_a6af_b30669f27be6-4, groupId=Consumer-topic-944f5662_dce5_45b6_a6af_b30669f27be6] Request joining group due to: need to re-join with the given member-id: consumer-Consumer-topic-944f5662_dce5_45b6_a6af_b30669f27be6-4-ae049fbf-4743-4f88-9878-e890dd2ad92e
2025-08-13 02:16:14,017 INFO  [org.apa.kaf.cli.con.int.ConsumerCoordinator] (Thread-624) [Consumer clientId=consumer-Consumer-topic-944f5662_dce5_45b6_a6af_b30669f27be6-4, groupId=Consumer-topic-944f5662_dce5_45b6_a6af_b30669f27be6] (Re-)joining group
2025-08-13 02:16:15,003 INFO  [io.api.tes.ser.api.KafkaSerdesTester] (Thread-624) None found
2025-08-13 02:16:16,003 INFO  [io.api.tes.ser.api.KafkaSerdesTester] (Thread-624) None found
2025-08-13 02:16:17,004 INFO  [io.api.tes.ser.api.KafkaSerdesTester] (Thread-624) None found
2025-08-13 02:16:17,024 INFO  [org.apa.kaf.cli.con.int.ConsumerCoordinator] (Thread-624) [Consumer clientId=consumer-Consumer-topic-944f5662_dce5_45b6_a6af_b30669f27be6-4, groupId=Consumer-topic-944f5662_dce5_45b6_a6af_b30669f27be6] Successfully joined group with generation Generation{generationId=1, memberId='consumer-Consumer-topic-944f5662_dce5_45b6_a6af_b30669f27be6-4-ae049fbf-4743-4f88-9878-e890dd2ad92e', protocol='range'}
2025-08-13 02:16:17,024 INFO  [org.apa.kaf.cli.con.int.ConsumerCoordinator] (Thread-624) [Consumer clientId=consumer-Consumer-topic-944f5662_dce5_45b6_a6af_b30669f27be6-4, groupId=Consumer-topic-944f5662_dce5_45b6_a6af_b30669f27be6] Finished assignment for group at generation 1: {consumer-Consumer-topic-944f5662_dce5_45b6_a6af_b30669f27be6-4-ae049fbf-4743-4f88-9878-e890dd2ad92e=Assignment(partitions=[topic-944f5662_dce5_45b6_a6af_b30669f27be6-0])}
2025-08-13 02:16:17,032 INFO  [org.apa.kaf.cli.con.int.ConsumerCoordinator] (Thread-624) [Consumer clientId=consumer-Consumer-topic-944f5662_dce5_45b6_a6af_b30669f27be6-4, groupId=Consumer-topic-944f5662_dce5_45b6_a6af_b30669f27be6] Successfully synced group in generation Generation{generationId=1, memberId='consumer-Consumer-topic-944f5662_dce5_45b6_a6af_b30669f27be6-4-ae049fbf-4743-4f88-9878-e890dd2ad92e', protocol='range'}
2025-08-13 02:16:17,032 INFO  [org.apa.kaf.cli.con.int.ConsumerCoordinator] (Thread-624) [Consumer clientId=consumer-Consumer-topic-944f5662_dce5_45b6_a6af_b30669f27be6-4, groupId=Consumer-topic-944f5662_dce5_45b6_a6af_b30669f27be6] Notifying assignor about the new Assignment(partitions=[topic-944f5662_dce5_45b6_a6af_b30669f27be6-0])
2025-08-13 02:16:17,032 INFO  [org.apa.kaf.cli.con.int.ConsumerRebalanceListenerInvoker] (Thread-624) [Consumer clientId=consumer-Consumer-topic-944f5662_dce5_45b6_a6af_b30669f27be6-4, groupId=Consumer-topic-944f5662_dce5_45b6_a6af_b30669f27be6] Adding newly assigned partitions: topic-944f5662_dce5_45b6_a6af_b30669f27be6-0
2025-08-13 02:16:17,034 INFO  [org.apa.kaf.cli.con.int.ConsumerCoordinator] (Thread-624) [Consumer clientId=consumer-Consumer-topic-944f5662_dce5_45b6_a6af_b30669f27be6-4, groupId=Consumer-topic-944f5662_dce5_45b6_a6af_b30669f27be6] Found no committed offset for partition topic-944f5662_dce5_45b6_a6af_b30669f27be6-0
2025-08-13 02:16:17,038 INFO  [org.apa.kaf.cli.con.int.SubscriptionState] (Thread-624) [Consumer clientId=consumer-Consumer-topic-944f5662_dce5_45b6_a6af_b30669f27be6-4, groupId=Consumer-topic-944f5662_dce5_45b6_a6af_b30669f27be6] Resetting offset for partition topic-944f5662_dce5_45b6_a6af_b30669f27be6-0 to position FetchPosition{offset=0, offsetEpoch=Optional.empty, currentLeader=LeaderAndEpoch{leader=Optional[localhost:32769 (id: 0 rack: null)], epoch=0}}.
2025-08-13 02:16:17,075 INFO  [io.api.tes.ser.api.KafkaSerdesTester] (Thread-624) topic-944f5662_dce5_45b6_a6af_b30669f27be6 0 0 {"key11755051373755": "value-0"}
2025-08-13 02:16:17,075 INFO  [io.api.tes.ser.api.KafkaSerdesTester] (Thread-624) topic-944f5662_dce5_45b6_a6af_b30669f27be6 0 1 {"key11755051373755": "value-1"}
2025-08-13 02:16:17,075 INFO  [io.api.tes.ser.api.KafkaSerdesTester] (Thread-624) topic-944f5662_dce5_45b6_a6af_b30669f27be6 0 2 {"key11755051373755": "value-2"}
2025-08-13 02:16:17,076 INFO  [io.api.tes.ser.api.KafkaSerdesTester] (Thread-624) topic-944f5662_dce5_45b6_a6af_b30669f27be6 0 3 {"key11755051373755": "value-3"}
2025-08-13 02:16:17,076 INFO  [io.api.tes.ser.api.KafkaSerdesTester] (Thread-624) topic-944f5662_dce5_45b6_a6af_b30669f27be6 0 4 {"key11755051373755": "value-4"}
2025-08-13 02:16:17,076 INFO  [io.api.tes.ser.api.KafkaSerdesTester] (Thread-624) topic-944f5662_dce5_45b6_a6af_b30669f27be6 0 5 {"key11755051373755": "value-5"}
2025-08-13 02:16:17,076 INFO  [io.api.tes.ser.api.KafkaSerdesTester] (Thread-624) topic-944f5662_dce5_45b6_a6af_b30669f27be6 0 6 {"key11755051373755": "value-6"}
2025-08-13 02:16:17,076 INFO  [io.api.tes.ser.api.KafkaSerdesTester] (Thread-624) topic-944f5662_dce5_45b6_a6af_b30669f27be6 0 7 {"key11755051373755": "value-7"}
2025-08-13 02:16:17,076 INFO  [io.api.tes.ser.api.KafkaSerdesTester] (Thread-624) topic-944f5662_dce5_45b6_a6af_b30669f27be6 0 8 {"key11755051373755": "value-8"}
2025-08-13 02:16:17,077 INFO  [io.api.tes.ser.api.KafkaSerdesTester] (Thread-624) topic-944f5662_dce5_45b6_a6af_b30669f27be6 0 9 {"key11755051373755": "value-9"}
2025-08-13 02:16:17,077 INFO  [io.api.tes.ser.api.KafkaSerdesTester] (Thread-624) Consumed 10 messages
2025-08-13 02:16:17,083 INFO  [org.apa.kaf.cli.con.int.ConsumerRebalanceListenerInvoker] (Thread-624) [Consumer clientId=consumer-Consumer-topic-944f5662_dce5_45b6_a6af_b30669f27be6-4, groupId=Consumer-topic-944f5662_dce5_45b6_a6af_b30669f27be6] Revoke previously assigned partitions topic-944f5662_dce5_45b6_a6af_b30669f27be6-0
2025-08-13 02:16:17,083 INFO  [org.apa.kaf.cli.con.int.ConsumerCoordinator] (Thread-624) [Consumer clientId=consumer-Consumer-topic-944f5662_dce5_45b6_a6af_b30669f27be6-4, groupId=Consumer-topic-944f5662_dce5_45b6_a6af_b30669f27be6] Member consumer-Consumer-topic-944f5662_dce5_45b6_a6af_b30669f27be6-4-ae049fbf-4743-4f88-9878-e890dd2ad92e sending LeaveGroup request to coordinator localhost:32769 (id: 2147483647 rack: null) due to the consumer is being closed
2025-08-13 02:16:17,084 INFO  [org.apa.kaf.cli.con.int.ConsumerCoordinator] (Thread-624) [Consumer clientId=consumer-Consumer-topic-944f5662_dce5_45b6_a6af_b30669f27be6-4, groupId=Consumer-topic-944f5662_dce5_45b6_a6af_b30669f27be6] Resetting generation and member id due to: consumer pro-actively leaving the group
2025-08-13 02:16:17,084 INFO  [org.apa.kaf.cli.con.int.ConsumerCoordinator] (Thread-624) [Consumer clientId=consumer-Consumer-topic-944f5662_dce5_45b6_a6af_b30669f27be6-4, groupId=Consumer-topic-944f5662_dce5_45b6_a6af_b30669f27be6] Request joining group due to: consumer pro-actively leaving the group
2025-08-13 02:16:17,578 INFO  [org.apa.kaf.com.met.Metrics] (Thread-624) Metrics scheduler closed
2025-08-13 02:16:17,578 INFO  [org.apa.kaf.com.met.Metrics] (Thread-624) Closing reporter org.apache.kafka.common.metrics.JmxReporter
2025-08-13 02:16:17,578 INFO  [org.apa.kaf.com.met.Metrics] (Thread-624) Closing reporter org.apache.kafka.common.telemetry.internals.ClientTelemetryReporter
2025-08-13 02:16:17,578 INFO  [org.apa.kaf.com.met.Metrics] (Thread-624) Metrics reporters closed
2025-08-13 02:16:17,581 INFO  [org.apa.kaf.com.uti.AppInfoParser] (Thread-624) App info kafka.consumer for consumer-Consumer-topic-944f5662_dce5_45b6_a6af_b30669f27be6-4 unregistered
2025-08-13 02:16:17,609 INFO  [io.api.tes.uti.TestSeparator] (main) io.apicurio.tests.serdes.apicurio.AvroSerdeIT.testTopicIdStrategyAutoRegister-FINISHED
2025-08-13 02:16:17,609 INFO  [io.api.tes.uti.TestSeparator] (main) ############################################################################
Test passed: testTopicIdStrategyAutoRegister
]]></system-out>
  </testcase>
  <testcase name="testRecordIdStrategydFindLatest" classname="io.apicurio.tests.serdes.apicurio.AvroSerdeIT" time="4.753">
    <system-out><![CDATA[2025-08-13 02:16:17,611 INFO  [io.api.tes.uti.TestSeparator] (main) ############################################################################
2025-08-13 02:16:17,611 INFO  [io.api.tes.uti.TestSeparator] (main) io.apicurio.tests.serdes.apicurio.AvroSerdeIT.testRecordIdStrategydFindLatest-STARTED
2025-08-13 02:16:17,611 INFO  [io.api.tes.ser.api.AvroSerdeIT] (main) Registering Avro Schema: {"type":"record","name":"s8b8018c7x638ex440bx9682x297119aa73ef","namespace":"s17e3c289x19fax443bxb8caxbf4d6696fc58","fields":[{"name":"key11755051377611","type":"string"}]}
**** Registry Base URL: http://registry-app-mysql.apps.ci419.apicurio-testing.org:80
2025-08-13 02:16:18,668 INFO  [org.apa.kaf.cli.pro.ProducerConfig] (main) ProducerConfig values: 
	acks = -1
	auto.include.jmx.reporter = true
	batch.size = 16384
	bootstrap.servers = [PLAINTEXT://localhost:32769]
	buffer.memory = 33554432
	client.dns.lookup = use_all_dns_ips
	client.id = Producer-topic-c23a061a_de3f_4a5f_aaf5_c1310b929006
	compression.gzip.level = -1
	compression.lz4.level = 9
	compression.type = none
	compression.zstd.level = 3
	connections.max.idle.ms = 10000
	delivery.timeout.ms = 120000
	enable.idempotence = true
	enable.metrics.push = true
	interceptor.classes = []
	key.serializer = class org.apache.kafka.common.serialization.StringSerializer
	linger.ms = 0
	max.block.ms = 60000
	max.in.flight.requests.per.connection = 5
	max.request.size = 1048576
	metadata.max.age.ms = 300000
	metadata.max.idle.ms = 300000
	metadata.recovery.strategy = none
	metric.reporters = []
	metrics.num.samples = 2
	metrics.recording.level = INFO
	metrics.sample.window.ms = 30000
	partitioner.adaptive.partitioning.enable = true
	partitioner.availability.timeout.ms = 0
	partitioner.class = null
	partitioner.ignore.keys = false
	receive.buffer.bytes = 32768
	reconnect.backoff.max.ms = 1000
	reconnect.backoff.ms = 50
	request.timeout.ms = 5000
	retries = 2147483647
	retry.backoff.max.ms = 1000
	retry.backoff.ms = 100
	sasl.client.callback.handler.class = null
	sasl.jaas.config = null
	sasl.kerberos.kinit.cmd = /usr/bin/kinit
	sasl.kerberos.min.time.before.relogin = 60000
	sasl.kerberos.service.name = null
	sasl.kerberos.ticket.renew.jitter = 0.05
	sasl.kerberos.ticket.renew.window.factor = 0.8
	sasl.login.callback.handler.class = null
	sasl.login.class = null
	sasl.login.connect.timeout.ms = null
	sasl.login.read.timeout.ms = null
	sasl.login.refresh.buffer.seconds = 300
	sasl.login.refresh.min.period.seconds = 60
	sasl.login.refresh.window.factor = 0.8
	sasl.login.refresh.window.jitter = 0.05
	sasl.login.retry.backoff.max.ms = 10000
	sasl.login.retry.backoff.ms = 100
	sasl.mechanism = GSSAPI
	sasl.oauthbearer.clock.skew.seconds = 30
	sasl.oauthbearer.expected.audience = null
	sasl.oauthbearer.expected.issuer = null
	sasl.oauthbearer.header.urlencode = false
	sasl.oauthbearer.jwks.endpoint.refresh.ms = 3600000
	sasl.oauthbearer.jwks.endpoint.retry.backoff.max.ms = 10000
	sasl.oauthbearer.jwks.endpoint.retry.backoff.ms = 100
	sasl.oauthbearer.jwks.endpoint.url = null
	sasl.oauthbearer.scope.claim.name = scope
	sasl.oauthbearer.sub.claim.name = sub
	sasl.oauthbearer.token.endpoint.url = null
	security.protocol = PLAINTEXT
	security.providers = null
	send.buffer.bytes = 131072
	socket.connection.setup.timeout.max.ms = 30000
	socket.connection.setup.timeout.ms = 10000
	ssl.cipher.suites = null
	ssl.enabled.protocols = [TLSv1.2, TLSv1.3]
	ssl.endpoint.identification.algorithm = https
	ssl.engine.factory.class = null
	ssl.key.password = null
	ssl.keymanager.algorithm = SunX509
	ssl.keystore.certificate.chain = null
	ssl.keystore.key = null
	ssl.keystore.location = null
	ssl.keystore.password = null
	ssl.keystore.type = JKS
	ssl.protocol = TLSv1.3
	ssl.provider = null
	ssl.secure.random.implementation = null
	ssl.trustmanager.algorithm = PKIX
	ssl.truststore.certificates = null
	ssl.truststore.location = null
	ssl.truststore.password = null
	ssl.truststore.type = JKS
	transaction.timeout.ms = 60000
	transactional.id = null
	value.serializer = class io.apicurio.registry.serde.avro.AvroKafkaSerializer

2025-08-13 02:16:18,668 INFO  [org.apa.kaf.com.tel.int.KafkaMetricsCollector] (main) initializing Kafka metrics collector
2025-08-13 02:16:18,671 INFO  [org.apa.kaf.cli.pro.KafkaProducer] (main) [Producer clientId=Producer-topic-c23a061a_de3f_4a5f_aaf5_c1310b929006] Instantiated an idempotent producer.
2025-08-13 02:16:18,673 INFO  [org.apa.kaf.cli.pro.ProducerConfig] (main) These configurations '[apicurio.registry.find-latest, apicurio.registry.url, apicurio.registry.artifact-resolver-strategy]' were supplied but are not used yet.
2025-08-13 02:16:18,673 INFO  [org.apa.kaf.com.uti.AppInfoParser] (main) Kafka version: 3.9.1
2025-08-13 02:16:18,673 INFO  [org.apa.kaf.com.uti.AppInfoParser] (main) Kafka commitId: f745dfdcee2b9851
2025-08-13 02:16:18,673 INFO  [org.apa.kaf.com.uti.AppInfoParser] (main) Kafka startTimeMs: 1755051378673
2025-08-13 02:16:18,673 INFO  [io.api.tes.ser.api.SimpleSerdesTesterBuilder$SimpleSerdesTester] (main) Using producer configuration: {apicurio.registry.find-latest=true, apicurio.registry.url=http://registry-app-mysql.apps.ci419.apicurio-testing.org:80/apis/registry/v3, apicurio.registry.artifact-resolver-strategy=io.apicurio.registry.serde.avro.strategy.RecordIdStrategy, value.serializer=io.apicurio.registry.serde.avro.AvroKafkaSerializer, request.timeout.ms=5000, acks=all, bootstrap.servers=PLAINTEXT://localhost:32769, connections.max.idle.ms=10000, key.serializer=org.apache.kafka.common.serialization.StringSerializer, client.id=Producer-topic-c23a061a_de3f_4a5f_aaf5_c1310b929006}
2025-08-13 02:16:18,673 INFO  [io.api.tes.ser.api.SimpleSerdesTesterBuilder$SimpleSerdesTester] (main) Using consumer configuration: {}
2025-08-13 02:16:18,676 INFO  [io.api.tes.ser.api.KafkaSerdesTester] (Thread-627) Sending message {"key11755051377611": "value-0"} to topic topic-c23a061a_de3f_4a5f_aaf5_c1310b929006
2025-08-13 02:16:18,680 INFO  [org.apa.kaf.cli.Metadata] (kafka-producer-network-thread | Producer-topic-c23a061a_de3f_4a5f_aaf5_c1310b929006) [Producer clientId=Producer-topic-c23a061a_de3f_4a5f_aaf5_c1310b929006] Cluster ID: rLHX8X_xRIO734wjNEuI8w
2025-08-13 02:16:18,680 INFO  [org.apa.kaf.cli.pro.int.TransactionManager] (kafka-producer-network-thread | Producer-topic-c23a061a_de3f_4a5f_aaf5_c1310b929006) [Producer clientId=Producer-topic-c23a061a_de3f_4a5f_aaf5_c1310b929006] ProducerId set to 5 with epoch 0
2025-08-13 02:16:18,734 INFO  [io.api.tes.ser.api.KafkaSerdesTester] (Thread-627) Sending message {"key11755051377611": "value-1"} to topic topic-c23a061a_de3f_4a5f_aaf5_c1310b929006
2025-08-13 02:16:18,736 INFO  [io.api.tes.ser.api.KafkaSerdesTester] (Thread-627) Sending message {"key11755051377611": "value-2"} to topic topic-c23a061a_de3f_4a5f_aaf5_c1310b929006
2025-08-13 02:16:18,740 INFO  [io.api.tes.ser.api.KafkaSerdesTester] (Thread-627) Sending message {"key11755051377611": "value-3"} to topic topic-c23a061a_de3f_4a5f_aaf5_c1310b929006
2025-08-13 02:16:18,743 INFO  [io.api.tes.ser.api.KafkaSerdesTester] (Thread-627) Sending message {"key11755051377611": "value-4"} to topic topic-c23a061a_de3f_4a5f_aaf5_c1310b929006
2025-08-13 02:16:18,746 INFO  [io.api.tes.ser.api.KafkaSerdesTester] (Thread-627) Sending message {"key11755051377611": "value-5"} to topic topic-c23a061a_de3f_4a5f_aaf5_c1310b929006
2025-08-13 02:16:18,751 INFO  [io.api.tes.ser.api.KafkaSerdesTester] (Thread-627) Sending message {"key11755051377611": "value-6"} to topic topic-c23a061a_de3f_4a5f_aaf5_c1310b929006
2025-08-13 02:16:18,754 INFO  [io.api.tes.ser.api.KafkaSerdesTester] (Thread-627) Sending message {"key11755051377611": "value-7"} to topic topic-c23a061a_de3f_4a5f_aaf5_c1310b929006
2025-08-13 02:16:18,758 INFO  [io.api.tes.ser.api.KafkaSerdesTester] (Thread-627) Sending message {"key11755051377611": "value-8"} to topic topic-c23a061a_de3f_4a5f_aaf5_c1310b929006
2025-08-13 02:16:18,760 INFO  [io.api.tes.ser.api.KafkaSerdesTester] (Thread-627) Sending message {"key11755051377611": "value-9"} to topic topic-c23a061a_de3f_4a5f_aaf5_c1310b929006
2025-08-13 02:16:18,763 INFO  [io.api.tes.ser.api.KafkaSerdesTester] (Thread-627) Produced 10 messages
2025-08-13 02:16:18,763 INFO  [org.apa.kaf.cli.pro.KafkaProducer] (Thread-627) [Producer clientId=Producer-topic-c23a061a_de3f_4a5f_aaf5_c1310b929006] Closing the Kafka producer with timeoutMillis = 9223372036854775807 ms.
2025-08-13 02:16:18,767 INFO  [org.apa.kaf.com.met.Metrics] (Thread-627) Metrics scheduler closed
2025-08-13 02:16:18,767 INFO  [org.apa.kaf.com.met.Metrics] (Thread-627) Closing reporter org.apache.kafka.common.metrics.JmxReporter
2025-08-13 02:16:18,767 INFO  [org.apa.kaf.com.met.Metrics] (Thread-627) Closing reporter org.apache.kafka.common.telemetry.internals.ClientTelemetryReporter
2025-08-13 02:16:18,767 INFO  [org.apa.kaf.com.met.Metrics] (Thread-627) Metrics reporters closed
2025-08-13 02:16:18,767 INFO  [org.apa.kaf.com.uti.AppInfoParser] (Thread-627) App info kafka.producer for Producer-topic-c23a061a_de3f_4a5f_aaf5_c1310b929006 unregistered
**** Registry Base URL: http://registry-app-mysql.apps.ci419.apicurio-testing.org:80
2025-08-13 02:16:18,768 INFO  [org.apa.kaf.cli.con.ConsumerConfig] (main) ConsumerConfig values: 
	allow.auto.create.topics = true
	auto.commit.interval.ms = 500
	auto.include.jmx.reporter = true
	auto.offset.reset = earliest
	bootstrap.servers = [PLAINTEXT://localhost:32769]
	check.crcs = true
	client.dns.lookup = use_all_dns_ips
	client.id = consumer-Consumer-topic-c23a061a_de3f_4a5f_aaf5_c1310b929006-5
	client.rack = 
	connections.max.idle.ms = 10000
	default.api.timeout.ms = 60000
	enable.auto.commit = true
	enable.metrics.push = true
	exclude.internal.topics = true
	fetch.max.bytes = 52428800
	fetch.max.wait.ms = 500
	fetch.min.bytes = 1
	group.id = Consumer-topic-c23a061a_de3f_4a5f_aaf5_c1310b929006
	group.instance.id = null
	group.protocol = classic
	group.remote.assignor = null
	heartbeat.interval.ms = 3000
	interceptor.classes = []
	internal.leave.group.on.close = true
	internal.throw.on.fetch.stable.offset.unsupported = false
	isolation.level = read_uncommitted
	key.deserializer = class org.apache.kafka.common.serialization.StringDeserializer
	max.partition.fetch.bytes = 1048576
	max.poll.interval.ms = 300000
	max.poll.records = 500
	metadata.max.age.ms = 300000
	metadata.recovery.strategy = none
	metric.reporters = []
	metrics.num.samples = 2
	metrics.recording.level = INFO
	metrics.sample.window.ms = 30000
	partition.assignment.strategy = [class org.apache.kafka.clients.consumer.RangeAssignor, class org.apache.kafka.clients.consumer.CooperativeStickyAssignor]
	receive.buffer.bytes = 65536
	reconnect.backoff.max.ms = 1000
	reconnect.backoff.ms = 50
	request.timeout.ms = 5000
	retry.backoff.max.ms = 1000
	retry.backoff.ms = 100
	sasl.client.callback.handler.class = null
	sasl.jaas.config = null
	sasl.kerberos.kinit.cmd = /usr/bin/kinit
	sasl.kerberos.min.time.before.relogin = 60000
	sasl.kerberos.service.name = null
	sasl.kerberos.ticket.renew.jitter = 0.05
	sasl.kerberos.ticket.renew.window.factor = 0.8
	sasl.login.callback.handler.class = null
	sasl.login.class = null
	sasl.login.connect.timeout.ms = null
	sasl.login.read.timeout.ms = null
	sasl.login.refresh.buffer.seconds = 300
	sasl.login.refresh.min.period.seconds = 60
	sasl.login.refresh.window.factor = 0.8
	sasl.login.refresh.window.jitter = 0.05
	sasl.login.retry.backoff.max.ms = 10000
	sasl.login.retry.backoff.ms = 100
	sasl.mechanism = GSSAPI
	sasl.oauthbearer.clock.skew.seconds = 30
	sasl.oauthbearer.expected.audience = null
	sasl.oauthbearer.expected.issuer = null
	sasl.oauthbearer.header.urlencode = false
	sasl.oauthbearer.jwks.endpoint.refresh.ms = 3600000
	sasl.oauthbearer.jwks.endpoint.retry.backoff.max.ms = 10000
	sasl.oauthbearer.jwks.endpoint.retry.backoff.ms = 100
	sasl.oauthbearer.jwks.endpoint.url = null
	sasl.oauthbearer.scope.claim.name = scope
	sasl.oauthbearer.sub.claim.name = sub
	sasl.oauthbearer.token.endpoint.url = null
	security.protocol = PLAINTEXT
	security.providers = null
	send.buffer.bytes = 131072
	session.timeout.ms = 45000
	socket.connection.setup.timeout.max.ms = 30000
	socket.connection.setup.timeout.ms = 10000
	ssl.cipher.suites = null
	ssl.enabled.protocols = [TLSv1.2, TLSv1.3]
	ssl.endpoint.identification.algorithm = https
	ssl.engine.factory.class = null
	ssl.key.password = null
	ssl.keymanager.algorithm = SunX509
	ssl.keystore.certificate.chain = null
	ssl.keystore.key = null
	ssl.keystore.location = null
	ssl.keystore.password = null
	ssl.keystore.type = JKS
	ssl.protocol = TLSv1.3
	ssl.provider = null
	ssl.secure.random.implementation = null
	ssl.trustmanager.algorithm = PKIX
	ssl.truststore.certificates = null
	ssl.truststore.location = null
	ssl.truststore.password = null
	ssl.truststore.type = JKS
	value.deserializer = class io.apicurio.registry.serde.avro.AvroKafkaDeserializer

2025-08-13 02:16:18,768 INFO  [org.apa.kaf.com.tel.int.KafkaMetricsCollector] (main) initializing Kafka metrics collector
2025-08-13 02:16:18,785 INFO  [org.apa.kaf.cli.con.ConsumerConfig] (main) These configurations '[apicurio.registry.url]' were supplied but are not used yet.
2025-08-13 02:16:18,786 INFO  [org.apa.kaf.com.uti.AppInfoParser] (main) Kafka version: 3.9.1
2025-08-13 02:16:18,786 INFO  [org.apa.kaf.com.uti.AppInfoParser] (main) Kafka commitId: f745dfdcee2b9851
2025-08-13 02:16:18,786 INFO  [org.apa.kaf.com.uti.AppInfoParser] (main) Kafka startTimeMs: 1755051378786
2025-08-13 02:16:18,786 INFO  [org.apa.kaf.cli.con.int.ClassicKafkaConsumer] (Thread-630) [Consumer clientId=consumer-Consumer-topic-c23a061a_de3f_4a5f_aaf5_c1310b929006-5, groupId=Consumer-topic-c23a061a_de3f_4a5f_aaf5_c1310b929006] Subscribed to topic(s): topic-c23a061a_de3f_4a5f_aaf5_c1310b929006
2025-08-13 02:16:18,794 INFO  [org.apa.kaf.cli.Metadata] (Thread-630) [Consumer clientId=consumer-Consumer-topic-c23a061a_de3f_4a5f_aaf5_c1310b929006-5, groupId=Consumer-topic-c23a061a_de3f_4a5f_aaf5_c1310b929006] Cluster ID: rLHX8X_xRIO734wjNEuI8w
2025-08-13 02:16:18,798 INFO  [org.apa.kaf.cli.con.int.ConsumerCoordinator] (Thread-630) [Consumer clientId=consumer-Consumer-topic-c23a061a_de3f_4a5f_aaf5_c1310b929006-5, groupId=Consumer-topic-c23a061a_de3f_4a5f_aaf5_c1310b929006] Discovered group coordinator localhost:32769 (id: 2147483647 rack: null)
2025-08-13 02:16:18,803 INFO  [org.apa.kaf.cli.con.int.ConsumerCoordinator] (Thread-630) [Consumer clientId=consumer-Consumer-topic-c23a061a_de3f_4a5f_aaf5_c1310b929006-5, groupId=Consumer-topic-c23a061a_de3f_4a5f_aaf5_c1310b929006] (Re-)joining group
2025-08-13 02:16:18,811 INFO  [org.apa.kaf.cli.con.int.ConsumerCoordinator] (Thread-630) [Consumer clientId=consumer-Consumer-topic-c23a061a_de3f_4a5f_aaf5_c1310b929006-5, groupId=Consumer-topic-c23a061a_de3f_4a5f_aaf5_c1310b929006] Request joining group due to: need to re-join with the given member-id: consumer-Consumer-topic-c23a061a_de3f_4a5f_aaf5_c1310b929006-5-c3137489-9e70-4e86-ae8c-8b6e91c9b76a
2025-08-13 02:16:18,811 INFO  [org.apa.kaf.cli.con.int.ConsumerCoordinator] (Thread-630) [Consumer clientId=consumer-Consumer-topic-c23a061a_de3f_4a5f_aaf5_c1310b929006-5, groupId=Consumer-topic-c23a061a_de3f_4a5f_aaf5_c1310b929006] (Re-)joining group
2025-08-13 02:16:19,786 INFO  [io.api.tes.ser.api.KafkaSerdesTester] (Thread-630) None found
2025-08-13 02:16:20,786 INFO  [io.api.tes.ser.api.KafkaSerdesTester] (Thread-630) None found
2025-08-13 02:16:21,786 INFO  [io.api.tes.ser.api.KafkaSerdesTester] (Thread-630) None found
2025-08-13 02:16:21,814 INFO  [org.apa.kaf.cli.con.int.ConsumerCoordinator] (Thread-630) [Consumer clientId=consumer-Consumer-topic-c23a061a_de3f_4a5f_aaf5_c1310b929006-5, groupId=Consumer-topic-c23a061a_de3f_4a5f_aaf5_c1310b929006] Successfully joined group with generation Generation{generationId=1, memberId='consumer-Consumer-topic-c23a061a_de3f_4a5f_aaf5_c1310b929006-5-c3137489-9e70-4e86-ae8c-8b6e91c9b76a', protocol='range'}
2025-08-13 02:16:21,815 INFO  [org.apa.kaf.cli.con.int.ConsumerCoordinator] (Thread-630) [Consumer clientId=consumer-Consumer-topic-c23a061a_de3f_4a5f_aaf5_c1310b929006-5, groupId=Consumer-topic-c23a061a_de3f_4a5f_aaf5_c1310b929006] Finished assignment for group at generation 1: {consumer-Consumer-topic-c23a061a_de3f_4a5f_aaf5_c1310b929006-5-c3137489-9e70-4e86-ae8c-8b6e91c9b76a=Assignment(partitions=[topic-c23a061a_de3f_4a5f_aaf5_c1310b929006-0])}
2025-08-13 02:16:21,821 INFO  [org.apa.kaf.cli.con.int.ConsumerCoordinator] (Thread-630) [Consumer clientId=consumer-Consumer-topic-c23a061a_de3f_4a5f_aaf5_c1310b929006-5, groupId=Consumer-topic-c23a061a_de3f_4a5f_aaf5_c1310b929006] Successfully synced group in generation Generation{generationId=1, memberId='consumer-Consumer-topic-c23a061a_de3f_4a5f_aaf5_c1310b929006-5-c3137489-9e70-4e86-ae8c-8b6e91c9b76a', protocol='range'}
2025-08-13 02:16:21,821 INFO  [org.apa.kaf.cli.con.int.ConsumerCoordinator] (Thread-630) [Consumer clientId=consumer-Consumer-topic-c23a061a_de3f_4a5f_aaf5_c1310b929006-5, groupId=Consumer-topic-c23a061a_de3f_4a5f_aaf5_c1310b929006] Notifying assignor about the new Assignment(partitions=[topic-c23a061a_de3f_4a5f_aaf5_c1310b929006-0])
2025-08-13 02:16:21,821 INFO  [org.apa.kaf.cli.con.int.ConsumerRebalanceListenerInvoker] (Thread-630) [Consumer clientId=consumer-Consumer-topic-c23a061a_de3f_4a5f_aaf5_c1310b929006-5, groupId=Consumer-topic-c23a061a_de3f_4a5f_aaf5_c1310b929006] Adding newly assigned partitions: topic-c23a061a_de3f_4a5f_aaf5_c1310b929006-0
2025-08-13 02:16:21,823 INFO  [org.apa.kaf.cli.con.int.ConsumerCoordinator] (Thread-630) [Consumer clientId=consumer-Consumer-topic-c23a061a_de3f_4a5f_aaf5_c1310b929006-5, groupId=Consumer-topic-c23a061a_de3f_4a5f_aaf5_c1310b929006] Found no committed offset for partition topic-c23a061a_de3f_4a5f_aaf5_c1310b929006-0
2025-08-13 02:16:21,826 INFO  [org.apa.kaf.cli.con.int.SubscriptionState] (Thread-630) [Consumer clientId=consumer-Consumer-topic-c23a061a_de3f_4a5f_aaf5_c1310b929006-5, groupId=Consumer-topic-c23a061a_de3f_4a5f_aaf5_c1310b929006] Resetting offset for partition topic-c23a061a_de3f_4a5f_aaf5_c1310b929006-0 to position FetchPosition{offset=0, offsetEpoch=Optional.empty, currentLeader=LeaderAndEpoch{leader=Optional[localhost:32769 (id: 0 rack: null)], epoch=0}}.
2025-08-13 02:16:21,856 INFO  [io.api.tes.ser.api.KafkaSerdesTester] (Thread-630) topic-c23a061a_de3f_4a5f_aaf5_c1310b929006 0 0 {"key11755051377611": "value-0"}
2025-08-13 02:16:21,856 INFO  [io.api.tes.ser.api.KafkaSerdesTester] (Thread-630) topic-c23a061a_de3f_4a5f_aaf5_c1310b929006 0 1 {"key11755051377611": "value-1"}
2025-08-13 02:16:21,856 INFO  [io.api.tes.ser.api.KafkaSerdesTester] (Thread-630) topic-c23a061a_de3f_4a5f_aaf5_c1310b929006 0 2 {"key11755051377611": "value-2"}
2025-08-13 02:16:21,857 INFO  [io.api.tes.ser.api.KafkaSerdesTester] (Thread-630) topic-c23a061a_de3f_4a5f_aaf5_c1310b929006 0 3 {"key11755051377611": "value-3"}
2025-08-13 02:16:21,857 INFO  [io.api.tes.ser.api.KafkaSerdesTester] (Thread-630) topic-c23a061a_de3f_4a5f_aaf5_c1310b929006 0 4 {"key11755051377611": "value-4"}
2025-08-13 02:16:21,857 INFO  [io.api.tes.ser.api.KafkaSerdesTester] (Thread-630) topic-c23a061a_de3f_4a5f_aaf5_c1310b929006 0 5 {"key11755051377611": "value-5"}
2025-08-13 02:16:21,857 INFO  [io.api.tes.ser.api.KafkaSerdesTester] (Thread-630) topic-c23a061a_de3f_4a5f_aaf5_c1310b929006 0 6 {"key11755051377611": "value-6"}
2025-08-13 02:16:21,857 INFO  [io.api.tes.ser.api.KafkaSerdesTester] (Thread-630) topic-c23a061a_de3f_4a5f_aaf5_c1310b929006 0 7 {"key11755051377611": "value-7"}
2025-08-13 02:16:21,857 INFO  [io.api.tes.ser.api.KafkaSerdesTester] (Thread-630) topic-c23a061a_de3f_4a5f_aaf5_c1310b929006 0 8 {"key11755051377611": "value-8"}
2025-08-13 02:16:21,857 INFO  [io.api.tes.ser.api.KafkaSerdesTester] (Thread-630) topic-c23a061a_de3f_4a5f_aaf5_c1310b929006 0 9 {"key11755051377611": "value-9"}
2025-08-13 02:16:21,857 INFO  [io.api.tes.ser.api.KafkaSerdesTester] (Thread-630) Consumed 10 messages
2025-08-13 02:16:21,863 INFO  [org.apa.kaf.cli.con.int.ConsumerRebalanceListenerInvoker] (Thread-630) [Consumer clientId=consumer-Consumer-topic-c23a061a_de3f_4a5f_aaf5_c1310b929006-5, groupId=Consumer-topic-c23a061a_de3f_4a5f_aaf5_c1310b929006] Revoke previously assigned partitions topic-c23a061a_de3f_4a5f_aaf5_c1310b929006-0
2025-08-13 02:16:21,864 INFO  [org.apa.kaf.cli.con.int.ConsumerCoordinator] (Thread-630) [Consumer clientId=consumer-Consumer-topic-c23a061a_de3f_4a5f_aaf5_c1310b929006-5, groupId=Consumer-topic-c23a061a_de3f_4a5f_aaf5_c1310b929006] Member consumer-Consumer-topic-c23a061a_de3f_4a5f_aaf5_c1310b929006-5-c3137489-9e70-4e86-ae8c-8b6e91c9b76a sending LeaveGroup request to coordinator localhost:32769 (id: 2147483647 rack: null) due to the consumer is being closed
2025-08-13 02:16:21,864 INFO  [org.apa.kaf.cli.con.int.ConsumerCoordinator] (Thread-630) [Consumer clientId=consumer-Consumer-topic-c23a061a_de3f_4a5f_aaf5_c1310b929006-5, groupId=Consumer-topic-c23a061a_de3f_4a5f_aaf5_c1310b929006] Resetting generation and member id due to: consumer pro-actively leaving the group
2025-08-13 02:16:21,864 INFO  [org.apa.kaf.cli.con.int.ConsumerCoordinator] (Thread-630) [Consumer clientId=consumer-Consumer-topic-c23a061a_de3f_4a5f_aaf5_c1310b929006-5, groupId=Consumer-topic-c23a061a_de3f_4a5f_aaf5_c1310b929006] Request joining group due to: consumer pro-actively leaving the group
2025-08-13 02:16:22,359 INFO  [org.apa.kaf.com.met.Metrics] (Thread-630) Metrics scheduler closed
2025-08-13 02:16:22,359 INFO  [org.apa.kaf.com.met.Metrics] (Thread-630) Closing reporter org.apache.kafka.common.metrics.JmxReporter
2025-08-13 02:16:22,359 INFO  [org.apa.kaf.com.met.Metrics] (Thread-630) Closing reporter org.apache.kafka.common.telemetry.internals.ClientTelemetryReporter
2025-08-13 02:16:22,359 INFO  [org.apa.kaf.com.met.Metrics] (Thread-630) Metrics reporters closed
2025-08-13 02:16:22,362 INFO  [org.apa.kaf.com.uti.AppInfoParser] (Thread-630) App info kafka.consumer for consumer-Consumer-topic-c23a061a_de3f_4a5f_aaf5_c1310b929006-5 unregistered
2025-08-13 02:16:22,362 INFO  [io.api.tes.uti.TestSeparator] (main) io.apicurio.tests.serdes.apicurio.AvroSerdeIT.testRecordIdStrategydFindLatest-FINISHED
2025-08-13 02:16:22,363 INFO  [io.api.tes.uti.TestSeparator] (main) ############################################################################
Test passed: testRecordIdStrategydFindLatest
]]></system-out>
  </testcase>
  <testcase name="testReflectAutoRegister" classname="io.apicurio.tests.serdes.apicurio.AvroSerdeIT" time="3.865">
    <system-out><![CDATA[2025-08-13 02:16:22,366 INFO  [io.api.tes.uti.TestSeparator] (main) ############################################################################
2025-08-13 02:16:22,366 INFO  [io.api.tes.uti.TestSeparator] (main) io.apicurio.tests.serdes.apicurio.AvroSerdeIT.testReflectAutoRegister-STARTED
**** Registry Base URL: http://registry-app-mysql.apps.ci419.apicurio-testing.org:80
2025-08-13 02:16:22,370 INFO  [org.apa.kaf.cli.pro.ProducerConfig] (main) ProducerConfig values: 
	acks = -1
	auto.include.jmx.reporter = true
	batch.size = 16384
	bootstrap.servers = [PLAINTEXT://localhost:32769]
	buffer.memory = 33554432
	client.dns.lookup = use_all_dns_ips
	client.id = Producer-topic-8fc75cb5_35ed_4402_a76a_ba213c65658a
	compression.gzip.level = -1
	compression.lz4.level = 9
	compression.type = none
	compression.zstd.level = 3
	connections.max.idle.ms = 10000
	delivery.timeout.ms = 120000
	enable.idempotence = true
	enable.metrics.push = true
	interceptor.classes = []
	key.serializer = class org.apache.kafka.common.serialization.StringSerializer
	linger.ms = 0
	max.block.ms = 60000
	max.in.flight.requests.per.connection = 5
	max.request.size = 1048576
	metadata.max.age.ms = 300000
	metadata.max.idle.ms = 300000
	metadata.recovery.strategy = none
	metric.reporters = []
	metrics.num.samples = 2
	metrics.recording.level = INFO
	metrics.sample.window.ms = 30000
	partitioner.adaptive.partitioning.enable = true
	partitioner.availability.timeout.ms = 0
	partitioner.class = null
	partitioner.ignore.keys = false
	receive.buffer.bytes = 32768
	reconnect.backoff.max.ms = 1000
	reconnect.backoff.ms = 50
	request.timeout.ms = 5000
	retries = 2147483647
	retry.backoff.max.ms = 1000
	retry.backoff.ms = 100
	sasl.client.callback.handler.class = null
	sasl.jaas.config = null
	sasl.kerberos.kinit.cmd = /usr/bin/kinit
	sasl.kerberos.min.time.before.relogin = 60000
	sasl.kerberos.service.name = null
	sasl.kerberos.ticket.renew.jitter = 0.05
	sasl.kerberos.ticket.renew.window.factor = 0.8
	sasl.login.callback.handler.class = null
	sasl.login.class = null
	sasl.login.connect.timeout.ms = null
	sasl.login.read.timeout.ms = null
	sasl.login.refresh.buffer.seconds = 300
	sasl.login.refresh.min.period.seconds = 60
	sasl.login.refresh.window.factor = 0.8
	sasl.login.refresh.window.jitter = 0.05
	sasl.login.retry.backoff.max.ms = 10000
	sasl.login.retry.backoff.ms = 100
	sasl.mechanism = GSSAPI
	sasl.oauthbearer.clock.skew.seconds = 30
	sasl.oauthbearer.expected.audience = null
	sasl.oauthbearer.expected.issuer = null
	sasl.oauthbearer.header.urlencode = false
	sasl.oauthbearer.jwks.endpoint.refresh.ms = 3600000
	sasl.oauthbearer.jwks.endpoint.retry.backoff.max.ms = 10000
	sasl.oauthbearer.jwks.endpoint.retry.backoff.ms = 100
	sasl.oauthbearer.jwks.endpoint.url = null
	sasl.oauthbearer.scope.claim.name = scope
	sasl.oauthbearer.sub.claim.name = sub
	sasl.oauthbearer.token.endpoint.url = null
	security.protocol = PLAINTEXT
	security.providers = null
	send.buffer.bytes = 131072
	socket.connection.setup.timeout.max.ms = 30000
	socket.connection.setup.timeout.ms = 10000
	ssl.cipher.suites = null
	ssl.enabled.protocols = [TLSv1.2, TLSv1.3]
	ssl.endpoint.identification.algorithm = https
	ssl.engine.factory.class = null
	ssl.key.password = null
	ssl.keymanager.algorithm = SunX509
	ssl.keystore.certificate.chain = null
	ssl.keystore.key = null
	ssl.keystore.location = null
	ssl.keystore.password = null
	ssl.keystore.type = JKS
	ssl.protocol = TLSv1.3
	ssl.provider = null
	ssl.secure.random.implementation = null
	ssl.trustmanager.algorithm = PKIX
	ssl.truststore.certificates = null
	ssl.truststore.location = null
	ssl.truststore.password = null
	ssl.truststore.type = JKS
	transaction.timeout.ms = 60000
	transactional.id = null
	value.serializer = class io.apicurio.registry.serde.avro.AvroKafkaSerializer

2025-08-13 02:16:22,371 INFO  [org.apa.kaf.com.tel.int.KafkaMetricsCollector] (main) initializing Kafka metrics collector
2025-08-13 02:16:22,387 INFO  [org.apa.kaf.cli.pro.KafkaProducer] (main) [Producer clientId=Producer-topic-8fc75cb5_35ed_4402_a76a_ba213c65658a] Instantiated an idempotent producer.
2025-08-13 02:16:22,390 INFO  [org.apa.kaf.cli.pro.ProducerConfig] (main) These configurations '[apicurio.registry.url, apicurio.registry.auto-register, apicurio.registry.artifact-resolver-strategy, apicurio.registry.avro-datum-provider]' were supplied but are not used yet.
2025-08-13 02:16:22,390 INFO  [org.apa.kaf.com.uti.AppInfoParser] (main) Kafka version: 3.9.1
2025-08-13 02:16:22,390 INFO  [org.apa.kaf.com.uti.AppInfoParser] (main) Kafka commitId: f745dfdcee2b9851
2025-08-13 02:16:22,390 INFO  [org.apa.kaf.com.uti.AppInfoParser] (main) Kafka startTimeMs: 1755051382390
2025-08-13 02:16:22,391 INFO  [io.api.tes.ser.api.SimpleSerdesTesterBuilder$SimpleSerdesTester] (main) Using producer configuration: {apicurio.registry.url=http://registry-app-mysql.apps.ci419.apicurio-testing.org:80/apis/registry/v3, apicurio.registry.auto-register=true, apicurio.registry.artifact-resolver-strategy=io.apicurio.registry.serde.strategy.TopicIdStrategy, value.serializer=io.apicurio.registry.serde.avro.AvroKafkaSerializer, request.timeout.ms=5000, acks=all, bootstrap.servers=PLAINTEXT://localhost:32769, connections.max.idle.ms=10000, key.serializer=org.apache.kafka.common.serialization.StringSerializer, apicurio.registry.avro-datum-provider=io.apicurio.registry.serde.avro.ReflectAvroDatumProvider, client.id=Producer-topic-8fc75cb5_35ed_4402_a76a_ba213c65658a}
2025-08-13 02:16:22,391 INFO  [io.api.tes.ser.api.SimpleSerdesTesterBuilder$SimpleSerdesTester] (main) Using consumer configuration: {apicurio.registry.avro-datum-provider=io.apicurio.registry.serde.avro.ReflectAvroDatumProvider}
2025-08-13 02:16:22,392 INFO  [io.api.tes.ser.api.KafkaSerdesTester] (Thread-633) Sending message io.apicurio.tests.common.serdes.TestObject@3dbd29cb to topic topic-8fc75cb5_35ed_4402_a76a_ba213c65658a
2025-08-13 02:16:22,398 WARN  [org.apa.kaf.cli.NetworkClient] (kafka-producer-network-thread | Producer-topic-8fc75cb5_35ed_4402_a76a_ba213c65658a) [Producer clientId=Producer-topic-8fc75cb5_35ed_4402_a76a_ba213c65658a] The metadata response from the cluster reported a recoverable issue with correlation id 1 : {topic-8fc75cb5_35ed_4402_a76a_ba213c65658a=UNKNOWN_TOPIC_OR_PARTITION}
2025-08-13 02:16:22,398 INFO  [org.apa.kaf.cli.Metadata] (kafka-producer-network-thread | Producer-topic-8fc75cb5_35ed_4402_a76a_ba213c65658a) [Producer clientId=Producer-topic-8fc75cb5_35ed_4402_a76a_ba213c65658a] Cluster ID: rLHX8X_xRIO734wjNEuI8w
2025-08-13 02:16:22,399 INFO  [org.apa.kaf.cli.pro.int.TransactionManager] (kafka-producer-network-thread | Producer-topic-8fc75cb5_35ed_4402_a76a_ba213c65658a) [Producer clientId=Producer-topic-8fc75cb5_35ed_4402_a76a_ba213c65658a] ProducerId set to 6 with epoch 0
2025-08-13 02:16:22,576 INFO  [io.api.tes.ser.api.KafkaSerdesTester] (Thread-633) Sending message io.apicurio.tests.common.serdes.TestObject@3dbd29cb to topic topic-8fc75cb5_35ed_4402_a76a_ba213c65658a
2025-08-13 02:16:22,580 INFO  [io.api.tes.ser.api.KafkaSerdesTester] (Thread-633) Sending message io.apicurio.tests.common.serdes.TestObject@3dbd29cb to topic topic-8fc75cb5_35ed_4402_a76a_ba213c65658a
2025-08-13 02:16:22,583 INFO  [io.api.tes.ser.api.KafkaSerdesTester] (Thread-633) Sending message io.apicurio.tests.common.serdes.TestObject@3dbd29cb to topic topic-8fc75cb5_35ed_4402_a76a_ba213c65658a
2025-08-13 02:16:22,585 INFO  [io.api.tes.ser.api.KafkaSerdesTester] (Thread-633) Sending message io.apicurio.tests.common.serdes.TestObject@3dbd29cb to topic topic-8fc75cb5_35ed_4402_a76a_ba213c65658a
2025-08-13 02:16:22,587 INFO  [io.api.tes.ser.api.KafkaSerdesTester] (Thread-633) Sending message io.apicurio.tests.common.serdes.TestObject@3dbd29cb to topic topic-8fc75cb5_35ed_4402_a76a_ba213c65658a
2025-08-13 02:16:22,589 INFO  [io.api.tes.ser.api.KafkaSerdesTester] (Thread-633) Sending message io.apicurio.tests.common.serdes.TestObject@3dbd29cb to topic topic-8fc75cb5_35ed_4402_a76a_ba213c65658a
2025-08-13 02:16:22,593 INFO  [io.api.tes.ser.api.KafkaSerdesTester] (Thread-633) Sending message io.apicurio.tests.common.serdes.TestObject@3dbd29cb to topic topic-8fc75cb5_35ed_4402_a76a_ba213c65658a
2025-08-13 02:16:22,595 INFO  [io.api.tes.ser.api.KafkaSerdesTester] (Thread-633) Sending message io.apicurio.tests.common.serdes.TestObject@3dbd29cb to topic topic-8fc75cb5_35ed_4402_a76a_ba213c65658a
2025-08-13 02:16:22,598 INFO  [io.api.tes.ser.api.KafkaSerdesTester] (Thread-633) Sending message io.apicurio.tests.common.serdes.TestObject@3dbd29cb to topic topic-8fc75cb5_35ed_4402_a76a_ba213c65658a
2025-08-13 02:16:22,600 INFO  [io.api.tes.ser.api.KafkaSerdesTester] (Thread-633) Produced 10 messages
2025-08-13 02:16:22,600 INFO  [org.apa.kaf.cli.pro.KafkaProducer] (Thread-633) [Producer clientId=Producer-topic-8fc75cb5_35ed_4402_a76a_ba213c65658a] Closing the Kafka producer with timeoutMillis = 9223372036854775807 ms.
2025-08-13 02:16:22,605 INFO  [org.apa.kaf.com.met.Metrics] (Thread-633) Metrics scheduler closed
2025-08-13 02:16:22,605 INFO  [org.apa.kaf.com.met.Metrics] (Thread-633) Closing reporter org.apache.kafka.common.metrics.JmxReporter
2025-08-13 02:16:22,605 INFO  [org.apa.kaf.com.met.Metrics] (Thread-633) Closing reporter org.apache.kafka.common.telemetry.internals.ClientTelemetryReporter
2025-08-13 02:16:22,605 INFO  [org.apa.kaf.com.met.Metrics] (Thread-633) Metrics reporters closed
2025-08-13 02:16:22,606 INFO  [org.apa.kaf.com.uti.AppInfoParser] (Thread-633) App info kafka.producer for Producer-topic-8fc75cb5_35ed_4402_a76a_ba213c65658a unregistered
**** Registry Base URL: http://registry-app-mysql.apps.ci419.apicurio-testing.org:80
2025-08-13 02:16:22,635 INFO  [org.apa.kaf.cli.con.ConsumerConfig] (main) ConsumerConfig values: 
	allow.auto.create.topics = true
	auto.commit.interval.ms = 500
	auto.include.jmx.reporter = true
	auto.offset.reset = earliest
	bootstrap.servers = [PLAINTEXT://localhost:32769]
	check.crcs = true
	client.dns.lookup = use_all_dns_ips
	client.id = consumer-Consumer-topic-8fc75cb5_35ed_4402_a76a_ba213c65658a-6
	client.rack = 
	connections.max.idle.ms = 10000
	default.api.timeout.ms = 60000
	enable.auto.commit = true
	enable.metrics.push = true
	exclude.internal.topics = true
	fetch.max.bytes = 52428800
	fetch.max.wait.ms = 500
	fetch.min.bytes = 1
	group.id = Consumer-topic-8fc75cb5_35ed_4402_a76a_ba213c65658a
	group.instance.id = null
	group.protocol = classic
	group.remote.assignor = null
	heartbeat.interval.ms = 3000
	interceptor.classes = []
	internal.leave.group.on.close = true
	internal.throw.on.fetch.stable.offset.unsupported = false
	isolation.level = read_uncommitted
	key.deserializer = class org.apache.kafka.common.serialization.StringDeserializer
	max.partition.fetch.bytes = 1048576
	max.poll.interval.ms = 300000
	max.poll.records = 500
	metadata.max.age.ms = 300000
	metadata.recovery.strategy = none
	metric.reporters = []
	metrics.num.samples = 2
	metrics.recording.level = INFO
	metrics.sample.window.ms = 30000
	partition.assignment.strategy = [class org.apache.kafka.clients.consumer.RangeAssignor, class org.apache.kafka.clients.consumer.CooperativeStickyAssignor]
	receive.buffer.bytes = 65536
	reconnect.backoff.max.ms = 1000
	reconnect.backoff.ms = 50
	request.timeout.ms = 5000
	retry.backoff.max.ms = 1000
	retry.backoff.ms = 100
	sasl.client.callback.handler.class = null
	sasl.jaas.config = null
	sasl.kerberos.kinit.cmd = /usr/bin/kinit
	sasl.kerberos.min.time.before.relogin = 60000
	sasl.kerberos.service.name = null
	sasl.kerberos.ticket.renew.jitter = 0.05
	sasl.kerberos.ticket.renew.window.factor = 0.8
	sasl.login.callback.handler.class = null
	sasl.login.class = null
	sasl.login.connect.timeout.ms = null
	sasl.login.read.timeout.ms = null
	sasl.login.refresh.buffer.seconds = 300
	sasl.login.refresh.min.period.seconds = 60
	sasl.login.refresh.window.factor = 0.8
	sasl.login.refresh.window.jitter = 0.05
	sasl.login.retry.backoff.max.ms = 10000
	sasl.login.retry.backoff.ms = 100
	sasl.mechanism = GSSAPI
	sasl.oauthbearer.clock.skew.seconds = 30
	sasl.oauthbearer.expected.audience = null
	sasl.oauthbearer.expected.issuer = null
	sasl.oauthbearer.header.urlencode = false
	sasl.oauthbearer.jwks.endpoint.refresh.ms = 3600000
	sasl.oauthbearer.jwks.endpoint.retry.backoff.max.ms = 10000
	sasl.oauthbearer.jwks.endpoint.retry.backoff.ms = 100
	sasl.oauthbearer.jwks.endpoint.url = null
	sasl.oauthbearer.scope.claim.name = scope
	sasl.oauthbearer.sub.claim.name = sub
	sasl.oauthbearer.token.endpoint.url = null
	security.protocol = PLAINTEXT
	security.providers = null
	send.buffer.bytes = 131072
	session.timeout.ms = 45000
	socket.connection.setup.timeout.max.ms = 30000
	socket.connection.setup.timeout.ms = 10000
	ssl.cipher.suites = null
	ssl.enabled.protocols = [TLSv1.2, TLSv1.3]
	ssl.endpoint.identification.algorithm = https
	ssl.engine.factory.class = null
	ssl.key.password = null
	ssl.keymanager.algorithm = SunX509
	ssl.keystore.certificate.chain = null
	ssl.keystore.key = null
	ssl.keystore.location = null
	ssl.keystore.password = null
	ssl.keystore.type = JKS
	ssl.protocol = TLSv1.3
	ssl.provider = null
	ssl.secure.random.implementation = null
	ssl.trustmanager.algorithm = PKIX
	ssl.truststore.certificates = null
	ssl.truststore.location = null
	ssl.truststore.password = null
	ssl.truststore.type = JKS
	value.deserializer = class io.apicurio.registry.serde.avro.AvroKafkaDeserializer

2025-08-13 02:16:22,636 INFO  [org.apa.kaf.com.tel.int.KafkaMetricsCollector] (main) initializing Kafka metrics collector
2025-08-13 02:16:22,649 INFO  [org.apa.kaf.cli.con.ConsumerConfig] (main) These configurations '[apicurio.registry.url, apicurio.registry.avro-datum-provider]' were supplied but are not used yet.
2025-08-13 02:16:22,649 INFO  [org.apa.kaf.com.uti.AppInfoParser] (main) Kafka version: 3.9.1
2025-08-13 02:16:22,649 INFO  [org.apa.kaf.com.uti.AppInfoParser] (main) Kafka commitId: f745dfdcee2b9851
2025-08-13 02:16:22,649 INFO  [org.apa.kaf.com.uti.AppInfoParser] (main) Kafka startTimeMs: 1755051382649
2025-08-13 02:16:22,650 INFO  [org.apa.kaf.cli.con.int.ClassicKafkaConsumer] (Thread-636) [Consumer clientId=consumer-Consumer-topic-8fc75cb5_35ed_4402_a76a_ba213c65658a-6, groupId=Consumer-topic-8fc75cb5_35ed_4402_a76a_ba213c65658a] Subscribed to topic(s): topic-8fc75cb5_35ed_4402_a76a_ba213c65658a
2025-08-13 02:16:22,661 INFO  [org.apa.kaf.cli.Metadata] (Thread-636) [Consumer clientId=consumer-Consumer-topic-8fc75cb5_35ed_4402_a76a_ba213c65658a-6, groupId=Consumer-topic-8fc75cb5_35ed_4402_a76a_ba213c65658a] Cluster ID: rLHX8X_xRIO734wjNEuI8w
2025-08-13 02:16:22,662 INFO  [org.apa.kaf.cli.con.int.ConsumerCoordinator] (Thread-636) [Consumer clientId=consumer-Consumer-topic-8fc75cb5_35ed_4402_a76a_ba213c65658a-6, groupId=Consumer-topic-8fc75cb5_35ed_4402_a76a_ba213c65658a] Discovered group coordinator localhost:32769 (id: 2147483647 rack: null)
2025-08-13 02:16:22,666 INFO  [org.apa.kaf.cli.con.int.ConsumerCoordinator] (Thread-636) [Consumer clientId=consumer-Consumer-topic-8fc75cb5_35ed_4402_a76a_ba213c65658a-6, groupId=Consumer-topic-8fc75cb5_35ed_4402_a76a_ba213c65658a] (Re-)joining group
2025-08-13 02:16:22,669 INFO  [org.apa.kaf.cli.con.int.ConsumerCoordinator] (Thread-636) [Consumer clientId=consumer-Consumer-topic-8fc75cb5_35ed_4402_a76a_ba213c65658a-6, groupId=Consumer-topic-8fc75cb5_35ed_4402_a76a_ba213c65658a] Request joining group due to: need to re-join with the given member-id: consumer-Consumer-topic-8fc75cb5_35ed_4402_a76a_ba213c65658a-6-9b38b05e-284e-4701-b201-772016566c0e
2025-08-13 02:16:22,669 INFO  [org.apa.kaf.cli.con.int.ConsumerCoordinator] (Thread-636) [Consumer clientId=consumer-Consumer-topic-8fc75cb5_35ed_4402_a76a_ba213c65658a-6, groupId=Consumer-topic-8fc75cb5_35ed_4402_a76a_ba213c65658a] (Re-)joining group
2025-08-13 02:16:23,650 INFO  [io.api.tes.ser.api.KafkaSerdesTester] (Thread-636) None found
2025-08-13 02:16:24,650 INFO  [io.api.tes.ser.api.KafkaSerdesTester] (Thread-636) None found
2025-08-13 02:16:25,651 INFO  [io.api.tes.ser.api.KafkaSerdesTester] (Thread-636) None found
2025-08-13 02:16:25,673 INFO  [org.apa.kaf.cli.con.int.ConsumerCoordinator] (Thread-636) [Consumer clientId=consumer-Consumer-topic-8fc75cb5_35ed_4402_a76a_ba213c65658a-6, groupId=Consumer-topic-8fc75cb5_35ed_4402_a76a_ba213c65658a] Successfully joined group with generation Generation{generationId=1, memberId='consumer-Consumer-topic-8fc75cb5_35ed_4402_a76a_ba213c65658a-6-9b38b05e-284e-4701-b201-772016566c0e', protocol='range'}
2025-08-13 02:16:25,673 INFO  [org.apa.kaf.cli.con.int.ConsumerCoordinator] (Thread-636) [Consumer clientId=consumer-Consumer-topic-8fc75cb5_35ed_4402_a76a_ba213c65658a-6, groupId=Consumer-topic-8fc75cb5_35ed_4402_a76a_ba213c65658a] Finished assignment for group at generation 1: {consumer-Consumer-topic-8fc75cb5_35ed_4402_a76a_ba213c65658a-6-9b38b05e-284e-4701-b201-772016566c0e=Assignment(partitions=[topic-8fc75cb5_35ed_4402_a76a_ba213c65658a-0])}
2025-08-13 02:16:25,680 INFO  [org.apa.kaf.cli.con.int.ConsumerCoordinator] (Thread-636) [Consumer clientId=consumer-Consumer-topic-8fc75cb5_35ed_4402_a76a_ba213c65658a-6, groupId=Consumer-topic-8fc75cb5_35ed_4402_a76a_ba213c65658a] Successfully synced group in generation Generation{generationId=1, memberId='consumer-Consumer-topic-8fc75cb5_35ed_4402_a76a_ba213c65658a-6-9b38b05e-284e-4701-b201-772016566c0e', protocol='range'}
2025-08-13 02:16:25,680 INFO  [org.apa.kaf.cli.con.int.ConsumerCoordinator] (Thread-636) [Consumer clientId=consumer-Consumer-topic-8fc75cb5_35ed_4402_a76a_ba213c65658a-6, groupId=Consumer-topic-8fc75cb5_35ed_4402_a76a_ba213c65658a] Notifying assignor about the new Assignment(partitions=[topic-8fc75cb5_35ed_4402_a76a_ba213c65658a-0])
2025-08-13 02:16:25,680 INFO  [org.apa.kaf.cli.con.int.ConsumerRebalanceListenerInvoker] (Thread-636) [Consumer clientId=consumer-Consumer-topic-8fc75cb5_35ed_4402_a76a_ba213c65658a-6, groupId=Consumer-topic-8fc75cb5_35ed_4402_a76a_ba213c65658a] Adding newly assigned partitions: topic-8fc75cb5_35ed_4402_a76a_ba213c65658a-0
2025-08-13 02:16:25,681 INFO  [org.apa.kaf.cli.con.int.ConsumerCoordinator] (Thread-636) [Consumer clientId=consumer-Consumer-topic-8fc75cb5_35ed_4402_a76a_ba213c65658a-6, groupId=Consumer-topic-8fc75cb5_35ed_4402_a76a_ba213c65658a] Found no committed offset for partition topic-8fc75cb5_35ed_4402_a76a_ba213c65658a-0
2025-08-13 02:16:25,687 INFO  [org.apa.kaf.cli.con.int.SubscriptionState] (Thread-636) [Consumer clientId=consumer-Consumer-topic-8fc75cb5_35ed_4402_a76a_ba213c65658a-6, groupId=Consumer-topic-8fc75cb5_35ed_4402_a76a_ba213c65658a] Resetting offset for partition topic-8fc75cb5_35ed_4402_a76a_ba213c65658a-0 to position FetchPosition{offset=0, offsetEpoch=Optional.empty, currentLeader=LeaderAndEpoch{leader=Optional[localhost:32769 (id: 0 rack: null)], epoch=0}}.
2025-08-13 02:16:25,721 INFO  [io.api.tes.ser.api.KafkaSerdesTester] (Thread-636) topic-8fc75cb5_35ed_4402_a76a_ba213c65658a 0 0 io.apicurio.tests.common.serdes.TestObject@3dbd29cb
2025-08-13 02:16:25,721 INFO  [io.api.tes.ser.api.KafkaSerdesTester] (Thread-636) topic-8fc75cb5_35ed_4402_a76a_ba213c65658a 0 1 io.apicurio.tests.common.serdes.TestObject@3dbd29cb
2025-08-13 02:16:25,721 INFO  [io.api.tes.ser.api.KafkaSerdesTester] (Thread-636) topic-8fc75cb5_35ed_4402_a76a_ba213c65658a 0 2 io.apicurio.tests.common.serdes.TestObject@3dbd29cb
2025-08-13 02:16:25,721 INFO  [io.api.tes.ser.api.KafkaSerdesTester] (Thread-636) topic-8fc75cb5_35ed_4402_a76a_ba213c65658a 0 3 io.apicurio.tests.common.serdes.TestObject@3dbd29cb
2025-08-13 02:16:25,721 INFO  [io.api.tes.ser.api.KafkaSerdesTester] (Thread-636) topic-8fc75cb5_35ed_4402_a76a_ba213c65658a 0 4 io.apicurio.tests.common.serdes.TestObject@3dbd29cb
2025-08-13 02:16:25,722 INFO  [io.api.tes.ser.api.KafkaSerdesTester] (Thread-636) topic-8fc75cb5_35ed_4402_a76a_ba213c65658a 0 5 io.apicurio.tests.common.serdes.TestObject@3dbd29cb
2025-08-13 02:16:25,722 INFO  [io.api.tes.ser.api.KafkaSerdesTester] (Thread-636) topic-8fc75cb5_35ed_4402_a76a_ba213c65658a 0 6 io.apicurio.tests.common.serdes.TestObject@3dbd29cb
2025-08-13 02:16:25,722 INFO  [io.api.tes.ser.api.KafkaSerdesTester] (Thread-636) topic-8fc75cb5_35ed_4402_a76a_ba213c65658a 0 7 io.apicurio.tests.common.serdes.TestObject@3dbd29cb
2025-08-13 02:16:25,722 INFO  [io.api.tes.ser.api.KafkaSerdesTester] (Thread-636) topic-8fc75cb5_35ed_4402_a76a_ba213c65658a 0 8 io.apicurio.tests.common.serdes.TestObject@3dbd29cb
2025-08-13 02:16:25,722 INFO  [io.api.tes.ser.api.KafkaSerdesTester] (Thread-636) topic-8fc75cb5_35ed_4402_a76a_ba213c65658a 0 9 io.apicurio.tests.common.serdes.TestObject@3dbd29cb
2025-08-13 02:16:25,722 INFO  [io.api.tes.ser.api.KafkaSerdesTester] (Thread-636) Consumed 10 messages
2025-08-13 02:16:25,730 INFO  [org.apa.kaf.cli.con.int.ConsumerRebalanceListenerInvoker] (Thread-636) [Consumer clientId=consumer-Consumer-topic-8fc75cb5_35ed_4402_a76a_ba213c65658a-6, groupId=Consumer-topic-8fc75cb5_35ed_4402_a76a_ba213c65658a] Revoke previously assigned partitions topic-8fc75cb5_35ed_4402_a76a_ba213c65658a-0
2025-08-13 02:16:25,730 INFO  [org.apa.kaf.cli.con.int.ConsumerCoordinator] (Thread-636) [Consumer clientId=consumer-Consumer-topic-8fc75cb5_35ed_4402_a76a_ba213c65658a-6, groupId=Consumer-topic-8fc75cb5_35ed_4402_a76a_ba213c65658a] Member consumer-Consumer-topic-8fc75cb5_35ed_4402_a76a_ba213c65658a-6-9b38b05e-284e-4701-b201-772016566c0e sending LeaveGroup request to coordinator localhost:32769 (id: 2147483647 rack: null) due to the consumer is being closed
2025-08-13 02:16:25,730 INFO  [org.apa.kaf.cli.con.int.ConsumerCoordinator] (Thread-636) [Consumer clientId=consumer-Consumer-topic-8fc75cb5_35ed_4402_a76a_ba213c65658a-6, groupId=Consumer-topic-8fc75cb5_35ed_4402_a76a_ba213c65658a] Resetting generation and member id due to: consumer pro-actively leaving the group
2025-08-13 02:16:25,730 INFO  [org.apa.kaf.cli.con.int.ConsumerCoordinator] (Thread-636) [Consumer clientId=consumer-Consumer-topic-8fc75cb5_35ed_4402_a76a_ba213c65658a-6, groupId=Consumer-topic-8fc75cb5_35ed_4402_a76a_ba213c65658a] Request joining group due to: consumer pro-actively leaving the group
2025-08-13 02:16:26,224 INFO  [org.apa.kaf.com.met.Metrics] (Thread-636) Metrics scheduler closed
2025-08-13 02:16:26,224 INFO  [org.apa.kaf.com.met.Metrics] (Thread-636) Closing reporter org.apache.kafka.common.metrics.JmxReporter
2025-08-13 02:16:26,224 INFO  [org.apa.kaf.com.met.Metrics] (Thread-636) Closing reporter org.apache.kafka.common.telemetry.internals.ClientTelemetryReporter
2025-08-13 02:16:26,224 INFO  [org.apa.kaf.com.met.Metrics] (Thread-636) Metrics reporters closed
2025-08-13 02:16:26,227 INFO  [org.apa.kaf.com.uti.AppInfoParser] (Thread-636) App info kafka.consumer for consumer-Consumer-topic-8fc75cb5_35ed_4402_a76a_ba213c65658a-6 unregistered
2025-08-13 02:16:26,228 INFO  [io.api.tes.uti.TestSeparator] (main) io.apicurio.tests.serdes.apicurio.AvroSerdeIT.testReflectAutoRegister-FINISHED
2025-08-13 02:16:26,228 INFO  [io.api.tes.uti.TestSeparator] (main) ############################################################################
Test passed: testReflectAutoRegister
]]></system-out>
  </testcase>
  <testcase name="testArtifactNotFound" classname="io.apicurio.tests.serdes.apicurio.AvroSerdeIT" time="0.19">
    <system-out><![CDATA[2025-08-13 02:16:26,229 INFO  [io.api.tes.uti.TestSeparator] (main) ############################################################################
2025-08-13 02:16:26,229 INFO  [io.api.tes.uti.TestSeparator] (main) io.apicurio.tests.serdes.apicurio.AvroSerdeIT.testArtifactNotFound-STARTED
**** Registry Base URL: http://registry-app-mysql.apps.ci419.apicurio-testing.org:80
2025-08-13 02:16:26,235 INFO  [org.apa.kaf.cli.pro.ProducerConfig] (main) ProducerConfig values: 
	acks = -1
	auto.include.jmx.reporter = true
	batch.size = 16384
	bootstrap.servers = [PLAINTEXT://localhost:32769]
	buffer.memory = 33554432
	client.dns.lookup = use_all_dns_ips
	client.id = Producer-sc202fc39xccbax409cxb43axd3c9251df617
	compression.gzip.level = -1
	compression.lz4.level = 9
	compression.type = none
	compression.zstd.level = 3
	connections.max.idle.ms = 10000
	delivery.timeout.ms = 120000
	enable.idempotence = true
	enable.metrics.push = true
	interceptor.classes = []
	key.serializer = class org.apache.kafka.common.serialization.StringSerializer
	linger.ms = 0
	max.block.ms = 60000
	max.in.flight.requests.per.connection = 5
	max.request.size = 1048576
	metadata.max.age.ms = 300000
	metadata.max.idle.ms = 300000
	metadata.recovery.strategy = none
	metric.reporters = []
	metrics.num.samples = 2
	metrics.recording.level = INFO
	metrics.sample.window.ms = 30000
	partitioner.adaptive.partitioning.enable = true
	partitioner.availability.timeout.ms = 0
	partitioner.class = null
	partitioner.ignore.keys = false
	receive.buffer.bytes = 32768
	reconnect.backoff.max.ms = 1000
	reconnect.backoff.ms = 50
	request.timeout.ms = 5000
	retries = 2147483647
	retry.backoff.max.ms = 1000
	retry.backoff.ms = 100
	sasl.client.callback.handler.class = null
	sasl.jaas.config = null
	sasl.kerberos.kinit.cmd = /usr/bin/kinit
	sasl.kerberos.min.time.before.relogin = 60000
	sasl.kerberos.service.name = null
	sasl.kerberos.ticket.renew.jitter = 0.05
	sasl.kerberos.ticket.renew.window.factor = 0.8
	sasl.login.callback.handler.class = null
	sasl.login.class = null
	sasl.login.connect.timeout.ms = null
	sasl.login.read.timeout.ms = null
	sasl.login.refresh.buffer.seconds = 300
	sasl.login.refresh.min.period.seconds = 60
	sasl.login.refresh.window.factor = 0.8
	sasl.login.refresh.window.jitter = 0.05
	sasl.login.retry.backoff.max.ms = 10000
	sasl.login.retry.backoff.ms = 100
	sasl.mechanism = GSSAPI
	sasl.oauthbearer.clock.skew.seconds = 30
	sasl.oauthbearer.expected.audience = null
	sasl.oauthbearer.expected.issuer = null
	sasl.oauthbearer.header.urlencode = false
	sasl.oauthbearer.jwks.endpoint.refresh.ms = 3600000
	sasl.oauthbearer.jwks.endpoint.retry.backoff.max.ms = 10000
	sasl.oauthbearer.jwks.endpoint.retry.backoff.ms = 100
	sasl.oauthbearer.jwks.endpoint.url = null
	sasl.oauthbearer.scope.claim.name = scope
	sasl.oauthbearer.sub.claim.name = sub
	sasl.oauthbearer.token.endpoint.url = null
	security.protocol = PLAINTEXT
	security.providers = null
	send.buffer.bytes = 131072
	socket.connection.setup.timeout.max.ms = 30000
	socket.connection.setup.timeout.ms = 10000
	ssl.cipher.suites = null
	ssl.enabled.protocols = [TLSv1.2, TLSv1.3]
	ssl.endpoint.identification.algorithm = https
	ssl.engine.factory.class = null
	ssl.key.password = null
	ssl.keymanager.algorithm = SunX509
	ssl.keystore.certificate.chain = null
	ssl.keystore.key = null
	ssl.keystore.location = null
	ssl.keystore.password = null
	ssl.keystore.type = JKS
	ssl.protocol = TLSv1.3
	ssl.provider = null
	ssl.secure.random.implementation = null
	ssl.trustmanager.algorithm = PKIX
	ssl.truststore.certificates = null
	ssl.truststore.location = null
	ssl.truststore.password = null
	ssl.truststore.type = JKS
	transaction.timeout.ms = 60000
	transactional.id = null
	value.serializer = class io.apicurio.registry.serde.avro.AvroKafkaSerializer

2025-08-13 02:16:26,235 INFO  [org.apa.kaf.com.tel.int.KafkaMetricsCollector] (main) initializing Kafka metrics collector
2025-08-13 02:16:26,240 INFO  [org.apa.kaf.cli.pro.KafkaProducer] (main) [Producer clientId=Producer-sc202fc39xccbax409cxb43axd3c9251df617] Instantiated an idempotent producer.
2025-08-13 02:16:26,243 INFO  [org.apa.kaf.cli.pro.ProducerConfig] (main) These configurations '[apicurio.registry.url, apicurio.registry.artifact-resolver-strategy]' were supplied but are not used yet.
2025-08-13 02:16:26,243 INFO  [org.apa.kaf.com.uti.AppInfoParser] (main) Kafka version: 3.9.1
2025-08-13 02:16:26,243 INFO  [org.apa.kaf.com.uti.AppInfoParser] (main) Kafka commitId: f745dfdcee2b9851
2025-08-13 02:16:26,243 INFO  [org.apa.kaf.com.uti.AppInfoParser] (main) Kafka startTimeMs: 1755051386243
2025-08-13 02:16:26,245 INFO  [io.api.tes.ser.api.KafkaSerdesTester] (Thread-639) Sending message {"keyB": "value-0"} to topic sc202fc39xccbax409cxb43axd3c9251df617
2025-08-13 02:16:26,251 WARN  [org.apa.kaf.cli.NetworkClient] (kafka-producer-network-thread | Producer-sc202fc39xccbax409cxb43axd3c9251df617) [Producer clientId=Producer-sc202fc39xccbax409cxb43axd3c9251df617] The metadata response from the cluster reported a recoverable issue with correlation id 1 : {sc202fc39xccbax409cxb43axd3c9251df617=UNKNOWN_TOPIC_OR_PARTITION}
2025-08-13 02:16:26,252 INFO  [org.apa.kaf.cli.Metadata] (kafka-producer-network-thread | Producer-sc202fc39xccbax409cxb43axd3c9251df617) [Producer clientId=Producer-sc202fc39xccbax409cxb43axd3c9251df617] Cluster ID: rLHX8X_xRIO734wjNEuI8w
2025-08-13 02:16:26,256 INFO  [org.apa.kaf.cli.pro.int.TransactionManager] (kafka-producer-network-thread | Producer-sc202fc39xccbax409cxb43axd3c9251df617) [Producer clientId=Producer-sc202fc39xccbax409cxb43axd3c9251df617] ProducerId set to 7 with epoch 0
2025-08-13 02:16:26,370 INFO  [DefaultSchemaResolver] (Thread-639) Retrieving schema content using string: {"type":"record","name":"myrecord","namespace":"mygroup","fields":[{"name":"keyB","type":"string"}]}
2025-08-13 02:16:26,413 INFO  [org.apa.kaf.cli.pro.KafkaProducer] (Thread-639) [Producer clientId=Producer-sc202fc39xccbax409cxb43axd3c9251df617] Closing the Kafka producer with timeoutMillis = 9223372036854775807 ms.
2025-08-13 02:16:26,418 INFO  [org.apa.kaf.com.met.Metrics] (Thread-639) Metrics scheduler closed
2025-08-13 02:16:26,418 INFO  [org.apa.kaf.com.met.Metrics] (Thread-639) Closing reporter org.apache.kafka.common.metrics.JmxReporter
2025-08-13 02:16:26,418 INFO  [org.apa.kaf.com.met.Metrics] (Thread-639) Closing reporter org.apache.kafka.common.telemetry.internals.ClientTelemetryReporter
2025-08-13 02:16:26,418 INFO  [org.apa.kaf.com.met.Metrics] (Thread-639) Metrics reporters closed
2025-08-13 02:16:26,418 INFO  [org.apa.kaf.com.uti.AppInfoParser] (Thread-639) App info kafka.producer for Producer-sc202fc39xccbax409cxb43axd3c9251df617 unregistered
2025-08-13 02:16:26,419 INFO  [io.api.tes.uti.TestSeparator] (main) io.apicurio.tests.serdes.apicurio.AvroSerdeIT.testArtifactNotFound-FINISHED
2025-08-13 02:16:26,419 INFO  [io.api.tes.uti.TestSeparator] (main) ############################################################################
Test passed: testArtifactNotFound
]]></system-out>
    <system-err><![CDATA[java.lang.RuntimeException: Could not resolve artifact reference by content: {"type":"record","name":"myrecord","namespace":"mygroup","fields":[{"name":"keyB","type":"string"}]}&ArtifactReference [groupId=default, artifactId=sc202fc39xccbax409cxb43axd3c9251df617-value, version=null, globalId=null, contentId=null, contentHash=null]
	at io.apicurio.registry.resolver.DefaultSchemaResolver.lambda$handleResolveSchemaByContent$3(DefaultSchemaResolver.java:265)
	at io.apicurio.registry.resolver.cache.ERCache.lambda$getValue$0(ERCache.java:174)
	at io.apicurio.registry.resolver.cache.ERCache.retry(ERCache.java:227)
	at io.apicurio.registry.resolver.cache.ERCache.getValue(ERCache.java:173)
	at io.apicurio.registry.resolver.cache.ERCache.getByContent(ERCache.java:147)
	at io.apicurio.registry.resolver.DefaultSchemaResolver.handleResolveSchemaByContent(DefaultSchemaResolver.java:253)
	at io.apicurio.registry.resolver.DefaultSchemaResolver.getSchemaFromRegistry(DefaultSchemaResolver.java:138)
	at io.apicurio.registry.resolver.DefaultSchemaResolver.lambda$resolveSchema$0(DefaultSchemaResolver.java:84)
	at java.base/java.util.Optional.orElseGet(Optional.java:364)
	at io.apicurio.registry.resolver.DefaultSchemaResolver.resolveSchema(DefaultSchemaResolver.java:84)
	at io.apicurio.registry.serde.AbstractSerializer.serializeData(AbstractSerializer.java:62)
	at io.apicurio.registry.serde.KafkaSerializer.serialize(KafkaSerializer.java:77)
	at org.apache.kafka.clients.producer.KafkaProducer.doSend(KafkaProducer.java:1046)
	at org.apache.kafka.clients.producer.KafkaProducer.send(KafkaProducer.java:993)
	at org.apache.kafka.clients.producer.KafkaProducer.send(KafkaProducer.java:875)
	at io.apicurio.tests.serdes.apicurio.KafkaSerdesTester.lambda$produceMessages$3(KafkaSerdesTester.java:138)
	at java.base/java.util.concurrent.CompletableFuture$AsyncSupply.run(CompletableFuture.java:1768)
	at java.base/java.lang.Thread.run(Thread.java:840)
]]></system-err>
  </testcase>
  <testcase name="testAvroSerDesFailDifferentSchemaByRecordName" classname="io.apicurio.tests.serdes.apicurio.AvroSerdeIT" time="1.118">
    <system-out><![CDATA[2025-08-13 02:16:26,424 INFO  [io.api.tes.uti.TestSeparator] (main) ############################################################################
2025-08-13 02:16:26,424 INFO  [io.api.tes.uti.TestSeparator] (main) io.apicurio.tests.serdes.apicurio.AvroSerdeIT.testAvroSerDesFailDifferentSchemaByRecordName-STARTED
**** Registry Base URL: http://registry-app-mysql.apps.ci419.apicurio-testing.org:80
2025-08-13 02:16:27,497 INFO  [org.apa.kaf.cli.pro.ProducerConfig] (main) ProducerConfig values: 
	acks = -1
	auto.include.jmx.reporter = true
	batch.size = 16384
	bootstrap.servers = [PLAINTEXT://localhost:32769]
	buffer.memory = 33554432
	client.dns.lookup = use_all_dns_ips
	client.id = Producer-topic-3f958546_772c_4565_a41e_04846c2dae19
	compression.gzip.level = -1
	compression.lz4.level = 9
	compression.type = none
	compression.zstd.level = 3
	connections.max.idle.ms = 10000
	delivery.timeout.ms = 120000
	enable.idempotence = true
	enable.metrics.push = true
	interceptor.classes = []
	key.serializer = class org.apache.kafka.common.serialization.StringSerializer
	linger.ms = 0
	max.block.ms = 60000
	max.in.flight.requests.per.connection = 5
	max.request.size = 1048576
	metadata.max.age.ms = 300000
	metadata.max.idle.ms = 300000
	metadata.recovery.strategy = none
	metric.reporters = []
	metrics.num.samples = 2
	metrics.recording.level = INFO
	metrics.sample.window.ms = 30000
	partitioner.adaptive.partitioning.enable = true
	partitioner.availability.timeout.ms = 0
	partitioner.class = null
	partitioner.ignore.keys = false
	receive.buffer.bytes = 32768
	reconnect.backoff.max.ms = 1000
	reconnect.backoff.ms = 50
	request.timeout.ms = 5000
	retries = 2147483647
	retry.backoff.max.ms = 1000
	retry.backoff.ms = 100
	sasl.client.callback.handler.class = null
	sasl.jaas.config = null
	sasl.kerberos.kinit.cmd = /usr/bin/kinit
	sasl.kerberos.min.time.before.relogin = 60000
	sasl.kerberos.service.name = null
	sasl.kerberos.ticket.renew.jitter = 0.05
	sasl.kerberos.ticket.renew.window.factor = 0.8
	sasl.login.callback.handler.class = null
	sasl.login.class = null
	sasl.login.connect.timeout.ms = null
	sasl.login.read.timeout.ms = null
	sasl.login.refresh.buffer.seconds = 300
	sasl.login.refresh.min.period.seconds = 60
	sasl.login.refresh.window.factor = 0.8
	sasl.login.refresh.window.jitter = 0.05
	sasl.login.retry.backoff.max.ms = 10000
	sasl.login.retry.backoff.ms = 100
	sasl.mechanism = GSSAPI
	sasl.oauthbearer.clock.skew.seconds = 30
	sasl.oauthbearer.expected.audience = null
	sasl.oauthbearer.expected.issuer = null
	sasl.oauthbearer.header.urlencode = false
	sasl.oauthbearer.jwks.endpoint.refresh.ms = 3600000
	sasl.oauthbearer.jwks.endpoint.retry.backoff.max.ms = 10000
	sasl.oauthbearer.jwks.endpoint.retry.backoff.ms = 100
	sasl.oauthbearer.jwks.endpoint.url = null
	sasl.oauthbearer.scope.claim.name = scope
	sasl.oauthbearer.sub.claim.name = sub
	sasl.oauthbearer.token.endpoint.url = null
	security.protocol = PLAINTEXT
	security.providers = null
	send.buffer.bytes = 131072
	socket.connection.setup.timeout.max.ms = 30000
	socket.connection.setup.timeout.ms = 10000
	ssl.cipher.suites = null
	ssl.enabled.protocols = [TLSv1.2, TLSv1.3]
	ssl.endpoint.identification.algorithm = https
	ssl.engine.factory.class = null
	ssl.key.password = null
	ssl.keymanager.algorithm = SunX509
	ssl.keystore.certificate.chain = null
	ssl.keystore.key = null
	ssl.keystore.location = null
	ssl.keystore.password = null
	ssl.keystore.type = JKS
	ssl.protocol = TLSv1.3
	ssl.provider = null
	ssl.secure.random.implementation = null
	ssl.trustmanager.algorithm = PKIX
	ssl.truststore.certificates = null
	ssl.truststore.location = null
	ssl.truststore.password = null
	ssl.truststore.type = JKS
	transaction.timeout.ms = 60000
	transactional.id = null
	value.serializer = class io.apicurio.registry.serde.avro.AvroKafkaSerializer

2025-08-13 02:16:27,497 INFO  [org.apa.kaf.com.tel.int.KafkaMetricsCollector] (main) initializing Kafka metrics collector
2025-08-13 02:16:27,501 INFO  [org.apa.kaf.cli.pro.KafkaProducer] (main) [Producer clientId=Producer-topic-3f958546_772c_4565_a41e_04846c2dae19] Instantiated an idempotent producer.
2025-08-13 02:16:27,503 INFO  [org.apa.kaf.cli.pro.ProducerConfig] (main) These configurations '[apicurio.registry.find-latest, apicurio.registry.url, apicurio.registry.artifact-resolver-strategy]' were supplied but are not used yet.
2025-08-13 02:16:27,503 INFO  [org.apa.kaf.com.uti.AppInfoParser] (main) Kafka version: 3.9.1
2025-08-13 02:16:27,503 INFO  [org.apa.kaf.com.uti.AppInfoParser] (main) Kafka commitId: f745dfdcee2b9851
2025-08-13 02:16:27,503 INFO  [org.apa.kaf.com.uti.AppInfoParser] (main) Kafka startTimeMs: 1755051387503
2025-08-13 02:16:27,505 INFO  [io.api.tes.ser.api.KafkaSerdesTester] (Thread-642) Sending message {"keyB": "value-0"} to topic topic-3f958546_772c_4565_a41e_04846c2dae19
2025-08-13 02:16:27,510 INFO  [org.apa.kaf.cli.Metadata] (kafka-producer-network-thread | Producer-topic-3f958546_772c_4565_a41e_04846c2dae19) [Producer clientId=Producer-topic-3f958546_772c_4565_a41e_04846c2dae19] Cluster ID: rLHX8X_xRIO734wjNEuI8w
2025-08-13 02:16:27,512 INFO  [org.apa.kaf.cli.pro.int.TransactionManager] (kafka-producer-network-thread | Producer-topic-3f958546_772c_4565_a41e_04846c2dae19) [Producer clientId=Producer-topic-3f958546_772c_4565_a41e_04846c2dae19] ProducerId set to 8 with epoch 0
2025-08-13 02:16:27,533 INFO  [org.apa.kaf.cli.pro.KafkaProducer] (Thread-642) [Producer clientId=Producer-topic-3f958546_772c_4565_a41e_04846c2dae19] Closing the Kafka producer with timeoutMillis = 9223372036854775807 ms.
2025-08-13 02:16:27,536 INFO  [org.apa.kaf.com.met.Metrics] (Thread-642) Metrics scheduler closed
2025-08-13 02:16:27,536 INFO  [org.apa.kaf.com.met.Metrics] (Thread-642) Closing reporter org.apache.kafka.common.metrics.JmxReporter
2025-08-13 02:16:27,536 INFO  [org.apa.kaf.com.met.Metrics] (Thread-642) Closing reporter org.apache.kafka.common.telemetry.internals.ClientTelemetryReporter
2025-08-13 02:16:27,536 INFO  [org.apa.kaf.com.met.Metrics] (Thread-642) Metrics reporters closed
2025-08-13 02:16:27,536 INFO  [org.apa.kaf.com.uti.AppInfoParser] (Thread-642) App info kafka.producer for Producer-topic-3f958546_772c_4565_a41e_04846c2dae19 unregistered
2025-08-13 02:16:27,537 INFO  [io.api.tes.uti.TestSeparator] (main) io.apicurio.tests.serdes.apicurio.AvroSerdeIT.testAvroSerDesFailDifferentSchemaByRecordName-FINISHED
2025-08-13 02:16:27,537 INFO  [io.api.tes.uti.TestSeparator] (main) ############################################################################
Test passed: testAvroSerDesFailDifferentSchemaByRecordName
]]></system-out>
    <system-err><![CDATA[io.apicurio.registry.rest.client.models.ProblemDetails
	at io.apicurio.registry.rest.client.models.ProblemDetails.createFromDiscriminatorValue(ProblemDetails.java:58)
	at io.kiota.serialization.json.JsonParseNode.getObjectValue(JsonParseNode.java:247)
	at io.kiota.http.vertx.VertXRequestAdapter.lambda$throwIfFailedResponse$0(VertXRequestAdapter.java:400)
	at com.microsoft.kiota.ApiExceptionBuilder.<init>(ApiExceptionBuilder.java:26)
	at io.kiota.http.vertx.VertXRequestAdapter.throwIfFailedResponse(VertXRequestAdapter.java:399)
	at io.kiota.http.vertx.VertXRequestAdapter.send(VertXRequestAdapter.java:170)
	at io.apicurio.registry.rest.client.groups.item.artifacts.item.versions.item.WithVersionExpressionItemRequestBuilder.get(WithVersionExpressionItemRequestBuilder.java:128)
	at io.apicurio.registry.rest.client.groups.item.artifacts.item.versions.item.WithVersionExpressionItemRequestBuilder.get(WithVersionExpressionItemRequestBuilder.java:111)
	at io.apicurio.registry.resolver.client.RegistryClientFacadeImpl.getVersionCoordinatesByGAV(RegistryClientFacadeImpl.java:159)
	at io.apicurio.registry.resolver.DefaultSchemaResolver.resolveByCoordinates(DefaultSchemaResolver.java:352)
	at io.apicurio.registry.resolver.DefaultSchemaResolver.lambda$resolveSchemaByArtifactReferenceCached$6(DefaultSchemaResolver.java:340)
	at io.apicurio.registry.resolver.cache.ERCache.lambda$getValue$0(ERCache.java:174)
	at io.apicurio.registry.resolver.cache.ERCache.retry(ERCache.java:227)
	at io.apicurio.registry.resolver.cache.ERCache.getValue(ERCache.java:173)
	at io.apicurio.registry.resolver.cache.ERCache.getByArtifactCoordinates(ERCache.java:158)
	at io.apicurio.registry.resolver.DefaultSchemaResolver.resolveSchemaByArtifactReferenceCached(DefaultSchemaResolver.java:338)
	at io.apicurio.registry.resolver.DefaultSchemaResolver.resolveSchemaByCoordinates(DefaultSchemaResolver.java:193)
	at io.apicurio.registry.resolver.DefaultSchemaResolver.getSchemaFromRegistry(DefaultSchemaResolver.java:130)
	at io.apicurio.registry.resolver.DefaultSchemaResolver.lambda$resolveSchema$0(DefaultSchemaResolver.java:84)
	at java.base/java.util.Optional.orElseGet(Optional.java:364)
	at io.apicurio.registry.resolver.DefaultSchemaResolver.resolveSchema(DefaultSchemaResolver.java:84)
	at io.apicurio.registry.serde.AbstractSerializer.serializeData(AbstractSerializer.java:62)
	at io.apicurio.registry.serde.KafkaSerializer.serialize(KafkaSerializer.java:77)
	at org.apache.kafka.clients.producer.KafkaProducer.doSend(KafkaProducer.java:1046)
	at org.apache.kafka.clients.producer.KafkaProducer.send(KafkaProducer.java:993)
	at org.apache.kafka.clients.producer.KafkaProducer.send(KafkaProducer.java:875)
	at io.apicurio.tests.serdes.apicurio.KafkaSerdesTester.lambda$produceMessages$3(KafkaSerdesTester.java:138)
	at java.base/java.util.concurrent.CompletableFuture$AsyncSupply.run(CompletableFuture.java:1768)
	at java.base/java.lang.Thread.run(Thread.java:840)
]]></system-err>
  </testcase>
  <testcase name="testTopicIdStrategyFindLatest" classname="io.apicurio.tests.serdes.apicurio.AvroSerdeIT" time="4.764">
    <system-out><![CDATA[2025-08-13 02:16:27,541 INFO  [io.api.tes.uti.TestSeparator] (main) ############################################################################
2025-08-13 02:16:27,541 INFO  [io.api.tes.uti.TestSeparator] (main) io.apicurio.tests.serdes.apicurio.AvroSerdeIT.testTopicIdStrategyFindLatest-STARTED
2025-08-13 02:16:27,542 INFO  [io.api.tes.ser.api.AvroSerdeIT] (main) Registering Avro Schema: {"type":"record","name":"myrecordapicurio1","fields":[{"name":"key11755051387542","type":"string"}]}
**** Registry Base URL: http://registry-app-mysql.apps.ci419.apicurio-testing.org:80
2025-08-13 02:16:28,600 INFO  [org.apa.kaf.cli.pro.ProducerConfig] (main) ProducerConfig values: 
	acks = -1
	auto.include.jmx.reporter = true
	batch.size = 16384
	bootstrap.servers = [PLAINTEXT://localhost:32769]
	buffer.memory = 33554432
	client.dns.lookup = use_all_dns_ips
	client.id = Producer-topic-1a4c7a18_7f47_4756_b906_0622927db513
	compression.gzip.level = -1
	compression.lz4.level = 9
	compression.type = none
	compression.zstd.level = 3
	connections.max.idle.ms = 10000
	delivery.timeout.ms = 120000
	enable.idempotence = true
	enable.metrics.push = true
	interceptor.classes = []
	key.serializer = class org.apache.kafka.common.serialization.StringSerializer
	linger.ms = 0
	max.block.ms = 60000
	max.in.flight.requests.per.connection = 5
	max.request.size = 1048576
	metadata.max.age.ms = 300000
	metadata.max.idle.ms = 300000
	metadata.recovery.strategy = none
	metric.reporters = []
	metrics.num.samples = 2
	metrics.recording.level = INFO
	metrics.sample.window.ms = 30000
	partitioner.adaptive.partitioning.enable = true
	partitioner.availability.timeout.ms = 0
	partitioner.class = null
	partitioner.ignore.keys = false
	receive.buffer.bytes = 32768
	reconnect.backoff.max.ms = 1000
	reconnect.backoff.ms = 50
	request.timeout.ms = 5000
	retries = 2147483647
	retry.backoff.max.ms = 1000
	retry.backoff.ms = 100
	sasl.client.callback.handler.class = null
	sasl.jaas.config = null
	sasl.kerberos.kinit.cmd = /usr/bin/kinit
	sasl.kerberos.min.time.before.relogin = 60000
	sasl.kerberos.service.name = null
	sasl.kerberos.ticket.renew.jitter = 0.05
	sasl.kerberos.ticket.renew.window.factor = 0.8
	sasl.login.callback.handler.class = null
	sasl.login.class = null
	sasl.login.connect.timeout.ms = null
	sasl.login.read.timeout.ms = null
	sasl.login.refresh.buffer.seconds = 300
	sasl.login.refresh.min.period.seconds = 60
	sasl.login.refresh.window.factor = 0.8
	sasl.login.refresh.window.jitter = 0.05
	sasl.login.retry.backoff.max.ms = 10000
	sasl.login.retry.backoff.ms = 100
	sasl.mechanism = GSSAPI
	sasl.oauthbearer.clock.skew.seconds = 30
	sasl.oauthbearer.expected.audience = null
	sasl.oauthbearer.expected.issuer = null
	sasl.oauthbearer.header.urlencode = false
	sasl.oauthbearer.jwks.endpoint.refresh.ms = 3600000
	sasl.oauthbearer.jwks.endpoint.retry.backoff.max.ms = 10000
	sasl.oauthbearer.jwks.endpoint.retry.backoff.ms = 100
	sasl.oauthbearer.jwks.endpoint.url = null
	sasl.oauthbearer.scope.claim.name = scope
	sasl.oauthbearer.sub.claim.name = sub
	sasl.oauthbearer.token.endpoint.url = null
	security.protocol = PLAINTEXT
	security.providers = null
	send.buffer.bytes = 131072
	socket.connection.setup.timeout.max.ms = 30000
	socket.connection.setup.timeout.ms = 10000
	ssl.cipher.suites = null
	ssl.enabled.protocols = [TLSv1.2, TLSv1.3]
	ssl.endpoint.identification.algorithm = https
	ssl.engine.factory.class = null
	ssl.key.password = null
	ssl.keymanager.algorithm = SunX509
	ssl.keystore.certificate.chain = null
	ssl.keystore.key = null
	ssl.keystore.location = null
	ssl.keystore.password = null
	ssl.keystore.type = JKS
	ssl.protocol = TLSv1.3
	ssl.provider = null
	ssl.secure.random.implementation = null
	ssl.trustmanager.algorithm = PKIX
	ssl.truststore.certificates = null
	ssl.truststore.location = null
	ssl.truststore.password = null
	ssl.truststore.type = JKS
	transaction.timeout.ms = 60000
	transactional.id = null
	value.serializer = class io.apicurio.registry.serde.avro.AvroKafkaSerializer

2025-08-13 02:16:28,600 INFO  [org.apa.kaf.com.tel.int.KafkaMetricsCollector] (main) initializing Kafka metrics collector
2025-08-13 02:16:28,604 INFO  [org.apa.kaf.cli.pro.KafkaProducer] (main) [Producer clientId=Producer-topic-1a4c7a18_7f47_4756_b906_0622927db513] Instantiated an idempotent producer.
2025-08-13 02:16:28,606 INFO  [org.apa.kaf.cli.pro.ProducerConfig] (main) These configurations '[apicurio.registry.find-latest, apicurio.registry.url, apicurio.registry.artifact-resolver-strategy]' were supplied but are not used yet.
2025-08-13 02:16:28,606 INFO  [org.apa.kaf.com.uti.AppInfoParser] (main) Kafka version: 3.9.1
2025-08-13 02:16:28,606 INFO  [org.apa.kaf.com.uti.AppInfoParser] (main) Kafka commitId: f745dfdcee2b9851
2025-08-13 02:16:28,606 INFO  [org.apa.kaf.com.uti.AppInfoParser] (main) Kafka startTimeMs: 1755051388606
2025-08-13 02:16:28,606 INFO  [io.api.tes.ser.api.SimpleSerdesTesterBuilder$SimpleSerdesTester] (main) Using producer configuration: {apicurio.registry.find-latest=true, apicurio.registry.url=http://registry-app-mysql.apps.ci419.apicurio-testing.org:80/apis/registry/v3, apicurio.registry.artifact-resolver-strategy=io.apicurio.registry.serde.strategy.TopicIdStrategy, value.serializer=io.apicurio.registry.serde.avro.AvroKafkaSerializer, request.timeout.ms=5000, acks=all, bootstrap.servers=PLAINTEXT://localhost:32769, connections.max.idle.ms=10000, key.serializer=org.apache.kafka.common.serialization.StringSerializer, client.id=Producer-topic-1a4c7a18_7f47_4756_b906_0622927db513}
2025-08-13 02:16:28,606 INFO  [io.api.tes.ser.api.SimpleSerdesTesterBuilder$SimpleSerdesTester] (main) Using consumer configuration: {}
2025-08-13 02:16:28,608 INFO  [io.api.tes.ser.api.KafkaSerdesTester] (Thread-645) Sending message {"key11755051387542": "value-0"} to topic topic-1a4c7a18_7f47_4756_b906_0622927db513
2025-08-13 02:16:28,613 INFO  [org.apa.kaf.cli.Metadata] (kafka-producer-network-thread | Producer-topic-1a4c7a18_7f47_4756_b906_0622927db513) [Producer clientId=Producer-topic-1a4c7a18_7f47_4756_b906_0622927db513] Cluster ID: rLHX8X_xRIO734wjNEuI8w
2025-08-13 02:16:28,614 INFO  [org.apa.kaf.cli.pro.int.TransactionManager] (kafka-producer-network-thread | Producer-topic-1a4c7a18_7f47_4756_b906_0622927db513) [Producer clientId=Producer-topic-1a4c7a18_7f47_4756_b906_0622927db513] ProducerId set to 9 with epoch 0
2025-08-13 02:16:28,665 INFO  [io.api.tes.ser.api.KafkaSerdesTester] (Thread-645) Sending message {"key11755051387542": "value-1"} to topic topic-1a4c7a18_7f47_4756_b906_0622927db513
2025-08-13 02:16:28,667 INFO  [io.api.tes.ser.api.KafkaSerdesTester] (Thread-645) Sending message {"key11755051387542": "value-2"} to topic topic-1a4c7a18_7f47_4756_b906_0622927db513
2025-08-13 02:16:28,669 INFO  [io.api.tes.ser.api.KafkaSerdesTester] (Thread-645) Sending message {"key11755051387542": "value-3"} to topic topic-1a4c7a18_7f47_4756_b906_0622927db513
2025-08-13 02:16:28,672 INFO  [io.api.tes.ser.api.KafkaSerdesTester] (Thread-645) Sending message {"key11755051387542": "value-4"} to topic topic-1a4c7a18_7f47_4756_b906_0622927db513
2025-08-13 02:16:28,674 INFO  [io.api.tes.ser.api.KafkaSerdesTester] (Thread-645) Sending message {"key11755051387542": "value-5"} to topic topic-1a4c7a18_7f47_4756_b906_0622927db513
2025-08-13 02:16:28,676 INFO  [io.api.tes.ser.api.KafkaSerdesTester] (Thread-645) Sending message {"key11755051387542": "value-6"} to topic topic-1a4c7a18_7f47_4756_b906_0622927db513
2025-08-13 02:16:28,677 INFO  [io.api.tes.ser.api.KafkaSerdesTester] (Thread-645) Sending message {"key11755051387542": "value-7"} to topic topic-1a4c7a18_7f47_4756_b906_0622927db513
2025-08-13 02:16:28,681 INFO  [io.api.tes.ser.api.KafkaSerdesTester] (Thread-645) Sending message {"key11755051387542": "value-8"} to topic topic-1a4c7a18_7f47_4756_b906_0622927db513
2025-08-13 02:16:28,687 INFO  [io.api.tes.ser.api.KafkaSerdesTester] (Thread-645) Sending message {"key11755051387542": "value-9"} to topic topic-1a4c7a18_7f47_4756_b906_0622927db513
2025-08-13 02:16:28,691 INFO  [io.api.tes.ser.api.KafkaSerdesTester] (Thread-645) Produced 10 messages
2025-08-13 02:16:28,691 INFO  [org.apa.kaf.cli.pro.KafkaProducer] (Thread-645) [Producer clientId=Producer-topic-1a4c7a18_7f47_4756_b906_0622927db513] Closing the Kafka producer with timeoutMillis = 9223372036854775807 ms.
2025-08-13 02:16:28,694 INFO  [org.apa.kaf.com.met.Metrics] (Thread-645) Metrics scheduler closed
2025-08-13 02:16:28,694 INFO  [org.apa.kaf.com.met.Metrics] (Thread-645) Closing reporter org.apache.kafka.common.metrics.JmxReporter
2025-08-13 02:16:28,694 INFO  [org.apa.kaf.com.met.Metrics] (Thread-645) Closing reporter org.apache.kafka.common.telemetry.internals.ClientTelemetryReporter
2025-08-13 02:16:28,694 INFO  [org.apa.kaf.com.met.Metrics] (Thread-645) Metrics reporters closed
2025-08-13 02:16:28,695 INFO  [org.apa.kaf.com.uti.AppInfoParser] (Thread-645) App info kafka.producer for Producer-topic-1a4c7a18_7f47_4756_b906_0622927db513 unregistered
**** Registry Base URL: http://registry-app-mysql.apps.ci419.apicurio-testing.org:80
2025-08-13 02:16:28,696 INFO  [org.apa.kaf.cli.con.ConsumerConfig] (main) ConsumerConfig values: 
	allow.auto.create.topics = true
	auto.commit.interval.ms = 500
	auto.include.jmx.reporter = true
	auto.offset.reset = earliest
	bootstrap.servers = [PLAINTEXT://localhost:32769]
	check.crcs = true
	client.dns.lookup = use_all_dns_ips
	client.id = consumer-Consumer-topic-1a4c7a18_7f47_4756_b906_0622927db513-7
	client.rack = 
	connections.max.idle.ms = 10000
	default.api.timeout.ms = 60000
	enable.auto.commit = true
	enable.metrics.push = true
	exclude.internal.topics = true
	fetch.max.bytes = 52428800
	fetch.max.wait.ms = 500
	fetch.min.bytes = 1
	group.id = Consumer-topic-1a4c7a18_7f47_4756_b906_0622927db513
	group.instance.id = null
	group.protocol = classic
	group.remote.assignor = null
	heartbeat.interval.ms = 3000
	interceptor.classes = []
	internal.leave.group.on.close = true
	internal.throw.on.fetch.stable.offset.unsupported = false
	isolation.level = read_uncommitted
	key.deserializer = class org.apache.kafka.common.serialization.StringDeserializer
	max.partition.fetch.bytes = 1048576
	max.poll.interval.ms = 300000
	max.poll.records = 500
	metadata.max.age.ms = 300000
	metadata.recovery.strategy = none
	metric.reporters = []
	metrics.num.samples = 2
	metrics.recording.level = INFO
	metrics.sample.window.ms = 30000
	partition.assignment.strategy = [class org.apache.kafka.clients.consumer.RangeAssignor, class org.apache.kafka.clients.consumer.CooperativeStickyAssignor]
	receive.buffer.bytes = 65536
	reconnect.backoff.max.ms = 1000
	reconnect.backoff.ms = 50
	request.timeout.ms = 5000
	retry.backoff.max.ms = 1000
	retry.backoff.ms = 100
	sasl.client.callback.handler.class = null
	sasl.jaas.config = null
	sasl.kerberos.kinit.cmd = /usr/bin/kinit
	sasl.kerberos.min.time.before.relogin = 60000
	sasl.kerberos.service.name = null
	sasl.kerberos.ticket.renew.jitter = 0.05
	sasl.kerberos.ticket.renew.window.factor = 0.8
	sasl.login.callback.handler.class = null
	sasl.login.class = null
	sasl.login.connect.timeout.ms = null
	sasl.login.read.timeout.ms = null
	sasl.login.refresh.buffer.seconds = 300
	sasl.login.refresh.min.period.seconds = 60
	sasl.login.refresh.window.factor = 0.8
	sasl.login.refresh.window.jitter = 0.05
	sasl.login.retry.backoff.max.ms = 10000
	sasl.login.retry.backoff.ms = 100
	sasl.mechanism = GSSAPI
	sasl.oauthbearer.clock.skew.seconds = 30
	sasl.oauthbearer.expected.audience = null
	sasl.oauthbearer.expected.issuer = null
	sasl.oauthbearer.header.urlencode = false
	sasl.oauthbearer.jwks.endpoint.refresh.ms = 3600000
	sasl.oauthbearer.jwks.endpoint.retry.backoff.max.ms = 10000
	sasl.oauthbearer.jwks.endpoint.retry.backoff.ms = 100
	sasl.oauthbearer.jwks.endpoint.url = null
	sasl.oauthbearer.scope.claim.name = scope
	sasl.oauthbearer.sub.claim.name = sub
	sasl.oauthbearer.token.endpoint.url = null
	security.protocol = PLAINTEXT
	security.providers = null
	send.buffer.bytes = 131072
	session.timeout.ms = 45000
	socket.connection.setup.timeout.max.ms = 30000
	socket.connection.setup.timeout.ms = 10000
	ssl.cipher.suites = null
	ssl.enabled.protocols = [TLSv1.2, TLSv1.3]
	ssl.endpoint.identification.algorithm = https
	ssl.engine.factory.class = null
	ssl.key.password = null
	ssl.keymanager.algorithm = SunX509
	ssl.keystore.certificate.chain = null
	ssl.keystore.key = null
	ssl.keystore.location = null
	ssl.keystore.password = null
	ssl.keystore.type = JKS
	ssl.protocol = TLSv1.3
	ssl.provider = null
	ssl.secure.random.implementation = null
	ssl.trustmanager.algorithm = PKIX
	ssl.truststore.certificates = null
	ssl.truststore.location = null
	ssl.truststore.password = null
	ssl.truststore.type = JKS
	value.deserializer = class io.apicurio.registry.serde.avro.AvroKafkaDeserializer

2025-08-13 02:16:28,696 INFO  [org.apa.kaf.com.tel.int.KafkaMetricsCollector] (main) initializing Kafka metrics collector
2025-08-13 02:16:28,711 INFO  [org.apa.kaf.cli.con.ConsumerConfig] (main) These configurations '[apicurio.registry.url]' were supplied but are not used yet.
2025-08-13 02:16:28,711 INFO  [org.apa.kaf.com.uti.AppInfoParser] (main) Kafka version: 3.9.1
2025-08-13 02:16:28,711 INFO  [org.apa.kaf.com.uti.AppInfoParser] (main) Kafka commitId: f745dfdcee2b9851
2025-08-13 02:16:28,711 INFO  [org.apa.kaf.com.uti.AppInfoParser] (main) Kafka startTimeMs: 1755051388711
2025-08-13 02:16:28,717 INFO  [org.apa.kaf.cli.con.int.ClassicKafkaConsumer] (Thread-648) [Consumer clientId=consumer-Consumer-topic-1a4c7a18_7f47_4756_b906_0622927db513-7, groupId=Consumer-topic-1a4c7a18_7f47_4756_b906_0622927db513] Subscribed to topic(s): topic-1a4c7a18_7f47_4756_b906_0622927db513
2025-08-13 02:16:28,729 INFO  [org.apa.kaf.cli.Metadata] (Thread-648) [Consumer clientId=consumer-Consumer-topic-1a4c7a18_7f47_4756_b906_0622927db513-7, groupId=Consumer-topic-1a4c7a18_7f47_4756_b906_0622927db513] Cluster ID: rLHX8X_xRIO734wjNEuI8w
2025-08-13 02:16:28,730 INFO  [org.apa.kaf.cli.con.int.ConsumerCoordinator] (Thread-648) [Consumer clientId=consumer-Consumer-topic-1a4c7a18_7f47_4756_b906_0622927db513-7, groupId=Consumer-topic-1a4c7a18_7f47_4756_b906_0622927db513] Discovered group coordinator localhost:32769 (id: 2147483647 rack: null)
2025-08-13 02:16:28,733 INFO  [org.apa.kaf.cli.con.int.ConsumerCoordinator] (Thread-648) [Consumer clientId=consumer-Consumer-topic-1a4c7a18_7f47_4756_b906_0622927db513-7, groupId=Consumer-topic-1a4c7a18_7f47_4756_b906_0622927db513] (Re-)joining group
2025-08-13 02:16:28,743 INFO  [org.apa.kaf.cli.con.int.ConsumerCoordinator] (Thread-648) [Consumer clientId=consumer-Consumer-topic-1a4c7a18_7f47_4756_b906_0622927db513-7, groupId=Consumer-topic-1a4c7a18_7f47_4756_b906_0622927db513] Request joining group due to: need to re-join with the given member-id: consumer-Consumer-topic-1a4c7a18_7f47_4756_b906_0622927db513-7-fea8bd72-370c-4adc-8de6-7248953b7e68
2025-08-13 02:16:28,743 INFO  [org.apa.kaf.cli.con.int.ConsumerCoordinator] (Thread-648) [Consumer clientId=consumer-Consumer-topic-1a4c7a18_7f47_4756_b906_0622927db513-7, groupId=Consumer-topic-1a4c7a18_7f47_4756_b906_0622927db513] (Re-)joining group
2025-08-13 02:16:29,717 INFO  [io.api.tes.ser.api.KafkaSerdesTester] (Thread-648) None found
2025-08-13 02:16:30,719 INFO  [io.api.tes.ser.api.KafkaSerdesTester] (Thread-648) None found
2025-08-13 02:16:31,719 INFO  [io.api.tes.ser.api.KafkaSerdesTester] (Thread-648) None found
2025-08-13 02:16:31,751 INFO  [org.apa.kaf.cli.con.int.ConsumerCoordinator] (Thread-648) [Consumer clientId=consumer-Consumer-topic-1a4c7a18_7f47_4756_b906_0622927db513-7, groupId=Consumer-topic-1a4c7a18_7f47_4756_b906_0622927db513] Successfully joined group with generation Generation{generationId=1, memberId='consumer-Consumer-topic-1a4c7a18_7f47_4756_b906_0622927db513-7-fea8bd72-370c-4adc-8de6-7248953b7e68', protocol='range'}
2025-08-13 02:16:31,752 INFO  [org.apa.kaf.cli.con.int.ConsumerCoordinator] (Thread-648) [Consumer clientId=consumer-Consumer-topic-1a4c7a18_7f47_4756_b906_0622927db513-7, groupId=Consumer-topic-1a4c7a18_7f47_4756_b906_0622927db513] Finished assignment for group at generation 1: {consumer-Consumer-topic-1a4c7a18_7f47_4756_b906_0622927db513-7-fea8bd72-370c-4adc-8de6-7248953b7e68=Assignment(partitions=[topic-1a4c7a18_7f47_4756_b906_0622927db513-0])}
2025-08-13 02:16:31,759 INFO  [org.apa.kaf.cli.con.int.ConsumerCoordinator] (Thread-648) [Consumer clientId=consumer-Consumer-topic-1a4c7a18_7f47_4756_b906_0622927db513-7, groupId=Consumer-topic-1a4c7a18_7f47_4756_b906_0622927db513] Successfully synced group in generation Generation{generationId=1, memberId='consumer-Consumer-topic-1a4c7a18_7f47_4756_b906_0622927db513-7-fea8bd72-370c-4adc-8de6-7248953b7e68', protocol='range'}
2025-08-13 02:16:31,759 INFO  [org.apa.kaf.cli.con.int.ConsumerCoordinator] (Thread-648) [Consumer clientId=consumer-Consumer-topic-1a4c7a18_7f47_4756_b906_0622927db513-7, groupId=Consumer-topic-1a4c7a18_7f47_4756_b906_0622927db513] Notifying assignor about the new Assignment(partitions=[topic-1a4c7a18_7f47_4756_b906_0622927db513-0])
2025-08-13 02:16:31,759 INFO  [org.apa.kaf.cli.con.int.ConsumerRebalanceListenerInvoker] (Thread-648) [Consumer clientId=consumer-Consumer-topic-1a4c7a18_7f47_4756_b906_0622927db513-7, groupId=Consumer-topic-1a4c7a18_7f47_4756_b906_0622927db513] Adding newly assigned partitions: topic-1a4c7a18_7f47_4756_b906_0622927db513-0
2025-08-13 02:16:31,760 INFO  [org.apa.kaf.cli.con.int.ConsumerCoordinator] (Thread-648) [Consumer clientId=consumer-Consumer-topic-1a4c7a18_7f47_4756_b906_0622927db513-7, groupId=Consumer-topic-1a4c7a18_7f47_4756_b906_0622927db513] Found no committed offset for partition topic-1a4c7a18_7f47_4756_b906_0622927db513-0
2025-08-13 02:16:31,764 INFO  [org.apa.kaf.cli.con.int.SubscriptionState] (Thread-648) [Consumer clientId=consumer-Consumer-topic-1a4c7a18_7f47_4756_b906_0622927db513-7, groupId=Consumer-topic-1a4c7a18_7f47_4756_b906_0622927db513] Resetting offset for partition topic-1a4c7a18_7f47_4756_b906_0622927db513-0 to position FetchPosition{offset=0, offsetEpoch=Optional.empty, currentLeader=LeaderAndEpoch{leader=Optional[localhost:32769 (id: 0 rack: null)], epoch=0}}.
2025-08-13 02:16:31,796 INFO  [io.api.tes.ser.api.KafkaSerdesTester] (Thread-648) topic-1a4c7a18_7f47_4756_b906_0622927db513 0 0 {"key11755051387542": "value-0"}
2025-08-13 02:16:31,796 INFO  [io.api.tes.ser.api.KafkaSerdesTester] (Thread-648) topic-1a4c7a18_7f47_4756_b906_0622927db513 0 1 {"key11755051387542": "value-1"}
2025-08-13 02:16:31,796 INFO  [io.api.tes.ser.api.KafkaSerdesTester] (Thread-648) topic-1a4c7a18_7f47_4756_b906_0622927db513 0 2 {"key11755051387542": "value-2"}
2025-08-13 02:16:31,797 INFO  [io.api.tes.ser.api.KafkaSerdesTester] (Thread-648) topic-1a4c7a18_7f47_4756_b906_0622927db513 0 3 {"key11755051387542": "value-3"}
2025-08-13 02:16:31,797 INFO  [io.api.tes.ser.api.KafkaSerdesTester] (Thread-648) topic-1a4c7a18_7f47_4756_b906_0622927db513 0 4 {"key11755051387542": "value-4"}
2025-08-13 02:16:31,797 INFO  [io.api.tes.ser.api.KafkaSerdesTester] (Thread-648) topic-1a4c7a18_7f47_4756_b906_0622927db513 0 5 {"key11755051387542": "value-5"}
2025-08-13 02:16:31,797 INFO  [io.api.tes.ser.api.KafkaSerdesTester] (Thread-648) topic-1a4c7a18_7f47_4756_b906_0622927db513 0 6 {"key11755051387542": "value-6"}
2025-08-13 02:16:31,797 INFO  [io.api.tes.ser.api.KafkaSerdesTester] (Thread-648) topic-1a4c7a18_7f47_4756_b906_0622927db513 0 7 {"key11755051387542": "value-7"}
2025-08-13 02:16:31,797 INFO  [io.api.tes.ser.api.KafkaSerdesTester] (Thread-648) topic-1a4c7a18_7f47_4756_b906_0622927db513 0 8 {"key11755051387542": "value-8"}
2025-08-13 02:16:31,797 INFO  [io.api.tes.ser.api.KafkaSerdesTester] (Thread-648) topic-1a4c7a18_7f47_4756_b906_0622927db513 0 9 {"key11755051387542": "value-9"}
2025-08-13 02:16:31,797 INFO  [io.api.tes.ser.api.KafkaSerdesTester] (Thread-648) Consumed 10 messages
2025-08-13 02:16:31,803 INFO  [org.apa.kaf.cli.con.int.ConsumerRebalanceListenerInvoker] (Thread-648) [Consumer clientId=consumer-Consumer-topic-1a4c7a18_7f47_4756_b906_0622927db513-7, groupId=Consumer-topic-1a4c7a18_7f47_4756_b906_0622927db513] Revoke previously assigned partitions topic-1a4c7a18_7f47_4756_b906_0622927db513-0
2025-08-13 02:16:31,803 INFO  [org.apa.kaf.cli.con.int.ConsumerCoordinator] (Thread-648) [Consumer clientId=consumer-Consumer-topic-1a4c7a18_7f47_4756_b906_0622927db513-7, groupId=Consumer-topic-1a4c7a18_7f47_4756_b906_0622927db513] Member consumer-Consumer-topic-1a4c7a18_7f47_4756_b906_0622927db513-7-fea8bd72-370c-4adc-8de6-7248953b7e68 sending LeaveGroup request to coordinator localhost:32769 (id: 2147483647 rack: null) due to the consumer is being closed
2025-08-13 02:16:31,803 INFO  [org.apa.kaf.cli.con.int.ConsumerCoordinator] (Thread-648) [Consumer clientId=consumer-Consumer-topic-1a4c7a18_7f47_4756_b906_0622927db513-7, groupId=Consumer-topic-1a4c7a18_7f47_4756_b906_0622927db513] Resetting generation and member id due to: consumer pro-actively leaving the group
2025-08-13 02:16:31,803 INFO  [org.apa.kaf.cli.con.int.ConsumerCoordinator] (Thread-648) [Consumer clientId=consumer-Consumer-topic-1a4c7a18_7f47_4756_b906_0622927db513-7, groupId=Consumer-topic-1a4c7a18_7f47_4756_b906_0622927db513] Request joining group due to: consumer pro-actively leaving the group
2025-08-13 02:16:32,299 INFO  [org.apa.kaf.com.met.Metrics] (Thread-648) Metrics scheduler closed
2025-08-13 02:16:32,299 INFO  [org.apa.kaf.com.met.Metrics] (Thread-648) Closing reporter org.apache.kafka.common.metrics.JmxReporter
2025-08-13 02:16:32,299 INFO  [org.apa.kaf.com.met.Metrics] (Thread-648) Closing reporter org.apache.kafka.common.telemetry.internals.ClientTelemetryReporter
2025-08-13 02:16:32,299 INFO  [org.apa.kaf.com.met.Metrics] (Thread-648) Metrics reporters closed
2025-08-13 02:16:32,302 INFO  [org.apa.kaf.com.uti.AppInfoParser] (Thread-648) App info kafka.consumer for consumer-Consumer-topic-1a4c7a18_7f47_4756_b906_0622927db513-7 unregistered
2025-08-13 02:16:32,302 INFO  [io.api.tes.uti.TestSeparator] (main) io.apicurio.tests.serdes.apicurio.AvroSerdeIT.testTopicIdStrategyFindLatest-FINISHED
2025-08-13 02:16:32,302 INFO  [io.api.tes.uti.TestSeparator] (main) ############################################################################
Test passed: testTopicIdStrategyFindLatest
]]></system-out>
  </testcase>
  <testcase name="testAvroUnionWithSpecificReader" classname="io.apicurio.tests.serdes.apicurio.AvroSerdeIT" time="3.926">
    <system-out><![CDATA[2025-08-13 02:16:32,304 INFO  [io.api.tes.uti.TestSeparator] (main) ############################################################################
2025-08-13 02:16:32,304 INFO  [io.api.tes.uti.TestSeparator] (main) io.apicurio.tests.serdes.apicurio.AvroSerdeIT.testAvroUnionWithSpecificReader-STARTED
**** Registry Base URL: http://registry-app-mysql.apps.ci419.apicurio-testing.org:80
2025-08-13 02:16:32,312 INFO  [org.apa.kaf.cli.pro.ProducerConfig] (main) ProducerConfig values: 
	acks = -1
	auto.include.jmx.reporter = true
	batch.size = 16384
	bootstrap.servers = [PLAINTEXT://localhost:32769]
	buffer.memory = 33554432
	client.dns.lookup = use_all_dns_ips
	client.id = Producer-topic-1fc4672b_e09c_4683_b121_5999c86c1071
	compression.gzip.level = -1
	compression.lz4.level = 9
	compression.type = none
	compression.zstd.level = 3
	connections.max.idle.ms = 10000
	delivery.timeout.ms = 120000
	enable.idempotence = true
	enable.metrics.push = true
	interceptor.classes = []
	key.serializer = class org.apache.kafka.common.serialization.StringSerializer
	linger.ms = 0
	max.block.ms = 60000
	max.in.flight.requests.per.connection = 5
	max.request.size = 1048576
	metadata.max.age.ms = 300000
	metadata.max.idle.ms = 300000
	metadata.recovery.strategy = none
	metric.reporters = []
	metrics.num.samples = 2
	metrics.recording.level = INFO
	metrics.sample.window.ms = 30000
	partitioner.adaptive.partitioning.enable = true
	partitioner.availability.timeout.ms = 0
	partitioner.class = null
	partitioner.ignore.keys = false
	receive.buffer.bytes = 32768
	reconnect.backoff.max.ms = 1000
	reconnect.backoff.ms = 50
	request.timeout.ms = 5000
	retries = 2147483647
	retry.backoff.max.ms = 1000
	retry.backoff.ms = 100
	sasl.client.callback.handler.class = null
	sasl.jaas.config = null
	sasl.kerberos.kinit.cmd = /usr/bin/kinit
	sasl.kerberos.min.time.before.relogin = 60000
	sasl.kerberos.service.name = null
	sasl.kerberos.ticket.renew.jitter = 0.05
	sasl.kerberos.ticket.renew.window.factor = 0.8
	sasl.login.callback.handler.class = null
	sasl.login.class = null
	sasl.login.connect.timeout.ms = null
	sasl.login.read.timeout.ms = null
	sasl.login.refresh.buffer.seconds = 300
	sasl.login.refresh.min.period.seconds = 60
	sasl.login.refresh.window.factor = 0.8
	sasl.login.refresh.window.jitter = 0.05
	sasl.login.retry.backoff.max.ms = 10000
	sasl.login.retry.backoff.ms = 100
	sasl.mechanism = GSSAPI
	sasl.oauthbearer.clock.skew.seconds = 30
	sasl.oauthbearer.expected.audience = null
	sasl.oauthbearer.expected.issuer = null
	sasl.oauthbearer.header.urlencode = false
	sasl.oauthbearer.jwks.endpoint.refresh.ms = 3600000
	sasl.oauthbearer.jwks.endpoint.retry.backoff.max.ms = 10000
	sasl.oauthbearer.jwks.endpoint.retry.backoff.ms = 100
	sasl.oauthbearer.jwks.endpoint.url = null
	sasl.oauthbearer.scope.claim.name = scope
	sasl.oauthbearer.sub.claim.name = sub
	sasl.oauthbearer.token.endpoint.url = null
	security.protocol = PLAINTEXT
	security.providers = null
	send.buffer.bytes = 131072
	socket.connection.setup.timeout.max.ms = 30000
	socket.connection.setup.timeout.ms = 10000
	ssl.cipher.suites = null
	ssl.enabled.protocols = [TLSv1.2, TLSv1.3]
	ssl.endpoint.identification.algorithm = https
	ssl.engine.factory.class = null
	ssl.key.password = null
	ssl.keymanager.algorithm = SunX509
	ssl.keystore.certificate.chain = null
	ssl.keystore.key = null
	ssl.keystore.location = null
	ssl.keystore.password = null
	ssl.keystore.type = JKS
	ssl.protocol = TLSv1.3
	ssl.provider = null
	ssl.secure.random.implementation = null
	ssl.trustmanager.algorithm = PKIX
	ssl.truststore.certificates = null
	ssl.truststore.location = null
	ssl.truststore.password = null
	ssl.truststore.type = JKS
	transaction.timeout.ms = 60000
	transactional.id = null
	value.serializer = class io.apicurio.registry.serde.avro.AvroKafkaSerializer

2025-08-13 02:16:32,313 INFO  [org.apa.kaf.com.tel.int.KafkaMetricsCollector] (main) initializing Kafka metrics collector
2025-08-13 02:16:32,328 INFO  [org.apa.kaf.cli.pro.KafkaProducer] (main) [Producer clientId=Producer-topic-1fc4672b_e09c_4683_b121_5999c86c1071] Instantiated an idempotent producer.
2025-08-13 02:16:32,331 INFO  [org.apa.kaf.cli.pro.ProducerConfig] (main) These configurations '[apicurio.registry.url, apicurio.registry.auto-register, apicurio.registry.artifact-resolver-strategy]' were supplied but are not used yet.
2025-08-13 02:16:32,331 INFO  [org.apa.kaf.com.uti.AppInfoParser] (main) Kafka version: 3.9.1
2025-08-13 02:16:32,332 INFO  [org.apa.kaf.com.uti.AppInfoParser] (main) Kafka commitId: f745dfdcee2b9851
2025-08-13 02:16:32,332 INFO  [org.apa.kaf.com.uti.AppInfoParser] (main) Kafka startTimeMs: 1755051392331
2025-08-13 02:16:32,333 INFO  [io.api.tes.ser.api.SimpleSerdesTesterBuilder$SimpleSerdesTester] (main) Using producer configuration: {apicurio.registry.url=http://registry-app-mysql.apps.ci419.apicurio-testing.org:80/apis/registry/v3, apicurio.registry.auto-register=true, apicurio.registry.artifact-resolver-strategy=io.apicurio.registry.serde.strategy.TopicIdStrategy, value.serializer=io.apicurio.registry.serde.avro.AvroKafkaSerializer, request.timeout.ms=5000, acks=all, bootstrap.servers=PLAINTEXT://localhost:32769, connections.max.idle.ms=10000, key.serializer=org.apache.kafka.common.serialization.StringSerializer, client.id=Producer-topic-1fc4672b_e09c_4683_b121_5999c86c1071}
2025-08-13 02:16:32,333 INFO  [io.api.tes.ser.api.SimpleSerdesTesterBuilder$SimpleSerdesTester] (main) Using consumer configuration: {}
2025-08-13 02:16:32,335 INFO  [io.api.tes.ser.api.KafkaSerdesTester] (Thread-651) Sending message {"id": "record-0"} to topic topic-1fc4672b_e09c_4683_b121_5999c86c1071
2025-08-13 02:16:32,338 INFO  [org.apa.kaf.cli.Metadata] (kafka-producer-network-thread | Producer-topic-1fc4672b_e09c_4683_b121_5999c86c1071) [Producer clientId=Producer-topic-1fc4672b_e09c_4683_b121_5999c86c1071] Cluster ID: rLHX8X_xRIO734wjNEuI8w
2025-08-13 02:16:32,345 INFO  [org.apa.kaf.cli.pro.int.TransactionManager] (kafka-producer-network-thread | Producer-topic-1fc4672b_e09c_4683_b121_5999c86c1071) [Producer clientId=Producer-topic-1fc4672b_e09c_4683_b121_5999c86c1071] ProducerId set to 10 with epoch 0
2025-08-13 02:16:32,412 INFO  [io.api.tes.ser.api.KafkaSerdesTester] (Thread-651) Sending message {"value": 1} to topic topic-1fc4672b_e09c_4683_b121_5999c86c1071
2025-08-13 02:16:32,492 INFO  [io.api.tes.ser.api.KafkaSerdesTester] (Thread-651) Sending message {"active": true} to topic topic-1fc4672b_e09c_4683_b121_5999c86c1071
2025-08-13 02:16:32,585 INFO  [io.api.tes.ser.api.KafkaSerdesTester] (Thread-651) Sending message {"id": "record-3"} to topic topic-1fc4672b_e09c_4683_b121_5999c86c1071
2025-08-13 02:16:32,588 INFO  [io.api.tes.ser.api.KafkaSerdesTester] (Thread-651) Sending message {"value": 4} to topic topic-1fc4672b_e09c_4683_b121_5999c86c1071
2025-08-13 02:16:32,590 INFO  [io.api.tes.ser.api.KafkaSerdesTester] (Thread-651) Sending message {"active": false} to topic topic-1fc4672b_e09c_4683_b121_5999c86c1071
2025-08-13 02:16:32,592 INFO  [io.api.tes.ser.api.KafkaSerdesTester] (Thread-651) Sending message {"id": "record-6"} to topic topic-1fc4672b_e09c_4683_b121_5999c86c1071
2025-08-13 02:16:32,594 INFO  [io.api.tes.ser.api.KafkaSerdesTester] (Thread-651) Sending message {"value": 7} to topic topic-1fc4672b_e09c_4683_b121_5999c86c1071
2025-08-13 02:16:32,596 INFO  [io.api.tes.ser.api.KafkaSerdesTester] (Thread-651) Sending message {"active": true} to topic topic-1fc4672b_e09c_4683_b121_5999c86c1071
2025-08-13 02:16:32,598 INFO  [io.api.tes.ser.api.KafkaSerdesTester] (Thread-651) Sending message {"id": "record-9"} to topic topic-1fc4672b_e09c_4683_b121_5999c86c1071
2025-08-13 02:16:32,601 INFO  [io.api.tes.ser.api.KafkaSerdesTester] (Thread-651) Produced 10 messages
2025-08-13 02:16:32,601 INFO  [org.apa.kaf.cli.pro.KafkaProducer] (Thread-651) [Producer clientId=Producer-topic-1fc4672b_e09c_4683_b121_5999c86c1071] Closing the Kafka producer with timeoutMillis = 9223372036854775807 ms.
2025-08-13 02:16:32,603 INFO  [org.apa.kaf.com.met.Metrics] (Thread-651) Metrics scheduler closed
2025-08-13 02:16:32,603 INFO  [org.apa.kaf.com.met.Metrics] (Thread-651) Closing reporter org.apache.kafka.common.metrics.JmxReporter
2025-08-13 02:16:32,603 INFO  [org.apa.kaf.com.met.Metrics] (Thread-651) Closing reporter org.apache.kafka.common.telemetry.internals.ClientTelemetryReporter
2025-08-13 02:16:32,603 INFO  [org.apa.kaf.com.met.Metrics] (Thread-651) Metrics reporters closed
2025-08-13 02:16:32,603 INFO  [org.apa.kaf.com.uti.AppInfoParser] (Thread-651) App info kafka.producer for Producer-topic-1fc4672b_e09c_4683_b121_5999c86c1071 unregistered
2025-08-13 02:16:32,617 INFO  [io.api.tes.ser.api.AvroSerdeIT] (main) Artifact topic-1fc4672b_e09c_4683_b121_5999c86c1071-value found in registry with globalId 25
**** Registry Base URL: http://registry-app-mysql.apps.ci419.apicurio-testing.org:80
2025-08-13 02:16:32,618 INFO  [org.apa.kaf.cli.con.ConsumerConfig] (main) ConsumerConfig values: 
	allow.auto.create.topics = true
	auto.commit.interval.ms = 500
	auto.include.jmx.reporter = true
	auto.offset.reset = earliest
	bootstrap.servers = [PLAINTEXT://localhost:32769]
	check.crcs = true
	client.dns.lookup = use_all_dns_ips
	client.id = consumer-Consumer-topic-1fc4672b_e09c_4683_b121_5999c86c1071-8
	client.rack = 
	connections.max.idle.ms = 10000
	default.api.timeout.ms = 60000
	enable.auto.commit = true
	enable.metrics.push = true
	exclude.internal.topics = true
	fetch.max.bytes = 52428800
	fetch.max.wait.ms = 500
	fetch.min.bytes = 1
	group.id = Consumer-topic-1fc4672b_e09c_4683_b121_5999c86c1071
	group.instance.id = null
	group.protocol = classic
	group.remote.assignor = null
	heartbeat.interval.ms = 3000
	interceptor.classes = []
	internal.leave.group.on.close = true
	internal.throw.on.fetch.stable.offset.unsupported = false
	isolation.level = read_uncommitted
	key.deserializer = class org.apache.kafka.common.serialization.StringDeserializer
	max.partition.fetch.bytes = 1048576
	max.poll.interval.ms = 300000
	max.poll.records = 500
	metadata.max.age.ms = 300000
	metadata.recovery.strategy = none
	metric.reporters = []
	metrics.num.samples = 2
	metrics.recording.level = INFO
	metrics.sample.window.ms = 30000
	partition.assignment.strategy = [class org.apache.kafka.clients.consumer.RangeAssignor, class org.apache.kafka.clients.consumer.CooperativeStickyAssignor]
	receive.buffer.bytes = 65536
	reconnect.backoff.max.ms = 1000
	reconnect.backoff.ms = 50
	request.timeout.ms = 5000
	retry.backoff.max.ms = 1000
	retry.backoff.ms = 100
	sasl.client.callback.handler.class = null
	sasl.jaas.config = null
	sasl.kerberos.kinit.cmd = /usr/bin/kinit
	sasl.kerberos.min.time.before.relogin = 60000
	sasl.kerberos.service.name = null
	sasl.kerberos.ticket.renew.jitter = 0.05
	sasl.kerberos.ticket.renew.window.factor = 0.8
	sasl.login.callback.handler.class = null
	sasl.login.class = null
	sasl.login.connect.timeout.ms = null
	sasl.login.read.timeout.ms = null
	sasl.login.refresh.buffer.seconds = 300
	sasl.login.refresh.min.period.seconds = 60
	sasl.login.refresh.window.factor = 0.8
	sasl.login.refresh.window.jitter = 0.05
	sasl.login.retry.backoff.max.ms = 10000
	sasl.login.retry.backoff.ms = 100
	sasl.mechanism = GSSAPI
	sasl.oauthbearer.clock.skew.seconds = 30
	sasl.oauthbearer.expected.audience = null
	sasl.oauthbearer.expected.issuer = null
	sasl.oauthbearer.header.urlencode = false
	sasl.oauthbearer.jwks.endpoint.refresh.ms = 3600000
	sasl.oauthbearer.jwks.endpoint.retry.backoff.max.ms = 10000
	sasl.oauthbearer.jwks.endpoint.retry.backoff.ms = 100
	sasl.oauthbearer.jwks.endpoint.url = null
	sasl.oauthbearer.scope.claim.name = scope
	sasl.oauthbearer.sub.claim.name = sub
	sasl.oauthbearer.token.endpoint.url = null
	security.protocol = PLAINTEXT
	security.providers = null
	send.buffer.bytes = 131072
	session.timeout.ms = 45000
	socket.connection.setup.timeout.max.ms = 30000
	socket.connection.setup.timeout.ms = 10000
	ssl.cipher.suites = null
	ssl.enabled.protocols = [TLSv1.2, TLSv1.3]
	ssl.endpoint.identification.algorithm = https
	ssl.engine.factory.class = null
	ssl.key.password = null
	ssl.keymanager.algorithm = SunX509
	ssl.keystore.certificate.chain = null
	ssl.keystore.key = null
	ssl.keystore.location = null
	ssl.keystore.password = null
	ssl.keystore.type = JKS
	ssl.protocol = TLSv1.3
	ssl.provider = null
	ssl.secure.random.implementation = null
	ssl.trustmanager.algorithm = PKIX
	ssl.truststore.certificates = null
	ssl.truststore.location = null
	ssl.truststore.password = null
	ssl.truststore.type = JKS
	value.deserializer = class io.apicurio.registry.serde.avro.AvroKafkaDeserializer

2025-08-13 02:16:32,618 INFO  [org.apa.kaf.com.tel.int.KafkaMetricsCollector] (main) initializing Kafka metrics collector
2025-08-13 02:16:32,623 INFO  [org.apa.kaf.cli.con.ConsumerConfig] (main) These configurations '[apicurio.registry.url]' were supplied but are not used yet.
2025-08-13 02:16:32,623 INFO  [org.apa.kaf.com.uti.AppInfoParser] (main) Kafka version: 3.9.1
2025-08-13 02:16:32,623 INFO  [org.apa.kaf.com.uti.AppInfoParser] (main) Kafka commitId: f745dfdcee2b9851
2025-08-13 02:16:32,623 INFO  [org.apa.kaf.com.uti.AppInfoParser] (main) Kafka startTimeMs: 1755051392623
2025-08-13 02:16:32,623 INFO  [org.apa.kaf.cli.con.int.ClassicKafkaConsumer] (Thread-654) [Consumer clientId=consumer-Consumer-topic-1fc4672b_e09c_4683_b121_5999c86c1071-8, groupId=Consumer-topic-1fc4672b_e09c_4683_b121_5999c86c1071] Subscribed to topic(s): topic-1fc4672b_e09c_4683_b121_5999c86c1071
2025-08-13 02:16:32,636 INFO  [org.apa.kaf.cli.Metadata] (Thread-654) [Consumer clientId=consumer-Consumer-topic-1fc4672b_e09c_4683_b121_5999c86c1071-8, groupId=Consumer-topic-1fc4672b_e09c_4683_b121_5999c86c1071] Cluster ID: rLHX8X_xRIO734wjNEuI8w
2025-08-13 02:16:32,637 INFO  [org.apa.kaf.cli.con.int.ConsumerCoordinator] (Thread-654) [Consumer clientId=consumer-Consumer-topic-1fc4672b_e09c_4683_b121_5999c86c1071-8, groupId=Consumer-topic-1fc4672b_e09c_4683_b121_5999c86c1071] Discovered group coordinator localhost:32769 (id: 2147483647 rack: null)
2025-08-13 02:16:32,641 INFO  [org.apa.kaf.cli.con.int.ConsumerCoordinator] (Thread-654) [Consumer clientId=consumer-Consumer-topic-1fc4672b_e09c_4683_b121_5999c86c1071-8, groupId=Consumer-topic-1fc4672b_e09c_4683_b121_5999c86c1071] (Re-)joining group
2025-08-13 02:16:32,646 INFO  [org.apa.kaf.cli.con.int.ConsumerCoordinator] (Thread-654) [Consumer clientId=consumer-Consumer-topic-1fc4672b_e09c_4683_b121_5999c86c1071-8, groupId=Consumer-topic-1fc4672b_e09c_4683_b121_5999c86c1071] Request joining group due to: need to re-join with the given member-id: consumer-Consumer-topic-1fc4672b_e09c_4683_b121_5999c86c1071-8-7ee38c15-b814-4061-bddc-68640bfd4cc9
2025-08-13 02:16:32,646 INFO  [org.apa.kaf.cli.con.int.ConsumerCoordinator] (Thread-654) [Consumer clientId=consumer-Consumer-topic-1fc4672b_e09c_4683_b121_5999c86c1071-8, groupId=Consumer-topic-1fc4672b_e09c_4683_b121_5999c86c1071] (Re-)joining group
2025-08-13 02:16:33,623 INFO  [io.api.tes.ser.api.KafkaSerdesTester] (Thread-654) None found
2025-08-13 02:16:34,623 INFO  [io.api.tes.ser.api.KafkaSerdesTester] (Thread-654) None found
2025-08-13 02:16:35,623 INFO  [io.api.tes.ser.api.KafkaSerdesTester] (Thread-654) None found
2025-08-13 02:16:35,647 INFO  [org.apa.kaf.cli.con.int.ConsumerCoordinator] (Thread-654) [Consumer clientId=consumer-Consumer-topic-1fc4672b_e09c_4683_b121_5999c86c1071-8, groupId=Consumer-topic-1fc4672b_e09c_4683_b121_5999c86c1071] Successfully joined group with generation Generation{generationId=1, memberId='consumer-Consumer-topic-1fc4672b_e09c_4683_b121_5999c86c1071-8-7ee38c15-b814-4061-bddc-68640bfd4cc9', protocol='range'}
2025-08-13 02:16:35,648 INFO  [org.apa.kaf.cli.con.int.ConsumerCoordinator] (Thread-654) [Consumer clientId=consumer-Consumer-topic-1fc4672b_e09c_4683_b121_5999c86c1071-8, groupId=Consumer-topic-1fc4672b_e09c_4683_b121_5999c86c1071] Finished assignment for group at generation 1: {consumer-Consumer-topic-1fc4672b_e09c_4683_b121_5999c86c1071-8-7ee38c15-b814-4061-bddc-68640bfd4cc9=Assignment(partitions=[topic-1fc4672b_e09c_4683_b121_5999c86c1071-0])}
2025-08-13 02:16:35,655 INFO  [org.apa.kaf.cli.con.int.ConsumerCoordinator] (Thread-654) [Consumer clientId=consumer-Consumer-topic-1fc4672b_e09c_4683_b121_5999c86c1071-8, groupId=Consumer-topic-1fc4672b_e09c_4683_b121_5999c86c1071] Successfully synced group in generation Generation{generationId=1, memberId='consumer-Consumer-topic-1fc4672b_e09c_4683_b121_5999c86c1071-8-7ee38c15-b814-4061-bddc-68640bfd4cc9', protocol='range'}
2025-08-13 02:16:35,655 INFO  [org.apa.kaf.cli.con.int.ConsumerCoordinator] (Thread-654) [Consumer clientId=consumer-Consumer-topic-1fc4672b_e09c_4683_b121_5999c86c1071-8, groupId=Consumer-topic-1fc4672b_e09c_4683_b121_5999c86c1071] Notifying assignor about the new Assignment(partitions=[topic-1fc4672b_e09c_4683_b121_5999c86c1071-0])
2025-08-13 02:16:35,655 INFO  [org.apa.kaf.cli.con.int.ConsumerRebalanceListenerInvoker] (Thread-654) [Consumer clientId=consumer-Consumer-topic-1fc4672b_e09c_4683_b121_5999c86c1071-8, groupId=Consumer-topic-1fc4672b_e09c_4683_b121_5999c86c1071] Adding newly assigned partitions: topic-1fc4672b_e09c_4683_b121_5999c86c1071-0
2025-08-13 02:16:35,657 INFO  [org.apa.kaf.cli.con.int.ConsumerCoordinator] (Thread-654) [Consumer clientId=consumer-Consumer-topic-1fc4672b_e09c_4683_b121_5999c86c1071-8, groupId=Consumer-topic-1fc4672b_e09c_4683_b121_5999c86c1071] Found no committed offset for partition topic-1fc4672b_e09c_4683_b121_5999c86c1071-0
2025-08-13 02:16:35,660 INFO  [org.apa.kaf.cli.con.int.SubscriptionState] (Thread-654) [Consumer clientId=consumer-Consumer-topic-1fc4672b_e09c_4683_b121_5999c86c1071-8, groupId=Consumer-topic-1fc4672b_e09c_4683_b121_5999c86c1071] Resetting offset for partition topic-1fc4672b_e09c_4683_b121_5999c86c1071-0 to position FetchPosition{offset=0, offsetEpoch=Optional.empty, currentLeader=LeaderAndEpoch{leader=Optional[localhost:32769 (id: 0 rack: null)], epoch=0}}.
2025-08-13 02:16:35,721 INFO  [io.api.tes.ser.api.KafkaSerdesTester] (Thread-654) topic-1fc4672b_e09c_4683_b121_5999c86c1071 0 0 {"id": "record-0"}
2025-08-13 02:16:35,722 INFO  [io.api.tes.ser.api.KafkaSerdesTester] (Thread-654) topic-1fc4672b_e09c_4683_b121_5999c86c1071 0 1 {"value": 1}
2025-08-13 02:16:35,722 INFO  [io.api.tes.ser.api.KafkaSerdesTester] (Thread-654) topic-1fc4672b_e09c_4683_b121_5999c86c1071 0 2 {"active": true}
2025-08-13 02:16:35,722 INFO  [io.api.tes.ser.api.KafkaSerdesTester] (Thread-654) topic-1fc4672b_e09c_4683_b121_5999c86c1071 0 3 {"id": "record-3"}
2025-08-13 02:16:35,722 INFO  [io.api.tes.ser.api.KafkaSerdesTester] (Thread-654) topic-1fc4672b_e09c_4683_b121_5999c86c1071 0 4 {"value": 4}
2025-08-13 02:16:35,722 INFO  [io.api.tes.ser.api.KafkaSerdesTester] (Thread-654) topic-1fc4672b_e09c_4683_b121_5999c86c1071 0 5 {"active": false}
2025-08-13 02:16:35,722 INFO  [io.api.tes.ser.api.KafkaSerdesTester] (Thread-654) topic-1fc4672b_e09c_4683_b121_5999c86c1071 0 6 {"id": "record-6"}
2025-08-13 02:16:35,722 INFO  [io.api.tes.ser.api.KafkaSerdesTester] (Thread-654) topic-1fc4672b_e09c_4683_b121_5999c86c1071 0 7 {"value": 7}
2025-08-13 02:16:35,722 INFO  [io.api.tes.ser.api.KafkaSerdesTester] (Thread-654) topic-1fc4672b_e09c_4683_b121_5999c86c1071 0 8 {"active": true}
2025-08-13 02:16:35,722 INFO  [io.api.tes.ser.api.KafkaSerdesTester] (Thread-654) topic-1fc4672b_e09c_4683_b121_5999c86c1071 0 9 {"id": "record-9"}
2025-08-13 02:16:35,722 INFO  [io.api.tes.ser.api.KafkaSerdesTester] (Thread-654) Consumed 10 messages
2025-08-13 02:16:35,730 INFO  [org.apa.kaf.cli.con.int.ConsumerRebalanceListenerInvoker] (Thread-654) [Consumer clientId=consumer-Consumer-topic-1fc4672b_e09c_4683_b121_5999c86c1071-8, groupId=Consumer-topic-1fc4672b_e09c_4683_b121_5999c86c1071] Revoke previously assigned partitions topic-1fc4672b_e09c_4683_b121_5999c86c1071-0
2025-08-13 02:16:35,730 INFO  [org.apa.kaf.cli.con.int.ConsumerCoordinator] (Thread-654) [Consumer clientId=consumer-Consumer-topic-1fc4672b_e09c_4683_b121_5999c86c1071-8, groupId=Consumer-topic-1fc4672b_e09c_4683_b121_5999c86c1071] Member consumer-Consumer-topic-1fc4672b_e09c_4683_b121_5999c86c1071-8-7ee38c15-b814-4061-bddc-68640bfd4cc9 sending LeaveGroup request to coordinator localhost:32769 (id: 2147483647 rack: null) due to the consumer is being closed
2025-08-13 02:16:35,730 INFO  [org.apa.kaf.cli.con.int.ConsumerCoordinator] (Thread-654) [Consumer clientId=consumer-Consumer-topic-1fc4672b_e09c_4683_b121_5999c86c1071-8, groupId=Consumer-topic-1fc4672b_e09c_4683_b121_5999c86c1071] Resetting generation and member id due to: consumer pro-actively leaving the group
2025-08-13 02:16:35,730 INFO  [org.apa.kaf.cli.con.int.ConsumerCoordinator] (Thread-654) [Consumer clientId=consumer-Consumer-topic-1fc4672b_e09c_4683_b121_5999c86c1071-8, groupId=Consumer-topic-1fc4672b_e09c_4683_b121_5999c86c1071] Request joining group due to: consumer pro-actively leaving the group
2025-08-13 02:16:36,225 INFO  [org.apa.kaf.com.met.Metrics] (Thread-654) Metrics scheduler closed
2025-08-13 02:16:36,225 INFO  [org.apa.kaf.com.met.Metrics] (Thread-654) Closing reporter org.apache.kafka.common.metrics.JmxReporter
2025-08-13 02:16:36,225 INFO  [org.apa.kaf.com.met.Metrics] (Thread-654) Closing reporter org.apache.kafka.common.telemetry.internals.ClientTelemetryReporter
2025-08-13 02:16:36,225 INFO  [org.apa.kaf.com.met.Metrics] (Thread-654) Metrics reporters closed
2025-08-13 02:16:36,227 INFO  [org.apa.kaf.com.uti.AppInfoParser] (Thread-654) App info kafka.consumer for consumer-Consumer-topic-1fc4672b_e09c_4683_b121_5999c86c1071-8 unregistered
2025-08-13 02:16:36,229 INFO  [io.api.tes.uti.TestSeparator] (main) io.apicurio.tests.serdes.apicurio.AvroSerdeIT.testAvroUnionWithSpecificReader-FINISHED
2025-08-13 02:16:36,229 INFO  [io.api.tes.uti.TestSeparator] (main) ############################################################################
Test passed: testAvroUnionWithSpecificReader
]]></system-out>
  </testcase>
  <testcase name="testEvolveAvroApicurioReusingClient" classname="io.apicurio.tests.serdes.apicurio.AvroSerdeIT" time="7.122">
    <system-out><![CDATA[2025-08-13 02:16:36,232 INFO  [io.api.tes.uti.TestSeparator] (main) ############################################################################
2025-08-13 02:16:36,232 INFO  [io.api.tes.uti.TestSeparator] (main) io.apicurio.tests.serdes.apicurio.AvroSerdeIT.testEvolveAvroApicurioReusingClient-STARTED
2025-08-13 02:16:36,234 INFO  [io.api.tes.ser.api.AvroSerdeIT] (main) Registering Avro Schema: {"type":"record","name":"s665808cexb16ax483ax9a42x12375ef115b9","namespace":"ns_5fd59953_ab03_4ab2_9341_d3959e362e7f","fields":[{"name":"key11755051396233","type":"string"}]}
**** Registry Base URL: http://registry-app-mysql.apps.ci419.apicurio-testing.org:80
2025-08-13 02:16:37,294 INFO  [org.apa.kaf.cli.pro.ProducerConfig] (main) ProducerConfig values: 
	acks = -1
	auto.include.jmx.reporter = true
	batch.size = 16384
	bootstrap.servers = [PLAINTEXT://localhost:32769]
	buffer.memory = 33554432
	client.dns.lookup = use_all_dns_ips
	client.id = Producer-topic-16de03d1_eb63_4fb8_9e06_659eac9bfbac
	compression.gzip.level = -1
	compression.lz4.level = 9
	compression.type = none
	compression.zstd.level = 3
	connections.max.idle.ms = 10000
	delivery.timeout.ms = 120000
	enable.idempotence = true
	enable.metrics.push = true
	interceptor.classes = []
	key.serializer = class org.apache.kafka.common.serialization.StringSerializer
	linger.ms = 0
	max.block.ms = 60000
	max.in.flight.requests.per.connection = 5
	max.request.size = 1048576
	metadata.max.age.ms = 300000
	metadata.max.idle.ms = 300000
	metadata.recovery.strategy = none
	metric.reporters = []
	metrics.num.samples = 2
	metrics.recording.level = INFO
	metrics.sample.window.ms = 30000
	partitioner.adaptive.partitioning.enable = true
	partitioner.availability.timeout.ms = 0
	partitioner.class = null
	partitioner.ignore.keys = false
	receive.buffer.bytes = 32768
	reconnect.backoff.max.ms = 1000
	reconnect.backoff.ms = 50
	request.timeout.ms = 5000
	retries = 2147483647
	retry.backoff.max.ms = 1000
	retry.backoff.ms = 100
	sasl.client.callback.handler.class = null
	sasl.jaas.config = null
	sasl.kerberos.kinit.cmd = /usr/bin/kinit
	sasl.kerberos.min.time.before.relogin = 60000
	sasl.kerberos.service.name = null
	sasl.kerberos.ticket.renew.jitter = 0.05
	sasl.kerberos.ticket.renew.window.factor = 0.8
	sasl.login.callback.handler.class = null
	sasl.login.class = null
	sasl.login.connect.timeout.ms = null
	sasl.login.read.timeout.ms = null
	sasl.login.refresh.buffer.seconds = 300
	sasl.login.refresh.min.period.seconds = 60
	sasl.login.refresh.window.factor = 0.8
	sasl.login.refresh.window.jitter = 0.05
	sasl.login.retry.backoff.max.ms = 10000
	sasl.login.retry.backoff.ms = 100
	sasl.mechanism = GSSAPI
	sasl.oauthbearer.clock.skew.seconds = 30
	sasl.oauthbearer.expected.audience = null
	sasl.oauthbearer.expected.issuer = null
	sasl.oauthbearer.header.urlencode = false
	sasl.oauthbearer.jwks.endpoint.refresh.ms = 3600000
	sasl.oauthbearer.jwks.endpoint.retry.backoff.max.ms = 10000
	sasl.oauthbearer.jwks.endpoint.retry.backoff.ms = 100
	sasl.oauthbearer.jwks.endpoint.url = null
	sasl.oauthbearer.scope.claim.name = scope
	sasl.oauthbearer.sub.claim.name = sub
	sasl.oauthbearer.token.endpoint.url = null
	security.protocol = PLAINTEXT
	security.providers = null
	send.buffer.bytes = 131072
	socket.connection.setup.timeout.max.ms = 30000
	socket.connection.setup.timeout.ms = 10000
	ssl.cipher.suites = null
	ssl.enabled.protocols = [TLSv1.2, TLSv1.3]
	ssl.endpoint.identification.algorithm = https
	ssl.engine.factory.class = null
	ssl.key.password = null
	ssl.keymanager.algorithm = SunX509
	ssl.keystore.certificate.chain = null
	ssl.keystore.key = null
	ssl.keystore.location = null
	ssl.keystore.password = null
	ssl.keystore.type = JKS
	ssl.protocol = TLSv1.3
	ssl.provider = null
	ssl.secure.random.implementation = null
	ssl.trustmanager.algorithm = PKIX
	ssl.truststore.certificates = null
	ssl.truststore.location = null
	ssl.truststore.password = null
	ssl.truststore.type = JKS
	transaction.timeout.ms = 60000
	transactional.id = null
	value.serializer = class io.apicurio.registry.serde.avro.AvroKafkaSerializer

2025-08-13 02:16:37,295 INFO  [org.apa.kaf.com.tel.int.KafkaMetricsCollector] (main) initializing Kafka metrics collector
2025-08-13 02:16:37,298 INFO  [org.apa.kaf.cli.pro.KafkaProducer] (main) [Producer clientId=Producer-topic-16de03d1_eb63_4fb8_9e06_659eac9bfbac] Instantiated an idempotent producer.
2025-08-13 02:16:37,299 INFO  [org.apa.kaf.cli.pro.ProducerConfig] (main) These configurations '[apicurio.registry.url, apicurio.registry.artifact-resolver-strategy]' were supplied but are not used yet.
2025-08-13 02:16:37,299 INFO  [org.apa.kaf.com.uti.AppInfoParser] (main) Kafka version: 3.9.1
2025-08-13 02:16:37,299 INFO  [org.apa.kaf.com.uti.AppInfoParser] (main) Kafka commitId: f745dfdcee2b9851
2025-08-13 02:16:37,299 INFO  [org.apa.kaf.com.uti.AppInfoParser] (main) Kafka startTimeMs: 1755051397299
**** Registry Base URL: http://registry-app-mysql.apps.ci419.apicurio-testing.org:80
2025-08-13 02:16:37,300 INFO  [org.apa.kaf.cli.con.ConsumerConfig] (main) ConsumerConfig values: 
	allow.auto.create.topics = true
	auto.commit.interval.ms = 500
	auto.include.jmx.reporter = true
	auto.offset.reset = earliest
	bootstrap.servers = [PLAINTEXT://localhost:32769]
	check.crcs = true
	client.dns.lookup = use_all_dns_ips
	client.id = consumer-Consumer-topic-16de03d1_eb63_4fb8_9e06_659eac9bfbac-9
	client.rack = 
	connections.max.idle.ms = 10000
	default.api.timeout.ms = 60000
	enable.auto.commit = true
	enable.metrics.push = true
	exclude.internal.topics = true
	fetch.max.bytes = 52428800
	fetch.max.wait.ms = 500
	fetch.min.bytes = 1
	group.id = Consumer-topic-16de03d1_eb63_4fb8_9e06_659eac9bfbac
	group.instance.id = null
	group.protocol = classic
	group.remote.assignor = null
	heartbeat.interval.ms = 3000
	interceptor.classes = []
	internal.leave.group.on.close = true
	internal.throw.on.fetch.stable.offset.unsupported = false
	isolation.level = read_uncommitted
	key.deserializer = class org.apache.kafka.common.serialization.StringDeserializer
	max.partition.fetch.bytes = 1048576
	max.poll.interval.ms = 300000
	max.poll.records = 500
	metadata.max.age.ms = 300000
	metadata.recovery.strategy = none
	metric.reporters = []
	metrics.num.samples = 2
	metrics.recording.level = INFO
	metrics.sample.window.ms = 30000
	partition.assignment.strategy = [class org.apache.kafka.clients.consumer.RangeAssignor, class org.apache.kafka.clients.consumer.CooperativeStickyAssignor]
	receive.buffer.bytes = 65536
	reconnect.backoff.max.ms = 1000
	reconnect.backoff.ms = 50
	request.timeout.ms = 5000
	retry.backoff.max.ms = 1000
	retry.backoff.ms = 100
	sasl.client.callback.handler.class = null
	sasl.jaas.config = null
	sasl.kerberos.kinit.cmd = /usr/bin/kinit
	sasl.kerberos.min.time.before.relogin = 60000
	sasl.kerberos.service.name = null
	sasl.kerberos.ticket.renew.jitter = 0.05
	sasl.kerberos.ticket.renew.window.factor = 0.8
	sasl.login.callback.handler.class = null
	sasl.login.class = null
	sasl.login.connect.timeout.ms = null
	sasl.login.read.timeout.ms = null
	sasl.login.refresh.buffer.seconds = 300
	sasl.login.refresh.min.period.seconds = 60
	sasl.login.refresh.window.factor = 0.8
	sasl.login.refresh.window.jitter = 0.05
	sasl.login.retry.backoff.max.ms = 10000
	sasl.login.retry.backoff.ms = 100
	sasl.mechanism = GSSAPI
	sasl.oauthbearer.clock.skew.seconds = 30
	sasl.oauthbearer.expected.audience = null
	sasl.oauthbearer.expected.issuer = null
	sasl.oauthbearer.header.urlencode = false
	sasl.oauthbearer.jwks.endpoint.refresh.ms = 3600000
	sasl.oauthbearer.jwks.endpoint.retry.backoff.max.ms = 10000
	sasl.oauthbearer.jwks.endpoint.retry.backoff.ms = 100
	sasl.oauthbearer.jwks.endpoint.url = null
	sasl.oauthbearer.scope.claim.name = scope
	sasl.oauthbearer.sub.claim.name = sub
	sasl.oauthbearer.token.endpoint.url = null
	security.protocol = PLAINTEXT
	security.providers = null
	send.buffer.bytes = 131072
	session.timeout.ms = 45000
	socket.connection.setup.timeout.max.ms = 30000
	socket.connection.setup.timeout.ms = 10000
	ssl.cipher.suites = null
	ssl.enabled.protocols = [TLSv1.2, TLSv1.3]
	ssl.endpoint.identification.algorithm = https
	ssl.engine.factory.class = null
	ssl.key.password = null
	ssl.keymanager.algorithm = SunX509
	ssl.keystore.certificate.chain = null
	ssl.keystore.key = null
	ssl.keystore.location = null
	ssl.keystore.password = null
	ssl.keystore.type = JKS
	ssl.protocol = TLSv1.3
	ssl.provider = null
	ssl.secure.random.implementation = null
	ssl.trustmanager.algorithm = PKIX
	ssl.truststore.certificates = null
	ssl.truststore.location = null
	ssl.truststore.password = null
	ssl.truststore.type = JKS
	value.deserializer = class io.apicurio.registry.serde.avro.AvroKafkaDeserializer

2025-08-13 02:16:37,300 INFO  [org.apa.kaf.com.tel.int.KafkaMetricsCollector] (main) initializing Kafka metrics collector
2025-08-13 02:16:37,306 INFO  [org.apa.kaf.cli.con.ConsumerConfig] (main) These configurations '[apicurio.registry.url]' were supplied but are not used yet.
2025-08-13 02:16:37,306 INFO  [org.apa.kaf.com.uti.AppInfoParser] (main) Kafka version: 3.9.1
2025-08-13 02:16:37,306 INFO  [org.apa.kaf.com.uti.AppInfoParser] (main) Kafka commitId: f745dfdcee2b9851
2025-08-13 02:16:37,306 INFO  [org.apa.kaf.com.uti.AppInfoParser] (main) Kafka startTimeMs: 1755051397306
2025-08-13 02:16:37,309 INFO  [org.apa.kaf.cli.Metadata] (kafka-producer-network-thread | Producer-topic-16de03d1_eb63_4fb8_9e06_659eac9bfbac) [Producer clientId=Producer-topic-16de03d1_eb63_4fb8_9e06_659eac9bfbac] Cluster ID: rLHX8X_xRIO734wjNEuI8w
2025-08-13 02:16:37,309 INFO  [org.apa.kaf.cli.pro.int.TransactionManager] (kafka-producer-network-thread | Producer-topic-16de03d1_eb63_4fb8_9e06_659eac9bfbac) [Producer clientId=Producer-topic-16de03d1_eb63_4fb8_9e06_659eac9bfbac] ProducerId set to 11 with epoch 0
2025-08-13 02:16:37,309 INFO  [io.api.tes.ser.api.KafkaSerdesTester] (Thread-659) Sending message {"key11755051396233": "value-0"} to topic topic-16de03d1_eb63_4fb8_9e06_659eac9bfbac
2025-08-13 02:16:37,316 INFO  [DefaultSchemaResolver] (Thread-659) Retrieving schema content using string: {"type":"record","name":"s665808cexb16ax483ax9a42x12375ef115b9","namespace":"ns_5fd59953_ab03_4ab2_9341_d3959e362e7f","fields":[{"name":"key11755051396233","type":"string"}]}
2025-08-13 02:16:37,339 INFO  [io.api.tes.ser.api.KafkaSerdesTester] (Thread-659) Sending message {"key11755051396233": "value-1"} to topic topic-16de03d1_eb63_4fb8_9e06_659eac9bfbac
2025-08-13 02:16:37,341 INFO  [io.api.tes.ser.api.KafkaSerdesTester] (Thread-659) Sending message {"key11755051396233": "value-2"} to topic topic-16de03d1_eb63_4fb8_9e06_659eac9bfbac
2025-08-13 02:16:37,343 INFO  [io.api.tes.ser.api.KafkaSerdesTester] (Thread-659) Sending message {"key11755051396233": "value-3"} to topic topic-16de03d1_eb63_4fb8_9e06_659eac9bfbac
2025-08-13 02:16:37,344 INFO  [io.api.tes.ser.api.KafkaSerdesTester] (Thread-659) Sending message {"key11755051396233": "value-4"} to topic topic-16de03d1_eb63_4fb8_9e06_659eac9bfbac
2025-08-13 02:16:37,346 INFO  [io.api.tes.ser.api.KafkaSerdesTester] (Thread-659) Sending message {"key11755051396233": "value-5"} to topic topic-16de03d1_eb63_4fb8_9e06_659eac9bfbac
2025-08-13 02:16:37,349 INFO  [io.api.tes.ser.api.KafkaSerdesTester] (Thread-659) Sending message {"key11755051396233": "value-6"} to topic topic-16de03d1_eb63_4fb8_9e06_659eac9bfbac
2025-08-13 02:16:37,350 INFO  [io.api.tes.ser.api.KafkaSerdesTester] (Thread-659) Sending message {"key11755051396233": "value-7"} to topic topic-16de03d1_eb63_4fb8_9e06_659eac9bfbac
2025-08-13 02:16:37,353 INFO  [io.api.tes.ser.api.KafkaSerdesTester] (Thread-659) Sending message {"key11755051396233": "value-8"} to topic topic-16de03d1_eb63_4fb8_9e06_659eac9bfbac
2025-08-13 02:16:37,354 INFO  [io.api.tes.ser.api.KafkaSerdesTester] (Thread-659) Sending message {"key11755051396233": "value-9"} to topic topic-16de03d1_eb63_4fb8_9e06_659eac9bfbac
2025-08-13 02:16:37,356 INFO  [io.api.tes.ser.api.KafkaSerdesTester] (Thread-659) Produced 10 messages
2025-08-13 02:16:37,356 INFO  [org.apa.kaf.cli.con.int.ClassicKafkaConsumer] (Thread-660) [Consumer clientId=consumer-Consumer-topic-16de03d1_eb63_4fb8_9e06_659eac9bfbac-9, groupId=Consumer-topic-16de03d1_eb63_4fb8_9e06_659eac9bfbac] Subscribed to topic(s): topic-16de03d1_eb63_4fb8_9e06_659eac9bfbac
2025-08-13 02:16:37,362 INFO  [org.apa.kaf.cli.Metadata] (Thread-660) [Consumer clientId=consumer-Consumer-topic-16de03d1_eb63_4fb8_9e06_659eac9bfbac-9, groupId=Consumer-topic-16de03d1_eb63_4fb8_9e06_659eac9bfbac] Cluster ID: rLHX8X_xRIO734wjNEuI8w
2025-08-13 02:16:37,364 INFO  [org.apa.kaf.cli.con.int.ConsumerCoordinator] (Thread-660) [Consumer clientId=consumer-Consumer-topic-16de03d1_eb63_4fb8_9e06_659eac9bfbac-9, groupId=Consumer-topic-16de03d1_eb63_4fb8_9e06_659eac9bfbac] Discovered group coordinator localhost:32769 (id: 2147483647 rack: null)
2025-08-13 02:16:37,368 INFO  [org.apa.kaf.cli.con.int.ConsumerCoordinator] (Thread-660) [Consumer clientId=consumer-Consumer-topic-16de03d1_eb63_4fb8_9e06_659eac9bfbac-9, groupId=Consumer-topic-16de03d1_eb63_4fb8_9e06_659eac9bfbac] (Re-)joining group
2025-08-13 02:16:37,371 INFO  [org.apa.kaf.cli.con.int.ConsumerCoordinator] (Thread-660) [Consumer clientId=consumer-Consumer-topic-16de03d1_eb63_4fb8_9e06_659eac9bfbac-9, groupId=Consumer-topic-16de03d1_eb63_4fb8_9e06_659eac9bfbac] Request joining group due to: need to re-join with the given member-id: consumer-Consumer-topic-16de03d1_eb63_4fb8_9e06_659eac9bfbac-9-7e1f1ae4-de8f-4062-bdf5-62d74991d7e7
2025-08-13 02:16:37,371 INFO  [org.apa.kaf.cli.con.int.ConsumerCoordinator] (Thread-660) [Consumer clientId=consumer-Consumer-topic-16de03d1_eb63_4fb8_9e06_659eac9bfbac-9, groupId=Consumer-topic-16de03d1_eb63_4fb8_9e06_659eac9bfbac] (Re-)joining group
2025-08-13 02:16:38,356 INFO  [io.api.tes.ser.api.KafkaSerdesTester] (Thread-660) None found
2025-08-13 02:16:39,357 INFO  [io.api.tes.ser.api.KafkaSerdesTester] (Thread-660) None found
2025-08-13 02:16:40,357 INFO  [io.api.tes.ser.api.KafkaSerdesTester] (Thread-660) None found
2025-08-13 02:16:40,373 INFO  [org.apa.kaf.cli.con.int.ConsumerCoordinator] (Thread-660) [Consumer clientId=consumer-Consumer-topic-16de03d1_eb63_4fb8_9e06_659eac9bfbac-9, groupId=Consumer-topic-16de03d1_eb63_4fb8_9e06_659eac9bfbac] Successfully joined group with generation Generation{generationId=1, memberId='consumer-Consumer-topic-16de03d1_eb63_4fb8_9e06_659eac9bfbac-9-7e1f1ae4-de8f-4062-bdf5-62d74991d7e7', protocol='range'}
2025-08-13 02:16:40,374 INFO  [org.apa.kaf.cli.con.int.ConsumerCoordinator] (Thread-660) [Consumer clientId=consumer-Consumer-topic-16de03d1_eb63_4fb8_9e06_659eac9bfbac-9, groupId=Consumer-topic-16de03d1_eb63_4fb8_9e06_659eac9bfbac] Finished assignment for group at generation 1: {consumer-Consumer-topic-16de03d1_eb63_4fb8_9e06_659eac9bfbac-9-7e1f1ae4-de8f-4062-bdf5-62d74991d7e7=Assignment(partitions=[topic-16de03d1_eb63_4fb8_9e06_659eac9bfbac-0])}
2025-08-13 02:16:40,380 INFO  [org.apa.kaf.cli.con.int.ConsumerCoordinator] (Thread-660) [Consumer clientId=consumer-Consumer-topic-16de03d1_eb63_4fb8_9e06_659eac9bfbac-9, groupId=Consumer-topic-16de03d1_eb63_4fb8_9e06_659eac9bfbac] Successfully synced group in generation Generation{generationId=1, memberId='consumer-Consumer-topic-16de03d1_eb63_4fb8_9e06_659eac9bfbac-9-7e1f1ae4-de8f-4062-bdf5-62d74991d7e7', protocol='range'}
2025-08-13 02:16:40,381 INFO  [org.apa.kaf.cli.con.int.ConsumerCoordinator] (Thread-660) [Consumer clientId=consumer-Consumer-topic-16de03d1_eb63_4fb8_9e06_659eac9bfbac-9, groupId=Consumer-topic-16de03d1_eb63_4fb8_9e06_659eac9bfbac] Notifying assignor about the new Assignment(partitions=[topic-16de03d1_eb63_4fb8_9e06_659eac9bfbac-0])
2025-08-13 02:16:40,381 INFO  [org.apa.kaf.cli.con.int.ConsumerRebalanceListenerInvoker] (Thread-660) [Consumer clientId=consumer-Consumer-topic-16de03d1_eb63_4fb8_9e06_659eac9bfbac-9, groupId=Consumer-topic-16de03d1_eb63_4fb8_9e06_659eac9bfbac] Adding newly assigned partitions: topic-16de03d1_eb63_4fb8_9e06_659eac9bfbac-0
2025-08-13 02:16:40,381 INFO  [org.apa.kaf.cli.con.int.ConsumerCoordinator] (Thread-660) [Consumer clientId=consumer-Consumer-topic-16de03d1_eb63_4fb8_9e06_659eac9bfbac-9, groupId=Consumer-topic-16de03d1_eb63_4fb8_9e06_659eac9bfbac] Found no committed offset for partition topic-16de03d1_eb63_4fb8_9e06_659eac9bfbac-0
2025-08-13 02:16:40,385 INFO  [org.apa.kaf.cli.con.int.SubscriptionState] (Thread-660) [Consumer clientId=consumer-Consumer-topic-16de03d1_eb63_4fb8_9e06_659eac9bfbac-9, groupId=Consumer-topic-16de03d1_eb63_4fb8_9e06_659eac9bfbac] Resetting offset for partition topic-16de03d1_eb63_4fb8_9e06_659eac9bfbac-0 to position FetchPosition{offset=0, offsetEpoch=Optional.empty, currentLeader=LeaderAndEpoch{leader=Optional[localhost:32769 (id: 0 rack: null)], epoch=0}}.
2025-08-13 02:16:40,490 INFO  [io.api.tes.ser.api.KafkaSerdesTester] (Thread-660) topic-16de03d1_eb63_4fb8_9e06_659eac9bfbac 0 0 {"key11755051396233": "value-0"}
2025-08-13 02:16:40,490 INFO  [io.api.tes.ser.api.KafkaSerdesTester] (Thread-660) topic-16de03d1_eb63_4fb8_9e06_659eac9bfbac 0 1 {"key11755051396233": "value-1"}
2025-08-13 02:16:40,490 INFO  [io.api.tes.ser.api.KafkaSerdesTester] (Thread-660) topic-16de03d1_eb63_4fb8_9e06_659eac9bfbac 0 2 {"key11755051396233": "value-2"}
2025-08-13 02:16:40,490 INFO  [io.api.tes.ser.api.KafkaSerdesTester] (Thread-660) topic-16de03d1_eb63_4fb8_9e06_659eac9bfbac 0 3 {"key11755051396233": "value-3"}
2025-08-13 02:16:40,490 INFO  [io.api.tes.ser.api.KafkaSerdesTester] (Thread-660) topic-16de03d1_eb63_4fb8_9e06_659eac9bfbac 0 4 {"key11755051396233": "value-4"}
2025-08-13 02:16:40,490 INFO  [io.api.tes.ser.api.KafkaSerdesTester] (Thread-660) topic-16de03d1_eb63_4fb8_9e06_659eac9bfbac 0 5 {"key11755051396233": "value-5"}
2025-08-13 02:16:40,490 INFO  [io.api.tes.ser.api.KafkaSerdesTester] (Thread-660) topic-16de03d1_eb63_4fb8_9e06_659eac9bfbac 0 6 {"key11755051396233": "value-6"}
2025-08-13 02:16:40,490 INFO  [io.api.tes.ser.api.KafkaSerdesTester] (Thread-660) topic-16de03d1_eb63_4fb8_9e06_659eac9bfbac 0 7 {"key11755051396233": "value-7"}
2025-08-13 02:16:40,490 INFO  [io.api.tes.ser.api.KafkaSerdesTester] (Thread-660) topic-16de03d1_eb63_4fb8_9e06_659eac9bfbac 0 8 {"key11755051396233": "value-8"}
2025-08-13 02:16:40,490 INFO  [io.api.tes.ser.api.KafkaSerdesTester] (Thread-660) topic-16de03d1_eb63_4fb8_9e06_659eac9bfbac 0 9 {"key11755051396233": "value-9"}
2025-08-13 02:16:40,490 INFO  [io.api.tes.ser.api.KafkaSerdesTester] (Thread-660) Consumed 10 messages
2025-08-13 02:16:40,491 INFO  [io.api.tes.ser.api.AvroSerdeIT] (main) Registering Avro Schema 2: {"type":"record","name":"s665808cexb16ax483ax9a42x12375ef115b9","namespace":"ns_5fd59953_ab03_4ab2_9341_d3959e362e7f","fields":[{"name":"key11755051396233","type":"string"},{"name":"key21755051400490","type":"string"}]}
2025-08-13 02:16:41,557 INFO  [io.api.tes.ser.api.KafkaSerdesTester] (Thread-661) Sending message {"key11755051396233": "value-0", "key21755051400490": "value-0"} to topic topic-16de03d1_eb63_4fb8_9e06_659eac9bfbac
2025-08-13 02:16:41,557 INFO  [DefaultSchemaResolver] (Thread-661) Retrieving schema content using string: {"type":"record","name":"s665808cexb16ax483ax9a42x12375ef115b9","namespace":"ns_5fd59953_ab03_4ab2_9341_d3959e362e7f","fields":[{"name":"key11755051396233","type":"string"},{"name":"key21755051400490","type":"string"}]}
2025-08-13 02:16:41,576 INFO  [io.api.tes.ser.api.KafkaSerdesTester] (Thread-661) Sending message {"key11755051396233": "value-1", "key21755051400490": "value-1"} to topic topic-16de03d1_eb63_4fb8_9e06_659eac9bfbac
2025-08-13 02:16:41,578 INFO  [io.api.tes.ser.api.KafkaSerdesTester] (Thread-661) Sending message {"key11755051396233": "value-2", "key21755051400490": "value-2"} to topic topic-16de03d1_eb63_4fb8_9e06_659eac9bfbac
2025-08-13 02:16:41,579 INFO  [io.api.tes.ser.api.KafkaSerdesTester] (Thread-661) Sending message {"key11755051396233": "value-3", "key21755051400490": "value-3"} to topic topic-16de03d1_eb63_4fb8_9e06_659eac9bfbac
2025-08-13 02:16:41,580 INFO  [io.api.tes.ser.api.KafkaSerdesTester] (Thread-661) Sending message {"key11755051396233": "value-4", "key21755051400490": "value-4"} to topic topic-16de03d1_eb63_4fb8_9e06_659eac9bfbac
2025-08-13 02:16:41,582 INFO  [io.api.tes.ser.api.KafkaSerdesTester] (Thread-661) Sending message {"key11755051396233": "value-5", "key21755051400490": "value-5"} to topic topic-16de03d1_eb63_4fb8_9e06_659eac9bfbac
2025-08-13 02:16:41,585 INFO  [io.api.tes.ser.api.KafkaSerdesTester] (Thread-661) Sending message {"key11755051396233": "value-6", "key21755051400490": "value-6"} to topic topic-16de03d1_eb63_4fb8_9e06_659eac9bfbac
2025-08-13 02:16:41,586 INFO  [io.api.tes.ser.api.KafkaSerdesTester] (Thread-661) Sending message {"key11755051396233": "value-7", "key21755051400490": "value-7"} to topic topic-16de03d1_eb63_4fb8_9e06_659eac9bfbac
2025-08-13 02:16:41,588 INFO  [io.api.tes.ser.api.KafkaSerdesTester] (Thread-661) Sending message {"key11755051396233": "value-8", "key21755051400490": "value-8"} to topic topic-16de03d1_eb63_4fb8_9e06_659eac9bfbac
2025-08-13 02:16:41,590 INFO  [io.api.tes.ser.api.KafkaSerdesTester] (Thread-661) Sending message {"key11755051396233": "value-9", "key21755051400490": "value-9"} to topic topic-16de03d1_eb63_4fb8_9e06_659eac9bfbac
2025-08-13 02:16:41,595 INFO  [io.api.tes.ser.api.KafkaSerdesTester] (Thread-661) Produced 10 messages
2025-08-13 02:16:41,597 INFO  [io.api.tes.ser.api.KafkaSerdesTester] (Thread-662) Sending message {"key11755051396233": "value-0"} to topic topic-16de03d1_eb63_4fb8_9e06_659eac9bfbac
2025-08-13 02:16:41,603 INFO  [io.api.tes.ser.api.KafkaSerdesTester] (Thread-662) Sending message {"key11755051396233": "value-1"} to topic topic-16de03d1_eb63_4fb8_9e06_659eac9bfbac
2025-08-13 02:16:41,605 INFO  [io.api.tes.ser.api.KafkaSerdesTester] (Thread-662) Sending message {"key11755051396233": "value-2"} to topic topic-16de03d1_eb63_4fb8_9e06_659eac9bfbac
2025-08-13 02:16:41,608 INFO  [io.api.tes.ser.api.KafkaSerdesTester] (Thread-662) Sending message {"key11755051396233": "value-3"} to topic topic-16de03d1_eb63_4fb8_9e06_659eac9bfbac
2025-08-13 02:16:41,610 INFO  [io.api.tes.ser.api.KafkaSerdesTester] (Thread-662) Sending message {"key11755051396233": "value-4"} to topic topic-16de03d1_eb63_4fb8_9e06_659eac9bfbac
2025-08-13 02:16:41,614 INFO  [io.api.tes.ser.api.KafkaSerdesTester] (Thread-662) Sending message {"key11755051396233": "value-5"} to topic topic-16de03d1_eb63_4fb8_9e06_659eac9bfbac
2025-08-13 02:16:41,617 INFO  [io.api.tes.ser.api.KafkaSerdesTester] (Thread-662) Sending message {"key11755051396233": "value-6"} to topic topic-16de03d1_eb63_4fb8_9e06_659eac9bfbac
2025-08-13 02:16:41,619 INFO  [io.api.tes.ser.api.KafkaSerdesTester] (Thread-662) Sending message {"key11755051396233": "value-7"} to topic topic-16de03d1_eb63_4fb8_9e06_659eac9bfbac
2025-08-13 02:16:41,620 INFO  [io.api.tes.ser.api.KafkaSerdesTester] (Thread-662) Sending message {"key11755051396233": "value-8"} to topic topic-16de03d1_eb63_4fb8_9e06_659eac9bfbac
2025-08-13 02:16:41,623 INFO  [io.api.tes.ser.api.KafkaSerdesTester] (Thread-662) Sending message {"key11755051396233": "value-9"} to topic topic-16de03d1_eb63_4fb8_9e06_659eac9bfbac
2025-08-13 02:16:41,624 INFO  [io.api.tes.ser.api.KafkaSerdesTester] (Thread-662) Produced 10 messages
2025-08-13 02:16:41,625 INFO  [org.apa.kaf.cli.con.int.ClassicKafkaConsumer] (Thread-663) [Consumer clientId=consumer-Consumer-topic-16de03d1_eb63_4fb8_9e06_659eac9bfbac-9, groupId=Consumer-topic-16de03d1_eb63_4fb8_9e06_659eac9bfbac] Subscribed to topic(s): topic-16de03d1_eb63_4fb8_9e06_659eac9bfbac
2025-08-13 02:16:41,650 INFO  [io.api.tes.ser.api.KafkaSerdesTester] (Thread-663) topic-16de03d1_eb63_4fb8_9e06_659eac9bfbac 0 10 {"key11755051396233": "value-0", "key21755051400490": "value-0"}
2025-08-13 02:16:41,651 INFO  [io.api.tes.ser.api.KafkaSerdesTester] (Thread-663) topic-16de03d1_eb63_4fb8_9e06_659eac9bfbac 0 11 {"key11755051396233": "value-1", "key21755051400490": "value-1"}
2025-08-13 02:16:41,651 INFO  [io.api.tes.ser.api.KafkaSerdesTester] (Thread-663) topic-16de03d1_eb63_4fb8_9e06_659eac9bfbac 0 12 {"key11755051396233": "value-2", "key21755051400490": "value-2"}
2025-08-13 02:16:41,651 INFO  [io.api.tes.ser.api.KafkaSerdesTester] (Thread-663) topic-16de03d1_eb63_4fb8_9e06_659eac9bfbac 0 13 {"key11755051396233": "value-3", "key21755051400490": "value-3"}
2025-08-13 02:16:41,651 INFO  [io.api.tes.ser.api.KafkaSerdesTester] (Thread-663) topic-16de03d1_eb63_4fb8_9e06_659eac9bfbac 0 14 {"key11755051396233": "value-4", "key21755051400490": "value-4"}
2025-08-13 02:16:41,651 INFO  [io.api.tes.ser.api.KafkaSerdesTester] (Thread-663) topic-16de03d1_eb63_4fb8_9e06_659eac9bfbac 0 15 {"key11755051396233": "value-5", "key21755051400490": "value-5"}
2025-08-13 02:16:41,651 INFO  [io.api.tes.ser.api.KafkaSerdesTester] (Thread-663) topic-16de03d1_eb63_4fb8_9e06_659eac9bfbac 0 16 {"key11755051396233": "value-6", "key21755051400490": "value-6"}
2025-08-13 02:16:41,651 INFO  [io.api.tes.ser.api.KafkaSerdesTester] (Thread-663) topic-16de03d1_eb63_4fb8_9e06_659eac9bfbac 0 17 {"key11755051396233": "value-7", "key21755051400490": "value-7"}
2025-08-13 02:16:41,651 INFO  [io.api.tes.ser.api.KafkaSerdesTester] (Thread-663) topic-16de03d1_eb63_4fb8_9e06_659eac9bfbac 0 18 {"key11755051396233": "value-8", "key21755051400490": "value-8"}
2025-08-13 02:16:41,651 INFO  [io.api.tes.ser.api.KafkaSerdesTester] (Thread-663) topic-16de03d1_eb63_4fb8_9e06_659eac9bfbac 0 19 {"key11755051396233": "value-9", "key21755051400490": "value-9"}
2025-08-13 02:16:41,651 INFO  [io.api.tes.ser.api.KafkaSerdesTester] (Thread-663) topic-16de03d1_eb63_4fb8_9e06_659eac9bfbac 0 20 {"key11755051396233": "value-0"}
2025-08-13 02:16:41,651 INFO  [io.api.tes.ser.api.KafkaSerdesTester] (Thread-663) topic-16de03d1_eb63_4fb8_9e06_659eac9bfbac 0 21 {"key11755051396233": "value-1"}
2025-08-13 02:16:41,651 INFO  [io.api.tes.ser.api.KafkaSerdesTester] (Thread-663) topic-16de03d1_eb63_4fb8_9e06_659eac9bfbac 0 22 {"key11755051396233": "value-2"}
2025-08-13 02:16:41,652 INFO  [io.api.tes.ser.api.KafkaSerdesTester] (Thread-663) topic-16de03d1_eb63_4fb8_9e06_659eac9bfbac 0 23 {"key11755051396233": "value-3"}
2025-08-13 02:16:41,652 INFO  [io.api.tes.ser.api.KafkaSerdesTester] (Thread-663) topic-16de03d1_eb63_4fb8_9e06_659eac9bfbac 0 24 {"key11755051396233": "value-4"}
2025-08-13 02:16:41,652 INFO  [io.api.tes.ser.api.KafkaSerdesTester] (Thread-663) topic-16de03d1_eb63_4fb8_9e06_659eac9bfbac 0 25 {"key11755051396233": "value-5"}
2025-08-13 02:16:41,652 INFO  [io.api.tes.ser.api.KafkaSerdesTester] (Thread-663) topic-16de03d1_eb63_4fb8_9e06_659eac9bfbac 0 26 {"key11755051396233": "value-6"}
2025-08-13 02:16:41,652 INFO  [io.api.tes.ser.api.KafkaSerdesTester] (Thread-663) topic-16de03d1_eb63_4fb8_9e06_659eac9bfbac 0 27 {"key11755051396233": "value-7"}
2025-08-13 02:16:41,652 INFO  [io.api.tes.ser.api.KafkaSerdesTester] (Thread-663) topic-16de03d1_eb63_4fb8_9e06_659eac9bfbac 0 28 {"key11755051396233": "value-8"}
2025-08-13 02:16:41,653 INFO  [io.api.tes.ser.api.KafkaSerdesTester] (Thread-663) topic-16de03d1_eb63_4fb8_9e06_659eac9bfbac 0 29 {"key11755051396233": "value-9"}
2025-08-13 02:16:41,653 INFO  [io.api.tes.ser.api.KafkaSerdesTester] (Thread-663) Consumed 20 messages
2025-08-13 02:16:41,654 INFO  [io.api.tes.ser.api.AvroSerdeIT] (main) Registering Avro Schema 3: {"type":"record","name":"s665808cexb16ax483ax9a42x12375ef115b9","namespace":"ns_5fd59953_ab03_4ab2_9341_d3959e362e7f","fields":[{"name":"key11755051396233","type":"string"},{"name":"key21755051400490","type":"string"},{"name":"key31755051401653","type":"string"}]}
2025-08-13 02:16:42,718 INFO  [io.api.tes.ser.api.KafkaSerdesTester] (Thread-664) Sending message {"key11755051396233": "value-0", "key21755051400490": "value-0", "key31755051401653": "value-0"} to topic topic-16de03d1_eb63_4fb8_9e06_659eac9bfbac
2025-08-13 02:16:42,718 INFO  [DefaultSchemaResolver] (Thread-664) Retrieving schema content using string: {"type":"record","name":"s665808cexb16ax483ax9a42x12375ef115b9","namespace":"ns_5fd59953_ab03_4ab2_9341_d3959e362e7f","fields":[{"name":"key11755051396233","type":"string"},{"name":"key21755051400490","type":"string"},{"name":"key31755051401653","type":"string"}]}
2025-08-13 02:16:42,748 INFO  [io.api.tes.ser.api.KafkaSerdesTester] (Thread-664) Sending message {"key11755051396233": "value-1", "key21755051400490": "value-1", "key31755051401653": "value-1"} to topic topic-16de03d1_eb63_4fb8_9e06_659eac9bfbac
2025-08-13 02:16:42,753 INFO  [io.api.tes.ser.api.KafkaSerdesTester] (Thread-664) Sending message {"key11755051396233": "value-2", "key21755051400490": "value-2", "key31755051401653": "value-2"} to topic topic-16de03d1_eb63_4fb8_9e06_659eac9bfbac
2025-08-13 02:16:42,757 INFO  [io.api.tes.ser.api.KafkaSerdesTester] (Thread-664) Sending message {"key11755051396233": "value-3", "key21755051400490": "value-3", "key31755051401653": "value-3"} to topic topic-16de03d1_eb63_4fb8_9e06_659eac9bfbac
2025-08-13 02:16:42,761 INFO  [io.api.tes.ser.api.KafkaSerdesTester] (Thread-664) Sending message {"key11755051396233": "value-4", "key21755051400490": "value-4", "key31755051401653": "value-4"} to topic topic-16de03d1_eb63_4fb8_9e06_659eac9bfbac
2025-08-13 02:16:42,763 INFO  [io.api.tes.ser.api.KafkaSerdesTester] (Thread-664) Sending message {"key11755051396233": "value-5", "key21755051400490": "value-5", "key31755051401653": "value-5"} to topic topic-16de03d1_eb63_4fb8_9e06_659eac9bfbac
2025-08-13 02:16:42,766 INFO  [io.api.tes.ser.api.KafkaSerdesTester] (Thread-664) Sending message {"key11755051396233": "value-6", "key21755051400490": "value-6", "key31755051401653": "value-6"} to topic topic-16de03d1_eb63_4fb8_9e06_659eac9bfbac
2025-08-13 02:16:42,768 INFO  [io.api.tes.ser.api.KafkaSerdesTester] (Thread-664) Sending message {"key11755051396233": "value-7", "key21755051400490": "value-7", "key31755051401653": "value-7"} to topic topic-16de03d1_eb63_4fb8_9e06_659eac9bfbac
2025-08-13 02:16:42,771 INFO  [io.api.tes.ser.api.KafkaSerdesTester] (Thread-664) Sending message {"key11755051396233": "value-8", "key21755051400490": "value-8", "key31755051401653": "value-8"} to topic topic-16de03d1_eb63_4fb8_9e06_659eac9bfbac
2025-08-13 02:16:42,772 INFO  [io.api.tes.ser.api.KafkaSerdesTester] (Thread-664) Sending message {"key11755051396233": "value-9", "key21755051400490": "value-9", "key31755051401653": "value-9"} to topic topic-16de03d1_eb63_4fb8_9e06_659eac9bfbac
2025-08-13 02:16:42,774 INFO  [io.api.tes.ser.api.KafkaSerdesTester] (Thread-664) Produced 10 messages
2025-08-13 02:16:42,775 INFO  [io.api.tes.ser.api.KafkaSerdesTester] (Thread-665) Sending message {"key11755051396233": "value-0", "key21755051400490": "value-0"} to topic topic-16de03d1_eb63_4fb8_9e06_659eac9bfbac
2025-08-13 02:16:42,776 INFO  [io.api.tes.ser.api.KafkaSerdesTester] (Thread-665) Sending message {"key11755051396233": "value-1", "key21755051400490": "value-1"} to topic topic-16de03d1_eb63_4fb8_9e06_659eac9bfbac
2025-08-13 02:16:42,778 INFO  [io.api.tes.ser.api.KafkaSerdesTester] (Thread-665) Sending message {"key11755051396233": "value-2", "key21755051400490": "value-2"} to topic topic-16de03d1_eb63_4fb8_9e06_659eac9bfbac
2025-08-13 02:16:42,779 INFO  [io.api.tes.ser.api.KafkaSerdesTester] (Thread-665) Sending message {"key11755051396233": "value-3", "key21755051400490": "value-3"} to topic topic-16de03d1_eb63_4fb8_9e06_659eac9bfbac
2025-08-13 02:16:42,780 INFO  [io.api.tes.ser.api.KafkaSerdesTester] (Thread-665) Sending message {"key11755051396233": "value-4", "key21755051400490": "value-4"} to topic topic-16de03d1_eb63_4fb8_9e06_659eac9bfbac
2025-08-13 02:16:42,782 INFO  [io.api.tes.ser.api.KafkaSerdesTester] (Thread-665) Sending message {"key11755051396233": "value-5", "key21755051400490": "value-5"} to topic topic-16de03d1_eb63_4fb8_9e06_659eac9bfbac
2025-08-13 02:16:42,783 INFO  [io.api.tes.ser.api.KafkaSerdesTester] (Thread-665) Sending message {"key11755051396233": "value-6", "key21755051400490": "value-6"} to topic topic-16de03d1_eb63_4fb8_9e06_659eac9bfbac
2025-08-13 02:16:42,784 INFO  [io.api.tes.ser.api.KafkaSerdesTester] (Thread-665) Sending message {"key11755051396233": "value-7", "key21755051400490": "value-7"} to topic topic-16de03d1_eb63_4fb8_9e06_659eac9bfbac
2025-08-13 02:16:42,787 INFO  [io.api.tes.ser.api.KafkaSerdesTester] (Thread-665) Sending message {"key11755051396233": "value-8", "key21755051400490": "value-8"} to topic topic-16de03d1_eb63_4fb8_9e06_659eac9bfbac
2025-08-13 02:16:42,790 INFO  [io.api.tes.ser.api.KafkaSerdesTester] (Thread-665) Sending message {"key11755051396233": "value-9", "key21755051400490": "value-9"} to topic topic-16de03d1_eb63_4fb8_9e06_659eac9bfbac
2025-08-13 02:16:42,792 INFO  [io.api.tes.ser.api.KafkaSerdesTester] (Thread-665) Produced 10 messages
2025-08-13 02:16:42,792 INFO  [io.api.tes.ser.api.KafkaSerdesTester] (Thread-666) Sending message {"key11755051396233": "value-0"} to topic topic-16de03d1_eb63_4fb8_9e06_659eac9bfbac
2025-08-13 02:16:42,794 INFO  [io.api.tes.ser.api.KafkaSerdesTester] (Thread-666) Sending message {"key11755051396233": "value-1"} to topic topic-16de03d1_eb63_4fb8_9e06_659eac9bfbac
2025-08-13 02:16:42,795 INFO  [io.api.tes.ser.api.KafkaSerdesTester] (Thread-666) Sending message {"key11755051396233": "value-2"} to topic topic-16de03d1_eb63_4fb8_9e06_659eac9bfbac
2025-08-13 02:16:42,798 INFO  [io.api.tes.ser.api.KafkaSerdesTester] (Thread-666) Sending message {"key11755051396233": "value-3"} to topic topic-16de03d1_eb63_4fb8_9e06_659eac9bfbac
2025-08-13 02:16:42,799 INFO  [io.api.tes.ser.api.KafkaSerdesTester] (Thread-666) Sending message {"key11755051396233": "value-4"} to topic topic-16de03d1_eb63_4fb8_9e06_659eac9bfbac
2025-08-13 02:16:42,803 INFO  [io.api.tes.ser.api.KafkaSerdesTester] (Thread-666) Sending message {"key11755051396233": "value-5"} to topic topic-16de03d1_eb63_4fb8_9e06_659eac9bfbac
2025-08-13 02:16:42,804 INFO  [io.api.tes.ser.api.KafkaSerdesTester] (Thread-666) Sending message {"key11755051396233": "value-6"} to topic topic-16de03d1_eb63_4fb8_9e06_659eac9bfbac
2025-08-13 02:16:42,805 INFO  [io.api.tes.ser.api.KafkaSerdesTester] (Thread-666) Sending message {"key11755051396233": "value-7"} to topic topic-16de03d1_eb63_4fb8_9e06_659eac9bfbac
2025-08-13 02:16:42,807 INFO  [io.api.tes.ser.api.KafkaSerdesTester] (Thread-666) Sending message {"key11755051396233": "value-8"} to topic topic-16de03d1_eb63_4fb8_9e06_659eac9bfbac
2025-08-13 02:16:42,810 INFO  [io.api.tes.ser.api.KafkaSerdesTester] (Thread-666) Sending message {"key11755051396233": "value-9"} to topic topic-16de03d1_eb63_4fb8_9e06_659eac9bfbac
2025-08-13 02:16:42,812 INFO  [io.api.tes.ser.api.KafkaSerdesTester] (Thread-666) Produced 10 messages
2025-08-13 02:16:42,813 INFO  [org.apa.kaf.cli.con.int.ClassicKafkaConsumer] (Thread-667) [Consumer clientId=consumer-Consumer-topic-16de03d1_eb63_4fb8_9e06_659eac9bfbac-9, groupId=Consumer-topic-16de03d1_eb63_4fb8_9e06_659eac9bfbac] Subscribed to topic(s): topic-16de03d1_eb63_4fb8_9e06_659eac9bfbac
2025-08-13 02:16:42,844 INFO  [io.api.tes.ser.api.KafkaSerdesTester] (Thread-667) topic-16de03d1_eb63_4fb8_9e06_659eac9bfbac 0 30 {"key11755051396233": "value-0", "key21755051400490": "value-0", "key31755051401653": "value-0"}
2025-08-13 02:16:42,844 INFO  [io.api.tes.ser.api.KafkaSerdesTester] (Thread-667) topic-16de03d1_eb63_4fb8_9e06_659eac9bfbac 0 31 {"key11755051396233": "value-1", "key21755051400490": "value-1", "key31755051401653": "value-1"}
2025-08-13 02:16:42,844 INFO  [io.api.tes.ser.api.KafkaSerdesTester] (Thread-667) topic-16de03d1_eb63_4fb8_9e06_659eac9bfbac 0 32 {"key11755051396233": "value-2", "key21755051400490": "value-2", "key31755051401653": "value-2"}
2025-08-13 02:16:42,844 INFO  [io.api.tes.ser.api.KafkaSerdesTester] (Thread-667) topic-16de03d1_eb63_4fb8_9e06_659eac9bfbac 0 33 {"key11755051396233": "value-3", "key21755051400490": "value-3", "key31755051401653": "value-3"}
2025-08-13 02:16:42,844 INFO  [io.api.tes.ser.api.KafkaSerdesTester] (Thread-667) topic-16de03d1_eb63_4fb8_9e06_659eac9bfbac 0 34 {"key11755051396233": "value-4", "key21755051400490": "value-4", "key31755051401653": "value-4"}
2025-08-13 02:16:42,844 INFO  [io.api.tes.ser.api.KafkaSerdesTester] (Thread-667) topic-16de03d1_eb63_4fb8_9e06_659eac9bfbac 0 35 {"key11755051396233": "value-5", "key21755051400490": "value-5", "key31755051401653": "value-5"}
2025-08-13 02:16:42,844 INFO  [io.api.tes.ser.api.KafkaSerdesTester] (Thread-667) topic-16de03d1_eb63_4fb8_9e06_659eac9bfbac 0 36 {"key11755051396233": "value-6", "key21755051400490": "value-6", "key31755051401653": "value-6"}
2025-08-13 02:16:42,845 INFO  [io.api.tes.ser.api.KafkaSerdesTester] (Thread-667) topic-16de03d1_eb63_4fb8_9e06_659eac9bfbac 0 37 {"key11755051396233": "value-7", "key21755051400490": "value-7", "key31755051401653": "value-7"}
2025-08-13 02:16:42,845 INFO  [io.api.tes.ser.api.KafkaSerdesTester] (Thread-667) topic-16de03d1_eb63_4fb8_9e06_659eac9bfbac 0 38 {"key11755051396233": "value-8", "key21755051400490": "value-8", "key31755051401653": "value-8"}
2025-08-13 02:16:42,845 INFO  [io.api.tes.ser.api.KafkaSerdesTester] (Thread-667) topic-16de03d1_eb63_4fb8_9e06_659eac9bfbac 0 39 {"key11755051396233": "value-9", "key21755051400490": "value-9", "key31755051401653": "value-9"}
2025-08-13 02:16:42,845 INFO  [io.api.tes.ser.api.KafkaSerdesTester] (Thread-667) topic-16de03d1_eb63_4fb8_9e06_659eac9bfbac 0 40 {"key11755051396233": "value-0", "key21755051400490": "value-0"}
2025-08-13 02:16:42,845 INFO  [io.api.tes.ser.api.KafkaSerdesTester] (Thread-667) topic-16de03d1_eb63_4fb8_9e06_659eac9bfbac 0 41 {"key11755051396233": "value-1", "key21755051400490": "value-1"}
2025-08-13 02:16:42,845 INFO  [io.api.tes.ser.api.KafkaSerdesTester] (Thread-667) topic-16de03d1_eb63_4fb8_9e06_659eac9bfbac 0 42 {"key11755051396233": "value-2", "key21755051400490": "value-2"}
2025-08-13 02:16:42,845 INFO  [io.api.tes.ser.api.KafkaSerdesTester] (Thread-667) topic-16de03d1_eb63_4fb8_9e06_659eac9bfbac 0 43 {"key11755051396233": "value-3", "key21755051400490": "value-3"}
2025-08-13 02:16:42,845 INFO  [io.api.tes.ser.api.KafkaSerdesTester] (Thread-667) topic-16de03d1_eb63_4fb8_9e06_659eac9bfbac 0 44 {"key11755051396233": "value-4", "key21755051400490": "value-4"}
2025-08-13 02:16:42,845 INFO  [io.api.tes.ser.api.KafkaSerdesTester] (Thread-667) topic-16de03d1_eb63_4fb8_9e06_659eac9bfbac 0 45 {"key11755051396233": "value-5", "key21755051400490": "value-5"}
2025-08-13 02:16:42,845 INFO  [io.api.tes.ser.api.KafkaSerdesTester] (Thread-667) topic-16de03d1_eb63_4fb8_9e06_659eac9bfbac 0 46 {"key11755051396233": "value-6", "key21755051400490": "value-6"}
2025-08-13 02:16:42,845 INFO  [io.api.tes.ser.api.KafkaSerdesTester] (Thread-667) topic-16de03d1_eb63_4fb8_9e06_659eac9bfbac 0 47 {"key11755051396233": "value-7", "key21755051400490": "value-7"}
2025-08-13 02:16:42,845 INFO  [io.api.tes.ser.api.KafkaSerdesTester] (Thread-667) topic-16de03d1_eb63_4fb8_9e06_659eac9bfbac 0 48 {"key11755051396233": "value-8", "key21755051400490": "value-8"}
2025-08-13 02:16:42,845 INFO  [io.api.tes.ser.api.KafkaSerdesTester] (Thread-667) topic-16de03d1_eb63_4fb8_9e06_659eac9bfbac 0 49 {"key11755051396233": "value-9", "key21755051400490": "value-9"}
2025-08-13 02:16:42,845 INFO  [io.api.tes.ser.api.KafkaSerdesTester] (Thread-667) topic-16de03d1_eb63_4fb8_9e06_659eac9bfbac 0 50 {"key11755051396233": "value-0"}
2025-08-13 02:16:42,846 INFO  [io.api.tes.ser.api.KafkaSerdesTester] (Thread-667) topic-16de03d1_eb63_4fb8_9e06_659eac9bfbac 0 51 {"key11755051396233": "value-1"}
2025-08-13 02:16:42,846 INFO  [io.api.tes.ser.api.KafkaSerdesTester] (Thread-667) topic-16de03d1_eb63_4fb8_9e06_659eac9bfbac 0 52 {"key11755051396233": "value-2"}
2025-08-13 02:16:42,846 INFO  [io.api.tes.ser.api.KafkaSerdesTester] (Thread-667) topic-16de03d1_eb63_4fb8_9e06_659eac9bfbac 0 53 {"key11755051396233": "value-3"}
2025-08-13 02:16:42,846 INFO  [io.api.tes.ser.api.KafkaSerdesTester] (Thread-667) topic-16de03d1_eb63_4fb8_9e06_659eac9bfbac 0 54 {"key11755051396233": "value-4"}
2025-08-13 02:16:42,846 INFO  [io.api.tes.ser.api.KafkaSerdesTester] (Thread-667) topic-16de03d1_eb63_4fb8_9e06_659eac9bfbac 0 55 {"key11755051396233": "value-5"}
2025-08-13 02:16:42,846 INFO  [io.api.tes.ser.api.KafkaSerdesTester] (Thread-667) topic-16de03d1_eb63_4fb8_9e06_659eac9bfbac 0 56 {"key11755051396233": "value-6"}
2025-08-13 02:16:42,846 INFO  [io.api.tes.ser.api.KafkaSerdesTester] (Thread-667) topic-16de03d1_eb63_4fb8_9e06_659eac9bfbac 0 57 {"key11755051396233": "value-7"}
2025-08-13 02:16:42,846 INFO  [io.api.tes.ser.api.KafkaSerdesTester] (Thread-667) topic-16de03d1_eb63_4fb8_9e06_659eac9bfbac 0 58 {"key11755051396233": "value-8"}
2025-08-13 02:16:42,846 INFO  [io.api.tes.ser.api.KafkaSerdesTester] (Thread-667) topic-16de03d1_eb63_4fb8_9e06_659eac9bfbac 0 59 {"key11755051396233": "value-9"}
2025-08-13 02:16:42,846 INFO  [io.api.tes.ser.api.KafkaSerdesTester] (Thread-667) Consumed 30 messages
2025-08-13 02:16:42,846 INFO  [org.apa.kaf.cli.pro.KafkaProducer] (main) [Producer clientId=Producer-topic-16de03d1_eb63_4fb8_9e06_659eac9bfbac] Closing the Kafka producer with timeoutMillis = 9223372036854775807 ms.
2025-08-13 02:16:42,848 INFO  [org.apa.kaf.com.met.Metrics] (main) Metrics scheduler closed
2025-08-13 02:16:42,848 INFO  [org.apa.kaf.com.met.Metrics] (main) Closing reporter org.apache.kafka.common.metrics.JmxReporter
2025-08-13 02:16:42,848 INFO  [org.apa.kaf.com.met.Metrics] (main) Closing reporter org.apache.kafka.common.telemetry.internals.ClientTelemetryReporter
2025-08-13 02:16:42,848 INFO  [org.apa.kaf.com.met.Metrics] (main) Metrics reporters closed
2025-08-13 02:16:42,848 INFO  [org.apa.kaf.com.uti.AppInfoParser] (main) App info kafka.producer for Producer-topic-16de03d1_eb63_4fb8_9e06_659eac9bfbac unregistered
2025-08-13 02:16:42,856 INFO  [org.apa.kaf.cli.con.int.ConsumerRebalanceListenerInvoker] (main) [Consumer clientId=consumer-Consumer-topic-16de03d1_eb63_4fb8_9e06_659eac9bfbac-9, groupId=Consumer-topic-16de03d1_eb63_4fb8_9e06_659eac9bfbac] Revoke previously assigned partitions topic-16de03d1_eb63_4fb8_9e06_659eac9bfbac-0
2025-08-13 02:16:42,856 INFO  [org.apa.kaf.cli.con.int.ConsumerCoordinator] (main) [Consumer clientId=consumer-Consumer-topic-16de03d1_eb63_4fb8_9e06_659eac9bfbac-9, groupId=Consumer-topic-16de03d1_eb63_4fb8_9e06_659eac9bfbac] Member consumer-Consumer-topic-16de03d1_eb63_4fb8_9e06_659eac9bfbac-9-7e1f1ae4-de8f-4062-bdf5-62d74991d7e7 sending LeaveGroup request to coordinator localhost:32769 (id: 2147483647 rack: null) due to the consumer is being closed
2025-08-13 02:16:42,856 INFO  [org.apa.kaf.cli.con.int.ConsumerCoordinator] (main) [Consumer clientId=consumer-Consumer-topic-16de03d1_eb63_4fb8_9e06_659eac9bfbac-9, groupId=Consumer-topic-16de03d1_eb63_4fb8_9e06_659eac9bfbac] Resetting generation and member id due to: consumer pro-actively leaving the group
2025-08-13 02:16:42,856 INFO  [org.apa.kaf.cli.con.int.ConsumerCoordinator] (main) [Consumer clientId=consumer-Consumer-topic-16de03d1_eb63_4fb8_9e06_659eac9bfbac-9, groupId=Consumer-topic-16de03d1_eb63_4fb8_9e06_659eac9bfbac] Request joining group due to: consumer pro-actively leaving the group
2025-08-13 02:16:43,346 INFO  [org.apa.kaf.com.met.Metrics] (main) Metrics scheduler closed
2025-08-13 02:16:43,346 INFO  [org.apa.kaf.com.met.Metrics] (main) Closing reporter org.apache.kafka.common.metrics.JmxReporter
2025-08-13 02:16:43,346 INFO  [org.apa.kaf.com.met.Metrics] (main) Closing reporter org.apache.kafka.common.telemetry.internals.ClientTelemetryReporter
2025-08-13 02:16:43,346 INFO  [org.apa.kaf.com.met.Metrics] (main) Metrics reporters closed
2025-08-13 02:16:43,351 INFO  [org.apa.kaf.com.uti.AppInfoParser] (main) App info kafka.consumer for consumer-Consumer-topic-16de03d1_eb63_4fb8_9e06_659eac9bfbac-9 unregistered
2025-08-13 02:16:43,352 INFO  [io.api.tes.uti.TestSeparator] (main) io.apicurio.tests.serdes.apicurio.AvroSerdeIT.testEvolveAvroApicurioReusingClient-FINISHED
2025-08-13 02:16:43,352 INFO  [io.api.tes.uti.TestSeparator] (main) ############################################################################
Test passed: testEvolveAvroApicurioReusingClient
]]></system-out>
  </testcase>
  <testcase name="testProducerUsesDefaultConsumerUsesGlobalId" classname="io.apicurio.tests.serdes.apicurio.AvroSerdeIT" time="0.0">
    <skipped message="void io.apicurio.tests.serdes.apicurio.AvroSerdeIT.testProducerUsesDefaultConsumerUsesGlobalId() throws java.lang.Exception is @Disabled"/>
  </testcase>
  <testcase name="testEvolveAvroApicurio" classname="io.apicurio.tests.serdes.apicurio.AvroSerdeIT" time="14.395">
    <system-out><![CDATA[2025-08-13 02:16:43,359 INFO  [io.api.tes.uti.TestSeparator] (main) ############################################################################
2025-08-13 02:16:43,359 INFO  [io.api.tes.uti.TestSeparator] (main) io.apicurio.tests.serdes.apicurio.AvroSerdeIT.testEvolveAvroApicurio-STARTED
2025-08-13 02:16:43,361 INFO  [io.api.tes.ser.api.AvroSerdeIT] (main) Registering Avro Schema: {"type":"record","name":"sea44ff40xbb36x4212xa8b7x88b9e59ac943","namespace":"ns_428c4785_242a_461f_9e4f_15ed4e38701c","fields":[{"name":"key11755051403361","type":"string"}]}
**** Registry Base URL: http://registry-app-mysql.apps.ci419.apicurio-testing.org:80
2025-08-13 02:16:44,433 INFO  [org.apa.kaf.cli.pro.ProducerConfig] (main) ProducerConfig values: 
	acks = -1
	auto.include.jmx.reporter = true
	batch.size = 16384
	bootstrap.servers = [PLAINTEXT://localhost:32769]
	buffer.memory = 33554432
	client.dns.lookup = use_all_dns_ips
	client.id = Producer-topic-e6563cb4_0e81_4867_9776_74b93513b4d4
	compression.gzip.level = -1
	compression.lz4.level = 9
	compression.type = none
	compression.zstd.level = 3
	connections.max.idle.ms = 10000
	delivery.timeout.ms = 120000
	enable.idempotence = true
	enable.metrics.push = true
	interceptor.classes = []
	key.serializer = class org.apache.kafka.common.serialization.StringSerializer
	linger.ms = 0
	max.block.ms = 60000
	max.in.flight.requests.per.connection = 5
	max.request.size = 1048576
	metadata.max.age.ms = 300000
	metadata.max.idle.ms = 300000
	metadata.recovery.strategy = none
	metric.reporters = []
	metrics.num.samples = 2
	metrics.recording.level = INFO
	metrics.sample.window.ms = 30000
	partitioner.adaptive.partitioning.enable = true
	partitioner.availability.timeout.ms = 0
	partitioner.class = null
	partitioner.ignore.keys = false
	receive.buffer.bytes = 32768
	reconnect.backoff.max.ms = 1000
	reconnect.backoff.ms = 50
	request.timeout.ms = 5000
	retries = 2147483647
	retry.backoff.max.ms = 1000
	retry.backoff.ms = 100
	sasl.client.callback.handler.class = null
	sasl.jaas.config = null
	sasl.kerberos.kinit.cmd = /usr/bin/kinit
	sasl.kerberos.min.time.before.relogin = 60000
	sasl.kerberos.service.name = null
	sasl.kerberos.ticket.renew.jitter = 0.05
	sasl.kerberos.ticket.renew.window.factor = 0.8
	sasl.login.callback.handler.class = null
	sasl.login.class = null
	sasl.login.connect.timeout.ms = null
	sasl.login.read.timeout.ms = null
	sasl.login.refresh.buffer.seconds = 300
	sasl.login.refresh.min.period.seconds = 60
	sasl.login.refresh.window.factor = 0.8
	sasl.login.refresh.window.jitter = 0.05
	sasl.login.retry.backoff.max.ms = 10000
	sasl.login.retry.backoff.ms = 100
	sasl.mechanism = GSSAPI
	sasl.oauthbearer.clock.skew.seconds = 30
	sasl.oauthbearer.expected.audience = null
	sasl.oauthbearer.expected.issuer = null
	sasl.oauthbearer.header.urlencode = false
	sasl.oauthbearer.jwks.endpoint.refresh.ms = 3600000
	sasl.oauthbearer.jwks.endpoint.retry.backoff.max.ms = 10000
	sasl.oauthbearer.jwks.endpoint.retry.backoff.ms = 100
	sasl.oauthbearer.jwks.endpoint.url = null
	sasl.oauthbearer.scope.claim.name = scope
	sasl.oauthbearer.sub.claim.name = sub
	sasl.oauthbearer.token.endpoint.url = null
	security.protocol = PLAINTEXT
	security.providers = null
	send.buffer.bytes = 131072
	socket.connection.setup.timeout.max.ms = 30000
	socket.connection.setup.timeout.ms = 10000
	ssl.cipher.suites = null
	ssl.enabled.protocols = [TLSv1.2, TLSv1.3]
	ssl.endpoint.identification.algorithm = https
	ssl.engine.factory.class = null
	ssl.key.password = null
	ssl.keymanager.algorithm = SunX509
	ssl.keystore.certificate.chain = null
	ssl.keystore.key = null
	ssl.keystore.location = null
	ssl.keystore.password = null
	ssl.keystore.type = JKS
	ssl.protocol = TLSv1.3
	ssl.provider = null
	ssl.secure.random.implementation = null
	ssl.trustmanager.algorithm = PKIX
	ssl.truststore.certificates = null
	ssl.truststore.location = null
	ssl.truststore.password = null
	ssl.truststore.type = JKS
	transaction.timeout.ms = 60000
	transactional.id = null
	value.serializer = class io.apicurio.registry.serde.avro.AvroKafkaSerializer

2025-08-13 02:16:44,433 INFO  [org.apa.kaf.com.tel.int.KafkaMetricsCollector] (main) initializing Kafka metrics collector
2025-08-13 02:16:44,437 INFO  [org.apa.kaf.cli.pro.KafkaProducer] (main) [Producer clientId=Producer-topic-e6563cb4_0e81_4867_9776_74b93513b4d4] Instantiated an idempotent producer.
2025-08-13 02:16:44,439 INFO  [org.apa.kaf.cli.pro.ProducerConfig] (main) These configurations '[apicurio.registry.url, apicurio.registry.artifact-resolver-strategy]' were supplied but are not used yet.
2025-08-13 02:16:44,439 INFO  [org.apa.kaf.com.uti.AppInfoParser] (main) Kafka version: 3.9.1
2025-08-13 02:16:44,439 INFO  [org.apa.kaf.com.uti.AppInfoParser] (main) Kafka commitId: f745dfdcee2b9851
2025-08-13 02:16:44,439 INFO  [org.apa.kaf.com.uti.AppInfoParser] (main) Kafka startTimeMs: 1755051404439
**** Registry Base URL: http://registry-app-mysql.apps.ci419.apicurio-testing.org:80
2025-08-13 02:16:44,439 INFO  [org.apa.kaf.cli.con.ConsumerConfig] (main) ConsumerConfig values: 
	allow.auto.create.topics = true
	auto.commit.interval.ms = 500
	auto.include.jmx.reporter = true
	auto.offset.reset = earliest
	bootstrap.servers = [PLAINTEXT://localhost:32769]
	check.crcs = true
	client.dns.lookup = use_all_dns_ips
	client.id = consumer-Consumer-topic-e6563cb4_0e81_4867_9776_74b93513b4d4-10
	client.rack = 
	connections.max.idle.ms = 10000
	default.api.timeout.ms = 60000
	enable.auto.commit = true
	enable.metrics.push = true
	exclude.internal.topics = true
	fetch.max.bytes = 52428800
	fetch.max.wait.ms = 500
	fetch.min.bytes = 1
	group.id = Consumer-topic-e6563cb4_0e81_4867_9776_74b93513b4d4
	group.instance.id = null
	group.protocol = classic
	group.remote.assignor = null
	heartbeat.interval.ms = 3000
	interceptor.classes = []
	internal.leave.group.on.close = true
	internal.throw.on.fetch.stable.offset.unsupported = false
	isolation.level = read_uncommitted
	key.deserializer = class org.apache.kafka.common.serialization.StringDeserializer
	max.partition.fetch.bytes = 1048576
	max.poll.interval.ms = 300000
	max.poll.records = 500
	metadata.max.age.ms = 300000
	metadata.recovery.strategy = none
	metric.reporters = []
	metrics.num.samples = 2
	metrics.recording.level = INFO
	metrics.sample.window.ms = 30000
	partition.assignment.strategy = [class org.apache.kafka.clients.consumer.RangeAssignor, class org.apache.kafka.clients.consumer.CooperativeStickyAssignor]
	receive.buffer.bytes = 65536
	reconnect.backoff.max.ms = 1000
	reconnect.backoff.ms = 50
	request.timeout.ms = 5000
	retry.backoff.max.ms = 1000
	retry.backoff.ms = 100
	sasl.client.callback.handler.class = null
	sasl.jaas.config = null
	sasl.kerberos.kinit.cmd = /usr/bin/kinit
	sasl.kerberos.min.time.before.relogin = 60000
	sasl.kerberos.service.name = null
	sasl.kerberos.ticket.renew.jitter = 0.05
	sasl.kerberos.ticket.renew.window.factor = 0.8
	sasl.login.callback.handler.class = null
	sasl.login.class = null
	sasl.login.connect.timeout.ms = null
	sasl.login.read.timeout.ms = null
	sasl.login.refresh.buffer.seconds = 300
	sasl.login.refresh.min.period.seconds = 60
	sasl.login.refresh.window.factor = 0.8
	sasl.login.refresh.window.jitter = 0.05
	sasl.login.retry.backoff.max.ms = 10000
	sasl.login.retry.backoff.ms = 100
	sasl.mechanism = GSSAPI
	sasl.oauthbearer.clock.skew.seconds = 30
	sasl.oauthbearer.expected.audience = null
	sasl.oauthbearer.expected.issuer = null
	sasl.oauthbearer.header.urlencode = false
	sasl.oauthbearer.jwks.endpoint.refresh.ms = 3600000
	sasl.oauthbearer.jwks.endpoint.retry.backoff.max.ms = 10000
	sasl.oauthbearer.jwks.endpoint.retry.backoff.ms = 100
	sasl.oauthbearer.jwks.endpoint.url = null
	sasl.oauthbearer.scope.claim.name = scope
	sasl.oauthbearer.sub.claim.name = sub
	sasl.oauthbearer.token.endpoint.url = null
	security.protocol = PLAINTEXT
	security.providers = null
	send.buffer.bytes = 131072
	session.timeout.ms = 45000
	socket.connection.setup.timeout.max.ms = 30000
	socket.connection.setup.timeout.ms = 10000
	ssl.cipher.suites = null
	ssl.enabled.protocols = [TLSv1.2, TLSv1.3]
	ssl.endpoint.identification.algorithm = https
	ssl.engine.factory.class = null
	ssl.key.password = null
	ssl.keymanager.algorithm = SunX509
	ssl.keystore.certificate.chain = null
	ssl.keystore.key = null
	ssl.keystore.location = null
	ssl.keystore.password = null
	ssl.keystore.type = JKS
	ssl.protocol = TLSv1.3
	ssl.provider = null
	ssl.secure.random.implementation = null
	ssl.trustmanager.algorithm = PKIX
	ssl.truststore.certificates = null
	ssl.truststore.location = null
	ssl.truststore.password = null
	ssl.truststore.type = JKS
	value.deserializer = class io.apicurio.registry.serde.avro.AvroKafkaDeserializer

2025-08-13 02:16:44,440 INFO  [org.apa.kaf.com.tel.int.KafkaMetricsCollector] (main) initializing Kafka metrics collector
2025-08-13 02:16:44,444 INFO  [org.apa.kaf.cli.Metadata] (kafka-producer-network-thread | Producer-topic-e6563cb4_0e81_4867_9776_74b93513b4d4) [Producer clientId=Producer-topic-e6563cb4_0e81_4867_9776_74b93513b4d4] Cluster ID: rLHX8X_xRIO734wjNEuI8w
2025-08-13 02:16:44,444 INFO  [org.apa.kaf.cli.pro.int.TransactionManager] (kafka-producer-network-thread | Producer-topic-e6563cb4_0e81_4867_9776_74b93513b4d4) [Producer clientId=Producer-topic-e6563cb4_0e81_4867_9776_74b93513b4d4] ProducerId set to 12 with epoch 0
2025-08-13 02:16:44,447 INFO  [org.apa.kaf.cli.con.ConsumerConfig] (main) These configurations '[apicurio.registry.url]' were supplied but are not used yet.
2025-08-13 02:16:44,447 INFO  [org.apa.kaf.com.uti.AppInfoParser] (main) Kafka version: 3.9.1
2025-08-13 02:16:44,447 INFO  [org.apa.kaf.com.uti.AppInfoParser] (main) Kafka commitId: f745dfdcee2b9851
2025-08-13 02:16:44,447 INFO  [org.apa.kaf.com.uti.AppInfoParser] (main) Kafka startTimeMs: 1755051404447
2025-08-13 02:16:44,447 INFO  [io.api.tes.ser.api.KafkaSerdesTester] (Thread-672) Sending message {"key11755051403361": "value-0"} to topic topic-e6563cb4_0e81_4867_9776_74b93513b4d4
2025-08-13 02:16:44,451 INFO  [DefaultSchemaResolver] (Thread-672) Retrieving schema content using string: {"type":"record","name":"sea44ff40xbb36x4212xa8b7x88b9e59ac943","namespace":"ns_428c4785_242a_461f_9e4f_15ed4e38701c","fields":[{"name":"key11755051403361","type":"string"}]}
2025-08-13 02:16:44,480 INFO  [io.api.tes.ser.api.KafkaSerdesTester] (Thread-672) Sending message {"key11755051403361": "value-1"} to topic topic-e6563cb4_0e81_4867_9776_74b93513b4d4
2025-08-13 02:16:44,485 INFO  [io.api.tes.ser.api.KafkaSerdesTester] (Thread-672) Sending message {"key11755051403361": "value-2"} to topic topic-e6563cb4_0e81_4867_9776_74b93513b4d4
2025-08-13 02:16:44,486 INFO  [io.api.tes.ser.api.KafkaSerdesTester] (Thread-672) Sending message {"key11755051403361": "value-3"} to topic topic-e6563cb4_0e81_4867_9776_74b93513b4d4
2025-08-13 02:16:44,487 INFO  [io.api.tes.ser.api.KafkaSerdesTester] (Thread-672) Sending message {"key11755051403361": "value-4"} to topic topic-e6563cb4_0e81_4867_9776_74b93513b4d4
2025-08-13 02:16:44,491 INFO  [io.api.tes.ser.api.KafkaSerdesTester] (Thread-672) Sending message {"key11755051403361": "value-5"} to topic topic-e6563cb4_0e81_4867_9776_74b93513b4d4
2025-08-13 02:16:44,492 INFO  [io.api.tes.ser.api.KafkaSerdesTester] (Thread-672) Sending message {"key11755051403361": "value-6"} to topic topic-e6563cb4_0e81_4867_9776_74b93513b4d4
2025-08-13 02:16:44,493 INFO  [io.api.tes.ser.api.KafkaSerdesTester] (Thread-672) Sending message {"key11755051403361": "value-7"} to topic topic-e6563cb4_0e81_4867_9776_74b93513b4d4
2025-08-13 02:16:44,495 INFO  [io.api.tes.ser.api.KafkaSerdesTester] (Thread-672) Sending message {"key11755051403361": "value-8"} to topic topic-e6563cb4_0e81_4867_9776_74b93513b4d4
2025-08-13 02:16:44,498 INFO  [io.api.tes.ser.api.KafkaSerdesTester] (Thread-672) Sending message {"key11755051403361": "value-9"} to topic topic-e6563cb4_0e81_4867_9776_74b93513b4d4
2025-08-13 02:16:44,500 INFO  [io.api.tes.ser.api.KafkaSerdesTester] (Thread-672) Produced 10 messages
2025-08-13 02:16:44,500 INFO  [org.apa.kaf.cli.pro.KafkaProducer] (Thread-672) [Producer clientId=Producer-topic-e6563cb4_0e81_4867_9776_74b93513b4d4] Closing the Kafka producer with timeoutMillis = 9223372036854775807 ms.
2025-08-13 02:16:44,502 INFO  [org.apa.kaf.com.met.Metrics] (Thread-672) Metrics scheduler closed
2025-08-13 02:16:44,503 INFO  [org.apa.kaf.com.met.Metrics] (Thread-672) Closing reporter org.apache.kafka.common.metrics.JmxReporter
2025-08-13 02:16:44,503 INFO  [org.apa.kaf.com.met.Metrics] (Thread-672) Closing reporter org.apache.kafka.common.telemetry.internals.ClientTelemetryReporter
2025-08-13 02:16:44,503 INFO  [org.apa.kaf.com.met.Metrics] (Thread-672) Metrics reporters closed
2025-08-13 02:16:44,504 INFO  [org.apa.kaf.com.uti.AppInfoParser] (Thread-672) App info kafka.producer for Producer-topic-e6563cb4_0e81_4867_9776_74b93513b4d4 unregistered
2025-08-13 02:16:44,504 INFO  [org.apa.kaf.cli.con.int.ClassicKafkaConsumer] (Thread-673) [Consumer clientId=consumer-Consumer-topic-e6563cb4_0e81_4867_9776_74b93513b4d4-10, groupId=Consumer-topic-e6563cb4_0e81_4867_9776_74b93513b4d4] Subscribed to topic(s): topic-e6563cb4_0e81_4867_9776_74b93513b4d4
2025-08-13 02:16:44,509 INFO  [org.apa.kaf.cli.Metadata] (Thread-673) [Consumer clientId=consumer-Consumer-topic-e6563cb4_0e81_4867_9776_74b93513b4d4-10, groupId=Consumer-topic-e6563cb4_0e81_4867_9776_74b93513b4d4] Cluster ID: rLHX8X_xRIO734wjNEuI8w
2025-08-13 02:16:44,509 INFO  [org.apa.kaf.cli.con.int.ConsumerCoordinator] (Thread-673) [Consumer clientId=consumer-Consumer-topic-e6563cb4_0e81_4867_9776_74b93513b4d4-10, groupId=Consumer-topic-e6563cb4_0e81_4867_9776_74b93513b4d4] Discovered group coordinator localhost:32769 (id: 2147483647 rack: null)
2025-08-13 02:16:44,514 INFO  [org.apa.kaf.cli.con.int.ConsumerCoordinator] (Thread-673) [Consumer clientId=consumer-Consumer-topic-e6563cb4_0e81_4867_9776_74b93513b4d4-10, groupId=Consumer-topic-e6563cb4_0e81_4867_9776_74b93513b4d4] (Re-)joining group
2025-08-13 02:16:44,517 INFO  [org.apa.kaf.cli.con.int.ConsumerCoordinator] (Thread-673) [Consumer clientId=consumer-Consumer-topic-e6563cb4_0e81_4867_9776_74b93513b4d4-10, groupId=Consumer-topic-e6563cb4_0e81_4867_9776_74b93513b4d4] Request joining group due to: need to re-join with the given member-id: consumer-Consumer-topic-e6563cb4_0e81_4867_9776_74b93513b4d4-10-7b77e798-73c9-4fc7-8b3c-05d9302ec27b
2025-08-13 02:16:44,517 INFO  [org.apa.kaf.cli.con.int.ConsumerCoordinator] (Thread-673) [Consumer clientId=consumer-Consumer-topic-e6563cb4_0e81_4867_9776_74b93513b4d4-10, groupId=Consumer-topic-e6563cb4_0e81_4867_9776_74b93513b4d4] (Re-)joining group
2025-08-13 02:16:45,505 INFO  [io.api.tes.ser.api.KafkaSerdesTester] (Thread-673) None found
2025-08-13 02:16:46,505 INFO  [io.api.tes.ser.api.KafkaSerdesTester] (Thread-673) None found
2025-08-13 02:16:47,505 INFO  [io.api.tes.ser.api.KafkaSerdesTester] (Thread-673) None found
2025-08-13 02:16:47,520 INFO  [org.apa.kaf.cli.con.int.ConsumerCoordinator] (Thread-673) [Consumer clientId=consumer-Consumer-topic-e6563cb4_0e81_4867_9776_74b93513b4d4-10, groupId=Consumer-topic-e6563cb4_0e81_4867_9776_74b93513b4d4] Successfully joined group with generation Generation{generationId=1, memberId='consumer-Consumer-topic-e6563cb4_0e81_4867_9776_74b93513b4d4-10-7b77e798-73c9-4fc7-8b3c-05d9302ec27b', protocol='range'}
2025-08-13 02:16:47,521 INFO  [org.apa.kaf.cli.con.int.ConsumerCoordinator] (Thread-673) [Consumer clientId=consumer-Consumer-topic-e6563cb4_0e81_4867_9776_74b93513b4d4-10, groupId=Consumer-topic-e6563cb4_0e81_4867_9776_74b93513b4d4] Finished assignment for group at generation 1: {consumer-Consumer-topic-e6563cb4_0e81_4867_9776_74b93513b4d4-10-7b77e798-73c9-4fc7-8b3c-05d9302ec27b=Assignment(partitions=[topic-e6563cb4_0e81_4867_9776_74b93513b4d4-0])}
2025-08-13 02:16:47,527 INFO  [org.apa.kaf.cli.con.int.ConsumerCoordinator] (Thread-673) [Consumer clientId=consumer-Consumer-topic-e6563cb4_0e81_4867_9776_74b93513b4d4-10, groupId=Consumer-topic-e6563cb4_0e81_4867_9776_74b93513b4d4] Successfully synced group in generation Generation{generationId=1, memberId='consumer-Consumer-topic-e6563cb4_0e81_4867_9776_74b93513b4d4-10-7b77e798-73c9-4fc7-8b3c-05d9302ec27b', protocol='range'}
2025-08-13 02:16:47,528 INFO  [org.apa.kaf.cli.con.int.ConsumerCoordinator] (Thread-673) [Consumer clientId=consumer-Consumer-topic-e6563cb4_0e81_4867_9776_74b93513b4d4-10, groupId=Consumer-topic-e6563cb4_0e81_4867_9776_74b93513b4d4] Notifying assignor about the new Assignment(partitions=[topic-e6563cb4_0e81_4867_9776_74b93513b4d4-0])
2025-08-13 02:16:47,528 INFO  [org.apa.kaf.cli.con.int.ConsumerRebalanceListenerInvoker] (Thread-673) [Consumer clientId=consumer-Consumer-topic-e6563cb4_0e81_4867_9776_74b93513b4d4-10, groupId=Consumer-topic-e6563cb4_0e81_4867_9776_74b93513b4d4] Adding newly assigned partitions: topic-e6563cb4_0e81_4867_9776_74b93513b4d4-0
2025-08-13 02:16:47,528 INFO  [org.apa.kaf.cli.con.int.ConsumerCoordinator] (Thread-673) [Consumer clientId=consumer-Consumer-topic-e6563cb4_0e81_4867_9776_74b93513b4d4-10, groupId=Consumer-topic-e6563cb4_0e81_4867_9776_74b93513b4d4] Found no committed offset for partition topic-e6563cb4_0e81_4867_9776_74b93513b4d4-0
2025-08-13 02:16:47,531 INFO  [org.apa.kaf.cli.con.int.SubscriptionState] (Thread-673) [Consumer clientId=consumer-Consumer-topic-e6563cb4_0e81_4867_9776_74b93513b4d4-10, groupId=Consumer-topic-e6563cb4_0e81_4867_9776_74b93513b4d4] Resetting offset for partition topic-e6563cb4_0e81_4867_9776_74b93513b4d4-0 to position FetchPosition{offset=0, offsetEpoch=Optional.empty, currentLeader=LeaderAndEpoch{leader=Optional[localhost:32769 (id: 0 rack: null)], epoch=0}}.
2025-08-13 02:16:47,567 INFO  [io.api.tes.ser.api.KafkaSerdesTester] (Thread-673) topic-e6563cb4_0e81_4867_9776_74b93513b4d4 0 0 {"key11755051403361": "value-0"}
2025-08-13 02:16:47,567 INFO  [io.api.tes.ser.api.KafkaSerdesTester] (Thread-673) topic-e6563cb4_0e81_4867_9776_74b93513b4d4 0 1 {"key11755051403361": "value-1"}
2025-08-13 02:16:47,567 INFO  [io.api.tes.ser.api.KafkaSerdesTester] (Thread-673) topic-e6563cb4_0e81_4867_9776_74b93513b4d4 0 2 {"key11755051403361": "value-2"}
2025-08-13 02:16:47,567 INFO  [io.api.tes.ser.api.KafkaSerdesTester] (Thread-673) topic-e6563cb4_0e81_4867_9776_74b93513b4d4 0 3 {"key11755051403361": "value-3"}
2025-08-13 02:16:47,567 INFO  [io.api.tes.ser.api.KafkaSerdesTester] (Thread-673) topic-e6563cb4_0e81_4867_9776_74b93513b4d4 0 4 {"key11755051403361": "value-4"}
2025-08-13 02:16:47,567 INFO  [io.api.tes.ser.api.KafkaSerdesTester] (Thread-673) topic-e6563cb4_0e81_4867_9776_74b93513b4d4 0 5 {"key11755051403361": "value-5"}
2025-08-13 02:16:47,567 INFO  [io.api.tes.ser.api.KafkaSerdesTester] (Thread-673) topic-e6563cb4_0e81_4867_9776_74b93513b4d4 0 6 {"key11755051403361": "value-6"}
2025-08-13 02:16:47,567 INFO  [io.api.tes.ser.api.KafkaSerdesTester] (Thread-673) topic-e6563cb4_0e81_4867_9776_74b93513b4d4 0 7 {"key11755051403361": "value-7"}
2025-08-13 02:16:47,567 INFO  [io.api.tes.ser.api.KafkaSerdesTester] (Thread-673) topic-e6563cb4_0e81_4867_9776_74b93513b4d4 0 8 {"key11755051403361": "value-8"}
2025-08-13 02:16:47,567 INFO  [io.api.tes.ser.api.KafkaSerdesTester] (Thread-673) topic-e6563cb4_0e81_4867_9776_74b93513b4d4 0 9 {"key11755051403361": "value-9"}
2025-08-13 02:16:47,567 INFO  [io.api.tes.ser.api.KafkaSerdesTester] (Thread-673) Consumed 10 messages
2025-08-13 02:16:47,573 INFO  [org.apa.kaf.cli.con.int.ConsumerRebalanceListenerInvoker] (Thread-673) [Consumer clientId=consumer-Consumer-topic-e6563cb4_0e81_4867_9776_74b93513b4d4-10, groupId=Consumer-topic-e6563cb4_0e81_4867_9776_74b93513b4d4] Revoke previously assigned partitions topic-e6563cb4_0e81_4867_9776_74b93513b4d4-0
2025-08-13 02:16:47,573 INFO  [org.apa.kaf.cli.con.int.ConsumerCoordinator] (Thread-673) [Consumer clientId=consumer-Consumer-topic-e6563cb4_0e81_4867_9776_74b93513b4d4-10, groupId=Consumer-topic-e6563cb4_0e81_4867_9776_74b93513b4d4] Member consumer-Consumer-topic-e6563cb4_0e81_4867_9776_74b93513b4d4-10-7b77e798-73c9-4fc7-8b3c-05d9302ec27b sending LeaveGroup request to coordinator localhost:32769 (id: 2147483647 rack: null) due to the consumer is being closed
2025-08-13 02:16:47,574 INFO  [org.apa.kaf.cli.con.int.ConsumerCoordinator] (Thread-673) [Consumer clientId=consumer-Consumer-topic-e6563cb4_0e81_4867_9776_74b93513b4d4-10, groupId=Consumer-topic-e6563cb4_0e81_4867_9776_74b93513b4d4] Resetting generation and member id due to: consumer pro-actively leaving the group
2025-08-13 02:16:47,574 INFO  [org.apa.kaf.cli.con.int.ConsumerCoordinator] (Thread-673) [Consumer clientId=consumer-Consumer-topic-e6563cb4_0e81_4867_9776_74b93513b4d4-10, groupId=Consumer-topic-e6563cb4_0e81_4867_9776_74b93513b4d4] Request joining group due to: consumer pro-actively leaving the group
2025-08-13 02:16:48,069 INFO  [org.apa.kaf.com.met.Metrics] (Thread-673) Metrics scheduler closed
2025-08-13 02:16:48,069 INFO  [org.apa.kaf.com.met.Metrics] (Thread-673) Closing reporter org.apache.kafka.common.metrics.JmxReporter
2025-08-13 02:16:48,069 INFO  [org.apa.kaf.com.met.Metrics] (Thread-673) Closing reporter org.apache.kafka.common.telemetry.internals.ClientTelemetryReporter
2025-08-13 02:16:48,069 INFO  [org.apa.kaf.com.met.Metrics] (Thread-673) Metrics reporters closed
2025-08-13 02:16:48,071 INFO  [org.apa.kaf.com.uti.AppInfoParser] (Thread-673) App info kafka.consumer for consumer-Consumer-topic-e6563cb4_0e81_4867_9776_74b93513b4d4-10 unregistered
2025-08-13 02:16:48,072 INFO  [io.api.tes.ser.api.AvroSerdeIT] (main) Registering Avro Schema 2: {"type":"record","name":"sea44ff40xbb36x4212xa8b7x88b9e59ac943","namespace":"ns_428c4785_242a_461f_9e4f_15ed4e38701c","fields":[{"name":"key11755051403361","type":"string"},{"name":"key21755051408071","type":"string"}]}
**** Registry Base URL: http://registry-app-mysql.apps.ci419.apicurio-testing.org:80
2025-08-13 02:16:49,136 INFO  [org.apa.kaf.cli.pro.ProducerConfig] (main) ProducerConfig values: 
	acks = -1
	auto.include.jmx.reporter = true
	batch.size = 16384
	bootstrap.servers = [PLAINTEXT://localhost:32769]
	buffer.memory = 33554432
	client.dns.lookup = use_all_dns_ips
	client.id = Producer-topic-e6563cb4_0e81_4867_9776_74b93513b4d4
	compression.gzip.level = -1
	compression.lz4.level = 9
	compression.type = none
	compression.zstd.level = 3
	connections.max.idle.ms = 10000
	delivery.timeout.ms = 120000
	enable.idempotence = true
	enable.metrics.push = true
	interceptor.classes = []
	key.serializer = class org.apache.kafka.common.serialization.StringSerializer
	linger.ms = 0
	max.block.ms = 60000
	max.in.flight.requests.per.connection = 5
	max.request.size = 1048576
	metadata.max.age.ms = 300000
	metadata.max.idle.ms = 300000
	metadata.recovery.strategy = none
	metric.reporters = []
	metrics.num.samples = 2
	metrics.recording.level = INFO
	metrics.sample.window.ms = 30000
	partitioner.adaptive.partitioning.enable = true
	partitioner.availability.timeout.ms = 0
	partitioner.class = null
	partitioner.ignore.keys = false
	receive.buffer.bytes = 32768
	reconnect.backoff.max.ms = 1000
	reconnect.backoff.ms = 50
	request.timeout.ms = 5000
	retries = 2147483647
	retry.backoff.max.ms = 1000
	retry.backoff.ms = 100
	sasl.client.callback.handler.class = null
	sasl.jaas.config = null
	sasl.kerberos.kinit.cmd = /usr/bin/kinit
	sasl.kerberos.min.time.before.relogin = 60000
	sasl.kerberos.service.name = null
	sasl.kerberos.ticket.renew.jitter = 0.05
	sasl.kerberos.ticket.renew.window.factor = 0.8
	sasl.login.callback.handler.class = null
	sasl.login.class = null
	sasl.login.connect.timeout.ms = null
	sasl.login.read.timeout.ms = null
	sasl.login.refresh.buffer.seconds = 300
	sasl.login.refresh.min.period.seconds = 60
	sasl.login.refresh.window.factor = 0.8
	sasl.login.refresh.window.jitter = 0.05
	sasl.login.retry.backoff.max.ms = 10000
	sasl.login.retry.backoff.ms = 100
	sasl.mechanism = GSSAPI
	sasl.oauthbearer.clock.skew.seconds = 30
	sasl.oauthbearer.expected.audience = null
	sasl.oauthbearer.expected.issuer = null
	sasl.oauthbearer.header.urlencode = false
	sasl.oauthbearer.jwks.endpoint.refresh.ms = 3600000
	sasl.oauthbearer.jwks.endpoint.retry.backoff.max.ms = 10000
	sasl.oauthbearer.jwks.endpoint.retry.backoff.ms = 100
	sasl.oauthbearer.jwks.endpoint.url = null
	sasl.oauthbearer.scope.claim.name = scope
	sasl.oauthbearer.sub.claim.name = sub
	sasl.oauthbearer.token.endpoint.url = null
	security.protocol = PLAINTEXT
	security.providers = null
	send.buffer.bytes = 131072
	socket.connection.setup.timeout.max.ms = 30000
	socket.connection.setup.timeout.ms = 10000
	ssl.cipher.suites = null
	ssl.enabled.protocols = [TLSv1.2, TLSv1.3]
	ssl.endpoint.identification.algorithm = https
	ssl.engine.factory.class = null
	ssl.key.password = null
	ssl.keymanager.algorithm = SunX509
	ssl.keystore.certificate.chain = null
	ssl.keystore.key = null
	ssl.keystore.location = null
	ssl.keystore.password = null
	ssl.keystore.type = JKS
	ssl.protocol = TLSv1.3
	ssl.provider = null
	ssl.secure.random.implementation = null
	ssl.trustmanager.algorithm = PKIX
	ssl.truststore.certificates = null
	ssl.truststore.location = null
	ssl.truststore.password = null
	ssl.truststore.type = JKS
	transaction.timeout.ms = 60000
	transactional.id = null
	value.serializer = class io.apicurio.registry.serde.avro.AvroKafkaSerializer

2025-08-13 02:16:49,136 INFO  [org.apa.kaf.com.tel.int.KafkaMetricsCollector] (main) initializing Kafka metrics collector
2025-08-13 02:16:49,139 INFO  [org.apa.kaf.cli.pro.KafkaProducer] (main) [Producer clientId=Producer-topic-e6563cb4_0e81_4867_9776_74b93513b4d4] Instantiated an idempotent producer.
2025-08-13 02:16:49,141 INFO  [org.apa.kaf.cli.pro.ProducerConfig] (main) These configurations '[apicurio.registry.url, apicurio.registry.artifact-resolver-strategy]' were supplied but are not used yet.
2025-08-13 02:16:49,141 INFO  [org.apa.kaf.com.uti.AppInfoParser] (main) Kafka version: 3.9.1
2025-08-13 02:16:49,141 INFO  [org.apa.kaf.com.uti.AppInfoParser] (main) Kafka commitId: f745dfdcee2b9851
2025-08-13 02:16:49,141 INFO  [org.apa.kaf.com.uti.AppInfoParser] (main) Kafka startTimeMs: 1755051409141
2025-08-13 02:16:49,143 INFO  [io.api.tes.ser.api.KafkaSerdesTester] (Thread-676) Sending message {"key11755051403361": "value-0", "key21755051408071": "value-0"} to topic topic-e6563cb4_0e81_4867_9776_74b93513b4d4
2025-08-13 02:16:49,148 INFO  [org.apa.kaf.cli.Metadata] (kafka-producer-network-thread | Producer-topic-e6563cb4_0e81_4867_9776_74b93513b4d4) [Producer clientId=Producer-topic-e6563cb4_0e81_4867_9776_74b93513b4d4] Cluster ID: rLHX8X_xRIO734wjNEuI8w
2025-08-13 02:16:49,148 INFO  [org.apa.kaf.cli.pro.int.TransactionManager] (kafka-producer-network-thread | Producer-topic-e6563cb4_0e81_4867_9776_74b93513b4d4) [Producer clientId=Producer-topic-e6563cb4_0e81_4867_9776_74b93513b4d4] ProducerId set to 13 with epoch 0
2025-08-13 02:16:49,148 INFO  [DefaultSchemaResolver] (Thread-676) Retrieving schema content using string: {"type":"record","name":"sea44ff40xbb36x4212xa8b7x88b9e59ac943","namespace":"ns_428c4785_242a_461f_9e4f_15ed4e38701c","fields":[{"name":"key11755051403361","type":"string"},{"name":"key21755051408071","type":"string"}]}
2025-08-13 02:16:49,172 INFO  [io.api.tes.ser.api.KafkaSerdesTester] (Thread-676) Sending message {"key11755051403361": "value-1", "key21755051408071": "value-1"} to topic topic-e6563cb4_0e81_4867_9776_74b93513b4d4
2025-08-13 02:16:49,174 INFO  [io.api.tes.ser.api.KafkaSerdesTester] (Thread-676) Sending message {"key11755051403361": "value-2", "key21755051408071": "value-2"} to topic topic-e6563cb4_0e81_4867_9776_74b93513b4d4
2025-08-13 02:16:49,178 INFO  [io.api.tes.ser.api.KafkaSerdesTester] (Thread-676) Sending message {"key11755051403361": "value-3", "key21755051408071": "value-3"} to topic topic-e6563cb4_0e81_4867_9776_74b93513b4d4
2025-08-13 02:16:49,183 INFO  [io.api.tes.ser.api.KafkaSerdesTester] (Thread-676) Sending message {"key11755051403361": "value-4", "key21755051408071": "value-4"} to topic topic-e6563cb4_0e81_4867_9776_74b93513b4d4
2025-08-13 02:16:49,186 INFO  [io.api.tes.ser.api.KafkaSerdesTester] (Thread-676) Sending message {"key11755051403361": "value-5", "key21755051408071": "value-5"} to topic topic-e6563cb4_0e81_4867_9776_74b93513b4d4
2025-08-13 02:16:49,188 INFO  [io.api.tes.ser.api.KafkaSerdesTester] (Thread-676) Sending message {"key11755051403361": "value-6", "key21755051408071": "value-6"} to topic topic-e6563cb4_0e81_4867_9776_74b93513b4d4
2025-08-13 02:16:49,189 INFO  [io.api.tes.ser.api.KafkaSerdesTester] (Thread-676) Sending message {"key11755051403361": "value-7", "key21755051408071": "value-7"} to topic topic-e6563cb4_0e81_4867_9776_74b93513b4d4
2025-08-13 02:16:49,194 INFO  [io.api.tes.ser.api.KafkaSerdesTester] (Thread-676) Sending message {"key11755051403361": "value-8", "key21755051408071": "value-8"} to topic topic-e6563cb4_0e81_4867_9776_74b93513b4d4
2025-08-13 02:16:49,196 INFO  [io.api.tes.ser.api.KafkaSerdesTester] (Thread-676) Sending message {"key11755051403361": "value-9", "key21755051408071": "value-9"} to topic topic-e6563cb4_0e81_4867_9776_74b93513b4d4
2025-08-13 02:16:49,198 INFO  [io.api.tes.ser.api.KafkaSerdesTester] (Thread-676) Produced 10 messages
2025-08-13 02:16:49,198 INFO  [org.apa.kaf.cli.pro.KafkaProducer] (Thread-676) [Producer clientId=Producer-topic-e6563cb4_0e81_4867_9776_74b93513b4d4] Closing the Kafka producer with timeoutMillis = 9223372036854775807 ms.
2025-08-13 02:16:49,200 INFO  [org.apa.kaf.com.met.Metrics] (Thread-676) Metrics scheduler closed
2025-08-13 02:16:49,200 INFO  [org.apa.kaf.com.met.Metrics] (Thread-676) Closing reporter org.apache.kafka.common.metrics.JmxReporter
2025-08-13 02:16:49,200 INFO  [org.apa.kaf.com.met.Metrics] (Thread-676) Closing reporter org.apache.kafka.common.telemetry.internals.ClientTelemetryReporter
2025-08-13 02:16:49,200 INFO  [org.apa.kaf.com.met.Metrics] (Thread-676) Metrics reporters closed
2025-08-13 02:16:49,200 INFO  [org.apa.kaf.com.uti.AppInfoParser] (Thread-676) App info kafka.producer for Producer-topic-e6563cb4_0e81_4867_9776_74b93513b4d4 unregistered
**** Registry Base URL: http://registry-app-mysql.apps.ci419.apicurio-testing.org:80
2025-08-13 02:16:49,200 INFO  [org.apa.kaf.cli.pro.ProducerConfig] (main) ProducerConfig values: 
	acks = -1
	auto.include.jmx.reporter = true
	batch.size = 16384
	bootstrap.servers = [PLAINTEXT://localhost:32769]
	buffer.memory = 33554432
	client.dns.lookup = use_all_dns_ips
	client.id = Producer-topic-e6563cb4_0e81_4867_9776_74b93513b4d4
	compression.gzip.level = -1
	compression.lz4.level = 9
	compression.type = none
	compression.zstd.level = 3
	connections.max.idle.ms = 10000
	delivery.timeout.ms = 120000
	enable.idempotence = true
	enable.metrics.push = true
	interceptor.classes = []
	key.serializer = class org.apache.kafka.common.serialization.StringSerializer
	linger.ms = 0
	max.block.ms = 60000
	max.in.flight.requests.per.connection = 5
	max.request.size = 1048576
	metadata.max.age.ms = 300000
	metadata.max.idle.ms = 300000
	metadata.recovery.strategy = none
	metric.reporters = []
	metrics.num.samples = 2
	metrics.recording.level = INFO
	metrics.sample.window.ms = 30000
	partitioner.adaptive.partitioning.enable = true
	partitioner.availability.timeout.ms = 0
	partitioner.class = null
	partitioner.ignore.keys = false
	receive.buffer.bytes = 32768
	reconnect.backoff.max.ms = 1000
	reconnect.backoff.ms = 50
	request.timeout.ms = 5000
	retries = 2147483647
	retry.backoff.max.ms = 1000
	retry.backoff.ms = 100
	sasl.client.callback.handler.class = null
	sasl.jaas.config = null
	sasl.kerberos.kinit.cmd = /usr/bin/kinit
	sasl.kerberos.min.time.before.relogin = 60000
	sasl.kerberos.service.name = null
	sasl.kerberos.ticket.renew.jitter = 0.05
	sasl.kerberos.ticket.renew.window.factor = 0.8
	sasl.login.callback.handler.class = null
	sasl.login.class = null
	sasl.login.connect.timeout.ms = null
	sasl.login.read.timeout.ms = null
	sasl.login.refresh.buffer.seconds = 300
	sasl.login.refresh.min.period.seconds = 60
	sasl.login.refresh.window.factor = 0.8
	sasl.login.refresh.window.jitter = 0.05
	sasl.login.retry.backoff.max.ms = 10000
	sasl.login.retry.backoff.ms = 100
	sasl.mechanism = GSSAPI
	sasl.oauthbearer.clock.skew.seconds = 30
	sasl.oauthbearer.expected.audience = null
	sasl.oauthbearer.expected.issuer = null
	sasl.oauthbearer.header.urlencode = false
	sasl.oauthbearer.jwks.endpoint.refresh.ms = 3600000
	sasl.oauthbearer.jwks.endpoint.retry.backoff.max.ms = 10000
	sasl.oauthbearer.jwks.endpoint.retry.backoff.ms = 100
	sasl.oauthbearer.jwks.endpoint.url = null
	sasl.oauthbearer.scope.claim.name = scope
	sasl.oauthbearer.sub.claim.name = sub
	sasl.oauthbearer.token.endpoint.url = null
	security.protocol = PLAINTEXT
	security.providers = null
	send.buffer.bytes = 131072
	socket.connection.setup.timeout.max.ms = 30000
	socket.connection.setup.timeout.ms = 10000
	ssl.cipher.suites = null
	ssl.enabled.protocols = [TLSv1.2, TLSv1.3]
	ssl.endpoint.identification.algorithm = https
	ssl.engine.factory.class = null
	ssl.key.password = null
	ssl.keymanager.algorithm = SunX509
	ssl.keystore.certificate.chain = null
	ssl.keystore.key = null
	ssl.keystore.location = null
	ssl.keystore.password = null
	ssl.keystore.type = JKS
	ssl.protocol = TLSv1.3
	ssl.provider = null
	ssl.secure.random.implementation = null
	ssl.trustmanager.algorithm = PKIX
	ssl.truststore.certificates = null
	ssl.truststore.location = null
	ssl.truststore.password = null
	ssl.truststore.type = JKS
	transaction.timeout.ms = 60000
	transactional.id = null
	value.serializer = class io.apicurio.registry.serde.avro.AvroKafkaSerializer

2025-08-13 02:16:49,201 INFO  [org.apa.kaf.com.tel.int.KafkaMetricsCollector] (main) initializing Kafka metrics collector
2025-08-13 02:16:49,205 INFO  [org.apa.kaf.cli.pro.KafkaProducer] (main) [Producer clientId=Producer-topic-e6563cb4_0e81_4867_9776_74b93513b4d4] Instantiated an idempotent producer.
2025-08-13 02:16:49,206 INFO  [org.apa.kaf.cli.pro.ProducerConfig] (main) These configurations '[apicurio.registry.url, apicurio.registry.artifact-resolver-strategy]' were supplied but are not used yet.
2025-08-13 02:16:49,206 INFO  [org.apa.kaf.com.uti.AppInfoParser] (main) Kafka version: 3.9.1
2025-08-13 02:16:49,206 INFO  [org.apa.kaf.com.uti.AppInfoParser] (main) Kafka commitId: f745dfdcee2b9851
2025-08-13 02:16:49,206 INFO  [org.apa.kaf.com.uti.AppInfoParser] (main) Kafka startTimeMs: 1755051409206
2025-08-13 02:16:49,207 INFO  [io.api.tes.ser.api.KafkaSerdesTester] (Thread-679) Sending message {"key11755051403361": "value-0"} to topic topic-e6563cb4_0e81_4867_9776_74b93513b4d4
2025-08-13 02:16:49,212 INFO  [org.apa.kaf.cli.Metadata] (kafka-producer-network-thread | Producer-topic-e6563cb4_0e81_4867_9776_74b93513b4d4) [Producer clientId=Producer-topic-e6563cb4_0e81_4867_9776_74b93513b4d4] Cluster ID: rLHX8X_xRIO734wjNEuI8w
2025-08-13 02:16:49,212 INFO  [DefaultSchemaResolver] (Thread-679) Retrieving schema content using string: {"type":"record","name":"sea44ff40xbb36x4212xa8b7x88b9e59ac943","namespace":"ns_428c4785_242a_461f_9e4f_15ed4e38701c","fields":[{"name":"key11755051403361","type":"string"}]}
2025-08-13 02:16:49,213 INFO  [org.apa.kaf.cli.pro.int.TransactionManager] (kafka-producer-network-thread | Producer-topic-e6563cb4_0e81_4867_9776_74b93513b4d4) [Producer clientId=Producer-topic-e6563cb4_0e81_4867_9776_74b93513b4d4] ProducerId set to 14 with epoch 0
2025-08-13 02:16:49,236 INFO  [io.api.tes.ser.api.KafkaSerdesTester] (Thread-679) Sending message {"key11755051403361": "value-1"} to topic topic-e6563cb4_0e81_4867_9776_74b93513b4d4
2025-08-13 02:16:49,237 INFO  [io.api.tes.ser.api.KafkaSerdesTester] (Thread-679) Sending message {"key11755051403361": "value-2"} to topic topic-e6563cb4_0e81_4867_9776_74b93513b4d4
2025-08-13 02:16:49,238 INFO  [io.api.tes.ser.api.KafkaSerdesTester] (Thread-679) Sending message {"key11755051403361": "value-3"} to topic topic-e6563cb4_0e81_4867_9776_74b93513b4d4
2025-08-13 02:16:49,239 INFO  [io.api.tes.ser.api.KafkaSerdesTester] (Thread-679) Sending message {"key11755051403361": "value-4"} to topic topic-e6563cb4_0e81_4867_9776_74b93513b4d4
2025-08-13 02:16:49,240 INFO  [io.api.tes.ser.api.KafkaSerdesTester] (Thread-679) Sending message {"key11755051403361": "value-5"} to topic topic-e6563cb4_0e81_4867_9776_74b93513b4d4
2025-08-13 02:16:49,241 INFO  [io.api.tes.ser.api.KafkaSerdesTester] (Thread-679) Sending message {"key11755051403361": "value-6"} to topic topic-e6563cb4_0e81_4867_9776_74b93513b4d4
2025-08-13 02:16:49,242 INFO  [io.api.tes.ser.api.KafkaSerdesTester] (Thread-679) Sending message {"key11755051403361": "value-7"} to topic topic-e6563cb4_0e81_4867_9776_74b93513b4d4
2025-08-13 02:16:49,243 INFO  [io.api.tes.ser.api.KafkaSerdesTester] (Thread-679) Sending message {"key11755051403361": "value-8"} to topic topic-e6563cb4_0e81_4867_9776_74b93513b4d4
2025-08-13 02:16:49,245 INFO  [io.api.tes.ser.api.KafkaSerdesTester] (Thread-679) Sending message {"key11755051403361": "value-9"} to topic topic-e6563cb4_0e81_4867_9776_74b93513b4d4
2025-08-13 02:16:49,246 INFO  [io.api.tes.ser.api.KafkaSerdesTester] (Thread-679) Produced 10 messages
2025-08-13 02:16:49,246 INFO  [org.apa.kaf.cli.pro.KafkaProducer] (Thread-679) [Producer clientId=Producer-topic-e6563cb4_0e81_4867_9776_74b93513b4d4] Closing the Kafka producer with timeoutMillis = 9223372036854775807 ms.
2025-08-13 02:16:49,249 INFO  [org.apa.kaf.com.met.Metrics] (Thread-679) Metrics scheduler closed
2025-08-13 02:16:49,249 INFO  [org.apa.kaf.com.met.Metrics] (Thread-679) Closing reporter org.apache.kafka.common.metrics.JmxReporter
2025-08-13 02:16:49,249 INFO  [org.apa.kaf.com.met.Metrics] (Thread-679) Closing reporter org.apache.kafka.common.telemetry.internals.ClientTelemetryReporter
2025-08-13 02:16:49,249 INFO  [org.apa.kaf.com.met.Metrics] (Thread-679) Metrics reporters closed
2025-08-13 02:16:49,249 INFO  [org.apa.kaf.com.uti.AppInfoParser] (Thread-679) App info kafka.producer for Producer-topic-e6563cb4_0e81_4867_9776_74b93513b4d4 unregistered
**** Registry Base URL: http://registry-app-mysql.apps.ci419.apicurio-testing.org:80
2025-08-13 02:16:49,250 INFO  [org.apa.kaf.cli.con.ConsumerConfig] (main) ConsumerConfig values: 
	allow.auto.create.topics = true
	auto.commit.interval.ms = 500
	auto.include.jmx.reporter = true
	auto.offset.reset = earliest
	bootstrap.servers = [PLAINTEXT://localhost:32769]
	check.crcs = true
	client.dns.lookup = use_all_dns_ips
	client.id = consumer-Consumer-topic-e6563cb4_0e81_4867_9776_74b93513b4d4-11
	client.rack = 
	connections.max.idle.ms = 10000
	default.api.timeout.ms = 60000
	enable.auto.commit = true
	enable.metrics.push = true
	exclude.internal.topics = true
	fetch.max.bytes = 52428800
	fetch.max.wait.ms = 500
	fetch.min.bytes = 1
	group.id = Consumer-topic-e6563cb4_0e81_4867_9776_74b93513b4d4
	group.instance.id = null
	group.protocol = classic
	group.remote.assignor = null
	heartbeat.interval.ms = 3000
	interceptor.classes = []
	internal.leave.group.on.close = true
	internal.throw.on.fetch.stable.offset.unsupported = false
	isolation.level = read_uncommitted
	key.deserializer = class org.apache.kafka.common.serialization.StringDeserializer
	max.partition.fetch.bytes = 1048576
	max.poll.interval.ms = 300000
	max.poll.records = 500
	metadata.max.age.ms = 300000
	metadata.recovery.strategy = none
	metric.reporters = []
	metrics.num.samples = 2
	metrics.recording.level = INFO
	metrics.sample.window.ms = 30000
	partition.assignment.strategy = [class org.apache.kafka.clients.consumer.RangeAssignor, class org.apache.kafka.clients.consumer.CooperativeStickyAssignor]
	receive.buffer.bytes = 65536
	reconnect.backoff.max.ms = 1000
	reconnect.backoff.ms = 50
	request.timeout.ms = 5000
	retry.backoff.max.ms = 1000
	retry.backoff.ms = 100
	sasl.client.callback.handler.class = null
	sasl.jaas.config = null
	sasl.kerberos.kinit.cmd = /usr/bin/kinit
	sasl.kerberos.min.time.before.relogin = 60000
	sasl.kerberos.service.name = null
	sasl.kerberos.ticket.renew.jitter = 0.05
	sasl.kerberos.ticket.renew.window.factor = 0.8
	sasl.login.callback.handler.class = null
	sasl.login.class = null
	sasl.login.connect.timeout.ms = null
	sasl.login.read.timeout.ms = null
	sasl.login.refresh.buffer.seconds = 300
	sasl.login.refresh.min.period.seconds = 60
	sasl.login.refresh.window.factor = 0.8
	sasl.login.refresh.window.jitter = 0.05
	sasl.login.retry.backoff.max.ms = 10000
	sasl.login.retry.backoff.ms = 100
	sasl.mechanism = GSSAPI
	sasl.oauthbearer.clock.skew.seconds = 30
	sasl.oauthbearer.expected.audience = null
	sasl.oauthbearer.expected.issuer = null
	sasl.oauthbearer.header.urlencode = false
	sasl.oauthbearer.jwks.endpoint.refresh.ms = 3600000
	sasl.oauthbearer.jwks.endpoint.retry.backoff.max.ms = 10000
	sasl.oauthbearer.jwks.endpoint.retry.backoff.ms = 100
	sasl.oauthbearer.jwks.endpoint.url = null
	sasl.oauthbearer.scope.claim.name = scope
	sasl.oauthbearer.sub.claim.name = sub
	sasl.oauthbearer.token.endpoint.url = null
	security.protocol = PLAINTEXT
	security.providers = null
	send.buffer.bytes = 131072
	session.timeout.ms = 45000
	socket.connection.setup.timeout.max.ms = 30000
	socket.connection.setup.timeout.ms = 10000
	ssl.cipher.suites = null
	ssl.enabled.protocols = [TLSv1.2, TLSv1.3]
	ssl.endpoint.identification.algorithm = https
	ssl.engine.factory.class = null
	ssl.key.password = null
	ssl.keymanager.algorithm = SunX509
	ssl.keystore.certificate.chain = null
	ssl.keystore.key = null
	ssl.keystore.location = null
	ssl.keystore.password = null
	ssl.keystore.type = JKS
	ssl.protocol = TLSv1.3
	ssl.provider = null
	ssl.secure.random.implementation = null
	ssl.trustmanager.algorithm = PKIX
	ssl.truststore.certificates = null
	ssl.truststore.location = null
	ssl.truststore.password = null
	ssl.truststore.type = JKS
	value.deserializer = class io.apicurio.registry.serde.avro.AvroKafkaDeserializer

2025-08-13 02:16:49,250 INFO  [org.apa.kaf.com.tel.int.KafkaMetricsCollector] (main) initializing Kafka metrics collector
2025-08-13 02:16:49,264 INFO  [org.apa.kaf.cli.con.ConsumerConfig] (main) These configurations '[apicurio.registry.url]' were supplied but are not used yet.
2025-08-13 02:16:49,264 INFO  [org.apa.kaf.com.uti.AppInfoParser] (main) Kafka version: 3.9.1
2025-08-13 02:16:49,264 INFO  [org.apa.kaf.com.uti.AppInfoParser] (main) Kafka commitId: f745dfdcee2b9851
2025-08-13 02:16:49,264 INFO  [org.apa.kaf.com.uti.AppInfoParser] (main) Kafka startTimeMs: 1755051409264
2025-08-13 02:16:49,265 INFO  [org.apa.kaf.cli.con.int.ClassicKafkaConsumer] (Thread-682) [Consumer clientId=consumer-Consumer-topic-e6563cb4_0e81_4867_9776_74b93513b4d4-11, groupId=Consumer-topic-e6563cb4_0e81_4867_9776_74b93513b4d4] Subscribed to topic(s): topic-e6563cb4_0e81_4867_9776_74b93513b4d4
2025-08-13 02:16:49,269 INFO  [org.apa.kaf.cli.Metadata] (Thread-682) [Consumer clientId=consumer-Consumer-topic-e6563cb4_0e81_4867_9776_74b93513b4d4-11, groupId=Consumer-topic-e6563cb4_0e81_4867_9776_74b93513b4d4] Cluster ID: rLHX8X_xRIO734wjNEuI8w
2025-08-13 02:16:49,270 INFO  [org.apa.kaf.cli.con.int.ConsumerCoordinator] (Thread-682) [Consumer clientId=consumer-Consumer-topic-e6563cb4_0e81_4867_9776_74b93513b4d4-11, groupId=Consumer-topic-e6563cb4_0e81_4867_9776_74b93513b4d4] Discovered group coordinator localhost:32769 (id: 2147483647 rack: null)
2025-08-13 02:16:49,271 INFO  [org.apa.kaf.cli.con.int.ConsumerCoordinator] (Thread-682) [Consumer clientId=consumer-Consumer-topic-e6563cb4_0e81_4867_9776_74b93513b4d4-11, groupId=Consumer-topic-e6563cb4_0e81_4867_9776_74b93513b4d4] (Re-)joining group
2025-08-13 02:16:49,273 INFO  [org.apa.kaf.cli.con.int.ConsumerCoordinator] (Thread-682) [Consumer clientId=consumer-Consumer-topic-e6563cb4_0e81_4867_9776_74b93513b4d4-11, groupId=Consumer-topic-e6563cb4_0e81_4867_9776_74b93513b4d4] Request joining group due to: need to re-join with the given member-id: consumer-Consumer-topic-e6563cb4_0e81_4867_9776_74b93513b4d4-11-72ff39e8-b04d-4a28-854e-5c1d632f690f
2025-08-13 02:16:49,273 INFO  [org.apa.kaf.cli.con.int.ConsumerCoordinator] (Thread-682) [Consumer clientId=consumer-Consumer-topic-e6563cb4_0e81_4867_9776_74b93513b4d4-11, groupId=Consumer-topic-e6563cb4_0e81_4867_9776_74b93513b4d4] (Re-)joining group
2025-08-13 02:16:50,265 INFO  [io.api.tes.ser.api.KafkaSerdesTester] (Thread-682) None found
2025-08-13 02:16:51,266 INFO  [io.api.tes.ser.api.KafkaSerdesTester] (Thread-682) None found
2025-08-13 02:16:52,266 INFO  [io.api.tes.ser.api.KafkaSerdesTester] (Thread-682) None found
2025-08-13 02:16:52,274 INFO  [org.apa.kaf.cli.con.int.ConsumerCoordinator] (Thread-682) [Consumer clientId=consumer-Consumer-topic-e6563cb4_0e81_4867_9776_74b93513b4d4-11, groupId=Consumer-topic-e6563cb4_0e81_4867_9776_74b93513b4d4] Successfully joined group with generation Generation{generationId=3, memberId='consumer-Consumer-topic-e6563cb4_0e81_4867_9776_74b93513b4d4-11-72ff39e8-b04d-4a28-854e-5c1d632f690f', protocol='range'}
2025-08-13 02:16:52,274 INFO  [org.apa.kaf.cli.con.int.ConsumerCoordinator] (Thread-682) [Consumer clientId=consumer-Consumer-topic-e6563cb4_0e81_4867_9776_74b93513b4d4-11, groupId=Consumer-topic-e6563cb4_0e81_4867_9776_74b93513b4d4] Finished assignment for group at generation 3: {consumer-Consumer-topic-e6563cb4_0e81_4867_9776_74b93513b4d4-11-72ff39e8-b04d-4a28-854e-5c1d632f690f=Assignment(partitions=[topic-e6563cb4_0e81_4867_9776_74b93513b4d4-0])}
2025-08-13 02:16:52,281 INFO  [org.apa.kaf.cli.con.int.ConsumerCoordinator] (Thread-682) [Consumer clientId=consumer-Consumer-topic-e6563cb4_0e81_4867_9776_74b93513b4d4-11, groupId=Consumer-topic-e6563cb4_0e81_4867_9776_74b93513b4d4] Successfully synced group in generation Generation{generationId=3, memberId='consumer-Consumer-topic-e6563cb4_0e81_4867_9776_74b93513b4d4-11-72ff39e8-b04d-4a28-854e-5c1d632f690f', protocol='range'}
2025-08-13 02:16:52,281 INFO  [org.apa.kaf.cli.con.int.ConsumerCoordinator] (Thread-682) [Consumer clientId=consumer-Consumer-topic-e6563cb4_0e81_4867_9776_74b93513b4d4-11, groupId=Consumer-topic-e6563cb4_0e81_4867_9776_74b93513b4d4] Notifying assignor about the new Assignment(partitions=[topic-e6563cb4_0e81_4867_9776_74b93513b4d4-0])
2025-08-13 02:16:52,281 INFO  [org.apa.kaf.cli.con.int.ConsumerRebalanceListenerInvoker] (Thread-682) [Consumer clientId=consumer-Consumer-topic-e6563cb4_0e81_4867_9776_74b93513b4d4-11, groupId=Consumer-topic-e6563cb4_0e81_4867_9776_74b93513b4d4] Adding newly assigned partitions: topic-e6563cb4_0e81_4867_9776_74b93513b4d4-0
2025-08-13 02:16:52,282 INFO  [org.apa.kaf.cli.con.int.ConsumerUtils] (Thread-682) Setting offset for partition topic-e6563cb4_0e81_4867_9776_74b93513b4d4-0 to the committed offset FetchPosition{offset=10, offsetEpoch=Optional[0], currentLeader=LeaderAndEpoch{leader=Optional[localhost:32769 (id: 0 rack: null)], epoch=0}}
2025-08-13 02:16:52,341 INFO  [io.api.tes.ser.api.KafkaSerdesTester] (Thread-682) topic-e6563cb4_0e81_4867_9776_74b93513b4d4 0 10 {"key11755051403361": "value-0", "key21755051408071": "value-0"}
2025-08-13 02:16:52,341 INFO  [io.api.tes.ser.api.KafkaSerdesTester] (Thread-682) topic-e6563cb4_0e81_4867_9776_74b93513b4d4 0 11 {"key11755051403361": "value-1", "key21755051408071": "value-1"}
2025-08-13 02:16:52,341 INFO  [io.api.tes.ser.api.KafkaSerdesTester] (Thread-682) topic-e6563cb4_0e81_4867_9776_74b93513b4d4 0 12 {"key11755051403361": "value-2", "key21755051408071": "value-2"}
2025-08-13 02:16:52,341 INFO  [io.api.tes.ser.api.KafkaSerdesTester] (Thread-682) topic-e6563cb4_0e81_4867_9776_74b93513b4d4 0 13 {"key11755051403361": "value-3", "key21755051408071": "value-3"}
2025-08-13 02:16:52,341 INFO  [io.api.tes.ser.api.KafkaSerdesTester] (Thread-682) topic-e6563cb4_0e81_4867_9776_74b93513b4d4 0 14 {"key11755051403361": "value-4", "key21755051408071": "value-4"}
2025-08-13 02:16:52,341 INFO  [io.api.tes.ser.api.KafkaSerdesTester] (Thread-682) topic-e6563cb4_0e81_4867_9776_74b93513b4d4 0 15 {"key11755051403361": "value-5", "key21755051408071": "value-5"}
2025-08-13 02:16:52,341 INFO  [io.api.tes.ser.api.KafkaSerdesTester] (Thread-682) topic-e6563cb4_0e81_4867_9776_74b93513b4d4 0 16 {"key11755051403361": "value-6", "key21755051408071": "value-6"}
2025-08-13 02:16:52,342 INFO  [io.api.tes.ser.api.KafkaSerdesTester] (Thread-682) topic-e6563cb4_0e81_4867_9776_74b93513b4d4 0 17 {"key11755051403361": "value-7", "key21755051408071": "value-7"}
2025-08-13 02:16:52,342 INFO  [io.api.tes.ser.api.KafkaSerdesTester] (Thread-682) topic-e6563cb4_0e81_4867_9776_74b93513b4d4 0 18 {"key11755051403361": "value-8", "key21755051408071": "value-8"}
2025-08-13 02:16:52,342 INFO  [io.api.tes.ser.api.KafkaSerdesTester] (Thread-682) topic-e6563cb4_0e81_4867_9776_74b93513b4d4 0 19 {"key11755051403361": "value-9", "key21755051408071": "value-9"}
2025-08-13 02:16:52,342 INFO  [io.api.tes.ser.api.KafkaSerdesTester] (Thread-682) topic-e6563cb4_0e81_4867_9776_74b93513b4d4 0 20 {"key11755051403361": "value-0"}
2025-08-13 02:16:52,342 INFO  [io.api.tes.ser.api.KafkaSerdesTester] (Thread-682) topic-e6563cb4_0e81_4867_9776_74b93513b4d4 0 21 {"key11755051403361": "value-1"}
2025-08-13 02:16:52,342 INFO  [io.api.tes.ser.api.KafkaSerdesTester] (Thread-682) topic-e6563cb4_0e81_4867_9776_74b93513b4d4 0 22 {"key11755051403361": "value-2"}
2025-08-13 02:16:52,342 INFO  [io.api.tes.ser.api.KafkaSerdesTester] (Thread-682) topic-e6563cb4_0e81_4867_9776_74b93513b4d4 0 23 {"key11755051403361": "value-3"}
2025-08-13 02:16:52,342 INFO  [io.api.tes.ser.api.KafkaSerdesTester] (Thread-682) topic-e6563cb4_0e81_4867_9776_74b93513b4d4 0 24 {"key11755051403361": "value-4"}
2025-08-13 02:16:52,342 INFO  [io.api.tes.ser.api.KafkaSerdesTester] (Thread-682) topic-e6563cb4_0e81_4867_9776_74b93513b4d4 0 25 {"key11755051403361": "value-5"}
2025-08-13 02:16:52,342 INFO  [io.api.tes.ser.api.KafkaSerdesTester] (Thread-682) topic-e6563cb4_0e81_4867_9776_74b93513b4d4 0 26 {"key11755051403361": "value-6"}
2025-08-13 02:16:52,342 INFO  [io.api.tes.ser.api.KafkaSerdesTester] (Thread-682) topic-e6563cb4_0e81_4867_9776_74b93513b4d4 0 27 {"key11755051403361": "value-7"}
2025-08-13 02:16:52,342 INFO  [io.api.tes.ser.api.KafkaSerdesTester] (Thread-682) topic-e6563cb4_0e81_4867_9776_74b93513b4d4 0 28 {"key11755051403361": "value-8"}
2025-08-13 02:16:52,342 INFO  [io.api.tes.ser.api.KafkaSerdesTester] (Thread-682) topic-e6563cb4_0e81_4867_9776_74b93513b4d4 0 29 {"key11755051403361": "value-9"}
2025-08-13 02:16:52,342 INFO  [io.api.tes.ser.api.KafkaSerdesTester] (Thread-682) Consumed 20 messages
2025-08-13 02:16:52,349 INFO  [org.apa.kaf.cli.con.int.ConsumerRebalanceListenerInvoker] (Thread-682) [Consumer clientId=consumer-Consumer-topic-e6563cb4_0e81_4867_9776_74b93513b4d4-11, groupId=Consumer-topic-e6563cb4_0e81_4867_9776_74b93513b4d4] Revoke previously assigned partitions topic-e6563cb4_0e81_4867_9776_74b93513b4d4-0
2025-08-13 02:16:52,349 INFO  [org.apa.kaf.cli.con.int.ConsumerCoordinator] (Thread-682) [Consumer clientId=consumer-Consumer-topic-e6563cb4_0e81_4867_9776_74b93513b4d4-11, groupId=Consumer-topic-e6563cb4_0e81_4867_9776_74b93513b4d4] Member consumer-Consumer-topic-e6563cb4_0e81_4867_9776_74b93513b4d4-11-72ff39e8-b04d-4a28-854e-5c1d632f690f sending LeaveGroup request to coordinator localhost:32769 (id: 2147483647 rack: null) due to the consumer is being closed
2025-08-13 02:16:52,350 INFO  [org.apa.kaf.cli.con.int.ConsumerCoordinator] (Thread-682) [Consumer clientId=consumer-Consumer-topic-e6563cb4_0e81_4867_9776_74b93513b4d4-11, groupId=Consumer-topic-e6563cb4_0e81_4867_9776_74b93513b4d4] Resetting generation and member id due to: consumer pro-actively leaving the group
2025-08-13 02:16:52,350 INFO  [org.apa.kaf.cli.con.int.ConsumerCoordinator] (Thread-682) [Consumer clientId=consumer-Consumer-topic-e6563cb4_0e81_4867_9776_74b93513b4d4-11, groupId=Consumer-topic-e6563cb4_0e81_4867_9776_74b93513b4d4] Request joining group due to: consumer pro-actively leaving the group
2025-08-13 02:16:52,843 INFO  [org.apa.kaf.com.met.Metrics] (Thread-682) Metrics scheduler closed
2025-08-13 02:16:52,843 INFO  [org.apa.kaf.com.met.Metrics] (Thread-682) Closing reporter org.apache.kafka.common.metrics.JmxReporter
2025-08-13 02:16:52,843 INFO  [org.apa.kaf.com.met.Metrics] (Thread-682) Closing reporter org.apache.kafka.common.telemetry.internals.ClientTelemetryReporter
2025-08-13 02:16:52,843 INFO  [org.apa.kaf.com.met.Metrics] (Thread-682) Metrics reporters closed
2025-08-13 02:16:52,845 INFO  [org.apa.kaf.com.uti.AppInfoParser] (Thread-682) App info kafka.consumer for consumer-Consumer-topic-e6563cb4_0e81_4867_9776_74b93513b4d4-11 unregistered
2025-08-13 02:16:52,846 INFO  [io.api.tes.ser.api.AvroSerdeIT] (main) Registering Avro Schema 3: {"type":"record","name":"sea44ff40xbb36x4212xa8b7x88b9e59ac943","namespace":"ns_428c4785_242a_461f_9e4f_15ed4e38701c","fields":[{"name":"key11755051403361","type":"string"},{"name":"key21755051408071","type":"string"},{"name":"key31755051412845","type":"string"}]}
**** Registry Base URL: http://registry-app-mysql.apps.ci419.apicurio-testing.org:80
2025-08-13 02:16:53,931 INFO  [org.apa.kaf.cli.pro.ProducerConfig] (main) ProducerConfig values: 
	acks = -1
	auto.include.jmx.reporter = true
	batch.size = 16384
	bootstrap.servers = [PLAINTEXT://localhost:32769]
	buffer.memory = 33554432
	client.dns.lookup = use_all_dns_ips
	client.id = Producer-topic-e6563cb4_0e81_4867_9776_74b93513b4d4
	compression.gzip.level = -1
	compression.lz4.level = 9
	compression.type = none
	compression.zstd.level = 3
	connections.max.idle.ms = 10000
	delivery.timeout.ms = 120000
	enable.idempotence = true
	enable.metrics.push = true
	interceptor.classes = []
	key.serializer = class org.apache.kafka.common.serialization.StringSerializer
	linger.ms = 0
	max.block.ms = 60000
	max.in.flight.requests.per.connection = 5
	max.request.size = 1048576
	metadata.max.age.ms = 300000
	metadata.max.idle.ms = 300000
	metadata.recovery.strategy = none
	metric.reporters = []
	metrics.num.samples = 2
	metrics.recording.level = INFO
	metrics.sample.window.ms = 30000
	partitioner.adaptive.partitioning.enable = true
	partitioner.availability.timeout.ms = 0
	partitioner.class = null
	partitioner.ignore.keys = false
	receive.buffer.bytes = 32768
	reconnect.backoff.max.ms = 1000
	reconnect.backoff.ms = 50
	request.timeout.ms = 5000
	retries = 2147483647
	retry.backoff.max.ms = 1000
	retry.backoff.ms = 100
	sasl.client.callback.handler.class = null
	sasl.jaas.config = null
	sasl.kerberos.kinit.cmd = /usr/bin/kinit
	sasl.kerberos.min.time.before.relogin = 60000
	sasl.kerberos.service.name = null
	sasl.kerberos.ticket.renew.jitter = 0.05
	sasl.kerberos.ticket.renew.window.factor = 0.8
	sasl.login.callback.handler.class = null
	sasl.login.class = null
	sasl.login.connect.timeout.ms = null
	sasl.login.read.timeout.ms = null
	sasl.login.refresh.buffer.seconds = 300
	sasl.login.refresh.min.period.seconds = 60
	sasl.login.refresh.window.factor = 0.8
	sasl.login.refresh.window.jitter = 0.05
	sasl.login.retry.backoff.max.ms = 10000
	sasl.login.retry.backoff.ms = 100
	sasl.mechanism = GSSAPI
	sasl.oauthbearer.clock.skew.seconds = 30
	sasl.oauthbearer.expected.audience = null
	sasl.oauthbearer.expected.issuer = null
	sasl.oauthbearer.header.urlencode = false
	sasl.oauthbearer.jwks.endpoint.refresh.ms = 3600000
	sasl.oauthbearer.jwks.endpoint.retry.backoff.max.ms = 10000
	sasl.oauthbearer.jwks.endpoint.retry.backoff.ms = 100
	sasl.oauthbearer.jwks.endpoint.url = null
	sasl.oauthbearer.scope.claim.name = scope
	sasl.oauthbearer.sub.claim.name = sub
	sasl.oauthbearer.token.endpoint.url = null
	security.protocol = PLAINTEXT
	security.providers = null
	send.buffer.bytes = 131072
	socket.connection.setup.timeout.max.ms = 30000
	socket.connection.setup.timeout.ms = 10000
	ssl.cipher.suites = null
	ssl.enabled.protocols = [TLSv1.2, TLSv1.3]
	ssl.endpoint.identification.algorithm = https
	ssl.engine.factory.class = null
	ssl.key.password = null
	ssl.keymanager.algorithm = SunX509
	ssl.keystore.certificate.chain = null
	ssl.keystore.key = null
	ssl.keystore.location = null
	ssl.keystore.password = null
	ssl.keystore.type = JKS
	ssl.protocol = TLSv1.3
	ssl.provider = null
	ssl.secure.random.implementation = null
	ssl.trustmanager.algorithm = PKIX
	ssl.truststore.certificates = null
	ssl.truststore.location = null
	ssl.truststore.password = null
	ssl.truststore.type = JKS
	transaction.timeout.ms = 60000
	transactional.id = null
	value.serializer = class io.apicurio.registry.serde.avro.AvroKafkaSerializer

2025-08-13 02:16:53,931 INFO  [org.apa.kaf.com.tel.int.KafkaMetricsCollector] (main) initializing Kafka metrics collector
2025-08-13 02:16:53,935 INFO  [org.apa.kaf.cli.pro.KafkaProducer] (main) [Producer clientId=Producer-topic-e6563cb4_0e81_4867_9776_74b93513b4d4] Instantiated an idempotent producer.
2025-08-13 02:16:53,936 INFO  [org.apa.kaf.cli.pro.ProducerConfig] (main) These configurations '[apicurio.registry.url, apicurio.registry.artifact-resolver-strategy]' were supplied but are not used yet.
2025-08-13 02:16:53,936 INFO  [org.apa.kaf.com.uti.AppInfoParser] (main) Kafka version: 3.9.1
2025-08-13 02:16:53,936 INFO  [org.apa.kaf.com.uti.AppInfoParser] (main) Kafka commitId: f745dfdcee2b9851
2025-08-13 02:16:53,936 INFO  [org.apa.kaf.com.uti.AppInfoParser] (main) Kafka startTimeMs: 1755051413936
2025-08-13 02:16:53,937 INFO  [io.api.tes.ser.api.KafkaSerdesTester] (Thread-685) Sending message {"key11755051403361": "value-0", "key21755051408071": "value-0", "key31755051412845": "value-0"} to topic topic-e6563cb4_0e81_4867_9776_74b93513b4d4
2025-08-13 02:16:53,940 INFO  [org.apa.kaf.cli.Metadata] (kafka-producer-network-thread | Producer-topic-e6563cb4_0e81_4867_9776_74b93513b4d4) [Producer clientId=Producer-topic-e6563cb4_0e81_4867_9776_74b93513b4d4] Cluster ID: rLHX8X_xRIO734wjNEuI8w
2025-08-13 02:16:53,941 INFO  [DefaultSchemaResolver] (Thread-685) Retrieving schema content using string: {"type":"record","name":"sea44ff40xbb36x4212xa8b7x88b9e59ac943","namespace":"ns_428c4785_242a_461f_9e4f_15ed4e38701c","fields":[{"name":"key11755051403361","type":"string"},{"name":"key21755051408071","type":"string"},{"name":"key31755051412845","type":"string"}]}
2025-08-13 02:16:53,942 INFO  [org.apa.kaf.cli.pro.int.TransactionManager] (kafka-producer-network-thread | Producer-topic-e6563cb4_0e81_4867_9776_74b93513b4d4) [Producer clientId=Producer-topic-e6563cb4_0e81_4867_9776_74b93513b4d4] ProducerId set to 15 with epoch 0
2025-08-13 02:16:53,974 INFO  [io.api.tes.ser.api.KafkaSerdesTester] (Thread-685) Sending message {"key11755051403361": "value-1", "key21755051408071": "value-1", "key31755051412845": "value-1"} to topic topic-e6563cb4_0e81_4867_9776_74b93513b4d4
2025-08-13 02:16:53,976 INFO  [io.api.tes.ser.api.KafkaSerdesTester] (Thread-685) Sending message {"key11755051403361": "value-2", "key21755051408071": "value-2", "key31755051412845": "value-2"} to topic topic-e6563cb4_0e81_4867_9776_74b93513b4d4
2025-08-13 02:16:53,978 INFO  [io.api.tes.ser.api.KafkaSerdesTester] (Thread-685) Sending message {"key11755051403361": "value-3", "key21755051408071": "value-3", "key31755051412845": "value-3"} to topic topic-e6563cb4_0e81_4867_9776_74b93513b4d4
2025-08-13 02:16:53,980 INFO  [io.api.tes.ser.api.KafkaSerdesTester] (Thread-685) Sending message {"key11755051403361": "value-4", "key21755051408071": "value-4", "key31755051412845": "value-4"} to topic topic-e6563cb4_0e81_4867_9776_74b93513b4d4
2025-08-13 02:16:53,982 INFO  [io.api.tes.ser.api.KafkaSerdesTester] (Thread-685) Sending message {"key11755051403361": "value-5", "key21755051408071": "value-5", "key31755051412845": "value-5"} to topic topic-e6563cb4_0e81_4867_9776_74b93513b4d4
2025-08-13 02:16:53,986 INFO  [io.api.tes.ser.api.KafkaSerdesTester] (Thread-685) Sending message {"key11755051403361": "value-6", "key21755051408071": "value-6", "key31755051412845": "value-6"} to topic topic-e6563cb4_0e81_4867_9776_74b93513b4d4
2025-08-13 02:16:53,991 INFO  [io.api.tes.ser.api.KafkaSerdesTester] (Thread-685) Sending message {"key11755051403361": "value-7", "key21755051408071": "value-7", "key31755051412845": "value-7"} to topic topic-e6563cb4_0e81_4867_9776_74b93513b4d4
2025-08-13 02:16:53,992 INFO  [io.api.tes.ser.api.KafkaSerdesTester] (Thread-685) Sending message {"key11755051403361": "value-8", "key21755051408071": "value-8", "key31755051412845": "value-8"} to topic topic-e6563cb4_0e81_4867_9776_74b93513b4d4
2025-08-13 02:16:53,995 INFO  [io.api.tes.ser.api.KafkaSerdesTester] (Thread-685) Sending message {"key11755051403361": "value-9", "key21755051408071": "value-9", "key31755051412845": "value-9"} to topic topic-e6563cb4_0e81_4867_9776_74b93513b4d4
2025-08-13 02:16:53,997 INFO  [io.api.tes.ser.api.KafkaSerdesTester] (Thread-685) Produced 10 messages
2025-08-13 02:16:53,997 INFO  [org.apa.kaf.cli.pro.KafkaProducer] (Thread-685) [Producer clientId=Producer-topic-e6563cb4_0e81_4867_9776_74b93513b4d4] Closing the Kafka producer with timeoutMillis = 9223372036854775807 ms.
2025-08-13 02:16:54,000 INFO  [org.apa.kaf.com.met.Metrics] (Thread-685) Metrics scheduler closed
2025-08-13 02:16:54,000 INFO  [org.apa.kaf.com.met.Metrics] (Thread-685) Closing reporter org.apache.kafka.common.metrics.JmxReporter
2025-08-13 02:16:54,000 INFO  [org.apa.kaf.com.met.Metrics] (Thread-685) Closing reporter org.apache.kafka.common.telemetry.internals.ClientTelemetryReporter
2025-08-13 02:16:54,000 INFO  [org.apa.kaf.com.met.Metrics] (Thread-685) Metrics reporters closed
2025-08-13 02:16:54,000 INFO  [org.apa.kaf.com.uti.AppInfoParser] (Thread-685) App info kafka.producer for Producer-topic-e6563cb4_0e81_4867_9776_74b93513b4d4 unregistered
**** Registry Base URL: http://registry-app-mysql.apps.ci419.apicurio-testing.org:80
2025-08-13 02:16:54,001 INFO  [org.apa.kaf.cli.pro.ProducerConfig] (main) ProducerConfig values: 
	acks = -1
	auto.include.jmx.reporter = true
	batch.size = 16384
	bootstrap.servers = [PLAINTEXT://localhost:32769]
	buffer.memory = 33554432
	client.dns.lookup = use_all_dns_ips
	client.id = Producer-topic-e6563cb4_0e81_4867_9776_74b93513b4d4
	compression.gzip.level = -1
	compression.lz4.level = 9
	compression.type = none
	compression.zstd.level = 3
	connections.max.idle.ms = 10000
	delivery.timeout.ms = 120000
	enable.idempotence = true
	enable.metrics.push = true
	interceptor.classes = []
	key.serializer = class org.apache.kafka.common.serialization.StringSerializer
	linger.ms = 0
	max.block.ms = 60000
	max.in.flight.requests.per.connection = 5
	max.request.size = 1048576
	metadata.max.age.ms = 300000
	metadata.max.idle.ms = 300000
	metadata.recovery.strategy = none
	metric.reporters = []
	metrics.num.samples = 2
	metrics.recording.level = INFO
	metrics.sample.window.ms = 30000
	partitioner.adaptive.partitioning.enable = true
	partitioner.availability.timeout.ms = 0
	partitioner.class = null
	partitioner.ignore.keys = false
	receive.buffer.bytes = 32768
	reconnect.backoff.max.ms = 1000
	reconnect.backoff.ms = 50
	request.timeout.ms = 5000
	retries = 2147483647
	retry.backoff.max.ms = 1000
	retry.backoff.ms = 100
	sasl.client.callback.handler.class = null
	sasl.jaas.config = null
	sasl.kerberos.kinit.cmd = /usr/bin/kinit
	sasl.kerberos.min.time.before.relogin = 60000
	sasl.kerberos.service.name = null
	sasl.kerberos.ticket.renew.jitter = 0.05
	sasl.kerberos.ticket.renew.window.factor = 0.8
	sasl.login.callback.handler.class = null
	sasl.login.class = null
	sasl.login.connect.timeout.ms = null
	sasl.login.read.timeout.ms = null
	sasl.login.refresh.buffer.seconds = 300
	sasl.login.refresh.min.period.seconds = 60
	sasl.login.refresh.window.factor = 0.8
	sasl.login.refresh.window.jitter = 0.05
	sasl.login.retry.backoff.max.ms = 10000
	sasl.login.retry.backoff.ms = 100
	sasl.mechanism = GSSAPI
	sasl.oauthbearer.clock.skew.seconds = 30
	sasl.oauthbearer.expected.audience = null
	sasl.oauthbearer.expected.issuer = null
	sasl.oauthbearer.header.urlencode = false
	sasl.oauthbearer.jwks.endpoint.refresh.ms = 3600000
	sasl.oauthbearer.jwks.endpoint.retry.backoff.max.ms = 10000
	sasl.oauthbearer.jwks.endpoint.retry.backoff.ms = 100
	sasl.oauthbearer.jwks.endpoint.url = null
	sasl.oauthbearer.scope.claim.name = scope
	sasl.oauthbearer.sub.claim.name = sub
	sasl.oauthbearer.token.endpoint.url = null
	security.protocol = PLAINTEXT
	security.providers = null
	send.buffer.bytes = 131072
	socket.connection.setup.timeout.max.ms = 30000
	socket.connection.setup.timeout.ms = 10000
	ssl.cipher.suites = null
	ssl.enabled.protocols = [TLSv1.2, TLSv1.3]
	ssl.endpoint.identification.algorithm = https
	ssl.engine.factory.class = null
	ssl.key.password = null
	ssl.keymanager.algorithm = SunX509
	ssl.keystore.certificate.chain = null
	ssl.keystore.key = null
	ssl.keystore.location = null
	ssl.keystore.password = null
	ssl.keystore.type = JKS
	ssl.protocol = TLSv1.3
	ssl.provider = null
	ssl.secure.random.implementation = null
	ssl.trustmanager.algorithm = PKIX
	ssl.truststore.certificates = null
	ssl.truststore.location = null
	ssl.truststore.password = null
	ssl.truststore.type = JKS
	transaction.timeout.ms = 60000
	transactional.id = null
	value.serializer = class io.apicurio.registry.serde.avro.AvroKafkaSerializer

2025-08-13 02:16:54,002 INFO  [org.apa.kaf.com.tel.int.KafkaMetricsCollector] (main) initializing Kafka metrics collector
2025-08-13 02:16:54,010 INFO  [org.apa.kaf.cli.pro.KafkaProducer] (main) [Producer clientId=Producer-topic-e6563cb4_0e81_4867_9776_74b93513b4d4] Instantiated an idempotent producer.
2025-08-13 02:16:54,012 INFO  [org.apa.kaf.cli.pro.ProducerConfig] (main) These configurations '[apicurio.registry.url, apicurio.registry.artifact-resolver-strategy]' were supplied but are not used yet.
2025-08-13 02:16:54,012 INFO  [org.apa.kaf.com.uti.AppInfoParser] (main) Kafka version: 3.9.1
2025-08-13 02:16:54,013 INFO  [org.apa.kaf.com.uti.AppInfoParser] (main) Kafka commitId: f745dfdcee2b9851
2025-08-13 02:16:54,013 INFO  [org.apa.kaf.com.uti.AppInfoParser] (main) Kafka startTimeMs: 1755051414012
2025-08-13 02:16:54,014 INFO  [io.api.tes.ser.api.KafkaSerdesTester] (Thread-688) Sending message {"key11755051403361": "value-0", "key21755051408071": "value-0"} to topic topic-e6563cb4_0e81_4867_9776_74b93513b4d4
2025-08-13 02:16:54,017 INFO  [org.apa.kaf.cli.Metadata] (kafka-producer-network-thread | Producer-topic-e6563cb4_0e81_4867_9776_74b93513b4d4) [Producer clientId=Producer-topic-e6563cb4_0e81_4867_9776_74b93513b4d4] Cluster ID: rLHX8X_xRIO734wjNEuI8w
2025-08-13 02:16:54,017 INFO  [DefaultSchemaResolver] (Thread-688) Retrieving schema content using string: {"type":"record","name":"sea44ff40xbb36x4212xa8b7x88b9e59ac943","namespace":"ns_428c4785_242a_461f_9e4f_15ed4e38701c","fields":[{"name":"key11755051403361","type":"string"},{"name":"key21755051408071","type":"string"}]}
2025-08-13 02:16:54,018 INFO  [org.apa.kaf.cli.pro.int.TransactionManager] (kafka-producer-network-thread | Producer-topic-e6563cb4_0e81_4867_9776_74b93513b4d4) [Producer clientId=Producer-topic-e6563cb4_0e81_4867_9776_74b93513b4d4] ProducerId set to 16 with epoch 0
2025-08-13 02:16:54,041 INFO  [io.api.tes.ser.api.KafkaSerdesTester] (Thread-688) Sending message {"key11755051403361": "value-1", "key21755051408071": "value-1"} to topic topic-e6563cb4_0e81_4867_9776_74b93513b4d4
2025-08-13 02:16:54,043 INFO  [io.api.tes.ser.api.KafkaSerdesTester] (Thread-688) Sending message {"key11755051403361": "value-2", "key21755051408071": "value-2"} to topic topic-e6563cb4_0e81_4867_9776_74b93513b4d4
2025-08-13 02:16:54,045 INFO  [io.api.tes.ser.api.KafkaSerdesTester] (Thread-688) Sending message {"key11755051403361": "value-3", "key21755051408071": "value-3"} to topic topic-e6563cb4_0e81_4867_9776_74b93513b4d4
2025-08-13 02:16:54,046 INFO  [io.api.tes.ser.api.KafkaSerdesTester] (Thread-688) Sending message {"key11755051403361": "value-4", "key21755051408071": "value-4"} to topic topic-e6563cb4_0e81_4867_9776_74b93513b4d4
2025-08-13 02:16:54,048 INFO  [io.api.tes.ser.api.KafkaSerdesTester] (Thread-688) Sending message {"key11755051403361": "value-5", "key21755051408071": "value-5"} to topic topic-e6563cb4_0e81_4867_9776_74b93513b4d4
2025-08-13 02:16:54,050 INFO  [io.api.tes.ser.api.KafkaSerdesTester] (Thread-688) Sending message {"key11755051403361": "value-6", "key21755051408071": "value-6"} to topic topic-e6563cb4_0e81_4867_9776_74b93513b4d4
2025-08-13 02:16:54,053 INFO  [io.api.tes.ser.api.KafkaSerdesTester] (Thread-688) Sending message {"key11755051403361": "value-7", "key21755051408071": "value-7"} to topic topic-e6563cb4_0e81_4867_9776_74b93513b4d4
2025-08-13 02:16:54,056 INFO  [io.api.tes.ser.api.KafkaSerdesTester] (Thread-688) Sending message {"key11755051403361": "value-8", "key21755051408071": "value-8"} to topic topic-e6563cb4_0e81_4867_9776_74b93513b4d4
2025-08-13 02:16:54,057 INFO  [io.api.tes.ser.api.KafkaSerdesTester] (Thread-688) Sending message {"key11755051403361": "value-9", "key21755051408071": "value-9"} to topic topic-e6563cb4_0e81_4867_9776_74b93513b4d4
2025-08-13 02:16:54,060 INFO  [io.api.tes.ser.api.KafkaSerdesTester] (Thread-688) Produced 10 messages
2025-08-13 02:16:54,060 INFO  [org.apa.kaf.cli.pro.KafkaProducer] (Thread-688) [Producer clientId=Producer-topic-e6563cb4_0e81_4867_9776_74b93513b4d4] Closing the Kafka producer with timeoutMillis = 9223372036854775807 ms.
2025-08-13 02:16:54,062 INFO  [org.apa.kaf.com.met.Metrics] (Thread-688) Metrics scheduler closed
2025-08-13 02:16:54,062 INFO  [org.apa.kaf.com.met.Metrics] (Thread-688) Closing reporter org.apache.kafka.common.metrics.JmxReporter
2025-08-13 02:16:54,062 INFO  [org.apa.kaf.com.met.Metrics] (Thread-688) Closing reporter org.apache.kafka.common.telemetry.internals.ClientTelemetryReporter
2025-08-13 02:16:54,062 INFO  [org.apa.kaf.com.met.Metrics] (Thread-688) Metrics reporters closed
2025-08-13 02:16:54,062 INFO  [org.apa.kaf.com.uti.AppInfoParser] (Thread-688) App info kafka.producer for Producer-topic-e6563cb4_0e81_4867_9776_74b93513b4d4 unregistered
**** Registry Base URL: http://registry-app-mysql.apps.ci419.apicurio-testing.org:80
2025-08-13 02:16:54,065 INFO  [org.apa.kaf.cli.pro.ProducerConfig] (main) ProducerConfig values: 
	acks = -1
	auto.include.jmx.reporter = true
	batch.size = 16384
	bootstrap.servers = [PLAINTEXT://localhost:32769]
	buffer.memory = 33554432
	client.dns.lookup = use_all_dns_ips
	client.id = Producer-topic-e6563cb4_0e81_4867_9776_74b93513b4d4
	compression.gzip.level = -1
	compression.lz4.level = 9
	compression.type = none
	compression.zstd.level = 3
	connections.max.idle.ms = 10000
	delivery.timeout.ms = 120000
	enable.idempotence = true
	enable.metrics.push = true
	interceptor.classes = []
	key.serializer = class org.apache.kafka.common.serialization.StringSerializer
	linger.ms = 0
	max.block.ms = 60000
	max.in.flight.requests.per.connection = 5
	max.request.size = 1048576
	metadata.max.age.ms = 300000
	metadata.max.idle.ms = 300000
	metadata.recovery.strategy = none
	metric.reporters = []
	metrics.num.samples = 2
	metrics.recording.level = INFO
	metrics.sample.window.ms = 30000
	partitioner.adaptive.partitioning.enable = true
	partitioner.availability.timeout.ms = 0
	partitioner.class = null
	partitioner.ignore.keys = false
	receive.buffer.bytes = 32768
	reconnect.backoff.max.ms = 1000
	reconnect.backoff.ms = 50
	request.timeout.ms = 5000
	retries = 2147483647
	retry.backoff.max.ms = 1000
	retry.backoff.ms = 100
	sasl.client.callback.handler.class = null
	sasl.jaas.config = null
	sasl.kerberos.kinit.cmd = /usr/bin/kinit
	sasl.kerberos.min.time.before.relogin = 60000
	sasl.kerberos.service.name = null
	sasl.kerberos.ticket.renew.jitter = 0.05
	sasl.kerberos.ticket.renew.window.factor = 0.8
	sasl.login.callback.handler.class = null
	sasl.login.class = null
	sasl.login.connect.timeout.ms = null
	sasl.login.read.timeout.ms = null
	sasl.login.refresh.buffer.seconds = 300
	sasl.login.refresh.min.period.seconds = 60
	sasl.login.refresh.window.factor = 0.8
	sasl.login.refresh.window.jitter = 0.05
	sasl.login.retry.backoff.max.ms = 10000
	sasl.login.retry.backoff.ms = 100
	sasl.mechanism = GSSAPI
	sasl.oauthbearer.clock.skew.seconds = 30
	sasl.oauthbearer.expected.audience = null
	sasl.oauthbearer.expected.issuer = null
	sasl.oauthbearer.header.urlencode = false
	sasl.oauthbearer.jwks.endpoint.refresh.ms = 3600000
	sasl.oauthbearer.jwks.endpoint.retry.backoff.max.ms = 10000
	sasl.oauthbearer.jwks.endpoint.retry.backoff.ms = 100
	sasl.oauthbearer.jwks.endpoint.url = null
	sasl.oauthbearer.scope.claim.name = scope
	sasl.oauthbearer.sub.claim.name = sub
	sasl.oauthbearer.token.endpoint.url = null
	security.protocol = PLAINTEXT
	security.providers = null
	send.buffer.bytes = 131072
	socket.connection.setup.timeout.max.ms = 30000
	socket.connection.setup.timeout.ms = 10000
	ssl.cipher.suites = null
	ssl.enabled.protocols = [TLSv1.2, TLSv1.3]
	ssl.endpoint.identification.algorithm = https
	ssl.engine.factory.class = null
	ssl.key.password = null
	ssl.keymanager.algorithm = SunX509
	ssl.keystore.certificate.chain = null
	ssl.keystore.key = null
	ssl.keystore.location = null
	ssl.keystore.password = null
	ssl.keystore.type = JKS
	ssl.protocol = TLSv1.3
	ssl.provider = null
	ssl.secure.random.implementation = null
	ssl.trustmanager.algorithm = PKIX
	ssl.truststore.certificates = null
	ssl.truststore.location = null
	ssl.truststore.password = null
	ssl.truststore.type = JKS
	transaction.timeout.ms = 60000
	transactional.id = null
	value.serializer = class io.apicurio.registry.serde.avro.AvroKafkaSerializer

2025-08-13 02:16:54,066 INFO  [org.apa.kaf.com.tel.int.KafkaMetricsCollector] (main) initializing Kafka metrics collector
2025-08-13 02:16:54,071 INFO  [org.apa.kaf.cli.pro.KafkaProducer] (main) [Producer clientId=Producer-topic-e6563cb4_0e81_4867_9776_74b93513b4d4] Instantiated an idempotent producer.
2025-08-13 02:16:54,073 INFO  [org.apa.kaf.cli.pro.ProducerConfig] (main) These configurations '[apicurio.registry.url, apicurio.registry.artifact-resolver-strategy]' were supplied but are not used yet.
2025-08-13 02:16:54,073 INFO  [org.apa.kaf.com.uti.AppInfoParser] (main) Kafka version: 3.9.1
2025-08-13 02:16:54,073 INFO  [org.apa.kaf.com.uti.AppInfoParser] (main) Kafka commitId: f745dfdcee2b9851
2025-08-13 02:16:54,073 INFO  [org.apa.kaf.com.uti.AppInfoParser] (main) Kafka startTimeMs: 1755051414073
2025-08-13 02:16:54,074 INFO  [io.api.tes.ser.api.KafkaSerdesTester] (Thread-691) Sending message {"key11755051403361": "value-0"} to topic topic-e6563cb4_0e81_4867_9776_74b93513b4d4
2025-08-13 02:16:54,078 INFO  [org.apa.kaf.cli.Metadata] (kafka-producer-network-thread | Producer-topic-e6563cb4_0e81_4867_9776_74b93513b4d4) [Producer clientId=Producer-topic-e6563cb4_0e81_4867_9776_74b93513b4d4] Cluster ID: rLHX8X_xRIO734wjNEuI8w
2025-08-13 02:16:54,079 INFO  [DefaultSchemaResolver] (Thread-691) Retrieving schema content using string: {"type":"record","name":"sea44ff40xbb36x4212xa8b7x88b9e59ac943","namespace":"ns_428c4785_242a_461f_9e4f_15ed4e38701c","fields":[{"name":"key11755051403361","type":"string"}]}
2025-08-13 02:16:54,080 INFO  [org.apa.kaf.cli.pro.int.TransactionManager] (kafka-producer-network-thread | Producer-topic-e6563cb4_0e81_4867_9776_74b93513b4d4) [Producer clientId=Producer-topic-e6563cb4_0e81_4867_9776_74b93513b4d4] ProducerId set to 17 with epoch 0
2025-08-13 02:16:54,111 INFO  [io.api.tes.ser.api.KafkaSerdesTester] (Thread-691) Sending message {"key11755051403361": "value-1"} to topic topic-e6563cb4_0e81_4867_9776_74b93513b4d4
2025-08-13 02:16:54,114 INFO  [io.api.tes.ser.api.KafkaSerdesTester] (Thread-691) Sending message {"key11755051403361": "value-2"} to topic topic-e6563cb4_0e81_4867_9776_74b93513b4d4
2025-08-13 02:16:54,117 INFO  [io.api.tes.ser.api.KafkaSerdesTester] (Thread-691) Sending message {"key11755051403361": "value-3"} to topic topic-e6563cb4_0e81_4867_9776_74b93513b4d4
2025-08-13 02:16:54,118 INFO  [io.api.tes.ser.api.KafkaSerdesTester] (Thread-691) Sending message {"key11755051403361": "value-4"} to topic topic-e6563cb4_0e81_4867_9776_74b93513b4d4
2025-08-13 02:16:54,120 INFO  [io.api.tes.ser.api.KafkaSerdesTester] (Thread-691) Sending message {"key11755051403361": "value-5"} to topic topic-e6563cb4_0e81_4867_9776_74b93513b4d4
2025-08-13 02:16:54,121 INFO  [io.api.tes.ser.api.KafkaSerdesTester] (Thread-691) Sending message {"key11755051403361": "value-6"} to topic topic-e6563cb4_0e81_4867_9776_74b93513b4d4
2025-08-13 02:16:54,122 INFO  [io.api.tes.ser.api.KafkaSerdesTester] (Thread-691) Sending message {"key11755051403361": "value-7"} to topic topic-e6563cb4_0e81_4867_9776_74b93513b4d4
2025-08-13 02:16:54,124 INFO  [io.api.tes.ser.api.KafkaSerdesTester] (Thread-691) Sending message {"key11755051403361": "value-8"} to topic topic-e6563cb4_0e81_4867_9776_74b93513b4d4
2025-08-13 02:16:54,125 INFO  [io.api.tes.ser.api.KafkaSerdesTester] (Thread-691) Sending message {"key11755051403361": "value-9"} to topic topic-e6563cb4_0e81_4867_9776_74b93513b4d4
2025-08-13 02:16:54,126 INFO  [io.api.tes.ser.api.KafkaSerdesTester] (Thread-691) Produced 10 messages
2025-08-13 02:16:54,126 INFO  [org.apa.kaf.cli.pro.KafkaProducer] (Thread-691) [Producer clientId=Producer-topic-e6563cb4_0e81_4867_9776_74b93513b4d4] Closing the Kafka producer with timeoutMillis = 9223372036854775807 ms.
2025-08-13 02:16:54,129 INFO  [org.apa.kaf.com.met.Metrics] (Thread-691) Metrics scheduler closed
2025-08-13 02:16:54,129 INFO  [org.apa.kaf.com.met.Metrics] (Thread-691) Closing reporter org.apache.kafka.common.metrics.JmxReporter
2025-08-13 02:16:54,129 INFO  [org.apa.kaf.com.met.Metrics] (Thread-691) Closing reporter org.apache.kafka.common.telemetry.internals.ClientTelemetryReporter
2025-08-13 02:16:54,129 INFO  [org.apa.kaf.com.met.Metrics] (Thread-691) Metrics reporters closed
2025-08-13 02:16:54,129 INFO  [org.apa.kaf.com.uti.AppInfoParser] (Thread-691) App info kafka.producer for Producer-topic-e6563cb4_0e81_4867_9776_74b93513b4d4 unregistered
**** Registry Base URL: http://registry-app-mysql.apps.ci419.apicurio-testing.org:80
2025-08-13 02:16:54,135 INFO  [org.apa.kaf.cli.con.ConsumerConfig] (main) ConsumerConfig values: 
	allow.auto.create.topics = true
	auto.commit.interval.ms = 500
	auto.include.jmx.reporter = true
	auto.offset.reset = earliest
	bootstrap.servers = [PLAINTEXT://localhost:32769]
	check.crcs = true
	client.dns.lookup = use_all_dns_ips
	client.id = consumer-Consumer-topic-e6563cb4_0e81_4867_9776_74b93513b4d4-12
	client.rack = 
	connections.max.idle.ms = 10000
	default.api.timeout.ms = 60000
	enable.auto.commit = true
	enable.metrics.push = true
	exclude.internal.topics = true
	fetch.max.bytes = 52428800
	fetch.max.wait.ms = 500
	fetch.min.bytes = 1
	group.id = Consumer-topic-e6563cb4_0e81_4867_9776_74b93513b4d4
	group.instance.id = null
	group.protocol = classic
	group.remote.assignor = null
	heartbeat.interval.ms = 3000
	interceptor.classes = []
	internal.leave.group.on.close = true
	internal.throw.on.fetch.stable.offset.unsupported = false
	isolation.level = read_uncommitted
	key.deserializer = class org.apache.kafka.common.serialization.StringDeserializer
	max.partition.fetch.bytes = 1048576
	max.poll.interval.ms = 300000
	max.poll.records = 500
	metadata.max.age.ms = 300000
	metadata.recovery.strategy = none
	metric.reporters = []
	metrics.num.samples = 2
	metrics.recording.level = INFO
	metrics.sample.window.ms = 30000
	partition.assignment.strategy = [class org.apache.kafka.clients.consumer.RangeAssignor, class org.apache.kafka.clients.consumer.CooperativeStickyAssignor]
	receive.buffer.bytes = 65536
	reconnect.backoff.max.ms = 1000
	reconnect.backoff.ms = 50
	request.timeout.ms = 5000
	retry.backoff.max.ms = 1000
	retry.backoff.ms = 100
	sasl.client.callback.handler.class = null
	sasl.jaas.config = null
	sasl.kerberos.kinit.cmd = /usr/bin/kinit
	sasl.kerberos.min.time.before.relogin = 60000
	sasl.kerberos.service.name = null
	sasl.kerberos.ticket.renew.jitter = 0.05
	sasl.kerberos.ticket.renew.window.factor = 0.8
	sasl.login.callback.handler.class = null
	sasl.login.class = null
	sasl.login.connect.timeout.ms = null
	sasl.login.read.timeout.ms = null
	sasl.login.refresh.buffer.seconds = 300
	sasl.login.refresh.min.period.seconds = 60
	sasl.login.refresh.window.factor = 0.8
	sasl.login.refresh.window.jitter = 0.05
	sasl.login.retry.backoff.max.ms = 10000
	sasl.login.retry.backoff.ms = 100
	sasl.mechanism = GSSAPI
	sasl.oauthbearer.clock.skew.seconds = 30
	sasl.oauthbearer.expected.audience = null
	sasl.oauthbearer.expected.issuer = null
	sasl.oauthbearer.header.urlencode = false
	sasl.oauthbearer.jwks.endpoint.refresh.ms = 3600000
	sasl.oauthbearer.jwks.endpoint.retry.backoff.max.ms = 10000
	sasl.oauthbearer.jwks.endpoint.retry.backoff.ms = 100
	sasl.oauthbearer.jwks.endpoint.url = null
	sasl.oauthbearer.scope.claim.name = scope
	sasl.oauthbearer.sub.claim.name = sub
	sasl.oauthbearer.token.endpoint.url = null
	security.protocol = PLAINTEXT
	security.providers = null
	send.buffer.bytes = 131072
	session.timeout.ms = 45000
	socket.connection.setup.timeout.max.ms = 30000
	socket.connection.setup.timeout.ms = 10000
	ssl.cipher.suites = null
	ssl.enabled.protocols = [TLSv1.2, TLSv1.3]
	ssl.endpoint.identification.algorithm = https
	ssl.engine.factory.class = null
	ssl.key.password = null
	ssl.keymanager.algorithm = SunX509
	ssl.keystore.certificate.chain = null
	ssl.keystore.key = null
	ssl.keystore.location = null
	ssl.keystore.password = null
	ssl.keystore.type = JKS
	ssl.protocol = TLSv1.3
	ssl.provider = null
	ssl.secure.random.implementation = null
	ssl.trustmanager.algorithm = PKIX
	ssl.truststore.certificates = null
	ssl.truststore.location = null
	ssl.truststore.password = null
	ssl.truststore.type = JKS
	value.deserializer = class io.apicurio.registry.serde.avro.AvroKafkaDeserializer

2025-08-13 02:16:54,136 INFO  [org.apa.kaf.com.tel.int.KafkaMetricsCollector] (main) initializing Kafka metrics collector
2025-08-13 02:16:54,146 INFO  [org.apa.kaf.cli.con.ConsumerConfig] (main) These configurations '[apicurio.registry.url]' were supplied but are not used yet.
2025-08-13 02:16:54,146 INFO  [org.apa.kaf.com.uti.AppInfoParser] (main) Kafka version: 3.9.1
2025-08-13 02:16:54,146 INFO  [org.apa.kaf.com.uti.AppInfoParser] (main) Kafka commitId: f745dfdcee2b9851
2025-08-13 02:16:54,146 INFO  [org.apa.kaf.com.uti.AppInfoParser] (main) Kafka startTimeMs: 1755051414146
2025-08-13 02:16:54,149 INFO  [org.apa.kaf.cli.con.int.ClassicKafkaConsumer] (Thread-694) [Consumer clientId=consumer-Consumer-topic-e6563cb4_0e81_4867_9776_74b93513b4d4-12, groupId=Consumer-topic-e6563cb4_0e81_4867_9776_74b93513b4d4] Subscribed to topic(s): topic-e6563cb4_0e81_4867_9776_74b93513b4d4
2025-08-13 02:16:54,154 INFO  [org.apa.kaf.cli.Metadata] (Thread-694) [Consumer clientId=consumer-Consumer-topic-e6563cb4_0e81_4867_9776_74b93513b4d4-12, groupId=Consumer-topic-e6563cb4_0e81_4867_9776_74b93513b4d4] Cluster ID: rLHX8X_xRIO734wjNEuI8w
2025-08-13 02:16:54,155 INFO  [org.apa.kaf.cli.con.int.ConsumerCoordinator] (Thread-694) [Consumer clientId=consumer-Consumer-topic-e6563cb4_0e81_4867_9776_74b93513b4d4-12, groupId=Consumer-topic-e6563cb4_0e81_4867_9776_74b93513b4d4] Discovered group coordinator localhost:32769 (id: 2147483647 rack: null)
2025-08-13 02:16:54,156 INFO  [org.apa.kaf.cli.con.int.ConsumerCoordinator] (Thread-694) [Consumer clientId=consumer-Consumer-topic-e6563cb4_0e81_4867_9776_74b93513b4d4-12, groupId=Consumer-topic-e6563cb4_0e81_4867_9776_74b93513b4d4] (Re-)joining group
2025-08-13 02:16:54,158 INFO  [org.apa.kaf.cli.con.int.ConsumerCoordinator] (Thread-694) [Consumer clientId=consumer-Consumer-topic-e6563cb4_0e81_4867_9776_74b93513b4d4-12, groupId=Consumer-topic-e6563cb4_0e81_4867_9776_74b93513b4d4] Request joining group due to: need to re-join with the given member-id: consumer-Consumer-topic-e6563cb4_0e81_4867_9776_74b93513b4d4-12-8b0bbbdc-2295-43ee-9de3-84292a43f180
2025-08-13 02:16:54,159 INFO  [org.apa.kaf.cli.con.int.ConsumerCoordinator] (Thread-694) [Consumer clientId=consumer-Consumer-topic-e6563cb4_0e81_4867_9776_74b93513b4d4-12, groupId=Consumer-topic-e6563cb4_0e81_4867_9776_74b93513b4d4] (Re-)joining group
2025-08-13 02:16:55,149 INFO  [io.api.tes.ser.api.KafkaSerdesTester] (Thread-694) None found
2025-08-13 02:16:56,150 INFO  [io.api.tes.ser.api.KafkaSerdesTester] (Thread-694) None found
2025-08-13 02:16:57,150 INFO  [io.api.tes.ser.api.KafkaSerdesTester] (Thread-694) None found
2025-08-13 02:16:57,161 INFO  [org.apa.kaf.cli.con.int.ConsumerCoordinator] (Thread-694) [Consumer clientId=consumer-Consumer-topic-e6563cb4_0e81_4867_9776_74b93513b4d4-12, groupId=Consumer-topic-e6563cb4_0e81_4867_9776_74b93513b4d4] Successfully joined group with generation Generation{generationId=5, memberId='consumer-Consumer-topic-e6563cb4_0e81_4867_9776_74b93513b4d4-12-8b0bbbdc-2295-43ee-9de3-84292a43f180', protocol='range'}
2025-08-13 02:16:57,161 INFO  [org.apa.kaf.cli.con.int.ConsumerCoordinator] (Thread-694) [Consumer clientId=consumer-Consumer-topic-e6563cb4_0e81_4867_9776_74b93513b4d4-12, groupId=Consumer-topic-e6563cb4_0e81_4867_9776_74b93513b4d4] Finished assignment for group at generation 5: {consumer-Consumer-topic-e6563cb4_0e81_4867_9776_74b93513b4d4-12-8b0bbbdc-2295-43ee-9de3-84292a43f180=Assignment(partitions=[topic-e6563cb4_0e81_4867_9776_74b93513b4d4-0])}
2025-08-13 02:16:57,168 INFO  [org.apa.kaf.cli.con.int.ConsumerCoordinator] (Thread-694) [Consumer clientId=consumer-Consumer-topic-e6563cb4_0e81_4867_9776_74b93513b4d4-12, groupId=Consumer-topic-e6563cb4_0e81_4867_9776_74b93513b4d4] Successfully synced group in generation Generation{generationId=5, memberId='consumer-Consumer-topic-e6563cb4_0e81_4867_9776_74b93513b4d4-12-8b0bbbdc-2295-43ee-9de3-84292a43f180', protocol='range'}
2025-08-13 02:16:57,168 INFO  [org.apa.kaf.cli.con.int.ConsumerCoordinator] (Thread-694) [Consumer clientId=consumer-Consumer-topic-e6563cb4_0e81_4867_9776_74b93513b4d4-12, groupId=Consumer-topic-e6563cb4_0e81_4867_9776_74b93513b4d4] Notifying assignor about the new Assignment(partitions=[topic-e6563cb4_0e81_4867_9776_74b93513b4d4-0])
2025-08-13 02:16:57,169 INFO  [org.apa.kaf.cli.con.int.ConsumerRebalanceListenerInvoker] (Thread-694) [Consumer clientId=consumer-Consumer-topic-e6563cb4_0e81_4867_9776_74b93513b4d4-12, groupId=Consumer-topic-e6563cb4_0e81_4867_9776_74b93513b4d4] Adding newly assigned partitions: topic-e6563cb4_0e81_4867_9776_74b93513b4d4-0
2025-08-13 02:16:57,169 INFO  [org.apa.kaf.cli.con.int.ConsumerUtils] (Thread-694) Setting offset for partition topic-e6563cb4_0e81_4867_9776_74b93513b4d4-0 to the committed offset FetchPosition{offset=30, offsetEpoch=Optional[0], currentLeader=LeaderAndEpoch{leader=Optional[localhost:32769 (id: 0 rack: null)], epoch=0}}
2025-08-13 02:16:57,246 INFO  [io.api.tes.ser.api.KafkaSerdesTester] (Thread-694) topic-e6563cb4_0e81_4867_9776_74b93513b4d4 0 30 {"key11755051403361": "value-0", "key21755051408071": "value-0", "key31755051412845": "value-0"}
2025-08-13 02:16:57,246 INFO  [io.api.tes.ser.api.KafkaSerdesTester] (Thread-694) topic-e6563cb4_0e81_4867_9776_74b93513b4d4 0 31 {"key11755051403361": "value-1", "key21755051408071": "value-1", "key31755051412845": "value-1"}
2025-08-13 02:16:57,246 INFO  [io.api.tes.ser.api.KafkaSerdesTester] (Thread-694) topic-e6563cb4_0e81_4867_9776_74b93513b4d4 0 32 {"key11755051403361": "value-2", "key21755051408071": "value-2", "key31755051412845": "value-2"}
2025-08-13 02:16:57,246 INFO  [io.api.tes.ser.api.KafkaSerdesTester] (Thread-694) topic-e6563cb4_0e81_4867_9776_74b93513b4d4 0 33 {"key11755051403361": "value-3", "key21755051408071": "value-3", "key31755051412845": "value-3"}
2025-08-13 02:16:57,246 INFO  [io.api.tes.ser.api.KafkaSerdesTester] (Thread-694) topic-e6563cb4_0e81_4867_9776_74b93513b4d4 0 34 {"key11755051403361": "value-4", "key21755051408071": "value-4", "key31755051412845": "value-4"}
2025-08-13 02:16:57,246 INFO  [io.api.tes.ser.api.KafkaSerdesTester] (Thread-694) topic-e6563cb4_0e81_4867_9776_74b93513b4d4 0 35 {"key11755051403361": "value-5", "key21755051408071": "value-5", "key31755051412845": "value-5"}
2025-08-13 02:16:57,246 INFO  [io.api.tes.ser.api.KafkaSerdesTester] (Thread-694) topic-e6563cb4_0e81_4867_9776_74b93513b4d4 0 36 {"key11755051403361": "value-6", "key21755051408071": "value-6", "key31755051412845": "value-6"}
2025-08-13 02:16:57,246 INFO  [io.api.tes.ser.api.KafkaSerdesTester] (Thread-694) topic-e6563cb4_0e81_4867_9776_74b93513b4d4 0 37 {"key11755051403361": "value-7", "key21755051408071": "value-7", "key31755051412845": "value-7"}
2025-08-13 02:16:57,246 INFO  [io.api.tes.ser.api.KafkaSerdesTester] (Thread-694) topic-e6563cb4_0e81_4867_9776_74b93513b4d4 0 38 {"key11755051403361": "value-8", "key21755051408071": "value-8", "key31755051412845": "value-8"}
2025-08-13 02:16:57,246 INFO  [io.api.tes.ser.api.KafkaSerdesTester] (Thread-694) topic-e6563cb4_0e81_4867_9776_74b93513b4d4 0 39 {"key11755051403361": "value-9", "key21755051408071": "value-9", "key31755051412845": "value-9"}
2025-08-13 02:16:57,247 INFO  [io.api.tes.ser.api.KafkaSerdesTester] (Thread-694) topic-e6563cb4_0e81_4867_9776_74b93513b4d4 0 40 {"key11755051403361": "value-0", "key21755051408071": "value-0"}
2025-08-13 02:16:57,247 INFO  [io.api.tes.ser.api.KafkaSerdesTester] (Thread-694) topic-e6563cb4_0e81_4867_9776_74b93513b4d4 0 41 {"key11755051403361": "value-1", "key21755051408071": "value-1"}
2025-08-13 02:16:57,247 INFO  [io.api.tes.ser.api.KafkaSerdesTester] (Thread-694) topic-e6563cb4_0e81_4867_9776_74b93513b4d4 0 42 {"key11755051403361": "value-2", "key21755051408071": "value-2"}
2025-08-13 02:16:57,247 INFO  [io.api.tes.ser.api.KafkaSerdesTester] (Thread-694) topic-e6563cb4_0e81_4867_9776_74b93513b4d4 0 43 {"key11755051403361": "value-3", "key21755051408071": "value-3"}
2025-08-13 02:16:57,247 INFO  [io.api.tes.ser.api.KafkaSerdesTester] (Thread-694) topic-e6563cb4_0e81_4867_9776_74b93513b4d4 0 44 {"key11755051403361": "value-4", "key21755051408071": "value-4"}
2025-08-13 02:16:57,247 INFO  [io.api.tes.ser.api.KafkaSerdesTester] (Thread-694) topic-e6563cb4_0e81_4867_9776_74b93513b4d4 0 45 {"key11755051403361": "value-5", "key21755051408071": "value-5"}
2025-08-13 02:16:57,247 INFO  [io.api.tes.ser.api.KafkaSerdesTester] (Thread-694) topic-e6563cb4_0e81_4867_9776_74b93513b4d4 0 46 {"key11755051403361": "value-6", "key21755051408071": "value-6"}
2025-08-13 02:16:57,247 INFO  [io.api.tes.ser.api.KafkaSerdesTester] (Thread-694) topic-e6563cb4_0e81_4867_9776_74b93513b4d4 0 47 {"key11755051403361": "value-7", "key21755051408071": "value-7"}
2025-08-13 02:16:57,247 INFO  [io.api.tes.ser.api.KafkaSerdesTester] (Thread-694) topic-e6563cb4_0e81_4867_9776_74b93513b4d4 0 48 {"key11755051403361": "value-8", "key21755051408071": "value-8"}
2025-08-13 02:16:57,247 INFO  [io.api.tes.ser.api.KafkaSerdesTester] (Thread-694) topic-e6563cb4_0e81_4867_9776_74b93513b4d4 0 49 {"key11755051403361": "value-9", "key21755051408071": "value-9"}
2025-08-13 02:16:57,247 INFO  [io.api.tes.ser.api.KafkaSerdesTester] (Thread-694) topic-e6563cb4_0e81_4867_9776_74b93513b4d4 0 50 {"key11755051403361": "value-0"}
2025-08-13 02:16:57,247 INFO  [io.api.tes.ser.api.KafkaSerdesTester] (Thread-694) topic-e6563cb4_0e81_4867_9776_74b93513b4d4 0 51 {"key11755051403361": "value-1"}
2025-08-13 02:16:57,247 INFO  [io.api.tes.ser.api.KafkaSerdesTester] (Thread-694) topic-e6563cb4_0e81_4867_9776_74b93513b4d4 0 52 {"key11755051403361": "value-2"}
2025-08-13 02:16:57,247 INFO  [io.api.tes.ser.api.KafkaSerdesTester] (Thread-694) topic-e6563cb4_0e81_4867_9776_74b93513b4d4 0 53 {"key11755051403361": "value-3"}
2025-08-13 02:16:57,247 INFO  [io.api.tes.ser.api.KafkaSerdesTester] (Thread-694) topic-e6563cb4_0e81_4867_9776_74b93513b4d4 0 54 {"key11755051403361": "value-4"}
2025-08-13 02:16:57,249 INFO  [io.api.tes.ser.api.KafkaSerdesTester] (Thread-694) topic-e6563cb4_0e81_4867_9776_74b93513b4d4 0 55 {"key11755051403361": "value-5"}
2025-08-13 02:16:57,249 INFO  [io.api.tes.ser.api.KafkaSerdesTester] (Thread-694) topic-e6563cb4_0e81_4867_9776_74b93513b4d4 0 56 {"key11755051403361": "value-6"}
2025-08-13 02:16:57,249 INFO  [io.api.tes.ser.api.KafkaSerdesTester] (Thread-694) topic-e6563cb4_0e81_4867_9776_74b93513b4d4 0 57 {"key11755051403361": "value-7"}
2025-08-13 02:16:57,249 INFO  [io.api.tes.ser.api.KafkaSerdesTester] (Thread-694) topic-e6563cb4_0e81_4867_9776_74b93513b4d4 0 58 {"key11755051403361": "value-8"}
2025-08-13 02:16:57,249 INFO  [io.api.tes.ser.api.KafkaSerdesTester] (Thread-694) topic-e6563cb4_0e81_4867_9776_74b93513b4d4 0 59 {"key11755051403361": "value-9"}
2025-08-13 02:16:57,249 INFO  [io.api.tes.ser.api.KafkaSerdesTester] (Thread-694) Consumed 30 messages
2025-08-13 02:16:57,261 INFO  [org.apa.kaf.cli.con.int.ConsumerRebalanceListenerInvoker] (Thread-694) [Consumer clientId=consumer-Consumer-topic-e6563cb4_0e81_4867_9776_74b93513b4d4-12, groupId=Consumer-topic-e6563cb4_0e81_4867_9776_74b93513b4d4] Revoke previously assigned partitions topic-e6563cb4_0e81_4867_9776_74b93513b4d4-0
2025-08-13 02:16:57,261 INFO  [org.apa.kaf.cli.con.int.ConsumerCoordinator] (Thread-694) [Consumer clientId=consumer-Consumer-topic-e6563cb4_0e81_4867_9776_74b93513b4d4-12, groupId=Consumer-topic-e6563cb4_0e81_4867_9776_74b93513b4d4] Member consumer-Consumer-topic-e6563cb4_0e81_4867_9776_74b93513b4d4-12-8b0bbbdc-2295-43ee-9de3-84292a43f180 sending LeaveGroup request to coordinator localhost:32769 (id: 2147483647 rack: null) due to the consumer is being closed
2025-08-13 02:16:57,261 INFO  [org.apa.kaf.cli.con.int.ConsumerCoordinator] (Thread-694) [Consumer clientId=consumer-Consumer-topic-e6563cb4_0e81_4867_9776_74b93513b4d4-12, groupId=Consumer-topic-e6563cb4_0e81_4867_9776_74b93513b4d4] Resetting generation and member id due to: consumer pro-actively leaving the group
2025-08-13 02:16:57,261 INFO  [org.apa.kaf.cli.con.int.ConsumerCoordinator] (Thread-694) [Consumer clientId=consumer-Consumer-topic-e6563cb4_0e81_4867_9776_74b93513b4d4-12, groupId=Consumer-topic-e6563cb4_0e81_4867_9776_74b93513b4d4] Request joining group due to: consumer pro-actively leaving the group
2025-08-13 02:16:57,751 INFO  [org.apa.kaf.com.met.Metrics] (Thread-694) Metrics scheduler closed
2025-08-13 02:16:57,751 INFO  [org.apa.kaf.com.met.Metrics] (Thread-694) Closing reporter org.apache.kafka.common.metrics.JmxReporter
2025-08-13 02:16:57,751 INFO  [org.apa.kaf.com.met.Metrics] (Thread-694) Closing reporter org.apache.kafka.common.telemetry.internals.ClientTelemetryReporter
2025-08-13 02:16:57,751 INFO  [org.apa.kaf.com.met.Metrics] (Thread-694) Metrics reporters closed
2025-08-13 02:16:57,753 INFO  [org.apa.kaf.com.uti.AppInfoParser] (Thread-694) App info kafka.consumer for consumer-Consumer-topic-e6563cb4_0e81_4867_9776_74b93513b4d4-12 unregistered
2025-08-13 02:16:57,753 INFO  [org.apa.kaf.cli.pro.KafkaProducer] (main) [Producer clientId=Producer-topic-e6563cb4_0e81_4867_9776_74b93513b4d4] Closing the Kafka producer with timeoutMillis = 9223372036854775807 ms.
2025-08-13 02:16:57,753 INFO  [org.apa.kaf.com.met.Metrics] (main) Metrics scheduler closed
2025-08-13 02:16:57,753 INFO  [org.apa.kaf.com.met.Metrics] (main) Closing reporter org.apache.kafka.common.metrics.JmxReporter
2025-08-13 02:16:57,754 INFO  [org.apa.kaf.com.met.Metrics] (main) Closing reporter org.apache.kafka.common.telemetry.internals.ClientTelemetryReporter
2025-08-13 02:16:57,754 INFO  [org.apa.kaf.com.met.Metrics] (main) Metrics reporters closed
2025-08-13 02:16:57,754 INFO  [org.apa.kaf.com.uti.AppInfoParser] (main) App info kafka.producer for Producer-topic-e6563cb4_0e81_4867_9776_74b93513b4d4 unregistered
2025-08-13 02:16:57,754 INFO  [io.api.tes.uti.TestSeparator] (main) io.apicurio.tests.serdes.apicurio.AvroSerdeIT.testEvolveAvroApicurio-FINISHED
2025-08-13 02:16:57,754 INFO  [io.api.tes.uti.TestSeparator] (main) ############################################################################
Test passed: testEvolveAvroApicurio
]]></system-out>
  </testcase>
  <testcase name="testTopicRecordIdStrategydFindLatest" classname="io.apicurio.tests.serdes.apicurio.AvroSerdeIT" time="4.747">
    <system-out><![CDATA[2025-08-13 02:16:57,757 INFO  [io.api.tes.uti.TestSeparator] (main) ############################################################################
2025-08-13 02:16:57,757 INFO  [io.api.tes.uti.TestSeparator] (main) io.apicurio.tests.serdes.apicurio.AvroSerdeIT.testTopicRecordIdStrategydFindLatest-STARTED
2025-08-13 02:16:57,758 INFO  [io.api.tes.ser.api.AvroSerdeIT] (main) Registering Avro Schema: {"type":"record","name":"s7b90bf5fx212fx40a5xa757xb781beb9f9b4","namespace":"sfe5da7fdxfb13x4116xbaecx7f822eca5b6b","fields":[{"name":"key11755051417757","type":"string"}]}
**** Registry Base URL: http://registry-app-mysql.apps.ci419.apicurio-testing.org:80
2025-08-13 02:16:58,825 INFO  [org.apa.kaf.cli.pro.ProducerConfig] (main) ProducerConfig values: 
	acks = -1
	auto.include.jmx.reporter = true
	batch.size = 16384
	bootstrap.servers = [PLAINTEXT://localhost:32769]
	buffer.memory = 33554432
	client.dns.lookup = use_all_dns_ips
	client.id = Producer-topic-2c568c77_4f40_4fc3_aa33_d26d20c9f39a
	compression.gzip.level = -1
	compression.lz4.level = 9
	compression.type = none
	compression.zstd.level = 3
	connections.max.idle.ms = 10000
	delivery.timeout.ms = 120000
	enable.idempotence = true
	enable.metrics.push = true
	interceptor.classes = []
	key.serializer = class org.apache.kafka.common.serialization.StringSerializer
	linger.ms = 0
	max.block.ms = 60000
	max.in.flight.requests.per.connection = 5
	max.request.size = 1048576
	metadata.max.age.ms = 300000
	metadata.max.idle.ms = 300000
	metadata.recovery.strategy = none
	metric.reporters = []
	metrics.num.samples = 2
	metrics.recording.level = INFO
	metrics.sample.window.ms = 30000
	partitioner.adaptive.partitioning.enable = true
	partitioner.availability.timeout.ms = 0
	partitioner.class = null
	partitioner.ignore.keys = false
	receive.buffer.bytes = 32768
	reconnect.backoff.max.ms = 1000
	reconnect.backoff.ms = 50
	request.timeout.ms = 5000
	retries = 2147483647
	retry.backoff.max.ms = 1000
	retry.backoff.ms = 100
	sasl.client.callback.handler.class = null
	sasl.jaas.config = null
	sasl.kerberos.kinit.cmd = /usr/bin/kinit
	sasl.kerberos.min.time.before.relogin = 60000
	sasl.kerberos.service.name = null
	sasl.kerberos.ticket.renew.jitter = 0.05
	sasl.kerberos.ticket.renew.window.factor = 0.8
	sasl.login.callback.handler.class = null
	sasl.login.class = null
	sasl.login.connect.timeout.ms = null
	sasl.login.read.timeout.ms = null
	sasl.login.refresh.buffer.seconds = 300
	sasl.login.refresh.min.period.seconds = 60
	sasl.login.refresh.window.factor = 0.8
	sasl.login.refresh.window.jitter = 0.05
	sasl.login.retry.backoff.max.ms = 10000
	sasl.login.retry.backoff.ms = 100
	sasl.mechanism = GSSAPI
	sasl.oauthbearer.clock.skew.seconds = 30
	sasl.oauthbearer.expected.audience = null
	sasl.oauthbearer.expected.issuer = null
	sasl.oauthbearer.header.urlencode = false
	sasl.oauthbearer.jwks.endpoint.refresh.ms = 3600000
	sasl.oauthbearer.jwks.endpoint.retry.backoff.max.ms = 10000
	sasl.oauthbearer.jwks.endpoint.retry.backoff.ms = 100
	sasl.oauthbearer.jwks.endpoint.url = null
	sasl.oauthbearer.scope.claim.name = scope
	sasl.oauthbearer.sub.claim.name = sub
	sasl.oauthbearer.token.endpoint.url = null
	security.protocol = PLAINTEXT
	security.providers = null
	send.buffer.bytes = 131072
	socket.connection.setup.timeout.max.ms = 30000
	socket.connection.setup.timeout.ms = 10000
	ssl.cipher.suites = null
	ssl.enabled.protocols = [TLSv1.2, TLSv1.3]
	ssl.endpoint.identification.algorithm = https
	ssl.engine.factory.class = null
	ssl.key.password = null
	ssl.keymanager.algorithm = SunX509
	ssl.keystore.certificate.chain = null
	ssl.keystore.key = null
	ssl.keystore.location = null
	ssl.keystore.password = null
	ssl.keystore.type = JKS
	ssl.protocol = TLSv1.3
	ssl.provider = null
	ssl.secure.random.implementation = null
	ssl.trustmanager.algorithm = PKIX
	ssl.truststore.certificates = null
	ssl.truststore.location = null
	ssl.truststore.password = null
	ssl.truststore.type = JKS
	transaction.timeout.ms = 60000
	transactional.id = null
	value.serializer = class io.apicurio.registry.serde.avro.AvroKafkaSerializer

2025-08-13 02:16:58,826 INFO  [org.apa.kaf.com.tel.int.KafkaMetricsCollector] (main) initializing Kafka metrics collector
2025-08-13 02:16:58,828 INFO  [org.apa.kaf.cli.pro.KafkaProducer] (main) [Producer clientId=Producer-topic-2c568c77_4f40_4fc3_aa33_d26d20c9f39a] Instantiated an idempotent producer.
2025-08-13 02:16:58,830 INFO  [org.apa.kaf.cli.pro.ProducerConfig] (main) These configurations '[apicurio.registry.find-latest, apicurio.registry.url, apicurio.registry.artifact-resolver-strategy]' were supplied but are not used yet.
2025-08-13 02:16:58,830 INFO  [org.apa.kaf.com.uti.AppInfoParser] (main) Kafka version: 3.9.1
2025-08-13 02:16:58,830 INFO  [org.apa.kaf.com.uti.AppInfoParser] (main) Kafka commitId: f745dfdcee2b9851
2025-08-13 02:16:58,830 INFO  [org.apa.kaf.com.uti.AppInfoParser] (main) Kafka startTimeMs: 1755051418830
2025-08-13 02:16:58,830 INFO  [io.api.tes.ser.api.SimpleSerdesTesterBuilder$SimpleSerdesTester] (main) Using producer configuration: {apicurio.registry.find-latest=true, apicurio.registry.url=http://registry-app-mysql.apps.ci419.apicurio-testing.org:80/apis/registry/v3, apicurio.registry.artifact-resolver-strategy=io.apicurio.registry.serde.avro.strategy.TopicRecordIdStrategy, value.serializer=io.apicurio.registry.serde.avro.AvroKafkaSerializer, request.timeout.ms=5000, acks=all, bootstrap.servers=PLAINTEXT://localhost:32769, connections.max.idle.ms=10000, key.serializer=org.apache.kafka.common.serialization.StringSerializer, client.id=Producer-topic-2c568c77_4f40_4fc3_aa33_d26d20c9f39a}
2025-08-13 02:16:58,830 INFO  [io.api.tes.ser.api.SimpleSerdesTesterBuilder$SimpleSerdesTester] (main) Using consumer configuration: {}
2025-08-13 02:16:58,832 INFO  [io.api.tes.ser.api.KafkaSerdesTester] (Thread-697) Sending message {"key11755051417757": "value-0"} to topic topic-2c568c77_4f40_4fc3_aa33_d26d20c9f39a
2025-08-13 02:16:58,835 INFO  [org.apa.kaf.cli.Metadata] (kafka-producer-network-thread | Producer-topic-2c568c77_4f40_4fc3_aa33_d26d20c9f39a) [Producer clientId=Producer-topic-2c568c77_4f40_4fc3_aa33_d26d20c9f39a] Cluster ID: rLHX8X_xRIO734wjNEuI8w
2025-08-13 02:16:58,836 INFO  [org.apa.kaf.cli.pro.int.TransactionManager] (kafka-producer-network-thread | Producer-topic-2c568c77_4f40_4fc3_aa33_d26d20c9f39a) [Producer clientId=Producer-topic-2c568c77_4f40_4fc3_aa33_d26d20c9f39a] ProducerId set to 18 with epoch 0
2025-08-13 02:16:58,898 INFO  [io.api.tes.ser.api.KafkaSerdesTester] (Thread-697) Sending message {"key11755051417757": "value-1"} to topic topic-2c568c77_4f40_4fc3_aa33_d26d20c9f39a
2025-08-13 02:16:58,899 INFO  [io.api.tes.ser.api.KafkaSerdesTester] (Thread-697) Sending message {"key11755051417757": "value-2"} to topic topic-2c568c77_4f40_4fc3_aa33_d26d20c9f39a
2025-08-13 02:16:58,901 INFO  [io.api.tes.ser.api.KafkaSerdesTester] (Thread-697) Sending message {"key11755051417757": "value-3"} to topic topic-2c568c77_4f40_4fc3_aa33_d26d20c9f39a
2025-08-13 02:16:58,903 INFO  [io.api.tes.ser.api.KafkaSerdesTester] (Thread-697) Sending message {"key11755051417757": "value-4"} to topic topic-2c568c77_4f40_4fc3_aa33_d26d20c9f39a
2025-08-13 02:16:58,905 INFO  [io.api.tes.ser.api.KafkaSerdesTester] (Thread-697) Sending message {"key11755051417757": "value-5"} to topic topic-2c568c77_4f40_4fc3_aa33_d26d20c9f39a
2025-08-13 02:16:58,906 INFO  [io.api.tes.ser.api.KafkaSerdesTester] (Thread-697) Sending message {"key11755051417757": "value-6"} to topic topic-2c568c77_4f40_4fc3_aa33_d26d20c9f39a
2025-08-13 02:16:58,907 INFO  [io.api.tes.ser.api.KafkaSerdesTester] (Thread-697) Sending message {"key11755051417757": "value-7"} to topic topic-2c568c77_4f40_4fc3_aa33_d26d20c9f39a
2025-08-13 02:16:58,909 INFO  [io.api.tes.ser.api.KafkaSerdesTester] (Thread-697) Sending message {"key11755051417757": "value-8"} to topic topic-2c568c77_4f40_4fc3_aa33_d26d20c9f39a
2025-08-13 02:16:58,910 INFO  [io.api.tes.ser.api.KafkaSerdesTester] (Thread-697) Sending message {"key11755051417757": "value-9"} to topic topic-2c568c77_4f40_4fc3_aa33_d26d20c9f39a
2025-08-13 02:16:58,911 INFO  [io.api.tes.ser.api.KafkaSerdesTester] (Thread-697) Produced 10 messages
2025-08-13 02:16:58,912 INFO  [org.apa.kaf.cli.pro.KafkaProducer] (Thread-697) [Producer clientId=Producer-topic-2c568c77_4f40_4fc3_aa33_d26d20c9f39a] Closing the Kafka producer with timeoutMillis = 9223372036854775807 ms.
2025-08-13 02:16:58,913 INFO  [org.apa.kaf.com.met.Metrics] (Thread-697) Metrics scheduler closed
2025-08-13 02:16:58,913 INFO  [org.apa.kaf.com.met.Metrics] (Thread-697) Closing reporter org.apache.kafka.common.metrics.JmxReporter
2025-08-13 02:16:58,913 INFO  [org.apa.kaf.com.met.Metrics] (Thread-697) Closing reporter org.apache.kafka.common.telemetry.internals.ClientTelemetryReporter
2025-08-13 02:16:58,913 INFO  [org.apa.kaf.com.met.Metrics] (Thread-697) Metrics reporters closed
2025-08-13 02:16:58,914 INFO  [org.apa.kaf.com.uti.AppInfoParser] (Thread-697) App info kafka.producer for Producer-topic-2c568c77_4f40_4fc3_aa33_d26d20c9f39a unregistered
**** Registry Base URL: http://registry-app-mysql.apps.ci419.apicurio-testing.org:80
2025-08-13 02:16:58,914 INFO  [org.apa.kaf.cli.con.ConsumerConfig] (main) ConsumerConfig values: 
	allow.auto.create.topics = true
	auto.commit.interval.ms = 500
	auto.include.jmx.reporter = true
	auto.offset.reset = earliest
	bootstrap.servers = [PLAINTEXT://localhost:32769]
	check.crcs = true
	client.dns.lookup = use_all_dns_ips
	client.id = consumer-Consumer-topic-2c568c77_4f40_4fc3_aa33_d26d20c9f39a-13
	client.rack = 
	connections.max.idle.ms = 10000
	default.api.timeout.ms = 60000
	enable.auto.commit = true
	enable.metrics.push = true
	exclude.internal.topics = true
	fetch.max.bytes = 52428800
	fetch.max.wait.ms = 500
	fetch.min.bytes = 1
	group.id = Consumer-topic-2c568c77_4f40_4fc3_aa33_d26d20c9f39a
	group.instance.id = null
	group.protocol = classic
	group.remote.assignor = null
	heartbeat.interval.ms = 3000
	interceptor.classes = []
	internal.leave.group.on.close = true
	internal.throw.on.fetch.stable.offset.unsupported = false
	isolation.level = read_uncommitted
	key.deserializer = class org.apache.kafka.common.serialization.StringDeserializer
	max.partition.fetch.bytes = 1048576
	max.poll.interval.ms = 300000
	max.poll.records = 500
	metadata.max.age.ms = 300000
	metadata.recovery.strategy = none
	metric.reporters = []
	metrics.num.samples = 2
	metrics.recording.level = INFO
	metrics.sample.window.ms = 30000
	partition.assignment.strategy = [class org.apache.kafka.clients.consumer.RangeAssignor, class org.apache.kafka.clients.consumer.CooperativeStickyAssignor]
	receive.buffer.bytes = 65536
	reconnect.backoff.max.ms = 1000
	reconnect.backoff.ms = 50
	request.timeout.ms = 5000
	retry.backoff.max.ms = 1000
	retry.backoff.ms = 100
	sasl.client.callback.handler.class = null
	sasl.jaas.config = null
	sasl.kerberos.kinit.cmd = /usr/bin/kinit
	sasl.kerberos.min.time.before.relogin = 60000
	sasl.kerberos.service.name = null
	sasl.kerberos.ticket.renew.jitter = 0.05
	sasl.kerberos.ticket.renew.window.factor = 0.8
	sasl.login.callback.handler.class = null
	sasl.login.class = null
	sasl.login.connect.timeout.ms = null
	sasl.login.read.timeout.ms = null
	sasl.login.refresh.buffer.seconds = 300
	sasl.login.refresh.min.period.seconds = 60
	sasl.login.refresh.window.factor = 0.8
	sasl.login.refresh.window.jitter = 0.05
	sasl.login.retry.backoff.max.ms = 10000
	sasl.login.retry.backoff.ms = 100
	sasl.mechanism = GSSAPI
	sasl.oauthbearer.clock.skew.seconds = 30
	sasl.oauthbearer.expected.audience = null
	sasl.oauthbearer.expected.issuer = null
	sasl.oauthbearer.header.urlencode = false
	sasl.oauthbearer.jwks.endpoint.refresh.ms = 3600000
	sasl.oauthbearer.jwks.endpoint.retry.backoff.max.ms = 10000
	sasl.oauthbearer.jwks.endpoint.retry.backoff.ms = 100
	sasl.oauthbearer.jwks.endpoint.url = null
	sasl.oauthbearer.scope.claim.name = scope
	sasl.oauthbearer.sub.claim.name = sub
	sasl.oauthbearer.token.endpoint.url = null
	security.protocol = PLAINTEXT
	security.providers = null
	send.buffer.bytes = 131072
	session.timeout.ms = 45000
	socket.connection.setup.timeout.max.ms = 30000
	socket.connection.setup.timeout.ms = 10000
	ssl.cipher.suites = null
	ssl.enabled.protocols = [TLSv1.2, TLSv1.3]
	ssl.endpoint.identification.algorithm = https
	ssl.engine.factory.class = null
	ssl.key.password = null
	ssl.keymanager.algorithm = SunX509
	ssl.keystore.certificate.chain = null
	ssl.keystore.key = null
	ssl.keystore.location = null
	ssl.keystore.password = null
	ssl.keystore.type = JKS
	ssl.protocol = TLSv1.3
	ssl.provider = null
	ssl.secure.random.implementation = null
	ssl.trustmanager.algorithm = PKIX
	ssl.truststore.certificates = null
	ssl.truststore.location = null
	ssl.truststore.password = null
	ssl.truststore.type = JKS
	value.deserializer = class io.apicurio.registry.serde.avro.AvroKafkaDeserializer

2025-08-13 02:16:58,914 INFO  [org.apa.kaf.com.tel.int.KafkaMetricsCollector] (main) initializing Kafka metrics collector
2025-08-13 02:16:58,919 INFO  [org.apa.kaf.cli.con.ConsumerConfig] (main) These configurations '[apicurio.registry.url]' were supplied but are not used yet.
2025-08-13 02:16:58,919 INFO  [org.apa.kaf.com.uti.AppInfoParser] (main) Kafka version: 3.9.1
2025-08-13 02:16:58,919 INFO  [org.apa.kaf.com.uti.AppInfoParser] (main) Kafka commitId: f745dfdcee2b9851
2025-08-13 02:16:58,919 INFO  [org.apa.kaf.com.uti.AppInfoParser] (main) Kafka startTimeMs: 1755051418919
2025-08-13 02:16:58,920 INFO  [org.apa.kaf.cli.con.int.ClassicKafkaConsumer] (Thread-700) [Consumer clientId=consumer-Consumer-topic-2c568c77_4f40_4fc3_aa33_d26d20c9f39a-13, groupId=Consumer-topic-2c568c77_4f40_4fc3_aa33_d26d20c9f39a] Subscribed to topic(s): topic-2c568c77_4f40_4fc3_aa33_d26d20c9f39a
2025-08-13 02:16:58,923 INFO  [org.apa.kaf.cli.Metadata] (Thread-700) [Consumer clientId=consumer-Consumer-topic-2c568c77_4f40_4fc3_aa33_d26d20c9f39a-13, groupId=Consumer-topic-2c568c77_4f40_4fc3_aa33_d26d20c9f39a] Cluster ID: rLHX8X_xRIO734wjNEuI8w
2025-08-13 02:16:58,924 INFO  [org.apa.kaf.cli.con.int.ConsumerCoordinator] (Thread-700) [Consumer clientId=consumer-Consumer-topic-2c568c77_4f40_4fc3_aa33_d26d20c9f39a-13, groupId=Consumer-topic-2c568c77_4f40_4fc3_aa33_d26d20c9f39a] Discovered group coordinator localhost:32769 (id: 2147483647 rack: null)
2025-08-13 02:16:58,926 INFO  [org.apa.kaf.cli.con.int.ConsumerCoordinator] (Thread-700) [Consumer clientId=consumer-Consumer-topic-2c568c77_4f40_4fc3_aa33_d26d20c9f39a-13, groupId=Consumer-topic-2c568c77_4f40_4fc3_aa33_d26d20c9f39a] (Re-)joining group
2025-08-13 02:16:58,929 INFO  [org.apa.kaf.cli.con.int.ConsumerCoordinator] (Thread-700) [Consumer clientId=consumer-Consumer-topic-2c568c77_4f40_4fc3_aa33_d26d20c9f39a-13, groupId=Consumer-topic-2c568c77_4f40_4fc3_aa33_d26d20c9f39a] Request joining group due to: need to re-join with the given member-id: consumer-Consumer-topic-2c568c77_4f40_4fc3_aa33_d26d20c9f39a-13-ac0fb721-0321-4c01-a229-544748e064cb
2025-08-13 02:16:58,929 INFO  [org.apa.kaf.cli.con.int.ConsumerCoordinator] (Thread-700) [Consumer clientId=consumer-Consumer-topic-2c568c77_4f40_4fc3_aa33_d26d20c9f39a-13, groupId=Consumer-topic-2c568c77_4f40_4fc3_aa33_d26d20c9f39a] (Re-)joining group
2025-08-13 02:16:59,920 INFO  [io.api.tes.ser.api.KafkaSerdesTester] (Thread-700) None found
2025-08-13 02:17:00,920 INFO  [io.api.tes.ser.api.KafkaSerdesTester] (Thread-700) None found
2025-08-13 02:17:01,920 INFO  [io.api.tes.ser.api.KafkaSerdesTester] (Thread-700) None found
2025-08-13 02:17:01,930 INFO  [org.apa.kaf.cli.con.int.ConsumerCoordinator] (Thread-700) [Consumer clientId=consumer-Consumer-topic-2c568c77_4f40_4fc3_aa33_d26d20c9f39a-13, groupId=Consumer-topic-2c568c77_4f40_4fc3_aa33_d26d20c9f39a] Successfully joined group with generation Generation{generationId=1, memberId='consumer-Consumer-topic-2c568c77_4f40_4fc3_aa33_d26d20c9f39a-13-ac0fb721-0321-4c01-a229-544748e064cb', protocol='range'}
2025-08-13 02:17:01,930 INFO  [org.apa.kaf.cli.con.int.ConsumerCoordinator] (Thread-700) [Consumer clientId=consumer-Consumer-topic-2c568c77_4f40_4fc3_aa33_d26d20c9f39a-13, groupId=Consumer-topic-2c568c77_4f40_4fc3_aa33_d26d20c9f39a] Finished assignment for group at generation 1: {consumer-Consumer-topic-2c568c77_4f40_4fc3_aa33_d26d20c9f39a-13-ac0fb721-0321-4c01-a229-544748e064cb=Assignment(partitions=[topic-2c568c77_4f40_4fc3_aa33_d26d20c9f39a-0])}
2025-08-13 02:17:01,937 INFO  [org.apa.kaf.cli.con.int.ConsumerCoordinator] (Thread-700) [Consumer clientId=consumer-Consumer-topic-2c568c77_4f40_4fc3_aa33_d26d20c9f39a-13, groupId=Consumer-topic-2c568c77_4f40_4fc3_aa33_d26d20c9f39a] Successfully synced group in generation Generation{generationId=1, memberId='consumer-Consumer-topic-2c568c77_4f40_4fc3_aa33_d26d20c9f39a-13-ac0fb721-0321-4c01-a229-544748e064cb', protocol='range'}
2025-08-13 02:17:01,937 INFO  [org.apa.kaf.cli.con.int.ConsumerCoordinator] (Thread-700) [Consumer clientId=consumer-Consumer-topic-2c568c77_4f40_4fc3_aa33_d26d20c9f39a-13, groupId=Consumer-topic-2c568c77_4f40_4fc3_aa33_d26d20c9f39a] Notifying assignor about the new Assignment(partitions=[topic-2c568c77_4f40_4fc3_aa33_d26d20c9f39a-0])
2025-08-13 02:17:01,937 INFO  [org.apa.kaf.cli.con.int.ConsumerRebalanceListenerInvoker] (Thread-700) [Consumer clientId=consumer-Consumer-topic-2c568c77_4f40_4fc3_aa33_d26d20c9f39a-13, groupId=Consumer-topic-2c568c77_4f40_4fc3_aa33_d26d20c9f39a] Adding newly assigned partitions: topic-2c568c77_4f40_4fc3_aa33_d26d20c9f39a-0
2025-08-13 02:17:01,938 INFO  [org.apa.kaf.cli.con.int.ConsumerCoordinator] (Thread-700) [Consumer clientId=consumer-Consumer-topic-2c568c77_4f40_4fc3_aa33_d26d20c9f39a-13, groupId=Consumer-topic-2c568c77_4f40_4fc3_aa33_d26d20c9f39a] Found no committed offset for partition topic-2c568c77_4f40_4fc3_aa33_d26d20c9f39a-0
2025-08-13 02:17:01,941 INFO  [org.apa.kaf.cli.con.int.SubscriptionState] (Thread-700) [Consumer clientId=consumer-Consumer-topic-2c568c77_4f40_4fc3_aa33_d26d20c9f39a-13, groupId=Consumer-topic-2c568c77_4f40_4fc3_aa33_d26d20c9f39a] Resetting offset for partition topic-2c568c77_4f40_4fc3_aa33_d26d20c9f39a-0 to position FetchPosition{offset=0, offsetEpoch=Optional.empty, currentLeader=LeaderAndEpoch{leader=Optional[localhost:32769 (id: 0 rack: null)], epoch=0}}.
2025-08-13 02:17:01,993 INFO  [io.api.tes.ser.api.KafkaSerdesTester] (Thread-700) topic-2c568c77_4f40_4fc3_aa33_d26d20c9f39a 0 0 {"key11755051417757": "value-0"}
2025-08-13 02:17:01,993 INFO  [io.api.tes.ser.api.KafkaSerdesTester] (Thread-700) topic-2c568c77_4f40_4fc3_aa33_d26d20c9f39a 0 1 {"key11755051417757": "value-1"}
2025-08-13 02:17:01,993 INFO  [io.api.tes.ser.api.KafkaSerdesTester] (Thread-700) topic-2c568c77_4f40_4fc3_aa33_d26d20c9f39a 0 2 {"key11755051417757": "value-2"}
2025-08-13 02:17:01,994 INFO  [io.api.tes.ser.api.KafkaSerdesTester] (Thread-700) topic-2c568c77_4f40_4fc3_aa33_d26d20c9f39a 0 3 {"key11755051417757": "value-3"}
2025-08-13 02:17:01,994 INFO  [io.api.tes.ser.api.KafkaSerdesTester] (Thread-700) topic-2c568c77_4f40_4fc3_aa33_d26d20c9f39a 0 4 {"key11755051417757": "value-4"}
2025-08-13 02:17:01,994 INFO  [io.api.tes.ser.api.KafkaSerdesTester] (Thread-700) topic-2c568c77_4f40_4fc3_aa33_d26d20c9f39a 0 5 {"key11755051417757": "value-5"}
2025-08-13 02:17:01,994 INFO  [io.api.tes.ser.api.KafkaSerdesTester] (Thread-700) topic-2c568c77_4f40_4fc3_aa33_d26d20c9f39a 0 6 {"key11755051417757": "value-6"}
2025-08-13 02:17:01,994 INFO  [io.api.tes.ser.api.KafkaSerdesTester] (Thread-700) topic-2c568c77_4f40_4fc3_aa33_d26d20c9f39a 0 7 {"key11755051417757": "value-7"}
2025-08-13 02:17:01,994 INFO  [io.api.tes.ser.api.KafkaSerdesTester] (Thread-700) topic-2c568c77_4f40_4fc3_aa33_d26d20c9f39a 0 8 {"key11755051417757": "value-8"}
2025-08-13 02:17:01,994 INFO  [io.api.tes.ser.api.KafkaSerdesTester] (Thread-700) topic-2c568c77_4f40_4fc3_aa33_d26d20c9f39a 0 9 {"key11755051417757": "value-9"}
2025-08-13 02:17:01,994 INFO  [io.api.tes.ser.api.KafkaSerdesTester] (Thread-700) Consumed 10 messages
2025-08-13 02:17:02,001 INFO  [org.apa.kaf.cli.con.int.ConsumerRebalanceListenerInvoker] (Thread-700) [Consumer clientId=consumer-Consumer-topic-2c568c77_4f40_4fc3_aa33_d26d20c9f39a-13, groupId=Consumer-topic-2c568c77_4f40_4fc3_aa33_d26d20c9f39a] Revoke previously assigned partitions topic-2c568c77_4f40_4fc3_aa33_d26d20c9f39a-0
2025-08-13 02:17:02,001 INFO  [org.apa.kaf.cli.con.int.ConsumerCoordinator] (Thread-700) [Consumer clientId=consumer-Consumer-topic-2c568c77_4f40_4fc3_aa33_d26d20c9f39a-13, groupId=Consumer-topic-2c568c77_4f40_4fc3_aa33_d26d20c9f39a] Member consumer-Consumer-topic-2c568c77_4f40_4fc3_aa33_d26d20c9f39a-13-ac0fb721-0321-4c01-a229-544748e064cb sending LeaveGroup request to coordinator localhost:32769 (id: 2147483647 rack: null) due to the consumer is being closed
2025-08-13 02:17:02,001 INFO  [org.apa.kaf.cli.con.int.ConsumerCoordinator] (Thread-700) [Consumer clientId=consumer-Consumer-topic-2c568c77_4f40_4fc3_aa33_d26d20c9f39a-13, groupId=Consumer-topic-2c568c77_4f40_4fc3_aa33_d26d20c9f39a] Resetting generation and member id due to: consumer pro-actively leaving the group
2025-08-13 02:17:02,001 INFO  [org.apa.kaf.cli.con.int.ConsumerCoordinator] (Thread-700) [Consumer clientId=consumer-Consumer-topic-2c568c77_4f40_4fc3_aa33_d26d20c9f39a-13, groupId=Consumer-topic-2c568c77_4f40_4fc3_aa33_d26d20c9f39a] Request joining group due to: consumer pro-actively leaving the group
2025-08-13 02:17:02,496 INFO  [org.apa.kaf.com.met.Metrics] (Thread-700) Metrics scheduler closed
2025-08-13 02:17:02,496 INFO  [org.apa.kaf.com.met.Metrics] (Thread-700) Closing reporter org.apache.kafka.common.metrics.JmxReporter
2025-08-13 02:17:02,497 INFO  [org.apa.kaf.com.met.Metrics] (Thread-700) Closing reporter org.apache.kafka.common.telemetry.internals.ClientTelemetryReporter
2025-08-13 02:17:02,497 INFO  [org.apa.kaf.com.met.Metrics] (Thread-700) Metrics reporters closed
2025-08-13 02:17:02,502 INFO  [org.apa.kaf.com.uti.AppInfoParser] (Thread-700) App info kafka.consumer for consumer-Consumer-topic-2c568c77_4f40_4fc3_aa33_d26d20c9f39a-13 unregistered
2025-08-13 02:17:02,502 INFO  [io.api.tes.uti.TestSeparator] (main) io.apicurio.tests.serdes.apicurio.AvroSerdeIT.testTopicRecordIdStrategydFindLatest-FINISHED
2025-08-13 02:17:02,502 INFO  [io.api.tes.uti.TestSeparator] (main) ############################################################################
Test passed: testTopicRecordIdStrategydFindLatest
]]></system-out>
  </testcase>
  <testcase name="testAvroConfluentForMultipleTopics" classname="io.apicurio.tests.serdes.apicurio.AvroSerdeIT" time="11.968">
    <system-out><![CDATA[2025-08-13 02:17:02,505 INFO  [io.api.tes.uti.TestSeparator] (main) ############################################################################
2025-08-13 02:17:02,505 INFO  [io.api.tes.uti.TestSeparator] (main) io.apicurio.tests.serdes.apicurio.AvroSerdeIT.testAvroConfluentForMultipleTopics-STARTED
2025-08-13 02:17:02,506 INFO  [io.api.tes.ser.api.AvroSerdeIT] (main) Registering Avro Schema: {"type":"record","name":"myrecordconfluent","fields":[{"name":"key11755051422505","type":"string"}]}
**** Registry Base URL: http://registry-app-mysql.apps.ci419.apicurio-testing.org:80
2025-08-13 02:17:03,560 INFO  [org.apa.kaf.cli.pro.ProducerConfig] (main) ProducerConfig values: 
	acks = -1
	auto.include.jmx.reporter = true
	batch.size = 16384
	bootstrap.servers = [PLAINTEXT://localhost:32769]
	buffer.memory = 33554432
	client.dns.lookup = use_all_dns_ips
	client.id = Producer-topic-cabc180a_5f8f_4eb9_a917_0d65090c66d3
	compression.gzip.level = -1
	compression.lz4.level = 9
	compression.type = none
	compression.zstd.level = 3
	connections.max.idle.ms = 10000
	delivery.timeout.ms = 120000
	enable.idempotence = true
	enable.metrics.push = true
	interceptor.classes = []
	key.serializer = class org.apache.kafka.common.serialization.StringSerializer
	linger.ms = 0
	max.block.ms = 60000
	max.in.flight.requests.per.connection = 5
	max.request.size = 1048576
	metadata.max.age.ms = 300000
	metadata.max.idle.ms = 300000
	metadata.recovery.strategy = none
	metric.reporters = []
	metrics.num.samples = 2
	metrics.recording.level = INFO
	metrics.sample.window.ms = 30000
	partitioner.adaptive.partitioning.enable = true
	partitioner.availability.timeout.ms = 0
	partitioner.class = null
	partitioner.ignore.keys = false
	receive.buffer.bytes = 32768
	reconnect.backoff.max.ms = 1000
	reconnect.backoff.ms = 50
	request.timeout.ms = 5000
	retries = 2147483647
	retry.backoff.max.ms = 1000
	retry.backoff.ms = 100
	sasl.client.callback.handler.class = null
	sasl.jaas.config = null
	sasl.kerberos.kinit.cmd = /usr/bin/kinit
	sasl.kerberos.min.time.before.relogin = 60000
	sasl.kerberos.service.name = null
	sasl.kerberos.ticket.renew.jitter = 0.05
	sasl.kerberos.ticket.renew.window.factor = 0.8
	sasl.login.callback.handler.class = null
	sasl.login.class = null
	sasl.login.connect.timeout.ms = null
	sasl.login.read.timeout.ms = null
	sasl.login.refresh.buffer.seconds = 300
	sasl.login.refresh.min.period.seconds = 60
	sasl.login.refresh.window.factor = 0.8
	sasl.login.refresh.window.jitter = 0.05
	sasl.login.retry.backoff.max.ms = 10000
	sasl.login.retry.backoff.ms = 100
	sasl.mechanism = GSSAPI
	sasl.oauthbearer.clock.skew.seconds = 30
	sasl.oauthbearer.expected.audience = null
	sasl.oauthbearer.expected.issuer = null
	sasl.oauthbearer.header.urlencode = false
	sasl.oauthbearer.jwks.endpoint.refresh.ms = 3600000
	sasl.oauthbearer.jwks.endpoint.retry.backoff.max.ms = 10000
	sasl.oauthbearer.jwks.endpoint.retry.backoff.ms = 100
	sasl.oauthbearer.jwks.endpoint.url = null
	sasl.oauthbearer.scope.claim.name = scope
	sasl.oauthbearer.sub.claim.name = sub
	sasl.oauthbearer.token.endpoint.url = null
	security.protocol = PLAINTEXT
	security.providers = null
	send.buffer.bytes = 131072
	socket.connection.setup.timeout.max.ms = 30000
	socket.connection.setup.timeout.ms = 10000
	ssl.cipher.suites = null
	ssl.enabled.protocols = [TLSv1.2, TLSv1.3]
	ssl.endpoint.identification.algorithm = https
	ssl.engine.factory.class = null
	ssl.key.password = null
	ssl.keymanager.algorithm = SunX509
	ssl.keystore.certificate.chain = null
	ssl.keystore.key = null
	ssl.keystore.location = null
	ssl.keystore.password = null
	ssl.keystore.type = JKS
	ssl.protocol = TLSv1.3
	ssl.provider = null
	ssl.secure.random.implementation = null
	ssl.trustmanager.algorithm = PKIX
	ssl.truststore.certificates = null
	ssl.truststore.location = null
	ssl.truststore.password = null
	ssl.truststore.type = JKS
	transaction.timeout.ms = 60000
	transactional.id = null
	value.serializer = class io.apicurio.registry.serde.avro.AvroKafkaSerializer

2025-08-13 02:17:03,560 INFO  [org.apa.kaf.com.tel.int.KafkaMetricsCollector] (main) initializing Kafka metrics collector
2025-08-13 02:17:03,563 INFO  [org.apa.kaf.cli.pro.KafkaProducer] (main) [Producer clientId=Producer-topic-cabc180a_5f8f_4eb9_a917_0d65090c66d3] Instantiated an idempotent producer.
2025-08-13 02:17:03,565 INFO  [org.apa.kaf.cli.pro.ProducerConfig] (main) These configurations '[apicurio.registry.url, apicurio.registry.artifact-resolver-strategy]' were supplied but are not used yet.
2025-08-13 02:17:03,565 INFO  [org.apa.kaf.com.uti.AppInfoParser] (main) Kafka version: 3.9.1
2025-08-13 02:17:03,565 INFO  [org.apa.kaf.com.uti.AppInfoParser] (main) Kafka commitId: f745dfdcee2b9851
2025-08-13 02:17:03,565 INFO  [org.apa.kaf.com.uti.AppInfoParser] (main) Kafka startTimeMs: 1755051423565
**** Registry Base URL: http://registry-app-mysql.apps.ci419.apicurio-testing.org:80
2025-08-13 02:17:03,565 INFO  [org.apa.kaf.cli.pro.ProducerConfig] (main) ProducerConfig values: 
	acks = -1
	auto.include.jmx.reporter = true
	batch.size = 16384
	bootstrap.servers = [PLAINTEXT://localhost:32769]
	buffer.memory = 33554432
	client.dns.lookup = use_all_dns_ips
	client.id = Producer-topic-098f963e_ea98_4090_8851_926ea81bb9e0
	compression.gzip.level = -1
	compression.lz4.level = 9
	compression.type = none
	compression.zstd.level = 3
	connections.max.idle.ms = 10000
	delivery.timeout.ms = 120000
	enable.idempotence = true
	enable.metrics.push = true
	interceptor.classes = []
	key.serializer = class org.apache.kafka.common.serialization.StringSerializer
	linger.ms = 0
	max.block.ms = 60000
	max.in.flight.requests.per.connection = 5
	max.request.size = 1048576
	metadata.max.age.ms = 300000
	metadata.max.idle.ms = 300000
	metadata.recovery.strategy = none
	metric.reporters = []
	metrics.num.samples = 2
	metrics.recording.level = INFO
	metrics.sample.window.ms = 30000
	partitioner.adaptive.partitioning.enable = true
	partitioner.availability.timeout.ms = 0
	partitioner.class = null
	partitioner.ignore.keys = false
	receive.buffer.bytes = 32768
	reconnect.backoff.max.ms = 1000
	reconnect.backoff.ms = 50
	request.timeout.ms = 5000
	retries = 2147483647
	retry.backoff.max.ms = 1000
	retry.backoff.ms = 100
	sasl.client.callback.handler.class = null
	sasl.jaas.config = null
	sasl.kerberos.kinit.cmd = /usr/bin/kinit
	sasl.kerberos.min.time.before.relogin = 60000
	sasl.kerberos.service.name = null
	sasl.kerberos.ticket.renew.jitter = 0.05
	sasl.kerberos.ticket.renew.window.factor = 0.8
	sasl.login.callback.handler.class = null
	sasl.login.class = null
	sasl.login.connect.timeout.ms = null
	sasl.login.read.timeout.ms = null
	sasl.login.refresh.buffer.seconds = 300
	sasl.login.refresh.min.period.seconds = 60
	sasl.login.refresh.window.factor = 0.8
	sasl.login.refresh.window.jitter = 0.05
	sasl.login.retry.backoff.max.ms = 10000
	sasl.login.retry.backoff.ms = 100
	sasl.mechanism = GSSAPI
	sasl.oauthbearer.clock.skew.seconds = 30
	sasl.oauthbearer.expected.audience = null
	sasl.oauthbearer.expected.issuer = null
	sasl.oauthbearer.header.urlencode = false
	sasl.oauthbearer.jwks.endpoint.refresh.ms = 3600000
	sasl.oauthbearer.jwks.endpoint.retry.backoff.max.ms = 10000
	sasl.oauthbearer.jwks.endpoint.retry.backoff.ms = 100
	sasl.oauthbearer.jwks.endpoint.url = null
	sasl.oauthbearer.scope.claim.name = scope
	sasl.oauthbearer.sub.claim.name = sub
	sasl.oauthbearer.token.endpoint.url = null
	security.protocol = PLAINTEXT
	security.providers = null
	send.buffer.bytes = 131072
	socket.connection.setup.timeout.max.ms = 30000
	socket.connection.setup.timeout.ms = 10000
	ssl.cipher.suites = null
	ssl.enabled.protocols = [TLSv1.2, TLSv1.3]
	ssl.endpoint.identification.algorithm = https
	ssl.engine.factory.class = null
	ssl.key.password = null
	ssl.keymanager.algorithm = SunX509
	ssl.keystore.certificate.chain = null
	ssl.keystore.key = null
	ssl.keystore.location = null
	ssl.keystore.password = null
	ssl.keystore.type = JKS
	ssl.protocol = TLSv1.3
	ssl.provider = null
	ssl.secure.random.implementation = null
	ssl.trustmanager.algorithm = PKIX
	ssl.truststore.certificates = null
	ssl.truststore.location = null
	ssl.truststore.password = null
	ssl.truststore.type = JKS
	transaction.timeout.ms = 60000
	transactional.id = null
	value.serializer = class io.apicurio.registry.serde.avro.AvroKafkaSerializer

2025-08-13 02:17:03,566 INFO  [org.apa.kaf.com.tel.int.KafkaMetricsCollector] (main) initializing Kafka metrics collector
2025-08-13 02:17:03,570 INFO  [org.apa.kaf.cli.Metadata] (kafka-producer-network-thread | Producer-topic-cabc180a_5f8f_4eb9_a917_0d65090c66d3) [Producer clientId=Producer-topic-cabc180a_5f8f_4eb9_a917_0d65090c66d3] Cluster ID: rLHX8X_xRIO734wjNEuI8w
2025-08-13 02:17:03,570 INFO  [org.apa.kaf.cli.pro.int.TransactionManager] (kafka-producer-network-thread | Producer-topic-cabc180a_5f8f_4eb9_a917_0d65090c66d3) [Producer clientId=Producer-topic-cabc180a_5f8f_4eb9_a917_0d65090c66d3] ProducerId set to 19 with epoch 0
2025-08-13 02:17:03,571 INFO  [org.apa.kaf.cli.pro.KafkaProducer] (main) [Producer clientId=Producer-topic-098f963e_ea98_4090_8851_926ea81bb9e0] Instantiated an idempotent producer.
2025-08-13 02:17:03,572 INFO  [org.apa.kaf.cli.pro.ProducerConfig] (main) These configurations '[apicurio.registry.url, apicurio.registry.artifact-resolver-strategy]' were supplied but are not used yet.
2025-08-13 02:17:03,572 INFO  [org.apa.kaf.com.uti.AppInfoParser] (main) Kafka version: 3.9.1
2025-08-13 02:17:03,572 INFO  [org.apa.kaf.com.uti.AppInfoParser] (main) Kafka commitId: f745dfdcee2b9851
2025-08-13 02:17:03,572 INFO  [org.apa.kaf.com.uti.AppInfoParser] (main) Kafka startTimeMs: 1755051423572
**** Registry Base URL: http://registry-app-mysql.apps.ci419.apicurio-testing.org:80
2025-08-13 02:17:03,574 INFO  [org.apa.kaf.cli.pro.ProducerConfig] (main) ProducerConfig values: 
	acks = -1
	auto.include.jmx.reporter = true
	batch.size = 16384
	bootstrap.servers = [PLAINTEXT://localhost:32769]
	buffer.memory = 33554432
	client.dns.lookup = use_all_dns_ips
	client.id = Producer-topic-35fa07c8_15cf_4979_a9c1_00a55fbdf50c
	compression.gzip.level = -1
	compression.lz4.level = 9
	compression.type = none
	compression.zstd.level = 3
	connections.max.idle.ms = 10000
	delivery.timeout.ms = 120000
	enable.idempotence = true
	enable.metrics.push = true
	interceptor.classes = []
	key.serializer = class org.apache.kafka.common.serialization.StringSerializer
	linger.ms = 0
	max.block.ms = 60000
	max.in.flight.requests.per.connection = 5
	max.request.size = 1048576
	metadata.max.age.ms = 300000
	metadata.max.idle.ms = 300000
	metadata.recovery.strategy = none
	metric.reporters = []
	metrics.num.samples = 2
	metrics.recording.level = INFO
	metrics.sample.window.ms = 30000
	partitioner.adaptive.partitioning.enable = true
	partitioner.availability.timeout.ms = 0
	partitioner.class = null
	partitioner.ignore.keys = false
	receive.buffer.bytes = 32768
	reconnect.backoff.max.ms = 1000
	reconnect.backoff.ms = 50
	request.timeout.ms = 5000
	retries = 2147483647
	retry.backoff.max.ms = 1000
	retry.backoff.ms = 100
	sasl.client.callback.handler.class = null
	sasl.jaas.config = null
	sasl.kerberos.kinit.cmd = /usr/bin/kinit
	sasl.kerberos.min.time.before.relogin = 60000
	sasl.kerberos.service.name = null
	sasl.kerberos.ticket.renew.jitter = 0.05
	sasl.kerberos.ticket.renew.window.factor = 0.8
	sasl.login.callback.handler.class = null
	sasl.login.class = null
	sasl.login.connect.timeout.ms = null
	sasl.login.read.timeout.ms = null
	sasl.login.refresh.buffer.seconds = 300
	sasl.login.refresh.min.period.seconds = 60
	sasl.login.refresh.window.factor = 0.8
	sasl.login.refresh.window.jitter = 0.05
	sasl.login.retry.backoff.max.ms = 10000
	sasl.login.retry.backoff.ms = 100
	sasl.mechanism = GSSAPI
	sasl.oauthbearer.clock.skew.seconds = 30
	sasl.oauthbearer.expected.audience = null
	sasl.oauthbearer.expected.issuer = null
	sasl.oauthbearer.header.urlencode = false
	sasl.oauthbearer.jwks.endpoint.refresh.ms = 3600000
	sasl.oauthbearer.jwks.endpoint.retry.backoff.max.ms = 10000
	sasl.oauthbearer.jwks.endpoint.retry.backoff.ms = 100
	sasl.oauthbearer.jwks.endpoint.url = null
	sasl.oauthbearer.scope.claim.name = scope
	sasl.oauthbearer.sub.claim.name = sub
	sasl.oauthbearer.token.endpoint.url = null
	security.protocol = PLAINTEXT
	security.providers = null
	send.buffer.bytes = 131072
	socket.connection.setup.timeout.max.ms = 30000
	socket.connection.setup.timeout.ms = 10000
	ssl.cipher.suites = null
	ssl.enabled.protocols = [TLSv1.2, TLSv1.3]
	ssl.endpoint.identification.algorithm = https
	ssl.engine.factory.class = null
	ssl.key.password = null
	ssl.keymanager.algorithm = SunX509
	ssl.keystore.certificate.chain = null
	ssl.keystore.key = null
	ssl.keystore.location = null
	ssl.keystore.password = null
	ssl.keystore.type = JKS
	ssl.protocol = TLSv1.3
	ssl.provider = null
	ssl.secure.random.implementation = null
	ssl.trustmanager.algorithm = PKIX
	ssl.truststore.certificates = null
	ssl.truststore.location = null
	ssl.truststore.password = null
	ssl.truststore.type = JKS
	transaction.timeout.ms = 60000
	transactional.id = null
	value.serializer = class io.apicurio.registry.serde.avro.AvroKafkaSerializer

2025-08-13 02:17:03,574 INFO  [org.apa.kaf.com.tel.int.KafkaMetricsCollector] (main) initializing Kafka metrics collector
2025-08-13 02:17:03,577 INFO  [org.apa.kaf.cli.Metadata] (kafka-producer-network-thread | Producer-topic-098f963e_ea98_4090_8851_926ea81bb9e0) [Producer clientId=Producer-topic-098f963e_ea98_4090_8851_926ea81bb9e0] Cluster ID: rLHX8X_xRIO734wjNEuI8w
2025-08-13 02:17:03,577 INFO  [org.apa.kaf.cli.pro.int.TransactionManager] (kafka-producer-network-thread | Producer-topic-098f963e_ea98_4090_8851_926ea81bb9e0) [Producer clientId=Producer-topic-098f963e_ea98_4090_8851_926ea81bb9e0] ProducerId set to 20 with epoch 0
2025-08-13 02:17:03,584 INFO  [org.apa.kaf.cli.pro.KafkaProducer] (main) [Producer clientId=Producer-topic-35fa07c8_15cf_4979_a9c1_00a55fbdf50c] Instantiated an idempotent producer.
2025-08-13 02:17:03,587 INFO  [org.apa.kaf.cli.pro.ProducerConfig] (main) These configurations '[apicurio.registry.url, apicurio.registry.artifact-resolver-strategy]' were supplied but are not used yet.
2025-08-13 02:17:03,587 INFO  [org.apa.kaf.com.uti.AppInfoParser] (main) Kafka version: 3.9.1
2025-08-13 02:17:03,587 INFO  [org.apa.kaf.com.uti.AppInfoParser] (main) Kafka commitId: f745dfdcee2b9851
2025-08-13 02:17:03,587 INFO  [org.apa.kaf.com.uti.AppInfoParser] (main) Kafka startTimeMs: 1755051423587
**** Registry Base URL: http://registry-app-mysql.apps.ci419.apicurio-testing.org:80
2025-08-13 02:17:03,587 INFO  [org.apa.kaf.cli.con.ConsumerConfig] (main) ConsumerConfig values: 
	allow.auto.create.topics = true
	auto.commit.interval.ms = 500
	auto.include.jmx.reporter = true
	auto.offset.reset = earliest
	bootstrap.servers = [PLAINTEXT://localhost:32769]
	check.crcs = true
	client.dns.lookup = use_all_dns_ips
	client.id = consumer-Consumer-topic-cabc180a_5f8f_4eb9_a917_0d65090c66d3-14
	client.rack = 
	connections.max.idle.ms = 10000
	default.api.timeout.ms = 60000
	enable.auto.commit = true
	enable.metrics.push = true
	exclude.internal.topics = true
	fetch.max.bytes = 52428800
	fetch.max.wait.ms = 500
	fetch.min.bytes = 1
	group.id = Consumer-topic-cabc180a_5f8f_4eb9_a917_0d65090c66d3
	group.instance.id = null
	group.protocol = classic
	group.remote.assignor = null
	heartbeat.interval.ms = 3000
	interceptor.classes = []
	internal.leave.group.on.close = true
	internal.throw.on.fetch.stable.offset.unsupported = false
	isolation.level = read_uncommitted
	key.deserializer = class org.apache.kafka.common.serialization.StringDeserializer
	max.partition.fetch.bytes = 1048576
	max.poll.interval.ms = 300000
	max.poll.records = 500
	metadata.max.age.ms = 300000
	metadata.recovery.strategy = none
	metric.reporters = []
	metrics.num.samples = 2
	metrics.recording.level = INFO
	metrics.sample.window.ms = 30000
	partition.assignment.strategy = [class org.apache.kafka.clients.consumer.RangeAssignor, class org.apache.kafka.clients.consumer.CooperativeStickyAssignor]
	receive.buffer.bytes = 65536
	reconnect.backoff.max.ms = 1000
	reconnect.backoff.ms = 50
	request.timeout.ms = 5000
	retry.backoff.max.ms = 1000
	retry.backoff.ms = 100
	sasl.client.callback.handler.class = null
	sasl.jaas.config = null
	sasl.kerberos.kinit.cmd = /usr/bin/kinit
	sasl.kerberos.min.time.before.relogin = 60000
	sasl.kerberos.service.name = null
	sasl.kerberos.ticket.renew.jitter = 0.05
	sasl.kerberos.ticket.renew.window.factor = 0.8
	sasl.login.callback.handler.class = null
	sasl.login.class = null
	sasl.login.connect.timeout.ms = null
	sasl.login.read.timeout.ms = null
	sasl.login.refresh.buffer.seconds = 300
	sasl.login.refresh.min.period.seconds = 60
	sasl.login.refresh.window.factor = 0.8
	sasl.login.refresh.window.jitter = 0.05
	sasl.login.retry.backoff.max.ms = 10000
	sasl.login.retry.backoff.ms = 100
	sasl.mechanism = GSSAPI
	sasl.oauthbearer.clock.skew.seconds = 30
	sasl.oauthbearer.expected.audience = null
	sasl.oauthbearer.expected.issuer = null
	sasl.oauthbearer.header.urlencode = false
	sasl.oauthbearer.jwks.endpoint.refresh.ms = 3600000
	sasl.oauthbearer.jwks.endpoint.retry.backoff.max.ms = 10000
	sasl.oauthbearer.jwks.endpoint.retry.backoff.ms = 100
	sasl.oauthbearer.jwks.endpoint.url = null
	sasl.oauthbearer.scope.claim.name = scope
	sasl.oauthbearer.sub.claim.name = sub
	sasl.oauthbearer.token.endpoint.url = null
	security.protocol = PLAINTEXT
	security.providers = null
	send.buffer.bytes = 131072
	session.timeout.ms = 45000
	socket.connection.setup.timeout.max.ms = 30000
	socket.connection.setup.timeout.ms = 10000
	ssl.cipher.suites = null
	ssl.enabled.protocols = [TLSv1.2, TLSv1.3]
	ssl.endpoint.identification.algorithm = https
	ssl.engine.factory.class = null
	ssl.key.password = null
	ssl.keymanager.algorithm = SunX509
	ssl.keystore.certificate.chain = null
	ssl.keystore.key = null
	ssl.keystore.location = null
	ssl.keystore.password = null
	ssl.keystore.type = JKS
	ssl.protocol = TLSv1.3
	ssl.provider = null
	ssl.secure.random.implementation = null
	ssl.trustmanager.algorithm = PKIX
	ssl.truststore.certificates = null
	ssl.truststore.location = null
	ssl.truststore.password = null
	ssl.truststore.type = JKS
	value.deserializer = class io.apicurio.registry.serde.avro.AvroKafkaDeserializer

2025-08-13 02:17:03,588 INFO  [org.apa.kaf.com.tel.int.KafkaMetricsCollector] (main) initializing Kafka metrics collector
2025-08-13 02:17:03,593 INFO  [org.apa.kaf.cli.Metadata] (kafka-producer-network-thread | Producer-topic-35fa07c8_15cf_4979_a9c1_00a55fbdf50c) [Producer clientId=Producer-topic-35fa07c8_15cf_4979_a9c1_00a55fbdf50c] Cluster ID: rLHX8X_xRIO734wjNEuI8w
2025-08-13 02:17:03,597 INFO  [org.apa.kaf.cli.pro.int.TransactionManager] (kafka-producer-network-thread | Producer-topic-35fa07c8_15cf_4979_a9c1_00a55fbdf50c) [Producer clientId=Producer-topic-35fa07c8_15cf_4979_a9c1_00a55fbdf50c] ProducerId set to 21 with epoch 0
2025-08-13 02:17:03,598 INFO  [org.apa.kaf.cli.con.ConsumerConfig] (main) These configurations '[apicurio.registry.url]' were supplied but are not used yet.
2025-08-13 02:17:03,599 INFO  [org.apa.kaf.com.uti.AppInfoParser] (main) Kafka version: 3.9.1
2025-08-13 02:17:03,599 INFO  [org.apa.kaf.com.uti.AppInfoParser] (main) Kafka commitId: f745dfdcee2b9851
2025-08-13 02:17:03,599 INFO  [org.apa.kaf.com.uti.AppInfoParser] (main) Kafka startTimeMs: 1755051423598
**** Registry Base URL: http://registry-app-mysql.apps.ci419.apicurio-testing.org:80
2025-08-13 02:17:03,599 INFO  [org.apa.kaf.cli.con.ConsumerConfig] (main) ConsumerConfig values: 
	allow.auto.create.topics = true
	auto.commit.interval.ms = 500
	auto.include.jmx.reporter = true
	auto.offset.reset = earliest
	bootstrap.servers = [PLAINTEXT://localhost:32769]
	check.crcs = true
	client.dns.lookup = use_all_dns_ips
	client.id = consumer-Consumer-topic-098f963e_ea98_4090_8851_926ea81bb9e0-15
	client.rack = 
	connections.max.idle.ms = 10000
	default.api.timeout.ms = 60000
	enable.auto.commit = true
	enable.metrics.push = true
	exclude.internal.topics = true
	fetch.max.bytes = 52428800
	fetch.max.wait.ms = 500
	fetch.min.bytes = 1
	group.id = Consumer-topic-098f963e_ea98_4090_8851_926ea81bb9e0
	group.instance.id = null
	group.protocol = classic
	group.remote.assignor = null
	heartbeat.interval.ms = 3000
	interceptor.classes = []
	internal.leave.group.on.close = true
	internal.throw.on.fetch.stable.offset.unsupported = false
	isolation.level = read_uncommitted
	key.deserializer = class org.apache.kafka.common.serialization.StringDeserializer
	max.partition.fetch.bytes = 1048576
	max.poll.interval.ms = 300000
	max.poll.records = 500
	metadata.max.age.ms = 300000
	metadata.recovery.strategy = none
	metric.reporters = []
	metrics.num.samples = 2
	metrics.recording.level = INFO
	metrics.sample.window.ms = 30000
	partition.assignment.strategy = [class org.apache.kafka.clients.consumer.RangeAssignor, class org.apache.kafka.clients.consumer.CooperativeStickyAssignor]
	receive.buffer.bytes = 65536
	reconnect.backoff.max.ms = 1000
	reconnect.backoff.ms = 50
	request.timeout.ms = 5000
	retry.backoff.max.ms = 1000
	retry.backoff.ms = 100
	sasl.client.callback.handler.class = null
	sasl.jaas.config = null
	sasl.kerberos.kinit.cmd = /usr/bin/kinit
	sasl.kerberos.min.time.before.relogin = 60000
	sasl.kerberos.service.name = null
	sasl.kerberos.ticket.renew.jitter = 0.05
	sasl.kerberos.ticket.renew.window.factor = 0.8
	sasl.login.callback.handler.class = null
	sasl.login.class = null
	sasl.login.connect.timeout.ms = null
	sasl.login.read.timeout.ms = null
	sasl.login.refresh.buffer.seconds = 300
	sasl.login.refresh.min.period.seconds = 60
	sasl.login.refresh.window.factor = 0.8
	sasl.login.refresh.window.jitter = 0.05
	sasl.login.retry.backoff.max.ms = 10000
	sasl.login.retry.backoff.ms = 100
	sasl.mechanism = GSSAPI
	sasl.oauthbearer.clock.skew.seconds = 30
	sasl.oauthbearer.expected.audience = null
	sasl.oauthbearer.expected.issuer = null
	sasl.oauthbearer.header.urlencode = false
	sasl.oauthbearer.jwks.endpoint.refresh.ms = 3600000
	sasl.oauthbearer.jwks.endpoint.retry.backoff.max.ms = 10000
	sasl.oauthbearer.jwks.endpoint.retry.backoff.ms = 100
	sasl.oauthbearer.jwks.endpoint.url = null
	sasl.oauthbearer.scope.claim.name = scope
	sasl.oauthbearer.sub.claim.name = sub
	sasl.oauthbearer.token.endpoint.url = null
	security.protocol = PLAINTEXT
	security.providers = null
	send.buffer.bytes = 131072
	session.timeout.ms = 45000
	socket.connection.setup.timeout.max.ms = 30000
	socket.connection.setup.timeout.ms = 10000
	ssl.cipher.suites = null
	ssl.enabled.protocols = [TLSv1.2, TLSv1.3]
	ssl.endpoint.identification.algorithm = https
	ssl.engine.factory.class = null
	ssl.key.password = null
	ssl.keymanager.algorithm = SunX509
	ssl.keystore.certificate.chain = null
	ssl.keystore.key = null
	ssl.keystore.location = null
	ssl.keystore.password = null
	ssl.keystore.type = JKS
	ssl.protocol = TLSv1.3
	ssl.provider = null
	ssl.secure.random.implementation = null
	ssl.trustmanager.algorithm = PKIX
	ssl.truststore.certificates = null
	ssl.truststore.location = null
	ssl.truststore.password = null
	ssl.truststore.type = JKS
	value.deserializer = class io.apicurio.registry.serde.avro.AvroKafkaDeserializer

2025-08-13 02:17:03,599 INFO  [org.apa.kaf.com.tel.int.KafkaMetricsCollector] (main) initializing Kafka metrics collector
2025-08-13 02:17:03,616 INFO  [org.apa.kaf.cli.con.ConsumerConfig] (main) These configurations '[apicurio.registry.url]' were supplied but are not used yet.
2025-08-13 02:17:03,616 INFO  [org.apa.kaf.com.uti.AppInfoParser] (main) Kafka version: 3.9.1
2025-08-13 02:17:03,616 INFO  [org.apa.kaf.com.uti.AppInfoParser] (main) Kafka commitId: f745dfdcee2b9851
2025-08-13 02:17:03,616 INFO  [org.apa.kaf.com.uti.AppInfoParser] (main) Kafka startTimeMs: 1755051423616
**** Registry Base URL: http://registry-app-mysql.apps.ci419.apicurio-testing.org:80
2025-08-13 02:17:03,617 INFO  [org.apa.kaf.cli.con.ConsumerConfig] (main) ConsumerConfig values: 
	allow.auto.create.topics = true
	auto.commit.interval.ms = 500
	auto.include.jmx.reporter = true
	auto.offset.reset = earliest
	bootstrap.servers = [PLAINTEXT://localhost:32769]
	check.crcs = true
	client.dns.lookup = use_all_dns_ips
	client.id = consumer-Consumer-topic-35fa07c8_15cf_4979_a9c1_00a55fbdf50c-16
	client.rack = 
	connections.max.idle.ms = 10000
	default.api.timeout.ms = 60000
	enable.auto.commit = true
	enable.metrics.push = true
	exclude.internal.topics = true
	fetch.max.bytes = 52428800
	fetch.max.wait.ms = 500
	fetch.min.bytes = 1
	group.id = Consumer-topic-35fa07c8_15cf_4979_a9c1_00a55fbdf50c
	group.instance.id = null
	group.protocol = classic
	group.remote.assignor = null
	heartbeat.interval.ms = 3000
	interceptor.classes = []
	internal.leave.group.on.close = true
	internal.throw.on.fetch.stable.offset.unsupported = false
	isolation.level = read_uncommitted
	key.deserializer = class org.apache.kafka.common.serialization.StringDeserializer
	max.partition.fetch.bytes = 1048576
	max.poll.interval.ms = 300000
	max.poll.records = 500
	metadata.max.age.ms = 300000
	metadata.recovery.strategy = none
	metric.reporters = []
	metrics.num.samples = 2
	metrics.recording.level = INFO
	metrics.sample.window.ms = 30000
	partition.assignment.strategy = [class org.apache.kafka.clients.consumer.RangeAssignor, class org.apache.kafka.clients.consumer.CooperativeStickyAssignor]
	receive.buffer.bytes = 65536
	reconnect.backoff.max.ms = 1000
	reconnect.backoff.ms = 50
	request.timeout.ms = 5000
	retry.backoff.max.ms = 1000
	retry.backoff.ms = 100
	sasl.client.callback.handler.class = null
	sasl.jaas.config = null
	sasl.kerberos.kinit.cmd = /usr/bin/kinit
	sasl.kerberos.min.time.before.relogin = 60000
	sasl.kerberos.service.name = null
	sasl.kerberos.ticket.renew.jitter = 0.05
	sasl.kerberos.ticket.renew.window.factor = 0.8
	sasl.login.callback.handler.class = null
	sasl.login.class = null
	sasl.login.connect.timeout.ms = null
	sasl.login.read.timeout.ms = null
	sasl.login.refresh.buffer.seconds = 300
	sasl.login.refresh.min.period.seconds = 60
	sasl.login.refresh.window.factor = 0.8
	sasl.login.refresh.window.jitter = 0.05
	sasl.login.retry.backoff.max.ms = 10000
	sasl.login.retry.backoff.ms = 100
	sasl.mechanism = GSSAPI
	sasl.oauthbearer.clock.skew.seconds = 30
	sasl.oauthbearer.expected.audience = null
	sasl.oauthbearer.expected.issuer = null
	sasl.oauthbearer.header.urlencode = false
	sasl.oauthbearer.jwks.endpoint.refresh.ms = 3600000
	sasl.oauthbearer.jwks.endpoint.retry.backoff.max.ms = 10000
	sasl.oauthbearer.jwks.endpoint.retry.backoff.ms = 100
	sasl.oauthbearer.jwks.endpoint.url = null
	sasl.oauthbearer.scope.claim.name = scope
	sasl.oauthbearer.sub.claim.name = sub
	sasl.oauthbearer.token.endpoint.url = null
	security.protocol = PLAINTEXT
	security.providers = null
	send.buffer.bytes = 131072
	session.timeout.ms = 45000
	socket.connection.setup.timeout.max.ms = 30000
	socket.connection.setup.timeout.ms = 10000
	ssl.cipher.suites = null
	ssl.enabled.protocols = [TLSv1.2, TLSv1.3]
	ssl.endpoint.identification.algorithm = https
	ssl.engine.factory.class = null
	ssl.key.password = null
	ssl.keymanager.algorithm = SunX509
	ssl.keystore.certificate.chain = null
	ssl.keystore.key = null
	ssl.keystore.location = null
	ssl.keystore.password = null
	ssl.keystore.type = JKS
	ssl.protocol = TLSv1.3
	ssl.provider = null
	ssl.secure.random.implementation = null
	ssl.trustmanager.algorithm = PKIX
	ssl.truststore.certificates = null
	ssl.truststore.location = null
	ssl.truststore.password = null
	ssl.truststore.type = JKS
	value.deserializer = class io.apicurio.registry.serde.avro.AvroKafkaDeserializer

2025-08-13 02:17:03,617 INFO  [org.apa.kaf.com.tel.int.KafkaMetricsCollector] (main) initializing Kafka metrics collector
2025-08-13 02:17:03,629 INFO  [org.apa.kaf.cli.con.ConsumerConfig] (main) These configurations '[apicurio.registry.url]' were supplied but are not used yet.
2025-08-13 02:17:03,629 INFO  [org.apa.kaf.com.uti.AppInfoParser] (main) Kafka version: 3.9.1
2025-08-13 02:17:03,629 INFO  [org.apa.kaf.com.uti.AppInfoParser] (main) Kafka commitId: f745dfdcee2b9851
2025-08-13 02:17:03,629 INFO  [org.apa.kaf.com.uti.AppInfoParser] (main) Kafka startTimeMs: 1755051423629
2025-08-13 02:17:03,629 INFO  [io.api.tes.ser.api.KafkaSerdesTester] (Thread-713) Sending message {"key11755051422505": "value-0"} to topic topic-cabc180a_5f8f_4eb9_a917_0d65090c66d3
2025-08-13 02:17:03,633 INFO  [DefaultSchemaResolver] (Thread-713) Retrieving schema content using string: {"type":"record","name":"myrecordconfluent","fields":[{"name":"key11755051422505","type":"string"}]}
2025-08-13 02:17:03,655 INFO  [io.api.tes.ser.api.KafkaSerdesTester] (Thread-713) Sending message {"key11755051422505": "value-1"} to topic topic-cabc180a_5f8f_4eb9_a917_0d65090c66d3
2025-08-13 02:17:03,657 INFO  [io.api.tes.ser.api.KafkaSerdesTester] (Thread-713) Sending message {"key11755051422505": "value-2"} to topic topic-cabc180a_5f8f_4eb9_a917_0d65090c66d3
2025-08-13 02:17:03,659 INFO  [io.api.tes.ser.api.KafkaSerdesTester] (Thread-713) Sending message {"key11755051422505": "value-3"} to topic topic-cabc180a_5f8f_4eb9_a917_0d65090c66d3
2025-08-13 02:17:03,661 INFO  [io.api.tes.ser.api.KafkaSerdesTester] (Thread-713) Sending message {"key11755051422505": "value-4"} to topic topic-cabc180a_5f8f_4eb9_a917_0d65090c66d3
2025-08-13 02:17:03,662 INFO  [io.api.tes.ser.api.KafkaSerdesTester] (Thread-713) Sending message {"key11755051422505": "value-5"} to topic topic-cabc180a_5f8f_4eb9_a917_0d65090c66d3
2025-08-13 02:17:03,663 INFO  [io.api.tes.ser.api.KafkaSerdesTester] (Thread-713) Sending message {"key11755051422505": "value-6"} to topic topic-cabc180a_5f8f_4eb9_a917_0d65090c66d3
2025-08-13 02:17:03,664 INFO  [io.api.tes.ser.api.KafkaSerdesTester] (Thread-713) Sending message {"key11755051422505": "value-7"} to topic topic-cabc180a_5f8f_4eb9_a917_0d65090c66d3
2025-08-13 02:17:03,666 INFO  [io.api.tes.ser.api.KafkaSerdesTester] (Thread-713) Sending message {"key11755051422505": "value-8"} to topic topic-cabc180a_5f8f_4eb9_a917_0d65090c66d3
2025-08-13 02:17:03,667 INFO  [io.api.tes.ser.api.KafkaSerdesTester] (Thread-713) Sending message {"key11755051422505": "value-9"} to topic topic-cabc180a_5f8f_4eb9_a917_0d65090c66d3
2025-08-13 02:17:03,669 INFO  [io.api.tes.ser.api.KafkaSerdesTester] (Thread-713) Produced 10 messages
2025-08-13 02:17:03,669 INFO  [org.apa.kaf.cli.pro.KafkaProducer] (Thread-713) [Producer clientId=Producer-topic-cabc180a_5f8f_4eb9_a917_0d65090c66d3] Closing the Kafka producer with timeoutMillis = 9223372036854775807 ms.
2025-08-13 02:17:03,671 INFO  [org.apa.kaf.com.met.Metrics] (Thread-713) Metrics scheduler closed
2025-08-13 02:17:03,671 INFO  [org.apa.kaf.com.met.Metrics] (Thread-713) Closing reporter org.apache.kafka.common.metrics.JmxReporter
2025-08-13 02:17:03,671 INFO  [org.apa.kaf.com.met.Metrics] (Thread-713) Closing reporter org.apache.kafka.common.telemetry.internals.ClientTelemetryReporter
2025-08-13 02:17:03,671 INFO  [org.apa.kaf.com.met.Metrics] (Thread-713) Metrics reporters closed
2025-08-13 02:17:03,672 INFO  [org.apa.kaf.com.uti.AppInfoParser] (Thread-713) App info kafka.producer for Producer-topic-cabc180a_5f8f_4eb9_a917_0d65090c66d3 unregistered
2025-08-13 02:17:03,673 INFO  [io.api.tes.ser.api.KafkaSerdesTester] (Thread-714) Sending message {"key11755051422505": "value-0"} to topic topic-098f963e_ea98_4090_8851_926ea81bb9e0
2025-08-13 02:17:03,678 INFO  [DefaultSchemaResolver] (Thread-714) Retrieving schema content using string: {"type":"record","name":"myrecordconfluent","fields":[{"name":"key11755051422505","type":"string"}]}
2025-08-13 02:17:03,701 INFO  [io.api.tes.ser.api.KafkaSerdesTester] (Thread-714) Sending message {"key11755051422505": "value-1"} to topic topic-098f963e_ea98_4090_8851_926ea81bb9e0
2025-08-13 02:17:03,703 INFO  [io.api.tes.ser.api.KafkaSerdesTester] (Thread-714) Sending message {"key11755051422505": "value-2"} to topic topic-098f963e_ea98_4090_8851_926ea81bb9e0
2025-08-13 02:17:03,707 INFO  [io.api.tes.ser.api.KafkaSerdesTester] (Thread-714) Sending message {"key11755051422505": "value-3"} to topic topic-098f963e_ea98_4090_8851_926ea81bb9e0
2025-08-13 02:17:03,710 INFO  [io.api.tes.ser.api.KafkaSerdesTester] (Thread-714) Sending message {"key11755051422505": "value-4"} to topic topic-098f963e_ea98_4090_8851_926ea81bb9e0
2025-08-13 02:17:03,713 INFO  [io.api.tes.ser.api.KafkaSerdesTester] (Thread-714) Sending message {"key11755051422505": "value-5"} to topic topic-098f963e_ea98_4090_8851_926ea81bb9e0
2025-08-13 02:17:03,715 INFO  [io.api.tes.ser.api.KafkaSerdesTester] (Thread-714) Sending message {"key11755051422505": "value-6"} to topic topic-098f963e_ea98_4090_8851_926ea81bb9e0
2025-08-13 02:17:03,717 INFO  [io.api.tes.ser.api.KafkaSerdesTester] (Thread-714) Sending message {"key11755051422505": "value-7"} to topic topic-098f963e_ea98_4090_8851_926ea81bb9e0
2025-08-13 02:17:03,718 INFO  [io.api.tes.ser.api.KafkaSerdesTester] (Thread-714) Sending message {"key11755051422505": "value-8"} to topic topic-098f963e_ea98_4090_8851_926ea81bb9e0
2025-08-13 02:17:03,721 INFO  [io.api.tes.ser.api.KafkaSerdesTester] (Thread-714) Sending message {"key11755051422505": "value-9"} to topic topic-098f963e_ea98_4090_8851_926ea81bb9e0
2025-08-13 02:17:03,725 INFO  [io.api.tes.ser.api.KafkaSerdesTester] (Thread-714) Produced 10 messages
2025-08-13 02:17:03,725 INFO  [org.apa.kaf.cli.pro.KafkaProducer] (Thread-714) [Producer clientId=Producer-topic-098f963e_ea98_4090_8851_926ea81bb9e0] Closing the Kafka producer with timeoutMillis = 9223372036854775807 ms.
2025-08-13 02:17:03,727 INFO  [org.apa.kaf.com.met.Metrics] (Thread-714) Metrics scheduler closed
2025-08-13 02:17:03,727 INFO  [org.apa.kaf.com.met.Metrics] (Thread-714) Closing reporter org.apache.kafka.common.metrics.JmxReporter
2025-08-13 02:17:03,727 INFO  [org.apa.kaf.com.met.Metrics] (Thread-714) Closing reporter org.apache.kafka.common.telemetry.internals.ClientTelemetryReporter
2025-08-13 02:17:03,727 INFO  [org.apa.kaf.com.met.Metrics] (Thread-714) Metrics reporters closed
2025-08-13 02:17:03,728 INFO  [org.apa.kaf.com.uti.AppInfoParser] (Thread-714) App info kafka.producer for Producer-topic-098f963e_ea98_4090_8851_926ea81bb9e0 unregistered
2025-08-13 02:17:03,729 INFO  [io.api.tes.ser.api.KafkaSerdesTester] (Thread-715) Sending message {"key11755051422505": "value-0"} to topic topic-35fa07c8_15cf_4979_a9c1_00a55fbdf50c
2025-08-13 02:17:03,731 INFO  [DefaultSchemaResolver] (Thread-715) Retrieving schema content using string: {"type":"record","name":"myrecordconfluent","fields":[{"name":"key11755051422505","type":"string"}]}
2025-08-13 02:17:03,761 INFO  [io.api.tes.ser.api.KafkaSerdesTester] (Thread-715) Sending message {"key11755051422505": "value-1"} to topic topic-35fa07c8_15cf_4979_a9c1_00a55fbdf50c
2025-08-13 02:17:03,763 INFO  [io.api.tes.ser.api.KafkaSerdesTester] (Thread-715) Sending message {"key11755051422505": "value-2"} to topic topic-35fa07c8_15cf_4979_a9c1_00a55fbdf50c
2025-08-13 02:17:03,765 INFO  [io.api.tes.ser.api.KafkaSerdesTester] (Thread-715) Sending message {"key11755051422505": "value-3"} to topic topic-35fa07c8_15cf_4979_a9c1_00a55fbdf50c
2025-08-13 02:17:03,766 INFO  [io.api.tes.ser.api.KafkaSerdesTester] (Thread-715) Sending message {"key11755051422505": "value-4"} to topic topic-35fa07c8_15cf_4979_a9c1_00a55fbdf50c
2025-08-13 02:17:03,769 INFO  [io.api.tes.ser.api.KafkaSerdesTester] (Thread-715) Sending message {"key11755051422505": "value-5"} to topic topic-35fa07c8_15cf_4979_a9c1_00a55fbdf50c
2025-08-13 02:17:03,771 INFO  [io.api.tes.ser.api.KafkaSerdesTester] (Thread-715) Sending message {"key11755051422505": "value-6"} to topic topic-35fa07c8_15cf_4979_a9c1_00a55fbdf50c
2025-08-13 02:17:03,773 INFO  [io.api.tes.ser.api.KafkaSerdesTester] (Thread-715) Sending message {"key11755051422505": "value-7"} to topic topic-35fa07c8_15cf_4979_a9c1_00a55fbdf50c
2025-08-13 02:17:03,778 INFO  [io.api.tes.ser.api.KafkaSerdesTester] (Thread-715) Sending message {"key11755051422505": "value-8"} to topic topic-35fa07c8_15cf_4979_a9c1_00a55fbdf50c
2025-08-13 02:17:03,779 INFO  [io.api.tes.ser.api.KafkaSerdesTester] (Thread-715) Sending message {"key11755051422505": "value-9"} to topic topic-35fa07c8_15cf_4979_a9c1_00a55fbdf50c
2025-08-13 02:17:03,781 INFO  [io.api.tes.ser.api.KafkaSerdesTester] (Thread-715) Produced 10 messages
2025-08-13 02:17:03,781 INFO  [org.apa.kaf.cli.pro.KafkaProducer] (Thread-715) [Producer clientId=Producer-topic-35fa07c8_15cf_4979_a9c1_00a55fbdf50c] Closing the Kafka producer with timeoutMillis = 9223372036854775807 ms.
2025-08-13 02:17:03,783 INFO  [org.apa.kaf.com.met.Metrics] (Thread-715) Metrics scheduler closed
2025-08-13 02:17:03,783 INFO  [org.apa.kaf.com.met.Metrics] (Thread-715) Closing reporter org.apache.kafka.common.metrics.JmxReporter
2025-08-13 02:17:03,783 INFO  [org.apa.kaf.com.met.Metrics] (Thread-715) Closing reporter org.apache.kafka.common.telemetry.internals.ClientTelemetryReporter
2025-08-13 02:17:03,783 INFO  [org.apa.kaf.com.met.Metrics] (Thread-715) Metrics reporters closed
2025-08-13 02:17:03,784 INFO  [org.apa.kaf.com.uti.AppInfoParser] (Thread-715) App info kafka.producer for Producer-topic-35fa07c8_15cf_4979_a9c1_00a55fbdf50c unregistered
2025-08-13 02:17:03,784 INFO  [org.apa.kaf.cli.con.int.ClassicKafkaConsumer] (Thread-716) [Consumer clientId=consumer-Consumer-topic-cabc180a_5f8f_4eb9_a917_0d65090c66d3-14, groupId=Consumer-topic-cabc180a_5f8f_4eb9_a917_0d65090c66d3] Subscribed to topic(s): topic-cabc180a_5f8f_4eb9_a917_0d65090c66d3
2025-08-13 02:17:03,789 INFO  [org.apa.kaf.cli.Metadata] (Thread-716) [Consumer clientId=consumer-Consumer-topic-cabc180a_5f8f_4eb9_a917_0d65090c66d3-14, groupId=Consumer-topic-cabc180a_5f8f_4eb9_a917_0d65090c66d3] Cluster ID: rLHX8X_xRIO734wjNEuI8w
2025-08-13 02:17:03,791 INFO  [org.apa.kaf.cli.con.int.ConsumerCoordinator] (Thread-716) [Consumer clientId=consumer-Consumer-topic-cabc180a_5f8f_4eb9_a917_0d65090c66d3-14, groupId=Consumer-topic-cabc180a_5f8f_4eb9_a917_0d65090c66d3] Discovered group coordinator localhost:32769 (id: 2147483647 rack: null)
2025-08-13 02:17:03,794 INFO  [org.apa.kaf.cli.con.int.ConsumerCoordinator] (Thread-716) [Consumer clientId=consumer-Consumer-topic-cabc180a_5f8f_4eb9_a917_0d65090c66d3-14, groupId=Consumer-topic-cabc180a_5f8f_4eb9_a917_0d65090c66d3] (Re-)joining group
2025-08-13 02:17:03,797 INFO  [org.apa.kaf.cli.con.int.ConsumerCoordinator] (Thread-716) [Consumer clientId=consumer-Consumer-topic-cabc180a_5f8f_4eb9_a917_0d65090c66d3-14, groupId=Consumer-topic-cabc180a_5f8f_4eb9_a917_0d65090c66d3] Request joining group due to: need to re-join with the given member-id: consumer-Consumer-topic-cabc180a_5f8f_4eb9_a917_0d65090c66d3-14-efd7c5ad-b031-4690-abc5-bd4e698d7cb8
2025-08-13 02:17:03,797 INFO  [org.apa.kaf.cli.con.int.ConsumerCoordinator] (Thread-716) [Consumer clientId=consumer-Consumer-topic-cabc180a_5f8f_4eb9_a917_0d65090c66d3-14, groupId=Consumer-topic-cabc180a_5f8f_4eb9_a917_0d65090c66d3] (Re-)joining group
2025-08-13 02:17:04,785 INFO  [io.api.tes.ser.api.KafkaSerdesTester] (Thread-716) None found
2025-08-13 02:17:05,786 INFO  [io.api.tes.ser.api.KafkaSerdesTester] (Thread-716) None found
2025-08-13 02:17:06,786 INFO  [io.api.tes.ser.api.KafkaSerdesTester] (Thread-716) None found
2025-08-13 02:17:06,799 INFO  [org.apa.kaf.cli.con.int.ConsumerCoordinator] (Thread-716) [Consumer clientId=consumer-Consumer-topic-cabc180a_5f8f_4eb9_a917_0d65090c66d3-14, groupId=Consumer-topic-cabc180a_5f8f_4eb9_a917_0d65090c66d3] Successfully joined group with generation Generation{generationId=1, memberId='consumer-Consumer-topic-cabc180a_5f8f_4eb9_a917_0d65090c66d3-14-efd7c5ad-b031-4690-abc5-bd4e698d7cb8', protocol='range'}
2025-08-13 02:17:06,799 INFO  [org.apa.kaf.cli.con.int.ConsumerCoordinator] (Thread-716) [Consumer clientId=consumer-Consumer-topic-cabc180a_5f8f_4eb9_a917_0d65090c66d3-14, groupId=Consumer-topic-cabc180a_5f8f_4eb9_a917_0d65090c66d3] Finished assignment for group at generation 1: {consumer-Consumer-topic-cabc180a_5f8f_4eb9_a917_0d65090c66d3-14-efd7c5ad-b031-4690-abc5-bd4e698d7cb8=Assignment(partitions=[topic-cabc180a_5f8f_4eb9_a917_0d65090c66d3-0])}
2025-08-13 02:17:06,807 INFO  [org.apa.kaf.cli.con.int.ConsumerCoordinator] (Thread-716) [Consumer clientId=consumer-Consumer-topic-cabc180a_5f8f_4eb9_a917_0d65090c66d3-14, groupId=Consumer-topic-cabc180a_5f8f_4eb9_a917_0d65090c66d3] Successfully synced group in generation Generation{generationId=1, memberId='consumer-Consumer-topic-cabc180a_5f8f_4eb9_a917_0d65090c66d3-14-efd7c5ad-b031-4690-abc5-bd4e698d7cb8', protocol='range'}
2025-08-13 02:17:06,807 INFO  [org.apa.kaf.cli.con.int.ConsumerCoordinator] (Thread-716) [Consumer clientId=consumer-Consumer-topic-cabc180a_5f8f_4eb9_a917_0d65090c66d3-14, groupId=Consumer-topic-cabc180a_5f8f_4eb9_a917_0d65090c66d3] Notifying assignor about the new Assignment(partitions=[topic-cabc180a_5f8f_4eb9_a917_0d65090c66d3-0])
2025-08-13 02:17:06,807 INFO  [org.apa.kaf.cli.con.int.ConsumerRebalanceListenerInvoker] (Thread-716) [Consumer clientId=consumer-Consumer-topic-cabc180a_5f8f_4eb9_a917_0d65090c66d3-14, groupId=Consumer-topic-cabc180a_5f8f_4eb9_a917_0d65090c66d3] Adding newly assigned partitions: topic-cabc180a_5f8f_4eb9_a917_0d65090c66d3-0
2025-08-13 02:17:06,808 INFO  [org.apa.kaf.cli.con.int.ConsumerCoordinator] (Thread-716) [Consumer clientId=consumer-Consumer-topic-cabc180a_5f8f_4eb9_a917_0d65090c66d3-14, groupId=Consumer-topic-cabc180a_5f8f_4eb9_a917_0d65090c66d3] Found no committed offset for partition topic-cabc180a_5f8f_4eb9_a917_0d65090c66d3-0
2025-08-13 02:17:06,814 INFO  [org.apa.kaf.cli.con.int.SubscriptionState] (Thread-716) [Consumer clientId=consumer-Consumer-topic-cabc180a_5f8f_4eb9_a917_0d65090c66d3-14, groupId=Consumer-topic-cabc180a_5f8f_4eb9_a917_0d65090c66d3] Resetting offset for partition topic-cabc180a_5f8f_4eb9_a917_0d65090c66d3-0 to position FetchPosition{offset=0, offsetEpoch=Optional.empty, currentLeader=LeaderAndEpoch{leader=Optional[localhost:32769 (id: 0 rack: null)], epoch=0}}.
2025-08-13 02:17:06,847 INFO  [io.api.tes.ser.api.KafkaSerdesTester] (Thread-716) topic-cabc180a_5f8f_4eb9_a917_0d65090c66d3 0 0 {"key11755051422505": "value-0"}
2025-08-13 02:17:06,847 INFO  [io.api.tes.ser.api.KafkaSerdesTester] (Thread-716) topic-cabc180a_5f8f_4eb9_a917_0d65090c66d3 0 1 {"key11755051422505": "value-1"}
2025-08-13 02:17:06,847 INFO  [io.api.tes.ser.api.KafkaSerdesTester] (Thread-716) topic-cabc180a_5f8f_4eb9_a917_0d65090c66d3 0 2 {"key11755051422505": "value-2"}
2025-08-13 02:17:06,847 INFO  [io.api.tes.ser.api.KafkaSerdesTester] (Thread-716) topic-cabc180a_5f8f_4eb9_a917_0d65090c66d3 0 3 {"key11755051422505": "value-3"}
2025-08-13 02:17:06,847 INFO  [io.api.tes.ser.api.KafkaSerdesTester] (Thread-716) topic-cabc180a_5f8f_4eb9_a917_0d65090c66d3 0 4 {"key11755051422505": "value-4"}
2025-08-13 02:17:06,847 INFO  [io.api.tes.ser.api.KafkaSerdesTester] (Thread-716) topic-cabc180a_5f8f_4eb9_a917_0d65090c66d3 0 5 {"key11755051422505": "value-5"}
2025-08-13 02:17:06,847 INFO  [io.api.tes.ser.api.KafkaSerdesTester] (Thread-716) topic-cabc180a_5f8f_4eb9_a917_0d65090c66d3 0 6 {"key11755051422505": "value-6"}
2025-08-13 02:17:06,848 INFO  [io.api.tes.ser.api.KafkaSerdesTester] (Thread-716) topic-cabc180a_5f8f_4eb9_a917_0d65090c66d3 0 7 {"key11755051422505": "value-7"}
2025-08-13 02:17:06,848 INFO  [io.api.tes.ser.api.KafkaSerdesTester] (Thread-716) topic-cabc180a_5f8f_4eb9_a917_0d65090c66d3 0 8 {"key11755051422505": "value-8"}
2025-08-13 02:17:06,848 INFO  [io.api.tes.ser.api.KafkaSerdesTester] (Thread-716) topic-cabc180a_5f8f_4eb9_a917_0d65090c66d3 0 9 {"key11755051422505": "value-9"}
2025-08-13 02:17:06,848 INFO  [io.api.tes.ser.api.KafkaSerdesTester] (Thread-716) Consumed 10 messages
2025-08-13 02:17:06,856 INFO  [org.apa.kaf.cli.con.int.ConsumerRebalanceListenerInvoker] (Thread-716) [Consumer clientId=consumer-Consumer-topic-cabc180a_5f8f_4eb9_a917_0d65090c66d3-14, groupId=Consumer-topic-cabc180a_5f8f_4eb9_a917_0d65090c66d3] Revoke previously assigned partitions topic-cabc180a_5f8f_4eb9_a917_0d65090c66d3-0
2025-08-13 02:17:06,856 INFO  [org.apa.kaf.cli.con.int.ConsumerCoordinator] (Thread-716) [Consumer clientId=consumer-Consumer-topic-cabc180a_5f8f_4eb9_a917_0d65090c66d3-14, groupId=Consumer-topic-cabc180a_5f8f_4eb9_a917_0d65090c66d3] Member consumer-Consumer-topic-cabc180a_5f8f_4eb9_a917_0d65090c66d3-14-efd7c5ad-b031-4690-abc5-bd4e698d7cb8 sending LeaveGroup request to coordinator localhost:32769 (id: 2147483647 rack: null) due to the consumer is being closed
2025-08-13 02:17:06,857 INFO  [org.apa.kaf.cli.con.int.ConsumerCoordinator] (Thread-716) [Consumer clientId=consumer-Consumer-topic-cabc180a_5f8f_4eb9_a917_0d65090c66d3-14, groupId=Consumer-topic-cabc180a_5f8f_4eb9_a917_0d65090c66d3] Resetting generation and member id due to: consumer pro-actively leaving the group
2025-08-13 02:17:06,857 INFO  [org.apa.kaf.cli.con.int.ConsumerCoordinator] (Thread-716) [Consumer clientId=consumer-Consumer-topic-cabc180a_5f8f_4eb9_a917_0d65090c66d3-14, groupId=Consumer-topic-cabc180a_5f8f_4eb9_a917_0d65090c66d3] Request joining group due to: consumer pro-actively leaving the group
2025-08-13 02:17:07,351 INFO  [org.apa.kaf.com.met.Metrics] (Thread-716) Metrics scheduler closed
2025-08-13 02:17:07,351 INFO  [org.apa.kaf.com.met.Metrics] (Thread-716) Closing reporter org.apache.kafka.common.metrics.JmxReporter
2025-08-13 02:17:07,351 INFO  [org.apa.kaf.com.met.Metrics] (Thread-716) Closing reporter org.apache.kafka.common.telemetry.internals.ClientTelemetryReporter
2025-08-13 02:17:07,351 INFO  [org.apa.kaf.com.met.Metrics] (Thread-716) Metrics reporters closed
2025-08-13 02:17:07,353 INFO  [org.apa.kaf.com.uti.AppInfoParser] (Thread-716) App info kafka.consumer for consumer-Consumer-topic-cabc180a_5f8f_4eb9_a917_0d65090c66d3-14 unregistered
2025-08-13 02:17:07,354 INFO  [org.apa.kaf.cli.con.int.ClassicKafkaConsumer] (Thread-717) [Consumer clientId=consumer-Consumer-topic-098f963e_ea98_4090_8851_926ea81bb9e0-15, groupId=Consumer-topic-098f963e_ea98_4090_8851_926ea81bb9e0] Subscribed to topic(s): topic-098f963e_ea98_4090_8851_926ea81bb9e0
2025-08-13 02:17:07,360 INFO  [org.apa.kaf.cli.Metadata] (Thread-717) [Consumer clientId=consumer-Consumer-topic-098f963e_ea98_4090_8851_926ea81bb9e0-15, groupId=Consumer-topic-098f963e_ea98_4090_8851_926ea81bb9e0] Cluster ID: rLHX8X_xRIO734wjNEuI8w
2025-08-13 02:17:07,361 INFO  [org.apa.kaf.cli.con.int.ConsumerCoordinator] (Thread-717) [Consumer clientId=consumer-Consumer-topic-098f963e_ea98_4090_8851_926ea81bb9e0-15, groupId=Consumer-topic-098f963e_ea98_4090_8851_926ea81bb9e0] Discovered group coordinator localhost:32769 (id: 2147483647 rack: null)
2025-08-13 02:17:07,361 INFO  [org.apa.kaf.cli.con.int.ConsumerCoordinator] (Thread-717) [Consumer clientId=consumer-Consumer-topic-098f963e_ea98_4090_8851_926ea81bb9e0-15, groupId=Consumer-topic-098f963e_ea98_4090_8851_926ea81bb9e0] (Re-)joining group
2025-08-13 02:17:07,364 INFO  [org.apa.kaf.cli.con.int.ConsumerCoordinator] (Thread-717) [Consumer clientId=consumer-Consumer-topic-098f963e_ea98_4090_8851_926ea81bb9e0-15, groupId=Consumer-topic-098f963e_ea98_4090_8851_926ea81bb9e0] Request joining group due to: need to re-join with the given member-id: consumer-Consumer-topic-098f963e_ea98_4090_8851_926ea81bb9e0-15-1c2055d5-3c5a-4ea7-9828-eaac998a285a
2025-08-13 02:17:07,364 INFO  [org.apa.kaf.cli.con.int.ConsumerCoordinator] (Thread-717) [Consumer clientId=consumer-Consumer-topic-098f963e_ea98_4090_8851_926ea81bb9e0-15, groupId=Consumer-topic-098f963e_ea98_4090_8851_926ea81bb9e0] (Re-)joining group
2025-08-13 02:17:08,354 INFO  [io.api.tes.ser.api.KafkaSerdesTester] (Thread-717) None found
2025-08-13 02:17:09,354 INFO  [io.api.tes.ser.api.KafkaSerdesTester] (Thread-717) None found
2025-08-13 02:17:10,354 INFO  [io.api.tes.ser.api.KafkaSerdesTester] (Thread-717) None found
2025-08-13 02:17:10,365 INFO  [org.apa.kaf.cli.con.int.ConsumerCoordinator] (Thread-717) [Consumer clientId=consumer-Consumer-topic-098f963e_ea98_4090_8851_926ea81bb9e0-15, groupId=Consumer-topic-098f963e_ea98_4090_8851_926ea81bb9e0] Successfully joined group with generation Generation{generationId=1, memberId='consumer-Consumer-topic-098f963e_ea98_4090_8851_926ea81bb9e0-15-1c2055d5-3c5a-4ea7-9828-eaac998a285a', protocol='range'}
2025-08-13 02:17:10,365 INFO  [org.apa.kaf.cli.con.int.ConsumerCoordinator] (Thread-717) [Consumer clientId=consumer-Consumer-topic-098f963e_ea98_4090_8851_926ea81bb9e0-15, groupId=Consumer-topic-098f963e_ea98_4090_8851_926ea81bb9e0] Finished assignment for group at generation 1: {consumer-Consumer-topic-098f963e_ea98_4090_8851_926ea81bb9e0-15-1c2055d5-3c5a-4ea7-9828-eaac998a285a=Assignment(partitions=[topic-098f963e_ea98_4090_8851_926ea81bb9e0-0])}
2025-08-13 02:17:10,372 INFO  [org.apa.kaf.cli.con.int.ConsumerCoordinator] (Thread-717) [Consumer clientId=consumer-Consumer-topic-098f963e_ea98_4090_8851_926ea81bb9e0-15, groupId=Consumer-topic-098f963e_ea98_4090_8851_926ea81bb9e0] Successfully synced group in generation Generation{generationId=1, memberId='consumer-Consumer-topic-098f963e_ea98_4090_8851_926ea81bb9e0-15-1c2055d5-3c5a-4ea7-9828-eaac998a285a', protocol='range'}
2025-08-13 02:17:10,372 INFO  [org.apa.kaf.cli.con.int.ConsumerCoordinator] (Thread-717) [Consumer clientId=consumer-Consumer-topic-098f963e_ea98_4090_8851_926ea81bb9e0-15, groupId=Consumer-topic-098f963e_ea98_4090_8851_926ea81bb9e0] Notifying assignor about the new Assignment(partitions=[topic-098f963e_ea98_4090_8851_926ea81bb9e0-0])
2025-08-13 02:17:10,372 INFO  [org.apa.kaf.cli.con.int.ConsumerRebalanceListenerInvoker] (Thread-717) [Consumer clientId=consumer-Consumer-topic-098f963e_ea98_4090_8851_926ea81bb9e0-15, groupId=Consumer-topic-098f963e_ea98_4090_8851_926ea81bb9e0] Adding newly assigned partitions: topic-098f963e_ea98_4090_8851_926ea81bb9e0-0
2025-08-13 02:17:10,373 INFO  [org.apa.kaf.cli.con.int.ConsumerCoordinator] (Thread-717) [Consumer clientId=consumer-Consumer-topic-098f963e_ea98_4090_8851_926ea81bb9e0-15, groupId=Consumer-topic-098f963e_ea98_4090_8851_926ea81bb9e0] Found no committed offset for partition topic-098f963e_ea98_4090_8851_926ea81bb9e0-0
2025-08-13 02:17:10,374 INFO  [org.apa.kaf.cli.con.int.SubscriptionState] (Thread-717) [Consumer clientId=consumer-Consumer-topic-098f963e_ea98_4090_8851_926ea81bb9e0-15, groupId=Consumer-topic-098f963e_ea98_4090_8851_926ea81bb9e0] Resetting offset for partition topic-098f963e_ea98_4090_8851_926ea81bb9e0-0 to position FetchPosition{offset=0, offsetEpoch=Optional.empty, currentLeader=LeaderAndEpoch{leader=Optional[localhost:32769 (id: 0 rack: null)], epoch=0}}.
2025-08-13 02:17:10,403 INFO  [io.api.tes.ser.api.KafkaSerdesTester] (Thread-717) topic-098f963e_ea98_4090_8851_926ea81bb9e0 0 0 {"key11755051422505": "value-0"}
2025-08-13 02:17:10,403 INFO  [io.api.tes.ser.api.KafkaSerdesTester] (Thread-717) topic-098f963e_ea98_4090_8851_926ea81bb9e0 0 1 {"key11755051422505": "value-1"}
2025-08-13 02:17:10,404 INFO  [io.api.tes.ser.api.KafkaSerdesTester] (Thread-717) topic-098f963e_ea98_4090_8851_926ea81bb9e0 0 2 {"key11755051422505": "value-2"}
2025-08-13 02:17:10,404 INFO  [io.api.tes.ser.api.KafkaSerdesTester] (Thread-717) topic-098f963e_ea98_4090_8851_926ea81bb9e0 0 3 {"key11755051422505": "value-3"}
2025-08-13 02:17:10,404 INFO  [io.api.tes.ser.api.KafkaSerdesTester] (Thread-717) topic-098f963e_ea98_4090_8851_926ea81bb9e0 0 4 {"key11755051422505": "value-4"}
2025-08-13 02:17:10,404 INFO  [io.api.tes.ser.api.KafkaSerdesTester] (Thread-717) topic-098f963e_ea98_4090_8851_926ea81bb9e0 0 5 {"key11755051422505": "value-5"}
2025-08-13 02:17:10,404 INFO  [io.api.tes.ser.api.KafkaSerdesTester] (Thread-717) topic-098f963e_ea98_4090_8851_926ea81bb9e0 0 6 {"key11755051422505": "value-6"}
2025-08-13 02:17:10,404 INFO  [io.api.tes.ser.api.KafkaSerdesTester] (Thread-717) topic-098f963e_ea98_4090_8851_926ea81bb9e0 0 7 {"key11755051422505": "value-7"}
2025-08-13 02:17:10,404 INFO  [io.api.tes.ser.api.KafkaSerdesTester] (Thread-717) topic-098f963e_ea98_4090_8851_926ea81bb9e0 0 8 {"key11755051422505": "value-8"}
2025-08-13 02:17:10,404 INFO  [io.api.tes.ser.api.KafkaSerdesTester] (Thread-717) topic-098f963e_ea98_4090_8851_926ea81bb9e0 0 9 {"key11755051422505": "value-9"}
2025-08-13 02:17:10,404 INFO  [io.api.tes.ser.api.KafkaSerdesTester] (Thread-717) Consumed 10 messages
2025-08-13 02:17:10,411 INFO  [org.apa.kaf.cli.con.int.ConsumerRebalanceListenerInvoker] (Thread-717) [Consumer clientId=consumer-Consumer-topic-098f963e_ea98_4090_8851_926ea81bb9e0-15, groupId=Consumer-topic-098f963e_ea98_4090_8851_926ea81bb9e0] Revoke previously assigned partitions topic-098f963e_ea98_4090_8851_926ea81bb9e0-0
2025-08-13 02:17:10,411 INFO  [org.apa.kaf.cli.con.int.ConsumerCoordinator] (Thread-717) [Consumer clientId=consumer-Consumer-topic-098f963e_ea98_4090_8851_926ea81bb9e0-15, groupId=Consumer-topic-098f963e_ea98_4090_8851_926ea81bb9e0] Member consumer-Consumer-topic-098f963e_ea98_4090_8851_926ea81bb9e0-15-1c2055d5-3c5a-4ea7-9828-eaac998a285a sending LeaveGroup request to coordinator localhost:32769 (id: 2147483647 rack: null) due to the consumer is being closed
2025-08-13 02:17:10,411 INFO  [org.apa.kaf.cli.con.int.ConsumerCoordinator] (Thread-717) [Consumer clientId=consumer-Consumer-topic-098f963e_ea98_4090_8851_926ea81bb9e0-15, groupId=Consumer-topic-098f963e_ea98_4090_8851_926ea81bb9e0] Resetting generation and member id due to: consumer pro-actively leaving the group
2025-08-13 02:17:10,411 INFO  [org.apa.kaf.cli.con.int.ConsumerCoordinator] (Thread-717) [Consumer clientId=consumer-Consumer-topic-098f963e_ea98_4090_8851_926ea81bb9e0-15, groupId=Consumer-topic-098f963e_ea98_4090_8851_926ea81bb9e0] Request joining group due to: consumer pro-actively leaving the group
2025-08-13 02:17:10,906 INFO  [org.apa.kaf.com.met.Metrics] (Thread-717) Metrics scheduler closed
2025-08-13 02:17:10,906 INFO  [org.apa.kaf.com.met.Metrics] (Thread-717) Closing reporter org.apache.kafka.common.metrics.JmxReporter
2025-08-13 02:17:10,906 INFO  [org.apa.kaf.com.met.Metrics] (Thread-717) Closing reporter org.apache.kafka.common.telemetry.internals.ClientTelemetryReporter
2025-08-13 02:17:10,906 INFO  [org.apa.kaf.com.met.Metrics] (Thread-717) Metrics reporters closed
2025-08-13 02:17:10,909 INFO  [org.apa.kaf.com.uti.AppInfoParser] (Thread-717) App info kafka.consumer for consumer-Consumer-topic-098f963e_ea98_4090_8851_926ea81bb9e0-15 unregistered
2025-08-13 02:17:10,911 INFO  [org.apa.kaf.cli.con.int.ClassicKafkaConsumer] (Thread-718) [Consumer clientId=consumer-Consumer-topic-35fa07c8_15cf_4979_a9c1_00a55fbdf50c-16, groupId=Consumer-topic-35fa07c8_15cf_4979_a9c1_00a55fbdf50c] Subscribed to topic(s): topic-35fa07c8_15cf_4979_a9c1_00a55fbdf50c
2025-08-13 02:17:10,915 INFO  [org.apa.kaf.cli.Metadata] (Thread-718) [Consumer clientId=consumer-Consumer-topic-35fa07c8_15cf_4979_a9c1_00a55fbdf50c-16, groupId=Consumer-topic-35fa07c8_15cf_4979_a9c1_00a55fbdf50c] Cluster ID: rLHX8X_xRIO734wjNEuI8w
2025-08-13 02:17:10,917 INFO  [org.apa.kaf.cli.con.int.ConsumerCoordinator] (Thread-718) [Consumer clientId=consumer-Consumer-topic-35fa07c8_15cf_4979_a9c1_00a55fbdf50c-16, groupId=Consumer-topic-35fa07c8_15cf_4979_a9c1_00a55fbdf50c] Discovered group coordinator localhost:32769 (id: 2147483647 rack: null)
2025-08-13 02:17:10,919 INFO  [org.apa.kaf.cli.con.int.ConsumerCoordinator] (Thread-718) [Consumer clientId=consumer-Consumer-topic-35fa07c8_15cf_4979_a9c1_00a55fbdf50c-16, groupId=Consumer-topic-35fa07c8_15cf_4979_a9c1_00a55fbdf50c] (Re-)joining group
2025-08-13 02:17:10,924 INFO  [org.apa.kaf.cli.con.int.ConsumerCoordinator] (Thread-718) [Consumer clientId=consumer-Consumer-topic-35fa07c8_15cf_4979_a9c1_00a55fbdf50c-16, groupId=Consumer-topic-35fa07c8_15cf_4979_a9c1_00a55fbdf50c] Request joining group due to: need to re-join with the given member-id: consumer-Consumer-topic-35fa07c8_15cf_4979_a9c1_00a55fbdf50c-16-0527dcf7-84fd-4d35-897c-91dc8989bcf1
2025-08-13 02:17:10,924 INFO  [org.apa.kaf.cli.con.int.ConsumerCoordinator] (Thread-718) [Consumer clientId=consumer-Consumer-topic-35fa07c8_15cf_4979_a9c1_00a55fbdf50c-16, groupId=Consumer-topic-35fa07c8_15cf_4979_a9c1_00a55fbdf50c] (Re-)joining group
2025-08-13 02:17:11,912 INFO  [io.api.tes.ser.api.KafkaSerdesTester] (Thread-718) None found
2025-08-13 02:17:12,912 INFO  [io.api.tes.ser.api.KafkaSerdesTester] (Thread-718) None found
2025-08-13 02:17:13,913 INFO  [io.api.tes.ser.api.KafkaSerdesTester] (Thread-718) None found
2025-08-13 02:17:13,926 INFO  [org.apa.kaf.cli.con.int.ConsumerCoordinator] (Thread-718) [Consumer clientId=consumer-Consumer-topic-35fa07c8_15cf_4979_a9c1_00a55fbdf50c-16, groupId=Consumer-topic-35fa07c8_15cf_4979_a9c1_00a55fbdf50c] Successfully joined group with generation Generation{generationId=1, memberId='consumer-Consumer-topic-35fa07c8_15cf_4979_a9c1_00a55fbdf50c-16-0527dcf7-84fd-4d35-897c-91dc8989bcf1', protocol='range'}
2025-08-13 02:17:13,927 INFO  [org.apa.kaf.cli.con.int.ConsumerCoordinator] (Thread-718) [Consumer clientId=consumer-Consumer-topic-35fa07c8_15cf_4979_a9c1_00a55fbdf50c-16, groupId=Consumer-topic-35fa07c8_15cf_4979_a9c1_00a55fbdf50c] Finished assignment for group at generation 1: {consumer-Consumer-topic-35fa07c8_15cf_4979_a9c1_00a55fbdf50c-16-0527dcf7-84fd-4d35-897c-91dc8989bcf1=Assignment(partitions=[topic-35fa07c8_15cf_4979_a9c1_00a55fbdf50c-0])}
2025-08-13 02:17:13,934 INFO  [org.apa.kaf.cli.con.int.ConsumerCoordinator] (Thread-718) [Consumer clientId=consumer-Consumer-topic-35fa07c8_15cf_4979_a9c1_00a55fbdf50c-16, groupId=Consumer-topic-35fa07c8_15cf_4979_a9c1_00a55fbdf50c] Successfully synced group in generation Generation{generationId=1, memberId='consumer-Consumer-topic-35fa07c8_15cf_4979_a9c1_00a55fbdf50c-16-0527dcf7-84fd-4d35-897c-91dc8989bcf1', protocol='range'}
2025-08-13 02:17:13,934 INFO  [org.apa.kaf.cli.con.int.ConsumerCoordinator] (Thread-718) [Consumer clientId=consumer-Consumer-topic-35fa07c8_15cf_4979_a9c1_00a55fbdf50c-16, groupId=Consumer-topic-35fa07c8_15cf_4979_a9c1_00a55fbdf50c] Notifying assignor about the new Assignment(partitions=[topic-35fa07c8_15cf_4979_a9c1_00a55fbdf50c-0])
2025-08-13 02:17:13,934 INFO  [org.apa.kaf.cli.con.int.ConsumerRebalanceListenerInvoker] (Thread-718) [Consumer clientId=consumer-Consumer-topic-35fa07c8_15cf_4979_a9c1_00a55fbdf50c-16, groupId=Consumer-topic-35fa07c8_15cf_4979_a9c1_00a55fbdf50c] Adding newly assigned partitions: topic-35fa07c8_15cf_4979_a9c1_00a55fbdf50c-0
2025-08-13 02:17:13,934 INFO  [org.apa.kaf.cli.con.int.ConsumerCoordinator] (Thread-718) [Consumer clientId=consumer-Consumer-topic-35fa07c8_15cf_4979_a9c1_00a55fbdf50c-16, groupId=Consumer-topic-35fa07c8_15cf_4979_a9c1_00a55fbdf50c] Found no committed offset for partition topic-35fa07c8_15cf_4979_a9c1_00a55fbdf50c-0
2025-08-13 02:17:13,937 INFO  [org.apa.kaf.cli.con.int.SubscriptionState] (Thread-718) [Consumer clientId=consumer-Consumer-topic-35fa07c8_15cf_4979_a9c1_00a55fbdf50c-16, groupId=Consumer-topic-35fa07c8_15cf_4979_a9c1_00a55fbdf50c] Resetting offset for partition topic-35fa07c8_15cf_4979_a9c1_00a55fbdf50c-0 to position FetchPosition{offset=0, offsetEpoch=Optional.empty, currentLeader=LeaderAndEpoch{leader=Optional[localhost:32769 (id: 0 rack: null)], epoch=0}}.
2025-08-13 02:17:13,965 INFO  [io.api.tes.ser.api.KafkaSerdesTester] (Thread-718) topic-35fa07c8_15cf_4979_a9c1_00a55fbdf50c 0 0 {"key11755051422505": "value-0"}
2025-08-13 02:17:13,965 INFO  [io.api.tes.ser.api.KafkaSerdesTester] (Thread-718) topic-35fa07c8_15cf_4979_a9c1_00a55fbdf50c 0 1 {"key11755051422505": "value-1"}
2025-08-13 02:17:13,965 INFO  [io.api.tes.ser.api.KafkaSerdesTester] (Thread-718) topic-35fa07c8_15cf_4979_a9c1_00a55fbdf50c 0 2 {"key11755051422505": "value-2"}
2025-08-13 02:17:13,965 INFO  [io.api.tes.ser.api.KafkaSerdesTester] (Thread-718) topic-35fa07c8_15cf_4979_a9c1_00a55fbdf50c 0 3 {"key11755051422505": "value-3"}
2025-08-13 02:17:13,965 INFO  [io.api.tes.ser.api.KafkaSerdesTester] (Thread-718) topic-35fa07c8_15cf_4979_a9c1_00a55fbdf50c 0 4 {"key11755051422505": "value-4"}
2025-08-13 02:17:13,965 INFO  [io.api.tes.ser.api.KafkaSerdesTester] (Thread-718) topic-35fa07c8_15cf_4979_a9c1_00a55fbdf50c 0 5 {"key11755051422505": "value-5"}
2025-08-13 02:17:13,965 INFO  [io.api.tes.ser.api.KafkaSerdesTester] (Thread-718) topic-35fa07c8_15cf_4979_a9c1_00a55fbdf50c 0 6 {"key11755051422505": "value-6"}
2025-08-13 02:17:13,965 INFO  [io.api.tes.ser.api.KafkaSerdesTester] (Thread-718) topic-35fa07c8_15cf_4979_a9c1_00a55fbdf50c 0 7 {"key11755051422505": "value-7"}
2025-08-13 02:17:13,965 INFO  [io.api.tes.ser.api.KafkaSerdesTester] (Thread-718) topic-35fa07c8_15cf_4979_a9c1_00a55fbdf50c 0 8 {"key11755051422505": "value-8"}
2025-08-13 02:17:13,965 INFO  [io.api.tes.ser.api.KafkaSerdesTester] (Thread-718) topic-35fa07c8_15cf_4979_a9c1_00a55fbdf50c 0 9 {"key11755051422505": "value-9"}
2025-08-13 02:17:13,965 INFO  [io.api.tes.ser.api.KafkaSerdesTester] (Thread-718) Consumed 10 messages
2025-08-13 02:17:13,972 INFO  [org.apa.kaf.cli.con.int.ConsumerRebalanceListenerInvoker] (Thread-718) [Consumer clientId=consumer-Consumer-topic-35fa07c8_15cf_4979_a9c1_00a55fbdf50c-16, groupId=Consumer-topic-35fa07c8_15cf_4979_a9c1_00a55fbdf50c] Revoke previously assigned partitions topic-35fa07c8_15cf_4979_a9c1_00a55fbdf50c-0
2025-08-13 02:17:13,972 INFO  [org.apa.kaf.cli.con.int.ConsumerCoordinator] (Thread-718) [Consumer clientId=consumer-Consumer-topic-35fa07c8_15cf_4979_a9c1_00a55fbdf50c-16, groupId=Consumer-topic-35fa07c8_15cf_4979_a9c1_00a55fbdf50c] Member consumer-Consumer-topic-35fa07c8_15cf_4979_a9c1_00a55fbdf50c-16-0527dcf7-84fd-4d35-897c-91dc8989bcf1 sending LeaveGroup request to coordinator localhost:32769 (id: 2147483647 rack: null) due to the consumer is being closed
2025-08-13 02:17:13,972 INFO  [org.apa.kaf.cli.con.int.ConsumerCoordinator] (Thread-718) [Consumer clientId=consumer-Consumer-topic-35fa07c8_15cf_4979_a9c1_00a55fbdf50c-16, groupId=Consumer-topic-35fa07c8_15cf_4979_a9c1_00a55fbdf50c] Resetting generation and member id due to: consumer pro-actively leaving the group
2025-08-13 02:17:13,972 INFO  [org.apa.kaf.cli.con.int.ConsumerCoordinator] (Thread-718) [Consumer clientId=consumer-Consumer-topic-35fa07c8_15cf_4979_a9c1_00a55fbdf50c-16, groupId=Consumer-topic-35fa07c8_15cf_4979_a9c1_00a55fbdf50c] Request joining group due to: consumer pro-actively leaving the group
2025-08-13 02:17:14,468 INFO  [org.apa.kaf.com.met.Metrics] (Thread-718) Metrics scheduler closed
2025-08-13 02:17:14,468 INFO  [org.apa.kaf.com.met.Metrics] (Thread-718) Closing reporter org.apache.kafka.common.metrics.JmxReporter
2025-08-13 02:17:14,468 INFO  [org.apa.kaf.com.met.Metrics] (Thread-718) Closing reporter org.apache.kafka.common.telemetry.internals.ClientTelemetryReporter
2025-08-13 02:17:14,468 INFO  [org.apa.kaf.com.met.Metrics] (Thread-718) Metrics reporters closed
2025-08-13 02:17:14,470 INFO  [org.apa.kaf.com.uti.AppInfoParser] (Thread-718) App info kafka.consumer for consumer-Consumer-topic-35fa07c8_15cf_4979_a9c1_00a55fbdf50c-16 unregistered
2025-08-13 02:17:14,470 INFO  [io.api.tes.uti.TestSeparator] (main) io.apicurio.tests.serdes.apicurio.AvroSerdeIT.testAvroConfluentForMultipleTopics-FINISHED
2025-08-13 02:17:14,470 INFO  [io.api.tes.uti.TestSeparator] (main) ############################################################################
Test passed: testAvroConfluentForMultipleTopics
]]></system-out>
  </testcase>
  <testcase name="testFirstRequestFailsRateLimited" classname="io.apicurio.tests.serdes.apicurio.AvroSerdeIT" time="1.081">
    <system-out><![CDATA[2025-08-13 02:17:14,472 INFO  [io.api.tes.uti.TestSeparator] (main) ############################################################################
2025-08-13 02:17:14,472 INFO  [io.api.tes.uti.TestSeparator] (main) io.apicurio.tests.serdes.apicurio.AvroSerdeIT.testFirstRequestFailsRateLimited-STARTED
2025-08-13 02:17:15,030 WARN  [org.ecl.jet.ser.AbstractConnector] (main) Acceptors should be <= availableProcessors: NetworkTrafficServerConnector@6bb37a5{HTTP/1.1, (http/1.1, h2c)}{0.0.0.0:0} 
2025-08-13 02:17:15,154 INFO  [org.ecl.jet.ser.Server] (main) jetty-11.0.15; built: 2023-04-11T18:37:53.775Z; git: 5bc5e562c8d05c5862505aebe5cf83a61bdbcb96; jvm 17.0.16+8
2025-08-13 02:17:15,177 INFO  [org.ecl.jet.ser.han.ContextHandler] (main) Started o.e.j.s.ServletContextHandler@1345d18f{/__admin,null,AVAILABLE}
2025-08-13 02:17:15,184 INFO  [org.ecl.jet.ser.han.Con.ROOT] (main) RequestHandlerClass from context returned com.github.tomakehurst.wiremock.http.StubRequestHandler. Normalized mapped under returned 'null'
2025-08-13 02:17:15,185 INFO  [org.ecl.jet.ser.han.ContextHandler] (main) Started o.e.j.s.ServletContextHandler@2540ad71{/,null,AVAILABLE}
2025-08-13 02:17:15,192 INFO  [org.ecl.jet.ser.AbstractConnector] (main) Started NetworkTrafficServerConnector@6bb37a5{HTTP/1.1, (http/1.1, h2c)}{0.0.0.0:42611}
2025-08-13 02:17:15,194 INFO  [org.ecl.jet.ser.Server] (main) Started Server@26b01384{STARTING}[11.0.15,sto=1000] @105261ms
**** Registry Base URL: http://registry-app-mysql.apps.ci419.apicurio-testing.org:80
2025-08-13 02:17:15,206 INFO  [org.apa.kaf.cli.pro.ProducerConfig] (main) ProducerConfig values: 
	acks = -1
	auto.include.jmx.reporter = true
	batch.size = 16384
	bootstrap.servers = [PLAINTEXT://localhost:32769]
	buffer.memory = 33554432
	client.dns.lookup = use_all_dns_ips
	client.id = Producer-topic-028af93b_5fc8_4ba0_b0e3_645326a841d0
	compression.gzip.level = -1
	compression.lz4.level = 9
	compression.type = none
	compression.zstd.level = 3
	connections.max.idle.ms = 10000
	delivery.timeout.ms = 120000
	enable.idempotence = true
	enable.metrics.push = true
	interceptor.classes = []
	key.serializer = class org.apache.kafka.common.serialization.StringSerializer
	linger.ms = 0
	max.block.ms = 60000
	max.in.flight.requests.per.connection = 5
	max.request.size = 1048576
	metadata.max.age.ms = 300000
	metadata.max.idle.ms = 300000
	metadata.recovery.strategy = none
	metric.reporters = []
	metrics.num.samples = 2
	metrics.recording.level = INFO
	metrics.sample.window.ms = 30000
	partitioner.adaptive.partitioning.enable = true
	partitioner.availability.timeout.ms = 0
	partitioner.class = null
	partitioner.ignore.keys = false
	receive.buffer.bytes = 32768
	reconnect.backoff.max.ms = 1000
	reconnect.backoff.ms = 50
	request.timeout.ms = 5000
	retries = 2147483647
	retry.backoff.max.ms = 1000
	retry.backoff.ms = 100
	sasl.client.callback.handler.class = null
	sasl.jaas.config = null
	sasl.kerberos.kinit.cmd = /usr/bin/kinit
	sasl.kerberos.min.time.before.relogin = 60000
	sasl.kerberos.service.name = null
	sasl.kerberos.ticket.renew.jitter = 0.05
	sasl.kerberos.ticket.renew.window.factor = 0.8
	sasl.login.callback.handler.class = null
	sasl.login.class = null
	sasl.login.connect.timeout.ms = null
	sasl.login.read.timeout.ms = null
	sasl.login.refresh.buffer.seconds = 300
	sasl.login.refresh.min.period.seconds = 60
	sasl.login.refresh.window.factor = 0.8
	sasl.login.refresh.window.jitter = 0.05
	sasl.login.retry.backoff.max.ms = 10000
	sasl.login.retry.backoff.ms = 100
	sasl.mechanism = GSSAPI
	sasl.oauthbearer.clock.skew.seconds = 30
	sasl.oauthbearer.expected.audience = null
	sasl.oauthbearer.expected.issuer = null
	sasl.oauthbearer.header.urlencode = false
	sasl.oauthbearer.jwks.endpoint.refresh.ms = 3600000
	sasl.oauthbearer.jwks.endpoint.retry.backoff.max.ms = 10000
	sasl.oauthbearer.jwks.endpoint.retry.backoff.ms = 100
	sasl.oauthbearer.jwks.endpoint.url = null
	sasl.oauthbearer.scope.claim.name = scope
	sasl.oauthbearer.sub.claim.name = sub
	sasl.oauthbearer.token.endpoint.url = null
	security.protocol = PLAINTEXT
	security.providers = null
	send.buffer.bytes = 131072
	socket.connection.setup.timeout.max.ms = 30000
	socket.connection.setup.timeout.ms = 10000
	ssl.cipher.suites = null
	ssl.enabled.protocols = [TLSv1.2, TLSv1.3]
	ssl.endpoint.identification.algorithm = https
	ssl.engine.factory.class = null
	ssl.key.password = null
	ssl.keymanager.algorithm = SunX509
	ssl.keystore.certificate.chain = null
	ssl.keystore.key = null
	ssl.keystore.location = null
	ssl.keystore.password = null
	ssl.keystore.type = JKS
	ssl.protocol = TLSv1.3
	ssl.provider = null
	ssl.secure.random.implementation = null
	ssl.trustmanager.algorithm = PKIX
	ssl.truststore.certificates = null
	ssl.truststore.location = null
	ssl.truststore.password = null
	ssl.truststore.type = JKS
	transaction.timeout.ms = 60000
	transactional.id = null
	value.serializer = class io.apicurio.registry.serde.avro.AvroKafkaSerializer

2025-08-13 02:17:15,207 INFO  [org.apa.kaf.com.tel.int.KafkaMetricsCollector] (main) initializing Kafka metrics collector
2025-08-13 02:17:15,213 INFO  [org.apa.kaf.cli.pro.KafkaProducer] (main) [Producer clientId=Producer-topic-028af93b_5fc8_4ba0_b0e3_645326a841d0] Instantiated an idempotent producer.
2025-08-13 02:17:15,222 INFO  [org.apa.kaf.cli.pro.ProducerConfig] (main) These configurations '[apicurio.registry.url, apicurio.registry.artifact-resolver-strategy]' were supplied but are not used yet.
2025-08-13 02:17:15,223 INFO  [org.apa.kaf.com.uti.AppInfoParser] (main) Kafka version: 3.9.1
2025-08-13 02:17:15,223 INFO  [org.apa.kaf.com.uti.AppInfoParser] (main) Kafka commitId: f745dfdcee2b9851
2025-08-13 02:17:15,223 INFO  [org.apa.kaf.com.uti.AppInfoParser] (main) Kafka startTimeMs: 1755051435222
2025-08-13 02:17:15,225 INFO  [io.api.tes.ser.api.KafkaSerdesTester] (Thread-729) Sending message {"keyB": "value-0"} to topic topic-028af93b_5fc8_4ba0_b0e3_645326a841d0
2025-08-13 02:17:15,231 WARN  [org.apa.kaf.cli.NetworkClient] (kafka-producer-network-thread | Producer-topic-028af93b_5fc8_4ba0_b0e3_645326a841d0) [Producer clientId=Producer-topic-028af93b_5fc8_4ba0_b0e3_645326a841d0] The metadata response from the cluster reported a recoverable issue with correlation id 1 : {topic-028af93b_5fc8_4ba0_b0e3_645326a841d0=UNKNOWN_TOPIC_OR_PARTITION}
2025-08-13 02:17:15,231 INFO  [org.apa.kaf.cli.Metadata] (kafka-producer-network-thread | Producer-topic-028af93b_5fc8_4ba0_b0e3_645326a841d0) [Producer clientId=Producer-topic-028af93b_5fc8_4ba0_b0e3_645326a841d0] Cluster ID: rLHX8X_xRIO734wjNEuI8w
2025-08-13 02:17:15,234 INFO  [org.apa.kaf.cli.pro.int.TransactionManager] (kafka-producer-network-thread | Producer-topic-028af93b_5fc8_4ba0_b0e3_645326a841d0) [Producer clientId=Producer-topic-028af93b_5fc8_4ba0_b0e3_645326a841d0] ProducerId set to 22 with epoch 0
2025-08-13 02:17:15,351 INFO  [DefaultSchemaResolver] (Thread-729) Retrieving schema content using string: {"type":"record","name":"myrecord","namespace":"mygroup","fields":[{"name":"keyB","type":"string"}]}
2025-08-13 02:17:15,532 INFO  [org.apa.kaf.cli.pro.KafkaProducer] (Thread-729) [Producer clientId=Producer-topic-028af93b_5fc8_4ba0_b0e3_645326a841d0] Closing the Kafka producer with timeoutMillis = 9223372036854775807 ms.
2025-08-13 02:17:15,536 INFO  [org.apa.kaf.com.met.Metrics] (Thread-729) Metrics scheduler closed
2025-08-13 02:17:15,536 INFO  [org.apa.kaf.com.met.Metrics] (Thread-729) Closing reporter org.apache.kafka.common.metrics.JmxReporter
2025-08-13 02:17:15,536 INFO  [org.apa.kaf.com.met.Metrics] (Thread-729) Closing reporter org.apache.kafka.common.telemetry.internals.ClientTelemetryReporter
2025-08-13 02:17:15,536 INFO  [org.apa.kaf.com.met.Metrics] (Thread-729) Metrics reporters closed
2025-08-13 02:17:15,538 INFO  [org.apa.kaf.com.uti.AppInfoParser] (Thread-729) App info kafka.producer for Producer-topic-028af93b_5fc8_4ba0_b0e3_645326a841d0 unregistered
2025-08-13 02:17:15,539 INFO  [org.ecl.jet.ser.Server] (main) Stopped Server@26b01384{STOPPING}[11.0.15,sto=1000]
2025-08-13 02:17:15,539 INFO  [org.ecl.jet.ser.Server] (main) Shutdown Server@26b01384{STOPPING}[11.0.15,sto=1000]
2025-08-13 02:17:15,545 INFO  [org.ecl.jet.ser.AbstractConnector] (main) Stopped NetworkTrafficServerConnector@6bb37a5{HTTP/1.1, (http/1.1, h2c)}{0.0.0.0:0}
2025-08-13 02:17:15,547 INFO  [org.ecl.jet.ser.han.ContextHandler] (main) Stopped o.e.j.s.ServletContextHandler@2540ad71{/,null,STOPPED}
2025-08-13 02:17:15,548 INFO  [org.ecl.jet.ser.han.ContextHandler] (main) Stopped o.e.j.s.ServletContextHandler@1345d18f{/__admin,null,STOPPED}
2025-08-13 02:17:15,552 INFO  [io.api.tes.uti.TestSeparator] (main) io.apicurio.tests.serdes.apicurio.AvroSerdeIT.testFirstRequestFailsRateLimited-FINISHED
2025-08-13 02:17:15,552 INFO  [io.api.tes.uti.TestSeparator] (main) ############################################################################
Test passed: testFirstRequestFailsRateLimited
]]></system-out>
    <system-err><![CDATA[com.microsoft.kiota.ApiException: the server returned an unexpected status code and no error class is registered for this code 429
	at com.microsoft.kiota.ApiExceptionBuilder.withMessage(ApiExceptionBuilder.java:45)
	at io.kiota.http.vertx.VertXRequestAdapter.throwIfFailedResponse(VertXRequestAdapter.java:370)
	at io.kiota.http.vertx.VertXRequestAdapter.send(VertXRequestAdapter.java:170)
	at io.apicurio.registry.rest.client.search.versions.VersionsRequestBuilder.post(VersionsRequestBuilder.java:94)
	at io.apicurio.registry.resolver.client.RegistryClientFacadeImpl.searchVersionsByContent(RegistryClientFacadeImpl.java:106)
	at io.apicurio.registry.resolver.DefaultSchemaResolver.lambda$handleResolveSchemaByContent$3(DefaultSchemaResolver.java:258)
	at io.apicurio.registry.resolver.cache.ERCache.lambda$getValue$0(ERCache.java:174)
	at io.apicurio.registry.resolver.cache.ERCache.retry(ERCache.java:227)
	at io.apicurio.registry.resolver.cache.ERCache.getValue(ERCache.java:173)
	at io.apicurio.registry.resolver.cache.ERCache.getByContent(ERCache.java:147)
	at io.apicurio.registry.resolver.DefaultSchemaResolver.handleResolveSchemaByContent(DefaultSchemaResolver.java:253)
	at io.apicurio.registry.resolver.DefaultSchemaResolver.getSchemaFromRegistry(DefaultSchemaResolver.java:138)
	at io.apicurio.registry.resolver.DefaultSchemaResolver.lambda$resolveSchema$0(DefaultSchemaResolver.java:84)
	at java.base/java.util.Optional.orElseGet(Optional.java:364)
	at io.apicurio.registry.resolver.DefaultSchemaResolver.resolveSchema(DefaultSchemaResolver.java:84)
	at io.apicurio.registry.serde.AbstractSerializer.serializeData(AbstractSerializer.java:62)
	at io.apicurio.registry.serde.KafkaSerializer.serialize(KafkaSerializer.java:77)
	at org.apache.kafka.clients.producer.KafkaProducer.doSend(KafkaProducer.java:1046)
	at org.apache.kafka.clients.producer.KafkaProducer.send(KafkaProducer.java:993)
	at org.apache.kafka.clients.producer.KafkaProducer.send(KafkaProducer.java:875)
	at io.apicurio.tests.serdes.apicurio.KafkaSerdesTester.lambda$produceMessages$3(KafkaSerdesTester.java:138)
	at java.base/java.util.concurrent.CompletableFuture$AsyncSupply.run(CompletableFuture.java:1768)
	at java.base/java.lang.Thread.run(Thread.java:840)
]]></system-err>
  </testcase>
  <testcase name="testFirstEmptyFieldConfusedAsMagicByte" classname="io.apicurio.tests.serdes.apicurio.AvroSerdeIT" time="3.796">
    <system-out><![CDATA[2025-08-13 02:17:15,553 INFO  [io.api.tes.uti.TestSeparator] (main) ############################################################################
2025-08-13 02:17:15,553 INFO  [io.api.tes.uti.TestSeparator] (main) io.apicurio.tests.serdes.apicurio.AvroSerdeIT.testFirstEmptyFieldConfusedAsMagicByte-STARTED
**** Registry Base URL: http://registry-app-mysql.apps.ci419.apicurio-testing.org:80
2025-08-13 02:17:15,555 INFO  [org.apa.kaf.cli.pro.ProducerConfig] (main) ProducerConfig values: 
	acks = -1
	auto.include.jmx.reporter = true
	batch.size = 16384
	bootstrap.servers = [PLAINTEXT://localhost:32769]
	buffer.memory = 33554432
	client.dns.lookup = use_all_dns_ips
	client.id = Producer-topic-6837f065_226d_4f3e_93ef_74b5b72e0857
	compression.gzip.level = -1
	compression.lz4.level = 9
	compression.type = none
	compression.zstd.level = 3
	connections.max.idle.ms = 10000
	delivery.timeout.ms = 120000
	enable.idempotence = true
	enable.metrics.push = true
	interceptor.classes = []
	key.serializer = class org.apache.kafka.common.serialization.StringSerializer
	linger.ms = 0
	max.block.ms = 60000
	max.in.flight.requests.per.connection = 5
	max.request.size = 1048576
	metadata.max.age.ms = 300000
	metadata.max.idle.ms = 300000
	metadata.recovery.strategy = none
	metric.reporters = []
	metrics.num.samples = 2
	metrics.recording.level = INFO
	metrics.sample.window.ms = 30000
	partitioner.adaptive.partitioning.enable = true
	partitioner.availability.timeout.ms = 0
	partitioner.class = null
	partitioner.ignore.keys = false
	receive.buffer.bytes = 32768
	reconnect.backoff.max.ms = 1000
	reconnect.backoff.ms = 50
	request.timeout.ms = 5000
	retries = 2147483647
	retry.backoff.max.ms = 1000
	retry.backoff.ms = 100
	sasl.client.callback.handler.class = null
	sasl.jaas.config = null
	sasl.kerberos.kinit.cmd = /usr/bin/kinit
	sasl.kerberos.min.time.before.relogin = 60000
	sasl.kerberos.service.name = null
	sasl.kerberos.ticket.renew.jitter = 0.05
	sasl.kerberos.ticket.renew.window.factor = 0.8
	sasl.login.callback.handler.class = null
	sasl.login.class = null
	sasl.login.connect.timeout.ms = null
	sasl.login.read.timeout.ms = null
	sasl.login.refresh.buffer.seconds = 300
	sasl.login.refresh.min.period.seconds = 60
	sasl.login.refresh.window.factor = 0.8
	sasl.login.refresh.window.jitter = 0.05
	sasl.login.retry.backoff.max.ms = 10000
	sasl.login.retry.backoff.ms = 100
	sasl.mechanism = GSSAPI
	sasl.oauthbearer.clock.skew.seconds = 30
	sasl.oauthbearer.expected.audience = null
	sasl.oauthbearer.expected.issuer = null
	sasl.oauthbearer.header.urlencode = false
	sasl.oauthbearer.jwks.endpoint.refresh.ms = 3600000
	sasl.oauthbearer.jwks.endpoint.retry.backoff.max.ms = 10000
	sasl.oauthbearer.jwks.endpoint.retry.backoff.ms = 100
	sasl.oauthbearer.jwks.endpoint.url = null
	sasl.oauthbearer.scope.claim.name = scope
	sasl.oauthbearer.sub.claim.name = sub
	sasl.oauthbearer.token.endpoint.url = null
	security.protocol = PLAINTEXT
	security.providers = null
	send.buffer.bytes = 131072
	socket.connection.setup.timeout.max.ms = 30000
	socket.connection.setup.timeout.ms = 10000
	ssl.cipher.suites = null
	ssl.enabled.protocols = [TLSv1.2, TLSv1.3]
	ssl.endpoint.identification.algorithm = https
	ssl.engine.factory.class = null
	ssl.key.password = null
	ssl.keymanager.algorithm = SunX509
	ssl.keystore.certificate.chain = null
	ssl.keystore.key = null
	ssl.keystore.location = null
	ssl.keystore.password = null
	ssl.keystore.type = JKS
	ssl.protocol = TLSv1.3
	ssl.provider = null
	ssl.secure.random.implementation = null
	ssl.trustmanager.algorithm = PKIX
	ssl.truststore.certificates = null
	ssl.truststore.location = null
	ssl.truststore.password = null
	ssl.truststore.type = JKS
	transaction.timeout.ms = 60000
	transactional.id = null
	value.serializer = class io.apicurio.registry.serde.avro.AvroKafkaSerializer

2025-08-13 02:17:15,565 INFO  [org.apa.kaf.com.tel.int.KafkaMetricsCollector] (main) initializing Kafka metrics collector
2025-08-13 02:17:15,568 INFO  [org.apa.kaf.cli.pro.KafkaProducer] (main) [Producer clientId=Producer-topic-6837f065_226d_4f3e_93ef_74b5b72e0857] Instantiated an idempotent producer.
2025-08-13 02:17:15,570 INFO  [org.apa.kaf.cli.pro.ProducerConfig] (main) These configurations '[apicurio.registry.url, apicurio.registry.auto-register, apicurio.registry.artifact-resolver-strategy]' were supplied but are not used yet.
2025-08-13 02:17:15,571 INFO  [org.apa.kaf.com.uti.AppInfoParser] (main) Kafka version: 3.9.1
2025-08-13 02:17:15,571 INFO  [org.apa.kaf.com.uti.AppInfoParser] (main) Kafka commitId: f745dfdcee2b9851
2025-08-13 02:17:15,571 INFO  [org.apa.kaf.com.uti.AppInfoParser] (main) Kafka startTimeMs: 1755051435571
2025-08-13 02:17:15,571 INFO  [io.api.tes.ser.api.SimpleSerdesTesterBuilder$SimpleSerdesTester] (main) Using producer configuration: {apicurio.registry.url=http://registry-app-mysql.apps.ci419.apicurio-testing.org:80/apis/registry/v3, apicurio.registry.auto-register=true, apicurio.registry.artifact-resolver-strategy=io.apicurio.registry.serde.strategy.SimpleTopicIdStrategy, value.serializer=io.apicurio.registry.serde.avro.AvroKafkaSerializer, request.timeout.ms=5000, acks=all, bootstrap.servers=PLAINTEXT://localhost:32769, connections.max.idle.ms=10000, key.serializer=org.apache.kafka.common.serialization.StringSerializer, client.id=Producer-topic-6837f065_226d_4f3e_93ef_74b5b72e0857}
2025-08-13 02:17:15,571 INFO  [io.api.tes.ser.api.SimpleSerdesTesterBuilder$SimpleSerdesTester] (main) Using consumer configuration: {}
2025-08-13 02:17:15,571 INFO  [io.api.tes.ser.api.KafkaSerdesTester] (Thread-732) Sending message {"username": null} to topic topic-6837f065_226d_4f3e_93ef_74b5b72e0857
2025-08-13 02:17:15,574 WARN  [org.apa.kaf.cli.NetworkClient] (kafka-producer-network-thread | Producer-topic-6837f065_226d_4f3e_93ef_74b5b72e0857) [Producer clientId=Producer-topic-6837f065_226d_4f3e_93ef_74b5b72e0857] The metadata response from the cluster reported a recoverable issue with correlation id 1 : {topic-6837f065_226d_4f3e_93ef_74b5b72e0857=UNKNOWN_TOPIC_OR_PARTITION}
2025-08-13 02:17:15,574 INFO  [org.apa.kaf.cli.Metadata] (kafka-producer-network-thread | Producer-topic-6837f065_226d_4f3e_93ef_74b5b72e0857) [Producer clientId=Producer-topic-6837f065_226d_4f3e_93ef_74b5b72e0857] Cluster ID: rLHX8X_xRIO734wjNEuI8w
2025-08-13 02:17:15,576 INFO  [org.apa.kaf.cli.pro.int.TransactionManager] (kafka-producer-network-thread | Producer-topic-6837f065_226d_4f3e_93ef_74b5b72e0857) [Producer clientId=Producer-topic-6837f065_226d_4f3e_93ef_74b5b72e0857] ProducerId set to 23 with epoch 0
2025-08-13 02:17:15,744 INFO  [io.api.tes.ser.api.KafkaSerdesTester] (Thread-732) Sending message {"username": null} to topic topic-6837f065_226d_4f3e_93ef_74b5b72e0857
2025-08-13 02:17:15,746 INFO  [io.api.tes.ser.api.KafkaSerdesTester] (Thread-732) Sending message {"username": "value-2"} to topic topic-6837f065_226d_4f3e_93ef_74b5b72e0857
2025-08-13 02:17:15,747 INFO  [io.api.tes.ser.api.KafkaSerdesTester] (Thread-732) Sending message {"username": null} to topic topic-6837f065_226d_4f3e_93ef_74b5b72e0857
2025-08-13 02:17:15,748 INFO  [io.api.tes.ser.api.KafkaSerdesTester] (Thread-732) Sending message {"username": "value-4"} to topic topic-6837f065_226d_4f3e_93ef_74b5b72e0857
2025-08-13 02:17:15,752 INFO  [io.api.tes.ser.api.KafkaSerdesTester] (Thread-732) Sending message {"username": null} to topic topic-6837f065_226d_4f3e_93ef_74b5b72e0857
2025-08-13 02:17:15,754 INFO  [io.api.tes.ser.api.KafkaSerdesTester] (Thread-732) Sending message {"username": "value-6"} to topic topic-6837f065_226d_4f3e_93ef_74b5b72e0857
2025-08-13 02:17:15,755 INFO  [io.api.tes.ser.api.KafkaSerdesTester] (Thread-732) Sending message {"username": null} to topic topic-6837f065_226d_4f3e_93ef_74b5b72e0857
2025-08-13 02:17:15,756 INFO  [io.api.tes.ser.api.KafkaSerdesTester] (Thread-732) Sending message {"username": "value-8"} to topic topic-6837f065_226d_4f3e_93ef_74b5b72e0857
2025-08-13 02:17:15,757 INFO  [io.api.tes.ser.api.KafkaSerdesTester] (Thread-732) Sending message {"username": null} to topic topic-6837f065_226d_4f3e_93ef_74b5b72e0857
2025-08-13 02:17:15,759 INFO  [io.api.tes.ser.api.KafkaSerdesTester] (Thread-732) Produced 10 messages
2025-08-13 02:17:15,759 INFO  [org.apa.kaf.cli.pro.KafkaProducer] (Thread-732) [Producer clientId=Producer-topic-6837f065_226d_4f3e_93ef_74b5b72e0857] Closing the Kafka producer with timeoutMillis = 9223372036854775807 ms.
2025-08-13 02:17:15,762 INFO  [org.apa.kaf.com.met.Metrics] (Thread-732) Metrics scheduler closed
2025-08-13 02:17:15,762 INFO  [org.apa.kaf.com.met.Metrics] (Thread-732) Closing reporter org.apache.kafka.common.metrics.JmxReporter
2025-08-13 02:17:15,762 INFO  [org.apa.kaf.com.met.Metrics] (Thread-732) Closing reporter org.apache.kafka.common.telemetry.internals.ClientTelemetryReporter
2025-08-13 02:17:15,762 INFO  [org.apa.kaf.com.met.Metrics] (Thread-732) Metrics reporters closed
2025-08-13 02:17:15,762 INFO  [org.apa.kaf.com.uti.AppInfoParser] (Thread-732) App info kafka.producer for Producer-topic-6837f065_226d_4f3e_93ef_74b5b72e0857 unregistered
**** Registry Base URL: http://registry-app-mysql.apps.ci419.apicurio-testing.org:80
2025-08-13 02:17:15,790 INFO  [org.apa.kaf.cli.con.ConsumerConfig] (main) ConsumerConfig values: 
	allow.auto.create.topics = true
	auto.commit.interval.ms = 500
	auto.include.jmx.reporter = true
	auto.offset.reset = earliest
	bootstrap.servers = [PLAINTEXT://localhost:32769]
	check.crcs = true
	client.dns.lookup = use_all_dns_ips
	client.id = consumer-Consumer-topic-6837f065_226d_4f3e_93ef_74b5b72e0857-17
	client.rack = 
	connections.max.idle.ms = 10000
	default.api.timeout.ms = 60000
	enable.auto.commit = true
	enable.metrics.push = true
	exclude.internal.topics = true
	fetch.max.bytes = 52428800
	fetch.max.wait.ms = 500
	fetch.min.bytes = 1
	group.id = Consumer-topic-6837f065_226d_4f3e_93ef_74b5b72e0857
	group.instance.id = null
	group.protocol = classic
	group.remote.assignor = null
	heartbeat.interval.ms = 3000
	interceptor.classes = []
	internal.leave.group.on.close = true
	internal.throw.on.fetch.stable.offset.unsupported = false
	isolation.level = read_uncommitted
	key.deserializer = class org.apache.kafka.common.serialization.StringDeserializer
	max.partition.fetch.bytes = 1048576
	max.poll.interval.ms = 300000
	max.poll.records = 500
	metadata.max.age.ms = 300000
	metadata.recovery.strategy = none
	metric.reporters = []
	metrics.num.samples = 2
	metrics.recording.level = INFO
	metrics.sample.window.ms = 30000
	partition.assignment.strategy = [class org.apache.kafka.clients.consumer.RangeAssignor, class org.apache.kafka.clients.consumer.CooperativeStickyAssignor]
	receive.buffer.bytes = 65536
	reconnect.backoff.max.ms = 1000
	reconnect.backoff.ms = 50
	request.timeout.ms = 5000
	retry.backoff.max.ms = 1000
	retry.backoff.ms = 100
	sasl.client.callback.handler.class = null
	sasl.jaas.config = null
	sasl.kerberos.kinit.cmd = /usr/bin/kinit
	sasl.kerberos.min.time.before.relogin = 60000
	sasl.kerberos.service.name = null
	sasl.kerberos.ticket.renew.jitter = 0.05
	sasl.kerberos.ticket.renew.window.factor = 0.8
	sasl.login.callback.handler.class = null
	sasl.login.class = null
	sasl.login.connect.timeout.ms = null
	sasl.login.read.timeout.ms = null
	sasl.login.refresh.buffer.seconds = 300
	sasl.login.refresh.min.period.seconds = 60
	sasl.login.refresh.window.factor = 0.8
	sasl.login.refresh.window.jitter = 0.05
	sasl.login.retry.backoff.max.ms = 10000
	sasl.login.retry.backoff.ms = 100
	sasl.mechanism = GSSAPI
	sasl.oauthbearer.clock.skew.seconds = 30
	sasl.oauthbearer.expected.audience = null
	sasl.oauthbearer.expected.issuer = null
	sasl.oauthbearer.header.urlencode = false
	sasl.oauthbearer.jwks.endpoint.refresh.ms = 3600000
	sasl.oauthbearer.jwks.endpoint.retry.backoff.max.ms = 10000
	sasl.oauthbearer.jwks.endpoint.retry.backoff.ms = 100
	sasl.oauthbearer.jwks.endpoint.url = null
	sasl.oauthbearer.scope.claim.name = scope
	sasl.oauthbearer.sub.claim.name = sub
	sasl.oauthbearer.token.endpoint.url = null
	security.protocol = PLAINTEXT
	security.providers = null
	send.buffer.bytes = 131072
	session.timeout.ms = 45000
	socket.connection.setup.timeout.max.ms = 30000
	socket.connection.setup.timeout.ms = 10000
	ssl.cipher.suites = null
	ssl.enabled.protocols = [TLSv1.2, TLSv1.3]
	ssl.endpoint.identification.algorithm = https
	ssl.engine.factory.class = null
	ssl.key.password = null
	ssl.keymanager.algorithm = SunX509
	ssl.keystore.certificate.chain = null
	ssl.keystore.key = null
	ssl.keystore.location = null
	ssl.keystore.password = null
	ssl.keystore.type = JKS
	ssl.protocol = TLSv1.3
	ssl.provider = null
	ssl.secure.random.implementation = null
	ssl.trustmanager.algorithm = PKIX
	ssl.truststore.certificates = null
	ssl.truststore.location = null
	ssl.truststore.password = null
	ssl.truststore.type = JKS
	value.deserializer = class io.apicurio.registry.serde.avro.AvroKafkaDeserializer

2025-08-13 02:17:15,790 INFO  [org.apa.kaf.com.tel.int.KafkaMetricsCollector] (main) initializing Kafka metrics collector
2025-08-13 02:17:15,795 INFO  [org.apa.kaf.cli.con.ConsumerConfig] (main) These configurations '[apicurio.registry.url]' were supplied but are not used yet.
2025-08-13 02:17:15,795 INFO  [org.apa.kaf.com.uti.AppInfoParser] (main) Kafka version: 3.9.1
2025-08-13 02:17:15,795 INFO  [org.apa.kaf.com.uti.AppInfoParser] (main) Kafka commitId: f745dfdcee2b9851
2025-08-13 02:17:15,795 INFO  [org.apa.kaf.com.uti.AppInfoParser] (main) Kafka startTimeMs: 1755051435795
2025-08-13 02:17:15,795 INFO  [org.apa.kaf.cli.con.int.ClassicKafkaConsumer] (Thread-735) [Consumer clientId=consumer-Consumer-topic-6837f065_226d_4f3e_93ef_74b5b72e0857-17, groupId=Consumer-topic-6837f065_226d_4f3e_93ef_74b5b72e0857] Subscribed to topic(s): topic-6837f065_226d_4f3e_93ef_74b5b72e0857
2025-08-13 02:17:15,798 INFO  [org.apa.kaf.cli.Metadata] (Thread-735) [Consumer clientId=consumer-Consumer-topic-6837f065_226d_4f3e_93ef_74b5b72e0857-17, groupId=Consumer-topic-6837f065_226d_4f3e_93ef_74b5b72e0857] Cluster ID: rLHX8X_xRIO734wjNEuI8w
2025-08-13 02:17:15,799 INFO  [org.apa.kaf.cli.con.int.ConsumerCoordinator] (Thread-735) [Consumer clientId=consumer-Consumer-topic-6837f065_226d_4f3e_93ef_74b5b72e0857-17, groupId=Consumer-topic-6837f065_226d_4f3e_93ef_74b5b72e0857] Discovered group coordinator localhost:32769 (id: 2147483647 rack: null)
2025-08-13 02:17:15,800 INFO  [org.apa.kaf.cli.con.int.ConsumerCoordinator] (Thread-735) [Consumer clientId=consumer-Consumer-topic-6837f065_226d_4f3e_93ef_74b5b72e0857-17, groupId=Consumer-topic-6837f065_226d_4f3e_93ef_74b5b72e0857] (Re-)joining group
2025-08-13 02:17:15,802 INFO  [org.apa.kaf.cli.con.int.ConsumerCoordinator] (Thread-735) [Consumer clientId=consumer-Consumer-topic-6837f065_226d_4f3e_93ef_74b5b72e0857-17, groupId=Consumer-topic-6837f065_226d_4f3e_93ef_74b5b72e0857] Request joining group due to: need to re-join with the given member-id: consumer-Consumer-topic-6837f065_226d_4f3e_93ef_74b5b72e0857-17-242c9470-2208-4cc0-9907-900a61747a43
2025-08-13 02:17:15,802 INFO  [org.apa.kaf.cli.con.int.ConsumerCoordinator] (Thread-735) [Consumer clientId=consumer-Consumer-topic-6837f065_226d_4f3e_93ef_74b5b72e0857-17, groupId=Consumer-topic-6837f065_226d_4f3e_93ef_74b5b72e0857] (Re-)joining group
2025-08-13 02:17:16,795 INFO  [io.api.tes.ser.api.KafkaSerdesTester] (Thread-735) None found
2025-08-13 02:17:17,795 INFO  [io.api.tes.ser.api.KafkaSerdesTester] (Thread-735) None found
2025-08-13 02:17:18,796 INFO  [io.api.tes.ser.api.KafkaSerdesTester] (Thread-735) None found
2025-08-13 02:17:18,803 INFO  [org.apa.kaf.cli.con.int.ConsumerCoordinator] (Thread-735) [Consumer clientId=consumer-Consumer-topic-6837f065_226d_4f3e_93ef_74b5b72e0857-17, groupId=Consumer-topic-6837f065_226d_4f3e_93ef_74b5b72e0857] Successfully joined group with generation Generation{generationId=1, memberId='consumer-Consumer-topic-6837f065_226d_4f3e_93ef_74b5b72e0857-17-242c9470-2208-4cc0-9907-900a61747a43', protocol='range'}
2025-08-13 02:17:18,803 INFO  [org.apa.kaf.cli.con.int.ConsumerCoordinator] (Thread-735) [Consumer clientId=consumer-Consumer-topic-6837f065_226d_4f3e_93ef_74b5b72e0857-17, groupId=Consumer-topic-6837f065_226d_4f3e_93ef_74b5b72e0857] Finished assignment for group at generation 1: {consumer-Consumer-topic-6837f065_226d_4f3e_93ef_74b5b72e0857-17-242c9470-2208-4cc0-9907-900a61747a43=Assignment(partitions=[topic-6837f065_226d_4f3e_93ef_74b5b72e0857-0])}
2025-08-13 02:17:18,810 INFO  [org.apa.kaf.cli.con.int.ConsumerCoordinator] (Thread-735) [Consumer clientId=consumer-Consumer-topic-6837f065_226d_4f3e_93ef_74b5b72e0857-17, groupId=Consumer-topic-6837f065_226d_4f3e_93ef_74b5b72e0857] Successfully synced group in generation Generation{generationId=1, memberId='consumer-Consumer-topic-6837f065_226d_4f3e_93ef_74b5b72e0857-17-242c9470-2208-4cc0-9907-900a61747a43', protocol='range'}
2025-08-13 02:17:18,810 INFO  [org.apa.kaf.cli.con.int.ConsumerCoordinator] (Thread-735) [Consumer clientId=consumer-Consumer-topic-6837f065_226d_4f3e_93ef_74b5b72e0857-17, groupId=Consumer-topic-6837f065_226d_4f3e_93ef_74b5b72e0857] Notifying assignor about the new Assignment(partitions=[topic-6837f065_226d_4f3e_93ef_74b5b72e0857-0])
2025-08-13 02:17:18,810 INFO  [org.apa.kaf.cli.con.int.ConsumerRebalanceListenerInvoker] (Thread-735) [Consumer clientId=consumer-Consumer-topic-6837f065_226d_4f3e_93ef_74b5b72e0857-17, groupId=Consumer-topic-6837f065_226d_4f3e_93ef_74b5b72e0857] Adding newly assigned partitions: topic-6837f065_226d_4f3e_93ef_74b5b72e0857-0
2025-08-13 02:17:18,811 INFO  [org.apa.kaf.cli.con.int.ConsumerCoordinator] (Thread-735) [Consumer clientId=consumer-Consumer-topic-6837f065_226d_4f3e_93ef_74b5b72e0857-17, groupId=Consumer-topic-6837f065_226d_4f3e_93ef_74b5b72e0857] Found no committed offset for partition topic-6837f065_226d_4f3e_93ef_74b5b72e0857-0
2025-08-13 02:17:18,813 INFO  [org.apa.kaf.cli.con.int.SubscriptionState] (Thread-735) [Consumer clientId=consumer-Consumer-topic-6837f065_226d_4f3e_93ef_74b5b72e0857-17, groupId=Consumer-topic-6837f065_226d_4f3e_93ef_74b5b72e0857] Resetting offset for partition topic-6837f065_226d_4f3e_93ef_74b5b72e0857-0 to position FetchPosition{offset=0, offsetEpoch=Optional.empty, currentLeader=LeaderAndEpoch{leader=Optional[localhost:32769 (id: 0 rack: null)], epoch=0}}.
2025-08-13 02:17:18,843 INFO  [io.api.tes.ser.api.KafkaSerdesTester] (Thread-735) topic-6837f065_226d_4f3e_93ef_74b5b72e0857 0 0 {"username": null}
2025-08-13 02:17:18,843 INFO  [io.api.tes.ser.api.KafkaSerdesTester] (Thread-735) topic-6837f065_226d_4f3e_93ef_74b5b72e0857 0 1 {"username": null}
2025-08-13 02:17:18,843 INFO  [io.api.tes.ser.api.KafkaSerdesTester] (Thread-735) topic-6837f065_226d_4f3e_93ef_74b5b72e0857 0 2 {"username": "value-2"}
2025-08-13 02:17:18,843 INFO  [io.api.tes.ser.api.KafkaSerdesTester] (Thread-735) topic-6837f065_226d_4f3e_93ef_74b5b72e0857 0 3 {"username": null}
2025-08-13 02:17:18,844 INFO  [io.api.tes.ser.api.KafkaSerdesTester] (Thread-735) topic-6837f065_226d_4f3e_93ef_74b5b72e0857 0 4 {"username": "value-4"}
2025-08-13 02:17:18,844 INFO  [io.api.tes.ser.api.KafkaSerdesTester] (Thread-735) topic-6837f065_226d_4f3e_93ef_74b5b72e0857 0 5 {"username": null}
2025-08-13 02:17:18,844 INFO  [io.api.tes.ser.api.KafkaSerdesTester] (Thread-735) topic-6837f065_226d_4f3e_93ef_74b5b72e0857 0 6 {"username": "value-6"}
2025-08-13 02:17:18,844 INFO  [io.api.tes.ser.api.KafkaSerdesTester] (Thread-735) topic-6837f065_226d_4f3e_93ef_74b5b72e0857 0 7 {"username": null}
2025-08-13 02:17:18,844 INFO  [io.api.tes.ser.api.KafkaSerdesTester] (Thread-735) topic-6837f065_226d_4f3e_93ef_74b5b72e0857 0 8 {"username": "value-8"}
2025-08-13 02:17:18,844 INFO  [io.api.tes.ser.api.KafkaSerdesTester] (Thread-735) topic-6837f065_226d_4f3e_93ef_74b5b72e0857 0 9 {"username": null}
2025-08-13 02:17:18,844 INFO  [io.api.tes.ser.api.KafkaSerdesTester] (Thread-735) Consumed 10 messages
2025-08-13 02:17:18,851 INFO  [org.apa.kaf.cli.con.int.ConsumerRebalanceListenerInvoker] (Thread-735) [Consumer clientId=consumer-Consumer-topic-6837f065_226d_4f3e_93ef_74b5b72e0857-17, groupId=Consumer-topic-6837f065_226d_4f3e_93ef_74b5b72e0857] Revoke previously assigned partitions topic-6837f065_226d_4f3e_93ef_74b5b72e0857-0
2025-08-13 02:17:18,851 INFO  [org.apa.kaf.cli.con.int.ConsumerCoordinator] (Thread-735) [Consumer clientId=consumer-Consumer-topic-6837f065_226d_4f3e_93ef_74b5b72e0857-17, groupId=Consumer-topic-6837f065_226d_4f3e_93ef_74b5b72e0857] Member consumer-Consumer-topic-6837f065_226d_4f3e_93ef_74b5b72e0857-17-242c9470-2208-4cc0-9907-900a61747a43 sending LeaveGroup request to coordinator localhost:32769 (id: 2147483647 rack: null) due to the consumer is being closed
2025-08-13 02:17:18,852 INFO  [org.apa.kaf.cli.con.int.ConsumerCoordinator] (Thread-735) [Consumer clientId=consumer-Consumer-topic-6837f065_226d_4f3e_93ef_74b5b72e0857-17, groupId=Consumer-topic-6837f065_226d_4f3e_93ef_74b5b72e0857] Resetting generation and member id due to: consumer pro-actively leaving the group
2025-08-13 02:17:18,852 INFO  [org.apa.kaf.cli.con.int.ConsumerCoordinator] (Thread-735) [Consumer clientId=consumer-Consumer-topic-6837f065_226d_4f3e_93ef_74b5b72e0857-17, groupId=Consumer-topic-6837f065_226d_4f3e_93ef_74b5b72e0857] Request joining group due to: consumer pro-actively leaving the group
2025-08-13 02:17:19,346 INFO  [org.apa.kaf.com.met.Metrics] (Thread-735) Metrics scheduler closed
2025-08-13 02:17:19,346 INFO  [org.apa.kaf.com.met.Metrics] (Thread-735) Closing reporter org.apache.kafka.common.metrics.JmxReporter
2025-08-13 02:17:19,346 INFO  [org.apa.kaf.com.met.Metrics] (Thread-735) Closing reporter org.apache.kafka.common.telemetry.internals.ClientTelemetryReporter
2025-08-13 02:17:19,346 INFO  [org.apa.kaf.com.met.Metrics] (Thread-735) Metrics reporters closed
2025-08-13 02:17:19,348 INFO  [org.apa.kaf.com.uti.AppInfoParser] (Thread-735) App info kafka.consumer for consumer-Consumer-topic-6837f065_226d_4f3e_93ef_74b5b72e0857-17 unregistered
2025-08-13 02:17:19,349 INFO  [io.api.tes.uti.TestSeparator] (main) io.apicurio.tests.serdes.apicurio.AvroSerdeIT.testFirstEmptyFieldConfusedAsMagicByte-FINISHED
2025-08-13 02:17:19,349 INFO  [io.api.tes.uti.TestSeparator] (main) ############################################################################
Test passed: testFirstEmptyFieldConfusedAsMagicByte
]]></system-out>
  </testcase>
  <testcase name="testAvroSerDesFailDifferentSchemaByContent" classname="io.apicurio.tests.serdes.apicurio.AvroSerdeIT" time="1.113">
    <system-out><![CDATA[2025-08-13 02:17:19,351 INFO  [io.api.tes.uti.TestSeparator] (main) ############################################################################
2025-08-13 02:17:19,351 INFO  [io.api.tes.uti.TestSeparator] (main) io.apicurio.tests.serdes.apicurio.AvroSerdeIT.testAvroSerDesFailDifferentSchemaByContent-STARTED
**** Registry Base URL: http://registry-app-mysql.apps.ci419.apicurio-testing.org:80
2025-08-13 02:17:20,417 INFO  [org.apa.kaf.cli.pro.ProducerConfig] (main) ProducerConfig values: 
	acks = -1
	auto.include.jmx.reporter = true
	batch.size = 16384
	bootstrap.servers = [PLAINTEXT://localhost:32769]
	buffer.memory = 33554432
	client.dns.lookup = use_all_dns_ips
	client.id = Producer-topic-627eb2fd_c981_45b5_b37c_f715dc47da7a
	compression.gzip.level = -1
	compression.lz4.level = 9
	compression.type = none
	compression.zstd.level = 3
	connections.max.idle.ms = 10000
	delivery.timeout.ms = 120000
	enable.idempotence = true
	enable.metrics.push = true
	interceptor.classes = []
	key.serializer = class org.apache.kafka.common.serialization.StringSerializer
	linger.ms = 0
	max.block.ms = 60000
	max.in.flight.requests.per.connection = 5
	max.request.size = 1048576
	metadata.max.age.ms = 300000
	metadata.max.idle.ms = 300000
	metadata.recovery.strategy = none
	metric.reporters = []
	metrics.num.samples = 2
	metrics.recording.level = INFO
	metrics.sample.window.ms = 30000
	partitioner.adaptive.partitioning.enable = true
	partitioner.availability.timeout.ms = 0
	partitioner.class = null
	partitioner.ignore.keys = false
	receive.buffer.bytes = 32768
	reconnect.backoff.max.ms = 1000
	reconnect.backoff.ms = 50
	request.timeout.ms = 5000
	retries = 2147483647
	retry.backoff.max.ms = 1000
	retry.backoff.ms = 100
	sasl.client.callback.handler.class = null
	sasl.jaas.config = null
	sasl.kerberos.kinit.cmd = /usr/bin/kinit
	sasl.kerberos.min.time.before.relogin = 60000
	sasl.kerberos.service.name = null
	sasl.kerberos.ticket.renew.jitter = 0.05
	sasl.kerberos.ticket.renew.window.factor = 0.8
	sasl.login.callback.handler.class = null
	sasl.login.class = null
	sasl.login.connect.timeout.ms = null
	sasl.login.read.timeout.ms = null
	sasl.login.refresh.buffer.seconds = 300
	sasl.login.refresh.min.period.seconds = 60
	sasl.login.refresh.window.factor = 0.8
	sasl.login.refresh.window.jitter = 0.05
	sasl.login.retry.backoff.max.ms = 10000
	sasl.login.retry.backoff.ms = 100
	sasl.mechanism = GSSAPI
	sasl.oauthbearer.clock.skew.seconds = 30
	sasl.oauthbearer.expected.audience = null
	sasl.oauthbearer.expected.issuer = null
	sasl.oauthbearer.header.urlencode = false
	sasl.oauthbearer.jwks.endpoint.refresh.ms = 3600000
	sasl.oauthbearer.jwks.endpoint.retry.backoff.max.ms = 10000
	sasl.oauthbearer.jwks.endpoint.retry.backoff.ms = 100
	sasl.oauthbearer.jwks.endpoint.url = null
	sasl.oauthbearer.scope.claim.name = scope
	sasl.oauthbearer.sub.claim.name = sub
	sasl.oauthbearer.token.endpoint.url = null
	security.protocol = PLAINTEXT
	security.providers = null
	send.buffer.bytes = 131072
	socket.connection.setup.timeout.max.ms = 30000
	socket.connection.setup.timeout.ms = 10000
	ssl.cipher.suites = null
	ssl.enabled.protocols = [TLSv1.2, TLSv1.3]
	ssl.endpoint.identification.algorithm = https
	ssl.engine.factory.class = null
	ssl.key.password = null
	ssl.keymanager.algorithm = SunX509
	ssl.keystore.certificate.chain = null
	ssl.keystore.key = null
	ssl.keystore.location = null
	ssl.keystore.password = null
	ssl.keystore.type = JKS
	ssl.protocol = TLSv1.3
	ssl.provider = null
	ssl.secure.random.implementation = null
	ssl.trustmanager.algorithm = PKIX
	ssl.truststore.certificates = null
	ssl.truststore.location = null
	ssl.truststore.password = null
	ssl.truststore.type = JKS
	transaction.timeout.ms = 60000
	transactional.id = null
	value.serializer = class io.apicurio.registry.serde.avro.AvroKafkaSerializer

2025-08-13 02:17:20,417 INFO  [org.apa.kaf.com.tel.int.KafkaMetricsCollector] (main) initializing Kafka metrics collector
2025-08-13 02:17:20,421 INFO  [org.apa.kaf.cli.pro.KafkaProducer] (main) [Producer clientId=Producer-topic-627eb2fd_c981_45b5_b37c_f715dc47da7a] Instantiated an idempotent producer.
2025-08-13 02:17:20,428 INFO  [org.apa.kaf.cli.pro.ProducerConfig] (main) These configurations '[apicurio.registry.url, apicurio.registry.artifact-resolver-strategy]' were supplied but are not used yet.
2025-08-13 02:17:20,428 INFO  [org.apa.kaf.com.uti.AppInfoParser] (main) Kafka version: 3.9.1
2025-08-13 02:17:20,428 INFO  [org.apa.kaf.com.uti.AppInfoParser] (main) Kafka commitId: f745dfdcee2b9851
2025-08-13 02:17:20,428 INFO  [org.apa.kaf.com.uti.AppInfoParser] (main) Kafka startTimeMs: 1755051440428
2025-08-13 02:17:20,428 INFO  [io.api.tes.ser.api.KafkaSerdesTester] (Thread-738) Sending message {"keyB": "value-0"} to topic topic-627eb2fd_c981_45b5_b37c_f715dc47da7a
2025-08-13 02:17:20,431 INFO  [org.apa.kaf.cli.Metadata] (kafka-producer-network-thread | Producer-topic-627eb2fd_c981_45b5_b37c_f715dc47da7a) [Producer clientId=Producer-topic-627eb2fd_c981_45b5_b37c_f715dc47da7a] Cluster ID: rLHX8X_xRIO734wjNEuI8w
2025-08-13 02:17:20,431 INFO  [DefaultSchemaResolver] (Thread-738) Retrieving schema content using string: {"type":"record","name":"s066944fcx308bx4bb2xa614x6c4f3258bf57","namespace":"s07eacb1fxe335x4949x9fbax3dbfa34718e4","fields":[{"name":"keyB","type":"string"}]}
2025-08-13 02:17:20,431 INFO  [org.apa.kaf.cli.pro.int.TransactionManager] (kafka-producer-network-thread | Producer-topic-627eb2fd_c981_45b5_b37c_f715dc47da7a) [Producer clientId=Producer-topic-627eb2fd_c981_45b5_b37c_f715dc47da7a] ProducerId set to 24 with epoch 0
2025-08-13 02:17:20,460 INFO  [org.apa.kaf.cli.pro.KafkaProducer] (Thread-738) [Producer clientId=Producer-topic-627eb2fd_c981_45b5_b37c_f715dc47da7a] Closing the Kafka producer with timeoutMillis = 9223372036854775807 ms.
2025-08-13 02:17:20,462 INFO  [org.apa.kaf.com.met.Metrics] (Thread-738) Metrics scheduler closed
2025-08-13 02:17:20,462 INFO  [org.apa.kaf.com.met.Metrics] (Thread-738) Closing reporter org.apache.kafka.common.metrics.JmxReporter
2025-08-13 02:17:20,462 INFO  [org.apa.kaf.com.met.Metrics] (Thread-738) Closing reporter org.apache.kafka.common.telemetry.internals.ClientTelemetryReporter
2025-08-13 02:17:20,462 INFO  [org.apa.kaf.com.met.Metrics] (Thread-738) Metrics reporters closed
2025-08-13 02:17:20,463 INFO  [org.apa.kaf.com.uti.AppInfoParser] (Thread-738) App info kafka.producer for Producer-topic-627eb2fd_c981_45b5_b37c_f715dc47da7a unregistered
2025-08-13 02:17:20,463 INFO  [io.api.tes.uti.TestSeparator] (main) io.apicurio.tests.serdes.apicurio.AvroSerdeIT.testAvroSerDesFailDifferentSchemaByContent-FINISHED
2025-08-13 02:17:20,463 INFO  [io.api.tes.uti.TestSeparator] (main) ############################################################################
Test passed: testAvroSerDesFailDifferentSchemaByContent
]]></system-out>
    <system-err><![CDATA[java.lang.RuntimeException: Could not resolve artifact reference by content: {"type":"record","name":"s066944fcx308bx4bb2xa614x6c4f3258bf57","namespace":"s07eacb1fxe335x4949x9fbax3dbfa34718e4","fields":[{"name":"keyB","type":"string"}]}&ArtifactReference [groupId=s07eacb1fxe335x4949x9fbax3dbfa34718e4, artifactId=s066944fcx308bx4bb2xa614x6c4f3258bf57, version=null, globalId=null, contentId=null, contentHash=null]
	at io.apicurio.registry.resolver.DefaultSchemaResolver.lambda$handleResolveSchemaByContent$3(DefaultSchemaResolver.java:265)
	at io.apicurio.registry.resolver.cache.ERCache.lambda$getValue$0(ERCache.java:174)
	at io.apicurio.registry.resolver.cache.ERCache.retry(ERCache.java:227)
	at io.apicurio.registry.resolver.cache.ERCache.getValue(ERCache.java:173)
	at io.apicurio.registry.resolver.cache.ERCache.getByContent(ERCache.java:147)
	at io.apicurio.registry.resolver.DefaultSchemaResolver.handleResolveSchemaByContent(DefaultSchemaResolver.java:253)
	at io.apicurio.registry.resolver.DefaultSchemaResolver.getSchemaFromRegistry(DefaultSchemaResolver.java:138)
	at io.apicurio.registry.resolver.DefaultSchemaResolver.lambda$resolveSchema$0(DefaultSchemaResolver.java:84)
	at java.base/java.util.Optional.orElseGet(Optional.java:364)
	at io.apicurio.registry.resolver.DefaultSchemaResolver.resolveSchema(DefaultSchemaResolver.java:84)
	at io.apicurio.registry.serde.AbstractSerializer.serializeData(AbstractSerializer.java:62)
	at io.apicurio.registry.serde.KafkaSerializer.serialize(KafkaSerializer.java:77)
	at org.apache.kafka.clients.producer.KafkaProducer.doSend(KafkaProducer.java:1046)
	at org.apache.kafka.clients.producer.KafkaProducer.send(KafkaProducer.java:993)
	at org.apache.kafka.clients.producer.KafkaProducer.send(KafkaProducer.java:875)
	at io.apicurio.tests.serdes.apicurio.KafkaSerdesTester.lambda$produceMessages$3(KafkaSerdesTester.java:138)
	at java.base/java.util.concurrent.CompletableFuture$AsyncSupply.run(CompletableFuture.java:1768)
	at java.base/java.lang.Thread.run(Thread.java:840)
]]></system-err>
  </testcase>
  <testcase name="testGlobalIdInBody" classname="io.apicurio.tests.serdes.apicurio.AvroSerdeIT" time="3.804">
    <system-out><![CDATA[2025-08-13 02:17:20,470 INFO  [io.api.tes.uti.TestSeparator] (main) ############################################################################
2025-08-13 02:17:20,470 INFO  [io.api.tes.uti.TestSeparator] (main) io.apicurio.tests.serdes.apicurio.AvroSerdeIT.testGlobalIdInBody-STARTED
**** Registry Base URL: http://registry-app-mysql.apps.ci419.apicurio-testing.org:80
2025-08-13 02:17:20,473 INFO  [org.apa.kaf.cli.pro.ProducerConfig] (main) ProducerConfig values: 
	acks = -1
	auto.include.jmx.reporter = true
	batch.size = 16384
	bootstrap.servers = [PLAINTEXT://localhost:32769]
	buffer.memory = 33554432
	client.dns.lookup = use_all_dns_ips
	client.id = Producer-topic-78fec4f6_1fb6_4ff9_a8bb_230c2e485351
	compression.gzip.level = -1
	compression.lz4.level = 9
	compression.type = none
	compression.zstd.level = 3
	connections.max.idle.ms = 10000
	delivery.timeout.ms = 120000
	enable.idempotence = true
	enable.metrics.push = true
	interceptor.classes = []
	key.serializer = class org.apache.kafka.common.serialization.StringSerializer
	linger.ms = 0
	max.block.ms = 60000
	max.in.flight.requests.per.connection = 5
	max.request.size = 1048576
	metadata.max.age.ms = 300000
	metadata.max.idle.ms = 300000
	metadata.recovery.strategy = none
	metric.reporters = []
	metrics.num.samples = 2
	metrics.recording.level = INFO
	metrics.sample.window.ms = 30000
	partitioner.adaptive.partitioning.enable = true
	partitioner.availability.timeout.ms = 0
	partitioner.class = null
	partitioner.ignore.keys = false
	receive.buffer.bytes = 32768
	reconnect.backoff.max.ms = 1000
	reconnect.backoff.ms = 50
	request.timeout.ms = 5000
	retries = 2147483647
	retry.backoff.max.ms = 1000
	retry.backoff.ms = 100
	sasl.client.callback.handler.class = null
	sasl.jaas.config = null
	sasl.kerberos.kinit.cmd = /usr/bin/kinit
	sasl.kerberos.min.time.before.relogin = 60000
	sasl.kerberos.service.name = null
	sasl.kerberos.ticket.renew.jitter = 0.05
	sasl.kerberos.ticket.renew.window.factor = 0.8
	sasl.login.callback.handler.class = null
	sasl.login.class = null
	sasl.login.connect.timeout.ms = null
	sasl.login.read.timeout.ms = null
	sasl.login.refresh.buffer.seconds = 300
	sasl.login.refresh.min.period.seconds = 60
	sasl.login.refresh.window.factor = 0.8
	sasl.login.refresh.window.jitter = 0.05
	sasl.login.retry.backoff.max.ms = 10000
	sasl.login.retry.backoff.ms = 100
	sasl.mechanism = GSSAPI
	sasl.oauthbearer.clock.skew.seconds = 30
	sasl.oauthbearer.expected.audience = null
	sasl.oauthbearer.expected.issuer = null
	sasl.oauthbearer.header.urlencode = false
	sasl.oauthbearer.jwks.endpoint.refresh.ms = 3600000
	sasl.oauthbearer.jwks.endpoint.retry.backoff.max.ms = 10000
	sasl.oauthbearer.jwks.endpoint.retry.backoff.ms = 100
	sasl.oauthbearer.jwks.endpoint.url = null
	sasl.oauthbearer.scope.claim.name = scope
	sasl.oauthbearer.sub.claim.name = sub
	sasl.oauthbearer.token.endpoint.url = null
	security.protocol = PLAINTEXT
	security.providers = null
	send.buffer.bytes = 131072
	socket.connection.setup.timeout.max.ms = 30000
	socket.connection.setup.timeout.ms = 10000
	ssl.cipher.suites = null
	ssl.enabled.protocols = [TLSv1.2, TLSv1.3]
	ssl.endpoint.identification.algorithm = https
	ssl.engine.factory.class = null
	ssl.key.password = null
	ssl.keymanager.algorithm = SunX509
	ssl.keystore.certificate.chain = null
	ssl.keystore.key = null
	ssl.keystore.location = null
	ssl.keystore.password = null
	ssl.keystore.type = JKS
	ssl.protocol = TLSv1.3
	ssl.provider = null
	ssl.secure.random.implementation = null
	ssl.trustmanager.algorithm = PKIX
	ssl.truststore.certificates = null
	ssl.truststore.location = null
	ssl.truststore.password = null
	ssl.truststore.type = JKS
	transaction.timeout.ms = 60000
	transactional.id = null
	value.serializer = class io.apicurio.registry.serde.avro.AvroKafkaSerializer

2025-08-13 02:17:20,474 INFO  [org.apa.kaf.com.tel.int.KafkaMetricsCollector] (main) initializing Kafka metrics collector
2025-08-13 02:17:20,479 INFO  [org.apa.kaf.cli.pro.KafkaProducer] (main) [Producer clientId=Producer-topic-78fec4f6_1fb6_4ff9_a8bb_230c2e485351] Instantiated an idempotent producer.
2025-08-13 02:17:20,480 INFO  [org.apa.kaf.cli.pro.ProducerConfig] (main) These configurations '[apicurio.registry.url, apicurio.registry.auto-register, apicurio.registry.use-id, apicurio.registry.artifact-resolver-strategy]' were supplied but are not used yet.
2025-08-13 02:17:20,480 INFO  [org.apa.kaf.com.uti.AppInfoParser] (main) Kafka version: 3.9.1
2025-08-13 02:17:20,480 INFO  [org.apa.kaf.com.uti.AppInfoParser] (main) Kafka commitId: f745dfdcee2b9851
2025-08-13 02:17:20,480 INFO  [org.apa.kaf.com.uti.AppInfoParser] (main) Kafka startTimeMs: 1755051440480
2025-08-13 02:17:20,480 INFO  [io.api.tes.ser.api.SimpleSerdesTesterBuilder$SimpleSerdesTester] (main) Using producer configuration: {apicurio.registry.url=http://registry-app-mysql.apps.ci419.apicurio-testing.org:80/apis/registry/v3, apicurio.registry.auto-register=true, apicurio.registry.use-id=globalId, apicurio.registry.artifact-resolver-strategy=io.apicurio.registry.serde.strategy.TopicIdStrategy, value.serializer=io.apicurio.registry.serde.avro.AvroKafkaSerializer, request.timeout.ms=5000, acks=all, bootstrap.servers=PLAINTEXT://localhost:32769, connections.max.idle.ms=10000, key.serializer=org.apache.kafka.common.serialization.StringSerializer, client.id=Producer-topic-78fec4f6_1fb6_4ff9_a8bb_230c2e485351}
2025-08-13 02:17:20,481 INFO  [io.api.tes.ser.api.SimpleSerdesTesterBuilder$SimpleSerdesTester] (main) Using consumer configuration: {apicurio.registry.use-id=globalId}
2025-08-13 02:17:20,482 INFO  [io.api.tes.ser.api.KafkaSerdesTester] (Thread-741) Sending message {"key11755051440472": "value-0"} to topic topic-78fec4f6_1fb6_4ff9_a8bb_230c2e485351
2025-08-13 02:17:20,485 WARN  [org.apa.kaf.cli.NetworkClient] (kafka-producer-network-thread | Producer-topic-78fec4f6_1fb6_4ff9_a8bb_230c2e485351) [Producer clientId=Producer-topic-78fec4f6_1fb6_4ff9_a8bb_230c2e485351] The metadata response from the cluster reported a recoverable issue with correlation id 1 : {topic-78fec4f6_1fb6_4ff9_a8bb_230c2e485351=UNKNOWN_TOPIC_OR_PARTITION}
2025-08-13 02:17:20,485 INFO  [org.apa.kaf.cli.Metadata] (kafka-producer-network-thread | Producer-topic-78fec4f6_1fb6_4ff9_a8bb_230c2e485351) [Producer clientId=Producer-topic-78fec4f6_1fb6_4ff9_a8bb_230c2e485351] Cluster ID: rLHX8X_xRIO734wjNEuI8w
2025-08-13 02:17:20,486 INFO  [org.apa.kaf.cli.pro.int.TransactionManager] (kafka-producer-network-thread | Producer-topic-78fec4f6_1fb6_4ff9_a8bb_230c2e485351) [Producer clientId=Producer-topic-78fec4f6_1fb6_4ff9_a8bb_230c2e485351] ProducerId set to 25 with epoch 0
2025-08-13 02:17:20,651 INFO  [io.api.tes.ser.api.KafkaSerdesTester] (Thread-741) Sending message {"key11755051440472": "value-1"} to topic topic-78fec4f6_1fb6_4ff9_a8bb_230c2e485351
2025-08-13 02:17:20,653 INFO  [io.api.tes.ser.api.KafkaSerdesTester] (Thread-741) Sending message {"key11755051440472": "value-2"} to topic topic-78fec4f6_1fb6_4ff9_a8bb_230c2e485351
2025-08-13 02:17:20,655 INFO  [io.api.tes.ser.api.KafkaSerdesTester] (Thread-741) Sending message {"key11755051440472": "value-3"} to topic topic-78fec4f6_1fb6_4ff9_a8bb_230c2e485351
2025-08-13 02:17:20,658 INFO  [io.api.tes.ser.api.KafkaSerdesTester] (Thread-741) Sending message {"key11755051440472": "value-4"} to topic topic-78fec4f6_1fb6_4ff9_a8bb_230c2e485351
2025-08-13 02:17:20,661 INFO  [io.api.tes.ser.api.KafkaSerdesTester] (Thread-741) Sending message {"key11755051440472": "value-5"} to topic topic-78fec4f6_1fb6_4ff9_a8bb_230c2e485351
2025-08-13 02:17:20,667 INFO  [io.api.tes.ser.api.KafkaSerdesTester] (Thread-741) Sending message {"key11755051440472": "value-6"} to topic topic-78fec4f6_1fb6_4ff9_a8bb_230c2e485351
2025-08-13 02:17:20,671 INFO  [io.api.tes.ser.api.KafkaSerdesTester] (Thread-741) Sending message {"key11755051440472": "value-7"} to topic topic-78fec4f6_1fb6_4ff9_a8bb_230c2e485351
2025-08-13 02:17:20,673 INFO  [io.api.tes.ser.api.KafkaSerdesTester] (Thread-741) Sending message {"key11755051440472": "value-8"} to topic topic-78fec4f6_1fb6_4ff9_a8bb_230c2e485351
2025-08-13 02:17:20,674 INFO  [io.api.tes.ser.api.KafkaSerdesTester] (Thread-741) Sending message {"key11755051440472": "value-9"} to topic topic-78fec4f6_1fb6_4ff9_a8bb_230c2e485351
2025-08-13 02:17:20,678 INFO  [io.api.tes.ser.api.KafkaSerdesTester] (Thread-741) Produced 10 messages
2025-08-13 02:17:20,678 INFO  [org.apa.kaf.cli.pro.KafkaProducer] (Thread-741) [Producer clientId=Producer-topic-78fec4f6_1fb6_4ff9_a8bb_230c2e485351] Closing the Kafka producer with timeoutMillis = 9223372036854775807 ms.
2025-08-13 02:17:20,680 INFO  [org.apa.kaf.com.met.Metrics] (Thread-741) Metrics scheduler closed
2025-08-13 02:17:20,680 INFO  [org.apa.kaf.com.met.Metrics] (Thread-741) Closing reporter org.apache.kafka.common.metrics.JmxReporter
2025-08-13 02:17:20,680 INFO  [org.apa.kaf.com.met.Metrics] (Thread-741) Closing reporter org.apache.kafka.common.telemetry.internals.ClientTelemetryReporter
2025-08-13 02:17:20,680 INFO  [org.apa.kaf.com.met.Metrics] (Thread-741) Metrics reporters closed
2025-08-13 02:17:20,680 INFO  [org.apa.kaf.com.uti.AppInfoParser] (Thread-741) App info kafka.producer for Producer-topic-78fec4f6_1fb6_4ff9_a8bb_230c2e485351 unregistered
**** Registry Base URL: http://registry-app-mysql.apps.ci419.apicurio-testing.org:80
2025-08-13 02:17:20,707 INFO  [org.apa.kaf.cli.con.ConsumerConfig] (main) ConsumerConfig values: 
	allow.auto.create.topics = true
	auto.commit.interval.ms = 500
	auto.include.jmx.reporter = true
	auto.offset.reset = earliest
	bootstrap.servers = [PLAINTEXT://localhost:32769]
	check.crcs = true
	client.dns.lookup = use_all_dns_ips
	client.id = consumer-Consumer-topic-78fec4f6_1fb6_4ff9_a8bb_230c2e485351-18
	client.rack = 
	connections.max.idle.ms = 10000
	default.api.timeout.ms = 60000
	enable.auto.commit = true
	enable.metrics.push = true
	exclude.internal.topics = true
	fetch.max.bytes = 52428800
	fetch.max.wait.ms = 500
	fetch.min.bytes = 1
	group.id = Consumer-topic-78fec4f6_1fb6_4ff9_a8bb_230c2e485351
	group.instance.id = null
	group.protocol = classic
	group.remote.assignor = null
	heartbeat.interval.ms = 3000
	interceptor.classes = []
	internal.leave.group.on.close = true
	internal.throw.on.fetch.stable.offset.unsupported = false
	isolation.level = read_uncommitted
	key.deserializer = class org.apache.kafka.common.serialization.StringDeserializer
	max.partition.fetch.bytes = 1048576
	max.poll.interval.ms = 300000
	max.poll.records = 500
	metadata.max.age.ms = 300000
	metadata.recovery.strategy = none
	metric.reporters = []
	metrics.num.samples = 2
	metrics.recording.level = INFO
	metrics.sample.window.ms = 30000
	partition.assignment.strategy = [class org.apache.kafka.clients.consumer.RangeAssignor, class org.apache.kafka.clients.consumer.CooperativeStickyAssignor]
	receive.buffer.bytes = 65536
	reconnect.backoff.max.ms = 1000
	reconnect.backoff.ms = 50
	request.timeout.ms = 5000
	retry.backoff.max.ms = 1000
	retry.backoff.ms = 100
	sasl.client.callback.handler.class = null
	sasl.jaas.config = null
	sasl.kerberos.kinit.cmd = /usr/bin/kinit
	sasl.kerberos.min.time.before.relogin = 60000
	sasl.kerberos.service.name = null
	sasl.kerberos.ticket.renew.jitter = 0.05
	sasl.kerberos.ticket.renew.window.factor = 0.8
	sasl.login.callback.handler.class = null
	sasl.login.class = null
	sasl.login.connect.timeout.ms = null
	sasl.login.read.timeout.ms = null
	sasl.login.refresh.buffer.seconds = 300
	sasl.login.refresh.min.period.seconds = 60
	sasl.login.refresh.window.factor = 0.8
	sasl.login.refresh.window.jitter = 0.05
	sasl.login.retry.backoff.max.ms = 10000
	sasl.login.retry.backoff.ms = 100
	sasl.mechanism = GSSAPI
	sasl.oauthbearer.clock.skew.seconds = 30
	sasl.oauthbearer.expected.audience = null
	sasl.oauthbearer.expected.issuer = null
	sasl.oauthbearer.header.urlencode = false
	sasl.oauthbearer.jwks.endpoint.refresh.ms = 3600000
	sasl.oauthbearer.jwks.endpoint.retry.backoff.max.ms = 10000
	sasl.oauthbearer.jwks.endpoint.retry.backoff.ms = 100
	sasl.oauthbearer.jwks.endpoint.url = null
	sasl.oauthbearer.scope.claim.name = scope
	sasl.oauthbearer.sub.claim.name = sub
	sasl.oauthbearer.token.endpoint.url = null
	security.protocol = PLAINTEXT
	security.providers = null
	send.buffer.bytes = 131072
	session.timeout.ms = 45000
	socket.connection.setup.timeout.max.ms = 30000
	socket.connection.setup.timeout.ms = 10000
	ssl.cipher.suites = null
	ssl.enabled.protocols = [TLSv1.2, TLSv1.3]
	ssl.endpoint.identification.algorithm = https
	ssl.engine.factory.class = null
	ssl.key.password = null
	ssl.keymanager.algorithm = SunX509
	ssl.keystore.certificate.chain = null
	ssl.keystore.key = null
	ssl.keystore.location = null
	ssl.keystore.password = null
	ssl.keystore.type = JKS
	ssl.protocol = TLSv1.3
	ssl.provider = null
	ssl.secure.random.implementation = null
	ssl.trustmanager.algorithm = PKIX
	ssl.truststore.certificates = null
	ssl.truststore.location = null
	ssl.truststore.password = null
	ssl.truststore.type = JKS
	value.deserializer = class io.apicurio.registry.serde.avro.AvroKafkaDeserializer

2025-08-13 02:17:20,707 INFO  [org.apa.kaf.com.tel.int.KafkaMetricsCollector] (main) initializing Kafka metrics collector
2025-08-13 02:17:20,712 INFO  [org.apa.kaf.cli.con.ConsumerConfig] (main) These configurations '[apicurio.registry.url, apicurio.registry.use-id]' were supplied but are not used yet.
2025-08-13 02:17:20,712 INFO  [org.apa.kaf.com.uti.AppInfoParser] (main) Kafka version: 3.9.1
2025-08-13 02:17:20,712 INFO  [org.apa.kaf.com.uti.AppInfoParser] (main) Kafka commitId: f745dfdcee2b9851
2025-08-13 02:17:20,712 INFO  [org.apa.kaf.com.uti.AppInfoParser] (main) Kafka startTimeMs: 1755051440712
2025-08-13 02:17:20,712 INFO  [org.apa.kaf.cli.con.int.ClassicKafkaConsumer] (Thread-744) [Consumer clientId=consumer-Consumer-topic-78fec4f6_1fb6_4ff9_a8bb_230c2e485351-18, groupId=Consumer-topic-78fec4f6_1fb6_4ff9_a8bb_230c2e485351] Subscribed to topic(s): topic-78fec4f6_1fb6_4ff9_a8bb_230c2e485351
2025-08-13 02:17:20,716 INFO  [org.apa.kaf.cli.Metadata] (Thread-744) [Consumer clientId=consumer-Consumer-topic-78fec4f6_1fb6_4ff9_a8bb_230c2e485351-18, groupId=Consumer-topic-78fec4f6_1fb6_4ff9_a8bb_230c2e485351] Cluster ID: rLHX8X_xRIO734wjNEuI8w
2025-08-13 02:17:20,717 INFO  [org.apa.kaf.cli.con.int.ConsumerCoordinator] (Thread-744) [Consumer clientId=consumer-Consumer-topic-78fec4f6_1fb6_4ff9_a8bb_230c2e485351-18, groupId=Consumer-topic-78fec4f6_1fb6_4ff9_a8bb_230c2e485351] Discovered group coordinator localhost:32769 (id: 2147483647 rack: null)
2025-08-13 02:17:20,718 INFO  [org.apa.kaf.cli.con.int.ConsumerCoordinator] (Thread-744) [Consumer clientId=consumer-Consumer-topic-78fec4f6_1fb6_4ff9_a8bb_230c2e485351-18, groupId=Consumer-topic-78fec4f6_1fb6_4ff9_a8bb_230c2e485351] (Re-)joining group
2025-08-13 02:17:20,720 INFO  [org.apa.kaf.cli.con.int.ConsumerCoordinator] (Thread-744) [Consumer clientId=consumer-Consumer-topic-78fec4f6_1fb6_4ff9_a8bb_230c2e485351-18, groupId=Consumer-topic-78fec4f6_1fb6_4ff9_a8bb_230c2e485351] Request joining group due to: need to re-join with the given member-id: consumer-Consumer-topic-78fec4f6_1fb6_4ff9_a8bb_230c2e485351-18-abc7f493-6a2b-44e1-ba4a-09f666c018a3
2025-08-13 02:17:20,721 INFO  [org.apa.kaf.cli.con.int.ConsumerCoordinator] (Thread-744) [Consumer clientId=consumer-Consumer-topic-78fec4f6_1fb6_4ff9_a8bb_230c2e485351-18, groupId=Consumer-topic-78fec4f6_1fb6_4ff9_a8bb_230c2e485351] (Re-)joining group
2025-08-13 02:17:21,712 INFO  [io.api.tes.ser.api.KafkaSerdesTester] (Thread-744) None found
2025-08-13 02:17:22,712 INFO  [io.api.tes.ser.api.KafkaSerdesTester] (Thread-744) None found
2025-08-13 02:17:23,712 INFO  [io.api.tes.ser.api.KafkaSerdesTester] (Thread-744) None found
2025-08-13 02:17:23,722 INFO  [org.apa.kaf.cli.con.int.ConsumerCoordinator] (Thread-744) [Consumer clientId=consumer-Consumer-topic-78fec4f6_1fb6_4ff9_a8bb_230c2e485351-18, groupId=Consumer-topic-78fec4f6_1fb6_4ff9_a8bb_230c2e485351] Successfully joined group with generation Generation{generationId=1, memberId='consumer-Consumer-topic-78fec4f6_1fb6_4ff9_a8bb_230c2e485351-18-abc7f493-6a2b-44e1-ba4a-09f666c018a3', protocol='range'}
2025-08-13 02:17:23,723 INFO  [org.apa.kaf.cli.con.int.ConsumerCoordinator] (Thread-744) [Consumer clientId=consumer-Consumer-topic-78fec4f6_1fb6_4ff9_a8bb_230c2e485351-18, groupId=Consumer-topic-78fec4f6_1fb6_4ff9_a8bb_230c2e485351] Finished assignment for group at generation 1: {consumer-Consumer-topic-78fec4f6_1fb6_4ff9_a8bb_230c2e485351-18-abc7f493-6a2b-44e1-ba4a-09f666c018a3=Assignment(partitions=[topic-78fec4f6_1fb6_4ff9_a8bb_230c2e485351-0])}
2025-08-13 02:17:23,729 INFO  [org.apa.kaf.cli.con.int.ConsumerCoordinator] (Thread-744) [Consumer clientId=consumer-Consumer-topic-78fec4f6_1fb6_4ff9_a8bb_230c2e485351-18, groupId=Consumer-topic-78fec4f6_1fb6_4ff9_a8bb_230c2e485351] Successfully synced group in generation Generation{generationId=1, memberId='consumer-Consumer-topic-78fec4f6_1fb6_4ff9_a8bb_230c2e485351-18-abc7f493-6a2b-44e1-ba4a-09f666c018a3', protocol='range'}
2025-08-13 02:17:23,729 INFO  [org.apa.kaf.cli.con.int.ConsumerCoordinator] (Thread-744) [Consumer clientId=consumer-Consumer-topic-78fec4f6_1fb6_4ff9_a8bb_230c2e485351-18, groupId=Consumer-topic-78fec4f6_1fb6_4ff9_a8bb_230c2e485351] Notifying assignor about the new Assignment(partitions=[topic-78fec4f6_1fb6_4ff9_a8bb_230c2e485351-0])
2025-08-13 02:17:23,729 INFO  [org.apa.kaf.cli.con.int.ConsumerRebalanceListenerInvoker] (Thread-744) [Consumer clientId=consumer-Consumer-topic-78fec4f6_1fb6_4ff9_a8bb_230c2e485351-18, groupId=Consumer-topic-78fec4f6_1fb6_4ff9_a8bb_230c2e485351] Adding newly assigned partitions: topic-78fec4f6_1fb6_4ff9_a8bb_230c2e485351-0
2025-08-13 02:17:23,730 INFO  [org.apa.kaf.cli.con.int.ConsumerCoordinator] (Thread-744) [Consumer clientId=consumer-Consumer-topic-78fec4f6_1fb6_4ff9_a8bb_230c2e485351-18, groupId=Consumer-topic-78fec4f6_1fb6_4ff9_a8bb_230c2e485351] Found no committed offset for partition topic-78fec4f6_1fb6_4ff9_a8bb_230c2e485351-0
2025-08-13 02:17:23,732 INFO  [org.apa.kaf.cli.con.int.SubscriptionState] (Thread-744) [Consumer clientId=consumer-Consumer-topic-78fec4f6_1fb6_4ff9_a8bb_230c2e485351-18, groupId=Consumer-topic-78fec4f6_1fb6_4ff9_a8bb_230c2e485351] Resetting offset for partition topic-78fec4f6_1fb6_4ff9_a8bb_230c2e485351-0 to position FetchPosition{offset=0, offsetEpoch=Optional.empty, currentLeader=LeaderAndEpoch{leader=Optional[localhost:32769 (id: 0 rack: null)], epoch=0}}.
2025-08-13 02:17:23,763 INFO  [io.api.tes.ser.api.KafkaSerdesTester] (Thread-744) topic-78fec4f6_1fb6_4ff9_a8bb_230c2e485351 0 0 {"key11755051440472": "value-0"}
2025-08-13 02:17:23,764 INFO  [io.api.tes.ser.api.KafkaSerdesTester] (Thread-744) topic-78fec4f6_1fb6_4ff9_a8bb_230c2e485351 0 1 {"key11755051440472": "value-1"}
2025-08-13 02:17:23,764 INFO  [io.api.tes.ser.api.KafkaSerdesTester] (Thread-744) topic-78fec4f6_1fb6_4ff9_a8bb_230c2e485351 0 2 {"key11755051440472": "value-2"}
2025-08-13 02:17:23,764 INFO  [io.api.tes.ser.api.KafkaSerdesTester] (Thread-744) topic-78fec4f6_1fb6_4ff9_a8bb_230c2e485351 0 3 {"key11755051440472": "value-3"}
2025-08-13 02:17:23,764 INFO  [io.api.tes.ser.api.KafkaSerdesTester] (Thread-744) topic-78fec4f6_1fb6_4ff9_a8bb_230c2e485351 0 4 {"key11755051440472": "value-4"}
2025-08-13 02:17:23,764 INFO  [io.api.tes.ser.api.KafkaSerdesTester] (Thread-744) topic-78fec4f6_1fb6_4ff9_a8bb_230c2e485351 0 5 {"key11755051440472": "value-5"}
2025-08-13 02:17:23,764 INFO  [io.api.tes.ser.api.KafkaSerdesTester] (Thread-744) topic-78fec4f6_1fb6_4ff9_a8bb_230c2e485351 0 6 {"key11755051440472": "value-6"}
2025-08-13 02:17:23,764 INFO  [io.api.tes.ser.api.KafkaSerdesTester] (Thread-744) topic-78fec4f6_1fb6_4ff9_a8bb_230c2e485351 0 7 {"key11755051440472": "value-7"}
2025-08-13 02:17:23,764 INFO  [io.api.tes.ser.api.KafkaSerdesTester] (Thread-744) topic-78fec4f6_1fb6_4ff9_a8bb_230c2e485351 0 8 {"key11755051440472": "value-8"}
2025-08-13 02:17:23,764 INFO  [io.api.tes.ser.api.KafkaSerdesTester] (Thread-744) topic-78fec4f6_1fb6_4ff9_a8bb_230c2e485351 0 9 {"key11755051440472": "value-9"}
2025-08-13 02:17:23,764 INFO  [io.api.tes.ser.api.KafkaSerdesTester] (Thread-744) Consumed 10 messages
2025-08-13 02:17:23,770 INFO  [org.apa.kaf.cli.con.int.ConsumerRebalanceListenerInvoker] (Thread-744) [Consumer clientId=consumer-Consumer-topic-78fec4f6_1fb6_4ff9_a8bb_230c2e485351-18, groupId=Consumer-topic-78fec4f6_1fb6_4ff9_a8bb_230c2e485351] Revoke previously assigned partitions topic-78fec4f6_1fb6_4ff9_a8bb_230c2e485351-0
2025-08-13 02:17:23,770 INFO  [org.apa.kaf.cli.con.int.ConsumerCoordinator] (Thread-744) [Consumer clientId=consumer-Consumer-topic-78fec4f6_1fb6_4ff9_a8bb_230c2e485351-18, groupId=Consumer-topic-78fec4f6_1fb6_4ff9_a8bb_230c2e485351] Member consumer-Consumer-topic-78fec4f6_1fb6_4ff9_a8bb_230c2e485351-18-abc7f493-6a2b-44e1-ba4a-09f666c018a3 sending LeaveGroup request to coordinator localhost:32769 (id: 2147483647 rack: null) due to the consumer is being closed
2025-08-13 02:17:23,770 INFO  [org.apa.kaf.cli.con.int.ConsumerCoordinator] (Thread-744) [Consumer clientId=consumer-Consumer-topic-78fec4f6_1fb6_4ff9_a8bb_230c2e485351-18, groupId=Consumer-topic-78fec4f6_1fb6_4ff9_a8bb_230c2e485351] Resetting generation and member id due to: consumer pro-actively leaving the group
2025-08-13 02:17:23,770 INFO  [org.apa.kaf.cli.con.int.ConsumerCoordinator] (Thread-744) [Consumer clientId=consumer-Consumer-topic-78fec4f6_1fb6_4ff9_a8bb_230c2e485351-18, groupId=Consumer-topic-78fec4f6_1fb6_4ff9_a8bb_230c2e485351] Request joining group due to: consumer pro-actively leaving the group
2025-08-13 02:17:24,266 INFO  [org.apa.kaf.com.met.Metrics] (Thread-744) Metrics scheduler closed
2025-08-13 02:17:24,266 INFO  [org.apa.kaf.com.met.Metrics] (Thread-744) Closing reporter org.apache.kafka.common.metrics.JmxReporter
2025-08-13 02:17:24,266 INFO  [org.apa.kaf.com.met.Metrics] (Thread-744) Closing reporter org.apache.kafka.common.telemetry.internals.ClientTelemetryReporter
2025-08-13 02:17:24,266 INFO  [org.apa.kaf.com.met.Metrics] (Thread-744) Metrics reporters closed
2025-08-13 02:17:24,268 INFO  [org.apa.kaf.com.uti.AppInfoParser] (Thread-744) App info kafka.consumer for consumer-Consumer-topic-78fec4f6_1fb6_4ff9_a8bb_230c2e485351-18 unregistered
2025-08-13 02:17:24,268 INFO  [io.api.tes.uti.TestSeparator] (main) io.apicurio.tests.serdes.apicurio.AvroSerdeIT.testGlobalIdInBody-FINISHED
2025-08-13 02:17:24,268 INFO  [io.api.tes.uti.TestSeparator] (main) ############################################################################
Test passed: testGlobalIdInBody
]]></system-out>
  </testcase>
  <testcase name="testProducerUsesGlobalIdConsumerUsesDefault" classname="io.apicurio.tests.serdes.apicurio.AvroSerdeIT" time="0.0">
    <skipped message="void io.apicurio.tests.serdes.apicurio.AvroSerdeIT.testProducerUsesGlobalIdConsumerUsesDefault() throws java.lang.Exception is @Disabled"/>
  </testcase>
</testsuite>