<?xml version="1.0" encoding="UTF-8"?>
<testsuite xmlns:xsi="http://www.w3.org/2001/XMLSchema-instance" xsi:noNamespaceSchemaLocation="https://maven.apache.org/surefire/maven-failsafe-plugin/xsd/failsafe-test-report.xsd" version="3.0.2" name="io.apicurio.tests.serdes.apicurio.AvroSerdeIT" time="114.416" tests="21" errors="0" skipped="2" failures="0">
  <properties>
    <property name="java.specification.version" value="17"/>
    <property name="sun.jnu.encoding" value="UTF-8"/>
    <property name="java.class.path" value="/home/runner/work/apicurio-testing/apicurio-testing/clusters/ci419/namespaces/pg17/tests/integration/apicurio-registry/integration-tests/target/test-classes:/home/runner/work/apicurio-testing/apicurio-testing/clusters/ci419/namespaces/pg17/tests/integration/apicurio-registry/integration-tests/target/apicurio-registry-integration-tests-3.0.12-SNAPSHOT.jar:/home/runner/.m2/repository/io/quarkus/quarkus-junit5/3.20.2/quarkus-junit5-3.20.2.jar:/home/runner/.m2/repository/io/quarkus/quarkus-bootstrap-core/3.20.2/quarkus-bootstrap-core-3.20.2.jar:/home/runner/.m2/repository/io/quarkus/quarkus-classloader-commons/3.20.2/quarkus-classloader-commons-3.20.2.jar:/home/runner/.m2/repository/io/quarkus/quarkus-bootstrap-app-model/3.20.2/quarkus-bootstrap-app-model-3.20.2.jar:/home/runner/.m2/repository/io/smallrye/common/smallrye-common-io/2.12.0/smallrye-common-io-2.12.0.jar:/home/runner/.m2/repository/org/eclipse/sisu/org.eclipse.sisu.inject/0.9.0.M3/org.eclipse.sisu.inject-0.9.0.M3.jar:/home/runner/.m2/repository/io/quarkus/quarkus-test-common/3.20.2/quarkus-test-common-3.20.2.jar:/home/runner/.m2/repository/io/quarkus/quarkus-core-deployment/3.20.2/quarkus-core-deployment-3.20.2.jar:/home/runner/.m2/repository/org/aesh/readline/2.6/readline-2.6.jar:/home/runner/.m2/repository/org/fusesource/jansi/jansi/2.4.0/jansi-2.4.0.jar:/home/runner/.m2/repository/org/aesh/aesh/2.8.2/aesh-2.8.2.jar:/home/runner/.m2/repository/io/quarkus/gizmo/gizmo/1.8.0/gizmo-1.8.0.jar:/home/runner/.m2/repository/org/ow2/asm/asm-util/9.7.1/asm-util-9.7.1.jar:/home/runner/.m2/repository/org/ow2/asm/asm-analysis/9.7.1/asm-analysis-9.7.1.jar:/home/runner/.m2/repository/org/ow2/asm/asm-commons/9.7.1/asm-commons-9.7.1.jar:/home/runner/.m2/repository/org/ow2/asm/asm-tree/9.7.1/asm-tree-9.7.1.jar:/home/runner/.m2/repository/io/quarkus/quarkus-hibernate-validator-spi/3.20.2/quarkus-hibernate-validator-spi-3.20.2.jar:/home/runner/.m2/repository/io/quarkus/quarkus-class-change-agent/3.20.2/quarkus-class-change-agent-3.20.2.jar:/home/runner/.m2/repository/io/quarkus/quarkus-devtools-utilities/3.20.2/quarkus-devtools-utilities-3.20.2.jar:/home/runner/.m2/repository/io/quarkus/quarkus-builder/3.20.2/quarkus-builder-3.20.2.jar:/home/runner/.m2/repository/org/graalvm/sdk/nativeimage/23.1.2/nativeimage-23.1.2.jar:/home/runner/.m2/repository/org/graalvm/sdk/word/23.1.2/word-23.1.2.jar:/home/runner/.m2/repository/io/quarkus/quarkus-bootstrap-maven-resolver/3.20.2/quarkus-bootstrap-maven-resolver-3.20.2.jar:/home/runner/.m2/repository/io/smallrye/beanbag/smallrye-beanbag-maven/1.5.2/smallrye-beanbag-maven-1.5.2.jar:/home/runner/.m2/repository/io/smallrye/beanbag/smallrye-beanbag-sisu/1.5.2/smallrye-beanbag-sisu-1.5.2.jar:/home/runner/.m2/repository/io/smallrye/beanbag/smallrye-beanbag/1.5.2/smallrye-beanbag-1.5.2.jar:/home/runner/.m2/repository/javax/inject/javax.inject/1/javax.inject-1.jar:/home/runner/.m2/repository/org/apache/maven/maven-artifact/3.9.9/maven-artifact-3.9.9.jar:/home/runner/.m2/repository/org/apache/maven/maven-builder-support/3.9.9/maven-builder-support-3.9.9.jar:/home/runner/.m2/repository/org/apache/maven/maven-model/3.9.9/maven-model-3.9.9.jar:/home/runner/.m2/repository/org/apache/maven/maven-model-builder/3.9.9/maven-model-builder-3.9.9.jar:/home/runner/.m2/repository/org/apache/maven/maven-repository-metadata/3.9.9/maven-repository-metadata-3.9.9.jar:/home/runner/.m2/repository/org/apache/maven/maven-settings/3.9.9/maven-settings-3.9.9.jar:/home/runner/.m2/repository/org/apache/maven/resolver/maven-resolver-api/1.9.22/maven-resolver-api-1.9.22.jar:/home/runner/.m2/repository/org/apache/maven/resolver/maven-resolver-impl/1.9.22/maven-resolver-impl-1.9.22.jar:/home/runner/.m2/repository/org/apache/maven/resolver/maven-resolver-named-locks/1.9.22/maven-resolver-named-locks-1.9.22.jar:/home/runner/.m2/repository/org/apache/maven/resolver/maven-resolver-spi/1.9.22/maven-resolver-spi-1.9.22.jar:/home/runner/.m2/repository/org/apache/maven/resolver/maven-resolver-util/1.9.22/maven-resolver-util-1.9.22.jar:/home/runner/.m2/repository/org/apache/maven/resolver/maven-resolver-transport-http/1.9.20/maven-resolver-transport-http-1.9.20.jar:/home/runner/.m2/repository/org/apache/maven/wagon/wagon-provider-api/3.5.3/wagon-provider-api-3.5.3.jar:/home/runner/.m2/repository/org/apache/maven/wagon/wagon-http-shared/3.5.3/wagon-http-shared-3.5.3.jar:/home/runner/.m2/repository/org/codehaus/plexus/plexus-interpolation/1.26/plexus-interpolation-1.26.jar:/home/runner/.m2/repository/org/codehaus/plexus/plexus-utils/3.5.1/plexus-utils-3.5.1.jar:/home/runner/.m2/repository/org/codehaus/plexus/plexus-xml/4.0.1/plexus-xml-4.0.1.jar:/home/runner/.m2/repository/org/apache/maven/maven-xml-impl/4.0.0-alpha-5/maven-xml-impl-4.0.0-alpha-5.jar:/home/runner/.m2/repository/org/apache/maven/maven-api-xml/4.0.0-alpha-5/maven-api-xml-4.0.0-alpha-5.jar:/home/runner/.m2/repository/org/apache/maven/maven-api-meta/4.0.0-alpha-5/maven-api-meta-4.0.0-alpha-5.jar:/home/runner/.m2/repository/org/codehaus/plexus/plexus-cipher/2.0/plexus-cipher-2.0.jar:/home/runner/.m2/repository/org/codehaus/plexus/plexus-sec-dispatcher/2.0/plexus-sec-dispatcher-2.0.jar:/home/runner/.m2/repository/org/apache/maven/maven-embedder/3.9.9/maven-embedder-3.9.9.jar:/home/runner/.m2/repository/org/apache/maven/maven-core/3.9.9/maven-core-3.9.9.jar:/home/runner/.m2/repository/org/codehaus/plexus/plexus-component-annotations/2.1.0/plexus-component-annotations-2.1.0.jar:/home/runner/.m2/repository/org/apache/maven/maven-plugin-api/3.9.9/maven-plugin-api-3.9.9.jar:/home/runner/.m2/repository/org/apache/maven/shared/maven-shared-utils/3.4.2/maven-shared-utils-3.4.2.jar:/home/runner/.m2/repository/com/google/inject/guice/5.1.0/guice-5.1.0.jar:/home/runner/.m2/repository/aopalliance/aopalliance/1.0/aopalliance-1.0.jar:/home/runner/.m2/repository/org/codehaus/plexus/plexus-classworlds/2.6.0/plexus-classworlds-2.6.0.jar:/home/runner/.m2/repository/commons-cli/commons-cli/1.8.0/commons-cli-1.8.0.jar:/home/runner/.m2/repository/org/eclipse/sisu/org.eclipse.sisu.plexus/0.9.0.M3/org.eclipse.sisu.plexus-0.9.0.M3.jar:/home/runner/.m2/repository/org/apache/maven/maven-settings-builder/3.9.9/maven-settings-builder-3.9.9.jar:/home/runner/.m2/repository/org/apache/maven/maven-resolver-provider/3.9.9/maven-resolver-provider-3.9.9.jar:/home/runner/.m2/repository/org/apache/maven/resolver/maven-resolver-connector-basic/1.9.22/maven-resolver-connector-basic-1.9.22.jar:/home/runner/.m2/repository/org/apache/maven/resolver/maven-resolver-transport-wagon/1.9.22/maven-resolver-transport-wagon-1.9.22.jar:/home/runner/.m2/repository/org/apache/maven/wagon/wagon-http/3.5.3/wagon-http-3.5.3.jar:/home/runner/.m2/repository/org/apache/maven/wagon/wagon-file/3.5.3/wagon-file-3.5.3.jar:/home/runner/.m2/repository/io/quarkus/quarkus-bootstrap-gradle-resolver/3.20.2/quarkus-bootstrap-gradle-resolver-3.20.2.jar:/home/runner/.m2/repository/io/smallrye/jandex/3.3.0/jandex-3.3.0.jar:/home/runner/.m2/repository/org/jboss/logging/commons-logging-jboss-logging/1.0.0.Final/commons-logging-jboss-logging-1.0.0.Final.jar:/home/runner/.m2/repository/io/quarkus/quarkus-junit5-config/3.20.2/quarkus-junit5-config-3.20.2.jar:/home/runner/.m2/repository/org/junit/jupiter/junit-jupiter-api/5.12.1/junit-jupiter-api-5.12.1.jar:/home/runner/.m2/repository/io/smallrye/config/smallrye-config/3.11.4/smallrye-config-3.11.4.jar:/home/runner/.m2/repository/io/smallrye/config/smallrye-config-core/3.11.4/smallrye-config-core-3.11.4.jar:/home/runner/.m2/repository/io/smallrye/common/smallrye-common-classloader/2.12.0/smallrye-common-classloader-2.12.0.jar:/home/runner/.m2/repository/io/smallrye/config/smallrye-config-common/3.11.4/smallrye-config-common-3.11.4.jar:/home/runner/.m2/repository/org/junit/jupiter/junit-jupiter/5.12.1/junit-jupiter-5.12.1.jar:/home/runner/.m2/repository/org/junit/jupiter/junit-jupiter-params/5.12.1/junit-jupiter-params-5.12.1.jar:/home/runner/.m2/repository/org/junit/jupiter/junit-jupiter-engine/5.12.1/junit-jupiter-engine-5.12.1.jar:/home/runner/.m2/repository/io/quarkus/quarkus-core/3.20.2/quarkus-core-3.20.2.jar:/home/runner/.m2/repository/jakarta/enterprise/jakarta.enterprise.cdi-api/4.1.0/jakarta.enterprise.cdi-api-4.1.0.jar:/home/runner/.m2/repository/jakarta/enterprise/jakarta.enterprise.lang-model/4.1.0/jakarta.enterprise.lang-model-4.1.0.jar:/home/runner/.m2/repository/jakarta/el/jakarta.el-api/5.0.1/jakarta.el-api-5.0.1.jar:/home/runner/.m2/repository/jakarta/interceptor/jakarta.interceptor-api/2.2.0/jakarta.interceptor-api-2.2.0.jar:/home/runner/.m2/repository/jakarta/inject/jakarta.inject-api/2.0.1/jakarta.inject-api-2.0.1.jar:/home/runner/.m2/repository/io/smallrye/common/smallrye-common-os/2.12.0/smallrye-common-os-2.12.0.jar:/home/runner/.m2/repository/io/quarkus/quarkus-ide-launcher/3.20.2/quarkus-ide-launcher-3.20.2.jar:/home/runner/.m2/repository/io/quarkus/quarkus-development-mode-spi/3.20.2/quarkus-development-mode-spi-3.20.2.jar:/home/runner/.m2/repository/org/jboss/logging/jboss-logging/3.6.1.Final/jboss-logging-3.6.1.Final.jar:/home/runner/.m2/repository/org/jboss/logmanager/jboss-logmanager/3.1.2.Final/jboss-logmanager-3.1.2.Final.jar:/home/runner/.m2/repository/io/smallrye/common/smallrye-common-constraint/2.12.0/smallrye-common-constraint-2.12.0.jar:/home/runner/.m2/repository/io/smallrye/common/smallrye-common-cpu/2.12.0/smallrye-common-cpu-2.12.0.jar:/home/runner/.m2/repository/io/smallrye/common/smallrye-common-expression/2.12.0/smallrye-common-expression-2.12.0.jar:/home/runner/.m2/repository/io/smallrye/common/smallrye-common-net/2.12.0/smallrye-common-net-2.12.0.jar:/home/runner/.m2/repository/io/smallrye/common/smallrye-common-ref/2.12.0/smallrye-common-ref-2.12.0.jar:/home/runner/.m2/repository/jakarta/json/jakarta.json-api/2.1.3/jakarta.json-api-2.1.3.jar:/home/runner/.m2/repository/org/eclipse/parsson/parsson/1.1.7/parsson-1.1.7.jar:/home/runner/.m2/repository/org/jboss/logging/jboss-logging-annotations/3.0.4.Final/jboss-logging-annotations-3.0.4.Final.jar:/home/runner/.m2/repository/org/jboss/threads/jboss-threads/3.8.0.Final/jboss-threads-3.8.0.Final.jar:/home/runner/.m2/repository/io/smallrye/common/smallrye-common-annotation/2.12.0/smallrye-common-annotation-2.12.0.jar:/home/runner/.m2/repository/io/smallrye/common/smallrye-common-function/2.12.0/smallrye-common-function-2.12.0.jar:/home/runner/.m2/repository/org/jboss/slf4j/slf4j-jboss-logmanager/2.0.0.Final/slf4j-jboss-logmanager-2.0.0.Final.jar:/home/runner/.m2/repository/org/wildfly/common/wildfly-common/2.0.1/wildfly-common-2.0.1.jar:/home/runner/.m2/repository/io/quarkus/quarkus-bootstrap-runner/3.20.2/quarkus-bootstrap-runner-3.20.2.jar:/home/runner/.m2/repository/io/github/crac/org-crac/0.1.3/org-crac-0.1.3.jar:/home/runner/.m2/repository/io/quarkus/quarkus-fs-util/0.0.10/quarkus-fs-util-0.0.10.jar:/home/runner/.m2/repository/org/jboss/marshalling/jboss-marshalling/2.2.2.Final/jboss-marshalling-2.2.2.Final.jar:/home/runner/.m2/repository/io/fabric8/kubernetes-client/7.1.0/kubernetes-client-7.1.0.jar:/home/runner/.m2/repository/io/fabric8/kubernetes-client-api/7.1.0/kubernetes-client-api-7.1.0.jar:/home/runner/.m2/repository/io/fabric8/kubernetes-model-core/7.1.0/kubernetes-model-core-7.1.0.jar:/home/runner/.m2/repository/io/fabric8/kubernetes-model-common/7.1.0/kubernetes-model-common-7.1.0.jar:/home/runner/.m2/repository/javax/annotation/javax.annotation-api/1.3.2/javax.annotation-api-1.3.2.jar:/home/runner/.m2/repository/io/fabric8/kubernetes-model-gatewayapi/7.1.0/kubernetes-model-gatewayapi-7.1.0.jar:/home/runner/.m2/repository/io/fabric8/kubernetes-model-resource/7.1.0/kubernetes-model-resource-7.1.0.jar:/home/runner/.m2/repository/io/fabric8/kubernetes-model-rbac/7.1.0/kubernetes-model-rbac-7.1.0.jar:/home/runner/.m2/repository/io/fabric8/kubernetes-model-admissionregistration/7.1.0/kubernetes-model-admissionregistration-7.1.0.jar:/home/runner/.m2/repository/io/fabric8/kubernetes-model-apps/7.1.0/kubernetes-model-apps-7.1.0.jar:/home/runner/.m2/repository/io/fabric8/kubernetes-model-autoscaling/7.1.0/kubernetes-model-autoscaling-7.1.0.jar:/home/runner/.m2/repository/io/fabric8/kubernetes-model-apiextensions/7.1.0/kubernetes-model-apiextensions-7.1.0.jar:/home/runner/.m2/repository/io/fabric8/kubernetes-model-batch/7.1.0/kubernetes-model-batch-7.1.0.jar:/home/runner/.m2/repository/io/fabric8/kubernetes-model-certificates/7.1.0/kubernetes-model-certificates-7.1.0.jar:/home/runner/.m2/repository/io/fabric8/kubernetes-model-coordination/7.1.0/kubernetes-model-coordination-7.1.0.jar:/home/runner/.m2/repository/io/fabric8/kubernetes-model-discovery/7.1.0/kubernetes-model-discovery-7.1.0.jar:/home/runner/.m2/repository/io/fabric8/kubernetes-model-events/7.1.0/kubernetes-model-events-7.1.0.jar:/home/runner/.m2/repository/io/fabric8/kubernetes-model-extensions/7.1.0/kubernetes-model-extensions-7.1.0.jar:/home/runner/.m2/repository/io/fabric8/kubernetes-model-flowcontrol/7.1.0/kubernetes-model-flowcontrol-7.1.0.jar:/home/runner/.m2/repository/io/fabric8/kubernetes-model-networking/7.1.0/kubernetes-model-networking-7.1.0.jar:/home/runner/.m2/repository/io/fabric8/kubernetes-model-metrics/7.1.0/kubernetes-model-metrics-7.1.0.jar:/home/runner/.m2/repository/io/fabric8/kubernetes-model-policy/7.1.0/kubernetes-model-policy-7.1.0.jar:/home/runner/.m2/repository/io/fabric8/kubernetes-model-scheduling/7.1.0/kubernetes-model-scheduling-7.1.0.jar:/home/runner/.m2/repository/io/fabric8/kubernetes-model-storageclass/7.1.0/kubernetes-model-storageclass-7.1.0.jar:/home/runner/.m2/repository/io/fabric8/kubernetes-model-node/7.1.0/kubernetes-model-node-7.1.0.jar:/home/runner/.m2/repository/org/snakeyaml/snakeyaml-engine/2.9/snakeyaml-engine-2.9.jar:/home/runner/.m2/repository/com/fasterxml/jackson/dataformat/jackson-dataformat-yaml/2.18.2/jackson-dataformat-yaml-2.18.2.jar:/home/runner/.m2/repository/com/fasterxml/jackson/datatype/jackson-datatype-jsr310/2.18.2/jackson-datatype-jsr310-2.18.2.jar:/home/runner/.m2/repository/io/fabric8/zjsonpatch/7.1.0/zjsonpatch-7.1.0.jar:/home/runner/.m2/repository/io/fabric8/kubernetes-httpclient-vertx/7.1.0/kubernetes-httpclient-vertx-7.1.0.jar:/home/runner/.m2/repository/io/vertx/vertx-web-client/4.5.16/vertx-web-client-4.5.16.jar:/home/runner/.m2/repository/io/vertx/vertx-web-common/4.5.16/vertx-web-common-4.5.16.jar:/home/runner/.m2/repository/io/vertx/vertx-auth-common/4.5.16/vertx-auth-common-4.5.16.jar:/home/runner/.m2/repository/io/vertx/vertx-uri-template/4.5.16/vertx-uri-template-4.5.16.jar:/home/runner/.m2/repository/io/fabric8/openshift-client/7.1.0/openshift-client-7.1.0.jar:/home/runner/.m2/repository/io/fabric8/openshift-client-api/7.1.0/openshift-client-api-7.1.0.jar:/home/runner/.m2/repository/io/fabric8/openshift-model/7.1.0/openshift-model-7.1.0.jar:/home/runner/.m2/repository/io/fabric8/openshift-model-autoscaling/7.1.0/openshift-model-autoscaling-7.1.0.jar:/home/runner/.m2/repository/io/fabric8/openshift-model-operator/7.1.0/openshift-model-operator-7.1.0.jar:/home/runner/.m2/repository/io/fabric8/openshift-model-operatorhub/7.1.0/openshift-model-operatorhub-7.1.0.jar:/home/runner/.m2/repository/io/fabric8/openshift-model-machine/7.1.0/openshift-model-machine-7.1.0.jar:/home/runner/.m2/repository/io/fabric8/openshift-model-whereabouts/7.1.0/openshift-model-whereabouts-7.1.0.jar:/home/runner/.m2/repository/io/fabric8/openshift-model-monitoring/7.1.0/openshift-model-monitoring-7.1.0.jar:/home/runner/.m2/repository/io/fabric8/openshift-model-storageversionmigrator/7.1.0/openshift-model-storageversionmigrator-7.1.0.jar:/home/runner/.m2/repository/io/fabric8/openshift-model-tuned/7.1.0/openshift-model-tuned-7.1.0.jar:/home/runner/.m2/repository/io/fabric8/openshift-model-console/7.1.0/openshift-model-console-7.1.0.jar:/home/runner/.m2/repository/io/fabric8/openshift-model-config/7.1.0/openshift-model-config-7.1.0.jar:/home/runner/.m2/repository/io/fabric8/openshift-model-machineconfiguration/7.1.0/openshift-model-machineconfiguration-7.1.0.jar:/home/runner/.m2/repository/io/fabric8/openshift-model-miscellaneous/7.1.0/openshift-model-miscellaneous-7.1.0.jar:/home/runner/.m2/repository/io/fabric8/openshift-model-hive/7.1.0/openshift-model-hive-7.1.0.jar:/home/runner/.m2/repository/io/fabric8/openshift-model-installer/7.1.0/openshift-model-installer-7.1.0.jar:/home/runner/.m2/repository/org/junit/platform/junit-platform-launcher/1.12.1/junit-platform-launcher-1.12.1.jar:/home/runner/.m2/repository/org/junit/platform/junit-platform-engine/1.12.1/junit-platform-engine-1.12.1.jar:/home/runner/.m2/repository/org/opentest4j/opentest4j/1.3.0/opentest4j-1.3.0.jar:/home/runner/.m2/repository/org/junit/platform/junit-platform-commons/1.12.1/junit-platform-commons-1.12.1.jar:/home/runner/.m2/repository/org/apiguardian/apiguardian-api/1.1.2/apiguardian-api-1.1.2.jar:/home/runner/.m2/repository/jakarta/ws/rs/jakarta.ws.rs-api/3.1.0/jakarta.ws.rs-api-3.1.0.jar:/home/runner/work/apicurio-testing/apicurio-testing/clusters/ci419/namespaces/pg17/tests/integration/apicurio-registry/java-sdk/target/apicurio-registry-java-sdk-3.0.12-SNAPSHOT.jar:/home/runner/.m2/repository/com/microsoft/kiota/microsoft-kiota-abstractions/1.8.9/microsoft-kiota-abstractions-1.8.9.jar:/home/runner/.m2/repository/io/github/std-uritemplate/std-uritemplate/2.0.0/std-uritemplate-2.0.0.jar:/home/runner/.m2/repository/io/kiota/kiota-http-jdk/0.0.29/kiota-http-jdk-0.0.29.jar:/home/runner/.m2/repository/io/kiota/kiota-http-vertx/0.0.29/kiota-http-vertx-0.0.29.jar:/home/runner/.m2/repository/io/kiota/kiota-serialization-jackson/0.0.29/kiota-serialization-jackson-0.0.29.jar:/home/runner/.m2/repository/com/microsoft/kiota/microsoft-kiota-serialization-text/1.8.9/microsoft-kiota-serialization-text-1.8.9.jar:/home/runner/.m2/repository/com/microsoft/kiota/microsoft-kiota-serialization-form/1.8.9/microsoft-kiota-serialization-form-1.8.9.jar:/home/runner/.m2/repository/com/microsoft/kiota/microsoft-kiota-serialization-multipart/1.8.9/microsoft-kiota-serialization-multipart-1.8.9.jar:/home/runner/.m2/repository/jakarta/annotation/jakarta.annotation-api/3.0.0/jakarta.annotation-api-3.0.0.jar:/home/runner/.m2/repository/io/vertx/vertx-auth-oauth2/4.5.16/vertx-auth-oauth2-4.5.16.jar:/home/runner/work/apicurio-testing/apicurio-testing/clusters/ci419/namespaces/pg17/tests/integration/apicurio-registry/java-sdk-v2/target/apicurio-registry-v2-java-sdk-3.0.12-SNAPSHOT.jar:/home/runner/work/apicurio-testing/apicurio-testing/clusters/ci419/namespaces/pg17/tests/integration/apicurio-registry/utils/kafka/target/apicurio-registry-utils-kafka-3.0.12-SNAPSHOT-tests.jar:/home/runner/.m2/repository/org/eclipse/microprofile/config/microprofile-config-api/3.1/microprofile-config-api-3.1.jar:/home/runner/.m2/repository/org/apache/kafka/kafka-clients/3.9.1/kafka-clients-3.9.1.jar:/home/runner/.m2/repository/com/github/luben/zstd-jni/1.5.6-4/zstd-jni-1.5.6-4.jar:/home/runner/.m2/repository/org/lz4/lz4-java/1.8.0/lz4-java-1.8.0.jar:/home/runner/.m2/repository/org/xerial/snappy/snappy-java/1.1.10.5/snappy-java-1.1.10.5.jar:/home/runner/.m2/repository/org/slf4j/slf4j-api/2.0.6/slf4j-api-2.0.6.jar:/home/runner/work/apicurio-testing/apicurio-testing/clusters/ci419/namespaces/pg17/tests/integration/apicurio-registry/utils/tests/target/apicurio-registry-utils-tests-3.0.12-SNAPSHOT.jar:/home/runner/work/apicurio-testing/apicurio-testing/clusters/ci419/namespaces/pg17/tests/integration/apicurio-registry/common/target/apicurio-registry-common-3.0.12-SNAPSHOT.jar:/home/runner/.m2/repository/jakarta/validation/jakarta.validation-api/3.0.2/jakarta.validation-api-3.0.2.jar:/home/runner/.m2/repository/com/github/dasniko/testcontainers-keycloak/3.8.0/testcontainers-keycloak-3.8.0.jar:/home/runner/.m2/repository/org/testcontainers/testcontainers/1.20.6/testcontainers-1.20.6.jar:/home/runner/.m2/repository/org/rnorth/duct-tape/duct-tape/1.0.8/duct-tape-1.0.8.jar:/home/runner/.m2/repository/com/github/docker-java/docker-java-transport-zerodep/3.4.1/docker-java-transport-zerodep-3.4.1.jar:/home/runner/.m2/repository/com/github/docker-java/docker-java-transport/3.4.1/docker-java-transport-3.4.1.jar:/home/runner/.m2/repository/net/java/dev/jna/jna/5.8.0/jna-5.8.0.jar:/home/runner/.m2/repository/io/quarkus/quarkus-junit4-mock/3.20.2/quarkus-junit4-mock-3.20.2.jar:/home/runner/.m2/repository/org/jboss/shrinkwrap/shrinkwrap-api/2.0.0-beta-2/shrinkwrap-api-2.0.0-beta-2.jar:/home/runner/.m2/repository/org/jboss/shrinkwrap/shrinkwrap-impl-base/2.0.0-beta-2/shrinkwrap-impl-base-2.0.0-beta-2.jar:/home/runner/.m2/repository/org/jboss/shrinkwrap/shrinkwrap-spi/2.0.0-beta-2/shrinkwrap-spi-2.0.0-beta-2.jar:/home/runner/.m2/repository/org/keycloak/keycloak-admin-client/26.0.4/keycloak-admin-client-26.0.4.jar:/home/runner/.m2/repository/org/keycloak/keycloak-client-common-synced/26.0.4/keycloak-client-common-synced-26.0.4.jar:/home/runner/.m2/repository/jakarta/activation/jakarta.activation-api/2.1.3/jakarta.activation-api-2.1.3.jar:/home/runner/.m2/repository/org/eclipse/microprofile/openapi/microprofile-openapi-api/4.0.2/microprofile-openapi-api-4.0.2.jar:/home/runner/.m2/repository/org/jboss/resteasy/resteasy-client/6.2.12.Final/resteasy-client-6.2.12.Final.jar:/home/runner/.m2/repository/org/jboss/resteasy/resteasy-client-api/6.2.12.Final/resteasy-client-api-6.2.12.Final.jar:/home/runner/.m2/repository/org/jboss/resteasy/resteasy-core-spi/6.2.12.Final/resteasy-core-spi-6.2.12.Final.jar:/home/runner/.m2/repository/org/jboss/resteasy/resteasy-core/6.2.12.Final/resteasy-core-6.2.12.Final.jar:/home/runner/.m2/repository/org/eclipse/angus/angus-activation/2.0.2/angus-activation-2.0.2.jar:/home/runner/.m2/repository/com/ibm/async/asyncutil/0.1.0/asyncutil-0.1.0.jar:/home/runner/.m2/repository/org/reactivestreams/reactive-streams/1.0.4/reactive-streams-1.0.4.jar:/home/runner/.m2/repository/org/jboss/resteasy/resteasy-multipart-provider/6.2.12.Final/resteasy-multipart-provider-6.2.12.Final.jar:/home/runner/.m2/repository/jakarta/mail/jakarta.mail-api/2.1.3/jakarta.mail-api-2.1.3.jar:/home/runner/.m2/repository/org/eclipse/angus/angus-mail/2.0.3/angus-mail-2.0.3.jar:/home/runner/.m2/repository/org/apache/james/apache-mime4j-dom/0.8.12/apache-mime4j-dom-0.8.12.jar:/home/runner/.m2/repository/org/apache/james/apache-mime4j-core/0.8.12/apache-mime4j-core-0.8.12.jar:/home/runner/.m2/repository/org/apache/james/apache-mime4j-storage/0.8.12/apache-mime4j-storage-0.8.12.jar:/home/runner/.m2/repository/org/jboss/resteasy/resteasy-jackson2-provider/6.2.12.Final/resteasy-jackson2-provider-6.2.12.Final.jar:/home/runner/.m2/repository/com/fasterxml/jackson/jakarta/rs/jackson-jakarta-rs-base/2.18.2/jackson-jakarta-rs-base-2.18.2.jar:/home/runner/.m2/repository/com/fasterxml/jackson/jakarta/rs/jackson-jakarta-rs-json-provider/2.18.2/jackson-jakarta-rs-json-provider-2.18.2.jar:/home/runner/.m2/repository/com/fasterxml/jackson/module/jackson-module-jakarta-xmlbind-annotations/2.18.2/jackson-module-jakarta-xmlbind-annotations-2.18.2.jar:/home/runner/.m2/repository/com/github/java-json-tools/json-patch/1.13/json-patch-1.13.jar:/home/runner/.m2/repository/com/github/java-json-tools/msg-simple/1.2/msg-simple-1.2.jar:/home/runner/.m2/repository/com/github/java-json-tools/btf/1.3/btf-1.3.jar:/home/runner/.m2/repository/com/github/java-json-tools/jackson-coreutils/2.0/jackson-coreutils-2.0.jar:/home/runner/.m2/repository/org/jboss/resteasy/resteasy-jaxb-provider/6.2.12.Final/resteasy-jaxb-provider-6.2.12.Final.jar:/home/runner/.m2/repository/org/glassfish/jaxb/codemodel/4.0.5/codemodel-4.0.5.jar:/home/runner/.m2/repository/org/glassfish/jaxb/jaxb-core/4.0.5/jaxb-core-4.0.5.jar:/home/runner/.m2/repository/org/glassfish/jaxb/jaxb-jxc/4.0.5/jaxb-jxc-4.0.5.jar:/home/runner/.m2/repository/org/glassfish/jaxb/jaxb-runtime/4.0.5/jaxb-runtime-4.0.5.jar:/home/runner/.m2/repository/org/glassfish/jaxb/txw2/4.0.5/txw2-4.0.5.jar:/home/runner/.m2/repository/org/glassfish/jaxb/jaxb-xjc/4.0.5/jaxb-xjc-4.0.5.jar:/home/runner/.m2/repository/org/glassfish/jaxb/xsom/4.0.5/xsom-4.0.5.jar:/home/runner/.m2/repository/com/sun/istack/istack-commons-runtime/4.1.2/istack-commons-runtime-4.1.2.jar:/home/runner/.m2/repository/com/sun/istack/istack-commons-tools/4.1.2/istack-commons-tools-4.1.2.jar:/home/runner/.m2/repository/com/sun/xml/bind/external/relaxng-datatype/4.0.5/relaxng-datatype-4.0.5.jar:/home/runner/.m2/repository/com/sun/xml/bind/external/rngom/4.0.5/rngom-4.0.5.jar:/home/runner/.m2/repository/org/testcontainers/mssqlserver/1.20.6/mssqlserver-1.20.6.jar:/home/runner/.m2/repository/org/testcontainers/jdbc/1.20.6/jdbc-1.20.6.jar:/home/runner/.m2/repository/org/testcontainers/database-commons/1.20.6/database-commons-1.20.6.jar:/home/runner/.m2/repository/org/testcontainers/mysql/1.20.6/mysql-1.20.6.jar:/home/runner/.m2/repository/io/strimzi/strimzi-test-container/0.111.0/strimzi-test-container-0.111.0.jar:/home/runner/.m2/repository/org/testcontainers/toxiproxy/1.20.6/toxiproxy-1.20.6.jar:/home/runner/.m2/repository/com/github/docker-java/docker-java-api/3.4.1/docker-java-api-3.4.1.jar:/home/runner/.m2/repository/org/apache/logging/log4j/log4j-slf4j-impl/2.19.0/log4j-slf4j-impl-2.19.0.jar:/home/runner/.m2/repository/org/apache/logging/log4j/log4j-api/2.24.3/log4j-api-2.24.3.jar:/home/runner/.m2/repository/org/apache/logging/log4j/log4j-core/2.19.0/log4j-core-2.19.0.jar:/home/runner/.m2/repository/eu/rekawek/toxiproxy/toxiproxy-java/2.1.7/toxiproxy-java-2.1.7.jar:/home/runner/.m2/repository/org/testcontainers/pulsar/1.21.3/pulsar-1.21.3.jar:/home/runner/.m2/repository/io/debezium/debezium-testing-testcontainers/2.7.4.Final/debezium-testing-testcontainers-2.7.4.Final.jar:/home/runner/.m2/repository/org/testcontainers/kafka/1.20.6/kafka-1.20.6.jar:/home/runner/.m2/repository/com/squareup/okhttp3/okhttp/4.8.1/okhttp-4.8.1.jar:/home/runner/.m2/repository/com/squareup/okio/okio/3.10.2/okio-3.10.2.jar:/home/runner/.m2/repository/com/squareup/okio/okio-jvm/3.10.2/okio-jvm-3.10.2.jar:/home/runner/.m2/repository/org/jetbrains/kotlin/kotlin-stdlib/2.0.21/kotlin-stdlib-2.0.21.jar:/home/runner/.m2/repository/org/awaitility/awaitility/4.3.0/awaitility-4.3.0.jar:/home/runner/.m2/repository/org/testcontainers/mongodb/1.20.6/mongodb-1.20.6.jar:/home/runner/.m2/repository/org/testcontainers/mariadb/1.20.6/mariadb-1.20.6.jar:/home/runner/.m2/repository/org/testcontainers/oracle-xe/1.20.6/oracle-xe-1.20.6.jar:/home/runner/.m2/repository/org/testcontainers/postgresql/1.20.6/postgresql-1.20.6.jar:/home/runner/.m2/repository/org/wiremock/wiremock/3.0.1/wiremock-3.0.1.jar:/home/runner/.m2/repository/org/eclipse/jetty/jetty-server/11.0.15/jetty-server-11.0.15.jar:/home/runner/.m2/repository/org/eclipse/jetty/toolchain/jetty-jakarta-servlet-api/5.0.2/jetty-jakarta-servlet-api-5.0.2.jar:/home/runner/.m2/repository/org/eclipse/jetty/jetty-http/11.0.15/jetty-http-11.0.15.jar:/home/runner/.m2/repository/org/eclipse/jetty/jetty-io/11.0.15/jetty-io-11.0.15.jar:/home/runner/.m2/repository/org/eclipse/jetty/jetty-servlet/11.0.15/jetty-servlet-11.0.15.jar:/home/runner/.m2/repository/org/eclipse/jetty/jetty-security/11.0.15/jetty-security-11.0.15.jar:/home/runner/.m2/repository/org/eclipse/jetty/jetty-servlets/11.0.15/jetty-servlets-11.0.15.jar:/home/runner/.m2/repository/org/eclipse/jetty/jetty-util/11.0.15/jetty-util-11.0.15.jar:/home/runner/.m2/repository/org/eclipse/jetty/jetty-webapp/11.0.15/jetty-webapp-11.0.15.jar:/home/runner/.m2/repository/org/eclipse/jetty/jetty-xml/11.0.15/jetty-xml-11.0.15.jar:/home/runner/.m2/repository/org/eclipse/jetty/jetty-proxy/11.0.15/jetty-proxy-11.0.15.jar:/home/runner/.m2/repository/org/eclipse/jetty/jetty-client/11.0.15/jetty-client-11.0.15.jar:/home/runner/.m2/repository/org/eclipse/jetty/http2/http2-server/11.0.15/http2-server-11.0.15.jar:/home/runner/.m2/repository/org/eclipse/jetty/http2/http2-common/11.0.15/http2-common-11.0.15.jar:/home/runner/.m2/repository/org/eclipse/jetty/http2/http2-hpack/11.0.15/http2-hpack-11.0.15.jar:/home/runner/.m2/repository/org/eclipse/jetty/jetty-alpn-server/11.0.15/jetty-alpn-server-11.0.15.jar:/home/runner/.m2/repository/org/eclipse/jetty/jetty-alpn-java-server/11.0.15/jetty-alpn-java-server-11.0.15.jar:/home/runner/.m2/repository/org/eclipse/jetty/jetty-alpn-java-client/11.0.15/jetty-alpn-java-client-11.0.15.jar:/home/runner/.m2/repository/org/eclipse/jetty/jetty-alpn-client/11.0.15/jetty-alpn-client-11.0.15.jar:/home/runner/.m2/repository/org/apache/httpcomponents/client5/httpclient5/5.2.1/httpclient5-5.2.1.jar:/home/runner/.m2/repository/org/apache/httpcomponents/core5/httpcore5/5.2/httpcore5-5.2.jar:/home/runner/.m2/repository/org/apache/httpcomponents/core5/httpcore5-h2/5.2/httpcore5-h2-5.2.jar:/home/runner/.m2/repository/org/xmlunit/xmlunit-core/2.9.1/xmlunit-core-2.9.1.jar:/home/runner/.m2/repository/jakarta/xml/bind/jakarta.xml.bind-api/4.0.2/jakarta.xml.bind-api-4.0.2.jar:/home/runner/.m2/repository/org/xmlunit/xmlunit-legacy/2.9.1/xmlunit-legacy-2.9.1.jar:/home/runner/.m2/repository/org/xmlunit/xmlunit-placeholders/2.9.1/xmlunit-placeholders-2.9.1.jar:/home/runner/.m2/repository/net/javacrumbs/json-unit/json-unit-core/2.38.0/json-unit-core-2.38.0.jar:/home/runner/.m2/repository/org/hamcrest/hamcrest-core/2.2/hamcrest-core-2.2.jar:/home/runner/.m2/repository/com/jayway/jsonpath/json-path/2.8.0/json-path-2.8.0.jar:/home/runner/.m2/repository/net/minidev/json-smart/2.4.10/json-smart-2.4.10.jar:/home/runner/.m2/repository/net/minidev/accessors-smart/2.4.9/accessors-smart-2.4.9.jar:/home/runner/.m2/repository/org/ow2/asm/asm/9.7.1/asm-9.7.1.jar:/home/runner/.m2/repository/net/sf/jopt-simple/jopt-simple/5.0.4/jopt-simple-5.0.4.jar:/home/runner/.m2/repository/com/github/jknack/handlebars/4.3.1/handlebars-4.3.1.jar:/home/runner/.m2/repository/com/github/jknack/handlebars-helpers/4.3.1/handlebars-helpers-4.3.1.jar:/home/runner/.m2/repository/commons-fileupload/commons-fileupload/1.5/commons-fileupload-1.5.jar:/home/runner/.m2/repository/com/networknt/json-schema-validator/1.5.8/json-schema-validator-1.5.8.jar:/home/runner/.m2/repository/com/ethlo/time/itu/1.10.3/itu-1.10.3.jar:/home/runner/.m2/repository/io/quarkus/quarkus-smallrye-jwt-build/3.20.2/quarkus-smallrye-jwt-build-3.20.2.jar:/home/runner/.m2/repository/io/smallrye/smallrye-jwt-build/4.6.2/smallrye-jwt-build-4.6.2.jar:/home/runner/.m2/repository/org/eclipse/microprofile/jwt/microprofile-jwt-auth-api/2.1/microprofile-jwt-auth-api-2.1.jar:/home/runner/.m2/repository/org/bitbucket/b_c/jose4j/0.9.6/jose4j-0.9.6.jar:/home/runner/.m2/repository/io/smallrye/smallrye-jwt-common/4.6.2/smallrye-jwt-common-4.6.2.jar:/home/runner/.m2/repository/io/quarkus/quarkus-jsonp/3.20.2/quarkus-jsonp-3.20.2.jar:/home/runner/.m2/repository/io/quarkus/quarkus-arc/3.20.2/quarkus-arc-3.20.2.jar:/home/runner/.m2/repository/io/quarkus/arc/arc/3.20.2/arc-3.20.2.jar:/home/runner/.m2/repository/jakarta/transaction/jakarta.transaction-api/2.0.1/jakarta.transaction-api-2.0.1.jar:/home/runner/.m2/repository/io/smallrye/reactive/mutiny/2.9.2/mutiny-2.9.2.jar:/home/runner/.m2/repository/org/jctools/jctools-core/4.0.5/jctools-core-4.0.5.jar:/home/runner/.m2/repository/org/eclipse/microprofile/context-propagation/microprofile-context-propagation-api/1.3/microprofile-context-propagation-api-1.3.jar:/home/runner/.m2/repository/io/apicurio/apicurio-common-rest-client-common/0.1.18.Final/apicurio-common-rest-client-common-0.1.18.Final.jar:/home/runner/work/apicurio-testing/apicurio-testing/clusters/ci419/namespaces/pg17/tests/integration/apicurio-registry/utils/maven-plugin/target/apicurio-registry-maven-plugin-3.0.12-SNAPSHOT.jar:/home/runner/.m2/repository/com/fasterxml/jackson/core/jackson-databind/2.18.2/jackson-databind-2.18.2.jar:/home/runner/.m2/repository/org/apache/avro/avro/1.12.0/avro-1.12.0.jar:/home/runner/.m2/repository/com/google/protobuf/protobuf-java/4.31.1/protobuf-java-4.31.1.jar:/home/runner/.m2/repository/com/google/protobuf/protobuf-java-util/4.31.1/protobuf-java-util-4.31.1.jar:/home/runner/.m2/repository/com/google/code/findbugs/jsr305/3.0.2/jsr305-3.0.2.jar:/home/runner/.m2/repository/com/google/code/gson/gson/2.12.1/gson-2.12.1.jar:/home/runner/.m2/repository/com/google/errorprone/error_prone_annotations/2.36.0/error_prone_annotations-2.36.0.jar:/home/runner/.m2/repository/com/google/j2objc/j2objc-annotations/2.8/j2objc-annotations-2.8.jar:/home/runner/work/apicurio-testing/apicurio-testing/clusters/ci419/namespaces/pg17/tests/integration/apicurio-registry/schema-util/util-provider/target/apicurio-registry-schema-util-provider-3.0.12-SNAPSHOT.jar:/home/runner/work/apicurio-testing/apicurio-testing/clusters/ci419/namespaces/pg17/tests/integration/apicurio-registry/schema-util/common/target/apicurio-registry-schema-util-common-3.0.12-SNAPSHOT.jar:/home/runner/.m2/repository/com/fasterxml/jackson/module/jackson-module-parameter-names/2.18.2/jackson-module-parameter-names-2.18.2.jar:/home/runner/.m2/repository/com/fasterxml/jackson/datatype/jackson-datatype-json-org/2.18.2/jackson-datatype-json-org-2.18.2.jar:/home/runner/work/apicurio-testing/apicurio-testing/clusters/ci419/namespaces/pg17/tests/integration/apicurio-registry/schema-util/json/target/apicurio-registry-schema-util-json-3.0.12-SNAPSHOT.jar:/home/runner/.m2/repository/com/github/erosb/everit-json-schema/1.14.5/everit-json-schema-1.14.5.jar:/home/runner/.m2/repository/commons-validator/commons-validator/1.9.0/commons-validator-1.9.0.jar:/home/runner/.m2/repository/commons-digester/commons-digester/2.1/commons-digester-2.1.jar:/home/runner/.m2/repository/commons-collections/commons-collections/3.2.2/commons-collections-3.2.2.jar:/home/runner/.m2/repository/com/damnhandy/handy-uri-templates/2.1.8/handy-uri-templates-2.1.8.jar:/home/runner/.m2/repository/joda-time/joda-time/2.10.2/joda-time-2.10.2.jar:/home/runner/.m2/repository/com/github/erosb/json-sKema/0.20.0/json-sKema-0.20.0.jar:/home/runner/.m2/repository/io/vertx/vertx-json-schema/4.5.16/vertx-json-schema-4.5.16.jar:/home/runner/work/apicurio-testing/apicurio-testing/clusters/ci419/namespaces/pg17/tests/integration/apicurio-registry/schema-util/protobuf/target/apicurio-registry-schema-util-protobuf-3.0.12-SNAPSHOT.jar:/home/runner/work/apicurio-testing/apicurio-testing/clusters/ci419/namespaces/pg17/tests/integration/apicurio-registry/utils/protobuf-schema-utilities/target/apicurio-registry-protobuf-schema-utilities-3.0.12-SNAPSHOT.jar:/home/runner/.m2/repository/com/google/api/grpc/proto-google-common-protos/2.52.0/proto-google-common-protos-2.52.0.jar:/home/runner/.m2/repository/com/squareup/wire/wire-schema-jvm/5.3.3/wire-schema-jvm-5.3.3.jar:/home/runner/.m2/repository/com/palantir/javapoet/javapoet/0.6.0/javapoet-0.6.0.jar:/home/runner/.m2/repository/com/squareup/kotlinpoet-jvm/2.0.0/kotlinpoet-jvm-2.0.0.jar:/home/runner/.m2/repository/org/jetbrains/kotlin/kotlin-reflect/2.0.21/kotlin-reflect-2.0.21.jar:/home/runner/.m2/repository/com/squareup/wire/wire-runtime-jvm/5.3.3/wire-runtime-jvm-5.3.3.jar:/home/runner/.m2/repository/com/ibm/icu/icu4j/76.1/icu4j-76.1.jar:/home/runner/.m2/repository/com/squareup/okio/okio-fakefilesystem/3.10.2/okio-fakefilesystem-3.10.2.jar:/home/runner/.m2/repository/com/squareup/okio/okio-fakefilesystem-jvm/3.10.2/okio-fakefilesystem-jvm-3.10.2.jar:/home/runner/.m2/repository/org/jetbrains/kotlinx/kotlinx-datetime-jvm/0.6.1/kotlinx-datetime-jvm-0.6.1.jar:/home/runner/work/apicurio-testing/apicurio-testing/clusters/ci419/namespaces/pg17/tests/integration/apicurio-registry/schema-util/asyncapi/target/apicurio-registry-schema-util-asyncapi-3.0.12-SNAPSHOT.jar:/home/runner/work/apicurio-testing/apicurio-testing/clusters/ci419/namespaces/pg17/tests/integration/apicurio-registry/schema-util/avro/target/apicurio-registry-schema-util-avro-3.0.12-SNAPSHOT.jar:/home/runner/work/apicurio-testing/apicurio-testing/clusters/ci419/namespaces/pg17/tests/integration/apicurio-registry/schema-util/graphql/target/apicurio-registry-schema-util-graphql-3.0.12-SNAPSHOT.jar:/home/runner/.m2/repository/com/graphql-java/graphql-java/22.4/graphql-java-22.4.jar:/home/runner/.m2/repository/com/graphql-java/java-dataloader/3.3.0/java-dataloader-3.3.0.jar:/home/runner/work/apicurio-testing/apicurio-testing/clusters/ci419/namespaces/pg17/tests/integration/apicurio-registry/schema-util/kconnect/target/apicurio-registry-schema-util-kconnect-3.0.12-SNAPSHOT.jar:/home/runner/work/apicurio-testing/apicurio-testing/clusters/ci419/namespaces/pg17/tests/integration/apicurio-registry/schema-util/openapi/target/apicurio-registry-schema-util-openapi-3.0.12-SNAPSHOT.jar:/home/runner/.m2/repository/io/apicurio/apicurio-data-models/2.2.2/apicurio-data-models-2.2.2.jar:/home/runner/.m2/repository/org/openapitools/openapidiff/openapi-diff-core/2.1.2/openapi-diff-core-2.1.2.jar:/home/runner/.m2/repository/io/swagger/parser/v3/swagger-parser/2.1.28/swagger-parser-2.1.28.jar:/home/runner/.m2/repository/io/swagger/parser/v3/swagger-parser-v2-converter/2.1.28/swagger-parser-v2-converter-2.1.28.jar:/home/runner/.m2/repository/io/swagger/swagger-core/1.6.16/swagger-core-1.6.16.jar:/home/runner/.m2/repository/io/swagger/swagger-models/1.6.16/swagger-models-1.6.16.jar:/home/runner/.m2/repository/io/swagger/swagger-annotations/1.6.16/swagger-annotations-1.6.16.jar:/home/runner/.m2/repository/io/swagger/swagger-parser/1.0.75/swagger-parser-1.0.75.jar:/home/runner/.m2/repository/io/swagger/swagger-parser-safe-url-resolver/1.0.75/swagger-parser-safe-url-resolver-1.0.75.jar:/home/runner/.m2/repository/io/swagger/swagger-compat-spec-parser/1.0.75/swagger-compat-spec-parser-1.0.75.jar:/home/runner/.m2/repository/com/github/java-json-tools/json-schema-validator/2.2.14/json-schema-validator-2.2.14.jar:/home/runner/.m2/repository/com/github/java-json-tools/jackson-coreutils-equivalence/1.0/jackson-coreutils-equivalence-1.0.jar:/home/runner/.m2/repository/com/github/java-json-tools/json-schema-core/1.2.14/json-schema-core-1.2.14.jar:/home/runner/.m2/repository/com/github/java-json-tools/uri-template/0.10/uri-template-0.10.jar:/home/runner/.m2/repository/com/googlecode/libphonenumber/libphonenumber/8.11.1/libphonenumber-8.11.1.jar:/home/runner/.m2/repository/com/j2html/j2html/1.6.0/j2html-1.6.0.jar:/home/runner/.m2/repository/org/apache/commons/commons-collections4/4.5.0/commons-collections4-4.5.0.jar:/home/runner/.m2/repository/org/slf4j/jcl-over-slf4j/2.0.17/jcl-over-slf4j-2.0.17.jar:/home/runner/.m2/repository/io/swagger/parser/v3/swagger-parser-v3/2.1.31/swagger-parser-v3-2.1.31.jar:/home/runner/.m2/repository/io/swagger/core/v3/swagger-models/2.2.34/swagger-models-2.2.34.jar:/home/runner/.m2/repository/io/swagger/core/v3/swagger-core/2.2.34/swagger-core-2.2.34.jar:/home/runner/.m2/repository/io/swagger/parser/v3/swagger-parser-core/2.1.31/swagger-parser-core-2.1.31.jar:/home/runner/.m2/repository/io/swagger/parser/v3/swagger-parser-safe-url-resolver/2.1.31/swagger-parser-safe-url-resolver-2.1.31.jar:/home/runner/work/apicurio-testing/apicurio-testing/clusters/ci419/namespaces/pg17/tests/integration/apicurio-registry/schema-util/wsdl/target/apicurio-registry-schema-util-wsdl-3.0.12-SNAPSHOT.jar:/home/runner/.m2/repository/wsdl4j/wsdl4j/1.6.3/wsdl4j-1.6.3.jar:/home/runner/work/apicurio-testing/apicurio-testing/clusters/ci419/namespaces/pg17/tests/integration/apicurio-registry/schema-util/xml/target/apicurio-registry-schema-util-xml-3.0.12-SNAPSHOT.jar:/home/runner/.m2/repository/org/apache/santuario/xmlsec/4.0.4/xmlsec-4.0.4.jar:/home/runner/.m2/repository/com/fasterxml/woodstox/woodstox-core/7.1.1/woodstox-core-7.1.1.jar:/home/runner/.m2/repository/org/codehaus/woodstox/stax2-api/4.2.2/stax2-api-4.2.2.jar:/home/runner/work/apicurio-testing/apicurio-testing/clusters/ci419/namespaces/pg17/tests/integration/apicurio-registry/schema-util/xsd/target/apicurio-registry-schema-util-xsd-3.0.12-SNAPSHOT.jar:/home/runner/work/apicurio-testing/apicurio-testing/clusters/ci419/namespaces/pg17/tests/integration/apicurio-registry/serdes/kafka/jsonschema-serde/target/apicurio-registry-jsonschema-serde-kafka-3.0.12-SNAPSHOT.jar:/home/runner/work/apicurio-testing/apicurio-testing/clusters/ci419/namespaces/pg17/tests/integration/apicurio-registry/serdes/kafka/serde-kafka-common/target/apicurio-registry-serde-kafka-common-3.0.12-SNAPSHOT.jar:/home/runner/work/apicurio-testing/apicurio-testing/clusters/ci419/namespaces/pg17/tests/integration/apicurio-registry/serdes/generic/serde-common/target/apicurio-registry-serde-common-3.0.12-SNAPSHOT.jar:/home/runner/work/apicurio-testing/apicurio-testing/clusters/ci419/namespaces/pg17/tests/integration/apicurio-registry/serdes/generic/serde-common-jsonschema/target/apicurio-registry-serde-common-jsonschema-3.0.12-SNAPSHOT.jar:/home/runner/.m2/repository/org/json/json/20250107/json-20250107.jar:/home/runner/work/apicurio-testing/apicurio-testing/clusters/ci419/namespaces/pg17/tests/integration/apicurio-registry/serdes/kafka/avro-serde/target/apicurio-registry-avro-serde-kafka-3.0.12-SNAPSHOT.jar:/home/runner/work/apicurio-testing/apicurio-testing/clusters/ci419/namespaces/pg17/tests/integration/apicurio-registry/serdes/generic/serde-common-avro/target/apicurio-registry-serde-common-avro-3.0.12-SNAPSHOT.jar:/home/runner/work/apicurio-testing/apicurio-testing/clusters/ci419/namespaces/pg17/tests/integration/apicurio-registry/serdes/kafka/protobuf-serde/target/apicurio-registry-protobuf-serde-kafka-3.0.12-SNAPSHOT.jar:/home/runner/work/apicurio-testing/apicurio-testing/clusters/ci419/namespaces/pg17/tests/integration/apicurio-registry/serdes/generic/serde-common-protobuf/target/apicurio-registry-serde-common-protobuf-3.0.12-SNAPSHOT.jar:/home/runner/.m2/repository/com/squareup/wire/wire-schema/5.3.3/wire-schema-5.3.3.jar:/home/runner/.m2/repository/com/squareup/wire/wire-runtime/5.3.3/wire-runtime-5.3.3.jar:/home/runner/work/apicurio-testing/apicurio-testing/clusters/ci419/namespaces/pg17/tests/integration/apicurio-registry/serdes/pulsar/avro-serde/target/apicurio-registry-avro-serde-pulsar-3.0.12-SNAPSHOT.jar:/home/runner/.m2/repository/org/apache/pulsar/pulsar-functions-api/3.3.8/pulsar-functions-api-3.3.8.jar:/home/runner/work/apicurio-testing/apicurio-testing/clusters/ci419/namespaces/pg17/tests/integration/apicurio-registry/serdes/nats/avro-serde/target/apicurio-registry-avro-serde-nats-3.0.12-SNAPSHOT.jar:/home/runner/.m2/repository/io/nats/jnats/2.21.4/jnats-2.21.4.jar:/home/runner/.m2/repository/org/bouncycastle/bcprov-lts8on/2.73.7/bcprov-lts8on-2.73.7.jar:/home/runner/.m2/repository/org/jetbrains/annotations/26.0.2/annotations-26.0.2.jar:/home/runner/work/apicurio-testing/apicurio-testing/clusters/ci419/namespaces/pg17/tests/integration/apicurio-registry/utils/converter/target/apicurio-registry-utils-converter-3.0.12-SNAPSHOT.jar:/home/runner/work/apicurio-testing/apicurio-testing/clusters/ci419/namespaces/pg17/tests/integration/apicurio-registry/schema-resolver/target/apicurio-registry-schema-resolver-3.0.12-SNAPSHOT.jar:/home/runner/.m2/repository/org/apache/kafka/connect-api/3.9.1/connect-api-3.9.1.jar:/home/runner/.m2/repository/javax/ws/rs/javax.ws.rs-api/2.1.1/javax.ws.rs-api-2.1.1.jar:/home/runner/.m2/repository/org/apache/kafka/connect-json/3.9.1/connect-json-3.9.1.jar:/home/runner/.m2/repository/com/fasterxml/jackson/datatype/jackson-datatype-jdk8/2.18.2/jackson-datatype-jdk8-2.18.2.jar:/home/runner/.m2/repository/com/fasterxml/jackson/module/jackson-module-afterburner/2.18.2/jackson-module-afterburner-2.18.2.jar:/home/runner/work/apicurio-testing/apicurio-testing/clusters/ci419/namespaces/pg17/tests/integration/apicurio-registry/utils/kafka/target/apicurio-registry-utils-kafka-3.0.12-SNAPSHOT.jar:/home/runner/.m2/repository/org/apache/pulsar/pulsar-client/3.3.8/pulsar-client-3.3.8.jar:/home/runner/.m2/repository/org/apache/pulsar/pulsar-client-api/3.3.8/pulsar-client-api-3.3.8.jar:/home/runner/.m2/repository/org/apache/pulsar/pulsar-client-admin-api/3.3.8/pulsar-client-admin-api-3.3.8.jar:/home/runner/.m2/repository/org/apache/pulsar/bouncy-castle-bc/3.3.8/bouncy-castle-bc-3.3.8-pkg.jar:/home/runner/.m2/repository/org/bouncycastle/bcpkix-jdk18on/1.81/bcpkix-jdk18on-1.81.jar:/home/runner/.m2/repository/org/bouncycastle/bcutil-jdk18on/1.81/bcutil-jdk18on-1.81.jar:/home/runner/.m2/repository/org/bouncycastle/bcprov-jdk18on/1.81/bcprov-jdk18on-1.81.jar:/home/runner/.m2/repository/io/opentelemetry/opentelemetry-api/1.44.1/opentelemetry-api-1.44.1.jar:/home/runner/.m2/repository/io/opentelemetry/opentelemetry-context/1.44.1/opentelemetry-context-1.44.1.jar:/home/runner/.m2/repository/io/opentelemetry/opentelemetry-api-incubator/1.44.1-alpha/opentelemetry-api-incubator-1.44.1-alpha.jar:/home/runner/.m2/repository/com/fasterxml/jackson/core/jackson-annotations/2.18.2/jackson-annotations-2.18.2.jar:/home/runner/.m2/repository/javax/validation/validation-api/1.1.0.Final/validation-api-1.1.0.Final.jar:/home/runner/.m2/repository/org/jspecify/jspecify/1.0.0/jspecify-1.0.0.jar:/home/runner/.m2/repository/org/apache/commons/commons-configuration2/2.12.0/commons-configuration2-2.12.0.jar:/home/runner/.m2/repository/commons-logging/commons-logging/1.3.5/commons-logging-1.3.5.jar:/home/runner/.m2/repository/org/apache/commons/commons-text/1.13.0/commons-text-1.13.0.jar:/home/runner/.m2/repository/io/confluent/kafka-avro-serializer/8.0.0/kafka-avro-serializer-8.0.0.jar:/home/runner/.m2/repository/org/apache/commons/commons-compress/1.27.1/commons-compress-1.27.1.jar:/home/runner/.m2/repository/io/confluent/kafka-schema-serializer/8.0.0/kafka-schema-serializer-8.0.0.jar:/home/runner/.m2/repository/com/fasterxml/jackson/dataformat/jackson-dataformat-csv/2.18.2/jackson-dataformat-csv-2.18.2.jar:/home/runner/.m2/repository/io/confluent/kafka-schema-registry-client/8.0.0/kafka-schema-registry-client-8.0.0.jar:/home/runner/.m2/repository/org/yaml/snakeyaml/2.3/snakeyaml-2.3.jar:/home/runner/.m2/repository/io/swagger/core/v3/swagger-annotations/2.2.29/swagger-annotations-2.2.29.jar:/home/runner/.m2/repository/com/google/guava/guava/33.4.0-jre/guava-33.4.0-jre.jar:/home/runner/.m2/repository/com/google/guava/failureaccess/1.0.1/failureaccess-1.0.1.jar:/home/runner/.m2/repository/org/checkerframework/checker-qual/3.49.0/checker-qual-3.49.0.jar:/home/runner/.m2/repository/io/confluent/logredactor/1.0.13/logredactor-1.0.13.jar:/home/runner/.m2/repository/com/google/re2j/re2j/1.6/re2j-1.6.jar:/home/runner/.m2/repository/io/confluent/logredactor-metrics/1.0.13/logredactor-metrics-1.0.13.jar:/home/runner/.m2/repository/com/eclipsesource/minimal-json/minimal-json/0.9.5/minimal-json-0.9.5.jar:/home/runner/.m2/repository/io/confluent/common-utils/8.0.0/common-utils-8.0.0.jar:/home/runner/.m2/repository/io/confluent/kafka-connect-avro-converter/8.0.0/kafka-connect-avro-converter-8.0.0.jar:/home/runner/.m2/repository/io/confluent/kafka-connect-avro-data/8.0.0/kafka-connect-avro-data-8.0.0.jar:/home/runner/.m2/repository/io/confluent/kafka-schema-converter/8.0.0/kafka-schema-converter-8.0.0.jar:/home/runner/.m2/repository/io/rest-assured/rest-assured/5.5.1/rest-assured-5.5.1.jar:/home/runner/.m2/repository/org/apache/groovy/groovy/4.0.22/groovy-4.0.22.jar:/home/runner/.m2/repository/org/apache/groovy/groovy-xml/4.0.22/groovy-xml-4.0.22.jar:/home/runner/.m2/repository/org/apache/httpcomponents/httpclient/4.5.14/httpclient-4.5.14.jar:/home/runner/.m2/repository/org/apache/httpcomponents/httpcore/4.4.16/httpcore-4.4.16.jar:/home/runner/.m2/repository/org/apache/httpcomponents/httpmime/4.5.14/httpmime-4.5.14.jar:/home/runner/.m2/repository/org/hamcrest/hamcrest/2.2/hamcrest-2.2.jar:/home/runner/.m2/repository/org/ccil/cowan/tagsoup/tagsoup/1.2.1/tagsoup-1.2.1.jar:/home/runner/.m2/repository/io/rest-assured/json-path/5.5.1/json-path-5.5.1.jar:/home/runner/.m2/repository/org/apache/groovy/groovy-json/4.0.22/groovy-json-4.0.22.jar:/home/runner/.m2/repository/io/rest-assured/rest-assured-common/5.5.1/rest-assured-common-5.5.1.jar:/home/runner/.m2/repository/io/rest-assured/xml-path/5.5.1/xml-path-5.5.1.jar:/home/runner/.m2/repository/io/zonky/test/embedded-postgres/2.1.0/embedded-postgres-2.1.0.jar:/home/runner/.m2/repository/io/zonky/test/postgres/embedded-postgres-binaries-windows-amd64/14.15.0/embedded-postgres-binaries-windows-amd64-14.15.0.jar:/home/runner/.m2/repository/io/zonky/test/postgres/embedded-postgres-binaries-darwin-amd64/14.15.0/embedded-postgres-binaries-darwin-amd64-14.15.0.jar:/home/runner/.m2/repository/io/zonky/test/postgres/embedded-postgres-binaries-linux-amd64/14.15.0/embedded-postgres-binaries-linux-amd64-14.15.0.jar:/home/runner/.m2/repository/io/zonky/test/postgres/embedded-postgres-binaries-linux-amd64-alpine/14.15.0/embedded-postgres-binaries-linux-amd64-alpine-14.15.0.jar:/home/runner/.m2/repository/org/apache/commons/commons-lang3/3.17.0/commons-lang3-3.17.0.jar:/home/runner/.m2/repository/org/tukaani/xz/1.10/xz-1.10.jar:/home/runner/.m2/repository/commons-codec/commons-codec/1.19.0/commons-codec-1.19.0.jar:/home/runner/.m2/repository/org/postgresql/postgresql/42.7.7/postgresql-42.7.7.jar:/home/runner/.m2/repository/commons-io/commons-io/2.18.0/commons-io-2.18.0.jar:/home/runner/work/apicurio-testing/apicurio-testing/clusters/ci419/namespaces/pg17/tests/integration/apicurio-registry/utils/importexport/target/apicurio-registry-utils-import-export-3.0.12-SNAPSHOT.jar:/home/runner/.m2/repository/io/vertx/vertx-core/4.5.16/vertx-core-4.5.16.jar:/home/runner/.m2/repository/io/netty/netty-common/4.1.121.Final/netty-common-4.1.121.Final.jar:/home/runner/.m2/repository/io/netty/netty-buffer/4.1.121.Final/netty-buffer-4.1.121.Final.jar:/home/runner/.m2/repository/io/netty/netty-transport/4.1.121.Final/netty-transport-4.1.121.Final.jar:/home/runner/.m2/repository/io/netty/netty-handler/4.1.121.Final/netty-handler-4.1.121.Final.jar:/home/runner/.m2/repository/io/netty/netty-transport-native-unix-common/4.1.121.Final/netty-transport-native-unix-common-4.1.121.Final.jar:/home/runner/.m2/repository/io/netty/netty-codec/4.1.121.Final/netty-codec-4.1.121.Final.jar:/home/runner/.m2/repository/io/netty/netty-handler-proxy/4.1.121.Final/netty-handler-proxy-4.1.121.Final.jar:/home/runner/.m2/repository/io/netty/netty-codec-socks/4.1.121.Final/netty-codec-socks-4.1.121.Final.jar:/home/runner/.m2/repository/io/netty/netty-codec-http/4.1.121.Final/netty-codec-http-4.1.121.Final.jar:/home/runner/.m2/repository/io/netty/netty-codec-http2/4.1.121.Final/netty-codec-http2-4.1.121.Final.jar:/home/runner/.m2/repository/io/netty/netty-resolver/4.1.121.Final/netty-resolver-4.1.121.Final.jar:/home/runner/.m2/repository/io/netty/netty-resolver-dns/4.1.121.Final/netty-resolver-dns-4.1.121.Final.jar:/home/runner/.m2/repository/io/netty/netty-codec-dns/4.1.121.Final/netty-codec-dns-4.1.121.Final.jar:/home/runner/.m2/repository/com/fasterxml/jackson/core/jackson-core/2.18.2/jackson-core-2.18.2.jar:"/>
    <property name="java.vm.vendor" value="Eclipse Adoptium"/>
    <property name="maven.javadoc.skip" value="true"/>
    <property name="sun.arch.data.model" value="64"/>
    <property name="java.vendor.url" value="https://adoptium.net/"/>
    <property name="user.timezone" value="Etc/UTC"/>
    <property name="os.name" value="Linux"/>
    <property name="java.vm.specification.version" value="17"/>
    <property name="sun.java.launcher" value="SUN_STANDARD"/>
    <property name="quarkus.http.test-port" value="80"/>
    <property name="sun.boot.library.path" value="/usr/lib/jvm/temurin-17-jdk-amd64/lib"/>
    <property name="sun.java.command" value="/home/runner/work/apicurio-testing/apicurio-testing/clusters/ci419/namespaces/pg17/tests/integration/apicurio-registry/integration-tests/target/surefire/surefirebooter-20250812144859142_3.jar /home/runner/work/apicurio-testing/apicurio-testing/clusters/ci419/namespaces/pg17/tests/integration/apicurio-registry/integration-tests/target/surefire 2025-08-12T14-48-59_028-jvmRun1 surefire-20250812144859142_1tmp surefire_0-20250812144859142_2tmp"/>
    <property name="maven.home" value="/home/runner/.m2/wrapper/dists/apache-maven-3.9.8-bin/4fnp1ql35bgk2a0p7m31ovbgb0/apache-maven-3.9.8"/>
    <property name="jdk.debug" value="release"/>
    <property name="surefire.test.class.path" value="/home/runner/work/apicurio-testing/apicurio-testing/clusters/ci419/namespaces/pg17/tests/integration/apicurio-registry/integration-tests/target/test-classes:/home/runner/work/apicurio-testing/apicurio-testing/clusters/ci419/namespaces/pg17/tests/integration/apicurio-registry/integration-tests/target/apicurio-registry-integration-tests-3.0.12-SNAPSHOT.jar:/home/runner/.m2/repository/io/quarkus/quarkus-junit5/3.20.2/quarkus-junit5-3.20.2.jar:/home/runner/.m2/repository/io/quarkus/quarkus-bootstrap-core/3.20.2/quarkus-bootstrap-core-3.20.2.jar:/home/runner/.m2/repository/io/quarkus/quarkus-classloader-commons/3.20.2/quarkus-classloader-commons-3.20.2.jar:/home/runner/.m2/repository/io/quarkus/quarkus-bootstrap-app-model/3.20.2/quarkus-bootstrap-app-model-3.20.2.jar:/home/runner/.m2/repository/io/smallrye/common/smallrye-common-io/2.12.0/smallrye-common-io-2.12.0.jar:/home/runner/.m2/repository/org/eclipse/sisu/org.eclipse.sisu.inject/0.9.0.M3/org.eclipse.sisu.inject-0.9.0.M3.jar:/home/runner/.m2/repository/io/quarkus/quarkus-test-common/3.20.2/quarkus-test-common-3.20.2.jar:/home/runner/.m2/repository/io/quarkus/quarkus-core-deployment/3.20.2/quarkus-core-deployment-3.20.2.jar:/home/runner/.m2/repository/org/aesh/readline/2.6/readline-2.6.jar:/home/runner/.m2/repository/org/fusesource/jansi/jansi/2.4.0/jansi-2.4.0.jar:/home/runner/.m2/repository/org/aesh/aesh/2.8.2/aesh-2.8.2.jar:/home/runner/.m2/repository/io/quarkus/gizmo/gizmo/1.8.0/gizmo-1.8.0.jar:/home/runner/.m2/repository/org/ow2/asm/asm-util/9.7.1/asm-util-9.7.1.jar:/home/runner/.m2/repository/org/ow2/asm/asm-analysis/9.7.1/asm-analysis-9.7.1.jar:/home/runner/.m2/repository/org/ow2/asm/asm-commons/9.7.1/asm-commons-9.7.1.jar:/home/runner/.m2/repository/org/ow2/asm/asm-tree/9.7.1/asm-tree-9.7.1.jar:/home/runner/.m2/repository/io/quarkus/quarkus-hibernate-validator-spi/3.20.2/quarkus-hibernate-validator-spi-3.20.2.jar:/home/runner/.m2/repository/io/quarkus/quarkus-class-change-agent/3.20.2/quarkus-class-change-agent-3.20.2.jar:/home/runner/.m2/repository/io/quarkus/quarkus-devtools-utilities/3.20.2/quarkus-devtools-utilities-3.20.2.jar:/home/runner/.m2/repository/io/quarkus/quarkus-builder/3.20.2/quarkus-builder-3.20.2.jar:/home/runner/.m2/repository/org/graalvm/sdk/nativeimage/23.1.2/nativeimage-23.1.2.jar:/home/runner/.m2/repository/org/graalvm/sdk/word/23.1.2/word-23.1.2.jar:/home/runner/.m2/repository/io/quarkus/quarkus-bootstrap-maven-resolver/3.20.2/quarkus-bootstrap-maven-resolver-3.20.2.jar:/home/runner/.m2/repository/io/smallrye/beanbag/smallrye-beanbag-maven/1.5.2/smallrye-beanbag-maven-1.5.2.jar:/home/runner/.m2/repository/io/smallrye/beanbag/smallrye-beanbag-sisu/1.5.2/smallrye-beanbag-sisu-1.5.2.jar:/home/runner/.m2/repository/io/smallrye/beanbag/smallrye-beanbag/1.5.2/smallrye-beanbag-1.5.2.jar:/home/runner/.m2/repository/javax/inject/javax.inject/1/javax.inject-1.jar:/home/runner/.m2/repository/org/apache/maven/maven-artifact/3.9.9/maven-artifact-3.9.9.jar:/home/runner/.m2/repository/org/apache/maven/maven-builder-support/3.9.9/maven-builder-support-3.9.9.jar:/home/runner/.m2/repository/org/apache/maven/maven-model/3.9.9/maven-model-3.9.9.jar:/home/runner/.m2/repository/org/apache/maven/maven-model-builder/3.9.9/maven-model-builder-3.9.9.jar:/home/runner/.m2/repository/org/apache/maven/maven-repository-metadata/3.9.9/maven-repository-metadata-3.9.9.jar:/home/runner/.m2/repository/org/apache/maven/maven-settings/3.9.9/maven-settings-3.9.9.jar:/home/runner/.m2/repository/org/apache/maven/resolver/maven-resolver-api/1.9.22/maven-resolver-api-1.9.22.jar:/home/runner/.m2/repository/org/apache/maven/resolver/maven-resolver-impl/1.9.22/maven-resolver-impl-1.9.22.jar:/home/runner/.m2/repository/org/apache/maven/resolver/maven-resolver-named-locks/1.9.22/maven-resolver-named-locks-1.9.22.jar:/home/runner/.m2/repository/org/apache/maven/resolver/maven-resolver-spi/1.9.22/maven-resolver-spi-1.9.22.jar:/home/runner/.m2/repository/org/apache/maven/resolver/maven-resolver-util/1.9.22/maven-resolver-util-1.9.22.jar:/home/runner/.m2/repository/org/apache/maven/resolver/maven-resolver-transport-http/1.9.20/maven-resolver-transport-http-1.9.20.jar:/home/runner/.m2/repository/org/apache/maven/wagon/wagon-provider-api/3.5.3/wagon-provider-api-3.5.3.jar:/home/runner/.m2/repository/org/apache/maven/wagon/wagon-http-shared/3.5.3/wagon-http-shared-3.5.3.jar:/home/runner/.m2/repository/org/codehaus/plexus/plexus-interpolation/1.26/plexus-interpolation-1.26.jar:/home/runner/.m2/repository/org/codehaus/plexus/plexus-utils/3.5.1/plexus-utils-3.5.1.jar:/home/runner/.m2/repository/org/codehaus/plexus/plexus-xml/4.0.1/plexus-xml-4.0.1.jar:/home/runner/.m2/repository/org/apache/maven/maven-xml-impl/4.0.0-alpha-5/maven-xml-impl-4.0.0-alpha-5.jar:/home/runner/.m2/repository/org/apache/maven/maven-api-xml/4.0.0-alpha-5/maven-api-xml-4.0.0-alpha-5.jar:/home/runner/.m2/repository/org/apache/maven/maven-api-meta/4.0.0-alpha-5/maven-api-meta-4.0.0-alpha-5.jar:/home/runner/.m2/repository/org/codehaus/plexus/plexus-cipher/2.0/plexus-cipher-2.0.jar:/home/runner/.m2/repository/org/codehaus/plexus/plexus-sec-dispatcher/2.0/plexus-sec-dispatcher-2.0.jar:/home/runner/.m2/repository/org/apache/maven/maven-embedder/3.9.9/maven-embedder-3.9.9.jar:/home/runner/.m2/repository/org/apache/maven/maven-core/3.9.9/maven-core-3.9.9.jar:/home/runner/.m2/repository/org/codehaus/plexus/plexus-component-annotations/2.1.0/plexus-component-annotations-2.1.0.jar:/home/runner/.m2/repository/org/apache/maven/maven-plugin-api/3.9.9/maven-plugin-api-3.9.9.jar:/home/runner/.m2/repository/org/apache/maven/shared/maven-shared-utils/3.4.2/maven-shared-utils-3.4.2.jar:/home/runner/.m2/repository/com/google/inject/guice/5.1.0/guice-5.1.0.jar:/home/runner/.m2/repository/aopalliance/aopalliance/1.0/aopalliance-1.0.jar:/home/runner/.m2/repository/org/codehaus/plexus/plexus-classworlds/2.6.0/plexus-classworlds-2.6.0.jar:/home/runner/.m2/repository/commons-cli/commons-cli/1.8.0/commons-cli-1.8.0.jar:/home/runner/.m2/repository/org/eclipse/sisu/org.eclipse.sisu.plexus/0.9.0.M3/org.eclipse.sisu.plexus-0.9.0.M3.jar:/home/runner/.m2/repository/org/apache/maven/maven-settings-builder/3.9.9/maven-settings-builder-3.9.9.jar:/home/runner/.m2/repository/org/apache/maven/maven-resolver-provider/3.9.9/maven-resolver-provider-3.9.9.jar:/home/runner/.m2/repository/org/apache/maven/resolver/maven-resolver-connector-basic/1.9.22/maven-resolver-connector-basic-1.9.22.jar:/home/runner/.m2/repository/org/apache/maven/resolver/maven-resolver-transport-wagon/1.9.22/maven-resolver-transport-wagon-1.9.22.jar:/home/runner/.m2/repository/org/apache/maven/wagon/wagon-http/3.5.3/wagon-http-3.5.3.jar:/home/runner/.m2/repository/org/apache/maven/wagon/wagon-file/3.5.3/wagon-file-3.5.3.jar:/home/runner/.m2/repository/io/quarkus/quarkus-bootstrap-gradle-resolver/3.20.2/quarkus-bootstrap-gradle-resolver-3.20.2.jar:/home/runner/.m2/repository/io/smallrye/jandex/3.3.0/jandex-3.3.0.jar:/home/runner/.m2/repository/org/jboss/logging/commons-logging-jboss-logging/1.0.0.Final/commons-logging-jboss-logging-1.0.0.Final.jar:/home/runner/.m2/repository/io/quarkus/quarkus-junit5-config/3.20.2/quarkus-junit5-config-3.20.2.jar:/home/runner/.m2/repository/org/junit/jupiter/junit-jupiter-api/5.12.1/junit-jupiter-api-5.12.1.jar:/home/runner/.m2/repository/io/smallrye/config/smallrye-config/3.11.4/smallrye-config-3.11.4.jar:/home/runner/.m2/repository/io/smallrye/config/smallrye-config-core/3.11.4/smallrye-config-core-3.11.4.jar:/home/runner/.m2/repository/io/smallrye/common/smallrye-common-classloader/2.12.0/smallrye-common-classloader-2.12.0.jar:/home/runner/.m2/repository/io/smallrye/config/smallrye-config-common/3.11.4/smallrye-config-common-3.11.4.jar:/home/runner/.m2/repository/org/junit/jupiter/junit-jupiter/5.12.1/junit-jupiter-5.12.1.jar:/home/runner/.m2/repository/org/junit/jupiter/junit-jupiter-params/5.12.1/junit-jupiter-params-5.12.1.jar:/home/runner/.m2/repository/org/junit/jupiter/junit-jupiter-engine/5.12.1/junit-jupiter-engine-5.12.1.jar:/home/runner/.m2/repository/io/quarkus/quarkus-core/3.20.2/quarkus-core-3.20.2.jar:/home/runner/.m2/repository/jakarta/enterprise/jakarta.enterprise.cdi-api/4.1.0/jakarta.enterprise.cdi-api-4.1.0.jar:/home/runner/.m2/repository/jakarta/enterprise/jakarta.enterprise.lang-model/4.1.0/jakarta.enterprise.lang-model-4.1.0.jar:/home/runner/.m2/repository/jakarta/el/jakarta.el-api/5.0.1/jakarta.el-api-5.0.1.jar:/home/runner/.m2/repository/jakarta/interceptor/jakarta.interceptor-api/2.2.0/jakarta.interceptor-api-2.2.0.jar:/home/runner/.m2/repository/jakarta/inject/jakarta.inject-api/2.0.1/jakarta.inject-api-2.0.1.jar:/home/runner/.m2/repository/io/smallrye/common/smallrye-common-os/2.12.0/smallrye-common-os-2.12.0.jar:/home/runner/.m2/repository/io/quarkus/quarkus-ide-launcher/3.20.2/quarkus-ide-launcher-3.20.2.jar:/home/runner/.m2/repository/io/quarkus/quarkus-development-mode-spi/3.20.2/quarkus-development-mode-spi-3.20.2.jar:/home/runner/.m2/repository/org/jboss/logging/jboss-logging/3.6.1.Final/jboss-logging-3.6.1.Final.jar:/home/runner/.m2/repository/org/jboss/logmanager/jboss-logmanager/3.1.2.Final/jboss-logmanager-3.1.2.Final.jar:/home/runner/.m2/repository/io/smallrye/common/smallrye-common-constraint/2.12.0/smallrye-common-constraint-2.12.0.jar:/home/runner/.m2/repository/io/smallrye/common/smallrye-common-cpu/2.12.0/smallrye-common-cpu-2.12.0.jar:/home/runner/.m2/repository/io/smallrye/common/smallrye-common-expression/2.12.0/smallrye-common-expression-2.12.0.jar:/home/runner/.m2/repository/io/smallrye/common/smallrye-common-net/2.12.0/smallrye-common-net-2.12.0.jar:/home/runner/.m2/repository/io/smallrye/common/smallrye-common-ref/2.12.0/smallrye-common-ref-2.12.0.jar:/home/runner/.m2/repository/jakarta/json/jakarta.json-api/2.1.3/jakarta.json-api-2.1.3.jar:/home/runner/.m2/repository/org/eclipse/parsson/parsson/1.1.7/parsson-1.1.7.jar:/home/runner/.m2/repository/org/jboss/logging/jboss-logging-annotations/3.0.4.Final/jboss-logging-annotations-3.0.4.Final.jar:/home/runner/.m2/repository/org/jboss/threads/jboss-threads/3.8.0.Final/jboss-threads-3.8.0.Final.jar:/home/runner/.m2/repository/io/smallrye/common/smallrye-common-annotation/2.12.0/smallrye-common-annotation-2.12.0.jar:/home/runner/.m2/repository/io/smallrye/common/smallrye-common-function/2.12.0/smallrye-common-function-2.12.0.jar:/home/runner/.m2/repository/org/jboss/slf4j/slf4j-jboss-logmanager/2.0.0.Final/slf4j-jboss-logmanager-2.0.0.Final.jar:/home/runner/.m2/repository/org/wildfly/common/wildfly-common/2.0.1/wildfly-common-2.0.1.jar:/home/runner/.m2/repository/io/quarkus/quarkus-bootstrap-runner/3.20.2/quarkus-bootstrap-runner-3.20.2.jar:/home/runner/.m2/repository/io/github/crac/org-crac/0.1.3/org-crac-0.1.3.jar:/home/runner/.m2/repository/io/quarkus/quarkus-fs-util/0.0.10/quarkus-fs-util-0.0.10.jar:/home/runner/.m2/repository/org/jboss/marshalling/jboss-marshalling/2.2.2.Final/jboss-marshalling-2.2.2.Final.jar:/home/runner/.m2/repository/io/fabric8/kubernetes-client/7.1.0/kubernetes-client-7.1.0.jar:/home/runner/.m2/repository/io/fabric8/kubernetes-client-api/7.1.0/kubernetes-client-api-7.1.0.jar:/home/runner/.m2/repository/io/fabric8/kubernetes-model-core/7.1.0/kubernetes-model-core-7.1.0.jar:/home/runner/.m2/repository/io/fabric8/kubernetes-model-common/7.1.0/kubernetes-model-common-7.1.0.jar:/home/runner/.m2/repository/javax/annotation/javax.annotation-api/1.3.2/javax.annotation-api-1.3.2.jar:/home/runner/.m2/repository/io/fabric8/kubernetes-model-gatewayapi/7.1.0/kubernetes-model-gatewayapi-7.1.0.jar:/home/runner/.m2/repository/io/fabric8/kubernetes-model-resource/7.1.0/kubernetes-model-resource-7.1.0.jar:/home/runner/.m2/repository/io/fabric8/kubernetes-model-rbac/7.1.0/kubernetes-model-rbac-7.1.0.jar:/home/runner/.m2/repository/io/fabric8/kubernetes-model-admissionregistration/7.1.0/kubernetes-model-admissionregistration-7.1.0.jar:/home/runner/.m2/repository/io/fabric8/kubernetes-model-apps/7.1.0/kubernetes-model-apps-7.1.0.jar:/home/runner/.m2/repository/io/fabric8/kubernetes-model-autoscaling/7.1.0/kubernetes-model-autoscaling-7.1.0.jar:/home/runner/.m2/repository/io/fabric8/kubernetes-model-apiextensions/7.1.0/kubernetes-model-apiextensions-7.1.0.jar:/home/runner/.m2/repository/io/fabric8/kubernetes-model-batch/7.1.0/kubernetes-model-batch-7.1.0.jar:/home/runner/.m2/repository/io/fabric8/kubernetes-model-certificates/7.1.0/kubernetes-model-certificates-7.1.0.jar:/home/runner/.m2/repository/io/fabric8/kubernetes-model-coordination/7.1.0/kubernetes-model-coordination-7.1.0.jar:/home/runner/.m2/repository/io/fabric8/kubernetes-model-discovery/7.1.0/kubernetes-model-discovery-7.1.0.jar:/home/runner/.m2/repository/io/fabric8/kubernetes-model-events/7.1.0/kubernetes-model-events-7.1.0.jar:/home/runner/.m2/repository/io/fabric8/kubernetes-model-extensions/7.1.0/kubernetes-model-extensions-7.1.0.jar:/home/runner/.m2/repository/io/fabric8/kubernetes-model-flowcontrol/7.1.0/kubernetes-model-flowcontrol-7.1.0.jar:/home/runner/.m2/repository/io/fabric8/kubernetes-model-networking/7.1.0/kubernetes-model-networking-7.1.0.jar:/home/runner/.m2/repository/io/fabric8/kubernetes-model-metrics/7.1.0/kubernetes-model-metrics-7.1.0.jar:/home/runner/.m2/repository/io/fabric8/kubernetes-model-policy/7.1.0/kubernetes-model-policy-7.1.0.jar:/home/runner/.m2/repository/io/fabric8/kubernetes-model-scheduling/7.1.0/kubernetes-model-scheduling-7.1.0.jar:/home/runner/.m2/repository/io/fabric8/kubernetes-model-storageclass/7.1.0/kubernetes-model-storageclass-7.1.0.jar:/home/runner/.m2/repository/io/fabric8/kubernetes-model-node/7.1.0/kubernetes-model-node-7.1.0.jar:/home/runner/.m2/repository/org/snakeyaml/snakeyaml-engine/2.9/snakeyaml-engine-2.9.jar:/home/runner/.m2/repository/com/fasterxml/jackson/dataformat/jackson-dataformat-yaml/2.18.2/jackson-dataformat-yaml-2.18.2.jar:/home/runner/.m2/repository/com/fasterxml/jackson/datatype/jackson-datatype-jsr310/2.18.2/jackson-datatype-jsr310-2.18.2.jar:/home/runner/.m2/repository/io/fabric8/zjsonpatch/7.1.0/zjsonpatch-7.1.0.jar:/home/runner/.m2/repository/io/fabric8/kubernetes-httpclient-vertx/7.1.0/kubernetes-httpclient-vertx-7.1.0.jar:/home/runner/.m2/repository/io/vertx/vertx-web-client/4.5.16/vertx-web-client-4.5.16.jar:/home/runner/.m2/repository/io/vertx/vertx-web-common/4.5.16/vertx-web-common-4.5.16.jar:/home/runner/.m2/repository/io/vertx/vertx-auth-common/4.5.16/vertx-auth-common-4.5.16.jar:/home/runner/.m2/repository/io/vertx/vertx-uri-template/4.5.16/vertx-uri-template-4.5.16.jar:/home/runner/.m2/repository/io/fabric8/openshift-client/7.1.0/openshift-client-7.1.0.jar:/home/runner/.m2/repository/io/fabric8/openshift-client-api/7.1.0/openshift-client-api-7.1.0.jar:/home/runner/.m2/repository/io/fabric8/openshift-model/7.1.0/openshift-model-7.1.0.jar:/home/runner/.m2/repository/io/fabric8/openshift-model-autoscaling/7.1.0/openshift-model-autoscaling-7.1.0.jar:/home/runner/.m2/repository/io/fabric8/openshift-model-operator/7.1.0/openshift-model-operator-7.1.0.jar:/home/runner/.m2/repository/io/fabric8/openshift-model-operatorhub/7.1.0/openshift-model-operatorhub-7.1.0.jar:/home/runner/.m2/repository/io/fabric8/openshift-model-machine/7.1.0/openshift-model-machine-7.1.0.jar:/home/runner/.m2/repository/io/fabric8/openshift-model-whereabouts/7.1.0/openshift-model-whereabouts-7.1.0.jar:/home/runner/.m2/repository/io/fabric8/openshift-model-monitoring/7.1.0/openshift-model-monitoring-7.1.0.jar:/home/runner/.m2/repository/io/fabric8/openshift-model-storageversionmigrator/7.1.0/openshift-model-storageversionmigrator-7.1.0.jar:/home/runner/.m2/repository/io/fabric8/openshift-model-tuned/7.1.0/openshift-model-tuned-7.1.0.jar:/home/runner/.m2/repository/io/fabric8/openshift-model-console/7.1.0/openshift-model-console-7.1.0.jar:/home/runner/.m2/repository/io/fabric8/openshift-model-config/7.1.0/openshift-model-config-7.1.0.jar:/home/runner/.m2/repository/io/fabric8/openshift-model-machineconfiguration/7.1.0/openshift-model-machineconfiguration-7.1.0.jar:/home/runner/.m2/repository/io/fabric8/openshift-model-miscellaneous/7.1.0/openshift-model-miscellaneous-7.1.0.jar:/home/runner/.m2/repository/io/fabric8/openshift-model-hive/7.1.0/openshift-model-hive-7.1.0.jar:/home/runner/.m2/repository/io/fabric8/openshift-model-installer/7.1.0/openshift-model-installer-7.1.0.jar:/home/runner/.m2/repository/org/junit/platform/junit-platform-launcher/1.12.1/junit-platform-launcher-1.12.1.jar:/home/runner/.m2/repository/org/junit/platform/junit-platform-engine/1.12.1/junit-platform-engine-1.12.1.jar:/home/runner/.m2/repository/org/opentest4j/opentest4j/1.3.0/opentest4j-1.3.0.jar:/home/runner/.m2/repository/org/junit/platform/junit-platform-commons/1.12.1/junit-platform-commons-1.12.1.jar:/home/runner/.m2/repository/org/apiguardian/apiguardian-api/1.1.2/apiguardian-api-1.1.2.jar:/home/runner/.m2/repository/jakarta/ws/rs/jakarta.ws.rs-api/3.1.0/jakarta.ws.rs-api-3.1.0.jar:/home/runner/work/apicurio-testing/apicurio-testing/clusters/ci419/namespaces/pg17/tests/integration/apicurio-registry/java-sdk/target/apicurio-registry-java-sdk-3.0.12-SNAPSHOT.jar:/home/runner/.m2/repository/com/microsoft/kiota/microsoft-kiota-abstractions/1.8.9/microsoft-kiota-abstractions-1.8.9.jar:/home/runner/.m2/repository/io/github/std-uritemplate/std-uritemplate/2.0.0/std-uritemplate-2.0.0.jar:/home/runner/.m2/repository/io/kiota/kiota-http-jdk/0.0.29/kiota-http-jdk-0.0.29.jar:/home/runner/.m2/repository/io/kiota/kiota-http-vertx/0.0.29/kiota-http-vertx-0.0.29.jar:/home/runner/.m2/repository/io/kiota/kiota-serialization-jackson/0.0.29/kiota-serialization-jackson-0.0.29.jar:/home/runner/.m2/repository/com/microsoft/kiota/microsoft-kiota-serialization-text/1.8.9/microsoft-kiota-serialization-text-1.8.9.jar:/home/runner/.m2/repository/com/microsoft/kiota/microsoft-kiota-serialization-form/1.8.9/microsoft-kiota-serialization-form-1.8.9.jar:/home/runner/.m2/repository/com/microsoft/kiota/microsoft-kiota-serialization-multipart/1.8.9/microsoft-kiota-serialization-multipart-1.8.9.jar:/home/runner/.m2/repository/jakarta/annotation/jakarta.annotation-api/3.0.0/jakarta.annotation-api-3.0.0.jar:/home/runner/.m2/repository/io/vertx/vertx-auth-oauth2/4.5.16/vertx-auth-oauth2-4.5.16.jar:/home/runner/work/apicurio-testing/apicurio-testing/clusters/ci419/namespaces/pg17/tests/integration/apicurio-registry/java-sdk-v2/target/apicurio-registry-v2-java-sdk-3.0.12-SNAPSHOT.jar:/home/runner/work/apicurio-testing/apicurio-testing/clusters/ci419/namespaces/pg17/tests/integration/apicurio-registry/utils/kafka/target/apicurio-registry-utils-kafka-3.0.12-SNAPSHOT-tests.jar:/home/runner/.m2/repository/org/eclipse/microprofile/config/microprofile-config-api/3.1/microprofile-config-api-3.1.jar:/home/runner/.m2/repository/org/apache/kafka/kafka-clients/3.9.1/kafka-clients-3.9.1.jar:/home/runner/.m2/repository/com/github/luben/zstd-jni/1.5.6-4/zstd-jni-1.5.6-4.jar:/home/runner/.m2/repository/org/lz4/lz4-java/1.8.0/lz4-java-1.8.0.jar:/home/runner/.m2/repository/org/xerial/snappy/snappy-java/1.1.10.5/snappy-java-1.1.10.5.jar:/home/runner/.m2/repository/org/slf4j/slf4j-api/2.0.6/slf4j-api-2.0.6.jar:/home/runner/work/apicurio-testing/apicurio-testing/clusters/ci419/namespaces/pg17/tests/integration/apicurio-registry/utils/tests/target/apicurio-registry-utils-tests-3.0.12-SNAPSHOT.jar:/home/runner/work/apicurio-testing/apicurio-testing/clusters/ci419/namespaces/pg17/tests/integration/apicurio-registry/common/target/apicurio-registry-common-3.0.12-SNAPSHOT.jar:/home/runner/.m2/repository/jakarta/validation/jakarta.validation-api/3.0.2/jakarta.validation-api-3.0.2.jar:/home/runner/.m2/repository/com/github/dasniko/testcontainers-keycloak/3.8.0/testcontainers-keycloak-3.8.0.jar:/home/runner/.m2/repository/org/testcontainers/testcontainers/1.20.6/testcontainers-1.20.6.jar:/home/runner/.m2/repository/org/rnorth/duct-tape/duct-tape/1.0.8/duct-tape-1.0.8.jar:/home/runner/.m2/repository/com/github/docker-java/docker-java-transport-zerodep/3.4.1/docker-java-transport-zerodep-3.4.1.jar:/home/runner/.m2/repository/com/github/docker-java/docker-java-transport/3.4.1/docker-java-transport-3.4.1.jar:/home/runner/.m2/repository/net/java/dev/jna/jna/5.8.0/jna-5.8.0.jar:/home/runner/.m2/repository/io/quarkus/quarkus-junit4-mock/3.20.2/quarkus-junit4-mock-3.20.2.jar:/home/runner/.m2/repository/org/jboss/shrinkwrap/shrinkwrap-api/2.0.0-beta-2/shrinkwrap-api-2.0.0-beta-2.jar:/home/runner/.m2/repository/org/jboss/shrinkwrap/shrinkwrap-impl-base/2.0.0-beta-2/shrinkwrap-impl-base-2.0.0-beta-2.jar:/home/runner/.m2/repository/org/jboss/shrinkwrap/shrinkwrap-spi/2.0.0-beta-2/shrinkwrap-spi-2.0.0-beta-2.jar:/home/runner/.m2/repository/org/keycloak/keycloak-admin-client/26.0.4/keycloak-admin-client-26.0.4.jar:/home/runner/.m2/repository/org/keycloak/keycloak-client-common-synced/26.0.4/keycloak-client-common-synced-26.0.4.jar:/home/runner/.m2/repository/jakarta/activation/jakarta.activation-api/2.1.3/jakarta.activation-api-2.1.3.jar:/home/runner/.m2/repository/org/eclipse/microprofile/openapi/microprofile-openapi-api/4.0.2/microprofile-openapi-api-4.0.2.jar:/home/runner/.m2/repository/org/jboss/resteasy/resteasy-client/6.2.12.Final/resteasy-client-6.2.12.Final.jar:/home/runner/.m2/repository/org/jboss/resteasy/resteasy-client-api/6.2.12.Final/resteasy-client-api-6.2.12.Final.jar:/home/runner/.m2/repository/org/jboss/resteasy/resteasy-core-spi/6.2.12.Final/resteasy-core-spi-6.2.12.Final.jar:/home/runner/.m2/repository/org/jboss/resteasy/resteasy-core/6.2.12.Final/resteasy-core-6.2.12.Final.jar:/home/runner/.m2/repository/org/eclipse/angus/angus-activation/2.0.2/angus-activation-2.0.2.jar:/home/runner/.m2/repository/com/ibm/async/asyncutil/0.1.0/asyncutil-0.1.0.jar:/home/runner/.m2/repository/org/reactivestreams/reactive-streams/1.0.4/reactive-streams-1.0.4.jar:/home/runner/.m2/repository/org/jboss/resteasy/resteasy-multipart-provider/6.2.12.Final/resteasy-multipart-provider-6.2.12.Final.jar:/home/runner/.m2/repository/jakarta/mail/jakarta.mail-api/2.1.3/jakarta.mail-api-2.1.3.jar:/home/runner/.m2/repository/org/eclipse/angus/angus-mail/2.0.3/angus-mail-2.0.3.jar:/home/runner/.m2/repository/org/apache/james/apache-mime4j-dom/0.8.12/apache-mime4j-dom-0.8.12.jar:/home/runner/.m2/repository/org/apache/james/apache-mime4j-core/0.8.12/apache-mime4j-core-0.8.12.jar:/home/runner/.m2/repository/org/apache/james/apache-mime4j-storage/0.8.12/apache-mime4j-storage-0.8.12.jar:/home/runner/.m2/repository/org/jboss/resteasy/resteasy-jackson2-provider/6.2.12.Final/resteasy-jackson2-provider-6.2.12.Final.jar:/home/runner/.m2/repository/com/fasterxml/jackson/jakarta/rs/jackson-jakarta-rs-base/2.18.2/jackson-jakarta-rs-base-2.18.2.jar:/home/runner/.m2/repository/com/fasterxml/jackson/jakarta/rs/jackson-jakarta-rs-json-provider/2.18.2/jackson-jakarta-rs-json-provider-2.18.2.jar:/home/runner/.m2/repository/com/fasterxml/jackson/module/jackson-module-jakarta-xmlbind-annotations/2.18.2/jackson-module-jakarta-xmlbind-annotations-2.18.2.jar:/home/runner/.m2/repository/com/github/java-json-tools/json-patch/1.13/json-patch-1.13.jar:/home/runner/.m2/repository/com/github/java-json-tools/msg-simple/1.2/msg-simple-1.2.jar:/home/runner/.m2/repository/com/github/java-json-tools/btf/1.3/btf-1.3.jar:/home/runner/.m2/repository/com/github/java-json-tools/jackson-coreutils/2.0/jackson-coreutils-2.0.jar:/home/runner/.m2/repository/org/jboss/resteasy/resteasy-jaxb-provider/6.2.12.Final/resteasy-jaxb-provider-6.2.12.Final.jar:/home/runner/.m2/repository/org/glassfish/jaxb/codemodel/4.0.5/codemodel-4.0.5.jar:/home/runner/.m2/repository/org/glassfish/jaxb/jaxb-core/4.0.5/jaxb-core-4.0.5.jar:/home/runner/.m2/repository/org/glassfish/jaxb/jaxb-jxc/4.0.5/jaxb-jxc-4.0.5.jar:/home/runner/.m2/repository/org/glassfish/jaxb/jaxb-runtime/4.0.5/jaxb-runtime-4.0.5.jar:/home/runner/.m2/repository/org/glassfish/jaxb/txw2/4.0.5/txw2-4.0.5.jar:/home/runner/.m2/repository/org/glassfish/jaxb/jaxb-xjc/4.0.5/jaxb-xjc-4.0.5.jar:/home/runner/.m2/repository/org/glassfish/jaxb/xsom/4.0.5/xsom-4.0.5.jar:/home/runner/.m2/repository/com/sun/istack/istack-commons-runtime/4.1.2/istack-commons-runtime-4.1.2.jar:/home/runner/.m2/repository/com/sun/istack/istack-commons-tools/4.1.2/istack-commons-tools-4.1.2.jar:/home/runner/.m2/repository/com/sun/xml/bind/external/relaxng-datatype/4.0.5/relaxng-datatype-4.0.5.jar:/home/runner/.m2/repository/com/sun/xml/bind/external/rngom/4.0.5/rngom-4.0.5.jar:/home/runner/.m2/repository/org/testcontainers/mssqlserver/1.20.6/mssqlserver-1.20.6.jar:/home/runner/.m2/repository/org/testcontainers/jdbc/1.20.6/jdbc-1.20.6.jar:/home/runner/.m2/repository/org/testcontainers/database-commons/1.20.6/database-commons-1.20.6.jar:/home/runner/.m2/repository/org/testcontainers/mysql/1.20.6/mysql-1.20.6.jar:/home/runner/.m2/repository/io/strimzi/strimzi-test-container/0.111.0/strimzi-test-container-0.111.0.jar:/home/runner/.m2/repository/org/testcontainers/toxiproxy/1.20.6/toxiproxy-1.20.6.jar:/home/runner/.m2/repository/com/github/docker-java/docker-java-api/3.4.1/docker-java-api-3.4.1.jar:/home/runner/.m2/repository/org/apache/logging/log4j/log4j-slf4j-impl/2.19.0/log4j-slf4j-impl-2.19.0.jar:/home/runner/.m2/repository/org/apache/logging/log4j/log4j-api/2.24.3/log4j-api-2.24.3.jar:/home/runner/.m2/repository/org/apache/logging/log4j/log4j-core/2.19.0/log4j-core-2.19.0.jar:/home/runner/.m2/repository/eu/rekawek/toxiproxy/toxiproxy-java/2.1.7/toxiproxy-java-2.1.7.jar:/home/runner/.m2/repository/org/testcontainers/pulsar/1.21.3/pulsar-1.21.3.jar:/home/runner/.m2/repository/io/debezium/debezium-testing-testcontainers/2.7.4.Final/debezium-testing-testcontainers-2.7.4.Final.jar:/home/runner/.m2/repository/org/testcontainers/kafka/1.20.6/kafka-1.20.6.jar:/home/runner/.m2/repository/com/squareup/okhttp3/okhttp/4.8.1/okhttp-4.8.1.jar:/home/runner/.m2/repository/com/squareup/okio/okio/3.10.2/okio-3.10.2.jar:/home/runner/.m2/repository/com/squareup/okio/okio-jvm/3.10.2/okio-jvm-3.10.2.jar:/home/runner/.m2/repository/org/jetbrains/kotlin/kotlin-stdlib/2.0.21/kotlin-stdlib-2.0.21.jar:/home/runner/.m2/repository/org/awaitility/awaitility/4.3.0/awaitility-4.3.0.jar:/home/runner/.m2/repository/org/testcontainers/mongodb/1.20.6/mongodb-1.20.6.jar:/home/runner/.m2/repository/org/testcontainers/mariadb/1.20.6/mariadb-1.20.6.jar:/home/runner/.m2/repository/org/testcontainers/oracle-xe/1.20.6/oracle-xe-1.20.6.jar:/home/runner/.m2/repository/org/testcontainers/postgresql/1.20.6/postgresql-1.20.6.jar:/home/runner/.m2/repository/org/wiremock/wiremock/3.0.1/wiremock-3.0.1.jar:/home/runner/.m2/repository/org/eclipse/jetty/jetty-server/11.0.15/jetty-server-11.0.15.jar:/home/runner/.m2/repository/org/eclipse/jetty/toolchain/jetty-jakarta-servlet-api/5.0.2/jetty-jakarta-servlet-api-5.0.2.jar:/home/runner/.m2/repository/org/eclipse/jetty/jetty-http/11.0.15/jetty-http-11.0.15.jar:/home/runner/.m2/repository/org/eclipse/jetty/jetty-io/11.0.15/jetty-io-11.0.15.jar:/home/runner/.m2/repository/org/eclipse/jetty/jetty-servlet/11.0.15/jetty-servlet-11.0.15.jar:/home/runner/.m2/repository/org/eclipse/jetty/jetty-security/11.0.15/jetty-security-11.0.15.jar:/home/runner/.m2/repository/org/eclipse/jetty/jetty-servlets/11.0.15/jetty-servlets-11.0.15.jar:/home/runner/.m2/repository/org/eclipse/jetty/jetty-util/11.0.15/jetty-util-11.0.15.jar:/home/runner/.m2/repository/org/eclipse/jetty/jetty-webapp/11.0.15/jetty-webapp-11.0.15.jar:/home/runner/.m2/repository/org/eclipse/jetty/jetty-xml/11.0.15/jetty-xml-11.0.15.jar:/home/runner/.m2/repository/org/eclipse/jetty/jetty-proxy/11.0.15/jetty-proxy-11.0.15.jar:/home/runner/.m2/repository/org/eclipse/jetty/jetty-client/11.0.15/jetty-client-11.0.15.jar:/home/runner/.m2/repository/org/eclipse/jetty/http2/http2-server/11.0.15/http2-server-11.0.15.jar:/home/runner/.m2/repository/org/eclipse/jetty/http2/http2-common/11.0.15/http2-common-11.0.15.jar:/home/runner/.m2/repository/org/eclipse/jetty/http2/http2-hpack/11.0.15/http2-hpack-11.0.15.jar:/home/runner/.m2/repository/org/eclipse/jetty/jetty-alpn-server/11.0.15/jetty-alpn-server-11.0.15.jar:/home/runner/.m2/repository/org/eclipse/jetty/jetty-alpn-java-server/11.0.15/jetty-alpn-java-server-11.0.15.jar:/home/runner/.m2/repository/org/eclipse/jetty/jetty-alpn-java-client/11.0.15/jetty-alpn-java-client-11.0.15.jar:/home/runner/.m2/repository/org/eclipse/jetty/jetty-alpn-client/11.0.15/jetty-alpn-client-11.0.15.jar:/home/runner/.m2/repository/org/apache/httpcomponents/client5/httpclient5/5.2.1/httpclient5-5.2.1.jar:/home/runner/.m2/repository/org/apache/httpcomponents/core5/httpcore5/5.2/httpcore5-5.2.jar:/home/runner/.m2/repository/org/apache/httpcomponents/core5/httpcore5-h2/5.2/httpcore5-h2-5.2.jar:/home/runner/.m2/repository/org/xmlunit/xmlunit-core/2.9.1/xmlunit-core-2.9.1.jar:/home/runner/.m2/repository/jakarta/xml/bind/jakarta.xml.bind-api/4.0.2/jakarta.xml.bind-api-4.0.2.jar:/home/runner/.m2/repository/org/xmlunit/xmlunit-legacy/2.9.1/xmlunit-legacy-2.9.1.jar:/home/runner/.m2/repository/org/xmlunit/xmlunit-placeholders/2.9.1/xmlunit-placeholders-2.9.1.jar:/home/runner/.m2/repository/net/javacrumbs/json-unit/json-unit-core/2.38.0/json-unit-core-2.38.0.jar:/home/runner/.m2/repository/org/hamcrest/hamcrest-core/2.2/hamcrest-core-2.2.jar:/home/runner/.m2/repository/com/jayway/jsonpath/json-path/2.8.0/json-path-2.8.0.jar:/home/runner/.m2/repository/net/minidev/json-smart/2.4.10/json-smart-2.4.10.jar:/home/runner/.m2/repository/net/minidev/accessors-smart/2.4.9/accessors-smart-2.4.9.jar:/home/runner/.m2/repository/org/ow2/asm/asm/9.7.1/asm-9.7.1.jar:/home/runner/.m2/repository/net/sf/jopt-simple/jopt-simple/5.0.4/jopt-simple-5.0.4.jar:/home/runner/.m2/repository/com/github/jknack/handlebars/4.3.1/handlebars-4.3.1.jar:/home/runner/.m2/repository/com/github/jknack/handlebars-helpers/4.3.1/handlebars-helpers-4.3.1.jar:/home/runner/.m2/repository/commons-fileupload/commons-fileupload/1.5/commons-fileupload-1.5.jar:/home/runner/.m2/repository/com/networknt/json-schema-validator/1.5.8/json-schema-validator-1.5.8.jar:/home/runner/.m2/repository/com/ethlo/time/itu/1.10.3/itu-1.10.3.jar:/home/runner/.m2/repository/io/quarkus/quarkus-smallrye-jwt-build/3.20.2/quarkus-smallrye-jwt-build-3.20.2.jar:/home/runner/.m2/repository/io/smallrye/smallrye-jwt-build/4.6.2/smallrye-jwt-build-4.6.2.jar:/home/runner/.m2/repository/org/eclipse/microprofile/jwt/microprofile-jwt-auth-api/2.1/microprofile-jwt-auth-api-2.1.jar:/home/runner/.m2/repository/org/bitbucket/b_c/jose4j/0.9.6/jose4j-0.9.6.jar:/home/runner/.m2/repository/io/smallrye/smallrye-jwt-common/4.6.2/smallrye-jwt-common-4.6.2.jar:/home/runner/.m2/repository/io/quarkus/quarkus-jsonp/3.20.2/quarkus-jsonp-3.20.2.jar:/home/runner/.m2/repository/io/quarkus/quarkus-arc/3.20.2/quarkus-arc-3.20.2.jar:/home/runner/.m2/repository/io/quarkus/arc/arc/3.20.2/arc-3.20.2.jar:/home/runner/.m2/repository/jakarta/transaction/jakarta.transaction-api/2.0.1/jakarta.transaction-api-2.0.1.jar:/home/runner/.m2/repository/io/smallrye/reactive/mutiny/2.9.2/mutiny-2.9.2.jar:/home/runner/.m2/repository/org/jctools/jctools-core/4.0.5/jctools-core-4.0.5.jar:/home/runner/.m2/repository/org/eclipse/microprofile/context-propagation/microprofile-context-propagation-api/1.3/microprofile-context-propagation-api-1.3.jar:/home/runner/.m2/repository/io/apicurio/apicurio-common-rest-client-common/0.1.18.Final/apicurio-common-rest-client-common-0.1.18.Final.jar:/home/runner/work/apicurio-testing/apicurio-testing/clusters/ci419/namespaces/pg17/tests/integration/apicurio-registry/utils/maven-plugin/target/apicurio-registry-maven-plugin-3.0.12-SNAPSHOT.jar:/home/runner/.m2/repository/com/fasterxml/jackson/core/jackson-databind/2.18.2/jackson-databind-2.18.2.jar:/home/runner/.m2/repository/org/apache/avro/avro/1.12.0/avro-1.12.0.jar:/home/runner/.m2/repository/com/google/protobuf/protobuf-java/4.31.1/protobuf-java-4.31.1.jar:/home/runner/.m2/repository/com/google/protobuf/protobuf-java-util/4.31.1/protobuf-java-util-4.31.1.jar:/home/runner/.m2/repository/com/google/code/findbugs/jsr305/3.0.2/jsr305-3.0.2.jar:/home/runner/.m2/repository/com/google/code/gson/gson/2.12.1/gson-2.12.1.jar:/home/runner/.m2/repository/com/google/errorprone/error_prone_annotations/2.36.0/error_prone_annotations-2.36.0.jar:/home/runner/.m2/repository/com/google/j2objc/j2objc-annotations/2.8/j2objc-annotations-2.8.jar:/home/runner/work/apicurio-testing/apicurio-testing/clusters/ci419/namespaces/pg17/tests/integration/apicurio-registry/schema-util/util-provider/target/apicurio-registry-schema-util-provider-3.0.12-SNAPSHOT.jar:/home/runner/work/apicurio-testing/apicurio-testing/clusters/ci419/namespaces/pg17/tests/integration/apicurio-registry/schema-util/common/target/apicurio-registry-schema-util-common-3.0.12-SNAPSHOT.jar:/home/runner/.m2/repository/com/fasterxml/jackson/module/jackson-module-parameter-names/2.18.2/jackson-module-parameter-names-2.18.2.jar:/home/runner/.m2/repository/com/fasterxml/jackson/datatype/jackson-datatype-json-org/2.18.2/jackson-datatype-json-org-2.18.2.jar:/home/runner/work/apicurio-testing/apicurio-testing/clusters/ci419/namespaces/pg17/tests/integration/apicurio-registry/schema-util/json/target/apicurio-registry-schema-util-json-3.0.12-SNAPSHOT.jar:/home/runner/.m2/repository/com/github/erosb/everit-json-schema/1.14.5/everit-json-schema-1.14.5.jar:/home/runner/.m2/repository/commons-validator/commons-validator/1.9.0/commons-validator-1.9.0.jar:/home/runner/.m2/repository/commons-digester/commons-digester/2.1/commons-digester-2.1.jar:/home/runner/.m2/repository/commons-collections/commons-collections/3.2.2/commons-collections-3.2.2.jar:/home/runner/.m2/repository/com/damnhandy/handy-uri-templates/2.1.8/handy-uri-templates-2.1.8.jar:/home/runner/.m2/repository/joda-time/joda-time/2.10.2/joda-time-2.10.2.jar:/home/runner/.m2/repository/com/github/erosb/json-sKema/0.20.0/json-sKema-0.20.0.jar:/home/runner/.m2/repository/io/vertx/vertx-json-schema/4.5.16/vertx-json-schema-4.5.16.jar:/home/runner/work/apicurio-testing/apicurio-testing/clusters/ci419/namespaces/pg17/tests/integration/apicurio-registry/schema-util/protobuf/target/apicurio-registry-schema-util-protobuf-3.0.12-SNAPSHOT.jar:/home/runner/work/apicurio-testing/apicurio-testing/clusters/ci419/namespaces/pg17/tests/integration/apicurio-registry/utils/protobuf-schema-utilities/target/apicurio-registry-protobuf-schema-utilities-3.0.12-SNAPSHOT.jar:/home/runner/.m2/repository/com/google/api/grpc/proto-google-common-protos/2.52.0/proto-google-common-protos-2.52.0.jar:/home/runner/.m2/repository/com/squareup/wire/wire-schema-jvm/5.3.3/wire-schema-jvm-5.3.3.jar:/home/runner/.m2/repository/com/palantir/javapoet/javapoet/0.6.0/javapoet-0.6.0.jar:/home/runner/.m2/repository/com/squareup/kotlinpoet-jvm/2.0.0/kotlinpoet-jvm-2.0.0.jar:/home/runner/.m2/repository/org/jetbrains/kotlin/kotlin-reflect/2.0.21/kotlin-reflect-2.0.21.jar:/home/runner/.m2/repository/com/squareup/wire/wire-runtime-jvm/5.3.3/wire-runtime-jvm-5.3.3.jar:/home/runner/.m2/repository/com/ibm/icu/icu4j/76.1/icu4j-76.1.jar:/home/runner/.m2/repository/com/squareup/okio/okio-fakefilesystem/3.10.2/okio-fakefilesystem-3.10.2.jar:/home/runner/.m2/repository/com/squareup/okio/okio-fakefilesystem-jvm/3.10.2/okio-fakefilesystem-jvm-3.10.2.jar:/home/runner/.m2/repository/org/jetbrains/kotlinx/kotlinx-datetime-jvm/0.6.1/kotlinx-datetime-jvm-0.6.1.jar:/home/runner/work/apicurio-testing/apicurio-testing/clusters/ci419/namespaces/pg17/tests/integration/apicurio-registry/schema-util/asyncapi/target/apicurio-registry-schema-util-asyncapi-3.0.12-SNAPSHOT.jar:/home/runner/work/apicurio-testing/apicurio-testing/clusters/ci419/namespaces/pg17/tests/integration/apicurio-registry/schema-util/avro/target/apicurio-registry-schema-util-avro-3.0.12-SNAPSHOT.jar:/home/runner/work/apicurio-testing/apicurio-testing/clusters/ci419/namespaces/pg17/tests/integration/apicurio-registry/schema-util/graphql/target/apicurio-registry-schema-util-graphql-3.0.12-SNAPSHOT.jar:/home/runner/.m2/repository/com/graphql-java/graphql-java/22.4/graphql-java-22.4.jar:/home/runner/.m2/repository/com/graphql-java/java-dataloader/3.3.0/java-dataloader-3.3.0.jar:/home/runner/work/apicurio-testing/apicurio-testing/clusters/ci419/namespaces/pg17/tests/integration/apicurio-registry/schema-util/kconnect/target/apicurio-registry-schema-util-kconnect-3.0.12-SNAPSHOT.jar:/home/runner/work/apicurio-testing/apicurio-testing/clusters/ci419/namespaces/pg17/tests/integration/apicurio-registry/schema-util/openapi/target/apicurio-registry-schema-util-openapi-3.0.12-SNAPSHOT.jar:/home/runner/.m2/repository/io/apicurio/apicurio-data-models/2.2.2/apicurio-data-models-2.2.2.jar:/home/runner/.m2/repository/org/openapitools/openapidiff/openapi-diff-core/2.1.2/openapi-diff-core-2.1.2.jar:/home/runner/.m2/repository/io/swagger/parser/v3/swagger-parser/2.1.28/swagger-parser-2.1.28.jar:/home/runner/.m2/repository/io/swagger/parser/v3/swagger-parser-v2-converter/2.1.28/swagger-parser-v2-converter-2.1.28.jar:/home/runner/.m2/repository/io/swagger/swagger-core/1.6.16/swagger-core-1.6.16.jar:/home/runner/.m2/repository/io/swagger/swagger-models/1.6.16/swagger-models-1.6.16.jar:/home/runner/.m2/repository/io/swagger/swagger-annotations/1.6.16/swagger-annotations-1.6.16.jar:/home/runner/.m2/repository/io/swagger/swagger-parser/1.0.75/swagger-parser-1.0.75.jar:/home/runner/.m2/repository/io/swagger/swagger-parser-safe-url-resolver/1.0.75/swagger-parser-safe-url-resolver-1.0.75.jar:/home/runner/.m2/repository/io/swagger/swagger-compat-spec-parser/1.0.75/swagger-compat-spec-parser-1.0.75.jar:/home/runner/.m2/repository/com/github/java-json-tools/json-schema-validator/2.2.14/json-schema-validator-2.2.14.jar:/home/runner/.m2/repository/com/github/java-json-tools/jackson-coreutils-equivalence/1.0/jackson-coreutils-equivalence-1.0.jar:/home/runner/.m2/repository/com/github/java-json-tools/json-schema-core/1.2.14/json-schema-core-1.2.14.jar:/home/runner/.m2/repository/com/github/java-json-tools/uri-template/0.10/uri-template-0.10.jar:/home/runner/.m2/repository/com/googlecode/libphonenumber/libphonenumber/8.11.1/libphonenumber-8.11.1.jar:/home/runner/.m2/repository/com/j2html/j2html/1.6.0/j2html-1.6.0.jar:/home/runner/.m2/repository/org/apache/commons/commons-collections4/4.5.0/commons-collections4-4.5.0.jar:/home/runner/.m2/repository/org/slf4j/jcl-over-slf4j/2.0.17/jcl-over-slf4j-2.0.17.jar:/home/runner/.m2/repository/io/swagger/parser/v3/swagger-parser-v3/2.1.31/swagger-parser-v3-2.1.31.jar:/home/runner/.m2/repository/io/swagger/core/v3/swagger-models/2.2.34/swagger-models-2.2.34.jar:/home/runner/.m2/repository/io/swagger/core/v3/swagger-core/2.2.34/swagger-core-2.2.34.jar:/home/runner/.m2/repository/io/swagger/parser/v3/swagger-parser-core/2.1.31/swagger-parser-core-2.1.31.jar:/home/runner/.m2/repository/io/swagger/parser/v3/swagger-parser-safe-url-resolver/2.1.31/swagger-parser-safe-url-resolver-2.1.31.jar:/home/runner/work/apicurio-testing/apicurio-testing/clusters/ci419/namespaces/pg17/tests/integration/apicurio-registry/schema-util/wsdl/target/apicurio-registry-schema-util-wsdl-3.0.12-SNAPSHOT.jar:/home/runner/.m2/repository/wsdl4j/wsdl4j/1.6.3/wsdl4j-1.6.3.jar:/home/runner/work/apicurio-testing/apicurio-testing/clusters/ci419/namespaces/pg17/tests/integration/apicurio-registry/schema-util/xml/target/apicurio-registry-schema-util-xml-3.0.12-SNAPSHOT.jar:/home/runner/.m2/repository/org/apache/santuario/xmlsec/4.0.4/xmlsec-4.0.4.jar:/home/runner/.m2/repository/com/fasterxml/woodstox/woodstox-core/7.1.1/woodstox-core-7.1.1.jar:/home/runner/.m2/repository/org/codehaus/woodstox/stax2-api/4.2.2/stax2-api-4.2.2.jar:/home/runner/work/apicurio-testing/apicurio-testing/clusters/ci419/namespaces/pg17/tests/integration/apicurio-registry/schema-util/xsd/target/apicurio-registry-schema-util-xsd-3.0.12-SNAPSHOT.jar:/home/runner/work/apicurio-testing/apicurio-testing/clusters/ci419/namespaces/pg17/tests/integration/apicurio-registry/serdes/kafka/jsonschema-serde/target/apicurio-registry-jsonschema-serde-kafka-3.0.12-SNAPSHOT.jar:/home/runner/work/apicurio-testing/apicurio-testing/clusters/ci419/namespaces/pg17/tests/integration/apicurio-registry/serdes/kafka/serde-kafka-common/target/apicurio-registry-serde-kafka-common-3.0.12-SNAPSHOT.jar:/home/runner/work/apicurio-testing/apicurio-testing/clusters/ci419/namespaces/pg17/tests/integration/apicurio-registry/serdes/generic/serde-common/target/apicurio-registry-serde-common-3.0.12-SNAPSHOT.jar:/home/runner/work/apicurio-testing/apicurio-testing/clusters/ci419/namespaces/pg17/tests/integration/apicurio-registry/serdes/generic/serde-common-jsonschema/target/apicurio-registry-serde-common-jsonschema-3.0.12-SNAPSHOT.jar:/home/runner/.m2/repository/org/json/json/20250107/json-20250107.jar:/home/runner/work/apicurio-testing/apicurio-testing/clusters/ci419/namespaces/pg17/tests/integration/apicurio-registry/serdes/kafka/avro-serde/target/apicurio-registry-avro-serde-kafka-3.0.12-SNAPSHOT.jar:/home/runner/work/apicurio-testing/apicurio-testing/clusters/ci419/namespaces/pg17/tests/integration/apicurio-registry/serdes/generic/serde-common-avro/target/apicurio-registry-serde-common-avro-3.0.12-SNAPSHOT.jar:/home/runner/work/apicurio-testing/apicurio-testing/clusters/ci419/namespaces/pg17/tests/integration/apicurio-registry/serdes/kafka/protobuf-serde/target/apicurio-registry-protobuf-serde-kafka-3.0.12-SNAPSHOT.jar:/home/runner/work/apicurio-testing/apicurio-testing/clusters/ci419/namespaces/pg17/tests/integration/apicurio-registry/serdes/generic/serde-common-protobuf/target/apicurio-registry-serde-common-protobuf-3.0.12-SNAPSHOT.jar:/home/runner/.m2/repository/com/squareup/wire/wire-schema/5.3.3/wire-schema-5.3.3.jar:/home/runner/.m2/repository/com/squareup/wire/wire-runtime/5.3.3/wire-runtime-5.3.3.jar:/home/runner/work/apicurio-testing/apicurio-testing/clusters/ci419/namespaces/pg17/tests/integration/apicurio-registry/serdes/pulsar/avro-serde/target/apicurio-registry-avro-serde-pulsar-3.0.12-SNAPSHOT.jar:/home/runner/.m2/repository/org/apache/pulsar/pulsar-functions-api/3.3.8/pulsar-functions-api-3.3.8.jar:/home/runner/work/apicurio-testing/apicurio-testing/clusters/ci419/namespaces/pg17/tests/integration/apicurio-registry/serdes/nats/avro-serde/target/apicurio-registry-avro-serde-nats-3.0.12-SNAPSHOT.jar:/home/runner/.m2/repository/io/nats/jnats/2.21.4/jnats-2.21.4.jar:/home/runner/.m2/repository/org/bouncycastle/bcprov-lts8on/2.73.7/bcprov-lts8on-2.73.7.jar:/home/runner/.m2/repository/org/jetbrains/annotations/26.0.2/annotations-26.0.2.jar:/home/runner/work/apicurio-testing/apicurio-testing/clusters/ci419/namespaces/pg17/tests/integration/apicurio-registry/utils/converter/target/apicurio-registry-utils-converter-3.0.12-SNAPSHOT.jar:/home/runner/work/apicurio-testing/apicurio-testing/clusters/ci419/namespaces/pg17/tests/integration/apicurio-registry/schema-resolver/target/apicurio-registry-schema-resolver-3.0.12-SNAPSHOT.jar:/home/runner/.m2/repository/org/apache/kafka/connect-api/3.9.1/connect-api-3.9.1.jar:/home/runner/.m2/repository/javax/ws/rs/javax.ws.rs-api/2.1.1/javax.ws.rs-api-2.1.1.jar:/home/runner/.m2/repository/org/apache/kafka/connect-json/3.9.1/connect-json-3.9.1.jar:/home/runner/.m2/repository/com/fasterxml/jackson/datatype/jackson-datatype-jdk8/2.18.2/jackson-datatype-jdk8-2.18.2.jar:/home/runner/.m2/repository/com/fasterxml/jackson/module/jackson-module-afterburner/2.18.2/jackson-module-afterburner-2.18.2.jar:/home/runner/work/apicurio-testing/apicurio-testing/clusters/ci419/namespaces/pg17/tests/integration/apicurio-registry/utils/kafka/target/apicurio-registry-utils-kafka-3.0.12-SNAPSHOT.jar:/home/runner/.m2/repository/org/apache/pulsar/pulsar-client/3.3.8/pulsar-client-3.3.8.jar:/home/runner/.m2/repository/org/apache/pulsar/pulsar-client-api/3.3.8/pulsar-client-api-3.3.8.jar:/home/runner/.m2/repository/org/apache/pulsar/pulsar-client-admin-api/3.3.8/pulsar-client-admin-api-3.3.8.jar:/home/runner/.m2/repository/org/apache/pulsar/bouncy-castle-bc/3.3.8/bouncy-castle-bc-3.3.8-pkg.jar:/home/runner/.m2/repository/org/bouncycastle/bcpkix-jdk18on/1.81/bcpkix-jdk18on-1.81.jar:/home/runner/.m2/repository/org/bouncycastle/bcutil-jdk18on/1.81/bcutil-jdk18on-1.81.jar:/home/runner/.m2/repository/org/bouncycastle/bcprov-jdk18on/1.81/bcprov-jdk18on-1.81.jar:/home/runner/.m2/repository/io/opentelemetry/opentelemetry-api/1.44.1/opentelemetry-api-1.44.1.jar:/home/runner/.m2/repository/io/opentelemetry/opentelemetry-context/1.44.1/opentelemetry-context-1.44.1.jar:/home/runner/.m2/repository/io/opentelemetry/opentelemetry-api-incubator/1.44.1-alpha/opentelemetry-api-incubator-1.44.1-alpha.jar:/home/runner/.m2/repository/com/fasterxml/jackson/core/jackson-annotations/2.18.2/jackson-annotations-2.18.2.jar:/home/runner/.m2/repository/javax/validation/validation-api/1.1.0.Final/validation-api-1.1.0.Final.jar:/home/runner/.m2/repository/org/jspecify/jspecify/1.0.0/jspecify-1.0.0.jar:/home/runner/.m2/repository/org/apache/commons/commons-configuration2/2.12.0/commons-configuration2-2.12.0.jar:/home/runner/.m2/repository/commons-logging/commons-logging/1.3.5/commons-logging-1.3.5.jar:/home/runner/.m2/repository/org/apache/commons/commons-text/1.13.0/commons-text-1.13.0.jar:/home/runner/.m2/repository/io/confluent/kafka-avro-serializer/8.0.0/kafka-avro-serializer-8.0.0.jar:/home/runner/.m2/repository/org/apache/commons/commons-compress/1.27.1/commons-compress-1.27.1.jar:/home/runner/.m2/repository/io/confluent/kafka-schema-serializer/8.0.0/kafka-schema-serializer-8.0.0.jar:/home/runner/.m2/repository/com/fasterxml/jackson/dataformat/jackson-dataformat-csv/2.18.2/jackson-dataformat-csv-2.18.2.jar:/home/runner/.m2/repository/io/confluent/kafka-schema-registry-client/8.0.0/kafka-schema-registry-client-8.0.0.jar:/home/runner/.m2/repository/org/yaml/snakeyaml/2.3/snakeyaml-2.3.jar:/home/runner/.m2/repository/io/swagger/core/v3/swagger-annotations/2.2.29/swagger-annotations-2.2.29.jar:/home/runner/.m2/repository/com/google/guava/guava/33.4.0-jre/guava-33.4.0-jre.jar:/home/runner/.m2/repository/com/google/guava/failureaccess/1.0.1/failureaccess-1.0.1.jar:/home/runner/.m2/repository/org/checkerframework/checker-qual/3.49.0/checker-qual-3.49.0.jar:/home/runner/.m2/repository/io/confluent/logredactor/1.0.13/logredactor-1.0.13.jar:/home/runner/.m2/repository/com/google/re2j/re2j/1.6/re2j-1.6.jar:/home/runner/.m2/repository/io/confluent/logredactor-metrics/1.0.13/logredactor-metrics-1.0.13.jar:/home/runner/.m2/repository/com/eclipsesource/minimal-json/minimal-json/0.9.5/minimal-json-0.9.5.jar:/home/runner/.m2/repository/io/confluent/common-utils/8.0.0/common-utils-8.0.0.jar:/home/runner/.m2/repository/io/confluent/kafka-connect-avro-converter/8.0.0/kafka-connect-avro-converter-8.0.0.jar:/home/runner/.m2/repository/io/confluent/kafka-connect-avro-data/8.0.0/kafka-connect-avro-data-8.0.0.jar:/home/runner/.m2/repository/io/confluent/kafka-schema-converter/8.0.0/kafka-schema-converter-8.0.0.jar:/home/runner/.m2/repository/io/rest-assured/rest-assured/5.5.1/rest-assured-5.5.1.jar:/home/runner/.m2/repository/org/apache/groovy/groovy/4.0.22/groovy-4.0.22.jar:/home/runner/.m2/repository/org/apache/groovy/groovy-xml/4.0.22/groovy-xml-4.0.22.jar:/home/runner/.m2/repository/org/apache/httpcomponents/httpclient/4.5.14/httpclient-4.5.14.jar:/home/runner/.m2/repository/org/apache/httpcomponents/httpcore/4.4.16/httpcore-4.4.16.jar:/home/runner/.m2/repository/org/apache/httpcomponents/httpmime/4.5.14/httpmime-4.5.14.jar:/home/runner/.m2/repository/org/hamcrest/hamcrest/2.2/hamcrest-2.2.jar:/home/runner/.m2/repository/org/ccil/cowan/tagsoup/tagsoup/1.2.1/tagsoup-1.2.1.jar:/home/runner/.m2/repository/io/rest-assured/json-path/5.5.1/json-path-5.5.1.jar:/home/runner/.m2/repository/org/apache/groovy/groovy-json/4.0.22/groovy-json-4.0.22.jar:/home/runner/.m2/repository/io/rest-assured/rest-assured-common/5.5.1/rest-assured-common-5.5.1.jar:/home/runner/.m2/repository/io/rest-assured/xml-path/5.5.1/xml-path-5.5.1.jar:/home/runner/.m2/repository/io/zonky/test/embedded-postgres/2.1.0/embedded-postgres-2.1.0.jar:/home/runner/.m2/repository/io/zonky/test/postgres/embedded-postgres-binaries-windows-amd64/14.15.0/embedded-postgres-binaries-windows-amd64-14.15.0.jar:/home/runner/.m2/repository/io/zonky/test/postgres/embedded-postgres-binaries-darwin-amd64/14.15.0/embedded-postgres-binaries-darwin-amd64-14.15.0.jar:/home/runner/.m2/repository/io/zonky/test/postgres/embedded-postgres-binaries-linux-amd64/14.15.0/embedded-postgres-binaries-linux-amd64-14.15.0.jar:/home/runner/.m2/repository/io/zonky/test/postgres/embedded-postgres-binaries-linux-amd64-alpine/14.15.0/embedded-postgres-binaries-linux-amd64-alpine-14.15.0.jar:/home/runner/.m2/repository/org/apache/commons/commons-lang3/3.17.0/commons-lang3-3.17.0.jar:/home/runner/.m2/repository/org/tukaani/xz/1.10/xz-1.10.jar:/home/runner/.m2/repository/commons-codec/commons-codec/1.19.0/commons-codec-1.19.0.jar:/home/runner/.m2/repository/org/postgresql/postgresql/42.7.7/postgresql-42.7.7.jar:/home/runner/.m2/repository/commons-io/commons-io/2.18.0/commons-io-2.18.0.jar:/home/runner/work/apicurio-testing/apicurio-testing/clusters/ci419/namespaces/pg17/tests/integration/apicurio-registry/utils/importexport/target/apicurio-registry-utils-import-export-3.0.12-SNAPSHOT.jar:/home/runner/.m2/repository/io/vertx/vertx-core/4.5.16/vertx-core-4.5.16.jar:/home/runner/.m2/repository/io/netty/netty-common/4.1.121.Final/netty-common-4.1.121.Final.jar:/home/runner/.m2/repository/io/netty/netty-buffer/4.1.121.Final/netty-buffer-4.1.121.Final.jar:/home/runner/.m2/repository/io/netty/netty-transport/4.1.121.Final/netty-transport-4.1.121.Final.jar:/home/runner/.m2/repository/io/netty/netty-handler/4.1.121.Final/netty-handler-4.1.121.Final.jar:/home/runner/.m2/repository/io/netty/netty-transport-native-unix-common/4.1.121.Final/netty-transport-native-unix-common-4.1.121.Final.jar:/home/runner/.m2/repository/io/netty/netty-codec/4.1.121.Final/netty-codec-4.1.121.Final.jar:/home/runner/.m2/repository/io/netty/netty-handler-proxy/4.1.121.Final/netty-handler-proxy-4.1.121.Final.jar:/home/runner/.m2/repository/io/netty/netty-codec-socks/4.1.121.Final/netty-codec-socks-4.1.121.Final.jar:/home/runner/.m2/repository/io/netty/netty-codec-http/4.1.121.Final/netty-codec-http-4.1.121.Final.jar:/home/runner/.m2/repository/io/netty/netty-codec-http2/4.1.121.Final/netty-codec-http2-4.1.121.Final.jar:/home/runner/.m2/repository/io/netty/netty-resolver/4.1.121.Final/netty-resolver-4.1.121.Final.jar:/home/runner/.m2/repository/io/netty/netty-resolver-dns/4.1.121.Final/netty-resolver-dns-4.1.121.Final.jar:/home/runner/.m2/repository/io/netty/netty-codec-dns/4.1.121.Final/netty-codec-dns-4.1.121.Final.jar:/home/runner/.m2/repository/com/fasterxml/jackson/core/jackson-core/2.18.2/jackson-core-2.18.2.jar:"/>
    <property name="sun.cpu.endian" value="little"/>
    <property name="user.home" value="/home/runner"/>
    <property name="user.language" value="en"/>
    <property name="jboss.log-version" value="false"/>
    <property name="java.specification.vendor" value="Oracle Corporation"/>
    <property name="java.version.date" value="2025-07-15"/>
    <property name="java.home" value="/usr/lib/jvm/temurin-17-jdk-amd64"/>
    <property name="file.separator" value="/"/>
    <property name="basedir" value="/home/runner/work/apicurio-testing/apicurio-testing/clusters/ci419/namespaces/pg17/tests/integration/apicurio-registry/integration-tests"/>
    <property name="java.vm.compressedOopsMode" value="32-bit"/>
    <property name="line.separator" value="&#10;"/>
    <property name="java.specification.name" value="Java Platform API Specification"/>
    <property name="java.vm.specification.vendor" value="Oracle Corporation"/>
    <property name="quarkus.http.test-host" value="registry-app-pg17.apps.ci419.apicurio-testing.org"/>
    <property name="surefire.real.class.path" value="/home/runner/work/apicurio-testing/apicurio-testing/clusters/ci419/namespaces/pg17/tests/integration/apicurio-registry/integration-tests/target/surefire/surefirebooter-20250812144859142_3.jar"/>
    <property name="sun.management.compiler" value="HotSpot 64-Bit Tiered Compilers"/>
    <property name="org.eclipse.jetty.http.HttpGenerator.STRICT" value="true"/>
    <property name="java.runtime.version" value="17.0.16+8"/>
    <property name="user.name" value="runner"/>
    <property name="path.separator" value=":"/>
    <property name="os.version" value="6.8.0-1031-azure"/>
    <property name="java.runtime.name" value="OpenJDK Runtime Environment"/>
    <property name="file.encoding" value="UTF-8"/>
    <property name="jnidispatch.path" value="/home/runner/.cache/JNA/temp/jna19051807944419201.tmp"/>
    <property name="java.vm.name" value="OpenJDK 64-Bit Server VM"/>
    <property name="jna.platform.library.path" value="/usr/lib/x86_64-linux-gnu:/lib/x86_64-linux-gnu:/usr/lib64:/lib64:/usr/lib:/lib:/lib32:/usr/local/lib:/usr/lib/x86_64-linux-gnu/libfakeroot"/>
    <property name="java.vendor.version" value="Temurin-17.0.16+8"/>
    <property name="quarkus.oidc.token-path" value="https://keycloak-pg17.apps.ci419.apicurio-testing.org/realms/registry/protocol/openid-connect/token"/>
    <property name="quarkus.http.host" value="registry-app-pg17.apps.ci419.apicurio-testing.org"/>
    <property name="localRepository" value="/home/runner/.m2/repository"/>
    <property name="javax.xml.xpath.XPathFactory:http://java.sun.com/jaxp/xpath/dom" value="com.sun.org.apache.xpath.internal.jaxp.XPathFactoryImpl"/>
    <property name="jna.loaded" value="true"/>
    <property name="java.vendor.url.bug" value="https://github.com/adoptium/adoptium-support/issues"/>
    <property name="jetty.git.hash" value="5bc5e562c8d05c5862505aebe5cf83a61bdbcb96"/>
    <property name="java.io.tmpdir" value="/tmp"/>
    <property name="quarkus.http.test-protocol" value="http"/>
    <property name="java.version" value="17.0.16"/>
    <property name="user.dir" value="/home/runner/work/apicurio-testing/apicurio-testing/clusters/ci419/namespaces/pg17/tests/integration/apicurio-registry/integration-tests"/>
    <property name="os.arch" value="amd64"/>
    <property name="groups" value="( smoke | serdes | acceptance | ui)"/>
    <property name="java.vm.specification.name" value="Java Virtual Machine Specification"/>
    <property name="native.encoding" value="UTF-8"/>
    <property name="java.util.logging.manager" value="org.jboss.logmanager.LogManager"/>
    <property name="java.library.path" value="/usr/java/packages/lib:/usr/lib64:/lib64:/lib:/usr/lib"/>
    <property name="jdk.console" value="java.base"/>
    <property name="java.vm.info" value="mixed mode, sharing"/>
    <property name="java.vendor" value="Eclipse Adoptium"/>
    <property name="java.vm.version" value="17.0.16+8"/>
    <property name="java.specification.maintenance.version" value="1"/>
    <property name="sun.io.unicode.encoding" value="UnicodeLittle"/>
    <property name="javax.xml.transform.TransformerFactory" value="com.sun.org.apache.xalan.internal.xsltc.trax.TransformerFactoryImpl"/>
    <property name="java.class.version" value="61.0"/>
  </properties>
  <testcase name="testGlobalIdInHeaders" classname="io.apicurio.tests.serdes.apicurio.AvroSerdeIT" time="6.198">
    <system-out><![CDATA[**** Registry Base URL: http://registry-app-pg17.apps.ci419.apicurio-testing.org:80
**** Registry Base URL: http://registry-app-pg17.apps.ci419.apicurio-testing.org:80
2025-08-12 14:49:12,649 INFO  [io.api.tes.ser.api.AvroSerdeIT] (main) RestAssured configured with http://registry-app-pg17.apps.ci419.apicurio-testing.org:80/apis/registry/v3
2025-08-12 14:49:12,779 INFO  [io.api.tes.uti.KafkaFacade] (main) Starting kafka container
2025-08-12 14:49:12,825 INFO  [org.tes.ima.PullPolicy] (main) Image pull policy will be performed by: DefaultPullPolicy()
2025-08-12 14:49:12,827 INFO  [org.tes.uti.ImageNameSubstitutor] (main) Image name substitution will be performed by: DefaultImageNameSubstitutor (composite of 'ConfigurationFileImageNameSubstitutor' and 'PrefixingImageNameSubstitutor')
2025-08-12 14:49:12,839 INFO  [org.tes.DockerClientFactory] (main) Testcontainers version: 1.20.6
2025-08-12 14:49:13,381 INFO  [org.tes.doc.DockerClientProviderStrategy] (main) Found Docker environment with local Unix socket (unix:///var/run/docker.sock)
2025-08-12 14:49:13,390 INFO  [org.tes.DockerClientFactory] (main) Docker host IP address is localhost
2025-08-12 14:49:13,413 INFO  [org.tes.DockerClientFactory] (main) Connected to docker: 
  Server Version: 28.0.4
  API Version: 1.48
  Operating System: Ubuntu 22.04.5 LTS
  Total Memory: 7944 MB
2025-08-12 14:49:13,449 INFO  [tc.tes.11.0] (main) Pulling docker image: testcontainers/ryuk:0.11.0. Please be patient; this may take some time but only needs to be done once.
2025-08-12 14:49:14,396 INFO  [tc.tes.11.0] (docker-java-stream--1295187651) Starting to pull image
2025-08-12 14:49:14,415 INFO  [tc.tes.11.0] (docker-java-stream--1295187651) Pulling image layers:  0 pending,  0 downloaded,  0 extracted, (0 bytes/0 bytes)
2025-08-12 14:49:15,029 INFO  [tc.tes.11.0] (docker-java-stream--1295187651) Pulling image layers:  2 pending,  1 downloaded,  0 extracted, (877 KB/? MB)
2025-08-12 14:49:15,065 INFO  [tc.tes.11.0] (docker-java-stream--1295187651) Pulling image layers:  1 pending,  2 downloaded,  0 extracted, (4 MB/? MB)
2025-08-12 14:49:15,134 INFO  [tc.tes.11.0] (docker-java-stream--1295187651) Pulling image layers:  0 pending,  3 downloaded,  0 extracted, (7 MB/10 MB)
2025-08-12 14:49:15,196 INFO  [tc.tes.11.0] (docker-java-stream--1295187651) Pulling image layers:  0 pending,  3 downloaded,  1 extracted, (7 MB/10 MB)
2025-08-12 14:49:16,194 INFO  [tc.tes.11.0] (docker-java-stream--1295187651) Pulling image layers:  0 pending,  3 downloaded,  2 extracted, (7 MB/10 MB)
2025-08-12 14:49:16,240 INFO  [tc.tes.11.0] (docker-java-stream--1295187651) Pulling image layers:  0 pending,  3 downloaded,  3 extracted, (10 MB/10 MB)
2025-08-12 14:49:16,249 INFO  [tc.tes.11.0] (docker-java-stream--1295187651) Pull complete. 3 layers, pulled in 1s (downloaded 10 MB at 10 MB/s)
2025-08-12 14:49:16,249 INFO  [tc.tes.11.0] (main) Image testcontainers/ryuk:0.11.0 pull took PT2.799872705S
2025-08-12 14:49:16,274 INFO  [tc.tes.11.0] (main) Creating container for image: testcontainers/ryuk:0.11.0
2025-08-12 14:49:16,356 INFO  [tc.tes.11.0] (main) Container testcontainers/ryuk:0.11.0 is starting: 4803331aa130fbbbdf6a573e29fea7f836041e2de8eb397ce35a3d4957a51423
2025-08-12 14:49:16,675 INFO  [tc.tes.11.0] (main) Container testcontainers/ryuk:0.11.0 started in PT0.401470841S
2025-08-12 14:49:16,682 INFO  [org.tes.uti.RyukResourceReaper] (main) Ryuk started - will monitor and terminate Testcontainers containers on JVM exit
2025-08-12 14:49:16,682 INFO  [org.tes.DockerClientFactory] (main) Checking the system...
2025-08-12 14:49:16,683 INFO  [org.tes.DockerClientFactory] (main) ✔︎ Docker server version should be at least 1.6.0
2025-08-12 14:49:16,687 INFO  [io.str.tes.con.KafkaVersionService] (main) Latest release of Kafka is:LogicalKafkaVersionEntity{version='4.0.0', image='quay.io/strimzi-test-container/test-container:0.111.0-kafka-4.0.0'}
2025-08-12 14:49:16,687 INFO  [io.str.tes.con.KafkaVersionService] (main) Latest release of Kafka is:LogicalKafkaVersionEntity{version='4.0.0', image='quay.io/strimzi-test-container/test-container:0.111.0-kafka-4.0.0'}
2025-08-12 14:49:16,688 INFO  [io.str.tes.con.KafkaVersionService] (main) No Kafka version specified. Using latest release: 4.0.0
2025-08-12 14:49:16,694 INFO  [tc.qua.io/.111.0-k.0.0] (main) Pulling docker image: quay.io/strimzi-test-container/test-container:0.111.0-kafka-4.0.0. Please be patient; this may take some time but only needs to be done once.
2025-08-12 14:49:17,633 INFO  [tc.qua.io/.111.0-k.0.0] (docker-java-stream--29267298) Starting to pull image
2025-08-12 14:49:17,634 INFO  [tc.qua.io/.111.0-k.0.0] (docker-java-stream--29267298) Pulling image layers:  0 pending,  0 downloaded,  0 extracted, (0 bytes/0 bytes)
2025-08-12 14:49:18,200 INFO  [tc.qua.io/.111.0-k.0.0] (docker-java-stream--29267298) Pulling image layers:  6 pending,  1 downloaded,  0 extracted, (31 KB/? MB)
2025-08-12 14:49:18,479 INFO  [tc.qua.io/.111.0-k.0.0] (docker-java-stream--29267298) Pulling image layers:  5 pending,  2 downloaded,  0 extracted, (34 MB/? MB)
2025-08-12 14:49:18,914 INFO  [tc.qua.io/.111.0-k.0.0] (docker-java-stream--29267298) Pulling image layers:  4 pending,  3 downloaded,  0 extracted, (83 MB/? MB)
2025-08-12 14:49:19,152 INFO  [tc.qua.io/.111.0-k.0.0] (docker-java-stream--29267298) Pulling image layers:  3 pending,  4 downloaded,  0 extracted, (110 MB/? MB)
2025-08-12 14:49:19,282 INFO  [tc.qua.io/.111.0-k.0.0] (docker-java-stream--29267298) Pulling image layers:  2 pending,  5 downloaded,  0 extracted, (115 MB/? MB)
2025-08-12 14:49:19,399 INFO  [tc.qua.io/.111.0-k.0.0] (docker-java-stream--29267298) Pulling image layers:  1 pending,  6 downloaded,  0 extracted, (119 MB/? MB)
2025-08-12 14:49:20,007 INFO  [tc.qua.io/.111.0-k.0.0] (docker-java-stream--29267298) Pulling image layers:  1 pending,  6 downloaded,  1 extracted, (133 MB/? MB)
2025-08-12 14:49:22,355 INFO  [tc.qua.io/.111.0-k.0.0] (docker-java-stream--29267298) Pulling image layers:  0 pending,  7 downloaded,  1 extracted, (236 MB/249 MB)
2025-08-12 14:49:24,138 INFO  [tc.qua.io/.111.0-k.0.0] (docker-java-stream--29267298) Pulling image layers:  0 pending,  7 downloaded,  2 extracted, (240 MB/249 MB)
2025-08-12 14:49:24,175 INFO  [tc.qua.io/.111.0-k.0.0] (docker-java-stream--29267298) Pulling image layers:  0 pending,  7 downloaded,  3 extracted, (243 MB/249 MB)
2025-08-12 14:49:24,193 INFO  [tc.qua.io/.111.0-k.0.0] (docker-java-stream--29267298) Pulling image layers:  0 pending,  7 downloaded,  4 extracted, (243 MB/249 MB)
2025-08-12 14:49:25,303 INFO  [tc.qua.io/.111.0-k.0.0] (docker-java-stream--29267298) Pulling image layers:  0 pending,  7 downloaded,  5 extracted, (247 MB/249 MB)
2025-08-12 14:49:25,343 INFO  [tc.qua.io/.111.0-k.0.0] (docker-java-stream--29267298) Pulling image layers:  0 pending,  7 downloaded,  6 extracted, (249 MB/249 MB)
2025-08-12 14:49:25,356 INFO  [tc.qua.io/.111.0-k.0.0] (docker-java-stream--29267298) Pulling image layers:  0 pending,  7 downloaded,  7 extracted, (249 MB/249 MB)
2025-08-12 14:49:25,363 INFO  [tc.qua.io/.111.0-k.0.0] (docker-java-stream--29267298) Pull complete. 7 layers, pulled in 7s (downloaded 249 MB at 35 MB/s)
2025-08-12 14:49:25,363 INFO  [tc.qua.io/.111.0-k.0.0] (main) Image quay.io/strimzi-test-container/test-container:0.111.0-kafka-4.0.0 pull took PT8.66856969S
2025-08-12 14:49:25,366 INFO  [tc.qua.io/.111.0-k.0.0] (main) Creating container for image: quay.io/strimzi-test-container/test-container:0.111.0-kafka-4.0.0
2025-08-12 14:49:25,459 INFO  [tc.qua.io/.111.0-k.0.0] (main) Container quay.io/strimzi-test-container/test-container:0.111.0-kafka-4.0.0 is starting: f782061e20a85c7ca13def8f7c0be81ee9e29c87edca8bdab0e7c8e2d9894863
2025-08-12 14:49:25,655 INFO  [io.str.tes.con.StrimziKafkaContainer] (main) Mapped port: 32769
2025-08-12 14:49:25,655 WARN  [io.str.tes.con.StrimziKafkaContainer] (main) Node ID is not set. Using broker ID 0 as the default node ID.
2025-08-12 14:49:25,655 INFO  [io.str.tes.con.StrimziKafkaContainer] (main) This is all advertised listeners for Kafka PLAINTEXT://localhost:32769,BROKER1://172.18.0.2:9091,CONTROLLER://broker-0:9094
2025-08-12 14:49:25,685 INFO  [io.str.tes.con.StrimziKafkaContainer] (main) New `cluster.id` has been generated: 4oDFBklZQKWClKkNkfg_eQ
2025-08-12 14:49:25,687 INFO  [io.str.tes.con.StrimziKafkaContainer] (main) Copying command to 'STARTER_SCRIPT' script.
2025-08-12 14:49:31,106 INFO  [tc.qua.io/.111.0-k.0.0] (main) Container quay.io/strimzi-test-container/test-container:0.111.0-kafka-4.0.0 started in PT5.74009882S
2025-08-12 14:49:31,108 INFO  [io.api.tes.uti.TestSeparator] (main) ############################################################################
2025-08-12 14:49:31,109 INFO  [io.api.tes.uti.TestSeparator] (main) io.apicurio.tests.serdes.apicurio.AvroSerdeIT.testGlobalIdInHeaders-STARTED
2025-08-12 14:49:31,122 INFO  [org.apa.kaf.cli.adm.AdminClientConfig] (main) AdminClientConfig values: 
	auto.include.jmx.reporter = true
	bootstrap.controllers = []
	bootstrap.servers = [PLAINTEXT://localhost:32769]
	client.dns.lookup = use_all_dns_ips
	client.id = 
	connections.max.idle.ms = 10000
	default.api.timeout.ms = 60000
	enable.metrics.push = true
	metadata.max.age.ms = 300000
	metadata.recovery.strategy = none
	metric.reporters = []
	metrics.num.samples = 2
	metrics.recording.level = INFO
	metrics.sample.window.ms = 30000
	receive.buffer.bytes = 65536
	reconnect.backoff.max.ms = 1000
	reconnect.backoff.ms = 50
	request.timeout.ms = 5000
	retries = 2147483647
	retry.backoff.max.ms = 1000
	retry.backoff.ms = 100
	sasl.client.callback.handler.class = null
	sasl.jaas.config = null
	sasl.kerberos.kinit.cmd = /usr/bin/kinit
	sasl.kerberos.min.time.before.relogin = 60000
	sasl.kerberos.service.name = null
	sasl.kerberos.ticket.renew.jitter = 0.05
	sasl.kerberos.ticket.renew.window.factor = 0.8
	sasl.login.callback.handler.class = null
	sasl.login.class = null
	sasl.login.connect.timeout.ms = null
	sasl.login.read.timeout.ms = null
	sasl.login.refresh.buffer.seconds = 300
	sasl.login.refresh.min.period.seconds = 60
	sasl.login.refresh.window.factor = 0.8
	sasl.login.refresh.window.jitter = 0.05
	sasl.login.retry.backoff.max.ms = 10000
	sasl.login.retry.backoff.ms = 100
	sasl.mechanism = GSSAPI
	sasl.oauthbearer.clock.skew.seconds = 30
	sasl.oauthbearer.expected.audience = null
	sasl.oauthbearer.expected.issuer = null
	sasl.oauthbearer.header.urlencode = false
	sasl.oauthbearer.jwks.endpoint.refresh.ms = 3600000
	sasl.oauthbearer.jwks.endpoint.retry.backoff.max.ms = 10000
	sasl.oauthbearer.jwks.endpoint.retry.backoff.ms = 100
	sasl.oauthbearer.jwks.endpoint.url = null
	sasl.oauthbearer.scope.claim.name = scope
	sasl.oauthbearer.sub.claim.name = sub
	sasl.oauthbearer.token.endpoint.url = null
	security.protocol = PLAINTEXT
	security.providers = null
	send.buffer.bytes = 131072
	socket.connection.setup.timeout.max.ms = 30000
	socket.connection.setup.timeout.ms = 10000
	ssl.cipher.suites = null
	ssl.enabled.protocols = [TLSv1.2, TLSv1.3]
	ssl.endpoint.identification.algorithm = https
	ssl.engine.factory.class = null
	ssl.key.password = null
	ssl.keymanager.algorithm = SunX509
	ssl.keystore.certificate.chain = null
	ssl.keystore.key = null
	ssl.keystore.location = null
	ssl.keystore.password = null
	ssl.keystore.type = JKS
	ssl.protocol = TLSv1.3
	ssl.provider = null
	ssl.secure.random.implementation = null
	ssl.trustmanager.algorithm = PKIX
	ssl.truststore.certificates = null
	ssl.truststore.location = null
	ssl.truststore.password = null
	ssl.truststore.type = JKS

2025-08-12 14:49:31,489 INFO  [org.apa.kaf.com.uti.AppInfoParser] (main) Kafka version: 3.9.1
2025-08-12 14:49:31,489 INFO  [org.apa.kaf.com.uti.AppInfoParser] (main) Kafka commitId: f745dfdcee2b9851
2025-08-12 14:49:31,489 INFO  [org.apa.kaf.com.uti.AppInfoParser] (main) Kafka startTimeMs: 1755010171487
**** Registry Base URL: http://registry-app-pg17.apps.ci419.apicurio-testing.org:80
2025-08-12 14:49:31,581 INFO  [org.apa.kaf.cli.pro.ProducerConfig] (main) ProducerConfig values: 
	acks = -1
	auto.include.jmx.reporter = true
	batch.size = 16384
	bootstrap.servers = [PLAINTEXT://localhost:32769]
	buffer.memory = 33554432
	client.dns.lookup = use_all_dns_ips
	client.id = Producer-topic-386449cd_356e_4002_b597_b3fafc2f2f01
	compression.gzip.level = -1
	compression.lz4.level = 9
	compression.type = none
	compression.zstd.level = 3
	connections.max.idle.ms = 10000
	delivery.timeout.ms = 120000
	enable.idempotence = true
	enable.metrics.push = true
	interceptor.classes = []
	key.serializer = class org.apache.kafka.common.serialization.StringSerializer
	linger.ms = 0
	max.block.ms = 60000
	max.in.flight.requests.per.connection = 5
	max.request.size = 1048576
	metadata.max.age.ms = 300000
	metadata.max.idle.ms = 300000
	metadata.recovery.strategy = none
	metric.reporters = []
	metrics.num.samples = 2
	metrics.recording.level = INFO
	metrics.sample.window.ms = 30000
	partitioner.adaptive.partitioning.enable = true
	partitioner.availability.timeout.ms = 0
	partitioner.class = null
	partitioner.ignore.keys = false
	receive.buffer.bytes = 32768
	reconnect.backoff.max.ms = 1000
	reconnect.backoff.ms = 50
	request.timeout.ms = 5000
	retries = 2147483647
	retry.backoff.max.ms = 1000
	retry.backoff.ms = 100
	sasl.client.callback.handler.class = null
	sasl.jaas.config = null
	sasl.kerberos.kinit.cmd = /usr/bin/kinit
	sasl.kerberos.min.time.before.relogin = 60000
	sasl.kerberos.service.name = null
	sasl.kerberos.ticket.renew.jitter = 0.05
	sasl.kerberos.ticket.renew.window.factor = 0.8
	sasl.login.callback.handler.class = null
	sasl.login.class = null
	sasl.login.connect.timeout.ms = null
	sasl.login.read.timeout.ms = null
	sasl.login.refresh.buffer.seconds = 300
	sasl.login.refresh.min.period.seconds = 60
	sasl.login.refresh.window.factor = 0.8
	sasl.login.refresh.window.jitter = 0.05
	sasl.login.retry.backoff.max.ms = 10000
	sasl.login.retry.backoff.ms = 100
	sasl.mechanism = GSSAPI
	sasl.oauthbearer.clock.skew.seconds = 30
	sasl.oauthbearer.expected.audience = null
	sasl.oauthbearer.expected.issuer = null
	sasl.oauthbearer.header.urlencode = false
	sasl.oauthbearer.jwks.endpoint.refresh.ms = 3600000
	sasl.oauthbearer.jwks.endpoint.retry.backoff.max.ms = 10000
	sasl.oauthbearer.jwks.endpoint.retry.backoff.ms = 100
	sasl.oauthbearer.jwks.endpoint.url = null
	sasl.oauthbearer.scope.claim.name = scope
	sasl.oauthbearer.sub.claim.name = sub
	sasl.oauthbearer.token.endpoint.url = null
	security.protocol = PLAINTEXT
	security.providers = null
	send.buffer.bytes = 131072
	socket.connection.setup.timeout.max.ms = 30000
	socket.connection.setup.timeout.ms = 10000
	ssl.cipher.suites = null
	ssl.enabled.protocols = [TLSv1.2, TLSv1.3]
	ssl.endpoint.identification.algorithm = https
	ssl.engine.factory.class = null
	ssl.key.password = null
	ssl.keymanager.algorithm = SunX509
	ssl.keystore.certificate.chain = null
	ssl.keystore.key = null
	ssl.keystore.location = null
	ssl.keystore.password = null
	ssl.keystore.type = JKS
	ssl.protocol = TLSv1.3
	ssl.provider = null
	ssl.secure.random.implementation = null
	ssl.trustmanager.algorithm = PKIX
	ssl.truststore.certificates = null
	ssl.truststore.location = null
	ssl.truststore.password = null
	ssl.truststore.type = JKS
	transaction.timeout.ms = 60000
	transactional.id = null
	value.serializer = class io.apicurio.registry.serde.avro.AvroKafkaSerializer

2025-08-12 14:49:31,628 INFO  [org.apa.kaf.com.tel.int.KafkaMetricsCollector] (main) initializing Kafka metrics collector
2025-08-12 14:49:31,658 INFO  [org.apa.kaf.cli.pro.KafkaProducer] (main) [Producer clientId=Producer-topic-386449cd_356e_4002_b597_b3fafc2f2f01] Instantiated an idempotent producer.
2025-08-12 14:49:31,704 INFO  [org.apa.kaf.cli.pro.ProducerConfig] (main) These configurations '[apicurio.registry.url, apicurio.registry.auto-register, apicurio.registry.use-id, apicurio.registry.artifact-resolver-strategy]' were supplied but are not used yet.
2025-08-12 14:49:31,705 INFO  [org.apa.kaf.com.uti.AppInfoParser] (main) Kafka version: 3.9.1
2025-08-12 14:49:31,707 INFO  [org.apa.kaf.com.uti.AppInfoParser] (main) Kafka commitId: f745dfdcee2b9851
2025-08-12 14:49:31,707 INFO  [org.apa.kaf.com.uti.AppInfoParser] (main) Kafka startTimeMs: 1755010171705
2025-08-12 14:49:31,707 INFO  [io.api.tes.ser.api.SimpleSerdesTesterBuilder$SimpleSerdesTester] (main) Using producer configuration: {apicurio.registry.url=http://registry-app-pg17.apps.ci419.apicurio-testing.org:80/apis/registry/v3, apicurio.registry.auto-register=true, apicurio.registry.use-id=globalId, apicurio.registry.artifact-resolver-strategy=io.apicurio.registry.serde.strategy.TopicIdStrategy, value.serializer=io.apicurio.registry.serde.avro.AvroKafkaSerializer, request.timeout.ms=5000, acks=all, bootstrap.servers=PLAINTEXT://localhost:32769, connections.max.idle.ms=10000, key.serializer=org.apache.kafka.common.serialization.StringSerializer, client.id=Producer-topic-386449cd_356e_4002_b597_b3fafc2f2f01}
2025-08-12 14:49:31,708 INFO  [io.api.tes.ser.api.SimpleSerdesTesterBuilder$SimpleSerdesTester] (main) Using consumer configuration: {apicurio.registry.use-id=globalId}
2025-08-12 14:49:31,716 INFO  [io.api.tes.ser.api.KafkaSerdesTester] (Thread-600) Sending message {"key11755010171559": "value-0"} to topic topic-386449cd_356e_4002_b597_b3fafc2f2f01
2025-08-12 14:49:32,073 WARN  [org.apa.kaf.cli.NetworkClient] (kafka-producer-network-thread | Producer-topic-386449cd_356e_4002_b597_b3fafc2f2f01) [Producer clientId=Producer-topic-386449cd_356e_4002_b597_b3fafc2f2f01] The metadata response from the cluster reported a recoverable issue with correlation id 1 : {topic-386449cd_356e_4002_b597_b3fafc2f2f01=UNKNOWN_TOPIC_OR_PARTITION}
2025-08-12 14:49:32,075 INFO  [org.apa.kaf.cli.Metadata] (kafka-producer-network-thread | Producer-topic-386449cd_356e_4002_b597_b3fafc2f2f01) [Producer clientId=Producer-topic-386449cd_356e_4002_b597_b3fafc2f2f01] Cluster ID: 4oDFBklZQKWClKkNkfg_eQ
2025-08-12 14:49:32,216 INFO  [org.apa.kaf.cli.pro.int.TransactionManager] (kafka-producer-network-thread | Producer-topic-386449cd_356e_4002_b597_b3fafc2f2f01) [Producer clientId=Producer-topic-386449cd_356e_4002_b597_b3fafc2f2f01] ProducerId set to 0 with epoch 0
2025-08-12 14:49:32,430 INFO  [io.api.tes.ser.api.KafkaSerdesTester] (Thread-600) Sending message {"key11755010171559": "value-1"} to topic topic-386449cd_356e_4002_b597_b3fafc2f2f01
2025-08-12 14:49:32,435 INFO  [io.api.tes.ser.api.KafkaSerdesTester] (Thread-600) Sending message {"key11755010171559": "value-2"} to topic topic-386449cd_356e_4002_b597_b3fafc2f2f01
2025-08-12 14:49:32,439 INFO  [io.api.tes.ser.api.KafkaSerdesTester] (Thread-600) Sending message {"key11755010171559": "value-3"} to topic topic-386449cd_356e_4002_b597_b3fafc2f2f01
2025-08-12 14:49:32,442 INFO  [io.api.tes.ser.api.KafkaSerdesTester] (Thread-600) Sending message {"key11755010171559": "value-4"} to topic topic-386449cd_356e_4002_b597_b3fafc2f2f01
2025-08-12 14:49:32,445 INFO  [io.api.tes.ser.api.KafkaSerdesTester] (Thread-600) Sending message {"key11755010171559": "value-5"} to topic topic-386449cd_356e_4002_b597_b3fafc2f2f01
2025-08-12 14:49:32,448 INFO  [io.api.tes.ser.api.KafkaSerdesTester] (Thread-600) Sending message {"key11755010171559": "value-6"} to topic topic-386449cd_356e_4002_b597_b3fafc2f2f01
2025-08-12 14:49:32,451 INFO  [io.api.tes.ser.api.KafkaSerdesTester] (Thread-600) Sending message {"key11755010171559": "value-7"} to topic topic-386449cd_356e_4002_b597_b3fafc2f2f01
2025-08-12 14:49:32,454 INFO  [io.api.tes.ser.api.KafkaSerdesTester] (Thread-600) Sending message {"key11755010171559": "value-8"} to topic topic-386449cd_356e_4002_b597_b3fafc2f2f01
2025-08-12 14:49:32,457 INFO  [io.api.tes.ser.api.KafkaSerdesTester] (Thread-600) Sending message {"key11755010171559": "value-9"} to topic topic-386449cd_356e_4002_b597_b3fafc2f2f01
2025-08-12 14:49:32,460 INFO  [io.api.tes.ser.api.KafkaSerdesTester] (Thread-600) Produced 10 messages
2025-08-12 14:49:32,461 INFO  [org.apa.kaf.cli.pro.KafkaProducer] (Thread-600) [Producer clientId=Producer-topic-386449cd_356e_4002_b597_b3fafc2f2f01] Closing the Kafka producer with timeoutMillis = 9223372036854775807 ms.
2025-08-12 14:49:32,478 INFO  [org.apa.kaf.com.met.Metrics] (Thread-600) Metrics scheduler closed
2025-08-12 14:49:32,479 INFO  [org.apa.kaf.com.met.Metrics] (Thread-600) Closing reporter org.apache.kafka.common.metrics.JmxReporter
2025-08-12 14:49:32,479 INFO  [org.apa.kaf.com.met.Metrics] (Thread-600) Closing reporter org.apache.kafka.common.telemetry.internals.ClientTelemetryReporter
2025-08-12 14:49:32,479 INFO  [org.apa.kaf.com.met.Metrics] (Thread-600) Metrics reporters closed
2025-08-12 14:49:32,481 INFO  [org.apa.kaf.com.uti.AppInfoParser] (Thread-600) App info kafka.producer for Producer-topic-386449cd_356e_4002_b597_b3fafc2f2f01 unregistered
**** Registry Base URL: http://registry-app-pg17.apps.ci419.apicurio-testing.org:80
2025-08-12 14:49:32,632 INFO  [org.apa.kaf.cli.con.ConsumerConfig] (main) ConsumerConfig values: 
	allow.auto.create.topics = true
	auto.commit.interval.ms = 500
	auto.include.jmx.reporter = true
	auto.offset.reset = earliest
	bootstrap.servers = [PLAINTEXT://localhost:32769]
	check.crcs = true
	client.dns.lookup = use_all_dns_ips
	client.id = consumer-Consumer-topic-386449cd_356e_4002_b597_b3fafc2f2f01-1
	client.rack = 
	connections.max.idle.ms = 10000
	default.api.timeout.ms = 60000
	enable.auto.commit = true
	enable.metrics.push = true
	exclude.internal.topics = true
	fetch.max.bytes = 52428800
	fetch.max.wait.ms = 500
	fetch.min.bytes = 1
	group.id = Consumer-topic-386449cd_356e_4002_b597_b3fafc2f2f01
	group.instance.id = null
	group.protocol = classic
	group.remote.assignor = null
	heartbeat.interval.ms = 3000
	interceptor.classes = []
	internal.leave.group.on.close = true
	internal.throw.on.fetch.stable.offset.unsupported = false
	isolation.level = read_uncommitted
	key.deserializer = class org.apache.kafka.common.serialization.StringDeserializer
	max.partition.fetch.bytes = 1048576
	max.poll.interval.ms = 300000
	max.poll.records = 500
	metadata.max.age.ms = 300000
	metadata.recovery.strategy = none
	metric.reporters = []
	metrics.num.samples = 2
	metrics.recording.level = INFO
	metrics.sample.window.ms = 30000
	partition.assignment.strategy = [class org.apache.kafka.clients.consumer.RangeAssignor, class org.apache.kafka.clients.consumer.CooperativeStickyAssignor]
	receive.buffer.bytes = 65536
	reconnect.backoff.max.ms = 1000
	reconnect.backoff.ms = 50
	request.timeout.ms = 5000
	retry.backoff.max.ms = 1000
	retry.backoff.ms = 100
	sasl.client.callback.handler.class = null
	sasl.jaas.config = null
	sasl.kerberos.kinit.cmd = /usr/bin/kinit
	sasl.kerberos.min.time.before.relogin = 60000
	sasl.kerberos.service.name = null
	sasl.kerberos.ticket.renew.jitter = 0.05
	sasl.kerberos.ticket.renew.window.factor = 0.8
	sasl.login.callback.handler.class = null
	sasl.login.class = null
	sasl.login.connect.timeout.ms = null
	sasl.login.read.timeout.ms = null
	sasl.login.refresh.buffer.seconds = 300
	sasl.login.refresh.min.period.seconds = 60
	sasl.login.refresh.window.factor = 0.8
	sasl.login.refresh.window.jitter = 0.05
	sasl.login.retry.backoff.max.ms = 10000
	sasl.login.retry.backoff.ms = 100
	sasl.mechanism = GSSAPI
	sasl.oauthbearer.clock.skew.seconds = 30
	sasl.oauthbearer.expected.audience = null
	sasl.oauthbearer.expected.issuer = null
	sasl.oauthbearer.header.urlencode = false
	sasl.oauthbearer.jwks.endpoint.refresh.ms = 3600000
	sasl.oauthbearer.jwks.endpoint.retry.backoff.max.ms = 10000
	sasl.oauthbearer.jwks.endpoint.retry.backoff.ms = 100
	sasl.oauthbearer.jwks.endpoint.url = null
	sasl.oauthbearer.scope.claim.name = scope
	sasl.oauthbearer.sub.claim.name = sub
	sasl.oauthbearer.token.endpoint.url = null
	security.protocol = PLAINTEXT
	security.providers = null
	send.buffer.bytes = 131072
	session.timeout.ms = 45000
	socket.connection.setup.timeout.max.ms = 30000
	socket.connection.setup.timeout.ms = 10000
	ssl.cipher.suites = null
	ssl.enabled.protocols = [TLSv1.2, TLSv1.3]
	ssl.endpoint.identification.algorithm = https
	ssl.engine.factory.class = null
	ssl.key.password = null
	ssl.keymanager.algorithm = SunX509
	ssl.keystore.certificate.chain = null
	ssl.keystore.key = null
	ssl.keystore.location = null
	ssl.keystore.password = null
	ssl.keystore.type = JKS
	ssl.protocol = TLSv1.3
	ssl.provider = null
	ssl.secure.random.implementation = null
	ssl.trustmanager.algorithm = PKIX
	ssl.truststore.certificates = null
	ssl.truststore.location = null
	ssl.truststore.password = null
	ssl.truststore.type = JKS
	value.deserializer = class io.apicurio.registry.serde.avro.AvroKafkaDeserializer

2025-08-12 14:49:32,642 INFO  [org.apa.kaf.com.tel.int.KafkaMetricsCollector] (main) initializing Kafka metrics collector
2025-08-12 14:49:32,690 INFO  [org.apa.kaf.cli.con.ConsumerConfig] (main) These configurations '[apicurio.registry.url, apicurio.registry.use-id]' were supplied but are not used yet.
2025-08-12 14:49:32,690 INFO  [org.apa.kaf.com.uti.AppInfoParser] (main) Kafka version: 3.9.1
2025-08-12 14:49:32,690 INFO  [org.apa.kaf.com.uti.AppInfoParser] (main) Kafka commitId: f745dfdcee2b9851
2025-08-12 14:49:32,691 INFO  [org.apa.kaf.com.uti.AppInfoParser] (main) Kafka startTimeMs: 1755010172690
2025-08-12 14:49:32,693 INFO  [org.apa.kaf.cli.con.int.ClassicKafkaConsumer] (Thread-603) [Consumer clientId=consumer-Consumer-topic-386449cd_356e_4002_b597_b3fafc2f2f01-1, groupId=Consumer-topic-386449cd_356e_4002_b597_b3fafc2f2f01] Subscribed to topic(s): topic-386449cd_356e_4002_b597_b3fafc2f2f01
2025-08-12 14:49:32,708 INFO  [org.apa.kaf.cli.Metadata] (Thread-603) [Consumer clientId=consumer-Consumer-topic-386449cd_356e_4002_b597_b3fafc2f2f01-1, groupId=Consumer-topic-386449cd_356e_4002_b597_b3fafc2f2f01] Cluster ID: 4oDFBklZQKWClKkNkfg_eQ
2025-08-12 14:49:32,857 INFO  [org.apa.kaf.cli.con.int.ConsumerCoordinator] (Thread-603) [Consumer clientId=consumer-Consumer-topic-386449cd_356e_4002_b597_b3fafc2f2f01-1, groupId=Consumer-topic-386449cd_356e_4002_b597_b3fafc2f2f01] Discovered group coordinator localhost:32769 (id: 2147483647 rack: null)
2025-08-12 14:49:32,867 INFO  [org.apa.kaf.cli.con.int.ConsumerCoordinator] (Thread-603) [Consumer clientId=consumer-Consumer-topic-386449cd_356e_4002_b597_b3fafc2f2f01-1, groupId=Consumer-topic-386449cd_356e_4002_b597_b3fafc2f2f01] (Re-)joining group
2025-08-12 14:49:32,909 INFO  [org.apa.kaf.cli.con.int.ConsumerCoordinator] (Thread-603) [Consumer clientId=consumer-Consumer-topic-386449cd_356e_4002_b597_b3fafc2f2f01-1, groupId=Consumer-topic-386449cd_356e_4002_b597_b3fafc2f2f01] Group coordinator localhost:32769 (id: 2147483647 rack: null) is unavailable or invalid due to cause: error response NOT_COORDINATOR. isDisconnected: false. Rediscovery will be attempted.
2025-08-12 14:49:32,909 INFO  [org.apa.kaf.cli.con.int.ConsumerCoordinator] (Thread-603) [Consumer clientId=consumer-Consumer-topic-386449cd_356e_4002_b597_b3fafc2f2f01-1, groupId=Consumer-topic-386449cd_356e_4002_b597_b3fafc2f2f01] Requesting disconnect from last known coordinator localhost:32769 (id: 2147483647 rack: null)
2025-08-12 14:49:32,910 INFO  [org.apa.kaf.cli.con.int.ConsumerCoordinator] (Thread-603) [Consumer clientId=consumer-Consumer-topic-386449cd_356e_4002_b597_b3fafc2f2f01-1, groupId=Consumer-topic-386449cd_356e_4002_b597_b3fafc2f2f01] JoinGroup failed: This is not the correct coordinator. Marking coordinator unknown. Sent generation was Generation{generationId=-1, memberId='', protocol='null'}
2025-08-12 14:49:32,910 INFO  [org.apa.kaf.cli.NetworkClient] (Thread-603) [Consumer clientId=consumer-Consumer-topic-386449cd_356e_4002_b597_b3fafc2f2f01-1, groupId=Consumer-topic-386449cd_356e_4002_b597_b3fafc2f2f01] Client requested disconnect from node 2147483647
2025-08-12 14:49:32,919 INFO  [org.apa.kaf.cli.con.int.ConsumerCoordinator] (Thread-603) [Consumer clientId=consumer-Consumer-topic-386449cd_356e_4002_b597_b3fafc2f2f01-1, groupId=Consumer-topic-386449cd_356e_4002_b597_b3fafc2f2f01] Discovered group coordinator localhost:32769 (id: 2147483647 rack: null)
2025-08-12 14:49:32,919 INFO  [org.apa.kaf.cli.con.int.ConsumerCoordinator] (Thread-603) [Consumer clientId=consumer-Consumer-topic-386449cd_356e_4002_b597_b3fafc2f2f01-1, groupId=Consumer-topic-386449cd_356e_4002_b597_b3fafc2f2f01] Group coordinator localhost:32769 (id: 2147483647 rack: null) is unavailable or invalid due to cause: coordinator unavailable. isDisconnected: false. Rediscovery will be attempted.
2025-08-12 14:49:32,919 INFO  [org.apa.kaf.cli.con.int.ConsumerCoordinator] (Thread-603) [Consumer clientId=consumer-Consumer-topic-386449cd_356e_4002_b597_b3fafc2f2f01-1, groupId=Consumer-topic-386449cd_356e_4002_b597_b3fafc2f2f01] Requesting disconnect from last known coordinator localhost:32769 (id: 2147483647 rack: null)
2025-08-12 14:49:33,036 INFO  [org.apa.kaf.cli.con.int.ConsumerCoordinator] (Thread-603) [Consumer clientId=consumer-Consumer-topic-386449cd_356e_4002_b597_b3fafc2f2f01-1, groupId=Consumer-topic-386449cd_356e_4002_b597_b3fafc2f2f01] Discovered group coordinator localhost:32769 (id: 2147483647 rack: null)
2025-08-12 14:49:33,038 INFO  [org.apa.kaf.cli.con.int.ConsumerCoordinator] (Thread-603) [Consumer clientId=consumer-Consumer-topic-386449cd_356e_4002_b597_b3fafc2f2f01-1, groupId=Consumer-topic-386449cd_356e_4002_b597_b3fafc2f2f01] Request joining group due to: rebalance failed due to 'This is not the correct coordinator.' (NotCoordinatorException)
2025-08-12 14:49:33,039 INFO  [org.apa.kaf.cli.con.int.ConsumerCoordinator] (Thread-603) [Consumer clientId=consumer-Consumer-topic-386449cd_356e_4002_b597_b3fafc2f2f01-1, groupId=Consumer-topic-386449cd_356e_4002_b597_b3fafc2f2f01] (Re-)joining group
2025-08-12 14:49:33,045 INFO  [org.apa.kaf.cli.con.int.ConsumerCoordinator] (Thread-603) [Consumer clientId=consumer-Consumer-topic-386449cd_356e_4002_b597_b3fafc2f2f01-1, groupId=Consumer-topic-386449cd_356e_4002_b597_b3fafc2f2f01] Group coordinator localhost:32769 (id: 2147483647 rack: null) is unavailable or invalid due to cause: error response NOT_COORDINATOR. isDisconnected: false. Rediscovery will be attempted.
2025-08-12 14:49:33,046 INFO  [org.apa.kaf.cli.con.int.ConsumerCoordinator] (Thread-603) [Consumer clientId=consumer-Consumer-topic-386449cd_356e_4002_b597_b3fafc2f2f01-1, groupId=Consumer-topic-386449cd_356e_4002_b597_b3fafc2f2f01] Requesting disconnect from last known coordinator localhost:32769 (id: 2147483647 rack: null)
2025-08-12 14:49:33,046 INFO  [org.apa.kaf.cli.con.int.ConsumerCoordinator] (Thread-603) [Consumer clientId=consumer-Consumer-topic-386449cd_356e_4002_b597_b3fafc2f2f01-1, groupId=Consumer-topic-386449cd_356e_4002_b597_b3fafc2f2f01] JoinGroup failed: This is not the correct coordinator. Marking coordinator unknown. Sent generation was Generation{generationId=-1, memberId='', protocol='null'}
2025-08-12 14:49:33,046 INFO  [org.apa.kaf.cli.NetworkClient] (Thread-603) [Consumer clientId=consumer-Consumer-topic-386449cd_356e_4002_b597_b3fafc2f2f01-1, groupId=Consumer-topic-386449cd_356e_4002_b597_b3fafc2f2f01] Client requested disconnect from node 2147483647
2025-08-12 14:49:33,057 INFO  [org.apa.kaf.cli.con.int.ConsumerCoordinator] (Thread-603) [Consumer clientId=consumer-Consumer-topic-386449cd_356e_4002_b597_b3fafc2f2f01-1, groupId=Consumer-topic-386449cd_356e_4002_b597_b3fafc2f2f01] Discovered group coordinator localhost:32769 (id: 2147483647 rack: null)
2025-08-12 14:49:33,058 INFO  [org.apa.kaf.cli.con.int.ConsumerCoordinator] (Thread-603) [Consumer clientId=consumer-Consumer-topic-386449cd_356e_4002_b597_b3fafc2f2f01-1, groupId=Consumer-topic-386449cd_356e_4002_b597_b3fafc2f2f01] Group coordinator localhost:32769 (id: 2147483647 rack: null) is unavailable or invalid due to cause: coordinator unavailable. isDisconnected: false. Rediscovery will be attempted.
2025-08-12 14:49:33,059 INFO  [org.apa.kaf.cli.con.int.ConsumerCoordinator] (Thread-603) [Consumer clientId=consumer-Consumer-topic-386449cd_356e_4002_b597_b3fafc2f2f01-1, groupId=Consumer-topic-386449cd_356e_4002_b597_b3fafc2f2f01] Requesting disconnect from last known coordinator localhost:32769 (id: 2147483647 rack: null)
2025-08-12 14:49:33,148 INFO  [org.apa.kaf.cli.con.int.ConsumerCoordinator] (Thread-603) [Consumer clientId=consumer-Consumer-topic-386449cd_356e_4002_b597_b3fafc2f2f01-1, groupId=Consumer-topic-386449cd_356e_4002_b597_b3fafc2f2f01] Discovered group coordinator localhost:32769 (id: 2147483647 rack: null)
2025-08-12 14:49:33,151 INFO  [org.apa.kaf.cli.con.int.ConsumerCoordinator] (Thread-603) [Consumer clientId=consumer-Consumer-topic-386449cd_356e_4002_b597_b3fafc2f2f01-1, groupId=Consumer-topic-386449cd_356e_4002_b597_b3fafc2f2f01] Request joining group due to: rebalance failed due to 'This is not the correct coordinator.' (NotCoordinatorException)
2025-08-12 14:49:33,152 INFO  [org.apa.kaf.cli.con.int.ConsumerCoordinator] (Thread-603) [Consumer clientId=consumer-Consumer-topic-386449cd_356e_4002_b597_b3fafc2f2f01-1, groupId=Consumer-topic-386449cd_356e_4002_b597_b3fafc2f2f01] (Re-)joining group
2025-08-12 14:49:33,157 INFO  [org.apa.kaf.cli.con.int.ConsumerCoordinator] (Thread-603) [Consumer clientId=consumer-Consumer-topic-386449cd_356e_4002_b597_b3fafc2f2f01-1, groupId=Consumer-topic-386449cd_356e_4002_b597_b3fafc2f2f01] Group coordinator localhost:32769 (id: 2147483647 rack: null) is unavailable or invalid due to cause: error response NOT_COORDINATOR. isDisconnected: false. Rediscovery will be attempted.
2025-08-12 14:49:33,157 INFO  [org.apa.kaf.cli.con.int.ConsumerCoordinator] (Thread-603) [Consumer clientId=consumer-Consumer-topic-386449cd_356e_4002_b597_b3fafc2f2f01-1, groupId=Consumer-topic-386449cd_356e_4002_b597_b3fafc2f2f01] Requesting disconnect from last known coordinator localhost:32769 (id: 2147483647 rack: null)
2025-08-12 14:49:33,158 INFO  [org.apa.kaf.cli.con.int.ConsumerCoordinator] (Thread-603) [Consumer clientId=consumer-Consumer-topic-386449cd_356e_4002_b597_b3fafc2f2f01-1, groupId=Consumer-topic-386449cd_356e_4002_b597_b3fafc2f2f01] JoinGroup failed: This is not the correct coordinator. Marking coordinator unknown. Sent generation was Generation{generationId=-1, memberId='', protocol='null'}
2025-08-12 14:49:33,158 INFO  [org.apa.kaf.cli.NetworkClient] (Thread-603) [Consumer clientId=consumer-Consumer-topic-386449cd_356e_4002_b597_b3fafc2f2f01-1, groupId=Consumer-topic-386449cd_356e_4002_b597_b3fafc2f2f01] Client requested disconnect from node 2147483647
2025-08-12 14:49:33,164 INFO  [org.apa.kaf.cli.con.int.ConsumerCoordinator] (Thread-603) [Consumer clientId=consumer-Consumer-topic-386449cd_356e_4002_b597_b3fafc2f2f01-1, groupId=Consumer-topic-386449cd_356e_4002_b597_b3fafc2f2f01] Discovered group coordinator localhost:32769 (id: 2147483647 rack: null)
2025-08-12 14:49:33,164 INFO  [org.apa.kaf.cli.con.int.ConsumerCoordinator] (Thread-603) [Consumer clientId=consumer-Consumer-topic-386449cd_356e_4002_b597_b3fafc2f2f01-1, groupId=Consumer-topic-386449cd_356e_4002_b597_b3fafc2f2f01] Group coordinator localhost:32769 (id: 2147483647 rack: null) is unavailable or invalid due to cause: coordinator unavailable. isDisconnected: false. Rediscovery will be attempted.
2025-08-12 14:49:33,166 INFO  [org.apa.kaf.cli.con.int.ConsumerCoordinator] (Thread-603) [Consumer clientId=consumer-Consumer-topic-386449cd_356e_4002_b597_b3fafc2f2f01-1, groupId=Consumer-topic-386449cd_356e_4002_b597_b3fafc2f2f01] Requesting disconnect from last known coordinator localhost:32769 (id: 2147483647 rack: null)
2025-08-12 14:49:33,286 INFO  [org.apa.kaf.cli.con.int.ConsumerCoordinator] (Thread-603) [Consumer clientId=consumer-Consumer-topic-386449cd_356e_4002_b597_b3fafc2f2f01-1, groupId=Consumer-topic-386449cd_356e_4002_b597_b3fafc2f2f01] Discovered group coordinator localhost:32769 (id: 2147483647 rack: null)
2025-08-12 14:49:33,287 INFO  [org.apa.kaf.cli.con.int.ConsumerCoordinator] (Thread-603) [Consumer clientId=consumer-Consumer-topic-386449cd_356e_4002_b597_b3fafc2f2f01-1, groupId=Consumer-topic-386449cd_356e_4002_b597_b3fafc2f2f01] Request joining group due to: rebalance failed due to 'This is not the correct coordinator.' (NotCoordinatorException)
2025-08-12 14:49:33,288 INFO  [org.apa.kaf.cli.con.int.ConsumerCoordinator] (Thread-603) [Consumer clientId=consumer-Consumer-topic-386449cd_356e_4002_b597_b3fafc2f2f01-1, groupId=Consumer-topic-386449cd_356e_4002_b597_b3fafc2f2f01] (Re-)joining group
2025-08-12 14:49:33,296 INFO  [org.apa.kaf.cli.con.int.ConsumerCoordinator] (Thread-603) [Consumer clientId=consumer-Consumer-topic-386449cd_356e_4002_b597_b3fafc2f2f01-1, groupId=Consumer-topic-386449cd_356e_4002_b597_b3fafc2f2f01] Group coordinator localhost:32769 (id: 2147483647 rack: null) is unavailable or invalid due to cause: error response NOT_COORDINATOR. isDisconnected: false. Rediscovery will be attempted.
2025-08-12 14:49:33,296 INFO  [org.apa.kaf.cli.con.int.ConsumerCoordinator] (Thread-603) [Consumer clientId=consumer-Consumer-topic-386449cd_356e_4002_b597_b3fafc2f2f01-1, groupId=Consumer-topic-386449cd_356e_4002_b597_b3fafc2f2f01] Requesting disconnect from last known coordinator localhost:32769 (id: 2147483647 rack: null)
2025-08-12 14:49:33,296 INFO  [org.apa.kaf.cli.con.int.ConsumerCoordinator] (Thread-603) [Consumer clientId=consumer-Consumer-topic-386449cd_356e_4002_b597_b3fafc2f2f01-1, groupId=Consumer-topic-386449cd_356e_4002_b597_b3fafc2f2f01] JoinGroup failed: This is not the correct coordinator. Marking coordinator unknown. Sent generation was Generation{generationId=-1, memberId='', protocol='null'}
2025-08-12 14:49:33,296 INFO  [org.apa.kaf.cli.NetworkClient] (Thread-603) [Consumer clientId=consumer-Consumer-topic-386449cd_356e_4002_b597_b3fafc2f2f01-1, groupId=Consumer-topic-386449cd_356e_4002_b597_b3fafc2f2f01] Client requested disconnect from node 2147483647
2025-08-12 14:49:33,299 INFO  [org.apa.kaf.cli.con.int.ConsumerCoordinator] (Thread-603) [Consumer clientId=consumer-Consumer-topic-386449cd_356e_4002_b597_b3fafc2f2f01-1, groupId=Consumer-topic-386449cd_356e_4002_b597_b3fafc2f2f01] Discovered group coordinator localhost:32769 (id: 2147483647 rack: null)
2025-08-12 14:49:33,300 INFO  [org.apa.kaf.cli.con.int.ConsumerCoordinator] (Thread-603) [Consumer clientId=consumer-Consumer-topic-386449cd_356e_4002_b597_b3fafc2f2f01-1, groupId=Consumer-topic-386449cd_356e_4002_b597_b3fafc2f2f01] Group coordinator localhost:32769 (id: 2147483647 rack: null) is unavailable or invalid due to cause: coordinator unavailable. isDisconnected: false. Rediscovery will be attempted.
2025-08-12 14:49:33,300 INFO  [org.apa.kaf.cli.con.int.ConsumerCoordinator] (Thread-603) [Consumer clientId=consumer-Consumer-topic-386449cd_356e_4002_b597_b3fafc2f2f01-1, groupId=Consumer-topic-386449cd_356e_4002_b597_b3fafc2f2f01] Requesting disconnect from last known coordinator localhost:32769 (id: 2147483647 rack: null)
2025-08-12 14:49:33,401 INFO  [org.apa.kaf.cli.con.int.ConsumerCoordinator] (Thread-603) [Consumer clientId=consumer-Consumer-topic-386449cd_356e_4002_b597_b3fafc2f2f01-1, groupId=Consumer-topic-386449cd_356e_4002_b597_b3fafc2f2f01] Discovered group coordinator localhost:32769 (id: 2147483647 rack: null)
2025-08-12 14:49:33,403 INFO  [org.apa.kaf.cli.con.int.ConsumerCoordinator] (Thread-603) [Consumer clientId=consumer-Consumer-topic-386449cd_356e_4002_b597_b3fafc2f2f01-1, groupId=Consumer-topic-386449cd_356e_4002_b597_b3fafc2f2f01] Request joining group due to: rebalance failed due to 'This is not the correct coordinator.' (NotCoordinatorException)
2025-08-12 14:49:33,406 INFO  [org.apa.kaf.cli.con.int.ConsumerCoordinator] (Thread-603) [Consumer clientId=consumer-Consumer-topic-386449cd_356e_4002_b597_b3fafc2f2f01-1, groupId=Consumer-topic-386449cd_356e_4002_b597_b3fafc2f2f01] (Re-)joining group
2025-08-12 14:49:33,446 INFO  [org.apa.kaf.cli.con.int.ConsumerCoordinator] (Thread-603) [Consumer clientId=consumer-Consumer-topic-386449cd_356e_4002_b597_b3fafc2f2f01-1, groupId=Consumer-topic-386449cd_356e_4002_b597_b3fafc2f2f01] Request joining group due to: need to re-join with the given member-id: consumer-Consumer-topic-386449cd_356e_4002_b597_b3fafc2f2f01-1-8b95dd80-15a6-4490-b284-e56c6716ddf3
2025-08-12 14:49:33,447 INFO  [org.apa.kaf.cli.con.int.ConsumerCoordinator] (Thread-603) [Consumer clientId=consumer-Consumer-topic-386449cd_356e_4002_b597_b3fafc2f2f01-1, groupId=Consumer-topic-386449cd_356e_4002_b597_b3fafc2f2f01] (Re-)joining group
2025-08-12 14:49:33,695 INFO  [io.api.tes.ser.api.KafkaSerdesTester] (Thread-603) None found
2025-08-12 14:49:34,695 INFO  [io.api.tes.ser.api.KafkaSerdesTester] (Thread-603) None found
2025-08-12 14:49:35,695 INFO  [io.api.tes.ser.api.KafkaSerdesTester] (Thread-603) None found
2025-08-12 14:49:36,468 INFO  [org.apa.kaf.cli.con.int.ConsumerCoordinator] (Thread-603) [Consumer clientId=consumer-Consumer-topic-386449cd_356e_4002_b597_b3fafc2f2f01-1, groupId=Consumer-topic-386449cd_356e_4002_b597_b3fafc2f2f01] Successfully joined group with generation Generation{generationId=1, memberId='consumer-Consumer-topic-386449cd_356e_4002_b597_b3fafc2f2f01-1-8b95dd80-15a6-4490-b284-e56c6716ddf3', protocol='range'}
2025-08-12 14:49:36,475 INFO  [org.apa.kaf.cli.con.int.ConsumerCoordinator] (Thread-603) [Consumer clientId=consumer-Consumer-topic-386449cd_356e_4002_b597_b3fafc2f2f01-1, groupId=Consumer-topic-386449cd_356e_4002_b597_b3fafc2f2f01] Finished assignment for group at generation 1: {consumer-Consumer-topic-386449cd_356e_4002_b597_b3fafc2f2f01-1-8b95dd80-15a6-4490-b284-e56c6716ddf3=Assignment(partitions=[topic-386449cd_356e_4002_b597_b3fafc2f2f01-0])}
2025-08-12 14:49:36,489 INFO  [org.apa.kaf.cli.con.int.ConsumerCoordinator] (Thread-603) [Consumer clientId=consumer-Consumer-topic-386449cd_356e_4002_b597_b3fafc2f2f01-1, groupId=Consumer-topic-386449cd_356e_4002_b597_b3fafc2f2f01] Successfully synced group in generation Generation{generationId=1, memberId='consumer-Consumer-topic-386449cd_356e_4002_b597_b3fafc2f2f01-1-8b95dd80-15a6-4490-b284-e56c6716ddf3', protocol='range'}
2025-08-12 14:49:36,490 INFO  [org.apa.kaf.cli.con.int.ConsumerCoordinator] (Thread-603) [Consumer clientId=consumer-Consumer-topic-386449cd_356e_4002_b597_b3fafc2f2f01-1, groupId=Consumer-topic-386449cd_356e_4002_b597_b3fafc2f2f01] Notifying assignor about the new Assignment(partitions=[topic-386449cd_356e_4002_b597_b3fafc2f2f01-0])
2025-08-12 14:49:36,493 INFO  [org.apa.kaf.cli.con.int.ConsumerRebalanceListenerInvoker] (Thread-603) [Consumer clientId=consumer-Consumer-topic-386449cd_356e_4002_b597_b3fafc2f2f01-1, groupId=Consumer-topic-386449cd_356e_4002_b597_b3fafc2f2f01] Adding newly assigned partitions: topic-386449cd_356e_4002_b597_b3fafc2f2f01-0
2025-08-12 14:49:36,508 INFO  [org.apa.kaf.cli.con.int.ConsumerCoordinator] (Thread-603) [Consumer clientId=consumer-Consumer-topic-386449cd_356e_4002_b597_b3fafc2f2f01-1, groupId=Consumer-topic-386449cd_356e_4002_b597_b3fafc2f2f01] Found no committed offset for partition topic-386449cd_356e_4002_b597_b3fafc2f2f01-0
2025-08-12 14:49:36,533 INFO  [org.apa.kaf.cli.con.int.SubscriptionState] (Thread-603) [Consumer clientId=consumer-Consumer-topic-386449cd_356e_4002_b597_b3fafc2f2f01-1, groupId=Consumer-topic-386449cd_356e_4002_b597_b3fafc2f2f01] Resetting offset for partition topic-386449cd_356e_4002_b597_b3fafc2f2f01-0 to position FetchPosition{offset=0, offsetEpoch=Optional.empty, currentLeader=LeaderAndEpoch{leader=Optional[localhost:32769 (id: 0 rack: null)], epoch=0}}.
2025-08-12 14:49:36,775 INFO  [io.api.tes.ser.api.KafkaSerdesTester] (Thread-603) topic-386449cd_356e_4002_b597_b3fafc2f2f01 0 0 {"key11755010171559": "value-0"}
2025-08-12 14:49:36,776 INFO  [io.api.tes.ser.api.KafkaSerdesTester] (Thread-603) topic-386449cd_356e_4002_b597_b3fafc2f2f01 0 1 {"key11755010171559": "value-1"}
2025-08-12 14:49:36,776 INFO  [io.api.tes.ser.api.KafkaSerdesTester] (Thread-603) topic-386449cd_356e_4002_b597_b3fafc2f2f01 0 2 {"key11755010171559": "value-2"}
2025-08-12 14:49:36,776 INFO  [io.api.tes.ser.api.KafkaSerdesTester] (Thread-603) topic-386449cd_356e_4002_b597_b3fafc2f2f01 0 3 {"key11755010171559": "value-3"}
2025-08-12 14:49:36,778 INFO  [io.api.tes.ser.api.KafkaSerdesTester] (Thread-603) topic-386449cd_356e_4002_b597_b3fafc2f2f01 0 4 {"key11755010171559": "value-4"}
2025-08-12 14:49:36,778 INFO  [io.api.tes.ser.api.KafkaSerdesTester] (Thread-603) topic-386449cd_356e_4002_b597_b3fafc2f2f01 0 5 {"key11755010171559": "value-5"}
2025-08-12 14:49:36,778 INFO  [io.api.tes.ser.api.KafkaSerdesTester] (Thread-603) topic-386449cd_356e_4002_b597_b3fafc2f2f01 0 6 {"key11755010171559": "value-6"}
2025-08-12 14:49:36,778 INFO  [io.api.tes.ser.api.KafkaSerdesTester] (Thread-603) topic-386449cd_356e_4002_b597_b3fafc2f2f01 0 7 {"key11755010171559": "value-7"}
2025-08-12 14:49:36,778 INFO  [io.api.tes.ser.api.KafkaSerdesTester] (Thread-603) topic-386449cd_356e_4002_b597_b3fafc2f2f01 0 8 {"key11755010171559": "value-8"}
2025-08-12 14:49:36,778 INFO  [io.api.tes.ser.api.KafkaSerdesTester] (Thread-603) topic-386449cd_356e_4002_b597_b3fafc2f2f01 0 9 {"key11755010171559": "value-9"}
2025-08-12 14:49:36,779 INFO  [io.api.tes.ser.api.KafkaSerdesTester] (Thread-603) Consumed 10 messages
2025-08-12 14:49:36,814 INFO  [org.apa.kaf.cli.con.int.ConsumerRebalanceListenerInvoker] (Thread-603) [Consumer clientId=consumer-Consumer-topic-386449cd_356e_4002_b597_b3fafc2f2f01-1, groupId=Consumer-topic-386449cd_356e_4002_b597_b3fafc2f2f01] Revoke previously assigned partitions topic-386449cd_356e_4002_b597_b3fafc2f2f01-0
2025-08-12 14:49:36,815 INFO  [org.apa.kaf.cli.con.int.ConsumerCoordinator] (Thread-603) [Consumer clientId=consumer-Consumer-topic-386449cd_356e_4002_b597_b3fafc2f2f01-1, groupId=Consumer-topic-386449cd_356e_4002_b597_b3fafc2f2f01] Member consumer-Consumer-topic-386449cd_356e_4002_b597_b3fafc2f2f01-1-8b95dd80-15a6-4490-b284-e56c6716ddf3 sending LeaveGroup request to coordinator localhost:32769 (id: 2147483647 rack: null) due to the consumer is being closed
2025-08-12 14:49:36,816 INFO  [org.apa.kaf.cli.con.int.ConsumerCoordinator] (Thread-603) [Consumer clientId=consumer-Consumer-topic-386449cd_356e_4002_b597_b3fafc2f2f01-1, groupId=Consumer-topic-386449cd_356e_4002_b597_b3fafc2f2f01] Resetting generation and member id due to: consumer pro-actively leaving the group
2025-08-12 14:49:36,816 INFO  [org.apa.kaf.cli.con.int.ConsumerCoordinator] (Thread-603) [Consumer clientId=consumer-Consumer-topic-386449cd_356e_4002_b597_b3fafc2f2f01-1, groupId=Consumer-topic-386449cd_356e_4002_b597_b3fafc2f2f01] Request joining group due to: consumer pro-actively leaving the group
2025-08-12 14:49:37,291 INFO  [org.apa.kaf.com.met.Metrics] (Thread-603) Metrics scheduler closed
2025-08-12 14:49:37,291 INFO  [org.apa.kaf.com.met.Metrics] (Thread-603) Closing reporter org.apache.kafka.common.metrics.JmxReporter
2025-08-12 14:49:37,292 INFO  [org.apa.kaf.com.met.Metrics] (Thread-603) Closing reporter org.apache.kafka.common.telemetry.internals.ClientTelemetryReporter
2025-08-12 14:49:37,292 INFO  [org.apa.kaf.com.met.Metrics] (Thread-603) Metrics reporters closed
2025-08-12 14:49:37,302 INFO  [org.apa.kaf.com.uti.AppInfoParser] (Thread-603) App info kafka.consumer for consumer-Consumer-topic-386449cd_356e_4002_b597_b3fafc2f2f01-1 unregistered
2025-08-12 14:49:37,305 INFO  [io.api.tes.uti.TestSeparator] (main) io.apicurio.tests.serdes.apicurio.AvroSerdeIT.testGlobalIdInHeaders-FINISHED
2025-08-12 14:49:37,305 INFO  [io.api.tes.uti.TestSeparator] (main) ############################################################################
Test passed: testGlobalIdInHeaders
]]></system-out>
  </testcase>
  <testcase name="testSimpleTopicIdStrategyFindLatest" classname="io.apicurio.tests.serdes.apicurio.AvroSerdeIT" time="5.264">
    <system-out><![CDATA[2025-08-12 14:49:37,308 INFO  [io.api.tes.uti.TestSeparator] (main) ############################################################################
2025-08-12 14:49:37,308 INFO  [io.api.tes.uti.TestSeparator] (main) io.apicurio.tests.serdes.apicurio.AvroSerdeIT.testSimpleTopicIdStrategyFindLatest-STARTED
2025-08-12 14:49:37,311 INFO  [io.api.tes.ser.api.AvroSerdeIT] (main) Registering Avro Schema: {"type":"record","name":"myrecordapicurio1","fields":[{"name":"key11755010177308","type":"string"}]}
**** Registry Base URL: http://registry-app-pg17.apps.ci419.apicurio-testing.org:80
2025-08-12 14:49:38,464 INFO  [org.apa.kaf.cli.pro.ProducerConfig] (main) ProducerConfig values: 
	acks = -1
	auto.include.jmx.reporter = true
	batch.size = 16384
	bootstrap.servers = [PLAINTEXT://localhost:32769]
	buffer.memory = 33554432
	client.dns.lookup = use_all_dns_ips
	client.id = Producer-topic-70416462_7786_434f_84e0_edca8a9f1d3c
	compression.gzip.level = -1
	compression.lz4.level = 9
	compression.type = none
	compression.zstd.level = 3
	connections.max.idle.ms = 10000
	delivery.timeout.ms = 120000
	enable.idempotence = true
	enable.metrics.push = true
	interceptor.classes = []
	key.serializer = class org.apache.kafka.common.serialization.StringSerializer
	linger.ms = 0
	max.block.ms = 60000
	max.in.flight.requests.per.connection = 5
	max.request.size = 1048576
	metadata.max.age.ms = 300000
	metadata.max.idle.ms = 300000
	metadata.recovery.strategy = none
	metric.reporters = []
	metrics.num.samples = 2
	metrics.recording.level = INFO
	metrics.sample.window.ms = 30000
	partitioner.adaptive.partitioning.enable = true
	partitioner.availability.timeout.ms = 0
	partitioner.class = null
	partitioner.ignore.keys = false
	receive.buffer.bytes = 32768
	reconnect.backoff.max.ms = 1000
	reconnect.backoff.ms = 50
	request.timeout.ms = 5000
	retries = 2147483647
	retry.backoff.max.ms = 1000
	retry.backoff.ms = 100
	sasl.client.callback.handler.class = null
	sasl.jaas.config = null
	sasl.kerberos.kinit.cmd = /usr/bin/kinit
	sasl.kerberos.min.time.before.relogin = 60000
	sasl.kerberos.service.name = null
	sasl.kerberos.ticket.renew.jitter = 0.05
	sasl.kerberos.ticket.renew.window.factor = 0.8
	sasl.login.callback.handler.class = null
	sasl.login.class = null
	sasl.login.connect.timeout.ms = null
	sasl.login.read.timeout.ms = null
	sasl.login.refresh.buffer.seconds = 300
	sasl.login.refresh.min.period.seconds = 60
	sasl.login.refresh.window.factor = 0.8
	sasl.login.refresh.window.jitter = 0.05
	sasl.login.retry.backoff.max.ms = 10000
	sasl.login.retry.backoff.ms = 100
	sasl.mechanism = GSSAPI
	sasl.oauthbearer.clock.skew.seconds = 30
	sasl.oauthbearer.expected.audience = null
	sasl.oauthbearer.expected.issuer = null
	sasl.oauthbearer.header.urlencode = false
	sasl.oauthbearer.jwks.endpoint.refresh.ms = 3600000
	sasl.oauthbearer.jwks.endpoint.retry.backoff.max.ms = 10000
	sasl.oauthbearer.jwks.endpoint.retry.backoff.ms = 100
	sasl.oauthbearer.jwks.endpoint.url = null
	sasl.oauthbearer.scope.claim.name = scope
	sasl.oauthbearer.sub.claim.name = sub
	sasl.oauthbearer.token.endpoint.url = null
	security.protocol = PLAINTEXT
	security.providers = null
	send.buffer.bytes = 131072
	socket.connection.setup.timeout.max.ms = 30000
	socket.connection.setup.timeout.ms = 10000
	ssl.cipher.suites = null
	ssl.enabled.protocols = [TLSv1.2, TLSv1.3]
	ssl.endpoint.identification.algorithm = https
	ssl.engine.factory.class = null
	ssl.key.password = null
	ssl.keymanager.algorithm = SunX509
	ssl.keystore.certificate.chain = null
	ssl.keystore.key = null
	ssl.keystore.location = null
	ssl.keystore.password = null
	ssl.keystore.type = JKS
	ssl.protocol = TLSv1.3
	ssl.provider = null
	ssl.secure.random.implementation = null
	ssl.trustmanager.algorithm = PKIX
	ssl.truststore.certificates = null
	ssl.truststore.location = null
	ssl.truststore.password = null
	ssl.truststore.type = JKS
	transaction.timeout.ms = 60000
	transactional.id = null
	value.serializer = class io.apicurio.registry.serde.avro.AvroKafkaSerializer

2025-08-12 14:49:38,465 INFO  [org.apa.kaf.com.tel.int.KafkaMetricsCollector] (main) initializing Kafka metrics collector
2025-08-12 14:49:38,469 INFO  [org.apa.kaf.cli.pro.KafkaProducer] (main) [Producer clientId=Producer-topic-70416462_7786_434f_84e0_edca8a9f1d3c] Instantiated an idempotent producer.
2025-08-12 14:49:38,481 INFO  [org.apa.kaf.cli.pro.ProducerConfig] (main) These configurations '[apicurio.registry.find-latest, apicurio.registry.artifact.group-id, apicurio.registry.url, apicurio.registry.artifact-resolver-strategy]' were supplied but are not used yet.
2025-08-12 14:49:38,481 INFO  [org.apa.kaf.com.uti.AppInfoParser] (main) Kafka version: 3.9.1
2025-08-12 14:49:38,481 INFO  [org.apa.kaf.com.uti.AppInfoParser] (main) Kafka commitId: f745dfdcee2b9851
2025-08-12 14:49:38,481 INFO  [org.apa.kaf.com.uti.AppInfoParser] (main) Kafka startTimeMs: 1755010178481
2025-08-12 14:49:38,483 INFO  [io.api.tes.ser.api.SimpleSerdesTesterBuilder$SimpleSerdesTester] (main) Using producer configuration: {apicurio.registry.find-latest=true, apicurio.registry.artifact.group-id=topic-70416462_7786_434f_84e0_edca8a9f1d3c, apicurio.registry.url=http://registry-app-pg17.apps.ci419.apicurio-testing.org:80/apis/registry/v3, apicurio.registry.artifact-resolver-strategy=io.apicurio.registry.serde.strategy.SimpleTopicIdStrategy, value.serializer=io.apicurio.registry.serde.avro.AvroKafkaSerializer, request.timeout.ms=5000, acks=all, bootstrap.servers=PLAINTEXT://localhost:32769, connections.max.idle.ms=10000, key.serializer=org.apache.kafka.common.serialization.StringSerializer, client.id=Producer-topic-70416462_7786_434f_84e0_edca8a9f1d3c}
2025-08-12 14:49:38,483 INFO  [io.api.tes.ser.api.SimpleSerdesTesterBuilder$SimpleSerdesTester] (main) Using consumer configuration: {}
2025-08-12 14:49:38,484 INFO  [io.api.tes.ser.api.KafkaSerdesTester] (Thread-606) Sending message {"key11755010177308": "value-0"} to topic topic-70416462_7786_434f_84e0_edca8a9f1d3c
2025-08-12 14:49:38,487 INFO  [org.apa.kaf.cli.Metadata] (kafka-producer-network-thread | Producer-topic-70416462_7786_434f_84e0_edca8a9f1d3c) [Producer clientId=Producer-topic-70416462_7786_434f_84e0_edca8a9f1d3c] Cluster ID: 4oDFBklZQKWClKkNkfg_eQ
2025-08-12 14:49:38,488 INFO  [org.apa.kaf.cli.pro.int.TransactionManager] (kafka-producer-network-thread | Producer-topic-70416462_7786_434f_84e0_edca8a9f1d3c) [Producer clientId=Producer-topic-70416462_7786_434f_84e0_edca8a9f1d3c] ProducerId set to 1 with epoch 0
2025-08-12 14:49:38,753 INFO  [io.api.tes.ser.api.KafkaSerdesTester] (Thread-606) Sending message {"key11755010177308": "value-1"} to topic topic-70416462_7786_434f_84e0_edca8a9f1d3c
2025-08-12 14:49:38,756 INFO  [io.api.tes.ser.api.KafkaSerdesTester] (Thread-606) Sending message {"key11755010177308": "value-2"} to topic topic-70416462_7786_434f_84e0_edca8a9f1d3c
2025-08-12 14:49:38,759 INFO  [io.api.tes.ser.api.KafkaSerdesTester] (Thread-606) Sending message {"key11755010177308": "value-3"} to topic topic-70416462_7786_434f_84e0_edca8a9f1d3c
2025-08-12 14:49:38,761 INFO  [io.api.tes.ser.api.KafkaSerdesTester] (Thread-606) Sending message {"key11755010177308": "value-4"} to topic topic-70416462_7786_434f_84e0_edca8a9f1d3c
2025-08-12 14:49:38,763 INFO  [io.api.tes.ser.api.KafkaSerdesTester] (Thread-606) Sending message {"key11755010177308": "value-5"} to topic topic-70416462_7786_434f_84e0_edca8a9f1d3c
2025-08-12 14:49:38,766 INFO  [io.api.tes.ser.api.KafkaSerdesTester] (Thread-606) Sending message {"key11755010177308": "value-6"} to topic topic-70416462_7786_434f_84e0_edca8a9f1d3c
2025-08-12 14:49:38,769 INFO  [io.api.tes.ser.api.KafkaSerdesTester] (Thread-606) Sending message {"key11755010177308": "value-7"} to topic topic-70416462_7786_434f_84e0_edca8a9f1d3c
2025-08-12 14:49:38,772 INFO  [io.api.tes.ser.api.KafkaSerdesTester] (Thread-606) Sending message {"key11755010177308": "value-8"} to topic topic-70416462_7786_434f_84e0_edca8a9f1d3c
2025-08-12 14:49:38,775 INFO  [io.api.tes.ser.api.KafkaSerdesTester] (Thread-606) Sending message {"key11755010177308": "value-9"} to topic topic-70416462_7786_434f_84e0_edca8a9f1d3c
2025-08-12 14:49:38,778 INFO  [io.api.tes.ser.api.KafkaSerdesTester] (Thread-606) Produced 10 messages
2025-08-12 14:49:38,778 INFO  [org.apa.kaf.cli.pro.KafkaProducer] (Thread-606) [Producer clientId=Producer-topic-70416462_7786_434f_84e0_edca8a9f1d3c] Closing the Kafka producer with timeoutMillis = 9223372036854775807 ms.
2025-08-12 14:49:38,783 INFO  [org.apa.kaf.com.met.Metrics] (Thread-606) Metrics scheduler closed
2025-08-12 14:49:38,783 INFO  [org.apa.kaf.com.met.Metrics] (Thread-606) Closing reporter org.apache.kafka.common.metrics.JmxReporter
2025-08-12 14:49:38,783 INFO  [org.apa.kaf.com.met.Metrics] (Thread-606) Closing reporter org.apache.kafka.common.telemetry.internals.ClientTelemetryReporter
2025-08-12 14:49:38,783 INFO  [org.apa.kaf.com.met.Metrics] (Thread-606) Metrics reporters closed
2025-08-12 14:49:38,784 INFO  [org.apa.kaf.com.uti.AppInfoParser] (Thread-606) App info kafka.producer for Producer-topic-70416462_7786_434f_84e0_edca8a9f1d3c unregistered
**** Registry Base URL: http://registry-app-pg17.apps.ci419.apicurio-testing.org:80
2025-08-12 14:49:38,785 INFO  [org.apa.kaf.cli.con.ConsumerConfig] (main) ConsumerConfig values: 
	allow.auto.create.topics = true
	auto.commit.interval.ms = 500
	auto.include.jmx.reporter = true
	auto.offset.reset = earliest
	bootstrap.servers = [PLAINTEXT://localhost:32769]
	check.crcs = true
	client.dns.lookup = use_all_dns_ips
	client.id = consumer-Consumer-topic-70416462_7786_434f_84e0_edca8a9f1d3c-2
	client.rack = 
	connections.max.idle.ms = 10000
	default.api.timeout.ms = 60000
	enable.auto.commit = true
	enable.metrics.push = true
	exclude.internal.topics = true
	fetch.max.bytes = 52428800
	fetch.max.wait.ms = 500
	fetch.min.bytes = 1
	group.id = Consumer-topic-70416462_7786_434f_84e0_edca8a9f1d3c
	group.instance.id = null
	group.protocol = classic
	group.remote.assignor = null
	heartbeat.interval.ms = 3000
	interceptor.classes = []
	internal.leave.group.on.close = true
	internal.throw.on.fetch.stable.offset.unsupported = false
	isolation.level = read_uncommitted
	key.deserializer = class org.apache.kafka.common.serialization.StringDeserializer
	max.partition.fetch.bytes = 1048576
	max.poll.interval.ms = 300000
	max.poll.records = 500
	metadata.max.age.ms = 300000
	metadata.recovery.strategy = none
	metric.reporters = []
	metrics.num.samples = 2
	metrics.recording.level = INFO
	metrics.sample.window.ms = 30000
	partition.assignment.strategy = [class org.apache.kafka.clients.consumer.RangeAssignor, class org.apache.kafka.clients.consumer.CooperativeStickyAssignor]
	receive.buffer.bytes = 65536
	reconnect.backoff.max.ms = 1000
	reconnect.backoff.ms = 50
	request.timeout.ms = 5000
	retry.backoff.max.ms = 1000
	retry.backoff.ms = 100
	sasl.client.callback.handler.class = null
	sasl.jaas.config = null
	sasl.kerberos.kinit.cmd = /usr/bin/kinit
	sasl.kerberos.min.time.before.relogin = 60000
	sasl.kerberos.service.name = null
	sasl.kerberos.ticket.renew.jitter = 0.05
	sasl.kerberos.ticket.renew.window.factor = 0.8
	sasl.login.callback.handler.class = null
	sasl.login.class = null
	sasl.login.connect.timeout.ms = null
	sasl.login.read.timeout.ms = null
	sasl.login.refresh.buffer.seconds = 300
	sasl.login.refresh.min.period.seconds = 60
	sasl.login.refresh.window.factor = 0.8
	sasl.login.refresh.window.jitter = 0.05
	sasl.login.retry.backoff.max.ms = 10000
	sasl.login.retry.backoff.ms = 100
	sasl.mechanism = GSSAPI
	sasl.oauthbearer.clock.skew.seconds = 30
	sasl.oauthbearer.expected.audience = null
	sasl.oauthbearer.expected.issuer = null
	sasl.oauthbearer.header.urlencode = false
	sasl.oauthbearer.jwks.endpoint.refresh.ms = 3600000
	sasl.oauthbearer.jwks.endpoint.retry.backoff.max.ms = 10000
	sasl.oauthbearer.jwks.endpoint.retry.backoff.ms = 100
	sasl.oauthbearer.jwks.endpoint.url = null
	sasl.oauthbearer.scope.claim.name = scope
	sasl.oauthbearer.sub.claim.name = sub
	sasl.oauthbearer.token.endpoint.url = null
	security.protocol = PLAINTEXT
	security.providers = null
	send.buffer.bytes = 131072
	session.timeout.ms = 45000
	socket.connection.setup.timeout.max.ms = 30000
	socket.connection.setup.timeout.ms = 10000
	ssl.cipher.suites = null
	ssl.enabled.protocols = [TLSv1.2, TLSv1.3]
	ssl.endpoint.identification.algorithm = https
	ssl.engine.factory.class = null
	ssl.key.password = null
	ssl.keymanager.algorithm = SunX509
	ssl.keystore.certificate.chain = null
	ssl.keystore.key = null
	ssl.keystore.location = null
	ssl.keystore.password = null
	ssl.keystore.type = JKS
	ssl.protocol = TLSv1.3
	ssl.provider = null
	ssl.secure.random.implementation = null
	ssl.trustmanager.algorithm = PKIX
	ssl.truststore.certificates = null
	ssl.truststore.location = null
	ssl.truststore.password = null
	ssl.truststore.type = JKS
	value.deserializer = class io.apicurio.registry.serde.avro.AvroKafkaDeserializer

2025-08-12 14:49:38,785 INFO  [org.apa.kaf.com.tel.int.KafkaMetricsCollector] (main) initializing Kafka metrics collector
2025-08-12 14:49:38,800 INFO  [org.apa.kaf.cli.con.ConsumerConfig] (main) These configurations '[apicurio.registry.url]' were supplied but are not used yet.
2025-08-12 14:49:38,800 INFO  [org.apa.kaf.com.uti.AppInfoParser] (main) Kafka version: 3.9.1
2025-08-12 14:49:38,800 INFO  [org.apa.kaf.com.uti.AppInfoParser] (main) Kafka commitId: f745dfdcee2b9851
2025-08-12 14:49:38,800 INFO  [org.apa.kaf.com.uti.AppInfoParser] (main) Kafka startTimeMs: 1755010178800
2025-08-12 14:49:38,802 INFO  [org.apa.kaf.cli.con.int.ClassicKafkaConsumer] (Thread-609) [Consumer clientId=consumer-Consumer-topic-70416462_7786_434f_84e0_edca8a9f1d3c-2, groupId=Consumer-topic-70416462_7786_434f_84e0_edca8a9f1d3c] Subscribed to topic(s): topic-70416462_7786_434f_84e0_edca8a9f1d3c
2025-08-12 14:49:38,811 INFO  [org.apa.kaf.cli.Metadata] (Thread-609) [Consumer clientId=consumer-Consumer-topic-70416462_7786_434f_84e0_edca8a9f1d3c-2, groupId=Consumer-topic-70416462_7786_434f_84e0_edca8a9f1d3c] Cluster ID: 4oDFBklZQKWClKkNkfg_eQ
2025-08-12 14:49:38,813 INFO  [org.apa.kaf.cli.con.int.ConsumerCoordinator] (Thread-609) [Consumer clientId=consumer-Consumer-topic-70416462_7786_434f_84e0_edca8a9f1d3c-2, groupId=Consumer-topic-70416462_7786_434f_84e0_edca8a9f1d3c] Discovered group coordinator localhost:32769 (id: 2147483647 rack: null)
2025-08-12 14:49:38,815 INFO  [org.apa.kaf.cli.con.int.ConsumerCoordinator] (Thread-609) [Consumer clientId=consumer-Consumer-topic-70416462_7786_434f_84e0_edca8a9f1d3c-2, groupId=Consumer-topic-70416462_7786_434f_84e0_edca8a9f1d3c] (Re-)joining group
2025-08-12 14:49:38,825 INFO  [org.apa.kaf.cli.con.int.ConsumerCoordinator] (Thread-609) [Consumer clientId=consumer-Consumer-topic-70416462_7786_434f_84e0_edca8a9f1d3c-2, groupId=Consumer-topic-70416462_7786_434f_84e0_edca8a9f1d3c] Request joining group due to: need to re-join with the given member-id: consumer-Consumer-topic-70416462_7786_434f_84e0_edca8a9f1d3c-2-9dd5d068-0887-4e85-ae57-5dec5826081f
2025-08-12 14:49:38,825 INFO  [org.apa.kaf.cli.con.int.ConsumerCoordinator] (Thread-609) [Consumer clientId=consumer-Consumer-topic-70416462_7786_434f_84e0_edca8a9f1d3c-2, groupId=Consumer-topic-70416462_7786_434f_84e0_edca8a9f1d3c] (Re-)joining group
2025-08-12 14:49:39,802 INFO  [io.api.tes.ser.api.KafkaSerdesTester] (Thread-609) None found
2025-08-12 14:49:40,802 INFO  [io.api.tes.ser.api.KafkaSerdesTester] (Thread-609) None found
2025-08-12 14:49:41,804 INFO  [io.api.tes.ser.api.KafkaSerdesTester] (Thread-609) None found
2025-08-12 14:49:41,830 INFO  [org.apa.kaf.cli.con.int.ConsumerCoordinator] (Thread-609) [Consumer clientId=consumer-Consumer-topic-70416462_7786_434f_84e0_edca8a9f1d3c-2, groupId=Consumer-topic-70416462_7786_434f_84e0_edca8a9f1d3c] Successfully joined group with generation Generation{generationId=1, memberId='consumer-Consumer-topic-70416462_7786_434f_84e0_edca8a9f1d3c-2-9dd5d068-0887-4e85-ae57-5dec5826081f', protocol='range'}
2025-08-12 14:49:41,831 INFO  [org.apa.kaf.cli.con.int.ConsumerCoordinator] (Thread-609) [Consumer clientId=consumer-Consumer-topic-70416462_7786_434f_84e0_edca8a9f1d3c-2, groupId=Consumer-topic-70416462_7786_434f_84e0_edca8a9f1d3c] Finished assignment for group at generation 1: {consumer-Consumer-topic-70416462_7786_434f_84e0_edca8a9f1d3c-2-9dd5d068-0887-4e85-ae57-5dec5826081f=Assignment(partitions=[topic-70416462_7786_434f_84e0_edca8a9f1d3c-0])}
2025-08-12 14:49:41,839 INFO  [org.apa.kaf.cli.con.int.ConsumerCoordinator] (Thread-609) [Consumer clientId=consumer-Consumer-topic-70416462_7786_434f_84e0_edca8a9f1d3c-2, groupId=Consumer-topic-70416462_7786_434f_84e0_edca8a9f1d3c] Successfully synced group in generation Generation{generationId=1, memberId='consumer-Consumer-topic-70416462_7786_434f_84e0_edca8a9f1d3c-2-9dd5d068-0887-4e85-ae57-5dec5826081f', protocol='range'}
2025-08-12 14:49:41,839 INFO  [org.apa.kaf.cli.con.int.ConsumerCoordinator] (Thread-609) [Consumer clientId=consumer-Consumer-topic-70416462_7786_434f_84e0_edca8a9f1d3c-2, groupId=Consumer-topic-70416462_7786_434f_84e0_edca8a9f1d3c] Notifying assignor about the new Assignment(partitions=[topic-70416462_7786_434f_84e0_edca8a9f1d3c-0])
2025-08-12 14:49:41,839 INFO  [org.apa.kaf.cli.con.int.ConsumerRebalanceListenerInvoker] (Thread-609) [Consumer clientId=consumer-Consumer-topic-70416462_7786_434f_84e0_edca8a9f1d3c-2, groupId=Consumer-topic-70416462_7786_434f_84e0_edca8a9f1d3c] Adding newly assigned partitions: topic-70416462_7786_434f_84e0_edca8a9f1d3c-0
2025-08-12 14:49:41,841 INFO  [org.apa.kaf.cli.con.int.ConsumerCoordinator] (Thread-609) [Consumer clientId=consumer-Consumer-topic-70416462_7786_434f_84e0_edca8a9f1d3c-2, groupId=Consumer-topic-70416462_7786_434f_84e0_edca8a9f1d3c] Found no committed offset for partition topic-70416462_7786_434f_84e0_edca8a9f1d3c-0
2025-08-12 14:49:41,851 INFO  [org.apa.kaf.cli.con.int.SubscriptionState] (Thread-609) [Consumer clientId=consumer-Consumer-topic-70416462_7786_434f_84e0_edca8a9f1d3c-2, groupId=Consumer-topic-70416462_7786_434f_84e0_edca8a9f1d3c] Resetting offset for partition topic-70416462_7786_434f_84e0_edca8a9f1d3c-0 to position FetchPosition{offset=0, offsetEpoch=Optional.empty, currentLeader=LeaderAndEpoch{leader=Optional[localhost:32769 (id: 0 rack: null)], epoch=0}}.
2025-08-12 14:49:42,056 INFO  [io.api.tes.ser.api.KafkaSerdesTester] (Thread-609) topic-70416462_7786_434f_84e0_edca8a9f1d3c 0 0 {"key11755010177308": "value-0"}
2025-08-12 14:49:42,057 INFO  [io.api.tes.ser.api.KafkaSerdesTester] (Thread-609) topic-70416462_7786_434f_84e0_edca8a9f1d3c 0 1 {"key11755010177308": "value-1"}
2025-08-12 14:49:42,057 INFO  [io.api.tes.ser.api.KafkaSerdesTester] (Thread-609) topic-70416462_7786_434f_84e0_edca8a9f1d3c 0 2 {"key11755010177308": "value-2"}
2025-08-12 14:49:42,057 INFO  [io.api.tes.ser.api.KafkaSerdesTester] (Thread-609) topic-70416462_7786_434f_84e0_edca8a9f1d3c 0 3 {"key11755010177308": "value-3"}
2025-08-12 14:49:42,057 INFO  [io.api.tes.ser.api.KafkaSerdesTester] (Thread-609) topic-70416462_7786_434f_84e0_edca8a9f1d3c 0 4 {"key11755010177308": "value-4"}
2025-08-12 14:49:42,057 INFO  [io.api.tes.ser.api.KafkaSerdesTester] (Thread-609) topic-70416462_7786_434f_84e0_edca8a9f1d3c 0 5 {"key11755010177308": "value-5"}
2025-08-12 14:49:42,057 INFO  [io.api.tes.ser.api.KafkaSerdesTester] (Thread-609) topic-70416462_7786_434f_84e0_edca8a9f1d3c 0 6 {"key11755010177308": "value-6"}
2025-08-12 14:49:42,057 INFO  [io.api.tes.ser.api.KafkaSerdesTester] (Thread-609) topic-70416462_7786_434f_84e0_edca8a9f1d3c 0 7 {"key11755010177308": "value-7"}
2025-08-12 14:49:42,057 INFO  [io.api.tes.ser.api.KafkaSerdesTester] (Thread-609) topic-70416462_7786_434f_84e0_edca8a9f1d3c 0 8 {"key11755010177308": "value-8"}
2025-08-12 14:49:42,058 INFO  [io.api.tes.ser.api.KafkaSerdesTester] (Thread-609) topic-70416462_7786_434f_84e0_edca8a9f1d3c 0 9 {"key11755010177308": "value-9"}
2025-08-12 14:49:42,058 INFO  [io.api.tes.ser.api.KafkaSerdesTester] (Thread-609) Consumed 10 messages
2025-08-12 14:49:42,068 INFO  [org.apa.kaf.cli.con.int.ConsumerRebalanceListenerInvoker] (Thread-609) [Consumer clientId=consumer-Consumer-topic-70416462_7786_434f_84e0_edca8a9f1d3c-2, groupId=Consumer-topic-70416462_7786_434f_84e0_edca8a9f1d3c] Revoke previously assigned partitions topic-70416462_7786_434f_84e0_edca8a9f1d3c-0
2025-08-12 14:49:42,069 INFO  [org.apa.kaf.cli.con.int.ConsumerCoordinator] (Thread-609) [Consumer clientId=consumer-Consumer-topic-70416462_7786_434f_84e0_edca8a9f1d3c-2, groupId=Consumer-topic-70416462_7786_434f_84e0_edca8a9f1d3c] Member consumer-Consumer-topic-70416462_7786_434f_84e0_edca8a9f1d3c-2-9dd5d068-0887-4e85-ae57-5dec5826081f sending LeaveGroup request to coordinator localhost:32769 (id: 2147483647 rack: null) due to the consumer is being closed
2025-08-12 14:49:42,069 INFO  [org.apa.kaf.cli.con.int.ConsumerCoordinator] (Thread-609) [Consumer clientId=consumer-Consumer-topic-70416462_7786_434f_84e0_edca8a9f1d3c-2, groupId=Consumer-topic-70416462_7786_434f_84e0_edca8a9f1d3c] Resetting generation and member id due to: consumer pro-actively leaving the group
2025-08-12 14:49:42,069 INFO  [org.apa.kaf.cli.con.int.ConsumerCoordinator] (Thread-609) [Consumer clientId=consumer-Consumer-topic-70416462_7786_434f_84e0_edca8a9f1d3c-2, groupId=Consumer-topic-70416462_7786_434f_84e0_edca8a9f1d3c] Request joining group due to: consumer pro-actively leaving the group
2025-08-12 14:49:42,563 INFO  [org.apa.kaf.com.met.Metrics] (Thread-609) Metrics scheduler closed
2025-08-12 14:49:42,563 INFO  [org.apa.kaf.com.met.Metrics] (Thread-609) Closing reporter org.apache.kafka.common.metrics.JmxReporter
2025-08-12 14:49:42,563 INFO  [org.apa.kaf.com.met.Metrics] (Thread-609) Closing reporter org.apache.kafka.common.telemetry.internals.ClientTelemetryReporter
2025-08-12 14:49:42,564 INFO  [org.apa.kaf.com.met.Metrics] (Thread-609) Metrics reporters closed
2025-08-12 14:49:42,568 INFO  [org.apa.kaf.com.uti.AppInfoParser] (Thread-609) App info kafka.consumer for consumer-Consumer-topic-70416462_7786_434f_84e0_edca8a9f1d3c-2 unregistered
2025-08-12 14:49:42,570 INFO  [io.api.tes.uti.TestSeparator] (main) io.apicurio.tests.serdes.apicurio.AvroSerdeIT.testSimpleTopicIdStrategyFindLatest-FINISHED
2025-08-12 14:49:42,570 INFO  [io.api.tes.uti.TestSeparator] (main) ############################################################################
Test passed: testSimpleTopicIdStrategyFindLatest
]]></system-out>
  </testcase>
  <testcase name="testWrongSchema" classname="io.apicurio.tests.serdes.apicurio.AvroSerdeIT" time="1.318">
    <system-out><![CDATA[2025-08-12 14:49:42,572 INFO  [io.api.tes.uti.TestSeparator] (main) ############################################################################
2025-08-12 14:49:42,572 INFO  [io.api.tes.uti.TestSeparator] (main) io.apicurio.tests.serdes.apicurio.AvroSerdeIT.testWrongSchema-STARTED
**** Registry Base URL: http://registry-app-pg17.apps.ci419.apicurio-testing.org:80
2025-08-12 14:49:43,725 INFO  [org.apa.kaf.cli.pro.ProducerConfig] (main) ProducerConfig values: 
	acks = -1
	auto.include.jmx.reporter = true
	batch.size = 16384
	bootstrap.servers = [PLAINTEXT://localhost:32769]
	buffer.memory = 33554432
	client.dns.lookup = use_all_dns_ips
	client.id = Producer-sc7b5d648x007fx44cfx95e4x1ed504870df9
	compression.gzip.level = -1
	compression.lz4.level = 9
	compression.type = none
	compression.zstd.level = 3
	connections.max.idle.ms = 10000
	delivery.timeout.ms = 120000
	enable.idempotence = true
	enable.metrics.push = true
	interceptor.classes = []
	key.serializer = class org.apache.kafka.common.serialization.StringSerializer
	linger.ms = 0
	max.block.ms = 60000
	max.in.flight.requests.per.connection = 5
	max.request.size = 1048576
	metadata.max.age.ms = 300000
	metadata.max.idle.ms = 300000
	metadata.recovery.strategy = none
	metric.reporters = []
	metrics.num.samples = 2
	metrics.recording.level = INFO
	metrics.sample.window.ms = 30000
	partitioner.adaptive.partitioning.enable = true
	partitioner.availability.timeout.ms = 0
	partitioner.class = null
	partitioner.ignore.keys = false
	receive.buffer.bytes = 32768
	reconnect.backoff.max.ms = 1000
	reconnect.backoff.ms = 50
	request.timeout.ms = 5000
	retries = 2147483647
	retry.backoff.max.ms = 1000
	retry.backoff.ms = 100
	sasl.client.callback.handler.class = null
	sasl.jaas.config = null
	sasl.kerberos.kinit.cmd = /usr/bin/kinit
	sasl.kerberos.min.time.before.relogin = 60000
	sasl.kerberos.service.name = null
	sasl.kerberos.ticket.renew.jitter = 0.05
	sasl.kerberos.ticket.renew.window.factor = 0.8
	sasl.login.callback.handler.class = null
	sasl.login.class = null
	sasl.login.connect.timeout.ms = null
	sasl.login.read.timeout.ms = null
	sasl.login.refresh.buffer.seconds = 300
	sasl.login.refresh.min.period.seconds = 60
	sasl.login.refresh.window.factor = 0.8
	sasl.login.refresh.window.jitter = 0.05
	sasl.login.retry.backoff.max.ms = 10000
	sasl.login.retry.backoff.ms = 100
	sasl.mechanism = GSSAPI
	sasl.oauthbearer.clock.skew.seconds = 30
	sasl.oauthbearer.expected.audience = null
	sasl.oauthbearer.expected.issuer = null
	sasl.oauthbearer.header.urlencode = false
	sasl.oauthbearer.jwks.endpoint.refresh.ms = 3600000
	sasl.oauthbearer.jwks.endpoint.retry.backoff.max.ms = 10000
	sasl.oauthbearer.jwks.endpoint.retry.backoff.ms = 100
	sasl.oauthbearer.jwks.endpoint.url = null
	sasl.oauthbearer.scope.claim.name = scope
	sasl.oauthbearer.sub.claim.name = sub
	sasl.oauthbearer.token.endpoint.url = null
	security.protocol = PLAINTEXT
	security.providers = null
	send.buffer.bytes = 131072
	socket.connection.setup.timeout.max.ms = 30000
	socket.connection.setup.timeout.ms = 10000
	ssl.cipher.suites = null
	ssl.enabled.protocols = [TLSv1.2, TLSv1.3]
	ssl.endpoint.identification.algorithm = https
	ssl.engine.factory.class = null
	ssl.key.password = null
	ssl.keymanager.algorithm = SunX509
	ssl.keystore.certificate.chain = null
	ssl.keystore.key = null
	ssl.keystore.location = null
	ssl.keystore.password = null
	ssl.keystore.type = JKS
	ssl.protocol = TLSv1.3
	ssl.provider = null
	ssl.secure.random.implementation = null
	ssl.trustmanager.algorithm = PKIX
	ssl.truststore.certificates = null
	ssl.truststore.location = null
	ssl.truststore.password = null
	ssl.truststore.type = JKS
	transaction.timeout.ms = 60000
	transactional.id = null
	value.serializer = class io.apicurio.registry.serde.avro.AvroKafkaSerializer

2025-08-12 14:49:43,726 INFO  [org.apa.kaf.com.tel.int.KafkaMetricsCollector] (main) initializing Kafka metrics collector
2025-08-12 14:49:43,729 INFO  [org.apa.kaf.cli.pro.KafkaProducer] (main) [Producer clientId=Producer-sc7b5d648x007fx44cfx95e4x1ed504870df9] Instantiated an idempotent producer.
2025-08-12 14:49:43,733 INFO  [org.apa.kaf.cli.pro.ProducerConfig] (main) These configurations '[apicurio.registry.find-latest, apicurio.registry.url, apicurio.registry.artifact-resolver-strategy]' were supplied but are not used yet.
2025-08-12 14:49:43,733 INFO  [org.apa.kaf.com.uti.AppInfoParser] (main) Kafka version: 3.9.1
2025-08-12 14:49:43,733 INFO  [org.apa.kaf.com.uti.AppInfoParser] (main) Kafka commitId: f745dfdcee2b9851
2025-08-12 14:49:43,733 INFO  [org.apa.kaf.com.uti.AppInfoParser] (main) Kafka startTimeMs: 1755010183733
2025-08-12 14:49:43,737 INFO  [io.api.tes.ser.api.KafkaSerdesTester] (Thread-612) Sending message {"keyB": "value-0"} to topic sc7b5d648x007fx44cfx95e4x1ed504870df9
2025-08-12 14:49:43,742 INFO  [org.apa.kaf.cli.Metadata] (kafka-producer-network-thread | Producer-sc7b5d648x007fx44cfx95e4x1ed504870df9) [Producer clientId=Producer-sc7b5d648x007fx44cfx95e4x1ed504870df9] Cluster ID: 4oDFBklZQKWClKkNkfg_eQ
2025-08-12 14:49:43,747 INFO  [org.apa.kaf.cli.pro.int.TransactionManager] (kafka-producer-network-thread | Producer-sc7b5d648x007fx44cfx95e4x1ed504870df9) [Producer clientId=Producer-sc7b5d648x007fx44cfx95e4x1ed504870df9] ProducerId set to 2 with epoch 0
2025-08-12 14:49:43,882 INFO  [org.apa.kaf.cli.pro.KafkaProducer] (Thread-612) [Producer clientId=Producer-sc7b5d648x007fx44cfx95e4x1ed504870df9] Closing the Kafka producer with timeoutMillis = 9223372036854775807 ms.
2025-08-12 14:49:43,886 INFO  [org.apa.kaf.com.met.Metrics] (Thread-612) Metrics scheduler closed
2025-08-12 14:49:43,886 INFO  [org.apa.kaf.com.met.Metrics] (Thread-612) Closing reporter org.apache.kafka.common.metrics.JmxReporter
2025-08-12 14:49:43,886 INFO  [org.apa.kaf.com.met.Metrics] (Thread-612) Closing reporter org.apache.kafka.common.telemetry.internals.ClientTelemetryReporter
2025-08-12 14:49:43,886 INFO  [org.apa.kaf.com.met.Metrics] (Thread-612) Metrics reporters closed
2025-08-12 14:49:43,887 INFO  [org.apa.kaf.com.uti.AppInfoParser] (Thread-612) App info kafka.producer for Producer-sc7b5d648x007fx44cfx95e4x1ed504870df9 unregistered
2025-08-12 14:49:43,888 INFO  [io.api.tes.uti.TestSeparator] (main) io.apicurio.tests.serdes.apicurio.AvroSerdeIT.testWrongSchema-FINISHED
2025-08-12 14:49:43,888 INFO  [io.api.tes.uti.TestSeparator] (main) ############################################################################
Test passed: testWrongSchema
]]></system-out>
    <system-err><![CDATA[io.apicurio.registry.rest.client.models.ProblemDetails
	at io.apicurio.registry.rest.client.models.ProblemDetails.createFromDiscriminatorValue(ProblemDetails.java:58)
	at io.kiota.serialization.json.JsonParseNode.getObjectValue(JsonParseNode.java:247)
	at io.kiota.http.vertx.VertXRequestAdapter.lambda$throwIfFailedResponse$0(VertXRequestAdapter.java:400)
	at com.microsoft.kiota.ApiExceptionBuilder.<init>(ApiExceptionBuilder.java:26)
	at io.kiota.http.vertx.VertXRequestAdapter.throwIfFailedResponse(VertXRequestAdapter.java:399)
	at io.kiota.http.vertx.VertXRequestAdapter.send(VertXRequestAdapter.java:170)
	at io.apicurio.registry.rest.client.groups.item.artifacts.item.versions.item.WithVersionExpressionItemRequestBuilder.get(WithVersionExpressionItemRequestBuilder.java:128)
	at io.apicurio.registry.rest.client.groups.item.artifacts.item.versions.item.WithVersionExpressionItemRequestBuilder.get(WithVersionExpressionItemRequestBuilder.java:111)
	at io.apicurio.registry.resolver.client.RegistryClientFacadeImpl.getVersionCoordinatesByGAV(RegistryClientFacadeImpl.java:159)
	at io.apicurio.registry.resolver.DefaultSchemaResolver.resolveByCoordinates(DefaultSchemaResolver.java:352)
	at io.apicurio.registry.resolver.DefaultSchemaResolver.lambda$resolveSchemaByArtifactReferenceCached$6(DefaultSchemaResolver.java:340)
	at io.apicurio.registry.resolver.cache.ERCache.lambda$getValue$0(ERCache.java:174)
	at io.apicurio.registry.resolver.cache.ERCache.retry(ERCache.java:227)
	at io.apicurio.registry.resolver.cache.ERCache.getValue(ERCache.java:173)
	at io.apicurio.registry.resolver.cache.ERCache.getByArtifactCoordinates(ERCache.java:158)
	at io.apicurio.registry.resolver.DefaultSchemaResolver.resolveSchemaByArtifactReferenceCached(DefaultSchemaResolver.java:338)
	at io.apicurio.registry.resolver.DefaultSchemaResolver.resolveSchemaByCoordinates(DefaultSchemaResolver.java:193)
	at io.apicurio.registry.resolver.DefaultSchemaResolver.getSchemaFromRegistry(DefaultSchemaResolver.java:130)
	at io.apicurio.registry.resolver.DefaultSchemaResolver.lambda$resolveSchema$0(DefaultSchemaResolver.java:84)
	at java.base/java.util.Optional.orElseGet(Optional.java:364)
	at io.apicurio.registry.resolver.DefaultSchemaResolver.resolveSchema(DefaultSchemaResolver.java:84)
	at io.apicurio.registry.serde.AbstractSerializer.serializeData(AbstractSerializer.java:62)
	at io.apicurio.registry.serde.KafkaSerializer.serialize(KafkaSerializer.java:77)
	at org.apache.kafka.clients.producer.KafkaProducer.doSend(KafkaProducer.java:1046)
	at org.apache.kafka.clients.producer.KafkaProducer.send(KafkaProducer.java:993)
	at org.apache.kafka.clients.producer.KafkaProducer.send(KafkaProducer.java:875)
	at io.apicurio.tests.serdes.apicurio.KafkaSerdesTester.lambda$produceMessages$3(KafkaSerdesTester.java:138)
	at java.base/java.util.concurrent.CompletableFuture$AsyncSupply.run(CompletableFuture.java:1768)
	at java.base/java.lang.Thread.run(Thread.java:840)
]]></system-err>
  </testcase>
  <testcase name="testAvroJSON" classname="io.apicurio.tests.serdes.apicurio.AvroSerdeIT" time="4.2">
    <system-out><![CDATA[2025-08-12 14:49:43,891 INFO  [io.api.tes.uti.TestSeparator] (main) ############################################################################
2025-08-12 14:49:43,892 INFO  [io.api.tes.uti.TestSeparator] (main) io.apicurio.tests.serdes.apicurio.AvroSerdeIT.testAvroJSON-STARTED
**** Registry Base URL: http://registry-app-pg17.apps.ci419.apicurio-testing.org:80
2025-08-12 14:49:43,899 INFO  [org.apa.kaf.cli.pro.ProducerConfig] (main) ProducerConfig values: 
	acks = -1
	auto.include.jmx.reporter = true
	batch.size = 16384
	bootstrap.servers = [PLAINTEXT://localhost:32769]
	buffer.memory = 33554432
	client.dns.lookup = use_all_dns_ips
	client.id = Producer-topic-04d98e8e_c051_4331_8a7e_5bbdfc167163
	compression.gzip.level = -1
	compression.lz4.level = 9
	compression.type = none
	compression.zstd.level = 3
	connections.max.idle.ms = 10000
	delivery.timeout.ms = 120000
	enable.idempotence = true
	enable.metrics.push = true
	interceptor.classes = []
	key.serializer = class org.apache.kafka.common.serialization.StringSerializer
	linger.ms = 0
	max.block.ms = 60000
	max.in.flight.requests.per.connection = 5
	max.request.size = 1048576
	metadata.max.age.ms = 300000
	metadata.max.idle.ms = 300000
	metadata.recovery.strategy = none
	metric.reporters = []
	metrics.num.samples = 2
	metrics.recording.level = INFO
	metrics.sample.window.ms = 30000
	partitioner.adaptive.partitioning.enable = true
	partitioner.availability.timeout.ms = 0
	partitioner.class = null
	partitioner.ignore.keys = false
	receive.buffer.bytes = 32768
	reconnect.backoff.max.ms = 1000
	reconnect.backoff.ms = 50
	request.timeout.ms = 5000
	retries = 2147483647
	retry.backoff.max.ms = 1000
	retry.backoff.ms = 100
	sasl.client.callback.handler.class = null
	sasl.jaas.config = null
	sasl.kerberos.kinit.cmd = /usr/bin/kinit
	sasl.kerberos.min.time.before.relogin = 60000
	sasl.kerberos.service.name = null
	sasl.kerberos.ticket.renew.jitter = 0.05
	sasl.kerberos.ticket.renew.window.factor = 0.8
	sasl.login.callback.handler.class = null
	sasl.login.class = null
	sasl.login.connect.timeout.ms = null
	sasl.login.read.timeout.ms = null
	sasl.login.refresh.buffer.seconds = 300
	sasl.login.refresh.min.period.seconds = 60
	sasl.login.refresh.window.factor = 0.8
	sasl.login.refresh.window.jitter = 0.05
	sasl.login.retry.backoff.max.ms = 10000
	sasl.login.retry.backoff.ms = 100
	sasl.mechanism = GSSAPI
	sasl.oauthbearer.clock.skew.seconds = 30
	sasl.oauthbearer.expected.audience = null
	sasl.oauthbearer.expected.issuer = null
	sasl.oauthbearer.header.urlencode = false
	sasl.oauthbearer.jwks.endpoint.refresh.ms = 3600000
	sasl.oauthbearer.jwks.endpoint.retry.backoff.max.ms = 10000
	sasl.oauthbearer.jwks.endpoint.retry.backoff.ms = 100
	sasl.oauthbearer.jwks.endpoint.url = null
	sasl.oauthbearer.scope.claim.name = scope
	sasl.oauthbearer.sub.claim.name = sub
	sasl.oauthbearer.token.endpoint.url = null
	security.protocol = PLAINTEXT
	security.providers = null
	send.buffer.bytes = 131072
	socket.connection.setup.timeout.max.ms = 30000
	socket.connection.setup.timeout.ms = 10000
	ssl.cipher.suites = null
	ssl.enabled.protocols = [TLSv1.2, TLSv1.3]
	ssl.endpoint.identification.algorithm = https
	ssl.engine.factory.class = null
	ssl.key.password = null
	ssl.keymanager.algorithm = SunX509
	ssl.keystore.certificate.chain = null
	ssl.keystore.key = null
	ssl.keystore.location = null
	ssl.keystore.password = null
	ssl.keystore.type = JKS
	ssl.protocol = TLSv1.3
	ssl.provider = null
	ssl.secure.random.implementation = null
	ssl.trustmanager.algorithm = PKIX
	ssl.truststore.certificates = null
	ssl.truststore.location = null
	ssl.truststore.password = null
	ssl.truststore.type = JKS
	transaction.timeout.ms = 60000
	transactional.id = null
	value.serializer = class io.apicurio.registry.serde.avro.AvroKafkaSerializer

2025-08-12 14:49:43,900 INFO  [org.apa.kaf.com.tel.int.KafkaMetricsCollector] (main) initializing Kafka metrics collector
2025-08-12 14:49:43,913 INFO  [org.apa.kaf.cli.pro.KafkaProducer] (main) [Producer clientId=Producer-topic-04d98e8e_c051_4331_8a7e_5bbdfc167163] Instantiated an idempotent producer.
2025-08-12 14:49:43,933 INFO  [org.apa.kaf.cli.pro.ProducerConfig] (main) These configurations '[apicurio.registry.avro.encoding, apicurio.registry.url, apicurio.registry.auto-register, apicurio.registry.artifact-resolver-strategy]' were supplied but are not used yet.
2025-08-12 14:49:43,933 INFO  [org.apa.kaf.com.uti.AppInfoParser] (main) Kafka version: 3.9.1
2025-08-12 14:49:43,934 INFO  [org.apa.kaf.com.uti.AppInfoParser] (main) Kafka commitId: f745dfdcee2b9851
2025-08-12 14:49:43,934 INFO  [org.apa.kaf.com.uti.AppInfoParser] (main) Kafka startTimeMs: 1755010183933
2025-08-12 14:49:43,934 INFO  [io.api.tes.ser.api.SimpleSerdesTesterBuilder$SimpleSerdesTester] (main) Using producer configuration: {apicurio.registry.avro.encoding=JSON, apicurio.registry.url=http://registry-app-pg17.apps.ci419.apicurio-testing.org:80/apis/registry/v3, apicurio.registry.auto-register=true, apicurio.registry.artifact-resolver-strategy=io.apicurio.registry.serde.strategy.TopicIdStrategy, value.serializer=io.apicurio.registry.serde.avro.AvroKafkaSerializer, request.timeout.ms=5000, acks=all, bootstrap.servers=PLAINTEXT://localhost:32769, connections.max.idle.ms=10000, key.serializer=org.apache.kafka.common.serialization.StringSerializer, client.id=Producer-topic-04d98e8e_c051_4331_8a7e_5bbdfc167163}
2025-08-12 14:49:43,934 INFO  [io.api.tes.ser.api.SimpleSerdesTesterBuilder$SimpleSerdesTester] (main) Using consumer configuration: {apicurio.registry.avro.encoding=JSON}
2025-08-12 14:49:43,936 INFO  [io.api.tes.ser.api.KafkaSerdesTester] (Thread-615) Sending message {"bar": "value-0"} to topic topic-04d98e8e_c051_4331_8a7e_5bbdfc167163
2025-08-12 14:49:43,950 INFO  [org.apa.kaf.cli.Metadata] (kafka-producer-network-thread | Producer-topic-04d98e8e_c051_4331_8a7e_5bbdfc167163) [Producer clientId=Producer-topic-04d98e8e_c051_4331_8a7e_5bbdfc167163] Cluster ID: 4oDFBklZQKWClKkNkfg_eQ
2025-08-12 14:49:43,953 INFO  [org.apa.kaf.cli.pro.int.TransactionManager] (kafka-producer-network-thread | Producer-topic-04d98e8e_c051_4331_8a7e_5bbdfc167163) [Producer clientId=Producer-topic-04d98e8e_c051_4331_8a7e_5bbdfc167163] ProducerId set to 3 with epoch 0
2025-08-12 14:49:44,127 INFO  [io.api.tes.ser.api.KafkaSerdesTester] (Thread-615) Sending message {"bar": "value-1"} to topic topic-04d98e8e_c051_4331_8a7e_5bbdfc167163
2025-08-12 14:49:44,130 INFO  [io.api.tes.ser.api.KafkaSerdesTester] (Thread-615) Sending message {"bar": "value-2"} to topic topic-04d98e8e_c051_4331_8a7e_5bbdfc167163
2025-08-12 14:49:44,133 INFO  [io.api.tes.ser.api.KafkaSerdesTester] (Thread-615) Sending message {"bar": "value-3"} to topic topic-04d98e8e_c051_4331_8a7e_5bbdfc167163
2025-08-12 14:49:44,136 INFO  [io.api.tes.ser.api.KafkaSerdesTester] (Thread-615) Sending message {"bar": "value-4"} to topic topic-04d98e8e_c051_4331_8a7e_5bbdfc167163
2025-08-12 14:49:44,138 INFO  [io.api.tes.ser.api.KafkaSerdesTester] (Thread-615) Sending message {"bar": "value-5"} to topic topic-04d98e8e_c051_4331_8a7e_5bbdfc167163
2025-08-12 14:49:44,141 INFO  [io.api.tes.ser.api.KafkaSerdesTester] (Thread-615) Sending message {"bar": "value-6"} to topic topic-04d98e8e_c051_4331_8a7e_5bbdfc167163
2025-08-12 14:49:44,143 INFO  [io.api.tes.ser.api.KafkaSerdesTester] (Thread-615) Sending message {"bar": "value-7"} to topic topic-04d98e8e_c051_4331_8a7e_5bbdfc167163
2025-08-12 14:49:44,146 INFO  [io.api.tes.ser.api.KafkaSerdesTester] (Thread-615) Sending message {"bar": "value-8"} to topic topic-04d98e8e_c051_4331_8a7e_5bbdfc167163
2025-08-12 14:49:44,150 INFO  [io.api.tes.ser.api.KafkaSerdesTester] (Thread-615) Sending message {"bar": "value-9"} to topic topic-04d98e8e_c051_4331_8a7e_5bbdfc167163
2025-08-12 14:49:44,153 INFO  [io.api.tes.ser.api.KafkaSerdesTester] (Thread-615) Produced 10 messages
2025-08-12 14:49:44,153 INFO  [org.apa.kaf.cli.pro.KafkaProducer] (Thread-615) [Producer clientId=Producer-topic-04d98e8e_c051_4331_8a7e_5bbdfc167163] Closing the Kafka producer with timeoutMillis = 9223372036854775807 ms.
2025-08-12 14:49:44,156 INFO  [org.apa.kaf.com.met.Metrics] (Thread-615) Metrics scheduler closed
2025-08-12 14:49:44,156 INFO  [org.apa.kaf.com.met.Metrics] (Thread-615) Closing reporter org.apache.kafka.common.metrics.JmxReporter
2025-08-12 14:49:44,156 INFO  [org.apa.kaf.com.met.Metrics] (Thread-615) Closing reporter org.apache.kafka.common.telemetry.internals.ClientTelemetryReporter
2025-08-12 14:49:44,156 INFO  [org.apa.kaf.com.met.Metrics] (Thread-615) Metrics reporters closed
2025-08-12 14:49:44,157 INFO  [org.apa.kaf.com.uti.AppInfoParser] (Thread-615) App info kafka.producer for Producer-topic-04d98e8e_c051_4331_8a7e_5bbdfc167163 unregistered
**** Registry Base URL: http://registry-app-pg17.apps.ci419.apicurio-testing.org:80
2025-08-12 14:49:44,291 INFO  [org.apa.kaf.cli.con.ConsumerConfig] (main) ConsumerConfig values: 
	allow.auto.create.topics = true
	auto.commit.interval.ms = 500
	auto.include.jmx.reporter = true
	auto.offset.reset = earliest
	bootstrap.servers = [PLAINTEXT://localhost:32769]
	check.crcs = true
	client.dns.lookup = use_all_dns_ips
	client.id = consumer-Consumer-topic-04d98e8e_c051_4331_8a7e_5bbdfc167163-3
	client.rack = 
	connections.max.idle.ms = 10000
	default.api.timeout.ms = 60000
	enable.auto.commit = true
	enable.metrics.push = true
	exclude.internal.topics = true
	fetch.max.bytes = 52428800
	fetch.max.wait.ms = 500
	fetch.min.bytes = 1
	group.id = Consumer-topic-04d98e8e_c051_4331_8a7e_5bbdfc167163
	group.instance.id = null
	group.protocol = classic
	group.remote.assignor = null
	heartbeat.interval.ms = 3000
	interceptor.classes = []
	internal.leave.group.on.close = true
	internal.throw.on.fetch.stable.offset.unsupported = false
	isolation.level = read_uncommitted
	key.deserializer = class org.apache.kafka.common.serialization.StringDeserializer
	max.partition.fetch.bytes = 1048576
	max.poll.interval.ms = 300000
	max.poll.records = 500
	metadata.max.age.ms = 300000
	metadata.recovery.strategy = none
	metric.reporters = []
	metrics.num.samples = 2
	metrics.recording.level = INFO
	metrics.sample.window.ms = 30000
	partition.assignment.strategy = [class org.apache.kafka.clients.consumer.RangeAssignor, class org.apache.kafka.clients.consumer.CooperativeStickyAssignor]
	receive.buffer.bytes = 65536
	reconnect.backoff.max.ms = 1000
	reconnect.backoff.ms = 50
	request.timeout.ms = 5000
	retry.backoff.max.ms = 1000
	retry.backoff.ms = 100
	sasl.client.callback.handler.class = null
	sasl.jaas.config = null
	sasl.kerberos.kinit.cmd = /usr/bin/kinit
	sasl.kerberos.min.time.before.relogin = 60000
	sasl.kerberos.service.name = null
	sasl.kerberos.ticket.renew.jitter = 0.05
	sasl.kerberos.ticket.renew.window.factor = 0.8
	sasl.login.callback.handler.class = null
	sasl.login.class = null
	sasl.login.connect.timeout.ms = null
	sasl.login.read.timeout.ms = null
	sasl.login.refresh.buffer.seconds = 300
	sasl.login.refresh.min.period.seconds = 60
	sasl.login.refresh.window.factor = 0.8
	sasl.login.refresh.window.jitter = 0.05
	sasl.login.retry.backoff.max.ms = 10000
	sasl.login.retry.backoff.ms = 100
	sasl.mechanism = GSSAPI
	sasl.oauthbearer.clock.skew.seconds = 30
	sasl.oauthbearer.expected.audience = null
	sasl.oauthbearer.expected.issuer = null
	sasl.oauthbearer.header.urlencode = false
	sasl.oauthbearer.jwks.endpoint.refresh.ms = 3600000
	sasl.oauthbearer.jwks.endpoint.retry.backoff.max.ms = 10000
	sasl.oauthbearer.jwks.endpoint.retry.backoff.ms = 100
	sasl.oauthbearer.jwks.endpoint.url = null
	sasl.oauthbearer.scope.claim.name = scope
	sasl.oauthbearer.sub.claim.name = sub
	sasl.oauthbearer.token.endpoint.url = null
	security.protocol = PLAINTEXT
	security.providers = null
	send.buffer.bytes = 131072
	session.timeout.ms = 45000
	socket.connection.setup.timeout.max.ms = 30000
	socket.connection.setup.timeout.ms = 10000
	ssl.cipher.suites = null
	ssl.enabled.protocols = [TLSv1.2, TLSv1.3]
	ssl.endpoint.identification.algorithm = https
	ssl.engine.factory.class = null
	ssl.key.password = null
	ssl.keymanager.algorithm = SunX509
	ssl.keystore.certificate.chain = null
	ssl.keystore.key = null
	ssl.keystore.location = null
	ssl.keystore.password = null
	ssl.keystore.type = JKS
	ssl.protocol = TLSv1.3
	ssl.provider = null
	ssl.secure.random.implementation = null
	ssl.trustmanager.algorithm = PKIX
	ssl.truststore.certificates = null
	ssl.truststore.location = null
	ssl.truststore.password = null
	ssl.truststore.type = JKS
	value.deserializer = class io.apicurio.registry.serde.avro.AvroKafkaDeserializer

2025-08-12 14:49:44,292 INFO  [org.apa.kaf.com.tel.int.KafkaMetricsCollector] (main) initializing Kafka metrics collector
2025-08-12 14:49:44,300 INFO  [org.apa.kaf.cli.con.ConsumerConfig] (main) These configurations '[apicurio.registry.avro.encoding, apicurio.registry.url]' were supplied but are not used yet.
2025-08-12 14:49:44,300 INFO  [org.apa.kaf.com.uti.AppInfoParser] (main) Kafka version: 3.9.1
2025-08-12 14:49:44,300 INFO  [org.apa.kaf.com.uti.AppInfoParser] (main) Kafka commitId: f745dfdcee2b9851
2025-08-12 14:49:44,300 INFO  [org.apa.kaf.com.uti.AppInfoParser] (main) Kafka startTimeMs: 1755010184300
2025-08-12 14:49:44,301 INFO  [org.apa.kaf.cli.con.int.ClassicKafkaConsumer] (Thread-618) [Consumer clientId=consumer-Consumer-topic-04d98e8e_c051_4331_8a7e_5bbdfc167163-3, groupId=Consumer-topic-04d98e8e_c051_4331_8a7e_5bbdfc167163] Subscribed to topic(s): topic-04d98e8e_c051_4331_8a7e_5bbdfc167163
2025-08-12 14:49:44,310 INFO  [org.apa.kaf.cli.Metadata] (Thread-618) [Consumer clientId=consumer-Consumer-topic-04d98e8e_c051_4331_8a7e_5bbdfc167163-3, groupId=Consumer-topic-04d98e8e_c051_4331_8a7e_5bbdfc167163] Cluster ID: 4oDFBklZQKWClKkNkfg_eQ
2025-08-12 14:49:44,313 INFO  [org.apa.kaf.cli.con.int.ConsumerCoordinator] (Thread-618) [Consumer clientId=consumer-Consumer-topic-04d98e8e_c051_4331_8a7e_5bbdfc167163-3, groupId=Consumer-topic-04d98e8e_c051_4331_8a7e_5bbdfc167163] Discovered group coordinator localhost:32769 (id: 2147483647 rack: null)
2025-08-12 14:49:44,317 INFO  [org.apa.kaf.cli.con.int.ConsumerCoordinator] (Thread-618) [Consumer clientId=consumer-Consumer-topic-04d98e8e_c051_4331_8a7e_5bbdfc167163-3, groupId=Consumer-topic-04d98e8e_c051_4331_8a7e_5bbdfc167163] (Re-)joining group
2025-08-12 14:49:44,326 INFO  [org.apa.kaf.cli.con.int.ConsumerCoordinator] (Thread-618) [Consumer clientId=consumer-Consumer-topic-04d98e8e_c051_4331_8a7e_5bbdfc167163-3, groupId=Consumer-topic-04d98e8e_c051_4331_8a7e_5bbdfc167163] Request joining group due to: need to re-join with the given member-id: consumer-Consumer-topic-04d98e8e_c051_4331_8a7e_5bbdfc167163-3-28f4afa5-5028-434a-97af-365ebfc491ab
2025-08-12 14:49:44,326 INFO  [org.apa.kaf.cli.con.int.ConsumerCoordinator] (Thread-618) [Consumer clientId=consumer-Consumer-topic-04d98e8e_c051_4331_8a7e_5bbdfc167163-3, groupId=Consumer-topic-04d98e8e_c051_4331_8a7e_5bbdfc167163] (Re-)joining group
2025-08-12 14:49:45,302 INFO  [io.api.tes.ser.api.KafkaSerdesTester] (Thread-618) None found
2025-08-12 14:49:46,303 INFO  [io.api.tes.ser.api.KafkaSerdesTester] (Thread-618) None found
2025-08-12 14:49:47,304 INFO  [io.api.tes.ser.api.KafkaSerdesTester] (Thread-618) None found
2025-08-12 14:49:47,330 INFO  [org.apa.kaf.cli.con.int.ConsumerCoordinator] (Thread-618) [Consumer clientId=consumer-Consumer-topic-04d98e8e_c051_4331_8a7e_5bbdfc167163-3, groupId=Consumer-topic-04d98e8e_c051_4331_8a7e_5bbdfc167163] Successfully joined group with generation Generation{generationId=1, memberId='consumer-Consumer-topic-04d98e8e_c051_4331_8a7e_5bbdfc167163-3-28f4afa5-5028-434a-97af-365ebfc491ab', protocol='range'}
2025-08-12 14:49:47,331 INFO  [org.apa.kaf.cli.con.int.ConsumerCoordinator] (Thread-618) [Consumer clientId=consumer-Consumer-topic-04d98e8e_c051_4331_8a7e_5bbdfc167163-3, groupId=Consumer-topic-04d98e8e_c051_4331_8a7e_5bbdfc167163] Finished assignment for group at generation 1: {consumer-Consumer-topic-04d98e8e_c051_4331_8a7e_5bbdfc167163-3-28f4afa5-5028-434a-97af-365ebfc491ab=Assignment(partitions=[topic-04d98e8e_c051_4331_8a7e_5bbdfc167163-0])}
2025-08-12 14:49:47,338 INFO  [org.apa.kaf.cli.con.int.ConsumerCoordinator] (Thread-618) [Consumer clientId=consumer-Consumer-topic-04d98e8e_c051_4331_8a7e_5bbdfc167163-3, groupId=Consumer-topic-04d98e8e_c051_4331_8a7e_5bbdfc167163] Successfully synced group in generation Generation{generationId=1, memberId='consumer-Consumer-topic-04d98e8e_c051_4331_8a7e_5bbdfc167163-3-28f4afa5-5028-434a-97af-365ebfc491ab', protocol='range'}
2025-08-12 14:49:47,339 INFO  [org.apa.kaf.cli.con.int.ConsumerCoordinator] (Thread-618) [Consumer clientId=consumer-Consumer-topic-04d98e8e_c051_4331_8a7e_5bbdfc167163-3, groupId=Consumer-topic-04d98e8e_c051_4331_8a7e_5bbdfc167163] Notifying assignor about the new Assignment(partitions=[topic-04d98e8e_c051_4331_8a7e_5bbdfc167163-0])
2025-08-12 14:49:47,339 INFO  [org.apa.kaf.cli.con.int.ConsumerRebalanceListenerInvoker] (Thread-618) [Consumer clientId=consumer-Consumer-topic-04d98e8e_c051_4331_8a7e_5bbdfc167163-3, groupId=Consumer-topic-04d98e8e_c051_4331_8a7e_5bbdfc167163] Adding newly assigned partitions: topic-04d98e8e_c051_4331_8a7e_5bbdfc167163-0
2025-08-12 14:49:47,340 INFO  [org.apa.kaf.cli.con.int.ConsumerCoordinator] (Thread-618) [Consumer clientId=consumer-Consumer-topic-04d98e8e_c051_4331_8a7e_5bbdfc167163-3, groupId=Consumer-topic-04d98e8e_c051_4331_8a7e_5bbdfc167163] Found no committed offset for partition topic-04d98e8e_c051_4331_8a7e_5bbdfc167163-0
2025-08-12 14:49:47,348 INFO  [org.apa.kaf.cli.con.int.SubscriptionState] (Thread-618) [Consumer clientId=consumer-Consumer-topic-04d98e8e_c051_4331_8a7e_5bbdfc167163-3, groupId=Consumer-topic-04d98e8e_c051_4331_8a7e_5bbdfc167163] Resetting offset for partition topic-04d98e8e_c051_4331_8a7e_5bbdfc167163-0 to position FetchPosition{offset=0, offsetEpoch=Optional.empty, currentLeader=LeaderAndEpoch{leader=Optional[localhost:32769 (id: 0 rack: null)], epoch=0}}.
2025-08-12 14:49:47,579 INFO  [io.api.tes.ser.api.KafkaSerdesTester] (Thread-618) topic-04d98e8e_c051_4331_8a7e_5bbdfc167163 0 0 {"bar": "value-0"}
2025-08-12 14:49:47,579 INFO  [io.api.tes.ser.api.KafkaSerdesTester] (Thread-618) topic-04d98e8e_c051_4331_8a7e_5bbdfc167163 0 1 {"bar": "value-1"}
2025-08-12 14:49:47,579 INFO  [io.api.tes.ser.api.KafkaSerdesTester] (Thread-618) topic-04d98e8e_c051_4331_8a7e_5bbdfc167163 0 2 {"bar": "value-2"}
2025-08-12 14:49:47,580 INFO  [io.api.tes.ser.api.KafkaSerdesTester] (Thread-618) topic-04d98e8e_c051_4331_8a7e_5bbdfc167163 0 3 {"bar": "value-3"}
2025-08-12 14:49:47,580 INFO  [io.api.tes.ser.api.KafkaSerdesTester] (Thread-618) topic-04d98e8e_c051_4331_8a7e_5bbdfc167163 0 4 {"bar": "value-4"}
2025-08-12 14:49:47,580 INFO  [io.api.tes.ser.api.KafkaSerdesTester] (Thread-618) topic-04d98e8e_c051_4331_8a7e_5bbdfc167163 0 5 {"bar": "value-5"}
2025-08-12 14:49:47,580 INFO  [io.api.tes.ser.api.KafkaSerdesTester] (Thread-618) topic-04d98e8e_c051_4331_8a7e_5bbdfc167163 0 6 {"bar": "value-6"}
2025-08-12 14:49:47,580 INFO  [io.api.tes.ser.api.KafkaSerdesTester] (Thread-618) topic-04d98e8e_c051_4331_8a7e_5bbdfc167163 0 7 {"bar": "value-7"}
2025-08-12 14:49:47,580 INFO  [io.api.tes.ser.api.KafkaSerdesTester] (Thread-618) topic-04d98e8e_c051_4331_8a7e_5bbdfc167163 0 8 {"bar": "value-8"}
2025-08-12 14:49:47,580 INFO  [io.api.tes.ser.api.KafkaSerdesTester] (Thread-618) topic-04d98e8e_c051_4331_8a7e_5bbdfc167163 0 9 {"bar": "value-9"}
2025-08-12 14:49:47,580 INFO  [io.api.tes.ser.api.KafkaSerdesTester] (Thread-618) Consumed 10 messages
2025-08-12 14:49:47,588 INFO  [org.apa.kaf.cli.con.int.ConsumerRebalanceListenerInvoker] (Thread-618) [Consumer clientId=consumer-Consumer-topic-04d98e8e_c051_4331_8a7e_5bbdfc167163-3, groupId=Consumer-topic-04d98e8e_c051_4331_8a7e_5bbdfc167163] Revoke previously assigned partitions topic-04d98e8e_c051_4331_8a7e_5bbdfc167163-0
2025-08-12 14:49:47,589 INFO  [org.apa.kaf.cli.con.int.ConsumerCoordinator] (Thread-618) [Consumer clientId=consumer-Consumer-topic-04d98e8e_c051_4331_8a7e_5bbdfc167163-3, groupId=Consumer-topic-04d98e8e_c051_4331_8a7e_5bbdfc167163] Member consumer-Consumer-topic-04d98e8e_c051_4331_8a7e_5bbdfc167163-3-28f4afa5-5028-434a-97af-365ebfc491ab sending LeaveGroup request to coordinator localhost:32769 (id: 2147483647 rack: null) due to the consumer is being closed
2025-08-12 14:49:47,590 INFO  [org.apa.kaf.cli.con.int.ConsumerCoordinator] (Thread-618) [Consumer clientId=consumer-Consumer-topic-04d98e8e_c051_4331_8a7e_5bbdfc167163-3, groupId=Consumer-topic-04d98e8e_c051_4331_8a7e_5bbdfc167163] Resetting generation and member id due to: consumer pro-actively leaving the group
2025-08-12 14:49:47,590 INFO  [org.apa.kaf.cli.con.int.ConsumerCoordinator] (Thread-618) [Consumer clientId=consumer-Consumer-topic-04d98e8e_c051_4331_8a7e_5bbdfc167163-3, groupId=Consumer-topic-04d98e8e_c051_4331_8a7e_5bbdfc167163] Request joining group due to: consumer pro-actively leaving the group
2025-08-12 14:49:48,083 INFO  [org.apa.kaf.com.met.Metrics] (Thread-618) Metrics scheduler closed
2025-08-12 14:49:48,084 INFO  [org.apa.kaf.com.met.Metrics] (Thread-618) Closing reporter org.apache.kafka.common.metrics.JmxReporter
2025-08-12 14:49:48,084 INFO  [org.apa.kaf.com.met.Metrics] (Thread-618) Closing reporter org.apache.kafka.common.telemetry.internals.ClientTelemetryReporter
2025-08-12 14:49:48,084 INFO  [org.apa.kaf.com.met.Metrics] (Thread-618) Metrics reporters closed
2025-08-12 14:49:48,087 INFO  [org.apa.kaf.com.uti.AppInfoParser] (Thread-618) App info kafka.consumer for consumer-Consumer-topic-04d98e8e_c051_4331_8a7e_5bbdfc167163-3 unregistered
2025-08-12 14:49:48,091 INFO  [io.api.tes.uti.TestSeparator] (main) io.apicurio.tests.serdes.apicurio.AvroSerdeIT.testAvroJSON-FINISHED
2025-08-12 14:49:48,091 INFO  [io.api.tes.uti.TestSeparator] (main) ############################################################################
Test passed: testAvroJSON
]]></system-out>
  </testcase>
  <testcase name="testTopicIdStrategyAutoRegister" classname="io.apicurio.tests.serdes.apicurio.AvroSerdeIT" time="4.377">
    <system-out><![CDATA[2025-08-12 14:49:48,095 INFO  [io.api.tes.uti.TestSeparator] (main) ############################################################################
2025-08-12 14:49:48,095 INFO  [io.api.tes.uti.TestSeparator] (main) io.apicurio.tests.serdes.apicurio.AvroSerdeIT.testTopicIdStrategyAutoRegister-STARTED
**** Registry Base URL: http://registry-app-pg17.apps.ci419.apicurio-testing.org:80
2025-08-12 14:49:48,100 INFO  [org.apa.kaf.cli.pro.ProducerConfig] (main) ProducerConfig values: 
	acks = -1
	auto.include.jmx.reporter = true
	batch.size = 16384
	bootstrap.servers = [PLAINTEXT://localhost:32769]
	buffer.memory = 33554432
	client.dns.lookup = use_all_dns_ips
	client.id = Producer-topic-f5a160f1_cd8a_46ba_af6a_2708a082bca9
	compression.gzip.level = -1
	compression.lz4.level = 9
	compression.type = none
	compression.zstd.level = 3
	connections.max.idle.ms = 10000
	delivery.timeout.ms = 120000
	enable.idempotence = true
	enable.metrics.push = true
	interceptor.classes = []
	key.serializer = class org.apache.kafka.common.serialization.StringSerializer
	linger.ms = 0
	max.block.ms = 60000
	max.in.flight.requests.per.connection = 5
	max.request.size = 1048576
	metadata.max.age.ms = 300000
	metadata.max.idle.ms = 300000
	metadata.recovery.strategy = none
	metric.reporters = []
	metrics.num.samples = 2
	metrics.recording.level = INFO
	metrics.sample.window.ms = 30000
	partitioner.adaptive.partitioning.enable = true
	partitioner.availability.timeout.ms = 0
	partitioner.class = null
	partitioner.ignore.keys = false
	receive.buffer.bytes = 32768
	reconnect.backoff.max.ms = 1000
	reconnect.backoff.ms = 50
	request.timeout.ms = 5000
	retries = 2147483647
	retry.backoff.max.ms = 1000
	retry.backoff.ms = 100
	sasl.client.callback.handler.class = null
	sasl.jaas.config = null
	sasl.kerberos.kinit.cmd = /usr/bin/kinit
	sasl.kerberos.min.time.before.relogin = 60000
	sasl.kerberos.service.name = null
	sasl.kerberos.ticket.renew.jitter = 0.05
	sasl.kerberos.ticket.renew.window.factor = 0.8
	sasl.login.callback.handler.class = null
	sasl.login.class = null
	sasl.login.connect.timeout.ms = null
	sasl.login.read.timeout.ms = null
	sasl.login.refresh.buffer.seconds = 300
	sasl.login.refresh.min.period.seconds = 60
	sasl.login.refresh.window.factor = 0.8
	sasl.login.refresh.window.jitter = 0.05
	sasl.login.retry.backoff.max.ms = 10000
	sasl.login.retry.backoff.ms = 100
	sasl.mechanism = GSSAPI
	sasl.oauthbearer.clock.skew.seconds = 30
	sasl.oauthbearer.expected.audience = null
	sasl.oauthbearer.expected.issuer = null
	sasl.oauthbearer.header.urlencode = false
	sasl.oauthbearer.jwks.endpoint.refresh.ms = 3600000
	sasl.oauthbearer.jwks.endpoint.retry.backoff.max.ms = 10000
	sasl.oauthbearer.jwks.endpoint.retry.backoff.ms = 100
	sasl.oauthbearer.jwks.endpoint.url = null
	sasl.oauthbearer.scope.claim.name = scope
	sasl.oauthbearer.sub.claim.name = sub
	sasl.oauthbearer.token.endpoint.url = null
	security.protocol = PLAINTEXT
	security.providers = null
	send.buffer.bytes = 131072
	socket.connection.setup.timeout.max.ms = 30000
	socket.connection.setup.timeout.ms = 10000
	ssl.cipher.suites = null
	ssl.enabled.protocols = [TLSv1.2, TLSv1.3]
	ssl.endpoint.identification.algorithm = https
	ssl.engine.factory.class = null
	ssl.key.password = null
	ssl.keymanager.algorithm = SunX509
	ssl.keystore.certificate.chain = null
	ssl.keystore.key = null
	ssl.keystore.location = null
	ssl.keystore.password = null
	ssl.keystore.type = JKS
	ssl.protocol = TLSv1.3
	ssl.provider = null
	ssl.secure.random.implementation = null
	ssl.trustmanager.algorithm = PKIX
	ssl.truststore.certificates = null
	ssl.truststore.location = null
	ssl.truststore.password = null
	ssl.truststore.type = JKS
	transaction.timeout.ms = 60000
	transactional.id = null
	value.serializer = class io.apicurio.registry.serde.avro.AvroKafkaSerializer

2025-08-12 14:49:48,100 INFO  [org.apa.kaf.com.tel.int.KafkaMetricsCollector] (main) initializing Kafka metrics collector
2025-08-12 14:49:48,106 INFO  [org.apa.kaf.cli.pro.KafkaProducer] (main) [Producer clientId=Producer-topic-f5a160f1_cd8a_46ba_af6a_2708a082bca9] Instantiated an idempotent producer.
2025-08-12 14:49:48,110 INFO  [org.apa.kaf.cli.pro.ProducerConfig] (main) These configurations '[apicurio.registry.url, apicurio.registry.auto-register, apicurio.registry.artifact-resolver-strategy]' were supplied but are not used yet.
2025-08-12 14:49:48,110 INFO  [org.apa.kaf.com.uti.AppInfoParser] (main) Kafka version: 3.9.1
2025-08-12 14:49:48,110 INFO  [org.apa.kaf.com.uti.AppInfoParser] (main) Kafka commitId: f745dfdcee2b9851
2025-08-12 14:49:48,110 INFO  [org.apa.kaf.com.uti.AppInfoParser] (main) Kafka startTimeMs: 1755010188110
2025-08-12 14:49:48,110 INFO  [io.api.tes.ser.api.SimpleSerdesTesterBuilder$SimpleSerdesTester] (main) Using producer configuration: {apicurio.registry.url=http://registry-app-pg17.apps.ci419.apicurio-testing.org:80/apis/registry/v3, apicurio.registry.auto-register=true, apicurio.registry.artifact-resolver-strategy=io.apicurio.registry.serde.strategy.TopicIdStrategy, value.serializer=io.apicurio.registry.serde.avro.AvroKafkaSerializer, request.timeout.ms=5000, acks=all, bootstrap.servers=PLAINTEXT://localhost:32769, connections.max.idle.ms=10000, key.serializer=org.apache.kafka.common.serialization.StringSerializer, client.id=Producer-topic-f5a160f1_cd8a_46ba_af6a_2708a082bca9}
2025-08-12 14:49:48,113 INFO  [io.api.tes.ser.api.SimpleSerdesTesterBuilder$SimpleSerdesTester] (main) Using consumer configuration: {}
2025-08-12 14:49:48,119 INFO  [io.api.tes.ser.api.KafkaSerdesTester] (Thread-621) Sending message {"key11755010188096": "value-0"} to topic topic-f5a160f1_cd8a_46ba_af6a_2708a082bca9
2025-08-12 14:49:48,124 WARN  [org.apa.kaf.cli.NetworkClient] (kafka-producer-network-thread | Producer-topic-f5a160f1_cd8a_46ba_af6a_2708a082bca9) [Producer clientId=Producer-topic-f5a160f1_cd8a_46ba_af6a_2708a082bca9] The metadata response from the cluster reported a recoverable issue with correlation id 1 : {topic-f5a160f1_cd8a_46ba_af6a_2708a082bca9=UNKNOWN_TOPIC_OR_PARTITION}
2025-08-12 14:49:48,124 INFO  [org.apa.kaf.cli.Metadata] (kafka-producer-network-thread | Producer-topic-f5a160f1_cd8a_46ba_af6a_2708a082bca9) [Producer clientId=Producer-topic-f5a160f1_cd8a_46ba_af6a_2708a082bca9] Cluster ID: 4oDFBklZQKWClKkNkfg_eQ
2025-08-12 14:49:48,126 INFO  [org.apa.kaf.cli.pro.int.TransactionManager] (kafka-producer-network-thread | Producer-topic-f5a160f1_cd8a_46ba_af6a_2708a082bca9) [Producer clientId=Producer-topic-f5a160f1_cd8a_46ba_af6a_2708a082bca9] ProducerId set to 4 with epoch 0
2025-08-12 14:49:48,395 INFO  [io.api.tes.ser.api.KafkaSerdesTester] (Thread-621) Sending message {"key11755010188096": "value-1"} to topic topic-f5a160f1_cd8a_46ba_af6a_2708a082bca9
2025-08-12 14:49:48,398 INFO  [io.api.tes.ser.api.KafkaSerdesTester] (Thread-621) Sending message {"key11755010188096": "value-2"} to topic topic-f5a160f1_cd8a_46ba_af6a_2708a082bca9
2025-08-12 14:49:48,401 INFO  [io.api.tes.ser.api.KafkaSerdesTester] (Thread-621) Sending message {"key11755010188096": "value-3"} to topic topic-f5a160f1_cd8a_46ba_af6a_2708a082bca9
2025-08-12 14:49:48,403 INFO  [io.api.tes.ser.api.KafkaSerdesTester] (Thread-621) Sending message {"key11755010188096": "value-4"} to topic topic-f5a160f1_cd8a_46ba_af6a_2708a082bca9
2025-08-12 14:49:48,405 INFO  [io.api.tes.ser.api.KafkaSerdesTester] (Thread-621) Sending message {"key11755010188096": "value-5"} to topic topic-f5a160f1_cd8a_46ba_af6a_2708a082bca9
2025-08-12 14:49:48,406 INFO  [io.api.tes.ser.api.KafkaSerdesTester] (Thread-621) Sending message {"key11755010188096": "value-6"} to topic topic-f5a160f1_cd8a_46ba_af6a_2708a082bca9
2025-08-12 14:49:48,408 INFO  [io.api.tes.ser.api.KafkaSerdesTester] (Thread-621) Sending message {"key11755010188096": "value-7"} to topic topic-f5a160f1_cd8a_46ba_af6a_2708a082bca9
2025-08-12 14:49:48,410 INFO  [io.api.tes.ser.api.KafkaSerdesTester] (Thread-621) Sending message {"key11755010188096": "value-8"} to topic topic-f5a160f1_cd8a_46ba_af6a_2708a082bca9
2025-08-12 14:49:48,412 INFO  [io.api.tes.ser.api.KafkaSerdesTester] (Thread-621) Sending message {"key11755010188096": "value-9"} to topic topic-f5a160f1_cd8a_46ba_af6a_2708a082bca9
2025-08-12 14:49:48,415 INFO  [io.api.tes.ser.api.KafkaSerdesTester] (Thread-621) Produced 10 messages
2025-08-12 14:49:48,415 INFO  [org.apa.kaf.cli.pro.KafkaProducer] (Thread-621) [Producer clientId=Producer-topic-f5a160f1_cd8a_46ba_af6a_2708a082bca9] Closing the Kafka producer with timeoutMillis = 9223372036854775807 ms.
2025-08-12 14:49:48,420 INFO  [org.apa.kaf.com.met.Metrics] (Thread-621) Metrics scheduler closed
2025-08-12 14:49:48,420 INFO  [org.apa.kaf.com.met.Metrics] (Thread-621) Closing reporter org.apache.kafka.common.metrics.JmxReporter
2025-08-12 14:49:48,420 INFO  [org.apa.kaf.com.met.Metrics] (Thread-621) Closing reporter org.apache.kafka.common.telemetry.internals.ClientTelemetryReporter
2025-08-12 14:49:48,420 INFO  [org.apa.kaf.com.met.Metrics] (Thread-621) Metrics reporters closed
2025-08-12 14:49:48,421 INFO  [org.apa.kaf.com.uti.AppInfoParser] (Thread-621) App info kafka.producer for Producer-topic-f5a160f1_cd8a_46ba_af6a_2708a082bca9 unregistered
**** Registry Base URL: http://registry-app-pg17.apps.ci419.apicurio-testing.org:80
2025-08-12 14:49:48,561 INFO  [org.apa.kaf.cli.con.ConsumerConfig] (main) ConsumerConfig values: 
	allow.auto.create.topics = true
	auto.commit.interval.ms = 500
	auto.include.jmx.reporter = true
	auto.offset.reset = earliest
	bootstrap.servers = [PLAINTEXT://localhost:32769]
	check.crcs = true
	client.dns.lookup = use_all_dns_ips
	client.id = consumer-Consumer-topic-f5a160f1_cd8a_46ba_af6a_2708a082bca9-4
	client.rack = 
	connections.max.idle.ms = 10000
	default.api.timeout.ms = 60000
	enable.auto.commit = true
	enable.metrics.push = true
	exclude.internal.topics = true
	fetch.max.bytes = 52428800
	fetch.max.wait.ms = 500
	fetch.min.bytes = 1
	group.id = Consumer-topic-f5a160f1_cd8a_46ba_af6a_2708a082bca9
	group.instance.id = null
	group.protocol = classic
	group.remote.assignor = null
	heartbeat.interval.ms = 3000
	interceptor.classes = []
	internal.leave.group.on.close = true
	internal.throw.on.fetch.stable.offset.unsupported = false
	isolation.level = read_uncommitted
	key.deserializer = class org.apache.kafka.common.serialization.StringDeserializer
	max.partition.fetch.bytes = 1048576
	max.poll.interval.ms = 300000
	max.poll.records = 500
	metadata.max.age.ms = 300000
	metadata.recovery.strategy = none
	metric.reporters = []
	metrics.num.samples = 2
	metrics.recording.level = INFO
	metrics.sample.window.ms = 30000
	partition.assignment.strategy = [class org.apache.kafka.clients.consumer.RangeAssignor, class org.apache.kafka.clients.consumer.CooperativeStickyAssignor]
	receive.buffer.bytes = 65536
	reconnect.backoff.max.ms = 1000
	reconnect.backoff.ms = 50
	request.timeout.ms = 5000
	retry.backoff.max.ms = 1000
	retry.backoff.ms = 100
	sasl.client.callback.handler.class = null
	sasl.jaas.config = null
	sasl.kerberos.kinit.cmd = /usr/bin/kinit
	sasl.kerberos.min.time.before.relogin = 60000
	sasl.kerberos.service.name = null
	sasl.kerberos.ticket.renew.jitter = 0.05
	sasl.kerberos.ticket.renew.window.factor = 0.8
	sasl.login.callback.handler.class = null
	sasl.login.class = null
	sasl.login.connect.timeout.ms = null
	sasl.login.read.timeout.ms = null
	sasl.login.refresh.buffer.seconds = 300
	sasl.login.refresh.min.period.seconds = 60
	sasl.login.refresh.window.factor = 0.8
	sasl.login.refresh.window.jitter = 0.05
	sasl.login.retry.backoff.max.ms = 10000
	sasl.login.retry.backoff.ms = 100
	sasl.mechanism = GSSAPI
	sasl.oauthbearer.clock.skew.seconds = 30
	sasl.oauthbearer.expected.audience = null
	sasl.oauthbearer.expected.issuer = null
	sasl.oauthbearer.header.urlencode = false
	sasl.oauthbearer.jwks.endpoint.refresh.ms = 3600000
	sasl.oauthbearer.jwks.endpoint.retry.backoff.max.ms = 10000
	sasl.oauthbearer.jwks.endpoint.retry.backoff.ms = 100
	sasl.oauthbearer.jwks.endpoint.url = null
	sasl.oauthbearer.scope.claim.name = scope
	sasl.oauthbearer.sub.claim.name = sub
	sasl.oauthbearer.token.endpoint.url = null
	security.protocol = PLAINTEXT
	security.providers = null
	send.buffer.bytes = 131072
	session.timeout.ms = 45000
	socket.connection.setup.timeout.max.ms = 30000
	socket.connection.setup.timeout.ms = 10000
	ssl.cipher.suites = null
	ssl.enabled.protocols = [TLSv1.2, TLSv1.3]
	ssl.endpoint.identification.algorithm = https
	ssl.engine.factory.class = null
	ssl.key.password = null
	ssl.keymanager.algorithm = SunX509
	ssl.keystore.certificate.chain = null
	ssl.keystore.key = null
	ssl.keystore.location = null
	ssl.keystore.password = null
	ssl.keystore.type = JKS
	ssl.protocol = TLSv1.3
	ssl.provider = null
	ssl.secure.random.implementation = null
	ssl.trustmanager.algorithm = PKIX
	ssl.truststore.certificates = null
	ssl.truststore.location = null
	ssl.truststore.password = null
	ssl.truststore.type = JKS
	value.deserializer = class io.apicurio.registry.serde.avro.AvroKafkaDeserializer

2025-08-12 14:49:48,561 INFO  [org.apa.kaf.com.tel.int.KafkaMetricsCollector] (main) initializing Kafka metrics collector
2025-08-12 14:49:48,568 INFO  [org.apa.kaf.cli.con.ConsumerConfig] (main) These configurations '[apicurio.registry.url]' were supplied but are not used yet.
2025-08-12 14:49:48,568 INFO  [org.apa.kaf.com.uti.AppInfoParser] (main) Kafka version: 3.9.1
2025-08-12 14:49:48,569 INFO  [org.apa.kaf.com.uti.AppInfoParser] (main) Kafka commitId: f745dfdcee2b9851
2025-08-12 14:49:48,569 INFO  [org.apa.kaf.com.uti.AppInfoParser] (main) Kafka startTimeMs: 1755010188568
2025-08-12 14:49:48,569 INFO  [org.apa.kaf.cli.con.int.ClassicKafkaConsumer] (Thread-624) [Consumer clientId=consumer-Consumer-topic-f5a160f1_cd8a_46ba_af6a_2708a082bca9-4, groupId=Consumer-topic-f5a160f1_cd8a_46ba_af6a_2708a082bca9] Subscribed to topic(s): topic-f5a160f1_cd8a_46ba_af6a_2708a082bca9
2025-08-12 14:49:48,575 INFO  [org.apa.kaf.cli.Metadata] (Thread-624) [Consumer clientId=consumer-Consumer-topic-f5a160f1_cd8a_46ba_af6a_2708a082bca9-4, groupId=Consumer-topic-f5a160f1_cd8a_46ba_af6a_2708a082bca9] Cluster ID: 4oDFBklZQKWClKkNkfg_eQ
2025-08-12 14:49:48,576 INFO  [org.apa.kaf.cli.con.int.ConsumerCoordinator] (Thread-624) [Consumer clientId=consumer-Consumer-topic-f5a160f1_cd8a_46ba_af6a_2708a082bca9-4, groupId=Consumer-topic-f5a160f1_cd8a_46ba_af6a_2708a082bca9] Discovered group coordinator localhost:32769 (id: 2147483647 rack: null)
2025-08-12 14:49:48,578 INFO  [org.apa.kaf.cli.con.int.ConsumerCoordinator] (Thread-624) [Consumer clientId=consumer-Consumer-topic-f5a160f1_cd8a_46ba_af6a_2708a082bca9-4, groupId=Consumer-topic-f5a160f1_cd8a_46ba_af6a_2708a082bca9] (Re-)joining group
2025-08-12 14:49:48,580 INFO  [org.apa.kaf.cli.con.int.ConsumerCoordinator] (Thread-624) [Consumer clientId=consumer-Consumer-topic-f5a160f1_cd8a_46ba_af6a_2708a082bca9-4, groupId=Consumer-topic-f5a160f1_cd8a_46ba_af6a_2708a082bca9] Request joining group due to: need to re-join with the given member-id: consumer-Consumer-topic-f5a160f1_cd8a_46ba_af6a_2708a082bca9-4-7e5d4cf1-f3f6-40b8-8484-3c68c6548405
2025-08-12 14:49:48,580 INFO  [org.apa.kaf.cli.con.int.ConsumerCoordinator] (Thread-624) [Consumer clientId=consumer-Consumer-topic-f5a160f1_cd8a_46ba_af6a_2708a082bca9-4, groupId=Consumer-topic-f5a160f1_cd8a_46ba_af6a_2708a082bca9] (Re-)joining group
2025-08-12 14:49:49,570 INFO  [io.api.tes.ser.api.KafkaSerdesTester] (Thread-624) None found
2025-08-12 14:49:50,571 INFO  [io.api.tes.ser.api.KafkaSerdesTester] (Thread-624) None found
2025-08-12 14:49:51,571 INFO  [io.api.tes.ser.api.KafkaSerdesTester] (Thread-624) None found
2025-08-12 14:49:51,583 INFO  [org.apa.kaf.cli.con.int.ConsumerCoordinator] (Thread-624) [Consumer clientId=consumer-Consumer-topic-f5a160f1_cd8a_46ba_af6a_2708a082bca9-4, groupId=Consumer-topic-f5a160f1_cd8a_46ba_af6a_2708a082bca9] Successfully joined group with generation Generation{generationId=1, memberId='consumer-Consumer-topic-f5a160f1_cd8a_46ba_af6a_2708a082bca9-4-7e5d4cf1-f3f6-40b8-8484-3c68c6548405', protocol='range'}
2025-08-12 14:49:51,583 INFO  [org.apa.kaf.cli.con.int.ConsumerCoordinator] (Thread-624) [Consumer clientId=consumer-Consumer-topic-f5a160f1_cd8a_46ba_af6a_2708a082bca9-4, groupId=Consumer-topic-f5a160f1_cd8a_46ba_af6a_2708a082bca9] Finished assignment for group at generation 1: {consumer-Consumer-topic-f5a160f1_cd8a_46ba_af6a_2708a082bca9-4-7e5d4cf1-f3f6-40b8-8484-3c68c6548405=Assignment(partitions=[topic-f5a160f1_cd8a_46ba_af6a_2708a082bca9-0])}
2025-08-12 14:49:51,591 INFO  [org.apa.kaf.cli.con.int.ConsumerCoordinator] (Thread-624) [Consumer clientId=consumer-Consumer-topic-f5a160f1_cd8a_46ba_af6a_2708a082bca9-4, groupId=Consumer-topic-f5a160f1_cd8a_46ba_af6a_2708a082bca9] Successfully synced group in generation Generation{generationId=1, memberId='consumer-Consumer-topic-f5a160f1_cd8a_46ba_af6a_2708a082bca9-4-7e5d4cf1-f3f6-40b8-8484-3c68c6548405', protocol='range'}
2025-08-12 14:49:51,591 INFO  [org.apa.kaf.cli.con.int.ConsumerCoordinator] (Thread-624) [Consumer clientId=consumer-Consumer-topic-f5a160f1_cd8a_46ba_af6a_2708a082bca9-4, groupId=Consumer-topic-f5a160f1_cd8a_46ba_af6a_2708a082bca9] Notifying assignor about the new Assignment(partitions=[topic-f5a160f1_cd8a_46ba_af6a_2708a082bca9-0])
2025-08-12 14:49:51,591 INFO  [org.apa.kaf.cli.con.int.ConsumerRebalanceListenerInvoker] (Thread-624) [Consumer clientId=consumer-Consumer-topic-f5a160f1_cd8a_46ba_af6a_2708a082bca9-4, groupId=Consumer-topic-f5a160f1_cd8a_46ba_af6a_2708a082bca9] Adding newly assigned partitions: topic-f5a160f1_cd8a_46ba_af6a_2708a082bca9-0
2025-08-12 14:49:51,593 INFO  [org.apa.kaf.cli.con.int.ConsumerCoordinator] (Thread-624) [Consumer clientId=consumer-Consumer-topic-f5a160f1_cd8a_46ba_af6a_2708a082bca9-4, groupId=Consumer-topic-f5a160f1_cd8a_46ba_af6a_2708a082bca9] Found no committed offset for partition topic-f5a160f1_cd8a_46ba_af6a_2708a082bca9-0
2025-08-12 14:49:51,598 INFO  [org.apa.kaf.cli.con.int.SubscriptionState] (Thread-624) [Consumer clientId=consumer-Consumer-topic-f5a160f1_cd8a_46ba_af6a_2708a082bca9-4, groupId=Consumer-topic-f5a160f1_cd8a_46ba_af6a_2708a082bca9] Resetting offset for partition topic-f5a160f1_cd8a_46ba_af6a_2708a082bca9-0 to position FetchPosition{offset=0, offsetEpoch=Optional.empty, currentLeader=LeaderAndEpoch{leader=Optional[localhost:32769 (id: 0 rack: null)], epoch=0}}.
2025-08-12 14:49:51,825 INFO  [io.api.tes.ser.api.KafkaSerdesTester] (Thread-624) topic-f5a160f1_cd8a_46ba_af6a_2708a082bca9 0 0 {"key11755010188096": "value-0"}
2025-08-12 14:49:51,825 INFO  [io.api.tes.ser.api.KafkaSerdesTester] (Thread-624) topic-f5a160f1_cd8a_46ba_af6a_2708a082bca9 0 1 {"key11755010188096": "value-1"}
2025-08-12 14:49:51,825 INFO  [io.api.tes.ser.api.KafkaSerdesTester] (Thread-624) topic-f5a160f1_cd8a_46ba_af6a_2708a082bca9 0 2 {"key11755010188096": "value-2"}
2025-08-12 14:49:51,825 INFO  [io.api.tes.ser.api.KafkaSerdesTester] (Thread-624) topic-f5a160f1_cd8a_46ba_af6a_2708a082bca9 0 3 {"key11755010188096": "value-3"}
2025-08-12 14:49:51,825 INFO  [io.api.tes.ser.api.KafkaSerdesTester] (Thread-624) topic-f5a160f1_cd8a_46ba_af6a_2708a082bca9 0 4 {"key11755010188096": "value-4"}
2025-08-12 14:49:51,825 INFO  [io.api.tes.ser.api.KafkaSerdesTester] (Thread-624) topic-f5a160f1_cd8a_46ba_af6a_2708a082bca9 0 5 {"key11755010188096": "value-5"}
2025-08-12 14:49:51,825 INFO  [io.api.tes.ser.api.KafkaSerdesTester] (Thread-624) topic-f5a160f1_cd8a_46ba_af6a_2708a082bca9 0 6 {"key11755010188096": "value-6"}
2025-08-12 14:49:51,825 INFO  [io.api.tes.ser.api.KafkaSerdesTester] (Thread-624) topic-f5a160f1_cd8a_46ba_af6a_2708a082bca9 0 7 {"key11755010188096": "value-7"}
2025-08-12 14:49:51,825 INFO  [io.api.tes.ser.api.KafkaSerdesTester] (Thread-624) topic-f5a160f1_cd8a_46ba_af6a_2708a082bca9 0 8 {"key11755010188096": "value-8"}
2025-08-12 14:49:51,826 INFO  [io.api.tes.ser.api.KafkaSerdesTester] (Thread-624) topic-f5a160f1_cd8a_46ba_af6a_2708a082bca9 0 9 {"key11755010188096": "value-9"}
2025-08-12 14:49:51,826 INFO  [io.api.tes.ser.api.KafkaSerdesTester] (Thread-624) Consumed 10 messages
2025-08-12 14:49:51,834 INFO  [org.apa.kaf.cli.con.int.ConsumerRebalanceListenerInvoker] (Thread-624) [Consumer clientId=consumer-Consumer-topic-f5a160f1_cd8a_46ba_af6a_2708a082bca9-4, groupId=Consumer-topic-f5a160f1_cd8a_46ba_af6a_2708a082bca9] Revoke previously assigned partitions topic-f5a160f1_cd8a_46ba_af6a_2708a082bca9-0
2025-08-12 14:49:51,834 INFO  [org.apa.kaf.cli.con.int.ConsumerCoordinator] (Thread-624) [Consumer clientId=consumer-Consumer-topic-f5a160f1_cd8a_46ba_af6a_2708a082bca9-4, groupId=Consumer-topic-f5a160f1_cd8a_46ba_af6a_2708a082bca9] Member consumer-Consumer-topic-f5a160f1_cd8a_46ba_af6a_2708a082bca9-4-7e5d4cf1-f3f6-40b8-8484-3c68c6548405 sending LeaveGroup request to coordinator localhost:32769 (id: 2147483647 rack: null) due to the consumer is being closed
2025-08-12 14:49:51,835 INFO  [org.apa.kaf.cli.con.int.ConsumerCoordinator] (Thread-624) [Consumer clientId=consumer-Consumer-topic-f5a160f1_cd8a_46ba_af6a_2708a082bca9-4, groupId=Consumer-topic-f5a160f1_cd8a_46ba_af6a_2708a082bca9] Resetting generation and member id due to: consumer pro-actively leaving the group
2025-08-12 14:49:51,835 INFO  [org.apa.kaf.cli.con.int.ConsumerCoordinator] (Thread-624) [Consumer clientId=consumer-Consumer-topic-f5a160f1_cd8a_46ba_af6a_2708a082bca9-4, groupId=Consumer-topic-f5a160f1_cd8a_46ba_af6a_2708a082bca9] Request joining group due to: consumer pro-actively leaving the group
2025-08-12 14:49:52,328 INFO  [org.apa.kaf.com.met.Metrics] (Thread-624) Metrics scheduler closed
2025-08-12 14:49:52,329 INFO  [org.apa.kaf.com.met.Metrics] (Thread-624) Closing reporter org.apache.kafka.common.metrics.JmxReporter
2025-08-12 14:49:52,329 INFO  [org.apa.kaf.com.met.Metrics] (Thread-624) Closing reporter org.apache.kafka.common.telemetry.internals.ClientTelemetryReporter
2025-08-12 14:49:52,329 INFO  [org.apa.kaf.com.met.Metrics] (Thread-624) Metrics reporters closed
2025-08-12 14:49:52,332 INFO  [org.apa.kaf.com.uti.AppInfoParser] (Thread-624) App info kafka.consumer for consumer-Consumer-topic-f5a160f1_cd8a_46ba_af6a_2708a082bca9-4 unregistered
2025-08-12 14:49:52,467 INFO  [io.api.tes.uti.TestSeparator] (main) io.apicurio.tests.serdes.apicurio.AvroSerdeIT.testTopicIdStrategyAutoRegister-FINISHED
2025-08-12 14:49:52,468 INFO  [io.api.tes.uti.TestSeparator] (main) ############################################################################
Test passed: testTopicIdStrategyAutoRegister
]]></system-out>
  </testcase>
  <testcase name="testRecordIdStrategydFindLatest" classname="io.apicurio.tests.serdes.apicurio.AvroSerdeIT" time="5.248">
    <system-out><![CDATA[2025-08-12 14:49:52,469 INFO  [io.api.tes.uti.TestSeparator] (main) ############################################################################
2025-08-12 14:49:52,469 INFO  [io.api.tes.uti.TestSeparator] (main) io.apicurio.tests.serdes.apicurio.AvroSerdeIT.testRecordIdStrategydFindLatest-STARTED
2025-08-12 14:49:52,471 INFO  [io.api.tes.ser.api.AvroSerdeIT] (main) Registering Avro Schema: {"type":"record","name":"s41959774x9ce8x4a1ex815ax348342e52c5c","namespace":"s63803a0ax6711x46a2xb930x93f0bebffa81","fields":[{"name":"key11755010192471","type":"string"}]}
**** Registry Base URL: http://registry-app-pg17.apps.ci419.apicurio-testing.org:80
2025-08-12 14:49:53,619 INFO  [org.apa.kaf.cli.pro.ProducerConfig] (main) ProducerConfig values: 
	acks = -1
	auto.include.jmx.reporter = true
	batch.size = 16384
	bootstrap.servers = [PLAINTEXT://localhost:32769]
	buffer.memory = 33554432
	client.dns.lookup = use_all_dns_ips
	client.id = Producer-topic-08983aa4_f871_445f_85e9_6bc306a7764f
	compression.gzip.level = -1
	compression.lz4.level = 9
	compression.type = none
	compression.zstd.level = 3
	connections.max.idle.ms = 10000
	delivery.timeout.ms = 120000
	enable.idempotence = true
	enable.metrics.push = true
	interceptor.classes = []
	key.serializer = class org.apache.kafka.common.serialization.StringSerializer
	linger.ms = 0
	max.block.ms = 60000
	max.in.flight.requests.per.connection = 5
	max.request.size = 1048576
	metadata.max.age.ms = 300000
	metadata.max.idle.ms = 300000
	metadata.recovery.strategy = none
	metric.reporters = []
	metrics.num.samples = 2
	metrics.recording.level = INFO
	metrics.sample.window.ms = 30000
	partitioner.adaptive.partitioning.enable = true
	partitioner.availability.timeout.ms = 0
	partitioner.class = null
	partitioner.ignore.keys = false
	receive.buffer.bytes = 32768
	reconnect.backoff.max.ms = 1000
	reconnect.backoff.ms = 50
	request.timeout.ms = 5000
	retries = 2147483647
	retry.backoff.max.ms = 1000
	retry.backoff.ms = 100
	sasl.client.callback.handler.class = null
	sasl.jaas.config = null
	sasl.kerberos.kinit.cmd = /usr/bin/kinit
	sasl.kerberos.min.time.before.relogin = 60000
	sasl.kerberos.service.name = null
	sasl.kerberos.ticket.renew.jitter = 0.05
	sasl.kerberos.ticket.renew.window.factor = 0.8
	sasl.login.callback.handler.class = null
	sasl.login.class = null
	sasl.login.connect.timeout.ms = null
	sasl.login.read.timeout.ms = null
	sasl.login.refresh.buffer.seconds = 300
	sasl.login.refresh.min.period.seconds = 60
	sasl.login.refresh.window.factor = 0.8
	sasl.login.refresh.window.jitter = 0.05
	sasl.login.retry.backoff.max.ms = 10000
	sasl.login.retry.backoff.ms = 100
	sasl.mechanism = GSSAPI
	sasl.oauthbearer.clock.skew.seconds = 30
	sasl.oauthbearer.expected.audience = null
	sasl.oauthbearer.expected.issuer = null
	sasl.oauthbearer.header.urlencode = false
	sasl.oauthbearer.jwks.endpoint.refresh.ms = 3600000
	sasl.oauthbearer.jwks.endpoint.retry.backoff.max.ms = 10000
	sasl.oauthbearer.jwks.endpoint.retry.backoff.ms = 100
	sasl.oauthbearer.jwks.endpoint.url = null
	sasl.oauthbearer.scope.claim.name = scope
	sasl.oauthbearer.sub.claim.name = sub
	sasl.oauthbearer.token.endpoint.url = null
	security.protocol = PLAINTEXT
	security.providers = null
	send.buffer.bytes = 131072
	socket.connection.setup.timeout.max.ms = 30000
	socket.connection.setup.timeout.ms = 10000
	ssl.cipher.suites = null
	ssl.enabled.protocols = [TLSv1.2, TLSv1.3]
	ssl.endpoint.identification.algorithm = https
	ssl.engine.factory.class = null
	ssl.key.password = null
	ssl.keymanager.algorithm = SunX509
	ssl.keystore.certificate.chain = null
	ssl.keystore.key = null
	ssl.keystore.location = null
	ssl.keystore.password = null
	ssl.keystore.type = JKS
	ssl.protocol = TLSv1.3
	ssl.provider = null
	ssl.secure.random.implementation = null
	ssl.trustmanager.algorithm = PKIX
	ssl.truststore.certificates = null
	ssl.truststore.location = null
	ssl.truststore.password = null
	ssl.truststore.type = JKS
	transaction.timeout.ms = 60000
	transactional.id = null
	value.serializer = class io.apicurio.registry.serde.avro.AvroKafkaSerializer

2025-08-12 14:49:53,620 INFO  [org.apa.kaf.com.tel.int.KafkaMetricsCollector] (main) initializing Kafka metrics collector
2025-08-12 14:49:53,624 INFO  [org.apa.kaf.cli.pro.KafkaProducer] (main) [Producer clientId=Producer-topic-08983aa4_f871_445f_85e9_6bc306a7764f] Instantiated an idempotent producer.
2025-08-12 14:49:53,627 INFO  [org.apa.kaf.cli.pro.ProducerConfig] (main) These configurations '[apicurio.registry.find-latest, apicurio.registry.url, apicurio.registry.artifact-resolver-strategy]' were supplied but are not used yet.
2025-08-12 14:49:53,630 INFO  [org.apa.kaf.com.uti.AppInfoParser] (main) Kafka version: 3.9.1
2025-08-12 14:49:53,630 INFO  [org.apa.kaf.com.uti.AppInfoParser] (main) Kafka commitId: f745dfdcee2b9851
2025-08-12 14:49:53,630 INFO  [org.apa.kaf.com.uti.AppInfoParser] (main) Kafka startTimeMs: 1755010193630
2025-08-12 14:49:53,630 INFO  [io.api.tes.ser.api.SimpleSerdesTesterBuilder$SimpleSerdesTester] (main) Using producer configuration: {apicurio.registry.find-latest=true, apicurio.registry.url=http://registry-app-pg17.apps.ci419.apicurio-testing.org:80/apis/registry/v3, apicurio.registry.artifact-resolver-strategy=io.apicurio.registry.serde.avro.strategy.RecordIdStrategy, value.serializer=io.apicurio.registry.serde.avro.AvroKafkaSerializer, request.timeout.ms=5000, acks=all, bootstrap.servers=PLAINTEXT://localhost:32769, connections.max.idle.ms=10000, key.serializer=org.apache.kafka.common.serialization.StringSerializer, client.id=Producer-topic-08983aa4_f871_445f_85e9_6bc306a7764f}
2025-08-12 14:49:53,630 INFO  [io.api.tes.ser.api.SimpleSerdesTesterBuilder$SimpleSerdesTester] (main) Using consumer configuration: {}
2025-08-12 14:49:53,630 INFO  [io.api.tes.ser.api.KafkaSerdesTester] (Thread-627) Sending message {"key11755010192471": "value-0"} to topic topic-08983aa4_f871_445f_85e9_6bc306a7764f
2025-08-12 14:49:53,634 INFO  [org.apa.kaf.cli.Metadata] (kafka-producer-network-thread | Producer-topic-08983aa4_f871_445f_85e9_6bc306a7764f) [Producer clientId=Producer-topic-08983aa4_f871_445f_85e9_6bc306a7764f] Cluster ID: 4oDFBklZQKWClKkNkfg_eQ
2025-08-12 14:49:53,636 INFO  [org.apa.kaf.cli.pro.int.TransactionManager] (kafka-producer-network-thread | Producer-topic-08983aa4_f871_445f_85e9_6bc306a7764f) [Producer clientId=Producer-topic-08983aa4_f871_445f_85e9_6bc306a7764f] ProducerId set to 5 with epoch 0
2025-08-12 14:49:53,926 INFO  [io.api.tes.ser.api.KafkaSerdesTester] (Thread-627) Sending message {"key11755010192471": "value-1"} to topic topic-08983aa4_f871_445f_85e9_6bc306a7764f
2025-08-12 14:49:53,928 INFO  [io.api.tes.ser.api.KafkaSerdesTester] (Thread-627) Sending message {"key11755010192471": "value-2"} to topic topic-08983aa4_f871_445f_85e9_6bc306a7764f
2025-08-12 14:49:53,931 INFO  [io.api.tes.ser.api.KafkaSerdesTester] (Thread-627) Sending message {"key11755010192471": "value-3"} to topic topic-08983aa4_f871_445f_85e9_6bc306a7764f
2025-08-12 14:49:53,935 INFO  [io.api.tes.ser.api.KafkaSerdesTester] (Thread-627) Sending message {"key11755010192471": "value-4"} to topic topic-08983aa4_f871_445f_85e9_6bc306a7764f
2025-08-12 14:49:53,938 INFO  [io.api.tes.ser.api.KafkaSerdesTester] (Thread-627) Sending message {"key11755010192471": "value-5"} to topic topic-08983aa4_f871_445f_85e9_6bc306a7764f
2025-08-12 14:49:53,942 INFO  [io.api.tes.ser.api.KafkaSerdesTester] (Thread-627) Sending message {"key11755010192471": "value-6"} to topic topic-08983aa4_f871_445f_85e9_6bc306a7764f
2025-08-12 14:49:53,945 INFO  [io.api.tes.ser.api.KafkaSerdesTester] (Thread-627) Sending message {"key11755010192471": "value-7"} to topic topic-08983aa4_f871_445f_85e9_6bc306a7764f
2025-08-12 14:49:53,948 INFO  [io.api.tes.ser.api.KafkaSerdesTester] (Thread-627) Sending message {"key11755010192471": "value-8"} to topic topic-08983aa4_f871_445f_85e9_6bc306a7764f
2025-08-12 14:49:53,952 INFO  [io.api.tes.ser.api.KafkaSerdesTester] (Thread-627) Sending message {"key11755010192471": "value-9"} to topic topic-08983aa4_f871_445f_85e9_6bc306a7764f
2025-08-12 14:49:53,955 INFO  [io.api.tes.ser.api.KafkaSerdesTester] (Thread-627) Produced 10 messages
2025-08-12 14:49:53,955 INFO  [org.apa.kaf.cli.pro.KafkaProducer] (Thread-627) [Producer clientId=Producer-topic-08983aa4_f871_445f_85e9_6bc306a7764f] Closing the Kafka producer with timeoutMillis = 9223372036854775807 ms.
2025-08-12 14:49:53,960 INFO  [org.apa.kaf.com.met.Metrics] (Thread-627) Metrics scheduler closed
2025-08-12 14:49:53,960 INFO  [org.apa.kaf.com.met.Metrics] (Thread-627) Closing reporter org.apache.kafka.common.metrics.JmxReporter
2025-08-12 14:49:53,960 INFO  [org.apa.kaf.com.met.Metrics] (Thread-627) Closing reporter org.apache.kafka.common.telemetry.internals.ClientTelemetryReporter
2025-08-12 14:49:53,960 INFO  [org.apa.kaf.com.met.Metrics] (Thread-627) Metrics reporters closed
2025-08-12 14:49:53,960 INFO  [org.apa.kaf.com.uti.AppInfoParser] (Thread-627) App info kafka.producer for Producer-topic-08983aa4_f871_445f_85e9_6bc306a7764f unregistered
**** Registry Base URL: http://registry-app-pg17.apps.ci419.apicurio-testing.org:80
2025-08-12 14:49:53,961 INFO  [org.apa.kaf.cli.con.ConsumerConfig] (main) ConsumerConfig values: 
	allow.auto.create.topics = true
	auto.commit.interval.ms = 500
	auto.include.jmx.reporter = true
	auto.offset.reset = earliest
	bootstrap.servers = [PLAINTEXT://localhost:32769]
	check.crcs = true
	client.dns.lookup = use_all_dns_ips
	client.id = consumer-Consumer-topic-08983aa4_f871_445f_85e9_6bc306a7764f-5
	client.rack = 
	connections.max.idle.ms = 10000
	default.api.timeout.ms = 60000
	enable.auto.commit = true
	enable.metrics.push = true
	exclude.internal.topics = true
	fetch.max.bytes = 52428800
	fetch.max.wait.ms = 500
	fetch.min.bytes = 1
	group.id = Consumer-topic-08983aa4_f871_445f_85e9_6bc306a7764f
	group.instance.id = null
	group.protocol = classic
	group.remote.assignor = null
	heartbeat.interval.ms = 3000
	interceptor.classes = []
	internal.leave.group.on.close = true
	internal.throw.on.fetch.stable.offset.unsupported = false
	isolation.level = read_uncommitted
	key.deserializer = class org.apache.kafka.common.serialization.StringDeserializer
	max.partition.fetch.bytes = 1048576
	max.poll.interval.ms = 300000
	max.poll.records = 500
	metadata.max.age.ms = 300000
	metadata.recovery.strategy = none
	metric.reporters = []
	metrics.num.samples = 2
	metrics.recording.level = INFO
	metrics.sample.window.ms = 30000
	partition.assignment.strategy = [class org.apache.kafka.clients.consumer.RangeAssignor, class org.apache.kafka.clients.consumer.CooperativeStickyAssignor]
	receive.buffer.bytes = 65536
	reconnect.backoff.max.ms = 1000
	reconnect.backoff.ms = 50
	request.timeout.ms = 5000
	retry.backoff.max.ms = 1000
	retry.backoff.ms = 100
	sasl.client.callback.handler.class = null
	sasl.jaas.config = null
	sasl.kerberos.kinit.cmd = /usr/bin/kinit
	sasl.kerberos.min.time.before.relogin = 60000
	sasl.kerberos.service.name = null
	sasl.kerberos.ticket.renew.jitter = 0.05
	sasl.kerberos.ticket.renew.window.factor = 0.8
	sasl.login.callback.handler.class = null
	sasl.login.class = null
	sasl.login.connect.timeout.ms = null
	sasl.login.read.timeout.ms = null
	sasl.login.refresh.buffer.seconds = 300
	sasl.login.refresh.min.period.seconds = 60
	sasl.login.refresh.window.factor = 0.8
	sasl.login.refresh.window.jitter = 0.05
	sasl.login.retry.backoff.max.ms = 10000
	sasl.login.retry.backoff.ms = 100
	sasl.mechanism = GSSAPI
	sasl.oauthbearer.clock.skew.seconds = 30
	sasl.oauthbearer.expected.audience = null
	sasl.oauthbearer.expected.issuer = null
	sasl.oauthbearer.header.urlencode = false
	sasl.oauthbearer.jwks.endpoint.refresh.ms = 3600000
	sasl.oauthbearer.jwks.endpoint.retry.backoff.max.ms = 10000
	sasl.oauthbearer.jwks.endpoint.retry.backoff.ms = 100
	sasl.oauthbearer.jwks.endpoint.url = null
	sasl.oauthbearer.scope.claim.name = scope
	sasl.oauthbearer.sub.claim.name = sub
	sasl.oauthbearer.token.endpoint.url = null
	security.protocol = PLAINTEXT
	security.providers = null
	send.buffer.bytes = 131072
	session.timeout.ms = 45000
	socket.connection.setup.timeout.max.ms = 30000
	socket.connection.setup.timeout.ms = 10000
	ssl.cipher.suites = null
	ssl.enabled.protocols = [TLSv1.2, TLSv1.3]
	ssl.endpoint.identification.algorithm = https
	ssl.engine.factory.class = null
	ssl.key.password = null
	ssl.keymanager.algorithm = SunX509
	ssl.keystore.certificate.chain = null
	ssl.keystore.key = null
	ssl.keystore.location = null
	ssl.keystore.password = null
	ssl.keystore.type = JKS
	ssl.protocol = TLSv1.3
	ssl.provider = null
	ssl.secure.random.implementation = null
	ssl.trustmanager.algorithm = PKIX
	ssl.truststore.certificates = null
	ssl.truststore.location = null
	ssl.truststore.password = null
	ssl.truststore.type = JKS
	value.deserializer = class io.apicurio.registry.serde.avro.AvroKafkaDeserializer

2025-08-12 14:49:53,961 INFO  [org.apa.kaf.com.tel.int.KafkaMetricsCollector] (main) initializing Kafka metrics collector
2025-08-12 14:49:53,974 INFO  [org.apa.kaf.cli.con.ConsumerConfig] (main) These configurations '[apicurio.registry.url]' were supplied but are not used yet.
2025-08-12 14:49:53,975 INFO  [org.apa.kaf.com.uti.AppInfoParser] (main) Kafka version: 3.9.1
2025-08-12 14:49:53,975 INFO  [org.apa.kaf.com.uti.AppInfoParser] (main) Kafka commitId: f745dfdcee2b9851
2025-08-12 14:49:53,975 INFO  [org.apa.kaf.com.uti.AppInfoParser] (main) Kafka startTimeMs: 1755010193975
2025-08-12 14:49:53,975 INFO  [org.apa.kaf.cli.con.int.ClassicKafkaConsumer] (Thread-630) [Consumer clientId=consumer-Consumer-topic-08983aa4_f871_445f_85e9_6bc306a7764f-5, groupId=Consumer-topic-08983aa4_f871_445f_85e9_6bc306a7764f] Subscribed to topic(s): topic-08983aa4_f871_445f_85e9_6bc306a7764f
2025-08-12 14:49:53,982 INFO  [org.apa.kaf.cli.Metadata] (Thread-630) [Consumer clientId=consumer-Consumer-topic-08983aa4_f871_445f_85e9_6bc306a7764f-5, groupId=Consumer-topic-08983aa4_f871_445f_85e9_6bc306a7764f] Cluster ID: 4oDFBklZQKWClKkNkfg_eQ
2025-08-12 14:49:53,985 INFO  [org.apa.kaf.cli.con.int.ConsumerCoordinator] (Thread-630) [Consumer clientId=consumer-Consumer-topic-08983aa4_f871_445f_85e9_6bc306a7764f-5, groupId=Consumer-topic-08983aa4_f871_445f_85e9_6bc306a7764f] Discovered group coordinator localhost:32769 (id: 2147483647 rack: null)
2025-08-12 14:49:53,988 INFO  [org.apa.kaf.cli.con.int.ConsumerCoordinator] (Thread-630) [Consumer clientId=consumer-Consumer-topic-08983aa4_f871_445f_85e9_6bc306a7764f-5, groupId=Consumer-topic-08983aa4_f871_445f_85e9_6bc306a7764f] (Re-)joining group
2025-08-12 14:49:53,995 INFO  [org.apa.kaf.cli.con.int.ConsumerCoordinator] (Thread-630) [Consumer clientId=consumer-Consumer-topic-08983aa4_f871_445f_85e9_6bc306a7764f-5, groupId=Consumer-topic-08983aa4_f871_445f_85e9_6bc306a7764f] Request joining group due to: need to re-join with the given member-id: consumer-Consumer-topic-08983aa4_f871_445f_85e9_6bc306a7764f-5-f0825270-56bc-4ca8-a473-4b5131d51929
2025-08-12 14:49:53,996 INFO  [org.apa.kaf.cli.con.int.ConsumerCoordinator] (Thread-630) [Consumer clientId=consumer-Consumer-topic-08983aa4_f871_445f_85e9_6bc306a7764f-5, groupId=Consumer-topic-08983aa4_f871_445f_85e9_6bc306a7764f] (Re-)joining group
2025-08-12 14:49:54,975 INFO  [io.api.tes.ser.api.KafkaSerdesTester] (Thread-630) None found
2025-08-12 14:49:55,976 INFO  [io.api.tes.ser.api.KafkaSerdesTester] (Thread-630) None found
2025-08-12 14:49:56,977 INFO  [io.api.tes.ser.api.KafkaSerdesTester] (Thread-630) None found
2025-08-12 14:49:56,999 INFO  [org.apa.kaf.cli.con.int.ConsumerCoordinator] (Thread-630) [Consumer clientId=consumer-Consumer-topic-08983aa4_f871_445f_85e9_6bc306a7764f-5, groupId=Consumer-topic-08983aa4_f871_445f_85e9_6bc306a7764f] Successfully joined group with generation Generation{generationId=1, memberId='consumer-Consumer-topic-08983aa4_f871_445f_85e9_6bc306a7764f-5-f0825270-56bc-4ca8-a473-4b5131d51929', protocol='range'}
2025-08-12 14:49:57,000 INFO  [org.apa.kaf.cli.con.int.ConsumerCoordinator] (Thread-630) [Consumer clientId=consumer-Consumer-topic-08983aa4_f871_445f_85e9_6bc306a7764f-5, groupId=Consumer-topic-08983aa4_f871_445f_85e9_6bc306a7764f] Finished assignment for group at generation 1: {consumer-Consumer-topic-08983aa4_f871_445f_85e9_6bc306a7764f-5-f0825270-56bc-4ca8-a473-4b5131d51929=Assignment(partitions=[topic-08983aa4_f871_445f_85e9_6bc306a7764f-0])}
2025-08-12 14:49:57,007 INFO  [org.apa.kaf.cli.con.int.ConsumerCoordinator] (Thread-630) [Consumer clientId=consumer-Consumer-topic-08983aa4_f871_445f_85e9_6bc306a7764f-5, groupId=Consumer-topic-08983aa4_f871_445f_85e9_6bc306a7764f] Successfully synced group in generation Generation{generationId=1, memberId='consumer-Consumer-topic-08983aa4_f871_445f_85e9_6bc306a7764f-5-f0825270-56bc-4ca8-a473-4b5131d51929', protocol='range'}
2025-08-12 14:49:57,007 INFO  [org.apa.kaf.cli.con.int.ConsumerCoordinator] (Thread-630) [Consumer clientId=consumer-Consumer-topic-08983aa4_f871_445f_85e9_6bc306a7764f-5, groupId=Consumer-topic-08983aa4_f871_445f_85e9_6bc306a7764f] Notifying assignor about the new Assignment(partitions=[topic-08983aa4_f871_445f_85e9_6bc306a7764f-0])
2025-08-12 14:49:57,007 INFO  [org.apa.kaf.cli.con.int.ConsumerRebalanceListenerInvoker] (Thread-630) [Consumer clientId=consumer-Consumer-topic-08983aa4_f871_445f_85e9_6bc306a7764f-5, groupId=Consumer-topic-08983aa4_f871_445f_85e9_6bc306a7764f] Adding newly assigned partitions: topic-08983aa4_f871_445f_85e9_6bc306a7764f-0
2025-08-12 14:49:57,008 INFO  [org.apa.kaf.cli.con.int.ConsumerCoordinator] (Thread-630) [Consumer clientId=consumer-Consumer-topic-08983aa4_f871_445f_85e9_6bc306a7764f-5, groupId=Consumer-topic-08983aa4_f871_445f_85e9_6bc306a7764f] Found no committed offset for partition topic-08983aa4_f871_445f_85e9_6bc306a7764f-0
2025-08-12 14:49:57,013 INFO  [org.apa.kaf.cli.con.int.SubscriptionState] (Thread-630) [Consumer clientId=consumer-Consumer-topic-08983aa4_f871_445f_85e9_6bc306a7764f-5, groupId=Consumer-topic-08983aa4_f871_445f_85e9_6bc306a7764f] Resetting offset for partition topic-08983aa4_f871_445f_85e9_6bc306a7764f-0 to position FetchPosition{offset=0, offsetEpoch=Optional.empty, currentLeader=LeaderAndEpoch{leader=Optional[localhost:32769 (id: 0 rack: null)], epoch=0}}.
2025-08-12 14:49:57,205 INFO  [io.api.tes.ser.api.KafkaSerdesTester] (Thread-630) topic-08983aa4_f871_445f_85e9_6bc306a7764f 0 0 {"key11755010192471": "value-0"}
2025-08-12 14:49:57,206 INFO  [io.api.tes.ser.api.KafkaSerdesTester] (Thread-630) topic-08983aa4_f871_445f_85e9_6bc306a7764f 0 1 {"key11755010192471": "value-1"}
2025-08-12 14:49:57,206 INFO  [io.api.tes.ser.api.KafkaSerdesTester] (Thread-630) topic-08983aa4_f871_445f_85e9_6bc306a7764f 0 2 {"key11755010192471": "value-2"}
2025-08-12 14:49:57,206 INFO  [io.api.tes.ser.api.KafkaSerdesTester] (Thread-630) topic-08983aa4_f871_445f_85e9_6bc306a7764f 0 3 {"key11755010192471": "value-3"}
2025-08-12 14:49:57,206 INFO  [io.api.tes.ser.api.KafkaSerdesTester] (Thread-630) topic-08983aa4_f871_445f_85e9_6bc306a7764f 0 4 {"key11755010192471": "value-4"}
2025-08-12 14:49:57,206 INFO  [io.api.tes.ser.api.KafkaSerdesTester] (Thread-630) topic-08983aa4_f871_445f_85e9_6bc306a7764f 0 5 {"key11755010192471": "value-5"}
2025-08-12 14:49:57,206 INFO  [io.api.tes.ser.api.KafkaSerdesTester] (Thread-630) topic-08983aa4_f871_445f_85e9_6bc306a7764f 0 6 {"key11755010192471": "value-6"}
2025-08-12 14:49:57,206 INFO  [io.api.tes.ser.api.KafkaSerdesTester] (Thread-630) topic-08983aa4_f871_445f_85e9_6bc306a7764f 0 7 {"key11755010192471": "value-7"}
2025-08-12 14:49:57,206 INFO  [io.api.tes.ser.api.KafkaSerdesTester] (Thread-630) topic-08983aa4_f871_445f_85e9_6bc306a7764f 0 8 {"key11755010192471": "value-8"}
2025-08-12 14:49:57,206 INFO  [io.api.tes.ser.api.KafkaSerdesTester] (Thread-630) topic-08983aa4_f871_445f_85e9_6bc306a7764f 0 9 {"key11755010192471": "value-9"}
2025-08-12 14:49:57,206 INFO  [io.api.tes.ser.api.KafkaSerdesTester] (Thread-630) Consumed 10 messages
2025-08-12 14:49:57,213 INFO  [org.apa.kaf.cli.con.int.ConsumerRebalanceListenerInvoker] (Thread-630) [Consumer clientId=consumer-Consumer-topic-08983aa4_f871_445f_85e9_6bc306a7764f-5, groupId=Consumer-topic-08983aa4_f871_445f_85e9_6bc306a7764f] Revoke previously assigned partitions topic-08983aa4_f871_445f_85e9_6bc306a7764f-0
2025-08-12 14:49:57,213 INFO  [org.apa.kaf.cli.con.int.ConsumerCoordinator] (Thread-630) [Consumer clientId=consumer-Consumer-topic-08983aa4_f871_445f_85e9_6bc306a7764f-5, groupId=Consumer-topic-08983aa4_f871_445f_85e9_6bc306a7764f] Member consumer-Consumer-topic-08983aa4_f871_445f_85e9_6bc306a7764f-5-f0825270-56bc-4ca8-a473-4b5131d51929 sending LeaveGroup request to coordinator localhost:32769 (id: 2147483647 rack: null) due to the consumer is being closed
2025-08-12 14:49:57,214 INFO  [org.apa.kaf.cli.con.int.ConsumerCoordinator] (Thread-630) [Consumer clientId=consumer-Consumer-topic-08983aa4_f871_445f_85e9_6bc306a7764f-5, groupId=Consumer-topic-08983aa4_f871_445f_85e9_6bc306a7764f] Resetting generation and member id due to: consumer pro-actively leaving the group
2025-08-12 14:49:57,214 INFO  [org.apa.kaf.cli.con.int.ConsumerCoordinator] (Thread-630) [Consumer clientId=consumer-Consumer-topic-08983aa4_f871_445f_85e9_6bc306a7764f-5, groupId=Consumer-topic-08983aa4_f871_445f_85e9_6bc306a7764f] Request joining group due to: consumer pro-actively leaving the group
2025-08-12 14:49:57,711 INFO  [org.apa.kaf.com.met.Metrics] (Thread-630) Metrics scheduler closed
2025-08-12 14:49:57,712 INFO  [org.apa.kaf.com.met.Metrics] (Thread-630) Closing reporter org.apache.kafka.common.metrics.JmxReporter
2025-08-12 14:49:57,712 INFO  [org.apa.kaf.com.met.Metrics] (Thread-630) Closing reporter org.apache.kafka.common.telemetry.internals.ClientTelemetryReporter
2025-08-12 14:49:57,712 INFO  [org.apa.kaf.com.met.Metrics] (Thread-630) Metrics reporters closed
2025-08-12 14:49:57,716 INFO  [org.apa.kaf.com.uti.AppInfoParser] (Thread-630) App info kafka.consumer for consumer-Consumer-topic-08983aa4_f871_445f_85e9_6bc306a7764f-5 unregistered
2025-08-12 14:49:57,716 INFO  [io.api.tes.uti.TestSeparator] (main) io.apicurio.tests.serdes.apicurio.AvroSerdeIT.testRecordIdStrategydFindLatest-FINISHED
2025-08-12 14:49:57,716 INFO  [io.api.tes.uti.TestSeparator] (main) ############################################################################
Test passed: testRecordIdStrategydFindLatest
]]></system-out>
  </testcase>
  <testcase name="testReflectAutoRegister" classname="io.apicurio.tests.serdes.apicurio.AvroSerdeIT" time="4.272">
    <system-out><![CDATA[2025-08-12 14:49:57,720 INFO  [io.api.tes.uti.TestSeparator] (main) ############################################################################
2025-08-12 14:49:57,720 INFO  [io.api.tes.uti.TestSeparator] (main) io.apicurio.tests.serdes.apicurio.AvroSerdeIT.testReflectAutoRegister-STARTED
**** Registry Base URL: http://registry-app-pg17.apps.ci419.apicurio-testing.org:80
2025-08-12 14:49:57,726 INFO  [org.apa.kaf.cli.pro.ProducerConfig] (main) ProducerConfig values: 
	acks = -1
	auto.include.jmx.reporter = true
	batch.size = 16384
	bootstrap.servers = [PLAINTEXT://localhost:32769]
	buffer.memory = 33554432
	client.dns.lookup = use_all_dns_ips
	client.id = Producer-topic-5fac852b_cf6d_41b7_b9b9_6f0e013bd297
	compression.gzip.level = -1
	compression.lz4.level = 9
	compression.type = none
	compression.zstd.level = 3
	connections.max.idle.ms = 10000
	delivery.timeout.ms = 120000
	enable.idempotence = true
	enable.metrics.push = true
	interceptor.classes = []
	key.serializer = class org.apache.kafka.common.serialization.StringSerializer
	linger.ms = 0
	max.block.ms = 60000
	max.in.flight.requests.per.connection = 5
	max.request.size = 1048576
	metadata.max.age.ms = 300000
	metadata.max.idle.ms = 300000
	metadata.recovery.strategy = none
	metric.reporters = []
	metrics.num.samples = 2
	metrics.recording.level = INFO
	metrics.sample.window.ms = 30000
	partitioner.adaptive.partitioning.enable = true
	partitioner.availability.timeout.ms = 0
	partitioner.class = null
	partitioner.ignore.keys = false
	receive.buffer.bytes = 32768
	reconnect.backoff.max.ms = 1000
	reconnect.backoff.ms = 50
	request.timeout.ms = 5000
	retries = 2147483647
	retry.backoff.max.ms = 1000
	retry.backoff.ms = 100
	sasl.client.callback.handler.class = null
	sasl.jaas.config = null
	sasl.kerberos.kinit.cmd = /usr/bin/kinit
	sasl.kerberos.min.time.before.relogin = 60000
	sasl.kerberos.service.name = null
	sasl.kerberos.ticket.renew.jitter = 0.05
	sasl.kerberos.ticket.renew.window.factor = 0.8
	sasl.login.callback.handler.class = null
	sasl.login.class = null
	sasl.login.connect.timeout.ms = null
	sasl.login.read.timeout.ms = null
	sasl.login.refresh.buffer.seconds = 300
	sasl.login.refresh.min.period.seconds = 60
	sasl.login.refresh.window.factor = 0.8
	sasl.login.refresh.window.jitter = 0.05
	sasl.login.retry.backoff.max.ms = 10000
	sasl.login.retry.backoff.ms = 100
	sasl.mechanism = GSSAPI
	sasl.oauthbearer.clock.skew.seconds = 30
	sasl.oauthbearer.expected.audience = null
	sasl.oauthbearer.expected.issuer = null
	sasl.oauthbearer.header.urlencode = false
	sasl.oauthbearer.jwks.endpoint.refresh.ms = 3600000
	sasl.oauthbearer.jwks.endpoint.retry.backoff.max.ms = 10000
	sasl.oauthbearer.jwks.endpoint.retry.backoff.ms = 100
	sasl.oauthbearer.jwks.endpoint.url = null
	sasl.oauthbearer.scope.claim.name = scope
	sasl.oauthbearer.sub.claim.name = sub
	sasl.oauthbearer.token.endpoint.url = null
	security.protocol = PLAINTEXT
	security.providers = null
	send.buffer.bytes = 131072
	socket.connection.setup.timeout.max.ms = 30000
	socket.connection.setup.timeout.ms = 10000
	ssl.cipher.suites = null
	ssl.enabled.protocols = [TLSv1.2, TLSv1.3]
	ssl.endpoint.identification.algorithm = https
	ssl.engine.factory.class = null
	ssl.key.password = null
	ssl.keymanager.algorithm = SunX509
	ssl.keystore.certificate.chain = null
	ssl.keystore.key = null
	ssl.keystore.location = null
	ssl.keystore.password = null
	ssl.keystore.type = JKS
	ssl.protocol = TLSv1.3
	ssl.provider = null
	ssl.secure.random.implementation = null
	ssl.trustmanager.algorithm = PKIX
	ssl.truststore.certificates = null
	ssl.truststore.location = null
	ssl.truststore.password = null
	ssl.truststore.type = JKS
	transaction.timeout.ms = 60000
	transactional.id = null
	value.serializer = class io.apicurio.registry.serde.avro.AvroKafkaSerializer

2025-08-12 14:49:57,726 INFO  [org.apa.kaf.com.tel.int.KafkaMetricsCollector] (main) initializing Kafka metrics collector
2025-08-12 14:49:57,739 INFO  [org.apa.kaf.cli.pro.KafkaProducer] (main) [Producer clientId=Producer-topic-5fac852b_cf6d_41b7_b9b9_6f0e013bd297] Instantiated an idempotent producer.
2025-08-12 14:49:57,742 INFO  [org.apa.kaf.cli.pro.ProducerConfig] (main) These configurations '[apicurio.registry.url, apicurio.registry.auto-register, apicurio.registry.artifact-resolver-strategy, apicurio.registry.avro-datum-provider]' were supplied but are not used yet.
2025-08-12 14:49:57,744 INFO  [org.apa.kaf.com.uti.AppInfoParser] (main) Kafka version: 3.9.1
2025-08-12 14:49:57,744 INFO  [org.apa.kaf.com.uti.AppInfoParser] (main) Kafka commitId: f745dfdcee2b9851
2025-08-12 14:49:57,744 INFO  [org.apa.kaf.com.uti.AppInfoParser] (main) Kafka startTimeMs: 1755010197742
2025-08-12 14:49:57,744 INFO  [io.api.tes.ser.api.SimpleSerdesTesterBuilder$SimpleSerdesTester] (main) Using producer configuration: {apicurio.registry.url=http://registry-app-pg17.apps.ci419.apicurio-testing.org:80/apis/registry/v3, apicurio.registry.auto-register=true, apicurio.registry.artifact-resolver-strategy=io.apicurio.registry.serde.strategy.TopicIdStrategy, value.serializer=io.apicurio.registry.serde.avro.AvroKafkaSerializer, request.timeout.ms=5000, acks=all, bootstrap.servers=PLAINTEXT://localhost:32769, connections.max.idle.ms=10000, key.serializer=org.apache.kafka.common.serialization.StringSerializer, apicurio.registry.avro-datum-provider=io.apicurio.registry.serde.avro.ReflectAvroDatumProvider, client.id=Producer-topic-5fac852b_cf6d_41b7_b9b9_6f0e013bd297}
2025-08-12 14:49:57,744 INFO  [io.api.tes.ser.api.SimpleSerdesTesterBuilder$SimpleSerdesTester] (main) Using consumer configuration: {apicurio.registry.avro-datum-provider=io.apicurio.registry.serde.avro.ReflectAvroDatumProvider}
2025-08-12 14:49:57,745 INFO  [io.api.tes.ser.api.KafkaSerdesTester] (Thread-633) Sending message io.apicurio.tests.common.serdes.TestObject@3dbd29cb to topic topic-5fac852b_cf6d_41b7_b9b9_6f0e013bd297
2025-08-12 14:49:57,749 WARN  [org.apa.kaf.cli.NetworkClient] (kafka-producer-network-thread | Producer-topic-5fac852b_cf6d_41b7_b9b9_6f0e013bd297) [Producer clientId=Producer-topic-5fac852b_cf6d_41b7_b9b9_6f0e013bd297] The metadata response from the cluster reported a recoverable issue with correlation id 1 : {topic-5fac852b_cf6d_41b7_b9b9_6f0e013bd297=UNKNOWN_TOPIC_OR_PARTITION}
2025-08-12 14:49:57,750 INFO  [org.apa.kaf.cli.Metadata] (kafka-producer-network-thread | Producer-topic-5fac852b_cf6d_41b7_b9b9_6f0e013bd297) [Producer clientId=Producer-topic-5fac852b_cf6d_41b7_b9b9_6f0e013bd297] Cluster ID: 4oDFBklZQKWClKkNkfg_eQ
2025-08-12 14:49:57,750 INFO  [org.apa.kaf.cli.pro.int.TransactionManager] (kafka-producer-network-thread | Producer-topic-5fac852b_cf6d_41b7_b9b9_6f0e013bd297) [Producer clientId=Producer-topic-5fac852b_cf6d_41b7_b9b9_6f0e013bd297] ProducerId set to 6 with epoch 0
2025-08-12 14:49:58,017 INFO  [io.api.tes.ser.api.KafkaSerdesTester] (Thread-633) Sending message io.apicurio.tests.common.serdes.TestObject@3dbd29cb to topic topic-5fac852b_cf6d_41b7_b9b9_6f0e013bd297
2025-08-12 14:49:58,020 INFO  [io.api.tes.ser.api.KafkaSerdesTester] (Thread-633) Sending message io.apicurio.tests.common.serdes.TestObject@3dbd29cb to topic topic-5fac852b_cf6d_41b7_b9b9_6f0e013bd297
2025-08-12 14:49:58,022 INFO  [io.api.tes.ser.api.KafkaSerdesTester] (Thread-633) Sending message io.apicurio.tests.common.serdes.TestObject@3dbd29cb to topic topic-5fac852b_cf6d_41b7_b9b9_6f0e013bd297
2025-08-12 14:49:58,024 INFO  [io.api.tes.ser.api.KafkaSerdesTester] (Thread-633) Sending message io.apicurio.tests.common.serdes.TestObject@3dbd29cb to topic topic-5fac852b_cf6d_41b7_b9b9_6f0e013bd297
2025-08-12 14:49:58,026 INFO  [io.api.tes.ser.api.KafkaSerdesTester] (Thread-633) Sending message io.apicurio.tests.common.serdes.TestObject@3dbd29cb to topic topic-5fac852b_cf6d_41b7_b9b9_6f0e013bd297
2025-08-12 14:49:58,029 INFO  [io.api.tes.ser.api.KafkaSerdesTester] (Thread-633) Sending message io.apicurio.tests.common.serdes.TestObject@3dbd29cb to topic topic-5fac852b_cf6d_41b7_b9b9_6f0e013bd297
2025-08-12 14:49:58,033 INFO  [io.api.tes.ser.api.KafkaSerdesTester] (Thread-633) Sending message io.apicurio.tests.common.serdes.TestObject@3dbd29cb to topic topic-5fac852b_cf6d_41b7_b9b9_6f0e013bd297
2025-08-12 14:49:58,035 INFO  [io.api.tes.ser.api.KafkaSerdesTester] (Thread-633) Sending message io.apicurio.tests.common.serdes.TestObject@3dbd29cb to topic topic-5fac852b_cf6d_41b7_b9b9_6f0e013bd297
2025-08-12 14:49:58,039 INFO  [io.api.tes.ser.api.KafkaSerdesTester] (Thread-633) Sending message io.apicurio.tests.common.serdes.TestObject@3dbd29cb to topic topic-5fac852b_cf6d_41b7_b9b9_6f0e013bd297
2025-08-12 14:49:58,042 INFO  [io.api.tes.ser.api.KafkaSerdesTester] (Thread-633) Produced 10 messages
2025-08-12 14:49:58,042 INFO  [org.apa.kaf.cli.pro.KafkaProducer] (Thread-633) [Producer clientId=Producer-topic-5fac852b_cf6d_41b7_b9b9_6f0e013bd297] Closing the Kafka producer with timeoutMillis = 9223372036854775807 ms.
2025-08-12 14:49:58,045 INFO  [org.apa.kaf.com.met.Metrics] (Thread-633) Metrics scheduler closed
2025-08-12 14:49:58,045 INFO  [org.apa.kaf.com.met.Metrics] (Thread-633) Closing reporter org.apache.kafka.common.metrics.JmxReporter
2025-08-12 14:49:58,045 INFO  [org.apa.kaf.com.met.Metrics] (Thread-633) Closing reporter org.apache.kafka.common.telemetry.internals.ClientTelemetryReporter
2025-08-12 14:49:58,045 INFO  [org.apa.kaf.com.met.Metrics] (Thread-633) Metrics reporters closed
2025-08-12 14:49:58,045 INFO  [org.apa.kaf.com.uti.AppInfoParser] (Thread-633) App info kafka.producer for Producer-topic-5fac852b_cf6d_41b7_b9b9_6f0e013bd297 unregistered
**** Registry Base URL: http://registry-app-pg17.apps.ci419.apicurio-testing.org:80
2025-08-12 14:49:58,242 INFO  [org.apa.kaf.cli.con.ConsumerConfig] (main) ConsumerConfig values: 
	allow.auto.create.topics = true
	auto.commit.interval.ms = 500
	auto.include.jmx.reporter = true
	auto.offset.reset = earliest
	bootstrap.servers = [PLAINTEXT://localhost:32769]
	check.crcs = true
	client.dns.lookup = use_all_dns_ips
	client.id = consumer-Consumer-topic-5fac852b_cf6d_41b7_b9b9_6f0e013bd297-6
	client.rack = 
	connections.max.idle.ms = 10000
	default.api.timeout.ms = 60000
	enable.auto.commit = true
	enable.metrics.push = true
	exclude.internal.topics = true
	fetch.max.bytes = 52428800
	fetch.max.wait.ms = 500
	fetch.min.bytes = 1
	group.id = Consumer-topic-5fac852b_cf6d_41b7_b9b9_6f0e013bd297
	group.instance.id = null
	group.protocol = classic
	group.remote.assignor = null
	heartbeat.interval.ms = 3000
	interceptor.classes = []
	internal.leave.group.on.close = true
	internal.throw.on.fetch.stable.offset.unsupported = false
	isolation.level = read_uncommitted
	key.deserializer = class org.apache.kafka.common.serialization.StringDeserializer
	max.partition.fetch.bytes = 1048576
	max.poll.interval.ms = 300000
	max.poll.records = 500
	metadata.max.age.ms = 300000
	metadata.recovery.strategy = none
	metric.reporters = []
	metrics.num.samples = 2
	metrics.recording.level = INFO
	metrics.sample.window.ms = 30000
	partition.assignment.strategy = [class org.apache.kafka.clients.consumer.RangeAssignor, class org.apache.kafka.clients.consumer.CooperativeStickyAssignor]
	receive.buffer.bytes = 65536
	reconnect.backoff.max.ms = 1000
	reconnect.backoff.ms = 50
	request.timeout.ms = 5000
	retry.backoff.max.ms = 1000
	retry.backoff.ms = 100
	sasl.client.callback.handler.class = null
	sasl.jaas.config = null
	sasl.kerberos.kinit.cmd = /usr/bin/kinit
	sasl.kerberos.min.time.before.relogin = 60000
	sasl.kerberos.service.name = null
	sasl.kerberos.ticket.renew.jitter = 0.05
	sasl.kerberos.ticket.renew.window.factor = 0.8
	sasl.login.callback.handler.class = null
	sasl.login.class = null
	sasl.login.connect.timeout.ms = null
	sasl.login.read.timeout.ms = null
	sasl.login.refresh.buffer.seconds = 300
	sasl.login.refresh.min.period.seconds = 60
	sasl.login.refresh.window.factor = 0.8
	sasl.login.refresh.window.jitter = 0.05
	sasl.login.retry.backoff.max.ms = 10000
	sasl.login.retry.backoff.ms = 100
	sasl.mechanism = GSSAPI
	sasl.oauthbearer.clock.skew.seconds = 30
	sasl.oauthbearer.expected.audience = null
	sasl.oauthbearer.expected.issuer = null
	sasl.oauthbearer.header.urlencode = false
	sasl.oauthbearer.jwks.endpoint.refresh.ms = 3600000
	sasl.oauthbearer.jwks.endpoint.retry.backoff.max.ms = 10000
	sasl.oauthbearer.jwks.endpoint.retry.backoff.ms = 100
	sasl.oauthbearer.jwks.endpoint.url = null
	sasl.oauthbearer.scope.claim.name = scope
	sasl.oauthbearer.sub.claim.name = sub
	sasl.oauthbearer.token.endpoint.url = null
	security.protocol = PLAINTEXT
	security.providers = null
	send.buffer.bytes = 131072
	session.timeout.ms = 45000
	socket.connection.setup.timeout.max.ms = 30000
	socket.connection.setup.timeout.ms = 10000
	ssl.cipher.suites = null
	ssl.enabled.protocols = [TLSv1.2, TLSv1.3]
	ssl.endpoint.identification.algorithm = https
	ssl.engine.factory.class = null
	ssl.key.password = null
	ssl.keymanager.algorithm = SunX509
	ssl.keystore.certificate.chain = null
	ssl.keystore.key = null
	ssl.keystore.location = null
	ssl.keystore.password = null
	ssl.keystore.type = JKS
	ssl.protocol = TLSv1.3
	ssl.provider = null
	ssl.secure.random.implementation = null
	ssl.trustmanager.algorithm = PKIX
	ssl.truststore.certificates = null
	ssl.truststore.location = null
	ssl.truststore.password = null
	ssl.truststore.type = JKS
	value.deserializer = class io.apicurio.registry.serde.avro.AvroKafkaDeserializer

2025-08-12 14:49:58,242 INFO  [org.apa.kaf.com.tel.int.KafkaMetricsCollector] (main) initializing Kafka metrics collector
2025-08-12 14:49:58,248 INFO  [org.apa.kaf.cli.con.ConsumerConfig] (main) These configurations '[apicurio.registry.url, apicurio.registry.avro-datum-provider]' were supplied but are not used yet.
2025-08-12 14:49:58,248 INFO  [org.apa.kaf.com.uti.AppInfoParser] (main) Kafka version: 3.9.1
2025-08-12 14:49:58,248 INFO  [org.apa.kaf.com.uti.AppInfoParser] (main) Kafka commitId: f745dfdcee2b9851
2025-08-12 14:49:58,248 INFO  [org.apa.kaf.com.uti.AppInfoParser] (main) Kafka startTimeMs: 1755010198248
2025-08-12 14:49:58,249 INFO  [org.apa.kaf.cli.con.int.ClassicKafkaConsumer] (Thread-636) [Consumer clientId=consumer-Consumer-topic-5fac852b_cf6d_41b7_b9b9_6f0e013bd297-6, groupId=Consumer-topic-5fac852b_cf6d_41b7_b9b9_6f0e013bd297] Subscribed to topic(s): topic-5fac852b_cf6d_41b7_b9b9_6f0e013bd297
2025-08-12 14:49:58,255 INFO  [org.apa.kaf.cli.Metadata] (Thread-636) [Consumer clientId=consumer-Consumer-topic-5fac852b_cf6d_41b7_b9b9_6f0e013bd297-6, groupId=Consumer-topic-5fac852b_cf6d_41b7_b9b9_6f0e013bd297] Cluster ID: 4oDFBklZQKWClKkNkfg_eQ
2025-08-12 14:49:58,256 INFO  [org.apa.kaf.cli.con.int.ConsumerCoordinator] (Thread-636) [Consumer clientId=consumer-Consumer-topic-5fac852b_cf6d_41b7_b9b9_6f0e013bd297-6, groupId=Consumer-topic-5fac852b_cf6d_41b7_b9b9_6f0e013bd297] Discovered group coordinator localhost:32769 (id: 2147483647 rack: null)
2025-08-12 14:49:58,258 INFO  [org.apa.kaf.cli.con.int.ConsumerCoordinator] (Thread-636) [Consumer clientId=consumer-Consumer-topic-5fac852b_cf6d_41b7_b9b9_6f0e013bd297-6, groupId=Consumer-topic-5fac852b_cf6d_41b7_b9b9_6f0e013bd297] (Re-)joining group
2025-08-12 14:49:58,264 INFO  [org.apa.kaf.cli.con.int.ConsumerCoordinator] (Thread-636) [Consumer clientId=consumer-Consumer-topic-5fac852b_cf6d_41b7_b9b9_6f0e013bd297-6, groupId=Consumer-topic-5fac852b_cf6d_41b7_b9b9_6f0e013bd297] Request joining group due to: need to re-join with the given member-id: consumer-Consumer-topic-5fac852b_cf6d_41b7_b9b9_6f0e013bd297-6-a221951f-34d0-4db3-8677-9cd27d1a5462
2025-08-12 14:49:58,264 INFO  [org.apa.kaf.cli.con.int.ConsumerCoordinator] (Thread-636) [Consumer clientId=consumer-Consumer-topic-5fac852b_cf6d_41b7_b9b9_6f0e013bd297-6, groupId=Consumer-topic-5fac852b_cf6d_41b7_b9b9_6f0e013bd297] (Re-)joining group
2025-08-12 14:49:59,249 INFO  [io.api.tes.ser.api.KafkaSerdesTester] (Thread-636) None found
2025-08-12 14:50:00,249 INFO  [io.api.tes.ser.api.KafkaSerdesTester] (Thread-636) None found
2025-08-12 14:50:01,250 INFO  [io.api.tes.ser.api.KafkaSerdesTester] (Thread-636) None found
2025-08-12 14:50:01,266 INFO  [org.apa.kaf.cli.con.int.ConsumerCoordinator] (Thread-636) [Consumer clientId=consumer-Consumer-topic-5fac852b_cf6d_41b7_b9b9_6f0e013bd297-6, groupId=Consumer-topic-5fac852b_cf6d_41b7_b9b9_6f0e013bd297] Successfully joined group with generation Generation{generationId=1, memberId='consumer-Consumer-topic-5fac852b_cf6d_41b7_b9b9_6f0e013bd297-6-a221951f-34d0-4db3-8677-9cd27d1a5462', protocol='range'}
2025-08-12 14:50:01,267 INFO  [org.apa.kaf.cli.con.int.ConsumerCoordinator] (Thread-636) [Consumer clientId=consumer-Consumer-topic-5fac852b_cf6d_41b7_b9b9_6f0e013bd297-6, groupId=Consumer-topic-5fac852b_cf6d_41b7_b9b9_6f0e013bd297] Finished assignment for group at generation 1: {consumer-Consumer-topic-5fac852b_cf6d_41b7_b9b9_6f0e013bd297-6-a221951f-34d0-4db3-8677-9cd27d1a5462=Assignment(partitions=[topic-5fac852b_cf6d_41b7_b9b9_6f0e013bd297-0])}
2025-08-12 14:50:01,274 INFO  [org.apa.kaf.cli.con.int.ConsumerCoordinator] (Thread-636) [Consumer clientId=consumer-Consumer-topic-5fac852b_cf6d_41b7_b9b9_6f0e013bd297-6, groupId=Consumer-topic-5fac852b_cf6d_41b7_b9b9_6f0e013bd297] Successfully synced group in generation Generation{generationId=1, memberId='consumer-Consumer-topic-5fac852b_cf6d_41b7_b9b9_6f0e013bd297-6-a221951f-34d0-4db3-8677-9cd27d1a5462', protocol='range'}
2025-08-12 14:50:01,275 INFO  [org.apa.kaf.cli.con.int.ConsumerCoordinator] (Thread-636) [Consumer clientId=consumer-Consumer-topic-5fac852b_cf6d_41b7_b9b9_6f0e013bd297-6, groupId=Consumer-topic-5fac852b_cf6d_41b7_b9b9_6f0e013bd297] Notifying assignor about the new Assignment(partitions=[topic-5fac852b_cf6d_41b7_b9b9_6f0e013bd297-0])
2025-08-12 14:50:01,275 INFO  [org.apa.kaf.cli.con.int.ConsumerRebalanceListenerInvoker] (Thread-636) [Consumer clientId=consumer-Consumer-topic-5fac852b_cf6d_41b7_b9b9_6f0e013bd297-6, groupId=Consumer-topic-5fac852b_cf6d_41b7_b9b9_6f0e013bd297] Adding newly assigned partitions: topic-5fac852b_cf6d_41b7_b9b9_6f0e013bd297-0
2025-08-12 14:50:01,277 INFO  [org.apa.kaf.cli.con.int.ConsumerCoordinator] (Thread-636) [Consumer clientId=consumer-Consumer-topic-5fac852b_cf6d_41b7_b9b9_6f0e013bd297-6, groupId=Consumer-topic-5fac852b_cf6d_41b7_b9b9_6f0e013bd297] Found no committed offset for partition topic-5fac852b_cf6d_41b7_b9b9_6f0e013bd297-0
2025-08-12 14:50:01,283 INFO  [org.apa.kaf.cli.con.int.SubscriptionState] (Thread-636) [Consumer clientId=consumer-Consumer-topic-5fac852b_cf6d_41b7_b9b9_6f0e013bd297-6, groupId=Consumer-topic-5fac852b_cf6d_41b7_b9b9_6f0e013bd297] Resetting offset for partition topic-5fac852b_cf6d_41b7_b9b9_6f0e013bd297-0 to position FetchPosition{offset=0, offsetEpoch=Optional.empty, currentLeader=LeaderAndEpoch{leader=Optional[localhost:32769 (id: 0 rack: null)], epoch=0}}.
2025-08-12 14:50:01,480 INFO  [io.api.tes.ser.api.KafkaSerdesTester] (Thread-636) topic-5fac852b_cf6d_41b7_b9b9_6f0e013bd297 0 0 io.apicurio.tests.common.serdes.TestObject@3dbd29cb
2025-08-12 14:50:01,480 INFO  [io.api.tes.ser.api.KafkaSerdesTester] (Thread-636) topic-5fac852b_cf6d_41b7_b9b9_6f0e013bd297 0 1 io.apicurio.tests.common.serdes.TestObject@3dbd29cb
2025-08-12 14:50:01,480 INFO  [io.api.tes.ser.api.KafkaSerdesTester] (Thread-636) topic-5fac852b_cf6d_41b7_b9b9_6f0e013bd297 0 2 io.apicurio.tests.common.serdes.TestObject@3dbd29cb
2025-08-12 14:50:01,480 INFO  [io.api.tes.ser.api.KafkaSerdesTester] (Thread-636) topic-5fac852b_cf6d_41b7_b9b9_6f0e013bd297 0 3 io.apicurio.tests.common.serdes.TestObject@3dbd29cb
2025-08-12 14:50:01,480 INFO  [io.api.tes.ser.api.KafkaSerdesTester] (Thread-636) topic-5fac852b_cf6d_41b7_b9b9_6f0e013bd297 0 4 io.apicurio.tests.common.serdes.TestObject@3dbd29cb
2025-08-12 14:50:01,480 INFO  [io.api.tes.ser.api.KafkaSerdesTester] (Thread-636) topic-5fac852b_cf6d_41b7_b9b9_6f0e013bd297 0 5 io.apicurio.tests.common.serdes.TestObject@3dbd29cb
2025-08-12 14:50:01,480 INFO  [io.api.tes.ser.api.KafkaSerdesTester] (Thread-636) topic-5fac852b_cf6d_41b7_b9b9_6f0e013bd297 0 6 io.apicurio.tests.common.serdes.TestObject@3dbd29cb
2025-08-12 14:50:01,480 INFO  [io.api.tes.ser.api.KafkaSerdesTester] (Thread-636) topic-5fac852b_cf6d_41b7_b9b9_6f0e013bd297 0 7 io.apicurio.tests.common.serdes.TestObject@3dbd29cb
2025-08-12 14:50:01,480 INFO  [io.api.tes.ser.api.KafkaSerdesTester] (Thread-636) topic-5fac852b_cf6d_41b7_b9b9_6f0e013bd297 0 8 io.apicurio.tests.common.serdes.TestObject@3dbd29cb
2025-08-12 14:50:01,480 INFO  [io.api.tes.ser.api.KafkaSerdesTester] (Thread-636) topic-5fac852b_cf6d_41b7_b9b9_6f0e013bd297 0 9 io.apicurio.tests.common.serdes.TestObject@3dbd29cb
2025-08-12 14:50:01,480 INFO  [io.api.tes.ser.api.KafkaSerdesTester] (Thread-636) Consumed 10 messages
2025-08-12 14:50:01,489 INFO  [org.apa.kaf.cli.con.int.ConsumerRebalanceListenerInvoker] (Thread-636) [Consumer clientId=consumer-Consumer-topic-5fac852b_cf6d_41b7_b9b9_6f0e013bd297-6, groupId=Consumer-topic-5fac852b_cf6d_41b7_b9b9_6f0e013bd297] Revoke previously assigned partitions topic-5fac852b_cf6d_41b7_b9b9_6f0e013bd297-0
2025-08-12 14:50:01,489 INFO  [org.apa.kaf.cli.con.int.ConsumerCoordinator] (Thread-636) [Consumer clientId=consumer-Consumer-topic-5fac852b_cf6d_41b7_b9b9_6f0e013bd297-6, groupId=Consumer-topic-5fac852b_cf6d_41b7_b9b9_6f0e013bd297] Member consumer-Consumer-topic-5fac852b_cf6d_41b7_b9b9_6f0e013bd297-6-a221951f-34d0-4db3-8677-9cd27d1a5462 sending LeaveGroup request to coordinator localhost:32769 (id: 2147483647 rack: null) due to the consumer is being closed
2025-08-12 14:50:01,489 INFO  [org.apa.kaf.cli.con.int.ConsumerCoordinator] (Thread-636) [Consumer clientId=consumer-Consumer-topic-5fac852b_cf6d_41b7_b9b9_6f0e013bd297-6, groupId=Consumer-topic-5fac852b_cf6d_41b7_b9b9_6f0e013bd297] Resetting generation and member id due to: consumer pro-actively leaving the group
2025-08-12 14:50:01,489 INFO  [org.apa.kaf.cli.con.int.ConsumerCoordinator] (Thread-636) [Consumer clientId=consumer-Consumer-topic-5fac852b_cf6d_41b7_b9b9_6f0e013bd297-6, groupId=Consumer-topic-5fac852b_cf6d_41b7_b9b9_6f0e013bd297] Request joining group due to: consumer pro-actively leaving the group
2025-08-12 14:50:01,984 INFO  [org.apa.kaf.com.met.Metrics] (Thread-636) Metrics scheduler closed
2025-08-12 14:50:01,984 INFO  [org.apa.kaf.com.met.Metrics] (Thread-636) Closing reporter org.apache.kafka.common.metrics.JmxReporter
2025-08-12 14:50:01,984 INFO  [org.apa.kaf.com.met.Metrics] (Thread-636) Closing reporter org.apache.kafka.common.telemetry.internals.ClientTelemetryReporter
2025-08-12 14:50:01,984 INFO  [org.apa.kaf.com.met.Metrics] (Thread-636) Metrics reporters closed
2025-08-12 14:50:01,987 INFO  [org.apa.kaf.com.uti.AppInfoParser] (Thread-636) App info kafka.consumer for consumer-Consumer-topic-5fac852b_cf6d_41b7_b9b9_6f0e013bd297-6 unregistered
2025-08-12 14:50:01,988 INFO  [io.api.tes.uti.TestSeparator] (main) io.apicurio.tests.serdes.apicurio.AvroSerdeIT.testReflectAutoRegister-FINISHED
2025-08-12 14:50:01,988 INFO  [io.api.tes.uti.TestSeparator] (main) ############################################################################
Test passed: testReflectAutoRegister
]]></system-out>
  </testcase>
  <testcase name="testArtifactNotFound" classname="io.apicurio.tests.serdes.apicurio.AvroSerdeIT" time="0.372">
    <system-out><![CDATA[2025-08-12 14:50:02,001 INFO  [io.api.tes.uti.TestSeparator] (main) ############################################################################
2025-08-12 14:50:02,001 INFO  [io.api.tes.uti.TestSeparator] (main) io.apicurio.tests.serdes.apicurio.AvroSerdeIT.testArtifactNotFound-STARTED
**** Registry Base URL: http://registry-app-pg17.apps.ci419.apicurio-testing.org:80
2025-08-12 14:50:02,006 INFO  [org.apa.kaf.cli.pro.ProducerConfig] (main) ProducerConfig values: 
	acks = -1
	auto.include.jmx.reporter = true
	batch.size = 16384
	bootstrap.servers = [PLAINTEXT://localhost:32769]
	buffer.memory = 33554432
	client.dns.lookup = use_all_dns_ips
	client.id = Producer-s8542fc31xce58x4009xaabcx5b53827aef9f
	compression.gzip.level = -1
	compression.lz4.level = 9
	compression.type = none
	compression.zstd.level = 3
	connections.max.idle.ms = 10000
	delivery.timeout.ms = 120000
	enable.idempotence = true
	enable.metrics.push = true
	interceptor.classes = []
	key.serializer = class org.apache.kafka.common.serialization.StringSerializer
	linger.ms = 0
	max.block.ms = 60000
	max.in.flight.requests.per.connection = 5
	max.request.size = 1048576
	metadata.max.age.ms = 300000
	metadata.max.idle.ms = 300000
	metadata.recovery.strategy = none
	metric.reporters = []
	metrics.num.samples = 2
	metrics.recording.level = INFO
	metrics.sample.window.ms = 30000
	partitioner.adaptive.partitioning.enable = true
	partitioner.availability.timeout.ms = 0
	partitioner.class = null
	partitioner.ignore.keys = false
	receive.buffer.bytes = 32768
	reconnect.backoff.max.ms = 1000
	reconnect.backoff.ms = 50
	request.timeout.ms = 5000
	retries = 2147483647
	retry.backoff.max.ms = 1000
	retry.backoff.ms = 100
	sasl.client.callback.handler.class = null
	sasl.jaas.config = null
	sasl.kerberos.kinit.cmd = /usr/bin/kinit
	sasl.kerberos.min.time.before.relogin = 60000
	sasl.kerberos.service.name = null
	sasl.kerberos.ticket.renew.jitter = 0.05
	sasl.kerberos.ticket.renew.window.factor = 0.8
	sasl.login.callback.handler.class = null
	sasl.login.class = null
	sasl.login.connect.timeout.ms = null
	sasl.login.read.timeout.ms = null
	sasl.login.refresh.buffer.seconds = 300
	sasl.login.refresh.min.period.seconds = 60
	sasl.login.refresh.window.factor = 0.8
	sasl.login.refresh.window.jitter = 0.05
	sasl.login.retry.backoff.max.ms = 10000
	sasl.login.retry.backoff.ms = 100
	sasl.mechanism = GSSAPI
	sasl.oauthbearer.clock.skew.seconds = 30
	sasl.oauthbearer.expected.audience = null
	sasl.oauthbearer.expected.issuer = null
	sasl.oauthbearer.header.urlencode = false
	sasl.oauthbearer.jwks.endpoint.refresh.ms = 3600000
	sasl.oauthbearer.jwks.endpoint.retry.backoff.max.ms = 10000
	sasl.oauthbearer.jwks.endpoint.retry.backoff.ms = 100
	sasl.oauthbearer.jwks.endpoint.url = null
	sasl.oauthbearer.scope.claim.name = scope
	sasl.oauthbearer.sub.claim.name = sub
	sasl.oauthbearer.token.endpoint.url = null
	security.protocol = PLAINTEXT
	security.providers = null
	send.buffer.bytes = 131072
	socket.connection.setup.timeout.max.ms = 30000
	socket.connection.setup.timeout.ms = 10000
	ssl.cipher.suites = null
	ssl.enabled.protocols = [TLSv1.2, TLSv1.3]
	ssl.endpoint.identification.algorithm = https
	ssl.engine.factory.class = null
	ssl.key.password = null
	ssl.keymanager.algorithm = SunX509
	ssl.keystore.certificate.chain = null
	ssl.keystore.key = null
	ssl.keystore.location = null
	ssl.keystore.password = null
	ssl.keystore.type = JKS
	ssl.protocol = TLSv1.3
	ssl.provider = null
	ssl.secure.random.implementation = null
	ssl.trustmanager.algorithm = PKIX
	ssl.truststore.certificates = null
	ssl.truststore.location = null
	ssl.truststore.password = null
	ssl.truststore.type = JKS
	transaction.timeout.ms = 60000
	transactional.id = null
	value.serializer = class io.apicurio.registry.serde.avro.AvroKafkaSerializer

2025-08-12 14:50:02,006 INFO  [org.apa.kaf.com.tel.int.KafkaMetricsCollector] (main) initializing Kafka metrics collector
2025-08-12 14:50:02,013 INFO  [org.apa.kaf.cli.pro.KafkaProducer] (main) [Producer clientId=Producer-s8542fc31xce58x4009xaabcx5b53827aef9f] Instantiated an idempotent producer.
2025-08-12 14:50:02,016 INFO  [org.apa.kaf.cli.pro.ProducerConfig] (main) These configurations '[apicurio.registry.url, apicurio.registry.artifact-resolver-strategy]' were supplied but are not used yet.
2025-08-12 14:50:02,016 INFO  [org.apa.kaf.com.uti.AppInfoParser] (main) Kafka version: 3.9.1
2025-08-12 14:50:02,016 INFO  [org.apa.kaf.com.uti.AppInfoParser] (main) Kafka commitId: f745dfdcee2b9851
2025-08-12 14:50:02,016 INFO  [org.apa.kaf.com.uti.AppInfoParser] (main) Kafka startTimeMs: 1755010202016
2025-08-12 14:50:02,017 INFO  [io.api.tes.ser.api.KafkaSerdesTester] (Thread-639) Sending message {"keyB": "value-0"} to topic s8542fc31xce58x4009xaabcx5b53827aef9f
2025-08-12 14:50:02,026 WARN  [org.apa.kaf.cli.NetworkClient] (kafka-producer-network-thread | Producer-s8542fc31xce58x4009xaabcx5b53827aef9f) [Producer clientId=Producer-s8542fc31xce58x4009xaabcx5b53827aef9f] The metadata response from the cluster reported a recoverable issue with correlation id 1 : {s8542fc31xce58x4009xaabcx5b53827aef9f=UNKNOWN_TOPIC_OR_PARTITION}
2025-08-12 14:50:02,026 INFO  [org.apa.kaf.cli.Metadata] (kafka-producer-network-thread | Producer-s8542fc31xce58x4009xaabcx5b53827aef9f) [Producer clientId=Producer-s8542fc31xce58x4009xaabcx5b53827aef9f] Cluster ID: 4oDFBklZQKWClKkNkfg_eQ
2025-08-12 14:50:02,027 INFO  [org.apa.kaf.cli.pro.int.TransactionManager] (kafka-producer-network-thread | Producer-s8542fc31xce58x4009xaabcx5b53827aef9f) [Producer clientId=Producer-s8542fc31xce58x4009xaabcx5b53827aef9f] ProducerId set to 7 with epoch 0
2025-08-12 14:50:02,148 INFO  [DefaultSchemaResolver] (Thread-639) Retrieving schema content using string: {"type":"record","name":"myrecord","namespace":"mygroup","fields":[{"name":"keyB","type":"string"}]}
2025-08-12 14:50:02,357 INFO  [org.apa.kaf.cli.pro.KafkaProducer] (Thread-639) [Producer clientId=Producer-s8542fc31xce58x4009xaabcx5b53827aef9f] Closing the Kafka producer with timeoutMillis = 9223372036854775807 ms.
2025-08-12 14:50:02,360 INFO  [org.apa.kaf.com.met.Metrics] (Thread-639) Metrics scheduler closed
2025-08-12 14:50:02,360 INFO  [org.apa.kaf.com.met.Metrics] (Thread-639) Closing reporter org.apache.kafka.common.metrics.JmxReporter
2025-08-12 14:50:02,360 INFO  [org.apa.kaf.com.met.Metrics] (Thread-639) Closing reporter org.apache.kafka.common.telemetry.internals.ClientTelemetryReporter
2025-08-12 14:50:02,360 INFO  [org.apa.kaf.com.met.Metrics] (Thread-639) Metrics reporters closed
2025-08-12 14:50:02,361 INFO  [org.apa.kaf.com.uti.AppInfoParser] (Thread-639) App info kafka.producer for Producer-s8542fc31xce58x4009xaabcx5b53827aef9f unregistered
2025-08-12 14:50:02,362 INFO  [io.api.tes.uti.TestSeparator] (main) io.apicurio.tests.serdes.apicurio.AvroSerdeIT.testArtifactNotFound-FINISHED
2025-08-12 14:50:02,362 INFO  [io.api.tes.uti.TestSeparator] (main) ############################################################################
Test passed: testArtifactNotFound
]]></system-out>
    <system-err><![CDATA[java.lang.RuntimeException: Could not resolve artifact reference by content: {"type":"record","name":"myrecord","namespace":"mygroup","fields":[{"name":"keyB","type":"string"}]}&ArtifactReference [groupId=default, artifactId=s8542fc31xce58x4009xaabcx5b53827aef9f-value, version=null, globalId=null, contentId=null, contentHash=null]
	at io.apicurio.registry.resolver.DefaultSchemaResolver.lambda$handleResolveSchemaByContent$3(DefaultSchemaResolver.java:265)
	at io.apicurio.registry.resolver.cache.ERCache.lambda$getValue$0(ERCache.java:174)
	at io.apicurio.registry.resolver.cache.ERCache.retry(ERCache.java:227)
	at io.apicurio.registry.resolver.cache.ERCache.getValue(ERCache.java:173)
	at io.apicurio.registry.resolver.cache.ERCache.getByContent(ERCache.java:147)
	at io.apicurio.registry.resolver.DefaultSchemaResolver.handleResolveSchemaByContent(DefaultSchemaResolver.java:253)
	at io.apicurio.registry.resolver.DefaultSchemaResolver.getSchemaFromRegistry(DefaultSchemaResolver.java:138)
	at io.apicurio.registry.resolver.DefaultSchemaResolver.lambda$resolveSchema$0(DefaultSchemaResolver.java:84)
	at java.base/java.util.Optional.orElseGet(Optional.java:364)
	at io.apicurio.registry.resolver.DefaultSchemaResolver.resolveSchema(DefaultSchemaResolver.java:84)
	at io.apicurio.registry.serde.AbstractSerializer.serializeData(AbstractSerializer.java:62)
	at io.apicurio.registry.serde.KafkaSerializer.serialize(KafkaSerializer.java:77)
	at org.apache.kafka.clients.producer.KafkaProducer.doSend(KafkaProducer.java:1046)
	at org.apache.kafka.clients.producer.KafkaProducer.send(KafkaProducer.java:993)
	at org.apache.kafka.clients.producer.KafkaProducer.send(KafkaProducer.java:875)
	at io.apicurio.tests.serdes.apicurio.KafkaSerdesTester.lambda$produceMessages$3(KafkaSerdesTester.java:138)
	at java.base/java.util.concurrent.CompletableFuture$AsyncSupply.run(CompletableFuture.java:1768)
	at java.base/java.lang.Thread.run(Thread.java:840)
]]></system-err>
  </testcase>
  <testcase name="testAvroSerDesFailDifferentSchemaByRecordName" classname="io.apicurio.tests.serdes.apicurio.AvroSerdeIT" time="1.3">
    <system-out><![CDATA[2025-08-12 14:50:02,365 INFO  [io.api.tes.uti.TestSeparator] (main) ############################################################################
2025-08-12 14:50:02,365 INFO  [io.api.tes.uti.TestSeparator] (main) io.apicurio.tests.serdes.apicurio.AvroSerdeIT.testAvroSerDesFailDifferentSchemaByRecordName-STARTED
**** Registry Base URL: http://registry-app-pg17.apps.ci419.apicurio-testing.org:80
2025-08-12 14:50:03,517 INFO  [org.apa.kaf.cli.pro.ProducerConfig] (main) ProducerConfig values: 
	acks = -1
	auto.include.jmx.reporter = true
	batch.size = 16384
	bootstrap.servers = [PLAINTEXT://localhost:32769]
	buffer.memory = 33554432
	client.dns.lookup = use_all_dns_ips
	client.id = Producer-topic-2c1ad265_9422_4af4_b1a4_2587cbae963f
	compression.gzip.level = -1
	compression.lz4.level = 9
	compression.type = none
	compression.zstd.level = 3
	connections.max.idle.ms = 10000
	delivery.timeout.ms = 120000
	enable.idempotence = true
	enable.metrics.push = true
	interceptor.classes = []
	key.serializer = class org.apache.kafka.common.serialization.StringSerializer
	linger.ms = 0
	max.block.ms = 60000
	max.in.flight.requests.per.connection = 5
	max.request.size = 1048576
	metadata.max.age.ms = 300000
	metadata.max.idle.ms = 300000
	metadata.recovery.strategy = none
	metric.reporters = []
	metrics.num.samples = 2
	metrics.recording.level = INFO
	metrics.sample.window.ms = 30000
	partitioner.adaptive.partitioning.enable = true
	partitioner.availability.timeout.ms = 0
	partitioner.class = null
	partitioner.ignore.keys = false
	receive.buffer.bytes = 32768
	reconnect.backoff.max.ms = 1000
	reconnect.backoff.ms = 50
	request.timeout.ms = 5000
	retries = 2147483647
	retry.backoff.max.ms = 1000
	retry.backoff.ms = 100
	sasl.client.callback.handler.class = null
	sasl.jaas.config = null
	sasl.kerberos.kinit.cmd = /usr/bin/kinit
	sasl.kerberos.min.time.before.relogin = 60000
	sasl.kerberos.service.name = null
	sasl.kerberos.ticket.renew.jitter = 0.05
	sasl.kerberos.ticket.renew.window.factor = 0.8
	sasl.login.callback.handler.class = null
	sasl.login.class = null
	sasl.login.connect.timeout.ms = null
	sasl.login.read.timeout.ms = null
	sasl.login.refresh.buffer.seconds = 300
	sasl.login.refresh.min.period.seconds = 60
	sasl.login.refresh.window.factor = 0.8
	sasl.login.refresh.window.jitter = 0.05
	sasl.login.retry.backoff.max.ms = 10000
	sasl.login.retry.backoff.ms = 100
	sasl.mechanism = GSSAPI
	sasl.oauthbearer.clock.skew.seconds = 30
	sasl.oauthbearer.expected.audience = null
	sasl.oauthbearer.expected.issuer = null
	sasl.oauthbearer.header.urlencode = false
	sasl.oauthbearer.jwks.endpoint.refresh.ms = 3600000
	sasl.oauthbearer.jwks.endpoint.retry.backoff.max.ms = 10000
	sasl.oauthbearer.jwks.endpoint.retry.backoff.ms = 100
	sasl.oauthbearer.jwks.endpoint.url = null
	sasl.oauthbearer.scope.claim.name = scope
	sasl.oauthbearer.sub.claim.name = sub
	sasl.oauthbearer.token.endpoint.url = null
	security.protocol = PLAINTEXT
	security.providers = null
	send.buffer.bytes = 131072
	socket.connection.setup.timeout.max.ms = 30000
	socket.connection.setup.timeout.ms = 10000
	ssl.cipher.suites = null
	ssl.enabled.protocols = [TLSv1.2, TLSv1.3]
	ssl.endpoint.identification.algorithm = https
	ssl.engine.factory.class = null
	ssl.key.password = null
	ssl.keymanager.algorithm = SunX509
	ssl.keystore.certificate.chain = null
	ssl.keystore.key = null
	ssl.keystore.location = null
	ssl.keystore.password = null
	ssl.keystore.type = JKS
	ssl.protocol = TLSv1.3
	ssl.provider = null
	ssl.secure.random.implementation = null
	ssl.trustmanager.algorithm = PKIX
	ssl.truststore.certificates = null
	ssl.truststore.location = null
	ssl.truststore.password = null
	ssl.truststore.type = JKS
	transaction.timeout.ms = 60000
	transactional.id = null
	value.serializer = class io.apicurio.registry.serde.avro.AvroKafkaSerializer

2025-08-12 14:50:03,517 INFO  [org.apa.kaf.com.tel.int.KafkaMetricsCollector] (main) initializing Kafka metrics collector
2025-08-12 14:50:03,523 INFO  [org.apa.kaf.cli.pro.KafkaProducer] (main) [Producer clientId=Producer-topic-2c1ad265_9422_4af4_b1a4_2587cbae963f] Instantiated an idempotent producer.
2025-08-12 14:50:03,525 INFO  [org.apa.kaf.cli.pro.ProducerConfig] (main) These configurations '[apicurio.registry.find-latest, apicurio.registry.url, apicurio.registry.artifact-resolver-strategy]' were supplied but are not used yet.
2025-08-12 14:50:03,525 INFO  [org.apa.kaf.com.uti.AppInfoParser] (main) Kafka version: 3.9.1
2025-08-12 14:50:03,525 INFO  [org.apa.kaf.com.uti.AppInfoParser] (main) Kafka commitId: f745dfdcee2b9851
2025-08-12 14:50:03,525 INFO  [org.apa.kaf.com.uti.AppInfoParser] (main) Kafka startTimeMs: 1755010203525
2025-08-12 14:50:03,527 INFO  [io.api.tes.ser.api.KafkaSerdesTester] (Thread-642) Sending message {"keyB": "value-0"} to topic topic-2c1ad265_9422_4af4_b1a4_2587cbae963f
2025-08-12 14:50:03,533 INFO  [org.apa.kaf.cli.Metadata] (kafka-producer-network-thread | Producer-topic-2c1ad265_9422_4af4_b1a4_2587cbae963f) [Producer clientId=Producer-topic-2c1ad265_9422_4af4_b1a4_2587cbae963f] Cluster ID: 4oDFBklZQKWClKkNkfg_eQ
2025-08-12 14:50:03,533 INFO  [org.apa.kaf.cli.pro.int.TransactionManager] (kafka-producer-network-thread | Producer-topic-2c1ad265_9422_4af4_b1a4_2587cbae963f) [Producer clientId=Producer-topic-2c1ad265_9422_4af4_b1a4_2587cbae963f] ProducerId set to 8 with epoch 0
2025-08-12 14:50:03,660 INFO  [org.apa.kaf.cli.pro.KafkaProducer] (Thread-642) [Producer clientId=Producer-topic-2c1ad265_9422_4af4_b1a4_2587cbae963f] Closing the Kafka producer with timeoutMillis = 9223372036854775807 ms.
2025-08-12 14:50:03,662 INFO  [org.apa.kaf.com.met.Metrics] (Thread-642) Metrics scheduler closed
2025-08-12 14:50:03,662 INFO  [org.apa.kaf.com.met.Metrics] (Thread-642) Closing reporter org.apache.kafka.common.metrics.JmxReporter
2025-08-12 14:50:03,663 INFO  [org.apa.kaf.com.met.Metrics] (Thread-642) Closing reporter org.apache.kafka.common.telemetry.internals.ClientTelemetryReporter
2025-08-12 14:50:03,663 INFO  [org.apa.kaf.com.met.Metrics] (Thread-642) Metrics reporters closed
2025-08-12 14:50:03,663 INFO  [org.apa.kaf.com.uti.AppInfoParser] (Thread-642) App info kafka.producer for Producer-topic-2c1ad265_9422_4af4_b1a4_2587cbae963f unregistered
2025-08-12 14:50:03,663 INFO  [io.api.tes.uti.TestSeparator] (main) io.apicurio.tests.serdes.apicurio.AvroSerdeIT.testAvroSerDesFailDifferentSchemaByRecordName-FINISHED
2025-08-12 14:50:03,664 INFO  [io.api.tes.uti.TestSeparator] (main) ############################################################################
Test passed: testAvroSerDesFailDifferentSchemaByRecordName
]]></system-out>
    <system-err><![CDATA[io.apicurio.registry.rest.client.models.ProblemDetails
	at io.apicurio.registry.rest.client.models.ProblemDetails.createFromDiscriminatorValue(ProblemDetails.java:58)
	at io.kiota.serialization.json.JsonParseNode.getObjectValue(JsonParseNode.java:247)
	at io.kiota.http.vertx.VertXRequestAdapter.lambda$throwIfFailedResponse$0(VertXRequestAdapter.java:400)
	at com.microsoft.kiota.ApiExceptionBuilder.<init>(ApiExceptionBuilder.java:26)
	at io.kiota.http.vertx.VertXRequestAdapter.throwIfFailedResponse(VertXRequestAdapter.java:399)
	at io.kiota.http.vertx.VertXRequestAdapter.send(VertXRequestAdapter.java:170)
	at io.apicurio.registry.rest.client.groups.item.artifacts.item.versions.item.WithVersionExpressionItemRequestBuilder.get(WithVersionExpressionItemRequestBuilder.java:128)
	at io.apicurio.registry.rest.client.groups.item.artifacts.item.versions.item.WithVersionExpressionItemRequestBuilder.get(WithVersionExpressionItemRequestBuilder.java:111)
	at io.apicurio.registry.resolver.client.RegistryClientFacadeImpl.getVersionCoordinatesByGAV(RegistryClientFacadeImpl.java:159)
	at io.apicurio.registry.resolver.DefaultSchemaResolver.resolveByCoordinates(DefaultSchemaResolver.java:352)
	at io.apicurio.registry.resolver.DefaultSchemaResolver.lambda$resolveSchemaByArtifactReferenceCached$6(DefaultSchemaResolver.java:340)
	at io.apicurio.registry.resolver.cache.ERCache.lambda$getValue$0(ERCache.java:174)
	at io.apicurio.registry.resolver.cache.ERCache.retry(ERCache.java:227)
	at io.apicurio.registry.resolver.cache.ERCache.getValue(ERCache.java:173)
	at io.apicurio.registry.resolver.cache.ERCache.getByArtifactCoordinates(ERCache.java:158)
	at io.apicurio.registry.resolver.DefaultSchemaResolver.resolveSchemaByArtifactReferenceCached(DefaultSchemaResolver.java:338)
	at io.apicurio.registry.resolver.DefaultSchemaResolver.resolveSchemaByCoordinates(DefaultSchemaResolver.java:193)
	at io.apicurio.registry.resolver.DefaultSchemaResolver.getSchemaFromRegistry(DefaultSchemaResolver.java:130)
	at io.apicurio.registry.resolver.DefaultSchemaResolver.lambda$resolveSchema$0(DefaultSchemaResolver.java:84)
	at java.base/java.util.Optional.orElseGet(Optional.java:364)
	at io.apicurio.registry.resolver.DefaultSchemaResolver.resolveSchema(DefaultSchemaResolver.java:84)
	at io.apicurio.registry.serde.AbstractSerializer.serializeData(AbstractSerializer.java:62)
	at io.apicurio.registry.serde.KafkaSerializer.serialize(KafkaSerializer.java:77)
	at org.apache.kafka.clients.producer.KafkaProducer.doSend(KafkaProducer.java:1046)
	at org.apache.kafka.clients.producer.KafkaProducer.send(KafkaProducer.java:993)
	at org.apache.kafka.clients.producer.KafkaProducer.send(KafkaProducer.java:875)
	at io.apicurio.tests.serdes.apicurio.KafkaSerdesTester.lambda$produceMessages$3(KafkaSerdesTester.java:138)
	at java.base/java.util.concurrent.CompletableFuture$AsyncSupply.run(CompletableFuture.java:1768)
	at java.base/java.lang.Thread.run(Thread.java:840)
]]></system-err>
  </testcase>
  <testcase name="testTopicIdStrategyFindLatest" classname="io.apicurio.tests.serdes.apicurio.AvroSerdeIT" time="5.287">
    <system-out><![CDATA[2025-08-12 14:50:03,668 INFO  [io.api.tes.uti.TestSeparator] (main) ############################################################################
2025-08-12 14:50:03,668 INFO  [io.api.tes.uti.TestSeparator] (main) io.apicurio.tests.serdes.apicurio.AvroSerdeIT.testTopicIdStrategyFindLatest-STARTED
2025-08-12 14:50:03,669 INFO  [io.api.tes.ser.api.AvroSerdeIT] (main) Registering Avro Schema: {"type":"record","name":"myrecordapicurio1","fields":[{"name":"key11755010203668","type":"string"}]}
**** Registry Base URL: http://registry-app-pg17.apps.ci419.apicurio-testing.org:80
2025-08-12 14:50:04,821 INFO  [org.apa.kaf.cli.pro.ProducerConfig] (main) ProducerConfig values: 
	acks = -1
	auto.include.jmx.reporter = true
	batch.size = 16384
	bootstrap.servers = [PLAINTEXT://localhost:32769]
	buffer.memory = 33554432
	client.dns.lookup = use_all_dns_ips
	client.id = Producer-topic-3a309333_309a_430c_9af2_291e5fcc45bd
	compression.gzip.level = -1
	compression.lz4.level = 9
	compression.type = none
	compression.zstd.level = 3
	connections.max.idle.ms = 10000
	delivery.timeout.ms = 120000
	enable.idempotence = true
	enable.metrics.push = true
	interceptor.classes = []
	key.serializer = class org.apache.kafka.common.serialization.StringSerializer
	linger.ms = 0
	max.block.ms = 60000
	max.in.flight.requests.per.connection = 5
	max.request.size = 1048576
	metadata.max.age.ms = 300000
	metadata.max.idle.ms = 300000
	metadata.recovery.strategy = none
	metric.reporters = []
	metrics.num.samples = 2
	metrics.recording.level = INFO
	metrics.sample.window.ms = 30000
	partitioner.adaptive.partitioning.enable = true
	partitioner.availability.timeout.ms = 0
	partitioner.class = null
	partitioner.ignore.keys = false
	receive.buffer.bytes = 32768
	reconnect.backoff.max.ms = 1000
	reconnect.backoff.ms = 50
	request.timeout.ms = 5000
	retries = 2147483647
	retry.backoff.max.ms = 1000
	retry.backoff.ms = 100
	sasl.client.callback.handler.class = null
	sasl.jaas.config = null
	sasl.kerberos.kinit.cmd = /usr/bin/kinit
	sasl.kerberos.min.time.before.relogin = 60000
	sasl.kerberos.service.name = null
	sasl.kerberos.ticket.renew.jitter = 0.05
	sasl.kerberos.ticket.renew.window.factor = 0.8
	sasl.login.callback.handler.class = null
	sasl.login.class = null
	sasl.login.connect.timeout.ms = null
	sasl.login.read.timeout.ms = null
	sasl.login.refresh.buffer.seconds = 300
	sasl.login.refresh.min.period.seconds = 60
	sasl.login.refresh.window.factor = 0.8
	sasl.login.refresh.window.jitter = 0.05
	sasl.login.retry.backoff.max.ms = 10000
	sasl.login.retry.backoff.ms = 100
	sasl.mechanism = GSSAPI
	sasl.oauthbearer.clock.skew.seconds = 30
	sasl.oauthbearer.expected.audience = null
	sasl.oauthbearer.expected.issuer = null
	sasl.oauthbearer.header.urlencode = false
	sasl.oauthbearer.jwks.endpoint.refresh.ms = 3600000
	sasl.oauthbearer.jwks.endpoint.retry.backoff.max.ms = 10000
	sasl.oauthbearer.jwks.endpoint.retry.backoff.ms = 100
	sasl.oauthbearer.jwks.endpoint.url = null
	sasl.oauthbearer.scope.claim.name = scope
	sasl.oauthbearer.sub.claim.name = sub
	sasl.oauthbearer.token.endpoint.url = null
	security.protocol = PLAINTEXT
	security.providers = null
	send.buffer.bytes = 131072
	socket.connection.setup.timeout.max.ms = 30000
	socket.connection.setup.timeout.ms = 10000
	ssl.cipher.suites = null
	ssl.enabled.protocols = [TLSv1.2, TLSv1.3]
	ssl.endpoint.identification.algorithm = https
	ssl.engine.factory.class = null
	ssl.key.password = null
	ssl.keymanager.algorithm = SunX509
	ssl.keystore.certificate.chain = null
	ssl.keystore.key = null
	ssl.keystore.location = null
	ssl.keystore.password = null
	ssl.keystore.type = JKS
	ssl.protocol = TLSv1.3
	ssl.provider = null
	ssl.secure.random.implementation = null
	ssl.trustmanager.algorithm = PKIX
	ssl.truststore.certificates = null
	ssl.truststore.location = null
	ssl.truststore.password = null
	ssl.truststore.type = JKS
	transaction.timeout.ms = 60000
	transactional.id = null
	value.serializer = class io.apicurio.registry.serde.avro.AvroKafkaSerializer

2025-08-12 14:50:04,821 INFO  [org.apa.kaf.com.tel.int.KafkaMetricsCollector] (main) initializing Kafka metrics collector
2025-08-12 14:50:04,824 INFO  [org.apa.kaf.cli.pro.KafkaProducer] (main) [Producer clientId=Producer-topic-3a309333_309a_430c_9af2_291e5fcc45bd] Instantiated an idempotent producer.
2025-08-12 14:50:04,828 INFO  [org.apa.kaf.cli.pro.ProducerConfig] (main) These configurations '[apicurio.registry.find-latest, apicurio.registry.url, apicurio.registry.artifact-resolver-strategy]' were supplied but are not used yet.
2025-08-12 14:50:04,828 INFO  [org.apa.kaf.com.uti.AppInfoParser] (main) Kafka version: 3.9.1
2025-08-12 14:50:04,828 INFO  [org.apa.kaf.com.uti.AppInfoParser] (main) Kafka commitId: f745dfdcee2b9851
2025-08-12 14:50:04,828 INFO  [org.apa.kaf.com.uti.AppInfoParser] (main) Kafka startTimeMs: 1755010204828
2025-08-12 14:50:04,842 INFO  [io.api.tes.ser.api.SimpleSerdesTesterBuilder$SimpleSerdesTester] (main) Using producer configuration: {apicurio.registry.find-latest=true, apicurio.registry.url=http://registry-app-pg17.apps.ci419.apicurio-testing.org:80/apis/registry/v3, apicurio.registry.artifact-resolver-strategy=io.apicurio.registry.serde.strategy.TopicIdStrategy, value.serializer=io.apicurio.registry.serde.avro.AvroKafkaSerializer, request.timeout.ms=5000, acks=all, bootstrap.servers=PLAINTEXT://localhost:32769, connections.max.idle.ms=10000, key.serializer=org.apache.kafka.common.serialization.StringSerializer, client.id=Producer-topic-3a309333_309a_430c_9af2_291e5fcc45bd}
2025-08-12 14:50:04,842 INFO  [io.api.tes.ser.api.SimpleSerdesTesterBuilder$SimpleSerdesTester] (main) Using consumer configuration: {}
2025-08-12 14:50:04,845 INFO  [io.api.tes.ser.api.KafkaSerdesTester] (Thread-645) Sending message {"key11755010203668": "value-0"} to topic topic-3a309333_309a_430c_9af2_291e5fcc45bd
2025-08-12 14:50:04,848 INFO  [org.apa.kaf.cli.Metadata] (kafka-producer-network-thread | Producer-topic-3a309333_309a_430c_9af2_291e5fcc45bd) [Producer clientId=Producer-topic-3a309333_309a_430c_9af2_291e5fcc45bd] Cluster ID: 4oDFBklZQKWClKkNkfg_eQ
2025-08-12 14:50:04,850 INFO  [org.apa.kaf.cli.pro.int.TransactionManager] (kafka-producer-network-thread | Producer-topic-3a309333_309a_430c_9af2_291e5fcc45bd) [Producer clientId=Producer-topic-3a309333_309a_430c_9af2_291e5fcc45bd] ProducerId set to 9 with epoch 0
2025-08-12 14:50:05,163 INFO  [io.api.tes.ser.api.KafkaSerdesTester] (Thread-645) Sending message {"key11755010203668": "value-1"} to topic topic-3a309333_309a_430c_9af2_291e5fcc45bd
2025-08-12 14:50:05,165 INFO  [io.api.tes.ser.api.KafkaSerdesTester] (Thread-645) Sending message {"key11755010203668": "value-2"} to topic topic-3a309333_309a_430c_9af2_291e5fcc45bd
2025-08-12 14:50:05,167 INFO  [io.api.tes.ser.api.KafkaSerdesTester] (Thread-645) Sending message {"key11755010203668": "value-3"} to topic topic-3a309333_309a_430c_9af2_291e5fcc45bd
2025-08-12 14:50:05,169 INFO  [io.api.tes.ser.api.KafkaSerdesTester] (Thread-645) Sending message {"key11755010203668": "value-4"} to topic topic-3a309333_309a_430c_9af2_291e5fcc45bd
2025-08-12 14:50:05,170 INFO  [io.api.tes.ser.api.KafkaSerdesTester] (Thread-645) Sending message {"key11755010203668": "value-5"} to topic topic-3a309333_309a_430c_9af2_291e5fcc45bd
2025-08-12 14:50:05,173 INFO  [io.api.tes.ser.api.KafkaSerdesTester] (Thread-645) Sending message {"key11755010203668": "value-6"} to topic topic-3a309333_309a_430c_9af2_291e5fcc45bd
2025-08-12 14:50:05,176 INFO  [io.api.tes.ser.api.KafkaSerdesTester] (Thread-645) Sending message {"key11755010203668": "value-7"} to topic topic-3a309333_309a_430c_9af2_291e5fcc45bd
2025-08-12 14:50:05,180 INFO  [io.api.tes.ser.api.KafkaSerdesTester] (Thread-645) Sending message {"key11755010203668": "value-8"} to topic topic-3a309333_309a_430c_9af2_291e5fcc45bd
2025-08-12 14:50:05,185 INFO  [io.api.tes.ser.api.KafkaSerdesTester] (Thread-645) Sending message {"key11755010203668": "value-9"} to topic topic-3a309333_309a_430c_9af2_291e5fcc45bd
2025-08-12 14:50:05,189 INFO  [io.api.tes.ser.api.KafkaSerdesTester] (Thread-645) Produced 10 messages
2025-08-12 14:50:05,189 INFO  [org.apa.kaf.cli.pro.KafkaProducer] (Thread-645) [Producer clientId=Producer-topic-3a309333_309a_430c_9af2_291e5fcc45bd] Closing the Kafka producer with timeoutMillis = 9223372036854775807 ms.
2025-08-12 14:50:05,194 INFO  [org.apa.kaf.com.met.Metrics] (Thread-645) Metrics scheduler closed
2025-08-12 14:50:05,194 INFO  [org.apa.kaf.com.met.Metrics] (Thread-645) Closing reporter org.apache.kafka.common.metrics.JmxReporter
2025-08-12 14:50:05,194 INFO  [org.apa.kaf.com.met.Metrics] (Thread-645) Closing reporter org.apache.kafka.common.telemetry.internals.ClientTelemetryReporter
2025-08-12 14:50:05,194 INFO  [org.apa.kaf.com.met.Metrics] (Thread-645) Metrics reporters closed
2025-08-12 14:50:05,195 INFO  [org.apa.kaf.com.uti.AppInfoParser] (Thread-645) App info kafka.producer for Producer-topic-3a309333_309a_430c_9af2_291e5fcc45bd unregistered
**** Registry Base URL: http://registry-app-pg17.apps.ci419.apicurio-testing.org:80
2025-08-12 14:50:05,196 INFO  [org.apa.kaf.cli.con.ConsumerConfig] (main) ConsumerConfig values: 
	allow.auto.create.topics = true
	auto.commit.interval.ms = 500
	auto.include.jmx.reporter = true
	auto.offset.reset = earliest
	bootstrap.servers = [PLAINTEXT://localhost:32769]
	check.crcs = true
	client.dns.lookup = use_all_dns_ips
	client.id = consumer-Consumer-topic-3a309333_309a_430c_9af2_291e5fcc45bd-7
	client.rack = 
	connections.max.idle.ms = 10000
	default.api.timeout.ms = 60000
	enable.auto.commit = true
	enable.metrics.push = true
	exclude.internal.topics = true
	fetch.max.bytes = 52428800
	fetch.max.wait.ms = 500
	fetch.min.bytes = 1
	group.id = Consumer-topic-3a309333_309a_430c_9af2_291e5fcc45bd
	group.instance.id = null
	group.protocol = classic
	group.remote.assignor = null
	heartbeat.interval.ms = 3000
	interceptor.classes = []
	internal.leave.group.on.close = true
	internal.throw.on.fetch.stable.offset.unsupported = false
	isolation.level = read_uncommitted
	key.deserializer = class org.apache.kafka.common.serialization.StringDeserializer
	max.partition.fetch.bytes = 1048576
	max.poll.interval.ms = 300000
	max.poll.records = 500
	metadata.max.age.ms = 300000
	metadata.recovery.strategy = none
	metric.reporters = []
	metrics.num.samples = 2
	metrics.recording.level = INFO
	metrics.sample.window.ms = 30000
	partition.assignment.strategy = [class org.apache.kafka.clients.consumer.RangeAssignor, class org.apache.kafka.clients.consumer.CooperativeStickyAssignor]
	receive.buffer.bytes = 65536
	reconnect.backoff.max.ms = 1000
	reconnect.backoff.ms = 50
	request.timeout.ms = 5000
	retry.backoff.max.ms = 1000
	retry.backoff.ms = 100
	sasl.client.callback.handler.class = null
	sasl.jaas.config = null
	sasl.kerberos.kinit.cmd = /usr/bin/kinit
	sasl.kerberos.min.time.before.relogin = 60000
	sasl.kerberos.service.name = null
	sasl.kerberos.ticket.renew.jitter = 0.05
	sasl.kerberos.ticket.renew.window.factor = 0.8
	sasl.login.callback.handler.class = null
	sasl.login.class = null
	sasl.login.connect.timeout.ms = null
	sasl.login.read.timeout.ms = null
	sasl.login.refresh.buffer.seconds = 300
	sasl.login.refresh.min.period.seconds = 60
	sasl.login.refresh.window.factor = 0.8
	sasl.login.refresh.window.jitter = 0.05
	sasl.login.retry.backoff.max.ms = 10000
	sasl.login.retry.backoff.ms = 100
	sasl.mechanism = GSSAPI
	sasl.oauthbearer.clock.skew.seconds = 30
	sasl.oauthbearer.expected.audience = null
	sasl.oauthbearer.expected.issuer = null
	sasl.oauthbearer.header.urlencode = false
	sasl.oauthbearer.jwks.endpoint.refresh.ms = 3600000
	sasl.oauthbearer.jwks.endpoint.retry.backoff.max.ms = 10000
	sasl.oauthbearer.jwks.endpoint.retry.backoff.ms = 100
	sasl.oauthbearer.jwks.endpoint.url = null
	sasl.oauthbearer.scope.claim.name = scope
	sasl.oauthbearer.sub.claim.name = sub
	sasl.oauthbearer.token.endpoint.url = null
	security.protocol = PLAINTEXT
	security.providers = null
	send.buffer.bytes = 131072
	session.timeout.ms = 45000
	socket.connection.setup.timeout.max.ms = 30000
	socket.connection.setup.timeout.ms = 10000
	ssl.cipher.suites = null
	ssl.enabled.protocols = [TLSv1.2, TLSv1.3]
	ssl.endpoint.identification.algorithm = https
	ssl.engine.factory.class = null
	ssl.key.password = null
	ssl.keymanager.algorithm = SunX509
	ssl.keystore.certificate.chain = null
	ssl.keystore.key = null
	ssl.keystore.location = null
	ssl.keystore.password = null
	ssl.keystore.type = JKS
	ssl.protocol = TLSv1.3
	ssl.provider = null
	ssl.secure.random.implementation = null
	ssl.trustmanager.algorithm = PKIX
	ssl.truststore.certificates = null
	ssl.truststore.location = null
	ssl.truststore.password = null
	ssl.truststore.type = JKS
	value.deserializer = class io.apicurio.registry.serde.avro.AvroKafkaDeserializer

2025-08-12 14:50:05,198 INFO  [org.apa.kaf.com.tel.int.KafkaMetricsCollector] (main) initializing Kafka metrics collector
2025-08-12 14:50:05,215 INFO  [org.apa.kaf.cli.con.ConsumerConfig] (main) These configurations '[apicurio.registry.url]' were supplied but are not used yet.
2025-08-12 14:50:05,215 INFO  [org.apa.kaf.com.uti.AppInfoParser] (main) Kafka version: 3.9.1
2025-08-12 14:50:05,215 INFO  [org.apa.kaf.com.uti.AppInfoParser] (main) Kafka commitId: f745dfdcee2b9851
2025-08-12 14:50:05,215 INFO  [org.apa.kaf.com.uti.AppInfoParser] (main) Kafka startTimeMs: 1755010205215
2025-08-12 14:50:05,218 INFO  [org.apa.kaf.cli.con.int.ClassicKafkaConsumer] (Thread-648) [Consumer clientId=consumer-Consumer-topic-3a309333_309a_430c_9af2_291e5fcc45bd-7, groupId=Consumer-topic-3a309333_309a_430c_9af2_291e5fcc45bd] Subscribed to topic(s): topic-3a309333_309a_430c_9af2_291e5fcc45bd
2025-08-12 14:50:05,226 INFO  [org.apa.kaf.cli.Metadata] (Thread-648) [Consumer clientId=consumer-Consumer-topic-3a309333_309a_430c_9af2_291e5fcc45bd-7, groupId=Consumer-topic-3a309333_309a_430c_9af2_291e5fcc45bd] Cluster ID: 4oDFBklZQKWClKkNkfg_eQ
2025-08-12 14:50:05,229 INFO  [org.apa.kaf.cli.con.int.ConsumerCoordinator] (Thread-648) [Consumer clientId=consumer-Consumer-topic-3a309333_309a_430c_9af2_291e5fcc45bd-7, groupId=Consumer-topic-3a309333_309a_430c_9af2_291e5fcc45bd] Discovered group coordinator localhost:32769 (id: 2147483647 rack: null)
2025-08-12 14:50:05,234 INFO  [org.apa.kaf.cli.con.int.ConsumerCoordinator] (Thread-648) [Consumer clientId=consumer-Consumer-topic-3a309333_309a_430c_9af2_291e5fcc45bd-7, groupId=Consumer-topic-3a309333_309a_430c_9af2_291e5fcc45bd] (Re-)joining group
2025-08-12 14:50:05,237 INFO  [org.apa.kaf.cli.con.int.ConsumerCoordinator] (Thread-648) [Consumer clientId=consumer-Consumer-topic-3a309333_309a_430c_9af2_291e5fcc45bd-7, groupId=Consumer-topic-3a309333_309a_430c_9af2_291e5fcc45bd] Request joining group due to: need to re-join with the given member-id: consumer-Consumer-topic-3a309333_309a_430c_9af2_291e5fcc45bd-7-e4ac30b0-687c-437d-9f9b-09a9ea1cd1c5
2025-08-12 14:50:05,237 INFO  [org.apa.kaf.cli.con.int.ConsumerCoordinator] (Thread-648) [Consumer clientId=consumer-Consumer-topic-3a309333_309a_430c_9af2_291e5fcc45bd-7, groupId=Consumer-topic-3a309333_309a_430c_9af2_291e5fcc45bd] (Re-)joining group
2025-08-12 14:50:06,218 INFO  [io.api.tes.ser.api.KafkaSerdesTester] (Thread-648) None found
2025-08-12 14:50:07,219 INFO  [io.api.tes.ser.api.KafkaSerdesTester] (Thread-648) None found
2025-08-12 14:50:08,219 INFO  [io.api.tes.ser.api.KafkaSerdesTester] (Thread-648) None found
2025-08-12 14:50:08,240 INFO  [org.apa.kaf.cli.con.int.ConsumerCoordinator] (Thread-648) [Consumer clientId=consumer-Consumer-topic-3a309333_309a_430c_9af2_291e5fcc45bd-7, groupId=Consumer-topic-3a309333_309a_430c_9af2_291e5fcc45bd] Successfully joined group with generation Generation{generationId=1, memberId='consumer-Consumer-topic-3a309333_309a_430c_9af2_291e5fcc45bd-7-e4ac30b0-687c-437d-9f9b-09a9ea1cd1c5', protocol='range'}
2025-08-12 14:50:08,240 INFO  [org.apa.kaf.cli.con.int.ConsumerCoordinator] (Thread-648) [Consumer clientId=consumer-Consumer-topic-3a309333_309a_430c_9af2_291e5fcc45bd-7, groupId=Consumer-topic-3a309333_309a_430c_9af2_291e5fcc45bd] Finished assignment for group at generation 1: {consumer-Consumer-topic-3a309333_309a_430c_9af2_291e5fcc45bd-7-e4ac30b0-687c-437d-9f9b-09a9ea1cd1c5=Assignment(partitions=[topic-3a309333_309a_430c_9af2_291e5fcc45bd-0])}
2025-08-12 14:50:08,247 INFO  [org.apa.kaf.cli.con.int.ConsumerCoordinator] (Thread-648) [Consumer clientId=consumer-Consumer-topic-3a309333_309a_430c_9af2_291e5fcc45bd-7, groupId=Consumer-topic-3a309333_309a_430c_9af2_291e5fcc45bd] Successfully synced group in generation Generation{generationId=1, memberId='consumer-Consumer-topic-3a309333_309a_430c_9af2_291e5fcc45bd-7-e4ac30b0-687c-437d-9f9b-09a9ea1cd1c5', protocol='range'}
2025-08-12 14:50:08,248 INFO  [org.apa.kaf.cli.con.int.ConsumerCoordinator] (Thread-648) [Consumer clientId=consumer-Consumer-topic-3a309333_309a_430c_9af2_291e5fcc45bd-7, groupId=Consumer-topic-3a309333_309a_430c_9af2_291e5fcc45bd] Notifying assignor about the new Assignment(partitions=[topic-3a309333_309a_430c_9af2_291e5fcc45bd-0])
2025-08-12 14:50:08,248 INFO  [org.apa.kaf.cli.con.int.ConsumerRebalanceListenerInvoker] (Thread-648) [Consumer clientId=consumer-Consumer-topic-3a309333_309a_430c_9af2_291e5fcc45bd-7, groupId=Consumer-topic-3a309333_309a_430c_9af2_291e5fcc45bd] Adding newly assigned partitions: topic-3a309333_309a_430c_9af2_291e5fcc45bd-0
2025-08-12 14:50:08,249 INFO  [org.apa.kaf.cli.con.int.ConsumerCoordinator] (Thread-648) [Consumer clientId=consumer-Consumer-topic-3a309333_309a_430c_9af2_291e5fcc45bd-7, groupId=Consumer-topic-3a309333_309a_430c_9af2_291e5fcc45bd] Found no committed offset for partition topic-3a309333_309a_430c_9af2_291e5fcc45bd-0
2025-08-12 14:50:08,250 INFO  [org.apa.kaf.cli.con.int.SubscriptionState] (Thread-648) [Consumer clientId=consumer-Consumer-topic-3a309333_309a_430c_9af2_291e5fcc45bd-7, groupId=Consumer-topic-3a309333_309a_430c_9af2_291e5fcc45bd] Resetting offset for partition topic-3a309333_309a_430c_9af2_291e5fcc45bd-0 to position FetchPosition{offset=0, offsetEpoch=Optional.empty, currentLeader=LeaderAndEpoch{leader=Optional[localhost:32769 (id: 0 rack: null)], epoch=0}}.
2025-08-12 14:50:08,445 INFO  [io.api.tes.ser.api.KafkaSerdesTester] (Thread-648) topic-3a309333_309a_430c_9af2_291e5fcc45bd 0 0 {"key11755010203668": "value-0"}
2025-08-12 14:50:08,446 INFO  [io.api.tes.ser.api.KafkaSerdesTester] (Thread-648) topic-3a309333_309a_430c_9af2_291e5fcc45bd 0 1 {"key11755010203668": "value-1"}
2025-08-12 14:50:08,446 INFO  [io.api.tes.ser.api.KafkaSerdesTester] (Thread-648) topic-3a309333_309a_430c_9af2_291e5fcc45bd 0 2 {"key11755010203668": "value-2"}
2025-08-12 14:50:08,446 INFO  [io.api.tes.ser.api.KafkaSerdesTester] (Thread-648) topic-3a309333_309a_430c_9af2_291e5fcc45bd 0 3 {"key11755010203668": "value-3"}
2025-08-12 14:50:08,446 INFO  [io.api.tes.ser.api.KafkaSerdesTester] (Thread-648) topic-3a309333_309a_430c_9af2_291e5fcc45bd 0 4 {"key11755010203668": "value-4"}
2025-08-12 14:50:08,446 INFO  [io.api.tes.ser.api.KafkaSerdesTester] (Thread-648) topic-3a309333_309a_430c_9af2_291e5fcc45bd 0 5 {"key11755010203668": "value-5"}
2025-08-12 14:50:08,447 INFO  [io.api.tes.ser.api.KafkaSerdesTester] (Thread-648) topic-3a309333_309a_430c_9af2_291e5fcc45bd 0 6 {"key11755010203668": "value-6"}
2025-08-12 14:50:08,447 INFO  [io.api.tes.ser.api.KafkaSerdesTester] (Thread-648) topic-3a309333_309a_430c_9af2_291e5fcc45bd 0 7 {"key11755010203668": "value-7"}
2025-08-12 14:50:08,447 INFO  [io.api.tes.ser.api.KafkaSerdesTester] (Thread-648) topic-3a309333_309a_430c_9af2_291e5fcc45bd 0 8 {"key11755010203668": "value-8"}
2025-08-12 14:50:08,447 INFO  [io.api.tes.ser.api.KafkaSerdesTester] (Thread-648) topic-3a309333_309a_430c_9af2_291e5fcc45bd 0 9 {"key11755010203668": "value-9"}
2025-08-12 14:50:08,447 INFO  [io.api.tes.ser.api.KafkaSerdesTester] (Thread-648) Consumed 10 messages
2025-08-12 14:50:08,455 INFO  [org.apa.kaf.cli.con.int.ConsumerRebalanceListenerInvoker] (Thread-648) [Consumer clientId=consumer-Consumer-topic-3a309333_309a_430c_9af2_291e5fcc45bd-7, groupId=Consumer-topic-3a309333_309a_430c_9af2_291e5fcc45bd] Revoke previously assigned partitions topic-3a309333_309a_430c_9af2_291e5fcc45bd-0
2025-08-12 14:50:08,455 INFO  [org.apa.kaf.cli.con.int.ConsumerCoordinator] (Thread-648) [Consumer clientId=consumer-Consumer-topic-3a309333_309a_430c_9af2_291e5fcc45bd-7, groupId=Consumer-topic-3a309333_309a_430c_9af2_291e5fcc45bd] Member consumer-Consumer-topic-3a309333_309a_430c_9af2_291e5fcc45bd-7-e4ac30b0-687c-437d-9f9b-09a9ea1cd1c5 sending LeaveGroup request to coordinator localhost:32769 (id: 2147483647 rack: null) due to the consumer is being closed
2025-08-12 14:50:08,455 INFO  [org.apa.kaf.cli.con.int.ConsumerCoordinator] (Thread-648) [Consumer clientId=consumer-Consumer-topic-3a309333_309a_430c_9af2_291e5fcc45bd-7, groupId=Consumer-topic-3a309333_309a_430c_9af2_291e5fcc45bd] Resetting generation and member id due to: consumer pro-actively leaving the group
2025-08-12 14:50:08,455 INFO  [org.apa.kaf.cli.con.int.ConsumerCoordinator] (Thread-648) [Consumer clientId=consumer-Consumer-topic-3a309333_309a_430c_9af2_291e5fcc45bd-7, groupId=Consumer-topic-3a309333_309a_430c_9af2_291e5fcc45bd] Request joining group due to: consumer pro-actively leaving the group
2025-08-12 14:50:08,948 INFO  [org.apa.kaf.com.met.Metrics] (Thread-648) Metrics scheduler closed
2025-08-12 14:50:08,948 INFO  [org.apa.kaf.com.met.Metrics] (Thread-648) Closing reporter org.apache.kafka.common.metrics.JmxReporter
2025-08-12 14:50:08,948 INFO  [org.apa.kaf.com.met.Metrics] (Thread-648) Closing reporter org.apache.kafka.common.telemetry.internals.ClientTelemetryReporter
2025-08-12 14:50:08,948 INFO  [org.apa.kaf.com.met.Metrics] (Thread-648) Metrics reporters closed
2025-08-12 14:50:08,951 INFO  [org.apa.kaf.com.uti.AppInfoParser] (Thread-648) App info kafka.consumer for consumer-Consumer-topic-3a309333_309a_430c_9af2_291e5fcc45bd-7 unregistered
2025-08-12 14:50:08,951 INFO  [io.api.tes.uti.TestSeparator] (main) io.apicurio.tests.serdes.apicurio.AvroSerdeIT.testTopicIdStrategyFindLatest-FINISHED
2025-08-12 14:50:08,951 INFO  [io.api.tes.uti.TestSeparator] (main) ############################################################################
Test passed: testTopicIdStrategyFindLatest
]]></system-out>
  </testcase>
  <testcase name="testAvroUnionWithSpecificReader" classname="io.apicurio.tests.serdes.apicurio.AvroSerdeIT" time="4.789">
    <system-out><![CDATA[2025-08-12 14:50:08,953 INFO  [io.api.tes.uti.TestSeparator] (main) ############################################################################
2025-08-12 14:50:08,954 INFO  [io.api.tes.uti.TestSeparator] (main) io.apicurio.tests.serdes.apicurio.AvroSerdeIT.testAvroUnionWithSpecificReader-STARTED
**** Registry Base URL: http://registry-app-pg17.apps.ci419.apicurio-testing.org:80
2025-08-12 14:50:08,961 INFO  [org.apa.kaf.cli.pro.ProducerConfig] (main) ProducerConfig values: 
	acks = -1
	auto.include.jmx.reporter = true
	batch.size = 16384
	bootstrap.servers = [PLAINTEXT://localhost:32769]
	buffer.memory = 33554432
	client.dns.lookup = use_all_dns_ips
	client.id = Producer-topic-e0e689cb_849f_4c17_82b6_6d77e7886527
	compression.gzip.level = -1
	compression.lz4.level = 9
	compression.type = none
	compression.zstd.level = 3
	connections.max.idle.ms = 10000
	delivery.timeout.ms = 120000
	enable.idempotence = true
	enable.metrics.push = true
	interceptor.classes = []
	key.serializer = class org.apache.kafka.common.serialization.StringSerializer
	linger.ms = 0
	max.block.ms = 60000
	max.in.flight.requests.per.connection = 5
	max.request.size = 1048576
	metadata.max.age.ms = 300000
	metadata.max.idle.ms = 300000
	metadata.recovery.strategy = none
	metric.reporters = []
	metrics.num.samples = 2
	metrics.recording.level = INFO
	metrics.sample.window.ms = 30000
	partitioner.adaptive.partitioning.enable = true
	partitioner.availability.timeout.ms = 0
	partitioner.class = null
	partitioner.ignore.keys = false
	receive.buffer.bytes = 32768
	reconnect.backoff.max.ms = 1000
	reconnect.backoff.ms = 50
	request.timeout.ms = 5000
	retries = 2147483647
	retry.backoff.max.ms = 1000
	retry.backoff.ms = 100
	sasl.client.callback.handler.class = null
	sasl.jaas.config = null
	sasl.kerberos.kinit.cmd = /usr/bin/kinit
	sasl.kerberos.min.time.before.relogin = 60000
	sasl.kerberos.service.name = null
	sasl.kerberos.ticket.renew.jitter = 0.05
	sasl.kerberos.ticket.renew.window.factor = 0.8
	sasl.login.callback.handler.class = null
	sasl.login.class = null
	sasl.login.connect.timeout.ms = null
	sasl.login.read.timeout.ms = null
	sasl.login.refresh.buffer.seconds = 300
	sasl.login.refresh.min.period.seconds = 60
	sasl.login.refresh.window.factor = 0.8
	sasl.login.refresh.window.jitter = 0.05
	sasl.login.retry.backoff.max.ms = 10000
	sasl.login.retry.backoff.ms = 100
	sasl.mechanism = GSSAPI
	sasl.oauthbearer.clock.skew.seconds = 30
	sasl.oauthbearer.expected.audience = null
	sasl.oauthbearer.expected.issuer = null
	sasl.oauthbearer.header.urlencode = false
	sasl.oauthbearer.jwks.endpoint.refresh.ms = 3600000
	sasl.oauthbearer.jwks.endpoint.retry.backoff.max.ms = 10000
	sasl.oauthbearer.jwks.endpoint.retry.backoff.ms = 100
	sasl.oauthbearer.jwks.endpoint.url = null
	sasl.oauthbearer.scope.claim.name = scope
	sasl.oauthbearer.sub.claim.name = sub
	sasl.oauthbearer.token.endpoint.url = null
	security.protocol = PLAINTEXT
	security.providers = null
	send.buffer.bytes = 131072
	socket.connection.setup.timeout.max.ms = 30000
	socket.connection.setup.timeout.ms = 10000
	ssl.cipher.suites = null
	ssl.enabled.protocols = [TLSv1.2, TLSv1.3]
	ssl.endpoint.identification.algorithm = https
	ssl.engine.factory.class = null
	ssl.key.password = null
	ssl.keymanager.algorithm = SunX509
	ssl.keystore.certificate.chain = null
	ssl.keystore.key = null
	ssl.keystore.location = null
	ssl.keystore.password = null
	ssl.keystore.type = JKS
	ssl.protocol = TLSv1.3
	ssl.provider = null
	ssl.secure.random.implementation = null
	ssl.trustmanager.algorithm = PKIX
	ssl.truststore.certificates = null
	ssl.truststore.location = null
	ssl.truststore.password = null
	ssl.truststore.type = JKS
	transaction.timeout.ms = 60000
	transactional.id = null
	value.serializer = class io.apicurio.registry.serde.avro.AvroKafkaSerializer

2025-08-12 14:50:08,961 INFO  [org.apa.kaf.com.tel.int.KafkaMetricsCollector] (main) initializing Kafka metrics collector
2025-08-12 14:50:08,970 INFO  [org.apa.kaf.cli.pro.KafkaProducer] (main) [Producer clientId=Producer-topic-e0e689cb_849f_4c17_82b6_6d77e7886527] Instantiated an idempotent producer.
2025-08-12 14:50:08,976 INFO  [org.apa.kaf.cli.pro.ProducerConfig] (main) These configurations '[apicurio.registry.url, apicurio.registry.auto-register, apicurio.registry.artifact-resolver-strategy]' were supplied but are not used yet.
2025-08-12 14:50:08,976 INFO  [org.apa.kaf.com.uti.AppInfoParser] (main) Kafka version: 3.9.1
2025-08-12 14:50:08,976 INFO  [org.apa.kaf.com.uti.AppInfoParser] (main) Kafka commitId: f745dfdcee2b9851
2025-08-12 14:50:08,976 INFO  [org.apa.kaf.com.uti.AppInfoParser] (main) Kafka startTimeMs: 1755010208976
2025-08-12 14:50:08,976 INFO  [io.api.tes.ser.api.SimpleSerdesTesterBuilder$SimpleSerdesTester] (main) Using producer configuration: {apicurio.registry.url=http://registry-app-pg17.apps.ci419.apicurio-testing.org:80/apis/registry/v3, apicurio.registry.auto-register=true, apicurio.registry.artifact-resolver-strategy=io.apicurio.registry.serde.strategy.TopicIdStrategy, value.serializer=io.apicurio.registry.serde.avro.AvroKafkaSerializer, request.timeout.ms=5000, acks=all, bootstrap.servers=PLAINTEXT://localhost:32769, connections.max.idle.ms=10000, key.serializer=org.apache.kafka.common.serialization.StringSerializer, client.id=Producer-topic-e0e689cb_849f_4c17_82b6_6d77e7886527}
2025-08-12 14:50:08,976 INFO  [io.api.tes.ser.api.SimpleSerdesTesterBuilder$SimpleSerdesTester] (main) Using consumer configuration: {}
2025-08-12 14:50:08,980 INFO  [io.api.tes.ser.api.KafkaSerdesTester] (Thread-651) Sending message {"id": "record-0"} to topic topic-e0e689cb_849f_4c17_82b6_6d77e7886527
2025-08-12 14:50:08,995 WARN  [org.apa.kaf.cli.NetworkClient] (kafka-producer-network-thread | Producer-topic-e0e689cb_849f_4c17_82b6_6d77e7886527) [Producer clientId=Producer-topic-e0e689cb_849f_4c17_82b6_6d77e7886527] The metadata response from the cluster reported a recoverable issue with correlation id 1 : {topic-e0e689cb_849f_4c17_82b6_6d77e7886527=UNKNOWN_TOPIC_OR_PARTITION}
2025-08-12 14:50:08,995 INFO  [org.apa.kaf.cli.Metadata] (kafka-producer-network-thread | Producer-topic-e0e689cb_849f_4c17_82b6_6d77e7886527) [Producer clientId=Producer-topic-e0e689cb_849f_4c17_82b6_6d77e7886527] Cluster ID: 4oDFBklZQKWClKkNkfg_eQ
2025-08-12 14:50:08,996 INFO  [org.apa.kaf.cli.pro.int.TransactionManager] (kafka-producer-network-thread | Producer-topic-e0e689cb_849f_4c17_82b6_6d77e7886527) [Producer clientId=Producer-topic-e0e689cb_849f_4c17_82b6_6d77e7886527] ProducerId set to 10 with epoch 0
2025-08-12 14:50:09,387 INFO  [io.api.tes.ser.api.KafkaSerdesTester] (Thread-651) Sending message {"value": 1} to topic topic-e0e689cb_849f_4c17_82b6_6d77e7886527
2025-08-12 14:50:09,486 INFO  [io.api.tes.ser.api.KafkaSerdesTester] (Thread-651) Sending message {"active": true} to topic topic-e0e689cb_849f_4c17_82b6_6d77e7886527
2025-08-12 14:50:09,616 INFO  [io.api.tes.ser.api.KafkaSerdesTester] (Thread-651) Sending message {"id": "record-3"} to topic topic-e0e689cb_849f_4c17_82b6_6d77e7886527
2025-08-12 14:50:09,618 INFO  [io.api.tes.ser.api.KafkaSerdesTester] (Thread-651) Sending message {"value": 4} to topic topic-e0e689cb_849f_4c17_82b6_6d77e7886527
2025-08-12 14:50:09,619 INFO  [io.api.tes.ser.api.KafkaSerdesTester] (Thread-651) Sending message {"active": false} to topic topic-e0e689cb_849f_4c17_82b6_6d77e7886527
2025-08-12 14:50:09,623 INFO  [io.api.tes.ser.api.KafkaSerdesTester] (Thread-651) Sending message {"id": "record-6"} to topic topic-e0e689cb_849f_4c17_82b6_6d77e7886527
2025-08-12 14:50:09,625 INFO  [io.api.tes.ser.api.KafkaSerdesTester] (Thread-651) Sending message {"value": 7} to topic topic-e0e689cb_849f_4c17_82b6_6d77e7886527
2025-08-12 14:50:09,627 INFO  [io.api.tes.ser.api.KafkaSerdesTester] (Thread-651) Sending message {"active": true} to topic topic-e0e689cb_849f_4c17_82b6_6d77e7886527
2025-08-12 14:50:09,629 INFO  [io.api.tes.ser.api.KafkaSerdesTester] (Thread-651) Sending message {"id": "record-9"} to topic topic-e0e689cb_849f_4c17_82b6_6d77e7886527
2025-08-12 14:50:09,633 INFO  [io.api.tes.ser.api.KafkaSerdesTester] (Thread-651) Produced 10 messages
2025-08-12 14:50:09,633 INFO  [org.apa.kaf.cli.pro.KafkaProducer] (Thread-651) [Producer clientId=Producer-topic-e0e689cb_849f_4c17_82b6_6d77e7886527] Closing the Kafka producer with timeoutMillis = 9223372036854775807 ms.
2025-08-12 14:50:09,635 INFO  [org.apa.kaf.com.met.Metrics] (Thread-651) Metrics scheduler closed
2025-08-12 14:50:09,635 INFO  [org.apa.kaf.com.met.Metrics] (Thread-651) Closing reporter org.apache.kafka.common.metrics.JmxReporter
2025-08-12 14:50:09,635 INFO  [org.apa.kaf.com.met.Metrics] (Thread-651) Closing reporter org.apache.kafka.common.telemetry.internals.ClientTelemetryReporter
2025-08-12 14:50:09,635 INFO  [org.apa.kaf.com.met.Metrics] (Thread-651) Metrics reporters closed
2025-08-12 14:50:09,636 INFO  [org.apa.kaf.com.uti.AppInfoParser] (Thread-651) App info kafka.producer for Producer-topic-e0e689cb_849f_4c17_82b6_6d77e7886527 unregistered
2025-08-12 14:50:09,709 INFO  [io.api.tes.ser.api.AvroSerdeIT] (main) Artifact topic-e0e689cb_849f_4c17_82b6_6d77e7886527-value found in registry with globalId 25
**** Registry Base URL: http://registry-app-pg17.apps.ci419.apicurio-testing.org:80
2025-08-12 14:50:09,711 INFO  [org.apa.kaf.cli.con.ConsumerConfig] (main) ConsumerConfig values: 
	allow.auto.create.topics = true
	auto.commit.interval.ms = 500
	auto.include.jmx.reporter = true
	auto.offset.reset = earliest
	bootstrap.servers = [PLAINTEXT://localhost:32769]
	check.crcs = true
	client.dns.lookup = use_all_dns_ips
	client.id = consumer-Consumer-topic-e0e689cb_849f_4c17_82b6_6d77e7886527-8
	client.rack = 
	connections.max.idle.ms = 10000
	default.api.timeout.ms = 60000
	enable.auto.commit = true
	enable.metrics.push = true
	exclude.internal.topics = true
	fetch.max.bytes = 52428800
	fetch.max.wait.ms = 500
	fetch.min.bytes = 1
	group.id = Consumer-topic-e0e689cb_849f_4c17_82b6_6d77e7886527
	group.instance.id = null
	group.protocol = classic
	group.remote.assignor = null
	heartbeat.interval.ms = 3000
	interceptor.classes = []
	internal.leave.group.on.close = true
	internal.throw.on.fetch.stable.offset.unsupported = false
	isolation.level = read_uncommitted
	key.deserializer = class org.apache.kafka.common.serialization.StringDeserializer
	max.partition.fetch.bytes = 1048576
	max.poll.interval.ms = 300000
	max.poll.records = 500
	metadata.max.age.ms = 300000
	metadata.recovery.strategy = none
	metric.reporters = []
	metrics.num.samples = 2
	metrics.recording.level = INFO
	metrics.sample.window.ms = 30000
	partition.assignment.strategy = [class org.apache.kafka.clients.consumer.RangeAssignor, class org.apache.kafka.clients.consumer.CooperativeStickyAssignor]
	receive.buffer.bytes = 65536
	reconnect.backoff.max.ms = 1000
	reconnect.backoff.ms = 50
	request.timeout.ms = 5000
	retry.backoff.max.ms = 1000
	retry.backoff.ms = 100
	sasl.client.callback.handler.class = null
	sasl.jaas.config = null
	sasl.kerberos.kinit.cmd = /usr/bin/kinit
	sasl.kerberos.min.time.before.relogin = 60000
	sasl.kerberos.service.name = null
	sasl.kerberos.ticket.renew.jitter = 0.05
	sasl.kerberos.ticket.renew.window.factor = 0.8
	sasl.login.callback.handler.class = null
	sasl.login.class = null
	sasl.login.connect.timeout.ms = null
	sasl.login.read.timeout.ms = null
	sasl.login.refresh.buffer.seconds = 300
	sasl.login.refresh.min.period.seconds = 60
	sasl.login.refresh.window.factor = 0.8
	sasl.login.refresh.window.jitter = 0.05
	sasl.login.retry.backoff.max.ms = 10000
	sasl.login.retry.backoff.ms = 100
	sasl.mechanism = GSSAPI
	sasl.oauthbearer.clock.skew.seconds = 30
	sasl.oauthbearer.expected.audience = null
	sasl.oauthbearer.expected.issuer = null
	sasl.oauthbearer.header.urlencode = false
	sasl.oauthbearer.jwks.endpoint.refresh.ms = 3600000
	sasl.oauthbearer.jwks.endpoint.retry.backoff.max.ms = 10000
	sasl.oauthbearer.jwks.endpoint.retry.backoff.ms = 100
	sasl.oauthbearer.jwks.endpoint.url = null
	sasl.oauthbearer.scope.claim.name = scope
	sasl.oauthbearer.sub.claim.name = sub
	sasl.oauthbearer.token.endpoint.url = null
	security.protocol = PLAINTEXT
	security.providers = null
	send.buffer.bytes = 131072
	session.timeout.ms = 45000
	socket.connection.setup.timeout.max.ms = 30000
	socket.connection.setup.timeout.ms = 10000
	ssl.cipher.suites = null
	ssl.enabled.protocols = [TLSv1.2, TLSv1.3]
	ssl.endpoint.identification.algorithm = https
	ssl.engine.factory.class = null
	ssl.key.password = null
	ssl.keymanager.algorithm = SunX509
	ssl.keystore.certificate.chain = null
	ssl.keystore.key = null
	ssl.keystore.location = null
	ssl.keystore.password = null
	ssl.keystore.type = JKS
	ssl.protocol = TLSv1.3
	ssl.provider = null
	ssl.secure.random.implementation = null
	ssl.trustmanager.algorithm = PKIX
	ssl.truststore.certificates = null
	ssl.truststore.location = null
	ssl.truststore.password = null
	ssl.truststore.type = JKS
	value.deserializer = class io.apicurio.registry.serde.avro.AvroKafkaDeserializer

2025-08-12 14:50:09,711 INFO  [org.apa.kaf.com.tel.int.KafkaMetricsCollector] (main) initializing Kafka metrics collector
2025-08-12 14:50:09,719 INFO  [org.apa.kaf.cli.con.ConsumerConfig] (main) These configurations '[apicurio.registry.url]' were supplied but are not used yet.
2025-08-12 14:50:09,719 INFO  [org.apa.kaf.com.uti.AppInfoParser] (main) Kafka version: 3.9.1
2025-08-12 14:50:09,720 INFO  [org.apa.kaf.com.uti.AppInfoParser] (main) Kafka commitId: f745dfdcee2b9851
2025-08-12 14:50:09,720 INFO  [org.apa.kaf.com.uti.AppInfoParser] (main) Kafka startTimeMs: 1755010209719
2025-08-12 14:50:09,720 INFO  [org.apa.kaf.cli.con.int.ClassicKafkaConsumer] (Thread-654) [Consumer clientId=consumer-Consumer-topic-e0e689cb_849f_4c17_82b6_6d77e7886527-8, groupId=Consumer-topic-e0e689cb_849f_4c17_82b6_6d77e7886527] Subscribed to topic(s): topic-e0e689cb_849f_4c17_82b6_6d77e7886527
2025-08-12 14:50:09,725 INFO  [org.apa.kaf.cli.Metadata] (Thread-654) [Consumer clientId=consumer-Consumer-topic-e0e689cb_849f_4c17_82b6_6d77e7886527-8, groupId=Consumer-topic-e0e689cb_849f_4c17_82b6_6d77e7886527] Cluster ID: 4oDFBklZQKWClKkNkfg_eQ
2025-08-12 14:50:09,727 INFO  [org.apa.kaf.cli.con.int.ConsumerCoordinator] (Thread-654) [Consumer clientId=consumer-Consumer-topic-e0e689cb_849f_4c17_82b6_6d77e7886527-8, groupId=Consumer-topic-e0e689cb_849f_4c17_82b6_6d77e7886527] Discovered group coordinator localhost:32769 (id: 2147483647 rack: null)
2025-08-12 14:50:09,728 INFO  [org.apa.kaf.cli.con.int.ConsumerCoordinator] (Thread-654) [Consumer clientId=consumer-Consumer-topic-e0e689cb_849f_4c17_82b6_6d77e7886527-8, groupId=Consumer-topic-e0e689cb_849f_4c17_82b6_6d77e7886527] (Re-)joining group
2025-08-12 14:50:09,732 INFO  [org.apa.kaf.cli.con.int.ConsumerCoordinator] (Thread-654) [Consumer clientId=consumer-Consumer-topic-e0e689cb_849f_4c17_82b6_6d77e7886527-8, groupId=Consumer-topic-e0e689cb_849f_4c17_82b6_6d77e7886527] Request joining group due to: need to re-join with the given member-id: consumer-Consumer-topic-e0e689cb_849f_4c17_82b6_6d77e7886527-8-1f2ee650-2bc6-47d7-a5ed-c01596a3542c
2025-08-12 14:50:09,732 INFO  [org.apa.kaf.cli.con.int.ConsumerCoordinator] (Thread-654) [Consumer clientId=consumer-Consumer-topic-e0e689cb_849f_4c17_82b6_6d77e7886527-8, groupId=Consumer-topic-e0e689cb_849f_4c17_82b6_6d77e7886527] (Re-)joining group
2025-08-12 14:50:10,720 INFO  [io.api.tes.ser.api.KafkaSerdesTester] (Thread-654) None found
2025-08-12 14:50:11,721 INFO  [io.api.tes.ser.api.KafkaSerdesTester] (Thread-654) None found
2025-08-12 14:50:12,721 INFO  [io.api.tes.ser.api.KafkaSerdesTester] (Thread-654) None found
2025-08-12 14:50:12,736 INFO  [org.apa.kaf.cli.con.int.ConsumerCoordinator] (Thread-654) [Consumer clientId=consumer-Consumer-topic-e0e689cb_849f_4c17_82b6_6d77e7886527-8, groupId=Consumer-topic-e0e689cb_849f_4c17_82b6_6d77e7886527] Successfully joined group with generation Generation{generationId=1, memberId='consumer-Consumer-topic-e0e689cb_849f_4c17_82b6_6d77e7886527-8-1f2ee650-2bc6-47d7-a5ed-c01596a3542c', protocol='range'}
2025-08-12 14:50:12,736 INFO  [org.apa.kaf.cli.con.int.ConsumerCoordinator] (Thread-654) [Consumer clientId=consumer-Consumer-topic-e0e689cb_849f_4c17_82b6_6d77e7886527-8, groupId=Consumer-topic-e0e689cb_849f_4c17_82b6_6d77e7886527] Finished assignment for group at generation 1: {consumer-Consumer-topic-e0e689cb_849f_4c17_82b6_6d77e7886527-8-1f2ee650-2bc6-47d7-a5ed-c01596a3542c=Assignment(partitions=[topic-e0e689cb_849f_4c17_82b6_6d77e7886527-0])}
2025-08-12 14:50:12,744 INFO  [org.apa.kaf.cli.con.int.ConsumerCoordinator] (Thread-654) [Consumer clientId=consumer-Consumer-topic-e0e689cb_849f_4c17_82b6_6d77e7886527-8, groupId=Consumer-topic-e0e689cb_849f_4c17_82b6_6d77e7886527] Successfully synced group in generation Generation{generationId=1, memberId='consumer-Consumer-topic-e0e689cb_849f_4c17_82b6_6d77e7886527-8-1f2ee650-2bc6-47d7-a5ed-c01596a3542c', protocol='range'}
2025-08-12 14:50:12,744 INFO  [org.apa.kaf.cli.con.int.ConsumerCoordinator] (Thread-654) [Consumer clientId=consumer-Consumer-topic-e0e689cb_849f_4c17_82b6_6d77e7886527-8, groupId=Consumer-topic-e0e689cb_849f_4c17_82b6_6d77e7886527] Notifying assignor about the new Assignment(partitions=[topic-e0e689cb_849f_4c17_82b6_6d77e7886527-0])
2025-08-12 14:50:12,744 INFO  [org.apa.kaf.cli.con.int.ConsumerRebalanceListenerInvoker] (Thread-654) [Consumer clientId=consumer-Consumer-topic-e0e689cb_849f_4c17_82b6_6d77e7886527-8, groupId=Consumer-topic-e0e689cb_849f_4c17_82b6_6d77e7886527] Adding newly assigned partitions: topic-e0e689cb_849f_4c17_82b6_6d77e7886527-0
2025-08-12 14:50:12,745 INFO  [org.apa.kaf.cli.con.int.ConsumerCoordinator] (Thread-654) [Consumer clientId=consumer-Consumer-topic-e0e689cb_849f_4c17_82b6_6d77e7886527-8, groupId=Consumer-topic-e0e689cb_849f_4c17_82b6_6d77e7886527] Found no committed offset for partition topic-e0e689cb_849f_4c17_82b6_6d77e7886527-0
2025-08-12 14:50:12,757 INFO  [org.apa.kaf.cli.con.int.SubscriptionState] (Thread-654) [Consumer clientId=consumer-Consumer-topic-e0e689cb_849f_4c17_82b6_6d77e7886527-8, groupId=Consumer-topic-e0e689cb_849f_4c17_82b6_6d77e7886527] Resetting offset for partition topic-e0e689cb_849f_4c17_82b6_6d77e7886527-0 to position FetchPosition{offset=0, offsetEpoch=Optional.empty, currentLeader=LeaderAndEpoch{leader=Optional[localhost:32769 (id: 0 rack: null)], epoch=0}}.
2025-08-12 14:50:13,231 INFO  [io.api.tes.ser.api.KafkaSerdesTester] (Thread-654) topic-e0e689cb_849f_4c17_82b6_6d77e7886527 0 0 {"id": "record-0"}
2025-08-12 14:50:13,232 INFO  [io.api.tes.ser.api.KafkaSerdesTester] (Thread-654) topic-e0e689cb_849f_4c17_82b6_6d77e7886527 0 1 {"value": 1}
2025-08-12 14:50:13,232 INFO  [io.api.tes.ser.api.KafkaSerdesTester] (Thread-654) topic-e0e689cb_849f_4c17_82b6_6d77e7886527 0 2 {"active": true}
2025-08-12 14:50:13,232 INFO  [io.api.tes.ser.api.KafkaSerdesTester] (Thread-654) topic-e0e689cb_849f_4c17_82b6_6d77e7886527 0 3 {"id": "record-3"}
2025-08-12 14:50:13,233 INFO  [io.api.tes.ser.api.KafkaSerdesTester] (Thread-654) topic-e0e689cb_849f_4c17_82b6_6d77e7886527 0 4 {"value": 4}
2025-08-12 14:50:13,233 INFO  [io.api.tes.ser.api.KafkaSerdesTester] (Thread-654) topic-e0e689cb_849f_4c17_82b6_6d77e7886527 0 5 {"active": false}
2025-08-12 14:50:13,233 INFO  [io.api.tes.ser.api.KafkaSerdesTester] (Thread-654) topic-e0e689cb_849f_4c17_82b6_6d77e7886527 0 6 {"id": "record-6"}
2025-08-12 14:50:13,233 INFO  [io.api.tes.ser.api.KafkaSerdesTester] (Thread-654) topic-e0e689cb_849f_4c17_82b6_6d77e7886527 0 7 {"value": 7}
2025-08-12 14:50:13,233 INFO  [io.api.tes.ser.api.KafkaSerdesTester] (Thread-654) topic-e0e689cb_849f_4c17_82b6_6d77e7886527 0 8 {"active": true}
2025-08-12 14:50:13,233 INFO  [io.api.tes.ser.api.KafkaSerdesTester] (Thread-654) topic-e0e689cb_849f_4c17_82b6_6d77e7886527 0 9 {"id": "record-9"}
2025-08-12 14:50:13,233 INFO  [io.api.tes.ser.api.KafkaSerdesTester] (Thread-654) Consumed 10 messages
2025-08-12 14:50:13,240 INFO  [org.apa.kaf.cli.con.int.ConsumerRebalanceListenerInvoker] (Thread-654) [Consumer clientId=consumer-Consumer-topic-e0e689cb_849f_4c17_82b6_6d77e7886527-8, groupId=Consumer-topic-e0e689cb_849f_4c17_82b6_6d77e7886527] Revoke previously assigned partitions topic-e0e689cb_849f_4c17_82b6_6d77e7886527-0
2025-08-12 14:50:13,240 INFO  [org.apa.kaf.cli.con.int.ConsumerCoordinator] (Thread-654) [Consumer clientId=consumer-Consumer-topic-e0e689cb_849f_4c17_82b6_6d77e7886527-8, groupId=Consumer-topic-e0e689cb_849f_4c17_82b6_6d77e7886527] Member consumer-Consumer-topic-e0e689cb_849f_4c17_82b6_6d77e7886527-8-1f2ee650-2bc6-47d7-a5ed-c01596a3542c sending LeaveGroup request to coordinator localhost:32769 (id: 2147483647 rack: null) due to the consumer is being closed
2025-08-12 14:50:13,240 INFO  [org.apa.kaf.cli.con.int.ConsumerCoordinator] (Thread-654) [Consumer clientId=consumer-Consumer-topic-e0e689cb_849f_4c17_82b6_6d77e7886527-8, groupId=Consumer-topic-e0e689cb_849f_4c17_82b6_6d77e7886527] Resetting generation and member id due to: consumer pro-actively leaving the group
2025-08-12 14:50:13,240 INFO  [org.apa.kaf.cli.con.int.ConsumerCoordinator] (Thread-654) [Consumer clientId=consumer-Consumer-topic-e0e689cb_849f_4c17_82b6_6d77e7886527-8, groupId=Consumer-topic-e0e689cb_849f_4c17_82b6_6d77e7886527] Request joining group due to: consumer pro-actively leaving the group
2025-08-12 14:50:13,735 INFO  [org.apa.kaf.com.met.Metrics] (Thread-654) Metrics scheduler closed
2025-08-12 14:50:13,735 INFO  [org.apa.kaf.com.met.Metrics] (Thread-654) Closing reporter org.apache.kafka.common.metrics.JmxReporter
2025-08-12 14:50:13,735 INFO  [org.apa.kaf.com.met.Metrics] (Thread-654) Closing reporter org.apache.kafka.common.telemetry.internals.ClientTelemetryReporter
2025-08-12 14:50:13,735 INFO  [org.apa.kaf.com.met.Metrics] (Thread-654) Metrics reporters closed
2025-08-12 14:50:13,739 INFO  [org.apa.kaf.com.uti.AppInfoParser] (Thread-654) App info kafka.consumer for consumer-Consumer-topic-e0e689cb_849f_4c17_82b6_6d77e7886527-8 unregistered
2025-08-12 14:50:13,741 INFO  [io.api.tes.uti.TestSeparator] (main) io.apicurio.tests.serdes.apicurio.AvroSerdeIT.testAvroUnionWithSpecificReader-FINISHED
2025-08-12 14:50:13,741 INFO  [io.api.tes.uti.TestSeparator] (main) ############################################################################
Test passed: testAvroUnionWithSpecificReader
]]></system-out>
  </testcase>
  <testcase name="testEvolveAvroApicurioReusingClient" classname="io.apicurio.tests.serdes.apicurio.AvroSerdeIT" time="8.082">
    <system-out><![CDATA[2025-08-12 14:50:13,742 INFO  [io.api.tes.uti.TestSeparator] (main) ############################################################################
2025-08-12 14:50:13,742 INFO  [io.api.tes.uti.TestSeparator] (main) io.apicurio.tests.serdes.apicurio.AvroSerdeIT.testEvolveAvroApicurioReusingClient-STARTED
2025-08-12 14:50:13,746 INFO  [io.api.tes.ser.api.AvroSerdeIT] (main) Registering Avro Schema: {"type":"record","name":"saf06f692xd4a5x4a8dxb066x78134ef3404f","namespace":"ns_3b3e7552_a39c_467a_a0c9_b5bfd38c3632","fields":[{"name":"key11755010213743","type":"string"}]}
**** Registry Base URL: http://registry-app-pg17.apps.ci419.apicurio-testing.org:80
2025-08-12 14:50:14,959 INFO  [org.apa.kaf.cli.pro.ProducerConfig] (main) ProducerConfig values: 
	acks = -1
	auto.include.jmx.reporter = true
	batch.size = 16384
	bootstrap.servers = [PLAINTEXT://localhost:32769]
	buffer.memory = 33554432
	client.dns.lookup = use_all_dns_ips
	client.id = Producer-topic-d0c153b3_f453_45c3_ade4_74ea5099d056
	compression.gzip.level = -1
	compression.lz4.level = 9
	compression.type = none
	compression.zstd.level = 3
	connections.max.idle.ms = 10000
	delivery.timeout.ms = 120000
	enable.idempotence = true
	enable.metrics.push = true
	interceptor.classes = []
	key.serializer = class org.apache.kafka.common.serialization.StringSerializer
	linger.ms = 0
	max.block.ms = 60000
	max.in.flight.requests.per.connection = 5
	max.request.size = 1048576
	metadata.max.age.ms = 300000
	metadata.max.idle.ms = 300000
	metadata.recovery.strategy = none
	metric.reporters = []
	metrics.num.samples = 2
	metrics.recording.level = INFO
	metrics.sample.window.ms = 30000
	partitioner.adaptive.partitioning.enable = true
	partitioner.availability.timeout.ms = 0
	partitioner.class = null
	partitioner.ignore.keys = false
	receive.buffer.bytes = 32768
	reconnect.backoff.max.ms = 1000
	reconnect.backoff.ms = 50
	request.timeout.ms = 5000
	retries = 2147483647
	retry.backoff.max.ms = 1000
	retry.backoff.ms = 100
	sasl.client.callback.handler.class = null
	sasl.jaas.config = null
	sasl.kerberos.kinit.cmd = /usr/bin/kinit
	sasl.kerberos.min.time.before.relogin = 60000
	sasl.kerberos.service.name = null
	sasl.kerberos.ticket.renew.jitter = 0.05
	sasl.kerberos.ticket.renew.window.factor = 0.8
	sasl.login.callback.handler.class = null
	sasl.login.class = null
	sasl.login.connect.timeout.ms = null
	sasl.login.read.timeout.ms = null
	sasl.login.refresh.buffer.seconds = 300
	sasl.login.refresh.min.period.seconds = 60
	sasl.login.refresh.window.factor = 0.8
	sasl.login.refresh.window.jitter = 0.05
	sasl.login.retry.backoff.max.ms = 10000
	sasl.login.retry.backoff.ms = 100
	sasl.mechanism = GSSAPI
	sasl.oauthbearer.clock.skew.seconds = 30
	sasl.oauthbearer.expected.audience = null
	sasl.oauthbearer.expected.issuer = null
	sasl.oauthbearer.header.urlencode = false
	sasl.oauthbearer.jwks.endpoint.refresh.ms = 3600000
	sasl.oauthbearer.jwks.endpoint.retry.backoff.max.ms = 10000
	sasl.oauthbearer.jwks.endpoint.retry.backoff.ms = 100
	sasl.oauthbearer.jwks.endpoint.url = null
	sasl.oauthbearer.scope.claim.name = scope
	sasl.oauthbearer.sub.claim.name = sub
	sasl.oauthbearer.token.endpoint.url = null
	security.protocol = PLAINTEXT
	security.providers = null
	send.buffer.bytes = 131072
	socket.connection.setup.timeout.max.ms = 30000
	socket.connection.setup.timeout.ms = 10000
	ssl.cipher.suites = null
	ssl.enabled.protocols = [TLSv1.2, TLSv1.3]
	ssl.endpoint.identification.algorithm = https
	ssl.engine.factory.class = null
	ssl.key.password = null
	ssl.keymanager.algorithm = SunX509
	ssl.keystore.certificate.chain = null
	ssl.keystore.key = null
	ssl.keystore.location = null
	ssl.keystore.password = null
	ssl.keystore.type = JKS
	ssl.protocol = TLSv1.3
	ssl.provider = null
	ssl.secure.random.implementation = null
	ssl.trustmanager.algorithm = PKIX
	ssl.truststore.certificates = null
	ssl.truststore.location = null
	ssl.truststore.password = null
	ssl.truststore.type = JKS
	transaction.timeout.ms = 60000
	transactional.id = null
	value.serializer = class io.apicurio.registry.serde.avro.AvroKafkaSerializer

2025-08-12 14:50:14,959 INFO  [org.apa.kaf.com.tel.int.KafkaMetricsCollector] (main) initializing Kafka metrics collector
2025-08-12 14:50:14,962 INFO  [org.apa.kaf.cli.pro.KafkaProducer] (main) [Producer clientId=Producer-topic-d0c153b3_f453_45c3_ade4_74ea5099d056] Instantiated an idempotent producer.
2025-08-12 14:50:14,964 INFO  [org.apa.kaf.cli.pro.ProducerConfig] (main) These configurations '[apicurio.registry.url, apicurio.registry.artifact-resolver-strategy]' were supplied but are not used yet.
2025-08-12 14:50:14,964 INFO  [org.apa.kaf.com.uti.AppInfoParser] (main) Kafka version: 3.9.1
2025-08-12 14:50:14,964 INFO  [org.apa.kaf.com.uti.AppInfoParser] (main) Kafka commitId: f745dfdcee2b9851
2025-08-12 14:50:14,964 INFO  [org.apa.kaf.com.uti.AppInfoParser] (main) Kafka startTimeMs: 1755010214964
**** Registry Base URL: http://registry-app-pg17.apps.ci419.apicurio-testing.org:80
2025-08-12 14:50:14,965 INFO  [org.apa.kaf.cli.con.ConsumerConfig] (main) ConsumerConfig values: 
	allow.auto.create.topics = true
	auto.commit.interval.ms = 500
	auto.include.jmx.reporter = true
	auto.offset.reset = earliest
	bootstrap.servers = [PLAINTEXT://localhost:32769]
	check.crcs = true
	client.dns.lookup = use_all_dns_ips
	client.id = consumer-Consumer-topic-d0c153b3_f453_45c3_ade4_74ea5099d056-9
	client.rack = 
	connections.max.idle.ms = 10000
	default.api.timeout.ms = 60000
	enable.auto.commit = true
	enable.metrics.push = true
	exclude.internal.topics = true
	fetch.max.bytes = 52428800
	fetch.max.wait.ms = 500
	fetch.min.bytes = 1
	group.id = Consumer-topic-d0c153b3_f453_45c3_ade4_74ea5099d056
	group.instance.id = null
	group.protocol = classic
	group.remote.assignor = null
	heartbeat.interval.ms = 3000
	interceptor.classes = []
	internal.leave.group.on.close = true
	internal.throw.on.fetch.stable.offset.unsupported = false
	isolation.level = read_uncommitted
	key.deserializer = class org.apache.kafka.common.serialization.StringDeserializer
	max.partition.fetch.bytes = 1048576
	max.poll.interval.ms = 300000
	max.poll.records = 500
	metadata.max.age.ms = 300000
	metadata.recovery.strategy = none
	metric.reporters = []
	metrics.num.samples = 2
	metrics.recording.level = INFO
	metrics.sample.window.ms = 30000
	partition.assignment.strategy = [class org.apache.kafka.clients.consumer.RangeAssignor, class org.apache.kafka.clients.consumer.CooperativeStickyAssignor]
	receive.buffer.bytes = 65536
	reconnect.backoff.max.ms = 1000
	reconnect.backoff.ms = 50
	request.timeout.ms = 5000
	retry.backoff.max.ms = 1000
	retry.backoff.ms = 100
	sasl.client.callback.handler.class = null
	sasl.jaas.config = null
	sasl.kerberos.kinit.cmd = /usr/bin/kinit
	sasl.kerberos.min.time.before.relogin = 60000
	sasl.kerberos.service.name = null
	sasl.kerberos.ticket.renew.jitter = 0.05
	sasl.kerberos.ticket.renew.window.factor = 0.8
	sasl.login.callback.handler.class = null
	sasl.login.class = null
	sasl.login.connect.timeout.ms = null
	sasl.login.read.timeout.ms = null
	sasl.login.refresh.buffer.seconds = 300
	sasl.login.refresh.min.period.seconds = 60
	sasl.login.refresh.window.factor = 0.8
	sasl.login.refresh.window.jitter = 0.05
	sasl.login.retry.backoff.max.ms = 10000
	sasl.login.retry.backoff.ms = 100
	sasl.mechanism = GSSAPI
	sasl.oauthbearer.clock.skew.seconds = 30
	sasl.oauthbearer.expected.audience = null
	sasl.oauthbearer.expected.issuer = null
	sasl.oauthbearer.header.urlencode = false
	sasl.oauthbearer.jwks.endpoint.refresh.ms = 3600000
	sasl.oauthbearer.jwks.endpoint.retry.backoff.max.ms = 10000
	sasl.oauthbearer.jwks.endpoint.retry.backoff.ms = 100
	sasl.oauthbearer.jwks.endpoint.url = null
	sasl.oauthbearer.scope.claim.name = scope
	sasl.oauthbearer.sub.claim.name = sub
	sasl.oauthbearer.token.endpoint.url = null
	security.protocol = PLAINTEXT
	security.providers = null
	send.buffer.bytes = 131072
	session.timeout.ms = 45000
	socket.connection.setup.timeout.max.ms = 30000
	socket.connection.setup.timeout.ms = 10000
	ssl.cipher.suites = null
	ssl.enabled.protocols = [TLSv1.2, TLSv1.3]
	ssl.endpoint.identification.algorithm = https
	ssl.engine.factory.class = null
	ssl.key.password = null
	ssl.keymanager.algorithm = SunX509
	ssl.keystore.certificate.chain = null
	ssl.keystore.key = null
	ssl.keystore.location = null
	ssl.keystore.password = null
	ssl.keystore.type = JKS
	ssl.protocol = TLSv1.3
	ssl.provider = null
	ssl.secure.random.implementation = null
	ssl.trustmanager.algorithm = PKIX
	ssl.truststore.certificates = null
	ssl.truststore.location = null
	ssl.truststore.password = null
	ssl.truststore.type = JKS
	value.deserializer = class io.apicurio.registry.serde.avro.AvroKafkaDeserializer

2025-08-12 14:50:14,965 INFO  [org.apa.kaf.com.tel.int.KafkaMetricsCollector] (main) initializing Kafka metrics collector
2025-08-12 14:50:14,971 INFO  [org.apa.kaf.cli.con.ConsumerConfig] (main) These configurations '[apicurio.registry.url]' were supplied but are not used yet.
2025-08-12 14:50:14,972 INFO  [org.apa.kaf.cli.Metadata] (kafka-producer-network-thread | Producer-topic-d0c153b3_f453_45c3_ade4_74ea5099d056) [Producer clientId=Producer-topic-d0c153b3_f453_45c3_ade4_74ea5099d056] Cluster ID: 4oDFBklZQKWClKkNkfg_eQ
2025-08-12 14:50:14,972 INFO  [org.apa.kaf.com.uti.AppInfoParser] (main) Kafka version: 3.9.1
2025-08-12 14:50:14,972 INFO  [org.apa.kaf.com.uti.AppInfoParser] (main) Kafka commitId: f745dfdcee2b9851
2025-08-12 14:50:14,972 INFO  [org.apa.kaf.com.uti.AppInfoParser] (main) Kafka startTimeMs: 1755010214971
2025-08-12 14:50:14,972 INFO  [org.apa.kaf.cli.pro.int.TransactionManager] (kafka-producer-network-thread | Producer-topic-d0c153b3_f453_45c3_ade4_74ea5099d056) [Producer clientId=Producer-topic-d0c153b3_f453_45c3_ade4_74ea5099d056] ProducerId set to 11 with epoch 0
2025-08-12 14:50:14,974 INFO  [io.api.tes.ser.api.KafkaSerdesTester] (Thread-659) Sending message {"key11755010213743": "value-0"} to topic topic-d0c153b3_f453_45c3_ade4_74ea5099d056
2025-08-12 14:50:14,981 INFO  [DefaultSchemaResolver] (Thread-659) Retrieving schema content using string: {"type":"record","name":"saf06f692xd4a5x4a8dxb066x78134ef3404f","namespace":"ns_3b3e7552_a39c_467a_a0c9_b5bfd38c3632","fields":[{"name":"key11755010213743","type":"string"}]}
2025-08-12 14:50:15,136 INFO  [io.api.tes.ser.api.KafkaSerdesTester] (Thread-659) Sending message {"key11755010213743": "value-1"} to topic topic-d0c153b3_f453_45c3_ade4_74ea5099d056
2025-08-12 14:50:15,137 INFO  [io.api.tes.ser.api.KafkaSerdesTester] (Thread-659) Sending message {"key11755010213743": "value-2"} to topic topic-d0c153b3_f453_45c3_ade4_74ea5099d056
2025-08-12 14:50:15,139 INFO  [io.api.tes.ser.api.KafkaSerdesTester] (Thread-659) Sending message {"key11755010213743": "value-3"} to topic topic-d0c153b3_f453_45c3_ade4_74ea5099d056
2025-08-12 14:50:15,141 INFO  [io.api.tes.ser.api.KafkaSerdesTester] (Thread-659) Sending message {"key11755010213743": "value-4"} to topic topic-d0c153b3_f453_45c3_ade4_74ea5099d056
2025-08-12 14:50:15,142 INFO  [io.api.tes.ser.api.KafkaSerdesTester] (Thread-659) Sending message {"key11755010213743": "value-5"} to topic topic-d0c153b3_f453_45c3_ade4_74ea5099d056
2025-08-12 14:50:15,145 INFO  [io.api.tes.ser.api.KafkaSerdesTester] (Thread-659) Sending message {"key11755010213743": "value-6"} to topic topic-d0c153b3_f453_45c3_ade4_74ea5099d056
2025-08-12 14:50:15,147 INFO  [io.api.tes.ser.api.KafkaSerdesTester] (Thread-659) Sending message {"key11755010213743": "value-7"} to topic topic-d0c153b3_f453_45c3_ade4_74ea5099d056
2025-08-12 14:50:15,149 INFO  [io.api.tes.ser.api.KafkaSerdesTester] (Thread-659) Sending message {"key11755010213743": "value-8"} to topic topic-d0c153b3_f453_45c3_ade4_74ea5099d056
2025-08-12 14:50:15,151 INFO  [io.api.tes.ser.api.KafkaSerdesTester] (Thread-659) Sending message {"key11755010213743": "value-9"} to topic topic-d0c153b3_f453_45c3_ade4_74ea5099d056
2025-08-12 14:50:15,152 INFO  [io.api.tes.ser.api.KafkaSerdesTester] (Thread-659) Produced 10 messages
2025-08-12 14:50:15,153 INFO  [org.apa.kaf.cli.con.int.ClassicKafkaConsumer] (Thread-660) [Consumer clientId=consumer-Consumer-topic-d0c153b3_f453_45c3_ade4_74ea5099d056-9, groupId=Consumer-topic-d0c153b3_f453_45c3_ade4_74ea5099d056] Subscribed to topic(s): topic-d0c153b3_f453_45c3_ade4_74ea5099d056
2025-08-12 14:50:15,157 INFO  [org.apa.kaf.cli.Metadata] (Thread-660) [Consumer clientId=consumer-Consumer-topic-d0c153b3_f453_45c3_ade4_74ea5099d056-9, groupId=Consumer-topic-d0c153b3_f453_45c3_ade4_74ea5099d056] Cluster ID: 4oDFBklZQKWClKkNkfg_eQ
2025-08-12 14:50:15,158 INFO  [org.apa.kaf.cli.con.int.ConsumerCoordinator] (Thread-660) [Consumer clientId=consumer-Consumer-topic-d0c153b3_f453_45c3_ade4_74ea5099d056-9, groupId=Consumer-topic-d0c153b3_f453_45c3_ade4_74ea5099d056] Discovered group coordinator localhost:32769 (id: 2147483647 rack: null)
2025-08-12 14:50:15,159 INFO  [org.apa.kaf.cli.con.int.ConsumerCoordinator] (Thread-660) [Consumer clientId=consumer-Consumer-topic-d0c153b3_f453_45c3_ade4_74ea5099d056-9, groupId=Consumer-topic-d0c153b3_f453_45c3_ade4_74ea5099d056] (Re-)joining group
2025-08-12 14:50:15,162 INFO  [org.apa.kaf.cli.con.int.ConsumerCoordinator] (Thread-660) [Consumer clientId=consumer-Consumer-topic-d0c153b3_f453_45c3_ade4_74ea5099d056-9, groupId=Consumer-topic-d0c153b3_f453_45c3_ade4_74ea5099d056] Request joining group due to: need to re-join with the given member-id: consumer-Consumer-topic-d0c153b3_f453_45c3_ade4_74ea5099d056-9-31831ea1-b2c6-493f-acb8-e540d022774e
2025-08-12 14:50:15,162 INFO  [org.apa.kaf.cli.con.int.ConsumerCoordinator] (Thread-660) [Consumer clientId=consumer-Consumer-topic-d0c153b3_f453_45c3_ade4_74ea5099d056-9, groupId=Consumer-topic-d0c153b3_f453_45c3_ade4_74ea5099d056] (Re-)joining group
2025-08-12 14:50:16,153 INFO  [io.api.tes.ser.api.KafkaSerdesTester] (Thread-660) None found
2025-08-12 14:50:17,153 INFO  [io.api.tes.ser.api.KafkaSerdesTester] (Thread-660) None found
2025-08-12 14:50:18,153 INFO  [io.api.tes.ser.api.KafkaSerdesTester] (Thread-660) None found
2025-08-12 14:50:18,163 INFO  [org.apa.kaf.cli.con.int.ConsumerCoordinator] (Thread-660) [Consumer clientId=consumer-Consumer-topic-d0c153b3_f453_45c3_ade4_74ea5099d056-9, groupId=Consumer-topic-d0c153b3_f453_45c3_ade4_74ea5099d056] Successfully joined group with generation Generation{generationId=1, memberId='consumer-Consumer-topic-d0c153b3_f453_45c3_ade4_74ea5099d056-9-31831ea1-b2c6-493f-acb8-e540d022774e', protocol='range'}
2025-08-12 14:50:18,164 INFO  [org.apa.kaf.cli.con.int.ConsumerCoordinator] (Thread-660) [Consumer clientId=consumer-Consumer-topic-d0c153b3_f453_45c3_ade4_74ea5099d056-9, groupId=Consumer-topic-d0c153b3_f453_45c3_ade4_74ea5099d056] Finished assignment for group at generation 1: {consumer-Consumer-topic-d0c153b3_f453_45c3_ade4_74ea5099d056-9-31831ea1-b2c6-493f-acb8-e540d022774e=Assignment(partitions=[topic-d0c153b3_f453_45c3_ade4_74ea5099d056-0])}
2025-08-12 14:50:18,170 INFO  [org.apa.kaf.cli.con.int.ConsumerCoordinator] (Thread-660) [Consumer clientId=consumer-Consumer-topic-d0c153b3_f453_45c3_ade4_74ea5099d056-9, groupId=Consumer-topic-d0c153b3_f453_45c3_ade4_74ea5099d056] Successfully synced group in generation Generation{generationId=1, memberId='consumer-Consumer-topic-d0c153b3_f453_45c3_ade4_74ea5099d056-9-31831ea1-b2c6-493f-acb8-e540d022774e', protocol='range'}
2025-08-12 14:50:18,170 INFO  [org.apa.kaf.cli.con.int.ConsumerCoordinator] (Thread-660) [Consumer clientId=consumer-Consumer-topic-d0c153b3_f453_45c3_ade4_74ea5099d056-9, groupId=Consumer-topic-d0c153b3_f453_45c3_ade4_74ea5099d056] Notifying assignor about the new Assignment(partitions=[topic-d0c153b3_f453_45c3_ade4_74ea5099d056-0])
2025-08-12 14:50:18,171 INFO  [org.apa.kaf.cli.con.int.ConsumerRebalanceListenerInvoker] (Thread-660) [Consumer clientId=consumer-Consumer-topic-d0c153b3_f453_45c3_ade4_74ea5099d056-9, groupId=Consumer-topic-d0c153b3_f453_45c3_ade4_74ea5099d056] Adding newly assigned partitions: topic-d0c153b3_f453_45c3_ade4_74ea5099d056-0
2025-08-12 14:50:18,171 INFO  [org.apa.kaf.cli.con.int.ConsumerCoordinator] (Thread-660) [Consumer clientId=consumer-Consumer-topic-d0c153b3_f453_45c3_ade4_74ea5099d056-9, groupId=Consumer-topic-d0c153b3_f453_45c3_ade4_74ea5099d056] Found no committed offset for partition topic-d0c153b3_f453_45c3_ade4_74ea5099d056-0
2025-08-12 14:50:18,175 INFO  [org.apa.kaf.cli.con.int.SubscriptionState] (Thread-660) [Consumer clientId=consumer-Consumer-topic-d0c153b3_f453_45c3_ade4_74ea5099d056-9, groupId=Consumer-topic-d0c153b3_f453_45c3_ade4_74ea5099d056] Resetting offset for partition topic-d0c153b3_f453_45c3_ade4_74ea5099d056-0 to position FetchPosition{offset=0, offsetEpoch=Optional.empty, currentLeader=LeaderAndEpoch{leader=Optional[localhost:32769 (id: 0 rack: null)], epoch=0}}.
2025-08-12 14:50:18,402 INFO  [io.api.tes.ser.api.KafkaSerdesTester] (Thread-660) topic-d0c153b3_f453_45c3_ade4_74ea5099d056 0 0 {"key11755010213743": "value-0"}
2025-08-12 14:50:18,402 INFO  [io.api.tes.ser.api.KafkaSerdesTester] (Thread-660) topic-d0c153b3_f453_45c3_ade4_74ea5099d056 0 1 {"key11755010213743": "value-1"}
2025-08-12 14:50:18,402 INFO  [io.api.tes.ser.api.KafkaSerdesTester] (Thread-660) topic-d0c153b3_f453_45c3_ade4_74ea5099d056 0 2 {"key11755010213743": "value-2"}
2025-08-12 14:50:18,403 INFO  [io.api.tes.ser.api.KafkaSerdesTester] (Thread-660) topic-d0c153b3_f453_45c3_ade4_74ea5099d056 0 3 {"key11755010213743": "value-3"}
2025-08-12 14:50:18,403 INFO  [io.api.tes.ser.api.KafkaSerdesTester] (Thread-660) topic-d0c153b3_f453_45c3_ade4_74ea5099d056 0 4 {"key11755010213743": "value-4"}
2025-08-12 14:50:18,403 INFO  [io.api.tes.ser.api.KafkaSerdesTester] (Thread-660) topic-d0c153b3_f453_45c3_ade4_74ea5099d056 0 5 {"key11755010213743": "value-5"}
2025-08-12 14:50:18,403 INFO  [io.api.tes.ser.api.KafkaSerdesTester] (Thread-660) topic-d0c153b3_f453_45c3_ade4_74ea5099d056 0 6 {"key11755010213743": "value-6"}
2025-08-12 14:50:18,403 INFO  [io.api.tes.ser.api.KafkaSerdesTester] (Thread-660) topic-d0c153b3_f453_45c3_ade4_74ea5099d056 0 7 {"key11755010213743": "value-7"}
2025-08-12 14:50:18,403 INFO  [io.api.tes.ser.api.KafkaSerdesTester] (Thread-660) topic-d0c153b3_f453_45c3_ade4_74ea5099d056 0 8 {"key11755010213743": "value-8"}
2025-08-12 14:50:18,403 INFO  [io.api.tes.ser.api.KafkaSerdesTester] (Thread-660) topic-d0c153b3_f453_45c3_ade4_74ea5099d056 0 9 {"key11755010213743": "value-9"}
2025-08-12 14:50:18,403 INFO  [io.api.tes.ser.api.KafkaSerdesTester] (Thread-660) Consumed 10 messages
2025-08-12 14:50:18,404 INFO  [io.api.tes.ser.api.AvroSerdeIT] (main) Registering Avro Schema 2: {"type":"record","name":"saf06f692xd4a5x4a8dxb066x78134ef3404f","namespace":"ns_3b3e7552_a39c_467a_a0c9_b5bfd38c3632","fields":[{"name":"key11755010213743","type":"string"},{"name":"key21755010218403","type":"string"}]}
2025-08-12 14:50:19,574 INFO  [io.api.tes.ser.api.KafkaSerdesTester] (Thread-661) Sending message {"key11755010213743": "value-0", "key21755010218403": "value-0"} to topic topic-d0c153b3_f453_45c3_ade4_74ea5099d056
2025-08-12 14:50:19,574 INFO  [DefaultSchemaResolver] (Thread-661) Retrieving schema content using string: {"type":"record","name":"saf06f692xd4a5x4a8dxb066x78134ef3404f","namespace":"ns_3b3e7552_a39c_467a_a0c9_b5bfd38c3632","fields":[{"name":"key11755010213743","type":"string"},{"name":"key21755010218403","type":"string"}]}
2025-08-12 14:50:19,657 INFO  [io.api.tes.ser.api.KafkaSerdesTester] (Thread-661) Sending message {"key11755010213743": "value-1", "key21755010218403": "value-1"} to topic topic-d0c153b3_f453_45c3_ade4_74ea5099d056
2025-08-12 14:50:19,659 INFO  [io.api.tes.ser.api.KafkaSerdesTester] (Thread-661) Sending message {"key11755010213743": "value-2", "key21755010218403": "value-2"} to topic topic-d0c153b3_f453_45c3_ade4_74ea5099d056
2025-08-12 14:50:19,661 INFO  [io.api.tes.ser.api.KafkaSerdesTester] (Thread-661) Sending message {"key11755010213743": "value-3", "key21755010218403": "value-3"} to topic topic-d0c153b3_f453_45c3_ade4_74ea5099d056
2025-08-12 14:50:19,663 INFO  [io.api.tes.ser.api.KafkaSerdesTester] (Thread-661) Sending message {"key11755010213743": "value-4", "key21755010218403": "value-4"} to topic topic-d0c153b3_f453_45c3_ade4_74ea5099d056
2025-08-12 14:50:19,665 INFO  [io.api.tes.ser.api.KafkaSerdesTester] (Thread-661) Sending message {"key11755010213743": "value-5", "key21755010218403": "value-5"} to topic topic-d0c153b3_f453_45c3_ade4_74ea5099d056
2025-08-12 14:50:19,669 INFO  [io.api.tes.ser.api.KafkaSerdesTester] (Thread-661) Sending message {"key11755010213743": "value-6", "key21755010218403": "value-6"} to topic topic-d0c153b3_f453_45c3_ade4_74ea5099d056
2025-08-12 14:50:19,672 INFO  [io.api.tes.ser.api.KafkaSerdesTester] (Thread-661) Sending message {"key11755010213743": "value-7", "key21755010218403": "value-7"} to topic topic-d0c153b3_f453_45c3_ade4_74ea5099d056
2025-08-12 14:50:19,677 INFO  [io.api.tes.ser.api.KafkaSerdesTester] (Thread-661) Sending message {"key11755010213743": "value-8", "key21755010218403": "value-8"} to topic topic-d0c153b3_f453_45c3_ade4_74ea5099d056
2025-08-12 14:50:19,679 INFO  [io.api.tes.ser.api.KafkaSerdesTester] (Thread-661) Sending message {"key11755010213743": "value-9", "key21755010218403": "value-9"} to topic topic-d0c153b3_f453_45c3_ade4_74ea5099d056
2025-08-12 14:50:19,681 INFO  [io.api.tes.ser.api.KafkaSerdesTester] (Thread-661) Produced 10 messages
2025-08-12 14:50:19,682 INFO  [io.api.tes.ser.api.KafkaSerdesTester] (Thread-662) Sending message {"key11755010213743": "value-0"} to topic topic-d0c153b3_f453_45c3_ade4_74ea5099d056
2025-08-12 14:50:19,684 INFO  [io.api.tes.ser.api.KafkaSerdesTester] (Thread-662) Sending message {"key11755010213743": "value-1"} to topic topic-d0c153b3_f453_45c3_ade4_74ea5099d056
2025-08-12 14:50:19,685 INFO  [io.api.tes.ser.api.KafkaSerdesTester] (Thread-662) Sending message {"key11755010213743": "value-2"} to topic topic-d0c153b3_f453_45c3_ade4_74ea5099d056
2025-08-12 14:50:19,688 INFO  [io.api.tes.ser.api.KafkaSerdesTester] (Thread-662) Sending message {"key11755010213743": "value-3"} to topic topic-d0c153b3_f453_45c3_ade4_74ea5099d056
2025-08-12 14:50:19,690 INFO  [io.api.tes.ser.api.KafkaSerdesTester] (Thread-662) Sending message {"key11755010213743": "value-4"} to topic topic-d0c153b3_f453_45c3_ade4_74ea5099d056
2025-08-12 14:50:19,692 INFO  [io.api.tes.ser.api.KafkaSerdesTester] (Thread-662) Sending message {"key11755010213743": "value-5"} to topic topic-d0c153b3_f453_45c3_ade4_74ea5099d056
2025-08-12 14:50:19,695 INFO  [io.api.tes.ser.api.KafkaSerdesTester] (Thread-662) Sending message {"key11755010213743": "value-6"} to topic topic-d0c153b3_f453_45c3_ade4_74ea5099d056
2025-08-12 14:50:19,698 INFO  [io.api.tes.ser.api.KafkaSerdesTester] (Thread-662) Sending message {"key11755010213743": "value-7"} to topic topic-d0c153b3_f453_45c3_ade4_74ea5099d056
2025-08-12 14:50:19,701 INFO  [io.api.tes.ser.api.KafkaSerdesTester] (Thread-662) Sending message {"key11755010213743": "value-8"} to topic topic-d0c153b3_f453_45c3_ade4_74ea5099d056
2025-08-12 14:50:19,704 INFO  [io.api.tes.ser.api.KafkaSerdesTester] (Thread-662) Sending message {"key11755010213743": "value-9"} to topic topic-d0c153b3_f453_45c3_ade4_74ea5099d056
2025-08-12 14:50:19,705 INFO  [io.api.tes.ser.api.KafkaSerdesTester] (Thread-662) Produced 10 messages
2025-08-12 14:50:19,707 INFO  [org.apa.kaf.cli.con.int.ClassicKafkaConsumer] (Thread-663) [Consumer clientId=consumer-Consumer-topic-d0c153b3_f453_45c3_ade4_74ea5099d056-9, groupId=Consumer-topic-d0c153b3_f453_45c3_ade4_74ea5099d056] Subscribed to topic(s): topic-d0c153b3_f453_45c3_ade4_74ea5099d056
2025-08-12 14:50:19,856 INFO  [io.api.tes.ser.api.KafkaSerdesTester] (Thread-663) topic-d0c153b3_f453_45c3_ade4_74ea5099d056 0 10 {"key11755010213743": "value-0", "key21755010218403": "value-0"}
2025-08-12 14:50:19,856 INFO  [io.api.tes.ser.api.KafkaSerdesTester] (Thread-663) topic-d0c153b3_f453_45c3_ade4_74ea5099d056 0 11 {"key11755010213743": "value-1", "key21755010218403": "value-1"}
2025-08-12 14:50:19,856 INFO  [io.api.tes.ser.api.KafkaSerdesTester] (Thread-663) topic-d0c153b3_f453_45c3_ade4_74ea5099d056 0 12 {"key11755010213743": "value-2", "key21755010218403": "value-2"}
2025-08-12 14:50:19,857 INFO  [io.api.tes.ser.api.KafkaSerdesTester] (Thread-663) topic-d0c153b3_f453_45c3_ade4_74ea5099d056 0 13 {"key11755010213743": "value-3", "key21755010218403": "value-3"}
2025-08-12 14:50:19,857 INFO  [io.api.tes.ser.api.KafkaSerdesTester] (Thread-663) topic-d0c153b3_f453_45c3_ade4_74ea5099d056 0 14 {"key11755010213743": "value-4", "key21755010218403": "value-4"}
2025-08-12 14:50:19,857 INFO  [io.api.tes.ser.api.KafkaSerdesTester] (Thread-663) topic-d0c153b3_f453_45c3_ade4_74ea5099d056 0 15 {"key11755010213743": "value-5", "key21755010218403": "value-5"}
2025-08-12 14:50:19,857 INFO  [io.api.tes.ser.api.KafkaSerdesTester] (Thread-663) topic-d0c153b3_f453_45c3_ade4_74ea5099d056 0 16 {"key11755010213743": "value-6", "key21755010218403": "value-6"}
2025-08-12 14:50:19,857 INFO  [io.api.tes.ser.api.KafkaSerdesTester] (Thread-663) topic-d0c153b3_f453_45c3_ade4_74ea5099d056 0 17 {"key11755010213743": "value-7", "key21755010218403": "value-7"}
2025-08-12 14:50:19,857 INFO  [io.api.tes.ser.api.KafkaSerdesTester] (Thread-663) topic-d0c153b3_f453_45c3_ade4_74ea5099d056 0 18 {"key11755010213743": "value-8", "key21755010218403": "value-8"}
2025-08-12 14:50:19,857 INFO  [io.api.tes.ser.api.KafkaSerdesTester] (Thread-663) topic-d0c153b3_f453_45c3_ade4_74ea5099d056 0 19 {"key11755010213743": "value-9", "key21755010218403": "value-9"}
2025-08-12 14:50:19,857 INFO  [io.api.tes.ser.api.KafkaSerdesTester] (Thread-663) topic-d0c153b3_f453_45c3_ade4_74ea5099d056 0 20 {"key11755010213743": "value-0"}
2025-08-12 14:50:19,857 INFO  [io.api.tes.ser.api.KafkaSerdesTester] (Thread-663) topic-d0c153b3_f453_45c3_ade4_74ea5099d056 0 21 {"key11755010213743": "value-1"}
2025-08-12 14:50:19,857 INFO  [io.api.tes.ser.api.KafkaSerdesTester] (Thread-663) topic-d0c153b3_f453_45c3_ade4_74ea5099d056 0 22 {"key11755010213743": "value-2"}
2025-08-12 14:50:19,857 INFO  [io.api.tes.ser.api.KafkaSerdesTester] (Thread-663) topic-d0c153b3_f453_45c3_ade4_74ea5099d056 0 23 {"key11755010213743": "value-3"}
2025-08-12 14:50:19,857 INFO  [io.api.tes.ser.api.KafkaSerdesTester] (Thread-663) topic-d0c153b3_f453_45c3_ade4_74ea5099d056 0 24 {"key11755010213743": "value-4"}
2025-08-12 14:50:19,857 INFO  [io.api.tes.ser.api.KafkaSerdesTester] (Thread-663) topic-d0c153b3_f453_45c3_ade4_74ea5099d056 0 25 {"key11755010213743": "value-5"}
2025-08-12 14:50:19,857 INFO  [io.api.tes.ser.api.KafkaSerdesTester] (Thread-663) topic-d0c153b3_f453_45c3_ade4_74ea5099d056 0 26 {"key11755010213743": "value-6"}
2025-08-12 14:50:19,857 INFO  [io.api.tes.ser.api.KafkaSerdesTester] (Thread-663) topic-d0c153b3_f453_45c3_ade4_74ea5099d056 0 27 {"key11755010213743": "value-7"}
2025-08-12 14:50:19,857 INFO  [io.api.tes.ser.api.KafkaSerdesTester] (Thread-663) topic-d0c153b3_f453_45c3_ade4_74ea5099d056 0 28 {"key11755010213743": "value-8"}
2025-08-12 14:50:19,857 INFO  [io.api.tes.ser.api.KafkaSerdesTester] (Thread-663) topic-d0c153b3_f453_45c3_ade4_74ea5099d056 0 29 {"key11755010213743": "value-9"}
2025-08-12 14:50:19,857 INFO  [io.api.tes.ser.api.KafkaSerdesTester] (Thread-663) Consumed 20 messages
2025-08-12 14:50:19,860 INFO  [io.api.tes.ser.api.AvroSerdeIT] (main) Registering Avro Schema 3: {"type":"record","name":"saf06f692xd4a5x4a8dxb066x78134ef3404f","namespace":"ns_3b3e7552_a39c_467a_a0c9_b5bfd38c3632","fields":[{"name":"key11755010213743","type":"string"},{"name":"key21755010218403","type":"string"},{"name":"key31755010219857","type":"string"}]}
2025-08-12 14:50:21,021 INFO  [io.api.tes.ser.api.KafkaSerdesTester] (Thread-664) Sending message {"key11755010213743": "value-0", "key21755010218403": "value-0", "key31755010219857": "value-0"} to topic topic-d0c153b3_f453_45c3_ade4_74ea5099d056
2025-08-12 14:50:21,021 INFO  [DefaultSchemaResolver] (Thread-664) Retrieving schema content using string: {"type":"record","name":"saf06f692xd4a5x4a8dxb066x78134ef3404f","namespace":"ns_3b3e7552_a39c_467a_a0c9_b5bfd38c3632","fields":[{"name":"key11755010213743","type":"string"},{"name":"key21755010218403","type":"string"},{"name":"key31755010219857","type":"string"}]}
2025-08-12 14:50:21,088 INFO  [io.api.tes.ser.api.KafkaSerdesTester] (Thread-664) Sending message {"key11755010213743": "value-1", "key21755010218403": "value-1", "key31755010219857": "value-1"} to topic topic-d0c153b3_f453_45c3_ade4_74ea5099d056
2025-08-12 14:50:21,090 INFO  [io.api.tes.ser.api.KafkaSerdesTester] (Thread-664) Sending message {"key11755010213743": "value-2", "key21755010218403": "value-2", "key31755010219857": "value-2"} to topic topic-d0c153b3_f453_45c3_ade4_74ea5099d056
2025-08-12 14:50:21,091 INFO  [io.api.tes.ser.api.KafkaSerdesTester] (Thread-664) Sending message {"key11755010213743": "value-3", "key21755010218403": "value-3", "key31755010219857": "value-3"} to topic topic-d0c153b3_f453_45c3_ade4_74ea5099d056
2025-08-12 14:50:21,094 INFO  [io.api.tes.ser.api.KafkaSerdesTester] (Thread-664) Sending message {"key11755010213743": "value-4", "key21755010218403": "value-4", "key31755010219857": "value-4"} to topic topic-d0c153b3_f453_45c3_ade4_74ea5099d056
2025-08-12 14:50:21,096 INFO  [io.api.tes.ser.api.KafkaSerdesTester] (Thread-664) Sending message {"key11755010213743": "value-5", "key21755010218403": "value-5", "key31755010219857": "value-5"} to topic topic-d0c153b3_f453_45c3_ade4_74ea5099d056
2025-08-12 14:50:21,098 INFO  [io.api.tes.ser.api.KafkaSerdesTester] (Thread-664) Sending message {"key11755010213743": "value-6", "key21755010218403": "value-6", "key31755010219857": "value-6"} to topic topic-d0c153b3_f453_45c3_ade4_74ea5099d056
2025-08-12 14:50:21,099 INFO  [io.api.tes.ser.api.KafkaSerdesTester] (Thread-664) Sending message {"key11755010213743": "value-7", "key21755010218403": "value-7", "key31755010219857": "value-7"} to topic topic-d0c153b3_f453_45c3_ade4_74ea5099d056
2025-08-12 14:50:21,101 INFO  [io.api.tes.ser.api.KafkaSerdesTester] (Thread-664) Sending message {"key11755010213743": "value-8", "key21755010218403": "value-8", "key31755010219857": "value-8"} to topic topic-d0c153b3_f453_45c3_ade4_74ea5099d056
2025-08-12 14:50:21,102 INFO  [io.api.tes.ser.api.KafkaSerdesTester] (Thread-664) Sending message {"key11755010213743": "value-9", "key21755010218403": "value-9", "key31755010219857": "value-9"} to topic topic-d0c153b3_f453_45c3_ade4_74ea5099d056
2025-08-12 14:50:21,104 INFO  [io.api.tes.ser.api.KafkaSerdesTester] (Thread-664) Produced 10 messages
2025-08-12 14:50:21,104 INFO  [io.api.tes.ser.api.KafkaSerdesTester] (Thread-665) Sending message {"key11755010213743": "value-0", "key21755010218403": "value-0"} to topic topic-d0c153b3_f453_45c3_ade4_74ea5099d056
2025-08-12 14:50:21,108 INFO  [io.api.tes.ser.api.KafkaSerdesTester] (Thread-665) Sending message {"key11755010213743": "value-1", "key21755010218403": "value-1"} to topic topic-d0c153b3_f453_45c3_ade4_74ea5099d056
2025-08-12 14:50:21,110 INFO  [io.api.tes.ser.api.KafkaSerdesTester] (Thread-665) Sending message {"key11755010213743": "value-2", "key21755010218403": "value-2"} to topic topic-d0c153b3_f453_45c3_ade4_74ea5099d056
2025-08-12 14:50:21,111 INFO  [io.api.tes.ser.api.KafkaSerdesTester] (Thread-665) Sending message {"key11755010213743": "value-3", "key21755010218403": "value-3"} to topic topic-d0c153b3_f453_45c3_ade4_74ea5099d056
2025-08-12 14:50:21,113 INFO  [io.api.tes.ser.api.KafkaSerdesTester] (Thread-665) Sending message {"key11755010213743": "value-4", "key21755010218403": "value-4"} to topic topic-d0c153b3_f453_45c3_ade4_74ea5099d056
2025-08-12 14:50:21,115 INFO  [io.api.tes.ser.api.KafkaSerdesTester] (Thread-665) Sending message {"key11755010213743": "value-5", "key21755010218403": "value-5"} to topic topic-d0c153b3_f453_45c3_ade4_74ea5099d056
2025-08-12 14:50:21,116 INFO  [io.api.tes.ser.api.KafkaSerdesTester] (Thread-665) Sending message {"key11755010213743": "value-6", "key21755010218403": "value-6"} to topic topic-d0c153b3_f453_45c3_ade4_74ea5099d056
2025-08-12 14:50:21,117 INFO  [io.api.tes.ser.api.KafkaSerdesTester] (Thread-665) Sending message {"key11755010213743": "value-7", "key21755010218403": "value-7"} to topic topic-d0c153b3_f453_45c3_ade4_74ea5099d056
2025-08-12 14:50:21,122 INFO  [io.api.tes.ser.api.KafkaSerdesTester] (Thread-665) Sending message {"key11755010213743": "value-8", "key21755010218403": "value-8"} to topic topic-d0c153b3_f453_45c3_ade4_74ea5099d056
2025-08-12 14:50:21,126 INFO  [io.api.tes.ser.api.KafkaSerdesTester] (Thread-665) Sending message {"key11755010213743": "value-9", "key21755010218403": "value-9"} to topic topic-d0c153b3_f453_45c3_ade4_74ea5099d056
2025-08-12 14:50:21,127 INFO  [io.api.tes.ser.api.KafkaSerdesTester] (Thread-665) Produced 10 messages
2025-08-12 14:50:21,128 INFO  [io.api.tes.ser.api.KafkaSerdesTester] (Thread-666) Sending message {"key11755010213743": "value-0"} to topic topic-d0c153b3_f453_45c3_ade4_74ea5099d056
2025-08-12 14:50:21,129 INFO  [io.api.tes.ser.api.KafkaSerdesTester] (Thread-666) Sending message {"key11755010213743": "value-1"} to topic topic-d0c153b3_f453_45c3_ade4_74ea5099d056
2025-08-12 14:50:21,131 INFO  [io.api.tes.ser.api.KafkaSerdesTester] (Thread-666) Sending message {"key11755010213743": "value-2"} to topic topic-d0c153b3_f453_45c3_ade4_74ea5099d056
2025-08-12 14:50:21,132 INFO  [io.api.tes.ser.api.KafkaSerdesTester] (Thread-666) Sending message {"key11755010213743": "value-3"} to topic topic-d0c153b3_f453_45c3_ade4_74ea5099d056
2025-08-12 14:50:21,137 INFO  [io.api.tes.ser.api.KafkaSerdesTester] (Thread-666) Sending message {"key11755010213743": "value-4"} to topic topic-d0c153b3_f453_45c3_ade4_74ea5099d056
2025-08-12 14:50:21,141 INFO  [io.api.tes.ser.api.KafkaSerdesTester] (Thread-666) Sending message {"key11755010213743": "value-5"} to topic topic-d0c153b3_f453_45c3_ade4_74ea5099d056
2025-08-12 14:50:21,143 INFO  [io.api.tes.ser.api.KafkaSerdesTester] (Thread-666) Sending message {"key11755010213743": "value-6"} to topic topic-d0c153b3_f453_45c3_ade4_74ea5099d056
2025-08-12 14:50:21,145 INFO  [io.api.tes.ser.api.KafkaSerdesTester] (Thread-666) Sending message {"key11755010213743": "value-7"} to topic topic-d0c153b3_f453_45c3_ade4_74ea5099d056
2025-08-12 14:50:21,146 INFO  [io.api.tes.ser.api.KafkaSerdesTester] (Thread-666) Sending message {"key11755010213743": "value-8"} to topic topic-d0c153b3_f453_45c3_ade4_74ea5099d056
2025-08-12 14:50:21,148 INFO  [io.api.tes.ser.api.KafkaSerdesTester] (Thread-666) Sending message {"key11755010213743": "value-9"} to topic topic-d0c153b3_f453_45c3_ade4_74ea5099d056
2025-08-12 14:50:21,150 INFO  [io.api.tes.ser.api.KafkaSerdesTester] (Thread-666) Produced 10 messages
2025-08-12 14:50:21,152 INFO  [org.apa.kaf.cli.con.int.ClassicKafkaConsumer] (Thread-667) [Consumer clientId=consumer-Consumer-topic-d0c153b3_f453_45c3_ade4_74ea5099d056-9, groupId=Consumer-topic-d0c153b3_f453_45c3_ade4_74ea5099d056] Subscribed to topic(s): topic-d0c153b3_f453_45c3_ade4_74ea5099d056
2025-08-12 14:50:21,318 INFO  [io.api.tes.ser.api.KafkaSerdesTester] (Thread-667) topic-d0c153b3_f453_45c3_ade4_74ea5099d056 0 30 {"key11755010213743": "value-0", "key21755010218403": "value-0", "key31755010219857": "value-0"}
2025-08-12 14:50:21,318 INFO  [io.api.tes.ser.api.KafkaSerdesTester] (Thread-667) topic-d0c153b3_f453_45c3_ade4_74ea5099d056 0 31 {"key11755010213743": "value-1", "key21755010218403": "value-1", "key31755010219857": "value-1"}
2025-08-12 14:50:21,318 INFO  [io.api.tes.ser.api.KafkaSerdesTester] (Thread-667) topic-d0c153b3_f453_45c3_ade4_74ea5099d056 0 32 {"key11755010213743": "value-2", "key21755010218403": "value-2", "key31755010219857": "value-2"}
2025-08-12 14:50:21,318 INFO  [io.api.tes.ser.api.KafkaSerdesTester] (Thread-667) topic-d0c153b3_f453_45c3_ade4_74ea5099d056 0 33 {"key11755010213743": "value-3", "key21755010218403": "value-3", "key31755010219857": "value-3"}
2025-08-12 14:50:21,318 INFO  [io.api.tes.ser.api.KafkaSerdesTester] (Thread-667) topic-d0c153b3_f453_45c3_ade4_74ea5099d056 0 34 {"key11755010213743": "value-4", "key21755010218403": "value-4", "key31755010219857": "value-4"}
2025-08-12 14:50:21,318 INFO  [io.api.tes.ser.api.KafkaSerdesTester] (Thread-667) topic-d0c153b3_f453_45c3_ade4_74ea5099d056 0 35 {"key11755010213743": "value-5", "key21755010218403": "value-5", "key31755010219857": "value-5"}
2025-08-12 14:50:21,318 INFO  [io.api.tes.ser.api.KafkaSerdesTester] (Thread-667) topic-d0c153b3_f453_45c3_ade4_74ea5099d056 0 36 {"key11755010213743": "value-6", "key21755010218403": "value-6", "key31755010219857": "value-6"}
2025-08-12 14:50:21,318 INFO  [io.api.tes.ser.api.KafkaSerdesTester] (Thread-667) topic-d0c153b3_f453_45c3_ade4_74ea5099d056 0 37 {"key11755010213743": "value-7", "key21755010218403": "value-7", "key31755010219857": "value-7"}
2025-08-12 14:50:21,318 INFO  [io.api.tes.ser.api.KafkaSerdesTester] (Thread-667) topic-d0c153b3_f453_45c3_ade4_74ea5099d056 0 38 {"key11755010213743": "value-8", "key21755010218403": "value-8", "key31755010219857": "value-8"}
2025-08-12 14:50:21,318 INFO  [io.api.tes.ser.api.KafkaSerdesTester] (Thread-667) topic-d0c153b3_f453_45c3_ade4_74ea5099d056 0 39 {"key11755010213743": "value-9", "key21755010218403": "value-9", "key31755010219857": "value-9"}
2025-08-12 14:50:21,318 INFO  [io.api.tes.ser.api.KafkaSerdesTester] (Thread-667) topic-d0c153b3_f453_45c3_ade4_74ea5099d056 0 40 {"key11755010213743": "value-0", "key21755010218403": "value-0"}
2025-08-12 14:50:21,318 INFO  [io.api.tes.ser.api.KafkaSerdesTester] (Thread-667) topic-d0c153b3_f453_45c3_ade4_74ea5099d056 0 41 {"key11755010213743": "value-1", "key21755010218403": "value-1"}
2025-08-12 14:50:21,318 INFO  [io.api.tes.ser.api.KafkaSerdesTester] (Thread-667) topic-d0c153b3_f453_45c3_ade4_74ea5099d056 0 42 {"key11755010213743": "value-2", "key21755010218403": "value-2"}
2025-08-12 14:50:21,318 INFO  [io.api.tes.ser.api.KafkaSerdesTester] (Thread-667) topic-d0c153b3_f453_45c3_ade4_74ea5099d056 0 43 {"key11755010213743": "value-3", "key21755010218403": "value-3"}
2025-08-12 14:50:21,319 INFO  [io.api.tes.ser.api.KafkaSerdesTester] (Thread-667) topic-d0c153b3_f453_45c3_ade4_74ea5099d056 0 44 {"key11755010213743": "value-4", "key21755010218403": "value-4"}
2025-08-12 14:50:21,319 INFO  [io.api.tes.ser.api.KafkaSerdesTester] (Thread-667) topic-d0c153b3_f453_45c3_ade4_74ea5099d056 0 45 {"key11755010213743": "value-5", "key21755010218403": "value-5"}
2025-08-12 14:50:21,319 INFO  [io.api.tes.ser.api.KafkaSerdesTester] (Thread-667) topic-d0c153b3_f453_45c3_ade4_74ea5099d056 0 46 {"key11755010213743": "value-6", "key21755010218403": "value-6"}
2025-08-12 14:50:21,319 INFO  [io.api.tes.ser.api.KafkaSerdesTester] (Thread-667) topic-d0c153b3_f453_45c3_ade4_74ea5099d056 0 47 {"key11755010213743": "value-7", "key21755010218403": "value-7"}
2025-08-12 14:50:21,319 INFO  [io.api.tes.ser.api.KafkaSerdesTester] (Thread-667) topic-d0c153b3_f453_45c3_ade4_74ea5099d056 0 48 {"key11755010213743": "value-8", "key21755010218403": "value-8"}
2025-08-12 14:50:21,319 INFO  [io.api.tes.ser.api.KafkaSerdesTester] (Thread-667) topic-d0c153b3_f453_45c3_ade4_74ea5099d056 0 49 {"key11755010213743": "value-9", "key21755010218403": "value-9"}
2025-08-12 14:50:21,319 INFO  [io.api.tes.ser.api.KafkaSerdesTester] (Thread-667) topic-d0c153b3_f453_45c3_ade4_74ea5099d056 0 50 {"key11755010213743": "value-0"}
2025-08-12 14:50:21,319 INFO  [io.api.tes.ser.api.KafkaSerdesTester] (Thread-667) topic-d0c153b3_f453_45c3_ade4_74ea5099d056 0 51 {"key11755010213743": "value-1"}
2025-08-12 14:50:21,319 INFO  [io.api.tes.ser.api.KafkaSerdesTester] (Thread-667) topic-d0c153b3_f453_45c3_ade4_74ea5099d056 0 52 {"key11755010213743": "value-2"}
2025-08-12 14:50:21,319 INFO  [io.api.tes.ser.api.KafkaSerdesTester] (Thread-667) topic-d0c153b3_f453_45c3_ade4_74ea5099d056 0 53 {"key11755010213743": "value-3"}
2025-08-12 14:50:21,319 INFO  [io.api.tes.ser.api.KafkaSerdesTester] (Thread-667) topic-d0c153b3_f453_45c3_ade4_74ea5099d056 0 54 {"key11755010213743": "value-4"}
2025-08-12 14:50:21,319 INFO  [io.api.tes.ser.api.KafkaSerdesTester] (Thread-667) topic-d0c153b3_f453_45c3_ade4_74ea5099d056 0 55 {"key11755010213743": "value-5"}
2025-08-12 14:50:21,319 INFO  [io.api.tes.ser.api.KafkaSerdesTester] (Thread-667) topic-d0c153b3_f453_45c3_ade4_74ea5099d056 0 56 {"key11755010213743": "value-6"}
2025-08-12 14:50:21,319 INFO  [io.api.tes.ser.api.KafkaSerdesTester] (Thread-667) topic-d0c153b3_f453_45c3_ade4_74ea5099d056 0 57 {"key11755010213743": "value-7"}
2025-08-12 14:50:21,319 INFO  [io.api.tes.ser.api.KafkaSerdesTester] (Thread-667) topic-d0c153b3_f453_45c3_ade4_74ea5099d056 0 58 {"key11755010213743": "value-8"}
2025-08-12 14:50:21,319 INFO  [io.api.tes.ser.api.KafkaSerdesTester] (Thread-667) topic-d0c153b3_f453_45c3_ade4_74ea5099d056 0 59 {"key11755010213743": "value-9"}
2025-08-12 14:50:21,319 INFO  [io.api.tes.ser.api.KafkaSerdesTester] (Thread-667) Consumed 30 messages
2025-08-12 14:50:21,319 INFO  [org.apa.kaf.cli.pro.KafkaProducer] (main) [Producer clientId=Producer-topic-d0c153b3_f453_45c3_ade4_74ea5099d056] Closing the Kafka producer with timeoutMillis = 9223372036854775807 ms.
2025-08-12 14:50:21,321 INFO  [org.apa.kaf.com.met.Metrics] (main) Metrics scheduler closed
2025-08-12 14:50:21,321 INFO  [org.apa.kaf.com.met.Metrics] (main) Closing reporter org.apache.kafka.common.metrics.JmxReporter
2025-08-12 14:50:21,321 INFO  [org.apa.kaf.com.met.Metrics] (main) Closing reporter org.apache.kafka.common.telemetry.internals.ClientTelemetryReporter
2025-08-12 14:50:21,322 INFO  [org.apa.kaf.com.met.Metrics] (main) Metrics reporters closed
2025-08-12 14:50:21,322 INFO  [org.apa.kaf.com.uti.AppInfoParser] (main) App info kafka.producer for Producer-topic-d0c153b3_f453_45c3_ade4_74ea5099d056 unregistered
2025-08-12 14:50:21,330 INFO  [org.apa.kaf.cli.con.int.ConsumerRebalanceListenerInvoker] (main) [Consumer clientId=consumer-Consumer-topic-d0c153b3_f453_45c3_ade4_74ea5099d056-9, groupId=Consumer-topic-d0c153b3_f453_45c3_ade4_74ea5099d056] Revoke previously assigned partitions topic-d0c153b3_f453_45c3_ade4_74ea5099d056-0
2025-08-12 14:50:21,330 INFO  [org.apa.kaf.cli.con.int.ConsumerCoordinator] (main) [Consumer clientId=consumer-Consumer-topic-d0c153b3_f453_45c3_ade4_74ea5099d056-9, groupId=Consumer-topic-d0c153b3_f453_45c3_ade4_74ea5099d056] Member consumer-Consumer-topic-d0c153b3_f453_45c3_ade4_74ea5099d056-9-31831ea1-b2c6-493f-acb8-e540d022774e sending LeaveGroup request to coordinator localhost:32769 (id: 2147483647 rack: null) due to the consumer is being closed
2025-08-12 14:50:21,330 INFO  [org.apa.kaf.cli.con.int.ConsumerCoordinator] (main) [Consumer clientId=consumer-Consumer-topic-d0c153b3_f453_45c3_ade4_74ea5099d056-9, groupId=Consumer-topic-d0c153b3_f453_45c3_ade4_74ea5099d056] Resetting generation and member id due to: consumer pro-actively leaving the group
2025-08-12 14:50:21,330 INFO  [org.apa.kaf.cli.con.int.ConsumerCoordinator] (main) [Consumer clientId=consumer-Consumer-topic-d0c153b3_f453_45c3_ade4_74ea5099d056-9, groupId=Consumer-topic-d0c153b3_f453_45c3_ade4_74ea5099d056] Request joining group due to: consumer pro-actively leaving the group
2025-08-12 14:50:21,821 INFO  [org.apa.kaf.com.met.Metrics] (main) Metrics scheduler closed
2025-08-12 14:50:21,821 INFO  [org.apa.kaf.com.met.Metrics] (main) Closing reporter org.apache.kafka.common.metrics.JmxReporter
2025-08-12 14:50:21,821 INFO  [org.apa.kaf.com.met.Metrics] (main) Closing reporter org.apache.kafka.common.telemetry.internals.ClientTelemetryReporter
2025-08-12 14:50:21,821 INFO  [org.apa.kaf.com.met.Metrics] (main) Metrics reporters closed
2025-08-12 14:50:21,824 INFO  [org.apa.kaf.com.uti.AppInfoParser] (main) App info kafka.consumer for consumer-Consumer-topic-d0c153b3_f453_45c3_ade4_74ea5099d056-9 unregistered
2025-08-12 14:50:21,824 INFO  [io.api.tes.uti.TestSeparator] (main) io.apicurio.tests.serdes.apicurio.AvroSerdeIT.testEvolveAvroApicurioReusingClient-FINISHED
2025-08-12 14:50:21,824 INFO  [io.api.tes.uti.TestSeparator] (main) ############################################################################
Test passed: testEvolveAvroApicurioReusingClient
]]></system-out>
  </testcase>
  <testcase name="testProducerUsesDefaultConsumerUsesGlobalId" classname="io.apicurio.tests.serdes.apicurio.AvroSerdeIT" time="0.0">
    <skipped message="void io.apicurio.tests.serdes.apicurio.AvroSerdeIT.testProducerUsesDefaultConsumerUsesGlobalId() throws java.lang.Exception is @Disabled"/>
  </testcase>
  <testcase name="testEvolveAvroApicurio" classname="io.apicurio.tests.serdes.apicurio.AvroSerdeIT" time="16.205">
    <system-out><![CDATA[2025-08-12 14:50:21,828 INFO  [io.api.tes.uti.TestSeparator] (main) ############################################################################
2025-08-12 14:50:21,828 INFO  [io.api.tes.uti.TestSeparator] (main) io.apicurio.tests.serdes.apicurio.AvroSerdeIT.testEvolveAvroApicurio-STARTED
2025-08-12 14:50:21,832 INFO  [io.api.tes.ser.api.AvroSerdeIT] (main) Registering Avro Schema: {"type":"record","name":"sf453e94bxf912x4313x8c44x3598377a133d","namespace":"ns_dfd82670_984a_47ef_9c6e_9fa82b597df0","fields":[{"name":"key11755010221829","type":"string"}]}
**** Registry Base URL: http://registry-app-pg17.apps.ci419.apicurio-testing.org:80
2025-08-12 14:50:23,008 INFO  [org.apa.kaf.cli.pro.ProducerConfig] (main) ProducerConfig values: 
	acks = -1
	auto.include.jmx.reporter = true
	batch.size = 16384
	bootstrap.servers = [PLAINTEXT://localhost:32769]
	buffer.memory = 33554432
	client.dns.lookup = use_all_dns_ips
	client.id = Producer-topic-cfd67ea0_a704_405f_853c_7127de600e8d
	compression.gzip.level = -1
	compression.lz4.level = 9
	compression.type = none
	compression.zstd.level = 3
	connections.max.idle.ms = 10000
	delivery.timeout.ms = 120000
	enable.idempotence = true
	enable.metrics.push = true
	interceptor.classes = []
	key.serializer = class org.apache.kafka.common.serialization.StringSerializer
	linger.ms = 0
	max.block.ms = 60000
	max.in.flight.requests.per.connection = 5
	max.request.size = 1048576
	metadata.max.age.ms = 300000
	metadata.max.idle.ms = 300000
	metadata.recovery.strategy = none
	metric.reporters = []
	metrics.num.samples = 2
	metrics.recording.level = INFO
	metrics.sample.window.ms = 30000
	partitioner.adaptive.partitioning.enable = true
	partitioner.availability.timeout.ms = 0
	partitioner.class = null
	partitioner.ignore.keys = false
	receive.buffer.bytes = 32768
	reconnect.backoff.max.ms = 1000
	reconnect.backoff.ms = 50
	request.timeout.ms = 5000
	retries = 2147483647
	retry.backoff.max.ms = 1000
	retry.backoff.ms = 100
	sasl.client.callback.handler.class = null
	sasl.jaas.config = null
	sasl.kerberos.kinit.cmd = /usr/bin/kinit
	sasl.kerberos.min.time.before.relogin = 60000
	sasl.kerberos.service.name = null
	sasl.kerberos.ticket.renew.jitter = 0.05
	sasl.kerberos.ticket.renew.window.factor = 0.8
	sasl.login.callback.handler.class = null
	sasl.login.class = null
	sasl.login.connect.timeout.ms = null
	sasl.login.read.timeout.ms = null
	sasl.login.refresh.buffer.seconds = 300
	sasl.login.refresh.min.period.seconds = 60
	sasl.login.refresh.window.factor = 0.8
	sasl.login.refresh.window.jitter = 0.05
	sasl.login.retry.backoff.max.ms = 10000
	sasl.login.retry.backoff.ms = 100
	sasl.mechanism = GSSAPI
	sasl.oauthbearer.clock.skew.seconds = 30
	sasl.oauthbearer.expected.audience = null
	sasl.oauthbearer.expected.issuer = null
	sasl.oauthbearer.header.urlencode = false
	sasl.oauthbearer.jwks.endpoint.refresh.ms = 3600000
	sasl.oauthbearer.jwks.endpoint.retry.backoff.max.ms = 10000
	sasl.oauthbearer.jwks.endpoint.retry.backoff.ms = 100
	sasl.oauthbearer.jwks.endpoint.url = null
	sasl.oauthbearer.scope.claim.name = scope
	sasl.oauthbearer.sub.claim.name = sub
	sasl.oauthbearer.token.endpoint.url = null
	security.protocol = PLAINTEXT
	security.providers = null
	send.buffer.bytes = 131072
	socket.connection.setup.timeout.max.ms = 30000
	socket.connection.setup.timeout.ms = 10000
	ssl.cipher.suites = null
	ssl.enabled.protocols = [TLSv1.2, TLSv1.3]
	ssl.endpoint.identification.algorithm = https
	ssl.engine.factory.class = null
	ssl.key.password = null
	ssl.keymanager.algorithm = SunX509
	ssl.keystore.certificate.chain = null
	ssl.keystore.key = null
	ssl.keystore.location = null
	ssl.keystore.password = null
	ssl.keystore.type = JKS
	ssl.protocol = TLSv1.3
	ssl.provider = null
	ssl.secure.random.implementation = null
	ssl.trustmanager.algorithm = PKIX
	ssl.truststore.certificates = null
	ssl.truststore.location = null
	ssl.truststore.password = null
	ssl.truststore.type = JKS
	transaction.timeout.ms = 60000
	transactional.id = null
	value.serializer = class io.apicurio.registry.serde.avro.AvroKafkaSerializer

2025-08-12 14:50:23,008 INFO  [org.apa.kaf.com.tel.int.KafkaMetricsCollector] (main) initializing Kafka metrics collector
2025-08-12 14:50:23,012 INFO  [org.apa.kaf.cli.pro.KafkaProducer] (main) [Producer clientId=Producer-topic-cfd67ea0_a704_405f_853c_7127de600e8d] Instantiated an idempotent producer.
2025-08-12 14:50:23,014 INFO  [org.apa.kaf.cli.pro.ProducerConfig] (main) These configurations '[apicurio.registry.url, apicurio.registry.artifact-resolver-strategy]' were supplied but are not used yet.
2025-08-12 14:50:23,014 INFO  [org.apa.kaf.com.uti.AppInfoParser] (main) Kafka version: 3.9.1
2025-08-12 14:50:23,014 INFO  [org.apa.kaf.com.uti.AppInfoParser] (main) Kafka commitId: f745dfdcee2b9851
2025-08-12 14:50:23,014 INFO  [org.apa.kaf.com.uti.AppInfoParser] (main) Kafka startTimeMs: 1755010223014
**** Registry Base URL: http://registry-app-pg17.apps.ci419.apicurio-testing.org:80
2025-08-12 14:50:23,014 INFO  [org.apa.kaf.cli.con.ConsumerConfig] (main) ConsumerConfig values: 
	allow.auto.create.topics = true
	auto.commit.interval.ms = 500
	auto.include.jmx.reporter = true
	auto.offset.reset = earliest
	bootstrap.servers = [PLAINTEXT://localhost:32769]
	check.crcs = true
	client.dns.lookup = use_all_dns_ips
	client.id = consumer-Consumer-topic-cfd67ea0_a704_405f_853c_7127de600e8d-10
	client.rack = 
	connections.max.idle.ms = 10000
	default.api.timeout.ms = 60000
	enable.auto.commit = true
	enable.metrics.push = true
	exclude.internal.topics = true
	fetch.max.bytes = 52428800
	fetch.max.wait.ms = 500
	fetch.min.bytes = 1
	group.id = Consumer-topic-cfd67ea0_a704_405f_853c_7127de600e8d
	group.instance.id = null
	group.protocol = classic
	group.remote.assignor = null
	heartbeat.interval.ms = 3000
	interceptor.classes = []
	internal.leave.group.on.close = true
	internal.throw.on.fetch.stable.offset.unsupported = false
	isolation.level = read_uncommitted
	key.deserializer = class org.apache.kafka.common.serialization.StringDeserializer
	max.partition.fetch.bytes = 1048576
	max.poll.interval.ms = 300000
	max.poll.records = 500
	metadata.max.age.ms = 300000
	metadata.recovery.strategy = none
	metric.reporters = []
	metrics.num.samples = 2
	metrics.recording.level = INFO
	metrics.sample.window.ms = 30000
	partition.assignment.strategy = [class org.apache.kafka.clients.consumer.RangeAssignor, class org.apache.kafka.clients.consumer.CooperativeStickyAssignor]
	receive.buffer.bytes = 65536
	reconnect.backoff.max.ms = 1000
	reconnect.backoff.ms = 50
	request.timeout.ms = 5000
	retry.backoff.max.ms = 1000
	retry.backoff.ms = 100
	sasl.client.callback.handler.class = null
	sasl.jaas.config = null
	sasl.kerberos.kinit.cmd = /usr/bin/kinit
	sasl.kerberos.min.time.before.relogin = 60000
	sasl.kerberos.service.name = null
	sasl.kerberos.ticket.renew.jitter = 0.05
	sasl.kerberos.ticket.renew.window.factor = 0.8
	sasl.login.callback.handler.class = null
	sasl.login.class = null
	sasl.login.connect.timeout.ms = null
	sasl.login.read.timeout.ms = null
	sasl.login.refresh.buffer.seconds = 300
	sasl.login.refresh.min.period.seconds = 60
	sasl.login.refresh.window.factor = 0.8
	sasl.login.refresh.window.jitter = 0.05
	sasl.login.retry.backoff.max.ms = 10000
	sasl.login.retry.backoff.ms = 100
	sasl.mechanism = GSSAPI
	sasl.oauthbearer.clock.skew.seconds = 30
	sasl.oauthbearer.expected.audience = null
	sasl.oauthbearer.expected.issuer = null
	sasl.oauthbearer.header.urlencode = false
	sasl.oauthbearer.jwks.endpoint.refresh.ms = 3600000
	sasl.oauthbearer.jwks.endpoint.retry.backoff.max.ms = 10000
	sasl.oauthbearer.jwks.endpoint.retry.backoff.ms = 100
	sasl.oauthbearer.jwks.endpoint.url = null
	sasl.oauthbearer.scope.claim.name = scope
	sasl.oauthbearer.sub.claim.name = sub
	sasl.oauthbearer.token.endpoint.url = null
	security.protocol = PLAINTEXT
	security.providers = null
	send.buffer.bytes = 131072
	session.timeout.ms = 45000
	socket.connection.setup.timeout.max.ms = 30000
	socket.connection.setup.timeout.ms = 10000
	ssl.cipher.suites = null
	ssl.enabled.protocols = [TLSv1.2, TLSv1.3]
	ssl.endpoint.identification.algorithm = https
	ssl.engine.factory.class = null
	ssl.key.password = null
	ssl.keymanager.algorithm = SunX509
	ssl.keystore.certificate.chain = null
	ssl.keystore.key = null
	ssl.keystore.location = null
	ssl.keystore.password = null
	ssl.keystore.type = JKS
	ssl.protocol = TLSv1.3
	ssl.provider = null
	ssl.secure.random.implementation = null
	ssl.trustmanager.algorithm = PKIX
	ssl.truststore.certificates = null
	ssl.truststore.location = null
	ssl.truststore.password = null
	ssl.truststore.type = JKS
	value.deserializer = class io.apicurio.registry.serde.avro.AvroKafkaDeserializer

2025-08-12 14:50:23,015 INFO  [org.apa.kaf.com.tel.int.KafkaMetricsCollector] (main) initializing Kafka metrics collector
2025-08-12 14:50:23,022 INFO  [org.apa.kaf.cli.Metadata] (kafka-producer-network-thread | Producer-topic-cfd67ea0_a704_405f_853c_7127de600e8d) [Producer clientId=Producer-topic-cfd67ea0_a704_405f_853c_7127de600e8d] Cluster ID: 4oDFBklZQKWClKkNkfg_eQ
2025-08-12 14:50:23,022 INFO  [org.apa.kaf.cli.pro.int.TransactionManager] (kafka-producer-network-thread | Producer-topic-cfd67ea0_a704_405f_853c_7127de600e8d) [Producer clientId=Producer-topic-cfd67ea0_a704_405f_853c_7127de600e8d] ProducerId set to 12 with epoch 0
2025-08-12 14:50:23,025 INFO  [org.apa.kaf.cli.con.ConsumerConfig] (main) These configurations '[apicurio.registry.url]' were supplied but are not used yet.
2025-08-12 14:50:23,025 INFO  [org.apa.kaf.com.uti.AppInfoParser] (main) Kafka version: 3.9.1
2025-08-12 14:50:23,025 INFO  [org.apa.kaf.com.uti.AppInfoParser] (main) Kafka commitId: f745dfdcee2b9851
2025-08-12 14:50:23,025 INFO  [org.apa.kaf.com.uti.AppInfoParser] (main) Kafka startTimeMs: 1755010223025
2025-08-12 14:50:23,026 INFO  [io.api.tes.ser.api.KafkaSerdesTester] (Thread-672) Sending message {"key11755010221829": "value-0"} to topic topic-cfd67ea0_a704_405f_853c_7127de600e8d
2025-08-12 14:50:23,033 INFO  [DefaultSchemaResolver] (Thread-672) Retrieving schema content using string: {"type":"record","name":"sf453e94bxf912x4313x8c44x3598377a133d","namespace":"ns_dfd82670_984a_47ef_9c6e_9fa82b597df0","fields":[{"name":"key11755010221829","type":"string"}]}
2025-08-12 14:50:23,159 INFO  [io.api.tes.ser.api.KafkaSerdesTester] (Thread-672) Sending message {"key11755010221829": "value-1"} to topic topic-cfd67ea0_a704_405f_853c_7127de600e8d
2025-08-12 14:50:23,161 INFO  [io.api.tes.ser.api.KafkaSerdesTester] (Thread-672) Sending message {"key11755010221829": "value-2"} to topic topic-cfd67ea0_a704_405f_853c_7127de600e8d
2025-08-12 14:50:23,165 INFO  [io.api.tes.ser.api.KafkaSerdesTester] (Thread-672) Sending message {"key11755010221829": "value-3"} to topic topic-cfd67ea0_a704_405f_853c_7127de600e8d
2025-08-12 14:50:23,167 INFO  [io.api.tes.ser.api.KafkaSerdesTester] (Thread-672) Sending message {"key11755010221829": "value-4"} to topic topic-cfd67ea0_a704_405f_853c_7127de600e8d
2025-08-12 14:50:23,168 INFO  [io.api.tes.ser.api.KafkaSerdesTester] (Thread-672) Sending message {"key11755010221829": "value-5"} to topic topic-cfd67ea0_a704_405f_853c_7127de600e8d
2025-08-12 14:50:23,170 INFO  [io.api.tes.ser.api.KafkaSerdesTester] (Thread-672) Sending message {"key11755010221829": "value-6"} to topic topic-cfd67ea0_a704_405f_853c_7127de600e8d
2025-08-12 14:50:23,171 INFO  [io.api.tes.ser.api.KafkaSerdesTester] (Thread-672) Sending message {"key11755010221829": "value-7"} to topic topic-cfd67ea0_a704_405f_853c_7127de600e8d
2025-08-12 14:50:23,174 INFO  [io.api.tes.ser.api.KafkaSerdesTester] (Thread-672) Sending message {"key11755010221829": "value-8"} to topic topic-cfd67ea0_a704_405f_853c_7127de600e8d
2025-08-12 14:50:23,176 INFO  [io.api.tes.ser.api.KafkaSerdesTester] (Thread-672) Sending message {"key11755010221829": "value-9"} to topic topic-cfd67ea0_a704_405f_853c_7127de600e8d
2025-08-12 14:50:23,177 INFO  [io.api.tes.ser.api.KafkaSerdesTester] (Thread-672) Produced 10 messages
2025-08-12 14:50:23,177 INFO  [org.apa.kaf.cli.pro.KafkaProducer] (Thread-672) [Producer clientId=Producer-topic-cfd67ea0_a704_405f_853c_7127de600e8d] Closing the Kafka producer with timeoutMillis = 9223372036854775807 ms.
2025-08-12 14:50:23,179 INFO  [org.apa.kaf.com.met.Metrics] (Thread-672) Metrics scheduler closed
2025-08-12 14:50:23,179 INFO  [org.apa.kaf.com.met.Metrics] (Thread-672) Closing reporter org.apache.kafka.common.metrics.JmxReporter
2025-08-12 14:50:23,179 INFO  [org.apa.kaf.com.met.Metrics] (Thread-672) Closing reporter org.apache.kafka.common.telemetry.internals.ClientTelemetryReporter
2025-08-12 14:50:23,179 INFO  [org.apa.kaf.com.met.Metrics] (Thread-672) Metrics reporters closed
2025-08-12 14:50:23,180 INFO  [org.apa.kaf.com.uti.AppInfoParser] (Thread-672) App info kafka.producer for Producer-topic-cfd67ea0_a704_405f_853c_7127de600e8d unregistered
2025-08-12 14:50:23,181 INFO  [org.apa.kaf.cli.con.int.ClassicKafkaConsumer] (Thread-673) [Consumer clientId=consumer-Consumer-topic-cfd67ea0_a704_405f_853c_7127de600e8d-10, groupId=Consumer-topic-cfd67ea0_a704_405f_853c_7127de600e8d] Subscribed to topic(s): topic-cfd67ea0_a704_405f_853c_7127de600e8d
2025-08-12 14:50:23,188 INFO  [org.apa.kaf.cli.Metadata] (Thread-673) [Consumer clientId=consumer-Consumer-topic-cfd67ea0_a704_405f_853c_7127de600e8d-10, groupId=Consumer-topic-cfd67ea0_a704_405f_853c_7127de600e8d] Cluster ID: 4oDFBklZQKWClKkNkfg_eQ
2025-08-12 14:50:23,190 INFO  [org.apa.kaf.cli.con.int.ConsumerCoordinator] (Thread-673) [Consumer clientId=consumer-Consumer-topic-cfd67ea0_a704_405f_853c_7127de600e8d-10, groupId=Consumer-topic-cfd67ea0_a704_405f_853c_7127de600e8d] Discovered group coordinator localhost:32769 (id: 2147483647 rack: null)
2025-08-12 14:50:23,193 INFO  [org.apa.kaf.cli.con.int.ConsumerCoordinator] (Thread-673) [Consumer clientId=consumer-Consumer-topic-cfd67ea0_a704_405f_853c_7127de600e8d-10, groupId=Consumer-topic-cfd67ea0_a704_405f_853c_7127de600e8d] (Re-)joining group
2025-08-12 14:50:23,197 INFO  [org.apa.kaf.cli.con.int.ConsumerCoordinator] (Thread-673) [Consumer clientId=consumer-Consumer-topic-cfd67ea0_a704_405f_853c_7127de600e8d-10, groupId=Consumer-topic-cfd67ea0_a704_405f_853c_7127de600e8d] Request joining group due to: need to re-join with the given member-id: consumer-Consumer-topic-cfd67ea0_a704_405f_853c_7127de600e8d-10-3cf1f1f4-238a-4e02-b8dd-467103183229
2025-08-12 14:50:23,197 INFO  [org.apa.kaf.cli.con.int.ConsumerCoordinator] (Thread-673) [Consumer clientId=consumer-Consumer-topic-cfd67ea0_a704_405f_853c_7127de600e8d-10, groupId=Consumer-topic-cfd67ea0_a704_405f_853c_7127de600e8d] (Re-)joining group
2025-08-12 14:50:24,181 INFO  [io.api.tes.ser.api.KafkaSerdesTester] (Thread-673) None found
2025-08-12 14:50:25,183 INFO  [io.api.tes.ser.api.KafkaSerdesTester] (Thread-673) None found
2025-08-12 14:50:26,183 INFO  [io.api.tes.ser.api.KafkaSerdesTester] (Thread-673) None found
2025-08-12 14:50:26,201 INFO  [org.apa.kaf.cli.con.int.ConsumerCoordinator] (Thread-673) [Consumer clientId=consumer-Consumer-topic-cfd67ea0_a704_405f_853c_7127de600e8d-10, groupId=Consumer-topic-cfd67ea0_a704_405f_853c_7127de600e8d] Successfully joined group with generation Generation{generationId=1, memberId='consumer-Consumer-topic-cfd67ea0_a704_405f_853c_7127de600e8d-10-3cf1f1f4-238a-4e02-b8dd-467103183229', protocol='range'}
2025-08-12 14:50:26,201 INFO  [org.apa.kaf.cli.con.int.ConsumerCoordinator] (Thread-673) [Consumer clientId=consumer-Consumer-topic-cfd67ea0_a704_405f_853c_7127de600e8d-10, groupId=Consumer-topic-cfd67ea0_a704_405f_853c_7127de600e8d] Finished assignment for group at generation 1: {consumer-Consumer-topic-cfd67ea0_a704_405f_853c_7127de600e8d-10-3cf1f1f4-238a-4e02-b8dd-467103183229=Assignment(partitions=[topic-cfd67ea0_a704_405f_853c_7127de600e8d-0])}
2025-08-12 14:50:26,208 INFO  [org.apa.kaf.cli.con.int.ConsumerCoordinator] (Thread-673) [Consumer clientId=consumer-Consumer-topic-cfd67ea0_a704_405f_853c_7127de600e8d-10, groupId=Consumer-topic-cfd67ea0_a704_405f_853c_7127de600e8d] Successfully synced group in generation Generation{generationId=1, memberId='consumer-Consumer-topic-cfd67ea0_a704_405f_853c_7127de600e8d-10-3cf1f1f4-238a-4e02-b8dd-467103183229', protocol='range'}
2025-08-12 14:50:26,209 INFO  [org.apa.kaf.cli.con.int.ConsumerCoordinator] (Thread-673) [Consumer clientId=consumer-Consumer-topic-cfd67ea0_a704_405f_853c_7127de600e8d-10, groupId=Consumer-topic-cfd67ea0_a704_405f_853c_7127de600e8d] Notifying assignor about the new Assignment(partitions=[topic-cfd67ea0_a704_405f_853c_7127de600e8d-0])
2025-08-12 14:50:26,209 INFO  [org.apa.kaf.cli.con.int.ConsumerRebalanceListenerInvoker] (Thread-673) [Consumer clientId=consumer-Consumer-topic-cfd67ea0_a704_405f_853c_7127de600e8d-10, groupId=Consumer-topic-cfd67ea0_a704_405f_853c_7127de600e8d] Adding newly assigned partitions: topic-cfd67ea0_a704_405f_853c_7127de600e8d-0
2025-08-12 14:50:26,210 INFO  [org.apa.kaf.cli.con.int.ConsumerCoordinator] (Thread-673) [Consumer clientId=consumer-Consumer-topic-cfd67ea0_a704_405f_853c_7127de600e8d-10, groupId=Consumer-topic-cfd67ea0_a704_405f_853c_7127de600e8d] Found no committed offset for partition topic-cfd67ea0_a704_405f_853c_7127de600e8d-0
2025-08-12 14:50:26,211 INFO  [org.apa.kaf.cli.con.int.SubscriptionState] (Thread-673) [Consumer clientId=consumer-Consumer-topic-cfd67ea0_a704_405f_853c_7127de600e8d-10, groupId=Consumer-topic-cfd67ea0_a704_405f_853c_7127de600e8d] Resetting offset for partition topic-cfd67ea0_a704_405f_853c_7127de600e8d-0 to position FetchPosition{offset=0, offsetEpoch=Optional.empty, currentLeader=LeaderAndEpoch{leader=Optional[localhost:32769 (id: 0 rack: null)], epoch=0}}.
2025-08-12 14:50:26,431 INFO  [io.api.tes.ser.api.KafkaSerdesTester] (Thread-673) topic-cfd67ea0_a704_405f_853c_7127de600e8d 0 0 {"key11755010221829": "value-0"}
2025-08-12 14:50:26,431 INFO  [io.api.tes.ser.api.KafkaSerdesTester] (Thread-673) topic-cfd67ea0_a704_405f_853c_7127de600e8d 0 1 {"key11755010221829": "value-1"}
2025-08-12 14:50:26,431 INFO  [io.api.tes.ser.api.KafkaSerdesTester] (Thread-673) topic-cfd67ea0_a704_405f_853c_7127de600e8d 0 2 {"key11755010221829": "value-2"}
2025-08-12 14:50:26,432 INFO  [io.api.tes.ser.api.KafkaSerdesTester] (Thread-673) topic-cfd67ea0_a704_405f_853c_7127de600e8d 0 3 {"key11755010221829": "value-3"}
2025-08-12 14:50:26,432 INFO  [io.api.tes.ser.api.KafkaSerdesTester] (Thread-673) topic-cfd67ea0_a704_405f_853c_7127de600e8d 0 4 {"key11755010221829": "value-4"}
2025-08-12 14:50:26,432 INFO  [io.api.tes.ser.api.KafkaSerdesTester] (Thread-673) topic-cfd67ea0_a704_405f_853c_7127de600e8d 0 5 {"key11755010221829": "value-5"}
2025-08-12 14:50:26,432 INFO  [io.api.tes.ser.api.KafkaSerdesTester] (Thread-673) topic-cfd67ea0_a704_405f_853c_7127de600e8d 0 6 {"key11755010221829": "value-6"}
2025-08-12 14:50:26,432 INFO  [io.api.tes.ser.api.KafkaSerdesTester] (Thread-673) topic-cfd67ea0_a704_405f_853c_7127de600e8d 0 7 {"key11755010221829": "value-7"}
2025-08-12 14:50:26,432 INFO  [io.api.tes.ser.api.KafkaSerdesTester] (Thread-673) topic-cfd67ea0_a704_405f_853c_7127de600e8d 0 8 {"key11755010221829": "value-8"}
2025-08-12 14:50:26,432 INFO  [io.api.tes.ser.api.KafkaSerdesTester] (Thread-673) topic-cfd67ea0_a704_405f_853c_7127de600e8d 0 9 {"key11755010221829": "value-9"}
2025-08-12 14:50:26,432 INFO  [io.api.tes.ser.api.KafkaSerdesTester] (Thread-673) Consumed 10 messages
2025-08-12 14:50:26,439 INFO  [org.apa.kaf.cli.con.int.ConsumerRebalanceListenerInvoker] (Thread-673) [Consumer clientId=consumer-Consumer-topic-cfd67ea0_a704_405f_853c_7127de600e8d-10, groupId=Consumer-topic-cfd67ea0_a704_405f_853c_7127de600e8d] Revoke previously assigned partitions topic-cfd67ea0_a704_405f_853c_7127de600e8d-0
2025-08-12 14:50:26,439 INFO  [org.apa.kaf.cli.con.int.ConsumerCoordinator] (Thread-673) [Consumer clientId=consumer-Consumer-topic-cfd67ea0_a704_405f_853c_7127de600e8d-10, groupId=Consumer-topic-cfd67ea0_a704_405f_853c_7127de600e8d] Member consumer-Consumer-topic-cfd67ea0_a704_405f_853c_7127de600e8d-10-3cf1f1f4-238a-4e02-b8dd-467103183229 sending LeaveGroup request to coordinator localhost:32769 (id: 2147483647 rack: null) due to the consumer is being closed
2025-08-12 14:50:26,439 INFO  [org.apa.kaf.cli.con.int.ConsumerCoordinator] (Thread-673) [Consumer clientId=consumer-Consumer-topic-cfd67ea0_a704_405f_853c_7127de600e8d-10, groupId=Consumer-topic-cfd67ea0_a704_405f_853c_7127de600e8d] Resetting generation and member id due to: consumer pro-actively leaving the group
2025-08-12 14:50:26,439 INFO  [org.apa.kaf.cli.con.int.ConsumerCoordinator] (Thread-673) [Consumer clientId=consumer-Consumer-topic-cfd67ea0_a704_405f_853c_7127de600e8d-10, groupId=Consumer-topic-cfd67ea0_a704_405f_853c_7127de600e8d] Request joining group due to: consumer pro-actively leaving the group
2025-08-12 14:50:26,934 INFO  [org.apa.kaf.com.met.Metrics] (Thread-673) Metrics scheduler closed
2025-08-12 14:50:26,934 INFO  [org.apa.kaf.com.met.Metrics] (Thread-673) Closing reporter org.apache.kafka.common.metrics.JmxReporter
2025-08-12 14:50:26,934 INFO  [org.apa.kaf.com.met.Metrics] (Thread-673) Closing reporter org.apache.kafka.common.telemetry.internals.ClientTelemetryReporter
2025-08-12 14:50:26,934 INFO  [org.apa.kaf.com.met.Metrics] (Thread-673) Metrics reporters closed
2025-08-12 14:50:26,936 INFO  [org.apa.kaf.com.uti.AppInfoParser] (Thread-673) App info kafka.consumer for consumer-Consumer-topic-cfd67ea0_a704_405f_853c_7127de600e8d-10 unregistered
2025-08-12 14:50:26,936 INFO  [io.api.tes.ser.api.AvroSerdeIT] (main) Registering Avro Schema 2: {"type":"record","name":"sf453e94bxf912x4313x8c44x3598377a133d","namespace":"ns_dfd82670_984a_47ef_9c6e_9fa82b597df0","fields":[{"name":"key11755010221829","type":"string"},{"name":"key21755010226936","type":"string"}]}
**** Registry Base URL: http://registry-app-pg17.apps.ci419.apicurio-testing.org:80
2025-08-12 14:50:28,081 INFO  [org.apa.kaf.cli.pro.ProducerConfig] (main) ProducerConfig values: 
	acks = -1
	auto.include.jmx.reporter = true
	batch.size = 16384
	bootstrap.servers = [PLAINTEXT://localhost:32769]
	buffer.memory = 33554432
	client.dns.lookup = use_all_dns_ips
	client.id = Producer-topic-cfd67ea0_a704_405f_853c_7127de600e8d
	compression.gzip.level = -1
	compression.lz4.level = 9
	compression.type = none
	compression.zstd.level = 3
	connections.max.idle.ms = 10000
	delivery.timeout.ms = 120000
	enable.idempotence = true
	enable.metrics.push = true
	interceptor.classes = []
	key.serializer = class org.apache.kafka.common.serialization.StringSerializer
	linger.ms = 0
	max.block.ms = 60000
	max.in.flight.requests.per.connection = 5
	max.request.size = 1048576
	metadata.max.age.ms = 300000
	metadata.max.idle.ms = 300000
	metadata.recovery.strategy = none
	metric.reporters = []
	metrics.num.samples = 2
	metrics.recording.level = INFO
	metrics.sample.window.ms = 30000
	partitioner.adaptive.partitioning.enable = true
	partitioner.availability.timeout.ms = 0
	partitioner.class = null
	partitioner.ignore.keys = false
	receive.buffer.bytes = 32768
	reconnect.backoff.max.ms = 1000
	reconnect.backoff.ms = 50
	request.timeout.ms = 5000
	retries = 2147483647
	retry.backoff.max.ms = 1000
	retry.backoff.ms = 100
	sasl.client.callback.handler.class = null
	sasl.jaas.config = null
	sasl.kerberos.kinit.cmd = /usr/bin/kinit
	sasl.kerberos.min.time.before.relogin = 60000
	sasl.kerberos.service.name = null
	sasl.kerberos.ticket.renew.jitter = 0.05
	sasl.kerberos.ticket.renew.window.factor = 0.8
	sasl.login.callback.handler.class = null
	sasl.login.class = null
	sasl.login.connect.timeout.ms = null
	sasl.login.read.timeout.ms = null
	sasl.login.refresh.buffer.seconds = 300
	sasl.login.refresh.min.period.seconds = 60
	sasl.login.refresh.window.factor = 0.8
	sasl.login.refresh.window.jitter = 0.05
	sasl.login.retry.backoff.max.ms = 10000
	sasl.login.retry.backoff.ms = 100
	sasl.mechanism = GSSAPI
	sasl.oauthbearer.clock.skew.seconds = 30
	sasl.oauthbearer.expected.audience = null
	sasl.oauthbearer.expected.issuer = null
	sasl.oauthbearer.header.urlencode = false
	sasl.oauthbearer.jwks.endpoint.refresh.ms = 3600000
	sasl.oauthbearer.jwks.endpoint.retry.backoff.max.ms = 10000
	sasl.oauthbearer.jwks.endpoint.retry.backoff.ms = 100
	sasl.oauthbearer.jwks.endpoint.url = null
	sasl.oauthbearer.scope.claim.name = scope
	sasl.oauthbearer.sub.claim.name = sub
	sasl.oauthbearer.token.endpoint.url = null
	security.protocol = PLAINTEXT
	security.providers = null
	send.buffer.bytes = 131072
	socket.connection.setup.timeout.max.ms = 30000
	socket.connection.setup.timeout.ms = 10000
	ssl.cipher.suites = null
	ssl.enabled.protocols = [TLSv1.2, TLSv1.3]
	ssl.endpoint.identification.algorithm = https
	ssl.engine.factory.class = null
	ssl.key.password = null
	ssl.keymanager.algorithm = SunX509
	ssl.keystore.certificate.chain = null
	ssl.keystore.key = null
	ssl.keystore.location = null
	ssl.keystore.password = null
	ssl.keystore.type = JKS
	ssl.protocol = TLSv1.3
	ssl.provider = null
	ssl.secure.random.implementation = null
	ssl.trustmanager.algorithm = PKIX
	ssl.truststore.certificates = null
	ssl.truststore.location = null
	ssl.truststore.password = null
	ssl.truststore.type = JKS
	transaction.timeout.ms = 60000
	transactional.id = null
	value.serializer = class io.apicurio.registry.serde.avro.AvroKafkaSerializer

2025-08-12 14:50:28,081 INFO  [org.apa.kaf.com.tel.int.KafkaMetricsCollector] (main) initializing Kafka metrics collector
2025-08-12 14:50:28,084 INFO  [org.apa.kaf.cli.pro.KafkaProducer] (main) [Producer clientId=Producer-topic-cfd67ea0_a704_405f_853c_7127de600e8d] Instantiated an idempotent producer.
2025-08-12 14:50:28,086 INFO  [org.apa.kaf.cli.pro.ProducerConfig] (main) These configurations '[apicurio.registry.url, apicurio.registry.artifact-resolver-strategy]' were supplied but are not used yet.
2025-08-12 14:50:28,086 INFO  [org.apa.kaf.com.uti.AppInfoParser] (main) Kafka version: 3.9.1
2025-08-12 14:50:28,087 INFO  [org.apa.kaf.com.uti.AppInfoParser] (main) Kafka commitId: f745dfdcee2b9851
2025-08-12 14:50:28,087 INFO  [org.apa.kaf.com.uti.AppInfoParser] (main) Kafka startTimeMs: 1755010228086
2025-08-12 14:50:28,088 INFO  [io.api.tes.ser.api.KafkaSerdesTester] (Thread-676) Sending message {"key11755010221829": "value-0", "key21755010226936": "value-0"} to topic topic-cfd67ea0_a704_405f_853c_7127de600e8d
2025-08-12 14:50:28,092 INFO  [org.apa.kaf.cli.Metadata] (kafka-producer-network-thread | Producer-topic-cfd67ea0_a704_405f_853c_7127de600e8d) [Producer clientId=Producer-topic-cfd67ea0_a704_405f_853c_7127de600e8d] Cluster ID: 4oDFBklZQKWClKkNkfg_eQ
2025-08-12 14:50:28,092 INFO  [DefaultSchemaResolver] (Thread-676) Retrieving schema content using string: {"type":"record","name":"sf453e94bxf912x4313x8c44x3598377a133d","namespace":"ns_dfd82670_984a_47ef_9c6e_9fa82b597df0","fields":[{"name":"key11755010221829","type":"string"},{"name":"key21755010226936","type":"string"}]}
2025-08-12 14:50:28,093 INFO  [org.apa.kaf.cli.pro.int.TransactionManager] (kafka-producer-network-thread | Producer-topic-cfd67ea0_a704_405f_853c_7127de600e8d) [Producer clientId=Producer-topic-cfd67ea0_a704_405f_853c_7127de600e8d] ProducerId set to 13 with epoch 0
2025-08-12 14:50:28,240 INFO  [io.api.tes.ser.api.KafkaSerdesTester] (Thread-676) Sending message {"key11755010221829": "value-1", "key21755010226936": "value-1"} to topic topic-cfd67ea0_a704_405f_853c_7127de600e8d
2025-08-12 14:50:28,242 INFO  [io.api.tes.ser.api.KafkaSerdesTester] (Thread-676) Sending message {"key11755010221829": "value-2", "key21755010226936": "value-2"} to topic topic-cfd67ea0_a704_405f_853c_7127de600e8d
2025-08-12 14:50:28,243 INFO  [io.api.tes.ser.api.KafkaSerdesTester] (Thread-676) Sending message {"key11755010221829": "value-3", "key21755010226936": "value-3"} to topic topic-cfd67ea0_a704_405f_853c_7127de600e8d
2025-08-12 14:50:28,260 INFO  [io.api.tes.ser.api.KafkaSerdesTester] (Thread-676) Sending message {"key11755010221829": "value-4", "key21755010226936": "value-4"} to topic topic-cfd67ea0_a704_405f_853c_7127de600e8d
2025-08-12 14:50:28,264 INFO  [io.api.tes.ser.api.KafkaSerdesTester] (Thread-676) Sending message {"key11755010221829": "value-5", "key21755010226936": "value-5"} to topic topic-cfd67ea0_a704_405f_853c_7127de600e8d
2025-08-12 14:50:28,266 INFO  [io.api.tes.ser.api.KafkaSerdesTester] (Thread-676) Sending message {"key11755010221829": "value-6", "key21755010226936": "value-6"} to topic topic-cfd67ea0_a704_405f_853c_7127de600e8d
2025-08-12 14:50:28,268 INFO  [io.api.tes.ser.api.KafkaSerdesTester] (Thread-676) Sending message {"key11755010221829": "value-7", "key21755010226936": "value-7"} to topic topic-cfd67ea0_a704_405f_853c_7127de600e8d
2025-08-12 14:50:28,269 INFO  [io.api.tes.ser.api.KafkaSerdesTester] (Thread-676) Sending message {"key11755010221829": "value-8", "key21755010226936": "value-8"} to topic topic-cfd67ea0_a704_405f_853c_7127de600e8d
2025-08-12 14:50:28,270 INFO  [io.api.tes.ser.api.KafkaSerdesTester] (Thread-676) Sending message {"key11755010221829": "value-9", "key21755010226936": "value-9"} to topic topic-cfd67ea0_a704_405f_853c_7127de600e8d
2025-08-12 14:50:28,271 INFO  [io.api.tes.ser.api.KafkaSerdesTester] (Thread-676) Produced 10 messages
2025-08-12 14:50:28,271 INFO  [org.apa.kaf.cli.pro.KafkaProducer] (Thread-676) [Producer clientId=Producer-topic-cfd67ea0_a704_405f_853c_7127de600e8d] Closing the Kafka producer with timeoutMillis = 9223372036854775807 ms.
2025-08-12 14:50:28,273 INFO  [org.apa.kaf.com.met.Metrics] (Thread-676) Metrics scheduler closed
2025-08-12 14:50:28,273 INFO  [org.apa.kaf.com.met.Metrics] (Thread-676) Closing reporter org.apache.kafka.common.metrics.JmxReporter
2025-08-12 14:50:28,273 INFO  [org.apa.kaf.com.met.Metrics] (Thread-676) Closing reporter org.apache.kafka.common.telemetry.internals.ClientTelemetryReporter
2025-08-12 14:50:28,274 INFO  [org.apa.kaf.com.met.Metrics] (Thread-676) Metrics reporters closed
2025-08-12 14:50:28,274 INFO  [org.apa.kaf.com.uti.AppInfoParser] (Thread-676) App info kafka.producer for Producer-topic-cfd67ea0_a704_405f_853c_7127de600e8d unregistered
**** Registry Base URL: http://registry-app-pg17.apps.ci419.apicurio-testing.org:80
2025-08-12 14:50:28,274 INFO  [org.apa.kaf.cli.pro.ProducerConfig] (main) ProducerConfig values: 
	acks = -1
	auto.include.jmx.reporter = true
	batch.size = 16384
	bootstrap.servers = [PLAINTEXT://localhost:32769]
	buffer.memory = 33554432
	client.dns.lookup = use_all_dns_ips
	client.id = Producer-topic-cfd67ea0_a704_405f_853c_7127de600e8d
	compression.gzip.level = -1
	compression.lz4.level = 9
	compression.type = none
	compression.zstd.level = 3
	connections.max.idle.ms = 10000
	delivery.timeout.ms = 120000
	enable.idempotence = true
	enable.metrics.push = true
	interceptor.classes = []
	key.serializer = class org.apache.kafka.common.serialization.StringSerializer
	linger.ms = 0
	max.block.ms = 60000
	max.in.flight.requests.per.connection = 5
	max.request.size = 1048576
	metadata.max.age.ms = 300000
	metadata.max.idle.ms = 300000
	metadata.recovery.strategy = none
	metric.reporters = []
	metrics.num.samples = 2
	metrics.recording.level = INFO
	metrics.sample.window.ms = 30000
	partitioner.adaptive.partitioning.enable = true
	partitioner.availability.timeout.ms = 0
	partitioner.class = null
	partitioner.ignore.keys = false
	receive.buffer.bytes = 32768
	reconnect.backoff.max.ms = 1000
	reconnect.backoff.ms = 50
	request.timeout.ms = 5000
	retries = 2147483647
	retry.backoff.max.ms = 1000
	retry.backoff.ms = 100
	sasl.client.callback.handler.class = null
	sasl.jaas.config = null
	sasl.kerberos.kinit.cmd = /usr/bin/kinit
	sasl.kerberos.min.time.before.relogin = 60000
	sasl.kerberos.service.name = null
	sasl.kerberos.ticket.renew.jitter = 0.05
	sasl.kerberos.ticket.renew.window.factor = 0.8
	sasl.login.callback.handler.class = null
	sasl.login.class = null
	sasl.login.connect.timeout.ms = null
	sasl.login.read.timeout.ms = null
	sasl.login.refresh.buffer.seconds = 300
	sasl.login.refresh.min.period.seconds = 60
	sasl.login.refresh.window.factor = 0.8
	sasl.login.refresh.window.jitter = 0.05
	sasl.login.retry.backoff.max.ms = 10000
	sasl.login.retry.backoff.ms = 100
	sasl.mechanism = GSSAPI
	sasl.oauthbearer.clock.skew.seconds = 30
	sasl.oauthbearer.expected.audience = null
	sasl.oauthbearer.expected.issuer = null
	sasl.oauthbearer.header.urlencode = false
	sasl.oauthbearer.jwks.endpoint.refresh.ms = 3600000
	sasl.oauthbearer.jwks.endpoint.retry.backoff.max.ms = 10000
	sasl.oauthbearer.jwks.endpoint.retry.backoff.ms = 100
	sasl.oauthbearer.jwks.endpoint.url = null
	sasl.oauthbearer.scope.claim.name = scope
	sasl.oauthbearer.sub.claim.name = sub
	sasl.oauthbearer.token.endpoint.url = null
	security.protocol = PLAINTEXT
	security.providers = null
	send.buffer.bytes = 131072
	socket.connection.setup.timeout.max.ms = 30000
	socket.connection.setup.timeout.ms = 10000
	ssl.cipher.suites = null
	ssl.enabled.protocols = [TLSv1.2, TLSv1.3]
	ssl.endpoint.identification.algorithm = https
	ssl.engine.factory.class = null
	ssl.key.password = null
	ssl.keymanager.algorithm = SunX509
	ssl.keystore.certificate.chain = null
	ssl.keystore.key = null
	ssl.keystore.location = null
	ssl.keystore.password = null
	ssl.keystore.type = JKS
	ssl.protocol = TLSv1.3
	ssl.provider = null
	ssl.secure.random.implementation = null
	ssl.trustmanager.algorithm = PKIX
	ssl.truststore.certificates = null
	ssl.truststore.location = null
	ssl.truststore.password = null
	ssl.truststore.type = JKS
	transaction.timeout.ms = 60000
	transactional.id = null
	value.serializer = class io.apicurio.registry.serde.avro.AvroKafkaSerializer

2025-08-12 14:50:28,275 INFO  [org.apa.kaf.com.tel.int.KafkaMetricsCollector] (main) initializing Kafka metrics collector
2025-08-12 14:50:28,279 INFO  [org.apa.kaf.cli.pro.KafkaProducer] (main) [Producer clientId=Producer-topic-cfd67ea0_a704_405f_853c_7127de600e8d] Instantiated an idempotent producer.
2025-08-12 14:50:28,281 INFO  [org.apa.kaf.cli.pro.ProducerConfig] (main) These configurations '[apicurio.registry.url, apicurio.registry.artifact-resolver-strategy]' were supplied but are not used yet.
2025-08-12 14:50:28,281 INFO  [org.apa.kaf.com.uti.AppInfoParser] (main) Kafka version: 3.9.1
2025-08-12 14:50:28,281 INFO  [org.apa.kaf.com.uti.AppInfoParser] (main) Kafka commitId: f745dfdcee2b9851
2025-08-12 14:50:28,281 INFO  [org.apa.kaf.com.uti.AppInfoParser] (main) Kafka startTimeMs: 1755010228281
2025-08-12 14:50:28,281 INFO  [io.api.tes.ser.api.KafkaSerdesTester] (Thread-679) Sending message {"key11755010221829": "value-0"} to topic topic-cfd67ea0_a704_405f_853c_7127de600e8d
2025-08-12 14:50:28,285 INFO  [org.apa.kaf.cli.Metadata] (kafka-producer-network-thread | Producer-topic-cfd67ea0_a704_405f_853c_7127de600e8d) [Producer clientId=Producer-topic-cfd67ea0_a704_405f_853c_7127de600e8d] Cluster ID: 4oDFBklZQKWClKkNkfg_eQ
2025-08-12 14:50:28,285 INFO  [org.apa.kaf.cli.pro.int.TransactionManager] (kafka-producer-network-thread | Producer-topic-cfd67ea0_a704_405f_853c_7127de600e8d) [Producer clientId=Producer-topic-cfd67ea0_a704_405f_853c_7127de600e8d] ProducerId set to 14 with epoch 0
2025-08-12 14:50:28,285 INFO  [DefaultSchemaResolver] (Thread-679) Retrieving schema content using string: {"type":"record","name":"sf453e94bxf912x4313x8c44x3598377a133d","namespace":"ns_dfd82670_984a_47ef_9c6e_9fa82b597df0","fields":[{"name":"key11755010221829","type":"string"}]}
2025-08-12 14:50:28,435 INFO  [io.api.tes.ser.api.KafkaSerdesTester] (Thread-679) Sending message {"key11755010221829": "value-1"} to topic topic-cfd67ea0_a704_405f_853c_7127de600e8d
2025-08-12 14:50:28,437 INFO  [io.api.tes.ser.api.KafkaSerdesTester] (Thread-679) Sending message {"key11755010221829": "value-2"} to topic topic-cfd67ea0_a704_405f_853c_7127de600e8d
2025-08-12 14:50:28,439 INFO  [io.api.tes.ser.api.KafkaSerdesTester] (Thread-679) Sending message {"key11755010221829": "value-3"} to topic topic-cfd67ea0_a704_405f_853c_7127de600e8d
2025-08-12 14:50:28,440 INFO  [io.api.tes.ser.api.KafkaSerdesTester] (Thread-679) Sending message {"key11755010221829": "value-4"} to topic topic-cfd67ea0_a704_405f_853c_7127de600e8d
2025-08-12 14:50:28,441 INFO  [io.api.tes.ser.api.KafkaSerdesTester] (Thread-679) Sending message {"key11755010221829": "value-5"} to topic topic-cfd67ea0_a704_405f_853c_7127de600e8d
2025-08-12 14:50:28,443 INFO  [io.api.tes.ser.api.KafkaSerdesTester] (Thread-679) Sending message {"key11755010221829": "value-6"} to topic topic-cfd67ea0_a704_405f_853c_7127de600e8d
2025-08-12 14:50:28,444 INFO  [io.api.tes.ser.api.KafkaSerdesTester] (Thread-679) Sending message {"key11755010221829": "value-7"} to topic topic-cfd67ea0_a704_405f_853c_7127de600e8d
2025-08-12 14:50:28,446 INFO  [io.api.tes.ser.api.KafkaSerdesTester] (Thread-679) Sending message {"key11755010221829": "value-8"} to topic topic-cfd67ea0_a704_405f_853c_7127de600e8d
2025-08-12 14:50:28,448 INFO  [io.api.tes.ser.api.KafkaSerdesTester] (Thread-679) Sending message {"key11755010221829": "value-9"} to topic topic-cfd67ea0_a704_405f_853c_7127de600e8d
2025-08-12 14:50:28,449 INFO  [io.api.tes.ser.api.KafkaSerdesTester] (Thread-679) Produced 10 messages
2025-08-12 14:50:28,449 INFO  [org.apa.kaf.cli.pro.KafkaProducer] (Thread-679) [Producer clientId=Producer-topic-cfd67ea0_a704_405f_853c_7127de600e8d] Closing the Kafka producer with timeoutMillis = 9223372036854775807 ms.
2025-08-12 14:50:28,451 INFO  [org.apa.kaf.com.met.Metrics] (Thread-679) Metrics scheduler closed
2025-08-12 14:50:28,452 INFO  [org.apa.kaf.com.met.Metrics] (Thread-679) Closing reporter org.apache.kafka.common.metrics.JmxReporter
2025-08-12 14:50:28,452 INFO  [org.apa.kaf.com.met.Metrics] (Thread-679) Closing reporter org.apache.kafka.common.telemetry.internals.ClientTelemetryReporter
2025-08-12 14:50:28,452 INFO  [org.apa.kaf.com.met.Metrics] (Thread-679) Metrics reporters closed
2025-08-12 14:50:28,452 INFO  [org.apa.kaf.com.uti.AppInfoParser] (Thread-679) App info kafka.producer for Producer-topic-cfd67ea0_a704_405f_853c_7127de600e8d unregistered
**** Registry Base URL: http://registry-app-pg17.apps.ci419.apicurio-testing.org:80
2025-08-12 14:50:28,453 INFO  [org.apa.kaf.cli.con.ConsumerConfig] (main) ConsumerConfig values: 
	allow.auto.create.topics = true
	auto.commit.interval.ms = 500
	auto.include.jmx.reporter = true
	auto.offset.reset = earliest
	bootstrap.servers = [PLAINTEXT://localhost:32769]
	check.crcs = true
	client.dns.lookup = use_all_dns_ips
	client.id = consumer-Consumer-topic-cfd67ea0_a704_405f_853c_7127de600e8d-11
	client.rack = 
	connections.max.idle.ms = 10000
	default.api.timeout.ms = 60000
	enable.auto.commit = true
	enable.metrics.push = true
	exclude.internal.topics = true
	fetch.max.bytes = 52428800
	fetch.max.wait.ms = 500
	fetch.min.bytes = 1
	group.id = Consumer-topic-cfd67ea0_a704_405f_853c_7127de600e8d
	group.instance.id = null
	group.protocol = classic
	group.remote.assignor = null
	heartbeat.interval.ms = 3000
	interceptor.classes = []
	internal.leave.group.on.close = true
	internal.throw.on.fetch.stable.offset.unsupported = false
	isolation.level = read_uncommitted
	key.deserializer = class org.apache.kafka.common.serialization.StringDeserializer
	max.partition.fetch.bytes = 1048576
	max.poll.interval.ms = 300000
	max.poll.records = 500
	metadata.max.age.ms = 300000
	metadata.recovery.strategy = none
	metric.reporters = []
	metrics.num.samples = 2
	metrics.recording.level = INFO
	metrics.sample.window.ms = 30000
	partition.assignment.strategy = [class org.apache.kafka.clients.consumer.RangeAssignor, class org.apache.kafka.clients.consumer.CooperativeStickyAssignor]
	receive.buffer.bytes = 65536
	reconnect.backoff.max.ms = 1000
	reconnect.backoff.ms = 50
	request.timeout.ms = 5000
	retry.backoff.max.ms = 1000
	retry.backoff.ms = 100
	sasl.client.callback.handler.class = null
	sasl.jaas.config = null
	sasl.kerberos.kinit.cmd = /usr/bin/kinit
	sasl.kerberos.min.time.before.relogin = 60000
	sasl.kerberos.service.name = null
	sasl.kerberos.ticket.renew.jitter = 0.05
	sasl.kerberos.ticket.renew.window.factor = 0.8
	sasl.login.callback.handler.class = null
	sasl.login.class = null
	sasl.login.connect.timeout.ms = null
	sasl.login.read.timeout.ms = null
	sasl.login.refresh.buffer.seconds = 300
	sasl.login.refresh.min.period.seconds = 60
	sasl.login.refresh.window.factor = 0.8
	sasl.login.refresh.window.jitter = 0.05
	sasl.login.retry.backoff.max.ms = 10000
	sasl.login.retry.backoff.ms = 100
	sasl.mechanism = GSSAPI
	sasl.oauthbearer.clock.skew.seconds = 30
	sasl.oauthbearer.expected.audience = null
	sasl.oauthbearer.expected.issuer = null
	sasl.oauthbearer.header.urlencode = false
	sasl.oauthbearer.jwks.endpoint.refresh.ms = 3600000
	sasl.oauthbearer.jwks.endpoint.retry.backoff.max.ms = 10000
	sasl.oauthbearer.jwks.endpoint.retry.backoff.ms = 100
	sasl.oauthbearer.jwks.endpoint.url = null
	sasl.oauthbearer.scope.claim.name = scope
	sasl.oauthbearer.sub.claim.name = sub
	sasl.oauthbearer.token.endpoint.url = null
	security.protocol = PLAINTEXT
	security.providers = null
	send.buffer.bytes = 131072
	session.timeout.ms = 45000
	socket.connection.setup.timeout.max.ms = 30000
	socket.connection.setup.timeout.ms = 10000
	ssl.cipher.suites = null
	ssl.enabled.protocols = [TLSv1.2, TLSv1.3]
	ssl.endpoint.identification.algorithm = https
	ssl.engine.factory.class = null
	ssl.key.password = null
	ssl.keymanager.algorithm = SunX509
	ssl.keystore.certificate.chain = null
	ssl.keystore.key = null
	ssl.keystore.location = null
	ssl.keystore.password = null
	ssl.keystore.type = JKS
	ssl.protocol = TLSv1.3
	ssl.provider = null
	ssl.secure.random.implementation = null
	ssl.trustmanager.algorithm = PKIX
	ssl.truststore.certificates = null
	ssl.truststore.location = null
	ssl.truststore.password = null
	ssl.truststore.type = JKS
	value.deserializer = class io.apicurio.registry.serde.avro.AvroKafkaDeserializer

2025-08-12 14:50:28,454 INFO  [org.apa.kaf.com.tel.int.KafkaMetricsCollector] (main) initializing Kafka metrics collector
2025-08-12 14:50:28,466 INFO  [org.apa.kaf.cli.con.ConsumerConfig] (main) These configurations '[apicurio.registry.url]' were supplied but are not used yet.
2025-08-12 14:50:28,466 INFO  [org.apa.kaf.com.uti.AppInfoParser] (main) Kafka version: 3.9.1
2025-08-12 14:50:28,466 INFO  [org.apa.kaf.com.uti.AppInfoParser] (main) Kafka commitId: f745dfdcee2b9851
2025-08-12 14:50:28,466 INFO  [org.apa.kaf.com.uti.AppInfoParser] (main) Kafka startTimeMs: 1755010228466
2025-08-12 14:50:28,466 INFO  [org.apa.kaf.cli.con.int.ClassicKafkaConsumer] (Thread-682) [Consumer clientId=consumer-Consumer-topic-cfd67ea0_a704_405f_853c_7127de600e8d-11, groupId=Consumer-topic-cfd67ea0_a704_405f_853c_7127de600e8d] Subscribed to topic(s): topic-cfd67ea0_a704_405f_853c_7127de600e8d
2025-08-12 14:50:28,473 INFO  [org.apa.kaf.cli.Metadata] (Thread-682) [Consumer clientId=consumer-Consumer-topic-cfd67ea0_a704_405f_853c_7127de600e8d-11, groupId=Consumer-topic-cfd67ea0_a704_405f_853c_7127de600e8d] Cluster ID: 4oDFBklZQKWClKkNkfg_eQ
2025-08-12 14:50:28,473 INFO  [org.apa.kaf.cli.con.int.ConsumerCoordinator] (Thread-682) [Consumer clientId=consumer-Consumer-topic-cfd67ea0_a704_405f_853c_7127de600e8d-11, groupId=Consumer-topic-cfd67ea0_a704_405f_853c_7127de600e8d] Discovered group coordinator localhost:32769 (id: 2147483647 rack: null)
2025-08-12 14:50:28,476 INFO  [org.apa.kaf.cli.con.int.ConsumerCoordinator] (Thread-682) [Consumer clientId=consumer-Consumer-topic-cfd67ea0_a704_405f_853c_7127de600e8d-11, groupId=Consumer-topic-cfd67ea0_a704_405f_853c_7127de600e8d] (Re-)joining group
2025-08-12 14:50:28,479 INFO  [org.apa.kaf.cli.con.int.ConsumerCoordinator] (Thread-682) [Consumer clientId=consumer-Consumer-topic-cfd67ea0_a704_405f_853c_7127de600e8d-11, groupId=Consumer-topic-cfd67ea0_a704_405f_853c_7127de600e8d] Request joining group due to: need to re-join with the given member-id: consumer-Consumer-topic-cfd67ea0_a704_405f_853c_7127de600e8d-11-d6960637-e5e5-415c-9d32-9662772f82dc
2025-08-12 14:50:28,480 INFO  [org.apa.kaf.cli.con.int.ConsumerCoordinator] (Thread-682) [Consumer clientId=consumer-Consumer-topic-cfd67ea0_a704_405f_853c_7127de600e8d-11, groupId=Consumer-topic-cfd67ea0_a704_405f_853c_7127de600e8d] (Re-)joining group
2025-08-12 14:50:29,467 INFO  [io.api.tes.ser.api.KafkaSerdesTester] (Thread-682) None found
2025-08-12 14:50:30,467 INFO  [io.api.tes.ser.api.KafkaSerdesTester] (Thread-682) None found
2025-08-12 14:50:31,467 INFO  [io.api.tes.ser.api.KafkaSerdesTester] (Thread-682) None found
2025-08-12 14:50:31,482 INFO  [org.apa.kaf.cli.con.int.ConsumerCoordinator] (Thread-682) [Consumer clientId=consumer-Consumer-topic-cfd67ea0_a704_405f_853c_7127de600e8d-11, groupId=Consumer-topic-cfd67ea0_a704_405f_853c_7127de600e8d] Successfully joined group with generation Generation{generationId=3, memberId='consumer-Consumer-topic-cfd67ea0_a704_405f_853c_7127de600e8d-11-d6960637-e5e5-415c-9d32-9662772f82dc', protocol='range'}
2025-08-12 14:50:31,482 INFO  [org.apa.kaf.cli.con.int.ConsumerCoordinator] (Thread-682) [Consumer clientId=consumer-Consumer-topic-cfd67ea0_a704_405f_853c_7127de600e8d-11, groupId=Consumer-topic-cfd67ea0_a704_405f_853c_7127de600e8d] Finished assignment for group at generation 3: {consumer-Consumer-topic-cfd67ea0_a704_405f_853c_7127de600e8d-11-d6960637-e5e5-415c-9d32-9662772f82dc=Assignment(partitions=[topic-cfd67ea0_a704_405f_853c_7127de600e8d-0])}
2025-08-12 14:50:31,489 INFO  [org.apa.kaf.cli.con.int.ConsumerCoordinator] (Thread-682) [Consumer clientId=consumer-Consumer-topic-cfd67ea0_a704_405f_853c_7127de600e8d-11, groupId=Consumer-topic-cfd67ea0_a704_405f_853c_7127de600e8d] Successfully synced group in generation Generation{generationId=3, memberId='consumer-Consumer-topic-cfd67ea0_a704_405f_853c_7127de600e8d-11-d6960637-e5e5-415c-9d32-9662772f82dc', protocol='range'}
2025-08-12 14:50:31,489 INFO  [org.apa.kaf.cli.con.int.ConsumerCoordinator] (Thread-682) [Consumer clientId=consumer-Consumer-topic-cfd67ea0_a704_405f_853c_7127de600e8d-11, groupId=Consumer-topic-cfd67ea0_a704_405f_853c_7127de600e8d] Notifying assignor about the new Assignment(partitions=[topic-cfd67ea0_a704_405f_853c_7127de600e8d-0])
2025-08-12 14:50:31,489 INFO  [org.apa.kaf.cli.con.int.ConsumerRebalanceListenerInvoker] (Thread-682) [Consumer clientId=consumer-Consumer-topic-cfd67ea0_a704_405f_853c_7127de600e8d-11, groupId=Consumer-topic-cfd67ea0_a704_405f_853c_7127de600e8d] Adding newly assigned partitions: topic-cfd67ea0_a704_405f_853c_7127de600e8d-0
2025-08-12 14:50:31,490 INFO  [org.apa.kaf.cli.con.int.ConsumerUtils] (Thread-682) Setting offset for partition topic-cfd67ea0_a704_405f_853c_7127de600e8d-0 to the committed offset FetchPosition{offset=10, offsetEpoch=Optional[0], currentLeader=LeaderAndEpoch{leader=Optional[localhost:32769 (id: 0 rack: null)], epoch=0}}
2025-08-12 14:50:31,819 INFO  [io.api.tes.ser.api.KafkaSerdesTester] (Thread-682) topic-cfd67ea0_a704_405f_853c_7127de600e8d 0 10 {"key11755010221829": "value-0", "key21755010226936": "value-0"}
2025-08-12 14:50:31,819 INFO  [io.api.tes.ser.api.KafkaSerdesTester] (Thread-682) topic-cfd67ea0_a704_405f_853c_7127de600e8d 0 11 {"key11755010221829": "value-1", "key21755010226936": "value-1"}
2025-08-12 14:50:31,819 INFO  [io.api.tes.ser.api.KafkaSerdesTester] (Thread-682) topic-cfd67ea0_a704_405f_853c_7127de600e8d 0 12 {"key11755010221829": "value-2", "key21755010226936": "value-2"}
2025-08-12 14:50:31,819 INFO  [io.api.tes.ser.api.KafkaSerdesTester] (Thread-682) topic-cfd67ea0_a704_405f_853c_7127de600e8d 0 13 {"key11755010221829": "value-3", "key21755010226936": "value-3"}
2025-08-12 14:50:31,819 INFO  [io.api.tes.ser.api.KafkaSerdesTester] (Thread-682) topic-cfd67ea0_a704_405f_853c_7127de600e8d 0 14 {"key11755010221829": "value-4", "key21755010226936": "value-4"}
2025-08-12 14:50:31,819 INFO  [io.api.tes.ser.api.KafkaSerdesTester] (Thread-682) topic-cfd67ea0_a704_405f_853c_7127de600e8d 0 15 {"key11755010221829": "value-5", "key21755010226936": "value-5"}
2025-08-12 14:50:31,819 INFO  [io.api.tes.ser.api.KafkaSerdesTester] (Thread-682) topic-cfd67ea0_a704_405f_853c_7127de600e8d 0 16 {"key11755010221829": "value-6", "key21755010226936": "value-6"}
2025-08-12 14:50:31,819 INFO  [io.api.tes.ser.api.KafkaSerdesTester] (Thread-682) topic-cfd67ea0_a704_405f_853c_7127de600e8d 0 17 {"key11755010221829": "value-7", "key21755010226936": "value-7"}
2025-08-12 14:50:31,819 INFO  [io.api.tes.ser.api.KafkaSerdesTester] (Thread-682) topic-cfd67ea0_a704_405f_853c_7127de600e8d 0 18 {"key11755010221829": "value-8", "key21755010226936": "value-8"}
2025-08-12 14:50:31,819 INFO  [io.api.tes.ser.api.KafkaSerdesTester] (Thread-682) topic-cfd67ea0_a704_405f_853c_7127de600e8d 0 19 {"key11755010221829": "value-9", "key21755010226936": "value-9"}
2025-08-12 14:50:31,819 INFO  [io.api.tes.ser.api.KafkaSerdesTester] (Thread-682) topic-cfd67ea0_a704_405f_853c_7127de600e8d 0 20 {"key11755010221829": "value-0"}
2025-08-12 14:50:31,819 INFO  [io.api.tes.ser.api.KafkaSerdesTester] (Thread-682) topic-cfd67ea0_a704_405f_853c_7127de600e8d 0 21 {"key11755010221829": "value-1"}
2025-08-12 14:50:31,820 INFO  [io.api.tes.ser.api.KafkaSerdesTester] (Thread-682) topic-cfd67ea0_a704_405f_853c_7127de600e8d 0 22 {"key11755010221829": "value-2"}
2025-08-12 14:50:31,820 INFO  [io.api.tes.ser.api.KafkaSerdesTester] (Thread-682) topic-cfd67ea0_a704_405f_853c_7127de600e8d 0 23 {"key11755010221829": "value-3"}
2025-08-12 14:50:31,820 INFO  [io.api.tes.ser.api.KafkaSerdesTester] (Thread-682) topic-cfd67ea0_a704_405f_853c_7127de600e8d 0 24 {"key11755010221829": "value-4"}
2025-08-12 14:50:31,820 INFO  [io.api.tes.ser.api.KafkaSerdesTester] (Thread-682) topic-cfd67ea0_a704_405f_853c_7127de600e8d 0 25 {"key11755010221829": "value-5"}
2025-08-12 14:50:31,820 INFO  [io.api.tes.ser.api.KafkaSerdesTester] (Thread-682) topic-cfd67ea0_a704_405f_853c_7127de600e8d 0 26 {"key11755010221829": "value-6"}
2025-08-12 14:50:31,820 INFO  [io.api.tes.ser.api.KafkaSerdesTester] (Thread-682) topic-cfd67ea0_a704_405f_853c_7127de600e8d 0 27 {"key11755010221829": "value-7"}
2025-08-12 14:50:31,820 INFO  [io.api.tes.ser.api.KafkaSerdesTester] (Thread-682) topic-cfd67ea0_a704_405f_853c_7127de600e8d 0 28 {"key11755010221829": "value-8"}
2025-08-12 14:50:31,820 INFO  [io.api.tes.ser.api.KafkaSerdesTester] (Thread-682) topic-cfd67ea0_a704_405f_853c_7127de600e8d 0 29 {"key11755010221829": "value-9"}
2025-08-12 14:50:31,820 INFO  [io.api.tes.ser.api.KafkaSerdesTester] (Thread-682) Consumed 20 messages
2025-08-12 14:50:31,828 INFO  [org.apa.kaf.cli.con.int.ConsumerRebalanceListenerInvoker] (Thread-682) [Consumer clientId=consumer-Consumer-topic-cfd67ea0_a704_405f_853c_7127de600e8d-11, groupId=Consumer-topic-cfd67ea0_a704_405f_853c_7127de600e8d] Revoke previously assigned partitions topic-cfd67ea0_a704_405f_853c_7127de600e8d-0
2025-08-12 14:50:31,828 INFO  [org.apa.kaf.cli.con.int.ConsumerCoordinator] (Thread-682) [Consumer clientId=consumer-Consumer-topic-cfd67ea0_a704_405f_853c_7127de600e8d-11, groupId=Consumer-topic-cfd67ea0_a704_405f_853c_7127de600e8d] Member consumer-Consumer-topic-cfd67ea0_a704_405f_853c_7127de600e8d-11-d6960637-e5e5-415c-9d32-9662772f82dc sending LeaveGroup request to coordinator localhost:32769 (id: 2147483647 rack: null) due to the consumer is being closed
2025-08-12 14:50:31,828 INFO  [org.apa.kaf.cli.con.int.ConsumerCoordinator] (Thread-682) [Consumer clientId=consumer-Consumer-topic-cfd67ea0_a704_405f_853c_7127de600e8d-11, groupId=Consumer-topic-cfd67ea0_a704_405f_853c_7127de600e8d] Resetting generation and member id due to: consumer pro-actively leaving the group
2025-08-12 14:50:31,828 INFO  [org.apa.kaf.cli.con.int.ConsumerCoordinator] (Thread-682) [Consumer clientId=consumer-Consumer-topic-cfd67ea0_a704_405f_853c_7127de600e8d-11, groupId=Consumer-topic-cfd67ea0_a704_405f_853c_7127de600e8d] Request joining group due to: consumer pro-actively leaving the group
2025-08-12 14:50:32,323 INFO  [org.apa.kaf.com.met.Metrics] (Thread-682) Metrics scheduler closed
2025-08-12 14:50:32,323 INFO  [org.apa.kaf.com.met.Metrics] (Thread-682) Closing reporter org.apache.kafka.common.metrics.JmxReporter
2025-08-12 14:50:32,323 INFO  [org.apa.kaf.com.met.Metrics] (Thread-682) Closing reporter org.apache.kafka.common.telemetry.internals.ClientTelemetryReporter
2025-08-12 14:50:32,323 INFO  [org.apa.kaf.com.met.Metrics] (Thread-682) Metrics reporters closed
2025-08-12 14:50:32,325 INFO  [org.apa.kaf.com.uti.AppInfoParser] (Thread-682) App info kafka.consumer for consumer-Consumer-topic-cfd67ea0_a704_405f_853c_7127de600e8d-11 unregistered
2025-08-12 14:50:32,327 INFO  [io.api.tes.ser.api.AvroSerdeIT] (main) Registering Avro Schema 3: {"type":"record","name":"sf453e94bxf912x4313x8c44x3598377a133d","namespace":"ns_dfd82670_984a_47ef_9c6e_9fa82b597df0","fields":[{"name":"key11755010221829","type":"string"},{"name":"key21755010226936","type":"string"},{"name":"key31755010232326","type":"string"}]}
**** Registry Base URL: http://registry-app-pg17.apps.ci419.apicurio-testing.org:80
2025-08-12 14:50:33,471 INFO  [org.apa.kaf.cli.pro.ProducerConfig] (main) ProducerConfig values: 
	acks = -1
	auto.include.jmx.reporter = true
	batch.size = 16384
	bootstrap.servers = [PLAINTEXT://localhost:32769]
	buffer.memory = 33554432
	client.dns.lookup = use_all_dns_ips
	client.id = Producer-topic-cfd67ea0_a704_405f_853c_7127de600e8d
	compression.gzip.level = -1
	compression.lz4.level = 9
	compression.type = none
	compression.zstd.level = 3
	connections.max.idle.ms = 10000
	delivery.timeout.ms = 120000
	enable.idempotence = true
	enable.metrics.push = true
	interceptor.classes = []
	key.serializer = class org.apache.kafka.common.serialization.StringSerializer
	linger.ms = 0
	max.block.ms = 60000
	max.in.flight.requests.per.connection = 5
	max.request.size = 1048576
	metadata.max.age.ms = 300000
	metadata.max.idle.ms = 300000
	metadata.recovery.strategy = none
	metric.reporters = []
	metrics.num.samples = 2
	metrics.recording.level = INFO
	metrics.sample.window.ms = 30000
	partitioner.adaptive.partitioning.enable = true
	partitioner.availability.timeout.ms = 0
	partitioner.class = null
	partitioner.ignore.keys = false
	receive.buffer.bytes = 32768
	reconnect.backoff.max.ms = 1000
	reconnect.backoff.ms = 50
	request.timeout.ms = 5000
	retries = 2147483647
	retry.backoff.max.ms = 1000
	retry.backoff.ms = 100
	sasl.client.callback.handler.class = null
	sasl.jaas.config = null
	sasl.kerberos.kinit.cmd = /usr/bin/kinit
	sasl.kerberos.min.time.before.relogin = 60000
	sasl.kerberos.service.name = null
	sasl.kerberos.ticket.renew.jitter = 0.05
	sasl.kerberos.ticket.renew.window.factor = 0.8
	sasl.login.callback.handler.class = null
	sasl.login.class = null
	sasl.login.connect.timeout.ms = null
	sasl.login.read.timeout.ms = null
	sasl.login.refresh.buffer.seconds = 300
	sasl.login.refresh.min.period.seconds = 60
	sasl.login.refresh.window.factor = 0.8
	sasl.login.refresh.window.jitter = 0.05
	sasl.login.retry.backoff.max.ms = 10000
	sasl.login.retry.backoff.ms = 100
	sasl.mechanism = GSSAPI
	sasl.oauthbearer.clock.skew.seconds = 30
	sasl.oauthbearer.expected.audience = null
	sasl.oauthbearer.expected.issuer = null
	sasl.oauthbearer.header.urlencode = false
	sasl.oauthbearer.jwks.endpoint.refresh.ms = 3600000
	sasl.oauthbearer.jwks.endpoint.retry.backoff.max.ms = 10000
	sasl.oauthbearer.jwks.endpoint.retry.backoff.ms = 100
	sasl.oauthbearer.jwks.endpoint.url = null
	sasl.oauthbearer.scope.claim.name = scope
	sasl.oauthbearer.sub.claim.name = sub
	sasl.oauthbearer.token.endpoint.url = null
	security.protocol = PLAINTEXT
	security.providers = null
	send.buffer.bytes = 131072
	socket.connection.setup.timeout.max.ms = 30000
	socket.connection.setup.timeout.ms = 10000
	ssl.cipher.suites = null
	ssl.enabled.protocols = [TLSv1.2, TLSv1.3]
	ssl.endpoint.identification.algorithm = https
	ssl.engine.factory.class = null
	ssl.key.password = null
	ssl.keymanager.algorithm = SunX509
	ssl.keystore.certificate.chain = null
	ssl.keystore.key = null
	ssl.keystore.location = null
	ssl.keystore.password = null
	ssl.keystore.type = JKS
	ssl.protocol = TLSv1.3
	ssl.provider = null
	ssl.secure.random.implementation = null
	ssl.trustmanager.algorithm = PKIX
	ssl.truststore.certificates = null
	ssl.truststore.location = null
	ssl.truststore.password = null
	ssl.truststore.type = JKS
	transaction.timeout.ms = 60000
	transactional.id = null
	value.serializer = class io.apicurio.registry.serde.avro.AvroKafkaSerializer

2025-08-12 14:50:33,471 INFO  [org.apa.kaf.com.tel.int.KafkaMetricsCollector] (main) initializing Kafka metrics collector
2025-08-12 14:50:33,475 INFO  [org.apa.kaf.cli.pro.KafkaProducer] (main) [Producer clientId=Producer-topic-cfd67ea0_a704_405f_853c_7127de600e8d] Instantiated an idempotent producer.
2025-08-12 14:50:33,476 INFO  [org.apa.kaf.cli.pro.ProducerConfig] (main) These configurations '[apicurio.registry.url, apicurio.registry.artifact-resolver-strategy]' were supplied but are not used yet.
2025-08-12 14:50:33,476 INFO  [org.apa.kaf.com.uti.AppInfoParser] (main) Kafka version: 3.9.1
2025-08-12 14:50:33,476 INFO  [org.apa.kaf.com.uti.AppInfoParser] (main) Kafka commitId: f745dfdcee2b9851
2025-08-12 14:50:33,476 INFO  [org.apa.kaf.com.uti.AppInfoParser] (main) Kafka startTimeMs: 1755010233476
2025-08-12 14:50:33,477 INFO  [io.api.tes.ser.api.KafkaSerdesTester] (Thread-685) Sending message {"key11755010221829": "value-0", "key21755010226936": "value-0", "key31755010232326": "value-0"} to topic topic-cfd67ea0_a704_405f_853c_7127de600e8d
2025-08-12 14:50:33,480 INFO  [org.apa.kaf.cli.Metadata] (kafka-producer-network-thread | Producer-topic-cfd67ea0_a704_405f_853c_7127de600e8d) [Producer clientId=Producer-topic-cfd67ea0_a704_405f_853c_7127de600e8d] Cluster ID: 4oDFBklZQKWClKkNkfg_eQ
2025-08-12 14:50:33,480 INFO  [org.apa.kaf.cli.pro.int.TransactionManager] (kafka-producer-network-thread | Producer-topic-cfd67ea0_a704_405f_853c_7127de600e8d) [Producer clientId=Producer-topic-cfd67ea0_a704_405f_853c_7127de600e8d] ProducerId set to 15 with epoch 0
2025-08-12 14:50:33,480 INFO  [DefaultSchemaResolver] (Thread-685) Retrieving schema content using string: {"type":"record","name":"sf453e94bxf912x4313x8c44x3598377a133d","namespace":"ns_dfd82670_984a_47ef_9c6e_9fa82b597df0","fields":[{"name":"key11755010221829","type":"string"},{"name":"key21755010226936","type":"string"},{"name":"key31755010232326","type":"string"}]}
2025-08-12 14:50:33,625 INFO  [io.api.tes.ser.api.KafkaSerdesTester] (Thread-685) Sending message {"key11755010221829": "value-1", "key21755010226936": "value-1", "key31755010232326": "value-1"} to topic topic-cfd67ea0_a704_405f_853c_7127de600e8d
2025-08-12 14:50:33,626 INFO  [io.api.tes.ser.api.KafkaSerdesTester] (Thread-685) Sending message {"key11755010221829": "value-2", "key21755010226936": "value-2", "key31755010232326": "value-2"} to topic topic-cfd67ea0_a704_405f_853c_7127de600e8d
2025-08-12 14:50:33,628 INFO  [io.api.tes.ser.api.KafkaSerdesTester] (Thread-685) Sending message {"key11755010221829": "value-3", "key21755010226936": "value-3", "key31755010232326": "value-3"} to topic topic-cfd67ea0_a704_405f_853c_7127de600e8d
2025-08-12 14:50:33,629 INFO  [io.api.tes.ser.api.KafkaSerdesTester] (Thread-685) Sending message {"key11755010221829": "value-4", "key21755010226936": "value-4", "key31755010232326": "value-4"} to topic topic-cfd67ea0_a704_405f_853c_7127de600e8d
2025-08-12 14:50:33,632 INFO  [io.api.tes.ser.api.KafkaSerdesTester] (Thread-685) Sending message {"key11755010221829": "value-5", "key21755010226936": "value-5", "key31755010232326": "value-5"} to topic topic-cfd67ea0_a704_405f_853c_7127de600e8d
2025-08-12 14:50:33,634 INFO  [io.api.tes.ser.api.KafkaSerdesTester] (Thread-685) Sending message {"key11755010221829": "value-6", "key21755010226936": "value-6", "key31755010232326": "value-6"} to topic topic-cfd67ea0_a704_405f_853c_7127de600e8d
2025-08-12 14:50:33,638 INFO  [io.api.tes.ser.api.KafkaSerdesTester] (Thread-685) Sending message {"key11755010221829": "value-7", "key21755010226936": "value-7", "key31755010232326": "value-7"} to topic topic-cfd67ea0_a704_405f_853c_7127de600e8d
2025-08-12 14:50:33,642 INFO  [io.api.tes.ser.api.KafkaSerdesTester] (Thread-685) Sending message {"key11755010221829": "value-8", "key21755010226936": "value-8", "key31755010232326": "value-8"} to topic topic-cfd67ea0_a704_405f_853c_7127de600e8d
2025-08-12 14:50:33,644 INFO  [io.api.tes.ser.api.KafkaSerdesTester] (Thread-685) Sending message {"key11755010221829": "value-9", "key21755010226936": "value-9", "key31755010232326": "value-9"} to topic topic-cfd67ea0_a704_405f_853c_7127de600e8d
2025-08-12 14:50:33,648 INFO  [io.api.tes.ser.api.KafkaSerdesTester] (Thread-685) Produced 10 messages
2025-08-12 14:50:33,648 INFO  [org.apa.kaf.cli.pro.KafkaProducer] (Thread-685) [Producer clientId=Producer-topic-cfd67ea0_a704_405f_853c_7127de600e8d] Closing the Kafka producer with timeoutMillis = 9223372036854775807 ms.
2025-08-12 14:50:33,651 INFO  [org.apa.kaf.com.met.Metrics] (Thread-685) Metrics scheduler closed
2025-08-12 14:50:33,651 INFO  [org.apa.kaf.com.met.Metrics] (Thread-685) Closing reporter org.apache.kafka.common.metrics.JmxReporter
2025-08-12 14:50:33,651 INFO  [org.apa.kaf.com.met.Metrics] (Thread-685) Closing reporter org.apache.kafka.common.telemetry.internals.ClientTelemetryReporter
2025-08-12 14:50:33,651 INFO  [org.apa.kaf.com.met.Metrics] (Thread-685) Metrics reporters closed
2025-08-12 14:50:33,651 INFO  [org.apa.kaf.com.uti.AppInfoParser] (Thread-685) App info kafka.producer for Producer-topic-cfd67ea0_a704_405f_853c_7127de600e8d unregistered
**** Registry Base URL: http://registry-app-pg17.apps.ci419.apicurio-testing.org:80
2025-08-12 14:50:33,652 INFO  [org.apa.kaf.cli.pro.ProducerConfig] (main) ProducerConfig values: 
	acks = -1
	auto.include.jmx.reporter = true
	batch.size = 16384
	bootstrap.servers = [PLAINTEXT://localhost:32769]
	buffer.memory = 33554432
	client.dns.lookup = use_all_dns_ips
	client.id = Producer-topic-cfd67ea0_a704_405f_853c_7127de600e8d
	compression.gzip.level = -1
	compression.lz4.level = 9
	compression.type = none
	compression.zstd.level = 3
	connections.max.idle.ms = 10000
	delivery.timeout.ms = 120000
	enable.idempotence = true
	enable.metrics.push = true
	interceptor.classes = []
	key.serializer = class org.apache.kafka.common.serialization.StringSerializer
	linger.ms = 0
	max.block.ms = 60000
	max.in.flight.requests.per.connection = 5
	max.request.size = 1048576
	metadata.max.age.ms = 300000
	metadata.max.idle.ms = 300000
	metadata.recovery.strategy = none
	metric.reporters = []
	metrics.num.samples = 2
	metrics.recording.level = INFO
	metrics.sample.window.ms = 30000
	partitioner.adaptive.partitioning.enable = true
	partitioner.availability.timeout.ms = 0
	partitioner.class = null
	partitioner.ignore.keys = false
	receive.buffer.bytes = 32768
	reconnect.backoff.max.ms = 1000
	reconnect.backoff.ms = 50
	request.timeout.ms = 5000
	retries = 2147483647
	retry.backoff.max.ms = 1000
	retry.backoff.ms = 100
	sasl.client.callback.handler.class = null
	sasl.jaas.config = null
	sasl.kerberos.kinit.cmd = /usr/bin/kinit
	sasl.kerberos.min.time.before.relogin = 60000
	sasl.kerberos.service.name = null
	sasl.kerberos.ticket.renew.jitter = 0.05
	sasl.kerberos.ticket.renew.window.factor = 0.8
	sasl.login.callback.handler.class = null
	sasl.login.class = null
	sasl.login.connect.timeout.ms = null
	sasl.login.read.timeout.ms = null
	sasl.login.refresh.buffer.seconds = 300
	sasl.login.refresh.min.period.seconds = 60
	sasl.login.refresh.window.factor = 0.8
	sasl.login.refresh.window.jitter = 0.05
	sasl.login.retry.backoff.max.ms = 10000
	sasl.login.retry.backoff.ms = 100
	sasl.mechanism = GSSAPI
	sasl.oauthbearer.clock.skew.seconds = 30
	sasl.oauthbearer.expected.audience = null
	sasl.oauthbearer.expected.issuer = null
	sasl.oauthbearer.header.urlencode = false
	sasl.oauthbearer.jwks.endpoint.refresh.ms = 3600000
	sasl.oauthbearer.jwks.endpoint.retry.backoff.max.ms = 10000
	sasl.oauthbearer.jwks.endpoint.retry.backoff.ms = 100
	sasl.oauthbearer.jwks.endpoint.url = null
	sasl.oauthbearer.scope.claim.name = scope
	sasl.oauthbearer.sub.claim.name = sub
	sasl.oauthbearer.token.endpoint.url = null
	security.protocol = PLAINTEXT
	security.providers = null
	send.buffer.bytes = 131072
	socket.connection.setup.timeout.max.ms = 30000
	socket.connection.setup.timeout.ms = 10000
	ssl.cipher.suites = null
	ssl.enabled.protocols = [TLSv1.2, TLSv1.3]
	ssl.endpoint.identification.algorithm = https
	ssl.engine.factory.class = null
	ssl.key.password = null
	ssl.keymanager.algorithm = SunX509
	ssl.keystore.certificate.chain = null
	ssl.keystore.key = null
	ssl.keystore.location = null
	ssl.keystore.password = null
	ssl.keystore.type = JKS
	ssl.protocol = TLSv1.3
	ssl.provider = null
	ssl.secure.random.implementation = null
	ssl.trustmanager.algorithm = PKIX
	ssl.truststore.certificates = null
	ssl.truststore.location = null
	ssl.truststore.password = null
	ssl.truststore.type = JKS
	transaction.timeout.ms = 60000
	transactional.id = null
	value.serializer = class io.apicurio.registry.serde.avro.AvroKafkaSerializer

2025-08-12 14:50:33,653 INFO  [org.apa.kaf.com.tel.int.KafkaMetricsCollector] (main) initializing Kafka metrics collector
2025-08-12 14:50:33,658 INFO  [org.apa.kaf.cli.pro.KafkaProducer] (main) [Producer clientId=Producer-topic-cfd67ea0_a704_405f_853c_7127de600e8d] Instantiated an idempotent producer.
2025-08-12 14:50:33,662 INFO  [org.apa.kaf.cli.pro.ProducerConfig] (main) These configurations '[apicurio.registry.url, apicurio.registry.artifact-resolver-strategy]' were supplied but are not used yet.
2025-08-12 14:50:33,663 INFO  [org.apa.kaf.com.uti.AppInfoParser] (main) Kafka version: 3.9.1
2025-08-12 14:50:33,663 INFO  [org.apa.kaf.com.uti.AppInfoParser] (main) Kafka commitId: f745dfdcee2b9851
2025-08-12 14:50:33,663 INFO  [org.apa.kaf.com.uti.AppInfoParser] (main) Kafka startTimeMs: 1755010233663
2025-08-12 14:50:33,664 INFO  [io.api.tes.ser.api.KafkaSerdesTester] (Thread-688) Sending message {"key11755010221829": "value-0", "key21755010226936": "value-0"} to topic topic-cfd67ea0_a704_405f_853c_7127de600e8d
2025-08-12 14:50:33,667 INFO  [org.apa.kaf.cli.Metadata] (kafka-producer-network-thread | Producer-topic-cfd67ea0_a704_405f_853c_7127de600e8d) [Producer clientId=Producer-topic-cfd67ea0_a704_405f_853c_7127de600e8d] Cluster ID: 4oDFBklZQKWClKkNkfg_eQ
2025-08-12 14:50:33,668 INFO  [org.apa.kaf.cli.pro.int.TransactionManager] (kafka-producer-network-thread | Producer-topic-cfd67ea0_a704_405f_853c_7127de600e8d) [Producer clientId=Producer-topic-cfd67ea0_a704_405f_853c_7127de600e8d] ProducerId set to 16 with epoch 0
2025-08-12 14:50:33,668 INFO  [DefaultSchemaResolver] (Thread-688) Retrieving schema content using string: {"type":"record","name":"sf453e94bxf912x4313x8c44x3598377a133d","namespace":"ns_dfd82670_984a_47ef_9c6e_9fa82b597df0","fields":[{"name":"key11755010221829","type":"string"},{"name":"key21755010226936","type":"string"}]}
2025-08-12 14:50:33,808 INFO  [io.api.tes.ser.api.KafkaSerdesTester] (Thread-688) Sending message {"key11755010221829": "value-1", "key21755010226936": "value-1"} to topic topic-cfd67ea0_a704_405f_853c_7127de600e8d
2025-08-12 14:50:33,810 INFO  [io.api.tes.ser.api.KafkaSerdesTester] (Thread-688) Sending message {"key11755010221829": "value-2", "key21755010226936": "value-2"} to topic topic-cfd67ea0_a704_405f_853c_7127de600e8d
2025-08-12 14:50:33,812 INFO  [io.api.tes.ser.api.KafkaSerdesTester] (Thread-688) Sending message {"key11755010221829": "value-3", "key21755010226936": "value-3"} to topic topic-cfd67ea0_a704_405f_853c_7127de600e8d
2025-08-12 14:50:33,814 INFO  [io.api.tes.ser.api.KafkaSerdesTester] (Thread-688) Sending message {"key11755010221829": "value-4", "key21755010226936": "value-4"} to topic topic-cfd67ea0_a704_405f_853c_7127de600e8d
2025-08-12 14:50:33,817 INFO  [io.api.tes.ser.api.KafkaSerdesTester] (Thread-688) Sending message {"key11755010221829": "value-5", "key21755010226936": "value-5"} to topic topic-cfd67ea0_a704_405f_853c_7127de600e8d
2025-08-12 14:50:33,819 INFO  [io.api.tes.ser.api.KafkaSerdesTester] (Thread-688) Sending message {"key11755010221829": "value-6", "key21755010226936": "value-6"} to topic topic-cfd67ea0_a704_405f_853c_7127de600e8d
2025-08-12 14:50:33,822 INFO  [io.api.tes.ser.api.KafkaSerdesTester] (Thread-688) Sending message {"key11755010221829": "value-7", "key21755010226936": "value-7"} to topic topic-cfd67ea0_a704_405f_853c_7127de600e8d
2025-08-12 14:50:33,824 INFO  [io.api.tes.ser.api.KafkaSerdesTester] (Thread-688) Sending message {"key11755010221829": "value-8", "key21755010226936": "value-8"} to topic topic-cfd67ea0_a704_405f_853c_7127de600e8d
2025-08-12 14:50:33,826 INFO  [io.api.tes.ser.api.KafkaSerdesTester] (Thread-688) Sending message {"key11755010221829": "value-9", "key21755010226936": "value-9"} to topic topic-cfd67ea0_a704_405f_853c_7127de600e8d
2025-08-12 14:50:33,828 INFO  [io.api.tes.ser.api.KafkaSerdesTester] (Thread-688) Produced 10 messages
2025-08-12 14:50:33,828 INFO  [org.apa.kaf.cli.pro.KafkaProducer] (Thread-688) [Producer clientId=Producer-topic-cfd67ea0_a704_405f_853c_7127de600e8d] Closing the Kafka producer with timeoutMillis = 9223372036854775807 ms.
2025-08-12 14:50:33,830 INFO  [org.apa.kaf.com.met.Metrics] (Thread-688) Metrics scheduler closed
2025-08-12 14:50:33,830 INFO  [org.apa.kaf.com.met.Metrics] (Thread-688) Closing reporter org.apache.kafka.common.metrics.JmxReporter
2025-08-12 14:50:33,830 INFO  [org.apa.kaf.com.met.Metrics] (Thread-688) Closing reporter org.apache.kafka.common.telemetry.internals.ClientTelemetryReporter
2025-08-12 14:50:33,830 INFO  [org.apa.kaf.com.met.Metrics] (Thread-688) Metrics reporters closed
2025-08-12 14:50:33,830 INFO  [org.apa.kaf.com.uti.AppInfoParser] (Thread-688) App info kafka.producer for Producer-topic-cfd67ea0_a704_405f_853c_7127de600e8d unregistered
**** Registry Base URL: http://registry-app-pg17.apps.ci419.apicurio-testing.org:80
2025-08-12 14:50:33,831 INFO  [org.apa.kaf.cli.pro.ProducerConfig] (main) ProducerConfig values: 
	acks = -1
	auto.include.jmx.reporter = true
	batch.size = 16384
	bootstrap.servers = [PLAINTEXT://localhost:32769]
	buffer.memory = 33554432
	client.dns.lookup = use_all_dns_ips
	client.id = Producer-topic-cfd67ea0_a704_405f_853c_7127de600e8d
	compression.gzip.level = -1
	compression.lz4.level = 9
	compression.type = none
	compression.zstd.level = 3
	connections.max.idle.ms = 10000
	delivery.timeout.ms = 120000
	enable.idempotence = true
	enable.metrics.push = true
	interceptor.classes = []
	key.serializer = class org.apache.kafka.common.serialization.StringSerializer
	linger.ms = 0
	max.block.ms = 60000
	max.in.flight.requests.per.connection = 5
	max.request.size = 1048576
	metadata.max.age.ms = 300000
	metadata.max.idle.ms = 300000
	metadata.recovery.strategy = none
	metric.reporters = []
	metrics.num.samples = 2
	metrics.recording.level = INFO
	metrics.sample.window.ms = 30000
	partitioner.adaptive.partitioning.enable = true
	partitioner.availability.timeout.ms = 0
	partitioner.class = null
	partitioner.ignore.keys = false
	receive.buffer.bytes = 32768
	reconnect.backoff.max.ms = 1000
	reconnect.backoff.ms = 50
	request.timeout.ms = 5000
	retries = 2147483647
	retry.backoff.max.ms = 1000
	retry.backoff.ms = 100
	sasl.client.callback.handler.class = null
	sasl.jaas.config = null
	sasl.kerberos.kinit.cmd = /usr/bin/kinit
	sasl.kerberos.min.time.before.relogin = 60000
	sasl.kerberos.service.name = null
	sasl.kerberos.ticket.renew.jitter = 0.05
	sasl.kerberos.ticket.renew.window.factor = 0.8
	sasl.login.callback.handler.class = null
	sasl.login.class = null
	sasl.login.connect.timeout.ms = null
	sasl.login.read.timeout.ms = null
	sasl.login.refresh.buffer.seconds = 300
	sasl.login.refresh.min.period.seconds = 60
	sasl.login.refresh.window.factor = 0.8
	sasl.login.refresh.window.jitter = 0.05
	sasl.login.retry.backoff.max.ms = 10000
	sasl.login.retry.backoff.ms = 100
	sasl.mechanism = GSSAPI
	sasl.oauthbearer.clock.skew.seconds = 30
	sasl.oauthbearer.expected.audience = null
	sasl.oauthbearer.expected.issuer = null
	sasl.oauthbearer.header.urlencode = false
	sasl.oauthbearer.jwks.endpoint.refresh.ms = 3600000
	sasl.oauthbearer.jwks.endpoint.retry.backoff.max.ms = 10000
	sasl.oauthbearer.jwks.endpoint.retry.backoff.ms = 100
	sasl.oauthbearer.jwks.endpoint.url = null
	sasl.oauthbearer.scope.claim.name = scope
	sasl.oauthbearer.sub.claim.name = sub
	sasl.oauthbearer.token.endpoint.url = null
	security.protocol = PLAINTEXT
	security.providers = null
	send.buffer.bytes = 131072
	socket.connection.setup.timeout.max.ms = 30000
	socket.connection.setup.timeout.ms = 10000
	ssl.cipher.suites = null
	ssl.enabled.protocols = [TLSv1.2, TLSv1.3]
	ssl.endpoint.identification.algorithm = https
	ssl.engine.factory.class = null
	ssl.key.password = null
	ssl.keymanager.algorithm = SunX509
	ssl.keystore.certificate.chain = null
	ssl.keystore.key = null
	ssl.keystore.location = null
	ssl.keystore.password = null
	ssl.keystore.type = JKS
	ssl.protocol = TLSv1.3
	ssl.provider = null
	ssl.secure.random.implementation = null
	ssl.trustmanager.algorithm = PKIX
	ssl.truststore.certificates = null
	ssl.truststore.location = null
	ssl.truststore.password = null
	ssl.truststore.type = JKS
	transaction.timeout.ms = 60000
	transactional.id = null
	value.serializer = class io.apicurio.registry.serde.avro.AvroKafkaSerializer

2025-08-12 14:50:33,833 INFO  [org.apa.kaf.com.tel.int.KafkaMetricsCollector] (main) initializing Kafka metrics collector
2025-08-12 14:50:33,838 INFO  [org.apa.kaf.cli.pro.KafkaProducer] (main) [Producer clientId=Producer-topic-cfd67ea0_a704_405f_853c_7127de600e8d] Instantiated an idempotent producer.
2025-08-12 14:50:33,840 INFO  [org.apa.kaf.cli.pro.ProducerConfig] (main) These configurations '[apicurio.registry.url, apicurio.registry.artifact-resolver-strategy]' were supplied but are not used yet.
2025-08-12 14:50:33,841 INFO  [org.apa.kaf.com.uti.AppInfoParser] (main) Kafka version: 3.9.1
2025-08-12 14:50:33,841 INFO  [org.apa.kaf.com.uti.AppInfoParser] (main) Kafka commitId: f745dfdcee2b9851
2025-08-12 14:50:33,841 INFO  [org.apa.kaf.com.uti.AppInfoParser] (main) Kafka startTimeMs: 1755010233840
2025-08-12 14:50:33,842 INFO  [io.api.tes.ser.api.KafkaSerdesTester] (Thread-691) Sending message {"key11755010221829": "value-0"} to topic topic-cfd67ea0_a704_405f_853c_7127de600e8d
2025-08-12 14:50:33,848 INFO  [org.apa.kaf.cli.Metadata] (kafka-producer-network-thread | Producer-topic-cfd67ea0_a704_405f_853c_7127de600e8d) [Producer clientId=Producer-topic-cfd67ea0_a704_405f_853c_7127de600e8d] Cluster ID: 4oDFBklZQKWClKkNkfg_eQ
2025-08-12 14:50:33,848 INFO  [DefaultSchemaResolver] (Thread-691) Retrieving schema content using string: {"type":"record","name":"sf453e94bxf912x4313x8c44x3598377a133d","namespace":"ns_dfd82670_984a_47ef_9c6e_9fa82b597df0","fields":[{"name":"key11755010221829","type":"string"}]}
2025-08-12 14:50:33,850 INFO  [org.apa.kaf.cli.pro.int.TransactionManager] (kafka-producer-network-thread | Producer-topic-cfd67ea0_a704_405f_853c_7127de600e8d) [Producer clientId=Producer-topic-cfd67ea0_a704_405f_853c_7127de600e8d] ProducerId set to 17 with epoch 0
2025-08-12 14:50:33,989 INFO  [io.api.tes.ser.api.KafkaSerdesTester] (Thread-691) Sending message {"key11755010221829": "value-1"} to topic topic-cfd67ea0_a704_405f_853c_7127de600e8d
2025-08-12 14:50:33,992 INFO  [io.api.tes.ser.api.KafkaSerdesTester] (Thread-691) Sending message {"key11755010221829": "value-2"} to topic topic-cfd67ea0_a704_405f_853c_7127de600e8d
2025-08-12 14:50:33,993 INFO  [io.api.tes.ser.api.KafkaSerdesTester] (Thread-691) Sending message {"key11755010221829": "value-3"} to topic topic-cfd67ea0_a704_405f_853c_7127de600e8d
2025-08-12 14:50:33,995 INFO  [io.api.tes.ser.api.KafkaSerdesTester] (Thread-691) Sending message {"key11755010221829": "value-4"} to topic topic-cfd67ea0_a704_405f_853c_7127de600e8d
2025-08-12 14:50:33,998 INFO  [io.api.tes.ser.api.KafkaSerdesTester] (Thread-691) Sending message {"key11755010221829": "value-5"} to topic topic-cfd67ea0_a704_405f_853c_7127de600e8d
2025-08-12 14:50:34,000 INFO  [io.api.tes.ser.api.KafkaSerdesTester] (Thread-691) Sending message {"key11755010221829": "value-6"} to topic topic-cfd67ea0_a704_405f_853c_7127de600e8d
2025-08-12 14:50:34,001 INFO  [io.api.tes.ser.api.KafkaSerdesTester] (Thread-691) Sending message {"key11755010221829": "value-7"} to topic topic-cfd67ea0_a704_405f_853c_7127de600e8d
2025-08-12 14:50:34,002 INFO  [io.api.tes.ser.api.KafkaSerdesTester] (Thread-691) Sending message {"key11755010221829": "value-8"} to topic topic-cfd67ea0_a704_405f_853c_7127de600e8d
2025-08-12 14:50:34,003 INFO  [io.api.tes.ser.api.KafkaSerdesTester] (Thread-691) Sending message {"key11755010221829": "value-9"} to topic topic-cfd67ea0_a704_405f_853c_7127de600e8d
2025-08-12 14:50:34,004 INFO  [io.api.tes.ser.api.KafkaSerdesTester] (Thread-691) Produced 10 messages
2025-08-12 14:50:34,004 INFO  [org.apa.kaf.cli.pro.KafkaProducer] (Thread-691) [Producer clientId=Producer-topic-cfd67ea0_a704_405f_853c_7127de600e8d] Closing the Kafka producer with timeoutMillis = 9223372036854775807 ms.
2025-08-12 14:50:34,006 INFO  [org.apa.kaf.com.met.Metrics] (Thread-691) Metrics scheduler closed
2025-08-12 14:50:34,006 INFO  [org.apa.kaf.com.met.Metrics] (Thread-691) Closing reporter org.apache.kafka.common.metrics.JmxReporter
2025-08-12 14:50:34,006 INFO  [org.apa.kaf.com.met.Metrics] (Thread-691) Closing reporter org.apache.kafka.common.telemetry.internals.ClientTelemetryReporter
2025-08-12 14:50:34,006 INFO  [org.apa.kaf.com.met.Metrics] (Thread-691) Metrics reporters closed
2025-08-12 14:50:34,006 INFO  [org.apa.kaf.com.uti.AppInfoParser] (Thread-691) App info kafka.producer for Producer-topic-cfd67ea0_a704_405f_853c_7127de600e8d unregistered
**** Registry Base URL: http://registry-app-pg17.apps.ci419.apicurio-testing.org:80
2025-08-12 14:50:34,007 INFO  [org.apa.kaf.cli.con.ConsumerConfig] (main) ConsumerConfig values: 
	allow.auto.create.topics = true
	auto.commit.interval.ms = 500
	auto.include.jmx.reporter = true
	auto.offset.reset = earliest
	bootstrap.servers = [PLAINTEXT://localhost:32769]
	check.crcs = true
	client.dns.lookup = use_all_dns_ips
	client.id = consumer-Consumer-topic-cfd67ea0_a704_405f_853c_7127de600e8d-12
	client.rack = 
	connections.max.idle.ms = 10000
	default.api.timeout.ms = 60000
	enable.auto.commit = true
	enable.metrics.push = true
	exclude.internal.topics = true
	fetch.max.bytes = 52428800
	fetch.max.wait.ms = 500
	fetch.min.bytes = 1
	group.id = Consumer-topic-cfd67ea0_a704_405f_853c_7127de600e8d
	group.instance.id = null
	group.protocol = classic
	group.remote.assignor = null
	heartbeat.interval.ms = 3000
	interceptor.classes = []
	internal.leave.group.on.close = true
	internal.throw.on.fetch.stable.offset.unsupported = false
	isolation.level = read_uncommitted
	key.deserializer = class org.apache.kafka.common.serialization.StringDeserializer
	max.partition.fetch.bytes = 1048576
	max.poll.interval.ms = 300000
	max.poll.records = 500
	metadata.max.age.ms = 300000
	metadata.recovery.strategy = none
	metric.reporters = []
	metrics.num.samples = 2
	metrics.recording.level = INFO
	metrics.sample.window.ms = 30000
	partition.assignment.strategy = [class org.apache.kafka.clients.consumer.RangeAssignor, class org.apache.kafka.clients.consumer.CooperativeStickyAssignor]
	receive.buffer.bytes = 65536
	reconnect.backoff.max.ms = 1000
	reconnect.backoff.ms = 50
	request.timeout.ms = 5000
	retry.backoff.max.ms = 1000
	retry.backoff.ms = 100
	sasl.client.callback.handler.class = null
	sasl.jaas.config = null
	sasl.kerberos.kinit.cmd = /usr/bin/kinit
	sasl.kerberos.min.time.before.relogin = 60000
	sasl.kerberos.service.name = null
	sasl.kerberos.ticket.renew.jitter = 0.05
	sasl.kerberos.ticket.renew.window.factor = 0.8
	sasl.login.callback.handler.class = null
	sasl.login.class = null
	sasl.login.connect.timeout.ms = null
	sasl.login.read.timeout.ms = null
	sasl.login.refresh.buffer.seconds = 300
	sasl.login.refresh.min.period.seconds = 60
	sasl.login.refresh.window.factor = 0.8
	sasl.login.refresh.window.jitter = 0.05
	sasl.login.retry.backoff.max.ms = 10000
	sasl.login.retry.backoff.ms = 100
	sasl.mechanism = GSSAPI
	sasl.oauthbearer.clock.skew.seconds = 30
	sasl.oauthbearer.expected.audience = null
	sasl.oauthbearer.expected.issuer = null
	sasl.oauthbearer.header.urlencode = false
	sasl.oauthbearer.jwks.endpoint.refresh.ms = 3600000
	sasl.oauthbearer.jwks.endpoint.retry.backoff.max.ms = 10000
	sasl.oauthbearer.jwks.endpoint.retry.backoff.ms = 100
	sasl.oauthbearer.jwks.endpoint.url = null
	sasl.oauthbearer.scope.claim.name = scope
	sasl.oauthbearer.sub.claim.name = sub
	sasl.oauthbearer.token.endpoint.url = null
	security.protocol = PLAINTEXT
	security.providers = null
	send.buffer.bytes = 131072
	session.timeout.ms = 45000
	socket.connection.setup.timeout.max.ms = 30000
	socket.connection.setup.timeout.ms = 10000
	ssl.cipher.suites = null
	ssl.enabled.protocols = [TLSv1.2, TLSv1.3]
	ssl.endpoint.identification.algorithm = https
	ssl.engine.factory.class = null
	ssl.key.password = null
	ssl.keymanager.algorithm = SunX509
	ssl.keystore.certificate.chain = null
	ssl.keystore.key = null
	ssl.keystore.location = null
	ssl.keystore.password = null
	ssl.keystore.type = JKS
	ssl.protocol = TLSv1.3
	ssl.provider = null
	ssl.secure.random.implementation = null
	ssl.trustmanager.algorithm = PKIX
	ssl.truststore.certificates = null
	ssl.truststore.location = null
	ssl.truststore.password = null
	ssl.truststore.type = JKS
	value.deserializer = class io.apicurio.registry.serde.avro.AvroKafkaDeserializer

2025-08-12 14:50:34,008 INFO  [org.apa.kaf.com.tel.int.KafkaMetricsCollector] (main) initializing Kafka metrics collector
2025-08-12 14:50:34,015 INFO  [org.apa.kaf.cli.con.ConsumerConfig] (main) These configurations '[apicurio.registry.url]' were supplied but are not used yet.
2025-08-12 14:50:34,015 INFO  [org.apa.kaf.com.uti.AppInfoParser] (main) Kafka version: 3.9.1
2025-08-12 14:50:34,015 INFO  [org.apa.kaf.com.uti.AppInfoParser] (main) Kafka commitId: f745dfdcee2b9851
2025-08-12 14:50:34,015 INFO  [org.apa.kaf.com.uti.AppInfoParser] (main) Kafka startTimeMs: 1755010234015
2025-08-12 14:50:34,017 INFO  [org.apa.kaf.cli.con.int.ClassicKafkaConsumer] (Thread-694) [Consumer clientId=consumer-Consumer-topic-cfd67ea0_a704_405f_853c_7127de600e8d-12, groupId=Consumer-topic-cfd67ea0_a704_405f_853c_7127de600e8d] Subscribed to topic(s): topic-cfd67ea0_a704_405f_853c_7127de600e8d
2025-08-12 14:50:34,024 INFO  [org.apa.kaf.cli.Metadata] (Thread-694) [Consumer clientId=consumer-Consumer-topic-cfd67ea0_a704_405f_853c_7127de600e8d-12, groupId=Consumer-topic-cfd67ea0_a704_405f_853c_7127de600e8d] Cluster ID: 4oDFBklZQKWClKkNkfg_eQ
2025-08-12 14:50:34,024 INFO  [org.apa.kaf.cli.con.int.ConsumerCoordinator] (Thread-694) [Consumer clientId=consumer-Consumer-topic-cfd67ea0_a704_405f_853c_7127de600e8d-12, groupId=Consumer-topic-cfd67ea0_a704_405f_853c_7127de600e8d] Discovered group coordinator localhost:32769 (id: 2147483647 rack: null)
2025-08-12 14:50:34,026 INFO  [org.apa.kaf.cli.con.int.ConsumerCoordinator] (Thread-694) [Consumer clientId=consumer-Consumer-topic-cfd67ea0_a704_405f_853c_7127de600e8d-12, groupId=Consumer-topic-cfd67ea0_a704_405f_853c_7127de600e8d] (Re-)joining group
2025-08-12 14:50:34,029 INFO  [org.apa.kaf.cli.con.int.ConsumerCoordinator] (Thread-694) [Consumer clientId=consumer-Consumer-topic-cfd67ea0_a704_405f_853c_7127de600e8d-12, groupId=Consumer-topic-cfd67ea0_a704_405f_853c_7127de600e8d] Request joining group due to: need to re-join with the given member-id: consumer-Consumer-topic-cfd67ea0_a704_405f_853c_7127de600e8d-12-99d2183a-06bc-44f2-a97f-83ec9d4c93ad
2025-08-12 14:50:34,030 INFO  [org.apa.kaf.cli.con.int.ConsumerCoordinator] (Thread-694) [Consumer clientId=consumer-Consumer-topic-cfd67ea0_a704_405f_853c_7127de600e8d-12, groupId=Consumer-topic-cfd67ea0_a704_405f_853c_7127de600e8d] (Re-)joining group
2025-08-12 14:50:35,017 INFO  [io.api.tes.ser.api.KafkaSerdesTester] (Thread-694) None found
2025-08-12 14:50:36,017 INFO  [io.api.tes.ser.api.KafkaSerdesTester] (Thread-694) None found
2025-08-12 14:50:37,017 INFO  [io.api.tes.ser.api.KafkaSerdesTester] (Thread-694) None found
2025-08-12 14:50:37,031 INFO  [org.apa.kaf.cli.con.int.ConsumerCoordinator] (Thread-694) [Consumer clientId=consumer-Consumer-topic-cfd67ea0_a704_405f_853c_7127de600e8d-12, groupId=Consumer-topic-cfd67ea0_a704_405f_853c_7127de600e8d] Successfully joined group with generation Generation{generationId=5, memberId='consumer-Consumer-topic-cfd67ea0_a704_405f_853c_7127de600e8d-12-99d2183a-06bc-44f2-a97f-83ec9d4c93ad', protocol='range'}
2025-08-12 14:50:37,031 INFO  [org.apa.kaf.cli.con.int.ConsumerCoordinator] (Thread-694) [Consumer clientId=consumer-Consumer-topic-cfd67ea0_a704_405f_853c_7127de600e8d-12, groupId=Consumer-topic-cfd67ea0_a704_405f_853c_7127de600e8d] Finished assignment for group at generation 5: {consumer-Consumer-topic-cfd67ea0_a704_405f_853c_7127de600e8d-12-99d2183a-06bc-44f2-a97f-83ec9d4c93ad=Assignment(partitions=[topic-cfd67ea0_a704_405f_853c_7127de600e8d-0])}
2025-08-12 14:50:37,039 INFO  [org.apa.kaf.cli.con.int.ConsumerCoordinator] (Thread-694) [Consumer clientId=consumer-Consumer-topic-cfd67ea0_a704_405f_853c_7127de600e8d-12, groupId=Consumer-topic-cfd67ea0_a704_405f_853c_7127de600e8d] Successfully synced group in generation Generation{generationId=5, memberId='consumer-Consumer-topic-cfd67ea0_a704_405f_853c_7127de600e8d-12-99d2183a-06bc-44f2-a97f-83ec9d4c93ad', protocol='range'}
2025-08-12 14:50:37,039 INFO  [org.apa.kaf.cli.con.int.ConsumerCoordinator] (Thread-694) [Consumer clientId=consumer-Consumer-topic-cfd67ea0_a704_405f_853c_7127de600e8d-12, groupId=Consumer-topic-cfd67ea0_a704_405f_853c_7127de600e8d] Notifying assignor about the new Assignment(partitions=[topic-cfd67ea0_a704_405f_853c_7127de600e8d-0])
2025-08-12 14:50:37,039 INFO  [org.apa.kaf.cli.con.int.ConsumerRebalanceListenerInvoker] (Thread-694) [Consumer clientId=consumer-Consumer-topic-cfd67ea0_a704_405f_853c_7127de600e8d-12, groupId=Consumer-topic-cfd67ea0_a704_405f_853c_7127de600e8d] Adding newly assigned partitions: topic-cfd67ea0_a704_405f_853c_7127de600e8d-0
2025-08-12 14:50:37,040 INFO  [org.apa.kaf.cli.con.int.ConsumerUtils] (Thread-694) Setting offset for partition topic-cfd67ea0_a704_405f_853c_7127de600e8d-0 to the committed offset FetchPosition{offset=30, offsetEpoch=Optional[0], currentLeader=LeaderAndEpoch{leader=Optional[localhost:32769 (id: 0 rack: null)], epoch=0}}
2025-08-12 14:50:37,527 INFO  [io.api.tes.ser.api.KafkaSerdesTester] (Thread-694) topic-cfd67ea0_a704_405f_853c_7127de600e8d 0 30 {"key11755010221829": "value-0", "key21755010226936": "value-0", "key31755010232326": "value-0"}
2025-08-12 14:50:37,527 INFO  [io.api.tes.ser.api.KafkaSerdesTester] (Thread-694) topic-cfd67ea0_a704_405f_853c_7127de600e8d 0 31 {"key11755010221829": "value-1", "key21755010226936": "value-1", "key31755010232326": "value-1"}
2025-08-12 14:50:37,527 INFO  [io.api.tes.ser.api.KafkaSerdesTester] (Thread-694) topic-cfd67ea0_a704_405f_853c_7127de600e8d 0 32 {"key11755010221829": "value-2", "key21755010226936": "value-2", "key31755010232326": "value-2"}
2025-08-12 14:50:37,527 INFO  [io.api.tes.ser.api.KafkaSerdesTester] (Thread-694) topic-cfd67ea0_a704_405f_853c_7127de600e8d 0 33 {"key11755010221829": "value-3", "key21755010226936": "value-3", "key31755010232326": "value-3"}
2025-08-12 14:50:37,527 INFO  [io.api.tes.ser.api.KafkaSerdesTester] (Thread-694) topic-cfd67ea0_a704_405f_853c_7127de600e8d 0 34 {"key11755010221829": "value-4", "key21755010226936": "value-4", "key31755010232326": "value-4"}
2025-08-12 14:50:37,527 INFO  [io.api.tes.ser.api.KafkaSerdesTester] (Thread-694) topic-cfd67ea0_a704_405f_853c_7127de600e8d 0 35 {"key11755010221829": "value-5", "key21755010226936": "value-5", "key31755010232326": "value-5"}
2025-08-12 14:50:37,527 INFO  [io.api.tes.ser.api.KafkaSerdesTester] (Thread-694) topic-cfd67ea0_a704_405f_853c_7127de600e8d 0 36 {"key11755010221829": "value-6", "key21755010226936": "value-6", "key31755010232326": "value-6"}
2025-08-12 14:50:37,527 INFO  [io.api.tes.ser.api.KafkaSerdesTester] (Thread-694) topic-cfd67ea0_a704_405f_853c_7127de600e8d 0 37 {"key11755010221829": "value-7", "key21755010226936": "value-7", "key31755010232326": "value-7"}
2025-08-12 14:50:37,527 INFO  [io.api.tes.ser.api.KafkaSerdesTester] (Thread-694) topic-cfd67ea0_a704_405f_853c_7127de600e8d 0 38 {"key11755010221829": "value-8", "key21755010226936": "value-8", "key31755010232326": "value-8"}
2025-08-12 14:50:37,527 INFO  [io.api.tes.ser.api.KafkaSerdesTester] (Thread-694) topic-cfd67ea0_a704_405f_853c_7127de600e8d 0 39 {"key11755010221829": "value-9", "key21755010226936": "value-9", "key31755010232326": "value-9"}
2025-08-12 14:50:37,527 INFO  [io.api.tes.ser.api.KafkaSerdesTester] (Thread-694) topic-cfd67ea0_a704_405f_853c_7127de600e8d 0 40 {"key11755010221829": "value-0", "key21755010226936": "value-0"}
2025-08-12 14:50:37,527 INFO  [io.api.tes.ser.api.KafkaSerdesTester] (Thread-694) topic-cfd67ea0_a704_405f_853c_7127de600e8d 0 41 {"key11755010221829": "value-1", "key21755010226936": "value-1"}
2025-08-12 14:50:37,527 INFO  [io.api.tes.ser.api.KafkaSerdesTester] (Thread-694) topic-cfd67ea0_a704_405f_853c_7127de600e8d 0 42 {"key11755010221829": "value-2", "key21755010226936": "value-2"}
2025-08-12 14:50:37,527 INFO  [io.api.tes.ser.api.KafkaSerdesTester] (Thread-694) topic-cfd67ea0_a704_405f_853c_7127de600e8d 0 43 {"key11755010221829": "value-3", "key21755010226936": "value-3"}
2025-08-12 14:50:37,527 INFO  [io.api.tes.ser.api.KafkaSerdesTester] (Thread-694) topic-cfd67ea0_a704_405f_853c_7127de600e8d 0 44 {"key11755010221829": "value-4", "key21755010226936": "value-4"}
2025-08-12 14:50:37,527 INFO  [io.api.tes.ser.api.KafkaSerdesTester] (Thread-694) topic-cfd67ea0_a704_405f_853c_7127de600e8d 0 45 {"key11755010221829": "value-5", "key21755010226936": "value-5"}
2025-08-12 14:50:37,527 INFO  [io.api.tes.ser.api.KafkaSerdesTester] (Thread-694) topic-cfd67ea0_a704_405f_853c_7127de600e8d 0 46 {"key11755010221829": "value-6", "key21755010226936": "value-6"}
2025-08-12 14:50:37,527 INFO  [io.api.tes.ser.api.KafkaSerdesTester] (Thread-694) topic-cfd67ea0_a704_405f_853c_7127de600e8d 0 47 {"key11755010221829": "value-7", "key21755010226936": "value-7"}
2025-08-12 14:50:37,528 INFO  [io.api.tes.ser.api.KafkaSerdesTester] (Thread-694) topic-cfd67ea0_a704_405f_853c_7127de600e8d 0 48 {"key11755010221829": "value-8", "key21755010226936": "value-8"}
2025-08-12 14:50:37,528 INFO  [io.api.tes.ser.api.KafkaSerdesTester] (Thread-694) topic-cfd67ea0_a704_405f_853c_7127de600e8d 0 49 {"key11755010221829": "value-9", "key21755010226936": "value-9"}
2025-08-12 14:50:37,528 INFO  [io.api.tes.ser.api.KafkaSerdesTester] (Thread-694) topic-cfd67ea0_a704_405f_853c_7127de600e8d 0 50 {"key11755010221829": "value-0"}
2025-08-12 14:50:37,528 INFO  [io.api.tes.ser.api.KafkaSerdesTester] (Thread-694) topic-cfd67ea0_a704_405f_853c_7127de600e8d 0 51 {"key11755010221829": "value-1"}
2025-08-12 14:50:37,528 INFO  [io.api.tes.ser.api.KafkaSerdesTester] (Thread-694) topic-cfd67ea0_a704_405f_853c_7127de600e8d 0 52 {"key11755010221829": "value-2"}
2025-08-12 14:50:37,528 INFO  [io.api.tes.ser.api.KafkaSerdesTester] (Thread-694) topic-cfd67ea0_a704_405f_853c_7127de600e8d 0 53 {"key11755010221829": "value-3"}
2025-08-12 14:50:37,528 INFO  [io.api.tes.ser.api.KafkaSerdesTester] (Thread-694) topic-cfd67ea0_a704_405f_853c_7127de600e8d 0 54 {"key11755010221829": "value-4"}
2025-08-12 14:50:37,528 INFO  [io.api.tes.ser.api.KafkaSerdesTester] (Thread-694) topic-cfd67ea0_a704_405f_853c_7127de600e8d 0 55 {"key11755010221829": "value-5"}
2025-08-12 14:50:37,528 INFO  [io.api.tes.ser.api.KafkaSerdesTester] (Thread-694) topic-cfd67ea0_a704_405f_853c_7127de600e8d 0 56 {"key11755010221829": "value-6"}
2025-08-12 14:50:37,528 INFO  [io.api.tes.ser.api.KafkaSerdesTester] (Thread-694) topic-cfd67ea0_a704_405f_853c_7127de600e8d 0 57 {"key11755010221829": "value-7"}
2025-08-12 14:50:37,528 INFO  [io.api.tes.ser.api.KafkaSerdesTester] (Thread-694) topic-cfd67ea0_a704_405f_853c_7127de600e8d 0 58 {"key11755010221829": "value-8"}
2025-08-12 14:50:37,528 INFO  [io.api.tes.ser.api.KafkaSerdesTester] (Thread-694) topic-cfd67ea0_a704_405f_853c_7127de600e8d 0 59 {"key11755010221829": "value-9"}
2025-08-12 14:50:37,528 INFO  [io.api.tes.ser.api.KafkaSerdesTester] (Thread-694) Consumed 30 messages
2025-08-12 14:50:37,535 INFO  [org.apa.kaf.cli.con.int.ConsumerRebalanceListenerInvoker] (Thread-694) [Consumer clientId=consumer-Consumer-topic-cfd67ea0_a704_405f_853c_7127de600e8d-12, groupId=Consumer-topic-cfd67ea0_a704_405f_853c_7127de600e8d] Revoke previously assigned partitions topic-cfd67ea0_a704_405f_853c_7127de600e8d-0
2025-08-12 14:50:37,535 INFO  [org.apa.kaf.cli.con.int.ConsumerCoordinator] (Thread-694) [Consumer clientId=consumer-Consumer-topic-cfd67ea0_a704_405f_853c_7127de600e8d-12, groupId=Consumer-topic-cfd67ea0_a704_405f_853c_7127de600e8d] Member consumer-Consumer-topic-cfd67ea0_a704_405f_853c_7127de600e8d-12-99d2183a-06bc-44f2-a97f-83ec9d4c93ad sending LeaveGroup request to coordinator localhost:32769 (id: 2147483647 rack: null) due to the consumer is being closed
2025-08-12 14:50:37,535 INFO  [org.apa.kaf.cli.con.int.ConsumerCoordinator] (Thread-694) [Consumer clientId=consumer-Consumer-topic-cfd67ea0_a704_405f_853c_7127de600e8d-12, groupId=Consumer-topic-cfd67ea0_a704_405f_853c_7127de600e8d] Resetting generation and member id due to: consumer pro-actively leaving the group
2025-08-12 14:50:37,536 INFO  [org.apa.kaf.cli.con.int.ConsumerCoordinator] (Thread-694) [Consumer clientId=consumer-Consumer-topic-cfd67ea0_a704_405f_853c_7127de600e8d-12, groupId=Consumer-topic-cfd67ea0_a704_405f_853c_7127de600e8d] Request joining group due to: consumer pro-actively leaving the group
2025-08-12 14:50:38,029 INFO  [org.apa.kaf.com.met.Metrics] (Thread-694) Metrics scheduler closed
2025-08-12 14:50:38,029 INFO  [org.apa.kaf.com.met.Metrics] (Thread-694) Closing reporter org.apache.kafka.common.metrics.JmxReporter
2025-08-12 14:50:38,029 INFO  [org.apa.kaf.com.met.Metrics] (Thread-694) Closing reporter org.apache.kafka.common.telemetry.internals.ClientTelemetryReporter
2025-08-12 14:50:38,029 INFO  [org.apa.kaf.com.met.Metrics] (Thread-694) Metrics reporters closed
2025-08-12 14:50:38,031 INFO  [org.apa.kaf.com.uti.AppInfoParser] (Thread-694) App info kafka.consumer for consumer-Consumer-topic-cfd67ea0_a704_405f_853c_7127de600e8d-12 unregistered
2025-08-12 14:50:38,031 INFO  [org.apa.kaf.cli.pro.KafkaProducer] (main) [Producer clientId=Producer-topic-cfd67ea0_a704_405f_853c_7127de600e8d] Closing the Kafka producer with timeoutMillis = 9223372036854775807 ms.
2025-08-12 14:50:38,031 INFO  [org.apa.kaf.com.met.Metrics] (main) Metrics scheduler closed
2025-08-12 14:50:38,031 INFO  [org.apa.kaf.com.met.Metrics] (main) Closing reporter org.apache.kafka.common.metrics.JmxReporter
2025-08-12 14:50:38,031 INFO  [org.apa.kaf.com.met.Metrics] (main) Closing reporter org.apache.kafka.common.telemetry.internals.ClientTelemetryReporter
2025-08-12 14:50:38,031 INFO  [org.apa.kaf.com.met.Metrics] (main) Metrics reporters closed
2025-08-12 14:50:38,031 INFO  [org.apa.kaf.com.uti.AppInfoParser] (main) App info kafka.producer for Producer-topic-cfd67ea0_a704_405f_853c_7127de600e8d unregistered
2025-08-12 14:50:38,031 INFO  [io.api.tes.uti.TestSeparator] (main) io.apicurio.tests.serdes.apicurio.AvroSerdeIT.testEvolveAvroApicurio-FINISHED
2025-08-12 14:50:38,031 INFO  [io.api.tes.uti.TestSeparator] (main) ############################################################################
Test passed: testEvolveAvroApicurio
]]></system-out>
  </testcase>
  <testcase name="testTopicRecordIdStrategydFindLatest" classname="io.apicurio.tests.serdes.apicurio.AvroSerdeIT" time="5.242">
    <system-out><![CDATA[2025-08-12 14:50:38,033 INFO  [io.api.tes.uti.TestSeparator] (main) ############################################################################
2025-08-12 14:50:38,033 INFO  [io.api.tes.uti.TestSeparator] (main) io.apicurio.tests.serdes.apicurio.AvroSerdeIT.testTopicRecordIdStrategydFindLatest-STARTED
2025-08-12 14:50:38,036 INFO  [io.api.tes.ser.api.AvroSerdeIT] (main) Registering Avro Schema: {"type":"record","name":"s1e85dc51xb8c1x4599x92a7x486b16c2064c","namespace":"s0a8d665bx809bx4b99xb2eaxb8478c2f7fde","fields":[{"name":"key11755010238035","type":"string"}]}
**** Registry Base URL: http://registry-app-pg17.apps.ci419.apicurio-testing.org:80
2025-08-12 14:50:39,261 INFO  [org.apa.kaf.cli.pro.ProducerConfig] (main) ProducerConfig values: 
	acks = -1
	auto.include.jmx.reporter = true
	batch.size = 16384
	bootstrap.servers = [PLAINTEXT://localhost:32769]
	buffer.memory = 33554432
	client.dns.lookup = use_all_dns_ips
	client.id = Producer-topic-bd5681ee_7caf_48e9_a548_7cb17fcba764
	compression.gzip.level = -1
	compression.lz4.level = 9
	compression.type = none
	compression.zstd.level = 3
	connections.max.idle.ms = 10000
	delivery.timeout.ms = 120000
	enable.idempotence = true
	enable.metrics.push = true
	interceptor.classes = []
	key.serializer = class org.apache.kafka.common.serialization.StringSerializer
	linger.ms = 0
	max.block.ms = 60000
	max.in.flight.requests.per.connection = 5
	max.request.size = 1048576
	metadata.max.age.ms = 300000
	metadata.max.idle.ms = 300000
	metadata.recovery.strategy = none
	metric.reporters = []
	metrics.num.samples = 2
	metrics.recording.level = INFO
	metrics.sample.window.ms = 30000
	partitioner.adaptive.partitioning.enable = true
	partitioner.availability.timeout.ms = 0
	partitioner.class = null
	partitioner.ignore.keys = false
	receive.buffer.bytes = 32768
	reconnect.backoff.max.ms = 1000
	reconnect.backoff.ms = 50
	request.timeout.ms = 5000
	retries = 2147483647
	retry.backoff.max.ms = 1000
	retry.backoff.ms = 100
	sasl.client.callback.handler.class = null
	sasl.jaas.config = null
	sasl.kerberos.kinit.cmd = /usr/bin/kinit
	sasl.kerberos.min.time.before.relogin = 60000
	sasl.kerberos.service.name = null
	sasl.kerberos.ticket.renew.jitter = 0.05
	sasl.kerberos.ticket.renew.window.factor = 0.8
	sasl.login.callback.handler.class = null
	sasl.login.class = null
	sasl.login.connect.timeout.ms = null
	sasl.login.read.timeout.ms = null
	sasl.login.refresh.buffer.seconds = 300
	sasl.login.refresh.min.period.seconds = 60
	sasl.login.refresh.window.factor = 0.8
	sasl.login.refresh.window.jitter = 0.05
	sasl.login.retry.backoff.max.ms = 10000
	sasl.login.retry.backoff.ms = 100
	sasl.mechanism = GSSAPI
	sasl.oauthbearer.clock.skew.seconds = 30
	sasl.oauthbearer.expected.audience = null
	sasl.oauthbearer.expected.issuer = null
	sasl.oauthbearer.header.urlencode = false
	sasl.oauthbearer.jwks.endpoint.refresh.ms = 3600000
	sasl.oauthbearer.jwks.endpoint.retry.backoff.max.ms = 10000
	sasl.oauthbearer.jwks.endpoint.retry.backoff.ms = 100
	sasl.oauthbearer.jwks.endpoint.url = null
	sasl.oauthbearer.scope.claim.name = scope
	sasl.oauthbearer.sub.claim.name = sub
	sasl.oauthbearer.token.endpoint.url = null
	security.protocol = PLAINTEXT
	security.providers = null
	send.buffer.bytes = 131072
	socket.connection.setup.timeout.max.ms = 30000
	socket.connection.setup.timeout.ms = 10000
	ssl.cipher.suites = null
	ssl.enabled.protocols = [TLSv1.2, TLSv1.3]
	ssl.endpoint.identification.algorithm = https
	ssl.engine.factory.class = null
	ssl.key.password = null
	ssl.keymanager.algorithm = SunX509
	ssl.keystore.certificate.chain = null
	ssl.keystore.key = null
	ssl.keystore.location = null
	ssl.keystore.password = null
	ssl.keystore.type = JKS
	ssl.protocol = TLSv1.3
	ssl.provider = null
	ssl.secure.random.implementation = null
	ssl.trustmanager.algorithm = PKIX
	ssl.truststore.certificates = null
	ssl.truststore.location = null
	ssl.truststore.password = null
	ssl.truststore.type = JKS
	transaction.timeout.ms = 60000
	transactional.id = null
	value.serializer = class io.apicurio.registry.serde.avro.AvroKafkaSerializer

2025-08-12 14:50:39,261 INFO  [org.apa.kaf.com.tel.int.KafkaMetricsCollector] (main) initializing Kafka metrics collector
2025-08-12 14:50:39,264 INFO  [org.apa.kaf.cli.pro.KafkaProducer] (main) [Producer clientId=Producer-topic-bd5681ee_7caf_48e9_a548_7cb17fcba764] Instantiated an idempotent producer.
2025-08-12 14:50:39,266 INFO  [org.apa.kaf.cli.pro.ProducerConfig] (main) These configurations '[apicurio.registry.find-latest, apicurio.registry.url, apicurio.registry.artifact-resolver-strategy]' were supplied but are not used yet.
2025-08-12 14:50:39,266 INFO  [org.apa.kaf.com.uti.AppInfoParser] (main) Kafka version: 3.9.1
2025-08-12 14:50:39,266 INFO  [org.apa.kaf.com.uti.AppInfoParser] (main) Kafka commitId: f745dfdcee2b9851
2025-08-12 14:50:39,266 INFO  [org.apa.kaf.com.uti.AppInfoParser] (main) Kafka startTimeMs: 1755010239266
2025-08-12 14:50:39,266 INFO  [io.api.tes.ser.api.SimpleSerdesTesterBuilder$SimpleSerdesTester] (main) Using producer configuration: {apicurio.registry.find-latest=true, apicurio.registry.url=http://registry-app-pg17.apps.ci419.apicurio-testing.org:80/apis/registry/v3, apicurio.registry.artifact-resolver-strategy=io.apicurio.registry.serde.avro.strategy.TopicRecordIdStrategy, value.serializer=io.apicurio.registry.serde.avro.AvroKafkaSerializer, request.timeout.ms=5000, acks=all, bootstrap.servers=PLAINTEXT://localhost:32769, connections.max.idle.ms=10000, key.serializer=org.apache.kafka.common.serialization.StringSerializer, client.id=Producer-topic-bd5681ee_7caf_48e9_a548_7cb17fcba764}
2025-08-12 14:50:39,266 INFO  [io.api.tes.ser.api.SimpleSerdesTesterBuilder$SimpleSerdesTester] (main) Using consumer configuration: {}
2025-08-12 14:50:39,267 INFO  [io.api.tes.ser.api.KafkaSerdesTester] (Thread-697) Sending message {"key11755010238035": "value-0"} to topic topic-bd5681ee_7caf_48e9_a548_7cb17fcba764
2025-08-12 14:50:39,270 INFO  [org.apa.kaf.cli.Metadata] (kafka-producer-network-thread | Producer-topic-bd5681ee_7caf_48e9_a548_7cb17fcba764) [Producer clientId=Producer-topic-bd5681ee_7caf_48e9_a548_7cb17fcba764] Cluster ID: 4oDFBklZQKWClKkNkfg_eQ
2025-08-12 14:50:39,270 INFO  [org.apa.kaf.cli.pro.int.TransactionManager] (kafka-producer-network-thread | Producer-topic-bd5681ee_7caf_48e9_a548_7cb17fcba764) [Producer clientId=Producer-topic-bd5681ee_7caf_48e9_a548_7cb17fcba764] ProducerId set to 18 with epoch 0
2025-08-12 14:50:39,511 INFO  [io.api.tes.ser.api.KafkaSerdesTester] (Thread-697) Sending message {"key11755010238035": "value-1"} to topic topic-bd5681ee_7caf_48e9_a548_7cb17fcba764
2025-08-12 14:50:39,514 INFO  [io.api.tes.ser.api.KafkaSerdesTester] (Thread-697) Sending message {"key11755010238035": "value-2"} to topic topic-bd5681ee_7caf_48e9_a548_7cb17fcba764
2025-08-12 14:50:39,515 INFO  [io.api.tes.ser.api.KafkaSerdesTester] (Thread-697) Sending message {"key11755010238035": "value-3"} to topic topic-bd5681ee_7caf_48e9_a548_7cb17fcba764
2025-08-12 14:50:39,517 INFO  [io.api.tes.ser.api.KafkaSerdesTester] (Thread-697) Sending message {"key11755010238035": "value-4"} to topic topic-bd5681ee_7caf_48e9_a548_7cb17fcba764
2025-08-12 14:50:39,520 INFO  [io.api.tes.ser.api.KafkaSerdesTester] (Thread-697) Sending message {"key11755010238035": "value-5"} to topic topic-bd5681ee_7caf_48e9_a548_7cb17fcba764
2025-08-12 14:50:39,522 INFO  [io.api.tes.ser.api.KafkaSerdesTester] (Thread-697) Sending message {"key11755010238035": "value-6"} to topic topic-bd5681ee_7caf_48e9_a548_7cb17fcba764
2025-08-12 14:50:39,523 INFO  [io.api.tes.ser.api.KafkaSerdesTester] (Thread-697) Sending message {"key11755010238035": "value-7"} to topic topic-bd5681ee_7caf_48e9_a548_7cb17fcba764
2025-08-12 14:50:39,525 INFO  [io.api.tes.ser.api.KafkaSerdesTester] (Thread-697) Sending message {"key11755010238035": "value-8"} to topic topic-bd5681ee_7caf_48e9_a548_7cb17fcba764
2025-08-12 14:50:39,526 INFO  [io.api.tes.ser.api.KafkaSerdesTester] (Thread-697) Sending message {"key11755010238035": "value-9"} to topic topic-bd5681ee_7caf_48e9_a548_7cb17fcba764
2025-08-12 14:50:39,527 INFO  [io.api.tes.ser.api.KafkaSerdesTester] (Thread-697) Produced 10 messages
2025-08-12 14:50:39,528 INFO  [org.apa.kaf.cli.pro.KafkaProducer] (Thread-697) [Producer clientId=Producer-topic-bd5681ee_7caf_48e9_a548_7cb17fcba764] Closing the Kafka producer with timeoutMillis = 9223372036854775807 ms.
2025-08-12 14:50:39,529 INFO  [org.apa.kaf.com.met.Metrics] (Thread-697) Metrics scheduler closed
2025-08-12 14:50:39,529 INFO  [org.apa.kaf.com.met.Metrics] (Thread-697) Closing reporter org.apache.kafka.common.metrics.JmxReporter
2025-08-12 14:50:39,529 INFO  [org.apa.kaf.com.met.Metrics] (Thread-697) Closing reporter org.apache.kafka.common.telemetry.internals.ClientTelemetryReporter
2025-08-12 14:50:39,529 INFO  [org.apa.kaf.com.met.Metrics] (Thread-697) Metrics reporters closed
2025-08-12 14:50:39,530 INFO  [org.apa.kaf.com.uti.AppInfoParser] (Thread-697) App info kafka.producer for Producer-topic-bd5681ee_7caf_48e9_a548_7cb17fcba764 unregistered
**** Registry Base URL: http://registry-app-pg17.apps.ci419.apicurio-testing.org:80
2025-08-12 14:50:39,530 INFO  [org.apa.kaf.cli.con.ConsumerConfig] (main) ConsumerConfig values: 
	allow.auto.create.topics = true
	auto.commit.interval.ms = 500
	auto.include.jmx.reporter = true
	auto.offset.reset = earliest
	bootstrap.servers = [PLAINTEXT://localhost:32769]
	check.crcs = true
	client.dns.lookup = use_all_dns_ips
	client.id = consumer-Consumer-topic-bd5681ee_7caf_48e9_a548_7cb17fcba764-13
	client.rack = 
	connections.max.idle.ms = 10000
	default.api.timeout.ms = 60000
	enable.auto.commit = true
	enable.metrics.push = true
	exclude.internal.topics = true
	fetch.max.bytes = 52428800
	fetch.max.wait.ms = 500
	fetch.min.bytes = 1
	group.id = Consumer-topic-bd5681ee_7caf_48e9_a548_7cb17fcba764
	group.instance.id = null
	group.protocol = classic
	group.remote.assignor = null
	heartbeat.interval.ms = 3000
	interceptor.classes = []
	internal.leave.group.on.close = true
	internal.throw.on.fetch.stable.offset.unsupported = false
	isolation.level = read_uncommitted
	key.deserializer = class org.apache.kafka.common.serialization.StringDeserializer
	max.partition.fetch.bytes = 1048576
	max.poll.interval.ms = 300000
	max.poll.records = 500
	metadata.max.age.ms = 300000
	metadata.recovery.strategy = none
	metric.reporters = []
	metrics.num.samples = 2
	metrics.recording.level = INFO
	metrics.sample.window.ms = 30000
	partition.assignment.strategy = [class org.apache.kafka.clients.consumer.RangeAssignor, class org.apache.kafka.clients.consumer.CooperativeStickyAssignor]
	receive.buffer.bytes = 65536
	reconnect.backoff.max.ms = 1000
	reconnect.backoff.ms = 50
	request.timeout.ms = 5000
	retry.backoff.max.ms = 1000
	retry.backoff.ms = 100
	sasl.client.callback.handler.class = null
	sasl.jaas.config = null
	sasl.kerberos.kinit.cmd = /usr/bin/kinit
	sasl.kerberos.min.time.before.relogin = 60000
	sasl.kerberos.service.name = null
	sasl.kerberos.ticket.renew.jitter = 0.05
	sasl.kerberos.ticket.renew.window.factor = 0.8
	sasl.login.callback.handler.class = null
	sasl.login.class = null
	sasl.login.connect.timeout.ms = null
	sasl.login.read.timeout.ms = null
	sasl.login.refresh.buffer.seconds = 300
	sasl.login.refresh.min.period.seconds = 60
	sasl.login.refresh.window.factor = 0.8
	sasl.login.refresh.window.jitter = 0.05
	sasl.login.retry.backoff.max.ms = 10000
	sasl.login.retry.backoff.ms = 100
	sasl.mechanism = GSSAPI
	sasl.oauthbearer.clock.skew.seconds = 30
	sasl.oauthbearer.expected.audience = null
	sasl.oauthbearer.expected.issuer = null
	sasl.oauthbearer.header.urlencode = false
	sasl.oauthbearer.jwks.endpoint.refresh.ms = 3600000
	sasl.oauthbearer.jwks.endpoint.retry.backoff.max.ms = 10000
	sasl.oauthbearer.jwks.endpoint.retry.backoff.ms = 100
	sasl.oauthbearer.jwks.endpoint.url = null
	sasl.oauthbearer.scope.claim.name = scope
	sasl.oauthbearer.sub.claim.name = sub
	sasl.oauthbearer.token.endpoint.url = null
	security.protocol = PLAINTEXT
	security.providers = null
	send.buffer.bytes = 131072
	session.timeout.ms = 45000
	socket.connection.setup.timeout.max.ms = 30000
	socket.connection.setup.timeout.ms = 10000
	ssl.cipher.suites = null
	ssl.enabled.protocols = [TLSv1.2, TLSv1.3]
	ssl.endpoint.identification.algorithm = https
	ssl.engine.factory.class = null
	ssl.key.password = null
	ssl.keymanager.algorithm = SunX509
	ssl.keystore.certificate.chain = null
	ssl.keystore.key = null
	ssl.keystore.location = null
	ssl.keystore.password = null
	ssl.keystore.type = JKS
	ssl.protocol = TLSv1.3
	ssl.provider = null
	ssl.secure.random.implementation = null
	ssl.trustmanager.algorithm = PKIX
	ssl.truststore.certificates = null
	ssl.truststore.location = null
	ssl.truststore.password = null
	ssl.truststore.type = JKS
	value.deserializer = class io.apicurio.registry.serde.avro.AvroKafkaDeserializer

2025-08-12 14:50:39,531 INFO  [org.apa.kaf.com.tel.int.KafkaMetricsCollector] (main) initializing Kafka metrics collector
2025-08-12 14:50:39,536 INFO  [org.apa.kaf.cli.con.ConsumerConfig] (main) These configurations '[apicurio.registry.url]' were supplied but are not used yet.
2025-08-12 14:50:39,536 INFO  [org.apa.kaf.com.uti.AppInfoParser] (main) Kafka version: 3.9.1
2025-08-12 14:50:39,536 INFO  [org.apa.kaf.com.uti.AppInfoParser] (main) Kafka commitId: f745dfdcee2b9851
2025-08-12 14:50:39,536 INFO  [org.apa.kaf.com.uti.AppInfoParser] (main) Kafka startTimeMs: 1755010239536
2025-08-12 14:50:39,538 INFO  [org.apa.kaf.cli.con.int.ClassicKafkaConsumer] (Thread-700) [Consumer clientId=consumer-Consumer-topic-bd5681ee_7caf_48e9_a548_7cb17fcba764-13, groupId=Consumer-topic-bd5681ee_7caf_48e9_a548_7cb17fcba764] Subscribed to topic(s): topic-bd5681ee_7caf_48e9_a548_7cb17fcba764
2025-08-12 14:50:39,541 INFO  [org.apa.kaf.cli.Metadata] (Thread-700) [Consumer clientId=consumer-Consumer-topic-bd5681ee_7caf_48e9_a548_7cb17fcba764-13, groupId=Consumer-topic-bd5681ee_7caf_48e9_a548_7cb17fcba764] Cluster ID: 4oDFBklZQKWClKkNkfg_eQ
2025-08-12 14:50:39,542 INFO  [org.apa.kaf.cli.con.int.ConsumerCoordinator] (Thread-700) [Consumer clientId=consumer-Consumer-topic-bd5681ee_7caf_48e9_a548_7cb17fcba764-13, groupId=Consumer-topic-bd5681ee_7caf_48e9_a548_7cb17fcba764] Discovered group coordinator localhost:32769 (id: 2147483647 rack: null)
2025-08-12 14:50:39,543 INFO  [org.apa.kaf.cli.con.int.ConsumerCoordinator] (Thread-700) [Consumer clientId=consumer-Consumer-topic-bd5681ee_7caf_48e9_a548_7cb17fcba764-13, groupId=Consumer-topic-bd5681ee_7caf_48e9_a548_7cb17fcba764] (Re-)joining group
2025-08-12 14:50:39,545 INFO  [org.apa.kaf.cli.con.int.ConsumerCoordinator] (Thread-700) [Consumer clientId=consumer-Consumer-topic-bd5681ee_7caf_48e9_a548_7cb17fcba764-13, groupId=Consumer-topic-bd5681ee_7caf_48e9_a548_7cb17fcba764] Request joining group due to: need to re-join with the given member-id: consumer-Consumer-topic-bd5681ee_7caf_48e9_a548_7cb17fcba764-13-f9cb26d0-7f5b-4622-a2ad-60555237c6ca
2025-08-12 14:50:39,545 INFO  [org.apa.kaf.cli.con.int.ConsumerCoordinator] (Thread-700) [Consumer clientId=consumer-Consumer-topic-bd5681ee_7caf_48e9_a548_7cb17fcba764-13, groupId=Consumer-topic-bd5681ee_7caf_48e9_a548_7cb17fcba764] (Re-)joining group
2025-08-12 14:50:40,538 INFO  [io.api.tes.ser.api.KafkaSerdesTester] (Thread-700) None found
2025-08-12 14:50:41,538 INFO  [io.api.tes.ser.api.KafkaSerdesTester] (Thread-700) None found
2025-08-12 14:50:42,538 INFO  [io.api.tes.ser.api.KafkaSerdesTester] (Thread-700) None found
2025-08-12 14:50:42,547 INFO  [org.apa.kaf.cli.con.int.ConsumerCoordinator] (Thread-700) [Consumer clientId=consumer-Consumer-topic-bd5681ee_7caf_48e9_a548_7cb17fcba764-13, groupId=Consumer-topic-bd5681ee_7caf_48e9_a548_7cb17fcba764] Successfully joined group with generation Generation{generationId=1, memberId='consumer-Consumer-topic-bd5681ee_7caf_48e9_a548_7cb17fcba764-13-f9cb26d0-7f5b-4622-a2ad-60555237c6ca', protocol='range'}
2025-08-12 14:50:42,547 INFO  [org.apa.kaf.cli.con.int.ConsumerCoordinator] (Thread-700) [Consumer clientId=consumer-Consumer-topic-bd5681ee_7caf_48e9_a548_7cb17fcba764-13, groupId=Consumer-topic-bd5681ee_7caf_48e9_a548_7cb17fcba764] Finished assignment for group at generation 1: {consumer-Consumer-topic-bd5681ee_7caf_48e9_a548_7cb17fcba764-13-f9cb26d0-7f5b-4622-a2ad-60555237c6ca=Assignment(partitions=[topic-bd5681ee_7caf_48e9_a548_7cb17fcba764-0])}
2025-08-12 14:50:42,554 INFO  [org.apa.kaf.cli.con.int.ConsumerCoordinator] (Thread-700) [Consumer clientId=consumer-Consumer-topic-bd5681ee_7caf_48e9_a548_7cb17fcba764-13, groupId=Consumer-topic-bd5681ee_7caf_48e9_a548_7cb17fcba764] Successfully synced group in generation Generation{generationId=1, memberId='consumer-Consumer-topic-bd5681ee_7caf_48e9_a548_7cb17fcba764-13-f9cb26d0-7f5b-4622-a2ad-60555237c6ca', protocol='range'}
2025-08-12 14:50:42,554 INFO  [org.apa.kaf.cli.con.int.ConsumerCoordinator] (Thread-700) [Consumer clientId=consumer-Consumer-topic-bd5681ee_7caf_48e9_a548_7cb17fcba764-13, groupId=Consumer-topic-bd5681ee_7caf_48e9_a548_7cb17fcba764] Notifying assignor about the new Assignment(partitions=[topic-bd5681ee_7caf_48e9_a548_7cb17fcba764-0])
2025-08-12 14:50:42,554 INFO  [org.apa.kaf.cli.con.int.ConsumerRebalanceListenerInvoker] (Thread-700) [Consumer clientId=consumer-Consumer-topic-bd5681ee_7caf_48e9_a548_7cb17fcba764-13, groupId=Consumer-topic-bd5681ee_7caf_48e9_a548_7cb17fcba764] Adding newly assigned partitions: topic-bd5681ee_7caf_48e9_a548_7cb17fcba764-0
2025-08-12 14:50:42,555 INFO  [org.apa.kaf.cli.con.int.ConsumerCoordinator] (Thread-700) [Consumer clientId=consumer-Consumer-topic-bd5681ee_7caf_48e9_a548_7cb17fcba764-13, groupId=Consumer-topic-bd5681ee_7caf_48e9_a548_7cb17fcba764] Found no committed offset for partition topic-bd5681ee_7caf_48e9_a548_7cb17fcba764-0
2025-08-12 14:50:42,558 INFO  [org.apa.kaf.cli.con.int.SubscriptionState] (Thread-700) [Consumer clientId=consumer-Consumer-topic-bd5681ee_7caf_48e9_a548_7cb17fcba764-13, groupId=Consumer-topic-bd5681ee_7caf_48e9_a548_7cb17fcba764] Resetting offset for partition topic-bd5681ee_7caf_48e9_a548_7cb17fcba764-0 to position FetchPosition{offset=0, offsetEpoch=Optional.empty, currentLeader=LeaderAndEpoch{leader=Optional[localhost:32769 (id: 0 rack: null)], epoch=0}}.
2025-08-12 14:50:42,767 INFO  [io.api.tes.ser.api.KafkaSerdesTester] (Thread-700) topic-bd5681ee_7caf_48e9_a548_7cb17fcba764 0 0 {"key11755010238035": "value-0"}
2025-08-12 14:50:42,767 INFO  [io.api.tes.ser.api.KafkaSerdesTester] (Thread-700) topic-bd5681ee_7caf_48e9_a548_7cb17fcba764 0 1 {"key11755010238035": "value-1"}
2025-08-12 14:50:42,767 INFO  [io.api.tes.ser.api.KafkaSerdesTester] (Thread-700) topic-bd5681ee_7caf_48e9_a548_7cb17fcba764 0 2 {"key11755010238035": "value-2"}
2025-08-12 14:50:42,767 INFO  [io.api.tes.ser.api.KafkaSerdesTester] (Thread-700) topic-bd5681ee_7caf_48e9_a548_7cb17fcba764 0 3 {"key11755010238035": "value-3"}
2025-08-12 14:50:42,767 INFO  [io.api.tes.ser.api.KafkaSerdesTester] (Thread-700) topic-bd5681ee_7caf_48e9_a548_7cb17fcba764 0 4 {"key11755010238035": "value-4"}
2025-08-12 14:50:42,767 INFO  [io.api.tes.ser.api.KafkaSerdesTester] (Thread-700) topic-bd5681ee_7caf_48e9_a548_7cb17fcba764 0 5 {"key11755010238035": "value-5"}
2025-08-12 14:50:42,767 INFO  [io.api.tes.ser.api.KafkaSerdesTester] (Thread-700) topic-bd5681ee_7caf_48e9_a548_7cb17fcba764 0 6 {"key11755010238035": "value-6"}
2025-08-12 14:50:42,767 INFO  [io.api.tes.ser.api.KafkaSerdesTester] (Thread-700) topic-bd5681ee_7caf_48e9_a548_7cb17fcba764 0 7 {"key11755010238035": "value-7"}
2025-08-12 14:50:42,767 INFO  [io.api.tes.ser.api.KafkaSerdesTester] (Thread-700) topic-bd5681ee_7caf_48e9_a548_7cb17fcba764 0 8 {"key11755010238035": "value-8"}
2025-08-12 14:50:42,767 INFO  [io.api.tes.ser.api.KafkaSerdesTester] (Thread-700) topic-bd5681ee_7caf_48e9_a548_7cb17fcba764 0 9 {"key11755010238035": "value-9"}
2025-08-12 14:50:42,767 INFO  [io.api.tes.ser.api.KafkaSerdesTester] (Thread-700) Consumed 10 messages
2025-08-12 14:50:42,773 INFO  [org.apa.kaf.cli.con.int.ConsumerRebalanceListenerInvoker] (Thread-700) [Consumer clientId=consumer-Consumer-topic-bd5681ee_7caf_48e9_a548_7cb17fcba764-13, groupId=Consumer-topic-bd5681ee_7caf_48e9_a548_7cb17fcba764] Revoke previously assigned partitions topic-bd5681ee_7caf_48e9_a548_7cb17fcba764-0
2025-08-12 14:50:42,773 INFO  [org.apa.kaf.cli.con.int.ConsumerCoordinator] (Thread-700) [Consumer clientId=consumer-Consumer-topic-bd5681ee_7caf_48e9_a548_7cb17fcba764-13, groupId=Consumer-topic-bd5681ee_7caf_48e9_a548_7cb17fcba764] Member consumer-Consumer-topic-bd5681ee_7caf_48e9_a548_7cb17fcba764-13-f9cb26d0-7f5b-4622-a2ad-60555237c6ca sending LeaveGroup request to coordinator localhost:32769 (id: 2147483647 rack: null) due to the consumer is being closed
2025-08-12 14:50:42,773 INFO  [org.apa.kaf.cli.con.int.ConsumerCoordinator] (Thread-700) [Consumer clientId=consumer-Consumer-topic-bd5681ee_7caf_48e9_a548_7cb17fcba764-13, groupId=Consumer-topic-bd5681ee_7caf_48e9_a548_7cb17fcba764] Resetting generation and member id due to: consumer pro-actively leaving the group
2025-08-12 14:50:42,773 INFO  [org.apa.kaf.cli.con.int.ConsumerCoordinator] (Thread-700) [Consumer clientId=consumer-Consumer-topic-bd5681ee_7caf_48e9_a548_7cb17fcba764-13, groupId=Consumer-topic-bd5681ee_7caf_48e9_a548_7cb17fcba764] Request joining group due to: consumer pro-actively leaving the group
2025-08-12 14:50:43,269 INFO  [org.apa.kaf.com.met.Metrics] (Thread-700) Metrics scheduler closed
2025-08-12 14:50:43,269 INFO  [org.apa.kaf.com.met.Metrics] (Thread-700) Closing reporter org.apache.kafka.common.metrics.JmxReporter
2025-08-12 14:50:43,269 INFO  [org.apa.kaf.com.met.Metrics] (Thread-700) Closing reporter org.apache.kafka.common.telemetry.internals.ClientTelemetryReporter
2025-08-12 14:50:43,270 INFO  [org.apa.kaf.com.met.Metrics] (Thread-700) Metrics reporters closed
2025-08-12 14:50:43,271 INFO  [org.apa.kaf.com.uti.AppInfoParser] (Thread-700) App info kafka.consumer for consumer-Consumer-topic-bd5681ee_7caf_48e9_a548_7cb17fcba764-13 unregistered
2025-08-12 14:50:43,273 INFO  [io.api.tes.uti.TestSeparator] (main) io.apicurio.tests.serdes.apicurio.AvroSerdeIT.testTopicRecordIdStrategydFindLatest-FINISHED
2025-08-12 14:50:43,273 INFO  [io.api.tes.uti.TestSeparator] (main) ############################################################################
Test passed: testTopicRecordIdStrategydFindLatest
]]></system-out>
  </testcase>
  <testcase name="testAvroConfluentForMultipleTopics" classname="io.apicurio.tests.serdes.apicurio.AvroSerdeIT" time="12.837">
    <system-out><![CDATA[2025-08-12 14:50:43,274 INFO  [io.api.tes.uti.TestSeparator] (main) ############################################################################
2025-08-12 14:50:43,275 INFO  [io.api.tes.uti.TestSeparator] (main) io.apicurio.tests.serdes.apicurio.AvroSerdeIT.testAvroConfluentForMultipleTopics-STARTED
2025-08-12 14:50:43,277 INFO  [io.api.tes.ser.api.AvroSerdeIT] (main) Registering Avro Schema: {"type":"record","name":"myrecordconfluent","fields":[{"name":"key11755010243275","type":"string"}]}
**** Registry Base URL: http://registry-app-pg17.apps.ci419.apicurio-testing.org:80
2025-08-12 14:50:44,434 INFO  [org.apa.kaf.cli.pro.ProducerConfig] (main) ProducerConfig values: 
	acks = -1
	auto.include.jmx.reporter = true
	batch.size = 16384
	bootstrap.servers = [PLAINTEXT://localhost:32769]
	buffer.memory = 33554432
	client.dns.lookup = use_all_dns_ips
	client.id = Producer-topic-41dca255_82ea_4936_9564_c1bd0577b99e
	compression.gzip.level = -1
	compression.lz4.level = 9
	compression.type = none
	compression.zstd.level = 3
	connections.max.idle.ms = 10000
	delivery.timeout.ms = 120000
	enable.idempotence = true
	enable.metrics.push = true
	interceptor.classes = []
	key.serializer = class org.apache.kafka.common.serialization.StringSerializer
	linger.ms = 0
	max.block.ms = 60000
	max.in.flight.requests.per.connection = 5
	max.request.size = 1048576
	metadata.max.age.ms = 300000
	metadata.max.idle.ms = 300000
	metadata.recovery.strategy = none
	metric.reporters = []
	metrics.num.samples = 2
	metrics.recording.level = INFO
	metrics.sample.window.ms = 30000
	partitioner.adaptive.partitioning.enable = true
	partitioner.availability.timeout.ms = 0
	partitioner.class = null
	partitioner.ignore.keys = false
	receive.buffer.bytes = 32768
	reconnect.backoff.max.ms = 1000
	reconnect.backoff.ms = 50
	request.timeout.ms = 5000
	retries = 2147483647
	retry.backoff.max.ms = 1000
	retry.backoff.ms = 100
	sasl.client.callback.handler.class = null
	sasl.jaas.config = null
	sasl.kerberos.kinit.cmd = /usr/bin/kinit
	sasl.kerberos.min.time.before.relogin = 60000
	sasl.kerberos.service.name = null
	sasl.kerberos.ticket.renew.jitter = 0.05
	sasl.kerberos.ticket.renew.window.factor = 0.8
	sasl.login.callback.handler.class = null
	sasl.login.class = null
	sasl.login.connect.timeout.ms = null
	sasl.login.read.timeout.ms = null
	sasl.login.refresh.buffer.seconds = 300
	sasl.login.refresh.min.period.seconds = 60
	sasl.login.refresh.window.factor = 0.8
	sasl.login.refresh.window.jitter = 0.05
	sasl.login.retry.backoff.max.ms = 10000
	sasl.login.retry.backoff.ms = 100
	sasl.mechanism = GSSAPI
	sasl.oauthbearer.clock.skew.seconds = 30
	sasl.oauthbearer.expected.audience = null
	sasl.oauthbearer.expected.issuer = null
	sasl.oauthbearer.header.urlencode = false
	sasl.oauthbearer.jwks.endpoint.refresh.ms = 3600000
	sasl.oauthbearer.jwks.endpoint.retry.backoff.max.ms = 10000
	sasl.oauthbearer.jwks.endpoint.retry.backoff.ms = 100
	sasl.oauthbearer.jwks.endpoint.url = null
	sasl.oauthbearer.scope.claim.name = scope
	sasl.oauthbearer.sub.claim.name = sub
	sasl.oauthbearer.token.endpoint.url = null
	security.protocol = PLAINTEXT
	security.providers = null
	send.buffer.bytes = 131072
	socket.connection.setup.timeout.max.ms = 30000
	socket.connection.setup.timeout.ms = 10000
	ssl.cipher.suites = null
	ssl.enabled.protocols = [TLSv1.2, TLSv1.3]
	ssl.endpoint.identification.algorithm = https
	ssl.engine.factory.class = null
	ssl.key.password = null
	ssl.keymanager.algorithm = SunX509
	ssl.keystore.certificate.chain = null
	ssl.keystore.key = null
	ssl.keystore.location = null
	ssl.keystore.password = null
	ssl.keystore.type = JKS
	ssl.protocol = TLSv1.3
	ssl.provider = null
	ssl.secure.random.implementation = null
	ssl.trustmanager.algorithm = PKIX
	ssl.truststore.certificates = null
	ssl.truststore.location = null
	ssl.truststore.password = null
	ssl.truststore.type = JKS
	transaction.timeout.ms = 60000
	transactional.id = null
	value.serializer = class io.apicurio.registry.serde.avro.AvroKafkaSerializer

2025-08-12 14:50:44,434 INFO  [org.apa.kaf.com.tel.int.KafkaMetricsCollector] (main) initializing Kafka metrics collector
2025-08-12 14:50:44,440 INFO  [org.apa.kaf.cli.pro.KafkaProducer] (main) [Producer clientId=Producer-topic-41dca255_82ea_4936_9564_c1bd0577b99e] Instantiated an idempotent producer.
2025-08-12 14:50:44,442 INFO  [org.apa.kaf.cli.pro.ProducerConfig] (main) These configurations '[apicurio.registry.url, apicurio.registry.artifact-resolver-strategy]' were supplied but are not used yet.
2025-08-12 14:50:44,442 INFO  [org.apa.kaf.com.uti.AppInfoParser] (main) Kafka version: 3.9.1
2025-08-12 14:50:44,442 INFO  [org.apa.kaf.com.uti.AppInfoParser] (main) Kafka commitId: f745dfdcee2b9851
2025-08-12 14:50:44,442 INFO  [org.apa.kaf.com.uti.AppInfoParser] (main) Kafka startTimeMs: 1755010244442
**** Registry Base URL: http://registry-app-pg17.apps.ci419.apicurio-testing.org:80
2025-08-12 14:50:44,443 INFO  [org.apa.kaf.cli.pro.ProducerConfig] (main) ProducerConfig values: 
	acks = -1
	auto.include.jmx.reporter = true
	batch.size = 16384
	bootstrap.servers = [PLAINTEXT://localhost:32769]
	buffer.memory = 33554432
	client.dns.lookup = use_all_dns_ips
	client.id = Producer-topic-8a9c4a5b_afaa_4773_b09f_371367b6258e
	compression.gzip.level = -1
	compression.lz4.level = 9
	compression.type = none
	compression.zstd.level = 3
	connections.max.idle.ms = 10000
	delivery.timeout.ms = 120000
	enable.idempotence = true
	enable.metrics.push = true
	interceptor.classes = []
	key.serializer = class org.apache.kafka.common.serialization.StringSerializer
	linger.ms = 0
	max.block.ms = 60000
	max.in.flight.requests.per.connection = 5
	max.request.size = 1048576
	metadata.max.age.ms = 300000
	metadata.max.idle.ms = 300000
	metadata.recovery.strategy = none
	metric.reporters = []
	metrics.num.samples = 2
	metrics.recording.level = INFO
	metrics.sample.window.ms = 30000
	partitioner.adaptive.partitioning.enable = true
	partitioner.availability.timeout.ms = 0
	partitioner.class = null
	partitioner.ignore.keys = false
	receive.buffer.bytes = 32768
	reconnect.backoff.max.ms = 1000
	reconnect.backoff.ms = 50
	request.timeout.ms = 5000
	retries = 2147483647
	retry.backoff.max.ms = 1000
	retry.backoff.ms = 100
	sasl.client.callback.handler.class = null
	sasl.jaas.config = null
	sasl.kerberos.kinit.cmd = /usr/bin/kinit
	sasl.kerberos.min.time.before.relogin = 60000
	sasl.kerberos.service.name = null
	sasl.kerberos.ticket.renew.jitter = 0.05
	sasl.kerberos.ticket.renew.window.factor = 0.8
	sasl.login.callback.handler.class = null
	sasl.login.class = null
	sasl.login.connect.timeout.ms = null
	sasl.login.read.timeout.ms = null
	sasl.login.refresh.buffer.seconds = 300
	sasl.login.refresh.min.period.seconds = 60
	sasl.login.refresh.window.factor = 0.8
	sasl.login.refresh.window.jitter = 0.05
	sasl.login.retry.backoff.max.ms = 10000
	sasl.login.retry.backoff.ms = 100
	sasl.mechanism = GSSAPI
	sasl.oauthbearer.clock.skew.seconds = 30
	sasl.oauthbearer.expected.audience = null
	sasl.oauthbearer.expected.issuer = null
	sasl.oauthbearer.header.urlencode = false
	sasl.oauthbearer.jwks.endpoint.refresh.ms = 3600000
	sasl.oauthbearer.jwks.endpoint.retry.backoff.max.ms = 10000
	sasl.oauthbearer.jwks.endpoint.retry.backoff.ms = 100
	sasl.oauthbearer.jwks.endpoint.url = null
	sasl.oauthbearer.scope.claim.name = scope
	sasl.oauthbearer.sub.claim.name = sub
	sasl.oauthbearer.token.endpoint.url = null
	security.protocol = PLAINTEXT
	security.providers = null
	send.buffer.bytes = 131072
	socket.connection.setup.timeout.max.ms = 30000
	socket.connection.setup.timeout.ms = 10000
	ssl.cipher.suites = null
	ssl.enabled.protocols = [TLSv1.2, TLSv1.3]
	ssl.endpoint.identification.algorithm = https
	ssl.engine.factory.class = null
	ssl.key.password = null
	ssl.keymanager.algorithm = SunX509
	ssl.keystore.certificate.chain = null
	ssl.keystore.key = null
	ssl.keystore.location = null
	ssl.keystore.password = null
	ssl.keystore.type = JKS
	ssl.protocol = TLSv1.3
	ssl.provider = null
	ssl.secure.random.implementation = null
	ssl.trustmanager.algorithm = PKIX
	ssl.truststore.certificates = null
	ssl.truststore.location = null
	ssl.truststore.password = null
	ssl.truststore.type = JKS
	transaction.timeout.ms = 60000
	transactional.id = null
	value.serializer = class io.apicurio.registry.serde.avro.AvroKafkaSerializer

2025-08-12 14:50:44,443 INFO  [org.apa.kaf.com.tel.int.KafkaMetricsCollector] (main) initializing Kafka metrics collector
2025-08-12 14:50:44,448 INFO  [org.apa.kaf.cli.pro.KafkaProducer] (main) [Producer clientId=Producer-topic-8a9c4a5b_afaa_4773_b09f_371367b6258e] Instantiated an idempotent producer.
2025-08-12 14:50:44,450 INFO  [org.apa.kaf.cli.Metadata] (kafka-producer-network-thread | Producer-topic-41dca255_82ea_4936_9564_c1bd0577b99e) [Producer clientId=Producer-topic-41dca255_82ea_4936_9564_c1bd0577b99e] Cluster ID: 4oDFBklZQKWClKkNkfg_eQ
2025-08-12 14:50:44,451 INFO  [org.apa.kaf.cli.pro.int.TransactionManager] (kafka-producer-network-thread | Producer-topic-41dca255_82ea_4936_9564_c1bd0577b99e) [Producer clientId=Producer-topic-41dca255_82ea_4936_9564_c1bd0577b99e] ProducerId set to 19 with epoch 0
2025-08-12 14:50:44,451 INFO  [org.apa.kaf.cli.pro.ProducerConfig] (main) These configurations '[apicurio.registry.url, apicurio.registry.artifact-resolver-strategy]' were supplied but are not used yet.
2025-08-12 14:50:44,451 INFO  [org.apa.kaf.com.uti.AppInfoParser] (main) Kafka version: 3.9.1
2025-08-12 14:50:44,452 INFO  [org.apa.kaf.com.uti.AppInfoParser] (main) Kafka commitId: f745dfdcee2b9851
2025-08-12 14:50:44,452 INFO  [org.apa.kaf.com.uti.AppInfoParser] (main) Kafka startTimeMs: 1755010244451
**** Registry Base URL: http://registry-app-pg17.apps.ci419.apicurio-testing.org:80
2025-08-12 14:50:44,453 INFO  [org.apa.kaf.cli.pro.ProducerConfig] (main) ProducerConfig values: 
	acks = -1
	auto.include.jmx.reporter = true
	batch.size = 16384
	bootstrap.servers = [PLAINTEXT://localhost:32769]
	buffer.memory = 33554432
	client.dns.lookup = use_all_dns_ips
	client.id = Producer-topic-821fd4d3_4959_4b34_a78c_e8cf7e9312d8
	compression.gzip.level = -1
	compression.lz4.level = 9
	compression.type = none
	compression.zstd.level = 3
	connections.max.idle.ms = 10000
	delivery.timeout.ms = 120000
	enable.idempotence = true
	enable.metrics.push = true
	interceptor.classes = []
	key.serializer = class org.apache.kafka.common.serialization.StringSerializer
	linger.ms = 0
	max.block.ms = 60000
	max.in.flight.requests.per.connection = 5
	max.request.size = 1048576
	metadata.max.age.ms = 300000
	metadata.max.idle.ms = 300000
	metadata.recovery.strategy = none
	metric.reporters = []
	metrics.num.samples = 2
	metrics.recording.level = INFO
	metrics.sample.window.ms = 30000
	partitioner.adaptive.partitioning.enable = true
	partitioner.availability.timeout.ms = 0
	partitioner.class = null
	partitioner.ignore.keys = false
	receive.buffer.bytes = 32768
	reconnect.backoff.max.ms = 1000
	reconnect.backoff.ms = 50
	request.timeout.ms = 5000
	retries = 2147483647
	retry.backoff.max.ms = 1000
	retry.backoff.ms = 100
	sasl.client.callback.handler.class = null
	sasl.jaas.config = null
	sasl.kerberos.kinit.cmd = /usr/bin/kinit
	sasl.kerberos.min.time.before.relogin = 60000
	sasl.kerberos.service.name = null
	sasl.kerberos.ticket.renew.jitter = 0.05
	sasl.kerberos.ticket.renew.window.factor = 0.8
	sasl.login.callback.handler.class = null
	sasl.login.class = null
	sasl.login.connect.timeout.ms = null
	sasl.login.read.timeout.ms = null
	sasl.login.refresh.buffer.seconds = 300
	sasl.login.refresh.min.period.seconds = 60
	sasl.login.refresh.window.factor = 0.8
	sasl.login.refresh.window.jitter = 0.05
	sasl.login.retry.backoff.max.ms = 10000
	sasl.login.retry.backoff.ms = 100
	sasl.mechanism = GSSAPI
	sasl.oauthbearer.clock.skew.seconds = 30
	sasl.oauthbearer.expected.audience = null
	sasl.oauthbearer.expected.issuer = null
	sasl.oauthbearer.header.urlencode = false
	sasl.oauthbearer.jwks.endpoint.refresh.ms = 3600000
	sasl.oauthbearer.jwks.endpoint.retry.backoff.max.ms = 10000
	sasl.oauthbearer.jwks.endpoint.retry.backoff.ms = 100
	sasl.oauthbearer.jwks.endpoint.url = null
	sasl.oauthbearer.scope.claim.name = scope
	sasl.oauthbearer.sub.claim.name = sub
	sasl.oauthbearer.token.endpoint.url = null
	security.protocol = PLAINTEXT
	security.providers = null
	send.buffer.bytes = 131072
	socket.connection.setup.timeout.max.ms = 30000
	socket.connection.setup.timeout.ms = 10000
	ssl.cipher.suites = null
	ssl.enabled.protocols = [TLSv1.2, TLSv1.3]
	ssl.endpoint.identification.algorithm = https
	ssl.engine.factory.class = null
	ssl.key.password = null
	ssl.keymanager.algorithm = SunX509
	ssl.keystore.certificate.chain = null
	ssl.keystore.key = null
	ssl.keystore.location = null
	ssl.keystore.password = null
	ssl.keystore.type = JKS
	ssl.protocol = TLSv1.3
	ssl.provider = null
	ssl.secure.random.implementation = null
	ssl.trustmanager.algorithm = PKIX
	ssl.truststore.certificates = null
	ssl.truststore.location = null
	ssl.truststore.password = null
	ssl.truststore.type = JKS
	transaction.timeout.ms = 60000
	transactional.id = null
	value.serializer = class io.apicurio.registry.serde.avro.AvroKafkaSerializer

2025-08-12 14:50:44,453 INFO  [org.apa.kaf.com.tel.int.KafkaMetricsCollector] (main) initializing Kafka metrics collector
2025-08-12 14:50:44,456 INFO  [org.apa.kaf.cli.Metadata] (kafka-producer-network-thread | Producer-topic-8a9c4a5b_afaa_4773_b09f_371367b6258e) [Producer clientId=Producer-topic-8a9c4a5b_afaa_4773_b09f_371367b6258e] Cluster ID: 4oDFBklZQKWClKkNkfg_eQ
2025-08-12 14:50:44,457 INFO  [org.apa.kaf.cli.pro.int.TransactionManager] (kafka-producer-network-thread | Producer-topic-8a9c4a5b_afaa_4773_b09f_371367b6258e) [Producer clientId=Producer-topic-8a9c4a5b_afaa_4773_b09f_371367b6258e] ProducerId set to 20 with epoch 0
2025-08-12 14:50:44,466 INFO  [org.apa.kaf.cli.pro.KafkaProducer] (main) [Producer clientId=Producer-topic-821fd4d3_4959_4b34_a78c_e8cf7e9312d8] Instantiated an idempotent producer.
2025-08-12 14:50:44,470 INFO  [org.apa.kaf.cli.pro.ProducerConfig] (main) These configurations '[apicurio.registry.url, apicurio.registry.artifact-resolver-strategy]' were supplied but are not used yet.
2025-08-12 14:50:44,470 INFO  [org.apa.kaf.com.uti.AppInfoParser] (main) Kafka version: 3.9.1
2025-08-12 14:50:44,470 INFO  [org.apa.kaf.com.uti.AppInfoParser] (main) Kafka commitId: f745dfdcee2b9851
2025-08-12 14:50:44,470 INFO  [org.apa.kaf.com.uti.AppInfoParser] (main) Kafka startTimeMs: 1755010244470
**** Registry Base URL: http://registry-app-pg17.apps.ci419.apicurio-testing.org:80
2025-08-12 14:50:44,470 INFO  [org.apa.kaf.cli.con.ConsumerConfig] (main) ConsumerConfig values: 
	allow.auto.create.topics = true
	auto.commit.interval.ms = 500
	auto.include.jmx.reporter = true
	auto.offset.reset = earliest
	bootstrap.servers = [PLAINTEXT://localhost:32769]
	check.crcs = true
	client.dns.lookup = use_all_dns_ips
	client.id = consumer-Consumer-topic-41dca255_82ea_4936_9564_c1bd0577b99e-14
	client.rack = 
	connections.max.idle.ms = 10000
	default.api.timeout.ms = 60000
	enable.auto.commit = true
	enable.metrics.push = true
	exclude.internal.topics = true
	fetch.max.bytes = 52428800
	fetch.max.wait.ms = 500
	fetch.min.bytes = 1
	group.id = Consumer-topic-41dca255_82ea_4936_9564_c1bd0577b99e
	group.instance.id = null
	group.protocol = classic
	group.remote.assignor = null
	heartbeat.interval.ms = 3000
	interceptor.classes = []
	internal.leave.group.on.close = true
	internal.throw.on.fetch.stable.offset.unsupported = false
	isolation.level = read_uncommitted
	key.deserializer = class org.apache.kafka.common.serialization.StringDeserializer
	max.partition.fetch.bytes = 1048576
	max.poll.interval.ms = 300000
	max.poll.records = 500
	metadata.max.age.ms = 300000
	metadata.recovery.strategy = none
	metric.reporters = []
	metrics.num.samples = 2
	metrics.recording.level = INFO
	metrics.sample.window.ms = 30000
	partition.assignment.strategy = [class org.apache.kafka.clients.consumer.RangeAssignor, class org.apache.kafka.clients.consumer.CooperativeStickyAssignor]
	receive.buffer.bytes = 65536
	reconnect.backoff.max.ms = 1000
	reconnect.backoff.ms = 50
	request.timeout.ms = 5000
	retry.backoff.max.ms = 1000
	retry.backoff.ms = 100
	sasl.client.callback.handler.class = null
	sasl.jaas.config = null
	sasl.kerberos.kinit.cmd = /usr/bin/kinit
	sasl.kerberos.min.time.before.relogin = 60000
	sasl.kerberos.service.name = null
	sasl.kerberos.ticket.renew.jitter = 0.05
	sasl.kerberos.ticket.renew.window.factor = 0.8
	sasl.login.callback.handler.class = null
	sasl.login.class = null
	sasl.login.connect.timeout.ms = null
	sasl.login.read.timeout.ms = null
	sasl.login.refresh.buffer.seconds = 300
	sasl.login.refresh.min.period.seconds = 60
	sasl.login.refresh.window.factor = 0.8
	sasl.login.refresh.window.jitter = 0.05
	sasl.login.retry.backoff.max.ms = 10000
	sasl.login.retry.backoff.ms = 100
	sasl.mechanism = GSSAPI
	sasl.oauthbearer.clock.skew.seconds = 30
	sasl.oauthbearer.expected.audience = null
	sasl.oauthbearer.expected.issuer = null
	sasl.oauthbearer.header.urlencode = false
	sasl.oauthbearer.jwks.endpoint.refresh.ms = 3600000
	sasl.oauthbearer.jwks.endpoint.retry.backoff.max.ms = 10000
	sasl.oauthbearer.jwks.endpoint.retry.backoff.ms = 100
	sasl.oauthbearer.jwks.endpoint.url = null
	sasl.oauthbearer.scope.claim.name = scope
	sasl.oauthbearer.sub.claim.name = sub
	sasl.oauthbearer.token.endpoint.url = null
	security.protocol = PLAINTEXT
	security.providers = null
	send.buffer.bytes = 131072
	session.timeout.ms = 45000
	socket.connection.setup.timeout.max.ms = 30000
	socket.connection.setup.timeout.ms = 10000
	ssl.cipher.suites = null
	ssl.enabled.protocols = [TLSv1.2, TLSv1.3]
	ssl.endpoint.identification.algorithm = https
	ssl.engine.factory.class = null
	ssl.key.password = null
	ssl.keymanager.algorithm = SunX509
	ssl.keystore.certificate.chain = null
	ssl.keystore.key = null
	ssl.keystore.location = null
	ssl.keystore.password = null
	ssl.keystore.type = JKS
	ssl.protocol = TLSv1.3
	ssl.provider = null
	ssl.secure.random.implementation = null
	ssl.trustmanager.algorithm = PKIX
	ssl.truststore.certificates = null
	ssl.truststore.location = null
	ssl.truststore.password = null
	ssl.truststore.type = JKS
	value.deserializer = class io.apicurio.registry.serde.avro.AvroKafkaDeserializer

2025-08-12 14:50:44,471 INFO  [org.apa.kaf.com.tel.int.KafkaMetricsCollector] (main) initializing Kafka metrics collector
2025-08-12 14:50:44,474 INFO  [org.apa.kaf.cli.Metadata] (kafka-producer-network-thread | Producer-topic-821fd4d3_4959_4b34_a78c_e8cf7e9312d8) [Producer clientId=Producer-topic-821fd4d3_4959_4b34_a78c_e8cf7e9312d8] Cluster ID: 4oDFBklZQKWClKkNkfg_eQ
2025-08-12 14:50:44,474 INFO  [org.apa.kaf.cli.pro.int.TransactionManager] (kafka-producer-network-thread | Producer-topic-821fd4d3_4959_4b34_a78c_e8cf7e9312d8) [Producer clientId=Producer-topic-821fd4d3_4959_4b34_a78c_e8cf7e9312d8] ProducerId set to 21 with epoch 0
2025-08-12 14:50:44,477 INFO  [org.apa.kaf.cli.con.ConsumerConfig] (main) These configurations '[apicurio.registry.url]' were supplied but are not used yet.
2025-08-12 14:50:44,477 INFO  [org.apa.kaf.com.uti.AppInfoParser] (main) Kafka version: 3.9.1
2025-08-12 14:50:44,477 INFO  [org.apa.kaf.com.uti.AppInfoParser] (main) Kafka commitId: f745dfdcee2b9851
2025-08-12 14:50:44,477 INFO  [org.apa.kaf.com.uti.AppInfoParser] (main) Kafka startTimeMs: 1755010244477
**** Registry Base URL: http://registry-app-pg17.apps.ci419.apicurio-testing.org:80
2025-08-12 14:50:44,478 INFO  [org.apa.kaf.cli.con.ConsumerConfig] (main) ConsumerConfig values: 
	allow.auto.create.topics = true
	auto.commit.interval.ms = 500
	auto.include.jmx.reporter = true
	auto.offset.reset = earliest
	bootstrap.servers = [PLAINTEXT://localhost:32769]
	check.crcs = true
	client.dns.lookup = use_all_dns_ips
	client.id = consumer-Consumer-topic-8a9c4a5b_afaa_4773_b09f_371367b6258e-15
	client.rack = 
	connections.max.idle.ms = 10000
	default.api.timeout.ms = 60000
	enable.auto.commit = true
	enable.metrics.push = true
	exclude.internal.topics = true
	fetch.max.bytes = 52428800
	fetch.max.wait.ms = 500
	fetch.min.bytes = 1
	group.id = Consumer-topic-8a9c4a5b_afaa_4773_b09f_371367b6258e
	group.instance.id = null
	group.protocol = classic
	group.remote.assignor = null
	heartbeat.interval.ms = 3000
	interceptor.classes = []
	internal.leave.group.on.close = true
	internal.throw.on.fetch.stable.offset.unsupported = false
	isolation.level = read_uncommitted
	key.deserializer = class org.apache.kafka.common.serialization.StringDeserializer
	max.partition.fetch.bytes = 1048576
	max.poll.interval.ms = 300000
	max.poll.records = 500
	metadata.max.age.ms = 300000
	metadata.recovery.strategy = none
	metric.reporters = []
	metrics.num.samples = 2
	metrics.recording.level = INFO
	metrics.sample.window.ms = 30000
	partition.assignment.strategy = [class org.apache.kafka.clients.consumer.RangeAssignor, class org.apache.kafka.clients.consumer.CooperativeStickyAssignor]
	receive.buffer.bytes = 65536
	reconnect.backoff.max.ms = 1000
	reconnect.backoff.ms = 50
	request.timeout.ms = 5000
	retry.backoff.max.ms = 1000
	retry.backoff.ms = 100
	sasl.client.callback.handler.class = null
	sasl.jaas.config = null
	sasl.kerberos.kinit.cmd = /usr/bin/kinit
	sasl.kerberos.min.time.before.relogin = 60000
	sasl.kerberos.service.name = null
	sasl.kerberos.ticket.renew.jitter = 0.05
	sasl.kerberos.ticket.renew.window.factor = 0.8
	sasl.login.callback.handler.class = null
	sasl.login.class = null
	sasl.login.connect.timeout.ms = null
	sasl.login.read.timeout.ms = null
	sasl.login.refresh.buffer.seconds = 300
	sasl.login.refresh.min.period.seconds = 60
	sasl.login.refresh.window.factor = 0.8
	sasl.login.refresh.window.jitter = 0.05
	sasl.login.retry.backoff.max.ms = 10000
	sasl.login.retry.backoff.ms = 100
	sasl.mechanism = GSSAPI
	sasl.oauthbearer.clock.skew.seconds = 30
	sasl.oauthbearer.expected.audience = null
	sasl.oauthbearer.expected.issuer = null
	sasl.oauthbearer.header.urlencode = false
	sasl.oauthbearer.jwks.endpoint.refresh.ms = 3600000
	sasl.oauthbearer.jwks.endpoint.retry.backoff.max.ms = 10000
	sasl.oauthbearer.jwks.endpoint.retry.backoff.ms = 100
	sasl.oauthbearer.jwks.endpoint.url = null
	sasl.oauthbearer.scope.claim.name = scope
	sasl.oauthbearer.sub.claim.name = sub
	sasl.oauthbearer.token.endpoint.url = null
	security.protocol = PLAINTEXT
	security.providers = null
	send.buffer.bytes = 131072
	session.timeout.ms = 45000
	socket.connection.setup.timeout.max.ms = 30000
	socket.connection.setup.timeout.ms = 10000
	ssl.cipher.suites = null
	ssl.enabled.protocols = [TLSv1.2, TLSv1.3]
	ssl.endpoint.identification.algorithm = https
	ssl.engine.factory.class = null
	ssl.key.password = null
	ssl.keymanager.algorithm = SunX509
	ssl.keystore.certificate.chain = null
	ssl.keystore.key = null
	ssl.keystore.location = null
	ssl.keystore.password = null
	ssl.keystore.type = JKS
	ssl.protocol = TLSv1.3
	ssl.provider = null
	ssl.secure.random.implementation = null
	ssl.trustmanager.algorithm = PKIX
	ssl.truststore.certificates = null
	ssl.truststore.location = null
	ssl.truststore.password = null
	ssl.truststore.type = JKS
	value.deserializer = class io.apicurio.registry.serde.avro.AvroKafkaDeserializer

2025-08-12 14:50:44,478 INFO  [org.apa.kaf.com.tel.int.KafkaMetricsCollector] (main) initializing Kafka metrics collector
2025-08-12 14:50:44,482 INFO  [org.apa.kaf.cli.con.ConsumerConfig] (main) These configurations '[apicurio.registry.url]' were supplied but are not used yet.
2025-08-12 14:50:44,482 INFO  [org.apa.kaf.com.uti.AppInfoParser] (main) Kafka version: 3.9.1
2025-08-12 14:50:44,483 INFO  [org.apa.kaf.com.uti.AppInfoParser] (main) Kafka commitId: f745dfdcee2b9851
2025-08-12 14:50:44,483 INFO  [org.apa.kaf.com.uti.AppInfoParser] (main) Kafka startTimeMs: 1755010244482
**** Registry Base URL: http://registry-app-pg17.apps.ci419.apicurio-testing.org:80
2025-08-12 14:50:44,483 INFO  [org.apa.kaf.cli.con.ConsumerConfig] (main) ConsumerConfig values: 
	allow.auto.create.topics = true
	auto.commit.interval.ms = 500
	auto.include.jmx.reporter = true
	auto.offset.reset = earliest
	bootstrap.servers = [PLAINTEXT://localhost:32769]
	check.crcs = true
	client.dns.lookup = use_all_dns_ips
	client.id = consumer-Consumer-topic-821fd4d3_4959_4b34_a78c_e8cf7e9312d8-16
	client.rack = 
	connections.max.idle.ms = 10000
	default.api.timeout.ms = 60000
	enable.auto.commit = true
	enable.metrics.push = true
	exclude.internal.topics = true
	fetch.max.bytes = 52428800
	fetch.max.wait.ms = 500
	fetch.min.bytes = 1
	group.id = Consumer-topic-821fd4d3_4959_4b34_a78c_e8cf7e9312d8
	group.instance.id = null
	group.protocol = classic
	group.remote.assignor = null
	heartbeat.interval.ms = 3000
	interceptor.classes = []
	internal.leave.group.on.close = true
	internal.throw.on.fetch.stable.offset.unsupported = false
	isolation.level = read_uncommitted
	key.deserializer = class org.apache.kafka.common.serialization.StringDeserializer
	max.partition.fetch.bytes = 1048576
	max.poll.interval.ms = 300000
	max.poll.records = 500
	metadata.max.age.ms = 300000
	metadata.recovery.strategy = none
	metric.reporters = []
	metrics.num.samples = 2
	metrics.recording.level = INFO
	metrics.sample.window.ms = 30000
	partition.assignment.strategy = [class org.apache.kafka.clients.consumer.RangeAssignor, class org.apache.kafka.clients.consumer.CooperativeStickyAssignor]
	receive.buffer.bytes = 65536
	reconnect.backoff.max.ms = 1000
	reconnect.backoff.ms = 50
	request.timeout.ms = 5000
	retry.backoff.max.ms = 1000
	retry.backoff.ms = 100
	sasl.client.callback.handler.class = null
	sasl.jaas.config = null
	sasl.kerberos.kinit.cmd = /usr/bin/kinit
	sasl.kerberos.min.time.before.relogin = 60000
	sasl.kerberos.service.name = null
	sasl.kerberos.ticket.renew.jitter = 0.05
	sasl.kerberos.ticket.renew.window.factor = 0.8
	sasl.login.callback.handler.class = null
	sasl.login.class = null
	sasl.login.connect.timeout.ms = null
	sasl.login.read.timeout.ms = null
	sasl.login.refresh.buffer.seconds = 300
	sasl.login.refresh.min.period.seconds = 60
	sasl.login.refresh.window.factor = 0.8
	sasl.login.refresh.window.jitter = 0.05
	sasl.login.retry.backoff.max.ms = 10000
	sasl.login.retry.backoff.ms = 100
	sasl.mechanism = GSSAPI
	sasl.oauthbearer.clock.skew.seconds = 30
	sasl.oauthbearer.expected.audience = null
	sasl.oauthbearer.expected.issuer = null
	sasl.oauthbearer.header.urlencode = false
	sasl.oauthbearer.jwks.endpoint.refresh.ms = 3600000
	sasl.oauthbearer.jwks.endpoint.retry.backoff.max.ms = 10000
	sasl.oauthbearer.jwks.endpoint.retry.backoff.ms = 100
	sasl.oauthbearer.jwks.endpoint.url = null
	sasl.oauthbearer.scope.claim.name = scope
	sasl.oauthbearer.sub.claim.name = sub
	sasl.oauthbearer.token.endpoint.url = null
	security.protocol = PLAINTEXT
	security.providers = null
	send.buffer.bytes = 131072
	session.timeout.ms = 45000
	socket.connection.setup.timeout.max.ms = 30000
	socket.connection.setup.timeout.ms = 10000
	ssl.cipher.suites = null
	ssl.enabled.protocols = [TLSv1.2, TLSv1.3]
	ssl.endpoint.identification.algorithm = https
	ssl.engine.factory.class = null
	ssl.key.password = null
	ssl.keymanager.algorithm = SunX509
	ssl.keystore.certificate.chain = null
	ssl.keystore.key = null
	ssl.keystore.location = null
	ssl.keystore.password = null
	ssl.keystore.type = JKS
	ssl.protocol = TLSv1.3
	ssl.provider = null
	ssl.secure.random.implementation = null
	ssl.trustmanager.algorithm = PKIX
	ssl.truststore.certificates = null
	ssl.truststore.location = null
	ssl.truststore.password = null
	ssl.truststore.type = JKS
	value.deserializer = class io.apicurio.registry.serde.avro.AvroKafkaDeserializer

2025-08-12 14:50:44,483 INFO  [org.apa.kaf.com.tel.int.KafkaMetricsCollector] (main) initializing Kafka metrics collector
2025-08-12 14:50:44,490 INFO  [org.apa.kaf.cli.con.ConsumerConfig] (main) These configurations '[apicurio.registry.url]' were supplied but are not used yet.
2025-08-12 14:50:44,491 INFO  [org.apa.kaf.com.uti.AppInfoParser] (main) Kafka version: 3.9.1
2025-08-12 14:50:44,491 INFO  [org.apa.kaf.com.uti.AppInfoParser] (main) Kafka commitId: f745dfdcee2b9851
2025-08-12 14:50:44,491 INFO  [org.apa.kaf.com.uti.AppInfoParser] (main) Kafka startTimeMs: 1755010244491
2025-08-12 14:50:44,491 INFO  [io.api.tes.ser.api.KafkaSerdesTester] (Thread-713) Sending message {"key11755010243275": "value-0"} to topic topic-41dca255_82ea_4936_9564_c1bd0577b99e
2025-08-12 14:50:44,495 INFO  [DefaultSchemaResolver] (Thread-713) Retrieving schema content using string: {"type":"record","name":"myrecordconfluent","fields":[{"name":"key11755010243275","type":"string"}]}
2025-08-12 14:50:44,620 INFO  [io.api.tes.ser.api.KafkaSerdesTester] (Thread-713) Sending message {"key11755010243275": "value-1"} to topic topic-41dca255_82ea_4936_9564_c1bd0577b99e
2025-08-12 14:50:44,621 INFO  [io.api.tes.ser.api.KafkaSerdesTester] (Thread-713) Sending message {"key11755010243275": "value-2"} to topic topic-41dca255_82ea_4936_9564_c1bd0577b99e
2025-08-12 14:50:44,622 INFO  [io.api.tes.ser.api.KafkaSerdesTester] (Thread-713) Sending message {"key11755010243275": "value-3"} to topic topic-41dca255_82ea_4936_9564_c1bd0577b99e
2025-08-12 14:50:44,623 INFO  [io.api.tes.ser.api.KafkaSerdesTester] (Thread-713) Sending message {"key11755010243275": "value-4"} to topic topic-41dca255_82ea_4936_9564_c1bd0577b99e
2025-08-12 14:50:44,627 INFO  [io.api.tes.ser.api.KafkaSerdesTester] (Thread-713) Sending message {"key11755010243275": "value-5"} to topic topic-41dca255_82ea_4936_9564_c1bd0577b99e
2025-08-12 14:50:44,635 INFO  [io.api.tes.ser.api.KafkaSerdesTester] (Thread-713) Sending message {"key11755010243275": "value-6"} to topic topic-41dca255_82ea_4936_9564_c1bd0577b99e
2025-08-12 14:50:44,636 INFO  [io.api.tes.ser.api.KafkaSerdesTester] (Thread-713) Sending message {"key11755010243275": "value-7"} to topic topic-41dca255_82ea_4936_9564_c1bd0577b99e
2025-08-12 14:50:44,638 INFO  [io.api.tes.ser.api.KafkaSerdesTester] (Thread-713) Sending message {"key11755010243275": "value-8"} to topic topic-41dca255_82ea_4936_9564_c1bd0577b99e
2025-08-12 14:50:44,639 INFO  [io.api.tes.ser.api.KafkaSerdesTester] (Thread-713) Sending message {"key11755010243275": "value-9"} to topic topic-41dca255_82ea_4936_9564_c1bd0577b99e
2025-08-12 14:50:44,640 INFO  [io.api.tes.ser.api.KafkaSerdesTester] (Thread-713) Produced 10 messages
2025-08-12 14:50:44,640 INFO  [org.apa.kaf.cli.pro.KafkaProducer] (Thread-713) [Producer clientId=Producer-topic-41dca255_82ea_4936_9564_c1bd0577b99e] Closing the Kafka producer with timeoutMillis = 9223372036854775807 ms.
2025-08-12 14:50:44,644 INFO  [org.apa.kaf.com.met.Metrics] (Thread-713) Metrics scheduler closed
2025-08-12 14:50:44,644 INFO  [org.apa.kaf.com.met.Metrics] (Thread-713) Closing reporter org.apache.kafka.common.metrics.JmxReporter
2025-08-12 14:50:44,644 INFO  [org.apa.kaf.com.met.Metrics] (Thread-713) Closing reporter org.apache.kafka.common.telemetry.internals.ClientTelemetryReporter
2025-08-12 14:50:44,644 INFO  [org.apa.kaf.com.met.Metrics] (Thread-713) Metrics reporters closed
2025-08-12 14:50:44,644 INFO  [org.apa.kaf.com.uti.AppInfoParser] (Thread-713) App info kafka.producer for Producer-topic-41dca255_82ea_4936_9564_c1bd0577b99e unregistered
2025-08-12 14:50:44,649 INFO  [io.api.tes.ser.api.KafkaSerdesTester] (Thread-714) Sending message {"key11755010243275": "value-0"} to topic topic-8a9c4a5b_afaa_4773_b09f_371367b6258e
2025-08-12 14:50:44,651 INFO  [DefaultSchemaResolver] (Thread-714) Retrieving schema content using string: {"type":"record","name":"myrecordconfluent","fields":[{"name":"key11755010243275","type":"string"}]}
2025-08-12 14:50:44,771 INFO  [io.api.tes.ser.api.KafkaSerdesTester] (Thread-714) Sending message {"key11755010243275": "value-1"} to topic topic-8a9c4a5b_afaa_4773_b09f_371367b6258e
2025-08-12 14:50:44,773 INFO  [io.api.tes.ser.api.KafkaSerdesTester] (Thread-714) Sending message {"key11755010243275": "value-2"} to topic topic-8a9c4a5b_afaa_4773_b09f_371367b6258e
2025-08-12 14:50:44,773 INFO  [io.api.tes.ser.api.KafkaSerdesTester] (Thread-714) Sending message {"key11755010243275": "value-3"} to topic topic-8a9c4a5b_afaa_4773_b09f_371367b6258e
2025-08-12 14:50:44,774 INFO  [io.api.tes.ser.api.KafkaSerdesTester] (Thread-714) Sending message {"key11755010243275": "value-4"} to topic topic-8a9c4a5b_afaa_4773_b09f_371367b6258e
2025-08-12 14:50:44,776 INFO  [io.api.tes.ser.api.KafkaSerdesTester] (Thread-714) Sending message {"key11755010243275": "value-5"} to topic topic-8a9c4a5b_afaa_4773_b09f_371367b6258e
2025-08-12 14:50:44,778 INFO  [io.api.tes.ser.api.KafkaSerdesTester] (Thread-714) Sending message {"key11755010243275": "value-6"} to topic topic-8a9c4a5b_afaa_4773_b09f_371367b6258e
2025-08-12 14:50:44,780 INFO  [io.api.tes.ser.api.KafkaSerdesTester] (Thread-714) Sending message {"key11755010243275": "value-7"} to topic topic-8a9c4a5b_afaa_4773_b09f_371367b6258e
2025-08-12 14:50:44,781 INFO  [io.api.tes.ser.api.KafkaSerdesTester] (Thread-714) Sending message {"key11755010243275": "value-8"} to topic topic-8a9c4a5b_afaa_4773_b09f_371367b6258e
2025-08-12 14:50:44,782 INFO  [io.api.tes.ser.api.KafkaSerdesTester] (Thread-714) Sending message {"key11755010243275": "value-9"} to topic topic-8a9c4a5b_afaa_4773_b09f_371367b6258e
2025-08-12 14:50:44,783 INFO  [io.api.tes.ser.api.KafkaSerdesTester] (Thread-714) Produced 10 messages
2025-08-12 14:50:44,783 INFO  [org.apa.kaf.cli.pro.KafkaProducer] (Thread-714) [Producer clientId=Producer-topic-8a9c4a5b_afaa_4773_b09f_371367b6258e] Closing the Kafka producer with timeoutMillis = 9223372036854775807 ms.
2025-08-12 14:50:44,786 INFO  [org.apa.kaf.com.met.Metrics] (Thread-714) Metrics scheduler closed
2025-08-12 14:50:44,786 INFO  [org.apa.kaf.com.met.Metrics] (Thread-714) Closing reporter org.apache.kafka.common.metrics.JmxReporter
2025-08-12 14:50:44,786 INFO  [org.apa.kaf.com.met.Metrics] (Thread-714) Closing reporter org.apache.kafka.common.telemetry.internals.ClientTelemetryReporter
2025-08-12 14:50:44,786 INFO  [org.apa.kaf.com.met.Metrics] (Thread-714) Metrics reporters closed
2025-08-12 14:50:44,786 INFO  [org.apa.kaf.com.uti.AppInfoParser] (Thread-714) App info kafka.producer for Producer-topic-8a9c4a5b_afaa_4773_b09f_371367b6258e unregistered
2025-08-12 14:50:44,787 INFO  [io.api.tes.ser.api.KafkaSerdesTester] (Thread-715) Sending message {"key11755010243275": "value-0"} to topic topic-821fd4d3_4959_4b34_a78c_e8cf7e9312d8
2025-08-12 14:50:44,792 INFO  [DefaultSchemaResolver] (Thread-715) Retrieving schema content using string: {"type":"record","name":"myrecordconfluent","fields":[{"name":"key11755010243275","type":"string"}]}
2025-08-12 14:50:44,934 INFO  [io.api.tes.ser.api.KafkaSerdesTester] (Thread-715) Sending message {"key11755010243275": "value-1"} to topic topic-821fd4d3_4959_4b34_a78c_e8cf7e9312d8
2025-08-12 14:50:44,936 INFO  [io.api.tes.ser.api.KafkaSerdesTester] (Thread-715) Sending message {"key11755010243275": "value-2"} to topic topic-821fd4d3_4959_4b34_a78c_e8cf7e9312d8
2025-08-12 14:50:44,937 INFO  [io.api.tes.ser.api.KafkaSerdesTester] (Thread-715) Sending message {"key11755010243275": "value-3"} to topic topic-821fd4d3_4959_4b34_a78c_e8cf7e9312d8
2025-08-12 14:50:44,938 INFO  [io.api.tes.ser.api.KafkaSerdesTester] (Thread-715) Sending message {"key11755010243275": "value-4"} to topic topic-821fd4d3_4959_4b34_a78c_e8cf7e9312d8
2025-08-12 14:50:44,940 INFO  [io.api.tes.ser.api.KafkaSerdesTester] (Thread-715) Sending message {"key11755010243275": "value-5"} to topic topic-821fd4d3_4959_4b34_a78c_e8cf7e9312d8
2025-08-12 14:50:44,941 INFO  [io.api.tes.ser.api.KafkaSerdesTester] (Thread-715) Sending message {"key11755010243275": "value-6"} to topic topic-821fd4d3_4959_4b34_a78c_e8cf7e9312d8
2025-08-12 14:50:44,942 INFO  [io.api.tes.ser.api.KafkaSerdesTester] (Thread-715) Sending message {"key11755010243275": "value-7"} to topic topic-821fd4d3_4959_4b34_a78c_e8cf7e9312d8
2025-08-12 14:50:44,943 INFO  [io.api.tes.ser.api.KafkaSerdesTester] (Thread-715) Sending message {"key11755010243275": "value-8"} to topic topic-821fd4d3_4959_4b34_a78c_e8cf7e9312d8
2025-08-12 14:50:44,945 INFO  [io.api.tes.ser.api.KafkaSerdesTester] (Thread-715) Sending message {"key11755010243275": "value-9"} to topic topic-821fd4d3_4959_4b34_a78c_e8cf7e9312d8
2025-08-12 14:50:44,946 INFO  [io.api.tes.ser.api.KafkaSerdesTester] (Thread-715) Produced 10 messages
2025-08-12 14:50:44,946 INFO  [org.apa.kaf.cli.pro.KafkaProducer] (Thread-715) [Producer clientId=Producer-topic-821fd4d3_4959_4b34_a78c_e8cf7e9312d8] Closing the Kafka producer with timeoutMillis = 9223372036854775807 ms.
2025-08-12 14:50:44,948 INFO  [org.apa.kaf.com.met.Metrics] (Thread-715) Metrics scheduler closed
2025-08-12 14:50:44,948 INFO  [org.apa.kaf.com.met.Metrics] (Thread-715) Closing reporter org.apache.kafka.common.metrics.JmxReporter
2025-08-12 14:50:44,948 INFO  [org.apa.kaf.com.met.Metrics] (Thread-715) Closing reporter org.apache.kafka.common.telemetry.internals.ClientTelemetryReporter
2025-08-12 14:50:44,949 INFO  [org.apa.kaf.com.met.Metrics] (Thread-715) Metrics reporters closed
2025-08-12 14:50:44,949 INFO  [org.apa.kaf.com.uti.AppInfoParser] (Thread-715) App info kafka.producer for Producer-topic-821fd4d3_4959_4b34_a78c_e8cf7e9312d8 unregistered
2025-08-12 14:50:44,951 INFO  [org.apa.kaf.cli.con.int.ClassicKafkaConsumer] (Thread-716) [Consumer clientId=consumer-Consumer-topic-41dca255_82ea_4936_9564_c1bd0577b99e-14, groupId=Consumer-topic-41dca255_82ea_4936_9564_c1bd0577b99e] Subscribed to topic(s): topic-41dca255_82ea_4936_9564_c1bd0577b99e
2025-08-12 14:50:44,956 INFO  [org.apa.kaf.cli.Metadata] (Thread-716) [Consumer clientId=consumer-Consumer-topic-41dca255_82ea_4936_9564_c1bd0577b99e-14, groupId=Consumer-topic-41dca255_82ea_4936_9564_c1bd0577b99e] Cluster ID: 4oDFBklZQKWClKkNkfg_eQ
2025-08-12 14:50:44,956 INFO  [org.apa.kaf.cli.con.int.ConsumerCoordinator] (Thread-716) [Consumer clientId=consumer-Consumer-topic-41dca255_82ea_4936_9564_c1bd0577b99e-14, groupId=Consumer-topic-41dca255_82ea_4936_9564_c1bd0577b99e] Discovered group coordinator localhost:32769 (id: 2147483647 rack: null)
2025-08-12 14:50:44,957 INFO  [org.apa.kaf.cli.con.int.ConsumerCoordinator] (Thread-716) [Consumer clientId=consumer-Consumer-topic-41dca255_82ea_4936_9564_c1bd0577b99e-14, groupId=Consumer-topic-41dca255_82ea_4936_9564_c1bd0577b99e] (Re-)joining group
2025-08-12 14:50:44,960 INFO  [org.apa.kaf.cli.con.int.ConsumerCoordinator] (Thread-716) [Consumer clientId=consumer-Consumer-topic-41dca255_82ea_4936_9564_c1bd0577b99e-14, groupId=Consumer-topic-41dca255_82ea_4936_9564_c1bd0577b99e] Request joining group due to: need to re-join with the given member-id: consumer-Consumer-topic-41dca255_82ea_4936_9564_c1bd0577b99e-14-463aaea0-dc60-4e2f-8ed5-a03276a562a4
2025-08-12 14:50:44,960 INFO  [org.apa.kaf.cli.con.int.ConsumerCoordinator] (Thread-716) [Consumer clientId=consumer-Consumer-topic-41dca255_82ea_4936_9564_c1bd0577b99e-14, groupId=Consumer-topic-41dca255_82ea_4936_9564_c1bd0577b99e] (Re-)joining group
2025-08-12 14:50:45,951 INFO  [io.api.tes.ser.api.KafkaSerdesTester] (Thread-716) None found
2025-08-12 14:50:46,952 INFO  [io.api.tes.ser.api.KafkaSerdesTester] (Thread-716) None found
2025-08-12 14:50:47,953 INFO  [io.api.tes.ser.api.KafkaSerdesTester] (Thread-716) None found
2025-08-12 14:50:47,962 INFO  [org.apa.kaf.cli.con.int.ConsumerCoordinator] (Thread-716) [Consumer clientId=consumer-Consumer-topic-41dca255_82ea_4936_9564_c1bd0577b99e-14, groupId=Consumer-topic-41dca255_82ea_4936_9564_c1bd0577b99e] Successfully joined group with generation Generation{generationId=1, memberId='consumer-Consumer-topic-41dca255_82ea_4936_9564_c1bd0577b99e-14-463aaea0-dc60-4e2f-8ed5-a03276a562a4', protocol='range'}
2025-08-12 14:50:47,963 INFO  [org.apa.kaf.cli.con.int.ConsumerCoordinator] (Thread-716) [Consumer clientId=consumer-Consumer-topic-41dca255_82ea_4936_9564_c1bd0577b99e-14, groupId=Consumer-topic-41dca255_82ea_4936_9564_c1bd0577b99e] Finished assignment for group at generation 1: {consumer-Consumer-topic-41dca255_82ea_4936_9564_c1bd0577b99e-14-463aaea0-dc60-4e2f-8ed5-a03276a562a4=Assignment(partitions=[topic-41dca255_82ea_4936_9564_c1bd0577b99e-0])}
2025-08-12 14:50:47,970 INFO  [org.apa.kaf.cli.con.int.ConsumerCoordinator] (Thread-716) [Consumer clientId=consumer-Consumer-topic-41dca255_82ea_4936_9564_c1bd0577b99e-14, groupId=Consumer-topic-41dca255_82ea_4936_9564_c1bd0577b99e] Successfully synced group in generation Generation{generationId=1, memberId='consumer-Consumer-topic-41dca255_82ea_4936_9564_c1bd0577b99e-14-463aaea0-dc60-4e2f-8ed5-a03276a562a4', protocol='range'}
2025-08-12 14:50:47,970 INFO  [org.apa.kaf.cli.con.int.ConsumerCoordinator] (Thread-716) [Consumer clientId=consumer-Consumer-topic-41dca255_82ea_4936_9564_c1bd0577b99e-14, groupId=Consumer-topic-41dca255_82ea_4936_9564_c1bd0577b99e] Notifying assignor about the new Assignment(partitions=[topic-41dca255_82ea_4936_9564_c1bd0577b99e-0])
2025-08-12 14:50:47,970 INFO  [org.apa.kaf.cli.con.int.ConsumerRebalanceListenerInvoker] (Thread-716) [Consumer clientId=consumer-Consumer-topic-41dca255_82ea_4936_9564_c1bd0577b99e-14, groupId=Consumer-topic-41dca255_82ea_4936_9564_c1bd0577b99e] Adding newly assigned partitions: topic-41dca255_82ea_4936_9564_c1bd0577b99e-0
2025-08-12 14:50:47,971 INFO  [org.apa.kaf.cli.con.int.ConsumerCoordinator] (Thread-716) [Consumer clientId=consumer-Consumer-topic-41dca255_82ea_4936_9564_c1bd0577b99e-14, groupId=Consumer-topic-41dca255_82ea_4936_9564_c1bd0577b99e] Found no committed offset for partition topic-41dca255_82ea_4936_9564_c1bd0577b99e-0
2025-08-12 14:50:47,980 INFO  [org.apa.kaf.cli.con.int.SubscriptionState] (Thread-716) [Consumer clientId=consumer-Consumer-topic-41dca255_82ea_4936_9564_c1bd0577b99e-14, groupId=Consumer-topic-41dca255_82ea_4936_9564_c1bd0577b99e] Resetting offset for partition topic-41dca255_82ea_4936_9564_c1bd0577b99e-0 to position FetchPosition{offset=0, offsetEpoch=Optional.empty, currentLeader=LeaderAndEpoch{leader=Optional[localhost:32769 (id: 0 rack: null)], epoch=0}}.
2025-08-12 14:50:48,157 INFO  [io.api.tes.ser.api.KafkaSerdesTester] (Thread-716) topic-41dca255_82ea_4936_9564_c1bd0577b99e 0 0 {"key11755010243275": "value-0"}
2025-08-12 14:50:48,158 INFO  [io.api.tes.ser.api.KafkaSerdesTester] (Thread-716) topic-41dca255_82ea_4936_9564_c1bd0577b99e 0 1 {"key11755010243275": "value-1"}
2025-08-12 14:50:48,158 INFO  [io.api.tes.ser.api.KafkaSerdesTester] (Thread-716) topic-41dca255_82ea_4936_9564_c1bd0577b99e 0 2 {"key11755010243275": "value-2"}
2025-08-12 14:50:48,158 INFO  [io.api.tes.ser.api.KafkaSerdesTester] (Thread-716) topic-41dca255_82ea_4936_9564_c1bd0577b99e 0 3 {"key11755010243275": "value-3"}
2025-08-12 14:50:48,158 INFO  [io.api.tes.ser.api.KafkaSerdesTester] (Thread-716) topic-41dca255_82ea_4936_9564_c1bd0577b99e 0 4 {"key11755010243275": "value-4"}
2025-08-12 14:50:48,158 INFO  [io.api.tes.ser.api.KafkaSerdesTester] (Thread-716) topic-41dca255_82ea_4936_9564_c1bd0577b99e 0 5 {"key11755010243275": "value-5"}
2025-08-12 14:50:48,158 INFO  [io.api.tes.ser.api.KafkaSerdesTester] (Thread-716) topic-41dca255_82ea_4936_9564_c1bd0577b99e 0 6 {"key11755010243275": "value-6"}
2025-08-12 14:50:48,158 INFO  [io.api.tes.ser.api.KafkaSerdesTester] (Thread-716) topic-41dca255_82ea_4936_9564_c1bd0577b99e 0 7 {"key11755010243275": "value-7"}
2025-08-12 14:50:48,158 INFO  [io.api.tes.ser.api.KafkaSerdesTester] (Thread-716) topic-41dca255_82ea_4936_9564_c1bd0577b99e 0 8 {"key11755010243275": "value-8"}
2025-08-12 14:50:48,158 INFO  [io.api.tes.ser.api.KafkaSerdesTester] (Thread-716) topic-41dca255_82ea_4936_9564_c1bd0577b99e 0 9 {"key11755010243275": "value-9"}
2025-08-12 14:50:48,158 INFO  [io.api.tes.ser.api.KafkaSerdesTester] (Thread-716) Consumed 10 messages
2025-08-12 14:50:48,166 INFO  [org.apa.kaf.cli.con.int.ConsumerRebalanceListenerInvoker] (Thread-716) [Consumer clientId=consumer-Consumer-topic-41dca255_82ea_4936_9564_c1bd0577b99e-14, groupId=Consumer-topic-41dca255_82ea_4936_9564_c1bd0577b99e] Revoke previously assigned partitions topic-41dca255_82ea_4936_9564_c1bd0577b99e-0
2025-08-12 14:50:48,166 INFO  [org.apa.kaf.cli.con.int.ConsumerCoordinator] (Thread-716) [Consumer clientId=consumer-Consumer-topic-41dca255_82ea_4936_9564_c1bd0577b99e-14, groupId=Consumer-topic-41dca255_82ea_4936_9564_c1bd0577b99e] Member consumer-Consumer-topic-41dca255_82ea_4936_9564_c1bd0577b99e-14-463aaea0-dc60-4e2f-8ed5-a03276a562a4 sending LeaveGroup request to coordinator localhost:32769 (id: 2147483647 rack: null) due to the consumer is being closed
2025-08-12 14:50:48,168 INFO  [org.apa.kaf.cli.con.int.ConsumerCoordinator] (Thread-716) [Consumer clientId=consumer-Consumer-topic-41dca255_82ea_4936_9564_c1bd0577b99e-14, groupId=Consumer-topic-41dca255_82ea_4936_9564_c1bd0577b99e] Resetting generation and member id due to: consumer pro-actively leaving the group
2025-08-12 14:50:48,168 INFO  [org.apa.kaf.cli.con.int.ConsumerCoordinator] (Thread-716) [Consumer clientId=consumer-Consumer-topic-41dca255_82ea_4936_9564_c1bd0577b99e-14, groupId=Consumer-topic-41dca255_82ea_4936_9564_c1bd0577b99e] Request joining group due to: consumer pro-actively leaving the group
2025-08-12 14:50:48,661 INFO  [org.apa.kaf.com.met.Metrics] (Thread-716) Metrics scheduler closed
2025-08-12 14:50:48,661 INFO  [org.apa.kaf.com.met.Metrics] (Thread-716) Closing reporter org.apache.kafka.common.metrics.JmxReporter
2025-08-12 14:50:48,661 INFO  [org.apa.kaf.com.met.Metrics] (Thread-716) Closing reporter org.apache.kafka.common.telemetry.internals.ClientTelemetryReporter
2025-08-12 14:50:48,661 INFO  [org.apa.kaf.com.met.Metrics] (Thread-716) Metrics reporters closed
2025-08-12 14:50:48,663 INFO  [org.apa.kaf.com.uti.AppInfoParser] (Thread-716) App info kafka.consumer for consumer-Consumer-topic-41dca255_82ea_4936_9564_c1bd0577b99e-14 unregistered
2025-08-12 14:50:48,663 INFO  [org.apa.kaf.cli.con.int.ClassicKafkaConsumer] (Thread-717) [Consumer clientId=consumer-Consumer-topic-8a9c4a5b_afaa_4773_b09f_371367b6258e-15, groupId=Consumer-topic-8a9c4a5b_afaa_4773_b09f_371367b6258e] Subscribed to topic(s): topic-8a9c4a5b_afaa_4773_b09f_371367b6258e
2025-08-12 14:50:48,667 INFO  [org.apa.kaf.cli.Metadata] (Thread-717) [Consumer clientId=consumer-Consumer-topic-8a9c4a5b_afaa_4773_b09f_371367b6258e-15, groupId=Consumer-topic-8a9c4a5b_afaa_4773_b09f_371367b6258e] Cluster ID: 4oDFBklZQKWClKkNkfg_eQ
2025-08-12 14:50:48,668 INFO  [org.apa.kaf.cli.con.int.ConsumerCoordinator] (Thread-717) [Consumer clientId=consumer-Consumer-topic-8a9c4a5b_afaa_4773_b09f_371367b6258e-15, groupId=Consumer-topic-8a9c4a5b_afaa_4773_b09f_371367b6258e] Discovered group coordinator localhost:32769 (id: 2147483647 rack: null)
2025-08-12 14:50:48,669 INFO  [org.apa.kaf.cli.con.int.ConsumerCoordinator] (Thread-717) [Consumer clientId=consumer-Consumer-topic-8a9c4a5b_afaa_4773_b09f_371367b6258e-15, groupId=Consumer-topic-8a9c4a5b_afaa_4773_b09f_371367b6258e] (Re-)joining group
2025-08-12 14:50:48,671 INFO  [org.apa.kaf.cli.con.int.ConsumerCoordinator] (Thread-717) [Consumer clientId=consumer-Consumer-topic-8a9c4a5b_afaa_4773_b09f_371367b6258e-15, groupId=Consumer-topic-8a9c4a5b_afaa_4773_b09f_371367b6258e] Request joining group due to: need to re-join with the given member-id: consumer-Consumer-topic-8a9c4a5b_afaa_4773_b09f_371367b6258e-15-46ddfe5a-fb91-45a5-879c-1997c4a77052
2025-08-12 14:50:48,671 INFO  [org.apa.kaf.cli.con.int.ConsumerCoordinator] (Thread-717) [Consumer clientId=consumer-Consumer-topic-8a9c4a5b_afaa_4773_b09f_371367b6258e-15, groupId=Consumer-topic-8a9c4a5b_afaa_4773_b09f_371367b6258e] (Re-)joining group
2025-08-12 14:50:49,664 INFO  [io.api.tes.ser.api.KafkaSerdesTester] (Thread-717) None found
2025-08-12 14:50:50,664 INFO  [io.api.tes.ser.api.KafkaSerdesTester] (Thread-717) None found
2025-08-12 14:50:51,664 INFO  [io.api.tes.ser.api.KafkaSerdesTester] (Thread-717) None found
2025-08-12 14:50:51,673 INFO  [org.apa.kaf.cli.con.int.ConsumerCoordinator] (Thread-717) [Consumer clientId=consumer-Consumer-topic-8a9c4a5b_afaa_4773_b09f_371367b6258e-15, groupId=Consumer-topic-8a9c4a5b_afaa_4773_b09f_371367b6258e] Successfully joined group with generation Generation{generationId=1, memberId='consumer-Consumer-topic-8a9c4a5b_afaa_4773_b09f_371367b6258e-15-46ddfe5a-fb91-45a5-879c-1997c4a77052', protocol='range'}
2025-08-12 14:50:51,674 INFO  [org.apa.kaf.cli.con.int.ConsumerCoordinator] (Thread-717) [Consumer clientId=consumer-Consumer-topic-8a9c4a5b_afaa_4773_b09f_371367b6258e-15, groupId=Consumer-topic-8a9c4a5b_afaa_4773_b09f_371367b6258e] Finished assignment for group at generation 1: {consumer-Consumer-topic-8a9c4a5b_afaa_4773_b09f_371367b6258e-15-46ddfe5a-fb91-45a5-879c-1997c4a77052=Assignment(partitions=[topic-8a9c4a5b_afaa_4773_b09f_371367b6258e-0])}
2025-08-12 14:50:51,681 INFO  [org.apa.kaf.cli.con.int.ConsumerCoordinator] (Thread-717) [Consumer clientId=consumer-Consumer-topic-8a9c4a5b_afaa_4773_b09f_371367b6258e-15, groupId=Consumer-topic-8a9c4a5b_afaa_4773_b09f_371367b6258e] Successfully synced group in generation Generation{generationId=1, memberId='consumer-Consumer-topic-8a9c4a5b_afaa_4773_b09f_371367b6258e-15-46ddfe5a-fb91-45a5-879c-1997c4a77052', protocol='range'}
2025-08-12 14:50:51,681 INFO  [org.apa.kaf.cli.con.int.ConsumerCoordinator] (Thread-717) [Consumer clientId=consumer-Consumer-topic-8a9c4a5b_afaa_4773_b09f_371367b6258e-15, groupId=Consumer-topic-8a9c4a5b_afaa_4773_b09f_371367b6258e] Notifying assignor about the new Assignment(partitions=[topic-8a9c4a5b_afaa_4773_b09f_371367b6258e-0])
2025-08-12 14:50:51,681 INFO  [org.apa.kaf.cli.con.int.ConsumerRebalanceListenerInvoker] (Thread-717) [Consumer clientId=consumer-Consumer-topic-8a9c4a5b_afaa_4773_b09f_371367b6258e-15, groupId=Consumer-topic-8a9c4a5b_afaa_4773_b09f_371367b6258e] Adding newly assigned partitions: topic-8a9c4a5b_afaa_4773_b09f_371367b6258e-0
2025-08-12 14:50:51,681 INFO  [org.apa.kaf.cli.con.int.ConsumerCoordinator] (Thread-717) [Consumer clientId=consumer-Consumer-topic-8a9c4a5b_afaa_4773_b09f_371367b6258e-15, groupId=Consumer-topic-8a9c4a5b_afaa_4773_b09f_371367b6258e] Found no committed offset for partition topic-8a9c4a5b_afaa_4773_b09f_371367b6258e-0
2025-08-12 14:50:51,684 INFO  [org.apa.kaf.cli.con.int.SubscriptionState] (Thread-717) [Consumer clientId=consumer-Consumer-topic-8a9c4a5b_afaa_4773_b09f_371367b6258e-15, groupId=Consumer-topic-8a9c4a5b_afaa_4773_b09f_371367b6258e] Resetting offset for partition topic-8a9c4a5b_afaa_4773_b09f_371367b6258e-0 to position FetchPosition{offset=0, offsetEpoch=Optional.empty, currentLeader=LeaderAndEpoch{leader=Optional[localhost:32769 (id: 0 rack: null)], epoch=0}}.
2025-08-12 14:50:51,859 INFO  [io.api.tes.ser.api.KafkaSerdesTester] (Thread-717) topic-8a9c4a5b_afaa_4773_b09f_371367b6258e 0 0 {"key11755010243275": "value-0"}
2025-08-12 14:50:51,859 INFO  [io.api.tes.ser.api.KafkaSerdesTester] (Thread-717) topic-8a9c4a5b_afaa_4773_b09f_371367b6258e 0 1 {"key11755010243275": "value-1"}
2025-08-12 14:50:51,859 INFO  [io.api.tes.ser.api.KafkaSerdesTester] (Thread-717) topic-8a9c4a5b_afaa_4773_b09f_371367b6258e 0 2 {"key11755010243275": "value-2"}
2025-08-12 14:50:51,859 INFO  [io.api.tes.ser.api.KafkaSerdesTester] (Thread-717) topic-8a9c4a5b_afaa_4773_b09f_371367b6258e 0 3 {"key11755010243275": "value-3"}
2025-08-12 14:50:51,859 INFO  [io.api.tes.ser.api.KafkaSerdesTester] (Thread-717) topic-8a9c4a5b_afaa_4773_b09f_371367b6258e 0 4 {"key11755010243275": "value-4"}
2025-08-12 14:50:51,859 INFO  [io.api.tes.ser.api.KafkaSerdesTester] (Thread-717) topic-8a9c4a5b_afaa_4773_b09f_371367b6258e 0 5 {"key11755010243275": "value-5"}
2025-08-12 14:50:51,859 INFO  [io.api.tes.ser.api.KafkaSerdesTester] (Thread-717) topic-8a9c4a5b_afaa_4773_b09f_371367b6258e 0 6 {"key11755010243275": "value-6"}
2025-08-12 14:50:51,859 INFO  [io.api.tes.ser.api.KafkaSerdesTester] (Thread-717) topic-8a9c4a5b_afaa_4773_b09f_371367b6258e 0 7 {"key11755010243275": "value-7"}
2025-08-12 14:50:51,859 INFO  [io.api.tes.ser.api.KafkaSerdesTester] (Thread-717) topic-8a9c4a5b_afaa_4773_b09f_371367b6258e 0 8 {"key11755010243275": "value-8"}
2025-08-12 14:50:51,859 INFO  [io.api.tes.ser.api.KafkaSerdesTester] (Thread-717) topic-8a9c4a5b_afaa_4773_b09f_371367b6258e 0 9 {"key11755010243275": "value-9"}
2025-08-12 14:50:51,859 INFO  [io.api.tes.ser.api.KafkaSerdesTester] (Thread-717) Consumed 10 messages
2025-08-12 14:50:51,866 INFO  [org.apa.kaf.cli.con.int.ConsumerRebalanceListenerInvoker] (Thread-717) [Consumer clientId=consumer-Consumer-topic-8a9c4a5b_afaa_4773_b09f_371367b6258e-15, groupId=Consumer-topic-8a9c4a5b_afaa_4773_b09f_371367b6258e] Revoke previously assigned partitions topic-8a9c4a5b_afaa_4773_b09f_371367b6258e-0
2025-08-12 14:50:51,866 INFO  [org.apa.kaf.cli.con.int.ConsumerCoordinator] (Thread-717) [Consumer clientId=consumer-Consumer-topic-8a9c4a5b_afaa_4773_b09f_371367b6258e-15, groupId=Consumer-topic-8a9c4a5b_afaa_4773_b09f_371367b6258e] Member consumer-Consumer-topic-8a9c4a5b_afaa_4773_b09f_371367b6258e-15-46ddfe5a-fb91-45a5-879c-1997c4a77052 sending LeaveGroup request to coordinator localhost:32769 (id: 2147483647 rack: null) due to the consumer is being closed
2025-08-12 14:50:51,867 INFO  [org.apa.kaf.cli.con.int.ConsumerCoordinator] (Thread-717) [Consumer clientId=consumer-Consumer-topic-8a9c4a5b_afaa_4773_b09f_371367b6258e-15, groupId=Consumer-topic-8a9c4a5b_afaa_4773_b09f_371367b6258e] Resetting generation and member id due to: consumer pro-actively leaving the group
2025-08-12 14:50:51,867 INFO  [org.apa.kaf.cli.con.int.ConsumerCoordinator] (Thread-717) [Consumer clientId=consumer-Consumer-topic-8a9c4a5b_afaa_4773_b09f_371367b6258e-15, groupId=Consumer-topic-8a9c4a5b_afaa_4773_b09f_371367b6258e] Request joining group due to: consumer pro-actively leaving the group
2025-08-12 14:50:52,361 INFO  [org.apa.kaf.com.met.Metrics] (Thread-717) Metrics scheduler closed
2025-08-12 14:50:52,361 INFO  [org.apa.kaf.com.met.Metrics] (Thread-717) Closing reporter org.apache.kafka.common.metrics.JmxReporter
2025-08-12 14:50:52,361 INFO  [org.apa.kaf.com.met.Metrics] (Thread-717) Closing reporter org.apache.kafka.common.telemetry.internals.ClientTelemetryReporter
2025-08-12 14:50:52,361 INFO  [org.apa.kaf.com.met.Metrics] (Thread-717) Metrics reporters closed
2025-08-12 14:50:52,363 INFO  [org.apa.kaf.com.uti.AppInfoParser] (Thread-717) App info kafka.consumer for consumer-Consumer-topic-8a9c4a5b_afaa_4773_b09f_371367b6258e-15 unregistered
2025-08-12 14:50:52,364 INFO  [org.apa.kaf.cli.con.int.ClassicKafkaConsumer] (Thread-718) [Consumer clientId=consumer-Consumer-topic-821fd4d3_4959_4b34_a78c_e8cf7e9312d8-16, groupId=Consumer-topic-821fd4d3_4959_4b34_a78c_e8cf7e9312d8] Subscribed to topic(s): topic-821fd4d3_4959_4b34_a78c_e8cf7e9312d8
2025-08-12 14:50:52,368 INFO  [org.apa.kaf.cli.Metadata] (Thread-718) [Consumer clientId=consumer-Consumer-topic-821fd4d3_4959_4b34_a78c_e8cf7e9312d8-16, groupId=Consumer-topic-821fd4d3_4959_4b34_a78c_e8cf7e9312d8] Cluster ID: 4oDFBklZQKWClKkNkfg_eQ
2025-08-12 14:50:52,369 INFO  [org.apa.kaf.cli.con.int.ConsumerCoordinator] (Thread-718) [Consumer clientId=consumer-Consumer-topic-821fd4d3_4959_4b34_a78c_e8cf7e9312d8-16, groupId=Consumer-topic-821fd4d3_4959_4b34_a78c_e8cf7e9312d8] Discovered group coordinator localhost:32769 (id: 2147483647 rack: null)
2025-08-12 14:50:52,371 INFO  [org.apa.kaf.cli.con.int.ConsumerCoordinator] (Thread-718) [Consumer clientId=consumer-Consumer-topic-821fd4d3_4959_4b34_a78c_e8cf7e9312d8-16, groupId=Consumer-topic-821fd4d3_4959_4b34_a78c_e8cf7e9312d8] (Re-)joining group
2025-08-12 14:50:52,373 INFO  [org.apa.kaf.cli.con.int.ConsumerCoordinator] (Thread-718) [Consumer clientId=consumer-Consumer-topic-821fd4d3_4959_4b34_a78c_e8cf7e9312d8-16, groupId=Consumer-topic-821fd4d3_4959_4b34_a78c_e8cf7e9312d8] Request joining group due to: need to re-join with the given member-id: consumer-Consumer-topic-821fd4d3_4959_4b34_a78c_e8cf7e9312d8-16-6fbc686b-6a0a-4a7c-b7a4-a9b8c3098b6c
2025-08-12 14:50:52,373 INFO  [org.apa.kaf.cli.con.int.ConsumerCoordinator] (Thread-718) [Consumer clientId=consumer-Consumer-topic-821fd4d3_4959_4b34_a78c_e8cf7e9312d8-16, groupId=Consumer-topic-821fd4d3_4959_4b34_a78c_e8cf7e9312d8] (Re-)joining group
2025-08-12 14:50:53,364 INFO  [io.api.tes.ser.api.KafkaSerdesTester] (Thread-718) None found
2025-08-12 14:50:54,364 INFO  [io.api.tes.ser.api.KafkaSerdesTester] (Thread-718) None found
2025-08-12 14:50:55,364 INFO  [io.api.tes.ser.api.KafkaSerdesTester] (Thread-718) None found
2025-08-12 14:50:55,375 INFO  [org.apa.kaf.cli.con.int.ConsumerCoordinator] (Thread-718) [Consumer clientId=consumer-Consumer-topic-821fd4d3_4959_4b34_a78c_e8cf7e9312d8-16, groupId=Consumer-topic-821fd4d3_4959_4b34_a78c_e8cf7e9312d8] Successfully joined group with generation Generation{generationId=1, memberId='consumer-Consumer-topic-821fd4d3_4959_4b34_a78c_e8cf7e9312d8-16-6fbc686b-6a0a-4a7c-b7a4-a9b8c3098b6c', protocol='range'}
2025-08-12 14:50:55,375 INFO  [org.apa.kaf.cli.con.int.ConsumerCoordinator] (Thread-718) [Consumer clientId=consumer-Consumer-topic-821fd4d3_4959_4b34_a78c_e8cf7e9312d8-16, groupId=Consumer-topic-821fd4d3_4959_4b34_a78c_e8cf7e9312d8] Finished assignment for group at generation 1: {consumer-Consumer-topic-821fd4d3_4959_4b34_a78c_e8cf7e9312d8-16-6fbc686b-6a0a-4a7c-b7a4-a9b8c3098b6c=Assignment(partitions=[topic-821fd4d3_4959_4b34_a78c_e8cf7e9312d8-0])}
2025-08-12 14:50:55,382 INFO  [org.apa.kaf.cli.con.int.ConsumerCoordinator] (Thread-718) [Consumer clientId=consumer-Consumer-topic-821fd4d3_4959_4b34_a78c_e8cf7e9312d8-16, groupId=Consumer-topic-821fd4d3_4959_4b34_a78c_e8cf7e9312d8] Successfully synced group in generation Generation{generationId=1, memberId='consumer-Consumer-topic-821fd4d3_4959_4b34_a78c_e8cf7e9312d8-16-6fbc686b-6a0a-4a7c-b7a4-a9b8c3098b6c', protocol='range'}
2025-08-12 14:50:55,382 INFO  [org.apa.kaf.cli.con.int.ConsumerCoordinator] (Thread-718) [Consumer clientId=consumer-Consumer-topic-821fd4d3_4959_4b34_a78c_e8cf7e9312d8-16, groupId=Consumer-topic-821fd4d3_4959_4b34_a78c_e8cf7e9312d8] Notifying assignor about the new Assignment(partitions=[topic-821fd4d3_4959_4b34_a78c_e8cf7e9312d8-0])
2025-08-12 14:50:55,382 INFO  [org.apa.kaf.cli.con.int.ConsumerRebalanceListenerInvoker] (Thread-718) [Consumer clientId=consumer-Consumer-topic-821fd4d3_4959_4b34_a78c_e8cf7e9312d8-16, groupId=Consumer-topic-821fd4d3_4959_4b34_a78c_e8cf7e9312d8] Adding newly assigned partitions: topic-821fd4d3_4959_4b34_a78c_e8cf7e9312d8-0
2025-08-12 14:50:55,383 INFO  [org.apa.kaf.cli.con.int.ConsumerCoordinator] (Thread-718) [Consumer clientId=consumer-Consumer-topic-821fd4d3_4959_4b34_a78c_e8cf7e9312d8-16, groupId=Consumer-topic-821fd4d3_4959_4b34_a78c_e8cf7e9312d8] Found no committed offset for partition topic-821fd4d3_4959_4b34_a78c_e8cf7e9312d8-0
2025-08-12 14:50:55,390 INFO  [org.apa.kaf.cli.con.int.SubscriptionState] (Thread-718) [Consumer clientId=consumer-Consumer-topic-821fd4d3_4959_4b34_a78c_e8cf7e9312d8-16, groupId=Consumer-topic-821fd4d3_4959_4b34_a78c_e8cf7e9312d8] Resetting offset for partition topic-821fd4d3_4959_4b34_a78c_e8cf7e9312d8-0 to position FetchPosition{offset=0, offsetEpoch=Optional.empty, currentLeader=LeaderAndEpoch{leader=Optional[localhost:32769 (id: 0 rack: null)], epoch=0}}.
2025-08-12 14:50:55,603 INFO  [io.api.tes.ser.api.KafkaSerdesTester] (Thread-718) topic-821fd4d3_4959_4b34_a78c_e8cf7e9312d8 0 0 {"key11755010243275": "value-0"}
2025-08-12 14:50:55,603 INFO  [io.api.tes.ser.api.KafkaSerdesTester] (Thread-718) topic-821fd4d3_4959_4b34_a78c_e8cf7e9312d8 0 1 {"key11755010243275": "value-1"}
2025-08-12 14:50:55,603 INFO  [io.api.tes.ser.api.KafkaSerdesTester] (Thread-718) topic-821fd4d3_4959_4b34_a78c_e8cf7e9312d8 0 2 {"key11755010243275": "value-2"}
2025-08-12 14:50:55,604 INFO  [io.api.tes.ser.api.KafkaSerdesTester] (Thread-718) topic-821fd4d3_4959_4b34_a78c_e8cf7e9312d8 0 3 {"key11755010243275": "value-3"}
2025-08-12 14:50:55,604 INFO  [io.api.tes.ser.api.KafkaSerdesTester] (Thread-718) topic-821fd4d3_4959_4b34_a78c_e8cf7e9312d8 0 4 {"key11755010243275": "value-4"}
2025-08-12 14:50:55,604 INFO  [io.api.tes.ser.api.KafkaSerdesTester] (Thread-718) topic-821fd4d3_4959_4b34_a78c_e8cf7e9312d8 0 5 {"key11755010243275": "value-5"}
2025-08-12 14:50:55,604 INFO  [io.api.tes.ser.api.KafkaSerdesTester] (Thread-718) topic-821fd4d3_4959_4b34_a78c_e8cf7e9312d8 0 6 {"key11755010243275": "value-6"}
2025-08-12 14:50:55,604 INFO  [io.api.tes.ser.api.KafkaSerdesTester] (Thread-718) topic-821fd4d3_4959_4b34_a78c_e8cf7e9312d8 0 7 {"key11755010243275": "value-7"}
2025-08-12 14:50:55,604 INFO  [io.api.tes.ser.api.KafkaSerdesTester] (Thread-718) topic-821fd4d3_4959_4b34_a78c_e8cf7e9312d8 0 8 {"key11755010243275": "value-8"}
2025-08-12 14:50:55,604 INFO  [io.api.tes.ser.api.KafkaSerdesTester] (Thread-718) topic-821fd4d3_4959_4b34_a78c_e8cf7e9312d8 0 9 {"key11755010243275": "value-9"}
2025-08-12 14:50:55,604 INFO  [io.api.tes.ser.api.KafkaSerdesTester] (Thread-718) Consumed 10 messages
2025-08-12 14:50:55,611 INFO  [org.apa.kaf.cli.con.int.ConsumerRebalanceListenerInvoker] (Thread-718) [Consumer clientId=consumer-Consumer-topic-821fd4d3_4959_4b34_a78c_e8cf7e9312d8-16, groupId=Consumer-topic-821fd4d3_4959_4b34_a78c_e8cf7e9312d8] Revoke previously assigned partitions topic-821fd4d3_4959_4b34_a78c_e8cf7e9312d8-0
2025-08-12 14:50:55,611 INFO  [org.apa.kaf.cli.con.int.ConsumerCoordinator] (Thread-718) [Consumer clientId=consumer-Consumer-topic-821fd4d3_4959_4b34_a78c_e8cf7e9312d8-16, groupId=Consumer-topic-821fd4d3_4959_4b34_a78c_e8cf7e9312d8] Member consumer-Consumer-topic-821fd4d3_4959_4b34_a78c_e8cf7e9312d8-16-6fbc686b-6a0a-4a7c-b7a4-a9b8c3098b6c sending LeaveGroup request to coordinator localhost:32769 (id: 2147483647 rack: null) due to the consumer is being closed
2025-08-12 14:50:55,611 INFO  [org.apa.kaf.cli.con.int.ConsumerCoordinator] (Thread-718) [Consumer clientId=consumer-Consumer-topic-821fd4d3_4959_4b34_a78c_e8cf7e9312d8-16, groupId=Consumer-topic-821fd4d3_4959_4b34_a78c_e8cf7e9312d8] Resetting generation and member id due to: consumer pro-actively leaving the group
2025-08-12 14:50:55,611 INFO  [org.apa.kaf.cli.con.int.ConsumerCoordinator] (Thread-718) [Consumer clientId=consumer-Consumer-topic-821fd4d3_4959_4b34_a78c_e8cf7e9312d8-16, groupId=Consumer-topic-821fd4d3_4959_4b34_a78c_e8cf7e9312d8] Request joining group due to: consumer pro-actively leaving the group
2025-08-12 14:50:56,107 INFO  [org.apa.kaf.com.met.Metrics] (Thread-718) Metrics scheduler closed
2025-08-12 14:50:56,107 INFO  [org.apa.kaf.com.met.Metrics] (Thread-718) Closing reporter org.apache.kafka.common.metrics.JmxReporter
2025-08-12 14:50:56,107 INFO  [org.apa.kaf.com.met.Metrics] (Thread-718) Closing reporter org.apache.kafka.common.telemetry.internals.ClientTelemetryReporter
2025-08-12 14:50:56,107 INFO  [org.apa.kaf.com.met.Metrics] (Thread-718) Metrics reporters closed
2025-08-12 14:50:56,109 INFO  [org.apa.kaf.com.uti.AppInfoParser] (Thread-718) App info kafka.consumer for consumer-Consumer-topic-821fd4d3_4959_4b34_a78c_e8cf7e9312d8-16 unregistered
2025-08-12 14:50:56,110 INFO  [io.api.tes.uti.TestSeparator] (main) io.apicurio.tests.serdes.apicurio.AvroSerdeIT.testAvroConfluentForMultipleTopics-FINISHED
2025-08-12 14:50:56,110 INFO  [io.api.tes.uti.TestSeparator] (main) ############################################################################
Test passed: testAvroConfluentForMultipleTopics
]]></system-out>
  </testcase>
  <testcase name="testFirstRequestFailsRateLimited" classname="io.apicurio.tests.serdes.apicurio.AvroSerdeIT" time="1.131">
    <system-out><![CDATA[2025-08-12 14:50:56,112 INFO  [io.api.tes.uti.TestSeparator] (main) ############################################################################
2025-08-12 14:50:56,112 INFO  [io.api.tes.uti.TestSeparator] (main) io.apicurio.tests.serdes.apicurio.AvroSerdeIT.testFirstRequestFailsRateLimited-STARTED
2025-08-12 14:50:56,761 WARN  [org.ecl.jet.ser.AbstractConnector] (main) Acceptors should be <= availableProcessors: NetworkTrafficServerConnector@7c644bd5{HTTP/1.1, (http/1.1, h2c)}{0.0.0.0:0} 
2025-08-12 14:50:56,871 INFO  [org.ecl.jet.ser.Server] (main) jetty-11.0.15; built: 2023-04-11T18:37:53.775Z; git: 5bc5e562c8d05c5862505aebe5cf83a61bdbcb96; jvm 17.0.16+8
2025-08-12 14:50:56,894 INFO  [org.ecl.jet.ser.han.ContextHandler] (main) Started o.e.j.s.ServletContextHandler@16a81f09{/__admin,null,AVAILABLE}
2025-08-12 14:50:56,902 INFO  [org.ecl.jet.ser.han.Con.ROOT] (main) RequestHandlerClass from context returned com.github.tomakehurst.wiremock.http.StubRequestHandler. Normalized mapped under returned 'null'
2025-08-12 14:50:56,903 INFO  [org.ecl.jet.ser.han.ContextHandler] (main) Started o.e.j.s.ServletContextHandler@68068736{/,null,AVAILABLE}
2025-08-12 14:50:56,914 INFO  [org.ecl.jet.ser.AbstractConnector] (main) Started NetworkTrafficServerConnector@7c644bd5{HTTP/1.1, (http/1.1, h2c)}{0.0.0.0:43929}
2025-08-12 14:50:56,916 INFO  [org.ecl.jet.ser.Server] (main) Started Server@6c238208{STARTING}[11.0.15,sto=1000] @117668ms
**** Registry Base URL: http://registry-app-pg17.apps.ci419.apicurio-testing.org:80
2025-08-12 14:50:56,926 INFO  [org.apa.kaf.cli.pro.ProducerConfig] (main) ProducerConfig values: 
	acks = -1
	auto.include.jmx.reporter = true
	batch.size = 16384
	bootstrap.servers = [PLAINTEXT://localhost:32769]
	buffer.memory = 33554432
	client.dns.lookup = use_all_dns_ips
	client.id = Producer-topic-96f02388_be9c_40cc_928e_1b297c934015
	compression.gzip.level = -1
	compression.lz4.level = 9
	compression.type = none
	compression.zstd.level = 3
	connections.max.idle.ms = 10000
	delivery.timeout.ms = 120000
	enable.idempotence = true
	enable.metrics.push = true
	interceptor.classes = []
	key.serializer = class org.apache.kafka.common.serialization.StringSerializer
	linger.ms = 0
	max.block.ms = 60000
	max.in.flight.requests.per.connection = 5
	max.request.size = 1048576
	metadata.max.age.ms = 300000
	metadata.max.idle.ms = 300000
	metadata.recovery.strategy = none
	metric.reporters = []
	metrics.num.samples = 2
	metrics.recording.level = INFO
	metrics.sample.window.ms = 30000
	partitioner.adaptive.partitioning.enable = true
	partitioner.availability.timeout.ms = 0
	partitioner.class = null
	partitioner.ignore.keys = false
	receive.buffer.bytes = 32768
	reconnect.backoff.max.ms = 1000
	reconnect.backoff.ms = 50
	request.timeout.ms = 5000
	retries = 2147483647
	retry.backoff.max.ms = 1000
	retry.backoff.ms = 100
	sasl.client.callback.handler.class = null
	sasl.jaas.config = null
	sasl.kerberos.kinit.cmd = /usr/bin/kinit
	sasl.kerberos.min.time.before.relogin = 60000
	sasl.kerberos.service.name = null
	sasl.kerberos.ticket.renew.jitter = 0.05
	sasl.kerberos.ticket.renew.window.factor = 0.8
	sasl.login.callback.handler.class = null
	sasl.login.class = null
	sasl.login.connect.timeout.ms = null
	sasl.login.read.timeout.ms = null
	sasl.login.refresh.buffer.seconds = 300
	sasl.login.refresh.min.period.seconds = 60
	sasl.login.refresh.window.factor = 0.8
	sasl.login.refresh.window.jitter = 0.05
	sasl.login.retry.backoff.max.ms = 10000
	sasl.login.retry.backoff.ms = 100
	sasl.mechanism = GSSAPI
	sasl.oauthbearer.clock.skew.seconds = 30
	sasl.oauthbearer.expected.audience = null
	sasl.oauthbearer.expected.issuer = null
	sasl.oauthbearer.header.urlencode = false
	sasl.oauthbearer.jwks.endpoint.refresh.ms = 3600000
	sasl.oauthbearer.jwks.endpoint.retry.backoff.max.ms = 10000
	sasl.oauthbearer.jwks.endpoint.retry.backoff.ms = 100
	sasl.oauthbearer.jwks.endpoint.url = null
	sasl.oauthbearer.scope.claim.name = scope
	sasl.oauthbearer.sub.claim.name = sub
	sasl.oauthbearer.token.endpoint.url = null
	security.protocol = PLAINTEXT
	security.providers = null
	send.buffer.bytes = 131072
	socket.connection.setup.timeout.max.ms = 30000
	socket.connection.setup.timeout.ms = 10000
	ssl.cipher.suites = null
	ssl.enabled.protocols = [TLSv1.2, TLSv1.3]
	ssl.endpoint.identification.algorithm = https
	ssl.engine.factory.class = null
	ssl.key.password = null
	ssl.keymanager.algorithm = SunX509
	ssl.keystore.certificate.chain = null
	ssl.keystore.key = null
	ssl.keystore.location = null
	ssl.keystore.password = null
	ssl.keystore.type = JKS
	ssl.protocol = TLSv1.3
	ssl.provider = null
	ssl.secure.random.implementation = null
	ssl.trustmanager.algorithm = PKIX
	ssl.truststore.certificates = null
	ssl.truststore.location = null
	ssl.truststore.password = null
	ssl.truststore.type = JKS
	transaction.timeout.ms = 60000
	transactional.id = null
	value.serializer = class io.apicurio.registry.serde.avro.AvroKafkaSerializer

2025-08-12 14:50:56,926 INFO  [org.apa.kaf.com.tel.int.KafkaMetricsCollector] (main) initializing Kafka metrics collector
2025-08-12 14:50:56,931 INFO  [org.apa.kaf.cli.pro.KafkaProducer] (main) [Producer clientId=Producer-topic-96f02388_be9c_40cc_928e_1b297c934015] Instantiated an idempotent producer.
2025-08-12 14:50:56,933 INFO  [org.apa.kaf.cli.pro.ProducerConfig] (main) These configurations '[apicurio.registry.url, apicurio.registry.artifact-resolver-strategy]' were supplied but are not used yet.
2025-08-12 14:50:56,934 INFO  [org.apa.kaf.com.uti.AppInfoParser] (main) Kafka version: 3.9.1
2025-08-12 14:50:56,934 INFO  [org.apa.kaf.com.uti.AppInfoParser] (main) Kafka commitId: f745dfdcee2b9851
2025-08-12 14:50:56,934 INFO  [org.apa.kaf.com.uti.AppInfoParser] (main) Kafka startTimeMs: 1755010256933
2025-08-12 14:50:56,938 INFO  [io.api.tes.ser.api.KafkaSerdesTester] (Thread-729) Sending message {"keyB": "value-0"} to topic topic-96f02388_be9c_40cc_928e_1b297c934015
2025-08-12 14:50:56,941 WARN  [org.apa.kaf.cli.NetworkClient] (kafka-producer-network-thread | Producer-topic-96f02388_be9c_40cc_928e_1b297c934015) [Producer clientId=Producer-topic-96f02388_be9c_40cc_928e_1b297c934015] The metadata response from the cluster reported a recoverable issue with correlation id 1 : {topic-96f02388_be9c_40cc_928e_1b297c934015=UNKNOWN_TOPIC_OR_PARTITION}
2025-08-12 14:50:56,941 INFO  [org.apa.kaf.cli.Metadata] (kafka-producer-network-thread | Producer-topic-96f02388_be9c_40cc_928e_1b297c934015) [Producer clientId=Producer-topic-96f02388_be9c_40cc_928e_1b297c934015] Cluster ID: 4oDFBklZQKWClKkNkfg_eQ
2025-08-12 14:50:56,943 INFO  [org.apa.kaf.cli.pro.int.TransactionManager] (kafka-producer-network-thread | Producer-topic-96f02388_be9c_40cc_928e_1b297c934015) [Producer clientId=Producer-topic-96f02388_be9c_40cc_928e_1b297c934015] ProducerId set to 22 with epoch 0
2025-08-12 14:50:57,046 INFO  [DefaultSchemaResolver] (Thread-729) Retrieving schema content using string: {"type":"record","name":"myrecord","namespace":"mygroup","fields":[{"name":"keyB","type":"string"}]}
2025-08-12 14:50:57,224 INFO  [org.apa.kaf.cli.pro.KafkaProducer] (Thread-729) [Producer clientId=Producer-topic-96f02388_be9c_40cc_928e_1b297c934015] Closing the Kafka producer with timeoutMillis = 9223372036854775807 ms.
2025-08-12 14:50:57,228 INFO  [org.apa.kaf.com.met.Metrics] (Thread-729) Metrics scheduler closed
2025-08-12 14:50:57,228 INFO  [org.apa.kaf.com.met.Metrics] (Thread-729) Closing reporter org.apache.kafka.common.metrics.JmxReporter
2025-08-12 14:50:57,228 INFO  [org.apa.kaf.com.met.Metrics] (Thread-729) Closing reporter org.apache.kafka.common.telemetry.internals.ClientTelemetryReporter
2025-08-12 14:50:57,228 INFO  [org.apa.kaf.com.met.Metrics] (Thread-729) Metrics reporters closed
2025-08-12 14:50:57,229 INFO  [org.apa.kaf.com.uti.AppInfoParser] (Thread-729) App info kafka.producer for Producer-topic-96f02388_be9c_40cc_928e_1b297c934015 unregistered
2025-08-12 14:50:57,234 INFO  [org.ecl.jet.ser.Server] (main) Stopped Server@6c238208{STOPPING}[11.0.15,sto=1000]
2025-08-12 14:50:57,234 INFO  [org.ecl.jet.ser.Server] (main) Shutdown Server@6c238208{STOPPING}[11.0.15,sto=1000]
2025-08-12 14:50:57,238 INFO  [org.ecl.jet.ser.AbstractConnector] (main) Stopped NetworkTrafficServerConnector@7c644bd5{HTTP/1.1, (http/1.1, h2c)}{0.0.0.0:0}
2025-08-12 14:50:57,239 INFO  [org.ecl.jet.ser.han.ContextHandler] (main) Stopped o.e.j.s.ServletContextHandler@68068736{/,null,STOPPED}
2025-08-12 14:50:57,240 INFO  [org.ecl.jet.ser.han.ContextHandler] (main) Stopped o.e.j.s.ServletContextHandler@16a81f09{/__admin,null,STOPPED}
2025-08-12 14:50:57,242 INFO  [io.api.tes.uti.TestSeparator] (main) io.apicurio.tests.serdes.apicurio.AvroSerdeIT.testFirstRequestFailsRateLimited-FINISHED
2025-08-12 14:50:57,242 INFO  [io.api.tes.uti.TestSeparator] (main) ############################################################################
Test passed: testFirstRequestFailsRateLimited
]]></system-out>
    <system-err><![CDATA[com.microsoft.kiota.ApiException: the server returned an unexpected status code and no error class is registered for this code 429
	at com.microsoft.kiota.ApiExceptionBuilder.withMessage(ApiExceptionBuilder.java:45)
	at io.kiota.http.vertx.VertXRequestAdapter.throwIfFailedResponse(VertXRequestAdapter.java:370)
	at io.kiota.http.vertx.VertXRequestAdapter.send(VertXRequestAdapter.java:170)
	at io.apicurio.registry.rest.client.search.versions.VersionsRequestBuilder.post(VersionsRequestBuilder.java:94)
	at io.apicurio.registry.resolver.client.RegistryClientFacadeImpl.searchVersionsByContent(RegistryClientFacadeImpl.java:106)
	at io.apicurio.registry.resolver.DefaultSchemaResolver.lambda$handleResolveSchemaByContent$3(DefaultSchemaResolver.java:258)
	at io.apicurio.registry.resolver.cache.ERCache.lambda$getValue$0(ERCache.java:174)
	at io.apicurio.registry.resolver.cache.ERCache.retry(ERCache.java:227)
	at io.apicurio.registry.resolver.cache.ERCache.getValue(ERCache.java:173)
	at io.apicurio.registry.resolver.cache.ERCache.getByContent(ERCache.java:147)
	at io.apicurio.registry.resolver.DefaultSchemaResolver.handleResolveSchemaByContent(DefaultSchemaResolver.java:253)
	at io.apicurio.registry.resolver.DefaultSchemaResolver.getSchemaFromRegistry(DefaultSchemaResolver.java:138)
	at io.apicurio.registry.resolver.DefaultSchemaResolver.lambda$resolveSchema$0(DefaultSchemaResolver.java:84)
	at java.base/java.util.Optional.orElseGet(Optional.java:364)
	at io.apicurio.registry.resolver.DefaultSchemaResolver.resolveSchema(DefaultSchemaResolver.java:84)
	at io.apicurio.registry.serde.AbstractSerializer.serializeData(AbstractSerializer.java:62)
	at io.apicurio.registry.serde.KafkaSerializer.serialize(KafkaSerializer.java:77)
	at org.apache.kafka.clients.producer.KafkaProducer.doSend(KafkaProducer.java:1046)
	at org.apache.kafka.clients.producer.KafkaProducer.send(KafkaProducer.java:993)
	at org.apache.kafka.clients.producer.KafkaProducer.send(KafkaProducer.java:875)
	at io.apicurio.tests.serdes.apicurio.KafkaSerdesTester.lambda$produceMessages$3(KafkaSerdesTester.java:138)
	at java.base/java.util.concurrent.CompletableFuture$AsyncSupply.run(CompletableFuture.java:1768)
	at java.base/java.lang.Thread.run(Thread.java:840)
]]></system-err>
  </testcase>
  <testcase name="testFirstEmptyFieldConfusedAsMagicByte" classname="io.apicurio.tests.serdes.apicurio.AvroSerdeIT" time="4.182">
    <system-out><![CDATA[2025-08-12 14:50:57,244 INFO  [io.api.tes.uti.TestSeparator] (main) ############################################################################
2025-08-12 14:50:57,244 INFO  [io.api.tes.uti.TestSeparator] (main) io.apicurio.tests.serdes.apicurio.AvroSerdeIT.testFirstEmptyFieldConfusedAsMagicByte-STARTED
**** Registry Base URL: http://registry-app-pg17.apps.ci419.apicurio-testing.org:80
2025-08-12 14:50:57,250 INFO  [org.apa.kaf.cli.pro.ProducerConfig] (main) ProducerConfig values: 
	acks = -1
	auto.include.jmx.reporter = true
	batch.size = 16384
	bootstrap.servers = [PLAINTEXT://localhost:32769]
	buffer.memory = 33554432
	client.dns.lookup = use_all_dns_ips
	client.id = Producer-topic-fb02305d_6ab8_4d97_aa70_39316809c60e
	compression.gzip.level = -1
	compression.lz4.level = 9
	compression.type = none
	compression.zstd.level = 3
	connections.max.idle.ms = 10000
	delivery.timeout.ms = 120000
	enable.idempotence = true
	enable.metrics.push = true
	interceptor.classes = []
	key.serializer = class org.apache.kafka.common.serialization.StringSerializer
	linger.ms = 0
	max.block.ms = 60000
	max.in.flight.requests.per.connection = 5
	max.request.size = 1048576
	metadata.max.age.ms = 300000
	metadata.max.idle.ms = 300000
	metadata.recovery.strategy = none
	metric.reporters = []
	metrics.num.samples = 2
	metrics.recording.level = INFO
	metrics.sample.window.ms = 30000
	partitioner.adaptive.partitioning.enable = true
	partitioner.availability.timeout.ms = 0
	partitioner.class = null
	partitioner.ignore.keys = false
	receive.buffer.bytes = 32768
	reconnect.backoff.max.ms = 1000
	reconnect.backoff.ms = 50
	request.timeout.ms = 5000
	retries = 2147483647
	retry.backoff.max.ms = 1000
	retry.backoff.ms = 100
	sasl.client.callback.handler.class = null
	sasl.jaas.config = null
	sasl.kerberos.kinit.cmd = /usr/bin/kinit
	sasl.kerberos.min.time.before.relogin = 60000
	sasl.kerberos.service.name = null
	sasl.kerberos.ticket.renew.jitter = 0.05
	sasl.kerberos.ticket.renew.window.factor = 0.8
	sasl.login.callback.handler.class = null
	sasl.login.class = null
	sasl.login.connect.timeout.ms = null
	sasl.login.read.timeout.ms = null
	sasl.login.refresh.buffer.seconds = 300
	sasl.login.refresh.min.period.seconds = 60
	sasl.login.refresh.window.factor = 0.8
	sasl.login.refresh.window.jitter = 0.05
	sasl.login.retry.backoff.max.ms = 10000
	sasl.login.retry.backoff.ms = 100
	sasl.mechanism = GSSAPI
	sasl.oauthbearer.clock.skew.seconds = 30
	sasl.oauthbearer.expected.audience = null
	sasl.oauthbearer.expected.issuer = null
	sasl.oauthbearer.header.urlencode = false
	sasl.oauthbearer.jwks.endpoint.refresh.ms = 3600000
	sasl.oauthbearer.jwks.endpoint.retry.backoff.max.ms = 10000
	sasl.oauthbearer.jwks.endpoint.retry.backoff.ms = 100
	sasl.oauthbearer.jwks.endpoint.url = null
	sasl.oauthbearer.scope.claim.name = scope
	sasl.oauthbearer.sub.claim.name = sub
	sasl.oauthbearer.token.endpoint.url = null
	security.protocol = PLAINTEXT
	security.providers = null
	send.buffer.bytes = 131072
	socket.connection.setup.timeout.max.ms = 30000
	socket.connection.setup.timeout.ms = 10000
	ssl.cipher.suites = null
	ssl.enabled.protocols = [TLSv1.2, TLSv1.3]
	ssl.endpoint.identification.algorithm = https
	ssl.engine.factory.class = null
	ssl.key.password = null
	ssl.keymanager.algorithm = SunX509
	ssl.keystore.certificate.chain = null
	ssl.keystore.key = null
	ssl.keystore.location = null
	ssl.keystore.password = null
	ssl.keystore.type = JKS
	ssl.protocol = TLSv1.3
	ssl.provider = null
	ssl.secure.random.implementation = null
	ssl.trustmanager.algorithm = PKIX
	ssl.truststore.certificates = null
	ssl.truststore.location = null
	ssl.truststore.password = null
	ssl.truststore.type = JKS
	transaction.timeout.ms = 60000
	transactional.id = null
	value.serializer = class io.apicurio.registry.serde.avro.AvroKafkaSerializer

2025-08-12 14:50:57,250 INFO  [org.apa.kaf.com.tel.int.KafkaMetricsCollector] (main) initializing Kafka metrics collector
2025-08-12 14:50:57,258 INFO  [org.apa.kaf.cli.pro.KafkaProducer] (main) [Producer clientId=Producer-topic-fb02305d_6ab8_4d97_aa70_39316809c60e] Instantiated an idempotent producer.
2025-08-12 14:50:57,260 INFO  [org.apa.kaf.cli.pro.ProducerConfig] (main) These configurations '[apicurio.registry.url, apicurio.registry.auto-register, apicurio.registry.artifact-resolver-strategy]' were supplied but are not used yet.
2025-08-12 14:50:57,260 INFO  [org.apa.kaf.com.uti.AppInfoParser] (main) Kafka version: 3.9.1
2025-08-12 14:50:57,260 INFO  [org.apa.kaf.com.uti.AppInfoParser] (main) Kafka commitId: f745dfdcee2b9851
2025-08-12 14:50:57,260 INFO  [org.apa.kaf.com.uti.AppInfoParser] (main) Kafka startTimeMs: 1755010257260
2025-08-12 14:50:57,260 INFO  [io.api.tes.ser.api.SimpleSerdesTesterBuilder$SimpleSerdesTester] (main) Using producer configuration: {apicurio.registry.url=http://registry-app-pg17.apps.ci419.apicurio-testing.org:80/apis/registry/v3, apicurio.registry.auto-register=true, apicurio.registry.artifact-resolver-strategy=io.apicurio.registry.serde.strategy.SimpleTopicIdStrategy, value.serializer=io.apicurio.registry.serde.avro.AvroKafkaSerializer, request.timeout.ms=5000, acks=all, bootstrap.servers=PLAINTEXT://localhost:32769, connections.max.idle.ms=10000, key.serializer=org.apache.kafka.common.serialization.StringSerializer, client.id=Producer-topic-fb02305d_6ab8_4d97_aa70_39316809c60e}
2025-08-12 14:50:57,260 INFO  [io.api.tes.ser.api.SimpleSerdesTesterBuilder$SimpleSerdesTester] (main) Using consumer configuration: {}
2025-08-12 14:50:57,263 INFO  [io.api.tes.ser.api.KafkaSerdesTester] (Thread-732) Sending message {"username": null} to topic topic-fb02305d_6ab8_4d97_aa70_39316809c60e
2025-08-12 14:50:57,270 WARN  [org.apa.kaf.cli.NetworkClient] (kafka-producer-network-thread | Producer-topic-fb02305d_6ab8_4d97_aa70_39316809c60e) [Producer clientId=Producer-topic-fb02305d_6ab8_4d97_aa70_39316809c60e] The metadata response from the cluster reported a recoverable issue with correlation id 1 : {topic-fb02305d_6ab8_4d97_aa70_39316809c60e=UNKNOWN_TOPIC_OR_PARTITION}
2025-08-12 14:50:57,270 INFO  [org.apa.kaf.cli.Metadata] (kafka-producer-network-thread | Producer-topic-fb02305d_6ab8_4d97_aa70_39316809c60e) [Producer clientId=Producer-topic-fb02305d_6ab8_4d97_aa70_39316809c60e] Cluster ID: 4oDFBklZQKWClKkNkfg_eQ
2025-08-12 14:50:57,270 INFO  [org.apa.kaf.cli.pro.int.TransactionManager] (kafka-producer-network-thread | Producer-topic-fb02305d_6ab8_4d97_aa70_39316809c60e) [Producer clientId=Producer-topic-fb02305d_6ab8_4d97_aa70_39316809c60e] ProducerId set to 23 with epoch 0
2025-08-12 14:50:57,530 INFO  [io.api.tes.ser.api.KafkaSerdesTester] (Thread-732) Sending message {"username": null} to topic topic-fb02305d_6ab8_4d97_aa70_39316809c60e
2025-08-12 14:50:57,532 INFO  [io.api.tes.ser.api.KafkaSerdesTester] (Thread-732) Sending message {"username": "value-2"} to topic topic-fb02305d_6ab8_4d97_aa70_39316809c60e
2025-08-12 14:50:57,533 INFO  [io.api.tes.ser.api.KafkaSerdesTester] (Thread-732) Sending message {"username": null} to topic topic-fb02305d_6ab8_4d97_aa70_39316809c60e
2025-08-12 14:50:57,534 INFO  [io.api.tes.ser.api.KafkaSerdesTester] (Thread-732) Sending message {"username": "value-4"} to topic topic-fb02305d_6ab8_4d97_aa70_39316809c60e
2025-08-12 14:50:57,535 INFO  [io.api.tes.ser.api.KafkaSerdesTester] (Thread-732) Sending message {"username": null} to topic topic-fb02305d_6ab8_4d97_aa70_39316809c60e
2025-08-12 14:50:57,536 INFO  [io.api.tes.ser.api.KafkaSerdesTester] (Thread-732) Sending message {"username": "value-6"} to topic topic-fb02305d_6ab8_4d97_aa70_39316809c60e
2025-08-12 14:50:57,538 INFO  [io.api.tes.ser.api.KafkaSerdesTester] (Thread-732) Sending message {"username": null} to topic topic-fb02305d_6ab8_4d97_aa70_39316809c60e
2025-08-12 14:50:57,539 INFO  [io.api.tes.ser.api.KafkaSerdesTester] (Thread-732) Sending message {"username": "value-8"} to topic topic-fb02305d_6ab8_4d97_aa70_39316809c60e
2025-08-12 14:50:57,540 INFO  [io.api.tes.ser.api.KafkaSerdesTester] (Thread-732) Sending message {"username": null} to topic topic-fb02305d_6ab8_4d97_aa70_39316809c60e
2025-08-12 14:50:57,542 INFO  [io.api.tes.ser.api.KafkaSerdesTester] (Thread-732) Produced 10 messages
2025-08-12 14:50:57,543 INFO  [org.apa.kaf.cli.pro.KafkaProducer] (Thread-732) [Producer clientId=Producer-topic-fb02305d_6ab8_4d97_aa70_39316809c60e] Closing the Kafka producer with timeoutMillis = 9223372036854775807 ms.
2025-08-12 14:50:57,547 INFO  [org.apa.kaf.com.met.Metrics] (Thread-732) Metrics scheduler closed
2025-08-12 14:50:57,547 INFO  [org.apa.kaf.com.met.Metrics] (Thread-732) Closing reporter org.apache.kafka.common.metrics.JmxReporter
2025-08-12 14:50:57,548 INFO  [org.apa.kaf.com.met.Metrics] (Thread-732) Closing reporter org.apache.kafka.common.telemetry.internals.ClientTelemetryReporter
2025-08-12 14:50:57,548 INFO  [org.apa.kaf.com.met.Metrics] (Thread-732) Metrics reporters closed
2025-08-12 14:50:57,548 INFO  [org.apa.kaf.com.uti.AppInfoParser] (Thread-732) App info kafka.producer for Producer-topic-fb02305d_6ab8_4d97_aa70_39316809c60e unregistered
**** Registry Base URL: http://registry-app-pg17.apps.ci419.apicurio-testing.org:80
2025-08-12 14:50:57,689 INFO  [org.apa.kaf.cli.con.ConsumerConfig] (main) ConsumerConfig values: 
	allow.auto.create.topics = true
	auto.commit.interval.ms = 500
	auto.include.jmx.reporter = true
	auto.offset.reset = earliest
	bootstrap.servers = [PLAINTEXT://localhost:32769]
	check.crcs = true
	client.dns.lookup = use_all_dns_ips
	client.id = consumer-Consumer-topic-fb02305d_6ab8_4d97_aa70_39316809c60e-17
	client.rack = 
	connections.max.idle.ms = 10000
	default.api.timeout.ms = 60000
	enable.auto.commit = true
	enable.metrics.push = true
	exclude.internal.topics = true
	fetch.max.bytes = 52428800
	fetch.max.wait.ms = 500
	fetch.min.bytes = 1
	group.id = Consumer-topic-fb02305d_6ab8_4d97_aa70_39316809c60e
	group.instance.id = null
	group.protocol = classic
	group.remote.assignor = null
	heartbeat.interval.ms = 3000
	interceptor.classes = []
	internal.leave.group.on.close = true
	internal.throw.on.fetch.stable.offset.unsupported = false
	isolation.level = read_uncommitted
	key.deserializer = class org.apache.kafka.common.serialization.StringDeserializer
	max.partition.fetch.bytes = 1048576
	max.poll.interval.ms = 300000
	max.poll.records = 500
	metadata.max.age.ms = 300000
	metadata.recovery.strategy = none
	metric.reporters = []
	metrics.num.samples = 2
	metrics.recording.level = INFO
	metrics.sample.window.ms = 30000
	partition.assignment.strategy = [class org.apache.kafka.clients.consumer.RangeAssignor, class org.apache.kafka.clients.consumer.CooperativeStickyAssignor]
	receive.buffer.bytes = 65536
	reconnect.backoff.max.ms = 1000
	reconnect.backoff.ms = 50
	request.timeout.ms = 5000
	retry.backoff.max.ms = 1000
	retry.backoff.ms = 100
	sasl.client.callback.handler.class = null
	sasl.jaas.config = null
	sasl.kerberos.kinit.cmd = /usr/bin/kinit
	sasl.kerberos.min.time.before.relogin = 60000
	sasl.kerberos.service.name = null
	sasl.kerberos.ticket.renew.jitter = 0.05
	sasl.kerberos.ticket.renew.window.factor = 0.8
	sasl.login.callback.handler.class = null
	sasl.login.class = null
	sasl.login.connect.timeout.ms = null
	sasl.login.read.timeout.ms = null
	sasl.login.refresh.buffer.seconds = 300
	sasl.login.refresh.min.period.seconds = 60
	sasl.login.refresh.window.factor = 0.8
	sasl.login.refresh.window.jitter = 0.05
	sasl.login.retry.backoff.max.ms = 10000
	sasl.login.retry.backoff.ms = 100
	sasl.mechanism = GSSAPI
	sasl.oauthbearer.clock.skew.seconds = 30
	sasl.oauthbearer.expected.audience = null
	sasl.oauthbearer.expected.issuer = null
	sasl.oauthbearer.header.urlencode = false
	sasl.oauthbearer.jwks.endpoint.refresh.ms = 3600000
	sasl.oauthbearer.jwks.endpoint.retry.backoff.max.ms = 10000
	sasl.oauthbearer.jwks.endpoint.retry.backoff.ms = 100
	sasl.oauthbearer.jwks.endpoint.url = null
	sasl.oauthbearer.scope.claim.name = scope
	sasl.oauthbearer.sub.claim.name = sub
	sasl.oauthbearer.token.endpoint.url = null
	security.protocol = PLAINTEXT
	security.providers = null
	send.buffer.bytes = 131072
	session.timeout.ms = 45000
	socket.connection.setup.timeout.max.ms = 30000
	socket.connection.setup.timeout.ms = 10000
	ssl.cipher.suites = null
	ssl.enabled.protocols = [TLSv1.2, TLSv1.3]
	ssl.endpoint.identification.algorithm = https
	ssl.engine.factory.class = null
	ssl.key.password = null
	ssl.keymanager.algorithm = SunX509
	ssl.keystore.certificate.chain = null
	ssl.keystore.key = null
	ssl.keystore.location = null
	ssl.keystore.password = null
	ssl.keystore.type = JKS
	ssl.protocol = TLSv1.3
	ssl.provider = null
	ssl.secure.random.implementation = null
	ssl.trustmanager.algorithm = PKIX
	ssl.truststore.certificates = null
	ssl.truststore.location = null
	ssl.truststore.password = null
	ssl.truststore.type = JKS
	value.deserializer = class io.apicurio.registry.serde.avro.AvroKafkaDeserializer

2025-08-12 14:50:57,690 INFO  [org.apa.kaf.com.tel.int.KafkaMetricsCollector] (main) initializing Kafka metrics collector
2025-08-12 14:50:57,697 INFO  [org.apa.kaf.cli.con.ConsumerConfig] (main) These configurations '[apicurio.registry.url]' were supplied but are not used yet.
2025-08-12 14:50:57,697 INFO  [org.apa.kaf.com.uti.AppInfoParser] (main) Kafka version: 3.9.1
2025-08-12 14:50:57,697 INFO  [org.apa.kaf.com.uti.AppInfoParser] (main) Kafka commitId: f745dfdcee2b9851
2025-08-12 14:50:57,697 INFO  [org.apa.kaf.com.uti.AppInfoParser] (main) Kafka startTimeMs: 1755010257697
2025-08-12 14:50:57,698 INFO  [org.apa.kaf.cli.con.int.ClassicKafkaConsumer] (Thread-735) [Consumer clientId=consumer-Consumer-topic-fb02305d_6ab8_4d97_aa70_39316809c60e-17, groupId=Consumer-topic-fb02305d_6ab8_4d97_aa70_39316809c60e] Subscribed to topic(s): topic-fb02305d_6ab8_4d97_aa70_39316809c60e
2025-08-12 14:50:57,702 INFO  [org.apa.kaf.cli.Metadata] (Thread-735) [Consumer clientId=consumer-Consumer-topic-fb02305d_6ab8_4d97_aa70_39316809c60e-17, groupId=Consumer-topic-fb02305d_6ab8_4d97_aa70_39316809c60e] Cluster ID: 4oDFBklZQKWClKkNkfg_eQ
2025-08-12 14:50:57,703 INFO  [org.apa.kaf.cli.con.int.ConsumerCoordinator] (Thread-735) [Consumer clientId=consumer-Consumer-topic-fb02305d_6ab8_4d97_aa70_39316809c60e-17, groupId=Consumer-topic-fb02305d_6ab8_4d97_aa70_39316809c60e] Discovered group coordinator localhost:32769 (id: 2147483647 rack: null)
2025-08-12 14:50:57,704 INFO  [org.apa.kaf.cli.con.int.ConsumerCoordinator] (Thread-735) [Consumer clientId=consumer-Consumer-topic-fb02305d_6ab8_4d97_aa70_39316809c60e-17, groupId=Consumer-topic-fb02305d_6ab8_4d97_aa70_39316809c60e] (Re-)joining group
2025-08-12 14:50:57,706 INFO  [org.apa.kaf.cli.con.int.ConsumerCoordinator] (Thread-735) [Consumer clientId=consumer-Consumer-topic-fb02305d_6ab8_4d97_aa70_39316809c60e-17, groupId=Consumer-topic-fb02305d_6ab8_4d97_aa70_39316809c60e] Request joining group due to: need to re-join with the given member-id: consumer-Consumer-topic-fb02305d_6ab8_4d97_aa70_39316809c60e-17-a2ba7d35-376f-4464-ad60-6ff4f613ab68
2025-08-12 14:50:57,706 INFO  [org.apa.kaf.cli.con.int.ConsumerCoordinator] (Thread-735) [Consumer clientId=consumer-Consumer-topic-fb02305d_6ab8_4d97_aa70_39316809c60e-17, groupId=Consumer-topic-fb02305d_6ab8_4d97_aa70_39316809c60e] (Re-)joining group
2025-08-12 14:50:58,699 INFO  [io.api.tes.ser.api.KafkaSerdesTester] (Thread-735) None found
2025-08-12 14:50:59,699 INFO  [io.api.tes.ser.api.KafkaSerdesTester] (Thread-735) None found
2025-08-12 14:51:00,700 INFO  [io.api.tes.ser.api.KafkaSerdesTester] (Thread-735) None found
2025-08-12 14:51:00,708 INFO  [org.apa.kaf.cli.con.int.ConsumerCoordinator] (Thread-735) [Consumer clientId=consumer-Consumer-topic-fb02305d_6ab8_4d97_aa70_39316809c60e-17, groupId=Consumer-topic-fb02305d_6ab8_4d97_aa70_39316809c60e] Successfully joined group with generation Generation{generationId=1, memberId='consumer-Consumer-topic-fb02305d_6ab8_4d97_aa70_39316809c60e-17-a2ba7d35-376f-4464-ad60-6ff4f613ab68', protocol='range'}
2025-08-12 14:51:00,708 INFO  [org.apa.kaf.cli.con.int.ConsumerCoordinator] (Thread-735) [Consumer clientId=consumer-Consumer-topic-fb02305d_6ab8_4d97_aa70_39316809c60e-17, groupId=Consumer-topic-fb02305d_6ab8_4d97_aa70_39316809c60e] Finished assignment for group at generation 1: {consumer-Consumer-topic-fb02305d_6ab8_4d97_aa70_39316809c60e-17-a2ba7d35-376f-4464-ad60-6ff4f613ab68=Assignment(partitions=[topic-fb02305d_6ab8_4d97_aa70_39316809c60e-0])}
2025-08-12 14:51:00,714 INFO  [org.apa.kaf.cli.con.int.ConsumerCoordinator] (Thread-735) [Consumer clientId=consumer-Consumer-topic-fb02305d_6ab8_4d97_aa70_39316809c60e-17, groupId=Consumer-topic-fb02305d_6ab8_4d97_aa70_39316809c60e] Successfully synced group in generation Generation{generationId=1, memberId='consumer-Consumer-topic-fb02305d_6ab8_4d97_aa70_39316809c60e-17-a2ba7d35-376f-4464-ad60-6ff4f613ab68', protocol='range'}
2025-08-12 14:51:00,714 INFO  [org.apa.kaf.cli.con.int.ConsumerCoordinator] (Thread-735) [Consumer clientId=consumer-Consumer-topic-fb02305d_6ab8_4d97_aa70_39316809c60e-17, groupId=Consumer-topic-fb02305d_6ab8_4d97_aa70_39316809c60e] Notifying assignor about the new Assignment(partitions=[topic-fb02305d_6ab8_4d97_aa70_39316809c60e-0])
2025-08-12 14:51:00,714 INFO  [org.apa.kaf.cli.con.int.ConsumerRebalanceListenerInvoker] (Thread-735) [Consumer clientId=consumer-Consumer-topic-fb02305d_6ab8_4d97_aa70_39316809c60e-17, groupId=Consumer-topic-fb02305d_6ab8_4d97_aa70_39316809c60e] Adding newly assigned partitions: topic-fb02305d_6ab8_4d97_aa70_39316809c60e-0
2025-08-12 14:51:00,715 INFO  [org.apa.kaf.cli.con.int.ConsumerCoordinator] (Thread-735) [Consumer clientId=consumer-Consumer-topic-fb02305d_6ab8_4d97_aa70_39316809c60e-17, groupId=Consumer-topic-fb02305d_6ab8_4d97_aa70_39316809c60e] Found no committed offset for partition topic-fb02305d_6ab8_4d97_aa70_39316809c60e-0
2025-08-12 14:51:00,718 INFO  [org.apa.kaf.cli.con.int.SubscriptionState] (Thread-735) [Consumer clientId=consumer-Consumer-topic-fb02305d_6ab8_4d97_aa70_39316809c60e-17, groupId=Consumer-topic-fb02305d_6ab8_4d97_aa70_39316809c60e] Resetting offset for partition topic-fb02305d_6ab8_4d97_aa70_39316809c60e-0 to position FetchPosition{offset=0, offsetEpoch=Optional.empty, currentLeader=LeaderAndEpoch{leader=Optional[localhost:32769 (id: 0 rack: null)], epoch=0}}.
2025-08-12 14:51:00,918 INFO  [io.api.tes.ser.api.KafkaSerdesTester] (Thread-735) topic-fb02305d_6ab8_4d97_aa70_39316809c60e 0 0 {"username": null}
2025-08-12 14:51:00,918 INFO  [io.api.tes.ser.api.KafkaSerdesTester] (Thread-735) topic-fb02305d_6ab8_4d97_aa70_39316809c60e 0 1 {"username": null}
2025-08-12 14:51:00,918 INFO  [io.api.tes.ser.api.KafkaSerdesTester] (Thread-735) topic-fb02305d_6ab8_4d97_aa70_39316809c60e 0 2 {"username": "value-2"}
2025-08-12 14:51:00,918 INFO  [io.api.tes.ser.api.KafkaSerdesTester] (Thread-735) topic-fb02305d_6ab8_4d97_aa70_39316809c60e 0 3 {"username": null}
2025-08-12 14:51:00,918 INFO  [io.api.tes.ser.api.KafkaSerdesTester] (Thread-735) topic-fb02305d_6ab8_4d97_aa70_39316809c60e 0 4 {"username": "value-4"}
2025-08-12 14:51:00,919 INFO  [io.api.tes.ser.api.KafkaSerdesTester] (Thread-735) topic-fb02305d_6ab8_4d97_aa70_39316809c60e 0 5 {"username": null}
2025-08-12 14:51:00,919 INFO  [io.api.tes.ser.api.KafkaSerdesTester] (Thread-735) topic-fb02305d_6ab8_4d97_aa70_39316809c60e 0 6 {"username": "value-6"}
2025-08-12 14:51:00,919 INFO  [io.api.tes.ser.api.KafkaSerdesTester] (Thread-735) topic-fb02305d_6ab8_4d97_aa70_39316809c60e 0 7 {"username": null}
2025-08-12 14:51:00,919 INFO  [io.api.tes.ser.api.KafkaSerdesTester] (Thread-735) topic-fb02305d_6ab8_4d97_aa70_39316809c60e 0 8 {"username": "value-8"}
2025-08-12 14:51:00,919 INFO  [io.api.tes.ser.api.KafkaSerdesTester] (Thread-735) topic-fb02305d_6ab8_4d97_aa70_39316809c60e 0 9 {"username": null}
2025-08-12 14:51:00,919 INFO  [io.api.tes.ser.api.KafkaSerdesTester] (Thread-735) Consumed 10 messages
2025-08-12 14:51:00,926 INFO  [org.apa.kaf.cli.con.int.ConsumerRebalanceListenerInvoker] (Thread-735) [Consumer clientId=consumer-Consumer-topic-fb02305d_6ab8_4d97_aa70_39316809c60e-17, groupId=Consumer-topic-fb02305d_6ab8_4d97_aa70_39316809c60e] Revoke previously assigned partitions topic-fb02305d_6ab8_4d97_aa70_39316809c60e-0
2025-08-12 14:51:00,926 INFO  [org.apa.kaf.cli.con.int.ConsumerCoordinator] (Thread-735) [Consumer clientId=consumer-Consumer-topic-fb02305d_6ab8_4d97_aa70_39316809c60e-17, groupId=Consumer-topic-fb02305d_6ab8_4d97_aa70_39316809c60e] Member consumer-Consumer-topic-fb02305d_6ab8_4d97_aa70_39316809c60e-17-a2ba7d35-376f-4464-ad60-6ff4f613ab68 sending LeaveGroup request to coordinator localhost:32769 (id: 2147483647 rack: null) due to the consumer is being closed
2025-08-12 14:51:00,926 INFO  [org.apa.kaf.cli.con.int.ConsumerCoordinator] (Thread-735) [Consumer clientId=consumer-Consumer-topic-fb02305d_6ab8_4d97_aa70_39316809c60e-17, groupId=Consumer-topic-fb02305d_6ab8_4d97_aa70_39316809c60e] Resetting generation and member id due to: consumer pro-actively leaving the group
2025-08-12 14:51:00,926 INFO  [org.apa.kaf.cli.con.int.ConsumerCoordinator] (Thread-735) [Consumer clientId=consumer-Consumer-topic-fb02305d_6ab8_4d97_aa70_39316809c60e-17, groupId=Consumer-topic-fb02305d_6ab8_4d97_aa70_39316809c60e] Request joining group due to: consumer pro-actively leaving the group
2025-08-12 14:51:01,422 INFO  [org.apa.kaf.com.met.Metrics] (Thread-735) Metrics scheduler closed
2025-08-12 14:51:01,422 INFO  [org.apa.kaf.com.met.Metrics] (Thread-735) Closing reporter org.apache.kafka.common.metrics.JmxReporter
2025-08-12 14:51:01,422 INFO  [org.apa.kaf.com.met.Metrics] (Thread-735) Closing reporter org.apache.kafka.common.telemetry.internals.ClientTelemetryReporter
2025-08-12 14:51:01,422 INFO  [org.apa.kaf.com.met.Metrics] (Thread-735) Metrics reporters closed
2025-08-12 14:51:01,423 INFO  [org.apa.kaf.com.uti.AppInfoParser] (Thread-735) App info kafka.consumer for consumer-Consumer-topic-fb02305d_6ab8_4d97_aa70_39316809c60e-17 unregistered
2025-08-12 14:51:01,424 INFO  [io.api.tes.uti.TestSeparator] (main) io.apicurio.tests.serdes.apicurio.AvroSerdeIT.testFirstEmptyFieldConfusedAsMagicByte-FINISHED
2025-08-12 14:51:01,424 INFO  [io.api.tes.uti.TestSeparator] (main) ############################################################################
Test passed: testFirstEmptyFieldConfusedAsMagicByte
]]></system-out>
  </testcase>
  <testcase name="testAvroSerDesFailDifferentSchemaByContent" classname="io.apicurio.tests.serdes.apicurio.AvroSerdeIT" time="1.382">
    <system-out><![CDATA[2025-08-12 14:51:01,428 INFO  [io.api.tes.uti.TestSeparator] (main) ############################################################################
2025-08-12 14:51:01,428 INFO  [io.api.tes.uti.TestSeparator] (main) io.apicurio.tests.serdes.apicurio.AvroSerdeIT.testAvroSerDesFailDifferentSchemaByContent-STARTED
**** Registry Base URL: http://registry-app-pg17.apps.ci419.apicurio-testing.org:80
2025-08-12 14:51:02,584 INFO  [org.apa.kaf.cli.pro.ProducerConfig] (main) ProducerConfig values: 
	acks = -1
	auto.include.jmx.reporter = true
	batch.size = 16384
	bootstrap.servers = [PLAINTEXT://localhost:32769]
	buffer.memory = 33554432
	client.dns.lookup = use_all_dns_ips
	client.id = Producer-topic-18e19c5d_57c7_4bf1_9f7d_50254dfb5dbe
	compression.gzip.level = -1
	compression.lz4.level = 9
	compression.type = none
	compression.zstd.level = 3
	connections.max.idle.ms = 10000
	delivery.timeout.ms = 120000
	enable.idempotence = true
	enable.metrics.push = true
	interceptor.classes = []
	key.serializer = class org.apache.kafka.common.serialization.StringSerializer
	linger.ms = 0
	max.block.ms = 60000
	max.in.flight.requests.per.connection = 5
	max.request.size = 1048576
	metadata.max.age.ms = 300000
	metadata.max.idle.ms = 300000
	metadata.recovery.strategy = none
	metric.reporters = []
	metrics.num.samples = 2
	metrics.recording.level = INFO
	metrics.sample.window.ms = 30000
	partitioner.adaptive.partitioning.enable = true
	partitioner.availability.timeout.ms = 0
	partitioner.class = null
	partitioner.ignore.keys = false
	receive.buffer.bytes = 32768
	reconnect.backoff.max.ms = 1000
	reconnect.backoff.ms = 50
	request.timeout.ms = 5000
	retries = 2147483647
	retry.backoff.max.ms = 1000
	retry.backoff.ms = 100
	sasl.client.callback.handler.class = null
	sasl.jaas.config = null
	sasl.kerberos.kinit.cmd = /usr/bin/kinit
	sasl.kerberos.min.time.before.relogin = 60000
	sasl.kerberos.service.name = null
	sasl.kerberos.ticket.renew.jitter = 0.05
	sasl.kerberos.ticket.renew.window.factor = 0.8
	sasl.login.callback.handler.class = null
	sasl.login.class = null
	sasl.login.connect.timeout.ms = null
	sasl.login.read.timeout.ms = null
	sasl.login.refresh.buffer.seconds = 300
	sasl.login.refresh.min.period.seconds = 60
	sasl.login.refresh.window.factor = 0.8
	sasl.login.refresh.window.jitter = 0.05
	sasl.login.retry.backoff.max.ms = 10000
	sasl.login.retry.backoff.ms = 100
	sasl.mechanism = GSSAPI
	sasl.oauthbearer.clock.skew.seconds = 30
	sasl.oauthbearer.expected.audience = null
	sasl.oauthbearer.expected.issuer = null
	sasl.oauthbearer.header.urlencode = false
	sasl.oauthbearer.jwks.endpoint.refresh.ms = 3600000
	sasl.oauthbearer.jwks.endpoint.retry.backoff.max.ms = 10000
	sasl.oauthbearer.jwks.endpoint.retry.backoff.ms = 100
	sasl.oauthbearer.jwks.endpoint.url = null
	sasl.oauthbearer.scope.claim.name = scope
	sasl.oauthbearer.sub.claim.name = sub
	sasl.oauthbearer.token.endpoint.url = null
	security.protocol = PLAINTEXT
	security.providers = null
	send.buffer.bytes = 131072
	socket.connection.setup.timeout.max.ms = 30000
	socket.connection.setup.timeout.ms = 10000
	ssl.cipher.suites = null
	ssl.enabled.protocols = [TLSv1.2, TLSv1.3]
	ssl.endpoint.identification.algorithm = https
	ssl.engine.factory.class = null
	ssl.key.password = null
	ssl.keymanager.algorithm = SunX509
	ssl.keystore.certificate.chain = null
	ssl.keystore.key = null
	ssl.keystore.location = null
	ssl.keystore.password = null
	ssl.keystore.type = JKS
	ssl.protocol = TLSv1.3
	ssl.provider = null
	ssl.secure.random.implementation = null
	ssl.trustmanager.algorithm = PKIX
	ssl.truststore.certificates = null
	ssl.truststore.location = null
	ssl.truststore.password = null
	ssl.truststore.type = JKS
	transaction.timeout.ms = 60000
	transactional.id = null
	value.serializer = class io.apicurio.registry.serde.avro.AvroKafkaSerializer

2025-08-12 14:51:02,585 INFO  [org.apa.kaf.com.tel.int.KafkaMetricsCollector] (main) initializing Kafka metrics collector
2025-08-12 14:51:02,588 INFO  [org.apa.kaf.cli.pro.KafkaProducer] (main) [Producer clientId=Producer-topic-18e19c5d_57c7_4bf1_9f7d_50254dfb5dbe] Instantiated an idempotent producer.
2025-08-12 14:51:02,589 INFO  [org.apa.kaf.cli.pro.ProducerConfig] (main) These configurations '[apicurio.registry.url, apicurio.registry.artifact-resolver-strategy]' were supplied but are not used yet.
2025-08-12 14:51:02,589 INFO  [org.apa.kaf.com.uti.AppInfoParser] (main) Kafka version: 3.9.1
2025-08-12 14:51:02,589 INFO  [org.apa.kaf.com.uti.AppInfoParser] (main) Kafka commitId: f745dfdcee2b9851
2025-08-12 14:51:02,590 INFO  [org.apa.kaf.com.uti.AppInfoParser] (main) Kafka startTimeMs: 1755010262589
2025-08-12 14:51:02,592 INFO  [io.api.tes.ser.api.KafkaSerdesTester] (Thread-738) Sending message {"keyB": "value-0"} to topic topic-18e19c5d_57c7_4bf1_9f7d_50254dfb5dbe
2025-08-12 14:51:02,594 INFO  [org.apa.kaf.cli.Metadata] (kafka-producer-network-thread | Producer-topic-18e19c5d_57c7_4bf1_9f7d_50254dfb5dbe) [Producer clientId=Producer-topic-18e19c5d_57c7_4bf1_9f7d_50254dfb5dbe] Cluster ID: 4oDFBklZQKWClKkNkfg_eQ
2025-08-12 14:51:02,594 INFO  [org.apa.kaf.cli.pro.int.TransactionManager] (kafka-producer-network-thread | Producer-topic-18e19c5d_57c7_4bf1_9f7d_50254dfb5dbe) [Producer clientId=Producer-topic-18e19c5d_57c7_4bf1_9f7d_50254dfb5dbe] ProducerId set to 24 with epoch 0
2025-08-12 14:51:02,594 INFO  [DefaultSchemaResolver] (Thread-738) Retrieving schema content using string: {"type":"record","name":"sa80823c0x7930x449fx82c8x0081eb415712","namespace":"sbb8ead9fx1fa1x43e5x90ecxe735b59b5bb8","fields":[{"name":"keyB","type":"string"}]}
2025-08-12 14:51:02,804 INFO  [org.apa.kaf.cli.pro.KafkaProducer] (Thread-738) [Producer clientId=Producer-topic-18e19c5d_57c7_4bf1_9f7d_50254dfb5dbe] Closing the Kafka producer with timeoutMillis = 9223372036854775807 ms.
2025-08-12 14:51:02,805 INFO  [org.apa.kaf.com.met.Metrics] (Thread-738) Metrics scheduler closed
2025-08-12 14:51:02,805 INFO  [org.apa.kaf.com.met.Metrics] (Thread-738) Closing reporter org.apache.kafka.common.metrics.JmxReporter
2025-08-12 14:51:02,805 INFO  [org.apa.kaf.com.met.Metrics] (Thread-738) Closing reporter org.apache.kafka.common.telemetry.internals.ClientTelemetryReporter
2025-08-12 14:51:02,806 INFO  [org.apa.kaf.com.met.Metrics] (Thread-738) Metrics reporters closed
2025-08-12 14:51:02,806 INFO  [org.apa.kaf.com.uti.AppInfoParser] (Thread-738) App info kafka.producer for Producer-topic-18e19c5d_57c7_4bf1_9f7d_50254dfb5dbe unregistered
2025-08-12 14:51:02,807 INFO  [io.api.tes.uti.TestSeparator] (main) io.apicurio.tests.serdes.apicurio.AvroSerdeIT.testAvroSerDesFailDifferentSchemaByContent-FINISHED
2025-08-12 14:51:02,807 INFO  [io.api.tes.uti.TestSeparator] (main) ############################################################################
Test passed: testAvroSerDesFailDifferentSchemaByContent
]]></system-out>
    <system-err><![CDATA[java.lang.RuntimeException: Could not resolve artifact reference by content: {"type":"record","name":"sa80823c0x7930x449fx82c8x0081eb415712","namespace":"sbb8ead9fx1fa1x43e5x90ecxe735b59b5bb8","fields":[{"name":"keyB","type":"string"}]}&ArtifactReference [groupId=sbb8ead9fx1fa1x43e5x90ecxe735b59b5bb8, artifactId=sa80823c0x7930x449fx82c8x0081eb415712, version=null, globalId=null, contentId=null, contentHash=null]
	at io.apicurio.registry.resolver.DefaultSchemaResolver.lambda$handleResolveSchemaByContent$3(DefaultSchemaResolver.java:265)
	at io.apicurio.registry.resolver.cache.ERCache.lambda$getValue$0(ERCache.java:174)
	at io.apicurio.registry.resolver.cache.ERCache.retry(ERCache.java:227)
	at io.apicurio.registry.resolver.cache.ERCache.getValue(ERCache.java:173)
	at io.apicurio.registry.resolver.cache.ERCache.getByContent(ERCache.java:147)
	at io.apicurio.registry.resolver.DefaultSchemaResolver.handleResolveSchemaByContent(DefaultSchemaResolver.java:253)
	at io.apicurio.registry.resolver.DefaultSchemaResolver.getSchemaFromRegistry(DefaultSchemaResolver.java:138)
	at io.apicurio.registry.resolver.DefaultSchemaResolver.lambda$resolveSchema$0(DefaultSchemaResolver.java:84)
	at java.base/java.util.Optional.orElseGet(Optional.java:364)
	at io.apicurio.registry.resolver.DefaultSchemaResolver.resolveSchema(DefaultSchemaResolver.java:84)
	at io.apicurio.registry.serde.AbstractSerializer.serializeData(AbstractSerializer.java:62)
	at io.apicurio.registry.serde.KafkaSerializer.serialize(KafkaSerializer.java:77)
	at org.apache.kafka.clients.producer.KafkaProducer.doSend(KafkaProducer.java:1046)
	at org.apache.kafka.clients.producer.KafkaProducer.send(KafkaProducer.java:993)
	at org.apache.kafka.clients.producer.KafkaProducer.send(KafkaProducer.java:875)
	at io.apicurio.tests.serdes.apicurio.KafkaSerdesTester.lambda$produceMessages$3(KafkaSerdesTester.java:138)
	at java.base/java.util.concurrent.CompletableFuture$AsyncSupply.run(CompletableFuture.java:1768)
	at java.base/java.lang.Thread.run(Thread.java:840)
]]></system-err>
  </testcase>
  <testcase name="testGlobalIdInBody" classname="io.apicurio.tests.serdes.apicurio.AvroSerdeIT" time="4.161">
    <system-out><![CDATA[2025-08-12 14:51:02,808 INFO  [io.api.tes.uti.TestSeparator] (main) ############################################################################
2025-08-12 14:51:02,808 INFO  [io.api.tes.uti.TestSeparator] (main) io.apicurio.tests.serdes.apicurio.AvroSerdeIT.testGlobalIdInBody-STARTED
**** Registry Base URL: http://registry-app-pg17.apps.ci419.apicurio-testing.org:80
2025-08-12 14:51:02,811 INFO  [org.apa.kaf.cli.pro.ProducerConfig] (main) ProducerConfig values: 
	acks = -1
	auto.include.jmx.reporter = true
	batch.size = 16384
	bootstrap.servers = [PLAINTEXT://localhost:32769]
	buffer.memory = 33554432
	client.dns.lookup = use_all_dns_ips
	client.id = Producer-topic-19c609db_4de8_457e_a6fb_5869e73084ee
	compression.gzip.level = -1
	compression.lz4.level = 9
	compression.type = none
	compression.zstd.level = 3
	connections.max.idle.ms = 10000
	delivery.timeout.ms = 120000
	enable.idempotence = true
	enable.metrics.push = true
	interceptor.classes = []
	key.serializer = class org.apache.kafka.common.serialization.StringSerializer
	linger.ms = 0
	max.block.ms = 60000
	max.in.flight.requests.per.connection = 5
	max.request.size = 1048576
	metadata.max.age.ms = 300000
	metadata.max.idle.ms = 300000
	metadata.recovery.strategy = none
	metric.reporters = []
	metrics.num.samples = 2
	metrics.recording.level = INFO
	metrics.sample.window.ms = 30000
	partitioner.adaptive.partitioning.enable = true
	partitioner.availability.timeout.ms = 0
	partitioner.class = null
	partitioner.ignore.keys = false
	receive.buffer.bytes = 32768
	reconnect.backoff.max.ms = 1000
	reconnect.backoff.ms = 50
	request.timeout.ms = 5000
	retries = 2147483647
	retry.backoff.max.ms = 1000
	retry.backoff.ms = 100
	sasl.client.callback.handler.class = null
	sasl.jaas.config = null
	sasl.kerberos.kinit.cmd = /usr/bin/kinit
	sasl.kerberos.min.time.before.relogin = 60000
	sasl.kerberos.service.name = null
	sasl.kerberos.ticket.renew.jitter = 0.05
	sasl.kerberos.ticket.renew.window.factor = 0.8
	sasl.login.callback.handler.class = null
	sasl.login.class = null
	sasl.login.connect.timeout.ms = null
	sasl.login.read.timeout.ms = null
	sasl.login.refresh.buffer.seconds = 300
	sasl.login.refresh.min.period.seconds = 60
	sasl.login.refresh.window.factor = 0.8
	sasl.login.refresh.window.jitter = 0.05
	sasl.login.retry.backoff.max.ms = 10000
	sasl.login.retry.backoff.ms = 100
	sasl.mechanism = GSSAPI
	sasl.oauthbearer.clock.skew.seconds = 30
	sasl.oauthbearer.expected.audience = null
	sasl.oauthbearer.expected.issuer = null
	sasl.oauthbearer.header.urlencode = false
	sasl.oauthbearer.jwks.endpoint.refresh.ms = 3600000
	sasl.oauthbearer.jwks.endpoint.retry.backoff.max.ms = 10000
	sasl.oauthbearer.jwks.endpoint.retry.backoff.ms = 100
	sasl.oauthbearer.jwks.endpoint.url = null
	sasl.oauthbearer.scope.claim.name = scope
	sasl.oauthbearer.sub.claim.name = sub
	sasl.oauthbearer.token.endpoint.url = null
	security.protocol = PLAINTEXT
	security.providers = null
	send.buffer.bytes = 131072
	socket.connection.setup.timeout.max.ms = 30000
	socket.connection.setup.timeout.ms = 10000
	ssl.cipher.suites = null
	ssl.enabled.protocols = [TLSv1.2, TLSv1.3]
	ssl.endpoint.identification.algorithm = https
	ssl.engine.factory.class = null
	ssl.key.password = null
	ssl.keymanager.algorithm = SunX509
	ssl.keystore.certificate.chain = null
	ssl.keystore.key = null
	ssl.keystore.location = null
	ssl.keystore.password = null
	ssl.keystore.type = JKS
	ssl.protocol = TLSv1.3
	ssl.provider = null
	ssl.secure.random.implementation = null
	ssl.trustmanager.algorithm = PKIX
	ssl.truststore.certificates = null
	ssl.truststore.location = null
	ssl.truststore.password = null
	ssl.truststore.type = JKS
	transaction.timeout.ms = 60000
	transactional.id = null
	value.serializer = class io.apicurio.registry.serde.avro.AvroKafkaSerializer

2025-08-12 14:51:02,811 INFO  [org.apa.kaf.com.tel.int.KafkaMetricsCollector] (main) initializing Kafka metrics collector
2025-08-12 14:51:02,820 INFO  [org.apa.kaf.cli.pro.KafkaProducer] (main) [Producer clientId=Producer-topic-19c609db_4de8_457e_a6fb_5869e73084ee] Instantiated an idempotent producer.
2025-08-12 14:51:02,822 INFO  [org.apa.kaf.cli.pro.ProducerConfig] (main) These configurations '[apicurio.registry.url, apicurio.registry.auto-register, apicurio.registry.use-id, apicurio.registry.artifact-resolver-strategy]' were supplied but are not used yet.
2025-08-12 14:51:02,822 INFO  [org.apa.kaf.com.uti.AppInfoParser] (main) Kafka version: 3.9.1
2025-08-12 14:51:02,822 INFO  [org.apa.kaf.com.uti.AppInfoParser] (main) Kafka commitId: f745dfdcee2b9851
2025-08-12 14:51:02,822 INFO  [org.apa.kaf.com.uti.AppInfoParser] (main) Kafka startTimeMs: 1755010262822
2025-08-12 14:51:02,822 INFO  [io.api.tes.ser.api.SimpleSerdesTesterBuilder$SimpleSerdesTester] (main) Using producer configuration: {apicurio.registry.url=http://registry-app-pg17.apps.ci419.apicurio-testing.org:80/apis/registry/v3, apicurio.registry.auto-register=true, apicurio.registry.use-id=globalId, apicurio.registry.artifact-resolver-strategy=io.apicurio.registry.serde.strategy.TopicIdStrategy, value.serializer=io.apicurio.registry.serde.avro.AvroKafkaSerializer, request.timeout.ms=5000, acks=all, bootstrap.servers=PLAINTEXT://localhost:32769, connections.max.idle.ms=10000, key.serializer=org.apache.kafka.common.serialization.StringSerializer, client.id=Producer-topic-19c609db_4de8_457e_a6fb_5869e73084ee}
2025-08-12 14:51:02,822 INFO  [io.api.tes.ser.api.SimpleSerdesTesterBuilder$SimpleSerdesTester] (main) Using consumer configuration: {apicurio.registry.use-id=globalId}
2025-08-12 14:51:02,824 INFO  [io.api.tes.ser.api.KafkaSerdesTester] (Thread-741) Sending message {"key11755010262810": "value-0"} to topic topic-19c609db_4de8_457e_a6fb_5869e73084ee
2025-08-12 14:51:02,826 WARN  [org.apa.kaf.cli.NetworkClient] (kafka-producer-network-thread | Producer-topic-19c609db_4de8_457e_a6fb_5869e73084ee) [Producer clientId=Producer-topic-19c609db_4de8_457e_a6fb_5869e73084ee] The metadata response from the cluster reported a recoverable issue with correlation id 1 : {topic-19c609db_4de8_457e_a6fb_5869e73084ee=UNKNOWN_TOPIC_OR_PARTITION}
2025-08-12 14:51:02,827 INFO  [org.apa.kaf.cli.Metadata] (kafka-producer-network-thread | Producer-topic-19c609db_4de8_457e_a6fb_5869e73084ee) [Producer clientId=Producer-topic-19c609db_4de8_457e_a6fb_5869e73084ee] Cluster ID: 4oDFBklZQKWClKkNkfg_eQ
2025-08-12 14:51:02,827 INFO  [org.apa.kaf.cli.pro.int.TransactionManager] (kafka-producer-network-thread | Producer-topic-19c609db_4de8_457e_a6fb_5869e73084ee) [Producer clientId=Producer-topic-19c609db_4de8_457e_a6fb_5869e73084ee] ProducerId set to 25 with epoch 0
2025-08-12 14:51:03,092 INFO  [io.api.tes.ser.api.KafkaSerdesTester] (Thread-741) Sending message {"key11755010262810": "value-1"} to topic topic-19c609db_4de8_457e_a6fb_5869e73084ee
2025-08-12 14:51:03,093 INFO  [io.api.tes.ser.api.KafkaSerdesTester] (Thread-741) Sending message {"key11755010262810": "value-2"} to topic topic-19c609db_4de8_457e_a6fb_5869e73084ee
2025-08-12 14:51:03,095 INFO  [io.api.tes.ser.api.KafkaSerdesTester] (Thread-741) Sending message {"key11755010262810": "value-3"} to topic topic-19c609db_4de8_457e_a6fb_5869e73084ee
2025-08-12 14:51:03,096 INFO  [io.api.tes.ser.api.KafkaSerdesTester] (Thread-741) Sending message {"key11755010262810": "value-4"} to topic topic-19c609db_4de8_457e_a6fb_5869e73084ee
2025-08-12 14:51:03,098 INFO  [io.api.tes.ser.api.KafkaSerdesTester] (Thread-741) Sending message {"key11755010262810": "value-5"} to topic topic-19c609db_4de8_457e_a6fb_5869e73084ee
2025-08-12 14:51:03,100 INFO  [io.api.tes.ser.api.KafkaSerdesTester] (Thread-741) Sending message {"key11755010262810": "value-6"} to topic topic-19c609db_4de8_457e_a6fb_5869e73084ee
2025-08-12 14:51:03,101 INFO  [io.api.tes.ser.api.KafkaSerdesTester] (Thread-741) Sending message {"key11755010262810": "value-7"} to topic topic-19c609db_4de8_457e_a6fb_5869e73084ee
2025-08-12 14:51:03,105 INFO  [io.api.tes.ser.api.KafkaSerdesTester] (Thread-741) Sending message {"key11755010262810": "value-8"} to topic topic-19c609db_4de8_457e_a6fb_5869e73084ee
2025-08-12 14:51:03,107 INFO  [io.api.tes.ser.api.KafkaSerdesTester] (Thread-741) Sending message {"key11755010262810": "value-9"} to topic topic-19c609db_4de8_457e_a6fb_5869e73084ee
2025-08-12 14:51:03,110 INFO  [io.api.tes.ser.api.KafkaSerdesTester] (Thread-741) Produced 10 messages
2025-08-12 14:51:03,110 INFO  [org.apa.kaf.cli.pro.KafkaProducer] (Thread-741) [Producer clientId=Producer-topic-19c609db_4de8_457e_a6fb_5869e73084ee] Closing the Kafka producer with timeoutMillis = 9223372036854775807 ms.
2025-08-12 14:51:03,112 INFO  [org.apa.kaf.com.met.Metrics] (Thread-741) Metrics scheduler closed
2025-08-12 14:51:03,112 INFO  [org.apa.kaf.com.met.Metrics] (Thread-741) Closing reporter org.apache.kafka.common.metrics.JmxReporter
2025-08-12 14:51:03,112 INFO  [org.apa.kaf.com.met.Metrics] (Thread-741) Closing reporter org.apache.kafka.common.telemetry.internals.ClientTelemetryReporter
2025-08-12 14:51:03,112 INFO  [org.apa.kaf.com.met.Metrics] (Thread-741) Metrics reporters closed
2025-08-12 14:51:03,112 INFO  [org.apa.kaf.com.uti.AppInfoParser] (Thread-741) App info kafka.producer for Producer-topic-19c609db_4de8_457e_a6fb_5869e73084ee unregistered
**** Registry Base URL: http://registry-app-pg17.apps.ci419.apicurio-testing.org:80
2025-08-12 14:51:03,254 INFO  [org.apa.kaf.cli.con.ConsumerConfig] (main) ConsumerConfig values: 
	allow.auto.create.topics = true
	auto.commit.interval.ms = 500
	auto.include.jmx.reporter = true
	auto.offset.reset = earliest
	bootstrap.servers = [PLAINTEXT://localhost:32769]
	check.crcs = true
	client.dns.lookup = use_all_dns_ips
	client.id = consumer-Consumer-topic-19c609db_4de8_457e_a6fb_5869e73084ee-18
	client.rack = 
	connections.max.idle.ms = 10000
	default.api.timeout.ms = 60000
	enable.auto.commit = true
	enable.metrics.push = true
	exclude.internal.topics = true
	fetch.max.bytes = 52428800
	fetch.max.wait.ms = 500
	fetch.min.bytes = 1
	group.id = Consumer-topic-19c609db_4de8_457e_a6fb_5869e73084ee
	group.instance.id = null
	group.protocol = classic
	group.remote.assignor = null
	heartbeat.interval.ms = 3000
	interceptor.classes = []
	internal.leave.group.on.close = true
	internal.throw.on.fetch.stable.offset.unsupported = false
	isolation.level = read_uncommitted
	key.deserializer = class org.apache.kafka.common.serialization.StringDeserializer
	max.partition.fetch.bytes = 1048576
	max.poll.interval.ms = 300000
	max.poll.records = 500
	metadata.max.age.ms = 300000
	metadata.recovery.strategy = none
	metric.reporters = []
	metrics.num.samples = 2
	metrics.recording.level = INFO
	metrics.sample.window.ms = 30000
	partition.assignment.strategy = [class org.apache.kafka.clients.consumer.RangeAssignor, class org.apache.kafka.clients.consumer.CooperativeStickyAssignor]
	receive.buffer.bytes = 65536
	reconnect.backoff.max.ms = 1000
	reconnect.backoff.ms = 50
	request.timeout.ms = 5000
	retry.backoff.max.ms = 1000
	retry.backoff.ms = 100
	sasl.client.callback.handler.class = null
	sasl.jaas.config = null
	sasl.kerberos.kinit.cmd = /usr/bin/kinit
	sasl.kerberos.min.time.before.relogin = 60000
	sasl.kerberos.service.name = null
	sasl.kerberos.ticket.renew.jitter = 0.05
	sasl.kerberos.ticket.renew.window.factor = 0.8
	sasl.login.callback.handler.class = null
	sasl.login.class = null
	sasl.login.connect.timeout.ms = null
	sasl.login.read.timeout.ms = null
	sasl.login.refresh.buffer.seconds = 300
	sasl.login.refresh.min.period.seconds = 60
	sasl.login.refresh.window.factor = 0.8
	sasl.login.refresh.window.jitter = 0.05
	sasl.login.retry.backoff.max.ms = 10000
	sasl.login.retry.backoff.ms = 100
	sasl.mechanism = GSSAPI
	sasl.oauthbearer.clock.skew.seconds = 30
	sasl.oauthbearer.expected.audience = null
	sasl.oauthbearer.expected.issuer = null
	sasl.oauthbearer.header.urlencode = false
	sasl.oauthbearer.jwks.endpoint.refresh.ms = 3600000
	sasl.oauthbearer.jwks.endpoint.retry.backoff.max.ms = 10000
	sasl.oauthbearer.jwks.endpoint.retry.backoff.ms = 100
	sasl.oauthbearer.jwks.endpoint.url = null
	sasl.oauthbearer.scope.claim.name = scope
	sasl.oauthbearer.sub.claim.name = sub
	sasl.oauthbearer.token.endpoint.url = null
	security.protocol = PLAINTEXT
	security.providers = null
	send.buffer.bytes = 131072
	session.timeout.ms = 45000
	socket.connection.setup.timeout.max.ms = 30000
	socket.connection.setup.timeout.ms = 10000
	ssl.cipher.suites = null
	ssl.enabled.protocols = [TLSv1.2, TLSv1.3]
	ssl.endpoint.identification.algorithm = https
	ssl.engine.factory.class = null
	ssl.key.password = null
	ssl.keymanager.algorithm = SunX509
	ssl.keystore.certificate.chain = null
	ssl.keystore.key = null
	ssl.keystore.location = null
	ssl.keystore.password = null
	ssl.keystore.type = JKS
	ssl.protocol = TLSv1.3
	ssl.provider = null
	ssl.secure.random.implementation = null
	ssl.trustmanager.algorithm = PKIX
	ssl.truststore.certificates = null
	ssl.truststore.location = null
	ssl.truststore.password = null
	ssl.truststore.type = JKS
	value.deserializer = class io.apicurio.registry.serde.avro.AvroKafkaDeserializer

2025-08-12 14:51:03,255 INFO  [org.apa.kaf.com.tel.int.KafkaMetricsCollector] (main) initializing Kafka metrics collector
2025-08-12 14:51:03,258 INFO  [org.apa.kaf.cli.con.ConsumerConfig] (main) These configurations '[apicurio.registry.url, apicurio.registry.use-id]' were supplied but are not used yet.
2025-08-12 14:51:03,259 INFO  [org.apa.kaf.com.uti.AppInfoParser] (main) Kafka version: 3.9.1
2025-08-12 14:51:03,259 INFO  [org.apa.kaf.com.uti.AppInfoParser] (main) Kafka commitId: f745dfdcee2b9851
2025-08-12 14:51:03,259 INFO  [org.apa.kaf.com.uti.AppInfoParser] (main) Kafka startTimeMs: 1755010263259
2025-08-12 14:51:03,259 INFO  [org.apa.kaf.cli.con.int.ClassicKafkaConsumer] (Thread-744) [Consumer clientId=consumer-Consumer-topic-19c609db_4de8_457e_a6fb_5869e73084ee-18, groupId=Consumer-topic-19c609db_4de8_457e_a6fb_5869e73084ee] Subscribed to topic(s): topic-19c609db_4de8_457e_a6fb_5869e73084ee
2025-08-12 14:51:03,264 INFO  [org.apa.kaf.cli.Metadata] (Thread-744) [Consumer clientId=consumer-Consumer-topic-19c609db_4de8_457e_a6fb_5869e73084ee-18, groupId=Consumer-topic-19c609db_4de8_457e_a6fb_5869e73084ee] Cluster ID: 4oDFBklZQKWClKkNkfg_eQ
2025-08-12 14:51:03,265 INFO  [org.apa.kaf.cli.con.int.ConsumerCoordinator] (Thread-744) [Consumer clientId=consumer-Consumer-topic-19c609db_4de8_457e_a6fb_5869e73084ee-18, groupId=Consumer-topic-19c609db_4de8_457e_a6fb_5869e73084ee] Discovered group coordinator localhost:32769 (id: 2147483647 rack: null)
2025-08-12 14:51:03,268 INFO  [org.apa.kaf.cli.con.int.ConsumerCoordinator] (Thread-744) [Consumer clientId=consumer-Consumer-topic-19c609db_4de8_457e_a6fb_5869e73084ee-18, groupId=Consumer-topic-19c609db_4de8_457e_a6fb_5869e73084ee] (Re-)joining group
2025-08-12 14:51:03,271 INFO  [org.apa.kaf.cli.con.int.ConsumerCoordinator] (Thread-744) [Consumer clientId=consumer-Consumer-topic-19c609db_4de8_457e_a6fb_5869e73084ee-18, groupId=Consumer-topic-19c609db_4de8_457e_a6fb_5869e73084ee] Request joining group due to: need to re-join with the given member-id: consumer-Consumer-topic-19c609db_4de8_457e_a6fb_5869e73084ee-18-0934fdc6-2104-4a04-b0a8-f5029440e6d8
2025-08-12 14:51:03,271 INFO  [org.apa.kaf.cli.con.int.ConsumerCoordinator] (Thread-744) [Consumer clientId=consumer-Consumer-topic-19c609db_4de8_457e_a6fb_5869e73084ee-18, groupId=Consumer-topic-19c609db_4de8_457e_a6fb_5869e73084ee] (Re-)joining group
2025-08-12 14:51:04,259 INFO  [io.api.tes.ser.api.KafkaSerdesTester] (Thread-744) None found
2025-08-12 14:51:05,259 INFO  [io.api.tes.ser.api.KafkaSerdesTester] (Thread-744) None found
2025-08-12 14:51:06,260 INFO  [io.api.tes.ser.api.KafkaSerdesTester] (Thread-744) None found
2025-08-12 14:51:06,275 INFO  [org.apa.kaf.cli.con.int.ConsumerCoordinator] (Thread-744) [Consumer clientId=consumer-Consumer-topic-19c609db_4de8_457e_a6fb_5869e73084ee-18, groupId=Consumer-topic-19c609db_4de8_457e_a6fb_5869e73084ee] Successfully joined group with generation Generation{generationId=1, memberId='consumer-Consumer-topic-19c609db_4de8_457e_a6fb_5869e73084ee-18-0934fdc6-2104-4a04-b0a8-f5029440e6d8', protocol='range'}
2025-08-12 14:51:06,276 INFO  [org.apa.kaf.cli.con.int.ConsumerCoordinator] (Thread-744) [Consumer clientId=consumer-Consumer-topic-19c609db_4de8_457e_a6fb_5869e73084ee-18, groupId=Consumer-topic-19c609db_4de8_457e_a6fb_5869e73084ee] Finished assignment for group at generation 1: {consumer-Consumer-topic-19c609db_4de8_457e_a6fb_5869e73084ee-18-0934fdc6-2104-4a04-b0a8-f5029440e6d8=Assignment(partitions=[topic-19c609db_4de8_457e_a6fb_5869e73084ee-0])}
2025-08-12 14:51:06,282 INFO  [org.apa.kaf.cli.con.int.ConsumerCoordinator] (Thread-744) [Consumer clientId=consumer-Consumer-topic-19c609db_4de8_457e_a6fb_5869e73084ee-18, groupId=Consumer-topic-19c609db_4de8_457e_a6fb_5869e73084ee] Successfully synced group in generation Generation{generationId=1, memberId='consumer-Consumer-topic-19c609db_4de8_457e_a6fb_5869e73084ee-18-0934fdc6-2104-4a04-b0a8-f5029440e6d8', protocol='range'}
2025-08-12 14:51:06,282 INFO  [org.apa.kaf.cli.con.int.ConsumerCoordinator] (Thread-744) [Consumer clientId=consumer-Consumer-topic-19c609db_4de8_457e_a6fb_5869e73084ee-18, groupId=Consumer-topic-19c609db_4de8_457e_a6fb_5869e73084ee] Notifying assignor about the new Assignment(partitions=[topic-19c609db_4de8_457e_a6fb_5869e73084ee-0])
2025-08-12 14:51:06,282 INFO  [org.apa.kaf.cli.con.int.ConsumerRebalanceListenerInvoker] (Thread-744) [Consumer clientId=consumer-Consumer-topic-19c609db_4de8_457e_a6fb_5869e73084ee-18, groupId=Consumer-topic-19c609db_4de8_457e_a6fb_5869e73084ee] Adding newly assigned partitions: topic-19c609db_4de8_457e_a6fb_5869e73084ee-0
2025-08-12 14:51:06,283 INFO  [org.apa.kaf.cli.con.int.ConsumerCoordinator] (Thread-744) [Consumer clientId=consumer-Consumer-topic-19c609db_4de8_457e_a6fb_5869e73084ee-18, groupId=Consumer-topic-19c609db_4de8_457e_a6fb_5869e73084ee] Found no committed offset for partition topic-19c609db_4de8_457e_a6fb_5869e73084ee-0
2025-08-12 14:51:06,286 INFO  [org.apa.kaf.cli.con.int.SubscriptionState] (Thread-744) [Consumer clientId=consumer-Consumer-topic-19c609db_4de8_457e_a6fb_5869e73084ee-18, groupId=Consumer-topic-19c609db_4de8_457e_a6fb_5869e73084ee] Resetting offset for partition topic-19c609db_4de8_457e_a6fb_5869e73084ee-0 to position FetchPosition{offset=0, offsetEpoch=Optional.empty, currentLeader=LeaderAndEpoch{leader=Optional[localhost:32769 (id: 0 rack: null)], epoch=0}}.
2025-08-12 14:51:06,463 INFO  [io.api.tes.ser.api.KafkaSerdesTester] (Thread-744) topic-19c609db_4de8_457e_a6fb_5869e73084ee 0 0 {"key11755010262810": "value-0"}
2025-08-12 14:51:06,463 INFO  [io.api.tes.ser.api.KafkaSerdesTester] (Thread-744) topic-19c609db_4de8_457e_a6fb_5869e73084ee 0 1 {"key11755010262810": "value-1"}
2025-08-12 14:51:06,463 INFO  [io.api.tes.ser.api.KafkaSerdesTester] (Thread-744) topic-19c609db_4de8_457e_a6fb_5869e73084ee 0 2 {"key11755010262810": "value-2"}
2025-08-12 14:51:06,463 INFO  [io.api.tes.ser.api.KafkaSerdesTester] (Thread-744) topic-19c609db_4de8_457e_a6fb_5869e73084ee 0 3 {"key11755010262810": "value-3"}
2025-08-12 14:51:06,463 INFO  [io.api.tes.ser.api.KafkaSerdesTester] (Thread-744) topic-19c609db_4de8_457e_a6fb_5869e73084ee 0 4 {"key11755010262810": "value-4"}
2025-08-12 14:51:06,463 INFO  [io.api.tes.ser.api.KafkaSerdesTester] (Thread-744) topic-19c609db_4de8_457e_a6fb_5869e73084ee 0 5 {"key11755010262810": "value-5"}
2025-08-12 14:51:06,463 INFO  [io.api.tes.ser.api.KafkaSerdesTester] (Thread-744) topic-19c609db_4de8_457e_a6fb_5869e73084ee 0 6 {"key11755010262810": "value-6"}
2025-08-12 14:51:06,463 INFO  [io.api.tes.ser.api.KafkaSerdesTester] (Thread-744) topic-19c609db_4de8_457e_a6fb_5869e73084ee 0 7 {"key11755010262810": "value-7"}
2025-08-12 14:51:06,463 INFO  [io.api.tes.ser.api.KafkaSerdesTester] (Thread-744) topic-19c609db_4de8_457e_a6fb_5869e73084ee 0 8 {"key11755010262810": "value-8"}
2025-08-12 14:51:06,463 INFO  [io.api.tes.ser.api.KafkaSerdesTester] (Thread-744) topic-19c609db_4de8_457e_a6fb_5869e73084ee 0 9 {"key11755010262810": "value-9"}
2025-08-12 14:51:06,463 INFO  [io.api.tes.ser.api.KafkaSerdesTester] (Thread-744) Consumed 10 messages
2025-08-12 14:51:06,471 INFO  [org.apa.kaf.cli.con.int.ConsumerRebalanceListenerInvoker] (Thread-744) [Consumer clientId=consumer-Consumer-topic-19c609db_4de8_457e_a6fb_5869e73084ee-18, groupId=Consumer-topic-19c609db_4de8_457e_a6fb_5869e73084ee] Revoke previously assigned partitions topic-19c609db_4de8_457e_a6fb_5869e73084ee-0
2025-08-12 14:51:06,471 INFO  [org.apa.kaf.cli.con.int.ConsumerCoordinator] (Thread-744) [Consumer clientId=consumer-Consumer-topic-19c609db_4de8_457e_a6fb_5869e73084ee-18, groupId=Consumer-topic-19c609db_4de8_457e_a6fb_5869e73084ee] Member consumer-Consumer-topic-19c609db_4de8_457e_a6fb_5869e73084ee-18-0934fdc6-2104-4a04-b0a8-f5029440e6d8 sending LeaveGroup request to coordinator localhost:32769 (id: 2147483647 rack: null) due to the consumer is being closed
2025-08-12 14:51:06,471 INFO  [org.apa.kaf.cli.con.int.ConsumerCoordinator] (Thread-744) [Consumer clientId=consumer-Consumer-topic-19c609db_4de8_457e_a6fb_5869e73084ee-18, groupId=Consumer-topic-19c609db_4de8_457e_a6fb_5869e73084ee] Resetting generation and member id due to: consumer pro-actively leaving the group
2025-08-12 14:51:06,471 INFO  [org.apa.kaf.cli.con.int.ConsumerCoordinator] (Thread-744) [Consumer clientId=consumer-Consumer-topic-19c609db_4de8_457e_a6fb_5869e73084ee-18, groupId=Consumer-topic-19c609db_4de8_457e_a6fb_5869e73084ee] Request joining group due to: consumer pro-actively leaving the group
2025-08-12 14:51:06,965 INFO  [org.apa.kaf.com.met.Metrics] (Thread-744) Metrics scheduler closed
2025-08-12 14:51:06,965 INFO  [org.apa.kaf.com.met.Metrics] (Thread-744) Closing reporter org.apache.kafka.common.metrics.JmxReporter
2025-08-12 14:51:06,965 INFO  [org.apa.kaf.com.met.Metrics] (Thread-744) Closing reporter org.apache.kafka.common.telemetry.internals.ClientTelemetryReporter
2025-08-12 14:51:06,965 INFO  [org.apa.kaf.com.met.Metrics] (Thread-744) Metrics reporters closed
2025-08-12 14:51:06,967 INFO  [org.apa.kaf.com.uti.AppInfoParser] (Thread-744) App info kafka.consumer for consumer-Consumer-topic-19c609db_4de8_457e_a6fb_5869e73084ee-18 unregistered
2025-08-12 14:51:06,968 INFO  [io.api.tes.uti.TestSeparator] (main) io.apicurio.tests.serdes.apicurio.AvroSerdeIT.testGlobalIdInBody-FINISHED
2025-08-12 14:51:06,968 INFO  [io.api.tes.uti.TestSeparator] (main) ############################################################################
Test passed: testGlobalIdInBody
]]></system-out>
  </testcase>
  <testcase name="testProducerUsesGlobalIdConsumerUsesDefault" classname="io.apicurio.tests.serdes.apicurio.AvroSerdeIT" time="0.0">
    <skipped message="void io.apicurio.tests.serdes.apicurio.AvroSerdeIT.testProducerUsesGlobalIdConsumerUsesDefault() throws java.lang.Exception is @Disabled"/>
  </testcase>
</testsuite>