<?xml version="1.0" encoding="UTF-8"?>
<testsuite xmlns:xsi="http://www.w3.org/2001/XMLSchema-instance" xsi:noNamespaceSchemaLocation="https://maven.apache.org/surefire/maven-failsafe-plugin/xsd/failsafe-test-report.xsd" version="3.0.2" name="io.apicurio.tests.serdes.confluent.BasicConfluentSerDesIT" time="43.87" tests="8" errors="0" skipped="0" failures="0">
  <properties>
    <property name="java.specification.version" value="17"/>
    <property name="sun.jnu.encoding" value="UTF-8"/>
    <property name="java.class.path" value="/home/runner/work/apicurio-testing/apicurio-testing/clusters/ci419/namespaces/pg17/tests/integration/apicurio-registry/integration-tests/target/test-classes:/home/runner/work/apicurio-testing/apicurio-testing/clusters/ci419/namespaces/pg17/tests/integration/apicurio-registry/integration-tests/target/apicurio-registry-integration-tests-3.0.12-SNAPSHOT.jar:/home/runner/.m2/repository/io/quarkus/quarkus-junit5/3.20.2/quarkus-junit5-3.20.2.jar:/home/runner/.m2/repository/io/quarkus/quarkus-bootstrap-core/3.20.2/quarkus-bootstrap-core-3.20.2.jar:/home/runner/.m2/repository/io/quarkus/quarkus-classloader-commons/3.20.2/quarkus-classloader-commons-3.20.2.jar:/home/runner/.m2/repository/io/quarkus/quarkus-bootstrap-app-model/3.20.2/quarkus-bootstrap-app-model-3.20.2.jar:/home/runner/.m2/repository/io/smallrye/common/smallrye-common-io/2.12.0/smallrye-common-io-2.12.0.jar:/home/runner/.m2/repository/org/eclipse/sisu/org.eclipse.sisu.inject/0.9.0.M3/org.eclipse.sisu.inject-0.9.0.M3.jar:/home/runner/.m2/repository/io/quarkus/quarkus-test-common/3.20.2/quarkus-test-common-3.20.2.jar:/home/runner/.m2/repository/io/quarkus/quarkus-core-deployment/3.20.2/quarkus-core-deployment-3.20.2.jar:/home/runner/.m2/repository/org/aesh/readline/2.6/readline-2.6.jar:/home/runner/.m2/repository/org/fusesource/jansi/jansi/2.4.0/jansi-2.4.0.jar:/home/runner/.m2/repository/org/aesh/aesh/2.8.2/aesh-2.8.2.jar:/home/runner/.m2/repository/io/quarkus/gizmo/gizmo/1.8.0/gizmo-1.8.0.jar:/home/runner/.m2/repository/org/ow2/asm/asm-util/9.7.1/asm-util-9.7.1.jar:/home/runner/.m2/repository/org/ow2/asm/asm-analysis/9.7.1/asm-analysis-9.7.1.jar:/home/runner/.m2/repository/org/ow2/asm/asm-commons/9.7.1/asm-commons-9.7.1.jar:/home/runner/.m2/repository/org/ow2/asm/asm-tree/9.7.1/asm-tree-9.7.1.jar:/home/runner/.m2/repository/io/quarkus/quarkus-hibernate-validator-spi/3.20.2/quarkus-hibernate-validator-spi-3.20.2.jar:/home/runner/.m2/repository/io/quarkus/quarkus-class-change-agent/3.20.2/quarkus-class-change-agent-3.20.2.jar:/home/runner/.m2/repository/io/quarkus/quarkus-devtools-utilities/3.20.2/quarkus-devtools-utilities-3.20.2.jar:/home/runner/.m2/repository/io/quarkus/quarkus-builder/3.20.2/quarkus-builder-3.20.2.jar:/home/runner/.m2/repository/org/graalvm/sdk/nativeimage/23.1.2/nativeimage-23.1.2.jar:/home/runner/.m2/repository/org/graalvm/sdk/word/23.1.2/word-23.1.2.jar:/home/runner/.m2/repository/io/quarkus/quarkus-bootstrap-maven-resolver/3.20.2/quarkus-bootstrap-maven-resolver-3.20.2.jar:/home/runner/.m2/repository/io/smallrye/beanbag/smallrye-beanbag-maven/1.5.2/smallrye-beanbag-maven-1.5.2.jar:/home/runner/.m2/repository/io/smallrye/beanbag/smallrye-beanbag-sisu/1.5.2/smallrye-beanbag-sisu-1.5.2.jar:/home/runner/.m2/repository/io/smallrye/beanbag/smallrye-beanbag/1.5.2/smallrye-beanbag-1.5.2.jar:/home/runner/.m2/repository/javax/inject/javax.inject/1/javax.inject-1.jar:/home/runner/.m2/repository/org/apache/maven/maven-artifact/3.9.9/maven-artifact-3.9.9.jar:/home/runner/.m2/repository/org/apache/maven/maven-builder-support/3.9.9/maven-builder-support-3.9.9.jar:/home/runner/.m2/repository/org/apache/maven/maven-model/3.9.9/maven-model-3.9.9.jar:/home/runner/.m2/repository/org/apache/maven/maven-model-builder/3.9.9/maven-model-builder-3.9.9.jar:/home/runner/.m2/repository/org/apache/maven/maven-repository-metadata/3.9.9/maven-repository-metadata-3.9.9.jar:/home/runner/.m2/repository/org/apache/maven/maven-settings/3.9.9/maven-settings-3.9.9.jar:/home/runner/.m2/repository/org/apache/maven/resolver/maven-resolver-api/1.9.22/maven-resolver-api-1.9.22.jar:/home/runner/.m2/repository/org/apache/maven/resolver/maven-resolver-impl/1.9.22/maven-resolver-impl-1.9.22.jar:/home/runner/.m2/repository/org/apache/maven/resolver/maven-resolver-named-locks/1.9.22/maven-resolver-named-locks-1.9.22.jar:/home/runner/.m2/repository/org/apache/maven/resolver/maven-resolver-spi/1.9.22/maven-resolver-spi-1.9.22.jar:/home/runner/.m2/repository/org/apache/maven/resolver/maven-resolver-util/1.9.22/maven-resolver-util-1.9.22.jar:/home/runner/.m2/repository/org/apache/maven/resolver/maven-resolver-transport-http/1.9.20/maven-resolver-transport-http-1.9.20.jar:/home/runner/.m2/repository/org/apache/maven/wagon/wagon-provider-api/3.5.3/wagon-provider-api-3.5.3.jar:/home/runner/.m2/repository/org/apache/maven/wagon/wagon-http-shared/3.5.3/wagon-http-shared-3.5.3.jar:/home/runner/.m2/repository/org/codehaus/plexus/plexus-interpolation/1.26/plexus-interpolation-1.26.jar:/home/runner/.m2/repository/org/codehaus/plexus/plexus-utils/3.5.1/plexus-utils-3.5.1.jar:/home/runner/.m2/repository/org/codehaus/plexus/plexus-xml/4.0.1/plexus-xml-4.0.1.jar:/home/runner/.m2/repository/org/apache/maven/maven-xml-impl/4.0.0-alpha-5/maven-xml-impl-4.0.0-alpha-5.jar:/home/runner/.m2/repository/org/apache/maven/maven-api-xml/4.0.0-alpha-5/maven-api-xml-4.0.0-alpha-5.jar:/home/runner/.m2/repository/org/apache/maven/maven-api-meta/4.0.0-alpha-5/maven-api-meta-4.0.0-alpha-5.jar:/home/runner/.m2/repository/org/codehaus/plexus/plexus-cipher/2.0/plexus-cipher-2.0.jar:/home/runner/.m2/repository/org/codehaus/plexus/plexus-sec-dispatcher/2.0/plexus-sec-dispatcher-2.0.jar:/home/runner/.m2/repository/org/apache/maven/maven-embedder/3.9.9/maven-embedder-3.9.9.jar:/home/runner/.m2/repository/org/apache/maven/maven-core/3.9.9/maven-core-3.9.9.jar:/home/runner/.m2/repository/org/codehaus/plexus/plexus-component-annotations/2.1.0/plexus-component-annotations-2.1.0.jar:/home/runner/.m2/repository/org/apache/maven/maven-plugin-api/3.9.9/maven-plugin-api-3.9.9.jar:/home/runner/.m2/repository/org/apache/maven/shared/maven-shared-utils/3.4.2/maven-shared-utils-3.4.2.jar:/home/runner/.m2/repository/com/google/inject/guice/5.1.0/guice-5.1.0.jar:/home/runner/.m2/repository/aopalliance/aopalliance/1.0/aopalliance-1.0.jar:/home/runner/.m2/repository/org/codehaus/plexus/plexus-classworlds/2.6.0/plexus-classworlds-2.6.0.jar:/home/runner/.m2/repository/commons-cli/commons-cli/1.8.0/commons-cli-1.8.0.jar:/home/runner/.m2/repository/org/eclipse/sisu/org.eclipse.sisu.plexus/0.9.0.M3/org.eclipse.sisu.plexus-0.9.0.M3.jar:/home/runner/.m2/repository/org/apache/maven/maven-settings-builder/3.9.9/maven-settings-builder-3.9.9.jar:/home/runner/.m2/repository/org/apache/maven/maven-resolver-provider/3.9.9/maven-resolver-provider-3.9.9.jar:/home/runner/.m2/repository/org/apache/maven/resolver/maven-resolver-connector-basic/1.9.22/maven-resolver-connector-basic-1.9.22.jar:/home/runner/.m2/repository/org/apache/maven/resolver/maven-resolver-transport-wagon/1.9.22/maven-resolver-transport-wagon-1.9.22.jar:/home/runner/.m2/repository/org/apache/maven/wagon/wagon-http/3.5.3/wagon-http-3.5.3.jar:/home/runner/.m2/repository/org/apache/maven/wagon/wagon-file/3.5.3/wagon-file-3.5.3.jar:/home/runner/.m2/repository/io/quarkus/quarkus-bootstrap-gradle-resolver/3.20.2/quarkus-bootstrap-gradle-resolver-3.20.2.jar:/home/runner/.m2/repository/io/smallrye/jandex/3.3.0/jandex-3.3.0.jar:/home/runner/.m2/repository/org/jboss/logging/commons-logging-jboss-logging/1.0.0.Final/commons-logging-jboss-logging-1.0.0.Final.jar:/home/runner/.m2/repository/io/quarkus/quarkus-junit5-config/3.20.2/quarkus-junit5-config-3.20.2.jar:/home/runner/.m2/repository/org/junit/jupiter/junit-jupiter-api/5.12.1/junit-jupiter-api-5.12.1.jar:/home/runner/.m2/repository/io/smallrye/config/smallrye-config/3.11.4/smallrye-config-3.11.4.jar:/home/runner/.m2/repository/io/smallrye/config/smallrye-config-core/3.11.4/smallrye-config-core-3.11.4.jar:/home/runner/.m2/repository/io/smallrye/common/smallrye-common-classloader/2.12.0/smallrye-common-classloader-2.12.0.jar:/home/runner/.m2/repository/io/smallrye/config/smallrye-config-common/3.11.4/smallrye-config-common-3.11.4.jar:/home/runner/.m2/repository/org/junit/jupiter/junit-jupiter/5.12.1/junit-jupiter-5.12.1.jar:/home/runner/.m2/repository/org/junit/jupiter/junit-jupiter-params/5.12.1/junit-jupiter-params-5.12.1.jar:/home/runner/.m2/repository/org/junit/jupiter/junit-jupiter-engine/5.12.1/junit-jupiter-engine-5.12.1.jar:/home/runner/.m2/repository/io/quarkus/quarkus-core/3.20.2/quarkus-core-3.20.2.jar:/home/runner/.m2/repository/jakarta/enterprise/jakarta.enterprise.cdi-api/4.1.0/jakarta.enterprise.cdi-api-4.1.0.jar:/home/runner/.m2/repository/jakarta/enterprise/jakarta.enterprise.lang-model/4.1.0/jakarta.enterprise.lang-model-4.1.0.jar:/home/runner/.m2/repository/jakarta/el/jakarta.el-api/5.0.1/jakarta.el-api-5.0.1.jar:/home/runner/.m2/repository/jakarta/interceptor/jakarta.interceptor-api/2.2.0/jakarta.interceptor-api-2.2.0.jar:/home/runner/.m2/repository/jakarta/inject/jakarta.inject-api/2.0.1/jakarta.inject-api-2.0.1.jar:/home/runner/.m2/repository/io/smallrye/common/smallrye-common-os/2.12.0/smallrye-common-os-2.12.0.jar:/home/runner/.m2/repository/io/quarkus/quarkus-ide-launcher/3.20.2/quarkus-ide-launcher-3.20.2.jar:/home/runner/.m2/repository/io/quarkus/quarkus-development-mode-spi/3.20.2/quarkus-development-mode-spi-3.20.2.jar:/home/runner/.m2/repository/org/jboss/logging/jboss-logging/3.6.1.Final/jboss-logging-3.6.1.Final.jar:/home/runner/.m2/repository/org/jboss/logmanager/jboss-logmanager/3.1.2.Final/jboss-logmanager-3.1.2.Final.jar:/home/runner/.m2/repository/io/smallrye/common/smallrye-common-constraint/2.12.0/smallrye-common-constraint-2.12.0.jar:/home/runner/.m2/repository/io/smallrye/common/smallrye-common-cpu/2.12.0/smallrye-common-cpu-2.12.0.jar:/home/runner/.m2/repository/io/smallrye/common/smallrye-common-expression/2.12.0/smallrye-common-expression-2.12.0.jar:/home/runner/.m2/repository/io/smallrye/common/smallrye-common-net/2.12.0/smallrye-common-net-2.12.0.jar:/home/runner/.m2/repository/io/smallrye/common/smallrye-common-ref/2.12.0/smallrye-common-ref-2.12.0.jar:/home/runner/.m2/repository/jakarta/json/jakarta.json-api/2.1.3/jakarta.json-api-2.1.3.jar:/home/runner/.m2/repository/org/eclipse/parsson/parsson/1.1.7/parsson-1.1.7.jar:/home/runner/.m2/repository/org/jboss/logging/jboss-logging-annotations/3.0.4.Final/jboss-logging-annotations-3.0.4.Final.jar:/home/runner/.m2/repository/org/jboss/threads/jboss-threads/3.8.0.Final/jboss-threads-3.8.0.Final.jar:/home/runner/.m2/repository/io/smallrye/common/smallrye-common-annotation/2.12.0/smallrye-common-annotation-2.12.0.jar:/home/runner/.m2/repository/io/smallrye/common/smallrye-common-function/2.12.0/smallrye-common-function-2.12.0.jar:/home/runner/.m2/repository/org/jboss/slf4j/slf4j-jboss-logmanager/2.0.0.Final/slf4j-jboss-logmanager-2.0.0.Final.jar:/home/runner/.m2/repository/org/wildfly/common/wildfly-common/2.0.1/wildfly-common-2.0.1.jar:/home/runner/.m2/repository/io/quarkus/quarkus-bootstrap-runner/3.20.2/quarkus-bootstrap-runner-3.20.2.jar:/home/runner/.m2/repository/io/github/crac/org-crac/0.1.3/org-crac-0.1.3.jar:/home/runner/.m2/repository/io/quarkus/quarkus-fs-util/0.0.10/quarkus-fs-util-0.0.10.jar:/home/runner/.m2/repository/org/jboss/marshalling/jboss-marshalling/2.2.2.Final/jboss-marshalling-2.2.2.Final.jar:/home/runner/.m2/repository/io/fabric8/kubernetes-client/7.1.0/kubernetes-client-7.1.0.jar:/home/runner/.m2/repository/io/fabric8/kubernetes-client-api/7.1.0/kubernetes-client-api-7.1.0.jar:/home/runner/.m2/repository/io/fabric8/kubernetes-model-core/7.1.0/kubernetes-model-core-7.1.0.jar:/home/runner/.m2/repository/io/fabric8/kubernetes-model-common/7.1.0/kubernetes-model-common-7.1.0.jar:/home/runner/.m2/repository/javax/annotation/javax.annotation-api/1.3.2/javax.annotation-api-1.3.2.jar:/home/runner/.m2/repository/io/fabric8/kubernetes-model-gatewayapi/7.1.0/kubernetes-model-gatewayapi-7.1.0.jar:/home/runner/.m2/repository/io/fabric8/kubernetes-model-resource/7.1.0/kubernetes-model-resource-7.1.0.jar:/home/runner/.m2/repository/io/fabric8/kubernetes-model-rbac/7.1.0/kubernetes-model-rbac-7.1.0.jar:/home/runner/.m2/repository/io/fabric8/kubernetes-model-admissionregistration/7.1.0/kubernetes-model-admissionregistration-7.1.0.jar:/home/runner/.m2/repository/io/fabric8/kubernetes-model-apps/7.1.0/kubernetes-model-apps-7.1.0.jar:/home/runner/.m2/repository/io/fabric8/kubernetes-model-autoscaling/7.1.0/kubernetes-model-autoscaling-7.1.0.jar:/home/runner/.m2/repository/io/fabric8/kubernetes-model-apiextensions/7.1.0/kubernetes-model-apiextensions-7.1.0.jar:/home/runner/.m2/repository/io/fabric8/kubernetes-model-batch/7.1.0/kubernetes-model-batch-7.1.0.jar:/home/runner/.m2/repository/io/fabric8/kubernetes-model-certificates/7.1.0/kubernetes-model-certificates-7.1.0.jar:/home/runner/.m2/repository/io/fabric8/kubernetes-model-coordination/7.1.0/kubernetes-model-coordination-7.1.0.jar:/home/runner/.m2/repository/io/fabric8/kubernetes-model-discovery/7.1.0/kubernetes-model-discovery-7.1.0.jar:/home/runner/.m2/repository/io/fabric8/kubernetes-model-events/7.1.0/kubernetes-model-events-7.1.0.jar:/home/runner/.m2/repository/io/fabric8/kubernetes-model-extensions/7.1.0/kubernetes-model-extensions-7.1.0.jar:/home/runner/.m2/repository/io/fabric8/kubernetes-model-flowcontrol/7.1.0/kubernetes-model-flowcontrol-7.1.0.jar:/home/runner/.m2/repository/io/fabric8/kubernetes-model-networking/7.1.0/kubernetes-model-networking-7.1.0.jar:/home/runner/.m2/repository/io/fabric8/kubernetes-model-metrics/7.1.0/kubernetes-model-metrics-7.1.0.jar:/home/runner/.m2/repository/io/fabric8/kubernetes-model-policy/7.1.0/kubernetes-model-policy-7.1.0.jar:/home/runner/.m2/repository/io/fabric8/kubernetes-model-scheduling/7.1.0/kubernetes-model-scheduling-7.1.0.jar:/home/runner/.m2/repository/io/fabric8/kubernetes-model-storageclass/7.1.0/kubernetes-model-storageclass-7.1.0.jar:/home/runner/.m2/repository/io/fabric8/kubernetes-model-node/7.1.0/kubernetes-model-node-7.1.0.jar:/home/runner/.m2/repository/org/snakeyaml/snakeyaml-engine/2.9/snakeyaml-engine-2.9.jar:/home/runner/.m2/repository/com/fasterxml/jackson/dataformat/jackson-dataformat-yaml/2.18.2/jackson-dataformat-yaml-2.18.2.jar:/home/runner/.m2/repository/com/fasterxml/jackson/datatype/jackson-datatype-jsr310/2.18.2/jackson-datatype-jsr310-2.18.2.jar:/home/runner/.m2/repository/io/fabric8/zjsonpatch/7.1.0/zjsonpatch-7.1.0.jar:/home/runner/.m2/repository/io/fabric8/kubernetes-httpclient-vertx/7.1.0/kubernetes-httpclient-vertx-7.1.0.jar:/home/runner/.m2/repository/io/vertx/vertx-web-client/4.5.16/vertx-web-client-4.5.16.jar:/home/runner/.m2/repository/io/vertx/vertx-web-common/4.5.16/vertx-web-common-4.5.16.jar:/home/runner/.m2/repository/io/vertx/vertx-auth-common/4.5.16/vertx-auth-common-4.5.16.jar:/home/runner/.m2/repository/io/vertx/vertx-uri-template/4.5.16/vertx-uri-template-4.5.16.jar:/home/runner/.m2/repository/io/fabric8/openshift-client/7.1.0/openshift-client-7.1.0.jar:/home/runner/.m2/repository/io/fabric8/openshift-client-api/7.1.0/openshift-client-api-7.1.0.jar:/home/runner/.m2/repository/io/fabric8/openshift-model/7.1.0/openshift-model-7.1.0.jar:/home/runner/.m2/repository/io/fabric8/openshift-model-autoscaling/7.1.0/openshift-model-autoscaling-7.1.0.jar:/home/runner/.m2/repository/io/fabric8/openshift-model-operator/7.1.0/openshift-model-operator-7.1.0.jar:/home/runner/.m2/repository/io/fabric8/openshift-model-operatorhub/7.1.0/openshift-model-operatorhub-7.1.0.jar:/home/runner/.m2/repository/io/fabric8/openshift-model-machine/7.1.0/openshift-model-machine-7.1.0.jar:/home/runner/.m2/repository/io/fabric8/openshift-model-whereabouts/7.1.0/openshift-model-whereabouts-7.1.0.jar:/home/runner/.m2/repository/io/fabric8/openshift-model-monitoring/7.1.0/openshift-model-monitoring-7.1.0.jar:/home/runner/.m2/repository/io/fabric8/openshift-model-storageversionmigrator/7.1.0/openshift-model-storageversionmigrator-7.1.0.jar:/home/runner/.m2/repository/io/fabric8/openshift-model-tuned/7.1.0/openshift-model-tuned-7.1.0.jar:/home/runner/.m2/repository/io/fabric8/openshift-model-console/7.1.0/openshift-model-console-7.1.0.jar:/home/runner/.m2/repository/io/fabric8/openshift-model-config/7.1.0/openshift-model-config-7.1.0.jar:/home/runner/.m2/repository/io/fabric8/openshift-model-machineconfiguration/7.1.0/openshift-model-machineconfiguration-7.1.0.jar:/home/runner/.m2/repository/io/fabric8/openshift-model-miscellaneous/7.1.0/openshift-model-miscellaneous-7.1.0.jar:/home/runner/.m2/repository/io/fabric8/openshift-model-hive/7.1.0/openshift-model-hive-7.1.0.jar:/home/runner/.m2/repository/io/fabric8/openshift-model-installer/7.1.0/openshift-model-installer-7.1.0.jar:/home/runner/.m2/repository/org/junit/platform/junit-platform-launcher/1.12.1/junit-platform-launcher-1.12.1.jar:/home/runner/.m2/repository/org/junit/platform/junit-platform-engine/1.12.1/junit-platform-engine-1.12.1.jar:/home/runner/.m2/repository/org/opentest4j/opentest4j/1.3.0/opentest4j-1.3.0.jar:/home/runner/.m2/repository/org/junit/platform/junit-platform-commons/1.12.1/junit-platform-commons-1.12.1.jar:/home/runner/.m2/repository/org/apiguardian/apiguardian-api/1.1.2/apiguardian-api-1.1.2.jar:/home/runner/.m2/repository/jakarta/ws/rs/jakarta.ws.rs-api/3.1.0/jakarta.ws.rs-api-3.1.0.jar:/home/runner/work/apicurio-testing/apicurio-testing/clusters/ci419/namespaces/pg17/tests/integration/apicurio-registry/java-sdk/target/apicurio-registry-java-sdk-3.0.12-SNAPSHOT.jar:/home/runner/.m2/repository/com/microsoft/kiota/microsoft-kiota-abstractions/1.8.9/microsoft-kiota-abstractions-1.8.9.jar:/home/runner/.m2/repository/io/github/std-uritemplate/std-uritemplate/2.0.0/std-uritemplate-2.0.0.jar:/home/runner/.m2/repository/io/kiota/kiota-http-jdk/0.0.29/kiota-http-jdk-0.0.29.jar:/home/runner/.m2/repository/io/kiota/kiota-http-vertx/0.0.29/kiota-http-vertx-0.0.29.jar:/home/runner/.m2/repository/io/kiota/kiota-serialization-jackson/0.0.29/kiota-serialization-jackson-0.0.29.jar:/home/runner/.m2/repository/com/microsoft/kiota/microsoft-kiota-serialization-text/1.8.9/microsoft-kiota-serialization-text-1.8.9.jar:/home/runner/.m2/repository/com/microsoft/kiota/microsoft-kiota-serialization-form/1.8.9/microsoft-kiota-serialization-form-1.8.9.jar:/home/runner/.m2/repository/com/microsoft/kiota/microsoft-kiota-serialization-multipart/1.8.9/microsoft-kiota-serialization-multipart-1.8.9.jar:/home/runner/.m2/repository/jakarta/annotation/jakarta.annotation-api/3.0.0/jakarta.annotation-api-3.0.0.jar:/home/runner/.m2/repository/io/vertx/vertx-auth-oauth2/4.5.16/vertx-auth-oauth2-4.5.16.jar:/home/runner/work/apicurio-testing/apicurio-testing/clusters/ci419/namespaces/pg17/tests/integration/apicurio-registry/java-sdk-v2/target/apicurio-registry-v2-java-sdk-3.0.12-SNAPSHOT.jar:/home/runner/work/apicurio-testing/apicurio-testing/clusters/ci419/namespaces/pg17/tests/integration/apicurio-registry/utils/kafka/target/apicurio-registry-utils-kafka-3.0.12-SNAPSHOT-tests.jar:/home/runner/.m2/repository/org/eclipse/microprofile/config/microprofile-config-api/3.1/microprofile-config-api-3.1.jar:/home/runner/.m2/repository/org/apache/kafka/kafka-clients/3.9.1/kafka-clients-3.9.1.jar:/home/runner/.m2/repository/com/github/luben/zstd-jni/1.5.6-4/zstd-jni-1.5.6-4.jar:/home/runner/.m2/repository/org/lz4/lz4-java/1.8.0/lz4-java-1.8.0.jar:/home/runner/.m2/repository/org/xerial/snappy/snappy-java/1.1.10.5/snappy-java-1.1.10.5.jar:/home/runner/.m2/repository/org/slf4j/slf4j-api/2.0.6/slf4j-api-2.0.6.jar:/home/runner/work/apicurio-testing/apicurio-testing/clusters/ci419/namespaces/pg17/tests/integration/apicurio-registry/utils/tests/target/apicurio-registry-utils-tests-3.0.12-SNAPSHOT.jar:/home/runner/work/apicurio-testing/apicurio-testing/clusters/ci419/namespaces/pg17/tests/integration/apicurio-registry/common/target/apicurio-registry-common-3.0.12-SNAPSHOT.jar:/home/runner/.m2/repository/jakarta/validation/jakarta.validation-api/3.0.2/jakarta.validation-api-3.0.2.jar:/home/runner/.m2/repository/com/github/dasniko/testcontainers-keycloak/3.8.0/testcontainers-keycloak-3.8.0.jar:/home/runner/.m2/repository/org/testcontainers/testcontainers/1.20.6/testcontainers-1.20.6.jar:/home/runner/.m2/repository/org/rnorth/duct-tape/duct-tape/1.0.8/duct-tape-1.0.8.jar:/home/runner/.m2/repository/com/github/docker-java/docker-java-transport-zerodep/3.4.1/docker-java-transport-zerodep-3.4.1.jar:/home/runner/.m2/repository/com/github/docker-java/docker-java-transport/3.4.1/docker-java-transport-3.4.1.jar:/home/runner/.m2/repository/net/java/dev/jna/jna/5.8.0/jna-5.8.0.jar:/home/runner/.m2/repository/io/quarkus/quarkus-junit4-mock/3.20.2/quarkus-junit4-mock-3.20.2.jar:/home/runner/.m2/repository/org/jboss/shrinkwrap/shrinkwrap-api/2.0.0-beta-2/shrinkwrap-api-2.0.0-beta-2.jar:/home/runner/.m2/repository/org/jboss/shrinkwrap/shrinkwrap-impl-base/2.0.0-beta-2/shrinkwrap-impl-base-2.0.0-beta-2.jar:/home/runner/.m2/repository/org/jboss/shrinkwrap/shrinkwrap-spi/2.0.0-beta-2/shrinkwrap-spi-2.0.0-beta-2.jar:/home/runner/.m2/repository/org/keycloak/keycloak-admin-client/26.0.4/keycloak-admin-client-26.0.4.jar:/home/runner/.m2/repository/org/keycloak/keycloak-client-common-synced/26.0.4/keycloak-client-common-synced-26.0.4.jar:/home/runner/.m2/repository/jakarta/activation/jakarta.activation-api/2.1.3/jakarta.activation-api-2.1.3.jar:/home/runner/.m2/repository/org/eclipse/microprofile/openapi/microprofile-openapi-api/4.0.2/microprofile-openapi-api-4.0.2.jar:/home/runner/.m2/repository/org/jboss/resteasy/resteasy-client/6.2.12.Final/resteasy-client-6.2.12.Final.jar:/home/runner/.m2/repository/org/jboss/resteasy/resteasy-client-api/6.2.12.Final/resteasy-client-api-6.2.12.Final.jar:/home/runner/.m2/repository/org/jboss/resteasy/resteasy-core-spi/6.2.12.Final/resteasy-core-spi-6.2.12.Final.jar:/home/runner/.m2/repository/org/jboss/resteasy/resteasy-core/6.2.12.Final/resteasy-core-6.2.12.Final.jar:/home/runner/.m2/repository/org/eclipse/angus/angus-activation/2.0.2/angus-activation-2.0.2.jar:/home/runner/.m2/repository/com/ibm/async/asyncutil/0.1.0/asyncutil-0.1.0.jar:/home/runner/.m2/repository/org/reactivestreams/reactive-streams/1.0.4/reactive-streams-1.0.4.jar:/home/runner/.m2/repository/org/jboss/resteasy/resteasy-multipart-provider/6.2.12.Final/resteasy-multipart-provider-6.2.12.Final.jar:/home/runner/.m2/repository/jakarta/mail/jakarta.mail-api/2.1.3/jakarta.mail-api-2.1.3.jar:/home/runner/.m2/repository/org/eclipse/angus/angus-mail/2.0.3/angus-mail-2.0.3.jar:/home/runner/.m2/repository/org/apache/james/apache-mime4j-dom/0.8.12/apache-mime4j-dom-0.8.12.jar:/home/runner/.m2/repository/org/apache/james/apache-mime4j-core/0.8.12/apache-mime4j-core-0.8.12.jar:/home/runner/.m2/repository/org/apache/james/apache-mime4j-storage/0.8.12/apache-mime4j-storage-0.8.12.jar:/home/runner/.m2/repository/org/jboss/resteasy/resteasy-jackson2-provider/6.2.12.Final/resteasy-jackson2-provider-6.2.12.Final.jar:/home/runner/.m2/repository/com/fasterxml/jackson/jakarta/rs/jackson-jakarta-rs-base/2.18.2/jackson-jakarta-rs-base-2.18.2.jar:/home/runner/.m2/repository/com/fasterxml/jackson/jakarta/rs/jackson-jakarta-rs-json-provider/2.18.2/jackson-jakarta-rs-json-provider-2.18.2.jar:/home/runner/.m2/repository/com/fasterxml/jackson/module/jackson-module-jakarta-xmlbind-annotations/2.18.2/jackson-module-jakarta-xmlbind-annotations-2.18.2.jar:/home/runner/.m2/repository/com/github/java-json-tools/json-patch/1.13/json-patch-1.13.jar:/home/runner/.m2/repository/com/github/java-json-tools/msg-simple/1.2/msg-simple-1.2.jar:/home/runner/.m2/repository/com/github/java-json-tools/btf/1.3/btf-1.3.jar:/home/runner/.m2/repository/com/github/java-json-tools/jackson-coreutils/2.0/jackson-coreutils-2.0.jar:/home/runner/.m2/repository/org/jboss/resteasy/resteasy-jaxb-provider/6.2.12.Final/resteasy-jaxb-provider-6.2.12.Final.jar:/home/runner/.m2/repository/org/glassfish/jaxb/codemodel/4.0.5/codemodel-4.0.5.jar:/home/runner/.m2/repository/org/glassfish/jaxb/jaxb-core/4.0.5/jaxb-core-4.0.5.jar:/home/runner/.m2/repository/org/glassfish/jaxb/jaxb-jxc/4.0.5/jaxb-jxc-4.0.5.jar:/home/runner/.m2/repository/org/glassfish/jaxb/jaxb-runtime/4.0.5/jaxb-runtime-4.0.5.jar:/home/runner/.m2/repository/org/glassfish/jaxb/txw2/4.0.5/txw2-4.0.5.jar:/home/runner/.m2/repository/org/glassfish/jaxb/jaxb-xjc/4.0.5/jaxb-xjc-4.0.5.jar:/home/runner/.m2/repository/org/glassfish/jaxb/xsom/4.0.5/xsom-4.0.5.jar:/home/runner/.m2/repository/com/sun/istack/istack-commons-runtime/4.1.2/istack-commons-runtime-4.1.2.jar:/home/runner/.m2/repository/com/sun/istack/istack-commons-tools/4.1.2/istack-commons-tools-4.1.2.jar:/home/runner/.m2/repository/com/sun/xml/bind/external/relaxng-datatype/4.0.5/relaxng-datatype-4.0.5.jar:/home/runner/.m2/repository/com/sun/xml/bind/external/rngom/4.0.5/rngom-4.0.5.jar:/home/runner/.m2/repository/org/testcontainers/mssqlserver/1.20.6/mssqlserver-1.20.6.jar:/home/runner/.m2/repository/org/testcontainers/jdbc/1.20.6/jdbc-1.20.6.jar:/home/runner/.m2/repository/org/testcontainers/database-commons/1.20.6/database-commons-1.20.6.jar:/home/runner/.m2/repository/org/testcontainers/mysql/1.20.6/mysql-1.20.6.jar:/home/runner/.m2/repository/io/strimzi/strimzi-test-container/0.111.0/strimzi-test-container-0.111.0.jar:/home/runner/.m2/repository/org/testcontainers/toxiproxy/1.20.6/toxiproxy-1.20.6.jar:/home/runner/.m2/repository/com/github/docker-java/docker-java-api/3.4.1/docker-java-api-3.4.1.jar:/home/runner/.m2/repository/org/apache/logging/log4j/log4j-slf4j-impl/2.19.0/log4j-slf4j-impl-2.19.0.jar:/home/runner/.m2/repository/org/apache/logging/log4j/log4j-api/2.24.3/log4j-api-2.24.3.jar:/home/runner/.m2/repository/org/apache/logging/log4j/log4j-core/2.19.0/log4j-core-2.19.0.jar:/home/runner/.m2/repository/eu/rekawek/toxiproxy/toxiproxy-java/2.1.7/toxiproxy-java-2.1.7.jar:/home/runner/.m2/repository/org/testcontainers/pulsar/1.21.3/pulsar-1.21.3.jar:/home/runner/.m2/repository/io/debezium/debezium-testing-testcontainers/2.7.4.Final/debezium-testing-testcontainers-2.7.4.Final.jar:/home/runner/.m2/repository/org/testcontainers/kafka/1.20.6/kafka-1.20.6.jar:/home/runner/.m2/repository/com/squareup/okhttp3/okhttp/4.8.1/okhttp-4.8.1.jar:/home/runner/.m2/repository/com/squareup/okio/okio/3.10.2/okio-3.10.2.jar:/home/runner/.m2/repository/com/squareup/okio/okio-jvm/3.10.2/okio-jvm-3.10.2.jar:/home/runner/.m2/repository/org/jetbrains/kotlin/kotlin-stdlib/2.0.21/kotlin-stdlib-2.0.21.jar:/home/runner/.m2/repository/org/awaitility/awaitility/4.3.0/awaitility-4.3.0.jar:/home/runner/.m2/repository/org/testcontainers/mongodb/1.20.6/mongodb-1.20.6.jar:/home/runner/.m2/repository/org/testcontainers/mariadb/1.20.6/mariadb-1.20.6.jar:/home/runner/.m2/repository/org/testcontainers/oracle-xe/1.20.6/oracle-xe-1.20.6.jar:/home/runner/.m2/repository/org/testcontainers/postgresql/1.20.6/postgresql-1.20.6.jar:/home/runner/.m2/repository/org/wiremock/wiremock/3.0.1/wiremock-3.0.1.jar:/home/runner/.m2/repository/org/eclipse/jetty/jetty-server/11.0.15/jetty-server-11.0.15.jar:/home/runner/.m2/repository/org/eclipse/jetty/toolchain/jetty-jakarta-servlet-api/5.0.2/jetty-jakarta-servlet-api-5.0.2.jar:/home/runner/.m2/repository/org/eclipse/jetty/jetty-http/11.0.15/jetty-http-11.0.15.jar:/home/runner/.m2/repository/org/eclipse/jetty/jetty-io/11.0.15/jetty-io-11.0.15.jar:/home/runner/.m2/repository/org/eclipse/jetty/jetty-servlet/11.0.15/jetty-servlet-11.0.15.jar:/home/runner/.m2/repository/org/eclipse/jetty/jetty-security/11.0.15/jetty-security-11.0.15.jar:/home/runner/.m2/repository/org/eclipse/jetty/jetty-servlets/11.0.15/jetty-servlets-11.0.15.jar:/home/runner/.m2/repository/org/eclipse/jetty/jetty-util/11.0.15/jetty-util-11.0.15.jar:/home/runner/.m2/repository/org/eclipse/jetty/jetty-webapp/11.0.15/jetty-webapp-11.0.15.jar:/home/runner/.m2/repository/org/eclipse/jetty/jetty-xml/11.0.15/jetty-xml-11.0.15.jar:/home/runner/.m2/repository/org/eclipse/jetty/jetty-proxy/11.0.15/jetty-proxy-11.0.15.jar:/home/runner/.m2/repository/org/eclipse/jetty/jetty-client/11.0.15/jetty-client-11.0.15.jar:/home/runner/.m2/repository/org/eclipse/jetty/http2/http2-server/11.0.15/http2-server-11.0.15.jar:/home/runner/.m2/repository/org/eclipse/jetty/http2/http2-common/11.0.15/http2-common-11.0.15.jar:/home/runner/.m2/repository/org/eclipse/jetty/http2/http2-hpack/11.0.15/http2-hpack-11.0.15.jar:/home/runner/.m2/repository/org/eclipse/jetty/jetty-alpn-server/11.0.15/jetty-alpn-server-11.0.15.jar:/home/runner/.m2/repository/org/eclipse/jetty/jetty-alpn-java-server/11.0.15/jetty-alpn-java-server-11.0.15.jar:/home/runner/.m2/repository/org/eclipse/jetty/jetty-alpn-java-client/11.0.15/jetty-alpn-java-client-11.0.15.jar:/home/runner/.m2/repository/org/eclipse/jetty/jetty-alpn-client/11.0.15/jetty-alpn-client-11.0.15.jar:/home/runner/.m2/repository/org/apache/httpcomponents/client5/httpclient5/5.2.1/httpclient5-5.2.1.jar:/home/runner/.m2/repository/org/apache/httpcomponents/core5/httpcore5/5.2/httpcore5-5.2.jar:/home/runner/.m2/repository/org/apache/httpcomponents/core5/httpcore5-h2/5.2/httpcore5-h2-5.2.jar:/home/runner/.m2/repository/org/xmlunit/xmlunit-core/2.9.1/xmlunit-core-2.9.1.jar:/home/runner/.m2/repository/jakarta/xml/bind/jakarta.xml.bind-api/4.0.2/jakarta.xml.bind-api-4.0.2.jar:/home/runner/.m2/repository/org/xmlunit/xmlunit-legacy/2.9.1/xmlunit-legacy-2.9.1.jar:/home/runner/.m2/repository/org/xmlunit/xmlunit-placeholders/2.9.1/xmlunit-placeholders-2.9.1.jar:/home/runner/.m2/repository/net/javacrumbs/json-unit/json-unit-core/2.38.0/json-unit-core-2.38.0.jar:/home/runner/.m2/repository/org/hamcrest/hamcrest-core/2.2/hamcrest-core-2.2.jar:/home/runner/.m2/repository/com/jayway/jsonpath/json-path/2.8.0/json-path-2.8.0.jar:/home/runner/.m2/repository/net/minidev/json-smart/2.4.10/json-smart-2.4.10.jar:/home/runner/.m2/repository/net/minidev/accessors-smart/2.4.9/accessors-smart-2.4.9.jar:/home/runner/.m2/repository/org/ow2/asm/asm/9.7.1/asm-9.7.1.jar:/home/runner/.m2/repository/net/sf/jopt-simple/jopt-simple/5.0.4/jopt-simple-5.0.4.jar:/home/runner/.m2/repository/com/github/jknack/handlebars/4.3.1/handlebars-4.3.1.jar:/home/runner/.m2/repository/com/github/jknack/handlebars-helpers/4.3.1/handlebars-helpers-4.3.1.jar:/home/runner/.m2/repository/commons-fileupload/commons-fileupload/1.5/commons-fileupload-1.5.jar:/home/runner/.m2/repository/com/networknt/json-schema-validator/1.5.8/json-schema-validator-1.5.8.jar:/home/runner/.m2/repository/com/ethlo/time/itu/1.10.3/itu-1.10.3.jar:/home/runner/.m2/repository/io/quarkus/quarkus-smallrye-jwt-build/3.20.2/quarkus-smallrye-jwt-build-3.20.2.jar:/home/runner/.m2/repository/io/smallrye/smallrye-jwt-build/4.6.2/smallrye-jwt-build-4.6.2.jar:/home/runner/.m2/repository/org/eclipse/microprofile/jwt/microprofile-jwt-auth-api/2.1/microprofile-jwt-auth-api-2.1.jar:/home/runner/.m2/repository/org/bitbucket/b_c/jose4j/0.9.6/jose4j-0.9.6.jar:/home/runner/.m2/repository/io/smallrye/smallrye-jwt-common/4.6.2/smallrye-jwt-common-4.6.2.jar:/home/runner/.m2/repository/io/quarkus/quarkus-jsonp/3.20.2/quarkus-jsonp-3.20.2.jar:/home/runner/.m2/repository/io/quarkus/quarkus-arc/3.20.2/quarkus-arc-3.20.2.jar:/home/runner/.m2/repository/io/quarkus/arc/arc/3.20.2/arc-3.20.2.jar:/home/runner/.m2/repository/jakarta/transaction/jakarta.transaction-api/2.0.1/jakarta.transaction-api-2.0.1.jar:/home/runner/.m2/repository/io/smallrye/reactive/mutiny/2.9.2/mutiny-2.9.2.jar:/home/runner/.m2/repository/org/jctools/jctools-core/4.0.5/jctools-core-4.0.5.jar:/home/runner/.m2/repository/org/eclipse/microprofile/context-propagation/microprofile-context-propagation-api/1.3/microprofile-context-propagation-api-1.3.jar:/home/runner/.m2/repository/io/apicurio/apicurio-common-rest-client-common/0.1.18.Final/apicurio-common-rest-client-common-0.1.18.Final.jar:/home/runner/work/apicurio-testing/apicurio-testing/clusters/ci419/namespaces/pg17/tests/integration/apicurio-registry/utils/maven-plugin/target/apicurio-registry-maven-plugin-3.0.12-SNAPSHOT.jar:/home/runner/.m2/repository/com/fasterxml/jackson/core/jackson-databind/2.18.2/jackson-databind-2.18.2.jar:/home/runner/.m2/repository/org/apache/avro/avro/1.12.0/avro-1.12.0.jar:/home/runner/.m2/repository/com/google/protobuf/protobuf-java/4.31.1/protobuf-java-4.31.1.jar:/home/runner/.m2/repository/com/google/protobuf/protobuf-java-util/4.31.1/protobuf-java-util-4.31.1.jar:/home/runner/.m2/repository/com/google/code/findbugs/jsr305/3.0.2/jsr305-3.0.2.jar:/home/runner/.m2/repository/com/google/code/gson/gson/2.12.1/gson-2.12.1.jar:/home/runner/.m2/repository/com/google/errorprone/error_prone_annotations/2.36.0/error_prone_annotations-2.36.0.jar:/home/runner/.m2/repository/com/google/j2objc/j2objc-annotations/2.8/j2objc-annotations-2.8.jar:/home/runner/work/apicurio-testing/apicurio-testing/clusters/ci419/namespaces/pg17/tests/integration/apicurio-registry/schema-util/util-provider/target/apicurio-registry-schema-util-provider-3.0.12-SNAPSHOT.jar:/home/runner/work/apicurio-testing/apicurio-testing/clusters/ci419/namespaces/pg17/tests/integration/apicurio-registry/schema-util/common/target/apicurio-registry-schema-util-common-3.0.12-SNAPSHOT.jar:/home/runner/.m2/repository/com/fasterxml/jackson/module/jackson-module-parameter-names/2.18.2/jackson-module-parameter-names-2.18.2.jar:/home/runner/.m2/repository/com/fasterxml/jackson/datatype/jackson-datatype-json-org/2.18.2/jackson-datatype-json-org-2.18.2.jar:/home/runner/work/apicurio-testing/apicurio-testing/clusters/ci419/namespaces/pg17/tests/integration/apicurio-registry/schema-util/json/target/apicurio-registry-schema-util-json-3.0.12-SNAPSHOT.jar:/home/runner/.m2/repository/com/github/erosb/everit-json-schema/1.14.5/everit-json-schema-1.14.5.jar:/home/runner/.m2/repository/commons-validator/commons-validator/1.9.0/commons-validator-1.9.0.jar:/home/runner/.m2/repository/commons-digester/commons-digester/2.1/commons-digester-2.1.jar:/home/runner/.m2/repository/commons-collections/commons-collections/3.2.2/commons-collections-3.2.2.jar:/home/runner/.m2/repository/com/damnhandy/handy-uri-templates/2.1.8/handy-uri-templates-2.1.8.jar:/home/runner/.m2/repository/joda-time/joda-time/2.10.2/joda-time-2.10.2.jar:/home/runner/.m2/repository/com/github/erosb/json-sKema/0.20.0/json-sKema-0.20.0.jar:/home/runner/.m2/repository/io/vertx/vertx-json-schema/4.5.16/vertx-json-schema-4.5.16.jar:/home/runner/work/apicurio-testing/apicurio-testing/clusters/ci419/namespaces/pg17/tests/integration/apicurio-registry/schema-util/protobuf/target/apicurio-registry-schema-util-protobuf-3.0.12-SNAPSHOT.jar:/home/runner/work/apicurio-testing/apicurio-testing/clusters/ci419/namespaces/pg17/tests/integration/apicurio-registry/utils/protobuf-schema-utilities/target/apicurio-registry-protobuf-schema-utilities-3.0.12-SNAPSHOT.jar:/home/runner/.m2/repository/com/google/api/grpc/proto-google-common-protos/2.52.0/proto-google-common-protos-2.52.0.jar:/home/runner/.m2/repository/com/squareup/wire/wire-schema-jvm/5.3.3/wire-schema-jvm-5.3.3.jar:/home/runner/.m2/repository/com/palantir/javapoet/javapoet/0.6.0/javapoet-0.6.0.jar:/home/runner/.m2/repository/com/squareup/kotlinpoet-jvm/2.0.0/kotlinpoet-jvm-2.0.0.jar:/home/runner/.m2/repository/org/jetbrains/kotlin/kotlin-reflect/2.0.21/kotlin-reflect-2.0.21.jar:/home/runner/.m2/repository/com/squareup/wire/wire-runtime-jvm/5.3.3/wire-runtime-jvm-5.3.3.jar:/home/runner/.m2/repository/com/ibm/icu/icu4j/76.1/icu4j-76.1.jar:/home/runner/.m2/repository/com/squareup/okio/okio-fakefilesystem/3.10.2/okio-fakefilesystem-3.10.2.jar:/home/runner/.m2/repository/com/squareup/okio/okio-fakefilesystem-jvm/3.10.2/okio-fakefilesystem-jvm-3.10.2.jar:/home/runner/.m2/repository/org/jetbrains/kotlinx/kotlinx-datetime-jvm/0.6.1/kotlinx-datetime-jvm-0.6.1.jar:/home/runner/work/apicurio-testing/apicurio-testing/clusters/ci419/namespaces/pg17/tests/integration/apicurio-registry/schema-util/asyncapi/target/apicurio-registry-schema-util-asyncapi-3.0.12-SNAPSHOT.jar:/home/runner/work/apicurio-testing/apicurio-testing/clusters/ci419/namespaces/pg17/tests/integration/apicurio-registry/schema-util/avro/target/apicurio-registry-schema-util-avro-3.0.12-SNAPSHOT.jar:/home/runner/work/apicurio-testing/apicurio-testing/clusters/ci419/namespaces/pg17/tests/integration/apicurio-registry/schema-util/graphql/target/apicurio-registry-schema-util-graphql-3.0.12-SNAPSHOT.jar:/home/runner/.m2/repository/com/graphql-java/graphql-java/22.4/graphql-java-22.4.jar:/home/runner/.m2/repository/com/graphql-java/java-dataloader/3.3.0/java-dataloader-3.3.0.jar:/home/runner/work/apicurio-testing/apicurio-testing/clusters/ci419/namespaces/pg17/tests/integration/apicurio-registry/schema-util/kconnect/target/apicurio-registry-schema-util-kconnect-3.0.12-SNAPSHOT.jar:/home/runner/work/apicurio-testing/apicurio-testing/clusters/ci419/namespaces/pg17/tests/integration/apicurio-registry/schema-util/openapi/target/apicurio-registry-schema-util-openapi-3.0.12-SNAPSHOT.jar:/home/runner/.m2/repository/io/apicurio/apicurio-data-models/2.2.2/apicurio-data-models-2.2.2.jar:/home/runner/.m2/repository/org/openapitools/openapidiff/openapi-diff-core/2.1.2/openapi-diff-core-2.1.2.jar:/home/runner/.m2/repository/io/swagger/parser/v3/swagger-parser/2.1.28/swagger-parser-2.1.28.jar:/home/runner/.m2/repository/io/swagger/parser/v3/swagger-parser-v2-converter/2.1.28/swagger-parser-v2-converter-2.1.28.jar:/home/runner/.m2/repository/io/swagger/swagger-core/1.6.16/swagger-core-1.6.16.jar:/home/runner/.m2/repository/io/swagger/swagger-models/1.6.16/swagger-models-1.6.16.jar:/home/runner/.m2/repository/io/swagger/swagger-annotations/1.6.16/swagger-annotations-1.6.16.jar:/home/runner/.m2/repository/io/swagger/swagger-parser/1.0.75/swagger-parser-1.0.75.jar:/home/runner/.m2/repository/io/swagger/swagger-parser-safe-url-resolver/1.0.75/swagger-parser-safe-url-resolver-1.0.75.jar:/home/runner/.m2/repository/io/swagger/swagger-compat-spec-parser/1.0.75/swagger-compat-spec-parser-1.0.75.jar:/home/runner/.m2/repository/com/github/java-json-tools/json-schema-validator/2.2.14/json-schema-validator-2.2.14.jar:/home/runner/.m2/repository/com/github/java-json-tools/jackson-coreutils-equivalence/1.0/jackson-coreutils-equivalence-1.0.jar:/home/runner/.m2/repository/com/github/java-json-tools/json-schema-core/1.2.14/json-schema-core-1.2.14.jar:/home/runner/.m2/repository/com/github/java-json-tools/uri-template/0.10/uri-template-0.10.jar:/home/runner/.m2/repository/com/googlecode/libphonenumber/libphonenumber/8.11.1/libphonenumber-8.11.1.jar:/home/runner/.m2/repository/com/j2html/j2html/1.6.0/j2html-1.6.0.jar:/home/runner/.m2/repository/org/apache/commons/commons-collections4/4.5.0/commons-collections4-4.5.0.jar:/home/runner/.m2/repository/org/slf4j/jcl-over-slf4j/2.0.17/jcl-over-slf4j-2.0.17.jar:/home/runner/.m2/repository/io/swagger/parser/v3/swagger-parser-v3/2.1.31/swagger-parser-v3-2.1.31.jar:/home/runner/.m2/repository/io/swagger/core/v3/swagger-models/2.2.34/swagger-models-2.2.34.jar:/home/runner/.m2/repository/io/swagger/core/v3/swagger-core/2.2.34/swagger-core-2.2.34.jar:/home/runner/.m2/repository/io/swagger/parser/v3/swagger-parser-core/2.1.31/swagger-parser-core-2.1.31.jar:/home/runner/.m2/repository/io/swagger/parser/v3/swagger-parser-safe-url-resolver/2.1.31/swagger-parser-safe-url-resolver-2.1.31.jar:/home/runner/work/apicurio-testing/apicurio-testing/clusters/ci419/namespaces/pg17/tests/integration/apicurio-registry/schema-util/wsdl/target/apicurio-registry-schema-util-wsdl-3.0.12-SNAPSHOT.jar:/home/runner/.m2/repository/wsdl4j/wsdl4j/1.6.3/wsdl4j-1.6.3.jar:/home/runner/work/apicurio-testing/apicurio-testing/clusters/ci419/namespaces/pg17/tests/integration/apicurio-registry/schema-util/xml/target/apicurio-registry-schema-util-xml-3.0.12-SNAPSHOT.jar:/home/runner/.m2/repository/org/apache/santuario/xmlsec/4.0.4/xmlsec-4.0.4.jar:/home/runner/.m2/repository/com/fasterxml/woodstox/woodstox-core/7.1.1/woodstox-core-7.1.1.jar:/home/runner/.m2/repository/org/codehaus/woodstox/stax2-api/4.2.2/stax2-api-4.2.2.jar:/home/runner/work/apicurio-testing/apicurio-testing/clusters/ci419/namespaces/pg17/tests/integration/apicurio-registry/schema-util/xsd/target/apicurio-registry-schema-util-xsd-3.0.12-SNAPSHOT.jar:/home/runner/work/apicurio-testing/apicurio-testing/clusters/ci419/namespaces/pg17/tests/integration/apicurio-registry/serdes/kafka/jsonschema-serde/target/apicurio-registry-jsonschema-serde-kafka-3.0.12-SNAPSHOT.jar:/home/runner/work/apicurio-testing/apicurio-testing/clusters/ci419/namespaces/pg17/tests/integration/apicurio-registry/serdes/kafka/serde-kafka-common/target/apicurio-registry-serde-kafka-common-3.0.12-SNAPSHOT.jar:/home/runner/work/apicurio-testing/apicurio-testing/clusters/ci419/namespaces/pg17/tests/integration/apicurio-registry/serdes/generic/serde-common/target/apicurio-registry-serde-common-3.0.12-SNAPSHOT.jar:/home/runner/work/apicurio-testing/apicurio-testing/clusters/ci419/namespaces/pg17/tests/integration/apicurio-registry/serdes/generic/serde-common-jsonschema/target/apicurio-registry-serde-common-jsonschema-3.0.12-SNAPSHOT.jar:/home/runner/.m2/repository/org/json/json/20250107/json-20250107.jar:/home/runner/work/apicurio-testing/apicurio-testing/clusters/ci419/namespaces/pg17/tests/integration/apicurio-registry/serdes/kafka/avro-serde/target/apicurio-registry-avro-serde-kafka-3.0.12-SNAPSHOT.jar:/home/runner/work/apicurio-testing/apicurio-testing/clusters/ci419/namespaces/pg17/tests/integration/apicurio-registry/serdes/generic/serde-common-avro/target/apicurio-registry-serde-common-avro-3.0.12-SNAPSHOT.jar:/home/runner/work/apicurio-testing/apicurio-testing/clusters/ci419/namespaces/pg17/tests/integration/apicurio-registry/serdes/kafka/protobuf-serde/target/apicurio-registry-protobuf-serde-kafka-3.0.12-SNAPSHOT.jar:/home/runner/work/apicurio-testing/apicurio-testing/clusters/ci419/namespaces/pg17/tests/integration/apicurio-registry/serdes/generic/serde-common-protobuf/target/apicurio-registry-serde-common-protobuf-3.0.12-SNAPSHOT.jar:/home/runner/.m2/repository/com/squareup/wire/wire-schema/5.3.3/wire-schema-5.3.3.jar:/home/runner/.m2/repository/com/squareup/wire/wire-runtime/5.3.3/wire-runtime-5.3.3.jar:/home/runner/work/apicurio-testing/apicurio-testing/clusters/ci419/namespaces/pg17/tests/integration/apicurio-registry/serdes/pulsar/avro-serde/target/apicurio-registry-avro-serde-pulsar-3.0.12-SNAPSHOT.jar:/home/runner/.m2/repository/org/apache/pulsar/pulsar-functions-api/3.3.8/pulsar-functions-api-3.3.8.jar:/home/runner/work/apicurio-testing/apicurio-testing/clusters/ci419/namespaces/pg17/tests/integration/apicurio-registry/serdes/nats/avro-serde/target/apicurio-registry-avro-serde-nats-3.0.12-SNAPSHOT.jar:/home/runner/.m2/repository/io/nats/jnats/2.21.4/jnats-2.21.4.jar:/home/runner/.m2/repository/org/bouncycastle/bcprov-lts8on/2.73.7/bcprov-lts8on-2.73.7.jar:/home/runner/.m2/repository/org/jetbrains/annotations/26.0.2/annotations-26.0.2.jar:/home/runner/work/apicurio-testing/apicurio-testing/clusters/ci419/namespaces/pg17/tests/integration/apicurio-registry/utils/converter/target/apicurio-registry-utils-converter-3.0.12-SNAPSHOT.jar:/home/runner/work/apicurio-testing/apicurio-testing/clusters/ci419/namespaces/pg17/tests/integration/apicurio-registry/schema-resolver/target/apicurio-registry-schema-resolver-3.0.12-SNAPSHOT.jar:/home/runner/.m2/repository/org/apache/kafka/connect-api/3.9.1/connect-api-3.9.1.jar:/home/runner/.m2/repository/javax/ws/rs/javax.ws.rs-api/2.1.1/javax.ws.rs-api-2.1.1.jar:/home/runner/.m2/repository/org/apache/kafka/connect-json/3.9.1/connect-json-3.9.1.jar:/home/runner/.m2/repository/com/fasterxml/jackson/datatype/jackson-datatype-jdk8/2.18.2/jackson-datatype-jdk8-2.18.2.jar:/home/runner/.m2/repository/com/fasterxml/jackson/module/jackson-module-afterburner/2.18.2/jackson-module-afterburner-2.18.2.jar:/home/runner/work/apicurio-testing/apicurio-testing/clusters/ci419/namespaces/pg17/tests/integration/apicurio-registry/utils/kafka/target/apicurio-registry-utils-kafka-3.0.12-SNAPSHOT.jar:/home/runner/.m2/repository/org/apache/pulsar/pulsar-client/3.3.8/pulsar-client-3.3.8.jar:/home/runner/.m2/repository/org/apache/pulsar/pulsar-client-api/3.3.8/pulsar-client-api-3.3.8.jar:/home/runner/.m2/repository/org/apache/pulsar/pulsar-client-admin-api/3.3.8/pulsar-client-admin-api-3.3.8.jar:/home/runner/.m2/repository/org/apache/pulsar/bouncy-castle-bc/3.3.8/bouncy-castle-bc-3.3.8-pkg.jar:/home/runner/.m2/repository/org/bouncycastle/bcpkix-jdk18on/1.81/bcpkix-jdk18on-1.81.jar:/home/runner/.m2/repository/org/bouncycastle/bcutil-jdk18on/1.81/bcutil-jdk18on-1.81.jar:/home/runner/.m2/repository/org/bouncycastle/bcprov-jdk18on/1.81/bcprov-jdk18on-1.81.jar:/home/runner/.m2/repository/io/opentelemetry/opentelemetry-api/1.44.1/opentelemetry-api-1.44.1.jar:/home/runner/.m2/repository/io/opentelemetry/opentelemetry-context/1.44.1/opentelemetry-context-1.44.1.jar:/home/runner/.m2/repository/io/opentelemetry/opentelemetry-api-incubator/1.44.1-alpha/opentelemetry-api-incubator-1.44.1-alpha.jar:/home/runner/.m2/repository/com/fasterxml/jackson/core/jackson-annotations/2.18.2/jackson-annotations-2.18.2.jar:/home/runner/.m2/repository/javax/validation/validation-api/1.1.0.Final/validation-api-1.1.0.Final.jar:/home/runner/.m2/repository/org/jspecify/jspecify/1.0.0/jspecify-1.0.0.jar:/home/runner/.m2/repository/org/apache/commons/commons-configuration2/2.12.0/commons-configuration2-2.12.0.jar:/home/runner/.m2/repository/commons-logging/commons-logging/1.3.5/commons-logging-1.3.5.jar:/home/runner/.m2/repository/org/apache/commons/commons-text/1.13.0/commons-text-1.13.0.jar:/home/runner/.m2/repository/io/confluent/kafka-avro-serializer/8.0.0/kafka-avro-serializer-8.0.0.jar:/home/runner/.m2/repository/org/apache/commons/commons-compress/1.27.1/commons-compress-1.27.1.jar:/home/runner/.m2/repository/io/confluent/kafka-schema-serializer/8.0.0/kafka-schema-serializer-8.0.0.jar:/home/runner/.m2/repository/com/fasterxml/jackson/dataformat/jackson-dataformat-csv/2.18.2/jackson-dataformat-csv-2.18.2.jar:/home/runner/.m2/repository/io/confluent/kafka-schema-registry-client/8.0.0/kafka-schema-registry-client-8.0.0.jar:/home/runner/.m2/repository/org/yaml/snakeyaml/2.3/snakeyaml-2.3.jar:/home/runner/.m2/repository/io/swagger/core/v3/swagger-annotations/2.2.29/swagger-annotations-2.2.29.jar:/home/runner/.m2/repository/com/google/guava/guava/33.4.0-jre/guava-33.4.0-jre.jar:/home/runner/.m2/repository/com/google/guava/failureaccess/1.0.1/failureaccess-1.0.1.jar:/home/runner/.m2/repository/org/checkerframework/checker-qual/3.49.0/checker-qual-3.49.0.jar:/home/runner/.m2/repository/io/confluent/logredactor/1.0.13/logredactor-1.0.13.jar:/home/runner/.m2/repository/com/google/re2j/re2j/1.6/re2j-1.6.jar:/home/runner/.m2/repository/io/confluent/logredactor-metrics/1.0.13/logredactor-metrics-1.0.13.jar:/home/runner/.m2/repository/com/eclipsesource/minimal-json/minimal-json/0.9.5/minimal-json-0.9.5.jar:/home/runner/.m2/repository/io/confluent/common-utils/8.0.0/common-utils-8.0.0.jar:/home/runner/.m2/repository/io/confluent/kafka-connect-avro-converter/8.0.0/kafka-connect-avro-converter-8.0.0.jar:/home/runner/.m2/repository/io/confluent/kafka-connect-avro-data/8.0.0/kafka-connect-avro-data-8.0.0.jar:/home/runner/.m2/repository/io/confluent/kafka-schema-converter/8.0.0/kafka-schema-converter-8.0.0.jar:/home/runner/.m2/repository/io/rest-assured/rest-assured/5.5.1/rest-assured-5.5.1.jar:/home/runner/.m2/repository/org/apache/groovy/groovy/4.0.22/groovy-4.0.22.jar:/home/runner/.m2/repository/org/apache/groovy/groovy-xml/4.0.22/groovy-xml-4.0.22.jar:/home/runner/.m2/repository/org/apache/httpcomponents/httpclient/4.5.14/httpclient-4.5.14.jar:/home/runner/.m2/repository/org/apache/httpcomponents/httpcore/4.4.16/httpcore-4.4.16.jar:/home/runner/.m2/repository/org/apache/httpcomponents/httpmime/4.5.14/httpmime-4.5.14.jar:/home/runner/.m2/repository/org/hamcrest/hamcrest/2.2/hamcrest-2.2.jar:/home/runner/.m2/repository/org/ccil/cowan/tagsoup/tagsoup/1.2.1/tagsoup-1.2.1.jar:/home/runner/.m2/repository/io/rest-assured/json-path/5.5.1/json-path-5.5.1.jar:/home/runner/.m2/repository/org/apache/groovy/groovy-json/4.0.22/groovy-json-4.0.22.jar:/home/runner/.m2/repository/io/rest-assured/rest-assured-common/5.5.1/rest-assured-common-5.5.1.jar:/home/runner/.m2/repository/io/rest-assured/xml-path/5.5.1/xml-path-5.5.1.jar:/home/runner/.m2/repository/io/zonky/test/embedded-postgres/2.1.0/embedded-postgres-2.1.0.jar:/home/runner/.m2/repository/io/zonky/test/postgres/embedded-postgres-binaries-windows-amd64/14.15.0/embedded-postgres-binaries-windows-amd64-14.15.0.jar:/home/runner/.m2/repository/io/zonky/test/postgres/embedded-postgres-binaries-darwin-amd64/14.15.0/embedded-postgres-binaries-darwin-amd64-14.15.0.jar:/home/runner/.m2/repository/io/zonky/test/postgres/embedded-postgres-binaries-linux-amd64/14.15.0/embedded-postgres-binaries-linux-amd64-14.15.0.jar:/home/runner/.m2/repository/io/zonky/test/postgres/embedded-postgres-binaries-linux-amd64-alpine/14.15.0/embedded-postgres-binaries-linux-amd64-alpine-14.15.0.jar:/home/runner/.m2/repository/org/apache/commons/commons-lang3/3.17.0/commons-lang3-3.17.0.jar:/home/runner/.m2/repository/org/tukaani/xz/1.10/xz-1.10.jar:/home/runner/.m2/repository/commons-codec/commons-codec/1.19.0/commons-codec-1.19.0.jar:/home/runner/.m2/repository/org/postgresql/postgresql/42.7.7/postgresql-42.7.7.jar:/home/runner/.m2/repository/commons-io/commons-io/2.18.0/commons-io-2.18.0.jar:/home/runner/work/apicurio-testing/apicurio-testing/clusters/ci419/namespaces/pg17/tests/integration/apicurio-registry/utils/importexport/target/apicurio-registry-utils-import-export-3.0.12-SNAPSHOT.jar:/home/runner/.m2/repository/io/vertx/vertx-core/4.5.16/vertx-core-4.5.16.jar:/home/runner/.m2/repository/io/netty/netty-common/4.1.121.Final/netty-common-4.1.121.Final.jar:/home/runner/.m2/repository/io/netty/netty-buffer/4.1.121.Final/netty-buffer-4.1.121.Final.jar:/home/runner/.m2/repository/io/netty/netty-transport/4.1.121.Final/netty-transport-4.1.121.Final.jar:/home/runner/.m2/repository/io/netty/netty-handler/4.1.121.Final/netty-handler-4.1.121.Final.jar:/home/runner/.m2/repository/io/netty/netty-transport-native-unix-common/4.1.121.Final/netty-transport-native-unix-common-4.1.121.Final.jar:/home/runner/.m2/repository/io/netty/netty-codec/4.1.121.Final/netty-codec-4.1.121.Final.jar:/home/runner/.m2/repository/io/netty/netty-handler-proxy/4.1.121.Final/netty-handler-proxy-4.1.121.Final.jar:/home/runner/.m2/repository/io/netty/netty-codec-socks/4.1.121.Final/netty-codec-socks-4.1.121.Final.jar:/home/runner/.m2/repository/io/netty/netty-codec-http/4.1.121.Final/netty-codec-http-4.1.121.Final.jar:/home/runner/.m2/repository/io/netty/netty-codec-http2/4.1.121.Final/netty-codec-http2-4.1.121.Final.jar:/home/runner/.m2/repository/io/netty/netty-resolver/4.1.121.Final/netty-resolver-4.1.121.Final.jar:/home/runner/.m2/repository/io/netty/netty-resolver-dns/4.1.121.Final/netty-resolver-dns-4.1.121.Final.jar:/home/runner/.m2/repository/io/netty/netty-codec-dns/4.1.121.Final/netty-codec-dns-4.1.121.Final.jar:/home/runner/.m2/repository/com/fasterxml/jackson/core/jackson-core/2.18.2/jackson-core-2.18.2.jar:"/>
    <property name="java.vm.vendor" value="Eclipse Adoptium"/>
    <property name="maven.javadoc.skip" value="true"/>
    <property name="sun.arch.data.model" value="64"/>
    <property name="java.vendor.url" value="https://adoptium.net/"/>
    <property name="user.timezone" value="Etc/UTC"/>
    <property name="os.name" value="Linux"/>
    <property name="java.vm.specification.version" value="17"/>
    <property name="sun.java.launcher" value="SUN_STANDARD"/>
    <property name="quarkus.http.test-port" value="80"/>
    <property name="sun.boot.library.path" value="/usr/lib/jvm/temurin-17-jdk-amd64/lib"/>
    <property name="sun.java.command" value="/home/runner/work/apicurio-testing/apicurio-testing/clusters/ci419/namespaces/pg17/tests/integration/apicurio-registry/integration-tests/target/surefire/surefirebooter-20250812144859142_3.jar /home/runner/work/apicurio-testing/apicurio-testing/clusters/ci419/namespaces/pg17/tests/integration/apicurio-registry/integration-tests/target/surefire 2025-08-12T14-48-59_028-jvmRun1 surefire-20250812144859142_1tmp surefire_0-20250812144859142_2tmp"/>
    <property name="maven.home" value="/home/runner/.m2/wrapper/dists/apache-maven-3.9.8-bin/4fnp1ql35bgk2a0p7m31ovbgb0/apache-maven-3.9.8"/>
    <property name="jdk.debug" value="release"/>
    <property name="surefire.test.class.path" value="/home/runner/work/apicurio-testing/apicurio-testing/clusters/ci419/namespaces/pg17/tests/integration/apicurio-registry/integration-tests/target/test-classes:/home/runner/work/apicurio-testing/apicurio-testing/clusters/ci419/namespaces/pg17/tests/integration/apicurio-registry/integration-tests/target/apicurio-registry-integration-tests-3.0.12-SNAPSHOT.jar:/home/runner/.m2/repository/io/quarkus/quarkus-junit5/3.20.2/quarkus-junit5-3.20.2.jar:/home/runner/.m2/repository/io/quarkus/quarkus-bootstrap-core/3.20.2/quarkus-bootstrap-core-3.20.2.jar:/home/runner/.m2/repository/io/quarkus/quarkus-classloader-commons/3.20.2/quarkus-classloader-commons-3.20.2.jar:/home/runner/.m2/repository/io/quarkus/quarkus-bootstrap-app-model/3.20.2/quarkus-bootstrap-app-model-3.20.2.jar:/home/runner/.m2/repository/io/smallrye/common/smallrye-common-io/2.12.0/smallrye-common-io-2.12.0.jar:/home/runner/.m2/repository/org/eclipse/sisu/org.eclipse.sisu.inject/0.9.0.M3/org.eclipse.sisu.inject-0.9.0.M3.jar:/home/runner/.m2/repository/io/quarkus/quarkus-test-common/3.20.2/quarkus-test-common-3.20.2.jar:/home/runner/.m2/repository/io/quarkus/quarkus-core-deployment/3.20.2/quarkus-core-deployment-3.20.2.jar:/home/runner/.m2/repository/org/aesh/readline/2.6/readline-2.6.jar:/home/runner/.m2/repository/org/fusesource/jansi/jansi/2.4.0/jansi-2.4.0.jar:/home/runner/.m2/repository/org/aesh/aesh/2.8.2/aesh-2.8.2.jar:/home/runner/.m2/repository/io/quarkus/gizmo/gizmo/1.8.0/gizmo-1.8.0.jar:/home/runner/.m2/repository/org/ow2/asm/asm-util/9.7.1/asm-util-9.7.1.jar:/home/runner/.m2/repository/org/ow2/asm/asm-analysis/9.7.1/asm-analysis-9.7.1.jar:/home/runner/.m2/repository/org/ow2/asm/asm-commons/9.7.1/asm-commons-9.7.1.jar:/home/runner/.m2/repository/org/ow2/asm/asm-tree/9.7.1/asm-tree-9.7.1.jar:/home/runner/.m2/repository/io/quarkus/quarkus-hibernate-validator-spi/3.20.2/quarkus-hibernate-validator-spi-3.20.2.jar:/home/runner/.m2/repository/io/quarkus/quarkus-class-change-agent/3.20.2/quarkus-class-change-agent-3.20.2.jar:/home/runner/.m2/repository/io/quarkus/quarkus-devtools-utilities/3.20.2/quarkus-devtools-utilities-3.20.2.jar:/home/runner/.m2/repository/io/quarkus/quarkus-builder/3.20.2/quarkus-builder-3.20.2.jar:/home/runner/.m2/repository/org/graalvm/sdk/nativeimage/23.1.2/nativeimage-23.1.2.jar:/home/runner/.m2/repository/org/graalvm/sdk/word/23.1.2/word-23.1.2.jar:/home/runner/.m2/repository/io/quarkus/quarkus-bootstrap-maven-resolver/3.20.2/quarkus-bootstrap-maven-resolver-3.20.2.jar:/home/runner/.m2/repository/io/smallrye/beanbag/smallrye-beanbag-maven/1.5.2/smallrye-beanbag-maven-1.5.2.jar:/home/runner/.m2/repository/io/smallrye/beanbag/smallrye-beanbag-sisu/1.5.2/smallrye-beanbag-sisu-1.5.2.jar:/home/runner/.m2/repository/io/smallrye/beanbag/smallrye-beanbag/1.5.2/smallrye-beanbag-1.5.2.jar:/home/runner/.m2/repository/javax/inject/javax.inject/1/javax.inject-1.jar:/home/runner/.m2/repository/org/apache/maven/maven-artifact/3.9.9/maven-artifact-3.9.9.jar:/home/runner/.m2/repository/org/apache/maven/maven-builder-support/3.9.9/maven-builder-support-3.9.9.jar:/home/runner/.m2/repository/org/apache/maven/maven-model/3.9.9/maven-model-3.9.9.jar:/home/runner/.m2/repository/org/apache/maven/maven-model-builder/3.9.9/maven-model-builder-3.9.9.jar:/home/runner/.m2/repository/org/apache/maven/maven-repository-metadata/3.9.9/maven-repository-metadata-3.9.9.jar:/home/runner/.m2/repository/org/apache/maven/maven-settings/3.9.9/maven-settings-3.9.9.jar:/home/runner/.m2/repository/org/apache/maven/resolver/maven-resolver-api/1.9.22/maven-resolver-api-1.9.22.jar:/home/runner/.m2/repository/org/apache/maven/resolver/maven-resolver-impl/1.9.22/maven-resolver-impl-1.9.22.jar:/home/runner/.m2/repository/org/apache/maven/resolver/maven-resolver-named-locks/1.9.22/maven-resolver-named-locks-1.9.22.jar:/home/runner/.m2/repository/org/apache/maven/resolver/maven-resolver-spi/1.9.22/maven-resolver-spi-1.9.22.jar:/home/runner/.m2/repository/org/apache/maven/resolver/maven-resolver-util/1.9.22/maven-resolver-util-1.9.22.jar:/home/runner/.m2/repository/org/apache/maven/resolver/maven-resolver-transport-http/1.9.20/maven-resolver-transport-http-1.9.20.jar:/home/runner/.m2/repository/org/apache/maven/wagon/wagon-provider-api/3.5.3/wagon-provider-api-3.5.3.jar:/home/runner/.m2/repository/org/apache/maven/wagon/wagon-http-shared/3.5.3/wagon-http-shared-3.5.3.jar:/home/runner/.m2/repository/org/codehaus/plexus/plexus-interpolation/1.26/plexus-interpolation-1.26.jar:/home/runner/.m2/repository/org/codehaus/plexus/plexus-utils/3.5.1/plexus-utils-3.5.1.jar:/home/runner/.m2/repository/org/codehaus/plexus/plexus-xml/4.0.1/plexus-xml-4.0.1.jar:/home/runner/.m2/repository/org/apache/maven/maven-xml-impl/4.0.0-alpha-5/maven-xml-impl-4.0.0-alpha-5.jar:/home/runner/.m2/repository/org/apache/maven/maven-api-xml/4.0.0-alpha-5/maven-api-xml-4.0.0-alpha-5.jar:/home/runner/.m2/repository/org/apache/maven/maven-api-meta/4.0.0-alpha-5/maven-api-meta-4.0.0-alpha-5.jar:/home/runner/.m2/repository/org/codehaus/plexus/plexus-cipher/2.0/plexus-cipher-2.0.jar:/home/runner/.m2/repository/org/codehaus/plexus/plexus-sec-dispatcher/2.0/plexus-sec-dispatcher-2.0.jar:/home/runner/.m2/repository/org/apache/maven/maven-embedder/3.9.9/maven-embedder-3.9.9.jar:/home/runner/.m2/repository/org/apache/maven/maven-core/3.9.9/maven-core-3.9.9.jar:/home/runner/.m2/repository/org/codehaus/plexus/plexus-component-annotations/2.1.0/plexus-component-annotations-2.1.0.jar:/home/runner/.m2/repository/org/apache/maven/maven-plugin-api/3.9.9/maven-plugin-api-3.9.9.jar:/home/runner/.m2/repository/org/apache/maven/shared/maven-shared-utils/3.4.2/maven-shared-utils-3.4.2.jar:/home/runner/.m2/repository/com/google/inject/guice/5.1.0/guice-5.1.0.jar:/home/runner/.m2/repository/aopalliance/aopalliance/1.0/aopalliance-1.0.jar:/home/runner/.m2/repository/org/codehaus/plexus/plexus-classworlds/2.6.0/plexus-classworlds-2.6.0.jar:/home/runner/.m2/repository/commons-cli/commons-cli/1.8.0/commons-cli-1.8.0.jar:/home/runner/.m2/repository/org/eclipse/sisu/org.eclipse.sisu.plexus/0.9.0.M3/org.eclipse.sisu.plexus-0.9.0.M3.jar:/home/runner/.m2/repository/org/apache/maven/maven-settings-builder/3.9.9/maven-settings-builder-3.9.9.jar:/home/runner/.m2/repository/org/apache/maven/maven-resolver-provider/3.9.9/maven-resolver-provider-3.9.9.jar:/home/runner/.m2/repository/org/apache/maven/resolver/maven-resolver-connector-basic/1.9.22/maven-resolver-connector-basic-1.9.22.jar:/home/runner/.m2/repository/org/apache/maven/resolver/maven-resolver-transport-wagon/1.9.22/maven-resolver-transport-wagon-1.9.22.jar:/home/runner/.m2/repository/org/apache/maven/wagon/wagon-http/3.5.3/wagon-http-3.5.3.jar:/home/runner/.m2/repository/org/apache/maven/wagon/wagon-file/3.5.3/wagon-file-3.5.3.jar:/home/runner/.m2/repository/io/quarkus/quarkus-bootstrap-gradle-resolver/3.20.2/quarkus-bootstrap-gradle-resolver-3.20.2.jar:/home/runner/.m2/repository/io/smallrye/jandex/3.3.0/jandex-3.3.0.jar:/home/runner/.m2/repository/org/jboss/logging/commons-logging-jboss-logging/1.0.0.Final/commons-logging-jboss-logging-1.0.0.Final.jar:/home/runner/.m2/repository/io/quarkus/quarkus-junit5-config/3.20.2/quarkus-junit5-config-3.20.2.jar:/home/runner/.m2/repository/org/junit/jupiter/junit-jupiter-api/5.12.1/junit-jupiter-api-5.12.1.jar:/home/runner/.m2/repository/io/smallrye/config/smallrye-config/3.11.4/smallrye-config-3.11.4.jar:/home/runner/.m2/repository/io/smallrye/config/smallrye-config-core/3.11.4/smallrye-config-core-3.11.4.jar:/home/runner/.m2/repository/io/smallrye/common/smallrye-common-classloader/2.12.0/smallrye-common-classloader-2.12.0.jar:/home/runner/.m2/repository/io/smallrye/config/smallrye-config-common/3.11.4/smallrye-config-common-3.11.4.jar:/home/runner/.m2/repository/org/junit/jupiter/junit-jupiter/5.12.1/junit-jupiter-5.12.1.jar:/home/runner/.m2/repository/org/junit/jupiter/junit-jupiter-params/5.12.1/junit-jupiter-params-5.12.1.jar:/home/runner/.m2/repository/org/junit/jupiter/junit-jupiter-engine/5.12.1/junit-jupiter-engine-5.12.1.jar:/home/runner/.m2/repository/io/quarkus/quarkus-core/3.20.2/quarkus-core-3.20.2.jar:/home/runner/.m2/repository/jakarta/enterprise/jakarta.enterprise.cdi-api/4.1.0/jakarta.enterprise.cdi-api-4.1.0.jar:/home/runner/.m2/repository/jakarta/enterprise/jakarta.enterprise.lang-model/4.1.0/jakarta.enterprise.lang-model-4.1.0.jar:/home/runner/.m2/repository/jakarta/el/jakarta.el-api/5.0.1/jakarta.el-api-5.0.1.jar:/home/runner/.m2/repository/jakarta/interceptor/jakarta.interceptor-api/2.2.0/jakarta.interceptor-api-2.2.0.jar:/home/runner/.m2/repository/jakarta/inject/jakarta.inject-api/2.0.1/jakarta.inject-api-2.0.1.jar:/home/runner/.m2/repository/io/smallrye/common/smallrye-common-os/2.12.0/smallrye-common-os-2.12.0.jar:/home/runner/.m2/repository/io/quarkus/quarkus-ide-launcher/3.20.2/quarkus-ide-launcher-3.20.2.jar:/home/runner/.m2/repository/io/quarkus/quarkus-development-mode-spi/3.20.2/quarkus-development-mode-spi-3.20.2.jar:/home/runner/.m2/repository/org/jboss/logging/jboss-logging/3.6.1.Final/jboss-logging-3.6.1.Final.jar:/home/runner/.m2/repository/org/jboss/logmanager/jboss-logmanager/3.1.2.Final/jboss-logmanager-3.1.2.Final.jar:/home/runner/.m2/repository/io/smallrye/common/smallrye-common-constraint/2.12.0/smallrye-common-constraint-2.12.0.jar:/home/runner/.m2/repository/io/smallrye/common/smallrye-common-cpu/2.12.0/smallrye-common-cpu-2.12.0.jar:/home/runner/.m2/repository/io/smallrye/common/smallrye-common-expression/2.12.0/smallrye-common-expression-2.12.0.jar:/home/runner/.m2/repository/io/smallrye/common/smallrye-common-net/2.12.0/smallrye-common-net-2.12.0.jar:/home/runner/.m2/repository/io/smallrye/common/smallrye-common-ref/2.12.0/smallrye-common-ref-2.12.0.jar:/home/runner/.m2/repository/jakarta/json/jakarta.json-api/2.1.3/jakarta.json-api-2.1.3.jar:/home/runner/.m2/repository/org/eclipse/parsson/parsson/1.1.7/parsson-1.1.7.jar:/home/runner/.m2/repository/org/jboss/logging/jboss-logging-annotations/3.0.4.Final/jboss-logging-annotations-3.0.4.Final.jar:/home/runner/.m2/repository/org/jboss/threads/jboss-threads/3.8.0.Final/jboss-threads-3.8.0.Final.jar:/home/runner/.m2/repository/io/smallrye/common/smallrye-common-annotation/2.12.0/smallrye-common-annotation-2.12.0.jar:/home/runner/.m2/repository/io/smallrye/common/smallrye-common-function/2.12.0/smallrye-common-function-2.12.0.jar:/home/runner/.m2/repository/org/jboss/slf4j/slf4j-jboss-logmanager/2.0.0.Final/slf4j-jboss-logmanager-2.0.0.Final.jar:/home/runner/.m2/repository/org/wildfly/common/wildfly-common/2.0.1/wildfly-common-2.0.1.jar:/home/runner/.m2/repository/io/quarkus/quarkus-bootstrap-runner/3.20.2/quarkus-bootstrap-runner-3.20.2.jar:/home/runner/.m2/repository/io/github/crac/org-crac/0.1.3/org-crac-0.1.3.jar:/home/runner/.m2/repository/io/quarkus/quarkus-fs-util/0.0.10/quarkus-fs-util-0.0.10.jar:/home/runner/.m2/repository/org/jboss/marshalling/jboss-marshalling/2.2.2.Final/jboss-marshalling-2.2.2.Final.jar:/home/runner/.m2/repository/io/fabric8/kubernetes-client/7.1.0/kubernetes-client-7.1.0.jar:/home/runner/.m2/repository/io/fabric8/kubernetes-client-api/7.1.0/kubernetes-client-api-7.1.0.jar:/home/runner/.m2/repository/io/fabric8/kubernetes-model-core/7.1.0/kubernetes-model-core-7.1.0.jar:/home/runner/.m2/repository/io/fabric8/kubernetes-model-common/7.1.0/kubernetes-model-common-7.1.0.jar:/home/runner/.m2/repository/javax/annotation/javax.annotation-api/1.3.2/javax.annotation-api-1.3.2.jar:/home/runner/.m2/repository/io/fabric8/kubernetes-model-gatewayapi/7.1.0/kubernetes-model-gatewayapi-7.1.0.jar:/home/runner/.m2/repository/io/fabric8/kubernetes-model-resource/7.1.0/kubernetes-model-resource-7.1.0.jar:/home/runner/.m2/repository/io/fabric8/kubernetes-model-rbac/7.1.0/kubernetes-model-rbac-7.1.0.jar:/home/runner/.m2/repository/io/fabric8/kubernetes-model-admissionregistration/7.1.0/kubernetes-model-admissionregistration-7.1.0.jar:/home/runner/.m2/repository/io/fabric8/kubernetes-model-apps/7.1.0/kubernetes-model-apps-7.1.0.jar:/home/runner/.m2/repository/io/fabric8/kubernetes-model-autoscaling/7.1.0/kubernetes-model-autoscaling-7.1.0.jar:/home/runner/.m2/repository/io/fabric8/kubernetes-model-apiextensions/7.1.0/kubernetes-model-apiextensions-7.1.0.jar:/home/runner/.m2/repository/io/fabric8/kubernetes-model-batch/7.1.0/kubernetes-model-batch-7.1.0.jar:/home/runner/.m2/repository/io/fabric8/kubernetes-model-certificates/7.1.0/kubernetes-model-certificates-7.1.0.jar:/home/runner/.m2/repository/io/fabric8/kubernetes-model-coordination/7.1.0/kubernetes-model-coordination-7.1.0.jar:/home/runner/.m2/repository/io/fabric8/kubernetes-model-discovery/7.1.0/kubernetes-model-discovery-7.1.0.jar:/home/runner/.m2/repository/io/fabric8/kubernetes-model-events/7.1.0/kubernetes-model-events-7.1.0.jar:/home/runner/.m2/repository/io/fabric8/kubernetes-model-extensions/7.1.0/kubernetes-model-extensions-7.1.0.jar:/home/runner/.m2/repository/io/fabric8/kubernetes-model-flowcontrol/7.1.0/kubernetes-model-flowcontrol-7.1.0.jar:/home/runner/.m2/repository/io/fabric8/kubernetes-model-networking/7.1.0/kubernetes-model-networking-7.1.0.jar:/home/runner/.m2/repository/io/fabric8/kubernetes-model-metrics/7.1.0/kubernetes-model-metrics-7.1.0.jar:/home/runner/.m2/repository/io/fabric8/kubernetes-model-policy/7.1.0/kubernetes-model-policy-7.1.0.jar:/home/runner/.m2/repository/io/fabric8/kubernetes-model-scheduling/7.1.0/kubernetes-model-scheduling-7.1.0.jar:/home/runner/.m2/repository/io/fabric8/kubernetes-model-storageclass/7.1.0/kubernetes-model-storageclass-7.1.0.jar:/home/runner/.m2/repository/io/fabric8/kubernetes-model-node/7.1.0/kubernetes-model-node-7.1.0.jar:/home/runner/.m2/repository/org/snakeyaml/snakeyaml-engine/2.9/snakeyaml-engine-2.9.jar:/home/runner/.m2/repository/com/fasterxml/jackson/dataformat/jackson-dataformat-yaml/2.18.2/jackson-dataformat-yaml-2.18.2.jar:/home/runner/.m2/repository/com/fasterxml/jackson/datatype/jackson-datatype-jsr310/2.18.2/jackson-datatype-jsr310-2.18.2.jar:/home/runner/.m2/repository/io/fabric8/zjsonpatch/7.1.0/zjsonpatch-7.1.0.jar:/home/runner/.m2/repository/io/fabric8/kubernetes-httpclient-vertx/7.1.0/kubernetes-httpclient-vertx-7.1.0.jar:/home/runner/.m2/repository/io/vertx/vertx-web-client/4.5.16/vertx-web-client-4.5.16.jar:/home/runner/.m2/repository/io/vertx/vertx-web-common/4.5.16/vertx-web-common-4.5.16.jar:/home/runner/.m2/repository/io/vertx/vertx-auth-common/4.5.16/vertx-auth-common-4.5.16.jar:/home/runner/.m2/repository/io/vertx/vertx-uri-template/4.5.16/vertx-uri-template-4.5.16.jar:/home/runner/.m2/repository/io/fabric8/openshift-client/7.1.0/openshift-client-7.1.0.jar:/home/runner/.m2/repository/io/fabric8/openshift-client-api/7.1.0/openshift-client-api-7.1.0.jar:/home/runner/.m2/repository/io/fabric8/openshift-model/7.1.0/openshift-model-7.1.0.jar:/home/runner/.m2/repository/io/fabric8/openshift-model-autoscaling/7.1.0/openshift-model-autoscaling-7.1.0.jar:/home/runner/.m2/repository/io/fabric8/openshift-model-operator/7.1.0/openshift-model-operator-7.1.0.jar:/home/runner/.m2/repository/io/fabric8/openshift-model-operatorhub/7.1.0/openshift-model-operatorhub-7.1.0.jar:/home/runner/.m2/repository/io/fabric8/openshift-model-machine/7.1.0/openshift-model-machine-7.1.0.jar:/home/runner/.m2/repository/io/fabric8/openshift-model-whereabouts/7.1.0/openshift-model-whereabouts-7.1.0.jar:/home/runner/.m2/repository/io/fabric8/openshift-model-monitoring/7.1.0/openshift-model-monitoring-7.1.0.jar:/home/runner/.m2/repository/io/fabric8/openshift-model-storageversionmigrator/7.1.0/openshift-model-storageversionmigrator-7.1.0.jar:/home/runner/.m2/repository/io/fabric8/openshift-model-tuned/7.1.0/openshift-model-tuned-7.1.0.jar:/home/runner/.m2/repository/io/fabric8/openshift-model-console/7.1.0/openshift-model-console-7.1.0.jar:/home/runner/.m2/repository/io/fabric8/openshift-model-config/7.1.0/openshift-model-config-7.1.0.jar:/home/runner/.m2/repository/io/fabric8/openshift-model-machineconfiguration/7.1.0/openshift-model-machineconfiguration-7.1.0.jar:/home/runner/.m2/repository/io/fabric8/openshift-model-miscellaneous/7.1.0/openshift-model-miscellaneous-7.1.0.jar:/home/runner/.m2/repository/io/fabric8/openshift-model-hive/7.1.0/openshift-model-hive-7.1.0.jar:/home/runner/.m2/repository/io/fabric8/openshift-model-installer/7.1.0/openshift-model-installer-7.1.0.jar:/home/runner/.m2/repository/org/junit/platform/junit-platform-launcher/1.12.1/junit-platform-launcher-1.12.1.jar:/home/runner/.m2/repository/org/junit/platform/junit-platform-engine/1.12.1/junit-platform-engine-1.12.1.jar:/home/runner/.m2/repository/org/opentest4j/opentest4j/1.3.0/opentest4j-1.3.0.jar:/home/runner/.m2/repository/org/junit/platform/junit-platform-commons/1.12.1/junit-platform-commons-1.12.1.jar:/home/runner/.m2/repository/org/apiguardian/apiguardian-api/1.1.2/apiguardian-api-1.1.2.jar:/home/runner/.m2/repository/jakarta/ws/rs/jakarta.ws.rs-api/3.1.0/jakarta.ws.rs-api-3.1.0.jar:/home/runner/work/apicurio-testing/apicurio-testing/clusters/ci419/namespaces/pg17/tests/integration/apicurio-registry/java-sdk/target/apicurio-registry-java-sdk-3.0.12-SNAPSHOT.jar:/home/runner/.m2/repository/com/microsoft/kiota/microsoft-kiota-abstractions/1.8.9/microsoft-kiota-abstractions-1.8.9.jar:/home/runner/.m2/repository/io/github/std-uritemplate/std-uritemplate/2.0.0/std-uritemplate-2.0.0.jar:/home/runner/.m2/repository/io/kiota/kiota-http-jdk/0.0.29/kiota-http-jdk-0.0.29.jar:/home/runner/.m2/repository/io/kiota/kiota-http-vertx/0.0.29/kiota-http-vertx-0.0.29.jar:/home/runner/.m2/repository/io/kiota/kiota-serialization-jackson/0.0.29/kiota-serialization-jackson-0.0.29.jar:/home/runner/.m2/repository/com/microsoft/kiota/microsoft-kiota-serialization-text/1.8.9/microsoft-kiota-serialization-text-1.8.9.jar:/home/runner/.m2/repository/com/microsoft/kiota/microsoft-kiota-serialization-form/1.8.9/microsoft-kiota-serialization-form-1.8.9.jar:/home/runner/.m2/repository/com/microsoft/kiota/microsoft-kiota-serialization-multipart/1.8.9/microsoft-kiota-serialization-multipart-1.8.9.jar:/home/runner/.m2/repository/jakarta/annotation/jakarta.annotation-api/3.0.0/jakarta.annotation-api-3.0.0.jar:/home/runner/.m2/repository/io/vertx/vertx-auth-oauth2/4.5.16/vertx-auth-oauth2-4.5.16.jar:/home/runner/work/apicurio-testing/apicurio-testing/clusters/ci419/namespaces/pg17/tests/integration/apicurio-registry/java-sdk-v2/target/apicurio-registry-v2-java-sdk-3.0.12-SNAPSHOT.jar:/home/runner/work/apicurio-testing/apicurio-testing/clusters/ci419/namespaces/pg17/tests/integration/apicurio-registry/utils/kafka/target/apicurio-registry-utils-kafka-3.0.12-SNAPSHOT-tests.jar:/home/runner/.m2/repository/org/eclipse/microprofile/config/microprofile-config-api/3.1/microprofile-config-api-3.1.jar:/home/runner/.m2/repository/org/apache/kafka/kafka-clients/3.9.1/kafka-clients-3.9.1.jar:/home/runner/.m2/repository/com/github/luben/zstd-jni/1.5.6-4/zstd-jni-1.5.6-4.jar:/home/runner/.m2/repository/org/lz4/lz4-java/1.8.0/lz4-java-1.8.0.jar:/home/runner/.m2/repository/org/xerial/snappy/snappy-java/1.1.10.5/snappy-java-1.1.10.5.jar:/home/runner/.m2/repository/org/slf4j/slf4j-api/2.0.6/slf4j-api-2.0.6.jar:/home/runner/work/apicurio-testing/apicurio-testing/clusters/ci419/namespaces/pg17/tests/integration/apicurio-registry/utils/tests/target/apicurio-registry-utils-tests-3.0.12-SNAPSHOT.jar:/home/runner/work/apicurio-testing/apicurio-testing/clusters/ci419/namespaces/pg17/tests/integration/apicurio-registry/common/target/apicurio-registry-common-3.0.12-SNAPSHOT.jar:/home/runner/.m2/repository/jakarta/validation/jakarta.validation-api/3.0.2/jakarta.validation-api-3.0.2.jar:/home/runner/.m2/repository/com/github/dasniko/testcontainers-keycloak/3.8.0/testcontainers-keycloak-3.8.0.jar:/home/runner/.m2/repository/org/testcontainers/testcontainers/1.20.6/testcontainers-1.20.6.jar:/home/runner/.m2/repository/org/rnorth/duct-tape/duct-tape/1.0.8/duct-tape-1.0.8.jar:/home/runner/.m2/repository/com/github/docker-java/docker-java-transport-zerodep/3.4.1/docker-java-transport-zerodep-3.4.1.jar:/home/runner/.m2/repository/com/github/docker-java/docker-java-transport/3.4.1/docker-java-transport-3.4.1.jar:/home/runner/.m2/repository/net/java/dev/jna/jna/5.8.0/jna-5.8.0.jar:/home/runner/.m2/repository/io/quarkus/quarkus-junit4-mock/3.20.2/quarkus-junit4-mock-3.20.2.jar:/home/runner/.m2/repository/org/jboss/shrinkwrap/shrinkwrap-api/2.0.0-beta-2/shrinkwrap-api-2.0.0-beta-2.jar:/home/runner/.m2/repository/org/jboss/shrinkwrap/shrinkwrap-impl-base/2.0.0-beta-2/shrinkwrap-impl-base-2.0.0-beta-2.jar:/home/runner/.m2/repository/org/jboss/shrinkwrap/shrinkwrap-spi/2.0.0-beta-2/shrinkwrap-spi-2.0.0-beta-2.jar:/home/runner/.m2/repository/org/keycloak/keycloak-admin-client/26.0.4/keycloak-admin-client-26.0.4.jar:/home/runner/.m2/repository/org/keycloak/keycloak-client-common-synced/26.0.4/keycloak-client-common-synced-26.0.4.jar:/home/runner/.m2/repository/jakarta/activation/jakarta.activation-api/2.1.3/jakarta.activation-api-2.1.3.jar:/home/runner/.m2/repository/org/eclipse/microprofile/openapi/microprofile-openapi-api/4.0.2/microprofile-openapi-api-4.0.2.jar:/home/runner/.m2/repository/org/jboss/resteasy/resteasy-client/6.2.12.Final/resteasy-client-6.2.12.Final.jar:/home/runner/.m2/repository/org/jboss/resteasy/resteasy-client-api/6.2.12.Final/resteasy-client-api-6.2.12.Final.jar:/home/runner/.m2/repository/org/jboss/resteasy/resteasy-core-spi/6.2.12.Final/resteasy-core-spi-6.2.12.Final.jar:/home/runner/.m2/repository/org/jboss/resteasy/resteasy-core/6.2.12.Final/resteasy-core-6.2.12.Final.jar:/home/runner/.m2/repository/org/eclipse/angus/angus-activation/2.0.2/angus-activation-2.0.2.jar:/home/runner/.m2/repository/com/ibm/async/asyncutil/0.1.0/asyncutil-0.1.0.jar:/home/runner/.m2/repository/org/reactivestreams/reactive-streams/1.0.4/reactive-streams-1.0.4.jar:/home/runner/.m2/repository/org/jboss/resteasy/resteasy-multipart-provider/6.2.12.Final/resteasy-multipart-provider-6.2.12.Final.jar:/home/runner/.m2/repository/jakarta/mail/jakarta.mail-api/2.1.3/jakarta.mail-api-2.1.3.jar:/home/runner/.m2/repository/org/eclipse/angus/angus-mail/2.0.3/angus-mail-2.0.3.jar:/home/runner/.m2/repository/org/apache/james/apache-mime4j-dom/0.8.12/apache-mime4j-dom-0.8.12.jar:/home/runner/.m2/repository/org/apache/james/apache-mime4j-core/0.8.12/apache-mime4j-core-0.8.12.jar:/home/runner/.m2/repository/org/apache/james/apache-mime4j-storage/0.8.12/apache-mime4j-storage-0.8.12.jar:/home/runner/.m2/repository/org/jboss/resteasy/resteasy-jackson2-provider/6.2.12.Final/resteasy-jackson2-provider-6.2.12.Final.jar:/home/runner/.m2/repository/com/fasterxml/jackson/jakarta/rs/jackson-jakarta-rs-base/2.18.2/jackson-jakarta-rs-base-2.18.2.jar:/home/runner/.m2/repository/com/fasterxml/jackson/jakarta/rs/jackson-jakarta-rs-json-provider/2.18.2/jackson-jakarta-rs-json-provider-2.18.2.jar:/home/runner/.m2/repository/com/fasterxml/jackson/module/jackson-module-jakarta-xmlbind-annotations/2.18.2/jackson-module-jakarta-xmlbind-annotations-2.18.2.jar:/home/runner/.m2/repository/com/github/java-json-tools/json-patch/1.13/json-patch-1.13.jar:/home/runner/.m2/repository/com/github/java-json-tools/msg-simple/1.2/msg-simple-1.2.jar:/home/runner/.m2/repository/com/github/java-json-tools/btf/1.3/btf-1.3.jar:/home/runner/.m2/repository/com/github/java-json-tools/jackson-coreutils/2.0/jackson-coreutils-2.0.jar:/home/runner/.m2/repository/org/jboss/resteasy/resteasy-jaxb-provider/6.2.12.Final/resteasy-jaxb-provider-6.2.12.Final.jar:/home/runner/.m2/repository/org/glassfish/jaxb/codemodel/4.0.5/codemodel-4.0.5.jar:/home/runner/.m2/repository/org/glassfish/jaxb/jaxb-core/4.0.5/jaxb-core-4.0.5.jar:/home/runner/.m2/repository/org/glassfish/jaxb/jaxb-jxc/4.0.5/jaxb-jxc-4.0.5.jar:/home/runner/.m2/repository/org/glassfish/jaxb/jaxb-runtime/4.0.5/jaxb-runtime-4.0.5.jar:/home/runner/.m2/repository/org/glassfish/jaxb/txw2/4.0.5/txw2-4.0.5.jar:/home/runner/.m2/repository/org/glassfish/jaxb/jaxb-xjc/4.0.5/jaxb-xjc-4.0.5.jar:/home/runner/.m2/repository/org/glassfish/jaxb/xsom/4.0.5/xsom-4.0.5.jar:/home/runner/.m2/repository/com/sun/istack/istack-commons-runtime/4.1.2/istack-commons-runtime-4.1.2.jar:/home/runner/.m2/repository/com/sun/istack/istack-commons-tools/4.1.2/istack-commons-tools-4.1.2.jar:/home/runner/.m2/repository/com/sun/xml/bind/external/relaxng-datatype/4.0.5/relaxng-datatype-4.0.5.jar:/home/runner/.m2/repository/com/sun/xml/bind/external/rngom/4.0.5/rngom-4.0.5.jar:/home/runner/.m2/repository/org/testcontainers/mssqlserver/1.20.6/mssqlserver-1.20.6.jar:/home/runner/.m2/repository/org/testcontainers/jdbc/1.20.6/jdbc-1.20.6.jar:/home/runner/.m2/repository/org/testcontainers/database-commons/1.20.6/database-commons-1.20.6.jar:/home/runner/.m2/repository/org/testcontainers/mysql/1.20.6/mysql-1.20.6.jar:/home/runner/.m2/repository/io/strimzi/strimzi-test-container/0.111.0/strimzi-test-container-0.111.0.jar:/home/runner/.m2/repository/org/testcontainers/toxiproxy/1.20.6/toxiproxy-1.20.6.jar:/home/runner/.m2/repository/com/github/docker-java/docker-java-api/3.4.1/docker-java-api-3.4.1.jar:/home/runner/.m2/repository/org/apache/logging/log4j/log4j-slf4j-impl/2.19.0/log4j-slf4j-impl-2.19.0.jar:/home/runner/.m2/repository/org/apache/logging/log4j/log4j-api/2.24.3/log4j-api-2.24.3.jar:/home/runner/.m2/repository/org/apache/logging/log4j/log4j-core/2.19.0/log4j-core-2.19.0.jar:/home/runner/.m2/repository/eu/rekawek/toxiproxy/toxiproxy-java/2.1.7/toxiproxy-java-2.1.7.jar:/home/runner/.m2/repository/org/testcontainers/pulsar/1.21.3/pulsar-1.21.3.jar:/home/runner/.m2/repository/io/debezium/debezium-testing-testcontainers/2.7.4.Final/debezium-testing-testcontainers-2.7.4.Final.jar:/home/runner/.m2/repository/org/testcontainers/kafka/1.20.6/kafka-1.20.6.jar:/home/runner/.m2/repository/com/squareup/okhttp3/okhttp/4.8.1/okhttp-4.8.1.jar:/home/runner/.m2/repository/com/squareup/okio/okio/3.10.2/okio-3.10.2.jar:/home/runner/.m2/repository/com/squareup/okio/okio-jvm/3.10.2/okio-jvm-3.10.2.jar:/home/runner/.m2/repository/org/jetbrains/kotlin/kotlin-stdlib/2.0.21/kotlin-stdlib-2.0.21.jar:/home/runner/.m2/repository/org/awaitility/awaitility/4.3.0/awaitility-4.3.0.jar:/home/runner/.m2/repository/org/testcontainers/mongodb/1.20.6/mongodb-1.20.6.jar:/home/runner/.m2/repository/org/testcontainers/mariadb/1.20.6/mariadb-1.20.6.jar:/home/runner/.m2/repository/org/testcontainers/oracle-xe/1.20.6/oracle-xe-1.20.6.jar:/home/runner/.m2/repository/org/testcontainers/postgresql/1.20.6/postgresql-1.20.6.jar:/home/runner/.m2/repository/org/wiremock/wiremock/3.0.1/wiremock-3.0.1.jar:/home/runner/.m2/repository/org/eclipse/jetty/jetty-server/11.0.15/jetty-server-11.0.15.jar:/home/runner/.m2/repository/org/eclipse/jetty/toolchain/jetty-jakarta-servlet-api/5.0.2/jetty-jakarta-servlet-api-5.0.2.jar:/home/runner/.m2/repository/org/eclipse/jetty/jetty-http/11.0.15/jetty-http-11.0.15.jar:/home/runner/.m2/repository/org/eclipse/jetty/jetty-io/11.0.15/jetty-io-11.0.15.jar:/home/runner/.m2/repository/org/eclipse/jetty/jetty-servlet/11.0.15/jetty-servlet-11.0.15.jar:/home/runner/.m2/repository/org/eclipse/jetty/jetty-security/11.0.15/jetty-security-11.0.15.jar:/home/runner/.m2/repository/org/eclipse/jetty/jetty-servlets/11.0.15/jetty-servlets-11.0.15.jar:/home/runner/.m2/repository/org/eclipse/jetty/jetty-util/11.0.15/jetty-util-11.0.15.jar:/home/runner/.m2/repository/org/eclipse/jetty/jetty-webapp/11.0.15/jetty-webapp-11.0.15.jar:/home/runner/.m2/repository/org/eclipse/jetty/jetty-xml/11.0.15/jetty-xml-11.0.15.jar:/home/runner/.m2/repository/org/eclipse/jetty/jetty-proxy/11.0.15/jetty-proxy-11.0.15.jar:/home/runner/.m2/repository/org/eclipse/jetty/jetty-client/11.0.15/jetty-client-11.0.15.jar:/home/runner/.m2/repository/org/eclipse/jetty/http2/http2-server/11.0.15/http2-server-11.0.15.jar:/home/runner/.m2/repository/org/eclipse/jetty/http2/http2-common/11.0.15/http2-common-11.0.15.jar:/home/runner/.m2/repository/org/eclipse/jetty/http2/http2-hpack/11.0.15/http2-hpack-11.0.15.jar:/home/runner/.m2/repository/org/eclipse/jetty/jetty-alpn-server/11.0.15/jetty-alpn-server-11.0.15.jar:/home/runner/.m2/repository/org/eclipse/jetty/jetty-alpn-java-server/11.0.15/jetty-alpn-java-server-11.0.15.jar:/home/runner/.m2/repository/org/eclipse/jetty/jetty-alpn-java-client/11.0.15/jetty-alpn-java-client-11.0.15.jar:/home/runner/.m2/repository/org/eclipse/jetty/jetty-alpn-client/11.0.15/jetty-alpn-client-11.0.15.jar:/home/runner/.m2/repository/org/apache/httpcomponents/client5/httpclient5/5.2.1/httpclient5-5.2.1.jar:/home/runner/.m2/repository/org/apache/httpcomponents/core5/httpcore5/5.2/httpcore5-5.2.jar:/home/runner/.m2/repository/org/apache/httpcomponents/core5/httpcore5-h2/5.2/httpcore5-h2-5.2.jar:/home/runner/.m2/repository/org/xmlunit/xmlunit-core/2.9.1/xmlunit-core-2.9.1.jar:/home/runner/.m2/repository/jakarta/xml/bind/jakarta.xml.bind-api/4.0.2/jakarta.xml.bind-api-4.0.2.jar:/home/runner/.m2/repository/org/xmlunit/xmlunit-legacy/2.9.1/xmlunit-legacy-2.9.1.jar:/home/runner/.m2/repository/org/xmlunit/xmlunit-placeholders/2.9.1/xmlunit-placeholders-2.9.1.jar:/home/runner/.m2/repository/net/javacrumbs/json-unit/json-unit-core/2.38.0/json-unit-core-2.38.0.jar:/home/runner/.m2/repository/org/hamcrest/hamcrest-core/2.2/hamcrest-core-2.2.jar:/home/runner/.m2/repository/com/jayway/jsonpath/json-path/2.8.0/json-path-2.8.0.jar:/home/runner/.m2/repository/net/minidev/json-smart/2.4.10/json-smart-2.4.10.jar:/home/runner/.m2/repository/net/minidev/accessors-smart/2.4.9/accessors-smart-2.4.9.jar:/home/runner/.m2/repository/org/ow2/asm/asm/9.7.1/asm-9.7.1.jar:/home/runner/.m2/repository/net/sf/jopt-simple/jopt-simple/5.0.4/jopt-simple-5.0.4.jar:/home/runner/.m2/repository/com/github/jknack/handlebars/4.3.1/handlebars-4.3.1.jar:/home/runner/.m2/repository/com/github/jknack/handlebars-helpers/4.3.1/handlebars-helpers-4.3.1.jar:/home/runner/.m2/repository/commons-fileupload/commons-fileupload/1.5/commons-fileupload-1.5.jar:/home/runner/.m2/repository/com/networknt/json-schema-validator/1.5.8/json-schema-validator-1.5.8.jar:/home/runner/.m2/repository/com/ethlo/time/itu/1.10.3/itu-1.10.3.jar:/home/runner/.m2/repository/io/quarkus/quarkus-smallrye-jwt-build/3.20.2/quarkus-smallrye-jwt-build-3.20.2.jar:/home/runner/.m2/repository/io/smallrye/smallrye-jwt-build/4.6.2/smallrye-jwt-build-4.6.2.jar:/home/runner/.m2/repository/org/eclipse/microprofile/jwt/microprofile-jwt-auth-api/2.1/microprofile-jwt-auth-api-2.1.jar:/home/runner/.m2/repository/org/bitbucket/b_c/jose4j/0.9.6/jose4j-0.9.6.jar:/home/runner/.m2/repository/io/smallrye/smallrye-jwt-common/4.6.2/smallrye-jwt-common-4.6.2.jar:/home/runner/.m2/repository/io/quarkus/quarkus-jsonp/3.20.2/quarkus-jsonp-3.20.2.jar:/home/runner/.m2/repository/io/quarkus/quarkus-arc/3.20.2/quarkus-arc-3.20.2.jar:/home/runner/.m2/repository/io/quarkus/arc/arc/3.20.2/arc-3.20.2.jar:/home/runner/.m2/repository/jakarta/transaction/jakarta.transaction-api/2.0.1/jakarta.transaction-api-2.0.1.jar:/home/runner/.m2/repository/io/smallrye/reactive/mutiny/2.9.2/mutiny-2.9.2.jar:/home/runner/.m2/repository/org/jctools/jctools-core/4.0.5/jctools-core-4.0.5.jar:/home/runner/.m2/repository/org/eclipse/microprofile/context-propagation/microprofile-context-propagation-api/1.3/microprofile-context-propagation-api-1.3.jar:/home/runner/.m2/repository/io/apicurio/apicurio-common-rest-client-common/0.1.18.Final/apicurio-common-rest-client-common-0.1.18.Final.jar:/home/runner/work/apicurio-testing/apicurio-testing/clusters/ci419/namespaces/pg17/tests/integration/apicurio-registry/utils/maven-plugin/target/apicurio-registry-maven-plugin-3.0.12-SNAPSHOT.jar:/home/runner/.m2/repository/com/fasterxml/jackson/core/jackson-databind/2.18.2/jackson-databind-2.18.2.jar:/home/runner/.m2/repository/org/apache/avro/avro/1.12.0/avro-1.12.0.jar:/home/runner/.m2/repository/com/google/protobuf/protobuf-java/4.31.1/protobuf-java-4.31.1.jar:/home/runner/.m2/repository/com/google/protobuf/protobuf-java-util/4.31.1/protobuf-java-util-4.31.1.jar:/home/runner/.m2/repository/com/google/code/findbugs/jsr305/3.0.2/jsr305-3.0.2.jar:/home/runner/.m2/repository/com/google/code/gson/gson/2.12.1/gson-2.12.1.jar:/home/runner/.m2/repository/com/google/errorprone/error_prone_annotations/2.36.0/error_prone_annotations-2.36.0.jar:/home/runner/.m2/repository/com/google/j2objc/j2objc-annotations/2.8/j2objc-annotations-2.8.jar:/home/runner/work/apicurio-testing/apicurio-testing/clusters/ci419/namespaces/pg17/tests/integration/apicurio-registry/schema-util/util-provider/target/apicurio-registry-schema-util-provider-3.0.12-SNAPSHOT.jar:/home/runner/work/apicurio-testing/apicurio-testing/clusters/ci419/namespaces/pg17/tests/integration/apicurio-registry/schema-util/common/target/apicurio-registry-schema-util-common-3.0.12-SNAPSHOT.jar:/home/runner/.m2/repository/com/fasterxml/jackson/module/jackson-module-parameter-names/2.18.2/jackson-module-parameter-names-2.18.2.jar:/home/runner/.m2/repository/com/fasterxml/jackson/datatype/jackson-datatype-json-org/2.18.2/jackson-datatype-json-org-2.18.2.jar:/home/runner/work/apicurio-testing/apicurio-testing/clusters/ci419/namespaces/pg17/tests/integration/apicurio-registry/schema-util/json/target/apicurio-registry-schema-util-json-3.0.12-SNAPSHOT.jar:/home/runner/.m2/repository/com/github/erosb/everit-json-schema/1.14.5/everit-json-schema-1.14.5.jar:/home/runner/.m2/repository/commons-validator/commons-validator/1.9.0/commons-validator-1.9.0.jar:/home/runner/.m2/repository/commons-digester/commons-digester/2.1/commons-digester-2.1.jar:/home/runner/.m2/repository/commons-collections/commons-collections/3.2.2/commons-collections-3.2.2.jar:/home/runner/.m2/repository/com/damnhandy/handy-uri-templates/2.1.8/handy-uri-templates-2.1.8.jar:/home/runner/.m2/repository/joda-time/joda-time/2.10.2/joda-time-2.10.2.jar:/home/runner/.m2/repository/com/github/erosb/json-sKema/0.20.0/json-sKema-0.20.0.jar:/home/runner/.m2/repository/io/vertx/vertx-json-schema/4.5.16/vertx-json-schema-4.5.16.jar:/home/runner/work/apicurio-testing/apicurio-testing/clusters/ci419/namespaces/pg17/tests/integration/apicurio-registry/schema-util/protobuf/target/apicurio-registry-schema-util-protobuf-3.0.12-SNAPSHOT.jar:/home/runner/work/apicurio-testing/apicurio-testing/clusters/ci419/namespaces/pg17/tests/integration/apicurio-registry/utils/protobuf-schema-utilities/target/apicurio-registry-protobuf-schema-utilities-3.0.12-SNAPSHOT.jar:/home/runner/.m2/repository/com/google/api/grpc/proto-google-common-protos/2.52.0/proto-google-common-protos-2.52.0.jar:/home/runner/.m2/repository/com/squareup/wire/wire-schema-jvm/5.3.3/wire-schema-jvm-5.3.3.jar:/home/runner/.m2/repository/com/palantir/javapoet/javapoet/0.6.0/javapoet-0.6.0.jar:/home/runner/.m2/repository/com/squareup/kotlinpoet-jvm/2.0.0/kotlinpoet-jvm-2.0.0.jar:/home/runner/.m2/repository/org/jetbrains/kotlin/kotlin-reflect/2.0.21/kotlin-reflect-2.0.21.jar:/home/runner/.m2/repository/com/squareup/wire/wire-runtime-jvm/5.3.3/wire-runtime-jvm-5.3.3.jar:/home/runner/.m2/repository/com/ibm/icu/icu4j/76.1/icu4j-76.1.jar:/home/runner/.m2/repository/com/squareup/okio/okio-fakefilesystem/3.10.2/okio-fakefilesystem-3.10.2.jar:/home/runner/.m2/repository/com/squareup/okio/okio-fakefilesystem-jvm/3.10.2/okio-fakefilesystem-jvm-3.10.2.jar:/home/runner/.m2/repository/org/jetbrains/kotlinx/kotlinx-datetime-jvm/0.6.1/kotlinx-datetime-jvm-0.6.1.jar:/home/runner/work/apicurio-testing/apicurio-testing/clusters/ci419/namespaces/pg17/tests/integration/apicurio-registry/schema-util/asyncapi/target/apicurio-registry-schema-util-asyncapi-3.0.12-SNAPSHOT.jar:/home/runner/work/apicurio-testing/apicurio-testing/clusters/ci419/namespaces/pg17/tests/integration/apicurio-registry/schema-util/avro/target/apicurio-registry-schema-util-avro-3.0.12-SNAPSHOT.jar:/home/runner/work/apicurio-testing/apicurio-testing/clusters/ci419/namespaces/pg17/tests/integration/apicurio-registry/schema-util/graphql/target/apicurio-registry-schema-util-graphql-3.0.12-SNAPSHOT.jar:/home/runner/.m2/repository/com/graphql-java/graphql-java/22.4/graphql-java-22.4.jar:/home/runner/.m2/repository/com/graphql-java/java-dataloader/3.3.0/java-dataloader-3.3.0.jar:/home/runner/work/apicurio-testing/apicurio-testing/clusters/ci419/namespaces/pg17/tests/integration/apicurio-registry/schema-util/kconnect/target/apicurio-registry-schema-util-kconnect-3.0.12-SNAPSHOT.jar:/home/runner/work/apicurio-testing/apicurio-testing/clusters/ci419/namespaces/pg17/tests/integration/apicurio-registry/schema-util/openapi/target/apicurio-registry-schema-util-openapi-3.0.12-SNAPSHOT.jar:/home/runner/.m2/repository/io/apicurio/apicurio-data-models/2.2.2/apicurio-data-models-2.2.2.jar:/home/runner/.m2/repository/org/openapitools/openapidiff/openapi-diff-core/2.1.2/openapi-diff-core-2.1.2.jar:/home/runner/.m2/repository/io/swagger/parser/v3/swagger-parser/2.1.28/swagger-parser-2.1.28.jar:/home/runner/.m2/repository/io/swagger/parser/v3/swagger-parser-v2-converter/2.1.28/swagger-parser-v2-converter-2.1.28.jar:/home/runner/.m2/repository/io/swagger/swagger-core/1.6.16/swagger-core-1.6.16.jar:/home/runner/.m2/repository/io/swagger/swagger-models/1.6.16/swagger-models-1.6.16.jar:/home/runner/.m2/repository/io/swagger/swagger-annotations/1.6.16/swagger-annotations-1.6.16.jar:/home/runner/.m2/repository/io/swagger/swagger-parser/1.0.75/swagger-parser-1.0.75.jar:/home/runner/.m2/repository/io/swagger/swagger-parser-safe-url-resolver/1.0.75/swagger-parser-safe-url-resolver-1.0.75.jar:/home/runner/.m2/repository/io/swagger/swagger-compat-spec-parser/1.0.75/swagger-compat-spec-parser-1.0.75.jar:/home/runner/.m2/repository/com/github/java-json-tools/json-schema-validator/2.2.14/json-schema-validator-2.2.14.jar:/home/runner/.m2/repository/com/github/java-json-tools/jackson-coreutils-equivalence/1.0/jackson-coreutils-equivalence-1.0.jar:/home/runner/.m2/repository/com/github/java-json-tools/json-schema-core/1.2.14/json-schema-core-1.2.14.jar:/home/runner/.m2/repository/com/github/java-json-tools/uri-template/0.10/uri-template-0.10.jar:/home/runner/.m2/repository/com/googlecode/libphonenumber/libphonenumber/8.11.1/libphonenumber-8.11.1.jar:/home/runner/.m2/repository/com/j2html/j2html/1.6.0/j2html-1.6.0.jar:/home/runner/.m2/repository/org/apache/commons/commons-collections4/4.5.0/commons-collections4-4.5.0.jar:/home/runner/.m2/repository/org/slf4j/jcl-over-slf4j/2.0.17/jcl-over-slf4j-2.0.17.jar:/home/runner/.m2/repository/io/swagger/parser/v3/swagger-parser-v3/2.1.31/swagger-parser-v3-2.1.31.jar:/home/runner/.m2/repository/io/swagger/core/v3/swagger-models/2.2.34/swagger-models-2.2.34.jar:/home/runner/.m2/repository/io/swagger/core/v3/swagger-core/2.2.34/swagger-core-2.2.34.jar:/home/runner/.m2/repository/io/swagger/parser/v3/swagger-parser-core/2.1.31/swagger-parser-core-2.1.31.jar:/home/runner/.m2/repository/io/swagger/parser/v3/swagger-parser-safe-url-resolver/2.1.31/swagger-parser-safe-url-resolver-2.1.31.jar:/home/runner/work/apicurio-testing/apicurio-testing/clusters/ci419/namespaces/pg17/tests/integration/apicurio-registry/schema-util/wsdl/target/apicurio-registry-schema-util-wsdl-3.0.12-SNAPSHOT.jar:/home/runner/.m2/repository/wsdl4j/wsdl4j/1.6.3/wsdl4j-1.6.3.jar:/home/runner/work/apicurio-testing/apicurio-testing/clusters/ci419/namespaces/pg17/tests/integration/apicurio-registry/schema-util/xml/target/apicurio-registry-schema-util-xml-3.0.12-SNAPSHOT.jar:/home/runner/.m2/repository/org/apache/santuario/xmlsec/4.0.4/xmlsec-4.0.4.jar:/home/runner/.m2/repository/com/fasterxml/woodstox/woodstox-core/7.1.1/woodstox-core-7.1.1.jar:/home/runner/.m2/repository/org/codehaus/woodstox/stax2-api/4.2.2/stax2-api-4.2.2.jar:/home/runner/work/apicurio-testing/apicurio-testing/clusters/ci419/namespaces/pg17/tests/integration/apicurio-registry/schema-util/xsd/target/apicurio-registry-schema-util-xsd-3.0.12-SNAPSHOT.jar:/home/runner/work/apicurio-testing/apicurio-testing/clusters/ci419/namespaces/pg17/tests/integration/apicurio-registry/serdes/kafka/jsonschema-serde/target/apicurio-registry-jsonschema-serde-kafka-3.0.12-SNAPSHOT.jar:/home/runner/work/apicurio-testing/apicurio-testing/clusters/ci419/namespaces/pg17/tests/integration/apicurio-registry/serdes/kafka/serde-kafka-common/target/apicurio-registry-serde-kafka-common-3.0.12-SNAPSHOT.jar:/home/runner/work/apicurio-testing/apicurio-testing/clusters/ci419/namespaces/pg17/tests/integration/apicurio-registry/serdes/generic/serde-common/target/apicurio-registry-serde-common-3.0.12-SNAPSHOT.jar:/home/runner/work/apicurio-testing/apicurio-testing/clusters/ci419/namespaces/pg17/tests/integration/apicurio-registry/serdes/generic/serde-common-jsonschema/target/apicurio-registry-serde-common-jsonschema-3.0.12-SNAPSHOT.jar:/home/runner/.m2/repository/org/json/json/20250107/json-20250107.jar:/home/runner/work/apicurio-testing/apicurio-testing/clusters/ci419/namespaces/pg17/tests/integration/apicurio-registry/serdes/kafka/avro-serde/target/apicurio-registry-avro-serde-kafka-3.0.12-SNAPSHOT.jar:/home/runner/work/apicurio-testing/apicurio-testing/clusters/ci419/namespaces/pg17/tests/integration/apicurio-registry/serdes/generic/serde-common-avro/target/apicurio-registry-serde-common-avro-3.0.12-SNAPSHOT.jar:/home/runner/work/apicurio-testing/apicurio-testing/clusters/ci419/namespaces/pg17/tests/integration/apicurio-registry/serdes/kafka/protobuf-serde/target/apicurio-registry-protobuf-serde-kafka-3.0.12-SNAPSHOT.jar:/home/runner/work/apicurio-testing/apicurio-testing/clusters/ci419/namespaces/pg17/tests/integration/apicurio-registry/serdes/generic/serde-common-protobuf/target/apicurio-registry-serde-common-protobuf-3.0.12-SNAPSHOT.jar:/home/runner/.m2/repository/com/squareup/wire/wire-schema/5.3.3/wire-schema-5.3.3.jar:/home/runner/.m2/repository/com/squareup/wire/wire-runtime/5.3.3/wire-runtime-5.3.3.jar:/home/runner/work/apicurio-testing/apicurio-testing/clusters/ci419/namespaces/pg17/tests/integration/apicurio-registry/serdes/pulsar/avro-serde/target/apicurio-registry-avro-serde-pulsar-3.0.12-SNAPSHOT.jar:/home/runner/.m2/repository/org/apache/pulsar/pulsar-functions-api/3.3.8/pulsar-functions-api-3.3.8.jar:/home/runner/work/apicurio-testing/apicurio-testing/clusters/ci419/namespaces/pg17/tests/integration/apicurio-registry/serdes/nats/avro-serde/target/apicurio-registry-avro-serde-nats-3.0.12-SNAPSHOT.jar:/home/runner/.m2/repository/io/nats/jnats/2.21.4/jnats-2.21.4.jar:/home/runner/.m2/repository/org/bouncycastle/bcprov-lts8on/2.73.7/bcprov-lts8on-2.73.7.jar:/home/runner/.m2/repository/org/jetbrains/annotations/26.0.2/annotations-26.0.2.jar:/home/runner/work/apicurio-testing/apicurio-testing/clusters/ci419/namespaces/pg17/tests/integration/apicurio-registry/utils/converter/target/apicurio-registry-utils-converter-3.0.12-SNAPSHOT.jar:/home/runner/work/apicurio-testing/apicurio-testing/clusters/ci419/namespaces/pg17/tests/integration/apicurio-registry/schema-resolver/target/apicurio-registry-schema-resolver-3.0.12-SNAPSHOT.jar:/home/runner/.m2/repository/org/apache/kafka/connect-api/3.9.1/connect-api-3.9.1.jar:/home/runner/.m2/repository/javax/ws/rs/javax.ws.rs-api/2.1.1/javax.ws.rs-api-2.1.1.jar:/home/runner/.m2/repository/org/apache/kafka/connect-json/3.9.1/connect-json-3.9.1.jar:/home/runner/.m2/repository/com/fasterxml/jackson/datatype/jackson-datatype-jdk8/2.18.2/jackson-datatype-jdk8-2.18.2.jar:/home/runner/.m2/repository/com/fasterxml/jackson/module/jackson-module-afterburner/2.18.2/jackson-module-afterburner-2.18.2.jar:/home/runner/work/apicurio-testing/apicurio-testing/clusters/ci419/namespaces/pg17/tests/integration/apicurio-registry/utils/kafka/target/apicurio-registry-utils-kafka-3.0.12-SNAPSHOT.jar:/home/runner/.m2/repository/org/apache/pulsar/pulsar-client/3.3.8/pulsar-client-3.3.8.jar:/home/runner/.m2/repository/org/apache/pulsar/pulsar-client-api/3.3.8/pulsar-client-api-3.3.8.jar:/home/runner/.m2/repository/org/apache/pulsar/pulsar-client-admin-api/3.3.8/pulsar-client-admin-api-3.3.8.jar:/home/runner/.m2/repository/org/apache/pulsar/bouncy-castle-bc/3.3.8/bouncy-castle-bc-3.3.8-pkg.jar:/home/runner/.m2/repository/org/bouncycastle/bcpkix-jdk18on/1.81/bcpkix-jdk18on-1.81.jar:/home/runner/.m2/repository/org/bouncycastle/bcutil-jdk18on/1.81/bcutil-jdk18on-1.81.jar:/home/runner/.m2/repository/org/bouncycastle/bcprov-jdk18on/1.81/bcprov-jdk18on-1.81.jar:/home/runner/.m2/repository/io/opentelemetry/opentelemetry-api/1.44.1/opentelemetry-api-1.44.1.jar:/home/runner/.m2/repository/io/opentelemetry/opentelemetry-context/1.44.1/opentelemetry-context-1.44.1.jar:/home/runner/.m2/repository/io/opentelemetry/opentelemetry-api-incubator/1.44.1-alpha/opentelemetry-api-incubator-1.44.1-alpha.jar:/home/runner/.m2/repository/com/fasterxml/jackson/core/jackson-annotations/2.18.2/jackson-annotations-2.18.2.jar:/home/runner/.m2/repository/javax/validation/validation-api/1.1.0.Final/validation-api-1.1.0.Final.jar:/home/runner/.m2/repository/org/jspecify/jspecify/1.0.0/jspecify-1.0.0.jar:/home/runner/.m2/repository/org/apache/commons/commons-configuration2/2.12.0/commons-configuration2-2.12.0.jar:/home/runner/.m2/repository/commons-logging/commons-logging/1.3.5/commons-logging-1.3.5.jar:/home/runner/.m2/repository/org/apache/commons/commons-text/1.13.0/commons-text-1.13.0.jar:/home/runner/.m2/repository/io/confluent/kafka-avro-serializer/8.0.0/kafka-avro-serializer-8.0.0.jar:/home/runner/.m2/repository/org/apache/commons/commons-compress/1.27.1/commons-compress-1.27.1.jar:/home/runner/.m2/repository/io/confluent/kafka-schema-serializer/8.0.0/kafka-schema-serializer-8.0.0.jar:/home/runner/.m2/repository/com/fasterxml/jackson/dataformat/jackson-dataformat-csv/2.18.2/jackson-dataformat-csv-2.18.2.jar:/home/runner/.m2/repository/io/confluent/kafka-schema-registry-client/8.0.0/kafka-schema-registry-client-8.0.0.jar:/home/runner/.m2/repository/org/yaml/snakeyaml/2.3/snakeyaml-2.3.jar:/home/runner/.m2/repository/io/swagger/core/v3/swagger-annotations/2.2.29/swagger-annotations-2.2.29.jar:/home/runner/.m2/repository/com/google/guava/guava/33.4.0-jre/guava-33.4.0-jre.jar:/home/runner/.m2/repository/com/google/guava/failureaccess/1.0.1/failureaccess-1.0.1.jar:/home/runner/.m2/repository/org/checkerframework/checker-qual/3.49.0/checker-qual-3.49.0.jar:/home/runner/.m2/repository/io/confluent/logredactor/1.0.13/logredactor-1.0.13.jar:/home/runner/.m2/repository/com/google/re2j/re2j/1.6/re2j-1.6.jar:/home/runner/.m2/repository/io/confluent/logredactor-metrics/1.0.13/logredactor-metrics-1.0.13.jar:/home/runner/.m2/repository/com/eclipsesource/minimal-json/minimal-json/0.9.5/minimal-json-0.9.5.jar:/home/runner/.m2/repository/io/confluent/common-utils/8.0.0/common-utils-8.0.0.jar:/home/runner/.m2/repository/io/confluent/kafka-connect-avro-converter/8.0.0/kafka-connect-avro-converter-8.0.0.jar:/home/runner/.m2/repository/io/confluent/kafka-connect-avro-data/8.0.0/kafka-connect-avro-data-8.0.0.jar:/home/runner/.m2/repository/io/confluent/kafka-schema-converter/8.0.0/kafka-schema-converter-8.0.0.jar:/home/runner/.m2/repository/io/rest-assured/rest-assured/5.5.1/rest-assured-5.5.1.jar:/home/runner/.m2/repository/org/apache/groovy/groovy/4.0.22/groovy-4.0.22.jar:/home/runner/.m2/repository/org/apache/groovy/groovy-xml/4.0.22/groovy-xml-4.0.22.jar:/home/runner/.m2/repository/org/apache/httpcomponents/httpclient/4.5.14/httpclient-4.5.14.jar:/home/runner/.m2/repository/org/apache/httpcomponents/httpcore/4.4.16/httpcore-4.4.16.jar:/home/runner/.m2/repository/org/apache/httpcomponents/httpmime/4.5.14/httpmime-4.5.14.jar:/home/runner/.m2/repository/org/hamcrest/hamcrest/2.2/hamcrest-2.2.jar:/home/runner/.m2/repository/org/ccil/cowan/tagsoup/tagsoup/1.2.1/tagsoup-1.2.1.jar:/home/runner/.m2/repository/io/rest-assured/json-path/5.5.1/json-path-5.5.1.jar:/home/runner/.m2/repository/org/apache/groovy/groovy-json/4.0.22/groovy-json-4.0.22.jar:/home/runner/.m2/repository/io/rest-assured/rest-assured-common/5.5.1/rest-assured-common-5.5.1.jar:/home/runner/.m2/repository/io/rest-assured/xml-path/5.5.1/xml-path-5.5.1.jar:/home/runner/.m2/repository/io/zonky/test/embedded-postgres/2.1.0/embedded-postgres-2.1.0.jar:/home/runner/.m2/repository/io/zonky/test/postgres/embedded-postgres-binaries-windows-amd64/14.15.0/embedded-postgres-binaries-windows-amd64-14.15.0.jar:/home/runner/.m2/repository/io/zonky/test/postgres/embedded-postgres-binaries-darwin-amd64/14.15.0/embedded-postgres-binaries-darwin-amd64-14.15.0.jar:/home/runner/.m2/repository/io/zonky/test/postgres/embedded-postgres-binaries-linux-amd64/14.15.0/embedded-postgres-binaries-linux-amd64-14.15.0.jar:/home/runner/.m2/repository/io/zonky/test/postgres/embedded-postgres-binaries-linux-amd64-alpine/14.15.0/embedded-postgres-binaries-linux-amd64-alpine-14.15.0.jar:/home/runner/.m2/repository/org/apache/commons/commons-lang3/3.17.0/commons-lang3-3.17.0.jar:/home/runner/.m2/repository/org/tukaani/xz/1.10/xz-1.10.jar:/home/runner/.m2/repository/commons-codec/commons-codec/1.19.0/commons-codec-1.19.0.jar:/home/runner/.m2/repository/org/postgresql/postgresql/42.7.7/postgresql-42.7.7.jar:/home/runner/.m2/repository/commons-io/commons-io/2.18.0/commons-io-2.18.0.jar:/home/runner/work/apicurio-testing/apicurio-testing/clusters/ci419/namespaces/pg17/tests/integration/apicurio-registry/utils/importexport/target/apicurio-registry-utils-import-export-3.0.12-SNAPSHOT.jar:/home/runner/.m2/repository/io/vertx/vertx-core/4.5.16/vertx-core-4.5.16.jar:/home/runner/.m2/repository/io/netty/netty-common/4.1.121.Final/netty-common-4.1.121.Final.jar:/home/runner/.m2/repository/io/netty/netty-buffer/4.1.121.Final/netty-buffer-4.1.121.Final.jar:/home/runner/.m2/repository/io/netty/netty-transport/4.1.121.Final/netty-transport-4.1.121.Final.jar:/home/runner/.m2/repository/io/netty/netty-handler/4.1.121.Final/netty-handler-4.1.121.Final.jar:/home/runner/.m2/repository/io/netty/netty-transport-native-unix-common/4.1.121.Final/netty-transport-native-unix-common-4.1.121.Final.jar:/home/runner/.m2/repository/io/netty/netty-codec/4.1.121.Final/netty-codec-4.1.121.Final.jar:/home/runner/.m2/repository/io/netty/netty-handler-proxy/4.1.121.Final/netty-handler-proxy-4.1.121.Final.jar:/home/runner/.m2/repository/io/netty/netty-codec-socks/4.1.121.Final/netty-codec-socks-4.1.121.Final.jar:/home/runner/.m2/repository/io/netty/netty-codec-http/4.1.121.Final/netty-codec-http-4.1.121.Final.jar:/home/runner/.m2/repository/io/netty/netty-codec-http2/4.1.121.Final/netty-codec-http2-4.1.121.Final.jar:/home/runner/.m2/repository/io/netty/netty-resolver/4.1.121.Final/netty-resolver-4.1.121.Final.jar:/home/runner/.m2/repository/io/netty/netty-resolver-dns/4.1.121.Final/netty-resolver-dns-4.1.121.Final.jar:/home/runner/.m2/repository/io/netty/netty-codec-dns/4.1.121.Final/netty-codec-dns-4.1.121.Final.jar:/home/runner/.m2/repository/com/fasterxml/jackson/core/jackson-core/2.18.2/jackson-core-2.18.2.jar:"/>
    <property name="sun.cpu.endian" value="little"/>
    <property name="user.home" value="/home/runner"/>
    <property name="user.language" value="en"/>
    <property name="jboss.log-version" value="false"/>
    <property name="java.specification.vendor" value="Oracle Corporation"/>
    <property name="java.version.date" value="2025-07-15"/>
    <property name="java.home" value="/usr/lib/jvm/temurin-17-jdk-amd64"/>
    <property name="file.separator" value="/"/>
    <property name="basedir" value="/home/runner/work/apicurio-testing/apicurio-testing/clusters/ci419/namespaces/pg17/tests/integration/apicurio-registry/integration-tests"/>
    <property name="java.vm.compressedOopsMode" value="32-bit"/>
    <property name="line.separator" value="&#10;"/>
    <property name="java.specification.name" value="Java Platform API Specification"/>
    <property name="java.vm.specification.vendor" value="Oracle Corporation"/>
    <property name="quarkus.http.test-host" value="registry-app-pg17.apps.ci419.apicurio-testing.org"/>
    <property name="surefire.real.class.path" value="/home/runner/work/apicurio-testing/apicurio-testing/clusters/ci419/namespaces/pg17/tests/integration/apicurio-registry/integration-tests/target/surefire/surefirebooter-20250812144859142_3.jar"/>
    <property name="sun.management.compiler" value="HotSpot 64-Bit Tiered Compilers"/>
    <property name="org.eclipse.jetty.http.HttpGenerator.STRICT" value="true"/>
    <property name="java.runtime.version" value="17.0.16+8"/>
    <property name="user.name" value="runner"/>
    <property name="path.separator" value=":"/>
    <property name="os.version" value="6.8.0-1031-azure"/>
    <property name="java.runtime.name" value="OpenJDK Runtime Environment"/>
    <property name="file.encoding" value="UTF-8"/>
    <property name="jnidispatch.path" value="/home/runner/.cache/JNA/temp/jna19051807944419201.tmp"/>
    <property name="java.vm.name" value="OpenJDK 64-Bit Server VM"/>
    <property name="jna.platform.library.path" value="/usr/lib/x86_64-linux-gnu:/lib/x86_64-linux-gnu:/usr/lib64:/lib64:/usr/lib:/lib:/lib32:/usr/local/lib:/usr/lib/x86_64-linux-gnu/libfakeroot"/>
    <property name="java.vendor.version" value="Temurin-17.0.16+8"/>
    <property name="quarkus.oidc.token-path" value="https://keycloak-pg17.apps.ci419.apicurio-testing.org/realms/registry/protocol/openid-connect/token"/>
    <property name="quarkus.http.host" value="registry-app-pg17.apps.ci419.apicurio-testing.org"/>
    <property name="localRepository" value="/home/runner/.m2/repository"/>
    <property name="javax.xml.xpath.XPathFactory:http://java.sun.com/jaxp/xpath/dom" value="com.sun.org.apache.xpath.internal.jaxp.XPathFactoryImpl"/>
    <property name="jna.loaded" value="true"/>
    <property name="java.vendor.url.bug" value="https://github.com/adoptium/adoptium-support/issues"/>
    <property name="jetty.git.hash" value="5bc5e562c8d05c5862505aebe5cf83a61bdbcb96"/>
    <property name="java.io.tmpdir" value="/tmp"/>
    <property name="quarkus.http.test-protocol" value="http"/>
    <property name="java.version" value="17.0.16"/>
    <property name="user.dir" value="/home/runner/work/apicurio-testing/apicurio-testing/clusters/ci419/namespaces/pg17/tests/integration/apicurio-registry/integration-tests"/>
    <property name="os.arch" value="amd64"/>
    <property name="groups" value="( smoke | serdes | acceptance | ui)"/>
    <property name="java.vm.specification.name" value="Java Virtual Machine Specification"/>
    <property name="native.encoding" value="UTF-8"/>
    <property name="java.util.logging.manager" value="org.jboss.logmanager.LogManager"/>
    <property name="java.library.path" value="/usr/java/packages/lib:/usr/lib64:/lib64:/lib:/usr/lib"/>
    <property name="jdk.console" value="java.base"/>
    <property name="java.vm.info" value="mixed mode, sharing"/>
    <property name="java.vendor" value="Eclipse Adoptium"/>
    <property name="java.vm.version" value="17.0.16+8"/>
    <property name="java.specification.maintenance.version" value="1"/>
    <property name="sun.io.unicode.encoding" value="UnicodeLittle"/>
    <property name="javax.xml.transform.TransformerFactory" value="com.sun.org.apache.xalan.internal.xsltc.trax.TransformerFactoryImpl"/>
    <property name="java.class.version" value="61.0"/>
  </properties>
  <testcase name="testEvolveAvroConfluent" classname="io.apicurio.tests.serdes.confluent.BasicConfluentSerDesIT" time="14.49">
    <system-out><![CDATA[**** Registry Base URL: http://registry-app-pg17.apps.ci419.apicurio-testing.org:80
**** Registry Base URL: http://registry-app-pg17.apps.ci419.apicurio-testing.org:80
2025-08-12 14:53:06,864 INFO  [io.api.tes.ser.con.BasicConfluentSerDesIT] (main) RestAssured configured with http://registry-app-pg17.apps.ci419.apicurio-testing.org:80/apis/registry/v3
**** Registry Base URL: http://registry-app-pg17.apps.ci419.apicurio-testing.org:80
2025-08-12 14:53:07,227 INFO  [io.api.tes.ser.con.BasicConfluentSerDesIT] (main) Deleting confluent schema subj_d2355bd7_71ae_4743_847b_b27b1c54471d-value
2025-08-12 14:53:07,292 INFO  [io.api.tes.ser.con.BasicConfluentSerDesIT] (main) Deleting confluent schema subj_4793ef0b_88aa_4de9_a3cc_c6dfe892a48d-value
2025-08-12 14:53:07,353 INFO  [io.api.tes.ser.con.BasicConfluentSerDesIT] (main) Deleting confluent schema CUSTOMERS-key
2025-08-12 14:53:07,414 INFO  [io.api.tes.ser.con.BasicConfluentSerDesIT] (main) Deleting confluent schema CUSTOMERS.Value
2025-08-12 14:53:07,475 INFO  [io.api.tes.ser.con.BasicConfluentSerDesIT] (main) Deleting confluent schema CUSTOMERS-value
2025-08-12 14:53:07,537 INFO  [io.api.tes.ser.con.BasicConfluentSerDesIT] (main) Deleting confluent schema subj_b5ebb771_34fa_4f1e_96de_e8d58e2dc881-value
2025-08-12 14:53:07,600 INFO  [io.api.tes.ser.con.BasicConfluentSerDesIT] (main) Deleting confluent schema topic-386449cd_356e_4002_b597_b3fafc2f2f01-value
2025-08-12 14:53:07,661 INFO  [io.api.tes.ser.con.BasicConfluentSerDesIT] (main) Deleting confluent schema topic-04d98e8e_c051_4331_8a7e_5bbdfc167163-value
2025-08-12 14:53:07,721 INFO  [io.api.tes.ser.con.BasicConfluentSerDesIT] (main) Deleting confluent schema topic-f5a160f1_cd8a_46ba_af6a_2708a082bca9-value
2025-08-12 14:53:07,782 INFO  [io.api.tes.ser.con.BasicConfluentSerDesIT] (main) Deleting confluent schema topic-5fac852b_cf6d_41b7_b9b9_6f0e013bd297-value
2025-08-12 14:53:07,843 INFO  [io.api.tes.ser.con.BasicConfluentSerDesIT] (main) Deleting confluent schema topic-3a309333_309a_430c_9af2_291e5fcc45bd-value
2025-08-12 14:53:07,903 INFO  [io.api.tes.ser.con.BasicConfluentSerDesIT] (main) Deleting confluent schema topic-e0e689cb_849f_4c17_82b6_6d77e7886527-value
2025-08-12 14:53:07,963 INFO  [io.api.tes.ser.con.BasicConfluentSerDesIT] (main) Deleting confluent schema myrecordconfluent
2025-08-12 14:53:08,024 INFO  [io.api.tes.ser.con.BasicConfluentSerDesIT] (main) Deleting confluent schema topic-fb02305d_6ab8_4d97_aa70_39316809c60e
2025-08-12 14:53:08,084 INFO  [io.api.tes.ser.con.BasicConfluentSerDesIT] (main) Deleting confluent schema topic-19c609db_4de8_457e_a6fb_5869e73084ee-value
2025-08-12 14:53:08,145 INFO  [io.api.tes.ser.con.BasicConfluentSerDesIT] (main) Deleting confluent schema topic-2e64c276_b326_474a_8efa_f3ec8fccc48f
2025-08-12 14:53:08,206 INFO  [io.api.tes.ser.con.BasicConfluentSerDesIT] (main) Deleting confluent schema topic-bd55b0cd_ede7_4516_8aaf_3f6c3781e813-value
2025-08-12 14:53:08,265 INFO  [io.api.tes.ser.con.BasicConfluentSerDesIT] (main) Deleting confluent schema topic-ee6f744a_6131_480e_8b0f_44edbc7a2a81
2025-08-12 14:53:08,325 INFO  [io.api.tes.ser.con.BasicConfluentSerDesIT] (main) Deleting confluent schema topic-0a92d74a_ecf3_43b4_8f30_da258e067ea2
2025-08-12 14:53:08,386 INFO  [io.api.tes.ser.con.BasicConfluentSerDesIT] (main) Deleting confluent schema topic-eac456b2_29bd_4fd2_b6a7_15e339b10058-value
2025-08-12 14:53:08,447 INFO  [io.api.tes.ser.con.BasicConfluentSerDesIT] (main) Deleting confluent schema s399faab9xcdb4x423ex8a09xef7cdbe827c0-value
2025-08-12 14:53:08,507 INFO  [io.api.tes.ser.con.BasicConfluentSerDesIT] (main) Deleting confluent schema google/protobuf/timestamp.proto
2025-08-12 14:53:08,568 INFO  [io.api.tes.ser.con.BasicConfluentSerDesIT] (main) Deleting confluent schema topic-eeb10c32_6f16_4d11_9cb7_98658e687734-value
2025-08-12 14:53:08,628 INFO  [io.api.tes.ser.con.BasicConfluentSerDesIT] (main) Deleting confluent schema topic-78142b69_fd53_45db_80a0_0c5ac020c904-value
2025-08-12 14:53:08,688 INFO  [io.api.tes.ser.con.BasicConfluentSerDesIT] (main) Deleting confluent schema s6322a445x4e72x4fdaxb8acx60a97368a7dd-value
2025-08-12 14:53:08,748 INFO  [io.api.tes.ser.con.BasicConfluentSerDesIT] (main) Deleting confluent schema topic-1588668c_66f1_4376_bee0_f7421653332e-value
2025-08-12 14:53:08,808 INFO  [io.api.tes.ser.con.BasicConfluentSerDesIT] (main) Deleting confluent schema sb50f1342x692ex44edxafb8xfcc6c9b949f9-value
2025-08-12 14:53:08,869 INFO  [io.api.tes.ser.con.BasicConfluentSerDesIT] (main) Deleting confluent schema topic-b8328836_47fe_4a26_82b2_81b48b3f6e07-value
2025-08-12 14:53:08,931 INFO  [io.api.tes.ser.con.BasicConfluentSerDesIT] (main) Deleting confluent schema topic-071c8990_2b0c_40e1_bde6_8841e607ccb2-value
2025-08-12 14:53:08,990 INFO  [io.api.tes.ser.con.BasicConfluentSerDesIT] (main) Deleting confluent schema topic-1f3af27c_ace2_41da_87ee_da43b55154fb
2025-08-12 14:53:09,052 INFO  [io.api.tes.ser.con.BasicConfluentSerDesIT] (main) Deleting confluent schema topic-9d6a7130_2702_4154_b0a1_f5357994c7bc
2025-08-12 14:53:09,113 INFO  [io.api.tes.ser.con.BasicConfluentSerDesIT] (main) Deleting confluent schema topic-7da58586_85ec_41d2_b8b7_487dc9d0e1c0-value
2025-08-12 14:53:09,173 INFO  [io.api.tes.ser.con.BasicConfluentSerDesIT] (main) Deleting confluent schema topic-eb706654_8d5a_4d49_85bf_372b0c72d182-value
2025-08-12 14:53:09,234 INFO  [io.api.tes.ser.con.BasicConfluentSerDesIT] (main) Deleting confluent schema topic-357c5975_a782_49dc_9ea7_55621cf31e86-value
2025-08-12 14:53:09,301 INFO  [io.api.tes.uti.KafkaFacade] (main) Skipping deployment of kafka, because it's already deployed
2025-08-12 14:53:09,302 INFO  [io.api.tes.uti.TestSeparator] (main) ############################################################################
2025-08-12 14:53:09,302 INFO  [io.api.tes.uti.TestSeparator] (main) io.apicurio.tests.serdes.confluent.BasicConfluentSerDesIT.testEvolveAvroConfluent-STARTED
2025-08-12 14:53:09,304 INFO  [org.apa.kaf.cli.adm.AdminClientConfig] (main) AdminClientConfig values: 
	auto.include.jmx.reporter = true
	bootstrap.controllers = []
	bootstrap.servers = [PLAINTEXT://localhost:32769]
	client.dns.lookup = use_all_dns_ips
	client.id = 
	connections.max.idle.ms = 10000
	default.api.timeout.ms = 60000
	enable.metrics.push = true
	metadata.max.age.ms = 300000
	metadata.recovery.strategy = none
	metric.reporters = []
	metrics.num.samples = 2
	metrics.recording.level = INFO
	metrics.sample.window.ms = 30000
	receive.buffer.bytes = 65536
	reconnect.backoff.max.ms = 1000
	reconnect.backoff.ms = 50
	request.timeout.ms = 5000
	retries = 2147483647
	retry.backoff.max.ms = 1000
	retry.backoff.ms = 100
	sasl.client.callback.handler.class = null
	sasl.jaas.config = null
	sasl.kerberos.kinit.cmd = /usr/bin/kinit
	sasl.kerberos.min.time.before.relogin = 60000
	sasl.kerberos.service.name = null
	sasl.kerberos.ticket.renew.jitter = 0.05
	sasl.kerberos.ticket.renew.window.factor = 0.8
	sasl.login.callback.handler.class = null
	sasl.login.class = null
	sasl.login.connect.timeout.ms = null
	sasl.login.read.timeout.ms = null
	sasl.login.refresh.buffer.seconds = 300
	sasl.login.refresh.min.period.seconds = 60
	sasl.login.refresh.window.factor = 0.8
	sasl.login.refresh.window.jitter = 0.05
	sasl.login.retry.backoff.max.ms = 10000
	sasl.login.retry.backoff.ms = 100
	sasl.mechanism = GSSAPI
	sasl.oauthbearer.clock.skew.seconds = 30
	sasl.oauthbearer.expected.audience = null
	sasl.oauthbearer.expected.issuer = null
	sasl.oauthbearer.header.urlencode = false
	sasl.oauthbearer.jwks.endpoint.refresh.ms = 3600000
	sasl.oauthbearer.jwks.endpoint.retry.backoff.max.ms = 10000
	sasl.oauthbearer.jwks.endpoint.retry.backoff.ms = 100
	sasl.oauthbearer.jwks.endpoint.url = null
	sasl.oauthbearer.scope.claim.name = scope
	sasl.oauthbearer.sub.claim.name = sub
	sasl.oauthbearer.token.endpoint.url = null
	security.protocol = PLAINTEXT
	security.providers = null
	send.buffer.bytes = 131072
	socket.connection.setup.timeout.max.ms = 30000
	socket.connection.setup.timeout.ms = 10000
	ssl.cipher.suites = null
	ssl.enabled.protocols = [TLSv1.2, TLSv1.3]
	ssl.endpoint.identification.algorithm = https
	ssl.engine.factory.class = null
	ssl.key.password = null
	ssl.keymanager.algorithm = SunX509
	ssl.keystore.certificate.chain = null
	ssl.keystore.key = null
	ssl.keystore.location = null
	ssl.keystore.password = null
	ssl.keystore.type = JKS
	ssl.protocol = TLSv1.3
	ssl.provider = null
	ssl.secure.random.implementation = null
	ssl.trustmanager.algorithm = PKIX
	ssl.truststore.certificates = null
	ssl.truststore.location = null
	ssl.truststore.password = null
	ssl.truststore.type = JKS

2025-08-12 14:53:09,307 INFO  [org.apa.kaf.com.uti.AppInfoParser] (main) Kafka version: 3.9.1
2025-08-12 14:53:09,307 INFO  [org.apa.kaf.com.uti.AppInfoParser] (main) Kafka commitId: f745dfdcee2b9851
2025-08-12 14:53:09,307 INFO  [org.apa.kaf.com.uti.AppInfoParser] (main) Kafka startTimeMs: 1755010389307
2025-08-12 14:53:09,547 INFO  [io.api.tes.ser.con.BasicConfluentSerDesIT] (main) Checking that created schema is equal to the get schema
2025-08-12 14:53:09,626 INFO  [io.api.tes.ser.con.BasicConfluentSerDesIT] (main) Created schema with id:47 and name:sb710bacax6e2ex44bax8f67x27d751010111
**** Registry Base URL: http://registry-app-pg17.apps.ci419.apicurio-testing.org:80
2025-08-12 14:53:09,632 INFO  [org.apa.kaf.cli.pro.ProducerConfig] (main) ProducerConfig values: 
	acks = -1
	auto.include.jmx.reporter = true
	batch.size = 16384
	bootstrap.servers = [PLAINTEXT://localhost:32769]
	buffer.memory = 33554432
	client.dns.lookup = use_all_dns_ips
	client.id = Producer-topic-729cbf94_0401_4df0_b0aa_7f5e334263d0
	compression.gzip.level = -1
	compression.lz4.level = 9
	compression.type = none
	compression.zstd.level = 3
	connections.max.idle.ms = 10000
	delivery.timeout.ms = 120000
	enable.idempotence = true
	enable.metrics.push = true
	interceptor.classes = []
	key.serializer = class org.apache.kafka.common.serialization.StringSerializer
	linger.ms = 0
	max.block.ms = 60000
	max.in.flight.requests.per.connection = 5
	max.request.size = 1048576
	metadata.max.age.ms = 300000
	metadata.max.idle.ms = 300000
	metadata.recovery.strategy = none
	metric.reporters = []
	metrics.num.samples = 2
	metrics.recording.level = INFO
	metrics.sample.window.ms = 30000
	partitioner.adaptive.partitioning.enable = true
	partitioner.availability.timeout.ms = 0
	partitioner.class = null
	partitioner.ignore.keys = false
	receive.buffer.bytes = 32768
	reconnect.backoff.max.ms = 1000
	reconnect.backoff.ms = 50
	request.timeout.ms = 5000
	retries = 2147483647
	retry.backoff.max.ms = 1000
	retry.backoff.ms = 100
	sasl.client.callback.handler.class = null
	sasl.jaas.config = null
	sasl.kerberos.kinit.cmd = /usr/bin/kinit
	sasl.kerberos.min.time.before.relogin = 60000
	sasl.kerberos.service.name = null
	sasl.kerberos.ticket.renew.jitter = 0.05
	sasl.kerberos.ticket.renew.window.factor = 0.8
	sasl.login.callback.handler.class = null
	sasl.login.class = null
	sasl.login.connect.timeout.ms = null
	sasl.login.read.timeout.ms = null
	sasl.login.refresh.buffer.seconds = 300
	sasl.login.refresh.min.period.seconds = 60
	sasl.login.refresh.window.factor = 0.8
	sasl.login.refresh.window.jitter = 0.05
	sasl.login.retry.backoff.max.ms = 10000
	sasl.login.retry.backoff.ms = 100
	sasl.mechanism = GSSAPI
	sasl.oauthbearer.clock.skew.seconds = 30
	sasl.oauthbearer.expected.audience = null
	sasl.oauthbearer.expected.issuer = null
	sasl.oauthbearer.header.urlencode = false
	sasl.oauthbearer.jwks.endpoint.refresh.ms = 3600000
	sasl.oauthbearer.jwks.endpoint.retry.backoff.max.ms = 10000
	sasl.oauthbearer.jwks.endpoint.retry.backoff.ms = 100
	sasl.oauthbearer.jwks.endpoint.url = null
	sasl.oauthbearer.scope.claim.name = scope
	sasl.oauthbearer.sub.claim.name = sub
	sasl.oauthbearer.token.endpoint.url = null
	security.protocol = PLAINTEXT
	security.providers = null
	send.buffer.bytes = 131072
	socket.connection.setup.timeout.max.ms = 30000
	socket.connection.setup.timeout.ms = 10000
	ssl.cipher.suites = null
	ssl.enabled.protocols = [TLSv1.2, TLSv1.3]
	ssl.endpoint.identification.algorithm = https
	ssl.engine.factory.class = null
	ssl.key.password = null
	ssl.keymanager.algorithm = SunX509
	ssl.keystore.certificate.chain = null
	ssl.keystore.key = null
	ssl.keystore.location = null
	ssl.keystore.password = null
	ssl.keystore.type = JKS
	ssl.protocol = TLSv1.3
	ssl.provider = null
	ssl.secure.random.implementation = null
	ssl.trustmanager.algorithm = PKIX
	ssl.truststore.certificates = null
	ssl.truststore.location = null
	ssl.truststore.password = null
	ssl.truststore.type = JKS
	transaction.timeout.ms = 60000
	transactional.id = null
	value.serializer = class io.confluent.kafka.serializers.KafkaAvroSerializer

2025-08-12 14:53:09,632 INFO  [org.apa.kaf.com.tel.int.KafkaMetricsCollector] (main) initializing Kafka metrics collector
2025-08-12 14:53:09,635 INFO  [io.con.kaf.ser.KafkaAvroSerializerConfig] (main) KafkaAvroSerializerConfig values: 
	auto.register.schemas = false
	avro.reflection.allow.null = false
	avro.remove.java.properties = false
	avro.use.logical.type.converters = false
	basic.auth.credentials.source = URL
	basic.auth.user.info = [hidden]
	bearer.auth.cache.expiry.buffer.seconds = 300
	bearer.auth.client.id = null
	bearer.auth.client.secret = null
	bearer.auth.credentials.source = STATIC_TOKEN
	bearer.auth.custom.provider.class = null
	bearer.auth.identity.pool.id = null
	bearer.auth.issuer.endpoint.url = null
	bearer.auth.logical.cluster = null
	bearer.auth.scope = null
	bearer.auth.scope.claim.name = scope
	bearer.auth.sub.claim.name = sub
	bearer.auth.token = [hidden]
	context.name.strategy = class io.confluent.kafka.serializers.context.NullContextNameStrategy
	http.connect.timeout.ms = 60000
	http.read.timeout.ms = 60000
	id.compatibility.strict = true
	key.schema.id.deserializer = class io.confluent.kafka.serializers.schema.id.DualSchemaIdDeserializer
	key.schema.id.serializer = class io.confluent.kafka.serializers.schema.id.PrefixSchemaIdSerializer
	key.subject.name.strategy = class io.confluent.kafka.serializers.subject.TopicNameStrategy
	latest.cache.size = 1000
	latest.cache.ttl.sec = -1
	latest.compatibility.strict = true
	max.retries = 3
	max.schemas.per.subject = 1000
	normalize.schemas = false
	propagate.schema.tags = false
	proxy.host = 
	proxy.port = -1
	retries.max.wait.ms = 20000
	retries.wait.ms = 1000
	rule.actions = []
	rule.executors = []
	rule.service.loader.enable = true
	schema.format = null
	schema.reflection = false
	schema.registry.basic.auth.user.info = [hidden]
	schema.registry.ssl.cipher.suites = null
	schema.registry.ssl.enabled.protocols = [TLSv1.2, TLSv1.3]
	schema.registry.ssl.endpoint.identification.algorithm = https
	schema.registry.ssl.engine.factory.class = null
	schema.registry.ssl.key.password = null
	schema.registry.ssl.keymanager.algorithm = SunX509
	schema.registry.ssl.keystore.certificate.chain = null
	schema.registry.ssl.keystore.key = null
	schema.registry.ssl.keystore.location = null
	schema.registry.ssl.keystore.password = null
	schema.registry.ssl.keystore.type = JKS
	schema.registry.ssl.protocol = TLSv1.3
	schema.registry.ssl.provider = null
	schema.registry.ssl.secure.random.implementation = null
	schema.registry.ssl.trustmanager.algorithm = PKIX
	schema.registry.ssl.truststore.certificates = null
	schema.registry.ssl.truststore.location = null
	schema.registry.ssl.truststore.password = null
	schema.registry.ssl.truststore.type = JKS
	schema.registry.url = [http://registry-app-pg17.apps.ci419.apicurio-testing.org:80/apis/ccompat/v7]
	schema.registry.url.randomize = false
	use.latest.version = false
	use.latest.with.metadata = null
	use.schema.id = -1
	value.schema.id.deserializer = class io.confluent.kafka.serializers.schema.id.DualSchemaIdDeserializer
	value.schema.id.serializer = class io.confluent.kafka.serializers.schema.id.PrefixSchemaIdSerializer
	value.subject.name.strategy = class io.confluent.kafka.serializers.subject.TopicRecordNameStrategy

2025-08-12 14:53:09,649 INFO  [org.apa.kaf.cli.pro.KafkaProducer] (main) [Producer clientId=Producer-topic-729cbf94_0401_4df0_b0aa_7f5e334263d0] Instantiated an idempotent producer.
2025-08-12 14:53:09,655 INFO  [org.apa.kaf.cli.pro.ProducerConfig] (main) These configurations '[schema.registry.url, auto.register.schemas, value.subject.name.strategy]' were supplied but are not used yet.
2025-08-12 14:53:09,655 INFO  [org.apa.kaf.com.uti.AppInfoParser] (main) Kafka version: 3.9.1
2025-08-12 14:53:09,655 INFO  [org.apa.kaf.com.uti.AppInfoParser] (main) Kafka commitId: f745dfdcee2b9851
2025-08-12 14:53:09,655 INFO  [org.apa.kaf.com.uti.AppInfoParser] (main) Kafka startTimeMs: 1755010389655
**** Registry Base URL: http://registry-app-pg17.apps.ci419.apicurio-testing.org:80
2025-08-12 14:53:09,660 INFO  [org.apa.kaf.cli.Metadata] (kafka-producer-network-thread | Producer-topic-729cbf94_0401_4df0_b0aa_7f5e334263d0) [Producer clientId=Producer-topic-729cbf94_0401_4df0_b0aa_7f5e334263d0] Cluster ID: 4oDFBklZQKWClKkNkfg_eQ
2025-08-12 14:53:09,660 INFO  [org.apa.kaf.cli.pro.int.TransactionManager] (kafka-producer-network-thread | Producer-topic-729cbf94_0401_4df0_b0aa_7f5e334263d0) [Producer clientId=Producer-topic-729cbf94_0401_4df0_b0aa_7f5e334263d0] ProducerId set to 44 with epoch 0
2025-08-12 14:53:09,661 INFO  [org.apa.kaf.cli.con.ConsumerConfig] (main) ConsumerConfig values: 
	allow.auto.create.topics = true
	auto.commit.interval.ms = 500
	auto.include.jmx.reporter = true
	auto.offset.reset = earliest
	bootstrap.servers = [PLAINTEXT://localhost:32769]
	check.crcs = true
	client.dns.lookup = use_all_dns_ips
	client.id = consumer-Consumer-topic-729cbf94_0401_4df0_b0aa_7f5e334263d0-34
	client.rack = 
	connections.max.idle.ms = 10000
	default.api.timeout.ms = 60000
	enable.auto.commit = true
	enable.metrics.push = true
	exclude.internal.topics = true
	fetch.max.bytes = 52428800
	fetch.max.wait.ms = 500
	fetch.min.bytes = 1
	group.id = Consumer-topic-729cbf94_0401_4df0_b0aa_7f5e334263d0
	group.instance.id = null
	group.protocol = classic
	group.remote.assignor = null
	heartbeat.interval.ms = 3000
	interceptor.classes = []
	internal.leave.group.on.close = true
	internal.throw.on.fetch.stable.offset.unsupported = false
	isolation.level = read_uncommitted
	key.deserializer = class org.apache.kafka.common.serialization.StringDeserializer
	max.partition.fetch.bytes = 1048576
	max.poll.interval.ms = 300000
	max.poll.records = 500
	metadata.max.age.ms = 300000
	metadata.recovery.strategy = none
	metric.reporters = []
	metrics.num.samples = 2
	metrics.recording.level = INFO
	metrics.sample.window.ms = 30000
	partition.assignment.strategy = [class org.apache.kafka.clients.consumer.RangeAssignor, class org.apache.kafka.clients.consumer.CooperativeStickyAssignor]
	receive.buffer.bytes = 65536
	reconnect.backoff.max.ms = 1000
	reconnect.backoff.ms = 50
	request.timeout.ms = 5000
	retry.backoff.max.ms = 1000
	retry.backoff.ms = 100
	sasl.client.callback.handler.class = null
	sasl.jaas.config = null
	sasl.kerberos.kinit.cmd = /usr/bin/kinit
	sasl.kerberos.min.time.before.relogin = 60000
	sasl.kerberos.service.name = null
	sasl.kerberos.ticket.renew.jitter = 0.05
	sasl.kerberos.ticket.renew.window.factor = 0.8
	sasl.login.callback.handler.class = null
	sasl.login.class = null
	sasl.login.connect.timeout.ms = null
	sasl.login.read.timeout.ms = null
	sasl.login.refresh.buffer.seconds = 300
	sasl.login.refresh.min.period.seconds = 60
	sasl.login.refresh.window.factor = 0.8
	sasl.login.refresh.window.jitter = 0.05
	sasl.login.retry.backoff.max.ms = 10000
	sasl.login.retry.backoff.ms = 100
	sasl.mechanism = GSSAPI
	sasl.oauthbearer.clock.skew.seconds = 30
	sasl.oauthbearer.expected.audience = null
	sasl.oauthbearer.expected.issuer = null
	sasl.oauthbearer.header.urlencode = false
	sasl.oauthbearer.jwks.endpoint.refresh.ms = 3600000
	sasl.oauthbearer.jwks.endpoint.retry.backoff.max.ms = 10000
	sasl.oauthbearer.jwks.endpoint.retry.backoff.ms = 100
	sasl.oauthbearer.jwks.endpoint.url = null
	sasl.oauthbearer.scope.claim.name = scope
	sasl.oauthbearer.sub.claim.name = sub
	sasl.oauthbearer.token.endpoint.url = null
	security.protocol = PLAINTEXT
	security.providers = null
	send.buffer.bytes = 131072
	session.timeout.ms = 45000
	socket.connection.setup.timeout.max.ms = 30000
	socket.connection.setup.timeout.ms = 10000
	ssl.cipher.suites = null
	ssl.enabled.protocols = [TLSv1.2, TLSv1.3]
	ssl.endpoint.identification.algorithm = https
	ssl.engine.factory.class = null
	ssl.key.password = null
	ssl.keymanager.algorithm = SunX509
	ssl.keystore.certificate.chain = null
	ssl.keystore.key = null
	ssl.keystore.location = null
	ssl.keystore.password = null
	ssl.keystore.type = JKS
	ssl.protocol = TLSv1.3
	ssl.provider = null
	ssl.secure.random.implementation = null
	ssl.trustmanager.algorithm = PKIX
	ssl.truststore.certificates = null
	ssl.truststore.location = null
	ssl.truststore.password = null
	ssl.truststore.type = JKS
	value.deserializer = class io.confluent.kafka.serializers.KafkaAvroDeserializer

2025-08-12 14:53:09,662 INFO  [org.apa.kaf.com.tel.int.KafkaMetricsCollector] (main) initializing Kafka metrics collector
2025-08-12 14:53:09,663 INFO  [io.con.kaf.ser.KafkaAvroDeserializerConfig] (main) KafkaAvroDeserializerConfig values: 
	auto.register.schemas = true
	avro.reflection.allow.null = false
	avro.use.logical.type.converters = false
	basic.auth.credentials.source = URL
	basic.auth.user.info = [hidden]
	bearer.auth.cache.expiry.buffer.seconds = 300
	bearer.auth.client.id = null
	bearer.auth.client.secret = null
	bearer.auth.credentials.source = STATIC_TOKEN
	bearer.auth.custom.provider.class = null
	bearer.auth.identity.pool.id = null
	bearer.auth.issuer.endpoint.url = null
	bearer.auth.logical.cluster = null
	bearer.auth.scope = null
	bearer.auth.scope.claim.name = scope
	bearer.auth.sub.claim.name = sub
	bearer.auth.token = [hidden]
	context.name.strategy = class io.confluent.kafka.serializers.context.NullContextNameStrategy
	http.connect.timeout.ms = 60000
	http.read.timeout.ms = 60000
	id.compatibility.strict = true
	key.schema.id.deserializer = class io.confluent.kafka.serializers.schema.id.DualSchemaIdDeserializer
	key.schema.id.serializer = class io.confluent.kafka.serializers.schema.id.PrefixSchemaIdSerializer
	key.subject.name.strategy = class io.confluent.kafka.serializers.subject.TopicNameStrategy
	latest.cache.size = 1000
	latest.cache.ttl.sec = -1
	latest.compatibility.strict = true
	max.retries = 3
	max.schemas.per.subject = 1000
	normalize.schemas = false
	propagate.schema.tags = false
	proxy.host = 
	proxy.port = -1
	retries.max.wait.ms = 20000
	retries.wait.ms = 1000
	rule.actions = []
	rule.executors = []
	rule.service.loader.enable = true
	schema.format = null
	schema.reflection = false
	schema.registry.basic.auth.user.info = [hidden]
	schema.registry.ssl.cipher.suites = null
	schema.registry.ssl.enabled.protocols = [TLSv1.2, TLSv1.3]
	schema.registry.ssl.endpoint.identification.algorithm = https
	schema.registry.ssl.engine.factory.class = null
	schema.registry.ssl.key.password = null
	schema.registry.ssl.keymanager.algorithm = SunX509
	schema.registry.ssl.keystore.certificate.chain = null
	schema.registry.ssl.keystore.key = null
	schema.registry.ssl.keystore.location = null
	schema.registry.ssl.keystore.password = null
	schema.registry.ssl.keystore.type = JKS
	schema.registry.ssl.protocol = TLSv1.3
	schema.registry.ssl.provider = null
	schema.registry.ssl.secure.random.implementation = null
	schema.registry.ssl.trustmanager.algorithm = PKIX
	schema.registry.ssl.truststore.certificates = null
	schema.registry.ssl.truststore.location = null
	schema.registry.ssl.truststore.password = null
	schema.registry.ssl.truststore.type = JKS
	schema.registry.url = [http://registry-app-pg17.apps.ci419.apicurio-testing.org:80/apis/ccompat/v7]
	schema.registry.url.randomize = false
	specific.avro.key.type = null
	specific.avro.reader = false
	specific.avro.value.type = null
	use.latest.version = false
	use.latest.with.metadata = null
	use.schema.id = -1
	value.schema.id.deserializer = class io.confluent.kafka.serializers.schema.id.DualSchemaIdDeserializer
	value.schema.id.serializer = class io.confluent.kafka.serializers.schema.id.PrefixSchemaIdSerializer
	value.subject.name.strategy = class io.confluent.kafka.serializers.subject.TopicNameStrategy

2025-08-12 14:53:09,671 INFO  [org.apa.kaf.cli.con.ConsumerConfig] (main) These configurations '[schema.registry.url]' were supplied but are not used yet.
2025-08-12 14:53:09,671 INFO  [org.apa.kaf.com.uti.AppInfoParser] (main) Kafka version: 3.9.1
2025-08-12 14:53:09,671 INFO  [org.apa.kaf.com.uti.AppInfoParser] (main) Kafka commitId: f745dfdcee2b9851
2025-08-12 14:53:09,671 INFO  [org.apa.kaf.com.uti.AppInfoParser] (main) Kafka startTimeMs: 1755010389671
2025-08-12 14:53:09,672 INFO  [io.api.tes.ser.api.KafkaSerdesTester] (Thread-870) Sending message {"key1": "value-0"} to topic topic-729cbf94_0401_4df0_b0aa_7f5e334263d0
2025-08-12 14:53:09,772 INFO  [io.api.tes.ser.api.KafkaSerdesTester] (Thread-870) Sending message {"key1": "value-1"} to topic topic-729cbf94_0401_4df0_b0aa_7f5e334263d0
2025-08-12 14:53:09,773 INFO  [io.api.tes.ser.api.KafkaSerdesTester] (Thread-870) Sending message {"key1": "value-2"} to topic topic-729cbf94_0401_4df0_b0aa_7f5e334263d0
2025-08-12 14:53:09,775 INFO  [io.api.tes.ser.api.KafkaSerdesTester] (Thread-870) Sending message {"key1": "value-3"} to topic topic-729cbf94_0401_4df0_b0aa_7f5e334263d0
2025-08-12 14:53:09,776 INFO  [io.api.tes.ser.api.KafkaSerdesTester] (Thread-870) Sending message {"key1": "value-4"} to topic topic-729cbf94_0401_4df0_b0aa_7f5e334263d0
2025-08-12 14:53:09,782 INFO  [io.api.tes.ser.api.KafkaSerdesTester] (Thread-870) Sending message {"key1": "value-5"} to topic topic-729cbf94_0401_4df0_b0aa_7f5e334263d0
2025-08-12 14:53:09,783 INFO  [io.api.tes.ser.api.KafkaSerdesTester] (Thread-870) Sending message {"key1": "value-6"} to topic topic-729cbf94_0401_4df0_b0aa_7f5e334263d0
2025-08-12 14:53:09,784 INFO  [io.api.tes.ser.api.KafkaSerdesTester] (Thread-870) Sending message {"key1": "value-7"} to topic topic-729cbf94_0401_4df0_b0aa_7f5e334263d0
2025-08-12 14:53:09,787 INFO  [io.api.tes.ser.api.KafkaSerdesTester] (Thread-870) Sending message {"key1": "value-8"} to topic topic-729cbf94_0401_4df0_b0aa_7f5e334263d0
2025-08-12 14:53:09,788 INFO  [io.api.tes.ser.api.KafkaSerdesTester] (Thread-870) Sending message {"key1": "value-9"} to topic topic-729cbf94_0401_4df0_b0aa_7f5e334263d0
2025-08-12 14:53:09,789 INFO  [io.api.tes.ser.api.KafkaSerdesTester] (Thread-870) Produced 10 messages
2025-08-12 14:53:09,789 INFO  [org.apa.kaf.cli.pro.KafkaProducer] (Thread-870) [Producer clientId=Producer-topic-729cbf94_0401_4df0_b0aa_7f5e334263d0] Closing the Kafka producer with timeoutMillis = 9223372036854775807 ms.
2025-08-12 14:53:09,792 INFO  [org.apa.kaf.com.met.Metrics] (Thread-870) Metrics scheduler closed
2025-08-12 14:53:09,792 INFO  [org.apa.kaf.com.met.Metrics] (Thread-870) Closing reporter org.apache.kafka.common.metrics.JmxReporter
2025-08-12 14:53:09,792 INFO  [org.apa.kaf.com.met.Metrics] (Thread-870) Closing reporter org.apache.kafka.common.telemetry.internals.ClientTelemetryReporter
2025-08-12 14:53:09,792 INFO  [org.apa.kaf.com.met.Metrics] (Thread-870) Metrics reporters closed
2025-08-12 14:53:09,792 INFO  [org.apa.kaf.com.uti.AppInfoParser] (Thread-870) App info kafka.producer for Producer-topic-729cbf94_0401_4df0_b0aa_7f5e334263d0 unregistered
2025-08-12 14:53:09,793 INFO  [org.apa.kaf.cli.con.int.ClassicKafkaConsumer] (Thread-871) [Consumer clientId=consumer-Consumer-topic-729cbf94_0401_4df0_b0aa_7f5e334263d0-34, groupId=Consumer-topic-729cbf94_0401_4df0_b0aa_7f5e334263d0] Subscribed to topic(s): topic-729cbf94_0401_4df0_b0aa_7f5e334263d0
2025-08-12 14:53:09,799 INFO  [org.apa.kaf.cli.Metadata] (Thread-871) [Consumer clientId=consumer-Consumer-topic-729cbf94_0401_4df0_b0aa_7f5e334263d0-34, groupId=Consumer-topic-729cbf94_0401_4df0_b0aa_7f5e334263d0] Cluster ID: 4oDFBklZQKWClKkNkfg_eQ
2025-08-12 14:53:09,799 INFO  [org.apa.kaf.cli.con.int.ConsumerCoordinator] (Thread-871) [Consumer clientId=consumer-Consumer-topic-729cbf94_0401_4df0_b0aa_7f5e334263d0-34, groupId=Consumer-topic-729cbf94_0401_4df0_b0aa_7f5e334263d0] Discovered group coordinator localhost:32769 (id: 2147483647 rack: null)
2025-08-12 14:53:09,803 INFO  [org.apa.kaf.cli.con.int.ConsumerCoordinator] (Thread-871) [Consumer clientId=consumer-Consumer-topic-729cbf94_0401_4df0_b0aa_7f5e334263d0-34, groupId=Consumer-topic-729cbf94_0401_4df0_b0aa_7f5e334263d0] (Re-)joining group
2025-08-12 14:53:09,812 INFO  [org.apa.kaf.cli.con.int.ConsumerCoordinator] (Thread-871) [Consumer clientId=consumer-Consumer-topic-729cbf94_0401_4df0_b0aa_7f5e334263d0-34, groupId=Consumer-topic-729cbf94_0401_4df0_b0aa_7f5e334263d0] Request joining group due to: need to re-join with the given member-id: consumer-Consumer-topic-729cbf94_0401_4df0_b0aa_7f5e334263d0-34-4a1a28a4-7a37-4df2-a99c-9552b484b3ec
2025-08-12 14:53:09,812 INFO  [org.apa.kaf.cli.con.int.ConsumerCoordinator] (Thread-871) [Consumer clientId=consumer-Consumer-topic-729cbf94_0401_4df0_b0aa_7f5e334263d0-34, groupId=Consumer-topic-729cbf94_0401_4df0_b0aa_7f5e334263d0] (Re-)joining group
2025-08-12 14:53:10,793 INFO  [io.api.tes.ser.api.KafkaSerdesTester] (Thread-871) None found
2025-08-12 14:53:11,793 INFO  [io.api.tes.ser.api.KafkaSerdesTester] (Thread-871) None found
2025-08-12 14:53:12,794 INFO  [io.api.tes.ser.api.KafkaSerdesTester] (Thread-871) None found
2025-08-12 14:53:12,816 INFO  [org.apa.kaf.cli.con.int.ConsumerCoordinator] (Thread-871) [Consumer clientId=consumer-Consumer-topic-729cbf94_0401_4df0_b0aa_7f5e334263d0-34, groupId=Consumer-topic-729cbf94_0401_4df0_b0aa_7f5e334263d0] Successfully joined group with generation Generation{generationId=1, memberId='consumer-Consumer-topic-729cbf94_0401_4df0_b0aa_7f5e334263d0-34-4a1a28a4-7a37-4df2-a99c-9552b484b3ec', protocol='range'}
2025-08-12 14:53:12,816 INFO  [org.apa.kaf.cli.con.int.ConsumerCoordinator] (Thread-871) [Consumer clientId=consumer-Consumer-topic-729cbf94_0401_4df0_b0aa_7f5e334263d0-34, groupId=Consumer-topic-729cbf94_0401_4df0_b0aa_7f5e334263d0] Finished assignment for group at generation 1: {consumer-Consumer-topic-729cbf94_0401_4df0_b0aa_7f5e334263d0-34-4a1a28a4-7a37-4df2-a99c-9552b484b3ec=Assignment(partitions=[topic-729cbf94_0401_4df0_b0aa_7f5e334263d0-0])}
2025-08-12 14:53:12,822 INFO  [org.apa.kaf.cli.con.int.ConsumerCoordinator] (Thread-871) [Consumer clientId=consumer-Consumer-topic-729cbf94_0401_4df0_b0aa_7f5e334263d0-34, groupId=Consumer-topic-729cbf94_0401_4df0_b0aa_7f5e334263d0] Successfully synced group in generation Generation{generationId=1, memberId='consumer-Consumer-topic-729cbf94_0401_4df0_b0aa_7f5e334263d0-34-4a1a28a4-7a37-4df2-a99c-9552b484b3ec', protocol='range'}
2025-08-12 14:53:12,822 INFO  [org.apa.kaf.cli.con.int.ConsumerCoordinator] (Thread-871) [Consumer clientId=consumer-Consumer-topic-729cbf94_0401_4df0_b0aa_7f5e334263d0-34, groupId=Consumer-topic-729cbf94_0401_4df0_b0aa_7f5e334263d0] Notifying assignor about the new Assignment(partitions=[topic-729cbf94_0401_4df0_b0aa_7f5e334263d0-0])
2025-08-12 14:53:12,822 INFO  [org.apa.kaf.cli.con.int.ConsumerRebalanceListenerInvoker] (Thread-871) [Consumer clientId=consumer-Consumer-topic-729cbf94_0401_4df0_b0aa_7f5e334263d0-34, groupId=Consumer-topic-729cbf94_0401_4df0_b0aa_7f5e334263d0] Adding newly assigned partitions: topic-729cbf94_0401_4df0_b0aa_7f5e334263d0-0
2025-08-12 14:53:12,823 INFO  [org.apa.kaf.cli.con.int.ConsumerCoordinator] (Thread-871) [Consumer clientId=consumer-Consumer-topic-729cbf94_0401_4df0_b0aa_7f5e334263d0-34, groupId=Consumer-topic-729cbf94_0401_4df0_b0aa_7f5e334263d0] Found no committed offset for partition topic-729cbf94_0401_4df0_b0aa_7f5e334263d0-0
2025-08-12 14:53:12,827 INFO  [org.apa.kaf.cli.con.int.SubscriptionState] (Thread-871) [Consumer clientId=consumer-Consumer-topic-729cbf94_0401_4df0_b0aa_7f5e334263d0-34, groupId=Consumer-topic-729cbf94_0401_4df0_b0aa_7f5e334263d0] Resetting offset for partition topic-729cbf94_0401_4df0_b0aa_7f5e334263d0-0 to position FetchPosition{offset=0, offsetEpoch=Optional.empty, currentLeader=LeaderAndEpoch{leader=Optional[localhost:32769 (id: 0 rack: null)], epoch=0}}.
2025-08-12 14:53:12,901 INFO  [io.api.tes.ser.api.KafkaSerdesTester] (Thread-871) topic-729cbf94_0401_4df0_b0aa_7f5e334263d0 0 0 {"key1": "value-0"}
2025-08-12 14:53:12,901 INFO  [io.api.tes.ser.api.KafkaSerdesTester] (Thread-871) topic-729cbf94_0401_4df0_b0aa_7f5e334263d0 0 1 {"key1": "value-1"}
2025-08-12 14:53:12,901 INFO  [io.api.tes.ser.api.KafkaSerdesTester] (Thread-871) topic-729cbf94_0401_4df0_b0aa_7f5e334263d0 0 2 {"key1": "value-2"}
2025-08-12 14:53:12,901 INFO  [io.api.tes.ser.api.KafkaSerdesTester] (Thread-871) topic-729cbf94_0401_4df0_b0aa_7f5e334263d0 0 3 {"key1": "value-3"}
2025-08-12 14:53:12,901 INFO  [io.api.tes.ser.api.KafkaSerdesTester] (Thread-871) topic-729cbf94_0401_4df0_b0aa_7f5e334263d0 0 4 {"key1": "value-4"}
2025-08-12 14:53:12,901 INFO  [io.api.tes.ser.api.KafkaSerdesTester] (Thread-871) topic-729cbf94_0401_4df0_b0aa_7f5e334263d0 0 5 {"key1": "value-5"}
2025-08-12 14:53:12,901 INFO  [io.api.tes.ser.api.KafkaSerdesTester] (Thread-871) topic-729cbf94_0401_4df0_b0aa_7f5e334263d0 0 6 {"key1": "value-6"}
2025-08-12 14:53:12,901 INFO  [io.api.tes.ser.api.KafkaSerdesTester] (Thread-871) topic-729cbf94_0401_4df0_b0aa_7f5e334263d0 0 7 {"key1": "value-7"}
2025-08-12 14:53:12,901 INFO  [io.api.tes.ser.api.KafkaSerdesTester] (Thread-871) topic-729cbf94_0401_4df0_b0aa_7f5e334263d0 0 8 {"key1": "value-8"}
2025-08-12 14:53:12,901 INFO  [io.api.tes.ser.api.KafkaSerdesTester] (Thread-871) topic-729cbf94_0401_4df0_b0aa_7f5e334263d0 0 9 {"key1": "value-9"}
2025-08-12 14:53:12,901 INFO  [io.api.tes.ser.api.KafkaSerdesTester] (Thread-871) Consumed 10 messages
2025-08-12 14:53:12,908 INFO  [org.apa.kaf.cli.con.int.ConsumerRebalanceListenerInvoker] (Thread-871) [Consumer clientId=consumer-Consumer-topic-729cbf94_0401_4df0_b0aa_7f5e334263d0-34, groupId=Consumer-topic-729cbf94_0401_4df0_b0aa_7f5e334263d0] Revoke previously assigned partitions topic-729cbf94_0401_4df0_b0aa_7f5e334263d0-0
2025-08-12 14:53:12,908 INFO  [org.apa.kaf.cli.con.int.ConsumerCoordinator] (Thread-871) [Consumer clientId=consumer-Consumer-topic-729cbf94_0401_4df0_b0aa_7f5e334263d0-34, groupId=Consumer-topic-729cbf94_0401_4df0_b0aa_7f5e334263d0] Member consumer-Consumer-topic-729cbf94_0401_4df0_b0aa_7f5e334263d0-34-4a1a28a4-7a37-4df2-a99c-9552b484b3ec sending LeaveGroup request to coordinator localhost:32769 (id: 2147483647 rack: null) due to the consumer is being closed
2025-08-12 14:53:12,908 INFO  [org.apa.kaf.cli.con.int.ConsumerCoordinator] (Thread-871) [Consumer clientId=consumer-Consumer-topic-729cbf94_0401_4df0_b0aa_7f5e334263d0-34, groupId=Consumer-topic-729cbf94_0401_4df0_b0aa_7f5e334263d0] Resetting generation and member id due to: consumer pro-actively leaving the group
2025-08-12 14:53:12,908 INFO  [org.apa.kaf.cli.con.int.ConsumerCoordinator] (Thread-871) [Consumer clientId=consumer-Consumer-topic-729cbf94_0401_4df0_b0aa_7f5e334263d0-34, groupId=Consumer-topic-729cbf94_0401_4df0_b0aa_7f5e334263d0] Request joining group due to: consumer pro-actively leaving the group
2025-08-12 14:53:13,403 INFO  [org.apa.kaf.com.met.Metrics] (Thread-871) Metrics scheduler closed
2025-08-12 14:53:13,403 INFO  [org.apa.kaf.com.met.Metrics] (Thread-871) Closing reporter org.apache.kafka.common.metrics.JmxReporter
2025-08-12 14:53:13,403 INFO  [org.apa.kaf.com.met.Metrics] (Thread-871) Closing reporter org.apache.kafka.common.telemetry.internals.ClientTelemetryReporter
2025-08-12 14:53:13,403 INFO  [org.apa.kaf.com.met.Metrics] (Thread-871) Metrics reporters closed
2025-08-12 14:53:13,405 INFO  [org.apa.kaf.com.uti.AppInfoParser] (Thread-871) App info kafka.consumer for consumer-Consumer-topic-729cbf94_0401_4df0_b0aa_7f5e334263d0-34 unregistered
**** Registry Base URL: http://registry-app-pg17.apps.ci419.apicurio-testing.org:80
2025-08-12 14:53:14,540 INFO  [org.apa.kaf.cli.pro.ProducerConfig] (main) ProducerConfig values: 
	acks = -1
	auto.include.jmx.reporter = true
	batch.size = 16384
	bootstrap.servers = [PLAINTEXT://localhost:32769]
	buffer.memory = 33554432
	client.dns.lookup = use_all_dns_ips
	client.id = Producer-topic-729cbf94_0401_4df0_b0aa_7f5e334263d0
	compression.gzip.level = -1
	compression.lz4.level = 9
	compression.type = none
	compression.zstd.level = 3
	connections.max.idle.ms = 10000
	delivery.timeout.ms = 120000
	enable.idempotence = true
	enable.metrics.push = true
	interceptor.classes = []
	key.serializer = class org.apache.kafka.common.serialization.StringSerializer
	linger.ms = 0
	max.block.ms = 60000
	max.in.flight.requests.per.connection = 5
	max.request.size = 1048576
	metadata.max.age.ms = 300000
	metadata.max.idle.ms = 300000
	metadata.recovery.strategy = none
	metric.reporters = []
	metrics.num.samples = 2
	metrics.recording.level = INFO
	metrics.sample.window.ms = 30000
	partitioner.adaptive.partitioning.enable = true
	partitioner.availability.timeout.ms = 0
	partitioner.class = null
	partitioner.ignore.keys = false
	receive.buffer.bytes = 32768
	reconnect.backoff.max.ms = 1000
	reconnect.backoff.ms = 50
	request.timeout.ms = 5000
	retries = 2147483647
	retry.backoff.max.ms = 1000
	retry.backoff.ms = 100
	sasl.client.callback.handler.class = null
	sasl.jaas.config = null
	sasl.kerberos.kinit.cmd = /usr/bin/kinit
	sasl.kerberos.min.time.before.relogin = 60000
	sasl.kerberos.service.name = null
	sasl.kerberos.ticket.renew.jitter = 0.05
	sasl.kerberos.ticket.renew.window.factor = 0.8
	sasl.login.callback.handler.class = null
	sasl.login.class = null
	sasl.login.connect.timeout.ms = null
	sasl.login.read.timeout.ms = null
	sasl.login.refresh.buffer.seconds = 300
	sasl.login.refresh.min.period.seconds = 60
	sasl.login.refresh.window.factor = 0.8
	sasl.login.refresh.window.jitter = 0.05
	sasl.login.retry.backoff.max.ms = 10000
	sasl.login.retry.backoff.ms = 100
	sasl.mechanism = GSSAPI
	sasl.oauthbearer.clock.skew.seconds = 30
	sasl.oauthbearer.expected.audience = null
	sasl.oauthbearer.expected.issuer = null
	sasl.oauthbearer.header.urlencode = false
	sasl.oauthbearer.jwks.endpoint.refresh.ms = 3600000
	sasl.oauthbearer.jwks.endpoint.retry.backoff.max.ms = 10000
	sasl.oauthbearer.jwks.endpoint.retry.backoff.ms = 100
	sasl.oauthbearer.jwks.endpoint.url = null
	sasl.oauthbearer.scope.claim.name = scope
	sasl.oauthbearer.sub.claim.name = sub
	sasl.oauthbearer.token.endpoint.url = null
	security.protocol = PLAINTEXT
	security.providers = null
	send.buffer.bytes = 131072
	socket.connection.setup.timeout.max.ms = 30000
	socket.connection.setup.timeout.ms = 10000
	ssl.cipher.suites = null
	ssl.enabled.protocols = [TLSv1.2, TLSv1.3]
	ssl.endpoint.identification.algorithm = https
	ssl.engine.factory.class = null
	ssl.key.password = null
	ssl.keymanager.algorithm = SunX509
	ssl.keystore.certificate.chain = null
	ssl.keystore.key = null
	ssl.keystore.location = null
	ssl.keystore.password = null
	ssl.keystore.type = JKS
	ssl.protocol = TLSv1.3
	ssl.provider = null
	ssl.secure.random.implementation = null
	ssl.trustmanager.algorithm = PKIX
	ssl.truststore.certificates = null
	ssl.truststore.location = null
	ssl.truststore.password = null
	ssl.truststore.type = JKS
	transaction.timeout.ms = 60000
	transactional.id = null
	value.serializer = class io.confluent.kafka.serializers.KafkaAvroSerializer

2025-08-12 14:53:14,540 INFO  [org.apa.kaf.com.tel.int.KafkaMetricsCollector] (main) initializing Kafka metrics collector
2025-08-12 14:53:14,541 INFO  [io.con.kaf.ser.KafkaAvroSerializerConfig] (main) KafkaAvroSerializerConfig values: 
	auto.register.schemas = false
	avro.reflection.allow.null = false
	avro.remove.java.properties = false
	avro.use.logical.type.converters = false
	basic.auth.credentials.source = URL
	basic.auth.user.info = [hidden]
	bearer.auth.cache.expiry.buffer.seconds = 300
	bearer.auth.client.id = null
	bearer.auth.client.secret = null
	bearer.auth.credentials.source = STATIC_TOKEN
	bearer.auth.custom.provider.class = null
	bearer.auth.identity.pool.id = null
	bearer.auth.issuer.endpoint.url = null
	bearer.auth.logical.cluster = null
	bearer.auth.scope = null
	bearer.auth.scope.claim.name = scope
	bearer.auth.sub.claim.name = sub
	bearer.auth.token = [hidden]
	context.name.strategy = class io.confluent.kafka.serializers.context.NullContextNameStrategy
	http.connect.timeout.ms = 60000
	http.read.timeout.ms = 60000
	id.compatibility.strict = true
	key.schema.id.deserializer = class io.confluent.kafka.serializers.schema.id.DualSchemaIdDeserializer
	key.schema.id.serializer = class io.confluent.kafka.serializers.schema.id.PrefixSchemaIdSerializer
	key.subject.name.strategy = class io.confluent.kafka.serializers.subject.TopicNameStrategy
	latest.cache.size = 1000
	latest.cache.ttl.sec = -1
	latest.compatibility.strict = true
	max.retries = 3
	max.schemas.per.subject = 1000
	normalize.schemas = false
	propagate.schema.tags = false
	proxy.host = 
	proxy.port = -1
	retries.max.wait.ms = 20000
	retries.wait.ms = 1000
	rule.actions = []
	rule.executors = []
	rule.service.loader.enable = true
	schema.format = null
	schema.reflection = false
	schema.registry.basic.auth.user.info = [hidden]
	schema.registry.ssl.cipher.suites = null
	schema.registry.ssl.enabled.protocols = [TLSv1.2, TLSv1.3]
	schema.registry.ssl.endpoint.identification.algorithm = https
	schema.registry.ssl.engine.factory.class = null
	schema.registry.ssl.key.password = null
	schema.registry.ssl.keymanager.algorithm = SunX509
	schema.registry.ssl.keystore.certificate.chain = null
	schema.registry.ssl.keystore.key = null
	schema.registry.ssl.keystore.location = null
	schema.registry.ssl.keystore.password = null
	schema.registry.ssl.keystore.type = JKS
	schema.registry.ssl.protocol = TLSv1.3
	schema.registry.ssl.provider = null
	schema.registry.ssl.secure.random.implementation = null
	schema.registry.ssl.trustmanager.algorithm = PKIX
	schema.registry.ssl.truststore.certificates = null
	schema.registry.ssl.truststore.location = null
	schema.registry.ssl.truststore.password = null
	schema.registry.ssl.truststore.type = JKS
	schema.registry.url = [http://registry-app-pg17.apps.ci419.apicurio-testing.org:80/apis/ccompat/v7]
	schema.registry.url.randomize = false
	use.latest.version = false
	use.latest.with.metadata = null
	use.schema.id = -1
	value.schema.id.deserializer = class io.confluent.kafka.serializers.schema.id.DualSchemaIdDeserializer
	value.schema.id.serializer = class io.confluent.kafka.serializers.schema.id.PrefixSchemaIdSerializer
	value.subject.name.strategy = class io.confluent.kafka.serializers.subject.TopicRecordNameStrategy

2025-08-12 14:53:14,542 INFO  [org.apa.kaf.cli.pro.KafkaProducer] (main) [Producer clientId=Producer-topic-729cbf94_0401_4df0_b0aa_7f5e334263d0] Instantiated an idempotent producer.
2025-08-12 14:53:14,544 INFO  [org.apa.kaf.cli.pro.ProducerConfig] (main) These configurations '[schema.registry.url, auto.register.schemas, value.subject.name.strategy]' were supplied but are not used yet.
2025-08-12 14:53:14,544 INFO  [org.apa.kaf.com.uti.AppInfoParser] (main) Kafka version: 3.9.1
2025-08-12 14:53:14,544 INFO  [org.apa.kaf.com.uti.AppInfoParser] (main) Kafka commitId: f745dfdcee2b9851
2025-08-12 14:53:14,544 INFO  [org.apa.kaf.com.uti.AppInfoParser] (main) Kafka startTimeMs: 1755010394544
2025-08-12 14:53:14,546 INFO  [io.api.tes.ser.api.KafkaSerdesTester] (Thread-872) Sending message {"key1": "value-0", "key2": "value-0"} to topic topic-729cbf94_0401_4df0_b0aa_7f5e334263d0
2025-08-12 14:53:14,548 INFO  [org.apa.kaf.cli.Metadata] (kafka-producer-network-thread | Producer-topic-729cbf94_0401_4df0_b0aa_7f5e334263d0) [Producer clientId=Producer-topic-729cbf94_0401_4df0_b0aa_7f5e334263d0] Cluster ID: 4oDFBklZQKWClKkNkfg_eQ
2025-08-12 14:53:14,548 INFO  [org.apa.kaf.cli.pro.int.TransactionManager] (kafka-producer-network-thread | Producer-topic-729cbf94_0401_4df0_b0aa_7f5e334263d0) [Producer clientId=Producer-topic-729cbf94_0401_4df0_b0aa_7f5e334263d0] ProducerId set to 45 with epoch 0
2025-08-12 14:53:14,620 INFO  [io.api.tes.ser.api.KafkaSerdesTester] (Thread-872) Sending message {"key1": "value-1", "key2": "value-1"} to topic topic-729cbf94_0401_4df0_b0aa_7f5e334263d0
2025-08-12 14:53:14,623 INFO  [io.api.tes.ser.api.KafkaSerdesTester] (Thread-872) Sending message {"key1": "value-2", "key2": "value-2"} to topic topic-729cbf94_0401_4df0_b0aa_7f5e334263d0
2025-08-12 14:53:14,624 INFO  [io.api.tes.ser.api.KafkaSerdesTester] (Thread-872) Sending message {"key1": "value-3", "key2": "value-3"} to topic topic-729cbf94_0401_4df0_b0aa_7f5e334263d0
2025-08-12 14:53:14,626 INFO  [io.api.tes.ser.api.KafkaSerdesTester] (Thread-872) Sending message {"key1": "value-4", "key2": "value-4"} to topic topic-729cbf94_0401_4df0_b0aa_7f5e334263d0
2025-08-12 14:53:14,627 INFO  [io.api.tes.ser.api.KafkaSerdesTester] (Thread-872) Sending message {"key1": "value-5", "key2": "value-5"} to topic topic-729cbf94_0401_4df0_b0aa_7f5e334263d0
2025-08-12 14:53:14,630 INFO  [io.api.tes.ser.api.KafkaSerdesTester] (Thread-872) Sending message {"key1": "value-6", "key2": "value-6"} to topic topic-729cbf94_0401_4df0_b0aa_7f5e334263d0
2025-08-12 14:53:14,632 INFO  [io.api.tes.ser.api.KafkaSerdesTester] (Thread-872) Sending message {"key1": "value-7", "key2": "value-7"} to topic topic-729cbf94_0401_4df0_b0aa_7f5e334263d0
2025-08-12 14:53:14,633 INFO  [io.api.tes.ser.api.KafkaSerdesTester] (Thread-872) Sending message {"key1": "value-8", "key2": "value-8"} to topic topic-729cbf94_0401_4df0_b0aa_7f5e334263d0
2025-08-12 14:53:14,635 INFO  [io.api.tes.ser.api.KafkaSerdesTester] (Thread-872) Sending message {"key1": "value-9", "key2": "value-9"} to topic topic-729cbf94_0401_4df0_b0aa_7f5e334263d0
2025-08-12 14:53:14,637 INFO  [io.api.tes.ser.api.KafkaSerdesTester] (Thread-872) Produced 10 messages
2025-08-12 14:53:14,637 INFO  [org.apa.kaf.cli.pro.KafkaProducer] (Thread-872) [Producer clientId=Producer-topic-729cbf94_0401_4df0_b0aa_7f5e334263d0] Closing the Kafka producer with timeoutMillis = 9223372036854775807 ms.
2025-08-12 14:53:14,640 INFO  [org.apa.kaf.com.met.Metrics] (Thread-872) Metrics scheduler closed
2025-08-12 14:53:14,640 INFO  [org.apa.kaf.com.met.Metrics] (Thread-872) Closing reporter org.apache.kafka.common.metrics.JmxReporter
2025-08-12 14:53:14,640 INFO  [org.apa.kaf.com.met.Metrics] (Thread-872) Closing reporter org.apache.kafka.common.telemetry.internals.ClientTelemetryReporter
2025-08-12 14:53:14,640 INFO  [org.apa.kaf.com.met.Metrics] (Thread-872) Metrics reporters closed
2025-08-12 14:53:14,640 INFO  [org.apa.kaf.com.uti.AppInfoParser] (Thread-872) App info kafka.producer for Producer-topic-729cbf94_0401_4df0_b0aa_7f5e334263d0 unregistered
**** Registry Base URL: http://registry-app-pg17.apps.ci419.apicurio-testing.org:80
2025-08-12 14:53:14,642 INFO  [org.apa.kaf.cli.pro.ProducerConfig] (main) ProducerConfig values: 
	acks = -1
	auto.include.jmx.reporter = true
	batch.size = 16384
	bootstrap.servers = [PLAINTEXT://localhost:32769]
	buffer.memory = 33554432
	client.dns.lookup = use_all_dns_ips
	client.id = Producer-topic-729cbf94_0401_4df0_b0aa_7f5e334263d0
	compression.gzip.level = -1
	compression.lz4.level = 9
	compression.type = none
	compression.zstd.level = 3
	connections.max.idle.ms = 10000
	delivery.timeout.ms = 120000
	enable.idempotence = true
	enable.metrics.push = true
	interceptor.classes = []
	key.serializer = class org.apache.kafka.common.serialization.StringSerializer
	linger.ms = 0
	max.block.ms = 60000
	max.in.flight.requests.per.connection = 5
	max.request.size = 1048576
	metadata.max.age.ms = 300000
	metadata.max.idle.ms = 300000
	metadata.recovery.strategy = none
	metric.reporters = []
	metrics.num.samples = 2
	metrics.recording.level = INFO
	metrics.sample.window.ms = 30000
	partitioner.adaptive.partitioning.enable = true
	partitioner.availability.timeout.ms = 0
	partitioner.class = null
	partitioner.ignore.keys = false
	receive.buffer.bytes = 32768
	reconnect.backoff.max.ms = 1000
	reconnect.backoff.ms = 50
	request.timeout.ms = 5000
	retries = 2147483647
	retry.backoff.max.ms = 1000
	retry.backoff.ms = 100
	sasl.client.callback.handler.class = null
	sasl.jaas.config = null
	sasl.kerberos.kinit.cmd = /usr/bin/kinit
	sasl.kerberos.min.time.before.relogin = 60000
	sasl.kerberos.service.name = null
	sasl.kerberos.ticket.renew.jitter = 0.05
	sasl.kerberos.ticket.renew.window.factor = 0.8
	sasl.login.callback.handler.class = null
	sasl.login.class = null
	sasl.login.connect.timeout.ms = null
	sasl.login.read.timeout.ms = null
	sasl.login.refresh.buffer.seconds = 300
	sasl.login.refresh.min.period.seconds = 60
	sasl.login.refresh.window.factor = 0.8
	sasl.login.refresh.window.jitter = 0.05
	sasl.login.retry.backoff.max.ms = 10000
	sasl.login.retry.backoff.ms = 100
	sasl.mechanism = GSSAPI
	sasl.oauthbearer.clock.skew.seconds = 30
	sasl.oauthbearer.expected.audience = null
	sasl.oauthbearer.expected.issuer = null
	sasl.oauthbearer.header.urlencode = false
	sasl.oauthbearer.jwks.endpoint.refresh.ms = 3600000
	sasl.oauthbearer.jwks.endpoint.retry.backoff.max.ms = 10000
	sasl.oauthbearer.jwks.endpoint.retry.backoff.ms = 100
	sasl.oauthbearer.jwks.endpoint.url = null
	sasl.oauthbearer.scope.claim.name = scope
	sasl.oauthbearer.sub.claim.name = sub
	sasl.oauthbearer.token.endpoint.url = null
	security.protocol = PLAINTEXT
	security.providers = null
	send.buffer.bytes = 131072
	socket.connection.setup.timeout.max.ms = 30000
	socket.connection.setup.timeout.ms = 10000
	ssl.cipher.suites = null
	ssl.enabled.protocols = [TLSv1.2, TLSv1.3]
	ssl.endpoint.identification.algorithm = https
	ssl.engine.factory.class = null
	ssl.key.password = null
	ssl.keymanager.algorithm = SunX509
	ssl.keystore.certificate.chain = null
	ssl.keystore.key = null
	ssl.keystore.location = null
	ssl.keystore.password = null
	ssl.keystore.type = JKS
	ssl.protocol = TLSv1.3
	ssl.provider = null
	ssl.secure.random.implementation = null
	ssl.trustmanager.algorithm = PKIX
	ssl.truststore.certificates = null
	ssl.truststore.location = null
	ssl.truststore.password = null
	ssl.truststore.type = JKS
	transaction.timeout.ms = 60000
	transactional.id = null
	value.serializer = class io.confluent.kafka.serializers.KafkaAvroSerializer

2025-08-12 14:53:14,642 INFO  [org.apa.kaf.com.tel.int.KafkaMetricsCollector] (main) initializing Kafka metrics collector
2025-08-12 14:53:14,643 INFO  [io.con.kaf.ser.KafkaAvroSerializerConfig] (main) KafkaAvroSerializerConfig values: 
	auto.register.schemas = false
	avro.reflection.allow.null = false
	avro.remove.java.properties = false
	avro.use.logical.type.converters = false
	basic.auth.credentials.source = URL
	basic.auth.user.info = [hidden]
	bearer.auth.cache.expiry.buffer.seconds = 300
	bearer.auth.client.id = null
	bearer.auth.client.secret = null
	bearer.auth.credentials.source = STATIC_TOKEN
	bearer.auth.custom.provider.class = null
	bearer.auth.identity.pool.id = null
	bearer.auth.issuer.endpoint.url = null
	bearer.auth.logical.cluster = null
	bearer.auth.scope = null
	bearer.auth.scope.claim.name = scope
	bearer.auth.sub.claim.name = sub
	bearer.auth.token = [hidden]
	context.name.strategy = class io.confluent.kafka.serializers.context.NullContextNameStrategy
	http.connect.timeout.ms = 60000
	http.read.timeout.ms = 60000
	id.compatibility.strict = true
	key.schema.id.deserializer = class io.confluent.kafka.serializers.schema.id.DualSchemaIdDeserializer
	key.schema.id.serializer = class io.confluent.kafka.serializers.schema.id.PrefixSchemaIdSerializer
	key.subject.name.strategy = class io.confluent.kafka.serializers.subject.TopicNameStrategy
	latest.cache.size = 1000
	latest.cache.ttl.sec = -1
	latest.compatibility.strict = true
	max.retries = 3
	max.schemas.per.subject = 1000
	normalize.schemas = false
	propagate.schema.tags = false
	proxy.host = 
	proxy.port = -1
	retries.max.wait.ms = 20000
	retries.wait.ms = 1000
	rule.actions = []
	rule.executors = []
	rule.service.loader.enable = true
	schema.format = null
	schema.reflection = false
	schema.registry.basic.auth.user.info = [hidden]
	schema.registry.ssl.cipher.suites = null
	schema.registry.ssl.enabled.protocols = [TLSv1.2, TLSv1.3]
	schema.registry.ssl.endpoint.identification.algorithm = https
	schema.registry.ssl.engine.factory.class = null
	schema.registry.ssl.key.password = null
	schema.registry.ssl.keymanager.algorithm = SunX509
	schema.registry.ssl.keystore.certificate.chain = null
	schema.registry.ssl.keystore.key = null
	schema.registry.ssl.keystore.location = null
	schema.registry.ssl.keystore.password = null
	schema.registry.ssl.keystore.type = JKS
	schema.registry.ssl.protocol = TLSv1.3
	schema.registry.ssl.provider = null
	schema.registry.ssl.secure.random.implementation = null
	schema.registry.ssl.trustmanager.algorithm = PKIX
	schema.registry.ssl.truststore.certificates = null
	schema.registry.ssl.truststore.location = null
	schema.registry.ssl.truststore.password = null
	schema.registry.ssl.truststore.type = JKS
	schema.registry.url = [http://registry-app-pg17.apps.ci419.apicurio-testing.org:80/apis/ccompat/v7]
	schema.registry.url.randomize = false
	use.latest.version = false
	use.latest.with.metadata = null
	use.schema.id = -1
	value.schema.id.deserializer = class io.confluent.kafka.serializers.schema.id.DualSchemaIdDeserializer
	value.schema.id.serializer = class io.confluent.kafka.serializers.schema.id.PrefixSchemaIdSerializer
	value.subject.name.strategy = class io.confluent.kafka.serializers.subject.TopicRecordNameStrategy

2025-08-12 14:53:14,647 INFO  [org.apa.kaf.cli.pro.KafkaProducer] (main) [Producer clientId=Producer-topic-729cbf94_0401_4df0_b0aa_7f5e334263d0] Instantiated an idempotent producer.
2025-08-12 14:53:14,650 INFO  [org.apa.kaf.cli.pro.ProducerConfig] (main) These configurations '[schema.registry.url, auto.register.schemas, value.subject.name.strategy]' were supplied but are not used yet.
2025-08-12 14:53:14,650 INFO  [org.apa.kaf.com.uti.AppInfoParser] (main) Kafka version: 3.9.1
2025-08-12 14:53:14,650 INFO  [org.apa.kaf.com.uti.AppInfoParser] (main) Kafka commitId: f745dfdcee2b9851
2025-08-12 14:53:14,650 INFO  [org.apa.kaf.com.uti.AppInfoParser] (main) Kafka startTimeMs: 1755010394650
2025-08-12 14:53:14,654 INFO  [org.apa.kaf.cli.Metadata] (kafka-producer-network-thread | Producer-topic-729cbf94_0401_4df0_b0aa_7f5e334263d0) [Producer clientId=Producer-topic-729cbf94_0401_4df0_b0aa_7f5e334263d0] Cluster ID: 4oDFBklZQKWClKkNkfg_eQ
2025-08-12 14:53:14,654 INFO  [io.api.tes.ser.api.KafkaSerdesTester] (Thread-873) Sending message {"key1": "value-0"} to topic topic-729cbf94_0401_4df0_b0aa_7f5e334263d0
2025-08-12 14:53:14,656 INFO  [org.apa.kaf.cli.pro.int.TransactionManager] (kafka-producer-network-thread | Producer-topic-729cbf94_0401_4df0_b0aa_7f5e334263d0) [Producer clientId=Producer-topic-729cbf94_0401_4df0_b0aa_7f5e334263d0] ProducerId set to 46 with epoch 0
2025-08-12 14:53:14,732 INFO  [io.api.tes.ser.api.KafkaSerdesTester] (Thread-873) Sending message {"key1": "value-1"} to topic topic-729cbf94_0401_4df0_b0aa_7f5e334263d0
2025-08-12 14:53:14,732 INFO  [io.api.tes.ser.api.KafkaSerdesTester] (Thread-873) Sending message {"key1": "value-2"} to topic topic-729cbf94_0401_4df0_b0aa_7f5e334263d0
2025-08-12 14:53:14,733 INFO  [io.api.tes.ser.api.KafkaSerdesTester] (Thread-873) Sending message {"key1": "value-3"} to topic topic-729cbf94_0401_4df0_b0aa_7f5e334263d0
2025-08-12 14:53:14,734 INFO  [io.api.tes.ser.api.KafkaSerdesTester] (Thread-873) Sending message {"key1": "value-4"} to topic topic-729cbf94_0401_4df0_b0aa_7f5e334263d0
2025-08-12 14:53:14,735 INFO  [io.api.tes.ser.api.KafkaSerdesTester] (Thread-873) Sending message {"key1": "value-5"} to topic topic-729cbf94_0401_4df0_b0aa_7f5e334263d0
2025-08-12 14:53:14,736 INFO  [io.api.tes.ser.api.KafkaSerdesTester] (Thread-873) Sending message {"key1": "value-6"} to topic topic-729cbf94_0401_4df0_b0aa_7f5e334263d0
2025-08-12 14:53:14,737 INFO  [io.api.tes.ser.api.KafkaSerdesTester] (Thread-873) Sending message {"key1": "value-7"} to topic topic-729cbf94_0401_4df0_b0aa_7f5e334263d0
2025-08-12 14:53:14,740 INFO  [io.api.tes.ser.api.KafkaSerdesTester] (Thread-873) Sending message {"key1": "value-8"} to topic topic-729cbf94_0401_4df0_b0aa_7f5e334263d0
2025-08-12 14:53:14,742 INFO  [io.api.tes.ser.api.KafkaSerdesTester] (Thread-873) Sending message {"key1": "value-9"} to topic topic-729cbf94_0401_4df0_b0aa_7f5e334263d0
2025-08-12 14:53:14,743 INFO  [io.api.tes.ser.api.KafkaSerdesTester] (Thread-873) Produced 10 messages
2025-08-12 14:53:14,743 INFO  [org.apa.kaf.cli.pro.KafkaProducer] (Thread-873) [Producer clientId=Producer-topic-729cbf94_0401_4df0_b0aa_7f5e334263d0] Closing the Kafka producer with timeoutMillis = 9223372036854775807 ms.
2025-08-12 14:53:14,745 INFO  [org.apa.kaf.com.met.Metrics] (Thread-873) Metrics scheduler closed
2025-08-12 14:53:14,745 INFO  [org.apa.kaf.com.met.Metrics] (Thread-873) Closing reporter org.apache.kafka.common.metrics.JmxReporter
2025-08-12 14:53:14,745 INFO  [org.apa.kaf.com.met.Metrics] (Thread-873) Closing reporter org.apache.kafka.common.telemetry.internals.ClientTelemetryReporter
2025-08-12 14:53:14,745 INFO  [org.apa.kaf.com.met.Metrics] (Thread-873) Metrics reporters closed
2025-08-12 14:53:14,745 INFO  [org.apa.kaf.com.uti.AppInfoParser] (Thread-873) App info kafka.producer for Producer-topic-729cbf94_0401_4df0_b0aa_7f5e334263d0 unregistered
**** Registry Base URL: http://registry-app-pg17.apps.ci419.apicurio-testing.org:80
2025-08-12 14:53:14,746 INFO  [org.apa.kaf.cli.con.ConsumerConfig] (main) ConsumerConfig values: 
	allow.auto.create.topics = true
	auto.commit.interval.ms = 500
	auto.include.jmx.reporter = true
	auto.offset.reset = earliest
	bootstrap.servers = [PLAINTEXT://localhost:32769]
	check.crcs = true
	client.dns.lookup = use_all_dns_ips
	client.id = consumer-Consumer-topic-729cbf94_0401_4df0_b0aa_7f5e334263d0-35
	client.rack = 
	connections.max.idle.ms = 10000
	default.api.timeout.ms = 60000
	enable.auto.commit = true
	enable.metrics.push = true
	exclude.internal.topics = true
	fetch.max.bytes = 52428800
	fetch.max.wait.ms = 500
	fetch.min.bytes = 1
	group.id = Consumer-topic-729cbf94_0401_4df0_b0aa_7f5e334263d0
	group.instance.id = null
	group.protocol = classic
	group.remote.assignor = null
	heartbeat.interval.ms = 3000
	interceptor.classes = []
	internal.leave.group.on.close = true
	internal.throw.on.fetch.stable.offset.unsupported = false
	isolation.level = read_uncommitted
	key.deserializer = class org.apache.kafka.common.serialization.StringDeserializer
	max.partition.fetch.bytes = 1048576
	max.poll.interval.ms = 300000
	max.poll.records = 500
	metadata.max.age.ms = 300000
	metadata.recovery.strategy = none
	metric.reporters = []
	metrics.num.samples = 2
	metrics.recording.level = INFO
	metrics.sample.window.ms = 30000
	partition.assignment.strategy = [class org.apache.kafka.clients.consumer.RangeAssignor, class org.apache.kafka.clients.consumer.CooperativeStickyAssignor]
	receive.buffer.bytes = 65536
	reconnect.backoff.max.ms = 1000
	reconnect.backoff.ms = 50
	request.timeout.ms = 5000
	retry.backoff.max.ms = 1000
	retry.backoff.ms = 100
	sasl.client.callback.handler.class = null
	sasl.jaas.config = null
	sasl.kerberos.kinit.cmd = /usr/bin/kinit
	sasl.kerberos.min.time.before.relogin = 60000
	sasl.kerberos.service.name = null
	sasl.kerberos.ticket.renew.jitter = 0.05
	sasl.kerberos.ticket.renew.window.factor = 0.8
	sasl.login.callback.handler.class = null
	sasl.login.class = null
	sasl.login.connect.timeout.ms = null
	sasl.login.read.timeout.ms = null
	sasl.login.refresh.buffer.seconds = 300
	sasl.login.refresh.min.period.seconds = 60
	sasl.login.refresh.window.factor = 0.8
	sasl.login.refresh.window.jitter = 0.05
	sasl.login.retry.backoff.max.ms = 10000
	sasl.login.retry.backoff.ms = 100
	sasl.mechanism = GSSAPI
	sasl.oauthbearer.clock.skew.seconds = 30
	sasl.oauthbearer.expected.audience = null
	sasl.oauthbearer.expected.issuer = null
	sasl.oauthbearer.header.urlencode = false
	sasl.oauthbearer.jwks.endpoint.refresh.ms = 3600000
	sasl.oauthbearer.jwks.endpoint.retry.backoff.max.ms = 10000
	sasl.oauthbearer.jwks.endpoint.retry.backoff.ms = 100
	sasl.oauthbearer.jwks.endpoint.url = null
	sasl.oauthbearer.scope.claim.name = scope
	sasl.oauthbearer.sub.claim.name = sub
	sasl.oauthbearer.token.endpoint.url = null
	security.protocol = PLAINTEXT
	security.providers = null
	send.buffer.bytes = 131072
	session.timeout.ms = 45000
	socket.connection.setup.timeout.max.ms = 30000
	socket.connection.setup.timeout.ms = 10000
	ssl.cipher.suites = null
	ssl.enabled.protocols = [TLSv1.2, TLSv1.3]
	ssl.endpoint.identification.algorithm = https
	ssl.engine.factory.class = null
	ssl.key.password = null
	ssl.keymanager.algorithm = SunX509
	ssl.keystore.certificate.chain = null
	ssl.keystore.key = null
	ssl.keystore.location = null
	ssl.keystore.password = null
	ssl.keystore.type = JKS
	ssl.protocol = TLSv1.3
	ssl.provider = null
	ssl.secure.random.implementation = null
	ssl.trustmanager.algorithm = PKIX
	ssl.truststore.certificates = null
	ssl.truststore.location = null
	ssl.truststore.password = null
	ssl.truststore.type = JKS
	value.deserializer = class io.confluent.kafka.serializers.KafkaAvroDeserializer

2025-08-12 14:53:14,746 INFO  [org.apa.kaf.com.tel.int.KafkaMetricsCollector] (main) initializing Kafka metrics collector
2025-08-12 14:53:14,746 INFO  [io.con.kaf.ser.KafkaAvroDeserializerConfig] (main) KafkaAvroDeserializerConfig values: 
	auto.register.schemas = true
	avro.reflection.allow.null = false
	avro.use.logical.type.converters = false
	basic.auth.credentials.source = URL
	basic.auth.user.info = [hidden]
	bearer.auth.cache.expiry.buffer.seconds = 300
	bearer.auth.client.id = null
	bearer.auth.client.secret = null
	bearer.auth.credentials.source = STATIC_TOKEN
	bearer.auth.custom.provider.class = null
	bearer.auth.identity.pool.id = null
	bearer.auth.issuer.endpoint.url = null
	bearer.auth.logical.cluster = null
	bearer.auth.scope = null
	bearer.auth.scope.claim.name = scope
	bearer.auth.sub.claim.name = sub
	bearer.auth.token = [hidden]
	context.name.strategy = class io.confluent.kafka.serializers.context.NullContextNameStrategy
	http.connect.timeout.ms = 60000
	http.read.timeout.ms = 60000
	id.compatibility.strict = true
	key.schema.id.deserializer = class io.confluent.kafka.serializers.schema.id.DualSchemaIdDeserializer
	key.schema.id.serializer = class io.confluent.kafka.serializers.schema.id.PrefixSchemaIdSerializer
	key.subject.name.strategy = class io.confluent.kafka.serializers.subject.TopicNameStrategy
	latest.cache.size = 1000
	latest.cache.ttl.sec = -1
	latest.compatibility.strict = true
	max.retries = 3
	max.schemas.per.subject = 1000
	normalize.schemas = false
	propagate.schema.tags = false
	proxy.host = 
	proxy.port = -1
	retries.max.wait.ms = 20000
	retries.wait.ms = 1000
	rule.actions = []
	rule.executors = []
	rule.service.loader.enable = true
	schema.format = null
	schema.reflection = false
	schema.registry.basic.auth.user.info = [hidden]
	schema.registry.ssl.cipher.suites = null
	schema.registry.ssl.enabled.protocols = [TLSv1.2, TLSv1.3]
	schema.registry.ssl.endpoint.identification.algorithm = https
	schema.registry.ssl.engine.factory.class = null
	schema.registry.ssl.key.password = null
	schema.registry.ssl.keymanager.algorithm = SunX509
	schema.registry.ssl.keystore.certificate.chain = null
	schema.registry.ssl.keystore.key = null
	schema.registry.ssl.keystore.location = null
	schema.registry.ssl.keystore.password = null
	schema.registry.ssl.keystore.type = JKS
	schema.registry.ssl.protocol = TLSv1.3
	schema.registry.ssl.provider = null
	schema.registry.ssl.secure.random.implementation = null
	schema.registry.ssl.trustmanager.algorithm = PKIX
	schema.registry.ssl.truststore.certificates = null
	schema.registry.ssl.truststore.location = null
	schema.registry.ssl.truststore.password = null
	schema.registry.ssl.truststore.type = JKS
	schema.registry.url = [http://registry-app-pg17.apps.ci419.apicurio-testing.org:80/apis/ccompat/v7]
	schema.registry.url.randomize = false
	specific.avro.key.type = null
	specific.avro.reader = false
	specific.avro.value.type = null
	use.latest.version = false
	use.latest.with.metadata = null
	use.schema.id = -1
	value.schema.id.deserializer = class io.confluent.kafka.serializers.schema.id.DualSchemaIdDeserializer
	value.schema.id.serializer = class io.confluent.kafka.serializers.schema.id.PrefixSchemaIdSerializer
	value.subject.name.strategy = class io.confluent.kafka.serializers.subject.TopicNameStrategy

2025-08-12 14:53:14,750 INFO  [org.apa.kaf.cli.con.ConsumerConfig] (main) These configurations '[schema.registry.url]' were supplied but are not used yet.
2025-08-12 14:53:14,751 INFO  [org.apa.kaf.com.uti.AppInfoParser] (main) Kafka version: 3.9.1
2025-08-12 14:53:14,751 INFO  [org.apa.kaf.com.uti.AppInfoParser] (main) Kafka commitId: f745dfdcee2b9851
2025-08-12 14:53:14,751 INFO  [org.apa.kaf.com.uti.AppInfoParser] (main) Kafka startTimeMs: 1755010394750
2025-08-12 14:53:14,752 INFO  [org.apa.kaf.cli.con.int.ClassicKafkaConsumer] (Thread-874) [Consumer clientId=consumer-Consumer-topic-729cbf94_0401_4df0_b0aa_7f5e334263d0-35, groupId=Consumer-topic-729cbf94_0401_4df0_b0aa_7f5e334263d0] Subscribed to topic(s): topic-729cbf94_0401_4df0_b0aa_7f5e334263d0
2025-08-12 14:53:14,755 INFO  [org.apa.kaf.cli.Metadata] (Thread-874) [Consumer clientId=consumer-Consumer-topic-729cbf94_0401_4df0_b0aa_7f5e334263d0-35, groupId=Consumer-topic-729cbf94_0401_4df0_b0aa_7f5e334263d0] Cluster ID: 4oDFBklZQKWClKkNkfg_eQ
2025-08-12 14:53:14,758 INFO  [org.apa.kaf.cli.con.int.ConsumerCoordinator] (Thread-874) [Consumer clientId=consumer-Consumer-topic-729cbf94_0401_4df0_b0aa_7f5e334263d0-35, groupId=Consumer-topic-729cbf94_0401_4df0_b0aa_7f5e334263d0] Discovered group coordinator localhost:32769 (id: 2147483647 rack: null)
2025-08-12 14:53:14,764 INFO  [org.apa.kaf.cli.con.int.ConsumerCoordinator] (Thread-874) [Consumer clientId=consumer-Consumer-topic-729cbf94_0401_4df0_b0aa_7f5e334263d0-35, groupId=Consumer-topic-729cbf94_0401_4df0_b0aa_7f5e334263d0] (Re-)joining group
2025-08-12 14:53:14,765 INFO  [org.apa.kaf.cli.con.int.ConsumerCoordinator] (Thread-874) [Consumer clientId=consumer-Consumer-topic-729cbf94_0401_4df0_b0aa_7f5e334263d0-35, groupId=Consumer-topic-729cbf94_0401_4df0_b0aa_7f5e334263d0] Request joining group due to: need to re-join with the given member-id: consumer-Consumer-topic-729cbf94_0401_4df0_b0aa_7f5e334263d0-35-d1a1b6cc-6142-40d6-8bbe-2677fe84a375
2025-08-12 14:53:14,766 INFO  [org.apa.kaf.cli.con.int.ConsumerCoordinator] (Thread-874) [Consumer clientId=consumer-Consumer-topic-729cbf94_0401_4df0_b0aa_7f5e334263d0-35, groupId=Consumer-topic-729cbf94_0401_4df0_b0aa_7f5e334263d0] (Re-)joining group
2025-08-12 14:53:15,752 INFO  [io.api.tes.ser.api.KafkaSerdesTester] (Thread-874) None found
2025-08-12 14:53:16,753 INFO  [io.api.tes.ser.api.KafkaSerdesTester] (Thread-874) None found
2025-08-12 14:53:17,753 INFO  [io.api.tes.ser.api.KafkaSerdesTester] (Thread-874) None found
2025-08-12 14:53:17,768 INFO  [org.apa.kaf.cli.con.int.ConsumerCoordinator] (Thread-874) [Consumer clientId=consumer-Consumer-topic-729cbf94_0401_4df0_b0aa_7f5e334263d0-35, groupId=Consumer-topic-729cbf94_0401_4df0_b0aa_7f5e334263d0] Successfully joined group with generation Generation{generationId=3, memberId='consumer-Consumer-topic-729cbf94_0401_4df0_b0aa_7f5e334263d0-35-d1a1b6cc-6142-40d6-8bbe-2677fe84a375', protocol='range'}
2025-08-12 14:53:17,768 INFO  [org.apa.kaf.cli.con.int.ConsumerCoordinator] (Thread-874) [Consumer clientId=consumer-Consumer-topic-729cbf94_0401_4df0_b0aa_7f5e334263d0-35, groupId=Consumer-topic-729cbf94_0401_4df0_b0aa_7f5e334263d0] Finished assignment for group at generation 3: {consumer-Consumer-topic-729cbf94_0401_4df0_b0aa_7f5e334263d0-35-d1a1b6cc-6142-40d6-8bbe-2677fe84a375=Assignment(partitions=[topic-729cbf94_0401_4df0_b0aa_7f5e334263d0-0])}
2025-08-12 14:53:17,774 INFO  [org.apa.kaf.cli.con.int.ConsumerCoordinator] (Thread-874) [Consumer clientId=consumer-Consumer-topic-729cbf94_0401_4df0_b0aa_7f5e334263d0-35, groupId=Consumer-topic-729cbf94_0401_4df0_b0aa_7f5e334263d0] Successfully synced group in generation Generation{generationId=3, memberId='consumer-Consumer-topic-729cbf94_0401_4df0_b0aa_7f5e334263d0-35-d1a1b6cc-6142-40d6-8bbe-2677fe84a375', protocol='range'}
2025-08-12 14:53:17,774 INFO  [org.apa.kaf.cli.con.int.ConsumerCoordinator] (Thread-874) [Consumer clientId=consumer-Consumer-topic-729cbf94_0401_4df0_b0aa_7f5e334263d0-35, groupId=Consumer-topic-729cbf94_0401_4df0_b0aa_7f5e334263d0] Notifying assignor about the new Assignment(partitions=[topic-729cbf94_0401_4df0_b0aa_7f5e334263d0-0])
2025-08-12 14:53:17,775 INFO  [org.apa.kaf.cli.con.int.ConsumerRebalanceListenerInvoker] (Thread-874) [Consumer clientId=consumer-Consumer-topic-729cbf94_0401_4df0_b0aa_7f5e334263d0-35, groupId=Consumer-topic-729cbf94_0401_4df0_b0aa_7f5e334263d0] Adding newly assigned partitions: topic-729cbf94_0401_4df0_b0aa_7f5e334263d0-0
2025-08-12 14:53:17,775 INFO  [org.apa.kaf.cli.con.int.ConsumerUtils] (Thread-874) Setting offset for partition topic-729cbf94_0401_4df0_b0aa_7f5e334263d0-0 to the committed offset FetchPosition{offset=10, offsetEpoch=Optional[0], currentLeader=LeaderAndEpoch{leader=Optional[localhost:32769 (id: 0 rack: null)], epoch=0}}
2025-08-12 14:53:17,912 INFO  [io.api.tes.ser.api.KafkaSerdesTester] (Thread-874) topic-729cbf94_0401_4df0_b0aa_7f5e334263d0 0 10 {"key1": "value-0", "key2": "value-0"}
2025-08-12 14:53:17,912 INFO  [io.api.tes.ser.api.KafkaSerdesTester] (Thread-874) topic-729cbf94_0401_4df0_b0aa_7f5e334263d0 0 11 {"key1": "value-1", "key2": "value-1"}
2025-08-12 14:53:17,912 INFO  [io.api.tes.ser.api.KafkaSerdesTester] (Thread-874) topic-729cbf94_0401_4df0_b0aa_7f5e334263d0 0 12 {"key1": "value-2", "key2": "value-2"}
2025-08-12 14:53:17,912 INFO  [io.api.tes.ser.api.KafkaSerdesTester] (Thread-874) topic-729cbf94_0401_4df0_b0aa_7f5e334263d0 0 13 {"key1": "value-3", "key2": "value-3"}
2025-08-12 14:53:17,912 INFO  [io.api.tes.ser.api.KafkaSerdesTester] (Thread-874) topic-729cbf94_0401_4df0_b0aa_7f5e334263d0 0 14 {"key1": "value-4", "key2": "value-4"}
2025-08-12 14:53:17,912 INFO  [io.api.tes.ser.api.KafkaSerdesTester] (Thread-874) topic-729cbf94_0401_4df0_b0aa_7f5e334263d0 0 15 {"key1": "value-5", "key2": "value-5"}
2025-08-12 14:53:17,912 INFO  [io.api.tes.ser.api.KafkaSerdesTester] (Thread-874) topic-729cbf94_0401_4df0_b0aa_7f5e334263d0 0 16 {"key1": "value-6", "key2": "value-6"}
2025-08-12 14:53:17,912 INFO  [io.api.tes.ser.api.KafkaSerdesTester] (Thread-874) topic-729cbf94_0401_4df0_b0aa_7f5e334263d0 0 17 {"key1": "value-7", "key2": "value-7"}
2025-08-12 14:53:17,912 INFO  [io.api.tes.ser.api.KafkaSerdesTester] (Thread-874) topic-729cbf94_0401_4df0_b0aa_7f5e334263d0 0 18 {"key1": "value-8", "key2": "value-8"}
2025-08-12 14:53:17,912 INFO  [io.api.tes.ser.api.KafkaSerdesTester] (Thread-874) topic-729cbf94_0401_4df0_b0aa_7f5e334263d0 0 19 {"key1": "value-9", "key2": "value-9"}
2025-08-12 14:53:17,912 INFO  [io.api.tes.ser.api.KafkaSerdesTester] (Thread-874) topic-729cbf94_0401_4df0_b0aa_7f5e334263d0 0 20 {"key1": "value-0"}
2025-08-12 14:53:17,912 INFO  [io.api.tes.ser.api.KafkaSerdesTester] (Thread-874) topic-729cbf94_0401_4df0_b0aa_7f5e334263d0 0 21 {"key1": "value-1"}
2025-08-12 14:53:17,912 INFO  [io.api.tes.ser.api.KafkaSerdesTester] (Thread-874) topic-729cbf94_0401_4df0_b0aa_7f5e334263d0 0 22 {"key1": "value-2"}
2025-08-12 14:53:17,912 INFO  [io.api.tes.ser.api.KafkaSerdesTester] (Thread-874) topic-729cbf94_0401_4df0_b0aa_7f5e334263d0 0 23 {"key1": "value-3"}
2025-08-12 14:53:17,912 INFO  [io.api.tes.ser.api.KafkaSerdesTester] (Thread-874) topic-729cbf94_0401_4df0_b0aa_7f5e334263d0 0 24 {"key1": "value-4"}
2025-08-12 14:53:17,912 INFO  [io.api.tes.ser.api.KafkaSerdesTester] (Thread-874) topic-729cbf94_0401_4df0_b0aa_7f5e334263d0 0 25 {"key1": "value-5"}
2025-08-12 14:53:17,912 INFO  [io.api.tes.ser.api.KafkaSerdesTester] (Thread-874) topic-729cbf94_0401_4df0_b0aa_7f5e334263d0 0 26 {"key1": "value-6"}
2025-08-12 14:53:17,912 INFO  [io.api.tes.ser.api.KafkaSerdesTester] (Thread-874) topic-729cbf94_0401_4df0_b0aa_7f5e334263d0 0 27 {"key1": "value-7"}
2025-08-12 14:53:17,912 INFO  [io.api.tes.ser.api.KafkaSerdesTester] (Thread-874) topic-729cbf94_0401_4df0_b0aa_7f5e334263d0 0 28 {"key1": "value-8"}
2025-08-12 14:53:17,912 INFO  [io.api.tes.ser.api.KafkaSerdesTester] (Thread-874) topic-729cbf94_0401_4df0_b0aa_7f5e334263d0 0 29 {"key1": "value-9"}
2025-08-12 14:53:17,912 INFO  [io.api.tes.ser.api.KafkaSerdesTester] (Thread-874) Consumed 20 messages
2025-08-12 14:53:17,919 INFO  [org.apa.kaf.cli.con.int.ConsumerRebalanceListenerInvoker] (Thread-874) [Consumer clientId=consumer-Consumer-topic-729cbf94_0401_4df0_b0aa_7f5e334263d0-35, groupId=Consumer-topic-729cbf94_0401_4df0_b0aa_7f5e334263d0] Revoke previously assigned partitions topic-729cbf94_0401_4df0_b0aa_7f5e334263d0-0
2025-08-12 14:53:17,919 INFO  [org.apa.kaf.cli.con.int.ConsumerCoordinator] (Thread-874) [Consumer clientId=consumer-Consumer-topic-729cbf94_0401_4df0_b0aa_7f5e334263d0-35, groupId=Consumer-topic-729cbf94_0401_4df0_b0aa_7f5e334263d0] Member consumer-Consumer-topic-729cbf94_0401_4df0_b0aa_7f5e334263d0-35-d1a1b6cc-6142-40d6-8bbe-2677fe84a375 sending LeaveGroup request to coordinator localhost:32769 (id: 2147483647 rack: null) due to the consumer is being closed
2025-08-12 14:53:17,919 INFO  [org.apa.kaf.cli.con.int.ConsumerCoordinator] (Thread-874) [Consumer clientId=consumer-Consumer-topic-729cbf94_0401_4df0_b0aa_7f5e334263d0-35, groupId=Consumer-topic-729cbf94_0401_4df0_b0aa_7f5e334263d0] Resetting generation and member id due to: consumer pro-actively leaving the group
2025-08-12 14:53:17,919 INFO  [org.apa.kaf.cli.con.int.ConsumerCoordinator] (Thread-874) [Consumer clientId=consumer-Consumer-topic-729cbf94_0401_4df0_b0aa_7f5e334263d0-35, groupId=Consumer-topic-729cbf94_0401_4df0_b0aa_7f5e334263d0] Request joining group due to: consumer pro-actively leaving the group
2025-08-12 14:53:18,415 INFO  [org.apa.kaf.com.met.Metrics] (Thread-874) Metrics scheduler closed
2025-08-12 14:53:18,415 INFO  [org.apa.kaf.com.met.Metrics] (Thread-874) Closing reporter org.apache.kafka.common.metrics.JmxReporter
2025-08-12 14:53:18,415 INFO  [org.apa.kaf.com.met.Metrics] (Thread-874) Closing reporter org.apache.kafka.common.telemetry.internals.ClientTelemetryReporter
2025-08-12 14:53:18,415 INFO  [org.apa.kaf.com.met.Metrics] (Thread-874) Metrics reporters closed
2025-08-12 14:53:18,417 INFO  [org.apa.kaf.com.uti.AppInfoParser] (Thread-874) App info kafka.consumer for consumer-Consumer-topic-729cbf94_0401_4df0_b0aa_7f5e334263d0-35 unregistered
**** Registry Base URL: http://registry-app-pg17.apps.ci419.apicurio-testing.org:80
2025-08-12 14:53:19,546 INFO  [org.apa.kaf.cli.pro.ProducerConfig] (main) ProducerConfig values: 
	acks = -1
	auto.include.jmx.reporter = true
	batch.size = 16384
	bootstrap.servers = [PLAINTEXT://localhost:32769]
	buffer.memory = 33554432
	client.dns.lookup = use_all_dns_ips
	client.id = Producer-topic-729cbf94_0401_4df0_b0aa_7f5e334263d0
	compression.gzip.level = -1
	compression.lz4.level = 9
	compression.type = none
	compression.zstd.level = 3
	connections.max.idle.ms = 10000
	delivery.timeout.ms = 120000
	enable.idempotence = true
	enable.metrics.push = true
	interceptor.classes = []
	key.serializer = class org.apache.kafka.common.serialization.StringSerializer
	linger.ms = 0
	max.block.ms = 60000
	max.in.flight.requests.per.connection = 5
	max.request.size = 1048576
	metadata.max.age.ms = 300000
	metadata.max.idle.ms = 300000
	metadata.recovery.strategy = none
	metric.reporters = []
	metrics.num.samples = 2
	metrics.recording.level = INFO
	metrics.sample.window.ms = 30000
	partitioner.adaptive.partitioning.enable = true
	partitioner.availability.timeout.ms = 0
	partitioner.class = null
	partitioner.ignore.keys = false
	receive.buffer.bytes = 32768
	reconnect.backoff.max.ms = 1000
	reconnect.backoff.ms = 50
	request.timeout.ms = 5000
	retries = 2147483647
	retry.backoff.max.ms = 1000
	retry.backoff.ms = 100
	sasl.client.callback.handler.class = null
	sasl.jaas.config = null
	sasl.kerberos.kinit.cmd = /usr/bin/kinit
	sasl.kerberos.min.time.before.relogin = 60000
	sasl.kerberos.service.name = null
	sasl.kerberos.ticket.renew.jitter = 0.05
	sasl.kerberos.ticket.renew.window.factor = 0.8
	sasl.login.callback.handler.class = null
	sasl.login.class = null
	sasl.login.connect.timeout.ms = null
	sasl.login.read.timeout.ms = null
	sasl.login.refresh.buffer.seconds = 300
	sasl.login.refresh.min.period.seconds = 60
	sasl.login.refresh.window.factor = 0.8
	sasl.login.refresh.window.jitter = 0.05
	sasl.login.retry.backoff.max.ms = 10000
	sasl.login.retry.backoff.ms = 100
	sasl.mechanism = GSSAPI
	sasl.oauthbearer.clock.skew.seconds = 30
	sasl.oauthbearer.expected.audience = null
	sasl.oauthbearer.expected.issuer = null
	sasl.oauthbearer.header.urlencode = false
	sasl.oauthbearer.jwks.endpoint.refresh.ms = 3600000
	sasl.oauthbearer.jwks.endpoint.retry.backoff.max.ms = 10000
	sasl.oauthbearer.jwks.endpoint.retry.backoff.ms = 100
	sasl.oauthbearer.jwks.endpoint.url = null
	sasl.oauthbearer.scope.claim.name = scope
	sasl.oauthbearer.sub.claim.name = sub
	sasl.oauthbearer.token.endpoint.url = null
	security.protocol = PLAINTEXT
	security.providers = null
	send.buffer.bytes = 131072
	socket.connection.setup.timeout.max.ms = 30000
	socket.connection.setup.timeout.ms = 10000
	ssl.cipher.suites = null
	ssl.enabled.protocols = [TLSv1.2, TLSv1.3]
	ssl.endpoint.identification.algorithm = https
	ssl.engine.factory.class = null
	ssl.key.password = null
	ssl.keymanager.algorithm = SunX509
	ssl.keystore.certificate.chain = null
	ssl.keystore.key = null
	ssl.keystore.location = null
	ssl.keystore.password = null
	ssl.keystore.type = JKS
	ssl.protocol = TLSv1.3
	ssl.provider = null
	ssl.secure.random.implementation = null
	ssl.trustmanager.algorithm = PKIX
	ssl.truststore.certificates = null
	ssl.truststore.location = null
	ssl.truststore.password = null
	ssl.truststore.type = JKS
	transaction.timeout.ms = 60000
	transactional.id = null
	value.serializer = class io.confluent.kafka.serializers.KafkaAvroSerializer

2025-08-12 14:53:19,547 INFO  [org.apa.kaf.com.tel.int.KafkaMetricsCollector] (main) initializing Kafka metrics collector
2025-08-12 14:53:19,547 INFO  [io.con.kaf.ser.KafkaAvroSerializerConfig] (main) KafkaAvroSerializerConfig values: 
	auto.register.schemas = false
	avro.reflection.allow.null = false
	avro.remove.java.properties = false
	avro.use.logical.type.converters = false
	basic.auth.credentials.source = URL
	basic.auth.user.info = [hidden]
	bearer.auth.cache.expiry.buffer.seconds = 300
	bearer.auth.client.id = null
	bearer.auth.client.secret = null
	bearer.auth.credentials.source = STATIC_TOKEN
	bearer.auth.custom.provider.class = null
	bearer.auth.identity.pool.id = null
	bearer.auth.issuer.endpoint.url = null
	bearer.auth.logical.cluster = null
	bearer.auth.scope = null
	bearer.auth.scope.claim.name = scope
	bearer.auth.sub.claim.name = sub
	bearer.auth.token = [hidden]
	context.name.strategy = class io.confluent.kafka.serializers.context.NullContextNameStrategy
	http.connect.timeout.ms = 60000
	http.read.timeout.ms = 60000
	id.compatibility.strict = true
	key.schema.id.deserializer = class io.confluent.kafka.serializers.schema.id.DualSchemaIdDeserializer
	key.schema.id.serializer = class io.confluent.kafka.serializers.schema.id.PrefixSchemaIdSerializer
	key.subject.name.strategy = class io.confluent.kafka.serializers.subject.TopicNameStrategy
	latest.cache.size = 1000
	latest.cache.ttl.sec = -1
	latest.compatibility.strict = true
	max.retries = 3
	max.schemas.per.subject = 1000
	normalize.schemas = false
	propagate.schema.tags = false
	proxy.host = 
	proxy.port = -1
	retries.max.wait.ms = 20000
	retries.wait.ms = 1000
	rule.actions = []
	rule.executors = []
	rule.service.loader.enable = true
	schema.format = null
	schema.reflection = false
	schema.registry.basic.auth.user.info = [hidden]
	schema.registry.ssl.cipher.suites = null
	schema.registry.ssl.enabled.protocols = [TLSv1.2, TLSv1.3]
	schema.registry.ssl.endpoint.identification.algorithm = https
	schema.registry.ssl.engine.factory.class = null
	schema.registry.ssl.key.password = null
	schema.registry.ssl.keymanager.algorithm = SunX509
	schema.registry.ssl.keystore.certificate.chain = null
	schema.registry.ssl.keystore.key = null
	schema.registry.ssl.keystore.location = null
	schema.registry.ssl.keystore.password = null
	schema.registry.ssl.keystore.type = JKS
	schema.registry.ssl.protocol = TLSv1.3
	schema.registry.ssl.provider = null
	schema.registry.ssl.secure.random.implementation = null
	schema.registry.ssl.trustmanager.algorithm = PKIX
	schema.registry.ssl.truststore.certificates = null
	schema.registry.ssl.truststore.location = null
	schema.registry.ssl.truststore.password = null
	schema.registry.ssl.truststore.type = JKS
	schema.registry.url = [http://registry-app-pg17.apps.ci419.apicurio-testing.org:80/apis/ccompat/v7]
	schema.registry.url.randomize = false
	use.latest.version = false
	use.latest.with.metadata = null
	use.schema.id = -1
	value.schema.id.deserializer = class io.confluent.kafka.serializers.schema.id.DualSchemaIdDeserializer
	value.schema.id.serializer = class io.confluent.kafka.serializers.schema.id.PrefixSchemaIdSerializer
	value.subject.name.strategy = class io.confluent.kafka.serializers.subject.TopicRecordNameStrategy

2025-08-12 14:53:19,549 INFO  [org.apa.kaf.cli.pro.KafkaProducer] (main) [Producer clientId=Producer-topic-729cbf94_0401_4df0_b0aa_7f5e334263d0] Instantiated an idempotent producer.
2025-08-12 14:53:19,550 INFO  [org.apa.kaf.cli.pro.ProducerConfig] (main) These configurations '[schema.registry.url, auto.register.schemas, value.subject.name.strategy]' were supplied but are not used yet.
2025-08-12 14:53:19,550 INFO  [org.apa.kaf.com.uti.AppInfoParser] (main) Kafka version: 3.9.1
2025-08-12 14:53:19,550 INFO  [org.apa.kaf.com.uti.AppInfoParser] (main) Kafka commitId: f745dfdcee2b9851
2025-08-12 14:53:19,550 INFO  [org.apa.kaf.com.uti.AppInfoParser] (main) Kafka startTimeMs: 1755010399550
2025-08-12 14:53:19,551 INFO  [io.api.tes.ser.api.KafkaSerdesTester] (Thread-875) Sending message {"key1": "value-0", "key2": "value-0", "key3": "value-0"} to topic topic-729cbf94_0401_4df0_b0aa_7f5e334263d0
2025-08-12 14:53:19,553 INFO  [org.apa.kaf.cli.Metadata] (kafka-producer-network-thread | Producer-topic-729cbf94_0401_4df0_b0aa_7f5e334263d0) [Producer clientId=Producer-topic-729cbf94_0401_4df0_b0aa_7f5e334263d0] Cluster ID: 4oDFBklZQKWClKkNkfg_eQ
2025-08-12 14:53:19,553 INFO  [org.apa.kaf.cli.pro.int.TransactionManager] (kafka-producer-network-thread | Producer-topic-729cbf94_0401_4df0_b0aa_7f5e334263d0) [Producer clientId=Producer-topic-729cbf94_0401_4df0_b0aa_7f5e334263d0] ProducerId set to 47 with epoch 0
2025-08-12 14:53:19,626 INFO  [io.api.tes.ser.api.KafkaSerdesTester] (Thread-875) Sending message {"key1": "value-1", "key2": "value-1", "key3": "value-1"} to topic topic-729cbf94_0401_4df0_b0aa_7f5e334263d0
2025-08-12 14:53:19,629 INFO  [io.api.tes.ser.api.KafkaSerdesTester] (Thread-875) Sending message {"key1": "value-2", "key2": "value-2", "key3": "value-2"} to topic topic-729cbf94_0401_4df0_b0aa_7f5e334263d0
2025-08-12 14:53:19,630 INFO  [io.api.tes.ser.api.KafkaSerdesTester] (Thread-875) Sending message {"key1": "value-3", "key2": "value-3", "key3": "value-3"} to topic topic-729cbf94_0401_4df0_b0aa_7f5e334263d0
2025-08-12 14:53:19,631 INFO  [io.api.tes.ser.api.KafkaSerdesTester] (Thread-875) Sending message {"key1": "value-4", "key2": "value-4", "key3": "value-4"} to topic topic-729cbf94_0401_4df0_b0aa_7f5e334263d0
2025-08-12 14:53:19,634 INFO  [io.api.tes.ser.api.KafkaSerdesTester] (Thread-875) Sending message {"key1": "value-5", "key2": "value-5", "key3": "value-5"} to topic topic-729cbf94_0401_4df0_b0aa_7f5e334263d0
2025-08-12 14:53:19,636 INFO  [io.api.tes.ser.api.KafkaSerdesTester] (Thread-875) Sending message {"key1": "value-6", "key2": "value-6", "key3": "value-6"} to topic topic-729cbf94_0401_4df0_b0aa_7f5e334263d0
2025-08-12 14:53:19,638 INFO  [io.api.tes.ser.api.KafkaSerdesTester] (Thread-875) Sending message {"key1": "value-7", "key2": "value-7", "key3": "value-7"} to topic topic-729cbf94_0401_4df0_b0aa_7f5e334263d0
2025-08-12 14:53:19,640 INFO  [io.api.tes.ser.api.KafkaSerdesTester] (Thread-875) Sending message {"key1": "value-8", "key2": "value-8", "key3": "value-8"} to topic topic-729cbf94_0401_4df0_b0aa_7f5e334263d0
2025-08-12 14:53:19,641 INFO  [io.api.tes.ser.api.KafkaSerdesTester] (Thread-875) Sending message {"key1": "value-9", "key2": "value-9", "key3": "value-9"} to topic topic-729cbf94_0401_4df0_b0aa_7f5e334263d0
2025-08-12 14:53:19,645 INFO  [io.api.tes.ser.api.KafkaSerdesTester] (Thread-875) Produced 10 messages
2025-08-12 14:53:19,645 INFO  [org.apa.kaf.cli.pro.KafkaProducer] (Thread-875) [Producer clientId=Producer-topic-729cbf94_0401_4df0_b0aa_7f5e334263d0] Closing the Kafka producer with timeoutMillis = 9223372036854775807 ms.
2025-08-12 14:53:19,647 INFO  [org.apa.kaf.com.met.Metrics] (Thread-875) Metrics scheduler closed
2025-08-12 14:53:19,647 INFO  [org.apa.kaf.com.met.Metrics] (Thread-875) Closing reporter org.apache.kafka.common.metrics.JmxReporter
2025-08-12 14:53:19,647 INFO  [org.apa.kaf.com.met.Metrics] (Thread-875) Closing reporter org.apache.kafka.common.telemetry.internals.ClientTelemetryReporter
2025-08-12 14:53:19,647 INFO  [org.apa.kaf.com.met.Metrics] (Thread-875) Metrics reporters closed
2025-08-12 14:53:19,647 INFO  [org.apa.kaf.com.uti.AppInfoParser] (Thread-875) App info kafka.producer for Producer-topic-729cbf94_0401_4df0_b0aa_7f5e334263d0 unregistered
**** Registry Base URL: http://registry-app-pg17.apps.ci419.apicurio-testing.org:80
2025-08-12 14:53:19,647 INFO  [org.apa.kaf.cli.pro.ProducerConfig] (main) ProducerConfig values: 
	acks = -1
	auto.include.jmx.reporter = true
	batch.size = 16384
	bootstrap.servers = [PLAINTEXT://localhost:32769]
	buffer.memory = 33554432
	client.dns.lookup = use_all_dns_ips
	client.id = Producer-topic-729cbf94_0401_4df0_b0aa_7f5e334263d0
	compression.gzip.level = -1
	compression.lz4.level = 9
	compression.type = none
	compression.zstd.level = 3
	connections.max.idle.ms = 10000
	delivery.timeout.ms = 120000
	enable.idempotence = true
	enable.metrics.push = true
	interceptor.classes = []
	key.serializer = class org.apache.kafka.common.serialization.StringSerializer
	linger.ms = 0
	max.block.ms = 60000
	max.in.flight.requests.per.connection = 5
	max.request.size = 1048576
	metadata.max.age.ms = 300000
	metadata.max.idle.ms = 300000
	metadata.recovery.strategy = none
	metric.reporters = []
	metrics.num.samples = 2
	metrics.recording.level = INFO
	metrics.sample.window.ms = 30000
	partitioner.adaptive.partitioning.enable = true
	partitioner.availability.timeout.ms = 0
	partitioner.class = null
	partitioner.ignore.keys = false
	receive.buffer.bytes = 32768
	reconnect.backoff.max.ms = 1000
	reconnect.backoff.ms = 50
	request.timeout.ms = 5000
	retries = 2147483647
	retry.backoff.max.ms = 1000
	retry.backoff.ms = 100
	sasl.client.callback.handler.class = null
	sasl.jaas.config = null
	sasl.kerberos.kinit.cmd = /usr/bin/kinit
	sasl.kerberos.min.time.before.relogin = 60000
	sasl.kerberos.service.name = null
	sasl.kerberos.ticket.renew.jitter = 0.05
	sasl.kerberos.ticket.renew.window.factor = 0.8
	sasl.login.callback.handler.class = null
	sasl.login.class = null
	sasl.login.connect.timeout.ms = null
	sasl.login.read.timeout.ms = null
	sasl.login.refresh.buffer.seconds = 300
	sasl.login.refresh.min.period.seconds = 60
	sasl.login.refresh.window.factor = 0.8
	sasl.login.refresh.window.jitter = 0.05
	sasl.login.retry.backoff.max.ms = 10000
	sasl.login.retry.backoff.ms = 100
	sasl.mechanism = GSSAPI
	sasl.oauthbearer.clock.skew.seconds = 30
	sasl.oauthbearer.expected.audience = null
	sasl.oauthbearer.expected.issuer = null
	sasl.oauthbearer.header.urlencode = false
	sasl.oauthbearer.jwks.endpoint.refresh.ms = 3600000
	sasl.oauthbearer.jwks.endpoint.retry.backoff.max.ms = 10000
	sasl.oauthbearer.jwks.endpoint.retry.backoff.ms = 100
	sasl.oauthbearer.jwks.endpoint.url = null
	sasl.oauthbearer.scope.claim.name = scope
	sasl.oauthbearer.sub.claim.name = sub
	sasl.oauthbearer.token.endpoint.url = null
	security.protocol = PLAINTEXT
	security.providers = null
	send.buffer.bytes = 131072
	socket.connection.setup.timeout.max.ms = 30000
	socket.connection.setup.timeout.ms = 10000
	ssl.cipher.suites = null
	ssl.enabled.protocols = [TLSv1.2, TLSv1.3]
	ssl.endpoint.identification.algorithm = https
	ssl.engine.factory.class = null
	ssl.key.password = null
	ssl.keymanager.algorithm = SunX509
	ssl.keystore.certificate.chain = null
	ssl.keystore.key = null
	ssl.keystore.location = null
	ssl.keystore.password = null
	ssl.keystore.type = JKS
	ssl.protocol = TLSv1.3
	ssl.provider = null
	ssl.secure.random.implementation = null
	ssl.trustmanager.algorithm = PKIX
	ssl.truststore.certificates = null
	ssl.truststore.location = null
	ssl.truststore.password = null
	ssl.truststore.type = JKS
	transaction.timeout.ms = 60000
	transactional.id = null
	value.serializer = class io.confluent.kafka.serializers.KafkaAvroSerializer

2025-08-12 14:53:19,648 INFO  [org.apa.kaf.com.tel.int.KafkaMetricsCollector] (main) initializing Kafka metrics collector
2025-08-12 14:53:19,648 INFO  [io.con.kaf.ser.KafkaAvroSerializerConfig] (main) KafkaAvroSerializerConfig values: 
	auto.register.schemas = false
	avro.reflection.allow.null = false
	avro.remove.java.properties = false
	avro.use.logical.type.converters = false
	basic.auth.credentials.source = URL
	basic.auth.user.info = [hidden]
	bearer.auth.cache.expiry.buffer.seconds = 300
	bearer.auth.client.id = null
	bearer.auth.client.secret = null
	bearer.auth.credentials.source = STATIC_TOKEN
	bearer.auth.custom.provider.class = null
	bearer.auth.identity.pool.id = null
	bearer.auth.issuer.endpoint.url = null
	bearer.auth.logical.cluster = null
	bearer.auth.scope = null
	bearer.auth.scope.claim.name = scope
	bearer.auth.sub.claim.name = sub
	bearer.auth.token = [hidden]
	context.name.strategy = class io.confluent.kafka.serializers.context.NullContextNameStrategy
	http.connect.timeout.ms = 60000
	http.read.timeout.ms = 60000
	id.compatibility.strict = true
	key.schema.id.deserializer = class io.confluent.kafka.serializers.schema.id.DualSchemaIdDeserializer
	key.schema.id.serializer = class io.confluent.kafka.serializers.schema.id.PrefixSchemaIdSerializer
	key.subject.name.strategy = class io.confluent.kafka.serializers.subject.TopicNameStrategy
	latest.cache.size = 1000
	latest.cache.ttl.sec = -1
	latest.compatibility.strict = true
	max.retries = 3
	max.schemas.per.subject = 1000
	normalize.schemas = false
	propagate.schema.tags = false
	proxy.host = 
	proxy.port = -1
	retries.max.wait.ms = 20000
	retries.wait.ms = 1000
	rule.actions = []
	rule.executors = []
	rule.service.loader.enable = true
	schema.format = null
	schema.reflection = false
	schema.registry.basic.auth.user.info = [hidden]
	schema.registry.ssl.cipher.suites = null
	schema.registry.ssl.enabled.protocols = [TLSv1.2, TLSv1.3]
	schema.registry.ssl.endpoint.identification.algorithm = https
	schema.registry.ssl.engine.factory.class = null
	schema.registry.ssl.key.password = null
	schema.registry.ssl.keymanager.algorithm = SunX509
	schema.registry.ssl.keystore.certificate.chain = null
	schema.registry.ssl.keystore.key = null
	schema.registry.ssl.keystore.location = null
	schema.registry.ssl.keystore.password = null
	schema.registry.ssl.keystore.type = JKS
	schema.registry.ssl.protocol = TLSv1.3
	schema.registry.ssl.provider = null
	schema.registry.ssl.secure.random.implementation = null
	schema.registry.ssl.trustmanager.algorithm = PKIX
	schema.registry.ssl.truststore.certificates = null
	schema.registry.ssl.truststore.location = null
	schema.registry.ssl.truststore.password = null
	schema.registry.ssl.truststore.type = JKS
	schema.registry.url = [http://registry-app-pg17.apps.ci419.apicurio-testing.org:80/apis/ccompat/v7]
	schema.registry.url.randomize = false
	use.latest.version = false
	use.latest.with.metadata = null
	use.schema.id = -1
	value.schema.id.deserializer = class io.confluent.kafka.serializers.schema.id.DualSchemaIdDeserializer
	value.schema.id.serializer = class io.confluent.kafka.serializers.schema.id.PrefixSchemaIdSerializer
	value.subject.name.strategy = class io.confluent.kafka.serializers.subject.TopicRecordNameStrategy

2025-08-12 14:53:19,651 INFO  [org.apa.kaf.cli.pro.KafkaProducer] (main) [Producer clientId=Producer-topic-729cbf94_0401_4df0_b0aa_7f5e334263d0] Instantiated an idempotent producer.
2025-08-12 14:53:19,652 INFO  [org.apa.kaf.cli.pro.ProducerConfig] (main) These configurations '[schema.registry.url, auto.register.schemas, value.subject.name.strategy]' were supplied but are not used yet.
2025-08-12 14:53:19,653 INFO  [org.apa.kaf.com.uti.AppInfoParser] (main) Kafka version: 3.9.1
2025-08-12 14:53:19,653 INFO  [org.apa.kaf.com.uti.AppInfoParser] (main) Kafka commitId: f745dfdcee2b9851
2025-08-12 14:53:19,653 INFO  [org.apa.kaf.com.uti.AppInfoParser] (main) Kafka startTimeMs: 1755010399653
2025-08-12 14:53:19,655 INFO  [io.api.tes.ser.api.KafkaSerdesTester] (Thread-876) Sending message {"key1": "value-0", "key2": "value-0"} to topic topic-729cbf94_0401_4df0_b0aa_7f5e334263d0
2025-08-12 14:53:19,656 INFO  [org.apa.kaf.cli.Metadata] (kafka-producer-network-thread | Producer-topic-729cbf94_0401_4df0_b0aa_7f5e334263d0) [Producer clientId=Producer-topic-729cbf94_0401_4df0_b0aa_7f5e334263d0] Cluster ID: 4oDFBklZQKWClKkNkfg_eQ
2025-08-12 14:53:19,657 INFO  [org.apa.kaf.cli.pro.int.TransactionManager] (kafka-producer-network-thread | Producer-topic-729cbf94_0401_4df0_b0aa_7f5e334263d0) [Producer clientId=Producer-topic-729cbf94_0401_4df0_b0aa_7f5e334263d0] ProducerId set to 48 with epoch 0
2025-08-12 14:53:19,732 INFO  [io.api.tes.ser.api.KafkaSerdesTester] (Thread-876) Sending message {"key1": "value-1", "key2": "value-1"} to topic topic-729cbf94_0401_4df0_b0aa_7f5e334263d0
2025-08-12 14:53:19,734 INFO  [io.api.tes.ser.api.KafkaSerdesTester] (Thread-876) Sending message {"key1": "value-2", "key2": "value-2"} to topic topic-729cbf94_0401_4df0_b0aa_7f5e334263d0
2025-08-12 14:53:19,735 INFO  [io.api.tes.ser.api.KafkaSerdesTester] (Thread-876) Sending message {"key1": "value-3", "key2": "value-3"} to topic topic-729cbf94_0401_4df0_b0aa_7f5e334263d0
2025-08-12 14:53:19,740 INFO  [io.api.tes.ser.api.KafkaSerdesTester] (Thread-876) Sending message {"key1": "value-4", "key2": "value-4"} to topic topic-729cbf94_0401_4df0_b0aa_7f5e334263d0
2025-08-12 14:53:19,741 INFO  [io.api.tes.ser.api.KafkaSerdesTester] (Thread-876) Sending message {"key1": "value-5", "key2": "value-5"} to topic topic-729cbf94_0401_4df0_b0aa_7f5e334263d0
2025-08-12 14:53:19,745 INFO  [io.api.tes.ser.api.KafkaSerdesTester] (Thread-876) Sending message {"key1": "value-6", "key2": "value-6"} to topic topic-729cbf94_0401_4df0_b0aa_7f5e334263d0
2025-08-12 14:53:19,750 INFO  [io.api.tes.ser.api.KafkaSerdesTester] (Thread-876) Sending message {"key1": "value-7", "key2": "value-7"} to topic topic-729cbf94_0401_4df0_b0aa_7f5e334263d0
2025-08-12 14:53:19,754 INFO  [io.api.tes.ser.api.KafkaSerdesTester] (Thread-876) Sending message {"key1": "value-8", "key2": "value-8"} to topic topic-729cbf94_0401_4df0_b0aa_7f5e334263d0
2025-08-12 14:53:19,756 INFO  [io.api.tes.ser.api.KafkaSerdesTester] (Thread-876) Sending message {"key1": "value-9", "key2": "value-9"} to topic topic-729cbf94_0401_4df0_b0aa_7f5e334263d0
2025-08-12 14:53:19,759 INFO  [io.api.tes.ser.api.KafkaSerdesTester] (Thread-876) Produced 10 messages
2025-08-12 14:53:19,759 INFO  [org.apa.kaf.cli.pro.KafkaProducer] (Thread-876) [Producer clientId=Producer-topic-729cbf94_0401_4df0_b0aa_7f5e334263d0] Closing the Kafka producer with timeoutMillis = 9223372036854775807 ms.
2025-08-12 14:53:19,765 INFO  [org.apa.kaf.com.met.Metrics] (Thread-876) Metrics scheduler closed
2025-08-12 14:53:19,765 INFO  [org.apa.kaf.com.met.Metrics] (Thread-876) Closing reporter org.apache.kafka.common.metrics.JmxReporter
2025-08-12 14:53:19,765 INFO  [org.apa.kaf.com.met.Metrics] (Thread-876) Closing reporter org.apache.kafka.common.telemetry.internals.ClientTelemetryReporter
2025-08-12 14:53:19,765 INFO  [org.apa.kaf.com.met.Metrics] (Thread-876) Metrics reporters closed
2025-08-12 14:53:19,765 INFO  [org.apa.kaf.com.uti.AppInfoParser] (Thread-876) App info kafka.producer for Producer-topic-729cbf94_0401_4df0_b0aa_7f5e334263d0 unregistered
**** Registry Base URL: http://registry-app-pg17.apps.ci419.apicurio-testing.org:80
2025-08-12 14:53:19,765 INFO  [org.apa.kaf.cli.pro.ProducerConfig] (main) ProducerConfig values: 
	acks = -1
	auto.include.jmx.reporter = true
	batch.size = 16384
	bootstrap.servers = [PLAINTEXT://localhost:32769]
	buffer.memory = 33554432
	client.dns.lookup = use_all_dns_ips
	client.id = Producer-topic-729cbf94_0401_4df0_b0aa_7f5e334263d0
	compression.gzip.level = -1
	compression.lz4.level = 9
	compression.type = none
	compression.zstd.level = 3
	connections.max.idle.ms = 10000
	delivery.timeout.ms = 120000
	enable.idempotence = true
	enable.metrics.push = true
	interceptor.classes = []
	key.serializer = class org.apache.kafka.common.serialization.StringSerializer
	linger.ms = 0
	max.block.ms = 60000
	max.in.flight.requests.per.connection = 5
	max.request.size = 1048576
	metadata.max.age.ms = 300000
	metadata.max.idle.ms = 300000
	metadata.recovery.strategy = none
	metric.reporters = []
	metrics.num.samples = 2
	metrics.recording.level = INFO
	metrics.sample.window.ms = 30000
	partitioner.adaptive.partitioning.enable = true
	partitioner.availability.timeout.ms = 0
	partitioner.class = null
	partitioner.ignore.keys = false
	receive.buffer.bytes = 32768
	reconnect.backoff.max.ms = 1000
	reconnect.backoff.ms = 50
	request.timeout.ms = 5000
	retries = 2147483647
	retry.backoff.max.ms = 1000
	retry.backoff.ms = 100
	sasl.client.callback.handler.class = null
	sasl.jaas.config = null
	sasl.kerberos.kinit.cmd = /usr/bin/kinit
	sasl.kerberos.min.time.before.relogin = 60000
	sasl.kerberos.service.name = null
	sasl.kerberos.ticket.renew.jitter = 0.05
	sasl.kerberos.ticket.renew.window.factor = 0.8
	sasl.login.callback.handler.class = null
	sasl.login.class = null
	sasl.login.connect.timeout.ms = null
	sasl.login.read.timeout.ms = null
	sasl.login.refresh.buffer.seconds = 300
	sasl.login.refresh.min.period.seconds = 60
	sasl.login.refresh.window.factor = 0.8
	sasl.login.refresh.window.jitter = 0.05
	sasl.login.retry.backoff.max.ms = 10000
	sasl.login.retry.backoff.ms = 100
	sasl.mechanism = GSSAPI
	sasl.oauthbearer.clock.skew.seconds = 30
	sasl.oauthbearer.expected.audience = null
	sasl.oauthbearer.expected.issuer = null
	sasl.oauthbearer.header.urlencode = false
	sasl.oauthbearer.jwks.endpoint.refresh.ms = 3600000
	sasl.oauthbearer.jwks.endpoint.retry.backoff.max.ms = 10000
	sasl.oauthbearer.jwks.endpoint.retry.backoff.ms = 100
	sasl.oauthbearer.jwks.endpoint.url = null
	sasl.oauthbearer.scope.claim.name = scope
	sasl.oauthbearer.sub.claim.name = sub
	sasl.oauthbearer.token.endpoint.url = null
	security.protocol = PLAINTEXT
	security.providers = null
	send.buffer.bytes = 131072
	socket.connection.setup.timeout.max.ms = 30000
	socket.connection.setup.timeout.ms = 10000
	ssl.cipher.suites = null
	ssl.enabled.protocols = [TLSv1.2, TLSv1.3]
	ssl.endpoint.identification.algorithm = https
	ssl.engine.factory.class = null
	ssl.key.password = null
	ssl.keymanager.algorithm = SunX509
	ssl.keystore.certificate.chain = null
	ssl.keystore.key = null
	ssl.keystore.location = null
	ssl.keystore.password = null
	ssl.keystore.type = JKS
	ssl.protocol = TLSv1.3
	ssl.provider = null
	ssl.secure.random.implementation = null
	ssl.trustmanager.algorithm = PKIX
	ssl.truststore.certificates = null
	ssl.truststore.location = null
	ssl.truststore.password = null
	ssl.truststore.type = JKS
	transaction.timeout.ms = 60000
	transactional.id = null
	value.serializer = class io.confluent.kafka.serializers.KafkaAvroSerializer

2025-08-12 14:53:19,765 INFO  [org.apa.kaf.com.tel.int.KafkaMetricsCollector] (main) initializing Kafka metrics collector
2025-08-12 14:53:19,766 INFO  [io.con.kaf.ser.KafkaAvroSerializerConfig] (main) KafkaAvroSerializerConfig values: 
	auto.register.schemas = false
	avro.reflection.allow.null = false
	avro.remove.java.properties = false
	avro.use.logical.type.converters = false
	basic.auth.credentials.source = URL
	basic.auth.user.info = [hidden]
	bearer.auth.cache.expiry.buffer.seconds = 300
	bearer.auth.client.id = null
	bearer.auth.client.secret = null
	bearer.auth.credentials.source = STATIC_TOKEN
	bearer.auth.custom.provider.class = null
	bearer.auth.identity.pool.id = null
	bearer.auth.issuer.endpoint.url = null
	bearer.auth.logical.cluster = null
	bearer.auth.scope = null
	bearer.auth.scope.claim.name = scope
	bearer.auth.sub.claim.name = sub
	bearer.auth.token = [hidden]
	context.name.strategy = class io.confluent.kafka.serializers.context.NullContextNameStrategy
	http.connect.timeout.ms = 60000
	http.read.timeout.ms = 60000
	id.compatibility.strict = true
	key.schema.id.deserializer = class io.confluent.kafka.serializers.schema.id.DualSchemaIdDeserializer
	key.schema.id.serializer = class io.confluent.kafka.serializers.schema.id.PrefixSchemaIdSerializer
	key.subject.name.strategy = class io.confluent.kafka.serializers.subject.TopicNameStrategy
	latest.cache.size = 1000
	latest.cache.ttl.sec = -1
	latest.compatibility.strict = true
	max.retries = 3
	max.schemas.per.subject = 1000
	normalize.schemas = false
	propagate.schema.tags = false
	proxy.host = 
	proxy.port = -1
	retries.max.wait.ms = 20000
	retries.wait.ms = 1000
	rule.actions = []
	rule.executors = []
	rule.service.loader.enable = true
	schema.format = null
	schema.reflection = false
	schema.registry.basic.auth.user.info = [hidden]
	schema.registry.ssl.cipher.suites = null
	schema.registry.ssl.enabled.protocols = [TLSv1.2, TLSv1.3]
	schema.registry.ssl.endpoint.identification.algorithm = https
	schema.registry.ssl.engine.factory.class = null
	schema.registry.ssl.key.password = null
	schema.registry.ssl.keymanager.algorithm = SunX509
	schema.registry.ssl.keystore.certificate.chain = null
	schema.registry.ssl.keystore.key = null
	schema.registry.ssl.keystore.location = null
	schema.registry.ssl.keystore.password = null
	schema.registry.ssl.keystore.type = JKS
	schema.registry.ssl.protocol = TLSv1.3
	schema.registry.ssl.provider = null
	schema.registry.ssl.secure.random.implementation = null
	schema.registry.ssl.trustmanager.algorithm = PKIX
	schema.registry.ssl.truststore.certificates = null
	schema.registry.ssl.truststore.location = null
	schema.registry.ssl.truststore.password = null
	schema.registry.ssl.truststore.type = JKS
	schema.registry.url = [http://registry-app-pg17.apps.ci419.apicurio-testing.org:80/apis/ccompat/v7]
	schema.registry.url.randomize = false
	use.latest.version = false
	use.latest.with.metadata = null
	use.schema.id = -1
	value.schema.id.deserializer = class io.confluent.kafka.serializers.schema.id.DualSchemaIdDeserializer
	value.schema.id.serializer = class io.confluent.kafka.serializers.schema.id.PrefixSchemaIdSerializer
	value.subject.name.strategy = class io.confluent.kafka.serializers.subject.TopicRecordNameStrategy

2025-08-12 14:53:19,769 INFO  [org.apa.kaf.cli.pro.KafkaProducer] (main) [Producer clientId=Producer-topic-729cbf94_0401_4df0_b0aa_7f5e334263d0] Instantiated an idempotent producer.
2025-08-12 14:53:19,771 INFO  [org.apa.kaf.cli.pro.ProducerConfig] (main) These configurations '[schema.registry.url, auto.register.schemas, value.subject.name.strategy]' were supplied but are not used yet.
2025-08-12 14:53:19,771 INFO  [org.apa.kaf.com.uti.AppInfoParser] (main) Kafka version: 3.9.1
2025-08-12 14:53:19,771 INFO  [org.apa.kaf.com.uti.AppInfoParser] (main) Kafka commitId: f745dfdcee2b9851
2025-08-12 14:53:19,771 INFO  [org.apa.kaf.com.uti.AppInfoParser] (main) Kafka startTimeMs: 1755010399771
2025-08-12 14:53:19,774 INFO  [io.api.tes.ser.api.KafkaSerdesTester] (Thread-877) Sending message {"key1": "value-0"} to topic topic-729cbf94_0401_4df0_b0aa_7f5e334263d0
2025-08-12 14:53:19,774 INFO  [org.apa.kaf.cli.Metadata] (kafka-producer-network-thread | Producer-topic-729cbf94_0401_4df0_b0aa_7f5e334263d0) [Producer clientId=Producer-topic-729cbf94_0401_4df0_b0aa_7f5e334263d0] Cluster ID: 4oDFBklZQKWClKkNkfg_eQ
2025-08-12 14:53:19,776 INFO  [org.apa.kaf.cli.pro.int.TransactionManager] (kafka-producer-network-thread | Producer-topic-729cbf94_0401_4df0_b0aa_7f5e334263d0) [Producer clientId=Producer-topic-729cbf94_0401_4df0_b0aa_7f5e334263d0] ProducerId set to 49 with epoch 0
2025-08-12 14:53:19,847 INFO  [io.api.tes.ser.api.KafkaSerdesTester] (Thread-877) Sending message {"key1": "value-1"} to topic topic-729cbf94_0401_4df0_b0aa_7f5e334263d0
2025-08-12 14:53:19,848 INFO  [io.api.tes.ser.api.KafkaSerdesTester] (Thread-877) Sending message {"key1": "value-2"} to topic topic-729cbf94_0401_4df0_b0aa_7f5e334263d0
2025-08-12 14:53:19,850 INFO  [io.api.tes.ser.api.KafkaSerdesTester] (Thread-877) Sending message {"key1": "value-3"} to topic topic-729cbf94_0401_4df0_b0aa_7f5e334263d0
2025-08-12 14:53:19,852 INFO  [io.api.tes.ser.api.KafkaSerdesTester] (Thread-877) Sending message {"key1": "value-4"} to topic topic-729cbf94_0401_4df0_b0aa_7f5e334263d0
2025-08-12 14:53:19,853 INFO  [io.api.tes.ser.api.KafkaSerdesTester] (Thread-877) Sending message {"key1": "value-5"} to topic topic-729cbf94_0401_4df0_b0aa_7f5e334263d0
2025-08-12 14:53:19,854 INFO  [io.api.tes.ser.api.KafkaSerdesTester] (Thread-877) Sending message {"key1": "value-6"} to topic topic-729cbf94_0401_4df0_b0aa_7f5e334263d0
2025-08-12 14:53:19,855 INFO  [io.api.tes.ser.api.KafkaSerdesTester] (Thread-877) Sending message {"key1": "value-7"} to topic topic-729cbf94_0401_4df0_b0aa_7f5e334263d0
2025-08-12 14:53:19,856 INFO  [io.api.tes.ser.api.KafkaSerdesTester] (Thread-877) Sending message {"key1": "value-8"} to topic topic-729cbf94_0401_4df0_b0aa_7f5e334263d0
2025-08-12 14:53:19,857 INFO  [io.api.tes.ser.api.KafkaSerdesTester] (Thread-877) Sending message {"key1": "value-9"} to topic topic-729cbf94_0401_4df0_b0aa_7f5e334263d0
2025-08-12 14:53:19,858 INFO  [io.api.tes.ser.api.KafkaSerdesTester] (Thread-877) Produced 10 messages
2025-08-12 14:53:19,858 INFO  [org.apa.kaf.cli.pro.KafkaProducer] (Thread-877) [Producer clientId=Producer-topic-729cbf94_0401_4df0_b0aa_7f5e334263d0] Closing the Kafka producer with timeoutMillis = 9223372036854775807 ms.
2025-08-12 14:53:19,862 INFO  [org.apa.kaf.com.met.Metrics] (Thread-877) Metrics scheduler closed
2025-08-12 14:53:19,862 INFO  [org.apa.kaf.com.met.Metrics] (Thread-877) Closing reporter org.apache.kafka.common.metrics.JmxReporter
2025-08-12 14:53:19,862 INFO  [org.apa.kaf.com.met.Metrics] (Thread-877) Closing reporter org.apache.kafka.common.telemetry.internals.ClientTelemetryReporter
2025-08-12 14:53:19,862 INFO  [org.apa.kaf.com.met.Metrics] (Thread-877) Metrics reporters closed
2025-08-12 14:53:19,862 INFO  [org.apa.kaf.com.uti.AppInfoParser] (Thread-877) App info kafka.producer for Producer-topic-729cbf94_0401_4df0_b0aa_7f5e334263d0 unregistered
**** Registry Base URL: http://registry-app-pg17.apps.ci419.apicurio-testing.org:80
2025-08-12 14:53:19,862 INFO  [org.apa.kaf.cli.con.ConsumerConfig] (main) ConsumerConfig values: 
	allow.auto.create.topics = true
	auto.commit.interval.ms = 500
	auto.include.jmx.reporter = true
	auto.offset.reset = earliest
	bootstrap.servers = [PLAINTEXT://localhost:32769]
	check.crcs = true
	client.dns.lookup = use_all_dns_ips
	client.id = consumer-Consumer-topic-729cbf94_0401_4df0_b0aa_7f5e334263d0-36
	client.rack = 
	connections.max.idle.ms = 10000
	default.api.timeout.ms = 60000
	enable.auto.commit = true
	enable.metrics.push = true
	exclude.internal.topics = true
	fetch.max.bytes = 52428800
	fetch.max.wait.ms = 500
	fetch.min.bytes = 1
	group.id = Consumer-topic-729cbf94_0401_4df0_b0aa_7f5e334263d0
	group.instance.id = null
	group.protocol = classic
	group.remote.assignor = null
	heartbeat.interval.ms = 3000
	interceptor.classes = []
	internal.leave.group.on.close = true
	internal.throw.on.fetch.stable.offset.unsupported = false
	isolation.level = read_uncommitted
	key.deserializer = class org.apache.kafka.common.serialization.StringDeserializer
	max.partition.fetch.bytes = 1048576
	max.poll.interval.ms = 300000
	max.poll.records = 500
	metadata.max.age.ms = 300000
	metadata.recovery.strategy = none
	metric.reporters = []
	metrics.num.samples = 2
	metrics.recording.level = INFO
	metrics.sample.window.ms = 30000
	partition.assignment.strategy = [class org.apache.kafka.clients.consumer.RangeAssignor, class org.apache.kafka.clients.consumer.CooperativeStickyAssignor]
	receive.buffer.bytes = 65536
	reconnect.backoff.max.ms = 1000
	reconnect.backoff.ms = 50
	request.timeout.ms = 5000
	retry.backoff.max.ms = 1000
	retry.backoff.ms = 100
	sasl.client.callback.handler.class = null
	sasl.jaas.config = null
	sasl.kerberos.kinit.cmd = /usr/bin/kinit
	sasl.kerberos.min.time.before.relogin = 60000
	sasl.kerberos.service.name = null
	sasl.kerberos.ticket.renew.jitter = 0.05
	sasl.kerberos.ticket.renew.window.factor = 0.8
	sasl.login.callback.handler.class = null
	sasl.login.class = null
	sasl.login.connect.timeout.ms = null
	sasl.login.read.timeout.ms = null
	sasl.login.refresh.buffer.seconds = 300
	sasl.login.refresh.min.period.seconds = 60
	sasl.login.refresh.window.factor = 0.8
	sasl.login.refresh.window.jitter = 0.05
	sasl.login.retry.backoff.max.ms = 10000
	sasl.login.retry.backoff.ms = 100
	sasl.mechanism = GSSAPI
	sasl.oauthbearer.clock.skew.seconds = 30
	sasl.oauthbearer.expected.audience = null
	sasl.oauthbearer.expected.issuer = null
	sasl.oauthbearer.header.urlencode = false
	sasl.oauthbearer.jwks.endpoint.refresh.ms = 3600000
	sasl.oauthbearer.jwks.endpoint.retry.backoff.max.ms = 10000
	sasl.oauthbearer.jwks.endpoint.retry.backoff.ms = 100
	sasl.oauthbearer.jwks.endpoint.url = null
	sasl.oauthbearer.scope.claim.name = scope
	sasl.oauthbearer.sub.claim.name = sub
	sasl.oauthbearer.token.endpoint.url = null
	security.protocol = PLAINTEXT
	security.providers = null
	send.buffer.bytes = 131072
	session.timeout.ms = 45000
	socket.connection.setup.timeout.max.ms = 30000
	socket.connection.setup.timeout.ms = 10000
	ssl.cipher.suites = null
	ssl.enabled.protocols = [TLSv1.2, TLSv1.3]
	ssl.endpoint.identification.algorithm = https
	ssl.engine.factory.class = null
	ssl.key.password = null
	ssl.keymanager.algorithm = SunX509
	ssl.keystore.certificate.chain = null
	ssl.keystore.key = null
	ssl.keystore.location = null
	ssl.keystore.password = null
	ssl.keystore.type = JKS
	ssl.protocol = TLSv1.3
	ssl.provider = null
	ssl.secure.random.implementation = null
	ssl.trustmanager.algorithm = PKIX
	ssl.truststore.certificates = null
	ssl.truststore.location = null
	ssl.truststore.password = null
	ssl.truststore.type = JKS
	value.deserializer = class io.confluent.kafka.serializers.KafkaAvroDeserializer

2025-08-12 14:53:19,862 INFO  [org.apa.kaf.com.tel.int.KafkaMetricsCollector] (main) initializing Kafka metrics collector
2025-08-12 14:53:19,863 INFO  [io.con.kaf.ser.KafkaAvroDeserializerConfig] (main) KafkaAvroDeserializerConfig values: 
	auto.register.schemas = true
	avro.reflection.allow.null = false
	avro.use.logical.type.converters = false
	basic.auth.credentials.source = URL
	basic.auth.user.info = [hidden]
	bearer.auth.cache.expiry.buffer.seconds = 300
	bearer.auth.client.id = null
	bearer.auth.client.secret = null
	bearer.auth.credentials.source = STATIC_TOKEN
	bearer.auth.custom.provider.class = null
	bearer.auth.identity.pool.id = null
	bearer.auth.issuer.endpoint.url = null
	bearer.auth.logical.cluster = null
	bearer.auth.scope = null
	bearer.auth.scope.claim.name = scope
	bearer.auth.sub.claim.name = sub
	bearer.auth.token = [hidden]
	context.name.strategy = class io.confluent.kafka.serializers.context.NullContextNameStrategy
	http.connect.timeout.ms = 60000
	http.read.timeout.ms = 60000
	id.compatibility.strict = true
	key.schema.id.deserializer = class io.confluent.kafka.serializers.schema.id.DualSchemaIdDeserializer
	key.schema.id.serializer = class io.confluent.kafka.serializers.schema.id.PrefixSchemaIdSerializer
	key.subject.name.strategy = class io.confluent.kafka.serializers.subject.TopicNameStrategy
	latest.cache.size = 1000
	latest.cache.ttl.sec = -1
	latest.compatibility.strict = true
	max.retries = 3
	max.schemas.per.subject = 1000
	normalize.schemas = false
	propagate.schema.tags = false
	proxy.host = 
	proxy.port = -1
	retries.max.wait.ms = 20000
	retries.wait.ms = 1000
	rule.actions = []
	rule.executors = []
	rule.service.loader.enable = true
	schema.format = null
	schema.reflection = false
	schema.registry.basic.auth.user.info = [hidden]
	schema.registry.ssl.cipher.suites = null
	schema.registry.ssl.enabled.protocols = [TLSv1.2, TLSv1.3]
	schema.registry.ssl.endpoint.identification.algorithm = https
	schema.registry.ssl.engine.factory.class = null
	schema.registry.ssl.key.password = null
	schema.registry.ssl.keymanager.algorithm = SunX509
	schema.registry.ssl.keystore.certificate.chain = null
	schema.registry.ssl.keystore.key = null
	schema.registry.ssl.keystore.location = null
	schema.registry.ssl.keystore.password = null
	schema.registry.ssl.keystore.type = JKS
	schema.registry.ssl.protocol = TLSv1.3
	schema.registry.ssl.provider = null
	schema.registry.ssl.secure.random.implementation = null
	schema.registry.ssl.trustmanager.algorithm = PKIX
	schema.registry.ssl.truststore.certificates = null
	schema.registry.ssl.truststore.location = null
	schema.registry.ssl.truststore.password = null
	schema.registry.ssl.truststore.type = JKS
	schema.registry.url = [http://registry-app-pg17.apps.ci419.apicurio-testing.org:80/apis/ccompat/v7]
	schema.registry.url.randomize = false
	specific.avro.key.type = null
	specific.avro.reader = false
	specific.avro.value.type = null
	use.latest.version = false
	use.latest.with.metadata = null
	use.schema.id = -1
	value.schema.id.deserializer = class io.confluent.kafka.serializers.schema.id.DualSchemaIdDeserializer
	value.schema.id.serializer = class io.confluent.kafka.serializers.schema.id.PrefixSchemaIdSerializer
	value.subject.name.strategy = class io.confluent.kafka.serializers.subject.TopicNameStrategy

2025-08-12 14:53:19,867 INFO  [org.apa.kaf.cli.con.ConsumerConfig] (main) These configurations '[schema.registry.url]' were supplied but are not used yet.
2025-08-12 14:53:19,867 INFO  [org.apa.kaf.com.uti.AppInfoParser] (main) Kafka version: 3.9.1
2025-08-12 14:53:19,867 INFO  [org.apa.kaf.com.uti.AppInfoParser] (main) Kafka commitId: f745dfdcee2b9851
2025-08-12 14:53:19,867 INFO  [org.apa.kaf.com.uti.AppInfoParser] (main) Kafka startTimeMs: 1755010399867
2025-08-12 14:53:19,868 INFO  [org.apa.kaf.cli.con.int.ClassicKafkaConsumer] (Thread-878) [Consumer clientId=consumer-Consumer-topic-729cbf94_0401_4df0_b0aa_7f5e334263d0-36, groupId=Consumer-topic-729cbf94_0401_4df0_b0aa_7f5e334263d0] Subscribed to topic(s): topic-729cbf94_0401_4df0_b0aa_7f5e334263d0
2025-08-12 14:53:19,873 INFO  [org.apa.kaf.cli.Metadata] (Thread-878) [Consumer clientId=consumer-Consumer-topic-729cbf94_0401_4df0_b0aa_7f5e334263d0-36, groupId=Consumer-topic-729cbf94_0401_4df0_b0aa_7f5e334263d0] Cluster ID: 4oDFBklZQKWClKkNkfg_eQ
2025-08-12 14:53:19,873 INFO  [org.apa.kaf.cli.con.int.ConsumerCoordinator] (Thread-878) [Consumer clientId=consumer-Consumer-topic-729cbf94_0401_4df0_b0aa_7f5e334263d0-36, groupId=Consumer-topic-729cbf94_0401_4df0_b0aa_7f5e334263d0] Discovered group coordinator localhost:32769 (id: 2147483647 rack: null)
2025-08-12 14:53:19,876 INFO  [org.apa.kaf.cli.con.int.ConsumerCoordinator] (Thread-878) [Consumer clientId=consumer-Consumer-topic-729cbf94_0401_4df0_b0aa_7f5e334263d0-36, groupId=Consumer-topic-729cbf94_0401_4df0_b0aa_7f5e334263d0] (Re-)joining group
2025-08-12 14:53:19,879 INFO  [org.apa.kaf.cli.con.int.ConsumerCoordinator] (Thread-878) [Consumer clientId=consumer-Consumer-topic-729cbf94_0401_4df0_b0aa_7f5e334263d0-36, groupId=Consumer-topic-729cbf94_0401_4df0_b0aa_7f5e334263d0] Request joining group due to: need to re-join with the given member-id: consumer-Consumer-topic-729cbf94_0401_4df0_b0aa_7f5e334263d0-36-b2e14b68-a609-4bce-badc-27838b688963
2025-08-12 14:53:19,879 INFO  [org.apa.kaf.cli.con.int.ConsumerCoordinator] (Thread-878) [Consumer clientId=consumer-Consumer-topic-729cbf94_0401_4df0_b0aa_7f5e334263d0-36, groupId=Consumer-topic-729cbf94_0401_4df0_b0aa_7f5e334263d0] (Re-)joining group
2025-08-12 14:53:20,868 INFO  [io.api.tes.ser.api.KafkaSerdesTester] (Thread-878) None found
2025-08-12 14:53:21,868 INFO  [io.api.tes.ser.api.KafkaSerdesTester] (Thread-878) None found
2025-08-12 14:53:22,868 INFO  [io.api.tes.ser.api.KafkaSerdesTester] (Thread-878) None found
2025-08-12 14:53:22,881 INFO  [org.apa.kaf.cli.con.int.ConsumerCoordinator] (Thread-878) [Consumer clientId=consumer-Consumer-topic-729cbf94_0401_4df0_b0aa_7f5e334263d0-36, groupId=Consumer-topic-729cbf94_0401_4df0_b0aa_7f5e334263d0] Successfully joined group with generation Generation{generationId=5, memberId='consumer-Consumer-topic-729cbf94_0401_4df0_b0aa_7f5e334263d0-36-b2e14b68-a609-4bce-badc-27838b688963', protocol='range'}
2025-08-12 14:53:22,881 INFO  [org.apa.kaf.cli.con.int.ConsumerCoordinator] (Thread-878) [Consumer clientId=consumer-Consumer-topic-729cbf94_0401_4df0_b0aa_7f5e334263d0-36, groupId=Consumer-topic-729cbf94_0401_4df0_b0aa_7f5e334263d0] Finished assignment for group at generation 5: {consumer-Consumer-topic-729cbf94_0401_4df0_b0aa_7f5e334263d0-36-b2e14b68-a609-4bce-badc-27838b688963=Assignment(partitions=[topic-729cbf94_0401_4df0_b0aa_7f5e334263d0-0])}
2025-08-12 14:53:22,888 INFO  [org.apa.kaf.cli.con.int.ConsumerCoordinator] (Thread-878) [Consumer clientId=consumer-Consumer-topic-729cbf94_0401_4df0_b0aa_7f5e334263d0-36, groupId=Consumer-topic-729cbf94_0401_4df0_b0aa_7f5e334263d0] Successfully synced group in generation Generation{generationId=5, memberId='consumer-Consumer-topic-729cbf94_0401_4df0_b0aa_7f5e334263d0-36-b2e14b68-a609-4bce-badc-27838b688963', protocol='range'}
2025-08-12 14:53:22,888 INFO  [org.apa.kaf.cli.con.int.ConsumerCoordinator] (Thread-878) [Consumer clientId=consumer-Consumer-topic-729cbf94_0401_4df0_b0aa_7f5e334263d0-36, groupId=Consumer-topic-729cbf94_0401_4df0_b0aa_7f5e334263d0] Notifying assignor about the new Assignment(partitions=[topic-729cbf94_0401_4df0_b0aa_7f5e334263d0-0])
2025-08-12 14:53:22,888 INFO  [org.apa.kaf.cli.con.int.ConsumerRebalanceListenerInvoker] (Thread-878) [Consumer clientId=consumer-Consumer-topic-729cbf94_0401_4df0_b0aa_7f5e334263d0-36, groupId=Consumer-topic-729cbf94_0401_4df0_b0aa_7f5e334263d0] Adding newly assigned partitions: topic-729cbf94_0401_4df0_b0aa_7f5e334263d0-0
2025-08-12 14:53:22,889 INFO  [org.apa.kaf.cli.con.int.ConsumerUtils] (Thread-878) Setting offset for partition topic-729cbf94_0401_4df0_b0aa_7f5e334263d0-0 to the committed offset FetchPosition{offset=30, offsetEpoch=Optional[0], currentLeader=LeaderAndEpoch{leader=Optional[localhost:32769 (id: 0 rack: null)], epoch=0}}
2025-08-12 14:53:23,092 INFO  [io.api.tes.ser.api.KafkaSerdesTester] (Thread-878) topic-729cbf94_0401_4df0_b0aa_7f5e334263d0 0 30 {"key1": "value-0", "key2": "value-0", "key3": "value-0"}
2025-08-12 14:53:23,092 INFO  [io.api.tes.ser.api.KafkaSerdesTester] (Thread-878) topic-729cbf94_0401_4df0_b0aa_7f5e334263d0 0 31 {"key1": "value-1", "key2": "value-1", "key3": "value-1"}
2025-08-12 14:53:23,092 INFO  [io.api.tes.ser.api.KafkaSerdesTester] (Thread-878) topic-729cbf94_0401_4df0_b0aa_7f5e334263d0 0 32 {"key1": "value-2", "key2": "value-2", "key3": "value-2"}
2025-08-12 14:53:23,092 INFO  [io.api.tes.ser.api.KafkaSerdesTester] (Thread-878) topic-729cbf94_0401_4df0_b0aa_7f5e334263d0 0 33 {"key1": "value-3", "key2": "value-3", "key3": "value-3"}
2025-08-12 14:53:23,092 INFO  [io.api.tes.ser.api.KafkaSerdesTester] (Thread-878) topic-729cbf94_0401_4df0_b0aa_7f5e334263d0 0 34 {"key1": "value-4", "key2": "value-4", "key3": "value-4"}
2025-08-12 14:53:23,092 INFO  [io.api.tes.ser.api.KafkaSerdesTester] (Thread-878) topic-729cbf94_0401_4df0_b0aa_7f5e334263d0 0 35 {"key1": "value-5", "key2": "value-5", "key3": "value-5"}
2025-08-12 14:53:23,092 INFO  [io.api.tes.ser.api.KafkaSerdesTester] (Thread-878) topic-729cbf94_0401_4df0_b0aa_7f5e334263d0 0 36 {"key1": "value-6", "key2": "value-6", "key3": "value-6"}
2025-08-12 14:53:23,092 INFO  [io.api.tes.ser.api.KafkaSerdesTester] (Thread-878) topic-729cbf94_0401_4df0_b0aa_7f5e334263d0 0 37 {"key1": "value-7", "key2": "value-7", "key3": "value-7"}
2025-08-12 14:53:23,092 INFO  [io.api.tes.ser.api.KafkaSerdesTester] (Thread-878) topic-729cbf94_0401_4df0_b0aa_7f5e334263d0 0 38 {"key1": "value-8", "key2": "value-8", "key3": "value-8"}
2025-08-12 14:53:23,092 INFO  [io.api.tes.ser.api.KafkaSerdesTester] (Thread-878) topic-729cbf94_0401_4df0_b0aa_7f5e334263d0 0 39 {"key1": "value-9", "key2": "value-9", "key3": "value-9"}
2025-08-12 14:53:23,092 INFO  [io.api.tes.ser.api.KafkaSerdesTester] (Thread-878) topic-729cbf94_0401_4df0_b0aa_7f5e334263d0 0 40 {"key1": "value-0", "key2": "value-0"}
2025-08-12 14:53:23,092 INFO  [io.api.tes.ser.api.KafkaSerdesTester] (Thread-878) topic-729cbf94_0401_4df0_b0aa_7f5e334263d0 0 41 {"key1": "value-1", "key2": "value-1"}
2025-08-12 14:53:23,092 INFO  [io.api.tes.ser.api.KafkaSerdesTester] (Thread-878) topic-729cbf94_0401_4df0_b0aa_7f5e334263d0 0 42 {"key1": "value-2", "key2": "value-2"}
2025-08-12 14:53:23,092 INFO  [io.api.tes.ser.api.KafkaSerdesTester] (Thread-878) topic-729cbf94_0401_4df0_b0aa_7f5e334263d0 0 43 {"key1": "value-3", "key2": "value-3"}
2025-08-12 14:53:23,092 INFO  [io.api.tes.ser.api.KafkaSerdesTester] (Thread-878) topic-729cbf94_0401_4df0_b0aa_7f5e334263d0 0 44 {"key1": "value-4", "key2": "value-4"}
2025-08-12 14:53:23,092 INFO  [io.api.tes.ser.api.KafkaSerdesTester] (Thread-878) topic-729cbf94_0401_4df0_b0aa_7f5e334263d0 0 45 {"key1": "value-5", "key2": "value-5"}
2025-08-12 14:53:23,092 INFO  [io.api.tes.ser.api.KafkaSerdesTester] (Thread-878) topic-729cbf94_0401_4df0_b0aa_7f5e334263d0 0 46 {"key1": "value-6", "key2": "value-6"}
2025-08-12 14:53:23,093 INFO  [io.api.tes.ser.api.KafkaSerdesTester] (Thread-878) topic-729cbf94_0401_4df0_b0aa_7f5e334263d0 0 47 {"key1": "value-7", "key2": "value-7"}
2025-08-12 14:53:23,093 INFO  [io.api.tes.ser.api.KafkaSerdesTester] (Thread-878) topic-729cbf94_0401_4df0_b0aa_7f5e334263d0 0 48 {"key1": "value-8", "key2": "value-8"}
2025-08-12 14:53:23,093 INFO  [io.api.tes.ser.api.KafkaSerdesTester] (Thread-878) topic-729cbf94_0401_4df0_b0aa_7f5e334263d0 0 49 {"key1": "value-9", "key2": "value-9"}
2025-08-12 14:53:23,093 INFO  [io.api.tes.ser.api.KafkaSerdesTester] (Thread-878) topic-729cbf94_0401_4df0_b0aa_7f5e334263d0 0 50 {"key1": "value-0"}
2025-08-12 14:53:23,093 INFO  [io.api.tes.ser.api.KafkaSerdesTester] (Thread-878) topic-729cbf94_0401_4df0_b0aa_7f5e334263d0 0 51 {"key1": "value-1"}
2025-08-12 14:53:23,093 INFO  [io.api.tes.ser.api.KafkaSerdesTester] (Thread-878) topic-729cbf94_0401_4df0_b0aa_7f5e334263d0 0 52 {"key1": "value-2"}
2025-08-12 14:53:23,093 INFO  [io.api.tes.ser.api.KafkaSerdesTester] (Thread-878) topic-729cbf94_0401_4df0_b0aa_7f5e334263d0 0 53 {"key1": "value-3"}
2025-08-12 14:53:23,093 INFO  [io.api.tes.ser.api.KafkaSerdesTester] (Thread-878) topic-729cbf94_0401_4df0_b0aa_7f5e334263d0 0 54 {"key1": "value-4"}
2025-08-12 14:53:23,093 INFO  [io.api.tes.ser.api.KafkaSerdesTester] (Thread-878) topic-729cbf94_0401_4df0_b0aa_7f5e334263d0 0 55 {"key1": "value-5"}
2025-08-12 14:53:23,093 INFO  [io.api.tes.ser.api.KafkaSerdesTester] (Thread-878) topic-729cbf94_0401_4df0_b0aa_7f5e334263d0 0 56 {"key1": "value-6"}
2025-08-12 14:53:23,093 INFO  [io.api.tes.ser.api.KafkaSerdesTester] (Thread-878) topic-729cbf94_0401_4df0_b0aa_7f5e334263d0 0 57 {"key1": "value-7"}
2025-08-12 14:53:23,093 INFO  [io.api.tes.ser.api.KafkaSerdesTester] (Thread-878) topic-729cbf94_0401_4df0_b0aa_7f5e334263d0 0 58 {"key1": "value-8"}
2025-08-12 14:53:23,093 INFO  [io.api.tes.ser.api.KafkaSerdesTester] (Thread-878) topic-729cbf94_0401_4df0_b0aa_7f5e334263d0 0 59 {"key1": "value-9"}
2025-08-12 14:53:23,093 INFO  [io.api.tes.ser.api.KafkaSerdesTester] (Thread-878) Consumed 30 messages
2025-08-12 14:53:23,100 INFO  [org.apa.kaf.cli.con.int.ConsumerRebalanceListenerInvoker] (Thread-878) [Consumer clientId=consumer-Consumer-topic-729cbf94_0401_4df0_b0aa_7f5e334263d0-36, groupId=Consumer-topic-729cbf94_0401_4df0_b0aa_7f5e334263d0] Revoke previously assigned partitions topic-729cbf94_0401_4df0_b0aa_7f5e334263d0-0
2025-08-12 14:53:23,100 INFO  [org.apa.kaf.cli.con.int.ConsumerCoordinator] (Thread-878) [Consumer clientId=consumer-Consumer-topic-729cbf94_0401_4df0_b0aa_7f5e334263d0-36, groupId=Consumer-topic-729cbf94_0401_4df0_b0aa_7f5e334263d0] Member consumer-Consumer-topic-729cbf94_0401_4df0_b0aa_7f5e334263d0-36-b2e14b68-a609-4bce-badc-27838b688963 sending LeaveGroup request to coordinator localhost:32769 (id: 2147483647 rack: null) due to the consumer is being closed
2025-08-12 14:53:23,100 INFO  [org.apa.kaf.cli.con.int.ConsumerCoordinator] (Thread-878) [Consumer clientId=consumer-Consumer-topic-729cbf94_0401_4df0_b0aa_7f5e334263d0-36, groupId=Consumer-topic-729cbf94_0401_4df0_b0aa_7f5e334263d0] Resetting generation and member id due to: consumer pro-actively leaving the group
2025-08-12 14:53:23,101 INFO  [org.apa.kaf.cli.con.int.ConsumerCoordinator] (Thread-878) [Consumer clientId=consumer-Consumer-topic-729cbf94_0401_4df0_b0aa_7f5e334263d0-36, groupId=Consumer-topic-729cbf94_0401_4df0_b0aa_7f5e334263d0] Request joining group due to: consumer pro-actively leaving the group
2025-08-12 14:53:23,595 INFO  [org.apa.kaf.com.met.Metrics] (Thread-878) Metrics scheduler closed
2025-08-12 14:53:23,596 INFO  [org.apa.kaf.com.met.Metrics] (Thread-878) Closing reporter org.apache.kafka.common.metrics.JmxReporter
2025-08-12 14:53:23,596 INFO  [org.apa.kaf.com.met.Metrics] (Thread-878) Closing reporter org.apache.kafka.common.telemetry.internals.ClientTelemetryReporter
2025-08-12 14:53:23,596 INFO  [org.apa.kaf.com.met.Metrics] (Thread-878) Metrics reporters closed
2025-08-12 14:53:23,598 INFO  [org.apa.kaf.com.uti.AppInfoParser] (Thread-878) App info kafka.consumer for consumer-Consumer-topic-729cbf94_0401_4df0_b0aa_7f5e334263d0-36 unregistered
2025-08-12 14:53:23,598 INFO  [org.apa.kaf.cli.pro.KafkaProducer] (main) [Producer clientId=Producer-topic-729cbf94_0401_4df0_b0aa_7f5e334263d0] Closing the Kafka producer with timeoutMillis = 9223372036854775807 ms.
2025-08-12 14:53:23,598 INFO  [org.apa.kaf.com.met.Metrics] (main) Metrics scheduler closed
2025-08-12 14:53:23,598 INFO  [org.apa.kaf.com.met.Metrics] (main) Closing reporter org.apache.kafka.common.metrics.JmxReporter
2025-08-12 14:53:23,598 INFO  [org.apa.kaf.com.met.Metrics] (main) Closing reporter org.apache.kafka.common.telemetry.internals.ClientTelemetryReporter
2025-08-12 14:53:23,598 INFO  [org.apa.kaf.com.met.Metrics] (main) Metrics reporters closed
2025-08-12 14:53:23,598 INFO  [org.apa.kaf.com.uti.AppInfoParser] (main) App info kafka.producer for Producer-topic-729cbf94_0401_4df0_b0aa_7f5e334263d0 unregistered
2025-08-12 14:53:23,731 INFO  [io.api.tes.ser.con.BasicConfluentSerDesIT] (main) Deleting confluent schema topic-729cbf94_0401_4df0_b0aa_7f5e334263d0-sb710bacax6e2ex44bax8f67x27d751010111
2025-08-12 14:53:23,792 INFO  [io.api.tes.uti.TestSeparator] (main) io.apicurio.tests.serdes.confluent.BasicConfluentSerDesIT.testEvolveAvroConfluent-FINISHED
2025-08-12 14:53:23,792 INFO  [io.api.tes.uti.TestSeparator] (main) ############################################################################
Test passed: testEvolveAvroConfluent
]]></system-out>
  </testcase>
  <testcase name="testAvroConfluentSerDes" classname="io.apicurio.tests.serdes.confluent.BasicConfluentSerDesIT" time="4.098">
    <system-out><![CDATA[2025-08-12 14:53:23,793 INFO  [io.api.tes.uti.TestSeparator] (main) ############################################################################
2025-08-12 14:53:23,793 INFO  [io.api.tes.uti.TestSeparator] (main) io.apicurio.tests.serdes.confluent.BasicConfluentSerDesIT.testAvroConfluentSerDes-STARTED
2025-08-12 14:53:23,944 INFO  [io.api.tes.ser.con.BasicConfluentSerDesIT] (main) Checking that created schema is equal to the get schema
2025-08-12 14:53:24,011 INFO  [io.api.tes.ser.con.BasicConfluentSerDesIT] (main) Created schema with id:50 and name:myrecordconfluent1
**** Registry Base URL: http://registry-app-pg17.apps.ci419.apicurio-testing.org:80
2025-08-12 14:53:24,012 INFO  [org.apa.kaf.cli.pro.ProducerConfig] (main) ProducerConfig values: 
	acks = -1
	auto.include.jmx.reporter = true
	batch.size = 16384
	bootstrap.servers = [PLAINTEXT://localhost:32769]
	buffer.memory = 33554432
	client.dns.lookup = use_all_dns_ips
	client.id = Producer-topic-249da691_a581_402a_bb39_d594dcee2f4c
	compression.gzip.level = -1
	compression.lz4.level = 9
	compression.type = none
	compression.zstd.level = 3
	connections.max.idle.ms = 10000
	delivery.timeout.ms = 120000
	enable.idempotence = true
	enable.metrics.push = true
	interceptor.classes = []
	key.serializer = class org.apache.kafka.common.serialization.StringSerializer
	linger.ms = 0
	max.block.ms = 60000
	max.in.flight.requests.per.connection = 5
	max.request.size = 1048576
	metadata.max.age.ms = 300000
	metadata.max.idle.ms = 300000
	metadata.recovery.strategy = none
	metric.reporters = []
	metrics.num.samples = 2
	metrics.recording.level = INFO
	metrics.sample.window.ms = 30000
	partitioner.adaptive.partitioning.enable = true
	partitioner.availability.timeout.ms = 0
	partitioner.class = null
	partitioner.ignore.keys = false
	receive.buffer.bytes = 32768
	reconnect.backoff.max.ms = 1000
	reconnect.backoff.ms = 50
	request.timeout.ms = 5000
	retries = 2147483647
	retry.backoff.max.ms = 1000
	retry.backoff.ms = 100
	sasl.client.callback.handler.class = null
	sasl.jaas.config = null
	sasl.kerberos.kinit.cmd = /usr/bin/kinit
	sasl.kerberos.min.time.before.relogin = 60000
	sasl.kerberos.service.name = null
	sasl.kerberos.ticket.renew.jitter = 0.05
	sasl.kerberos.ticket.renew.window.factor = 0.8
	sasl.login.callback.handler.class = null
	sasl.login.class = null
	sasl.login.connect.timeout.ms = null
	sasl.login.read.timeout.ms = null
	sasl.login.refresh.buffer.seconds = 300
	sasl.login.refresh.min.period.seconds = 60
	sasl.login.refresh.window.factor = 0.8
	sasl.login.refresh.window.jitter = 0.05
	sasl.login.retry.backoff.max.ms = 10000
	sasl.login.retry.backoff.ms = 100
	sasl.mechanism = GSSAPI
	sasl.oauthbearer.clock.skew.seconds = 30
	sasl.oauthbearer.expected.audience = null
	sasl.oauthbearer.expected.issuer = null
	sasl.oauthbearer.header.urlencode = false
	sasl.oauthbearer.jwks.endpoint.refresh.ms = 3600000
	sasl.oauthbearer.jwks.endpoint.retry.backoff.max.ms = 10000
	sasl.oauthbearer.jwks.endpoint.retry.backoff.ms = 100
	sasl.oauthbearer.jwks.endpoint.url = null
	sasl.oauthbearer.scope.claim.name = scope
	sasl.oauthbearer.sub.claim.name = sub
	sasl.oauthbearer.token.endpoint.url = null
	security.protocol = PLAINTEXT
	security.providers = null
	send.buffer.bytes = 131072
	socket.connection.setup.timeout.max.ms = 30000
	socket.connection.setup.timeout.ms = 10000
	ssl.cipher.suites = null
	ssl.enabled.protocols = [TLSv1.2, TLSv1.3]
	ssl.endpoint.identification.algorithm = https
	ssl.engine.factory.class = null
	ssl.key.password = null
	ssl.keymanager.algorithm = SunX509
	ssl.keystore.certificate.chain = null
	ssl.keystore.key = null
	ssl.keystore.location = null
	ssl.keystore.password = null
	ssl.keystore.type = JKS
	ssl.protocol = TLSv1.3
	ssl.provider = null
	ssl.secure.random.implementation = null
	ssl.trustmanager.algorithm = PKIX
	ssl.truststore.certificates = null
	ssl.truststore.location = null
	ssl.truststore.password = null
	ssl.truststore.type = JKS
	transaction.timeout.ms = 60000
	transactional.id = null
	value.serializer = class io.confluent.kafka.serializers.KafkaAvroSerializer

2025-08-12 14:53:24,012 INFO  [org.apa.kaf.com.tel.int.KafkaMetricsCollector] (main) initializing Kafka metrics collector
2025-08-12 14:53:24,013 INFO  [io.con.kaf.ser.KafkaAvroSerializerConfig] (main) KafkaAvroSerializerConfig values: 
	auto.register.schemas = false
	avro.reflection.allow.null = false
	avro.remove.java.properties = false
	avro.use.logical.type.converters = false
	basic.auth.credentials.source = URL
	basic.auth.user.info = [hidden]
	bearer.auth.cache.expiry.buffer.seconds = 300
	bearer.auth.client.id = null
	bearer.auth.client.secret = null
	bearer.auth.credentials.source = STATIC_TOKEN
	bearer.auth.custom.provider.class = null
	bearer.auth.identity.pool.id = null
	bearer.auth.issuer.endpoint.url = null
	bearer.auth.logical.cluster = null
	bearer.auth.scope = null
	bearer.auth.scope.claim.name = scope
	bearer.auth.sub.claim.name = sub
	bearer.auth.token = [hidden]
	context.name.strategy = class io.confluent.kafka.serializers.context.NullContextNameStrategy
	http.connect.timeout.ms = 60000
	http.read.timeout.ms = 60000
	id.compatibility.strict = true
	key.schema.id.deserializer = class io.confluent.kafka.serializers.schema.id.DualSchemaIdDeserializer
	key.schema.id.serializer = class io.confluent.kafka.serializers.schema.id.PrefixSchemaIdSerializer
	key.subject.name.strategy = class io.confluent.kafka.serializers.subject.TopicNameStrategy
	latest.cache.size = 1000
	latest.cache.ttl.sec = -1
	latest.compatibility.strict = true
	max.retries = 3
	max.schemas.per.subject = 1000
	normalize.schemas = false
	propagate.schema.tags = false
	proxy.host = 
	proxy.port = -1
	retries.max.wait.ms = 20000
	retries.wait.ms = 1000
	rule.actions = []
	rule.executors = []
	rule.service.loader.enable = true
	schema.format = null
	schema.reflection = false
	schema.registry.basic.auth.user.info = [hidden]
	schema.registry.ssl.cipher.suites = null
	schema.registry.ssl.enabled.protocols = [TLSv1.2, TLSv1.3]
	schema.registry.ssl.endpoint.identification.algorithm = https
	schema.registry.ssl.engine.factory.class = null
	schema.registry.ssl.key.password = null
	schema.registry.ssl.keymanager.algorithm = SunX509
	schema.registry.ssl.keystore.certificate.chain = null
	schema.registry.ssl.keystore.key = null
	schema.registry.ssl.keystore.location = null
	schema.registry.ssl.keystore.password = null
	schema.registry.ssl.keystore.type = JKS
	schema.registry.ssl.protocol = TLSv1.3
	schema.registry.ssl.provider = null
	schema.registry.ssl.secure.random.implementation = null
	schema.registry.ssl.trustmanager.algorithm = PKIX
	schema.registry.ssl.truststore.certificates = null
	schema.registry.ssl.truststore.location = null
	schema.registry.ssl.truststore.password = null
	schema.registry.ssl.truststore.type = JKS
	schema.registry.url = [http://registry-app-pg17.apps.ci419.apicurio-testing.org:80/apis/ccompat/v7]
	schema.registry.url.randomize = false
	use.latest.version = false
	use.latest.with.metadata = null
	use.schema.id = -1
	value.schema.id.deserializer = class io.confluent.kafka.serializers.schema.id.DualSchemaIdDeserializer
	value.schema.id.serializer = class io.confluent.kafka.serializers.schema.id.PrefixSchemaIdSerializer
	value.subject.name.strategy = class io.confluent.kafka.serializers.subject.TopicNameStrategy

2025-08-12 14:53:24,014 INFO  [org.apa.kaf.cli.pro.KafkaProducer] (main) [Producer clientId=Producer-topic-249da691_a581_402a_bb39_d594dcee2f4c] Instantiated an idempotent producer.
2025-08-12 14:53:24,015 INFO  [org.apa.kaf.cli.pro.ProducerConfig] (main) These configurations '[schema.registry.url, auto.register.schemas, value.subject.name.strategy]' were supplied but are not used yet.
2025-08-12 14:53:24,015 INFO  [org.apa.kaf.com.uti.AppInfoParser] (main) Kafka version: 3.9.1
2025-08-12 14:53:24,015 INFO  [org.apa.kaf.com.uti.AppInfoParser] (main) Kafka commitId: f745dfdcee2b9851
2025-08-12 14:53:24,015 INFO  [org.apa.kaf.com.uti.AppInfoParser] (main) Kafka startTimeMs: 1755010404015
2025-08-12 14:53:24,015 INFO  [io.api.tes.ser.api.SimpleSerdesTesterBuilder$SimpleSerdesTester] (main) Using producer configuration: {schema.registry.url=http://registry-app-pg17.apps.ci419.apicurio-testing.org:80/apis/ccompat/v7, value.serializer=io.confluent.kafka.serializers.KafkaAvroSerializer, request.timeout.ms=5000, auto.register.schemas=false, acks=all, bootstrap.servers=PLAINTEXT://localhost:32769, connections.max.idle.ms=10000, key.serializer=org.apache.kafka.common.serialization.StringSerializer, value.subject.name.strategy=io.confluent.kafka.serializers.subject.TopicNameStrategy, client.id=Producer-topic-249da691_a581_402a_bb39_d594dcee2f4c}
2025-08-12 14:53:24,015 INFO  [io.api.tes.ser.api.SimpleSerdesTesterBuilder$SimpleSerdesTester] (main) Using consumer configuration: {}
2025-08-12 14:53:24,016 INFO  [io.api.tes.ser.api.KafkaSerdesTester] (Thread-879) Sending message {"key1": "value-0"} to topic topic-249da691_a581_402a_bb39_d594dcee2f4c
2025-08-12 14:53:24,018 INFO  [org.apa.kaf.cli.Metadata] (kafka-producer-network-thread | Producer-topic-249da691_a581_402a_bb39_d594dcee2f4c) [Producer clientId=Producer-topic-249da691_a581_402a_bb39_d594dcee2f4c] Cluster ID: 4oDFBklZQKWClKkNkfg_eQ
2025-08-12 14:53:24,018 INFO  [org.apa.kaf.cli.pro.int.TransactionManager] (kafka-producer-network-thread | Producer-topic-249da691_a581_402a_bb39_d594dcee2f4c) [Producer clientId=Producer-topic-249da691_a581_402a_bb39_d594dcee2f4c] ProducerId set to 50 with epoch 0
2025-08-12 14:53:24,089 INFO  [io.api.tes.ser.api.KafkaSerdesTester] (Thread-879) Sending message {"key1": "value-1"} to topic topic-249da691_a581_402a_bb39_d594dcee2f4c
2025-08-12 14:53:24,090 INFO  [io.api.tes.ser.api.KafkaSerdesTester] (Thread-879) Sending message {"key1": "value-2"} to topic topic-249da691_a581_402a_bb39_d594dcee2f4c
2025-08-12 14:53:24,091 INFO  [io.api.tes.ser.api.KafkaSerdesTester] (Thread-879) Sending message {"key1": "value-3"} to topic topic-249da691_a581_402a_bb39_d594dcee2f4c
2025-08-12 14:53:24,093 INFO  [io.api.tes.ser.api.KafkaSerdesTester] (Thread-879) Sending message {"key1": "value-4"} to topic topic-249da691_a581_402a_bb39_d594dcee2f4c
2025-08-12 14:53:24,093 INFO  [io.api.tes.ser.api.KafkaSerdesTester] (Thread-879) Sending message {"key1": "value-5"} to topic topic-249da691_a581_402a_bb39_d594dcee2f4c
2025-08-12 14:53:24,094 INFO  [io.api.tes.ser.api.KafkaSerdesTester] (Thread-879) Sending message {"key1": "value-6"} to topic topic-249da691_a581_402a_bb39_d594dcee2f4c
2025-08-12 14:53:24,095 INFO  [io.api.tes.ser.api.KafkaSerdesTester] (Thread-879) Sending message {"key1": "value-7"} to topic topic-249da691_a581_402a_bb39_d594dcee2f4c
2025-08-12 14:53:24,096 INFO  [io.api.tes.ser.api.KafkaSerdesTester] (Thread-879) Sending message {"key1": "value-8"} to topic topic-249da691_a581_402a_bb39_d594dcee2f4c
2025-08-12 14:53:24,097 INFO  [io.api.tes.ser.api.KafkaSerdesTester] (Thread-879) Sending message {"key1": "value-9"} to topic topic-249da691_a581_402a_bb39_d594dcee2f4c
2025-08-12 14:53:24,100 INFO  [io.api.tes.ser.api.KafkaSerdesTester] (Thread-879) Produced 10 messages
2025-08-12 14:53:24,100 INFO  [org.apa.kaf.cli.pro.KafkaProducer] (Thread-879) [Producer clientId=Producer-topic-249da691_a581_402a_bb39_d594dcee2f4c] Closing the Kafka producer with timeoutMillis = 9223372036854775807 ms.
2025-08-12 14:53:24,102 INFO  [org.apa.kaf.com.met.Metrics] (Thread-879) Metrics scheduler closed
2025-08-12 14:53:24,102 INFO  [org.apa.kaf.com.met.Metrics] (Thread-879) Closing reporter org.apache.kafka.common.metrics.JmxReporter
2025-08-12 14:53:24,102 INFO  [org.apa.kaf.com.met.Metrics] (Thread-879) Closing reporter org.apache.kafka.common.telemetry.internals.ClientTelemetryReporter
2025-08-12 14:53:24,102 INFO  [org.apa.kaf.com.met.Metrics] (Thread-879) Metrics reporters closed
2025-08-12 14:53:24,102 INFO  [org.apa.kaf.com.uti.AppInfoParser] (Thread-879) App info kafka.producer for Producer-topic-249da691_a581_402a_bb39_d594dcee2f4c unregistered
**** Registry Base URL: http://registry-app-pg17.apps.ci419.apicurio-testing.org:80
2025-08-12 14:53:24,103 INFO  [org.apa.kaf.cli.con.ConsumerConfig] (main) ConsumerConfig values: 
	allow.auto.create.topics = true
	auto.commit.interval.ms = 500
	auto.include.jmx.reporter = true
	auto.offset.reset = earliest
	bootstrap.servers = [PLAINTEXT://localhost:32769]
	check.crcs = true
	client.dns.lookup = use_all_dns_ips
	client.id = consumer-Consumer-topic-249da691_a581_402a_bb39_d594dcee2f4c-37
	client.rack = 
	connections.max.idle.ms = 10000
	default.api.timeout.ms = 60000
	enable.auto.commit = true
	enable.metrics.push = true
	exclude.internal.topics = true
	fetch.max.bytes = 52428800
	fetch.max.wait.ms = 500
	fetch.min.bytes = 1
	group.id = Consumer-topic-249da691_a581_402a_bb39_d594dcee2f4c
	group.instance.id = null
	group.protocol = classic
	group.remote.assignor = null
	heartbeat.interval.ms = 3000
	interceptor.classes = []
	internal.leave.group.on.close = true
	internal.throw.on.fetch.stable.offset.unsupported = false
	isolation.level = read_uncommitted
	key.deserializer = class org.apache.kafka.common.serialization.StringDeserializer
	max.partition.fetch.bytes = 1048576
	max.poll.interval.ms = 300000
	max.poll.records = 500
	metadata.max.age.ms = 300000
	metadata.recovery.strategy = none
	metric.reporters = []
	metrics.num.samples = 2
	metrics.recording.level = INFO
	metrics.sample.window.ms = 30000
	partition.assignment.strategy = [class org.apache.kafka.clients.consumer.RangeAssignor, class org.apache.kafka.clients.consumer.CooperativeStickyAssignor]
	receive.buffer.bytes = 65536
	reconnect.backoff.max.ms = 1000
	reconnect.backoff.ms = 50
	request.timeout.ms = 5000
	retry.backoff.max.ms = 1000
	retry.backoff.ms = 100
	sasl.client.callback.handler.class = null
	sasl.jaas.config = null
	sasl.kerberos.kinit.cmd = /usr/bin/kinit
	sasl.kerberos.min.time.before.relogin = 60000
	sasl.kerberos.service.name = null
	sasl.kerberos.ticket.renew.jitter = 0.05
	sasl.kerberos.ticket.renew.window.factor = 0.8
	sasl.login.callback.handler.class = null
	sasl.login.class = null
	sasl.login.connect.timeout.ms = null
	sasl.login.read.timeout.ms = null
	sasl.login.refresh.buffer.seconds = 300
	sasl.login.refresh.min.period.seconds = 60
	sasl.login.refresh.window.factor = 0.8
	sasl.login.refresh.window.jitter = 0.05
	sasl.login.retry.backoff.max.ms = 10000
	sasl.login.retry.backoff.ms = 100
	sasl.mechanism = GSSAPI
	sasl.oauthbearer.clock.skew.seconds = 30
	sasl.oauthbearer.expected.audience = null
	sasl.oauthbearer.expected.issuer = null
	sasl.oauthbearer.header.urlencode = false
	sasl.oauthbearer.jwks.endpoint.refresh.ms = 3600000
	sasl.oauthbearer.jwks.endpoint.retry.backoff.max.ms = 10000
	sasl.oauthbearer.jwks.endpoint.retry.backoff.ms = 100
	sasl.oauthbearer.jwks.endpoint.url = null
	sasl.oauthbearer.scope.claim.name = scope
	sasl.oauthbearer.sub.claim.name = sub
	sasl.oauthbearer.token.endpoint.url = null
	security.protocol = PLAINTEXT
	security.providers = null
	send.buffer.bytes = 131072
	session.timeout.ms = 45000
	socket.connection.setup.timeout.max.ms = 30000
	socket.connection.setup.timeout.ms = 10000
	ssl.cipher.suites = null
	ssl.enabled.protocols = [TLSv1.2, TLSv1.3]
	ssl.endpoint.identification.algorithm = https
	ssl.engine.factory.class = null
	ssl.key.password = null
	ssl.keymanager.algorithm = SunX509
	ssl.keystore.certificate.chain = null
	ssl.keystore.key = null
	ssl.keystore.location = null
	ssl.keystore.password = null
	ssl.keystore.type = JKS
	ssl.protocol = TLSv1.3
	ssl.provider = null
	ssl.secure.random.implementation = null
	ssl.trustmanager.algorithm = PKIX
	ssl.truststore.certificates = null
	ssl.truststore.location = null
	ssl.truststore.password = null
	ssl.truststore.type = JKS
	value.deserializer = class io.confluent.kafka.serializers.KafkaAvroDeserializer

2025-08-12 14:53:24,104 INFO  [org.apa.kaf.com.tel.int.KafkaMetricsCollector] (main) initializing Kafka metrics collector
2025-08-12 14:53:24,104 INFO  [io.con.kaf.ser.KafkaAvroDeserializerConfig] (main) KafkaAvroDeserializerConfig values: 
	auto.register.schemas = true
	avro.reflection.allow.null = false
	avro.use.logical.type.converters = false
	basic.auth.credentials.source = URL
	basic.auth.user.info = [hidden]
	bearer.auth.cache.expiry.buffer.seconds = 300
	bearer.auth.client.id = null
	bearer.auth.client.secret = null
	bearer.auth.credentials.source = STATIC_TOKEN
	bearer.auth.custom.provider.class = null
	bearer.auth.identity.pool.id = null
	bearer.auth.issuer.endpoint.url = null
	bearer.auth.logical.cluster = null
	bearer.auth.scope = null
	bearer.auth.scope.claim.name = scope
	bearer.auth.sub.claim.name = sub
	bearer.auth.token = [hidden]
	context.name.strategy = class io.confluent.kafka.serializers.context.NullContextNameStrategy
	http.connect.timeout.ms = 60000
	http.read.timeout.ms = 60000
	id.compatibility.strict = true
	key.schema.id.deserializer = class io.confluent.kafka.serializers.schema.id.DualSchemaIdDeserializer
	key.schema.id.serializer = class io.confluent.kafka.serializers.schema.id.PrefixSchemaIdSerializer
	key.subject.name.strategy = class io.confluent.kafka.serializers.subject.TopicNameStrategy
	latest.cache.size = 1000
	latest.cache.ttl.sec = -1
	latest.compatibility.strict = true
	max.retries = 3
	max.schemas.per.subject = 1000
	normalize.schemas = false
	propagate.schema.tags = false
	proxy.host = 
	proxy.port = -1
	retries.max.wait.ms = 20000
	retries.wait.ms = 1000
	rule.actions = []
	rule.executors = []
	rule.service.loader.enable = true
	schema.format = null
	schema.reflection = false
	schema.registry.basic.auth.user.info = [hidden]
	schema.registry.ssl.cipher.suites = null
	schema.registry.ssl.enabled.protocols = [TLSv1.2, TLSv1.3]
	schema.registry.ssl.endpoint.identification.algorithm = https
	schema.registry.ssl.engine.factory.class = null
	schema.registry.ssl.key.password = null
	schema.registry.ssl.keymanager.algorithm = SunX509
	schema.registry.ssl.keystore.certificate.chain = null
	schema.registry.ssl.keystore.key = null
	schema.registry.ssl.keystore.location = null
	schema.registry.ssl.keystore.password = null
	schema.registry.ssl.keystore.type = JKS
	schema.registry.ssl.protocol = TLSv1.3
	schema.registry.ssl.provider = null
	schema.registry.ssl.secure.random.implementation = null
	schema.registry.ssl.trustmanager.algorithm = PKIX
	schema.registry.ssl.truststore.certificates = null
	schema.registry.ssl.truststore.location = null
	schema.registry.ssl.truststore.password = null
	schema.registry.ssl.truststore.type = JKS
	schema.registry.url = [http://registry-app-pg17.apps.ci419.apicurio-testing.org:80/apis/ccompat/v7]
	schema.registry.url.randomize = false
	specific.avro.key.type = null
	specific.avro.reader = false
	specific.avro.value.type = null
	use.latest.version = false
	use.latest.with.metadata = null
	use.schema.id = -1
	value.schema.id.deserializer = class io.confluent.kafka.serializers.schema.id.DualSchemaIdDeserializer
	value.schema.id.serializer = class io.confluent.kafka.serializers.schema.id.PrefixSchemaIdSerializer
	value.subject.name.strategy = class io.confluent.kafka.serializers.subject.TopicNameStrategy

2025-08-12 14:53:24,107 INFO  [org.apa.kaf.cli.con.ConsumerConfig] (main) These configurations '[schema.registry.url]' were supplied but are not used yet.
2025-08-12 14:53:24,107 INFO  [org.apa.kaf.com.uti.AppInfoParser] (main) Kafka version: 3.9.1
2025-08-12 14:53:24,107 INFO  [org.apa.kaf.com.uti.AppInfoParser] (main) Kafka commitId: f745dfdcee2b9851
2025-08-12 14:53:24,107 INFO  [org.apa.kaf.com.uti.AppInfoParser] (main) Kafka startTimeMs: 1755010404107
2025-08-12 14:53:24,107 INFO  [org.apa.kaf.cli.con.int.ClassicKafkaConsumer] (Thread-880) [Consumer clientId=consumer-Consumer-topic-249da691_a581_402a_bb39_d594dcee2f4c-37, groupId=Consumer-topic-249da691_a581_402a_bb39_d594dcee2f4c] Subscribed to topic(s): topic-249da691_a581_402a_bb39_d594dcee2f4c
2025-08-12 14:53:24,109 INFO  [org.apa.kaf.cli.Metadata] (Thread-880) [Consumer clientId=consumer-Consumer-topic-249da691_a581_402a_bb39_d594dcee2f4c-37, groupId=Consumer-topic-249da691_a581_402a_bb39_d594dcee2f4c] Cluster ID: 4oDFBklZQKWClKkNkfg_eQ
2025-08-12 14:53:24,110 INFO  [org.apa.kaf.cli.con.int.ConsumerCoordinator] (Thread-880) [Consumer clientId=consumer-Consumer-topic-249da691_a581_402a_bb39_d594dcee2f4c-37, groupId=Consumer-topic-249da691_a581_402a_bb39_d594dcee2f4c] Discovered group coordinator localhost:32769 (id: 2147483647 rack: null)
2025-08-12 14:53:24,111 INFO  [org.apa.kaf.cli.con.int.ConsumerCoordinator] (Thread-880) [Consumer clientId=consumer-Consumer-topic-249da691_a581_402a_bb39_d594dcee2f4c-37, groupId=Consumer-topic-249da691_a581_402a_bb39_d594dcee2f4c] (Re-)joining group
2025-08-12 14:53:24,112 INFO  [org.apa.kaf.cli.con.int.ConsumerCoordinator] (Thread-880) [Consumer clientId=consumer-Consumer-topic-249da691_a581_402a_bb39_d594dcee2f4c-37, groupId=Consumer-topic-249da691_a581_402a_bb39_d594dcee2f4c] Request joining group due to: need to re-join with the given member-id: consumer-Consumer-topic-249da691_a581_402a_bb39_d594dcee2f4c-37-7a9cde2d-dd16-47af-9ee2-8ff170555529
2025-08-12 14:53:24,112 INFO  [org.apa.kaf.cli.con.int.ConsumerCoordinator] (Thread-880) [Consumer clientId=consumer-Consumer-topic-249da691_a581_402a_bb39_d594dcee2f4c-37, groupId=Consumer-topic-249da691_a581_402a_bb39_d594dcee2f4c] (Re-)joining group
2025-08-12 14:53:25,108 INFO  [io.api.tes.ser.api.KafkaSerdesTester] (Thread-880) None found
2025-08-12 14:53:26,109 INFO  [io.api.tes.ser.api.KafkaSerdesTester] (Thread-880) None found
2025-08-12 14:53:27,109 INFO  [io.api.tes.ser.api.KafkaSerdesTester] (Thread-880) None found
2025-08-12 14:53:27,113 INFO  [org.apa.kaf.cli.con.int.ConsumerCoordinator] (Thread-880) [Consumer clientId=consumer-Consumer-topic-249da691_a581_402a_bb39_d594dcee2f4c-37, groupId=Consumer-topic-249da691_a581_402a_bb39_d594dcee2f4c] Successfully joined group with generation Generation{generationId=1, memberId='consumer-Consumer-topic-249da691_a581_402a_bb39_d594dcee2f4c-37-7a9cde2d-dd16-47af-9ee2-8ff170555529', protocol='range'}
2025-08-12 14:53:27,113 INFO  [org.apa.kaf.cli.con.int.ConsumerCoordinator] (Thread-880) [Consumer clientId=consumer-Consumer-topic-249da691_a581_402a_bb39_d594dcee2f4c-37, groupId=Consumer-topic-249da691_a581_402a_bb39_d594dcee2f4c] Finished assignment for group at generation 1: {consumer-Consumer-topic-249da691_a581_402a_bb39_d594dcee2f4c-37-7a9cde2d-dd16-47af-9ee2-8ff170555529=Assignment(partitions=[topic-249da691_a581_402a_bb39_d594dcee2f4c-0])}
2025-08-12 14:53:27,120 INFO  [org.apa.kaf.cli.con.int.ConsumerCoordinator] (Thread-880) [Consumer clientId=consumer-Consumer-topic-249da691_a581_402a_bb39_d594dcee2f4c-37, groupId=Consumer-topic-249da691_a581_402a_bb39_d594dcee2f4c] Successfully synced group in generation Generation{generationId=1, memberId='consumer-Consumer-topic-249da691_a581_402a_bb39_d594dcee2f4c-37-7a9cde2d-dd16-47af-9ee2-8ff170555529', protocol='range'}
2025-08-12 14:53:27,120 INFO  [org.apa.kaf.cli.con.int.ConsumerCoordinator] (Thread-880) [Consumer clientId=consumer-Consumer-topic-249da691_a581_402a_bb39_d594dcee2f4c-37, groupId=Consumer-topic-249da691_a581_402a_bb39_d594dcee2f4c] Notifying assignor about the new Assignment(partitions=[topic-249da691_a581_402a_bb39_d594dcee2f4c-0])
2025-08-12 14:53:27,120 INFO  [org.apa.kaf.cli.con.int.ConsumerRebalanceListenerInvoker] (Thread-880) [Consumer clientId=consumer-Consumer-topic-249da691_a581_402a_bb39_d594dcee2f4c-37, groupId=Consumer-topic-249da691_a581_402a_bb39_d594dcee2f4c] Adding newly assigned partitions: topic-249da691_a581_402a_bb39_d594dcee2f4c-0
2025-08-12 14:53:27,121 INFO  [org.apa.kaf.cli.con.int.ConsumerCoordinator] (Thread-880) [Consumer clientId=consumer-Consumer-topic-249da691_a581_402a_bb39_d594dcee2f4c-37, groupId=Consumer-topic-249da691_a581_402a_bb39_d594dcee2f4c] Found no committed offset for partition topic-249da691_a581_402a_bb39_d594dcee2f4c-0
2025-08-12 14:53:27,123 INFO  [org.apa.kaf.cli.con.int.SubscriptionState] (Thread-880) [Consumer clientId=consumer-Consumer-topic-249da691_a581_402a_bb39_d594dcee2f4c-37, groupId=Consumer-topic-249da691_a581_402a_bb39_d594dcee2f4c] Resetting offset for partition topic-249da691_a581_402a_bb39_d594dcee2f4c-0 to position FetchPosition{offset=0, offsetEpoch=Optional.empty, currentLeader=LeaderAndEpoch{leader=Optional[localhost:32769 (id: 0 rack: null)], epoch=0}}.
2025-08-12 14:53:27,192 INFO  [io.api.tes.ser.api.KafkaSerdesTester] (Thread-880) topic-249da691_a581_402a_bb39_d594dcee2f4c 0 0 {"key1": "value-0"}
2025-08-12 14:53:27,192 INFO  [io.api.tes.ser.api.KafkaSerdesTester] (Thread-880) topic-249da691_a581_402a_bb39_d594dcee2f4c 0 1 {"key1": "value-1"}
2025-08-12 14:53:27,192 INFO  [io.api.tes.ser.api.KafkaSerdesTester] (Thread-880) topic-249da691_a581_402a_bb39_d594dcee2f4c 0 2 {"key1": "value-2"}
2025-08-12 14:53:27,192 INFO  [io.api.tes.ser.api.KafkaSerdesTester] (Thread-880) topic-249da691_a581_402a_bb39_d594dcee2f4c 0 3 {"key1": "value-3"}
2025-08-12 14:53:27,192 INFO  [io.api.tes.ser.api.KafkaSerdesTester] (Thread-880) topic-249da691_a581_402a_bb39_d594dcee2f4c 0 4 {"key1": "value-4"}
2025-08-12 14:53:27,192 INFO  [io.api.tes.ser.api.KafkaSerdesTester] (Thread-880) topic-249da691_a581_402a_bb39_d594dcee2f4c 0 5 {"key1": "value-5"}
2025-08-12 14:53:27,192 INFO  [io.api.tes.ser.api.KafkaSerdesTester] (Thread-880) topic-249da691_a581_402a_bb39_d594dcee2f4c 0 6 {"key1": "value-6"}
2025-08-12 14:53:27,192 INFO  [io.api.tes.ser.api.KafkaSerdesTester] (Thread-880) topic-249da691_a581_402a_bb39_d594dcee2f4c 0 7 {"key1": "value-7"}
2025-08-12 14:53:27,192 INFO  [io.api.tes.ser.api.KafkaSerdesTester] (Thread-880) topic-249da691_a581_402a_bb39_d594dcee2f4c 0 8 {"key1": "value-8"}
2025-08-12 14:53:27,192 INFO  [io.api.tes.ser.api.KafkaSerdesTester] (Thread-880) topic-249da691_a581_402a_bb39_d594dcee2f4c 0 9 {"key1": "value-9"}
2025-08-12 14:53:27,192 INFO  [io.api.tes.ser.api.KafkaSerdesTester] (Thread-880) Consumed 10 messages
2025-08-12 14:53:27,200 INFO  [org.apa.kaf.cli.con.int.ConsumerRebalanceListenerInvoker] (Thread-880) [Consumer clientId=consumer-Consumer-topic-249da691_a581_402a_bb39_d594dcee2f4c-37, groupId=Consumer-topic-249da691_a581_402a_bb39_d594dcee2f4c] Revoke previously assigned partitions topic-249da691_a581_402a_bb39_d594dcee2f4c-0
2025-08-12 14:53:27,200 INFO  [org.apa.kaf.cli.con.int.ConsumerCoordinator] (Thread-880) [Consumer clientId=consumer-Consumer-topic-249da691_a581_402a_bb39_d594dcee2f4c-37, groupId=Consumer-topic-249da691_a581_402a_bb39_d594dcee2f4c] Member consumer-Consumer-topic-249da691_a581_402a_bb39_d594dcee2f4c-37-7a9cde2d-dd16-47af-9ee2-8ff170555529 sending LeaveGroup request to coordinator localhost:32769 (id: 2147483647 rack: null) due to the consumer is being closed
2025-08-12 14:53:27,200 INFO  [org.apa.kaf.cli.con.int.ConsumerCoordinator] (Thread-880) [Consumer clientId=consumer-Consumer-topic-249da691_a581_402a_bb39_d594dcee2f4c-37, groupId=Consumer-topic-249da691_a581_402a_bb39_d594dcee2f4c] Resetting generation and member id due to: consumer pro-actively leaving the group
2025-08-12 14:53:27,200 INFO  [org.apa.kaf.cli.con.int.ConsumerCoordinator] (Thread-880) [Consumer clientId=consumer-Consumer-topic-249da691_a581_402a_bb39_d594dcee2f4c-37, groupId=Consumer-topic-249da691_a581_402a_bb39_d594dcee2f4c] Request joining group due to: consumer pro-actively leaving the group
2025-08-12 14:53:27,694 INFO  [org.apa.kaf.com.met.Metrics] (Thread-880) Metrics scheduler closed
2025-08-12 14:53:27,694 INFO  [org.apa.kaf.com.met.Metrics] (Thread-880) Closing reporter org.apache.kafka.common.metrics.JmxReporter
2025-08-12 14:53:27,694 INFO  [org.apa.kaf.com.met.Metrics] (Thread-880) Closing reporter org.apache.kafka.common.telemetry.internals.ClientTelemetryReporter
2025-08-12 14:53:27,694 INFO  [org.apa.kaf.com.met.Metrics] (Thread-880) Metrics reporters closed
2025-08-12 14:53:27,696 INFO  [org.apa.kaf.com.uti.AppInfoParser] (Thread-880) App info kafka.consumer for consumer-Consumer-topic-249da691_a581_402a_bb39_d594dcee2f4c-37 unregistered
2025-08-12 14:53:27,830 INFO  [io.api.tes.ser.con.BasicConfluentSerDesIT] (main) Deleting confluent schema topic-249da691_a581_402a_bb39_d594dcee2f4c-value
2025-08-12 14:53:27,891 INFO  [io.api.tes.uti.TestSeparator] (main) io.apicurio.tests.serdes.confluent.BasicConfluentSerDesIT.testAvroConfluentSerDes-FINISHED
2025-08-12 14:53:27,891 INFO  [io.api.tes.uti.TestSeparator] (main) ############################################################################
Test passed: testAvroConfluentSerDes
]]></system-out>
  </testcase>
  <testcase name="testAvroConfluentForMultipleTopics" classname="io.apicurio.tests.serdes.confluent.BasicConfluentSerDesIT" time="12.251">
    <system-out><![CDATA[2025-08-12 14:53:27,892 INFO  [io.api.tes.uti.TestSeparator] (main) ############################################################################
2025-08-12 14:53:27,892 INFO  [io.api.tes.uti.TestSeparator] (main) io.apicurio.tests.serdes.confluent.BasicConfluentSerDesIT.testAvroConfluentForMultipleTopics-STARTED
2025-08-12 14:53:28,040 INFO  [io.api.tes.ser.con.BasicConfluentSerDesIT] (main) Checking that created schema is equal to the get schema
2025-08-12 14:53:28,107 INFO  [io.api.tes.ser.con.BasicConfluentSerDesIT] (main) Created schema with id:51 and name:myrecordconfluent6
**** Registry Base URL: http://registry-app-pg17.apps.ci419.apicurio-testing.org:80
2025-08-12 14:53:28,108 INFO  [org.apa.kaf.cli.pro.ProducerConfig] (main) ProducerConfig values: 
	acks = -1
	auto.include.jmx.reporter = true
	batch.size = 16384
	bootstrap.servers = [PLAINTEXT://localhost:32769]
	buffer.memory = 33554432
	client.dns.lookup = use_all_dns_ips
	client.id = Producer-topic-4d0a6e10_2660_4c5e_bb7a_8174046d4214
	compression.gzip.level = -1
	compression.lz4.level = 9
	compression.type = none
	compression.zstd.level = 3
	connections.max.idle.ms = 10000
	delivery.timeout.ms = 120000
	enable.idempotence = true
	enable.metrics.push = true
	interceptor.classes = []
	key.serializer = class org.apache.kafka.common.serialization.StringSerializer
	linger.ms = 0
	max.block.ms = 60000
	max.in.flight.requests.per.connection = 5
	max.request.size = 1048576
	metadata.max.age.ms = 300000
	metadata.max.idle.ms = 300000
	metadata.recovery.strategy = none
	metric.reporters = []
	metrics.num.samples = 2
	metrics.recording.level = INFO
	metrics.sample.window.ms = 30000
	partitioner.adaptive.partitioning.enable = true
	partitioner.availability.timeout.ms = 0
	partitioner.class = null
	partitioner.ignore.keys = false
	receive.buffer.bytes = 32768
	reconnect.backoff.max.ms = 1000
	reconnect.backoff.ms = 50
	request.timeout.ms = 5000
	retries = 2147483647
	retry.backoff.max.ms = 1000
	retry.backoff.ms = 100
	sasl.client.callback.handler.class = null
	sasl.jaas.config = null
	sasl.kerberos.kinit.cmd = /usr/bin/kinit
	sasl.kerberos.min.time.before.relogin = 60000
	sasl.kerberos.service.name = null
	sasl.kerberos.ticket.renew.jitter = 0.05
	sasl.kerberos.ticket.renew.window.factor = 0.8
	sasl.login.callback.handler.class = null
	sasl.login.class = null
	sasl.login.connect.timeout.ms = null
	sasl.login.read.timeout.ms = null
	sasl.login.refresh.buffer.seconds = 300
	sasl.login.refresh.min.period.seconds = 60
	sasl.login.refresh.window.factor = 0.8
	sasl.login.refresh.window.jitter = 0.05
	sasl.login.retry.backoff.max.ms = 10000
	sasl.login.retry.backoff.ms = 100
	sasl.mechanism = GSSAPI
	sasl.oauthbearer.clock.skew.seconds = 30
	sasl.oauthbearer.expected.audience = null
	sasl.oauthbearer.expected.issuer = null
	sasl.oauthbearer.header.urlencode = false
	sasl.oauthbearer.jwks.endpoint.refresh.ms = 3600000
	sasl.oauthbearer.jwks.endpoint.retry.backoff.max.ms = 10000
	sasl.oauthbearer.jwks.endpoint.retry.backoff.ms = 100
	sasl.oauthbearer.jwks.endpoint.url = null
	sasl.oauthbearer.scope.claim.name = scope
	sasl.oauthbearer.sub.claim.name = sub
	sasl.oauthbearer.token.endpoint.url = null
	security.protocol = PLAINTEXT
	security.providers = null
	send.buffer.bytes = 131072
	socket.connection.setup.timeout.max.ms = 30000
	socket.connection.setup.timeout.ms = 10000
	ssl.cipher.suites = null
	ssl.enabled.protocols = [TLSv1.2, TLSv1.3]
	ssl.endpoint.identification.algorithm = https
	ssl.engine.factory.class = null
	ssl.key.password = null
	ssl.keymanager.algorithm = SunX509
	ssl.keystore.certificate.chain = null
	ssl.keystore.key = null
	ssl.keystore.location = null
	ssl.keystore.password = null
	ssl.keystore.type = JKS
	ssl.protocol = TLSv1.3
	ssl.provider = null
	ssl.secure.random.implementation = null
	ssl.trustmanager.algorithm = PKIX
	ssl.truststore.certificates = null
	ssl.truststore.location = null
	ssl.truststore.password = null
	ssl.truststore.type = JKS
	transaction.timeout.ms = 60000
	transactional.id = null
	value.serializer = class io.apicurio.registry.serde.avro.AvroKafkaSerializer

2025-08-12 14:53:28,108 INFO  [org.apa.kaf.com.tel.int.KafkaMetricsCollector] (main) initializing Kafka metrics collector
2025-08-12 14:53:28,111 INFO  [org.apa.kaf.cli.pro.KafkaProducer] (main) [Producer clientId=Producer-topic-4d0a6e10_2660_4c5e_bb7a_8174046d4214] Instantiated an idempotent producer.
2025-08-12 14:53:28,112 INFO  [org.apa.kaf.cli.pro.ProducerConfig] (main) These configurations '[apicurio.registry.url, apicurio.registry.artifact-resolver-strategy]' were supplied but are not used yet.
2025-08-12 14:53:28,112 INFO  [org.apa.kaf.com.uti.AppInfoParser] (main) Kafka version: 3.9.1
2025-08-12 14:53:28,112 INFO  [org.apa.kaf.com.uti.AppInfoParser] (main) Kafka commitId: f745dfdcee2b9851
2025-08-12 14:53:28,112 INFO  [org.apa.kaf.com.uti.AppInfoParser] (main) Kafka startTimeMs: 1755010408112
**** Registry Base URL: http://registry-app-pg17.apps.ci419.apicurio-testing.org:80
2025-08-12 14:53:28,112 INFO  [org.apa.kaf.cli.pro.ProducerConfig] (main) ProducerConfig values: 
	acks = -1
	auto.include.jmx.reporter = true
	batch.size = 16384
	bootstrap.servers = [PLAINTEXT://localhost:32769]
	buffer.memory = 33554432
	client.dns.lookup = use_all_dns_ips
	client.id = Producer-topic-e2993477_e641_4b4f_8620_bcf90ffa9483
	compression.gzip.level = -1
	compression.lz4.level = 9
	compression.type = none
	compression.zstd.level = 3
	connections.max.idle.ms = 10000
	delivery.timeout.ms = 120000
	enable.idempotence = true
	enable.metrics.push = true
	interceptor.classes = []
	key.serializer = class org.apache.kafka.common.serialization.StringSerializer
	linger.ms = 0
	max.block.ms = 60000
	max.in.flight.requests.per.connection = 5
	max.request.size = 1048576
	metadata.max.age.ms = 300000
	metadata.max.idle.ms = 300000
	metadata.recovery.strategy = none
	metric.reporters = []
	metrics.num.samples = 2
	metrics.recording.level = INFO
	metrics.sample.window.ms = 30000
	partitioner.adaptive.partitioning.enable = true
	partitioner.availability.timeout.ms = 0
	partitioner.class = null
	partitioner.ignore.keys = false
	receive.buffer.bytes = 32768
	reconnect.backoff.max.ms = 1000
	reconnect.backoff.ms = 50
	request.timeout.ms = 5000
	retries = 2147483647
	retry.backoff.max.ms = 1000
	retry.backoff.ms = 100
	sasl.client.callback.handler.class = null
	sasl.jaas.config = null
	sasl.kerberos.kinit.cmd = /usr/bin/kinit
	sasl.kerberos.min.time.before.relogin = 60000
	sasl.kerberos.service.name = null
	sasl.kerberos.ticket.renew.jitter = 0.05
	sasl.kerberos.ticket.renew.window.factor = 0.8
	sasl.login.callback.handler.class = null
	sasl.login.class = null
	sasl.login.connect.timeout.ms = null
	sasl.login.read.timeout.ms = null
	sasl.login.refresh.buffer.seconds = 300
	sasl.login.refresh.min.period.seconds = 60
	sasl.login.refresh.window.factor = 0.8
	sasl.login.refresh.window.jitter = 0.05
	sasl.login.retry.backoff.max.ms = 10000
	sasl.login.retry.backoff.ms = 100
	sasl.mechanism = GSSAPI
	sasl.oauthbearer.clock.skew.seconds = 30
	sasl.oauthbearer.expected.audience = null
	sasl.oauthbearer.expected.issuer = null
	sasl.oauthbearer.header.urlencode = false
	sasl.oauthbearer.jwks.endpoint.refresh.ms = 3600000
	sasl.oauthbearer.jwks.endpoint.retry.backoff.max.ms = 10000
	sasl.oauthbearer.jwks.endpoint.retry.backoff.ms = 100
	sasl.oauthbearer.jwks.endpoint.url = null
	sasl.oauthbearer.scope.claim.name = scope
	sasl.oauthbearer.sub.claim.name = sub
	sasl.oauthbearer.token.endpoint.url = null
	security.protocol = PLAINTEXT
	security.providers = null
	send.buffer.bytes = 131072
	socket.connection.setup.timeout.max.ms = 30000
	socket.connection.setup.timeout.ms = 10000
	ssl.cipher.suites = null
	ssl.enabled.protocols = [TLSv1.2, TLSv1.3]
	ssl.endpoint.identification.algorithm = https
	ssl.engine.factory.class = null
	ssl.key.password = null
	ssl.keymanager.algorithm = SunX509
	ssl.keystore.certificate.chain = null
	ssl.keystore.key = null
	ssl.keystore.location = null
	ssl.keystore.password = null
	ssl.keystore.type = JKS
	ssl.protocol = TLSv1.3
	ssl.provider = null
	ssl.secure.random.implementation = null
	ssl.trustmanager.algorithm = PKIX
	ssl.truststore.certificates = null
	ssl.truststore.location = null
	ssl.truststore.password = null
	ssl.truststore.type = JKS
	transaction.timeout.ms = 60000
	transactional.id = null
	value.serializer = class io.apicurio.registry.serde.avro.AvroKafkaSerializer

2025-08-12 14:53:28,112 INFO  [org.apa.kaf.com.tel.int.KafkaMetricsCollector] (main) initializing Kafka metrics collector
2025-08-12 14:53:28,115 INFO  [org.apa.kaf.cli.Metadata] (kafka-producer-network-thread | Producer-topic-4d0a6e10_2660_4c5e_bb7a_8174046d4214) [Producer clientId=Producer-topic-4d0a6e10_2660_4c5e_bb7a_8174046d4214] Cluster ID: 4oDFBklZQKWClKkNkfg_eQ
2025-08-12 14:53:28,117 INFO  [org.apa.kaf.cli.pro.KafkaProducer] (main) [Producer clientId=Producer-topic-e2993477_e641_4b4f_8620_bcf90ffa9483] Instantiated an idempotent producer.
2025-08-12 14:53:28,119 INFO  [org.apa.kaf.cli.pro.int.TransactionManager] (kafka-producer-network-thread | Producer-topic-4d0a6e10_2660_4c5e_bb7a_8174046d4214) [Producer clientId=Producer-topic-4d0a6e10_2660_4c5e_bb7a_8174046d4214] ProducerId set to 51 with epoch 0
2025-08-12 14:53:28,119 INFO  [org.apa.kaf.cli.pro.ProducerConfig] (main) These configurations '[apicurio.registry.url, apicurio.registry.artifact-resolver-strategy]' were supplied but are not used yet.
2025-08-12 14:53:28,120 INFO  [org.apa.kaf.com.uti.AppInfoParser] (main) Kafka version: 3.9.1
2025-08-12 14:53:28,120 INFO  [org.apa.kaf.com.uti.AppInfoParser] (main) Kafka commitId: f745dfdcee2b9851
2025-08-12 14:53:28,120 INFO  [org.apa.kaf.com.uti.AppInfoParser] (main) Kafka startTimeMs: 1755010408119
**** Registry Base URL: http://registry-app-pg17.apps.ci419.apicurio-testing.org:80
2025-08-12 14:53:28,120 INFO  [org.apa.kaf.cli.pro.ProducerConfig] (main) ProducerConfig values: 
	acks = -1
	auto.include.jmx.reporter = true
	batch.size = 16384
	bootstrap.servers = [PLAINTEXT://localhost:32769]
	buffer.memory = 33554432
	client.dns.lookup = use_all_dns_ips
	client.id = Producer-topic-6edafb71_9b24_4735_9840_5241124d6cb9
	compression.gzip.level = -1
	compression.lz4.level = 9
	compression.type = none
	compression.zstd.level = 3
	connections.max.idle.ms = 10000
	delivery.timeout.ms = 120000
	enable.idempotence = true
	enable.metrics.push = true
	interceptor.classes = []
	key.serializer = class org.apache.kafka.common.serialization.StringSerializer
	linger.ms = 0
	max.block.ms = 60000
	max.in.flight.requests.per.connection = 5
	max.request.size = 1048576
	metadata.max.age.ms = 300000
	metadata.max.idle.ms = 300000
	metadata.recovery.strategy = none
	metric.reporters = []
	metrics.num.samples = 2
	metrics.recording.level = INFO
	metrics.sample.window.ms = 30000
	partitioner.adaptive.partitioning.enable = true
	partitioner.availability.timeout.ms = 0
	partitioner.class = null
	partitioner.ignore.keys = false
	receive.buffer.bytes = 32768
	reconnect.backoff.max.ms = 1000
	reconnect.backoff.ms = 50
	request.timeout.ms = 5000
	retries = 2147483647
	retry.backoff.max.ms = 1000
	retry.backoff.ms = 100
	sasl.client.callback.handler.class = null
	sasl.jaas.config = null
	sasl.kerberos.kinit.cmd = /usr/bin/kinit
	sasl.kerberos.min.time.before.relogin = 60000
	sasl.kerberos.service.name = null
	sasl.kerberos.ticket.renew.jitter = 0.05
	sasl.kerberos.ticket.renew.window.factor = 0.8
	sasl.login.callback.handler.class = null
	sasl.login.class = null
	sasl.login.connect.timeout.ms = null
	sasl.login.read.timeout.ms = null
	sasl.login.refresh.buffer.seconds = 300
	sasl.login.refresh.min.period.seconds = 60
	sasl.login.refresh.window.factor = 0.8
	sasl.login.refresh.window.jitter = 0.05
	sasl.login.retry.backoff.max.ms = 10000
	sasl.login.retry.backoff.ms = 100
	sasl.mechanism = GSSAPI
	sasl.oauthbearer.clock.skew.seconds = 30
	sasl.oauthbearer.expected.audience = null
	sasl.oauthbearer.expected.issuer = null
	sasl.oauthbearer.header.urlencode = false
	sasl.oauthbearer.jwks.endpoint.refresh.ms = 3600000
	sasl.oauthbearer.jwks.endpoint.retry.backoff.max.ms = 10000
	sasl.oauthbearer.jwks.endpoint.retry.backoff.ms = 100
	sasl.oauthbearer.jwks.endpoint.url = null
	sasl.oauthbearer.scope.claim.name = scope
	sasl.oauthbearer.sub.claim.name = sub
	sasl.oauthbearer.token.endpoint.url = null
	security.protocol = PLAINTEXT
	security.providers = null
	send.buffer.bytes = 131072
	socket.connection.setup.timeout.max.ms = 30000
	socket.connection.setup.timeout.ms = 10000
	ssl.cipher.suites = null
	ssl.enabled.protocols = [TLSv1.2, TLSv1.3]
	ssl.endpoint.identification.algorithm = https
	ssl.engine.factory.class = null
	ssl.key.password = null
	ssl.keymanager.algorithm = SunX509
	ssl.keystore.certificate.chain = null
	ssl.keystore.key = null
	ssl.keystore.location = null
	ssl.keystore.password = null
	ssl.keystore.type = JKS
	ssl.protocol = TLSv1.3
	ssl.provider = null
	ssl.secure.random.implementation = null
	ssl.trustmanager.algorithm = PKIX
	ssl.truststore.certificates = null
	ssl.truststore.location = null
	ssl.truststore.password = null
	ssl.truststore.type = JKS
	transaction.timeout.ms = 60000
	transactional.id = null
	value.serializer = class io.apicurio.registry.serde.avro.AvroKafkaSerializer

2025-08-12 14:53:28,121 INFO  [org.apa.kaf.com.tel.int.KafkaMetricsCollector] (main) initializing Kafka metrics collector
2025-08-12 14:53:28,121 INFO  [org.apa.kaf.cli.Metadata] (kafka-producer-network-thread | Producer-topic-e2993477_e641_4b4f_8620_bcf90ffa9483) [Producer clientId=Producer-topic-e2993477_e641_4b4f_8620_bcf90ffa9483] Cluster ID: 4oDFBklZQKWClKkNkfg_eQ
2025-08-12 14:53:28,122 INFO  [org.apa.kaf.cli.pro.int.TransactionManager] (kafka-producer-network-thread | Producer-topic-e2993477_e641_4b4f_8620_bcf90ffa9483) [Producer clientId=Producer-topic-e2993477_e641_4b4f_8620_bcf90ffa9483] ProducerId set to 52 with epoch 0
2025-08-12 14:53:28,125 INFO  [org.apa.kaf.cli.pro.KafkaProducer] (main) [Producer clientId=Producer-topic-6edafb71_9b24_4735_9840_5241124d6cb9] Instantiated an idempotent producer.
2025-08-12 14:53:28,127 INFO  [org.apa.kaf.cli.pro.ProducerConfig] (main) These configurations '[apicurio.registry.url, apicurio.registry.artifact-resolver-strategy]' were supplied but are not used yet.
2025-08-12 14:53:28,127 INFO  [org.apa.kaf.com.uti.AppInfoParser] (main) Kafka version: 3.9.1
2025-08-12 14:53:28,127 INFO  [org.apa.kaf.com.uti.AppInfoParser] (main) Kafka commitId: f745dfdcee2b9851
2025-08-12 14:53:28,127 INFO  [org.apa.kaf.com.uti.AppInfoParser] (main) Kafka startTimeMs: 1755010408127
**** Registry Base URL: http://registry-app-pg17.apps.ci419.apicurio-testing.org:80
2025-08-12 14:53:28,127 INFO  [org.apa.kaf.cli.con.ConsumerConfig] (main) ConsumerConfig values: 
	allow.auto.create.topics = true
	auto.commit.interval.ms = 500
	auto.include.jmx.reporter = true
	auto.offset.reset = earliest
	bootstrap.servers = [PLAINTEXT://localhost:32769]
	check.crcs = true
	client.dns.lookup = use_all_dns_ips
	client.id = consumer-Consumer-topic-4d0a6e10_2660_4c5e_bb7a_8174046d4214-38
	client.rack = 
	connections.max.idle.ms = 10000
	default.api.timeout.ms = 60000
	enable.auto.commit = true
	enable.metrics.push = true
	exclude.internal.topics = true
	fetch.max.bytes = 52428800
	fetch.max.wait.ms = 500
	fetch.min.bytes = 1
	group.id = Consumer-topic-4d0a6e10_2660_4c5e_bb7a_8174046d4214
	group.instance.id = null
	group.protocol = classic
	group.remote.assignor = null
	heartbeat.interval.ms = 3000
	interceptor.classes = []
	internal.leave.group.on.close = true
	internal.throw.on.fetch.stable.offset.unsupported = false
	isolation.level = read_uncommitted
	key.deserializer = class org.apache.kafka.common.serialization.StringDeserializer
	max.partition.fetch.bytes = 1048576
	max.poll.interval.ms = 300000
	max.poll.records = 500
	metadata.max.age.ms = 300000
	metadata.recovery.strategy = none
	metric.reporters = []
	metrics.num.samples = 2
	metrics.recording.level = INFO
	metrics.sample.window.ms = 30000
	partition.assignment.strategy = [class org.apache.kafka.clients.consumer.RangeAssignor, class org.apache.kafka.clients.consumer.CooperativeStickyAssignor]
	receive.buffer.bytes = 65536
	reconnect.backoff.max.ms = 1000
	reconnect.backoff.ms = 50
	request.timeout.ms = 5000
	retry.backoff.max.ms = 1000
	retry.backoff.ms = 100
	sasl.client.callback.handler.class = null
	sasl.jaas.config = null
	sasl.kerberos.kinit.cmd = /usr/bin/kinit
	sasl.kerberos.min.time.before.relogin = 60000
	sasl.kerberos.service.name = null
	sasl.kerberos.ticket.renew.jitter = 0.05
	sasl.kerberos.ticket.renew.window.factor = 0.8
	sasl.login.callback.handler.class = null
	sasl.login.class = null
	sasl.login.connect.timeout.ms = null
	sasl.login.read.timeout.ms = null
	sasl.login.refresh.buffer.seconds = 300
	sasl.login.refresh.min.period.seconds = 60
	sasl.login.refresh.window.factor = 0.8
	sasl.login.refresh.window.jitter = 0.05
	sasl.login.retry.backoff.max.ms = 10000
	sasl.login.retry.backoff.ms = 100
	sasl.mechanism = GSSAPI
	sasl.oauthbearer.clock.skew.seconds = 30
	sasl.oauthbearer.expected.audience = null
	sasl.oauthbearer.expected.issuer = null
	sasl.oauthbearer.header.urlencode = false
	sasl.oauthbearer.jwks.endpoint.refresh.ms = 3600000
	sasl.oauthbearer.jwks.endpoint.retry.backoff.max.ms = 10000
	sasl.oauthbearer.jwks.endpoint.retry.backoff.ms = 100
	sasl.oauthbearer.jwks.endpoint.url = null
	sasl.oauthbearer.scope.claim.name = scope
	sasl.oauthbearer.sub.claim.name = sub
	sasl.oauthbearer.token.endpoint.url = null
	security.protocol = PLAINTEXT
	security.providers = null
	send.buffer.bytes = 131072
	session.timeout.ms = 45000
	socket.connection.setup.timeout.max.ms = 30000
	socket.connection.setup.timeout.ms = 10000
	ssl.cipher.suites = null
	ssl.enabled.protocols = [TLSv1.2, TLSv1.3]
	ssl.endpoint.identification.algorithm = https
	ssl.engine.factory.class = null
	ssl.key.password = null
	ssl.keymanager.algorithm = SunX509
	ssl.keystore.certificate.chain = null
	ssl.keystore.key = null
	ssl.keystore.location = null
	ssl.keystore.password = null
	ssl.keystore.type = JKS
	ssl.protocol = TLSv1.3
	ssl.provider = null
	ssl.secure.random.implementation = null
	ssl.trustmanager.algorithm = PKIX
	ssl.truststore.certificates = null
	ssl.truststore.location = null
	ssl.truststore.password = null
	ssl.truststore.type = JKS
	value.deserializer = class io.apicurio.registry.serde.avro.AvroKafkaDeserializer

2025-08-12 14:53:28,127 INFO  [org.apa.kaf.com.tel.int.KafkaMetricsCollector] (main) initializing Kafka metrics collector
2025-08-12 14:53:28,132 INFO  [org.apa.kaf.cli.Metadata] (kafka-producer-network-thread | Producer-topic-6edafb71_9b24_4735_9840_5241124d6cb9) [Producer clientId=Producer-topic-6edafb71_9b24_4735_9840_5241124d6cb9] Cluster ID: 4oDFBklZQKWClKkNkfg_eQ
2025-08-12 14:53:28,133 INFO  [org.apa.kaf.cli.pro.int.TransactionManager] (kafka-producer-network-thread | Producer-topic-6edafb71_9b24_4735_9840_5241124d6cb9) [Producer clientId=Producer-topic-6edafb71_9b24_4735_9840_5241124d6cb9] ProducerId set to 53 with epoch 0
2025-08-12 14:53:28,152 INFO  [org.apa.kaf.cli.con.ConsumerConfig] (main) These configurations '[apicurio.registry.url]' were supplied but are not used yet.
2025-08-12 14:53:28,152 INFO  [org.apa.kaf.com.uti.AppInfoParser] (main) Kafka version: 3.9.1
2025-08-12 14:53:28,152 INFO  [org.apa.kaf.com.uti.AppInfoParser] (main) Kafka commitId: f745dfdcee2b9851
2025-08-12 14:53:28,152 INFO  [org.apa.kaf.com.uti.AppInfoParser] (main) Kafka startTimeMs: 1755010408152
**** Registry Base URL: http://registry-app-pg17.apps.ci419.apicurio-testing.org:80
2025-08-12 14:53:28,153 INFO  [org.apa.kaf.cli.con.ConsumerConfig] (main) ConsumerConfig values: 
	allow.auto.create.topics = true
	auto.commit.interval.ms = 500
	auto.include.jmx.reporter = true
	auto.offset.reset = earliest
	bootstrap.servers = [PLAINTEXT://localhost:32769]
	check.crcs = true
	client.dns.lookup = use_all_dns_ips
	client.id = consumer-Consumer-topic-e2993477_e641_4b4f_8620_bcf90ffa9483-39
	client.rack = 
	connections.max.idle.ms = 10000
	default.api.timeout.ms = 60000
	enable.auto.commit = true
	enable.metrics.push = true
	exclude.internal.topics = true
	fetch.max.bytes = 52428800
	fetch.max.wait.ms = 500
	fetch.min.bytes = 1
	group.id = Consumer-topic-e2993477_e641_4b4f_8620_bcf90ffa9483
	group.instance.id = null
	group.protocol = classic
	group.remote.assignor = null
	heartbeat.interval.ms = 3000
	interceptor.classes = []
	internal.leave.group.on.close = true
	internal.throw.on.fetch.stable.offset.unsupported = false
	isolation.level = read_uncommitted
	key.deserializer = class org.apache.kafka.common.serialization.StringDeserializer
	max.partition.fetch.bytes = 1048576
	max.poll.interval.ms = 300000
	max.poll.records = 500
	metadata.max.age.ms = 300000
	metadata.recovery.strategy = none
	metric.reporters = []
	metrics.num.samples = 2
	metrics.recording.level = INFO
	metrics.sample.window.ms = 30000
	partition.assignment.strategy = [class org.apache.kafka.clients.consumer.RangeAssignor, class org.apache.kafka.clients.consumer.CooperativeStickyAssignor]
	receive.buffer.bytes = 65536
	reconnect.backoff.max.ms = 1000
	reconnect.backoff.ms = 50
	request.timeout.ms = 5000
	retry.backoff.max.ms = 1000
	retry.backoff.ms = 100
	sasl.client.callback.handler.class = null
	sasl.jaas.config = null
	sasl.kerberos.kinit.cmd = /usr/bin/kinit
	sasl.kerberos.min.time.before.relogin = 60000
	sasl.kerberos.service.name = null
	sasl.kerberos.ticket.renew.jitter = 0.05
	sasl.kerberos.ticket.renew.window.factor = 0.8
	sasl.login.callback.handler.class = null
	sasl.login.class = null
	sasl.login.connect.timeout.ms = null
	sasl.login.read.timeout.ms = null
	sasl.login.refresh.buffer.seconds = 300
	sasl.login.refresh.min.period.seconds = 60
	sasl.login.refresh.window.factor = 0.8
	sasl.login.refresh.window.jitter = 0.05
	sasl.login.retry.backoff.max.ms = 10000
	sasl.login.retry.backoff.ms = 100
	sasl.mechanism = GSSAPI
	sasl.oauthbearer.clock.skew.seconds = 30
	sasl.oauthbearer.expected.audience = null
	sasl.oauthbearer.expected.issuer = null
	sasl.oauthbearer.header.urlencode = false
	sasl.oauthbearer.jwks.endpoint.refresh.ms = 3600000
	sasl.oauthbearer.jwks.endpoint.retry.backoff.max.ms = 10000
	sasl.oauthbearer.jwks.endpoint.retry.backoff.ms = 100
	sasl.oauthbearer.jwks.endpoint.url = null
	sasl.oauthbearer.scope.claim.name = scope
	sasl.oauthbearer.sub.claim.name = sub
	sasl.oauthbearer.token.endpoint.url = null
	security.protocol = PLAINTEXT
	security.providers = null
	send.buffer.bytes = 131072
	session.timeout.ms = 45000
	socket.connection.setup.timeout.max.ms = 30000
	socket.connection.setup.timeout.ms = 10000
	ssl.cipher.suites = null
	ssl.enabled.protocols = [TLSv1.2, TLSv1.3]
	ssl.endpoint.identification.algorithm = https
	ssl.engine.factory.class = null
	ssl.key.password = null
	ssl.keymanager.algorithm = SunX509
	ssl.keystore.certificate.chain = null
	ssl.keystore.key = null
	ssl.keystore.location = null
	ssl.keystore.password = null
	ssl.keystore.type = JKS
	ssl.protocol = TLSv1.3
	ssl.provider = null
	ssl.secure.random.implementation = null
	ssl.trustmanager.algorithm = PKIX
	ssl.truststore.certificates = null
	ssl.truststore.location = null
	ssl.truststore.password = null
	ssl.truststore.type = JKS
	value.deserializer = class io.apicurio.registry.serde.avro.AvroKafkaDeserializer

2025-08-12 14:53:28,154 INFO  [org.apa.kaf.com.tel.int.KafkaMetricsCollector] (main) initializing Kafka metrics collector
2025-08-12 14:53:28,159 INFO  [org.apa.kaf.cli.con.ConsumerConfig] (main) These configurations '[apicurio.registry.url]' were supplied but are not used yet.
2025-08-12 14:53:28,159 INFO  [org.apa.kaf.com.uti.AppInfoParser] (main) Kafka version: 3.9.1
2025-08-12 14:53:28,159 INFO  [org.apa.kaf.com.uti.AppInfoParser] (main) Kafka commitId: f745dfdcee2b9851
2025-08-12 14:53:28,159 INFO  [org.apa.kaf.com.uti.AppInfoParser] (main) Kafka startTimeMs: 1755010408159
**** Registry Base URL: http://registry-app-pg17.apps.ci419.apicurio-testing.org:80
2025-08-12 14:53:28,160 INFO  [org.apa.kaf.cli.con.ConsumerConfig] (main) ConsumerConfig values: 
	allow.auto.create.topics = true
	auto.commit.interval.ms = 500
	auto.include.jmx.reporter = true
	auto.offset.reset = earliest
	bootstrap.servers = [PLAINTEXT://localhost:32769]
	check.crcs = true
	client.dns.lookup = use_all_dns_ips
	client.id = consumer-Consumer-topic-6edafb71_9b24_4735_9840_5241124d6cb9-40
	client.rack = 
	connections.max.idle.ms = 10000
	default.api.timeout.ms = 60000
	enable.auto.commit = true
	enable.metrics.push = true
	exclude.internal.topics = true
	fetch.max.bytes = 52428800
	fetch.max.wait.ms = 500
	fetch.min.bytes = 1
	group.id = Consumer-topic-6edafb71_9b24_4735_9840_5241124d6cb9
	group.instance.id = null
	group.protocol = classic
	group.remote.assignor = null
	heartbeat.interval.ms = 3000
	interceptor.classes = []
	internal.leave.group.on.close = true
	internal.throw.on.fetch.stable.offset.unsupported = false
	isolation.level = read_uncommitted
	key.deserializer = class org.apache.kafka.common.serialization.StringDeserializer
	max.partition.fetch.bytes = 1048576
	max.poll.interval.ms = 300000
	max.poll.records = 500
	metadata.max.age.ms = 300000
	metadata.recovery.strategy = none
	metric.reporters = []
	metrics.num.samples = 2
	metrics.recording.level = INFO
	metrics.sample.window.ms = 30000
	partition.assignment.strategy = [class org.apache.kafka.clients.consumer.RangeAssignor, class org.apache.kafka.clients.consumer.CooperativeStickyAssignor]
	receive.buffer.bytes = 65536
	reconnect.backoff.max.ms = 1000
	reconnect.backoff.ms = 50
	request.timeout.ms = 5000
	retry.backoff.max.ms = 1000
	retry.backoff.ms = 100
	sasl.client.callback.handler.class = null
	sasl.jaas.config = null
	sasl.kerberos.kinit.cmd = /usr/bin/kinit
	sasl.kerberos.min.time.before.relogin = 60000
	sasl.kerberos.service.name = null
	sasl.kerberos.ticket.renew.jitter = 0.05
	sasl.kerberos.ticket.renew.window.factor = 0.8
	sasl.login.callback.handler.class = null
	sasl.login.class = null
	sasl.login.connect.timeout.ms = null
	sasl.login.read.timeout.ms = null
	sasl.login.refresh.buffer.seconds = 300
	sasl.login.refresh.min.period.seconds = 60
	sasl.login.refresh.window.factor = 0.8
	sasl.login.refresh.window.jitter = 0.05
	sasl.login.retry.backoff.max.ms = 10000
	sasl.login.retry.backoff.ms = 100
	sasl.mechanism = GSSAPI
	sasl.oauthbearer.clock.skew.seconds = 30
	sasl.oauthbearer.expected.audience = null
	sasl.oauthbearer.expected.issuer = null
	sasl.oauthbearer.header.urlencode = false
	sasl.oauthbearer.jwks.endpoint.refresh.ms = 3600000
	sasl.oauthbearer.jwks.endpoint.retry.backoff.max.ms = 10000
	sasl.oauthbearer.jwks.endpoint.retry.backoff.ms = 100
	sasl.oauthbearer.jwks.endpoint.url = null
	sasl.oauthbearer.scope.claim.name = scope
	sasl.oauthbearer.sub.claim.name = sub
	sasl.oauthbearer.token.endpoint.url = null
	security.protocol = PLAINTEXT
	security.providers = null
	send.buffer.bytes = 131072
	session.timeout.ms = 45000
	socket.connection.setup.timeout.max.ms = 30000
	socket.connection.setup.timeout.ms = 10000
	ssl.cipher.suites = null
	ssl.enabled.protocols = [TLSv1.2, TLSv1.3]
	ssl.endpoint.identification.algorithm = https
	ssl.engine.factory.class = null
	ssl.key.password = null
	ssl.keymanager.algorithm = SunX509
	ssl.keystore.certificate.chain = null
	ssl.keystore.key = null
	ssl.keystore.location = null
	ssl.keystore.password = null
	ssl.keystore.type = JKS
	ssl.protocol = TLSv1.3
	ssl.provider = null
	ssl.secure.random.implementation = null
	ssl.trustmanager.algorithm = PKIX
	ssl.truststore.certificates = null
	ssl.truststore.location = null
	ssl.truststore.password = null
	ssl.truststore.type = JKS
	value.deserializer = class io.apicurio.registry.serde.avro.AvroKafkaDeserializer

2025-08-12 14:53:28,160 INFO  [org.apa.kaf.com.tel.int.KafkaMetricsCollector] (main) initializing Kafka metrics collector
2025-08-12 14:53:28,164 INFO  [org.apa.kaf.cli.con.ConsumerConfig] (main) These configurations '[apicurio.registry.url]' were supplied but are not used yet.
2025-08-12 14:53:28,164 INFO  [org.apa.kaf.com.uti.AppInfoParser] (main) Kafka version: 3.9.1
2025-08-12 14:53:28,164 INFO  [org.apa.kaf.com.uti.AppInfoParser] (main) Kafka commitId: f745dfdcee2b9851
2025-08-12 14:53:28,164 INFO  [org.apa.kaf.com.uti.AppInfoParser] (main) Kafka startTimeMs: 1755010408164
2025-08-12 14:53:28,165 INFO  [io.api.tes.ser.api.KafkaSerdesTester] (Thread-893) Sending message {"key1": "value-0"} to topic topic-4d0a6e10_2660_4c5e_bb7a_8174046d4214
2025-08-12 14:53:28,168 INFO  [DefaultSchemaResolver] (Thread-893) Retrieving schema content using string: {"type":"record","name":"myrecordconfluent6","fields":[{"name":"key1","type":"string"}]}
2025-08-12 14:53:28,423 INFO  [io.api.tes.ser.api.KafkaSerdesTester] (Thread-893) Sending message {"key1": "value-1"} to topic topic-4d0a6e10_2660_4c5e_bb7a_8174046d4214
2025-08-12 14:53:28,424 INFO  [io.api.tes.ser.api.KafkaSerdesTester] (Thread-893) Sending message {"key1": "value-2"} to topic topic-4d0a6e10_2660_4c5e_bb7a_8174046d4214
2025-08-12 14:53:28,424 INFO  [io.api.tes.ser.api.KafkaSerdesTester] (Thread-893) Sending message {"key1": "value-3"} to topic topic-4d0a6e10_2660_4c5e_bb7a_8174046d4214
2025-08-12 14:53:28,425 INFO  [io.api.tes.ser.api.KafkaSerdesTester] (Thread-893) Sending message {"key1": "value-4"} to topic topic-4d0a6e10_2660_4c5e_bb7a_8174046d4214
2025-08-12 14:53:28,426 INFO  [io.api.tes.ser.api.KafkaSerdesTester] (Thread-893) Sending message {"key1": "value-5"} to topic topic-4d0a6e10_2660_4c5e_bb7a_8174046d4214
2025-08-12 14:53:28,427 INFO  [io.api.tes.ser.api.KafkaSerdesTester] (Thread-893) Sending message {"key1": "value-6"} to topic topic-4d0a6e10_2660_4c5e_bb7a_8174046d4214
2025-08-12 14:53:28,428 INFO  [io.api.tes.ser.api.KafkaSerdesTester] (Thread-893) Sending message {"key1": "value-7"} to topic topic-4d0a6e10_2660_4c5e_bb7a_8174046d4214
2025-08-12 14:53:28,428 INFO  [io.api.tes.ser.api.KafkaSerdesTester] (Thread-893) Sending message {"key1": "value-8"} to topic topic-4d0a6e10_2660_4c5e_bb7a_8174046d4214
2025-08-12 14:53:28,430 INFO  [io.api.tes.ser.api.KafkaSerdesTester] (Thread-893) Sending message {"key1": "value-9"} to topic topic-4d0a6e10_2660_4c5e_bb7a_8174046d4214
2025-08-12 14:53:28,430 INFO  [io.api.tes.ser.api.KafkaSerdesTester] (Thread-893) Produced 10 messages
2025-08-12 14:53:28,431 INFO  [org.apa.kaf.cli.pro.KafkaProducer] (Thread-893) [Producer clientId=Producer-topic-4d0a6e10_2660_4c5e_bb7a_8174046d4214] Closing the Kafka producer with timeoutMillis = 9223372036854775807 ms.
2025-08-12 14:53:28,432 INFO  [org.apa.kaf.com.met.Metrics] (Thread-893) Metrics scheduler closed
2025-08-12 14:53:28,433 INFO  [org.apa.kaf.com.met.Metrics] (Thread-893) Closing reporter org.apache.kafka.common.metrics.JmxReporter
2025-08-12 14:53:28,433 INFO  [org.apa.kaf.com.met.Metrics] (Thread-893) Closing reporter org.apache.kafka.common.telemetry.internals.ClientTelemetryReporter
2025-08-12 14:53:28,433 INFO  [org.apa.kaf.com.met.Metrics] (Thread-893) Metrics reporters closed
2025-08-12 14:53:28,433 INFO  [org.apa.kaf.com.uti.AppInfoParser] (Thread-893) App info kafka.producer for Producer-topic-4d0a6e10_2660_4c5e_bb7a_8174046d4214 unregistered
2025-08-12 14:53:28,434 INFO  [io.api.tes.ser.api.KafkaSerdesTester] (Thread-894) Sending message {"key1": "value-0"} to topic topic-e2993477_e641_4b4f_8620_bcf90ffa9483
2025-08-12 14:53:28,436 INFO  [DefaultSchemaResolver] (Thread-894) Retrieving schema content using string: {"type":"record","name":"myrecordconfluent6","fields":[{"name":"key1","type":"string"}]}
2025-08-12 14:53:28,553 INFO  [io.api.tes.ser.api.KafkaSerdesTester] (Thread-894) Sending message {"key1": "value-1"} to topic topic-e2993477_e641_4b4f_8620_bcf90ffa9483
2025-08-12 14:53:28,554 INFO  [io.api.tes.ser.api.KafkaSerdesTester] (Thread-894) Sending message {"key1": "value-2"} to topic topic-e2993477_e641_4b4f_8620_bcf90ffa9483
2025-08-12 14:53:28,555 INFO  [io.api.tes.ser.api.KafkaSerdesTester] (Thread-894) Sending message {"key1": "value-3"} to topic topic-e2993477_e641_4b4f_8620_bcf90ffa9483
2025-08-12 14:53:28,556 INFO  [io.api.tes.ser.api.KafkaSerdesTester] (Thread-894) Sending message {"key1": "value-4"} to topic topic-e2993477_e641_4b4f_8620_bcf90ffa9483
2025-08-12 14:53:28,556 INFO  [io.api.tes.ser.api.KafkaSerdesTester] (Thread-894) Sending message {"key1": "value-5"} to topic topic-e2993477_e641_4b4f_8620_bcf90ffa9483
2025-08-12 14:53:28,557 INFO  [io.api.tes.ser.api.KafkaSerdesTester] (Thread-894) Sending message {"key1": "value-6"} to topic topic-e2993477_e641_4b4f_8620_bcf90ffa9483
2025-08-12 14:53:28,558 INFO  [io.api.tes.ser.api.KafkaSerdesTester] (Thread-894) Sending message {"key1": "value-7"} to topic topic-e2993477_e641_4b4f_8620_bcf90ffa9483
2025-08-12 14:53:28,559 INFO  [io.api.tes.ser.api.KafkaSerdesTester] (Thread-894) Sending message {"key1": "value-8"} to topic topic-e2993477_e641_4b4f_8620_bcf90ffa9483
2025-08-12 14:53:28,561 INFO  [io.api.tes.ser.api.KafkaSerdesTester] (Thread-894) Sending message {"key1": "value-9"} to topic topic-e2993477_e641_4b4f_8620_bcf90ffa9483
2025-08-12 14:53:28,562 INFO  [io.api.tes.ser.api.KafkaSerdesTester] (Thread-894) Produced 10 messages
2025-08-12 14:53:28,562 INFO  [org.apa.kaf.cli.pro.KafkaProducer] (Thread-894) [Producer clientId=Producer-topic-e2993477_e641_4b4f_8620_bcf90ffa9483] Closing the Kafka producer with timeoutMillis = 9223372036854775807 ms.
2025-08-12 14:53:28,565 INFO  [org.apa.kaf.com.met.Metrics] (Thread-894) Metrics scheduler closed
2025-08-12 14:53:28,565 INFO  [org.apa.kaf.com.met.Metrics] (Thread-894) Closing reporter org.apache.kafka.common.metrics.JmxReporter
2025-08-12 14:53:28,565 INFO  [org.apa.kaf.com.met.Metrics] (Thread-894) Closing reporter org.apache.kafka.common.telemetry.internals.ClientTelemetryReporter
2025-08-12 14:53:28,565 INFO  [org.apa.kaf.com.met.Metrics] (Thread-894) Metrics reporters closed
2025-08-12 14:53:28,565 INFO  [org.apa.kaf.com.uti.AppInfoParser] (Thread-894) App info kafka.producer for Producer-topic-e2993477_e641_4b4f_8620_bcf90ffa9483 unregistered
2025-08-12 14:53:28,566 INFO  [io.api.tes.ser.api.KafkaSerdesTester] (Thread-895) Sending message {"key1": "value-0"} to topic topic-6edafb71_9b24_4735_9840_5241124d6cb9
2025-08-12 14:53:28,568 INFO  [DefaultSchemaResolver] (Thread-895) Retrieving schema content using string: {"type":"record","name":"myrecordconfluent6","fields":[{"name":"key1","type":"string"}]}
2025-08-12 14:53:28,689 INFO  [io.api.tes.ser.api.KafkaSerdesTester] (Thread-895) Sending message {"key1": "value-1"} to topic topic-6edafb71_9b24_4735_9840_5241124d6cb9
2025-08-12 14:53:28,691 INFO  [io.api.tes.ser.api.KafkaSerdesTester] (Thread-895) Sending message {"key1": "value-2"} to topic topic-6edafb71_9b24_4735_9840_5241124d6cb9
2025-08-12 14:53:28,692 INFO  [io.api.tes.ser.api.KafkaSerdesTester] (Thread-895) Sending message {"key1": "value-3"} to topic topic-6edafb71_9b24_4735_9840_5241124d6cb9
2025-08-12 14:53:28,693 INFO  [io.api.tes.ser.api.KafkaSerdesTester] (Thread-895) Sending message {"key1": "value-4"} to topic topic-6edafb71_9b24_4735_9840_5241124d6cb9
2025-08-12 14:53:28,694 INFO  [io.api.tes.ser.api.KafkaSerdesTester] (Thread-895) Sending message {"key1": "value-5"} to topic topic-6edafb71_9b24_4735_9840_5241124d6cb9
2025-08-12 14:53:28,695 INFO  [io.api.tes.ser.api.KafkaSerdesTester] (Thread-895) Sending message {"key1": "value-6"} to topic topic-6edafb71_9b24_4735_9840_5241124d6cb9
2025-08-12 14:53:28,696 INFO  [io.api.tes.ser.api.KafkaSerdesTester] (Thread-895) Sending message {"key1": "value-7"} to topic topic-6edafb71_9b24_4735_9840_5241124d6cb9
2025-08-12 14:53:28,696 INFO  [io.api.tes.ser.api.KafkaSerdesTester] (Thread-895) Sending message {"key1": "value-8"} to topic topic-6edafb71_9b24_4735_9840_5241124d6cb9
2025-08-12 14:53:28,697 INFO  [io.api.tes.ser.api.KafkaSerdesTester] (Thread-895) Sending message {"key1": "value-9"} to topic topic-6edafb71_9b24_4735_9840_5241124d6cb9
2025-08-12 14:53:28,699 INFO  [io.api.tes.ser.api.KafkaSerdesTester] (Thread-895) Produced 10 messages
2025-08-12 14:53:28,699 INFO  [org.apa.kaf.cli.pro.KafkaProducer] (Thread-895) [Producer clientId=Producer-topic-6edafb71_9b24_4735_9840_5241124d6cb9] Closing the Kafka producer with timeoutMillis = 9223372036854775807 ms.
2025-08-12 14:53:28,703 INFO  [org.apa.kaf.com.met.Metrics] (Thread-895) Metrics scheduler closed
2025-08-12 14:53:28,703 INFO  [org.apa.kaf.com.met.Metrics] (Thread-895) Closing reporter org.apache.kafka.common.metrics.JmxReporter
2025-08-12 14:53:28,703 INFO  [org.apa.kaf.com.met.Metrics] (Thread-895) Closing reporter org.apache.kafka.common.telemetry.internals.ClientTelemetryReporter
2025-08-12 14:53:28,703 INFO  [org.apa.kaf.com.met.Metrics] (Thread-895) Metrics reporters closed
2025-08-12 14:53:28,704 INFO  [org.apa.kaf.com.uti.AppInfoParser] (Thread-895) App info kafka.producer for Producer-topic-6edafb71_9b24_4735_9840_5241124d6cb9 unregistered
2025-08-12 14:53:28,708 INFO  [org.apa.kaf.cli.con.int.ClassicKafkaConsumer] (Thread-896) [Consumer clientId=consumer-Consumer-topic-4d0a6e10_2660_4c5e_bb7a_8174046d4214-38, groupId=Consumer-topic-4d0a6e10_2660_4c5e_bb7a_8174046d4214] Subscribed to topic(s): topic-4d0a6e10_2660_4c5e_bb7a_8174046d4214
2025-08-12 14:53:28,716 INFO  [org.apa.kaf.cli.Metadata] (Thread-896) [Consumer clientId=consumer-Consumer-topic-4d0a6e10_2660_4c5e_bb7a_8174046d4214-38, groupId=Consumer-topic-4d0a6e10_2660_4c5e_bb7a_8174046d4214] Cluster ID: 4oDFBklZQKWClKkNkfg_eQ
2025-08-12 14:53:28,716 INFO  [org.apa.kaf.cli.con.int.ConsumerCoordinator] (Thread-896) [Consumer clientId=consumer-Consumer-topic-4d0a6e10_2660_4c5e_bb7a_8174046d4214-38, groupId=Consumer-topic-4d0a6e10_2660_4c5e_bb7a_8174046d4214] Discovered group coordinator localhost:32769 (id: 2147483647 rack: null)
2025-08-12 14:53:28,718 INFO  [org.apa.kaf.cli.con.int.ConsumerCoordinator] (Thread-896) [Consumer clientId=consumer-Consumer-topic-4d0a6e10_2660_4c5e_bb7a_8174046d4214-38, groupId=Consumer-topic-4d0a6e10_2660_4c5e_bb7a_8174046d4214] (Re-)joining group
2025-08-12 14:53:28,719 INFO  [org.apa.kaf.cli.con.int.ConsumerCoordinator] (Thread-896) [Consumer clientId=consumer-Consumer-topic-4d0a6e10_2660_4c5e_bb7a_8174046d4214-38, groupId=Consumer-topic-4d0a6e10_2660_4c5e_bb7a_8174046d4214] Request joining group due to: need to re-join with the given member-id: consumer-Consumer-topic-4d0a6e10_2660_4c5e_bb7a_8174046d4214-38-63b03f0d-cfc0-4d38-bf42-4f5d818b18f0
2025-08-12 14:53:28,719 INFO  [org.apa.kaf.cli.con.int.ConsumerCoordinator] (Thread-896) [Consumer clientId=consumer-Consumer-topic-4d0a6e10_2660_4c5e_bb7a_8174046d4214-38, groupId=Consumer-topic-4d0a6e10_2660_4c5e_bb7a_8174046d4214] (Re-)joining group
2025-08-12 14:53:29,708 INFO  [io.api.tes.ser.api.KafkaSerdesTester] (Thread-896) None found
2025-08-12 14:53:30,708 INFO  [io.api.tes.ser.api.KafkaSerdesTester] (Thread-896) None found
2025-08-12 14:53:31,708 INFO  [io.api.tes.ser.api.KafkaSerdesTester] (Thread-896) None found
2025-08-12 14:53:31,720 INFO  [org.apa.kaf.cli.con.int.ConsumerCoordinator] (Thread-896) [Consumer clientId=consumer-Consumer-topic-4d0a6e10_2660_4c5e_bb7a_8174046d4214-38, groupId=Consumer-topic-4d0a6e10_2660_4c5e_bb7a_8174046d4214] Successfully joined group with generation Generation{generationId=1, memberId='consumer-Consumer-topic-4d0a6e10_2660_4c5e_bb7a_8174046d4214-38-63b03f0d-cfc0-4d38-bf42-4f5d818b18f0', protocol='range'}
2025-08-12 14:53:31,721 INFO  [org.apa.kaf.cli.con.int.ConsumerCoordinator] (Thread-896) [Consumer clientId=consumer-Consumer-topic-4d0a6e10_2660_4c5e_bb7a_8174046d4214-38, groupId=Consumer-topic-4d0a6e10_2660_4c5e_bb7a_8174046d4214] Finished assignment for group at generation 1: {consumer-Consumer-topic-4d0a6e10_2660_4c5e_bb7a_8174046d4214-38-63b03f0d-cfc0-4d38-bf42-4f5d818b18f0=Assignment(partitions=[topic-4d0a6e10_2660_4c5e_bb7a_8174046d4214-0])}
2025-08-12 14:53:31,727 INFO  [org.apa.kaf.cli.con.int.ConsumerCoordinator] (Thread-896) [Consumer clientId=consumer-Consumer-topic-4d0a6e10_2660_4c5e_bb7a_8174046d4214-38, groupId=Consumer-topic-4d0a6e10_2660_4c5e_bb7a_8174046d4214] Successfully synced group in generation Generation{generationId=1, memberId='consumer-Consumer-topic-4d0a6e10_2660_4c5e_bb7a_8174046d4214-38-63b03f0d-cfc0-4d38-bf42-4f5d818b18f0', protocol='range'}
2025-08-12 14:53:31,727 INFO  [org.apa.kaf.cli.con.int.ConsumerCoordinator] (Thread-896) [Consumer clientId=consumer-Consumer-topic-4d0a6e10_2660_4c5e_bb7a_8174046d4214-38, groupId=Consumer-topic-4d0a6e10_2660_4c5e_bb7a_8174046d4214] Notifying assignor about the new Assignment(partitions=[topic-4d0a6e10_2660_4c5e_bb7a_8174046d4214-0])
2025-08-12 14:53:31,728 INFO  [org.apa.kaf.cli.con.int.ConsumerRebalanceListenerInvoker] (Thread-896) [Consumer clientId=consumer-Consumer-topic-4d0a6e10_2660_4c5e_bb7a_8174046d4214-38, groupId=Consumer-topic-4d0a6e10_2660_4c5e_bb7a_8174046d4214] Adding newly assigned partitions: topic-4d0a6e10_2660_4c5e_bb7a_8174046d4214-0
2025-08-12 14:53:31,728 INFO  [org.apa.kaf.cli.con.int.ConsumerCoordinator] (Thread-896) [Consumer clientId=consumer-Consumer-topic-4d0a6e10_2660_4c5e_bb7a_8174046d4214-38, groupId=Consumer-topic-4d0a6e10_2660_4c5e_bb7a_8174046d4214] Found no committed offset for partition topic-4d0a6e10_2660_4c5e_bb7a_8174046d4214-0
2025-08-12 14:53:31,731 INFO  [org.apa.kaf.cli.con.int.SubscriptionState] (Thread-896) [Consumer clientId=consumer-Consumer-topic-4d0a6e10_2660_4c5e_bb7a_8174046d4214-38, groupId=Consumer-topic-4d0a6e10_2660_4c5e_bb7a_8174046d4214] Resetting offset for partition topic-4d0a6e10_2660_4c5e_bb7a_8174046d4214-0 to position FetchPosition{offset=0, offsetEpoch=Optional.empty, currentLeader=LeaderAndEpoch{leader=Optional[localhost:32769 (id: 0 rack: null)], epoch=0}}.
2025-08-12 14:53:31,929 INFO  [io.api.tes.ser.api.KafkaSerdesTester] (Thread-896) topic-4d0a6e10_2660_4c5e_bb7a_8174046d4214 0 0 {"key1": "value-0"}
2025-08-12 14:53:31,929 INFO  [io.api.tes.ser.api.KafkaSerdesTester] (Thread-896) topic-4d0a6e10_2660_4c5e_bb7a_8174046d4214 0 1 {"key1": "value-1"}
2025-08-12 14:53:31,930 INFO  [io.api.tes.ser.api.KafkaSerdesTester] (Thread-896) topic-4d0a6e10_2660_4c5e_bb7a_8174046d4214 0 2 {"key1": "value-2"}
2025-08-12 14:53:31,930 INFO  [io.api.tes.ser.api.KafkaSerdesTester] (Thread-896) topic-4d0a6e10_2660_4c5e_bb7a_8174046d4214 0 3 {"key1": "value-3"}
2025-08-12 14:53:31,930 INFO  [io.api.tes.ser.api.KafkaSerdesTester] (Thread-896) topic-4d0a6e10_2660_4c5e_bb7a_8174046d4214 0 4 {"key1": "value-4"}
2025-08-12 14:53:31,930 INFO  [io.api.tes.ser.api.KafkaSerdesTester] (Thread-896) topic-4d0a6e10_2660_4c5e_bb7a_8174046d4214 0 5 {"key1": "value-5"}
2025-08-12 14:53:31,930 INFO  [io.api.tes.ser.api.KafkaSerdesTester] (Thread-896) topic-4d0a6e10_2660_4c5e_bb7a_8174046d4214 0 6 {"key1": "value-6"}
2025-08-12 14:53:31,930 INFO  [io.api.tes.ser.api.KafkaSerdesTester] (Thread-896) topic-4d0a6e10_2660_4c5e_bb7a_8174046d4214 0 7 {"key1": "value-7"}
2025-08-12 14:53:31,930 INFO  [io.api.tes.ser.api.KafkaSerdesTester] (Thread-896) topic-4d0a6e10_2660_4c5e_bb7a_8174046d4214 0 8 {"key1": "value-8"}
2025-08-12 14:53:31,930 INFO  [io.api.tes.ser.api.KafkaSerdesTester] (Thread-896) topic-4d0a6e10_2660_4c5e_bb7a_8174046d4214 0 9 {"key1": "value-9"}
2025-08-12 14:53:31,930 INFO  [io.api.tes.ser.api.KafkaSerdesTester] (Thread-896) Consumed 10 messages
2025-08-12 14:53:31,936 INFO  [org.apa.kaf.cli.con.int.ConsumerRebalanceListenerInvoker] (Thread-896) [Consumer clientId=consumer-Consumer-topic-4d0a6e10_2660_4c5e_bb7a_8174046d4214-38, groupId=Consumer-topic-4d0a6e10_2660_4c5e_bb7a_8174046d4214] Revoke previously assigned partitions topic-4d0a6e10_2660_4c5e_bb7a_8174046d4214-0
2025-08-12 14:53:31,936 INFO  [org.apa.kaf.cli.con.int.ConsumerCoordinator] (Thread-896) [Consumer clientId=consumer-Consumer-topic-4d0a6e10_2660_4c5e_bb7a_8174046d4214-38, groupId=Consumer-topic-4d0a6e10_2660_4c5e_bb7a_8174046d4214] Member consumer-Consumer-topic-4d0a6e10_2660_4c5e_bb7a_8174046d4214-38-63b03f0d-cfc0-4d38-bf42-4f5d818b18f0 sending LeaveGroup request to coordinator localhost:32769 (id: 2147483647 rack: null) due to the consumer is being closed
2025-08-12 14:53:31,936 INFO  [org.apa.kaf.cli.con.int.ConsumerCoordinator] (Thread-896) [Consumer clientId=consumer-Consumer-topic-4d0a6e10_2660_4c5e_bb7a_8174046d4214-38, groupId=Consumer-topic-4d0a6e10_2660_4c5e_bb7a_8174046d4214] Resetting generation and member id due to: consumer pro-actively leaving the group
2025-08-12 14:53:31,937 INFO  [org.apa.kaf.cli.con.int.ConsumerCoordinator] (Thread-896) [Consumer clientId=consumer-Consumer-topic-4d0a6e10_2660_4c5e_bb7a_8174046d4214-38, groupId=Consumer-topic-4d0a6e10_2660_4c5e_bb7a_8174046d4214] Request joining group due to: consumer pro-actively leaving the group
2025-08-12 14:53:32,432 INFO  [org.apa.kaf.com.met.Metrics] (Thread-896) Metrics scheduler closed
2025-08-12 14:53:32,432 INFO  [org.apa.kaf.com.met.Metrics] (Thread-896) Closing reporter org.apache.kafka.common.metrics.JmxReporter
2025-08-12 14:53:32,432 INFO  [org.apa.kaf.com.met.Metrics] (Thread-896) Closing reporter org.apache.kafka.common.telemetry.internals.ClientTelemetryReporter
2025-08-12 14:53:32,432 INFO  [org.apa.kaf.com.met.Metrics] (Thread-896) Metrics reporters closed
2025-08-12 14:53:32,434 INFO  [org.apa.kaf.com.uti.AppInfoParser] (Thread-896) App info kafka.consumer for consumer-Consumer-topic-4d0a6e10_2660_4c5e_bb7a_8174046d4214-38 unregistered
2025-08-12 14:53:32,437 INFO  [org.apa.kaf.cli.con.int.ClassicKafkaConsumer] (Thread-897) [Consumer clientId=consumer-Consumer-topic-e2993477_e641_4b4f_8620_bcf90ffa9483-39, groupId=Consumer-topic-e2993477_e641_4b4f_8620_bcf90ffa9483] Subscribed to topic(s): topic-e2993477_e641_4b4f_8620_bcf90ffa9483
2025-08-12 14:53:32,442 INFO  [org.apa.kaf.cli.Metadata] (Thread-897) [Consumer clientId=consumer-Consumer-topic-e2993477_e641_4b4f_8620_bcf90ffa9483-39, groupId=Consumer-topic-e2993477_e641_4b4f_8620_bcf90ffa9483] Cluster ID: 4oDFBklZQKWClKkNkfg_eQ
2025-08-12 14:53:32,442 INFO  [org.apa.kaf.cli.con.int.ConsumerCoordinator] (Thread-897) [Consumer clientId=consumer-Consumer-topic-e2993477_e641_4b4f_8620_bcf90ffa9483-39, groupId=Consumer-topic-e2993477_e641_4b4f_8620_bcf90ffa9483] Discovered group coordinator localhost:32769 (id: 2147483647 rack: null)
2025-08-12 14:53:32,443 INFO  [org.apa.kaf.cli.con.int.ConsumerCoordinator] (Thread-897) [Consumer clientId=consumer-Consumer-topic-e2993477_e641_4b4f_8620_bcf90ffa9483-39, groupId=Consumer-topic-e2993477_e641_4b4f_8620_bcf90ffa9483] (Re-)joining group
2025-08-12 14:53:32,445 INFO  [org.apa.kaf.cli.con.int.ConsumerCoordinator] (Thread-897) [Consumer clientId=consumer-Consumer-topic-e2993477_e641_4b4f_8620_bcf90ffa9483-39, groupId=Consumer-topic-e2993477_e641_4b4f_8620_bcf90ffa9483] Request joining group due to: need to re-join with the given member-id: consumer-Consumer-topic-e2993477_e641_4b4f_8620_bcf90ffa9483-39-b425fbd2-e243-4aaa-82dd-298c32419ce3
2025-08-12 14:53:32,445 INFO  [org.apa.kaf.cli.con.int.ConsumerCoordinator] (Thread-897) [Consumer clientId=consumer-Consumer-topic-e2993477_e641_4b4f_8620_bcf90ffa9483-39, groupId=Consumer-topic-e2993477_e641_4b4f_8620_bcf90ffa9483] (Re-)joining group
2025-08-12 14:53:33,437 INFO  [io.api.tes.ser.api.KafkaSerdesTester] (Thread-897) None found
2025-08-12 14:53:34,437 INFO  [io.api.tes.ser.api.KafkaSerdesTester] (Thread-897) None found
2025-08-12 14:53:35,438 INFO  [io.api.tes.ser.api.KafkaSerdesTester] (Thread-897) None found
2025-08-12 14:53:35,447 INFO  [org.apa.kaf.cli.con.int.ConsumerCoordinator] (Thread-897) [Consumer clientId=consumer-Consumer-topic-e2993477_e641_4b4f_8620_bcf90ffa9483-39, groupId=Consumer-topic-e2993477_e641_4b4f_8620_bcf90ffa9483] Successfully joined group with generation Generation{generationId=1, memberId='consumer-Consumer-topic-e2993477_e641_4b4f_8620_bcf90ffa9483-39-b425fbd2-e243-4aaa-82dd-298c32419ce3', protocol='range'}
2025-08-12 14:53:35,447 INFO  [org.apa.kaf.cli.con.int.ConsumerCoordinator] (Thread-897) [Consumer clientId=consumer-Consumer-topic-e2993477_e641_4b4f_8620_bcf90ffa9483-39, groupId=Consumer-topic-e2993477_e641_4b4f_8620_bcf90ffa9483] Finished assignment for group at generation 1: {consumer-Consumer-topic-e2993477_e641_4b4f_8620_bcf90ffa9483-39-b425fbd2-e243-4aaa-82dd-298c32419ce3=Assignment(partitions=[topic-e2993477_e641_4b4f_8620_bcf90ffa9483-0])}
2025-08-12 14:53:35,453 INFO  [org.apa.kaf.cli.con.int.ConsumerCoordinator] (Thread-897) [Consumer clientId=consumer-Consumer-topic-e2993477_e641_4b4f_8620_bcf90ffa9483-39, groupId=Consumer-topic-e2993477_e641_4b4f_8620_bcf90ffa9483] Successfully synced group in generation Generation{generationId=1, memberId='consumer-Consumer-topic-e2993477_e641_4b4f_8620_bcf90ffa9483-39-b425fbd2-e243-4aaa-82dd-298c32419ce3', protocol='range'}
2025-08-12 14:53:35,453 INFO  [org.apa.kaf.cli.con.int.ConsumerCoordinator] (Thread-897) [Consumer clientId=consumer-Consumer-topic-e2993477_e641_4b4f_8620_bcf90ffa9483-39, groupId=Consumer-topic-e2993477_e641_4b4f_8620_bcf90ffa9483] Notifying assignor about the new Assignment(partitions=[topic-e2993477_e641_4b4f_8620_bcf90ffa9483-0])
2025-08-12 14:53:35,453 INFO  [org.apa.kaf.cli.con.int.ConsumerRebalanceListenerInvoker] (Thread-897) [Consumer clientId=consumer-Consumer-topic-e2993477_e641_4b4f_8620_bcf90ffa9483-39, groupId=Consumer-topic-e2993477_e641_4b4f_8620_bcf90ffa9483] Adding newly assigned partitions: topic-e2993477_e641_4b4f_8620_bcf90ffa9483-0
2025-08-12 14:53:35,454 INFO  [org.apa.kaf.cli.con.int.ConsumerCoordinator] (Thread-897) [Consumer clientId=consumer-Consumer-topic-e2993477_e641_4b4f_8620_bcf90ffa9483-39, groupId=Consumer-topic-e2993477_e641_4b4f_8620_bcf90ffa9483] Found no committed offset for partition topic-e2993477_e641_4b4f_8620_bcf90ffa9483-0
2025-08-12 14:53:35,457 INFO  [org.apa.kaf.cli.con.int.SubscriptionState] (Thread-897) [Consumer clientId=consumer-Consumer-topic-e2993477_e641_4b4f_8620_bcf90ffa9483-39, groupId=Consumer-topic-e2993477_e641_4b4f_8620_bcf90ffa9483] Resetting offset for partition topic-e2993477_e641_4b4f_8620_bcf90ffa9483-0 to position FetchPosition{offset=0, offsetEpoch=Optional.empty, currentLeader=LeaderAndEpoch{leader=Optional[localhost:32769 (id: 0 rack: null)], epoch=0}}.
2025-08-12 14:53:35,662 INFO  [io.api.tes.ser.api.KafkaSerdesTester] (Thread-897) topic-e2993477_e641_4b4f_8620_bcf90ffa9483 0 0 {"key1": "value-0"}
2025-08-12 14:53:35,663 INFO  [io.api.tes.ser.api.KafkaSerdesTester] (Thread-897) topic-e2993477_e641_4b4f_8620_bcf90ffa9483 0 1 {"key1": "value-1"}
2025-08-12 14:53:35,663 INFO  [io.api.tes.ser.api.KafkaSerdesTester] (Thread-897) topic-e2993477_e641_4b4f_8620_bcf90ffa9483 0 2 {"key1": "value-2"}
2025-08-12 14:53:35,663 INFO  [io.api.tes.ser.api.KafkaSerdesTester] (Thread-897) topic-e2993477_e641_4b4f_8620_bcf90ffa9483 0 3 {"key1": "value-3"}
2025-08-12 14:53:35,663 INFO  [io.api.tes.ser.api.KafkaSerdesTester] (Thread-897) topic-e2993477_e641_4b4f_8620_bcf90ffa9483 0 4 {"key1": "value-4"}
2025-08-12 14:53:35,663 INFO  [io.api.tes.ser.api.KafkaSerdesTester] (Thread-897) topic-e2993477_e641_4b4f_8620_bcf90ffa9483 0 5 {"key1": "value-5"}
2025-08-12 14:53:35,663 INFO  [io.api.tes.ser.api.KafkaSerdesTester] (Thread-897) topic-e2993477_e641_4b4f_8620_bcf90ffa9483 0 6 {"key1": "value-6"}
2025-08-12 14:53:35,663 INFO  [io.api.tes.ser.api.KafkaSerdesTester] (Thread-897) topic-e2993477_e641_4b4f_8620_bcf90ffa9483 0 7 {"key1": "value-7"}
2025-08-12 14:53:35,663 INFO  [io.api.tes.ser.api.KafkaSerdesTester] (Thread-897) topic-e2993477_e641_4b4f_8620_bcf90ffa9483 0 8 {"key1": "value-8"}
2025-08-12 14:53:35,663 INFO  [io.api.tes.ser.api.KafkaSerdesTester] (Thread-897) topic-e2993477_e641_4b4f_8620_bcf90ffa9483 0 9 {"key1": "value-9"}
2025-08-12 14:53:35,663 INFO  [io.api.tes.ser.api.KafkaSerdesTester] (Thread-897) Consumed 10 messages
2025-08-12 14:53:35,669 INFO  [org.apa.kaf.cli.con.int.ConsumerRebalanceListenerInvoker] (Thread-897) [Consumer clientId=consumer-Consumer-topic-e2993477_e641_4b4f_8620_bcf90ffa9483-39, groupId=Consumer-topic-e2993477_e641_4b4f_8620_bcf90ffa9483] Revoke previously assigned partitions topic-e2993477_e641_4b4f_8620_bcf90ffa9483-0
2025-08-12 14:53:35,669 INFO  [org.apa.kaf.cli.con.int.ConsumerCoordinator] (Thread-897) [Consumer clientId=consumer-Consumer-topic-e2993477_e641_4b4f_8620_bcf90ffa9483-39, groupId=Consumer-topic-e2993477_e641_4b4f_8620_bcf90ffa9483] Member consumer-Consumer-topic-e2993477_e641_4b4f_8620_bcf90ffa9483-39-b425fbd2-e243-4aaa-82dd-298c32419ce3 sending LeaveGroup request to coordinator localhost:32769 (id: 2147483647 rack: null) due to the consumer is being closed
2025-08-12 14:53:35,669 INFO  [org.apa.kaf.cli.con.int.ConsumerCoordinator] (Thread-897) [Consumer clientId=consumer-Consumer-topic-e2993477_e641_4b4f_8620_bcf90ffa9483-39, groupId=Consumer-topic-e2993477_e641_4b4f_8620_bcf90ffa9483] Resetting generation and member id due to: consumer pro-actively leaving the group
2025-08-12 14:53:35,669 INFO  [org.apa.kaf.cli.con.int.ConsumerCoordinator] (Thread-897) [Consumer clientId=consumer-Consumer-topic-e2993477_e641_4b4f_8620_bcf90ffa9483-39, groupId=Consumer-topic-e2993477_e641_4b4f_8620_bcf90ffa9483] Request joining group due to: consumer pro-actively leaving the group
2025-08-12 14:53:36,166 INFO  [org.apa.kaf.com.met.Metrics] (Thread-897) Metrics scheduler closed
2025-08-12 14:53:36,166 INFO  [org.apa.kaf.com.met.Metrics] (Thread-897) Closing reporter org.apache.kafka.common.metrics.JmxReporter
2025-08-12 14:53:36,166 INFO  [org.apa.kaf.com.met.Metrics] (Thread-897) Closing reporter org.apache.kafka.common.telemetry.internals.ClientTelemetryReporter
2025-08-12 14:53:36,166 INFO  [org.apa.kaf.com.met.Metrics] (Thread-897) Metrics reporters closed
2025-08-12 14:53:36,168 INFO  [org.apa.kaf.com.uti.AppInfoParser] (Thread-897) App info kafka.consumer for consumer-Consumer-topic-e2993477_e641_4b4f_8620_bcf90ffa9483-39 unregistered
2025-08-12 14:53:36,169 INFO  [org.apa.kaf.cli.con.int.ClassicKafkaConsumer] (Thread-898) [Consumer clientId=consumer-Consumer-topic-6edafb71_9b24_4735_9840_5241124d6cb9-40, groupId=Consumer-topic-6edafb71_9b24_4735_9840_5241124d6cb9] Subscribed to topic(s): topic-6edafb71_9b24_4735_9840_5241124d6cb9
2025-08-12 14:53:36,172 INFO  [org.apa.kaf.cli.Metadata] (Thread-898) [Consumer clientId=consumer-Consumer-topic-6edafb71_9b24_4735_9840_5241124d6cb9-40, groupId=Consumer-topic-6edafb71_9b24_4735_9840_5241124d6cb9] Cluster ID: 4oDFBklZQKWClKkNkfg_eQ
2025-08-12 14:53:36,172 INFO  [org.apa.kaf.cli.con.int.ConsumerCoordinator] (Thread-898) [Consumer clientId=consumer-Consumer-topic-6edafb71_9b24_4735_9840_5241124d6cb9-40, groupId=Consumer-topic-6edafb71_9b24_4735_9840_5241124d6cb9] Discovered group coordinator localhost:32769 (id: 2147483647 rack: null)
2025-08-12 14:53:36,174 INFO  [org.apa.kaf.cli.con.int.ConsumerCoordinator] (Thread-898) [Consumer clientId=consumer-Consumer-topic-6edafb71_9b24_4735_9840_5241124d6cb9-40, groupId=Consumer-topic-6edafb71_9b24_4735_9840_5241124d6cb9] (Re-)joining group
2025-08-12 14:53:36,175 INFO  [org.apa.kaf.cli.con.int.ConsumerCoordinator] (Thread-898) [Consumer clientId=consumer-Consumer-topic-6edafb71_9b24_4735_9840_5241124d6cb9-40, groupId=Consumer-topic-6edafb71_9b24_4735_9840_5241124d6cb9] Request joining group due to: need to re-join with the given member-id: consumer-Consumer-topic-6edafb71_9b24_4735_9840_5241124d6cb9-40-d0836445-275d-4169-900c-8a1663d06821
2025-08-12 14:53:36,175 INFO  [org.apa.kaf.cli.con.int.ConsumerCoordinator] (Thread-898) [Consumer clientId=consumer-Consumer-topic-6edafb71_9b24_4735_9840_5241124d6cb9-40, groupId=Consumer-topic-6edafb71_9b24_4735_9840_5241124d6cb9] (Re-)joining group
2025-08-12 14:53:37,170 INFO  [io.api.tes.ser.api.KafkaSerdesTester] (Thread-898) None found
2025-08-12 14:53:38,170 INFO  [io.api.tes.ser.api.KafkaSerdesTester] (Thread-898) None found
2025-08-12 14:53:39,170 INFO  [io.api.tes.ser.api.KafkaSerdesTester] (Thread-898) None found
2025-08-12 14:53:39,177 INFO  [org.apa.kaf.cli.con.int.ConsumerCoordinator] (Thread-898) [Consumer clientId=consumer-Consumer-topic-6edafb71_9b24_4735_9840_5241124d6cb9-40, groupId=Consumer-topic-6edafb71_9b24_4735_9840_5241124d6cb9] Successfully joined group with generation Generation{generationId=1, memberId='consumer-Consumer-topic-6edafb71_9b24_4735_9840_5241124d6cb9-40-d0836445-275d-4169-900c-8a1663d06821', protocol='range'}
2025-08-12 14:53:39,177 INFO  [org.apa.kaf.cli.con.int.ConsumerCoordinator] (Thread-898) [Consumer clientId=consumer-Consumer-topic-6edafb71_9b24_4735_9840_5241124d6cb9-40, groupId=Consumer-topic-6edafb71_9b24_4735_9840_5241124d6cb9] Finished assignment for group at generation 1: {consumer-Consumer-topic-6edafb71_9b24_4735_9840_5241124d6cb9-40-d0836445-275d-4169-900c-8a1663d06821=Assignment(partitions=[topic-6edafb71_9b24_4735_9840_5241124d6cb9-0])}
2025-08-12 14:53:39,183 INFO  [org.apa.kaf.cli.con.int.ConsumerCoordinator] (Thread-898) [Consumer clientId=consumer-Consumer-topic-6edafb71_9b24_4735_9840_5241124d6cb9-40, groupId=Consumer-topic-6edafb71_9b24_4735_9840_5241124d6cb9] Successfully synced group in generation Generation{generationId=1, memberId='consumer-Consumer-topic-6edafb71_9b24_4735_9840_5241124d6cb9-40-d0836445-275d-4169-900c-8a1663d06821', protocol='range'}
2025-08-12 14:53:39,184 INFO  [org.apa.kaf.cli.con.int.ConsumerCoordinator] (Thread-898) [Consumer clientId=consumer-Consumer-topic-6edafb71_9b24_4735_9840_5241124d6cb9-40, groupId=Consumer-topic-6edafb71_9b24_4735_9840_5241124d6cb9] Notifying assignor about the new Assignment(partitions=[topic-6edafb71_9b24_4735_9840_5241124d6cb9-0])
2025-08-12 14:53:39,184 INFO  [org.apa.kaf.cli.con.int.ConsumerRebalanceListenerInvoker] (Thread-898) [Consumer clientId=consumer-Consumer-topic-6edafb71_9b24_4735_9840_5241124d6cb9-40, groupId=Consumer-topic-6edafb71_9b24_4735_9840_5241124d6cb9] Adding newly assigned partitions: topic-6edafb71_9b24_4735_9840_5241124d6cb9-0
2025-08-12 14:53:39,185 INFO  [org.apa.kaf.cli.con.int.ConsumerCoordinator] (Thread-898) [Consumer clientId=consumer-Consumer-topic-6edafb71_9b24_4735_9840_5241124d6cb9-40, groupId=Consumer-topic-6edafb71_9b24_4735_9840_5241124d6cb9] Found no committed offset for partition topic-6edafb71_9b24_4735_9840_5241124d6cb9-0
2025-08-12 14:53:39,193 INFO  [org.apa.kaf.cli.con.int.SubscriptionState] (Thread-898) [Consumer clientId=consumer-Consumer-topic-6edafb71_9b24_4735_9840_5241124d6cb9-40, groupId=Consumer-topic-6edafb71_9b24_4735_9840_5241124d6cb9] Resetting offset for partition topic-6edafb71_9b24_4735_9840_5241124d6cb9-0 to position FetchPosition{offset=0, offsetEpoch=Optional.empty, currentLeader=LeaderAndEpoch{leader=Optional[localhost:32769 (id: 0 rack: null)], epoch=0}}.
2025-08-12 14:53:39,369 INFO  [io.api.tes.ser.api.KafkaSerdesTester] (Thread-898) topic-6edafb71_9b24_4735_9840_5241124d6cb9 0 0 {"key1": "value-0"}
2025-08-12 14:53:39,369 INFO  [io.api.tes.ser.api.KafkaSerdesTester] (Thread-898) topic-6edafb71_9b24_4735_9840_5241124d6cb9 0 1 {"key1": "value-1"}
2025-08-12 14:53:39,369 INFO  [io.api.tes.ser.api.KafkaSerdesTester] (Thread-898) topic-6edafb71_9b24_4735_9840_5241124d6cb9 0 2 {"key1": "value-2"}
2025-08-12 14:53:39,369 INFO  [io.api.tes.ser.api.KafkaSerdesTester] (Thread-898) topic-6edafb71_9b24_4735_9840_5241124d6cb9 0 3 {"key1": "value-3"}
2025-08-12 14:53:39,369 INFO  [io.api.tes.ser.api.KafkaSerdesTester] (Thread-898) topic-6edafb71_9b24_4735_9840_5241124d6cb9 0 4 {"key1": "value-4"}
2025-08-12 14:53:39,369 INFO  [io.api.tes.ser.api.KafkaSerdesTester] (Thread-898) topic-6edafb71_9b24_4735_9840_5241124d6cb9 0 5 {"key1": "value-5"}
2025-08-12 14:53:39,369 INFO  [io.api.tes.ser.api.KafkaSerdesTester] (Thread-898) topic-6edafb71_9b24_4735_9840_5241124d6cb9 0 6 {"key1": "value-6"}
2025-08-12 14:53:39,369 INFO  [io.api.tes.ser.api.KafkaSerdesTester] (Thread-898) topic-6edafb71_9b24_4735_9840_5241124d6cb9 0 7 {"key1": "value-7"}
2025-08-12 14:53:39,369 INFO  [io.api.tes.ser.api.KafkaSerdesTester] (Thread-898) topic-6edafb71_9b24_4735_9840_5241124d6cb9 0 8 {"key1": "value-8"}
2025-08-12 14:53:39,369 INFO  [io.api.tes.ser.api.KafkaSerdesTester] (Thread-898) topic-6edafb71_9b24_4735_9840_5241124d6cb9 0 9 {"key1": "value-9"}
2025-08-12 14:53:39,369 INFO  [io.api.tes.ser.api.KafkaSerdesTester] (Thread-898) Consumed 10 messages
2025-08-12 14:53:39,376 INFO  [org.apa.kaf.cli.con.int.ConsumerRebalanceListenerInvoker] (Thread-898) [Consumer clientId=consumer-Consumer-topic-6edafb71_9b24_4735_9840_5241124d6cb9-40, groupId=Consumer-topic-6edafb71_9b24_4735_9840_5241124d6cb9] Revoke previously assigned partitions topic-6edafb71_9b24_4735_9840_5241124d6cb9-0
2025-08-12 14:53:39,376 INFO  [org.apa.kaf.cli.con.int.ConsumerCoordinator] (Thread-898) [Consumer clientId=consumer-Consumer-topic-6edafb71_9b24_4735_9840_5241124d6cb9-40, groupId=Consumer-topic-6edafb71_9b24_4735_9840_5241124d6cb9] Member consumer-Consumer-topic-6edafb71_9b24_4735_9840_5241124d6cb9-40-d0836445-275d-4169-900c-8a1663d06821 sending LeaveGroup request to coordinator localhost:32769 (id: 2147483647 rack: null) due to the consumer is being closed
2025-08-12 14:53:39,376 INFO  [org.apa.kaf.cli.con.int.ConsumerCoordinator] (Thread-898) [Consumer clientId=consumer-Consumer-topic-6edafb71_9b24_4735_9840_5241124d6cb9-40, groupId=Consumer-topic-6edafb71_9b24_4735_9840_5241124d6cb9] Resetting generation and member id due to: consumer pro-actively leaving the group
2025-08-12 14:53:39,376 INFO  [org.apa.kaf.cli.con.int.ConsumerCoordinator] (Thread-898) [Consumer clientId=consumer-Consumer-topic-6edafb71_9b24_4735_9840_5241124d6cb9-40, groupId=Consumer-topic-6edafb71_9b24_4735_9840_5241124d6cb9] Request joining group due to: consumer pro-actively leaving the group
2025-08-12 14:53:39,871 INFO  [org.apa.kaf.com.met.Metrics] (Thread-898) Metrics scheduler closed
2025-08-12 14:53:39,871 INFO  [org.apa.kaf.com.met.Metrics] (Thread-898) Closing reporter org.apache.kafka.common.metrics.JmxReporter
2025-08-12 14:53:39,871 INFO  [org.apa.kaf.com.met.Metrics] (Thread-898) Closing reporter org.apache.kafka.common.telemetry.internals.ClientTelemetryReporter
2025-08-12 14:53:39,871 INFO  [org.apa.kaf.com.met.Metrics] (Thread-898) Metrics reporters closed
2025-08-12 14:53:39,873 INFO  [org.apa.kaf.com.uti.AppInfoParser] (Thread-898) App info kafka.consumer for consumer-Consumer-topic-6edafb71_9b24_4735_9840_5241124d6cb9-40 unregistered
2025-08-12 14:53:40,082 INFO  [io.api.tes.ser.con.BasicConfluentSerDesIT] (main) Deleting confluent schema myrecordconfluent6
2025-08-12 14:53:40,143 INFO  [io.api.tes.uti.TestSeparator] (main) io.apicurio.tests.serdes.confluent.BasicConfluentSerDesIT.testAvroConfluentForMultipleTopics-FINISHED
2025-08-12 14:53:40,143 INFO  [io.api.tes.uti.TestSeparator] (main) ############################################################################
Test passed: testAvroConfluentForMultipleTopics
]]></system-out>
  </testcase>
  <testcase name="testAvroConfluentApicurio" classname="io.apicurio.tests.serdes.confluent.BasicConfluentSerDesIT" time="4.172">
    <system-out><![CDATA[2025-08-12 14:53:40,144 INFO  [io.api.tes.uti.TestSeparator] (main) ############################################################################
2025-08-12 14:53:40,144 INFO  [io.api.tes.uti.TestSeparator] (main) io.apicurio.tests.serdes.confluent.BasicConfluentSerDesIT.testAvroConfluentApicurio-STARTED
2025-08-12 14:53:40,275 INFO  [io.api.tes.ser.con.BasicConfluentSerDesIT] (main) Checking that created schema is equal to the get schema
2025-08-12 14:53:40,334 INFO  [io.api.tes.ser.con.BasicConfluentSerDesIT] (main) Created schema with id:52 and name:myrecordconfluent1
**** Registry Base URL: http://registry-app-pg17.apps.ci419.apicurio-testing.org:80
2025-08-12 14:53:40,335 INFO  [org.apa.kaf.cli.pro.ProducerConfig] (main) ProducerConfig values: 
	acks = -1
	auto.include.jmx.reporter = true
	batch.size = 16384
	bootstrap.servers = [PLAINTEXT://localhost:32769]
	buffer.memory = 33554432
	client.dns.lookup = use_all_dns_ips
	client.id = Producer-topic-b0297e27_cd7d_480f_926a_4446c8d71c74
	compression.gzip.level = -1
	compression.lz4.level = 9
	compression.type = none
	compression.zstd.level = 3
	connections.max.idle.ms = 10000
	delivery.timeout.ms = 120000
	enable.idempotence = true
	enable.metrics.push = true
	interceptor.classes = []
	key.serializer = class org.apache.kafka.common.serialization.StringSerializer
	linger.ms = 0
	max.block.ms = 60000
	max.in.flight.requests.per.connection = 5
	max.request.size = 1048576
	metadata.max.age.ms = 300000
	metadata.max.idle.ms = 300000
	metadata.recovery.strategy = none
	metric.reporters = []
	metrics.num.samples = 2
	metrics.recording.level = INFO
	metrics.sample.window.ms = 30000
	partitioner.adaptive.partitioning.enable = true
	partitioner.availability.timeout.ms = 0
	partitioner.class = null
	partitioner.ignore.keys = false
	receive.buffer.bytes = 32768
	reconnect.backoff.max.ms = 1000
	reconnect.backoff.ms = 50
	request.timeout.ms = 5000
	retries = 2147483647
	retry.backoff.max.ms = 1000
	retry.backoff.ms = 100
	sasl.client.callback.handler.class = null
	sasl.jaas.config = null
	sasl.kerberos.kinit.cmd = /usr/bin/kinit
	sasl.kerberos.min.time.before.relogin = 60000
	sasl.kerberos.service.name = null
	sasl.kerberos.ticket.renew.jitter = 0.05
	sasl.kerberos.ticket.renew.window.factor = 0.8
	sasl.login.callback.handler.class = null
	sasl.login.class = null
	sasl.login.connect.timeout.ms = null
	sasl.login.read.timeout.ms = null
	sasl.login.refresh.buffer.seconds = 300
	sasl.login.refresh.min.period.seconds = 60
	sasl.login.refresh.window.factor = 0.8
	sasl.login.refresh.window.jitter = 0.05
	sasl.login.retry.backoff.max.ms = 10000
	sasl.login.retry.backoff.ms = 100
	sasl.mechanism = GSSAPI
	sasl.oauthbearer.clock.skew.seconds = 30
	sasl.oauthbearer.expected.audience = null
	sasl.oauthbearer.expected.issuer = null
	sasl.oauthbearer.header.urlencode = false
	sasl.oauthbearer.jwks.endpoint.refresh.ms = 3600000
	sasl.oauthbearer.jwks.endpoint.retry.backoff.max.ms = 10000
	sasl.oauthbearer.jwks.endpoint.retry.backoff.ms = 100
	sasl.oauthbearer.jwks.endpoint.url = null
	sasl.oauthbearer.scope.claim.name = scope
	sasl.oauthbearer.sub.claim.name = sub
	sasl.oauthbearer.token.endpoint.url = null
	security.protocol = PLAINTEXT
	security.providers = null
	send.buffer.bytes = 131072
	socket.connection.setup.timeout.max.ms = 30000
	socket.connection.setup.timeout.ms = 10000
	ssl.cipher.suites = null
	ssl.enabled.protocols = [TLSv1.2, TLSv1.3]
	ssl.endpoint.identification.algorithm = https
	ssl.engine.factory.class = null
	ssl.key.password = null
	ssl.keymanager.algorithm = SunX509
	ssl.keystore.certificate.chain = null
	ssl.keystore.key = null
	ssl.keystore.location = null
	ssl.keystore.password = null
	ssl.keystore.type = JKS
	ssl.protocol = TLSv1.3
	ssl.provider = null
	ssl.secure.random.implementation = null
	ssl.trustmanager.algorithm = PKIX
	ssl.truststore.certificates = null
	ssl.truststore.location = null
	ssl.truststore.password = null
	ssl.truststore.type = JKS
	transaction.timeout.ms = 60000
	transactional.id = null
	value.serializer = class io.confluent.kafka.serializers.KafkaAvroSerializer

2025-08-12 14:53:40,335 INFO  [org.apa.kaf.com.tel.int.KafkaMetricsCollector] (main) initializing Kafka metrics collector
2025-08-12 14:53:40,336 INFO  [io.con.kaf.ser.KafkaAvroSerializerConfig] (main) KafkaAvroSerializerConfig values: 
	auto.register.schemas = false
	avro.reflection.allow.null = false
	avro.remove.java.properties = false
	avro.use.logical.type.converters = false
	basic.auth.credentials.source = URL
	basic.auth.user.info = [hidden]
	bearer.auth.cache.expiry.buffer.seconds = 300
	bearer.auth.client.id = null
	bearer.auth.client.secret = null
	bearer.auth.credentials.source = STATIC_TOKEN
	bearer.auth.custom.provider.class = null
	bearer.auth.identity.pool.id = null
	bearer.auth.issuer.endpoint.url = null
	bearer.auth.logical.cluster = null
	bearer.auth.scope = null
	bearer.auth.scope.claim.name = scope
	bearer.auth.sub.claim.name = sub
	bearer.auth.token = [hidden]
	context.name.strategy = class io.confluent.kafka.serializers.context.NullContextNameStrategy
	http.connect.timeout.ms = 60000
	http.read.timeout.ms = 60000
	id.compatibility.strict = true
	key.schema.id.deserializer = class io.confluent.kafka.serializers.schema.id.DualSchemaIdDeserializer
	key.schema.id.serializer = class io.confluent.kafka.serializers.schema.id.PrefixSchemaIdSerializer
	key.subject.name.strategy = class io.confluent.kafka.serializers.subject.TopicNameStrategy
	latest.cache.size = 1000
	latest.cache.ttl.sec = -1
	latest.compatibility.strict = true
	max.retries = 3
	max.schemas.per.subject = 1000
	normalize.schemas = false
	propagate.schema.tags = false
	proxy.host = 
	proxy.port = -1
	retries.max.wait.ms = 20000
	retries.wait.ms = 1000
	rule.actions = []
	rule.executors = []
	rule.service.loader.enable = true
	schema.format = null
	schema.reflection = false
	schema.registry.basic.auth.user.info = [hidden]
	schema.registry.ssl.cipher.suites = null
	schema.registry.ssl.enabled.protocols = [TLSv1.2, TLSv1.3]
	schema.registry.ssl.endpoint.identification.algorithm = https
	schema.registry.ssl.engine.factory.class = null
	schema.registry.ssl.key.password = null
	schema.registry.ssl.keymanager.algorithm = SunX509
	schema.registry.ssl.keystore.certificate.chain = null
	schema.registry.ssl.keystore.key = null
	schema.registry.ssl.keystore.location = null
	schema.registry.ssl.keystore.password = null
	schema.registry.ssl.keystore.type = JKS
	schema.registry.ssl.protocol = TLSv1.3
	schema.registry.ssl.provider = null
	schema.registry.ssl.secure.random.implementation = null
	schema.registry.ssl.trustmanager.algorithm = PKIX
	schema.registry.ssl.truststore.certificates = null
	schema.registry.ssl.truststore.location = null
	schema.registry.ssl.truststore.password = null
	schema.registry.ssl.truststore.type = JKS
	schema.registry.url = [http://registry-app-pg17.apps.ci419.apicurio-testing.org:80/apis/ccompat/v7]
	schema.registry.url.randomize = false
	use.latest.version = false
	use.latest.with.metadata = null
	use.schema.id = -1
	value.schema.id.deserializer = class io.confluent.kafka.serializers.schema.id.DualSchemaIdDeserializer
	value.schema.id.serializer = class io.confluent.kafka.serializers.schema.id.PrefixSchemaIdSerializer
	value.subject.name.strategy = class io.confluent.kafka.serializers.subject.TopicNameStrategy

2025-08-12 14:53:40,339 INFO  [org.apa.kaf.cli.pro.KafkaProducer] (main) [Producer clientId=Producer-topic-b0297e27_cd7d_480f_926a_4446c8d71c74] Instantiated an idempotent producer.
2025-08-12 14:53:40,341 INFO  [org.apa.kaf.cli.pro.ProducerConfig] (main) These configurations '[schema.registry.url, auto.register.schemas, value.subject.name.strategy]' were supplied but are not used yet.
2025-08-12 14:53:40,341 INFO  [org.apa.kaf.com.uti.AppInfoParser] (main) Kafka version: 3.9.1
2025-08-12 14:53:40,341 INFO  [org.apa.kaf.com.uti.AppInfoParser] (main) Kafka commitId: f745dfdcee2b9851
2025-08-12 14:53:40,341 INFO  [org.apa.kaf.com.uti.AppInfoParser] (main) Kafka startTimeMs: 1755010420341
2025-08-12 14:53:40,341 INFO  [io.api.tes.ser.api.SimpleSerdesTesterBuilder$SimpleSerdesTester] (main) Using producer configuration: {schema.registry.url=http://registry-app-pg17.apps.ci419.apicurio-testing.org:80/apis/ccompat/v7, value.serializer=io.confluent.kafka.serializers.KafkaAvroSerializer, request.timeout.ms=5000, auto.register.schemas=false, acks=all, bootstrap.servers=PLAINTEXT://localhost:32769, connections.max.idle.ms=10000, key.serializer=org.apache.kafka.common.serialization.StringSerializer, value.subject.name.strategy=io.confluent.kafka.serializers.subject.TopicNameStrategy, client.id=Producer-topic-b0297e27_cd7d_480f_926a_4446c8d71c74}
2025-08-12 14:53:40,341 INFO  [io.api.tes.ser.api.SimpleSerdesTesterBuilder$SimpleSerdesTester] (main) Using consumer configuration: {}
2025-08-12 14:53:40,341 INFO  [io.api.tes.ser.api.KafkaSerdesTester] (Thread-899) Sending message {"key1": "value-0"} to topic topic-b0297e27_cd7d_480f_926a_4446c8d71c74
2025-08-12 14:53:40,344 INFO  [org.apa.kaf.cli.Metadata] (kafka-producer-network-thread | Producer-topic-b0297e27_cd7d_480f_926a_4446c8d71c74) [Producer clientId=Producer-topic-b0297e27_cd7d_480f_926a_4446c8d71c74] Cluster ID: 4oDFBklZQKWClKkNkfg_eQ
2025-08-12 14:53:40,344 INFO  [org.apa.kaf.cli.pro.int.TransactionManager] (kafka-producer-network-thread | Producer-topic-b0297e27_cd7d_480f_926a_4446c8d71c74) [Producer clientId=Producer-topic-b0297e27_cd7d_480f_926a_4446c8d71c74] ProducerId set to 54 with epoch 0
2025-08-12 14:53:40,409 INFO  [io.api.tes.ser.api.KafkaSerdesTester] (Thread-899) Sending message {"key1": "value-1"} to topic topic-b0297e27_cd7d_480f_926a_4446c8d71c74
2025-08-12 14:53:40,415 INFO  [io.api.tes.ser.api.KafkaSerdesTester] (Thread-899) Sending message {"key1": "value-2"} to topic topic-b0297e27_cd7d_480f_926a_4446c8d71c74
2025-08-12 14:53:40,416 INFO  [io.api.tes.ser.api.KafkaSerdesTester] (Thread-899) Sending message {"key1": "value-3"} to topic topic-b0297e27_cd7d_480f_926a_4446c8d71c74
2025-08-12 14:53:40,418 INFO  [io.api.tes.ser.api.KafkaSerdesTester] (Thread-899) Sending message {"key1": "value-4"} to topic topic-b0297e27_cd7d_480f_926a_4446c8d71c74
2025-08-12 14:53:40,419 INFO  [io.api.tes.ser.api.KafkaSerdesTester] (Thread-899) Sending message {"key1": "value-5"} to topic topic-b0297e27_cd7d_480f_926a_4446c8d71c74
2025-08-12 14:53:40,420 INFO  [io.api.tes.ser.api.KafkaSerdesTester] (Thread-899) Sending message {"key1": "value-6"} to topic topic-b0297e27_cd7d_480f_926a_4446c8d71c74
2025-08-12 14:53:40,421 INFO  [io.api.tes.ser.api.KafkaSerdesTester] (Thread-899) Sending message {"key1": "value-7"} to topic topic-b0297e27_cd7d_480f_926a_4446c8d71c74
2025-08-12 14:53:40,421 INFO  [io.api.tes.ser.api.KafkaSerdesTester] (Thread-899) Sending message {"key1": "value-8"} to topic topic-b0297e27_cd7d_480f_926a_4446c8d71c74
2025-08-12 14:53:40,422 INFO  [io.api.tes.ser.api.KafkaSerdesTester] (Thread-899) Sending message {"key1": "value-9"} to topic topic-b0297e27_cd7d_480f_926a_4446c8d71c74
2025-08-12 14:53:40,423 INFO  [io.api.tes.ser.api.KafkaSerdesTester] (Thread-899) Produced 10 messages
2025-08-12 14:53:40,423 INFO  [org.apa.kaf.cli.pro.KafkaProducer] (Thread-899) [Producer clientId=Producer-topic-b0297e27_cd7d_480f_926a_4446c8d71c74] Closing the Kafka producer with timeoutMillis = 9223372036854775807 ms.
2025-08-12 14:53:40,424 INFO  [org.apa.kaf.com.met.Metrics] (Thread-899) Metrics scheduler closed
2025-08-12 14:53:40,424 INFO  [org.apa.kaf.com.met.Metrics] (Thread-899) Closing reporter org.apache.kafka.common.metrics.JmxReporter
2025-08-12 14:53:40,424 INFO  [org.apa.kaf.com.met.Metrics] (Thread-899) Closing reporter org.apache.kafka.common.telemetry.internals.ClientTelemetryReporter
2025-08-12 14:53:40,424 INFO  [org.apa.kaf.com.met.Metrics] (Thread-899) Metrics reporters closed
2025-08-12 14:53:40,425 INFO  [org.apa.kaf.com.uti.AppInfoParser] (Thread-899) App info kafka.producer for Producer-topic-b0297e27_cd7d_480f_926a_4446c8d71c74 unregistered
**** Registry Base URL: http://registry-app-pg17.apps.ci419.apicurio-testing.org:80
2025-08-12 14:53:40,425 INFO  [org.apa.kaf.cli.con.ConsumerConfig] (main) ConsumerConfig values: 
	allow.auto.create.topics = true
	auto.commit.interval.ms = 500
	auto.include.jmx.reporter = true
	auto.offset.reset = earliest
	bootstrap.servers = [PLAINTEXT://localhost:32769]
	check.crcs = true
	client.dns.lookup = use_all_dns_ips
	client.id = consumer-Consumer-topic-b0297e27_cd7d_480f_926a_4446c8d71c74-41
	client.rack = 
	connections.max.idle.ms = 10000
	default.api.timeout.ms = 60000
	enable.auto.commit = true
	enable.metrics.push = true
	exclude.internal.topics = true
	fetch.max.bytes = 52428800
	fetch.max.wait.ms = 500
	fetch.min.bytes = 1
	group.id = Consumer-topic-b0297e27_cd7d_480f_926a_4446c8d71c74
	group.instance.id = null
	group.protocol = classic
	group.remote.assignor = null
	heartbeat.interval.ms = 3000
	interceptor.classes = []
	internal.leave.group.on.close = true
	internal.throw.on.fetch.stable.offset.unsupported = false
	isolation.level = read_uncommitted
	key.deserializer = class org.apache.kafka.common.serialization.StringDeserializer
	max.partition.fetch.bytes = 1048576
	max.poll.interval.ms = 300000
	max.poll.records = 500
	metadata.max.age.ms = 300000
	metadata.recovery.strategy = none
	metric.reporters = []
	metrics.num.samples = 2
	metrics.recording.level = INFO
	metrics.sample.window.ms = 30000
	partition.assignment.strategy = [class org.apache.kafka.clients.consumer.RangeAssignor, class org.apache.kafka.clients.consumer.CooperativeStickyAssignor]
	receive.buffer.bytes = 65536
	reconnect.backoff.max.ms = 1000
	reconnect.backoff.ms = 50
	request.timeout.ms = 5000
	retry.backoff.max.ms = 1000
	retry.backoff.ms = 100
	sasl.client.callback.handler.class = null
	sasl.jaas.config = null
	sasl.kerberos.kinit.cmd = /usr/bin/kinit
	sasl.kerberos.min.time.before.relogin = 60000
	sasl.kerberos.service.name = null
	sasl.kerberos.ticket.renew.jitter = 0.05
	sasl.kerberos.ticket.renew.window.factor = 0.8
	sasl.login.callback.handler.class = null
	sasl.login.class = null
	sasl.login.connect.timeout.ms = null
	sasl.login.read.timeout.ms = null
	sasl.login.refresh.buffer.seconds = 300
	sasl.login.refresh.min.period.seconds = 60
	sasl.login.refresh.window.factor = 0.8
	sasl.login.refresh.window.jitter = 0.05
	sasl.login.retry.backoff.max.ms = 10000
	sasl.login.retry.backoff.ms = 100
	sasl.mechanism = GSSAPI
	sasl.oauthbearer.clock.skew.seconds = 30
	sasl.oauthbearer.expected.audience = null
	sasl.oauthbearer.expected.issuer = null
	sasl.oauthbearer.header.urlencode = false
	sasl.oauthbearer.jwks.endpoint.refresh.ms = 3600000
	sasl.oauthbearer.jwks.endpoint.retry.backoff.max.ms = 10000
	sasl.oauthbearer.jwks.endpoint.retry.backoff.ms = 100
	sasl.oauthbearer.jwks.endpoint.url = null
	sasl.oauthbearer.scope.claim.name = scope
	sasl.oauthbearer.sub.claim.name = sub
	sasl.oauthbearer.token.endpoint.url = null
	security.protocol = PLAINTEXT
	security.providers = null
	send.buffer.bytes = 131072
	session.timeout.ms = 45000
	socket.connection.setup.timeout.max.ms = 30000
	socket.connection.setup.timeout.ms = 10000
	ssl.cipher.suites = null
	ssl.enabled.protocols = [TLSv1.2, TLSv1.3]
	ssl.endpoint.identification.algorithm = https
	ssl.engine.factory.class = null
	ssl.key.password = null
	ssl.keymanager.algorithm = SunX509
	ssl.keystore.certificate.chain = null
	ssl.keystore.key = null
	ssl.keystore.location = null
	ssl.keystore.password = null
	ssl.keystore.type = JKS
	ssl.protocol = TLSv1.3
	ssl.provider = null
	ssl.secure.random.implementation = null
	ssl.trustmanager.algorithm = PKIX
	ssl.truststore.certificates = null
	ssl.truststore.location = null
	ssl.truststore.password = null
	ssl.truststore.type = JKS
	value.deserializer = class io.apicurio.registry.serde.avro.AvroKafkaDeserializer

2025-08-12 14:53:40,425 INFO  [org.apa.kaf.com.tel.int.KafkaMetricsCollector] (main) initializing Kafka metrics collector
2025-08-12 14:53:40,429 INFO  [org.apa.kaf.cli.con.ConsumerConfig] (main) These configurations '[apicurio.registry.url]' were supplied but are not used yet.
2025-08-12 14:53:40,429 INFO  [org.apa.kaf.com.uti.AppInfoParser] (main) Kafka version: 3.9.1
2025-08-12 14:53:40,429 INFO  [org.apa.kaf.com.uti.AppInfoParser] (main) Kafka commitId: f745dfdcee2b9851
2025-08-12 14:53:40,429 INFO  [org.apa.kaf.com.uti.AppInfoParser] (main) Kafka startTimeMs: 1755010420429
2025-08-12 14:53:40,430 INFO  [org.apa.kaf.cli.con.int.ClassicKafkaConsumer] (Thread-902) [Consumer clientId=consumer-Consumer-topic-b0297e27_cd7d_480f_926a_4446c8d71c74-41, groupId=Consumer-topic-b0297e27_cd7d_480f_926a_4446c8d71c74] Subscribed to topic(s): topic-b0297e27_cd7d_480f_926a_4446c8d71c74
2025-08-12 14:53:40,433 INFO  [org.apa.kaf.cli.Metadata] (Thread-902) [Consumer clientId=consumer-Consumer-topic-b0297e27_cd7d_480f_926a_4446c8d71c74-41, groupId=Consumer-topic-b0297e27_cd7d_480f_926a_4446c8d71c74] Cluster ID: 4oDFBklZQKWClKkNkfg_eQ
2025-08-12 14:53:40,434 INFO  [org.apa.kaf.cli.con.int.ConsumerCoordinator] (Thread-902) [Consumer clientId=consumer-Consumer-topic-b0297e27_cd7d_480f_926a_4446c8d71c74-41, groupId=Consumer-topic-b0297e27_cd7d_480f_926a_4446c8d71c74] Discovered group coordinator localhost:32769 (id: 2147483647 rack: null)
2025-08-12 14:53:40,437 INFO  [org.apa.kaf.cli.con.int.ConsumerCoordinator] (Thread-902) [Consumer clientId=consumer-Consumer-topic-b0297e27_cd7d_480f_926a_4446c8d71c74-41, groupId=Consumer-topic-b0297e27_cd7d_480f_926a_4446c8d71c74] (Re-)joining group
2025-08-12 14:53:40,439 INFO  [org.apa.kaf.cli.con.int.ConsumerCoordinator] (Thread-902) [Consumer clientId=consumer-Consumer-topic-b0297e27_cd7d_480f_926a_4446c8d71c74-41, groupId=Consumer-topic-b0297e27_cd7d_480f_926a_4446c8d71c74] Request joining group due to: need to re-join with the given member-id: consumer-Consumer-topic-b0297e27_cd7d_480f_926a_4446c8d71c74-41-c0a06010-621f-43ab-b232-8ef3b4cc56c2
2025-08-12 14:53:40,439 INFO  [org.apa.kaf.cli.con.int.ConsumerCoordinator] (Thread-902) [Consumer clientId=consumer-Consumer-topic-b0297e27_cd7d_480f_926a_4446c8d71c74-41, groupId=Consumer-topic-b0297e27_cd7d_480f_926a_4446c8d71c74] (Re-)joining group
2025-08-12 14:53:41,431 INFO  [io.api.tes.ser.api.KafkaSerdesTester] (Thread-902) None found
2025-08-12 14:53:42,432 INFO  [io.api.tes.ser.api.KafkaSerdesTester] (Thread-902) None found
2025-08-12 14:53:43,432 INFO  [io.api.tes.ser.api.KafkaSerdesTester] (Thread-902) None found
2025-08-12 14:53:43,441 INFO  [org.apa.kaf.cli.con.int.ConsumerCoordinator] (Thread-902) [Consumer clientId=consumer-Consumer-topic-b0297e27_cd7d_480f_926a_4446c8d71c74-41, groupId=Consumer-topic-b0297e27_cd7d_480f_926a_4446c8d71c74] Successfully joined group with generation Generation{generationId=1, memberId='consumer-Consumer-topic-b0297e27_cd7d_480f_926a_4446c8d71c74-41-c0a06010-621f-43ab-b232-8ef3b4cc56c2', protocol='range'}
2025-08-12 14:53:43,441 INFO  [org.apa.kaf.cli.con.int.ConsumerCoordinator] (Thread-902) [Consumer clientId=consumer-Consumer-topic-b0297e27_cd7d_480f_926a_4446c8d71c74-41, groupId=Consumer-topic-b0297e27_cd7d_480f_926a_4446c8d71c74] Finished assignment for group at generation 1: {consumer-Consumer-topic-b0297e27_cd7d_480f_926a_4446c8d71c74-41-c0a06010-621f-43ab-b232-8ef3b4cc56c2=Assignment(partitions=[topic-b0297e27_cd7d_480f_926a_4446c8d71c74-0])}
2025-08-12 14:53:43,448 INFO  [org.apa.kaf.cli.con.int.ConsumerCoordinator] (Thread-902) [Consumer clientId=consumer-Consumer-topic-b0297e27_cd7d_480f_926a_4446c8d71c74-41, groupId=Consumer-topic-b0297e27_cd7d_480f_926a_4446c8d71c74] Successfully synced group in generation Generation{generationId=1, memberId='consumer-Consumer-topic-b0297e27_cd7d_480f_926a_4446c8d71c74-41-c0a06010-621f-43ab-b232-8ef3b4cc56c2', protocol='range'}
2025-08-12 14:53:43,448 INFO  [org.apa.kaf.cli.con.int.ConsumerCoordinator] (Thread-902) [Consumer clientId=consumer-Consumer-topic-b0297e27_cd7d_480f_926a_4446c8d71c74-41, groupId=Consumer-topic-b0297e27_cd7d_480f_926a_4446c8d71c74] Notifying assignor about the new Assignment(partitions=[topic-b0297e27_cd7d_480f_926a_4446c8d71c74-0])
2025-08-12 14:53:43,448 INFO  [org.apa.kaf.cli.con.int.ConsumerRebalanceListenerInvoker] (Thread-902) [Consumer clientId=consumer-Consumer-topic-b0297e27_cd7d_480f_926a_4446c8d71c74-41, groupId=Consumer-topic-b0297e27_cd7d_480f_926a_4446c8d71c74] Adding newly assigned partitions: topic-b0297e27_cd7d_480f_926a_4446c8d71c74-0
2025-08-12 14:53:43,449 INFO  [org.apa.kaf.cli.con.int.ConsumerCoordinator] (Thread-902) [Consumer clientId=consumer-Consumer-topic-b0297e27_cd7d_480f_926a_4446c8d71c74-41, groupId=Consumer-topic-b0297e27_cd7d_480f_926a_4446c8d71c74] Found no committed offset for partition topic-b0297e27_cd7d_480f_926a_4446c8d71c74-0
2025-08-12 14:53:43,451 INFO  [org.apa.kaf.cli.con.int.SubscriptionState] (Thread-902) [Consumer clientId=consumer-Consumer-topic-b0297e27_cd7d_480f_926a_4446c8d71c74-41, groupId=Consumer-topic-b0297e27_cd7d_480f_926a_4446c8d71c74] Resetting offset for partition topic-b0297e27_cd7d_480f_926a_4446c8d71c74-0 to position FetchPosition{offset=0, offsetEpoch=Optional.empty, currentLeader=LeaderAndEpoch{leader=Optional[localhost:32769 (id: 0 rack: null)], epoch=0}}.
2025-08-12 14:53:43,630 INFO  [io.api.tes.ser.api.KafkaSerdesTester] (Thread-902) topic-b0297e27_cd7d_480f_926a_4446c8d71c74 0 0 {"key1": "value-0"}
2025-08-12 14:53:43,630 INFO  [io.api.tes.ser.api.KafkaSerdesTester] (Thread-902) topic-b0297e27_cd7d_480f_926a_4446c8d71c74 0 1 {"key1": "value-1"}
2025-08-12 14:53:43,630 INFO  [io.api.tes.ser.api.KafkaSerdesTester] (Thread-902) topic-b0297e27_cd7d_480f_926a_4446c8d71c74 0 2 {"key1": "value-2"}
2025-08-12 14:53:43,630 INFO  [io.api.tes.ser.api.KafkaSerdesTester] (Thread-902) topic-b0297e27_cd7d_480f_926a_4446c8d71c74 0 3 {"key1": "value-3"}
2025-08-12 14:53:43,630 INFO  [io.api.tes.ser.api.KafkaSerdesTester] (Thread-902) topic-b0297e27_cd7d_480f_926a_4446c8d71c74 0 4 {"key1": "value-4"}
2025-08-12 14:53:43,630 INFO  [io.api.tes.ser.api.KafkaSerdesTester] (Thread-902) topic-b0297e27_cd7d_480f_926a_4446c8d71c74 0 5 {"key1": "value-5"}
2025-08-12 14:53:43,630 INFO  [io.api.tes.ser.api.KafkaSerdesTester] (Thread-902) topic-b0297e27_cd7d_480f_926a_4446c8d71c74 0 6 {"key1": "value-6"}
2025-08-12 14:53:43,631 INFO  [io.api.tes.ser.api.KafkaSerdesTester] (Thread-902) topic-b0297e27_cd7d_480f_926a_4446c8d71c74 0 7 {"key1": "value-7"}
2025-08-12 14:53:43,631 INFO  [io.api.tes.ser.api.KafkaSerdesTester] (Thread-902) topic-b0297e27_cd7d_480f_926a_4446c8d71c74 0 8 {"key1": "value-8"}
2025-08-12 14:53:43,631 INFO  [io.api.tes.ser.api.KafkaSerdesTester] (Thread-902) topic-b0297e27_cd7d_480f_926a_4446c8d71c74 0 9 {"key1": "value-9"}
2025-08-12 14:53:43,631 INFO  [io.api.tes.ser.api.KafkaSerdesTester] (Thread-902) Consumed 10 messages
2025-08-12 14:53:43,639 INFO  [org.apa.kaf.cli.con.int.ConsumerRebalanceListenerInvoker] (Thread-902) [Consumer clientId=consumer-Consumer-topic-b0297e27_cd7d_480f_926a_4446c8d71c74-41, groupId=Consumer-topic-b0297e27_cd7d_480f_926a_4446c8d71c74] Revoke previously assigned partitions topic-b0297e27_cd7d_480f_926a_4446c8d71c74-0
2025-08-12 14:53:43,639 INFO  [org.apa.kaf.cli.con.int.ConsumerCoordinator] (Thread-902) [Consumer clientId=consumer-Consumer-topic-b0297e27_cd7d_480f_926a_4446c8d71c74-41, groupId=Consumer-topic-b0297e27_cd7d_480f_926a_4446c8d71c74] Member consumer-Consumer-topic-b0297e27_cd7d_480f_926a_4446c8d71c74-41-c0a06010-621f-43ab-b232-8ef3b4cc56c2 sending LeaveGroup request to coordinator localhost:32769 (id: 2147483647 rack: null) due to the consumer is being closed
2025-08-12 14:53:43,639 INFO  [org.apa.kaf.cli.con.int.ConsumerCoordinator] (Thread-902) [Consumer clientId=consumer-Consumer-topic-b0297e27_cd7d_480f_926a_4446c8d71c74-41, groupId=Consumer-topic-b0297e27_cd7d_480f_926a_4446c8d71c74] Resetting generation and member id due to: consumer pro-actively leaving the group
2025-08-12 14:53:43,639 INFO  [org.apa.kaf.cli.con.int.ConsumerCoordinator] (Thread-902) [Consumer clientId=consumer-Consumer-topic-b0297e27_cd7d_480f_926a_4446c8d71c74-41, groupId=Consumer-topic-b0297e27_cd7d_480f_926a_4446c8d71c74] Request joining group due to: consumer pro-actively leaving the group
2025-08-12 14:53:44,135 INFO  [org.apa.kaf.com.met.Metrics] (Thread-902) Metrics scheduler closed
2025-08-12 14:53:44,135 INFO  [org.apa.kaf.com.met.Metrics] (Thread-902) Closing reporter org.apache.kafka.common.metrics.JmxReporter
2025-08-12 14:53:44,135 INFO  [org.apa.kaf.com.met.Metrics] (Thread-902) Closing reporter org.apache.kafka.common.telemetry.internals.ClientTelemetryReporter
2025-08-12 14:53:44,135 INFO  [org.apa.kaf.com.met.Metrics] (Thread-902) Metrics reporters closed
2025-08-12 14:53:44,137 INFO  [org.apa.kaf.com.uti.AppInfoParser] (Thread-902) App info kafka.consumer for consumer-Consumer-topic-b0297e27_cd7d_480f_926a_4446c8d71c74-41 unregistered
2025-08-12 14:53:44,253 INFO  [io.api.tes.ser.con.BasicConfluentSerDesIT] (main) Deleting confluent schema topic-b0297e27_cd7d_480f_926a_4446c8d71c74-value
2025-08-12 14:53:44,315 INFO  [io.api.tes.uti.TestSeparator] (main) io.apicurio.tests.serdes.confluent.BasicConfluentSerDesIT.testAvroConfluentApicurio-FINISHED
2025-08-12 14:53:44,315 INFO  [io.api.tes.uti.TestSeparator] (main) ############################################################################
Test passed: testAvroConfluentApicurio
]]></system-out>
  </testcase>
  <testcase name="testAvroConfluentSerDesWrongStrategyTopic" classname="io.apicurio.tests.serdes.confluent.BasicConfluentSerDesIT" time="0.443">
    <system-out><![CDATA[2025-08-12 14:53:44,316 INFO  [io.api.tes.uti.TestSeparator] (main) ############################################################################
2025-08-12 14:53:44,316 INFO  [io.api.tes.uti.TestSeparator] (main) io.apicurio.tests.serdes.confluent.BasicConfluentSerDesIT.testAvroConfluentSerDesWrongStrategyTopic-STARTED
2025-08-12 14:53:44,450 INFO  [io.api.tes.ser.con.BasicConfluentSerDesIT] (main) Checking that created schema is equal to the get schema
2025-08-12 14:53:44,510 INFO  [io.api.tes.ser.con.BasicConfluentSerDesIT] (main) Created schema with id:53 and name:myrecordconfluent3
**** Registry Base URL: http://registry-app-pg17.apps.ci419.apicurio-testing.org:80
2025-08-12 14:53:44,510 INFO  [org.apa.kaf.cli.pro.ProducerConfig] (main) ProducerConfig values: 
	acks = -1
	auto.include.jmx.reporter = true
	batch.size = 16384
	bootstrap.servers = [PLAINTEXT://localhost:32769]
	buffer.memory = 33554432
	client.dns.lookup = use_all_dns_ips
	client.id = Producer-topic-5c3cd66e_1e67_4853_a480_77fd32da6153
	compression.gzip.level = -1
	compression.lz4.level = 9
	compression.type = none
	compression.zstd.level = 3
	connections.max.idle.ms = 10000
	delivery.timeout.ms = 120000
	enable.idempotence = true
	enable.metrics.push = true
	interceptor.classes = []
	key.serializer = class org.apache.kafka.common.serialization.StringSerializer
	linger.ms = 0
	max.block.ms = 60000
	max.in.flight.requests.per.connection = 5
	max.request.size = 1048576
	metadata.max.age.ms = 300000
	metadata.max.idle.ms = 300000
	metadata.recovery.strategy = none
	metric.reporters = []
	metrics.num.samples = 2
	metrics.recording.level = INFO
	metrics.sample.window.ms = 30000
	partitioner.adaptive.partitioning.enable = true
	partitioner.availability.timeout.ms = 0
	partitioner.class = null
	partitioner.ignore.keys = false
	receive.buffer.bytes = 32768
	reconnect.backoff.max.ms = 1000
	reconnect.backoff.ms = 50
	request.timeout.ms = 5000
	retries = 2147483647
	retry.backoff.max.ms = 1000
	retry.backoff.ms = 100
	sasl.client.callback.handler.class = null
	sasl.jaas.config = null
	sasl.kerberos.kinit.cmd = /usr/bin/kinit
	sasl.kerberos.min.time.before.relogin = 60000
	sasl.kerberos.service.name = null
	sasl.kerberos.ticket.renew.jitter = 0.05
	sasl.kerberos.ticket.renew.window.factor = 0.8
	sasl.login.callback.handler.class = null
	sasl.login.class = null
	sasl.login.connect.timeout.ms = null
	sasl.login.read.timeout.ms = null
	sasl.login.refresh.buffer.seconds = 300
	sasl.login.refresh.min.period.seconds = 60
	sasl.login.refresh.window.factor = 0.8
	sasl.login.refresh.window.jitter = 0.05
	sasl.login.retry.backoff.max.ms = 10000
	sasl.login.retry.backoff.ms = 100
	sasl.mechanism = GSSAPI
	sasl.oauthbearer.clock.skew.seconds = 30
	sasl.oauthbearer.expected.audience = null
	sasl.oauthbearer.expected.issuer = null
	sasl.oauthbearer.header.urlencode = false
	sasl.oauthbearer.jwks.endpoint.refresh.ms = 3600000
	sasl.oauthbearer.jwks.endpoint.retry.backoff.max.ms = 10000
	sasl.oauthbearer.jwks.endpoint.retry.backoff.ms = 100
	sasl.oauthbearer.jwks.endpoint.url = null
	sasl.oauthbearer.scope.claim.name = scope
	sasl.oauthbearer.sub.claim.name = sub
	sasl.oauthbearer.token.endpoint.url = null
	security.protocol = PLAINTEXT
	security.providers = null
	send.buffer.bytes = 131072
	socket.connection.setup.timeout.max.ms = 30000
	socket.connection.setup.timeout.ms = 10000
	ssl.cipher.suites = null
	ssl.enabled.protocols = [TLSv1.2, TLSv1.3]
	ssl.endpoint.identification.algorithm = https
	ssl.engine.factory.class = null
	ssl.key.password = null
	ssl.keymanager.algorithm = SunX509
	ssl.keystore.certificate.chain = null
	ssl.keystore.key = null
	ssl.keystore.location = null
	ssl.keystore.password = null
	ssl.keystore.type = JKS
	ssl.protocol = TLSv1.3
	ssl.provider = null
	ssl.secure.random.implementation = null
	ssl.trustmanager.algorithm = PKIX
	ssl.truststore.certificates = null
	ssl.truststore.location = null
	ssl.truststore.password = null
	ssl.truststore.type = JKS
	transaction.timeout.ms = 60000
	transactional.id = null
	value.serializer = class io.confluent.kafka.serializers.KafkaAvroSerializer

2025-08-12 14:53:44,510 INFO  [org.apa.kaf.com.tel.int.KafkaMetricsCollector] (main) initializing Kafka metrics collector
2025-08-12 14:53:44,511 INFO  [io.con.kaf.ser.KafkaAvroSerializerConfig] (main) KafkaAvroSerializerConfig values: 
	auto.register.schemas = false
	avro.reflection.allow.null = false
	avro.remove.java.properties = false
	avro.use.logical.type.converters = false
	basic.auth.credentials.source = URL
	basic.auth.user.info = [hidden]
	bearer.auth.cache.expiry.buffer.seconds = 300
	bearer.auth.client.id = null
	bearer.auth.client.secret = null
	bearer.auth.credentials.source = STATIC_TOKEN
	bearer.auth.custom.provider.class = null
	bearer.auth.identity.pool.id = null
	bearer.auth.issuer.endpoint.url = null
	bearer.auth.logical.cluster = null
	bearer.auth.scope = null
	bearer.auth.scope.claim.name = scope
	bearer.auth.sub.claim.name = sub
	bearer.auth.token = [hidden]
	context.name.strategy = class io.confluent.kafka.serializers.context.NullContextNameStrategy
	http.connect.timeout.ms = 60000
	http.read.timeout.ms = 60000
	id.compatibility.strict = true
	key.schema.id.deserializer = class io.confluent.kafka.serializers.schema.id.DualSchemaIdDeserializer
	key.schema.id.serializer = class io.confluent.kafka.serializers.schema.id.PrefixSchemaIdSerializer
	key.subject.name.strategy = class io.confluent.kafka.serializers.subject.TopicNameStrategy
	latest.cache.size = 1000
	latest.cache.ttl.sec = -1
	latest.compatibility.strict = true
	max.retries = 3
	max.schemas.per.subject = 1000
	normalize.schemas = false
	propagate.schema.tags = false
	proxy.host = 
	proxy.port = -1
	retries.max.wait.ms = 20000
	retries.wait.ms = 1000
	rule.actions = []
	rule.executors = []
	rule.service.loader.enable = true
	schema.format = null
	schema.reflection = false
	schema.registry.basic.auth.user.info = [hidden]
	schema.registry.ssl.cipher.suites = null
	schema.registry.ssl.enabled.protocols = [TLSv1.2, TLSv1.3]
	schema.registry.ssl.endpoint.identification.algorithm = https
	schema.registry.ssl.engine.factory.class = null
	schema.registry.ssl.key.password = null
	schema.registry.ssl.keymanager.algorithm = SunX509
	schema.registry.ssl.keystore.certificate.chain = null
	schema.registry.ssl.keystore.key = null
	schema.registry.ssl.keystore.location = null
	schema.registry.ssl.keystore.password = null
	schema.registry.ssl.keystore.type = JKS
	schema.registry.ssl.protocol = TLSv1.3
	schema.registry.ssl.provider = null
	schema.registry.ssl.secure.random.implementation = null
	schema.registry.ssl.trustmanager.algorithm = PKIX
	schema.registry.ssl.truststore.certificates = null
	schema.registry.ssl.truststore.location = null
	schema.registry.ssl.truststore.password = null
	schema.registry.ssl.truststore.type = JKS
	schema.registry.url = [http://registry-app-pg17.apps.ci419.apicurio-testing.org:80/apis/ccompat/v7]
	schema.registry.url.randomize = false
	use.latest.version = false
	use.latest.with.metadata = null
	use.schema.id = -1
	value.schema.id.deserializer = class io.confluent.kafka.serializers.schema.id.DualSchemaIdDeserializer
	value.schema.id.serializer = class io.confluent.kafka.serializers.schema.id.PrefixSchemaIdSerializer
	value.subject.name.strategy = class io.confluent.kafka.serializers.subject.TopicNameStrategy

2025-08-12 14:53:44,512 INFO  [org.apa.kaf.cli.pro.KafkaProducer] (main) [Producer clientId=Producer-topic-5c3cd66e_1e67_4853_a480_77fd32da6153] Instantiated an idempotent producer.
2025-08-12 14:53:44,513 INFO  [org.apa.kaf.cli.pro.ProducerConfig] (main) These configurations '[schema.registry.url, auto.register.schemas, value.subject.name.strategy]' were supplied but are not used yet.
2025-08-12 14:53:44,513 INFO  [org.apa.kaf.com.uti.AppInfoParser] (main) Kafka version: 3.9.1
2025-08-12 14:53:44,513 INFO  [org.apa.kaf.com.uti.AppInfoParser] (main) Kafka commitId: f745dfdcee2b9851
2025-08-12 14:53:44,513 INFO  [org.apa.kaf.com.uti.AppInfoParser] (main) Kafka startTimeMs: 1755010424513
2025-08-12 14:53:44,514 INFO  [io.api.tes.ser.api.KafkaSerdesTester] (Thread-903) Sending message {"key1": "value-0"} to topic topic-5c3cd66e_1e67_4853_a480_77fd32da6153
2025-08-12 14:53:44,516 INFO  [org.apa.kaf.cli.Metadata] (kafka-producer-network-thread | Producer-topic-5c3cd66e_1e67_4853_a480_77fd32da6153) [Producer clientId=Producer-topic-5c3cd66e_1e67_4853_a480_77fd32da6153] Cluster ID: 4oDFBklZQKWClKkNkfg_eQ
2025-08-12 14:53:44,516 INFO  [org.apa.kaf.cli.pro.int.TransactionManager] (kafka-producer-network-thread | Producer-topic-5c3cd66e_1e67_4853_a480_77fd32da6153) [Producer clientId=Producer-topic-5c3cd66e_1e67_4853_a480_77fd32da6153] ProducerId set to 55 with epoch 0
2025-08-12 14:53:44,579 INFO  [org.apa.kaf.cli.pro.KafkaProducer] (Thread-903) [Producer clientId=Producer-topic-5c3cd66e_1e67_4853_a480_77fd32da6153] Closing the Kafka producer with timeoutMillis = 9223372036854775807 ms.
2025-08-12 14:53:44,580 INFO  [org.apa.kaf.com.met.Metrics] (Thread-903) Metrics scheduler closed
2025-08-12 14:53:44,580 INFO  [org.apa.kaf.com.met.Metrics] (Thread-903) Closing reporter org.apache.kafka.common.metrics.JmxReporter
2025-08-12 14:53:44,580 INFO  [org.apa.kaf.com.met.Metrics] (Thread-903) Closing reporter org.apache.kafka.common.telemetry.internals.ClientTelemetryReporter
2025-08-12 14:53:44,580 INFO  [org.apa.kaf.com.met.Metrics] (Thread-903) Metrics reporters closed
2025-08-12 14:53:44,580 INFO  [org.apa.kaf.com.uti.AppInfoParser] (Thread-903) App info kafka.producer for Producer-topic-5c3cd66e_1e67_4853_a480_77fd32da6153 unregistered
2025-08-12 14:53:44,695 INFO  [io.api.tes.ser.con.BasicConfluentSerDesIT] (main) Deleting confluent schema myrecordconfluent3
2025-08-12 14:53:44,758 INFO  [io.api.tes.uti.TestSeparator] (main) io.apicurio.tests.serdes.confluent.BasicConfluentSerDesIT.testAvroConfluentSerDesWrongStrategyTopic-FINISHED
2025-08-12 14:53:44,758 INFO  [io.api.tes.uti.TestSeparator] (main) ############################################################################
Test passed: testAvroConfluentSerDesWrongStrategyTopic
]]></system-out>
  </testcase>
  <testcase name="testAvroApicurioConfluent" classname="io.apicurio.tests.serdes.confluent.BasicConfluentSerDesIT" time="5.054">
    <system-out><![CDATA[2025-08-12 14:53:44,759 INFO  [io.api.tes.uti.TestSeparator] (main) ############################################################################
2025-08-12 14:53:44,759 INFO  [io.api.tes.uti.TestSeparator] (main) io.apicurio.tests.serdes.confluent.BasicConfluentSerDesIT.testAvroApicurioConfluent-STARTED
**** Registry Base URL: http://registry-app-pg17.apps.ci419.apicurio-testing.org:80
2025-08-12 14:53:45,891 INFO  [org.apa.kaf.cli.pro.ProducerConfig] (main) ProducerConfig values: 
	acks = -1
	auto.include.jmx.reporter = true
	batch.size = 16384
	bootstrap.servers = [PLAINTEXT://localhost:32769]
	buffer.memory = 33554432
	client.dns.lookup = use_all_dns_ips
	client.id = Producer-topic-56470205_fc57_40e5_91e0_349c4bd4df2e
	compression.gzip.level = -1
	compression.lz4.level = 9
	compression.type = none
	compression.zstd.level = 3
	connections.max.idle.ms = 10000
	delivery.timeout.ms = 120000
	enable.idempotence = true
	enable.metrics.push = true
	interceptor.classes = []
	key.serializer = class org.apache.kafka.common.serialization.StringSerializer
	linger.ms = 0
	max.block.ms = 60000
	max.in.flight.requests.per.connection = 5
	max.request.size = 1048576
	metadata.max.age.ms = 300000
	metadata.max.idle.ms = 300000
	metadata.recovery.strategy = none
	metric.reporters = []
	metrics.num.samples = 2
	metrics.recording.level = INFO
	metrics.sample.window.ms = 30000
	partitioner.adaptive.partitioning.enable = true
	partitioner.availability.timeout.ms = 0
	partitioner.class = null
	partitioner.ignore.keys = false
	receive.buffer.bytes = 32768
	reconnect.backoff.max.ms = 1000
	reconnect.backoff.ms = 50
	request.timeout.ms = 5000
	retries = 2147483647
	retry.backoff.max.ms = 1000
	retry.backoff.ms = 100
	sasl.client.callback.handler.class = null
	sasl.jaas.config = null
	sasl.kerberos.kinit.cmd = /usr/bin/kinit
	sasl.kerberos.min.time.before.relogin = 60000
	sasl.kerberos.service.name = null
	sasl.kerberos.ticket.renew.jitter = 0.05
	sasl.kerberos.ticket.renew.window.factor = 0.8
	sasl.login.callback.handler.class = null
	sasl.login.class = null
	sasl.login.connect.timeout.ms = null
	sasl.login.read.timeout.ms = null
	sasl.login.refresh.buffer.seconds = 300
	sasl.login.refresh.min.period.seconds = 60
	sasl.login.refresh.window.factor = 0.8
	sasl.login.refresh.window.jitter = 0.05
	sasl.login.retry.backoff.max.ms = 10000
	sasl.login.retry.backoff.ms = 100
	sasl.mechanism = GSSAPI
	sasl.oauthbearer.clock.skew.seconds = 30
	sasl.oauthbearer.expected.audience = null
	sasl.oauthbearer.expected.issuer = null
	sasl.oauthbearer.header.urlencode = false
	sasl.oauthbearer.jwks.endpoint.refresh.ms = 3600000
	sasl.oauthbearer.jwks.endpoint.retry.backoff.max.ms = 10000
	sasl.oauthbearer.jwks.endpoint.retry.backoff.ms = 100
	sasl.oauthbearer.jwks.endpoint.url = null
	sasl.oauthbearer.scope.claim.name = scope
	sasl.oauthbearer.sub.claim.name = sub
	sasl.oauthbearer.token.endpoint.url = null
	security.protocol = PLAINTEXT
	security.providers = null
	send.buffer.bytes = 131072
	socket.connection.setup.timeout.max.ms = 30000
	socket.connection.setup.timeout.ms = 10000
	ssl.cipher.suites = null
	ssl.enabled.protocols = [TLSv1.2, TLSv1.3]
	ssl.endpoint.identification.algorithm = https
	ssl.engine.factory.class = null
	ssl.key.password = null
	ssl.keymanager.algorithm = SunX509
	ssl.keystore.certificate.chain = null
	ssl.keystore.key = null
	ssl.keystore.location = null
	ssl.keystore.password = null
	ssl.keystore.type = JKS
	ssl.protocol = TLSv1.3
	ssl.provider = null
	ssl.secure.random.implementation = null
	ssl.trustmanager.algorithm = PKIX
	ssl.truststore.certificates = null
	ssl.truststore.location = null
	ssl.truststore.password = null
	ssl.truststore.type = JKS
	transaction.timeout.ms = 60000
	transactional.id = null
	value.serializer = class io.apicurio.registry.serde.avro.AvroKafkaSerializer

2025-08-12 14:53:45,891 INFO  [org.apa.kaf.com.tel.int.KafkaMetricsCollector] (main) initializing Kafka metrics collector
2025-08-12 14:53:45,893 INFO  [org.apa.kaf.cli.pro.KafkaProducer] (main) [Producer clientId=Producer-topic-56470205_fc57_40e5_91e0_349c4bd4df2e] Instantiated an idempotent producer.
2025-08-12 14:53:45,895 INFO  [org.apa.kaf.cli.pro.ProducerConfig] (main) These configurations '[apicurio.registry.url, apicurio.registry.artifact-resolver-strategy]' were supplied but are not used yet.
2025-08-12 14:53:45,895 INFO  [org.apa.kaf.com.uti.AppInfoParser] (main) Kafka version: 3.9.1
2025-08-12 14:53:45,895 INFO  [org.apa.kaf.com.uti.AppInfoParser] (main) Kafka commitId: f745dfdcee2b9851
2025-08-12 14:53:45,895 INFO  [org.apa.kaf.com.uti.AppInfoParser] (main) Kafka startTimeMs: 1755010425895
2025-08-12 14:53:45,895 INFO  [io.api.tes.ser.api.SimpleSerdesTesterBuilder$SimpleSerdesTester] (main) Using producer configuration: {apicurio.registry.url=http://registry-app-pg17.apps.ci419.apicurio-testing.org:80/apis/registry/v3, apicurio.registry.artifact-resolver-strategy=io.apicurio.registry.serde.strategy.TopicIdStrategy, value.serializer=io.apicurio.registry.serde.avro.AvroKafkaSerializer, request.timeout.ms=5000, acks=all, bootstrap.servers=PLAINTEXT://localhost:32769, connections.max.idle.ms=10000, key.serializer=org.apache.kafka.common.serialization.StringSerializer, client.id=Producer-topic-56470205_fc57_40e5_91e0_349c4bd4df2e}
2025-08-12 14:53:45,895 INFO  [io.api.tes.ser.api.SimpleSerdesTesterBuilder$SimpleSerdesTester] (main) Using consumer configuration: {}
2025-08-12 14:53:45,895 INFO  [io.api.tes.ser.api.KafkaSerdesTester] (Thread-906) Sending message {"key1": "value-0"} to topic topic-56470205_fc57_40e5_91e0_349c4bd4df2e
2025-08-12 14:53:45,900 INFO  [org.apa.kaf.cli.Metadata] (kafka-producer-network-thread | Producer-topic-56470205_fc57_40e5_91e0_349c4bd4df2e) [Producer clientId=Producer-topic-56470205_fc57_40e5_91e0_349c4bd4df2e] Cluster ID: 4oDFBklZQKWClKkNkfg_eQ
2025-08-12 14:53:45,901 INFO  [org.apa.kaf.cli.pro.int.TransactionManager] (kafka-producer-network-thread | Producer-topic-56470205_fc57_40e5_91e0_349c4bd4df2e) [Producer clientId=Producer-topic-56470205_fc57_40e5_91e0_349c4bd4df2e] ProducerId set to 56 with epoch 0
2025-08-12 14:53:45,901 INFO  [DefaultSchemaResolver] (Thread-906) Retrieving schema content using string: {"type":"record","name":"myrecordconfluent1","fields":[{"name":"key1","type":"string"}]}
2025-08-12 14:53:46,036 INFO  [io.api.tes.ser.api.KafkaSerdesTester] (Thread-906) Sending message {"key1": "value-1"} to topic topic-56470205_fc57_40e5_91e0_349c4bd4df2e
2025-08-12 14:53:46,037 INFO  [io.api.tes.ser.api.KafkaSerdesTester] (Thread-906) Sending message {"key1": "value-2"} to topic topic-56470205_fc57_40e5_91e0_349c4bd4df2e
2025-08-12 14:53:46,037 INFO  [io.api.tes.ser.api.KafkaSerdesTester] (Thread-906) Sending message {"key1": "value-3"} to topic topic-56470205_fc57_40e5_91e0_349c4bd4df2e
2025-08-12 14:53:46,038 INFO  [io.api.tes.ser.api.KafkaSerdesTester] (Thread-906) Sending message {"key1": "value-4"} to topic topic-56470205_fc57_40e5_91e0_349c4bd4df2e
2025-08-12 14:53:46,039 INFO  [io.api.tes.ser.api.KafkaSerdesTester] (Thread-906) Sending message {"key1": "value-5"} to topic topic-56470205_fc57_40e5_91e0_349c4bd4df2e
2025-08-12 14:53:46,040 INFO  [io.api.tes.ser.api.KafkaSerdesTester] (Thread-906) Sending message {"key1": "value-6"} to topic topic-56470205_fc57_40e5_91e0_349c4bd4df2e
2025-08-12 14:53:46,041 INFO  [io.api.tes.ser.api.KafkaSerdesTester] (Thread-906) Sending message {"key1": "value-7"} to topic topic-56470205_fc57_40e5_91e0_349c4bd4df2e
2025-08-12 14:53:46,042 INFO  [io.api.tes.ser.api.KafkaSerdesTester] (Thread-906) Sending message {"key1": "value-8"} to topic topic-56470205_fc57_40e5_91e0_349c4bd4df2e
2025-08-12 14:53:46,043 INFO  [io.api.tes.ser.api.KafkaSerdesTester] (Thread-906) Sending message {"key1": "value-9"} to topic topic-56470205_fc57_40e5_91e0_349c4bd4df2e
2025-08-12 14:53:46,044 INFO  [io.api.tes.ser.api.KafkaSerdesTester] (Thread-906) Produced 10 messages
2025-08-12 14:53:46,044 INFO  [org.apa.kaf.cli.pro.KafkaProducer] (Thread-906) [Producer clientId=Producer-topic-56470205_fc57_40e5_91e0_349c4bd4df2e] Closing the Kafka producer with timeoutMillis = 9223372036854775807 ms.
2025-08-12 14:53:46,045 INFO  [org.apa.kaf.com.met.Metrics] (Thread-906) Metrics scheduler closed
2025-08-12 14:53:46,045 INFO  [org.apa.kaf.com.met.Metrics] (Thread-906) Closing reporter org.apache.kafka.common.metrics.JmxReporter
2025-08-12 14:53:46,045 INFO  [org.apa.kaf.com.met.Metrics] (Thread-906) Closing reporter org.apache.kafka.common.telemetry.internals.ClientTelemetryReporter
2025-08-12 14:53:46,045 INFO  [org.apa.kaf.com.met.Metrics] (Thread-906) Metrics reporters closed
2025-08-12 14:53:46,045 INFO  [org.apa.kaf.com.uti.AppInfoParser] (Thread-906) App info kafka.producer for Producer-topic-56470205_fc57_40e5_91e0_349c4bd4df2e unregistered
**** Registry Base URL: http://registry-app-pg17.apps.ci419.apicurio-testing.org:80
2025-08-12 14:53:46,046 INFO  [org.apa.kaf.cli.con.ConsumerConfig] (main) ConsumerConfig values: 
	allow.auto.create.topics = true
	auto.commit.interval.ms = 500
	auto.include.jmx.reporter = true
	auto.offset.reset = earliest
	bootstrap.servers = [PLAINTEXT://localhost:32769]
	check.crcs = true
	client.dns.lookup = use_all_dns_ips
	client.id = consumer-Consumer-topic-56470205_fc57_40e5_91e0_349c4bd4df2e-42
	client.rack = 
	connections.max.idle.ms = 10000
	default.api.timeout.ms = 60000
	enable.auto.commit = true
	enable.metrics.push = true
	exclude.internal.topics = true
	fetch.max.bytes = 52428800
	fetch.max.wait.ms = 500
	fetch.min.bytes = 1
	group.id = Consumer-topic-56470205_fc57_40e5_91e0_349c4bd4df2e
	group.instance.id = null
	group.protocol = classic
	group.remote.assignor = null
	heartbeat.interval.ms = 3000
	interceptor.classes = []
	internal.leave.group.on.close = true
	internal.throw.on.fetch.stable.offset.unsupported = false
	isolation.level = read_uncommitted
	key.deserializer = class org.apache.kafka.common.serialization.StringDeserializer
	max.partition.fetch.bytes = 1048576
	max.poll.interval.ms = 300000
	max.poll.records = 500
	metadata.max.age.ms = 300000
	metadata.recovery.strategy = none
	metric.reporters = []
	metrics.num.samples = 2
	metrics.recording.level = INFO
	metrics.sample.window.ms = 30000
	partition.assignment.strategy = [class org.apache.kafka.clients.consumer.RangeAssignor, class org.apache.kafka.clients.consumer.CooperativeStickyAssignor]
	receive.buffer.bytes = 65536
	reconnect.backoff.max.ms = 1000
	reconnect.backoff.ms = 50
	request.timeout.ms = 5000
	retry.backoff.max.ms = 1000
	retry.backoff.ms = 100
	sasl.client.callback.handler.class = null
	sasl.jaas.config = null
	sasl.kerberos.kinit.cmd = /usr/bin/kinit
	sasl.kerberos.min.time.before.relogin = 60000
	sasl.kerberos.service.name = null
	sasl.kerberos.ticket.renew.jitter = 0.05
	sasl.kerberos.ticket.renew.window.factor = 0.8
	sasl.login.callback.handler.class = null
	sasl.login.class = null
	sasl.login.connect.timeout.ms = null
	sasl.login.read.timeout.ms = null
	sasl.login.refresh.buffer.seconds = 300
	sasl.login.refresh.min.period.seconds = 60
	sasl.login.refresh.window.factor = 0.8
	sasl.login.refresh.window.jitter = 0.05
	sasl.login.retry.backoff.max.ms = 10000
	sasl.login.retry.backoff.ms = 100
	sasl.mechanism = GSSAPI
	sasl.oauthbearer.clock.skew.seconds = 30
	sasl.oauthbearer.expected.audience = null
	sasl.oauthbearer.expected.issuer = null
	sasl.oauthbearer.header.urlencode = false
	sasl.oauthbearer.jwks.endpoint.refresh.ms = 3600000
	sasl.oauthbearer.jwks.endpoint.retry.backoff.max.ms = 10000
	sasl.oauthbearer.jwks.endpoint.retry.backoff.ms = 100
	sasl.oauthbearer.jwks.endpoint.url = null
	sasl.oauthbearer.scope.claim.name = scope
	sasl.oauthbearer.sub.claim.name = sub
	sasl.oauthbearer.token.endpoint.url = null
	security.protocol = PLAINTEXT
	security.providers = null
	send.buffer.bytes = 131072
	session.timeout.ms = 45000
	socket.connection.setup.timeout.max.ms = 30000
	socket.connection.setup.timeout.ms = 10000
	ssl.cipher.suites = null
	ssl.enabled.protocols = [TLSv1.2, TLSv1.3]
	ssl.endpoint.identification.algorithm = https
	ssl.engine.factory.class = null
	ssl.key.password = null
	ssl.keymanager.algorithm = SunX509
	ssl.keystore.certificate.chain = null
	ssl.keystore.key = null
	ssl.keystore.location = null
	ssl.keystore.password = null
	ssl.keystore.type = JKS
	ssl.protocol = TLSv1.3
	ssl.provider = null
	ssl.secure.random.implementation = null
	ssl.trustmanager.algorithm = PKIX
	ssl.truststore.certificates = null
	ssl.truststore.location = null
	ssl.truststore.password = null
	ssl.truststore.type = JKS
	value.deserializer = class io.confluent.kafka.serializers.KafkaAvroDeserializer

2025-08-12 14:53:46,046 INFO  [org.apa.kaf.com.tel.int.KafkaMetricsCollector] (main) initializing Kafka metrics collector
2025-08-12 14:53:46,046 INFO  [io.con.kaf.ser.KafkaAvroDeserializerConfig] (main) KafkaAvroDeserializerConfig values: 
	auto.register.schemas = true
	avro.reflection.allow.null = false
	avro.use.logical.type.converters = false
	basic.auth.credentials.source = URL
	basic.auth.user.info = [hidden]
	bearer.auth.cache.expiry.buffer.seconds = 300
	bearer.auth.client.id = null
	bearer.auth.client.secret = null
	bearer.auth.credentials.source = STATIC_TOKEN
	bearer.auth.custom.provider.class = null
	bearer.auth.identity.pool.id = null
	bearer.auth.issuer.endpoint.url = null
	bearer.auth.logical.cluster = null
	bearer.auth.scope = null
	bearer.auth.scope.claim.name = scope
	bearer.auth.sub.claim.name = sub
	bearer.auth.token = [hidden]
	context.name.strategy = class io.confluent.kafka.serializers.context.NullContextNameStrategy
	http.connect.timeout.ms = 60000
	http.read.timeout.ms = 60000
	id.compatibility.strict = true
	key.schema.id.deserializer = class io.confluent.kafka.serializers.schema.id.DualSchemaIdDeserializer
	key.schema.id.serializer = class io.confluent.kafka.serializers.schema.id.PrefixSchemaIdSerializer
	key.subject.name.strategy = class io.confluent.kafka.serializers.subject.TopicNameStrategy
	latest.cache.size = 1000
	latest.cache.ttl.sec = -1
	latest.compatibility.strict = true
	max.retries = 3
	max.schemas.per.subject = 1000
	normalize.schemas = false
	propagate.schema.tags = false
	proxy.host = 
	proxy.port = -1
	retries.max.wait.ms = 20000
	retries.wait.ms = 1000
	rule.actions = []
	rule.executors = []
	rule.service.loader.enable = true
	schema.format = null
	schema.reflection = false
	schema.registry.basic.auth.user.info = [hidden]
	schema.registry.ssl.cipher.suites = null
	schema.registry.ssl.enabled.protocols = [TLSv1.2, TLSv1.3]
	schema.registry.ssl.endpoint.identification.algorithm = https
	schema.registry.ssl.engine.factory.class = null
	schema.registry.ssl.key.password = null
	schema.registry.ssl.keymanager.algorithm = SunX509
	schema.registry.ssl.keystore.certificate.chain = null
	schema.registry.ssl.keystore.key = null
	schema.registry.ssl.keystore.location = null
	schema.registry.ssl.keystore.password = null
	schema.registry.ssl.keystore.type = JKS
	schema.registry.ssl.protocol = TLSv1.3
	schema.registry.ssl.provider = null
	schema.registry.ssl.secure.random.implementation = null
	schema.registry.ssl.trustmanager.algorithm = PKIX
	schema.registry.ssl.truststore.certificates = null
	schema.registry.ssl.truststore.location = null
	schema.registry.ssl.truststore.password = null
	schema.registry.ssl.truststore.type = JKS
	schema.registry.url = [http://registry-app-pg17.apps.ci419.apicurio-testing.org:80/apis/ccompat/v7]
	schema.registry.url.randomize = false
	specific.avro.key.type = null
	specific.avro.reader = false
	specific.avro.value.type = null
	use.latest.version = false
	use.latest.with.metadata = null
	use.schema.id = -1
	value.schema.id.deserializer = class io.confluent.kafka.serializers.schema.id.DualSchemaIdDeserializer
	value.schema.id.serializer = class io.confluent.kafka.serializers.schema.id.PrefixSchemaIdSerializer
	value.subject.name.strategy = class io.confluent.kafka.serializers.subject.TopicNameStrategy

2025-08-12 14:53:46,050 INFO  [org.apa.kaf.cli.con.ConsumerConfig] (main) These configurations '[schema.registry.url]' were supplied but are not used yet.
2025-08-12 14:53:46,050 INFO  [org.apa.kaf.com.uti.AppInfoParser] (main) Kafka version: 3.9.1
2025-08-12 14:53:46,050 INFO  [org.apa.kaf.com.uti.AppInfoParser] (main) Kafka commitId: f745dfdcee2b9851
2025-08-12 14:53:46,050 INFO  [org.apa.kaf.com.uti.AppInfoParser] (main) Kafka startTimeMs: 1755010426050
2025-08-12 14:53:46,050 INFO  [org.apa.kaf.cli.con.int.ClassicKafkaConsumer] (Thread-907) [Consumer clientId=consumer-Consumer-topic-56470205_fc57_40e5_91e0_349c4bd4df2e-42, groupId=Consumer-topic-56470205_fc57_40e5_91e0_349c4bd4df2e] Subscribed to topic(s): topic-56470205_fc57_40e5_91e0_349c4bd4df2e
2025-08-12 14:53:46,054 INFO  [org.apa.kaf.cli.Metadata] (Thread-907) [Consumer clientId=consumer-Consumer-topic-56470205_fc57_40e5_91e0_349c4bd4df2e-42, groupId=Consumer-topic-56470205_fc57_40e5_91e0_349c4bd4df2e] Cluster ID: 4oDFBklZQKWClKkNkfg_eQ
2025-08-12 14:53:46,054 INFO  [org.apa.kaf.cli.con.int.ConsumerCoordinator] (Thread-907) [Consumer clientId=consumer-Consumer-topic-56470205_fc57_40e5_91e0_349c4bd4df2e-42, groupId=Consumer-topic-56470205_fc57_40e5_91e0_349c4bd4df2e] Discovered group coordinator localhost:32769 (id: 2147483647 rack: null)
2025-08-12 14:53:46,055 INFO  [org.apa.kaf.cli.con.int.ConsumerCoordinator] (Thread-907) [Consumer clientId=consumer-Consumer-topic-56470205_fc57_40e5_91e0_349c4bd4df2e-42, groupId=Consumer-topic-56470205_fc57_40e5_91e0_349c4bd4df2e] (Re-)joining group
2025-08-12 14:53:46,057 INFO  [org.apa.kaf.cli.con.int.ConsumerCoordinator] (Thread-907) [Consumer clientId=consumer-Consumer-topic-56470205_fc57_40e5_91e0_349c4bd4df2e-42, groupId=Consumer-topic-56470205_fc57_40e5_91e0_349c4bd4df2e] Request joining group due to: need to re-join with the given member-id: consumer-Consumer-topic-56470205_fc57_40e5_91e0_349c4bd4df2e-42-8a02c5f3-5c20-46bf-97dc-3213d17fd60f
2025-08-12 14:53:46,057 INFO  [org.apa.kaf.cli.con.int.ConsumerCoordinator] (Thread-907) [Consumer clientId=consumer-Consumer-topic-56470205_fc57_40e5_91e0_349c4bd4df2e-42, groupId=Consumer-topic-56470205_fc57_40e5_91e0_349c4bd4df2e] (Re-)joining group
2025-08-12 14:53:47,051 INFO  [io.api.tes.ser.api.KafkaSerdesTester] (Thread-907) None found
2025-08-12 14:53:48,051 INFO  [io.api.tes.ser.api.KafkaSerdesTester] (Thread-907) None found
2025-08-12 14:53:49,051 INFO  [io.api.tes.ser.api.KafkaSerdesTester] (Thread-907) None found
2025-08-12 14:53:49,060 INFO  [org.apa.kaf.cli.con.int.ConsumerCoordinator] (Thread-907) [Consumer clientId=consumer-Consumer-topic-56470205_fc57_40e5_91e0_349c4bd4df2e-42, groupId=Consumer-topic-56470205_fc57_40e5_91e0_349c4bd4df2e] Successfully joined group with generation Generation{generationId=1, memberId='consumer-Consumer-topic-56470205_fc57_40e5_91e0_349c4bd4df2e-42-8a02c5f3-5c20-46bf-97dc-3213d17fd60f', protocol='range'}
2025-08-12 14:53:49,060 INFO  [org.apa.kaf.cli.con.int.ConsumerCoordinator] (Thread-907) [Consumer clientId=consumer-Consumer-topic-56470205_fc57_40e5_91e0_349c4bd4df2e-42, groupId=Consumer-topic-56470205_fc57_40e5_91e0_349c4bd4df2e] Finished assignment for group at generation 1: {consumer-Consumer-topic-56470205_fc57_40e5_91e0_349c4bd4df2e-42-8a02c5f3-5c20-46bf-97dc-3213d17fd60f=Assignment(partitions=[topic-56470205_fc57_40e5_91e0_349c4bd4df2e-0])}
2025-08-12 14:53:49,066 INFO  [org.apa.kaf.cli.con.int.ConsumerCoordinator] (Thread-907) [Consumer clientId=consumer-Consumer-topic-56470205_fc57_40e5_91e0_349c4bd4df2e-42, groupId=Consumer-topic-56470205_fc57_40e5_91e0_349c4bd4df2e] Successfully synced group in generation Generation{generationId=1, memberId='consumer-Consumer-topic-56470205_fc57_40e5_91e0_349c4bd4df2e-42-8a02c5f3-5c20-46bf-97dc-3213d17fd60f', protocol='range'}
2025-08-12 14:53:49,066 INFO  [org.apa.kaf.cli.con.int.ConsumerCoordinator] (Thread-907) [Consumer clientId=consumer-Consumer-topic-56470205_fc57_40e5_91e0_349c4bd4df2e-42, groupId=Consumer-topic-56470205_fc57_40e5_91e0_349c4bd4df2e] Notifying assignor about the new Assignment(partitions=[topic-56470205_fc57_40e5_91e0_349c4bd4df2e-0])
2025-08-12 14:53:49,066 INFO  [org.apa.kaf.cli.con.int.ConsumerRebalanceListenerInvoker] (Thread-907) [Consumer clientId=consumer-Consumer-topic-56470205_fc57_40e5_91e0_349c4bd4df2e-42, groupId=Consumer-topic-56470205_fc57_40e5_91e0_349c4bd4df2e] Adding newly assigned partitions: topic-56470205_fc57_40e5_91e0_349c4bd4df2e-0
2025-08-12 14:53:49,067 INFO  [org.apa.kaf.cli.con.int.ConsumerCoordinator] (Thread-907) [Consumer clientId=consumer-Consumer-topic-56470205_fc57_40e5_91e0_349c4bd4df2e-42, groupId=Consumer-topic-56470205_fc57_40e5_91e0_349c4bd4df2e] Found no committed offset for partition topic-56470205_fc57_40e5_91e0_349c4bd4df2e-0
2025-08-12 14:53:49,070 INFO  [org.apa.kaf.cli.con.int.SubscriptionState] (Thread-907) [Consumer clientId=consumer-Consumer-topic-56470205_fc57_40e5_91e0_349c4bd4df2e-42, groupId=Consumer-topic-56470205_fc57_40e5_91e0_349c4bd4df2e] Resetting offset for partition topic-56470205_fc57_40e5_91e0_349c4bd4df2e-0 to position FetchPosition{offset=0, offsetEpoch=Optional.empty, currentLeader=LeaderAndEpoch{leader=Optional[localhost:32769 (id: 0 rack: null)], epoch=0}}.
2025-08-12 14:53:49,132 INFO  [io.api.tes.ser.api.KafkaSerdesTester] (Thread-907) topic-56470205_fc57_40e5_91e0_349c4bd4df2e 0 0 {"key1": "value-0"}
2025-08-12 14:53:49,132 INFO  [io.api.tes.ser.api.KafkaSerdesTester] (Thread-907) topic-56470205_fc57_40e5_91e0_349c4bd4df2e 0 1 {"key1": "value-1"}
2025-08-12 14:53:49,132 INFO  [io.api.tes.ser.api.KafkaSerdesTester] (Thread-907) topic-56470205_fc57_40e5_91e0_349c4bd4df2e 0 2 {"key1": "value-2"}
2025-08-12 14:53:49,132 INFO  [io.api.tes.ser.api.KafkaSerdesTester] (Thread-907) topic-56470205_fc57_40e5_91e0_349c4bd4df2e 0 3 {"key1": "value-3"}
2025-08-12 14:53:49,132 INFO  [io.api.tes.ser.api.KafkaSerdesTester] (Thread-907) topic-56470205_fc57_40e5_91e0_349c4bd4df2e 0 4 {"key1": "value-4"}
2025-08-12 14:53:49,132 INFO  [io.api.tes.ser.api.KafkaSerdesTester] (Thread-907) topic-56470205_fc57_40e5_91e0_349c4bd4df2e 0 5 {"key1": "value-5"}
2025-08-12 14:53:49,132 INFO  [io.api.tes.ser.api.KafkaSerdesTester] (Thread-907) topic-56470205_fc57_40e5_91e0_349c4bd4df2e 0 6 {"key1": "value-6"}
2025-08-12 14:53:49,132 INFO  [io.api.tes.ser.api.KafkaSerdesTester] (Thread-907) topic-56470205_fc57_40e5_91e0_349c4bd4df2e 0 7 {"key1": "value-7"}
2025-08-12 14:53:49,132 INFO  [io.api.tes.ser.api.KafkaSerdesTester] (Thread-907) topic-56470205_fc57_40e5_91e0_349c4bd4df2e 0 8 {"key1": "value-8"}
2025-08-12 14:53:49,132 INFO  [io.api.tes.ser.api.KafkaSerdesTester] (Thread-907) topic-56470205_fc57_40e5_91e0_349c4bd4df2e 0 9 {"key1": "value-9"}
2025-08-12 14:53:49,132 INFO  [io.api.tes.ser.api.KafkaSerdesTester] (Thread-907) Consumed 10 messages
2025-08-12 14:53:49,138 INFO  [org.apa.kaf.cli.con.int.ConsumerRebalanceListenerInvoker] (Thread-907) [Consumer clientId=consumer-Consumer-topic-56470205_fc57_40e5_91e0_349c4bd4df2e-42, groupId=Consumer-topic-56470205_fc57_40e5_91e0_349c4bd4df2e] Revoke previously assigned partitions topic-56470205_fc57_40e5_91e0_349c4bd4df2e-0
2025-08-12 14:53:49,138 INFO  [org.apa.kaf.cli.con.int.ConsumerCoordinator] (Thread-907) [Consumer clientId=consumer-Consumer-topic-56470205_fc57_40e5_91e0_349c4bd4df2e-42, groupId=Consumer-topic-56470205_fc57_40e5_91e0_349c4bd4df2e] Member consumer-Consumer-topic-56470205_fc57_40e5_91e0_349c4bd4df2e-42-8a02c5f3-5c20-46bf-97dc-3213d17fd60f sending LeaveGroup request to coordinator localhost:32769 (id: 2147483647 rack: null) due to the consumer is being closed
2025-08-12 14:53:49,138 INFO  [org.apa.kaf.cli.con.int.ConsumerCoordinator] (Thread-907) [Consumer clientId=consumer-Consumer-topic-56470205_fc57_40e5_91e0_349c4bd4df2e-42, groupId=Consumer-topic-56470205_fc57_40e5_91e0_349c4bd4df2e] Resetting generation and member id due to: consumer pro-actively leaving the group
2025-08-12 14:53:49,138 INFO  [org.apa.kaf.cli.con.int.ConsumerCoordinator] (Thread-907) [Consumer clientId=consumer-Consumer-topic-56470205_fc57_40e5_91e0_349c4bd4df2e-42, groupId=Consumer-topic-56470205_fc57_40e5_91e0_349c4bd4df2e] Request joining group due to: consumer pro-actively leaving the group
2025-08-12 14:53:49,634 INFO  [org.apa.kaf.com.met.Metrics] (Thread-907) Metrics scheduler closed
2025-08-12 14:53:49,634 INFO  [org.apa.kaf.com.met.Metrics] (Thread-907) Closing reporter org.apache.kafka.common.metrics.JmxReporter
2025-08-12 14:53:49,634 INFO  [org.apa.kaf.com.met.Metrics] (Thread-907) Closing reporter org.apache.kafka.common.telemetry.internals.ClientTelemetryReporter
2025-08-12 14:53:49,634 INFO  [org.apa.kaf.com.met.Metrics] (Thread-907) Metrics reporters closed
2025-08-12 14:53:49,635 INFO  [org.apa.kaf.com.uti.AppInfoParser] (Thread-907) App info kafka.consumer for consumer-Consumer-topic-56470205_fc57_40e5_91e0_349c4bd4df2e-42 unregistered
2025-08-12 14:53:49,751 INFO  [io.api.tes.ser.con.BasicConfluentSerDesIT] (main) Deleting confluent schema topic-56470205_fc57_40e5_91e0_349c4bd4df2e-value
2025-08-12 14:53:49,812 INFO  [io.api.tes.uti.TestSeparator] (main) io.apicurio.tests.serdes.confluent.BasicConfluentSerDesIT.testAvroApicurioConfluent-FINISHED
2025-08-12 14:53:49,812 INFO  [io.api.tes.uti.TestSeparator] (main) ############################################################################
Test passed: testAvroApicurioConfluent
]]></system-out>
  </testcase>
  <testcase name="testAvroConfluentSerDesFail" classname="io.apicurio.tests.serdes.confluent.BasicConfluentSerDesIT" time="0.436">
    <system-out><![CDATA[2025-08-12 14:53:49,813 INFO  [io.api.tes.uti.TestSeparator] (main) ############################################################################
2025-08-12 14:53:49,813 INFO  [io.api.tes.uti.TestSeparator] (main) io.apicurio.tests.serdes.confluent.BasicConfluentSerDesIT.testAvroConfluentSerDesFail-STARTED
2025-08-12 14:53:49,944 INFO  [io.api.tes.ser.con.BasicConfluentSerDesIT] (main) Checking that created schema is equal to the get schema
2025-08-12 14:53:50,003 INFO  [io.api.tes.ser.con.BasicConfluentSerDesIT] (main) Created schema with id:55 and name:myrecordconfluent2
**** Registry Base URL: http://registry-app-pg17.apps.ci419.apicurio-testing.org:80
2025-08-12 14:53:50,004 INFO  [org.apa.kaf.cli.pro.ProducerConfig] (main) ProducerConfig values: 
	acks = -1
	auto.include.jmx.reporter = true
	batch.size = 16384
	bootstrap.servers = [PLAINTEXT://localhost:32769]
	buffer.memory = 33554432
	client.dns.lookup = use_all_dns_ips
	client.id = Producer-topic-29e0c967_847c_4ac1_838d_ec7b1786576b
	compression.gzip.level = -1
	compression.lz4.level = 9
	compression.type = none
	compression.zstd.level = 3
	connections.max.idle.ms = 10000
	delivery.timeout.ms = 120000
	enable.idempotence = true
	enable.metrics.push = true
	interceptor.classes = []
	key.serializer = class org.apache.kafka.common.serialization.StringSerializer
	linger.ms = 0
	max.block.ms = 60000
	max.in.flight.requests.per.connection = 5
	max.request.size = 1048576
	metadata.max.age.ms = 300000
	metadata.max.idle.ms = 300000
	metadata.recovery.strategy = none
	metric.reporters = []
	metrics.num.samples = 2
	metrics.recording.level = INFO
	metrics.sample.window.ms = 30000
	partitioner.adaptive.partitioning.enable = true
	partitioner.availability.timeout.ms = 0
	partitioner.class = null
	partitioner.ignore.keys = false
	receive.buffer.bytes = 32768
	reconnect.backoff.max.ms = 1000
	reconnect.backoff.ms = 50
	request.timeout.ms = 5000
	retries = 2147483647
	retry.backoff.max.ms = 1000
	retry.backoff.ms = 100
	sasl.client.callback.handler.class = null
	sasl.jaas.config = null
	sasl.kerberos.kinit.cmd = /usr/bin/kinit
	sasl.kerberos.min.time.before.relogin = 60000
	sasl.kerberos.service.name = null
	sasl.kerberos.ticket.renew.jitter = 0.05
	sasl.kerberos.ticket.renew.window.factor = 0.8
	sasl.login.callback.handler.class = null
	sasl.login.class = null
	sasl.login.connect.timeout.ms = null
	sasl.login.read.timeout.ms = null
	sasl.login.refresh.buffer.seconds = 300
	sasl.login.refresh.min.period.seconds = 60
	sasl.login.refresh.window.factor = 0.8
	sasl.login.refresh.window.jitter = 0.05
	sasl.login.retry.backoff.max.ms = 10000
	sasl.login.retry.backoff.ms = 100
	sasl.mechanism = GSSAPI
	sasl.oauthbearer.clock.skew.seconds = 30
	sasl.oauthbearer.expected.audience = null
	sasl.oauthbearer.expected.issuer = null
	sasl.oauthbearer.header.urlencode = false
	sasl.oauthbearer.jwks.endpoint.refresh.ms = 3600000
	sasl.oauthbearer.jwks.endpoint.retry.backoff.max.ms = 10000
	sasl.oauthbearer.jwks.endpoint.retry.backoff.ms = 100
	sasl.oauthbearer.jwks.endpoint.url = null
	sasl.oauthbearer.scope.claim.name = scope
	sasl.oauthbearer.sub.claim.name = sub
	sasl.oauthbearer.token.endpoint.url = null
	security.protocol = PLAINTEXT
	security.providers = null
	send.buffer.bytes = 131072
	socket.connection.setup.timeout.max.ms = 30000
	socket.connection.setup.timeout.ms = 10000
	ssl.cipher.suites = null
	ssl.enabled.protocols = [TLSv1.2, TLSv1.3]
	ssl.endpoint.identification.algorithm = https
	ssl.engine.factory.class = null
	ssl.key.password = null
	ssl.keymanager.algorithm = SunX509
	ssl.keystore.certificate.chain = null
	ssl.keystore.key = null
	ssl.keystore.location = null
	ssl.keystore.password = null
	ssl.keystore.type = JKS
	ssl.protocol = TLSv1.3
	ssl.provider = null
	ssl.secure.random.implementation = null
	ssl.trustmanager.algorithm = PKIX
	ssl.truststore.certificates = null
	ssl.truststore.location = null
	ssl.truststore.password = null
	ssl.truststore.type = JKS
	transaction.timeout.ms = 60000
	transactional.id = null
	value.serializer = class io.confluent.kafka.serializers.KafkaAvroSerializer

2025-08-12 14:53:50,004 INFO  [org.apa.kaf.com.tel.int.KafkaMetricsCollector] (main) initializing Kafka metrics collector
2025-08-12 14:53:50,004 INFO  [io.con.kaf.ser.KafkaAvroSerializerConfig] (main) KafkaAvroSerializerConfig values: 
	auto.register.schemas = false
	avro.reflection.allow.null = false
	avro.remove.java.properties = false
	avro.use.logical.type.converters = false
	basic.auth.credentials.source = URL
	basic.auth.user.info = [hidden]
	bearer.auth.cache.expiry.buffer.seconds = 300
	bearer.auth.client.id = null
	bearer.auth.client.secret = null
	bearer.auth.credentials.source = STATIC_TOKEN
	bearer.auth.custom.provider.class = null
	bearer.auth.identity.pool.id = null
	bearer.auth.issuer.endpoint.url = null
	bearer.auth.logical.cluster = null
	bearer.auth.scope = null
	bearer.auth.scope.claim.name = scope
	bearer.auth.sub.claim.name = sub
	bearer.auth.token = [hidden]
	context.name.strategy = class io.confluent.kafka.serializers.context.NullContextNameStrategy
	http.connect.timeout.ms = 60000
	http.read.timeout.ms = 60000
	id.compatibility.strict = true
	key.schema.id.deserializer = class io.confluent.kafka.serializers.schema.id.DualSchemaIdDeserializer
	key.schema.id.serializer = class io.confluent.kafka.serializers.schema.id.PrefixSchemaIdSerializer
	key.subject.name.strategy = class io.confluent.kafka.serializers.subject.TopicNameStrategy
	latest.cache.size = 1000
	latest.cache.ttl.sec = -1
	latest.compatibility.strict = true
	max.retries = 3
	max.schemas.per.subject = 1000
	normalize.schemas = false
	propagate.schema.tags = false
	proxy.host = 
	proxy.port = -1
	retries.max.wait.ms = 20000
	retries.wait.ms = 1000
	rule.actions = []
	rule.executors = []
	rule.service.loader.enable = true
	schema.format = null
	schema.reflection = false
	schema.registry.basic.auth.user.info = [hidden]
	schema.registry.ssl.cipher.suites = null
	schema.registry.ssl.enabled.protocols = [TLSv1.2, TLSv1.3]
	schema.registry.ssl.endpoint.identification.algorithm = https
	schema.registry.ssl.engine.factory.class = null
	schema.registry.ssl.key.password = null
	schema.registry.ssl.keymanager.algorithm = SunX509
	schema.registry.ssl.keystore.certificate.chain = null
	schema.registry.ssl.keystore.key = null
	schema.registry.ssl.keystore.location = null
	schema.registry.ssl.keystore.password = null
	schema.registry.ssl.keystore.type = JKS
	schema.registry.ssl.protocol = TLSv1.3
	schema.registry.ssl.provider = null
	schema.registry.ssl.secure.random.implementation = null
	schema.registry.ssl.trustmanager.algorithm = PKIX
	schema.registry.ssl.truststore.certificates = null
	schema.registry.ssl.truststore.location = null
	schema.registry.ssl.truststore.password = null
	schema.registry.ssl.truststore.type = JKS
	schema.registry.url = [http://registry-app-pg17.apps.ci419.apicurio-testing.org:80/apis/ccompat/v7]
	schema.registry.url.randomize = false
	use.latest.version = false
	use.latest.with.metadata = null
	use.schema.id = -1
	value.schema.id.deserializer = class io.confluent.kafka.serializers.schema.id.DualSchemaIdDeserializer
	value.schema.id.serializer = class io.confluent.kafka.serializers.schema.id.PrefixSchemaIdSerializer
	value.subject.name.strategy = class io.confluent.kafka.serializers.subject.RecordNameStrategy

2025-08-12 14:53:50,006 INFO  [org.apa.kaf.cli.pro.KafkaProducer] (main) [Producer clientId=Producer-topic-29e0c967_847c_4ac1_838d_ec7b1786576b] Instantiated an idempotent producer.
2025-08-12 14:53:50,007 INFO  [org.apa.kaf.cli.pro.ProducerConfig] (main) These configurations '[schema.registry.url, auto.register.schemas, value.subject.name.strategy]' were supplied but are not used yet.
2025-08-12 14:53:50,007 INFO  [org.apa.kaf.com.uti.AppInfoParser] (main) Kafka version: 3.9.1
2025-08-12 14:53:50,007 INFO  [org.apa.kaf.com.uti.AppInfoParser] (main) Kafka commitId: f745dfdcee2b9851
2025-08-12 14:53:50,007 INFO  [org.apa.kaf.com.uti.AppInfoParser] (main) Kafka startTimeMs: 1755010430007
2025-08-12 14:53:50,007 INFO  [io.api.tes.ser.api.KafkaSerdesTester] (Thread-908) Sending message {"wrongkey": "value-0"} to topic topic-29e0c967_847c_4ac1_838d_ec7b1786576b
2025-08-12 14:53:50,010 INFO  [org.apa.kaf.cli.Metadata] (kafka-producer-network-thread | Producer-topic-29e0c967_847c_4ac1_838d_ec7b1786576b) [Producer clientId=Producer-topic-29e0c967_847c_4ac1_838d_ec7b1786576b] Cluster ID: 4oDFBklZQKWClKkNkfg_eQ
2025-08-12 14:53:50,010 INFO  [org.apa.kaf.cli.pro.int.TransactionManager] (kafka-producer-network-thread | Producer-topic-29e0c967_847c_4ac1_838d_ec7b1786576b) [Producer clientId=Producer-topic-29e0c967_847c_4ac1_838d_ec7b1786576b] ProducerId set to 57 with epoch 0
2025-08-12 14:53:50,069 INFO  [org.apa.kaf.cli.pro.KafkaProducer] (Thread-908) [Producer clientId=Producer-topic-29e0c967_847c_4ac1_838d_ec7b1786576b] Closing the Kafka producer with timeoutMillis = 9223372036854775807 ms.
2025-08-12 14:53:50,071 INFO  [org.apa.kaf.com.met.Metrics] (Thread-908) Metrics scheduler closed
2025-08-12 14:53:50,071 INFO  [org.apa.kaf.com.met.Metrics] (Thread-908) Closing reporter org.apache.kafka.common.metrics.JmxReporter
2025-08-12 14:53:50,071 INFO  [org.apa.kaf.com.met.Metrics] (Thread-908) Closing reporter org.apache.kafka.common.telemetry.internals.ClientTelemetryReporter
2025-08-12 14:53:50,071 INFO  [org.apa.kaf.com.met.Metrics] (Thread-908) Metrics reporters closed
2025-08-12 14:53:50,071 INFO  [org.apa.kaf.com.uti.AppInfoParser] (Thread-908) App info kafka.producer for Producer-topic-29e0c967_847c_4ac1_838d_ec7b1786576b unregistered
2025-08-12 14:53:50,186 INFO  [io.api.tes.ser.con.BasicConfluentSerDesIT] (main) Deleting confluent schema myrecordconfluent2
2025-08-12 14:53:50,249 INFO  [io.api.tes.uti.TestSeparator] (main) io.apicurio.tests.serdes.confluent.BasicConfluentSerDesIT.testAvroConfluentSerDesFail-FINISHED
2025-08-12 14:53:50,249 INFO  [io.api.tes.uti.TestSeparator] (main) ############################################################################
Test passed: testAvroConfluentSerDesFail
]]></system-out>
  </testcase>
  <testcase name="testAvroConfluentSerDesWrongStrategyRecord" classname="io.apicurio.tests.serdes.confluent.BasicConfluentSerDesIT" time="0.432">
    <system-out><![CDATA[2025-08-12 14:53:50,250 INFO  [io.api.tes.uti.TestSeparator] (main) ############################################################################
2025-08-12 14:53:50,250 INFO  [io.api.tes.uti.TestSeparator] (main) io.apicurio.tests.serdes.confluent.BasicConfluentSerDesIT.testAvroConfluentSerDesWrongStrategyRecord-STARTED
2025-08-12 14:53:50,379 INFO  [io.api.tes.ser.con.BasicConfluentSerDesIT] (main) Checking that created schema is equal to the get schema
2025-08-12 14:53:50,438 INFO  [io.api.tes.ser.con.BasicConfluentSerDesIT] (main) Created schema with id:56 and name:myrecordconfluent4
**** Registry Base URL: http://registry-app-pg17.apps.ci419.apicurio-testing.org:80
2025-08-12 14:53:50,438 INFO  [org.apa.kaf.cli.pro.ProducerConfig] (main) ProducerConfig values: 
	acks = -1
	auto.include.jmx.reporter = true
	batch.size = 16384
	bootstrap.servers = [PLAINTEXT://localhost:32769]
	buffer.memory = 33554432
	client.dns.lookup = use_all_dns_ips
	client.id = Producer-topic-2045dcac_1d0c_4f16_bf9d_fa90f7d1afeb
	compression.gzip.level = -1
	compression.lz4.level = 9
	compression.type = none
	compression.zstd.level = 3
	connections.max.idle.ms = 10000
	delivery.timeout.ms = 120000
	enable.idempotence = true
	enable.metrics.push = true
	interceptor.classes = []
	key.serializer = class org.apache.kafka.common.serialization.StringSerializer
	linger.ms = 0
	max.block.ms = 60000
	max.in.flight.requests.per.connection = 5
	max.request.size = 1048576
	metadata.max.age.ms = 300000
	metadata.max.idle.ms = 300000
	metadata.recovery.strategy = none
	metric.reporters = []
	metrics.num.samples = 2
	metrics.recording.level = INFO
	metrics.sample.window.ms = 30000
	partitioner.adaptive.partitioning.enable = true
	partitioner.availability.timeout.ms = 0
	partitioner.class = null
	partitioner.ignore.keys = false
	receive.buffer.bytes = 32768
	reconnect.backoff.max.ms = 1000
	reconnect.backoff.ms = 50
	request.timeout.ms = 5000
	retries = 2147483647
	retry.backoff.max.ms = 1000
	retry.backoff.ms = 100
	sasl.client.callback.handler.class = null
	sasl.jaas.config = null
	sasl.kerberos.kinit.cmd = /usr/bin/kinit
	sasl.kerberos.min.time.before.relogin = 60000
	sasl.kerberos.service.name = null
	sasl.kerberos.ticket.renew.jitter = 0.05
	sasl.kerberos.ticket.renew.window.factor = 0.8
	sasl.login.callback.handler.class = null
	sasl.login.class = null
	sasl.login.connect.timeout.ms = null
	sasl.login.read.timeout.ms = null
	sasl.login.refresh.buffer.seconds = 300
	sasl.login.refresh.min.period.seconds = 60
	sasl.login.refresh.window.factor = 0.8
	sasl.login.refresh.window.jitter = 0.05
	sasl.login.retry.backoff.max.ms = 10000
	sasl.login.retry.backoff.ms = 100
	sasl.mechanism = GSSAPI
	sasl.oauthbearer.clock.skew.seconds = 30
	sasl.oauthbearer.expected.audience = null
	sasl.oauthbearer.expected.issuer = null
	sasl.oauthbearer.header.urlencode = false
	sasl.oauthbearer.jwks.endpoint.refresh.ms = 3600000
	sasl.oauthbearer.jwks.endpoint.retry.backoff.max.ms = 10000
	sasl.oauthbearer.jwks.endpoint.retry.backoff.ms = 100
	sasl.oauthbearer.jwks.endpoint.url = null
	sasl.oauthbearer.scope.claim.name = scope
	sasl.oauthbearer.sub.claim.name = sub
	sasl.oauthbearer.token.endpoint.url = null
	security.protocol = PLAINTEXT
	security.providers = null
	send.buffer.bytes = 131072
	socket.connection.setup.timeout.max.ms = 30000
	socket.connection.setup.timeout.ms = 10000
	ssl.cipher.suites = null
	ssl.enabled.protocols = [TLSv1.2, TLSv1.3]
	ssl.endpoint.identification.algorithm = https
	ssl.engine.factory.class = null
	ssl.key.password = null
	ssl.keymanager.algorithm = SunX509
	ssl.keystore.certificate.chain = null
	ssl.keystore.key = null
	ssl.keystore.location = null
	ssl.keystore.password = null
	ssl.keystore.type = JKS
	ssl.protocol = TLSv1.3
	ssl.provider = null
	ssl.secure.random.implementation = null
	ssl.trustmanager.algorithm = PKIX
	ssl.truststore.certificates = null
	ssl.truststore.location = null
	ssl.truststore.password = null
	ssl.truststore.type = JKS
	transaction.timeout.ms = 60000
	transactional.id = null
	value.serializer = class io.confluent.kafka.serializers.KafkaAvroSerializer

2025-08-12 14:53:50,439 INFO  [org.apa.kaf.com.tel.int.KafkaMetricsCollector] (main) initializing Kafka metrics collector
2025-08-12 14:53:50,439 INFO  [io.con.kaf.ser.KafkaAvroSerializerConfig] (main) KafkaAvroSerializerConfig values: 
	auto.register.schemas = false
	avro.reflection.allow.null = false
	avro.remove.java.properties = false
	avro.use.logical.type.converters = false
	basic.auth.credentials.source = URL
	basic.auth.user.info = [hidden]
	bearer.auth.cache.expiry.buffer.seconds = 300
	bearer.auth.client.id = null
	bearer.auth.client.secret = null
	bearer.auth.credentials.source = STATIC_TOKEN
	bearer.auth.custom.provider.class = null
	bearer.auth.identity.pool.id = null
	bearer.auth.issuer.endpoint.url = null
	bearer.auth.logical.cluster = null
	bearer.auth.scope = null
	bearer.auth.scope.claim.name = scope
	bearer.auth.sub.claim.name = sub
	bearer.auth.token = [hidden]
	context.name.strategy = class io.confluent.kafka.serializers.context.NullContextNameStrategy
	http.connect.timeout.ms = 60000
	http.read.timeout.ms = 60000
	id.compatibility.strict = true
	key.schema.id.deserializer = class io.confluent.kafka.serializers.schema.id.DualSchemaIdDeserializer
	key.schema.id.serializer = class io.confluent.kafka.serializers.schema.id.PrefixSchemaIdSerializer
	key.subject.name.strategy = class io.confluent.kafka.serializers.subject.TopicNameStrategy
	latest.cache.size = 1000
	latest.cache.ttl.sec = -1
	latest.compatibility.strict = true
	max.retries = 3
	max.schemas.per.subject = 1000
	normalize.schemas = false
	propagate.schema.tags = false
	proxy.host = 
	proxy.port = -1
	retries.max.wait.ms = 20000
	retries.wait.ms = 1000
	rule.actions = []
	rule.executors = []
	rule.service.loader.enable = true
	schema.format = null
	schema.reflection = false
	schema.registry.basic.auth.user.info = [hidden]
	schema.registry.ssl.cipher.suites = null
	schema.registry.ssl.enabled.protocols = [TLSv1.2, TLSv1.3]
	schema.registry.ssl.endpoint.identification.algorithm = https
	schema.registry.ssl.engine.factory.class = null
	schema.registry.ssl.key.password = null
	schema.registry.ssl.keymanager.algorithm = SunX509
	schema.registry.ssl.keystore.certificate.chain = null
	schema.registry.ssl.keystore.key = null
	schema.registry.ssl.keystore.location = null
	schema.registry.ssl.keystore.password = null
	schema.registry.ssl.keystore.type = JKS
	schema.registry.ssl.protocol = TLSv1.3
	schema.registry.ssl.provider = null
	schema.registry.ssl.secure.random.implementation = null
	schema.registry.ssl.trustmanager.algorithm = PKIX
	schema.registry.ssl.truststore.certificates = null
	schema.registry.ssl.truststore.location = null
	schema.registry.ssl.truststore.password = null
	schema.registry.ssl.truststore.type = JKS
	schema.registry.url = [http://registry-app-pg17.apps.ci419.apicurio-testing.org:80/apis/ccompat/v7]
	schema.registry.url.randomize = false
	use.latest.version = false
	use.latest.with.metadata = null
	use.schema.id = -1
	value.schema.id.deserializer = class io.confluent.kafka.serializers.schema.id.DualSchemaIdDeserializer
	value.schema.id.serializer = class io.confluent.kafka.serializers.schema.id.PrefixSchemaIdSerializer
	value.subject.name.strategy = class io.confluent.kafka.serializers.subject.RecordNameStrategy

2025-08-12 14:53:50,441 INFO  [org.apa.kaf.cli.pro.KafkaProducer] (main) [Producer clientId=Producer-topic-2045dcac_1d0c_4f16_bf9d_fa90f7d1afeb] Instantiated an idempotent producer.
2025-08-12 14:53:50,442 INFO  [org.apa.kaf.cli.pro.ProducerConfig] (main) These configurations '[schema.registry.url, auto.register.schemas, value.subject.name.strategy]' were supplied but are not used yet.
2025-08-12 14:53:50,442 INFO  [org.apa.kaf.com.uti.AppInfoParser] (main) Kafka version: 3.9.1
2025-08-12 14:53:50,442 INFO  [org.apa.kaf.com.uti.AppInfoParser] (main) Kafka commitId: f745dfdcee2b9851
2025-08-12 14:53:50,442 INFO  [org.apa.kaf.com.uti.AppInfoParser] (main) Kafka startTimeMs: 1755010430442
2025-08-12 14:53:50,443 INFO  [io.api.tes.ser.api.KafkaSerdesTester] (Thread-909) Sending message {"wrongkey": "value-0"} to topic topic-2045dcac_1d0c_4f16_bf9d_fa90f7d1afeb
2025-08-12 14:53:50,446 INFO  [org.apa.kaf.cli.Metadata] (kafka-producer-network-thread | Producer-topic-2045dcac_1d0c_4f16_bf9d_fa90f7d1afeb) [Producer clientId=Producer-topic-2045dcac_1d0c_4f16_bf9d_fa90f7d1afeb] Cluster ID: 4oDFBklZQKWClKkNkfg_eQ
2025-08-12 14:53:50,446 INFO  [org.apa.kaf.cli.pro.int.TransactionManager] (kafka-producer-network-thread | Producer-topic-2045dcac_1d0c_4f16_bf9d_fa90f7d1afeb) [Producer clientId=Producer-topic-2045dcac_1d0c_4f16_bf9d_fa90f7d1afeb] ProducerId set to 58 with epoch 0
2025-08-12 14:53:50,506 INFO  [org.apa.kaf.cli.pro.KafkaProducer] (Thread-909) [Producer clientId=Producer-topic-2045dcac_1d0c_4f16_bf9d_fa90f7d1afeb] Closing the Kafka producer with timeoutMillis = 9223372036854775807 ms.
2025-08-12 14:53:50,507 INFO  [org.apa.kaf.com.met.Metrics] (Thread-909) Metrics scheduler closed
2025-08-12 14:53:50,507 INFO  [org.apa.kaf.com.met.Metrics] (Thread-909) Closing reporter org.apache.kafka.common.metrics.JmxReporter
2025-08-12 14:53:50,507 INFO  [org.apa.kaf.com.met.Metrics] (Thread-909) Closing reporter org.apache.kafka.common.telemetry.internals.ClientTelemetryReporter
2025-08-12 14:53:50,507 INFO  [org.apa.kaf.com.met.Metrics] (Thread-909) Metrics reporters closed
2025-08-12 14:53:50,507 INFO  [org.apa.kaf.com.uti.AppInfoParser] (Thread-909) App info kafka.producer for Producer-topic-2045dcac_1d0c_4f16_bf9d_fa90f7d1afeb unregistered
2025-08-12 14:53:50,621 INFO  [io.api.tes.ser.con.BasicConfluentSerDesIT] (main) Deleting confluent schema topic-2045dcac_1d0c_4f16_bf9d_fa90f7d1afeb-value
2025-08-12 14:53:50,681 INFO  [io.api.tes.uti.TestSeparator] (main) io.apicurio.tests.serdes.confluent.BasicConfluentSerDesIT.testAvroConfluentSerDesWrongStrategyRecord-FINISHED
2025-08-12 14:53:50,681 INFO  [io.api.tes.uti.TestSeparator] (main) ############################################################################
Test passed: testAvroConfluentSerDesWrongStrategyRecord
]]></system-out>
  </testcase>
</testsuite>