<?xml version="1.0" encoding="UTF-8"?>
<testsuite xmlns:xsi="http://www.w3.org/2001/XMLSchema-instance" xsi:noNamespaceSchemaLocation="https://maven.apache.org/surefire/maven-failsafe-plugin/xsd/failsafe-test-report.xsd" version="3.0.2" name="io.apicurio.tests.serdes.apicurio.AvroSerdeIT" time="103.721" tests="21" errors="0" skipped="2" failures="0">
  <properties>
    <property name="java.specification.version" value="17"/>
    <property name="sun.jnu.encoding" value="UTF-8"/>
    <property name="java.class.path" value="/home/runner/work/apicurio-testing/apicurio-testing/clusters/ci419/namespaces/ksql047/tests/integration/apicurio-registry/integration-tests/target/test-classes:/home/runner/work/apicurio-testing/apicurio-testing/clusters/ci419/namespaces/ksql047/tests/integration/apicurio-registry/integration-tests/target/apicurio-registry-integration-tests-3.0.12-SNAPSHOT.jar:/home/runner/.m2/repository/io/quarkus/quarkus-junit5/3.20.2/quarkus-junit5-3.20.2.jar:/home/runner/.m2/repository/io/quarkus/quarkus-bootstrap-core/3.20.2/quarkus-bootstrap-core-3.20.2.jar:/home/runner/.m2/repository/io/quarkus/quarkus-classloader-commons/3.20.2/quarkus-classloader-commons-3.20.2.jar:/home/runner/.m2/repository/io/quarkus/quarkus-bootstrap-app-model/3.20.2/quarkus-bootstrap-app-model-3.20.2.jar:/home/runner/.m2/repository/io/smallrye/common/smallrye-common-io/2.12.0/smallrye-common-io-2.12.0.jar:/home/runner/.m2/repository/org/eclipse/sisu/org.eclipse.sisu.inject/0.9.0.M3/org.eclipse.sisu.inject-0.9.0.M3.jar:/home/runner/.m2/repository/io/quarkus/quarkus-test-common/3.20.2/quarkus-test-common-3.20.2.jar:/home/runner/.m2/repository/io/quarkus/quarkus-core-deployment/3.20.2/quarkus-core-deployment-3.20.2.jar:/home/runner/.m2/repository/org/aesh/readline/2.6/readline-2.6.jar:/home/runner/.m2/repository/org/fusesource/jansi/jansi/2.4.0/jansi-2.4.0.jar:/home/runner/.m2/repository/org/aesh/aesh/2.8.2/aesh-2.8.2.jar:/home/runner/.m2/repository/io/quarkus/gizmo/gizmo/1.8.0/gizmo-1.8.0.jar:/home/runner/.m2/repository/org/ow2/asm/asm-util/9.7.1/asm-util-9.7.1.jar:/home/runner/.m2/repository/org/ow2/asm/asm-analysis/9.7.1/asm-analysis-9.7.1.jar:/home/runner/.m2/repository/org/ow2/asm/asm-commons/9.7.1/asm-commons-9.7.1.jar:/home/runner/.m2/repository/org/ow2/asm/asm-tree/9.7.1/asm-tree-9.7.1.jar:/home/runner/.m2/repository/io/quarkus/quarkus-hibernate-validator-spi/3.20.2/quarkus-hibernate-validator-spi-3.20.2.jar:/home/runner/.m2/repository/io/quarkus/quarkus-class-change-agent/3.20.2/quarkus-class-change-agent-3.20.2.jar:/home/runner/.m2/repository/io/quarkus/quarkus-devtools-utilities/3.20.2/quarkus-devtools-utilities-3.20.2.jar:/home/runner/.m2/repository/io/quarkus/quarkus-builder/3.20.2/quarkus-builder-3.20.2.jar:/home/runner/.m2/repository/org/graalvm/sdk/nativeimage/23.1.2/nativeimage-23.1.2.jar:/home/runner/.m2/repository/org/graalvm/sdk/word/23.1.2/word-23.1.2.jar:/home/runner/.m2/repository/io/quarkus/quarkus-bootstrap-maven-resolver/3.20.2/quarkus-bootstrap-maven-resolver-3.20.2.jar:/home/runner/.m2/repository/io/smallrye/beanbag/smallrye-beanbag-maven/1.5.2/smallrye-beanbag-maven-1.5.2.jar:/home/runner/.m2/repository/io/smallrye/beanbag/smallrye-beanbag-sisu/1.5.2/smallrye-beanbag-sisu-1.5.2.jar:/home/runner/.m2/repository/io/smallrye/beanbag/smallrye-beanbag/1.5.2/smallrye-beanbag-1.5.2.jar:/home/runner/.m2/repository/javax/inject/javax.inject/1/javax.inject-1.jar:/home/runner/.m2/repository/org/apache/maven/maven-artifact/3.9.9/maven-artifact-3.9.9.jar:/home/runner/.m2/repository/org/apache/maven/maven-builder-support/3.9.9/maven-builder-support-3.9.9.jar:/home/runner/.m2/repository/org/apache/maven/maven-model/3.9.9/maven-model-3.9.9.jar:/home/runner/.m2/repository/org/apache/maven/maven-model-builder/3.9.9/maven-model-builder-3.9.9.jar:/home/runner/.m2/repository/org/apache/maven/maven-repository-metadata/3.9.9/maven-repository-metadata-3.9.9.jar:/home/runner/.m2/repository/org/apache/maven/maven-settings/3.9.9/maven-settings-3.9.9.jar:/home/runner/.m2/repository/org/apache/maven/resolver/maven-resolver-api/1.9.22/maven-resolver-api-1.9.22.jar:/home/runner/.m2/repository/org/apache/maven/resolver/maven-resolver-impl/1.9.22/maven-resolver-impl-1.9.22.jar:/home/runner/.m2/repository/org/apache/maven/resolver/maven-resolver-named-locks/1.9.22/maven-resolver-named-locks-1.9.22.jar:/home/runner/.m2/repository/org/apache/maven/resolver/maven-resolver-spi/1.9.22/maven-resolver-spi-1.9.22.jar:/home/runner/.m2/repository/org/apache/maven/resolver/maven-resolver-util/1.9.22/maven-resolver-util-1.9.22.jar:/home/runner/.m2/repository/org/apache/maven/resolver/maven-resolver-transport-http/1.9.20/maven-resolver-transport-http-1.9.20.jar:/home/runner/.m2/repository/org/apache/maven/wagon/wagon-provider-api/3.5.3/wagon-provider-api-3.5.3.jar:/home/runner/.m2/repository/org/apache/maven/wagon/wagon-http-shared/3.5.3/wagon-http-shared-3.5.3.jar:/home/runner/.m2/repository/org/codehaus/plexus/plexus-interpolation/1.26/plexus-interpolation-1.26.jar:/home/runner/.m2/repository/org/codehaus/plexus/plexus-utils/3.5.1/plexus-utils-3.5.1.jar:/home/runner/.m2/repository/org/codehaus/plexus/plexus-xml/4.0.1/plexus-xml-4.0.1.jar:/home/runner/.m2/repository/org/apache/maven/maven-xml-impl/4.0.0-alpha-5/maven-xml-impl-4.0.0-alpha-5.jar:/home/runner/.m2/repository/org/apache/maven/maven-api-xml/4.0.0-alpha-5/maven-api-xml-4.0.0-alpha-5.jar:/home/runner/.m2/repository/org/apache/maven/maven-api-meta/4.0.0-alpha-5/maven-api-meta-4.0.0-alpha-5.jar:/home/runner/.m2/repository/org/codehaus/plexus/plexus-cipher/2.0/plexus-cipher-2.0.jar:/home/runner/.m2/repository/org/codehaus/plexus/plexus-sec-dispatcher/2.0/plexus-sec-dispatcher-2.0.jar:/home/runner/.m2/repository/org/apache/maven/maven-embedder/3.9.9/maven-embedder-3.9.9.jar:/home/runner/.m2/repository/org/apache/maven/maven-core/3.9.9/maven-core-3.9.9.jar:/home/runner/.m2/repository/org/codehaus/plexus/plexus-component-annotations/2.1.0/plexus-component-annotations-2.1.0.jar:/home/runner/.m2/repository/org/apache/maven/maven-plugin-api/3.9.9/maven-plugin-api-3.9.9.jar:/home/runner/.m2/repository/org/apache/maven/shared/maven-shared-utils/3.4.2/maven-shared-utils-3.4.2.jar:/home/runner/.m2/repository/com/google/inject/guice/5.1.0/guice-5.1.0.jar:/home/runner/.m2/repository/aopalliance/aopalliance/1.0/aopalliance-1.0.jar:/home/runner/.m2/repository/org/codehaus/plexus/plexus-classworlds/2.6.0/plexus-classworlds-2.6.0.jar:/home/runner/.m2/repository/commons-cli/commons-cli/1.8.0/commons-cli-1.8.0.jar:/home/runner/.m2/repository/org/eclipse/sisu/org.eclipse.sisu.plexus/0.9.0.M3/org.eclipse.sisu.plexus-0.9.0.M3.jar:/home/runner/.m2/repository/org/apache/maven/maven-settings-builder/3.9.9/maven-settings-builder-3.9.9.jar:/home/runner/.m2/repository/org/apache/maven/maven-resolver-provider/3.9.9/maven-resolver-provider-3.9.9.jar:/home/runner/.m2/repository/org/apache/maven/resolver/maven-resolver-connector-basic/1.9.22/maven-resolver-connector-basic-1.9.22.jar:/home/runner/.m2/repository/org/apache/maven/resolver/maven-resolver-transport-wagon/1.9.22/maven-resolver-transport-wagon-1.9.22.jar:/home/runner/.m2/repository/org/apache/maven/wagon/wagon-http/3.5.3/wagon-http-3.5.3.jar:/home/runner/.m2/repository/org/apache/maven/wagon/wagon-file/3.5.3/wagon-file-3.5.3.jar:/home/runner/.m2/repository/io/quarkus/quarkus-bootstrap-gradle-resolver/3.20.2/quarkus-bootstrap-gradle-resolver-3.20.2.jar:/home/runner/.m2/repository/io/smallrye/jandex/3.3.0/jandex-3.3.0.jar:/home/runner/.m2/repository/org/jboss/logging/commons-logging-jboss-logging/1.0.0.Final/commons-logging-jboss-logging-1.0.0.Final.jar:/home/runner/.m2/repository/io/quarkus/quarkus-junit5-config/3.20.2/quarkus-junit5-config-3.20.2.jar:/home/runner/.m2/repository/org/junit/jupiter/junit-jupiter-api/5.12.1/junit-jupiter-api-5.12.1.jar:/home/runner/.m2/repository/io/smallrye/config/smallrye-config/3.11.4/smallrye-config-3.11.4.jar:/home/runner/.m2/repository/io/smallrye/config/smallrye-config-core/3.11.4/smallrye-config-core-3.11.4.jar:/home/runner/.m2/repository/io/smallrye/common/smallrye-common-classloader/2.12.0/smallrye-common-classloader-2.12.0.jar:/home/runner/.m2/repository/io/smallrye/config/smallrye-config-common/3.11.4/smallrye-config-common-3.11.4.jar:/home/runner/.m2/repository/org/junit/jupiter/junit-jupiter/5.12.1/junit-jupiter-5.12.1.jar:/home/runner/.m2/repository/org/junit/jupiter/junit-jupiter-params/5.12.1/junit-jupiter-params-5.12.1.jar:/home/runner/.m2/repository/org/junit/jupiter/junit-jupiter-engine/5.12.1/junit-jupiter-engine-5.12.1.jar:/home/runner/.m2/repository/io/quarkus/quarkus-core/3.20.2/quarkus-core-3.20.2.jar:/home/runner/.m2/repository/jakarta/enterprise/jakarta.enterprise.cdi-api/4.1.0/jakarta.enterprise.cdi-api-4.1.0.jar:/home/runner/.m2/repository/jakarta/enterprise/jakarta.enterprise.lang-model/4.1.0/jakarta.enterprise.lang-model-4.1.0.jar:/home/runner/.m2/repository/jakarta/el/jakarta.el-api/5.0.1/jakarta.el-api-5.0.1.jar:/home/runner/.m2/repository/jakarta/interceptor/jakarta.interceptor-api/2.2.0/jakarta.interceptor-api-2.2.0.jar:/home/runner/.m2/repository/jakarta/inject/jakarta.inject-api/2.0.1/jakarta.inject-api-2.0.1.jar:/home/runner/.m2/repository/io/smallrye/common/smallrye-common-os/2.12.0/smallrye-common-os-2.12.0.jar:/home/runner/.m2/repository/io/quarkus/quarkus-ide-launcher/3.20.2/quarkus-ide-launcher-3.20.2.jar:/home/runner/.m2/repository/io/quarkus/quarkus-development-mode-spi/3.20.2/quarkus-development-mode-spi-3.20.2.jar:/home/runner/.m2/repository/org/jboss/logging/jboss-logging/3.6.1.Final/jboss-logging-3.6.1.Final.jar:/home/runner/.m2/repository/org/jboss/logmanager/jboss-logmanager/3.1.2.Final/jboss-logmanager-3.1.2.Final.jar:/home/runner/.m2/repository/io/smallrye/common/smallrye-common-constraint/2.12.0/smallrye-common-constraint-2.12.0.jar:/home/runner/.m2/repository/io/smallrye/common/smallrye-common-cpu/2.12.0/smallrye-common-cpu-2.12.0.jar:/home/runner/.m2/repository/io/smallrye/common/smallrye-common-expression/2.12.0/smallrye-common-expression-2.12.0.jar:/home/runner/.m2/repository/io/smallrye/common/smallrye-common-net/2.12.0/smallrye-common-net-2.12.0.jar:/home/runner/.m2/repository/io/smallrye/common/smallrye-common-ref/2.12.0/smallrye-common-ref-2.12.0.jar:/home/runner/.m2/repository/jakarta/json/jakarta.json-api/2.1.3/jakarta.json-api-2.1.3.jar:/home/runner/.m2/repository/org/eclipse/parsson/parsson/1.1.7/parsson-1.1.7.jar:/home/runner/.m2/repository/org/jboss/logging/jboss-logging-annotations/3.0.4.Final/jboss-logging-annotations-3.0.4.Final.jar:/home/runner/.m2/repository/org/jboss/threads/jboss-threads/3.8.0.Final/jboss-threads-3.8.0.Final.jar:/home/runner/.m2/repository/io/smallrye/common/smallrye-common-annotation/2.12.0/smallrye-common-annotation-2.12.0.jar:/home/runner/.m2/repository/io/smallrye/common/smallrye-common-function/2.12.0/smallrye-common-function-2.12.0.jar:/home/runner/.m2/repository/org/jboss/slf4j/slf4j-jboss-logmanager/2.0.0.Final/slf4j-jboss-logmanager-2.0.0.Final.jar:/home/runner/.m2/repository/org/wildfly/common/wildfly-common/2.0.1/wildfly-common-2.0.1.jar:/home/runner/.m2/repository/io/quarkus/quarkus-bootstrap-runner/3.20.2/quarkus-bootstrap-runner-3.20.2.jar:/home/runner/.m2/repository/io/github/crac/org-crac/0.1.3/org-crac-0.1.3.jar:/home/runner/.m2/repository/io/quarkus/quarkus-fs-util/0.0.10/quarkus-fs-util-0.0.10.jar:/home/runner/.m2/repository/org/jboss/marshalling/jboss-marshalling/2.2.2.Final/jboss-marshalling-2.2.2.Final.jar:/home/runner/.m2/repository/io/fabric8/kubernetes-client/7.1.0/kubernetes-client-7.1.0.jar:/home/runner/.m2/repository/io/fabric8/kubernetes-client-api/7.1.0/kubernetes-client-api-7.1.0.jar:/home/runner/.m2/repository/io/fabric8/kubernetes-model-core/7.1.0/kubernetes-model-core-7.1.0.jar:/home/runner/.m2/repository/io/fabric8/kubernetes-model-common/7.1.0/kubernetes-model-common-7.1.0.jar:/home/runner/.m2/repository/javax/annotation/javax.annotation-api/1.3.2/javax.annotation-api-1.3.2.jar:/home/runner/.m2/repository/io/fabric8/kubernetes-model-gatewayapi/7.1.0/kubernetes-model-gatewayapi-7.1.0.jar:/home/runner/.m2/repository/io/fabric8/kubernetes-model-resource/7.1.0/kubernetes-model-resource-7.1.0.jar:/home/runner/.m2/repository/io/fabric8/kubernetes-model-rbac/7.1.0/kubernetes-model-rbac-7.1.0.jar:/home/runner/.m2/repository/io/fabric8/kubernetes-model-admissionregistration/7.1.0/kubernetes-model-admissionregistration-7.1.0.jar:/home/runner/.m2/repository/io/fabric8/kubernetes-model-apps/7.1.0/kubernetes-model-apps-7.1.0.jar:/home/runner/.m2/repository/io/fabric8/kubernetes-model-autoscaling/7.1.0/kubernetes-model-autoscaling-7.1.0.jar:/home/runner/.m2/repository/io/fabric8/kubernetes-model-apiextensions/7.1.0/kubernetes-model-apiextensions-7.1.0.jar:/home/runner/.m2/repository/io/fabric8/kubernetes-model-batch/7.1.0/kubernetes-model-batch-7.1.0.jar:/home/runner/.m2/repository/io/fabric8/kubernetes-model-certificates/7.1.0/kubernetes-model-certificates-7.1.0.jar:/home/runner/.m2/repository/io/fabric8/kubernetes-model-coordination/7.1.0/kubernetes-model-coordination-7.1.0.jar:/home/runner/.m2/repository/io/fabric8/kubernetes-model-discovery/7.1.0/kubernetes-model-discovery-7.1.0.jar:/home/runner/.m2/repository/io/fabric8/kubernetes-model-events/7.1.0/kubernetes-model-events-7.1.0.jar:/home/runner/.m2/repository/io/fabric8/kubernetes-model-extensions/7.1.0/kubernetes-model-extensions-7.1.0.jar:/home/runner/.m2/repository/io/fabric8/kubernetes-model-flowcontrol/7.1.0/kubernetes-model-flowcontrol-7.1.0.jar:/home/runner/.m2/repository/io/fabric8/kubernetes-model-networking/7.1.0/kubernetes-model-networking-7.1.0.jar:/home/runner/.m2/repository/io/fabric8/kubernetes-model-metrics/7.1.0/kubernetes-model-metrics-7.1.0.jar:/home/runner/.m2/repository/io/fabric8/kubernetes-model-policy/7.1.0/kubernetes-model-policy-7.1.0.jar:/home/runner/.m2/repository/io/fabric8/kubernetes-model-scheduling/7.1.0/kubernetes-model-scheduling-7.1.0.jar:/home/runner/.m2/repository/io/fabric8/kubernetes-model-storageclass/7.1.0/kubernetes-model-storageclass-7.1.0.jar:/home/runner/.m2/repository/io/fabric8/kubernetes-model-node/7.1.0/kubernetes-model-node-7.1.0.jar:/home/runner/.m2/repository/org/snakeyaml/snakeyaml-engine/2.9/snakeyaml-engine-2.9.jar:/home/runner/.m2/repository/com/fasterxml/jackson/dataformat/jackson-dataformat-yaml/2.18.2/jackson-dataformat-yaml-2.18.2.jar:/home/runner/.m2/repository/com/fasterxml/jackson/datatype/jackson-datatype-jsr310/2.18.2/jackson-datatype-jsr310-2.18.2.jar:/home/runner/.m2/repository/io/fabric8/zjsonpatch/7.1.0/zjsonpatch-7.1.0.jar:/home/runner/.m2/repository/io/fabric8/kubernetes-httpclient-vertx/7.1.0/kubernetes-httpclient-vertx-7.1.0.jar:/home/runner/.m2/repository/io/vertx/vertx-web-client/4.5.16/vertx-web-client-4.5.16.jar:/home/runner/.m2/repository/io/vertx/vertx-web-common/4.5.16/vertx-web-common-4.5.16.jar:/home/runner/.m2/repository/io/vertx/vertx-auth-common/4.5.16/vertx-auth-common-4.5.16.jar:/home/runner/.m2/repository/io/vertx/vertx-uri-template/4.5.16/vertx-uri-template-4.5.16.jar:/home/runner/.m2/repository/io/fabric8/openshift-client/7.1.0/openshift-client-7.1.0.jar:/home/runner/.m2/repository/io/fabric8/openshift-client-api/7.1.0/openshift-client-api-7.1.0.jar:/home/runner/.m2/repository/io/fabric8/openshift-model/7.1.0/openshift-model-7.1.0.jar:/home/runner/.m2/repository/io/fabric8/openshift-model-autoscaling/7.1.0/openshift-model-autoscaling-7.1.0.jar:/home/runner/.m2/repository/io/fabric8/openshift-model-operator/7.1.0/openshift-model-operator-7.1.0.jar:/home/runner/.m2/repository/io/fabric8/openshift-model-operatorhub/7.1.0/openshift-model-operatorhub-7.1.0.jar:/home/runner/.m2/repository/io/fabric8/openshift-model-machine/7.1.0/openshift-model-machine-7.1.0.jar:/home/runner/.m2/repository/io/fabric8/openshift-model-whereabouts/7.1.0/openshift-model-whereabouts-7.1.0.jar:/home/runner/.m2/repository/io/fabric8/openshift-model-monitoring/7.1.0/openshift-model-monitoring-7.1.0.jar:/home/runner/.m2/repository/io/fabric8/openshift-model-storageversionmigrator/7.1.0/openshift-model-storageversionmigrator-7.1.0.jar:/home/runner/.m2/repository/io/fabric8/openshift-model-tuned/7.1.0/openshift-model-tuned-7.1.0.jar:/home/runner/.m2/repository/io/fabric8/openshift-model-console/7.1.0/openshift-model-console-7.1.0.jar:/home/runner/.m2/repository/io/fabric8/openshift-model-config/7.1.0/openshift-model-config-7.1.0.jar:/home/runner/.m2/repository/io/fabric8/openshift-model-machineconfiguration/7.1.0/openshift-model-machineconfiguration-7.1.0.jar:/home/runner/.m2/repository/io/fabric8/openshift-model-miscellaneous/7.1.0/openshift-model-miscellaneous-7.1.0.jar:/home/runner/.m2/repository/io/fabric8/openshift-model-hive/7.1.0/openshift-model-hive-7.1.0.jar:/home/runner/.m2/repository/io/fabric8/openshift-model-installer/7.1.0/openshift-model-installer-7.1.0.jar:/home/runner/.m2/repository/org/junit/platform/junit-platform-launcher/1.12.1/junit-platform-launcher-1.12.1.jar:/home/runner/.m2/repository/org/junit/platform/junit-platform-engine/1.12.1/junit-platform-engine-1.12.1.jar:/home/runner/.m2/repository/org/opentest4j/opentest4j/1.3.0/opentest4j-1.3.0.jar:/home/runner/.m2/repository/org/junit/platform/junit-platform-commons/1.12.1/junit-platform-commons-1.12.1.jar:/home/runner/.m2/repository/org/apiguardian/apiguardian-api/1.1.2/apiguardian-api-1.1.2.jar:/home/runner/.m2/repository/jakarta/ws/rs/jakarta.ws.rs-api/3.1.0/jakarta.ws.rs-api-3.1.0.jar:/home/runner/work/apicurio-testing/apicurio-testing/clusters/ci419/namespaces/ksql047/tests/integration/apicurio-registry/java-sdk/target/apicurio-registry-java-sdk-3.0.12-SNAPSHOT.jar:/home/runner/.m2/repository/com/microsoft/kiota/microsoft-kiota-abstractions/1.8.8/microsoft-kiota-abstractions-1.8.8.jar:/home/runner/.m2/repository/io/github/std-uritemplate/std-uritemplate/2.0.0/std-uritemplate-2.0.0.jar:/home/runner/.m2/repository/io/kiota/kiota-http-jdk/0.0.29/kiota-http-jdk-0.0.29.jar:/home/runner/.m2/repository/io/kiota/kiota-http-vertx/0.0.29/kiota-http-vertx-0.0.29.jar:/home/runner/.m2/repository/io/kiota/kiota-serialization-jackson/0.0.29/kiota-serialization-jackson-0.0.29.jar:/home/runner/.m2/repository/com/microsoft/kiota/microsoft-kiota-serialization-text/1.8.8/microsoft-kiota-serialization-text-1.8.8.jar:/home/runner/.m2/repository/com/microsoft/kiota/microsoft-kiota-serialization-form/1.8.8/microsoft-kiota-serialization-form-1.8.8.jar:/home/runner/.m2/repository/com/microsoft/kiota/microsoft-kiota-serialization-multipart/1.8.8/microsoft-kiota-serialization-multipart-1.8.8.jar:/home/runner/.m2/repository/jakarta/annotation/jakarta.annotation-api/3.0.0/jakarta.annotation-api-3.0.0.jar:/home/runner/.m2/repository/io/vertx/vertx-auth-oauth2/4.5.16/vertx-auth-oauth2-4.5.16.jar:/home/runner/work/apicurio-testing/apicurio-testing/clusters/ci419/namespaces/ksql047/tests/integration/apicurio-registry/java-sdk-v2/target/apicurio-registry-v2-java-sdk-3.0.12-SNAPSHOT.jar:/home/runner/work/apicurio-testing/apicurio-testing/clusters/ci419/namespaces/ksql047/tests/integration/apicurio-registry/utils/kafka/target/apicurio-registry-utils-kafka-3.0.12-SNAPSHOT-tests.jar:/home/runner/.m2/repository/org/eclipse/microprofile/config/microprofile-config-api/3.1/microprofile-config-api-3.1.jar:/home/runner/.m2/repository/org/apache/kafka/kafka-clients/3.9.1/kafka-clients-3.9.1.jar:/home/runner/.m2/repository/com/github/luben/zstd-jni/1.5.6-4/zstd-jni-1.5.6-4.jar:/home/runner/.m2/repository/org/lz4/lz4-java/1.8.0/lz4-java-1.8.0.jar:/home/runner/.m2/repository/org/xerial/snappy/snappy-java/1.1.10.5/snappy-java-1.1.10.5.jar:/home/runner/.m2/repository/org/slf4j/slf4j-api/2.0.6/slf4j-api-2.0.6.jar:/home/runner/work/apicurio-testing/apicurio-testing/clusters/ci419/namespaces/ksql047/tests/integration/apicurio-registry/utils/tests/target/apicurio-registry-utils-tests-3.0.12-SNAPSHOT.jar:/home/runner/work/apicurio-testing/apicurio-testing/clusters/ci419/namespaces/ksql047/tests/integration/apicurio-registry/common/target/apicurio-registry-common-3.0.12-SNAPSHOT.jar:/home/runner/.m2/repository/jakarta/validation/jakarta.validation-api/3.0.2/jakarta.validation-api-3.0.2.jar:/home/runner/.m2/repository/com/github/dasniko/testcontainers-keycloak/3.8.0/testcontainers-keycloak-3.8.0.jar:/home/runner/.m2/repository/org/testcontainers/testcontainers/1.20.6/testcontainers-1.20.6.jar:/home/runner/.m2/repository/org/rnorth/duct-tape/duct-tape/1.0.8/duct-tape-1.0.8.jar:/home/runner/.m2/repository/com/github/docker-java/docker-java-transport-zerodep/3.4.1/docker-java-transport-zerodep-3.4.1.jar:/home/runner/.m2/repository/com/github/docker-java/docker-java-transport/3.4.1/docker-java-transport-3.4.1.jar:/home/runner/.m2/repository/net/java/dev/jna/jna/5.8.0/jna-5.8.0.jar:/home/runner/.m2/repository/io/quarkus/quarkus-junit4-mock/3.20.2/quarkus-junit4-mock-3.20.2.jar:/home/runner/.m2/repository/org/jboss/shrinkwrap/shrinkwrap-api/2.0.0-beta-2/shrinkwrap-api-2.0.0-beta-2.jar:/home/runner/.m2/repository/org/jboss/shrinkwrap/shrinkwrap-impl-base/2.0.0-beta-2/shrinkwrap-impl-base-2.0.0-beta-2.jar:/home/runner/.m2/repository/org/jboss/shrinkwrap/shrinkwrap-spi/2.0.0-beta-2/shrinkwrap-spi-2.0.0-beta-2.jar:/home/runner/.m2/repository/org/keycloak/keycloak-admin-client/26.0.4/keycloak-admin-client-26.0.4.jar:/home/runner/.m2/repository/org/keycloak/keycloak-client-common-synced/26.0.4/keycloak-client-common-synced-26.0.4.jar:/home/runner/.m2/repository/jakarta/activation/jakarta.activation-api/2.1.3/jakarta.activation-api-2.1.3.jar:/home/runner/.m2/repository/org/eclipse/microprofile/openapi/microprofile-openapi-api/4.0.2/microprofile-openapi-api-4.0.2.jar:/home/runner/.m2/repository/org/jboss/resteasy/resteasy-client/6.2.12.Final/resteasy-client-6.2.12.Final.jar:/home/runner/.m2/repository/org/jboss/resteasy/resteasy-client-api/6.2.12.Final/resteasy-client-api-6.2.12.Final.jar:/home/runner/.m2/repository/org/jboss/resteasy/resteasy-core-spi/6.2.12.Final/resteasy-core-spi-6.2.12.Final.jar:/home/runner/.m2/repository/org/jboss/resteasy/resteasy-core/6.2.12.Final/resteasy-core-6.2.12.Final.jar:/home/runner/.m2/repository/org/eclipse/angus/angus-activation/2.0.2/angus-activation-2.0.2.jar:/home/runner/.m2/repository/com/ibm/async/asyncutil/0.1.0/asyncutil-0.1.0.jar:/home/runner/.m2/repository/org/reactivestreams/reactive-streams/1.0.4/reactive-streams-1.0.4.jar:/home/runner/.m2/repository/org/jboss/resteasy/resteasy-multipart-provider/6.2.12.Final/resteasy-multipart-provider-6.2.12.Final.jar:/home/runner/.m2/repository/jakarta/mail/jakarta.mail-api/2.1.3/jakarta.mail-api-2.1.3.jar:/home/runner/.m2/repository/org/eclipse/angus/angus-mail/2.0.3/angus-mail-2.0.3.jar:/home/runner/.m2/repository/org/apache/james/apache-mime4j-dom/0.8.12/apache-mime4j-dom-0.8.12.jar:/home/runner/.m2/repository/org/apache/james/apache-mime4j-core/0.8.12/apache-mime4j-core-0.8.12.jar:/home/runner/.m2/repository/org/apache/james/apache-mime4j-storage/0.8.12/apache-mime4j-storage-0.8.12.jar:/home/runner/.m2/repository/org/jboss/resteasy/resteasy-jackson2-provider/6.2.12.Final/resteasy-jackson2-provider-6.2.12.Final.jar:/home/runner/.m2/repository/com/fasterxml/jackson/jakarta/rs/jackson-jakarta-rs-base/2.18.2/jackson-jakarta-rs-base-2.18.2.jar:/home/runner/.m2/repository/com/fasterxml/jackson/jakarta/rs/jackson-jakarta-rs-json-provider/2.18.2/jackson-jakarta-rs-json-provider-2.18.2.jar:/home/runner/.m2/repository/com/fasterxml/jackson/module/jackson-module-jakarta-xmlbind-annotations/2.18.2/jackson-module-jakarta-xmlbind-annotations-2.18.2.jar:/home/runner/.m2/repository/com/github/java-json-tools/json-patch/1.13/json-patch-1.13.jar:/home/runner/.m2/repository/com/github/java-json-tools/msg-simple/1.2/msg-simple-1.2.jar:/home/runner/.m2/repository/com/github/java-json-tools/btf/1.3/btf-1.3.jar:/home/runner/.m2/repository/com/github/java-json-tools/jackson-coreutils/2.0/jackson-coreutils-2.0.jar:/home/runner/.m2/repository/org/jboss/resteasy/resteasy-jaxb-provider/6.2.12.Final/resteasy-jaxb-provider-6.2.12.Final.jar:/home/runner/.m2/repository/org/glassfish/jaxb/codemodel/4.0.5/codemodel-4.0.5.jar:/home/runner/.m2/repository/org/glassfish/jaxb/jaxb-core/4.0.5/jaxb-core-4.0.5.jar:/home/runner/.m2/repository/org/glassfish/jaxb/jaxb-jxc/4.0.5/jaxb-jxc-4.0.5.jar:/home/runner/.m2/repository/org/glassfish/jaxb/jaxb-runtime/4.0.5/jaxb-runtime-4.0.5.jar:/home/runner/.m2/repository/org/glassfish/jaxb/txw2/4.0.5/txw2-4.0.5.jar:/home/runner/.m2/repository/org/glassfish/jaxb/jaxb-xjc/4.0.5/jaxb-xjc-4.0.5.jar:/home/runner/.m2/repository/org/glassfish/jaxb/xsom/4.0.5/xsom-4.0.5.jar:/home/runner/.m2/repository/com/sun/istack/istack-commons-runtime/4.1.2/istack-commons-runtime-4.1.2.jar:/home/runner/.m2/repository/com/sun/istack/istack-commons-tools/4.1.2/istack-commons-tools-4.1.2.jar:/home/runner/.m2/repository/com/sun/xml/bind/external/relaxng-datatype/4.0.5/relaxng-datatype-4.0.5.jar:/home/runner/.m2/repository/com/sun/xml/bind/external/rngom/4.0.5/rngom-4.0.5.jar:/home/runner/.m2/repository/org/testcontainers/mssqlserver/1.20.6/mssqlserver-1.20.6.jar:/home/runner/.m2/repository/org/testcontainers/jdbc/1.20.6/jdbc-1.20.6.jar:/home/runner/.m2/repository/org/testcontainers/database-commons/1.20.6/database-commons-1.20.6.jar:/home/runner/.m2/repository/org/testcontainers/mysql/1.20.6/mysql-1.20.6.jar:/home/runner/.m2/repository/io/strimzi/strimzi-test-container/0.111.0/strimzi-test-container-0.111.0.jar:/home/runner/.m2/repository/org/testcontainers/toxiproxy/1.20.6/toxiproxy-1.20.6.jar:/home/runner/.m2/repository/com/github/docker-java/docker-java-api/3.4.1/docker-java-api-3.4.1.jar:/home/runner/.m2/repository/org/apache/logging/log4j/log4j-slf4j-impl/2.19.0/log4j-slf4j-impl-2.19.0.jar:/home/runner/.m2/repository/org/apache/logging/log4j/log4j-api/2.24.3/log4j-api-2.24.3.jar:/home/runner/.m2/repository/org/apache/logging/log4j/log4j-core/2.19.0/log4j-core-2.19.0.jar:/home/runner/.m2/repository/eu/rekawek/toxiproxy/toxiproxy-java/2.1.7/toxiproxy-java-2.1.7.jar:/home/runner/.m2/repository/org/testcontainers/pulsar/1.21.3/pulsar-1.21.3.jar:/home/runner/.m2/repository/io/debezium/debezium-testing-testcontainers/2.7.4.Final/debezium-testing-testcontainers-2.7.4.Final.jar:/home/runner/.m2/repository/org/testcontainers/kafka/1.20.6/kafka-1.20.6.jar:/home/runner/.m2/repository/com/squareup/okhttp3/okhttp/4.8.1/okhttp-4.8.1.jar:/home/runner/.m2/repository/com/squareup/okio/okio/3.10.2/okio-3.10.2.jar:/home/runner/.m2/repository/com/squareup/okio/okio-jvm/3.10.2/okio-jvm-3.10.2.jar:/home/runner/.m2/repository/org/jetbrains/kotlin/kotlin-stdlib/2.0.21/kotlin-stdlib-2.0.21.jar:/home/runner/.m2/repository/org/awaitility/awaitility/4.3.0/awaitility-4.3.0.jar:/home/runner/.m2/repository/org/testcontainers/mongodb/1.20.6/mongodb-1.20.6.jar:/home/runner/.m2/repository/org/testcontainers/mariadb/1.20.6/mariadb-1.20.6.jar:/home/runner/.m2/repository/org/testcontainers/oracle-xe/1.20.6/oracle-xe-1.20.6.jar:/home/runner/.m2/repository/org/testcontainers/postgresql/1.20.6/postgresql-1.20.6.jar:/home/runner/.m2/repository/org/wiremock/wiremock/3.0.1/wiremock-3.0.1.jar:/home/runner/.m2/repository/org/eclipse/jetty/jetty-server/11.0.15/jetty-server-11.0.15.jar:/home/runner/.m2/repository/org/eclipse/jetty/toolchain/jetty-jakarta-servlet-api/5.0.2/jetty-jakarta-servlet-api-5.0.2.jar:/home/runner/.m2/repository/org/eclipse/jetty/jetty-http/11.0.15/jetty-http-11.0.15.jar:/home/runner/.m2/repository/org/eclipse/jetty/jetty-io/11.0.15/jetty-io-11.0.15.jar:/home/runner/.m2/repository/org/eclipse/jetty/jetty-servlet/11.0.15/jetty-servlet-11.0.15.jar:/home/runner/.m2/repository/org/eclipse/jetty/jetty-security/11.0.15/jetty-security-11.0.15.jar:/home/runner/.m2/repository/org/eclipse/jetty/jetty-servlets/11.0.15/jetty-servlets-11.0.15.jar:/home/runner/.m2/repository/org/eclipse/jetty/jetty-util/11.0.15/jetty-util-11.0.15.jar:/home/runner/.m2/repository/org/eclipse/jetty/jetty-webapp/11.0.15/jetty-webapp-11.0.15.jar:/home/runner/.m2/repository/org/eclipse/jetty/jetty-xml/11.0.15/jetty-xml-11.0.15.jar:/home/runner/.m2/repository/org/eclipse/jetty/jetty-proxy/11.0.15/jetty-proxy-11.0.15.jar:/home/runner/.m2/repository/org/eclipse/jetty/jetty-client/11.0.15/jetty-client-11.0.15.jar:/home/runner/.m2/repository/org/eclipse/jetty/http2/http2-server/11.0.15/http2-server-11.0.15.jar:/home/runner/.m2/repository/org/eclipse/jetty/http2/http2-common/11.0.15/http2-common-11.0.15.jar:/home/runner/.m2/repository/org/eclipse/jetty/http2/http2-hpack/11.0.15/http2-hpack-11.0.15.jar:/home/runner/.m2/repository/org/eclipse/jetty/jetty-alpn-server/11.0.15/jetty-alpn-server-11.0.15.jar:/home/runner/.m2/repository/org/eclipse/jetty/jetty-alpn-java-server/11.0.15/jetty-alpn-java-server-11.0.15.jar:/home/runner/.m2/repository/org/eclipse/jetty/jetty-alpn-java-client/11.0.15/jetty-alpn-java-client-11.0.15.jar:/home/runner/.m2/repository/org/eclipse/jetty/jetty-alpn-client/11.0.15/jetty-alpn-client-11.0.15.jar:/home/runner/.m2/repository/org/apache/httpcomponents/client5/httpclient5/5.2.1/httpclient5-5.2.1.jar:/home/runner/.m2/repository/org/apache/httpcomponents/core5/httpcore5/5.2/httpcore5-5.2.jar:/home/runner/.m2/repository/org/apache/httpcomponents/core5/httpcore5-h2/5.2/httpcore5-h2-5.2.jar:/home/runner/.m2/repository/org/xmlunit/xmlunit-core/2.9.1/xmlunit-core-2.9.1.jar:/home/runner/.m2/repository/jakarta/xml/bind/jakarta.xml.bind-api/4.0.2/jakarta.xml.bind-api-4.0.2.jar:/home/runner/.m2/repository/org/xmlunit/xmlunit-legacy/2.9.1/xmlunit-legacy-2.9.1.jar:/home/runner/.m2/repository/org/xmlunit/xmlunit-placeholders/2.9.1/xmlunit-placeholders-2.9.1.jar:/home/runner/.m2/repository/net/javacrumbs/json-unit/json-unit-core/2.38.0/json-unit-core-2.38.0.jar:/home/runner/.m2/repository/org/hamcrest/hamcrest-core/2.2/hamcrest-core-2.2.jar:/home/runner/.m2/repository/com/jayway/jsonpath/json-path/2.8.0/json-path-2.8.0.jar:/home/runner/.m2/repository/net/minidev/json-smart/2.4.10/json-smart-2.4.10.jar:/home/runner/.m2/repository/net/minidev/accessors-smart/2.4.9/accessors-smart-2.4.9.jar:/home/runner/.m2/repository/org/ow2/asm/asm/9.7.1/asm-9.7.1.jar:/home/runner/.m2/repository/net/sf/jopt-simple/jopt-simple/5.0.4/jopt-simple-5.0.4.jar:/home/runner/.m2/repository/com/github/jknack/handlebars/4.3.1/handlebars-4.3.1.jar:/home/runner/.m2/repository/com/github/jknack/handlebars-helpers/4.3.1/handlebars-helpers-4.3.1.jar:/home/runner/.m2/repository/commons-fileupload/commons-fileupload/1.5/commons-fileupload-1.5.jar:/home/runner/.m2/repository/com/networknt/json-schema-validator/1.5.8/json-schema-validator-1.5.8.jar:/home/runner/.m2/repository/com/ethlo/time/itu/1.10.3/itu-1.10.3.jar:/home/runner/.m2/repository/io/quarkus/quarkus-smallrye-jwt-build/3.20.2/quarkus-smallrye-jwt-build-3.20.2.jar:/home/runner/.m2/repository/io/smallrye/smallrye-jwt-build/4.6.2/smallrye-jwt-build-4.6.2.jar:/home/runner/.m2/repository/org/eclipse/microprofile/jwt/microprofile-jwt-auth-api/2.1/microprofile-jwt-auth-api-2.1.jar:/home/runner/.m2/repository/org/bitbucket/b_c/jose4j/0.9.6/jose4j-0.9.6.jar:/home/runner/.m2/repository/io/smallrye/smallrye-jwt-common/4.6.2/smallrye-jwt-common-4.6.2.jar:/home/runner/.m2/repository/io/quarkus/quarkus-jsonp/3.20.2/quarkus-jsonp-3.20.2.jar:/home/runner/.m2/repository/io/quarkus/quarkus-arc/3.20.2/quarkus-arc-3.20.2.jar:/home/runner/.m2/repository/io/quarkus/arc/arc/3.20.2/arc-3.20.2.jar:/home/runner/.m2/repository/jakarta/transaction/jakarta.transaction-api/2.0.1/jakarta.transaction-api-2.0.1.jar:/home/runner/.m2/repository/io/smallrye/reactive/mutiny/2.9.2/mutiny-2.9.2.jar:/home/runner/.m2/repository/org/jctools/jctools-core/4.0.5/jctools-core-4.0.5.jar:/home/runner/.m2/repository/org/eclipse/microprofile/context-propagation/microprofile-context-propagation-api/1.3/microprofile-context-propagation-api-1.3.jar:/home/runner/.m2/repository/io/apicurio/apicurio-common-rest-client-common/0.1.18.Final/apicurio-common-rest-client-common-0.1.18.Final.jar:/home/runner/work/apicurio-testing/apicurio-testing/clusters/ci419/namespaces/ksql047/tests/integration/apicurio-registry/utils/maven-plugin/target/apicurio-registry-maven-plugin-3.0.12-SNAPSHOT.jar:/home/runner/.m2/repository/com/fasterxml/jackson/core/jackson-databind/2.18.2/jackson-databind-2.18.2.jar:/home/runner/.m2/repository/org/apache/avro/avro/1.12.0/avro-1.12.0.jar:/home/runner/.m2/repository/com/google/protobuf/protobuf-java/4.31.1/protobuf-java-4.31.1.jar:/home/runner/.m2/repository/com/google/protobuf/protobuf-java-util/4.31.1/protobuf-java-util-4.31.1.jar:/home/runner/.m2/repository/com/google/code/findbugs/jsr305/3.0.2/jsr305-3.0.2.jar:/home/runner/.m2/repository/com/google/code/gson/gson/2.12.1/gson-2.12.1.jar:/home/runner/.m2/repository/com/google/errorprone/error_prone_annotations/2.36.0/error_prone_annotations-2.36.0.jar:/home/runner/.m2/repository/com/google/j2objc/j2objc-annotations/2.8/j2objc-annotations-2.8.jar:/home/runner/work/apicurio-testing/apicurio-testing/clusters/ci419/namespaces/ksql047/tests/integration/apicurio-registry/schema-util/util-provider/target/apicurio-registry-schema-util-provider-3.0.12-SNAPSHOT.jar:/home/runner/work/apicurio-testing/apicurio-testing/clusters/ci419/namespaces/ksql047/tests/integration/apicurio-registry/schema-util/common/target/apicurio-registry-schema-util-common-3.0.12-SNAPSHOT.jar:/home/runner/.m2/repository/com/fasterxml/jackson/module/jackson-module-parameter-names/2.18.2/jackson-module-parameter-names-2.18.2.jar:/home/runner/.m2/repository/com/fasterxml/jackson/datatype/jackson-datatype-json-org/2.18.2/jackson-datatype-json-org-2.18.2.jar:/home/runner/work/apicurio-testing/apicurio-testing/clusters/ci419/namespaces/ksql047/tests/integration/apicurio-registry/schema-util/json/target/apicurio-registry-schema-util-json-3.0.12-SNAPSHOT.jar:/home/runner/.m2/repository/com/github/erosb/everit-json-schema/1.14.5/everit-json-schema-1.14.5.jar:/home/runner/.m2/repository/commons-validator/commons-validator/1.9.0/commons-validator-1.9.0.jar:/home/runner/.m2/repository/commons-digester/commons-digester/2.1/commons-digester-2.1.jar:/home/runner/.m2/repository/commons-collections/commons-collections/3.2.2/commons-collections-3.2.2.jar:/home/runner/.m2/repository/com/damnhandy/handy-uri-templates/2.1.8/handy-uri-templates-2.1.8.jar:/home/runner/.m2/repository/joda-time/joda-time/2.10.2/joda-time-2.10.2.jar:/home/runner/.m2/repository/com/github/erosb/json-sKema/0.20.0/json-sKema-0.20.0.jar:/home/runner/.m2/repository/io/vertx/vertx-json-schema/4.5.16/vertx-json-schema-4.5.16.jar:/home/runner/work/apicurio-testing/apicurio-testing/clusters/ci419/namespaces/ksql047/tests/integration/apicurio-registry/schema-util/protobuf/target/apicurio-registry-schema-util-protobuf-3.0.12-SNAPSHOT.jar:/home/runner/work/apicurio-testing/apicurio-testing/clusters/ci419/namespaces/ksql047/tests/integration/apicurio-registry/utils/protobuf-schema-utilities/target/apicurio-registry-protobuf-schema-utilities-3.0.12-SNAPSHOT.jar:/home/runner/.m2/repository/com/google/api/grpc/proto-google-common-protos/2.52.0/proto-google-common-protos-2.52.0.jar:/home/runner/.m2/repository/com/squareup/wire/wire-schema-jvm/5.3.3/wire-schema-jvm-5.3.3.jar:/home/runner/.m2/repository/com/palantir/javapoet/javapoet/0.6.0/javapoet-0.6.0.jar:/home/runner/.m2/repository/com/squareup/kotlinpoet-jvm/2.0.0/kotlinpoet-jvm-2.0.0.jar:/home/runner/.m2/repository/org/jetbrains/kotlin/kotlin-reflect/2.0.21/kotlin-reflect-2.0.21.jar:/home/runner/.m2/repository/com/squareup/wire/wire-runtime-jvm/5.3.3/wire-runtime-jvm-5.3.3.jar:/home/runner/.m2/repository/com/ibm/icu/icu4j/76.1/icu4j-76.1.jar:/home/runner/.m2/repository/com/squareup/okio/okio-fakefilesystem/3.10.2/okio-fakefilesystem-3.10.2.jar:/home/runner/.m2/repository/com/squareup/okio/okio-fakefilesystem-jvm/3.10.2/okio-fakefilesystem-jvm-3.10.2.jar:/home/runner/.m2/repository/org/jetbrains/kotlinx/kotlinx-datetime-jvm/0.6.1/kotlinx-datetime-jvm-0.6.1.jar:/home/runner/work/apicurio-testing/apicurio-testing/clusters/ci419/namespaces/ksql047/tests/integration/apicurio-registry/schema-util/asyncapi/target/apicurio-registry-schema-util-asyncapi-3.0.12-SNAPSHOT.jar:/home/runner/work/apicurio-testing/apicurio-testing/clusters/ci419/namespaces/ksql047/tests/integration/apicurio-registry/schema-util/avro/target/apicurio-registry-schema-util-avro-3.0.12-SNAPSHOT.jar:/home/runner/work/apicurio-testing/apicurio-testing/clusters/ci419/namespaces/ksql047/tests/integration/apicurio-registry/schema-util/graphql/target/apicurio-registry-schema-util-graphql-3.0.12-SNAPSHOT.jar:/home/runner/.m2/repository/com/graphql-java/graphql-java/22.4/graphql-java-22.4.jar:/home/runner/.m2/repository/com/graphql-java/java-dataloader/3.3.0/java-dataloader-3.3.0.jar:/home/runner/work/apicurio-testing/apicurio-testing/clusters/ci419/namespaces/ksql047/tests/integration/apicurio-registry/schema-util/kconnect/target/apicurio-registry-schema-util-kconnect-3.0.12-SNAPSHOT.jar:/home/runner/work/apicurio-testing/apicurio-testing/clusters/ci419/namespaces/ksql047/tests/integration/apicurio-registry/schema-util/openapi/target/apicurio-registry-schema-util-openapi-3.0.12-SNAPSHOT.jar:/home/runner/.m2/repository/io/apicurio/apicurio-data-models/2.2.2/apicurio-data-models-2.2.2.jar:/home/runner/.m2/repository/org/openapitools/openapidiff/openapi-diff-core/2.1.2/openapi-diff-core-2.1.2.jar:/home/runner/.m2/repository/io/swagger/parser/v3/swagger-parser/2.1.28/swagger-parser-2.1.28.jar:/home/runner/.m2/repository/io/swagger/parser/v3/swagger-parser-v2-converter/2.1.28/swagger-parser-v2-converter-2.1.28.jar:/home/runner/.m2/repository/io/swagger/swagger-core/1.6.16/swagger-core-1.6.16.jar:/home/runner/.m2/repository/io/swagger/swagger-models/1.6.16/swagger-models-1.6.16.jar:/home/runner/.m2/repository/io/swagger/swagger-annotations/1.6.16/swagger-annotations-1.6.16.jar:/home/runner/.m2/repository/io/swagger/swagger-parser/1.0.75/swagger-parser-1.0.75.jar:/home/runner/.m2/repository/io/swagger/swagger-parser-safe-url-resolver/1.0.75/swagger-parser-safe-url-resolver-1.0.75.jar:/home/runner/.m2/repository/io/swagger/swagger-compat-spec-parser/1.0.75/swagger-compat-spec-parser-1.0.75.jar:/home/runner/.m2/repository/com/github/java-json-tools/json-schema-validator/2.2.14/json-schema-validator-2.2.14.jar:/home/runner/.m2/repository/com/github/java-json-tools/jackson-coreutils-equivalence/1.0/jackson-coreutils-equivalence-1.0.jar:/home/runner/.m2/repository/com/github/java-json-tools/json-schema-core/1.2.14/json-schema-core-1.2.14.jar:/home/runner/.m2/repository/com/github/java-json-tools/uri-template/0.10/uri-template-0.10.jar:/home/runner/.m2/repository/com/googlecode/libphonenumber/libphonenumber/8.11.1/libphonenumber-8.11.1.jar:/home/runner/.m2/repository/com/j2html/j2html/1.6.0/j2html-1.6.0.jar:/home/runner/.m2/repository/org/apache/commons/commons-collections4/4.5.0/commons-collections4-4.5.0.jar:/home/runner/.m2/repository/org/slf4j/jcl-over-slf4j/2.0.17/jcl-over-slf4j-2.0.17.jar:/home/runner/.m2/repository/io/swagger/parser/v3/swagger-parser-v3/2.1.31/swagger-parser-v3-2.1.31.jar:/home/runner/.m2/repository/io/swagger/core/v3/swagger-models/2.2.34/swagger-models-2.2.34.jar:/home/runner/.m2/repository/io/swagger/core/v3/swagger-core/2.2.34/swagger-core-2.2.34.jar:/home/runner/.m2/repository/io/swagger/parser/v3/swagger-parser-core/2.1.31/swagger-parser-core-2.1.31.jar:/home/runner/.m2/repository/io/swagger/parser/v3/swagger-parser-safe-url-resolver/2.1.31/swagger-parser-safe-url-resolver-2.1.31.jar:/home/runner/work/apicurio-testing/apicurio-testing/clusters/ci419/namespaces/ksql047/tests/integration/apicurio-registry/schema-util/wsdl/target/apicurio-registry-schema-util-wsdl-3.0.12-SNAPSHOT.jar:/home/runner/.m2/repository/wsdl4j/wsdl4j/1.6.3/wsdl4j-1.6.3.jar:/home/runner/work/apicurio-testing/apicurio-testing/clusters/ci419/namespaces/ksql047/tests/integration/apicurio-registry/schema-util/xml/target/apicurio-registry-schema-util-xml-3.0.12-SNAPSHOT.jar:/home/runner/.m2/repository/org/apache/santuario/xmlsec/4.0.4/xmlsec-4.0.4.jar:/home/runner/.m2/repository/com/fasterxml/woodstox/woodstox-core/7.1.1/woodstox-core-7.1.1.jar:/home/runner/.m2/repository/org/codehaus/woodstox/stax2-api/4.2.2/stax2-api-4.2.2.jar:/home/runner/work/apicurio-testing/apicurio-testing/clusters/ci419/namespaces/ksql047/tests/integration/apicurio-registry/schema-util/xsd/target/apicurio-registry-schema-util-xsd-3.0.12-SNAPSHOT.jar:/home/runner/work/apicurio-testing/apicurio-testing/clusters/ci419/namespaces/ksql047/tests/integration/apicurio-registry/serdes/kafka/jsonschema-serde/target/apicurio-registry-jsonschema-serde-kafka-3.0.12-SNAPSHOT.jar:/home/runner/work/apicurio-testing/apicurio-testing/clusters/ci419/namespaces/ksql047/tests/integration/apicurio-registry/serdes/kafka/serde-kafka-common/target/apicurio-registry-serde-kafka-common-3.0.12-SNAPSHOT.jar:/home/runner/work/apicurio-testing/apicurio-testing/clusters/ci419/namespaces/ksql047/tests/integration/apicurio-registry/serdes/generic/serde-common/target/apicurio-registry-serde-common-3.0.12-SNAPSHOT.jar:/home/runner/work/apicurio-testing/apicurio-testing/clusters/ci419/namespaces/ksql047/tests/integration/apicurio-registry/serdes/generic/serde-common-jsonschema/target/apicurio-registry-serde-common-jsonschema-3.0.12-SNAPSHOT.jar:/home/runner/.m2/repository/org/json/json/20250107/json-20250107.jar:/home/runner/work/apicurio-testing/apicurio-testing/clusters/ci419/namespaces/ksql047/tests/integration/apicurio-registry/serdes/kafka/avro-serde/target/apicurio-registry-avro-serde-kafka-3.0.12-SNAPSHOT.jar:/home/runner/work/apicurio-testing/apicurio-testing/clusters/ci419/namespaces/ksql047/tests/integration/apicurio-registry/serdes/generic/serde-common-avro/target/apicurio-registry-serde-common-avro-3.0.12-SNAPSHOT.jar:/home/runner/work/apicurio-testing/apicurio-testing/clusters/ci419/namespaces/ksql047/tests/integration/apicurio-registry/serdes/kafka/protobuf-serde/target/apicurio-registry-protobuf-serde-kafka-3.0.12-SNAPSHOT.jar:/home/runner/work/apicurio-testing/apicurio-testing/clusters/ci419/namespaces/ksql047/tests/integration/apicurio-registry/serdes/generic/serde-common-protobuf/target/apicurio-registry-serde-common-protobuf-3.0.12-SNAPSHOT.jar:/home/runner/.m2/repository/com/squareup/wire/wire-schema/5.3.3/wire-schema-5.3.3.jar:/home/runner/.m2/repository/com/squareup/wire/wire-runtime/5.3.3/wire-runtime-5.3.3.jar:/home/runner/work/apicurio-testing/apicurio-testing/clusters/ci419/namespaces/ksql047/tests/integration/apicurio-registry/serdes/pulsar/avro-serde/target/apicurio-registry-avro-serde-pulsar-3.0.12-SNAPSHOT.jar:/home/runner/.m2/repository/org/apache/pulsar/pulsar-functions-api/3.3.8/pulsar-functions-api-3.3.8.jar:/home/runner/work/apicurio-testing/apicurio-testing/clusters/ci419/namespaces/ksql047/tests/integration/apicurio-registry/serdes/nats/avro-serde/target/apicurio-registry-avro-serde-nats-3.0.12-SNAPSHOT.jar:/home/runner/.m2/repository/io/nats/jnats/2.21.4/jnats-2.21.4.jar:/home/runner/.m2/repository/org/bouncycastle/bcprov-lts8on/2.73.7/bcprov-lts8on-2.73.7.jar:/home/runner/.m2/repository/org/jetbrains/annotations/26.0.2/annotations-26.0.2.jar:/home/runner/work/apicurio-testing/apicurio-testing/clusters/ci419/namespaces/ksql047/tests/integration/apicurio-registry/utils/converter/target/apicurio-registry-utils-converter-3.0.12-SNAPSHOT.jar:/home/runner/work/apicurio-testing/apicurio-testing/clusters/ci419/namespaces/ksql047/tests/integration/apicurio-registry/schema-resolver/target/apicurio-registry-schema-resolver-3.0.12-SNAPSHOT.jar:/home/runner/.m2/repository/org/apache/kafka/connect-api/3.9.1/connect-api-3.9.1.jar:/home/runner/.m2/repository/javax/ws/rs/javax.ws.rs-api/2.1.1/javax.ws.rs-api-2.1.1.jar:/home/runner/.m2/repository/org/apache/kafka/connect-json/3.9.1/connect-json-3.9.1.jar:/home/runner/.m2/repository/com/fasterxml/jackson/datatype/jackson-datatype-jdk8/2.18.2/jackson-datatype-jdk8-2.18.2.jar:/home/runner/.m2/repository/com/fasterxml/jackson/module/jackson-module-afterburner/2.18.2/jackson-module-afterburner-2.18.2.jar:/home/runner/work/apicurio-testing/apicurio-testing/clusters/ci419/namespaces/ksql047/tests/integration/apicurio-registry/utils/kafka/target/apicurio-registry-utils-kafka-3.0.12-SNAPSHOT.jar:/home/runner/.m2/repository/org/apache/pulsar/pulsar-client/3.3.8/pulsar-client-3.3.8.jar:/home/runner/.m2/repository/org/apache/pulsar/pulsar-client-api/3.3.8/pulsar-client-api-3.3.8.jar:/home/runner/.m2/repository/org/apache/pulsar/pulsar-client-admin-api/3.3.8/pulsar-client-admin-api-3.3.8.jar:/home/runner/.m2/repository/org/apache/pulsar/bouncy-castle-bc/3.3.8/bouncy-castle-bc-3.3.8-pkg.jar:/home/runner/.m2/repository/org/bouncycastle/bcpkix-jdk18on/1.81/bcpkix-jdk18on-1.81.jar:/home/runner/.m2/repository/org/bouncycastle/bcutil-jdk18on/1.81/bcutil-jdk18on-1.81.jar:/home/runner/.m2/repository/org/bouncycastle/bcprov-jdk18on/1.81/bcprov-jdk18on-1.81.jar:/home/runner/.m2/repository/io/opentelemetry/opentelemetry-api/1.44.1/opentelemetry-api-1.44.1.jar:/home/runner/.m2/repository/io/opentelemetry/opentelemetry-context/1.44.1/opentelemetry-context-1.44.1.jar:/home/runner/.m2/repository/io/opentelemetry/opentelemetry-api-incubator/1.44.1-alpha/opentelemetry-api-incubator-1.44.1-alpha.jar:/home/runner/.m2/repository/com/fasterxml/jackson/core/jackson-annotations/2.18.2/jackson-annotations-2.18.2.jar:/home/runner/.m2/repository/javax/validation/validation-api/1.1.0.Final/validation-api-1.1.0.Final.jar:/home/runner/.m2/repository/org/jspecify/jspecify/1.0.0/jspecify-1.0.0.jar:/home/runner/.m2/repository/org/apache/commons/commons-configuration2/2.12.0/commons-configuration2-2.12.0.jar:/home/runner/.m2/repository/commons-logging/commons-logging/1.3.5/commons-logging-1.3.5.jar:/home/runner/.m2/repository/org/apache/commons/commons-text/1.13.0/commons-text-1.13.0.jar:/home/runner/.m2/repository/io/confluent/kafka-avro-serializer/8.0.0/kafka-avro-serializer-8.0.0.jar:/home/runner/.m2/repository/org/apache/commons/commons-compress/1.27.1/commons-compress-1.27.1.jar:/home/runner/.m2/repository/io/confluent/kafka-schema-serializer/8.0.0/kafka-schema-serializer-8.0.0.jar:/home/runner/.m2/repository/com/fasterxml/jackson/dataformat/jackson-dataformat-csv/2.18.2/jackson-dataformat-csv-2.18.2.jar:/home/runner/.m2/repository/io/confluent/kafka-schema-registry-client/8.0.0/kafka-schema-registry-client-8.0.0.jar:/home/runner/.m2/repository/org/yaml/snakeyaml/2.3/snakeyaml-2.3.jar:/home/runner/.m2/repository/io/swagger/core/v3/swagger-annotations/2.2.29/swagger-annotations-2.2.29.jar:/home/runner/.m2/repository/com/google/guava/guava/33.4.0-jre/guava-33.4.0-jre.jar:/home/runner/.m2/repository/com/google/guava/failureaccess/1.0.1/failureaccess-1.0.1.jar:/home/runner/.m2/repository/org/checkerframework/checker-qual/3.49.0/checker-qual-3.49.0.jar:/home/runner/.m2/repository/io/confluent/logredactor/1.0.13/logredactor-1.0.13.jar:/home/runner/.m2/repository/com/google/re2j/re2j/1.6/re2j-1.6.jar:/home/runner/.m2/repository/io/confluent/logredactor-metrics/1.0.13/logredactor-metrics-1.0.13.jar:/home/runner/.m2/repository/com/eclipsesource/minimal-json/minimal-json/0.9.5/minimal-json-0.9.5.jar:/home/runner/.m2/repository/io/confluent/common-utils/8.0.0/common-utils-8.0.0.jar:/home/runner/.m2/repository/io/confluent/kafka-connect-avro-converter/8.0.0/kafka-connect-avro-converter-8.0.0.jar:/home/runner/.m2/repository/io/confluent/kafka-connect-avro-data/8.0.0/kafka-connect-avro-data-8.0.0.jar:/home/runner/.m2/repository/io/confluent/kafka-schema-converter/8.0.0/kafka-schema-converter-8.0.0.jar:/home/runner/.m2/repository/io/rest-assured/rest-assured/5.5.1/rest-assured-5.5.1.jar:/home/runner/.m2/repository/org/apache/groovy/groovy/4.0.22/groovy-4.0.22.jar:/home/runner/.m2/repository/org/apache/groovy/groovy-xml/4.0.22/groovy-xml-4.0.22.jar:/home/runner/.m2/repository/org/apache/httpcomponents/httpclient/4.5.14/httpclient-4.5.14.jar:/home/runner/.m2/repository/org/apache/httpcomponents/httpcore/4.4.16/httpcore-4.4.16.jar:/home/runner/.m2/repository/org/apache/httpcomponents/httpmime/4.5.14/httpmime-4.5.14.jar:/home/runner/.m2/repository/org/hamcrest/hamcrest/2.2/hamcrest-2.2.jar:/home/runner/.m2/repository/org/ccil/cowan/tagsoup/tagsoup/1.2.1/tagsoup-1.2.1.jar:/home/runner/.m2/repository/io/rest-assured/json-path/5.5.1/json-path-5.5.1.jar:/home/runner/.m2/repository/org/apache/groovy/groovy-json/4.0.22/groovy-json-4.0.22.jar:/home/runner/.m2/repository/io/rest-assured/rest-assured-common/5.5.1/rest-assured-common-5.5.1.jar:/home/runner/.m2/repository/io/rest-assured/xml-path/5.5.1/xml-path-5.5.1.jar:/home/runner/.m2/repository/io/zonky/test/embedded-postgres/2.1.0/embedded-postgres-2.1.0.jar:/home/runner/.m2/repository/io/zonky/test/postgres/embedded-postgres-binaries-windows-amd64/14.15.0/embedded-postgres-binaries-windows-amd64-14.15.0.jar:/home/runner/.m2/repository/io/zonky/test/postgres/embedded-postgres-binaries-darwin-amd64/14.15.0/embedded-postgres-binaries-darwin-amd64-14.15.0.jar:/home/runner/.m2/repository/io/zonky/test/postgres/embedded-postgres-binaries-linux-amd64/14.15.0/embedded-postgres-binaries-linux-amd64-14.15.0.jar:/home/runner/.m2/repository/io/zonky/test/postgres/embedded-postgres-binaries-linux-amd64-alpine/14.15.0/embedded-postgres-binaries-linux-amd64-alpine-14.15.0.jar:/home/runner/.m2/repository/org/apache/commons/commons-lang3/3.17.0/commons-lang3-3.17.0.jar:/home/runner/.m2/repository/org/tukaani/xz/1.10/xz-1.10.jar:/home/runner/.m2/repository/commons-codec/commons-codec/1.19.0/commons-codec-1.19.0.jar:/home/runner/.m2/repository/org/postgresql/postgresql/42.7.7/postgresql-42.7.7.jar:/home/runner/.m2/repository/commons-io/commons-io/2.18.0/commons-io-2.18.0.jar:/home/runner/work/apicurio-testing/apicurio-testing/clusters/ci419/namespaces/ksql047/tests/integration/apicurio-registry/utils/importexport/target/apicurio-registry-utils-import-export-3.0.12-SNAPSHOT.jar:/home/runner/.m2/repository/io/vertx/vertx-core/4.5.16/vertx-core-4.5.16.jar:/home/runner/.m2/repository/io/netty/netty-common/4.1.121.Final/netty-common-4.1.121.Final.jar:/home/runner/.m2/repository/io/netty/netty-buffer/4.1.121.Final/netty-buffer-4.1.121.Final.jar:/home/runner/.m2/repository/io/netty/netty-transport/4.1.121.Final/netty-transport-4.1.121.Final.jar:/home/runner/.m2/repository/io/netty/netty-handler/4.1.121.Final/netty-handler-4.1.121.Final.jar:/home/runner/.m2/repository/io/netty/netty-transport-native-unix-common/4.1.121.Final/netty-transport-native-unix-common-4.1.121.Final.jar:/home/runner/.m2/repository/io/netty/netty-codec/4.1.121.Final/netty-codec-4.1.121.Final.jar:/home/runner/.m2/repository/io/netty/netty-handler-proxy/4.1.121.Final/netty-handler-proxy-4.1.121.Final.jar:/home/runner/.m2/repository/io/netty/netty-codec-socks/4.1.121.Final/netty-codec-socks-4.1.121.Final.jar:/home/runner/.m2/repository/io/netty/netty-codec-http/4.1.121.Final/netty-codec-http-4.1.121.Final.jar:/home/runner/.m2/repository/io/netty/netty-codec-http2/4.1.121.Final/netty-codec-http2-4.1.121.Final.jar:/home/runner/.m2/repository/io/netty/netty-resolver/4.1.121.Final/netty-resolver-4.1.121.Final.jar:/home/runner/.m2/repository/io/netty/netty-resolver-dns/4.1.121.Final/netty-resolver-dns-4.1.121.Final.jar:/home/runner/.m2/repository/io/netty/netty-codec-dns/4.1.121.Final/netty-codec-dns-4.1.121.Final.jar:/home/runner/.m2/repository/com/fasterxml/jackson/core/jackson-core/2.18.2/jackson-core-2.18.2.jar:"/>
    <property name="java.vm.vendor" value="Eclipse Adoptium"/>
    <property name="maven.javadoc.skip" value="true"/>
    <property name="sun.arch.data.model" value="64"/>
    <property name="java.vendor.url" value="https://adoptium.net/"/>
    <property name="user.timezone" value="Etc/UTC"/>
    <property name="os.name" value="Linux"/>
    <property name="java.vm.specification.version" value="17"/>
    <property name="sun.java.launcher" value="SUN_STANDARD"/>
    <property name="quarkus.http.test-port" value="80"/>
    <property name="sun.boot.library.path" value="/usr/lib/jvm/temurin-17-jdk-amd64/lib"/>
    <property name="sun.java.command" value="/home/runner/work/apicurio-testing/apicurio-testing/clusters/ci419/namespaces/ksql047/tests/integration/apicurio-registry/integration-tests/target/surefire/surefirebooter-20250806185501025_3.jar /home/runner/work/apicurio-testing/apicurio-testing/clusters/ci419/namespaces/ksql047/tests/integration/apicurio-registry/integration-tests/target/surefire 2025-08-06T18-55-00_959-jvmRun1 surefire-20250806185501025_1tmp surefire_0-20250806185501025_2tmp"/>
    <property name="maven.home" value="/home/runner/.m2/wrapper/dists/apache-maven-3.9.8-bin/4fnp1ql35bgk2a0p7m31ovbgb0/apache-maven-3.9.8"/>
    <property name="jdk.debug" value="release"/>
    <property name="surefire.test.class.path" value="/home/runner/work/apicurio-testing/apicurio-testing/clusters/ci419/namespaces/ksql047/tests/integration/apicurio-registry/integration-tests/target/test-classes:/home/runner/work/apicurio-testing/apicurio-testing/clusters/ci419/namespaces/ksql047/tests/integration/apicurio-registry/integration-tests/target/apicurio-registry-integration-tests-3.0.12-SNAPSHOT.jar:/home/runner/.m2/repository/io/quarkus/quarkus-junit5/3.20.2/quarkus-junit5-3.20.2.jar:/home/runner/.m2/repository/io/quarkus/quarkus-bootstrap-core/3.20.2/quarkus-bootstrap-core-3.20.2.jar:/home/runner/.m2/repository/io/quarkus/quarkus-classloader-commons/3.20.2/quarkus-classloader-commons-3.20.2.jar:/home/runner/.m2/repository/io/quarkus/quarkus-bootstrap-app-model/3.20.2/quarkus-bootstrap-app-model-3.20.2.jar:/home/runner/.m2/repository/io/smallrye/common/smallrye-common-io/2.12.0/smallrye-common-io-2.12.0.jar:/home/runner/.m2/repository/org/eclipse/sisu/org.eclipse.sisu.inject/0.9.0.M3/org.eclipse.sisu.inject-0.9.0.M3.jar:/home/runner/.m2/repository/io/quarkus/quarkus-test-common/3.20.2/quarkus-test-common-3.20.2.jar:/home/runner/.m2/repository/io/quarkus/quarkus-core-deployment/3.20.2/quarkus-core-deployment-3.20.2.jar:/home/runner/.m2/repository/org/aesh/readline/2.6/readline-2.6.jar:/home/runner/.m2/repository/org/fusesource/jansi/jansi/2.4.0/jansi-2.4.0.jar:/home/runner/.m2/repository/org/aesh/aesh/2.8.2/aesh-2.8.2.jar:/home/runner/.m2/repository/io/quarkus/gizmo/gizmo/1.8.0/gizmo-1.8.0.jar:/home/runner/.m2/repository/org/ow2/asm/asm-util/9.7.1/asm-util-9.7.1.jar:/home/runner/.m2/repository/org/ow2/asm/asm-analysis/9.7.1/asm-analysis-9.7.1.jar:/home/runner/.m2/repository/org/ow2/asm/asm-commons/9.7.1/asm-commons-9.7.1.jar:/home/runner/.m2/repository/org/ow2/asm/asm-tree/9.7.1/asm-tree-9.7.1.jar:/home/runner/.m2/repository/io/quarkus/quarkus-hibernate-validator-spi/3.20.2/quarkus-hibernate-validator-spi-3.20.2.jar:/home/runner/.m2/repository/io/quarkus/quarkus-class-change-agent/3.20.2/quarkus-class-change-agent-3.20.2.jar:/home/runner/.m2/repository/io/quarkus/quarkus-devtools-utilities/3.20.2/quarkus-devtools-utilities-3.20.2.jar:/home/runner/.m2/repository/io/quarkus/quarkus-builder/3.20.2/quarkus-builder-3.20.2.jar:/home/runner/.m2/repository/org/graalvm/sdk/nativeimage/23.1.2/nativeimage-23.1.2.jar:/home/runner/.m2/repository/org/graalvm/sdk/word/23.1.2/word-23.1.2.jar:/home/runner/.m2/repository/io/quarkus/quarkus-bootstrap-maven-resolver/3.20.2/quarkus-bootstrap-maven-resolver-3.20.2.jar:/home/runner/.m2/repository/io/smallrye/beanbag/smallrye-beanbag-maven/1.5.2/smallrye-beanbag-maven-1.5.2.jar:/home/runner/.m2/repository/io/smallrye/beanbag/smallrye-beanbag-sisu/1.5.2/smallrye-beanbag-sisu-1.5.2.jar:/home/runner/.m2/repository/io/smallrye/beanbag/smallrye-beanbag/1.5.2/smallrye-beanbag-1.5.2.jar:/home/runner/.m2/repository/javax/inject/javax.inject/1/javax.inject-1.jar:/home/runner/.m2/repository/org/apache/maven/maven-artifact/3.9.9/maven-artifact-3.9.9.jar:/home/runner/.m2/repository/org/apache/maven/maven-builder-support/3.9.9/maven-builder-support-3.9.9.jar:/home/runner/.m2/repository/org/apache/maven/maven-model/3.9.9/maven-model-3.9.9.jar:/home/runner/.m2/repository/org/apache/maven/maven-model-builder/3.9.9/maven-model-builder-3.9.9.jar:/home/runner/.m2/repository/org/apache/maven/maven-repository-metadata/3.9.9/maven-repository-metadata-3.9.9.jar:/home/runner/.m2/repository/org/apache/maven/maven-settings/3.9.9/maven-settings-3.9.9.jar:/home/runner/.m2/repository/org/apache/maven/resolver/maven-resolver-api/1.9.22/maven-resolver-api-1.9.22.jar:/home/runner/.m2/repository/org/apache/maven/resolver/maven-resolver-impl/1.9.22/maven-resolver-impl-1.9.22.jar:/home/runner/.m2/repository/org/apache/maven/resolver/maven-resolver-named-locks/1.9.22/maven-resolver-named-locks-1.9.22.jar:/home/runner/.m2/repository/org/apache/maven/resolver/maven-resolver-spi/1.9.22/maven-resolver-spi-1.9.22.jar:/home/runner/.m2/repository/org/apache/maven/resolver/maven-resolver-util/1.9.22/maven-resolver-util-1.9.22.jar:/home/runner/.m2/repository/org/apache/maven/resolver/maven-resolver-transport-http/1.9.20/maven-resolver-transport-http-1.9.20.jar:/home/runner/.m2/repository/org/apache/maven/wagon/wagon-provider-api/3.5.3/wagon-provider-api-3.5.3.jar:/home/runner/.m2/repository/org/apache/maven/wagon/wagon-http-shared/3.5.3/wagon-http-shared-3.5.3.jar:/home/runner/.m2/repository/org/codehaus/plexus/plexus-interpolation/1.26/plexus-interpolation-1.26.jar:/home/runner/.m2/repository/org/codehaus/plexus/plexus-utils/3.5.1/plexus-utils-3.5.1.jar:/home/runner/.m2/repository/org/codehaus/plexus/plexus-xml/4.0.1/plexus-xml-4.0.1.jar:/home/runner/.m2/repository/org/apache/maven/maven-xml-impl/4.0.0-alpha-5/maven-xml-impl-4.0.0-alpha-5.jar:/home/runner/.m2/repository/org/apache/maven/maven-api-xml/4.0.0-alpha-5/maven-api-xml-4.0.0-alpha-5.jar:/home/runner/.m2/repository/org/apache/maven/maven-api-meta/4.0.0-alpha-5/maven-api-meta-4.0.0-alpha-5.jar:/home/runner/.m2/repository/org/codehaus/plexus/plexus-cipher/2.0/plexus-cipher-2.0.jar:/home/runner/.m2/repository/org/codehaus/plexus/plexus-sec-dispatcher/2.0/plexus-sec-dispatcher-2.0.jar:/home/runner/.m2/repository/org/apache/maven/maven-embedder/3.9.9/maven-embedder-3.9.9.jar:/home/runner/.m2/repository/org/apache/maven/maven-core/3.9.9/maven-core-3.9.9.jar:/home/runner/.m2/repository/org/codehaus/plexus/plexus-component-annotations/2.1.0/plexus-component-annotations-2.1.0.jar:/home/runner/.m2/repository/org/apache/maven/maven-plugin-api/3.9.9/maven-plugin-api-3.9.9.jar:/home/runner/.m2/repository/org/apache/maven/shared/maven-shared-utils/3.4.2/maven-shared-utils-3.4.2.jar:/home/runner/.m2/repository/com/google/inject/guice/5.1.0/guice-5.1.0.jar:/home/runner/.m2/repository/aopalliance/aopalliance/1.0/aopalliance-1.0.jar:/home/runner/.m2/repository/org/codehaus/plexus/plexus-classworlds/2.6.0/plexus-classworlds-2.6.0.jar:/home/runner/.m2/repository/commons-cli/commons-cli/1.8.0/commons-cli-1.8.0.jar:/home/runner/.m2/repository/org/eclipse/sisu/org.eclipse.sisu.plexus/0.9.0.M3/org.eclipse.sisu.plexus-0.9.0.M3.jar:/home/runner/.m2/repository/org/apache/maven/maven-settings-builder/3.9.9/maven-settings-builder-3.9.9.jar:/home/runner/.m2/repository/org/apache/maven/maven-resolver-provider/3.9.9/maven-resolver-provider-3.9.9.jar:/home/runner/.m2/repository/org/apache/maven/resolver/maven-resolver-connector-basic/1.9.22/maven-resolver-connector-basic-1.9.22.jar:/home/runner/.m2/repository/org/apache/maven/resolver/maven-resolver-transport-wagon/1.9.22/maven-resolver-transport-wagon-1.9.22.jar:/home/runner/.m2/repository/org/apache/maven/wagon/wagon-http/3.5.3/wagon-http-3.5.3.jar:/home/runner/.m2/repository/org/apache/maven/wagon/wagon-file/3.5.3/wagon-file-3.5.3.jar:/home/runner/.m2/repository/io/quarkus/quarkus-bootstrap-gradle-resolver/3.20.2/quarkus-bootstrap-gradle-resolver-3.20.2.jar:/home/runner/.m2/repository/io/smallrye/jandex/3.3.0/jandex-3.3.0.jar:/home/runner/.m2/repository/org/jboss/logging/commons-logging-jboss-logging/1.0.0.Final/commons-logging-jboss-logging-1.0.0.Final.jar:/home/runner/.m2/repository/io/quarkus/quarkus-junit5-config/3.20.2/quarkus-junit5-config-3.20.2.jar:/home/runner/.m2/repository/org/junit/jupiter/junit-jupiter-api/5.12.1/junit-jupiter-api-5.12.1.jar:/home/runner/.m2/repository/io/smallrye/config/smallrye-config/3.11.4/smallrye-config-3.11.4.jar:/home/runner/.m2/repository/io/smallrye/config/smallrye-config-core/3.11.4/smallrye-config-core-3.11.4.jar:/home/runner/.m2/repository/io/smallrye/common/smallrye-common-classloader/2.12.0/smallrye-common-classloader-2.12.0.jar:/home/runner/.m2/repository/io/smallrye/config/smallrye-config-common/3.11.4/smallrye-config-common-3.11.4.jar:/home/runner/.m2/repository/org/junit/jupiter/junit-jupiter/5.12.1/junit-jupiter-5.12.1.jar:/home/runner/.m2/repository/org/junit/jupiter/junit-jupiter-params/5.12.1/junit-jupiter-params-5.12.1.jar:/home/runner/.m2/repository/org/junit/jupiter/junit-jupiter-engine/5.12.1/junit-jupiter-engine-5.12.1.jar:/home/runner/.m2/repository/io/quarkus/quarkus-core/3.20.2/quarkus-core-3.20.2.jar:/home/runner/.m2/repository/jakarta/enterprise/jakarta.enterprise.cdi-api/4.1.0/jakarta.enterprise.cdi-api-4.1.0.jar:/home/runner/.m2/repository/jakarta/enterprise/jakarta.enterprise.lang-model/4.1.0/jakarta.enterprise.lang-model-4.1.0.jar:/home/runner/.m2/repository/jakarta/el/jakarta.el-api/5.0.1/jakarta.el-api-5.0.1.jar:/home/runner/.m2/repository/jakarta/interceptor/jakarta.interceptor-api/2.2.0/jakarta.interceptor-api-2.2.0.jar:/home/runner/.m2/repository/jakarta/inject/jakarta.inject-api/2.0.1/jakarta.inject-api-2.0.1.jar:/home/runner/.m2/repository/io/smallrye/common/smallrye-common-os/2.12.0/smallrye-common-os-2.12.0.jar:/home/runner/.m2/repository/io/quarkus/quarkus-ide-launcher/3.20.2/quarkus-ide-launcher-3.20.2.jar:/home/runner/.m2/repository/io/quarkus/quarkus-development-mode-spi/3.20.2/quarkus-development-mode-spi-3.20.2.jar:/home/runner/.m2/repository/org/jboss/logging/jboss-logging/3.6.1.Final/jboss-logging-3.6.1.Final.jar:/home/runner/.m2/repository/org/jboss/logmanager/jboss-logmanager/3.1.2.Final/jboss-logmanager-3.1.2.Final.jar:/home/runner/.m2/repository/io/smallrye/common/smallrye-common-constraint/2.12.0/smallrye-common-constraint-2.12.0.jar:/home/runner/.m2/repository/io/smallrye/common/smallrye-common-cpu/2.12.0/smallrye-common-cpu-2.12.0.jar:/home/runner/.m2/repository/io/smallrye/common/smallrye-common-expression/2.12.0/smallrye-common-expression-2.12.0.jar:/home/runner/.m2/repository/io/smallrye/common/smallrye-common-net/2.12.0/smallrye-common-net-2.12.0.jar:/home/runner/.m2/repository/io/smallrye/common/smallrye-common-ref/2.12.0/smallrye-common-ref-2.12.0.jar:/home/runner/.m2/repository/jakarta/json/jakarta.json-api/2.1.3/jakarta.json-api-2.1.3.jar:/home/runner/.m2/repository/org/eclipse/parsson/parsson/1.1.7/parsson-1.1.7.jar:/home/runner/.m2/repository/org/jboss/logging/jboss-logging-annotations/3.0.4.Final/jboss-logging-annotations-3.0.4.Final.jar:/home/runner/.m2/repository/org/jboss/threads/jboss-threads/3.8.0.Final/jboss-threads-3.8.0.Final.jar:/home/runner/.m2/repository/io/smallrye/common/smallrye-common-annotation/2.12.0/smallrye-common-annotation-2.12.0.jar:/home/runner/.m2/repository/io/smallrye/common/smallrye-common-function/2.12.0/smallrye-common-function-2.12.0.jar:/home/runner/.m2/repository/org/jboss/slf4j/slf4j-jboss-logmanager/2.0.0.Final/slf4j-jboss-logmanager-2.0.0.Final.jar:/home/runner/.m2/repository/org/wildfly/common/wildfly-common/2.0.1/wildfly-common-2.0.1.jar:/home/runner/.m2/repository/io/quarkus/quarkus-bootstrap-runner/3.20.2/quarkus-bootstrap-runner-3.20.2.jar:/home/runner/.m2/repository/io/github/crac/org-crac/0.1.3/org-crac-0.1.3.jar:/home/runner/.m2/repository/io/quarkus/quarkus-fs-util/0.0.10/quarkus-fs-util-0.0.10.jar:/home/runner/.m2/repository/org/jboss/marshalling/jboss-marshalling/2.2.2.Final/jboss-marshalling-2.2.2.Final.jar:/home/runner/.m2/repository/io/fabric8/kubernetes-client/7.1.0/kubernetes-client-7.1.0.jar:/home/runner/.m2/repository/io/fabric8/kubernetes-client-api/7.1.0/kubernetes-client-api-7.1.0.jar:/home/runner/.m2/repository/io/fabric8/kubernetes-model-core/7.1.0/kubernetes-model-core-7.1.0.jar:/home/runner/.m2/repository/io/fabric8/kubernetes-model-common/7.1.0/kubernetes-model-common-7.1.0.jar:/home/runner/.m2/repository/javax/annotation/javax.annotation-api/1.3.2/javax.annotation-api-1.3.2.jar:/home/runner/.m2/repository/io/fabric8/kubernetes-model-gatewayapi/7.1.0/kubernetes-model-gatewayapi-7.1.0.jar:/home/runner/.m2/repository/io/fabric8/kubernetes-model-resource/7.1.0/kubernetes-model-resource-7.1.0.jar:/home/runner/.m2/repository/io/fabric8/kubernetes-model-rbac/7.1.0/kubernetes-model-rbac-7.1.0.jar:/home/runner/.m2/repository/io/fabric8/kubernetes-model-admissionregistration/7.1.0/kubernetes-model-admissionregistration-7.1.0.jar:/home/runner/.m2/repository/io/fabric8/kubernetes-model-apps/7.1.0/kubernetes-model-apps-7.1.0.jar:/home/runner/.m2/repository/io/fabric8/kubernetes-model-autoscaling/7.1.0/kubernetes-model-autoscaling-7.1.0.jar:/home/runner/.m2/repository/io/fabric8/kubernetes-model-apiextensions/7.1.0/kubernetes-model-apiextensions-7.1.0.jar:/home/runner/.m2/repository/io/fabric8/kubernetes-model-batch/7.1.0/kubernetes-model-batch-7.1.0.jar:/home/runner/.m2/repository/io/fabric8/kubernetes-model-certificates/7.1.0/kubernetes-model-certificates-7.1.0.jar:/home/runner/.m2/repository/io/fabric8/kubernetes-model-coordination/7.1.0/kubernetes-model-coordination-7.1.0.jar:/home/runner/.m2/repository/io/fabric8/kubernetes-model-discovery/7.1.0/kubernetes-model-discovery-7.1.0.jar:/home/runner/.m2/repository/io/fabric8/kubernetes-model-events/7.1.0/kubernetes-model-events-7.1.0.jar:/home/runner/.m2/repository/io/fabric8/kubernetes-model-extensions/7.1.0/kubernetes-model-extensions-7.1.0.jar:/home/runner/.m2/repository/io/fabric8/kubernetes-model-flowcontrol/7.1.0/kubernetes-model-flowcontrol-7.1.0.jar:/home/runner/.m2/repository/io/fabric8/kubernetes-model-networking/7.1.0/kubernetes-model-networking-7.1.0.jar:/home/runner/.m2/repository/io/fabric8/kubernetes-model-metrics/7.1.0/kubernetes-model-metrics-7.1.0.jar:/home/runner/.m2/repository/io/fabric8/kubernetes-model-policy/7.1.0/kubernetes-model-policy-7.1.0.jar:/home/runner/.m2/repository/io/fabric8/kubernetes-model-scheduling/7.1.0/kubernetes-model-scheduling-7.1.0.jar:/home/runner/.m2/repository/io/fabric8/kubernetes-model-storageclass/7.1.0/kubernetes-model-storageclass-7.1.0.jar:/home/runner/.m2/repository/io/fabric8/kubernetes-model-node/7.1.0/kubernetes-model-node-7.1.0.jar:/home/runner/.m2/repository/org/snakeyaml/snakeyaml-engine/2.9/snakeyaml-engine-2.9.jar:/home/runner/.m2/repository/com/fasterxml/jackson/dataformat/jackson-dataformat-yaml/2.18.2/jackson-dataformat-yaml-2.18.2.jar:/home/runner/.m2/repository/com/fasterxml/jackson/datatype/jackson-datatype-jsr310/2.18.2/jackson-datatype-jsr310-2.18.2.jar:/home/runner/.m2/repository/io/fabric8/zjsonpatch/7.1.0/zjsonpatch-7.1.0.jar:/home/runner/.m2/repository/io/fabric8/kubernetes-httpclient-vertx/7.1.0/kubernetes-httpclient-vertx-7.1.0.jar:/home/runner/.m2/repository/io/vertx/vertx-web-client/4.5.16/vertx-web-client-4.5.16.jar:/home/runner/.m2/repository/io/vertx/vertx-web-common/4.5.16/vertx-web-common-4.5.16.jar:/home/runner/.m2/repository/io/vertx/vertx-auth-common/4.5.16/vertx-auth-common-4.5.16.jar:/home/runner/.m2/repository/io/vertx/vertx-uri-template/4.5.16/vertx-uri-template-4.5.16.jar:/home/runner/.m2/repository/io/fabric8/openshift-client/7.1.0/openshift-client-7.1.0.jar:/home/runner/.m2/repository/io/fabric8/openshift-client-api/7.1.0/openshift-client-api-7.1.0.jar:/home/runner/.m2/repository/io/fabric8/openshift-model/7.1.0/openshift-model-7.1.0.jar:/home/runner/.m2/repository/io/fabric8/openshift-model-autoscaling/7.1.0/openshift-model-autoscaling-7.1.0.jar:/home/runner/.m2/repository/io/fabric8/openshift-model-operator/7.1.0/openshift-model-operator-7.1.0.jar:/home/runner/.m2/repository/io/fabric8/openshift-model-operatorhub/7.1.0/openshift-model-operatorhub-7.1.0.jar:/home/runner/.m2/repository/io/fabric8/openshift-model-machine/7.1.0/openshift-model-machine-7.1.0.jar:/home/runner/.m2/repository/io/fabric8/openshift-model-whereabouts/7.1.0/openshift-model-whereabouts-7.1.0.jar:/home/runner/.m2/repository/io/fabric8/openshift-model-monitoring/7.1.0/openshift-model-monitoring-7.1.0.jar:/home/runner/.m2/repository/io/fabric8/openshift-model-storageversionmigrator/7.1.0/openshift-model-storageversionmigrator-7.1.0.jar:/home/runner/.m2/repository/io/fabric8/openshift-model-tuned/7.1.0/openshift-model-tuned-7.1.0.jar:/home/runner/.m2/repository/io/fabric8/openshift-model-console/7.1.0/openshift-model-console-7.1.0.jar:/home/runner/.m2/repository/io/fabric8/openshift-model-config/7.1.0/openshift-model-config-7.1.0.jar:/home/runner/.m2/repository/io/fabric8/openshift-model-machineconfiguration/7.1.0/openshift-model-machineconfiguration-7.1.0.jar:/home/runner/.m2/repository/io/fabric8/openshift-model-miscellaneous/7.1.0/openshift-model-miscellaneous-7.1.0.jar:/home/runner/.m2/repository/io/fabric8/openshift-model-hive/7.1.0/openshift-model-hive-7.1.0.jar:/home/runner/.m2/repository/io/fabric8/openshift-model-installer/7.1.0/openshift-model-installer-7.1.0.jar:/home/runner/.m2/repository/org/junit/platform/junit-platform-launcher/1.12.1/junit-platform-launcher-1.12.1.jar:/home/runner/.m2/repository/org/junit/platform/junit-platform-engine/1.12.1/junit-platform-engine-1.12.1.jar:/home/runner/.m2/repository/org/opentest4j/opentest4j/1.3.0/opentest4j-1.3.0.jar:/home/runner/.m2/repository/org/junit/platform/junit-platform-commons/1.12.1/junit-platform-commons-1.12.1.jar:/home/runner/.m2/repository/org/apiguardian/apiguardian-api/1.1.2/apiguardian-api-1.1.2.jar:/home/runner/.m2/repository/jakarta/ws/rs/jakarta.ws.rs-api/3.1.0/jakarta.ws.rs-api-3.1.0.jar:/home/runner/work/apicurio-testing/apicurio-testing/clusters/ci419/namespaces/ksql047/tests/integration/apicurio-registry/java-sdk/target/apicurio-registry-java-sdk-3.0.12-SNAPSHOT.jar:/home/runner/.m2/repository/com/microsoft/kiota/microsoft-kiota-abstractions/1.8.8/microsoft-kiota-abstractions-1.8.8.jar:/home/runner/.m2/repository/io/github/std-uritemplate/std-uritemplate/2.0.0/std-uritemplate-2.0.0.jar:/home/runner/.m2/repository/io/kiota/kiota-http-jdk/0.0.29/kiota-http-jdk-0.0.29.jar:/home/runner/.m2/repository/io/kiota/kiota-http-vertx/0.0.29/kiota-http-vertx-0.0.29.jar:/home/runner/.m2/repository/io/kiota/kiota-serialization-jackson/0.0.29/kiota-serialization-jackson-0.0.29.jar:/home/runner/.m2/repository/com/microsoft/kiota/microsoft-kiota-serialization-text/1.8.8/microsoft-kiota-serialization-text-1.8.8.jar:/home/runner/.m2/repository/com/microsoft/kiota/microsoft-kiota-serialization-form/1.8.8/microsoft-kiota-serialization-form-1.8.8.jar:/home/runner/.m2/repository/com/microsoft/kiota/microsoft-kiota-serialization-multipart/1.8.8/microsoft-kiota-serialization-multipart-1.8.8.jar:/home/runner/.m2/repository/jakarta/annotation/jakarta.annotation-api/3.0.0/jakarta.annotation-api-3.0.0.jar:/home/runner/.m2/repository/io/vertx/vertx-auth-oauth2/4.5.16/vertx-auth-oauth2-4.5.16.jar:/home/runner/work/apicurio-testing/apicurio-testing/clusters/ci419/namespaces/ksql047/tests/integration/apicurio-registry/java-sdk-v2/target/apicurio-registry-v2-java-sdk-3.0.12-SNAPSHOT.jar:/home/runner/work/apicurio-testing/apicurio-testing/clusters/ci419/namespaces/ksql047/tests/integration/apicurio-registry/utils/kafka/target/apicurio-registry-utils-kafka-3.0.12-SNAPSHOT-tests.jar:/home/runner/.m2/repository/org/eclipse/microprofile/config/microprofile-config-api/3.1/microprofile-config-api-3.1.jar:/home/runner/.m2/repository/org/apache/kafka/kafka-clients/3.9.1/kafka-clients-3.9.1.jar:/home/runner/.m2/repository/com/github/luben/zstd-jni/1.5.6-4/zstd-jni-1.5.6-4.jar:/home/runner/.m2/repository/org/lz4/lz4-java/1.8.0/lz4-java-1.8.0.jar:/home/runner/.m2/repository/org/xerial/snappy/snappy-java/1.1.10.5/snappy-java-1.1.10.5.jar:/home/runner/.m2/repository/org/slf4j/slf4j-api/2.0.6/slf4j-api-2.0.6.jar:/home/runner/work/apicurio-testing/apicurio-testing/clusters/ci419/namespaces/ksql047/tests/integration/apicurio-registry/utils/tests/target/apicurio-registry-utils-tests-3.0.12-SNAPSHOT.jar:/home/runner/work/apicurio-testing/apicurio-testing/clusters/ci419/namespaces/ksql047/tests/integration/apicurio-registry/common/target/apicurio-registry-common-3.0.12-SNAPSHOT.jar:/home/runner/.m2/repository/jakarta/validation/jakarta.validation-api/3.0.2/jakarta.validation-api-3.0.2.jar:/home/runner/.m2/repository/com/github/dasniko/testcontainers-keycloak/3.8.0/testcontainers-keycloak-3.8.0.jar:/home/runner/.m2/repository/org/testcontainers/testcontainers/1.20.6/testcontainers-1.20.6.jar:/home/runner/.m2/repository/org/rnorth/duct-tape/duct-tape/1.0.8/duct-tape-1.0.8.jar:/home/runner/.m2/repository/com/github/docker-java/docker-java-transport-zerodep/3.4.1/docker-java-transport-zerodep-3.4.1.jar:/home/runner/.m2/repository/com/github/docker-java/docker-java-transport/3.4.1/docker-java-transport-3.4.1.jar:/home/runner/.m2/repository/net/java/dev/jna/jna/5.8.0/jna-5.8.0.jar:/home/runner/.m2/repository/io/quarkus/quarkus-junit4-mock/3.20.2/quarkus-junit4-mock-3.20.2.jar:/home/runner/.m2/repository/org/jboss/shrinkwrap/shrinkwrap-api/2.0.0-beta-2/shrinkwrap-api-2.0.0-beta-2.jar:/home/runner/.m2/repository/org/jboss/shrinkwrap/shrinkwrap-impl-base/2.0.0-beta-2/shrinkwrap-impl-base-2.0.0-beta-2.jar:/home/runner/.m2/repository/org/jboss/shrinkwrap/shrinkwrap-spi/2.0.0-beta-2/shrinkwrap-spi-2.0.0-beta-2.jar:/home/runner/.m2/repository/org/keycloak/keycloak-admin-client/26.0.4/keycloak-admin-client-26.0.4.jar:/home/runner/.m2/repository/org/keycloak/keycloak-client-common-synced/26.0.4/keycloak-client-common-synced-26.0.4.jar:/home/runner/.m2/repository/jakarta/activation/jakarta.activation-api/2.1.3/jakarta.activation-api-2.1.3.jar:/home/runner/.m2/repository/org/eclipse/microprofile/openapi/microprofile-openapi-api/4.0.2/microprofile-openapi-api-4.0.2.jar:/home/runner/.m2/repository/org/jboss/resteasy/resteasy-client/6.2.12.Final/resteasy-client-6.2.12.Final.jar:/home/runner/.m2/repository/org/jboss/resteasy/resteasy-client-api/6.2.12.Final/resteasy-client-api-6.2.12.Final.jar:/home/runner/.m2/repository/org/jboss/resteasy/resteasy-core-spi/6.2.12.Final/resteasy-core-spi-6.2.12.Final.jar:/home/runner/.m2/repository/org/jboss/resteasy/resteasy-core/6.2.12.Final/resteasy-core-6.2.12.Final.jar:/home/runner/.m2/repository/org/eclipse/angus/angus-activation/2.0.2/angus-activation-2.0.2.jar:/home/runner/.m2/repository/com/ibm/async/asyncutil/0.1.0/asyncutil-0.1.0.jar:/home/runner/.m2/repository/org/reactivestreams/reactive-streams/1.0.4/reactive-streams-1.0.4.jar:/home/runner/.m2/repository/org/jboss/resteasy/resteasy-multipart-provider/6.2.12.Final/resteasy-multipart-provider-6.2.12.Final.jar:/home/runner/.m2/repository/jakarta/mail/jakarta.mail-api/2.1.3/jakarta.mail-api-2.1.3.jar:/home/runner/.m2/repository/org/eclipse/angus/angus-mail/2.0.3/angus-mail-2.0.3.jar:/home/runner/.m2/repository/org/apache/james/apache-mime4j-dom/0.8.12/apache-mime4j-dom-0.8.12.jar:/home/runner/.m2/repository/org/apache/james/apache-mime4j-core/0.8.12/apache-mime4j-core-0.8.12.jar:/home/runner/.m2/repository/org/apache/james/apache-mime4j-storage/0.8.12/apache-mime4j-storage-0.8.12.jar:/home/runner/.m2/repository/org/jboss/resteasy/resteasy-jackson2-provider/6.2.12.Final/resteasy-jackson2-provider-6.2.12.Final.jar:/home/runner/.m2/repository/com/fasterxml/jackson/jakarta/rs/jackson-jakarta-rs-base/2.18.2/jackson-jakarta-rs-base-2.18.2.jar:/home/runner/.m2/repository/com/fasterxml/jackson/jakarta/rs/jackson-jakarta-rs-json-provider/2.18.2/jackson-jakarta-rs-json-provider-2.18.2.jar:/home/runner/.m2/repository/com/fasterxml/jackson/module/jackson-module-jakarta-xmlbind-annotations/2.18.2/jackson-module-jakarta-xmlbind-annotations-2.18.2.jar:/home/runner/.m2/repository/com/github/java-json-tools/json-patch/1.13/json-patch-1.13.jar:/home/runner/.m2/repository/com/github/java-json-tools/msg-simple/1.2/msg-simple-1.2.jar:/home/runner/.m2/repository/com/github/java-json-tools/btf/1.3/btf-1.3.jar:/home/runner/.m2/repository/com/github/java-json-tools/jackson-coreutils/2.0/jackson-coreutils-2.0.jar:/home/runner/.m2/repository/org/jboss/resteasy/resteasy-jaxb-provider/6.2.12.Final/resteasy-jaxb-provider-6.2.12.Final.jar:/home/runner/.m2/repository/org/glassfish/jaxb/codemodel/4.0.5/codemodel-4.0.5.jar:/home/runner/.m2/repository/org/glassfish/jaxb/jaxb-core/4.0.5/jaxb-core-4.0.5.jar:/home/runner/.m2/repository/org/glassfish/jaxb/jaxb-jxc/4.0.5/jaxb-jxc-4.0.5.jar:/home/runner/.m2/repository/org/glassfish/jaxb/jaxb-runtime/4.0.5/jaxb-runtime-4.0.5.jar:/home/runner/.m2/repository/org/glassfish/jaxb/txw2/4.0.5/txw2-4.0.5.jar:/home/runner/.m2/repository/org/glassfish/jaxb/jaxb-xjc/4.0.5/jaxb-xjc-4.0.5.jar:/home/runner/.m2/repository/org/glassfish/jaxb/xsom/4.0.5/xsom-4.0.5.jar:/home/runner/.m2/repository/com/sun/istack/istack-commons-runtime/4.1.2/istack-commons-runtime-4.1.2.jar:/home/runner/.m2/repository/com/sun/istack/istack-commons-tools/4.1.2/istack-commons-tools-4.1.2.jar:/home/runner/.m2/repository/com/sun/xml/bind/external/relaxng-datatype/4.0.5/relaxng-datatype-4.0.5.jar:/home/runner/.m2/repository/com/sun/xml/bind/external/rngom/4.0.5/rngom-4.0.5.jar:/home/runner/.m2/repository/org/testcontainers/mssqlserver/1.20.6/mssqlserver-1.20.6.jar:/home/runner/.m2/repository/org/testcontainers/jdbc/1.20.6/jdbc-1.20.6.jar:/home/runner/.m2/repository/org/testcontainers/database-commons/1.20.6/database-commons-1.20.6.jar:/home/runner/.m2/repository/org/testcontainers/mysql/1.20.6/mysql-1.20.6.jar:/home/runner/.m2/repository/io/strimzi/strimzi-test-container/0.111.0/strimzi-test-container-0.111.0.jar:/home/runner/.m2/repository/org/testcontainers/toxiproxy/1.20.6/toxiproxy-1.20.6.jar:/home/runner/.m2/repository/com/github/docker-java/docker-java-api/3.4.1/docker-java-api-3.4.1.jar:/home/runner/.m2/repository/org/apache/logging/log4j/log4j-slf4j-impl/2.19.0/log4j-slf4j-impl-2.19.0.jar:/home/runner/.m2/repository/org/apache/logging/log4j/log4j-api/2.24.3/log4j-api-2.24.3.jar:/home/runner/.m2/repository/org/apache/logging/log4j/log4j-core/2.19.0/log4j-core-2.19.0.jar:/home/runner/.m2/repository/eu/rekawek/toxiproxy/toxiproxy-java/2.1.7/toxiproxy-java-2.1.7.jar:/home/runner/.m2/repository/org/testcontainers/pulsar/1.21.3/pulsar-1.21.3.jar:/home/runner/.m2/repository/io/debezium/debezium-testing-testcontainers/2.7.4.Final/debezium-testing-testcontainers-2.7.4.Final.jar:/home/runner/.m2/repository/org/testcontainers/kafka/1.20.6/kafka-1.20.6.jar:/home/runner/.m2/repository/com/squareup/okhttp3/okhttp/4.8.1/okhttp-4.8.1.jar:/home/runner/.m2/repository/com/squareup/okio/okio/3.10.2/okio-3.10.2.jar:/home/runner/.m2/repository/com/squareup/okio/okio-jvm/3.10.2/okio-jvm-3.10.2.jar:/home/runner/.m2/repository/org/jetbrains/kotlin/kotlin-stdlib/2.0.21/kotlin-stdlib-2.0.21.jar:/home/runner/.m2/repository/org/awaitility/awaitility/4.3.0/awaitility-4.3.0.jar:/home/runner/.m2/repository/org/testcontainers/mongodb/1.20.6/mongodb-1.20.6.jar:/home/runner/.m2/repository/org/testcontainers/mariadb/1.20.6/mariadb-1.20.6.jar:/home/runner/.m2/repository/org/testcontainers/oracle-xe/1.20.6/oracle-xe-1.20.6.jar:/home/runner/.m2/repository/org/testcontainers/postgresql/1.20.6/postgresql-1.20.6.jar:/home/runner/.m2/repository/org/wiremock/wiremock/3.0.1/wiremock-3.0.1.jar:/home/runner/.m2/repository/org/eclipse/jetty/jetty-server/11.0.15/jetty-server-11.0.15.jar:/home/runner/.m2/repository/org/eclipse/jetty/toolchain/jetty-jakarta-servlet-api/5.0.2/jetty-jakarta-servlet-api-5.0.2.jar:/home/runner/.m2/repository/org/eclipse/jetty/jetty-http/11.0.15/jetty-http-11.0.15.jar:/home/runner/.m2/repository/org/eclipse/jetty/jetty-io/11.0.15/jetty-io-11.0.15.jar:/home/runner/.m2/repository/org/eclipse/jetty/jetty-servlet/11.0.15/jetty-servlet-11.0.15.jar:/home/runner/.m2/repository/org/eclipse/jetty/jetty-security/11.0.15/jetty-security-11.0.15.jar:/home/runner/.m2/repository/org/eclipse/jetty/jetty-servlets/11.0.15/jetty-servlets-11.0.15.jar:/home/runner/.m2/repository/org/eclipse/jetty/jetty-util/11.0.15/jetty-util-11.0.15.jar:/home/runner/.m2/repository/org/eclipse/jetty/jetty-webapp/11.0.15/jetty-webapp-11.0.15.jar:/home/runner/.m2/repository/org/eclipse/jetty/jetty-xml/11.0.15/jetty-xml-11.0.15.jar:/home/runner/.m2/repository/org/eclipse/jetty/jetty-proxy/11.0.15/jetty-proxy-11.0.15.jar:/home/runner/.m2/repository/org/eclipse/jetty/jetty-client/11.0.15/jetty-client-11.0.15.jar:/home/runner/.m2/repository/org/eclipse/jetty/http2/http2-server/11.0.15/http2-server-11.0.15.jar:/home/runner/.m2/repository/org/eclipse/jetty/http2/http2-common/11.0.15/http2-common-11.0.15.jar:/home/runner/.m2/repository/org/eclipse/jetty/http2/http2-hpack/11.0.15/http2-hpack-11.0.15.jar:/home/runner/.m2/repository/org/eclipse/jetty/jetty-alpn-server/11.0.15/jetty-alpn-server-11.0.15.jar:/home/runner/.m2/repository/org/eclipse/jetty/jetty-alpn-java-server/11.0.15/jetty-alpn-java-server-11.0.15.jar:/home/runner/.m2/repository/org/eclipse/jetty/jetty-alpn-java-client/11.0.15/jetty-alpn-java-client-11.0.15.jar:/home/runner/.m2/repository/org/eclipse/jetty/jetty-alpn-client/11.0.15/jetty-alpn-client-11.0.15.jar:/home/runner/.m2/repository/org/apache/httpcomponents/client5/httpclient5/5.2.1/httpclient5-5.2.1.jar:/home/runner/.m2/repository/org/apache/httpcomponents/core5/httpcore5/5.2/httpcore5-5.2.jar:/home/runner/.m2/repository/org/apache/httpcomponents/core5/httpcore5-h2/5.2/httpcore5-h2-5.2.jar:/home/runner/.m2/repository/org/xmlunit/xmlunit-core/2.9.1/xmlunit-core-2.9.1.jar:/home/runner/.m2/repository/jakarta/xml/bind/jakarta.xml.bind-api/4.0.2/jakarta.xml.bind-api-4.0.2.jar:/home/runner/.m2/repository/org/xmlunit/xmlunit-legacy/2.9.1/xmlunit-legacy-2.9.1.jar:/home/runner/.m2/repository/org/xmlunit/xmlunit-placeholders/2.9.1/xmlunit-placeholders-2.9.1.jar:/home/runner/.m2/repository/net/javacrumbs/json-unit/json-unit-core/2.38.0/json-unit-core-2.38.0.jar:/home/runner/.m2/repository/org/hamcrest/hamcrest-core/2.2/hamcrest-core-2.2.jar:/home/runner/.m2/repository/com/jayway/jsonpath/json-path/2.8.0/json-path-2.8.0.jar:/home/runner/.m2/repository/net/minidev/json-smart/2.4.10/json-smart-2.4.10.jar:/home/runner/.m2/repository/net/minidev/accessors-smart/2.4.9/accessors-smart-2.4.9.jar:/home/runner/.m2/repository/org/ow2/asm/asm/9.7.1/asm-9.7.1.jar:/home/runner/.m2/repository/net/sf/jopt-simple/jopt-simple/5.0.4/jopt-simple-5.0.4.jar:/home/runner/.m2/repository/com/github/jknack/handlebars/4.3.1/handlebars-4.3.1.jar:/home/runner/.m2/repository/com/github/jknack/handlebars-helpers/4.3.1/handlebars-helpers-4.3.1.jar:/home/runner/.m2/repository/commons-fileupload/commons-fileupload/1.5/commons-fileupload-1.5.jar:/home/runner/.m2/repository/com/networknt/json-schema-validator/1.5.8/json-schema-validator-1.5.8.jar:/home/runner/.m2/repository/com/ethlo/time/itu/1.10.3/itu-1.10.3.jar:/home/runner/.m2/repository/io/quarkus/quarkus-smallrye-jwt-build/3.20.2/quarkus-smallrye-jwt-build-3.20.2.jar:/home/runner/.m2/repository/io/smallrye/smallrye-jwt-build/4.6.2/smallrye-jwt-build-4.6.2.jar:/home/runner/.m2/repository/org/eclipse/microprofile/jwt/microprofile-jwt-auth-api/2.1/microprofile-jwt-auth-api-2.1.jar:/home/runner/.m2/repository/org/bitbucket/b_c/jose4j/0.9.6/jose4j-0.9.6.jar:/home/runner/.m2/repository/io/smallrye/smallrye-jwt-common/4.6.2/smallrye-jwt-common-4.6.2.jar:/home/runner/.m2/repository/io/quarkus/quarkus-jsonp/3.20.2/quarkus-jsonp-3.20.2.jar:/home/runner/.m2/repository/io/quarkus/quarkus-arc/3.20.2/quarkus-arc-3.20.2.jar:/home/runner/.m2/repository/io/quarkus/arc/arc/3.20.2/arc-3.20.2.jar:/home/runner/.m2/repository/jakarta/transaction/jakarta.transaction-api/2.0.1/jakarta.transaction-api-2.0.1.jar:/home/runner/.m2/repository/io/smallrye/reactive/mutiny/2.9.2/mutiny-2.9.2.jar:/home/runner/.m2/repository/org/jctools/jctools-core/4.0.5/jctools-core-4.0.5.jar:/home/runner/.m2/repository/org/eclipse/microprofile/context-propagation/microprofile-context-propagation-api/1.3/microprofile-context-propagation-api-1.3.jar:/home/runner/.m2/repository/io/apicurio/apicurio-common-rest-client-common/0.1.18.Final/apicurio-common-rest-client-common-0.1.18.Final.jar:/home/runner/work/apicurio-testing/apicurio-testing/clusters/ci419/namespaces/ksql047/tests/integration/apicurio-registry/utils/maven-plugin/target/apicurio-registry-maven-plugin-3.0.12-SNAPSHOT.jar:/home/runner/.m2/repository/com/fasterxml/jackson/core/jackson-databind/2.18.2/jackson-databind-2.18.2.jar:/home/runner/.m2/repository/org/apache/avro/avro/1.12.0/avro-1.12.0.jar:/home/runner/.m2/repository/com/google/protobuf/protobuf-java/4.31.1/protobuf-java-4.31.1.jar:/home/runner/.m2/repository/com/google/protobuf/protobuf-java-util/4.31.1/protobuf-java-util-4.31.1.jar:/home/runner/.m2/repository/com/google/code/findbugs/jsr305/3.0.2/jsr305-3.0.2.jar:/home/runner/.m2/repository/com/google/code/gson/gson/2.12.1/gson-2.12.1.jar:/home/runner/.m2/repository/com/google/errorprone/error_prone_annotations/2.36.0/error_prone_annotations-2.36.0.jar:/home/runner/.m2/repository/com/google/j2objc/j2objc-annotations/2.8/j2objc-annotations-2.8.jar:/home/runner/work/apicurio-testing/apicurio-testing/clusters/ci419/namespaces/ksql047/tests/integration/apicurio-registry/schema-util/util-provider/target/apicurio-registry-schema-util-provider-3.0.12-SNAPSHOT.jar:/home/runner/work/apicurio-testing/apicurio-testing/clusters/ci419/namespaces/ksql047/tests/integration/apicurio-registry/schema-util/common/target/apicurio-registry-schema-util-common-3.0.12-SNAPSHOT.jar:/home/runner/.m2/repository/com/fasterxml/jackson/module/jackson-module-parameter-names/2.18.2/jackson-module-parameter-names-2.18.2.jar:/home/runner/.m2/repository/com/fasterxml/jackson/datatype/jackson-datatype-json-org/2.18.2/jackson-datatype-json-org-2.18.2.jar:/home/runner/work/apicurio-testing/apicurio-testing/clusters/ci419/namespaces/ksql047/tests/integration/apicurio-registry/schema-util/json/target/apicurio-registry-schema-util-json-3.0.12-SNAPSHOT.jar:/home/runner/.m2/repository/com/github/erosb/everit-json-schema/1.14.5/everit-json-schema-1.14.5.jar:/home/runner/.m2/repository/commons-validator/commons-validator/1.9.0/commons-validator-1.9.0.jar:/home/runner/.m2/repository/commons-digester/commons-digester/2.1/commons-digester-2.1.jar:/home/runner/.m2/repository/commons-collections/commons-collections/3.2.2/commons-collections-3.2.2.jar:/home/runner/.m2/repository/com/damnhandy/handy-uri-templates/2.1.8/handy-uri-templates-2.1.8.jar:/home/runner/.m2/repository/joda-time/joda-time/2.10.2/joda-time-2.10.2.jar:/home/runner/.m2/repository/com/github/erosb/json-sKema/0.20.0/json-sKema-0.20.0.jar:/home/runner/.m2/repository/io/vertx/vertx-json-schema/4.5.16/vertx-json-schema-4.5.16.jar:/home/runner/work/apicurio-testing/apicurio-testing/clusters/ci419/namespaces/ksql047/tests/integration/apicurio-registry/schema-util/protobuf/target/apicurio-registry-schema-util-protobuf-3.0.12-SNAPSHOT.jar:/home/runner/work/apicurio-testing/apicurio-testing/clusters/ci419/namespaces/ksql047/tests/integration/apicurio-registry/utils/protobuf-schema-utilities/target/apicurio-registry-protobuf-schema-utilities-3.0.12-SNAPSHOT.jar:/home/runner/.m2/repository/com/google/api/grpc/proto-google-common-protos/2.52.0/proto-google-common-protos-2.52.0.jar:/home/runner/.m2/repository/com/squareup/wire/wire-schema-jvm/5.3.3/wire-schema-jvm-5.3.3.jar:/home/runner/.m2/repository/com/palantir/javapoet/javapoet/0.6.0/javapoet-0.6.0.jar:/home/runner/.m2/repository/com/squareup/kotlinpoet-jvm/2.0.0/kotlinpoet-jvm-2.0.0.jar:/home/runner/.m2/repository/org/jetbrains/kotlin/kotlin-reflect/2.0.21/kotlin-reflect-2.0.21.jar:/home/runner/.m2/repository/com/squareup/wire/wire-runtime-jvm/5.3.3/wire-runtime-jvm-5.3.3.jar:/home/runner/.m2/repository/com/ibm/icu/icu4j/76.1/icu4j-76.1.jar:/home/runner/.m2/repository/com/squareup/okio/okio-fakefilesystem/3.10.2/okio-fakefilesystem-3.10.2.jar:/home/runner/.m2/repository/com/squareup/okio/okio-fakefilesystem-jvm/3.10.2/okio-fakefilesystem-jvm-3.10.2.jar:/home/runner/.m2/repository/org/jetbrains/kotlinx/kotlinx-datetime-jvm/0.6.1/kotlinx-datetime-jvm-0.6.1.jar:/home/runner/work/apicurio-testing/apicurio-testing/clusters/ci419/namespaces/ksql047/tests/integration/apicurio-registry/schema-util/asyncapi/target/apicurio-registry-schema-util-asyncapi-3.0.12-SNAPSHOT.jar:/home/runner/work/apicurio-testing/apicurio-testing/clusters/ci419/namespaces/ksql047/tests/integration/apicurio-registry/schema-util/avro/target/apicurio-registry-schema-util-avro-3.0.12-SNAPSHOT.jar:/home/runner/work/apicurio-testing/apicurio-testing/clusters/ci419/namespaces/ksql047/tests/integration/apicurio-registry/schema-util/graphql/target/apicurio-registry-schema-util-graphql-3.0.12-SNAPSHOT.jar:/home/runner/.m2/repository/com/graphql-java/graphql-java/22.4/graphql-java-22.4.jar:/home/runner/.m2/repository/com/graphql-java/java-dataloader/3.3.0/java-dataloader-3.3.0.jar:/home/runner/work/apicurio-testing/apicurio-testing/clusters/ci419/namespaces/ksql047/tests/integration/apicurio-registry/schema-util/kconnect/target/apicurio-registry-schema-util-kconnect-3.0.12-SNAPSHOT.jar:/home/runner/work/apicurio-testing/apicurio-testing/clusters/ci419/namespaces/ksql047/tests/integration/apicurio-registry/schema-util/openapi/target/apicurio-registry-schema-util-openapi-3.0.12-SNAPSHOT.jar:/home/runner/.m2/repository/io/apicurio/apicurio-data-models/2.2.2/apicurio-data-models-2.2.2.jar:/home/runner/.m2/repository/org/openapitools/openapidiff/openapi-diff-core/2.1.2/openapi-diff-core-2.1.2.jar:/home/runner/.m2/repository/io/swagger/parser/v3/swagger-parser/2.1.28/swagger-parser-2.1.28.jar:/home/runner/.m2/repository/io/swagger/parser/v3/swagger-parser-v2-converter/2.1.28/swagger-parser-v2-converter-2.1.28.jar:/home/runner/.m2/repository/io/swagger/swagger-core/1.6.16/swagger-core-1.6.16.jar:/home/runner/.m2/repository/io/swagger/swagger-models/1.6.16/swagger-models-1.6.16.jar:/home/runner/.m2/repository/io/swagger/swagger-annotations/1.6.16/swagger-annotations-1.6.16.jar:/home/runner/.m2/repository/io/swagger/swagger-parser/1.0.75/swagger-parser-1.0.75.jar:/home/runner/.m2/repository/io/swagger/swagger-parser-safe-url-resolver/1.0.75/swagger-parser-safe-url-resolver-1.0.75.jar:/home/runner/.m2/repository/io/swagger/swagger-compat-spec-parser/1.0.75/swagger-compat-spec-parser-1.0.75.jar:/home/runner/.m2/repository/com/github/java-json-tools/json-schema-validator/2.2.14/json-schema-validator-2.2.14.jar:/home/runner/.m2/repository/com/github/java-json-tools/jackson-coreutils-equivalence/1.0/jackson-coreutils-equivalence-1.0.jar:/home/runner/.m2/repository/com/github/java-json-tools/json-schema-core/1.2.14/json-schema-core-1.2.14.jar:/home/runner/.m2/repository/com/github/java-json-tools/uri-template/0.10/uri-template-0.10.jar:/home/runner/.m2/repository/com/googlecode/libphonenumber/libphonenumber/8.11.1/libphonenumber-8.11.1.jar:/home/runner/.m2/repository/com/j2html/j2html/1.6.0/j2html-1.6.0.jar:/home/runner/.m2/repository/org/apache/commons/commons-collections4/4.5.0/commons-collections4-4.5.0.jar:/home/runner/.m2/repository/org/slf4j/jcl-over-slf4j/2.0.17/jcl-over-slf4j-2.0.17.jar:/home/runner/.m2/repository/io/swagger/parser/v3/swagger-parser-v3/2.1.31/swagger-parser-v3-2.1.31.jar:/home/runner/.m2/repository/io/swagger/core/v3/swagger-models/2.2.34/swagger-models-2.2.34.jar:/home/runner/.m2/repository/io/swagger/core/v3/swagger-core/2.2.34/swagger-core-2.2.34.jar:/home/runner/.m2/repository/io/swagger/parser/v3/swagger-parser-core/2.1.31/swagger-parser-core-2.1.31.jar:/home/runner/.m2/repository/io/swagger/parser/v3/swagger-parser-safe-url-resolver/2.1.31/swagger-parser-safe-url-resolver-2.1.31.jar:/home/runner/work/apicurio-testing/apicurio-testing/clusters/ci419/namespaces/ksql047/tests/integration/apicurio-registry/schema-util/wsdl/target/apicurio-registry-schema-util-wsdl-3.0.12-SNAPSHOT.jar:/home/runner/.m2/repository/wsdl4j/wsdl4j/1.6.3/wsdl4j-1.6.3.jar:/home/runner/work/apicurio-testing/apicurio-testing/clusters/ci419/namespaces/ksql047/tests/integration/apicurio-registry/schema-util/xml/target/apicurio-registry-schema-util-xml-3.0.12-SNAPSHOT.jar:/home/runner/.m2/repository/org/apache/santuario/xmlsec/4.0.4/xmlsec-4.0.4.jar:/home/runner/.m2/repository/com/fasterxml/woodstox/woodstox-core/7.1.1/woodstox-core-7.1.1.jar:/home/runner/.m2/repository/org/codehaus/woodstox/stax2-api/4.2.2/stax2-api-4.2.2.jar:/home/runner/work/apicurio-testing/apicurio-testing/clusters/ci419/namespaces/ksql047/tests/integration/apicurio-registry/schema-util/xsd/target/apicurio-registry-schema-util-xsd-3.0.12-SNAPSHOT.jar:/home/runner/work/apicurio-testing/apicurio-testing/clusters/ci419/namespaces/ksql047/tests/integration/apicurio-registry/serdes/kafka/jsonschema-serde/target/apicurio-registry-jsonschema-serde-kafka-3.0.12-SNAPSHOT.jar:/home/runner/work/apicurio-testing/apicurio-testing/clusters/ci419/namespaces/ksql047/tests/integration/apicurio-registry/serdes/kafka/serde-kafka-common/target/apicurio-registry-serde-kafka-common-3.0.12-SNAPSHOT.jar:/home/runner/work/apicurio-testing/apicurio-testing/clusters/ci419/namespaces/ksql047/tests/integration/apicurio-registry/serdes/generic/serde-common/target/apicurio-registry-serde-common-3.0.12-SNAPSHOT.jar:/home/runner/work/apicurio-testing/apicurio-testing/clusters/ci419/namespaces/ksql047/tests/integration/apicurio-registry/serdes/generic/serde-common-jsonschema/target/apicurio-registry-serde-common-jsonschema-3.0.12-SNAPSHOT.jar:/home/runner/.m2/repository/org/json/json/20250107/json-20250107.jar:/home/runner/work/apicurio-testing/apicurio-testing/clusters/ci419/namespaces/ksql047/tests/integration/apicurio-registry/serdes/kafka/avro-serde/target/apicurio-registry-avro-serde-kafka-3.0.12-SNAPSHOT.jar:/home/runner/work/apicurio-testing/apicurio-testing/clusters/ci419/namespaces/ksql047/tests/integration/apicurio-registry/serdes/generic/serde-common-avro/target/apicurio-registry-serde-common-avro-3.0.12-SNAPSHOT.jar:/home/runner/work/apicurio-testing/apicurio-testing/clusters/ci419/namespaces/ksql047/tests/integration/apicurio-registry/serdes/kafka/protobuf-serde/target/apicurio-registry-protobuf-serde-kafka-3.0.12-SNAPSHOT.jar:/home/runner/work/apicurio-testing/apicurio-testing/clusters/ci419/namespaces/ksql047/tests/integration/apicurio-registry/serdes/generic/serde-common-protobuf/target/apicurio-registry-serde-common-protobuf-3.0.12-SNAPSHOT.jar:/home/runner/.m2/repository/com/squareup/wire/wire-schema/5.3.3/wire-schema-5.3.3.jar:/home/runner/.m2/repository/com/squareup/wire/wire-runtime/5.3.3/wire-runtime-5.3.3.jar:/home/runner/work/apicurio-testing/apicurio-testing/clusters/ci419/namespaces/ksql047/tests/integration/apicurio-registry/serdes/pulsar/avro-serde/target/apicurio-registry-avro-serde-pulsar-3.0.12-SNAPSHOT.jar:/home/runner/.m2/repository/org/apache/pulsar/pulsar-functions-api/3.3.8/pulsar-functions-api-3.3.8.jar:/home/runner/work/apicurio-testing/apicurio-testing/clusters/ci419/namespaces/ksql047/tests/integration/apicurio-registry/serdes/nats/avro-serde/target/apicurio-registry-avro-serde-nats-3.0.12-SNAPSHOT.jar:/home/runner/.m2/repository/io/nats/jnats/2.21.4/jnats-2.21.4.jar:/home/runner/.m2/repository/org/bouncycastle/bcprov-lts8on/2.73.7/bcprov-lts8on-2.73.7.jar:/home/runner/.m2/repository/org/jetbrains/annotations/26.0.2/annotations-26.0.2.jar:/home/runner/work/apicurio-testing/apicurio-testing/clusters/ci419/namespaces/ksql047/tests/integration/apicurio-registry/utils/converter/target/apicurio-registry-utils-converter-3.0.12-SNAPSHOT.jar:/home/runner/work/apicurio-testing/apicurio-testing/clusters/ci419/namespaces/ksql047/tests/integration/apicurio-registry/schema-resolver/target/apicurio-registry-schema-resolver-3.0.12-SNAPSHOT.jar:/home/runner/.m2/repository/org/apache/kafka/connect-api/3.9.1/connect-api-3.9.1.jar:/home/runner/.m2/repository/javax/ws/rs/javax.ws.rs-api/2.1.1/javax.ws.rs-api-2.1.1.jar:/home/runner/.m2/repository/org/apache/kafka/connect-json/3.9.1/connect-json-3.9.1.jar:/home/runner/.m2/repository/com/fasterxml/jackson/datatype/jackson-datatype-jdk8/2.18.2/jackson-datatype-jdk8-2.18.2.jar:/home/runner/.m2/repository/com/fasterxml/jackson/module/jackson-module-afterburner/2.18.2/jackson-module-afterburner-2.18.2.jar:/home/runner/work/apicurio-testing/apicurio-testing/clusters/ci419/namespaces/ksql047/tests/integration/apicurio-registry/utils/kafka/target/apicurio-registry-utils-kafka-3.0.12-SNAPSHOT.jar:/home/runner/.m2/repository/org/apache/pulsar/pulsar-client/3.3.8/pulsar-client-3.3.8.jar:/home/runner/.m2/repository/org/apache/pulsar/pulsar-client-api/3.3.8/pulsar-client-api-3.3.8.jar:/home/runner/.m2/repository/org/apache/pulsar/pulsar-client-admin-api/3.3.8/pulsar-client-admin-api-3.3.8.jar:/home/runner/.m2/repository/org/apache/pulsar/bouncy-castle-bc/3.3.8/bouncy-castle-bc-3.3.8-pkg.jar:/home/runner/.m2/repository/org/bouncycastle/bcpkix-jdk18on/1.81/bcpkix-jdk18on-1.81.jar:/home/runner/.m2/repository/org/bouncycastle/bcutil-jdk18on/1.81/bcutil-jdk18on-1.81.jar:/home/runner/.m2/repository/org/bouncycastle/bcprov-jdk18on/1.81/bcprov-jdk18on-1.81.jar:/home/runner/.m2/repository/io/opentelemetry/opentelemetry-api/1.44.1/opentelemetry-api-1.44.1.jar:/home/runner/.m2/repository/io/opentelemetry/opentelemetry-context/1.44.1/opentelemetry-context-1.44.1.jar:/home/runner/.m2/repository/io/opentelemetry/opentelemetry-api-incubator/1.44.1-alpha/opentelemetry-api-incubator-1.44.1-alpha.jar:/home/runner/.m2/repository/com/fasterxml/jackson/core/jackson-annotations/2.18.2/jackson-annotations-2.18.2.jar:/home/runner/.m2/repository/javax/validation/validation-api/1.1.0.Final/validation-api-1.1.0.Final.jar:/home/runner/.m2/repository/org/jspecify/jspecify/1.0.0/jspecify-1.0.0.jar:/home/runner/.m2/repository/org/apache/commons/commons-configuration2/2.12.0/commons-configuration2-2.12.0.jar:/home/runner/.m2/repository/commons-logging/commons-logging/1.3.5/commons-logging-1.3.5.jar:/home/runner/.m2/repository/org/apache/commons/commons-text/1.13.0/commons-text-1.13.0.jar:/home/runner/.m2/repository/io/confluent/kafka-avro-serializer/8.0.0/kafka-avro-serializer-8.0.0.jar:/home/runner/.m2/repository/org/apache/commons/commons-compress/1.27.1/commons-compress-1.27.1.jar:/home/runner/.m2/repository/io/confluent/kafka-schema-serializer/8.0.0/kafka-schema-serializer-8.0.0.jar:/home/runner/.m2/repository/com/fasterxml/jackson/dataformat/jackson-dataformat-csv/2.18.2/jackson-dataformat-csv-2.18.2.jar:/home/runner/.m2/repository/io/confluent/kafka-schema-registry-client/8.0.0/kafka-schema-registry-client-8.0.0.jar:/home/runner/.m2/repository/org/yaml/snakeyaml/2.3/snakeyaml-2.3.jar:/home/runner/.m2/repository/io/swagger/core/v3/swagger-annotations/2.2.29/swagger-annotations-2.2.29.jar:/home/runner/.m2/repository/com/google/guava/guava/33.4.0-jre/guava-33.4.0-jre.jar:/home/runner/.m2/repository/com/google/guava/failureaccess/1.0.1/failureaccess-1.0.1.jar:/home/runner/.m2/repository/org/checkerframework/checker-qual/3.49.0/checker-qual-3.49.0.jar:/home/runner/.m2/repository/io/confluent/logredactor/1.0.13/logredactor-1.0.13.jar:/home/runner/.m2/repository/com/google/re2j/re2j/1.6/re2j-1.6.jar:/home/runner/.m2/repository/io/confluent/logredactor-metrics/1.0.13/logredactor-metrics-1.0.13.jar:/home/runner/.m2/repository/com/eclipsesource/minimal-json/minimal-json/0.9.5/minimal-json-0.9.5.jar:/home/runner/.m2/repository/io/confluent/common-utils/8.0.0/common-utils-8.0.0.jar:/home/runner/.m2/repository/io/confluent/kafka-connect-avro-converter/8.0.0/kafka-connect-avro-converter-8.0.0.jar:/home/runner/.m2/repository/io/confluent/kafka-connect-avro-data/8.0.0/kafka-connect-avro-data-8.0.0.jar:/home/runner/.m2/repository/io/confluent/kafka-schema-converter/8.0.0/kafka-schema-converter-8.0.0.jar:/home/runner/.m2/repository/io/rest-assured/rest-assured/5.5.1/rest-assured-5.5.1.jar:/home/runner/.m2/repository/org/apache/groovy/groovy/4.0.22/groovy-4.0.22.jar:/home/runner/.m2/repository/org/apache/groovy/groovy-xml/4.0.22/groovy-xml-4.0.22.jar:/home/runner/.m2/repository/org/apache/httpcomponents/httpclient/4.5.14/httpclient-4.5.14.jar:/home/runner/.m2/repository/org/apache/httpcomponents/httpcore/4.4.16/httpcore-4.4.16.jar:/home/runner/.m2/repository/org/apache/httpcomponents/httpmime/4.5.14/httpmime-4.5.14.jar:/home/runner/.m2/repository/org/hamcrest/hamcrest/2.2/hamcrest-2.2.jar:/home/runner/.m2/repository/org/ccil/cowan/tagsoup/tagsoup/1.2.1/tagsoup-1.2.1.jar:/home/runner/.m2/repository/io/rest-assured/json-path/5.5.1/json-path-5.5.1.jar:/home/runner/.m2/repository/org/apache/groovy/groovy-json/4.0.22/groovy-json-4.0.22.jar:/home/runner/.m2/repository/io/rest-assured/rest-assured-common/5.5.1/rest-assured-common-5.5.1.jar:/home/runner/.m2/repository/io/rest-assured/xml-path/5.5.1/xml-path-5.5.1.jar:/home/runner/.m2/repository/io/zonky/test/embedded-postgres/2.1.0/embedded-postgres-2.1.0.jar:/home/runner/.m2/repository/io/zonky/test/postgres/embedded-postgres-binaries-windows-amd64/14.15.0/embedded-postgres-binaries-windows-amd64-14.15.0.jar:/home/runner/.m2/repository/io/zonky/test/postgres/embedded-postgres-binaries-darwin-amd64/14.15.0/embedded-postgres-binaries-darwin-amd64-14.15.0.jar:/home/runner/.m2/repository/io/zonky/test/postgres/embedded-postgres-binaries-linux-amd64/14.15.0/embedded-postgres-binaries-linux-amd64-14.15.0.jar:/home/runner/.m2/repository/io/zonky/test/postgres/embedded-postgres-binaries-linux-amd64-alpine/14.15.0/embedded-postgres-binaries-linux-amd64-alpine-14.15.0.jar:/home/runner/.m2/repository/org/apache/commons/commons-lang3/3.17.0/commons-lang3-3.17.0.jar:/home/runner/.m2/repository/org/tukaani/xz/1.10/xz-1.10.jar:/home/runner/.m2/repository/commons-codec/commons-codec/1.19.0/commons-codec-1.19.0.jar:/home/runner/.m2/repository/org/postgresql/postgresql/42.7.7/postgresql-42.7.7.jar:/home/runner/.m2/repository/commons-io/commons-io/2.18.0/commons-io-2.18.0.jar:/home/runner/work/apicurio-testing/apicurio-testing/clusters/ci419/namespaces/ksql047/tests/integration/apicurio-registry/utils/importexport/target/apicurio-registry-utils-import-export-3.0.12-SNAPSHOT.jar:/home/runner/.m2/repository/io/vertx/vertx-core/4.5.16/vertx-core-4.5.16.jar:/home/runner/.m2/repository/io/netty/netty-common/4.1.121.Final/netty-common-4.1.121.Final.jar:/home/runner/.m2/repository/io/netty/netty-buffer/4.1.121.Final/netty-buffer-4.1.121.Final.jar:/home/runner/.m2/repository/io/netty/netty-transport/4.1.121.Final/netty-transport-4.1.121.Final.jar:/home/runner/.m2/repository/io/netty/netty-handler/4.1.121.Final/netty-handler-4.1.121.Final.jar:/home/runner/.m2/repository/io/netty/netty-transport-native-unix-common/4.1.121.Final/netty-transport-native-unix-common-4.1.121.Final.jar:/home/runner/.m2/repository/io/netty/netty-codec/4.1.121.Final/netty-codec-4.1.121.Final.jar:/home/runner/.m2/repository/io/netty/netty-handler-proxy/4.1.121.Final/netty-handler-proxy-4.1.121.Final.jar:/home/runner/.m2/repository/io/netty/netty-codec-socks/4.1.121.Final/netty-codec-socks-4.1.121.Final.jar:/home/runner/.m2/repository/io/netty/netty-codec-http/4.1.121.Final/netty-codec-http-4.1.121.Final.jar:/home/runner/.m2/repository/io/netty/netty-codec-http2/4.1.121.Final/netty-codec-http2-4.1.121.Final.jar:/home/runner/.m2/repository/io/netty/netty-resolver/4.1.121.Final/netty-resolver-4.1.121.Final.jar:/home/runner/.m2/repository/io/netty/netty-resolver-dns/4.1.121.Final/netty-resolver-dns-4.1.121.Final.jar:/home/runner/.m2/repository/io/netty/netty-codec-dns/4.1.121.Final/netty-codec-dns-4.1.121.Final.jar:/home/runner/.m2/repository/com/fasterxml/jackson/core/jackson-core/2.18.2/jackson-core-2.18.2.jar:"/>
    <property name="sun.cpu.endian" value="little"/>
    <property name="user.home" value="/home/runner"/>
    <property name="user.language" value="en"/>
    <property name="jboss.log-version" value="false"/>
    <property name="java.specification.vendor" value="Oracle Corporation"/>
    <property name="java.version.date" value="2025-07-15"/>
    <property name="java.home" value="/usr/lib/jvm/temurin-17-jdk-amd64"/>
    <property name="file.separator" value="/"/>
    <property name="basedir" value="/home/runner/work/apicurio-testing/apicurio-testing/clusters/ci419/namespaces/ksql047/tests/integration/apicurio-registry/integration-tests"/>
    <property name="java.vm.compressedOopsMode" value="32-bit"/>
    <property name="line.separator" value="&#10;"/>
    <property name="java.specification.name" value="Java Platform API Specification"/>
    <property name="java.vm.specification.vendor" value="Oracle Corporation"/>
    <property name="quarkus.http.test-host" value="registry-app-ksql047.apps.ci419.apicurio-testing.org"/>
    <property name="surefire.real.class.path" value="/home/runner/work/apicurio-testing/apicurio-testing/clusters/ci419/namespaces/ksql047/tests/integration/apicurio-registry/integration-tests/target/surefire/surefirebooter-20250806185501025_3.jar"/>
    <property name="sun.management.compiler" value="HotSpot 64-Bit Tiered Compilers"/>
    <property name="org.eclipse.jetty.http.HttpGenerator.STRICT" value="true"/>
    <property name="java.runtime.version" value="17.0.16+8"/>
    <property name="user.name" value="runner"/>
    <property name="path.separator" value=":"/>
    <property name="os.version" value="6.8.0-1031-azure"/>
    <property name="java.runtime.name" value="OpenJDK Runtime Environment"/>
    <property name="file.encoding" value="UTF-8"/>
    <property name="jnidispatch.path" value="/home/runner/.cache/JNA/temp/jna8182533643629441216.tmp"/>
    <property name="java.vm.name" value="OpenJDK 64-Bit Server VM"/>
    <property name="jna.platform.library.path" value="/usr/lib/x86_64-linux-gnu:/lib/x86_64-linux-gnu:/usr/lib64:/lib64:/usr/lib:/lib:/lib32:/usr/local/lib:/usr/lib/x86_64-linux-gnu/libfakeroot"/>
    <property name="java.vendor.version" value="Temurin-17.0.16+8"/>
    <property name="quarkus.oidc.token-path" value="https://keycloak-ksql047.apps.ci419.apicurio-testing.org/realms/registry/protocol/openid-connect/token"/>
    <property name="quarkus.http.host" value="registry-app-ksql047.apps.ci419.apicurio-testing.org"/>
    <property name="localRepository" value="/home/runner/.m2/repository"/>
    <property name="javax.xml.xpath.XPathFactory:http://java.sun.com/jaxp/xpath/dom" value="com.sun.org.apache.xpath.internal.jaxp.XPathFactoryImpl"/>
    <property name="jna.loaded" value="true"/>
    <property name="java.vendor.url.bug" value="https://github.com/adoptium/adoptium-support/issues"/>
    <property name="jetty.git.hash" value="5bc5e562c8d05c5862505aebe5cf83a61bdbcb96"/>
    <property name="java.io.tmpdir" value="/tmp"/>
    <property name="quarkus.http.test-protocol" value="http"/>
    <property name="java.version" value="17.0.16"/>
    <property name="user.dir" value="/home/runner/work/apicurio-testing/apicurio-testing/clusters/ci419/namespaces/ksql047/tests/integration/apicurio-registry/integration-tests"/>
    <property name="os.arch" value="amd64"/>
    <property name="groups" value="( smoke | serdes | acceptance | ui)"/>
    <property name="java.vm.specification.name" value="Java Virtual Machine Specification"/>
    <property name="native.encoding" value="UTF-8"/>
    <property name="java.util.logging.manager" value="org.jboss.logmanager.LogManager"/>
    <property name="java.library.path" value="/usr/java/packages/lib:/usr/lib64:/lib64:/lib:/usr/lib"/>
    <property name="jdk.console" value="java.base"/>
    <property name="java.vm.info" value="mixed mode, sharing"/>
    <property name="java.vendor" value="Eclipse Adoptium"/>
    <property name="java.vm.version" value="17.0.16+8"/>
    <property name="java.specification.maintenance.version" value="1"/>
    <property name="sun.io.unicode.encoding" value="UnicodeLittle"/>
    <property name="javax.xml.transform.TransformerFactory" value="com.sun.org.apache.xalan.internal.xsltc.trax.TransformerFactoryImpl"/>
    <property name="java.class.version" value="61.0"/>
  </properties>
  <testcase name="testGlobalIdInHeaders" classname="io.apicurio.tests.serdes.apicurio.AvroSerdeIT" time="6.104">
    <system-out><![CDATA[**** Registry Base URL: http://registry-app-ksql047.apps.ci419.apicurio-testing.org:80
**** Registry Base URL: http://registry-app-ksql047.apps.ci419.apicurio-testing.org:80
2025-08-06 18:55:13,143 INFO  [io.api.tes.ser.api.AvroSerdeIT] (main) RestAssured configured with http://registry-app-ksql047.apps.ci419.apicurio-testing.org:80/apis/registry/v3
2025-08-06 18:55:13,143 INFO  [io.api.tes.uti.KafkaFacade] (main) Starting kafka container
2025-08-06 18:55:13,174 INFO  [org.tes.ima.PullPolicy] (main) Image pull policy will be performed by: DefaultPullPolicy()
2025-08-06 18:55:13,176 INFO  [org.tes.uti.ImageNameSubstitutor] (main) Image name substitution will be performed by: DefaultImageNameSubstitutor (composite of 'ConfigurationFileImageNameSubstitutor' and 'PrefixingImageNameSubstitutor')
2025-08-06 18:55:13,185 INFO  [org.tes.DockerClientFactory] (main) Testcontainers version: 1.20.6
2025-08-06 18:55:13,703 INFO  [org.tes.doc.DockerClientProviderStrategy] (main) Found Docker environment with local Unix socket (unix:///var/run/docker.sock)
2025-08-06 18:55:13,711 INFO  [org.tes.DockerClientFactory] (main) Docker host IP address is localhost
2025-08-06 18:55:13,734 INFO  [org.tes.DockerClientFactory] (main) Connected to docker: 
  Server Version: 28.0.4
  API Version: 1.48
  Operating System: Ubuntu 22.04.5 LTS
  Total Memory: 7944 MB
2025-08-06 18:55:13,775 INFO  [tc.tes.11.0] (main) Pulling docker image: testcontainers/ryuk:0.11.0. Please be patient; this may take some time but only needs to be done once.
2025-08-06 18:55:14,068 INFO  [tc.tes.11.0] (docker-java-stream--1295187651) Starting to pull image
2025-08-06 18:55:14,094 INFO  [tc.tes.11.0] (docker-java-stream--1295187651) Pulling image layers:  0 pending,  0 downloaded,  0 extracted, (0 bytes/0 bytes)
2025-08-06 18:55:14,255 INFO  [tc.tes.11.0] (docker-java-stream--1295187651) Pulling image layers:  2 pending,  1 downloaded,  0 extracted, (44 KB/? MB)
2025-08-06 18:55:14,273 INFO  [tc.tes.11.0] (docker-java-stream--1295187651) Pulling image layers:  1 pending,  2 downloaded,  0 extracted, (116 KB/? MB)
2025-08-06 18:55:14,396 INFO  [tc.tes.11.0] (docker-java-stream--1295187651) Pulling image layers:  1 pending,  2 downloaded,  1 extracted, (8 MB/? MB)
2025-08-06 18:55:14,402 INFO  [tc.tes.11.0] (docker-java-stream--1295187651) Pulling image layers:  0 pending,  3 downloaded,  1 extracted, (8 MB/10 MB)
2025-08-06 18:55:15,393 INFO  [tc.tes.11.0] (docker-java-stream--1295187651) Pulling image layers:  0 pending,  3 downloaded,  2 extracted, (9 MB/10 MB)
2025-08-06 18:55:15,436 INFO  [tc.tes.11.0] (docker-java-stream--1295187651) Pulling image layers:  0 pending,  3 downloaded,  3 extracted, (10 MB/10 MB)
2025-08-06 18:55:15,442 INFO  [tc.tes.11.0] (docker-java-stream--1295187651) Pull complete. 3 layers, pulled in 1s (downloaded 10 MB at 10 MB/s)
2025-08-06 18:55:15,442 INFO  [tc.tes.11.0] (main) Image testcontainers/ryuk:0.11.0 pull took PT1.666440981S
2025-08-06 18:55:15,462 INFO  [tc.tes.11.0] (main) Creating container for image: testcontainers/ryuk:0.11.0
2025-08-06 18:55:15,555 INFO  [tc.tes.11.0] (main) Container testcontainers/ryuk:0.11.0 is starting: 408cf2d93d09529b5325f5831518ea2642b8f877ff0a3d25ab4fdbe54ff59e5e
2025-08-06 18:55:15,924 INFO  [tc.tes.11.0] (main) Container testcontainers/ryuk:0.11.0 started in PT0.462725289S
2025-08-06 18:55:15,930 INFO  [org.tes.uti.RyukResourceReaper] (main) Ryuk started - will monitor and terminate Testcontainers containers on JVM exit
2025-08-06 18:55:15,930 INFO  [org.tes.DockerClientFactory] (main) Checking the system...
2025-08-06 18:55:15,931 INFO  [org.tes.DockerClientFactory] (main) ✔︎ Docker server version should be at least 1.6.0
2025-08-06 18:55:15,934 INFO  [io.str.tes.con.KafkaVersionService] (main) Latest release of Kafka is:LogicalKafkaVersionEntity{version='4.0.0', image='quay.io/strimzi-test-container/test-container:0.111.0-kafka-4.0.0'}
2025-08-06 18:55:15,934 INFO  [io.str.tes.con.KafkaVersionService] (main) Latest release of Kafka is:LogicalKafkaVersionEntity{version='4.0.0', image='quay.io/strimzi-test-container/test-container:0.111.0-kafka-4.0.0'}
2025-08-06 18:55:15,935 INFO  [io.str.tes.con.KafkaVersionService] (main) No Kafka version specified. Using latest release: 4.0.0
2025-08-06 18:55:15,941 INFO  [tc.qua.io/.111.0-k.0.0] (main) Pulling docker image: quay.io/strimzi-test-container/test-container:0.111.0-kafka-4.0.0. Please be patient; this may take some time but only needs to be done once.
2025-08-06 18:55:16,530 INFO  [tc.qua.io/.111.0-k.0.0] (docker-java-stream--29267298) Starting to pull image
2025-08-06 18:55:16,531 INFO  [tc.qua.io/.111.0-k.0.0] (docker-java-stream--29267298) Pulling image layers:  0 pending,  0 downloaded,  0 extracted, (0 bytes/0 bytes)
2025-08-06 18:55:16,961 INFO  [tc.qua.io/.111.0-k.0.0] (docker-java-stream--29267298) Pulling image layers:  6 pending,  1 downloaded,  0 extracted, (13 MB/? MB)
2025-08-06 18:55:17,116 INFO  [tc.qua.io/.111.0-k.0.0] (docker-java-stream--29267298) Pulling image layers:  5 pending,  2 downloaded,  0 extracted, (22 MB/? MB)
2025-08-06 18:55:17,428 INFO  [tc.qua.io/.111.0-k.0.0] (docker-java-stream--29267298) Pulling image layers:  4 pending,  3 downloaded,  0 extracted, (61 MB/? MB)
2025-08-06 18:55:17,633 INFO  [tc.qua.io/.111.0-k.0.0] (docker-java-stream--29267298) Pulling image layers:  3 pending,  4 downloaded,  0 extracted, (71 MB/? MB)
2025-08-06 18:55:17,863 INFO  [tc.qua.io/.111.0-k.0.0] (docker-java-stream--29267298) Pulling image layers:  2 pending,  5 downloaded,  0 extracted, (87 MB/? MB)
2025-08-06 18:55:18,559 INFO  [tc.qua.io/.111.0-k.0.0] (docker-java-stream--29267298) Pulling image layers:  2 pending,  5 downloaded,  1 extracted, (139 MB/? MB)
2025-08-06 18:55:18,914 INFO  [tc.qua.io/.111.0-k.0.0] (docker-java-stream--29267298) Pulling image layers:  1 pending,  6 downloaded,  1 extracted, (172 MB/? MB)
2025-08-06 18:55:20,796 INFO  [tc.qua.io/.111.0-k.0.0] (docker-java-stream--29267298) Pulling image layers:  0 pending,  7 downloaded,  1 extracted, (239 MB/249 MB)
2025-08-06 18:55:22,938 INFO  [tc.qua.io/.111.0-k.0.0] (docker-java-stream--29267298) Pulling image layers:  0 pending,  7 downloaded,  2 extracted, (242 MB/249 MB)
2025-08-06 18:55:22,995 INFO  [tc.qua.io/.111.0-k.0.0] (docker-java-stream--29267298) Pulling image layers:  0 pending,  7 downloaded,  3 extracted, (245 MB/249 MB)
2025-08-06 18:55:23,011 INFO  [tc.qua.io/.111.0-k.0.0] (docker-java-stream--29267298) Pulling image layers:  0 pending,  7 downloaded,  4 extracted, (245 MB/249 MB)
2025-08-06 18:55:24,152 INFO  [tc.qua.io/.111.0-k.0.0] (docker-java-stream--29267298) Pulling image layers:  0 pending,  7 downloaded,  5 extracted, (247 MB/249 MB)
2025-08-06 18:55:24,191 INFO  [tc.qua.io/.111.0-k.0.0] (docker-java-stream--29267298) Pulling image layers:  0 pending,  7 downloaded,  6 extracted, (249 MB/249 MB)
2025-08-06 18:55:24,202 INFO  [tc.qua.io/.111.0-k.0.0] (docker-java-stream--29267298) Pulling image layers:  0 pending,  7 downloaded,  7 extracted, (249 MB/249 MB)
2025-08-06 18:55:24,208 INFO  [tc.qua.io/.111.0-k.0.0] (docker-java-stream--29267298) Pull complete. 7 layers, pulled in 7s (downloaded 249 MB at 35 MB/s)
2025-08-06 18:55:24,208 INFO  [tc.qua.io/.111.0-k.0.0] (main) Image quay.io/strimzi-test-container/test-container:0.111.0-kafka-4.0.0 pull took PT8.267350463S
2025-08-06 18:55:24,211 INFO  [tc.qua.io/.111.0-k.0.0] (main) Creating container for image: quay.io/strimzi-test-container/test-container:0.111.0-kafka-4.0.0
2025-08-06 18:55:24,283 INFO  [tc.qua.io/.111.0-k.0.0] (main) Container quay.io/strimzi-test-container/test-container:0.111.0-kafka-4.0.0 is starting: efaeead593fc2e939552d6817a02aa12157e90ebb4534e04a97763e0ee6f406a
2025-08-06 18:55:24,448 INFO  [io.str.tes.con.StrimziKafkaContainer] (main) Mapped port: 32769
2025-08-06 18:55:24,448 WARN  [io.str.tes.con.StrimziKafkaContainer] (main) Node ID is not set. Using broker ID 0 as the default node ID.
2025-08-06 18:55:24,450 INFO  [io.str.tes.con.StrimziKafkaContainer] (main) This is all advertised listeners for Kafka PLAINTEXT://localhost:32769,BROKER1://172.18.0.2:9091,CONTROLLER://broker-0:9094
2025-08-06 18:55:24,481 INFO  [io.str.tes.con.StrimziKafkaContainer] (main) New `cluster.id` has been generated: NyMRaTI5Q0SXQrlZpmr68g
2025-08-06 18:55:24,483 INFO  [io.str.tes.con.StrimziKafkaContainer] (main) Copying command to 'STARTER_SCRIPT' script.
2025-08-06 18:55:29,876 INFO  [tc.qua.io/.111.0-k.0.0] (main) Container quay.io/strimzi-test-container/test-container:0.111.0-kafka-4.0.0 started in PT5.664342005S
2025-08-06 18:55:29,877 INFO  [io.api.tes.uti.TestSeparator] (main) ############################################################################
2025-08-06 18:55:29,877 INFO  [io.api.tes.uti.TestSeparator] (main) io.apicurio.tests.serdes.apicurio.AvroSerdeIT.testGlobalIdInHeaders-STARTED
2025-08-06 18:55:29,888 INFO  [org.apa.kaf.cli.adm.AdminClientConfig] (main) AdminClientConfig values: 
	auto.include.jmx.reporter = true
	bootstrap.controllers = []
	bootstrap.servers = [PLAINTEXT://localhost:32769]
	client.dns.lookup = use_all_dns_ips
	client.id = 
	connections.max.idle.ms = 10000
	default.api.timeout.ms = 60000
	enable.metrics.push = true
	metadata.max.age.ms = 300000
	metadata.recovery.strategy = none
	metric.reporters = []
	metrics.num.samples = 2
	metrics.recording.level = INFO
	metrics.sample.window.ms = 30000
	receive.buffer.bytes = 65536
	reconnect.backoff.max.ms = 1000
	reconnect.backoff.ms = 50
	request.timeout.ms = 5000
	retries = 2147483647
	retry.backoff.max.ms = 1000
	retry.backoff.ms = 100
	sasl.client.callback.handler.class = null
	sasl.jaas.config = null
	sasl.kerberos.kinit.cmd = /usr/bin/kinit
	sasl.kerberos.min.time.before.relogin = 60000
	sasl.kerberos.service.name = null
	sasl.kerberos.ticket.renew.jitter = 0.05
	sasl.kerberos.ticket.renew.window.factor = 0.8
	sasl.login.callback.handler.class = null
	sasl.login.class = null
	sasl.login.connect.timeout.ms = null
	sasl.login.read.timeout.ms = null
	sasl.login.refresh.buffer.seconds = 300
	sasl.login.refresh.min.period.seconds = 60
	sasl.login.refresh.window.factor = 0.8
	sasl.login.refresh.window.jitter = 0.05
	sasl.login.retry.backoff.max.ms = 10000
	sasl.login.retry.backoff.ms = 100
	sasl.mechanism = GSSAPI
	sasl.oauthbearer.clock.skew.seconds = 30
	sasl.oauthbearer.expected.audience = null
	sasl.oauthbearer.expected.issuer = null
	sasl.oauthbearer.header.urlencode = false
	sasl.oauthbearer.jwks.endpoint.refresh.ms = 3600000
	sasl.oauthbearer.jwks.endpoint.retry.backoff.max.ms = 10000
	sasl.oauthbearer.jwks.endpoint.retry.backoff.ms = 100
	sasl.oauthbearer.jwks.endpoint.url = null
	sasl.oauthbearer.scope.claim.name = scope
	sasl.oauthbearer.sub.claim.name = sub
	sasl.oauthbearer.token.endpoint.url = null
	security.protocol = PLAINTEXT
	security.providers = null
	send.buffer.bytes = 131072
	socket.connection.setup.timeout.max.ms = 30000
	socket.connection.setup.timeout.ms = 10000
	ssl.cipher.suites = null
	ssl.enabled.protocols = [TLSv1.2, TLSv1.3]
	ssl.endpoint.identification.algorithm = https
	ssl.engine.factory.class = null
	ssl.key.password = null
	ssl.keymanager.algorithm = SunX509
	ssl.keystore.certificate.chain = null
	ssl.keystore.key = null
	ssl.keystore.location = null
	ssl.keystore.password = null
	ssl.keystore.type = JKS
	ssl.protocol = TLSv1.3
	ssl.provider = null
	ssl.secure.random.implementation = null
	ssl.trustmanager.algorithm = PKIX
	ssl.truststore.certificates = null
	ssl.truststore.location = null
	ssl.truststore.password = null
	ssl.truststore.type = JKS

2025-08-06 18:55:30,354 INFO  [org.apa.kaf.com.uti.AppInfoParser] (main) Kafka version: 3.9.1
2025-08-06 18:55:30,354 INFO  [org.apa.kaf.com.uti.AppInfoParser] (main) Kafka commitId: f745dfdcee2b9851
2025-08-06 18:55:30,355 INFO  [org.apa.kaf.com.uti.AppInfoParser] (main) Kafka startTimeMs: 1754506530352
**** Registry Base URL: http://registry-app-ksql047.apps.ci419.apicurio-testing.org:80
2025-08-06 18:55:30,417 INFO  [org.apa.kaf.cli.pro.ProducerConfig] (main) ProducerConfig values: 
	acks = -1
	auto.include.jmx.reporter = true
	batch.size = 16384
	bootstrap.servers = [PLAINTEXT://localhost:32769]
	buffer.memory = 33554432
	client.dns.lookup = use_all_dns_ips
	client.id = Producer-topic-61007baa_4db2_4d90_bf96_858ad63a27ba
	compression.gzip.level = -1
	compression.lz4.level = 9
	compression.type = none
	compression.zstd.level = 3
	connections.max.idle.ms = 10000
	delivery.timeout.ms = 120000
	enable.idempotence = true
	enable.metrics.push = true
	interceptor.classes = []
	key.serializer = class org.apache.kafka.common.serialization.StringSerializer
	linger.ms = 0
	max.block.ms = 60000
	max.in.flight.requests.per.connection = 5
	max.request.size = 1048576
	metadata.max.age.ms = 300000
	metadata.max.idle.ms = 300000
	metadata.recovery.strategy = none
	metric.reporters = []
	metrics.num.samples = 2
	metrics.recording.level = INFO
	metrics.sample.window.ms = 30000
	partitioner.adaptive.partitioning.enable = true
	partitioner.availability.timeout.ms = 0
	partitioner.class = null
	partitioner.ignore.keys = false
	receive.buffer.bytes = 32768
	reconnect.backoff.max.ms = 1000
	reconnect.backoff.ms = 50
	request.timeout.ms = 5000
	retries = 2147483647
	retry.backoff.max.ms = 1000
	retry.backoff.ms = 100
	sasl.client.callback.handler.class = null
	sasl.jaas.config = null
	sasl.kerberos.kinit.cmd = /usr/bin/kinit
	sasl.kerberos.min.time.before.relogin = 60000
	sasl.kerberos.service.name = null
	sasl.kerberos.ticket.renew.jitter = 0.05
	sasl.kerberos.ticket.renew.window.factor = 0.8
	sasl.login.callback.handler.class = null
	sasl.login.class = null
	sasl.login.connect.timeout.ms = null
	sasl.login.read.timeout.ms = null
	sasl.login.refresh.buffer.seconds = 300
	sasl.login.refresh.min.period.seconds = 60
	sasl.login.refresh.window.factor = 0.8
	sasl.login.refresh.window.jitter = 0.05
	sasl.login.retry.backoff.max.ms = 10000
	sasl.login.retry.backoff.ms = 100
	sasl.mechanism = GSSAPI
	sasl.oauthbearer.clock.skew.seconds = 30
	sasl.oauthbearer.expected.audience = null
	sasl.oauthbearer.expected.issuer = null
	sasl.oauthbearer.header.urlencode = false
	sasl.oauthbearer.jwks.endpoint.refresh.ms = 3600000
	sasl.oauthbearer.jwks.endpoint.retry.backoff.max.ms = 10000
	sasl.oauthbearer.jwks.endpoint.retry.backoff.ms = 100
	sasl.oauthbearer.jwks.endpoint.url = null
	sasl.oauthbearer.scope.claim.name = scope
	sasl.oauthbearer.sub.claim.name = sub
	sasl.oauthbearer.token.endpoint.url = null
	security.protocol = PLAINTEXT
	security.providers = null
	send.buffer.bytes = 131072
	socket.connection.setup.timeout.max.ms = 30000
	socket.connection.setup.timeout.ms = 10000
	ssl.cipher.suites = null
	ssl.enabled.protocols = [TLSv1.2, TLSv1.3]
	ssl.endpoint.identification.algorithm = https
	ssl.engine.factory.class = null
	ssl.key.password = null
	ssl.keymanager.algorithm = SunX509
	ssl.keystore.certificate.chain = null
	ssl.keystore.key = null
	ssl.keystore.location = null
	ssl.keystore.password = null
	ssl.keystore.type = JKS
	ssl.protocol = TLSv1.3
	ssl.provider = null
	ssl.secure.random.implementation = null
	ssl.trustmanager.algorithm = PKIX
	ssl.truststore.certificates = null
	ssl.truststore.location = null
	ssl.truststore.password = null
	ssl.truststore.type = JKS
	transaction.timeout.ms = 60000
	transactional.id = null
	value.serializer = class io.apicurio.registry.serde.avro.AvroKafkaSerializer

2025-08-06 18:55:30,505 INFO  [org.apa.kaf.com.tel.int.KafkaMetricsCollector] (main) initializing Kafka metrics collector
2025-08-06 18:55:30,549 INFO  [org.apa.kaf.cli.pro.KafkaProducer] (main) [Producer clientId=Producer-topic-61007baa_4db2_4d90_bf96_858ad63a27ba] Instantiated an idempotent producer.
2025-08-06 18:55:30,625 INFO  [org.apa.kaf.cli.pro.ProducerConfig] (main) These configurations '[apicurio.registry.url, apicurio.registry.auto-register, apicurio.registry.use-id, apicurio.registry.artifact-resolver-strategy]' were supplied but are not used yet.
2025-08-06 18:55:30,626 INFO  [org.apa.kaf.com.uti.AppInfoParser] (main) Kafka version: 3.9.1
2025-08-06 18:55:30,626 INFO  [org.apa.kaf.com.uti.AppInfoParser] (main) Kafka commitId: f745dfdcee2b9851
2025-08-06 18:55:30,626 INFO  [org.apa.kaf.com.uti.AppInfoParser] (main) Kafka startTimeMs: 1754506530626
2025-08-06 18:55:30,629 INFO  [io.api.tes.ser.api.SimpleSerdesTesterBuilder$SimpleSerdesTester] (main) Using producer configuration: {apicurio.registry.url=http://registry-app-ksql047.apps.ci419.apicurio-testing.org:80/apis/registry/v3, apicurio.registry.auto-register=true, apicurio.registry.use-id=globalId, apicurio.registry.artifact-resolver-strategy=io.apicurio.registry.serde.strategy.TopicIdStrategy, value.serializer=io.apicurio.registry.serde.avro.AvroKafkaSerializer, request.timeout.ms=5000, acks=all, bootstrap.servers=PLAINTEXT://localhost:32769, connections.max.idle.ms=10000, key.serializer=org.apache.kafka.common.serialization.StringSerializer, client.id=Producer-topic-61007baa_4db2_4d90_bf96_858ad63a27ba}
2025-08-06 18:55:30,629 INFO  [io.api.tes.ser.api.SimpleSerdesTesterBuilder$SimpleSerdesTester] (main) Using consumer configuration: {apicurio.registry.use-id=globalId}
2025-08-06 18:55:30,640 INFO  [io.api.tes.ser.api.KafkaSerdesTester] (Thread-600) Sending message {"key11754506530387": "value-0"} to topic topic-61007baa_4db2_4d90_bf96_858ad63a27ba
2025-08-06 18:55:30,986 WARN  [org.apa.kaf.cli.NetworkClient] (kafka-producer-network-thread | Producer-topic-61007baa_4db2_4d90_bf96_858ad63a27ba) [Producer clientId=Producer-topic-61007baa_4db2_4d90_bf96_858ad63a27ba] The metadata response from the cluster reported a recoverable issue with correlation id 1 : {topic-61007baa_4db2_4d90_bf96_858ad63a27ba=UNKNOWN_TOPIC_OR_PARTITION}
2025-08-06 18:55:30,992 INFO  [org.apa.kaf.cli.Metadata] (kafka-producer-network-thread | Producer-topic-61007baa_4db2_4d90_bf96_858ad63a27ba) [Producer clientId=Producer-topic-61007baa_4db2_4d90_bf96_858ad63a27ba] Cluster ID: NyMRaTI5Q0SXQrlZpmr68g
2025-08-06 18:55:31,233 INFO  [org.apa.kaf.cli.pro.int.TransactionManager] (kafka-producer-network-thread | Producer-topic-61007baa_4db2_4d90_bf96_858ad63a27ba) [Producer clientId=Producer-topic-61007baa_4db2_4d90_bf96_858ad63a27ba] ProducerId set to 0 with epoch 0
2025-08-06 18:55:31,372 INFO  [io.api.tes.ser.api.KafkaSerdesTester] (Thread-600) Sending message {"key11754506530387": "value-1"} to topic topic-61007baa_4db2_4d90_bf96_858ad63a27ba
2025-08-06 18:55:31,379 INFO  [io.api.tes.ser.api.KafkaSerdesTester] (Thread-600) Sending message {"key11754506530387": "value-2"} to topic topic-61007baa_4db2_4d90_bf96_858ad63a27ba
2025-08-06 18:55:31,386 INFO  [io.api.tes.ser.api.KafkaSerdesTester] (Thread-600) Sending message {"key11754506530387": "value-3"} to topic topic-61007baa_4db2_4d90_bf96_858ad63a27ba
2025-08-06 18:55:31,392 INFO  [io.api.tes.ser.api.KafkaSerdesTester] (Thread-600) Sending message {"key11754506530387": "value-4"} to topic topic-61007baa_4db2_4d90_bf96_858ad63a27ba
2025-08-06 18:55:31,397 INFO  [io.api.tes.ser.api.KafkaSerdesTester] (Thread-600) Sending message {"key11754506530387": "value-5"} to topic topic-61007baa_4db2_4d90_bf96_858ad63a27ba
2025-08-06 18:55:31,402 INFO  [io.api.tes.ser.api.KafkaSerdesTester] (Thread-600) Sending message {"key11754506530387": "value-6"} to topic topic-61007baa_4db2_4d90_bf96_858ad63a27ba
2025-08-06 18:55:31,408 INFO  [io.api.tes.ser.api.KafkaSerdesTester] (Thread-600) Sending message {"key11754506530387": "value-7"} to topic topic-61007baa_4db2_4d90_bf96_858ad63a27ba
2025-08-06 18:55:31,413 INFO  [io.api.tes.ser.api.KafkaSerdesTester] (Thread-600) Sending message {"key11754506530387": "value-8"} to topic topic-61007baa_4db2_4d90_bf96_858ad63a27ba
2025-08-06 18:55:31,418 INFO  [io.api.tes.ser.api.KafkaSerdesTester] (Thread-600) Sending message {"key11754506530387": "value-9"} to topic topic-61007baa_4db2_4d90_bf96_858ad63a27ba
2025-08-06 18:55:31,422 INFO  [io.api.tes.ser.api.KafkaSerdesTester] (Thread-600) Produced 10 messages
2025-08-06 18:55:31,423 INFO  [org.apa.kaf.cli.pro.KafkaProducer] (Thread-600) [Producer clientId=Producer-topic-61007baa_4db2_4d90_bf96_858ad63a27ba] Closing the Kafka producer with timeoutMillis = 9223372036854775807 ms.
2025-08-06 18:55:31,432 INFO  [org.apa.kaf.com.met.Metrics] (Thread-600) Metrics scheduler closed
2025-08-06 18:55:31,432 INFO  [org.apa.kaf.com.met.Metrics] (Thread-600) Closing reporter org.apache.kafka.common.metrics.JmxReporter
2025-08-06 18:55:31,432 INFO  [org.apa.kaf.com.met.Metrics] (Thread-600) Closing reporter org.apache.kafka.common.telemetry.internals.ClientTelemetryReporter
2025-08-06 18:55:31,432 INFO  [org.apa.kaf.com.met.Metrics] (Thread-600) Metrics reporters closed
2025-08-06 18:55:31,434 INFO  [org.apa.kaf.com.uti.AppInfoParser] (Thread-600) App info kafka.producer for Producer-topic-61007baa_4db2_4d90_bf96_858ad63a27ba unregistered
**** Registry Base URL: http://registry-app-ksql047.apps.ci419.apicurio-testing.org:80
2025-08-06 18:55:31,487 INFO  [org.apa.kaf.cli.con.ConsumerConfig] (main) ConsumerConfig values: 
	allow.auto.create.topics = true
	auto.commit.interval.ms = 500
	auto.include.jmx.reporter = true
	auto.offset.reset = earliest
	bootstrap.servers = [PLAINTEXT://localhost:32769]
	check.crcs = true
	client.dns.lookup = use_all_dns_ips
	client.id = consumer-Consumer-topic-61007baa_4db2_4d90_bf96_858ad63a27ba-1
	client.rack = 
	connections.max.idle.ms = 10000
	default.api.timeout.ms = 60000
	enable.auto.commit = true
	enable.metrics.push = true
	exclude.internal.topics = true
	fetch.max.bytes = 52428800
	fetch.max.wait.ms = 500
	fetch.min.bytes = 1
	group.id = Consumer-topic-61007baa_4db2_4d90_bf96_858ad63a27ba
	group.instance.id = null
	group.protocol = classic
	group.remote.assignor = null
	heartbeat.interval.ms = 3000
	interceptor.classes = []
	internal.leave.group.on.close = true
	internal.throw.on.fetch.stable.offset.unsupported = false
	isolation.level = read_uncommitted
	key.deserializer = class org.apache.kafka.common.serialization.StringDeserializer
	max.partition.fetch.bytes = 1048576
	max.poll.interval.ms = 300000
	max.poll.records = 500
	metadata.max.age.ms = 300000
	metadata.recovery.strategy = none
	metric.reporters = []
	metrics.num.samples = 2
	metrics.recording.level = INFO
	metrics.sample.window.ms = 30000
	partition.assignment.strategy = [class org.apache.kafka.clients.consumer.RangeAssignor, class org.apache.kafka.clients.consumer.CooperativeStickyAssignor]
	receive.buffer.bytes = 65536
	reconnect.backoff.max.ms = 1000
	reconnect.backoff.ms = 50
	request.timeout.ms = 5000
	retry.backoff.max.ms = 1000
	retry.backoff.ms = 100
	sasl.client.callback.handler.class = null
	sasl.jaas.config = null
	sasl.kerberos.kinit.cmd = /usr/bin/kinit
	sasl.kerberos.min.time.before.relogin = 60000
	sasl.kerberos.service.name = null
	sasl.kerberos.ticket.renew.jitter = 0.05
	sasl.kerberos.ticket.renew.window.factor = 0.8
	sasl.login.callback.handler.class = null
	sasl.login.class = null
	sasl.login.connect.timeout.ms = null
	sasl.login.read.timeout.ms = null
	sasl.login.refresh.buffer.seconds = 300
	sasl.login.refresh.min.period.seconds = 60
	sasl.login.refresh.window.factor = 0.8
	sasl.login.refresh.window.jitter = 0.05
	sasl.login.retry.backoff.max.ms = 10000
	sasl.login.retry.backoff.ms = 100
	sasl.mechanism = GSSAPI
	sasl.oauthbearer.clock.skew.seconds = 30
	sasl.oauthbearer.expected.audience = null
	sasl.oauthbearer.expected.issuer = null
	sasl.oauthbearer.header.urlencode = false
	sasl.oauthbearer.jwks.endpoint.refresh.ms = 3600000
	sasl.oauthbearer.jwks.endpoint.retry.backoff.max.ms = 10000
	sasl.oauthbearer.jwks.endpoint.retry.backoff.ms = 100
	sasl.oauthbearer.jwks.endpoint.url = null
	sasl.oauthbearer.scope.claim.name = scope
	sasl.oauthbearer.sub.claim.name = sub
	sasl.oauthbearer.token.endpoint.url = null
	security.protocol = PLAINTEXT
	security.providers = null
	send.buffer.bytes = 131072
	session.timeout.ms = 45000
	socket.connection.setup.timeout.max.ms = 30000
	socket.connection.setup.timeout.ms = 10000
	ssl.cipher.suites = null
	ssl.enabled.protocols = [TLSv1.2, TLSv1.3]
	ssl.endpoint.identification.algorithm = https
	ssl.engine.factory.class = null
	ssl.key.password = null
	ssl.keymanager.algorithm = SunX509
	ssl.keystore.certificate.chain = null
	ssl.keystore.key = null
	ssl.keystore.location = null
	ssl.keystore.password = null
	ssl.keystore.type = JKS
	ssl.protocol = TLSv1.3
	ssl.provider = null
	ssl.secure.random.implementation = null
	ssl.trustmanager.algorithm = PKIX
	ssl.truststore.certificates = null
	ssl.truststore.location = null
	ssl.truststore.password = null
	ssl.truststore.type = JKS
	value.deserializer = class io.apicurio.registry.serde.avro.AvroKafkaDeserializer

2025-08-06 18:55:31,494 INFO  [org.apa.kaf.com.tel.int.KafkaMetricsCollector] (main) initializing Kafka metrics collector
2025-08-06 18:55:31,550 INFO  [org.apa.kaf.cli.con.ConsumerConfig] (main) These configurations '[apicurio.registry.url, apicurio.registry.use-id]' were supplied but are not used yet.
2025-08-06 18:55:31,551 INFO  [org.apa.kaf.com.uti.AppInfoParser] (main) Kafka version: 3.9.1
2025-08-06 18:55:31,551 INFO  [org.apa.kaf.com.uti.AppInfoParser] (main) Kafka commitId: f745dfdcee2b9851
2025-08-06 18:55:31,551 INFO  [org.apa.kaf.com.uti.AppInfoParser] (main) Kafka startTimeMs: 1754506531551
2025-08-06 18:55:31,555 INFO  [org.apa.kaf.cli.con.int.ClassicKafkaConsumer] (Thread-603) [Consumer clientId=consumer-Consumer-topic-61007baa_4db2_4d90_bf96_858ad63a27ba-1, groupId=Consumer-topic-61007baa_4db2_4d90_bf96_858ad63a27ba] Subscribed to topic(s): topic-61007baa_4db2_4d90_bf96_858ad63a27ba
2025-08-06 18:55:31,571 INFO  [org.apa.kaf.cli.Metadata] (Thread-603) [Consumer clientId=consumer-Consumer-topic-61007baa_4db2_4d90_bf96_858ad63a27ba-1, groupId=Consumer-topic-61007baa_4db2_4d90_bf96_858ad63a27ba] Cluster ID: NyMRaTI5Q0SXQrlZpmr68g
2025-08-06 18:55:31,717 INFO  [org.apa.kaf.cli.con.int.ConsumerCoordinator] (Thread-603) [Consumer clientId=consumer-Consumer-topic-61007baa_4db2_4d90_bf96_858ad63a27ba-1, groupId=Consumer-topic-61007baa_4db2_4d90_bf96_858ad63a27ba] Discovered group coordinator localhost:32769 (id: 2147483647 rack: null)
2025-08-06 18:55:31,727 INFO  [org.apa.kaf.cli.con.int.ConsumerCoordinator] (Thread-603) [Consumer clientId=consumer-Consumer-topic-61007baa_4db2_4d90_bf96_858ad63a27ba-1, groupId=Consumer-topic-61007baa_4db2_4d90_bf96_858ad63a27ba] (Re-)joining group
2025-08-06 18:55:31,756 INFO  [org.apa.kaf.cli.con.int.ConsumerCoordinator] (Thread-603) [Consumer clientId=consumer-Consumer-topic-61007baa_4db2_4d90_bf96_858ad63a27ba-1, groupId=Consumer-topic-61007baa_4db2_4d90_bf96_858ad63a27ba] Group coordinator localhost:32769 (id: 2147483647 rack: null) is unavailable or invalid due to cause: error response NOT_COORDINATOR. isDisconnected: false. Rediscovery will be attempted.
2025-08-06 18:55:31,756 INFO  [org.apa.kaf.cli.con.int.ConsumerCoordinator] (Thread-603) [Consumer clientId=consumer-Consumer-topic-61007baa_4db2_4d90_bf96_858ad63a27ba-1, groupId=Consumer-topic-61007baa_4db2_4d90_bf96_858ad63a27ba] Requesting disconnect from last known coordinator localhost:32769 (id: 2147483647 rack: null)
2025-08-06 18:55:31,756 INFO  [org.apa.kaf.cli.con.int.ConsumerCoordinator] (Thread-603) [Consumer clientId=consumer-Consumer-topic-61007baa_4db2_4d90_bf96_858ad63a27ba-1, groupId=Consumer-topic-61007baa_4db2_4d90_bf96_858ad63a27ba] JoinGroup failed: This is not the correct coordinator. Marking coordinator unknown. Sent generation was Generation{generationId=-1, memberId='', protocol='null'}
2025-08-06 18:55:31,758 INFO  [org.apa.kaf.cli.NetworkClient] (Thread-603) [Consumer clientId=consumer-Consumer-topic-61007baa_4db2_4d90_bf96_858ad63a27ba-1, groupId=Consumer-topic-61007baa_4db2_4d90_bf96_858ad63a27ba] Client requested disconnect from node 2147483647
2025-08-06 18:55:31,762 INFO  [org.apa.kaf.cli.con.int.ConsumerCoordinator] (Thread-603) [Consumer clientId=consumer-Consumer-topic-61007baa_4db2_4d90_bf96_858ad63a27ba-1, groupId=Consumer-topic-61007baa_4db2_4d90_bf96_858ad63a27ba] Discovered group coordinator localhost:32769 (id: 2147483647 rack: null)
2025-08-06 18:55:31,762 INFO  [org.apa.kaf.cli.con.int.ConsumerCoordinator] (Thread-603) [Consumer clientId=consumer-Consumer-topic-61007baa_4db2_4d90_bf96_858ad63a27ba-1, groupId=Consumer-topic-61007baa_4db2_4d90_bf96_858ad63a27ba] Group coordinator localhost:32769 (id: 2147483647 rack: null) is unavailable or invalid due to cause: coordinator unavailable. isDisconnected: false. Rediscovery will be attempted.
2025-08-06 18:55:31,762 INFO  [org.apa.kaf.cli.con.int.ConsumerCoordinator] (Thread-603) [Consumer clientId=consumer-Consumer-topic-61007baa_4db2_4d90_bf96_858ad63a27ba-1, groupId=Consumer-topic-61007baa_4db2_4d90_bf96_858ad63a27ba] Requesting disconnect from last known coordinator localhost:32769 (id: 2147483647 rack: null)
2025-08-06 18:55:31,865 INFO  [org.apa.kaf.cli.con.int.ConsumerCoordinator] (Thread-603) [Consumer clientId=consumer-Consumer-topic-61007baa_4db2_4d90_bf96_858ad63a27ba-1, groupId=Consumer-topic-61007baa_4db2_4d90_bf96_858ad63a27ba] Discovered group coordinator localhost:32769 (id: 2147483647 rack: null)
2025-08-06 18:55:31,869 INFO  [org.apa.kaf.cli.con.int.ConsumerCoordinator] (Thread-603) [Consumer clientId=consumer-Consumer-topic-61007baa_4db2_4d90_bf96_858ad63a27ba-1, groupId=Consumer-topic-61007baa_4db2_4d90_bf96_858ad63a27ba] Request joining group due to: rebalance failed due to 'This is not the correct coordinator.' (NotCoordinatorException)
2025-08-06 18:55:31,870 INFO  [org.apa.kaf.cli.con.int.ConsumerCoordinator] (Thread-603) [Consumer clientId=consumer-Consumer-topic-61007baa_4db2_4d90_bf96_858ad63a27ba-1, groupId=Consumer-topic-61007baa_4db2_4d90_bf96_858ad63a27ba] (Re-)joining group
2025-08-06 18:55:31,876 INFO  [org.apa.kaf.cli.con.int.ConsumerCoordinator] (Thread-603) [Consumer clientId=consumer-Consumer-topic-61007baa_4db2_4d90_bf96_858ad63a27ba-1, groupId=Consumer-topic-61007baa_4db2_4d90_bf96_858ad63a27ba] Group coordinator localhost:32769 (id: 2147483647 rack: null) is unavailable or invalid due to cause: error response NOT_COORDINATOR. isDisconnected: false. Rediscovery will be attempted.
2025-08-06 18:55:31,876 INFO  [org.apa.kaf.cli.con.int.ConsumerCoordinator] (Thread-603) [Consumer clientId=consumer-Consumer-topic-61007baa_4db2_4d90_bf96_858ad63a27ba-1, groupId=Consumer-topic-61007baa_4db2_4d90_bf96_858ad63a27ba] Requesting disconnect from last known coordinator localhost:32769 (id: 2147483647 rack: null)
2025-08-06 18:55:31,877 INFO  [org.apa.kaf.cli.con.int.ConsumerCoordinator] (Thread-603) [Consumer clientId=consumer-Consumer-topic-61007baa_4db2_4d90_bf96_858ad63a27ba-1, groupId=Consumer-topic-61007baa_4db2_4d90_bf96_858ad63a27ba] JoinGroup failed: This is not the correct coordinator. Marking coordinator unknown. Sent generation was Generation{generationId=-1, memberId='', protocol='null'}
2025-08-06 18:55:31,877 INFO  [org.apa.kaf.cli.NetworkClient] (Thread-603) [Consumer clientId=consumer-Consumer-topic-61007baa_4db2_4d90_bf96_858ad63a27ba-1, groupId=Consumer-topic-61007baa_4db2_4d90_bf96_858ad63a27ba] Client requested disconnect from node 2147483647
2025-08-06 18:55:31,880 INFO  [org.apa.kaf.cli.con.int.ConsumerCoordinator] (Thread-603) [Consumer clientId=consumer-Consumer-topic-61007baa_4db2_4d90_bf96_858ad63a27ba-1, groupId=Consumer-topic-61007baa_4db2_4d90_bf96_858ad63a27ba] Discovered group coordinator localhost:32769 (id: 2147483647 rack: null)
2025-08-06 18:55:31,880 INFO  [org.apa.kaf.cli.con.int.ConsumerCoordinator] (Thread-603) [Consumer clientId=consumer-Consumer-topic-61007baa_4db2_4d90_bf96_858ad63a27ba-1, groupId=Consumer-topic-61007baa_4db2_4d90_bf96_858ad63a27ba] Group coordinator localhost:32769 (id: 2147483647 rack: null) is unavailable or invalid due to cause: coordinator unavailable. isDisconnected: false. Rediscovery will be attempted.
2025-08-06 18:55:31,880 INFO  [org.apa.kaf.cli.con.int.ConsumerCoordinator] (Thread-603) [Consumer clientId=consumer-Consumer-topic-61007baa_4db2_4d90_bf96_858ad63a27ba-1, groupId=Consumer-topic-61007baa_4db2_4d90_bf96_858ad63a27ba] Requesting disconnect from last known coordinator localhost:32769 (id: 2147483647 rack: null)
2025-08-06 18:55:31,988 INFO  [org.apa.kaf.cli.con.int.ConsumerCoordinator] (Thread-603) [Consumer clientId=consumer-Consumer-topic-61007baa_4db2_4d90_bf96_858ad63a27ba-1, groupId=Consumer-topic-61007baa_4db2_4d90_bf96_858ad63a27ba] Discovered group coordinator localhost:32769 (id: 2147483647 rack: null)
2025-08-06 18:55:31,990 INFO  [org.apa.kaf.cli.con.int.ConsumerCoordinator] (Thread-603) [Consumer clientId=consumer-Consumer-topic-61007baa_4db2_4d90_bf96_858ad63a27ba-1, groupId=Consumer-topic-61007baa_4db2_4d90_bf96_858ad63a27ba] Request joining group due to: rebalance failed due to 'This is not the correct coordinator.' (NotCoordinatorException)
2025-08-06 18:55:31,992 INFO  [org.apa.kaf.cli.con.int.ConsumerCoordinator] (Thread-603) [Consumer clientId=consumer-Consumer-topic-61007baa_4db2_4d90_bf96_858ad63a27ba-1, groupId=Consumer-topic-61007baa_4db2_4d90_bf96_858ad63a27ba] (Re-)joining group
2025-08-06 18:55:32,000 INFO  [org.apa.kaf.cli.con.int.ConsumerCoordinator] (Thread-603) [Consumer clientId=consumer-Consumer-topic-61007baa_4db2_4d90_bf96_858ad63a27ba-1, groupId=Consumer-topic-61007baa_4db2_4d90_bf96_858ad63a27ba] Group coordinator localhost:32769 (id: 2147483647 rack: null) is unavailable or invalid due to cause: error response NOT_COORDINATOR. isDisconnected: false. Rediscovery will be attempted.
2025-08-06 18:55:32,000 INFO  [org.apa.kaf.cli.con.int.ConsumerCoordinator] (Thread-603) [Consumer clientId=consumer-Consumer-topic-61007baa_4db2_4d90_bf96_858ad63a27ba-1, groupId=Consumer-topic-61007baa_4db2_4d90_bf96_858ad63a27ba] Requesting disconnect from last known coordinator localhost:32769 (id: 2147483647 rack: null)
2025-08-06 18:55:32,000 INFO  [org.apa.kaf.cli.con.int.ConsumerCoordinator] (Thread-603) [Consumer clientId=consumer-Consumer-topic-61007baa_4db2_4d90_bf96_858ad63a27ba-1, groupId=Consumer-topic-61007baa_4db2_4d90_bf96_858ad63a27ba] JoinGroup failed: This is not the correct coordinator. Marking coordinator unknown. Sent generation was Generation{generationId=-1, memberId='', protocol='null'}
2025-08-06 18:55:32,000 INFO  [org.apa.kaf.cli.NetworkClient] (Thread-603) [Consumer clientId=consumer-Consumer-topic-61007baa_4db2_4d90_bf96_858ad63a27ba-1, groupId=Consumer-topic-61007baa_4db2_4d90_bf96_858ad63a27ba] Client requested disconnect from node 2147483647
2025-08-06 18:55:32,007 INFO  [org.apa.kaf.cli.con.int.ConsumerCoordinator] (Thread-603) [Consumer clientId=consumer-Consumer-topic-61007baa_4db2_4d90_bf96_858ad63a27ba-1, groupId=Consumer-topic-61007baa_4db2_4d90_bf96_858ad63a27ba] Discovered group coordinator localhost:32769 (id: 2147483647 rack: null)
2025-08-06 18:55:32,010 INFO  [org.apa.kaf.cli.con.int.ConsumerCoordinator] (Thread-603) [Consumer clientId=consumer-Consumer-topic-61007baa_4db2_4d90_bf96_858ad63a27ba-1, groupId=Consumer-topic-61007baa_4db2_4d90_bf96_858ad63a27ba] Group coordinator localhost:32769 (id: 2147483647 rack: null) is unavailable or invalid due to cause: coordinator unavailable. isDisconnected: false. Rediscovery will be attempted.
2025-08-06 18:55:32,010 INFO  [org.apa.kaf.cli.con.int.ConsumerCoordinator] (Thread-603) [Consumer clientId=consumer-Consumer-topic-61007baa_4db2_4d90_bf96_858ad63a27ba-1, groupId=Consumer-topic-61007baa_4db2_4d90_bf96_858ad63a27ba] Requesting disconnect from last known coordinator localhost:32769 (id: 2147483647 rack: null)
2025-08-06 18:55:32,116 INFO  [org.apa.kaf.cli.con.int.ConsumerCoordinator] (Thread-603) [Consumer clientId=consumer-Consumer-topic-61007baa_4db2_4d90_bf96_858ad63a27ba-1, groupId=Consumer-topic-61007baa_4db2_4d90_bf96_858ad63a27ba] Discovered group coordinator localhost:32769 (id: 2147483647 rack: null)
2025-08-06 18:55:32,117 INFO  [org.apa.kaf.cli.con.int.ConsumerCoordinator] (Thread-603) [Consumer clientId=consumer-Consumer-topic-61007baa_4db2_4d90_bf96_858ad63a27ba-1, groupId=Consumer-topic-61007baa_4db2_4d90_bf96_858ad63a27ba] Request joining group due to: rebalance failed due to 'This is not the correct coordinator.' (NotCoordinatorException)
2025-08-06 18:55:32,117 INFO  [org.apa.kaf.cli.con.int.ConsumerCoordinator] (Thread-603) [Consumer clientId=consumer-Consumer-topic-61007baa_4db2_4d90_bf96_858ad63a27ba-1, groupId=Consumer-topic-61007baa_4db2_4d90_bf96_858ad63a27ba] (Re-)joining group
2025-08-06 18:55:32,127 INFO  [org.apa.kaf.cli.con.int.ConsumerCoordinator] (Thread-603) [Consumer clientId=consumer-Consumer-topic-61007baa_4db2_4d90_bf96_858ad63a27ba-1, groupId=Consumer-topic-61007baa_4db2_4d90_bf96_858ad63a27ba] Group coordinator localhost:32769 (id: 2147483647 rack: null) is unavailable or invalid due to cause: error response NOT_COORDINATOR. isDisconnected: false. Rediscovery will be attempted.
2025-08-06 18:55:32,127 INFO  [org.apa.kaf.cli.con.int.ConsumerCoordinator] (Thread-603) [Consumer clientId=consumer-Consumer-topic-61007baa_4db2_4d90_bf96_858ad63a27ba-1, groupId=Consumer-topic-61007baa_4db2_4d90_bf96_858ad63a27ba] Requesting disconnect from last known coordinator localhost:32769 (id: 2147483647 rack: null)
2025-08-06 18:55:32,127 INFO  [org.apa.kaf.cli.con.int.ConsumerCoordinator] (Thread-603) [Consumer clientId=consumer-Consumer-topic-61007baa_4db2_4d90_bf96_858ad63a27ba-1, groupId=Consumer-topic-61007baa_4db2_4d90_bf96_858ad63a27ba] JoinGroup failed: This is not the correct coordinator. Marking coordinator unknown. Sent generation was Generation{generationId=-1, memberId='', protocol='null'}
2025-08-06 18:55:32,127 INFO  [org.apa.kaf.cli.NetworkClient] (Thread-603) [Consumer clientId=consumer-Consumer-topic-61007baa_4db2_4d90_bf96_858ad63a27ba-1, groupId=Consumer-topic-61007baa_4db2_4d90_bf96_858ad63a27ba] Client requested disconnect from node 2147483647
2025-08-06 18:55:32,138 INFO  [org.apa.kaf.cli.con.int.ConsumerCoordinator] (Thread-603) [Consumer clientId=consumer-Consumer-topic-61007baa_4db2_4d90_bf96_858ad63a27ba-1, groupId=Consumer-topic-61007baa_4db2_4d90_bf96_858ad63a27ba] Discovered group coordinator localhost:32769 (id: 2147483647 rack: null)
2025-08-06 18:55:32,138 INFO  [org.apa.kaf.cli.con.int.ConsumerCoordinator] (Thread-603) [Consumer clientId=consumer-Consumer-topic-61007baa_4db2_4d90_bf96_858ad63a27ba-1, groupId=Consumer-topic-61007baa_4db2_4d90_bf96_858ad63a27ba] Group coordinator localhost:32769 (id: 2147483647 rack: null) is unavailable or invalid due to cause: coordinator unavailable. isDisconnected: false. Rediscovery will be attempted.
2025-08-06 18:55:32,138 INFO  [org.apa.kaf.cli.con.int.ConsumerCoordinator] (Thread-603) [Consumer clientId=consumer-Consumer-topic-61007baa_4db2_4d90_bf96_858ad63a27ba-1, groupId=Consumer-topic-61007baa_4db2_4d90_bf96_858ad63a27ba] Requesting disconnect from last known coordinator localhost:32769 (id: 2147483647 rack: null)
2025-08-06 18:55:32,257 INFO  [org.apa.kaf.cli.con.int.ConsumerCoordinator] (Thread-603) [Consumer clientId=consumer-Consumer-topic-61007baa_4db2_4d90_bf96_858ad63a27ba-1, groupId=Consumer-topic-61007baa_4db2_4d90_bf96_858ad63a27ba] Discovered group coordinator localhost:32769 (id: 2147483647 rack: null)
2025-08-06 18:55:32,259 INFO  [org.apa.kaf.cli.con.int.ConsumerCoordinator] (Thread-603) [Consumer clientId=consumer-Consumer-topic-61007baa_4db2_4d90_bf96_858ad63a27ba-1, groupId=Consumer-topic-61007baa_4db2_4d90_bf96_858ad63a27ba] Request joining group due to: rebalance failed due to 'This is not the correct coordinator.' (NotCoordinatorException)
2025-08-06 18:55:32,261 INFO  [org.apa.kaf.cli.con.int.ConsumerCoordinator] (Thread-603) [Consumer clientId=consumer-Consumer-topic-61007baa_4db2_4d90_bf96_858ad63a27ba-1, groupId=Consumer-topic-61007baa_4db2_4d90_bf96_858ad63a27ba] (Re-)joining group
2025-08-06 18:55:32,270 INFO  [org.apa.kaf.cli.con.int.ConsumerCoordinator] (Thread-603) [Consumer clientId=consumer-Consumer-topic-61007baa_4db2_4d90_bf96_858ad63a27ba-1, groupId=Consumer-topic-61007baa_4db2_4d90_bf96_858ad63a27ba] Request joining group due to: need to re-join with the given member-id: consumer-Consumer-topic-61007baa_4db2_4d90_bf96_858ad63a27ba-1-9c4a3704-ce7d-499b-ad2e-1dd1e781b777
2025-08-06 18:55:32,272 INFO  [org.apa.kaf.cli.con.int.ConsumerCoordinator] (Thread-603) [Consumer clientId=consumer-Consumer-topic-61007baa_4db2_4d90_bf96_858ad63a27ba-1, groupId=Consumer-topic-61007baa_4db2_4d90_bf96_858ad63a27ba] (Re-)joining group
2025-08-06 18:55:32,556 INFO  [io.api.tes.ser.api.KafkaSerdesTester] (Thread-603) None found
2025-08-06 18:55:33,557 INFO  [io.api.tes.ser.api.KafkaSerdesTester] (Thread-603) None found
2025-08-06 18:55:34,557 INFO  [io.api.tes.ser.api.KafkaSerdesTester] (Thread-603) None found
2025-08-06 18:55:35,285 INFO  [org.apa.kaf.cli.con.int.ConsumerCoordinator] (Thread-603) [Consumer clientId=consumer-Consumer-topic-61007baa_4db2_4d90_bf96_858ad63a27ba-1, groupId=Consumer-topic-61007baa_4db2_4d90_bf96_858ad63a27ba] Successfully joined group with generation Generation{generationId=1, memberId='consumer-Consumer-topic-61007baa_4db2_4d90_bf96_858ad63a27ba-1-9c4a3704-ce7d-499b-ad2e-1dd1e781b777', protocol='range'}
2025-08-06 18:55:35,296 INFO  [org.apa.kaf.cli.con.int.ConsumerCoordinator] (Thread-603) [Consumer clientId=consumer-Consumer-topic-61007baa_4db2_4d90_bf96_858ad63a27ba-1, groupId=Consumer-topic-61007baa_4db2_4d90_bf96_858ad63a27ba] Finished assignment for group at generation 1: {consumer-Consumer-topic-61007baa_4db2_4d90_bf96_858ad63a27ba-1-9c4a3704-ce7d-499b-ad2e-1dd1e781b777=Assignment(partitions=[topic-61007baa_4db2_4d90_bf96_858ad63a27ba-0])}
2025-08-06 18:55:35,313 INFO  [org.apa.kaf.cli.con.int.ConsumerCoordinator] (Thread-603) [Consumer clientId=consumer-Consumer-topic-61007baa_4db2_4d90_bf96_858ad63a27ba-1, groupId=Consumer-topic-61007baa_4db2_4d90_bf96_858ad63a27ba] Successfully synced group in generation Generation{generationId=1, memberId='consumer-Consumer-topic-61007baa_4db2_4d90_bf96_858ad63a27ba-1-9c4a3704-ce7d-499b-ad2e-1dd1e781b777', protocol='range'}
2025-08-06 18:55:35,315 INFO  [org.apa.kaf.cli.con.int.ConsumerCoordinator] (Thread-603) [Consumer clientId=consumer-Consumer-topic-61007baa_4db2_4d90_bf96_858ad63a27ba-1, groupId=Consumer-topic-61007baa_4db2_4d90_bf96_858ad63a27ba] Notifying assignor about the new Assignment(partitions=[topic-61007baa_4db2_4d90_bf96_858ad63a27ba-0])
2025-08-06 18:55:35,320 INFO  [org.apa.kaf.cli.con.int.ConsumerRebalanceListenerInvoker] (Thread-603) [Consumer clientId=consumer-Consumer-topic-61007baa_4db2_4d90_bf96_858ad63a27ba-1, groupId=Consumer-topic-61007baa_4db2_4d90_bf96_858ad63a27ba] Adding newly assigned partitions: topic-61007baa_4db2_4d90_bf96_858ad63a27ba-0
2025-08-06 18:55:35,339 INFO  [org.apa.kaf.cli.con.int.ConsumerCoordinator] (Thread-603) [Consumer clientId=consumer-Consumer-topic-61007baa_4db2_4d90_bf96_858ad63a27ba-1, groupId=Consumer-topic-61007baa_4db2_4d90_bf96_858ad63a27ba] Found no committed offset for partition topic-61007baa_4db2_4d90_bf96_858ad63a27ba-0
2025-08-06 18:55:35,355 INFO  [org.apa.kaf.cli.con.int.SubscriptionState] (Thread-603) [Consumer clientId=consumer-Consumer-topic-61007baa_4db2_4d90_bf96_858ad63a27ba-1, groupId=Consumer-topic-61007baa_4db2_4d90_bf96_858ad63a27ba] Resetting offset for partition topic-61007baa_4db2_4d90_bf96_858ad63a27ba-0 to position FetchPosition{offset=0, offsetEpoch=Optional.empty, currentLeader=LeaderAndEpoch{leader=Optional[localhost:32769 (id: 0 rack: null)], epoch=0}}.
2025-08-06 18:55:35,449 INFO  [io.api.tes.ser.api.KafkaSerdesTester] (Thread-603) topic-61007baa_4db2_4d90_bf96_858ad63a27ba 0 0 {"key11754506530387": "value-0"}
2025-08-06 18:55:35,449 INFO  [io.api.tes.ser.api.KafkaSerdesTester] (Thread-603) topic-61007baa_4db2_4d90_bf96_858ad63a27ba 0 1 {"key11754506530387": "value-1"}
2025-08-06 18:55:35,449 INFO  [io.api.tes.ser.api.KafkaSerdesTester] (Thread-603) topic-61007baa_4db2_4d90_bf96_858ad63a27ba 0 2 {"key11754506530387": "value-2"}
2025-08-06 18:55:35,449 INFO  [io.api.tes.ser.api.KafkaSerdesTester] (Thread-603) topic-61007baa_4db2_4d90_bf96_858ad63a27ba 0 3 {"key11754506530387": "value-3"}
2025-08-06 18:55:35,450 INFO  [io.api.tes.ser.api.KafkaSerdesTester] (Thread-603) topic-61007baa_4db2_4d90_bf96_858ad63a27ba 0 4 {"key11754506530387": "value-4"}
2025-08-06 18:55:35,450 INFO  [io.api.tes.ser.api.KafkaSerdesTester] (Thread-603) topic-61007baa_4db2_4d90_bf96_858ad63a27ba 0 5 {"key11754506530387": "value-5"}
2025-08-06 18:55:35,452 INFO  [io.api.tes.ser.api.KafkaSerdesTester] (Thread-603) topic-61007baa_4db2_4d90_bf96_858ad63a27ba 0 6 {"key11754506530387": "value-6"}
2025-08-06 18:55:35,452 INFO  [io.api.tes.ser.api.KafkaSerdesTester] (Thread-603) topic-61007baa_4db2_4d90_bf96_858ad63a27ba 0 7 {"key11754506530387": "value-7"}
2025-08-06 18:55:35,452 INFO  [io.api.tes.ser.api.KafkaSerdesTester] (Thread-603) topic-61007baa_4db2_4d90_bf96_858ad63a27ba 0 8 {"key11754506530387": "value-8"}
2025-08-06 18:55:35,452 INFO  [io.api.tes.ser.api.KafkaSerdesTester] (Thread-603) topic-61007baa_4db2_4d90_bf96_858ad63a27ba 0 9 {"key11754506530387": "value-9"}
2025-08-06 18:55:35,452 INFO  [io.api.tes.ser.api.KafkaSerdesTester] (Thread-603) Consumed 10 messages
2025-08-06 18:55:35,491 INFO  [org.apa.kaf.cli.con.int.ConsumerRebalanceListenerInvoker] (Thread-603) [Consumer clientId=consumer-Consumer-topic-61007baa_4db2_4d90_bf96_858ad63a27ba-1, groupId=Consumer-topic-61007baa_4db2_4d90_bf96_858ad63a27ba] Revoke previously assigned partitions topic-61007baa_4db2_4d90_bf96_858ad63a27ba-0
2025-08-06 18:55:35,491 INFO  [org.apa.kaf.cli.con.int.ConsumerCoordinator] (Thread-603) [Consumer clientId=consumer-Consumer-topic-61007baa_4db2_4d90_bf96_858ad63a27ba-1, groupId=Consumer-topic-61007baa_4db2_4d90_bf96_858ad63a27ba] Member consumer-Consumer-topic-61007baa_4db2_4d90_bf96_858ad63a27ba-1-9c4a3704-ce7d-499b-ad2e-1dd1e781b777 sending LeaveGroup request to coordinator localhost:32769 (id: 2147483647 rack: null) due to the consumer is being closed
2025-08-06 18:55:35,494 INFO  [org.apa.kaf.cli.con.int.ConsumerCoordinator] (Thread-603) [Consumer clientId=consumer-Consumer-topic-61007baa_4db2_4d90_bf96_858ad63a27ba-1, groupId=Consumer-topic-61007baa_4db2_4d90_bf96_858ad63a27ba] Resetting generation and member id due to: consumer pro-actively leaving the group
2025-08-06 18:55:35,494 INFO  [org.apa.kaf.cli.con.int.ConsumerCoordinator] (Thread-603) [Consumer clientId=consumer-Consumer-topic-61007baa_4db2_4d90_bf96_858ad63a27ba-1, groupId=Consumer-topic-61007baa_4db2_4d90_bf96_858ad63a27ba] Request joining group due to: consumer pro-actively leaving the group
2025-08-06 18:55:35,972 INFO  [org.apa.kaf.com.met.Metrics] (Thread-603) Metrics scheduler closed
2025-08-06 18:55:35,972 INFO  [org.apa.kaf.com.met.Metrics] (Thread-603) Closing reporter org.apache.kafka.common.metrics.JmxReporter
2025-08-06 18:55:35,973 INFO  [org.apa.kaf.com.met.Metrics] (Thread-603) Closing reporter org.apache.kafka.common.telemetry.internals.ClientTelemetryReporter
2025-08-06 18:55:35,973 INFO  [org.apa.kaf.com.met.Metrics] (Thread-603) Metrics reporters closed
2025-08-06 18:55:35,979 INFO  [org.apa.kaf.com.uti.AppInfoParser] (Thread-603) App info kafka.consumer for consumer-Consumer-topic-61007baa_4db2_4d90_bf96_858ad63a27ba-1 unregistered
2025-08-06 18:55:35,979 INFO  [io.api.tes.uti.TestSeparator] (main) io.apicurio.tests.serdes.apicurio.AvroSerdeIT.testGlobalIdInHeaders-FINISHED
2025-08-06 18:55:35,979 INFO  [io.api.tes.uti.TestSeparator] (main) ############################################################################
Test passed: testGlobalIdInHeaders
]]></system-out>
  </testcase>
  <testcase name="testSimpleTopicIdStrategyFindLatest" classname="io.apicurio.tests.serdes.apicurio.AvroSerdeIT" time="4.823">
    <system-out><![CDATA[2025-08-06 18:55:35,984 INFO  [io.api.tes.uti.TestSeparator] (main) ############################################################################
2025-08-06 18:55:35,984 INFO  [io.api.tes.uti.TestSeparator] (main) io.apicurio.tests.serdes.apicurio.AvroSerdeIT.testSimpleTopicIdStrategyFindLatest-STARTED
2025-08-06 18:55:35,987 INFO  [io.api.tes.ser.api.AvroSerdeIT] (main) Registering Avro Schema: {"type":"record","name":"myrecordapicurio1","fields":[{"name":"key11754506535986","type":"string"}]}
**** Registry Base URL: http://registry-app-ksql047.apps.ci419.apicurio-testing.org:80
2025-08-06 18:55:37,068 INFO  [org.apa.kaf.cli.pro.ProducerConfig] (main) ProducerConfig values: 
	acks = -1
	auto.include.jmx.reporter = true
	batch.size = 16384
	bootstrap.servers = [PLAINTEXT://localhost:32769]
	buffer.memory = 33554432
	client.dns.lookup = use_all_dns_ips
	client.id = Producer-topic-a47a7df4_d94d_46bc_a357_8fcfa3f06b2d
	compression.gzip.level = -1
	compression.lz4.level = 9
	compression.type = none
	compression.zstd.level = 3
	connections.max.idle.ms = 10000
	delivery.timeout.ms = 120000
	enable.idempotence = true
	enable.metrics.push = true
	interceptor.classes = []
	key.serializer = class org.apache.kafka.common.serialization.StringSerializer
	linger.ms = 0
	max.block.ms = 60000
	max.in.flight.requests.per.connection = 5
	max.request.size = 1048576
	metadata.max.age.ms = 300000
	metadata.max.idle.ms = 300000
	metadata.recovery.strategy = none
	metric.reporters = []
	metrics.num.samples = 2
	metrics.recording.level = INFO
	metrics.sample.window.ms = 30000
	partitioner.adaptive.partitioning.enable = true
	partitioner.availability.timeout.ms = 0
	partitioner.class = null
	partitioner.ignore.keys = false
	receive.buffer.bytes = 32768
	reconnect.backoff.max.ms = 1000
	reconnect.backoff.ms = 50
	request.timeout.ms = 5000
	retries = 2147483647
	retry.backoff.max.ms = 1000
	retry.backoff.ms = 100
	sasl.client.callback.handler.class = null
	sasl.jaas.config = null
	sasl.kerberos.kinit.cmd = /usr/bin/kinit
	sasl.kerberos.min.time.before.relogin = 60000
	sasl.kerberos.service.name = null
	sasl.kerberos.ticket.renew.jitter = 0.05
	sasl.kerberos.ticket.renew.window.factor = 0.8
	sasl.login.callback.handler.class = null
	sasl.login.class = null
	sasl.login.connect.timeout.ms = null
	sasl.login.read.timeout.ms = null
	sasl.login.refresh.buffer.seconds = 300
	sasl.login.refresh.min.period.seconds = 60
	sasl.login.refresh.window.factor = 0.8
	sasl.login.refresh.window.jitter = 0.05
	sasl.login.retry.backoff.max.ms = 10000
	sasl.login.retry.backoff.ms = 100
	sasl.mechanism = GSSAPI
	sasl.oauthbearer.clock.skew.seconds = 30
	sasl.oauthbearer.expected.audience = null
	sasl.oauthbearer.expected.issuer = null
	sasl.oauthbearer.header.urlencode = false
	sasl.oauthbearer.jwks.endpoint.refresh.ms = 3600000
	sasl.oauthbearer.jwks.endpoint.retry.backoff.max.ms = 10000
	sasl.oauthbearer.jwks.endpoint.retry.backoff.ms = 100
	sasl.oauthbearer.jwks.endpoint.url = null
	sasl.oauthbearer.scope.claim.name = scope
	sasl.oauthbearer.sub.claim.name = sub
	sasl.oauthbearer.token.endpoint.url = null
	security.protocol = PLAINTEXT
	security.providers = null
	send.buffer.bytes = 131072
	socket.connection.setup.timeout.max.ms = 30000
	socket.connection.setup.timeout.ms = 10000
	ssl.cipher.suites = null
	ssl.enabled.protocols = [TLSv1.2, TLSv1.3]
	ssl.endpoint.identification.algorithm = https
	ssl.engine.factory.class = null
	ssl.key.password = null
	ssl.keymanager.algorithm = SunX509
	ssl.keystore.certificate.chain = null
	ssl.keystore.key = null
	ssl.keystore.location = null
	ssl.keystore.password = null
	ssl.keystore.type = JKS
	ssl.protocol = TLSv1.3
	ssl.provider = null
	ssl.secure.random.implementation = null
	ssl.trustmanager.algorithm = PKIX
	ssl.truststore.certificates = null
	ssl.truststore.location = null
	ssl.truststore.password = null
	ssl.truststore.type = JKS
	transaction.timeout.ms = 60000
	transactional.id = null
	value.serializer = class io.apicurio.registry.serde.avro.AvroKafkaSerializer

2025-08-06 18:55:37,069 INFO  [org.apa.kaf.com.tel.int.KafkaMetricsCollector] (main) initializing Kafka metrics collector
2025-08-06 18:55:37,073 INFO  [org.apa.kaf.cli.pro.KafkaProducer] (main) [Producer clientId=Producer-topic-a47a7df4_d94d_46bc_a357_8fcfa3f06b2d] Instantiated an idempotent producer.
2025-08-06 18:55:37,082 INFO  [org.apa.kaf.cli.pro.ProducerConfig] (main) These configurations '[apicurio.registry.find-latest, apicurio.registry.artifact.group-id, apicurio.registry.url, apicurio.registry.artifact-resolver-strategy]' were supplied but are not used yet.
2025-08-06 18:55:37,083 INFO  [org.apa.kaf.com.uti.AppInfoParser] (main) Kafka version: 3.9.1
2025-08-06 18:55:37,083 INFO  [org.apa.kaf.com.uti.AppInfoParser] (main) Kafka commitId: f745dfdcee2b9851
2025-08-06 18:55:37,083 INFO  [org.apa.kaf.com.uti.AppInfoParser] (main) Kafka startTimeMs: 1754506537083
2025-08-06 18:55:37,083 INFO  [io.api.tes.ser.api.SimpleSerdesTesterBuilder$SimpleSerdesTester] (main) Using producer configuration: {apicurio.registry.find-latest=true, apicurio.registry.artifact.group-id=topic-a47a7df4_d94d_46bc_a357_8fcfa3f06b2d, apicurio.registry.url=http://registry-app-ksql047.apps.ci419.apicurio-testing.org:80/apis/registry/v3, apicurio.registry.artifact-resolver-strategy=io.apicurio.registry.serde.strategy.SimpleTopicIdStrategy, value.serializer=io.apicurio.registry.serde.avro.AvroKafkaSerializer, request.timeout.ms=5000, acks=all, bootstrap.servers=PLAINTEXT://localhost:32769, connections.max.idle.ms=10000, key.serializer=org.apache.kafka.common.serialization.StringSerializer, client.id=Producer-topic-a47a7df4_d94d_46bc_a357_8fcfa3f06b2d}
2025-08-06 18:55:37,085 INFO  [io.api.tes.ser.api.SimpleSerdesTesterBuilder$SimpleSerdesTester] (main) Using consumer configuration: {}
2025-08-06 18:55:37,086 INFO  [io.api.tes.ser.api.KafkaSerdesTester] (Thread-606) Sending message {"key11754506535986": "value-0"} to topic topic-a47a7df4_d94d_46bc_a357_8fcfa3f06b2d
2025-08-06 18:55:37,091 INFO  [org.apa.kaf.cli.Metadata] (kafka-producer-network-thread | Producer-topic-a47a7df4_d94d_46bc_a357_8fcfa3f06b2d) [Producer clientId=Producer-topic-a47a7df4_d94d_46bc_a357_8fcfa3f06b2d] Cluster ID: NyMRaTI5Q0SXQrlZpmr68g
2025-08-06 18:55:37,095 INFO  [org.apa.kaf.cli.pro.int.TransactionManager] (kafka-producer-network-thread | Producer-topic-a47a7df4_d94d_46bc_a357_8fcfa3f06b2d) [Producer clientId=Producer-topic-a47a7df4_d94d_46bc_a357_8fcfa3f06b2d] ProducerId set to 1 with epoch 0
2025-08-06 18:55:37,159 INFO  [io.api.tes.ser.api.KafkaSerdesTester] (Thread-606) Sending message {"key11754506535986": "value-1"} to topic topic-a47a7df4_d94d_46bc_a357_8fcfa3f06b2d
2025-08-06 18:55:37,164 INFO  [io.api.tes.ser.api.KafkaSerdesTester] (Thread-606) Sending message {"key11754506535986": "value-2"} to topic topic-a47a7df4_d94d_46bc_a357_8fcfa3f06b2d
2025-08-06 18:55:37,167 INFO  [io.api.tes.ser.api.KafkaSerdesTester] (Thread-606) Sending message {"key11754506535986": "value-3"} to topic topic-a47a7df4_d94d_46bc_a357_8fcfa3f06b2d
2025-08-06 18:55:37,169 INFO  [io.api.tes.ser.api.KafkaSerdesTester] (Thread-606) Sending message {"key11754506535986": "value-4"} to topic topic-a47a7df4_d94d_46bc_a357_8fcfa3f06b2d
2025-08-06 18:55:37,173 INFO  [io.api.tes.ser.api.KafkaSerdesTester] (Thread-606) Sending message {"key11754506535986": "value-5"} to topic topic-a47a7df4_d94d_46bc_a357_8fcfa3f06b2d
2025-08-06 18:55:37,175 INFO  [io.api.tes.ser.api.KafkaSerdesTester] (Thread-606) Sending message {"key11754506535986": "value-6"} to topic topic-a47a7df4_d94d_46bc_a357_8fcfa3f06b2d
2025-08-06 18:55:37,178 INFO  [io.api.tes.ser.api.KafkaSerdesTester] (Thread-606) Sending message {"key11754506535986": "value-7"} to topic topic-a47a7df4_d94d_46bc_a357_8fcfa3f06b2d
2025-08-06 18:55:37,181 INFO  [io.api.tes.ser.api.KafkaSerdesTester] (Thread-606) Sending message {"key11754506535986": "value-8"} to topic topic-a47a7df4_d94d_46bc_a357_8fcfa3f06b2d
2025-08-06 18:55:37,183 INFO  [io.api.tes.ser.api.KafkaSerdesTester] (Thread-606) Sending message {"key11754506535986": "value-9"} to topic topic-a47a7df4_d94d_46bc_a357_8fcfa3f06b2d
2025-08-06 18:55:37,185 INFO  [io.api.tes.ser.api.KafkaSerdesTester] (Thread-606) Produced 10 messages
2025-08-06 18:55:37,186 INFO  [org.apa.kaf.cli.pro.KafkaProducer] (Thread-606) [Producer clientId=Producer-topic-a47a7df4_d94d_46bc_a357_8fcfa3f06b2d] Closing the Kafka producer with timeoutMillis = 9223372036854775807 ms.
2025-08-06 18:55:37,193 INFO  [org.apa.kaf.com.met.Metrics] (Thread-606) Metrics scheduler closed
2025-08-06 18:55:37,193 INFO  [org.apa.kaf.com.met.Metrics] (Thread-606) Closing reporter org.apache.kafka.common.metrics.JmxReporter
2025-08-06 18:55:37,193 INFO  [org.apa.kaf.com.met.Metrics] (Thread-606) Closing reporter org.apache.kafka.common.telemetry.internals.ClientTelemetryReporter
2025-08-06 18:55:37,193 INFO  [org.apa.kaf.com.met.Metrics] (Thread-606) Metrics reporters closed
2025-08-06 18:55:37,194 INFO  [org.apa.kaf.com.uti.AppInfoParser] (Thread-606) App info kafka.producer for Producer-topic-a47a7df4_d94d_46bc_a357_8fcfa3f06b2d unregistered
**** Registry Base URL: http://registry-app-ksql047.apps.ci419.apicurio-testing.org:80
2025-08-06 18:55:37,194 INFO  [org.apa.kaf.cli.con.ConsumerConfig] (main) ConsumerConfig values: 
	allow.auto.create.topics = true
	auto.commit.interval.ms = 500
	auto.include.jmx.reporter = true
	auto.offset.reset = earliest
	bootstrap.servers = [PLAINTEXT://localhost:32769]
	check.crcs = true
	client.dns.lookup = use_all_dns_ips
	client.id = consumer-Consumer-topic-a47a7df4_d94d_46bc_a357_8fcfa3f06b2d-2
	client.rack = 
	connections.max.idle.ms = 10000
	default.api.timeout.ms = 60000
	enable.auto.commit = true
	enable.metrics.push = true
	exclude.internal.topics = true
	fetch.max.bytes = 52428800
	fetch.max.wait.ms = 500
	fetch.min.bytes = 1
	group.id = Consumer-topic-a47a7df4_d94d_46bc_a357_8fcfa3f06b2d
	group.instance.id = null
	group.protocol = classic
	group.remote.assignor = null
	heartbeat.interval.ms = 3000
	interceptor.classes = []
	internal.leave.group.on.close = true
	internal.throw.on.fetch.stable.offset.unsupported = false
	isolation.level = read_uncommitted
	key.deserializer = class org.apache.kafka.common.serialization.StringDeserializer
	max.partition.fetch.bytes = 1048576
	max.poll.interval.ms = 300000
	max.poll.records = 500
	metadata.max.age.ms = 300000
	metadata.recovery.strategy = none
	metric.reporters = []
	metrics.num.samples = 2
	metrics.recording.level = INFO
	metrics.sample.window.ms = 30000
	partition.assignment.strategy = [class org.apache.kafka.clients.consumer.RangeAssignor, class org.apache.kafka.clients.consumer.CooperativeStickyAssignor]
	receive.buffer.bytes = 65536
	reconnect.backoff.max.ms = 1000
	reconnect.backoff.ms = 50
	request.timeout.ms = 5000
	retry.backoff.max.ms = 1000
	retry.backoff.ms = 100
	sasl.client.callback.handler.class = null
	sasl.jaas.config = null
	sasl.kerberos.kinit.cmd = /usr/bin/kinit
	sasl.kerberos.min.time.before.relogin = 60000
	sasl.kerberos.service.name = null
	sasl.kerberos.ticket.renew.jitter = 0.05
	sasl.kerberos.ticket.renew.window.factor = 0.8
	sasl.login.callback.handler.class = null
	sasl.login.class = null
	sasl.login.connect.timeout.ms = null
	sasl.login.read.timeout.ms = null
	sasl.login.refresh.buffer.seconds = 300
	sasl.login.refresh.min.period.seconds = 60
	sasl.login.refresh.window.factor = 0.8
	sasl.login.refresh.window.jitter = 0.05
	sasl.login.retry.backoff.max.ms = 10000
	sasl.login.retry.backoff.ms = 100
	sasl.mechanism = GSSAPI
	sasl.oauthbearer.clock.skew.seconds = 30
	sasl.oauthbearer.expected.audience = null
	sasl.oauthbearer.expected.issuer = null
	sasl.oauthbearer.header.urlencode = false
	sasl.oauthbearer.jwks.endpoint.refresh.ms = 3600000
	sasl.oauthbearer.jwks.endpoint.retry.backoff.max.ms = 10000
	sasl.oauthbearer.jwks.endpoint.retry.backoff.ms = 100
	sasl.oauthbearer.jwks.endpoint.url = null
	sasl.oauthbearer.scope.claim.name = scope
	sasl.oauthbearer.sub.claim.name = sub
	sasl.oauthbearer.token.endpoint.url = null
	security.protocol = PLAINTEXT
	security.providers = null
	send.buffer.bytes = 131072
	session.timeout.ms = 45000
	socket.connection.setup.timeout.max.ms = 30000
	socket.connection.setup.timeout.ms = 10000
	ssl.cipher.suites = null
	ssl.enabled.protocols = [TLSv1.2, TLSv1.3]
	ssl.endpoint.identification.algorithm = https
	ssl.engine.factory.class = null
	ssl.key.password = null
	ssl.keymanager.algorithm = SunX509
	ssl.keystore.certificate.chain = null
	ssl.keystore.key = null
	ssl.keystore.location = null
	ssl.keystore.password = null
	ssl.keystore.type = JKS
	ssl.protocol = TLSv1.3
	ssl.provider = null
	ssl.secure.random.implementation = null
	ssl.trustmanager.algorithm = PKIX
	ssl.truststore.certificates = null
	ssl.truststore.location = null
	ssl.truststore.password = null
	ssl.truststore.type = JKS
	value.deserializer = class io.apicurio.registry.serde.avro.AvroKafkaDeserializer

2025-08-06 18:55:37,195 INFO  [org.apa.kaf.com.tel.int.KafkaMetricsCollector] (main) initializing Kafka metrics collector
2025-08-06 18:55:37,209 INFO  [org.apa.kaf.cli.con.ConsumerConfig] (main) These configurations '[apicurio.registry.url]' were supplied but are not used yet.
2025-08-06 18:55:37,209 INFO  [org.apa.kaf.com.uti.AppInfoParser] (main) Kafka version: 3.9.1
2025-08-06 18:55:37,209 INFO  [org.apa.kaf.com.uti.AppInfoParser] (main) Kafka commitId: f745dfdcee2b9851
2025-08-06 18:55:37,209 INFO  [org.apa.kaf.com.uti.AppInfoParser] (main) Kafka startTimeMs: 1754506537209
2025-08-06 18:55:37,209 INFO  [org.apa.kaf.cli.con.int.ClassicKafkaConsumer] (Thread-609) [Consumer clientId=consumer-Consumer-topic-a47a7df4_d94d_46bc_a357_8fcfa3f06b2d-2, groupId=Consumer-topic-a47a7df4_d94d_46bc_a357_8fcfa3f06b2d] Subscribed to topic(s): topic-a47a7df4_d94d_46bc_a357_8fcfa3f06b2d
2025-08-06 18:55:37,217 INFO  [org.apa.kaf.cli.Metadata] (Thread-609) [Consumer clientId=consumer-Consumer-topic-a47a7df4_d94d_46bc_a357_8fcfa3f06b2d-2, groupId=Consumer-topic-a47a7df4_d94d_46bc_a357_8fcfa3f06b2d] Cluster ID: NyMRaTI5Q0SXQrlZpmr68g
2025-08-06 18:55:37,219 INFO  [org.apa.kaf.cli.con.int.ConsumerCoordinator] (Thread-609) [Consumer clientId=consumer-Consumer-topic-a47a7df4_d94d_46bc_a357_8fcfa3f06b2d-2, groupId=Consumer-topic-a47a7df4_d94d_46bc_a357_8fcfa3f06b2d] Discovered group coordinator localhost:32769 (id: 2147483647 rack: null)
2025-08-06 18:55:37,225 INFO  [org.apa.kaf.cli.con.int.ConsumerCoordinator] (Thread-609) [Consumer clientId=consumer-Consumer-topic-a47a7df4_d94d_46bc_a357_8fcfa3f06b2d-2, groupId=Consumer-topic-a47a7df4_d94d_46bc_a357_8fcfa3f06b2d] (Re-)joining group
2025-08-06 18:55:37,230 INFO  [org.apa.kaf.cli.con.int.ConsumerCoordinator] (Thread-609) [Consumer clientId=consumer-Consumer-topic-a47a7df4_d94d_46bc_a357_8fcfa3f06b2d-2, groupId=Consumer-topic-a47a7df4_d94d_46bc_a357_8fcfa3f06b2d] Request joining group due to: need to re-join with the given member-id: consumer-Consumer-topic-a47a7df4_d94d_46bc_a357_8fcfa3f06b2d-2-20cccedc-e2b5-4f3a-b089-8bec7a48432d
2025-08-06 18:55:37,230 INFO  [org.apa.kaf.cli.con.int.ConsumerCoordinator] (Thread-609) [Consumer clientId=consumer-Consumer-topic-a47a7df4_d94d_46bc_a357_8fcfa3f06b2d-2, groupId=Consumer-topic-a47a7df4_d94d_46bc_a357_8fcfa3f06b2d] (Re-)joining group
2025-08-06 18:55:38,210 INFO  [io.api.tes.ser.api.KafkaSerdesTester] (Thread-609) None found
2025-08-06 18:55:39,211 INFO  [io.api.tes.ser.api.KafkaSerdesTester] (Thread-609) None found
2025-08-06 18:55:40,212 INFO  [io.api.tes.ser.api.KafkaSerdesTester] (Thread-609) None found
2025-08-06 18:55:40,236 INFO  [org.apa.kaf.cli.con.int.ConsumerCoordinator] (Thread-609) [Consumer clientId=consumer-Consumer-topic-a47a7df4_d94d_46bc_a357_8fcfa3f06b2d-2, groupId=Consumer-topic-a47a7df4_d94d_46bc_a357_8fcfa3f06b2d] Successfully joined group with generation Generation{generationId=1, memberId='consumer-Consumer-topic-a47a7df4_d94d_46bc_a357_8fcfa3f06b2d-2-20cccedc-e2b5-4f3a-b089-8bec7a48432d', protocol='range'}
2025-08-06 18:55:40,237 INFO  [org.apa.kaf.cli.con.int.ConsumerCoordinator] (Thread-609) [Consumer clientId=consumer-Consumer-topic-a47a7df4_d94d_46bc_a357_8fcfa3f06b2d-2, groupId=Consumer-topic-a47a7df4_d94d_46bc_a357_8fcfa3f06b2d] Finished assignment for group at generation 1: {consumer-Consumer-topic-a47a7df4_d94d_46bc_a357_8fcfa3f06b2d-2-20cccedc-e2b5-4f3a-b089-8bec7a48432d=Assignment(partitions=[topic-a47a7df4_d94d_46bc_a357_8fcfa3f06b2d-0])}
2025-08-06 18:55:40,244 INFO  [org.apa.kaf.cli.con.int.ConsumerCoordinator] (Thread-609) [Consumer clientId=consumer-Consumer-topic-a47a7df4_d94d_46bc_a357_8fcfa3f06b2d-2, groupId=Consumer-topic-a47a7df4_d94d_46bc_a357_8fcfa3f06b2d] Successfully synced group in generation Generation{generationId=1, memberId='consumer-Consumer-topic-a47a7df4_d94d_46bc_a357_8fcfa3f06b2d-2-20cccedc-e2b5-4f3a-b089-8bec7a48432d', protocol='range'}
2025-08-06 18:55:40,245 INFO  [org.apa.kaf.cli.con.int.ConsumerCoordinator] (Thread-609) [Consumer clientId=consumer-Consumer-topic-a47a7df4_d94d_46bc_a357_8fcfa3f06b2d-2, groupId=Consumer-topic-a47a7df4_d94d_46bc_a357_8fcfa3f06b2d] Notifying assignor about the new Assignment(partitions=[topic-a47a7df4_d94d_46bc_a357_8fcfa3f06b2d-0])
2025-08-06 18:55:40,245 INFO  [org.apa.kaf.cli.con.int.ConsumerRebalanceListenerInvoker] (Thread-609) [Consumer clientId=consumer-Consumer-topic-a47a7df4_d94d_46bc_a357_8fcfa3f06b2d-2, groupId=Consumer-topic-a47a7df4_d94d_46bc_a357_8fcfa3f06b2d] Adding newly assigned partitions: topic-a47a7df4_d94d_46bc_a357_8fcfa3f06b2d-0
2025-08-06 18:55:40,247 INFO  [org.apa.kaf.cli.con.int.ConsumerCoordinator] (Thread-609) [Consumer clientId=consumer-Consumer-topic-a47a7df4_d94d_46bc_a357_8fcfa3f06b2d-2, groupId=Consumer-topic-a47a7df4_d94d_46bc_a357_8fcfa3f06b2d] Found no committed offset for partition topic-a47a7df4_d94d_46bc_a357_8fcfa3f06b2d-0
2025-08-06 18:55:40,252 INFO  [org.apa.kaf.cli.con.int.SubscriptionState] (Thread-609) [Consumer clientId=consumer-Consumer-topic-a47a7df4_d94d_46bc_a357_8fcfa3f06b2d-2, groupId=Consumer-topic-a47a7df4_d94d_46bc_a357_8fcfa3f06b2d] Resetting offset for partition topic-a47a7df4_d94d_46bc_a357_8fcfa3f06b2d-0 to position FetchPosition{offset=0, offsetEpoch=Optional.empty, currentLeader=LeaderAndEpoch{leader=Optional[localhost:32769 (id: 0 rack: null)], epoch=0}}.
2025-08-06 18:55:40,293 INFO  [io.api.tes.ser.api.KafkaSerdesTester] (Thread-609) topic-a47a7df4_d94d_46bc_a357_8fcfa3f06b2d 0 0 {"key11754506535986": "value-0"}
2025-08-06 18:55:40,293 INFO  [io.api.tes.ser.api.KafkaSerdesTester] (Thread-609) topic-a47a7df4_d94d_46bc_a357_8fcfa3f06b2d 0 1 {"key11754506535986": "value-1"}
2025-08-06 18:55:40,294 INFO  [io.api.tes.ser.api.KafkaSerdesTester] (Thread-609) topic-a47a7df4_d94d_46bc_a357_8fcfa3f06b2d 0 2 {"key11754506535986": "value-2"}
2025-08-06 18:55:40,294 INFO  [io.api.tes.ser.api.KafkaSerdesTester] (Thread-609) topic-a47a7df4_d94d_46bc_a357_8fcfa3f06b2d 0 3 {"key11754506535986": "value-3"}
2025-08-06 18:55:40,294 INFO  [io.api.tes.ser.api.KafkaSerdesTester] (Thread-609) topic-a47a7df4_d94d_46bc_a357_8fcfa3f06b2d 0 4 {"key11754506535986": "value-4"}
2025-08-06 18:55:40,294 INFO  [io.api.tes.ser.api.KafkaSerdesTester] (Thread-609) topic-a47a7df4_d94d_46bc_a357_8fcfa3f06b2d 0 5 {"key11754506535986": "value-5"}
2025-08-06 18:55:40,294 INFO  [io.api.tes.ser.api.KafkaSerdesTester] (Thread-609) topic-a47a7df4_d94d_46bc_a357_8fcfa3f06b2d 0 6 {"key11754506535986": "value-6"}
2025-08-06 18:55:40,294 INFO  [io.api.tes.ser.api.KafkaSerdesTester] (Thread-609) topic-a47a7df4_d94d_46bc_a357_8fcfa3f06b2d 0 7 {"key11754506535986": "value-7"}
2025-08-06 18:55:40,294 INFO  [io.api.tes.ser.api.KafkaSerdesTester] (Thread-609) topic-a47a7df4_d94d_46bc_a357_8fcfa3f06b2d 0 8 {"key11754506535986": "value-8"}
2025-08-06 18:55:40,294 INFO  [io.api.tes.ser.api.KafkaSerdesTester] (Thread-609) topic-a47a7df4_d94d_46bc_a357_8fcfa3f06b2d 0 9 {"key11754506535986": "value-9"}
2025-08-06 18:55:40,294 INFO  [io.api.tes.ser.api.KafkaSerdesTester] (Thread-609) Consumed 10 messages
2025-08-06 18:55:40,305 INFO  [org.apa.kaf.cli.con.int.ConsumerRebalanceListenerInvoker] (Thread-609) [Consumer clientId=consumer-Consumer-topic-a47a7df4_d94d_46bc_a357_8fcfa3f06b2d-2, groupId=Consumer-topic-a47a7df4_d94d_46bc_a357_8fcfa3f06b2d] Revoke previously assigned partitions topic-a47a7df4_d94d_46bc_a357_8fcfa3f06b2d-0
2025-08-06 18:55:40,306 INFO  [org.apa.kaf.cli.con.int.ConsumerCoordinator] (Thread-609) [Consumer clientId=consumer-Consumer-topic-a47a7df4_d94d_46bc_a357_8fcfa3f06b2d-2, groupId=Consumer-topic-a47a7df4_d94d_46bc_a357_8fcfa3f06b2d] Member consumer-Consumer-topic-a47a7df4_d94d_46bc_a357_8fcfa3f06b2d-2-20cccedc-e2b5-4f3a-b089-8bec7a48432d sending LeaveGroup request to coordinator localhost:32769 (id: 2147483647 rack: null) due to the consumer is being closed
2025-08-06 18:55:40,306 INFO  [org.apa.kaf.cli.con.int.ConsumerCoordinator] (Thread-609) [Consumer clientId=consumer-Consumer-topic-a47a7df4_d94d_46bc_a357_8fcfa3f06b2d-2, groupId=Consumer-topic-a47a7df4_d94d_46bc_a357_8fcfa3f06b2d] Resetting generation and member id due to: consumer pro-actively leaving the group
2025-08-06 18:55:40,306 INFO  [org.apa.kaf.cli.con.int.ConsumerCoordinator] (Thread-609) [Consumer clientId=consumer-Consumer-topic-a47a7df4_d94d_46bc_a357_8fcfa3f06b2d-2, groupId=Consumer-topic-a47a7df4_d94d_46bc_a357_8fcfa3f06b2d] Request joining group due to: consumer pro-actively leaving the group
2025-08-06 18:55:40,798 INFO  [org.apa.kaf.com.met.Metrics] (Thread-609) Metrics scheduler closed
2025-08-06 18:55:40,799 INFO  [org.apa.kaf.com.met.Metrics] (Thread-609) Closing reporter org.apache.kafka.common.metrics.JmxReporter
2025-08-06 18:55:40,799 INFO  [org.apa.kaf.com.met.Metrics] (Thread-609) Closing reporter org.apache.kafka.common.telemetry.internals.ClientTelemetryReporter
2025-08-06 18:55:40,799 INFO  [org.apa.kaf.com.met.Metrics] (Thread-609) Metrics reporters closed
2025-08-06 18:55:40,805 INFO  [org.apa.kaf.com.uti.AppInfoParser] (Thread-609) App info kafka.consumer for consumer-Consumer-topic-a47a7df4_d94d_46bc_a357_8fcfa3f06b2d-2 unregistered
2025-08-06 18:55:40,806 INFO  [io.api.tes.uti.TestSeparator] (main) io.apicurio.tests.serdes.apicurio.AvroSerdeIT.testSimpleTopicIdStrategyFindLatest-FINISHED
2025-08-06 18:55:40,806 INFO  [io.api.tes.uti.TestSeparator] (main) ############################################################################
Test passed: testSimpleTopicIdStrategyFindLatest
]]></system-out>
  </testcase>
  <testcase name="testWrongSchema" classname="io.apicurio.tests.serdes.apicurio.AvroSerdeIT" time="1.16">
    <system-out><![CDATA[2025-08-06 18:55:40,807 INFO  [io.api.tes.uti.TestSeparator] (main) ############################################################################
2025-08-06 18:55:40,807 INFO  [io.api.tes.uti.TestSeparator] (main) io.apicurio.tests.serdes.apicurio.AvroSerdeIT.testWrongSchema-STARTED
**** Registry Base URL: http://registry-app-ksql047.apps.ci419.apicurio-testing.org:80
2025-08-06 18:55:41,892 INFO  [org.apa.kaf.cli.pro.ProducerConfig] (main) ProducerConfig values: 
	acks = -1
	auto.include.jmx.reporter = true
	batch.size = 16384
	bootstrap.servers = [PLAINTEXT://localhost:32769]
	buffer.memory = 33554432
	client.dns.lookup = use_all_dns_ips
	client.id = Producer-s4cbca47ax4a17x4fd4x88f6x4d139779fb71
	compression.gzip.level = -1
	compression.lz4.level = 9
	compression.type = none
	compression.zstd.level = 3
	connections.max.idle.ms = 10000
	delivery.timeout.ms = 120000
	enable.idempotence = true
	enable.metrics.push = true
	interceptor.classes = []
	key.serializer = class org.apache.kafka.common.serialization.StringSerializer
	linger.ms = 0
	max.block.ms = 60000
	max.in.flight.requests.per.connection = 5
	max.request.size = 1048576
	metadata.max.age.ms = 300000
	metadata.max.idle.ms = 300000
	metadata.recovery.strategy = none
	metric.reporters = []
	metrics.num.samples = 2
	metrics.recording.level = INFO
	metrics.sample.window.ms = 30000
	partitioner.adaptive.partitioning.enable = true
	partitioner.availability.timeout.ms = 0
	partitioner.class = null
	partitioner.ignore.keys = false
	receive.buffer.bytes = 32768
	reconnect.backoff.max.ms = 1000
	reconnect.backoff.ms = 50
	request.timeout.ms = 5000
	retries = 2147483647
	retry.backoff.max.ms = 1000
	retry.backoff.ms = 100
	sasl.client.callback.handler.class = null
	sasl.jaas.config = null
	sasl.kerberos.kinit.cmd = /usr/bin/kinit
	sasl.kerberos.min.time.before.relogin = 60000
	sasl.kerberos.service.name = null
	sasl.kerberos.ticket.renew.jitter = 0.05
	sasl.kerberos.ticket.renew.window.factor = 0.8
	sasl.login.callback.handler.class = null
	sasl.login.class = null
	sasl.login.connect.timeout.ms = null
	sasl.login.read.timeout.ms = null
	sasl.login.refresh.buffer.seconds = 300
	sasl.login.refresh.min.period.seconds = 60
	sasl.login.refresh.window.factor = 0.8
	sasl.login.refresh.window.jitter = 0.05
	sasl.login.retry.backoff.max.ms = 10000
	sasl.login.retry.backoff.ms = 100
	sasl.mechanism = GSSAPI
	sasl.oauthbearer.clock.skew.seconds = 30
	sasl.oauthbearer.expected.audience = null
	sasl.oauthbearer.expected.issuer = null
	sasl.oauthbearer.header.urlencode = false
	sasl.oauthbearer.jwks.endpoint.refresh.ms = 3600000
	sasl.oauthbearer.jwks.endpoint.retry.backoff.max.ms = 10000
	sasl.oauthbearer.jwks.endpoint.retry.backoff.ms = 100
	sasl.oauthbearer.jwks.endpoint.url = null
	sasl.oauthbearer.scope.claim.name = scope
	sasl.oauthbearer.sub.claim.name = sub
	sasl.oauthbearer.token.endpoint.url = null
	security.protocol = PLAINTEXT
	security.providers = null
	send.buffer.bytes = 131072
	socket.connection.setup.timeout.max.ms = 30000
	socket.connection.setup.timeout.ms = 10000
	ssl.cipher.suites = null
	ssl.enabled.protocols = [TLSv1.2, TLSv1.3]
	ssl.endpoint.identification.algorithm = https
	ssl.engine.factory.class = null
	ssl.key.password = null
	ssl.keymanager.algorithm = SunX509
	ssl.keystore.certificate.chain = null
	ssl.keystore.key = null
	ssl.keystore.location = null
	ssl.keystore.password = null
	ssl.keystore.type = JKS
	ssl.protocol = TLSv1.3
	ssl.provider = null
	ssl.secure.random.implementation = null
	ssl.trustmanager.algorithm = PKIX
	ssl.truststore.certificates = null
	ssl.truststore.location = null
	ssl.truststore.password = null
	ssl.truststore.type = JKS
	transaction.timeout.ms = 60000
	transactional.id = null
	value.serializer = class io.apicurio.registry.serde.avro.AvroKafkaSerializer

2025-08-06 18:55:41,892 INFO  [org.apa.kaf.com.tel.int.KafkaMetricsCollector] (main) initializing Kafka metrics collector
2025-08-06 18:55:41,895 INFO  [org.apa.kaf.cli.pro.KafkaProducer] (main) [Producer clientId=Producer-s4cbca47ax4a17x4fd4x88f6x4d139779fb71] Instantiated an idempotent producer.
2025-08-06 18:55:41,899 INFO  [org.apa.kaf.cli.pro.ProducerConfig] (main) These configurations '[apicurio.registry.find-latest, apicurio.registry.url, apicurio.registry.artifact-resolver-strategy]' were supplied but are not used yet.
2025-08-06 18:55:41,899 INFO  [org.apa.kaf.com.uti.AppInfoParser] (main) Kafka version: 3.9.1
2025-08-06 18:55:41,899 INFO  [org.apa.kaf.com.uti.AppInfoParser] (main) Kafka commitId: f745dfdcee2b9851
2025-08-06 18:55:41,899 INFO  [org.apa.kaf.com.uti.AppInfoParser] (main) Kafka startTimeMs: 1754506541899
2025-08-06 18:55:41,904 INFO  [io.api.tes.ser.api.KafkaSerdesTester] (Thread-612) Sending message {"keyB": "value-0"} to topic s4cbca47ax4a17x4fd4x88f6x4d139779fb71
2025-08-06 18:55:41,909 INFO  [org.apa.kaf.cli.Metadata] (kafka-producer-network-thread | Producer-s4cbca47ax4a17x4fd4x88f6x4d139779fb71) [Producer clientId=Producer-s4cbca47ax4a17x4fd4x88f6x4d139779fb71] Cluster ID: NyMRaTI5Q0SXQrlZpmr68g
2025-08-06 18:55:41,909 INFO  [org.apa.kaf.cli.pro.int.TransactionManager] (kafka-producer-network-thread | Producer-s4cbca47ax4a17x4fd4x88f6x4d139779fb71) [Producer clientId=Producer-s4cbca47ax4a17x4fd4x88f6x4d139779fb71] ProducerId set to 2 with epoch 0
2025-08-06 18:55:41,958 INFO  [org.apa.kaf.cli.pro.KafkaProducer] (Thread-612) [Producer clientId=Producer-s4cbca47ax4a17x4fd4x88f6x4d139779fb71] Closing the Kafka producer with timeoutMillis = 9223372036854775807 ms.
2025-08-06 18:55:41,962 INFO  [org.apa.kaf.com.met.Metrics] (Thread-612) Metrics scheduler closed
2025-08-06 18:55:41,963 INFO  [org.apa.kaf.com.met.Metrics] (Thread-612) Closing reporter org.apache.kafka.common.metrics.JmxReporter
2025-08-06 18:55:41,963 INFO  [org.apa.kaf.com.met.Metrics] (Thread-612) Closing reporter org.apache.kafka.common.telemetry.internals.ClientTelemetryReporter
2025-08-06 18:55:41,963 INFO  [org.apa.kaf.com.met.Metrics] (Thread-612) Metrics reporters closed
2025-08-06 18:55:41,965 INFO  [org.apa.kaf.com.uti.AppInfoParser] (Thread-612) App info kafka.producer for Producer-s4cbca47ax4a17x4fd4x88f6x4d139779fb71 unregistered
2025-08-06 18:55:41,966 INFO  [io.api.tes.uti.TestSeparator] (main) io.apicurio.tests.serdes.apicurio.AvroSerdeIT.testWrongSchema-FINISHED
2025-08-06 18:55:41,966 INFO  [io.api.tes.uti.TestSeparator] (main) ############################################################################
Test passed: testWrongSchema
]]></system-out>
    <system-err><![CDATA[io.apicurio.registry.rest.client.models.ProblemDetails
	at io.apicurio.registry.rest.client.models.ProblemDetails.createFromDiscriminatorValue(ProblemDetails.java:58)
	at io.kiota.serialization.json.JsonParseNode.getObjectValue(JsonParseNode.java:247)
	at io.kiota.http.vertx.VertXRequestAdapter.lambda$throwIfFailedResponse$0(VertXRequestAdapter.java:400)
	at com.microsoft.kiota.ApiExceptionBuilder.<init>(ApiExceptionBuilder.java:26)
	at io.kiota.http.vertx.VertXRequestAdapter.throwIfFailedResponse(VertXRequestAdapter.java:399)
	at io.kiota.http.vertx.VertXRequestAdapter.send(VertXRequestAdapter.java:170)
	at io.apicurio.registry.rest.client.groups.item.artifacts.item.versions.item.WithVersionExpressionItemRequestBuilder.get(WithVersionExpressionItemRequestBuilder.java:128)
	at io.apicurio.registry.rest.client.groups.item.artifacts.item.versions.item.WithVersionExpressionItemRequestBuilder.get(WithVersionExpressionItemRequestBuilder.java:111)
	at io.apicurio.registry.resolver.client.RegistryClientFacadeImpl.getVersionCoordinatesByGAV(RegistryClientFacadeImpl.java:159)
	at io.apicurio.registry.resolver.DefaultSchemaResolver.resolveByCoordinates(DefaultSchemaResolver.java:352)
	at io.apicurio.registry.resolver.DefaultSchemaResolver.lambda$resolveSchemaByArtifactReferenceCached$6(DefaultSchemaResolver.java:340)
	at io.apicurio.registry.resolver.cache.ERCache.lambda$getValue$0(ERCache.java:174)
	at io.apicurio.registry.resolver.cache.ERCache.retry(ERCache.java:227)
	at io.apicurio.registry.resolver.cache.ERCache.getValue(ERCache.java:173)
	at io.apicurio.registry.resolver.cache.ERCache.getByArtifactCoordinates(ERCache.java:158)
	at io.apicurio.registry.resolver.DefaultSchemaResolver.resolveSchemaByArtifactReferenceCached(DefaultSchemaResolver.java:338)
	at io.apicurio.registry.resolver.DefaultSchemaResolver.resolveSchemaByCoordinates(DefaultSchemaResolver.java:193)
	at io.apicurio.registry.resolver.DefaultSchemaResolver.getSchemaFromRegistry(DefaultSchemaResolver.java:130)
	at io.apicurio.registry.resolver.DefaultSchemaResolver.lambda$resolveSchema$0(DefaultSchemaResolver.java:84)
	at java.base/java.util.Optional.orElseGet(Optional.java:364)
	at io.apicurio.registry.resolver.DefaultSchemaResolver.resolveSchema(DefaultSchemaResolver.java:84)
	at io.apicurio.registry.serde.AbstractSerializer.serializeData(AbstractSerializer.java:62)
	at io.apicurio.registry.serde.KafkaSerializer.serialize(KafkaSerializer.java:77)
	at org.apache.kafka.clients.producer.KafkaProducer.doSend(KafkaProducer.java:1046)
	at org.apache.kafka.clients.producer.KafkaProducer.send(KafkaProducer.java:993)
	at org.apache.kafka.clients.producer.KafkaProducer.send(KafkaProducer.java:875)
	at io.apicurio.tests.serdes.apicurio.KafkaSerdesTester.lambda$produceMessages$3(KafkaSerdesTester.java:138)
	at java.base/java.util.concurrent.CompletableFuture$AsyncSupply.run(CompletableFuture.java:1768)
	at java.base/java.lang.Thread.run(Thread.java:840)
]]></system-err>
  </testcase>
  <testcase name="testAvroJSON" classname="io.apicurio.tests.serdes.apicurio.AvroSerdeIT" time="3.921">
    <system-out><![CDATA[2025-08-06 18:55:41,974 INFO  [io.api.tes.uti.TestSeparator] (main) ############################################################################
2025-08-06 18:55:41,974 INFO  [io.api.tes.uti.TestSeparator] (main) io.apicurio.tests.serdes.apicurio.AvroSerdeIT.testAvroJSON-STARTED
**** Registry Base URL: http://registry-app-ksql047.apps.ci419.apicurio-testing.org:80
2025-08-06 18:55:41,984 INFO  [org.apa.kaf.cli.pro.ProducerConfig] (main) ProducerConfig values: 
	acks = -1
	auto.include.jmx.reporter = true
	batch.size = 16384
	bootstrap.servers = [PLAINTEXT://localhost:32769]
	buffer.memory = 33554432
	client.dns.lookup = use_all_dns_ips
	client.id = Producer-topic-4eb5a1e4_7ede_4dc5_bd4b_58a4eea8578b
	compression.gzip.level = -1
	compression.lz4.level = 9
	compression.type = none
	compression.zstd.level = 3
	connections.max.idle.ms = 10000
	delivery.timeout.ms = 120000
	enable.idempotence = true
	enable.metrics.push = true
	interceptor.classes = []
	key.serializer = class org.apache.kafka.common.serialization.StringSerializer
	linger.ms = 0
	max.block.ms = 60000
	max.in.flight.requests.per.connection = 5
	max.request.size = 1048576
	metadata.max.age.ms = 300000
	metadata.max.idle.ms = 300000
	metadata.recovery.strategy = none
	metric.reporters = []
	metrics.num.samples = 2
	metrics.recording.level = INFO
	metrics.sample.window.ms = 30000
	partitioner.adaptive.partitioning.enable = true
	partitioner.availability.timeout.ms = 0
	partitioner.class = null
	partitioner.ignore.keys = false
	receive.buffer.bytes = 32768
	reconnect.backoff.max.ms = 1000
	reconnect.backoff.ms = 50
	request.timeout.ms = 5000
	retries = 2147483647
	retry.backoff.max.ms = 1000
	retry.backoff.ms = 100
	sasl.client.callback.handler.class = null
	sasl.jaas.config = null
	sasl.kerberos.kinit.cmd = /usr/bin/kinit
	sasl.kerberos.min.time.before.relogin = 60000
	sasl.kerberos.service.name = null
	sasl.kerberos.ticket.renew.jitter = 0.05
	sasl.kerberos.ticket.renew.window.factor = 0.8
	sasl.login.callback.handler.class = null
	sasl.login.class = null
	sasl.login.connect.timeout.ms = null
	sasl.login.read.timeout.ms = null
	sasl.login.refresh.buffer.seconds = 300
	sasl.login.refresh.min.period.seconds = 60
	sasl.login.refresh.window.factor = 0.8
	sasl.login.refresh.window.jitter = 0.05
	sasl.login.retry.backoff.max.ms = 10000
	sasl.login.retry.backoff.ms = 100
	sasl.mechanism = GSSAPI
	sasl.oauthbearer.clock.skew.seconds = 30
	sasl.oauthbearer.expected.audience = null
	sasl.oauthbearer.expected.issuer = null
	sasl.oauthbearer.header.urlencode = false
	sasl.oauthbearer.jwks.endpoint.refresh.ms = 3600000
	sasl.oauthbearer.jwks.endpoint.retry.backoff.max.ms = 10000
	sasl.oauthbearer.jwks.endpoint.retry.backoff.ms = 100
	sasl.oauthbearer.jwks.endpoint.url = null
	sasl.oauthbearer.scope.claim.name = scope
	sasl.oauthbearer.sub.claim.name = sub
	sasl.oauthbearer.token.endpoint.url = null
	security.protocol = PLAINTEXT
	security.providers = null
	send.buffer.bytes = 131072
	socket.connection.setup.timeout.max.ms = 30000
	socket.connection.setup.timeout.ms = 10000
	ssl.cipher.suites = null
	ssl.enabled.protocols = [TLSv1.2, TLSv1.3]
	ssl.endpoint.identification.algorithm = https
	ssl.engine.factory.class = null
	ssl.key.password = null
	ssl.keymanager.algorithm = SunX509
	ssl.keystore.certificate.chain = null
	ssl.keystore.key = null
	ssl.keystore.location = null
	ssl.keystore.password = null
	ssl.keystore.type = JKS
	ssl.protocol = TLSv1.3
	ssl.provider = null
	ssl.secure.random.implementation = null
	ssl.trustmanager.algorithm = PKIX
	ssl.truststore.certificates = null
	ssl.truststore.location = null
	ssl.truststore.password = null
	ssl.truststore.type = JKS
	transaction.timeout.ms = 60000
	transactional.id = null
	value.serializer = class io.apicurio.registry.serde.avro.AvroKafkaSerializer

2025-08-06 18:55:41,984 INFO  [org.apa.kaf.com.tel.int.KafkaMetricsCollector] (main) initializing Kafka metrics collector
2025-08-06 18:55:41,991 INFO  [org.apa.kaf.cli.pro.KafkaProducer] (main) [Producer clientId=Producer-topic-4eb5a1e4_7ede_4dc5_bd4b_58a4eea8578b] Instantiated an idempotent producer.
2025-08-06 18:55:41,995 INFO  [org.apa.kaf.cli.pro.ProducerConfig] (main) These configurations '[apicurio.registry.avro.encoding, apicurio.registry.url, apicurio.registry.auto-register, apicurio.registry.artifact-resolver-strategy]' were supplied but are not used yet.
2025-08-06 18:55:41,996 INFO  [org.apa.kaf.com.uti.AppInfoParser] (main) Kafka version: 3.9.1
2025-08-06 18:55:41,996 INFO  [org.apa.kaf.com.uti.AppInfoParser] (main) Kafka commitId: f745dfdcee2b9851
2025-08-06 18:55:41,996 INFO  [org.apa.kaf.com.uti.AppInfoParser] (main) Kafka startTimeMs: 1754506541995
2025-08-06 18:55:41,996 INFO  [io.api.tes.ser.api.SimpleSerdesTesterBuilder$SimpleSerdesTester] (main) Using producer configuration: {apicurio.registry.avro.encoding=JSON, apicurio.registry.url=http://registry-app-ksql047.apps.ci419.apicurio-testing.org:80/apis/registry/v3, apicurio.registry.auto-register=true, apicurio.registry.artifact-resolver-strategy=io.apicurio.registry.serde.strategy.TopicIdStrategy, value.serializer=io.apicurio.registry.serde.avro.AvroKafkaSerializer, request.timeout.ms=5000, acks=all, bootstrap.servers=PLAINTEXT://localhost:32769, connections.max.idle.ms=10000, key.serializer=org.apache.kafka.common.serialization.StringSerializer, client.id=Producer-topic-4eb5a1e4_7ede_4dc5_bd4b_58a4eea8578b}
2025-08-06 18:55:41,996 INFO  [io.api.tes.ser.api.SimpleSerdesTesterBuilder$SimpleSerdesTester] (main) Using consumer configuration: {apicurio.registry.avro.encoding=JSON}
2025-08-06 18:55:41,998 INFO  [io.api.tes.ser.api.KafkaSerdesTester] (Thread-615) Sending message {"bar": "value-0"} to topic topic-4eb5a1e4_7ede_4dc5_bd4b_58a4eea8578b
2025-08-06 18:55:42,004 WARN  [org.apa.kaf.cli.NetworkClient] (kafka-producer-network-thread | Producer-topic-4eb5a1e4_7ede_4dc5_bd4b_58a4eea8578b) [Producer clientId=Producer-topic-4eb5a1e4_7ede_4dc5_bd4b_58a4eea8578b] The metadata response from the cluster reported a recoverable issue with correlation id 1 : {topic-4eb5a1e4_7ede_4dc5_bd4b_58a4eea8578b=UNKNOWN_TOPIC_OR_PARTITION}
2025-08-06 18:55:42,004 INFO  [org.apa.kaf.cli.Metadata] (kafka-producer-network-thread | Producer-topic-4eb5a1e4_7ede_4dc5_bd4b_58a4eea8578b) [Producer clientId=Producer-topic-4eb5a1e4_7ede_4dc5_bd4b_58a4eea8578b] Cluster ID: NyMRaTI5Q0SXQrlZpmr68g
2025-08-06 18:55:42,005 INFO  [org.apa.kaf.cli.pro.int.TransactionManager] (kafka-producer-network-thread | Producer-topic-4eb5a1e4_7ede_4dc5_bd4b_58a4eea8578b) [Producer clientId=Producer-topic-4eb5a1e4_7ede_4dc5_bd4b_58a4eea8578b] ProducerId set to 3 with epoch 0
2025-08-06 18:55:42,202 INFO  [io.api.tes.ser.api.KafkaSerdesTester] (Thread-615) Sending message {"bar": "value-1"} to topic topic-4eb5a1e4_7ede_4dc5_bd4b_58a4eea8578b
2025-08-06 18:55:42,207 INFO  [io.api.tes.ser.api.KafkaSerdesTester] (Thread-615) Sending message {"bar": "value-2"} to topic topic-4eb5a1e4_7ede_4dc5_bd4b_58a4eea8578b
2025-08-06 18:55:42,211 INFO  [io.api.tes.ser.api.KafkaSerdesTester] (Thread-615) Sending message {"bar": "value-3"} to topic topic-4eb5a1e4_7ede_4dc5_bd4b_58a4eea8578b
2025-08-06 18:55:42,214 INFO  [io.api.tes.ser.api.KafkaSerdesTester] (Thread-615) Sending message {"bar": "value-4"} to topic topic-4eb5a1e4_7ede_4dc5_bd4b_58a4eea8578b
2025-08-06 18:55:42,220 INFO  [io.api.tes.ser.api.KafkaSerdesTester] (Thread-615) Sending message {"bar": "value-5"} to topic topic-4eb5a1e4_7ede_4dc5_bd4b_58a4eea8578b
2025-08-06 18:55:42,224 INFO  [io.api.tes.ser.api.KafkaSerdesTester] (Thread-615) Sending message {"bar": "value-6"} to topic topic-4eb5a1e4_7ede_4dc5_bd4b_58a4eea8578b
2025-08-06 18:55:42,227 INFO  [io.api.tes.ser.api.KafkaSerdesTester] (Thread-615) Sending message {"bar": "value-7"} to topic topic-4eb5a1e4_7ede_4dc5_bd4b_58a4eea8578b
2025-08-06 18:55:42,230 INFO  [io.api.tes.ser.api.KafkaSerdesTester] (Thread-615) Sending message {"bar": "value-8"} to topic topic-4eb5a1e4_7ede_4dc5_bd4b_58a4eea8578b
2025-08-06 18:55:42,236 INFO  [io.api.tes.ser.api.KafkaSerdesTester] (Thread-615) Sending message {"bar": "value-9"} to topic topic-4eb5a1e4_7ede_4dc5_bd4b_58a4eea8578b
2025-08-06 18:55:42,239 INFO  [io.api.tes.ser.api.KafkaSerdesTester] (Thread-615) Produced 10 messages
2025-08-06 18:55:42,240 INFO  [org.apa.kaf.cli.pro.KafkaProducer] (Thread-615) [Producer clientId=Producer-topic-4eb5a1e4_7ede_4dc5_bd4b_58a4eea8578b] Closing the Kafka producer with timeoutMillis = 9223372036854775807 ms.
2025-08-06 18:55:42,246 INFO  [org.apa.kaf.com.met.Metrics] (Thread-615) Metrics scheduler closed
2025-08-06 18:55:42,246 INFO  [org.apa.kaf.com.met.Metrics] (Thread-615) Closing reporter org.apache.kafka.common.metrics.JmxReporter
2025-08-06 18:55:42,246 INFO  [org.apa.kaf.com.met.Metrics] (Thread-615) Closing reporter org.apache.kafka.common.telemetry.internals.ClientTelemetryReporter
2025-08-06 18:55:42,246 INFO  [org.apa.kaf.com.met.Metrics] (Thread-615) Metrics reporters closed
2025-08-06 18:55:42,246 INFO  [org.apa.kaf.com.uti.AppInfoParser] (Thread-615) App info kafka.producer for Producer-topic-4eb5a1e4_7ede_4dc5_bd4b_58a4eea8578b unregistered
**** Registry Base URL: http://registry-app-ksql047.apps.ci419.apicurio-testing.org:80
2025-08-06 18:55:42,276 INFO  [org.apa.kaf.cli.con.ConsumerConfig] (main) ConsumerConfig values: 
	allow.auto.create.topics = true
	auto.commit.interval.ms = 500
	auto.include.jmx.reporter = true
	auto.offset.reset = earliest
	bootstrap.servers = [PLAINTEXT://localhost:32769]
	check.crcs = true
	client.dns.lookup = use_all_dns_ips
	client.id = consumer-Consumer-topic-4eb5a1e4_7ede_4dc5_bd4b_58a4eea8578b-3
	client.rack = 
	connections.max.idle.ms = 10000
	default.api.timeout.ms = 60000
	enable.auto.commit = true
	enable.metrics.push = true
	exclude.internal.topics = true
	fetch.max.bytes = 52428800
	fetch.max.wait.ms = 500
	fetch.min.bytes = 1
	group.id = Consumer-topic-4eb5a1e4_7ede_4dc5_bd4b_58a4eea8578b
	group.instance.id = null
	group.protocol = classic
	group.remote.assignor = null
	heartbeat.interval.ms = 3000
	interceptor.classes = []
	internal.leave.group.on.close = true
	internal.throw.on.fetch.stable.offset.unsupported = false
	isolation.level = read_uncommitted
	key.deserializer = class org.apache.kafka.common.serialization.StringDeserializer
	max.partition.fetch.bytes = 1048576
	max.poll.interval.ms = 300000
	max.poll.records = 500
	metadata.max.age.ms = 300000
	metadata.recovery.strategy = none
	metric.reporters = []
	metrics.num.samples = 2
	metrics.recording.level = INFO
	metrics.sample.window.ms = 30000
	partition.assignment.strategy = [class org.apache.kafka.clients.consumer.RangeAssignor, class org.apache.kafka.clients.consumer.CooperativeStickyAssignor]
	receive.buffer.bytes = 65536
	reconnect.backoff.max.ms = 1000
	reconnect.backoff.ms = 50
	request.timeout.ms = 5000
	retry.backoff.max.ms = 1000
	retry.backoff.ms = 100
	sasl.client.callback.handler.class = null
	sasl.jaas.config = null
	sasl.kerberos.kinit.cmd = /usr/bin/kinit
	sasl.kerberos.min.time.before.relogin = 60000
	sasl.kerberos.service.name = null
	sasl.kerberos.ticket.renew.jitter = 0.05
	sasl.kerberos.ticket.renew.window.factor = 0.8
	sasl.login.callback.handler.class = null
	sasl.login.class = null
	sasl.login.connect.timeout.ms = null
	sasl.login.read.timeout.ms = null
	sasl.login.refresh.buffer.seconds = 300
	sasl.login.refresh.min.period.seconds = 60
	sasl.login.refresh.window.factor = 0.8
	sasl.login.refresh.window.jitter = 0.05
	sasl.login.retry.backoff.max.ms = 10000
	sasl.login.retry.backoff.ms = 100
	sasl.mechanism = GSSAPI
	sasl.oauthbearer.clock.skew.seconds = 30
	sasl.oauthbearer.expected.audience = null
	sasl.oauthbearer.expected.issuer = null
	sasl.oauthbearer.header.urlencode = false
	sasl.oauthbearer.jwks.endpoint.refresh.ms = 3600000
	sasl.oauthbearer.jwks.endpoint.retry.backoff.max.ms = 10000
	sasl.oauthbearer.jwks.endpoint.retry.backoff.ms = 100
	sasl.oauthbearer.jwks.endpoint.url = null
	sasl.oauthbearer.scope.claim.name = scope
	sasl.oauthbearer.sub.claim.name = sub
	sasl.oauthbearer.token.endpoint.url = null
	security.protocol = PLAINTEXT
	security.providers = null
	send.buffer.bytes = 131072
	session.timeout.ms = 45000
	socket.connection.setup.timeout.max.ms = 30000
	socket.connection.setup.timeout.ms = 10000
	ssl.cipher.suites = null
	ssl.enabled.protocols = [TLSv1.2, TLSv1.3]
	ssl.endpoint.identification.algorithm = https
	ssl.engine.factory.class = null
	ssl.key.password = null
	ssl.keymanager.algorithm = SunX509
	ssl.keystore.certificate.chain = null
	ssl.keystore.key = null
	ssl.keystore.location = null
	ssl.keystore.password = null
	ssl.keystore.type = JKS
	ssl.protocol = TLSv1.3
	ssl.provider = null
	ssl.secure.random.implementation = null
	ssl.trustmanager.algorithm = PKIX
	ssl.truststore.certificates = null
	ssl.truststore.location = null
	ssl.truststore.password = null
	ssl.truststore.type = JKS
	value.deserializer = class io.apicurio.registry.serde.avro.AvroKafkaDeserializer

2025-08-06 18:55:42,277 INFO  [org.apa.kaf.com.tel.int.KafkaMetricsCollector] (main) initializing Kafka metrics collector
2025-08-06 18:55:42,286 INFO  [org.apa.kaf.cli.con.ConsumerConfig] (main) These configurations '[apicurio.registry.avro.encoding, apicurio.registry.url]' were supplied but are not used yet.
2025-08-06 18:55:42,286 INFO  [org.apa.kaf.com.uti.AppInfoParser] (main) Kafka version: 3.9.1
2025-08-06 18:55:42,286 INFO  [org.apa.kaf.com.uti.AppInfoParser] (main) Kafka commitId: f745dfdcee2b9851
2025-08-06 18:55:42,286 INFO  [org.apa.kaf.com.uti.AppInfoParser] (main) Kafka startTimeMs: 1754506542286
2025-08-06 18:55:42,288 INFO  [org.apa.kaf.cli.con.int.ClassicKafkaConsumer] (Thread-618) [Consumer clientId=consumer-Consumer-topic-4eb5a1e4_7ede_4dc5_bd4b_58a4eea8578b-3, groupId=Consumer-topic-4eb5a1e4_7ede_4dc5_bd4b_58a4eea8578b] Subscribed to topic(s): topic-4eb5a1e4_7ede_4dc5_bd4b_58a4eea8578b
2025-08-06 18:55:42,299 INFO  [org.apa.kaf.cli.Metadata] (Thread-618) [Consumer clientId=consumer-Consumer-topic-4eb5a1e4_7ede_4dc5_bd4b_58a4eea8578b-3, groupId=Consumer-topic-4eb5a1e4_7ede_4dc5_bd4b_58a4eea8578b] Cluster ID: NyMRaTI5Q0SXQrlZpmr68g
2025-08-06 18:55:42,303 INFO  [org.apa.kaf.cli.con.int.ConsumerCoordinator] (Thread-618) [Consumer clientId=consumer-Consumer-topic-4eb5a1e4_7ede_4dc5_bd4b_58a4eea8578b-3, groupId=Consumer-topic-4eb5a1e4_7ede_4dc5_bd4b_58a4eea8578b] Discovered group coordinator localhost:32769 (id: 2147483647 rack: null)
2025-08-06 18:55:42,307 INFO  [org.apa.kaf.cli.con.int.ConsumerCoordinator] (Thread-618) [Consumer clientId=consumer-Consumer-topic-4eb5a1e4_7ede_4dc5_bd4b_58a4eea8578b-3, groupId=Consumer-topic-4eb5a1e4_7ede_4dc5_bd4b_58a4eea8578b] (Re-)joining group
2025-08-06 18:55:42,312 INFO  [org.apa.kaf.cli.con.int.ConsumerCoordinator] (Thread-618) [Consumer clientId=consumer-Consumer-topic-4eb5a1e4_7ede_4dc5_bd4b_58a4eea8578b-3, groupId=Consumer-topic-4eb5a1e4_7ede_4dc5_bd4b_58a4eea8578b] Request joining group due to: need to re-join with the given member-id: consumer-Consumer-topic-4eb5a1e4_7ede_4dc5_bd4b_58a4eea8578b-3-a40260a4-b82c-44b3-b2d3-5038748d623c
2025-08-06 18:55:42,312 INFO  [org.apa.kaf.cli.con.int.ConsumerCoordinator] (Thread-618) [Consumer clientId=consumer-Consumer-topic-4eb5a1e4_7ede_4dc5_bd4b_58a4eea8578b-3, groupId=Consumer-topic-4eb5a1e4_7ede_4dc5_bd4b_58a4eea8578b] (Re-)joining group
2025-08-06 18:55:43,289 INFO  [io.api.tes.ser.api.KafkaSerdesTester] (Thread-618) None found
2025-08-06 18:55:44,289 INFO  [io.api.tes.ser.api.KafkaSerdesTester] (Thread-618) None found
2025-08-06 18:55:45,290 INFO  [io.api.tes.ser.api.KafkaSerdesTester] (Thread-618) None found
2025-08-06 18:55:45,316 INFO  [org.apa.kaf.cli.con.int.ConsumerCoordinator] (Thread-618) [Consumer clientId=consumer-Consumer-topic-4eb5a1e4_7ede_4dc5_bd4b_58a4eea8578b-3, groupId=Consumer-topic-4eb5a1e4_7ede_4dc5_bd4b_58a4eea8578b] Successfully joined group with generation Generation{generationId=1, memberId='consumer-Consumer-topic-4eb5a1e4_7ede_4dc5_bd4b_58a4eea8578b-3-a40260a4-b82c-44b3-b2d3-5038748d623c', protocol='range'}
2025-08-06 18:55:45,316 INFO  [org.apa.kaf.cli.con.int.ConsumerCoordinator] (Thread-618) [Consumer clientId=consumer-Consumer-topic-4eb5a1e4_7ede_4dc5_bd4b_58a4eea8578b-3, groupId=Consumer-topic-4eb5a1e4_7ede_4dc5_bd4b_58a4eea8578b] Finished assignment for group at generation 1: {consumer-Consumer-topic-4eb5a1e4_7ede_4dc5_bd4b_58a4eea8578b-3-a40260a4-b82c-44b3-b2d3-5038748d623c=Assignment(partitions=[topic-4eb5a1e4_7ede_4dc5_bd4b_58a4eea8578b-0])}
2025-08-06 18:55:45,325 INFO  [org.apa.kaf.cli.con.int.ConsumerCoordinator] (Thread-618) [Consumer clientId=consumer-Consumer-topic-4eb5a1e4_7ede_4dc5_bd4b_58a4eea8578b-3, groupId=Consumer-topic-4eb5a1e4_7ede_4dc5_bd4b_58a4eea8578b] Successfully synced group in generation Generation{generationId=1, memberId='consumer-Consumer-topic-4eb5a1e4_7ede_4dc5_bd4b_58a4eea8578b-3-a40260a4-b82c-44b3-b2d3-5038748d623c', protocol='range'}
2025-08-06 18:55:45,325 INFO  [org.apa.kaf.cli.con.int.ConsumerCoordinator] (Thread-618) [Consumer clientId=consumer-Consumer-topic-4eb5a1e4_7ede_4dc5_bd4b_58a4eea8578b-3, groupId=Consumer-topic-4eb5a1e4_7ede_4dc5_bd4b_58a4eea8578b] Notifying assignor about the new Assignment(partitions=[topic-4eb5a1e4_7ede_4dc5_bd4b_58a4eea8578b-0])
2025-08-06 18:55:45,325 INFO  [org.apa.kaf.cli.con.int.ConsumerRebalanceListenerInvoker] (Thread-618) [Consumer clientId=consumer-Consumer-topic-4eb5a1e4_7ede_4dc5_bd4b_58a4eea8578b-3, groupId=Consumer-topic-4eb5a1e4_7ede_4dc5_bd4b_58a4eea8578b] Adding newly assigned partitions: topic-4eb5a1e4_7ede_4dc5_bd4b_58a4eea8578b-0
2025-08-06 18:55:45,327 INFO  [org.apa.kaf.cli.con.int.ConsumerCoordinator] (Thread-618) [Consumer clientId=consumer-Consumer-topic-4eb5a1e4_7ede_4dc5_bd4b_58a4eea8578b-3, groupId=Consumer-topic-4eb5a1e4_7ede_4dc5_bd4b_58a4eea8578b] Found no committed offset for partition topic-4eb5a1e4_7ede_4dc5_bd4b_58a4eea8578b-0
2025-08-06 18:55:45,332 INFO  [org.apa.kaf.cli.con.int.SubscriptionState] (Thread-618) [Consumer clientId=consumer-Consumer-topic-4eb5a1e4_7ede_4dc5_bd4b_58a4eea8578b-3, groupId=Consumer-topic-4eb5a1e4_7ede_4dc5_bd4b_58a4eea8578b] Resetting offset for partition topic-4eb5a1e4_7ede_4dc5_bd4b_58a4eea8578b-0 to position FetchPosition{offset=0, offsetEpoch=Optional.empty, currentLeader=LeaderAndEpoch{leader=Optional[localhost:32769 (id: 0 rack: null)], epoch=0}}.
2025-08-06 18:55:45,384 INFO  [io.api.tes.ser.api.KafkaSerdesTester] (Thread-618) topic-4eb5a1e4_7ede_4dc5_bd4b_58a4eea8578b 0 0 {"bar": "value-0"}
2025-08-06 18:55:45,385 INFO  [io.api.tes.ser.api.KafkaSerdesTester] (Thread-618) topic-4eb5a1e4_7ede_4dc5_bd4b_58a4eea8578b 0 1 {"bar": "value-1"}
2025-08-06 18:55:45,385 INFO  [io.api.tes.ser.api.KafkaSerdesTester] (Thread-618) topic-4eb5a1e4_7ede_4dc5_bd4b_58a4eea8578b 0 2 {"bar": "value-2"}
2025-08-06 18:55:45,385 INFO  [io.api.tes.ser.api.KafkaSerdesTester] (Thread-618) topic-4eb5a1e4_7ede_4dc5_bd4b_58a4eea8578b 0 3 {"bar": "value-3"}
2025-08-06 18:55:45,385 INFO  [io.api.tes.ser.api.KafkaSerdesTester] (Thread-618) topic-4eb5a1e4_7ede_4dc5_bd4b_58a4eea8578b 0 4 {"bar": "value-4"}
2025-08-06 18:55:45,385 INFO  [io.api.tes.ser.api.KafkaSerdesTester] (Thread-618) topic-4eb5a1e4_7ede_4dc5_bd4b_58a4eea8578b 0 5 {"bar": "value-5"}
2025-08-06 18:55:45,385 INFO  [io.api.tes.ser.api.KafkaSerdesTester] (Thread-618) topic-4eb5a1e4_7ede_4dc5_bd4b_58a4eea8578b 0 6 {"bar": "value-6"}
2025-08-06 18:55:45,385 INFO  [io.api.tes.ser.api.KafkaSerdesTester] (Thread-618) topic-4eb5a1e4_7ede_4dc5_bd4b_58a4eea8578b 0 7 {"bar": "value-7"}
2025-08-06 18:55:45,385 INFO  [io.api.tes.ser.api.KafkaSerdesTester] (Thread-618) topic-4eb5a1e4_7ede_4dc5_bd4b_58a4eea8578b 0 8 {"bar": "value-8"}
2025-08-06 18:55:45,385 INFO  [io.api.tes.ser.api.KafkaSerdesTester] (Thread-618) topic-4eb5a1e4_7ede_4dc5_bd4b_58a4eea8578b 0 9 {"bar": "value-9"}
2025-08-06 18:55:45,386 INFO  [io.api.tes.ser.api.KafkaSerdesTester] (Thread-618) Consumed 10 messages
2025-08-06 18:55:45,393 INFO  [org.apa.kaf.cli.con.int.ConsumerRebalanceListenerInvoker] (Thread-618) [Consumer clientId=consumer-Consumer-topic-4eb5a1e4_7ede_4dc5_bd4b_58a4eea8578b-3, groupId=Consumer-topic-4eb5a1e4_7ede_4dc5_bd4b_58a4eea8578b] Revoke previously assigned partitions topic-4eb5a1e4_7ede_4dc5_bd4b_58a4eea8578b-0
2025-08-06 18:55:45,393 INFO  [org.apa.kaf.cli.con.int.ConsumerCoordinator] (Thread-618) [Consumer clientId=consumer-Consumer-topic-4eb5a1e4_7ede_4dc5_bd4b_58a4eea8578b-3, groupId=Consumer-topic-4eb5a1e4_7ede_4dc5_bd4b_58a4eea8578b] Member consumer-Consumer-topic-4eb5a1e4_7ede_4dc5_bd4b_58a4eea8578b-3-a40260a4-b82c-44b3-b2d3-5038748d623c sending LeaveGroup request to coordinator localhost:32769 (id: 2147483647 rack: null) due to the consumer is being closed
2025-08-06 18:55:45,394 INFO  [org.apa.kaf.cli.con.int.ConsumerCoordinator] (Thread-618) [Consumer clientId=consumer-Consumer-topic-4eb5a1e4_7ede_4dc5_bd4b_58a4eea8578b-3, groupId=Consumer-topic-4eb5a1e4_7ede_4dc5_bd4b_58a4eea8578b] Resetting generation and member id due to: consumer pro-actively leaving the group
2025-08-06 18:55:45,394 INFO  [org.apa.kaf.cli.con.int.ConsumerCoordinator] (Thread-618) [Consumer clientId=consumer-Consumer-topic-4eb5a1e4_7ede_4dc5_bd4b_58a4eea8578b-3, groupId=Consumer-topic-4eb5a1e4_7ede_4dc5_bd4b_58a4eea8578b] Request joining group due to: consumer pro-actively leaving the group
2025-08-06 18:55:45,888 INFO  [org.apa.kaf.com.met.Metrics] (Thread-618) Metrics scheduler closed
2025-08-06 18:55:45,888 INFO  [org.apa.kaf.com.met.Metrics] (Thread-618) Closing reporter org.apache.kafka.common.metrics.JmxReporter
2025-08-06 18:55:45,888 INFO  [org.apa.kaf.com.met.Metrics] (Thread-618) Closing reporter org.apache.kafka.common.telemetry.internals.ClientTelemetryReporter
2025-08-06 18:55:45,888 INFO  [org.apa.kaf.com.met.Metrics] (Thread-618) Metrics reporters closed
2025-08-06 18:55:45,892 INFO  [org.apa.kaf.com.uti.AppInfoParser] (Thread-618) App info kafka.consumer for consumer-Consumer-topic-4eb5a1e4_7ede_4dc5_bd4b_58a4eea8578b-3 unregistered
2025-08-06 18:55:45,893 INFO  [io.api.tes.uti.TestSeparator] (main) io.apicurio.tests.serdes.apicurio.AvroSerdeIT.testAvroJSON-FINISHED
2025-08-06 18:55:45,893 INFO  [io.api.tes.uti.TestSeparator] (main) ############################################################################
Test passed: testAvroJSON
]]></system-out>
  </testcase>
  <testcase name="testTopicIdStrategyAutoRegister" classname="io.apicurio.tests.serdes.apicurio.AvroSerdeIT" time="3.872">
    <system-out><![CDATA[2025-08-06 18:55:45,894 INFO  [io.api.tes.uti.TestSeparator] (main) ############################################################################
2025-08-06 18:55:45,894 INFO  [io.api.tes.uti.TestSeparator] (main) io.apicurio.tests.serdes.apicurio.AvroSerdeIT.testTopicIdStrategyAutoRegister-STARTED
**** Registry Base URL: http://registry-app-ksql047.apps.ci419.apicurio-testing.org:80
2025-08-06 18:55:45,899 INFO  [org.apa.kaf.cli.pro.ProducerConfig] (main) ProducerConfig values: 
	acks = -1
	auto.include.jmx.reporter = true
	batch.size = 16384
	bootstrap.servers = [PLAINTEXT://localhost:32769]
	buffer.memory = 33554432
	client.dns.lookup = use_all_dns_ips
	client.id = Producer-topic-74da4184_2b36_48af_8811_e11673793b36
	compression.gzip.level = -1
	compression.lz4.level = 9
	compression.type = none
	compression.zstd.level = 3
	connections.max.idle.ms = 10000
	delivery.timeout.ms = 120000
	enable.idempotence = true
	enable.metrics.push = true
	interceptor.classes = []
	key.serializer = class org.apache.kafka.common.serialization.StringSerializer
	linger.ms = 0
	max.block.ms = 60000
	max.in.flight.requests.per.connection = 5
	max.request.size = 1048576
	metadata.max.age.ms = 300000
	metadata.max.idle.ms = 300000
	metadata.recovery.strategy = none
	metric.reporters = []
	metrics.num.samples = 2
	metrics.recording.level = INFO
	metrics.sample.window.ms = 30000
	partitioner.adaptive.partitioning.enable = true
	partitioner.availability.timeout.ms = 0
	partitioner.class = null
	partitioner.ignore.keys = false
	receive.buffer.bytes = 32768
	reconnect.backoff.max.ms = 1000
	reconnect.backoff.ms = 50
	request.timeout.ms = 5000
	retries = 2147483647
	retry.backoff.max.ms = 1000
	retry.backoff.ms = 100
	sasl.client.callback.handler.class = null
	sasl.jaas.config = null
	sasl.kerberos.kinit.cmd = /usr/bin/kinit
	sasl.kerberos.min.time.before.relogin = 60000
	sasl.kerberos.service.name = null
	sasl.kerberos.ticket.renew.jitter = 0.05
	sasl.kerberos.ticket.renew.window.factor = 0.8
	sasl.login.callback.handler.class = null
	sasl.login.class = null
	sasl.login.connect.timeout.ms = null
	sasl.login.read.timeout.ms = null
	sasl.login.refresh.buffer.seconds = 300
	sasl.login.refresh.min.period.seconds = 60
	sasl.login.refresh.window.factor = 0.8
	sasl.login.refresh.window.jitter = 0.05
	sasl.login.retry.backoff.max.ms = 10000
	sasl.login.retry.backoff.ms = 100
	sasl.mechanism = GSSAPI
	sasl.oauthbearer.clock.skew.seconds = 30
	sasl.oauthbearer.expected.audience = null
	sasl.oauthbearer.expected.issuer = null
	sasl.oauthbearer.header.urlencode = false
	sasl.oauthbearer.jwks.endpoint.refresh.ms = 3600000
	sasl.oauthbearer.jwks.endpoint.retry.backoff.max.ms = 10000
	sasl.oauthbearer.jwks.endpoint.retry.backoff.ms = 100
	sasl.oauthbearer.jwks.endpoint.url = null
	sasl.oauthbearer.scope.claim.name = scope
	sasl.oauthbearer.sub.claim.name = sub
	sasl.oauthbearer.token.endpoint.url = null
	security.protocol = PLAINTEXT
	security.providers = null
	send.buffer.bytes = 131072
	socket.connection.setup.timeout.max.ms = 30000
	socket.connection.setup.timeout.ms = 10000
	ssl.cipher.suites = null
	ssl.enabled.protocols = [TLSv1.2, TLSv1.3]
	ssl.endpoint.identification.algorithm = https
	ssl.engine.factory.class = null
	ssl.key.password = null
	ssl.keymanager.algorithm = SunX509
	ssl.keystore.certificate.chain = null
	ssl.keystore.key = null
	ssl.keystore.location = null
	ssl.keystore.password = null
	ssl.keystore.type = JKS
	ssl.protocol = TLSv1.3
	ssl.provider = null
	ssl.secure.random.implementation = null
	ssl.trustmanager.algorithm = PKIX
	ssl.truststore.certificates = null
	ssl.truststore.location = null
	ssl.truststore.password = null
	ssl.truststore.type = JKS
	transaction.timeout.ms = 60000
	transactional.id = null
	value.serializer = class io.apicurio.registry.serde.avro.AvroKafkaSerializer

2025-08-06 18:55:45,900 INFO  [org.apa.kaf.com.tel.int.KafkaMetricsCollector] (main) initializing Kafka metrics collector
2025-08-06 18:55:45,903 INFO  [org.apa.kaf.cli.pro.KafkaProducer] (main) [Producer clientId=Producer-topic-74da4184_2b36_48af_8811_e11673793b36] Instantiated an idempotent producer.
2025-08-06 18:55:45,909 INFO  [org.apa.kaf.cli.pro.ProducerConfig] (main) These configurations '[apicurio.registry.url, apicurio.registry.auto-register, apicurio.registry.artifact-resolver-strategy]' were supplied but are not used yet.
2025-08-06 18:55:45,909 INFO  [org.apa.kaf.com.uti.AppInfoParser] (main) Kafka version: 3.9.1
2025-08-06 18:55:45,909 INFO  [org.apa.kaf.com.uti.AppInfoParser] (main) Kafka commitId: f745dfdcee2b9851
2025-08-06 18:55:45,909 INFO  [org.apa.kaf.com.uti.AppInfoParser] (main) Kafka startTimeMs: 1754506545909
2025-08-06 18:55:45,910 INFO  [io.api.tes.ser.api.SimpleSerdesTesterBuilder$SimpleSerdesTester] (main) Using producer configuration: {apicurio.registry.url=http://registry-app-ksql047.apps.ci419.apicurio-testing.org:80/apis/registry/v3, apicurio.registry.auto-register=true, apicurio.registry.artifact-resolver-strategy=io.apicurio.registry.serde.strategy.TopicIdStrategy, value.serializer=io.apicurio.registry.serde.avro.AvroKafkaSerializer, request.timeout.ms=5000, acks=all, bootstrap.servers=PLAINTEXT://localhost:32769, connections.max.idle.ms=10000, key.serializer=org.apache.kafka.common.serialization.StringSerializer, client.id=Producer-topic-74da4184_2b36_48af_8811_e11673793b36}
2025-08-06 18:55:45,910 INFO  [io.api.tes.ser.api.SimpleSerdesTesterBuilder$SimpleSerdesTester] (main) Using consumer configuration: {}
2025-08-06 18:55:45,911 INFO  [io.api.tes.ser.api.KafkaSerdesTester] (Thread-621) Sending message {"key11754506545896": "value-0"} to topic topic-74da4184_2b36_48af_8811_e11673793b36
2025-08-06 18:55:45,916 WARN  [org.apa.kaf.cli.NetworkClient] (kafka-producer-network-thread | Producer-topic-74da4184_2b36_48af_8811_e11673793b36) [Producer clientId=Producer-topic-74da4184_2b36_48af_8811_e11673793b36] The metadata response from the cluster reported a recoverable issue with correlation id 1 : {topic-74da4184_2b36_48af_8811_e11673793b36=UNKNOWN_TOPIC_OR_PARTITION}
2025-08-06 18:55:45,916 INFO  [org.apa.kaf.cli.Metadata] (kafka-producer-network-thread | Producer-topic-74da4184_2b36_48af_8811_e11673793b36) [Producer clientId=Producer-topic-74da4184_2b36_48af_8811_e11673793b36] Cluster ID: NyMRaTI5Q0SXQrlZpmr68g
2025-08-06 18:55:45,917 INFO  [org.apa.kaf.cli.pro.int.TransactionManager] (kafka-producer-network-thread | Producer-topic-74da4184_2b36_48af_8811_e11673793b36) [Producer clientId=Producer-topic-74da4184_2b36_48af_8811_e11673793b36] ProducerId set to 4 with epoch 0
2025-08-06 18:55:46,100 INFO  [io.api.tes.ser.api.KafkaSerdesTester] (Thread-621) Sending message {"key11754506545896": "value-1"} to topic topic-74da4184_2b36_48af_8811_e11673793b36
2025-08-06 18:55:46,103 INFO  [io.api.tes.ser.api.KafkaSerdesTester] (Thread-621) Sending message {"key11754506545896": "value-2"} to topic topic-74da4184_2b36_48af_8811_e11673793b36
2025-08-06 18:55:46,105 INFO  [io.api.tes.ser.api.KafkaSerdesTester] (Thread-621) Sending message {"key11754506545896": "value-3"} to topic topic-74da4184_2b36_48af_8811_e11673793b36
2025-08-06 18:55:46,106 INFO  [io.api.tes.ser.api.KafkaSerdesTester] (Thread-621) Sending message {"key11754506545896": "value-4"} to topic topic-74da4184_2b36_48af_8811_e11673793b36
2025-08-06 18:55:46,108 INFO  [io.api.tes.ser.api.KafkaSerdesTester] (Thread-621) Sending message {"key11754506545896": "value-5"} to topic topic-74da4184_2b36_48af_8811_e11673793b36
2025-08-06 18:55:46,112 INFO  [io.api.tes.ser.api.KafkaSerdesTester] (Thread-621) Sending message {"key11754506545896": "value-6"} to topic topic-74da4184_2b36_48af_8811_e11673793b36
2025-08-06 18:55:46,114 INFO  [io.api.tes.ser.api.KafkaSerdesTester] (Thread-621) Sending message {"key11754506545896": "value-7"} to topic topic-74da4184_2b36_48af_8811_e11673793b36
2025-08-06 18:55:46,116 INFO  [io.api.tes.ser.api.KafkaSerdesTester] (Thread-621) Sending message {"key11754506545896": "value-8"} to topic topic-74da4184_2b36_48af_8811_e11673793b36
2025-08-06 18:55:46,117 INFO  [io.api.tes.ser.api.KafkaSerdesTester] (Thread-621) Sending message {"key11754506545896": "value-9"} to topic topic-74da4184_2b36_48af_8811_e11673793b36
2025-08-06 18:55:46,119 INFO  [io.api.tes.ser.api.KafkaSerdesTester] (Thread-621) Produced 10 messages
2025-08-06 18:55:46,120 INFO  [org.apa.kaf.cli.pro.KafkaProducer] (Thread-621) [Producer clientId=Producer-topic-74da4184_2b36_48af_8811_e11673793b36] Closing the Kafka producer with timeoutMillis = 9223372036854775807 ms.
2025-08-06 18:55:46,122 INFO  [org.apa.kaf.com.met.Metrics] (Thread-621) Metrics scheduler closed
2025-08-06 18:55:46,122 INFO  [org.apa.kaf.com.met.Metrics] (Thread-621) Closing reporter org.apache.kafka.common.metrics.JmxReporter
2025-08-06 18:55:46,122 INFO  [org.apa.kaf.com.met.Metrics] (Thread-621) Closing reporter org.apache.kafka.common.telemetry.internals.ClientTelemetryReporter
2025-08-06 18:55:46,122 INFO  [org.apa.kaf.com.met.Metrics] (Thread-621) Metrics reporters closed
2025-08-06 18:55:46,123 INFO  [org.apa.kaf.com.uti.AppInfoParser] (Thread-621) App info kafka.producer for Producer-topic-74da4184_2b36_48af_8811_e11673793b36 unregistered
**** Registry Base URL: http://registry-app-ksql047.apps.ci419.apicurio-testing.org:80
2025-08-06 18:55:46,152 INFO  [org.apa.kaf.cli.con.ConsumerConfig] (main) ConsumerConfig values: 
	allow.auto.create.topics = true
	auto.commit.interval.ms = 500
	auto.include.jmx.reporter = true
	auto.offset.reset = earliest
	bootstrap.servers = [PLAINTEXT://localhost:32769]
	check.crcs = true
	client.dns.lookup = use_all_dns_ips
	client.id = consumer-Consumer-topic-74da4184_2b36_48af_8811_e11673793b36-4
	client.rack = 
	connections.max.idle.ms = 10000
	default.api.timeout.ms = 60000
	enable.auto.commit = true
	enable.metrics.push = true
	exclude.internal.topics = true
	fetch.max.bytes = 52428800
	fetch.max.wait.ms = 500
	fetch.min.bytes = 1
	group.id = Consumer-topic-74da4184_2b36_48af_8811_e11673793b36
	group.instance.id = null
	group.protocol = classic
	group.remote.assignor = null
	heartbeat.interval.ms = 3000
	interceptor.classes = []
	internal.leave.group.on.close = true
	internal.throw.on.fetch.stable.offset.unsupported = false
	isolation.level = read_uncommitted
	key.deserializer = class org.apache.kafka.common.serialization.StringDeserializer
	max.partition.fetch.bytes = 1048576
	max.poll.interval.ms = 300000
	max.poll.records = 500
	metadata.max.age.ms = 300000
	metadata.recovery.strategy = none
	metric.reporters = []
	metrics.num.samples = 2
	metrics.recording.level = INFO
	metrics.sample.window.ms = 30000
	partition.assignment.strategy = [class org.apache.kafka.clients.consumer.RangeAssignor, class org.apache.kafka.clients.consumer.CooperativeStickyAssignor]
	receive.buffer.bytes = 65536
	reconnect.backoff.max.ms = 1000
	reconnect.backoff.ms = 50
	request.timeout.ms = 5000
	retry.backoff.max.ms = 1000
	retry.backoff.ms = 100
	sasl.client.callback.handler.class = null
	sasl.jaas.config = null
	sasl.kerberos.kinit.cmd = /usr/bin/kinit
	sasl.kerberos.min.time.before.relogin = 60000
	sasl.kerberos.service.name = null
	sasl.kerberos.ticket.renew.jitter = 0.05
	sasl.kerberos.ticket.renew.window.factor = 0.8
	sasl.login.callback.handler.class = null
	sasl.login.class = null
	sasl.login.connect.timeout.ms = null
	sasl.login.read.timeout.ms = null
	sasl.login.refresh.buffer.seconds = 300
	sasl.login.refresh.min.period.seconds = 60
	sasl.login.refresh.window.factor = 0.8
	sasl.login.refresh.window.jitter = 0.05
	sasl.login.retry.backoff.max.ms = 10000
	sasl.login.retry.backoff.ms = 100
	sasl.mechanism = GSSAPI
	sasl.oauthbearer.clock.skew.seconds = 30
	sasl.oauthbearer.expected.audience = null
	sasl.oauthbearer.expected.issuer = null
	sasl.oauthbearer.header.urlencode = false
	sasl.oauthbearer.jwks.endpoint.refresh.ms = 3600000
	sasl.oauthbearer.jwks.endpoint.retry.backoff.max.ms = 10000
	sasl.oauthbearer.jwks.endpoint.retry.backoff.ms = 100
	sasl.oauthbearer.jwks.endpoint.url = null
	sasl.oauthbearer.scope.claim.name = scope
	sasl.oauthbearer.sub.claim.name = sub
	sasl.oauthbearer.token.endpoint.url = null
	security.protocol = PLAINTEXT
	security.providers = null
	send.buffer.bytes = 131072
	session.timeout.ms = 45000
	socket.connection.setup.timeout.max.ms = 30000
	socket.connection.setup.timeout.ms = 10000
	ssl.cipher.suites = null
	ssl.enabled.protocols = [TLSv1.2, TLSv1.3]
	ssl.endpoint.identification.algorithm = https
	ssl.engine.factory.class = null
	ssl.key.password = null
	ssl.keymanager.algorithm = SunX509
	ssl.keystore.certificate.chain = null
	ssl.keystore.key = null
	ssl.keystore.location = null
	ssl.keystore.password = null
	ssl.keystore.type = JKS
	ssl.protocol = TLSv1.3
	ssl.provider = null
	ssl.secure.random.implementation = null
	ssl.trustmanager.algorithm = PKIX
	ssl.truststore.certificates = null
	ssl.truststore.location = null
	ssl.truststore.password = null
	ssl.truststore.type = JKS
	value.deserializer = class io.apicurio.registry.serde.avro.AvroKafkaDeserializer

2025-08-06 18:55:46,153 INFO  [org.apa.kaf.com.tel.int.KafkaMetricsCollector] (main) initializing Kafka metrics collector
2025-08-06 18:55:46,162 INFO  [org.apa.kaf.cli.con.ConsumerConfig] (main) These configurations '[apicurio.registry.url]' were supplied but are not used yet.
2025-08-06 18:55:46,162 INFO  [org.apa.kaf.com.uti.AppInfoParser] (main) Kafka version: 3.9.1
2025-08-06 18:55:46,162 INFO  [org.apa.kaf.com.uti.AppInfoParser] (main) Kafka commitId: f745dfdcee2b9851
2025-08-06 18:55:46,162 INFO  [org.apa.kaf.com.uti.AppInfoParser] (main) Kafka startTimeMs: 1754506546162
2025-08-06 18:55:46,164 INFO  [org.apa.kaf.cli.con.int.ClassicKafkaConsumer] (Thread-624) [Consumer clientId=consumer-Consumer-topic-74da4184_2b36_48af_8811_e11673793b36-4, groupId=Consumer-topic-74da4184_2b36_48af_8811_e11673793b36] Subscribed to topic(s): topic-74da4184_2b36_48af_8811_e11673793b36
2025-08-06 18:55:46,171 INFO  [org.apa.kaf.cli.Metadata] (Thread-624) [Consumer clientId=consumer-Consumer-topic-74da4184_2b36_48af_8811_e11673793b36-4, groupId=Consumer-topic-74da4184_2b36_48af_8811_e11673793b36] Cluster ID: NyMRaTI5Q0SXQrlZpmr68g
2025-08-06 18:55:46,173 INFO  [org.apa.kaf.cli.con.int.ConsumerCoordinator] (Thread-624) [Consumer clientId=consumer-Consumer-topic-74da4184_2b36_48af_8811_e11673793b36-4, groupId=Consumer-topic-74da4184_2b36_48af_8811_e11673793b36] Discovered group coordinator localhost:32769 (id: 2147483647 rack: null)
2025-08-06 18:55:46,174 INFO  [org.apa.kaf.cli.con.int.ConsumerCoordinator] (Thread-624) [Consumer clientId=consumer-Consumer-topic-74da4184_2b36_48af_8811_e11673793b36-4, groupId=Consumer-topic-74da4184_2b36_48af_8811_e11673793b36] (Re-)joining group
2025-08-06 18:55:46,180 INFO  [org.apa.kaf.cli.con.int.ConsumerCoordinator] (Thread-624) [Consumer clientId=consumer-Consumer-topic-74da4184_2b36_48af_8811_e11673793b36-4, groupId=Consumer-topic-74da4184_2b36_48af_8811_e11673793b36] Request joining group due to: need to re-join with the given member-id: consumer-Consumer-topic-74da4184_2b36_48af_8811_e11673793b36-4-364d6798-266b-4e05-be64-aa1b26589dce
2025-08-06 18:55:46,181 INFO  [org.apa.kaf.cli.con.int.ConsumerCoordinator] (Thread-624) [Consumer clientId=consumer-Consumer-topic-74da4184_2b36_48af_8811_e11673793b36-4, groupId=Consumer-topic-74da4184_2b36_48af_8811_e11673793b36] (Re-)joining group
2025-08-06 18:55:47,164 INFO  [io.api.tes.ser.api.KafkaSerdesTester] (Thread-624) None found
2025-08-06 18:55:48,164 INFO  [io.api.tes.ser.api.KafkaSerdesTester] (Thread-624) None found
2025-08-06 18:55:49,165 INFO  [io.api.tes.ser.api.KafkaSerdesTester] (Thread-624) None found
2025-08-06 18:55:49,183 INFO  [org.apa.kaf.cli.con.int.ConsumerCoordinator] (Thread-624) [Consumer clientId=consumer-Consumer-topic-74da4184_2b36_48af_8811_e11673793b36-4, groupId=Consumer-topic-74da4184_2b36_48af_8811_e11673793b36] Successfully joined group with generation Generation{generationId=1, memberId='consumer-Consumer-topic-74da4184_2b36_48af_8811_e11673793b36-4-364d6798-266b-4e05-be64-aa1b26589dce', protocol='range'}
2025-08-06 18:55:49,183 INFO  [org.apa.kaf.cli.con.int.ConsumerCoordinator] (Thread-624) [Consumer clientId=consumer-Consumer-topic-74da4184_2b36_48af_8811_e11673793b36-4, groupId=Consumer-topic-74da4184_2b36_48af_8811_e11673793b36] Finished assignment for group at generation 1: {consumer-Consumer-topic-74da4184_2b36_48af_8811_e11673793b36-4-364d6798-266b-4e05-be64-aa1b26589dce=Assignment(partitions=[topic-74da4184_2b36_48af_8811_e11673793b36-0])}
2025-08-06 18:55:49,190 INFO  [org.apa.kaf.cli.con.int.ConsumerCoordinator] (Thread-624) [Consumer clientId=consumer-Consumer-topic-74da4184_2b36_48af_8811_e11673793b36-4, groupId=Consumer-topic-74da4184_2b36_48af_8811_e11673793b36] Successfully synced group in generation Generation{generationId=1, memberId='consumer-Consumer-topic-74da4184_2b36_48af_8811_e11673793b36-4-364d6798-266b-4e05-be64-aa1b26589dce', protocol='range'}
2025-08-06 18:55:49,191 INFO  [org.apa.kaf.cli.con.int.ConsumerCoordinator] (Thread-624) [Consumer clientId=consumer-Consumer-topic-74da4184_2b36_48af_8811_e11673793b36-4, groupId=Consumer-topic-74da4184_2b36_48af_8811_e11673793b36] Notifying assignor about the new Assignment(partitions=[topic-74da4184_2b36_48af_8811_e11673793b36-0])
2025-08-06 18:55:49,191 INFO  [org.apa.kaf.cli.con.int.ConsumerRebalanceListenerInvoker] (Thread-624) [Consumer clientId=consumer-Consumer-topic-74da4184_2b36_48af_8811_e11673793b36-4, groupId=Consumer-topic-74da4184_2b36_48af_8811_e11673793b36] Adding newly assigned partitions: topic-74da4184_2b36_48af_8811_e11673793b36-0
2025-08-06 18:55:49,192 INFO  [org.apa.kaf.cli.con.int.ConsumerCoordinator] (Thread-624) [Consumer clientId=consumer-Consumer-topic-74da4184_2b36_48af_8811_e11673793b36-4, groupId=Consumer-topic-74da4184_2b36_48af_8811_e11673793b36] Found no committed offset for partition topic-74da4184_2b36_48af_8811_e11673793b36-0
2025-08-06 18:55:49,196 INFO  [org.apa.kaf.cli.con.int.SubscriptionState] (Thread-624) [Consumer clientId=consumer-Consumer-topic-74da4184_2b36_48af_8811_e11673793b36-4, groupId=Consumer-topic-74da4184_2b36_48af_8811_e11673793b36] Resetting offset for partition topic-74da4184_2b36_48af_8811_e11673793b36-0 to position FetchPosition{offset=0, offsetEpoch=Optional.empty, currentLeader=LeaderAndEpoch{leader=Optional[localhost:32769 (id: 0 rack: null)], epoch=0}}.
2025-08-06 18:55:49,234 INFO  [io.api.tes.ser.api.KafkaSerdesTester] (Thread-624) topic-74da4184_2b36_48af_8811_e11673793b36 0 0 {"key11754506545896": "value-0"}
2025-08-06 18:55:49,234 INFO  [io.api.tes.ser.api.KafkaSerdesTester] (Thread-624) topic-74da4184_2b36_48af_8811_e11673793b36 0 1 {"key11754506545896": "value-1"}
2025-08-06 18:55:49,234 INFO  [io.api.tes.ser.api.KafkaSerdesTester] (Thread-624) topic-74da4184_2b36_48af_8811_e11673793b36 0 2 {"key11754506545896": "value-2"}
2025-08-06 18:55:49,234 INFO  [io.api.tes.ser.api.KafkaSerdesTester] (Thread-624) topic-74da4184_2b36_48af_8811_e11673793b36 0 3 {"key11754506545896": "value-3"}
2025-08-06 18:55:49,234 INFO  [io.api.tes.ser.api.KafkaSerdesTester] (Thread-624) topic-74da4184_2b36_48af_8811_e11673793b36 0 4 {"key11754506545896": "value-4"}
2025-08-06 18:55:49,234 INFO  [io.api.tes.ser.api.KafkaSerdesTester] (Thread-624) topic-74da4184_2b36_48af_8811_e11673793b36 0 5 {"key11754506545896": "value-5"}
2025-08-06 18:55:49,234 INFO  [io.api.tes.ser.api.KafkaSerdesTester] (Thread-624) topic-74da4184_2b36_48af_8811_e11673793b36 0 6 {"key11754506545896": "value-6"}
2025-08-06 18:55:49,234 INFO  [io.api.tes.ser.api.KafkaSerdesTester] (Thread-624) topic-74da4184_2b36_48af_8811_e11673793b36 0 7 {"key11754506545896": "value-7"}
2025-08-06 18:55:49,235 INFO  [io.api.tes.ser.api.KafkaSerdesTester] (Thread-624) topic-74da4184_2b36_48af_8811_e11673793b36 0 8 {"key11754506545896": "value-8"}
2025-08-06 18:55:49,235 INFO  [io.api.tes.ser.api.KafkaSerdesTester] (Thread-624) topic-74da4184_2b36_48af_8811_e11673793b36 0 9 {"key11754506545896": "value-9"}
2025-08-06 18:55:49,235 INFO  [io.api.tes.ser.api.KafkaSerdesTester] (Thread-624) Consumed 10 messages
2025-08-06 18:55:49,242 INFO  [org.apa.kaf.cli.con.int.ConsumerRebalanceListenerInvoker] (Thread-624) [Consumer clientId=consumer-Consumer-topic-74da4184_2b36_48af_8811_e11673793b36-4, groupId=Consumer-topic-74da4184_2b36_48af_8811_e11673793b36] Revoke previously assigned partitions topic-74da4184_2b36_48af_8811_e11673793b36-0
2025-08-06 18:55:49,243 INFO  [org.apa.kaf.cli.con.int.ConsumerCoordinator] (Thread-624) [Consumer clientId=consumer-Consumer-topic-74da4184_2b36_48af_8811_e11673793b36-4, groupId=Consumer-topic-74da4184_2b36_48af_8811_e11673793b36] Member consumer-Consumer-topic-74da4184_2b36_48af_8811_e11673793b36-4-364d6798-266b-4e05-be64-aa1b26589dce sending LeaveGroup request to coordinator localhost:32769 (id: 2147483647 rack: null) due to the consumer is being closed
2025-08-06 18:55:49,243 INFO  [org.apa.kaf.cli.con.int.ConsumerCoordinator] (Thread-624) [Consumer clientId=consumer-Consumer-topic-74da4184_2b36_48af_8811_e11673793b36-4, groupId=Consumer-topic-74da4184_2b36_48af_8811_e11673793b36] Resetting generation and member id due to: consumer pro-actively leaving the group
2025-08-06 18:55:49,243 INFO  [org.apa.kaf.cli.con.int.ConsumerCoordinator] (Thread-624) [Consumer clientId=consumer-Consumer-topic-74da4184_2b36_48af_8811_e11673793b36-4, groupId=Consumer-topic-74da4184_2b36_48af_8811_e11673793b36] Request joining group due to: consumer pro-actively leaving the group
2025-08-06 18:55:49,738 INFO  [org.apa.kaf.com.met.Metrics] (Thread-624) Metrics scheduler closed
2025-08-06 18:55:49,738 INFO  [org.apa.kaf.com.met.Metrics] (Thread-624) Closing reporter org.apache.kafka.common.metrics.JmxReporter
2025-08-06 18:55:49,738 INFO  [org.apa.kaf.com.met.Metrics] (Thread-624) Closing reporter org.apache.kafka.common.telemetry.internals.ClientTelemetryReporter
2025-08-06 18:55:49,738 INFO  [org.apa.kaf.com.met.Metrics] (Thread-624) Metrics reporters closed
2025-08-06 18:55:49,742 INFO  [org.apa.kaf.com.uti.AppInfoParser] (Thread-624) App info kafka.consumer for consumer-Consumer-topic-74da4184_2b36_48af_8811_e11673793b36-4 unregistered
2025-08-06 18:55:49,766 INFO  [io.api.tes.uti.TestSeparator] (main) io.apicurio.tests.serdes.apicurio.AvroSerdeIT.testTopicIdStrategyAutoRegister-FINISHED
2025-08-06 18:55:49,766 INFO  [io.api.tes.uti.TestSeparator] (main) ############################################################################
Test passed: testTopicIdStrategyAutoRegister
]]></system-out>
  </testcase>
  <testcase name="testRecordIdStrategydFindLatest" classname="io.apicurio.tests.serdes.apicurio.AvroSerdeIT" time="4.782">
    <system-out><![CDATA[2025-08-06 18:55:49,767 INFO  [io.api.tes.uti.TestSeparator] (main) ############################################################################
2025-08-06 18:55:49,767 INFO  [io.api.tes.uti.TestSeparator] (main) io.apicurio.tests.serdes.apicurio.AvroSerdeIT.testRecordIdStrategydFindLatest-STARTED
2025-08-06 18:55:49,769 INFO  [io.api.tes.ser.api.AvroSerdeIT] (main) Registering Avro Schema: {"type":"record","name":"s0496bcf6xc20cx40edx952fxdcf2b942661d","namespace":"s2ef0090bx4500x4a00xa59ax123cc5eeb5d5","fields":[{"name":"key11754506549769","type":"string"}]}
**** Registry Base URL: http://registry-app-ksql047.apps.ci419.apicurio-testing.org:80
2025-08-06 18:55:50,839 INFO  [org.apa.kaf.cli.pro.ProducerConfig] (main) ProducerConfig values: 
	acks = -1
	auto.include.jmx.reporter = true
	batch.size = 16384
	bootstrap.servers = [PLAINTEXT://localhost:32769]
	buffer.memory = 33554432
	client.dns.lookup = use_all_dns_ips
	client.id = Producer-topic-ec9ed11e_f461_4edb_adb7_c8cc8f4994f7
	compression.gzip.level = -1
	compression.lz4.level = 9
	compression.type = none
	compression.zstd.level = 3
	connections.max.idle.ms = 10000
	delivery.timeout.ms = 120000
	enable.idempotence = true
	enable.metrics.push = true
	interceptor.classes = []
	key.serializer = class org.apache.kafka.common.serialization.StringSerializer
	linger.ms = 0
	max.block.ms = 60000
	max.in.flight.requests.per.connection = 5
	max.request.size = 1048576
	metadata.max.age.ms = 300000
	metadata.max.idle.ms = 300000
	metadata.recovery.strategy = none
	metric.reporters = []
	metrics.num.samples = 2
	metrics.recording.level = INFO
	metrics.sample.window.ms = 30000
	partitioner.adaptive.partitioning.enable = true
	partitioner.availability.timeout.ms = 0
	partitioner.class = null
	partitioner.ignore.keys = false
	receive.buffer.bytes = 32768
	reconnect.backoff.max.ms = 1000
	reconnect.backoff.ms = 50
	request.timeout.ms = 5000
	retries = 2147483647
	retry.backoff.max.ms = 1000
	retry.backoff.ms = 100
	sasl.client.callback.handler.class = null
	sasl.jaas.config = null
	sasl.kerberos.kinit.cmd = /usr/bin/kinit
	sasl.kerberos.min.time.before.relogin = 60000
	sasl.kerberos.service.name = null
	sasl.kerberos.ticket.renew.jitter = 0.05
	sasl.kerberos.ticket.renew.window.factor = 0.8
	sasl.login.callback.handler.class = null
	sasl.login.class = null
	sasl.login.connect.timeout.ms = null
	sasl.login.read.timeout.ms = null
	sasl.login.refresh.buffer.seconds = 300
	sasl.login.refresh.min.period.seconds = 60
	sasl.login.refresh.window.factor = 0.8
	sasl.login.refresh.window.jitter = 0.05
	sasl.login.retry.backoff.max.ms = 10000
	sasl.login.retry.backoff.ms = 100
	sasl.mechanism = GSSAPI
	sasl.oauthbearer.clock.skew.seconds = 30
	sasl.oauthbearer.expected.audience = null
	sasl.oauthbearer.expected.issuer = null
	sasl.oauthbearer.header.urlencode = false
	sasl.oauthbearer.jwks.endpoint.refresh.ms = 3600000
	sasl.oauthbearer.jwks.endpoint.retry.backoff.max.ms = 10000
	sasl.oauthbearer.jwks.endpoint.retry.backoff.ms = 100
	sasl.oauthbearer.jwks.endpoint.url = null
	sasl.oauthbearer.scope.claim.name = scope
	sasl.oauthbearer.sub.claim.name = sub
	sasl.oauthbearer.token.endpoint.url = null
	security.protocol = PLAINTEXT
	security.providers = null
	send.buffer.bytes = 131072
	socket.connection.setup.timeout.max.ms = 30000
	socket.connection.setup.timeout.ms = 10000
	ssl.cipher.suites = null
	ssl.enabled.protocols = [TLSv1.2, TLSv1.3]
	ssl.endpoint.identification.algorithm = https
	ssl.engine.factory.class = null
	ssl.key.password = null
	ssl.keymanager.algorithm = SunX509
	ssl.keystore.certificate.chain = null
	ssl.keystore.key = null
	ssl.keystore.location = null
	ssl.keystore.password = null
	ssl.keystore.type = JKS
	ssl.protocol = TLSv1.3
	ssl.provider = null
	ssl.secure.random.implementation = null
	ssl.trustmanager.algorithm = PKIX
	ssl.truststore.certificates = null
	ssl.truststore.location = null
	ssl.truststore.password = null
	ssl.truststore.type = JKS
	transaction.timeout.ms = 60000
	transactional.id = null
	value.serializer = class io.apicurio.registry.serde.avro.AvroKafkaSerializer

2025-08-06 18:55:50,839 INFO  [org.apa.kaf.com.tel.int.KafkaMetricsCollector] (main) initializing Kafka metrics collector
2025-08-06 18:55:50,843 INFO  [org.apa.kaf.cli.pro.KafkaProducer] (main) [Producer clientId=Producer-topic-ec9ed11e_f461_4edb_adb7_c8cc8f4994f7] Instantiated an idempotent producer.
2025-08-06 18:55:50,845 INFO  [org.apa.kaf.cli.pro.ProducerConfig] (main) These configurations '[apicurio.registry.find-latest, apicurio.registry.url, apicurio.registry.artifact-resolver-strategy]' were supplied but are not used yet.
2025-08-06 18:55:50,846 INFO  [org.apa.kaf.com.uti.AppInfoParser] (main) Kafka version: 3.9.1
2025-08-06 18:55:50,846 INFO  [org.apa.kaf.com.uti.AppInfoParser] (main) Kafka commitId: f745dfdcee2b9851
2025-08-06 18:55:50,846 INFO  [org.apa.kaf.com.uti.AppInfoParser] (main) Kafka startTimeMs: 1754506550846
2025-08-06 18:55:50,846 INFO  [io.api.tes.ser.api.SimpleSerdesTesterBuilder$SimpleSerdesTester] (main) Using producer configuration: {apicurio.registry.find-latest=true, apicurio.registry.url=http://registry-app-ksql047.apps.ci419.apicurio-testing.org:80/apis/registry/v3, apicurio.registry.artifact-resolver-strategy=io.apicurio.registry.serde.avro.strategy.RecordIdStrategy, value.serializer=io.apicurio.registry.serde.avro.AvroKafkaSerializer, request.timeout.ms=5000, acks=all, bootstrap.servers=PLAINTEXT://localhost:32769, connections.max.idle.ms=10000, key.serializer=org.apache.kafka.common.serialization.StringSerializer, client.id=Producer-topic-ec9ed11e_f461_4edb_adb7_c8cc8f4994f7}
2025-08-06 18:55:50,846 INFO  [io.api.tes.ser.api.SimpleSerdesTesterBuilder$SimpleSerdesTester] (main) Using consumer configuration: {}
2025-08-06 18:55:50,849 INFO  [io.api.tes.ser.api.KafkaSerdesTester] (Thread-627) Sending message {"key11754506549769": "value-0"} to topic topic-ec9ed11e_f461_4edb_adb7_c8cc8f4994f7
2025-08-06 18:55:50,853 INFO  [org.apa.kaf.cli.Metadata] (kafka-producer-network-thread | Producer-topic-ec9ed11e_f461_4edb_adb7_c8cc8f4994f7) [Producer clientId=Producer-topic-ec9ed11e_f461_4edb_adb7_c8cc8f4994f7] Cluster ID: NyMRaTI5Q0SXQrlZpmr68g
2025-08-06 18:55:50,855 INFO  [org.apa.kaf.cli.pro.int.TransactionManager] (kafka-producer-network-thread | Producer-topic-ec9ed11e_f461_4edb_adb7_c8cc8f4994f7) [Producer clientId=Producer-topic-ec9ed11e_f461_4edb_adb7_c8cc8f4994f7] ProducerId set to 5 with epoch 0
2025-08-06 18:55:50,908 INFO  [io.api.tes.ser.api.KafkaSerdesTester] (Thread-627) Sending message {"key11754506549769": "value-1"} to topic topic-ec9ed11e_f461_4edb_adb7_c8cc8f4994f7
2025-08-06 18:55:50,910 INFO  [io.api.tes.ser.api.KafkaSerdesTester] (Thread-627) Sending message {"key11754506549769": "value-2"} to topic topic-ec9ed11e_f461_4edb_adb7_c8cc8f4994f7
2025-08-06 18:55:50,912 INFO  [io.api.tes.ser.api.KafkaSerdesTester] (Thread-627) Sending message {"key11754506549769": "value-3"} to topic topic-ec9ed11e_f461_4edb_adb7_c8cc8f4994f7
2025-08-06 18:55:50,914 INFO  [io.api.tes.ser.api.KafkaSerdesTester] (Thread-627) Sending message {"key11754506549769": "value-4"} to topic topic-ec9ed11e_f461_4edb_adb7_c8cc8f4994f7
2025-08-06 18:55:50,919 INFO  [io.api.tes.ser.api.KafkaSerdesTester] (Thread-627) Sending message {"key11754506549769": "value-5"} to topic topic-ec9ed11e_f461_4edb_adb7_c8cc8f4994f7
2025-08-06 18:55:50,921 INFO  [io.api.tes.ser.api.KafkaSerdesTester] (Thread-627) Sending message {"key11754506549769": "value-6"} to topic topic-ec9ed11e_f461_4edb_adb7_c8cc8f4994f7
2025-08-06 18:55:50,923 INFO  [io.api.tes.ser.api.KafkaSerdesTester] (Thread-627) Sending message {"key11754506549769": "value-7"} to topic topic-ec9ed11e_f461_4edb_adb7_c8cc8f4994f7
2025-08-06 18:55:50,928 INFO  [io.api.tes.ser.api.KafkaSerdesTester] (Thread-627) Sending message {"key11754506549769": "value-8"} to topic topic-ec9ed11e_f461_4edb_adb7_c8cc8f4994f7
2025-08-06 18:55:50,932 INFO  [io.api.tes.ser.api.KafkaSerdesTester] (Thread-627) Sending message {"key11754506549769": "value-9"} to topic topic-ec9ed11e_f461_4edb_adb7_c8cc8f4994f7
2025-08-06 18:55:50,935 INFO  [io.api.tes.ser.api.KafkaSerdesTester] (Thread-627) Produced 10 messages
2025-08-06 18:55:50,935 INFO  [org.apa.kaf.cli.pro.KafkaProducer] (Thread-627) [Producer clientId=Producer-topic-ec9ed11e_f461_4edb_adb7_c8cc8f4994f7] Closing the Kafka producer with timeoutMillis = 9223372036854775807 ms.
2025-08-06 18:55:50,938 INFO  [org.apa.kaf.com.met.Metrics] (Thread-627) Metrics scheduler closed
2025-08-06 18:55:50,939 INFO  [org.apa.kaf.com.met.Metrics] (Thread-627) Closing reporter org.apache.kafka.common.metrics.JmxReporter
2025-08-06 18:55:50,939 INFO  [org.apa.kaf.com.met.Metrics] (Thread-627) Closing reporter org.apache.kafka.common.telemetry.internals.ClientTelemetryReporter
2025-08-06 18:55:50,939 INFO  [org.apa.kaf.com.met.Metrics] (Thread-627) Metrics reporters closed
2025-08-06 18:55:50,939 INFO  [org.apa.kaf.com.uti.AppInfoParser] (Thread-627) App info kafka.producer for Producer-topic-ec9ed11e_f461_4edb_adb7_c8cc8f4994f7 unregistered
**** Registry Base URL: http://registry-app-ksql047.apps.ci419.apicurio-testing.org:80
2025-08-06 18:55:50,940 INFO  [org.apa.kaf.cli.con.ConsumerConfig] (main) ConsumerConfig values: 
	allow.auto.create.topics = true
	auto.commit.interval.ms = 500
	auto.include.jmx.reporter = true
	auto.offset.reset = earliest
	bootstrap.servers = [PLAINTEXT://localhost:32769]
	check.crcs = true
	client.dns.lookup = use_all_dns_ips
	client.id = consumer-Consumer-topic-ec9ed11e_f461_4edb_adb7_c8cc8f4994f7-5
	client.rack = 
	connections.max.idle.ms = 10000
	default.api.timeout.ms = 60000
	enable.auto.commit = true
	enable.metrics.push = true
	exclude.internal.topics = true
	fetch.max.bytes = 52428800
	fetch.max.wait.ms = 500
	fetch.min.bytes = 1
	group.id = Consumer-topic-ec9ed11e_f461_4edb_adb7_c8cc8f4994f7
	group.instance.id = null
	group.protocol = classic
	group.remote.assignor = null
	heartbeat.interval.ms = 3000
	interceptor.classes = []
	internal.leave.group.on.close = true
	internal.throw.on.fetch.stable.offset.unsupported = false
	isolation.level = read_uncommitted
	key.deserializer = class org.apache.kafka.common.serialization.StringDeserializer
	max.partition.fetch.bytes = 1048576
	max.poll.interval.ms = 300000
	max.poll.records = 500
	metadata.max.age.ms = 300000
	metadata.recovery.strategy = none
	metric.reporters = []
	metrics.num.samples = 2
	metrics.recording.level = INFO
	metrics.sample.window.ms = 30000
	partition.assignment.strategy = [class org.apache.kafka.clients.consumer.RangeAssignor, class org.apache.kafka.clients.consumer.CooperativeStickyAssignor]
	receive.buffer.bytes = 65536
	reconnect.backoff.max.ms = 1000
	reconnect.backoff.ms = 50
	request.timeout.ms = 5000
	retry.backoff.max.ms = 1000
	retry.backoff.ms = 100
	sasl.client.callback.handler.class = null
	sasl.jaas.config = null
	sasl.kerberos.kinit.cmd = /usr/bin/kinit
	sasl.kerberos.min.time.before.relogin = 60000
	sasl.kerberos.service.name = null
	sasl.kerberos.ticket.renew.jitter = 0.05
	sasl.kerberos.ticket.renew.window.factor = 0.8
	sasl.login.callback.handler.class = null
	sasl.login.class = null
	sasl.login.connect.timeout.ms = null
	sasl.login.read.timeout.ms = null
	sasl.login.refresh.buffer.seconds = 300
	sasl.login.refresh.min.period.seconds = 60
	sasl.login.refresh.window.factor = 0.8
	sasl.login.refresh.window.jitter = 0.05
	sasl.login.retry.backoff.max.ms = 10000
	sasl.login.retry.backoff.ms = 100
	sasl.mechanism = GSSAPI
	sasl.oauthbearer.clock.skew.seconds = 30
	sasl.oauthbearer.expected.audience = null
	sasl.oauthbearer.expected.issuer = null
	sasl.oauthbearer.header.urlencode = false
	sasl.oauthbearer.jwks.endpoint.refresh.ms = 3600000
	sasl.oauthbearer.jwks.endpoint.retry.backoff.max.ms = 10000
	sasl.oauthbearer.jwks.endpoint.retry.backoff.ms = 100
	sasl.oauthbearer.jwks.endpoint.url = null
	sasl.oauthbearer.scope.claim.name = scope
	sasl.oauthbearer.sub.claim.name = sub
	sasl.oauthbearer.token.endpoint.url = null
	security.protocol = PLAINTEXT
	security.providers = null
	send.buffer.bytes = 131072
	session.timeout.ms = 45000
	socket.connection.setup.timeout.max.ms = 30000
	socket.connection.setup.timeout.ms = 10000
	ssl.cipher.suites = null
	ssl.enabled.protocols = [TLSv1.2, TLSv1.3]
	ssl.endpoint.identification.algorithm = https
	ssl.engine.factory.class = null
	ssl.key.password = null
	ssl.keymanager.algorithm = SunX509
	ssl.keystore.certificate.chain = null
	ssl.keystore.key = null
	ssl.keystore.location = null
	ssl.keystore.password = null
	ssl.keystore.type = JKS
	ssl.protocol = TLSv1.3
	ssl.provider = null
	ssl.secure.random.implementation = null
	ssl.trustmanager.algorithm = PKIX
	ssl.truststore.certificates = null
	ssl.truststore.location = null
	ssl.truststore.password = null
	ssl.truststore.type = JKS
	value.deserializer = class io.apicurio.registry.serde.avro.AvroKafkaDeserializer

2025-08-06 18:55:50,940 INFO  [org.apa.kaf.com.tel.int.KafkaMetricsCollector] (main) initializing Kafka metrics collector
2025-08-06 18:55:50,958 INFO  [org.apa.kaf.cli.con.ConsumerConfig] (main) These configurations '[apicurio.registry.url]' were supplied but are not used yet.
2025-08-06 18:55:50,958 INFO  [org.apa.kaf.com.uti.AppInfoParser] (main) Kafka version: 3.9.1
2025-08-06 18:55:50,958 INFO  [org.apa.kaf.com.uti.AppInfoParser] (main) Kafka commitId: f745dfdcee2b9851
2025-08-06 18:55:50,958 INFO  [org.apa.kaf.com.uti.AppInfoParser] (main) Kafka startTimeMs: 1754506550958
2025-08-06 18:55:50,962 INFO  [org.apa.kaf.cli.con.int.ClassicKafkaConsumer] (Thread-630) [Consumer clientId=consumer-Consumer-topic-ec9ed11e_f461_4edb_adb7_c8cc8f4994f7-5, groupId=Consumer-topic-ec9ed11e_f461_4edb_adb7_c8cc8f4994f7] Subscribed to topic(s): topic-ec9ed11e_f461_4edb_adb7_c8cc8f4994f7
2025-08-06 18:55:50,971 INFO  [org.apa.kaf.cli.Metadata] (Thread-630) [Consumer clientId=consumer-Consumer-topic-ec9ed11e_f461_4edb_adb7_c8cc8f4994f7-5, groupId=Consumer-topic-ec9ed11e_f461_4edb_adb7_c8cc8f4994f7] Cluster ID: NyMRaTI5Q0SXQrlZpmr68g
2025-08-06 18:55:50,977 INFO  [org.apa.kaf.cli.con.int.ConsumerCoordinator] (Thread-630) [Consumer clientId=consumer-Consumer-topic-ec9ed11e_f461_4edb_adb7_c8cc8f4994f7-5, groupId=Consumer-topic-ec9ed11e_f461_4edb_adb7_c8cc8f4994f7] Discovered group coordinator localhost:32769 (id: 2147483647 rack: null)
2025-08-06 18:55:50,980 INFO  [org.apa.kaf.cli.con.int.ConsumerCoordinator] (Thread-630) [Consumer clientId=consumer-Consumer-topic-ec9ed11e_f461_4edb_adb7_c8cc8f4994f7-5, groupId=Consumer-topic-ec9ed11e_f461_4edb_adb7_c8cc8f4994f7] (Re-)joining group
2025-08-06 18:55:50,985 INFO  [org.apa.kaf.cli.con.int.ConsumerCoordinator] (Thread-630) [Consumer clientId=consumer-Consumer-topic-ec9ed11e_f461_4edb_adb7_c8cc8f4994f7-5, groupId=Consumer-topic-ec9ed11e_f461_4edb_adb7_c8cc8f4994f7] Request joining group due to: need to re-join with the given member-id: consumer-Consumer-topic-ec9ed11e_f461_4edb_adb7_c8cc8f4994f7-5-6c92581c-a3a9-4ea2-942d-0d67a2eb3ad7
2025-08-06 18:55:50,986 INFO  [org.apa.kaf.cli.con.int.ConsumerCoordinator] (Thread-630) [Consumer clientId=consumer-Consumer-topic-ec9ed11e_f461_4edb_adb7_c8cc8f4994f7-5, groupId=Consumer-topic-ec9ed11e_f461_4edb_adb7_c8cc8f4994f7] (Re-)joining group
2025-08-06 18:55:51,963 INFO  [io.api.tes.ser.api.KafkaSerdesTester] (Thread-630) None found
2025-08-06 18:55:52,964 INFO  [io.api.tes.ser.api.KafkaSerdesTester] (Thread-630) None found
2025-08-06 18:55:53,965 INFO  [io.api.tes.ser.api.KafkaSerdesTester] (Thread-630) None found
2025-08-06 18:55:53,989 INFO  [org.apa.kaf.cli.con.int.ConsumerCoordinator] (Thread-630) [Consumer clientId=consumer-Consumer-topic-ec9ed11e_f461_4edb_adb7_c8cc8f4994f7-5, groupId=Consumer-topic-ec9ed11e_f461_4edb_adb7_c8cc8f4994f7] Successfully joined group with generation Generation{generationId=1, memberId='consumer-Consumer-topic-ec9ed11e_f461_4edb_adb7_c8cc8f4994f7-5-6c92581c-a3a9-4ea2-942d-0d67a2eb3ad7', protocol='range'}
2025-08-06 18:55:53,990 INFO  [org.apa.kaf.cli.con.int.ConsumerCoordinator] (Thread-630) [Consumer clientId=consumer-Consumer-topic-ec9ed11e_f461_4edb_adb7_c8cc8f4994f7-5, groupId=Consumer-topic-ec9ed11e_f461_4edb_adb7_c8cc8f4994f7] Finished assignment for group at generation 1: {consumer-Consumer-topic-ec9ed11e_f461_4edb_adb7_c8cc8f4994f7-5-6c92581c-a3a9-4ea2-942d-0d67a2eb3ad7=Assignment(partitions=[topic-ec9ed11e_f461_4edb_adb7_c8cc8f4994f7-0])}
2025-08-06 18:55:53,997 INFO  [org.apa.kaf.cli.con.int.ConsumerCoordinator] (Thread-630) [Consumer clientId=consumer-Consumer-topic-ec9ed11e_f461_4edb_adb7_c8cc8f4994f7-5, groupId=Consumer-topic-ec9ed11e_f461_4edb_adb7_c8cc8f4994f7] Successfully synced group in generation Generation{generationId=1, memberId='consumer-Consumer-topic-ec9ed11e_f461_4edb_adb7_c8cc8f4994f7-5-6c92581c-a3a9-4ea2-942d-0d67a2eb3ad7', protocol='range'}
2025-08-06 18:55:53,998 INFO  [org.apa.kaf.cli.con.int.ConsumerCoordinator] (Thread-630) [Consumer clientId=consumer-Consumer-topic-ec9ed11e_f461_4edb_adb7_c8cc8f4994f7-5, groupId=Consumer-topic-ec9ed11e_f461_4edb_adb7_c8cc8f4994f7] Notifying assignor about the new Assignment(partitions=[topic-ec9ed11e_f461_4edb_adb7_c8cc8f4994f7-0])
2025-08-06 18:55:53,998 INFO  [org.apa.kaf.cli.con.int.ConsumerRebalanceListenerInvoker] (Thread-630) [Consumer clientId=consumer-Consumer-topic-ec9ed11e_f461_4edb_adb7_c8cc8f4994f7-5, groupId=Consumer-topic-ec9ed11e_f461_4edb_adb7_c8cc8f4994f7] Adding newly assigned partitions: topic-ec9ed11e_f461_4edb_adb7_c8cc8f4994f7-0
2025-08-06 18:55:53,999 INFO  [org.apa.kaf.cli.con.int.ConsumerCoordinator] (Thread-630) [Consumer clientId=consumer-Consumer-topic-ec9ed11e_f461_4edb_adb7_c8cc8f4994f7-5, groupId=Consumer-topic-ec9ed11e_f461_4edb_adb7_c8cc8f4994f7] Found no committed offset for partition topic-ec9ed11e_f461_4edb_adb7_c8cc8f4994f7-0
2025-08-06 18:55:54,006 INFO  [org.apa.kaf.cli.con.int.SubscriptionState] (Thread-630) [Consumer clientId=consumer-Consumer-topic-ec9ed11e_f461_4edb_adb7_c8cc8f4994f7-5, groupId=Consumer-topic-ec9ed11e_f461_4edb_adb7_c8cc8f4994f7] Resetting offset for partition topic-ec9ed11e_f461_4edb_adb7_c8cc8f4994f7-0 to position FetchPosition{offset=0, offsetEpoch=Optional.empty, currentLeader=LeaderAndEpoch{leader=Optional[localhost:32769 (id: 0 rack: null)], epoch=0}}.
2025-08-06 18:55:54,043 INFO  [io.api.tes.ser.api.KafkaSerdesTester] (Thread-630) topic-ec9ed11e_f461_4edb_adb7_c8cc8f4994f7 0 0 {"key11754506549769": "value-0"}
2025-08-06 18:55:54,044 INFO  [io.api.tes.ser.api.KafkaSerdesTester] (Thread-630) topic-ec9ed11e_f461_4edb_adb7_c8cc8f4994f7 0 1 {"key11754506549769": "value-1"}
2025-08-06 18:55:54,044 INFO  [io.api.tes.ser.api.KafkaSerdesTester] (Thread-630) topic-ec9ed11e_f461_4edb_adb7_c8cc8f4994f7 0 2 {"key11754506549769": "value-2"}
2025-08-06 18:55:54,044 INFO  [io.api.tes.ser.api.KafkaSerdesTester] (Thread-630) topic-ec9ed11e_f461_4edb_adb7_c8cc8f4994f7 0 3 {"key11754506549769": "value-3"}
2025-08-06 18:55:54,044 INFO  [io.api.tes.ser.api.KafkaSerdesTester] (Thread-630) topic-ec9ed11e_f461_4edb_adb7_c8cc8f4994f7 0 4 {"key11754506549769": "value-4"}
2025-08-06 18:55:54,044 INFO  [io.api.tes.ser.api.KafkaSerdesTester] (Thread-630) topic-ec9ed11e_f461_4edb_adb7_c8cc8f4994f7 0 5 {"key11754506549769": "value-5"}
2025-08-06 18:55:54,044 INFO  [io.api.tes.ser.api.KafkaSerdesTester] (Thread-630) topic-ec9ed11e_f461_4edb_adb7_c8cc8f4994f7 0 6 {"key11754506549769": "value-6"}
2025-08-06 18:55:54,044 INFO  [io.api.tes.ser.api.KafkaSerdesTester] (Thread-630) topic-ec9ed11e_f461_4edb_adb7_c8cc8f4994f7 0 7 {"key11754506549769": "value-7"}
2025-08-06 18:55:54,044 INFO  [io.api.tes.ser.api.KafkaSerdesTester] (Thread-630) topic-ec9ed11e_f461_4edb_adb7_c8cc8f4994f7 0 8 {"key11754506549769": "value-8"}
2025-08-06 18:55:54,044 INFO  [io.api.tes.ser.api.KafkaSerdesTester] (Thread-630) topic-ec9ed11e_f461_4edb_adb7_c8cc8f4994f7 0 9 {"key11754506549769": "value-9"}
2025-08-06 18:55:54,044 INFO  [io.api.tes.ser.api.KafkaSerdesTester] (Thread-630) Consumed 10 messages
2025-08-06 18:55:54,052 INFO  [org.apa.kaf.cli.con.int.ConsumerRebalanceListenerInvoker] (Thread-630) [Consumer clientId=consumer-Consumer-topic-ec9ed11e_f461_4edb_adb7_c8cc8f4994f7-5, groupId=Consumer-topic-ec9ed11e_f461_4edb_adb7_c8cc8f4994f7] Revoke previously assigned partitions topic-ec9ed11e_f461_4edb_adb7_c8cc8f4994f7-0
2025-08-06 18:55:54,052 INFO  [org.apa.kaf.cli.con.int.ConsumerCoordinator] (Thread-630) [Consumer clientId=consumer-Consumer-topic-ec9ed11e_f461_4edb_adb7_c8cc8f4994f7-5, groupId=Consumer-topic-ec9ed11e_f461_4edb_adb7_c8cc8f4994f7] Member consumer-Consumer-topic-ec9ed11e_f461_4edb_adb7_c8cc8f4994f7-5-6c92581c-a3a9-4ea2-942d-0d67a2eb3ad7 sending LeaveGroup request to coordinator localhost:32769 (id: 2147483647 rack: null) due to the consumer is being closed
2025-08-06 18:55:54,052 INFO  [org.apa.kaf.cli.con.int.ConsumerCoordinator] (Thread-630) [Consumer clientId=consumer-Consumer-topic-ec9ed11e_f461_4edb_adb7_c8cc8f4994f7-5, groupId=Consumer-topic-ec9ed11e_f461_4edb_adb7_c8cc8f4994f7] Resetting generation and member id due to: consumer pro-actively leaving the group
2025-08-06 18:55:54,052 INFO  [org.apa.kaf.cli.con.int.ConsumerCoordinator] (Thread-630) [Consumer clientId=consumer-Consumer-topic-ec9ed11e_f461_4edb_adb7_c8cc8f4994f7-5, groupId=Consumer-topic-ec9ed11e_f461_4edb_adb7_c8cc8f4994f7] Request joining group due to: consumer pro-actively leaving the group
2025-08-06 18:55:54,546 INFO  [org.apa.kaf.com.met.Metrics] (Thread-630) Metrics scheduler closed
2025-08-06 18:55:54,546 INFO  [org.apa.kaf.com.met.Metrics] (Thread-630) Closing reporter org.apache.kafka.common.metrics.JmxReporter
2025-08-06 18:55:54,546 INFO  [org.apa.kaf.com.met.Metrics] (Thread-630) Closing reporter org.apache.kafka.common.telemetry.internals.ClientTelemetryReporter
2025-08-06 18:55:54,546 INFO  [org.apa.kaf.com.met.Metrics] (Thread-630) Metrics reporters closed
2025-08-06 18:55:54,548 INFO  [org.apa.kaf.com.uti.AppInfoParser] (Thread-630) App info kafka.consumer for consumer-Consumer-topic-ec9ed11e_f461_4edb_adb7_c8cc8f4994f7-5 unregistered
2025-08-06 18:55:54,549 INFO  [io.api.tes.uti.TestSeparator] (main) io.apicurio.tests.serdes.apicurio.AvroSerdeIT.testRecordIdStrategydFindLatest-FINISHED
2025-08-06 18:55:54,549 INFO  [io.api.tes.uti.TestSeparator] (main) ############################################################################
Test passed: testRecordIdStrategydFindLatest
]]></system-out>
  </testcase>
  <testcase name="testReflectAutoRegister" classname="io.apicurio.tests.serdes.apicurio.AvroSerdeIT" time="3.823">
    <system-out><![CDATA[2025-08-06 18:55:54,551 INFO  [io.api.tes.uti.TestSeparator] (main) ############################################################################
2025-08-06 18:55:54,551 INFO  [io.api.tes.uti.TestSeparator] (main) io.apicurio.tests.serdes.apicurio.AvroSerdeIT.testReflectAutoRegister-STARTED
**** Registry Base URL: http://registry-app-ksql047.apps.ci419.apicurio-testing.org:80
2025-08-06 18:55:54,555 INFO  [org.apa.kaf.cli.pro.ProducerConfig] (main) ProducerConfig values: 
	acks = -1
	auto.include.jmx.reporter = true
	batch.size = 16384
	bootstrap.servers = [PLAINTEXT://localhost:32769]
	buffer.memory = 33554432
	client.dns.lookup = use_all_dns_ips
	client.id = Producer-topic-6c080c3f_460c_4123_92bb_99b8de52b129
	compression.gzip.level = -1
	compression.lz4.level = 9
	compression.type = none
	compression.zstd.level = 3
	connections.max.idle.ms = 10000
	delivery.timeout.ms = 120000
	enable.idempotence = true
	enable.metrics.push = true
	interceptor.classes = []
	key.serializer = class org.apache.kafka.common.serialization.StringSerializer
	linger.ms = 0
	max.block.ms = 60000
	max.in.flight.requests.per.connection = 5
	max.request.size = 1048576
	metadata.max.age.ms = 300000
	metadata.max.idle.ms = 300000
	metadata.recovery.strategy = none
	metric.reporters = []
	metrics.num.samples = 2
	metrics.recording.level = INFO
	metrics.sample.window.ms = 30000
	partitioner.adaptive.partitioning.enable = true
	partitioner.availability.timeout.ms = 0
	partitioner.class = null
	partitioner.ignore.keys = false
	receive.buffer.bytes = 32768
	reconnect.backoff.max.ms = 1000
	reconnect.backoff.ms = 50
	request.timeout.ms = 5000
	retries = 2147483647
	retry.backoff.max.ms = 1000
	retry.backoff.ms = 100
	sasl.client.callback.handler.class = null
	sasl.jaas.config = null
	sasl.kerberos.kinit.cmd = /usr/bin/kinit
	sasl.kerberos.min.time.before.relogin = 60000
	sasl.kerberos.service.name = null
	sasl.kerberos.ticket.renew.jitter = 0.05
	sasl.kerberos.ticket.renew.window.factor = 0.8
	sasl.login.callback.handler.class = null
	sasl.login.class = null
	sasl.login.connect.timeout.ms = null
	sasl.login.read.timeout.ms = null
	sasl.login.refresh.buffer.seconds = 300
	sasl.login.refresh.min.period.seconds = 60
	sasl.login.refresh.window.factor = 0.8
	sasl.login.refresh.window.jitter = 0.05
	sasl.login.retry.backoff.max.ms = 10000
	sasl.login.retry.backoff.ms = 100
	sasl.mechanism = GSSAPI
	sasl.oauthbearer.clock.skew.seconds = 30
	sasl.oauthbearer.expected.audience = null
	sasl.oauthbearer.expected.issuer = null
	sasl.oauthbearer.header.urlencode = false
	sasl.oauthbearer.jwks.endpoint.refresh.ms = 3600000
	sasl.oauthbearer.jwks.endpoint.retry.backoff.max.ms = 10000
	sasl.oauthbearer.jwks.endpoint.retry.backoff.ms = 100
	sasl.oauthbearer.jwks.endpoint.url = null
	sasl.oauthbearer.scope.claim.name = scope
	sasl.oauthbearer.sub.claim.name = sub
	sasl.oauthbearer.token.endpoint.url = null
	security.protocol = PLAINTEXT
	security.providers = null
	send.buffer.bytes = 131072
	socket.connection.setup.timeout.max.ms = 30000
	socket.connection.setup.timeout.ms = 10000
	ssl.cipher.suites = null
	ssl.enabled.protocols = [TLSv1.2, TLSv1.3]
	ssl.endpoint.identification.algorithm = https
	ssl.engine.factory.class = null
	ssl.key.password = null
	ssl.keymanager.algorithm = SunX509
	ssl.keystore.certificate.chain = null
	ssl.keystore.key = null
	ssl.keystore.location = null
	ssl.keystore.password = null
	ssl.keystore.type = JKS
	ssl.protocol = TLSv1.3
	ssl.provider = null
	ssl.secure.random.implementation = null
	ssl.trustmanager.algorithm = PKIX
	ssl.truststore.certificates = null
	ssl.truststore.location = null
	ssl.truststore.password = null
	ssl.truststore.type = JKS
	transaction.timeout.ms = 60000
	transactional.id = null
	value.serializer = class io.apicurio.registry.serde.avro.AvroKafkaSerializer

2025-08-06 18:55:54,555 INFO  [org.apa.kaf.com.tel.int.KafkaMetricsCollector] (main) initializing Kafka metrics collector
2025-08-06 18:55:54,580 INFO  [org.apa.kaf.cli.pro.KafkaProducer] (main) [Producer clientId=Producer-topic-6c080c3f_460c_4123_92bb_99b8de52b129] Instantiated an idempotent producer.
2025-08-06 18:55:54,586 INFO  [org.apa.kaf.cli.pro.ProducerConfig] (main) These configurations '[apicurio.registry.url, apicurio.registry.auto-register, apicurio.registry.artifact-resolver-strategy, apicurio.registry.avro-datum-provider]' were supplied but are not used yet.
2025-08-06 18:55:54,586 INFO  [org.apa.kaf.com.uti.AppInfoParser] (main) Kafka version: 3.9.1
2025-08-06 18:55:54,586 INFO  [org.apa.kaf.com.uti.AppInfoParser] (main) Kafka commitId: f745dfdcee2b9851
2025-08-06 18:55:54,586 INFO  [org.apa.kaf.com.uti.AppInfoParser] (main) Kafka startTimeMs: 1754506554586
2025-08-06 18:55:54,586 INFO  [io.api.tes.ser.api.SimpleSerdesTesterBuilder$SimpleSerdesTester] (main) Using producer configuration: {apicurio.registry.url=http://registry-app-ksql047.apps.ci419.apicurio-testing.org:80/apis/registry/v3, apicurio.registry.auto-register=true, apicurio.registry.artifact-resolver-strategy=io.apicurio.registry.serde.strategy.TopicIdStrategy, value.serializer=io.apicurio.registry.serde.avro.AvroKafkaSerializer, request.timeout.ms=5000, acks=all, bootstrap.servers=PLAINTEXT://localhost:32769, connections.max.idle.ms=10000, key.serializer=org.apache.kafka.common.serialization.StringSerializer, apicurio.registry.avro-datum-provider=io.apicurio.registry.serde.avro.ReflectAvroDatumProvider, client.id=Producer-topic-6c080c3f_460c_4123_92bb_99b8de52b129}
2025-08-06 18:55:54,586 INFO  [io.api.tes.ser.api.SimpleSerdesTesterBuilder$SimpleSerdesTester] (main) Using consumer configuration: {apicurio.registry.avro-datum-provider=io.apicurio.registry.serde.avro.ReflectAvroDatumProvider}
2025-08-06 18:55:54,588 INFO  [io.api.tes.ser.api.KafkaSerdesTester] (Thread-633) Sending message io.apicurio.tests.common.serdes.TestObject@3dbd29cb to topic topic-6c080c3f_460c_4123_92bb_99b8de52b129
2025-08-06 18:55:54,599 INFO  [org.apa.kaf.cli.Metadata] (kafka-producer-network-thread | Producer-topic-6c080c3f_460c_4123_92bb_99b8de52b129) [Producer clientId=Producer-topic-6c080c3f_460c_4123_92bb_99b8de52b129] Cluster ID: NyMRaTI5Q0SXQrlZpmr68g
2025-08-06 18:55:54,602 INFO  [org.apa.kaf.cli.pro.int.TransactionManager] (kafka-producer-network-thread | Producer-topic-6c080c3f_460c_4123_92bb_99b8de52b129) [Producer clientId=Producer-topic-6c080c3f_460c_4123_92bb_99b8de52b129] ProducerId set to 6 with epoch 0
2025-08-06 18:55:54,708 INFO  [io.api.tes.ser.api.KafkaSerdesTester] (Thread-633) Sending message io.apicurio.tests.common.serdes.TestObject@3dbd29cb to topic topic-6c080c3f_460c_4123_92bb_99b8de52b129
2025-08-06 18:55:54,711 INFO  [io.api.tes.ser.api.KafkaSerdesTester] (Thread-633) Sending message io.apicurio.tests.common.serdes.TestObject@3dbd29cb to topic topic-6c080c3f_460c_4123_92bb_99b8de52b129
2025-08-06 18:55:54,715 INFO  [io.api.tes.ser.api.KafkaSerdesTester] (Thread-633) Sending message io.apicurio.tests.common.serdes.TestObject@3dbd29cb to topic topic-6c080c3f_460c_4123_92bb_99b8de52b129
2025-08-06 18:55:54,723 INFO  [io.api.tes.ser.api.KafkaSerdesTester] (Thread-633) Sending message io.apicurio.tests.common.serdes.TestObject@3dbd29cb to topic topic-6c080c3f_460c_4123_92bb_99b8de52b129
2025-08-06 18:55:54,726 INFO  [io.api.tes.ser.api.KafkaSerdesTester] (Thread-633) Sending message io.apicurio.tests.common.serdes.TestObject@3dbd29cb to topic topic-6c080c3f_460c_4123_92bb_99b8de52b129
2025-08-06 18:55:54,731 INFO  [io.api.tes.ser.api.KafkaSerdesTester] (Thread-633) Sending message io.apicurio.tests.common.serdes.TestObject@3dbd29cb to topic topic-6c080c3f_460c_4123_92bb_99b8de52b129
2025-08-06 18:55:54,732 INFO  [io.api.tes.ser.api.KafkaSerdesTester] (Thread-633) Sending message io.apicurio.tests.common.serdes.TestObject@3dbd29cb to topic topic-6c080c3f_460c_4123_92bb_99b8de52b129
2025-08-06 18:55:54,734 INFO  [io.api.tes.ser.api.KafkaSerdesTester] (Thread-633) Sending message io.apicurio.tests.common.serdes.TestObject@3dbd29cb to topic topic-6c080c3f_460c_4123_92bb_99b8de52b129
2025-08-06 18:55:54,737 INFO  [io.api.tes.ser.api.KafkaSerdesTester] (Thread-633) Sending message io.apicurio.tests.common.serdes.TestObject@3dbd29cb to topic topic-6c080c3f_460c_4123_92bb_99b8de52b129
2025-08-06 18:55:54,739 INFO  [io.api.tes.ser.api.KafkaSerdesTester] (Thread-633) Produced 10 messages
2025-08-06 18:55:54,739 INFO  [org.apa.kaf.cli.pro.KafkaProducer] (Thread-633) [Producer clientId=Producer-topic-6c080c3f_460c_4123_92bb_99b8de52b129] Closing the Kafka producer with timeoutMillis = 9223372036854775807 ms.
2025-08-06 18:55:54,742 INFO  [org.apa.kaf.com.met.Metrics] (Thread-633) Metrics scheduler closed
2025-08-06 18:55:54,742 INFO  [org.apa.kaf.com.met.Metrics] (Thread-633) Closing reporter org.apache.kafka.common.metrics.JmxReporter
2025-08-06 18:55:54,742 INFO  [org.apa.kaf.com.met.Metrics] (Thread-633) Closing reporter org.apache.kafka.common.telemetry.internals.ClientTelemetryReporter
2025-08-06 18:55:54,742 INFO  [org.apa.kaf.com.met.Metrics] (Thread-633) Metrics reporters closed
2025-08-06 18:55:54,743 INFO  [org.apa.kaf.com.uti.AppInfoParser] (Thread-633) App info kafka.producer for Producer-topic-6c080c3f_460c_4123_92bb_99b8de52b129 unregistered
**** Registry Base URL: http://registry-app-ksql047.apps.ci419.apicurio-testing.org:80
2025-08-06 18:55:54,774 INFO  [org.apa.kaf.cli.con.ConsumerConfig] (main) ConsumerConfig values: 
	allow.auto.create.topics = true
	auto.commit.interval.ms = 500
	auto.include.jmx.reporter = true
	auto.offset.reset = earliest
	bootstrap.servers = [PLAINTEXT://localhost:32769]
	check.crcs = true
	client.dns.lookup = use_all_dns_ips
	client.id = consumer-Consumer-topic-6c080c3f_460c_4123_92bb_99b8de52b129-6
	client.rack = 
	connections.max.idle.ms = 10000
	default.api.timeout.ms = 60000
	enable.auto.commit = true
	enable.metrics.push = true
	exclude.internal.topics = true
	fetch.max.bytes = 52428800
	fetch.max.wait.ms = 500
	fetch.min.bytes = 1
	group.id = Consumer-topic-6c080c3f_460c_4123_92bb_99b8de52b129
	group.instance.id = null
	group.protocol = classic
	group.remote.assignor = null
	heartbeat.interval.ms = 3000
	interceptor.classes = []
	internal.leave.group.on.close = true
	internal.throw.on.fetch.stable.offset.unsupported = false
	isolation.level = read_uncommitted
	key.deserializer = class org.apache.kafka.common.serialization.StringDeserializer
	max.partition.fetch.bytes = 1048576
	max.poll.interval.ms = 300000
	max.poll.records = 500
	metadata.max.age.ms = 300000
	metadata.recovery.strategy = none
	metric.reporters = []
	metrics.num.samples = 2
	metrics.recording.level = INFO
	metrics.sample.window.ms = 30000
	partition.assignment.strategy = [class org.apache.kafka.clients.consumer.RangeAssignor, class org.apache.kafka.clients.consumer.CooperativeStickyAssignor]
	receive.buffer.bytes = 65536
	reconnect.backoff.max.ms = 1000
	reconnect.backoff.ms = 50
	request.timeout.ms = 5000
	retry.backoff.max.ms = 1000
	retry.backoff.ms = 100
	sasl.client.callback.handler.class = null
	sasl.jaas.config = null
	sasl.kerberos.kinit.cmd = /usr/bin/kinit
	sasl.kerberos.min.time.before.relogin = 60000
	sasl.kerberos.service.name = null
	sasl.kerberos.ticket.renew.jitter = 0.05
	sasl.kerberos.ticket.renew.window.factor = 0.8
	sasl.login.callback.handler.class = null
	sasl.login.class = null
	sasl.login.connect.timeout.ms = null
	sasl.login.read.timeout.ms = null
	sasl.login.refresh.buffer.seconds = 300
	sasl.login.refresh.min.period.seconds = 60
	sasl.login.refresh.window.factor = 0.8
	sasl.login.refresh.window.jitter = 0.05
	sasl.login.retry.backoff.max.ms = 10000
	sasl.login.retry.backoff.ms = 100
	sasl.mechanism = GSSAPI
	sasl.oauthbearer.clock.skew.seconds = 30
	sasl.oauthbearer.expected.audience = null
	sasl.oauthbearer.expected.issuer = null
	sasl.oauthbearer.header.urlencode = false
	sasl.oauthbearer.jwks.endpoint.refresh.ms = 3600000
	sasl.oauthbearer.jwks.endpoint.retry.backoff.max.ms = 10000
	sasl.oauthbearer.jwks.endpoint.retry.backoff.ms = 100
	sasl.oauthbearer.jwks.endpoint.url = null
	sasl.oauthbearer.scope.claim.name = scope
	sasl.oauthbearer.sub.claim.name = sub
	sasl.oauthbearer.token.endpoint.url = null
	security.protocol = PLAINTEXT
	security.providers = null
	send.buffer.bytes = 131072
	session.timeout.ms = 45000
	socket.connection.setup.timeout.max.ms = 30000
	socket.connection.setup.timeout.ms = 10000
	ssl.cipher.suites = null
	ssl.enabled.protocols = [TLSv1.2, TLSv1.3]
	ssl.endpoint.identification.algorithm = https
	ssl.engine.factory.class = null
	ssl.key.password = null
	ssl.keymanager.algorithm = SunX509
	ssl.keystore.certificate.chain = null
	ssl.keystore.key = null
	ssl.keystore.location = null
	ssl.keystore.password = null
	ssl.keystore.type = JKS
	ssl.protocol = TLSv1.3
	ssl.provider = null
	ssl.secure.random.implementation = null
	ssl.trustmanager.algorithm = PKIX
	ssl.truststore.certificates = null
	ssl.truststore.location = null
	ssl.truststore.password = null
	ssl.truststore.type = JKS
	value.deserializer = class io.apicurio.registry.serde.avro.AvroKafkaDeserializer

2025-08-06 18:55:54,774 INFO  [org.apa.kaf.com.tel.int.KafkaMetricsCollector] (main) initializing Kafka metrics collector
2025-08-06 18:55:54,791 INFO  [org.apa.kaf.cli.con.ConsumerConfig] (main) These configurations '[apicurio.registry.url, apicurio.registry.avro-datum-provider]' were supplied but are not used yet.
2025-08-06 18:55:54,791 INFO  [org.apa.kaf.com.uti.AppInfoParser] (main) Kafka version: 3.9.1
2025-08-06 18:55:54,791 INFO  [org.apa.kaf.com.uti.AppInfoParser] (main) Kafka commitId: f745dfdcee2b9851
2025-08-06 18:55:54,791 INFO  [org.apa.kaf.com.uti.AppInfoParser] (main) Kafka startTimeMs: 1754506554791
2025-08-06 18:55:54,791 INFO  [org.apa.kaf.cli.con.int.ClassicKafkaConsumer] (Thread-636) [Consumer clientId=consumer-Consumer-topic-6c080c3f_460c_4123_92bb_99b8de52b129-6, groupId=Consumer-topic-6c080c3f_460c_4123_92bb_99b8de52b129] Subscribed to topic(s): topic-6c080c3f_460c_4123_92bb_99b8de52b129
2025-08-06 18:55:54,797 INFO  [org.apa.kaf.cli.Metadata] (Thread-636) [Consumer clientId=consumer-Consumer-topic-6c080c3f_460c_4123_92bb_99b8de52b129-6, groupId=Consumer-topic-6c080c3f_460c_4123_92bb_99b8de52b129] Cluster ID: NyMRaTI5Q0SXQrlZpmr68g
2025-08-06 18:55:54,798 INFO  [org.apa.kaf.cli.con.int.ConsumerCoordinator] (Thread-636) [Consumer clientId=consumer-Consumer-topic-6c080c3f_460c_4123_92bb_99b8de52b129-6, groupId=Consumer-topic-6c080c3f_460c_4123_92bb_99b8de52b129] Discovered group coordinator localhost:32769 (id: 2147483647 rack: null)
2025-08-06 18:55:54,802 INFO  [org.apa.kaf.cli.con.int.ConsumerCoordinator] (Thread-636) [Consumer clientId=consumer-Consumer-topic-6c080c3f_460c_4123_92bb_99b8de52b129-6, groupId=Consumer-topic-6c080c3f_460c_4123_92bb_99b8de52b129] (Re-)joining group
2025-08-06 18:55:54,806 INFO  [org.apa.kaf.cli.con.int.ConsumerCoordinator] (Thread-636) [Consumer clientId=consumer-Consumer-topic-6c080c3f_460c_4123_92bb_99b8de52b129-6, groupId=Consumer-topic-6c080c3f_460c_4123_92bb_99b8de52b129] Request joining group due to: need to re-join with the given member-id: consumer-Consumer-topic-6c080c3f_460c_4123_92bb_99b8de52b129-6-5257ddbf-48eb-41e0-8f86-f6d3957429dd
2025-08-06 18:55:54,806 INFO  [org.apa.kaf.cli.con.int.ConsumerCoordinator] (Thread-636) [Consumer clientId=consumer-Consumer-topic-6c080c3f_460c_4123_92bb_99b8de52b129-6, groupId=Consumer-topic-6c080c3f_460c_4123_92bb_99b8de52b129] (Re-)joining group
2025-08-06 18:55:55,791 INFO  [io.api.tes.ser.api.KafkaSerdesTester] (Thread-636) None found
2025-08-06 18:55:56,791 INFO  [io.api.tes.ser.api.KafkaSerdesTester] (Thread-636) None found
2025-08-06 18:55:57,792 INFO  [io.api.tes.ser.api.KafkaSerdesTester] (Thread-636) None found
2025-08-06 18:55:57,808 INFO  [org.apa.kaf.cli.con.int.ConsumerCoordinator] (Thread-636) [Consumer clientId=consumer-Consumer-topic-6c080c3f_460c_4123_92bb_99b8de52b129-6, groupId=Consumer-topic-6c080c3f_460c_4123_92bb_99b8de52b129] Successfully joined group with generation Generation{generationId=1, memberId='consumer-Consumer-topic-6c080c3f_460c_4123_92bb_99b8de52b129-6-5257ddbf-48eb-41e0-8f86-f6d3957429dd', protocol='range'}
2025-08-06 18:55:57,808 INFO  [org.apa.kaf.cli.con.int.ConsumerCoordinator] (Thread-636) [Consumer clientId=consumer-Consumer-topic-6c080c3f_460c_4123_92bb_99b8de52b129-6, groupId=Consumer-topic-6c080c3f_460c_4123_92bb_99b8de52b129] Finished assignment for group at generation 1: {consumer-Consumer-topic-6c080c3f_460c_4123_92bb_99b8de52b129-6-5257ddbf-48eb-41e0-8f86-f6d3957429dd=Assignment(partitions=[topic-6c080c3f_460c_4123_92bb_99b8de52b129-0])}
2025-08-06 18:55:57,815 INFO  [org.apa.kaf.cli.con.int.ConsumerCoordinator] (Thread-636) [Consumer clientId=consumer-Consumer-topic-6c080c3f_460c_4123_92bb_99b8de52b129-6, groupId=Consumer-topic-6c080c3f_460c_4123_92bb_99b8de52b129] Successfully synced group in generation Generation{generationId=1, memberId='consumer-Consumer-topic-6c080c3f_460c_4123_92bb_99b8de52b129-6-5257ddbf-48eb-41e0-8f86-f6d3957429dd', protocol='range'}
2025-08-06 18:55:57,815 INFO  [org.apa.kaf.cli.con.int.ConsumerCoordinator] (Thread-636) [Consumer clientId=consumer-Consumer-topic-6c080c3f_460c_4123_92bb_99b8de52b129-6, groupId=Consumer-topic-6c080c3f_460c_4123_92bb_99b8de52b129] Notifying assignor about the new Assignment(partitions=[topic-6c080c3f_460c_4123_92bb_99b8de52b129-0])
2025-08-06 18:55:57,815 INFO  [org.apa.kaf.cli.con.int.ConsumerRebalanceListenerInvoker] (Thread-636) [Consumer clientId=consumer-Consumer-topic-6c080c3f_460c_4123_92bb_99b8de52b129-6, groupId=Consumer-topic-6c080c3f_460c_4123_92bb_99b8de52b129] Adding newly assigned partitions: topic-6c080c3f_460c_4123_92bb_99b8de52b129-0
2025-08-06 18:55:57,816 INFO  [org.apa.kaf.cli.con.int.ConsumerCoordinator] (Thread-636) [Consumer clientId=consumer-Consumer-topic-6c080c3f_460c_4123_92bb_99b8de52b129-6, groupId=Consumer-topic-6c080c3f_460c_4123_92bb_99b8de52b129] Found no committed offset for partition topic-6c080c3f_460c_4123_92bb_99b8de52b129-0
2025-08-06 18:55:57,821 INFO  [org.apa.kaf.cli.con.int.SubscriptionState] (Thread-636) [Consumer clientId=consumer-Consumer-topic-6c080c3f_460c_4123_92bb_99b8de52b129-6, groupId=Consumer-topic-6c080c3f_460c_4123_92bb_99b8de52b129] Resetting offset for partition topic-6c080c3f_460c_4123_92bb_99b8de52b129-0 to position FetchPosition{offset=0, offsetEpoch=Optional.empty, currentLeader=LeaderAndEpoch{leader=Optional[localhost:32769 (id: 0 rack: null)], epoch=0}}.
2025-08-06 18:55:57,865 INFO  [io.api.tes.ser.api.KafkaSerdesTester] (Thread-636) topic-6c080c3f_460c_4123_92bb_99b8de52b129 0 0 io.apicurio.tests.common.serdes.TestObject@3dbd29cb
2025-08-06 18:55:57,865 INFO  [io.api.tes.ser.api.KafkaSerdesTester] (Thread-636) topic-6c080c3f_460c_4123_92bb_99b8de52b129 0 1 io.apicurio.tests.common.serdes.TestObject@3dbd29cb
2025-08-06 18:55:57,865 INFO  [io.api.tes.ser.api.KafkaSerdesTester] (Thread-636) topic-6c080c3f_460c_4123_92bb_99b8de52b129 0 2 io.apicurio.tests.common.serdes.TestObject@3dbd29cb
2025-08-06 18:55:57,865 INFO  [io.api.tes.ser.api.KafkaSerdesTester] (Thread-636) topic-6c080c3f_460c_4123_92bb_99b8de52b129 0 3 io.apicurio.tests.common.serdes.TestObject@3dbd29cb
2025-08-06 18:55:57,865 INFO  [io.api.tes.ser.api.KafkaSerdesTester] (Thread-636) topic-6c080c3f_460c_4123_92bb_99b8de52b129 0 4 io.apicurio.tests.common.serdes.TestObject@3dbd29cb
2025-08-06 18:55:57,865 INFO  [io.api.tes.ser.api.KafkaSerdesTester] (Thread-636) topic-6c080c3f_460c_4123_92bb_99b8de52b129 0 5 io.apicurio.tests.common.serdes.TestObject@3dbd29cb
2025-08-06 18:55:57,865 INFO  [io.api.tes.ser.api.KafkaSerdesTester] (Thread-636) topic-6c080c3f_460c_4123_92bb_99b8de52b129 0 6 io.apicurio.tests.common.serdes.TestObject@3dbd29cb
2025-08-06 18:55:57,865 INFO  [io.api.tes.ser.api.KafkaSerdesTester] (Thread-636) topic-6c080c3f_460c_4123_92bb_99b8de52b129 0 7 io.apicurio.tests.common.serdes.TestObject@3dbd29cb
2025-08-06 18:55:57,865 INFO  [io.api.tes.ser.api.KafkaSerdesTester] (Thread-636) topic-6c080c3f_460c_4123_92bb_99b8de52b129 0 8 io.apicurio.tests.common.serdes.TestObject@3dbd29cb
2025-08-06 18:55:57,865 INFO  [io.api.tes.ser.api.KafkaSerdesTester] (Thread-636) topic-6c080c3f_460c_4123_92bb_99b8de52b129 0 9 io.apicurio.tests.common.serdes.TestObject@3dbd29cb
2025-08-06 18:55:57,865 INFO  [io.api.tes.ser.api.KafkaSerdesTester] (Thread-636) Consumed 10 messages
2025-08-06 18:55:57,873 INFO  [org.apa.kaf.cli.con.int.ConsumerRebalanceListenerInvoker] (Thread-636) [Consumer clientId=consumer-Consumer-topic-6c080c3f_460c_4123_92bb_99b8de52b129-6, groupId=Consumer-topic-6c080c3f_460c_4123_92bb_99b8de52b129] Revoke previously assigned partitions topic-6c080c3f_460c_4123_92bb_99b8de52b129-0
2025-08-06 18:55:57,873 INFO  [org.apa.kaf.cli.con.int.ConsumerCoordinator] (Thread-636) [Consumer clientId=consumer-Consumer-topic-6c080c3f_460c_4123_92bb_99b8de52b129-6, groupId=Consumer-topic-6c080c3f_460c_4123_92bb_99b8de52b129] Member consumer-Consumer-topic-6c080c3f_460c_4123_92bb_99b8de52b129-6-5257ddbf-48eb-41e0-8f86-f6d3957429dd sending LeaveGroup request to coordinator localhost:32769 (id: 2147483647 rack: null) due to the consumer is being closed
2025-08-06 18:55:57,873 INFO  [org.apa.kaf.cli.con.int.ConsumerCoordinator] (Thread-636) [Consumer clientId=consumer-Consumer-topic-6c080c3f_460c_4123_92bb_99b8de52b129-6, groupId=Consumer-topic-6c080c3f_460c_4123_92bb_99b8de52b129] Resetting generation and member id due to: consumer pro-actively leaving the group
2025-08-06 18:55:57,873 INFO  [org.apa.kaf.cli.con.int.ConsumerCoordinator] (Thread-636) [Consumer clientId=consumer-Consumer-topic-6c080c3f_460c_4123_92bb_99b8de52b129-6, groupId=Consumer-topic-6c080c3f_460c_4123_92bb_99b8de52b129] Request joining group due to: consumer pro-actively leaving the group
2025-08-06 18:55:58,368 INFO  [org.apa.kaf.com.met.Metrics] (Thread-636) Metrics scheduler closed
2025-08-06 18:55:58,368 INFO  [org.apa.kaf.com.met.Metrics] (Thread-636) Closing reporter org.apache.kafka.common.metrics.JmxReporter
2025-08-06 18:55:58,368 INFO  [org.apa.kaf.com.met.Metrics] (Thread-636) Closing reporter org.apache.kafka.common.telemetry.internals.ClientTelemetryReporter
2025-08-06 18:55:58,368 INFO  [org.apa.kaf.com.met.Metrics] (Thread-636) Metrics reporters closed
2025-08-06 18:55:58,371 INFO  [org.apa.kaf.com.uti.AppInfoParser] (Thread-636) App info kafka.consumer for consumer-Consumer-topic-6c080c3f_460c_4123_92bb_99b8de52b129-6 unregistered
2025-08-06 18:55:58,372 INFO  [io.api.tes.uti.TestSeparator] (main) io.apicurio.tests.serdes.apicurio.AvroSerdeIT.testReflectAutoRegister-FINISHED
2025-08-06 18:55:58,372 INFO  [io.api.tes.uti.TestSeparator] (main) ############################################################################
Test passed: testReflectAutoRegister
]]></system-out>
  </testcase>
  <testcase name="testArtifactNotFound" classname="io.apicurio.tests.serdes.apicurio.AvroSerdeIT" time="0.196">
    <system-out><![CDATA[2025-08-06 18:55:58,374 INFO  [io.api.tes.uti.TestSeparator] (main) ############################################################################
2025-08-06 18:55:58,374 INFO  [io.api.tes.uti.TestSeparator] (main) io.apicurio.tests.serdes.apicurio.AvroSerdeIT.testArtifactNotFound-STARTED
**** Registry Base URL: http://registry-app-ksql047.apps.ci419.apicurio-testing.org:80
2025-08-06 18:55:58,378 INFO  [org.apa.kaf.cli.pro.ProducerConfig] (main) ProducerConfig values: 
	acks = -1
	auto.include.jmx.reporter = true
	batch.size = 16384
	bootstrap.servers = [PLAINTEXT://localhost:32769]
	buffer.memory = 33554432
	client.dns.lookup = use_all_dns_ips
	client.id = Producer-sddfe90d9xb4e7x42fex81b6xf036d3a1469f
	compression.gzip.level = -1
	compression.lz4.level = 9
	compression.type = none
	compression.zstd.level = 3
	connections.max.idle.ms = 10000
	delivery.timeout.ms = 120000
	enable.idempotence = true
	enable.metrics.push = true
	interceptor.classes = []
	key.serializer = class org.apache.kafka.common.serialization.StringSerializer
	linger.ms = 0
	max.block.ms = 60000
	max.in.flight.requests.per.connection = 5
	max.request.size = 1048576
	metadata.max.age.ms = 300000
	metadata.max.idle.ms = 300000
	metadata.recovery.strategy = none
	metric.reporters = []
	metrics.num.samples = 2
	metrics.recording.level = INFO
	metrics.sample.window.ms = 30000
	partitioner.adaptive.partitioning.enable = true
	partitioner.availability.timeout.ms = 0
	partitioner.class = null
	partitioner.ignore.keys = false
	receive.buffer.bytes = 32768
	reconnect.backoff.max.ms = 1000
	reconnect.backoff.ms = 50
	request.timeout.ms = 5000
	retries = 2147483647
	retry.backoff.max.ms = 1000
	retry.backoff.ms = 100
	sasl.client.callback.handler.class = null
	sasl.jaas.config = null
	sasl.kerberos.kinit.cmd = /usr/bin/kinit
	sasl.kerberos.min.time.before.relogin = 60000
	sasl.kerberos.service.name = null
	sasl.kerberos.ticket.renew.jitter = 0.05
	sasl.kerberos.ticket.renew.window.factor = 0.8
	sasl.login.callback.handler.class = null
	sasl.login.class = null
	sasl.login.connect.timeout.ms = null
	sasl.login.read.timeout.ms = null
	sasl.login.refresh.buffer.seconds = 300
	sasl.login.refresh.min.period.seconds = 60
	sasl.login.refresh.window.factor = 0.8
	sasl.login.refresh.window.jitter = 0.05
	sasl.login.retry.backoff.max.ms = 10000
	sasl.login.retry.backoff.ms = 100
	sasl.mechanism = GSSAPI
	sasl.oauthbearer.clock.skew.seconds = 30
	sasl.oauthbearer.expected.audience = null
	sasl.oauthbearer.expected.issuer = null
	sasl.oauthbearer.header.urlencode = false
	sasl.oauthbearer.jwks.endpoint.refresh.ms = 3600000
	sasl.oauthbearer.jwks.endpoint.retry.backoff.max.ms = 10000
	sasl.oauthbearer.jwks.endpoint.retry.backoff.ms = 100
	sasl.oauthbearer.jwks.endpoint.url = null
	sasl.oauthbearer.scope.claim.name = scope
	sasl.oauthbearer.sub.claim.name = sub
	sasl.oauthbearer.token.endpoint.url = null
	security.protocol = PLAINTEXT
	security.providers = null
	send.buffer.bytes = 131072
	socket.connection.setup.timeout.max.ms = 30000
	socket.connection.setup.timeout.ms = 10000
	ssl.cipher.suites = null
	ssl.enabled.protocols = [TLSv1.2, TLSv1.3]
	ssl.endpoint.identification.algorithm = https
	ssl.engine.factory.class = null
	ssl.key.password = null
	ssl.keymanager.algorithm = SunX509
	ssl.keystore.certificate.chain = null
	ssl.keystore.key = null
	ssl.keystore.location = null
	ssl.keystore.password = null
	ssl.keystore.type = JKS
	ssl.protocol = TLSv1.3
	ssl.provider = null
	ssl.secure.random.implementation = null
	ssl.trustmanager.algorithm = PKIX
	ssl.truststore.certificates = null
	ssl.truststore.location = null
	ssl.truststore.password = null
	ssl.truststore.type = JKS
	transaction.timeout.ms = 60000
	transactional.id = null
	value.serializer = class io.apicurio.registry.serde.avro.AvroKafkaSerializer

2025-08-06 18:55:58,379 INFO  [org.apa.kaf.com.tel.int.KafkaMetricsCollector] (main) initializing Kafka metrics collector
2025-08-06 18:55:58,382 INFO  [org.apa.kaf.cli.pro.KafkaProducer] (main) [Producer clientId=Producer-sddfe90d9xb4e7x42fex81b6xf036d3a1469f] Instantiated an idempotent producer.
2025-08-06 18:55:58,384 INFO  [org.apa.kaf.cli.pro.ProducerConfig] (main) These configurations '[apicurio.registry.url, apicurio.registry.artifact-resolver-strategy]' were supplied but are not used yet.
2025-08-06 18:55:58,384 INFO  [org.apa.kaf.com.uti.AppInfoParser] (main) Kafka version: 3.9.1
2025-08-06 18:55:58,384 INFO  [org.apa.kaf.com.uti.AppInfoParser] (main) Kafka commitId: f745dfdcee2b9851
2025-08-06 18:55:58,384 INFO  [org.apa.kaf.com.uti.AppInfoParser] (main) Kafka startTimeMs: 1754506558384
2025-08-06 18:55:58,387 INFO  [io.api.tes.ser.api.KafkaSerdesTester] (Thread-639) Sending message {"keyB": "value-0"} to topic sddfe90d9xb4e7x42fex81b6xf036d3a1469f
2025-08-06 18:55:58,391 WARN  [org.apa.kaf.cli.NetworkClient] (kafka-producer-network-thread | Producer-sddfe90d9xb4e7x42fex81b6xf036d3a1469f) [Producer clientId=Producer-sddfe90d9xb4e7x42fex81b6xf036d3a1469f] The metadata response from the cluster reported a recoverable issue with correlation id 1 : {sddfe90d9xb4e7x42fex81b6xf036d3a1469f=UNKNOWN_TOPIC_OR_PARTITION}
2025-08-06 18:55:58,391 INFO  [org.apa.kaf.cli.Metadata] (kafka-producer-network-thread | Producer-sddfe90d9xb4e7x42fex81b6xf036d3a1469f) [Producer clientId=Producer-sddfe90d9xb4e7x42fex81b6xf036d3a1469f] Cluster ID: NyMRaTI5Q0SXQrlZpmr68g
2025-08-06 18:55:58,391 INFO  [org.apa.kaf.cli.pro.int.TransactionManager] (kafka-producer-network-thread | Producer-sddfe90d9xb4e7x42fex81b6xf036d3a1469f) [Producer clientId=Producer-sddfe90d9xb4e7x42fex81b6xf036d3a1469f] ProducerId set to 7 with epoch 0
2025-08-06 18:55:58,514 INFO  [DefaultSchemaResolver] (Thread-639) Retrieving schema content using string: {"type":"record","name":"myrecord","namespace":"mygroup","fields":[{"name":"keyB","type":"string"}]}
2025-08-06 18:55:58,564 INFO  [org.apa.kaf.cli.pro.KafkaProducer] (Thread-639) [Producer clientId=Producer-sddfe90d9xb4e7x42fex81b6xf036d3a1469f] Closing the Kafka producer with timeoutMillis = 9223372036854775807 ms.
2025-08-06 18:55:58,567 INFO  [org.apa.kaf.com.met.Metrics] (Thread-639) Metrics scheduler closed
2025-08-06 18:55:58,567 INFO  [org.apa.kaf.com.met.Metrics] (Thread-639) Closing reporter org.apache.kafka.common.metrics.JmxReporter
2025-08-06 18:55:58,567 INFO  [org.apa.kaf.com.met.Metrics] (Thread-639) Closing reporter org.apache.kafka.common.telemetry.internals.ClientTelemetryReporter
2025-08-06 18:55:58,567 INFO  [org.apa.kaf.com.met.Metrics] (Thread-639) Metrics reporters closed
2025-08-06 18:55:58,568 INFO  [org.apa.kaf.com.uti.AppInfoParser] (Thread-639) App info kafka.producer for Producer-sddfe90d9xb4e7x42fex81b6xf036d3a1469f unregistered
2025-08-06 18:55:58,568 INFO  [io.api.tes.uti.TestSeparator] (main) io.apicurio.tests.serdes.apicurio.AvroSerdeIT.testArtifactNotFound-FINISHED
2025-08-06 18:55:58,568 INFO  [io.api.tes.uti.TestSeparator] (main) ############################################################################
Test passed: testArtifactNotFound
]]></system-out>
    <system-err><![CDATA[java.lang.RuntimeException: Could not resolve artifact reference by content: {"type":"record","name":"myrecord","namespace":"mygroup","fields":[{"name":"keyB","type":"string"}]}&ArtifactReference [groupId=default, artifactId=sddfe90d9xb4e7x42fex81b6xf036d3a1469f-value, version=null, globalId=null, contentId=null, contentHash=null]
	at io.apicurio.registry.resolver.DefaultSchemaResolver.lambda$handleResolveSchemaByContent$3(DefaultSchemaResolver.java:265)
	at io.apicurio.registry.resolver.cache.ERCache.lambda$getValue$0(ERCache.java:174)
	at io.apicurio.registry.resolver.cache.ERCache.retry(ERCache.java:227)
	at io.apicurio.registry.resolver.cache.ERCache.getValue(ERCache.java:173)
	at io.apicurio.registry.resolver.cache.ERCache.getByContent(ERCache.java:147)
	at io.apicurio.registry.resolver.DefaultSchemaResolver.handleResolveSchemaByContent(DefaultSchemaResolver.java:253)
	at io.apicurio.registry.resolver.DefaultSchemaResolver.getSchemaFromRegistry(DefaultSchemaResolver.java:138)
	at io.apicurio.registry.resolver.DefaultSchemaResolver.lambda$resolveSchema$0(DefaultSchemaResolver.java:84)
	at java.base/java.util.Optional.orElseGet(Optional.java:364)
	at io.apicurio.registry.resolver.DefaultSchemaResolver.resolveSchema(DefaultSchemaResolver.java:84)
	at io.apicurio.registry.serde.AbstractSerializer.serializeData(AbstractSerializer.java:62)
	at io.apicurio.registry.serde.KafkaSerializer.serialize(KafkaSerializer.java:77)
	at org.apache.kafka.clients.producer.KafkaProducer.doSend(KafkaProducer.java:1046)
	at org.apache.kafka.clients.producer.KafkaProducer.send(KafkaProducer.java:993)
	at org.apache.kafka.clients.producer.KafkaProducer.send(KafkaProducer.java:875)
	at io.apicurio.tests.serdes.apicurio.KafkaSerdesTester.lambda$produceMessages$3(KafkaSerdesTester.java:138)
	at java.base/java.util.concurrent.CompletableFuture$AsyncSupply.run(CompletableFuture.java:1768)
	at java.base/java.lang.Thread.run(Thread.java:840)
]]></system-err>
  </testcase>
  <testcase name="testAvroSerDesFailDifferentSchemaByRecordName" classname="io.apicurio.tests.serdes.apicurio.AvroSerdeIT" time="1.145">
    <system-out><![CDATA[2025-08-06 18:55:58,570 INFO  [io.api.tes.uti.TestSeparator] (main) ############################################################################
2025-08-06 18:55:58,570 INFO  [io.api.tes.uti.TestSeparator] (main) io.apicurio.tests.serdes.apicurio.AvroSerdeIT.testAvroSerDesFailDifferentSchemaByRecordName-STARTED
**** Registry Base URL: http://registry-app-ksql047.apps.ci419.apicurio-testing.org:80
2025-08-06 18:55:59,656 INFO  [org.apa.kaf.cli.pro.ProducerConfig] (main) ProducerConfig values: 
	acks = -1
	auto.include.jmx.reporter = true
	batch.size = 16384
	bootstrap.servers = [PLAINTEXT://localhost:32769]
	buffer.memory = 33554432
	client.dns.lookup = use_all_dns_ips
	client.id = Producer-topic-b73e8a07_d5bb_4c56_8a97_4d12ac111965
	compression.gzip.level = -1
	compression.lz4.level = 9
	compression.type = none
	compression.zstd.level = 3
	connections.max.idle.ms = 10000
	delivery.timeout.ms = 120000
	enable.idempotence = true
	enable.metrics.push = true
	interceptor.classes = []
	key.serializer = class org.apache.kafka.common.serialization.StringSerializer
	linger.ms = 0
	max.block.ms = 60000
	max.in.flight.requests.per.connection = 5
	max.request.size = 1048576
	metadata.max.age.ms = 300000
	metadata.max.idle.ms = 300000
	metadata.recovery.strategy = none
	metric.reporters = []
	metrics.num.samples = 2
	metrics.recording.level = INFO
	metrics.sample.window.ms = 30000
	partitioner.adaptive.partitioning.enable = true
	partitioner.availability.timeout.ms = 0
	partitioner.class = null
	partitioner.ignore.keys = false
	receive.buffer.bytes = 32768
	reconnect.backoff.max.ms = 1000
	reconnect.backoff.ms = 50
	request.timeout.ms = 5000
	retries = 2147483647
	retry.backoff.max.ms = 1000
	retry.backoff.ms = 100
	sasl.client.callback.handler.class = null
	sasl.jaas.config = null
	sasl.kerberos.kinit.cmd = /usr/bin/kinit
	sasl.kerberos.min.time.before.relogin = 60000
	sasl.kerberos.service.name = null
	sasl.kerberos.ticket.renew.jitter = 0.05
	sasl.kerberos.ticket.renew.window.factor = 0.8
	sasl.login.callback.handler.class = null
	sasl.login.class = null
	sasl.login.connect.timeout.ms = null
	sasl.login.read.timeout.ms = null
	sasl.login.refresh.buffer.seconds = 300
	sasl.login.refresh.min.period.seconds = 60
	sasl.login.refresh.window.factor = 0.8
	sasl.login.refresh.window.jitter = 0.05
	sasl.login.retry.backoff.max.ms = 10000
	sasl.login.retry.backoff.ms = 100
	sasl.mechanism = GSSAPI
	sasl.oauthbearer.clock.skew.seconds = 30
	sasl.oauthbearer.expected.audience = null
	sasl.oauthbearer.expected.issuer = null
	sasl.oauthbearer.header.urlencode = false
	sasl.oauthbearer.jwks.endpoint.refresh.ms = 3600000
	sasl.oauthbearer.jwks.endpoint.retry.backoff.max.ms = 10000
	sasl.oauthbearer.jwks.endpoint.retry.backoff.ms = 100
	sasl.oauthbearer.jwks.endpoint.url = null
	sasl.oauthbearer.scope.claim.name = scope
	sasl.oauthbearer.sub.claim.name = sub
	sasl.oauthbearer.token.endpoint.url = null
	security.protocol = PLAINTEXT
	security.providers = null
	send.buffer.bytes = 131072
	socket.connection.setup.timeout.max.ms = 30000
	socket.connection.setup.timeout.ms = 10000
	ssl.cipher.suites = null
	ssl.enabled.protocols = [TLSv1.2, TLSv1.3]
	ssl.endpoint.identification.algorithm = https
	ssl.engine.factory.class = null
	ssl.key.password = null
	ssl.keymanager.algorithm = SunX509
	ssl.keystore.certificate.chain = null
	ssl.keystore.key = null
	ssl.keystore.location = null
	ssl.keystore.password = null
	ssl.keystore.type = JKS
	ssl.protocol = TLSv1.3
	ssl.provider = null
	ssl.secure.random.implementation = null
	ssl.trustmanager.algorithm = PKIX
	ssl.truststore.certificates = null
	ssl.truststore.location = null
	ssl.truststore.password = null
	ssl.truststore.type = JKS
	transaction.timeout.ms = 60000
	transactional.id = null
	value.serializer = class io.apicurio.registry.serde.avro.AvroKafkaSerializer

2025-08-06 18:55:59,657 INFO  [org.apa.kaf.com.tel.int.KafkaMetricsCollector] (main) initializing Kafka metrics collector
2025-08-06 18:55:59,660 INFO  [org.apa.kaf.cli.pro.KafkaProducer] (main) [Producer clientId=Producer-topic-b73e8a07_d5bb_4c56_8a97_4d12ac111965] Instantiated an idempotent producer.
2025-08-06 18:55:59,663 INFO  [org.apa.kaf.cli.pro.ProducerConfig] (main) These configurations '[apicurio.registry.find-latest, apicurio.registry.url, apicurio.registry.artifact-resolver-strategy]' were supplied but are not used yet.
2025-08-06 18:55:59,663 INFO  [org.apa.kaf.com.uti.AppInfoParser] (main) Kafka version: 3.9.1
2025-08-06 18:55:59,663 INFO  [org.apa.kaf.com.uti.AppInfoParser] (main) Kafka commitId: f745dfdcee2b9851
2025-08-06 18:55:59,663 INFO  [org.apa.kaf.com.uti.AppInfoParser] (main) Kafka startTimeMs: 1754506559663
2025-08-06 18:55:59,664 INFO  [io.api.tes.ser.api.KafkaSerdesTester] (Thread-642) Sending message {"keyB": "value-0"} to topic topic-b73e8a07_d5bb_4c56_8a97_4d12ac111965
2025-08-06 18:55:59,679 INFO  [org.apa.kaf.cli.Metadata] (kafka-producer-network-thread | Producer-topic-b73e8a07_d5bb_4c56_8a97_4d12ac111965) [Producer clientId=Producer-topic-b73e8a07_d5bb_4c56_8a97_4d12ac111965] Cluster ID: NyMRaTI5Q0SXQrlZpmr68g
2025-08-06 18:55:59,681 INFO  [org.apa.kaf.cli.pro.int.TransactionManager] (kafka-producer-network-thread | Producer-topic-b73e8a07_d5bb_4c56_8a97_4d12ac111965) [Producer clientId=Producer-topic-b73e8a07_d5bb_4c56_8a97_4d12ac111965] ProducerId set to 8 with epoch 0
2025-08-06 18:55:59,711 INFO  [org.apa.kaf.cli.pro.KafkaProducer] (Thread-642) [Producer clientId=Producer-topic-b73e8a07_d5bb_4c56_8a97_4d12ac111965] Closing the Kafka producer with timeoutMillis = 9223372036854775807 ms.
2025-08-06 18:55:59,713 INFO  [org.apa.kaf.com.met.Metrics] (Thread-642) Metrics scheduler closed
2025-08-06 18:55:59,713 INFO  [org.apa.kaf.com.met.Metrics] (Thread-642) Closing reporter org.apache.kafka.common.metrics.JmxReporter
2025-08-06 18:55:59,713 INFO  [org.apa.kaf.com.met.Metrics] (Thread-642) Closing reporter org.apache.kafka.common.telemetry.internals.ClientTelemetryReporter
2025-08-06 18:55:59,713 INFO  [org.apa.kaf.com.met.Metrics] (Thread-642) Metrics reporters closed
2025-08-06 18:55:59,713 INFO  [org.apa.kaf.com.uti.AppInfoParser] (Thread-642) App info kafka.producer for Producer-topic-b73e8a07_d5bb_4c56_8a97_4d12ac111965 unregistered
2025-08-06 18:55:59,714 INFO  [io.api.tes.uti.TestSeparator] (main) io.apicurio.tests.serdes.apicurio.AvroSerdeIT.testAvroSerDesFailDifferentSchemaByRecordName-FINISHED
2025-08-06 18:55:59,714 INFO  [io.api.tes.uti.TestSeparator] (main) ############################################################################
Test passed: testAvroSerDesFailDifferentSchemaByRecordName
]]></system-out>
    <system-err><![CDATA[io.apicurio.registry.rest.client.models.ProblemDetails
	at io.apicurio.registry.rest.client.models.ProblemDetails.createFromDiscriminatorValue(ProblemDetails.java:58)
	at io.kiota.serialization.json.JsonParseNode.getObjectValue(JsonParseNode.java:247)
	at io.kiota.http.vertx.VertXRequestAdapter.lambda$throwIfFailedResponse$0(VertXRequestAdapter.java:400)
	at com.microsoft.kiota.ApiExceptionBuilder.<init>(ApiExceptionBuilder.java:26)
	at io.kiota.http.vertx.VertXRequestAdapter.throwIfFailedResponse(VertXRequestAdapter.java:399)
	at io.kiota.http.vertx.VertXRequestAdapter.send(VertXRequestAdapter.java:170)
	at io.apicurio.registry.rest.client.groups.item.artifacts.item.versions.item.WithVersionExpressionItemRequestBuilder.get(WithVersionExpressionItemRequestBuilder.java:128)
	at io.apicurio.registry.rest.client.groups.item.artifacts.item.versions.item.WithVersionExpressionItemRequestBuilder.get(WithVersionExpressionItemRequestBuilder.java:111)
	at io.apicurio.registry.resolver.client.RegistryClientFacadeImpl.getVersionCoordinatesByGAV(RegistryClientFacadeImpl.java:159)
	at io.apicurio.registry.resolver.DefaultSchemaResolver.resolveByCoordinates(DefaultSchemaResolver.java:352)
	at io.apicurio.registry.resolver.DefaultSchemaResolver.lambda$resolveSchemaByArtifactReferenceCached$6(DefaultSchemaResolver.java:340)
	at io.apicurio.registry.resolver.cache.ERCache.lambda$getValue$0(ERCache.java:174)
	at io.apicurio.registry.resolver.cache.ERCache.retry(ERCache.java:227)
	at io.apicurio.registry.resolver.cache.ERCache.getValue(ERCache.java:173)
	at io.apicurio.registry.resolver.cache.ERCache.getByArtifactCoordinates(ERCache.java:158)
	at io.apicurio.registry.resolver.DefaultSchemaResolver.resolveSchemaByArtifactReferenceCached(DefaultSchemaResolver.java:338)
	at io.apicurio.registry.resolver.DefaultSchemaResolver.resolveSchemaByCoordinates(DefaultSchemaResolver.java:193)
	at io.apicurio.registry.resolver.DefaultSchemaResolver.getSchemaFromRegistry(DefaultSchemaResolver.java:130)
	at io.apicurio.registry.resolver.DefaultSchemaResolver.lambda$resolveSchema$0(DefaultSchemaResolver.java:84)
	at java.base/java.util.Optional.orElseGet(Optional.java:364)
	at io.apicurio.registry.resolver.DefaultSchemaResolver.resolveSchema(DefaultSchemaResolver.java:84)
	at io.apicurio.registry.serde.AbstractSerializer.serializeData(AbstractSerializer.java:62)
	at io.apicurio.registry.serde.KafkaSerializer.serialize(KafkaSerializer.java:77)
	at org.apache.kafka.clients.producer.KafkaProducer.doSend(KafkaProducer.java:1046)
	at org.apache.kafka.clients.producer.KafkaProducer.send(KafkaProducer.java:993)
	at org.apache.kafka.clients.producer.KafkaProducer.send(KafkaProducer.java:875)
	at io.apicurio.tests.serdes.apicurio.KafkaSerdesTester.lambda$produceMessages$3(KafkaSerdesTester.java:138)
	at java.base/java.util.concurrent.CompletableFuture$AsyncSupply.run(CompletableFuture.java:1768)
	at java.base/java.lang.Thread.run(Thread.java:840)
]]></system-err>
  </testcase>
  <testcase name="testTopicIdStrategyFindLatest" classname="io.apicurio.tests.serdes.apicurio.AvroSerdeIT" time="4.776">
    <system-out><![CDATA[2025-08-06 18:55:59,716 INFO  [io.api.tes.uti.TestSeparator] (main) ############################################################################
2025-08-06 18:55:59,716 INFO  [io.api.tes.uti.TestSeparator] (main) io.apicurio.tests.serdes.apicurio.AvroSerdeIT.testTopicIdStrategyFindLatest-STARTED
2025-08-06 18:55:59,717 INFO  [io.api.tes.ser.api.AvroSerdeIT] (main) Registering Avro Schema: {"type":"record","name":"myrecordapicurio1","fields":[{"name":"key11754506559717","type":"string"}]}
**** Registry Base URL: http://registry-app-ksql047.apps.ci419.apicurio-testing.org:80
2025-08-06 18:56:00,785 INFO  [org.apa.kaf.cli.pro.ProducerConfig] (main) ProducerConfig values: 
	acks = -1
	auto.include.jmx.reporter = true
	batch.size = 16384
	bootstrap.servers = [PLAINTEXT://localhost:32769]
	buffer.memory = 33554432
	client.dns.lookup = use_all_dns_ips
	client.id = Producer-topic-b3920cd7_590d_4faa_817f_36c2703757f7
	compression.gzip.level = -1
	compression.lz4.level = 9
	compression.type = none
	compression.zstd.level = 3
	connections.max.idle.ms = 10000
	delivery.timeout.ms = 120000
	enable.idempotence = true
	enable.metrics.push = true
	interceptor.classes = []
	key.serializer = class org.apache.kafka.common.serialization.StringSerializer
	linger.ms = 0
	max.block.ms = 60000
	max.in.flight.requests.per.connection = 5
	max.request.size = 1048576
	metadata.max.age.ms = 300000
	metadata.max.idle.ms = 300000
	metadata.recovery.strategy = none
	metric.reporters = []
	metrics.num.samples = 2
	metrics.recording.level = INFO
	metrics.sample.window.ms = 30000
	partitioner.adaptive.partitioning.enable = true
	partitioner.availability.timeout.ms = 0
	partitioner.class = null
	partitioner.ignore.keys = false
	receive.buffer.bytes = 32768
	reconnect.backoff.max.ms = 1000
	reconnect.backoff.ms = 50
	request.timeout.ms = 5000
	retries = 2147483647
	retry.backoff.max.ms = 1000
	retry.backoff.ms = 100
	sasl.client.callback.handler.class = null
	sasl.jaas.config = null
	sasl.kerberos.kinit.cmd = /usr/bin/kinit
	sasl.kerberos.min.time.before.relogin = 60000
	sasl.kerberos.service.name = null
	sasl.kerberos.ticket.renew.jitter = 0.05
	sasl.kerberos.ticket.renew.window.factor = 0.8
	sasl.login.callback.handler.class = null
	sasl.login.class = null
	sasl.login.connect.timeout.ms = null
	sasl.login.read.timeout.ms = null
	sasl.login.refresh.buffer.seconds = 300
	sasl.login.refresh.min.period.seconds = 60
	sasl.login.refresh.window.factor = 0.8
	sasl.login.refresh.window.jitter = 0.05
	sasl.login.retry.backoff.max.ms = 10000
	sasl.login.retry.backoff.ms = 100
	sasl.mechanism = GSSAPI
	sasl.oauthbearer.clock.skew.seconds = 30
	sasl.oauthbearer.expected.audience = null
	sasl.oauthbearer.expected.issuer = null
	sasl.oauthbearer.header.urlencode = false
	sasl.oauthbearer.jwks.endpoint.refresh.ms = 3600000
	sasl.oauthbearer.jwks.endpoint.retry.backoff.max.ms = 10000
	sasl.oauthbearer.jwks.endpoint.retry.backoff.ms = 100
	sasl.oauthbearer.jwks.endpoint.url = null
	sasl.oauthbearer.scope.claim.name = scope
	sasl.oauthbearer.sub.claim.name = sub
	sasl.oauthbearer.token.endpoint.url = null
	security.protocol = PLAINTEXT
	security.providers = null
	send.buffer.bytes = 131072
	socket.connection.setup.timeout.max.ms = 30000
	socket.connection.setup.timeout.ms = 10000
	ssl.cipher.suites = null
	ssl.enabled.protocols = [TLSv1.2, TLSv1.3]
	ssl.endpoint.identification.algorithm = https
	ssl.engine.factory.class = null
	ssl.key.password = null
	ssl.keymanager.algorithm = SunX509
	ssl.keystore.certificate.chain = null
	ssl.keystore.key = null
	ssl.keystore.location = null
	ssl.keystore.password = null
	ssl.keystore.type = JKS
	ssl.protocol = TLSv1.3
	ssl.provider = null
	ssl.secure.random.implementation = null
	ssl.trustmanager.algorithm = PKIX
	ssl.truststore.certificates = null
	ssl.truststore.location = null
	ssl.truststore.password = null
	ssl.truststore.type = JKS
	transaction.timeout.ms = 60000
	transactional.id = null
	value.serializer = class io.apicurio.registry.serde.avro.AvroKafkaSerializer

2025-08-06 18:56:00,786 INFO  [org.apa.kaf.com.tel.int.KafkaMetricsCollector] (main) initializing Kafka metrics collector
2025-08-06 18:56:00,789 INFO  [org.apa.kaf.cli.pro.KafkaProducer] (main) [Producer clientId=Producer-topic-b3920cd7_590d_4faa_817f_36c2703757f7] Instantiated an idempotent producer.
2025-08-06 18:56:00,790 INFO  [org.apa.kaf.cli.pro.ProducerConfig] (main) These configurations '[apicurio.registry.find-latest, apicurio.registry.url, apicurio.registry.artifact-resolver-strategy]' were supplied but are not used yet.
2025-08-06 18:56:00,790 INFO  [org.apa.kaf.com.uti.AppInfoParser] (main) Kafka version: 3.9.1
2025-08-06 18:56:00,790 INFO  [org.apa.kaf.com.uti.AppInfoParser] (main) Kafka commitId: f745dfdcee2b9851
2025-08-06 18:56:00,790 INFO  [org.apa.kaf.com.uti.AppInfoParser] (main) Kafka startTimeMs: 1754506560790
2025-08-06 18:56:00,790 INFO  [io.api.tes.ser.api.SimpleSerdesTesterBuilder$SimpleSerdesTester] (main) Using producer configuration: {apicurio.registry.find-latest=true, apicurio.registry.url=http://registry-app-ksql047.apps.ci419.apicurio-testing.org:80/apis/registry/v3, apicurio.registry.artifact-resolver-strategy=io.apicurio.registry.serde.strategy.TopicIdStrategy, value.serializer=io.apicurio.registry.serde.avro.AvroKafkaSerializer, request.timeout.ms=5000, acks=all, bootstrap.servers=PLAINTEXT://localhost:32769, connections.max.idle.ms=10000, key.serializer=org.apache.kafka.common.serialization.StringSerializer, client.id=Producer-topic-b3920cd7_590d_4faa_817f_36c2703757f7}
2025-08-06 18:56:00,790 INFO  [io.api.tes.ser.api.SimpleSerdesTesterBuilder$SimpleSerdesTester] (main) Using consumer configuration: {}
2025-08-06 18:56:00,791 INFO  [io.api.tes.ser.api.KafkaSerdesTester] (Thread-645) Sending message {"key11754506559717": "value-0"} to topic topic-b3920cd7_590d_4faa_817f_36c2703757f7
2025-08-06 18:56:00,795 INFO  [org.apa.kaf.cli.Metadata] (kafka-producer-network-thread | Producer-topic-b3920cd7_590d_4faa_817f_36c2703757f7) [Producer clientId=Producer-topic-b3920cd7_590d_4faa_817f_36c2703757f7] Cluster ID: NyMRaTI5Q0SXQrlZpmr68g
2025-08-06 18:56:00,795 INFO  [org.apa.kaf.cli.pro.int.TransactionManager] (kafka-producer-network-thread | Producer-topic-b3920cd7_590d_4faa_817f_36c2703757f7) [Producer clientId=Producer-topic-b3920cd7_590d_4faa_817f_36c2703757f7] ProducerId set to 9 with epoch 0
2025-08-06 18:56:00,849 INFO  [io.api.tes.ser.api.KafkaSerdesTester] (Thread-645) Sending message {"key11754506559717": "value-1"} to topic topic-b3920cd7_590d_4faa_817f_36c2703757f7
2025-08-06 18:56:00,853 INFO  [io.api.tes.ser.api.KafkaSerdesTester] (Thread-645) Sending message {"key11754506559717": "value-2"} to topic topic-b3920cd7_590d_4faa_817f_36c2703757f7
2025-08-06 18:56:00,856 INFO  [io.api.tes.ser.api.KafkaSerdesTester] (Thread-645) Sending message {"key11754506559717": "value-3"} to topic topic-b3920cd7_590d_4faa_817f_36c2703757f7
2025-08-06 18:56:00,861 INFO  [io.api.tes.ser.api.KafkaSerdesTester] (Thread-645) Sending message {"key11754506559717": "value-4"} to topic topic-b3920cd7_590d_4faa_817f_36c2703757f7
2025-08-06 18:56:00,863 INFO  [io.api.tes.ser.api.KafkaSerdesTester] (Thread-645) Sending message {"key11754506559717": "value-5"} to topic topic-b3920cd7_590d_4faa_817f_36c2703757f7
2025-08-06 18:56:00,865 INFO  [io.api.tes.ser.api.KafkaSerdesTester] (Thread-645) Sending message {"key11754506559717": "value-6"} to topic topic-b3920cd7_590d_4faa_817f_36c2703757f7
2025-08-06 18:56:00,866 INFO  [io.api.tes.ser.api.KafkaSerdesTester] (Thread-645) Sending message {"key11754506559717": "value-7"} to topic topic-b3920cd7_590d_4faa_817f_36c2703757f7
2025-08-06 18:56:00,868 INFO  [io.api.tes.ser.api.KafkaSerdesTester] (Thread-645) Sending message {"key11754506559717": "value-8"} to topic topic-b3920cd7_590d_4faa_817f_36c2703757f7
2025-08-06 18:56:00,871 INFO  [io.api.tes.ser.api.KafkaSerdesTester] (Thread-645) Sending message {"key11754506559717": "value-9"} to topic topic-b3920cd7_590d_4faa_817f_36c2703757f7
2025-08-06 18:56:00,873 INFO  [io.api.tes.ser.api.KafkaSerdesTester] (Thread-645) Produced 10 messages
2025-08-06 18:56:00,873 INFO  [org.apa.kaf.cli.pro.KafkaProducer] (Thread-645) [Producer clientId=Producer-topic-b3920cd7_590d_4faa_817f_36c2703757f7] Closing the Kafka producer with timeoutMillis = 9223372036854775807 ms.
2025-08-06 18:56:00,876 INFO  [org.apa.kaf.com.met.Metrics] (Thread-645) Metrics scheduler closed
2025-08-06 18:56:00,876 INFO  [org.apa.kaf.com.met.Metrics] (Thread-645) Closing reporter org.apache.kafka.common.metrics.JmxReporter
2025-08-06 18:56:00,876 INFO  [org.apa.kaf.com.met.Metrics] (Thread-645) Closing reporter org.apache.kafka.common.telemetry.internals.ClientTelemetryReporter
2025-08-06 18:56:00,876 INFO  [org.apa.kaf.com.met.Metrics] (Thread-645) Metrics reporters closed
2025-08-06 18:56:00,877 INFO  [org.apa.kaf.com.uti.AppInfoParser] (Thread-645) App info kafka.producer for Producer-topic-b3920cd7_590d_4faa_817f_36c2703757f7 unregistered
**** Registry Base URL: http://registry-app-ksql047.apps.ci419.apicurio-testing.org:80
2025-08-06 18:56:00,878 INFO  [org.apa.kaf.cli.con.ConsumerConfig] (main) ConsumerConfig values: 
	allow.auto.create.topics = true
	auto.commit.interval.ms = 500
	auto.include.jmx.reporter = true
	auto.offset.reset = earliest
	bootstrap.servers = [PLAINTEXT://localhost:32769]
	check.crcs = true
	client.dns.lookup = use_all_dns_ips
	client.id = consumer-Consumer-topic-b3920cd7_590d_4faa_817f_36c2703757f7-7
	client.rack = 
	connections.max.idle.ms = 10000
	default.api.timeout.ms = 60000
	enable.auto.commit = true
	enable.metrics.push = true
	exclude.internal.topics = true
	fetch.max.bytes = 52428800
	fetch.max.wait.ms = 500
	fetch.min.bytes = 1
	group.id = Consumer-topic-b3920cd7_590d_4faa_817f_36c2703757f7
	group.instance.id = null
	group.protocol = classic
	group.remote.assignor = null
	heartbeat.interval.ms = 3000
	interceptor.classes = []
	internal.leave.group.on.close = true
	internal.throw.on.fetch.stable.offset.unsupported = false
	isolation.level = read_uncommitted
	key.deserializer = class org.apache.kafka.common.serialization.StringDeserializer
	max.partition.fetch.bytes = 1048576
	max.poll.interval.ms = 300000
	max.poll.records = 500
	metadata.max.age.ms = 300000
	metadata.recovery.strategy = none
	metric.reporters = []
	metrics.num.samples = 2
	metrics.recording.level = INFO
	metrics.sample.window.ms = 30000
	partition.assignment.strategy = [class org.apache.kafka.clients.consumer.RangeAssignor, class org.apache.kafka.clients.consumer.CooperativeStickyAssignor]
	receive.buffer.bytes = 65536
	reconnect.backoff.max.ms = 1000
	reconnect.backoff.ms = 50
	request.timeout.ms = 5000
	retry.backoff.max.ms = 1000
	retry.backoff.ms = 100
	sasl.client.callback.handler.class = null
	sasl.jaas.config = null
	sasl.kerberos.kinit.cmd = /usr/bin/kinit
	sasl.kerberos.min.time.before.relogin = 60000
	sasl.kerberos.service.name = null
	sasl.kerberos.ticket.renew.jitter = 0.05
	sasl.kerberos.ticket.renew.window.factor = 0.8
	sasl.login.callback.handler.class = null
	sasl.login.class = null
	sasl.login.connect.timeout.ms = null
	sasl.login.read.timeout.ms = null
	sasl.login.refresh.buffer.seconds = 300
	sasl.login.refresh.min.period.seconds = 60
	sasl.login.refresh.window.factor = 0.8
	sasl.login.refresh.window.jitter = 0.05
	sasl.login.retry.backoff.max.ms = 10000
	sasl.login.retry.backoff.ms = 100
	sasl.mechanism = GSSAPI
	sasl.oauthbearer.clock.skew.seconds = 30
	sasl.oauthbearer.expected.audience = null
	sasl.oauthbearer.expected.issuer = null
	sasl.oauthbearer.header.urlencode = false
	sasl.oauthbearer.jwks.endpoint.refresh.ms = 3600000
	sasl.oauthbearer.jwks.endpoint.retry.backoff.max.ms = 10000
	sasl.oauthbearer.jwks.endpoint.retry.backoff.ms = 100
	sasl.oauthbearer.jwks.endpoint.url = null
	sasl.oauthbearer.scope.claim.name = scope
	sasl.oauthbearer.sub.claim.name = sub
	sasl.oauthbearer.token.endpoint.url = null
	security.protocol = PLAINTEXT
	security.providers = null
	send.buffer.bytes = 131072
	session.timeout.ms = 45000
	socket.connection.setup.timeout.max.ms = 30000
	socket.connection.setup.timeout.ms = 10000
	ssl.cipher.suites = null
	ssl.enabled.protocols = [TLSv1.2, TLSv1.3]
	ssl.endpoint.identification.algorithm = https
	ssl.engine.factory.class = null
	ssl.key.password = null
	ssl.keymanager.algorithm = SunX509
	ssl.keystore.certificate.chain = null
	ssl.keystore.key = null
	ssl.keystore.location = null
	ssl.keystore.password = null
	ssl.keystore.type = JKS
	ssl.protocol = TLSv1.3
	ssl.provider = null
	ssl.secure.random.implementation = null
	ssl.trustmanager.algorithm = PKIX
	ssl.truststore.certificates = null
	ssl.truststore.location = null
	ssl.truststore.password = null
	ssl.truststore.type = JKS
	value.deserializer = class io.apicurio.registry.serde.avro.AvroKafkaDeserializer

2025-08-06 18:56:00,878 INFO  [org.apa.kaf.com.tel.int.KafkaMetricsCollector] (main) initializing Kafka metrics collector
2025-08-06 18:56:00,898 INFO  [org.apa.kaf.cli.con.ConsumerConfig] (main) These configurations '[apicurio.registry.url]' were supplied but are not used yet.
2025-08-06 18:56:00,898 INFO  [org.apa.kaf.com.uti.AppInfoParser] (main) Kafka version: 3.9.1
2025-08-06 18:56:00,898 INFO  [org.apa.kaf.com.uti.AppInfoParser] (main) Kafka commitId: f745dfdcee2b9851
2025-08-06 18:56:00,898 INFO  [org.apa.kaf.com.uti.AppInfoParser] (main) Kafka startTimeMs: 1754506560898
2025-08-06 18:56:00,900 INFO  [org.apa.kaf.cli.con.int.ClassicKafkaConsumer] (Thread-648) [Consumer clientId=consumer-Consumer-topic-b3920cd7_590d_4faa_817f_36c2703757f7-7, groupId=Consumer-topic-b3920cd7_590d_4faa_817f_36c2703757f7] Subscribed to topic(s): topic-b3920cd7_590d_4faa_817f_36c2703757f7
2025-08-06 18:56:00,913 INFO  [org.apa.kaf.cli.Metadata] (Thread-648) [Consumer clientId=consumer-Consumer-topic-b3920cd7_590d_4faa_817f_36c2703757f7-7, groupId=Consumer-topic-b3920cd7_590d_4faa_817f_36c2703757f7] Cluster ID: NyMRaTI5Q0SXQrlZpmr68g
2025-08-06 18:56:00,917 INFO  [org.apa.kaf.cli.con.int.ConsumerCoordinator] (Thread-648) [Consumer clientId=consumer-Consumer-topic-b3920cd7_590d_4faa_817f_36c2703757f7-7, groupId=Consumer-topic-b3920cd7_590d_4faa_817f_36c2703757f7] Discovered group coordinator localhost:32769 (id: 2147483647 rack: null)
2025-08-06 18:56:00,921 INFO  [org.apa.kaf.cli.con.int.ConsumerCoordinator] (Thread-648) [Consumer clientId=consumer-Consumer-topic-b3920cd7_590d_4faa_817f_36c2703757f7-7, groupId=Consumer-topic-b3920cd7_590d_4faa_817f_36c2703757f7] (Re-)joining group
2025-08-06 18:56:00,929 INFO  [org.apa.kaf.cli.con.int.ConsumerCoordinator] (Thread-648) [Consumer clientId=consumer-Consumer-topic-b3920cd7_590d_4faa_817f_36c2703757f7-7, groupId=Consumer-topic-b3920cd7_590d_4faa_817f_36c2703757f7] Request joining group due to: need to re-join with the given member-id: consumer-Consumer-topic-b3920cd7_590d_4faa_817f_36c2703757f7-7-714fc49a-0b40-4ad5-8a29-e015099d018e
2025-08-06 18:56:00,929 INFO  [org.apa.kaf.cli.con.int.ConsumerCoordinator] (Thread-648) [Consumer clientId=consumer-Consumer-topic-b3920cd7_590d_4faa_817f_36c2703757f7-7, groupId=Consumer-topic-b3920cd7_590d_4faa_817f_36c2703757f7] (Re-)joining group
2025-08-06 18:56:01,902 INFO  [io.api.tes.ser.api.KafkaSerdesTester] (Thread-648) None found
2025-08-06 18:56:02,902 INFO  [io.api.tes.ser.api.KafkaSerdesTester] (Thread-648) None found
2025-08-06 18:56:03,902 INFO  [io.api.tes.ser.api.KafkaSerdesTester] (Thread-648) None found
2025-08-06 18:56:03,933 INFO  [org.apa.kaf.cli.con.int.ConsumerCoordinator] (Thread-648) [Consumer clientId=consumer-Consumer-topic-b3920cd7_590d_4faa_817f_36c2703757f7-7, groupId=Consumer-topic-b3920cd7_590d_4faa_817f_36c2703757f7] Successfully joined group with generation Generation{generationId=1, memberId='consumer-Consumer-topic-b3920cd7_590d_4faa_817f_36c2703757f7-7-714fc49a-0b40-4ad5-8a29-e015099d018e', protocol='range'}
2025-08-06 18:56:03,933 INFO  [org.apa.kaf.cli.con.int.ConsumerCoordinator] (Thread-648) [Consumer clientId=consumer-Consumer-topic-b3920cd7_590d_4faa_817f_36c2703757f7-7, groupId=Consumer-topic-b3920cd7_590d_4faa_817f_36c2703757f7] Finished assignment for group at generation 1: {consumer-Consumer-topic-b3920cd7_590d_4faa_817f_36c2703757f7-7-714fc49a-0b40-4ad5-8a29-e015099d018e=Assignment(partitions=[topic-b3920cd7_590d_4faa_817f_36c2703757f7-0])}
2025-08-06 18:56:03,941 INFO  [org.apa.kaf.cli.con.int.ConsumerCoordinator] (Thread-648) [Consumer clientId=consumer-Consumer-topic-b3920cd7_590d_4faa_817f_36c2703757f7-7, groupId=Consumer-topic-b3920cd7_590d_4faa_817f_36c2703757f7] Successfully synced group in generation Generation{generationId=1, memberId='consumer-Consumer-topic-b3920cd7_590d_4faa_817f_36c2703757f7-7-714fc49a-0b40-4ad5-8a29-e015099d018e', protocol='range'}
2025-08-06 18:56:03,941 INFO  [org.apa.kaf.cli.con.int.ConsumerCoordinator] (Thread-648) [Consumer clientId=consumer-Consumer-topic-b3920cd7_590d_4faa_817f_36c2703757f7-7, groupId=Consumer-topic-b3920cd7_590d_4faa_817f_36c2703757f7] Notifying assignor about the new Assignment(partitions=[topic-b3920cd7_590d_4faa_817f_36c2703757f7-0])
2025-08-06 18:56:03,941 INFO  [org.apa.kaf.cli.con.int.ConsumerRebalanceListenerInvoker] (Thread-648) [Consumer clientId=consumer-Consumer-topic-b3920cd7_590d_4faa_817f_36c2703757f7-7, groupId=Consumer-topic-b3920cd7_590d_4faa_817f_36c2703757f7] Adding newly assigned partitions: topic-b3920cd7_590d_4faa_817f_36c2703757f7-0
2025-08-06 18:56:03,942 INFO  [org.apa.kaf.cli.con.int.ConsumerCoordinator] (Thread-648) [Consumer clientId=consumer-Consumer-topic-b3920cd7_590d_4faa_817f_36c2703757f7-7, groupId=Consumer-topic-b3920cd7_590d_4faa_817f_36c2703757f7] Found no committed offset for partition topic-b3920cd7_590d_4faa_817f_36c2703757f7-0
2025-08-06 18:56:03,947 INFO  [org.apa.kaf.cli.con.int.SubscriptionState] (Thread-648) [Consumer clientId=consumer-Consumer-topic-b3920cd7_590d_4faa_817f_36c2703757f7-7, groupId=Consumer-topic-b3920cd7_590d_4faa_817f_36c2703757f7] Resetting offset for partition topic-b3920cd7_590d_4faa_817f_36c2703757f7-0 to position FetchPosition{offset=0, offsetEpoch=Optional.empty, currentLeader=LeaderAndEpoch{leader=Optional[localhost:32769 (id: 0 rack: null)], epoch=0}}.
2025-08-06 18:56:03,986 INFO  [io.api.tes.ser.api.KafkaSerdesTester] (Thread-648) topic-b3920cd7_590d_4faa_817f_36c2703757f7 0 0 {"key11754506559717": "value-0"}
2025-08-06 18:56:03,986 INFO  [io.api.tes.ser.api.KafkaSerdesTester] (Thread-648) topic-b3920cd7_590d_4faa_817f_36c2703757f7 0 1 {"key11754506559717": "value-1"}
2025-08-06 18:56:03,987 INFO  [io.api.tes.ser.api.KafkaSerdesTester] (Thread-648) topic-b3920cd7_590d_4faa_817f_36c2703757f7 0 2 {"key11754506559717": "value-2"}
2025-08-06 18:56:03,987 INFO  [io.api.tes.ser.api.KafkaSerdesTester] (Thread-648) topic-b3920cd7_590d_4faa_817f_36c2703757f7 0 3 {"key11754506559717": "value-3"}
2025-08-06 18:56:03,987 INFO  [io.api.tes.ser.api.KafkaSerdesTester] (Thread-648) topic-b3920cd7_590d_4faa_817f_36c2703757f7 0 4 {"key11754506559717": "value-4"}
2025-08-06 18:56:03,987 INFO  [io.api.tes.ser.api.KafkaSerdesTester] (Thread-648) topic-b3920cd7_590d_4faa_817f_36c2703757f7 0 5 {"key11754506559717": "value-5"}
2025-08-06 18:56:03,987 INFO  [io.api.tes.ser.api.KafkaSerdesTester] (Thread-648) topic-b3920cd7_590d_4faa_817f_36c2703757f7 0 6 {"key11754506559717": "value-6"}
2025-08-06 18:56:03,987 INFO  [io.api.tes.ser.api.KafkaSerdesTester] (Thread-648) topic-b3920cd7_590d_4faa_817f_36c2703757f7 0 7 {"key11754506559717": "value-7"}
2025-08-06 18:56:03,987 INFO  [io.api.tes.ser.api.KafkaSerdesTester] (Thread-648) topic-b3920cd7_590d_4faa_817f_36c2703757f7 0 8 {"key11754506559717": "value-8"}
2025-08-06 18:56:03,987 INFO  [io.api.tes.ser.api.KafkaSerdesTester] (Thread-648) topic-b3920cd7_590d_4faa_817f_36c2703757f7 0 9 {"key11754506559717": "value-9"}
2025-08-06 18:56:03,987 INFO  [io.api.tes.ser.api.KafkaSerdesTester] (Thread-648) Consumed 10 messages
2025-08-06 18:56:03,995 INFO  [org.apa.kaf.cli.con.int.ConsumerRebalanceListenerInvoker] (Thread-648) [Consumer clientId=consumer-Consumer-topic-b3920cd7_590d_4faa_817f_36c2703757f7-7, groupId=Consumer-topic-b3920cd7_590d_4faa_817f_36c2703757f7] Revoke previously assigned partitions topic-b3920cd7_590d_4faa_817f_36c2703757f7-0
2025-08-06 18:56:03,995 INFO  [org.apa.kaf.cli.con.int.ConsumerCoordinator] (Thread-648) [Consumer clientId=consumer-Consumer-topic-b3920cd7_590d_4faa_817f_36c2703757f7-7, groupId=Consumer-topic-b3920cd7_590d_4faa_817f_36c2703757f7] Member consumer-Consumer-topic-b3920cd7_590d_4faa_817f_36c2703757f7-7-714fc49a-0b40-4ad5-8a29-e015099d018e sending LeaveGroup request to coordinator localhost:32769 (id: 2147483647 rack: null) due to the consumer is being closed
2025-08-06 18:56:03,995 INFO  [org.apa.kaf.cli.con.int.ConsumerCoordinator] (Thread-648) [Consumer clientId=consumer-Consumer-topic-b3920cd7_590d_4faa_817f_36c2703757f7-7, groupId=Consumer-topic-b3920cd7_590d_4faa_817f_36c2703757f7] Resetting generation and member id due to: consumer pro-actively leaving the group
2025-08-06 18:56:03,995 INFO  [org.apa.kaf.cli.con.int.ConsumerCoordinator] (Thread-648) [Consumer clientId=consumer-Consumer-topic-b3920cd7_590d_4faa_817f_36c2703757f7-7, groupId=Consumer-topic-b3920cd7_590d_4faa_817f_36c2703757f7] Request joining group due to: consumer pro-actively leaving the group
2025-08-06 18:56:04,488 INFO  [org.apa.kaf.com.met.Metrics] (Thread-648) Metrics scheduler closed
2025-08-06 18:56:04,488 INFO  [org.apa.kaf.com.met.Metrics] (Thread-648) Closing reporter org.apache.kafka.common.metrics.JmxReporter
2025-08-06 18:56:04,488 INFO  [org.apa.kaf.com.met.Metrics] (Thread-648) Closing reporter org.apache.kafka.common.telemetry.internals.ClientTelemetryReporter
2025-08-06 18:56:04,489 INFO  [org.apa.kaf.com.met.Metrics] (Thread-648) Metrics reporters closed
2025-08-06 18:56:04,490 INFO  [org.apa.kaf.com.uti.AppInfoParser] (Thread-648) App info kafka.consumer for consumer-Consumer-topic-b3920cd7_590d_4faa_817f_36c2703757f7-7 unregistered
2025-08-06 18:56:04,491 INFO  [io.api.tes.uti.TestSeparator] (main) io.apicurio.tests.serdes.apicurio.AvroSerdeIT.testTopicIdStrategyFindLatest-FINISHED
2025-08-06 18:56:04,491 INFO  [io.api.tes.uti.TestSeparator] (main) ############################################################################
Test passed: testTopicIdStrategyFindLatest
]]></system-out>
  </testcase>
  <testcase name="testAvroUnionWithSpecificReader" classname="io.apicurio.tests.serdes.apicurio.AvroSerdeIT" time="4.026">
    <system-out><![CDATA[2025-08-06 18:56:04,492 INFO  [io.api.tes.uti.TestSeparator] (main) ############################################################################
2025-08-06 18:56:04,492 INFO  [io.api.tes.uti.TestSeparator] (main) io.apicurio.tests.serdes.apicurio.AvroSerdeIT.testAvroUnionWithSpecificReader-STARTED
**** Registry Base URL: http://registry-app-ksql047.apps.ci419.apicurio-testing.org:80
2025-08-06 18:56:04,499 INFO  [org.apa.kaf.cli.pro.ProducerConfig] (main) ProducerConfig values: 
	acks = -1
	auto.include.jmx.reporter = true
	batch.size = 16384
	bootstrap.servers = [PLAINTEXT://localhost:32769]
	buffer.memory = 33554432
	client.dns.lookup = use_all_dns_ips
	client.id = Producer-topic-c7c4da6e_1b25_498e_a5f6_7f32481a1564
	compression.gzip.level = -1
	compression.lz4.level = 9
	compression.type = none
	compression.zstd.level = 3
	connections.max.idle.ms = 10000
	delivery.timeout.ms = 120000
	enable.idempotence = true
	enable.metrics.push = true
	interceptor.classes = []
	key.serializer = class org.apache.kafka.common.serialization.StringSerializer
	linger.ms = 0
	max.block.ms = 60000
	max.in.flight.requests.per.connection = 5
	max.request.size = 1048576
	metadata.max.age.ms = 300000
	metadata.max.idle.ms = 300000
	metadata.recovery.strategy = none
	metric.reporters = []
	metrics.num.samples = 2
	metrics.recording.level = INFO
	metrics.sample.window.ms = 30000
	partitioner.adaptive.partitioning.enable = true
	partitioner.availability.timeout.ms = 0
	partitioner.class = null
	partitioner.ignore.keys = false
	receive.buffer.bytes = 32768
	reconnect.backoff.max.ms = 1000
	reconnect.backoff.ms = 50
	request.timeout.ms = 5000
	retries = 2147483647
	retry.backoff.max.ms = 1000
	retry.backoff.ms = 100
	sasl.client.callback.handler.class = null
	sasl.jaas.config = null
	sasl.kerberos.kinit.cmd = /usr/bin/kinit
	sasl.kerberos.min.time.before.relogin = 60000
	sasl.kerberos.service.name = null
	sasl.kerberos.ticket.renew.jitter = 0.05
	sasl.kerberos.ticket.renew.window.factor = 0.8
	sasl.login.callback.handler.class = null
	sasl.login.class = null
	sasl.login.connect.timeout.ms = null
	sasl.login.read.timeout.ms = null
	sasl.login.refresh.buffer.seconds = 300
	sasl.login.refresh.min.period.seconds = 60
	sasl.login.refresh.window.factor = 0.8
	sasl.login.refresh.window.jitter = 0.05
	sasl.login.retry.backoff.max.ms = 10000
	sasl.login.retry.backoff.ms = 100
	sasl.mechanism = GSSAPI
	sasl.oauthbearer.clock.skew.seconds = 30
	sasl.oauthbearer.expected.audience = null
	sasl.oauthbearer.expected.issuer = null
	sasl.oauthbearer.header.urlencode = false
	sasl.oauthbearer.jwks.endpoint.refresh.ms = 3600000
	sasl.oauthbearer.jwks.endpoint.retry.backoff.max.ms = 10000
	sasl.oauthbearer.jwks.endpoint.retry.backoff.ms = 100
	sasl.oauthbearer.jwks.endpoint.url = null
	sasl.oauthbearer.scope.claim.name = scope
	sasl.oauthbearer.sub.claim.name = sub
	sasl.oauthbearer.token.endpoint.url = null
	security.protocol = PLAINTEXT
	security.providers = null
	send.buffer.bytes = 131072
	socket.connection.setup.timeout.max.ms = 30000
	socket.connection.setup.timeout.ms = 10000
	ssl.cipher.suites = null
	ssl.enabled.protocols = [TLSv1.2, TLSv1.3]
	ssl.endpoint.identification.algorithm = https
	ssl.engine.factory.class = null
	ssl.key.password = null
	ssl.keymanager.algorithm = SunX509
	ssl.keystore.certificate.chain = null
	ssl.keystore.key = null
	ssl.keystore.location = null
	ssl.keystore.password = null
	ssl.keystore.type = JKS
	ssl.protocol = TLSv1.3
	ssl.provider = null
	ssl.secure.random.implementation = null
	ssl.trustmanager.algorithm = PKIX
	ssl.truststore.certificates = null
	ssl.truststore.location = null
	ssl.truststore.password = null
	ssl.truststore.type = JKS
	transaction.timeout.ms = 60000
	transactional.id = null
	value.serializer = class io.apicurio.registry.serde.avro.AvroKafkaSerializer

2025-08-06 18:56:04,500 INFO  [org.apa.kaf.com.tel.int.KafkaMetricsCollector] (main) initializing Kafka metrics collector
2025-08-06 18:56:04,506 INFO  [org.apa.kaf.cli.pro.KafkaProducer] (main) [Producer clientId=Producer-topic-c7c4da6e_1b25_498e_a5f6_7f32481a1564] Instantiated an idempotent producer.
2025-08-06 18:56:04,515 INFO  [org.apa.kaf.cli.pro.ProducerConfig] (main) These configurations '[apicurio.registry.url, apicurio.registry.auto-register, apicurio.registry.artifact-resolver-strategy]' were supplied but are not used yet.
2025-08-06 18:56:04,515 INFO  [org.apa.kaf.com.uti.AppInfoParser] (main) Kafka version: 3.9.1
2025-08-06 18:56:04,515 INFO  [org.apa.kaf.com.uti.AppInfoParser] (main) Kafka commitId: f745dfdcee2b9851
2025-08-06 18:56:04,516 INFO  [org.apa.kaf.com.uti.AppInfoParser] (main) Kafka startTimeMs: 1754506564515
2025-08-06 18:56:04,516 INFO  [io.api.tes.ser.api.SimpleSerdesTesterBuilder$SimpleSerdesTester] (main) Using producer configuration: {apicurio.registry.url=http://registry-app-ksql047.apps.ci419.apicurio-testing.org:80/apis/registry/v3, apicurio.registry.auto-register=true, apicurio.registry.artifact-resolver-strategy=io.apicurio.registry.serde.strategy.TopicIdStrategy, value.serializer=io.apicurio.registry.serde.avro.AvroKafkaSerializer, request.timeout.ms=5000, acks=all, bootstrap.servers=PLAINTEXT://localhost:32769, connections.max.idle.ms=10000, key.serializer=org.apache.kafka.common.serialization.StringSerializer, client.id=Producer-topic-c7c4da6e_1b25_498e_a5f6_7f32481a1564}
2025-08-06 18:56:04,516 INFO  [io.api.tes.ser.api.SimpleSerdesTesterBuilder$SimpleSerdesTester] (main) Using consumer configuration: {}
2025-08-06 18:56:04,517 INFO  [io.api.tes.ser.api.KafkaSerdesTester] (Thread-651) Sending message {"id": "record-0"} to topic topic-c7c4da6e_1b25_498e_a5f6_7f32481a1564
2025-08-06 18:56:04,525 WARN  [org.apa.kaf.cli.NetworkClient] (kafka-producer-network-thread | Producer-topic-c7c4da6e_1b25_498e_a5f6_7f32481a1564) [Producer clientId=Producer-topic-c7c4da6e_1b25_498e_a5f6_7f32481a1564] The metadata response from the cluster reported a recoverable issue with correlation id 1 : {topic-c7c4da6e_1b25_498e_a5f6_7f32481a1564=UNKNOWN_TOPIC_OR_PARTITION}
2025-08-06 18:56:04,525 INFO  [org.apa.kaf.cli.Metadata] (kafka-producer-network-thread | Producer-topic-c7c4da6e_1b25_498e_a5f6_7f32481a1564) [Producer clientId=Producer-topic-c7c4da6e_1b25_498e_a5f6_7f32481a1564] Cluster ID: NyMRaTI5Q0SXQrlZpmr68g
2025-08-06 18:56:04,525 INFO  [org.apa.kaf.cli.pro.int.TransactionManager] (kafka-producer-network-thread | Producer-topic-c7c4da6e_1b25_498e_a5f6_7f32481a1564) [Producer clientId=Producer-topic-c7c4da6e_1b25_498e_a5f6_7f32481a1564] ProducerId set to 10 with epoch 0
2025-08-06 18:56:04,731 INFO  [io.api.tes.ser.api.KafkaSerdesTester] (Thread-651) Sending message {"value": 1} to topic topic-c7c4da6e_1b25_498e_a5f6_7f32481a1564
2025-08-06 18:56:04,798 INFO  [io.api.tes.ser.api.KafkaSerdesTester] (Thread-651) Sending message {"active": true} to topic topic-c7c4da6e_1b25_498e_a5f6_7f32481a1564
2025-08-06 18:56:04,864 INFO  [io.api.tes.ser.api.KafkaSerdesTester] (Thread-651) Sending message {"id": "record-3"} to topic topic-c7c4da6e_1b25_498e_a5f6_7f32481a1564
2025-08-06 18:56:04,866 INFO  [io.api.tes.ser.api.KafkaSerdesTester] (Thread-651) Sending message {"value": 4} to topic topic-c7c4da6e_1b25_498e_a5f6_7f32481a1564
2025-08-06 18:56:04,868 INFO  [io.api.tes.ser.api.KafkaSerdesTester] (Thread-651) Sending message {"active": false} to topic topic-c7c4da6e_1b25_498e_a5f6_7f32481a1564
2025-08-06 18:56:04,873 INFO  [io.api.tes.ser.api.KafkaSerdesTester] (Thread-651) Sending message {"id": "record-6"} to topic topic-c7c4da6e_1b25_498e_a5f6_7f32481a1564
2025-08-06 18:56:04,875 INFO  [io.api.tes.ser.api.KafkaSerdesTester] (Thread-651) Sending message {"value": 7} to topic topic-c7c4da6e_1b25_498e_a5f6_7f32481a1564
2025-08-06 18:56:04,877 INFO  [io.api.tes.ser.api.KafkaSerdesTester] (Thread-651) Sending message {"active": true} to topic topic-c7c4da6e_1b25_498e_a5f6_7f32481a1564
2025-08-06 18:56:04,879 INFO  [io.api.tes.ser.api.KafkaSerdesTester] (Thread-651) Sending message {"id": "record-9"} to topic topic-c7c4da6e_1b25_498e_a5f6_7f32481a1564
2025-08-06 18:56:04,880 INFO  [io.api.tes.ser.api.KafkaSerdesTester] (Thread-651) Produced 10 messages
2025-08-06 18:56:04,880 INFO  [org.apa.kaf.cli.pro.KafkaProducer] (Thread-651) [Producer clientId=Producer-topic-c7c4da6e_1b25_498e_a5f6_7f32481a1564] Closing the Kafka producer with timeoutMillis = 9223372036854775807 ms.
2025-08-06 18:56:04,882 INFO  [org.apa.kaf.com.met.Metrics] (Thread-651) Metrics scheduler closed
2025-08-06 18:56:04,882 INFO  [org.apa.kaf.com.met.Metrics] (Thread-651) Closing reporter org.apache.kafka.common.metrics.JmxReporter
2025-08-06 18:56:04,882 INFO  [org.apa.kaf.com.met.Metrics] (Thread-651) Closing reporter org.apache.kafka.common.telemetry.internals.ClientTelemetryReporter
2025-08-06 18:56:04,882 INFO  [org.apa.kaf.com.met.Metrics] (Thread-651) Metrics reporters closed
2025-08-06 18:56:04,883 INFO  [org.apa.kaf.com.uti.AppInfoParser] (Thread-651) App info kafka.producer for Producer-topic-c7c4da6e_1b25_498e_a5f6_7f32481a1564 unregistered
2025-08-06 18:56:04,897 INFO  [io.api.tes.ser.api.AvroSerdeIT] (main) Artifact topic-c7c4da6e_1b25_498e_a5f6_7f32481a1564-value found in registry with globalId 25
**** Registry Base URL: http://registry-app-ksql047.apps.ci419.apicurio-testing.org:80
2025-08-06 18:56:04,898 INFO  [org.apa.kaf.cli.con.ConsumerConfig] (main) ConsumerConfig values: 
	allow.auto.create.topics = true
	auto.commit.interval.ms = 500
	auto.include.jmx.reporter = true
	auto.offset.reset = earliest
	bootstrap.servers = [PLAINTEXT://localhost:32769]
	check.crcs = true
	client.dns.lookup = use_all_dns_ips
	client.id = consumer-Consumer-topic-c7c4da6e_1b25_498e_a5f6_7f32481a1564-8
	client.rack = 
	connections.max.idle.ms = 10000
	default.api.timeout.ms = 60000
	enable.auto.commit = true
	enable.metrics.push = true
	exclude.internal.topics = true
	fetch.max.bytes = 52428800
	fetch.max.wait.ms = 500
	fetch.min.bytes = 1
	group.id = Consumer-topic-c7c4da6e_1b25_498e_a5f6_7f32481a1564
	group.instance.id = null
	group.protocol = classic
	group.remote.assignor = null
	heartbeat.interval.ms = 3000
	interceptor.classes = []
	internal.leave.group.on.close = true
	internal.throw.on.fetch.stable.offset.unsupported = false
	isolation.level = read_uncommitted
	key.deserializer = class org.apache.kafka.common.serialization.StringDeserializer
	max.partition.fetch.bytes = 1048576
	max.poll.interval.ms = 300000
	max.poll.records = 500
	metadata.max.age.ms = 300000
	metadata.recovery.strategy = none
	metric.reporters = []
	metrics.num.samples = 2
	metrics.recording.level = INFO
	metrics.sample.window.ms = 30000
	partition.assignment.strategy = [class org.apache.kafka.clients.consumer.RangeAssignor, class org.apache.kafka.clients.consumer.CooperativeStickyAssignor]
	receive.buffer.bytes = 65536
	reconnect.backoff.max.ms = 1000
	reconnect.backoff.ms = 50
	request.timeout.ms = 5000
	retry.backoff.max.ms = 1000
	retry.backoff.ms = 100
	sasl.client.callback.handler.class = null
	sasl.jaas.config = null
	sasl.kerberos.kinit.cmd = /usr/bin/kinit
	sasl.kerberos.min.time.before.relogin = 60000
	sasl.kerberos.service.name = null
	sasl.kerberos.ticket.renew.jitter = 0.05
	sasl.kerberos.ticket.renew.window.factor = 0.8
	sasl.login.callback.handler.class = null
	sasl.login.class = null
	sasl.login.connect.timeout.ms = null
	sasl.login.read.timeout.ms = null
	sasl.login.refresh.buffer.seconds = 300
	sasl.login.refresh.min.period.seconds = 60
	sasl.login.refresh.window.factor = 0.8
	sasl.login.refresh.window.jitter = 0.05
	sasl.login.retry.backoff.max.ms = 10000
	sasl.login.retry.backoff.ms = 100
	sasl.mechanism = GSSAPI
	sasl.oauthbearer.clock.skew.seconds = 30
	sasl.oauthbearer.expected.audience = null
	sasl.oauthbearer.expected.issuer = null
	sasl.oauthbearer.header.urlencode = false
	sasl.oauthbearer.jwks.endpoint.refresh.ms = 3600000
	sasl.oauthbearer.jwks.endpoint.retry.backoff.max.ms = 10000
	sasl.oauthbearer.jwks.endpoint.retry.backoff.ms = 100
	sasl.oauthbearer.jwks.endpoint.url = null
	sasl.oauthbearer.scope.claim.name = scope
	sasl.oauthbearer.sub.claim.name = sub
	sasl.oauthbearer.token.endpoint.url = null
	security.protocol = PLAINTEXT
	security.providers = null
	send.buffer.bytes = 131072
	session.timeout.ms = 45000
	socket.connection.setup.timeout.max.ms = 30000
	socket.connection.setup.timeout.ms = 10000
	ssl.cipher.suites = null
	ssl.enabled.protocols = [TLSv1.2, TLSv1.3]
	ssl.endpoint.identification.algorithm = https
	ssl.engine.factory.class = null
	ssl.key.password = null
	ssl.keymanager.algorithm = SunX509
	ssl.keystore.certificate.chain = null
	ssl.keystore.key = null
	ssl.keystore.location = null
	ssl.keystore.password = null
	ssl.keystore.type = JKS
	ssl.protocol = TLSv1.3
	ssl.provider = null
	ssl.secure.random.implementation = null
	ssl.trustmanager.algorithm = PKIX
	ssl.truststore.certificates = null
	ssl.truststore.location = null
	ssl.truststore.password = null
	ssl.truststore.type = JKS
	value.deserializer = class io.apicurio.registry.serde.avro.AvroKafkaDeserializer

2025-08-06 18:56:04,898 INFO  [org.apa.kaf.com.tel.int.KafkaMetricsCollector] (main) initializing Kafka metrics collector
2025-08-06 18:56:04,903 INFO  [org.apa.kaf.cli.con.ConsumerConfig] (main) These configurations '[apicurio.registry.url]' were supplied but are not used yet.
2025-08-06 18:56:04,903 INFO  [org.apa.kaf.com.uti.AppInfoParser] (main) Kafka version: 3.9.1
2025-08-06 18:56:04,903 INFO  [org.apa.kaf.com.uti.AppInfoParser] (main) Kafka commitId: f745dfdcee2b9851
2025-08-06 18:56:04,903 INFO  [org.apa.kaf.com.uti.AppInfoParser] (main) Kafka startTimeMs: 1754506564903
2025-08-06 18:56:04,903 INFO  [org.apa.kaf.cli.con.int.ClassicKafkaConsumer] (Thread-654) [Consumer clientId=consumer-Consumer-topic-c7c4da6e_1b25_498e_a5f6_7f32481a1564-8, groupId=Consumer-topic-c7c4da6e_1b25_498e_a5f6_7f32481a1564] Subscribed to topic(s): topic-c7c4da6e_1b25_498e_a5f6_7f32481a1564
2025-08-06 18:56:04,908 INFO  [org.apa.kaf.cli.Metadata] (Thread-654) [Consumer clientId=consumer-Consumer-topic-c7c4da6e_1b25_498e_a5f6_7f32481a1564-8, groupId=Consumer-topic-c7c4da6e_1b25_498e_a5f6_7f32481a1564] Cluster ID: NyMRaTI5Q0SXQrlZpmr68g
2025-08-06 18:56:04,911 INFO  [org.apa.kaf.cli.con.int.ConsumerCoordinator] (Thread-654) [Consumer clientId=consumer-Consumer-topic-c7c4da6e_1b25_498e_a5f6_7f32481a1564-8, groupId=Consumer-topic-c7c4da6e_1b25_498e_a5f6_7f32481a1564] Discovered group coordinator localhost:32769 (id: 2147483647 rack: null)
2025-08-06 18:56:04,914 INFO  [org.apa.kaf.cli.con.int.ConsumerCoordinator] (Thread-654) [Consumer clientId=consumer-Consumer-topic-c7c4da6e_1b25_498e_a5f6_7f32481a1564-8, groupId=Consumer-topic-c7c4da6e_1b25_498e_a5f6_7f32481a1564] (Re-)joining group
2025-08-06 18:56:04,917 INFO  [org.apa.kaf.cli.con.int.ConsumerCoordinator] (Thread-654) [Consumer clientId=consumer-Consumer-topic-c7c4da6e_1b25_498e_a5f6_7f32481a1564-8, groupId=Consumer-topic-c7c4da6e_1b25_498e_a5f6_7f32481a1564] Request joining group due to: need to re-join with the given member-id: consumer-Consumer-topic-c7c4da6e_1b25_498e_a5f6_7f32481a1564-8-61ca90c2-6ee2-4ebf-8af8-1e2eff1e9d46
2025-08-06 18:56:04,917 INFO  [org.apa.kaf.cli.con.int.ConsumerCoordinator] (Thread-654) [Consumer clientId=consumer-Consumer-topic-c7c4da6e_1b25_498e_a5f6_7f32481a1564-8, groupId=Consumer-topic-c7c4da6e_1b25_498e_a5f6_7f32481a1564] (Re-)joining group
2025-08-06 18:56:05,903 INFO  [io.api.tes.ser.api.KafkaSerdesTester] (Thread-654) None found
2025-08-06 18:56:06,903 INFO  [io.api.tes.ser.api.KafkaSerdesTester] (Thread-654) None found
2025-08-06 18:56:07,904 INFO  [io.api.tes.ser.api.KafkaSerdesTester] (Thread-654) None found
2025-08-06 18:56:07,919 INFO  [org.apa.kaf.cli.con.int.ConsumerCoordinator] (Thread-654) [Consumer clientId=consumer-Consumer-topic-c7c4da6e_1b25_498e_a5f6_7f32481a1564-8, groupId=Consumer-topic-c7c4da6e_1b25_498e_a5f6_7f32481a1564] Successfully joined group with generation Generation{generationId=1, memberId='consumer-Consumer-topic-c7c4da6e_1b25_498e_a5f6_7f32481a1564-8-61ca90c2-6ee2-4ebf-8af8-1e2eff1e9d46', protocol='range'}
2025-08-06 18:56:07,919 INFO  [org.apa.kaf.cli.con.int.ConsumerCoordinator] (Thread-654) [Consumer clientId=consumer-Consumer-topic-c7c4da6e_1b25_498e_a5f6_7f32481a1564-8, groupId=Consumer-topic-c7c4da6e_1b25_498e_a5f6_7f32481a1564] Finished assignment for group at generation 1: {consumer-Consumer-topic-c7c4da6e_1b25_498e_a5f6_7f32481a1564-8-61ca90c2-6ee2-4ebf-8af8-1e2eff1e9d46=Assignment(partitions=[topic-c7c4da6e_1b25_498e_a5f6_7f32481a1564-0])}
2025-08-06 18:56:07,926 INFO  [org.apa.kaf.cli.con.int.ConsumerCoordinator] (Thread-654) [Consumer clientId=consumer-Consumer-topic-c7c4da6e_1b25_498e_a5f6_7f32481a1564-8, groupId=Consumer-topic-c7c4da6e_1b25_498e_a5f6_7f32481a1564] Successfully synced group in generation Generation{generationId=1, memberId='consumer-Consumer-topic-c7c4da6e_1b25_498e_a5f6_7f32481a1564-8-61ca90c2-6ee2-4ebf-8af8-1e2eff1e9d46', protocol='range'}
2025-08-06 18:56:07,926 INFO  [org.apa.kaf.cli.con.int.ConsumerCoordinator] (Thread-654) [Consumer clientId=consumer-Consumer-topic-c7c4da6e_1b25_498e_a5f6_7f32481a1564-8, groupId=Consumer-topic-c7c4da6e_1b25_498e_a5f6_7f32481a1564] Notifying assignor about the new Assignment(partitions=[topic-c7c4da6e_1b25_498e_a5f6_7f32481a1564-0])
2025-08-06 18:56:07,926 INFO  [org.apa.kaf.cli.con.int.ConsumerRebalanceListenerInvoker] (Thread-654) [Consumer clientId=consumer-Consumer-topic-c7c4da6e_1b25_498e_a5f6_7f32481a1564-8, groupId=Consumer-topic-c7c4da6e_1b25_498e_a5f6_7f32481a1564] Adding newly assigned partitions: topic-c7c4da6e_1b25_498e_a5f6_7f32481a1564-0
2025-08-06 18:56:07,927 INFO  [org.apa.kaf.cli.con.int.ConsumerCoordinator] (Thread-654) [Consumer clientId=consumer-Consumer-topic-c7c4da6e_1b25_498e_a5f6_7f32481a1564-8, groupId=Consumer-topic-c7c4da6e_1b25_498e_a5f6_7f32481a1564] Found no committed offset for partition topic-c7c4da6e_1b25_498e_a5f6_7f32481a1564-0
2025-08-06 18:56:07,931 INFO  [org.apa.kaf.cli.con.int.SubscriptionState] (Thread-654) [Consumer clientId=consumer-Consumer-topic-c7c4da6e_1b25_498e_a5f6_7f32481a1564-8, groupId=Consumer-topic-c7c4da6e_1b25_498e_a5f6_7f32481a1564] Resetting offset for partition topic-c7c4da6e_1b25_498e_a5f6_7f32481a1564-0 to position FetchPosition{offset=0, offsetEpoch=Optional.empty, currentLeader=LeaderAndEpoch{leader=Optional[localhost:32769 (id: 0 rack: null)], epoch=0}}.
2025-08-06 18:56:08,012 INFO  [io.api.tes.ser.api.KafkaSerdesTester] (Thread-654) topic-c7c4da6e_1b25_498e_a5f6_7f32481a1564 0 0 {"id": "record-0"}
2025-08-06 18:56:08,012 INFO  [io.api.tes.ser.api.KafkaSerdesTester] (Thread-654) topic-c7c4da6e_1b25_498e_a5f6_7f32481a1564 0 1 {"value": 1}
2025-08-06 18:56:08,012 INFO  [io.api.tes.ser.api.KafkaSerdesTester] (Thread-654) topic-c7c4da6e_1b25_498e_a5f6_7f32481a1564 0 2 {"active": true}
2025-08-06 18:56:08,012 INFO  [io.api.tes.ser.api.KafkaSerdesTester] (Thread-654) topic-c7c4da6e_1b25_498e_a5f6_7f32481a1564 0 3 {"id": "record-3"}
2025-08-06 18:56:08,012 INFO  [io.api.tes.ser.api.KafkaSerdesTester] (Thread-654) topic-c7c4da6e_1b25_498e_a5f6_7f32481a1564 0 4 {"value": 4}
2025-08-06 18:56:08,012 INFO  [io.api.tes.ser.api.KafkaSerdesTester] (Thread-654) topic-c7c4da6e_1b25_498e_a5f6_7f32481a1564 0 5 {"active": false}
2025-08-06 18:56:08,012 INFO  [io.api.tes.ser.api.KafkaSerdesTester] (Thread-654) topic-c7c4da6e_1b25_498e_a5f6_7f32481a1564 0 6 {"id": "record-6"}
2025-08-06 18:56:08,012 INFO  [io.api.tes.ser.api.KafkaSerdesTester] (Thread-654) topic-c7c4da6e_1b25_498e_a5f6_7f32481a1564 0 7 {"value": 7}
2025-08-06 18:56:08,012 INFO  [io.api.tes.ser.api.KafkaSerdesTester] (Thread-654) topic-c7c4da6e_1b25_498e_a5f6_7f32481a1564 0 8 {"active": true}
2025-08-06 18:56:08,012 INFO  [io.api.tes.ser.api.KafkaSerdesTester] (Thread-654) topic-c7c4da6e_1b25_498e_a5f6_7f32481a1564 0 9 {"id": "record-9"}
2025-08-06 18:56:08,012 INFO  [io.api.tes.ser.api.KafkaSerdesTester] (Thread-654) Consumed 10 messages
2025-08-06 18:56:08,020 INFO  [org.apa.kaf.cli.con.int.ConsumerRebalanceListenerInvoker] (Thread-654) [Consumer clientId=consumer-Consumer-topic-c7c4da6e_1b25_498e_a5f6_7f32481a1564-8, groupId=Consumer-topic-c7c4da6e_1b25_498e_a5f6_7f32481a1564] Revoke previously assigned partitions topic-c7c4da6e_1b25_498e_a5f6_7f32481a1564-0
2025-08-06 18:56:08,020 INFO  [org.apa.kaf.cli.con.int.ConsumerCoordinator] (Thread-654) [Consumer clientId=consumer-Consumer-topic-c7c4da6e_1b25_498e_a5f6_7f32481a1564-8, groupId=Consumer-topic-c7c4da6e_1b25_498e_a5f6_7f32481a1564] Member consumer-Consumer-topic-c7c4da6e_1b25_498e_a5f6_7f32481a1564-8-61ca90c2-6ee2-4ebf-8af8-1e2eff1e9d46 sending LeaveGroup request to coordinator localhost:32769 (id: 2147483647 rack: null) due to the consumer is being closed
2025-08-06 18:56:08,020 INFO  [org.apa.kaf.cli.con.int.ConsumerCoordinator] (Thread-654) [Consumer clientId=consumer-Consumer-topic-c7c4da6e_1b25_498e_a5f6_7f32481a1564-8, groupId=Consumer-topic-c7c4da6e_1b25_498e_a5f6_7f32481a1564] Resetting generation and member id due to: consumer pro-actively leaving the group
2025-08-06 18:56:08,020 INFO  [org.apa.kaf.cli.con.int.ConsumerCoordinator] (Thread-654) [Consumer clientId=consumer-Consumer-topic-c7c4da6e_1b25_498e_a5f6_7f32481a1564-8, groupId=Consumer-topic-c7c4da6e_1b25_498e_a5f6_7f32481a1564] Request joining group due to: consumer pro-actively leaving the group
2025-08-06 18:56:08,514 INFO  [org.apa.kaf.com.met.Metrics] (Thread-654) Metrics scheduler closed
2025-08-06 18:56:08,514 INFO  [org.apa.kaf.com.met.Metrics] (Thread-654) Closing reporter org.apache.kafka.common.metrics.JmxReporter
2025-08-06 18:56:08,515 INFO  [org.apa.kaf.com.met.Metrics] (Thread-654) Closing reporter org.apache.kafka.common.telemetry.internals.ClientTelemetryReporter
2025-08-06 18:56:08,515 INFO  [org.apa.kaf.com.met.Metrics] (Thread-654) Metrics reporters closed
2025-08-06 18:56:08,517 INFO  [org.apa.kaf.com.uti.AppInfoParser] (Thread-654) App info kafka.consumer for consumer-Consumer-topic-c7c4da6e_1b25_498e_a5f6_7f32481a1564-8 unregistered
2025-08-06 18:56:08,518 INFO  [io.api.tes.uti.TestSeparator] (main) io.apicurio.tests.serdes.apicurio.AvroSerdeIT.testAvroUnionWithSpecificReader-FINISHED
2025-08-06 18:56:08,518 INFO  [io.api.tes.uti.TestSeparator] (main) ############################################################################
Test passed: testAvroUnionWithSpecificReader
]]></system-out>
  </testcase>
  <testcase name="testEvolveAvroApicurioReusingClient" classname="io.apicurio.tests.serdes.apicurio.AvroSerdeIT" time="7.311">
    <system-out><![CDATA[2025-08-06 18:56:08,521 INFO  [io.api.tes.uti.TestSeparator] (main) ############################################################################
2025-08-06 18:56:08,521 INFO  [io.api.tes.uti.TestSeparator] (main) io.apicurio.tests.serdes.apicurio.AvroSerdeIT.testEvolveAvroApicurioReusingClient-STARTED
2025-08-06 18:56:08,522 INFO  [io.api.tes.ser.api.AvroSerdeIT] (main) Registering Avro Schema: {"type":"record","name":"s1b194f5dx2585x442cxb271xdcd4e1a24790","namespace":"ns_47f6662c_4b22_4b93_90af_c43125bf7c2e","fields":[{"name":"key11754506568522","type":"string"}]}
**** Registry Base URL: http://registry-app-ksql047.apps.ci419.apicurio-testing.org:80
2025-08-06 18:56:09,592 INFO  [org.apa.kaf.cli.pro.ProducerConfig] (main) ProducerConfig values: 
	acks = -1
	auto.include.jmx.reporter = true
	batch.size = 16384
	bootstrap.servers = [PLAINTEXT://localhost:32769]
	buffer.memory = 33554432
	client.dns.lookup = use_all_dns_ips
	client.id = Producer-topic-de22d107_27b8_4794_8276_8b5ed4ece4d1
	compression.gzip.level = -1
	compression.lz4.level = 9
	compression.type = none
	compression.zstd.level = 3
	connections.max.idle.ms = 10000
	delivery.timeout.ms = 120000
	enable.idempotence = true
	enable.metrics.push = true
	interceptor.classes = []
	key.serializer = class org.apache.kafka.common.serialization.StringSerializer
	linger.ms = 0
	max.block.ms = 60000
	max.in.flight.requests.per.connection = 5
	max.request.size = 1048576
	metadata.max.age.ms = 300000
	metadata.max.idle.ms = 300000
	metadata.recovery.strategy = none
	metric.reporters = []
	metrics.num.samples = 2
	metrics.recording.level = INFO
	metrics.sample.window.ms = 30000
	partitioner.adaptive.partitioning.enable = true
	partitioner.availability.timeout.ms = 0
	partitioner.class = null
	partitioner.ignore.keys = false
	receive.buffer.bytes = 32768
	reconnect.backoff.max.ms = 1000
	reconnect.backoff.ms = 50
	request.timeout.ms = 5000
	retries = 2147483647
	retry.backoff.max.ms = 1000
	retry.backoff.ms = 100
	sasl.client.callback.handler.class = null
	sasl.jaas.config = null
	sasl.kerberos.kinit.cmd = /usr/bin/kinit
	sasl.kerberos.min.time.before.relogin = 60000
	sasl.kerberos.service.name = null
	sasl.kerberos.ticket.renew.jitter = 0.05
	sasl.kerberos.ticket.renew.window.factor = 0.8
	sasl.login.callback.handler.class = null
	sasl.login.class = null
	sasl.login.connect.timeout.ms = null
	sasl.login.read.timeout.ms = null
	sasl.login.refresh.buffer.seconds = 300
	sasl.login.refresh.min.period.seconds = 60
	sasl.login.refresh.window.factor = 0.8
	sasl.login.refresh.window.jitter = 0.05
	sasl.login.retry.backoff.max.ms = 10000
	sasl.login.retry.backoff.ms = 100
	sasl.mechanism = GSSAPI
	sasl.oauthbearer.clock.skew.seconds = 30
	sasl.oauthbearer.expected.audience = null
	sasl.oauthbearer.expected.issuer = null
	sasl.oauthbearer.header.urlencode = false
	sasl.oauthbearer.jwks.endpoint.refresh.ms = 3600000
	sasl.oauthbearer.jwks.endpoint.retry.backoff.max.ms = 10000
	sasl.oauthbearer.jwks.endpoint.retry.backoff.ms = 100
	sasl.oauthbearer.jwks.endpoint.url = null
	sasl.oauthbearer.scope.claim.name = scope
	sasl.oauthbearer.sub.claim.name = sub
	sasl.oauthbearer.token.endpoint.url = null
	security.protocol = PLAINTEXT
	security.providers = null
	send.buffer.bytes = 131072
	socket.connection.setup.timeout.max.ms = 30000
	socket.connection.setup.timeout.ms = 10000
	ssl.cipher.suites = null
	ssl.enabled.protocols = [TLSv1.2, TLSv1.3]
	ssl.endpoint.identification.algorithm = https
	ssl.engine.factory.class = null
	ssl.key.password = null
	ssl.keymanager.algorithm = SunX509
	ssl.keystore.certificate.chain = null
	ssl.keystore.key = null
	ssl.keystore.location = null
	ssl.keystore.password = null
	ssl.keystore.type = JKS
	ssl.protocol = TLSv1.3
	ssl.provider = null
	ssl.secure.random.implementation = null
	ssl.trustmanager.algorithm = PKIX
	ssl.truststore.certificates = null
	ssl.truststore.location = null
	ssl.truststore.password = null
	ssl.truststore.type = JKS
	transaction.timeout.ms = 60000
	transactional.id = null
	value.serializer = class io.apicurio.registry.serde.avro.AvroKafkaSerializer

2025-08-06 18:56:09,592 INFO  [org.apa.kaf.com.tel.int.KafkaMetricsCollector] (main) initializing Kafka metrics collector
2025-08-06 18:56:09,595 INFO  [org.apa.kaf.cli.pro.KafkaProducer] (main) [Producer clientId=Producer-topic-de22d107_27b8_4794_8276_8b5ed4ece4d1] Instantiated an idempotent producer.
2025-08-06 18:56:09,597 INFO  [org.apa.kaf.cli.pro.ProducerConfig] (main) These configurations '[apicurio.registry.url, apicurio.registry.artifact-resolver-strategy]' were supplied but are not used yet.
2025-08-06 18:56:09,597 INFO  [org.apa.kaf.com.uti.AppInfoParser] (main) Kafka version: 3.9.1
2025-08-06 18:56:09,597 INFO  [org.apa.kaf.com.uti.AppInfoParser] (main) Kafka commitId: f745dfdcee2b9851
2025-08-06 18:56:09,597 INFO  [org.apa.kaf.com.uti.AppInfoParser] (main) Kafka startTimeMs: 1754506569597
**** Registry Base URL: http://registry-app-ksql047.apps.ci419.apicurio-testing.org:80
2025-08-06 18:56:09,598 INFO  [org.apa.kaf.cli.con.ConsumerConfig] (main) ConsumerConfig values: 
	allow.auto.create.topics = true
	auto.commit.interval.ms = 500
	auto.include.jmx.reporter = true
	auto.offset.reset = earliest
	bootstrap.servers = [PLAINTEXT://localhost:32769]
	check.crcs = true
	client.dns.lookup = use_all_dns_ips
	client.id = consumer-Consumer-topic-de22d107_27b8_4794_8276_8b5ed4ece4d1-9
	client.rack = 
	connections.max.idle.ms = 10000
	default.api.timeout.ms = 60000
	enable.auto.commit = true
	enable.metrics.push = true
	exclude.internal.topics = true
	fetch.max.bytes = 52428800
	fetch.max.wait.ms = 500
	fetch.min.bytes = 1
	group.id = Consumer-topic-de22d107_27b8_4794_8276_8b5ed4ece4d1
	group.instance.id = null
	group.protocol = classic
	group.remote.assignor = null
	heartbeat.interval.ms = 3000
	interceptor.classes = []
	internal.leave.group.on.close = true
	internal.throw.on.fetch.stable.offset.unsupported = false
	isolation.level = read_uncommitted
	key.deserializer = class org.apache.kafka.common.serialization.StringDeserializer
	max.partition.fetch.bytes = 1048576
	max.poll.interval.ms = 300000
	max.poll.records = 500
	metadata.max.age.ms = 300000
	metadata.recovery.strategy = none
	metric.reporters = []
	metrics.num.samples = 2
	metrics.recording.level = INFO
	metrics.sample.window.ms = 30000
	partition.assignment.strategy = [class org.apache.kafka.clients.consumer.RangeAssignor, class org.apache.kafka.clients.consumer.CooperativeStickyAssignor]
	receive.buffer.bytes = 65536
	reconnect.backoff.max.ms = 1000
	reconnect.backoff.ms = 50
	request.timeout.ms = 5000
	retry.backoff.max.ms = 1000
	retry.backoff.ms = 100
	sasl.client.callback.handler.class = null
	sasl.jaas.config = null
	sasl.kerberos.kinit.cmd = /usr/bin/kinit
	sasl.kerberos.min.time.before.relogin = 60000
	sasl.kerberos.service.name = null
	sasl.kerberos.ticket.renew.jitter = 0.05
	sasl.kerberos.ticket.renew.window.factor = 0.8
	sasl.login.callback.handler.class = null
	sasl.login.class = null
	sasl.login.connect.timeout.ms = null
	sasl.login.read.timeout.ms = null
	sasl.login.refresh.buffer.seconds = 300
	sasl.login.refresh.min.period.seconds = 60
	sasl.login.refresh.window.factor = 0.8
	sasl.login.refresh.window.jitter = 0.05
	sasl.login.retry.backoff.max.ms = 10000
	sasl.login.retry.backoff.ms = 100
	sasl.mechanism = GSSAPI
	sasl.oauthbearer.clock.skew.seconds = 30
	sasl.oauthbearer.expected.audience = null
	sasl.oauthbearer.expected.issuer = null
	sasl.oauthbearer.header.urlencode = false
	sasl.oauthbearer.jwks.endpoint.refresh.ms = 3600000
	sasl.oauthbearer.jwks.endpoint.retry.backoff.max.ms = 10000
	sasl.oauthbearer.jwks.endpoint.retry.backoff.ms = 100
	sasl.oauthbearer.jwks.endpoint.url = null
	sasl.oauthbearer.scope.claim.name = scope
	sasl.oauthbearer.sub.claim.name = sub
	sasl.oauthbearer.token.endpoint.url = null
	security.protocol = PLAINTEXT
	security.providers = null
	send.buffer.bytes = 131072
	session.timeout.ms = 45000
	socket.connection.setup.timeout.max.ms = 30000
	socket.connection.setup.timeout.ms = 10000
	ssl.cipher.suites = null
	ssl.enabled.protocols = [TLSv1.2, TLSv1.3]
	ssl.endpoint.identification.algorithm = https
	ssl.engine.factory.class = null
	ssl.key.password = null
	ssl.keymanager.algorithm = SunX509
	ssl.keystore.certificate.chain = null
	ssl.keystore.key = null
	ssl.keystore.location = null
	ssl.keystore.password = null
	ssl.keystore.type = JKS
	ssl.protocol = TLSv1.3
	ssl.provider = null
	ssl.secure.random.implementation = null
	ssl.trustmanager.algorithm = PKIX
	ssl.truststore.certificates = null
	ssl.truststore.location = null
	ssl.truststore.password = null
	ssl.truststore.type = JKS
	value.deserializer = class io.apicurio.registry.serde.avro.AvroKafkaDeserializer

2025-08-06 18:56:09,598 INFO  [org.apa.kaf.com.tel.int.KafkaMetricsCollector] (main) initializing Kafka metrics collector
2025-08-06 18:56:09,605 INFO  [org.apa.kaf.cli.Metadata] (kafka-producer-network-thread | Producer-topic-de22d107_27b8_4794_8276_8b5ed4ece4d1) [Producer clientId=Producer-topic-de22d107_27b8_4794_8276_8b5ed4ece4d1] Cluster ID: NyMRaTI5Q0SXQrlZpmr68g
2025-08-06 18:56:09,607 INFO  [org.apa.kaf.cli.pro.int.TransactionManager] (kafka-producer-network-thread | Producer-topic-de22d107_27b8_4794_8276_8b5ed4ece4d1) [Producer clientId=Producer-topic-de22d107_27b8_4794_8276_8b5ed4ece4d1] ProducerId set to 11 with epoch 0
2025-08-06 18:56:09,610 INFO  [org.apa.kaf.cli.con.ConsumerConfig] (main) These configurations '[apicurio.registry.url]' were supplied but are not used yet.
2025-08-06 18:56:09,610 INFO  [org.apa.kaf.com.uti.AppInfoParser] (main) Kafka version: 3.9.1
2025-08-06 18:56:09,610 INFO  [org.apa.kaf.com.uti.AppInfoParser] (main) Kafka commitId: f745dfdcee2b9851
2025-08-06 18:56:09,610 INFO  [org.apa.kaf.com.uti.AppInfoParser] (main) Kafka startTimeMs: 1754506569610
2025-08-06 18:56:09,614 INFO  [io.api.tes.ser.api.KafkaSerdesTester] (Thread-659) Sending message {"key11754506568522": "value-0"} to topic topic-de22d107_27b8_4794_8276_8b5ed4ece4d1
2025-08-06 18:56:09,619 INFO  [DefaultSchemaResolver] (Thread-659) Retrieving schema content using string: {"type":"record","name":"s1b194f5dx2585x442cxb271xdcd4e1a24790","namespace":"ns_47f6662c_4b22_4b93_90af_c43125bf7c2e","fields":[{"name":"key11754506568522","type":"string"}]}
2025-08-06 18:56:09,650 INFO  [io.api.tes.ser.api.KafkaSerdesTester] (Thread-659) Sending message {"key11754506568522": "value-1"} to topic topic-de22d107_27b8_4794_8276_8b5ed4ece4d1
2025-08-06 18:56:09,652 INFO  [io.api.tes.ser.api.KafkaSerdesTester] (Thread-659) Sending message {"key11754506568522": "value-2"} to topic topic-de22d107_27b8_4794_8276_8b5ed4ece4d1
2025-08-06 18:56:09,654 INFO  [io.api.tes.ser.api.KafkaSerdesTester] (Thread-659) Sending message {"key11754506568522": "value-3"} to topic topic-de22d107_27b8_4794_8276_8b5ed4ece4d1
2025-08-06 18:56:09,657 INFO  [io.api.tes.ser.api.KafkaSerdesTester] (Thread-659) Sending message {"key11754506568522": "value-4"} to topic topic-de22d107_27b8_4794_8276_8b5ed4ece4d1
2025-08-06 18:56:09,661 INFO  [io.api.tes.ser.api.KafkaSerdesTester] (Thread-659) Sending message {"key11754506568522": "value-5"} to topic topic-de22d107_27b8_4794_8276_8b5ed4ece4d1
2025-08-06 18:56:09,663 INFO  [io.api.tes.ser.api.KafkaSerdesTester] (Thread-659) Sending message {"key11754506568522": "value-6"} to topic topic-de22d107_27b8_4794_8276_8b5ed4ece4d1
2025-08-06 18:56:09,666 INFO  [io.api.tes.ser.api.KafkaSerdesTester] (Thread-659) Sending message {"key11754506568522": "value-7"} to topic topic-de22d107_27b8_4794_8276_8b5ed4ece4d1
2025-08-06 18:56:09,670 INFO  [io.api.tes.ser.api.KafkaSerdesTester] (Thread-659) Sending message {"key11754506568522": "value-8"} to topic topic-de22d107_27b8_4794_8276_8b5ed4ece4d1
2025-08-06 18:56:09,674 INFO  [io.api.tes.ser.api.KafkaSerdesTester] (Thread-659) Sending message {"key11754506568522": "value-9"} to topic topic-de22d107_27b8_4794_8276_8b5ed4ece4d1
2025-08-06 18:56:09,679 INFO  [io.api.tes.ser.api.KafkaSerdesTester] (Thread-659) Produced 10 messages
2025-08-06 18:56:09,681 INFO  [org.apa.kaf.cli.con.int.ClassicKafkaConsumer] (Thread-660) [Consumer clientId=consumer-Consumer-topic-de22d107_27b8_4794_8276_8b5ed4ece4d1-9, groupId=Consumer-topic-de22d107_27b8_4794_8276_8b5ed4ece4d1] Subscribed to topic(s): topic-de22d107_27b8_4794_8276_8b5ed4ece4d1
2025-08-06 18:56:09,687 INFO  [org.apa.kaf.cli.Metadata] (Thread-660) [Consumer clientId=consumer-Consumer-topic-de22d107_27b8_4794_8276_8b5ed4ece4d1-9, groupId=Consumer-topic-de22d107_27b8_4794_8276_8b5ed4ece4d1] Cluster ID: NyMRaTI5Q0SXQrlZpmr68g
2025-08-06 18:56:09,687 INFO  [org.apa.kaf.cli.con.int.ConsumerCoordinator] (Thread-660) [Consumer clientId=consumer-Consumer-topic-de22d107_27b8_4794_8276_8b5ed4ece4d1-9, groupId=Consumer-topic-de22d107_27b8_4794_8276_8b5ed4ece4d1] Discovered group coordinator localhost:32769 (id: 2147483647 rack: null)
2025-08-06 18:56:09,689 INFO  [org.apa.kaf.cli.con.int.ConsumerCoordinator] (Thread-660) [Consumer clientId=consumer-Consumer-topic-de22d107_27b8_4794_8276_8b5ed4ece4d1-9, groupId=Consumer-topic-de22d107_27b8_4794_8276_8b5ed4ece4d1] (Re-)joining group
2025-08-06 18:56:09,691 INFO  [org.apa.kaf.cli.con.int.ConsumerCoordinator] (Thread-660) [Consumer clientId=consumer-Consumer-topic-de22d107_27b8_4794_8276_8b5ed4ece4d1-9, groupId=Consumer-topic-de22d107_27b8_4794_8276_8b5ed4ece4d1] Request joining group due to: need to re-join with the given member-id: consumer-Consumer-topic-de22d107_27b8_4794_8276_8b5ed4ece4d1-9-42fcc94c-69af-42de-9071-b168a6cd8530
2025-08-06 18:56:09,691 INFO  [org.apa.kaf.cli.con.int.ConsumerCoordinator] (Thread-660) [Consumer clientId=consumer-Consumer-topic-de22d107_27b8_4794_8276_8b5ed4ece4d1-9, groupId=Consumer-topic-de22d107_27b8_4794_8276_8b5ed4ece4d1] (Re-)joining group
2025-08-06 18:56:10,683 INFO  [io.api.tes.ser.api.KafkaSerdesTester] (Thread-660) None found
2025-08-06 18:56:11,683 INFO  [io.api.tes.ser.api.KafkaSerdesTester] (Thread-660) None found
2025-08-06 18:56:12,683 INFO  [io.api.tes.ser.api.KafkaSerdesTester] (Thread-660) None found
2025-08-06 18:56:12,692 INFO  [org.apa.kaf.cli.con.int.ConsumerCoordinator] (Thread-660) [Consumer clientId=consumer-Consumer-topic-de22d107_27b8_4794_8276_8b5ed4ece4d1-9, groupId=Consumer-topic-de22d107_27b8_4794_8276_8b5ed4ece4d1] Successfully joined group with generation Generation{generationId=1, memberId='consumer-Consumer-topic-de22d107_27b8_4794_8276_8b5ed4ece4d1-9-42fcc94c-69af-42de-9071-b168a6cd8530', protocol='range'}
2025-08-06 18:56:12,693 INFO  [org.apa.kaf.cli.con.int.ConsumerCoordinator] (Thread-660) [Consumer clientId=consumer-Consumer-topic-de22d107_27b8_4794_8276_8b5ed4ece4d1-9, groupId=Consumer-topic-de22d107_27b8_4794_8276_8b5ed4ece4d1] Finished assignment for group at generation 1: {consumer-Consumer-topic-de22d107_27b8_4794_8276_8b5ed4ece4d1-9-42fcc94c-69af-42de-9071-b168a6cd8530=Assignment(partitions=[topic-de22d107_27b8_4794_8276_8b5ed4ece4d1-0])}
2025-08-06 18:56:12,699 INFO  [org.apa.kaf.cli.con.int.ConsumerCoordinator] (Thread-660) [Consumer clientId=consumer-Consumer-topic-de22d107_27b8_4794_8276_8b5ed4ece4d1-9, groupId=Consumer-topic-de22d107_27b8_4794_8276_8b5ed4ece4d1] Successfully synced group in generation Generation{generationId=1, memberId='consumer-Consumer-topic-de22d107_27b8_4794_8276_8b5ed4ece4d1-9-42fcc94c-69af-42de-9071-b168a6cd8530', protocol='range'}
2025-08-06 18:56:12,699 INFO  [org.apa.kaf.cli.con.int.ConsumerCoordinator] (Thread-660) [Consumer clientId=consumer-Consumer-topic-de22d107_27b8_4794_8276_8b5ed4ece4d1-9, groupId=Consumer-topic-de22d107_27b8_4794_8276_8b5ed4ece4d1] Notifying assignor about the new Assignment(partitions=[topic-de22d107_27b8_4794_8276_8b5ed4ece4d1-0])
2025-08-06 18:56:12,700 INFO  [org.apa.kaf.cli.con.int.ConsumerRebalanceListenerInvoker] (Thread-660) [Consumer clientId=consumer-Consumer-topic-de22d107_27b8_4794_8276_8b5ed4ece4d1-9, groupId=Consumer-topic-de22d107_27b8_4794_8276_8b5ed4ece4d1] Adding newly assigned partitions: topic-de22d107_27b8_4794_8276_8b5ed4ece4d1-0
2025-08-06 18:56:12,700 INFO  [org.apa.kaf.cli.con.int.ConsumerCoordinator] (Thread-660) [Consumer clientId=consumer-Consumer-topic-de22d107_27b8_4794_8276_8b5ed4ece4d1-9, groupId=Consumer-topic-de22d107_27b8_4794_8276_8b5ed4ece4d1] Found no committed offset for partition topic-de22d107_27b8_4794_8276_8b5ed4ece4d1-0
2025-08-06 18:56:12,704 INFO  [org.apa.kaf.cli.con.int.SubscriptionState] (Thread-660) [Consumer clientId=consumer-Consumer-topic-de22d107_27b8_4794_8276_8b5ed4ece4d1-9, groupId=Consumer-topic-de22d107_27b8_4794_8276_8b5ed4ece4d1] Resetting offset for partition topic-de22d107_27b8_4794_8276_8b5ed4ece4d1-0 to position FetchPosition{offset=0, offsetEpoch=Optional.empty, currentLeader=LeaderAndEpoch{leader=Optional[localhost:32769 (id: 0 rack: null)], epoch=0}}.
2025-08-06 18:56:13,001 INFO  [io.api.tes.ser.api.KafkaSerdesTester] (Thread-660) topic-de22d107_27b8_4794_8276_8b5ed4ece4d1 0 0 {"key11754506568522": "value-0"}
2025-08-06 18:56:13,001 INFO  [io.api.tes.ser.api.KafkaSerdesTester] (Thread-660) topic-de22d107_27b8_4794_8276_8b5ed4ece4d1 0 1 {"key11754506568522": "value-1"}
2025-08-06 18:56:13,001 INFO  [io.api.tes.ser.api.KafkaSerdesTester] (Thread-660) topic-de22d107_27b8_4794_8276_8b5ed4ece4d1 0 2 {"key11754506568522": "value-2"}
2025-08-06 18:56:13,002 INFO  [io.api.tes.ser.api.KafkaSerdesTester] (Thread-660) topic-de22d107_27b8_4794_8276_8b5ed4ece4d1 0 3 {"key11754506568522": "value-3"}
2025-08-06 18:56:13,002 INFO  [io.api.tes.ser.api.KafkaSerdesTester] (Thread-660) topic-de22d107_27b8_4794_8276_8b5ed4ece4d1 0 4 {"key11754506568522": "value-4"}
2025-08-06 18:56:13,002 INFO  [io.api.tes.ser.api.KafkaSerdesTester] (Thread-660) topic-de22d107_27b8_4794_8276_8b5ed4ece4d1 0 5 {"key11754506568522": "value-5"}
2025-08-06 18:56:13,002 INFO  [io.api.tes.ser.api.KafkaSerdesTester] (Thread-660) topic-de22d107_27b8_4794_8276_8b5ed4ece4d1 0 6 {"key11754506568522": "value-6"}
2025-08-06 18:56:13,002 INFO  [io.api.tes.ser.api.KafkaSerdesTester] (Thread-660) topic-de22d107_27b8_4794_8276_8b5ed4ece4d1 0 7 {"key11754506568522": "value-7"}
2025-08-06 18:56:13,002 INFO  [io.api.tes.ser.api.KafkaSerdesTester] (Thread-660) topic-de22d107_27b8_4794_8276_8b5ed4ece4d1 0 8 {"key11754506568522": "value-8"}
2025-08-06 18:56:13,002 INFO  [io.api.tes.ser.api.KafkaSerdesTester] (Thread-660) topic-de22d107_27b8_4794_8276_8b5ed4ece4d1 0 9 {"key11754506568522": "value-9"}
2025-08-06 18:56:13,002 INFO  [io.api.tes.ser.api.KafkaSerdesTester] (Thread-660) Consumed 10 messages
2025-08-06 18:56:13,003 INFO  [io.api.tes.ser.api.AvroSerdeIT] (main) Registering Avro Schema 2: {"type":"record","name":"s1b194f5dx2585x442cxb271xdcd4e1a24790","namespace":"ns_47f6662c_4b22_4b93_90af_c43125bf7c2e","fields":[{"name":"key11754506568522","type":"string"},{"name":"key21754506573002","type":"string"}]}
2025-08-06 18:56:14,064 INFO  [io.api.tes.ser.api.KafkaSerdesTester] (Thread-661) Sending message {"key11754506568522": "value-0", "key21754506573002": "value-0"} to topic topic-de22d107_27b8_4794_8276_8b5ed4ece4d1
2025-08-06 18:56:14,064 INFO  [DefaultSchemaResolver] (Thread-661) Retrieving schema content using string: {"type":"record","name":"s1b194f5dx2585x442cxb271xdcd4e1a24790","namespace":"ns_47f6662c_4b22_4b93_90af_c43125bf7c2e","fields":[{"name":"key11754506568522","type":"string"},{"name":"key21754506573002","type":"string"}]}
2025-08-06 18:56:14,083 INFO  [io.api.tes.ser.api.KafkaSerdesTester] (Thread-661) Sending message {"key11754506568522": "value-1", "key21754506573002": "value-1"} to topic topic-de22d107_27b8_4794_8276_8b5ed4ece4d1
2025-08-06 18:56:14,084 INFO  [io.api.tes.ser.api.KafkaSerdesTester] (Thread-661) Sending message {"key11754506568522": "value-2", "key21754506573002": "value-2"} to topic topic-de22d107_27b8_4794_8276_8b5ed4ece4d1
2025-08-06 18:56:14,086 INFO  [io.api.tes.ser.api.KafkaSerdesTester] (Thread-661) Sending message {"key11754506568522": "value-3", "key21754506573002": "value-3"} to topic topic-de22d107_27b8_4794_8276_8b5ed4ece4d1
2025-08-06 18:56:14,087 INFO  [io.api.tes.ser.api.KafkaSerdesTester] (Thread-661) Sending message {"key11754506568522": "value-4", "key21754506573002": "value-4"} to topic topic-de22d107_27b8_4794_8276_8b5ed4ece4d1
2025-08-06 18:56:14,089 INFO  [io.api.tes.ser.api.KafkaSerdesTester] (Thread-661) Sending message {"key11754506568522": "value-5", "key21754506573002": "value-5"} to topic topic-de22d107_27b8_4794_8276_8b5ed4ece4d1
2025-08-06 18:56:14,092 INFO  [io.api.tes.ser.api.KafkaSerdesTester] (Thread-661) Sending message {"key11754506568522": "value-6", "key21754506573002": "value-6"} to topic topic-de22d107_27b8_4794_8276_8b5ed4ece4d1
2025-08-06 18:56:14,093 INFO  [io.api.tes.ser.api.KafkaSerdesTester] (Thread-661) Sending message {"key11754506568522": "value-7", "key21754506573002": "value-7"} to topic topic-de22d107_27b8_4794_8276_8b5ed4ece4d1
2025-08-06 18:56:14,094 INFO  [io.api.tes.ser.api.KafkaSerdesTester] (Thread-661) Sending message {"key11754506568522": "value-8", "key21754506573002": "value-8"} to topic topic-de22d107_27b8_4794_8276_8b5ed4ece4d1
2025-08-06 18:56:14,096 INFO  [io.api.tes.ser.api.KafkaSerdesTester] (Thread-661) Sending message {"key11754506568522": "value-9", "key21754506573002": "value-9"} to topic topic-de22d107_27b8_4794_8276_8b5ed4ece4d1
2025-08-06 18:56:14,098 INFO  [io.api.tes.ser.api.KafkaSerdesTester] (Thread-661) Produced 10 messages
2025-08-06 18:56:14,098 INFO  [io.api.tes.ser.api.KafkaSerdesTester] (Thread-662) Sending message {"key11754506568522": "value-0"} to topic topic-de22d107_27b8_4794_8276_8b5ed4ece4d1
2025-08-06 18:56:14,100 INFO  [io.api.tes.ser.api.KafkaSerdesTester] (Thread-662) Sending message {"key11754506568522": "value-1"} to topic topic-de22d107_27b8_4794_8276_8b5ed4ece4d1
2025-08-06 18:56:14,105 INFO  [io.api.tes.ser.api.KafkaSerdesTester] (Thread-662) Sending message {"key11754506568522": "value-2"} to topic topic-de22d107_27b8_4794_8276_8b5ed4ece4d1
2025-08-06 18:56:14,107 INFO  [io.api.tes.ser.api.KafkaSerdesTester] (Thread-662) Sending message {"key11754506568522": "value-3"} to topic topic-de22d107_27b8_4794_8276_8b5ed4ece4d1
2025-08-06 18:56:14,108 INFO  [io.api.tes.ser.api.KafkaSerdesTester] (Thread-662) Sending message {"key11754506568522": "value-4"} to topic topic-de22d107_27b8_4794_8276_8b5ed4ece4d1
2025-08-06 18:56:14,110 INFO  [io.api.tes.ser.api.KafkaSerdesTester] (Thread-662) Sending message {"key11754506568522": "value-5"} to topic topic-de22d107_27b8_4794_8276_8b5ed4ece4d1
2025-08-06 18:56:14,111 INFO  [io.api.tes.ser.api.KafkaSerdesTester] (Thread-662) Sending message {"key11754506568522": "value-6"} to topic topic-de22d107_27b8_4794_8276_8b5ed4ece4d1
2025-08-06 18:56:14,113 INFO  [io.api.tes.ser.api.KafkaSerdesTester] (Thread-662) Sending message {"key11754506568522": "value-7"} to topic topic-de22d107_27b8_4794_8276_8b5ed4ece4d1
2025-08-06 18:56:14,114 INFO  [io.api.tes.ser.api.KafkaSerdesTester] (Thread-662) Sending message {"key11754506568522": "value-8"} to topic topic-de22d107_27b8_4794_8276_8b5ed4ece4d1
2025-08-06 18:56:14,115 INFO  [io.api.tes.ser.api.KafkaSerdesTester] (Thread-662) Sending message {"key11754506568522": "value-9"} to topic topic-de22d107_27b8_4794_8276_8b5ed4ece4d1
2025-08-06 18:56:14,117 INFO  [io.api.tes.ser.api.KafkaSerdesTester] (Thread-662) Produced 10 messages
2025-08-06 18:56:14,118 INFO  [org.apa.kaf.cli.con.int.ClassicKafkaConsumer] (Thread-663) [Consumer clientId=consumer-Consumer-topic-de22d107_27b8_4794_8276_8b5ed4ece4d1-9, groupId=Consumer-topic-de22d107_27b8_4794_8276_8b5ed4ece4d1] Subscribed to topic(s): topic-de22d107_27b8_4794_8276_8b5ed4ece4d1
2025-08-06 18:56:14,146 INFO  [io.api.tes.ser.api.KafkaSerdesTester] (Thread-663) topic-de22d107_27b8_4794_8276_8b5ed4ece4d1 0 10 {"key11754506568522": "value-0", "key21754506573002": "value-0"}
2025-08-06 18:56:14,146 INFO  [io.api.tes.ser.api.KafkaSerdesTester] (Thread-663) topic-de22d107_27b8_4794_8276_8b5ed4ece4d1 0 11 {"key11754506568522": "value-1", "key21754506573002": "value-1"}
2025-08-06 18:56:14,146 INFO  [io.api.tes.ser.api.KafkaSerdesTester] (Thread-663) topic-de22d107_27b8_4794_8276_8b5ed4ece4d1 0 12 {"key11754506568522": "value-2", "key21754506573002": "value-2"}
2025-08-06 18:56:14,146 INFO  [io.api.tes.ser.api.KafkaSerdesTester] (Thread-663) topic-de22d107_27b8_4794_8276_8b5ed4ece4d1 0 13 {"key11754506568522": "value-3", "key21754506573002": "value-3"}
2025-08-06 18:56:14,146 INFO  [io.api.tes.ser.api.KafkaSerdesTester] (Thread-663) topic-de22d107_27b8_4794_8276_8b5ed4ece4d1 0 14 {"key11754506568522": "value-4", "key21754506573002": "value-4"}
2025-08-06 18:56:14,146 INFO  [io.api.tes.ser.api.KafkaSerdesTester] (Thread-663) topic-de22d107_27b8_4794_8276_8b5ed4ece4d1 0 15 {"key11754506568522": "value-5", "key21754506573002": "value-5"}
2025-08-06 18:56:14,146 INFO  [io.api.tes.ser.api.KafkaSerdesTester] (Thread-663) topic-de22d107_27b8_4794_8276_8b5ed4ece4d1 0 16 {"key11754506568522": "value-6", "key21754506573002": "value-6"}
2025-08-06 18:56:14,146 INFO  [io.api.tes.ser.api.KafkaSerdesTester] (Thread-663) topic-de22d107_27b8_4794_8276_8b5ed4ece4d1 0 17 {"key11754506568522": "value-7", "key21754506573002": "value-7"}
2025-08-06 18:56:14,147 INFO  [io.api.tes.ser.api.KafkaSerdesTester] (Thread-663) topic-de22d107_27b8_4794_8276_8b5ed4ece4d1 0 18 {"key11754506568522": "value-8", "key21754506573002": "value-8"}
2025-08-06 18:56:14,147 INFO  [io.api.tes.ser.api.KafkaSerdesTester] (Thread-663) topic-de22d107_27b8_4794_8276_8b5ed4ece4d1 0 19 {"key11754506568522": "value-9", "key21754506573002": "value-9"}
2025-08-06 18:56:14,147 INFO  [io.api.tes.ser.api.KafkaSerdesTester] (Thread-663) topic-de22d107_27b8_4794_8276_8b5ed4ece4d1 0 20 {"key11754506568522": "value-0"}
2025-08-06 18:56:14,147 INFO  [io.api.tes.ser.api.KafkaSerdesTester] (Thread-663) topic-de22d107_27b8_4794_8276_8b5ed4ece4d1 0 21 {"key11754506568522": "value-1"}
2025-08-06 18:56:14,147 INFO  [io.api.tes.ser.api.KafkaSerdesTester] (Thread-663) topic-de22d107_27b8_4794_8276_8b5ed4ece4d1 0 22 {"key11754506568522": "value-2"}
2025-08-06 18:56:14,147 INFO  [io.api.tes.ser.api.KafkaSerdesTester] (Thread-663) topic-de22d107_27b8_4794_8276_8b5ed4ece4d1 0 23 {"key11754506568522": "value-3"}
2025-08-06 18:56:14,148 INFO  [io.api.tes.ser.api.KafkaSerdesTester] (Thread-663) topic-de22d107_27b8_4794_8276_8b5ed4ece4d1 0 24 {"key11754506568522": "value-4"}
2025-08-06 18:56:14,148 INFO  [io.api.tes.ser.api.KafkaSerdesTester] (Thread-663) topic-de22d107_27b8_4794_8276_8b5ed4ece4d1 0 25 {"key11754506568522": "value-5"}
2025-08-06 18:56:14,148 INFO  [io.api.tes.ser.api.KafkaSerdesTester] (Thread-663) topic-de22d107_27b8_4794_8276_8b5ed4ece4d1 0 26 {"key11754506568522": "value-6"}
2025-08-06 18:56:14,148 INFO  [io.api.tes.ser.api.KafkaSerdesTester] (Thread-663) topic-de22d107_27b8_4794_8276_8b5ed4ece4d1 0 27 {"key11754506568522": "value-7"}
2025-08-06 18:56:14,148 INFO  [io.api.tes.ser.api.KafkaSerdesTester] (Thread-663) topic-de22d107_27b8_4794_8276_8b5ed4ece4d1 0 28 {"key11754506568522": "value-8"}
2025-08-06 18:56:14,148 INFO  [io.api.tes.ser.api.KafkaSerdesTester] (Thread-663) topic-de22d107_27b8_4794_8276_8b5ed4ece4d1 0 29 {"key11754506568522": "value-9"}
2025-08-06 18:56:14,148 INFO  [io.api.tes.ser.api.KafkaSerdesTester] (Thread-663) Consumed 20 messages
2025-08-06 18:56:14,148 INFO  [io.api.tes.ser.api.AvroSerdeIT] (main) Registering Avro Schema 3: {"type":"record","name":"s1b194f5dx2585x442cxb271xdcd4e1a24790","namespace":"ns_47f6662c_4b22_4b93_90af_c43125bf7c2e","fields":[{"name":"key11754506568522","type":"string"},{"name":"key21754506573002","type":"string"},{"name":"key31754506574148","type":"string"}]}
2025-08-06 18:56:15,207 INFO  [io.api.tes.ser.api.KafkaSerdesTester] (Thread-664) Sending message {"key11754506568522": "value-0", "key21754506573002": "value-0", "key31754506574148": "value-0"} to topic topic-de22d107_27b8_4794_8276_8b5ed4ece4d1
2025-08-06 18:56:15,207 INFO  [DefaultSchemaResolver] (Thread-664) Retrieving schema content using string: {"type":"record","name":"s1b194f5dx2585x442cxb271xdcd4e1a24790","namespace":"ns_47f6662c_4b22_4b93_90af_c43125bf7c2e","fields":[{"name":"key11754506568522","type":"string"},{"name":"key21754506573002","type":"string"},{"name":"key31754506574148","type":"string"}]}
2025-08-06 18:56:15,225 INFO  [io.api.tes.ser.api.KafkaSerdesTester] (Thread-664) Sending message {"key11754506568522": "value-1", "key21754506573002": "value-1", "key31754506574148": "value-1"} to topic topic-de22d107_27b8_4794_8276_8b5ed4ece4d1
2025-08-06 18:56:15,228 INFO  [io.api.tes.ser.api.KafkaSerdesTester] (Thread-664) Sending message {"key11754506568522": "value-2", "key21754506573002": "value-2", "key31754506574148": "value-2"} to topic topic-de22d107_27b8_4794_8276_8b5ed4ece4d1
2025-08-06 18:56:15,231 INFO  [io.api.tes.ser.api.KafkaSerdesTester] (Thread-664) Sending message {"key11754506568522": "value-3", "key21754506573002": "value-3", "key31754506574148": "value-3"} to topic topic-de22d107_27b8_4794_8276_8b5ed4ece4d1
2025-08-06 18:56:15,234 INFO  [io.api.tes.ser.api.KafkaSerdesTester] (Thread-664) Sending message {"key11754506568522": "value-4", "key21754506573002": "value-4", "key31754506574148": "value-4"} to topic topic-de22d107_27b8_4794_8276_8b5ed4ece4d1
2025-08-06 18:56:15,242 INFO  [io.api.tes.ser.api.KafkaSerdesTester] (Thread-664) Sending message {"key11754506568522": "value-5", "key21754506573002": "value-5", "key31754506574148": "value-5"} to topic topic-de22d107_27b8_4794_8276_8b5ed4ece4d1
2025-08-06 18:56:15,245 INFO  [io.api.tes.ser.api.KafkaSerdesTester] (Thread-664) Sending message {"key11754506568522": "value-6", "key21754506573002": "value-6", "key31754506574148": "value-6"} to topic topic-de22d107_27b8_4794_8276_8b5ed4ece4d1
2025-08-06 18:56:15,249 INFO  [io.api.tes.ser.api.KafkaSerdesTester] (Thread-664) Sending message {"key11754506568522": "value-7", "key21754506573002": "value-7", "key31754506574148": "value-7"} to topic topic-de22d107_27b8_4794_8276_8b5ed4ece4d1
2025-08-06 18:56:15,250 INFO  [io.api.tes.ser.api.KafkaSerdesTester] (Thread-664) Sending message {"key11754506568522": "value-8", "key21754506573002": "value-8", "key31754506574148": "value-8"} to topic topic-de22d107_27b8_4794_8276_8b5ed4ece4d1
2025-08-06 18:56:15,252 INFO  [io.api.tes.ser.api.KafkaSerdesTester] (Thread-664) Sending message {"key11754506568522": "value-9", "key21754506573002": "value-9", "key31754506574148": "value-9"} to topic topic-de22d107_27b8_4794_8276_8b5ed4ece4d1
2025-08-06 18:56:15,253 INFO  [io.api.tes.ser.api.KafkaSerdesTester] (Thread-664) Produced 10 messages
2025-08-06 18:56:15,254 INFO  [io.api.tes.ser.api.KafkaSerdesTester] (Thread-665) Sending message {"key11754506568522": "value-0", "key21754506573002": "value-0"} to topic topic-de22d107_27b8_4794_8276_8b5ed4ece4d1
2025-08-06 18:56:15,255 INFO  [io.api.tes.ser.api.KafkaSerdesTester] (Thread-665) Sending message {"key11754506568522": "value-1", "key21754506573002": "value-1"} to topic topic-de22d107_27b8_4794_8276_8b5ed4ece4d1
2025-08-06 18:56:15,256 INFO  [io.api.tes.ser.api.KafkaSerdesTester] (Thread-665) Sending message {"key11754506568522": "value-2", "key21754506573002": "value-2"} to topic topic-de22d107_27b8_4794_8276_8b5ed4ece4d1
2025-08-06 18:56:15,257 INFO  [io.api.tes.ser.api.KafkaSerdesTester] (Thread-665) Sending message {"key11754506568522": "value-3", "key21754506573002": "value-3"} to topic topic-de22d107_27b8_4794_8276_8b5ed4ece4d1
2025-08-06 18:56:15,259 INFO  [io.api.tes.ser.api.KafkaSerdesTester] (Thread-665) Sending message {"key11754506568522": "value-4", "key21754506573002": "value-4"} to topic topic-de22d107_27b8_4794_8276_8b5ed4ece4d1
2025-08-06 18:56:15,261 INFO  [io.api.tes.ser.api.KafkaSerdesTester] (Thread-665) Sending message {"key11754506568522": "value-5", "key21754506573002": "value-5"} to topic topic-de22d107_27b8_4794_8276_8b5ed4ece4d1
2025-08-06 18:56:15,262 INFO  [io.api.tes.ser.api.KafkaSerdesTester] (Thread-665) Sending message {"key11754506568522": "value-6", "key21754506573002": "value-6"} to topic topic-de22d107_27b8_4794_8276_8b5ed4ece4d1
2025-08-06 18:56:15,263 INFO  [io.api.tes.ser.api.KafkaSerdesTester] (Thread-665) Sending message {"key11754506568522": "value-7", "key21754506573002": "value-7"} to topic topic-de22d107_27b8_4794_8276_8b5ed4ece4d1
2025-08-06 18:56:15,267 INFO  [io.api.tes.ser.api.KafkaSerdesTester] (Thread-665) Sending message {"key11754506568522": "value-8", "key21754506573002": "value-8"} to topic topic-de22d107_27b8_4794_8276_8b5ed4ece4d1
2025-08-06 18:56:15,269 INFO  [io.api.tes.ser.api.KafkaSerdesTester] (Thread-665) Sending message {"key11754506568522": "value-9", "key21754506573002": "value-9"} to topic topic-de22d107_27b8_4794_8276_8b5ed4ece4d1
2025-08-06 18:56:15,271 INFO  [io.api.tes.ser.api.KafkaSerdesTester] (Thread-665) Produced 10 messages
2025-08-06 18:56:15,272 INFO  [io.api.tes.ser.api.KafkaSerdesTester] (Thread-666) Sending message {"key11754506568522": "value-0"} to topic topic-de22d107_27b8_4794_8276_8b5ed4ece4d1
2025-08-06 18:56:15,275 INFO  [io.api.tes.ser.api.KafkaSerdesTester] (Thread-666) Sending message {"key11754506568522": "value-1"} to topic topic-de22d107_27b8_4794_8276_8b5ed4ece4d1
2025-08-06 18:56:15,278 INFO  [io.api.tes.ser.api.KafkaSerdesTester] (Thread-666) Sending message {"key11754506568522": "value-2"} to topic topic-de22d107_27b8_4794_8276_8b5ed4ece4d1
2025-08-06 18:56:15,279 INFO  [io.api.tes.ser.api.KafkaSerdesTester] (Thread-666) Sending message {"key11754506568522": "value-3"} to topic topic-de22d107_27b8_4794_8276_8b5ed4ece4d1
2025-08-06 18:56:15,283 INFO  [io.api.tes.ser.api.KafkaSerdesTester] (Thread-666) Sending message {"key11754506568522": "value-4"} to topic topic-de22d107_27b8_4794_8276_8b5ed4ece4d1
2025-08-06 18:56:15,286 INFO  [io.api.tes.ser.api.KafkaSerdesTester] (Thread-666) Sending message {"key11754506568522": "value-5"} to topic topic-de22d107_27b8_4794_8276_8b5ed4ece4d1
2025-08-06 18:56:15,288 INFO  [io.api.tes.ser.api.KafkaSerdesTester] (Thread-666) Sending message {"key11754506568522": "value-6"} to topic topic-de22d107_27b8_4794_8276_8b5ed4ece4d1
2025-08-06 18:56:15,289 INFO  [io.api.tes.ser.api.KafkaSerdesTester] (Thread-666) Sending message {"key11754506568522": "value-7"} to topic topic-de22d107_27b8_4794_8276_8b5ed4ece4d1
2025-08-06 18:56:15,291 INFO  [io.api.tes.ser.api.KafkaSerdesTester] (Thread-666) Sending message {"key11754506568522": "value-8"} to topic topic-de22d107_27b8_4794_8276_8b5ed4ece4d1
2025-08-06 18:56:15,292 INFO  [io.api.tes.ser.api.KafkaSerdesTester] (Thread-666) Sending message {"key11754506568522": "value-9"} to topic topic-de22d107_27b8_4794_8276_8b5ed4ece4d1
2025-08-06 18:56:15,294 INFO  [io.api.tes.ser.api.KafkaSerdesTester] (Thread-666) Produced 10 messages
2025-08-06 18:56:15,295 INFO  [org.apa.kaf.cli.con.int.ClassicKafkaConsumer] (Thread-667) [Consumer clientId=consumer-Consumer-topic-de22d107_27b8_4794_8276_8b5ed4ece4d1-9, groupId=Consumer-topic-de22d107_27b8_4794_8276_8b5ed4ece4d1] Subscribed to topic(s): topic-de22d107_27b8_4794_8276_8b5ed4ece4d1
2025-08-06 18:56:15,325 INFO  [io.api.tes.ser.api.KafkaSerdesTester] (Thread-667) topic-de22d107_27b8_4794_8276_8b5ed4ece4d1 0 30 {"key11754506568522": "value-0", "key21754506573002": "value-0", "key31754506574148": "value-0"}
2025-08-06 18:56:15,325 INFO  [io.api.tes.ser.api.KafkaSerdesTester] (Thread-667) topic-de22d107_27b8_4794_8276_8b5ed4ece4d1 0 31 {"key11754506568522": "value-1", "key21754506573002": "value-1", "key31754506574148": "value-1"}
2025-08-06 18:56:15,326 INFO  [io.api.tes.ser.api.KafkaSerdesTester] (Thread-667) topic-de22d107_27b8_4794_8276_8b5ed4ece4d1 0 32 {"key11754506568522": "value-2", "key21754506573002": "value-2", "key31754506574148": "value-2"}
2025-08-06 18:56:15,326 INFO  [io.api.tes.ser.api.KafkaSerdesTester] (Thread-667) topic-de22d107_27b8_4794_8276_8b5ed4ece4d1 0 33 {"key11754506568522": "value-3", "key21754506573002": "value-3", "key31754506574148": "value-3"}
2025-08-06 18:56:15,326 INFO  [io.api.tes.ser.api.KafkaSerdesTester] (Thread-667) topic-de22d107_27b8_4794_8276_8b5ed4ece4d1 0 34 {"key11754506568522": "value-4", "key21754506573002": "value-4", "key31754506574148": "value-4"}
2025-08-06 18:56:15,326 INFO  [io.api.tes.ser.api.KafkaSerdesTester] (Thread-667) topic-de22d107_27b8_4794_8276_8b5ed4ece4d1 0 35 {"key11754506568522": "value-5", "key21754506573002": "value-5", "key31754506574148": "value-5"}
2025-08-06 18:56:15,326 INFO  [io.api.tes.ser.api.KafkaSerdesTester] (Thread-667) topic-de22d107_27b8_4794_8276_8b5ed4ece4d1 0 36 {"key11754506568522": "value-6", "key21754506573002": "value-6", "key31754506574148": "value-6"}
2025-08-06 18:56:15,326 INFO  [io.api.tes.ser.api.KafkaSerdesTester] (Thread-667) topic-de22d107_27b8_4794_8276_8b5ed4ece4d1 0 37 {"key11754506568522": "value-7", "key21754506573002": "value-7", "key31754506574148": "value-7"}
2025-08-06 18:56:15,326 INFO  [io.api.tes.ser.api.KafkaSerdesTester] (Thread-667) topic-de22d107_27b8_4794_8276_8b5ed4ece4d1 0 38 {"key11754506568522": "value-8", "key21754506573002": "value-8", "key31754506574148": "value-8"}
2025-08-06 18:56:15,326 INFO  [io.api.tes.ser.api.KafkaSerdesTester] (Thread-667) topic-de22d107_27b8_4794_8276_8b5ed4ece4d1 0 39 {"key11754506568522": "value-9", "key21754506573002": "value-9", "key31754506574148": "value-9"}
2025-08-06 18:56:15,326 INFO  [io.api.tes.ser.api.KafkaSerdesTester] (Thread-667) topic-de22d107_27b8_4794_8276_8b5ed4ece4d1 0 40 {"key11754506568522": "value-0", "key21754506573002": "value-0"}
2025-08-06 18:56:15,326 INFO  [io.api.tes.ser.api.KafkaSerdesTester] (Thread-667) topic-de22d107_27b8_4794_8276_8b5ed4ece4d1 0 41 {"key11754506568522": "value-1", "key21754506573002": "value-1"}
2025-08-06 18:56:15,326 INFO  [io.api.tes.ser.api.KafkaSerdesTester] (Thread-667) topic-de22d107_27b8_4794_8276_8b5ed4ece4d1 0 42 {"key11754506568522": "value-2", "key21754506573002": "value-2"}
2025-08-06 18:56:15,326 INFO  [io.api.tes.ser.api.KafkaSerdesTester] (Thread-667) topic-de22d107_27b8_4794_8276_8b5ed4ece4d1 0 43 {"key11754506568522": "value-3", "key21754506573002": "value-3"}
2025-08-06 18:56:15,326 INFO  [io.api.tes.ser.api.KafkaSerdesTester] (Thread-667) topic-de22d107_27b8_4794_8276_8b5ed4ece4d1 0 44 {"key11754506568522": "value-4", "key21754506573002": "value-4"}
2025-08-06 18:56:15,326 INFO  [io.api.tes.ser.api.KafkaSerdesTester] (Thread-667) topic-de22d107_27b8_4794_8276_8b5ed4ece4d1 0 45 {"key11754506568522": "value-5", "key21754506573002": "value-5"}
2025-08-06 18:56:15,326 INFO  [io.api.tes.ser.api.KafkaSerdesTester] (Thread-667) topic-de22d107_27b8_4794_8276_8b5ed4ece4d1 0 46 {"key11754506568522": "value-6", "key21754506573002": "value-6"}
2025-08-06 18:56:15,326 INFO  [io.api.tes.ser.api.KafkaSerdesTester] (Thread-667) topic-de22d107_27b8_4794_8276_8b5ed4ece4d1 0 47 {"key11754506568522": "value-7", "key21754506573002": "value-7"}
2025-08-06 18:56:15,326 INFO  [io.api.tes.ser.api.KafkaSerdesTester] (Thread-667) topic-de22d107_27b8_4794_8276_8b5ed4ece4d1 0 48 {"key11754506568522": "value-8", "key21754506573002": "value-8"}
2025-08-06 18:56:15,326 INFO  [io.api.tes.ser.api.KafkaSerdesTester] (Thread-667) topic-de22d107_27b8_4794_8276_8b5ed4ece4d1 0 49 {"key11754506568522": "value-9", "key21754506573002": "value-9"}
2025-08-06 18:56:15,327 INFO  [io.api.tes.ser.api.KafkaSerdesTester] (Thread-667) topic-de22d107_27b8_4794_8276_8b5ed4ece4d1 0 50 {"key11754506568522": "value-0"}
2025-08-06 18:56:15,327 INFO  [io.api.tes.ser.api.KafkaSerdesTester] (Thread-667) topic-de22d107_27b8_4794_8276_8b5ed4ece4d1 0 51 {"key11754506568522": "value-1"}
2025-08-06 18:56:15,327 INFO  [io.api.tes.ser.api.KafkaSerdesTester] (Thread-667) topic-de22d107_27b8_4794_8276_8b5ed4ece4d1 0 52 {"key11754506568522": "value-2"}
2025-08-06 18:56:15,327 INFO  [io.api.tes.ser.api.KafkaSerdesTester] (Thread-667) topic-de22d107_27b8_4794_8276_8b5ed4ece4d1 0 53 {"key11754506568522": "value-3"}
2025-08-06 18:56:15,327 INFO  [io.api.tes.ser.api.KafkaSerdesTester] (Thread-667) topic-de22d107_27b8_4794_8276_8b5ed4ece4d1 0 54 {"key11754506568522": "value-4"}
2025-08-06 18:56:15,327 INFO  [io.api.tes.ser.api.KafkaSerdesTester] (Thread-667) topic-de22d107_27b8_4794_8276_8b5ed4ece4d1 0 55 {"key11754506568522": "value-5"}
2025-08-06 18:56:15,327 INFO  [io.api.tes.ser.api.KafkaSerdesTester] (Thread-667) topic-de22d107_27b8_4794_8276_8b5ed4ece4d1 0 56 {"key11754506568522": "value-6"}
2025-08-06 18:56:15,327 INFO  [io.api.tes.ser.api.KafkaSerdesTester] (Thread-667) topic-de22d107_27b8_4794_8276_8b5ed4ece4d1 0 57 {"key11754506568522": "value-7"}
2025-08-06 18:56:15,327 INFO  [io.api.tes.ser.api.KafkaSerdesTester] (Thread-667) topic-de22d107_27b8_4794_8276_8b5ed4ece4d1 0 58 {"key11754506568522": "value-8"}
2025-08-06 18:56:15,327 INFO  [io.api.tes.ser.api.KafkaSerdesTester] (Thread-667) topic-de22d107_27b8_4794_8276_8b5ed4ece4d1 0 59 {"key11754506568522": "value-9"}
2025-08-06 18:56:15,327 INFO  [io.api.tes.ser.api.KafkaSerdesTester] (Thread-667) Consumed 30 messages
2025-08-06 18:56:15,327 INFO  [org.apa.kaf.cli.pro.KafkaProducer] (main) [Producer clientId=Producer-topic-de22d107_27b8_4794_8276_8b5ed4ece4d1] Closing the Kafka producer with timeoutMillis = 9223372036854775807 ms.
2025-08-06 18:56:15,330 INFO  [org.apa.kaf.com.met.Metrics] (main) Metrics scheduler closed
2025-08-06 18:56:15,330 INFO  [org.apa.kaf.com.met.Metrics] (main) Closing reporter org.apache.kafka.common.metrics.JmxReporter
2025-08-06 18:56:15,330 INFO  [org.apa.kaf.com.met.Metrics] (main) Closing reporter org.apache.kafka.common.telemetry.internals.ClientTelemetryReporter
2025-08-06 18:56:15,330 INFO  [org.apa.kaf.com.met.Metrics] (main) Metrics reporters closed
2025-08-06 18:56:15,331 INFO  [org.apa.kaf.com.uti.AppInfoParser] (main) App info kafka.producer for Producer-topic-de22d107_27b8_4794_8276_8b5ed4ece4d1 unregistered
2025-08-06 18:56:15,336 INFO  [org.apa.kaf.cli.con.int.ConsumerRebalanceListenerInvoker] (main) [Consumer clientId=consumer-Consumer-topic-de22d107_27b8_4794_8276_8b5ed4ece4d1-9, groupId=Consumer-topic-de22d107_27b8_4794_8276_8b5ed4ece4d1] Revoke previously assigned partitions topic-de22d107_27b8_4794_8276_8b5ed4ece4d1-0
2025-08-06 18:56:15,336 INFO  [org.apa.kaf.cli.con.int.ConsumerCoordinator] (main) [Consumer clientId=consumer-Consumer-topic-de22d107_27b8_4794_8276_8b5ed4ece4d1-9, groupId=Consumer-topic-de22d107_27b8_4794_8276_8b5ed4ece4d1] Member consumer-Consumer-topic-de22d107_27b8_4794_8276_8b5ed4ece4d1-9-42fcc94c-69af-42de-9071-b168a6cd8530 sending LeaveGroup request to coordinator localhost:32769 (id: 2147483647 rack: null) due to the consumer is being closed
2025-08-06 18:56:15,337 INFO  [org.apa.kaf.cli.con.int.ConsumerCoordinator] (main) [Consumer clientId=consumer-Consumer-topic-de22d107_27b8_4794_8276_8b5ed4ece4d1-9, groupId=Consumer-topic-de22d107_27b8_4794_8276_8b5ed4ece4d1] Resetting generation and member id due to: consumer pro-actively leaving the group
2025-08-06 18:56:15,337 INFO  [org.apa.kaf.cli.con.int.ConsumerCoordinator] (main) [Consumer clientId=consumer-Consumer-topic-de22d107_27b8_4794_8276_8b5ed4ece4d1-9, groupId=Consumer-topic-de22d107_27b8_4794_8276_8b5ed4ece4d1] Request joining group due to: consumer pro-actively leaving the group
2025-08-06 18:56:15,827 INFO  [org.apa.kaf.com.met.Metrics] (main) Metrics scheduler closed
2025-08-06 18:56:15,827 INFO  [org.apa.kaf.com.met.Metrics] (main) Closing reporter org.apache.kafka.common.metrics.JmxReporter
2025-08-06 18:56:15,827 INFO  [org.apa.kaf.com.met.Metrics] (main) Closing reporter org.apache.kafka.common.telemetry.internals.ClientTelemetryReporter
2025-08-06 18:56:15,827 INFO  [org.apa.kaf.com.met.Metrics] (main) Metrics reporters closed
2025-08-06 18:56:15,829 INFO  [org.apa.kaf.com.uti.AppInfoParser] (main) App info kafka.consumer for consumer-Consumer-topic-de22d107_27b8_4794_8276_8b5ed4ece4d1-9 unregistered
2025-08-06 18:56:15,830 INFO  [io.api.tes.uti.TestSeparator] (main) io.apicurio.tests.serdes.apicurio.AvroSerdeIT.testEvolveAvroApicurioReusingClient-FINISHED
2025-08-06 18:56:15,830 INFO  [io.api.tes.uti.TestSeparator] (main) ############################################################################
Test passed: testEvolveAvroApicurioReusingClient
]]></system-out>
  </testcase>
  <testcase name="testProducerUsesDefaultConsumerUsesGlobalId" classname="io.apicurio.tests.serdes.apicurio.AvroSerdeIT" time="0.0">
    <skipped message="void io.apicurio.tests.serdes.apicurio.AvroSerdeIT.testProducerUsesDefaultConsumerUsesGlobalId() throws java.lang.Exception is @Disabled"/>
  </testcase>
  <testcase name="testEvolveAvroApicurio" classname="io.apicurio.tests.serdes.apicurio.AvroSerdeIT" time="14.429">
    <system-out><![CDATA[2025-08-06 18:56:15,836 INFO  [io.api.tes.uti.TestSeparator] (main) ############################################################################
2025-08-06 18:56:15,836 INFO  [io.api.tes.uti.TestSeparator] (main) io.apicurio.tests.serdes.apicurio.AvroSerdeIT.testEvolveAvroApicurio-STARTED
2025-08-06 18:56:15,837 INFO  [io.api.tes.ser.api.AvroSerdeIT] (main) Registering Avro Schema: {"type":"record","name":"se0157308x1c01x46cdxb2dbx4f5d7339e696","namespace":"ns_e2b697db_df8e_4c3e_9576_62fb55a37b2e","fields":[{"name":"key11754506575837","type":"string"}]}
**** Registry Base URL: http://registry-app-ksql047.apps.ci419.apicurio-testing.org:80
2025-08-06 18:56:16,907 INFO  [org.apa.kaf.cli.pro.ProducerConfig] (main) ProducerConfig values: 
	acks = -1
	auto.include.jmx.reporter = true
	batch.size = 16384
	bootstrap.servers = [PLAINTEXT://localhost:32769]
	buffer.memory = 33554432
	client.dns.lookup = use_all_dns_ips
	client.id = Producer-topic-90a7064a_6953_46c1_872d_fbcf47424ac0
	compression.gzip.level = -1
	compression.lz4.level = 9
	compression.type = none
	compression.zstd.level = 3
	connections.max.idle.ms = 10000
	delivery.timeout.ms = 120000
	enable.idempotence = true
	enable.metrics.push = true
	interceptor.classes = []
	key.serializer = class org.apache.kafka.common.serialization.StringSerializer
	linger.ms = 0
	max.block.ms = 60000
	max.in.flight.requests.per.connection = 5
	max.request.size = 1048576
	metadata.max.age.ms = 300000
	metadata.max.idle.ms = 300000
	metadata.recovery.strategy = none
	metric.reporters = []
	metrics.num.samples = 2
	metrics.recording.level = INFO
	metrics.sample.window.ms = 30000
	partitioner.adaptive.partitioning.enable = true
	partitioner.availability.timeout.ms = 0
	partitioner.class = null
	partitioner.ignore.keys = false
	receive.buffer.bytes = 32768
	reconnect.backoff.max.ms = 1000
	reconnect.backoff.ms = 50
	request.timeout.ms = 5000
	retries = 2147483647
	retry.backoff.max.ms = 1000
	retry.backoff.ms = 100
	sasl.client.callback.handler.class = null
	sasl.jaas.config = null
	sasl.kerberos.kinit.cmd = /usr/bin/kinit
	sasl.kerberos.min.time.before.relogin = 60000
	sasl.kerberos.service.name = null
	sasl.kerberos.ticket.renew.jitter = 0.05
	sasl.kerberos.ticket.renew.window.factor = 0.8
	sasl.login.callback.handler.class = null
	sasl.login.class = null
	sasl.login.connect.timeout.ms = null
	sasl.login.read.timeout.ms = null
	sasl.login.refresh.buffer.seconds = 300
	sasl.login.refresh.min.period.seconds = 60
	sasl.login.refresh.window.factor = 0.8
	sasl.login.refresh.window.jitter = 0.05
	sasl.login.retry.backoff.max.ms = 10000
	sasl.login.retry.backoff.ms = 100
	sasl.mechanism = GSSAPI
	sasl.oauthbearer.clock.skew.seconds = 30
	sasl.oauthbearer.expected.audience = null
	sasl.oauthbearer.expected.issuer = null
	sasl.oauthbearer.header.urlencode = false
	sasl.oauthbearer.jwks.endpoint.refresh.ms = 3600000
	sasl.oauthbearer.jwks.endpoint.retry.backoff.max.ms = 10000
	sasl.oauthbearer.jwks.endpoint.retry.backoff.ms = 100
	sasl.oauthbearer.jwks.endpoint.url = null
	sasl.oauthbearer.scope.claim.name = scope
	sasl.oauthbearer.sub.claim.name = sub
	sasl.oauthbearer.token.endpoint.url = null
	security.protocol = PLAINTEXT
	security.providers = null
	send.buffer.bytes = 131072
	socket.connection.setup.timeout.max.ms = 30000
	socket.connection.setup.timeout.ms = 10000
	ssl.cipher.suites = null
	ssl.enabled.protocols = [TLSv1.2, TLSv1.3]
	ssl.endpoint.identification.algorithm = https
	ssl.engine.factory.class = null
	ssl.key.password = null
	ssl.keymanager.algorithm = SunX509
	ssl.keystore.certificate.chain = null
	ssl.keystore.key = null
	ssl.keystore.location = null
	ssl.keystore.password = null
	ssl.keystore.type = JKS
	ssl.protocol = TLSv1.3
	ssl.provider = null
	ssl.secure.random.implementation = null
	ssl.trustmanager.algorithm = PKIX
	ssl.truststore.certificates = null
	ssl.truststore.location = null
	ssl.truststore.password = null
	ssl.truststore.type = JKS
	transaction.timeout.ms = 60000
	transactional.id = null
	value.serializer = class io.apicurio.registry.serde.avro.AvroKafkaSerializer

2025-08-06 18:56:16,908 INFO  [org.apa.kaf.com.tel.int.KafkaMetricsCollector] (main) initializing Kafka metrics collector
2025-08-06 18:56:16,913 INFO  [org.apa.kaf.cli.pro.KafkaProducer] (main) [Producer clientId=Producer-topic-90a7064a_6953_46c1_872d_fbcf47424ac0] Instantiated an idempotent producer.
2025-08-06 18:56:16,915 INFO  [org.apa.kaf.cli.pro.ProducerConfig] (main) These configurations '[apicurio.registry.url, apicurio.registry.artifact-resolver-strategy]' were supplied but are not used yet.
2025-08-06 18:56:16,915 INFO  [org.apa.kaf.com.uti.AppInfoParser] (main) Kafka version: 3.9.1
2025-08-06 18:56:16,915 INFO  [org.apa.kaf.com.uti.AppInfoParser] (main) Kafka commitId: f745dfdcee2b9851
2025-08-06 18:56:16,915 INFO  [org.apa.kaf.com.uti.AppInfoParser] (main) Kafka startTimeMs: 1754506576915
**** Registry Base URL: http://registry-app-ksql047.apps.ci419.apicurio-testing.org:80
2025-08-06 18:56:16,916 INFO  [org.apa.kaf.cli.con.ConsumerConfig] (main) ConsumerConfig values: 
	allow.auto.create.topics = true
	auto.commit.interval.ms = 500
	auto.include.jmx.reporter = true
	auto.offset.reset = earliest
	bootstrap.servers = [PLAINTEXT://localhost:32769]
	check.crcs = true
	client.dns.lookup = use_all_dns_ips
	client.id = consumer-Consumer-topic-90a7064a_6953_46c1_872d_fbcf47424ac0-10
	client.rack = 
	connections.max.idle.ms = 10000
	default.api.timeout.ms = 60000
	enable.auto.commit = true
	enable.metrics.push = true
	exclude.internal.topics = true
	fetch.max.bytes = 52428800
	fetch.max.wait.ms = 500
	fetch.min.bytes = 1
	group.id = Consumer-topic-90a7064a_6953_46c1_872d_fbcf47424ac0
	group.instance.id = null
	group.protocol = classic
	group.remote.assignor = null
	heartbeat.interval.ms = 3000
	interceptor.classes = []
	internal.leave.group.on.close = true
	internal.throw.on.fetch.stable.offset.unsupported = false
	isolation.level = read_uncommitted
	key.deserializer = class org.apache.kafka.common.serialization.StringDeserializer
	max.partition.fetch.bytes = 1048576
	max.poll.interval.ms = 300000
	max.poll.records = 500
	metadata.max.age.ms = 300000
	metadata.recovery.strategy = none
	metric.reporters = []
	metrics.num.samples = 2
	metrics.recording.level = INFO
	metrics.sample.window.ms = 30000
	partition.assignment.strategy = [class org.apache.kafka.clients.consumer.RangeAssignor, class org.apache.kafka.clients.consumer.CooperativeStickyAssignor]
	receive.buffer.bytes = 65536
	reconnect.backoff.max.ms = 1000
	reconnect.backoff.ms = 50
	request.timeout.ms = 5000
	retry.backoff.max.ms = 1000
	retry.backoff.ms = 100
	sasl.client.callback.handler.class = null
	sasl.jaas.config = null
	sasl.kerberos.kinit.cmd = /usr/bin/kinit
	sasl.kerberos.min.time.before.relogin = 60000
	sasl.kerberos.service.name = null
	sasl.kerberos.ticket.renew.jitter = 0.05
	sasl.kerberos.ticket.renew.window.factor = 0.8
	sasl.login.callback.handler.class = null
	sasl.login.class = null
	sasl.login.connect.timeout.ms = null
	sasl.login.read.timeout.ms = null
	sasl.login.refresh.buffer.seconds = 300
	sasl.login.refresh.min.period.seconds = 60
	sasl.login.refresh.window.factor = 0.8
	sasl.login.refresh.window.jitter = 0.05
	sasl.login.retry.backoff.max.ms = 10000
	sasl.login.retry.backoff.ms = 100
	sasl.mechanism = GSSAPI
	sasl.oauthbearer.clock.skew.seconds = 30
	sasl.oauthbearer.expected.audience = null
	sasl.oauthbearer.expected.issuer = null
	sasl.oauthbearer.header.urlencode = false
	sasl.oauthbearer.jwks.endpoint.refresh.ms = 3600000
	sasl.oauthbearer.jwks.endpoint.retry.backoff.max.ms = 10000
	sasl.oauthbearer.jwks.endpoint.retry.backoff.ms = 100
	sasl.oauthbearer.jwks.endpoint.url = null
	sasl.oauthbearer.scope.claim.name = scope
	sasl.oauthbearer.sub.claim.name = sub
	sasl.oauthbearer.token.endpoint.url = null
	security.protocol = PLAINTEXT
	security.providers = null
	send.buffer.bytes = 131072
	session.timeout.ms = 45000
	socket.connection.setup.timeout.max.ms = 30000
	socket.connection.setup.timeout.ms = 10000
	ssl.cipher.suites = null
	ssl.enabled.protocols = [TLSv1.2, TLSv1.3]
	ssl.endpoint.identification.algorithm = https
	ssl.engine.factory.class = null
	ssl.key.password = null
	ssl.keymanager.algorithm = SunX509
	ssl.keystore.certificate.chain = null
	ssl.keystore.key = null
	ssl.keystore.location = null
	ssl.keystore.password = null
	ssl.keystore.type = JKS
	ssl.protocol = TLSv1.3
	ssl.provider = null
	ssl.secure.random.implementation = null
	ssl.trustmanager.algorithm = PKIX
	ssl.truststore.certificates = null
	ssl.truststore.location = null
	ssl.truststore.password = null
	ssl.truststore.type = JKS
	value.deserializer = class io.apicurio.registry.serde.avro.AvroKafkaDeserializer

2025-08-06 18:56:16,916 INFO  [org.apa.kaf.com.tel.int.KafkaMetricsCollector] (main) initializing Kafka metrics collector
2025-08-06 18:56:16,922 INFO  [org.apa.kaf.cli.Metadata] (kafka-producer-network-thread | Producer-topic-90a7064a_6953_46c1_872d_fbcf47424ac0) [Producer clientId=Producer-topic-90a7064a_6953_46c1_872d_fbcf47424ac0] Cluster ID: NyMRaTI5Q0SXQrlZpmr68g
2025-08-06 18:56:16,923 INFO  [org.apa.kaf.cli.pro.int.TransactionManager] (kafka-producer-network-thread | Producer-topic-90a7064a_6953_46c1_872d_fbcf47424ac0) [Producer clientId=Producer-topic-90a7064a_6953_46c1_872d_fbcf47424ac0] ProducerId set to 12 with epoch 0
2025-08-06 18:56:16,924 INFO  [org.apa.kaf.cli.con.ConsumerConfig] (main) These configurations '[apicurio.registry.url]' were supplied but are not used yet.
2025-08-06 18:56:16,924 INFO  [org.apa.kaf.com.uti.AppInfoParser] (main) Kafka version: 3.9.1
2025-08-06 18:56:16,924 INFO  [org.apa.kaf.com.uti.AppInfoParser] (main) Kafka commitId: f745dfdcee2b9851
2025-08-06 18:56:16,924 INFO  [org.apa.kaf.com.uti.AppInfoParser] (main) Kafka startTimeMs: 1754506576924
2025-08-06 18:56:16,925 INFO  [io.api.tes.ser.api.KafkaSerdesTester] (Thread-672) Sending message {"key11754506575837": "value-0"} to topic topic-90a7064a_6953_46c1_872d_fbcf47424ac0
2025-08-06 18:56:16,928 INFO  [DefaultSchemaResolver] (Thread-672) Retrieving schema content using string: {"type":"record","name":"se0157308x1c01x46cdxb2dbx4f5d7339e696","namespace":"ns_e2b697db_df8e_4c3e_9576_62fb55a37b2e","fields":[{"name":"key11754506575837","type":"string"}]}
2025-08-06 18:56:16,954 INFO  [io.api.tes.ser.api.KafkaSerdesTester] (Thread-672) Sending message {"key11754506575837": "value-1"} to topic topic-90a7064a_6953_46c1_872d_fbcf47424ac0
2025-08-06 18:56:16,955 INFO  [io.api.tes.ser.api.KafkaSerdesTester] (Thread-672) Sending message {"key11754506575837": "value-2"} to topic topic-90a7064a_6953_46c1_872d_fbcf47424ac0
2025-08-06 18:56:16,960 INFO  [io.api.tes.ser.api.KafkaSerdesTester] (Thread-672) Sending message {"key11754506575837": "value-3"} to topic topic-90a7064a_6953_46c1_872d_fbcf47424ac0
2025-08-06 18:56:16,962 INFO  [io.api.tes.ser.api.KafkaSerdesTester] (Thread-672) Sending message {"key11754506575837": "value-4"} to topic topic-90a7064a_6953_46c1_872d_fbcf47424ac0
2025-08-06 18:56:16,963 INFO  [io.api.tes.ser.api.KafkaSerdesTester] (Thread-672) Sending message {"key11754506575837": "value-5"} to topic topic-90a7064a_6953_46c1_872d_fbcf47424ac0
2025-08-06 18:56:16,965 INFO  [io.api.tes.ser.api.KafkaSerdesTester] (Thread-672) Sending message {"key11754506575837": "value-6"} to topic topic-90a7064a_6953_46c1_872d_fbcf47424ac0
2025-08-06 18:56:16,966 INFO  [io.api.tes.ser.api.KafkaSerdesTester] (Thread-672) Sending message {"key11754506575837": "value-7"} to topic topic-90a7064a_6953_46c1_872d_fbcf47424ac0
2025-08-06 18:56:16,968 INFO  [io.api.tes.ser.api.KafkaSerdesTester] (Thread-672) Sending message {"key11754506575837": "value-8"} to topic topic-90a7064a_6953_46c1_872d_fbcf47424ac0
2025-08-06 18:56:16,971 INFO  [io.api.tes.ser.api.KafkaSerdesTester] (Thread-672) Sending message {"key11754506575837": "value-9"} to topic topic-90a7064a_6953_46c1_872d_fbcf47424ac0
2025-08-06 18:56:16,975 INFO  [io.api.tes.ser.api.KafkaSerdesTester] (Thread-672) Produced 10 messages
2025-08-06 18:56:16,975 INFO  [org.apa.kaf.cli.pro.KafkaProducer] (Thread-672) [Producer clientId=Producer-topic-90a7064a_6953_46c1_872d_fbcf47424ac0] Closing the Kafka producer with timeoutMillis = 9223372036854775807 ms.
2025-08-06 18:56:16,981 INFO  [org.apa.kaf.com.met.Metrics] (Thread-672) Metrics scheduler closed
2025-08-06 18:56:16,981 INFO  [org.apa.kaf.com.met.Metrics] (Thread-672) Closing reporter org.apache.kafka.common.metrics.JmxReporter
2025-08-06 18:56:16,981 INFO  [org.apa.kaf.com.met.Metrics] (Thread-672) Closing reporter org.apache.kafka.common.telemetry.internals.ClientTelemetryReporter
2025-08-06 18:56:16,981 INFO  [org.apa.kaf.com.met.Metrics] (Thread-672) Metrics reporters closed
2025-08-06 18:56:16,981 INFO  [org.apa.kaf.com.uti.AppInfoParser] (Thread-672) App info kafka.producer for Producer-topic-90a7064a_6953_46c1_872d_fbcf47424ac0 unregistered
2025-08-06 18:56:16,982 INFO  [org.apa.kaf.cli.con.int.ClassicKafkaConsumer] (Thread-673) [Consumer clientId=consumer-Consumer-topic-90a7064a_6953_46c1_872d_fbcf47424ac0-10, groupId=Consumer-topic-90a7064a_6953_46c1_872d_fbcf47424ac0] Subscribed to topic(s): topic-90a7064a_6953_46c1_872d_fbcf47424ac0
2025-08-06 18:56:16,989 INFO  [org.apa.kaf.cli.Metadata] (Thread-673) [Consumer clientId=consumer-Consumer-topic-90a7064a_6953_46c1_872d_fbcf47424ac0-10, groupId=Consumer-topic-90a7064a_6953_46c1_872d_fbcf47424ac0] Cluster ID: NyMRaTI5Q0SXQrlZpmr68g
2025-08-06 18:56:16,993 INFO  [org.apa.kaf.cli.con.int.ConsumerCoordinator] (Thread-673) [Consumer clientId=consumer-Consumer-topic-90a7064a_6953_46c1_872d_fbcf47424ac0-10, groupId=Consumer-topic-90a7064a_6953_46c1_872d_fbcf47424ac0] Discovered group coordinator localhost:32769 (id: 2147483647 rack: null)
2025-08-06 18:56:16,996 INFO  [org.apa.kaf.cli.con.int.ConsumerCoordinator] (Thread-673) [Consumer clientId=consumer-Consumer-topic-90a7064a_6953_46c1_872d_fbcf47424ac0-10, groupId=Consumer-topic-90a7064a_6953_46c1_872d_fbcf47424ac0] (Re-)joining group
2025-08-06 18:56:16,999 INFO  [org.apa.kaf.cli.con.int.ConsumerCoordinator] (Thread-673) [Consumer clientId=consumer-Consumer-topic-90a7064a_6953_46c1_872d_fbcf47424ac0-10, groupId=Consumer-topic-90a7064a_6953_46c1_872d_fbcf47424ac0] Request joining group due to: need to re-join with the given member-id: consumer-Consumer-topic-90a7064a_6953_46c1_872d_fbcf47424ac0-10-047cc1a4-03db-4a45-80a5-93eeda60cfc0
2025-08-06 18:56:16,999 INFO  [org.apa.kaf.cli.con.int.ConsumerCoordinator] (Thread-673) [Consumer clientId=consumer-Consumer-topic-90a7064a_6953_46c1_872d_fbcf47424ac0-10, groupId=Consumer-topic-90a7064a_6953_46c1_872d_fbcf47424ac0] (Re-)joining group
2025-08-06 18:56:17,983 INFO  [io.api.tes.ser.api.KafkaSerdesTester] (Thread-673) None found
2025-08-06 18:56:18,984 INFO  [io.api.tes.ser.api.KafkaSerdesTester] (Thread-673) None found
2025-08-06 18:56:19,985 INFO  [io.api.tes.ser.api.KafkaSerdesTester] (Thread-673) None found
2025-08-06 18:56:20,003 INFO  [org.apa.kaf.cli.con.int.ConsumerCoordinator] (Thread-673) [Consumer clientId=consumer-Consumer-topic-90a7064a_6953_46c1_872d_fbcf47424ac0-10, groupId=Consumer-topic-90a7064a_6953_46c1_872d_fbcf47424ac0] Successfully joined group with generation Generation{generationId=1, memberId='consumer-Consumer-topic-90a7064a_6953_46c1_872d_fbcf47424ac0-10-047cc1a4-03db-4a45-80a5-93eeda60cfc0', protocol='range'}
2025-08-06 18:56:20,003 INFO  [org.apa.kaf.cli.con.int.ConsumerCoordinator] (Thread-673) [Consumer clientId=consumer-Consumer-topic-90a7064a_6953_46c1_872d_fbcf47424ac0-10, groupId=Consumer-topic-90a7064a_6953_46c1_872d_fbcf47424ac0] Finished assignment for group at generation 1: {consumer-Consumer-topic-90a7064a_6953_46c1_872d_fbcf47424ac0-10-047cc1a4-03db-4a45-80a5-93eeda60cfc0=Assignment(partitions=[topic-90a7064a_6953_46c1_872d_fbcf47424ac0-0])}
2025-08-06 18:56:20,010 INFO  [org.apa.kaf.cli.con.int.ConsumerCoordinator] (Thread-673) [Consumer clientId=consumer-Consumer-topic-90a7064a_6953_46c1_872d_fbcf47424ac0-10, groupId=Consumer-topic-90a7064a_6953_46c1_872d_fbcf47424ac0] Successfully synced group in generation Generation{generationId=1, memberId='consumer-Consumer-topic-90a7064a_6953_46c1_872d_fbcf47424ac0-10-047cc1a4-03db-4a45-80a5-93eeda60cfc0', protocol='range'}
2025-08-06 18:56:20,010 INFO  [org.apa.kaf.cli.con.int.ConsumerCoordinator] (Thread-673) [Consumer clientId=consumer-Consumer-topic-90a7064a_6953_46c1_872d_fbcf47424ac0-10, groupId=Consumer-topic-90a7064a_6953_46c1_872d_fbcf47424ac0] Notifying assignor about the new Assignment(partitions=[topic-90a7064a_6953_46c1_872d_fbcf47424ac0-0])
2025-08-06 18:56:20,010 INFO  [org.apa.kaf.cli.con.int.ConsumerRebalanceListenerInvoker] (Thread-673) [Consumer clientId=consumer-Consumer-topic-90a7064a_6953_46c1_872d_fbcf47424ac0-10, groupId=Consumer-topic-90a7064a_6953_46c1_872d_fbcf47424ac0] Adding newly assigned partitions: topic-90a7064a_6953_46c1_872d_fbcf47424ac0-0
2025-08-06 18:56:20,011 INFO  [org.apa.kaf.cli.con.int.ConsumerCoordinator] (Thread-673) [Consumer clientId=consumer-Consumer-topic-90a7064a_6953_46c1_872d_fbcf47424ac0-10, groupId=Consumer-topic-90a7064a_6953_46c1_872d_fbcf47424ac0] Found no committed offset for partition topic-90a7064a_6953_46c1_872d_fbcf47424ac0-0
2025-08-06 18:56:20,012 INFO  [org.apa.kaf.cli.con.int.SubscriptionState] (Thread-673) [Consumer clientId=consumer-Consumer-topic-90a7064a_6953_46c1_872d_fbcf47424ac0-10, groupId=Consumer-topic-90a7064a_6953_46c1_872d_fbcf47424ac0] Resetting offset for partition topic-90a7064a_6953_46c1_872d_fbcf47424ac0-0 to position FetchPosition{offset=0, offsetEpoch=Optional.empty, currentLeader=LeaderAndEpoch{leader=Optional[localhost:32769 (id: 0 rack: null)], epoch=0}}.
2025-08-06 18:56:20,051 INFO  [io.api.tes.ser.api.KafkaSerdesTester] (Thread-673) topic-90a7064a_6953_46c1_872d_fbcf47424ac0 0 0 {"key11754506575837": "value-0"}
2025-08-06 18:56:20,051 INFO  [io.api.tes.ser.api.KafkaSerdesTester] (Thread-673) topic-90a7064a_6953_46c1_872d_fbcf47424ac0 0 1 {"key11754506575837": "value-1"}
2025-08-06 18:56:20,051 INFO  [io.api.tes.ser.api.KafkaSerdesTester] (Thread-673) topic-90a7064a_6953_46c1_872d_fbcf47424ac0 0 2 {"key11754506575837": "value-2"}
2025-08-06 18:56:20,051 INFO  [io.api.tes.ser.api.KafkaSerdesTester] (Thread-673) topic-90a7064a_6953_46c1_872d_fbcf47424ac0 0 3 {"key11754506575837": "value-3"}
2025-08-06 18:56:20,051 INFO  [io.api.tes.ser.api.KafkaSerdesTester] (Thread-673) topic-90a7064a_6953_46c1_872d_fbcf47424ac0 0 4 {"key11754506575837": "value-4"}
2025-08-06 18:56:20,051 INFO  [io.api.tes.ser.api.KafkaSerdesTester] (Thread-673) topic-90a7064a_6953_46c1_872d_fbcf47424ac0 0 5 {"key11754506575837": "value-5"}
2025-08-06 18:56:20,052 INFO  [io.api.tes.ser.api.KafkaSerdesTester] (Thread-673) topic-90a7064a_6953_46c1_872d_fbcf47424ac0 0 6 {"key11754506575837": "value-6"}
2025-08-06 18:56:20,052 INFO  [io.api.tes.ser.api.KafkaSerdesTester] (Thread-673) topic-90a7064a_6953_46c1_872d_fbcf47424ac0 0 7 {"key11754506575837": "value-7"}
2025-08-06 18:56:20,052 INFO  [io.api.tes.ser.api.KafkaSerdesTester] (Thread-673) topic-90a7064a_6953_46c1_872d_fbcf47424ac0 0 8 {"key11754506575837": "value-8"}
2025-08-06 18:56:20,052 INFO  [io.api.tes.ser.api.KafkaSerdesTester] (Thread-673) topic-90a7064a_6953_46c1_872d_fbcf47424ac0 0 9 {"key11754506575837": "value-9"}
2025-08-06 18:56:20,052 INFO  [io.api.tes.ser.api.KafkaSerdesTester] (Thread-673) Consumed 10 messages
2025-08-06 18:56:20,059 INFO  [org.apa.kaf.cli.con.int.ConsumerRebalanceListenerInvoker] (Thread-673) [Consumer clientId=consumer-Consumer-topic-90a7064a_6953_46c1_872d_fbcf47424ac0-10, groupId=Consumer-topic-90a7064a_6953_46c1_872d_fbcf47424ac0] Revoke previously assigned partitions topic-90a7064a_6953_46c1_872d_fbcf47424ac0-0
2025-08-06 18:56:20,059 INFO  [org.apa.kaf.cli.con.int.ConsumerCoordinator] (Thread-673) [Consumer clientId=consumer-Consumer-topic-90a7064a_6953_46c1_872d_fbcf47424ac0-10, groupId=Consumer-topic-90a7064a_6953_46c1_872d_fbcf47424ac0] Member consumer-Consumer-topic-90a7064a_6953_46c1_872d_fbcf47424ac0-10-047cc1a4-03db-4a45-80a5-93eeda60cfc0 sending LeaveGroup request to coordinator localhost:32769 (id: 2147483647 rack: null) due to the consumer is being closed
2025-08-06 18:56:20,060 INFO  [org.apa.kaf.cli.con.int.ConsumerCoordinator] (Thread-673) [Consumer clientId=consumer-Consumer-topic-90a7064a_6953_46c1_872d_fbcf47424ac0-10, groupId=Consumer-topic-90a7064a_6953_46c1_872d_fbcf47424ac0] Resetting generation and member id due to: consumer pro-actively leaving the group
2025-08-06 18:56:20,060 INFO  [org.apa.kaf.cli.con.int.ConsumerCoordinator] (Thread-673) [Consumer clientId=consumer-Consumer-topic-90a7064a_6953_46c1_872d_fbcf47424ac0-10, groupId=Consumer-topic-90a7064a_6953_46c1_872d_fbcf47424ac0] Request joining group due to: consumer pro-actively leaving the group
2025-08-06 18:56:20,555 INFO  [org.apa.kaf.com.met.Metrics] (Thread-673) Metrics scheduler closed
2025-08-06 18:56:20,555 INFO  [org.apa.kaf.com.met.Metrics] (Thread-673) Closing reporter org.apache.kafka.common.metrics.JmxReporter
2025-08-06 18:56:20,555 INFO  [org.apa.kaf.com.met.Metrics] (Thread-673) Closing reporter org.apache.kafka.common.telemetry.internals.ClientTelemetryReporter
2025-08-06 18:56:20,556 INFO  [org.apa.kaf.com.met.Metrics] (Thread-673) Metrics reporters closed
2025-08-06 18:56:20,558 INFO  [org.apa.kaf.com.uti.AppInfoParser] (Thread-673) App info kafka.consumer for consumer-Consumer-topic-90a7064a_6953_46c1_872d_fbcf47424ac0-10 unregistered
2025-08-06 18:56:20,559 INFO  [io.api.tes.ser.api.AvroSerdeIT] (main) Registering Avro Schema 2: {"type":"record","name":"se0157308x1c01x46cdxb2dbx4f5d7339e696","namespace":"ns_e2b697db_df8e_4c3e_9576_62fb55a37b2e","fields":[{"name":"key11754506575837","type":"string"},{"name":"key21754506580558","type":"string"}]}
**** Registry Base URL: http://registry-app-ksql047.apps.ci419.apicurio-testing.org:80
2025-08-06 18:56:21,623 INFO  [org.apa.kaf.cli.pro.ProducerConfig] (main) ProducerConfig values: 
	acks = -1
	auto.include.jmx.reporter = true
	batch.size = 16384
	bootstrap.servers = [PLAINTEXT://localhost:32769]
	buffer.memory = 33554432
	client.dns.lookup = use_all_dns_ips
	client.id = Producer-topic-90a7064a_6953_46c1_872d_fbcf47424ac0
	compression.gzip.level = -1
	compression.lz4.level = 9
	compression.type = none
	compression.zstd.level = 3
	connections.max.idle.ms = 10000
	delivery.timeout.ms = 120000
	enable.idempotence = true
	enable.metrics.push = true
	interceptor.classes = []
	key.serializer = class org.apache.kafka.common.serialization.StringSerializer
	linger.ms = 0
	max.block.ms = 60000
	max.in.flight.requests.per.connection = 5
	max.request.size = 1048576
	metadata.max.age.ms = 300000
	metadata.max.idle.ms = 300000
	metadata.recovery.strategy = none
	metric.reporters = []
	metrics.num.samples = 2
	metrics.recording.level = INFO
	metrics.sample.window.ms = 30000
	partitioner.adaptive.partitioning.enable = true
	partitioner.availability.timeout.ms = 0
	partitioner.class = null
	partitioner.ignore.keys = false
	receive.buffer.bytes = 32768
	reconnect.backoff.max.ms = 1000
	reconnect.backoff.ms = 50
	request.timeout.ms = 5000
	retries = 2147483647
	retry.backoff.max.ms = 1000
	retry.backoff.ms = 100
	sasl.client.callback.handler.class = null
	sasl.jaas.config = null
	sasl.kerberos.kinit.cmd = /usr/bin/kinit
	sasl.kerberos.min.time.before.relogin = 60000
	sasl.kerberos.service.name = null
	sasl.kerberos.ticket.renew.jitter = 0.05
	sasl.kerberos.ticket.renew.window.factor = 0.8
	sasl.login.callback.handler.class = null
	sasl.login.class = null
	sasl.login.connect.timeout.ms = null
	sasl.login.read.timeout.ms = null
	sasl.login.refresh.buffer.seconds = 300
	sasl.login.refresh.min.period.seconds = 60
	sasl.login.refresh.window.factor = 0.8
	sasl.login.refresh.window.jitter = 0.05
	sasl.login.retry.backoff.max.ms = 10000
	sasl.login.retry.backoff.ms = 100
	sasl.mechanism = GSSAPI
	sasl.oauthbearer.clock.skew.seconds = 30
	sasl.oauthbearer.expected.audience = null
	sasl.oauthbearer.expected.issuer = null
	sasl.oauthbearer.header.urlencode = false
	sasl.oauthbearer.jwks.endpoint.refresh.ms = 3600000
	sasl.oauthbearer.jwks.endpoint.retry.backoff.max.ms = 10000
	sasl.oauthbearer.jwks.endpoint.retry.backoff.ms = 100
	sasl.oauthbearer.jwks.endpoint.url = null
	sasl.oauthbearer.scope.claim.name = scope
	sasl.oauthbearer.sub.claim.name = sub
	sasl.oauthbearer.token.endpoint.url = null
	security.protocol = PLAINTEXT
	security.providers = null
	send.buffer.bytes = 131072
	socket.connection.setup.timeout.max.ms = 30000
	socket.connection.setup.timeout.ms = 10000
	ssl.cipher.suites = null
	ssl.enabled.protocols = [TLSv1.2, TLSv1.3]
	ssl.endpoint.identification.algorithm = https
	ssl.engine.factory.class = null
	ssl.key.password = null
	ssl.keymanager.algorithm = SunX509
	ssl.keystore.certificate.chain = null
	ssl.keystore.key = null
	ssl.keystore.location = null
	ssl.keystore.password = null
	ssl.keystore.type = JKS
	ssl.protocol = TLSv1.3
	ssl.provider = null
	ssl.secure.random.implementation = null
	ssl.trustmanager.algorithm = PKIX
	ssl.truststore.certificates = null
	ssl.truststore.location = null
	ssl.truststore.password = null
	ssl.truststore.type = JKS
	transaction.timeout.ms = 60000
	transactional.id = null
	value.serializer = class io.apicurio.registry.serde.avro.AvroKafkaSerializer

2025-08-06 18:56:21,623 INFO  [org.apa.kaf.com.tel.int.KafkaMetricsCollector] (main) initializing Kafka metrics collector
2025-08-06 18:56:21,626 INFO  [org.apa.kaf.cli.pro.KafkaProducer] (main) [Producer clientId=Producer-topic-90a7064a_6953_46c1_872d_fbcf47424ac0] Instantiated an idempotent producer.
2025-08-06 18:56:21,628 INFO  [org.apa.kaf.cli.pro.ProducerConfig] (main) These configurations '[apicurio.registry.url, apicurio.registry.artifact-resolver-strategy]' were supplied but are not used yet.
2025-08-06 18:56:21,628 INFO  [org.apa.kaf.com.uti.AppInfoParser] (main) Kafka version: 3.9.1
2025-08-06 18:56:21,628 INFO  [org.apa.kaf.com.uti.AppInfoParser] (main) Kafka commitId: f745dfdcee2b9851
2025-08-06 18:56:21,628 INFO  [org.apa.kaf.com.uti.AppInfoParser] (main) Kafka startTimeMs: 1754506581628
2025-08-06 18:56:21,628 INFO  [io.api.tes.ser.api.KafkaSerdesTester] (Thread-676) Sending message {"key11754506575837": "value-0", "key21754506580558": "value-0"} to topic topic-90a7064a_6953_46c1_872d_fbcf47424ac0
2025-08-06 18:56:21,632 INFO  [org.apa.kaf.cli.Metadata] (kafka-producer-network-thread | Producer-topic-90a7064a_6953_46c1_872d_fbcf47424ac0) [Producer clientId=Producer-topic-90a7064a_6953_46c1_872d_fbcf47424ac0] Cluster ID: NyMRaTI5Q0SXQrlZpmr68g
2025-08-06 18:56:21,632 INFO  [org.apa.kaf.cli.pro.int.TransactionManager] (kafka-producer-network-thread | Producer-topic-90a7064a_6953_46c1_872d_fbcf47424ac0) [Producer clientId=Producer-topic-90a7064a_6953_46c1_872d_fbcf47424ac0] ProducerId set to 13 with epoch 0
2025-08-06 18:56:21,632 INFO  [DefaultSchemaResolver] (Thread-676) Retrieving schema content using string: {"type":"record","name":"se0157308x1c01x46cdxb2dbx4f5d7339e696","namespace":"ns_e2b697db_df8e_4c3e_9576_62fb55a37b2e","fields":[{"name":"key11754506575837","type":"string"},{"name":"key21754506580558","type":"string"}]}
2025-08-06 18:56:21,660 INFO  [io.api.tes.ser.api.KafkaSerdesTester] (Thread-676) Sending message {"key11754506575837": "value-1", "key21754506580558": "value-1"} to topic topic-90a7064a_6953_46c1_872d_fbcf47424ac0
2025-08-06 18:56:21,665 INFO  [io.api.tes.ser.api.KafkaSerdesTester] (Thread-676) Sending message {"key11754506575837": "value-2", "key21754506580558": "value-2"} to topic topic-90a7064a_6953_46c1_872d_fbcf47424ac0
2025-08-06 18:56:21,668 INFO  [io.api.tes.ser.api.KafkaSerdesTester] (Thread-676) Sending message {"key11754506575837": "value-3", "key21754506580558": "value-3"} to topic topic-90a7064a_6953_46c1_872d_fbcf47424ac0
2025-08-06 18:56:21,674 INFO  [io.api.tes.ser.api.KafkaSerdesTester] (Thread-676) Sending message {"key11754506575837": "value-4", "key21754506580558": "value-4"} to topic topic-90a7064a_6953_46c1_872d_fbcf47424ac0
2025-08-06 18:56:21,676 INFO  [io.api.tes.ser.api.KafkaSerdesTester] (Thread-676) Sending message {"key11754506575837": "value-5", "key21754506580558": "value-5"} to topic topic-90a7064a_6953_46c1_872d_fbcf47424ac0
2025-08-06 18:56:21,682 INFO  [io.api.tes.ser.api.KafkaSerdesTester] (Thread-676) Sending message {"key11754506575837": "value-6", "key21754506580558": "value-6"} to topic topic-90a7064a_6953_46c1_872d_fbcf47424ac0
2025-08-06 18:56:21,683 INFO  [io.api.tes.ser.api.KafkaSerdesTester] (Thread-676) Sending message {"key11754506575837": "value-7", "key21754506580558": "value-7"} to topic topic-90a7064a_6953_46c1_872d_fbcf47424ac0
2025-08-06 18:56:21,684 INFO  [io.api.tes.ser.api.KafkaSerdesTester] (Thread-676) Sending message {"key11754506575837": "value-8", "key21754506580558": "value-8"} to topic topic-90a7064a_6953_46c1_872d_fbcf47424ac0
2025-08-06 18:56:21,686 INFO  [io.api.tes.ser.api.KafkaSerdesTester] (Thread-676) Sending message {"key11754506575837": "value-9", "key21754506580558": "value-9"} to topic topic-90a7064a_6953_46c1_872d_fbcf47424ac0
2025-08-06 18:56:21,689 INFO  [io.api.tes.ser.api.KafkaSerdesTester] (Thread-676) Produced 10 messages
2025-08-06 18:56:21,689 INFO  [org.apa.kaf.cli.pro.KafkaProducer] (Thread-676) [Producer clientId=Producer-topic-90a7064a_6953_46c1_872d_fbcf47424ac0] Closing the Kafka producer with timeoutMillis = 9223372036854775807 ms.
2025-08-06 18:56:21,691 INFO  [org.apa.kaf.com.met.Metrics] (Thread-676) Metrics scheduler closed
2025-08-06 18:56:21,691 INFO  [org.apa.kaf.com.met.Metrics] (Thread-676) Closing reporter org.apache.kafka.common.metrics.JmxReporter
2025-08-06 18:56:21,691 INFO  [org.apa.kaf.com.met.Metrics] (Thread-676) Closing reporter org.apache.kafka.common.telemetry.internals.ClientTelemetryReporter
2025-08-06 18:56:21,691 INFO  [org.apa.kaf.com.met.Metrics] (Thread-676) Metrics reporters closed
2025-08-06 18:56:21,692 INFO  [org.apa.kaf.com.uti.AppInfoParser] (Thread-676) App info kafka.producer for Producer-topic-90a7064a_6953_46c1_872d_fbcf47424ac0 unregistered
**** Registry Base URL: http://registry-app-ksql047.apps.ci419.apicurio-testing.org:80
2025-08-06 18:56:21,693 INFO  [org.apa.kaf.cli.pro.ProducerConfig] (main) ProducerConfig values: 
	acks = -1
	auto.include.jmx.reporter = true
	batch.size = 16384
	bootstrap.servers = [PLAINTEXT://localhost:32769]
	buffer.memory = 33554432
	client.dns.lookup = use_all_dns_ips
	client.id = Producer-topic-90a7064a_6953_46c1_872d_fbcf47424ac0
	compression.gzip.level = -1
	compression.lz4.level = 9
	compression.type = none
	compression.zstd.level = 3
	connections.max.idle.ms = 10000
	delivery.timeout.ms = 120000
	enable.idempotence = true
	enable.metrics.push = true
	interceptor.classes = []
	key.serializer = class org.apache.kafka.common.serialization.StringSerializer
	linger.ms = 0
	max.block.ms = 60000
	max.in.flight.requests.per.connection = 5
	max.request.size = 1048576
	metadata.max.age.ms = 300000
	metadata.max.idle.ms = 300000
	metadata.recovery.strategy = none
	metric.reporters = []
	metrics.num.samples = 2
	metrics.recording.level = INFO
	metrics.sample.window.ms = 30000
	partitioner.adaptive.partitioning.enable = true
	partitioner.availability.timeout.ms = 0
	partitioner.class = null
	partitioner.ignore.keys = false
	receive.buffer.bytes = 32768
	reconnect.backoff.max.ms = 1000
	reconnect.backoff.ms = 50
	request.timeout.ms = 5000
	retries = 2147483647
	retry.backoff.max.ms = 1000
	retry.backoff.ms = 100
	sasl.client.callback.handler.class = null
	sasl.jaas.config = null
	sasl.kerberos.kinit.cmd = /usr/bin/kinit
	sasl.kerberos.min.time.before.relogin = 60000
	sasl.kerberos.service.name = null
	sasl.kerberos.ticket.renew.jitter = 0.05
	sasl.kerberos.ticket.renew.window.factor = 0.8
	sasl.login.callback.handler.class = null
	sasl.login.class = null
	sasl.login.connect.timeout.ms = null
	sasl.login.read.timeout.ms = null
	sasl.login.refresh.buffer.seconds = 300
	sasl.login.refresh.min.period.seconds = 60
	sasl.login.refresh.window.factor = 0.8
	sasl.login.refresh.window.jitter = 0.05
	sasl.login.retry.backoff.max.ms = 10000
	sasl.login.retry.backoff.ms = 100
	sasl.mechanism = GSSAPI
	sasl.oauthbearer.clock.skew.seconds = 30
	sasl.oauthbearer.expected.audience = null
	sasl.oauthbearer.expected.issuer = null
	sasl.oauthbearer.header.urlencode = false
	sasl.oauthbearer.jwks.endpoint.refresh.ms = 3600000
	sasl.oauthbearer.jwks.endpoint.retry.backoff.max.ms = 10000
	sasl.oauthbearer.jwks.endpoint.retry.backoff.ms = 100
	sasl.oauthbearer.jwks.endpoint.url = null
	sasl.oauthbearer.scope.claim.name = scope
	sasl.oauthbearer.sub.claim.name = sub
	sasl.oauthbearer.token.endpoint.url = null
	security.protocol = PLAINTEXT
	security.providers = null
	send.buffer.bytes = 131072
	socket.connection.setup.timeout.max.ms = 30000
	socket.connection.setup.timeout.ms = 10000
	ssl.cipher.suites = null
	ssl.enabled.protocols = [TLSv1.2, TLSv1.3]
	ssl.endpoint.identification.algorithm = https
	ssl.engine.factory.class = null
	ssl.key.password = null
	ssl.keymanager.algorithm = SunX509
	ssl.keystore.certificate.chain = null
	ssl.keystore.key = null
	ssl.keystore.location = null
	ssl.keystore.password = null
	ssl.keystore.type = JKS
	ssl.protocol = TLSv1.3
	ssl.provider = null
	ssl.secure.random.implementation = null
	ssl.trustmanager.algorithm = PKIX
	ssl.truststore.certificates = null
	ssl.truststore.location = null
	ssl.truststore.password = null
	ssl.truststore.type = JKS
	transaction.timeout.ms = 60000
	transactional.id = null
	value.serializer = class io.apicurio.registry.serde.avro.AvroKafkaSerializer

2025-08-06 18:56:21,693 INFO  [org.apa.kaf.com.tel.int.KafkaMetricsCollector] (main) initializing Kafka metrics collector
2025-08-06 18:56:21,698 INFO  [org.apa.kaf.cli.pro.KafkaProducer] (main) [Producer clientId=Producer-topic-90a7064a_6953_46c1_872d_fbcf47424ac0] Instantiated an idempotent producer.
2025-08-06 18:56:21,700 INFO  [org.apa.kaf.cli.pro.ProducerConfig] (main) These configurations '[apicurio.registry.url, apicurio.registry.artifact-resolver-strategy]' were supplied but are not used yet.
2025-08-06 18:56:21,700 INFO  [org.apa.kaf.com.uti.AppInfoParser] (main) Kafka version: 3.9.1
2025-08-06 18:56:21,700 INFO  [org.apa.kaf.com.uti.AppInfoParser] (main) Kafka commitId: f745dfdcee2b9851
2025-08-06 18:56:21,700 INFO  [org.apa.kaf.com.uti.AppInfoParser] (main) Kafka startTimeMs: 1754506581700
2025-08-06 18:56:21,701 INFO  [io.api.tes.ser.api.KafkaSerdesTester] (Thread-679) Sending message {"key11754506575837": "value-0"} to topic topic-90a7064a_6953_46c1_872d_fbcf47424ac0
2025-08-06 18:56:21,704 INFO  [org.apa.kaf.cli.Metadata] (kafka-producer-network-thread | Producer-topic-90a7064a_6953_46c1_872d_fbcf47424ac0) [Producer clientId=Producer-topic-90a7064a_6953_46c1_872d_fbcf47424ac0] Cluster ID: NyMRaTI5Q0SXQrlZpmr68g
2025-08-06 18:56:21,704 INFO  [org.apa.kaf.cli.pro.int.TransactionManager] (kafka-producer-network-thread | Producer-topic-90a7064a_6953_46c1_872d_fbcf47424ac0) [Producer clientId=Producer-topic-90a7064a_6953_46c1_872d_fbcf47424ac0] ProducerId set to 14 with epoch 0
2025-08-06 18:56:21,704 INFO  [DefaultSchemaResolver] (Thread-679) Retrieving schema content using string: {"type":"record","name":"se0157308x1c01x46cdxb2dbx4f5d7339e696","namespace":"ns_e2b697db_df8e_4c3e_9576_62fb55a37b2e","fields":[{"name":"key11754506575837","type":"string"}]}
2025-08-06 18:56:21,734 INFO  [io.api.tes.ser.api.KafkaSerdesTester] (Thread-679) Sending message {"key11754506575837": "value-1"} to topic topic-90a7064a_6953_46c1_872d_fbcf47424ac0
2025-08-06 18:56:21,735 INFO  [io.api.tes.ser.api.KafkaSerdesTester] (Thread-679) Sending message {"key11754506575837": "value-2"} to topic topic-90a7064a_6953_46c1_872d_fbcf47424ac0
2025-08-06 18:56:21,736 INFO  [io.api.tes.ser.api.KafkaSerdesTester] (Thread-679) Sending message {"key11754506575837": "value-3"} to topic topic-90a7064a_6953_46c1_872d_fbcf47424ac0
2025-08-06 18:56:21,738 INFO  [io.api.tes.ser.api.KafkaSerdesTester] (Thread-679) Sending message {"key11754506575837": "value-4"} to topic topic-90a7064a_6953_46c1_872d_fbcf47424ac0
2025-08-06 18:56:21,740 INFO  [io.api.tes.ser.api.KafkaSerdesTester] (Thread-679) Sending message {"key11754506575837": "value-5"} to topic topic-90a7064a_6953_46c1_872d_fbcf47424ac0
2025-08-06 18:56:21,741 INFO  [io.api.tes.ser.api.KafkaSerdesTester] (Thread-679) Sending message {"key11754506575837": "value-6"} to topic topic-90a7064a_6953_46c1_872d_fbcf47424ac0
2025-08-06 18:56:21,742 INFO  [io.api.tes.ser.api.KafkaSerdesTester] (Thread-679) Sending message {"key11754506575837": "value-7"} to topic topic-90a7064a_6953_46c1_872d_fbcf47424ac0
2025-08-06 18:56:21,744 INFO  [io.api.tes.ser.api.KafkaSerdesTester] (Thread-679) Sending message {"key11754506575837": "value-8"} to topic topic-90a7064a_6953_46c1_872d_fbcf47424ac0
2025-08-06 18:56:21,746 INFO  [io.api.tes.ser.api.KafkaSerdesTester] (Thread-679) Sending message {"key11754506575837": "value-9"} to topic topic-90a7064a_6953_46c1_872d_fbcf47424ac0
2025-08-06 18:56:21,747 INFO  [io.api.tes.ser.api.KafkaSerdesTester] (Thread-679) Produced 10 messages
2025-08-06 18:56:21,747 INFO  [org.apa.kaf.cli.pro.KafkaProducer] (Thread-679) [Producer clientId=Producer-topic-90a7064a_6953_46c1_872d_fbcf47424ac0] Closing the Kafka producer with timeoutMillis = 9223372036854775807 ms.
2025-08-06 18:56:21,750 INFO  [org.apa.kaf.com.met.Metrics] (Thread-679) Metrics scheduler closed
2025-08-06 18:56:21,750 INFO  [org.apa.kaf.com.met.Metrics] (Thread-679) Closing reporter org.apache.kafka.common.metrics.JmxReporter
2025-08-06 18:56:21,750 INFO  [org.apa.kaf.com.met.Metrics] (Thread-679) Closing reporter org.apache.kafka.common.telemetry.internals.ClientTelemetryReporter
2025-08-06 18:56:21,750 INFO  [org.apa.kaf.com.met.Metrics] (Thread-679) Metrics reporters closed
2025-08-06 18:56:21,750 INFO  [org.apa.kaf.com.uti.AppInfoParser] (Thread-679) App info kafka.producer for Producer-topic-90a7064a_6953_46c1_872d_fbcf47424ac0 unregistered
**** Registry Base URL: http://registry-app-ksql047.apps.ci419.apicurio-testing.org:80
2025-08-06 18:56:21,751 INFO  [org.apa.kaf.cli.con.ConsumerConfig] (main) ConsumerConfig values: 
	allow.auto.create.topics = true
	auto.commit.interval.ms = 500
	auto.include.jmx.reporter = true
	auto.offset.reset = earliest
	bootstrap.servers = [PLAINTEXT://localhost:32769]
	check.crcs = true
	client.dns.lookup = use_all_dns_ips
	client.id = consumer-Consumer-topic-90a7064a_6953_46c1_872d_fbcf47424ac0-11
	client.rack = 
	connections.max.idle.ms = 10000
	default.api.timeout.ms = 60000
	enable.auto.commit = true
	enable.metrics.push = true
	exclude.internal.topics = true
	fetch.max.bytes = 52428800
	fetch.max.wait.ms = 500
	fetch.min.bytes = 1
	group.id = Consumer-topic-90a7064a_6953_46c1_872d_fbcf47424ac0
	group.instance.id = null
	group.protocol = classic
	group.remote.assignor = null
	heartbeat.interval.ms = 3000
	interceptor.classes = []
	internal.leave.group.on.close = true
	internal.throw.on.fetch.stable.offset.unsupported = false
	isolation.level = read_uncommitted
	key.deserializer = class org.apache.kafka.common.serialization.StringDeserializer
	max.partition.fetch.bytes = 1048576
	max.poll.interval.ms = 300000
	max.poll.records = 500
	metadata.max.age.ms = 300000
	metadata.recovery.strategy = none
	metric.reporters = []
	metrics.num.samples = 2
	metrics.recording.level = INFO
	metrics.sample.window.ms = 30000
	partition.assignment.strategy = [class org.apache.kafka.clients.consumer.RangeAssignor, class org.apache.kafka.clients.consumer.CooperativeStickyAssignor]
	receive.buffer.bytes = 65536
	reconnect.backoff.max.ms = 1000
	reconnect.backoff.ms = 50
	request.timeout.ms = 5000
	retry.backoff.max.ms = 1000
	retry.backoff.ms = 100
	sasl.client.callback.handler.class = null
	sasl.jaas.config = null
	sasl.kerberos.kinit.cmd = /usr/bin/kinit
	sasl.kerberos.min.time.before.relogin = 60000
	sasl.kerberos.service.name = null
	sasl.kerberos.ticket.renew.jitter = 0.05
	sasl.kerberos.ticket.renew.window.factor = 0.8
	sasl.login.callback.handler.class = null
	sasl.login.class = null
	sasl.login.connect.timeout.ms = null
	sasl.login.read.timeout.ms = null
	sasl.login.refresh.buffer.seconds = 300
	sasl.login.refresh.min.period.seconds = 60
	sasl.login.refresh.window.factor = 0.8
	sasl.login.refresh.window.jitter = 0.05
	sasl.login.retry.backoff.max.ms = 10000
	sasl.login.retry.backoff.ms = 100
	sasl.mechanism = GSSAPI
	sasl.oauthbearer.clock.skew.seconds = 30
	sasl.oauthbearer.expected.audience = null
	sasl.oauthbearer.expected.issuer = null
	sasl.oauthbearer.header.urlencode = false
	sasl.oauthbearer.jwks.endpoint.refresh.ms = 3600000
	sasl.oauthbearer.jwks.endpoint.retry.backoff.max.ms = 10000
	sasl.oauthbearer.jwks.endpoint.retry.backoff.ms = 100
	sasl.oauthbearer.jwks.endpoint.url = null
	sasl.oauthbearer.scope.claim.name = scope
	sasl.oauthbearer.sub.claim.name = sub
	sasl.oauthbearer.token.endpoint.url = null
	security.protocol = PLAINTEXT
	security.providers = null
	send.buffer.bytes = 131072
	session.timeout.ms = 45000
	socket.connection.setup.timeout.max.ms = 30000
	socket.connection.setup.timeout.ms = 10000
	ssl.cipher.suites = null
	ssl.enabled.protocols = [TLSv1.2, TLSv1.3]
	ssl.endpoint.identification.algorithm = https
	ssl.engine.factory.class = null
	ssl.key.password = null
	ssl.keymanager.algorithm = SunX509
	ssl.keystore.certificate.chain = null
	ssl.keystore.key = null
	ssl.keystore.location = null
	ssl.keystore.password = null
	ssl.keystore.type = JKS
	ssl.protocol = TLSv1.3
	ssl.provider = null
	ssl.secure.random.implementation = null
	ssl.trustmanager.algorithm = PKIX
	ssl.truststore.certificates = null
	ssl.truststore.location = null
	ssl.truststore.password = null
	ssl.truststore.type = JKS
	value.deserializer = class io.apicurio.registry.serde.avro.AvroKafkaDeserializer

2025-08-06 18:56:21,752 INFO  [org.apa.kaf.com.tel.int.KafkaMetricsCollector] (main) initializing Kafka metrics collector
2025-08-06 18:56:21,764 INFO  [org.apa.kaf.cli.con.ConsumerConfig] (main) These configurations '[apicurio.registry.url]' were supplied but are not used yet.
2025-08-06 18:56:21,764 INFO  [org.apa.kaf.com.uti.AppInfoParser] (main) Kafka version: 3.9.1
2025-08-06 18:56:21,764 INFO  [org.apa.kaf.com.uti.AppInfoParser] (main) Kafka commitId: f745dfdcee2b9851
2025-08-06 18:56:21,764 INFO  [org.apa.kaf.com.uti.AppInfoParser] (main) Kafka startTimeMs: 1754506581764
2025-08-06 18:56:21,768 INFO  [org.apa.kaf.cli.con.int.ClassicKafkaConsumer] (Thread-682) [Consumer clientId=consumer-Consumer-topic-90a7064a_6953_46c1_872d_fbcf47424ac0-11, groupId=Consumer-topic-90a7064a_6953_46c1_872d_fbcf47424ac0] Subscribed to topic(s): topic-90a7064a_6953_46c1_872d_fbcf47424ac0
2025-08-06 18:56:21,773 INFO  [org.apa.kaf.cli.Metadata] (Thread-682) [Consumer clientId=consumer-Consumer-topic-90a7064a_6953_46c1_872d_fbcf47424ac0-11, groupId=Consumer-topic-90a7064a_6953_46c1_872d_fbcf47424ac0] Cluster ID: NyMRaTI5Q0SXQrlZpmr68g
2025-08-06 18:56:21,775 INFO  [org.apa.kaf.cli.con.int.ConsumerCoordinator] (Thread-682) [Consumer clientId=consumer-Consumer-topic-90a7064a_6953_46c1_872d_fbcf47424ac0-11, groupId=Consumer-topic-90a7064a_6953_46c1_872d_fbcf47424ac0] Discovered group coordinator localhost:32769 (id: 2147483647 rack: null)
2025-08-06 18:56:21,776 INFO  [org.apa.kaf.cli.con.int.ConsumerCoordinator] (Thread-682) [Consumer clientId=consumer-Consumer-topic-90a7064a_6953_46c1_872d_fbcf47424ac0-11, groupId=Consumer-topic-90a7064a_6953_46c1_872d_fbcf47424ac0] (Re-)joining group
2025-08-06 18:56:21,791 INFO  [org.apa.kaf.cli.con.int.ConsumerCoordinator] (Thread-682) [Consumer clientId=consumer-Consumer-topic-90a7064a_6953_46c1_872d_fbcf47424ac0-11, groupId=Consumer-topic-90a7064a_6953_46c1_872d_fbcf47424ac0] Request joining group due to: need to re-join with the given member-id: consumer-Consumer-topic-90a7064a_6953_46c1_872d_fbcf47424ac0-11-e7db1e07-bf99-4f13-8666-c1bcff2bc7aa
2025-08-06 18:56:21,791 INFO  [org.apa.kaf.cli.con.int.ConsumerCoordinator] (Thread-682) [Consumer clientId=consumer-Consumer-topic-90a7064a_6953_46c1_872d_fbcf47424ac0-11, groupId=Consumer-topic-90a7064a_6953_46c1_872d_fbcf47424ac0] (Re-)joining group
2025-08-06 18:56:22,768 INFO  [io.api.tes.ser.api.KafkaSerdesTester] (Thread-682) None found
2025-08-06 18:56:23,768 INFO  [io.api.tes.ser.api.KafkaSerdesTester] (Thread-682) None found
2025-08-06 18:56:24,768 INFO  [io.api.tes.ser.api.KafkaSerdesTester] (Thread-682) None found
2025-08-06 18:56:24,794 INFO  [org.apa.kaf.cli.con.int.ConsumerCoordinator] (Thread-682) [Consumer clientId=consumer-Consumer-topic-90a7064a_6953_46c1_872d_fbcf47424ac0-11, groupId=Consumer-topic-90a7064a_6953_46c1_872d_fbcf47424ac0] Successfully joined group with generation Generation{generationId=3, memberId='consumer-Consumer-topic-90a7064a_6953_46c1_872d_fbcf47424ac0-11-e7db1e07-bf99-4f13-8666-c1bcff2bc7aa', protocol='range'}
2025-08-06 18:56:24,794 INFO  [org.apa.kaf.cli.con.int.ConsumerCoordinator] (Thread-682) [Consumer clientId=consumer-Consumer-topic-90a7064a_6953_46c1_872d_fbcf47424ac0-11, groupId=Consumer-topic-90a7064a_6953_46c1_872d_fbcf47424ac0] Finished assignment for group at generation 3: {consumer-Consumer-topic-90a7064a_6953_46c1_872d_fbcf47424ac0-11-e7db1e07-bf99-4f13-8666-c1bcff2bc7aa=Assignment(partitions=[topic-90a7064a_6953_46c1_872d_fbcf47424ac0-0])}
2025-08-06 18:56:24,800 INFO  [org.apa.kaf.cli.con.int.ConsumerCoordinator] (Thread-682) [Consumer clientId=consumer-Consumer-topic-90a7064a_6953_46c1_872d_fbcf47424ac0-11, groupId=Consumer-topic-90a7064a_6953_46c1_872d_fbcf47424ac0] Successfully synced group in generation Generation{generationId=3, memberId='consumer-Consumer-topic-90a7064a_6953_46c1_872d_fbcf47424ac0-11-e7db1e07-bf99-4f13-8666-c1bcff2bc7aa', protocol='range'}
2025-08-06 18:56:24,801 INFO  [org.apa.kaf.cli.con.int.ConsumerCoordinator] (Thread-682) [Consumer clientId=consumer-Consumer-topic-90a7064a_6953_46c1_872d_fbcf47424ac0-11, groupId=Consumer-topic-90a7064a_6953_46c1_872d_fbcf47424ac0] Notifying assignor about the new Assignment(partitions=[topic-90a7064a_6953_46c1_872d_fbcf47424ac0-0])
2025-08-06 18:56:24,801 INFO  [org.apa.kaf.cli.con.int.ConsumerRebalanceListenerInvoker] (Thread-682) [Consumer clientId=consumer-Consumer-topic-90a7064a_6953_46c1_872d_fbcf47424ac0-11, groupId=Consumer-topic-90a7064a_6953_46c1_872d_fbcf47424ac0] Adding newly assigned partitions: topic-90a7064a_6953_46c1_872d_fbcf47424ac0-0
2025-08-06 18:56:24,802 INFO  [org.apa.kaf.cli.con.int.ConsumerUtils] (Thread-682) Setting offset for partition topic-90a7064a_6953_46c1_872d_fbcf47424ac0-0 to the committed offset FetchPosition{offset=10, offsetEpoch=Optional[0], currentLeader=LeaderAndEpoch{leader=Optional[localhost:32769 (id: 0 rack: null)], epoch=0}}
2025-08-06 18:56:24,867 INFO  [io.api.tes.ser.api.KafkaSerdesTester] (Thread-682) topic-90a7064a_6953_46c1_872d_fbcf47424ac0 0 10 {"key11754506575837": "value-0", "key21754506580558": "value-0"}
2025-08-06 18:56:24,867 INFO  [io.api.tes.ser.api.KafkaSerdesTester] (Thread-682) topic-90a7064a_6953_46c1_872d_fbcf47424ac0 0 11 {"key11754506575837": "value-1", "key21754506580558": "value-1"}
2025-08-06 18:56:24,867 INFO  [io.api.tes.ser.api.KafkaSerdesTester] (Thread-682) topic-90a7064a_6953_46c1_872d_fbcf47424ac0 0 12 {"key11754506575837": "value-2", "key21754506580558": "value-2"}
2025-08-06 18:56:24,867 INFO  [io.api.tes.ser.api.KafkaSerdesTester] (Thread-682) topic-90a7064a_6953_46c1_872d_fbcf47424ac0 0 13 {"key11754506575837": "value-3", "key21754506580558": "value-3"}
2025-08-06 18:56:24,867 INFO  [io.api.tes.ser.api.KafkaSerdesTester] (Thread-682) topic-90a7064a_6953_46c1_872d_fbcf47424ac0 0 14 {"key11754506575837": "value-4", "key21754506580558": "value-4"}
2025-08-06 18:56:24,867 INFO  [io.api.tes.ser.api.KafkaSerdesTester] (Thread-682) topic-90a7064a_6953_46c1_872d_fbcf47424ac0 0 15 {"key11754506575837": "value-5", "key21754506580558": "value-5"}
2025-08-06 18:56:24,868 INFO  [io.api.tes.ser.api.KafkaSerdesTester] (Thread-682) topic-90a7064a_6953_46c1_872d_fbcf47424ac0 0 16 {"key11754506575837": "value-6", "key21754506580558": "value-6"}
2025-08-06 18:56:24,868 INFO  [io.api.tes.ser.api.KafkaSerdesTester] (Thread-682) topic-90a7064a_6953_46c1_872d_fbcf47424ac0 0 17 {"key11754506575837": "value-7", "key21754506580558": "value-7"}
2025-08-06 18:56:24,868 INFO  [io.api.tes.ser.api.KafkaSerdesTester] (Thread-682) topic-90a7064a_6953_46c1_872d_fbcf47424ac0 0 18 {"key11754506575837": "value-8", "key21754506580558": "value-8"}
2025-08-06 18:56:24,868 INFO  [io.api.tes.ser.api.KafkaSerdesTester] (Thread-682) topic-90a7064a_6953_46c1_872d_fbcf47424ac0 0 19 {"key11754506575837": "value-9", "key21754506580558": "value-9"}
2025-08-06 18:56:24,868 INFO  [io.api.tes.ser.api.KafkaSerdesTester] (Thread-682) topic-90a7064a_6953_46c1_872d_fbcf47424ac0 0 20 {"key11754506575837": "value-0"}
2025-08-06 18:56:24,868 INFO  [io.api.tes.ser.api.KafkaSerdesTester] (Thread-682) topic-90a7064a_6953_46c1_872d_fbcf47424ac0 0 21 {"key11754506575837": "value-1"}
2025-08-06 18:56:24,868 INFO  [io.api.tes.ser.api.KafkaSerdesTester] (Thread-682) topic-90a7064a_6953_46c1_872d_fbcf47424ac0 0 22 {"key11754506575837": "value-2"}
2025-08-06 18:56:24,868 INFO  [io.api.tes.ser.api.KafkaSerdesTester] (Thread-682) topic-90a7064a_6953_46c1_872d_fbcf47424ac0 0 23 {"key11754506575837": "value-3"}
2025-08-06 18:56:24,868 INFO  [io.api.tes.ser.api.KafkaSerdesTester] (Thread-682) topic-90a7064a_6953_46c1_872d_fbcf47424ac0 0 24 {"key11754506575837": "value-4"}
2025-08-06 18:56:24,868 INFO  [io.api.tes.ser.api.KafkaSerdesTester] (Thread-682) topic-90a7064a_6953_46c1_872d_fbcf47424ac0 0 25 {"key11754506575837": "value-5"}
2025-08-06 18:56:24,868 INFO  [io.api.tes.ser.api.KafkaSerdesTester] (Thread-682) topic-90a7064a_6953_46c1_872d_fbcf47424ac0 0 26 {"key11754506575837": "value-6"}
2025-08-06 18:56:24,868 INFO  [io.api.tes.ser.api.KafkaSerdesTester] (Thread-682) topic-90a7064a_6953_46c1_872d_fbcf47424ac0 0 27 {"key11754506575837": "value-7"}
2025-08-06 18:56:24,868 INFO  [io.api.tes.ser.api.KafkaSerdesTester] (Thread-682) topic-90a7064a_6953_46c1_872d_fbcf47424ac0 0 28 {"key11754506575837": "value-8"}
2025-08-06 18:56:24,868 INFO  [io.api.tes.ser.api.KafkaSerdesTester] (Thread-682) topic-90a7064a_6953_46c1_872d_fbcf47424ac0 0 29 {"key11754506575837": "value-9"}
2025-08-06 18:56:24,868 INFO  [io.api.tes.ser.api.KafkaSerdesTester] (Thread-682) Consumed 20 messages
2025-08-06 18:56:24,876 INFO  [org.apa.kaf.cli.con.int.ConsumerRebalanceListenerInvoker] (Thread-682) [Consumer clientId=consumer-Consumer-topic-90a7064a_6953_46c1_872d_fbcf47424ac0-11, groupId=Consumer-topic-90a7064a_6953_46c1_872d_fbcf47424ac0] Revoke previously assigned partitions topic-90a7064a_6953_46c1_872d_fbcf47424ac0-0
2025-08-06 18:56:24,876 INFO  [org.apa.kaf.cli.con.int.ConsumerCoordinator] (Thread-682) [Consumer clientId=consumer-Consumer-topic-90a7064a_6953_46c1_872d_fbcf47424ac0-11, groupId=Consumer-topic-90a7064a_6953_46c1_872d_fbcf47424ac0] Member consumer-Consumer-topic-90a7064a_6953_46c1_872d_fbcf47424ac0-11-e7db1e07-bf99-4f13-8666-c1bcff2bc7aa sending LeaveGroup request to coordinator localhost:32769 (id: 2147483647 rack: null) due to the consumer is being closed
2025-08-06 18:56:24,876 INFO  [org.apa.kaf.cli.con.int.ConsumerCoordinator] (Thread-682) [Consumer clientId=consumer-Consumer-topic-90a7064a_6953_46c1_872d_fbcf47424ac0-11, groupId=Consumer-topic-90a7064a_6953_46c1_872d_fbcf47424ac0] Resetting generation and member id due to: consumer pro-actively leaving the group
2025-08-06 18:56:24,878 INFO  [org.apa.kaf.cli.con.int.ConsumerCoordinator] (Thread-682) [Consumer clientId=consumer-Consumer-topic-90a7064a_6953_46c1_872d_fbcf47424ac0-11, groupId=Consumer-topic-90a7064a_6953_46c1_872d_fbcf47424ac0] Request joining group due to: consumer pro-actively leaving the group
2025-08-06 18:56:25,370 INFO  [org.apa.kaf.com.met.Metrics] (Thread-682) Metrics scheduler closed
2025-08-06 18:56:25,370 INFO  [org.apa.kaf.com.met.Metrics] (Thread-682) Closing reporter org.apache.kafka.common.metrics.JmxReporter
2025-08-06 18:56:25,370 INFO  [org.apa.kaf.com.met.Metrics] (Thread-682) Closing reporter org.apache.kafka.common.telemetry.internals.ClientTelemetryReporter
2025-08-06 18:56:25,370 INFO  [org.apa.kaf.com.met.Metrics] (Thread-682) Metrics reporters closed
2025-08-06 18:56:25,373 INFO  [org.apa.kaf.com.uti.AppInfoParser] (Thread-682) App info kafka.consumer for consumer-Consumer-topic-90a7064a_6953_46c1_872d_fbcf47424ac0-11 unregistered
2025-08-06 18:56:25,375 INFO  [io.api.tes.ser.api.AvroSerdeIT] (main) Registering Avro Schema 3: {"type":"record","name":"se0157308x1c01x46cdxb2dbx4f5d7339e696","namespace":"ns_e2b697db_df8e_4c3e_9576_62fb55a37b2e","fields":[{"name":"key11754506575837","type":"string"},{"name":"key21754506580558","type":"string"},{"name":"key31754506585373","type":"string"}]}
**** Registry Base URL: http://registry-app-ksql047.apps.ci419.apicurio-testing.org:80
2025-08-06 18:56:26,434 INFO  [org.apa.kaf.cli.pro.ProducerConfig] (main) ProducerConfig values: 
	acks = -1
	auto.include.jmx.reporter = true
	batch.size = 16384
	bootstrap.servers = [PLAINTEXT://localhost:32769]
	buffer.memory = 33554432
	client.dns.lookup = use_all_dns_ips
	client.id = Producer-topic-90a7064a_6953_46c1_872d_fbcf47424ac0
	compression.gzip.level = -1
	compression.lz4.level = 9
	compression.type = none
	compression.zstd.level = 3
	connections.max.idle.ms = 10000
	delivery.timeout.ms = 120000
	enable.idempotence = true
	enable.metrics.push = true
	interceptor.classes = []
	key.serializer = class org.apache.kafka.common.serialization.StringSerializer
	linger.ms = 0
	max.block.ms = 60000
	max.in.flight.requests.per.connection = 5
	max.request.size = 1048576
	metadata.max.age.ms = 300000
	metadata.max.idle.ms = 300000
	metadata.recovery.strategy = none
	metric.reporters = []
	metrics.num.samples = 2
	metrics.recording.level = INFO
	metrics.sample.window.ms = 30000
	partitioner.adaptive.partitioning.enable = true
	partitioner.availability.timeout.ms = 0
	partitioner.class = null
	partitioner.ignore.keys = false
	receive.buffer.bytes = 32768
	reconnect.backoff.max.ms = 1000
	reconnect.backoff.ms = 50
	request.timeout.ms = 5000
	retries = 2147483647
	retry.backoff.max.ms = 1000
	retry.backoff.ms = 100
	sasl.client.callback.handler.class = null
	sasl.jaas.config = null
	sasl.kerberos.kinit.cmd = /usr/bin/kinit
	sasl.kerberos.min.time.before.relogin = 60000
	sasl.kerberos.service.name = null
	sasl.kerberos.ticket.renew.jitter = 0.05
	sasl.kerberos.ticket.renew.window.factor = 0.8
	sasl.login.callback.handler.class = null
	sasl.login.class = null
	sasl.login.connect.timeout.ms = null
	sasl.login.read.timeout.ms = null
	sasl.login.refresh.buffer.seconds = 300
	sasl.login.refresh.min.period.seconds = 60
	sasl.login.refresh.window.factor = 0.8
	sasl.login.refresh.window.jitter = 0.05
	sasl.login.retry.backoff.max.ms = 10000
	sasl.login.retry.backoff.ms = 100
	sasl.mechanism = GSSAPI
	sasl.oauthbearer.clock.skew.seconds = 30
	sasl.oauthbearer.expected.audience = null
	sasl.oauthbearer.expected.issuer = null
	sasl.oauthbearer.header.urlencode = false
	sasl.oauthbearer.jwks.endpoint.refresh.ms = 3600000
	sasl.oauthbearer.jwks.endpoint.retry.backoff.max.ms = 10000
	sasl.oauthbearer.jwks.endpoint.retry.backoff.ms = 100
	sasl.oauthbearer.jwks.endpoint.url = null
	sasl.oauthbearer.scope.claim.name = scope
	sasl.oauthbearer.sub.claim.name = sub
	sasl.oauthbearer.token.endpoint.url = null
	security.protocol = PLAINTEXT
	security.providers = null
	send.buffer.bytes = 131072
	socket.connection.setup.timeout.max.ms = 30000
	socket.connection.setup.timeout.ms = 10000
	ssl.cipher.suites = null
	ssl.enabled.protocols = [TLSv1.2, TLSv1.3]
	ssl.endpoint.identification.algorithm = https
	ssl.engine.factory.class = null
	ssl.key.password = null
	ssl.keymanager.algorithm = SunX509
	ssl.keystore.certificate.chain = null
	ssl.keystore.key = null
	ssl.keystore.location = null
	ssl.keystore.password = null
	ssl.keystore.type = JKS
	ssl.protocol = TLSv1.3
	ssl.provider = null
	ssl.secure.random.implementation = null
	ssl.trustmanager.algorithm = PKIX
	ssl.truststore.certificates = null
	ssl.truststore.location = null
	ssl.truststore.password = null
	ssl.truststore.type = JKS
	transaction.timeout.ms = 60000
	transactional.id = null
	value.serializer = class io.apicurio.registry.serde.avro.AvroKafkaSerializer

2025-08-06 18:56:26,434 INFO  [org.apa.kaf.com.tel.int.KafkaMetricsCollector] (main) initializing Kafka metrics collector
2025-08-06 18:56:26,437 INFO  [org.apa.kaf.cli.pro.KafkaProducer] (main) [Producer clientId=Producer-topic-90a7064a_6953_46c1_872d_fbcf47424ac0] Instantiated an idempotent producer.
2025-08-06 18:56:26,440 INFO  [org.apa.kaf.cli.pro.ProducerConfig] (main) These configurations '[apicurio.registry.url, apicurio.registry.artifact-resolver-strategy]' were supplied but are not used yet.
2025-08-06 18:56:26,440 INFO  [org.apa.kaf.com.uti.AppInfoParser] (main) Kafka version: 3.9.1
2025-08-06 18:56:26,440 INFO  [org.apa.kaf.com.uti.AppInfoParser] (main) Kafka commitId: f745dfdcee2b9851
2025-08-06 18:56:26,440 INFO  [org.apa.kaf.com.uti.AppInfoParser] (main) Kafka startTimeMs: 1754506586440
2025-08-06 18:56:26,441 INFO  [io.api.tes.ser.api.KafkaSerdesTester] (Thread-685) Sending message {"key11754506575837": "value-0", "key21754506580558": "value-0", "key31754506585373": "value-0"} to topic topic-90a7064a_6953_46c1_872d_fbcf47424ac0
2025-08-06 18:56:26,444 INFO  [org.apa.kaf.cli.Metadata] (kafka-producer-network-thread | Producer-topic-90a7064a_6953_46c1_872d_fbcf47424ac0) [Producer clientId=Producer-topic-90a7064a_6953_46c1_872d_fbcf47424ac0] Cluster ID: NyMRaTI5Q0SXQrlZpmr68g
2025-08-06 18:56:26,444 INFO  [org.apa.kaf.cli.pro.int.TransactionManager] (kafka-producer-network-thread | Producer-topic-90a7064a_6953_46c1_872d_fbcf47424ac0) [Producer clientId=Producer-topic-90a7064a_6953_46c1_872d_fbcf47424ac0] ProducerId set to 15 with epoch 0
2025-08-06 18:56:26,444 INFO  [DefaultSchemaResolver] (Thread-685) Retrieving schema content using string: {"type":"record","name":"se0157308x1c01x46cdxb2dbx4f5d7339e696","namespace":"ns_e2b697db_df8e_4c3e_9576_62fb55a37b2e","fields":[{"name":"key11754506575837","type":"string"},{"name":"key21754506580558","type":"string"},{"name":"key31754506585373","type":"string"}]}
2025-08-06 18:56:26,480 INFO  [io.api.tes.ser.api.KafkaSerdesTester] (Thread-685) Sending message {"key11754506575837": "value-1", "key21754506580558": "value-1", "key31754506585373": "value-1"} to topic topic-90a7064a_6953_46c1_872d_fbcf47424ac0
2025-08-06 18:56:26,482 INFO  [io.api.tes.ser.api.KafkaSerdesTester] (Thread-685) Sending message {"key11754506575837": "value-2", "key21754506580558": "value-2", "key31754506585373": "value-2"} to topic topic-90a7064a_6953_46c1_872d_fbcf47424ac0
2025-08-06 18:56:26,485 INFO  [io.api.tes.ser.api.KafkaSerdesTester] (Thread-685) Sending message {"key11754506575837": "value-3", "key21754506580558": "value-3", "key31754506585373": "value-3"} to topic topic-90a7064a_6953_46c1_872d_fbcf47424ac0
2025-08-06 18:56:26,487 INFO  [io.api.tes.ser.api.KafkaSerdesTester] (Thread-685) Sending message {"key11754506575837": "value-4", "key21754506580558": "value-4", "key31754506585373": "value-4"} to topic topic-90a7064a_6953_46c1_872d_fbcf47424ac0
2025-08-06 18:56:26,488 INFO  [io.api.tes.ser.api.KafkaSerdesTester] (Thread-685) Sending message {"key11754506575837": "value-5", "key21754506580558": "value-5", "key31754506585373": "value-5"} to topic topic-90a7064a_6953_46c1_872d_fbcf47424ac0
2025-08-06 18:56:26,491 INFO  [io.api.tes.ser.api.KafkaSerdesTester] (Thread-685) Sending message {"key11754506575837": "value-6", "key21754506580558": "value-6", "key31754506585373": "value-6"} to topic topic-90a7064a_6953_46c1_872d_fbcf47424ac0
2025-08-06 18:56:26,494 INFO  [io.api.tes.ser.api.KafkaSerdesTester] (Thread-685) Sending message {"key11754506575837": "value-7", "key21754506580558": "value-7", "key31754506585373": "value-7"} to topic topic-90a7064a_6953_46c1_872d_fbcf47424ac0
2025-08-06 18:56:26,495 INFO  [io.api.tes.ser.api.KafkaSerdesTester] (Thread-685) Sending message {"key11754506575837": "value-8", "key21754506580558": "value-8", "key31754506585373": "value-8"} to topic topic-90a7064a_6953_46c1_872d_fbcf47424ac0
2025-08-06 18:56:26,500 INFO  [io.api.tes.ser.api.KafkaSerdesTester] (Thread-685) Sending message {"key11754506575837": "value-9", "key21754506580558": "value-9", "key31754506585373": "value-9"} to topic topic-90a7064a_6953_46c1_872d_fbcf47424ac0
2025-08-06 18:56:26,502 INFO  [io.api.tes.ser.api.KafkaSerdesTester] (Thread-685) Produced 10 messages
2025-08-06 18:56:26,503 INFO  [org.apa.kaf.cli.pro.KafkaProducer] (Thread-685) [Producer clientId=Producer-topic-90a7064a_6953_46c1_872d_fbcf47424ac0] Closing the Kafka producer with timeoutMillis = 9223372036854775807 ms.
2025-08-06 18:56:26,505 INFO  [org.apa.kaf.com.met.Metrics] (Thread-685) Metrics scheduler closed
2025-08-06 18:56:26,505 INFO  [org.apa.kaf.com.met.Metrics] (Thread-685) Closing reporter org.apache.kafka.common.metrics.JmxReporter
2025-08-06 18:56:26,505 INFO  [org.apa.kaf.com.met.Metrics] (Thread-685) Closing reporter org.apache.kafka.common.telemetry.internals.ClientTelemetryReporter
2025-08-06 18:56:26,505 INFO  [org.apa.kaf.com.met.Metrics] (Thread-685) Metrics reporters closed
2025-08-06 18:56:26,507 INFO  [org.apa.kaf.com.uti.AppInfoParser] (Thread-685) App info kafka.producer for Producer-topic-90a7064a_6953_46c1_872d_fbcf47424ac0 unregistered
**** Registry Base URL: http://registry-app-ksql047.apps.ci419.apicurio-testing.org:80
2025-08-06 18:56:26,508 INFO  [org.apa.kaf.cli.pro.ProducerConfig] (main) ProducerConfig values: 
	acks = -1
	auto.include.jmx.reporter = true
	batch.size = 16384
	bootstrap.servers = [PLAINTEXT://localhost:32769]
	buffer.memory = 33554432
	client.dns.lookup = use_all_dns_ips
	client.id = Producer-topic-90a7064a_6953_46c1_872d_fbcf47424ac0
	compression.gzip.level = -1
	compression.lz4.level = 9
	compression.type = none
	compression.zstd.level = 3
	connections.max.idle.ms = 10000
	delivery.timeout.ms = 120000
	enable.idempotence = true
	enable.metrics.push = true
	interceptor.classes = []
	key.serializer = class org.apache.kafka.common.serialization.StringSerializer
	linger.ms = 0
	max.block.ms = 60000
	max.in.flight.requests.per.connection = 5
	max.request.size = 1048576
	metadata.max.age.ms = 300000
	metadata.max.idle.ms = 300000
	metadata.recovery.strategy = none
	metric.reporters = []
	metrics.num.samples = 2
	metrics.recording.level = INFO
	metrics.sample.window.ms = 30000
	partitioner.adaptive.partitioning.enable = true
	partitioner.availability.timeout.ms = 0
	partitioner.class = null
	partitioner.ignore.keys = false
	receive.buffer.bytes = 32768
	reconnect.backoff.max.ms = 1000
	reconnect.backoff.ms = 50
	request.timeout.ms = 5000
	retries = 2147483647
	retry.backoff.max.ms = 1000
	retry.backoff.ms = 100
	sasl.client.callback.handler.class = null
	sasl.jaas.config = null
	sasl.kerberos.kinit.cmd = /usr/bin/kinit
	sasl.kerberos.min.time.before.relogin = 60000
	sasl.kerberos.service.name = null
	sasl.kerberos.ticket.renew.jitter = 0.05
	sasl.kerberos.ticket.renew.window.factor = 0.8
	sasl.login.callback.handler.class = null
	sasl.login.class = null
	sasl.login.connect.timeout.ms = null
	sasl.login.read.timeout.ms = null
	sasl.login.refresh.buffer.seconds = 300
	sasl.login.refresh.min.period.seconds = 60
	sasl.login.refresh.window.factor = 0.8
	sasl.login.refresh.window.jitter = 0.05
	sasl.login.retry.backoff.max.ms = 10000
	sasl.login.retry.backoff.ms = 100
	sasl.mechanism = GSSAPI
	sasl.oauthbearer.clock.skew.seconds = 30
	sasl.oauthbearer.expected.audience = null
	sasl.oauthbearer.expected.issuer = null
	sasl.oauthbearer.header.urlencode = false
	sasl.oauthbearer.jwks.endpoint.refresh.ms = 3600000
	sasl.oauthbearer.jwks.endpoint.retry.backoff.max.ms = 10000
	sasl.oauthbearer.jwks.endpoint.retry.backoff.ms = 100
	sasl.oauthbearer.jwks.endpoint.url = null
	sasl.oauthbearer.scope.claim.name = scope
	sasl.oauthbearer.sub.claim.name = sub
	sasl.oauthbearer.token.endpoint.url = null
	security.protocol = PLAINTEXT
	security.providers = null
	send.buffer.bytes = 131072
	socket.connection.setup.timeout.max.ms = 30000
	socket.connection.setup.timeout.ms = 10000
	ssl.cipher.suites = null
	ssl.enabled.protocols = [TLSv1.2, TLSv1.3]
	ssl.endpoint.identification.algorithm = https
	ssl.engine.factory.class = null
	ssl.key.password = null
	ssl.keymanager.algorithm = SunX509
	ssl.keystore.certificate.chain = null
	ssl.keystore.key = null
	ssl.keystore.location = null
	ssl.keystore.password = null
	ssl.keystore.type = JKS
	ssl.protocol = TLSv1.3
	ssl.provider = null
	ssl.secure.random.implementation = null
	ssl.trustmanager.algorithm = PKIX
	ssl.truststore.certificates = null
	ssl.truststore.location = null
	ssl.truststore.password = null
	ssl.truststore.type = JKS
	transaction.timeout.ms = 60000
	transactional.id = null
	value.serializer = class io.apicurio.registry.serde.avro.AvroKafkaSerializer

2025-08-06 18:56:26,509 INFO  [org.apa.kaf.com.tel.int.KafkaMetricsCollector] (main) initializing Kafka metrics collector
2025-08-06 18:56:26,517 INFO  [org.apa.kaf.cli.pro.KafkaProducer] (main) [Producer clientId=Producer-topic-90a7064a_6953_46c1_872d_fbcf47424ac0] Instantiated an idempotent producer.
2025-08-06 18:56:26,519 INFO  [org.apa.kaf.cli.pro.ProducerConfig] (main) These configurations '[apicurio.registry.url, apicurio.registry.artifact-resolver-strategy]' were supplied but are not used yet.
2025-08-06 18:56:26,519 INFO  [org.apa.kaf.com.uti.AppInfoParser] (main) Kafka version: 3.9.1
2025-08-06 18:56:26,519 INFO  [org.apa.kaf.com.uti.AppInfoParser] (main) Kafka commitId: f745dfdcee2b9851
2025-08-06 18:56:26,519 INFO  [org.apa.kaf.com.uti.AppInfoParser] (main) Kafka startTimeMs: 1754506586519
2025-08-06 18:56:26,521 INFO  [io.api.tes.ser.api.KafkaSerdesTester] (Thread-688) Sending message {"key11754506575837": "value-0", "key21754506580558": "value-0"} to topic topic-90a7064a_6953_46c1_872d_fbcf47424ac0
2025-08-06 18:56:26,523 INFO  [org.apa.kaf.cli.Metadata] (kafka-producer-network-thread | Producer-topic-90a7064a_6953_46c1_872d_fbcf47424ac0) [Producer clientId=Producer-topic-90a7064a_6953_46c1_872d_fbcf47424ac0] Cluster ID: NyMRaTI5Q0SXQrlZpmr68g
2025-08-06 18:56:26,523 INFO  [DefaultSchemaResolver] (Thread-688) Retrieving schema content using string: {"type":"record","name":"se0157308x1c01x46cdxb2dbx4f5d7339e696","namespace":"ns_e2b697db_df8e_4c3e_9576_62fb55a37b2e","fields":[{"name":"key11754506575837","type":"string"},{"name":"key21754506580558","type":"string"}]}
2025-08-06 18:56:26,524 INFO  [org.apa.kaf.cli.pro.int.TransactionManager] (kafka-producer-network-thread | Producer-topic-90a7064a_6953_46c1_872d_fbcf47424ac0) [Producer clientId=Producer-topic-90a7064a_6953_46c1_872d_fbcf47424ac0] ProducerId set to 16 with epoch 0
2025-08-06 18:56:26,555 INFO  [io.api.tes.ser.api.KafkaSerdesTester] (Thread-688) Sending message {"key11754506575837": "value-1", "key21754506580558": "value-1"} to topic topic-90a7064a_6953_46c1_872d_fbcf47424ac0
2025-08-06 18:56:26,557 INFO  [io.api.tes.ser.api.KafkaSerdesTester] (Thread-688) Sending message {"key11754506575837": "value-2", "key21754506580558": "value-2"} to topic topic-90a7064a_6953_46c1_872d_fbcf47424ac0
2025-08-06 18:56:26,561 INFO  [io.api.tes.ser.api.KafkaSerdesTester] (Thread-688) Sending message {"key11754506575837": "value-3", "key21754506580558": "value-3"} to topic topic-90a7064a_6953_46c1_872d_fbcf47424ac0
2025-08-06 18:56:26,563 INFO  [io.api.tes.ser.api.KafkaSerdesTester] (Thread-688) Sending message {"key11754506575837": "value-4", "key21754506580558": "value-4"} to topic topic-90a7064a_6953_46c1_872d_fbcf47424ac0
2025-08-06 18:56:26,564 INFO  [io.api.tes.ser.api.KafkaSerdesTester] (Thread-688) Sending message {"key11754506575837": "value-5", "key21754506580558": "value-5"} to topic topic-90a7064a_6953_46c1_872d_fbcf47424ac0
2025-08-06 18:56:26,566 INFO  [io.api.tes.ser.api.KafkaSerdesTester] (Thread-688) Sending message {"key11754506575837": "value-6", "key21754506580558": "value-6"} to topic topic-90a7064a_6953_46c1_872d_fbcf47424ac0
2025-08-06 18:56:26,567 INFO  [io.api.tes.ser.api.KafkaSerdesTester] (Thread-688) Sending message {"key11754506575837": "value-7", "key21754506580558": "value-7"} to topic topic-90a7064a_6953_46c1_872d_fbcf47424ac0
2025-08-06 18:56:26,569 INFO  [io.api.tes.ser.api.KafkaSerdesTester] (Thread-688) Sending message {"key11754506575837": "value-8", "key21754506580558": "value-8"} to topic topic-90a7064a_6953_46c1_872d_fbcf47424ac0
2025-08-06 18:56:26,571 INFO  [io.api.tes.ser.api.KafkaSerdesTester] (Thread-688) Sending message {"key11754506575837": "value-9", "key21754506580558": "value-9"} to topic topic-90a7064a_6953_46c1_872d_fbcf47424ac0
2025-08-06 18:56:26,574 INFO  [io.api.tes.ser.api.KafkaSerdesTester] (Thread-688) Produced 10 messages
2025-08-06 18:56:26,574 INFO  [org.apa.kaf.cli.pro.KafkaProducer] (Thread-688) [Producer clientId=Producer-topic-90a7064a_6953_46c1_872d_fbcf47424ac0] Closing the Kafka producer with timeoutMillis = 9223372036854775807 ms.
2025-08-06 18:56:26,577 INFO  [org.apa.kaf.com.met.Metrics] (Thread-688) Metrics scheduler closed
2025-08-06 18:56:26,577 INFO  [org.apa.kaf.com.met.Metrics] (Thread-688) Closing reporter org.apache.kafka.common.metrics.JmxReporter
2025-08-06 18:56:26,577 INFO  [org.apa.kaf.com.met.Metrics] (Thread-688) Closing reporter org.apache.kafka.common.telemetry.internals.ClientTelemetryReporter
2025-08-06 18:56:26,577 INFO  [org.apa.kaf.com.met.Metrics] (Thread-688) Metrics reporters closed
2025-08-06 18:56:26,577 INFO  [org.apa.kaf.com.uti.AppInfoParser] (Thread-688) App info kafka.producer for Producer-topic-90a7064a_6953_46c1_872d_fbcf47424ac0 unregistered
**** Registry Base URL: http://registry-app-ksql047.apps.ci419.apicurio-testing.org:80
2025-08-06 18:56:26,578 INFO  [org.apa.kaf.cli.pro.ProducerConfig] (main) ProducerConfig values: 
	acks = -1
	auto.include.jmx.reporter = true
	batch.size = 16384
	bootstrap.servers = [PLAINTEXT://localhost:32769]
	buffer.memory = 33554432
	client.dns.lookup = use_all_dns_ips
	client.id = Producer-topic-90a7064a_6953_46c1_872d_fbcf47424ac0
	compression.gzip.level = -1
	compression.lz4.level = 9
	compression.type = none
	compression.zstd.level = 3
	connections.max.idle.ms = 10000
	delivery.timeout.ms = 120000
	enable.idempotence = true
	enable.metrics.push = true
	interceptor.classes = []
	key.serializer = class org.apache.kafka.common.serialization.StringSerializer
	linger.ms = 0
	max.block.ms = 60000
	max.in.flight.requests.per.connection = 5
	max.request.size = 1048576
	metadata.max.age.ms = 300000
	metadata.max.idle.ms = 300000
	metadata.recovery.strategy = none
	metric.reporters = []
	metrics.num.samples = 2
	metrics.recording.level = INFO
	metrics.sample.window.ms = 30000
	partitioner.adaptive.partitioning.enable = true
	partitioner.availability.timeout.ms = 0
	partitioner.class = null
	partitioner.ignore.keys = false
	receive.buffer.bytes = 32768
	reconnect.backoff.max.ms = 1000
	reconnect.backoff.ms = 50
	request.timeout.ms = 5000
	retries = 2147483647
	retry.backoff.max.ms = 1000
	retry.backoff.ms = 100
	sasl.client.callback.handler.class = null
	sasl.jaas.config = null
	sasl.kerberos.kinit.cmd = /usr/bin/kinit
	sasl.kerberos.min.time.before.relogin = 60000
	sasl.kerberos.service.name = null
	sasl.kerberos.ticket.renew.jitter = 0.05
	sasl.kerberos.ticket.renew.window.factor = 0.8
	sasl.login.callback.handler.class = null
	sasl.login.class = null
	sasl.login.connect.timeout.ms = null
	sasl.login.read.timeout.ms = null
	sasl.login.refresh.buffer.seconds = 300
	sasl.login.refresh.min.period.seconds = 60
	sasl.login.refresh.window.factor = 0.8
	sasl.login.refresh.window.jitter = 0.05
	sasl.login.retry.backoff.max.ms = 10000
	sasl.login.retry.backoff.ms = 100
	sasl.mechanism = GSSAPI
	sasl.oauthbearer.clock.skew.seconds = 30
	sasl.oauthbearer.expected.audience = null
	sasl.oauthbearer.expected.issuer = null
	sasl.oauthbearer.header.urlencode = false
	sasl.oauthbearer.jwks.endpoint.refresh.ms = 3600000
	sasl.oauthbearer.jwks.endpoint.retry.backoff.max.ms = 10000
	sasl.oauthbearer.jwks.endpoint.retry.backoff.ms = 100
	sasl.oauthbearer.jwks.endpoint.url = null
	sasl.oauthbearer.scope.claim.name = scope
	sasl.oauthbearer.sub.claim.name = sub
	sasl.oauthbearer.token.endpoint.url = null
	security.protocol = PLAINTEXT
	security.providers = null
	send.buffer.bytes = 131072
	socket.connection.setup.timeout.max.ms = 30000
	socket.connection.setup.timeout.ms = 10000
	ssl.cipher.suites = null
	ssl.enabled.protocols = [TLSv1.2, TLSv1.3]
	ssl.endpoint.identification.algorithm = https
	ssl.engine.factory.class = null
	ssl.key.password = null
	ssl.keymanager.algorithm = SunX509
	ssl.keystore.certificate.chain = null
	ssl.keystore.key = null
	ssl.keystore.location = null
	ssl.keystore.password = null
	ssl.keystore.type = JKS
	ssl.protocol = TLSv1.3
	ssl.provider = null
	ssl.secure.random.implementation = null
	ssl.trustmanager.algorithm = PKIX
	ssl.truststore.certificates = null
	ssl.truststore.location = null
	ssl.truststore.password = null
	ssl.truststore.type = JKS
	transaction.timeout.ms = 60000
	transactional.id = null
	value.serializer = class io.apicurio.registry.serde.avro.AvroKafkaSerializer

2025-08-06 18:56:26,578 INFO  [org.apa.kaf.com.tel.int.KafkaMetricsCollector] (main) initializing Kafka metrics collector
2025-08-06 18:56:26,583 INFO  [org.apa.kaf.cli.pro.KafkaProducer] (main) [Producer clientId=Producer-topic-90a7064a_6953_46c1_872d_fbcf47424ac0] Instantiated an idempotent producer.
2025-08-06 18:56:26,586 INFO  [org.apa.kaf.cli.pro.ProducerConfig] (main) These configurations '[apicurio.registry.url, apicurio.registry.artifact-resolver-strategy]' were supplied but are not used yet.
2025-08-06 18:56:26,587 INFO  [org.apa.kaf.com.uti.AppInfoParser] (main) Kafka version: 3.9.1
2025-08-06 18:56:26,587 INFO  [org.apa.kaf.com.uti.AppInfoParser] (main) Kafka commitId: f745dfdcee2b9851
2025-08-06 18:56:26,587 INFO  [org.apa.kaf.com.uti.AppInfoParser] (main) Kafka startTimeMs: 1754506586586
2025-08-06 18:56:26,589 INFO  [io.api.tes.ser.api.KafkaSerdesTester] (Thread-691) Sending message {"key11754506575837": "value-0"} to topic topic-90a7064a_6953_46c1_872d_fbcf47424ac0
2025-08-06 18:56:26,594 INFO  [org.apa.kaf.cli.Metadata] (kafka-producer-network-thread | Producer-topic-90a7064a_6953_46c1_872d_fbcf47424ac0) [Producer clientId=Producer-topic-90a7064a_6953_46c1_872d_fbcf47424ac0] Cluster ID: NyMRaTI5Q0SXQrlZpmr68g
2025-08-06 18:56:26,594 INFO  [org.apa.kaf.cli.pro.int.TransactionManager] (kafka-producer-network-thread | Producer-topic-90a7064a_6953_46c1_872d_fbcf47424ac0) [Producer clientId=Producer-topic-90a7064a_6953_46c1_872d_fbcf47424ac0] ProducerId set to 17 with epoch 0
2025-08-06 18:56:26,595 INFO  [DefaultSchemaResolver] (Thread-691) Retrieving schema content using string: {"type":"record","name":"se0157308x1c01x46cdxb2dbx4f5d7339e696","namespace":"ns_e2b697db_df8e_4c3e_9576_62fb55a37b2e","fields":[{"name":"key11754506575837","type":"string"}]}
2025-08-06 18:56:26,628 INFO  [io.api.tes.ser.api.KafkaSerdesTester] (Thread-691) Sending message {"key11754506575837": "value-1"} to topic topic-90a7064a_6953_46c1_872d_fbcf47424ac0
2025-08-06 18:56:26,631 INFO  [io.api.tes.ser.api.KafkaSerdesTester] (Thread-691) Sending message {"key11754506575837": "value-2"} to topic topic-90a7064a_6953_46c1_872d_fbcf47424ac0
2025-08-06 18:56:26,632 INFO  [io.api.tes.ser.api.KafkaSerdesTester] (Thread-691) Sending message {"key11754506575837": "value-3"} to topic topic-90a7064a_6953_46c1_872d_fbcf47424ac0
2025-08-06 18:56:26,634 INFO  [io.api.tes.ser.api.KafkaSerdesTester] (Thread-691) Sending message {"key11754506575837": "value-4"} to topic topic-90a7064a_6953_46c1_872d_fbcf47424ac0
2025-08-06 18:56:26,635 INFO  [io.api.tes.ser.api.KafkaSerdesTester] (Thread-691) Sending message {"key11754506575837": "value-5"} to topic topic-90a7064a_6953_46c1_872d_fbcf47424ac0
2025-08-06 18:56:26,636 INFO  [io.api.tes.ser.api.KafkaSerdesTester] (Thread-691) Sending message {"key11754506575837": "value-6"} to topic topic-90a7064a_6953_46c1_872d_fbcf47424ac0
2025-08-06 18:56:26,637 INFO  [io.api.tes.ser.api.KafkaSerdesTester] (Thread-691) Sending message {"key11754506575837": "value-7"} to topic topic-90a7064a_6953_46c1_872d_fbcf47424ac0
2025-08-06 18:56:26,638 INFO  [io.api.tes.ser.api.KafkaSerdesTester] (Thread-691) Sending message {"key11754506575837": "value-8"} to topic topic-90a7064a_6953_46c1_872d_fbcf47424ac0
2025-08-06 18:56:26,639 INFO  [io.api.tes.ser.api.KafkaSerdesTester] (Thread-691) Sending message {"key11754506575837": "value-9"} to topic topic-90a7064a_6953_46c1_872d_fbcf47424ac0
2025-08-06 18:56:26,641 INFO  [io.api.tes.ser.api.KafkaSerdesTester] (Thread-691) Produced 10 messages
2025-08-06 18:56:26,641 INFO  [org.apa.kaf.cli.pro.KafkaProducer] (Thread-691) [Producer clientId=Producer-topic-90a7064a_6953_46c1_872d_fbcf47424ac0] Closing the Kafka producer with timeoutMillis = 9223372036854775807 ms.
2025-08-06 18:56:26,644 INFO  [org.apa.kaf.com.met.Metrics] (Thread-691) Metrics scheduler closed
2025-08-06 18:56:26,644 INFO  [org.apa.kaf.com.met.Metrics] (Thread-691) Closing reporter org.apache.kafka.common.metrics.JmxReporter
2025-08-06 18:56:26,644 INFO  [org.apa.kaf.com.met.Metrics] (Thread-691) Closing reporter org.apache.kafka.common.telemetry.internals.ClientTelemetryReporter
2025-08-06 18:56:26,644 INFO  [org.apa.kaf.com.met.Metrics] (Thread-691) Metrics reporters closed
2025-08-06 18:56:26,644 INFO  [org.apa.kaf.com.uti.AppInfoParser] (Thread-691) App info kafka.producer for Producer-topic-90a7064a_6953_46c1_872d_fbcf47424ac0 unregistered
**** Registry Base URL: http://registry-app-ksql047.apps.ci419.apicurio-testing.org:80
2025-08-06 18:56:26,645 INFO  [org.apa.kaf.cli.con.ConsumerConfig] (main) ConsumerConfig values: 
	allow.auto.create.topics = true
	auto.commit.interval.ms = 500
	auto.include.jmx.reporter = true
	auto.offset.reset = earliest
	bootstrap.servers = [PLAINTEXT://localhost:32769]
	check.crcs = true
	client.dns.lookup = use_all_dns_ips
	client.id = consumer-Consumer-topic-90a7064a_6953_46c1_872d_fbcf47424ac0-12
	client.rack = 
	connections.max.idle.ms = 10000
	default.api.timeout.ms = 60000
	enable.auto.commit = true
	enable.metrics.push = true
	exclude.internal.topics = true
	fetch.max.bytes = 52428800
	fetch.max.wait.ms = 500
	fetch.min.bytes = 1
	group.id = Consumer-topic-90a7064a_6953_46c1_872d_fbcf47424ac0
	group.instance.id = null
	group.protocol = classic
	group.remote.assignor = null
	heartbeat.interval.ms = 3000
	interceptor.classes = []
	internal.leave.group.on.close = true
	internal.throw.on.fetch.stable.offset.unsupported = false
	isolation.level = read_uncommitted
	key.deserializer = class org.apache.kafka.common.serialization.StringDeserializer
	max.partition.fetch.bytes = 1048576
	max.poll.interval.ms = 300000
	max.poll.records = 500
	metadata.max.age.ms = 300000
	metadata.recovery.strategy = none
	metric.reporters = []
	metrics.num.samples = 2
	metrics.recording.level = INFO
	metrics.sample.window.ms = 30000
	partition.assignment.strategy = [class org.apache.kafka.clients.consumer.RangeAssignor, class org.apache.kafka.clients.consumer.CooperativeStickyAssignor]
	receive.buffer.bytes = 65536
	reconnect.backoff.max.ms = 1000
	reconnect.backoff.ms = 50
	request.timeout.ms = 5000
	retry.backoff.max.ms = 1000
	retry.backoff.ms = 100
	sasl.client.callback.handler.class = null
	sasl.jaas.config = null
	sasl.kerberos.kinit.cmd = /usr/bin/kinit
	sasl.kerberos.min.time.before.relogin = 60000
	sasl.kerberos.service.name = null
	sasl.kerberos.ticket.renew.jitter = 0.05
	sasl.kerberos.ticket.renew.window.factor = 0.8
	sasl.login.callback.handler.class = null
	sasl.login.class = null
	sasl.login.connect.timeout.ms = null
	sasl.login.read.timeout.ms = null
	sasl.login.refresh.buffer.seconds = 300
	sasl.login.refresh.min.period.seconds = 60
	sasl.login.refresh.window.factor = 0.8
	sasl.login.refresh.window.jitter = 0.05
	sasl.login.retry.backoff.max.ms = 10000
	sasl.login.retry.backoff.ms = 100
	sasl.mechanism = GSSAPI
	sasl.oauthbearer.clock.skew.seconds = 30
	sasl.oauthbearer.expected.audience = null
	sasl.oauthbearer.expected.issuer = null
	sasl.oauthbearer.header.urlencode = false
	sasl.oauthbearer.jwks.endpoint.refresh.ms = 3600000
	sasl.oauthbearer.jwks.endpoint.retry.backoff.max.ms = 10000
	sasl.oauthbearer.jwks.endpoint.retry.backoff.ms = 100
	sasl.oauthbearer.jwks.endpoint.url = null
	sasl.oauthbearer.scope.claim.name = scope
	sasl.oauthbearer.sub.claim.name = sub
	sasl.oauthbearer.token.endpoint.url = null
	security.protocol = PLAINTEXT
	security.providers = null
	send.buffer.bytes = 131072
	session.timeout.ms = 45000
	socket.connection.setup.timeout.max.ms = 30000
	socket.connection.setup.timeout.ms = 10000
	ssl.cipher.suites = null
	ssl.enabled.protocols = [TLSv1.2, TLSv1.3]
	ssl.endpoint.identification.algorithm = https
	ssl.engine.factory.class = null
	ssl.key.password = null
	ssl.keymanager.algorithm = SunX509
	ssl.keystore.certificate.chain = null
	ssl.keystore.key = null
	ssl.keystore.location = null
	ssl.keystore.password = null
	ssl.keystore.type = JKS
	ssl.protocol = TLSv1.3
	ssl.provider = null
	ssl.secure.random.implementation = null
	ssl.trustmanager.algorithm = PKIX
	ssl.truststore.certificates = null
	ssl.truststore.location = null
	ssl.truststore.password = null
	ssl.truststore.type = JKS
	value.deserializer = class io.apicurio.registry.serde.avro.AvroKafkaDeserializer

2025-08-06 18:56:26,645 INFO  [org.apa.kaf.com.tel.int.KafkaMetricsCollector] (main) initializing Kafka metrics collector
2025-08-06 18:56:26,651 INFO  [org.apa.kaf.cli.con.ConsumerConfig] (main) These configurations '[apicurio.registry.url]' were supplied but are not used yet.
2025-08-06 18:56:26,652 INFO  [org.apa.kaf.com.uti.AppInfoParser] (main) Kafka version: 3.9.1
2025-08-06 18:56:26,652 INFO  [org.apa.kaf.com.uti.AppInfoParser] (main) Kafka commitId: f745dfdcee2b9851
2025-08-06 18:56:26,652 INFO  [org.apa.kaf.com.uti.AppInfoParser] (main) Kafka startTimeMs: 1754506586651
2025-08-06 18:56:26,652 INFO  [org.apa.kaf.cli.con.int.ClassicKafkaConsumer] (Thread-694) [Consumer clientId=consumer-Consumer-topic-90a7064a_6953_46c1_872d_fbcf47424ac0-12, groupId=Consumer-topic-90a7064a_6953_46c1_872d_fbcf47424ac0] Subscribed to topic(s): topic-90a7064a_6953_46c1_872d_fbcf47424ac0
2025-08-06 18:56:26,656 INFO  [org.apa.kaf.cli.Metadata] (Thread-694) [Consumer clientId=consumer-Consumer-topic-90a7064a_6953_46c1_872d_fbcf47424ac0-12, groupId=Consumer-topic-90a7064a_6953_46c1_872d_fbcf47424ac0] Cluster ID: NyMRaTI5Q0SXQrlZpmr68g
2025-08-06 18:56:26,656 INFO  [org.apa.kaf.cli.con.int.ConsumerCoordinator] (Thread-694) [Consumer clientId=consumer-Consumer-topic-90a7064a_6953_46c1_872d_fbcf47424ac0-12, groupId=Consumer-topic-90a7064a_6953_46c1_872d_fbcf47424ac0] Discovered group coordinator localhost:32769 (id: 2147483647 rack: null)
2025-08-06 18:56:26,657 INFO  [org.apa.kaf.cli.con.int.ConsumerCoordinator] (Thread-694) [Consumer clientId=consumer-Consumer-topic-90a7064a_6953_46c1_872d_fbcf47424ac0-12, groupId=Consumer-topic-90a7064a_6953_46c1_872d_fbcf47424ac0] (Re-)joining group
2025-08-06 18:56:26,660 INFO  [org.apa.kaf.cli.con.int.ConsumerCoordinator] (Thread-694) [Consumer clientId=consumer-Consumer-topic-90a7064a_6953_46c1_872d_fbcf47424ac0-12, groupId=Consumer-topic-90a7064a_6953_46c1_872d_fbcf47424ac0] Request joining group due to: need to re-join with the given member-id: consumer-Consumer-topic-90a7064a_6953_46c1_872d_fbcf47424ac0-12-bc4978f0-b203-4078-845e-63748f84347c
2025-08-06 18:56:26,660 INFO  [org.apa.kaf.cli.con.int.ConsumerCoordinator] (Thread-694) [Consumer clientId=consumer-Consumer-topic-90a7064a_6953_46c1_872d_fbcf47424ac0-12, groupId=Consumer-topic-90a7064a_6953_46c1_872d_fbcf47424ac0] (Re-)joining group
2025-08-06 18:56:27,652 INFO  [io.api.tes.ser.api.KafkaSerdesTester] (Thread-694) None found
2025-08-06 18:56:28,652 INFO  [io.api.tes.ser.api.KafkaSerdesTester] (Thread-694) None found
2025-08-06 18:56:29,653 INFO  [io.api.tes.ser.api.KafkaSerdesTester] (Thread-694) None found
2025-08-06 18:56:29,661 INFO  [org.apa.kaf.cli.con.int.ConsumerCoordinator] (Thread-694) [Consumer clientId=consumer-Consumer-topic-90a7064a_6953_46c1_872d_fbcf47424ac0-12, groupId=Consumer-topic-90a7064a_6953_46c1_872d_fbcf47424ac0] Successfully joined group with generation Generation{generationId=5, memberId='consumer-Consumer-topic-90a7064a_6953_46c1_872d_fbcf47424ac0-12-bc4978f0-b203-4078-845e-63748f84347c', protocol='range'}
2025-08-06 18:56:29,662 INFO  [org.apa.kaf.cli.con.int.ConsumerCoordinator] (Thread-694) [Consumer clientId=consumer-Consumer-topic-90a7064a_6953_46c1_872d_fbcf47424ac0-12, groupId=Consumer-topic-90a7064a_6953_46c1_872d_fbcf47424ac0] Finished assignment for group at generation 5: {consumer-Consumer-topic-90a7064a_6953_46c1_872d_fbcf47424ac0-12-bc4978f0-b203-4078-845e-63748f84347c=Assignment(partitions=[topic-90a7064a_6953_46c1_872d_fbcf47424ac0-0])}
2025-08-06 18:56:29,668 INFO  [org.apa.kaf.cli.con.int.ConsumerCoordinator] (Thread-694) [Consumer clientId=consumer-Consumer-topic-90a7064a_6953_46c1_872d_fbcf47424ac0-12, groupId=Consumer-topic-90a7064a_6953_46c1_872d_fbcf47424ac0] Successfully synced group in generation Generation{generationId=5, memberId='consumer-Consumer-topic-90a7064a_6953_46c1_872d_fbcf47424ac0-12-bc4978f0-b203-4078-845e-63748f84347c', protocol='range'}
2025-08-06 18:56:29,668 INFO  [org.apa.kaf.cli.con.int.ConsumerCoordinator] (Thread-694) [Consumer clientId=consumer-Consumer-topic-90a7064a_6953_46c1_872d_fbcf47424ac0-12, groupId=Consumer-topic-90a7064a_6953_46c1_872d_fbcf47424ac0] Notifying assignor about the new Assignment(partitions=[topic-90a7064a_6953_46c1_872d_fbcf47424ac0-0])
2025-08-06 18:56:29,669 INFO  [org.apa.kaf.cli.con.int.ConsumerRebalanceListenerInvoker] (Thread-694) [Consumer clientId=consumer-Consumer-topic-90a7064a_6953_46c1_872d_fbcf47424ac0-12, groupId=Consumer-topic-90a7064a_6953_46c1_872d_fbcf47424ac0] Adding newly assigned partitions: topic-90a7064a_6953_46c1_872d_fbcf47424ac0-0
2025-08-06 18:56:29,669 INFO  [org.apa.kaf.cli.con.int.ConsumerUtils] (Thread-694) Setting offset for partition topic-90a7064a_6953_46c1_872d_fbcf47424ac0-0 to the committed offset FetchPosition{offset=30, offsetEpoch=Optional[0], currentLeader=LeaderAndEpoch{leader=Optional[localhost:32769 (id: 0 rack: null)], epoch=0}}
2025-08-06 18:56:29,756 INFO  [io.api.tes.ser.api.KafkaSerdesTester] (Thread-694) topic-90a7064a_6953_46c1_872d_fbcf47424ac0 0 30 {"key11754506575837": "value-0", "key21754506580558": "value-0", "key31754506585373": "value-0"}
2025-08-06 18:56:29,756 INFO  [io.api.tes.ser.api.KafkaSerdesTester] (Thread-694) topic-90a7064a_6953_46c1_872d_fbcf47424ac0 0 31 {"key11754506575837": "value-1", "key21754506580558": "value-1", "key31754506585373": "value-1"}
2025-08-06 18:56:29,757 INFO  [io.api.tes.ser.api.KafkaSerdesTester] (Thread-694) topic-90a7064a_6953_46c1_872d_fbcf47424ac0 0 32 {"key11754506575837": "value-2", "key21754506580558": "value-2", "key31754506585373": "value-2"}
2025-08-06 18:56:29,757 INFO  [io.api.tes.ser.api.KafkaSerdesTester] (Thread-694) topic-90a7064a_6953_46c1_872d_fbcf47424ac0 0 33 {"key11754506575837": "value-3", "key21754506580558": "value-3", "key31754506585373": "value-3"}
2025-08-06 18:56:29,757 INFO  [io.api.tes.ser.api.KafkaSerdesTester] (Thread-694) topic-90a7064a_6953_46c1_872d_fbcf47424ac0 0 34 {"key11754506575837": "value-4", "key21754506580558": "value-4", "key31754506585373": "value-4"}
2025-08-06 18:56:29,757 INFO  [io.api.tes.ser.api.KafkaSerdesTester] (Thread-694) topic-90a7064a_6953_46c1_872d_fbcf47424ac0 0 35 {"key11754506575837": "value-5", "key21754506580558": "value-5", "key31754506585373": "value-5"}
2025-08-06 18:56:29,757 INFO  [io.api.tes.ser.api.KafkaSerdesTester] (Thread-694) topic-90a7064a_6953_46c1_872d_fbcf47424ac0 0 36 {"key11754506575837": "value-6", "key21754506580558": "value-6", "key31754506585373": "value-6"}
2025-08-06 18:56:29,757 INFO  [io.api.tes.ser.api.KafkaSerdesTester] (Thread-694) topic-90a7064a_6953_46c1_872d_fbcf47424ac0 0 37 {"key11754506575837": "value-7", "key21754506580558": "value-7", "key31754506585373": "value-7"}
2025-08-06 18:56:29,757 INFO  [io.api.tes.ser.api.KafkaSerdesTester] (Thread-694) topic-90a7064a_6953_46c1_872d_fbcf47424ac0 0 38 {"key11754506575837": "value-8", "key21754506580558": "value-8", "key31754506585373": "value-8"}
2025-08-06 18:56:29,757 INFO  [io.api.tes.ser.api.KafkaSerdesTester] (Thread-694) topic-90a7064a_6953_46c1_872d_fbcf47424ac0 0 39 {"key11754506575837": "value-9", "key21754506580558": "value-9", "key31754506585373": "value-9"}
2025-08-06 18:56:29,757 INFO  [io.api.tes.ser.api.KafkaSerdesTester] (Thread-694) topic-90a7064a_6953_46c1_872d_fbcf47424ac0 0 40 {"key11754506575837": "value-0", "key21754506580558": "value-0"}
2025-08-06 18:56:29,757 INFO  [io.api.tes.ser.api.KafkaSerdesTester] (Thread-694) topic-90a7064a_6953_46c1_872d_fbcf47424ac0 0 41 {"key11754506575837": "value-1", "key21754506580558": "value-1"}
2025-08-06 18:56:29,757 INFO  [io.api.tes.ser.api.KafkaSerdesTester] (Thread-694) topic-90a7064a_6953_46c1_872d_fbcf47424ac0 0 42 {"key11754506575837": "value-2", "key21754506580558": "value-2"}
2025-08-06 18:56:29,757 INFO  [io.api.tes.ser.api.KafkaSerdesTester] (Thread-694) topic-90a7064a_6953_46c1_872d_fbcf47424ac0 0 43 {"key11754506575837": "value-3", "key21754506580558": "value-3"}
2025-08-06 18:56:29,757 INFO  [io.api.tes.ser.api.KafkaSerdesTester] (Thread-694) topic-90a7064a_6953_46c1_872d_fbcf47424ac0 0 44 {"key11754506575837": "value-4", "key21754506580558": "value-4"}
2025-08-06 18:56:29,757 INFO  [io.api.tes.ser.api.KafkaSerdesTester] (Thread-694) topic-90a7064a_6953_46c1_872d_fbcf47424ac0 0 45 {"key11754506575837": "value-5", "key21754506580558": "value-5"}
2025-08-06 18:56:29,757 INFO  [io.api.tes.ser.api.KafkaSerdesTester] (Thread-694) topic-90a7064a_6953_46c1_872d_fbcf47424ac0 0 46 {"key11754506575837": "value-6", "key21754506580558": "value-6"}
2025-08-06 18:56:29,757 INFO  [io.api.tes.ser.api.KafkaSerdesTester] (Thread-694) topic-90a7064a_6953_46c1_872d_fbcf47424ac0 0 47 {"key11754506575837": "value-7", "key21754506580558": "value-7"}
2025-08-06 18:56:29,757 INFO  [io.api.tes.ser.api.KafkaSerdesTester] (Thread-694) topic-90a7064a_6953_46c1_872d_fbcf47424ac0 0 48 {"key11754506575837": "value-8", "key21754506580558": "value-8"}
2025-08-06 18:56:29,757 INFO  [io.api.tes.ser.api.KafkaSerdesTester] (Thread-694) topic-90a7064a_6953_46c1_872d_fbcf47424ac0 0 49 {"key11754506575837": "value-9", "key21754506580558": "value-9"}
2025-08-06 18:56:29,758 INFO  [io.api.tes.ser.api.KafkaSerdesTester] (Thread-694) topic-90a7064a_6953_46c1_872d_fbcf47424ac0 0 50 {"key11754506575837": "value-0"}
2025-08-06 18:56:29,758 INFO  [io.api.tes.ser.api.KafkaSerdesTester] (Thread-694) topic-90a7064a_6953_46c1_872d_fbcf47424ac0 0 51 {"key11754506575837": "value-1"}
2025-08-06 18:56:29,758 INFO  [io.api.tes.ser.api.KafkaSerdesTester] (Thread-694) topic-90a7064a_6953_46c1_872d_fbcf47424ac0 0 52 {"key11754506575837": "value-2"}
2025-08-06 18:56:29,758 INFO  [io.api.tes.ser.api.KafkaSerdesTester] (Thread-694) topic-90a7064a_6953_46c1_872d_fbcf47424ac0 0 53 {"key11754506575837": "value-3"}
2025-08-06 18:56:29,758 INFO  [io.api.tes.ser.api.KafkaSerdesTester] (Thread-694) topic-90a7064a_6953_46c1_872d_fbcf47424ac0 0 54 {"key11754506575837": "value-4"}
2025-08-06 18:56:29,758 INFO  [io.api.tes.ser.api.KafkaSerdesTester] (Thread-694) topic-90a7064a_6953_46c1_872d_fbcf47424ac0 0 55 {"key11754506575837": "value-5"}
2025-08-06 18:56:29,758 INFO  [io.api.tes.ser.api.KafkaSerdesTester] (Thread-694) topic-90a7064a_6953_46c1_872d_fbcf47424ac0 0 56 {"key11754506575837": "value-6"}
2025-08-06 18:56:29,758 INFO  [io.api.tes.ser.api.KafkaSerdesTester] (Thread-694) topic-90a7064a_6953_46c1_872d_fbcf47424ac0 0 57 {"key11754506575837": "value-7"}
2025-08-06 18:56:29,758 INFO  [io.api.tes.ser.api.KafkaSerdesTester] (Thread-694) topic-90a7064a_6953_46c1_872d_fbcf47424ac0 0 58 {"key11754506575837": "value-8"}
2025-08-06 18:56:29,758 INFO  [io.api.tes.ser.api.KafkaSerdesTester] (Thread-694) topic-90a7064a_6953_46c1_872d_fbcf47424ac0 0 59 {"key11754506575837": "value-9"}
2025-08-06 18:56:29,758 INFO  [io.api.tes.ser.api.KafkaSerdesTester] (Thread-694) Consumed 30 messages
2025-08-06 18:56:29,765 INFO  [org.apa.kaf.cli.con.int.ConsumerRebalanceListenerInvoker] (Thread-694) [Consumer clientId=consumer-Consumer-topic-90a7064a_6953_46c1_872d_fbcf47424ac0-12, groupId=Consumer-topic-90a7064a_6953_46c1_872d_fbcf47424ac0] Revoke previously assigned partitions topic-90a7064a_6953_46c1_872d_fbcf47424ac0-0
2025-08-06 18:56:29,765 INFO  [org.apa.kaf.cli.con.int.ConsumerCoordinator] (Thread-694) [Consumer clientId=consumer-Consumer-topic-90a7064a_6953_46c1_872d_fbcf47424ac0-12, groupId=Consumer-topic-90a7064a_6953_46c1_872d_fbcf47424ac0] Member consumer-Consumer-topic-90a7064a_6953_46c1_872d_fbcf47424ac0-12-bc4978f0-b203-4078-845e-63748f84347c sending LeaveGroup request to coordinator localhost:32769 (id: 2147483647 rack: null) due to the consumer is being closed
2025-08-06 18:56:29,765 INFO  [org.apa.kaf.cli.con.int.ConsumerCoordinator] (Thread-694) [Consumer clientId=consumer-Consumer-topic-90a7064a_6953_46c1_872d_fbcf47424ac0-12, groupId=Consumer-topic-90a7064a_6953_46c1_872d_fbcf47424ac0] Resetting generation and member id due to: consumer pro-actively leaving the group
2025-08-06 18:56:29,765 INFO  [org.apa.kaf.cli.con.int.ConsumerCoordinator] (Thread-694) [Consumer clientId=consumer-Consumer-topic-90a7064a_6953_46c1_872d_fbcf47424ac0-12, groupId=Consumer-topic-90a7064a_6953_46c1_872d_fbcf47424ac0] Request joining group due to: consumer pro-actively leaving the group
2025-08-06 18:56:30,260 INFO  [org.apa.kaf.com.met.Metrics] (Thread-694) Metrics scheduler closed
2025-08-06 18:56:30,260 INFO  [org.apa.kaf.com.met.Metrics] (Thread-694) Closing reporter org.apache.kafka.common.metrics.JmxReporter
2025-08-06 18:56:30,260 INFO  [org.apa.kaf.com.met.Metrics] (Thread-694) Closing reporter org.apache.kafka.common.telemetry.internals.ClientTelemetryReporter
2025-08-06 18:56:30,260 INFO  [org.apa.kaf.com.met.Metrics] (Thread-694) Metrics reporters closed
2025-08-06 18:56:30,263 INFO  [org.apa.kaf.com.uti.AppInfoParser] (Thread-694) App info kafka.consumer for consumer-Consumer-topic-90a7064a_6953_46c1_872d_fbcf47424ac0-12 unregistered
2025-08-06 18:56:30,263 INFO  [org.apa.kaf.cli.pro.KafkaProducer] (main) [Producer clientId=Producer-topic-90a7064a_6953_46c1_872d_fbcf47424ac0] Closing the Kafka producer with timeoutMillis = 9223372036854775807 ms.
2025-08-06 18:56:30,263 INFO  [org.apa.kaf.com.met.Metrics] (main) Metrics scheduler closed
2025-08-06 18:56:30,263 INFO  [org.apa.kaf.com.met.Metrics] (main) Closing reporter org.apache.kafka.common.metrics.JmxReporter
2025-08-06 18:56:30,263 INFO  [org.apa.kaf.com.met.Metrics] (main) Closing reporter org.apache.kafka.common.telemetry.internals.ClientTelemetryReporter
2025-08-06 18:56:30,263 INFO  [org.apa.kaf.com.met.Metrics] (main) Metrics reporters closed
2025-08-06 18:56:30,263 INFO  [org.apa.kaf.com.uti.AppInfoParser] (main) App info kafka.producer for Producer-topic-90a7064a_6953_46c1_872d_fbcf47424ac0 unregistered
2025-08-06 18:56:30,263 INFO  [io.api.tes.uti.TestSeparator] (main) io.apicurio.tests.serdes.apicurio.AvroSerdeIT.testEvolveAvroApicurio-FINISHED
2025-08-06 18:56:30,263 INFO  [io.api.tes.uti.TestSeparator] (main) ############################################################################
Test passed: testEvolveAvroApicurio
]]></system-out>
  </testcase>
  <testcase name="testTopicRecordIdStrategydFindLatest" classname="io.apicurio.tests.serdes.apicurio.AvroSerdeIT" time="4.73">
    <system-out><![CDATA[2025-08-06 18:56:30,266 INFO  [io.api.tes.uti.TestSeparator] (main) ############################################################################
2025-08-06 18:56:30,266 INFO  [io.api.tes.uti.TestSeparator] (main) io.apicurio.tests.serdes.apicurio.AvroSerdeIT.testTopicRecordIdStrategydFindLatest-STARTED
2025-08-06 18:56:30,270 INFO  [io.api.tes.ser.api.AvroSerdeIT] (main) Registering Avro Schema: {"type":"record","name":"s65c4fcb1x16dcx4e9axbce4x044e5381abd9","namespace":"sdc896a79xe136x474ax8b37x8e60742a5ca1","fields":[{"name":"key11754506590269","type":"string"}]}
**** Registry Base URL: http://registry-app-ksql047.apps.ci419.apicurio-testing.org:80
2025-08-06 18:56:31,340 INFO  [org.apa.kaf.cli.pro.ProducerConfig] (main) ProducerConfig values: 
	acks = -1
	auto.include.jmx.reporter = true
	batch.size = 16384
	bootstrap.servers = [PLAINTEXT://localhost:32769]
	buffer.memory = 33554432
	client.dns.lookup = use_all_dns_ips
	client.id = Producer-topic-b8e9a1cc_fb86_4803_85dc_579b048b18ff
	compression.gzip.level = -1
	compression.lz4.level = 9
	compression.type = none
	compression.zstd.level = 3
	connections.max.idle.ms = 10000
	delivery.timeout.ms = 120000
	enable.idempotence = true
	enable.metrics.push = true
	interceptor.classes = []
	key.serializer = class org.apache.kafka.common.serialization.StringSerializer
	linger.ms = 0
	max.block.ms = 60000
	max.in.flight.requests.per.connection = 5
	max.request.size = 1048576
	metadata.max.age.ms = 300000
	metadata.max.idle.ms = 300000
	metadata.recovery.strategy = none
	metric.reporters = []
	metrics.num.samples = 2
	metrics.recording.level = INFO
	metrics.sample.window.ms = 30000
	partitioner.adaptive.partitioning.enable = true
	partitioner.availability.timeout.ms = 0
	partitioner.class = null
	partitioner.ignore.keys = false
	receive.buffer.bytes = 32768
	reconnect.backoff.max.ms = 1000
	reconnect.backoff.ms = 50
	request.timeout.ms = 5000
	retries = 2147483647
	retry.backoff.max.ms = 1000
	retry.backoff.ms = 100
	sasl.client.callback.handler.class = null
	sasl.jaas.config = null
	sasl.kerberos.kinit.cmd = /usr/bin/kinit
	sasl.kerberos.min.time.before.relogin = 60000
	sasl.kerberos.service.name = null
	sasl.kerberos.ticket.renew.jitter = 0.05
	sasl.kerberos.ticket.renew.window.factor = 0.8
	sasl.login.callback.handler.class = null
	sasl.login.class = null
	sasl.login.connect.timeout.ms = null
	sasl.login.read.timeout.ms = null
	sasl.login.refresh.buffer.seconds = 300
	sasl.login.refresh.min.period.seconds = 60
	sasl.login.refresh.window.factor = 0.8
	sasl.login.refresh.window.jitter = 0.05
	sasl.login.retry.backoff.max.ms = 10000
	sasl.login.retry.backoff.ms = 100
	sasl.mechanism = GSSAPI
	sasl.oauthbearer.clock.skew.seconds = 30
	sasl.oauthbearer.expected.audience = null
	sasl.oauthbearer.expected.issuer = null
	sasl.oauthbearer.header.urlencode = false
	sasl.oauthbearer.jwks.endpoint.refresh.ms = 3600000
	sasl.oauthbearer.jwks.endpoint.retry.backoff.max.ms = 10000
	sasl.oauthbearer.jwks.endpoint.retry.backoff.ms = 100
	sasl.oauthbearer.jwks.endpoint.url = null
	sasl.oauthbearer.scope.claim.name = scope
	sasl.oauthbearer.sub.claim.name = sub
	sasl.oauthbearer.token.endpoint.url = null
	security.protocol = PLAINTEXT
	security.providers = null
	send.buffer.bytes = 131072
	socket.connection.setup.timeout.max.ms = 30000
	socket.connection.setup.timeout.ms = 10000
	ssl.cipher.suites = null
	ssl.enabled.protocols = [TLSv1.2, TLSv1.3]
	ssl.endpoint.identification.algorithm = https
	ssl.engine.factory.class = null
	ssl.key.password = null
	ssl.keymanager.algorithm = SunX509
	ssl.keystore.certificate.chain = null
	ssl.keystore.key = null
	ssl.keystore.location = null
	ssl.keystore.password = null
	ssl.keystore.type = JKS
	ssl.protocol = TLSv1.3
	ssl.provider = null
	ssl.secure.random.implementation = null
	ssl.trustmanager.algorithm = PKIX
	ssl.truststore.certificates = null
	ssl.truststore.location = null
	ssl.truststore.password = null
	ssl.truststore.type = JKS
	transaction.timeout.ms = 60000
	transactional.id = null
	value.serializer = class io.apicurio.registry.serde.avro.AvroKafkaSerializer

2025-08-06 18:56:31,340 INFO  [org.apa.kaf.com.tel.int.KafkaMetricsCollector] (main) initializing Kafka metrics collector
2025-08-06 18:56:31,342 INFO  [org.apa.kaf.cli.pro.KafkaProducer] (main) [Producer clientId=Producer-topic-b8e9a1cc_fb86_4803_85dc_579b048b18ff] Instantiated an idempotent producer.
2025-08-06 18:56:31,345 INFO  [org.apa.kaf.cli.pro.ProducerConfig] (main) These configurations '[apicurio.registry.find-latest, apicurio.registry.url, apicurio.registry.artifact-resolver-strategy]' were supplied but are not used yet.
2025-08-06 18:56:31,345 INFO  [org.apa.kaf.com.uti.AppInfoParser] (main) Kafka version: 3.9.1
2025-08-06 18:56:31,345 INFO  [org.apa.kaf.com.uti.AppInfoParser] (main) Kafka commitId: f745dfdcee2b9851
2025-08-06 18:56:31,345 INFO  [org.apa.kaf.com.uti.AppInfoParser] (main) Kafka startTimeMs: 1754506591345
2025-08-06 18:56:31,346 INFO  [io.api.tes.ser.api.SimpleSerdesTesterBuilder$SimpleSerdesTester] (main) Using producer configuration: {apicurio.registry.find-latest=true, apicurio.registry.url=http://registry-app-ksql047.apps.ci419.apicurio-testing.org:80/apis/registry/v3, apicurio.registry.artifact-resolver-strategy=io.apicurio.registry.serde.avro.strategy.TopicRecordIdStrategy, value.serializer=io.apicurio.registry.serde.avro.AvroKafkaSerializer, request.timeout.ms=5000, acks=all, bootstrap.servers=PLAINTEXT://localhost:32769, connections.max.idle.ms=10000, key.serializer=org.apache.kafka.common.serialization.StringSerializer, client.id=Producer-topic-b8e9a1cc_fb86_4803_85dc_579b048b18ff}
2025-08-06 18:56:31,346 INFO  [io.api.tes.ser.api.SimpleSerdesTesterBuilder$SimpleSerdesTester] (main) Using consumer configuration: {}
2025-08-06 18:56:31,346 INFO  [io.api.tes.ser.api.KafkaSerdesTester] (Thread-697) Sending message {"key11754506590269": "value-0"} to topic topic-b8e9a1cc_fb86_4803_85dc_579b048b18ff
2025-08-06 18:56:31,350 INFO  [org.apa.kaf.cli.Metadata] (kafka-producer-network-thread | Producer-topic-b8e9a1cc_fb86_4803_85dc_579b048b18ff) [Producer clientId=Producer-topic-b8e9a1cc_fb86_4803_85dc_579b048b18ff] Cluster ID: NyMRaTI5Q0SXQrlZpmr68g
2025-08-06 18:56:31,351 INFO  [org.apa.kaf.cli.pro.int.TransactionManager] (kafka-producer-network-thread | Producer-topic-b8e9a1cc_fb86_4803_85dc_579b048b18ff) [Producer clientId=Producer-topic-b8e9a1cc_fb86_4803_85dc_579b048b18ff] ProducerId set to 18 with epoch 0
2025-08-06 18:56:31,407 INFO  [io.api.tes.ser.api.KafkaSerdesTester] (Thread-697) Sending message {"key11754506590269": "value-1"} to topic topic-b8e9a1cc_fb86_4803_85dc_579b048b18ff
2025-08-06 18:56:31,409 INFO  [io.api.tes.ser.api.KafkaSerdesTester] (Thread-697) Sending message {"key11754506590269": "value-2"} to topic topic-b8e9a1cc_fb86_4803_85dc_579b048b18ff
2025-08-06 18:56:31,411 INFO  [io.api.tes.ser.api.KafkaSerdesTester] (Thread-697) Sending message {"key11754506590269": "value-3"} to topic topic-b8e9a1cc_fb86_4803_85dc_579b048b18ff
2025-08-06 18:56:31,412 INFO  [io.api.tes.ser.api.KafkaSerdesTester] (Thread-697) Sending message {"key11754506590269": "value-4"} to topic topic-b8e9a1cc_fb86_4803_85dc_579b048b18ff
2025-08-06 18:56:31,414 INFO  [io.api.tes.ser.api.KafkaSerdesTester] (Thread-697) Sending message {"key11754506590269": "value-5"} to topic topic-b8e9a1cc_fb86_4803_85dc_579b048b18ff
2025-08-06 18:56:31,415 INFO  [io.api.tes.ser.api.KafkaSerdesTester] (Thread-697) Sending message {"key11754506590269": "value-6"} to topic topic-b8e9a1cc_fb86_4803_85dc_579b048b18ff
2025-08-06 18:56:31,417 INFO  [io.api.tes.ser.api.KafkaSerdesTester] (Thread-697) Sending message {"key11754506590269": "value-7"} to topic topic-b8e9a1cc_fb86_4803_85dc_579b048b18ff
2025-08-06 18:56:31,419 INFO  [io.api.tes.ser.api.KafkaSerdesTester] (Thread-697) Sending message {"key11754506590269": "value-8"} to topic topic-b8e9a1cc_fb86_4803_85dc_579b048b18ff
2025-08-06 18:56:31,421 INFO  [io.api.tes.ser.api.KafkaSerdesTester] (Thread-697) Sending message {"key11754506590269": "value-9"} to topic topic-b8e9a1cc_fb86_4803_85dc_579b048b18ff
2025-08-06 18:56:31,423 INFO  [io.api.tes.ser.api.KafkaSerdesTester] (Thread-697) Produced 10 messages
2025-08-06 18:56:31,423 INFO  [org.apa.kaf.cli.pro.KafkaProducer] (Thread-697) [Producer clientId=Producer-topic-b8e9a1cc_fb86_4803_85dc_579b048b18ff] Closing the Kafka producer with timeoutMillis = 9223372036854775807 ms.
2025-08-06 18:56:31,424 INFO  [org.apa.kaf.com.met.Metrics] (Thread-697) Metrics scheduler closed
2025-08-06 18:56:31,424 INFO  [org.apa.kaf.com.met.Metrics] (Thread-697) Closing reporter org.apache.kafka.common.metrics.JmxReporter
2025-08-06 18:56:31,424 INFO  [org.apa.kaf.com.met.Metrics] (Thread-697) Closing reporter org.apache.kafka.common.telemetry.internals.ClientTelemetryReporter
2025-08-06 18:56:31,424 INFO  [org.apa.kaf.com.met.Metrics] (Thread-697) Metrics reporters closed
2025-08-06 18:56:31,424 INFO  [org.apa.kaf.com.uti.AppInfoParser] (Thread-697) App info kafka.producer for Producer-topic-b8e9a1cc_fb86_4803_85dc_579b048b18ff unregistered
**** Registry Base URL: http://registry-app-ksql047.apps.ci419.apicurio-testing.org:80
2025-08-06 18:56:31,425 INFO  [org.apa.kaf.cli.con.ConsumerConfig] (main) ConsumerConfig values: 
	allow.auto.create.topics = true
	auto.commit.interval.ms = 500
	auto.include.jmx.reporter = true
	auto.offset.reset = earliest
	bootstrap.servers = [PLAINTEXT://localhost:32769]
	check.crcs = true
	client.dns.lookup = use_all_dns_ips
	client.id = consumer-Consumer-topic-b8e9a1cc_fb86_4803_85dc_579b048b18ff-13
	client.rack = 
	connections.max.idle.ms = 10000
	default.api.timeout.ms = 60000
	enable.auto.commit = true
	enable.metrics.push = true
	exclude.internal.topics = true
	fetch.max.bytes = 52428800
	fetch.max.wait.ms = 500
	fetch.min.bytes = 1
	group.id = Consumer-topic-b8e9a1cc_fb86_4803_85dc_579b048b18ff
	group.instance.id = null
	group.protocol = classic
	group.remote.assignor = null
	heartbeat.interval.ms = 3000
	interceptor.classes = []
	internal.leave.group.on.close = true
	internal.throw.on.fetch.stable.offset.unsupported = false
	isolation.level = read_uncommitted
	key.deserializer = class org.apache.kafka.common.serialization.StringDeserializer
	max.partition.fetch.bytes = 1048576
	max.poll.interval.ms = 300000
	max.poll.records = 500
	metadata.max.age.ms = 300000
	metadata.recovery.strategy = none
	metric.reporters = []
	metrics.num.samples = 2
	metrics.recording.level = INFO
	metrics.sample.window.ms = 30000
	partition.assignment.strategy = [class org.apache.kafka.clients.consumer.RangeAssignor, class org.apache.kafka.clients.consumer.CooperativeStickyAssignor]
	receive.buffer.bytes = 65536
	reconnect.backoff.max.ms = 1000
	reconnect.backoff.ms = 50
	request.timeout.ms = 5000
	retry.backoff.max.ms = 1000
	retry.backoff.ms = 100
	sasl.client.callback.handler.class = null
	sasl.jaas.config = null
	sasl.kerberos.kinit.cmd = /usr/bin/kinit
	sasl.kerberos.min.time.before.relogin = 60000
	sasl.kerberos.service.name = null
	sasl.kerberos.ticket.renew.jitter = 0.05
	sasl.kerberos.ticket.renew.window.factor = 0.8
	sasl.login.callback.handler.class = null
	sasl.login.class = null
	sasl.login.connect.timeout.ms = null
	sasl.login.read.timeout.ms = null
	sasl.login.refresh.buffer.seconds = 300
	sasl.login.refresh.min.period.seconds = 60
	sasl.login.refresh.window.factor = 0.8
	sasl.login.refresh.window.jitter = 0.05
	sasl.login.retry.backoff.max.ms = 10000
	sasl.login.retry.backoff.ms = 100
	sasl.mechanism = GSSAPI
	sasl.oauthbearer.clock.skew.seconds = 30
	sasl.oauthbearer.expected.audience = null
	sasl.oauthbearer.expected.issuer = null
	sasl.oauthbearer.header.urlencode = false
	sasl.oauthbearer.jwks.endpoint.refresh.ms = 3600000
	sasl.oauthbearer.jwks.endpoint.retry.backoff.max.ms = 10000
	sasl.oauthbearer.jwks.endpoint.retry.backoff.ms = 100
	sasl.oauthbearer.jwks.endpoint.url = null
	sasl.oauthbearer.scope.claim.name = scope
	sasl.oauthbearer.sub.claim.name = sub
	sasl.oauthbearer.token.endpoint.url = null
	security.protocol = PLAINTEXT
	security.providers = null
	send.buffer.bytes = 131072
	session.timeout.ms = 45000
	socket.connection.setup.timeout.max.ms = 30000
	socket.connection.setup.timeout.ms = 10000
	ssl.cipher.suites = null
	ssl.enabled.protocols = [TLSv1.2, TLSv1.3]
	ssl.endpoint.identification.algorithm = https
	ssl.engine.factory.class = null
	ssl.key.password = null
	ssl.keymanager.algorithm = SunX509
	ssl.keystore.certificate.chain = null
	ssl.keystore.key = null
	ssl.keystore.location = null
	ssl.keystore.password = null
	ssl.keystore.type = JKS
	ssl.protocol = TLSv1.3
	ssl.provider = null
	ssl.secure.random.implementation = null
	ssl.trustmanager.algorithm = PKIX
	ssl.truststore.certificates = null
	ssl.truststore.location = null
	ssl.truststore.password = null
	ssl.truststore.type = JKS
	value.deserializer = class io.apicurio.registry.serde.avro.AvroKafkaDeserializer

2025-08-06 18:56:31,425 INFO  [org.apa.kaf.com.tel.int.KafkaMetricsCollector] (main) initializing Kafka metrics collector
2025-08-06 18:56:31,430 INFO  [org.apa.kaf.cli.con.ConsumerConfig] (main) These configurations '[apicurio.registry.url]' were supplied but are not used yet.
2025-08-06 18:56:31,430 INFO  [org.apa.kaf.com.uti.AppInfoParser] (main) Kafka version: 3.9.1
2025-08-06 18:56:31,430 INFO  [org.apa.kaf.com.uti.AppInfoParser] (main) Kafka commitId: f745dfdcee2b9851
2025-08-06 18:56:31,430 INFO  [org.apa.kaf.com.uti.AppInfoParser] (main) Kafka startTimeMs: 1754506591430
2025-08-06 18:56:31,430 INFO  [org.apa.kaf.cli.con.int.ClassicKafkaConsumer] (Thread-700) [Consumer clientId=consumer-Consumer-topic-b8e9a1cc_fb86_4803_85dc_579b048b18ff-13, groupId=Consumer-topic-b8e9a1cc_fb86_4803_85dc_579b048b18ff] Subscribed to topic(s): topic-b8e9a1cc_fb86_4803_85dc_579b048b18ff
2025-08-06 18:56:31,434 INFO  [org.apa.kaf.cli.Metadata] (Thread-700) [Consumer clientId=consumer-Consumer-topic-b8e9a1cc_fb86_4803_85dc_579b048b18ff-13, groupId=Consumer-topic-b8e9a1cc_fb86_4803_85dc_579b048b18ff] Cluster ID: NyMRaTI5Q0SXQrlZpmr68g
2025-08-06 18:56:31,435 INFO  [org.apa.kaf.cli.con.int.ConsumerCoordinator] (Thread-700) [Consumer clientId=consumer-Consumer-topic-b8e9a1cc_fb86_4803_85dc_579b048b18ff-13, groupId=Consumer-topic-b8e9a1cc_fb86_4803_85dc_579b048b18ff] Discovered group coordinator localhost:32769 (id: 2147483647 rack: null)
2025-08-06 18:56:31,436 INFO  [org.apa.kaf.cli.con.int.ConsumerCoordinator] (Thread-700) [Consumer clientId=consumer-Consumer-topic-b8e9a1cc_fb86_4803_85dc_579b048b18ff-13, groupId=Consumer-topic-b8e9a1cc_fb86_4803_85dc_579b048b18ff] (Re-)joining group
2025-08-06 18:56:31,441 INFO  [org.apa.kaf.cli.con.int.ConsumerCoordinator] (Thread-700) [Consumer clientId=consumer-Consumer-topic-b8e9a1cc_fb86_4803_85dc_579b048b18ff-13, groupId=Consumer-topic-b8e9a1cc_fb86_4803_85dc_579b048b18ff] Request joining group due to: need to re-join with the given member-id: consumer-Consumer-topic-b8e9a1cc_fb86_4803_85dc_579b048b18ff-13-5fc55fba-4f31-4d9f-9e54-dc9d052c1aaf
2025-08-06 18:56:31,441 INFO  [org.apa.kaf.cli.con.int.ConsumerCoordinator] (Thread-700) [Consumer clientId=consumer-Consumer-topic-b8e9a1cc_fb86_4803_85dc_579b048b18ff-13, groupId=Consumer-topic-b8e9a1cc_fb86_4803_85dc_579b048b18ff] (Re-)joining group
2025-08-06 18:56:32,431 INFO  [io.api.tes.ser.api.KafkaSerdesTester] (Thread-700) None found
2025-08-06 18:56:33,433 INFO  [io.api.tes.ser.api.KafkaSerdesTester] (Thread-700) None found
2025-08-06 18:56:34,433 INFO  [io.api.tes.ser.api.KafkaSerdesTester] (Thread-700) None found
2025-08-06 18:56:34,443 INFO  [org.apa.kaf.cli.con.int.ConsumerCoordinator] (Thread-700) [Consumer clientId=consumer-Consumer-topic-b8e9a1cc_fb86_4803_85dc_579b048b18ff-13, groupId=Consumer-topic-b8e9a1cc_fb86_4803_85dc_579b048b18ff] Successfully joined group with generation Generation{generationId=1, memberId='consumer-Consumer-topic-b8e9a1cc_fb86_4803_85dc_579b048b18ff-13-5fc55fba-4f31-4d9f-9e54-dc9d052c1aaf', protocol='range'}
2025-08-06 18:56:34,443 INFO  [org.apa.kaf.cli.con.int.ConsumerCoordinator] (Thread-700) [Consumer clientId=consumer-Consumer-topic-b8e9a1cc_fb86_4803_85dc_579b048b18ff-13, groupId=Consumer-topic-b8e9a1cc_fb86_4803_85dc_579b048b18ff] Finished assignment for group at generation 1: {consumer-Consumer-topic-b8e9a1cc_fb86_4803_85dc_579b048b18ff-13-5fc55fba-4f31-4d9f-9e54-dc9d052c1aaf=Assignment(partitions=[topic-b8e9a1cc_fb86_4803_85dc_579b048b18ff-0])}
2025-08-06 18:56:34,449 INFO  [org.apa.kaf.cli.con.int.ConsumerCoordinator] (Thread-700) [Consumer clientId=consumer-Consumer-topic-b8e9a1cc_fb86_4803_85dc_579b048b18ff-13, groupId=Consumer-topic-b8e9a1cc_fb86_4803_85dc_579b048b18ff] Successfully synced group in generation Generation{generationId=1, memberId='consumer-Consumer-topic-b8e9a1cc_fb86_4803_85dc_579b048b18ff-13-5fc55fba-4f31-4d9f-9e54-dc9d052c1aaf', protocol='range'}
2025-08-06 18:56:34,449 INFO  [org.apa.kaf.cli.con.int.ConsumerCoordinator] (Thread-700) [Consumer clientId=consumer-Consumer-topic-b8e9a1cc_fb86_4803_85dc_579b048b18ff-13, groupId=Consumer-topic-b8e9a1cc_fb86_4803_85dc_579b048b18ff] Notifying assignor about the new Assignment(partitions=[topic-b8e9a1cc_fb86_4803_85dc_579b048b18ff-0])
2025-08-06 18:56:34,449 INFO  [org.apa.kaf.cli.con.int.ConsumerRebalanceListenerInvoker] (Thread-700) [Consumer clientId=consumer-Consumer-topic-b8e9a1cc_fb86_4803_85dc_579b048b18ff-13, groupId=Consumer-topic-b8e9a1cc_fb86_4803_85dc_579b048b18ff] Adding newly assigned partitions: topic-b8e9a1cc_fb86_4803_85dc_579b048b18ff-0
2025-08-06 18:56:34,450 INFO  [org.apa.kaf.cli.con.int.ConsumerCoordinator] (Thread-700) [Consumer clientId=consumer-Consumer-topic-b8e9a1cc_fb86_4803_85dc_579b048b18ff-13, groupId=Consumer-topic-b8e9a1cc_fb86_4803_85dc_579b048b18ff] Found no committed offset for partition topic-b8e9a1cc_fb86_4803_85dc_579b048b18ff-0
2025-08-06 18:56:34,454 INFO  [org.apa.kaf.cli.con.int.SubscriptionState] (Thread-700) [Consumer clientId=consumer-Consumer-topic-b8e9a1cc_fb86_4803_85dc_579b048b18ff-13, groupId=Consumer-topic-b8e9a1cc_fb86_4803_85dc_579b048b18ff] Resetting offset for partition topic-b8e9a1cc_fb86_4803_85dc_579b048b18ff-0 to position FetchPosition{offset=0, offsetEpoch=Optional.empty, currentLeader=LeaderAndEpoch{leader=Optional[localhost:32769 (id: 0 rack: null)], epoch=0}}.
2025-08-06 18:56:34,490 INFO  [io.api.tes.ser.api.KafkaSerdesTester] (Thread-700) topic-b8e9a1cc_fb86_4803_85dc_579b048b18ff 0 0 {"key11754506590269": "value-0"}
2025-08-06 18:56:34,490 INFO  [io.api.tes.ser.api.KafkaSerdesTester] (Thread-700) topic-b8e9a1cc_fb86_4803_85dc_579b048b18ff 0 1 {"key11754506590269": "value-1"}
2025-08-06 18:56:34,490 INFO  [io.api.tes.ser.api.KafkaSerdesTester] (Thread-700) topic-b8e9a1cc_fb86_4803_85dc_579b048b18ff 0 2 {"key11754506590269": "value-2"}
2025-08-06 18:56:34,490 INFO  [io.api.tes.ser.api.KafkaSerdesTester] (Thread-700) topic-b8e9a1cc_fb86_4803_85dc_579b048b18ff 0 3 {"key11754506590269": "value-3"}
2025-08-06 18:56:34,490 INFO  [io.api.tes.ser.api.KafkaSerdesTester] (Thread-700) topic-b8e9a1cc_fb86_4803_85dc_579b048b18ff 0 4 {"key11754506590269": "value-4"}
2025-08-06 18:56:34,490 INFO  [io.api.tes.ser.api.KafkaSerdesTester] (Thread-700) topic-b8e9a1cc_fb86_4803_85dc_579b048b18ff 0 5 {"key11754506590269": "value-5"}
2025-08-06 18:56:34,490 INFO  [io.api.tes.ser.api.KafkaSerdesTester] (Thread-700) topic-b8e9a1cc_fb86_4803_85dc_579b048b18ff 0 6 {"key11754506590269": "value-6"}
2025-08-06 18:56:34,490 INFO  [io.api.tes.ser.api.KafkaSerdesTester] (Thread-700) topic-b8e9a1cc_fb86_4803_85dc_579b048b18ff 0 7 {"key11754506590269": "value-7"}
2025-08-06 18:56:34,490 INFO  [io.api.tes.ser.api.KafkaSerdesTester] (Thread-700) topic-b8e9a1cc_fb86_4803_85dc_579b048b18ff 0 8 {"key11754506590269": "value-8"}
2025-08-06 18:56:34,490 INFO  [io.api.tes.ser.api.KafkaSerdesTester] (Thread-700) topic-b8e9a1cc_fb86_4803_85dc_579b048b18ff 0 9 {"key11754506590269": "value-9"}
2025-08-06 18:56:34,491 INFO  [io.api.tes.ser.api.KafkaSerdesTester] (Thread-700) Consumed 10 messages
2025-08-06 18:56:34,498 INFO  [org.apa.kaf.cli.con.int.ConsumerRebalanceListenerInvoker] (Thread-700) [Consumer clientId=consumer-Consumer-topic-b8e9a1cc_fb86_4803_85dc_579b048b18ff-13, groupId=Consumer-topic-b8e9a1cc_fb86_4803_85dc_579b048b18ff] Revoke previously assigned partitions topic-b8e9a1cc_fb86_4803_85dc_579b048b18ff-0
2025-08-06 18:56:34,498 INFO  [org.apa.kaf.cli.con.int.ConsumerCoordinator] (Thread-700) [Consumer clientId=consumer-Consumer-topic-b8e9a1cc_fb86_4803_85dc_579b048b18ff-13, groupId=Consumer-topic-b8e9a1cc_fb86_4803_85dc_579b048b18ff] Member consumer-Consumer-topic-b8e9a1cc_fb86_4803_85dc_579b048b18ff-13-5fc55fba-4f31-4d9f-9e54-dc9d052c1aaf sending LeaveGroup request to coordinator localhost:32769 (id: 2147483647 rack: null) due to the consumer is being closed
2025-08-06 18:56:34,498 INFO  [org.apa.kaf.cli.con.int.ConsumerCoordinator] (Thread-700) [Consumer clientId=consumer-Consumer-topic-b8e9a1cc_fb86_4803_85dc_579b048b18ff-13, groupId=Consumer-topic-b8e9a1cc_fb86_4803_85dc_579b048b18ff] Resetting generation and member id due to: consumer pro-actively leaving the group
2025-08-06 18:56:34,498 INFO  [org.apa.kaf.cli.con.int.ConsumerCoordinator] (Thread-700) [Consumer clientId=consumer-Consumer-topic-b8e9a1cc_fb86_4803_85dc_579b048b18ff-13, groupId=Consumer-topic-b8e9a1cc_fb86_4803_85dc_579b048b18ff] Request joining group due to: consumer pro-actively leaving the group
2025-08-06 18:56:34,992 INFO  [org.apa.kaf.com.met.Metrics] (Thread-700) Metrics scheduler closed
2025-08-06 18:56:34,992 INFO  [org.apa.kaf.com.met.Metrics] (Thread-700) Closing reporter org.apache.kafka.common.metrics.JmxReporter
2025-08-06 18:56:34,992 INFO  [org.apa.kaf.com.met.Metrics] (Thread-700) Closing reporter org.apache.kafka.common.telemetry.internals.ClientTelemetryReporter
2025-08-06 18:56:34,992 INFO  [org.apa.kaf.com.met.Metrics] (Thread-700) Metrics reporters closed
2025-08-06 18:56:34,994 INFO  [org.apa.kaf.com.uti.AppInfoParser] (Thread-700) App info kafka.consumer for consumer-Consumer-topic-b8e9a1cc_fb86_4803_85dc_579b048b18ff-13 unregistered
2025-08-06 18:56:34,994 INFO  [io.api.tes.uti.TestSeparator] (main) io.apicurio.tests.serdes.apicurio.AvroSerdeIT.testTopicRecordIdStrategydFindLatest-FINISHED
2025-08-06 18:56:34,994 INFO  [io.api.tes.uti.TestSeparator] (main) ############################################################################
Test passed: testTopicRecordIdStrategydFindLatest
]]></system-out>
  </testcase>
  <testcase name="testAvroConfluentForMultipleTopics" classname="io.apicurio.tests.serdes.apicurio.AvroSerdeIT" time="12.073">
    <system-out><![CDATA[2025-08-06 18:56:34,998 INFO  [io.api.tes.uti.TestSeparator] (main) ############################################################################
2025-08-06 18:56:34,998 INFO  [io.api.tes.uti.TestSeparator] (main) io.apicurio.tests.serdes.apicurio.AvroSerdeIT.testAvroConfluentForMultipleTopics-STARTED
2025-08-06 18:56:34,998 INFO  [io.api.tes.ser.api.AvroSerdeIT] (main) Registering Avro Schema: {"type":"record","name":"myrecordconfluent","fields":[{"name":"key11754506594998","type":"string"}]}
**** Registry Base URL: http://registry-app-ksql047.apps.ci419.apicurio-testing.org:80
2025-08-06 18:56:36,065 INFO  [org.apa.kaf.cli.pro.ProducerConfig] (main) ProducerConfig values: 
	acks = -1
	auto.include.jmx.reporter = true
	batch.size = 16384
	bootstrap.servers = [PLAINTEXT://localhost:32769]
	buffer.memory = 33554432
	client.dns.lookup = use_all_dns_ips
	client.id = Producer-topic-186a2703_2e9b_499a_bf5f_771ca2cb756c
	compression.gzip.level = -1
	compression.lz4.level = 9
	compression.type = none
	compression.zstd.level = 3
	connections.max.idle.ms = 10000
	delivery.timeout.ms = 120000
	enable.idempotence = true
	enable.metrics.push = true
	interceptor.classes = []
	key.serializer = class org.apache.kafka.common.serialization.StringSerializer
	linger.ms = 0
	max.block.ms = 60000
	max.in.flight.requests.per.connection = 5
	max.request.size = 1048576
	metadata.max.age.ms = 300000
	metadata.max.idle.ms = 300000
	metadata.recovery.strategy = none
	metric.reporters = []
	metrics.num.samples = 2
	metrics.recording.level = INFO
	metrics.sample.window.ms = 30000
	partitioner.adaptive.partitioning.enable = true
	partitioner.availability.timeout.ms = 0
	partitioner.class = null
	partitioner.ignore.keys = false
	receive.buffer.bytes = 32768
	reconnect.backoff.max.ms = 1000
	reconnect.backoff.ms = 50
	request.timeout.ms = 5000
	retries = 2147483647
	retry.backoff.max.ms = 1000
	retry.backoff.ms = 100
	sasl.client.callback.handler.class = null
	sasl.jaas.config = null
	sasl.kerberos.kinit.cmd = /usr/bin/kinit
	sasl.kerberos.min.time.before.relogin = 60000
	sasl.kerberos.service.name = null
	sasl.kerberos.ticket.renew.jitter = 0.05
	sasl.kerberos.ticket.renew.window.factor = 0.8
	sasl.login.callback.handler.class = null
	sasl.login.class = null
	sasl.login.connect.timeout.ms = null
	sasl.login.read.timeout.ms = null
	sasl.login.refresh.buffer.seconds = 300
	sasl.login.refresh.min.period.seconds = 60
	sasl.login.refresh.window.factor = 0.8
	sasl.login.refresh.window.jitter = 0.05
	sasl.login.retry.backoff.max.ms = 10000
	sasl.login.retry.backoff.ms = 100
	sasl.mechanism = GSSAPI
	sasl.oauthbearer.clock.skew.seconds = 30
	sasl.oauthbearer.expected.audience = null
	sasl.oauthbearer.expected.issuer = null
	sasl.oauthbearer.header.urlencode = false
	sasl.oauthbearer.jwks.endpoint.refresh.ms = 3600000
	sasl.oauthbearer.jwks.endpoint.retry.backoff.max.ms = 10000
	sasl.oauthbearer.jwks.endpoint.retry.backoff.ms = 100
	sasl.oauthbearer.jwks.endpoint.url = null
	sasl.oauthbearer.scope.claim.name = scope
	sasl.oauthbearer.sub.claim.name = sub
	sasl.oauthbearer.token.endpoint.url = null
	security.protocol = PLAINTEXT
	security.providers = null
	send.buffer.bytes = 131072
	socket.connection.setup.timeout.max.ms = 30000
	socket.connection.setup.timeout.ms = 10000
	ssl.cipher.suites = null
	ssl.enabled.protocols = [TLSv1.2, TLSv1.3]
	ssl.endpoint.identification.algorithm = https
	ssl.engine.factory.class = null
	ssl.key.password = null
	ssl.keymanager.algorithm = SunX509
	ssl.keystore.certificate.chain = null
	ssl.keystore.key = null
	ssl.keystore.location = null
	ssl.keystore.password = null
	ssl.keystore.type = JKS
	ssl.protocol = TLSv1.3
	ssl.provider = null
	ssl.secure.random.implementation = null
	ssl.trustmanager.algorithm = PKIX
	ssl.truststore.certificates = null
	ssl.truststore.location = null
	ssl.truststore.password = null
	ssl.truststore.type = JKS
	transaction.timeout.ms = 60000
	transactional.id = null
	value.serializer = class io.apicurio.registry.serde.avro.AvroKafkaSerializer

2025-08-06 18:56:36,065 INFO  [org.apa.kaf.com.tel.int.KafkaMetricsCollector] (main) initializing Kafka metrics collector
2025-08-06 18:56:36,068 INFO  [org.apa.kaf.cli.pro.KafkaProducer] (main) [Producer clientId=Producer-topic-186a2703_2e9b_499a_bf5f_771ca2cb756c] Instantiated an idempotent producer.
2025-08-06 18:56:36,070 INFO  [org.apa.kaf.cli.pro.ProducerConfig] (main) These configurations '[apicurio.registry.url, apicurio.registry.artifact-resolver-strategy]' were supplied but are not used yet.
2025-08-06 18:56:36,070 INFO  [org.apa.kaf.com.uti.AppInfoParser] (main) Kafka version: 3.9.1
2025-08-06 18:56:36,070 INFO  [org.apa.kaf.com.uti.AppInfoParser] (main) Kafka commitId: f745dfdcee2b9851
2025-08-06 18:56:36,070 INFO  [org.apa.kaf.com.uti.AppInfoParser] (main) Kafka startTimeMs: 1754506596070
**** Registry Base URL: http://registry-app-ksql047.apps.ci419.apicurio-testing.org:80
2025-08-06 18:56:36,070 INFO  [org.apa.kaf.cli.pro.ProducerConfig] (main) ProducerConfig values: 
	acks = -1
	auto.include.jmx.reporter = true
	batch.size = 16384
	bootstrap.servers = [PLAINTEXT://localhost:32769]
	buffer.memory = 33554432
	client.dns.lookup = use_all_dns_ips
	client.id = Producer-topic-be303aa4_0616_479a_8ba3_6b24d6fa0d5c
	compression.gzip.level = -1
	compression.lz4.level = 9
	compression.type = none
	compression.zstd.level = 3
	connections.max.idle.ms = 10000
	delivery.timeout.ms = 120000
	enable.idempotence = true
	enable.metrics.push = true
	interceptor.classes = []
	key.serializer = class org.apache.kafka.common.serialization.StringSerializer
	linger.ms = 0
	max.block.ms = 60000
	max.in.flight.requests.per.connection = 5
	max.request.size = 1048576
	metadata.max.age.ms = 300000
	metadata.max.idle.ms = 300000
	metadata.recovery.strategy = none
	metric.reporters = []
	metrics.num.samples = 2
	metrics.recording.level = INFO
	metrics.sample.window.ms = 30000
	partitioner.adaptive.partitioning.enable = true
	partitioner.availability.timeout.ms = 0
	partitioner.class = null
	partitioner.ignore.keys = false
	receive.buffer.bytes = 32768
	reconnect.backoff.max.ms = 1000
	reconnect.backoff.ms = 50
	request.timeout.ms = 5000
	retries = 2147483647
	retry.backoff.max.ms = 1000
	retry.backoff.ms = 100
	sasl.client.callback.handler.class = null
	sasl.jaas.config = null
	sasl.kerberos.kinit.cmd = /usr/bin/kinit
	sasl.kerberos.min.time.before.relogin = 60000
	sasl.kerberos.service.name = null
	sasl.kerberos.ticket.renew.jitter = 0.05
	sasl.kerberos.ticket.renew.window.factor = 0.8
	sasl.login.callback.handler.class = null
	sasl.login.class = null
	sasl.login.connect.timeout.ms = null
	sasl.login.read.timeout.ms = null
	sasl.login.refresh.buffer.seconds = 300
	sasl.login.refresh.min.period.seconds = 60
	sasl.login.refresh.window.factor = 0.8
	sasl.login.refresh.window.jitter = 0.05
	sasl.login.retry.backoff.max.ms = 10000
	sasl.login.retry.backoff.ms = 100
	sasl.mechanism = GSSAPI
	sasl.oauthbearer.clock.skew.seconds = 30
	sasl.oauthbearer.expected.audience = null
	sasl.oauthbearer.expected.issuer = null
	sasl.oauthbearer.header.urlencode = false
	sasl.oauthbearer.jwks.endpoint.refresh.ms = 3600000
	sasl.oauthbearer.jwks.endpoint.retry.backoff.max.ms = 10000
	sasl.oauthbearer.jwks.endpoint.retry.backoff.ms = 100
	sasl.oauthbearer.jwks.endpoint.url = null
	sasl.oauthbearer.scope.claim.name = scope
	sasl.oauthbearer.sub.claim.name = sub
	sasl.oauthbearer.token.endpoint.url = null
	security.protocol = PLAINTEXT
	security.providers = null
	send.buffer.bytes = 131072
	socket.connection.setup.timeout.max.ms = 30000
	socket.connection.setup.timeout.ms = 10000
	ssl.cipher.suites = null
	ssl.enabled.protocols = [TLSv1.2, TLSv1.3]
	ssl.endpoint.identification.algorithm = https
	ssl.engine.factory.class = null
	ssl.key.password = null
	ssl.keymanager.algorithm = SunX509
	ssl.keystore.certificate.chain = null
	ssl.keystore.key = null
	ssl.keystore.location = null
	ssl.keystore.password = null
	ssl.keystore.type = JKS
	ssl.protocol = TLSv1.3
	ssl.provider = null
	ssl.secure.random.implementation = null
	ssl.trustmanager.algorithm = PKIX
	ssl.truststore.certificates = null
	ssl.truststore.location = null
	ssl.truststore.password = null
	ssl.truststore.type = JKS
	transaction.timeout.ms = 60000
	transactional.id = null
	value.serializer = class io.apicurio.registry.serde.avro.AvroKafkaSerializer

2025-08-06 18:56:36,070 INFO  [org.apa.kaf.com.tel.int.KafkaMetricsCollector] (main) initializing Kafka metrics collector
2025-08-06 18:56:36,075 INFO  [org.apa.kaf.cli.pro.KafkaProducer] (main) [Producer clientId=Producer-topic-be303aa4_0616_479a_8ba3_6b24d6fa0d5c] Instantiated an idempotent producer.
2025-08-06 18:56:36,077 INFO  [org.apa.kaf.cli.Metadata] (kafka-producer-network-thread | Producer-topic-186a2703_2e9b_499a_bf5f_771ca2cb756c) [Producer clientId=Producer-topic-186a2703_2e9b_499a_bf5f_771ca2cb756c] Cluster ID: NyMRaTI5Q0SXQrlZpmr68g
2025-08-06 18:56:36,077 INFO  [org.apa.kaf.cli.pro.int.TransactionManager] (kafka-producer-network-thread | Producer-topic-186a2703_2e9b_499a_bf5f_771ca2cb756c) [Producer clientId=Producer-topic-186a2703_2e9b_499a_bf5f_771ca2cb756c] ProducerId set to 19 with epoch 0
2025-08-06 18:56:36,083 INFO  [org.apa.kaf.cli.pro.ProducerConfig] (main) These configurations '[apicurio.registry.url, apicurio.registry.artifact-resolver-strategy]' were supplied but are not used yet.
2025-08-06 18:56:36,083 INFO  [org.apa.kaf.com.uti.AppInfoParser] (main) Kafka version: 3.9.1
2025-08-06 18:56:36,083 INFO  [org.apa.kaf.com.uti.AppInfoParser] (main) Kafka commitId: f745dfdcee2b9851
2025-08-06 18:56:36,083 INFO  [org.apa.kaf.com.uti.AppInfoParser] (main) Kafka startTimeMs: 1754506596083
**** Registry Base URL: http://registry-app-ksql047.apps.ci419.apicurio-testing.org:80
2025-08-06 18:56:36,083 INFO  [org.apa.kaf.cli.pro.ProducerConfig] (main) ProducerConfig values: 
	acks = -1
	auto.include.jmx.reporter = true
	batch.size = 16384
	bootstrap.servers = [PLAINTEXT://localhost:32769]
	buffer.memory = 33554432
	client.dns.lookup = use_all_dns_ips
	client.id = Producer-topic-5460acc2_8c6e_4d33_8878_6d2b7b148d98
	compression.gzip.level = -1
	compression.lz4.level = 9
	compression.type = none
	compression.zstd.level = 3
	connections.max.idle.ms = 10000
	delivery.timeout.ms = 120000
	enable.idempotence = true
	enable.metrics.push = true
	interceptor.classes = []
	key.serializer = class org.apache.kafka.common.serialization.StringSerializer
	linger.ms = 0
	max.block.ms = 60000
	max.in.flight.requests.per.connection = 5
	max.request.size = 1048576
	metadata.max.age.ms = 300000
	metadata.max.idle.ms = 300000
	metadata.recovery.strategy = none
	metric.reporters = []
	metrics.num.samples = 2
	metrics.recording.level = INFO
	metrics.sample.window.ms = 30000
	partitioner.adaptive.partitioning.enable = true
	partitioner.availability.timeout.ms = 0
	partitioner.class = null
	partitioner.ignore.keys = false
	receive.buffer.bytes = 32768
	reconnect.backoff.max.ms = 1000
	reconnect.backoff.ms = 50
	request.timeout.ms = 5000
	retries = 2147483647
	retry.backoff.max.ms = 1000
	retry.backoff.ms = 100
	sasl.client.callback.handler.class = null
	sasl.jaas.config = null
	sasl.kerberos.kinit.cmd = /usr/bin/kinit
	sasl.kerberos.min.time.before.relogin = 60000
	sasl.kerberos.service.name = null
	sasl.kerberos.ticket.renew.jitter = 0.05
	sasl.kerberos.ticket.renew.window.factor = 0.8
	sasl.login.callback.handler.class = null
	sasl.login.class = null
	sasl.login.connect.timeout.ms = null
	sasl.login.read.timeout.ms = null
	sasl.login.refresh.buffer.seconds = 300
	sasl.login.refresh.min.period.seconds = 60
	sasl.login.refresh.window.factor = 0.8
	sasl.login.refresh.window.jitter = 0.05
	sasl.login.retry.backoff.max.ms = 10000
	sasl.login.retry.backoff.ms = 100
	sasl.mechanism = GSSAPI
	sasl.oauthbearer.clock.skew.seconds = 30
	sasl.oauthbearer.expected.audience = null
	sasl.oauthbearer.expected.issuer = null
	sasl.oauthbearer.header.urlencode = false
	sasl.oauthbearer.jwks.endpoint.refresh.ms = 3600000
	sasl.oauthbearer.jwks.endpoint.retry.backoff.max.ms = 10000
	sasl.oauthbearer.jwks.endpoint.retry.backoff.ms = 100
	sasl.oauthbearer.jwks.endpoint.url = null
	sasl.oauthbearer.scope.claim.name = scope
	sasl.oauthbearer.sub.claim.name = sub
	sasl.oauthbearer.token.endpoint.url = null
	security.protocol = PLAINTEXT
	security.providers = null
	send.buffer.bytes = 131072
	socket.connection.setup.timeout.max.ms = 30000
	socket.connection.setup.timeout.ms = 10000
	ssl.cipher.suites = null
	ssl.enabled.protocols = [TLSv1.2, TLSv1.3]
	ssl.endpoint.identification.algorithm = https
	ssl.engine.factory.class = null
	ssl.key.password = null
	ssl.keymanager.algorithm = SunX509
	ssl.keystore.certificate.chain = null
	ssl.keystore.key = null
	ssl.keystore.location = null
	ssl.keystore.password = null
	ssl.keystore.type = JKS
	ssl.protocol = TLSv1.3
	ssl.provider = null
	ssl.secure.random.implementation = null
	ssl.trustmanager.algorithm = PKIX
	ssl.truststore.certificates = null
	ssl.truststore.location = null
	ssl.truststore.password = null
	ssl.truststore.type = JKS
	transaction.timeout.ms = 60000
	transactional.id = null
	value.serializer = class io.apicurio.registry.serde.avro.AvroKafkaSerializer

2025-08-06 18:56:36,084 INFO  [org.apa.kaf.com.tel.int.KafkaMetricsCollector] (main) initializing Kafka metrics collector
2025-08-06 18:56:36,090 INFO  [org.apa.kaf.cli.Metadata] (kafka-producer-network-thread | Producer-topic-be303aa4_0616_479a_8ba3_6b24d6fa0d5c) [Producer clientId=Producer-topic-be303aa4_0616_479a_8ba3_6b24d6fa0d5c] Cluster ID: NyMRaTI5Q0SXQrlZpmr68g
2025-08-06 18:56:36,093 INFO  [org.apa.kaf.cli.pro.int.TransactionManager] (kafka-producer-network-thread | Producer-topic-be303aa4_0616_479a_8ba3_6b24d6fa0d5c) [Producer clientId=Producer-topic-be303aa4_0616_479a_8ba3_6b24d6fa0d5c] ProducerId set to 20 with epoch 0
2025-08-06 18:56:36,097 INFO  [org.apa.kaf.cli.pro.KafkaProducer] (main) [Producer clientId=Producer-topic-5460acc2_8c6e_4d33_8878_6d2b7b148d98] Instantiated an idempotent producer.
2025-08-06 18:56:36,106 INFO  [org.apa.kaf.cli.pro.ProducerConfig] (main) These configurations '[apicurio.registry.url, apicurio.registry.artifact-resolver-strategy]' were supplied but are not used yet.
2025-08-06 18:56:36,107 INFO  [org.apa.kaf.com.uti.AppInfoParser] (main) Kafka version: 3.9.1
2025-08-06 18:56:36,107 INFO  [org.apa.kaf.com.uti.AppInfoParser] (main) Kafka commitId: f745dfdcee2b9851
2025-08-06 18:56:36,107 INFO  [org.apa.kaf.com.uti.AppInfoParser] (main) Kafka startTimeMs: 1754506596106
**** Registry Base URL: http://registry-app-ksql047.apps.ci419.apicurio-testing.org:80
2025-08-06 18:56:36,107 INFO  [org.apa.kaf.cli.con.ConsumerConfig] (main) ConsumerConfig values: 
	allow.auto.create.topics = true
	auto.commit.interval.ms = 500
	auto.include.jmx.reporter = true
	auto.offset.reset = earliest
	bootstrap.servers = [PLAINTEXT://localhost:32769]
	check.crcs = true
	client.dns.lookup = use_all_dns_ips
	client.id = consumer-Consumer-topic-186a2703_2e9b_499a_bf5f_771ca2cb756c-14
	client.rack = 
	connections.max.idle.ms = 10000
	default.api.timeout.ms = 60000
	enable.auto.commit = true
	enable.metrics.push = true
	exclude.internal.topics = true
	fetch.max.bytes = 52428800
	fetch.max.wait.ms = 500
	fetch.min.bytes = 1
	group.id = Consumer-topic-186a2703_2e9b_499a_bf5f_771ca2cb756c
	group.instance.id = null
	group.protocol = classic
	group.remote.assignor = null
	heartbeat.interval.ms = 3000
	interceptor.classes = []
	internal.leave.group.on.close = true
	internal.throw.on.fetch.stable.offset.unsupported = false
	isolation.level = read_uncommitted
	key.deserializer = class org.apache.kafka.common.serialization.StringDeserializer
	max.partition.fetch.bytes = 1048576
	max.poll.interval.ms = 300000
	max.poll.records = 500
	metadata.max.age.ms = 300000
	metadata.recovery.strategy = none
	metric.reporters = []
	metrics.num.samples = 2
	metrics.recording.level = INFO
	metrics.sample.window.ms = 30000
	partition.assignment.strategy = [class org.apache.kafka.clients.consumer.RangeAssignor, class org.apache.kafka.clients.consumer.CooperativeStickyAssignor]
	receive.buffer.bytes = 65536
	reconnect.backoff.max.ms = 1000
	reconnect.backoff.ms = 50
	request.timeout.ms = 5000
	retry.backoff.max.ms = 1000
	retry.backoff.ms = 100
	sasl.client.callback.handler.class = null
	sasl.jaas.config = null
	sasl.kerberos.kinit.cmd = /usr/bin/kinit
	sasl.kerberos.min.time.before.relogin = 60000
	sasl.kerberos.service.name = null
	sasl.kerberos.ticket.renew.jitter = 0.05
	sasl.kerberos.ticket.renew.window.factor = 0.8
	sasl.login.callback.handler.class = null
	sasl.login.class = null
	sasl.login.connect.timeout.ms = null
	sasl.login.read.timeout.ms = null
	sasl.login.refresh.buffer.seconds = 300
	sasl.login.refresh.min.period.seconds = 60
	sasl.login.refresh.window.factor = 0.8
	sasl.login.refresh.window.jitter = 0.05
	sasl.login.retry.backoff.max.ms = 10000
	sasl.login.retry.backoff.ms = 100
	sasl.mechanism = GSSAPI
	sasl.oauthbearer.clock.skew.seconds = 30
	sasl.oauthbearer.expected.audience = null
	sasl.oauthbearer.expected.issuer = null
	sasl.oauthbearer.header.urlencode = false
	sasl.oauthbearer.jwks.endpoint.refresh.ms = 3600000
	sasl.oauthbearer.jwks.endpoint.retry.backoff.max.ms = 10000
	sasl.oauthbearer.jwks.endpoint.retry.backoff.ms = 100
	sasl.oauthbearer.jwks.endpoint.url = null
	sasl.oauthbearer.scope.claim.name = scope
	sasl.oauthbearer.sub.claim.name = sub
	sasl.oauthbearer.token.endpoint.url = null
	security.protocol = PLAINTEXT
	security.providers = null
	send.buffer.bytes = 131072
	session.timeout.ms = 45000
	socket.connection.setup.timeout.max.ms = 30000
	socket.connection.setup.timeout.ms = 10000
	ssl.cipher.suites = null
	ssl.enabled.protocols = [TLSv1.2, TLSv1.3]
	ssl.endpoint.identification.algorithm = https
	ssl.engine.factory.class = null
	ssl.key.password = null
	ssl.keymanager.algorithm = SunX509
	ssl.keystore.certificate.chain = null
	ssl.keystore.key = null
	ssl.keystore.location = null
	ssl.keystore.password = null
	ssl.keystore.type = JKS
	ssl.protocol = TLSv1.3
	ssl.provider = null
	ssl.secure.random.implementation = null
	ssl.trustmanager.algorithm = PKIX
	ssl.truststore.certificates = null
	ssl.truststore.location = null
	ssl.truststore.password = null
	ssl.truststore.type = JKS
	value.deserializer = class io.apicurio.registry.serde.avro.AvroKafkaDeserializer

2025-08-06 18:56:36,109 INFO  [org.apa.kaf.cli.Metadata] (kafka-producer-network-thread | Producer-topic-5460acc2_8c6e_4d33_8878_6d2b7b148d98) [Producer clientId=Producer-topic-5460acc2_8c6e_4d33_8878_6d2b7b148d98] Cluster ID: NyMRaTI5Q0SXQrlZpmr68g
2025-08-06 18:56:36,109 INFO  [org.apa.kaf.cli.pro.int.TransactionManager] (kafka-producer-network-thread | Producer-topic-5460acc2_8c6e_4d33_8878_6d2b7b148d98) [Producer clientId=Producer-topic-5460acc2_8c6e_4d33_8878_6d2b7b148d98] ProducerId set to 21 with epoch 0
2025-08-06 18:56:36,111 INFO  [org.apa.kaf.com.tel.int.KafkaMetricsCollector] (main) initializing Kafka metrics collector
2025-08-06 18:56:36,124 INFO  [org.apa.kaf.cli.con.ConsumerConfig] (main) These configurations '[apicurio.registry.url]' were supplied but are not used yet.
2025-08-06 18:56:36,125 INFO  [org.apa.kaf.com.uti.AppInfoParser] (main) Kafka version: 3.9.1
2025-08-06 18:56:36,125 INFO  [org.apa.kaf.com.uti.AppInfoParser] (main) Kafka commitId: f745dfdcee2b9851
2025-08-06 18:56:36,125 INFO  [org.apa.kaf.com.uti.AppInfoParser] (main) Kafka startTimeMs: 1754506596125
**** Registry Base URL: http://registry-app-ksql047.apps.ci419.apicurio-testing.org:80
2025-08-06 18:56:36,125 INFO  [org.apa.kaf.cli.con.ConsumerConfig] (main) ConsumerConfig values: 
	allow.auto.create.topics = true
	auto.commit.interval.ms = 500
	auto.include.jmx.reporter = true
	auto.offset.reset = earliest
	bootstrap.servers = [PLAINTEXT://localhost:32769]
	check.crcs = true
	client.dns.lookup = use_all_dns_ips
	client.id = consumer-Consumer-topic-be303aa4_0616_479a_8ba3_6b24d6fa0d5c-15
	client.rack = 
	connections.max.idle.ms = 10000
	default.api.timeout.ms = 60000
	enable.auto.commit = true
	enable.metrics.push = true
	exclude.internal.topics = true
	fetch.max.bytes = 52428800
	fetch.max.wait.ms = 500
	fetch.min.bytes = 1
	group.id = Consumer-topic-be303aa4_0616_479a_8ba3_6b24d6fa0d5c
	group.instance.id = null
	group.protocol = classic
	group.remote.assignor = null
	heartbeat.interval.ms = 3000
	interceptor.classes = []
	internal.leave.group.on.close = true
	internal.throw.on.fetch.stable.offset.unsupported = false
	isolation.level = read_uncommitted
	key.deserializer = class org.apache.kafka.common.serialization.StringDeserializer
	max.partition.fetch.bytes = 1048576
	max.poll.interval.ms = 300000
	max.poll.records = 500
	metadata.max.age.ms = 300000
	metadata.recovery.strategy = none
	metric.reporters = []
	metrics.num.samples = 2
	metrics.recording.level = INFO
	metrics.sample.window.ms = 30000
	partition.assignment.strategy = [class org.apache.kafka.clients.consumer.RangeAssignor, class org.apache.kafka.clients.consumer.CooperativeStickyAssignor]
	receive.buffer.bytes = 65536
	reconnect.backoff.max.ms = 1000
	reconnect.backoff.ms = 50
	request.timeout.ms = 5000
	retry.backoff.max.ms = 1000
	retry.backoff.ms = 100
	sasl.client.callback.handler.class = null
	sasl.jaas.config = null
	sasl.kerberos.kinit.cmd = /usr/bin/kinit
	sasl.kerberos.min.time.before.relogin = 60000
	sasl.kerberos.service.name = null
	sasl.kerberos.ticket.renew.jitter = 0.05
	sasl.kerberos.ticket.renew.window.factor = 0.8
	sasl.login.callback.handler.class = null
	sasl.login.class = null
	sasl.login.connect.timeout.ms = null
	sasl.login.read.timeout.ms = null
	sasl.login.refresh.buffer.seconds = 300
	sasl.login.refresh.min.period.seconds = 60
	sasl.login.refresh.window.factor = 0.8
	sasl.login.refresh.window.jitter = 0.05
	sasl.login.retry.backoff.max.ms = 10000
	sasl.login.retry.backoff.ms = 100
	sasl.mechanism = GSSAPI
	sasl.oauthbearer.clock.skew.seconds = 30
	sasl.oauthbearer.expected.audience = null
	sasl.oauthbearer.expected.issuer = null
	sasl.oauthbearer.header.urlencode = false
	sasl.oauthbearer.jwks.endpoint.refresh.ms = 3600000
	sasl.oauthbearer.jwks.endpoint.retry.backoff.max.ms = 10000
	sasl.oauthbearer.jwks.endpoint.retry.backoff.ms = 100
	sasl.oauthbearer.jwks.endpoint.url = null
	sasl.oauthbearer.scope.claim.name = scope
	sasl.oauthbearer.sub.claim.name = sub
	sasl.oauthbearer.token.endpoint.url = null
	security.protocol = PLAINTEXT
	security.providers = null
	send.buffer.bytes = 131072
	session.timeout.ms = 45000
	socket.connection.setup.timeout.max.ms = 30000
	socket.connection.setup.timeout.ms = 10000
	ssl.cipher.suites = null
	ssl.enabled.protocols = [TLSv1.2, TLSv1.3]
	ssl.endpoint.identification.algorithm = https
	ssl.engine.factory.class = null
	ssl.key.password = null
	ssl.keymanager.algorithm = SunX509
	ssl.keystore.certificate.chain = null
	ssl.keystore.key = null
	ssl.keystore.location = null
	ssl.keystore.password = null
	ssl.keystore.type = JKS
	ssl.protocol = TLSv1.3
	ssl.provider = null
	ssl.secure.random.implementation = null
	ssl.trustmanager.algorithm = PKIX
	ssl.truststore.certificates = null
	ssl.truststore.location = null
	ssl.truststore.password = null
	ssl.truststore.type = JKS
	value.deserializer = class io.apicurio.registry.serde.avro.AvroKafkaDeserializer

2025-08-06 18:56:36,125 INFO  [org.apa.kaf.com.tel.int.KafkaMetricsCollector] (main) initializing Kafka metrics collector
2025-08-06 18:56:36,139 INFO  [org.apa.kaf.cli.con.ConsumerConfig] (main) These configurations '[apicurio.registry.url]' were supplied but are not used yet.
2025-08-06 18:56:36,139 INFO  [org.apa.kaf.com.uti.AppInfoParser] (main) Kafka version: 3.9.1
2025-08-06 18:56:36,139 INFO  [org.apa.kaf.com.uti.AppInfoParser] (main) Kafka commitId: f745dfdcee2b9851
2025-08-06 18:56:36,139 INFO  [org.apa.kaf.com.uti.AppInfoParser] (main) Kafka startTimeMs: 1754506596139
**** Registry Base URL: http://registry-app-ksql047.apps.ci419.apicurio-testing.org:80
2025-08-06 18:56:36,139 INFO  [org.apa.kaf.cli.con.ConsumerConfig] (main) ConsumerConfig values: 
	allow.auto.create.topics = true
	auto.commit.interval.ms = 500
	auto.include.jmx.reporter = true
	auto.offset.reset = earliest
	bootstrap.servers = [PLAINTEXT://localhost:32769]
	check.crcs = true
	client.dns.lookup = use_all_dns_ips
	client.id = consumer-Consumer-topic-5460acc2_8c6e_4d33_8878_6d2b7b148d98-16
	client.rack = 
	connections.max.idle.ms = 10000
	default.api.timeout.ms = 60000
	enable.auto.commit = true
	enable.metrics.push = true
	exclude.internal.topics = true
	fetch.max.bytes = 52428800
	fetch.max.wait.ms = 500
	fetch.min.bytes = 1
	group.id = Consumer-topic-5460acc2_8c6e_4d33_8878_6d2b7b148d98
	group.instance.id = null
	group.protocol = classic
	group.remote.assignor = null
	heartbeat.interval.ms = 3000
	interceptor.classes = []
	internal.leave.group.on.close = true
	internal.throw.on.fetch.stable.offset.unsupported = false
	isolation.level = read_uncommitted
	key.deserializer = class org.apache.kafka.common.serialization.StringDeserializer
	max.partition.fetch.bytes = 1048576
	max.poll.interval.ms = 300000
	max.poll.records = 500
	metadata.max.age.ms = 300000
	metadata.recovery.strategy = none
	metric.reporters = []
	metrics.num.samples = 2
	metrics.recording.level = INFO
	metrics.sample.window.ms = 30000
	partition.assignment.strategy = [class org.apache.kafka.clients.consumer.RangeAssignor, class org.apache.kafka.clients.consumer.CooperativeStickyAssignor]
	receive.buffer.bytes = 65536
	reconnect.backoff.max.ms = 1000
	reconnect.backoff.ms = 50
	request.timeout.ms = 5000
	retry.backoff.max.ms = 1000
	retry.backoff.ms = 100
	sasl.client.callback.handler.class = null
	sasl.jaas.config = null
	sasl.kerberos.kinit.cmd = /usr/bin/kinit
	sasl.kerberos.min.time.before.relogin = 60000
	sasl.kerberos.service.name = null
	sasl.kerberos.ticket.renew.jitter = 0.05
	sasl.kerberos.ticket.renew.window.factor = 0.8
	sasl.login.callback.handler.class = null
	sasl.login.class = null
	sasl.login.connect.timeout.ms = null
	sasl.login.read.timeout.ms = null
	sasl.login.refresh.buffer.seconds = 300
	sasl.login.refresh.min.period.seconds = 60
	sasl.login.refresh.window.factor = 0.8
	sasl.login.refresh.window.jitter = 0.05
	sasl.login.retry.backoff.max.ms = 10000
	sasl.login.retry.backoff.ms = 100
	sasl.mechanism = GSSAPI
	sasl.oauthbearer.clock.skew.seconds = 30
	sasl.oauthbearer.expected.audience = null
	sasl.oauthbearer.expected.issuer = null
	sasl.oauthbearer.header.urlencode = false
	sasl.oauthbearer.jwks.endpoint.refresh.ms = 3600000
	sasl.oauthbearer.jwks.endpoint.retry.backoff.max.ms = 10000
	sasl.oauthbearer.jwks.endpoint.retry.backoff.ms = 100
	sasl.oauthbearer.jwks.endpoint.url = null
	sasl.oauthbearer.scope.claim.name = scope
	sasl.oauthbearer.sub.claim.name = sub
	sasl.oauthbearer.token.endpoint.url = null
	security.protocol = PLAINTEXT
	security.providers = null
	send.buffer.bytes = 131072
	session.timeout.ms = 45000
	socket.connection.setup.timeout.max.ms = 30000
	socket.connection.setup.timeout.ms = 10000
	ssl.cipher.suites = null
	ssl.enabled.protocols = [TLSv1.2, TLSv1.3]
	ssl.endpoint.identification.algorithm = https
	ssl.engine.factory.class = null
	ssl.key.password = null
	ssl.keymanager.algorithm = SunX509
	ssl.keystore.certificate.chain = null
	ssl.keystore.key = null
	ssl.keystore.location = null
	ssl.keystore.password = null
	ssl.keystore.type = JKS
	ssl.protocol = TLSv1.3
	ssl.provider = null
	ssl.secure.random.implementation = null
	ssl.trustmanager.algorithm = PKIX
	ssl.truststore.certificates = null
	ssl.truststore.location = null
	ssl.truststore.password = null
	ssl.truststore.type = JKS
	value.deserializer = class io.apicurio.registry.serde.avro.AvroKafkaDeserializer

2025-08-06 18:56:36,140 INFO  [org.apa.kaf.com.tel.int.KafkaMetricsCollector] (main) initializing Kafka metrics collector
2025-08-06 18:56:36,161 INFO  [org.apa.kaf.cli.con.ConsumerConfig] (main) These configurations '[apicurio.registry.url]' were supplied but are not used yet.
2025-08-06 18:56:36,161 INFO  [org.apa.kaf.com.uti.AppInfoParser] (main) Kafka version: 3.9.1
2025-08-06 18:56:36,161 INFO  [org.apa.kaf.com.uti.AppInfoParser] (main) Kafka commitId: f745dfdcee2b9851
2025-08-06 18:56:36,161 INFO  [org.apa.kaf.com.uti.AppInfoParser] (main) Kafka startTimeMs: 1754506596161
2025-08-06 18:56:36,164 INFO  [io.api.tes.ser.api.KafkaSerdesTester] (Thread-713) Sending message {"key11754506594998": "value-0"} to topic topic-186a2703_2e9b_499a_bf5f_771ca2cb756c
2025-08-06 18:56:36,170 INFO  [DefaultSchemaResolver] (Thread-713) Retrieving schema content using string: {"type":"record","name":"myrecordconfluent","fields":[{"name":"key11754506594998","type":"string"}]}
2025-08-06 18:56:36,202 INFO  [io.api.tes.ser.api.KafkaSerdesTester] (Thread-713) Sending message {"key11754506594998": "value-1"} to topic topic-186a2703_2e9b_499a_bf5f_771ca2cb756c
2025-08-06 18:56:36,203 INFO  [io.api.tes.ser.api.KafkaSerdesTester] (Thread-713) Sending message {"key11754506594998": "value-2"} to topic topic-186a2703_2e9b_499a_bf5f_771ca2cb756c
2025-08-06 18:56:36,225 INFO  [io.api.tes.ser.api.KafkaSerdesTester] (Thread-713) Sending message {"key11754506594998": "value-3"} to topic topic-186a2703_2e9b_499a_bf5f_771ca2cb756c
2025-08-06 18:56:36,227 INFO  [io.api.tes.ser.api.KafkaSerdesTester] (Thread-713) Sending message {"key11754506594998": "value-4"} to topic topic-186a2703_2e9b_499a_bf5f_771ca2cb756c
2025-08-06 18:56:36,228 INFO  [io.api.tes.ser.api.KafkaSerdesTester] (Thread-713) Sending message {"key11754506594998": "value-5"} to topic topic-186a2703_2e9b_499a_bf5f_771ca2cb756c
2025-08-06 18:56:36,230 INFO  [io.api.tes.ser.api.KafkaSerdesTester] (Thread-713) Sending message {"key11754506594998": "value-6"} to topic topic-186a2703_2e9b_499a_bf5f_771ca2cb756c
2025-08-06 18:56:36,231 INFO  [io.api.tes.ser.api.KafkaSerdesTester] (Thread-713) Sending message {"key11754506594998": "value-7"} to topic topic-186a2703_2e9b_499a_bf5f_771ca2cb756c
2025-08-06 18:56:36,232 INFO  [io.api.tes.ser.api.KafkaSerdesTester] (Thread-713) Sending message {"key11754506594998": "value-8"} to topic topic-186a2703_2e9b_499a_bf5f_771ca2cb756c
2025-08-06 18:56:36,235 INFO  [io.api.tes.ser.api.KafkaSerdesTester] (Thread-713) Sending message {"key11754506594998": "value-9"} to topic topic-186a2703_2e9b_499a_bf5f_771ca2cb756c
2025-08-06 18:56:36,237 INFO  [io.api.tes.ser.api.KafkaSerdesTester] (Thread-713) Produced 10 messages
2025-08-06 18:56:36,237 INFO  [org.apa.kaf.cli.pro.KafkaProducer] (Thread-713) [Producer clientId=Producer-topic-186a2703_2e9b_499a_bf5f_771ca2cb756c] Closing the Kafka producer with timeoutMillis = 9223372036854775807 ms.
2025-08-06 18:56:36,240 INFO  [org.apa.kaf.com.met.Metrics] (Thread-713) Metrics scheduler closed
2025-08-06 18:56:36,240 INFO  [org.apa.kaf.com.met.Metrics] (Thread-713) Closing reporter org.apache.kafka.common.metrics.JmxReporter
2025-08-06 18:56:36,240 INFO  [org.apa.kaf.com.met.Metrics] (Thread-713) Closing reporter org.apache.kafka.common.telemetry.internals.ClientTelemetryReporter
2025-08-06 18:56:36,240 INFO  [org.apa.kaf.com.met.Metrics] (Thread-713) Metrics reporters closed
2025-08-06 18:56:36,240 INFO  [org.apa.kaf.com.uti.AppInfoParser] (Thread-713) App info kafka.producer for Producer-topic-186a2703_2e9b_499a_bf5f_771ca2cb756c unregistered
2025-08-06 18:56:36,242 INFO  [io.api.tes.ser.api.KafkaSerdesTester] (Thread-714) Sending message {"key11754506594998": "value-0"} to topic topic-be303aa4_0616_479a_8ba3_6b24d6fa0d5c
2025-08-06 18:56:36,248 INFO  [DefaultSchemaResolver] (Thread-714) Retrieving schema content using string: {"type":"record","name":"myrecordconfluent","fields":[{"name":"key11754506594998","type":"string"}]}
2025-08-06 18:56:36,283 INFO  [io.api.tes.ser.api.KafkaSerdesTester] (Thread-714) Sending message {"key11754506594998": "value-1"} to topic topic-be303aa4_0616_479a_8ba3_6b24d6fa0d5c
2025-08-06 18:56:36,289 INFO  [io.api.tes.ser.api.KafkaSerdesTester] (Thread-714) Sending message {"key11754506594998": "value-2"} to topic topic-be303aa4_0616_479a_8ba3_6b24d6fa0d5c
2025-08-06 18:56:36,291 INFO  [io.api.tes.ser.api.KafkaSerdesTester] (Thread-714) Sending message {"key11754506594998": "value-3"} to topic topic-be303aa4_0616_479a_8ba3_6b24d6fa0d5c
2025-08-06 18:56:36,292 INFO  [io.api.tes.ser.api.KafkaSerdesTester] (Thread-714) Sending message {"key11754506594998": "value-4"} to topic topic-be303aa4_0616_479a_8ba3_6b24d6fa0d5c
2025-08-06 18:56:36,293 INFO  [io.api.tes.ser.api.KafkaSerdesTester] (Thread-714) Sending message {"key11754506594998": "value-5"} to topic topic-be303aa4_0616_479a_8ba3_6b24d6fa0d5c
2025-08-06 18:56:36,295 INFO  [io.api.tes.ser.api.KafkaSerdesTester] (Thread-714) Sending message {"key11754506594998": "value-6"} to topic topic-be303aa4_0616_479a_8ba3_6b24d6fa0d5c
2025-08-06 18:56:36,296 INFO  [io.api.tes.ser.api.KafkaSerdesTester] (Thread-714) Sending message {"key11754506594998": "value-7"} to topic topic-be303aa4_0616_479a_8ba3_6b24d6fa0d5c
2025-08-06 18:56:36,303 INFO  [io.api.tes.ser.api.KafkaSerdesTester] (Thread-714) Sending message {"key11754506594998": "value-8"} to topic topic-be303aa4_0616_479a_8ba3_6b24d6fa0d5c
2025-08-06 18:56:36,304 INFO  [io.api.tes.ser.api.KafkaSerdesTester] (Thread-714) Sending message {"key11754506594998": "value-9"} to topic topic-be303aa4_0616_479a_8ba3_6b24d6fa0d5c
2025-08-06 18:56:36,306 INFO  [io.api.tes.ser.api.KafkaSerdesTester] (Thread-714) Produced 10 messages
2025-08-06 18:56:36,306 INFO  [org.apa.kaf.cli.pro.KafkaProducer] (Thread-714) [Producer clientId=Producer-topic-be303aa4_0616_479a_8ba3_6b24d6fa0d5c] Closing the Kafka producer with timeoutMillis = 9223372036854775807 ms.
2025-08-06 18:56:36,308 INFO  [org.apa.kaf.com.met.Metrics] (Thread-714) Metrics scheduler closed
2025-08-06 18:56:36,308 INFO  [org.apa.kaf.com.met.Metrics] (Thread-714) Closing reporter org.apache.kafka.common.metrics.JmxReporter
2025-08-06 18:56:36,308 INFO  [org.apa.kaf.com.met.Metrics] (Thread-714) Closing reporter org.apache.kafka.common.telemetry.internals.ClientTelemetryReporter
2025-08-06 18:56:36,308 INFO  [org.apa.kaf.com.met.Metrics] (Thread-714) Metrics reporters closed
2025-08-06 18:56:36,308 INFO  [org.apa.kaf.com.uti.AppInfoParser] (Thread-714) App info kafka.producer for Producer-topic-be303aa4_0616_479a_8ba3_6b24d6fa0d5c unregistered
2025-08-06 18:56:36,309 INFO  [io.api.tes.ser.api.KafkaSerdesTester] (Thread-715) Sending message {"key11754506594998": "value-0"} to topic topic-5460acc2_8c6e_4d33_8878_6d2b7b148d98
2025-08-06 18:56:36,314 INFO  [DefaultSchemaResolver] (Thread-715) Retrieving schema content using string: {"type":"record","name":"myrecordconfluent","fields":[{"name":"key11754506594998","type":"string"}]}
2025-08-06 18:56:36,346 INFO  [io.api.tes.ser.api.KafkaSerdesTester] (Thread-715) Sending message {"key11754506594998": "value-1"} to topic topic-5460acc2_8c6e_4d33_8878_6d2b7b148d98
2025-08-06 18:56:36,348 INFO  [io.api.tes.ser.api.KafkaSerdesTester] (Thread-715) Sending message {"key11754506594998": "value-2"} to topic topic-5460acc2_8c6e_4d33_8878_6d2b7b148d98
2025-08-06 18:56:36,349 INFO  [io.api.tes.ser.api.KafkaSerdesTester] (Thread-715) Sending message {"key11754506594998": "value-3"} to topic topic-5460acc2_8c6e_4d33_8878_6d2b7b148d98
2025-08-06 18:56:36,352 INFO  [io.api.tes.ser.api.KafkaSerdesTester] (Thread-715) Sending message {"key11754506594998": "value-4"} to topic topic-5460acc2_8c6e_4d33_8878_6d2b7b148d98
2025-08-06 18:56:36,354 INFO  [io.api.tes.ser.api.KafkaSerdesTester] (Thread-715) Sending message {"key11754506594998": "value-5"} to topic topic-5460acc2_8c6e_4d33_8878_6d2b7b148d98
2025-08-06 18:56:36,357 INFO  [io.api.tes.ser.api.KafkaSerdesTester] (Thread-715) Sending message {"key11754506594998": "value-6"} to topic topic-5460acc2_8c6e_4d33_8878_6d2b7b148d98
2025-08-06 18:56:36,358 INFO  [io.api.tes.ser.api.KafkaSerdesTester] (Thread-715) Sending message {"key11754506594998": "value-7"} to topic topic-5460acc2_8c6e_4d33_8878_6d2b7b148d98
2025-08-06 18:56:36,360 INFO  [io.api.tes.ser.api.KafkaSerdesTester] (Thread-715) Sending message {"key11754506594998": "value-8"} to topic topic-5460acc2_8c6e_4d33_8878_6d2b7b148d98
2025-08-06 18:56:36,361 INFO  [io.api.tes.ser.api.KafkaSerdesTester] (Thread-715) Sending message {"key11754506594998": "value-9"} to topic topic-5460acc2_8c6e_4d33_8878_6d2b7b148d98
2025-08-06 18:56:36,362 INFO  [io.api.tes.ser.api.KafkaSerdesTester] (Thread-715) Produced 10 messages
2025-08-06 18:56:36,362 INFO  [org.apa.kaf.cli.pro.KafkaProducer] (Thread-715) [Producer clientId=Producer-topic-5460acc2_8c6e_4d33_8878_6d2b7b148d98] Closing the Kafka producer with timeoutMillis = 9223372036854775807 ms.
2025-08-06 18:56:36,365 INFO  [org.apa.kaf.com.met.Metrics] (Thread-715) Metrics scheduler closed
2025-08-06 18:56:36,366 INFO  [org.apa.kaf.com.met.Metrics] (Thread-715) Closing reporter org.apache.kafka.common.metrics.JmxReporter
2025-08-06 18:56:36,366 INFO  [org.apa.kaf.com.met.Metrics] (Thread-715) Closing reporter org.apache.kafka.common.telemetry.internals.ClientTelemetryReporter
2025-08-06 18:56:36,366 INFO  [org.apa.kaf.com.met.Metrics] (Thread-715) Metrics reporters closed
2025-08-06 18:56:36,366 INFO  [org.apa.kaf.com.uti.AppInfoParser] (Thread-715) App info kafka.producer for Producer-topic-5460acc2_8c6e_4d33_8878_6d2b7b148d98 unregistered
2025-08-06 18:56:36,367 INFO  [org.apa.kaf.cli.con.int.ClassicKafkaConsumer] (Thread-716) [Consumer clientId=consumer-Consumer-topic-186a2703_2e9b_499a_bf5f_771ca2cb756c-14, groupId=Consumer-topic-186a2703_2e9b_499a_bf5f_771ca2cb756c] Subscribed to topic(s): topic-186a2703_2e9b_499a_bf5f_771ca2cb756c
2025-08-06 18:56:36,372 INFO  [org.apa.kaf.cli.Metadata] (Thread-716) [Consumer clientId=consumer-Consumer-topic-186a2703_2e9b_499a_bf5f_771ca2cb756c-14, groupId=Consumer-topic-186a2703_2e9b_499a_bf5f_771ca2cb756c] Cluster ID: NyMRaTI5Q0SXQrlZpmr68g
2025-08-06 18:56:36,373 INFO  [org.apa.kaf.cli.con.int.ConsumerCoordinator] (Thread-716) [Consumer clientId=consumer-Consumer-topic-186a2703_2e9b_499a_bf5f_771ca2cb756c-14, groupId=Consumer-topic-186a2703_2e9b_499a_bf5f_771ca2cb756c] Discovered group coordinator localhost:32769 (id: 2147483647 rack: null)
2025-08-06 18:56:36,374 INFO  [org.apa.kaf.cli.con.int.ConsumerCoordinator] (Thread-716) [Consumer clientId=consumer-Consumer-topic-186a2703_2e9b_499a_bf5f_771ca2cb756c-14, groupId=Consumer-topic-186a2703_2e9b_499a_bf5f_771ca2cb756c] (Re-)joining group
2025-08-06 18:56:36,376 INFO  [org.apa.kaf.cli.con.int.ConsumerCoordinator] (Thread-716) [Consumer clientId=consumer-Consumer-topic-186a2703_2e9b_499a_bf5f_771ca2cb756c-14, groupId=Consumer-topic-186a2703_2e9b_499a_bf5f_771ca2cb756c] Request joining group due to: need to re-join with the given member-id: consumer-Consumer-topic-186a2703_2e9b_499a_bf5f_771ca2cb756c-14-22eade3f-7932-40e5-b745-918c00597e21
2025-08-06 18:56:36,376 INFO  [org.apa.kaf.cli.con.int.ConsumerCoordinator] (Thread-716) [Consumer clientId=consumer-Consumer-topic-186a2703_2e9b_499a_bf5f_771ca2cb756c-14, groupId=Consumer-topic-186a2703_2e9b_499a_bf5f_771ca2cb756c] (Re-)joining group
2025-08-06 18:56:37,367 INFO  [io.api.tes.ser.api.KafkaSerdesTester] (Thread-716) None found
2025-08-06 18:56:38,367 INFO  [io.api.tes.ser.api.KafkaSerdesTester] (Thread-716) None found
2025-08-06 18:56:39,367 INFO  [io.api.tes.ser.api.KafkaSerdesTester] (Thread-716) None found
2025-08-06 18:56:39,377 INFO  [org.apa.kaf.cli.con.int.ConsumerCoordinator] (Thread-716) [Consumer clientId=consumer-Consumer-topic-186a2703_2e9b_499a_bf5f_771ca2cb756c-14, groupId=Consumer-topic-186a2703_2e9b_499a_bf5f_771ca2cb756c] Successfully joined group with generation Generation{generationId=1, memberId='consumer-Consumer-topic-186a2703_2e9b_499a_bf5f_771ca2cb756c-14-22eade3f-7932-40e5-b745-918c00597e21', protocol='range'}
2025-08-06 18:56:39,378 INFO  [org.apa.kaf.cli.con.int.ConsumerCoordinator] (Thread-716) [Consumer clientId=consumer-Consumer-topic-186a2703_2e9b_499a_bf5f_771ca2cb756c-14, groupId=Consumer-topic-186a2703_2e9b_499a_bf5f_771ca2cb756c] Finished assignment for group at generation 1: {consumer-Consumer-topic-186a2703_2e9b_499a_bf5f_771ca2cb756c-14-22eade3f-7932-40e5-b745-918c00597e21=Assignment(partitions=[topic-186a2703_2e9b_499a_bf5f_771ca2cb756c-0])}
2025-08-06 18:56:39,384 INFO  [org.apa.kaf.cli.con.int.ConsumerCoordinator] (Thread-716) [Consumer clientId=consumer-Consumer-topic-186a2703_2e9b_499a_bf5f_771ca2cb756c-14, groupId=Consumer-topic-186a2703_2e9b_499a_bf5f_771ca2cb756c] Successfully synced group in generation Generation{generationId=1, memberId='consumer-Consumer-topic-186a2703_2e9b_499a_bf5f_771ca2cb756c-14-22eade3f-7932-40e5-b745-918c00597e21', protocol='range'}
2025-08-06 18:56:39,385 INFO  [org.apa.kaf.cli.con.int.ConsumerCoordinator] (Thread-716) [Consumer clientId=consumer-Consumer-topic-186a2703_2e9b_499a_bf5f_771ca2cb756c-14, groupId=Consumer-topic-186a2703_2e9b_499a_bf5f_771ca2cb756c] Notifying assignor about the new Assignment(partitions=[topic-186a2703_2e9b_499a_bf5f_771ca2cb756c-0])
2025-08-06 18:56:39,385 INFO  [org.apa.kaf.cli.con.int.ConsumerRebalanceListenerInvoker] (Thread-716) [Consumer clientId=consumer-Consumer-topic-186a2703_2e9b_499a_bf5f_771ca2cb756c-14, groupId=Consumer-topic-186a2703_2e9b_499a_bf5f_771ca2cb756c] Adding newly assigned partitions: topic-186a2703_2e9b_499a_bf5f_771ca2cb756c-0
2025-08-06 18:56:39,385 INFO  [org.apa.kaf.cli.con.int.ConsumerCoordinator] (Thread-716) [Consumer clientId=consumer-Consumer-topic-186a2703_2e9b_499a_bf5f_771ca2cb756c-14, groupId=Consumer-topic-186a2703_2e9b_499a_bf5f_771ca2cb756c] Found no committed offset for partition topic-186a2703_2e9b_499a_bf5f_771ca2cb756c-0
2025-08-06 18:56:39,388 INFO  [org.apa.kaf.cli.con.int.SubscriptionState] (Thread-716) [Consumer clientId=consumer-Consumer-topic-186a2703_2e9b_499a_bf5f_771ca2cb756c-14, groupId=Consumer-topic-186a2703_2e9b_499a_bf5f_771ca2cb756c] Resetting offset for partition topic-186a2703_2e9b_499a_bf5f_771ca2cb756c-0 to position FetchPosition{offset=0, offsetEpoch=Optional.empty, currentLeader=LeaderAndEpoch{leader=Optional[localhost:32769 (id: 0 rack: null)], epoch=0}}.
2025-08-06 18:56:39,425 INFO  [io.api.tes.ser.api.KafkaSerdesTester] (Thread-716) topic-186a2703_2e9b_499a_bf5f_771ca2cb756c 0 0 {"key11754506594998": "value-0"}
2025-08-06 18:56:39,425 INFO  [io.api.tes.ser.api.KafkaSerdesTester] (Thread-716) topic-186a2703_2e9b_499a_bf5f_771ca2cb756c 0 1 {"key11754506594998": "value-1"}
2025-08-06 18:56:39,425 INFO  [io.api.tes.ser.api.KafkaSerdesTester] (Thread-716) topic-186a2703_2e9b_499a_bf5f_771ca2cb756c 0 2 {"key11754506594998": "value-2"}
2025-08-06 18:56:39,425 INFO  [io.api.tes.ser.api.KafkaSerdesTester] (Thread-716) topic-186a2703_2e9b_499a_bf5f_771ca2cb756c 0 3 {"key11754506594998": "value-3"}
2025-08-06 18:56:39,425 INFO  [io.api.tes.ser.api.KafkaSerdesTester] (Thread-716) topic-186a2703_2e9b_499a_bf5f_771ca2cb756c 0 4 {"key11754506594998": "value-4"}
2025-08-06 18:56:39,425 INFO  [io.api.tes.ser.api.KafkaSerdesTester] (Thread-716) topic-186a2703_2e9b_499a_bf5f_771ca2cb756c 0 5 {"key11754506594998": "value-5"}
2025-08-06 18:56:39,425 INFO  [io.api.tes.ser.api.KafkaSerdesTester] (Thread-716) topic-186a2703_2e9b_499a_bf5f_771ca2cb756c 0 6 {"key11754506594998": "value-6"}
2025-08-06 18:56:39,425 INFO  [io.api.tes.ser.api.KafkaSerdesTester] (Thread-716) topic-186a2703_2e9b_499a_bf5f_771ca2cb756c 0 7 {"key11754506594998": "value-7"}
2025-08-06 18:56:39,425 INFO  [io.api.tes.ser.api.KafkaSerdesTester] (Thread-716) topic-186a2703_2e9b_499a_bf5f_771ca2cb756c 0 8 {"key11754506594998": "value-8"}
2025-08-06 18:56:39,425 INFO  [io.api.tes.ser.api.KafkaSerdesTester] (Thread-716) topic-186a2703_2e9b_499a_bf5f_771ca2cb756c 0 9 {"key11754506594998": "value-9"}
2025-08-06 18:56:39,425 INFO  [io.api.tes.ser.api.KafkaSerdesTester] (Thread-716) Consumed 10 messages
2025-08-06 18:56:39,433 INFO  [org.apa.kaf.cli.con.int.ConsumerRebalanceListenerInvoker] (Thread-716) [Consumer clientId=consumer-Consumer-topic-186a2703_2e9b_499a_bf5f_771ca2cb756c-14, groupId=Consumer-topic-186a2703_2e9b_499a_bf5f_771ca2cb756c] Revoke previously assigned partitions topic-186a2703_2e9b_499a_bf5f_771ca2cb756c-0
2025-08-06 18:56:39,433 INFO  [org.apa.kaf.cli.con.int.ConsumerCoordinator] (Thread-716) [Consumer clientId=consumer-Consumer-topic-186a2703_2e9b_499a_bf5f_771ca2cb756c-14, groupId=Consumer-topic-186a2703_2e9b_499a_bf5f_771ca2cb756c] Member consumer-Consumer-topic-186a2703_2e9b_499a_bf5f_771ca2cb756c-14-22eade3f-7932-40e5-b745-918c00597e21 sending LeaveGroup request to coordinator localhost:32769 (id: 2147483647 rack: null) due to the consumer is being closed
2025-08-06 18:56:39,433 INFO  [org.apa.kaf.cli.con.int.ConsumerCoordinator] (Thread-716) [Consumer clientId=consumer-Consumer-topic-186a2703_2e9b_499a_bf5f_771ca2cb756c-14, groupId=Consumer-topic-186a2703_2e9b_499a_bf5f_771ca2cb756c] Resetting generation and member id due to: consumer pro-actively leaving the group
2025-08-06 18:56:39,433 INFO  [org.apa.kaf.cli.con.int.ConsumerCoordinator] (Thread-716) [Consumer clientId=consumer-Consumer-topic-186a2703_2e9b_499a_bf5f_771ca2cb756c-14, groupId=Consumer-topic-186a2703_2e9b_499a_bf5f_771ca2cb756c] Request joining group due to: consumer pro-actively leaving the group
2025-08-06 18:56:39,927 INFO  [org.apa.kaf.com.met.Metrics] (Thread-716) Metrics scheduler closed
2025-08-06 18:56:39,927 INFO  [org.apa.kaf.com.met.Metrics] (Thread-716) Closing reporter org.apache.kafka.common.metrics.JmxReporter
2025-08-06 18:56:39,928 INFO  [org.apa.kaf.com.met.Metrics] (Thread-716) Closing reporter org.apache.kafka.common.telemetry.internals.ClientTelemetryReporter
2025-08-06 18:56:39,928 INFO  [org.apa.kaf.com.met.Metrics] (Thread-716) Metrics reporters closed
2025-08-06 18:56:39,930 INFO  [org.apa.kaf.com.uti.AppInfoParser] (Thread-716) App info kafka.consumer for consumer-Consumer-topic-186a2703_2e9b_499a_bf5f_771ca2cb756c-14 unregistered
2025-08-06 18:56:39,930 INFO  [org.apa.kaf.cli.con.int.ClassicKafkaConsumer] (Thread-717) [Consumer clientId=consumer-Consumer-topic-be303aa4_0616_479a_8ba3_6b24d6fa0d5c-15, groupId=Consumer-topic-be303aa4_0616_479a_8ba3_6b24d6fa0d5c] Subscribed to topic(s): topic-be303aa4_0616_479a_8ba3_6b24d6fa0d5c
2025-08-06 18:56:39,937 INFO  [org.apa.kaf.cli.Metadata] (Thread-717) [Consumer clientId=consumer-Consumer-topic-be303aa4_0616_479a_8ba3_6b24d6fa0d5c-15, groupId=Consumer-topic-be303aa4_0616_479a_8ba3_6b24d6fa0d5c] Cluster ID: NyMRaTI5Q0SXQrlZpmr68g
2025-08-06 18:56:39,938 INFO  [org.apa.kaf.cli.con.int.ConsumerCoordinator] (Thread-717) [Consumer clientId=consumer-Consumer-topic-be303aa4_0616_479a_8ba3_6b24d6fa0d5c-15, groupId=Consumer-topic-be303aa4_0616_479a_8ba3_6b24d6fa0d5c] Discovered group coordinator localhost:32769 (id: 2147483647 rack: null)
2025-08-06 18:56:39,939 INFO  [org.apa.kaf.cli.con.int.ConsumerCoordinator] (Thread-717) [Consumer clientId=consumer-Consumer-topic-be303aa4_0616_479a_8ba3_6b24d6fa0d5c-15, groupId=Consumer-topic-be303aa4_0616_479a_8ba3_6b24d6fa0d5c] (Re-)joining group
2025-08-06 18:56:39,943 INFO  [org.apa.kaf.cli.con.int.ConsumerCoordinator] (Thread-717) [Consumer clientId=consumer-Consumer-topic-be303aa4_0616_479a_8ba3_6b24d6fa0d5c-15, groupId=Consumer-topic-be303aa4_0616_479a_8ba3_6b24d6fa0d5c] Request joining group due to: need to re-join with the given member-id: consumer-Consumer-topic-be303aa4_0616_479a_8ba3_6b24d6fa0d5c-15-3e1808be-a37e-42d3-94a7-afa9157816c4
2025-08-06 18:56:39,943 INFO  [org.apa.kaf.cli.con.int.ConsumerCoordinator] (Thread-717) [Consumer clientId=consumer-Consumer-topic-be303aa4_0616_479a_8ba3_6b24d6fa0d5c-15, groupId=Consumer-topic-be303aa4_0616_479a_8ba3_6b24d6fa0d5c] (Re-)joining group
2025-08-06 18:56:40,930 INFO  [io.api.tes.ser.api.KafkaSerdesTester] (Thread-717) None found
2025-08-06 18:56:41,930 INFO  [io.api.tes.ser.api.KafkaSerdesTester] (Thread-717) None found
2025-08-06 18:56:42,930 INFO  [io.api.tes.ser.api.KafkaSerdesTester] (Thread-717) None found
2025-08-06 18:56:42,944 INFO  [org.apa.kaf.cli.con.int.ConsumerCoordinator] (Thread-717) [Consumer clientId=consumer-Consumer-topic-be303aa4_0616_479a_8ba3_6b24d6fa0d5c-15, groupId=Consumer-topic-be303aa4_0616_479a_8ba3_6b24d6fa0d5c] Successfully joined group with generation Generation{generationId=1, memberId='consumer-Consumer-topic-be303aa4_0616_479a_8ba3_6b24d6fa0d5c-15-3e1808be-a37e-42d3-94a7-afa9157816c4', protocol='range'}
2025-08-06 18:56:42,945 INFO  [org.apa.kaf.cli.con.int.ConsumerCoordinator] (Thread-717) [Consumer clientId=consumer-Consumer-topic-be303aa4_0616_479a_8ba3_6b24d6fa0d5c-15, groupId=Consumer-topic-be303aa4_0616_479a_8ba3_6b24d6fa0d5c] Finished assignment for group at generation 1: {consumer-Consumer-topic-be303aa4_0616_479a_8ba3_6b24d6fa0d5c-15-3e1808be-a37e-42d3-94a7-afa9157816c4=Assignment(partitions=[topic-be303aa4_0616_479a_8ba3_6b24d6fa0d5c-0])}
2025-08-06 18:56:42,952 INFO  [org.apa.kaf.cli.con.int.ConsumerCoordinator] (Thread-717) [Consumer clientId=consumer-Consumer-topic-be303aa4_0616_479a_8ba3_6b24d6fa0d5c-15, groupId=Consumer-topic-be303aa4_0616_479a_8ba3_6b24d6fa0d5c] Successfully synced group in generation Generation{generationId=1, memberId='consumer-Consumer-topic-be303aa4_0616_479a_8ba3_6b24d6fa0d5c-15-3e1808be-a37e-42d3-94a7-afa9157816c4', protocol='range'}
2025-08-06 18:56:42,952 INFO  [org.apa.kaf.cli.con.int.ConsumerCoordinator] (Thread-717) [Consumer clientId=consumer-Consumer-topic-be303aa4_0616_479a_8ba3_6b24d6fa0d5c-15, groupId=Consumer-topic-be303aa4_0616_479a_8ba3_6b24d6fa0d5c] Notifying assignor about the new Assignment(partitions=[topic-be303aa4_0616_479a_8ba3_6b24d6fa0d5c-0])
2025-08-06 18:56:42,952 INFO  [org.apa.kaf.cli.con.int.ConsumerRebalanceListenerInvoker] (Thread-717) [Consumer clientId=consumer-Consumer-topic-be303aa4_0616_479a_8ba3_6b24d6fa0d5c-15, groupId=Consumer-topic-be303aa4_0616_479a_8ba3_6b24d6fa0d5c] Adding newly assigned partitions: topic-be303aa4_0616_479a_8ba3_6b24d6fa0d5c-0
2025-08-06 18:56:42,953 INFO  [org.apa.kaf.cli.con.int.ConsumerCoordinator] (Thread-717) [Consumer clientId=consumer-Consumer-topic-be303aa4_0616_479a_8ba3_6b24d6fa0d5c-15, groupId=Consumer-topic-be303aa4_0616_479a_8ba3_6b24d6fa0d5c] Found no committed offset for partition topic-be303aa4_0616_479a_8ba3_6b24d6fa0d5c-0
2025-08-06 18:56:42,954 INFO  [org.apa.kaf.cli.con.int.SubscriptionState] (Thread-717) [Consumer clientId=consumer-Consumer-topic-be303aa4_0616_479a_8ba3_6b24d6fa0d5c-15, groupId=Consumer-topic-be303aa4_0616_479a_8ba3_6b24d6fa0d5c] Resetting offset for partition topic-be303aa4_0616_479a_8ba3_6b24d6fa0d5c-0 to position FetchPosition{offset=0, offsetEpoch=Optional.empty, currentLeader=LeaderAndEpoch{leader=Optional[localhost:32769 (id: 0 rack: null)], epoch=0}}.
2025-08-06 18:56:42,990 INFO  [io.api.tes.ser.api.KafkaSerdesTester] (Thread-717) topic-be303aa4_0616_479a_8ba3_6b24d6fa0d5c 0 0 {"key11754506594998": "value-0"}
2025-08-06 18:56:42,990 INFO  [io.api.tes.ser.api.KafkaSerdesTester] (Thread-717) topic-be303aa4_0616_479a_8ba3_6b24d6fa0d5c 0 1 {"key11754506594998": "value-1"}
2025-08-06 18:56:42,991 INFO  [io.api.tes.ser.api.KafkaSerdesTester] (Thread-717) topic-be303aa4_0616_479a_8ba3_6b24d6fa0d5c 0 2 {"key11754506594998": "value-2"}
2025-08-06 18:56:42,991 INFO  [io.api.tes.ser.api.KafkaSerdesTester] (Thread-717) topic-be303aa4_0616_479a_8ba3_6b24d6fa0d5c 0 3 {"key11754506594998": "value-3"}
2025-08-06 18:56:42,991 INFO  [io.api.tes.ser.api.KafkaSerdesTester] (Thread-717) topic-be303aa4_0616_479a_8ba3_6b24d6fa0d5c 0 4 {"key11754506594998": "value-4"}
2025-08-06 18:56:42,991 INFO  [io.api.tes.ser.api.KafkaSerdesTester] (Thread-717) topic-be303aa4_0616_479a_8ba3_6b24d6fa0d5c 0 5 {"key11754506594998": "value-5"}
2025-08-06 18:56:42,991 INFO  [io.api.tes.ser.api.KafkaSerdesTester] (Thread-717) topic-be303aa4_0616_479a_8ba3_6b24d6fa0d5c 0 6 {"key11754506594998": "value-6"}
2025-08-06 18:56:42,991 INFO  [io.api.tes.ser.api.KafkaSerdesTester] (Thread-717) topic-be303aa4_0616_479a_8ba3_6b24d6fa0d5c 0 7 {"key11754506594998": "value-7"}
2025-08-06 18:56:42,991 INFO  [io.api.tes.ser.api.KafkaSerdesTester] (Thread-717) topic-be303aa4_0616_479a_8ba3_6b24d6fa0d5c 0 8 {"key11754506594998": "value-8"}
2025-08-06 18:56:42,991 INFO  [io.api.tes.ser.api.KafkaSerdesTester] (Thread-717) topic-be303aa4_0616_479a_8ba3_6b24d6fa0d5c 0 9 {"key11754506594998": "value-9"}
2025-08-06 18:56:42,991 INFO  [io.api.tes.ser.api.KafkaSerdesTester] (Thread-717) Consumed 10 messages
2025-08-06 18:56:42,997 INFO  [org.apa.kaf.cli.con.int.ConsumerRebalanceListenerInvoker] (Thread-717) [Consumer clientId=consumer-Consumer-topic-be303aa4_0616_479a_8ba3_6b24d6fa0d5c-15, groupId=Consumer-topic-be303aa4_0616_479a_8ba3_6b24d6fa0d5c] Revoke previously assigned partitions topic-be303aa4_0616_479a_8ba3_6b24d6fa0d5c-0
2025-08-06 18:56:42,997 INFO  [org.apa.kaf.cli.con.int.ConsumerCoordinator] (Thread-717) [Consumer clientId=consumer-Consumer-topic-be303aa4_0616_479a_8ba3_6b24d6fa0d5c-15, groupId=Consumer-topic-be303aa4_0616_479a_8ba3_6b24d6fa0d5c] Member consumer-Consumer-topic-be303aa4_0616_479a_8ba3_6b24d6fa0d5c-15-3e1808be-a37e-42d3-94a7-afa9157816c4 sending LeaveGroup request to coordinator localhost:32769 (id: 2147483647 rack: null) due to the consumer is being closed
2025-08-06 18:56:42,998 INFO  [org.apa.kaf.cli.con.int.ConsumerCoordinator] (Thread-717) [Consumer clientId=consumer-Consumer-topic-be303aa4_0616_479a_8ba3_6b24d6fa0d5c-15, groupId=Consumer-topic-be303aa4_0616_479a_8ba3_6b24d6fa0d5c] Resetting generation and member id due to: consumer pro-actively leaving the group
2025-08-06 18:56:42,998 INFO  [org.apa.kaf.cli.con.int.ConsumerCoordinator] (Thread-717) [Consumer clientId=consumer-Consumer-topic-be303aa4_0616_479a_8ba3_6b24d6fa0d5c-15, groupId=Consumer-topic-be303aa4_0616_479a_8ba3_6b24d6fa0d5c] Request joining group due to: consumer pro-actively leaving the group
2025-08-06 18:56:43,493 INFO  [org.apa.kaf.com.met.Metrics] (Thread-717) Metrics scheduler closed
2025-08-06 18:56:43,493 INFO  [org.apa.kaf.com.met.Metrics] (Thread-717) Closing reporter org.apache.kafka.common.metrics.JmxReporter
2025-08-06 18:56:43,493 INFO  [org.apa.kaf.com.met.Metrics] (Thread-717) Closing reporter org.apache.kafka.common.telemetry.internals.ClientTelemetryReporter
2025-08-06 18:56:43,493 INFO  [org.apa.kaf.com.met.Metrics] (Thread-717) Metrics reporters closed
2025-08-06 18:56:43,495 INFO  [org.apa.kaf.com.uti.AppInfoParser] (Thread-717) App info kafka.consumer for consumer-Consumer-topic-be303aa4_0616_479a_8ba3_6b24d6fa0d5c-15 unregistered
2025-08-06 18:56:43,495 INFO  [org.apa.kaf.cli.con.int.ClassicKafkaConsumer] (Thread-718) [Consumer clientId=consumer-Consumer-topic-5460acc2_8c6e_4d33_8878_6d2b7b148d98-16, groupId=Consumer-topic-5460acc2_8c6e_4d33_8878_6d2b7b148d98] Subscribed to topic(s): topic-5460acc2_8c6e_4d33_8878_6d2b7b148d98
2025-08-06 18:56:43,499 INFO  [org.apa.kaf.cli.Metadata] (Thread-718) [Consumer clientId=consumer-Consumer-topic-5460acc2_8c6e_4d33_8878_6d2b7b148d98-16, groupId=Consumer-topic-5460acc2_8c6e_4d33_8878_6d2b7b148d98] Cluster ID: NyMRaTI5Q0SXQrlZpmr68g
2025-08-06 18:56:43,501 INFO  [org.apa.kaf.cli.con.int.ConsumerCoordinator] (Thread-718) [Consumer clientId=consumer-Consumer-topic-5460acc2_8c6e_4d33_8878_6d2b7b148d98-16, groupId=Consumer-topic-5460acc2_8c6e_4d33_8878_6d2b7b148d98] Discovered group coordinator localhost:32769 (id: 2147483647 rack: null)
2025-08-06 18:56:43,502 INFO  [org.apa.kaf.cli.con.int.ConsumerCoordinator] (Thread-718) [Consumer clientId=consumer-Consumer-topic-5460acc2_8c6e_4d33_8878_6d2b7b148d98-16, groupId=Consumer-topic-5460acc2_8c6e_4d33_8878_6d2b7b148d98] (Re-)joining group
2025-08-06 18:56:43,504 INFO  [org.apa.kaf.cli.con.int.ConsumerCoordinator] (Thread-718) [Consumer clientId=consumer-Consumer-topic-5460acc2_8c6e_4d33_8878_6d2b7b148d98-16, groupId=Consumer-topic-5460acc2_8c6e_4d33_8878_6d2b7b148d98] Request joining group due to: need to re-join with the given member-id: consumer-Consumer-topic-5460acc2_8c6e_4d33_8878_6d2b7b148d98-16-a8a3fecf-f590-4218-98c6-91854b8e63a0
2025-08-06 18:56:43,504 INFO  [org.apa.kaf.cli.con.int.ConsumerCoordinator] (Thread-718) [Consumer clientId=consumer-Consumer-topic-5460acc2_8c6e_4d33_8878_6d2b7b148d98-16, groupId=Consumer-topic-5460acc2_8c6e_4d33_8878_6d2b7b148d98] (Re-)joining group
2025-08-06 18:56:44,495 INFO  [io.api.tes.ser.api.KafkaSerdesTester] (Thread-718) None found
2025-08-06 18:56:45,496 INFO  [io.api.tes.ser.api.KafkaSerdesTester] (Thread-718) None found
2025-08-06 18:56:46,496 INFO  [io.api.tes.ser.api.KafkaSerdesTester] (Thread-718) None found
2025-08-06 18:56:46,506 INFO  [org.apa.kaf.cli.con.int.ConsumerCoordinator] (Thread-718) [Consumer clientId=consumer-Consumer-topic-5460acc2_8c6e_4d33_8878_6d2b7b148d98-16, groupId=Consumer-topic-5460acc2_8c6e_4d33_8878_6d2b7b148d98] Successfully joined group with generation Generation{generationId=1, memberId='consumer-Consumer-topic-5460acc2_8c6e_4d33_8878_6d2b7b148d98-16-a8a3fecf-f590-4218-98c6-91854b8e63a0', protocol='range'}
2025-08-06 18:56:46,506 INFO  [org.apa.kaf.cli.con.int.ConsumerCoordinator] (Thread-718) [Consumer clientId=consumer-Consumer-topic-5460acc2_8c6e_4d33_8878_6d2b7b148d98-16, groupId=Consumer-topic-5460acc2_8c6e_4d33_8878_6d2b7b148d98] Finished assignment for group at generation 1: {consumer-Consumer-topic-5460acc2_8c6e_4d33_8878_6d2b7b148d98-16-a8a3fecf-f590-4218-98c6-91854b8e63a0=Assignment(partitions=[topic-5460acc2_8c6e_4d33_8878_6d2b7b148d98-0])}
2025-08-06 18:56:46,513 INFO  [org.apa.kaf.cli.con.int.ConsumerCoordinator] (Thread-718) [Consumer clientId=consumer-Consumer-topic-5460acc2_8c6e_4d33_8878_6d2b7b148d98-16, groupId=Consumer-topic-5460acc2_8c6e_4d33_8878_6d2b7b148d98] Successfully synced group in generation Generation{generationId=1, memberId='consumer-Consumer-topic-5460acc2_8c6e_4d33_8878_6d2b7b148d98-16-a8a3fecf-f590-4218-98c6-91854b8e63a0', protocol='range'}
2025-08-06 18:56:46,513 INFO  [org.apa.kaf.cli.con.int.ConsumerCoordinator] (Thread-718) [Consumer clientId=consumer-Consumer-topic-5460acc2_8c6e_4d33_8878_6d2b7b148d98-16, groupId=Consumer-topic-5460acc2_8c6e_4d33_8878_6d2b7b148d98] Notifying assignor about the new Assignment(partitions=[topic-5460acc2_8c6e_4d33_8878_6d2b7b148d98-0])
2025-08-06 18:56:46,513 INFO  [org.apa.kaf.cli.con.int.ConsumerRebalanceListenerInvoker] (Thread-718) [Consumer clientId=consumer-Consumer-topic-5460acc2_8c6e_4d33_8878_6d2b7b148d98-16, groupId=Consumer-topic-5460acc2_8c6e_4d33_8878_6d2b7b148d98] Adding newly assigned partitions: topic-5460acc2_8c6e_4d33_8878_6d2b7b148d98-0
2025-08-06 18:56:46,514 INFO  [org.apa.kaf.cli.con.int.ConsumerCoordinator] (Thread-718) [Consumer clientId=consumer-Consumer-topic-5460acc2_8c6e_4d33_8878_6d2b7b148d98-16, groupId=Consumer-topic-5460acc2_8c6e_4d33_8878_6d2b7b148d98] Found no committed offset for partition topic-5460acc2_8c6e_4d33_8878_6d2b7b148d98-0
2025-08-06 18:56:46,523 INFO  [org.apa.kaf.cli.con.int.SubscriptionState] (Thread-718) [Consumer clientId=consumer-Consumer-topic-5460acc2_8c6e_4d33_8878_6d2b7b148d98-16, groupId=Consumer-topic-5460acc2_8c6e_4d33_8878_6d2b7b148d98] Resetting offset for partition topic-5460acc2_8c6e_4d33_8878_6d2b7b148d98-0 to position FetchPosition{offset=0, offsetEpoch=Optional.empty, currentLeader=LeaderAndEpoch{leader=Optional[localhost:32769 (id: 0 rack: null)], epoch=0}}.
2025-08-06 18:56:46,565 INFO  [io.api.tes.ser.api.KafkaSerdesTester] (Thread-718) topic-5460acc2_8c6e_4d33_8878_6d2b7b148d98 0 0 {"key11754506594998": "value-0"}
2025-08-06 18:56:46,565 INFO  [io.api.tes.ser.api.KafkaSerdesTester] (Thread-718) topic-5460acc2_8c6e_4d33_8878_6d2b7b148d98 0 1 {"key11754506594998": "value-1"}
2025-08-06 18:56:46,565 INFO  [io.api.tes.ser.api.KafkaSerdesTester] (Thread-718) topic-5460acc2_8c6e_4d33_8878_6d2b7b148d98 0 2 {"key11754506594998": "value-2"}
2025-08-06 18:56:46,565 INFO  [io.api.tes.ser.api.KafkaSerdesTester] (Thread-718) topic-5460acc2_8c6e_4d33_8878_6d2b7b148d98 0 3 {"key11754506594998": "value-3"}
2025-08-06 18:56:46,565 INFO  [io.api.tes.ser.api.KafkaSerdesTester] (Thread-718) topic-5460acc2_8c6e_4d33_8878_6d2b7b148d98 0 4 {"key11754506594998": "value-4"}
2025-08-06 18:56:46,565 INFO  [io.api.tes.ser.api.KafkaSerdesTester] (Thread-718) topic-5460acc2_8c6e_4d33_8878_6d2b7b148d98 0 5 {"key11754506594998": "value-5"}
2025-08-06 18:56:46,565 INFO  [io.api.tes.ser.api.KafkaSerdesTester] (Thread-718) topic-5460acc2_8c6e_4d33_8878_6d2b7b148d98 0 6 {"key11754506594998": "value-6"}
2025-08-06 18:56:46,565 INFO  [io.api.tes.ser.api.KafkaSerdesTester] (Thread-718) topic-5460acc2_8c6e_4d33_8878_6d2b7b148d98 0 7 {"key11754506594998": "value-7"}
2025-08-06 18:56:46,565 INFO  [io.api.tes.ser.api.KafkaSerdesTester] (Thread-718) topic-5460acc2_8c6e_4d33_8878_6d2b7b148d98 0 8 {"key11754506594998": "value-8"}
2025-08-06 18:56:46,565 INFO  [io.api.tes.ser.api.KafkaSerdesTester] (Thread-718) topic-5460acc2_8c6e_4d33_8878_6d2b7b148d98 0 9 {"key11754506594998": "value-9"}
2025-08-06 18:56:46,565 INFO  [io.api.tes.ser.api.KafkaSerdesTester] (Thread-718) Consumed 10 messages
2025-08-06 18:56:46,573 INFO  [org.apa.kaf.cli.con.int.ConsumerRebalanceListenerInvoker] (Thread-718) [Consumer clientId=consumer-Consumer-topic-5460acc2_8c6e_4d33_8878_6d2b7b148d98-16, groupId=Consumer-topic-5460acc2_8c6e_4d33_8878_6d2b7b148d98] Revoke previously assigned partitions topic-5460acc2_8c6e_4d33_8878_6d2b7b148d98-0
2025-08-06 18:56:46,573 INFO  [org.apa.kaf.cli.con.int.ConsumerCoordinator] (Thread-718) [Consumer clientId=consumer-Consumer-topic-5460acc2_8c6e_4d33_8878_6d2b7b148d98-16, groupId=Consumer-topic-5460acc2_8c6e_4d33_8878_6d2b7b148d98] Member consumer-Consumer-topic-5460acc2_8c6e_4d33_8878_6d2b7b148d98-16-a8a3fecf-f590-4218-98c6-91854b8e63a0 sending LeaveGroup request to coordinator localhost:32769 (id: 2147483647 rack: null) due to the consumer is being closed
2025-08-06 18:56:46,573 INFO  [org.apa.kaf.cli.con.int.ConsumerCoordinator] (Thread-718) [Consumer clientId=consumer-Consumer-topic-5460acc2_8c6e_4d33_8878_6d2b7b148d98-16, groupId=Consumer-topic-5460acc2_8c6e_4d33_8878_6d2b7b148d98] Resetting generation and member id due to: consumer pro-actively leaving the group
2025-08-06 18:56:46,573 INFO  [org.apa.kaf.cli.con.int.ConsumerCoordinator] (Thread-718) [Consumer clientId=consumer-Consumer-topic-5460acc2_8c6e_4d33_8878_6d2b7b148d98-16, groupId=Consumer-topic-5460acc2_8c6e_4d33_8878_6d2b7b148d98] Request joining group due to: consumer pro-actively leaving the group
2025-08-06 18:56:47,068 INFO  [org.apa.kaf.com.met.Metrics] (Thread-718) Metrics scheduler closed
2025-08-06 18:56:47,068 INFO  [org.apa.kaf.com.met.Metrics] (Thread-718) Closing reporter org.apache.kafka.common.metrics.JmxReporter
2025-08-06 18:56:47,068 INFO  [org.apa.kaf.com.met.Metrics] (Thread-718) Closing reporter org.apache.kafka.common.telemetry.internals.ClientTelemetryReporter
2025-08-06 18:56:47,068 INFO  [org.apa.kaf.com.met.Metrics] (Thread-718) Metrics reporters closed
2025-08-06 18:56:47,069 INFO  [org.apa.kaf.com.uti.AppInfoParser] (Thread-718) App info kafka.consumer for consumer-Consumer-topic-5460acc2_8c6e_4d33_8878_6d2b7b148d98-16 unregistered
2025-08-06 18:56:47,070 INFO  [io.api.tes.uti.TestSeparator] (main) io.apicurio.tests.serdes.apicurio.AvroSerdeIT.testAvroConfluentForMultipleTopics-FINISHED
2025-08-06 18:56:47,070 INFO  [io.api.tes.uti.TestSeparator] (main) ############################################################################
Test passed: testAvroConfluentForMultipleTopics
]]></system-out>
  </testcase>
  <testcase name="testFirstRequestFailsRateLimited" classname="io.apicurio.tests.serdes.apicurio.AvroSerdeIT" time="0.861">
    <system-out><![CDATA[2025-08-06 18:56:47,071 INFO  [io.api.tes.uti.TestSeparator] (main) ############################################################################
2025-08-06 18:56:47,071 INFO  [io.api.tes.uti.TestSeparator] (main) io.apicurio.tests.serdes.apicurio.AvroSerdeIT.testFirstRequestFailsRateLimited-STARTED
2025-08-06 18:56:47,491 WARN  [org.ecl.jet.ser.AbstractConnector] (main) Acceptors should be <= availableProcessors: NetworkTrafficServerConnector@7da48c4c{HTTP/1.1, (http/1.1, h2c)}{0.0.0.0:0} 
2025-08-06 18:56:47,591 INFO  [org.ecl.jet.ser.Server] (main) jetty-11.0.15; built: 2023-04-11T18:37:53.775Z; git: 5bc5e562c8d05c5862505aebe5cf83a61bdbcb96; jvm 17.0.16+8
2025-08-06 18:56:47,622 INFO  [org.ecl.jet.ser.han.ContextHandler] (main) Started o.e.j.s.ServletContextHandler@3860542a{/__admin,null,AVAILABLE}
2025-08-06 18:56:47,629 INFO  [org.ecl.jet.ser.han.Con.ROOT] (main) RequestHandlerClass from context returned com.github.tomakehurst.wiremock.http.StubRequestHandler. Normalized mapped under returned 'null'
2025-08-06 18:56:47,630 INFO  [org.ecl.jet.ser.han.ContextHandler] (main) Started o.e.j.s.ServletContextHandler@63888c14{/,null,AVAILABLE}
2025-08-06 18:56:47,636 INFO  [org.ecl.jet.ser.AbstractConnector] (main) Started NetworkTrafficServerConnector@7da48c4c{HTTP/1.1, (http/1.1, h2c)}{0.0.0.0:45321}
2025-08-06 18:56:47,637 INFO  [org.ecl.jet.ser.Server] (main) Started Server@1de306c9{STARTING}[11.0.15,sto=1000] @106548ms
**** Registry Base URL: http://registry-app-ksql047.apps.ci419.apicurio-testing.org:80
2025-08-06 18:56:47,645 INFO  [org.apa.kaf.cli.pro.ProducerConfig] (main) ProducerConfig values: 
	acks = -1
	auto.include.jmx.reporter = true
	batch.size = 16384
	bootstrap.servers = [PLAINTEXT://localhost:32769]
	buffer.memory = 33554432
	client.dns.lookup = use_all_dns_ips
	client.id = Producer-topic-7de12cd4_ebf9_4d26_b9cf_77d2d561372e
	compression.gzip.level = -1
	compression.lz4.level = 9
	compression.type = none
	compression.zstd.level = 3
	connections.max.idle.ms = 10000
	delivery.timeout.ms = 120000
	enable.idempotence = true
	enable.metrics.push = true
	interceptor.classes = []
	key.serializer = class org.apache.kafka.common.serialization.StringSerializer
	linger.ms = 0
	max.block.ms = 60000
	max.in.flight.requests.per.connection = 5
	max.request.size = 1048576
	metadata.max.age.ms = 300000
	metadata.max.idle.ms = 300000
	metadata.recovery.strategy = none
	metric.reporters = []
	metrics.num.samples = 2
	metrics.recording.level = INFO
	metrics.sample.window.ms = 30000
	partitioner.adaptive.partitioning.enable = true
	partitioner.availability.timeout.ms = 0
	partitioner.class = null
	partitioner.ignore.keys = false
	receive.buffer.bytes = 32768
	reconnect.backoff.max.ms = 1000
	reconnect.backoff.ms = 50
	request.timeout.ms = 5000
	retries = 2147483647
	retry.backoff.max.ms = 1000
	retry.backoff.ms = 100
	sasl.client.callback.handler.class = null
	sasl.jaas.config = null
	sasl.kerberos.kinit.cmd = /usr/bin/kinit
	sasl.kerberos.min.time.before.relogin = 60000
	sasl.kerberos.service.name = null
	sasl.kerberos.ticket.renew.jitter = 0.05
	sasl.kerberos.ticket.renew.window.factor = 0.8
	sasl.login.callback.handler.class = null
	sasl.login.class = null
	sasl.login.connect.timeout.ms = null
	sasl.login.read.timeout.ms = null
	sasl.login.refresh.buffer.seconds = 300
	sasl.login.refresh.min.period.seconds = 60
	sasl.login.refresh.window.factor = 0.8
	sasl.login.refresh.window.jitter = 0.05
	sasl.login.retry.backoff.max.ms = 10000
	sasl.login.retry.backoff.ms = 100
	sasl.mechanism = GSSAPI
	sasl.oauthbearer.clock.skew.seconds = 30
	sasl.oauthbearer.expected.audience = null
	sasl.oauthbearer.expected.issuer = null
	sasl.oauthbearer.header.urlencode = false
	sasl.oauthbearer.jwks.endpoint.refresh.ms = 3600000
	sasl.oauthbearer.jwks.endpoint.retry.backoff.max.ms = 10000
	sasl.oauthbearer.jwks.endpoint.retry.backoff.ms = 100
	sasl.oauthbearer.jwks.endpoint.url = null
	sasl.oauthbearer.scope.claim.name = scope
	sasl.oauthbearer.sub.claim.name = sub
	sasl.oauthbearer.token.endpoint.url = null
	security.protocol = PLAINTEXT
	security.providers = null
	send.buffer.bytes = 131072
	socket.connection.setup.timeout.max.ms = 30000
	socket.connection.setup.timeout.ms = 10000
	ssl.cipher.suites = null
	ssl.enabled.protocols = [TLSv1.2, TLSv1.3]
	ssl.endpoint.identification.algorithm = https
	ssl.engine.factory.class = null
	ssl.key.password = null
	ssl.keymanager.algorithm = SunX509
	ssl.keystore.certificate.chain = null
	ssl.keystore.key = null
	ssl.keystore.location = null
	ssl.keystore.password = null
	ssl.keystore.type = JKS
	ssl.protocol = TLSv1.3
	ssl.provider = null
	ssl.secure.random.implementation = null
	ssl.trustmanager.algorithm = PKIX
	ssl.truststore.certificates = null
	ssl.truststore.location = null
	ssl.truststore.password = null
	ssl.truststore.type = JKS
	transaction.timeout.ms = 60000
	transactional.id = null
	value.serializer = class io.apicurio.registry.serde.avro.AvroKafkaSerializer

2025-08-06 18:56:47,646 INFO  [org.apa.kaf.com.tel.int.KafkaMetricsCollector] (main) initializing Kafka metrics collector
2025-08-06 18:56:47,649 INFO  [org.apa.kaf.cli.pro.KafkaProducer] (main) [Producer clientId=Producer-topic-7de12cd4_ebf9_4d26_b9cf_77d2d561372e] Instantiated an idempotent producer.
2025-08-06 18:56:47,652 INFO  [org.apa.kaf.cli.pro.ProducerConfig] (main) These configurations '[apicurio.registry.url, apicurio.registry.artifact-resolver-strategy]' were supplied but are not used yet.
2025-08-06 18:56:47,652 INFO  [org.apa.kaf.com.uti.AppInfoParser] (main) Kafka version: 3.9.1
2025-08-06 18:56:47,652 INFO  [org.apa.kaf.com.uti.AppInfoParser] (main) Kafka commitId: f745dfdcee2b9851
2025-08-06 18:56:47,652 INFO  [org.apa.kaf.com.uti.AppInfoParser] (main) Kafka startTimeMs: 1754506607652
2025-08-06 18:56:47,654 INFO  [io.api.tes.ser.api.KafkaSerdesTester] (Thread-729) Sending message {"keyB": "value-0"} to topic topic-7de12cd4_ebf9_4d26_b9cf_77d2d561372e
2025-08-06 18:56:47,657 WARN  [org.apa.kaf.cli.NetworkClient] (kafka-producer-network-thread | Producer-topic-7de12cd4_ebf9_4d26_b9cf_77d2d561372e) [Producer clientId=Producer-topic-7de12cd4_ebf9_4d26_b9cf_77d2d561372e] The metadata response from the cluster reported a recoverable issue with correlation id 1 : {topic-7de12cd4_ebf9_4d26_b9cf_77d2d561372e=UNKNOWN_TOPIC_OR_PARTITION}
2025-08-06 18:56:47,657 INFO  [org.apa.kaf.cli.Metadata] (kafka-producer-network-thread | Producer-topic-7de12cd4_ebf9_4d26_b9cf_77d2d561372e) [Producer clientId=Producer-topic-7de12cd4_ebf9_4d26_b9cf_77d2d561372e] Cluster ID: NyMRaTI5Q0SXQrlZpmr68g
2025-08-06 18:56:47,659 INFO  [org.apa.kaf.cli.pro.int.TransactionManager] (kafka-producer-network-thread | Producer-topic-7de12cd4_ebf9_4d26_b9cf_77d2d561372e) [Producer clientId=Producer-topic-7de12cd4_ebf9_4d26_b9cf_77d2d561372e] ProducerId set to 22 with epoch 0
2025-08-06 18:56:47,777 INFO  [DefaultSchemaResolver] (Thread-729) Retrieving schema content using string: {"type":"record","name":"myrecord","namespace":"mygroup","fields":[{"name":"keyB","type":"string"}]}
2025-08-06 18:56:47,918 INFO  [org.apa.kaf.cli.pro.KafkaProducer] (Thread-729) [Producer clientId=Producer-topic-7de12cd4_ebf9_4d26_b9cf_77d2d561372e] Closing the Kafka producer with timeoutMillis = 9223372036854775807 ms.
2025-08-06 18:56:47,920 INFO  [org.apa.kaf.com.met.Metrics] (Thread-729) Metrics scheduler closed
2025-08-06 18:56:47,920 INFO  [org.apa.kaf.com.met.Metrics] (Thread-729) Closing reporter org.apache.kafka.common.metrics.JmxReporter
2025-08-06 18:56:47,920 INFO  [org.apa.kaf.com.met.Metrics] (Thread-729) Closing reporter org.apache.kafka.common.telemetry.internals.ClientTelemetryReporter
2025-08-06 18:56:47,920 INFO  [org.apa.kaf.com.met.Metrics] (Thread-729) Metrics reporters closed
2025-08-06 18:56:47,921 INFO  [org.apa.kaf.com.uti.AppInfoParser] (Thread-729) App info kafka.producer for Producer-topic-7de12cd4_ebf9_4d26_b9cf_77d2d561372e unregistered
2025-08-06 18:56:47,923 INFO  [org.ecl.jet.ser.Server] (main) Stopped Server@1de306c9{STOPPING}[11.0.15,sto=1000]
2025-08-06 18:56:47,924 INFO  [org.ecl.jet.ser.Server] (main) Shutdown Server@1de306c9{STOPPING}[11.0.15,sto=1000]
2025-08-06 18:56:47,927 INFO  [org.ecl.jet.ser.AbstractConnector] (main) Stopped NetworkTrafficServerConnector@7da48c4c{HTTP/1.1, (http/1.1, h2c)}{0.0.0.0:0}
2025-08-06 18:56:47,928 INFO  [org.ecl.jet.ser.han.ContextHandler] (main) Stopped o.e.j.s.ServletContextHandler@63888c14{/,null,STOPPED}
2025-08-06 18:56:47,929 INFO  [org.ecl.jet.ser.han.ContextHandler] (main) Stopped o.e.j.s.ServletContextHandler@3860542a{/__admin,null,STOPPED}
2025-08-06 18:56:47,931 INFO  [io.api.tes.uti.TestSeparator] (main) io.apicurio.tests.serdes.apicurio.AvroSerdeIT.testFirstRequestFailsRateLimited-FINISHED
2025-08-06 18:56:47,931 INFO  [io.api.tes.uti.TestSeparator] (main) ############################################################################
Test passed: testFirstRequestFailsRateLimited
]]></system-out>
    <system-err><![CDATA[com.microsoft.kiota.ApiException: the server returned an unexpected status code and no error class is registered for this code 429
	at com.microsoft.kiota.ApiExceptionBuilder.withMessage(ApiExceptionBuilder.java:45)
	at io.kiota.http.vertx.VertXRequestAdapter.throwIfFailedResponse(VertXRequestAdapter.java:370)
	at io.kiota.http.vertx.VertXRequestAdapter.send(VertXRequestAdapter.java:170)
	at io.apicurio.registry.rest.client.search.versions.VersionsRequestBuilder.post(VersionsRequestBuilder.java:94)
	at io.apicurio.registry.resolver.client.RegistryClientFacadeImpl.searchVersionsByContent(RegistryClientFacadeImpl.java:106)
	at io.apicurio.registry.resolver.DefaultSchemaResolver.lambda$handleResolveSchemaByContent$3(DefaultSchemaResolver.java:258)
	at io.apicurio.registry.resolver.cache.ERCache.lambda$getValue$0(ERCache.java:174)
	at io.apicurio.registry.resolver.cache.ERCache.retry(ERCache.java:227)
	at io.apicurio.registry.resolver.cache.ERCache.getValue(ERCache.java:173)
	at io.apicurio.registry.resolver.cache.ERCache.getByContent(ERCache.java:147)
	at io.apicurio.registry.resolver.DefaultSchemaResolver.handleResolveSchemaByContent(DefaultSchemaResolver.java:253)
	at io.apicurio.registry.resolver.DefaultSchemaResolver.getSchemaFromRegistry(DefaultSchemaResolver.java:138)
	at io.apicurio.registry.resolver.DefaultSchemaResolver.lambda$resolveSchema$0(DefaultSchemaResolver.java:84)
	at java.base/java.util.Optional.orElseGet(Optional.java:364)
	at io.apicurio.registry.resolver.DefaultSchemaResolver.resolveSchema(DefaultSchemaResolver.java:84)
	at io.apicurio.registry.serde.AbstractSerializer.serializeData(AbstractSerializer.java:62)
	at io.apicurio.registry.serde.KafkaSerializer.serialize(KafkaSerializer.java:77)
	at org.apache.kafka.clients.producer.KafkaProducer.doSend(KafkaProducer.java:1046)
	at org.apache.kafka.clients.producer.KafkaProducer.send(KafkaProducer.java:993)
	at org.apache.kafka.clients.producer.KafkaProducer.send(KafkaProducer.java:875)
	at io.apicurio.tests.serdes.apicurio.KafkaSerdesTester.lambda$produceMessages$3(KafkaSerdesTester.java:138)
	at java.base/java.util.concurrent.CompletableFuture$AsyncSupply.run(CompletableFuture.java:1768)
	at java.base/java.lang.Thread.run(Thread.java:840)
]]></system-err>
  </testcase>
  <testcase name="testFirstEmptyFieldConfusedAsMagicByte" classname="io.apicurio.tests.serdes.apicurio.AvroSerdeIT" time="3.868">
    <system-out><![CDATA[2025-08-06 18:56:47,936 INFO  [io.api.tes.uti.TestSeparator] (main) ############################################################################
2025-08-06 18:56:47,937 INFO  [io.api.tes.uti.TestSeparator] (main) io.apicurio.tests.serdes.apicurio.AvroSerdeIT.testFirstEmptyFieldConfusedAsMagicByte-STARTED
**** Registry Base URL: http://registry-app-ksql047.apps.ci419.apicurio-testing.org:80
2025-08-06 18:56:47,939 INFO  [org.apa.kaf.cli.pro.ProducerConfig] (main) ProducerConfig values: 
	acks = -1
	auto.include.jmx.reporter = true
	batch.size = 16384
	bootstrap.servers = [PLAINTEXT://localhost:32769]
	buffer.memory = 33554432
	client.dns.lookup = use_all_dns_ips
	client.id = Producer-topic-4d900614_9813_4c6c_9f83_a98387420377
	compression.gzip.level = -1
	compression.lz4.level = 9
	compression.type = none
	compression.zstd.level = 3
	connections.max.idle.ms = 10000
	delivery.timeout.ms = 120000
	enable.idempotence = true
	enable.metrics.push = true
	interceptor.classes = []
	key.serializer = class org.apache.kafka.common.serialization.StringSerializer
	linger.ms = 0
	max.block.ms = 60000
	max.in.flight.requests.per.connection = 5
	max.request.size = 1048576
	metadata.max.age.ms = 300000
	metadata.max.idle.ms = 300000
	metadata.recovery.strategy = none
	metric.reporters = []
	metrics.num.samples = 2
	metrics.recording.level = INFO
	metrics.sample.window.ms = 30000
	partitioner.adaptive.partitioning.enable = true
	partitioner.availability.timeout.ms = 0
	partitioner.class = null
	partitioner.ignore.keys = false
	receive.buffer.bytes = 32768
	reconnect.backoff.max.ms = 1000
	reconnect.backoff.ms = 50
	request.timeout.ms = 5000
	retries = 2147483647
	retry.backoff.max.ms = 1000
	retry.backoff.ms = 100
	sasl.client.callback.handler.class = null
	sasl.jaas.config = null
	sasl.kerberos.kinit.cmd = /usr/bin/kinit
	sasl.kerberos.min.time.before.relogin = 60000
	sasl.kerberos.service.name = null
	sasl.kerberos.ticket.renew.jitter = 0.05
	sasl.kerberos.ticket.renew.window.factor = 0.8
	sasl.login.callback.handler.class = null
	sasl.login.class = null
	sasl.login.connect.timeout.ms = null
	sasl.login.read.timeout.ms = null
	sasl.login.refresh.buffer.seconds = 300
	sasl.login.refresh.min.period.seconds = 60
	sasl.login.refresh.window.factor = 0.8
	sasl.login.refresh.window.jitter = 0.05
	sasl.login.retry.backoff.max.ms = 10000
	sasl.login.retry.backoff.ms = 100
	sasl.mechanism = GSSAPI
	sasl.oauthbearer.clock.skew.seconds = 30
	sasl.oauthbearer.expected.audience = null
	sasl.oauthbearer.expected.issuer = null
	sasl.oauthbearer.header.urlencode = false
	sasl.oauthbearer.jwks.endpoint.refresh.ms = 3600000
	sasl.oauthbearer.jwks.endpoint.retry.backoff.max.ms = 10000
	sasl.oauthbearer.jwks.endpoint.retry.backoff.ms = 100
	sasl.oauthbearer.jwks.endpoint.url = null
	sasl.oauthbearer.scope.claim.name = scope
	sasl.oauthbearer.sub.claim.name = sub
	sasl.oauthbearer.token.endpoint.url = null
	security.protocol = PLAINTEXT
	security.providers = null
	send.buffer.bytes = 131072
	socket.connection.setup.timeout.max.ms = 30000
	socket.connection.setup.timeout.ms = 10000
	ssl.cipher.suites = null
	ssl.enabled.protocols = [TLSv1.2, TLSv1.3]
	ssl.endpoint.identification.algorithm = https
	ssl.engine.factory.class = null
	ssl.key.password = null
	ssl.keymanager.algorithm = SunX509
	ssl.keystore.certificate.chain = null
	ssl.keystore.key = null
	ssl.keystore.location = null
	ssl.keystore.password = null
	ssl.keystore.type = JKS
	ssl.protocol = TLSv1.3
	ssl.provider = null
	ssl.secure.random.implementation = null
	ssl.trustmanager.algorithm = PKIX
	ssl.truststore.certificates = null
	ssl.truststore.location = null
	ssl.truststore.password = null
	ssl.truststore.type = JKS
	transaction.timeout.ms = 60000
	transactional.id = null
	value.serializer = class io.apicurio.registry.serde.avro.AvroKafkaSerializer

2025-08-06 18:56:47,940 INFO  [org.apa.kaf.com.tel.int.KafkaMetricsCollector] (main) initializing Kafka metrics collector
2025-08-06 18:56:47,944 INFO  [org.apa.kaf.cli.pro.KafkaProducer] (main) [Producer clientId=Producer-topic-4d900614_9813_4c6c_9f83_a98387420377] Instantiated an idempotent producer.
2025-08-06 18:56:47,946 INFO  [org.apa.kaf.cli.pro.ProducerConfig] (main) These configurations '[apicurio.registry.url, apicurio.registry.auto-register, apicurio.registry.artifact-resolver-strategy]' were supplied but are not used yet.
2025-08-06 18:56:47,946 INFO  [org.apa.kaf.com.uti.AppInfoParser] (main) Kafka version: 3.9.1
2025-08-06 18:56:47,946 INFO  [org.apa.kaf.com.uti.AppInfoParser] (main) Kafka commitId: f745dfdcee2b9851
2025-08-06 18:56:47,946 INFO  [org.apa.kaf.com.uti.AppInfoParser] (main) Kafka startTimeMs: 1754506607946
2025-08-06 18:56:47,946 INFO  [io.api.tes.ser.api.SimpleSerdesTesterBuilder$SimpleSerdesTester] (main) Using producer configuration: {apicurio.registry.url=http://registry-app-ksql047.apps.ci419.apicurio-testing.org:80/apis/registry/v3, apicurio.registry.auto-register=true, apicurio.registry.artifact-resolver-strategy=io.apicurio.registry.serde.strategy.SimpleTopicIdStrategy, value.serializer=io.apicurio.registry.serde.avro.AvroKafkaSerializer, request.timeout.ms=5000, acks=all, bootstrap.servers=PLAINTEXT://localhost:32769, connections.max.idle.ms=10000, key.serializer=org.apache.kafka.common.serialization.StringSerializer, client.id=Producer-topic-4d900614_9813_4c6c_9f83_a98387420377}
2025-08-06 18:56:47,946 INFO  [io.api.tes.ser.api.SimpleSerdesTesterBuilder$SimpleSerdesTester] (main) Using consumer configuration: {}
2025-08-06 18:56:47,948 INFO  [io.api.tes.ser.api.KafkaSerdesTester] (Thread-732) Sending message {"username": null} to topic topic-4d900614_9813_4c6c_9f83_a98387420377
2025-08-06 18:56:47,952 WARN  [org.apa.kaf.cli.NetworkClient] (kafka-producer-network-thread | Producer-topic-4d900614_9813_4c6c_9f83_a98387420377) [Producer clientId=Producer-topic-4d900614_9813_4c6c_9f83_a98387420377] The metadata response from the cluster reported a recoverable issue with correlation id 1 : {topic-4d900614_9813_4c6c_9f83_a98387420377=UNKNOWN_TOPIC_OR_PARTITION}
2025-08-06 18:56:47,952 INFO  [org.apa.kaf.cli.Metadata] (kafka-producer-network-thread | Producer-topic-4d900614_9813_4c6c_9f83_a98387420377) [Producer clientId=Producer-topic-4d900614_9813_4c6c_9f83_a98387420377] Cluster ID: NyMRaTI5Q0SXQrlZpmr68g
2025-08-06 18:56:47,955 INFO  [org.apa.kaf.cli.pro.int.TransactionManager] (kafka-producer-network-thread | Producer-topic-4d900614_9813_4c6c_9f83_a98387420377) [Producer clientId=Producer-topic-4d900614_9813_4c6c_9f83_a98387420377] ProducerId set to 23 with epoch 0
2025-08-06 18:56:48,141 INFO  [io.api.tes.ser.api.KafkaSerdesTester] (Thread-732) Sending message {"username": null} to topic topic-4d900614_9813_4c6c_9f83_a98387420377
2025-08-06 18:56:48,143 INFO  [io.api.tes.ser.api.KafkaSerdesTester] (Thread-732) Sending message {"username": "value-2"} to topic topic-4d900614_9813_4c6c_9f83_a98387420377
2025-08-06 18:56:48,147 INFO  [io.api.tes.ser.api.KafkaSerdesTester] (Thread-732) Sending message {"username": null} to topic topic-4d900614_9813_4c6c_9f83_a98387420377
2025-08-06 18:56:48,149 INFO  [io.api.tes.ser.api.KafkaSerdesTester] (Thread-732) Sending message {"username": "value-4"} to topic topic-4d900614_9813_4c6c_9f83_a98387420377
2025-08-06 18:56:48,152 INFO  [io.api.tes.ser.api.KafkaSerdesTester] (Thread-732) Sending message {"username": null} to topic topic-4d900614_9813_4c6c_9f83_a98387420377
2025-08-06 18:56:48,158 INFO  [io.api.tes.ser.api.KafkaSerdesTester] (Thread-732) Sending message {"username": "value-6"} to topic topic-4d900614_9813_4c6c_9f83_a98387420377
2025-08-06 18:56:48,161 INFO  [io.api.tes.ser.api.KafkaSerdesTester] (Thread-732) Sending message {"username": null} to topic topic-4d900614_9813_4c6c_9f83_a98387420377
2025-08-06 18:56:48,163 INFO  [io.api.tes.ser.api.KafkaSerdesTester] (Thread-732) Sending message {"username": "value-8"} to topic topic-4d900614_9813_4c6c_9f83_a98387420377
2025-08-06 18:56:48,167 INFO  [io.api.tes.ser.api.KafkaSerdesTester] (Thread-732) Sending message {"username": null} to topic topic-4d900614_9813_4c6c_9f83_a98387420377
2025-08-06 18:56:48,169 INFO  [io.api.tes.ser.api.KafkaSerdesTester] (Thread-732) Produced 10 messages
2025-08-06 18:56:48,170 INFO  [org.apa.kaf.cli.pro.KafkaProducer] (Thread-732) [Producer clientId=Producer-topic-4d900614_9813_4c6c_9f83_a98387420377] Closing the Kafka producer with timeoutMillis = 9223372036854775807 ms.
2025-08-06 18:56:48,175 INFO  [org.apa.kaf.com.met.Metrics] (Thread-732) Metrics scheduler closed
2025-08-06 18:56:48,176 INFO  [org.apa.kaf.com.met.Metrics] (Thread-732) Closing reporter org.apache.kafka.common.metrics.JmxReporter
2025-08-06 18:56:48,176 INFO  [org.apa.kaf.com.met.Metrics] (Thread-732) Closing reporter org.apache.kafka.common.telemetry.internals.ClientTelemetryReporter
2025-08-06 18:56:48,176 INFO  [org.apa.kaf.com.met.Metrics] (Thread-732) Metrics reporters closed
2025-08-06 18:56:48,176 INFO  [org.apa.kaf.com.uti.AppInfoParser] (Thread-732) App info kafka.producer for Producer-topic-4d900614_9813_4c6c_9f83_a98387420377 unregistered
**** Registry Base URL: http://registry-app-ksql047.apps.ci419.apicurio-testing.org:80
2025-08-06 18:56:48,209 INFO  [org.apa.kaf.cli.con.ConsumerConfig] (main) ConsumerConfig values: 
	allow.auto.create.topics = true
	auto.commit.interval.ms = 500
	auto.include.jmx.reporter = true
	auto.offset.reset = earliest
	bootstrap.servers = [PLAINTEXT://localhost:32769]
	check.crcs = true
	client.dns.lookup = use_all_dns_ips
	client.id = consumer-Consumer-topic-4d900614_9813_4c6c_9f83_a98387420377-17
	client.rack = 
	connections.max.idle.ms = 10000
	default.api.timeout.ms = 60000
	enable.auto.commit = true
	enable.metrics.push = true
	exclude.internal.topics = true
	fetch.max.bytes = 52428800
	fetch.max.wait.ms = 500
	fetch.min.bytes = 1
	group.id = Consumer-topic-4d900614_9813_4c6c_9f83_a98387420377
	group.instance.id = null
	group.protocol = classic
	group.remote.assignor = null
	heartbeat.interval.ms = 3000
	interceptor.classes = []
	internal.leave.group.on.close = true
	internal.throw.on.fetch.stable.offset.unsupported = false
	isolation.level = read_uncommitted
	key.deserializer = class org.apache.kafka.common.serialization.StringDeserializer
	max.partition.fetch.bytes = 1048576
	max.poll.interval.ms = 300000
	max.poll.records = 500
	metadata.max.age.ms = 300000
	metadata.recovery.strategy = none
	metric.reporters = []
	metrics.num.samples = 2
	metrics.recording.level = INFO
	metrics.sample.window.ms = 30000
	partition.assignment.strategy = [class org.apache.kafka.clients.consumer.RangeAssignor, class org.apache.kafka.clients.consumer.CooperativeStickyAssignor]
	receive.buffer.bytes = 65536
	reconnect.backoff.max.ms = 1000
	reconnect.backoff.ms = 50
	request.timeout.ms = 5000
	retry.backoff.max.ms = 1000
	retry.backoff.ms = 100
	sasl.client.callback.handler.class = null
	sasl.jaas.config = null
	sasl.kerberos.kinit.cmd = /usr/bin/kinit
	sasl.kerberos.min.time.before.relogin = 60000
	sasl.kerberos.service.name = null
	sasl.kerberos.ticket.renew.jitter = 0.05
	sasl.kerberos.ticket.renew.window.factor = 0.8
	sasl.login.callback.handler.class = null
	sasl.login.class = null
	sasl.login.connect.timeout.ms = null
	sasl.login.read.timeout.ms = null
	sasl.login.refresh.buffer.seconds = 300
	sasl.login.refresh.min.period.seconds = 60
	sasl.login.refresh.window.factor = 0.8
	sasl.login.refresh.window.jitter = 0.05
	sasl.login.retry.backoff.max.ms = 10000
	sasl.login.retry.backoff.ms = 100
	sasl.mechanism = GSSAPI
	sasl.oauthbearer.clock.skew.seconds = 30
	sasl.oauthbearer.expected.audience = null
	sasl.oauthbearer.expected.issuer = null
	sasl.oauthbearer.header.urlencode = false
	sasl.oauthbearer.jwks.endpoint.refresh.ms = 3600000
	sasl.oauthbearer.jwks.endpoint.retry.backoff.max.ms = 10000
	sasl.oauthbearer.jwks.endpoint.retry.backoff.ms = 100
	sasl.oauthbearer.jwks.endpoint.url = null
	sasl.oauthbearer.scope.claim.name = scope
	sasl.oauthbearer.sub.claim.name = sub
	sasl.oauthbearer.token.endpoint.url = null
	security.protocol = PLAINTEXT
	security.providers = null
	send.buffer.bytes = 131072
	session.timeout.ms = 45000
	socket.connection.setup.timeout.max.ms = 30000
	socket.connection.setup.timeout.ms = 10000
	ssl.cipher.suites = null
	ssl.enabled.protocols = [TLSv1.2, TLSv1.3]
	ssl.endpoint.identification.algorithm = https
	ssl.engine.factory.class = null
	ssl.key.password = null
	ssl.keymanager.algorithm = SunX509
	ssl.keystore.certificate.chain = null
	ssl.keystore.key = null
	ssl.keystore.location = null
	ssl.keystore.password = null
	ssl.keystore.type = JKS
	ssl.protocol = TLSv1.3
	ssl.provider = null
	ssl.secure.random.implementation = null
	ssl.trustmanager.algorithm = PKIX
	ssl.truststore.certificates = null
	ssl.truststore.location = null
	ssl.truststore.password = null
	ssl.truststore.type = JKS
	value.deserializer = class io.apicurio.registry.serde.avro.AvroKafkaDeserializer

2025-08-06 18:56:48,209 INFO  [org.apa.kaf.com.tel.int.KafkaMetricsCollector] (main) initializing Kafka metrics collector
2025-08-06 18:56:48,230 INFO  [org.apa.kaf.cli.con.ConsumerConfig] (main) These configurations '[apicurio.registry.url]' were supplied but are not used yet.
2025-08-06 18:56:48,230 INFO  [org.apa.kaf.com.uti.AppInfoParser] (main) Kafka version: 3.9.1
2025-08-06 18:56:48,230 INFO  [org.apa.kaf.com.uti.AppInfoParser] (main) Kafka commitId: f745dfdcee2b9851
2025-08-06 18:56:48,230 INFO  [org.apa.kaf.com.uti.AppInfoParser] (main) Kafka startTimeMs: 1754506608230
2025-08-06 18:56:48,232 INFO  [org.apa.kaf.cli.con.int.ClassicKafkaConsumer] (Thread-735) [Consumer clientId=consumer-Consumer-topic-4d900614_9813_4c6c_9f83_a98387420377-17, groupId=Consumer-topic-4d900614_9813_4c6c_9f83_a98387420377] Subscribed to topic(s): topic-4d900614_9813_4c6c_9f83_a98387420377
2025-08-06 18:56:48,240 INFO  [org.apa.kaf.cli.Metadata] (Thread-735) [Consumer clientId=consumer-Consumer-topic-4d900614_9813_4c6c_9f83_a98387420377-17, groupId=Consumer-topic-4d900614_9813_4c6c_9f83_a98387420377] Cluster ID: NyMRaTI5Q0SXQrlZpmr68g
2025-08-06 18:56:48,244 INFO  [org.apa.kaf.cli.con.int.ConsumerCoordinator] (Thread-735) [Consumer clientId=consumer-Consumer-topic-4d900614_9813_4c6c_9f83_a98387420377-17, groupId=Consumer-topic-4d900614_9813_4c6c_9f83_a98387420377] Discovered group coordinator localhost:32769 (id: 2147483647 rack: null)
2025-08-06 18:56:48,246 INFO  [org.apa.kaf.cli.con.int.ConsumerCoordinator] (Thread-735) [Consumer clientId=consumer-Consumer-topic-4d900614_9813_4c6c_9f83_a98387420377-17, groupId=Consumer-topic-4d900614_9813_4c6c_9f83_a98387420377] (Re-)joining group
2025-08-06 18:56:48,250 INFO  [org.apa.kaf.cli.con.int.ConsumerCoordinator] (Thread-735) [Consumer clientId=consumer-Consumer-topic-4d900614_9813_4c6c_9f83_a98387420377-17, groupId=Consumer-topic-4d900614_9813_4c6c_9f83_a98387420377] Request joining group due to: need to re-join with the given member-id: consumer-Consumer-topic-4d900614_9813_4c6c_9f83_a98387420377-17-614eaaae-f3e7-4954-b4d7-c7ae5410bd4a
2025-08-06 18:56:48,250 INFO  [org.apa.kaf.cli.con.int.ConsumerCoordinator] (Thread-735) [Consumer clientId=consumer-Consumer-topic-4d900614_9813_4c6c_9f83_a98387420377-17, groupId=Consumer-topic-4d900614_9813_4c6c_9f83_a98387420377] (Re-)joining group
2025-08-06 18:56:49,233 INFO  [io.api.tes.ser.api.KafkaSerdesTester] (Thread-735) None found
2025-08-06 18:56:50,234 INFO  [io.api.tes.ser.api.KafkaSerdesTester] (Thread-735) None found
2025-08-06 18:56:51,235 INFO  [io.api.tes.ser.api.KafkaSerdesTester] (Thread-735) None found
2025-08-06 18:56:51,251 INFO  [org.apa.kaf.cli.con.int.ConsumerCoordinator] (Thread-735) [Consumer clientId=consumer-Consumer-topic-4d900614_9813_4c6c_9f83_a98387420377-17, groupId=Consumer-topic-4d900614_9813_4c6c_9f83_a98387420377] Successfully joined group with generation Generation{generationId=1, memberId='consumer-Consumer-topic-4d900614_9813_4c6c_9f83_a98387420377-17-614eaaae-f3e7-4954-b4d7-c7ae5410bd4a', protocol='range'}
2025-08-06 18:56:51,252 INFO  [org.apa.kaf.cli.con.int.ConsumerCoordinator] (Thread-735) [Consumer clientId=consumer-Consumer-topic-4d900614_9813_4c6c_9f83_a98387420377-17, groupId=Consumer-topic-4d900614_9813_4c6c_9f83_a98387420377] Finished assignment for group at generation 1: {consumer-Consumer-topic-4d900614_9813_4c6c_9f83_a98387420377-17-614eaaae-f3e7-4954-b4d7-c7ae5410bd4a=Assignment(partitions=[topic-4d900614_9813_4c6c_9f83_a98387420377-0])}
2025-08-06 18:56:51,258 INFO  [org.apa.kaf.cli.con.int.ConsumerCoordinator] (Thread-735) [Consumer clientId=consumer-Consumer-topic-4d900614_9813_4c6c_9f83_a98387420377-17, groupId=Consumer-topic-4d900614_9813_4c6c_9f83_a98387420377] Successfully synced group in generation Generation{generationId=1, memberId='consumer-Consumer-topic-4d900614_9813_4c6c_9f83_a98387420377-17-614eaaae-f3e7-4954-b4d7-c7ae5410bd4a', protocol='range'}
2025-08-06 18:56:51,258 INFO  [org.apa.kaf.cli.con.int.ConsumerCoordinator] (Thread-735) [Consumer clientId=consumer-Consumer-topic-4d900614_9813_4c6c_9f83_a98387420377-17, groupId=Consumer-topic-4d900614_9813_4c6c_9f83_a98387420377] Notifying assignor about the new Assignment(partitions=[topic-4d900614_9813_4c6c_9f83_a98387420377-0])
2025-08-06 18:56:51,258 INFO  [org.apa.kaf.cli.con.int.ConsumerRebalanceListenerInvoker] (Thread-735) [Consumer clientId=consumer-Consumer-topic-4d900614_9813_4c6c_9f83_a98387420377-17, groupId=Consumer-topic-4d900614_9813_4c6c_9f83_a98387420377] Adding newly assigned partitions: topic-4d900614_9813_4c6c_9f83_a98387420377-0
2025-08-06 18:56:51,259 INFO  [org.apa.kaf.cli.con.int.ConsumerCoordinator] (Thread-735) [Consumer clientId=consumer-Consumer-topic-4d900614_9813_4c6c_9f83_a98387420377-17, groupId=Consumer-topic-4d900614_9813_4c6c_9f83_a98387420377] Found no committed offset for partition topic-4d900614_9813_4c6c_9f83_a98387420377-0
2025-08-06 18:56:51,262 INFO  [org.apa.kaf.cli.con.int.SubscriptionState] (Thread-735) [Consumer clientId=consumer-Consumer-topic-4d900614_9813_4c6c_9f83_a98387420377-17, groupId=Consumer-topic-4d900614_9813_4c6c_9f83_a98387420377] Resetting offset for partition topic-4d900614_9813_4c6c_9f83_a98387420377-0 to position FetchPosition{offset=0, offsetEpoch=Optional.empty, currentLeader=LeaderAndEpoch{leader=Optional[localhost:32769 (id: 0 rack: null)], epoch=0}}.
2025-08-06 18:56:51,297 INFO  [io.api.tes.ser.api.KafkaSerdesTester] (Thread-735) topic-4d900614_9813_4c6c_9f83_a98387420377 0 0 {"username": null}
2025-08-06 18:56:51,297 INFO  [io.api.tes.ser.api.KafkaSerdesTester] (Thread-735) topic-4d900614_9813_4c6c_9f83_a98387420377 0 1 {"username": null}
2025-08-06 18:56:51,297 INFO  [io.api.tes.ser.api.KafkaSerdesTester] (Thread-735) topic-4d900614_9813_4c6c_9f83_a98387420377 0 2 {"username": "value-2"}
2025-08-06 18:56:51,297 INFO  [io.api.tes.ser.api.KafkaSerdesTester] (Thread-735) topic-4d900614_9813_4c6c_9f83_a98387420377 0 3 {"username": null}
2025-08-06 18:56:51,297 INFO  [io.api.tes.ser.api.KafkaSerdesTester] (Thread-735) topic-4d900614_9813_4c6c_9f83_a98387420377 0 4 {"username": "value-4"}
2025-08-06 18:56:51,297 INFO  [io.api.tes.ser.api.KafkaSerdesTester] (Thread-735) topic-4d900614_9813_4c6c_9f83_a98387420377 0 5 {"username": null}
2025-08-06 18:56:51,297 INFO  [io.api.tes.ser.api.KafkaSerdesTester] (Thread-735) topic-4d900614_9813_4c6c_9f83_a98387420377 0 6 {"username": "value-6"}
2025-08-06 18:56:51,297 INFO  [io.api.tes.ser.api.KafkaSerdesTester] (Thread-735) topic-4d900614_9813_4c6c_9f83_a98387420377 0 7 {"username": null}
2025-08-06 18:56:51,298 INFO  [io.api.tes.ser.api.KafkaSerdesTester] (Thread-735) topic-4d900614_9813_4c6c_9f83_a98387420377 0 8 {"username": "value-8"}
2025-08-06 18:56:51,298 INFO  [io.api.tes.ser.api.KafkaSerdesTester] (Thread-735) topic-4d900614_9813_4c6c_9f83_a98387420377 0 9 {"username": null}
2025-08-06 18:56:51,298 INFO  [io.api.tes.ser.api.KafkaSerdesTester] (Thread-735) Consumed 10 messages
2025-08-06 18:56:51,305 INFO  [org.apa.kaf.cli.con.int.ConsumerRebalanceListenerInvoker] (Thread-735) [Consumer clientId=consumer-Consumer-topic-4d900614_9813_4c6c_9f83_a98387420377-17, groupId=Consumer-topic-4d900614_9813_4c6c_9f83_a98387420377] Revoke previously assigned partitions topic-4d900614_9813_4c6c_9f83_a98387420377-0
2025-08-06 18:56:51,305 INFO  [org.apa.kaf.cli.con.int.ConsumerCoordinator] (Thread-735) [Consumer clientId=consumer-Consumer-topic-4d900614_9813_4c6c_9f83_a98387420377-17, groupId=Consumer-topic-4d900614_9813_4c6c_9f83_a98387420377] Member consumer-Consumer-topic-4d900614_9813_4c6c_9f83_a98387420377-17-614eaaae-f3e7-4954-b4d7-c7ae5410bd4a sending LeaveGroup request to coordinator localhost:32769 (id: 2147483647 rack: null) due to the consumer is being closed
2025-08-06 18:56:51,306 INFO  [org.apa.kaf.cli.con.int.ConsumerCoordinator] (Thread-735) [Consumer clientId=consumer-Consumer-topic-4d900614_9813_4c6c_9f83_a98387420377-17, groupId=Consumer-topic-4d900614_9813_4c6c_9f83_a98387420377] Resetting generation and member id due to: consumer pro-actively leaving the group
2025-08-06 18:56:51,306 INFO  [org.apa.kaf.cli.con.int.ConsumerCoordinator] (Thread-735) [Consumer clientId=consumer-Consumer-topic-4d900614_9813_4c6c_9f83_a98387420377-17, groupId=Consumer-topic-4d900614_9813_4c6c_9f83_a98387420377] Request joining group due to: consumer pro-actively leaving the group
2025-08-06 18:56:51,799 INFO  [org.apa.kaf.com.met.Metrics] (Thread-735) Metrics scheduler closed
2025-08-06 18:56:51,800 INFO  [org.apa.kaf.com.met.Metrics] (Thread-735) Closing reporter org.apache.kafka.common.metrics.JmxReporter
2025-08-06 18:56:51,800 INFO  [org.apa.kaf.com.met.Metrics] (Thread-735) Closing reporter org.apache.kafka.common.telemetry.internals.ClientTelemetryReporter
2025-08-06 18:56:51,800 INFO  [org.apa.kaf.com.met.Metrics] (Thread-735) Metrics reporters closed
2025-08-06 18:56:51,803 INFO  [org.apa.kaf.com.uti.AppInfoParser] (Thread-735) App info kafka.consumer for consumer-Consumer-topic-4d900614_9813_4c6c_9f83_a98387420377-17 unregistered
2025-08-06 18:56:51,803 INFO  [io.api.tes.uti.TestSeparator] (main) io.apicurio.tests.serdes.apicurio.AvroSerdeIT.testFirstEmptyFieldConfusedAsMagicByte-FINISHED
2025-08-06 18:56:51,803 INFO  [io.api.tes.uti.TestSeparator] (main) ############################################################################
Test passed: testFirstEmptyFieldConfusedAsMagicByte
]]></system-out>
  </testcase>
  <testcase name="testAvroSerDesFailDifferentSchemaByContent" classname="io.apicurio.tests.serdes.apicurio.AvroSerdeIT" time="1.12">
    <system-out><![CDATA[2025-08-06 18:56:51,807 INFO  [io.api.tes.uti.TestSeparator] (main) ############################################################################
2025-08-06 18:56:51,807 INFO  [io.api.tes.uti.TestSeparator] (main) io.apicurio.tests.serdes.apicurio.AvroSerdeIT.testAvroSerDesFailDifferentSchemaByContent-STARTED
**** Registry Base URL: http://registry-app-ksql047.apps.ci419.apicurio-testing.org:80
2025-08-06 18:56:52,878 INFO  [org.apa.kaf.cli.pro.ProducerConfig] (main) ProducerConfig values: 
	acks = -1
	auto.include.jmx.reporter = true
	batch.size = 16384
	bootstrap.servers = [PLAINTEXT://localhost:32769]
	buffer.memory = 33554432
	client.dns.lookup = use_all_dns_ips
	client.id = Producer-topic-203a82a1_f0a3_4c31_91f9_04971643c1ae
	compression.gzip.level = -1
	compression.lz4.level = 9
	compression.type = none
	compression.zstd.level = 3
	connections.max.idle.ms = 10000
	delivery.timeout.ms = 120000
	enable.idempotence = true
	enable.metrics.push = true
	interceptor.classes = []
	key.serializer = class org.apache.kafka.common.serialization.StringSerializer
	linger.ms = 0
	max.block.ms = 60000
	max.in.flight.requests.per.connection = 5
	max.request.size = 1048576
	metadata.max.age.ms = 300000
	metadata.max.idle.ms = 300000
	metadata.recovery.strategy = none
	metric.reporters = []
	metrics.num.samples = 2
	metrics.recording.level = INFO
	metrics.sample.window.ms = 30000
	partitioner.adaptive.partitioning.enable = true
	partitioner.availability.timeout.ms = 0
	partitioner.class = null
	partitioner.ignore.keys = false
	receive.buffer.bytes = 32768
	reconnect.backoff.max.ms = 1000
	reconnect.backoff.ms = 50
	request.timeout.ms = 5000
	retries = 2147483647
	retry.backoff.max.ms = 1000
	retry.backoff.ms = 100
	sasl.client.callback.handler.class = null
	sasl.jaas.config = null
	sasl.kerberos.kinit.cmd = /usr/bin/kinit
	sasl.kerberos.min.time.before.relogin = 60000
	sasl.kerberos.service.name = null
	sasl.kerberos.ticket.renew.jitter = 0.05
	sasl.kerberos.ticket.renew.window.factor = 0.8
	sasl.login.callback.handler.class = null
	sasl.login.class = null
	sasl.login.connect.timeout.ms = null
	sasl.login.read.timeout.ms = null
	sasl.login.refresh.buffer.seconds = 300
	sasl.login.refresh.min.period.seconds = 60
	sasl.login.refresh.window.factor = 0.8
	sasl.login.refresh.window.jitter = 0.05
	sasl.login.retry.backoff.max.ms = 10000
	sasl.login.retry.backoff.ms = 100
	sasl.mechanism = GSSAPI
	sasl.oauthbearer.clock.skew.seconds = 30
	sasl.oauthbearer.expected.audience = null
	sasl.oauthbearer.expected.issuer = null
	sasl.oauthbearer.header.urlencode = false
	sasl.oauthbearer.jwks.endpoint.refresh.ms = 3600000
	sasl.oauthbearer.jwks.endpoint.retry.backoff.max.ms = 10000
	sasl.oauthbearer.jwks.endpoint.retry.backoff.ms = 100
	sasl.oauthbearer.jwks.endpoint.url = null
	sasl.oauthbearer.scope.claim.name = scope
	sasl.oauthbearer.sub.claim.name = sub
	sasl.oauthbearer.token.endpoint.url = null
	security.protocol = PLAINTEXT
	security.providers = null
	send.buffer.bytes = 131072
	socket.connection.setup.timeout.max.ms = 30000
	socket.connection.setup.timeout.ms = 10000
	ssl.cipher.suites = null
	ssl.enabled.protocols = [TLSv1.2, TLSv1.3]
	ssl.endpoint.identification.algorithm = https
	ssl.engine.factory.class = null
	ssl.key.password = null
	ssl.keymanager.algorithm = SunX509
	ssl.keystore.certificate.chain = null
	ssl.keystore.key = null
	ssl.keystore.location = null
	ssl.keystore.password = null
	ssl.keystore.type = JKS
	ssl.protocol = TLSv1.3
	ssl.provider = null
	ssl.secure.random.implementation = null
	ssl.trustmanager.algorithm = PKIX
	ssl.truststore.certificates = null
	ssl.truststore.location = null
	ssl.truststore.password = null
	ssl.truststore.type = JKS
	transaction.timeout.ms = 60000
	transactional.id = null
	value.serializer = class io.apicurio.registry.serde.avro.AvroKafkaSerializer

2025-08-06 18:56:52,878 INFO  [org.apa.kaf.com.tel.int.KafkaMetricsCollector] (main) initializing Kafka metrics collector
2025-08-06 18:56:52,881 INFO  [org.apa.kaf.cli.pro.KafkaProducer] (main) [Producer clientId=Producer-topic-203a82a1_f0a3_4c31_91f9_04971643c1ae] Instantiated an idempotent producer.
2025-08-06 18:56:52,882 INFO  [org.apa.kaf.cli.pro.ProducerConfig] (main) These configurations '[apicurio.registry.url, apicurio.registry.artifact-resolver-strategy]' were supplied but are not used yet.
2025-08-06 18:56:52,882 INFO  [org.apa.kaf.com.uti.AppInfoParser] (main) Kafka version: 3.9.1
2025-08-06 18:56:52,882 INFO  [org.apa.kaf.com.uti.AppInfoParser] (main) Kafka commitId: f745dfdcee2b9851
2025-08-06 18:56:52,882 INFO  [org.apa.kaf.com.uti.AppInfoParser] (main) Kafka startTimeMs: 1754506612882
2025-08-06 18:56:52,883 INFO  [io.api.tes.ser.api.KafkaSerdesTester] (Thread-738) Sending message {"keyB": "value-0"} to topic topic-203a82a1_f0a3_4c31_91f9_04971643c1ae
2025-08-06 18:56:52,886 INFO  [org.apa.kaf.cli.Metadata] (kafka-producer-network-thread | Producer-topic-203a82a1_f0a3_4c31_91f9_04971643c1ae) [Producer clientId=Producer-topic-203a82a1_f0a3_4c31_91f9_04971643c1ae] Cluster ID: NyMRaTI5Q0SXQrlZpmr68g
2025-08-06 18:56:52,886 INFO  [DefaultSchemaResolver] (Thread-738) Retrieving schema content using string: {"type":"record","name":"s384f7774x543ax4f03x8ec9x6535085a37a0","namespace":"s78ca3ba8x0009x4d9axa0a7x17d1ce5e261d","fields":[{"name":"keyB","type":"string"}]}
2025-08-06 18:56:52,886 INFO  [org.apa.kaf.cli.pro.int.TransactionManager] (kafka-producer-network-thread | Producer-topic-203a82a1_f0a3_4c31_91f9_04971643c1ae) [Producer clientId=Producer-topic-203a82a1_f0a3_4c31_91f9_04971643c1ae] ProducerId set to 24 with epoch 0
2025-08-06 18:56:52,923 INFO  [org.apa.kaf.cli.pro.KafkaProducer] (Thread-738) [Producer clientId=Producer-topic-203a82a1_f0a3_4c31_91f9_04971643c1ae] Closing the Kafka producer with timeoutMillis = 9223372036854775807 ms.
2025-08-06 18:56:52,925 INFO  [org.apa.kaf.com.met.Metrics] (Thread-738) Metrics scheduler closed
2025-08-06 18:56:52,925 INFO  [org.apa.kaf.com.met.Metrics] (Thread-738) Closing reporter org.apache.kafka.common.metrics.JmxReporter
2025-08-06 18:56:52,925 INFO  [org.apa.kaf.com.met.Metrics] (Thread-738) Closing reporter org.apache.kafka.common.telemetry.internals.ClientTelemetryReporter
2025-08-06 18:56:52,925 INFO  [org.apa.kaf.com.met.Metrics] (Thread-738) Metrics reporters closed
2025-08-06 18:56:52,925 INFO  [org.apa.kaf.com.uti.AppInfoParser] (Thread-738) App info kafka.producer for Producer-topic-203a82a1_f0a3_4c31_91f9_04971643c1ae unregistered
2025-08-06 18:56:52,926 INFO  [io.api.tes.uti.TestSeparator] (main) io.apicurio.tests.serdes.apicurio.AvroSerdeIT.testAvroSerDesFailDifferentSchemaByContent-FINISHED
2025-08-06 18:56:52,927 INFO  [io.api.tes.uti.TestSeparator] (main) ############################################################################
Test passed: testAvroSerDesFailDifferentSchemaByContent
]]></system-out>
    <system-err><![CDATA[java.lang.RuntimeException: Could not resolve artifact reference by content: {"type":"record","name":"s384f7774x543ax4f03x8ec9x6535085a37a0","namespace":"s78ca3ba8x0009x4d9axa0a7x17d1ce5e261d","fields":[{"name":"keyB","type":"string"}]}&ArtifactReference [groupId=s78ca3ba8x0009x4d9axa0a7x17d1ce5e261d, artifactId=s384f7774x543ax4f03x8ec9x6535085a37a0, version=null, globalId=null, contentId=null, contentHash=null]
	at io.apicurio.registry.resolver.DefaultSchemaResolver.lambda$handleResolveSchemaByContent$3(DefaultSchemaResolver.java:265)
	at io.apicurio.registry.resolver.cache.ERCache.lambda$getValue$0(ERCache.java:174)
	at io.apicurio.registry.resolver.cache.ERCache.retry(ERCache.java:227)
	at io.apicurio.registry.resolver.cache.ERCache.getValue(ERCache.java:173)
	at io.apicurio.registry.resolver.cache.ERCache.getByContent(ERCache.java:147)
	at io.apicurio.registry.resolver.DefaultSchemaResolver.handleResolveSchemaByContent(DefaultSchemaResolver.java:253)
	at io.apicurio.registry.resolver.DefaultSchemaResolver.getSchemaFromRegistry(DefaultSchemaResolver.java:138)
	at io.apicurio.registry.resolver.DefaultSchemaResolver.lambda$resolveSchema$0(DefaultSchemaResolver.java:84)
	at java.base/java.util.Optional.orElseGet(Optional.java:364)
	at io.apicurio.registry.resolver.DefaultSchemaResolver.resolveSchema(DefaultSchemaResolver.java:84)
	at io.apicurio.registry.serde.AbstractSerializer.serializeData(AbstractSerializer.java:62)
	at io.apicurio.registry.serde.KafkaSerializer.serialize(KafkaSerializer.java:77)
	at org.apache.kafka.clients.producer.KafkaProducer.doSend(KafkaProducer.java:1046)
	at org.apache.kafka.clients.producer.KafkaProducer.send(KafkaProducer.java:993)
	at org.apache.kafka.clients.producer.KafkaProducer.send(KafkaProducer.java:875)
	at io.apicurio.tests.serdes.apicurio.KafkaSerdesTester.lambda$produceMessages$3(KafkaSerdesTester.java:138)
	at java.base/java.util.concurrent.CompletableFuture$AsyncSupply.run(CompletableFuture.java:1768)
	at java.base/java.lang.Thread.run(Thread.java:840)
]]></system-err>
  </testcase>
  <testcase name="testGlobalIdInBody" classname="io.apicurio.tests.serdes.apicurio.AvroSerdeIT" time="3.836">
    <system-out><![CDATA[2025-08-06 18:56:52,929 INFO  [io.api.tes.uti.TestSeparator] (main) ############################################################################
2025-08-06 18:56:52,929 INFO  [io.api.tes.uti.TestSeparator] (main) io.apicurio.tests.serdes.apicurio.AvroSerdeIT.testGlobalIdInBody-STARTED
**** Registry Base URL: http://registry-app-ksql047.apps.ci419.apicurio-testing.org:80
2025-08-06 18:56:52,936 INFO  [org.apa.kaf.cli.pro.ProducerConfig] (main) ProducerConfig values: 
	acks = -1
	auto.include.jmx.reporter = true
	batch.size = 16384
	bootstrap.servers = [PLAINTEXT://localhost:32769]
	buffer.memory = 33554432
	client.dns.lookup = use_all_dns_ips
	client.id = Producer-topic-cb9fc59f_f617_46eb_a46e_452a67bc15a5
	compression.gzip.level = -1
	compression.lz4.level = 9
	compression.type = none
	compression.zstd.level = 3
	connections.max.idle.ms = 10000
	delivery.timeout.ms = 120000
	enable.idempotence = true
	enable.metrics.push = true
	interceptor.classes = []
	key.serializer = class org.apache.kafka.common.serialization.StringSerializer
	linger.ms = 0
	max.block.ms = 60000
	max.in.flight.requests.per.connection = 5
	max.request.size = 1048576
	metadata.max.age.ms = 300000
	metadata.max.idle.ms = 300000
	metadata.recovery.strategy = none
	metric.reporters = []
	metrics.num.samples = 2
	metrics.recording.level = INFO
	metrics.sample.window.ms = 30000
	partitioner.adaptive.partitioning.enable = true
	partitioner.availability.timeout.ms = 0
	partitioner.class = null
	partitioner.ignore.keys = false
	receive.buffer.bytes = 32768
	reconnect.backoff.max.ms = 1000
	reconnect.backoff.ms = 50
	request.timeout.ms = 5000
	retries = 2147483647
	retry.backoff.max.ms = 1000
	retry.backoff.ms = 100
	sasl.client.callback.handler.class = null
	sasl.jaas.config = null
	sasl.kerberos.kinit.cmd = /usr/bin/kinit
	sasl.kerberos.min.time.before.relogin = 60000
	sasl.kerberos.service.name = null
	sasl.kerberos.ticket.renew.jitter = 0.05
	sasl.kerberos.ticket.renew.window.factor = 0.8
	sasl.login.callback.handler.class = null
	sasl.login.class = null
	sasl.login.connect.timeout.ms = null
	sasl.login.read.timeout.ms = null
	sasl.login.refresh.buffer.seconds = 300
	sasl.login.refresh.min.period.seconds = 60
	sasl.login.refresh.window.factor = 0.8
	sasl.login.refresh.window.jitter = 0.05
	sasl.login.retry.backoff.max.ms = 10000
	sasl.login.retry.backoff.ms = 100
	sasl.mechanism = GSSAPI
	sasl.oauthbearer.clock.skew.seconds = 30
	sasl.oauthbearer.expected.audience = null
	sasl.oauthbearer.expected.issuer = null
	sasl.oauthbearer.header.urlencode = false
	sasl.oauthbearer.jwks.endpoint.refresh.ms = 3600000
	sasl.oauthbearer.jwks.endpoint.retry.backoff.max.ms = 10000
	sasl.oauthbearer.jwks.endpoint.retry.backoff.ms = 100
	sasl.oauthbearer.jwks.endpoint.url = null
	sasl.oauthbearer.scope.claim.name = scope
	sasl.oauthbearer.sub.claim.name = sub
	sasl.oauthbearer.token.endpoint.url = null
	security.protocol = PLAINTEXT
	security.providers = null
	send.buffer.bytes = 131072
	socket.connection.setup.timeout.max.ms = 30000
	socket.connection.setup.timeout.ms = 10000
	ssl.cipher.suites = null
	ssl.enabled.protocols = [TLSv1.2, TLSv1.3]
	ssl.endpoint.identification.algorithm = https
	ssl.engine.factory.class = null
	ssl.key.password = null
	ssl.keymanager.algorithm = SunX509
	ssl.keystore.certificate.chain = null
	ssl.keystore.key = null
	ssl.keystore.location = null
	ssl.keystore.password = null
	ssl.keystore.type = JKS
	ssl.protocol = TLSv1.3
	ssl.provider = null
	ssl.secure.random.implementation = null
	ssl.trustmanager.algorithm = PKIX
	ssl.truststore.certificates = null
	ssl.truststore.location = null
	ssl.truststore.password = null
	ssl.truststore.type = JKS
	transaction.timeout.ms = 60000
	transactional.id = null
	value.serializer = class io.apicurio.registry.serde.avro.AvroKafkaSerializer

2025-08-06 18:56:52,936 INFO  [org.apa.kaf.com.tel.int.KafkaMetricsCollector] (main) initializing Kafka metrics collector
2025-08-06 18:56:52,941 INFO  [org.apa.kaf.cli.pro.KafkaProducer] (main) [Producer clientId=Producer-topic-cb9fc59f_f617_46eb_a46e_452a67bc15a5] Instantiated an idempotent producer.
2025-08-06 18:56:52,943 INFO  [org.apa.kaf.cli.pro.ProducerConfig] (main) These configurations '[apicurio.registry.url, apicurio.registry.auto-register, apicurio.registry.use-id, apicurio.registry.artifact-resolver-strategy]' were supplied but are not used yet.
2025-08-06 18:56:52,943 INFO  [org.apa.kaf.com.uti.AppInfoParser] (main) Kafka version: 3.9.1
2025-08-06 18:56:52,943 INFO  [org.apa.kaf.com.uti.AppInfoParser] (main) Kafka commitId: f745dfdcee2b9851
2025-08-06 18:56:52,943 INFO  [org.apa.kaf.com.uti.AppInfoParser] (main) Kafka startTimeMs: 1754506612943
2025-08-06 18:56:52,943 INFO  [io.api.tes.ser.api.SimpleSerdesTesterBuilder$SimpleSerdesTester] (main) Using producer configuration: {apicurio.registry.url=http://registry-app-ksql047.apps.ci419.apicurio-testing.org:80/apis/registry/v3, apicurio.registry.auto-register=true, apicurio.registry.use-id=globalId, apicurio.registry.artifact-resolver-strategy=io.apicurio.registry.serde.strategy.TopicIdStrategy, value.serializer=io.apicurio.registry.serde.avro.AvroKafkaSerializer, request.timeout.ms=5000, acks=all, bootstrap.servers=PLAINTEXT://localhost:32769, connections.max.idle.ms=10000, key.serializer=org.apache.kafka.common.serialization.StringSerializer, client.id=Producer-topic-cb9fc59f_f617_46eb_a46e_452a67bc15a5}
2025-08-06 18:56:52,943 INFO  [io.api.tes.ser.api.SimpleSerdesTesterBuilder$SimpleSerdesTester] (main) Using consumer configuration: {apicurio.registry.use-id=globalId}
2025-08-06 18:56:52,944 INFO  [io.api.tes.ser.api.KafkaSerdesTester] (Thread-741) Sending message {"key11754506612929": "value-0"} to topic topic-cb9fc59f_f617_46eb_a46e_452a67bc15a5
2025-08-06 18:56:52,948 WARN  [org.apa.kaf.cli.NetworkClient] (kafka-producer-network-thread | Producer-topic-cb9fc59f_f617_46eb_a46e_452a67bc15a5) [Producer clientId=Producer-topic-cb9fc59f_f617_46eb_a46e_452a67bc15a5] The metadata response from the cluster reported a recoverable issue with correlation id 1 : {topic-cb9fc59f_f617_46eb_a46e_452a67bc15a5=UNKNOWN_TOPIC_OR_PARTITION}
2025-08-06 18:56:52,948 INFO  [org.apa.kaf.cli.Metadata] (kafka-producer-network-thread | Producer-topic-cb9fc59f_f617_46eb_a46e_452a67bc15a5) [Producer clientId=Producer-topic-cb9fc59f_f617_46eb_a46e_452a67bc15a5] Cluster ID: NyMRaTI5Q0SXQrlZpmr68g
2025-08-06 18:56:52,948 INFO  [org.apa.kaf.cli.pro.int.TransactionManager] (kafka-producer-network-thread | Producer-topic-cb9fc59f_f617_46eb_a46e_452a67bc15a5) [Producer clientId=Producer-topic-cb9fc59f_f617_46eb_a46e_452a67bc15a5] ProducerId set to 25 with epoch 0
2025-08-06 18:56:53,135 INFO  [io.api.tes.ser.api.KafkaSerdesTester] (Thread-741) Sending message {"key11754506612929": "value-1"} to topic topic-cb9fc59f_f617_46eb_a46e_452a67bc15a5
2025-08-06 18:56:53,136 INFO  [io.api.tes.ser.api.KafkaSerdesTester] (Thread-741) Sending message {"key11754506612929": "value-2"} to topic topic-cb9fc59f_f617_46eb_a46e_452a67bc15a5
2025-08-06 18:56:53,138 INFO  [io.api.tes.ser.api.KafkaSerdesTester] (Thread-741) Sending message {"key11754506612929": "value-3"} to topic topic-cb9fc59f_f617_46eb_a46e_452a67bc15a5
2025-08-06 18:56:53,139 INFO  [io.api.tes.ser.api.KafkaSerdesTester] (Thread-741) Sending message {"key11754506612929": "value-4"} to topic topic-cb9fc59f_f617_46eb_a46e_452a67bc15a5
2025-08-06 18:56:53,141 INFO  [io.api.tes.ser.api.KafkaSerdesTester] (Thread-741) Sending message {"key11754506612929": "value-5"} to topic topic-cb9fc59f_f617_46eb_a46e_452a67bc15a5
2025-08-06 18:56:53,145 INFO  [io.api.tes.ser.api.KafkaSerdesTester] (Thread-741) Sending message {"key11754506612929": "value-6"} to topic topic-cb9fc59f_f617_46eb_a46e_452a67bc15a5
2025-08-06 18:56:53,148 INFO  [io.api.tes.ser.api.KafkaSerdesTester] (Thread-741) Sending message {"key11754506612929": "value-7"} to topic topic-cb9fc59f_f617_46eb_a46e_452a67bc15a5
2025-08-06 18:56:53,150 INFO  [io.api.tes.ser.api.KafkaSerdesTester] (Thread-741) Sending message {"key11754506612929": "value-8"} to topic topic-cb9fc59f_f617_46eb_a46e_452a67bc15a5
2025-08-06 18:56:53,151 INFO  [io.api.tes.ser.api.KafkaSerdesTester] (Thread-741) Sending message {"key11754506612929": "value-9"} to topic topic-cb9fc59f_f617_46eb_a46e_452a67bc15a5
2025-08-06 18:56:53,153 INFO  [io.api.tes.ser.api.KafkaSerdesTester] (Thread-741) Produced 10 messages
2025-08-06 18:56:53,153 INFO  [org.apa.kaf.cli.pro.KafkaProducer] (Thread-741) [Producer clientId=Producer-topic-cb9fc59f_f617_46eb_a46e_452a67bc15a5] Closing the Kafka producer with timeoutMillis = 9223372036854775807 ms.
2025-08-06 18:56:53,156 INFO  [org.apa.kaf.com.met.Metrics] (Thread-741) Metrics scheduler closed
2025-08-06 18:56:53,156 INFO  [org.apa.kaf.com.met.Metrics] (Thread-741) Closing reporter org.apache.kafka.common.metrics.JmxReporter
2025-08-06 18:56:53,157 INFO  [org.apa.kaf.com.met.Metrics] (Thread-741) Closing reporter org.apache.kafka.common.telemetry.internals.ClientTelemetryReporter
2025-08-06 18:56:53,157 INFO  [org.apa.kaf.com.met.Metrics] (Thread-741) Metrics reporters closed
2025-08-06 18:56:53,157 INFO  [org.apa.kaf.com.uti.AppInfoParser] (Thread-741) App info kafka.producer for Producer-topic-cb9fc59f_f617_46eb_a46e_452a67bc15a5 unregistered
**** Registry Base URL: http://registry-app-ksql047.apps.ci419.apicurio-testing.org:80
2025-08-06 18:56:53,181 INFO  [org.apa.kaf.cli.con.ConsumerConfig] (main) ConsumerConfig values: 
	allow.auto.create.topics = true
	auto.commit.interval.ms = 500
	auto.include.jmx.reporter = true
	auto.offset.reset = earliest
	bootstrap.servers = [PLAINTEXT://localhost:32769]
	check.crcs = true
	client.dns.lookup = use_all_dns_ips
	client.id = consumer-Consumer-topic-cb9fc59f_f617_46eb_a46e_452a67bc15a5-18
	client.rack = 
	connections.max.idle.ms = 10000
	default.api.timeout.ms = 60000
	enable.auto.commit = true
	enable.metrics.push = true
	exclude.internal.topics = true
	fetch.max.bytes = 52428800
	fetch.max.wait.ms = 500
	fetch.min.bytes = 1
	group.id = Consumer-topic-cb9fc59f_f617_46eb_a46e_452a67bc15a5
	group.instance.id = null
	group.protocol = classic
	group.remote.assignor = null
	heartbeat.interval.ms = 3000
	interceptor.classes = []
	internal.leave.group.on.close = true
	internal.throw.on.fetch.stable.offset.unsupported = false
	isolation.level = read_uncommitted
	key.deserializer = class org.apache.kafka.common.serialization.StringDeserializer
	max.partition.fetch.bytes = 1048576
	max.poll.interval.ms = 300000
	max.poll.records = 500
	metadata.max.age.ms = 300000
	metadata.recovery.strategy = none
	metric.reporters = []
	metrics.num.samples = 2
	metrics.recording.level = INFO
	metrics.sample.window.ms = 30000
	partition.assignment.strategy = [class org.apache.kafka.clients.consumer.RangeAssignor, class org.apache.kafka.clients.consumer.CooperativeStickyAssignor]
	receive.buffer.bytes = 65536
	reconnect.backoff.max.ms = 1000
	reconnect.backoff.ms = 50
	request.timeout.ms = 5000
	retry.backoff.max.ms = 1000
	retry.backoff.ms = 100
	sasl.client.callback.handler.class = null
	sasl.jaas.config = null
	sasl.kerberos.kinit.cmd = /usr/bin/kinit
	sasl.kerberos.min.time.before.relogin = 60000
	sasl.kerberos.service.name = null
	sasl.kerberos.ticket.renew.jitter = 0.05
	sasl.kerberos.ticket.renew.window.factor = 0.8
	sasl.login.callback.handler.class = null
	sasl.login.class = null
	sasl.login.connect.timeout.ms = null
	sasl.login.read.timeout.ms = null
	sasl.login.refresh.buffer.seconds = 300
	sasl.login.refresh.min.period.seconds = 60
	sasl.login.refresh.window.factor = 0.8
	sasl.login.refresh.window.jitter = 0.05
	sasl.login.retry.backoff.max.ms = 10000
	sasl.login.retry.backoff.ms = 100
	sasl.mechanism = GSSAPI
	sasl.oauthbearer.clock.skew.seconds = 30
	sasl.oauthbearer.expected.audience = null
	sasl.oauthbearer.expected.issuer = null
	sasl.oauthbearer.header.urlencode = false
	sasl.oauthbearer.jwks.endpoint.refresh.ms = 3600000
	sasl.oauthbearer.jwks.endpoint.retry.backoff.max.ms = 10000
	sasl.oauthbearer.jwks.endpoint.retry.backoff.ms = 100
	sasl.oauthbearer.jwks.endpoint.url = null
	sasl.oauthbearer.scope.claim.name = scope
	sasl.oauthbearer.sub.claim.name = sub
	sasl.oauthbearer.token.endpoint.url = null
	security.protocol = PLAINTEXT
	security.providers = null
	send.buffer.bytes = 131072
	session.timeout.ms = 45000
	socket.connection.setup.timeout.max.ms = 30000
	socket.connection.setup.timeout.ms = 10000
	ssl.cipher.suites = null
	ssl.enabled.protocols = [TLSv1.2, TLSv1.3]
	ssl.endpoint.identification.algorithm = https
	ssl.engine.factory.class = null
	ssl.key.password = null
	ssl.keymanager.algorithm = SunX509
	ssl.keystore.certificate.chain = null
	ssl.keystore.key = null
	ssl.keystore.location = null
	ssl.keystore.password = null
	ssl.keystore.type = JKS
	ssl.protocol = TLSv1.3
	ssl.provider = null
	ssl.secure.random.implementation = null
	ssl.trustmanager.algorithm = PKIX
	ssl.truststore.certificates = null
	ssl.truststore.location = null
	ssl.truststore.password = null
	ssl.truststore.type = JKS
	value.deserializer = class io.apicurio.registry.serde.avro.AvroKafkaDeserializer

2025-08-06 18:56:53,182 INFO  [org.apa.kaf.com.tel.int.KafkaMetricsCollector] (main) initializing Kafka metrics collector
2025-08-06 18:56:53,195 INFO  [org.apa.kaf.cli.con.ConsumerConfig] (main) These configurations '[apicurio.registry.url, apicurio.registry.use-id]' were supplied but are not used yet.
2025-08-06 18:56:53,195 INFO  [org.apa.kaf.com.uti.AppInfoParser] (main) Kafka version: 3.9.1
2025-08-06 18:56:53,195 INFO  [org.apa.kaf.com.uti.AppInfoParser] (main) Kafka commitId: f745dfdcee2b9851
2025-08-06 18:56:53,195 INFO  [org.apa.kaf.com.uti.AppInfoParser] (main) Kafka startTimeMs: 1754506613195
2025-08-06 18:56:53,196 INFO  [org.apa.kaf.cli.con.int.ClassicKafkaConsumer] (Thread-744) [Consumer clientId=consumer-Consumer-topic-cb9fc59f_f617_46eb_a46e_452a67bc15a5-18, groupId=Consumer-topic-cb9fc59f_f617_46eb_a46e_452a67bc15a5] Subscribed to topic(s): topic-cb9fc59f_f617_46eb_a46e_452a67bc15a5
2025-08-06 18:56:53,200 INFO  [org.apa.kaf.cli.Metadata] (Thread-744) [Consumer clientId=consumer-Consumer-topic-cb9fc59f_f617_46eb_a46e_452a67bc15a5-18, groupId=Consumer-topic-cb9fc59f_f617_46eb_a46e_452a67bc15a5] Cluster ID: NyMRaTI5Q0SXQrlZpmr68g
2025-08-06 18:56:53,202 INFO  [org.apa.kaf.cli.con.int.ConsumerCoordinator] (Thread-744) [Consumer clientId=consumer-Consumer-topic-cb9fc59f_f617_46eb_a46e_452a67bc15a5-18, groupId=Consumer-topic-cb9fc59f_f617_46eb_a46e_452a67bc15a5] Discovered group coordinator localhost:32769 (id: 2147483647 rack: null)
2025-08-06 18:56:53,204 INFO  [org.apa.kaf.cli.con.int.ConsumerCoordinator] (Thread-744) [Consumer clientId=consumer-Consumer-topic-cb9fc59f_f617_46eb_a46e_452a67bc15a5-18, groupId=Consumer-topic-cb9fc59f_f617_46eb_a46e_452a67bc15a5] (Re-)joining group
2025-08-06 18:56:53,207 INFO  [org.apa.kaf.cli.con.int.ConsumerCoordinator] (Thread-744) [Consumer clientId=consumer-Consumer-topic-cb9fc59f_f617_46eb_a46e_452a67bc15a5-18, groupId=Consumer-topic-cb9fc59f_f617_46eb_a46e_452a67bc15a5] Request joining group due to: need to re-join with the given member-id: consumer-Consumer-topic-cb9fc59f_f617_46eb_a46e_452a67bc15a5-18-3dff4df6-86f6-4add-9ba7-4b616c42ad85
2025-08-06 18:56:53,207 INFO  [org.apa.kaf.cli.con.int.ConsumerCoordinator] (Thread-744) [Consumer clientId=consumer-Consumer-topic-cb9fc59f_f617_46eb_a46e_452a67bc15a5-18, groupId=Consumer-topic-cb9fc59f_f617_46eb_a46e_452a67bc15a5] (Re-)joining group
2025-08-06 18:56:54,196 INFO  [io.api.tes.ser.api.KafkaSerdesTester] (Thread-744) None found
2025-08-06 18:56:55,196 INFO  [io.api.tes.ser.api.KafkaSerdesTester] (Thread-744) None found
2025-08-06 18:56:56,197 INFO  [io.api.tes.ser.api.KafkaSerdesTester] (Thread-744) None found
2025-08-06 18:56:56,209 INFO  [org.apa.kaf.cli.con.int.ConsumerCoordinator] (Thread-744) [Consumer clientId=consumer-Consumer-topic-cb9fc59f_f617_46eb_a46e_452a67bc15a5-18, groupId=Consumer-topic-cb9fc59f_f617_46eb_a46e_452a67bc15a5] Successfully joined group with generation Generation{generationId=1, memberId='consumer-Consumer-topic-cb9fc59f_f617_46eb_a46e_452a67bc15a5-18-3dff4df6-86f6-4add-9ba7-4b616c42ad85', protocol='range'}
2025-08-06 18:56:56,209 INFO  [org.apa.kaf.cli.con.int.ConsumerCoordinator] (Thread-744) [Consumer clientId=consumer-Consumer-topic-cb9fc59f_f617_46eb_a46e_452a67bc15a5-18, groupId=Consumer-topic-cb9fc59f_f617_46eb_a46e_452a67bc15a5] Finished assignment for group at generation 1: {consumer-Consumer-topic-cb9fc59f_f617_46eb_a46e_452a67bc15a5-18-3dff4df6-86f6-4add-9ba7-4b616c42ad85=Assignment(partitions=[topic-cb9fc59f_f617_46eb_a46e_452a67bc15a5-0])}
2025-08-06 18:56:56,216 INFO  [org.apa.kaf.cli.con.int.ConsumerCoordinator] (Thread-744) [Consumer clientId=consumer-Consumer-topic-cb9fc59f_f617_46eb_a46e_452a67bc15a5-18, groupId=Consumer-topic-cb9fc59f_f617_46eb_a46e_452a67bc15a5] Successfully synced group in generation Generation{generationId=1, memberId='consumer-Consumer-topic-cb9fc59f_f617_46eb_a46e_452a67bc15a5-18-3dff4df6-86f6-4add-9ba7-4b616c42ad85', protocol='range'}
2025-08-06 18:56:56,216 INFO  [org.apa.kaf.cli.con.int.ConsumerCoordinator] (Thread-744) [Consumer clientId=consumer-Consumer-topic-cb9fc59f_f617_46eb_a46e_452a67bc15a5-18, groupId=Consumer-topic-cb9fc59f_f617_46eb_a46e_452a67bc15a5] Notifying assignor about the new Assignment(partitions=[topic-cb9fc59f_f617_46eb_a46e_452a67bc15a5-0])
2025-08-06 18:56:56,216 INFO  [org.apa.kaf.cli.con.int.ConsumerRebalanceListenerInvoker] (Thread-744) [Consumer clientId=consumer-Consumer-topic-cb9fc59f_f617_46eb_a46e_452a67bc15a5-18, groupId=Consumer-topic-cb9fc59f_f617_46eb_a46e_452a67bc15a5] Adding newly assigned partitions: topic-cb9fc59f_f617_46eb_a46e_452a67bc15a5-0
2025-08-06 18:56:56,217 INFO  [org.apa.kaf.cli.con.int.ConsumerCoordinator] (Thread-744) [Consumer clientId=consumer-Consumer-topic-cb9fc59f_f617_46eb_a46e_452a67bc15a5-18, groupId=Consumer-topic-cb9fc59f_f617_46eb_a46e_452a67bc15a5] Found no committed offset for partition topic-cb9fc59f_f617_46eb_a46e_452a67bc15a5-0
2025-08-06 18:56:56,219 INFO  [org.apa.kaf.cli.con.int.SubscriptionState] (Thread-744) [Consumer clientId=consumer-Consumer-topic-cb9fc59f_f617_46eb_a46e_452a67bc15a5-18, groupId=Consumer-topic-cb9fc59f_f617_46eb_a46e_452a67bc15a5] Resetting offset for partition topic-cb9fc59f_f617_46eb_a46e_452a67bc15a5-0 to position FetchPosition{offset=0, offsetEpoch=Optional.empty, currentLeader=LeaderAndEpoch{leader=Optional[localhost:32769 (id: 0 rack: null)], epoch=0}}.
2025-08-06 18:56:56,257 INFO  [io.api.tes.ser.api.KafkaSerdesTester] (Thread-744) topic-cb9fc59f_f617_46eb_a46e_452a67bc15a5 0 0 {"key11754506612929": "value-0"}
2025-08-06 18:56:56,257 INFO  [io.api.tes.ser.api.KafkaSerdesTester] (Thread-744) topic-cb9fc59f_f617_46eb_a46e_452a67bc15a5 0 1 {"key11754506612929": "value-1"}
2025-08-06 18:56:56,257 INFO  [io.api.tes.ser.api.KafkaSerdesTester] (Thread-744) topic-cb9fc59f_f617_46eb_a46e_452a67bc15a5 0 2 {"key11754506612929": "value-2"}
2025-08-06 18:56:56,257 INFO  [io.api.tes.ser.api.KafkaSerdesTester] (Thread-744) topic-cb9fc59f_f617_46eb_a46e_452a67bc15a5 0 3 {"key11754506612929": "value-3"}
2025-08-06 18:56:56,257 INFO  [io.api.tes.ser.api.KafkaSerdesTester] (Thread-744) topic-cb9fc59f_f617_46eb_a46e_452a67bc15a5 0 4 {"key11754506612929": "value-4"}
2025-08-06 18:56:56,257 INFO  [io.api.tes.ser.api.KafkaSerdesTester] (Thread-744) topic-cb9fc59f_f617_46eb_a46e_452a67bc15a5 0 5 {"key11754506612929": "value-5"}
2025-08-06 18:56:56,257 INFO  [io.api.tes.ser.api.KafkaSerdesTester] (Thread-744) topic-cb9fc59f_f617_46eb_a46e_452a67bc15a5 0 6 {"key11754506612929": "value-6"}
2025-08-06 18:56:56,257 INFO  [io.api.tes.ser.api.KafkaSerdesTester] (Thread-744) topic-cb9fc59f_f617_46eb_a46e_452a67bc15a5 0 7 {"key11754506612929": "value-7"}
2025-08-06 18:56:56,258 INFO  [io.api.tes.ser.api.KafkaSerdesTester] (Thread-744) topic-cb9fc59f_f617_46eb_a46e_452a67bc15a5 0 8 {"key11754506612929": "value-8"}
2025-08-06 18:56:56,258 INFO  [io.api.tes.ser.api.KafkaSerdesTester] (Thread-744) topic-cb9fc59f_f617_46eb_a46e_452a67bc15a5 0 9 {"key11754506612929": "value-9"}
2025-08-06 18:56:56,258 INFO  [io.api.tes.ser.api.KafkaSerdesTester] (Thread-744) Consumed 10 messages
2025-08-06 18:56:56,264 INFO  [org.apa.kaf.cli.con.int.ConsumerRebalanceListenerInvoker] (Thread-744) [Consumer clientId=consumer-Consumer-topic-cb9fc59f_f617_46eb_a46e_452a67bc15a5-18, groupId=Consumer-topic-cb9fc59f_f617_46eb_a46e_452a67bc15a5] Revoke previously assigned partitions topic-cb9fc59f_f617_46eb_a46e_452a67bc15a5-0
2025-08-06 18:56:56,265 INFO  [org.apa.kaf.cli.con.int.ConsumerCoordinator] (Thread-744) [Consumer clientId=consumer-Consumer-topic-cb9fc59f_f617_46eb_a46e_452a67bc15a5-18, groupId=Consumer-topic-cb9fc59f_f617_46eb_a46e_452a67bc15a5] Member consumer-Consumer-topic-cb9fc59f_f617_46eb_a46e_452a67bc15a5-18-3dff4df6-86f6-4add-9ba7-4b616c42ad85 sending LeaveGroup request to coordinator localhost:32769 (id: 2147483647 rack: null) due to the consumer is being closed
2025-08-06 18:56:56,265 INFO  [org.apa.kaf.cli.con.int.ConsumerCoordinator] (Thread-744) [Consumer clientId=consumer-Consumer-topic-cb9fc59f_f617_46eb_a46e_452a67bc15a5-18, groupId=Consumer-topic-cb9fc59f_f617_46eb_a46e_452a67bc15a5] Resetting generation and member id due to: consumer pro-actively leaving the group
2025-08-06 18:56:56,265 INFO  [org.apa.kaf.cli.con.int.ConsumerCoordinator] (Thread-744) [Consumer clientId=consumer-Consumer-topic-cb9fc59f_f617_46eb_a46e_452a67bc15a5-18, groupId=Consumer-topic-cb9fc59f_f617_46eb_a46e_452a67bc15a5] Request joining group due to: consumer pro-actively leaving the group
2025-08-06 18:56:56,759 INFO  [org.apa.kaf.com.met.Metrics] (Thread-744) Metrics scheduler closed
2025-08-06 18:56:56,760 INFO  [org.apa.kaf.com.met.Metrics] (Thread-744) Closing reporter org.apache.kafka.common.metrics.JmxReporter
2025-08-06 18:56:56,760 INFO  [org.apa.kaf.com.met.Metrics] (Thread-744) Closing reporter org.apache.kafka.common.telemetry.internals.ClientTelemetryReporter
2025-08-06 18:56:56,760 INFO  [org.apa.kaf.com.met.Metrics] (Thread-744) Metrics reporters closed
2025-08-06 18:56:56,761 INFO  [org.apa.kaf.com.uti.AppInfoParser] (Thread-744) App info kafka.consumer for consumer-Consumer-topic-cb9fc59f_f617_46eb_a46e_452a67bc15a5-18 unregistered
2025-08-06 18:56:56,764 INFO  [io.api.tes.uti.TestSeparator] (main) io.apicurio.tests.serdes.apicurio.AvroSerdeIT.testGlobalIdInBody-FINISHED
2025-08-06 18:56:56,764 INFO  [io.api.tes.uti.TestSeparator] (main) ############################################################################
Test passed: testGlobalIdInBody
]]></system-out>
  </testcase>
  <testcase name="testProducerUsesGlobalIdConsumerUsesDefault" classname="io.apicurio.tests.serdes.apicurio.AvroSerdeIT" time="0.0">
    <skipped message="void io.apicurio.tests.serdes.apicurio.AvroSerdeIT.testProducerUsesGlobalIdConsumerUsesDefault() throws java.lang.Exception is @Disabled"/>
  </testcase>
</testsuite>