<?xml version="1.0" encoding="UTF-8"?>
<testsuite xmlns:xsi="http://www.w3.org/2001/XMLSchema-instance" xsi:noNamespaceSchemaLocation="https://maven.apache.org/surefire/maven-failsafe-plugin/xsd/failsafe-test-report.xsd" version="3.0.2" name="io.apicurio.tests.serdes.apicurio.AvroSerdeIT" time="119.592" tests="21" errors="0" skipped="2" failures="0">
  <properties>
    <property name="java.specification.version" value="17"/>
    <property name="sun.jnu.encoding" value="UTF-8"/>
    <property name="java.class.path" value="/home/runner/work/apicurio-testing/apicurio-testing/clusters/ci419/namespaces/ksql043/tests/integration/apicurio-registry/integration-tests/target/test-classes:/home/runner/work/apicurio-testing/apicurio-testing/clusters/ci419/namespaces/ksql043/tests/integration/apicurio-registry/integration-tests/target/apicurio-registry-integration-tests-3.0.12-SNAPSHOT.jar:/home/runner/.m2/repository/io/quarkus/quarkus-junit5/3.20.2/quarkus-junit5-3.20.2.jar:/home/runner/.m2/repository/io/quarkus/quarkus-bootstrap-core/3.20.2/quarkus-bootstrap-core-3.20.2.jar:/home/runner/.m2/repository/io/quarkus/quarkus-classloader-commons/3.20.2/quarkus-classloader-commons-3.20.2.jar:/home/runner/.m2/repository/io/quarkus/quarkus-bootstrap-app-model/3.20.2/quarkus-bootstrap-app-model-3.20.2.jar:/home/runner/.m2/repository/io/smallrye/common/smallrye-common-io/2.12.0/smallrye-common-io-2.12.0.jar:/home/runner/.m2/repository/org/eclipse/sisu/org.eclipse.sisu.inject/0.9.0.M3/org.eclipse.sisu.inject-0.9.0.M3.jar:/home/runner/.m2/repository/io/quarkus/quarkus-test-common/3.20.2/quarkus-test-common-3.20.2.jar:/home/runner/.m2/repository/io/quarkus/quarkus-core-deployment/3.20.2/quarkus-core-deployment-3.20.2.jar:/home/runner/.m2/repository/org/aesh/readline/2.6/readline-2.6.jar:/home/runner/.m2/repository/org/fusesource/jansi/jansi/2.4.0/jansi-2.4.0.jar:/home/runner/.m2/repository/org/aesh/aesh/2.8.2/aesh-2.8.2.jar:/home/runner/.m2/repository/io/quarkus/gizmo/gizmo/1.8.0/gizmo-1.8.0.jar:/home/runner/.m2/repository/org/ow2/asm/asm-util/9.7.1/asm-util-9.7.1.jar:/home/runner/.m2/repository/org/ow2/asm/asm-analysis/9.7.1/asm-analysis-9.7.1.jar:/home/runner/.m2/repository/org/ow2/asm/asm-commons/9.7.1/asm-commons-9.7.1.jar:/home/runner/.m2/repository/org/ow2/asm/asm-tree/9.7.1/asm-tree-9.7.1.jar:/home/runner/.m2/repository/io/quarkus/quarkus-hibernate-validator-spi/3.20.2/quarkus-hibernate-validator-spi-3.20.2.jar:/home/runner/.m2/repository/io/quarkus/quarkus-class-change-agent/3.20.2/quarkus-class-change-agent-3.20.2.jar:/home/runner/.m2/repository/io/quarkus/quarkus-devtools-utilities/3.20.2/quarkus-devtools-utilities-3.20.2.jar:/home/runner/.m2/repository/io/quarkus/quarkus-builder/3.20.2/quarkus-builder-3.20.2.jar:/home/runner/.m2/repository/org/graalvm/sdk/nativeimage/23.1.2/nativeimage-23.1.2.jar:/home/runner/.m2/repository/org/graalvm/sdk/word/23.1.2/word-23.1.2.jar:/home/runner/.m2/repository/io/quarkus/quarkus-bootstrap-maven-resolver/3.20.2/quarkus-bootstrap-maven-resolver-3.20.2.jar:/home/runner/.m2/repository/io/smallrye/beanbag/smallrye-beanbag-maven/1.5.2/smallrye-beanbag-maven-1.5.2.jar:/home/runner/.m2/repository/io/smallrye/beanbag/smallrye-beanbag-sisu/1.5.2/smallrye-beanbag-sisu-1.5.2.jar:/home/runner/.m2/repository/io/smallrye/beanbag/smallrye-beanbag/1.5.2/smallrye-beanbag-1.5.2.jar:/home/runner/.m2/repository/javax/inject/javax.inject/1/javax.inject-1.jar:/home/runner/.m2/repository/org/apache/maven/maven-artifact/3.9.9/maven-artifact-3.9.9.jar:/home/runner/.m2/repository/org/apache/maven/maven-builder-support/3.9.9/maven-builder-support-3.9.9.jar:/home/runner/.m2/repository/org/apache/maven/maven-model/3.9.9/maven-model-3.9.9.jar:/home/runner/.m2/repository/org/apache/maven/maven-model-builder/3.9.9/maven-model-builder-3.9.9.jar:/home/runner/.m2/repository/org/apache/maven/maven-repository-metadata/3.9.9/maven-repository-metadata-3.9.9.jar:/home/runner/.m2/repository/org/apache/maven/maven-settings/3.9.9/maven-settings-3.9.9.jar:/home/runner/.m2/repository/org/apache/maven/resolver/maven-resolver-api/1.9.22/maven-resolver-api-1.9.22.jar:/home/runner/.m2/repository/org/apache/maven/resolver/maven-resolver-impl/1.9.22/maven-resolver-impl-1.9.22.jar:/home/runner/.m2/repository/org/apache/maven/resolver/maven-resolver-named-locks/1.9.22/maven-resolver-named-locks-1.9.22.jar:/home/runner/.m2/repository/org/apache/maven/resolver/maven-resolver-spi/1.9.22/maven-resolver-spi-1.9.22.jar:/home/runner/.m2/repository/org/apache/maven/resolver/maven-resolver-util/1.9.22/maven-resolver-util-1.9.22.jar:/home/runner/.m2/repository/org/apache/maven/resolver/maven-resolver-transport-http/1.9.20/maven-resolver-transport-http-1.9.20.jar:/home/runner/.m2/repository/org/apache/maven/wagon/wagon-provider-api/3.5.3/wagon-provider-api-3.5.3.jar:/home/runner/.m2/repository/org/apache/maven/wagon/wagon-http-shared/3.5.3/wagon-http-shared-3.5.3.jar:/home/runner/.m2/repository/org/codehaus/plexus/plexus-interpolation/1.26/plexus-interpolation-1.26.jar:/home/runner/.m2/repository/org/codehaus/plexus/plexus-utils/3.5.1/plexus-utils-3.5.1.jar:/home/runner/.m2/repository/org/codehaus/plexus/plexus-xml/4.0.1/plexus-xml-4.0.1.jar:/home/runner/.m2/repository/org/apache/maven/maven-xml-impl/4.0.0-alpha-5/maven-xml-impl-4.0.0-alpha-5.jar:/home/runner/.m2/repository/org/apache/maven/maven-api-xml/4.0.0-alpha-5/maven-api-xml-4.0.0-alpha-5.jar:/home/runner/.m2/repository/org/apache/maven/maven-api-meta/4.0.0-alpha-5/maven-api-meta-4.0.0-alpha-5.jar:/home/runner/.m2/repository/org/codehaus/plexus/plexus-cipher/2.0/plexus-cipher-2.0.jar:/home/runner/.m2/repository/org/codehaus/plexus/plexus-sec-dispatcher/2.0/plexus-sec-dispatcher-2.0.jar:/home/runner/.m2/repository/org/apache/maven/maven-embedder/3.9.9/maven-embedder-3.9.9.jar:/home/runner/.m2/repository/org/apache/maven/maven-core/3.9.9/maven-core-3.9.9.jar:/home/runner/.m2/repository/org/codehaus/plexus/plexus-component-annotations/2.1.0/plexus-component-annotations-2.1.0.jar:/home/runner/.m2/repository/org/apache/maven/maven-plugin-api/3.9.9/maven-plugin-api-3.9.9.jar:/home/runner/.m2/repository/org/apache/maven/shared/maven-shared-utils/3.4.2/maven-shared-utils-3.4.2.jar:/home/runner/.m2/repository/com/google/inject/guice/5.1.0/guice-5.1.0.jar:/home/runner/.m2/repository/aopalliance/aopalliance/1.0/aopalliance-1.0.jar:/home/runner/.m2/repository/org/codehaus/plexus/plexus-classworlds/2.6.0/plexus-classworlds-2.6.0.jar:/home/runner/.m2/repository/commons-cli/commons-cli/1.8.0/commons-cli-1.8.0.jar:/home/runner/.m2/repository/org/eclipse/sisu/org.eclipse.sisu.plexus/0.9.0.M3/org.eclipse.sisu.plexus-0.9.0.M3.jar:/home/runner/.m2/repository/org/apache/maven/maven-settings-builder/3.9.9/maven-settings-builder-3.9.9.jar:/home/runner/.m2/repository/org/apache/maven/maven-resolver-provider/3.9.9/maven-resolver-provider-3.9.9.jar:/home/runner/.m2/repository/org/apache/maven/resolver/maven-resolver-connector-basic/1.9.22/maven-resolver-connector-basic-1.9.22.jar:/home/runner/.m2/repository/org/apache/maven/resolver/maven-resolver-transport-wagon/1.9.22/maven-resolver-transport-wagon-1.9.22.jar:/home/runner/.m2/repository/org/apache/maven/wagon/wagon-http/3.5.3/wagon-http-3.5.3.jar:/home/runner/.m2/repository/org/apache/maven/wagon/wagon-file/3.5.3/wagon-file-3.5.3.jar:/home/runner/.m2/repository/io/quarkus/quarkus-bootstrap-gradle-resolver/3.20.2/quarkus-bootstrap-gradle-resolver-3.20.2.jar:/home/runner/.m2/repository/io/smallrye/jandex/3.3.0/jandex-3.3.0.jar:/home/runner/.m2/repository/org/jboss/logging/commons-logging-jboss-logging/1.0.0.Final/commons-logging-jboss-logging-1.0.0.Final.jar:/home/runner/.m2/repository/io/quarkus/quarkus-junit5-config/3.20.2/quarkus-junit5-config-3.20.2.jar:/home/runner/.m2/repository/org/junit/jupiter/junit-jupiter-api/5.12.1/junit-jupiter-api-5.12.1.jar:/home/runner/.m2/repository/io/smallrye/config/smallrye-config/3.11.4/smallrye-config-3.11.4.jar:/home/runner/.m2/repository/io/smallrye/config/smallrye-config-core/3.11.4/smallrye-config-core-3.11.4.jar:/home/runner/.m2/repository/io/smallrye/common/smallrye-common-classloader/2.12.0/smallrye-common-classloader-2.12.0.jar:/home/runner/.m2/repository/io/smallrye/config/smallrye-config-common/3.11.4/smallrye-config-common-3.11.4.jar:/home/runner/.m2/repository/org/junit/jupiter/junit-jupiter/5.12.1/junit-jupiter-5.12.1.jar:/home/runner/.m2/repository/org/junit/jupiter/junit-jupiter-params/5.12.1/junit-jupiter-params-5.12.1.jar:/home/runner/.m2/repository/org/junit/jupiter/junit-jupiter-engine/5.12.1/junit-jupiter-engine-5.12.1.jar:/home/runner/.m2/repository/io/quarkus/quarkus-core/3.20.2/quarkus-core-3.20.2.jar:/home/runner/.m2/repository/jakarta/enterprise/jakarta.enterprise.cdi-api/4.1.0/jakarta.enterprise.cdi-api-4.1.0.jar:/home/runner/.m2/repository/jakarta/enterprise/jakarta.enterprise.lang-model/4.1.0/jakarta.enterprise.lang-model-4.1.0.jar:/home/runner/.m2/repository/jakarta/el/jakarta.el-api/5.0.1/jakarta.el-api-5.0.1.jar:/home/runner/.m2/repository/jakarta/interceptor/jakarta.interceptor-api/2.2.0/jakarta.interceptor-api-2.2.0.jar:/home/runner/.m2/repository/jakarta/inject/jakarta.inject-api/2.0.1/jakarta.inject-api-2.0.1.jar:/home/runner/.m2/repository/io/smallrye/common/smallrye-common-os/2.12.0/smallrye-common-os-2.12.0.jar:/home/runner/.m2/repository/io/quarkus/quarkus-ide-launcher/3.20.2/quarkus-ide-launcher-3.20.2.jar:/home/runner/.m2/repository/io/quarkus/quarkus-development-mode-spi/3.20.2/quarkus-development-mode-spi-3.20.2.jar:/home/runner/.m2/repository/org/jboss/logging/jboss-logging/3.6.1.Final/jboss-logging-3.6.1.Final.jar:/home/runner/.m2/repository/org/jboss/logmanager/jboss-logmanager/3.1.2.Final/jboss-logmanager-3.1.2.Final.jar:/home/runner/.m2/repository/io/smallrye/common/smallrye-common-constraint/2.12.0/smallrye-common-constraint-2.12.0.jar:/home/runner/.m2/repository/io/smallrye/common/smallrye-common-cpu/2.12.0/smallrye-common-cpu-2.12.0.jar:/home/runner/.m2/repository/io/smallrye/common/smallrye-common-expression/2.12.0/smallrye-common-expression-2.12.0.jar:/home/runner/.m2/repository/io/smallrye/common/smallrye-common-net/2.12.0/smallrye-common-net-2.12.0.jar:/home/runner/.m2/repository/io/smallrye/common/smallrye-common-ref/2.12.0/smallrye-common-ref-2.12.0.jar:/home/runner/.m2/repository/jakarta/json/jakarta.json-api/2.1.3/jakarta.json-api-2.1.3.jar:/home/runner/.m2/repository/org/eclipse/parsson/parsson/1.1.7/parsson-1.1.7.jar:/home/runner/.m2/repository/org/jboss/logging/jboss-logging-annotations/3.0.4.Final/jboss-logging-annotations-3.0.4.Final.jar:/home/runner/.m2/repository/org/jboss/threads/jboss-threads/3.8.0.Final/jboss-threads-3.8.0.Final.jar:/home/runner/.m2/repository/io/smallrye/common/smallrye-common-annotation/2.12.0/smallrye-common-annotation-2.12.0.jar:/home/runner/.m2/repository/io/smallrye/common/smallrye-common-function/2.12.0/smallrye-common-function-2.12.0.jar:/home/runner/.m2/repository/org/jboss/slf4j/slf4j-jboss-logmanager/2.0.0.Final/slf4j-jboss-logmanager-2.0.0.Final.jar:/home/runner/.m2/repository/org/wildfly/common/wildfly-common/2.0.1/wildfly-common-2.0.1.jar:/home/runner/.m2/repository/io/quarkus/quarkus-bootstrap-runner/3.20.2/quarkus-bootstrap-runner-3.20.2.jar:/home/runner/.m2/repository/io/github/crac/org-crac/0.1.3/org-crac-0.1.3.jar:/home/runner/.m2/repository/io/quarkus/quarkus-fs-util/0.0.10/quarkus-fs-util-0.0.10.jar:/home/runner/.m2/repository/org/jboss/marshalling/jboss-marshalling/2.2.2.Final/jboss-marshalling-2.2.2.Final.jar:/home/runner/.m2/repository/io/fabric8/kubernetes-client/7.1.0/kubernetes-client-7.1.0.jar:/home/runner/.m2/repository/io/fabric8/kubernetes-client-api/7.1.0/kubernetes-client-api-7.1.0.jar:/home/runner/.m2/repository/io/fabric8/kubernetes-model-core/7.1.0/kubernetes-model-core-7.1.0.jar:/home/runner/.m2/repository/io/fabric8/kubernetes-model-common/7.1.0/kubernetes-model-common-7.1.0.jar:/home/runner/.m2/repository/javax/annotation/javax.annotation-api/1.3.2/javax.annotation-api-1.3.2.jar:/home/runner/.m2/repository/io/fabric8/kubernetes-model-gatewayapi/7.1.0/kubernetes-model-gatewayapi-7.1.0.jar:/home/runner/.m2/repository/io/fabric8/kubernetes-model-resource/7.1.0/kubernetes-model-resource-7.1.0.jar:/home/runner/.m2/repository/io/fabric8/kubernetes-model-rbac/7.1.0/kubernetes-model-rbac-7.1.0.jar:/home/runner/.m2/repository/io/fabric8/kubernetes-model-admissionregistration/7.1.0/kubernetes-model-admissionregistration-7.1.0.jar:/home/runner/.m2/repository/io/fabric8/kubernetes-model-apps/7.1.0/kubernetes-model-apps-7.1.0.jar:/home/runner/.m2/repository/io/fabric8/kubernetes-model-autoscaling/7.1.0/kubernetes-model-autoscaling-7.1.0.jar:/home/runner/.m2/repository/io/fabric8/kubernetes-model-apiextensions/7.1.0/kubernetes-model-apiextensions-7.1.0.jar:/home/runner/.m2/repository/io/fabric8/kubernetes-model-batch/7.1.0/kubernetes-model-batch-7.1.0.jar:/home/runner/.m2/repository/io/fabric8/kubernetes-model-certificates/7.1.0/kubernetes-model-certificates-7.1.0.jar:/home/runner/.m2/repository/io/fabric8/kubernetes-model-coordination/7.1.0/kubernetes-model-coordination-7.1.0.jar:/home/runner/.m2/repository/io/fabric8/kubernetes-model-discovery/7.1.0/kubernetes-model-discovery-7.1.0.jar:/home/runner/.m2/repository/io/fabric8/kubernetes-model-events/7.1.0/kubernetes-model-events-7.1.0.jar:/home/runner/.m2/repository/io/fabric8/kubernetes-model-extensions/7.1.0/kubernetes-model-extensions-7.1.0.jar:/home/runner/.m2/repository/io/fabric8/kubernetes-model-flowcontrol/7.1.0/kubernetes-model-flowcontrol-7.1.0.jar:/home/runner/.m2/repository/io/fabric8/kubernetes-model-networking/7.1.0/kubernetes-model-networking-7.1.0.jar:/home/runner/.m2/repository/io/fabric8/kubernetes-model-metrics/7.1.0/kubernetes-model-metrics-7.1.0.jar:/home/runner/.m2/repository/io/fabric8/kubernetes-model-policy/7.1.0/kubernetes-model-policy-7.1.0.jar:/home/runner/.m2/repository/io/fabric8/kubernetes-model-scheduling/7.1.0/kubernetes-model-scheduling-7.1.0.jar:/home/runner/.m2/repository/io/fabric8/kubernetes-model-storageclass/7.1.0/kubernetes-model-storageclass-7.1.0.jar:/home/runner/.m2/repository/io/fabric8/kubernetes-model-node/7.1.0/kubernetes-model-node-7.1.0.jar:/home/runner/.m2/repository/org/snakeyaml/snakeyaml-engine/2.9/snakeyaml-engine-2.9.jar:/home/runner/.m2/repository/com/fasterxml/jackson/dataformat/jackson-dataformat-yaml/2.18.2/jackson-dataformat-yaml-2.18.2.jar:/home/runner/.m2/repository/com/fasterxml/jackson/datatype/jackson-datatype-jsr310/2.18.2/jackson-datatype-jsr310-2.18.2.jar:/home/runner/.m2/repository/io/fabric8/zjsonpatch/7.1.0/zjsonpatch-7.1.0.jar:/home/runner/.m2/repository/io/fabric8/kubernetes-httpclient-vertx/7.1.0/kubernetes-httpclient-vertx-7.1.0.jar:/home/runner/.m2/repository/io/vertx/vertx-web-client/4.5.16/vertx-web-client-4.5.16.jar:/home/runner/.m2/repository/io/vertx/vertx-web-common/4.5.16/vertx-web-common-4.5.16.jar:/home/runner/.m2/repository/io/vertx/vertx-auth-common/4.5.16/vertx-auth-common-4.5.16.jar:/home/runner/.m2/repository/io/vertx/vertx-uri-template/4.5.16/vertx-uri-template-4.5.16.jar:/home/runner/.m2/repository/io/fabric8/openshift-client/7.1.0/openshift-client-7.1.0.jar:/home/runner/.m2/repository/io/fabric8/openshift-client-api/7.1.0/openshift-client-api-7.1.0.jar:/home/runner/.m2/repository/io/fabric8/openshift-model/7.1.0/openshift-model-7.1.0.jar:/home/runner/.m2/repository/io/fabric8/openshift-model-autoscaling/7.1.0/openshift-model-autoscaling-7.1.0.jar:/home/runner/.m2/repository/io/fabric8/openshift-model-operator/7.1.0/openshift-model-operator-7.1.0.jar:/home/runner/.m2/repository/io/fabric8/openshift-model-operatorhub/7.1.0/openshift-model-operatorhub-7.1.0.jar:/home/runner/.m2/repository/io/fabric8/openshift-model-machine/7.1.0/openshift-model-machine-7.1.0.jar:/home/runner/.m2/repository/io/fabric8/openshift-model-whereabouts/7.1.0/openshift-model-whereabouts-7.1.0.jar:/home/runner/.m2/repository/io/fabric8/openshift-model-monitoring/7.1.0/openshift-model-monitoring-7.1.0.jar:/home/runner/.m2/repository/io/fabric8/openshift-model-storageversionmigrator/7.1.0/openshift-model-storageversionmigrator-7.1.0.jar:/home/runner/.m2/repository/io/fabric8/openshift-model-tuned/7.1.0/openshift-model-tuned-7.1.0.jar:/home/runner/.m2/repository/io/fabric8/openshift-model-console/7.1.0/openshift-model-console-7.1.0.jar:/home/runner/.m2/repository/io/fabric8/openshift-model-config/7.1.0/openshift-model-config-7.1.0.jar:/home/runner/.m2/repository/io/fabric8/openshift-model-machineconfiguration/7.1.0/openshift-model-machineconfiguration-7.1.0.jar:/home/runner/.m2/repository/io/fabric8/openshift-model-miscellaneous/7.1.0/openshift-model-miscellaneous-7.1.0.jar:/home/runner/.m2/repository/io/fabric8/openshift-model-hive/7.1.0/openshift-model-hive-7.1.0.jar:/home/runner/.m2/repository/io/fabric8/openshift-model-installer/7.1.0/openshift-model-installer-7.1.0.jar:/home/runner/.m2/repository/org/junit/platform/junit-platform-launcher/1.12.1/junit-platform-launcher-1.12.1.jar:/home/runner/.m2/repository/org/junit/platform/junit-platform-engine/1.12.1/junit-platform-engine-1.12.1.jar:/home/runner/.m2/repository/org/opentest4j/opentest4j/1.3.0/opentest4j-1.3.0.jar:/home/runner/.m2/repository/org/junit/platform/junit-platform-commons/1.12.1/junit-platform-commons-1.12.1.jar:/home/runner/.m2/repository/org/apiguardian/apiguardian-api/1.1.2/apiguardian-api-1.1.2.jar:/home/runner/.m2/repository/jakarta/ws/rs/jakarta.ws.rs-api/3.1.0/jakarta.ws.rs-api-3.1.0.jar:/home/runner/work/apicurio-testing/apicurio-testing/clusters/ci419/namespaces/ksql043/tests/integration/apicurio-registry/java-sdk/target/apicurio-registry-java-sdk-3.0.12-SNAPSHOT.jar:/home/runner/.m2/repository/com/microsoft/kiota/microsoft-kiota-abstractions/1.8.9/microsoft-kiota-abstractions-1.8.9.jar:/home/runner/.m2/repository/io/github/std-uritemplate/std-uritemplate/2.0.0/std-uritemplate-2.0.0.jar:/home/runner/.m2/repository/io/kiota/kiota-http-jdk/0.0.29/kiota-http-jdk-0.0.29.jar:/home/runner/.m2/repository/io/kiota/kiota-http-vertx/0.0.29/kiota-http-vertx-0.0.29.jar:/home/runner/.m2/repository/io/kiota/kiota-serialization-jackson/0.0.29/kiota-serialization-jackson-0.0.29.jar:/home/runner/.m2/repository/com/microsoft/kiota/microsoft-kiota-serialization-text/1.8.9/microsoft-kiota-serialization-text-1.8.9.jar:/home/runner/.m2/repository/com/microsoft/kiota/microsoft-kiota-serialization-form/1.8.9/microsoft-kiota-serialization-form-1.8.9.jar:/home/runner/.m2/repository/com/microsoft/kiota/microsoft-kiota-serialization-multipart/1.8.9/microsoft-kiota-serialization-multipart-1.8.9.jar:/home/runner/.m2/repository/jakarta/annotation/jakarta.annotation-api/3.0.0/jakarta.annotation-api-3.0.0.jar:/home/runner/.m2/repository/io/vertx/vertx-auth-oauth2/4.5.16/vertx-auth-oauth2-4.5.16.jar:/home/runner/work/apicurio-testing/apicurio-testing/clusters/ci419/namespaces/ksql043/tests/integration/apicurio-registry/java-sdk-v2/target/apicurio-registry-v2-java-sdk-3.0.12-SNAPSHOT.jar:/home/runner/work/apicurio-testing/apicurio-testing/clusters/ci419/namespaces/ksql043/tests/integration/apicurio-registry/utils/kafka/target/apicurio-registry-utils-kafka-3.0.12-SNAPSHOT-tests.jar:/home/runner/.m2/repository/org/eclipse/microprofile/config/microprofile-config-api/3.1/microprofile-config-api-3.1.jar:/home/runner/.m2/repository/org/apache/kafka/kafka-clients/3.9.1/kafka-clients-3.9.1.jar:/home/runner/.m2/repository/com/github/luben/zstd-jni/1.5.6-4/zstd-jni-1.5.6-4.jar:/home/runner/.m2/repository/org/lz4/lz4-java/1.8.0/lz4-java-1.8.0.jar:/home/runner/.m2/repository/org/xerial/snappy/snappy-java/1.1.10.5/snappy-java-1.1.10.5.jar:/home/runner/.m2/repository/org/slf4j/slf4j-api/2.0.6/slf4j-api-2.0.6.jar:/home/runner/work/apicurio-testing/apicurio-testing/clusters/ci419/namespaces/ksql043/tests/integration/apicurio-registry/utils/tests/target/apicurio-registry-utils-tests-3.0.12-SNAPSHOT.jar:/home/runner/work/apicurio-testing/apicurio-testing/clusters/ci419/namespaces/ksql043/tests/integration/apicurio-registry/common/target/apicurio-registry-common-3.0.12-SNAPSHOT.jar:/home/runner/.m2/repository/jakarta/validation/jakarta.validation-api/3.0.2/jakarta.validation-api-3.0.2.jar:/home/runner/.m2/repository/com/github/dasniko/testcontainers-keycloak/3.8.0/testcontainers-keycloak-3.8.0.jar:/home/runner/.m2/repository/org/testcontainers/testcontainers/1.20.6/testcontainers-1.20.6.jar:/home/runner/.m2/repository/org/rnorth/duct-tape/duct-tape/1.0.8/duct-tape-1.0.8.jar:/home/runner/.m2/repository/com/github/docker-java/docker-java-transport-zerodep/3.4.1/docker-java-transport-zerodep-3.4.1.jar:/home/runner/.m2/repository/com/github/docker-java/docker-java-transport/3.4.1/docker-java-transport-3.4.1.jar:/home/runner/.m2/repository/net/java/dev/jna/jna/5.8.0/jna-5.8.0.jar:/home/runner/.m2/repository/io/quarkus/quarkus-junit4-mock/3.20.2/quarkus-junit4-mock-3.20.2.jar:/home/runner/.m2/repository/org/jboss/shrinkwrap/shrinkwrap-api/2.0.0-beta-2/shrinkwrap-api-2.0.0-beta-2.jar:/home/runner/.m2/repository/org/jboss/shrinkwrap/shrinkwrap-impl-base/2.0.0-beta-2/shrinkwrap-impl-base-2.0.0-beta-2.jar:/home/runner/.m2/repository/org/jboss/shrinkwrap/shrinkwrap-spi/2.0.0-beta-2/shrinkwrap-spi-2.0.0-beta-2.jar:/home/runner/.m2/repository/org/keycloak/keycloak-admin-client/26.0.4/keycloak-admin-client-26.0.4.jar:/home/runner/.m2/repository/org/keycloak/keycloak-client-common-synced/26.0.4/keycloak-client-common-synced-26.0.4.jar:/home/runner/.m2/repository/jakarta/activation/jakarta.activation-api/2.1.3/jakarta.activation-api-2.1.3.jar:/home/runner/.m2/repository/org/eclipse/microprofile/openapi/microprofile-openapi-api/4.0.2/microprofile-openapi-api-4.0.2.jar:/home/runner/.m2/repository/org/jboss/resteasy/resteasy-client/6.2.12.Final/resteasy-client-6.2.12.Final.jar:/home/runner/.m2/repository/org/jboss/resteasy/resteasy-client-api/6.2.12.Final/resteasy-client-api-6.2.12.Final.jar:/home/runner/.m2/repository/org/jboss/resteasy/resteasy-core-spi/6.2.12.Final/resteasy-core-spi-6.2.12.Final.jar:/home/runner/.m2/repository/org/jboss/resteasy/resteasy-core/6.2.12.Final/resteasy-core-6.2.12.Final.jar:/home/runner/.m2/repository/org/eclipse/angus/angus-activation/2.0.2/angus-activation-2.0.2.jar:/home/runner/.m2/repository/com/ibm/async/asyncutil/0.1.0/asyncutil-0.1.0.jar:/home/runner/.m2/repository/org/reactivestreams/reactive-streams/1.0.4/reactive-streams-1.0.4.jar:/home/runner/.m2/repository/org/jboss/resteasy/resteasy-multipart-provider/6.2.12.Final/resteasy-multipart-provider-6.2.12.Final.jar:/home/runner/.m2/repository/jakarta/mail/jakarta.mail-api/2.1.3/jakarta.mail-api-2.1.3.jar:/home/runner/.m2/repository/org/eclipse/angus/angus-mail/2.0.3/angus-mail-2.0.3.jar:/home/runner/.m2/repository/org/apache/james/apache-mime4j-dom/0.8.12/apache-mime4j-dom-0.8.12.jar:/home/runner/.m2/repository/org/apache/james/apache-mime4j-core/0.8.12/apache-mime4j-core-0.8.12.jar:/home/runner/.m2/repository/org/apache/james/apache-mime4j-storage/0.8.12/apache-mime4j-storage-0.8.12.jar:/home/runner/.m2/repository/org/jboss/resteasy/resteasy-jackson2-provider/6.2.12.Final/resteasy-jackson2-provider-6.2.12.Final.jar:/home/runner/.m2/repository/com/fasterxml/jackson/jakarta/rs/jackson-jakarta-rs-base/2.18.2/jackson-jakarta-rs-base-2.18.2.jar:/home/runner/.m2/repository/com/fasterxml/jackson/jakarta/rs/jackson-jakarta-rs-json-provider/2.18.2/jackson-jakarta-rs-json-provider-2.18.2.jar:/home/runner/.m2/repository/com/fasterxml/jackson/module/jackson-module-jakarta-xmlbind-annotations/2.18.2/jackson-module-jakarta-xmlbind-annotations-2.18.2.jar:/home/runner/.m2/repository/com/github/java-json-tools/json-patch/1.13/json-patch-1.13.jar:/home/runner/.m2/repository/com/github/java-json-tools/msg-simple/1.2/msg-simple-1.2.jar:/home/runner/.m2/repository/com/github/java-json-tools/btf/1.3/btf-1.3.jar:/home/runner/.m2/repository/com/github/java-json-tools/jackson-coreutils/2.0/jackson-coreutils-2.0.jar:/home/runner/.m2/repository/org/jboss/resteasy/resteasy-jaxb-provider/6.2.12.Final/resteasy-jaxb-provider-6.2.12.Final.jar:/home/runner/.m2/repository/org/glassfish/jaxb/codemodel/4.0.5/codemodel-4.0.5.jar:/home/runner/.m2/repository/org/glassfish/jaxb/jaxb-core/4.0.5/jaxb-core-4.0.5.jar:/home/runner/.m2/repository/org/glassfish/jaxb/jaxb-jxc/4.0.5/jaxb-jxc-4.0.5.jar:/home/runner/.m2/repository/org/glassfish/jaxb/jaxb-runtime/4.0.5/jaxb-runtime-4.0.5.jar:/home/runner/.m2/repository/org/glassfish/jaxb/txw2/4.0.5/txw2-4.0.5.jar:/home/runner/.m2/repository/org/glassfish/jaxb/jaxb-xjc/4.0.5/jaxb-xjc-4.0.5.jar:/home/runner/.m2/repository/org/glassfish/jaxb/xsom/4.0.5/xsom-4.0.5.jar:/home/runner/.m2/repository/com/sun/istack/istack-commons-runtime/4.1.2/istack-commons-runtime-4.1.2.jar:/home/runner/.m2/repository/com/sun/istack/istack-commons-tools/4.1.2/istack-commons-tools-4.1.2.jar:/home/runner/.m2/repository/com/sun/xml/bind/external/relaxng-datatype/4.0.5/relaxng-datatype-4.0.5.jar:/home/runner/.m2/repository/com/sun/xml/bind/external/rngom/4.0.5/rngom-4.0.5.jar:/home/runner/.m2/repository/org/testcontainers/mssqlserver/1.20.6/mssqlserver-1.20.6.jar:/home/runner/.m2/repository/org/testcontainers/jdbc/1.20.6/jdbc-1.20.6.jar:/home/runner/.m2/repository/org/testcontainers/database-commons/1.20.6/database-commons-1.20.6.jar:/home/runner/.m2/repository/org/testcontainers/mysql/1.20.6/mysql-1.20.6.jar:/home/runner/.m2/repository/io/strimzi/strimzi-test-container/0.111.0/strimzi-test-container-0.111.0.jar:/home/runner/.m2/repository/org/testcontainers/toxiproxy/1.20.6/toxiproxy-1.20.6.jar:/home/runner/.m2/repository/com/github/docker-java/docker-java-api/3.4.1/docker-java-api-3.4.1.jar:/home/runner/.m2/repository/org/apache/logging/log4j/log4j-slf4j-impl/2.19.0/log4j-slf4j-impl-2.19.0.jar:/home/runner/.m2/repository/org/apache/logging/log4j/log4j-api/2.24.3/log4j-api-2.24.3.jar:/home/runner/.m2/repository/org/apache/logging/log4j/log4j-core/2.19.0/log4j-core-2.19.0.jar:/home/runner/.m2/repository/eu/rekawek/toxiproxy/toxiproxy-java/2.1.7/toxiproxy-java-2.1.7.jar:/home/runner/.m2/repository/org/testcontainers/pulsar/1.21.3/pulsar-1.21.3.jar:/home/runner/.m2/repository/io/debezium/debezium-testing-testcontainers/2.7.4.Final/debezium-testing-testcontainers-2.7.4.Final.jar:/home/runner/.m2/repository/org/testcontainers/kafka/1.20.6/kafka-1.20.6.jar:/home/runner/.m2/repository/com/squareup/okhttp3/okhttp/4.8.1/okhttp-4.8.1.jar:/home/runner/.m2/repository/com/squareup/okio/okio/3.10.2/okio-3.10.2.jar:/home/runner/.m2/repository/com/squareup/okio/okio-jvm/3.10.2/okio-jvm-3.10.2.jar:/home/runner/.m2/repository/org/jetbrains/kotlin/kotlin-stdlib/2.0.21/kotlin-stdlib-2.0.21.jar:/home/runner/.m2/repository/org/awaitility/awaitility/4.3.0/awaitility-4.3.0.jar:/home/runner/.m2/repository/org/testcontainers/mongodb/1.20.6/mongodb-1.20.6.jar:/home/runner/.m2/repository/org/testcontainers/mariadb/1.20.6/mariadb-1.20.6.jar:/home/runner/.m2/repository/org/testcontainers/oracle-xe/1.20.6/oracle-xe-1.20.6.jar:/home/runner/.m2/repository/org/testcontainers/postgresql/1.20.6/postgresql-1.20.6.jar:/home/runner/.m2/repository/org/wiremock/wiremock/3.0.1/wiremock-3.0.1.jar:/home/runner/.m2/repository/org/eclipse/jetty/jetty-server/11.0.15/jetty-server-11.0.15.jar:/home/runner/.m2/repository/org/eclipse/jetty/toolchain/jetty-jakarta-servlet-api/5.0.2/jetty-jakarta-servlet-api-5.0.2.jar:/home/runner/.m2/repository/org/eclipse/jetty/jetty-http/11.0.15/jetty-http-11.0.15.jar:/home/runner/.m2/repository/org/eclipse/jetty/jetty-io/11.0.15/jetty-io-11.0.15.jar:/home/runner/.m2/repository/org/eclipse/jetty/jetty-servlet/11.0.15/jetty-servlet-11.0.15.jar:/home/runner/.m2/repository/org/eclipse/jetty/jetty-security/11.0.15/jetty-security-11.0.15.jar:/home/runner/.m2/repository/org/eclipse/jetty/jetty-servlets/11.0.15/jetty-servlets-11.0.15.jar:/home/runner/.m2/repository/org/eclipse/jetty/jetty-util/11.0.15/jetty-util-11.0.15.jar:/home/runner/.m2/repository/org/eclipse/jetty/jetty-webapp/11.0.15/jetty-webapp-11.0.15.jar:/home/runner/.m2/repository/org/eclipse/jetty/jetty-xml/11.0.15/jetty-xml-11.0.15.jar:/home/runner/.m2/repository/org/eclipse/jetty/jetty-proxy/11.0.15/jetty-proxy-11.0.15.jar:/home/runner/.m2/repository/org/eclipse/jetty/jetty-client/11.0.15/jetty-client-11.0.15.jar:/home/runner/.m2/repository/org/eclipse/jetty/http2/http2-server/11.0.15/http2-server-11.0.15.jar:/home/runner/.m2/repository/org/eclipse/jetty/http2/http2-common/11.0.15/http2-common-11.0.15.jar:/home/runner/.m2/repository/org/eclipse/jetty/http2/http2-hpack/11.0.15/http2-hpack-11.0.15.jar:/home/runner/.m2/repository/org/eclipse/jetty/jetty-alpn-server/11.0.15/jetty-alpn-server-11.0.15.jar:/home/runner/.m2/repository/org/eclipse/jetty/jetty-alpn-java-server/11.0.15/jetty-alpn-java-server-11.0.15.jar:/home/runner/.m2/repository/org/eclipse/jetty/jetty-alpn-java-client/11.0.15/jetty-alpn-java-client-11.0.15.jar:/home/runner/.m2/repository/org/eclipse/jetty/jetty-alpn-client/11.0.15/jetty-alpn-client-11.0.15.jar:/home/runner/.m2/repository/org/apache/httpcomponents/client5/httpclient5/5.2.1/httpclient5-5.2.1.jar:/home/runner/.m2/repository/org/apache/httpcomponents/core5/httpcore5/5.2/httpcore5-5.2.jar:/home/runner/.m2/repository/org/apache/httpcomponents/core5/httpcore5-h2/5.2/httpcore5-h2-5.2.jar:/home/runner/.m2/repository/org/xmlunit/xmlunit-core/2.9.1/xmlunit-core-2.9.1.jar:/home/runner/.m2/repository/jakarta/xml/bind/jakarta.xml.bind-api/4.0.2/jakarta.xml.bind-api-4.0.2.jar:/home/runner/.m2/repository/org/xmlunit/xmlunit-legacy/2.9.1/xmlunit-legacy-2.9.1.jar:/home/runner/.m2/repository/org/xmlunit/xmlunit-placeholders/2.9.1/xmlunit-placeholders-2.9.1.jar:/home/runner/.m2/repository/net/javacrumbs/json-unit/json-unit-core/2.38.0/json-unit-core-2.38.0.jar:/home/runner/.m2/repository/org/hamcrest/hamcrest-core/2.2/hamcrest-core-2.2.jar:/home/runner/.m2/repository/com/jayway/jsonpath/json-path/2.8.0/json-path-2.8.0.jar:/home/runner/.m2/repository/net/minidev/json-smart/2.4.10/json-smart-2.4.10.jar:/home/runner/.m2/repository/net/minidev/accessors-smart/2.4.9/accessors-smart-2.4.9.jar:/home/runner/.m2/repository/org/ow2/asm/asm/9.7.1/asm-9.7.1.jar:/home/runner/.m2/repository/net/sf/jopt-simple/jopt-simple/5.0.4/jopt-simple-5.0.4.jar:/home/runner/.m2/repository/com/github/jknack/handlebars/4.3.1/handlebars-4.3.1.jar:/home/runner/.m2/repository/com/github/jknack/handlebars-helpers/4.3.1/handlebars-helpers-4.3.1.jar:/home/runner/.m2/repository/commons-fileupload/commons-fileupload/1.5/commons-fileupload-1.5.jar:/home/runner/.m2/repository/com/networknt/json-schema-validator/1.5.8/json-schema-validator-1.5.8.jar:/home/runner/.m2/repository/com/ethlo/time/itu/1.10.3/itu-1.10.3.jar:/home/runner/.m2/repository/io/quarkus/quarkus-smallrye-jwt-build/3.20.2/quarkus-smallrye-jwt-build-3.20.2.jar:/home/runner/.m2/repository/io/smallrye/smallrye-jwt-build/4.6.2/smallrye-jwt-build-4.6.2.jar:/home/runner/.m2/repository/org/eclipse/microprofile/jwt/microprofile-jwt-auth-api/2.1/microprofile-jwt-auth-api-2.1.jar:/home/runner/.m2/repository/org/bitbucket/b_c/jose4j/0.9.6/jose4j-0.9.6.jar:/home/runner/.m2/repository/io/smallrye/smallrye-jwt-common/4.6.2/smallrye-jwt-common-4.6.2.jar:/home/runner/.m2/repository/io/quarkus/quarkus-jsonp/3.20.2/quarkus-jsonp-3.20.2.jar:/home/runner/.m2/repository/io/quarkus/quarkus-arc/3.20.2/quarkus-arc-3.20.2.jar:/home/runner/.m2/repository/io/quarkus/arc/arc/3.20.2/arc-3.20.2.jar:/home/runner/.m2/repository/jakarta/transaction/jakarta.transaction-api/2.0.1/jakarta.transaction-api-2.0.1.jar:/home/runner/.m2/repository/io/smallrye/reactive/mutiny/2.9.2/mutiny-2.9.2.jar:/home/runner/.m2/repository/org/jctools/jctools-core/4.0.5/jctools-core-4.0.5.jar:/home/runner/.m2/repository/org/eclipse/microprofile/context-propagation/microprofile-context-propagation-api/1.3/microprofile-context-propagation-api-1.3.jar:/home/runner/.m2/repository/io/apicurio/apicurio-common-rest-client-common/0.1.18.Final/apicurio-common-rest-client-common-0.1.18.Final.jar:/home/runner/work/apicurio-testing/apicurio-testing/clusters/ci419/namespaces/ksql043/tests/integration/apicurio-registry/utils/maven-plugin/target/apicurio-registry-maven-plugin-3.0.12-SNAPSHOT.jar:/home/runner/.m2/repository/com/fasterxml/jackson/core/jackson-databind/2.18.2/jackson-databind-2.18.2.jar:/home/runner/.m2/repository/org/apache/avro/avro/1.12.0/avro-1.12.0.jar:/home/runner/.m2/repository/com/google/protobuf/protobuf-java/4.31.1/protobuf-java-4.31.1.jar:/home/runner/.m2/repository/com/google/protobuf/protobuf-java-util/4.31.1/protobuf-java-util-4.31.1.jar:/home/runner/.m2/repository/com/google/code/findbugs/jsr305/3.0.2/jsr305-3.0.2.jar:/home/runner/.m2/repository/com/google/code/gson/gson/2.12.1/gson-2.12.1.jar:/home/runner/.m2/repository/com/google/errorprone/error_prone_annotations/2.36.0/error_prone_annotations-2.36.0.jar:/home/runner/.m2/repository/com/google/j2objc/j2objc-annotations/2.8/j2objc-annotations-2.8.jar:/home/runner/work/apicurio-testing/apicurio-testing/clusters/ci419/namespaces/ksql043/tests/integration/apicurio-registry/schema-util/util-provider/target/apicurio-registry-schema-util-provider-3.0.12-SNAPSHOT.jar:/home/runner/work/apicurio-testing/apicurio-testing/clusters/ci419/namespaces/ksql043/tests/integration/apicurio-registry/schema-util/common/target/apicurio-registry-schema-util-common-3.0.12-SNAPSHOT.jar:/home/runner/.m2/repository/com/fasterxml/jackson/module/jackson-module-parameter-names/2.18.2/jackson-module-parameter-names-2.18.2.jar:/home/runner/.m2/repository/com/fasterxml/jackson/datatype/jackson-datatype-json-org/2.18.2/jackson-datatype-json-org-2.18.2.jar:/home/runner/work/apicurio-testing/apicurio-testing/clusters/ci419/namespaces/ksql043/tests/integration/apicurio-registry/schema-util/json/target/apicurio-registry-schema-util-json-3.0.12-SNAPSHOT.jar:/home/runner/.m2/repository/com/github/erosb/everit-json-schema/1.14.5/everit-json-schema-1.14.5.jar:/home/runner/.m2/repository/commons-validator/commons-validator/1.9.0/commons-validator-1.9.0.jar:/home/runner/.m2/repository/commons-digester/commons-digester/2.1/commons-digester-2.1.jar:/home/runner/.m2/repository/commons-collections/commons-collections/3.2.2/commons-collections-3.2.2.jar:/home/runner/.m2/repository/com/damnhandy/handy-uri-templates/2.1.8/handy-uri-templates-2.1.8.jar:/home/runner/.m2/repository/joda-time/joda-time/2.10.2/joda-time-2.10.2.jar:/home/runner/.m2/repository/com/github/erosb/json-sKema/0.20.0/json-sKema-0.20.0.jar:/home/runner/.m2/repository/io/vertx/vertx-json-schema/4.5.16/vertx-json-schema-4.5.16.jar:/home/runner/work/apicurio-testing/apicurio-testing/clusters/ci419/namespaces/ksql043/tests/integration/apicurio-registry/schema-util/protobuf/target/apicurio-registry-schema-util-protobuf-3.0.12-SNAPSHOT.jar:/home/runner/work/apicurio-testing/apicurio-testing/clusters/ci419/namespaces/ksql043/tests/integration/apicurio-registry/utils/protobuf-schema-utilities/target/apicurio-registry-protobuf-schema-utilities-3.0.12-SNAPSHOT.jar:/home/runner/.m2/repository/com/google/api/grpc/proto-google-common-protos/2.52.0/proto-google-common-protos-2.52.0.jar:/home/runner/.m2/repository/com/squareup/wire/wire-schema-jvm/5.3.3/wire-schema-jvm-5.3.3.jar:/home/runner/.m2/repository/com/palantir/javapoet/javapoet/0.6.0/javapoet-0.6.0.jar:/home/runner/.m2/repository/com/squareup/kotlinpoet-jvm/2.0.0/kotlinpoet-jvm-2.0.0.jar:/home/runner/.m2/repository/org/jetbrains/kotlin/kotlin-reflect/2.0.21/kotlin-reflect-2.0.21.jar:/home/runner/.m2/repository/com/squareup/wire/wire-runtime-jvm/5.3.3/wire-runtime-jvm-5.3.3.jar:/home/runner/.m2/repository/com/ibm/icu/icu4j/76.1/icu4j-76.1.jar:/home/runner/.m2/repository/com/squareup/okio/okio-fakefilesystem/3.10.2/okio-fakefilesystem-3.10.2.jar:/home/runner/.m2/repository/com/squareup/okio/okio-fakefilesystem-jvm/3.10.2/okio-fakefilesystem-jvm-3.10.2.jar:/home/runner/.m2/repository/org/jetbrains/kotlinx/kotlinx-datetime-jvm/0.6.1/kotlinx-datetime-jvm-0.6.1.jar:/home/runner/work/apicurio-testing/apicurio-testing/clusters/ci419/namespaces/ksql043/tests/integration/apicurio-registry/schema-util/asyncapi/target/apicurio-registry-schema-util-asyncapi-3.0.12-SNAPSHOT.jar:/home/runner/work/apicurio-testing/apicurio-testing/clusters/ci419/namespaces/ksql043/tests/integration/apicurio-registry/schema-util/avro/target/apicurio-registry-schema-util-avro-3.0.12-SNAPSHOT.jar:/home/runner/work/apicurio-testing/apicurio-testing/clusters/ci419/namespaces/ksql043/tests/integration/apicurio-registry/schema-util/graphql/target/apicurio-registry-schema-util-graphql-3.0.12-SNAPSHOT.jar:/home/runner/.m2/repository/com/graphql-java/graphql-java/22.4/graphql-java-22.4.jar:/home/runner/.m2/repository/com/graphql-java/java-dataloader/3.3.0/java-dataloader-3.3.0.jar:/home/runner/work/apicurio-testing/apicurio-testing/clusters/ci419/namespaces/ksql043/tests/integration/apicurio-registry/schema-util/kconnect/target/apicurio-registry-schema-util-kconnect-3.0.12-SNAPSHOT.jar:/home/runner/work/apicurio-testing/apicurio-testing/clusters/ci419/namespaces/ksql043/tests/integration/apicurio-registry/schema-util/openapi/target/apicurio-registry-schema-util-openapi-3.0.12-SNAPSHOT.jar:/home/runner/.m2/repository/io/apicurio/apicurio-data-models/2.2.2/apicurio-data-models-2.2.2.jar:/home/runner/.m2/repository/org/openapitools/openapidiff/openapi-diff-core/2.1.2/openapi-diff-core-2.1.2.jar:/home/runner/.m2/repository/io/swagger/parser/v3/swagger-parser/2.1.28/swagger-parser-2.1.28.jar:/home/runner/.m2/repository/io/swagger/parser/v3/swagger-parser-v2-converter/2.1.28/swagger-parser-v2-converter-2.1.28.jar:/home/runner/.m2/repository/io/swagger/swagger-core/1.6.16/swagger-core-1.6.16.jar:/home/runner/.m2/repository/io/swagger/swagger-models/1.6.16/swagger-models-1.6.16.jar:/home/runner/.m2/repository/io/swagger/swagger-annotations/1.6.16/swagger-annotations-1.6.16.jar:/home/runner/.m2/repository/io/swagger/swagger-parser/1.0.75/swagger-parser-1.0.75.jar:/home/runner/.m2/repository/io/swagger/swagger-parser-safe-url-resolver/1.0.75/swagger-parser-safe-url-resolver-1.0.75.jar:/home/runner/.m2/repository/io/swagger/swagger-compat-spec-parser/1.0.75/swagger-compat-spec-parser-1.0.75.jar:/home/runner/.m2/repository/com/github/java-json-tools/json-schema-validator/2.2.14/json-schema-validator-2.2.14.jar:/home/runner/.m2/repository/com/github/java-json-tools/jackson-coreutils-equivalence/1.0/jackson-coreutils-equivalence-1.0.jar:/home/runner/.m2/repository/com/github/java-json-tools/json-schema-core/1.2.14/json-schema-core-1.2.14.jar:/home/runner/.m2/repository/com/github/java-json-tools/uri-template/0.10/uri-template-0.10.jar:/home/runner/.m2/repository/com/googlecode/libphonenumber/libphonenumber/8.11.1/libphonenumber-8.11.1.jar:/home/runner/.m2/repository/com/j2html/j2html/1.6.0/j2html-1.6.0.jar:/home/runner/.m2/repository/org/apache/commons/commons-collections4/4.5.0/commons-collections4-4.5.0.jar:/home/runner/.m2/repository/org/slf4j/jcl-over-slf4j/2.0.17/jcl-over-slf4j-2.0.17.jar:/home/runner/.m2/repository/io/swagger/parser/v3/swagger-parser-v3/2.1.31/swagger-parser-v3-2.1.31.jar:/home/runner/.m2/repository/io/swagger/core/v3/swagger-models/2.2.34/swagger-models-2.2.34.jar:/home/runner/.m2/repository/io/swagger/core/v3/swagger-core/2.2.34/swagger-core-2.2.34.jar:/home/runner/.m2/repository/io/swagger/parser/v3/swagger-parser-core/2.1.31/swagger-parser-core-2.1.31.jar:/home/runner/.m2/repository/io/swagger/parser/v3/swagger-parser-safe-url-resolver/2.1.31/swagger-parser-safe-url-resolver-2.1.31.jar:/home/runner/work/apicurio-testing/apicurio-testing/clusters/ci419/namespaces/ksql043/tests/integration/apicurio-registry/schema-util/wsdl/target/apicurio-registry-schema-util-wsdl-3.0.12-SNAPSHOT.jar:/home/runner/.m2/repository/wsdl4j/wsdl4j/1.6.3/wsdl4j-1.6.3.jar:/home/runner/work/apicurio-testing/apicurio-testing/clusters/ci419/namespaces/ksql043/tests/integration/apicurio-registry/schema-util/xml/target/apicurio-registry-schema-util-xml-3.0.12-SNAPSHOT.jar:/home/runner/.m2/repository/org/apache/santuario/xmlsec/4.0.4/xmlsec-4.0.4.jar:/home/runner/.m2/repository/com/fasterxml/woodstox/woodstox-core/7.1.1/woodstox-core-7.1.1.jar:/home/runner/.m2/repository/org/codehaus/woodstox/stax2-api/4.2.2/stax2-api-4.2.2.jar:/home/runner/work/apicurio-testing/apicurio-testing/clusters/ci419/namespaces/ksql043/tests/integration/apicurio-registry/schema-util/xsd/target/apicurio-registry-schema-util-xsd-3.0.12-SNAPSHOT.jar:/home/runner/work/apicurio-testing/apicurio-testing/clusters/ci419/namespaces/ksql043/tests/integration/apicurio-registry/serdes/kafka/jsonschema-serde/target/apicurio-registry-jsonschema-serde-kafka-3.0.12-SNAPSHOT.jar:/home/runner/work/apicurio-testing/apicurio-testing/clusters/ci419/namespaces/ksql043/tests/integration/apicurio-registry/serdes/kafka/serde-kafka-common/target/apicurio-registry-serde-kafka-common-3.0.12-SNAPSHOT.jar:/home/runner/work/apicurio-testing/apicurio-testing/clusters/ci419/namespaces/ksql043/tests/integration/apicurio-registry/serdes/generic/serde-common/target/apicurio-registry-serde-common-3.0.12-SNAPSHOT.jar:/home/runner/work/apicurio-testing/apicurio-testing/clusters/ci419/namespaces/ksql043/tests/integration/apicurio-registry/serdes/generic/serde-common-jsonschema/target/apicurio-registry-serde-common-jsonschema-3.0.12-SNAPSHOT.jar:/home/runner/.m2/repository/org/json/json/20250107/json-20250107.jar:/home/runner/work/apicurio-testing/apicurio-testing/clusters/ci419/namespaces/ksql043/tests/integration/apicurio-registry/serdes/kafka/avro-serde/target/apicurio-registry-avro-serde-kafka-3.0.12-SNAPSHOT.jar:/home/runner/work/apicurio-testing/apicurio-testing/clusters/ci419/namespaces/ksql043/tests/integration/apicurio-registry/serdes/generic/serde-common-avro/target/apicurio-registry-serde-common-avro-3.0.12-SNAPSHOT.jar:/home/runner/work/apicurio-testing/apicurio-testing/clusters/ci419/namespaces/ksql043/tests/integration/apicurio-registry/serdes/kafka/protobuf-serde/target/apicurio-registry-protobuf-serde-kafka-3.0.12-SNAPSHOT.jar:/home/runner/work/apicurio-testing/apicurio-testing/clusters/ci419/namespaces/ksql043/tests/integration/apicurio-registry/serdes/generic/serde-common-protobuf/target/apicurio-registry-serde-common-protobuf-3.0.12-SNAPSHOT.jar:/home/runner/.m2/repository/com/squareup/wire/wire-schema/5.3.3/wire-schema-5.3.3.jar:/home/runner/.m2/repository/com/squareup/wire/wire-runtime/5.3.3/wire-runtime-5.3.3.jar:/home/runner/work/apicurio-testing/apicurio-testing/clusters/ci419/namespaces/ksql043/tests/integration/apicurio-registry/serdes/pulsar/avro-serde/target/apicurio-registry-avro-serde-pulsar-3.0.12-SNAPSHOT.jar:/home/runner/.m2/repository/org/apache/pulsar/pulsar-functions-api/3.3.8/pulsar-functions-api-3.3.8.jar:/home/runner/work/apicurio-testing/apicurio-testing/clusters/ci419/namespaces/ksql043/tests/integration/apicurio-registry/serdes/nats/avro-serde/target/apicurio-registry-avro-serde-nats-3.0.12-SNAPSHOT.jar:/home/runner/.m2/repository/io/nats/jnats/2.21.4/jnats-2.21.4.jar:/home/runner/.m2/repository/org/bouncycastle/bcprov-lts8on/2.73.7/bcprov-lts8on-2.73.7.jar:/home/runner/.m2/repository/org/jetbrains/annotations/26.0.2/annotations-26.0.2.jar:/home/runner/work/apicurio-testing/apicurio-testing/clusters/ci419/namespaces/ksql043/tests/integration/apicurio-registry/utils/converter/target/apicurio-registry-utils-converter-3.0.12-SNAPSHOT.jar:/home/runner/work/apicurio-testing/apicurio-testing/clusters/ci419/namespaces/ksql043/tests/integration/apicurio-registry/schema-resolver/target/apicurio-registry-schema-resolver-3.0.12-SNAPSHOT.jar:/home/runner/.m2/repository/org/apache/kafka/connect-api/3.9.1/connect-api-3.9.1.jar:/home/runner/.m2/repository/javax/ws/rs/javax.ws.rs-api/2.1.1/javax.ws.rs-api-2.1.1.jar:/home/runner/.m2/repository/org/apache/kafka/connect-json/3.9.1/connect-json-3.9.1.jar:/home/runner/.m2/repository/com/fasterxml/jackson/datatype/jackson-datatype-jdk8/2.18.2/jackson-datatype-jdk8-2.18.2.jar:/home/runner/.m2/repository/com/fasterxml/jackson/module/jackson-module-afterburner/2.18.2/jackson-module-afterburner-2.18.2.jar:/home/runner/work/apicurio-testing/apicurio-testing/clusters/ci419/namespaces/ksql043/tests/integration/apicurio-registry/utils/kafka/target/apicurio-registry-utils-kafka-3.0.12-SNAPSHOT.jar:/home/runner/.m2/repository/org/apache/pulsar/pulsar-client/3.3.8/pulsar-client-3.3.8.jar:/home/runner/.m2/repository/org/apache/pulsar/pulsar-client-api/3.3.8/pulsar-client-api-3.3.8.jar:/home/runner/.m2/repository/org/apache/pulsar/pulsar-client-admin-api/3.3.8/pulsar-client-admin-api-3.3.8.jar:/home/runner/.m2/repository/org/apache/pulsar/bouncy-castle-bc/3.3.8/bouncy-castle-bc-3.3.8-pkg.jar:/home/runner/.m2/repository/org/bouncycastle/bcpkix-jdk18on/1.81/bcpkix-jdk18on-1.81.jar:/home/runner/.m2/repository/org/bouncycastle/bcutil-jdk18on/1.81/bcutil-jdk18on-1.81.jar:/home/runner/.m2/repository/org/bouncycastle/bcprov-jdk18on/1.81/bcprov-jdk18on-1.81.jar:/home/runner/.m2/repository/io/opentelemetry/opentelemetry-api/1.44.1/opentelemetry-api-1.44.1.jar:/home/runner/.m2/repository/io/opentelemetry/opentelemetry-context/1.44.1/opentelemetry-context-1.44.1.jar:/home/runner/.m2/repository/io/opentelemetry/opentelemetry-api-incubator/1.44.1-alpha/opentelemetry-api-incubator-1.44.1-alpha.jar:/home/runner/.m2/repository/com/fasterxml/jackson/core/jackson-annotations/2.18.2/jackson-annotations-2.18.2.jar:/home/runner/.m2/repository/javax/validation/validation-api/1.1.0.Final/validation-api-1.1.0.Final.jar:/home/runner/.m2/repository/org/jspecify/jspecify/1.0.0/jspecify-1.0.0.jar:/home/runner/.m2/repository/org/apache/commons/commons-configuration2/2.12.0/commons-configuration2-2.12.0.jar:/home/runner/.m2/repository/commons-logging/commons-logging/1.3.5/commons-logging-1.3.5.jar:/home/runner/.m2/repository/org/apache/commons/commons-text/1.13.0/commons-text-1.13.0.jar:/home/runner/.m2/repository/io/confluent/kafka-avro-serializer/8.0.0/kafka-avro-serializer-8.0.0.jar:/home/runner/.m2/repository/org/apache/commons/commons-compress/1.27.1/commons-compress-1.27.1.jar:/home/runner/.m2/repository/io/confluent/kafka-schema-serializer/8.0.0/kafka-schema-serializer-8.0.0.jar:/home/runner/.m2/repository/com/fasterxml/jackson/dataformat/jackson-dataformat-csv/2.18.2/jackson-dataformat-csv-2.18.2.jar:/home/runner/.m2/repository/io/confluent/kafka-schema-registry-client/8.0.0/kafka-schema-registry-client-8.0.0.jar:/home/runner/.m2/repository/org/yaml/snakeyaml/2.3/snakeyaml-2.3.jar:/home/runner/.m2/repository/io/swagger/core/v3/swagger-annotations/2.2.29/swagger-annotations-2.2.29.jar:/home/runner/.m2/repository/com/google/guava/guava/33.4.0-jre/guava-33.4.0-jre.jar:/home/runner/.m2/repository/com/google/guava/failureaccess/1.0.1/failureaccess-1.0.1.jar:/home/runner/.m2/repository/org/checkerframework/checker-qual/3.49.0/checker-qual-3.49.0.jar:/home/runner/.m2/repository/io/confluent/logredactor/1.0.13/logredactor-1.0.13.jar:/home/runner/.m2/repository/com/google/re2j/re2j/1.6/re2j-1.6.jar:/home/runner/.m2/repository/io/confluent/logredactor-metrics/1.0.13/logredactor-metrics-1.0.13.jar:/home/runner/.m2/repository/com/eclipsesource/minimal-json/minimal-json/0.9.5/minimal-json-0.9.5.jar:/home/runner/.m2/repository/io/confluent/common-utils/8.0.0/common-utils-8.0.0.jar:/home/runner/.m2/repository/io/confluent/kafka-connect-avro-converter/8.0.0/kafka-connect-avro-converter-8.0.0.jar:/home/runner/.m2/repository/io/confluent/kafka-connect-avro-data/8.0.0/kafka-connect-avro-data-8.0.0.jar:/home/runner/.m2/repository/io/confluent/kafka-schema-converter/8.0.0/kafka-schema-converter-8.0.0.jar:/home/runner/.m2/repository/io/rest-assured/rest-assured/5.5.1/rest-assured-5.5.1.jar:/home/runner/.m2/repository/org/apache/groovy/groovy/4.0.22/groovy-4.0.22.jar:/home/runner/.m2/repository/org/apache/groovy/groovy-xml/4.0.22/groovy-xml-4.0.22.jar:/home/runner/.m2/repository/org/apache/httpcomponents/httpclient/4.5.14/httpclient-4.5.14.jar:/home/runner/.m2/repository/org/apache/httpcomponents/httpcore/4.4.16/httpcore-4.4.16.jar:/home/runner/.m2/repository/org/apache/httpcomponents/httpmime/4.5.14/httpmime-4.5.14.jar:/home/runner/.m2/repository/org/hamcrest/hamcrest/2.2/hamcrest-2.2.jar:/home/runner/.m2/repository/org/ccil/cowan/tagsoup/tagsoup/1.2.1/tagsoup-1.2.1.jar:/home/runner/.m2/repository/io/rest-assured/json-path/5.5.1/json-path-5.5.1.jar:/home/runner/.m2/repository/org/apache/groovy/groovy-json/4.0.22/groovy-json-4.0.22.jar:/home/runner/.m2/repository/io/rest-assured/rest-assured-common/5.5.1/rest-assured-common-5.5.1.jar:/home/runner/.m2/repository/io/rest-assured/xml-path/5.5.1/xml-path-5.5.1.jar:/home/runner/.m2/repository/io/zonky/test/embedded-postgres/2.1.0/embedded-postgres-2.1.0.jar:/home/runner/.m2/repository/io/zonky/test/postgres/embedded-postgres-binaries-windows-amd64/14.15.0/embedded-postgres-binaries-windows-amd64-14.15.0.jar:/home/runner/.m2/repository/io/zonky/test/postgres/embedded-postgres-binaries-darwin-amd64/14.15.0/embedded-postgres-binaries-darwin-amd64-14.15.0.jar:/home/runner/.m2/repository/io/zonky/test/postgres/embedded-postgres-binaries-linux-amd64/14.15.0/embedded-postgres-binaries-linux-amd64-14.15.0.jar:/home/runner/.m2/repository/io/zonky/test/postgres/embedded-postgres-binaries-linux-amd64-alpine/14.15.0/embedded-postgres-binaries-linux-amd64-alpine-14.15.0.jar:/home/runner/.m2/repository/org/apache/commons/commons-lang3/3.17.0/commons-lang3-3.17.0.jar:/home/runner/.m2/repository/org/tukaani/xz/1.10/xz-1.10.jar:/home/runner/.m2/repository/commons-codec/commons-codec/1.19.0/commons-codec-1.19.0.jar:/home/runner/.m2/repository/org/postgresql/postgresql/42.7.7/postgresql-42.7.7.jar:/home/runner/.m2/repository/commons-io/commons-io/2.18.0/commons-io-2.18.0.jar:/home/runner/work/apicurio-testing/apicurio-testing/clusters/ci419/namespaces/ksql043/tests/integration/apicurio-registry/utils/importexport/target/apicurio-registry-utils-import-export-3.0.12-SNAPSHOT.jar:/home/runner/.m2/repository/io/vertx/vertx-core/4.5.16/vertx-core-4.5.16.jar:/home/runner/.m2/repository/io/netty/netty-common/4.1.121.Final/netty-common-4.1.121.Final.jar:/home/runner/.m2/repository/io/netty/netty-buffer/4.1.121.Final/netty-buffer-4.1.121.Final.jar:/home/runner/.m2/repository/io/netty/netty-transport/4.1.121.Final/netty-transport-4.1.121.Final.jar:/home/runner/.m2/repository/io/netty/netty-handler/4.1.121.Final/netty-handler-4.1.121.Final.jar:/home/runner/.m2/repository/io/netty/netty-transport-native-unix-common/4.1.121.Final/netty-transport-native-unix-common-4.1.121.Final.jar:/home/runner/.m2/repository/io/netty/netty-codec/4.1.121.Final/netty-codec-4.1.121.Final.jar:/home/runner/.m2/repository/io/netty/netty-handler-proxy/4.1.121.Final/netty-handler-proxy-4.1.121.Final.jar:/home/runner/.m2/repository/io/netty/netty-codec-socks/4.1.121.Final/netty-codec-socks-4.1.121.Final.jar:/home/runner/.m2/repository/io/netty/netty-codec-http/4.1.121.Final/netty-codec-http-4.1.121.Final.jar:/home/runner/.m2/repository/io/netty/netty-codec-http2/4.1.121.Final/netty-codec-http2-4.1.121.Final.jar:/home/runner/.m2/repository/io/netty/netty-resolver/4.1.121.Final/netty-resolver-4.1.121.Final.jar:/home/runner/.m2/repository/io/netty/netty-resolver-dns/4.1.121.Final/netty-resolver-dns-4.1.121.Final.jar:/home/runner/.m2/repository/io/netty/netty-codec-dns/4.1.121.Final/netty-codec-dns-4.1.121.Final.jar:/home/runner/.m2/repository/com/fasterxml/jackson/core/jackson-core/2.18.2/jackson-core-2.18.2.jar:"/>
    <property name="java.vm.vendor" value="Eclipse Adoptium"/>
    <property name="maven.javadoc.skip" value="true"/>
    <property name="sun.arch.data.model" value="64"/>
    <property name="java.vendor.url" value="https://adoptium.net/"/>
    <property name="user.timezone" value="Etc/UTC"/>
    <property name="os.name" value="Linux"/>
    <property name="java.vm.specification.version" value="17"/>
    <property name="sun.java.launcher" value="SUN_STANDARD"/>
    <property name="quarkus.http.test-port" value="80"/>
    <property name="sun.boot.library.path" value="/usr/lib/jvm/temurin-17-jdk-amd64/lib"/>
    <property name="sun.java.command" value="/home/runner/work/apicurio-testing/apicurio-testing/clusters/ci419/namespaces/ksql043/tests/integration/apicurio-registry/integration-tests/target/surefire/surefirebooter-20250813164558349_3.jar /home/runner/work/apicurio-testing/apicurio-testing/clusters/ci419/namespaces/ksql043/tests/integration/apicurio-registry/integration-tests/target/surefire 2025-08-13T16-45-58_284-jvmRun1 surefire-20250813164558349_1tmp surefire_0-20250813164558349_2tmp"/>
    <property name="maven.home" value="/home/runner/.m2/wrapper/dists/apache-maven-3.9.8-bin/4fnp1ql35bgk2a0p7m31ovbgb0/apache-maven-3.9.8"/>
    <property name="jdk.debug" value="release"/>
    <property name="surefire.test.class.path" value="/home/runner/work/apicurio-testing/apicurio-testing/clusters/ci419/namespaces/ksql043/tests/integration/apicurio-registry/integration-tests/target/test-classes:/home/runner/work/apicurio-testing/apicurio-testing/clusters/ci419/namespaces/ksql043/tests/integration/apicurio-registry/integration-tests/target/apicurio-registry-integration-tests-3.0.12-SNAPSHOT.jar:/home/runner/.m2/repository/io/quarkus/quarkus-junit5/3.20.2/quarkus-junit5-3.20.2.jar:/home/runner/.m2/repository/io/quarkus/quarkus-bootstrap-core/3.20.2/quarkus-bootstrap-core-3.20.2.jar:/home/runner/.m2/repository/io/quarkus/quarkus-classloader-commons/3.20.2/quarkus-classloader-commons-3.20.2.jar:/home/runner/.m2/repository/io/quarkus/quarkus-bootstrap-app-model/3.20.2/quarkus-bootstrap-app-model-3.20.2.jar:/home/runner/.m2/repository/io/smallrye/common/smallrye-common-io/2.12.0/smallrye-common-io-2.12.0.jar:/home/runner/.m2/repository/org/eclipse/sisu/org.eclipse.sisu.inject/0.9.0.M3/org.eclipse.sisu.inject-0.9.0.M3.jar:/home/runner/.m2/repository/io/quarkus/quarkus-test-common/3.20.2/quarkus-test-common-3.20.2.jar:/home/runner/.m2/repository/io/quarkus/quarkus-core-deployment/3.20.2/quarkus-core-deployment-3.20.2.jar:/home/runner/.m2/repository/org/aesh/readline/2.6/readline-2.6.jar:/home/runner/.m2/repository/org/fusesource/jansi/jansi/2.4.0/jansi-2.4.0.jar:/home/runner/.m2/repository/org/aesh/aesh/2.8.2/aesh-2.8.2.jar:/home/runner/.m2/repository/io/quarkus/gizmo/gizmo/1.8.0/gizmo-1.8.0.jar:/home/runner/.m2/repository/org/ow2/asm/asm-util/9.7.1/asm-util-9.7.1.jar:/home/runner/.m2/repository/org/ow2/asm/asm-analysis/9.7.1/asm-analysis-9.7.1.jar:/home/runner/.m2/repository/org/ow2/asm/asm-commons/9.7.1/asm-commons-9.7.1.jar:/home/runner/.m2/repository/org/ow2/asm/asm-tree/9.7.1/asm-tree-9.7.1.jar:/home/runner/.m2/repository/io/quarkus/quarkus-hibernate-validator-spi/3.20.2/quarkus-hibernate-validator-spi-3.20.2.jar:/home/runner/.m2/repository/io/quarkus/quarkus-class-change-agent/3.20.2/quarkus-class-change-agent-3.20.2.jar:/home/runner/.m2/repository/io/quarkus/quarkus-devtools-utilities/3.20.2/quarkus-devtools-utilities-3.20.2.jar:/home/runner/.m2/repository/io/quarkus/quarkus-builder/3.20.2/quarkus-builder-3.20.2.jar:/home/runner/.m2/repository/org/graalvm/sdk/nativeimage/23.1.2/nativeimage-23.1.2.jar:/home/runner/.m2/repository/org/graalvm/sdk/word/23.1.2/word-23.1.2.jar:/home/runner/.m2/repository/io/quarkus/quarkus-bootstrap-maven-resolver/3.20.2/quarkus-bootstrap-maven-resolver-3.20.2.jar:/home/runner/.m2/repository/io/smallrye/beanbag/smallrye-beanbag-maven/1.5.2/smallrye-beanbag-maven-1.5.2.jar:/home/runner/.m2/repository/io/smallrye/beanbag/smallrye-beanbag-sisu/1.5.2/smallrye-beanbag-sisu-1.5.2.jar:/home/runner/.m2/repository/io/smallrye/beanbag/smallrye-beanbag/1.5.2/smallrye-beanbag-1.5.2.jar:/home/runner/.m2/repository/javax/inject/javax.inject/1/javax.inject-1.jar:/home/runner/.m2/repository/org/apache/maven/maven-artifact/3.9.9/maven-artifact-3.9.9.jar:/home/runner/.m2/repository/org/apache/maven/maven-builder-support/3.9.9/maven-builder-support-3.9.9.jar:/home/runner/.m2/repository/org/apache/maven/maven-model/3.9.9/maven-model-3.9.9.jar:/home/runner/.m2/repository/org/apache/maven/maven-model-builder/3.9.9/maven-model-builder-3.9.9.jar:/home/runner/.m2/repository/org/apache/maven/maven-repository-metadata/3.9.9/maven-repository-metadata-3.9.9.jar:/home/runner/.m2/repository/org/apache/maven/maven-settings/3.9.9/maven-settings-3.9.9.jar:/home/runner/.m2/repository/org/apache/maven/resolver/maven-resolver-api/1.9.22/maven-resolver-api-1.9.22.jar:/home/runner/.m2/repository/org/apache/maven/resolver/maven-resolver-impl/1.9.22/maven-resolver-impl-1.9.22.jar:/home/runner/.m2/repository/org/apache/maven/resolver/maven-resolver-named-locks/1.9.22/maven-resolver-named-locks-1.9.22.jar:/home/runner/.m2/repository/org/apache/maven/resolver/maven-resolver-spi/1.9.22/maven-resolver-spi-1.9.22.jar:/home/runner/.m2/repository/org/apache/maven/resolver/maven-resolver-util/1.9.22/maven-resolver-util-1.9.22.jar:/home/runner/.m2/repository/org/apache/maven/resolver/maven-resolver-transport-http/1.9.20/maven-resolver-transport-http-1.9.20.jar:/home/runner/.m2/repository/org/apache/maven/wagon/wagon-provider-api/3.5.3/wagon-provider-api-3.5.3.jar:/home/runner/.m2/repository/org/apache/maven/wagon/wagon-http-shared/3.5.3/wagon-http-shared-3.5.3.jar:/home/runner/.m2/repository/org/codehaus/plexus/plexus-interpolation/1.26/plexus-interpolation-1.26.jar:/home/runner/.m2/repository/org/codehaus/plexus/plexus-utils/3.5.1/plexus-utils-3.5.1.jar:/home/runner/.m2/repository/org/codehaus/plexus/plexus-xml/4.0.1/plexus-xml-4.0.1.jar:/home/runner/.m2/repository/org/apache/maven/maven-xml-impl/4.0.0-alpha-5/maven-xml-impl-4.0.0-alpha-5.jar:/home/runner/.m2/repository/org/apache/maven/maven-api-xml/4.0.0-alpha-5/maven-api-xml-4.0.0-alpha-5.jar:/home/runner/.m2/repository/org/apache/maven/maven-api-meta/4.0.0-alpha-5/maven-api-meta-4.0.0-alpha-5.jar:/home/runner/.m2/repository/org/codehaus/plexus/plexus-cipher/2.0/plexus-cipher-2.0.jar:/home/runner/.m2/repository/org/codehaus/plexus/plexus-sec-dispatcher/2.0/plexus-sec-dispatcher-2.0.jar:/home/runner/.m2/repository/org/apache/maven/maven-embedder/3.9.9/maven-embedder-3.9.9.jar:/home/runner/.m2/repository/org/apache/maven/maven-core/3.9.9/maven-core-3.9.9.jar:/home/runner/.m2/repository/org/codehaus/plexus/plexus-component-annotations/2.1.0/plexus-component-annotations-2.1.0.jar:/home/runner/.m2/repository/org/apache/maven/maven-plugin-api/3.9.9/maven-plugin-api-3.9.9.jar:/home/runner/.m2/repository/org/apache/maven/shared/maven-shared-utils/3.4.2/maven-shared-utils-3.4.2.jar:/home/runner/.m2/repository/com/google/inject/guice/5.1.0/guice-5.1.0.jar:/home/runner/.m2/repository/aopalliance/aopalliance/1.0/aopalliance-1.0.jar:/home/runner/.m2/repository/org/codehaus/plexus/plexus-classworlds/2.6.0/plexus-classworlds-2.6.0.jar:/home/runner/.m2/repository/commons-cli/commons-cli/1.8.0/commons-cli-1.8.0.jar:/home/runner/.m2/repository/org/eclipse/sisu/org.eclipse.sisu.plexus/0.9.0.M3/org.eclipse.sisu.plexus-0.9.0.M3.jar:/home/runner/.m2/repository/org/apache/maven/maven-settings-builder/3.9.9/maven-settings-builder-3.9.9.jar:/home/runner/.m2/repository/org/apache/maven/maven-resolver-provider/3.9.9/maven-resolver-provider-3.9.9.jar:/home/runner/.m2/repository/org/apache/maven/resolver/maven-resolver-connector-basic/1.9.22/maven-resolver-connector-basic-1.9.22.jar:/home/runner/.m2/repository/org/apache/maven/resolver/maven-resolver-transport-wagon/1.9.22/maven-resolver-transport-wagon-1.9.22.jar:/home/runner/.m2/repository/org/apache/maven/wagon/wagon-http/3.5.3/wagon-http-3.5.3.jar:/home/runner/.m2/repository/org/apache/maven/wagon/wagon-file/3.5.3/wagon-file-3.5.3.jar:/home/runner/.m2/repository/io/quarkus/quarkus-bootstrap-gradle-resolver/3.20.2/quarkus-bootstrap-gradle-resolver-3.20.2.jar:/home/runner/.m2/repository/io/smallrye/jandex/3.3.0/jandex-3.3.0.jar:/home/runner/.m2/repository/org/jboss/logging/commons-logging-jboss-logging/1.0.0.Final/commons-logging-jboss-logging-1.0.0.Final.jar:/home/runner/.m2/repository/io/quarkus/quarkus-junit5-config/3.20.2/quarkus-junit5-config-3.20.2.jar:/home/runner/.m2/repository/org/junit/jupiter/junit-jupiter-api/5.12.1/junit-jupiter-api-5.12.1.jar:/home/runner/.m2/repository/io/smallrye/config/smallrye-config/3.11.4/smallrye-config-3.11.4.jar:/home/runner/.m2/repository/io/smallrye/config/smallrye-config-core/3.11.4/smallrye-config-core-3.11.4.jar:/home/runner/.m2/repository/io/smallrye/common/smallrye-common-classloader/2.12.0/smallrye-common-classloader-2.12.0.jar:/home/runner/.m2/repository/io/smallrye/config/smallrye-config-common/3.11.4/smallrye-config-common-3.11.4.jar:/home/runner/.m2/repository/org/junit/jupiter/junit-jupiter/5.12.1/junit-jupiter-5.12.1.jar:/home/runner/.m2/repository/org/junit/jupiter/junit-jupiter-params/5.12.1/junit-jupiter-params-5.12.1.jar:/home/runner/.m2/repository/org/junit/jupiter/junit-jupiter-engine/5.12.1/junit-jupiter-engine-5.12.1.jar:/home/runner/.m2/repository/io/quarkus/quarkus-core/3.20.2/quarkus-core-3.20.2.jar:/home/runner/.m2/repository/jakarta/enterprise/jakarta.enterprise.cdi-api/4.1.0/jakarta.enterprise.cdi-api-4.1.0.jar:/home/runner/.m2/repository/jakarta/enterprise/jakarta.enterprise.lang-model/4.1.0/jakarta.enterprise.lang-model-4.1.0.jar:/home/runner/.m2/repository/jakarta/el/jakarta.el-api/5.0.1/jakarta.el-api-5.0.1.jar:/home/runner/.m2/repository/jakarta/interceptor/jakarta.interceptor-api/2.2.0/jakarta.interceptor-api-2.2.0.jar:/home/runner/.m2/repository/jakarta/inject/jakarta.inject-api/2.0.1/jakarta.inject-api-2.0.1.jar:/home/runner/.m2/repository/io/smallrye/common/smallrye-common-os/2.12.0/smallrye-common-os-2.12.0.jar:/home/runner/.m2/repository/io/quarkus/quarkus-ide-launcher/3.20.2/quarkus-ide-launcher-3.20.2.jar:/home/runner/.m2/repository/io/quarkus/quarkus-development-mode-spi/3.20.2/quarkus-development-mode-spi-3.20.2.jar:/home/runner/.m2/repository/org/jboss/logging/jboss-logging/3.6.1.Final/jboss-logging-3.6.1.Final.jar:/home/runner/.m2/repository/org/jboss/logmanager/jboss-logmanager/3.1.2.Final/jboss-logmanager-3.1.2.Final.jar:/home/runner/.m2/repository/io/smallrye/common/smallrye-common-constraint/2.12.0/smallrye-common-constraint-2.12.0.jar:/home/runner/.m2/repository/io/smallrye/common/smallrye-common-cpu/2.12.0/smallrye-common-cpu-2.12.0.jar:/home/runner/.m2/repository/io/smallrye/common/smallrye-common-expression/2.12.0/smallrye-common-expression-2.12.0.jar:/home/runner/.m2/repository/io/smallrye/common/smallrye-common-net/2.12.0/smallrye-common-net-2.12.0.jar:/home/runner/.m2/repository/io/smallrye/common/smallrye-common-ref/2.12.0/smallrye-common-ref-2.12.0.jar:/home/runner/.m2/repository/jakarta/json/jakarta.json-api/2.1.3/jakarta.json-api-2.1.3.jar:/home/runner/.m2/repository/org/eclipse/parsson/parsson/1.1.7/parsson-1.1.7.jar:/home/runner/.m2/repository/org/jboss/logging/jboss-logging-annotations/3.0.4.Final/jboss-logging-annotations-3.0.4.Final.jar:/home/runner/.m2/repository/org/jboss/threads/jboss-threads/3.8.0.Final/jboss-threads-3.8.0.Final.jar:/home/runner/.m2/repository/io/smallrye/common/smallrye-common-annotation/2.12.0/smallrye-common-annotation-2.12.0.jar:/home/runner/.m2/repository/io/smallrye/common/smallrye-common-function/2.12.0/smallrye-common-function-2.12.0.jar:/home/runner/.m2/repository/org/jboss/slf4j/slf4j-jboss-logmanager/2.0.0.Final/slf4j-jboss-logmanager-2.0.0.Final.jar:/home/runner/.m2/repository/org/wildfly/common/wildfly-common/2.0.1/wildfly-common-2.0.1.jar:/home/runner/.m2/repository/io/quarkus/quarkus-bootstrap-runner/3.20.2/quarkus-bootstrap-runner-3.20.2.jar:/home/runner/.m2/repository/io/github/crac/org-crac/0.1.3/org-crac-0.1.3.jar:/home/runner/.m2/repository/io/quarkus/quarkus-fs-util/0.0.10/quarkus-fs-util-0.0.10.jar:/home/runner/.m2/repository/org/jboss/marshalling/jboss-marshalling/2.2.2.Final/jboss-marshalling-2.2.2.Final.jar:/home/runner/.m2/repository/io/fabric8/kubernetes-client/7.1.0/kubernetes-client-7.1.0.jar:/home/runner/.m2/repository/io/fabric8/kubernetes-client-api/7.1.0/kubernetes-client-api-7.1.0.jar:/home/runner/.m2/repository/io/fabric8/kubernetes-model-core/7.1.0/kubernetes-model-core-7.1.0.jar:/home/runner/.m2/repository/io/fabric8/kubernetes-model-common/7.1.0/kubernetes-model-common-7.1.0.jar:/home/runner/.m2/repository/javax/annotation/javax.annotation-api/1.3.2/javax.annotation-api-1.3.2.jar:/home/runner/.m2/repository/io/fabric8/kubernetes-model-gatewayapi/7.1.0/kubernetes-model-gatewayapi-7.1.0.jar:/home/runner/.m2/repository/io/fabric8/kubernetes-model-resource/7.1.0/kubernetes-model-resource-7.1.0.jar:/home/runner/.m2/repository/io/fabric8/kubernetes-model-rbac/7.1.0/kubernetes-model-rbac-7.1.0.jar:/home/runner/.m2/repository/io/fabric8/kubernetes-model-admissionregistration/7.1.0/kubernetes-model-admissionregistration-7.1.0.jar:/home/runner/.m2/repository/io/fabric8/kubernetes-model-apps/7.1.0/kubernetes-model-apps-7.1.0.jar:/home/runner/.m2/repository/io/fabric8/kubernetes-model-autoscaling/7.1.0/kubernetes-model-autoscaling-7.1.0.jar:/home/runner/.m2/repository/io/fabric8/kubernetes-model-apiextensions/7.1.0/kubernetes-model-apiextensions-7.1.0.jar:/home/runner/.m2/repository/io/fabric8/kubernetes-model-batch/7.1.0/kubernetes-model-batch-7.1.0.jar:/home/runner/.m2/repository/io/fabric8/kubernetes-model-certificates/7.1.0/kubernetes-model-certificates-7.1.0.jar:/home/runner/.m2/repository/io/fabric8/kubernetes-model-coordination/7.1.0/kubernetes-model-coordination-7.1.0.jar:/home/runner/.m2/repository/io/fabric8/kubernetes-model-discovery/7.1.0/kubernetes-model-discovery-7.1.0.jar:/home/runner/.m2/repository/io/fabric8/kubernetes-model-events/7.1.0/kubernetes-model-events-7.1.0.jar:/home/runner/.m2/repository/io/fabric8/kubernetes-model-extensions/7.1.0/kubernetes-model-extensions-7.1.0.jar:/home/runner/.m2/repository/io/fabric8/kubernetes-model-flowcontrol/7.1.0/kubernetes-model-flowcontrol-7.1.0.jar:/home/runner/.m2/repository/io/fabric8/kubernetes-model-networking/7.1.0/kubernetes-model-networking-7.1.0.jar:/home/runner/.m2/repository/io/fabric8/kubernetes-model-metrics/7.1.0/kubernetes-model-metrics-7.1.0.jar:/home/runner/.m2/repository/io/fabric8/kubernetes-model-policy/7.1.0/kubernetes-model-policy-7.1.0.jar:/home/runner/.m2/repository/io/fabric8/kubernetes-model-scheduling/7.1.0/kubernetes-model-scheduling-7.1.0.jar:/home/runner/.m2/repository/io/fabric8/kubernetes-model-storageclass/7.1.0/kubernetes-model-storageclass-7.1.0.jar:/home/runner/.m2/repository/io/fabric8/kubernetes-model-node/7.1.0/kubernetes-model-node-7.1.0.jar:/home/runner/.m2/repository/org/snakeyaml/snakeyaml-engine/2.9/snakeyaml-engine-2.9.jar:/home/runner/.m2/repository/com/fasterxml/jackson/dataformat/jackson-dataformat-yaml/2.18.2/jackson-dataformat-yaml-2.18.2.jar:/home/runner/.m2/repository/com/fasterxml/jackson/datatype/jackson-datatype-jsr310/2.18.2/jackson-datatype-jsr310-2.18.2.jar:/home/runner/.m2/repository/io/fabric8/zjsonpatch/7.1.0/zjsonpatch-7.1.0.jar:/home/runner/.m2/repository/io/fabric8/kubernetes-httpclient-vertx/7.1.0/kubernetes-httpclient-vertx-7.1.0.jar:/home/runner/.m2/repository/io/vertx/vertx-web-client/4.5.16/vertx-web-client-4.5.16.jar:/home/runner/.m2/repository/io/vertx/vertx-web-common/4.5.16/vertx-web-common-4.5.16.jar:/home/runner/.m2/repository/io/vertx/vertx-auth-common/4.5.16/vertx-auth-common-4.5.16.jar:/home/runner/.m2/repository/io/vertx/vertx-uri-template/4.5.16/vertx-uri-template-4.5.16.jar:/home/runner/.m2/repository/io/fabric8/openshift-client/7.1.0/openshift-client-7.1.0.jar:/home/runner/.m2/repository/io/fabric8/openshift-client-api/7.1.0/openshift-client-api-7.1.0.jar:/home/runner/.m2/repository/io/fabric8/openshift-model/7.1.0/openshift-model-7.1.0.jar:/home/runner/.m2/repository/io/fabric8/openshift-model-autoscaling/7.1.0/openshift-model-autoscaling-7.1.0.jar:/home/runner/.m2/repository/io/fabric8/openshift-model-operator/7.1.0/openshift-model-operator-7.1.0.jar:/home/runner/.m2/repository/io/fabric8/openshift-model-operatorhub/7.1.0/openshift-model-operatorhub-7.1.0.jar:/home/runner/.m2/repository/io/fabric8/openshift-model-machine/7.1.0/openshift-model-machine-7.1.0.jar:/home/runner/.m2/repository/io/fabric8/openshift-model-whereabouts/7.1.0/openshift-model-whereabouts-7.1.0.jar:/home/runner/.m2/repository/io/fabric8/openshift-model-monitoring/7.1.0/openshift-model-monitoring-7.1.0.jar:/home/runner/.m2/repository/io/fabric8/openshift-model-storageversionmigrator/7.1.0/openshift-model-storageversionmigrator-7.1.0.jar:/home/runner/.m2/repository/io/fabric8/openshift-model-tuned/7.1.0/openshift-model-tuned-7.1.0.jar:/home/runner/.m2/repository/io/fabric8/openshift-model-console/7.1.0/openshift-model-console-7.1.0.jar:/home/runner/.m2/repository/io/fabric8/openshift-model-config/7.1.0/openshift-model-config-7.1.0.jar:/home/runner/.m2/repository/io/fabric8/openshift-model-machineconfiguration/7.1.0/openshift-model-machineconfiguration-7.1.0.jar:/home/runner/.m2/repository/io/fabric8/openshift-model-miscellaneous/7.1.0/openshift-model-miscellaneous-7.1.0.jar:/home/runner/.m2/repository/io/fabric8/openshift-model-hive/7.1.0/openshift-model-hive-7.1.0.jar:/home/runner/.m2/repository/io/fabric8/openshift-model-installer/7.1.0/openshift-model-installer-7.1.0.jar:/home/runner/.m2/repository/org/junit/platform/junit-platform-launcher/1.12.1/junit-platform-launcher-1.12.1.jar:/home/runner/.m2/repository/org/junit/platform/junit-platform-engine/1.12.1/junit-platform-engine-1.12.1.jar:/home/runner/.m2/repository/org/opentest4j/opentest4j/1.3.0/opentest4j-1.3.0.jar:/home/runner/.m2/repository/org/junit/platform/junit-platform-commons/1.12.1/junit-platform-commons-1.12.1.jar:/home/runner/.m2/repository/org/apiguardian/apiguardian-api/1.1.2/apiguardian-api-1.1.2.jar:/home/runner/.m2/repository/jakarta/ws/rs/jakarta.ws.rs-api/3.1.0/jakarta.ws.rs-api-3.1.0.jar:/home/runner/work/apicurio-testing/apicurio-testing/clusters/ci419/namespaces/ksql043/tests/integration/apicurio-registry/java-sdk/target/apicurio-registry-java-sdk-3.0.12-SNAPSHOT.jar:/home/runner/.m2/repository/com/microsoft/kiota/microsoft-kiota-abstractions/1.8.9/microsoft-kiota-abstractions-1.8.9.jar:/home/runner/.m2/repository/io/github/std-uritemplate/std-uritemplate/2.0.0/std-uritemplate-2.0.0.jar:/home/runner/.m2/repository/io/kiota/kiota-http-jdk/0.0.29/kiota-http-jdk-0.0.29.jar:/home/runner/.m2/repository/io/kiota/kiota-http-vertx/0.0.29/kiota-http-vertx-0.0.29.jar:/home/runner/.m2/repository/io/kiota/kiota-serialization-jackson/0.0.29/kiota-serialization-jackson-0.0.29.jar:/home/runner/.m2/repository/com/microsoft/kiota/microsoft-kiota-serialization-text/1.8.9/microsoft-kiota-serialization-text-1.8.9.jar:/home/runner/.m2/repository/com/microsoft/kiota/microsoft-kiota-serialization-form/1.8.9/microsoft-kiota-serialization-form-1.8.9.jar:/home/runner/.m2/repository/com/microsoft/kiota/microsoft-kiota-serialization-multipart/1.8.9/microsoft-kiota-serialization-multipart-1.8.9.jar:/home/runner/.m2/repository/jakarta/annotation/jakarta.annotation-api/3.0.0/jakarta.annotation-api-3.0.0.jar:/home/runner/.m2/repository/io/vertx/vertx-auth-oauth2/4.5.16/vertx-auth-oauth2-4.5.16.jar:/home/runner/work/apicurio-testing/apicurio-testing/clusters/ci419/namespaces/ksql043/tests/integration/apicurio-registry/java-sdk-v2/target/apicurio-registry-v2-java-sdk-3.0.12-SNAPSHOT.jar:/home/runner/work/apicurio-testing/apicurio-testing/clusters/ci419/namespaces/ksql043/tests/integration/apicurio-registry/utils/kafka/target/apicurio-registry-utils-kafka-3.0.12-SNAPSHOT-tests.jar:/home/runner/.m2/repository/org/eclipse/microprofile/config/microprofile-config-api/3.1/microprofile-config-api-3.1.jar:/home/runner/.m2/repository/org/apache/kafka/kafka-clients/3.9.1/kafka-clients-3.9.1.jar:/home/runner/.m2/repository/com/github/luben/zstd-jni/1.5.6-4/zstd-jni-1.5.6-4.jar:/home/runner/.m2/repository/org/lz4/lz4-java/1.8.0/lz4-java-1.8.0.jar:/home/runner/.m2/repository/org/xerial/snappy/snappy-java/1.1.10.5/snappy-java-1.1.10.5.jar:/home/runner/.m2/repository/org/slf4j/slf4j-api/2.0.6/slf4j-api-2.0.6.jar:/home/runner/work/apicurio-testing/apicurio-testing/clusters/ci419/namespaces/ksql043/tests/integration/apicurio-registry/utils/tests/target/apicurio-registry-utils-tests-3.0.12-SNAPSHOT.jar:/home/runner/work/apicurio-testing/apicurio-testing/clusters/ci419/namespaces/ksql043/tests/integration/apicurio-registry/common/target/apicurio-registry-common-3.0.12-SNAPSHOT.jar:/home/runner/.m2/repository/jakarta/validation/jakarta.validation-api/3.0.2/jakarta.validation-api-3.0.2.jar:/home/runner/.m2/repository/com/github/dasniko/testcontainers-keycloak/3.8.0/testcontainers-keycloak-3.8.0.jar:/home/runner/.m2/repository/org/testcontainers/testcontainers/1.20.6/testcontainers-1.20.6.jar:/home/runner/.m2/repository/org/rnorth/duct-tape/duct-tape/1.0.8/duct-tape-1.0.8.jar:/home/runner/.m2/repository/com/github/docker-java/docker-java-transport-zerodep/3.4.1/docker-java-transport-zerodep-3.4.1.jar:/home/runner/.m2/repository/com/github/docker-java/docker-java-transport/3.4.1/docker-java-transport-3.4.1.jar:/home/runner/.m2/repository/net/java/dev/jna/jna/5.8.0/jna-5.8.0.jar:/home/runner/.m2/repository/io/quarkus/quarkus-junit4-mock/3.20.2/quarkus-junit4-mock-3.20.2.jar:/home/runner/.m2/repository/org/jboss/shrinkwrap/shrinkwrap-api/2.0.0-beta-2/shrinkwrap-api-2.0.0-beta-2.jar:/home/runner/.m2/repository/org/jboss/shrinkwrap/shrinkwrap-impl-base/2.0.0-beta-2/shrinkwrap-impl-base-2.0.0-beta-2.jar:/home/runner/.m2/repository/org/jboss/shrinkwrap/shrinkwrap-spi/2.0.0-beta-2/shrinkwrap-spi-2.0.0-beta-2.jar:/home/runner/.m2/repository/org/keycloak/keycloak-admin-client/26.0.4/keycloak-admin-client-26.0.4.jar:/home/runner/.m2/repository/org/keycloak/keycloak-client-common-synced/26.0.4/keycloak-client-common-synced-26.0.4.jar:/home/runner/.m2/repository/jakarta/activation/jakarta.activation-api/2.1.3/jakarta.activation-api-2.1.3.jar:/home/runner/.m2/repository/org/eclipse/microprofile/openapi/microprofile-openapi-api/4.0.2/microprofile-openapi-api-4.0.2.jar:/home/runner/.m2/repository/org/jboss/resteasy/resteasy-client/6.2.12.Final/resteasy-client-6.2.12.Final.jar:/home/runner/.m2/repository/org/jboss/resteasy/resteasy-client-api/6.2.12.Final/resteasy-client-api-6.2.12.Final.jar:/home/runner/.m2/repository/org/jboss/resteasy/resteasy-core-spi/6.2.12.Final/resteasy-core-spi-6.2.12.Final.jar:/home/runner/.m2/repository/org/jboss/resteasy/resteasy-core/6.2.12.Final/resteasy-core-6.2.12.Final.jar:/home/runner/.m2/repository/org/eclipse/angus/angus-activation/2.0.2/angus-activation-2.0.2.jar:/home/runner/.m2/repository/com/ibm/async/asyncutil/0.1.0/asyncutil-0.1.0.jar:/home/runner/.m2/repository/org/reactivestreams/reactive-streams/1.0.4/reactive-streams-1.0.4.jar:/home/runner/.m2/repository/org/jboss/resteasy/resteasy-multipart-provider/6.2.12.Final/resteasy-multipart-provider-6.2.12.Final.jar:/home/runner/.m2/repository/jakarta/mail/jakarta.mail-api/2.1.3/jakarta.mail-api-2.1.3.jar:/home/runner/.m2/repository/org/eclipse/angus/angus-mail/2.0.3/angus-mail-2.0.3.jar:/home/runner/.m2/repository/org/apache/james/apache-mime4j-dom/0.8.12/apache-mime4j-dom-0.8.12.jar:/home/runner/.m2/repository/org/apache/james/apache-mime4j-core/0.8.12/apache-mime4j-core-0.8.12.jar:/home/runner/.m2/repository/org/apache/james/apache-mime4j-storage/0.8.12/apache-mime4j-storage-0.8.12.jar:/home/runner/.m2/repository/org/jboss/resteasy/resteasy-jackson2-provider/6.2.12.Final/resteasy-jackson2-provider-6.2.12.Final.jar:/home/runner/.m2/repository/com/fasterxml/jackson/jakarta/rs/jackson-jakarta-rs-base/2.18.2/jackson-jakarta-rs-base-2.18.2.jar:/home/runner/.m2/repository/com/fasterxml/jackson/jakarta/rs/jackson-jakarta-rs-json-provider/2.18.2/jackson-jakarta-rs-json-provider-2.18.2.jar:/home/runner/.m2/repository/com/fasterxml/jackson/module/jackson-module-jakarta-xmlbind-annotations/2.18.2/jackson-module-jakarta-xmlbind-annotations-2.18.2.jar:/home/runner/.m2/repository/com/github/java-json-tools/json-patch/1.13/json-patch-1.13.jar:/home/runner/.m2/repository/com/github/java-json-tools/msg-simple/1.2/msg-simple-1.2.jar:/home/runner/.m2/repository/com/github/java-json-tools/btf/1.3/btf-1.3.jar:/home/runner/.m2/repository/com/github/java-json-tools/jackson-coreutils/2.0/jackson-coreutils-2.0.jar:/home/runner/.m2/repository/org/jboss/resteasy/resteasy-jaxb-provider/6.2.12.Final/resteasy-jaxb-provider-6.2.12.Final.jar:/home/runner/.m2/repository/org/glassfish/jaxb/codemodel/4.0.5/codemodel-4.0.5.jar:/home/runner/.m2/repository/org/glassfish/jaxb/jaxb-core/4.0.5/jaxb-core-4.0.5.jar:/home/runner/.m2/repository/org/glassfish/jaxb/jaxb-jxc/4.0.5/jaxb-jxc-4.0.5.jar:/home/runner/.m2/repository/org/glassfish/jaxb/jaxb-runtime/4.0.5/jaxb-runtime-4.0.5.jar:/home/runner/.m2/repository/org/glassfish/jaxb/txw2/4.0.5/txw2-4.0.5.jar:/home/runner/.m2/repository/org/glassfish/jaxb/jaxb-xjc/4.0.5/jaxb-xjc-4.0.5.jar:/home/runner/.m2/repository/org/glassfish/jaxb/xsom/4.0.5/xsom-4.0.5.jar:/home/runner/.m2/repository/com/sun/istack/istack-commons-runtime/4.1.2/istack-commons-runtime-4.1.2.jar:/home/runner/.m2/repository/com/sun/istack/istack-commons-tools/4.1.2/istack-commons-tools-4.1.2.jar:/home/runner/.m2/repository/com/sun/xml/bind/external/relaxng-datatype/4.0.5/relaxng-datatype-4.0.5.jar:/home/runner/.m2/repository/com/sun/xml/bind/external/rngom/4.0.5/rngom-4.0.5.jar:/home/runner/.m2/repository/org/testcontainers/mssqlserver/1.20.6/mssqlserver-1.20.6.jar:/home/runner/.m2/repository/org/testcontainers/jdbc/1.20.6/jdbc-1.20.6.jar:/home/runner/.m2/repository/org/testcontainers/database-commons/1.20.6/database-commons-1.20.6.jar:/home/runner/.m2/repository/org/testcontainers/mysql/1.20.6/mysql-1.20.6.jar:/home/runner/.m2/repository/io/strimzi/strimzi-test-container/0.111.0/strimzi-test-container-0.111.0.jar:/home/runner/.m2/repository/org/testcontainers/toxiproxy/1.20.6/toxiproxy-1.20.6.jar:/home/runner/.m2/repository/com/github/docker-java/docker-java-api/3.4.1/docker-java-api-3.4.1.jar:/home/runner/.m2/repository/org/apache/logging/log4j/log4j-slf4j-impl/2.19.0/log4j-slf4j-impl-2.19.0.jar:/home/runner/.m2/repository/org/apache/logging/log4j/log4j-api/2.24.3/log4j-api-2.24.3.jar:/home/runner/.m2/repository/org/apache/logging/log4j/log4j-core/2.19.0/log4j-core-2.19.0.jar:/home/runner/.m2/repository/eu/rekawek/toxiproxy/toxiproxy-java/2.1.7/toxiproxy-java-2.1.7.jar:/home/runner/.m2/repository/org/testcontainers/pulsar/1.21.3/pulsar-1.21.3.jar:/home/runner/.m2/repository/io/debezium/debezium-testing-testcontainers/2.7.4.Final/debezium-testing-testcontainers-2.7.4.Final.jar:/home/runner/.m2/repository/org/testcontainers/kafka/1.20.6/kafka-1.20.6.jar:/home/runner/.m2/repository/com/squareup/okhttp3/okhttp/4.8.1/okhttp-4.8.1.jar:/home/runner/.m2/repository/com/squareup/okio/okio/3.10.2/okio-3.10.2.jar:/home/runner/.m2/repository/com/squareup/okio/okio-jvm/3.10.2/okio-jvm-3.10.2.jar:/home/runner/.m2/repository/org/jetbrains/kotlin/kotlin-stdlib/2.0.21/kotlin-stdlib-2.0.21.jar:/home/runner/.m2/repository/org/awaitility/awaitility/4.3.0/awaitility-4.3.0.jar:/home/runner/.m2/repository/org/testcontainers/mongodb/1.20.6/mongodb-1.20.6.jar:/home/runner/.m2/repository/org/testcontainers/mariadb/1.20.6/mariadb-1.20.6.jar:/home/runner/.m2/repository/org/testcontainers/oracle-xe/1.20.6/oracle-xe-1.20.6.jar:/home/runner/.m2/repository/org/testcontainers/postgresql/1.20.6/postgresql-1.20.6.jar:/home/runner/.m2/repository/org/wiremock/wiremock/3.0.1/wiremock-3.0.1.jar:/home/runner/.m2/repository/org/eclipse/jetty/jetty-server/11.0.15/jetty-server-11.0.15.jar:/home/runner/.m2/repository/org/eclipse/jetty/toolchain/jetty-jakarta-servlet-api/5.0.2/jetty-jakarta-servlet-api-5.0.2.jar:/home/runner/.m2/repository/org/eclipse/jetty/jetty-http/11.0.15/jetty-http-11.0.15.jar:/home/runner/.m2/repository/org/eclipse/jetty/jetty-io/11.0.15/jetty-io-11.0.15.jar:/home/runner/.m2/repository/org/eclipse/jetty/jetty-servlet/11.0.15/jetty-servlet-11.0.15.jar:/home/runner/.m2/repository/org/eclipse/jetty/jetty-security/11.0.15/jetty-security-11.0.15.jar:/home/runner/.m2/repository/org/eclipse/jetty/jetty-servlets/11.0.15/jetty-servlets-11.0.15.jar:/home/runner/.m2/repository/org/eclipse/jetty/jetty-util/11.0.15/jetty-util-11.0.15.jar:/home/runner/.m2/repository/org/eclipse/jetty/jetty-webapp/11.0.15/jetty-webapp-11.0.15.jar:/home/runner/.m2/repository/org/eclipse/jetty/jetty-xml/11.0.15/jetty-xml-11.0.15.jar:/home/runner/.m2/repository/org/eclipse/jetty/jetty-proxy/11.0.15/jetty-proxy-11.0.15.jar:/home/runner/.m2/repository/org/eclipse/jetty/jetty-client/11.0.15/jetty-client-11.0.15.jar:/home/runner/.m2/repository/org/eclipse/jetty/http2/http2-server/11.0.15/http2-server-11.0.15.jar:/home/runner/.m2/repository/org/eclipse/jetty/http2/http2-common/11.0.15/http2-common-11.0.15.jar:/home/runner/.m2/repository/org/eclipse/jetty/http2/http2-hpack/11.0.15/http2-hpack-11.0.15.jar:/home/runner/.m2/repository/org/eclipse/jetty/jetty-alpn-server/11.0.15/jetty-alpn-server-11.0.15.jar:/home/runner/.m2/repository/org/eclipse/jetty/jetty-alpn-java-server/11.0.15/jetty-alpn-java-server-11.0.15.jar:/home/runner/.m2/repository/org/eclipse/jetty/jetty-alpn-java-client/11.0.15/jetty-alpn-java-client-11.0.15.jar:/home/runner/.m2/repository/org/eclipse/jetty/jetty-alpn-client/11.0.15/jetty-alpn-client-11.0.15.jar:/home/runner/.m2/repository/org/apache/httpcomponents/client5/httpclient5/5.2.1/httpclient5-5.2.1.jar:/home/runner/.m2/repository/org/apache/httpcomponents/core5/httpcore5/5.2/httpcore5-5.2.jar:/home/runner/.m2/repository/org/apache/httpcomponents/core5/httpcore5-h2/5.2/httpcore5-h2-5.2.jar:/home/runner/.m2/repository/org/xmlunit/xmlunit-core/2.9.1/xmlunit-core-2.9.1.jar:/home/runner/.m2/repository/jakarta/xml/bind/jakarta.xml.bind-api/4.0.2/jakarta.xml.bind-api-4.0.2.jar:/home/runner/.m2/repository/org/xmlunit/xmlunit-legacy/2.9.1/xmlunit-legacy-2.9.1.jar:/home/runner/.m2/repository/org/xmlunit/xmlunit-placeholders/2.9.1/xmlunit-placeholders-2.9.1.jar:/home/runner/.m2/repository/net/javacrumbs/json-unit/json-unit-core/2.38.0/json-unit-core-2.38.0.jar:/home/runner/.m2/repository/org/hamcrest/hamcrest-core/2.2/hamcrest-core-2.2.jar:/home/runner/.m2/repository/com/jayway/jsonpath/json-path/2.8.0/json-path-2.8.0.jar:/home/runner/.m2/repository/net/minidev/json-smart/2.4.10/json-smart-2.4.10.jar:/home/runner/.m2/repository/net/minidev/accessors-smart/2.4.9/accessors-smart-2.4.9.jar:/home/runner/.m2/repository/org/ow2/asm/asm/9.7.1/asm-9.7.1.jar:/home/runner/.m2/repository/net/sf/jopt-simple/jopt-simple/5.0.4/jopt-simple-5.0.4.jar:/home/runner/.m2/repository/com/github/jknack/handlebars/4.3.1/handlebars-4.3.1.jar:/home/runner/.m2/repository/com/github/jknack/handlebars-helpers/4.3.1/handlebars-helpers-4.3.1.jar:/home/runner/.m2/repository/commons-fileupload/commons-fileupload/1.5/commons-fileupload-1.5.jar:/home/runner/.m2/repository/com/networknt/json-schema-validator/1.5.8/json-schema-validator-1.5.8.jar:/home/runner/.m2/repository/com/ethlo/time/itu/1.10.3/itu-1.10.3.jar:/home/runner/.m2/repository/io/quarkus/quarkus-smallrye-jwt-build/3.20.2/quarkus-smallrye-jwt-build-3.20.2.jar:/home/runner/.m2/repository/io/smallrye/smallrye-jwt-build/4.6.2/smallrye-jwt-build-4.6.2.jar:/home/runner/.m2/repository/org/eclipse/microprofile/jwt/microprofile-jwt-auth-api/2.1/microprofile-jwt-auth-api-2.1.jar:/home/runner/.m2/repository/org/bitbucket/b_c/jose4j/0.9.6/jose4j-0.9.6.jar:/home/runner/.m2/repository/io/smallrye/smallrye-jwt-common/4.6.2/smallrye-jwt-common-4.6.2.jar:/home/runner/.m2/repository/io/quarkus/quarkus-jsonp/3.20.2/quarkus-jsonp-3.20.2.jar:/home/runner/.m2/repository/io/quarkus/quarkus-arc/3.20.2/quarkus-arc-3.20.2.jar:/home/runner/.m2/repository/io/quarkus/arc/arc/3.20.2/arc-3.20.2.jar:/home/runner/.m2/repository/jakarta/transaction/jakarta.transaction-api/2.0.1/jakarta.transaction-api-2.0.1.jar:/home/runner/.m2/repository/io/smallrye/reactive/mutiny/2.9.2/mutiny-2.9.2.jar:/home/runner/.m2/repository/org/jctools/jctools-core/4.0.5/jctools-core-4.0.5.jar:/home/runner/.m2/repository/org/eclipse/microprofile/context-propagation/microprofile-context-propagation-api/1.3/microprofile-context-propagation-api-1.3.jar:/home/runner/.m2/repository/io/apicurio/apicurio-common-rest-client-common/0.1.18.Final/apicurio-common-rest-client-common-0.1.18.Final.jar:/home/runner/work/apicurio-testing/apicurio-testing/clusters/ci419/namespaces/ksql043/tests/integration/apicurio-registry/utils/maven-plugin/target/apicurio-registry-maven-plugin-3.0.12-SNAPSHOT.jar:/home/runner/.m2/repository/com/fasterxml/jackson/core/jackson-databind/2.18.2/jackson-databind-2.18.2.jar:/home/runner/.m2/repository/org/apache/avro/avro/1.12.0/avro-1.12.0.jar:/home/runner/.m2/repository/com/google/protobuf/protobuf-java/4.31.1/protobuf-java-4.31.1.jar:/home/runner/.m2/repository/com/google/protobuf/protobuf-java-util/4.31.1/protobuf-java-util-4.31.1.jar:/home/runner/.m2/repository/com/google/code/findbugs/jsr305/3.0.2/jsr305-3.0.2.jar:/home/runner/.m2/repository/com/google/code/gson/gson/2.12.1/gson-2.12.1.jar:/home/runner/.m2/repository/com/google/errorprone/error_prone_annotations/2.36.0/error_prone_annotations-2.36.0.jar:/home/runner/.m2/repository/com/google/j2objc/j2objc-annotations/2.8/j2objc-annotations-2.8.jar:/home/runner/work/apicurio-testing/apicurio-testing/clusters/ci419/namespaces/ksql043/tests/integration/apicurio-registry/schema-util/util-provider/target/apicurio-registry-schema-util-provider-3.0.12-SNAPSHOT.jar:/home/runner/work/apicurio-testing/apicurio-testing/clusters/ci419/namespaces/ksql043/tests/integration/apicurio-registry/schema-util/common/target/apicurio-registry-schema-util-common-3.0.12-SNAPSHOT.jar:/home/runner/.m2/repository/com/fasterxml/jackson/module/jackson-module-parameter-names/2.18.2/jackson-module-parameter-names-2.18.2.jar:/home/runner/.m2/repository/com/fasterxml/jackson/datatype/jackson-datatype-json-org/2.18.2/jackson-datatype-json-org-2.18.2.jar:/home/runner/work/apicurio-testing/apicurio-testing/clusters/ci419/namespaces/ksql043/tests/integration/apicurio-registry/schema-util/json/target/apicurio-registry-schema-util-json-3.0.12-SNAPSHOT.jar:/home/runner/.m2/repository/com/github/erosb/everit-json-schema/1.14.5/everit-json-schema-1.14.5.jar:/home/runner/.m2/repository/commons-validator/commons-validator/1.9.0/commons-validator-1.9.0.jar:/home/runner/.m2/repository/commons-digester/commons-digester/2.1/commons-digester-2.1.jar:/home/runner/.m2/repository/commons-collections/commons-collections/3.2.2/commons-collections-3.2.2.jar:/home/runner/.m2/repository/com/damnhandy/handy-uri-templates/2.1.8/handy-uri-templates-2.1.8.jar:/home/runner/.m2/repository/joda-time/joda-time/2.10.2/joda-time-2.10.2.jar:/home/runner/.m2/repository/com/github/erosb/json-sKema/0.20.0/json-sKema-0.20.0.jar:/home/runner/.m2/repository/io/vertx/vertx-json-schema/4.5.16/vertx-json-schema-4.5.16.jar:/home/runner/work/apicurio-testing/apicurio-testing/clusters/ci419/namespaces/ksql043/tests/integration/apicurio-registry/schema-util/protobuf/target/apicurio-registry-schema-util-protobuf-3.0.12-SNAPSHOT.jar:/home/runner/work/apicurio-testing/apicurio-testing/clusters/ci419/namespaces/ksql043/tests/integration/apicurio-registry/utils/protobuf-schema-utilities/target/apicurio-registry-protobuf-schema-utilities-3.0.12-SNAPSHOT.jar:/home/runner/.m2/repository/com/google/api/grpc/proto-google-common-protos/2.52.0/proto-google-common-protos-2.52.0.jar:/home/runner/.m2/repository/com/squareup/wire/wire-schema-jvm/5.3.3/wire-schema-jvm-5.3.3.jar:/home/runner/.m2/repository/com/palantir/javapoet/javapoet/0.6.0/javapoet-0.6.0.jar:/home/runner/.m2/repository/com/squareup/kotlinpoet-jvm/2.0.0/kotlinpoet-jvm-2.0.0.jar:/home/runner/.m2/repository/org/jetbrains/kotlin/kotlin-reflect/2.0.21/kotlin-reflect-2.0.21.jar:/home/runner/.m2/repository/com/squareup/wire/wire-runtime-jvm/5.3.3/wire-runtime-jvm-5.3.3.jar:/home/runner/.m2/repository/com/ibm/icu/icu4j/76.1/icu4j-76.1.jar:/home/runner/.m2/repository/com/squareup/okio/okio-fakefilesystem/3.10.2/okio-fakefilesystem-3.10.2.jar:/home/runner/.m2/repository/com/squareup/okio/okio-fakefilesystem-jvm/3.10.2/okio-fakefilesystem-jvm-3.10.2.jar:/home/runner/.m2/repository/org/jetbrains/kotlinx/kotlinx-datetime-jvm/0.6.1/kotlinx-datetime-jvm-0.6.1.jar:/home/runner/work/apicurio-testing/apicurio-testing/clusters/ci419/namespaces/ksql043/tests/integration/apicurio-registry/schema-util/asyncapi/target/apicurio-registry-schema-util-asyncapi-3.0.12-SNAPSHOT.jar:/home/runner/work/apicurio-testing/apicurio-testing/clusters/ci419/namespaces/ksql043/tests/integration/apicurio-registry/schema-util/avro/target/apicurio-registry-schema-util-avro-3.0.12-SNAPSHOT.jar:/home/runner/work/apicurio-testing/apicurio-testing/clusters/ci419/namespaces/ksql043/tests/integration/apicurio-registry/schema-util/graphql/target/apicurio-registry-schema-util-graphql-3.0.12-SNAPSHOT.jar:/home/runner/.m2/repository/com/graphql-java/graphql-java/22.4/graphql-java-22.4.jar:/home/runner/.m2/repository/com/graphql-java/java-dataloader/3.3.0/java-dataloader-3.3.0.jar:/home/runner/work/apicurio-testing/apicurio-testing/clusters/ci419/namespaces/ksql043/tests/integration/apicurio-registry/schema-util/kconnect/target/apicurio-registry-schema-util-kconnect-3.0.12-SNAPSHOT.jar:/home/runner/work/apicurio-testing/apicurio-testing/clusters/ci419/namespaces/ksql043/tests/integration/apicurio-registry/schema-util/openapi/target/apicurio-registry-schema-util-openapi-3.0.12-SNAPSHOT.jar:/home/runner/.m2/repository/io/apicurio/apicurio-data-models/2.2.2/apicurio-data-models-2.2.2.jar:/home/runner/.m2/repository/org/openapitools/openapidiff/openapi-diff-core/2.1.2/openapi-diff-core-2.1.2.jar:/home/runner/.m2/repository/io/swagger/parser/v3/swagger-parser/2.1.28/swagger-parser-2.1.28.jar:/home/runner/.m2/repository/io/swagger/parser/v3/swagger-parser-v2-converter/2.1.28/swagger-parser-v2-converter-2.1.28.jar:/home/runner/.m2/repository/io/swagger/swagger-core/1.6.16/swagger-core-1.6.16.jar:/home/runner/.m2/repository/io/swagger/swagger-models/1.6.16/swagger-models-1.6.16.jar:/home/runner/.m2/repository/io/swagger/swagger-annotations/1.6.16/swagger-annotations-1.6.16.jar:/home/runner/.m2/repository/io/swagger/swagger-parser/1.0.75/swagger-parser-1.0.75.jar:/home/runner/.m2/repository/io/swagger/swagger-parser-safe-url-resolver/1.0.75/swagger-parser-safe-url-resolver-1.0.75.jar:/home/runner/.m2/repository/io/swagger/swagger-compat-spec-parser/1.0.75/swagger-compat-spec-parser-1.0.75.jar:/home/runner/.m2/repository/com/github/java-json-tools/json-schema-validator/2.2.14/json-schema-validator-2.2.14.jar:/home/runner/.m2/repository/com/github/java-json-tools/jackson-coreutils-equivalence/1.0/jackson-coreutils-equivalence-1.0.jar:/home/runner/.m2/repository/com/github/java-json-tools/json-schema-core/1.2.14/json-schema-core-1.2.14.jar:/home/runner/.m2/repository/com/github/java-json-tools/uri-template/0.10/uri-template-0.10.jar:/home/runner/.m2/repository/com/googlecode/libphonenumber/libphonenumber/8.11.1/libphonenumber-8.11.1.jar:/home/runner/.m2/repository/com/j2html/j2html/1.6.0/j2html-1.6.0.jar:/home/runner/.m2/repository/org/apache/commons/commons-collections4/4.5.0/commons-collections4-4.5.0.jar:/home/runner/.m2/repository/org/slf4j/jcl-over-slf4j/2.0.17/jcl-over-slf4j-2.0.17.jar:/home/runner/.m2/repository/io/swagger/parser/v3/swagger-parser-v3/2.1.31/swagger-parser-v3-2.1.31.jar:/home/runner/.m2/repository/io/swagger/core/v3/swagger-models/2.2.34/swagger-models-2.2.34.jar:/home/runner/.m2/repository/io/swagger/core/v3/swagger-core/2.2.34/swagger-core-2.2.34.jar:/home/runner/.m2/repository/io/swagger/parser/v3/swagger-parser-core/2.1.31/swagger-parser-core-2.1.31.jar:/home/runner/.m2/repository/io/swagger/parser/v3/swagger-parser-safe-url-resolver/2.1.31/swagger-parser-safe-url-resolver-2.1.31.jar:/home/runner/work/apicurio-testing/apicurio-testing/clusters/ci419/namespaces/ksql043/tests/integration/apicurio-registry/schema-util/wsdl/target/apicurio-registry-schema-util-wsdl-3.0.12-SNAPSHOT.jar:/home/runner/.m2/repository/wsdl4j/wsdl4j/1.6.3/wsdl4j-1.6.3.jar:/home/runner/work/apicurio-testing/apicurio-testing/clusters/ci419/namespaces/ksql043/tests/integration/apicurio-registry/schema-util/xml/target/apicurio-registry-schema-util-xml-3.0.12-SNAPSHOT.jar:/home/runner/.m2/repository/org/apache/santuario/xmlsec/4.0.4/xmlsec-4.0.4.jar:/home/runner/.m2/repository/com/fasterxml/woodstox/woodstox-core/7.1.1/woodstox-core-7.1.1.jar:/home/runner/.m2/repository/org/codehaus/woodstox/stax2-api/4.2.2/stax2-api-4.2.2.jar:/home/runner/work/apicurio-testing/apicurio-testing/clusters/ci419/namespaces/ksql043/tests/integration/apicurio-registry/schema-util/xsd/target/apicurio-registry-schema-util-xsd-3.0.12-SNAPSHOT.jar:/home/runner/work/apicurio-testing/apicurio-testing/clusters/ci419/namespaces/ksql043/tests/integration/apicurio-registry/serdes/kafka/jsonschema-serde/target/apicurio-registry-jsonschema-serde-kafka-3.0.12-SNAPSHOT.jar:/home/runner/work/apicurio-testing/apicurio-testing/clusters/ci419/namespaces/ksql043/tests/integration/apicurio-registry/serdes/kafka/serde-kafka-common/target/apicurio-registry-serde-kafka-common-3.0.12-SNAPSHOT.jar:/home/runner/work/apicurio-testing/apicurio-testing/clusters/ci419/namespaces/ksql043/tests/integration/apicurio-registry/serdes/generic/serde-common/target/apicurio-registry-serde-common-3.0.12-SNAPSHOT.jar:/home/runner/work/apicurio-testing/apicurio-testing/clusters/ci419/namespaces/ksql043/tests/integration/apicurio-registry/serdes/generic/serde-common-jsonschema/target/apicurio-registry-serde-common-jsonschema-3.0.12-SNAPSHOT.jar:/home/runner/.m2/repository/org/json/json/20250107/json-20250107.jar:/home/runner/work/apicurio-testing/apicurio-testing/clusters/ci419/namespaces/ksql043/tests/integration/apicurio-registry/serdes/kafka/avro-serde/target/apicurio-registry-avro-serde-kafka-3.0.12-SNAPSHOT.jar:/home/runner/work/apicurio-testing/apicurio-testing/clusters/ci419/namespaces/ksql043/tests/integration/apicurio-registry/serdes/generic/serde-common-avro/target/apicurio-registry-serde-common-avro-3.0.12-SNAPSHOT.jar:/home/runner/work/apicurio-testing/apicurio-testing/clusters/ci419/namespaces/ksql043/tests/integration/apicurio-registry/serdes/kafka/protobuf-serde/target/apicurio-registry-protobuf-serde-kafka-3.0.12-SNAPSHOT.jar:/home/runner/work/apicurio-testing/apicurio-testing/clusters/ci419/namespaces/ksql043/tests/integration/apicurio-registry/serdes/generic/serde-common-protobuf/target/apicurio-registry-serde-common-protobuf-3.0.12-SNAPSHOT.jar:/home/runner/.m2/repository/com/squareup/wire/wire-schema/5.3.3/wire-schema-5.3.3.jar:/home/runner/.m2/repository/com/squareup/wire/wire-runtime/5.3.3/wire-runtime-5.3.3.jar:/home/runner/work/apicurio-testing/apicurio-testing/clusters/ci419/namespaces/ksql043/tests/integration/apicurio-registry/serdes/pulsar/avro-serde/target/apicurio-registry-avro-serde-pulsar-3.0.12-SNAPSHOT.jar:/home/runner/.m2/repository/org/apache/pulsar/pulsar-functions-api/3.3.8/pulsar-functions-api-3.3.8.jar:/home/runner/work/apicurio-testing/apicurio-testing/clusters/ci419/namespaces/ksql043/tests/integration/apicurio-registry/serdes/nats/avro-serde/target/apicurio-registry-avro-serde-nats-3.0.12-SNAPSHOT.jar:/home/runner/.m2/repository/io/nats/jnats/2.21.4/jnats-2.21.4.jar:/home/runner/.m2/repository/org/bouncycastle/bcprov-lts8on/2.73.7/bcprov-lts8on-2.73.7.jar:/home/runner/.m2/repository/org/jetbrains/annotations/26.0.2/annotations-26.0.2.jar:/home/runner/work/apicurio-testing/apicurio-testing/clusters/ci419/namespaces/ksql043/tests/integration/apicurio-registry/utils/converter/target/apicurio-registry-utils-converter-3.0.12-SNAPSHOT.jar:/home/runner/work/apicurio-testing/apicurio-testing/clusters/ci419/namespaces/ksql043/tests/integration/apicurio-registry/schema-resolver/target/apicurio-registry-schema-resolver-3.0.12-SNAPSHOT.jar:/home/runner/.m2/repository/org/apache/kafka/connect-api/3.9.1/connect-api-3.9.1.jar:/home/runner/.m2/repository/javax/ws/rs/javax.ws.rs-api/2.1.1/javax.ws.rs-api-2.1.1.jar:/home/runner/.m2/repository/org/apache/kafka/connect-json/3.9.1/connect-json-3.9.1.jar:/home/runner/.m2/repository/com/fasterxml/jackson/datatype/jackson-datatype-jdk8/2.18.2/jackson-datatype-jdk8-2.18.2.jar:/home/runner/.m2/repository/com/fasterxml/jackson/module/jackson-module-afterburner/2.18.2/jackson-module-afterburner-2.18.2.jar:/home/runner/work/apicurio-testing/apicurio-testing/clusters/ci419/namespaces/ksql043/tests/integration/apicurio-registry/utils/kafka/target/apicurio-registry-utils-kafka-3.0.12-SNAPSHOT.jar:/home/runner/.m2/repository/org/apache/pulsar/pulsar-client/3.3.8/pulsar-client-3.3.8.jar:/home/runner/.m2/repository/org/apache/pulsar/pulsar-client-api/3.3.8/pulsar-client-api-3.3.8.jar:/home/runner/.m2/repository/org/apache/pulsar/pulsar-client-admin-api/3.3.8/pulsar-client-admin-api-3.3.8.jar:/home/runner/.m2/repository/org/apache/pulsar/bouncy-castle-bc/3.3.8/bouncy-castle-bc-3.3.8-pkg.jar:/home/runner/.m2/repository/org/bouncycastle/bcpkix-jdk18on/1.81/bcpkix-jdk18on-1.81.jar:/home/runner/.m2/repository/org/bouncycastle/bcutil-jdk18on/1.81/bcutil-jdk18on-1.81.jar:/home/runner/.m2/repository/org/bouncycastle/bcprov-jdk18on/1.81/bcprov-jdk18on-1.81.jar:/home/runner/.m2/repository/io/opentelemetry/opentelemetry-api/1.44.1/opentelemetry-api-1.44.1.jar:/home/runner/.m2/repository/io/opentelemetry/opentelemetry-context/1.44.1/opentelemetry-context-1.44.1.jar:/home/runner/.m2/repository/io/opentelemetry/opentelemetry-api-incubator/1.44.1-alpha/opentelemetry-api-incubator-1.44.1-alpha.jar:/home/runner/.m2/repository/com/fasterxml/jackson/core/jackson-annotations/2.18.2/jackson-annotations-2.18.2.jar:/home/runner/.m2/repository/javax/validation/validation-api/1.1.0.Final/validation-api-1.1.0.Final.jar:/home/runner/.m2/repository/org/jspecify/jspecify/1.0.0/jspecify-1.0.0.jar:/home/runner/.m2/repository/org/apache/commons/commons-configuration2/2.12.0/commons-configuration2-2.12.0.jar:/home/runner/.m2/repository/commons-logging/commons-logging/1.3.5/commons-logging-1.3.5.jar:/home/runner/.m2/repository/org/apache/commons/commons-text/1.13.0/commons-text-1.13.0.jar:/home/runner/.m2/repository/io/confluent/kafka-avro-serializer/8.0.0/kafka-avro-serializer-8.0.0.jar:/home/runner/.m2/repository/org/apache/commons/commons-compress/1.27.1/commons-compress-1.27.1.jar:/home/runner/.m2/repository/io/confluent/kafka-schema-serializer/8.0.0/kafka-schema-serializer-8.0.0.jar:/home/runner/.m2/repository/com/fasterxml/jackson/dataformat/jackson-dataformat-csv/2.18.2/jackson-dataformat-csv-2.18.2.jar:/home/runner/.m2/repository/io/confluent/kafka-schema-registry-client/8.0.0/kafka-schema-registry-client-8.0.0.jar:/home/runner/.m2/repository/org/yaml/snakeyaml/2.3/snakeyaml-2.3.jar:/home/runner/.m2/repository/io/swagger/core/v3/swagger-annotations/2.2.29/swagger-annotations-2.2.29.jar:/home/runner/.m2/repository/com/google/guava/guava/33.4.0-jre/guava-33.4.0-jre.jar:/home/runner/.m2/repository/com/google/guava/failureaccess/1.0.1/failureaccess-1.0.1.jar:/home/runner/.m2/repository/org/checkerframework/checker-qual/3.49.0/checker-qual-3.49.0.jar:/home/runner/.m2/repository/io/confluent/logredactor/1.0.13/logredactor-1.0.13.jar:/home/runner/.m2/repository/com/google/re2j/re2j/1.6/re2j-1.6.jar:/home/runner/.m2/repository/io/confluent/logredactor-metrics/1.0.13/logredactor-metrics-1.0.13.jar:/home/runner/.m2/repository/com/eclipsesource/minimal-json/minimal-json/0.9.5/minimal-json-0.9.5.jar:/home/runner/.m2/repository/io/confluent/common-utils/8.0.0/common-utils-8.0.0.jar:/home/runner/.m2/repository/io/confluent/kafka-connect-avro-converter/8.0.0/kafka-connect-avro-converter-8.0.0.jar:/home/runner/.m2/repository/io/confluent/kafka-connect-avro-data/8.0.0/kafka-connect-avro-data-8.0.0.jar:/home/runner/.m2/repository/io/confluent/kafka-schema-converter/8.0.0/kafka-schema-converter-8.0.0.jar:/home/runner/.m2/repository/io/rest-assured/rest-assured/5.5.1/rest-assured-5.5.1.jar:/home/runner/.m2/repository/org/apache/groovy/groovy/4.0.22/groovy-4.0.22.jar:/home/runner/.m2/repository/org/apache/groovy/groovy-xml/4.0.22/groovy-xml-4.0.22.jar:/home/runner/.m2/repository/org/apache/httpcomponents/httpclient/4.5.14/httpclient-4.5.14.jar:/home/runner/.m2/repository/org/apache/httpcomponents/httpcore/4.4.16/httpcore-4.4.16.jar:/home/runner/.m2/repository/org/apache/httpcomponents/httpmime/4.5.14/httpmime-4.5.14.jar:/home/runner/.m2/repository/org/hamcrest/hamcrest/2.2/hamcrest-2.2.jar:/home/runner/.m2/repository/org/ccil/cowan/tagsoup/tagsoup/1.2.1/tagsoup-1.2.1.jar:/home/runner/.m2/repository/io/rest-assured/json-path/5.5.1/json-path-5.5.1.jar:/home/runner/.m2/repository/org/apache/groovy/groovy-json/4.0.22/groovy-json-4.0.22.jar:/home/runner/.m2/repository/io/rest-assured/rest-assured-common/5.5.1/rest-assured-common-5.5.1.jar:/home/runner/.m2/repository/io/rest-assured/xml-path/5.5.1/xml-path-5.5.1.jar:/home/runner/.m2/repository/io/zonky/test/embedded-postgres/2.1.0/embedded-postgres-2.1.0.jar:/home/runner/.m2/repository/io/zonky/test/postgres/embedded-postgres-binaries-windows-amd64/14.15.0/embedded-postgres-binaries-windows-amd64-14.15.0.jar:/home/runner/.m2/repository/io/zonky/test/postgres/embedded-postgres-binaries-darwin-amd64/14.15.0/embedded-postgres-binaries-darwin-amd64-14.15.0.jar:/home/runner/.m2/repository/io/zonky/test/postgres/embedded-postgres-binaries-linux-amd64/14.15.0/embedded-postgres-binaries-linux-amd64-14.15.0.jar:/home/runner/.m2/repository/io/zonky/test/postgres/embedded-postgres-binaries-linux-amd64-alpine/14.15.0/embedded-postgres-binaries-linux-amd64-alpine-14.15.0.jar:/home/runner/.m2/repository/org/apache/commons/commons-lang3/3.17.0/commons-lang3-3.17.0.jar:/home/runner/.m2/repository/org/tukaani/xz/1.10/xz-1.10.jar:/home/runner/.m2/repository/commons-codec/commons-codec/1.19.0/commons-codec-1.19.0.jar:/home/runner/.m2/repository/org/postgresql/postgresql/42.7.7/postgresql-42.7.7.jar:/home/runner/.m2/repository/commons-io/commons-io/2.18.0/commons-io-2.18.0.jar:/home/runner/work/apicurio-testing/apicurio-testing/clusters/ci419/namespaces/ksql043/tests/integration/apicurio-registry/utils/importexport/target/apicurio-registry-utils-import-export-3.0.12-SNAPSHOT.jar:/home/runner/.m2/repository/io/vertx/vertx-core/4.5.16/vertx-core-4.5.16.jar:/home/runner/.m2/repository/io/netty/netty-common/4.1.121.Final/netty-common-4.1.121.Final.jar:/home/runner/.m2/repository/io/netty/netty-buffer/4.1.121.Final/netty-buffer-4.1.121.Final.jar:/home/runner/.m2/repository/io/netty/netty-transport/4.1.121.Final/netty-transport-4.1.121.Final.jar:/home/runner/.m2/repository/io/netty/netty-handler/4.1.121.Final/netty-handler-4.1.121.Final.jar:/home/runner/.m2/repository/io/netty/netty-transport-native-unix-common/4.1.121.Final/netty-transport-native-unix-common-4.1.121.Final.jar:/home/runner/.m2/repository/io/netty/netty-codec/4.1.121.Final/netty-codec-4.1.121.Final.jar:/home/runner/.m2/repository/io/netty/netty-handler-proxy/4.1.121.Final/netty-handler-proxy-4.1.121.Final.jar:/home/runner/.m2/repository/io/netty/netty-codec-socks/4.1.121.Final/netty-codec-socks-4.1.121.Final.jar:/home/runner/.m2/repository/io/netty/netty-codec-http/4.1.121.Final/netty-codec-http-4.1.121.Final.jar:/home/runner/.m2/repository/io/netty/netty-codec-http2/4.1.121.Final/netty-codec-http2-4.1.121.Final.jar:/home/runner/.m2/repository/io/netty/netty-resolver/4.1.121.Final/netty-resolver-4.1.121.Final.jar:/home/runner/.m2/repository/io/netty/netty-resolver-dns/4.1.121.Final/netty-resolver-dns-4.1.121.Final.jar:/home/runner/.m2/repository/io/netty/netty-codec-dns/4.1.121.Final/netty-codec-dns-4.1.121.Final.jar:/home/runner/.m2/repository/com/fasterxml/jackson/core/jackson-core/2.18.2/jackson-core-2.18.2.jar:"/>
    <property name="sun.cpu.endian" value="little"/>
    <property name="user.home" value="/home/runner"/>
    <property name="user.language" value="en"/>
    <property name="jboss.log-version" value="false"/>
    <property name="java.specification.vendor" value="Oracle Corporation"/>
    <property name="java.version.date" value="2025-07-15"/>
    <property name="java.home" value="/usr/lib/jvm/temurin-17-jdk-amd64"/>
    <property name="file.separator" value="/"/>
    <property name="basedir" value="/home/runner/work/apicurio-testing/apicurio-testing/clusters/ci419/namespaces/ksql043/tests/integration/apicurio-registry/integration-tests"/>
    <property name="java.vm.compressedOopsMode" value="32-bit"/>
    <property name="line.separator" value="&#10;"/>
    <property name="java.specification.name" value="Java Platform API Specification"/>
    <property name="java.vm.specification.vendor" value="Oracle Corporation"/>
    <property name="quarkus.http.test-host" value="registry-app-ksql043.apps.ci419.apicurio-testing.org"/>
    <property name="surefire.real.class.path" value="/home/runner/work/apicurio-testing/apicurio-testing/clusters/ci419/namespaces/ksql043/tests/integration/apicurio-registry/integration-tests/target/surefire/surefirebooter-20250813164558349_3.jar"/>
    <property name="sun.management.compiler" value="HotSpot 64-Bit Tiered Compilers"/>
    <property name="org.eclipse.jetty.http.HttpGenerator.STRICT" value="true"/>
    <property name="java.runtime.version" value="17.0.16+8"/>
    <property name="user.name" value="runner"/>
    <property name="path.separator" value=":"/>
    <property name="os.version" value="6.8.0-1031-azure"/>
    <property name="java.runtime.name" value="OpenJDK Runtime Environment"/>
    <property name="file.encoding" value="UTF-8"/>
    <property name="jnidispatch.path" value="/home/runner/.cache/JNA/temp/jna3680598948033678471.tmp"/>
    <property name="java.vm.name" value="OpenJDK 64-Bit Server VM"/>
    <property name="jna.platform.library.path" value="/usr/lib/x86_64-linux-gnu:/lib/x86_64-linux-gnu:/usr/lib64:/lib64:/usr/lib:/lib:/lib32:/usr/local/lib:/usr/lib/x86_64-linux-gnu/libfakeroot"/>
    <property name="java.vendor.version" value="Temurin-17.0.16+8"/>
    <property name="quarkus.oidc.token-path" value="https://keycloak-ksql043.apps.ci419.apicurio-testing.org/realms/registry/protocol/openid-connect/token"/>
    <property name="quarkus.http.host" value="registry-app-ksql043.apps.ci419.apicurio-testing.org"/>
    <property name="localRepository" value="/home/runner/.m2/repository"/>
    <property name="javax.xml.xpath.XPathFactory:http://java.sun.com/jaxp/xpath/dom" value="com.sun.org.apache.xpath.internal.jaxp.XPathFactoryImpl"/>
    <property name="jna.loaded" value="true"/>
    <property name="java.vendor.url.bug" value="https://github.com/adoptium/adoptium-support/issues"/>
    <property name="jetty.git.hash" value="5bc5e562c8d05c5862505aebe5cf83a61bdbcb96"/>
    <property name="java.io.tmpdir" value="/tmp"/>
    <property name="quarkus.http.test-protocol" value="http"/>
    <property name="java.version" value="17.0.16"/>
    <property name="user.dir" value="/home/runner/work/apicurio-testing/apicurio-testing/clusters/ci419/namespaces/ksql043/tests/integration/apicurio-registry/integration-tests"/>
    <property name="os.arch" value="amd64"/>
    <property name="groups" value="( smoke | serdes | acceptance | ui)"/>
    <property name="java.vm.specification.name" value="Java Virtual Machine Specification"/>
    <property name="native.encoding" value="UTF-8"/>
    <property name="java.util.logging.manager" value="org.jboss.logmanager.LogManager"/>
    <property name="java.library.path" value="/usr/java/packages/lib:/usr/lib64:/lib64:/lib:/usr/lib"/>
    <property name="jdk.console" value="java.base"/>
    <property name="java.vm.info" value="mixed mode, sharing"/>
    <property name="java.vendor" value="Eclipse Adoptium"/>
    <property name="java.vm.version" value="17.0.16+8"/>
    <property name="java.specification.maintenance.version" value="1"/>
    <property name="sun.io.unicode.encoding" value="UnicodeLittle"/>
    <property name="javax.xml.transform.TransformerFactory" value="com.sun.org.apache.xalan.internal.xsltc.trax.TransformerFactoryImpl"/>
    <property name="java.class.version" value="61.0"/>
  </properties>
  <testcase name="testGlobalIdInHeaders" classname="io.apicurio.tests.serdes.apicurio.AvroSerdeIT" time="6.604">
    <system-out><![CDATA[**** Registry Base URL: http://registry-app-ksql043.apps.ci419.apicurio-testing.org:80
**** Registry Base URL: http://registry-app-ksql043.apps.ci419.apicurio-testing.org:80
2025-08-13 16:46:12,524 INFO  [io.api.tes.ser.api.AvroSerdeIT] (main) RestAssured configured with http://registry-app-ksql043.apps.ci419.apicurio-testing.org:80/apis/registry/v3
2025-08-13 16:46:12,695 INFO  [io.api.tes.uti.KafkaFacade] (main) Starting kafka container
2025-08-13 16:46:12,741 INFO  [org.tes.ima.PullPolicy] (main) Image pull policy will be performed by: DefaultPullPolicy()
2025-08-13 16:46:12,743 INFO  [org.tes.uti.ImageNameSubstitutor] (main) Image name substitution will be performed by: DefaultImageNameSubstitutor (composite of 'ConfigurationFileImageNameSubstitutor' and 'PrefixingImageNameSubstitutor')
2025-08-13 16:46:12,754 INFO  [org.tes.DockerClientFactory] (main) Testcontainers version: 1.20.6
2025-08-13 16:46:13,282 INFO  [org.tes.doc.DockerClientProviderStrategy] (main) Found Docker environment with local Unix socket (unix:///var/run/docker.sock)
2025-08-13 16:46:13,289 INFO  [org.tes.DockerClientFactory] (main) Docker host IP address is localhost
2025-08-13 16:46:13,307 INFO  [org.tes.DockerClientFactory] (main) Connected to docker: 
  Server Version: 28.0.4
  API Version: 1.48
  Operating System: Ubuntu 22.04.5 LTS
  Total Memory: 7944 MB
2025-08-13 16:46:13,347 INFO  [tc.tes.11.0] (main) Pulling docker image: testcontainers/ryuk:0.11.0. Please be patient; this may take some time but only needs to be done once.
2025-08-13 16:46:14,465 INFO  [tc.tes.11.0] (docker-java-stream--1295187651) Starting to pull image
2025-08-13 16:46:14,493 INFO  [tc.tes.11.0] (docker-java-stream--1295187651) Pulling image layers:  0 pending,  0 downloaded,  0 extracted, (0 bytes/0 bytes)
2025-08-13 16:46:15,025 INFO  [tc.tes.11.0] (docker-java-stream--1295187651) Pulling image layers:  2 pending,  1 downloaded,  0 extracted, (79 KB/? MB)
2025-08-13 16:46:15,063 INFO  [tc.tes.11.0] (docker-java-stream--1295187651) Pulling image layers:  1 pending,  2 downloaded,  0 extracted, (115 KB/? MB)
2025-08-13 16:46:15,144 INFO  [tc.tes.11.0] (docker-java-stream--1295187651) Pulling image layers:  0 pending,  3 downloaded,  0 extracted, (6 MB/10 MB)
2025-08-13 16:46:15,229 INFO  [tc.tes.11.0] (docker-java-stream--1295187651) Pulling image layers:  0 pending,  3 downloaded,  1 extracted, (9 MB/10 MB)
2025-08-13 16:46:16,236 INFO  [tc.tes.11.0] (docker-java-stream--1295187651) Pulling image layers:  0 pending,  3 downloaded,  2 extracted, (10 MB/10 MB)
2025-08-13 16:46:16,278 INFO  [tc.tes.11.0] (docker-java-stream--1295187651) Pulling image layers:  0 pending,  3 downloaded,  3 extracted, (10 MB/10 MB)
2025-08-13 16:46:16,285 INFO  [tc.tes.11.0] (docker-java-stream--1295187651) Pull complete. 3 layers, pulled in 1s (downloaded 10 MB at 10 MB/s)
2025-08-13 16:46:16,285 INFO  [tc.tes.11.0] (main) Image testcontainers/ryuk:0.11.0 pull took PT2.936940905S
2025-08-13 16:46:16,305 INFO  [tc.tes.11.0] (main) Creating container for image: testcontainers/ryuk:0.11.0
2025-08-13 16:46:16,375 INFO  [tc.tes.11.0] (main) Container testcontainers/ryuk:0.11.0 is starting: 4aae7dc0422ca3dcaaf33b6da9c7cd00bb394017e010088dc6a16783ad120ae9
2025-08-13 16:46:17,453 INFO  [tc.tes.11.0] (main) Container testcontainers/ryuk:0.11.0 started in PT1.147999975S
2025-08-13 16:46:17,458 INFO  [org.tes.uti.RyukResourceReaper] (main) Ryuk started - will monitor and terminate Testcontainers containers on JVM exit
2025-08-13 16:46:17,459 INFO  [org.tes.DockerClientFactory] (main) Checking the system...
2025-08-13 16:46:17,459 INFO  [org.tes.DockerClientFactory] (main) ✔︎ Docker server version should be at least 1.6.0
2025-08-13 16:46:17,463 INFO  [io.str.tes.con.KafkaVersionService] (main) Latest release of Kafka is:LogicalKafkaVersionEntity{version='4.0.0', image='quay.io/strimzi-test-container/test-container:0.111.0-kafka-4.0.0'}
2025-08-13 16:46:17,463 INFO  [io.str.tes.con.KafkaVersionService] (main) Latest release of Kafka is:LogicalKafkaVersionEntity{version='4.0.0', image='quay.io/strimzi-test-container/test-container:0.111.0-kafka-4.0.0'}
2025-08-13 16:46:17,463 INFO  [io.str.tes.con.KafkaVersionService] (main) No Kafka version specified. Using latest release: 4.0.0
2025-08-13 16:46:17,472 INFO  [tc.qua.io/.111.0-k.0.0] (main) Pulling docker image: quay.io/strimzi-test-container/test-container:0.111.0-kafka-4.0.0. Please be patient; this may take some time but only needs to be done once.
2025-08-13 16:46:18,662 INFO  [tc.qua.io/.111.0-k.0.0] (docker-java-stream--29267298) Starting to pull image
2025-08-13 16:46:18,663 INFO  [tc.qua.io/.111.0-k.0.0] (docker-java-stream--29267298) Pulling image layers:  0 pending,  0 downloaded,  0 extracted, (0 bytes/0 bytes)
2025-08-13 16:46:19,439 INFO  [tc.qua.io/.111.0-k.0.0] (docker-java-stream--29267298) Pulling image layers:  6 pending,  1 downloaded,  0 extracted, (2 MB/? MB)
2025-08-13 16:46:19,755 INFO  [tc.qua.io/.111.0-k.0.0] (docker-java-stream--29267298) Pulling image layers:  5 pending,  2 downloaded,  0 extracted, (14 MB/? MB)
2025-08-13 16:46:20,781 INFO  [tc.qua.io/.111.0-k.0.0] (docker-java-stream--29267298) Pulling image layers:  4 pending,  3 downloaded,  0 extracted, (136 MB/? MB)
2025-08-13 16:46:21,127 INFO  [tc.qua.io/.111.0-k.0.0] (docker-java-stream--29267298) Pulling image layers:  3 pending,  4 downloaded,  0 extracted, (168 MB/? MB)
2025-08-13 16:46:21,441 INFO  [tc.qua.io/.111.0-k.0.0] (docker-java-stream--29267298) Pulling image layers:  2 pending,  5 downloaded,  0 extracted, (198 MB/? MB)
2025-08-13 16:46:21,847 INFO  [tc.qua.io/.111.0-k.0.0] (docker-java-stream--29267298) Pulling image layers:  1 pending,  6 downloaded,  0 extracted, (240 MB/? MB)
2025-08-13 16:46:21,911 INFO  [tc.qua.io/.111.0-k.0.0] (docker-java-stream--29267298) Pulling image layers:  0 pending,  7 downloaded,  0 extracted, (240 MB/249 MB)
2025-08-13 16:46:22,057 INFO  [tc.qua.io/.111.0-k.0.0] (docker-java-stream--29267298) Pulling image layers:  0 pending,  7 downloaded,  1 extracted, (242 MB/249 MB)
2025-08-13 16:46:24,307 INFO  [tc.qua.io/.111.0-k.0.0] (docker-java-stream--29267298) Pulling image layers:  0 pending,  7 downloaded,  2 extracted, (244 MB/249 MB)
2025-08-13 16:46:26,378 INFO  [tc.qua.io/.111.0-k.0.0] (docker-java-stream--29267298) Pulling image layers:  0 pending,  7 downloaded,  3 extracted, (244 MB/249 MB)
2025-08-13 16:46:26,394 INFO  [tc.qua.io/.111.0-k.0.0] (docker-java-stream--29267298) Pulling image layers:  0 pending,  7 downloaded,  4 extracted, (244 MB/249 MB)
2025-08-13 16:46:27,539 INFO  [tc.qua.io/.111.0-k.0.0] (docker-java-stream--29267298) Pulling image layers:  0 pending,  7 downloaded,  5 extracted, (249 MB/249 MB)
2025-08-13 16:46:27,574 INFO  [tc.qua.io/.111.0-k.0.0] (docker-java-stream--29267298) Pulling image layers:  0 pending,  7 downloaded,  6 extracted, (249 MB/249 MB)
2025-08-13 16:46:27,591 INFO  [tc.qua.io/.111.0-k.0.0] (docker-java-stream--29267298) Pulling image layers:  0 pending,  7 downloaded,  7 extracted, (249 MB/249 MB)
2025-08-13 16:46:27,598 INFO  [tc.qua.io/.111.0-k.0.0] (docker-java-stream--29267298) Pull complete. 7 layers, pulled in 8s (downloaded 249 MB at 31 MB/s)
2025-08-13 16:46:27,598 INFO  [tc.qua.io/.111.0-k.0.0] (main) Image quay.io/strimzi-test-container/test-container:0.111.0-kafka-4.0.0 pull took PT10.12652379S
2025-08-13 16:46:27,602 INFO  [tc.qua.io/.111.0-k.0.0] (main) Creating container for image: quay.io/strimzi-test-container/test-container:0.111.0-kafka-4.0.0
2025-08-13 16:46:27,687 INFO  [tc.qua.io/.111.0-k.0.0] (main) Container quay.io/strimzi-test-container/test-container:0.111.0-kafka-4.0.0 is starting: 34d77642e71c74ea77052e39da70fb3b6be425522ab1474a2013e0e6bdbf30c8
2025-08-13 16:46:27,872 INFO  [io.str.tes.con.StrimziKafkaContainer] (main) Mapped port: 32769
2025-08-13 16:46:27,873 WARN  [io.str.tes.con.StrimziKafkaContainer] (main) Node ID is not set. Using broker ID 0 as the default node ID.
2025-08-13 16:46:27,873 INFO  [io.str.tes.con.StrimziKafkaContainer] (main) This is all advertised listeners for Kafka PLAINTEXT://localhost:32769,BROKER1://172.18.0.2:9091,CONTROLLER://broker-0:9094
2025-08-13 16:46:27,904 INFO  [io.str.tes.con.StrimziKafkaContainer] (main) New `cluster.id` has been generated: 2Q56eJUuTz2w_13NlVd4Hw
2025-08-13 16:46:27,906 INFO  [io.str.tes.con.StrimziKafkaContainer] (main) Copying command to 'STARTER_SCRIPT' script.
2025-08-13 16:46:33,148 INFO  [tc.qua.io/.111.0-k.0.0] (main) Container quay.io/strimzi-test-container/test-container:0.111.0-kafka-4.0.0 started in PT5.546614817S
2025-08-13 16:46:33,151 INFO  [io.api.tes.uti.TestSeparator] (main) ############################################################################
2025-08-13 16:46:33,151 INFO  [io.api.tes.uti.TestSeparator] (main) io.apicurio.tests.serdes.apicurio.AvroSerdeIT.testGlobalIdInHeaders-STARTED
2025-08-13 16:46:33,160 INFO  [org.apa.kaf.cli.adm.AdminClientConfig] (main) AdminClientConfig values: 
	auto.include.jmx.reporter = true
	bootstrap.controllers = []
	bootstrap.servers = [PLAINTEXT://localhost:32769]
	client.dns.lookup = use_all_dns_ips
	client.id = 
	connections.max.idle.ms = 10000
	default.api.timeout.ms = 60000
	enable.metrics.push = true
	metadata.max.age.ms = 300000
	metadata.recovery.strategy = none
	metric.reporters = []
	metrics.num.samples = 2
	metrics.recording.level = INFO
	metrics.sample.window.ms = 30000
	receive.buffer.bytes = 65536
	reconnect.backoff.max.ms = 1000
	reconnect.backoff.ms = 50
	request.timeout.ms = 5000
	retries = 2147483647
	retry.backoff.max.ms = 1000
	retry.backoff.ms = 100
	sasl.client.callback.handler.class = null
	sasl.jaas.config = null
	sasl.kerberos.kinit.cmd = /usr/bin/kinit
	sasl.kerberos.min.time.before.relogin = 60000
	sasl.kerberos.service.name = null
	sasl.kerberos.ticket.renew.jitter = 0.05
	sasl.kerberos.ticket.renew.window.factor = 0.8
	sasl.login.callback.handler.class = null
	sasl.login.class = null
	sasl.login.connect.timeout.ms = null
	sasl.login.read.timeout.ms = null
	sasl.login.refresh.buffer.seconds = 300
	sasl.login.refresh.min.period.seconds = 60
	sasl.login.refresh.window.factor = 0.8
	sasl.login.refresh.window.jitter = 0.05
	sasl.login.retry.backoff.max.ms = 10000
	sasl.login.retry.backoff.ms = 100
	sasl.mechanism = GSSAPI
	sasl.oauthbearer.clock.skew.seconds = 30
	sasl.oauthbearer.expected.audience = null
	sasl.oauthbearer.expected.issuer = null
	sasl.oauthbearer.header.urlencode = false
	sasl.oauthbearer.jwks.endpoint.refresh.ms = 3600000
	sasl.oauthbearer.jwks.endpoint.retry.backoff.max.ms = 10000
	sasl.oauthbearer.jwks.endpoint.retry.backoff.ms = 100
	sasl.oauthbearer.jwks.endpoint.url = null
	sasl.oauthbearer.scope.claim.name = scope
	sasl.oauthbearer.sub.claim.name = sub
	sasl.oauthbearer.token.endpoint.url = null
	security.protocol = PLAINTEXT
	security.providers = null
	send.buffer.bytes = 131072
	socket.connection.setup.timeout.max.ms = 30000
	socket.connection.setup.timeout.ms = 10000
	ssl.cipher.suites = null
	ssl.enabled.protocols = [TLSv1.2, TLSv1.3]
	ssl.endpoint.identification.algorithm = https
	ssl.engine.factory.class = null
	ssl.key.password = null
	ssl.keymanager.algorithm = SunX509
	ssl.keystore.certificate.chain = null
	ssl.keystore.key = null
	ssl.keystore.location = null
	ssl.keystore.password = null
	ssl.keystore.type = JKS
	ssl.protocol = TLSv1.3
	ssl.provider = null
	ssl.secure.random.implementation = null
	ssl.trustmanager.algorithm = PKIX
	ssl.truststore.certificates = null
	ssl.truststore.location = null
	ssl.truststore.password = null
	ssl.truststore.type = JKS

2025-08-13 16:46:33,504 INFO  [org.apa.kaf.com.uti.AppInfoParser] (main) Kafka version: 3.9.1
2025-08-13 16:46:33,505 INFO  [org.apa.kaf.com.uti.AppInfoParser] (main) Kafka commitId: f745dfdcee2b9851
2025-08-13 16:46:33,505 INFO  [org.apa.kaf.com.uti.AppInfoParser] (main) Kafka startTimeMs: 1755103593503
**** Registry Base URL: http://registry-app-ksql043.apps.ci419.apicurio-testing.org:80
2025-08-13 16:46:33,591 INFO  [org.apa.kaf.cli.pro.ProducerConfig] (main) ProducerConfig values: 
	acks = -1
	auto.include.jmx.reporter = true
	batch.size = 16384
	bootstrap.servers = [PLAINTEXT://localhost:32769]
	buffer.memory = 33554432
	client.dns.lookup = use_all_dns_ips
	client.id = Producer-topic-b2127454_3d95_48e9_b3b7_a8b98d14a22d
	compression.gzip.level = -1
	compression.lz4.level = 9
	compression.type = none
	compression.zstd.level = 3
	connections.max.idle.ms = 10000
	delivery.timeout.ms = 120000
	enable.idempotence = true
	enable.metrics.push = true
	interceptor.classes = []
	key.serializer = class org.apache.kafka.common.serialization.StringSerializer
	linger.ms = 0
	max.block.ms = 60000
	max.in.flight.requests.per.connection = 5
	max.request.size = 1048576
	metadata.max.age.ms = 300000
	metadata.max.idle.ms = 300000
	metadata.recovery.strategy = none
	metric.reporters = []
	metrics.num.samples = 2
	metrics.recording.level = INFO
	metrics.sample.window.ms = 30000
	partitioner.adaptive.partitioning.enable = true
	partitioner.availability.timeout.ms = 0
	partitioner.class = null
	partitioner.ignore.keys = false
	receive.buffer.bytes = 32768
	reconnect.backoff.max.ms = 1000
	reconnect.backoff.ms = 50
	request.timeout.ms = 5000
	retries = 2147483647
	retry.backoff.max.ms = 1000
	retry.backoff.ms = 100
	sasl.client.callback.handler.class = null
	sasl.jaas.config = null
	sasl.kerberos.kinit.cmd = /usr/bin/kinit
	sasl.kerberos.min.time.before.relogin = 60000
	sasl.kerberos.service.name = null
	sasl.kerberos.ticket.renew.jitter = 0.05
	sasl.kerberos.ticket.renew.window.factor = 0.8
	sasl.login.callback.handler.class = null
	sasl.login.class = null
	sasl.login.connect.timeout.ms = null
	sasl.login.read.timeout.ms = null
	sasl.login.refresh.buffer.seconds = 300
	sasl.login.refresh.min.period.seconds = 60
	sasl.login.refresh.window.factor = 0.8
	sasl.login.refresh.window.jitter = 0.05
	sasl.login.retry.backoff.max.ms = 10000
	sasl.login.retry.backoff.ms = 100
	sasl.mechanism = GSSAPI
	sasl.oauthbearer.clock.skew.seconds = 30
	sasl.oauthbearer.expected.audience = null
	sasl.oauthbearer.expected.issuer = null
	sasl.oauthbearer.header.urlencode = false
	sasl.oauthbearer.jwks.endpoint.refresh.ms = 3600000
	sasl.oauthbearer.jwks.endpoint.retry.backoff.max.ms = 10000
	sasl.oauthbearer.jwks.endpoint.retry.backoff.ms = 100
	sasl.oauthbearer.jwks.endpoint.url = null
	sasl.oauthbearer.scope.claim.name = scope
	sasl.oauthbearer.sub.claim.name = sub
	sasl.oauthbearer.token.endpoint.url = null
	security.protocol = PLAINTEXT
	security.providers = null
	send.buffer.bytes = 131072
	socket.connection.setup.timeout.max.ms = 30000
	socket.connection.setup.timeout.ms = 10000
	ssl.cipher.suites = null
	ssl.enabled.protocols = [TLSv1.2, TLSv1.3]
	ssl.endpoint.identification.algorithm = https
	ssl.engine.factory.class = null
	ssl.key.password = null
	ssl.keymanager.algorithm = SunX509
	ssl.keystore.certificate.chain = null
	ssl.keystore.key = null
	ssl.keystore.location = null
	ssl.keystore.password = null
	ssl.keystore.type = JKS
	ssl.protocol = TLSv1.3
	ssl.provider = null
	ssl.secure.random.implementation = null
	ssl.trustmanager.algorithm = PKIX
	ssl.truststore.certificates = null
	ssl.truststore.location = null
	ssl.truststore.password = null
	ssl.truststore.type = JKS
	transaction.timeout.ms = 60000
	transactional.id = null
	value.serializer = class io.apicurio.registry.serde.avro.AvroKafkaSerializer

2025-08-13 16:46:33,651 INFO  [org.apa.kaf.com.tel.int.KafkaMetricsCollector] (main) initializing Kafka metrics collector
2025-08-13 16:46:33,704 INFO  [org.apa.kaf.cli.pro.KafkaProducer] (main) [Producer clientId=Producer-topic-b2127454_3d95_48e9_b3b7_a8b98d14a22d] Instantiated an idempotent producer.
2025-08-13 16:46:33,779 INFO  [org.apa.kaf.cli.pro.ProducerConfig] (main) These configurations '[apicurio.registry.url, apicurio.registry.auto-register, apicurio.registry.use-id, apicurio.registry.artifact-resolver-strategy]' were supplied but are not used yet.
2025-08-13 16:46:33,779 INFO  [org.apa.kaf.com.uti.AppInfoParser] (main) Kafka version: 3.9.1
2025-08-13 16:46:33,779 INFO  [org.apa.kaf.com.uti.AppInfoParser] (main) Kafka commitId: f745dfdcee2b9851
2025-08-13 16:46:33,780 INFO  [org.apa.kaf.com.uti.AppInfoParser] (main) Kafka startTimeMs: 1755103593779
2025-08-13 16:46:33,782 INFO  [io.api.tes.ser.api.SimpleSerdesTesterBuilder$SimpleSerdesTester] (main) Using producer configuration: {apicurio.registry.url=http://registry-app-ksql043.apps.ci419.apicurio-testing.org:80/apis/registry/v3, apicurio.registry.auto-register=true, apicurio.registry.use-id=globalId, apicurio.registry.artifact-resolver-strategy=io.apicurio.registry.serde.strategy.TopicIdStrategy, value.serializer=io.apicurio.registry.serde.avro.AvroKafkaSerializer, request.timeout.ms=5000, acks=all, bootstrap.servers=PLAINTEXT://localhost:32769, connections.max.idle.ms=10000, key.serializer=org.apache.kafka.common.serialization.StringSerializer, client.id=Producer-topic-b2127454_3d95_48e9_b3b7_a8b98d14a22d}
2025-08-13 16:46:33,782 INFO  [io.api.tes.ser.api.SimpleSerdesTesterBuilder$SimpleSerdesTester] (main) Using consumer configuration: {apicurio.registry.use-id=globalId}
2025-08-13 16:46:33,794 INFO  [io.api.tes.ser.api.KafkaSerdesTester] (Thread-600) Sending message {"key11755103593563": "value-0"} to topic topic-b2127454_3d95_48e9_b3b7_a8b98d14a22d
2025-08-13 16:46:34,114 WARN  [org.apa.kaf.cli.NetworkClient] (kafka-producer-network-thread | Producer-topic-b2127454_3d95_48e9_b3b7_a8b98d14a22d) [Producer clientId=Producer-topic-b2127454_3d95_48e9_b3b7_a8b98d14a22d] The metadata response from the cluster reported a recoverable issue with correlation id 1 : {topic-b2127454_3d95_48e9_b3b7_a8b98d14a22d=UNKNOWN_TOPIC_OR_PARTITION}
2025-08-13 16:46:34,115 INFO  [org.apa.kaf.cli.Metadata] (kafka-producer-network-thread | Producer-topic-b2127454_3d95_48e9_b3b7_a8b98d14a22d) [Producer clientId=Producer-topic-b2127454_3d95_48e9_b3b7_a8b98d14a22d] Cluster ID: 2Q56eJUuTz2w_13NlVd4Hw
2025-08-13 16:46:34,353 INFO  [org.apa.kaf.cli.pro.int.TransactionManager] (kafka-producer-network-thread | Producer-topic-b2127454_3d95_48e9_b3b7_a8b98d14a22d) [Producer clientId=Producer-topic-b2127454_3d95_48e9_b3b7_a8b98d14a22d] ProducerId set to 0 with epoch 0
2025-08-13 16:46:34,629 INFO  [io.api.tes.ser.api.KafkaSerdesTester] (Thread-600) Sending message {"key11755103593563": "value-1"} to topic topic-b2127454_3d95_48e9_b3b7_a8b98d14a22d
2025-08-13 16:46:34,638 INFO  [io.api.tes.ser.api.KafkaSerdesTester] (Thread-600) Sending message {"key11755103593563": "value-2"} to topic topic-b2127454_3d95_48e9_b3b7_a8b98d14a22d
2025-08-13 16:46:34,652 INFO  [io.api.tes.ser.api.KafkaSerdesTester] (Thread-600) Sending message {"key11755103593563": "value-3"} to topic topic-b2127454_3d95_48e9_b3b7_a8b98d14a22d
2025-08-13 16:46:34,657 INFO  [io.api.tes.ser.api.KafkaSerdesTester] (Thread-600) Sending message {"key11755103593563": "value-4"} to topic topic-b2127454_3d95_48e9_b3b7_a8b98d14a22d
2025-08-13 16:46:34,665 INFO  [io.api.tes.ser.api.KafkaSerdesTester] (Thread-600) Sending message {"key11755103593563": "value-5"} to topic topic-b2127454_3d95_48e9_b3b7_a8b98d14a22d
2025-08-13 16:46:34,670 INFO  [io.api.tes.ser.api.KafkaSerdesTester] (Thread-600) Sending message {"key11755103593563": "value-6"} to topic topic-b2127454_3d95_48e9_b3b7_a8b98d14a22d
2025-08-13 16:46:34,674 INFO  [io.api.tes.ser.api.KafkaSerdesTester] (Thread-600) Sending message {"key11755103593563": "value-7"} to topic topic-b2127454_3d95_48e9_b3b7_a8b98d14a22d
2025-08-13 16:46:34,678 INFO  [io.api.tes.ser.api.KafkaSerdesTester] (Thread-600) Sending message {"key11755103593563": "value-8"} to topic topic-b2127454_3d95_48e9_b3b7_a8b98d14a22d
2025-08-13 16:46:34,682 INFO  [io.api.tes.ser.api.KafkaSerdesTester] (Thread-600) Sending message {"key11755103593563": "value-9"} to topic topic-b2127454_3d95_48e9_b3b7_a8b98d14a22d
2025-08-13 16:46:34,686 INFO  [io.api.tes.ser.api.KafkaSerdesTester] (Thread-600) Produced 10 messages
2025-08-13 16:46:34,687 INFO  [org.apa.kaf.cli.pro.KafkaProducer] (Thread-600) [Producer clientId=Producer-topic-b2127454_3d95_48e9_b3b7_a8b98d14a22d] Closing the Kafka producer with timeoutMillis = 9223372036854775807 ms.
2025-08-13 16:46:34,704 INFO  [org.apa.kaf.com.met.Metrics] (Thread-600) Metrics scheduler closed
2025-08-13 16:46:34,705 INFO  [org.apa.kaf.com.met.Metrics] (Thread-600) Closing reporter org.apache.kafka.common.metrics.JmxReporter
2025-08-13 16:46:34,705 INFO  [org.apa.kaf.com.met.Metrics] (Thread-600) Closing reporter org.apache.kafka.common.telemetry.internals.ClientTelemetryReporter
2025-08-13 16:46:34,705 INFO  [org.apa.kaf.com.met.Metrics] (Thread-600) Metrics reporters closed
2025-08-13 16:46:34,709 INFO  [org.apa.kaf.com.uti.AppInfoParser] (Thread-600) App info kafka.producer for Producer-topic-b2127454_3d95_48e9_b3b7_a8b98d14a22d unregistered
**** Registry Base URL: http://registry-app-ksql043.apps.ci419.apicurio-testing.org:80
2025-08-13 16:46:34,890 INFO  [org.apa.kaf.cli.con.ConsumerConfig] (main) ConsumerConfig values: 
	allow.auto.create.topics = true
	auto.commit.interval.ms = 500
	auto.include.jmx.reporter = true
	auto.offset.reset = earliest
	bootstrap.servers = [PLAINTEXT://localhost:32769]
	check.crcs = true
	client.dns.lookup = use_all_dns_ips
	client.id = consumer-Consumer-topic-b2127454_3d95_48e9_b3b7_a8b98d14a22d-1
	client.rack = 
	connections.max.idle.ms = 10000
	default.api.timeout.ms = 60000
	enable.auto.commit = true
	enable.metrics.push = true
	exclude.internal.topics = true
	fetch.max.bytes = 52428800
	fetch.max.wait.ms = 500
	fetch.min.bytes = 1
	group.id = Consumer-topic-b2127454_3d95_48e9_b3b7_a8b98d14a22d
	group.instance.id = null
	group.protocol = classic
	group.remote.assignor = null
	heartbeat.interval.ms = 3000
	interceptor.classes = []
	internal.leave.group.on.close = true
	internal.throw.on.fetch.stable.offset.unsupported = false
	isolation.level = read_uncommitted
	key.deserializer = class org.apache.kafka.common.serialization.StringDeserializer
	max.partition.fetch.bytes = 1048576
	max.poll.interval.ms = 300000
	max.poll.records = 500
	metadata.max.age.ms = 300000
	metadata.recovery.strategy = none
	metric.reporters = []
	metrics.num.samples = 2
	metrics.recording.level = INFO
	metrics.sample.window.ms = 30000
	partition.assignment.strategy = [class org.apache.kafka.clients.consumer.RangeAssignor, class org.apache.kafka.clients.consumer.CooperativeStickyAssignor]
	receive.buffer.bytes = 65536
	reconnect.backoff.max.ms = 1000
	reconnect.backoff.ms = 50
	request.timeout.ms = 5000
	retry.backoff.max.ms = 1000
	retry.backoff.ms = 100
	sasl.client.callback.handler.class = null
	sasl.jaas.config = null
	sasl.kerberos.kinit.cmd = /usr/bin/kinit
	sasl.kerberos.min.time.before.relogin = 60000
	sasl.kerberos.service.name = null
	sasl.kerberos.ticket.renew.jitter = 0.05
	sasl.kerberos.ticket.renew.window.factor = 0.8
	sasl.login.callback.handler.class = null
	sasl.login.class = null
	sasl.login.connect.timeout.ms = null
	sasl.login.read.timeout.ms = null
	sasl.login.refresh.buffer.seconds = 300
	sasl.login.refresh.min.period.seconds = 60
	sasl.login.refresh.window.factor = 0.8
	sasl.login.refresh.window.jitter = 0.05
	sasl.login.retry.backoff.max.ms = 10000
	sasl.login.retry.backoff.ms = 100
	sasl.mechanism = GSSAPI
	sasl.oauthbearer.clock.skew.seconds = 30
	sasl.oauthbearer.expected.audience = null
	sasl.oauthbearer.expected.issuer = null
	sasl.oauthbearer.header.urlencode = false
	sasl.oauthbearer.jwks.endpoint.refresh.ms = 3600000
	sasl.oauthbearer.jwks.endpoint.retry.backoff.max.ms = 10000
	sasl.oauthbearer.jwks.endpoint.retry.backoff.ms = 100
	sasl.oauthbearer.jwks.endpoint.url = null
	sasl.oauthbearer.scope.claim.name = scope
	sasl.oauthbearer.sub.claim.name = sub
	sasl.oauthbearer.token.endpoint.url = null
	security.protocol = PLAINTEXT
	security.providers = null
	send.buffer.bytes = 131072
	session.timeout.ms = 45000
	socket.connection.setup.timeout.max.ms = 30000
	socket.connection.setup.timeout.ms = 10000
	ssl.cipher.suites = null
	ssl.enabled.protocols = [TLSv1.2, TLSv1.3]
	ssl.endpoint.identification.algorithm = https
	ssl.engine.factory.class = null
	ssl.key.password = null
	ssl.keymanager.algorithm = SunX509
	ssl.keystore.certificate.chain = null
	ssl.keystore.key = null
	ssl.keystore.location = null
	ssl.keystore.password = null
	ssl.keystore.type = JKS
	ssl.protocol = TLSv1.3
	ssl.provider = null
	ssl.secure.random.implementation = null
	ssl.trustmanager.algorithm = PKIX
	ssl.truststore.certificates = null
	ssl.truststore.location = null
	ssl.truststore.password = null
	ssl.truststore.type = JKS
	value.deserializer = class io.apicurio.registry.serde.avro.AvroKafkaDeserializer

2025-08-13 16:46:34,902 INFO  [org.apa.kaf.com.tel.int.KafkaMetricsCollector] (main) initializing Kafka metrics collector
2025-08-13 16:46:34,987 INFO  [org.apa.kaf.cli.con.ConsumerConfig] (main) These configurations '[apicurio.registry.url, apicurio.registry.use-id]' were supplied but are not used yet.
2025-08-13 16:46:34,988 INFO  [org.apa.kaf.com.uti.AppInfoParser] (main) Kafka version: 3.9.1
2025-08-13 16:46:34,988 INFO  [org.apa.kaf.com.uti.AppInfoParser] (main) Kafka commitId: f745dfdcee2b9851
2025-08-13 16:46:34,988 INFO  [org.apa.kaf.com.uti.AppInfoParser] (main) Kafka startTimeMs: 1755103594988
2025-08-13 16:46:34,990 INFO  [org.apa.kaf.cli.con.int.ClassicKafkaConsumer] (Thread-603) [Consumer clientId=consumer-Consumer-topic-b2127454_3d95_48e9_b3b7_a8b98d14a22d-1, groupId=Consumer-topic-b2127454_3d95_48e9_b3b7_a8b98d14a22d] Subscribed to topic(s): topic-b2127454_3d95_48e9_b3b7_a8b98d14a22d
2025-08-13 16:46:35,003 INFO  [org.apa.kaf.cli.Metadata] (Thread-603) [Consumer clientId=consumer-Consumer-topic-b2127454_3d95_48e9_b3b7_a8b98d14a22d-1, groupId=Consumer-topic-b2127454_3d95_48e9_b3b7_a8b98d14a22d] Cluster ID: 2Q56eJUuTz2w_13NlVd4Hw
2025-08-13 16:46:35,168 INFO  [org.apa.kaf.cli.con.int.ConsumerCoordinator] (Thread-603) [Consumer clientId=consumer-Consumer-topic-b2127454_3d95_48e9_b3b7_a8b98d14a22d-1, groupId=Consumer-topic-b2127454_3d95_48e9_b3b7_a8b98d14a22d] Discovered group coordinator localhost:32769 (id: 2147483647 rack: null)
2025-08-13 16:46:35,182 INFO  [org.apa.kaf.cli.con.int.ConsumerCoordinator] (Thread-603) [Consumer clientId=consumer-Consumer-topic-b2127454_3d95_48e9_b3b7_a8b98d14a22d-1, groupId=Consumer-topic-b2127454_3d95_48e9_b3b7_a8b98d14a22d] (Re-)joining group
2025-08-13 16:46:35,220 INFO  [org.apa.kaf.cli.con.int.ConsumerCoordinator] (Thread-603) [Consumer clientId=consumer-Consumer-topic-b2127454_3d95_48e9_b3b7_a8b98d14a22d-1, groupId=Consumer-topic-b2127454_3d95_48e9_b3b7_a8b98d14a22d] Group coordinator localhost:32769 (id: 2147483647 rack: null) is unavailable or invalid due to cause: error response NOT_COORDINATOR. isDisconnected: false. Rediscovery will be attempted.
2025-08-13 16:46:35,221 INFO  [org.apa.kaf.cli.con.int.ConsumerCoordinator] (Thread-603) [Consumer clientId=consumer-Consumer-topic-b2127454_3d95_48e9_b3b7_a8b98d14a22d-1, groupId=Consumer-topic-b2127454_3d95_48e9_b3b7_a8b98d14a22d] Requesting disconnect from last known coordinator localhost:32769 (id: 2147483647 rack: null)
2025-08-13 16:46:35,221 INFO  [org.apa.kaf.cli.con.int.ConsumerCoordinator] (Thread-603) [Consumer clientId=consumer-Consumer-topic-b2127454_3d95_48e9_b3b7_a8b98d14a22d-1, groupId=Consumer-topic-b2127454_3d95_48e9_b3b7_a8b98d14a22d] JoinGroup failed: This is not the correct coordinator. Marking coordinator unknown. Sent generation was Generation{generationId=-1, memberId='', protocol='null'}
2025-08-13 16:46:35,222 INFO  [org.apa.kaf.cli.NetworkClient] (Thread-603) [Consumer clientId=consumer-Consumer-topic-b2127454_3d95_48e9_b3b7_a8b98d14a22d-1, groupId=Consumer-topic-b2127454_3d95_48e9_b3b7_a8b98d14a22d] Client requested disconnect from node 2147483647
2025-08-13 16:46:35,226 INFO  [org.apa.kaf.cli.con.int.ConsumerCoordinator] (Thread-603) [Consumer clientId=consumer-Consumer-topic-b2127454_3d95_48e9_b3b7_a8b98d14a22d-1, groupId=Consumer-topic-b2127454_3d95_48e9_b3b7_a8b98d14a22d] Discovered group coordinator localhost:32769 (id: 2147483647 rack: null)
2025-08-13 16:46:35,228 INFO  [org.apa.kaf.cli.con.int.ConsumerCoordinator] (Thread-603) [Consumer clientId=consumer-Consumer-topic-b2127454_3d95_48e9_b3b7_a8b98d14a22d-1, groupId=Consumer-topic-b2127454_3d95_48e9_b3b7_a8b98d14a22d] Group coordinator localhost:32769 (id: 2147483647 rack: null) is unavailable or invalid due to cause: coordinator unavailable. isDisconnected: false. Rediscovery will be attempted.
2025-08-13 16:46:35,228 INFO  [org.apa.kaf.cli.con.int.ConsumerCoordinator] (Thread-603) [Consumer clientId=consumer-Consumer-topic-b2127454_3d95_48e9_b3b7_a8b98d14a22d-1, groupId=Consumer-topic-b2127454_3d95_48e9_b3b7_a8b98d14a22d] Requesting disconnect from last known coordinator localhost:32769 (id: 2147483647 rack: null)
2025-08-13 16:46:35,352 INFO  [org.apa.kaf.cli.con.int.ConsumerCoordinator] (Thread-603) [Consumer clientId=consumer-Consumer-topic-b2127454_3d95_48e9_b3b7_a8b98d14a22d-1, groupId=Consumer-topic-b2127454_3d95_48e9_b3b7_a8b98d14a22d] Discovered group coordinator localhost:32769 (id: 2147483647 rack: null)
2025-08-13 16:46:35,355 INFO  [org.apa.kaf.cli.con.int.ConsumerCoordinator] (Thread-603) [Consumer clientId=consumer-Consumer-topic-b2127454_3d95_48e9_b3b7_a8b98d14a22d-1, groupId=Consumer-topic-b2127454_3d95_48e9_b3b7_a8b98d14a22d] Request joining group due to: rebalance failed due to 'This is not the correct coordinator.' (NotCoordinatorException)
2025-08-13 16:46:35,356 INFO  [org.apa.kaf.cli.con.int.ConsumerCoordinator] (Thread-603) [Consumer clientId=consumer-Consumer-topic-b2127454_3d95_48e9_b3b7_a8b98d14a22d-1, groupId=Consumer-topic-b2127454_3d95_48e9_b3b7_a8b98d14a22d] (Re-)joining group
2025-08-13 16:46:35,367 INFO  [org.apa.kaf.cli.con.int.ConsumerCoordinator] (Thread-603) [Consumer clientId=consumer-Consumer-topic-b2127454_3d95_48e9_b3b7_a8b98d14a22d-1, groupId=Consumer-topic-b2127454_3d95_48e9_b3b7_a8b98d14a22d] Group coordinator localhost:32769 (id: 2147483647 rack: null) is unavailable or invalid due to cause: error response NOT_COORDINATOR. isDisconnected: false. Rediscovery will be attempted.
2025-08-13 16:46:35,370 INFO  [org.apa.kaf.cli.con.int.ConsumerCoordinator] (Thread-603) [Consumer clientId=consumer-Consumer-topic-b2127454_3d95_48e9_b3b7_a8b98d14a22d-1, groupId=Consumer-topic-b2127454_3d95_48e9_b3b7_a8b98d14a22d] Requesting disconnect from last known coordinator localhost:32769 (id: 2147483647 rack: null)
2025-08-13 16:46:35,370 INFO  [org.apa.kaf.cli.con.int.ConsumerCoordinator] (Thread-603) [Consumer clientId=consumer-Consumer-topic-b2127454_3d95_48e9_b3b7_a8b98d14a22d-1, groupId=Consumer-topic-b2127454_3d95_48e9_b3b7_a8b98d14a22d] JoinGroup failed: This is not the correct coordinator. Marking coordinator unknown. Sent generation was Generation{generationId=-1, memberId='', protocol='null'}
2025-08-13 16:46:35,370 INFO  [org.apa.kaf.cli.NetworkClient] (Thread-603) [Consumer clientId=consumer-Consumer-topic-b2127454_3d95_48e9_b3b7_a8b98d14a22d-1, groupId=Consumer-topic-b2127454_3d95_48e9_b3b7_a8b98d14a22d] Client requested disconnect from node 2147483647
2025-08-13 16:46:35,376 INFO  [org.apa.kaf.cli.con.int.ConsumerCoordinator] (Thread-603) [Consumer clientId=consumer-Consumer-topic-b2127454_3d95_48e9_b3b7_a8b98d14a22d-1, groupId=Consumer-topic-b2127454_3d95_48e9_b3b7_a8b98d14a22d] Discovered group coordinator localhost:32769 (id: 2147483647 rack: null)
2025-08-13 16:46:35,377 INFO  [org.apa.kaf.cli.con.int.ConsumerCoordinator] (Thread-603) [Consumer clientId=consumer-Consumer-topic-b2127454_3d95_48e9_b3b7_a8b98d14a22d-1, groupId=Consumer-topic-b2127454_3d95_48e9_b3b7_a8b98d14a22d] Group coordinator localhost:32769 (id: 2147483647 rack: null) is unavailable or invalid due to cause: coordinator unavailable. isDisconnected: false. Rediscovery will be attempted.
2025-08-13 16:46:35,377 INFO  [org.apa.kaf.cli.con.int.ConsumerCoordinator] (Thread-603) [Consumer clientId=consumer-Consumer-topic-b2127454_3d95_48e9_b3b7_a8b98d14a22d-1, groupId=Consumer-topic-b2127454_3d95_48e9_b3b7_a8b98d14a22d] Requesting disconnect from last known coordinator localhost:32769 (id: 2147483647 rack: null)
2025-08-13 16:46:35,472 INFO  [org.apa.kaf.cli.con.int.ConsumerCoordinator] (Thread-603) [Consumer clientId=consumer-Consumer-topic-b2127454_3d95_48e9_b3b7_a8b98d14a22d-1, groupId=Consumer-topic-b2127454_3d95_48e9_b3b7_a8b98d14a22d] Discovered group coordinator localhost:32769 (id: 2147483647 rack: null)
2025-08-13 16:46:35,473 INFO  [org.apa.kaf.cli.con.int.ConsumerCoordinator] (Thread-603) [Consumer clientId=consumer-Consumer-topic-b2127454_3d95_48e9_b3b7_a8b98d14a22d-1, groupId=Consumer-topic-b2127454_3d95_48e9_b3b7_a8b98d14a22d] Request joining group due to: rebalance failed due to 'This is not the correct coordinator.' (NotCoordinatorException)
2025-08-13 16:46:35,474 INFO  [org.apa.kaf.cli.con.int.ConsumerCoordinator] (Thread-603) [Consumer clientId=consumer-Consumer-topic-b2127454_3d95_48e9_b3b7_a8b98d14a22d-1, groupId=Consumer-topic-b2127454_3d95_48e9_b3b7_a8b98d14a22d] (Re-)joining group
2025-08-13 16:46:35,482 INFO  [org.apa.kaf.cli.con.int.ConsumerCoordinator] (Thread-603) [Consumer clientId=consumer-Consumer-topic-b2127454_3d95_48e9_b3b7_a8b98d14a22d-1, groupId=Consumer-topic-b2127454_3d95_48e9_b3b7_a8b98d14a22d] Group coordinator localhost:32769 (id: 2147483647 rack: null) is unavailable or invalid due to cause: error response NOT_COORDINATOR. isDisconnected: false. Rediscovery will be attempted.
2025-08-13 16:46:35,482 INFO  [org.apa.kaf.cli.con.int.ConsumerCoordinator] (Thread-603) [Consumer clientId=consumer-Consumer-topic-b2127454_3d95_48e9_b3b7_a8b98d14a22d-1, groupId=Consumer-topic-b2127454_3d95_48e9_b3b7_a8b98d14a22d] Requesting disconnect from last known coordinator localhost:32769 (id: 2147483647 rack: null)
2025-08-13 16:46:35,482 INFO  [org.apa.kaf.cli.con.int.ConsumerCoordinator] (Thread-603) [Consumer clientId=consumer-Consumer-topic-b2127454_3d95_48e9_b3b7_a8b98d14a22d-1, groupId=Consumer-topic-b2127454_3d95_48e9_b3b7_a8b98d14a22d] JoinGroup failed: This is not the correct coordinator. Marking coordinator unknown. Sent generation was Generation{generationId=-1, memberId='', protocol='null'}
2025-08-13 16:46:35,482 INFO  [org.apa.kaf.cli.NetworkClient] (Thread-603) [Consumer clientId=consumer-Consumer-topic-b2127454_3d95_48e9_b3b7_a8b98d14a22d-1, groupId=Consumer-topic-b2127454_3d95_48e9_b3b7_a8b98d14a22d] Client requested disconnect from node 2147483647
2025-08-13 16:46:35,489 INFO  [org.apa.kaf.cli.con.int.ConsumerCoordinator] (Thread-603) [Consumer clientId=consumer-Consumer-topic-b2127454_3d95_48e9_b3b7_a8b98d14a22d-1, groupId=Consumer-topic-b2127454_3d95_48e9_b3b7_a8b98d14a22d] Discovered group coordinator localhost:32769 (id: 2147483647 rack: null)
2025-08-13 16:46:35,489 INFO  [org.apa.kaf.cli.con.int.ConsumerCoordinator] (Thread-603) [Consumer clientId=consumer-Consumer-topic-b2127454_3d95_48e9_b3b7_a8b98d14a22d-1, groupId=Consumer-topic-b2127454_3d95_48e9_b3b7_a8b98d14a22d] Group coordinator localhost:32769 (id: 2147483647 rack: null) is unavailable or invalid due to cause: coordinator unavailable. isDisconnected: false. Rediscovery will be attempted.
2025-08-13 16:46:35,490 INFO  [org.apa.kaf.cli.con.int.ConsumerCoordinator] (Thread-603) [Consumer clientId=consumer-Consumer-topic-b2127454_3d95_48e9_b3b7_a8b98d14a22d-1, groupId=Consumer-topic-b2127454_3d95_48e9_b3b7_a8b98d14a22d] Requesting disconnect from last known coordinator localhost:32769 (id: 2147483647 rack: null)
2025-08-13 16:46:35,583 INFO  [org.apa.kaf.cli.con.int.ConsumerCoordinator] (Thread-603) [Consumer clientId=consumer-Consumer-topic-b2127454_3d95_48e9_b3b7_a8b98d14a22d-1, groupId=Consumer-topic-b2127454_3d95_48e9_b3b7_a8b98d14a22d] Discovered group coordinator localhost:32769 (id: 2147483647 rack: null)
2025-08-13 16:46:35,585 INFO  [org.apa.kaf.cli.con.int.ConsumerCoordinator] (Thread-603) [Consumer clientId=consumer-Consumer-topic-b2127454_3d95_48e9_b3b7_a8b98d14a22d-1, groupId=Consumer-topic-b2127454_3d95_48e9_b3b7_a8b98d14a22d] Request joining group due to: rebalance failed due to 'This is not the correct coordinator.' (NotCoordinatorException)
2025-08-13 16:46:35,589 INFO  [org.apa.kaf.cli.con.int.ConsumerCoordinator] (Thread-603) [Consumer clientId=consumer-Consumer-topic-b2127454_3d95_48e9_b3b7_a8b98d14a22d-1, groupId=Consumer-topic-b2127454_3d95_48e9_b3b7_a8b98d14a22d] (Re-)joining group
2025-08-13 16:46:35,597 INFO  [org.apa.kaf.cli.con.int.ConsumerCoordinator] (Thread-603) [Consumer clientId=consumer-Consumer-topic-b2127454_3d95_48e9_b3b7_a8b98d14a22d-1, groupId=Consumer-topic-b2127454_3d95_48e9_b3b7_a8b98d14a22d] Group coordinator localhost:32769 (id: 2147483647 rack: null) is unavailable or invalid due to cause: error response NOT_COORDINATOR. isDisconnected: false. Rediscovery will be attempted.
2025-08-13 16:46:35,597 INFO  [org.apa.kaf.cli.con.int.ConsumerCoordinator] (Thread-603) [Consumer clientId=consumer-Consumer-topic-b2127454_3d95_48e9_b3b7_a8b98d14a22d-1, groupId=Consumer-topic-b2127454_3d95_48e9_b3b7_a8b98d14a22d] Requesting disconnect from last known coordinator localhost:32769 (id: 2147483647 rack: null)
2025-08-13 16:46:35,597 INFO  [org.apa.kaf.cli.con.int.ConsumerCoordinator] (Thread-603) [Consumer clientId=consumer-Consumer-topic-b2127454_3d95_48e9_b3b7_a8b98d14a22d-1, groupId=Consumer-topic-b2127454_3d95_48e9_b3b7_a8b98d14a22d] JoinGroup failed: This is not the correct coordinator. Marking coordinator unknown. Sent generation was Generation{generationId=-1, memberId='', protocol='null'}
2025-08-13 16:46:35,598 INFO  [org.apa.kaf.cli.NetworkClient] (Thread-603) [Consumer clientId=consumer-Consumer-topic-b2127454_3d95_48e9_b3b7_a8b98d14a22d-1, groupId=Consumer-topic-b2127454_3d95_48e9_b3b7_a8b98d14a22d] Client requested disconnect from node 2147483647
2025-08-13 16:46:35,605 INFO  [org.apa.kaf.cli.con.int.ConsumerCoordinator] (Thread-603) [Consumer clientId=consumer-Consumer-topic-b2127454_3d95_48e9_b3b7_a8b98d14a22d-1, groupId=Consumer-topic-b2127454_3d95_48e9_b3b7_a8b98d14a22d] Discovered group coordinator localhost:32769 (id: 2147483647 rack: null)
2025-08-13 16:46:35,605 INFO  [org.apa.kaf.cli.con.int.ConsumerCoordinator] (Thread-603) [Consumer clientId=consumer-Consumer-topic-b2127454_3d95_48e9_b3b7_a8b98d14a22d-1, groupId=Consumer-topic-b2127454_3d95_48e9_b3b7_a8b98d14a22d] Group coordinator localhost:32769 (id: 2147483647 rack: null) is unavailable or invalid due to cause: coordinator unavailable. isDisconnected: false. Rediscovery will be attempted.
2025-08-13 16:46:35,605 INFO  [org.apa.kaf.cli.con.int.ConsumerCoordinator] (Thread-603) [Consumer clientId=consumer-Consumer-topic-b2127454_3d95_48e9_b3b7_a8b98d14a22d-1, groupId=Consumer-topic-b2127454_3d95_48e9_b3b7_a8b98d14a22d] Requesting disconnect from last known coordinator localhost:32769 (id: 2147483647 rack: null)
2025-08-13 16:46:35,703 INFO  [org.apa.kaf.cli.con.int.ConsumerCoordinator] (Thread-603) [Consumer clientId=consumer-Consumer-topic-b2127454_3d95_48e9_b3b7_a8b98d14a22d-1, groupId=Consumer-topic-b2127454_3d95_48e9_b3b7_a8b98d14a22d] Discovered group coordinator localhost:32769 (id: 2147483647 rack: null)
2025-08-13 16:46:35,704 INFO  [org.apa.kaf.cli.con.int.ConsumerCoordinator] (Thread-603) [Consumer clientId=consumer-Consumer-topic-b2127454_3d95_48e9_b3b7_a8b98d14a22d-1, groupId=Consumer-topic-b2127454_3d95_48e9_b3b7_a8b98d14a22d] Request joining group due to: rebalance failed due to 'This is not the correct coordinator.' (NotCoordinatorException)
2025-08-13 16:46:35,705 INFO  [org.apa.kaf.cli.con.int.ConsumerCoordinator] (Thread-603) [Consumer clientId=consumer-Consumer-topic-b2127454_3d95_48e9_b3b7_a8b98d14a22d-1, groupId=Consumer-topic-b2127454_3d95_48e9_b3b7_a8b98d14a22d] (Re-)joining group
2025-08-13 16:46:35,727 INFO  [org.apa.kaf.cli.con.int.ConsumerCoordinator] (Thread-603) [Consumer clientId=consumer-Consumer-topic-b2127454_3d95_48e9_b3b7_a8b98d14a22d-1, groupId=Consumer-topic-b2127454_3d95_48e9_b3b7_a8b98d14a22d] JoinGroup failed: Coordinator localhost:32769 (id: 2147483647 rack: null) is loading the group.
2025-08-13 16:46:35,727 INFO  [org.apa.kaf.cli.con.int.ConsumerCoordinator] (Thread-603) [Consumer clientId=consumer-Consumer-topic-b2127454_3d95_48e9_b3b7_a8b98d14a22d-1, groupId=Consumer-topic-b2127454_3d95_48e9_b3b7_a8b98d14a22d] Request joining group due to: rebalance failed due to 'The coordinator is loading and hence can't process requests.' (CoordinatorLoadInProgressException)
2025-08-13 16:46:35,828 INFO  [org.apa.kaf.cli.con.int.ConsumerCoordinator] (Thread-603) [Consumer clientId=consumer-Consumer-topic-b2127454_3d95_48e9_b3b7_a8b98d14a22d-1, groupId=Consumer-topic-b2127454_3d95_48e9_b3b7_a8b98d14a22d] (Re-)joining group
2025-08-13 16:46:35,836 INFO  [org.apa.kaf.cli.con.int.ConsumerCoordinator] (Thread-603) [Consumer clientId=consumer-Consumer-topic-b2127454_3d95_48e9_b3b7_a8b98d14a22d-1, groupId=Consumer-topic-b2127454_3d95_48e9_b3b7_a8b98d14a22d] Request joining group due to: need to re-join with the given member-id: consumer-Consumer-topic-b2127454_3d95_48e9_b3b7_a8b98d14a22d-1-f3065f67-54fc-4967-99db-20e4957482d6
2025-08-13 16:46:35,837 INFO  [org.apa.kaf.cli.con.int.ConsumerCoordinator] (Thread-603) [Consumer clientId=consumer-Consumer-topic-b2127454_3d95_48e9_b3b7_a8b98d14a22d-1, groupId=Consumer-topic-b2127454_3d95_48e9_b3b7_a8b98d14a22d] (Re-)joining group
2025-08-13 16:46:35,992 INFO  [io.api.tes.ser.api.KafkaSerdesTester] (Thread-603) None found
2025-08-13 16:46:36,992 INFO  [io.api.tes.ser.api.KafkaSerdesTester] (Thread-603) None found
2025-08-13 16:46:37,992 INFO  [io.api.tes.ser.api.KafkaSerdesTester] (Thread-603) None found
2025-08-13 16:46:38,854 INFO  [org.apa.kaf.cli.con.int.ConsumerCoordinator] (Thread-603) [Consumer clientId=consumer-Consumer-topic-b2127454_3d95_48e9_b3b7_a8b98d14a22d-1, groupId=Consumer-topic-b2127454_3d95_48e9_b3b7_a8b98d14a22d] Successfully joined group with generation Generation{generationId=1, memberId='consumer-Consumer-topic-b2127454_3d95_48e9_b3b7_a8b98d14a22d-1-f3065f67-54fc-4967-99db-20e4957482d6', protocol='range'}
2025-08-13 16:46:38,868 INFO  [org.apa.kaf.cli.con.int.ConsumerCoordinator] (Thread-603) [Consumer clientId=consumer-Consumer-topic-b2127454_3d95_48e9_b3b7_a8b98d14a22d-1, groupId=Consumer-topic-b2127454_3d95_48e9_b3b7_a8b98d14a22d] Finished assignment for group at generation 1: {consumer-Consumer-topic-b2127454_3d95_48e9_b3b7_a8b98d14a22d-1-f3065f67-54fc-4967-99db-20e4957482d6=Assignment(partitions=[topic-b2127454_3d95_48e9_b3b7_a8b98d14a22d-0])}
2025-08-13 16:46:38,883 INFO  [org.apa.kaf.cli.con.int.ConsumerCoordinator] (Thread-603) [Consumer clientId=consumer-Consumer-topic-b2127454_3d95_48e9_b3b7_a8b98d14a22d-1, groupId=Consumer-topic-b2127454_3d95_48e9_b3b7_a8b98d14a22d] Successfully synced group in generation Generation{generationId=1, memberId='consumer-Consumer-topic-b2127454_3d95_48e9_b3b7_a8b98d14a22d-1-f3065f67-54fc-4967-99db-20e4957482d6', protocol='range'}
2025-08-13 16:46:38,884 INFO  [org.apa.kaf.cli.con.int.ConsumerCoordinator] (Thread-603) [Consumer clientId=consumer-Consumer-topic-b2127454_3d95_48e9_b3b7_a8b98d14a22d-1, groupId=Consumer-topic-b2127454_3d95_48e9_b3b7_a8b98d14a22d] Notifying assignor about the new Assignment(partitions=[topic-b2127454_3d95_48e9_b3b7_a8b98d14a22d-0])
2025-08-13 16:46:38,886 INFO  [org.apa.kaf.cli.con.int.ConsumerRebalanceListenerInvoker] (Thread-603) [Consumer clientId=consumer-Consumer-topic-b2127454_3d95_48e9_b3b7_a8b98d14a22d-1, groupId=Consumer-topic-b2127454_3d95_48e9_b3b7_a8b98d14a22d] Adding newly assigned partitions: topic-b2127454_3d95_48e9_b3b7_a8b98d14a22d-0
2025-08-13 16:46:38,907 INFO  [org.apa.kaf.cli.con.int.ConsumerCoordinator] (Thread-603) [Consumer clientId=consumer-Consumer-topic-b2127454_3d95_48e9_b3b7_a8b98d14a22d-1, groupId=Consumer-topic-b2127454_3d95_48e9_b3b7_a8b98d14a22d] Found no committed offset for partition topic-b2127454_3d95_48e9_b3b7_a8b98d14a22d-0
2025-08-13 16:46:38,930 INFO  [org.apa.kaf.cli.con.int.SubscriptionState] (Thread-603) [Consumer clientId=consumer-Consumer-topic-b2127454_3d95_48e9_b3b7_a8b98d14a22d-1, groupId=Consumer-topic-b2127454_3d95_48e9_b3b7_a8b98d14a22d] Resetting offset for partition topic-b2127454_3d95_48e9_b3b7_a8b98d14a22d-0 to position FetchPosition{offset=0, offsetEpoch=Optional.empty, currentLeader=LeaderAndEpoch{leader=Optional[localhost:32769 (id: 0 rack: null)], epoch=0}}.
2025-08-13 16:46:39,220 INFO  [io.api.tes.ser.api.KafkaSerdesTester] (Thread-603) topic-b2127454_3d95_48e9_b3b7_a8b98d14a22d 0 0 {"key11755103593563": "value-0"}
2025-08-13 16:46:39,220 INFO  [io.api.tes.ser.api.KafkaSerdesTester] (Thread-603) topic-b2127454_3d95_48e9_b3b7_a8b98d14a22d 0 1 {"key11755103593563": "value-1"}
2025-08-13 16:46:39,220 INFO  [io.api.tes.ser.api.KafkaSerdesTester] (Thread-603) topic-b2127454_3d95_48e9_b3b7_a8b98d14a22d 0 2 {"key11755103593563": "value-2"}
2025-08-13 16:46:39,221 INFO  [io.api.tes.ser.api.KafkaSerdesTester] (Thread-603) topic-b2127454_3d95_48e9_b3b7_a8b98d14a22d 0 3 {"key11755103593563": "value-3"}
2025-08-13 16:46:39,221 INFO  [io.api.tes.ser.api.KafkaSerdesTester] (Thread-603) topic-b2127454_3d95_48e9_b3b7_a8b98d14a22d 0 4 {"key11755103593563": "value-4"}
2025-08-13 16:46:39,221 INFO  [io.api.tes.ser.api.KafkaSerdesTester] (Thread-603) topic-b2127454_3d95_48e9_b3b7_a8b98d14a22d 0 5 {"key11755103593563": "value-5"}
2025-08-13 16:46:39,221 INFO  [io.api.tes.ser.api.KafkaSerdesTester] (Thread-603) topic-b2127454_3d95_48e9_b3b7_a8b98d14a22d 0 6 {"key11755103593563": "value-6"}
2025-08-13 16:46:39,221 INFO  [io.api.tes.ser.api.KafkaSerdesTester] (Thread-603) topic-b2127454_3d95_48e9_b3b7_a8b98d14a22d 0 7 {"key11755103593563": "value-7"}
2025-08-13 16:46:39,221 INFO  [io.api.tes.ser.api.KafkaSerdesTester] (Thread-603) topic-b2127454_3d95_48e9_b3b7_a8b98d14a22d 0 8 {"key11755103593563": "value-8"}
2025-08-13 16:46:39,221 INFO  [io.api.tes.ser.api.KafkaSerdesTester] (Thread-603) topic-b2127454_3d95_48e9_b3b7_a8b98d14a22d 0 9 {"key11755103593563": "value-9"}
2025-08-13 16:46:39,221 INFO  [io.api.tes.ser.api.KafkaSerdesTester] (Thread-603) Consumed 10 messages
2025-08-13 16:46:39,260 INFO  [org.apa.kaf.cli.con.int.ConsumerRebalanceListenerInvoker] (Thread-603) [Consumer clientId=consumer-Consumer-topic-b2127454_3d95_48e9_b3b7_a8b98d14a22d-1, groupId=Consumer-topic-b2127454_3d95_48e9_b3b7_a8b98d14a22d] Revoke previously assigned partitions topic-b2127454_3d95_48e9_b3b7_a8b98d14a22d-0
2025-08-13 16:46:39,260 INFO  [org.apa.kaf.cli.con.int.ConsumerCoordinator] (Thread-603) [Consumer clientId=consumer-Consumer-topic-b2127454_3d95_48e9_b3b7_a8b98d14a22d-1, groupId=Consumer-topic-b2127454_3d95_48e9_b3b7_a8b98d14a22d] Member consumer-Consumer-topic-b2127454_3d95_48e9_b3b7_a8b98d14a22d-1-f3065f67-54fc-4967-99db-20e4957482d6 sending LeaveGroup request to coordinator localhost:32769 (id: 2147483647 rack: null) due to the consumer is being closed
2025-08-13 16:46:39,262 INFO  [org.apa.kaf.cli.con.int.ConsumerCoordinator] (Thread-603) [Consumer clientId=consumer-Consumer-topic-b2127454_3d95_48e9_b3b7_a8b98d14a22d-1, groupId=Consumer-topic-b2127454_3d95_48e9_b3b7_a8b98d14a22d] Resetting generation and member id due to: consumer pro-actively leaving the group
2025-08-13 16:46:39,262 INFO  [org.apa.kaf.cli.con.int.ConsumerCoordinator] (Thread-603) [Consumer clientId=consumer-Consumer-topic-b2127454_3d95_48e9_b3b7_a8b98d14a22d-1, groupId=Consumer-topic-b2127454_3d95_48e9_b3b7_a8b98d14a22d] Request joining group due to: consumer pro-actively leaving the group
2025-08-13 16:46:39,747 INFO  [org.apa.kaf.com.met.Metrics] (Thread-603) Metrics scheduler closed
2025-08-13 16:46:39,747 INFO  [org.apa.kaf.com.met.Metrics] (Thread-603) Closing reporter org.apache.kafka.common.metrics.JmxReporter
2025-08-13 16:46:39,747 INFO  [org.apa.kaf.com.met.Metrics] (Thread-603) Closing reporter org.apache.kafka.common.telemetry.internals.ClientTelemetryReporter
2025-08-13 16:46:39,747 INFO  [org.apa.kaf.com.met.Metrics] (Thread-603) Metrics reporters closed
2025-08-13 16:46:39,753 INFO  [org.apa.kaf.com.uti.AppInfoParser] (Thread-603) App info kafka.consumer for consumer-Consumer-topic-b2127454_3d95_48e9_b3b7_a8b98d14a22d-1 unregistered
2025-08-13 16:46:39,753 INFO  [io.api.tes.uti.TestSeparator] (main) io.apicurio.tests.serdes.apicurio.AvroSerdeIT.testGlobalIdInHeaders-FINISHED
2025-08-13 16:46:39,753 INFO  [io.api.tes.uti.TestSeparator] (main) ############################################################################
Test passed: testGlobalIdInHeaders
]]></system-out>
  </testcase>
  <testcase name="testSimpleTopicIdStrategyFindLatest" classname="io.apicurio.tests.serdes.apicurio.AvroSerdeIT" time="5.423">
    <system-out><![CDATA[2025-08-13 16:46:39,759 INFO  [io.api.tes.uti.TestSeparator] (main) ############################################################################
2025-08-13 16:46:39,759 INFO  [io.api.tes.uti.TestSeparator] (main) io.apicurio.tests.serdes.apicurio.AvroSerdeIT.testSimpleTopicIdStrategyFindLatest-STARTED
2025-08-13 16:46:39,762 INFO  [io.api.tes.ser.api.AvroSerdeIT] (main) Registering Avro Schema: {"type":"record","name":"myrecordapicurio1","fields":[{"name":"key11755103599761","type":"string"}]}
**** Registry Base URL: http://registry-app-ksql043.apps.ci419.apicurio-testing.org:80
2025-08-13 16:46:40,972 INFO  [org.apa.kaf.cli.pro.ProducerConfig] (main) ProducerConfig values: 
	acks = -1
	auto.include.jmx.reporter = true
	batch.size = 16384
	bootstrap.servers = [PLAINTEXT://localhost:32769]
	buffer.memory = 33554432
	client.dns.lookup = use_all_dns_ips
	client.id = Producer-topic-4775f89d_3a2d_40a7_9b4c_eae1a1e3e40d
	compression.gzip.level = -1
	compression.lz4.level = 9
	compression.type = none
	compression.zstd.level = 3
	connections.max.idle.ms = 10000
	delivery.timeout.ms = 120000
	enable.idempotence = true
	enable.metrics.push = true
	interceptor.classes = []
	key.serializer = class org.apache.kafka.common.serialization.StringSerializer
	linger.ms = 0
	max.block.ms = 60000
	max.in.flight.requests.per.connection = 5
	max.request.size = 1048576
	metadata.max.age.ms = 300000
	metadata.max.idle.ms = 300000
	metadata.recovery.strategy = none
	metric.reporters = []
	metrics.num.samples = 2
	metrics.recording.level = INFO
	metrics.sample.window.ms = 30000
	partitioner.adaptive.partitioning.enable = true
	partitioner.availability.timeout.ms = 0
	partitioner.class = null
	partitioner.ignore.keys = false
	receive.buffer.bytes = 32768
	reconnect.backoff.max.ms = 1000
	reconnect.backoff.ms = 50
	request.timeout.ms = 5000
	retries = 2147483647
	retry.backoff.max.ms = 1000
	retry.backoff.ms = 100
	sasl.client.callback.handler.class = null
	sasl.jaas.config = null
	sasl.kerberos.kinit.cmd = /usr/bin/kinit
	sasl.kerberos.min.time.before.relogin = 60000
	sasl.kerberos.service.name = null
	sasl.kerberos.ticket.renew.jitter = 0.05
	sasl.kerberos.ticket.renew.window.factor = 0.8
	sasl.login.callback.handler.class = null
	sasl.login.class = null
	sasl.login.connect.timeout.ms = null
	sasl.login.read.timeout.ms = null
	sasl.login.refresh.buffer.seconds = 300
	sasl.login.refresh.min.period.seconds = 60
	sasl.login.refresh.window.factor = 0.8
	sasl.login.refresh.window.jitter = 0.05
	sasl.login.retry.backoff.max.ms = 10000
	sasl.login.retry.backoff.ms = 100
	sasl.mechanism = GSSAPI
	sasl.oauthbearer.clock.skew.seconds = 30
	sasl.oauthbearer.expected.audience = null
	sasl.oauthbearer.expected.issuer = null
	sasl.oauthbearer.header.urlencode = false
	sasl.oauthbearer.jwks.endpoint.refresh.ms = 3600000
	sasl.oauthbearer.jwks.endpoint.retry.backoff.max.ms = 10000
	sasl.oauthbearer.jwks.endpoint.retry.backoff.ms = 100
	sasl.oauthbearer.jwks.endpoint.url = null
	sasl.oauthbearer.scope.claim.name = scope
	sasl.oauthbearer.sub.claim.name = sub
	sasl.oauthbearer.token.endpoint.url = null
	security.protocol = PLAINTEXT
	security.providers = null
	send.buffer.bytes = 131072
	socket.connection.setup.timeout.max.ms = 30000
	socket.connection.setup.timeout.ms = 10000
	ssl.cipher.suites = null
	ssl.enabled.protocols = [TLSv1.2, TLSv1.3]
	ssl.endpoint.identification.algorithm = https
	ssl.engine.factory.class = null
	ssl.key.password = null
	ssl.keymanager.algorithm = SunX509
	ssl.keystore.certificate.chain = null
	ssl.keystore.key = null
	ssl.keystore.location = null
	ssl.keystore.password = null
	ssl.keystore.type = JKS
	ssl.protocol = TLSv1.3
	ssl.provider = null
	ssl.secure.random.implementation = null
	ssl.trustmanager.algorithm = PKIX
	ssl.truststore.certificates = null
	ssl.truststore.location = null
	ssl.truststore.password = null
	ssl.truststore.type = JKS
	transaction.timeout.ms = 60000
	transactional.id = null
	value.serializer = class io.apicurio.registry.serde.avro.AvroKafkaSerializer

2025-08-13 16:46:40,974 INFO  [org.apa.kaf.com.tel.int.KafkaMetricsCollector] (main) initializing Kafka metrics collector
2025-08-13 16:46:40,977 INFO  [org.apa.kaf.cli.pro.KafkaProducer] (main) [Producer clientId=Producer-topic-4775f89d_3a2d_40a7_9b4c_eae1a1e3e40d] Instantiated an idempotent producer.
2025-08-13 16:46:40,982 INFO  [org.apa.kaf.cli.pro.ProducerConfig] (main) These configurations '[apicurio.registry.find-latest, apicurio.registry.artifact.group-id, apicurio.registry.url, apicurio.registry.artifact-resolver-strategy]' were supplied but are not used yet.
2025-08-13 16:46:40,982 INFO  [org.apa.kaf.com.uti.AppInfoParser] (main) Kafka version: 3.9.1
2025-08-13 16:46:40,984 INFO  [org.apa.kaf.com.uti.AppInfoParser] (main) Kafka commitId: f745dfdcee2b9851
2025-08-13 16:46:40,984 INFO  [org.apa.kaf.com.uti.AppInfoParser] (main) Kafka startTimeMs: 1755103600982
2025-08-13 16:46:40,984 INFO  [io.api.tes.ser.api.SimpleSerdesTesterBuilder$SimpleSerdesTester] (main) Using producer configuration: {apicurio.registry.find-latest=true, apicurio.registry.artifact.group-id=topic-4775f89d_3a2d_40a7_9b4c_eae1a1e3e40d, apicurio.registry.url=http://registry-app-ksql043.apps.ci419.apicurio-testing.org:80/apis/registry/v3, apicurio.registry.artifact-resolver-strategy=io.apicurio.registry.serde.strategy.SimpleTopicIdStrategy, value.serializer=io.apicurio.registry.serde.avro.AvroKafkaSerializer, request.timeout.ms=5000, acks=all, bootstrap.servers=PLAINTEXT://localhost:32769, connections.max.idle.ms=10000, key.serializer=org.apache.kafka.common.serialization.StringSerializer, client.id=Producer-topic-4775f89d_3a2d_40a7_9b4c_eae1a1e3e40d}
2025-08-13 16:46:40,984 INFO  [io.api.tes.ser.api.SimpleSerdesTesterBuilder$SimpleSerdesTester] (main) Using consumer configuration: {}
2025-08-13 16:46:40,986 INFO  [io.api.tes.ser.api.KafkaSerdesTester] (Thread-606) Sending message {"key11755103599761": "value-0"} to topic topic-4775f89d_3a2d_40a7_9b4c_eae1a1e3e40d
2025-08-13 16:46:40,992 INFO  [org.apa.kaf.cli.Metadata] (kafka-producer-network-thread | Producer-topic-4775f89d_3a2d_40a7_9b4c_eae1a1e3e40d) [Producer clientId=Producer-topic-4775f89d_3a2d_40a7_9b4c_eae1a1e3e40d] Cluster ID: 2Q56eJUuTz2w_13NlVd4Hw
2025-08-13 16:46:40,995 INFO  [org.apa.kaf.cli.pro.int.TransactionManager] (kafka-producer-network-thread | Producer-topic-4775f89d_3a2d_40a7_9b4c_eae1a1e3e40d) [Producer clientId=Producer-topic-4775f89d_3a2d_40a7_9b4c_eae1a1e3e40d] ProducerId set to 1 with epoch 0
2025-08-13 16:46:41,317 INFO  [io.api.tes.ser.api.KafkaSerdesTester] (Thread-606) Sending message {"key11755103599761": "value-1"} to topic topic-4775f89d_3a2d_40a7_9b4c_eae1a1e3e40d
2025-08-13 16:46:41,322 INFO  [io.api.tes.ser.api.KafkaSerdesTester] (Thread-606) Sending message {"key11755103599761": "value-2"} to topic topic-4775f89d_3a2d_40a7_9b4c_eae1a1e3e40d
2025-08-13 16:46:41,326 INFO  [io.api.tes.ser.api.KafkaSerdesTester] (Thread-606) Sending message {"key11755103599761": "value-3"} to topic topic-4775f89d_3a2d_40a7_9b4c_eae1a1e3e40d
2025-08-13 16:46:41,330 INFO  [io.api.tes.ser.api.KafkaSerdesTester] (Thread-606) Sending message {"key11755103599761": "value-4"} to topic topic-4775f89d_3a2d_40a7_9b4c_eae1a1e3e40d
2025-08-13 16:46:41,333 INFO  [io.api.tes.ser.api.KafkaSerdesTester] (Thread-606) Sending message {"key11755103599761": "value-5"} to topic topic-4775f89d_3a2d_40a7_9b4c_eae1a1e3e40d
2025-08-13 16:46:41,337 INFO  [io.api.tes.ser.api.KafkaSerdesTester] (Thread-606) Sending message {"key11755103599761": "value-6"} to topic topic-4775f89d_3a2d_40a7_9b4c_eae1a1e3e40d
2025-08-13 16:46:41,340 INFO  [io.api.tes.ser.api.KafkaSerdesTester] (Thread-606) Sending message {"key11755103599761": "value-7"} to topic topic-4775f89d_3a2d_40a7_9b4c_eae1a1e3e40d
2025-08-13 16:46:41,343 INFO  [io.api.tes.ser.api.KafkaSerdesTester] (Thread-606) Sending message {"key11755103599761": "value-8"} to topic topic-4775f89d_3a2d_40a7_9b4c_eae1a1e3e40d
2025-08-13 16:46:41,345 INFO  [io.api.tes.ser.api.KafkaSerdesTester] (Thread-606) Sending message {"key11755103599761": "value-9"} to topic topic-4775f89d_3a2d_40a7_9b4c_eae1a1e3e40d
2025-08-13 16:46:41,347 INFO  [io.api.tes.ser.api.KafkaSerdesTester] (Thread-606) Produced 10 messages
2025-08-13 16:46:41,347 INFO  [org.apa.kaf.cli.pro.KafkaProducer] (Thread-606) [Producer clientId=Producer-topic-4775f89d_3a2d_40a7_9b4c_eae1a1e3e40d] Closing the Kafka producer with timeoutMillis = 9223372036854775807 ms.
2025-08-13 16:46:41,355 INFO  [org.apa.kaf.com.met.Metrics] (Thread-606) Metrics scheduler closed
2025-08-13 16:46:41,355 INFO  [org.apa.kaf.com.met.Metrics] (Thread-606) Closing reporter org.apache.kafka.common.metrics.JmxReporter
2025-08-13 16:46:41,355 INFO  [org.apa.kaf.com.met.Metrics] (Thread-606) Closing reporter org.apache.kafka.common.telemetry.internals.ClientTelemetryReporter
2025-08-13 16:46:41,356 INFO  [org.apa.kaf.com.met.Metrics] (Thread-606) Metrics reporters closed
2025-08-13 16:46:41,356 INFO  [org.apa.kaf.com.uti.AppInfoParser] (Thread-606) App info kafka.producer for Producer-topic-4775f89d_3a2d_40a7_9b4c_eae1a1e3e40d unregistered
**** Registry Base URL: http://registry-app-ksql043.apps.ci419.apicurio-testing.org:80
2025-08-13 16:46:41,357 INFO  [org.apa.kaf.cli.con.ConsumerConfig] (main) ConsumerConfig values: 
	allow.auto.create.topics = true
	auto.commit.interval.ms = 500
	auto.include.jmx.reporter = true
	auto.offset.reset = earliest
	bootstrap.servers = [PLAINTEXT://localhost:32769]
	check.crcs = true
	client.dns.lookup = use_all_dns_ips
	client.id = consumer-Consumer-topic-4775f89d_3a2d_40a7_9b4c_eae1a1e3e40d-2
	client.rack = 
	connections.max.idle.ms = 10000
	default.api.timeout.ms = 60000
	enable.auto.commit = true
	enable.metrics.push = true
	exclude.internal.topics = true
	fetch.max.bytes = 52428800
	fetch.max.wait.ms = 500
	fetch.min.bytes = 1
	group.id = Consumer-topic-4775f89d_3a2d_40a7_9b4c_eae1a1e3e40d
	group.instance.id = null
	group.protocol = classic
	group.remote.assignor = null
	heartbeat.interval.ms = 3000
	interceptor.classes = []
	internal.leave.group.on.close = true
	internal.throw.on.fetch.stable.offset.unsupported = false
	isolation.level = read_uncommitted
	key.deserializer = class org.apache.kafka.common.serialization.StringDeserializer
	max.partition.fetch.bytes = 1048576
	max.poll.interval.ms = 300000
	max.poll.records = 500
	metadata.max.age.ms = 300000
	metadata.recovery.strategy = none
	metric.reporters = []
	metrics.num.samples = 2
	metrics.recording.level = INFO
	metrics.sample.window.ms = 30000
	partition.assignment.strategy = [class org.apache.kafka.clients.consumer.RangeAssignor, class org.apache.kafka.clients.consumer.CooperativeStickyAssignor]
	receive.buffer.bytes = 65536
	reconnect.backoff.max.ms = 1000
	reconnect.backoff.ms = 50
	request.timeout.ms = 5000
	retry.backoff.max.ms = 1000
	retry.backoff.ms = 100
	sasl.client.callback.handler.class = null
	sasl.jaas.config = null
	sasl.kerberos.kinit.cmd = /usr/bin/kinit
	sasl.kerberos.min.time.before.relogin = 60000
	sasl.kerberos.service.name = null
	sasl.kerberos.ticket.renew.jitter = 0.05
	sasl.kerberos.ticket.renew.window.factor = 0.8
	sasl.login.callback.handler.class = null
	sasl.login.class = null
	sasl.login.connect.timeout.ms = null
	sasl.login.read.timeout.ms = null
	sasl.login.refresh.buffer.seconds = 300
	sasl.login.refresh.min.period.seconds = 60
	sasl.login.refresh.window.factor = 0.8
	sasl.login.refresh.window.jitter = 0.05
	sasl.login.retry.backoff.max.ms = 10000
	sasl.login.retry.backoff.ms = 100
	sasl.mechanism = GSSAPI
	sasl.oauthbearer.clock.skew.seconds = 30
	sasl.oauthbearer.expected.audience = null
	sasl.oauthbearer.expected.issuer = null
	sasl.oauthbearer.header.urlencode = false
	sasl.oauthbearer.jwks.endpoint.refresh.ms = 3600000
	sasl.oauthbearer.jwks.endpoint.retry.backoff.max.ms = 10000
	sasl.oauthbearer.jwks.endpoint.retry.backoff.ms = 100
	sasl.oauthbearer.jwks.endpoint.url = null
	sasl.oauthbearer.scope.claim.name = scope
	sasl.oauthbearer.sub.claim.name = sub
	sasl.oauthbearer.token.endpoint.url = null
	security.protocol = PLAINTEXT
	security.providers = null
	send.buffer.bytes = 131072
	session.timeout.ms = 45000
	socket.connection.setup.timeout.max.ms = 30000
	socket.connection.setup.timeout.ms = 10000
	ssl.cipher.suites = null
	ssl.enabled.protocols = [TLSv1.2, TLSv1.3]
	ssl.endpoint.identification.algorithm = https
	ssl.engine.factory.class = null
	ssl.key.password = null
	ssl.keymanager.algorithm = SunX509
	ssl.keystore.certificate.chain = null
	ssl.keystore.key = null
	ssl.keystore.location = null
	ssl.keystore.password = null
	ssl.keystore.type = JKS
	ssl.protocol = TLSv1.3
	ssl.provider = null
	ssl.secure.random.implementation = null
	ssl.trustmanager.algorithm = PKIX
	ssl.truststore.certificates = null
	ssl.truststore.location = null
	ssl.truststore.password = null
	ssl.truststore.type = JKS
	value.deserializer = class io.apicurio.registry.serde.avro.AvroKafkaDeserializer

2025-08-13 16:46:41,358 INFO  [org.apa.kaf.com.tel.int.KafkaMetricsCollector] (main) initializing Kafka metrics collector
2025-08-13 16:46:41,377 INFO  [org.apa.kaf.cli.con.ConsumerConfig] (main) These configurations '[apicurio.registry.url]' were supplied but are not used yet.
2025-08-13 16:46:41,378 INFO  [org.apa.kaf.com.uti.AppInfoParser] (main) Kafka version: 3.9.1
2025-08-13 16:46:41,378 INFO  [org.apa.kaf.com.uti.AppInfoParser] (main) Kafka commitId: f745dfdcee2b9851
2025-08-13 16:46:41,378 INFO  [org.apa.kaf.com.uti.AppInfoParser] (main) Kafka startTimeMs: 1755103601378
2025-08-13 16:46:41,378 INFO  [org.apa.kaf.cli.con.int.ClassicKafkaConsumer] (Thread-609) [Consumer clientId=consumer-Consumer-topic-4775f89d_3a2d_40a7_9b4c_eae1a1e3e40d-2, groupId=Consumer-topic-4775f89d_3a2d_40a7_9b4c_eae1a1e3e40d] Subscribed to topic(s): topic-4775f89d_3a2d_40a7_9b4c_eae1a1e3e40d
2025-08-13 16:46:41,385 INFO  [org.apa.kaf.cli.Metadata] (Thread-609) [Consumer clientId=consumer-Consumer-topic-4775f89d_3a2d_40a7_9b4c_eae1a1e3e40d-2, groupId=Consumer-topic-4775f89d_3a2d_40a7_9b4c_eae1a1e3e40d] Cluster ID: 2Q56eJUuTz2w_13NlVd4Hw
2025-08-13 16:46:41,387 INFO  [org.apa.kaf.cli.con.int.ConsumerCoordinator] (Thread-609) [Consumer clientId=consumer-Consumer-topic-4775f89d_3a2d_40a7_9b4c_eae1a1e3e40d-2, groupId=Consumer-topic-4775f89d_3a2d_40a7_9b4c_eae1a1e3e40d] Discovered group coordinator localhost:32769 (id: 2147483647 rack: null)
2025-08-13 16:46:41,391 INFO  [org.apa.kaf.cli.con.int.ConsumerCoordinator] (Thread-609) [Consumer clientId=consumer-Consumer-topic-4775f89d_3a2d_40a7_9b4c_eae1a1e3e40d-2, groupId=Consumer-topic-4775f89d_3a2d_40a7_9b4c_eae1a1e3e40d] (Re-)joining group
2025-08-13 16:46:41,396 INFO  [org.apa.kaf.cli.con.int.ConsumerCoordinator] (Thread-609) [Consumer clientId=consumer-Consumer-topic-4775f89d_3a2d_40a7_9b4c_eae1a1e3e40d-2, groupId=Consumer-topic-4775f89d_3a2d_40a7_9b4c_eae1a1e3e40d] Request joining group due to: need to re-join with the given member-id: consumer-Consumer-topic-4775f89d_3a2d_40a7_9b4c_eae1a1e3e40d-2-c0ba10e1-6b4e-44d1-904d-701765c49503
2025-08-13 16:46:41,396 INFO  [org.apa.kaf.cli.con.int.ConsumerCoordinator] (Thread-609) [Consumer clientId=consumer-Consumer-topic-4775f89d_3a2d_40a7_9b4c_eae1a1e3e40d-2, groupId=Consumer-topic-4775f89d_3a2d_40a7_9b4c_eae1a1e3e40d] (Re-)joining group
2025-08-13 16:46:42,378 INFO  [io.api.tes.ser.api.KafkaSerdesTester] (Thread-609) None found
2025-08-13 16:46:43,379 INFO  [io.api.tes.ser.api.KafkaSerdesTester] (Thread-609) None found
2025-08-13 16:46:44,379 INFO  [io.api.tes.ser.api.KafkaSerdesTester] (Thread-609) None found
2025-08-13 16:46:44,400 INFO  [org.apa.kaf.cli.con.int.ConsumerCoordinator] (Thread-609) [Consumer clientId=consumer-Consumer-topic-4775f89d_3a2d_40a7_9b4c_eae1a1e3e40d-2, groupId=Consumer-topic-4775f89d_3a2d_40a7_9b4c_eae1a1e3e40d] Successfully joined group with generation Generation{generationId=1, memberId='consumer-Consumer-topic-4775f89d_3a2d_40a7_9b4c_eae1a1e3e40d-2-c0ba10e1-6b4e-44d1-904d-701765c49503', protocol='range'}
2025-08-13 16:46:44,400 INFO  [org.apa.kaf.cli.con.int.ConsumerCoordinator] (Thread-609) [Consumer clientId=consumer-Consumer-topic-4775f89d_3a2d_40a7_9b4c_eae1a1e3e40d-2, groupId=Consumer-topic-4775f89d_3a2d_40a7_9b4c_eae1a1e3e40d] Finished assignment for group at generation 1: {consumer-Consumer-topic-4775f89d_3a2d_40a7_9b4c_eae1a1e3e40d-2-c0ba10e1-6b4e-44d1-904d-701765c49503=Assignment(partitions=[topic-4775f89d_3a2d_40a7_9b4c_eae1a1e3e40d-0])}
2025-08-13 16:46:44,409 INFO  [org.apa.kaf.cli.con.int.ConsumerCoordinator] (Thread-609) [Consumer clientId=consumer-Consumer-topic-4775f89d_3a2d_40a7_9b4c_eae1a1e3e40d-2, groupId=Consumer-topic-4775f89d_3a2d_40a7_9b4c_eae1a1e3e40d] Successfully synced group in generation Generation{generationId=1, memberId='consumer-Consumer-topic-4775f89d_3a2d_40a7_9b4c_eae1a1e3e40d-2-c0ba10e1-6b4e-44d1-904d-701765c49503', protocol='range'}
2025-08-13 16:46:44,409 INFO  [org.apa.kaf.cli.con.int.ConsumerCoordinator] (Thread-609) [Consumer clientId=consumer-Consumer-topic-4775f89d_3a2d_40a7_9b4c_eae1a1e3e40d-2, groupId=Consumer-topic-4775f89d_3a2d_40a7_9b4c_eae1a1e3e40d] Notifying assignor about the new Assignment(partitions=[topic-4775f89d_3a2d_40a7_9b4c_eae1a1e3e40d-0])
2025-08-13 16:46:44,409 INFO  [org.apa.kaf.cli.con.int.ConsumerRebalanceListenerInvoker] (Thread-609) [Consumer clientId=consumer-Consumer-topic-4775f89d_3a2d_40a7_9b4c_eae1a1e3e40d-2, groupId=Consumer-topic-4775f89d_3a2d_40a7_9b4c_eae1a1e3e40d] Adding newly assigned partitions: topic-4775f89d_3a2d_40a7_9b4c_eae1a1e3e40d-0
2025-08-13 16:46:44,412 INFO  [org.apa.kaf.cli.con.int.ConsumerCoordinator] (Thread-609) [Consumer clientId=consumer-Consumer-topic-4775f89d_3a2d_40a7_9b4c_eae1a1e3e40d-2, groupId=Consumer-topic-4775f89d_3a2d_40a7_9b4c_eae1a1e3e40d] Found no committed offset for partition topic-4775f89d_3a2d_40a7_9b4c_eae1a1e3e40d-0
2025-08-13 16:46:44,419 INFO  [org.apa.kaf.cli.con.int.SubscriptionState] (Thread-609) [Consumer clientId=consumer-Consumer-topic-4775f89d_3a2d_40a7_9b4c_eae1a1e3e40d-2, groupId=Consumer-topic-4775f89d_3a2d_40a7_9b4c_eae1a1e3e40d] Resetting offset for partition topic-4775f89d_3a2d_40a7_9b4c_eae1a1e3e40d-0 to position FetchPosition{offset=0, offsetEpoch=Optional.empty, currentLeader=LeaderAndEpoch{leader=Optional[localhost:32769 (id: 0 rack: null)], epoch=0}}.
2025-08-13 16:46:44,664 INFO  [io.api.tes.ser.api.KafkaSerdesTester] (Thread-609) topic-4775f89d_3a2d_40a7_9b4c_eae1a1e3e40d 0 0 {"key11755103599761": "value-0"}
2025-08-13 16:46:44,664 INFO  [io.api.tes.ser.api.KafkaSerdesTester] (Thread-609) topic-4775f89d_3a2d_40a7_9b4c_eae1a1e3e40d 0 1 {"key11755103599761": "value-1"}
2025-08-13 16:46:44,664 INFO  [io.api.tes.ser.api.KafkaSerdesTester] (Thread-609) topic-4775f89d_3a2d_40a7_9b4c_eae1a1e3e40d 0 2 {"key11755103599761": "value-2"}
2025-08-13 16:46:44,665 INFO  [io.api.tes.ser.api.KafkaSerdesTester] (Thread-609) topic-4775f89d_3a2d_40a7_9b4c_eae1a1e3e40d 0 3 {"key11755103599761": "value-3"}
2025-08-13 16:46:44,665 INFO  [io.api.tes.ser.api.KafkaSerdesTester] (Thread-609) topic-4775f89d_3a2d_40a7_9b4c_eae1a1e3e40d 0 4 {"key11755103599761": "value-4"}
2025-08-13 16:46:44,665 INFO  [io.api.tes.ser.api.KafkaSerdesTester] (Thread-609) topic-4775f89d_3a2d_40a7_9b4c_eae1a1e3e40d 0 5 {"key11755103599761": "value-5"}
2025-08-13 16:46:44,665 INFO  [io.api.tes.ser.api.KafkaSerdesTester] (Thread-609) topic-4775f89d_3a2d_40a7_9b4c_eae1a1e3e40d 0 6 {"key11755103599761": "value-6"}
2025-08-13 16:46:44,665 INFO  [io.api.tes.ser.api.KafkaSerdesTester] (Thread-609) topic-4775f89d_3a2d_40a7_9b4c_eae1a1e3e40d 0 7 {"key11755103599761": "value-7"}
2025-08-13 16:46:44,665 INFO  [io.api.tes.ser.api.KafkaSerdesTester] (Thread-609) topic-4775f89d_3a2d_40a7_9b4c_eae1a1e3e40d 0 8 {"key11755103599761": "value-8"}
2025-08-13 16:46:44,665 INFO  [io.api.tes.ser.api.KafkaSerdesTester] (Thread-609) topic-4775f89d_3a2d_40a7_9b4c_eae1a1e3e40d 0 9 {"key11755103599761": "value-9"}
2025-08-13 16:46:44,665 INFO  [io.api.tes.ser.api.KafkaSerdesTester] (Thread-609) Consumed 10 messages
2025-08-13 16:46:44,676 INFO  [org.apa.kaf.cli.con.int.ConsumerRebalanceListenerInvoker] (Thread-609) [Consumer clientId=consumer-Consumer-topic-4775f89d_3a2d_40a7_9b4c_eae1a1e3e40d-2, groupId=Consumer-topic-4775f89d_3a2d_40a7_9b4c_eae1a1e3e40d] Revoke previously assigned partitions topic-4775f89d_3a2d_40a7_9b4c_eae1a1e3e40d-0
2025-08-13 16:46:44,676 INFO  [org.apa.kaf.cli.con.int.ConsumerCoordinator] (Thread-609) [Consumer clientId=consumer-Consumer-topic-4775f89d_3a2d_40a7_9b4c_eae1a1e3e40d-2, groupId=Consumer-topic-4775f89d_3a2d_40a7_9b4c_eae1a1e3e40d] Member consumer-Consumer-topic-4775f89d_3a2d_40a7_9b4c_eae1a1e3e40d-2-c0ba10e1-6b4e-44d1-904d-701765c49503 sending LeaveGroup request to coordinator localhost:32769 (id: 2147483647 rack: null) due to the consumer is being closed
2025-08-13 16:46:44,677 INFO  [org.apa.kaf.cli.con.int.ConsumerCoordinator] (Thread-609) [Consumer clientId=consumer-Consumer-topic-4775f89d_3a2d_40a7_9b4c_eae1a1e3e40d-2, groupId=Consumer-topic-4775f89d_3a2d_40a7_9b4c_eae1a1e3e40d] Resetting generation and member id due to: consumer pro-actively leaving the group
2025-08-13 16:46:44,677 INFO  [org.apa.kaf.cli.con.int.ConsumerCoordinator] (Thread-609) [Consumer clientId=consumer-Consumer-topic-4775f89d_3a2d_40a7_9b4c_eae1a1e3e40d-2, groupId=Consumer-topic-4775f89d_3a2d_40a7_9b4c_eae1a1e3e40d] Request joining group due to: consumer pro-actively leaving the group
2025-08-13 16:46:45,170 INFO  [org.apa.kaf.com.met.Metrics] (Thread-609) Metrics scheduler closed
2025-08-13 16:46:45,170 INFO  [org.apa.kaf.com.met.Metrics] (Thread-609) Closing reporter org.apache.kafka.common.metrics.JmxReporter
2025-08-13 16:46:45,170 INFO  [org.apa.kaf.com.met.Metrics] (Thread-609) Closing reporter org.apache.kafka.common.telemetry.internals.ClientTelemetryReporter
2025-08-13 16:46:45,170 INFO  [org.apa.kaf.com.met.Metrics] (Thread-609) Metrics reporters closed
2025-08-13 16:46:45,176 INFO  [org.apa.kaf.com.uti.AppInfoParser] (Thread-609) App info kafka.consumer for consumer-Consumer-topic-4775f89d_3a2d_40a7_9b4c_eae1a1e3e40d-2 unregistered
2025-08-13 16:46:45,177 INFO  [io.api.tes.uti.TestSeparator] (main) io.apicurio.tests.serdes.apicurio.AvroSerdeIT.testSimpleTopicIdStrategyFindLatest-FINISHED
2025-08-13 16:46:45,177 INFO  [io.api.tes.uti.TestSeparator] (main) ############################################################################
Test passed: testSimpleTopicIdStrategyFindLatest
]]></system-out>
  </testcase>
  <testcase name="testWrongSchema" classname="io.apicurio.tests.serdes.apicurio.AvroSerdeIT" time="1.411">
    <system-out><![CDATA[2025-08-13 16:46:45,180 INFO  [io.api.tes.uti.TestSeparator] (main) ############################################################################
2025-08-13 16:46:45,180 INFO  [io.api.tes.uti.TestSeparator] (main) io.apicurio.tests.serdes.apicurio.AvroSerdeIT.testWrongSchema-STARTED
**** Registry Base URL: http://registry-app-ksql043.apps.ci419.apicurio-testing.org:80
2025-08-13 16:46:46,399 INFO  [org.apa.kaf.cli.pro.ProducerConfig] (main) ProducerConfig values: 
	acks = -1
	auto.include.jmx.reporter = true
	batch.size = 16384
	bootstrap.servers = [PLAINTEXT://localhost:32769]
	buffer.memory = 33554432
	client.dns.lookup = use_all_dns_ips
	client.id = Producer-s4052cbb2xa9bfx4a63xa41ex7af8408144bc
	compression.gzip.level = -1
	compression.lz4.level = 9
	compression.type = none
	compression.zstd.level = 3
	connections.max.idle.ms = 10000
	delivery.timeout.ms = 120000
	enable.idempotence = true
	enable.metrics.push = true
	interceptor.classes = []
	key.serializer = class org.apache.kafka.common.serialization.StringSerializer
	linger.ms = 0
	max.block.ms = 60000
	max.in.flight.requests.per.connection = 5
	max.request.size = 1048576
	metadata.max.age.ms = 300000
	metadata.max.idle.ms = 300000
	metadata.recovery.strategy = none
	metric.reporters = []
	metrics.num.samples = 2
	metrics.recording.level = INFO
	metrics.sample.window.ms = 30000
	partitioner.adaptive.partitioning.enable = true
	partitioner.availability.timeout.ms = 0
	partitioner.class = null
	partitioner.ignore.keys = false
	receive.buffer.bytes = 32768
	reconnect.backoff.max.ms = 1000
	reconnect.backoff.ms = 50
	request.timeout.ms = 5000
	retries = 2147483647
	retry.backoff.max.ms = 1000
	retry.backoff.ms = 100
	sasl.client.callback.handler.class = null
	sasl.jaas.config = null
	sasl.kerberos.kinit.cmd = /usr/bin/kinit
	sasl.kerberos.min.time.before.relogin = 60000
	sasl.kerberos.service.name = null
	sasl.kerberos.ticket.renew.jitter = 0.05
	sasl.kerberos.ticket.renew.window.factor = 0.8
	sasl.login.callback.handler.class = null
	sasl.login.class = null
	sasl.login.connect.timeout.ms = null
	sasl.login.read.timeout.ms = null
	sasl.login.refresh.buffer.seconds = 300
	sasl.login.refresh.min.period.seconds = 60
	sasl.login.refresh.window.factor = 0.8
	sasl.login.refresh.window.jitter = 0.05
	sasl.login.retry.backoff.max.ms = 10000
	sasl.login.retry.backoff.ms = 100
	sasl.mechanism = GSSAPI
	sasl.oauthbearer.clock.skew.seconds = 30
	sasl.oauthbearer.expected.audience = null
	sasl.oauthbearer.expected.issuer = null
	sasl.oauthbearer.header.urlencode = false
	sasl.oauthbearer.jwks.endpoint.refresh.ms = 3600000
	sasl.oauthbearer.jwks.endpoint.retry.backoff.max.ms = 10000
	sasl.oauthbearer.jwks.endpoint.retry.backoff.ms = 100
	sasl.oauthbearer.jwks.endpoint.url = null
	sasl.oauthbearer.scope.claim.name = scope
	sasl.oauthbearer.sub.claim.name = sub
	sasl.oauthbearer.token.endpoint.url = null
	security.protocol = PLAINTEXT
	security.providers = null
	send.buffer.bytes = 131072
	socket.connection.setup.timeout.max.ms = 30000
	socket.connection.setup.timeout.ms = 10000
	ssl.cipher.suites = null
	ssl.enabled.protocols = [TLSv1.2, TLSv1.3]
	ssl.endpoint.identification.algorithm = https
	ssl.engine.factory.class = null
	ssl.key.password = null
	ssl.keymanager.algorithm = SunX509
	ssl.keystore.certificate.chain = null
	ssl.keystore.key = null
	ssl.keystore.location = null
	ssl.keystore.password = null
	ssl.keystore.type = JKS
	ssl.protocol = TLSv1.3
	ssl.provider = null
	ssl.secure.random.implementation = null
	ssl.trustmanager.algorithm = PKIX
	ssl.truststore.certificates = null
	ssl.truststore.location = null
	ssl.truststore.password = null
	ssl.truststore.type = JKS
	transaction.timeout.ms = 60000
	transactional.id = null
	value.serializer = class io.apicurio.registry.serde.avro.AvroKafkaSerializer

2025-08-13 16:46:46,399 INFO  [org.apa.kaf.com.tel.int.KafkaMetricsCollector] (main) initializing Kafka metrics collector
2025-08-13 16:46:46,403 INFO  [org.apa.kaf.cli.pro.KafkaProducer] (main) [Producer clientId=Producer-s4052cbb2xa9bfx4a63xa41ex7af8408144bc] Instantiated an idempotent producer.
2025-08-13 16:46:46,406 INFO  [org.apa.kaf.cli.pro.ProducerConfig] (main) These configurations '[apicurio.registry.find-latest, apicurio.registry.url, apicurio.registry.artifact-resolver-strategy]' were supplied but are not used yet.
2025-08-13 16:46:46,406 INFO  [org.apa.kaf.com.uti.AppInfoParser] (main) Kafka version: 3.9.1
2025-08-13 16:46:46,407 INFO  [org.apa.kaf.com.uti.AppInfoParser] (main) Kafka commitId: f745dfdcee2b9851
2025-08-13 16:46:46,407 INFO  [org.apa.kaf.com.uti.AppInfoParser] (main) Kafka startTimeMs: 1755103606406
2025-08-13 16:46:46,411 INFO  [io.api.tes.ser.api.KafkaSerdesTester] (Thread-612) Sending message {"keyB": "value-0"} to topic s4052cbb2xa9bfx4a63xa41ex7af8408144bc
2025-08-13 16:46:46,414 INFO  [org.apa.kaf.cli.Metadata] (kafka-producer-network-thread | Producer-s4052cbb2xa9bfx4a63xa41ex7af8408144bc) [Producer clientId=Producer-s4052cbb2xa9bfx4a63xa41ex7af8408144bc] Cluster ID: 2Q56eJUuTz2w_13NlVd4Hw
2025-08-13 16:46:46,418 INFO  [org.apa.kaf.cli.pro.int.TransactionManager] (kafka-producer-network-thread | Producer-s4052cbb2xa9bfx4a63xa41ex7af8408144bc) [Producer clientId=Producer-s4052cbb2xa9bfx4a63xa41ex7af8408144bc] ProducerId set to 2 with epoch 0
2025-08-13 16:46:46,586 INFO  [org.apa.kaf.cli.pro.KafkaProducer] (Thread-612) [Producer clientId=Producer-s4052cbb2xa9bfx4a63xa41ex7af8408144bc] Closing the Kafka producer with timeoutMillis = 9223372036854775807 ms.
2025-08-13 16:46:46,589 INFO  [org.apa.kaf.com.met.Metrics] (Thread-612) Metrics scheduler closed
2025-08-13 16:46:46,589 INFO  [org.apa.kaf.com.met.Metrics] (Thread-612) Closing reporter org.apache.kafka.common.metrics.JmxReporter
2025-08-13 16:46:46,589 INFO  [org.apa.kaf.com.met.Metrics] (Thread-612) Closing reporter org.apache.kafka.common.telemetry.internals.ClientTelemetryReporter
2025-08-13 16:46:46,589 INFO  [org.apa.kaf.com.met.Metrics] (Thread-612) Metrics reporters closed
2025-08-13 16:46:46,589 INFO  [org.apa.kaf.com.uti.AppInfoParser] (Thread-612) App info kafka.producer for Producer-s4052cbb2xa9bfx4a63xa41ex7af8408144bc unregistered
2025-08-13 16:46:46,590 INFO  [io.api.tes.uti.TestSeparator] (main) io.apicurio.tests.serdes.apicurio.AvroSerdeIT.testWrongSchema-FINISHED
2025-08-13 16:46:46,590 INFO  [io.api.tes.uti.TestSeparator] (main) ############################################################################
Test passed: testWrongSchema
]]></system-out>
    <system-err><![CDATA[io.apicurio.registry.rest.client.models.ProblemDetails
	at io.apicurio.registry.rest.client.models.ProblemDetails.createFromDiscriminatorValue(ProblemDetails.java:58)
	at io.kiota.serialization.json.JsonParseNode.getObjectValue(JsonParseNode.java:247)
	at io.kiota.http.vertx.VertXRequestAdapter.lambda$throwIfFailedResponse$0(VertXRequestAdapter.java:400)
	at com.microsoft.kiota.ApiExceptionBuilder.<init>(ApiExceptionBuilder.java:26)
	at io.kiota.http.vertx.VertXRequestAdapter.throwIfFailedResponse(VertXRequestAdapter.java:399)
	at io.kiota.http.vertx.VertXRequestAdapter.send(VertXRequestAdapter.java:170)
	at io.apicurio.registry.rest.client.groups.item.artifacts.item.versions.item.WithVersionExpressionItemRequestBuilder.get(WithVersionExpressionItemRequestBuilder.java:128)
	at io.apicurio.registry.rest.client.groups.item.artifacts.item.versions.item.WithVersionExpressionItemRequestBuilder.get(WithVersionExpressionItemRequestBuilder.java:111)
	at io.apicurio.registry.resolver.client.RegistryClientFacadeImpl.getVersionCoordinatesByGAV(RegistryClientFacadeImpl.java:159)
	at io.apicurio.registry.resolver.DefaultSchemaResolver.resolveByCoordinates(DefaultSchemaResolver.java:352)
	at io.apicurio.registry.resolver.DefaultSchemaResolver.lambda$resolveSchemaByArtifactReferenceCached$6(DefaultSchemaResolver.java:340)
	at io.apicurio.registry.resolver.cache.ERCache.lambda$getValue$0(ERCache.java:174)
	at io.apicurio.registry.resolver.cache.ERCache.retry(ERCache.java:227)
	at io.apicurio.registry.resolver.cache.ERCache.getValue(ERCache.java:173)
	at io.apicurio.registry.resolver.cache.ERCache.getByArtifactCoordinates(ERCache.java:158)
	at io.apicurio.registry.resolver.DefaultSchemaResolver.resolveSchemaByArtifactReferenceCached(DefaultSchemaResolver.java:338)
	at io.apicurio.registry.resolver.DefaultSchemaResolver.resolveSchemaByCoordinates(DefaultSchemaResolver.java:193)
	at io.apicurio.registry.resolver.DefaultSchemaResolver.getSchemaFromRegistry(DefaultSchemaResolver.java:130)
	at io.apicurio.registry.resolver.DefaultSchemaResolver.lambda$resolveSchema$0(DefaultSchemaResolver.java:84)
	at java.base/java.util.Optional.orElseGet(Optional.java:364)
	at io.apicurio.registry.resolver.DefaultSchemaResolver.resolveSchema(DefaultSchemaResolver.java:84)
	at io.apicurio.registry.serde.AbstractSerializer.serializeData(AbstractSerializer.java:62)
	at io.apicurio.registry.serde.KafkaSerializer.serialize(KafkaSerializer.java:77)
	at org.apache.kafka.clients.producer.KafkaProducer.doSend(KafkaProducer.java:1046)
	at org.apache.kafka.clients.producer.KafkaProducer.send(KafkaProducer.java:993)
	at org.apache.kafka.clients.producer.KafkaProducer.send(KafkaProducer.java:875)
	at io.apicurio.tests.serdes.apicurio.KafkaSerdesTester.lambda$produceMessages$3(KafkaSerdesTester.java:138)
	at java.base/java.util.concurrent.CompletableFuture$AsyncSupply.run(CompletableFuture.java:1768)
	at java.base/java.lang.Thread.run(Thread.java:840)
]]></system-err>
  </testcase>
  <testcase name="testAvroJSON" classname="io.apicurio.tests.serdes.apicurio.AvroSerdeIT" time="4.351">
    <system-out><![CDATA[2025-08-13 16:46:46,595 INFO  [io.api.tes.uti.TestSeparator] (main) ############################################################################
2025-08-13 16:46:46,596 INFO  [io.api.tes.uti.TestSeparator] (main) io.apicurio.tests.serdes.apicurio.AvroSerdeIT.testAvroJSON-STARTED
**** Registry Base URL: http://registry-app-ksql043.apps.ci419.apicurio-testing.org:80
2025-08-13 16:46:46,602 INFO  [org.apa.kaf.cli.pro.ProducerConfig] (main) ProducerConfig values: 
	acks = -1
	auto.include.jmx.reporter = true
	batch.size = 16384
	bootstrap.servers = [PLAINTEXT://localhost:32769]
	buffer.memory = 33554432
	client.dns.lookup = use_all_dns_ips
	client.id = Producer-topic-cc87a1db_c4c3_47a2_b1d8_cfae2ac6c75c
	compression.gzip.level = -1
	compression.lz4.level = 9
	compression.type = none
	compression.zstd.level = 3
	connections.max.idle.ms = 10000
	delivery.timeout.ms = 120000
	enable.idempotence = true
	enable.metrics.push = true
	interceptor.classes = []
	key.serializer = class org.apache.kafka.common.serialization.StringSerializer
	linger.ms = 0
	max.block.ms = 60000
	max.in.flight.requests.per.connection = 5
	max.request.size = 1048576
	metadata.max.age.ms = 300000
	metadata.max.idle.ms = 300000
	metadata.recovery.strategy = none
	metric.reporters = []
	metrics.num.samples = 2
	metrics.recording.level = INFO
	metrics.sample.window.ms = 30000
	partitioner.adaptive.partitioning.enable = true
	partitioner.availability.timeout.ms = 0
	partitioner.class = null
	partitioner.ignore.keys = false
	receive.buffer.bytes = 32768
	reconnect.backoff.max.ms = 1000
	reconnect.backoff.ms = 50
	request.timeout.ms = 5000
	retries = 2147483647
	retry.backoff.max.ms = 1000
	retry.backoff.ms = 100
	sasl.client.callback.handler.class = null
	sasl.jaas.config = null
	sasl.kerberos.kinit.cmd = /usr/bin/kinit
	sasl.kerberos.min.time.before.relogin = 60000
	sasl.kerberos.service.name = null
	sasl.kerberos.ticket.renew.jitter = 0.05
	sasl.kerberos.ticket.renew.window.factor = 0.8
	sasl.login.callback.handler.class = null
	sasl.login.class = null
	sasl.login.connect.timeout.ms = null
	sasl.login.read.timeout.ms = null
	sasl.login.refresh.buffer.seconds = 300
	sasl.login.refresh.min.period.seconds = 60
	sasl.login.refresh.window.factor = 0.8
	sasl.login.refresh.window.jitter = 0.05
	sasl.login.retry.backoff.max.ms = 10000
	sasl.login.retry.backoff.ms = 100
	sasl.mechanism = GSSAPI
	sasl.oauthbearer.clock.skew.seconds = 30
	sasl.oauthbearer.expected.audience = null
	sasl.oauthbearer.expected.issuer = null
	sasl.oauthbearer.header.urlencode = false
	sasl.oauthbearer.jwks.endpoint.refresh.ms = 3600000
	sasl.oauthbearer.jwks.endpoint.retry.backoff.max.ms = 10000
	sasl.oauthbearer.jwks.endpoint.retry.backoff.ms = 100
	sasl.oauthbearer.jwks.endpoint.url = null
	sasl.oauthbearer.scope.claim.name = scope
	sasl.oauthbearer.sub.claim.name = sub
	sasl.oauthbearer.token.endpoint.url = null
	security.protocol = PLAINTEXT
	security.providers = null
	send.buffer.bytes = 131072
	socket.connection.setup.timeout.max.ms = 30000
	socket.connection.setup.timeout.ms = 10000
	ssl.cipher.suites = null
	ssl.enabled.protocols = [TLSv1.2, TLSv1.3]
	ssl.endpoint.identification.algorithm = https
	ssl.engine.factory.class = null
	ssl.key.password = null
	ssl.keymanager.algorithm = SunX509
	ssl.keystore.certificate.chain = null
	ssl.keystore.key = null
	ssl.keystore.location = null
	ssl.keystore.password = null
	ssl.keystore.type = JKS
	ssl.protocol = TLSv1.3
	ssl.provider = null
	ssl.secure.random.implementation = null
	ssl.trustmanager.algorithm = PKIX
	ssl.truststore.certificates = null
	ssl.truststore.location = null
	ssl.truststore.password = null
	ssl.truststore.type = JKS
	transaction.timeout.ms = 60000
	transactional.id = null
	value.serializer = class io.apicurio.registry.serde.avro.AvroKafkaSerializer

2025-08-13 16:46:46,603 INFO  [org.apa.kaf.com.tel.int.KafkaMetricsCollector] (main) initializing Kafka metrics collector
2025-08-13 16:46:46,609 INFO  [org.apa.kaf.cli.pro.KafkaProducer] (main) [Producer clientId=Producer-topic-cc87a1db_c4c3_47a2_b1d8_cfae2ac6c75c] Instantiated an idempotent producer.
2025-08-13 16:46:46,612 INFO  [org.apa.kaf.cli.pro.ProducerConfig] (main) These configurations '[apicurio.registry.avro.encoding, apicurio.registry.url, apicurio.registry.auto-register, apicurio.registry.artifact-resolver-strategy]' were supplied but are not used yet.
2025-08-13 16:46:46,613 INFO  [org.apa.kaf.com.uti.AppInfoParser] (main) Kafka version: 3.9.1
2025-08-13 16:46:46,613 INFO  [org.apa.kaf.com.uti.AppInfoParser] (main) Kafka commitId: f745dfdcee2b9851
2025-08-13 16:46:46,613 INFO  [org.apa.kaf.com.uti.AppInfoParser] (main) Kafka startTimeMs: 1755103606612
2025-08-13 16:46:46,613 INFO  [io.api.tes.ser.api.SimpleSerdesTesterBuilder$SimpleSerdesTester] (main) Using producer configuration: {apicurio.registry.avro.encoding=JSON, apicurio.registry.url=http://registry-app-ksql043.apps.ci419.apicurio-testing.org:80/apis/registry/v3, apicurio.registry.auto-register=true, apicurio.registry.artifact-resolver-strategy=io.apicurio.registry.serde.strategy.TopicIdStrategy, value.serializer=io.apicurio.registry.serde.avro.AvroKafkaSerializer, request.timeout.ms=5000, acks=all, bootstrap.servers=PLAINTEXT://localhost:32769, connections.max.idle.ms=10000, key.serializer=org.apache.kafka.common.serialization.StringSerializer, client.id=Producer-topic-cc87a1db_c4c3_47a2_b1d8_cfae2ac6c75c}
2025-08-13 16:46:46,613 INFO  [io.api.tes.ser.api.SimpleSerdesTesterBuilder$SimpleSerdesTester] (main) Using consumer configuration: {apicurio.registry.avro.encoding=JSON}
2025-08-13 16:46:46,616 INFO  [io.api.tes.ser.api.KafkaSerdesTester] (Thread-615) Sending message {"bar": "value-0"} to topic topic-cc87a1db_c4c3_47a2_b1d8_cfae2ac6c75c
2025-08-13 16:46:46,619 WARN  [org.apa.kaf.cli.NetworkClient] (kafka-producer-network-thread | Producer-topic-cc87a1db_c4c3_47a2_b1d8_cfae2ac6c75c) [Producer clientId=Producer-topic-cc87a1db_c4c3_47a2_b1d8_cfae2ac6c75c] The metadata response from the cluster reported a recoverable issue with correlation id 1 : {topic-cc87a1db_c4c3_47a2_b1d8_cfae2ac6c75c=UNKNOWN_TOPIC_OR_PARTITION}
2025-08-13 16:46:46,620 INFO  [org.apa.kaf.cli.Metadata] (kafka-producer-network-thread | Producer-topic-cc87a1db_c4c3_47a2_b1d8_cfae2ac6c75c) [Producer clientId=Producer-topic-cc87a1db_c4c3_47a2_b1d8_cfae2ac6c75c] Cluster ID: 2Q56eJUuTz2w_13NlVd4Hw
2025-08-13 16:46:46,621 INFO  [org.apa.kaf.cli.pro.int.TransactionManager] (kafka-producer-network-thread | Producer-topic-cc87a1db_c4c3_47a2_b1d8_cfae2ac6c75c) [Producer clientId=Producer-topic-cc87a1db_c4c3_47a2_b1d8_cfae2ac6c75c] ProducerId set to 3 with epoch 0
2025-08-13 16:46:46,953 INFO  [io.api.tes.ser.api.KafkaSerdesTester] (Thread-615) Sending message {"bar": "value-1"} to topic topic-cc87a1db_c4c3_47a2_b1d8_cfae2ac6c75c
2025-08-13 16:46:46,955 INFO  [io.api.tes.ser.api.KafkaSerdesTester] (Thread-615) Sending message {"bar": "value-2"} to topic topic-cc87a1db_c4c3_47a2_b1d8_cfae2ac6c75c
2025-08-13 16:46:46,957 INFO  [io.api.tes.ser.api.KafkaSerdesTester] (Thread-615) Sending message {"bar": "value-3"} to topic topic-cc87a1db_c4c3_47a2_b1d8_cfae2ac6c75c
2025-08-13 16:46:46,961 INFO  [io.api.tes.ser.api.KafkaSerdesTester] (Thread-615) Sending message {"bar": "value-4"} to topic topic-cc87a1db_c4c3_47a2_b1d8_cfae2ac6c75c
2025-08-13 16:46:46,965 INFO  [io.api.tes.ser.api.KafkaSerdesTester] (Thread-615) Sending message {"bar": "value-5"} to topic topic-cc87a1db_c4c3_47a2_b1d8_cfae2ac6c75c
2025-08-13 16:46:46,968 INFO  [io.api.tes.ser.api.KafkaSerdesTester] (Thread-615) Sending message {"bar": "value-6"} to topic topic-cc87a1db_c4c3_47a2_b1d8_cfae2ac6c75c
2025-08-13 16:46:46,972 INFO  [io.api.tes.ser.api.KafkaSerdesTester] (Thread-615) Sending message {"bar": "value-7"} to topic topic-cc87a1db_c4c3_47a2_b1d8_cfae2ac6c75c
2025-08-13 16:46:46,975 INFO  [io.api.tes.ser.api.KafkaSerdesTester] (Thread-615) Sending message {"bar": "value-8"} to topic topic-cc87a1db_c4c3_47a2_b1d8_cfae2ac6c75c
2025-08-13 16:46:46,978 INFO  [io.api.tes.ser.api.KafkaSerdesTester] (Thread-615) Sending message {"bar": "value-9"} to topic topic-cc87a1db_c4c3_47a2_b1d8_cfae2ac6c75c
2025-08-13 16:46:46,981 INFO  [io.api.tes.ser.api.KafkaSerdesTester] (Thread-615) Produced 10 messages
2025-08-13 16:46:46,981 INFO  [org.apa.kaf.cli.pro.KafkaProducer] (Thread-615) [Producer clientId=Producer-topic-cc87a1db_c4c3_47a2_b1d8_cfae2ac6c75c] Closing the Kafka producer with timeoutMillis = 9223372036854775807 ms.
2025-08-13 16:46:46,985 INFO  [org.apa.kaf.com.met.Metrics] (Thread-615) Metrics scheduler closed
2025-08-13 16:46:46,985 INFO  [org.apa.kaf.com.met.Metrics] (Thread-615) Closing reporter org.apache.kafka.common.metrics.JmxReporter
2025-08-13 16:46:46,985 INFO  [org.apa.kaf.com.met.Metrics] (Thread-615) Closing reporter org.apache.kafka.common.telemetry.internals.ClientTelemetryReporter
2025-08-13 16:46:46,985 INFO  [org.apa.kaf.com.met.Metrics] (Thread-615) Metrics reporters closed
2025-08-13 16:46:46,985 INFO  [org.apa.kaf.com.uti.AppInfoParser] (Thread-615) App info kafka.producer for Producer-topic-cc87a1db_c4c3_47a2_b1d8_cfae2ac6c75c unregistered
**** Registry Base URL: http://registry-app-ksql043.apps.ci419.apicurio-testing.org:80
2025-08-13 16:46:47,146 INFO  [org.apa.kaf.cli.con.ConsumerConfig] (main) ConsumerConfig values: 
	allow.auto.create.topics = true
	auto.commit.interval.ms = 500
	auto.include.jmx.reporter = true
	auto.offset.reset = earliest
	bootstrap.servers = [PLAINTEXT://localhost:32769]
	check.crcs = true
	client.dns.lookup = use_all_dns_ips
	client.id = consumer-Consumer-topic-cc87a1db_c4c3_47a2_b1d8_cfae2ac6c75c-3
	client.rack = 
	connections.max.idle.ms = 10000
	default.api.timeout.ms = 60000
	enable.auto.commit = true
	enable.metrics.push = true
	exclude.internal.topics = true
	fetch.max.bytes = 52428800
	fetch.max.wait.ms = 500
	fetch.min.bytes = 1
	group.id = Consumer-topic-cc87a1db_c4c3_47a2_b1d8_cfae2ac6c75c
	group.instance.id = null
	group.protocol = classic
	group.remote.assignor = null
	heartbeat.interval.ms = 3000
	interceptor.classes = []
	internal.leave.group.on.close = true
	internal.throw.on.fetch.stable.offset.unsupported = false
	isolation.level = read_uncommitted
	key.deserializer = class org.apache.kafka.common.serialization.StringDeserializer
	max.partition.fetch.bytes = 1048576
	max.poll.interval.ms = 300000
	max.poll.records = 500
	metadata.max.age.ms = 300000
	metadata.recovery.strategy = none
	metric.reporters = []
	metrics.num.samples = 2
	metrics.recording.level = INFO
	metrics.sample.window.ms = 30000
	partition.assignment.strategy = [class org.apache.kafka.clients.consumer.RangeAssignor, class org.apache.kafka.clients.consumer.CooperativeStickyAssignor]
	receive.buffer.bytes = 65536
	reconnect.backoff.max.ms = 1000
	reconnect.backoff.ms = 50
	request.timeout.ms = 5000
	retry.backoff.max.ms = 1000
	retry.backoff.ms = 100
	sasl.client.callback.handler.class = null
	sasl.jaas.config = null
	sasl.kerberos.kinit.cmd = /usr/bin/kinit
	sasl.kerberos.min.time.before.relogin = 60000
	sasl.kerberos.service.name = null
	sasl.kerberos.ticket.renew.jitter = 0.05
	sasl.kerberos.ticket.renew.window.factor = 0.8
	sasl.login.callback.handler.class = null
	sasl.login.class = null
	sasl.login.connect.timeout.ms = null
	sasl.login.read.timeout.ms = null
	sasl.login.refresh.buffer.seconds = 300
	sasl.login.refresh.min.period.seconds = 60
	sasl.login.refresh.window.factor = 0.8
	sasl.login.refresh.window.jitter = 0.05
	sasl.login.retry.backoff.max.ms = 10000
	sasl.login.retry.backoff.ms = 100
	sasl.mechanism = GSSAPI
	sasl.oauthbearer.clock.skew.seconds = 30
	sasl.oauthbearer.expected.audience = null
	sasl.oauthbearer.expected.issuer = null
	sasl.oauthbearer.header.urlencode = false
	sasl.oauthbearer.jwks.endpoint.refresh.ms = 3600000
	sasl.oauthbearer.jwks.endpoint.retry.backoff.max.ms = 10000
	sasl.oauthbearer.jwks.endpoint.retry.backoff.ms = 100
	sasl.oauthbearer.jwks.endpoint.url = null
	sasl.oauthbearer.scope.claim.name = scope
	sasl.oauthbearer.sub.claim.name = sub
	sasl.oauthbearer.token.endpoint.url = null
	security.protocol = PLAINTEXT
	security.providers = null
	send.buffer.bytes = 131072
	session.timeout.ms = 45000
	socket.connection.setup.timeout.max.ms = 30000
	socket.connection.setup.timeout.ms = 10000
	ssl.cipher.suites = null
	ssl.enabled.protocols = [TLSv1.2, TLSv1.3]
	ssl.endpoint.identification.algorithm = https
	ssl.engine.factory.class = null
	ssl.key.password = null
	ssl.keymanager.algorithm = SunX509
	ssl.keystore.certificate.chain = null
	ssl.keystore.key = null
	ssl.keystore.location = null
	ssl.keystore.password = null
	ssl.keystore.type = JKS
	ssl.protocol = TLSv1.3
	ssl.provider = null
	ssl.secure.random.implementation = null
	ssl.trustmanager.algorithm = PKIX
	ssl.truststore.certificates = null
	ssl.truststore.location = null
	ssl.truststore.password = null
	ssl.truststore.type = JKS
	value.deserializer = class io.apicurio.registry.serde.avro.AvroKafkaDeserializer

2025-08-13 16:46:47,147 INFO  [org.apa.kaf.com.tel.int.KafkaMetricsCollector] (main) initializing Kafka metrics collector
2025-08-13 16:46:47,153 INFO  [org.apa.kaf.cli.con.ConsumerConfig] (main) These configurations '[apicurio.registry.avro.encoding, apicurio.registry.url]' were supplied but are not used yet.
2025-08-13 16:46:47,153 INFO  [org.apa.kaf.com.uti.AppInfoParser] (main) Kafka version: 3.9.1
2025-08-13 16:46:47,154 INFO  [org.apa.kaf.com.uti.AppInfoParser] (main) Kafka commitId: f745dfdcee2b9851
2025-08-13 16:46:47,154 INFO  [org.apa.kaf.com.uti.AppInfoParser] (main) Kafka startTimeMs: 1755103607153
2025-08-13 16:46:47,154 INFO  [org.apa.kaf.cli.con.int.ClassicKafkaConsumer] (Thread-618) [Consumer clientId=consumer-Consumer-topic-cc87a1db_c4c3_47a2_b1d8_cfae2ac6c75c-3, groupId=Consumer-topic-cc87a1db_c4c3_47a2_b1d8_cfae2ac6c75c] Subscribed to topic(s): topic-cc87a1db_c4c3_47a2_b1d8_cfae2ac6c75c
2025-08-13 16:46:47,160 INFO  [org.apa.kaf.cli.Metadata] (Thread-618) [Consumer clientId=consumer-Consumer-topic-cc87a1db_c4c3_47a2_b1d8_cfae2ac6c75c-3, groupId=Consumer-topic-cc87a1db_c4c3_47a2_b1d8_cfae2ac6c75c] Cluster ID: 2Q56eJUuTz2w_13NlVd4Hw
2025-08-13 16:46:47,163 INFO  [org.apa.kaf.cli.con.int.ConsumerCoordinator] (Thread-618) [Consumer clientId=consumer-Consumer-topic-cc87a1db_c4c3_47a2_b1d8_cfae2ac6c75c-3, groupId=Consumer-topic-cc87a1db_c4c3_47a2_b1d8_cfae2ac6c75c] Discovered group coordinator localhost:32769 (id: 2147483647 rack: null)
2025-08-13 16:46:47,168 INFO  [org.apa.kaf.cli.con.int.ConsumerCoordinator] (Thread-618) [Consumer clientId=consumer-Consumer-topic-cc87a1db_c4c3_47a2_b1d8_cfae2ac6c75c-3, groupId=Consumer-topic-cc87a1db_c4c3_47a2_b1d8_cfae2ac6c75c] (Re-)joining group
2025-08-13 16:46:47,172 INFO  [org.apa.kaf.cli.con.int.ConsumerCoordinator] (Thread-618) [Consumer clientId=consumer-Consumer-topic-cc87a1db_c4c3_47a2_b1d8_cfae2ac6c75c-3, groupId=Consumer-topic-cc87a1db_c4c3_47a2_b1d8_cfae2ac6c75c] Request joining group due to: need to re-join with the given member-id: consumer-Consumer-topic-cc87a1db_c4c3_47a2_b1d8_cfae2ac6c75c-3-ab48f7bb-0cd9-4ffc-8485-6fc43d6bb908
2025-08-13 16:46:47,172 INFO  [org.apa.kaf.cli.con.int.ConsumerCoordinator] (Thread-618) [Consumer clientId=consumer-Consumer-topic-cc87a1db_c4c3_47a2_b1d8_cfae2ac6c75c-3, groupId=Consumer-topic-cc87a1db_c4c3_47a2_b1d8_cfae2ac6c75c] (Re-)joining group
2025-08-13 16:46:48,154 INFO  [io.api.tes.ser.api.KafkaSerdesTester] (Thread-618) None found
2025-08-13 16:46:49,155 INFO  [io.api.tes.ser.api.KafkaSerdesTester] (Thread-618) None found
2025-08-13 16:46:50,156 INFO  [io.api.tes.ser.api.KafkaSerdesTester] (Thread-618) None found
2025-08-13 16:46:50,176 INFO  [org.apa.kaf.cli.con.int.ConsumerCoordinator] (Thread-618) [Consumer clientId=consumer-Consumer-topic-cc87a1db_c4c3_47a2_b1d8_cfae2ac6c75c-3, groupId=Consumer-topic-cc87a1db_c4c3_47a2_b1d8_cfae2ac6c75c] Successfully joined group with generation Generation{generationId=1, memberId='consumer-Consumer-topic-cc87a1db_c4c3_47a2_b1d8_cfae2ac6c75c-3-ab48f7bb-0cd9-4ffc-8485-6fc43d6bb908', protocol='range'}
2025-08-13 16:46:50,176 INFO  [org.apa.kaf.cli.con.int.ConsumerCoordinator] (Thread-618) [Consumer clientId=consumer-Consumer-topic-cc87a1db_c4c3_47a2_b1d8_cfae2ac6c75c-3, groupId=Consumer-topic-cc87a1db_c4c3_47a2_b1d8_cfae2ac6c75c] Finished assignment for group at generation 1: {consumer-Consumer-topic-cc87a1db_c4c3_47a2_b1d8_cfae2ac6c75c-3-ab48f7bb-0cd9-4ffc-8485-6fc43d6bb908=Assignment(partitions=[topic-cc87a1db_c4c3_47a2_b1d8_cfae2ac6c75c-0])}
2025-08-13 16:46:50,186 INFO  [org.apa.kaf.cli.con.int.ConsumerCoordinator] (Thread-618) [Consumer clientId=consumer-Consumer-topic-cc87a1db_c4c3_47a2_b1d8_cfae2ac6c75c-3, groupId=Consumer-topic-cc87a1db_c4c3_47a2_b1d8_cfae2ac6c75c] Successfully synced group in generation Generation{generationId=1, memberId='consumer-Consumer-topic-cc87a1db_c4c3_47a2_b1d8_cfae2ac6c75c-3-ab48f7bb-0cd9-4ffc-8485-6fc43d6bb908', protocol='range'}
2025-08-13 16:46:50,186 INFO  [org.apa.kaf.cli.con.int.ConsumerCoordinator] (Thread-618) [Consumer clientId=consumer-Consumer-topic-cc87a1db_c4c3_47a2_b1d8_cfae2ac6c75c-3, groupId=Consumer-topic-cc87a1db_c4c3_47a2_b1d8_cfae2ac6c75c] Notifying assignor about the new Assignment(partitions=[topic-cc87a1db_c4c3_47a2_b1d8_cfae2ac6c75c-0])
2025-08-13 16:46:50,186 INFO  [org.apa.kaf.cli.con.int.ConsumerRebalanceListenerInvoker] (Thread-618) [Consumer clientId=consumer-Consumer-topic-cc87a1db_c4c3_47a2_b1d8_cfae2ac6c75c-3, groupId=Consumer-topic-cc87a1db_c4c3_47a2_b1d8_cfae2ac6c75c] Adding newly assigned partitions: topic-cc87a1db_c4c3_47a2_b1d8_cfae2ac6c75c-0
2025-08-13 16:46:50,188 INFO  [org.apa.kaf.cli.con.int.ConsumerCoordinator] (Thread-618) [Consumer clientId=consumer-Consumer-topic-cc87a1db_c4c3_47a2_b1d8_cfae2ac6c75c-3, groupId=Consumer-topic-cc87a1db_c4c3_47a2_b1d8_cfae2ac6c75c] Found no committed offset for partition topic-cc87a1db_c4c3_47a2_b1d8_cfae2ac6c75c-0
2025-08-13 16:46:50,193 INFO  [org.apa.kaf.cli.con.int.SubscriptionState] (Thread-618) [Consumer clientId=consumer-Consumer-topic-cc87a1db_c4c3_47a2_b1d8_cfae2ac6c75c-3, groupId=Consumer-topic-cc87a1db_c4c3_47a2_b1d8_cfae2ac6c75c] Resetting offset for partition topic-cc87a1db_c4c3_47a2_b1d8_cfae2ac6c75c-0 to position FetchPosition{offset=0, offsetEpoch=Optional.empty, currentLeader=LeaderAndEpoch{leader=Optional[localhost:32769 (id: 0 rack: null)], epoch=0}}.
2025-08-13 16:46:50,434 INFO  [io.api.tes.ser.api.KafkaSerdesTester] (Thread-618) topic-cc87a1db_c4c3_47a2_b1d8_cfae2ac6c75c 0 0 {"bar": "value-0"}
2025-08-13 16:46:50,434 INFO  [io.api.tes.ser.api.KafkaSerdesTester] (Thread-618) topic-cc87a1db_c4c3_47a2_b1d8_cfae2ac6c75c 0 1 {"bar": "value-1"}
2025-08-13 16:46:50,434 INFO  [io.api.tes.ser.api.KafkaSerdesTester] (Thread-618) topic-cc87a1db_c4c3_47a2_b1d8_cfae2ac6c75c 0 2 {"bar": "value-2"}
2025-08-13 16:46:50,434 INFO  [io.api.tes.ser.api.KafkaSerdesTester] (Thread-618) topic-cc87a1db_c4c3_47a2_b1d8_cfae2ac6c75c 0 3 {"bar": "value-3"}
2025-08-13 16:46:50,434 INFO  [io.api.tes.ser.api.KafkaSerdesTester] (Thread-618) topic-cc87a1db_c4c3_47a2_b1d8_cfae2ac6c75c 0 4 {"bar": "value-4"}
2025-08-13 16:46:50,434 INFO  [io.api.tes.ser.api.KafkaSerdesTester] (Thread-618) topic-cc87a1db_c4c3_47a2_b1d8_cfae2ac6c75c 0 5 {"bar": "value-5"}
2025-08-13 16:46:50,436 INFO  [io.api.tes.ser.api.KafkaSerdesTester] (Thread-618) topic-cc87a1db_c4c3_47a2_b1d8_cfae2ac6c75c 0 6 {"bar": "value-6"}
2025-08-13 16:46:50,436 INFO  [io.api.tes.ser.api.KafkaSerdesTester] (Thread-618) topic-cc87a1db_c4c3_47a2_b1d8_cfae2ac6c75c 0 7 {"bar": "value-7"}
2025-08-13 16:46:50,436 INFO  [io.api.tes.ser.api.KafkaSerdesTester] (Thread-618) topic-cc87a1db_c4c3_47a2_b1d8_cfae2ac6c75c 0 8 {"bar": "value-8"}
2025-08-13 16:46:50,436 INFO  [io.api.tes.ser.api.KafkaSerdesTester] (Thread-618) topic-cc87a1db_c4c3_47a2_b1d8_cfae2ac6c75c 0 9 {"bar": "value-9"}
2025-08-13 16:46:50,436 INFO  [io.api.tes.ser.api.KafkaSerdesTester] (Thread-618) Consumed 10 messages
2025-08-13 16:46:50,445 INFO  [org.apa.kaf.cli.con.int.ConsumerRebalanceListenerInvoker] (Thread-618) [Consumer clientId=consumer-Consumer-topic-cc87a1db_c4c3_47a2_b1d8_cfae2ac6c75c-3, groupId=Consumer-topic-cc87a1db_c4c3_47a2_b1d8_cfae2ac6c75c] Revoke previously assigned partitions topic-cc87a1db_c4c3_47a2_b1d8_cfae2ac6c75c-0
2025-08-13 16:46:50,445 INFO  [org.apa.kaf.cli.con.int.ConsumerCoordinator] (Thread-618) [Consumer clientId=consumer-Consumer-topic-cc87a1db_c4c3_47a2_b1d8_cfae2ac6c75c-3, groupId=Consumer-topic-cc87a1db_c4c3_47a2_b1d8_cfae2ac6c75c] Member consumer-Consumer-topic-cc87a1db_c4c3_47a2_b1d8_cfae2ac6c75c-3-ab48f7bb-0cd9-4ffc-8485-6fc43d6bb908 sending LeaveGroup request to coordinator localhost:32769 (id: 2147483647 rack: null) due to the consumer is being closed
2025-08-13 16:46:50,447 INFO  [org.apa.kaf.cli.con.int.ConsumerCoordinator] (Thread-618) [Consumer clientId=consumer-Consumer-topic-cc87a1db_c4c3_47a2_b1d8_cfae2ac6c75c-3, groupId=Consumer-topic-cc87a1db_c4c3_47a2_b1d8_cfae2ac6c75c] Resetting generation and member id due to: consumer pro-actively leaving the group
2025-08-13 16:46:50,447 INFO  [org.apa.kaf.cli.con.int.ConsumerCoordinator] (Thread-618) [Consumer clientId=consumer-Consumer-topic-cc87a1db_c4c3_47a2_b1d8_cfae2ac6c75c-3, groupId=Consumer-topic-cc87a1db_c4c3_47a2_b1d8_cfae2ac6c75c] Request joining group due to: consumer pro-actively leaving the group
2025-08-13 16:46:50,937 INFO  [org.apa.kaf.com.met.Metrics] (Thread-618) Metrics scheduler closed
2025-08-13 16:46:50,938 INFO  [org.apa.kaf.com.met.Metrics] (Thread-618) Closing reporter org.apache.kafka.common.metrics.JmxReporter
2025-08-13 16:46:50,938 INFO  [org.apa.kaf.com.met.Metrics] (Thread-618) Closing reporter org.apache.kafka.common.telemetry.internals.ClientTelemetryReporter
2025-08-13 16:46:50,938 INFO  [org.apa.kaf.com.met.Metrics] (Thread-618) Metrics reporters closed
2025-08-13 16:46:50,942 INFO  [org.apa.kaf.com.uti.AppInfoParser] (Thread-618) App info kafka.consumer for consumer-Consumer-topic-cc87a1db_c4c3_47a2_b1d8_cfae2ac6c75c-3 unregistered
2025-08-13 16:46:50,942 INFO  [io.api.tes.uti.TestSeparator] (main) io.apicurio.tests.serdes.apicurio.AvroSerdeIT.testAvroJSON-FINISHED
2025-08-13 16:46:50,943 INFO  [io.api.tes.uti.TestSeparator] (main) ############################################################################
Test passed: testAvroJSON
]]></system-out>
  </testcase>
  <testcase name="testTopicIdStrategyAutoRegister" classname="io.apicurio.tests.serdes.apicurio.AvroSerdeIT" time="4.507">
    <system-out><![CDATA[2025-08-13 16:46:50,947 INFO  [io.api.tes.uti.TestSeparator] (main) ############################################################################
2025-08-13 16:46:50,947 INFO  [io.api.tes.uti.TestSeparator] (main) io.apicurio.tests.serdes.apicurio.AvroSerdeIT.testTopicIdStrategyAutoRegister-STARTED
**** Registry Base URL: http://registry-app-ksql043.apps.ci419.apicurio-testing.org:80
2025-08-13 16:46:50,952 INFO  [org.apa.kaf.cli.pro.ProducerConfig] (main) ProducerConfig values: 
	acks = -1
	auto.include.jmx.reporter = true
	batch.size = 16384
	bootstrap.servers = [PLAINTEXT://localhost:32769]
	buffer.memory = 33554432
	client.dns.lookup = use_all_dns_ips
	client.id = Producer-topic-2fd611d6_e851_40fa_bd74_dc6c28ea9a7f
	compression.gzip.level = -1
	compression.lz4.level = 9
	compression.type = none
	compression.zstd.level = 3
	connections.max.idle.ms = 10000
	delivery.timeout.ms = 120000
	enable.idempotence = true
	enable.metrics.push = true
	interceptor.classes = []
	key.serializer = class org.apache.kafka.common.serialization.StringSerializer
	linger.ms = 0
	max.block.ms = 60000
	max.in.flight.requests.per.connection = 5
	max.request.size = 1048576
	metadata.max.age.ms = 300000
	metadata.max.idle.ms = 300000
	metadata.recovery.strategy = none
	metric.reporters = []
	metrics.num.samples = 2
	metrics.recording.level = INFO
	metrics.sample.window.ms = 30000
	partitioner.adaptive.partitioning.enable = true
	partitioner.availability.timeout.ms = 0
	partitioner.class = null
	partitioner.ignore.keys = false
	receive.buffer.bytes = 32768
	reconnect.backoff.max.ms = 1000
	reconnect.backoff.ms = 50
	request.timeout.ms = 5000
	retries = 2147483647
	retry.backoff.max.ms = 1000
	retry.backoff.ms = 100
	sasl.client.callback.handler.class = null
	sasl.jaas.config = null
	sasl.kerberos.kinit.cmd = /usr/bin/kinit
	sasl.kerberos.min.time.before.relogin = 60000
	sasl.kerberos.service.name = null
	sasl.kerberos.ticket.renew.jitter = 0.05
	sasl.kerberos.ticket.renew.window.factor = 0.8
	sasl.login.callback.handler.class = null
	sasl.login.class = null
	sasl.login.connect.timeout.ms = null
	sasl.login.read.timeout.ms = null
	sasl.login.refresh.buffer.seconds = 300
	sasl.login.refresh.min.period.seconds = 60
	sasl.login.refresh.window.factor = 0.8
	sasl.login.refresh.window.jitter = 0.05
	sasl.login.retry.backoff.max.ms = 10000
	sasl.login.retry.backoff.ms = 100
	sasl.mechanism = GSSAPI
	sasl.oauthbearer.clock.skew.seconds = 30
	sasl.oauthbearer.expected.audience = null
	sasl.oauthbearer.expected.issuer = null
	sasl.oauthbearer.header.urlencode = false
	sasl.oauthbearer.jwks.endpoint.refresh.ms = 3600000
	sasl.oauthbearer.jwks.endpoint.retry.backoff.max.ms = 10000
	sasl.oauthbearer.jwks.endpoint.retry.backoff.ms = 100
	sasl.oauthbearer.jwks.endpoint.url = null
	sasl.oauthbearer.scope.claim.name = scope
	sasl.oauthbearer.sub.claim.name = sub
	sasl.oauthbearer.token.endpoint.url = null
	security.protocol = PLAINTEXT
	security.providers = null
	send.buffer.bytes = 131072
	socket.connection.setup.timeout.max.ms = 30000
	socket.connection.setup.timeout.ms = 10000
	ssl.cipher.suites = null
	ssl.enabled.protocols = [TLSv1.2, TLSv1.3]
	ssl.endpoint.identification.algorithm = https
	ssl.engine.factory.class = null
	ssl.key.password = null
	ssl.keymanager.algorithm = SunX509
	ssl.keystore.certificate.chain = null
	ssl.keystore.key = null
	ssl.keystore.location = null
	ssl.keystore.password = null
	ssl.keystore.type = JKS
	ssl.protocol = TLSv1.3
	ssl.provider = null
	ssl.secure.random.implementation = null
	ssl.trustmanager.algorithm = PKIX
	ssl.truststore.certificates = null
	ssl.truststore.location = null
	ssl.truststore.password = null
	ssl.truststore.type = JKS
	transaction.timeout.ms = 60000
	transactional.id = null
	value.serializer = class io.apicurio.registry.serde.avro.AvroKafkaSerializer

2025-08-13 16:46:50,953 INFO  [org.apa.kaf.com.tel.int.KafkaMetricsCollector] (main) initializing Kafka metrics collector
2025-08-13 16:46:50,958 INFO  [org.apa.kaf.cli.pro.KafkaProducer] (main) [Producer clientId=Producer-topic-2fd611d6_e851_40fa_bd74_dc6c28ea9a7f] Instantiated an idempotent producer.
2025-08-13 16:46:50,965 INFO  [org.apa.kaf.cli.pro.ProducerConfig] (main) These configurations '[apicurio.registry.url, apicurio.registry.auto-register, apicurio.registry.artifact-resolver-strategy]' were supplied but are not used yet.
2025-08-13 16:46:50,965 INFO  [org.apa.kaf.com.uti.AppInfoParser] (main) Kafka version: 3.9.1
2025-08-13 16:46:50,965 INFO  [org.apa.kaf.com.uti.AppInfoParser] (main) Kafka commitId: f745dfdcee2b9851
2025-08-13 16:46:50,965 INFO  [org.apa.kaf.com.uti.AppInfoParser] (main) Kafka startTimeMs: 1755103610965
2025-08-13 16:46:50,966 INFO  [io.api.tes.ser.api.SimpleSerdesTesterBuilder$SimpleSerdesTester] (main) Using producer configuration: {apicurio.registry.url=http://registry-app-ksql043.apps.ci419.apicurio-testing.org:80/apis/registry/v3, apicurio.registry.auto-register=true, apicurio.registry.artifact-resolver-strategy=io.apicurio.registry.serde.strategy.TopicIdStrategy, value.serializer=io.apicurio.registry.serde.avro.AvroKafkaSerializer, request.timeout.ms=5000, acks=all, bootstrap.servers=PLAINTEXT://localhost:32769, connections.max.idle.ms=10000, key.serializer=org.apache.kafka.common.serialization.StringSerializer, client.id=Producer-topic-2fd611d6_e851_40fa_bd74_dc6c28ea9a7f}
2025-08-13 16:46:50,966 INFO  [io.api.tes.ser.api.SimpleSerdesTesterBuilder$SimpleSerdesTester] (main) Using consumer configuration: {}
2025-08-13 16:46:50,968 INFO  [io.api.tes.ser.api.KafkaSerdesTester] (Thread-621) Sending message {"key11755103610948": "value-0"} to topic topic-2fd611d6_e851_40fa_bd74_dc6c28ea9a7f
2025-08-13 16:46:50,973 WARN  [org.apa.kaf.cli.NetworkClient] (kafka-producer-network-thread | Producer-topic-2fd611d6_e851_40fa_bd74_dc6c28ea9a7f) [Producer clientId=Producer-topic-2fd611d6_e851_40fa_bd74_dc6c28ea9a7f] The metadata response from the cluster reported a recoverable issue with correlation id 1 : {topic-2fd611d6_e851_40fa_bd74_dc6c28ea9a7f=UNKNOWN_TOPIC_OR_PARTITION}
2025-08-13 16:46:50,973 INFO  [org.apa.kaf.cli.Metadata] (kafka-producer-network-thread | Producer-topic-2fd611d6_e851_40fa_bd74_dc6c28ea9a7f) [Producer clientId=Producer-topic-2fd611d6_e851_40fa_bd74_dc6c28ea9a7f] Cluster ID: 2Q56eJUuTz2w_13NlVd4Hw
2025-08-13 16:46:50,974 INFO  [org.apa.kaf.cli.pro.int.TransactionManager] (kafka-producer-network-thread | Producer-topic-2fd611d6_e851_40fa_bd74_dc6c28ea9a7f) [Producer clientId=Producer-topic-2fd611d6_e851_40fa_bd74_dc6c28ea9a7f] ProducerId set to 4 with epoch 0
2025-08-13 16:46:51,293 INFO  [io.api.tes.ser.api.KafkaSerdesTester] (Thread-621) Sending message {"key11755103610948": "value-1"} to topic topic-2fd611d6_e851_40fa_bd74_dc6c28ea9a7f
2025-08-13 16:46:51,295 INFO  [io.api.tes.ser.api.KafkaSerdesTester] (Thread-621) Sending message {"key11755103610948": "value-2"} to topic topic-2fd611d6_e851_40fa_bd74_dc6c28ea9a7f
2025-08-13 16:46:51,297 INFO  [io.api.tes.ser.api.KafkaSerdesTester] (Thread-621) Sending message {"key11755103610948": "value-3"} to topic topic-2fd611d6_e851_40fa_bd74_dc6c28ea9a7f
2025-08-13 16:46:51,299 INFO  [io.api.tes.ser.api.KafkaSerdesTester] (Thread-621) Sending message {"key11755103610948": "value-4"} to topic topic-2fd611d6_e851_40fa_bd74_dc6c28ea9a7f
2025-08-13 16:46:51,304 INFO  [io.api.tes.ser.api.KafkaSerdesTester] (Thread-621) Sending message {"key11755103610948": "value-5"} to topic topic-2fd611d6_e851_40fa_bd74_dc6c28ea9a7f
2025-08-13 16:46:51,306 INFO  [io.api.tes.ser.api.KafkaSerdesTester] (Thread-621) Sending message {"key11755103610948": "value-6"} to topic topic-2fd611d6_e851_40fa_bd74_dc6c28ea9a7f
2025-08-13 16:46:51,311 INFO  [io.api.tes.ser.api.KafkaSerdesTester] (Thread-621) Sending message {"key11755103610948": "value-7"} to topic topic-2fd611d6_e851_40fa_bd74_dc6c28ea9a7f
2025-08-13 16:46:51,316 INFO  [io.api.tes.ser.api.KafkaSerdesTester] (Thread-621) Sending message {"key11755103610948": "value-8"} to topic topic-2fd611d6_e851_40fa_bd74_dc6c28ea9a7f
2025-08-13 16:46:51,319 INFO  [io.api.tes.ser.api.KafkaSerdesTester] (Thread-621) Sending message {"key11755103610948": "value-9"} to topic topic-2fd611d6_e851_40fa_bd74_dc6c28ea9a7f
2025-08-13 16:46:51,321 INFO  [io.api.tes.ser.api.KafkaSerdesTester] (Thread-621) Produced 10 messages
2025-08-13 16:46:51,321 INFO  [org.apa.kaf.cli.pro.KafkaProducer] (Thread-621) [Producer clientId=Producer-topic-2fd611d6_e851_40fa_bd74_dc6c28ea9a7f] Closing the Kafka producer with timeoutMillis = 9223372036854775807 ms.
2025-08-13 16:46:51,325 INFO  [org.apa.kaf.com.met.Metrics] (Thread-621) Metrics scheduler closed
2025-08-13 16:46:51,325 INFO  [org.apa.kaf.com.met.Metrics] (Thread-621) Closing reporter org.apache.kafka.common.metrics.JmxReporter
2025-08-13 16:46:51,325 INFO  [org.apa.kaf.com.met.Metrics] (Thread-621) Closing reporter org.apache.kafka.common.telemetry.internals.ClientTelemetryReporter
2025-08-13 16:46:51,325 INFO  [org.apa.kaf.com.met.Metrics] (Thread-621) Metrics reporters closed
2025-08-13 16:46:51,325 INFO  [org.apa.kaf.com.uti.AppInfoParser] (Thread-621) App info kafka.producer for Producer-topic-2fd611d6_e851_40fa_bd74_dc6c28ea9a7f unregistered
**** Registry Base URL: http://registry-app-ksql043.apps.ci419.apicurio-testing.org:80
2025-08-13 16:46:51,489 INFO  [org.apa.kaf.cli.con.ConsumerConfig] (main) ConsumerConfig values: 
	allow.auto.create.topics = true
	auto.commit.interval.ms = 500
	auto.include.jmx.reporter = true
	auto.offset.reset = earliest
	bootstrap.servers = [PLAINTEXT://localhost:32769]
	check.crcs = true
	client.dns.lookup = use_all_dns_ips
	client.id = consumer-Consumer-topic-2fd611d6_e851_40fa_bd74_dc6c28ea9a7f-4
	client.rack = 
	connections.max.idle.ms = 10000
	default.api.timeout.ms = 60000
	enable.auto.commit = true
	enable.metrics.push = true
	exclude.internal.topics = true
	fetch.max.bytes = 52428800
	fetch.max.wait.ms = 500
	fetch.min.bytes = 1
	group.id = Consumer-topic-2fd611d6_e851_40fa_bd74_dc6c28ea9a7f
	group.instance.id = null
	group.protocol = classic
	group.remote.assignor = null
	heartbeat.interval.ms = 3000
	interceptor.classes = []
	internal.leave.group.on.close = true
	internal.throw.on.fetch.stable.offset.unsupported = false
	isolation.level = read_uncommitted
	key.deserializer = class org.apache.kafka.common.serialization.StringDeserializer
	max.partition.fetch.bytes = 1048576
	max.poll.interval.ms = 300000
	max.poll.records = 500
	metadata.max.age.ms = 300000
	metadata.recovery.strategy = none
	metric.reporters = []
	metrics.num.samples = 2
	metrics.recording.level = INFO
	metrics.sample.window.ms = 30000
	partition.assignment.strategy = [class org.apache.kafka.clients.consumer.RangeAssignor, class org.apache.kafka.clients.consumer.CooperativeStickyAssignor]
	receive.buffer.bytes = 65536
	reconnect.backoff.max.ms = 1000
	reconnect.backoff.ms = 50
	request.timeout.ms = 5000
	retry.backoff.max.ms = 1000
	retry.backoff.ms = 100
	sasl.client.callback.handler.class = null
	sasl.jaas.config = null
	sasl.kerberos.kinit.cmd = /usr/bin/kinit
	sasl.kerberos.min.time.before.relogin = 60000
	sasl.kerberos.service.name = null
	sasl.kerberos.ticket.renew.jitter = 0.05
	sasl.kerberos.ticket.renew.window.factor = 0.8
	sasl.login.callback.handler.class = null
	sasl.login.class = null
	sasl.login.connect.timeout.ms = null
	sasl.login.read.timeout.ms = null
	sasl.login.refresh.buffer.seconds = 300
	sasl.login.refresh.min.period.seconds = 60
	sasl.login.refresh.window.factor = 0.8
	sasl.login.refresh.window.jitter = 0.05
	sasl.login.retry.backoff.max.ms = 10000
	sasl.login.retry.backoff.ms = 100
	sasl.mechanism = GSSAPI
	sasl.oauthbearer.clock.skew.seconds = 30
	sasl.oauthbearer.expected.audience = null
	sasl.oauthbearer.expected.issuer = null
	sasl.oauthbearer.header.urlencode = false
	sasl.oauthbearer.jwks.endpoint.refresh.ms = 3600000
	sasl.oauthbearer.jwks.endpoint.retry.backoff.max.ms = 10000
	sasl.oauthbearer.jwks.endpoint.retry.backoff.ms = 100
	sasl.oauthbearer.jwks.endpoint.url = null
	sasl.oauthbearer.scope.claim.name = scope
	sasl.oauthbearer.sub.claim.name = sub
	sasl.oauthbearer.token.endpoint.url = null
	security.protocol = PLAINTEXT
	security.providers = null
	send.buffer.bytes = 131072
	session.timeout.ms = 45000
	socket.connection.setup.timeout.max.ms = 30000
	socket.connection.setup.timeout.ms = 10000
	ssl.cipher.suites = null
	ssl.enabled.protocols = [TLSv1.2, TLSv1.3]
	ssl.endpoint.identification.algorithm = https
	ssl.engine.factory.class = null
	ssl.key.password = null
	ssl.keymanager.algorithm = SunX509
	ssl.keystore.certificate.chain = null
	ssl.keystore.key = null
	ssl.keystore.location = null
	ssl.keystore.password = null
	ssl.keystore.type = JKS
	ssl.protocol = TLSv1.3
	ssl.provider = null
	ssl.secure.random.implementation = null
	ssl.trustmanager.algorithm = PKIX
	ssl.truststore.certificates = null
	ssl.truststore.location = null
	ssl.truststore.password = null
	ssl.truststore.type = JKS
	value.deserializer = class io.apicurio.registry.serde.avro.AvroKafkaDeserializer

2025-08-13 16:46:51,490 INFO  [org.apa.kaf.com.tel.int.KafkaMetricsCollector] (main) initializing Kafka metrics collector
2025-08-13 16:46:51,499 INFO  [org.apa.kaf.cli.con.ConsumerConfig] (main) These configurations '[apicurio.registry.url]' were supplied but are not used yet.
2025-08-13 16:46:51,499 INFO  [org.apa.kaf.com.uti.AppInfoParser] (main) Kafka version: 3.9.1
2025-08-13 16:46:51,499 INFO  [org.apa.kaf.com.uti.AppInfoParser] (main) Kafka commitId: f745dfdcee2b9851
2025-08-13 16:46:51,500 INFO  [org.apa.kaf.com.uti.AppInfoParser] (main) Kafka startTimeMs: 1755103611499
2025-08-13 16:46:51,500 INFO  [org.apa.kaf.cli.con.int.ClassicKafkaConsumer] (Thread-624) [Consumer clientId=consumer-Consumer-topic-2fd611d6_e851_40fa_bd74_dc6c28ea9a7f-4, groupId=Consumer-topic-2fd611d6_e851_40fa_bd74_dc6c28ea9a7f] Subscribed to topic(s): topic-2fd611d6_e851_40fa_bd74_dc6c28ea9a7f
2025-08-13 16:46:51,513 INFO  [org.apa.kaf.cli.Metadata] (Thread-624) [Consumer clientId=consumer-Consumer-topic-2fd611d6_e851_40fa_bd74_dc6c28ea9a7f-4, groupId=Consumer-topic-2fd611d6_e851_40fa_bd74_dc6c28ea9a7f] Cluster ID: 2Q56eJUuTz2w_13NlVd4Hw
2025-08-13 16:46:51,515 INFO  [org.apa.kaf.cli.con.int.ConsumerCoordinator] (Thread-624) [Consumer clientId=consumer-Consumer-topic-2fd611d6_e851_40fa_bd74_dc6c28ea9a7f-4, groupId=Consumer-topic-2fd611d6_e851_40fa_bd74_dc6c28ea9a7f] Discovered group coordinator localhost:32769 (id: 2147483647 rack: null)
2025-08-13 16:46:51,518 INFO  [org.apa.kaf.cli.con.int.ConsumerCoordinator] (Thread-624) [Consumer clientId=consumer-Consumer-topic-2fd611d6_e851_40fa_bd74_dc6c28ea9a7f-4, groupId=Consumer-topic-2fd611d6_e851_40fa_bd74_dc6c28ea9a7f] (Re-)joining group
2025-08-13 16:46:51,522 INFO  [org.apa.kaf.cli.con.int.ConsumerCoordinator] (Thread-624) [Consumer clientId=consumer-Consumer-topic-2fd611d6_e851_40fa_bd74_dc6c28ea9a7f-4, groupId=Consumer-topic-2fd611d6_e851_40fa_bd74_dc6c28ea9a7f] Request joining group due to: need to re-join with the given member-id: consumer-Consumer-topic-2fd611d6_e851_40fa_bd74_dc6c28ea9a7f-4-28511276-c901-4119-827c-d609e2e38781
2025-08-13 16:46:51,523 INFO  [org.apa.kaf.cli.con.int.ConsumerCoordinator] (Thread-624) [Consumer clientId=consumer-Consumer-topic-2fd611d6_e851_40fa_bd74_dc6c28ea9a7f-4, groupId=Consumer-topic-2fd611d6_e851_40fa_bd74_dc6c28ea9a7f] (Re-)joining group
2025-08-13 16:46:52,502 INFO  [io.api.tes.ser.api.KafkaSerdesTester] (Thread-624) None found
2025-08-13 16:46:53,503 INFO  [io.api.tes.ser.api.KafkaSerdesTester] (Thread-624) None found
2025-08-13 16:46:54,503 INFO  [io.api.tes.ser.api.KafkaSerdesTester] (Thread-624) None found
2025-08-13 16:46:54,527 INFO  [org.apa.kaf.cli.con.int.ConsumerCoordinator] (Thread-624) [Consumer clientId=consumer-Consumer-topic-2fd611d6_e851_40fa_bd74_dc6c28ea9a7f-4, groupId=Consumer-topic-2fd611d6_e851_40fa_bd74_dc6c28ea9a7f] Successfully joined group with generation Generation{generationId=1, memberId='consumer-Consumer-topic-2fd611d6_e851_40fa_bd74_dc6c28ea9a7f-4-28511276-c901-4119-827c-d609e2e38781', protocol='range'}
2025-08-13 16:46:54,528 INFO  [org.apa.kaf.cli.con.int.ConsumerCoordinator] (Thread-624) [Consumer clientId=consumer-Consumer-topic-2fd611d6_e851_40fa_bd74_dc6c28ea9a7f-4, groupId=Consumer-topic-2fd611d6_e851_40fa_bd74_dc6c28ea9a7f] Finished assignment for group at generation 1: {consumer-Consumer-topic-2fd611d6_e851_40fa_bd74_dc6c28ea9a7f-4-28511276-c901-4119-827c-d609e2e38781=Assignment(partitions=[topic-2fd611d6_e851_40fa_bd74_dc6c28ea9a7f-0])}
2025-08-13 16:46:54,537 INFO  [org.apa.kaf.cli.con.int.ConsumerCoordinator] (Thread-624) [Consumer clientId=consumer-Consumer-topic-2fd611d6_e851_40fa_bd74_dc6c28ea9a7f-4, groupId=Consumer-topic-2fd611d6_e851_40fa_bd74_dc6c28ea9a7f] Successfully synced group in generation Generation{generationId=1, memberId='consumer-Consumer-topic-2fd611d6_e851_40fa_bd74_dc6c28ea9a7f-4-28511276-c901-4119-827c-d609e2e38781', protocol='range'}
2025-08-13 16:46:54,538 INFO  [org.apa.kaf.cli.con.int.ConsumerCoordinator] (Thread-624) [Consumer clientId=consumer-Consumer-topic-2fd611d6_e851_40fa_bd74_dc6c28ea9a7f-4, groupId=Consumer-topic-2fd611d6_e851_40fa_bd74_dc6c28ea9a7f] Notifying assignor about the new Assignment(partitions=[topic-2fd611d6_e851_40fa_bd74_dc6c28ea9a7f-0])
2025-08-13 16:46:54,538 INFO  [org.apa.kaf.cli.con.int.ConsumerRebalanceListenerInvoker] (Thread-624) [Consumer clientId=consumer-Consumer-topic-2fd611d6_e851_40fa_bd74_dc6c28ea9a7f-4, groupId=Consumer-topic-2fd611d6_e851_40fa_bd74_dc6c28ea9a7f] Adding newly assigned partitions: topic-2fd611d6_e851_40fa_bd74_dc6c28ea9a7f-0
2025-08-13 16:46:54,540 INFO  [org.apa.kaf.cli.con.int.ConsumerCoordinator] (Thread-624) [Consumer clientId=consumer-Consumer-topic-2fd611d6_e851_40fa_bd74_dc6c28ea9a7f-4, groupId=Consumer-topic-2fd611d6_e851_40fa_bd74_dc6c28ea9a7f] Found no committed offset for partition topic-2fd611d6_e851_40fa_bd74_dc6c28ea9a7f-0
2025-08-13 16:46:54,545 INFO  [org.apa.kaf.cli.con.int.SubscriptionState] (Thread-624) [Consumer clientId=consumer-Consumer-topic-2fd611d6_e851_40fa_bd74_dc6c28ea9a7f-4, groupId=Consumer-topic-2fd611d6_e851_40fa_bd74_dc6c28ea9a7f] Resetting offset for partition topic-2fd611d6_e851_40fa_bd74_dc6c28ea9a7f-0 to position FetchPosition{offset=0, offsetEpoch=Optional.empty, currentLeader=LeaderAndEpoch{leader=Optional[localhost:32769 (id: 0 rack: null)], epoch=0}}.
2025-08-13 16:46:54,786 INFO  [io.api.tes.ser.api.KafkaSerdesTester] (Thread-624) topic-2fd611d6_e851_40fa_bd74_dc6c28ea9a7f 0 0 {"key11755103610948": "value-0"}
2025-08-13 16:46:54,786 INFO  [io.api.tes.ser.api.KafkaSerdesTester] (Thread-624) topic-2fd611d6_e851_40fa_bd74_dc6c28ea9a7f 0 1 {"key11755103610948": "value-1"}
2025-08-13 16:46:54,786 INFO  [io.api.tes.ser.api.KafkaSerdesTester] (Thread-624) topic-2fd611d6_e851_40fa_bd74_dc6c28ea9a7f 0 2 {"key11755103610948": "value-2"}
2025-08-13 16:46:54,786 INFO  [io.api.tes.ser.api.KafkaSerdesTester] (Thread-624) topic-2fd611d6_e851_40fa_bd74_dc6c28ea9a7f 0 3 {"key11755103610948": "value-3"}
2025-08-13 16:46:54,786 INFO  [io.api.tes.ser.api.KafkaSerdesTester] (Thread-624) topic-2fd611d6_e851_40fa_bd74_dc6c28ea9a7f 0 4 {"key11755103610948": "value-4"}
2025-08-13 16:46:54,786 INFO  [io.api.tes.ser.api.KafkaSerdesTester] (Thread-624) topic-2fd611d6_e851_40fa_bd74_dc6c28ea9a7f 0 5 {"key11755103610948": "value-5"}
2025-08-13 16:46:54,787 INFO  [io.api.tes.ser.api.KafkaSerdesTester] (Thread-624) topic-2fd611d6_e851_40fa_bd74_dc6c28ea9a7f 0 6 {"key11755103610948": "value-6"}
2025-08-13 16:46:54,787 INFO  [io.api.tes.ser.api.KafkaSerdesTester] (Thread-624) topic-2fd611d6_e851_40fa_bd74_dc6c28ea9a7f 0 7 {"key11755103610948": "value-7"}
2025-08-13 16:46:54,787 INFO  [io.api.tes.ser.api.KafkaSerdesTester] (Thread-624) topic-2fd611d6_e851_40fa_bd74_dc6c28ea9a7f 0 8 {"key11755103610948": "value-8"}
2025-08-13 16:46:54,787 INFO  [io.api.tes.ser.api.KafkaSerdesTester] (Thread-624) topic-2fd611d6_e851_40fa_bd74_dc6c28ea9a7f 0 9 {"key11755103610948": "value-9"}
2025-08-13 16:46:54,787 INFO  [io.api.tes.ser.api.KafkaSerdesTester] (Thread-624) Consumed 10 messages
2025-08-13 16:46:54,795 INFO  [org.apa.kaf.cli.con.int.ConsumerRebalanceListenerInvoker] (Thread-624) [Consumer clientId=consumer-Consumer-topic-2fd611d6_e851_40fa_bd74_dc6c28ea9a7f-4, groupId=Consumer-topic-2fd611d6_e851_40fa_bd74_dc6c28ea9a7f] Revoke previously assigned partitions topic-2fd611d6_e851_40fa_bd74_dc6c28ea9a7f-0
2025-08-13 16:46:54,795 INFO  [org.apa.kaf.cli.con.int.ConsumerCoordinator] (Thread-624) [Consumer clientId=consumer-Consumer-topic-2fd611d6_e851_40fa_bd74_dc6c28ea9a7f-4, groupId=Consumer-topic-2fd611d6_e851_40fa_bd74_dc6c28ea9a7f] Member consumer-Consumer-topic-2fd611d6_e851_40fa_bd74_dc6c28ea9a7f-4-28511276-c901-4119-827c-d609e2e38781 sending LeaveGroup request to coordinator localhost:32769 (id: 2147483647 rack: null) due to the consumer is being closed
2025-08-13 16:46:54,796 INFO  [org.apa.kaf.cli.con.int.ConsumerCoordinator] (Thread-624) [Consumer clientId=consumer-Consumer-topic-2fd611d6_e851_40fa_bd74_dc6c28ea9a7f-4, groupId=Consumer-topic-2fd611d6_e851_40fa_bd74_dc6c28ea9a7f] Resetting generation and member id due to: consumer pro-actively leaving the group
2025-08-13 16:46:54,796 INFO  [org.apa.kaf.cli.con.int.ConsumerCoordinator] (Thread-624) [Consumer clientId=consumer-Consumer-topic-2fd611d6_e851_40fa_bd74_dc6c28ea9a7f-4, groupId=Consumer-topic-2fd611d6_e851_40fa_bd74_dc6c28ea9a7f] Request joining group due to: consumer pro-actively leaving the group
2025-08-13 16:46:55,291 INFO  [org.apa.kaf.com.met.Metrics] (Thread-624) Metrics scheduler closed
2025-08-13 16:46:55,291 INFO  [org.apa.kaf.com.met.Metrics] (Thread-624) Closing reporter org.apache.kafka.common.metrics.JmxReporter
2025-08-13 16:46:55,291 INFO  [org.apa.kaf.com.met.Metrics] (Thread-624) Closing reporter org.apache.kafka.common.telemetry.internals.ClientTelemetryReporter
2025-08-13 16:46:55,291 INFO  [org.apa.kaf.com.met.Metrics] (Thread-624) Metrics reporters closed
2025-08-13 16:46:55,295 INFO  [org.apa.kaf.com.uti.AppInfoParser] (Thread-624) App info kafka.consumer for consumer-Consumer-topic-2fd611d6_e851_40fa_bd74_dc6c28ea9a7f-4 unregistered
2025-08-13 16:46:55,454 INFO  [io.api.tes.uti.TestSeparator] (main) io.apicurio.tests.serdes.apicurio.AvroSerdeIT.testTopicIdStrategyAutoRegister-FINISHED
2025-08-13 16:46:55,454 INFO  [io.api.tes.uti.TestSeparator] (main) ############################################################################
Test passed: testTopicIdStrategyAutoRegister
]]></system-out>
  </testcase>
  <testcase name="testRecordIdStrategydFindLatest" classname="io.apicurio.tests.serdes.apicurio.AvroSerdeIT" time="5.363">
    <system-out><![CDATA[2025-08-13 16:46:55,456 INFO  [io.api.tes.uti.TestSeparator] (main) ############################################################################
2025-08-13 16:46:55,456 INFO  [io.api.tes.uti.TestSeparator] (main) io.apicurio.tests.serdes.apicurio.AvroSerdeIT.testRecordIdStrategydFindLatest-STARTED
2025-08-13 16:46:55,457 INFO  [io.api.tes.ser.api.AvroSerdeIT] (main) Registering Avro Schema: {"type":"record","name":"s51ab8f56xbe47x476bx9142x31e7a3369de3","namespace":"s4f7bf4aex0ef7x40aex856ax64708c546714","fields":[{"name":"key11755103615456","type":"string"}]}
**** Registry Base URL: http://registry-app-ksql043.apps.ci419.apicurio-testing.org:80
2025-08-13 16:46:56,658 INFO  [org.apa.kaf.cli.pro.ProducerConfig] (main) ProducerConfig values: 
	acks = -1
	auto.include.jmx.reporter = true
	batch.size = 16384
	bootstrap.servers = [PLAINTEXT://localhost:32769]
	buffer.memory = 33554432
	client.dns.lookup = use_all_dns_ips
	client.id = Producer-topic-ce5f6b4d_90fc_4446_9fdd_ae09812fc60b
	compression.gzip.level = -1
	compression.lz4.level = 9
	compression.type = none
	compression.zstd.level = 3
	connections.max.idle.ms = 10000
	delivery.timeout.ms = 120000
	enable.idempotence = true
	enable.metrics.push = true
	interceptor.classes = []
	key.serializer = class org.apache.kafka.common.serialization.StringSerializer
	linger.ms = 0
	max.block.ms = 60000
	max.in.flight.requests.per.connection = 5
	max.request.size = 1048576
	metadata.max.age.ms = 300000
	metadata.max.idle.ms = 300000
	metadata.recovery.strategy = none
	metric.reporters = []
	metrics.num.samples = 2
	metrics.recording.level = INFO
	metrics.sample.window.ms = 30000
	partitioner.adaptive.partitioning.enable = true
	partitioner.availability.timeout.ms = 0
	partitioner.class = null
	partitioner.ignore.keys = false
	receive.buffer.bytes = 32768
	reconnect.backoff.max.ms = 1000
	reconnect.backoff.ms = 50
	request.timeout.ms = 5000
	retries = 2147483647
	retry.backoff.max.ms = 1000
	retry.backoff.ms = 100
	sasl.client.callback.handler.class = null
	sasl.jaas.config = null
	sasl.kerberos.kinit.cmd = /usr/bin/kinit
	sasl.kerberos.min.time.before.relogin = 60000
	sasl.kerberos.service.name = null
	sasl.kerberos.ticket.renew.jitter = 0.05
	sasl.kerberos.ticket.renew.window.factor = 0.8
	sasl.login.callback.handler.class = null
	sasl.login.class = null
	sasl.login.connect.timeout.ms = null
	sasl.login.read.timeout.ms = null
	sasl.login.refresh.buffer.seconds = 300
	sasl.login.refresh.min.period.seconds = 60
	sasl.login.refresh.window.factor = 0.8
	sasl.login.refresh.window.jitter = 0.05
	sasl.login.retry.backoff.max.ms = 10000
	sasl.login.retry.backoff.ms = 100
	sasl.mechanism = GSSAPI
	sasl.oauthbearer.clock.skew.seconds = 30
	sasl.oauthbearer.expected.audience = null
	sasl.oauthbearer.expected.issuer = null
	sasl.oauthbearer.header.urlencode = false
	sasl.oauthbearer.jwks.endpoint.refresh.ms = 3600000
	sasl.oauthbearer.jwks.endpoint.retry.backoff.max.ms = 10000
	sasl.oauthbearer.jwks.endpoint.retry.backoff.ms = 100
	sasl.oauthbearer.jwks.endpoint.url = null
	sasl.oauthbearer.scope.claim.name = scope
	sasl.oauthbearer.sub.claim.name = sub
	sasl.oauthbearer.token.endpoint.url = null
	security.protocol = PLAINTEXT
	security.providers = null
	send.buffer.bytes = 131072
	socket.connection.setup.timeout.max.ms = 30000
	socket.connection.setup.timeout.ms = 10000
	ssl.cipher.suites = null
	ssl.enabled.protocols = [TLSv1.2, TLSv1.3]
	ssl.endpoint.identification.algorithm = https
	ssl.engine.factory.class = null
	ssl.key.password = null
	ssl.keymanager.algorithm = SunX509
	ssl.keystore.certificate.chain = null
	ssl.keystore.key = null
	ssl.keystore.location = null
	ssl.keystore.password = null
	ssl.keystore.type = JKS
	ssl.protocol = TLSv1.3
	ssl.provider = null
	ssl.secure.random.implementation = null
	ssl.trustmanager.algorithm = PKIX
	ssl.truststore.certificates = null
	ssl.truststore.location = null
	ssl.truststore.password = null
	ssl.truststore.type = JKS
	transaction.timeout.ms = 60000
	transactional.id = null
	value.serializer = class io.apicurio.registry.serde.avro.AvroKafkaSerializer

2025-08-13 16:46:56,658 INFO  [org.apa.kaf.com.tel.int.KafkaMetricsCollector] (main) initializing Kafka metrics collector
2025-08-13 16:46:56,662 INFO  [org.apa.kaf.cli.pro.KafkaProducer] (main) [Producer clientId=Producer-topic-ce5f6b4d_90fc_4446_9fdd_ae09812fc60b] Instantiated an idempotent producer.
2025-08-13 16:46:56,668 INFO  [org.apa.kaf.cli.pro.ProducerConfig] (main) These configurations '[apicurio.registry.find-latest, apicurio.registry.url, apicurio.registry.artifact-resolver-strategy]' were supplied but are not used yet.
2025-08-13 16:46:56,668 INFO  [org.apa.kaf.com.uti.AppInfoParser] (main) Kafka version: 3.9.1
2025-08-13 16:46:56,668 INFO  [org.apa.kaf.com.uti.AppInfoParser] (main) Kafka commitId: f745dfdcee2b9851
2025-08-13 16:46:56,668 INFO  [org.apa.kaf.com.uti.AppInfoParser] (main) Kafka startTimeMs: 1755103616668
2025-08-13 16:46:56,668 INFO  [io.api.tes.ser.api.SimpleSerdesTesterBuilder$SimpleSerdesTester] (main) Using producer configuration: {apicurio.registry.find-latest=true, apicurio.registry.url=http://registry-app-ksql043.apps.ci419.apicurio-testing.org:80/apis/registry/v3, apicurio.registry.artifact-resolver-strategy=io.apicurio.registry.serde.avro.strategy.RecordIdStrategy, value.serializer=io.apicurio.registry.serde.avro.AvroKafkaSerializer, request.timeout.ms=5000, acks=all, bootstrap.servers=PLAINTEXT://localhost:32769, connections.max.idle.ms=10000, key.serializer=org.apache.kafka.common.serialization.StringSerializer, client.id=Producer-topic-ce5f6b4d_90fc_4446_9fdd_ae09812fc60b}
2025-08-13 16:46:56,668 INFO  [io.api.tes.ser.api.SimpleSerdesTesterBuilder$SimpleSerdesTester] (main) Using consumer configuration: {}
2025-08-13 16:46:56,670 INFO  [io.api.tes.ser.api.KafkaSerdesTester] (Thread-627) Sending message {"key11755103615456": "value-0"} to topic topic-ce5f6b4d_90fc_4446_9fdd_ae09812fc60b
2025-08-13 16:46:56,673 INFO  [org.apa.kaf.cli.Metadata] (kafka-producer-network-thread | Producer-topic-ce5f6b4d_90fc_4446_9fdd_ae09812fc60b) [Producer clientId=Producer-topic-ce5f6b4d_90fc_4446_9fdd_ae09812fc60b] Cluster ID: 2Q56eJUuTz2w_13NlVd4Hw
2025-08-13 16:46:56,675 INFO  [org.apa.kaf.cli.pro.int.TransactionManager] (kafka-producer-network-thread | Producer-topic-ce5f6b4d_90fc_4446_9fdd_ae09812fc60b) [Producer clientId=Producer-topic-ce5f6b4d_90fc_4446_9fdd_ae09812fc60b] ProducerId set to 5 with epoch 0
2025-08-13 16:46:56,986 INFO  [io.api.tes.ser.api.KafkaSerdesTester] (Thread-627) Sending message {"key11755103615456": "value-1"} to topic topic-ce5f6b4d_90fc_4446_9fdd_ae09812fc60b
2025-08-13 16:46:56,992 INFO  [io.api.tes.ser.api.KafkaSerdesTester] (Thread-627) Sending message {"key11755103615456": "value-2"} to topic topic-ce5f6b4d_90fc_4446_9fdd_ae09812fc60b
2025-08-13 16:46:56,995 INFO  [io.api.tes.ser.api.KafkaSerdesTester] (Thread-627) Sending message {"key11755103615456": "value-3"} to topic topic-ce5f6b4d_90fc_4446_9fdd_ae09812fc60b
2025-08-13 16:46:56,998 INFO  [io.api.tes.ser.api.KafkaSerdesTester] (Thread-627) Sending message {"key11755103615456": "value-4"} to topic topic-ce5f6b4d_90fc_4446_9fdd_ae09812fc60b
2025-08-13 16:46:57,001 INFO  [io.api.tes.ser.api.KafkaSerdesTester] (Thread-627) Sending message {"key11755103615456": "value-5"} to topic topic-ce5f6b4d_90fc_4446_9fdd_ae09812fc60b
2025-08-13 16:46:57,003 INFO  [io.api.tes.ser.api.KafkaSerdesTester] (Thread-627) Sending message {"key11755103615456": "value-6"} to topic topic-ce5f6b4d_90fc_4446_9fdd_ae09812fc60b
2025-08-13 16:46:57,006 INFO  [io.api.tes.ser.api.KafkaSerdesTester] (Thread-627) Sending message {"key11755103615456": "value-7"} to topic topic-ce5f6b4d_90fc_4446_9fdd_ae09812fc60b
2025-08-13 16:46:57,009 INFO  [io.api.tes.ser.api.KafkaSerdesTester] (Thread-627) Sending message {"key11755103615456": "value-8"} to topic topic-ce5f6b4d_90fc_4446_9fdd_ae09812fc60b
2025-08-13 16:46:57,011 INFO  [io.api.tes.ser.api.KafkaSerdesTester] (Thread-627) Sending message {"key11755103615456": "value-9"} to topic topic-ce5f6b4d_90fc_4446_9fdd_ae09812fc60b
2025-08-13 16:46:57,014 INFO  [io.api.tes.ser.api.KafkaSerdesTester] (Thread-627) Produced 10 messages
2025-08-13 16:46:57,014 INFO  [org.apa.kaf.cli.pro.KafkaProducer] (Thread-627) [Producer clientId=Producer-topic-ce5f6b4d_90fc_4446_9fdd_ae09812fc60b] Closing the Kafka producer with timeoutMillis = 9223372036854775807 ms.
2025-08-13 16:46:57,016 INFO  [org.apa.kaf.com.met.Metrics] (Thread-627) Metrics scheduler closed
2025-08-13 16:46:57,016 INFO  [org.apa.kaf.com.met.Metrics] (Thread-627) Closing reporter org.apache.kafka.common.metrics.JmxReporter
2025-08-13 16:46:57,017 INFO  [org.apa.kaf.com.met.Metrics] (Thread-627) Closing reporter org.apache.kafka.common.telemetry.internals.ClientTelemetryReporter
2025-08-13 16:46:57,017 INFO  [org.apa.kaf.com.met.Metrics] (Thread-627) Metrics reporters closed
2025-08-13 16:46:57,017 INFO  [org.apa.kaf.com.uti.AppInfoParser] (Thread-627) App info kafka.producer for Producer-topic-ce5f6b4d_90fc_4446_9fdd_ae09812fc60b unregistered
**** Registry Base URL: http://registry-app-ksql043.apps.ci419.apicurio-testing.org:80
2025-08-13 16:46:57,018 INFO  [org.apa.kaf.cli.con.ConsumerConfig] (main) ConsumerConfig values: 
	allow.auto.create.topics = true
	auto.commit.interval.ms = 500
	auto.include.jmx.reporter = true
	auto.offset.reset = earliest
	bootstrap.servers = [PLAINTEXT://localhost:32769]
	check.crcs = true
	client.dns.lookup = use_all_dns_ips
	client.id = consumer-Consumer-topic-ce5f6b4d_90fc_4446_9fdd_ae09812fc60b-5
	client.rack = 
	connections.max.idle.ms = 10000
	default.api.timeout.ms = 60000
	enable.auto.commit = true
	enable.metrics.push = true
	exclude.internal.topics = true
	fetch.max.bytes = 52428800
	fetch.max.wait.ms = 500
	fetch.min.bytes = 1
	group.id = Consumer-topic-ce5f6b4d_90fc_4446_9fdd_ae09812fc60b
	group.instance.id = null
	group.protocol = classic
	group.remote.assignor = null
	heartbeat.interval.ms = 3000
	interceptor.classes = []
	internal.leave.group.on.close = true
	internal.throw.on.fetch.stable.offset.unsupported = false
	isolation.level = read_uncommitted
	key.deserializer = class org.apache.kafka.common.serialization.StringDeserializer
	max.partition.fetch.bytes = 1048576
	max.poll.interval.ms = 300000
	max.poll.records = 500
	metadata.max.age.ms = 300000
	metadata.recovery.strategy = none
	metric.reporters = []
	metrics.num.samples = 2
	metrics.recording.level = INFO
	metrics.sample.window.ms = 30000
	partition.assignment.strategy = [class org.apache.kafka.clients.consumer.RangeAssignor, class org.apache.kafka.clients.consumer.CooperativeStickyAssignor]
	receive.buffer.bytes = 65536
	reconnect.backoff.max.ms = 1000
	reconnect.backoff.ms = 50
	request.timeout.ms = 5000
	retry.backoff.max.ms = 1000
	retry.backoff.ms = 100
	sasl.client.callback.handler.class = null
	sasl.jaas.config = null
	sasl.kerberos.kinit.cmd = /usr/bin/kinit
	sasl.kerberos.min.time.before.relogin = 60000
	sasl.kerberos.service.name = null
	sasl.kerberos.ticket.renew.jitter = 0.05
	sasl.kerberos.ticket.renew.window.factor = 0.8
	sasl.login.callback.handler.class = null
	sasl.login.class = null
	sasl.login.connect.timeout.ms = null
	sasl.login.read.timeout.ms = null
	sasl.login.refresh.buffer.seconds = 300
	sasl.login.refresh.min.period.seconds = 60
	sasl.login.refresh.window.factor = 0.8
	sasl.login.refresh.window.jitter = 0.05
	sasl.login.retry.backoff.max.ms = 10000
	sasl.login.retry.backoff.ms = 100
	sasl.mechanism = GSSAPI
	sasl.oauthbearer.clock.skew.seconds = 30
	sasl.oauthbearer.expected.audience = null
	sasl.oauthbearer.expected.issuer = null
	sasl.oauthbearer.header.urlencode = false
	sasl.oauthbearer.jwks.endpoint.refresh.ms = 3600000
	sasl.oauthbearer.jwks.endpoint.retry.backoff.max.ms = 10000
	sasl.oauthbearer.jwks.endpoint.retry.backoff.ms = 100
	sasl.oauthbearer.jwks.endpoint.url = null
	sasl.oauthbearer.scope.claim.name = scope
	sasl.oauthbearer.sub.claim.name = sub
	sasl.oauthbearer.token.endpoint.url = null
	security.protocol = PLAINTEXT
	security.providers = null
	send.buffer.bytes = 131072
	session.timeout.ms = 45000
	socket.connection.setup.timeout.max.ms = 30000
	socket.connection.setup.timeout.ms = 10000
	ssl.cipher.suites = null
	ssl.enabled.protocols = [TLSv1.2, TLSv1.3]
	ssl.endpoint.identification.algorithm = https
	ssl.engine.factory.class = null
	ssl.key.password = null
	ssl.keymanager.algorithm = SunX509
	ssl.keystore.certificate.chain = null
	ssl.keystore.key = null
	ssl.keystore.location = null
	ssl.keystore.password = null
	ssl.keystore.type = JKS
	ssl.protocol = TLSv1.3
	ssl.provider = null
	ssl.secure.random.implementation = null
	ssl.trustmanager.algorithm = PKIX
	ssl.truststore.certificates = null
	ssl.truststore.location = null
	ssl.truststore.password = null
	ssl.truststore.type = JKS
	value.deserializer = class io.apicurio.registry.serde.avro.AvroKafkaDeserializer

2025-08-13 16:46:57,018 INFO  [org.apa.kaf.com.tel.int.KafkaMetricsCollector] (main) initializing Kafka metrics collector
2025-08-13 16:46:57,026 INFO  [org.apa.kaf.cli.con.ConsumerConfig] (main) These configurations '[apicurio.registry.url]' were supplied but are not used yet.
2025-08-13 16:46:57,026 INFO  [org.apa.kaf.com.uti.AppInfoParser] (main) Kafka version: 3.9.1
2025-08-13 16:46:57,026 INFO  [org.apa.kaf.com.uti.AppInfoParser] (main) Kafka commitId: f745dfdcee2b9851
2025-08-13 16:46:57,026 INFO  [org.apa.kaf.com.uti.AppInfoParser] (main) Kafka startTimeMs: 1755103617026
2025-08-13 16:46:57,028 INFO  [org.apa.kaf.cli.con.int.ClassicKafkaConsumer] (Thread-630) [Consumer clientId=consumer-Consumer-topic-ce5f6b4d_90fc_4446_9fdd_ae09812fc60b-5, groupId=Consumer-topic-ce5f6b4d_90fc_4446_9fdd_ae09812fc60b] Subscribed to topic(s): topic-ce5f6b4d_90fc_4446_9fdd_ae09812fc60b
2025-08-13 16:46:57,041 INFO  [org.apa.kaf.cli.Metadata] (Thread-630) [Consumer clientId=consumer-Consumer-topic-ce5f6b4d_90fc_4446_9fdd_ae09812fc60b-5, groupId=Consumer-topic-ce5f6b4d_90fc_4446_9fdd_ae09812fc60b] Cluster ID: 2Q56eJUuTz2w_13NlVd4Hw
2025-08-13 16:46:57,041 INFO  [org.apa.kaf.cli.con.int.ConsumerCoordinator] (Thread-630) [Consumer clientId=consumer-Consumer-topic-ce5f6b4d_90fc_4446_9fdd_ae09812fc60b-5, groupId=Consumer-topic-ce5f6b4d_90fc_4446_9fdd_ae09812fc60b] Discovered group coordinator localhost:32769 (id: 2147483647 rack: null)
2025-08-13 16:46:57,045 INFO  [org.apa.kaf.cli.con.int.ConsumerCoordinator] (Thread-630) [Consumer clientId=consumer-Consumer-topic-ce5f6b4d_90fc_4446_9fdd_ae09812fc60b-5, groupId=Consumer-topic-ce5f6b4d_90fc_4446_9fdd_ae09812fc60b] (Re-)joining group
2025-08-13 16:46:57,051 INFO  [org.apa.kaf.cli.con.int.ConsumerCoordinator] (Thread-630) [Consumer clientId=consumer-Consumer-topic-ce5f6b4d_90fc_4446_9fdd_ae09812fc60b-5, groupId=Consumer-topic-ce5f6b4d_90fc_4446_9fdd_ae09812fc60b] Request joining group due to: need to re-join with the given member-id: consumer-Consumer-topic-ce5f6b4d_90fc_4446_9fdd_ae09812fc60b-5-50728afa-2a0f-4f89-aff9-101b815fadbe
2025-08-13 16:46:57,051 INFO  [org.apa.kaf.cli.con.int.ConsumerCoordinator] (Thread-630) [Consumer clientId=consumer-Consumer-topic-ce5f6b4d_90fc_4446_9fdd_ae09812fc60b-5, groupId=Consumer-topic-ce5f6b4d_90fc_4446_9fdd_ae09812fc60b] (Re-)joining group
2025-08-13 16:46:58,029 INFO  [io.api.tes.ser.api.KafkaSerdesTester] (Thread-630) None found
2025-08-13 16:46:59,029 INFO  [io.api.tes.ser.api.KafkaSerdesTester] (Thread-630) None found
2025-08-13 16:47:00,030 INFO  [io.api.tes.ser.api.KafkaSerdesTester] (Thread-630) None found
2025-08-13 16:47:00,055 INFO  [org.apa.kaf.cli.con.int.ConsumerCoordinator] (Thread-630) [Consumer clientId=consumer-Consumer-topic-ce5f6b4d_90fc_4446_9fdd_ae09812fc60b-5, groupId=Consumer-topic-ce5f6b4d_90fc_4446_9fdd_ae09812fc60b] Successfully joined group with generation Generation{generationId=1, memberId='consumer-Consumer-topic-ce5f6b4d_90fc_4446_9fdd_ae09812fc60b-5-50728afa-2a0f-4f89-aff9-101b815fadbe', protocol='range'}
2025-08-13 16:47:00,055 INFO  [org.apa.kaf.cli.con.int.ConsumerCoordinator] (Thread-630) [Consumer clientId=consumer-Consumer-topic-ce5f6b4d_90fc_4446_9fdd_ae09812fc60b-5, groupId=Consumer-topic-ce5f6b4d_90fc_4446_9fdd_ae09812fc60b] Finished assignment for group at generation 1: {consumer-Consumer-topic-ce5f6b4d_90fc_4446_9fdd_ae09812fc60b-5-50728afa-2a0f-4f89-aff9-101b815fadbe=Assignment(partitions=[topic-ce5f6b4d_90fc_4446_9fdd_ae09812fc60b-0])}
2025-08-13 16:47:00,062 INFO  [org.apa.kaf.cli.con.int.ConsumerCoordinator] (Thread-630) [Consumer clientId=consumer-Consumer-topic-ce5f6b4d_90fc_4446_9fdd_ae09812fc60b-5, groupId=Consumer-topic-ce5f6b4d_90fc_4446_9fdd_ae09812fc60b] Successfully synced group in generation Generation{generationId=1, memberId='consumer-Consumer-topic-ce5f6b4d_90fc_4446_9fdd_ae09812fc60b-5-50728afa-2a0f-4f89-aff9-101b815fadbe', protocol='range'}
2025-08-13 16:47:00,063 INFO  [org.apa.kaf.cli.con.int.ConsumerCoordinator] (Thread-630) [Consumer clientId=consumer-Consumer-topic-ce5f6b4d_90fc_4446_9fdd_ae09812fc60b-5, groupId=Consumer-topic-ce5f6b4d_90fc_4446_9fdd_ae09812fc60b] Notifying assignor about the new Assignment(partitions=[topic-ce5f6b4d_90fc_4446_9fdd_ae09812fc60b-0])
2025-08-13 16:47:00,063 INFO  [org.apa.kaf.cli.con.int.ConsumerRebalanceListenerInvoker] (Thread-630) [Consumer clientId=consumer-Consumer-topic-ce5f6b4d_90fc_4446_9fdd_ae09812fc60b-5, groupId=Consumer-topic-ce5f6b4d_90fc_4446_9fdd_ae09812fc60b] Adding newly assigned partitions: topic-ce5f6b4d_90fc_4446_9fdd_ae09812fc60b-0
2025-08-13 16:47:00,064 INFO  [org.apa.kaf.cli.con.int.ConsumerCoordinator] (Thread-630) [Consumer clientId=consumer-Consumer-topic-ce5f6b4d_90fc_4446_9fdd_ae09812fc60b-5, groupId=Consumer-topic-ce5f6b4d_90fc_4446_9fdd_ae09812fc60b] Found no committed offset for partition topic-ce5f6b4d_90fc_4446_9fdd_ae09812fc60b-0
2025-08-13 16:47:00,069 INFO  [org.apa.kaf.cli.con.int.SubscriptionState] (Thread-630) [Consumer clientId=consumer-Consumer-topic-ce5f6b4d_90fc_4446_9fdd_ae09812fc60b-5, groupId=Consumer-topic-ce5f6b4d_90fc_4446_9fdd_ae09812fc60b] Resetting offset for partition topic-ce5f6b4d_90fc_4446_9fdd_ae09812fc60b-0 to position FetchPosition{offset=0, offsetEpoch=Optional.empty, currentLeader=LeaderAndEpoch{leader=Optional[localhost:32769 (id: 0 rack: null)], epoch=0}}.
2025-08-13 16:47:00,308 INFO  [io.api.tes.ser.api.KafkaSerdesTester] (Thread-630) topic-ce5f6b4d_90fc_4446_9fdd_ae09812fc60b 0 0 {"key11755103615456": "value-0"}
2025-08-13 16:47:00,309 INFO  [io.api.tes.ser.api.KafkaSerdesTester] (Thread-630) topic-ce5f6b4d_90fc_4446_9fdd_ae09812fc60b 0 1 {"key11755103615456": "value-1"}
2025-08-13 16:47:00,309 INFO  [io.api.tes.ser.api.KafkaSerdesTester] (Thread-630) topic-ce5f6b4d_90fc_4446_9fdd_ae09812fc60b 0 2 {"key11755103615456": "value-2"}
2025-08-13 16:47:00,309 INFO  [io.api.tes.ser.api.KafkaSerdesTester] (Thread-630) topic-ce5f6b4d_90fc_4446_9fdd_ae09812fc60b 0 3 {"key11755103615456": "value-3"}
2025-08-13 16:47:00,309 INFO  [io.api.tes.ser.api.KafkaSerdesTester] (Thread-630) topic-ce5f6b4d_90fc_4446_9fdd_ae09812fc60b 0 4 {"key11755103615456": "value-4"}
2025-08-13 16:47:00,309 INFO  [io.api.tes.ser.api.KafkaSerdesTester] (Thread-630) topic-ce5f6b4d_90fc_4446_9fdd_ae09812fc60b 0 5 {"key11755103615456": "value-5"}
2025-08-13 16:47:00,309 INFO  [io.api.tes.ser.api.KafkaSerdesTester] (Thread-630) topic-ce5f6b4d_90fc_4446_9fdd_ae09812fc60b 0 6 {"key11755103615456": "value-6"}
2025-08-13 16:47:00,309 INFO  [io.api.tes.ser.api.KafkaSerdesTester] (Thread-630) topic-ce5f6b4d_90fc_4446_9fdd_ae09812fc60b 0 7 {"key11755103615456": "value-7"}
2025-08-13 16:47:00,309 INFO  [io.api.tes.ser.api.KafkaSerdesTester] (Thread-630) topic-ce5f6b4d_90fc_4446_9fdd_ae09812fc60b 0 8 {"key11755103615456": "value-8"}
2025-08-13 16:47:00,309 INFO  [io.api.tes.ser.api.KafkaSerdesTester] (Thread-630) topic-ce5f6b4d_90fc_4446_9fdd_ae09812fc60b 0 9 {"key11755103615456": "value-9"}
2025-08-13 16:47:00,309 INFO  [io.api.tes.ser.api.KafkaSerdesTester] (Thread-630) Consumed 10 messages
2025-08-13 16:47:00,317 INFO  [org.apa.kaf.cli.con.int.ConsumerRebalanceListenerInvoker] (Thread-630) [Consumer clientId=consumer-Consumer-topic-ce5f6b4d_90fc_4446_9fdd_ae09812fc60b-5, groupId=Consumer-topic-ce5f6b4d_90fc_4446_9fdd_ae09812fc60b] Revoke previously assigned partitions topic-ce5f6b4d_90fc_4446_9fdd_ae09812fc60b-0
2025-08-13 16:47:00,317 INFO  [org.apa.kaf.cli.con.int.ConsumerCoordinator] (Thread-630) [Consumer clientId=consumer-Consumer-topic-ce5f6b4d_90fc_4446_9fdd_ae09812fc60b-5, groupId=Consumer-topic-ce5f6b4d_90fc_4446_9fdd_ae09812fc60b] Member consumer-Consumer-topic-ce5f6b4d_90fc_4446_9fdd_ae09812fc60b-5-50728afa-2a0f-4f89-aff9-101b815fadbe sending LeaveGroup request to coordinator localhost:32769 (id: 2147483647 rack: null) due to the consumer is being closed
2025-08-13 16:47:00,317 INFO  [org.apa.kaf.cli.con.int.ConsumerCoordinator] (Thread-630) [Consumer clientId=consumer-Consumer-topic-ce5f6b4d_90fc_4446_9fdd_ae09812fc60b-5, groupId=Consumer-topic-ce5f6b4d_90fc_4446_9fdd_ae09812fc60b] Resetting generation and member id due to: consumer pro-actively leaving the group
2025-08-13 16:47:00,318 INFO  [org.apa.kaf.cli.con.int.ConsumerCoordinator] (Thread-630) [Consumer clientId=consumer-Consumer-topic-ce5f6b4d_90fc_4446_9fdd_ae09812fc60b-5, groupId=Consumer-topic-ce5f6b4d_90fc_4446_9fdd_ae09812fc60b] Request joining group due to: consumer pro-actively leaving the group
2025-08-13 16:47:00,812 INFO  [org.apa.kaf.com.met.Metrics] (Thread-630) Metrics scheduler closed
2025-08-13 16:47:00,812 INFO  [org.apa.kaf.com.met.Metrics] (Thread-630) Closing reporter org.apache.kafka.common.metrics.JmxReporter
2025-08-13 16:47:00,812 INFO  [org.apa.kaf.com.met.Metrics] (Thread-630) Closing reporter org.apache.kafka.common.telemetry.internals.ClientTelemetryReporter
2025-08-13 16:47:00,812 INFO  [org.apa.kaf.com.met.Metrics] (Thread-630) Metrics reporters closed
2025-08-13 16:47:00,815 INFO  [org.apa.kaf.com.uti.AppInfoParser] (Thread-630) App info kafka.consumer for consumer-Consumer-topic-ce5f6b4d_90fc_4446_9fdd_ae09812fc60b-5 unregistered
2025-08-13 16:47:00,816 INFO  [io.api.tes.uti.TestSeparator] (main) io.apicurio.tests.serdes.apicurio.AvroSerdeIT.testRecordIdStrategydFindLatest-FINISHED
2025-08-13 16:47:00,816 INFO  [io.api.tes.uti.TestSeparator] (main) ############################################################################
Test passed: testRecordIdStrategydFindLatest
]]></system-out>
  </testcase>
  <testcase name="testReflectAutoRegister" classname="io.apicurio.tests.serdes.apicurio.AvroSerdeIT" time="4.329">
    <system-out><![CDATA[2025-08-13 16:47:00,821 INFO  [io.api.tes.uti.TestSeparator] (main) ############################################################################
2025-08-13 16:47:00,821 INFO  [io.api.tes.uti.TestSeparator] (main) io.apicurio.tests.serdes.apicurio.AvroSerdeIT.testReflectAutoRegister-STARTED
**** Registry Base URL: http://registry-app-ksql043.apps.ci419.apicurio-testing.org:80
2025-08-13 16:47:00,828 INFO  [org.apa.kaf.cli.pro.ProducerConfig] (main) ProducerConfig values: 
	acks = -1
	auto.include.jmx.reporter = true
	batch.size = 16384
	bootstrap.servers = [PLAINTEXT://localhost:32769]
	buffer.memory = 33554432
	client.dns.lookup = use_all_dns_ips
	client.id = Producer-topic-f0d8b1b9_b255_408b_8408_cf83bf712d86
	compression.gzip.level = -1
	compression.lz4.level = 9
	compression.type = none
	compression.zstd.level = 3
	connections.max.idle.ms = 10000
	delivery.timeout.ms = 120000
	enable.idempotence = true
	enable.metrics.push = true
	interceptor.classes = []
	key.serializer = class org.apache.kafka.common.serialization.StringSerializer
	linger.ms = 0
	max.block.ms = 60000
	max.in.flight.requests.per.connection = 5
	max.request.size = 1048576
	metadata.max.age.ms = 300000
	metadata.max.idle.ms = 300000
	metadata.recovery.strategy = none
	metric.reporters = []
	metrics.num.samples = 2
	metrics.recording.level = INFO
	metrics.sample.window.ms = 30000
	partitioner.adaptive.partitioning.enable = true
	partitioner.availability.timeout.ms = 0
	partitioner.class = null
	partitioner.ignore.keys = false
	receive.buffer.bytes = 32768
	reconnect.backoff.max.ms = 1000
	reconnect.backoff.ms = 50
	request.timeout.ms = 5000
	retries = 2147483647
	retry.backoff.max.ms = 1000
	retry.backoff.ms = 100
	sasl.client.callback.handler.class = null
	sasl.jaas.config = null
	sasl.kerberos.kinit.cmd = /usr/bin/kinit
	sasl.kerberos.min.time.before.relogin = 60000
	sasl.kerberos.service.name = null
	sasl.kerberos.ticket.renew.jitter = 0.05
	sasl.kerberos.ticket.renew.window.factor = 0.8
	sasl.login.callback.handler.class = null
	sasl.login.class = null
	sasl.login.connect.timeout.ms = null
	sasl.login.read.timeout.ms = null
	sasl.login.refresh.buffer.seconds = 300
	sasl.login.refresh.min.period.seconds = 60
	sasl.login.refresh.window.factor = 0.8
	sasl.login.refresh.window.jitter = 0.05
	sasl.login.retry.backoff.max.ms = 10000
	sasl.login.retry.backoff.ms = 100
	sasl.mechanism = GSSAPI
	sasl.oauthbearer.clock.skew.seconds = 30
	sasl.oauthbearer.expected.audience = null
	sasl.oauthbearer.expected.issuer = null
	sasl.oauthbearer.header.urlencode = false
	sasl.oauthbearer.jwks.endpoint.refresh.ms = 3600000
	sasl.oauthbearer.jwks.endpoint.retry.backoff.max.ms = 10000
	sasl.oauthbearer.jwks.endpoint.retry.backoff.ms = 100
	sasl.oauthbearer.jwks.endpoint.url = null
	sasl.oauthbearer.scope.claim.name = scope
	sasl.oauthbearer.sub.claim.name = sub
	sasl.oauthbearer.token.endpoint.url = null
	security.protocol = PLAINTEXT
	security.providers = null
	send.buffer.bytes = 131072
	socket.connection.setup.timeout.max.ms = 30000
	socket.connection.setup.timeout.ms = 10000
	ssl.cipher.suites = null
	ssl.enabled.protocols = [TLSv1.2, TLSv1.3]
	ssl.endpoint.identification.algorithm = https
	ssl.engine.factory.class = null
	ssl.key.password = null
	ssl.keymanager.algorithm = SunX509
	ssl.keystore.certificate.chain = null
	ssl.keystore.key = null
	ssl.keystore.location = null
	ssl.keystore.password = null
	ssl.keystore.type = JKS
	ssl.protocol = TLSv1.3
	ssl.provider = null
	ssl.secure.random.implementation = null
	ssl.trustmanager.algorithm = PKIX
	ssl.truststore.certificates = null
	ssl.truststore.location = null
	ssl.truststore.password = null
	ssl.truststore.type = JKS
	transaction.timeout.ms = 60000
	transactional.id = null
	value.serializer = class io.apicurio.registry.serde.avro.AvroKafkaSerializer

2025-08-13 16:47:00,828 INFO  [org.apa.kaf.com.tel.int.KafkaMetricsCollector] (main) initializing Kafka metrics collector
2025-08-13 16:47:00,840 INFO  [org.apa.kaf.cli.pro.KafkaProducer] (main) [Producer clientId=Producer-topic-f0d8b1b9_b255_408b_8408_cf83bf712d86] Instantiated an idempotent producer.
2025-08-13 16:47:00,842 INFO  [org.apa.kaf.cli.pro.ProducerConfig] (main) These configurations '[apicurio.registry.url, apicurio.registry.auto-register, apicurio.registry.artifact-resolver-strategy, apicurio.registry.avro-datum-provider]' were supplied but are not used yet.
2025-08-13 16:47:00,842 INFO  [org.apa.kaf.com.uti.AppInfoParser] (main) Kafka version: 3.9.1
2025-08-13 16:47:00,842 INFO  [org.apa.kaf.com.uti.AppInfoParser] (main) Kafka commitId: f745dfdcee2b9851
2025-08-13 16:47:00,842 INFO  [org.apa.kaf.com.uti.AppInfoParser] (main) Kafka startTimeMs: 1755103620842
2025-08-13 16:47:00,842 INFO  [io.api.tes.ser.api.SimpleSerdesTesterBuilder$SimpleSerdesTester] (main) Using producer configuration: {apicurio.registry.url=http://registry-app-ksql043.apps.ci419.apicurio-testing.org:80/apis/registry/v3, apicurio.registry.auto-register=true, apicurio.registry.artifact-resolver-strategy=io.apicurio.registry.serde.strategy.TopicIdStrategy, value.serializer=io.apicurio.registry.serde.avro.AvroKafkaSerializer, request.timeout.ms=5000, acks=all, bootstrap.servers=PLAINTEXT://localhost:32769, connections.max.idle.ms=10000, key.serializer=org.apache.kafka.common.serialization.StringSerializer, apicurio.registry.avro-datum-provider=io.apicurio.registry.serde.avro.ReflectAvroDatumProvider, client.id=Producer-topic-f0d8b1b9_b255_408b_8408_cf83bf712d86}
2025-08-13 16:47:00,843 INFO  [io.api.tes.ser.api.SimpleSerdesTesterBuilder$SimpleSerdesTester] (main) Using consumer configuration: {apicurio.registry.avro-datum-provider=io.apicurio.registry.serde.avro.ReflectAvroDatumProvider}
2025-08-13 16:47:00,845 INFO  [io.api.tes.ser.api.KafkaSerdesTester] (Thread-633) Sending message io.apicurio.tests.common.serdes.TestObject@3dbd29cb to topic topic-f0d8b1b9_b255_408b_8408_cf83bf712d86
2025-08-13 16:47:00,850 WARN  [org.apa.kaf.cli.NetworkClient] (kafka-producer-network-thread | Producer-topic-f0d8b1b9_b255_408b_8408_cf83bf712d86) [Producer clientId=Producer-topic-f0d8b1b9_b255_408b_8408_cf83bf712d86] The metadata response from the cluster reported a recoverable issue with correlation id 1 : {topic-f0d8b1b9_b255_408b_8408_cf83bf712d86=UNKNOWN_TOPIC_OR_PARTITION}
2025-08-13 16:47:00,850 INFO  [org.apa.kaf.cli.Metadata] (kafka-producer-network-thread | Producer-topic-f0d8b1b9_b255_408b_8408_cf83bf712d86) [Producer clientId=Producer-topic-f0d8b1b9_b255_408b_8408_cf83bf712d86] Cluster ID: 2Q56eJUuTz2w_13NlVd4Hw
2025-08-13 16:47:00,852 INFO  [org.apa.kaf.cli.pro.int.TransactionManager] (kafka-producer-network-thread | Producer-topic-f0d8b1b9_b255_408b_8408_cf83bf712d86) [Producer clientId=Producer-topic-f0d8b1b9_b255_408b_8408_cf83bf712d86] ProducerId set to 6 with epoch 0
2025-08-13 16:47:01,181 INFO  [io.api.tes.ser.api.KafkaSerdesTester] (Thread-633) Sending message io.apicurio.tests.common.serdes.TestObject@3dbd29cb to topic topic-f0d8b1b9_b255_408b_8408_cf83bf712d86
2025-08-13 16:47:01,185 INFO  [io.api.tes.ser.api.KafkaSerdesTester] (Thread-633) Sending message io.apicurio.tests.common.serdes.TestObject@3dbd29cb to topic topic-f0d8b1b9_b255_408b_8408_cf83bf712d86
2025-08-13 16:47:01,190 INFO  [io.api.tes.ser.api.KafkaSerdesTester] (Thread-633) Sending message io.apicurio.tests.common.serdes.TestObject@3dbd29cb to topic topic-f0d8b1b9_b255_408b_8408_cf83bf712d86
2025-08-13 16:47:01,195 INFO  [io.api.tes.ser.api.KafkaSerdesTester] (Thread-633) Sending message io.apicurio.tests.common.serdes.TestObject@3dbd29cb to topic topic-f0d8b1b9_b255_408b_8408_cf83bf712d86
2025-08-13 16:47:01,197 INFO  [io.api.tes.ser.api.KafkaSerdesTester] (Thread-633) Sending message io.apicurio.tests.common.serdes.TestObject@3dbd29cb to topic topic-f0d8b1b9_b255_408b_8408_cf83bf712d86
2025-08-13 16:47:01,199 INFO  [io.api.tes.ser.api.KafkaSerdesTester] (Thread-633) Sending message io.apicurio.tests.common.serdes.TestObject@3dbd29cb to topic topic-f0d8b1b9_b255_408b_8408_cf83bf712d86
2025-08-13 16:47:01,201 INFO  [io.api.tes.ser.api.KafkaSerdesTester] (Thread-633) Sending message io.apicurio.tests.common.serdes.TestObject@3dbd29cb to topic topic-f0d8b1b9_b255_408b_8408_cf83bf712d86
2025-08-13 16:47:01,205 INFO  [io.api.tes.ser.api.KafkaSerdesTester] (Thread-633) Sending message io.apicurio.tests.common.serdes.TestObject@3dbd29cb to topic topic-f0d8b1b9_b255_408b_8408_cf83bf712d86
2025-08-13 16:47:01,208 INFO  [io.api.tes.ser.api.KafkaSerdesTester] (Thread-633) Sending message io.apicurio.tests.common.serdes.TestObject@3dbd29cb to topic topic-f0d8b1b9_b255_408b_8408_cf83bf712d86
2025-08-13 16:47:01,210 INFO  [io.api.tes.ser.api.KafkaSerdesTester] (Thread-633) Produced 10 messages
2025-08-13 16:47:01,210 INFO  [org.apa.kaf.cli.pro.KafkaProducer] (Thread-633) [Producer clientId=Producer-topic-f0d8b1b9_b255_408b_8408_cf83bf712d86] Closing the Kafka producer with timeoutMillis = 9223372036854775807 ms.
2025-08-13 16:47:01,214 INFO  [org.apa.kaf.com.met.Metrics] (Thread-633) Metrics scheduler closed
2025-08-13 16:47:01,214 INFO  [org.apa.kaf.com.met.Metrics] (Thread-633) Closing reporter org.apache.kafka.common.metrics.JmxReporter
2025-08-13 16:47:01,214 INFO  [org.apa.kaf.com.met.Metrics] (Thread-633) Closing reporter org.apache.kafka.common.telemetry.internals.ClientTelemetryReporter
2025-08-13 16:47:01,214 INFO  [org.apa.kaf.com.met.Metrics] (Thread-633) Metrics reporters closed
2025-08-13 16:47:01,214 INFO  [org.apa.kaf.com.uti.AppInfoParser] (Thread-633) App info kafka.producer for Producer-topic-f0d8b1b9_b255_408b_8408_cf83bf712d86 unregistered
**** Registry Base URL: http://registry-app-ksql043.apps.ci419.apicurio-testing.org:80
2025-08-13 16:47:01,374 INFO  [org.apa.kaf.cli.con.ConsumerConfig] (main) ConsumerConfig values: 
	allow.auto.create.topics = true
	auto.commit.interval.ms = 500
	auto.include.jmx.reporter = true
	auto.offset.reset = earliest
	bootstrap.servers = [PLAINTEXT://localhost:32769]
	check.crcs = true
	client.dns.lookup = use_all_dns_ips
	client.id = consumer-Consumer-topic-f0d8b1b9_b255_408b_8408_cf83bf712d86-6
	client.rack = 
	connections.max.idle.ms = 10000
	default.api.timeout.ms = 60000
	enable.auto.commit = true
	enable.metrics.push = true
	exclude.internal.topics = true
	fetch.max.bytes = 52428800
	fetch.max.wait.ms = 500
	fetch.min.bytes = 1
	group.id = Consumer-topic-f0d8b1b9_b255_408b_8408_cf83bf712d86
	group.instance.id = null
	group.protocol = classic
	group.remote.assignor = null
	heartbeat.interval.ms = 3000
	interceptor.classes = []
	internal.leave.group.on.close = true
	internal.throw.on.fetch.stable.offset.unsupported = false
	isolation.level = read_uncommitted
	key.deserializer = class org.apache.kafka.common.serialization.StringDeserializer
	max.partition.fetch.bytes = 1048576
	max.poll.interval.ms = 300000
	max.poll.records = 500
	metadata.max.age.ms = 300000
	metadata.recovery.strategy = none
	metric.reporters = []
	metrics.num.samples = 2
	metrics.recording.level = INFO
	metrics.sample.window.ms = 30000
	partition.assignment.strategy = [class org.apache.kafka.clients.consumer.RangeAssignor, class org.apache.kafka.clients.consumer.CooperativeStickyAssignor]
	receive.buffer.bytes = 65536
	reconnect.backoff.max.ms = 1000
	reconnect.backoff.ms = 50
	request.timeout.ms = 5000
	retry.backoff.max.ms = 1000
	retry.backoff.ms = 100
	sasl.client.callback.handler.class = null
	sasl.jaas.config = null
	sasl.kerberos.kinit.cmd = /usr/bin/kinit
	sasl.kerberos.min.time.before.relogin = 60000
	sasl.kerberos.service.name = null
	sasl.kerberos.ticket.renew.jitter = 0.05
	sasl.kerberos.ticket.renew.window.factor = 0.8
	sasl.login.callback.handler.class = null
	sasl.login.class = null
	sasl.login.connect.timeout.ms = null
	sasl.login.read.timeout.ms = null
	sasl.login.refresh.buffer.seconds = 300
	sasl.login.refresh.min.period.seconds = 60
	sasl.login.refresh.window.factor = 0.8
	sasl.login.refresh.window.jitter = 0.05
	sasl.login.retry.backoff.max.ms = 10000
	sasl.login.retry.backoff.ms = 100
	sasl.mechanism = GSSAPI
	sasl.oauthbearer.clock.skew.seconds = 30
	sasl.oauthbearer.expected.audience = null
	sasl.oauthbearer.expected.issuer = null
	sasl.oauthbearer.header.urlencode = false
	sasl.oauthbearer.jwks.endpoint.refresh.ms = 3600000
	sasl.oauthbearer.jwks.endpoint.retry.backoff.max.ms = 10000
	sasl.oauthbearer.jwks.endpoint.retry.backoff.ms = 100
	sasl.oauthbearer.jwks.endpoint.url = null
	sasl.oauthbearer.scope.claim.name = scope
	sasl.oauthbearer.sub.claim.name = sub
	sasl.oauthbearer.token.endpoint.url = null
	security.protocol = PLAINTEXT
	security.providers = null
	send.buffer.bytes = 131072
	session.timeout.ms = 45000
	socket.connection.setup.timeout.max.ms = 30000
	socket.connection.setup.timeout.ms = 10000
	ssl.cipher.suites = null
	ssl.enabled.protocols = [TLSv1.2, TLSv1.3]
	ssl.endpoint.identification.algorithm = https
	ssl.engine.factory.class = null
	ssl.key.password = null
	ssl.keymanager.algorithm = SunX509
	ssl.keystore.certificate.chain = null
	ssl.keystore.key = null
	ssl.keystore.location = null
	ssl.keystore.password = null
	ssl.keystore.type = JKS
	ssl.protocol = TLSv1.3
	ssl.provider = null
	ssl.secure.random.implementation = null
	ssl.trustmanager.algorithm = PKIX
	ssl.truststore.certificates = null
	ssl.truststore.location = null
	ssl.truststore.password = null
	ssl.truststore.type = JKS
	value.deserializer = class io.apicurio.registry.serde.avro.AvroKafkaDeserializer

2025-08-13 16:47:01,375 INFO  [org.apa.kaf.com.tel.int.KafkaMetricsCollector] (main) initializing Kafka metrics collector
2025-08-13 16:47:01,380 INFO  [org.apa.kaf.cli.con.ConsumerConfig] (main) These configurations '[apicurio.registry.url, apicurio.registry.avro-datum-provider]' were supplied but are not used yet.
2025-08-13 16:47:01,380 INFO  [org.apa.kaf.com.uti.AppInfoParser] (main) Kafka version: 3.9.1
2025-08-13 16:47:01,381 INFO  [org.apa.kaf.com.uti.AppInfoParser] (main) Kafka commitId: f745dfdcee2b9851
2025-08-13 16:47:01,381 INFO  [org.apa.kaf.com.uti.AppInfoParser] (main) Kafka startTimeMs: 1755103621380
2025-08-13 16:47:01,381 INFO  [org.apa.kaf.cli.con.int.ClassicKafkaConsumer] (Thread-636) [Consumer clientId=consumer-Consumer-topic-f0d8b1b9_b255_408b_8408_cf83bf712d86-6, groupId=Consumer-topic-f0d8b1b9_b255_408b_8408_cf83bf712d86] Subscribed to topic(s): topic-f0d8b1b9_b255_408b_8408_cf83bf712d86
2025-08-13 16:47:01,386 INFO  [org.apa.kaf.cli.Metadata] (Thread-636) [Consumer clientId=consumer-Consumer-topic-f0d8b1b9_b255_408b_8408_cf83bf712d86-6, groupId=Consumer-topic-f0d8b1b9_b255_408b_8408_cf83bf712d86] Cluster ID: 2Q56eJUuTz2w_13NlVd4Hw
2025-08-13 16:47:01,386 INFO  [org.apa.kaf.cli.con.int.ConsumerCoordinator] (Thread-636) [Consumer clientId=consumer-Consumer-topic-f0d8b1b9_b255_408b_8408_cf83bf712d86-6, groupId=Consumer-topic-f0d8b1b9_b255_408b_8408_cf83bf712d86] Discovered group coordinator localhost:32769 (id: 2147483647 rack: null)
2025-08-13 16:47:01,388 INFO  [org.apa.kaf.cli.con.int.ConsumerCoordinator] (Thread-636) [Consumer clientId=consumer-Consumer-topic-f0d8b1b9_b255_408b_8408_cf83bf712d86-6, groupId=Consumer-topic-f0d8b1b9_b255_408b_8408_cf83bf712d86] (Re-)joining group
2025-08-13 16:47:01,391 INFO  [org.apa.kaf.cli.con.int.ConsumerCoordinator] (Thread-636) [Consumer clientId=consumer-Consumer-topic-f0d8b1b9_b255_408b_8408_cf83bf712d86-6, groupId=Consumer-topic-f0d8b1b9_b255_408b_8408_cf83bf712d86] Request joining group due to: need to re-join with the given member-id: consumer-Consumer-topic-f0d8b1b9_b255_408b_8408_cf83bf712d86-6-f0c5cf44-929c-47a8-95de-b4737cfcf116
2025-08-13 16:47:01,391 INFO  [org.apa.kaf.cli.con.int.ConsumerCoordinator] (Thread-636) [Consumer clientId=consumer-Consumer-topic-f0d8b1b9_b255_408b_8408_cf83bf712d86-6, groupId=Consumer-topic-f0d8b1b9_b255_408b_8408_cf83bf712d86] (Re-)joining group
2025-08-13 16:47:02,382 INFO  [io.api.tes.ser.api.KafkaSerdesTester] (Thread-636) None found
2025-08-13 16:47:03,382 INFO  [io.api.tes.ser.api.KafkaSerdesTester] (Thread-636) None found
2025-08-13 16:47:04,383 INFO  [io.api.tes.ser.api.KafkaSerdesTester] (Thread-636) None found
2025-08-13 16:47:04,394 INFO  [org.apa.kaf.cli.con.int.ConsumerCoordinator] (Thread-636) [Consumer clientId=consumer-Consumer-topic-f0d8b1b9_b255_408b_8408_cf83bf712d86-6, groupId=Consumer-topic-f0d8b1b9_b255_408b_8408_cf83bf712d86] Successfully joined group with generation Generation{generationId=1, memberId='consumer-Consumer-topic-f0d8b1b9_b255_408b_8408_cf83bf712d86-6-f0c5cf44-929c-47a8-95de-b4737cfcf116', protocol='range'}
2025-08-13 16:47:04,394 INFO  [org.apa.kaf.cli.con.int.ConsumerCoordinator] (Thread-636) [Consumer clientId=consumer-Consumer-topic-f0d8b1b9_b255_408b_8408_cf83bf712d86-6, groupId=Consumer-topic-f0d8b1b9_b255_408b_8408_cf83bf712d86] Finished assignment for group at generation 1: {consumer-Consumer-topic-f0d8b1b9_b255_408b_8408_cf83bf712d86-6-f0c5cf44-929c-47a8-95de-b4737cfcf116=Assignment(partitions=[topic-f0d8b1b9_b255_408b_8408_cf83bf712d86-0])}
2025-08-13 16:47:04,401 INFO  [org.apa.kaf.cli.con.int.ConsumerCoordinator] (Thread-636) [Consumer clientId=consumer-Consumer-topic-f0d8b1b9_b255_408b_8408_cf83bf712d86-6, groupId=Consumer-topic-f0d8b1b9_b255_408b_8408_cf83bf712d86] Successfully synced group in generation Generation{generationId=1, memberId='consumer-Consumer-topic-f0d8b1b9_b255_408b_8408_cf83bf712d86-6-f0c5cf44-929c-47a8-95de-b4737cfcf116', protocol='range'}
2025-08-13 16:47:04,402 INFO  [org.apa.kaf.cli.con.int.ConsumerCoordinator] (Thread-636) [Consumer clientId=consumer-Consumer-topic-f0d8b1b9_b255_408b_8408_cf83bf712d86-6, groupId=Consumer-topic-f0d8b1b9_b255_408b_8408_cf83bf712d86] Notifying assignor about the new Assignment(partitions=[topic-f0d8b1b9_b255_408b_8408_cf83bf712d86-0])
2025-08-13 16:47:04,402 INFO  [org.apa.kaf.cli.con.int.ConsumerRebalanceListenerInvoker] (Thread-636) [Consumer clientId=consumer-Consumer-topic-f0d8b1b9_b255_408b_8408_cf83bf712d86-6, groupId=Consumer-topic-f0d8b1b9_b255_408b_8408_cf83bf712d86] Adding newly assigned partitions: topic-f0d8b1b9_b255_408b_8408_cf83bf712d86-0
2025-08-13 16:47:04,403 INFO  [org.apa.kaf.cli.con.int.ConsumerCoordinator] (Thread-636) [Consumer clientId=consumer-Consumer-topic-f0d8b1b9_b255_408b_8408_cf83bf712d86-6, groupId=Consumer-topic-f0d8b1b9_b255_408b_8408_cf83bf712d86] Found no committed offset for partition topic-f0d8b1b9_b255_408b_8408_cf83bf712d86-0
2025-08-13 16:47:04,409 INFO  [org.apa.kaf.cli.con.int.SubscriptionState] (Thread-636) [Consumer clientId=consumer-Consumer-topic-f0d8b1b9_b255_408b_8408_cf83bf712d86-6, groupId=Consumer-topic-f0d8b1b9_b255_408b_8408_cf83bf712d86] Resetting offset for partition topic-f0d8b1b9_b255_408b_8408_cf83bf712d86-0 to position FetchPosition{offset=0, offsetEpoch=Optional.empty, currentLeader=LeaderAndEpoch{leader=Optional[localhost:32769 (id: 0 rack: null)], epoch=0}}.
2025-08-13 16:47:04,640 INFO  [io.api.tes.ser.api.KafkaSerdesTester] (Thread-636) topic-f0d8b1b9_b255_408b_8408_cf83bf712d86 0 0 io.apicurio.tests.common.serdes.TestObject@3dbd29cb
2025-08-13 16:47:04,640 INFO  [io.api.tes.ser.api.KafkaSerdesTester] (Thread-636) topic-f0d8b1b9_b255_408b_8408_cf83bf712d86 0 1 io.apicurio.tests.common.serdes.TestObject@3dbd29cb
2025-08-13 16:47:04,641 INFO  [io.api.tes.ser.api.KafkaSerdesTester] (Thread-636) topic-f0d8b1b9_b255_408b_8408_cf83bf712d86 0 2 io.apicurio.tests.common.serdes.TestObject@3dbd29cb
2025-08-13 16:47:04,641 INFO  [io.api.tes.ser.api.KafkaSerdesTester] (Thread-636) topic-f0d8b1b9_b255_408b_8408_cf83bf712d86 0 3 io.apicurio.tests.common.serdes.TestObject@3dbd29cb
2025-08-13 16:47:04,641 INFO  [io.api.tes.ser.api.KafkaSerdesTester] (Thread-636) topic-f0d8b1b9_b255_408b_8408_cf83bf712d86 0 4 io.apicurio.tests.common.serdes.TestObject@3dbd29cb
2025-08-13 16:47:04,641 INFO  [io.api.tes.ser.api.KafkaSerdesTester] (Thread-636) topic-f0d8b1b9_b255_408b_8408_cf83bf712d86 0 5 io.apicurio.tests.common.serdes.TestObject@3dbd29cb
2025-08-13 16:47:04,641 INFO  [io.api.tes.ser.api.KafkaSerdesTester] (Thread-636) topic-f0d8b1b9_b255_408b_8408_cf83bf712d86 0 6 io.apicurio.tests.common.serdes.TestObject@3dbd29cb
2025-08-13 16:47:04,641 INFO  [io.api.tes.ser.api.KafkaSerdesTester] (Thread-636) topic-f0d8b1b9_b255_408b_8408_cf83bf712d86 0 7 io.apicurio.tests.common.serdes.TestObject@3dbd29cb
2025-08-13 16:47:04,641 INFO  [io.api.tes.ser.api.KafkaSerdesTester] (Thread-636) topic-f0d8b1b9_b255_408b_8408_cf83bf712d86 0 8 io.apicurio.tests.common.serdes.TestObject@3dbd29cb
2025-08-13 16:47:04,641 INFO  [io.api.tes.ser.api.KafkaSerdesTester] (Thread-636) topic-f0d8b1b9_b255_408b_8408_cf83bf712d86 0 9 io.apicurio.tests.common.serdes.TestObject@3dbd29cb
2025-08-13 16:47:04,641 INFO  [io.api.tes.ser.api.KafkaSerdesTester] (Thread-636) Consumed 10 messages
2025-08-13 16:47:04,649 INFO  [org.apa.kaf.cli.con.int.ConsumerRebalanceListenerInvoker] (Thread-636) [Consumer clientId=consumer-Consumer-topic-f0d8b1b9_b255_408b_8408_cf83bf712d86-6, groupId=Consumer-topic-f0d8b1b9_b255_408b_8408_cf83bf712d86] Revoke previously assigned partitions topic-f0d8b1b9_b255_408b_8408_cf83bf712d86-0
2025-08-13 16:47:04,649 INFO  [org.apa.kaf.cli.con.int.ConsumerCoordinator] (Thread-636) [Consumer clientId=consumer-Consumer-topic-f0d8b1b9_b255_408b_8408_cf83bf712d86-6, groupId=Consumer-topic-f0d8b1b9_b255_408b_8408_cf83bf712d86] Member consumer-Consumer-topic-f0d8b1b9_b255_408b_8408_cf83bf712d86-6-f0c5cf44-929c-47a8-95de-b4737cfcf116 sending LeaveGroup request to coordinator localhost:32769 (id: 2147483647 rack: null) due to the consumer is being closed
2025-08-13 16:47:04,649 INFO  [org.apa.kaf.cli.con.int.ConsumerCoordinator] (Thread-636) [Consumer clientId=consumer-Consumer-topic-f0d8b1b9_b255_408b_8408_cf83bf712d86-6, groupId=Consumer-topic-f0d8b1b9_b255_408b_8408_cf83bf712d86] Resetting generation and member id due to: consumer pro-actively leaving the group
2025-08-13 16:47:04,649 INFO  [org.apa.kaf.cli.con.int.ConsumerCoordinator] (Thread-636) [Consumer clientId=consumer-Consumer-topic-f0d8b1b9_b255_408b_8408_cf83bf712d86-6, groupId=Consumer-topic-f0d8b1b9_b255_408b_8408_cf83bf712d86] Request joining group due to: consumer pro-actively leaving the group
2025-08-13 16:47:05,143 INFO  [org.apa.kaf.com.met.Metrics] (Thread-636) Metrics scheduler closed
2025-08-13 16:47:05,144 INFO  [org.apa.kaf.com.met.Metrics] (Thread-636) Closing reporter org.apache.kafka.common.metrics.JmxReporter
2025-08-13 16:47:05,144 INFO  [org.apa.kaf.com.met.Metrics] (Thread-636) Closing reporter org.apache.kafka.common.telemetry.internals.ClientTelemetryReporter
2025-08-13 16:47:05,144 INFO  [org.apa.kaf.com.met.Metrics] (Thread-636) Metrics reporters closed
2025-08-13 16:47:05,146 INFO  [org.apa.kaf.com.uti.AppInfoParser] (Thread-636) App info kafka.consumer for consumer-Consumer-topic-f0d8b1b9_b255_408b_8408_cf83bf712d86-6 unregistered
2025-08-13 16:47:05,147 INFO  [io.api.tes.uti.TestSeparator] (main) io.apicurio.tests.serdes.apicurio.AvroSerdeIT.testReflectAutoRegister-FINISHED
2025-08-13 16:47:05,147 INFO  [io.api.tes.uti.TestSeparator] (main) ############################################################################
Test passed: testReflectAutoRegister
]]></system-out>
  </testcase>
  <testcase name="testArtifactNotFound" classname="io.apicurio.tests.serdes.apicurio.AvroSerdeIT" time="0.42">
    <system-out><![CDATA[2025-08-13 16:47:05,149 INFO  [io.api.tes.uti.TestSeparator] (main) ############################################################################
2025-08-13 16:47:05,149 INFO  [io.api.tes.uti.TestSeparator] (main) io.apicurio.tests.serdes.apicurio.AvroSerdeIT.testArtifactNotFound-STARTED
**** Registry Base URL: http://registry-app-ksql043.apps.ci419.apicurio-testing.org:80
2025-08-13 16:47:05,151 INFO  [org.apa.kaf.cli.pro.ProducerConfig] (main) ProducerConfig values: 
	acks = -1
	auto.include.jmx.reporter = true
	batch.size = 16384
	bootstrap.servers = [PLAINTEXT://localhost:32769]
	buffer.memory = 33554432
	client.dns.lookup = use_all_dns_ips
	client.id = Producer-s9c493844xf8d7x44b9xaa9cx58d49175e368
	compression.gzip.level = -1
	compression.lz4.level = 9
	compression.type = none
	compression.zstd.level = 3
	connections.max.idle.ms = 10000
	delivery.timeout.ms = 120000
	enable.idempotence = true
	enable.metrics.push = true
	interceptor.classes = []
	key.serializer = class org.apache.kafka.common.serialization.StringSerializer
	linger.ms = 0
	max.block.ms = 60000
	max.in.flight.requests.per.connection = 5
	max.request.size = 1048576
	metadata.max.age.ms = 300000
	metadata.max.idle.ms = 300000
	metadata.recovery.strategy = none
	metric.reporters = []
	metrics.num.samples = 2
	metrics.recording.level = INFO
	metrics.sample.window.ms = 30000
	partitioner.adaptive.partitioning.enable = true
	partitioner.availability.timeout.ms = 0
	partitioner.class = null
	partitioner.ignore.keys = false
	receive.buffer.bytes = 32768
	reconnect.backoff.max.ms = 1000
	reconnect.backoff.ms = 50
	request.timeout.ms = 5000
	retries = 2147483647
	retry.backoff.max.ms = 1000
	retry.backoff.ms = 100
	sasl.client.callback.handler.class = null
	sasl.jaas.config = null
	sasl.kerberos.kinit.cmd = /usr/bin/kinit
	sasl.kerberos.min.time.before.relogin = 60000
	sasl.kerberos.service.name = null
	sasl.kerberos.ticket.renew.jitter = 0.05
	sasl.kerberos.ticket.renew.window.factor = 0.8
	sasl.login.callback.handler.class = null
	sasl.login.class = null
	sasl.login.connect.timeout.ms = null
	sasl.login.read.timeout.ms = null
	sasl.login.refresh.buffer.seconds = 300
	sasl.login.refresh.min.period.seconds = 60
	sasl.login.refresh.window.factor = 0.8
	sasl.login.refresh.window.jitter = 0.05
	sasl.login.retry.backoff.max.ms = 10000
	sasl.login.retry.backoff.ms = 100
	sasl.mechanism = GSSAPI
	sasl.oauthbearer.clock.skew.seconds = 30
	sasl.oauthbearer.expected.audience = null
	sasl.oauthbearer.expected.issuer = null
	sasl.oauthbearer.header.urlencode = false
	sasl.oauthbearer.jwks.endpoint.refresh.ms = 3600000
	sasl.oauthbearer.jwks.endpoint.retry.backoff.max.ms = 10000
	sasl.oauthbearer.jwks.endpoint.retry.backoff.ms = 100
	sasl.oauthbearer.jwks.endpoint.url = null
	sasl.oauthbearer.scope.claim.name = scope
	sasl.oauthbearer.sub.claim.name = sub
	sasl.oauthbearer.token.endpoint.url = null
	security.protocol = PLAINTEXT
	security.providers = null
	send.buffer.bytes = 131072
	socket.connection.setup.timeout.max.ms = 30000
	socket.connection.setup.timeout.ms = 10000
	ssl.cipher.suites = null
	ssl.enabled.protocols = [TLSv1.2, TLSv1.3]
	ssl.endpoint.identification.algorithm = https
	ssl.engine.factory.class = null
	ssl.key.password = null
	ssl.keymanager.algorithm = SunX509
	ssl.keystore.certificate.chain = null
	ssl.keystore.key = null
	ssl.keystore.location = null
	ssl.keystore.password = null
	ssl.keystore.type = JKS
	ssl.protocol = TLSv1.3
	ssl.provider = null
	ssl.secure.random.implementation = null
	ssl.trustmanager.algorithm = PKIX
	ssl.truststore.certificates = null
	ssl.truststore.location = null
	ssl.truststore.password = null
	ssl.truststore.type = JKS
	transaction.timeout.ms = 60000
	transactional.id = null
	value.serializer = class io.apicurio.registry.serde.avro.AvroKafkaSerializer

2025-08-13 16:47:05,152 INFO  [org.apa.kaf.com.tel.int.KafkaMetricsCollector] (main) initializing Kafka metrics collector
2025-08-13 16:47:05,161 INFO  [org.apa.kaf.cli.pro.KafkaProducer] (main) [Producer clientId=Producer-s9c493844xf8d7x44b9xaa9cx58d49175e368] Instantiated an idempotent producer.
2025-08-13 16:47:05,168 INFO  [org.apa.kaf.cli.pro.ProducerConfig] (main) These configurations '[apicurio.registry.url, apicurio.registry.artifact-resolver-strategy]' were supplied but are not used yet.
2025-08-13 16:47:05,168 INFO  [org.apa.kaf.com.uti.AppInfoParser] (main) Kafka version: 3.9.1
2025-08-13 16:47:05,168 INFO  [org.apa.kaf.com.uti.AppInfoParser] (main) Kafka commitId: f745dfdcee2b9851
2025-08-13 16:47:05,168 INFO  [org.apa.kaf.com.uti.AppInfoParser] (main) Kafka startTimeMs: 1755103625168
2025-08-13 16:47:05,171 INFO  [io.api.tes.ser.api.KafkaSerdesTester] (Thread-639) Sending message {"keyB": "value-0"} to topic s9c493844xf8d7x44b9xaa9cx58d49175e368
2025-08-13 16:47:05,172 INFO  [org.apa.kaf.cli.Metadata] (kafka-producer-network-thread | Producer-s9c493844xf8d7x44b9xaa9cx58d49175e368) [Producer clientId=Producer-s9c493844xf8d7x44b9xaa9cx58d49175e368] Cluster ID: 2Q56eJUuTz2w_13NlVd4Hw
2025-08-13 16:47:05,174 INFO  [org.apa.kaf.cli.pro.int.TransactionManager] (kafka-producer-network-thread | Producer-s9c493844xf8d7x44b9xaa9cx58d49175e368) [Producer clientId=Producer-s9c493844xf8d7x44b9xaa9cx58d49175e368] ProducerId set to 7 with epoch 0
2025-08-13 16:47:05,179 WARN  [org.apa.kaf.cli.NetworkClient] (kafka-producer-network-thread | Producer-s9c493844xf8d7x44b9xaa9cx58d49175e368) [Producer clientId=Producer-s9c493844xf8d7x44b9xaa9cx58d49175e368] The metadata response from the cluster reported a recoverable issue with correlation id 5 : {s9c493844xf8d7x44b9xaa9cx58d49175e368=UNKNOWN_TOPIC_OR_PARTITION}
2025-08-13 16:47:05,296 INFO  [DefaultSchemaResolver] (Thread-639) Retrieving schema content using string: {"type":"record","name":"myrecord","namespace":"mygroup","fields":[{"name":"keyB","type":"string"}]}
2025-08-13 16:47:05,549 INFO  [org.apa.kaf.cli.pro.KafkaProducer] (Thread-639) [Producer clientId=Producer-s9c493844xf8d7x44b9xaa9cx58d49175e368] Closing the Kafka producer with timeoutMillis = 9223372036854775807 ms.
2025-08-13 16:47:05,563 INFO  [org.apa.kaf.com.met.Metrics] (Thread-639) Metrics scheduler closed
2025-08-13 16:47:05,563 INFO  [org.apa.kaf.com.met.Metrics] (Thread-639) Closing reporter org.apache.kafka.common.metrics.JmxReporter
2025-08-13 16:47:05,563 INFO  [org.apa.kaf.com.met.Metrics] (Thread-639) Closing reporter org.apache.kafka.common.telemetry.internals.ClientTelemetryReporter
2025-08-13 16:47:05,564 INFO  [org.apa.kaf.com.met.Metrics] (Thread-639) Metrics reporters closed
2025-08-13 16:47:05,564 INFO  [org.apa.kaf.com.uti.AppInfoParser] (Thread-639) App info kafka.producer for Producer-s9c493844xf8d7x44b9xaa9cx58d49175e368 unregistered
2025-08-13 16:47:05,566 INFO  [io.api.tes.uti.TestSeparator] (main) io.apicurio.tests.serdes.apicurio.AvroSerdeIT.testArtifactNotFound-FINISHED
2025-08-13 16:47:05,566 INFO  [io.api.tes.uti.TestSeparator] (main) ############################################################################
Test passed: testArtifactNotFound
]]></system-out>
    <system-err><![CDATA[java.lang.RuntimeException: Could not resolve artifact reference by content: {"type":"record","name":"myrecord","namespace":"mygroup","fields":[{"name":"keyB","type":"string"}]}&ArtifactReference [groupId=default, artifactId=s9c493844xf8d7x44b9xaa9cx58d49175e368-value, version=null, globalId=null, contentId=null, contentHash=null]
	at io.apicurio.registry.resolver.DefaultSchemaResolver.lambda$handleResolveSchemaByContent$3(DefaultSchemaResolver.java:265)
	at io.apicurio.registry.resolver.cache.ERCache.lambda$getValue$0(ERCache.java:174)
	at io.apicurio.registry.resolver.cache.ERCache.retry(ERCache.java:227)
	at io.apicurio.registry.resolver.cache.ERCache.getValue(ERCache.java:173)
	at io.apicurio.registry.resolver.cache.ERCache.getByContent(ERCache.java:147)
	at io.apicurio.registry.resolver.DefaultSchemaResolver.handleResolveSchemaByContent(DefaultSchemaResolver.java:253)
	at io.apicurio.registry.resolver.DefaultSchemaResolver.getSchemaFromRegistry(DefaultSchemaResolver.java:138)
	at io.apicurio.registry.resolver.DefaultSchemaResolver.lambda$resolveSchema$0(DefaultSchemaResolver.java:84)
	at java.base/java.util.Optional.orElseGet(Optional.java:364)
	at io.apicurio.registry.resolver.DefaultSchemaResolver.resolveSchema(DefaultSchemaResolver.java:84)
	at io.apicurio.registry.serde.AbstractSerializer.serializeData(AbstractSerializer.java:62)
	at io.apicurio.registry.serde.KafkaSerializer.serialize(KafkaSerializer.java:77)
	at org.apache.kafka.clients.producer.KafkaProducer.doSend(KafkaProducer.java:1046)
	at org.apache.kafka.clients.producer.KafkaProducer.send(KafkaProducer.java:993)
	at org.apache.kafka.clients.producer.KafkaProducer.send(KafkaProducer.java:875)
	at io.apicurio.tests.serdes.apicurio.KafkaSerdesTester.lambda$produceMessages$3(KafkaSerdesTester.java:138)
	at java.base/java.util.concurrent.CompletableFuture$AsyncSupply.run(CompletableFuture.java:1768)
	at java.base/java.lang.Thread.run(Thread.java:840)
]]></system-err>
  </testcase>
  <testcase name="testAvroSerDesFailDifferentSchemaByRecordName" classname="io.apicurio.tests.serdes.apicurio.AvroSerdeIT" time="1.384">
    <system-out><![CDATA[2025-08-13 16:47:05,571 INFO  [io.api.tes.uti.TestSeparator] (main) ############################################################################
2025-08-13 16:47:05,571 INFO  [io.api.tes.uti.TestSeparator] (main) io.apicurio.tests.serdes.apicurio.AvroSerdeIT.testAvroSerDesFailDifferentSchemaByRecordName-STARTED
**** Registry Base URL: http://registry-app-ksql043.apps.ci419.apicurio-testing.org:80
2025-08-13 16:47:06,776 INFO  [org.apa.kaf.cli.pro.ProducerConfig] (main) ProducerConfig values: 
	acks = -1
	auto.include.jmx.reporter = true
	batch.size = 16384
	bootstrap.servers = [PLAINTEXT://localhost:32769]
	buffer.memory = 33554432
	client.dns.lookup = use_all_dns_ips
	client.id = Producer-topic-4c35d29d_5ab7_453c_afc7_1a5289163e19
	compression.gzip.level = -1
	compression.lz4.level = 9
	compression.type = none
	compression.zstd.level = 3
	connections.max.idle.ms = 10000
	delivery.timeout.ms = 120000
	enable.idempotence = true
	enable.metrics.push = true
	interceptor.classes = []
	key.serializer = class org.apache.kafka.common.serialization.StringSerializer
	linger.ms = 0
	max.block.ms = 60000
	max.in.flight.requests.per.connection = 5
	max.request.size = 1048576
	metadata.max.age.ms = 300000
	metadata.max.idle.ms = 300000
	metadata.recovery.strategy = none
	metric.reporters = []
	metrics.num.samples = 2
	metrics.recording.level = INFO
	metrics.sample.window.ms = 30000
	partitioner.adaptive.partitioning.enable = true
	partitioner.availability.timeout.ms = 0
	partitioner.class = null
	partitioner.ignore.keys = false
	receive.buffer.bytes = 32768
	reconnect.backoff.max.ms = 1000
	reconnect.backoff.ms = 50
	request.timeout.ms = 5000
	retries = 2147483647
	retry.backoff.max.ms = 1000
	retry.backoff.ms = 100
	sasl.client.callback.handler.class = null
	sasl.jaas.config = null
	sasl.kerberos.kinit.cmd = /usr/bin/kinit
	sasl.kerberos.min.time.before.relogin = 60000
	sasl.kerberos.service.name = null
	sasl.kerberos.ticket.renew.jitter = 0.05
	sasl.kerberos.ticket.renew.window.factor = 0.8
	sasl.login.callback.handler.class = null
	sasl.login.class = null
	sasl.login.connect.timeout.ms = null
	sasl.login.read.timeout.ms = null
	sasl.login.refresh.buffer.seconds = 300
	sasl.login.refresh.min.period.seconds = 60
	sasl.login.refresh.window.factor = 0.8
	sasl.login.refresh.window.jitter = 0.05
	sasl.login.retry.backoff.max.ms = 10000
	sasl.login.retry.backoff.ms = 100
	sasl.mechanism = GSSAPI
	sasl.oauthbearer.clock.skew.seconds = 30
	sasl.oauthbearer.expected.audience = null
	sasl.oauthbearer.expected.issuer = null
	sasl.oauthbearer.header.urlencode = false
	sasl.oauthbearer.jwks.endpoint.refresh.ms = 3600000
	sasl.oauthbearer.jwks.endpoint.retry.backoff.max.ms = 10000
	sasl.oauthbearer.jwks.endpoint.retry.backoff.ms = 100
	sasl.oauthbearer.jwks.endpoint.url = null
	sasl.oauthbearer.scope.claim.name = scope
	sasl.oauthbearer.sub.claim.name = sub
	sasl.oauthbearer.token.endpoint.url = null
	security.protocol = PLAINTEXT
	security.providers = null
	send.buffer.bytes = 131072
	socket.connection.setup.timeout.max.ms = 30000
	socket.connection.setup.timeout.ms = 10000
	ssl.cipher.suites = null
	ssl.enabled.protocols = [TLSv1.2, TLSv1.3]
	ssl.endpoint.identification.algorithm = https
	ssl.engine.factory.class = null
	ssl.key.password = null
	ssl.keymanager.algorithm = SunX509
	ssl.keystore.certificate.chain = null
	ssl.keystore.key = null
	ssl.keystore.location = null
	ssl.keystore.password = null
	ssl.keystore.type = JKS
	ssl.protocol = TLSv1.3
	ssl.provider = null
	ssl.secure.random.implementation = null
	ssl.trustmanager.algorithm = PKIX
	ssl.truststore.certificates = null
	ssl.truststore.location = null
	ssl.truststore.password = null
	ssl.truststore.type = JKS
	transaction.timeout.ms = 60000
	transactional.id = null
	value.serializer = class io.apicurio.registry.serde.avro.AvroKafkaSerializer

2025-08-13 16:47:06,776 INFO  [org.apa.kaf.com.tel.int.KafkaMetricsCollector] (main) initializing Kafka metrics collector
2025-08-13 16:47:06,780 INFO  [org.apa.kaf.cli.pro.KafkaProducer] (main) [Producer clientId=Producer-topic-4c35d29d_5ab7_453c_afc7_1a5289163e19] Instantiated an idempotent producer.
2025-08-13 16:47:06,782 INFO  [org.apa.kaf.cli.pro.ProducerConfig] (main) These configurations '[apicurio.registry.find-latest, apicurio.registry.url, apicurio.registry.artifact-resolver-strategy]' were supplied but are not used yet.
2025-08-13 16:47:06,783 INFO  [org.apa.kaf.com.uti.AppInfoParser] (main) Kafka version: 3.9.1
2025-08-13 16:47:06,783 INFO  [org.apa.kaf.com.uti.AppInfoParser] (main) Kafka commitId: f745dfdcee2b9851
2025-08-13 16:47:06,783 INFO  [org.apa.kaf.com.uti.AppInfoParser] (main) Kafka startTimeMs: 1755103626783
2025-08-13 16:47:06,785 INFO  [io.api.tes.ser.api.KafkaSerdesTester] (Thread-642) Sending message {"keyB": "value-0"} to topic topic-4c35d29d_5ab7_453c_afc7_1a5289163e19
2025-08-13 16:47:06,790 INFO  [org.apa.kaf.cli.Metadata] (kafka-producer-network-thread | Producer-topic-4c35d29d_5ab7_453c_afc7_1a5289163e19) [Producer clientId=Producer-topic-4c35d29d_5ab7_453c_afc7_1a5289163e19] Cluster ID: 2Q56eJUuTz2w_13NlVd4Hw
2025-08-13 16:47:06,791 INFO  [org.apa.kaf.cli.pro.int.TransactionManager] (kafka-producer-network-thread | Producer-topic-4c35d29d_5ab7_453c_afc7_1a5289163e19) [Producer clientId=Producer-topic-4c35d29d_5ab7_453c_afc7_1a5289163e19] ProducerId set to 8 with epoch 0
2025-08-13 16:47:06,951 INFO  [org.apa.kaf.cli.pro.KafkaProducer] (Thread-642) [Producer clientId=Producer-topic-4c35d29d_5ab7_453c_afc7_1a5289163e19] Closing the Kafka producer with timeoutMillis = 9223372036854775807 ms.
2025-08-13 16:47:06,952 INFO  [org.apa.kaf.com.met.Metrics] (Thread-642) Metrics scheduler closed
2025-08-13 16:47:06,953 INFO  [org.apa.kaf.com.met.Metrics] (Thread-642) Closing reporter org.apache.kafka.common.metrics.JmxReporter
2025-08-13 16:47:06,953 INFO  [org.apa.kaf.com.met.Metrics] (Thread-642) Closing reporter org.apache.kafka.common.telemetry.internals.ClientTelemetryReporter
2025-08-13 16:47:06,953 INFO  [org.apa.kaf.com.met.Metrics] (Thread-642) Metrics reporters closed
2025-08-13 16:47:06,953 INFO  [org.apa.kaf.com.uti.AppInfoParser] (Thread-642) App info kafka.producer for Producer-topic-4c35d29d_5ab7_453c_afc7_1a5289163e19 unregistered
2025-08-13 16:47:06,953 INFO  [io.api.tes.uti.TestSeparator] (main) io.apicurio.tests.serdes.apicurio.AvroSerdeIT.testAvroSerDesFailDifferentSchemaByRecordName-FINISHED
2025-08-13 16:47:06,953 INFO  [io.api.tes.uti.TestSeparator] (main) ############################################################################
Test passed: testAvroSerDesFailDifferentSchemaByRecordName
]]></system-out>
    <system-err><![CDATA[io.apicurio.registry.rest.client.models.ProblemDetails
	at io.apicurio.registry.rest.client.models.ProblemDetails.createFromDiscriminatorValue(ProblemDetails.java:58)
	at io.kiota.serialization.json.JsonParseNode.getObjectValue(JsonParseNode.java:247)
	at io.kiota.http.vertx.VertXRequestAdapter.lambda$throwIfFailedResponse$0(VertXRequestAdapter.java:400)
	at com.microsoft.kiota.ApiExceptionBuilder.<init>(ApiExceptionBuilder.java:26)
	at io.kiota.http.vertx.VertXRequestAdapter.throwIfFailedResponse(VertXRequestAdapter.java:399)
	at io.kiota.http.vertx.VertXRequestAdapter.send(VertXRequestAdapter.java:170)
	at io.apicurio.registry.rest.client.groups.item.artifacts.item.versions.item.WithVersionExpressionItemRequestBuilder.get(WithVersionExpressionItemRequestBuilder.java:128)
	at io.apicurio.registry.rest.client.groups.item.artifacts.item.versions.item.WithVersionExpressionItemRequestBuilder.get(WithVersionExpressionItemRequestBuilder.java:111)
	at io.apicurio.registry.resolver.client.RegistryClientFacadeImpl.getVersionCoordinatesByGAV(RegistryClientFacadeImpl.java:159)
	at io.apicurio.registry.resolver.DefaultSchemaResolver.resolveByCoordinates(DefaultSchemaResolver.java:352)
	at io.apicurio.registry.resolver.DefaultSchemaResolver.lambda$resolveSchemaByArtifactReferenceCached$6(DefaultSchemaResolver.java:340)
	at io.apicurio.registry.resolver.cache.ERCache.lambda$getValue$0(ERCache.java:174)
	at io.apicurio.registry.resolver.cache.ERCache.retry(ERCache.java:227)
	at io.apicurio.registry.resolver.cache.ERCache.getValue(ERCache.java:173)
	at io.apicurio.registry.resolver.cache.ERCache.getByArtifactCoordinates(ERCache.java:158)
	at io.apicurio.registry.resolver.DefaultSchemaResolver.resolveSchemaByArtifactReferenceCached(DefaultSchemaResolver.java:338)
	at io.apicurio.registry.resolver.DefaultSchemaResolver.resolveSchemaByCoordinates(DefaultSchemaResolver.java:193)
	at io.apicurio.registry.resolver.DefaultSchemaResolver.getSchemaFromRegistry(DefaultSchemaResolver.java:130)
	at io.apicurio.registry.resolver.DefaultSchemaResolver.lambda$resolveSchema$0(DefaultSchemaResolver.java:84)
	at java.base/java.util.Optional.orElseGet(Optional.java:364)
	at io.apicurio.registry.resolver.DefaultSchemaResolver.resolveSchema(DefaultSchemaResolver.java:84)
	at io.apicurio.registry.serde.AbstractSerializer.serializeData(AbstractSerializer.java:62)
	at io.apicurio.registry.serde.KafkaSerializer.serialize(KafkaSerializer.java:77)
	at org.apache.kafka.clients.producer.KafkaProducer.doSend(KafkaProducer.java:1046)
	at org.apache.kafka.clients.producer.KafkaProducer.send(KafkaProducer.java:993)
	at org.apache.kafka.clients.producer.KafkaProducer.send(KafkaProducer.java:875)
	at io.apicurio.tests.serdes.apicurio.KafkaSerdesTester.lambda$produceMessages$3(KafkaSerdesTester.java:138)
	at java.base/java.util.concurrent.CompletableFuture$AsyncSupply.run(CompletableFuture.java:1768)
	at java.base/java.lang.Thread.run(Thread.java:840)
]]></system-err>
  </testcase>
  <testcase name="testTopicIdStrategyFindLatest" classname="io.apicurio.tests.serdes.apicurio.AvroSerdeIT" time="5.381">
    <system-out><![CDATA[2025-08-13 16:47:06,958 INFO  [io.api.tes.uti.TestSeparator] (main) ############################################################################
2025-08-13 16:47:06,958 INFO  [io.api.tes.uti.TestSeparator] (main) io.apicurio.tests.serdes.apicurio.AvroSerdeIT.testTopicIdStrategyFindLatest-STARTED
2025-08-13 16:47:06,959 INFO  [io.api.tes.ser.api.AvroSerdeIT] (main) Registering Avro Schema: {"type":"record","name":"myrecordapicurio1","fields":[{"name":"key11755103626959","type":"string"}]}
**** Registry Base URL: http://registry-app-ksql043.apps.ci419.apicurio-testing.org:80
2025-08-13 16:47:08,163 INFO  [org.apa.kaf.cli.pro.ProducerConfig] (main) ProducerConfig values: 
	acks = -1
	auto.include.jmx.reporter = true
	batch.size = 16384
	bootstrap.servers = [PLAINTEXT://localhost:32769]
	buffer.memory = 33554432
	client.dns.lookup = use_all_dns_ips
	client.id = Producer-topic-cee33d69_939c_4ef5_9345_01117422b55e
	compression.gzip.level = -1
	compression.lz4.level = 9
	compression.type = none
	compression.zstd.level = 3
	connections.max.idle.ms = 10000
	delivery.timeout.ms = 120000
	enable.idempotence = true
	enable.metrics.push = true
	interceptor.classes = []
	key.serializer = class org.apache.kafka.common.serialization.StringSerializer
	linger.ms = 0
	max.block.ms = 60000
	max.in.flight.requests.per.connection = 5
	max.request.size = 1048576
	metadata.max.age.ms = 300000
	metadata.max.idle.ms = 300000
	metadata.recovery.strategy = none
	metric.reporters = []
	metrics.num.samples = 2
	metrics.recording.level = INFO
	metrics.sample.window.ms = 30000
	partitioner.adaptive.partitioning.enable = true
	partitioner.availability.timeout.ms = 0
	partitioner.class = null
	partitioner.ignore.keys = false
	receive.buffer.bytes = 32768
	reconnect.backoff.max.ms = 1000
	reconnect.backoff.ms = 50
	request.timeout.ms = 5000
	retries = 2147483647
	retry.backoff.max.ms = 1000
	retry.backoff.ms = 100
	sasl.client.callback.handler.class = null
	sasl.jaas.config = null
	sasl.kerberos.kinit.cmd = /usr/bin/kinit
	sasl.kerberos.min.time.before.relogin = 60000
	sasl.kerberos.service.name = null
	sasl.kerberos.ticket.renew.jitter = 0.05
	sasl.kerberos.ticket.renew.window.factor = 0.8
	sasl.login.callback.handler.class = null
	sasl.login.class = null
	sasl.login.connect.timeout.ms = null
	sasl.login.read.timeout.ms = null
	sasl.login.refresh.buffer.seconds = 300
	sasl.login.refresh.min.period.seconds = 60
	sasl.login.refresh.window.factor = 0.8
	sasl.login.refresh.window.jitter = 0.05
	sasl.login.retry.backoff.max.ms = 10000
	sasl.login.retry.backoff.ms = 100
	sasl.mechanism = GSSAPI
	sasl.oauthbearer.clock.skew.seconds = 30
	sasl.oauthbearer.expected.audience = null
	sasl.oauthbearer.expected.issuer = null
	sasl.oauthbearer.header.urlencode = false
	sasl.oauthbearer.jwks.endpoint.refresh.ms = 3600000
	sasl.oauthbearer.jwks.endpoint.retry.backoff.max.ms = 10000
	sasl.oauthbearer.jwks.endpoint.retry.backoff.ms = 100
	sasl.oauthbearer.jwks.endpoint.url = null
	sasl.oauthbearer.scope.claim.name = scope
	sasl.oauthbearer.sub.claim.name = sub
	sasl.oauthbearer.token.endpoint.url = null
	security.protocol = PLAINTEXT
	security.providers = null
	send.buffer.bytes = 131072
	socket.connection.setup.timeout.max.ms = 30000
	socket.connection.setup.timeout.ms = 10000
	ssl.cipher.suites = null
	ssl.enabled.protocols = [TLSv1.2, TLSv1.3]
	ssl.endpoint.identification.algorithm = https
	ssl.engine.factory.class = null
	ssl.key.password = null
	ssl.keymanager.algorithm = SunX509
	ssl.keystore.certificate.chain = null
	ssl.keystore.key = null
	ssl.keystore.location = null
	ssl.keystore.password = null
	ssl.keystore.type = JKS
	ssl.protocol = TLSv1.3
	ssl.provider = null
	ssl.secure.random.implementation = null
	ssl.trustmanager.algorithm = PKIX
	ssl.truststore.certificates = null
	ssl.truststore.location = null
	ssl.truststore.password = null
	ssl.truststore.type = JKS
	transaction.timeout.ms = 60000
	transactional.id = null
	value.serializer = class io.apicurio.registry.serde.avro.AvroKafkaSerializer

2025-08-13 16:47:08,163 INFO  [org.apa.kaf.com.tel.int.KafkaMetricsCollector] (main) initializing Kafka metrics collector
2025-08-13 16:47:08,167 INFO  [org.apa.kaf.cli.pro.KafkaProducer] (main) [Producer clientId=Producer-topic-cee33d69_939c_4ef5_9345_01117422b55e] Instantiated an idempotent producer.
2025-08-13 16:47:08,180 INFO  [org.apa.kaf.cli.pro.ProducerConfig] (main) These configurations '[apicurio.registry.find-latest, apicurio.registry.url, apicurio.registry.artifact-resolver-strategy]' were supplied but are not used yet.
2025-08-13 16:47:08,180 INFO  [org.apa.kaf.com.uti.AppInfoParser] (main) Kafka version: 3.9.1
2025-08-13 16:47:08,180 INFO  [org.apa.kaf.com.uti.AppInfoParser] (main) Kafka commitId: f745dfdcee2b9851
2025-08-13 16:47:08,180 INFO  [org.apa.kaf.com.uti.AppInfoParser] (main) Kafka startTimeMs: 1755103628180
2025-08-13 16:47:08,180 INFO  [io.api.tes.ser.api.SimpleSerdesTesterBuilder$SimpleSerdesTester] (main) Using producer configuration: {apicurio.registry.find-latest=true, apicurio.registry.url=http://registry-app-ksql043.apps.ci419.apicurio-testing.org:80/apis/registry/v3, apicurio.registry.artifact-resolver-strategy=io.apicurio.registry.serde.strategy.TopicIdStrategy, value.serializer=io.apicurio.registry.serde.avro.AvroKafkaSerializer, request.timeout.ms=5000, acks=all, bootstrap.servers=PLAINTEXT://localhost:32769, connections.max.idle.ms=10000, key.serializer=org.apache.kafka.common.serialization.StringSerializer, client.id=Producer-topic-cee33d69_939c_4ef5_9345_01117422b55e}
2025-08-13 16:47:08,180 INFO  [io.api.tes.ser.api.SimpleSerdesTesterBuilder$SimpleSerdesTester] (main) Using consumer configuration: {}
2025-08-13 16:47:08,182 INFO  [io.api.tes.ser.api.KafkaSerdesTester] (Thread-645) Sending message {"key11755103626959": "value-0"} to topic topic-cee33d69_939c_4ef5_9345_01117422b55e
2025-08-13 16:47:08,186 INFO  [org.apa.kaf.cli.Metadata] (kafka-producer-network-thread | Producer-topic-cee33d69_939c_4ef5_9345_01117422b55e) [Producer clientId=Producer-topic-cee33d69_939c_4ef5_9345_01117422b55e] Cluster ID: 2Q56eJUuTz2w_13NlVd4Hw
2025-08-13 16:47:08,187 INFO  [org.apa.kaf.cli.pro.int.TransactionManager] (kafka-producer-network-thread | Producer-topic-cee33d69_939c_4ef5_9345_01117422b55e) [Producer clientId=Producer-topic-cee33d69_939c_4ef5_9345_01117422b55e] ProducerId set to 9 with epoch 0
2025-08-13 16:47:08,520 INFO  [io.api.tes.ser.api.KafkaSerdesTester] (Thread-645) Sending message {"key11755103626959": "value-1"} to topic topic-cee33d69_939c_4ef5_9345_01117422b55e
2025-08-13 16:47:08,524 INFO  [io.api.tes.ser.api.KafkaSerdesTester] (Thread-645) Sending message {"key11755103626959": "value-2"} to topic topic-cee33d69_939c_4ef5_9345_01117422b55e
2025-08-13 16:47:08,526 INFO  [io.api.tes.ser.api.KafkaSerdesTester] (Thread-645) Sending message {"key11755103626959": "value-3"} to topic topic-cee33d69_939c_4ef5_9345_01117422b55e
2025-08-13 16:47:08,528 INFO  [io.api.tes.ser.api.KafkaSerdesTester] (Thread-645) Sending message {"key11755103626959": "value-4"} to topic topic-cee33d69_939c_4ef5_9345_01117422b55e
2025-08-13 16:47:08,533 INFO  [io.api.tes.ser.api.KafkaSerdesTester] (Thread-645) Sending message {"key11755103626959": "value-5"} to topic topic-cee33d69_939c_4ef5_9345_01117422b55e
2025-08-13 16:47:08,538 INFO  [io.api.tes.ser.api.KafkaSerdesTester] (Thread-645) Sending message {"key11755103626959": "value-6"} to topic topic-cee33d69_939c_4ef5_9345_01117422b55e
2025-08-13 16:47:08,540 INFO  [io.api.tes.ser.api.KafkaSerdesTester] (Thread-645) Sending message {"key11755103626959": "value-7"} to topic topic-cee33d69_939c_4ef5_9345_01117422b55e
2025-08-13 16:47:08,543 INFO  [io.api.tes.ser.api.KafkaSerdesTester] (Thread-645) Sending message {"key11755103626959": "value-8"} to topic topic-cee33d69_939c_4ef5_9345_01117422b55e
2025-08-13 16:47:08,546 INFO  [io.api.tes.ser.api.KafkaSerdesTester] (Thread-645) Sending message {"key11755103626959": "value-9"} to topic topic-cee33d69_939c_4ef5_9345_01117422b55e
2025-08-13 16:47:08,548 INFO  [io.api.tes.ser.api.KafkaSerdesTester] (Thread-645) Produced 10 messages
2025-08-13 16:47:08,548 INFO  [org.apa.kaf.cli.pro.KafkaProducer] (Thread-645) [Producer clientId=Producer-topic-cee33d69_939c_4ef5_9345_01117422b55e] Closing the Kafka producer with timeoutMillis = 9223372036854775807 ms.
2025-08-13 16:47:08,553 INFO  [org.apa.kaf.com.met.Metrics] (Thread-645) Metrics scheduler closed
2025-08-13 16:47:08,553 INFO  [org.apa.kaf.com.met.Metrics] (Thread-645) Closing reporter org.apache.kafka.common.metrics.JmxReporter
2025-08-13 16:47:08,553 INFO  [org.apa.kaf.com.met.Metrics] (Thread-645) Closing reporter org.apache.kafka.common.telemetry.internals.ClientTelemetryReporter
2025-08-13 16:47:08,553 INFO  [org.apa.kaf.com.met.Metrics] (Thread-645) Metrics reporters closed
2025-08-13 16:47:08,553 INFO  [org.apa.kaf.com.uti.AppInfoParser] (Thread-645) App info kafka.producer for Producer-topic-cee33d69_939c_4ef5_9345_01117422b55e unregistered
**** Registry Base URL: http://registry-app-ksql043.apps.ci419.apicurio-testing.org:80
2025-08-13 16:47:08,556 INFO  [org.apa.kaf.cli.con.ConsumerConfig] (main) ConsumerConfig values: 
	allow.auto.create.topics = true
	auto.commit.interval.ms = 500
	auto.include.jmx.reporter = true
	auto.offset.reset = earliest
	bootstrap.servers = [PLAINTEXT://localhost:32769]
	check.crcs = true
	client.dns.lookup = use_all_dns_ips
	client.id = consumer-Consumer-topic-cee33d69_939c_4ef5_9345_01117422b55e-7
	client.rack = 
	connections.max.idle.ms = 10000
	default.api.timeout.ms = 60000
	enable.auto.commit = true
	enable.metrics.push = true
	exclude.internal.topics = true
	fetch.max.bytes = 52428800
	fetch.max.wait.ms = 500
	fetch.min.bytes = 1
	group.id = Consumer-topic-cee33d69_939c_4ef5_9345_01117422b55e
	group.instance.id = null
	group.protocol = classic
	group.remote.assignor = null
	heartbeat.interval.ms = 3000
	interceptor.classes = []
	internal.leave.group.on.close = true
	internal.throw.on.fetch.stable.offset.unsupported = false
	isolation.level = read_uncommitted
	key.deserializer = class org.apache.kafka.common.serialization.StringDeserializer
	max.partition.fetch.bytes = 1048576
	max.poll.interval.ms = 300000
	max.poll.records = 500
	metadata.max.age.ms = 300000
	metadata.recovery.strategy = none
	metric.reporters = []
	metrics.num.samples = 2
	metrics.recording.level = INFO
	metrics.sample.window.ms = 30000
	partition.assignment.strategy = [class org.apache.kafka.clients.consumer.RangeAssignor, class org.apache.kafka.clients.consumer.CooperativeStickyAssignor]
	receive.buffer.bytes = 65536
	reconnect.backoff.max.ms = 1000
	reconnect.backoff.ms = 50
	request.timeout.ms = 5000
	retry.backoff.max.ms = 1000
	retry.backoff.ms = 100
	sasl.client.callback.handler.class = null
	sasl.jaas.config = null
	sasl.kerberos.kinit.cmd = /usr/bin/kinit
	sasl.kerberos.min.time.before.relogin = 60000
	sasl.kerberos.service.name = null
	sasl.kerberos.ticket.renew.jitter = 0.05
	sasl.kerberos.ticket.renew.window.factor = 0.8
	sasl.login.callback.handler.class = null
	sasl.login.class = null
	sasl.login.connect.timeout.ms = null
	sasl.login.read.timeout.ms = null
	sasl.login.refresh.buffer.seconds = 300
	sasl.login.refresh.min.period.seconds = 60
	sasl.login.refresh.window.factor = 0.8
	sasl.login.refresh.window.jitter = 0.05
	sasl.login.retry.backoff.max.ms = 10000
	sasl.login.retry.backoff.ms = 100
	sasl.mechanism = GSSAPI
	sasl.oauthbearer.clock.skew.seconds = 30
	sasl.oauthbearer.expected.audience = null
	sasl.oauthbearer.expected.issuer = null
	sasl.oauthbearer.header.urlencode = false
	sasl.oauthbearer.jwks.endpoint.refresh.ms = 3600000
	sasl.oauthbearer.jwks.endpoint.retry.backoff.max.ms = 10000
	sasl.oauthbearer.jwks.endpoint.retry.backoff.ms = 100
	sasl.oauthbearer.jwks.endpoint.url = null
	sasl.oauthbearer.scope.claim.name = scope
	sasl.oauthbearer.sub.claim.name = sub
	sasl.oauthbearer.token.endpoint.url = null
	security.protocol = PLAINTEXT
	security.providers = null
	send.buffer.bytes = 131072
	session.timeout.ms = 45000
	socket.connection.setup.timeout.max.ms = 30000
	socket.connection.setup.timeout.ms = 10000
	ssl.cipher.suites = null
	ssl.enabled.protocols = [TLSv1.2, TLSv1.3]
	ssl.endpoint.identification.algorithm = https
	ssl.engine.factory.class = null
	ssl.key.password = null
	ssl.keymanager.algorithm = SunX509
	ssl.keystore.certificate.chain = null
	ssl.keystore.key = null
	ssl.keystore.location = null
	ssl.keystore.password = null
	ssl.keystore.type = JKS
	ssl.protocol = TLSv1.3
	ssl.provider = null
	ssl.secure.random.implementation = null
	ssl.trustmanager.algorithm = PKIX
	ssl.truststore.certificates = null
	ssl.truststore.location = null
	ssl.truststore.password = null
	ssl.truststore.type = JKS
	value.deserializer = class io.apicurio.registry.serde.avro.AvroKafkaDeserializer

2025-08-13 16:47:08,556 INFO  [org.apa.kaf.com.tel.int.KafkaMetricsCollector] (main) initializing Kafka metrics collector
2025-08-13 16:47:08,565 INFO  [org.apa.kaf.cli.con.ConsumerConfig] (main) These configurations '[apicurio.registry.url]' were supplied but are not used yet.
2025-08-13 16:47:08,565 INFO  [org.apa.kaf.com.uti.AppInfoParser] (main) Kafka version: 3.9.1
2025-08-13 16:47:08,565 INFO  [org.apa.kaf.com.uti.AppInfoParser] (main) Kafka commitId: f745dfdcee2b9851
2025-08-13 16:47:08,565 INFO  [org.apa.kaf.com.uti.AppInfoParser] (main) Kafka startTimeMs: 1755103628565
2025-08-13 16:47:08,566 INFO  [org.apa.kaf.cli.con.int.ClassicKafkaConsumer] (Thread-648) [Consumer clientId=consumer-Consumer-topic-cee33d69_939c_4ef5_9345_01117422b55e-7, groupId=Consumer-topic-cee33d69_939c_4ef5_9345_01117422b55e] Subscribed to topic(s): topic-cee33d69_939c_4ef5_9345_01117422b55e
2025-08-13 16:47:08,570 INFO  [org.apa.kaf.cli.Metadata] (Thread-648) [Consumer clientId=consumer-Consumer-topic-cee33d69_939c_4ef5_9345_01117422b55e-7, groupId=Consumer-topic-cee33d69_939c_4ef5_9345_01117422b55e] Cluster ID: 2Q56eJUuTz2w_13NlVd4Hw
2025-08-13 16:47:08,572 INFO  [org.apa.kaf.cli.con.int.ConsumerCoordinator] (Thread-648) [Consumer clientId=consumer-Consumer-topic-cee33d69_939c_4ef5_9345_01117422b55e-7, groupId=Consumer-topic-cee33d69_939c_4ef5_9345_01117422b55e] Discovered group coordinator localhost:32769 (id: 2147483647 rack: null)
2025-08-13 16:47:08,575 INFO  [org.apa.kaf.cli.con.int.ConsumerCoordinator] (Thread-648) [Consumer clientId=consumer-Consumer-topic-cee33d69_939c_4ef5_9345_01117422b55e-7, groupId=Consumer-topic-cee33d69_939c_4ef5_9345_01117422b55e] (Re-)joining group
2025-08-13 16:47:08,577 INFO  [org.apa.kaf.cli.con.int.ConsumerCoordinator] (Thread-648) [Consumer clientId=consumer-Consumer-topic-cee33d69_939c_4ef5_9345_01117422b55e-7, groupId=Consumer-topic-cee33d69_939c_4ef5_9345_01117422b55e] Request joining group due to: need to re-join with the given member-id: consumer-Consumer-topic-cee33d69_939c_4ef5_9345_01117422b55e-7-327e77a4-bc22-49fe-b128-414a0a0c1024
2025-08-13 16:47:08,578 INFO  [org.apa.kaf.cli.con.int.ConsumerCoordinator] (Thread-648) [Consumer clientId=consumer-Consumer-topic-cee33d69_939c_4ef5_9345_01117422b55e-7, groupId=Consumer-topic-cee33d69_939c_4ef5_9345_01117422b55e] (Re-)joining group
2025-08-13 16:47:09,566 INFO  [io.api.tes.ser.api.KafkaSerdesTester] (Thread-648) None found
2025-08-13 16:47:10,567 INFO  [io.api.tes.ser.api.KafkaSerdesTester] (Thread-648) None found
2025-08-13 16:47:11,568 INFO  [io.api.tes.ser.api.KafkaSerdesTester] (Thread-648) None found
2025-08-13 16:47:11,579 INFO  [org.apa.kaf.cli.con.int.ConsumerCoordinator] (Thread-648) [Consumer clientId=consumer-Consumer-topic-cee33d69_939c_4ef5_9345_01117422b55e-7, groupId=Consumer-topic-cee33d69_939c_4ef5_9345_01117422b55e] Successfully joined group with generation Generation{generationId=1, memberId='consumer-Consumer-topic-cee33d69_939c_4ef5_9345_01117422b55e-7-327e77a4-bc22-49fe-b128-414a0a0c1024', protocol='range'}
2025-08-13 16:47:11,579 INFO  [org.apa.kaf.cli.con.int.ConsumerCoordinator] (Thread-648) [Consumer clientId=consumer-Consumer-topic-cee33d69_939c_4ef5_9345_01117422b55e-7, groupId=Consumer-topic-cee33d69_939c_4ef5_9345_01117422b55e] Finished assignment for group at generation 1: {consumer-Consumer-topic-cee33d69_939c_4ef5_9345_01117422b55e-7-327e77a4-bc22-49fe-b128-414a0a0c1024=Assignment(partitions=[topic-cee33d69_939c_4ef5_9345_01117422b55e-0])}
2025-08-13 16:47:11,587 INFO  [org.apa.kaf.cli.con.int.ConsumerCoordinator] (Thread-648) [Consumer clientId=consumer-Consumer-topic-cee33d69_939c_4ef5_9345_01117422b55e-7, groupId=Consumer-topic-cee33d69_939c_4ef5_9345_01117422b55e] Successfully synced group in generation Generation{generationId=1, memberId='consumer-Consumer-topic-cee33d69_939c_4ef5_9345_01117422b55e-7-327e77a4-bc22-49fe-b128-414a0a0c1024', protocol='range'}
2025-08-13 16:47:11,587 INFO  [org.apa.kaf.cli.con.int.ConsumerCoordinator] (Thread-648) [Consumer clientId=consumer-Consumer-topic-cee33d69_939c_4ef5_9345_01117422b55e-7, groupId=Consumer-topic-cee33d69_939c_4ef5_9345_01117422b55e] Notifying assignor about the new Assignment(partitions=[topic-cee33d69_939c_4ef5_9345_01117422b55e-0])
2025-08-13 16:47:11,587 INFO  [org.apa.kaf.cli.con.int.ConsumerRebalanceListenerInvoker] (Thread-648) [Consumer clientId=consumer-Consumer-topic-cee33d69_939c_4ef5_9345_01117422b55e-7, groupId=Consumer-topic-cee33d69_939c_4ef5_9345_01117422b55e] Adding newly assigned partitions: topic-cee33d69_939c_4ef5_9345_01117422b55e-0
2025-08-13 16:47:11,588 INFO  [org.apa.kaf.cli.con.int.ConsumerCoordinator] (Thread-648) [Consumer clientId=consumer-Consumer-topic-cee33d69_939c_4ef5_9345_01117422b55e-7, groupId=Consumer-topic-cee33d69_939c_4ef5_9345_01117422b55e] Found no committed offset for partition topic-cee33d69_939c_4ef5_9345_01117422b55e-0
2025-08-13 16:47:11,591 INFO  [org.apa.kaf.cli.con.int.SubscriptionState] (Thread-648) [Consumer clientId=consumer-Consumer-topic-cee33d69_939c_4ef5_9345_01117422b55e-7, groupId=Consumer-topic-cee33d69_939c_4ef5_9345_01117422b55e] Resetting offset for partition topic-cee33d69_939c_4ef5_9345_01117422b55e-0 to position FetchPosition{offset=0, offsetEpoch=Optional.empty, currentLeader=LeaderAndEpoch{leader=Optional[localhost:32769 (id: 0 rack: null)], epoch=0}}.
2025-08-13 16:47:11,825 INFO  [io.api.tes.ser.api.KafkaSerdesTester] (Thread-648) topic-cee33d69_939c_4ef5_9345_01117422b55e 0 0 {"key11755103626959": "value-0"}
2025-08-13 16:47:11,825 INFO  [io.api.tes.ser.api.KafkaSerdesTester] (Thread-648) topic-cee33d69_939c_4ef5_9345_01117422b55e 0 1 {"key11755103626959": "value-1"}
2025-08-13 16:47:11,826 INFO  [io.api.tes.ser.api.KafkaSerdesTester] (Thread-648) topic-cee33d69_939c_4ef5_9345_01117422b55e 0 2 {"key11755103626959": "value-2"}
2025-08-13 16:47:11,826 INFO  [io.api.tes.ser.api.KafkaSerdesTester] (Thread-648) topic-cee33d69_939c_4ef5_9345_01117422b55e 0 3 {"key11755103626959": "value-3"}
2025-08-13 16:47:11,826 INFO  [io.api.tes.ser.api.KafkaSerdesTester] (Thread-648) topic-cee33d69_939c_4ef5_9345_01117422b55e 0 4 {"key11755103626959": "value-4"}
2025-08-13 16:47:11,826 INFO  [io.api.tes.ser.api.KafkaSerdesTester] (Thread-648) topic-cee33d69_939c_4ef5_9345_01117422b55e 0 5 {"key11755103626959": "value-5"}
2025-08-13 16:47:11,826 INFO  [io.api.tes.ser.api.KafkaSerdesTester] (Thread-648) topic-cee33d69_939c_4ef5_9345_01117422b55e 0 6 {"key11755103626959": "value-6"}
2025-08-13 16:47:11,826 INFO  [io.api.tes.ser.api.KafkaSerdesTester] (Thread-648) topic-cee33d69_939c_4ef5_9345_01117422b55e 0 7 {"key11755103626959": "value-7"}
2025-08-13 16:47:11,826 INFO  [io.api.tes.ser.api.KafkaSerdesTester] (Thread-648) topic-cee33d69_939c_4ef5_9345_01117422b55e 0 8 {"key11755103626959": "value-8"}
2025-08-13 16:47:11,826 INFO  [io.api.tes.ser.api.KafkaSerdesTester] (Thread-648) topic-cee33d69_939c_4ef5_9345_01117422b55e 0 9 {"key11755103626959": "value-9"}
2025-08-13 16:47:11,826 INFO  [io.api.tes.ser.api.KafkaSerdesTester] (Thread-648) Consumed 10 messages
2025-08-13 16:47:11,835 INFO  [org.apa.kaf.cli.con.int.ConsumerRebalanceListenerInvoker] (Thread-648) [Consumer clientId=consumer-Consumer-topic-cee33d69_939c_4ef5_9345_01117422b55e-7, groupId=Consumer-topic-cee33d69_939c_4ef5_9345_01117422b55e] Revoke previously assigned partitions topic-cee33d69_939c_4ef5_9345_01117422b55e-0
2025-08-13 16:47:11,835 INFO  [org.apa.kaf.cli.con.int.ConsumerCoordinator] (Thread-648) [Consumer clientId=consumer-Consumer-topic-cee33d69_939c_4ef5_9345_01117422b55e-7, groupId=Consumer-topic-cee33d69_939c_4ef5_9345_01117422b55e] Member consumer-Consumer-topic-cee33d69_939c_4ef5_9345_01117422b55e-7-327e77a4-bc22-49fe-b128-414a0a0c1024 sending LeaveGroup request to coordinator localhost:32769 (id: 2147483647 rack: null) due to the consumer is being closed
2025-08-13 16:47:11,835 INFO  [org.apa.kaf.cli.con.int.ConsumerCoordinator] (Thread-648) [Consumer clientId=consumer-Consumer-topic-cee33d69_939c_4ef5_9345_01117422b55e-7, groupId=Consumer-topic-cee33d69_939c_4ef5_9345_01117422b55e] Resetting generation and member id due to: consumer pro-actively leaving the group
2025-08-13 16:47:11,835 INFO  [org.apa.kaf.cli.con.int.ConsumerCoordinator] (Thread-648) [Consumer clientId=consumer-Consumer-topic-cee33d69_939c_4ef5_9345_01117422b55e-7, groupId=Consumer-topic-cee33d69_939c_4ef5_9345_01117422b55e] Request joining group due to: consumer pro-actively leaving the group
2025-08-13 16:47:12,331 INFO  [org.apa.kaf.com.met.Metrics] (Thread-648) Metrics scheduler closed
2025-08-13 16:47:12,331 INFO  [org.apa.kaf.com.met.Metrics] (Thread-648) Closing reporter org.apache.kafka.common.metrics.JmxReporter
2025-08-13 16:47:12,331 INFO  [org.apa.kaf.com.met.Metrics] (Thread-648) Closing reporter org.apache.kafka.common.telemetry.internals.ClientTelemetryReporter
2025-08-13 16:47:12,331 INFO  [org.apa.kaf.com.met.Metrics] (Thread-648) Metrics reporters closed
2025-08-13 16:47:12,334 INFO  [org.apa.kaf.com.uti.AppInfoParser] (Thread-648) App info kafka.consumer for consumer-Consumer-topic-cee33d69_939c_4ef5_9345_01117422b55e-7 unregistered
2025-08-13 16:47:12,335 INFO  [io.api.tes.uti.TestSeparator] (main) io.apicurio.tests.serdes.apicurio.AvroSerdeIT.testTopicIdStrategyFindLatest-FINISHED
2025-08-13 16:47:12,335 INFO  [io.api.tes.uti.TestSeparator] (main) ############################################################################
Test passed: testTopicIdStrategyFindLatest
]]></system-out>
  </testcase>
  <testcase name="testAvroUnionWithSpecificReader" classname="io.apicurio.tests.serdes.apicurio.AvroSerdeIT" time="4.815">
    <system-out><![CDATA[2025-08-13 16:47:12,340 INFO  [io.api.tes.uti.TestSeparator] (main) ############################################################################
2025-08-13 16:47:12,340 INFO  [io.api.tes.uti.TestSeparator] (main) io.apicurio.tests.serdes.apicurio.AvroSerdeIT.testAvroUnionWithSpecificReader-STARTED
**** Registry Base URL: http://registry-app-ksql043.apps.ci419.apicurio-testing.org:80
2025-08-13 16:47:12,345 INFO  [org.apa.kaf.cli.pro.ProducerConfig] (main) ProducerConfig values: 
	acks = -1
	auto.include.jmx.reporter = true
	batch.size = 16384
	bootstrap.servers = [PLAINTEXT://localhost:32769]
	buffer.memory = 33554432
	client.dns.lookup = use_all_dns_ips
	client.id = Producer-topic-158bdba3_013f_44f5_8c14_478c7bae44be
	compression.gzip.level = -1
	compression.lz4.level = 9
	compression.type = none
	compression.zstd.level = 3
	connections.max.idle.ms = 10000
	delivery.timeout.ms = 120000
	enable.idempotence = true
	enable.metrics.push = true
	interceptor.classes = []
	key.serializer = class org.apache.kafka.common.serialization.StringSerializer
	linger.ms = 0
	max.block.ms = 60000
	max.in.flight.requests.per.connection = 5
	max.request.size = 1048576
	metadata.max.age.ms = 300000
	metadata.max.idle.ms = 300000
	metadata.recovery.strategy = none
	metric.reporters = []
	metrics.num.samples = 2
	metrics.recording.level = INFO
	metrics.sample.window.ms = 30000
	partitioner.adaptive.partitioning.enable = true
	partitioner.availability.timeout.ms = 0
	partitioner.class = null
	partitioner.ignore.keys = false
	receive.buffer.bytes = 32768
	reconnect.backoff.max.ms = 1000
	reconnect.backoff.ms = 50
	request.timeout.ms = 5000
	retries = 2147483647
	retry.backoff.max.ms = 1000
	retry.backoff.ms = 100
	sasl.client.callback.handler.class = null
	sasl.jaas.config = null
	sasl.kerberos.kinit.cmd = /usr/bin/kinit
	sasl.kerberos.min.time.before.relogin = 60000
	sasl.kerberos.service.name = null
	sasl.kerberos.ticket.renew.jitter = 0.05
	sasl.kerberos.ticket.renew.window.factor = 0.8
	sasl.login.callback.handler.class = null
	sasl.login.class = null
	sasl.login.connect.timeout.ms = null
	sasl.login.read.timeout.ms = null
	sasl.login.refresh.buffer.seconds = 300
	sasl.login.refresh.min.period.seconds = 60
	sasl.login.refresh.window.factor = 0.8
	sasl.login.refresh.window.jitter = 0.05
	sasl.login.retry.backoff.max.ms = 10000
	sasl.login.retry.backoff.ms = 100
	sasl.mechanism = GSSAPI
	sasl.oauthbearer.clock.skew.seconds = 30
	sasl.oauthbearer.expected.audience = null
	sasl.oauthbearer.expected.issuer = null
	sasl.oauthbearer.header.urlencode = false
	sasl.oauthbearer.jwks.endpoint.refresh.ms = 3600000
	sasl.oauthbearer.jwks.endpoint.retry.backoff.max.ms = 10000
	sasl.oauthbearer.jwks.endpoint.retry.backoff.ms = 100
	sasl.oauthbearer.jwks.endpoint.url = null
	sasl.oauthbearer.scope.claim.name = scope
	sasl.oauthbearer.sub.claim.name = sub
	sasl.oauthbearer.token.endpoint.url = null
	security.protocol = PLAINTEXT
	security.providers = null
	send.buffer.bytes = 131072
	socket.connection.setup.timeout.max.ms = 30000
	socket.connection.setup.timeout.ms = 10000
	ssl.cipher.suites = null
	ssl.enabled.protocols = [TLSv1.2, TLSv1.3]
	ssl.endpoint.identification.algorithm = https
	ssl.engine.factory.class = null
	ssl.key.password = null
	ssl.keymanager.algorithm = SunX509
	ssl.keystore.certificate.chain = null
	ssl.keystore.key = null
	ssl.keystore.location = null
	ssl.keystore.password = null
	ssl.keystore.type = JKS
	ssl.protocol = TLSv1.3
	ssl.provider = null
	ssl.secure.random.implementation = null
	ssl.trustmanager.algorithm = PKIX
	ssl.truststore.certificates = null
	ssl.truststore.location = null
	ssl.truststore.password = null
	ssl.truststore.type = JKS
	transaction.timeout.ms = 60000
	transactional.id = null
	value.serializer = class io.apicurio.registry.serde.avro.AvroKafkaSerializer

2025-08-13 16:47:12,345 INFO  [org.apa.kaf.com.tel.int.KafkaMetricsCollector] (main) initializing Kafka metrics collector
2025-08-13 16:47:12,349 INFO  [org.apa.kaf.cli.pro.KafkaProducer] (main) [Producer clientId=Producer-topic-158bdba3_013f_44f5_8c14_478c7bae44be] Instantiated an idempotent producer.
2025-08-13 16:47:12,351 INFO  [org.apa.kaf.cli.pro.ProducerConfig] (main) These configurations '[apicurio.registry.url, apicurio.registry.auto-register, apicurio.registry.artifact-resolver-strategy]' were supplied but are not used yet.
2025-08-13 16:47:12,351 INFO  [org.apa.kaf.com.uti.AppInfoParser] (main) Kafka version: 3.9.1
2025-08-13 16:47:12,351 INFO  [org.apa.kaf.com.uti.AppInfoParser] (main) Kafka commitId: f745dfdcee2b9851
2025-08-13 16:47:12,351 INFO  [org.apa.kaf.com.uti.AppInfoParser] (main) Kafka startTimeMs: 1755103632351
2025-08-13 16:47:12,352 INFO  [io.api.tes.ser.api.SimpleSerdesTesterBuilder$SimpleSerdesTester] (main) Using producer configuration: {apicurio.registry.url=http://registry-app-ksql043.apps.ci419.apicurio-testing.org:80/apis/registry/v3, apicurio.registry.auto-register=true, apicurio.registry.artifact-resolver-strategy=io.apicurio.registry.serde.strategy.TopicIdStrategy, value.serializer=io.apicurio.registry.serde.avro.AvroKafkaSerializer, request.timeout.ms=5000, acks=all, bootstrap.servers=PLAINTEXT://localhost:32769, connections.max.idle.ms=10000, key.serializer=org.apache.kafka.common.serialization.StringSerializer, client.id=Producer-topic-158bdba3_013f_44f5_8c14_478c7bae44be}
2025-08-13 16:47:12,352 INFO  [io.api.tes.ser.api.SimpleSerdesTesterBuilder$SimpleSerdesTester] (main) Using consumer configuration: {}
2025-08-13 16:47:12,353 INFO  [io.api.tes.ser.api.KafkaSerdesTester] (Thread-651) Sending message {"id": "record-0"} to topic topic-158bdba3_013f_44f5_8c14_478c7bae44be
2025-08-13 16:47:12,359 WARN  [org.apa.kaf.cli.NetworkClient] (kafka-producer-network-thread | Producer-topic-158bdba3_013f_44f5_8c14_478c7bae44be) [Producer clientId=Producer-topic-158bdba3_013f_44f5_8c14_478c7bae44be] The metadata response from the cluster reported a recoverable issue with correlation id 1 : {topic-158bdba3_013f_44f5_8c14_478c7bae44be=UNKNOWN_TOPIC_OR_PARTITION}
2025-08-13 16:47:12,360 INFO  [org.apa.kaf.cli.Metadata] (kafka-producer-network-thread | Producer-topic-158bdba3_013f_44f5_8c14_478c7bae44be) [Producer clientId=Producer-topic-158bdba3_013f_44f5_8c14_478c7bae44be] Cluster ID: 2Q56eJUuTz2w_13NlVd4Hw
2025-08-13 16:47:12,361 INFO  [org.apa.kaf.cli.pro.int.TransactionManager] (kafka-producer-network-thread | Producer-topic-158bdba3_013f_44f5_8c14_478c7bae44be) [Producer clientId=Producer-topic-158bdba3_013f_44f5_8c14_478c7bae44be] ProducerId set to 10 with epoch 0
2025-08-13 16:47:12,678 INFO  [io.api.tes.ser.api.KafkaSerdesTester] (Thread-651) Sending message {"value": 1} to topic topic-158bdba3_013f_44f5_8c14_478c7bae44be
2025-08-13 16:47:12,804 INFO  [io.api.tes.ser.api.KafkaSerdesTester] (Thread-651) Sending message {"active": true} to topic topic-158bdba3_013f_44f5_8c14_478c7bae44be
2025-08-13 16:47:12,936 INFO  [io.api.tes.ser.api.KafkaSerdesTester] (Thread-651) Sending message {"id": "record-3"} to topic topic-158bdba3_013f_44f5_8c14_478c7bae44be
2025-08-13 16:47:12,939 INFO  [io.api.tes.ser.api.KafkaSerdesTester] (Thread-651) Sending message {"value": 4} to topic topic-158bdba3_013f_44f5_8c14_478c7bae44be
2025-08-13 16:47:12,947 INFO  [io.api.tes.ser.api.KafkaSerdesTester] (Thread-651) Sending message {"active": false} to topic topic-158bdba3_013f_44f5_8c14_478c7bae44be
2025-08-13 16:47:12,950 INFO  [io.api.tes.ser.api.KafkaSerdesTester] (Thread-651) Sending message {"id": "record-6"} to topic topic-158bdba3_013f_44f5_8c14_478c7bae44be
2025-08-13 16:47:12,953 INFO  [io.api.tes.ser.api.KafkaSerdesTester] (Thread-651) Sending message {"value": 7} to topic topic-158bdba3_013f_44f5_8c14_478c7bae44be
2025-08-13 16:47:12,955 INFO  [io.api.tes.ser.api.KafkaSerdesTester] (Thread-651) Sending message {"active": true} to topic topic-158bdba3_013f_44f5_8c14_478c7bae44be
2025-08-13 16:47:12,956 INFO  [io.api.tes.ser.api.KafkaSerdesTester] (Thread-651) Sending message {"id": "record-9"} to topic topic-158bdba3_013f_44f5_8c14_478c7bae44be
2025-08-13 16:47:12,958 INFO  [io.api.tes.ser.api.KafkaSerdesTester] (Thread-651) Produced 10 messages
2025-08-13 16:47:12,958 INFO  [org.apa.kaf.cli.pro.KafkaProducer] (Thread-651) [Producer clientId=Producer-topic-158bdba3_013f_44f5_8c14_478c7bae44be] Closing the Kafka producer with timeoutMillis = 9223372036854775807 ms.
2025-08-13 16:47:12,962 INFO  [org.apa.kaf.com.met.Metrics] (Thread-651) Metrics scheduler closed
2025-08-13 16:47:12,962 INFO  [org.apa.kaf.com.met.Metrics] (Thread-651) Closing reporter org.apache.kafka.common.metrics.JmxReporter
2025-08-13 16:47:12,962 INFO  [org.apa.kaf.com.met.Metrics] (Thread-651) Closing reporter org.apache.kafka.common.telemetry.internals.ClientTelemetryReporter
2025-08-13 16:47:12,962 INFO  [org.apa.kaf.com.met.Metrics] (Thread-651) Metrics reporters closed
2025-08-13 16:47:12,963 INFO  [org.apa.kaf.com.uti.AppInfoParser] (Thread-651) App info kafka.producer for Producer-topic-158bdba3_013f_44f5_8c14_478c7bae44be unregistered
2025-08-13 16:47:13,043 INFO  [io.api.tes.ser.api.AvroSerdeIT] (main) Artifact topic-158bdba3_013f_44f5_8c14_478c7bae44be-value found in registry with globalId 25
**** Registry Base URL: http://registry-app-ksql043.apps.ci419.apicurio-testing.org:80
2025-08-13 16:47:13,044 INFO  [org.apa.kaf.cli.con.ConsumerConfig] (main) ConsumerConfig values: 
	allow.auto.create.topics = true
	auto.commit.interval.ms = 500
	auto.include.jmx.reporter = true
	auto.offset.reset = earliest
	bootstrap.servers = [PLAINTEXT://localhost:32769]
	check.crcs = true
	client.dns.lookup = use_all_dns_ips
	client.id = consumer-Consumer-topic-158bdba3_013f_44f5_8c14_478c7bae44be-8
	client.rack = 
	connections.max.idle.ms = 10000
	default.api.timeout.ms = 60000
	enable.auto.commit = true
	enable.metrics.push = true
	exclude.internal.topics = true
	fetch.max.bytes = 52428800
	fetch.max.wait.ms = 500
	fetch.min.bytes = 1
	group.id = Consumer-topic-158bdba3_013f_44f5_8c14_478c7bae44be
	group.instance.id = null
	group.protocol = classic
	group.remote.assignor = null
	heartbeat.interval.ms = 3000
	interceptor.classes = []
	internal.leave.group.on.close = true
	internal.throw.on.fetch.stable.offset.unsupported = false
	isolation.level = read_uncommitted
	key.deserializer = class org.apache.kafka.common.serialization.StringDeserializer
	max.partition.fetch.bytes = 1048576
	max.poll.interval.ms = 300000
	max.poll.records = 500
	metadata.max.age.ms = 300000
	metadata.recovery.strategy = none
	metric.reporters = []
	metrics.num.samples = 2
	metrics.recording.level = INFO
	metrics.sample.window.ms = 30000
	partition.assignment.strategy = [class org.apache.kafka.clients.consumer.RangeAssignor, class org.apache.kafka.clients.consumer.CooperativeStickyAssignor]
	receive.buffer.bytes = 65536
	reconnect.backoff.max.ms = 1000
	reconnect.backoff.ms = 50
	request.timeout.ms = 5000
	retry.backoff.max.ms = 1000
	retry.backoff.ms = 100
	sasl.client.callback.handler.class = null
	sasl.jaas.config = null
	sasl.kerberos.kinit.cmd = /usr/bin/kinit
	sasl.kerberos.min.time.before.relogin = 60000
	sasl.kerberos.service.name = null
	sasl.kerberos.ticket.renew.jitter = 0.05
	sasl.kerberos.ticket.renew.window.factor = 0.8
	sasl.login.callback.handler.class = null
	sasl.login.class = null
	sasl.login.connect.timeout.ms = null
	sasl.login.read.timeout.ms = null
	sasl.login.refresh.buffer.seconds = 300
	sasl.login.refresh.min.period.seconds = 60
	sasl.login.refresh.window.factor = 0.8
	sasl.login.refresh.window.jitter = 0.05
	sasl.login.retry.backoff.max.ms = 10000
	sasl.login.retry.backoff.ms = 100
	sasl.mechanism = GSSAPI
	sasl.oauthbearer.clock.skew.seconds = 30
	sasl.oauthbearer.expected.audience = null
	sasl.oauthbearer.expected.issuer = null
	sasl.oauthbearer.header.urlencode = false
	sasl.oauthbearer.jwks.endpoint.refresh.ms = 3600000
	sasl.oauthbearer.jwks.endpoint.retry.backoff.max.ms = 10000
	sasl.oauthbearer.jwks.endpoint.retry.backoff.ms = 100
	sasl.oauthbearer.jwks.endpoint.url = null
	sasl.oauthbearer.scope.claim.name = scope
	sasl.oauthbearer.sub.claim.name = sub
	sasl.oauthbearer.token.endpoint.url = null
	security.protocol = PLAINTEXT
	security.providers = null
	send.buffer.bytes = 131072
	session.timeout.ms = 45000
	socket.connection.setup.timeout.max.ms = 30000
	socket.connection.setup.timeout.ms = 10000
	ssl.cipher.suites = null
	ssl.enabled.protocols = [TLSv1.2, TLSv1.3]
	ssl.endpoint.identification.algorithm = https
	ssl.engine.factory.class = null
	ssl.key.password = null
	ssl.keymanager.algorithm = SunX509
	ssl.keystore.certificate.chain = null
	ssl.keystore.key = null
	ssl.keystore.location = null
	ssl.keystore.password = null
	ssl.keystore.type = JKS
	ssl.protocol = TLSv1.3
	ssl.provider = null
	ssl.secure.random.implementation = null
	ssl.trustmanager.algorithm = PKIX
	ssl.truststore.certificates = null
	ssl.truststore.location = null
	ssl.truststore.password = null
	ssl.truststore.type = JKS
	value.deserializer = class io.apicurio.registry.serde.avro.AvroKafkaDeserializer

2025-08-13 16:47:13,045 INFO  [org.apa.kaf.com.tel.int.KafkaMetricsCollector] (main) initializing Kafka metrics collector
2025-08-13 16:47:13,051 INFO  [org.apa.kaf.cli.con.ConsumerConfig] (main) These configurations '[apicurio.registry.url]' were supplied but are not used yet.
2025-08-13 16:47:13,051 INFO  [org.apa.kaf.com.uti.AppInfoParser] (main) Kafka version: 3.9.1
2025-08-13 16:47:13,051 INFO  [org.apa.kaf.com.uti.AppInfoParser] (main) Kafka commitId: f745dfdcee2b9851
2025-08-13 16:47:13,051 INFO  [org.apa.kaf.com.uti.AppInfoParser] (main) Kafka startTimeMs: 1755103633051
2025-08-13 16:47:13,051 INFO  [org.apa.kaf.cli.con.int.ClassicKafkaConsumer] (Thread-654) [Consumer clientId=consumer-Consumer-topic-158bdba3_013f_44f5_8c14_478c7bae44be-8, groupId=Consumer-topic-158bdba3_013f_44f5_8c14_478c7bae44be] Subscribed to topic(s): topic-158bdba3_013f_44f5_8c14_478c7bae44be
2025-08-13 16:47:13,056 INFO  [org.apa.kaf.cli.Metadata] (Thread-654) [Consumer clientId=consumer-Consumer-topic-158bdba3_013f_44f5_8c14_478c7bae44be-8, groupId=Consumer-topic-158bdba3_013f_44f5_8c14_478c7bae44be] Cluster ID: 2Q56eJUuTz2w_13NlVd4Hw
2025-08-13 16:47:13,058 INFO  [org.apa.kaf.cli.con.int.ConsumerCoordinator] (Thread-654) [Consumer clientId=consumer-Consumer-topic-158bdba3_013f_44f5_8c14_478c7bae44be-8, groupId=Consumer-topic-158bdba3_013f_44f5_8c14_478c7bae44be] Discovered group coordinator localhost:32769 (id: 2147483647 rack: null)
2025-08-13 16:47:13,060 INFO  [org.apa.kaf.cli.con.int.ConsumerCoordinator] (Thread-654) [Consumer clientId=consumer-Consumer-topic-158bdba3_013f_44f5_8c14_478c7bae44be-8, groupId=Consumer-topic-158bdba3_013f_44f5_8c14_478c7bae44be] (Re-)joining group
2025-08-13 16:47:13,064 INFO  [org.apa.kaf.cli.con.int.ConsumerCoordinator] (Thread-654) [Consumer clientId=consumer-Consumer-topic-158bdba3_013f_44f5_8c14_478c7bae44be-8, groupId=Consumer-topic-158bdba3_013f_44f5_8c14_478c7bae44be] Request joining group due to: need to re-join with the given member-id: consumer-Consumer-topic-158bdba3_013f_44f5_8c14_478c7bae44be-8-a5eed1b4-1cfe-42f4-8c75-65285de480d3
2025-08-13 16:47:13,064 INFO  [org.apa.kaf.cli.con.int.ConsumerCoordinator] (Thread-654) [Consumer clientId=consumer-Consumer-topic-158bdba3_013f_44f5_8c14_478c7bae44be-8, groupId=Consumer-topic-158bdba3_013f_44f5_8c14_478c7bae44be] (Re-)joining group
2025-08-13 16:47:14,051 INFO  [io.api.tes.ser.api.KafkaSerdesTester] (Thread-654) None found
2025-08-13 16:47:15,052 INFO  [io.api.tes.ser.api.KafkaSerdesTester] (Thread-654) None found
2025-08-13 16:47:16,052 INFO  [io.api.tes.ser.api.KafkaSerdesTester] (Thread-654) None found
2025-08-13 16:47:16,066 INFO  [org.apa.kaf.cli.con.int.ConsumerCoordinator] (Thread-654) [Consumer clientId=consumer-Consumer-topic-158bdba3_013f_44f5_8c14_478c7bae44be-8, groupId=Consumer-topic-158bdba3_013f_44f5_8c14_478c7bae44be] Successfully joined group with generation Generation{generationId=1, memberId='consumer-Consumer-topic-158bdba3_013f_44f5_8c14_478c7bae44be-8-a5eed1b4-1cfe-42f4-8c75-65285de480d3', protocol='range'}
2025-08-13 16:47:16,067 INFO  [org.apa.kaf.cli.con.int.ConsumerCoordinator] (Thread-654) [Consumer clientId=consumer-Consumer-topic-158bdba3_013f_44f5_8c14_478c7bae44be-8, groupId=Consumer-topic-158bdba3_013f_44f5_8c14_478c7bae44be] Finished assignment for group at generation 1: {consumer-Consumer-topic-158bdba3_013f_44f5_8c14_478c7bae44be-8-a5eed1b4-1cfe-42f4-8c75-65285de480d3=Assignment(partitions=[topic-158bdba3_013f_44f5_8c14_478c7bae44be-0])}
2025-08-13 16:47:16,074 INFO  [org.apa.kaf.cli.con.int.ConsumerCoordinator] (Thread-654) [Consumer clientId=consumer-Consumer-topic-158bdba3_013f_44f5_8c14_478c7bae44be-8, groupId=Consumer-topic-158bdba3_013f_44f5_8c14_478c7bae44be] Successfully synced group in generation Generation{generationId=1, memberId='consumer-Consumer-topic-158bdba3_013f_44f5_8c14_478c7bae44be-8-a5eed1b4-1cfe-42f4-8c75-65285de480d3', protocol='range'}
2025-08-13 16:47:16,074 INFO  [org.apa.kaf.cli.con.int.ConsumerCoordinator] (Thread-654) [Consumer clientId=consumer-Consumer-topic-158bdba3_013f_44f5_8c14_478c7bae44be-8, groupId=Consumer-topic-158bdba3_013f_44f5_8c14_478c7bae44be] Notifying assignor about the new Assignment(partitions=[topic-158bdba3_013f_44f5_8c14_478c7bae44be-0])
2025-08-13 16:47:16,074 INFO  [org.apa.kaf.cli.con.int.ConsumerRebalanceListenerInvoker] (Thread-654) [Consumer clientId=consumer-Consumer-topic-158bdba3_013f_44f5_8c14_478c7bae44be-8, groupId=Consumer-topic-158bdba3_013f_44f5_8c14_478c7bae44be] Adding newly assigned partitions: topic-158bdba3_013f_44f5_8c14_478c7bae44be-0
2025-08-13 16:47:16,077 INFO  [org.apa.kaf.cli.con.int.ConsumerCoordinator] (Thread-654) [Consumer clientId=consumer-Consumer-topic-158bdba3_013f_44f5_8c14_478c7bae44be-8, groupId=Consumer-topic-158bdba3_013f_44f5_8c14_478c7bae44be] Found no committed offset for partition topic-158bdba3_013f_44f5_8c14_478c7bae44be-0
2025-08-13 16:47:16,082 INFO  [org.apa.kaf.cli.con.int.SubscriptionState] (Thread-654) [Consumer clientId=consumer-Consumer-topic-158bdba3_013f_44f5_8c14_478c7bae44be-8, groupId=Consumer-topic-158bdba3_013f_44f5_8c14_478c7bae44be] Resetting offset for partition topic-158bdba3_013f_44f5_8c14_478c7bae44be-0 to position FetchPosition{offset=0, offsetEpoch=Optional.empty, currentLeader=LeaderAndEpoch{leader=Optional[localhost:32769 (id: 0 rack: null)], epoch=0}}.
2025-08-13 16:47:16,643 INFO  [io.api.tes.ser.api.KafkaSerdesTester] (Thread-654) topic-158bdba3_013f_44f5_8c14_478c7bae44be 0 0 {"id": "record-0"}
2025-08-13 16:47:16,643 INFO  [io.api.tes.ser.api.KafkaSerdesTester] (Thread-654) topic-158bdba3_013f_44f5_8c14_478c7bae44be 0 1 {"value": 1}
2025-08-13 16:47:16,643 INFO  [io.api.tes.ser.api.KafkaSerdesTester] (Thread-654) topic-158bdba3_013f_44f5_8c14_478c7bae44be 0 2 {"active": true}
2025-08-13 16:47:16,643 INFO  [io.api.tes.ser.api.KafkaSerdesTester] (Thread-654) topic-158bdba3_013f_44f5_8c14_478c7bae44be 0 3 {"id": "record-3"}
2025-08-13 16:47:16,643 INFO  [io.api.tes.ser.api.KafkaSerdesTester] (Thread-654) topic-158bdba3_013f_44f5_8c14_478c7bae44be 0 4 {"value": 4}
2025-08-13 16:47:16,643 INFO  [io.api.tes.ser.api.KafkaSerdesTester] (Thread-654) topic-158bdba3_013f_44f5_8c14_478c7bae44be 0 5 {"active": false}
2025-08-13 16:47:16,643 INFO  [io.api.tes.ser.api.KafkaSerdesTester] (Thread-654) topic-158bdba3_013f_44f5_8c14_478c7bae44be 0 6 {"id": "record-6"}
2025-08-13 16:47:16,643 INFO  [io.api.tes.ser.api.KafkaSerdesTester] (Thread-654) topic-158bdba3_013f_44f5_8c14_478c7bae44be 0 7 {"value": 7}
2025-08-13 16:47:16,643 INFO  [io.api.tes.ser.api.KafkaSerdesTester] (Thread-654) topic-158bdba3_013f_44f5_8c14_478c7bae44be 0 8 {"active": true}
2025-08-13 16:47:16,643 INFO  [io.api.tes.ser.api.KafkaSerdesTester] (Thread-654) topic-158bdba3_013f_44f5_8c14_478c7bae44be 0 9 {"id": "record-9"}
2025-08-13 16:47:16,643 INFO  [io.api.tes.ser.api.KafkaSerdesTester] (Thread-654) Consumed 10 messages
2025-08-13 16:47:16,653 INFO  [org.apa.kaf.cli.con.int.ConsumerRebalanceListenerInvoker] (Thread-654) [Consumer clientId=consumer-Consumer-topic-158bdba3_013f_44f5_8c14_478c7bae44be-8, groupId=Consumer-topic-158bdba3_013f_44f5_8c14_478c7bae44be] Revoke previously assigned partitions topic-158bdba3_013f_44f5_8c14_478c7bae44be-0
2025-08-13 16:47:16,653 INFO  [org.apa.kaf.cli.con.int.ConsumerCoordinator] (Thread-654) [Consumer clientId=consumer-Consumer-topic-158bdba3_013f_44f5_8c14_478c7bae44be-8, groupId=Consumer-topic-158bdba3_013f_44f5_8c14_478c7bae44be] Member consumer-Consumer-topic-158bdba3_013f_44f5_8c14_478c7bae44be-8-a5eed1b4-1cfe-42f4-8c75-65285de480d3 sending LeaveGroup request to coordinator localhost:32769 (id: 2147483647 rack: null) due to the consumer is being closed
2025-08-13 16:47:16,653 INFO  [org.apa.kaf.cli.con.int.ConsumerCoordinator] (Thread-654) [Consumer clientId=consumer-Consumer-topic-158bdba3_013f_44f5_8c14_478c7bae44be-8, groupId=Consumer-topic-158bdba3_013f_44f5_8c14_478c7bae44be] Resetting generation and member id due to: consumer pro-actively leaving the group
2025-08-13 16:47:16,653 INFO  [org.apa.kaf.cli.con.int.ConsumerCoordinator] (Thread-654) [Consumer clientId=consumer-Consumer-topic-158bdba3_013f_44f5_8c14_478c7bae44be-8, groupId=Consumer-topic-158bdba3_013f_44f5_8c14_478c7bae44be] Request joining group due to: consumer pro-actively leaving the group
2025-08-13 16:47:17,147 INFO  [org.apa.kaf.com.met.Metrics] (Thread-654) Metrics scheduler closed
2025-08-13 16:47:17,147 INFO  [org.apa.kaf.com.met.Metrics] (Thread-654) Closing reporter org.apache.kafka.common.metrics.JmxReporter
2025-08-13 16:47:17,147 INFO  [org.apa.kaf.com.met.Metrics] (Thread-654) Closing reporter org.apache.kafka.common.telemetry.internals.ClientTelemetryReporter
2025-08-13 16:47:17,147 INFO  [org.apa.kaf.com.met.Metrics] (Thread-654) Metrics reporters closed
2025-08-13 16:47:17,150 INFO  [org.apa.kaf.com.uti.AppInfoParser] (Thread-654) App info kafka.consumer for consumer-Consumer-topic-158bdba3_013f_44f5_8c14_478c7bae44be-8 unregistered
2025-08-13 16:47:17,151 INFO  [io.api.tes.uti.TestSeparator] (main) io.apicurio.tests.serdes.apicurio.AvroSerdeIT.testAvroUnionWithSpecificReader-FINISHED
2025-08-13 16:47:17,151 INFO  [io.api.tes.uti.TestSeparator] (main) ############################################################################
Test passed: testAvroUnionWithSpecificReader
]]></system-out>
  </testcase>
  <testcase name="testEvolveAvroApicurioReusingClient" classname="io.apicurio.tests.serdes.apicurio.AvroSerdeIT" time="8.209">
    <system-out><![CDATA[2025-08-13 16:47:17,154 INFO  [io.api.tes.uti.TestSeparator] (main) ############################################################################
2025-08-13 16:47:17,154 INFO  [io.api.tes.uti.TestSeparator] (main) io.apicurio.tests.serdes.apicurio.AvroSerdeIT.testEvolveAvroApicurioReusingClient-STARTED
2025-08-13 16:47:17,156 INFO  [io.api.tes.ser.api.AvroSerdeIT] (main) Registering Avro Schema: {"type":"record","name":"sa220db12x16e9x418cxa35fx1ac0dec5599d","namespace":"ns_e1a11fff_e05e_4020_9201_9e493255b0c5","fields":[{"name":"key11755103637156","type":"string"}]}
**** Registry Base URL: http://registry-app-ksql043.apps.ci419.apicurio-testing.org:80
2025-08-13 16:47:18,357 INFO  [org.apa.kaf.cli.pro.ProducerConfig] (main) ProducerConfig values: 
	acks = -1
	auto.include.jmx.reporter = true
	batch.size = 16384
	bootstrap.servers = [PLAINTEXT://localhost:32769]
	buffer.memory = 33554432
	client.dns.lookup = use_all_dns_ips
	client.id = Producer-topic-1542d256_5cc6_4088_a8ec_ceff20f93a94
	compression.gzip.level = -1
	compression.lz4.level = 9
	compression.type = none
	compression.zstd.level = 3
	connections.max.idle.ms = 10000
	delivery.timeout.ms = 120000
	enable.idempotence = true
	enable.metrics.push = true
	interceptor.classes = []
	key.serializer = class org.apache.kafka.common.serialization.StringSerializer
	linger.ms = 0
	max.block.ms = 60000
	max.in.flight.requests.per.connection = 5
	max.request.size = 1048576
	metadata.max.age.ms = 300000
	metadata.max.idle.ms = 300000
	metadata.recovery.strategy = none
	metric.reporters = []
	metrics.num.samples = 2
	metrics.recording.level = INFO
	metrics.sample.window.ms = 30000
	partitioner.adaptive.partitioning.enable = true
	partitioner.availability.timeout.ms = 0
	partitioner.class = null
	partitioner.ignore.keys = false
	receive.buffer.bytes = 32768
	reconnect.backoff.max.ms = 1000
	reconnect.backoff.ms = 50
	request.timeout.ms = 5000
	retries = 2147483647
	retry.backoff.max.ms = 1000
	retry.backoff.ms = 100
	sasl.client.callback.handler.class = null
	sasl.jaas.config = null
	sasl.kerberos.kinit.cmd = /usr/bin/kinit
	sasl.kerberos.min.time.before.relogin = 60000
	sasl.kerberos.service.name = null
	sasl.kerberos.ticket.renew.jitter = 0.05
	sasl.kerberos.ticket.renew.window.factor = 0.8
	sasl.login.callback.handler.class = null
	sasl.login.class = null
	sasl.login.connect.timeout.ms = null
	sasl.login.read.timeout.ms = null
	sasl.login.refresh.buffer.seconds = 300
	sasl.login.refresh.min.period.seconds = 60
	sasl.login.refresh.window.factor = 0.8
	sasl.login.refresh.window.jitter = 0.05
	sasl.login.retry.backoff.max.ms = 10000
	sasl.login.retry.backoff.ms = 100
	sasl.mechanism = GSSAPI
	sasl.oauthbearer.clock.skew.seconds = 30
	sasl.oauthbearer.expected.audience = null
	sasl.oauthbearer.expected.issuer = null
	sasl.oauthbearer.header.urlencode = false
	sasl.oauthbearer.jwks.endpoint.refresh.ms = 3600000
	sasl.oauthbearer.jwks.endpoint.retry.backoff.max.ms = 10000
	sasl.oauthbearer.jwks.endpoint.retry.backoff.ms = 100
	sasl.oauthbearer.jwks.endpoint.url = null
	sasl.oauthbearer.scope.claim.name = scope
	sasl.oauthbearer.sub.claim.name = sub
	sasl.oauthbearer.token.endpoint.url = null
	security.protocol = PLAINTEXT
	security.providers = null
	send.buffer.bytes = 131072
	socket.connection.setup.timeout.max.ms = 30000
	socket.connection.setup.timeout.ms = 10000
	ssl.cipher.suites = null
	ssl.enabled.protocols = [TLSv1.2, TLSv1.3]
	ssl.endpoint.identification.algorithm = https
	ssl.engine.factory.class = null
	ssl.key.password = null
	ssl.keymanager.algorithm = SunX509
	ssl.keystore.certificate.chain = null
	ssl.keystore.key = null
	ssl.keystore.location = null
	ssl.keystore.password = null
	ssl.keystore.type = JKS
	ssl.protocol = TLSv1.3
	ssl.provider = null
	ssl.secure.random.implementation = null
	ssl.trustmanager.algorithm = PKIX
	ssl.truststore.certificates = null
	ssl.truststore.location = null
	ssl.truststore.password = null
	ssl.truststore.type = JKS
	transaction.timeout.ms = 60000
	transactional.id = null
	value.serializer = class io.apicurio.registry.serde.avro.AvroKafkaSerializer

2025-08-13 16:47:18,358 INFO  [org.apa.kaf.com.tel.int.KafkaMetricsCollector] (main) initializing Kafka metrics collector
2025-08-13 16:47:18,361 INFO  [org.apa.kaf.cli.pro.KafkaProducer] (main) [Producer clientId=Producer-topic-1542d256_5cc6_4088_a8ec_ceff20f93a94] Instantiated an idempotent producer.
2025-08-13 16:47:18,363 INFO  [org.apa.kaf.cli.pro.ProducerConfig] (main) These configurations '[apicurio.registry.url, apicurio.registry.artifact-resolver-strategy]' were supplied but are not used yet.
2025-08-13 16:47:18,363 INFO  [org.apa.kaf.com.uti.AppInfoParser] (main) Kafka version: 3.9.1
2025-08-13 16:47:18,363 INFO  [org.apa.kaf.com.uti.AppInfoParser] (main) Kafka commitId: f745dfdcee2b9851
2025-08-13 16:47:18,363 INFO  [org.apa.kaf.com.uti.AppInfoParser] (main) Kafka startTimeMs: 1755103638363
**** Registry Base URL: http://registry-app-ksql043.apps.ci419.apicurio-testing.org:80
2025-08-13 16:47:18,363 INFO  [org.apa.kaf.cli.con.ConsumerConfig] (main) ConsumerConfig values: 
	allow.auto.create.topics = true
	auto.commit.interval.ms = 500
	auto.include.jmx.reporter = true
	auto.offset.reset = earliest
	bootstrap.servers = [PLAINTEXT://localhost:32769]
	check.crcs = true
	client.dns.lookup = use_all_dns_ips
	client.id = consumer-Consumer-topic-1542d256_5cc6_4088_a8ec_ceff20f93a94-9
	client.rack = 
	connections.max.idle.ms = 10000
	default.api.timeout.ms = 60000
	enable.auto.commit = true
	enable.metrics.push = true
	exclude.internal.topics = true
	fetch.max.bytes = 52428800
	fetch.max.wait.ms = 500
	fetch.min.bytes = 1
	group.id = Consumer-topic-1542d256_5cc6_4088_a8ec_ceff20f93a94
	group.instance.id = null
	group.protocol = classic
	group.remote.assignor = null
	heartbeat.interval.ms = 3000
	interceptor.classes = []
	internal.leave.group.on.close = true
	internal.throw.on.fetch.stable.offset.unsupported = false
	isolation.level = read_uncommitted
	key.deserializer = class org.apache.kafka.common.serialization.StringDeserializer
	max.partition.fetch.bytes = 1048576
	max.poll.interval.ms = 300000
	max.poll.records = 500
	metadata.max.age.ms = 300000
	metadata.recovery.strategy = none
	metric.reporters = []
	metrics.num.samples = 2
	metrics.recording.level = INFO
	metrics.sample.window.ms = 30000
	partition.assignment.strategy = [class org.apache.kafka.clients.consumer.RangeAssignor, class org.apache.kafka.clients.consumer.CooperativeStickyAssignor]
	receive.buffer.bytes = 65536
	reconnect.backoff.max.ms = 1000
	reconnect.backoff.ms = 50
	request.timeout.ms = 5000
	retry.backoff.max.ms = 1000
	retry.backoff.ms = 100
	sasl.client.callback.handler.class = null
	sasl.jaas.config = null
	sasl.kerberos.kinit.cmd = /usr/bin/kinit
	sasl.kerberos.min.time.before.relogin = 60000
	sasl.kerberos.service.name = null
	sasl.kerberos.ticket.renew.jitter = 0.05
	sasl.kerberos.ticket.renew.window.factor = 0.8
	sasl.login.callback.handler.class = null
	sasl.login.class = null
	sasl.login.connect.timeout.ms = null
	sasl.login.read.timeout.ms = null
	sasl.login.refresh.buffer.seconds = 300
	sasl.login.refresh.min.period.seconds = 60
	sasl.login.refresh.window.factor = 0.8
	sasl.login.refresh.window.jitter = 0.05
	sasl.login.retry.backoff.max.ms = 10000
	sasl.login.retry.backoff.ms = 100
	sasl.mechanism = GSSAPI
	sasl.oauthbearer.clock.skew.seconds = 30
	sasl.oauthbearer.expected.audience = null
	sasl.oauthbearer.expected.issuer = null
	sasl.oauthbearer.header.urlencode = false
	sasl.oauthbearer.jwks.endpoint.refresh.ms = 3600000
	sasl.oauthbearer.jwks.endpoint.retry.backoff.max.ms = 10000
	sasl.oauthbearer.jwks.endpoint.retry.backoff.ms = 100
	sasl.oauthbearer.jwks.endpoint.url = null
	sasl.oauthbearer.scope.claim.name = scope
	sasl.oauthbearer.sub.claim.name = sub
	sasl.oauthbearer.token.endpoint.url = null
	security.protocol = PLAINTEXT
	security.providers = null
	send.buffer.bytes = 131072
	session.timeout.ms = 45000
	socket.connection.setup.timeout.max.ms = 30000
	socket.connection.setup.timeout.ms = 10000
	ssl.cipher.suites = null
	ssl.enabled.protocols = [TLSv1.2, TLSv1.3]
	ssl.endpoint.identification.algorithm = https
	ssl.engine.factory.class = null
	ssl.key.password = null
	ssl.keymanager.algorithm = SunX509
	ssl.keystore.certificate.chain = null
	ssl.keystore.key = null
	ssl.keystore.location = null
	ssl.keystore.password = null
	ssl.keystore.type = JKS
	ssl.protocol = TLSv1.3
	ssl.provider = null
	ssl.secure.random.implementation = null
	ssl.trustmanager.algorithm = PKIX
	ssl.truststore.certificates = null
	ssl.truststore.location = null
	ssl.truststore.password = null
	ssl.truststore.type = JKS
	value.deserializer = class io.apicurio.registry.serde.avro.AvroKafkaDeserializer

2025-08-13 16:47:18,364 INFO  [org.apa.kaf.com.tel.int.KafkaMetricsCollector] (main) initializing Kafka metrics collector
2025-08-13 16:47:18,372 INFO  [org.apa.kaf.cli.con.ConsumerConfig] (main) These configurations '[apicurio.registry.url]' were supplied but are not used yet.
2025-08-13 16:47:18,372 INFO  [org.apa.kaf.com.uti.AppInfoParser] (main) Kafka version: 3.9.1
2025-08-13 16:47:18,372 INFO  [org.apa.kaf.com.uti.AppInfoParser] (main) Kafka commitId: f745dfdcee2b9851
2025-08-13 16:47:18,372 INFO  [org.apa.kaf.com.uti.AppInfoParser] (main) Kafka startTimeMs: 1755103638372
2025-08-13 16:47:18,373 INFO  [org.apa.kaf.cli.Metadata] (kafka-producer-network-thread | Producer-topic-1542d256_5cc6_4088_a8ec_ceff20f93a94) [Producer clientId=Producer-topic-1542d256_5cc6_4088_a8ec_ceff20f93a94] Cluster ID: 2Q56eJUuTz2w_13NlVd4Hw
2025-08-13 16:47:18,375 INFO  [io.api.tes.ser.api.KafkaSerdesTester] (Thread-659) Sending message {"key11755103637156": "value-0"} to topic topic-1542d256_5cc6_4088_a8ec_ceff20f93a94
2025-08-13 16:47:18,376 INFO  [org.apa.kaf.cli.pro.int.TransactionManager] (kafka-producer-network-thread | Producer-topic-1542d256_5cc6_4088_a8ec_ceff20f93a94) [Producer clientId=Producer-topic-1542d256_5cc6_4088_a8ec_ceff20f93a94] ProducerId set to 11 with epoch 0
2025-08-13 16:47:18,381 INFO  [DefaultSchemaResolver] (Thread-659) Retrieving schema content using string: {"type":"record","name":"sa220db12x16e9x418cxa35fx1ac0dec5599d","namespace":"ns_e1a11fff_e05e_4020_9201_9e493255b0c5","fields":[{"name":"key11755103637156","type":"string"}]}
2025-08-13 16:47:18,543 INFO  [io.api.tes.ser.api.KafkaSerdesTester] (Thread-659) Sending message {"key11755103637156": "value-1"} to topic topic-1542d256_5cc6_4088_a8ec_ceff20f93a94
2025-08-13 16:47:18,545 INFO  [io.api.tes.ser.api.KafkaSerdesTester] (Thread-659) Sending message {"key11755103637156": "value-2"} to topic topic-1542d256_5cc6_4088_a8ec_ceff20f93a94
2025-08-13 16:47:18,546 INFO  [io.api.tes.ser.api.KafkaSerdesTester] (Thread-659) Sending message {"key11755103637156": "value-3"} to topic topic-1542d256_5cc6_4088_a8ec_ceff20f93a94
2025-08-13 16:47:18,550 INFO  [io.api.tes.ser.api.KafkaSerdesTester] (Thread-659) Sending message {"key11755103637156": "value-4"} to topic topic-1542d256_5cc6_4088_a8ec_ceff20f93a94
2025-08-13 16:47:18,553 INFO  [io.api.tes.ser.api.KafkaSerdesTester] (Thread-659) Sending message {"key11755103637156": "value-5"} to topic topic-1542d256_5cc6_4088_a8ec_ceff20f93a94
2025-08-13 16:47:18,556 INFO  [io.api.tes.ser.api.KafkaSerdesTester] (Thread-659) Sending message {"key11755103637156": "value-6"} to topic topic-1542d256_5cc6_4088_a8ec_ceff20f93a94
2025-08-13 16:47:18,558 INFO  [io.api.tes.ser.api.KafkaSerdesTester] (Thread-659) Sending message {"key11755103637156": "value-7"} to topic topic-1542d256_5cc6_4088_a8ec_ceff20f93a94
2025-08-13 16:47:18,561 INFO  [io.api.tes.ser.api.KafkaSerdesTester] (Thread-659) Sending message {"key11755103637156": "value-8"} to topic topic-1542d256_5cc6_4088_a8ec_ceff20f93a94
2025-08-13 16:47:18,563 INFO  [io.api.tes.ser.api.KafkaSerdesTester] (Thread-659) Sending message {"key11755103637156": "value-9"} to topic topic-1542d256_5cc6_4088_a8ec_ceff20f93a94
2025-08-13 16:47:18,566 INFO  [io.api.tes.ser.api.KafkaSerdesTester] (Thread-659) Produced 10 messages
2025-08-13 16:47:18,567 INFO  [org.apa.kaf.cli.con.int.ClassicKafkaConsumer] (Thread-660) [Consumer clientId=consumer-Consumer-topic-1542d256_5cc6_4088_a8ec_ceff20f93a94-9, groupId=Consumer-topic-1542d256_5cc6_4088_a8ec_ceff20f93a94] Subscribed to topic(s): topic-1542d256_5cc6_4088_a8ec_ceff20f93a94
2025-08-13 16:47:18,574 INFO  [org.apa.kaf.cli.Metadata] (Thread-660) [Consumer clientId=consumer-Consumer-topic-1542d256_5cc6_4088_a8ec_ceff20f93a94-9, groupId=Consumer-topic-1542d256_5cc6_4088_a8ec_ceff20f93a94] Cluster ID: 2Q56eJUuTz2w_13NlVd4Hw
2025-08-13 16:47:18,574 INFO  [org.apa.kaf.cli.con.int.ConsumerCoordinator] (Thread-660) [Consumer clientId=consumer-Consumer-topic-1542d256_5cc6_4088_a8ec_ceff20f93a94-9, groupId=Consumer-topic-1542d256_5cc6_4088_a8ec_ceff20f93a94] Discovered group coordinator localhost:32769 (id: 2147483647 rack: null)
2025-08-13 16:47:18,577 INFO  [org.apa.kaf.cli.con.int.ConsumerCoordinator] (Thread-660) [Consumer clientId=consumer-Consumer-topic-1542d256_5cc6_4088_a8ec_ceff20f93a94-9, groupId=Consumer-topic-1542d256_5cc6_4088_a8ec_ceff20f93a94] (Re-)joining group
2025-08-13 16:47:18,579 INFO  [org.apa.kaf.cli.con.int.ConsumerCoordinator] (Thread-660) [Consumer clientId=consumer-Consumer-topic-1542d256_5cc6_4088_a8ec_ceff20f93a94-9, groupId=Consumer-topic-1542d256_5cc6_4088_a8ec_ceff20f93a94] Request joining group due to: need to re-join with the given member-id: consumer-Consumer-topic-1542d256_5cc6_4088_a8ec_ceff20f93a94-9-e0a8567d-4ee9-4141-9f38-60f93b0db7aa
2025-08-13 16:47:18,579 INFO  [org.apa.kaf.cli.con.int.ConsumerCoordinator] (Thread-660) [Consumer clientId=consumer-Consumer-topic-1542d256_5cc6_4088_a8ec_ceff20f93a94-9, groupId=Consumer-topic-1542d256_5cc6_4088_a8ec_ceff20f93a94] (Re-)joining group
2025-08-13 16:47:19,568 INFO  [io.api.tes.ser.api.KafkaSerdesTester] (Thread-660) None found
2025-08-13 16:47:20,568 INFO  [io.api.tes.ser.api.KafkaSerdesTester] (Thread-660) None found
2025-08-13 16:47:21,569 INFO  [io.api.tes.ser.api.KafkaSerdesTester] (Thread-660) None found
2025-08-13 16:47:21,581 INFO  [org.apa.kaf.cli.con.int.ConsumerCoordinator] (Thread-660) [Consumer clientId=consumer-Consumer-topic-1542d256_5cc6_4088_a8ec_ceff20f93a94-9, groupId=Consumer-topic-1542d256_5cc6_4088_a8ec_ceff20f93a94] Successfully joined group with generation Generation{generationId=1, memberId='consumer-Consumer-topic-1542d256_5cc6_4088_a8ec_ceff20f93a94-9-e0a8567d-4ee9-4141-9f38-60f93b0db7aa', protocol='range'}
2025-08-13 16:47:21,582 INFO  [org.apa.kaf.cli.con.int.ConsumerCoordinator] (Thread-660) [Consumer clientId=consumer-Consumer-topic-1542d256_5cc6_4088_a8ec_ceff20f93a94-9, groupId=Consumer-topic-1542d256_5cc6_4088_a8ec_ceff20f93a94] Finished assignment for group at generation 1: {consumer-Consumer-topic-1542d256_5cc6_4088_a8ec_ceff20f93a94-9-e0a8567d-4ee9-4141-9f38-60f93b0db7aa=Assignment(partitions=[topic-1542d256_5cc6_4088_a8ec_ceff20f93a94-0])}
2025-08-13 16:47:21,593 INFO  [org.apa.kaf.cli.con.int.ConsumerCoordinator] (Thread-660) [Consumer clientId=consumer-Consumer-topic-1542d256_5cc6_4088_a8ec_ceff20f93a94-9, groupId=Consumer-topic-1542d256_5cc6_4088_a8ec_ceff20f93a94] Successfully synced group in generation Generation{generationId=1, memberId='consumer-Consumer-topic-1542d256_5cc6_4088_a8ec_ceff20f93a94-9-e0a8567d-4ee9-4141-9f38-60f93b0db7aa', protocol='range'}
2025-08-13 16:47:21,594 INFO  [org.apa.kaf.cli.con.int.ConsumerCoordinator] (Thread-660) [Consumer clientId=consumer-Consumer-topic-1542d256_5cc6_4088_a8ec_ceff20f93a94-9, groupId=Consumer-topic-1542d256_5cc6_4088_a8ec_ceff20f93a94] Notifying assignor about the new Assignment(partitions=[topic-1542d256_5cc6_4088_a8ec_ceff20f93a94-0])
2025-08-13 16:47:21,594 INFO  [org.apa.kaf.cli.con.int.ConsumerRebalanceListenerInvoker] (Thread-660) [Consumer clientId=consumer-Consumer-topic-1542d256_5cc6_4088_a8ec_ceff20f93a94-9, groupId=Consumer-topic-1542d256_5cc6_4088_a8ec_ceff20f93a94] Adding newly assigned partitions: topic-1542d256_5cc6_4088_a8ec_ceff20f93a94-0
2025-08-13 16:47:21,596 INFO  [org.apa.kaf.cli.con.int.ConsumerCoordinator] (Thread-660) [Consumer clientId=consumer-Consumer-topic-1542d256_5cc6_4088_a8ec_ceff20f93a94-9, groupId=Consumer-topic-1542d256_5cc6_4088_a8ec_ceff20f93a94] Found no committed offset for partition topic-1542d256_5cc6_4088_a8ec_ceff20f93a94-0
2025-08-13 16:47:21,604 INFO  [org.apa.kaf.cli.con.int.SubscriptionState] (Thread-660) [Consumer clientId=consumer-Consumer-topic-1542d256_5cc6_4088_a8ec_ceff20f93a94-9, groupId=Consumer-topic-1542d256_5cc6_4088_a8ec_ceff20f93a94] Resetting offset for partition topic-1542d256_5cc6_4088_a8ec_ceff20f93a94-0 to position FetchPosition{offset=0, offsetEpoch=Optional.empty, currentLeader=LeaderAndEpoch{leader=Optional[localhost:32769 (id: 0 rack: null)], epoch=0}}.
2025-08-13 16:47:21,836 INFO  [io.api.tes.ser.api.KafkaSerdesTester] (Thread-660) topic-1542d256_5cc6_4088_a8ec_ceff20f93a94 0 0 {"key11755103637156": "value-0"}
2025-08-13 16:47:21,836 INFO  [io.api.tes.ser.api.KafkaSerdesTester] (Thread-660) topic-1542d256_5cc6_4088_a8ec_ceff20f93a94 0 1 {"key11755103637156": "value-1"}
2025-08-13 16:47:21,836 INFO  [io.api.tes.ser.api.KafkaSerdesTester] (Thread-660) topic-1542d256_5cc6_4088_a8ec_ceff20f93a94 0 2 {"key11755103637156": "value-2"}
2025-08-13 16:47:21,836 INFO  [io.api.tes.ser.api.KafkaSerdesTester] (Thread-660) topic-1542d256_5cc6_4088_a8ec_ceff20f93a94 0 3 {"key11755103637156": "value-3"}
2025-08-13 16:47:21,836 INFO  [io.api.tes.ser.api.KafkaSerdesTester] (Thread-660) topic-1542d256_5cc6_4088_a8ec_ceff20f93a94 0 4 {"key11755103637156": "value-4"}
2025-08-13 16:47:21,836 INFO  [io.api.tes.ser.api.KafkaSerdesTester] (Thread-660) topic-1542d256_5cc6_4088_a8ec_ceff20f93a94 0 5 {"key11755103637156": "value-5"}
2025-08-13 16:47:21,836 INFO  [io.api.tes.ser.api.KafkaSerdesTester] (Thread-660) topic-1542d256_5cc6_4088_a8ec_ceff20f93a94 0 6 {"key11755103637156": "value-6"}
2025-08-13 16:47:21,836 INFO  [io.api.tes.ser.api.KafkaSerdesTester] (Thread-660) topic-1542d256_5cc6_4088_a8ec_ceff20f93a94 0 7 {"key11755103637156": "value-7"}
2025-08-13 16:47:21,837 INFO  [io.api.tes.ser.api.KafkaSerdesTester] (Thread-660) topic-1542d256_5cc6_4088_a8ec_ceff20f93a94 0 8 {"key11755103637156": "value-8"}
2025-08-13 16:47:21,837 INFO  [io.api.tes.ser.api.KafkaSerdesTester] (Thread-660) topic-1542d256_5cc6_4088_a8ec_ceff20f93a94 0 9 {"key11755103637156": "value-9"}
2025-08-13 16:47:21,837 INFO  [io.api.tes.ser.api.KafkaSerdesTester] (Thread-660) Consumed 10 messages
2025-08-13 16:47:21,837 INFO  [io.api.tes.ser.api.AvroSerdeIT] (main) Registering Avro Schema 2: {"type":"record","name":"sa220db12x16e9x418cxa35fx1ac0dec5599d","namespace":"ns_e1a11fff_e05e_4020_9201_9e493255b0c5","fields":[{"name":"key11755103637156","type":"string"},{"name":"key21755103641837","type":"string"}]}
2025-08-13 16:47:23,029 INFO  [io.api.tes.ser.api.KafkaSerdesTester] (Thread-661) Sending message {"key11755103637156": "value-0", "key21755103641837": "value-0"} to topic topic-1542d256_5cc6_4088_a8ec_ceff20f93a94
2025-08-13 16:47:23,029 INFO  [DefaultSchemaResolver] (Thread-661) Retrieving schema content using string: {"type":"record","name":"sa220db12x16e9x418cxa35fx1ac0dec5599d","namespace":"ns_e1a11fff_e05e_4020_9201_9e493255b0c5","fields":[{"name":"key11755103637156","type":"string"},{"name":"key21755103641837","type":"string"}]}
2025-08-13 16:47:23,121 INFO  [io.api.tes.ser.api.KafkaSerdesTester] (Thread-661) Sending message {"key11755103637156": "value-1", "key21755103641837": "value-1"} to topic topic-1542d256_5cc6_4088_a8ec_ceff20f93a94
2025-08-13 16:47:23,125 INFO  [io.api.tes.ser.api.KafkaSerdesTester] (Thread-661) Sending message {"key11755103637156": "value-2", "key21755103641837": "value-2"} to topic topic-1542d256_5cc6_4088_a8ec_ceff20f93a94
2025-08-13 16:47:23,129 INFO  [io.api.tes.ser.api.KafkaSerdesTester] (Thread-661) Sending message {"key11755103637156": "value-3", "key21755103641837": "value-3"} to topic topic-1542d256_5cc6_4088_a8ec_ceff20f93a94
2025-08-13 16:47:23,133 INFO  [io.api.tes.ser.api.KafkaSerdesTester] (Thread-661) Sending message {"key11755103637156": "value-4", "key21755103641837": "value-4"} to topic topic-1542d256_5cc6_4088_a8ec_ceff20f93a94
2025-08-13 16:47:23,136 INFO  [io.api.tes.ser.api.KafkaSerdesTester] (Thread-661) Sending message {"key11755103637156": "value-5", "key21755103641837": "value-5"} to topic topic-1542d256_5cc6_4088_a8ec_ceff20f93a94
2025-08-13 16:47:23,140 INFO  [io.api.tes.ser.api.KafkaSerdesTester] (Thread-661) Sending message {"key11755103637156": "value-6", "key21755103641837": "value-6"} to topic topic-1542d256_5cc6_4088_a8ec_ceff20f93a94
2025-08-13 16:47:23,142 INFO  [io.api.tes.ser.api.KafkaSerdesTester] (Thread-661) Sending message {"key11755103637156": "value-7", "key21755103641837": "value-7"} to topic topic-1542d256_5cc6_4088_a8ec_ceff20f93a94
2025-08-13 16:47:23,143 INFO  [io.api.tes.ser.api.KafkaSerdesTester] (Thread-661) Sending message {"key11755103637156": "value-8", "key21755103641837": "value-8"} to topic topic-1542d256_5cc6_4088_a8ec_ceff20f93a94
2025-08-13 16:47:23,147 INFO  [io.api.tes.ser.api.KafkaSerdesTester] (Thread-661) Sending message {"key11755103637156": "value-9", "key21755103641837": "value-9"} to topic topic-1542d256_5cc6_4088_a8ec_ceff20f93a94
2025-08-13 16:47:23,149 INFO  [io.api.tes.ser.api.KafkaSerdesTester] (Thread-661) Produced 10 messages
2025-08-13 16:47:23,152 INFO  [io.api.tes.ser.api.KafkaSerdesTester] (Thread-662) Sending message {"key11755103637156": "value-0"} to topic topic-1542d256_5cc6_4088_a8ec_ceff20f93a94
2025-08-13 16:47:23,157 INFO  [io.api.tes.ser.api.KafkaSerdesTester] (Thread-662) Sending message {"key11755103637156": "value-1"} to topic topic-1542d256_5cc6_4088_a8ec_ceff20f93a94
2025-08-13 16:47:23,161 INFO  [io.api.tes.ser.api.KafkaSerdesTester] (Thread-662) Sending message {"key11755103637156": "value-2"} to topic topic-1542d256_5cc6_4088_a8ec_ceff20f93a94
2025-08-13 16:47:23,164 INFO  [io.api.tes.ser.api.KafkaSerdesTester] (Thread-662) Sending message {"key11755103637156": "value-3"} to topic topic-1542d256_5cc6_4088_a8ec_ceff20f93a94
2025-08-13 16:47:23,168 INFO  [io.api.tes.ser.api.KafkaSerdesTester] (Thread-662) Sending message {"key11755103637156": "value-4"} to topic topic-1542d256_5cc6_4088_a8ec_ceff20f93a94
2025-08-13 16:47:23,170 INFO  [io.api.tes.ser.api.KafkaSerdesTester] (Thread-662) Sending message {"key11755103637156": "value-5"} to topic topic-1542d256_5cc6_4088_a8ec_ceff20f93a94
2025-08-13 16:47:23,172 INFO  [io.api.tes.ser.api.KafkaSerdesTester] (Thread-662) Sending message {"key11755103637156": "value-6"} to topic topic-1542d256_5cc6_4088_a8ec_ceff20f93a94
2025-08-13 16:47:23,174 INFO  [io.api.tes.ser.api.KafkaSerdesTester] (Thread-662) Sending message {"key11755103637156": "value-7"} to topic topic-1542d256_5cc6_4088_a8ec_ceff20f93a94
2025-08-13 16:47:23,176 INFO  [io.api.tes.ser.api.KafkaSerdesTester] (Thread-662) Sending message {"key11755103637156": "value-8"} to topic topic-1542d256_5cc6_4088_a8ec_ceff20f93a94
2025-08-13 16:47:23,184 INFO  [io.api.tes.ser.api.KafkaSerdesTester] (Thread-662) Sending message {"key11755103637156": "value-9"} to topic topic-1542d256_5cc6_4088_a8ec_ceff20f93a94
2025-08-13 16:47:23,190 INFO  [io.api.tes.ser.api.KafkaSerdesTester] (Thread-662) Produced 10 messages
2025-08-13 16:47:23,199 INFO  [org.apa.kaf.cli.con.int.ClassicKafkaConsumer] (Thread-663) [Consumer clientId=consumer-Consumer-topic-1542d256_5cc6_4088_a8ec_ceff20f93a94-9, groupId=Consumer-topic-1542d256_5cc6_4088_a8ec_ceff20f93a94] Subscribed to topic(s): topic-1542d256_5cc6_4088_a8ec_ceff20f93a94
2025-08-13 16:47:23,362 INFO  [io.api.tes.ser.api.KafkaSerdesTester] (Thread-663) topic-1542d256_5cc6_4088_a8ec_ceff20f93a94 0 10 {"key11755103637156": "value-0", "key21755103641837": "value-0"}
2025-08-13 16:47:23,363 INFO  [io.api.tes.ser.api.KafkaSerdesTester] (Thread-663) topic-1542d256_5cc6_4088_a8ec_ceff20f93a94 0 11 {"key11755103637156": "value-1", "key21755103641837": "value-1"}
2025-08-13 16:47:23,363 INFO  [io.api.tes.ser.api.KafkaSerdesTester] (Thread-663) topic-1542d256_5cc6_4088_a8ec_ceff20f93a94 0 12 {"key11755103637156": "value-2", "key21755103641837": "value-2"}
2025-08-13 16:47:23,363 INFO  [io.api.tes.ser.api.KafkaSerdesTester] (Thread-663) topic-1542d256_5cc6_4088_a8ec_ceff20f93a94 0 13 {"key11755103637156": "value-3", "key21755103641837": "value-3"}
2025-08-13 16:47:23,364 INFO  [io.api.tes.ser.api.KafkaSerdesTester] (Thread-663) topic-1542d256_5cc6_4088_a8ec_ceff20f93a94 0 14 {"key11755103637156": "value-4", "key21755103641837": "value-4"}
2025-08-13 16:47:23,364 INFO  [io.api.tes.ser.api.KafkaSerdesTester] (Thread-663) topic-1542d256_5cc6_4088_a8ec_ceff20f93a94 0 15 {"key11755103637156": "value-5", "key21755103641837": "value-5"}
2025-08-13 16:47:23,364 INFO  [io.api.tes.ser.api.KafkaSerdesTester] (Thread-663) topic-1542d256_5cc6_4088_a8ec_ceff20f93a94 0 16 {"key11755103637156": "value-6", "key21755103641837": "value-6"}
2025-08-13 16:47:23,364 INFO  [io.api.tes.ser.api.KafkaSerdesTester] (Thread-663) topic-1542d256_5cc6_4088_a8ec_ceff20f93a94 0 17 {"key11755103637156": "value-7", "key21755103641837": "value-7"}
2025-08-13 16:47:23,364 INFO  [io.api.tes.ser.api.KafkaSerdesTester] (Thread-663) topic-1542d256_5cc6_4088_a8ec_ceff20f93a94 0 18 {"key11755103637156": "value-8", "key21755103641837": "value-8"}
2025-08-13 16:47:23,364 INFO  [io.api.tes.ser.api.KafkaSerdesTester] (Thread-663) topic-1542d256_5cc6_4088_a8ec_ceff20f93a94 0 19 {"key11755103637156": "value-9", "key21755103641837": "value-9"}
2025-08-13 16:47:23,364 INFO  [io.api.tes.ser.api.KafkaSerdesTester] (Thread-663) topic-1542d256_5cc6_4088_a8ec_ceff20f93a94 0 20 {"key11755103637156": "value-0"}
2025-08-13 16:47:23,364 INFO  [io.api.tes.ser.api.KafkaSerdesTester] (Thread-663) topic-1542d256_5cc6_4088_a8ec_ceff20f93a94 0 21 {"key11755103637156": "value-1"}
2025-08-13 16:47:23,364 INFO  [io.api.tes.ser.api.KafkaSerdesTester] (Thread-663) topic-1542d256_5cc6_4088_a8ec_ceff20f93a94 0 22 {"key11755103637156": "value-2"}
2025-08-13 16:47:23,364 INFO  [io.api.tes.ser.api.KafkaSerdesTester] (Thread-663) topic-1542d256_5cc6_4088_a8ec_ceff20f93a94 0 23 {"key11755103637156": "value-3"}
2025-08-13 16:47:23,364 INFO  [io.api.tes.ser.api.KafkaSerdesTester] (Thread-663) topic-1542d256_5cc6_4088_a8ec_ceff20f93a94 0 24 {"key11755103637156": "value-4"}
2025-08-13 16:47:23,365 INFO  [io.api.tes.ser.api.KafkaSerdesTester] (Thread-663) topic-1542d256_5cc6_4088_a8ec_ceff20f93a94 0 25 {"key11755103637156": "value-5"}
2025-08-13 16:47:23,365 INFO  [io.api.tes.ser.api.KafkaSerdesTester] (Thread-663) topic-1542d256_5cc6_4088_a8ec_ceff20f93a94 0 26 {"key11755103637156": "value-6"}
2025-08-13 16:47:23,365 INFO  [io.api.tes.ser.api.KafkaSerdesTester] (Thread-663) topic-1542d256_5cc6_4088_a8ec_ceff20f93a94 0 27 {"key11755103637156": "value-7"}
2025-08-13 16:47:23,365 INFO  [io.api.tes.ser.api.KafkaSerdesTester] (Thread-663) topic-1542d256_5cc6_4088_a8ec_ceff20f93a94 0 28 {"key11755103637156": "value-8"}
2025-08-13 16:47:23,365 INFO  [io.api.tes.ser.api.KafkaSerdesTester] (Thread-663) topic-1542d256_5cc6_4088_a8ec_ceff20f93a94 0 29 {"key11755103637156": "value-9"}
2025-08-13 16:47:23,365 INFO  [io.api.tes.ser.api.KafkaSerdesTester] (Thread-663) Consumed 20 messages
2025-08-13 16:47:23,366 INFO  [io.api.tes.ser.api.AvroSerdeIT] (main) Registering Avro Schema 3: {"type":"record","name":"sa220db12x16e9x418cxa35fx1ac0dec5599d","namespace":"ns_e1a11fff_e05e_4020_9201_9e493255b0c5","fields":[{"name":"key11755103637156","type":"string"},{"name":"key21755103641837","type":"string"},{"name":"key31755103643365","type":"string"}]}
2025-08-13 16:47:24,560 INFO  [io.api.tes.ser.api.KafkaSerdesTester] (Thread-664) Sending message {"key11755103637156": "value-0", "key21755103641837": "value-0", "key31755103643365": "value-0"} to topic topic-1542d256_5cc6_4088_a8ec_ceff20f93a94
2025-08-13 16:47:24,560 INFO  [DefaultSchemaResolver] (Thread-664) Retrieving schema content using string: {"type":"record","name":"sa220db12x16e9x418cxa35fx1ac0dec5599d","namespace":"ns_e1a11fff_e05e_4020_9201_9e493255b0c5","fields":[{"name":"key11755103637156","type":"string"},{"name":"key21755103641837","type":"string"},{"name":"key31755103643365","type":"string"}]}
2025-08-13 16:47:24,644 INFO  [io.api.tes.ser.api.KafkaSerdesTester] (Thread-664) Sending message {"key11755103637156": "value-1", "key21755103641837": "value-1", "key31755103643365": "value-1"} to topic topic-1542d256_5cc6_4088_a8ec_ceff20f93a94
2025-08-13 16:47:24,646 INFO  [io.api.tes.ser.api.KafkaSerdesTester] (Thread-664) Sending message {"key11755103637156": "value-2", "key21755103641837": "value-2", "key31755103643365": "value-2"} to topic topic-1542d256_5cc6_4088_a8ec_ceff20f93a94
2025-08-13 16:47:24,648 INFO  [io.api.tes.ser.api.KafkaSerdesTester] (Thread-664) Sending message {"key11755103637156": "value-3", "key21755103641837": "value-3", "key31755103643365": "value-3"} to topic topic-1542d256_5cc6_4088_a8ec_ceff20f93a94
2025-08-13 16:47:24,652 INFO  [io.api.tes.ser.api.KafkaSerdesTester] (Thread-664) Sending message {"key11755103637156": "value-4", "key21755103641837": "value-4", "key31755103643365": "value-4"} to topic topic-1542d256_5cc6_4088_a8ec_ceff20f93a94
2025-08-13 16:47:24,653 INFO  [io.api.tes.ser.api.KafkaSerdesTester] (Thread-664) Sending message {"key11755103637156": "value-5", "key21755103641837": "value-5", "key31755103643365": "value-5"} to topic topic-1542d256_5cc6_4088_a8ec_ceff20f93a94
2025-08-13 16:47:24,655 INFO  [io.api.tes.ser.api.KafkaSerdesTester] (Thread-664) Sending message {"key11755103637156": "value-6", "key21755103641837": "value-6", "key31755103643365": "value-6"} to topic topic-1542d256_5cc6_4088_a8ec_ceff20f93a94
2025-08-13 16:47:24,657 INFO  [io.api.tes.ser.api.KafkaSerdesTester] (Thread-664) Sending message {"key11755103637156": "value-7", "key21755103641837": "value-7", "key31755103643365": "value-7"} to topic topic-1542d256_5cc6_4088_a8ec_ceff20f93a94
2025-08-13 16:47:24,659 INFO  [io.api.tes.ser.api.KafkaSerdesTester] (Thread-664) Sending message {"key11755103637156": "value-8", "key21755103641837": "value-8", "key31755103643365": "value-8"} to topic topic-1542d256_5cc6_4088_a8ec_ceff20f93a94
2025-08-13 16:47:24,660 INFO  [io.api.tes.ser.api.KafkaSerdesTester] (Thread-664) Sending message {"key11755103637156": "value-9", "key21755103641837": "value-9", "key31755103643365": "value-9"} to topic topic-1542d256_5cc6_4088_a8ec_ceff20f93a94
2025-08-13 16:47:24,661 INFO  [io.api.tes.ser.api.KafkaSerdesTester] (Thread-664) Produced 10 messages
2025-08-13 16:47:24,662 INFO  [io.api.tes.ser.api.KafkaSerdesTester] (Thread-665) Sending message {"key11755103637156": "value-0", "key21755103641837": "value-0"} to topic topic-1542d256_5cc6_4088_a8ec_ceff20f93a94
2025-08-13 16:47:24,663 INFO  [io.api.tes.ser.api.KafkaSerdesTester] (Thread-665) Sending message {"key11755103637156": "value-1", "key21755103641837": "value-1"} to topic topic-1542d256_5cc6_4088_a8ec_ceff20f93a94
2025-08-13 16:47:24,665 INFO  [io.api.tes.ser.api.KafkaSerdesTester] (Thread-665) Sending message {"key11755103637156": "value-2", "key21755103641837": "value-2"} to topic topic-1542d256_5cc6_4088_a8ec_ceff20f93a94
2025-08-13 16:47:24,666 INFO  [io.api.tes.ser.api.KafkaSerdesTester] (Thread-665) Sending message {"key11755103637156": "value-3", "key21755103641837": "value-3"} to topic topic-1542d256_5cc6_4088_a8ec_ceff20f93a94
2025-08-13 16:47:24,667 INFO  [io.api.tes.ser.api.KafkaSerdesTester] (Thread-665) Sending message {"key11755103637156": "value-4", "key21755103641837": "value-4"} to topic topic-1542d256_5cc6_4088_a8ec_ceff20f93a94
2025-08-13 16:47:24,668 INFO  [io.api.tes.ser.api.KafkaSerdesTester] (Thread-665) Sending message {"key11755103637156": "value-5", "key21755103641837": "value-5"} to topic topic-1542d256_5cc6_4088_a8ec_ceff20f93a94
2025-08-13 16:47:24,670 INFO  [io.api.tes.ser.api.KafkaSerdesTester] (Thread-665) Sending message {"key11755103637156": "value-6", "key21755103641837": "value-6"} to topic topic-1542d256_5cc6_4088_a8ec_ceff20f93a94
2025-08-13 16:47:24,671 INFO  [io.api.tes.ser.api.KafkaSerdesTester] (Thread-665) Sending message {"key11755103637156": "value-7", "key21755103641837": "value-7"} to topic topic-1542d256_5cc6_4088_a8ec_ceff20f93a94
2025-08-13 16:47:24,674 INFO  [io.api.tes.ser.api.KafkaSerdesTester] (Thread-665) Sending message {"key11755103637156": "value-8", "key21755103641837": "value-8"} to topic topic-1542d256_5cc6_4088_a8ec_ceff20f93a94
2025-08-13 16:47:24,676 INFO  [io.api.tes.ser.api.KafkaSerdesTester] (Thread-665) Sending message {"key11755103637156": "value-9", "key21755103641837": "value-9"} to topic topic-1542d256_5cc6_4088_a8ec_ceff20f93a94
2025-08-13 16:47:24,680 INFO  [io.api.tes.ser.api.KafkaSerdesTester] (Thread-665) Produced 10 messages
2025-08-13 16:47:24,681 INFO  [io.api.tes.ser.api.KafkaSerdesTester] (Thread-666) Sending message {"key11755103637156": "value-0"} to topic topic-1542d256_5cc6_4088_a8ec_ceff20f93a94
2025-08-13 16:47:24,682 INFO  [io.api.tes.ser.api.KafkaSerdesTester] (Thread-666) Sending message {"key11755103637156": "value-1"} to topic topic-1542d256_5cc6_4088_a8ec_ceff20f93a94
2025-08-13 16:47:24,684 INFO  [io.api.tes.ser.api.KafkaSerdesTester] (Thread-666) Sending message {"key11755103637156": "value-2"} to topic topic-1542d256_5cc6_4088_a8ec_ceff20f93a94
2025-08-13 16:47:24,686 INFO  [io.api.tes.ser.api.KafkaSerdesTester] (Thread-666) Sending message {"key11755103637156": "value-3"} to topic topic-1542d256_5cc6_4088_a8ec_ceff20f93a94
2025-08-13 16:47:24,687 INFO  [io.api.tes.ser.api.KafkaSerdesTester] (Thread-666) Sending message {"key11755103637156": "value-4"} to topic topic-1542d256_5cc6_4088_a8ec_ceff20f93a94
2025-08-13 16:47:24,688 INFO  [io.api.tes.ser.api.KafkaSerdesTester] (Thread-666) Sending message {"key11755103637156": "value-5"} to topic topic-1542d256_5cc6_4088_a8ec_ceff20f93a94
2025-08-13 16:47:24,689 INFO  [io.api.tes.ser.api.KafkaSerdesTester] (Thread-666) Sending message {"key11755103637156": "value-6"} to topic topic-1542d256_5cc6_4088_a8ec_ceff20f93a94
2025-08-13 16:47:24,690 INFO  [io.api.tes.ser.api.KafkaSerdesTester] (Thread-666) Sending message {"key11755103637156": "value-7"} to topic topic-1542d256_5cc6_4088_a8ec_ceff20f93a94
2025-08-13 16:47:24,691 INFO  [io.api.tes.ser.api.KafkaSerdesTester] (Thread-666) Sending message {"key11755103637156": "value-8"} to topic topic-1542d256_5cc6_4088_a8ec_ceff20f93a94
2025-08-13 16:47:24,692 INFO  [io.api.tes.ser.api.KafkaSerdesTester] (Thread-666) Sending message {"key11755103637156": "value-9"} to topic topic-1542d256_5cc6_4088_a8ec_ceff20f93a94
2025-08-13 16:47:24,694 INFO  [io.api.tes.ser.api.KafkaSerdesTester] (Thread-666) Produced 10 messages
2025-08-13 16:47:24,695 INFO  [org.apa.kaf.cli.con.int.ClassicKafkaConsumer] (Thread-667) [Consumer clientId=consumer-Consumer-topic-1542d256_5cc6_4088_a8ec_ceff20f93a94-9, groupId=Consumer-topic-1542d256_5cc6_4088_a8ec_ceff20f93a94] Subscribed to topic(s): topic-1542d256_5cc6_4088_a8ec_ceff20f93a94
2025-08-13 16:47:24,850 INFO  [io.api.tes.ser.api.KafkaSerdesTester] (Thread-667) topic-1542d256_5cc6_4088_a8ec_ceff20f93a94 0 30 {"key11755103637156": "value-0", "key21755103641837": "value-0", "key31755103643365": "value-0"}
2025-08-13 16:47:24,850 INFO  [io.api.tes.ser.api.KafkaSerdesTester] (Thread-667) topic-1542d256_5cc6_4088_a8ec_ceff20f93a94 0 31 {"key11755103637156": "value-1", "key21755103641837": "value-1", "key31755103643365": "value-1"}
2025-08-13 16:47:24,850 INFO  [io.api.tes.ser.api.KafkaSerdesTester] (Thread-667) topic-1542d256_5cc6_4088_a8ec_ceff20f93a94 0 32 {"key11755103637156": "value-2", "key21755103641837": "value-2", "key31755103643365": "value-2"}
2025-08-13 16:47:24,850 INFO  [io.api.tes.ser.api.KafkaSerdesTester] (Thread-667) topic-1542d256_5cc6_4088_a8ec_ceff20f93a94 0 33 {"key11755103637156": "value-3", "key21755103641837": "value-3", "key31755103643365": "value-3"}
2025-08-13 16:47:24,850 INFO  [io.api.tes.ser.api.KafkaSerdesTester] (Thread-667) topic-1542d256_5cc6_4088_a8ec_ceff20f93a94 0 34 {"key11755103637156": "value-4", "key21755103641837": "value-4", "key31755103643365": "value-4"}
2025-08-13 16:47:24,850 INFO  [io.api.tes.ser.api.KafkaSerdesTester] (Thread-667) topic-1542d256_5cc6_4088_a8ec_ceff20f93a94 0 35 {"key11755103637156": "value-5", "key21755103641837": "value-5", "key31755103643365": "value-5"}
2025-08-13 16:47:24,850 INFO  [io.api.tes.ser.api.KafkaSerdesTester] (Thread-667) topic-1542d256_5cc6_4088_a8ec_ceff20f93a94 0 36 {"key11755103637156": "value-6", "key21755103641837": "value-6", "key31755103643365": "value-6"}
2025-08-13 16:47:24,850 INFO  [io.api.tes.ser.api.KafkaSerdesTester] (Thread-667) topic-1542d256_5cc6_4088_a8ec_ceff20f93a94 0 37 {"key11755103637156": "value-7", "key21755103641837": "value-7", "key31755103643365": "value-7"}
2025-08-13 16:47:24,850 INFO  [io.api.tes.ser.api.KafkaSerdesTester] (Thread-667) topic-1542d256_5cc6_4088_a8ec_ceff20f93a94 0 38 {"key11755103637156": "value-8", "key21755103641837": "value-8", "key31755103643365": "value-8"}
2025-08-13 16:47:24,850 INFO  [io.api.tes.ser.api.KafkaSerdesTester] (Thread-667) topic-1542d256_5cc6_4088_a8ec_ceff20f93a94 0 39 {"key11755103637156": "value-9", "key21755103641837": "value-9", "key31755103643365": "value-9"}
2025-08-13 16:47:24,850 INFO  [io.api.tes.ser.api.KafkaSerdesTester] (Thread-667) topic-1542d256_5cc6_4088_a8ec_ceff20f93a94 0 40 {"key11755103637156": "value-0", "key21755103641837": "value-0"}
2025-08-13 16:47:24,851 INFO  [io.api.tes.ser.api.KafkaSerdesTester] (Thread-667) topic-1542d256_5cc6_4088_a8ec_ceff20f93a94 0 41 {"key11755103637156": "value-1", "key21755103641837": "value-1"}
2025-08-13 16:47:24,851 INFO  [io.api.tes.ser.api.KafkaSerdesTester] (Thread-667) topic-1542d256_5cc6_4088_a8ec_ceff20f93a94 0 42 {"key11755103637156": "value-2", "key21755103641837": "value-2"}
2025-08-13 16:47:24,851 INFO  [io.api.tes.ser.api.KafkaSerdesTester] (Thread-667) topic-1542d256_5cc6_4088_a8ec_ceff20f93a94 0 43 {"key11755103637156": "value-3", "key21755103641837": "value-3"}
2025-08-13 16:47:24,851 INFO  [io.api.tes.ser.api.KafkaSerdesTester] (Thread-667) topic-1542d256_5cc6_4088_a8ec_ceff20f93a94 0 44 {"key11755103637156": "value-4", "key21755103641837": "value-4"}
2025-08-13 16:47:24,851 INFO  [io.api.tes.ser.api.KafkaSerdesTester] (Thread-667) topic-1542d256_5cc6_4088_a8ec_ceff20f93a94 0 45 {"key11755103637156": "value-5", "key21755103641837": "value-5"}
2025-08-13 16:47:24,851 INFO  [io.api.tes.ser.api.KafkaSerdesTester] (Thread-667) topic-1542d256_5cc6_4088_a8ec_ceff20f93a94 0 46 {"key11755103637156": "value-6", "key21755103641837": "value-6"}
2025-08-13 16:47:24,851 INFO  [io.api.tes.ser.api.KafkaSerdesTester] (Thread-667) topic-1542d256_5cc6_4088_a8ec_ceff20f93a94 0 47 {"key11755103637156": "value-7", "key21755103641837": "value-7"}
2025-08-13 16:47:24,851 INFO  [io.api.tes.ser.api.KafkaSerdesTester] (Thread-667) topic-1542d256_5cc6_4088_a8ec_ceff20f93a94 0 48 {"key11755103637156": "value-8", "key21755103641837": "value-8"}
2025-08-13 16:47:24,851 INFO  [io.api.tes.ser.api.KafkaSerdesTester] (Thread-667) topic-1542d256_5cc6_4088_a8ec_ceff20f93a94 0 49 {"key11755103637156": "value-9", "key21755103641837": "value-9"}
2025-08-13 16:47:24,851 INFO  [io.api.tes.ser.api.KafkaSerdesTester] (Thread-667) topic-1542d256_5cc6_4088_a8ec_ceff20f93a94 0 50 {"key11755103637156": "value-0"}
2025-08-13 16:47:24,851 INFO  [io.api.tes.ser.api.KafkaSerdesTester] (Thread-667) topic-1542d256_5cc6_4088_a8ec_ceff20f93a94 0 51 {"key11755103637156": "value-1"}
2025-08-13 16:47:24,851 INFO  [io.api.tes.ser.api.KafkaSerdesTester] (Thread-667) topic-1542d256_5cc6_4088_a8ec_ceff20f93a94 0 52 {"key11755103637156": "value-2"}
2025-08-13 16:47:24,851 INFO  [io.api.tes.ser.api.KafkaSerdesTester] (Thread-667) topic-1542d256_5cc6_4088_a8ec_ceff20f93a94 0 53 {"key11755103637156": "value-3"}
2025-08-13 16:47:24,851 INFO  [io.api.tes.ser.api.KafkaSerdesTester] (Thread-667) topic-1542d256_5cc6_4088_a8ec_ceff20f93a94 0 54 {"key11755103637156": "value-4"}
2025-08-13 16:47:24,851 INFO  [io.api.tes.ser.api.KafkaSerdesTester] (Thread-667) topic-1542d256_5cc6_4088_a8ec_ceff20f93a94 0 55 {"key11755103637156": "value-5"}
2025-08-13 16:47:24,851 INFO  [io.api.tes.ser.api.KafkaSerdesTester] (Thread-667) topic-1542d256_5cc6_4088_a8ec_ceff20f93a94 0 56 {"key11755103637156": "value-6"}
2025-08-13 16:47:24,851 INFO  [io.api.tes.ser.api.KafkaSerdesTester] (Thread-667) topic-1542d256_5cc6_4088_a8ec_ceff20f93a94 0 57 {"key11755103637156": "value-7"}
2025-08-13 16:47:24,851 INFO  [io.api.tes.ser.api.KafkaSerdesTester] (Thread-667) topic-1542d256_5cc6_4088_a8ec_ceff20f93a94 0 58 {"key11755103637156": "value-8"}
2025-08-13 16:47:24,851 INFO  [io.api.tes.ser.api.KafkaSerdesTester] (Thread-667) topic-1542d256_5cc6_4088_a8ec_ceff20f93a94 0 59 {"key11755103637156": "value-9"}
2025-08-13 16:47:24,851 INFO  [io.api.tes.ser.api.KafkaSerdesTester] (Thread-667) Consumed 30 messages
2025-08-13 16:47:24,852 INFO  [org.apa.kaf.cli.pro.KafkaProducer] (main) [Producer clientId=Producer-topic-1542d256_5cc6_4088_a8ec_ceff20f93a94] Closing the Kafka producer with timeoutMillis = 9223372036854775807 ms.
2025-08-13 16:47:24,855 INFO  [org.apa.kaf.com.met.Metrics] (main) Metrics scheduler closed
2025-08-13 16:47:24,855 INFO  [org.apa.kaf.com.met.Metrics] (main) Closing reporter org.apache.kafka.common.metrics.JmxReporter
2025-08-13 16:47:24,855 INFO  [org.apa.kaf.com.met.Metrics] (main) Closing reporter org.apache.kafka.common.telemetry.internals.ClientTelemetryReporter
2025-08-13 16:47:24,855 INFO  [org.apa.kaf.com.met.Metrics] (main) Metrics reporters closed
2025-08-13 16:47:24,855 INFO  [org.apa.kaf.com.uti.AppInfoParser] (main) App info kafka.producer for Producer-topic-1542d256_5cc6_4088_a8ec_ceff20f93a94 unregistered
2025-08-13 16:47:24,863 INFO  [org.apa.kaf.cli.con.int.ConsumerRebalanceListenerInvoker] (main) [Consumer clientId=consumer-Consumer-topic-1542d256_5cc6_4088_a8ec_ceff20f93a94-9, groupId=Consumer-topic-1542d256_5cc6_4088_a8ec_ceff20f93a94] Revoke previously assigned partitions topic-1542d256_5cc6_4088_a8ec_ceff20f93a94-0
2025-08-13 16:47:24,863 INFO  [org.apa.kaf.cli.con.int.ConsumerCoordinator] (main) [Consumer clientId=consumer-Consumer-topic-1542d256_5cc6_4088_a8ec_ceff20f93a94-9, groupId=Consumer-topic-1542d256_5cc6_4088_a8ec_ceff20f93a94] Member consumer-Consumer-topic-1542d256_5cc6_4088_a8ec_ceff20f93a94-9-e0a8567d-4ee9-4141-9f38-60f93b0db7aa sending LeaveGroup request to coordinator localhost:32769 (id: 2147483647 rack: null) due to the consumer is being closed
2025-08-13 16:47:24,863 INFO  [org.apa.kaf.cli.con.int.ConsumerCoordinator] (main) [Consumer clientId=consumer-Consumer-topic-1542d256_5cc6_4088_a8ec_ceff20f93a94-9, groupId=Consumer-topic-1542d256_5cc6_4088_a8ec_ceff20f93a94] Resetting generation and member id due to: consumer pro-actively leaving the group
2025-08-13 16:47:24,863 INFO  [org.apa.kaf.cli.con.int.ConsumerCoordinator] (main) [Consumer clientId=consumer-Consumer-topic-1542d256_5cc6_4088_a8ec_ceff20f93a94-9, groupId=Consumer-topic-1542d256_5cc6_4088_a8ec_ceff20f93a94] Request joining group due to: consumer pro-actively leaving the group
2025-08-13 16:47:25,355 INFO  [org.apa.kaf.com.met.Metrics] (main) Metrics scheduler closed
2025-08-13 16:47:25,355 INFO  [org.apa.kaf.com.met.Metrics] (main) Closing reporter org.apache.kafka.common.metrics.JmxReporter
2025-08-13 16:47:25,356 INFO  [org.apa.kaf.com.met.Metrics] (main) Closing reporter org.apache.kafka.common.telemetry.internals.ClientTelemetryReporter
2025-08-13 16:47:25,356 INFO  [org.apa.kaf.com.met.Metrics] (main) Metrics reporters closed
2025-08-13 16:47:25,358 INFO  [org.apa.kaf.com.uti.AppInfoParser] (main) App info kafka.consumer for consumer-Consumer-topic-1542d256_5cc6_4088_a8ec_ceff20f93a94-9 unregistered
2025-08-13 16:47:25,359 INFO  [io.api.tes.uti.TestSeparator] (main) io.apicurio.tests.serdes.apicurio.AvroSerdeIT.testEvolveAvroApicurioReusingClient-FINISHED
2025-08-13 16:47:25,359 INFO  [io.api.tes.uti.TestSeparator] (main) ############################################################################
Test passed: testEvolveAvroApicurioReusingClient
]]></system-out>
  </testcase>
  <testcase name="testProducerUsesDefaultConsumerUsesGlobalId" classname="io.apicurio.tests.serdes.apicurio.AvroSerdeIT" time="0.0">
    <skipped message="void io.apicurio.tests.serdes.apicurio.AvroSerdeIT.testProducerUsesDefaultConsumerUsesGlobalId() throws java.lang.Exception is @Disabled"/>
  </testcase>
  <testcase name="testEvolveAvroApicurio" classname="io.apicurio.tests.serdes.apicurio.AvroSerdeIT" time="16.662">
    <system-out><![CDATA[2025-08-13 16:47:25,363 INFO  [io.api.tes.uti.TestSeparator] (main) ############################################################################
2025-08-13 16:47:25,363 INFO  [io.api.tes.uti.TestSeparator] (main) io.apicurio.tests.serdes.apicurio.AvroSerdeIT.testEvolveAvroApicurio-STARTED
2025-08-13 16:47:25,363 INFO  [io.api.tes.ser.api.AvroSerdeIT] (main) Registering Avro Schema: {"type":"record","name":"sd8e6d338x62e2x4020xbfaax7bd48479d60d","namespace":"ns_a0487dd8_09d8_4c11_a2bb_caae64f172df","fields":[{"name":"key11755103645363","type":"string"}]}
**** Registry Base URL: http://registry-app-ksql043.apps.ci419.apicurio-testing.org:80
2025-08-13 16:47:26,561 INFO  [org.apa.kaf.cli.pro.ProducerConfig] (main) ProducerConfig values: 
	acks = -1
	auto.include.jmx.reporter = true
	batch.size = 16384
	bootstrap.servers = [PLAINTEXT://localhost:32769]
	buffer.memory = 33554432
	client.dns.lookup = use_all_dns_ips
	client.id = Producer-topic-60ebc890_7af9_4c79_870a_840f844b65f3
	compression.gzip.level = -1
	compression.lz4.level = 9
	compression.type = none
	compression.zstd.level = 3
	connections.max.idle.ms = 10000
	delivery.timeout.ms = 120000
	enable.idempotence = true
	enable.metrics.push = true
	interceptor.classes = []
	key.serializer = class org.apache.kafka.common.serialization.StringSerializer
	linger.ms = 0
	max.block.ms = 60000
	max.in.flight.requests.per.connection = 5
	max.request.size = 1048576
	metadata.max.age.ms = 300000
	metadata.max.idle.ms = 300000
	metadata.recovery.strategy = none
	metric.reporters = []
	metrics.num.samples = 2
	metrics.recording.level = INFO
	metrics.sample.window.ms = 30000
	partitioner.adaptive.partitioning.enable = true
	partitioner.availability.timeout.ms = 0
	partitioner.class = null
	partitioner.ignore.keys = false
	receive.buffer.bytes = 32768
	reconnect.backoff.max.ms = 1000
	reconnect.backoff.ms = 50
	request.timeout.ms = 5000
	retries = 2147483647
	retry.backoff.max.ms = 1000
	retry.backoff.ms = 100
	sasl.client.callback.handler.class = null
	sasl.jaas.config = null
	sasl.kerberos.kinit.cmd = /usr/bin/kinit
	sasl.kerberos.min.time.before.relogin = 60000
	sasl.kerberos.service.name = null
	sasl.kerberos.ticket.renew.jitter = 0.05
	sasl.kerberos.ticket.renew.window.factor = 0.8
	sasl.login.callback.handler.class = null
	sasl.login.class = null
	sasl.login.connect.timeout.ms = null
	sasl.login.read.timeout.ms = null
	sasl.login.refresh.buffer.seconds = 300
	sasl.login.refresh.min.period.seconds = 60
	sasl.login.refresh.window.factor = 0.8
	sasl.login.refresh.window.jitter = 0.05
	sasl.login.retry.backoff.max.ms = 10000
	sasl.login.retry.backoff.ms = 100
	sasl.mechanism = GSSAPI
	sasl.oauthbearer.clock.skew.seconds = 30
	sasl.oauthbearer.expected.audience = null
	sasl.oauthbearer.expected.issuer = null
	sasl.oauthbearer.header.urlencode = false
	sasl.oauthbearer.jwks.endpoint.refresh.ms = 3600000
	sasl.oauthbearer.jwks.endpoint.retry.backoff.max.ms = 10000
	sasl.oauthbearer.jwks.endpoint.retry.backoff.ms = 100
	sasl.oauthbearer.jwks.endpoint.url = null
	sasl.oauthbearer.scope.claim.name = scope
	sasl.oauthbearer.sub.claim.name = sub
	sasl.oauthbearer.token.endpoint.url = null
	security.protocol = PLAINTEXT
	security.providers = null
	send.buffer.bytes = 131072
	socket.connection.setup.timeout.max.ms = 30000
	socket.connection.setup.timeout.ms = 10000
	ssl.cipher.suites = null
	ssl.enabled.protocols = [TLSv1.2, TLSv1.3]
	ssl.endpoint.identification.algorithm = https
	ssl.engine.factory.class = null
	ssl.key.password = null
	ssl.keymanager.algorithm = SunX509
	ssl.keystore.certificate.chain = null
	ssl.keystore.key = null
	ssl.keystore.location = null
	ssl.keystore.password = null
	ssl.keystore.type = JKS
	ssl.protocol = TLSv1.3
	ssl.provider = null
	ssl.secure.random.implementation = null
	ssl.trustmanager.algorithm = PKIX
	ssl.truststore.certificates = null
	ssl.truststore.location = null
	ssl.truststore.password = null
	ssl.truststore.type = JKS
	transaction.timeout.ms = 60000
	transactional.id = null
	value.serializer = class io.apicurio.registry.serde.avro.AvroKafkaSerializer

2025-08-13 16:47:26,561 INFO  [org.apa.kaf.com.tel.int.KafkaMetricsCollector] (main) initializing Kafka metrics collector
2025-08-13 16:47:26,565 INFO  [org.apa.kaf.cli.pro.KafkaProducer] (main) [Producer clientId=Producer-topic-60ebc890_7af9_4c79_870a_840f844b65f3] Instantiated an idempotent producer.
2025-08-13 16:47:26,567 INFO  [org.apa.kaf.cli.pro.ProducerConfig] (main) These configurations '[apicurio.registry.url, apicurio.registry.artifact-resolver-strategy]' were supplied but are not used yet.
2025-08-13 16:47:26,567 INFO  [org.apa.kaf.com.uti.AppInfoParser] (main) Kafka version: 3.9.1
2025-08-13 16:47:26,567 INFO  [org.apa.kaf.com.uti.AppInfoParser] (main) Kafka commitId: f745dfdcee2b9851
2025-08-13 16:47:26,567 INFO  [org.apa.kaf.com.uti.AppInfoParser] (main) Kafka startTimeMs: 1755103646567
**** Registry Base URL: http://registry-app-ksql043.apps.ci419.apicurio-testing.org:80
2025-08-13 16:47:26,568 INFO  [org.apa.kaf.cli.con.ConsumerConfig] (main) ConsumerConfig values: 
	allow.auto.create.topics = true
	auto.commit.interval.ms = 500
	auto.include.jmx.reporter = true
	auto.offset.reset = earliest
	bootstrap.servers = [PLAINTEXT://localhost:32769]
	check.crcs = true
	client.dns.lookup = use_all_dns_ips
	client.id = consumer-Consumer-topic-60ebc890_7af9_4c79_870a_840f844b65f3-10
	client.rack = 
	connections.max.idle.ms = 10000
	default.api.timeout.ms = 60000
	enable.auto.commit = true
	enable.metrics.push = true
	exclude.internal.topics = true
	fetch.max.bytes = 52428800
	fetch.max.wait.ms = 500
	fetch.min.bytes = 1
	group.id = Consumer-topic-60ebc890_7af9_4c79_870a_840f844b65f3
	group.instance.id = null
	group.protocol = classic
	group.remote.assignor = null
	heartbeat.interval.ms = 3000
	interceptor.classes = []
	internal.leave.group.on.close = true
	internal.throw.on.fetch.stable.offset.unsupported = false
	isolation.level = read_uncommitted
	key.deserializer = class org.apache.kafka.common.serialization.StringDeserializer
	max.partition.fetch.bytes = 1048576
	max.poll.interval.ms = 300000
	max.poll.records = 500
	metadata.max.age.ms = 300000
	metadata.recovery.strategy = none
	metric.reporters = []
	metrics.num.samples = 2
	metrics.recording.level = INFO
	metrics.sample.window.ms = 30000
	partition.assignment.strategy = [class org.apache.kafka.clients.consumer.RangeAssignor, class org.apache.kafka.clients.consumer.CooperativeStickyAssignor]
	receive.buffer.bytes = 65536
	reconnect.backoff.max.ms = 1000
	reconnect.backoff.ms = 50
	request.timeout.ms = 5000
	retry.backoff.max.ms = 1000
	retry.backoff.ms = 100
	sasl.client.callback.handler.class = null
	sasl.jaas.config = null
	sasl.kerberos.kinit.cmd = /usr/bin/kinit
	sasl.kerberos.min.time.before.relogin = 60000
	sasl.kerberos.service.name = null
	sasl.kerberos.ticket.renew.jitter = 0.05
	sasl.kerberos.ticket.renew.window.factor = 0.8
	sasl.login.callback.handler.class = null
	sasl.login.class = null
	sasl.login.connect.timeout.ms = null
	sasl.login.read.timeout.ms = null
	sasl.login.refresh.buffer.seconds = 300
	sasl.login.refresh.min.period.seconds = 60
	sasl.login.refresh.window.factor = 0.8
	sasl.login.refresh.window.jitter = 0.05
	sasl.login.retry.backoff.max.ms = 10000
	sasl.login.retry.backoff.ms = 100
	sasl.mechanism = GSSAPI
	sasl.oauthbearer.clock.skew.seconds = 30
	sasl.oauthbearer.expected.audience = null
	sasl.oauthbearer.expected.issuer = null
	sasl.oauthbearer.header.urlencode = false
	sasl.oauthbearer.jwks.endpoint.refresh.ms = 3600000
	sasl.oauthbearer.jwks.endpoint.retry.backoff.max.ms = 10000
	sasl.oauthbearer.jwks.endpoint.retry.backoff.ms = 100
	sasl.oauthbearer.jwks.endpoint.url = null
	sasl.oauthbearer.scope.claim.name = scope
	sasl.oauthbearer.sub.claim.name = sub
	sasl.oauthbearer.token.endpoint.url = null
	security.protocol = PLAINTEXT
	security.providers = null
	send.buffer.bytes = 131072
	session.timeout.ms = 45000
	socket.connection.setup.timeout.max.ms = 30000
	socket.connection.setup.timeout.ms = 10000
	ssl.cipher.suites = null
	ssl.enabled.protocols = [TLSv1.2, TLSv1.3]
	ssl.endpoint.identification.algorithm = https
	ssl.engine.factory.class = null
	ssl.key.password = null
	ssl.keymanager.algorithm = SunX509
	ssl.keystore.certificate.chain = null
	ssl.keystore.key = null
	ssl.keystore.location = null
	ssl.keystore.password = null
	ssl.keystore.type = JKS
	ssl.protocol = TLSv1.3
	ssl.provider = null
	ssl.secure.random.implementation = null
	ssl.trustmanager.algorithm = PKIX
	ssl.truststore.certificates = null
	ssl.truststore.location = null
	ssl.truststore.password = null
	ssl.truststore.type = JKS
	value.deserializer = class io.apicurio.registry.serde.avro.AvroKafkaDeserializer

2025-08-13 16:47:26,568 INFO  [org.apa.kaf.com.tel.int.KafkaMetricsCollector] (main) initializing Kafka metrics collector
2025-08-13 16:47:26,572 INFO  [org.apa.kaf.cli.Metadata] (kafka-producer-network-thread | Producer-topic-60ebc890_7af9_4c79_870a_840f844b65f3) [Producer clientId=Producer-topic-60ebc890_7af9_4c79_870a_840f844b65f3] Cluster ID: 2Q56eJUuTz2w_13NlVd4Hw
2025-08-13 16:47:26,573 INFO  [org.apa.kaf.cli.pro.int.TransactionManager] (kafka-producer-network-thread | Producer-topic-60ebc890_7af9_4c79_870a_840f844b65f3) [Producer clientId=Producer-topic-60ebc890_7af9_4c79_870a_840f844b65f3] ProducerId set to 12 with epoch 0
2025-08-13 16:47:26,577 INFO  [org.apa.kaf.cli.con.ConsumerConfig] (main) These configurations '[apicurio.registry.url]' were supplied but are not used yet.
2025-08-13 16:47:26,577 INFO  [org.apa.kaf.com.uti.AppInfoParser] (main) Kafka version: 3.9.1
2025-08-13 16:47:26,577 INFO  [org.apa.kaf.com.uti.AppInfoParser] (main) Kafka commitId: f745dfdcee2b9851
2025-08-13 16:47:26,577 INFO  [org.apa.kaf.com.uti.AppInfoParser] (main) Kafka startTimeMs: 1755103646577
2025-08-13 16:47:26,578 INFO  [io.api.tes.ser.api.KafkaSerdesTester] (Thread-672) Sending message {"key11755103645363": "value-0"} to topic topic-60ebc890_7af9_4c79_870a_840f844b65f3
2025-08-13 16:47:26,581 INFO  [DefaultSchemaResolver] (Thread-672) Retrieving schema content using string: {"type":"record","name":"sd8e6d338x62e2x4020xbfaax7bd48479d60d","namespace":"ns_a0487dd8_09d8_4c11_a2bb_caae64f172df","fields":[{"name":"key11755103645363","type":"string"}]}
2025-08-13 16:47:26,736 INFO  [io.api.tes.ser.api.KafkaSerdesTester] (Thread-672) Sending message {"key11755103645363": "value-1"} to topic topic-60ebc890_7af9_4c79_870a_840f844b65f3
2025-08-13 16:47:26,738 INFO  [io.api.tes.ser.api.KafkaSerdesTester] (Thread-672) Sending message {"key11755103645363": "value-2"} to topic topic-60ebc890_7af9_4c79_870a_840f844b65f3
2025-08-13 16:47:26,741 INFO  [io.api.tes.ser.api.KafkaSerdesTester] (Thread-672) Sending message {"key11755103645363": "value-3"} to topic topic-60ebc890_7af9_4c79_870a_840f844b65f3
2025-08-13 16:47:26,745 INFO  [io.api.tes.ser.api.KafkaSerdesTester] (Thread-672) Sending message {"key11755103645363": "value-4"} to topic topic-60ebc890_7af9_4c79_870a_840f844b65f3
2025-08-13 16:47:26,748 INFO  [io.api.tes.ser.api.KafkaSerdesTester] (Thread-672) Sending message {"key11755103645363": "value-5"} to topic topic-60ebc890_7af9_4c79_870a_840f844b65f3
2025-08-13 16:47:26,749 INFO  [io.api.tes.ser.api.KafkaSerdesTester] (Thread-672) Sending message {"key11755103645363": "value-6"} to topic topic-60ebc890_7af9_4c79_870a_840f844b65f3
2025-08-13 16:47:26,751 INFO  [io.api.tes.ser.api.KafkaSerdesTester] (Thread-672) Sending message {"key11755103645363": "value-7"} to topic topic-60ebc890_7af9_4c79_870a_840f844b65f3
2025-08-13 16:47:26,753 INFO  [io.api.tes.ser.api.KafkaSerdesTester] (Thread-672) Sending message {"key11755103645363": "value-8"} to topic topic-60ebc890_7af9_4c79_870a_840f844b65f3
2025-08-13 16:47:26,755 INFO  [io.api.tes.ser.api.KafkaSerdesTester] (Thread-672) Sending message {"key11755103645363": "value-9"} to topic topic-60ebc890_7af9_4c79_870a_840f844b65f3
2025-08-13 16:47:26,756 INFO  [io.api.tes.ser.api.KafkaSerdesTester] (Thread-672) Produced 10 messages
2025-08-13 16:47:26,756 INFO  [org.apa.kaf.cli.pro.KafkaProducer] (Thread-672) [Producer clientId=Producer-topic-60ebc890_7af9_4c79_870a_840f844b65f3] Closing the Kafka producer with timeoutMillis = 9223372036854775807 ms.
2025-08-13 16:47:26,758 INFO  [org.apa.kaf.com.met.Metrics] (Thread-672) Metrics scheduler closed
2025-08-13 16:47:26,758 INFO  [org.apa.kaf.com.met.Metrics] (Thread-672) Closing reporter org.apache.kafka.common.metrics.JmxReporter
2025-08-13 16:47:26,758 INFO  [org.apa.kaf.com.met.Metrics] (Thread-672) Closing reporter org.apache.kafka.common.telemetry.internals.ClientTelemetryReporter
2025-08-13 16:47:26,758 INFO  [org.apa.kaf.com.met.Metrics] (Thread-672) Metrics reporters closed
2025-08-13 16:47:26,759 INFO  [org.apa.kaf.com.uti.AppInfoParser] (Thread-672) App info kafka.producer for Producer-topic-60ebc890_7af9_4c79_870a_840f844b65f3 unregistered
2025-08-13 16:47:26,760 INFO  [org.apa.kaf.cli.con.int.ClassicKafkaConsumer] (Thread-673) [Consumer clientId=consumer-Consumer-topic-60ebc890_7af9_4c79_870a_840f844b65f3-10, groupId=Consumer-topic-60ebc890_7af9_4c79_870a_840f844b65f3] Subscribed to topic(s): topic-60ebc890_7af9_4c79_870a_840f844b65f3
2025-08-13 16:47:26,766 INFO  [org.apa.kaf.cli.Metadata] (Thread-673) [Consumer clientId=consumer-Consumer-topic-60ebc890_7af9_4c79_870a_840f844b65f3-10, groupId=Consumer-topic-60ebc890_7af9_4c79_870a_840f844b65f3] Cluster ID: 2Q56eJUuTz2w_13NlVd4Hw
2025-08-13 16:47:26,768 INFO  [org.apa.kaf.cli.con.int.ConsumerCoordinator] (Thread-673) [Consumer clientId=consumer-Consumer-topic-60ebc890_7af9_4c79_870a_840f844b65f3-10, groupId=Consumer-topic-60ebc890_7af9_4c79_870a_840f844b65f3] Discovered group coordinator localhost:32769 (id: 2147483647 rack: null)
2025-08-13 16:47:26,769 INFO  [org.apa.kaf.cli.con.int.ConsumerCoordinator] (Thread-673) [Consumer clientId=consumer-Consumer-topic-60ebc890_7af9_4c79_870a_840f844b65f3-10, groupId=Consumer-topic-60ebc890_7af9_4c79_870a_840f844b65f3] (Re-)joining group
2025-08-13 16:47:26,771 INFO  [org.apa.kaf.cli.con.int.ConsumerCoordinator] (Thread-673) [Consumer clientId=consumer-Consumer-topic-60ebc890_7af9_4c79_870a_840f844b65f3-10, groupId=Consumer-topic-60ebc890_7af9_4c79_870a_840f844b65f3] Request joining group due to: need to re-join with the given member-id: consumer-Consumer-topic-60ebc890_7af9_4c79_870a_840f844b65f3-10-aa77b700-12cd-4353-bd7f-d9d79705dd22
2025-08-13 16:47:26,771 INFO  [org.apa.kaf.cli.con.int.ConsumerCoordinator] (Thread-673) [Consumer clientId=consumer-Consumer-topic-60ebc890_7af9_4c79_870a_840f844b65f3-10, groupId=Consumer-topic-60ebc890_7af9_4c79_870a_840f844b65f3] (Re-)joining group
2025-08-13 16:47:27,760 INFO  [io.api.tes.ser.api.KafkaSerdesTester] (Thread-673) None found
2025-08-13 16:47:28,760 INFO  [io.api.tes.ser.api.KafkaSerdesTester] (Thread-673) None found
2025-08-13 16:47:29,761 INFO  [io.api.tes.ser.api.KafkaSerdesTester] (Thread-673) None found
2025-08-13 16:47:29,772 INFO  [org.apa.kaf.cli.con.int.ConsumerCoordinator] (Thread-673) [Consumer clientId=consumer-Consumer-topic-60ebc890_7af9_4c79_870a_840f844b65f3-10, groupId=Consumer-topic-60ebc890_7af9_4c79_870a_840f844b65f3] Successfully joined group with generation Generation{generationId=1, memberId='consumer-Consumer-topic-60ebc890_7af9_4c79_870a_840f844b65f3-10-aa77b700-12cd-4353-bd7f-d9d79705dd22', protocol='range'}
2025-08-13 16:47:29,772 INFO  [org.apa.kaf.cli.con.int.ConsumerCoordinator] (Thread-673) [Consumer clientId=consumer-Consumer-topic-60ebc890_7af9_4c79_870a_840f844b65f3-10, groupId=Consumer-topic-60ebc890_7af9_4c79_870a_840f844b65f3] Finished assignment for group at generation 1: {consumer-Consumer-topic-60ebc890_7af9_4c79_870a_840f844b65f3-10-aa77b700-12cd-4353-bd7f-d9d79705dd22=Assignment(partitions=[topic-60ebc890_7af9_4c79_870a_840f844b65f3-0])}
2025-08-13 16:47:29,779 INFO  [org.apa.kaf.cli.con.int.ConsumerCoordinator] (Thread-673) [Consumer clientId=consumer-Consumer-topic-60ebc890_7af9_4c79_870a_840f844b65f3-10, groupId=Consumer-topic-60ebc890_7af9_4c79_870a_840f844b65f3] Successfully synced group in generation Generation{generationId=1, memberId='consumer-Consumer-topic-60ebc890_7af9_4c79_870a_840f844b65f3-10-aa77b700-12cd-4353-bd7f-d9d79705dd22', protocol='range'}
2025-08-13 16:47:29,779 INFO  [org.apa.kaf.cli.con.int.ConsumerCoordinator] (Thread-673) [Consumer clientId=consumer-Consumer-topic-60ebc890_7af9_4c79_870a_840f844b65f3-10, groupId=Consumer-topic-60ebc890_7af9_4c79_870a_840f844b65f3] Notifying assignor about the new Assignment(partitions=[topic-60ebc890_7af9_4c79_870a_840f844b65f3-0])
2025-08-13 16:47:29,779 INFO  [org.apa.kaf.cli.con.int.ConsumerRebalanceListenerInvoker] (Thread-673) [Consumer clientId=consumer-Consumer-topic-60ebc890_7af9_4c79_870a_840f844b65f3-10, groupId=Consumer-topic-60ebc890_7af9_4c79_870a_840f844b65f3] Adding newly assigned partitions: topic-60ebc890_7af9_4c79_870a_840f844b65f3-0
2025-08-13 16:47:29,780 INFO  [org.apa.kaf.cli.con.int.ConsumerCoordinator] (Thread-673) [Consumer clientId=consumer-Consumer-topic-60ebc890_7af9_4c79_870a_840f844b65f3-10, groupId=Consumer-topic-60ebc890_7af9_4c79_870a_840f844b65f3] Found no committed offset for partition topic-60ebc890_7af9_4c79_870a_840f844b65f3-0
2025-08-13 16:47:29,784 INFO  [org.apa.kaf.cli.con.int.SubscriptionState] (Thread-673) [Consumer clientId=consumer-Consumer-topic-60ebc890_7af9_4c79_870a_840f844b65f3-10, groupId=Consumer-topic-60ebc890_7af9_4c79_870a_840f844b65f3] Resetting offset for partition topic-60ebc890_7af9_4c79_870a_840f844b65f3-0 to position FetchPosition{offset=0, offsetEpoch=Optional.empty, currentLeader=LeaderAndEpoch{leader=Optional[localhost:32769 (id: 0 rack: null)], epoch=0}}.
2025-08-13 16:47:30,038 INFO  [io.api.tes.ser.api.KafkaSerdesTester] (Thread-673) topic-60ebc890_7af9_4c79_870a_840f844b65f3 0 0 {"key11755103645363": "value-0"}
2025-08-13 16:47:30,039 INFO  [io.api.tes.ser.api.KafkaSerdesTester] (Thread-673) topic-60ebc890_7af9_4c79_870a_840f844b65f3 0 1 {"key11755103645363": "value-1"}
2025-08-13 16:47:30,039 INFO  [io.api.tes.ser.api.KafkaSerdesTester] (Thread-673) topic-60ebc890_7af9_4c79_870a_840f844b65f3 0 2 {"key11755103645363": "value-2"}
2025-08-13 16:47:30,039 INFO  [io.api.tes.ser.api.KafkaSerdesTester] (Thread-673) topic-60ebc890_7af9_4c79_870a_840f844b65f3 0 3 {"key11755103645363": "value-3"}
2025-08-13 16:47:30,039 INFO  [io.api.tes.ser.api.KafkaSerdesTester] (Thread-673) topic-60ebc890_7af9_4c79_870a_840f844b65f3 0 4 {"key11755103645363": "value-4"}
2025-08-13 16:47:30,039 INFO  [io.api.tes.ser.api.KafkaSerdesTester] (Thread-673) topic-60ebc890_7af9_4c79_870a_840f844b65f3 0 5 {"key11755103645363": "value-5"}
2025-08-13 16:47:30,039 INFO  [io.api.tes.ser.api.KafkaSerdesTester] (Thread-673) topic-60ebc890_7af9_4c79_870a_840f844b65f3 0 6 {"key11755103645363": "value-6"}
2025-08-13 16:47:30,039 INFO  [io.api.tes.ser.api.KafkaSerdesTester] (Thread-673) topic-60ebc890_7af9_4c79_870a_840f844b65f3 0 7 {"key11755103645363": "value-7"}
2025-08-13 16:47:30,039 INFO  [io.api.tes.ser.api.KafkaSerdesTester] (Thread-673) topic-60ebc890_7af9_4c79_870a_840f844b65f3 0 8 {"key11755103645363": "value-8"}
2025-08-13 16:47:30,039 INFO  [io.api.tes.ser.api.KafkaSerdesTester] (Thread-673) topic-60ebc890_7af9_4c79_870a_840f844b65f3 0 9 {"key11755103645363": "value-9"}
2025-08-13 16:47:30,039 INFO  [io.api.tes.ser.api.KafkaSerdesTester] (Thread-673) Consumed 10 messages
2025-08-13 16:47:30,047 INFO  [org.apa.kaf.cli.con.int.ConsumerRebalanceListenerInvoker] (Thread-673) [Consumer clientId=consumer-Consumer-topic-60ebc890_7af9_4c79_870a_840f844b65f3-10, groupId=Consumer-topic-60ebc890_7af9_4c79_870a_840f844b65f3] Revoke previously assigned partitions topic-60ebc890_7af9_4c79_870a_840f844b65f3-0
2025-08-13 16:47:30,047 INFO  [org.apa.kaf.cli.con.int.ConsumerCoordinator] (Thread-673) [Consumer clientId=consumer-Consumer-topic-60ebc890_7af9_4c79_870a_840f844b65f3-10, groupId=Consumer-topic-60ebc890_7af9_4c79_870a_840f844b65f3] Member consumer-Consumer-topic-60ebc890_7af9_4c79_870a_840f844b65f3-10-aa77b700-12cd-4353-bd7f-d9d79705dd22 sending LeaveGroup request to coordinator localhost:32769 (id: 2147483647 rack: null) due to the consumer is being closed
2025-08-13 16:47:30,047 INFO  [org.apa.kaf.cli.con.int.ConsumerCoordinator] (Thread-673) [Consumer clientId=consumer-Consumer-topic-60ebc890_7af9_4c79_870a_840f844b65f3-10, groupId=Consumer-topic-60ebc890_7af9_4c79_870a_840f844b65f3] Resetting generation and member id due to: consumer pro-actively leaving the group
2025-08-13 16:47:30,047 INFO  [org.apa.kaf.cli.con.int.ConsumerCoordinator] (Thread-673) [Consumer clientId=consumer-Consumer-topic-60ebc890_7af9_4c79_870a_840f844b65f3-10, groupId=Consumer-topic-60ebc890_7af9_4c79_870a_840f844b65f3] Request joining group due to: consumer pro-actively leaving the group
2025-08-13 16:47:30,541 INFO  [org.apa.kaf.com.met.Metrics] (Thread-673) Metrics scheduler closed
2025-08-13 16:47:30,541 INFO  [org.apa.kaf.com.met.Metrics] (Thread-673) Closing reporter org.apache.kafka.common.metrics.JmxReporter
2025-08-13 16:47:30,541 INFO  [org.apa.kaf.com.met.Metrics] (Thread-673) Closing reporter org.apache.kafka.common.telemetry.internals.ClientTelemetryReporter
2025-08-13 16:47:30,541 INFO  [org.apa.kaf.com.met.Metrics] (Thread-673) Metrics reporters closed
2025-08-13 16:47:30,543 INFO  [org.apa.kaf.com.uti.AppInfoParser] (Thread-673) App info kafka.consumer for consumer-Consumer-topic-60ebc890_7af9_4c79_870a_840f844b65f3-10 unregistered
2025-08-13 16:47:30,544 INFO  [io.api.tes.ser.api.AvroSerdeIT] (main) Registering Avro Schema 2: {"type":"record","name":"sd8e6d338x62e2x4020xbfaax7bd48479d60d","namespace":"ns_a0487dd8_09d8_4c11_a2bb_caae64f172df","fields":[{"name":"key11755103645363","type":"string"},{"name":"key21755103650543","type":"string"}]}
**** Registry Base URL: http://registry-app-ksql043.apps.ci419.apicurio-testing.org:80
2025-08-13 16:47:31,738 INFO  [org.apa.kaf.cli.pro.ProducerConfig] (main) ProducerConfig values: 
	acks = -1
	auto.include.jmx.reporter = true
	batch.size = 16384
	bootstrap.servers = [PLAINTEXT://localhost:32769]
	buffer.memory = 33554432
	client.dns.lookup = use_all_dns_ips
	client.id = Producer-topic-60ebc890_7af9_4c79_870a_840f844b65f3
	compression.gzip.level = -1
	compression.lz4.level = 9
	compression.type = none
	compression.zstd.level = 3
	connections.max.idle.ms = 10000
	delivery.timeout.ms = 120000
	enable.idempotence = true
	enable.metrics.push = true
	interceptor.classes = []
	key.serializer = class org.apache.kafka.common.serialization.StringSerializer
	linger.ms = 0
	max.block.ms = 60000
	max.in.flight.requests.per.connection = 5
	max.request.size = 1048576
	metadata.max.age.ms = 300000
	metadata.max.idle.ms = 300000
	metadata.recovery.strategy = none
	metric.reporters = []
	metrics.num.samples = 2
	metrics.recording.level = INFO
	metrics.sample.window.ms = 30000
	partitioner.adaptive.partitioning.enable = true
	partitioner.availability.timeout.ms = 0
	partitioner.class = null
	partitioner.ignore.keys = false
	receive.buffer.bytes = 32768
	reconnect.backoff.max.ms = 1000
	reconnect.backoff.ms = 50
	request.timeout.ms = 5000
	retries = 2147483647
	retry.backoff.max.ms = 1000
	retry.backoff.ms = 100
	sasl.client.callback.handler.class = null
	sasl.jaas.config = null
	sasl.kerberos.kinit.cmd = /usr/bin/kinit
	sasl.kerberos.min.time.before.relogin = 60000
	sasl.kerberos.service.name = null
	sasl.kerberos.ticket.renew.jitter = 0.05
	sasl.kerberos.ticket.renew.window.factor = 0.8
	sasl.login.callback.handler.class = null
	sasl.login.class = null
	sasl.login.connect.timeout.ms = null
	sasl.login.read.timeout.ms = null
	sasl.login.refresh.buffer.seconds = 300
	sasl.login.refresh.min.period.seconds = 60
	sasl.login.refresh.window.factor = 0.8
	sasl.login.refresh.window.jitter = 0.05
	sasl.login.retry.backoff.max.ms = 10000
	sasl.login.retry.backoff.ms = 100
	sasl.mechanism = GSSAPI
	sasl.oauthbearer.clock.skew.seconds = 30
	sasl.oauthbearer.expected.audience = null
	sasl.oauthbearer.expected.issuer = null
	sasl.oauthbearer.header.urlencode = false
	sasl.oauthbearer.jwks.endpoint.refresh.ms = 3600000
	sasl.oauthbearer.jwks.endpoint.retry.backoff.max.ms = 10000
	sasl.oauthbearer.jwks.endpoint.retry.backoff.ms = 100
	sasl.oauthbearer.jwks.endpoint.url = null
	sasl.oauthbearer.scope.claim.name = scope
	sasl.oauthbearer.sub.claim.name = sub
	sasl.oauthbearer.token.endpoint.url = null
	security.protocol = PLAINTEXT
	security.providers = null
	send.buffer.bytes = 131072
	socket.connection.setup.timeout.max.ms = 30000
	socket.connection.setup.timeout.ms = 10000
	ssl.cipher.suites = null
	ssl.enabled.protocols = [TLSv1.2, TLSv1.3]
	ssl.endpoint.identification.algorithm = https
	ssl.engine.factory.class = null
	ssl.key.password = null
	ssl.keymanager.algorithm = SunX509
	ssl.keystore.certificate.chain = null
	ssl.keystore.key = null
	ssl.keystore.location = null
	ssl.keystore.password = null
	ssl.keystore.type = JKS
	ssl.protocol = TLSv1.3
	ssl.provider = null
	ssl.secure.random.implementation = null
	ssl.trustmanager.algorithm = PKIX
	ssl.truststore.certificates = null
	ssl.truststore.location = null
	ssl.truststore.password = null
	ssl.truststore.type = JKS
	transaction.timeout.ms = 60000
	transactional.id = null
	value.serializer = class io.apicurio.registry.serde.avro.AvroKafkaSerializer

2025-08-13 16:47:31,738 INFO  [org.apa.kaf.com.tel.int.KafkaMetricsCollector] (main) initializing Kafka metrics collector
2025-08-13 16:47:31,742 INFO  [org.apa.kaf.cli.pro.KafkaProducer] (main) [Producer clientId=Producer-topic-60ebc890_7af9_4c79_870a_840f844b65f3] Instantiated an idempotent producer.
2025-08-13 16:47:31,745 INFO  [org.apa.kaf.cli.pro.ProducerConfig] (main) These configurations '[apicurio.registry.url, apicurio.registry.artifact-resolver-strategy]' were supplied but are not used yet.
2025-08-13 16:47:31,745 INFO  [org.apa.kaf.com.uti.AppInfoParser] (main) Kafka version: 3.9.1
2025-08-13 16:47:31,745 INFO  [org.apa.kaf.com.uti.AppInfoParser] (main) Kafka commitId: f745dfdcee2b9851
2025-08-13 16:47:31,745 INFO  [org.apa.kaf.com.uti.AppInfoParser] (main) Kafka startTimeMs: 1755103651745
2025-08-13 16:47:31,746 INFO  [io.api.tes.ser.api.KafkaSerdesTester] (Thread-676) Sending message {"key11755103645363": "value-0", "key21755103650543": "value-0"} to topic topic-60ebc890_7af9_4c79_870a_840f844b65f3
2025-08-13 16:47:31,752 INFO  [org.apa.kaf.cli.Metadata] (kafka-producer-network-thread | Producer-topic-60ebc890_7af9_4c79_870a_840f844b65f3) [Producer clientId=Producer-topic-60ebc890_7af9_4c79_870a_840f844b65f3] Cluster ID: 2Q56eJUuTz2w_13NlVd4Hw
2025-08-13 16:47:31,754 INFO  [DefaultSchemaResolver] (Thread-676) Retrieving schema content using string: {"type":"record","name":"sd8e6d338x62e2x4020xbfaax7bd48479d60d","namespace":"ns_a0487dd8_09d8_4c11_a2bb_caae64f172df","fields":[{"name":"key11755103645363","type":"string"},{"name":"key21755103650543","type":"string"}]}
2025-08-13 16:47:31,755 INFO  [org.apa.kaf.cli.pro.int.TransactionManager] (kafka-producer-network-thread | Producer-topic-60ebc890_7af9_4c79_870a_840f844b65f3) [Producer clientId=Producer-topic-60ebc890_7af9_4c79_870a_840f844b65f3] ProducerId set to 13 with epoch 0
2025-08-13 16:47:31,921 INFO  [io.api.tes.ser.api.KafkaSerdesTester] (Thread-676) Sending message {"key11755103645363": "value-1", "key21755103650543": "value-1"} to topic topic-60ebc890_7af9_4c79_870a_840f844b65f3
2025-08-13 16:47:31,923 INFO  [io.api.tes.ser.api.KafkaSerdesTester] (Thread-676) Sending message {"key11755103645363": "value-2", "key21755103650543": "value-2"} to topic topic-60ebc890_7af9_4c79_870a_840f844b65f3
2025-08-13 16:47:31,926 INFO  [io.api.tes.ser.api.KafkaSerdesTester] (Thread-676) Sending message {"key11755103645363": "value-3", "key21755103650543": "value-3"} to topic topic-60ebc890_7af9_4c79_870a_840f844b65f3
2025-08-13 16:47:31,929 INFO  [io.api.tes.ser.api.KafkaSerdesTester] (Thread-676) Sending message {"key11755103645363": "value-4", "key21755103650543": "value-4"} to topic topic-60ebc890_7af9_4c79_870a_840f844b65f3
2025-08-13 16:47:31,931 INFO  [io.api.tes.ser.api.KafkaSerdesTester] (Thread-676) Sending message {"key11755103645363": "value-5", "key21755103650543": "value-5"} to topic topic-60ebc890_7af9_4c79_870a_840f844b65f3
2025-08-13 16:47:31,933 INFO  [io.api.tes.ser.api.KafkaSerdesTester] (Thread-676) Sending message {"key11755103645363": "value-6", "key21755103650543": "value-6"} to topic topic-60ebc890_7af9_4c79_870a_840f844b65f3
2025-08-13 16:47:31,935 INFO  [io.api.tes.ser.api.KafkaSerdesTester] (Thread-676) Sending message {"key11755103645363": "value-7", "key21755103650543": "value-7"} to topic topic-60ebc890_7af9_4c79_870a_840f844b65f3
2025-08-13 16:47:31,937 INFO  [io.api.tes.ser.api.KafkaSerdesTester] (Thread-676) Sending message {"key11755103645363": "value-8", "key21755103650543": "value-8"} to topic topic-60ebc890_7af9_4c79_870a_840f844b65f3
2025-08-13 16:47:31,938 INFO  [io.api.tes.ser.api.KafkaSerdesTester] (Thread-676) Sending message {"key11755103645363": "value-9", "key21755103650543": "value-9"} to topic topic-60ebc890_7af9_4c79_870a_840f844b65f3
2025-08-13 16:47:31,939 INFO  [io.api.tes.ser.api.KafkaSerdesTester] (Thread-676) Produced 10 messages
2025-08-13 16:47:31,939 INFO  [org.apa.kaf.cli.pro.KafkaProducer] (Thread-676) [Producer clientId=Producer-topic-60ebc890_7af9_4c79_870a_840f844b65f3] Closing the Kafka producer with timeoutMillis = 9223372036854775807 ms.
2025-08-13 16:47:31,942 INFO  [org.apa.kaf.com.met.Metrics] (Thread-676) Metrics scheduler closed
2025-08-13 16:47:31,942 INFO  [org.apa.kaf.com.met.Metrics] (Thread-676) Closing reporter org.apache.kafka.common.metrics.JmxReporter
2025-08-13 16:47:31,942 INFO  [org.apa.kaf.com.met.Metrics] (Thread-676) Closing reporter org.apache.kafka.common.telemetry.internals.ClientTelemetryReporter
2025-08-13 16:47:31,942 INFO  [org.apa.kaf.com.met.Metrics] (Thread-676) Metrics reporters closed
2025-08-13 16:47:31,942 INFO  [org.apa.kaf.com.uti.AppInfoParser] (Thread-676) App info kafka.producer for Producer-topic-60ebc890_7af9_4c79_870a_840f844b65f3 unregistered
**** Registry Base URL: http://registry-app-ksql043.apps.ci419.apicurio-testing.org:80
2025-08-13 16:47:31,943 INFO  [org.apa.kaf.cli.pro.ProducerConfig] (main) ProducerConfig values: 
	acks = -1
	auto.include.jmx.reporter = true
	batch.size = 16384
	bootstrap.servers = [PLAINTEXT://localhost:32769]
	buffer.memory = 33554432
	client.dns.lookup = use_all_dns_ips
	client.id = Producer-topic-60ebc890_7af9_4c79_870a_840f844b65f3
	compression.gzip.level = -1
	compression.lz4.level = 9
	compression.type = none
	compression.zstd.level = 3
	connections.max.idle.ms = 10000
	delivery.timeout.ms = 120000
	enable.idempotence = true
	enable.metrics.push = true
	interceptor.classes = []
	key.serializer = class org.apache.kafka.common.serialization.StringSerializer
	linger.ms = 0
	max.block.ms = 60000
	max.in.flight.requests.per.connection = 5
	max.request.size = 1048576
	metadata.max.age.ms = 300000
	metadata.max.idle.ms = 300000
	metadata.recovery.strategy = none
	metric.reporters = []
	metrics.num.samples = 2
	metrics.recording.level = INFO
	metrics.sample.window.ms = 30000
	partitioner.adaptive.partitioning.enable = true
	partitioner.availability.timeout.ms = 0
	partitioner.class = null
	partitioner.ignore.keys = false
	receive.buffer.bytes = 32768
	reconnect.backoff.max.ms = 1000
	reconnect.backoff.ms = 50
	request.timeout.ms = 5000
	retries = 2147483647
	retry.backoff.max.ms = 1000
	retry.backoff.ms = 100
	sasl.client.callback.handler.class = null
	sasl.jaas.config = null
	sasl.kerberos.kinit.cmd = /usr/bin/kinit
	sasl.kerberos.min.time.before.relogin = 60000
	sasl.kerberos.service.name = null
	sasl.kerberos.ticket.renew.jitter = 0.05
	sasl.kerberos.ticket.renew.window.factor = 0.8
	sasl.login.callback.handler.class = null
	sasl.login.class = null
	sasl.login.connect.timeout.ms = null
	sasl.login.read.timeout.ms = null
	sasl.login.refresh.buffer.seconds = 300
	sasl.login.refresh.min.period.seconds = 60
	sasl.login.refresh.window.factor = 0.8
	sasl.login.refresh.window.jitter = 0.05
	sasl.login.retry.backoff.max.ms = 10000
	sasl.login.retry.backoff.ms = 100
	sasl.mechanism = GSSAPI
	sasl.oauthbearer.clock.skew.seconds = 30
	sasl.oauthbearer.expected.audience = null
	sasl.oauthbearer.expected.issuer = null
	sasl.oauthbearer.header.urlencode = false
	sasl.oauthbearer.jwks.endpoint.refresh.ms = 3600000
	sasl.oauthbearer.jwks.endpoint.retry.backoff.max.ms = 10000
	sasl.oauthbearer.jwks.endpoint.retry.backoff.ms = 100
	sasl.oauthbearer.jwks.endpoint.url = null
	sasl.oauthbearer.scope.claim.name = scope
	sasl.oauthbearer.sub.claim.name = sub
	sasl.oauthbearer.token.endpoint.url = null
	security.protocol = PLAINTEXT
	security.providers = null
	send.buffer.bytes = 131072
	socket.connection.setup.timeout.max.ms = 30000
	socket.connection.setup.timeout.ms = 10000
	ssl.cipher.suites = null
	ssl.enabled.protocols = [TLSv1.2, TLSv1.3]
	ssl.endpoint.identification.algorithm = https
	ssl.engine.factory.class = null
	ssl.key.password = null
	ssl.keymanager.algorithm = SunX509
	ssl.keystore.certificate.chain = null
	ssl.keystore.key = null
	ssl.keystore.location = null
	ssl.keystore.password = null
	ssl.keystore.type = JKS
	ssl.protocol = TLSv1.3
	ssl.provider = null
	ssl.secure.random.implementation = null
	ssl.trustmanager.algorithm = PKIX
	ssl.truststore.certificates = null
	ssl.truststore.location = null
	ssl.truststore.password = null
	ssl.truststore.type = JKS
	transaction.timeout.ms = 60000
	transactional.id = null
	value.serializer = class io.apicurio.registry.serde.avro.AvroKafkaSerializer

2025-08-13 16:47:31,944 INFO  [org.apa.kaf.com.tel.int.KafkaMetricsCollector] (main) initializing Kafka metrics collector
2025-08-13 16:47:31,950 INFO  [org.apa.kaf.cli.pro.KafkaProducer] (main) [Producer clientId=Producer-topic-60ebc890_7af9_4c79_870a_840f844b65f3] Instantiated an idempotent producer.
2025-08-13 16:47:31,954 INFO  [org.apa.kaf.cli.pro.ProducerConfig] (main) These configurations '[apicurio.registry.url, apicurio.registry.artifact-resolver-strategy]' were supplied but are not used yet.
2025-08-13 16:47:31,954 INFO  [org.apa.kaf.com.uti.AppInfoParser] (main) Kafka version: 3.9.1
2025-08-13 16:47:31,954 INFO  [org.apa.kaf.com.uti.AppInfoParser] (main) Kafka commitId: f745dfdcee2b9851
2025-08-13 16:47:31,954 INFO  [org.apa.kaf.com.uti.AppInfoParser] (main) Kafka startTimeMs: 1755103651954
2025-08-13 16:47:31,956 INFO  [io.api.tes.ser.api.KafkaSerdesTester] (Thread-679) Sending message {"key11755103645363": "value-0"} to topic topic-60ebc890_7af9_4c79_870a_840f844b65f3
2025-08-13 16:47:31,959 INFO  [org.apa.kaf.cli.Metadata] (kafka-producer-network-thread | Producer-topic-60ebc890_7af9_4c79_870a_840f844b65f3) [Producer clientId=Producer-topic-60ebc890_7af9_4c79_870a_840f844b65f3] Cluster ID: 2Q56eJUuTz2w_13NlVd4Hw
2025-08-13 16:47:31,959 INFO  [DefaultSchemaResolver] (Thread-679) Retrieving schema content using string: {"type":"record","name":"sd8e6d338x62e2x4020xbfaax7bd48479d60d","namespace":"ns_a0487dd8_09d8_4c11_a2bb_caae64f172df","fields":[{"name":"key11755103645363","type":"string"}]}
2025-08-13 16:47:31,960 INFO  [org.apa.kaf.cli.pro.int.TransactionManager] (kafka-producer-network-thread | Producer-topic-60ebc890_7af9_4c79_870a_840f844b65f3) [Producer clientId=Producer-topic-60ebc890_7af9_4c79_870a_840f844b65f3] ProducerId set to 14 with epoch 0
2025-08-13 16:47:32,116 INFO  [io.api.tes.ser.api.KafkaSerdesTester] (Thread-679) Sending message {"key11755103645363": "value-1"} to topic topic-60ebc890_7af9_4c79_870a_840f844b65f3
2025-08-13 16:47:32,117 INFO  [io.api.tes.ser.api.KafkaSerdesTester] (Thread-679) Sending message {"key11755103645363": "value-2"} to topic topic-60ebc890_7af9_4c79_870a_840f844b65f3
2025-08-13 16:47:32,118 INFO  [io.api.tes.ser.api.KafkaSerdesTester] (Thread-679) Sending message {"key11755103645363": "value-3"} to topic topic-60ebc890_7af9_4c79_870a_840f844b65f3
2025-08-13 16:47:32,120 INFO  [io.api.tes.ser.api.KafkaSerdesTester] (Thread-679) Sending message {"key11755103645363": "value-4"} to topic topic-60ebc890_7af9_4c79_870a_840f844b65f3
2025-08-13 16:47:32,121 INFO  [io.api.tes.ser.api.KafkaSerdesTester] (Thread-679) Sending message {"key11755103645363": "value-5"} to topic topic-60ebc890_7af9_4c79_870a_840f844b65f3
2025-08-13 16:47:32,122 INFO  [io.api.tes.ser.api.KafkaSerdesTester] (Thread-679) Sending message {"key11755103645363": "value-6"} to topic topic-60ebc890_7af9_4c79_870a_840f844b65f3
2025-08-13 16:47:32,123 INFO  [io.api.tes.ser.api.KafkaSerdesTester] (Thread-679) Sending message {"key11755103645363": "value-7"} to topic topic-60ebc890_7af9_4c79_870a_840f844b65f3
2025-08-13 16:47:32,124 INFO  [io.api.tes.ser.api.KafkaSerdesTester] (Thread-679) Sending message {"key11755103645363": "value-8"} to topic topic-60ebc890_7af9_4c79_870a_840f844b65f3
2025-08-13 16:47:32,126 INFO  [io.api.tes.ser.api.KafkaSerdesTester] (Thread-679) Sending message {"key11755103645363": "value-9"} to topic topic-60ebc890_7af9_4c79_870a_840f844b65f3
2025-08-13 16:47:32,127 INFO  [io.api.tes.ser.api.KafkaSerdesTester] (Thread-679) Produced 10 messages
2025-08-13 16:47:32,127 INFO  [org.apa.kaf.cli.pro.KafkaProducer] (Thread-679) [Producer clientId=Producer-topic-60ebc890_7af9_4c79_870a_840f844b65f3] Closing the Kafka producer with timeoutMillis = 9223372036854775807 ms.
2025-08-13 16:47:32,129 INFO  [org.apa.kaf.com.met.Metrics] (Thread-679) Metrics scheduler closed
2025-08-13 16:47:32,129 INFO  [org.apa.kaf.com.met.Metrics] (Thread-679) Closing reporter org.apache.kafka.common.metrics.JmxReporter
2025-08-13 16:47:32,129 INFO  [org.apa.kaf.com.met.Metrics] (Thread-679) Closing reporter org.apache.kafka.common.telemetry.internals.ClientTelemetryReporter
2025-08-13 16:47:32,129 INFO  [org.apa.kaf.com.met.Metrics] (Thread-679) Metrics reporters closed
2025-08-13 16:47:32,129 INFO  [org.apa.kaf.com.uti.AppInfoParser] (Thread-679) App info kafka.producer for Producer-topic-60ebc890_7af9_4c79_870a_840f844b65f3 unregistered
**** Registry Base URL: http://registry-app-ksql043.apps.ci419.apicurio-testing.org:80
2025-08-13 16:47:32,130 INFO  [org.apa.kaf.cli.con.ConsumerConfig] (main) ConsumerConfig values: 
	allow.auto.create.topics = true
	auto.commit.interval.ms = 500
	auto.include.jmx.reporter = true
	auto.offset.reset = earliest
	bootstrap.servers = [PLAINTEXT://localhost:32769]
	check.crcs = true
	client.dns.lookup = use_all_dns_ips
	client.id = consumer-Consumer-topic-60ebc890_7af9_4c79_870a_840f844b65f3-11
	client.rack = 
	connections.max.idle.ms = 10000
	default.api.timeout.ms = 60000
	enable.auto.commit = true
	enable.metrics.push = true
	exclude.internal.topics = true
	fetch.max.bytes = 52428800
	fetch.max.wait.ms = 500
	fetch.min.bytes = 1
	group.id = Consumer-topic-60ebc890_7af9_4c79_870a_840f844b65f3
	group.instance.id = null
	group.protocol = classic
	group.remote.assignor = null
	heartbeat.interval.ms = 3000
	interceptor.classes = []
	internal.leave.group.on.close = true
	internal.throw.on.fetch.stable.offset.unsupported = false
	isolation.level = read_uncommitted
	key.deserializer = class org.apache.kafka.common.serialization.StringDeserializer
	max.partition.fetch.bytes = 1048576
	max.poll.interval.ms = 300000
	max.poll.records = 500
	metadata.max.age.ms = 300000
	metadata.recovery.strategy = none
	metric.reporters = []
	metrics.num.samples = 2
	metrics.recording.level = INFO
	metrics.sample.window.ms = 30000
	partition.assignment.strategy = [class org.apache.kafka.clients.consumer.RangeAssignor, class org.apache.kafka.clients.consumer.CooperativeStickyAssignor]
	receive.buffer.bytes = 65536
	reconnect.backoff.max.ms = 1000
	reconnect.backoff.ms = 50
	request.timeout.ms = 5000
	retry.backoff.max.ms = 1000
	retry.backoff.ms = 100
	sasl.client.callback.handler.class = null
	sasl.jaas.config = null
	sasl.kerberos.kinit.cmd = /usr/bin/kinit
	sasl.kerberos.min.time.before.relogin = 60000
	sasl.kerberos.service.name = null
	sasl.kerberos.ticket.renew.jitter = 0.05
	sasl.kerberos.ticket.renew.window.factor = 0.8
	sasl.login.callback.handler.class = null
	sasl.login.class = null
	sasl.login.connect.timeout.ms = null
	sasl.login.read.timeout.ms = null
	sasl.login.refresh.buffer.seconds = 300
	sasl.login.refresh.min.period.seconds = 60
	sasl.login.refresh.window.factor = 0.8
	sasl.login.refresh.window.jitter = 0.05
	sasl.login.retry.backoff.max.ms = 10000
	sasl.login.retry.backoff.ms = 100
	sasl.mechanism = GSSAPI
	sasl.oauthbearer.clock.skew.seconds = 30
	sasl.oauthbearer.expected.audience = null
	sasl.oauthbearer.expected.issuer = null
	sasl.oauthbearer.header.urlencode = false
	sasl.oauthbearer.jwks.endpoint.refresh.ms = 3600000
	sasl.oauthbearer.jwks.endpoint.retry.backoff.max.ms = 10000
	sasl.oauthbearer.jwks.endpoint.retry.backoff.ms = 100
	sasl.oauthbearer.jwks.endpoint.url = null
	sasl.oauthbearer.scope.claim.name = scope
	sasl.oauthbearer.sub.claim.name = sub
	sasl.oauthbearer.token.endpoint.url = null
	security.protocol = PLAINTEXT
	security.providers = null
	send.buffer.bytes = 131072
	session.timeout.ms = 45000
	socket.connection.setup.timeout.max.ms = 30000
	socket.connection.setup.timeout.ms = 10000
	ssl.cipher.suites = null
	ssl.enabled.protocols = [TLSv1.2, TLSv1.3]
	ssl.endpoint.identification.algorithm = https
	ssl.engine.factory.class = null
	ssl.key.password = null
	ssl.keymanager.algorithm = SunX509
	ssl.keystore.certificate.chain = null
	ssl.keystore.key = null
	ssl.keystore.location = null
	ssl.keystore.password = null
	ssl.keystore.type = JKS
	ssl.protocol = TLSv1.3
	ssl.provider = null
	ssl.secure.random.implementation = null
	ssl.trustmanager.algorithm = PKIX
	ssl.truststore.certificates = null
	ssl.truststore.location = null
	ssl.truststore.password = null
	ssl.truststore.type = JKS
	value.deserializer = class io.apicurio.registry.serde.avro.AvroKafkaDeserializer

2025-08-13 16:47:32,130 INFO  [org.apa.kaf.com.tel.int.KafkaMetricsCollector] (main) initializing Kafka metrics collector
2025-08-13 16:47:32,137 INFO  [org.apa.kaf.cli.con.ConsumerConfig] (main) These configurations '[apicurio.registry.url]' were supplied but are not used yet.
2025-08-13 16:47:32,137 INFO  [org.apa.kaf.com.uti.AppInfoParser] (main) Kafka version: 3.9.1
2025-08-13 16:47:32,137 INFO  [org.apa.kaf.com.uti.AppInfoParser] (main) Kafka commitId: f745dfdcee2b9851
2025-08-13 16:47:32,137 INFO  [org.apa.kaf.com.uti.AppInfoParser] (main) Kafka startTimeMs: 1755103652137
2025-08-13 16:47:32,138 INFO  [org.apa.kaf.cli.con.int.ClassicKafkaConsumer] (Thread-682) [Consumer clientId=consumer-Consumer-topic-60ebc890_7af9_4c79_870a_840f844b65f3-11, groupId=Consumer-topic-60ebc890_7af9_4c79_870a_840f844b65f3] Subscribed to topic(s): topic-60ebc890_7af9_4c79_870a_840f844b65f3
2025-08-13 16:47:32,144 INFO  [org.apa.kaf.cli.Metadata] (Thread-682) [Consumer clientId=consumer-Consumer-topic-60ebc890_7af9_4c79_870a_840f844b65f3-11, groupId=Consumer-topic-60ebc890_7af9_4c79_870a_840f844b65f3] Cluster ID: 2Q56eJUuTz2w_13NlVd4Hw
2025-08-13 16:47:32,145 INFO  [org.apa.kaf.cli.con.int.ConsumerCoordinator] (Thread-682) [Consumer clientId=consumer-Consumer-topic-60ebc890_7af9_4c79_870a_840f844b65f3-11, groupId=Consumer-topic-60ebc890_7af9_4c79_870a_840f844b65f3] Discovered group coordinator localhost:32769 (id: 2147483647 rack: null)
2025-08-13 16:47:32,147 INFO  [org.apa.kaf.cli.con.int.ConsumerCoordinator] (Thread-682) [Consumer clientId=consumer-Consumer-topic-60ebc890_7af9_4c79_870a_840f844b65f3-11, groupId=Consumer-topic-60ebc890_7af9_4c79_870a_840f844b65f3] (Re-)joining group
2025-08-13 16:47:32,149 INFO  [org.apa.kaf.cli.con.int.ConsumerCoordinator] (Thread-682) [Consumer clientId=consumer-Consumer-topic-60ebc890_7af9_4c79_870a_840f844b65f3-11, groupId=Consumer-topic-60ebc890_7af9_4c79_870a_840f844b65f3] Request joining group due to: need to re-join with the given member-id: consumer-Consumer-topic-60ebc890_7af9_4c79_870a_840f844b65f3-11-5f19ba23-de3f-469d-a46a-929d365eefad
2025-08-13 16:47:32,149 INFO  [org.apa.kaf.cli.con.int.ConsumerCoordinator] (Thread-682) [Consumer clientId=consumer-Consumer-topic-60ebc890_7af9_4c79_870a_840f844b65f3-11, groupId=Consumer-topic-60ebc890_7af9_4c79_870a_840f844b65f3] (Re-)joining group
2025-08-13 16:47:33,138 INFO  [io.api.tes.ser.api.KafkaSerdesTester] (Thread-682) None found
2025-08-13 16:47:34,138 INFO  [io.api.tes.ser.api.KafkaSerdesTester] (Thread-682) None found
2025-08-13 16:47:35,138 INFO  [io.api.tes.ser.api.KafkaSerdesTester] (Thread-682) None found
2025-08-13 16:47:35,150 INFO  [org.apa.kaf.cli.con.int.ConsumerCoordinator] (Thread-682) [Consumer clientId=consumer-Consumer-topic-60ebc890_7af9_4c79_870a_840f844b65f3-11, groupId=Consumer-topic-60ebc890_7af9_4c79_870a_840f844b65f3] Successfully joined group with generation Generation{generationId=3, memberId='consumer-Consumer-topic-60ebc890_7af9_4c79_870a_840f844b65f3-11-5f19ba23-de3f-469d-a46a-929d365eefad', protocol='range'}
2025-08-13 16:47:35,151 INFO  [org.apa.kaf.cli.con.int.ConsumerCoordinator] (Thread-682) [Consumer clientId=consumer-Consumer-topic-60ebc890_7af9_4c79_870a_840f844b65f3-11, groupId=Consumer-topic-60ebc890_7af9_4c79_870a_840f844b65f3] Finished assignment for group at generation 3: {consumer-Consumer-topic-60ebc890_7af9_4c79_870a_840f844b65f3-11-5f19ba23-de3f-469d-a46a-929d365eefad=Assignment(partitions=[topic-60ebc890_7af9_4c79_870a_840f844b65f3-0])}
2025-08-13 16:47:35,157 INFO  [org.apa.kaf.cli.con.int.ConsumerCoordinator] (Thread-682) [Consumer clientId=consumer-Consumer-topic-60ebc890_7af9_4c79_870a_840f844b65f3-11, groupId=Consumer-topic-60ebc890_7af9_4c79_870a_840f844b65f3] Successfully synced group in generation Generation{generationId=3, memberId='consumer-Consumer-topic-60ebc890_7af9_4c79_870a_840f844b65f3-11-5f19ba23-de3f-469d-a46a-929d365eefad', protocol='range'}
2025-08-13 16:47:35,157 INFO  [org.apa.kaf.cli.con.int.ConsumerCoordinator] (Thread-682) [Consumer clientId=consumer-Consumer-topic-60ebc890_7af9_4c79_870a_840f844b65f3-11, groupId=Consumer-topic-60ebc890_7af9_4c79_870a_840f844b65f3] Notifying assignor about the new Assignment(partitions=[topic-60ebc890_7af9_4c79_870a_840f844b65f3-0])
2025-08-13 16:47:35,157 INFO  [org.apa.kaf.cli.con.int.ConsumerRebalanceListenerInvoker] (Thread-682) [Consumer clientId=consumer-Consumer-topic-60ebc890_7af9_4c79_870a_840f844b65f3-11, groupId=Consumer-topic-60ebc890_7af9_4c79_870a_840f844b65f3] Adding newly assigned partitions: topic-60ebc890_7af9_4c79_870a_840f844b65f3-0
2025-08-13 16:47:35,159 INFO  [org.apa.kaf.cli.con.int.ConsumerUtils] (Thread-682) Setting offset for partition topic-60ebc890_7af9_4c79_870a_840f844b65f3-0 to the committed offset FetchPosition{offset=10, offsetEpoch=Optional[0], currentLeader=LeaderAndEpoch{leader=Optional[localhost:32769 (id: 0 rack: null)], epoch=0}}
2025-08-13 16:47:35,548 INFO  [io.api.tes.ser.api.KafkaSerdesTester] (Thread-682) topic-60ebc890_7af9_4c79_870a_840f844b65f3 0 10 {"key11755103645363": "value-0", "key21755103650543": "value-0"}
2025-08-13 16:47:35,548 INFO  [io.api.tes.ser.api.KafkaSerdesTester] (Thread-682) topic-60ebc890_7af9_4c79_870a_840f844b65f3 0 11 {"key11755103645363": "value-1", "key21755103650543": "value-1"}
2025-08-13 16:47:35,548 INFO  [io.api.tes.ser.api.KafkaSerdesTester] (Thread-682) topic-60ebc890_7af9_4c79_870a_840f844b65f3 0 12 {"key11755103645363": "value-2", "key21755103650543": "value-2"}
2025-08-13 16:47:35,548 INFO  [io.api.tes.ser.api.KafkaSerdesTester] (Thread-682) topic-60ebc890_7af9_4c79_870a_840f844b65f3 0 13 {"key11755103645363": "value-3", "key21755103650543": "value-3"}
2025-08-13 16:47:35,548 INFO  [io.api.tes.ser.api.KafkaSerdesTester] (Thread-682) topic-60ebc890_7af9_4c79_870a_840f844b65f3 0 14 {"key11755103645363": "value-4", "key21755103650543": "value-4"}
2025-08-13 16:47:35,548 INFO  [io.api.tes.ser.api.KafkaSerdesTester] (Thread-682) topic-60ebc890_7af9_4c79_870a_840f844b65f3 0 15 {"key11755103645363": "value-5", "key21755103650543": "value-5"}
2025-08-13 16:47:35,548 INFO  [io.api.tes.ser.api.KafkaSerdesTester] (Thread-682) topic-60ebc890_7af9_4c79_870a_840f844b65f3 0 16 {"key11755103645363": "value-6", "key21755103650543": "value-6"}
2025-08-13 16:47:35,548 INFO  [io.api.tes.ser.api.KafkaSerdesTester] (Thread-682) topic-60ebc890_7af9_4c79_870a_840f844b65f3 0 17 {"key11755103645363": "value-7", "key21755103650543": "value-7"}
2025-08-13 16:47:35,548 INFO  [io.api.tes.ser.api.KafkaSerdesTester] (Thread-682) topic-60ebc890_7af9_4c79_870a_840f844b65f3 0 18 {"key11755103645363": "value-8", "key21755103650543": "value-8"}
2025-08-13 16:47:35,548 INFO  [io.api.tes.ser.api.KafkaSerdesTester] (Thread-682) topic-60ebc890_7af9_4c79_870a_840f844b65f3 0 19 {"key11755103645363": "value-9", "key21755103650543": "value-9"}
2025-08-13 16:47:35,548 INFO  [io.api.tes.ser.api.KafkaSerdesTester] (Thread-682) topic-60ebc890_7af9_4c79_870a_840f844b65f3 0 20 {"key11755103645363": "value-0"}
2025-08-13 16:47:35,549 INFO  [io.api.tes.ser.api.KafkaSerdesTester] (Thread-682) topic-60ebc890_7af9_4c79_870a_840f844b65f3 0 21 {"key11755103645363": "value-1"}
2025-08-13 16:47:35,549 INFO  [io.api.tes.ser.api.KafkaSerdesTester] (Thread-682) topic-60ebc890_7af9_4c79_870a_840f844b65f3 0 22 {"key11755103645363": "value-2"}
2025-08-13 16:47:35,549 INFO  [io.api.tes.ser.api.KafkaSerdesTester] (Thread-682) topic-60ebc890_7af9_4c79_870a_840f844b65f3 0 23 {"key11755103645363": "value-3"}
2025-08-13 16:47:35,549 INFO  [io.api.tes.ser.api.KafkaSerdesTester] (Thread-682) topic-60ebc890_7af9_4c79_870a_840f844b65f3 0 24 {"key11755103645363": "value-4"}
2025-08-13 16:47:35,549 INFO  [io.api.tes.ser.api.KafkaSerdesTester] (Thread-682) topic-60ebc890_7af9_4c79_870a_840f844b65f3 0 25 {"key11755103645363": "value-5"}
2025-08-13 16:47:35,549 INFO  [io.api.tes.ser.api.KafkaSerdesTester] (Thread-682) topic-60ebc890_7af9_4c79_870a_840f844b65f3 0 26 {"key11755103645363": "value-6"}
2025-08-13 16:47:35,549 INFO  [io.api.tes.ser.api.KafkaSerdesTester] (Thread-682) topic-60ebc890_7af9_4c79_870a_840f844b65f3 0 27 {"key11755103645363": "value-7"}
2025-08-13 16:47:35,549 INFO  [io.api.tes.ser.api.KafkaSerdesTester] (Thread-682) topic-60ebc890_7af9_4c79_870a_840f844b65f3 0 28 {"key11755103645363": "value-8"}
2025-08-13 16:47:35,549 INFO  [io.api.tes.ser.api.KafkaSerdesTester] (Thread-682) topic-60ebc890_7af9_4c79_870a_840f844b65f3 0 29 {"key11755103645363": "value-9"}
2025-08-13 16:47:35,549 INFO  [io.api.tes.ser.api.KafkaSerdesTester] (Thread-682) Consumed 20 messages
2025-08-13 16:47:35,557 INFO  [org.apa.kaf.cli.con.int.ConsumerRebalanceListenerInvoker] (Thread-682) [Consumer clientId=consumer-Consumer-topic-60ebc890_7af9_4c79_870a_840f844b65f3-11, groupId=Consumer-topic-60ebc890_7af9_4c79_870a_840f844b65f3] Revoke previously assigned partitions topic-60ebc890_7af9_4c79_870a_840f844b65f3-0
2025-08-13 16:47:35,557 INFO  [org.apa.kaf.cli.con.int.ConsumerCoordinator] (Thread-682) [Consumer clientId=consumer-Consumer-topic-60ebc890_7af9_4c79_870a_840f844b65f3-11, groupId=Consumer-topic-60ebc890_7af9_4c79_870a_840f844b65f3] Member consumer-Consumer-topic-60ebc890_7af9_4c79_870a_840f844b65f3-11-5f19ba23-de3f-469d-a46a-929d365eefad sending LeaveGroup request to coordinator localhost:32769 (id: 2147483647 rack: null) due to the consumer is being closed
2025-08-13 16:47:35,560 INFO  [org.apa.kaf.cli.con.int.ConsumerCoordinator] (Thread-682) [Consumer clientId=consumer-Consumer-topic-60ebc890_7af9_4c79_870a_840f844b65f3-11, groupId=Consumer-topic-60ebc890_7af9_4c79_870a_840f844b65f3] Resetting generation and member id due to: consumer pro-actively leaving the group
2025-08-13 16:47:35,560 INFO  [org.apa.kaf.cli.con.int.ConsumerCoordinator] (Thread-682) [Consumer clientId=consumer-Consumer-topic-60ebc890_7af9_4c79_870a_840f844b65f3-11, groupId=Consumer-topic-60ebc890_7af9_4c79_870a_840f844b65f3] Request joining group due to: consumer pro-actively leaving the group
2025-08-13 16:47:36,051 INFO  [org.apa.kaf.com.met.Metrics] (Thread-682) Metrics scheduler closed
2025-08-13 16:47:36,051 INFO  [org.apa.kaf.com.met.Metrics] (Thread-682) Closing reporter org.apache.kafka.common.metrics.JmxReporter
2025-08-13 16:47:36,051 INFO  [org.apa.kaf.com.met.Metrics] (Thread-682) Closing reporter org.apache.kafka.common.telemetry.internals.ClientTelemetryReporter
2025-08-13 16:47:36,051 INFO  [org.apa.kaf.com.met.Metrics] (Thread-682) Metrics reporters closed
2025-08-13 16:47:36,055 INFO  [org.apa.kaf.com.uti.AppInfoParser] (Thread-682) App info kafka.consumer for consumer-Consumer-topic-60ebc890_7af9_4c79_870a_840f844b65f3-11 unregistered
2025-08-13 16:47:36,057 INFO  [io.api.tes.ser.api.AvroSerdeIT] (main) Registering Avro Schema 3: {"type":"record","name":"sd8e6d338x62e2x4020xbfaax7bd48479d60d","namespace":"ns_a0487dd8_09d8_4c11_a2bb_caae64f172df","fields":[{"name":"key11755103645363","type":"string"},{"name":"key21755103650543","type":"string"},{"name":"key31755103656056","type":"string"}]}
**** Registry Base URL: http://registry-app-ksql043.apps.ci419.apicurio-testing.org:80
2025-08-13 16:47:37,327 INFO  [org.apa.kaf.cli.pro.ProducerConfig] (main) ProducerConfig values: 
	acks = -1
	auto.include.jmx.reporter = true
	batch.size = 16384
	bootstrap.servers = [PLAINTEXT://localhost:32769]
	buffer.memory = 33554432
	client.dns.lookup = use_all_dns_ips
	client.id = Producer-topic-60ebc890_7af9_4c79_870a_840f844b65f3
	compression.gzip.level = -1
	compression.lz4.level = 9
	compression.type = none
	compression.zstd.level = 3
	connections.max.idle.ms = 10000
	delivery.timeout.ms = 120000
	enable.idempotence = true
	enable.metrics.push = true
	interceptor.classes = []
	key.serializer = class org.apache.kafka.common.serialization.StringSerializer
	linger.ms = 0
	max.block.ms = 60000
	max.in.flight.requests.per.connection = 5
	max.request.size = 1048576
	metadata.max.age.ms = 300000
	metadata.max.idle.ms = 300000
	metadata.recovery.strategy = none
	metric.reporters = []
	metrics.num.samples = 2
	metrics.recording.level = INFO
	metrics.sample.window.ms = 30000
	partitioner.adaptive.partitioning.enable = true
	partitioner.availability.timeout.ms = 0
	partitioner.class = null
	partitioner.ignore.keys = false
	receive.buffer.bytes = 32768
	reconnect.backoff.max.ms = 1000
	reconnect.backoff.ms = 50
	request.timeout.ms = 5000
	retries = 2147483647
	retry.backoff.max.ms = 1000
	retry.backoff.ms = 100
	sasl.client.callback.handler.class = null
	sasl.jaas.config = null
	sasl.kerberos.kinit.cmd = /usr/bin/kinit
	sasl.kerberos.min.time.before.relogin = 60000
	sasl.kerberos.service.name = null
	sasl.kerberos.ticket.renew.jitter = 0.05
	sasl.kerberos.ticket.renew.window.factor = 0.8
	sasl.login.callback.handler.class = null
	sasl.login.class = null
	sasl.login.connect.timeout.ms = null
	sasl.login.read.timeout.ms = null
	sasl.login.refresh.buffer.seconds = 300
	sasl.login.refresh.min.period.seconds = 60
	sasl.login.refresh.window.factor = 0.8
	sasl.login.refresh.window.jitter = 0.05
	sasl.login.retry.backoff.max.ms = 10000
	sasl.login.retry.backoff.ms = 100
	sasl.mechanism = GSSAPI
	sasl.oauthbearer.clock.skew.seconds = 30
	sasl.oauthbearer.expected.audience = null
	sasl.oauthbearer.expected.issuer = null
	sasl.oauthbearer.header.urlencode = false
	sasl.oauthbearer.jwks.endpoint.refresh.ms = 3600000
	sasl.oauthbearer.jwks.endpoint.retry.backoff.max.ms = 10000
	sasl.oauthbearer.jwks.endpoint.retry.backoff.ms = 100
	sasl.oauthbearer.jwks.endpoint.url = null
	sasl.oauthbearer.scope.claim.name = scope
	sasl.oauthbearer.sub.claim.name = sub
	sasl.oauthbearer.token.endpoint.url = null
	security.protocol = PLAINTEXT
	security.providers = null
	send.buffer.bytes = 131072
	socket.connection.setup.timeout.max.ms = 30000
	socket.connection.setup.timeout.ms = 10000
	ssl.cipher.suites = null
	ssl.enabled.protocols = [TLSv1.2, TLSv1.3]
	ssl.endpoint.identification.algorithm = https
	ssl.engine.factory.class = null
	ssl.key.password = null
	ssl.keymanager.algorithm = SunX509
	ssl.keystore.certificate.chain = null
	ssl.keystore.key = null
	ssl.keystore.location = null
	ssl.keystore.password = null
	ssl.keystore.type = JKS
	ssl.protocol = TLSv1.3
	ssl.provider = null
	ssl.secure.random.implementation = null
	ssl.trustmanager.algorithm = PKIX
	ssl.truststore.certificates = null
	ssl.truststore.location = null
	ssl.truststore.password = null
	ssl.truststore.type = JKS
	transaction.timeout.ms = 60000
	transactional.id = null
	value.serializer = class io.apicurio.registry.serde.avro.AvroKafkaSerializer

2025-08-13 16:47:37,327 INFO  [org.apa.kaf.com.tel.int.KafkaMetricsCollector] (main) initializing Kafka metrics collector
2025-08-13 16:47:37,331 INFO  [org.apa.kaf.cli.pro.KafkaProducer] (main) [Producer clientId=Producer-topic-60ebc890_7af9_4c79_870a_840f844b65f3] Instantiated an idempotent producer.
2025-08-13 16:47:37,335 INFO  [org.apa.kaf.cli.pro.ProducerConfig] (main) These configurations '[apicurio.registry.url, apicurio.registry.artifact-resolver-strategy]' were supplied but are not used yet.
2025-08-13 16:47:37,335 INFO  [org.apa.kaf.com.uti.AppInfoParser] (main) Kafka version: 3.9.1
2025-08-13 16:47:37,335 INFO  [org.apa.kaf.com.uti.AppInfoParser] (main) Kafka commitId: f745dfdcee2b9851
2025-08-13 16:47:37,335 INFO  [org.apa.kaf.com.uti.AppInfoParser] (main) Kafka startTimeMs: 1755103657335
2025-08-13 16:47:37,336 INFO  [io.api.tes.ser.api.KafkaSerdesTester] (Thread-685) Sending message {"key11755103645363": "value-0", "key21755103650543": "value-0", "key31755103656056": "value-0"} to topic topic-60ebc890_7af9_4c79_870a_840f844b65f3
2025-08-13 16:47:37,339 INFO  [org.apa.kaf.cli.Metadata] (kafka-producer-network-thread | Producer-topic-60ebc890_7af9_4c79_870a_840f844b65f3) [Producer clientId=Producer-topic-60ebc890_7af9_4c79_870a_840f844b65f3] Cluster ID: 2Q56eJUuTz2w_13NlVd4Hw
2025-08-13 16:47:37,339 INFO  [org.apa.kaf.cli.pro.int.TransactionManager] (kafka-producer-network-thread | Producer-topic-60ebc890_7af9_4c79_870a_840f844b65f3) [Producer clientId=Producer-topic-60ebc890_7af9_4c79_870a_840f844b65f3] ProducerId set to 15 with epoch 0
2025-08-13 16:47:37,339 INFO  [DefaultSchemaResolver] (Thread-685) Retrieving schema content using string: {"type":"record","name":"sd8e6d338x62e2x4020xbfaax7bd48479d60d","namespace":"ns_a0487dd8_09d8_4c11_a2bb_caae64f172df","fields":[{"name":"key11755103645363","type":"string"},{"name":"key21755103650543","type":"string"},{"name":"key31755103656056","type":"string"}]}
2025-08-13 16:47:37,503 INFO  [io.api.tes.ser.api.KafkaSerdesTester] (Thread-685) Sending message {"key11755103645363": "value-1", "key21755103650543": "value-1", "key31755103656056": "value-1"} to topic topic-60ebc890_7af9_4c79_870a_840f844b65f3
2025-08-13 16:47:37,506 INFO  [io.api.tes.ser.api.KafkaSerdesTester] (Thread-685) Sending message {"key11755103645363": "value-2", "key21755103650543": "value-2", "key31755103656056": "value-2"} to topic topic-60ebc890_7af9_4c79_870a_840f844b65f3
2025-08-13 16:47:37,507 INFO  [io.api.tes.ser.api.KafkaSerdesTester] (Thread-685) Sending message {"key11755103645363": "value-3", "key21755103650543": "value-3", "key31755103656056": "value-3"} to topic topic-60ebc890_7af9_4c79_870a_840f844b65f3
2025-08-13 16:47:37,509 INFO  [io.api.tes.ser.api.KafkaSerdesTester] (Thread-685) Sending message {"key11755103645363": "value-4", "key21755103650543": "value-4", "key31755103656056": "value-4"} to topic topic-60ebc890_7af9_4c79_870a_840f844b65f3
2025-08-13 16:47:37,512 INFO  [io.api.tes.ser.api.KafkaSerdesTester] (Thread-685) Sending message {"key11755103645363": "value-5", "key21755103650543": "value-5", "key31755103656056": "value-5"} to topic topic-60ebc890_7af9_4c79_870a_840f844b65f3
2025-08-13 16:47:37,514 INFO  [io.api.tes.ser.api.KafkaSerdesTester] (Thread-685) Sending message {"key11755103645363": "value-6", "key21755103650543": "value-6", "key31755103656056": "value-6"} to topic topic-60ebc890_7af9_4c79_870a_840f844b65f3
2025-08-13 16:47:37,515 INFO  [io.api.tes.ser.api.KafkaSerdesTester] (Thread-685) Sending message {"key11755103645363": "value-7", "key21755103650543": "value-7", "key31755103656056": "value-7"} to topic topic-60ebc890_7af9_4c79_870a_840f844b65f3
2025-08-13 16:47:37,517 INFO  [io.api.tes.ser.api.KafkaSerdesTester] (Thread-685) Sending message {"key11755103645363": "value-8", "key21755103650543": "value-8", "key31755103656056": "value-8"} to topic topic-60ebc890_7af9_4c79_870a_840f844b65f3
2025-08-13 16:47:37,519 INFO  [io.api.tes.ser.api.KafkaSerdesTester] (Thread-685) Sending message {"key11755103645363": "value-9", "key21755103650543": "value-9", "key31755103656056": "value-9"} to topic topic-60ebc890_7af9_4c79_870a_840f844b65f3
2025-08-13 16:47:37,520 INFO  [io.api.tes.ser.api.KafkaSerdesTester] (Thread-685) Produced 10 messages
2025-08-13 16:47:37,520 INFO  [org.apa.kaf.cli.pro.KafkaProducer] (Thread-685) [Producer clientId=Producer-topic-60ebc890_7af9_4c79_870a_840f844b65f3] Closing the Kafka producer with timeoutMillis = 9223372036854775807 ms.
2025-08-13 16:47:37,523 INFO  [org.apa.kaf.com.met.Metrics] (Thread-685) Metrics scheduler closed
2025-08-13 16:47:37,523 INFO  [org.apa.kaf.com.met.Metrics] (Thread-685) Closing reporter org.apache.kafka.common.metrics.JmxReporter
2025-08-13 16:47:37,523 INFO  [org.apa.kaf.com.met.Metrics] (Thread-685) Closing reporter org.apache.kafka.common.telemetry.internals.ClientTelemetryReporter
2025-08-13 16:47:37,523 INFO  [org.apa.kaf.com.met.Metrics] (Thread-685) Metrics reporters closed
2025-08-13 16:47:37,523 INFO  [org.apa.kaf.com.uti.AppInfoParser] (Thread-685) App info kafka.producer for Producer-topic-60ebc890_7af9_4c79_870a_840f844b65f3 unregistered
**** Registry Base URL: http://registry-app-ksql043.apps.ci419.apicurio-testing.org:80
2025-08-13 16:47:37,524 INFO  [org.apa.kaf.cli.pro.ProducerConfig] (main) ProducerConfig values: 
	acks = -1
	auto.include.jmx.reporter = true
	batch.size = 16384
	bootstrap.servers = [PLAINTEXT://localhost:32769]
	buffer.memory = 33554432
	client.dns.lookup = use_all_dns_ips
	client.id = Producer-topic-60ebc890_7af9_4c79_870a_840f844b65f3
	compression.gzip.level = -1
	compression.lz4.level = 9
	compression.type = none
	compression.zstd.level = 3
	connections.max.idle.ms = 10000
	delivery.timeout.ms = 120000
	enable.idempotence = true
	enable.metrics.push = true
	interceptor.classes = []
	key.serializer = class org.apache.kafka.common.serialization.StringSerializer
	linger.ms = 0
	max.block.ms = 60000
	max.in.flight.requests.per.connection = 5
	max.request.size = 1048576
	metadata.max.age.ms = 300000
	metadata.max.idle.ms = 300000
	metadata.recovery.strategy = none
	metric.reporters = []
	metrics.num.samples = 2
	metrics.recording.level = INFO
	metrics.sample.window.ms = 30000
	partitioner.adaptive.partitioning.enable = true
	partitioner.availability.timeout.ms = 0
	partitioner.class = null
	partitioner.ignore.keys = false
	receive.buffer.bytes = 32768
	reconnect.backoff.max.ms = 1000
	reconnect.backoff.ms = 50
	request.timeout.ms = 5000
	retries = 2147483647
	retry.backoff.max.ms = 1000
	retry.backoff.ms = 100
	sasl.client.callback.handler.class = null
	sasl.jaas.config = null
	sasl.kerberos.kinit.cmd = /usr/bin/kinit
	sasl.kerberos.min.time.before.relogin = 60000
	sasl.kerberos.service.name = null
	sasl.kerberos.ticket.renew.jitter = 0.05
	sasl.kerberos.ticket.renew.window.factor = 0.8
	sasl.login.callback.handler.class = null
	sasl.login.class = null
	sasl.login.connect.timeout.ms = null
	sasl.login.read.timeout.ms = null
	sasl.login.refresh.buffer.seconds = 300
	sasl.login.refresh.min.period.seconds = 60
	sasl.login.refresh.window.factor = 0.8
	sasl.login.refresh.window.jitter = 0.05
	sasl.login.retry.backoff.max.ms = 10000
	sasl.login.retry.backoff.ms = 100
	sasl.mechanism = GSSAPI
	sasl.oauthbearer.clock.skew.seconds = 30
	sasl.oauthbearer.expected.audience = null
	sasl.oauthbearer.expected.issuer = null
	sasl.oauthbearer.header.urlencode = false
	sasl.oauthbearer.jwks.endpoint.refresh.ms = 3600000
	sasl.oauthbearer.jwks.endpoint.retry.backoff.max.ms = 10000
	sasl.oauthbearer.jwks.endpoint.retry.backoff.ms = 100
	sasl.oauthbearer.jwks.endpoint.url = null
	sasl.oauthbearer.scope.claim.name = scope
	sasl.oauthbearer.sub.claim.name = sub
	sasl.oauthbearer.token.endpoint.url = null
	security.protocol = PLAINTEXT
	security.providers = null
	send.buffer.bytes = 131072
	socket.connection.setup.timeout.max.ms = 30000
	socket.connection.setup.timeout.ms = 10000
	ssl.cipher.suites = null
	ssl.enabled.protocols = [TLSv1.2, TLSv1.3]
	ssl.endpoint.identification.algorithm = https
	ssl.engine.factory.class = null
	ssl.key.password = null
	ssl.keymanager.algorithm = SunX509
	ssl.keystore.certificate.chain = null
	ssl.keystore.key = null
	ssl.keystore.location = null
	ssl.keystore.password = null
	ssl.keystore.type = JKS
	ssl.protocol = TLSv1.3
	ssl.provider = null
	ssl.secure.random.implementation = null
	ssl.trustmanager.algorithm = PKIX
	ssl.truststore.certificates = null
	ssl.truststore.location = null
	ssl.truststore.password = null
	ssl.truststore.type = JKS
	transaction.timeout.ms = 60000
	transactional.id = null
	value.serializer = class io.apicurio.registry.serde.avro.AvroKafkaSerializer

2025-08-13 16:47:37,524 INFO  [org.apa.kaf.com.tel.int.KafkaMetricsCollector] (main) initializing Kafka metrics collector
2025-08-13 16:47:37,530 INFO  [org.apa.kaf.cli.pro.KafkaProducer] (main) [Producer clientId=Producer-topic-60ebc890_7af9_4c79_870a_840f844b65f3] Instantiated an idempotent producer.
2025-08-13 16:47:37,532 INFO  [org.apa.kaf.cli.pro.ProducerConfig] (main) These configurations '[apicurio.registry.url, apicurio.registry.artifact-resolver-strategy]' were supplied but are not used yet.
2025-08-13 16:47:37,532 INFO  [org.apa.kaf.com.uti.AppInfoParser] (main) Kafka version: 3.9.1
2025-08-13 16:47:37,532 INFO  [org.apa.kaf.com.uti.AppInfoParser] (main) Kafka commitId: f745dfdcee2b9851
2025-08-13 16:47:37,532 INFO  [org.apa.kaf.com.uti.AppInfoParser] (main) Kafka startTimeMs: 1755103657532
2025-08-13 16:47:37,534 INFO  [io.api.tes.ser.api.KafkaSerdesTester] (Thread-688) Sending message {"key11755103645363": "value-0", "key21755103650543": "value-0"} to topic topic-60ebc890_7af9_4c79_870a_840f844b65f3
2025-08-13 16:47:37,538 INFO  [org.apa.kaf.cli.Metadata] (kafka-producer-network-thread | Producer-topic-60ebc890_7af9_4c79_870a_840f844b65f3) [Producer clientId=Producer-topic-60ebc890_7af9_4c79_870a_840f844b65f3] Cluster ID: 2Q56eJUuTz2w_13NlVd4Hw
2025-08-13 16:47:37,538 INFO  [org.apa.kaf.cli.pro.int.TransactionManager] (kafka-producer-network-thread | Producer-topic-60ebc890_7af9_4c79_870a_840f844b65f3) [Producer clientId=Producer-topic-60ebc890_7af9_4c79_870a_840f844b65f3] ProducerId set to 16 with epoch 0
2025-08-13 16:47:37,538 INFO  [DefaultSchemaResolver] (Thread-688) Retrieving schema content using string: {"type":"record","name":"sd8e6d338x62e2x4020xbfaax7bd48479d60d","namespace":"ns_a0487dd8_09d8_4c11_a2bb_caae64f172df","fields":[{"name":"key11755103645363","type":"string"},{"name":"key21755103650543","type":"string"}]}
2025-08-13 16:47:37,700 INFO  [io.api.tes.ser.api.KafkaSerdesTester] (Thread-688) Sending message {"key11755103645363": "value-1", "key21755103650543": "value-1"} to topic topic-60ebc890_7af9_4c79_870a_840f844b65f3
2025-08-13 16:47:37,702 INFO  [io.api.tes.ser.api.KafkaSerdesTester] (Thread-688) Sending message {"key11755103645363": "value-2", "key21755103650543": "value-2"} to topic topic-60ebc890_7af9_4c79_870a_840f844b65f3
2025-08-13 16:47:37,704 INFO  [io.api.tes.ser.api.KafkaSerdesTester] (Thread-688) Sending message {"key11755103645363": "value-3", "key21755103650543": "value-3"} to topic topic-60ebc890_7af9_4c79_870a_840f844b65f3
2025-08-13 16:47:37,706 INFO  [io.api.tes.ser.api.KafkaSerdesTester] (Thread-688) Sending message {"key11755103645363": "value-4", "key21755103650543": "value-4"} to topic topic-60ebc890_7af9_4c79_870a_840f844b65f3
2025-08-13 16:47:37,708 INFO  [io.api.tes.ser.api.KafkaSerdesTester] (Thread-688) Sending message {"key11755103645363": "value-5", "key21755103650543": "value-5"} to topic topic-60ebc890_7af9_4c79_870a_840f844b65f3
2025-08-13 16:47:37,710 INFO  [io.api.tes.ser.api.KafkaSerdesTester] (Thread-688) Sending message {"key11755103645363": "value-6", "key21755103650543": "value-6"} to topic topic-60ebc890_7af9_4c79_870a_840f844b65f3
2025-08-13 16:47:37,714 INFO  [io.api.tes.ser.api.KafkaSerdesTester] (Thread-688) Sending message {"key11755103645363": "value-7", "key21755103650543": "value-7"} to topic topic-60ebc890_7af9_4c79_870a_840f844b65f3
2025-08-13 16:47:37,716 INFO  [io.api.tes.ser.api.KafkaSerdesTester] (Thread-688) Sending message {"key11755103645363": "value-8", "key21755103650543": "value-8"} to topic topic-60ebc890_7af9_4c79_870a_840f844b65f3
2025-08-13 16:47:37,718 INFO  [io.api.tes.ser.api.KafkaSerdesTester] (Thread-688) Sending message {"key11755103645363": "value-9", "key21755103650543": "value-9"} to topic topic-60ebc890_7af9_4c79_870a_840f844b65f3
2025-08-13 16:47:37,723 INFO  [io.api.tes.ser.api.KafkaSerdesTester] (Thread-688) Produced 10 messages
2025-08-13 16:47:37,723 INFO  [org.apa.kaf.cli.pro.KafkaProducer] (Thread-688) [Producer clientId=Producer-topic-60ebc890_7af9_4c79_870a_840f844b65f3] Closing the Kafka producer with timeoutMillis = 9223372036854775807 ms.
2025-08-13 16:47:37,727 INFO  [org.apa.kaf.com.met.Metrics] (Thread-688) Metrics scheduler closed
2025-08-13 16:47:37,727 INFO  [org.apa.kaf.com.met.Metrics] (Thread-688) Closing reporter org.apache.kafka.common.metrics.JmxReporter
2025-08-13 16:47:37,727 INFO  [org.apa.kaf.com.met.Metrics] (Thread-688) Closing reporter org.apache.kafka.common.telemetry.internals.ClientTelemetryReporter
2025-08-13 16:47:37,727 INFO  [org.apa.kaf.com.met.Metrics] (Thread-688) Metrics reporters closed
2025-08-13 16:47:37,728 INFO  [org.apa.kaf.com.uti.AppInfoParser] (Thread-688) App info kafka.producer for Producer-topic-60ebc890_7af9_4c79_870a_840f844b65f3 unregistered
**** Registry Base URL: http://registry-app-ksql043.apps.ci419.apicurio-testing.org:80
2025-08-13 16:47:37,728 INFO  [org.apa.kaf.cli.pro.ProducerConfig] (main) ProducerConfig values: 
	acks = -1
	auto.include.jmx.reporter = true
	batch.size = 16384
	bootstrap.servers = [PLAINTEXT://localhost:32769]
	buffer.memory = 33554432
	client.dns.lookup = use_all_dns_ips
	client.id = Producer-topic-60ebc890_7af9_4c79_870a_840f844b65f3
	compression.gzip.level = -1
	compression.lz4.level = 9
	compression.type = none
	compression.zstd.level = 3
	connections.max.idle.ms = 10000
	delivery.timeout.ms = 120000
	enable.idempotence = true
	enable.metrics.push = true
	interceptor.classes = []
	key.serializer = class org.apache.kafka.common.serialization.StringSerializer
	linger.ms = 0
	max.block.ms = 60000
	max.in.flight.requests.per.connection = 5
	max.request.size = 1048576
	metadata.max.age.ms = 300000
	metadata.max.idle.ms = 300000
	metadata.recovery.strategy = none
	metric.reporters = []
	metrics.num.samples = 2
	metrics.recording.level = INFO
	metrics.sample.window.ms = 30000
	partitioner.adaptive.partitioning.enable = true
	partitioner.availability.timeout.ms = 0
	partitioner.class = null
	partitioner.ignore.keys = false
	receive.buffer.bytes = 32768
	reconnect.backoff.max.ms = 1000
	reconnect.backoff.ms = 50
	request.timeout.ms = 5000
	retries = 2147483647
	retry.backoff.max.ms = 1000
	retry.backoff.ms = 100
	sasl.client.callback.handler.class = null
	sasl.jaas.config = null
	sasl.kerberos.kinit.cmd = /usr/bin/kinit
	sasl.kerberos.min.time.before.relogin = 60000
	sasl.kerberos.service.name = null
	sasl.kerberos.ticket.renew.jitter = 0.05
	sasl.kerberos.ticket.renew.window.factor = 0.8
	sasl.login.callback.handler.class = null
	sasl.login.class = null
	sasl.login.connect.timeout.ms = null
	sasl.login.read.timeout.ms = null
	sasl.login.refresh.buffer.seconds = 300
	sasl.login.refresh.min.period.seconds = 60
	sasl.login.refresh.window.factor = 0.8
	sasl.login.refresh.window.jitter = 0.05
	sasl.login.retry.backoff.max.ms = 10000
	sasl.login.retry.backoff.ms = 100
	sasl.mechanism = GSSAPI
	sasl.oauthbearer.clock.skew.seconds = 30
	sasl.oauthbearer.expected.audience = null
	sasl.oauthbearer.expected.issuer = null
	sasl.oauthbearer.header.urlencode = false
	sasl.oauthbearer.jwks.endpoint.refresh.ms = 3600000
	sasl.oauthbearer.jwks.endpoint.retry.backoff.max.ms = 10000
	sasl.oauthbearer.jwks.endpoint.retry.backoff.ms = 100
	sasl.oauthbearer.jwks.endpoint.url = null
	sasl.oauthbearer.scope.claim.name = scope
	sasl.oauthbearer.sub.claim.name = sub
	sasl.oauthbearer.token.endpoint.url = null
	security.protocol = PLAINTEXT
	security.providers = null
	send.buffer.bytes = 131072
	socket.connection.setup.timeout.max.ms = 30000
	socket.connection.setup.timeout.ms = 10000
	ssl.cipher.suites = null
	ssl.enabled.protocols = [TLSv1.2, TLSv1.3]
	ssl.endpoint.identification.algorithm = https
	ssl.engine.factory.class = null
	ssl.key.password = null
	ssl.keymanager.algorithm = SunX509
	ssl.keystore.certificate.chain = null
	ssl.keystore.key = null
	ssl.keystore.location = null
	ssl.keystore.password = null
	ssl.keystore.type = JKS
	ssl.protocol = TLSv1.3
	ssl.provider = null
	ssl.secure.random.implementation = null
	ssl.trustmanager.algorithm = PKIX
	ssl.truststore.certificates = null
	ssl.truststore.location = null
	ssl.truststore.password = null
	ssl.truststore.type = JKS
	transaction.timeout.ms = 60000
	transactional.id = null
	value.serializer = class io.apicurio.registry.serde.avro.AvroKafkaSerializer

2025-08-13 16:47:37,728 INFO  [org.apa.kaf.com.tel.int.KafkaMetricsCollector] (main) initializing Kafka metrics collector
2025-08-13 16:47:37,735 INFO  [org.apa.kaf.cli.pro.KafkaProducer] (main) [Producer clientId=Producer-topic-60ebc890_7af9_4c79_870a_840f844b65f3] Instantiated an idempotent producer.
2025-08-13 16:47:37,739 INFO  [org.apa.kaf.cli.pro.ProducerConfig] (main) These configurations '[apicurio.registry.url, apicurio.registry.artifact-resolver-strategy]' were supplied but are not used yet.
2025-08-13 16:47:37,739 INFO  [org.apa.kaf.com.uti.AppInfoParser] (main) Kafka version: 3.9.1
2025-08-13 16:47:37,739 INFO  [org.apa.kaf.com.uti.AppInfoParser] (main) Kafka commitId: f745dfdcee2b9851
2025-08-13 16:47:37,739 INFO  [org.apa.kaf.com.uti.AppInfoParser] (main) Kafka startTimeMs: 1755103657739
2025-08-13 16:47:37,740 INFO  [io.api.tes.ser.api.KafkaSerdesTester] (Thread-691) Sending message {"key11755103645363": "value-0"} to topic topic-60ebc890_7af9_4c79_870a_840f844b65f3
2025-08-13 16:47:37,746 INFO  [org.apa.kaf.cli.Metadata] (kafka-producer-network-thread | Producer-topic-60ebc890_7af9_4c79_870a_840f844b65f3) [Producer clientId=Producer-topic-60ebc890_7af9_4c79_870a_840f844b65f3] Cluster ID: 2Q56eJUuTz2w_13NlVd4Hw
2025-08-13 16:47:37,746 INFO  [DefaultSchemaResolver] (Thread-691) Retrieving schema content using string: {"type":"record","name":"sd8e6d338x62e2x4020xbfaax7bd48479d60d","namespace":"ns_a0487dd8_09d8_4c11_a2bb_caae64f172df","fields":[{"name":"key11755103645363","type":"string"}]}
2025-08-13 16:47:37,747 INFO  [org.apa.kaf.cli.pro.int.TransactionManager] (kafka-producer-network-thread | Producer-topic-60ebc890_7af9_4c79_870a_840f844b65f3) [Producer clientId=Producer-topic-60ebc890_7af9_4c79_870a_840f844b65f3] ProducerId set to 17 with epoch 0
2025-08-13 16:47:37,911 INFO  [io.api.tes.ser.api.KafkaSerdesTester] (Thread-691) Sending message {"key11755103645363": "value-1"} to topic topic-60ebc890_7af9_4c79_870a_840f844b65f3
2025-08-13 16:47:37,914 INFO  [io.api.tes.ser.api.KafkaSerdesTester] (Thread-691) Sending message {"key11755103645363": "value-2"} to topic topic-60ebc890_7af9_4c79_870a_840f844b65f3
2025-08-13 16:47:37,916 INFO  [io.api.tes.ser.api.KafkaSerdesTester] (Thread-691) Sending message {"key11755103645363": "value-3"} to topic topic-60ebc890_7af9_4c79_870a_840f844b65f3
2025-08-13 16:47:37,917 INFO  [io.api.tes.ser.api.KafkaSerdesTester] (Thread-691) Sending message {"key11755103645363": "value-4"} to topic topic-60ebc890_7af9_4c79_870a_840f844b65f3
2025-08-13 16:47:37,918 INFO  [io.api.tes.ser.api.KafkaSerdesTester] (Thread-691) Sending message {"key11755103645363": "value-5"} to topic topic-60ebc890_7af9_4c79_870a_840f844b65f3
2025-08-13 16:47:37,919 INFO  [io.api.tes.ser.api.KafkaSerdesTester] (Thread-691) Sending message {"key11755103645363": "value-6"} to topic topic-60ebc890_7af9_4c79_870a_840f844b65f3
2025-08-13 16:47:37,920 INFO  [io.api.tes.ser.api.KafkaSerdesTester] (Thread-691) Sending message {"key11755103645363": "value-7"} to topic topic-60ebc890_7af9_4c79_870a_840f844b65f3
2025-08-13 16:47:37,922 INFO  [io.api.tes.ser.api.KafkaSerdesTester] (Thread-691) Sending message {"key11755103645363": "value-8"} to topic topic-60ebc890_7af9_4c79_870a_840f844b65f3
2025-08-13 16:47:37,923 INFO  [io.api.tes.ser.api.KafkaSerdesTester] (Thread-691) Sending message {"key11755103645363": "value-9"} to topic topic-60ebc890_7af9_4c79_870a_840f844b65f3
2025-08-13 16:47:37,924 INFO  [io.api.tes.ser.api.KafkaSerdesTester] (Thread-691) Produced 10 messages
2025-08-13 16:47:37,924 INFO  [org.apa.kaf.cli.pro.KafkaProducer] (Thread-691) [Producer clientId=Producer-topic-60ebc890_7af9_4c79_870a_840f844b65f3] Closing the Kafka producer with timeoutMillis = 9223372036854775807 ms.
2025-08-13 16:47:37,926 INFO  [org.apa.kaf.com.met.Metrics] (Thread-691) Metrics scheduler closed
2025-08-13 16:47:37,926 INFO  [org.apa.kaf.com.met.Metrics] (Thread-691) Closing reporter org.apache.kafka.common.metrics.JmxReporter
2025-08-13 16:47:37,926 INFO  [org.apa.kaf.com.met.Metrics] (Thread-691) Closing reporter org.apache.kafka.common.telemetry.internals.ClientTelemetryReporter
2025-08-13 16:47:37,926 INFO  [org.apa.kaf.com.met.Metrics] (Thread-691) Metrics reporters closed
2025-08-13 16:47:37,926 INFO  [org.apa.kaf.com.uti.AppInfoParser] (Thread-691) App info kafka.producer for Producer-topic-60ebc890_7af9_4c79_870a_840f844b65f3 unregistered
**** Registry Base URL: http://registry-app-ksql043.apps.ci419.apicurio-testing.org:80
2025-08-13 16:47:37,927 INFO  [org.apa.kaf.cli.con.ConsumerConfig] (main) ConsumerConfig values: 
	allow.auto.create.topics = true
	auto.commit.interval.ms = 500
	auto.include.jmx.reporter = true
	auto.offset.reset = earliest
	bootstrap.servers = [PLAINTEXT://localhost:32769]
	check.crcs = true
	client.dns.lookup = use_all_dns_ips
	client.id = consumer-Consumer-topic-60ebc890_7af9_4c79_870a_840f844b65f3-12
	client.rack = 
	connections.max.idle.ms = 10000
	default.api.timeout.ms = 60000
	enable.auto.commit = true
	enable.metrics.push = true
	exclude.internal.topics = true
	fetch.max.bytes = 52428800
	fetch.max.wait.ms = 500
	fetch.min.bytes = 1
	group.id = Consumer-topic-60ebc890_7af9_4c79_870a_840f844b65f3
	group.instance.id = null
	group.protocol = classic
	group.remote.assignor = null
	heartbeat.interval.ms = 3000
	interceptor.classes = []
	internal.leave.group.on.close = true
	internal.throw.on.fetch.stable.offset.unsupported = false
	isolation.level = read_uncommitted
	key.deserializer = class org.apache.kafka.common.serialization.StringDeserializer
	max.partition.fetch.bytes = 1048576
	max.poll.interval.ms = 300000
	max.poll.records = 500
	metadata.max.age.ms = 300000
	metadata.recovery.strategy = none
	metric.reporters = []
	metrics.num.samples = 2
	metrics.recording.level = INFO
	metrics.sample.window.ms = 30000
	partition.assignment.strategy = [class org.apache.kafka.clients.consumer.RangeAssignor, class org.apache.kafka.clients.consumer.CooperativeStickyAssignor]
	receive.buffer.bytes = 65536
	reconnect.backoff.max.ms = 1000
	reconnect.backoff.ms = 50
	request.timeout.ms = 5000
	retry.backoff.max.ms = 1000
	retry.backoff.ms = 100
	sasl.client.callback.handler.class = null
	sasl.jaas.config = null
	sasl.kerberos.kinit.cmd = /usr/bin/kinit
	sasl.kerberos.min.time.before.relogin = 60000
	sasl.kerberos.service.name = null
	sasl.kerberos.ticket.renew.jitter = 0.05
	sasl.kerberos.ticket.renew.window.factor = 0.8
	sasl.login.callback.handler.class = null
	sasl.login.class = null
	sasl.login.connect.timeout.ms = null
	sasl.login.read.timeout.ms = null
	sasl.login.refresh.buffer.seconds = 300
	sasl.login.refresh.min.period.seconds = 60
	sasl.login.refresh.window.factor = 0.8
	sasl.login.refresh.window.jitter = 0.05
	sasl.login.retry.backoff.max.ms = 10000
	sasl.login.retry.backoff.ms = 100
	sasl.mechanism = GSSAPI
	sasl.oauthbearer.clock.skew.seconds = 30
	sasl.oauthbearer.expected.audience = null
	sasl.oauthbearer.expected.issuer = null
	sasl.oauthbearer.header.urlencode = false
	sasl.oauthbearer.jwks.endpoint.refresh.ms = 3600000
	sasl.oauthbearer.jwks.endpoint.retry.backoff.max.ms = 10000
	sasl.oauthbearer.jwks.endpoint.retry.backoff.ms = 100
	sasl.oauthbearer.jwks.endpoint.url = null
	sasl.oauthbearer.scope.claim.name = scope
	sasl.oauthbearer.sub.claim.name = sub
	sasl.oauthbearer.token.endpoint.url = null
	security.protocol = PLAINTEXT
	security.providers = null
	send.buffer.bytes = 131072
	session.timeout.ms = 45000
	socket.connection.setup.timeout.max.ms = 30000
	socket.connection.setup.timeout.ms = 10000
	ssl.cipher.suites = null
	ssl.enabled.protocols = [TLSv1.2, TLSv1.3]
	ssl.endpoint.identification.algorithm = https
	ssl.engine.factory.class = null
	ssl.key.password = null
	ssl.keymanager.algorithm = SunX509
	ssl.keystore.certificate.chain = null
	ssl.keystore.key = null
	ssl.keystore.location = null
	ssl.keystore.password = null
	ssl.keystore.type = JKS
	ssl.protocol = TLSv1.3
	ssl.provider = null
	ssl.secure.random.implementation = null
	ssl.trustmanager.algorithm = PKIX
	ssl.truststore.certificates = null
	ssl.truststore.location = null
	ssl.truststore.password = null
	ssl.truststore.type = JKS
	value.deserializer = class io.apicurio.registry.serde.avro.AvroKafkaDeserializer

2025-08-13 16:47:37,928 INFO  [org.apa.kaf.com.tel.int.KafkaMetricsCollector] (main) initializing Kafka metrics collector
2025-08-13 16:47:37,934 INFO  [org.apa.kaf.cli.con.ConsumerConfig] (main) These configurations '[apicurio.registry.url]' were supplied but are not used yet.
2025-08-13 16:47:37,934 INFO  [org.apa.kaf.com.uti.AppInfoParser] (main) Kafka version: 3.9.1
2025-08-13 16:47:37,934 INFO  [org.apa.kaf.com.uti.AppInfoParser] (main) Kafka commitId: f745dfdcee2b9851
2025-08-13 16:47:37,934 INFO  [org.apa.kaf.com.uti.AppInfoParser] (main) Kafka startTimeMs: 1755103657934
2025-08-13 16:47:37,936 INFO  [org.apa.kaf.cli.con.int.ClassicKafkaConsumer] (Thread-694) [Consumer clientId=consumer-Consumer-topic-60ebc890_7af9_4c79_870a_840f844b65f3-12, groupId=Consumer-topic-60ebc890_7af9_4c79_870a_840f844b65f3] Subscribed to topic(s): topic-60ebc890_7af9_4c79_870a_840f844b65f3
2025-08-13 16:47:37,940 INFO  [org.apa.kaf.cli.Metadata] (Thread-694) [Consumer clientId=consumer-Consumer-topic-60ebc890_7af9_4c79_870a_840f844b65f3-12, groupId=Consumer-topic-60ebc890_7af9_4c79_870a_840f844b65f3] Cluster ID: 2Q56eJUuTz2w_13NlVd4Hw
2025-08-13 16:47:37,942 INFO  [org.apa.kaf.cli.con.int.ConsumerCoordinator] (Thread-694) [Consumer clientId=consumer-Consumer-topic-60ebc890_7af9_4c79_870a_840f844b65f3-12, groupId=Consumer-topic-60ebc890_7af9_4c79_870a_840f844b65f3] Discovered group coordinator localhost:32769 (id: 2147483647 rack: null)
2025-08-13 16:47:37,944 INFO  [org.apa.kaf.cli.con.int.ConsumerCoordinator] (Thread-694) [Consumer clientId=consumer-Consumer-topic-60ebc890_7af9_4c79_870a_840f844b65f3-12, groupId=Consumer-topic-60ebc890_7af9_4c79_870a_840f844b65f3] (Re-)joining group
2025-08-13 16:47:37,947 INFO  [org.apa.kaf.cli.con.int.ConsumerCoordinator] (Thread-694) [Consumer clientId=consumer-Consumer-topic-60ebc890_7af9_4c79_870a_840f844b65f3-12, groupId=Consumer-topic-60ebc890_7af9_4c79_870a_840f844b65f3] Request joining group due to: need to re-join with the given member-id: consumer-Consumer-topic-60ebc890_7af9_4c79_870a_840f844b65f3-12-ba0d8592-1c29-4402-9868-744d55dc1d8d
2025-08-13 16:47:37,947 INFO  [org.apa.kaf.cli.con.int.ConsumerCoordinator] (Thread-694) [Consumer clientId=consumer-Consumer-topic-60ebc890_7af9_4c79_870a_840f844b65f3-12, groupId=Consumer-topic-60ebc890_7af9_4c79_870a_840f844b65f3] (Re-)joining group
2025-08-13 16:47:38,936 INFO  [io.api.tes.ser.api.KafkaSerdesTester] (Thread-694) None found
2025-08-13 16:47:39,936 INFO  [io.api.tes.ser.api.KafkaSerdesTester] (Thread-694) None found
2025-08-13 16:47:40,936 INFO  [io.api.tes.ser.api.KafkaSerdesTester] (Thread-694) None found
2025-08-13 16:47:40,949 INFO  [org.apa.kaf.cli.con.int.ConsumerCoordinator] (Thread-694) [Consumer clientId=consumer-Consumer-topic-60ebc890_7af9_4c79_870a_840f844b65f3-12, groupId=Consumer-topic-60ebc890_7af9_4c79_870a_840f844b65f3] Successfully joined group with generation Generation{generationId=5, memberId='consumer-Consumer-topic-60ebc890_7af9_4c79_870a_840f844b65f3-12-ba0d8592-1c29-4402-9868-744d55dc1d8d', protocol='range'}
2025-08-13 16:47:40,949 INFO  [org.apa.kaf.cli.con.int.ConsumerCoordinator] (Thread-694) [Consumer clientId=consumer-Consumer-topic-60ebc890_7af9_4c79_870a_840f844b65f3-12, groupId=Consumer-topic-60ebc890_7af9_4c79_870a_840f844b65f3] Finished assignment for group at generation 5: {consumer-Consumer-topic-60ebc890_7af9_4c79_870a_840f844b65f3-12-ba0d8592-1c29-4402-9868-744d55dc1d8d=Assignment(partitions=[topic-60ebc890_7af9_4c79_870a_840f844b65f3-0])}
2025-08-13 16:47:40,956 INFO  [org.apa.kaf.cli.con.int.ConsumerCoordinator] (Thread-694) [Consumer clientId=consumer-Consumer-topic-60ebc890_7af9_4c79_870a_840f844b65f3-12, groupId=Consumer-topic-60ebc890_7af9_4c79_870a_840f844b65f3] Successfully synced group in generation Generation{generationId=5, memberId='consumer-Consumer-topic-60ebc890_7af9_4c79_870a_840f844b65f3-12-ba0d8592-1c29-4402-9868-744d55dc1d8d', protocol='range'}
2025-08-13 16:47:40,956 INFO  [org.apa.kaf.cli.con.int.ConsumerCoordinator] (Thread-694) [Consumer clientId=consumer-Consumer-topic-60ebc890_7af9_4c79_870a_840f844b65f3-12, groupId=Consumer-topic-60ebc890_7af9_4c79_870a_840f844b65f3] Notifying assignor about the new Assignment(partitions=[topic-60ebc890_7af9_4c79_870a_840f844b65f3-0])
2025-08-13 16:47:40,956 INFO  [org.apa.kaf.cli.con.int.ConsumerRebalanceListenerInvoker] (Thread-694) [Consumer clientId=consumer-Consumer-topic-60ebc890_7af9_4c79_870a_840f844b65f3-12, groupId=Consumer-topic-60ebc890_7af9_4c79_870a_840f844b65f3] Adding newly assigned partitions: topic-60ebc890_7af9_4c79_870a_840f844b65f3-0
2025-08-13 16:47:40,957 INFO  [org.apa.kaf.cli.con.int.ConsumerUtils] (Thread-694) Setting offset for partition topic-60ebc890_7af9_4c79_870a_840f844b65f3-0 to the committed offset FetchPosition{offset=30, offsetEpoch=Optional[0], currentLeader=LeaderAndEpoch{leader=Optional[localhost:32769 (id: 0 rack: null)], epoch=0}}
2025-08-13 16:47:41,515 INFO  [io.api.tes.ser.api.KafkaSerdesTester] (Thread-694) topic-60ebc890_7af9_4c79_870a_840f844b65f3 0 30 {"key11755103645363": "value-0", "key21755103650543": "value-0", "key31755103656056": "value-0"}
2025-08-13 16:47:41,515 INFO  [io.api.tes.ser.api.KafkaSerdesTester] (Thread-694) topic-60ebc890_7af9_4c79_870a_840f844b65f3 0 31 {"key11755103645363": "value-1", "key21755103650543": "value-1", "key31755103656056": "value-1"}
2025-08-13 16:47:41,515 INFO  [io.api.tes.ser.api.KafkaSerdesTester] (Thread-694) topic-60ebc890_7af9_4c79_870a_840f844b65f3 0 32 {"key11755103645363": "value-2", "key21755103650543": "value-2", "key31755103656056": "value-2"}
2025-08-13 16:47:41,515 INFO  [io.api.tes.ser.api.KafkaSerdesTester] (Thread-694) topic-60ebc890_7af9_4c79_870a_840f844b65f3 0 33 {"key11755103645363": "value-3", "key21755103650543": "value-3", "key31755103656056": "value-3"}
2025-08-13 16:47:41,515 INFO  [io.api.tes.ser.api.KafkaSerdesTester] (Thread-694) topic-60ebc890_7af9_4c79_870a_840f844b65f3 0 34 {"key11755103645363": "value-4", "key21755103650543": "value-4", "key31755103656056": "value-4"}
2025-08-13 16:47:41,515 INFO  [io.api.tes.ser.api.KafkaSerdesTester] (Thread-694) topic-60ebc890_7af9_4c79_870a_840f844b65f3 0 35 {"key11755103645363": "value-5", "key21755103650543": "value-5", "key31755103656056": "value-5"}
2025-08-13 16:47:41,515 INFO  [io.api.tes.ser.api.KafkaSerdesTester] (Thread-694) topic-60ebc890_7af9_4c79_870a_840f844b65f3 0 36 {"key11755103645363": "value-6", "key21755103650543": "value-6", "key31755103656056": "value-6"}
2025-08-13 16:47:41,515 INFO  [io.api.tes.ser.api.KafkaSerdesTester] (Thread-694) topic-60ebc890_7af9_4c79_870a_840f844b65f3 0 37 {"key11755103645363": "value-7", "key21755103650543": "value-7", "key31755103656056": "value-7"}
2025-08-13 16:47:41,516 INFO  [io.api.tes.ser.api.KafkaSerdesTester] (Thread-694) topic-60ebc890_7af9_4c79_870a_840f844b65f3 0 38 {"key11755103645363": "value-8", "key21755103650543": "value-8", "key31755103656056": "value-8"}
2025-08-13 16:47:41,516 INFO  [io.api.tes.ser.api.KafkaSerdesTester] (Thread-694) topic-60ebc890_7af9_4c79_870a_840f844b65f3 0 39 {"key11755103645363": "value-9", "key21755103650543": "value-9", "key31755103656056": "value-9"}
2025-08-13 16:47:41,516 INFO  [io.api.tes.ser.api.KafkaSerdesTester] (Thread-694) topic-60ebc890_7af9_4c79_870a_840f844b65f3 0 40 {"key11755103645363": "value-0", "key21755103650543": "value-0"}
2025-08-13 16:47:41,516 INFO  [io.api.tes.ser.api.KafkaSerdesTester] (Thread-694) topic-60ebc890_7af9_4c79_870a_840f844b65f3 0 41 {"key11755103645363": "value-1", "key21755103650543": "value-1"}
2025-08-13 16:47:41,516 INFO  [io.api.tes.ser.api.KafkaSerdesTester] (Thread-694) topic-60ebc890_7af9_4c79_870a_840f844b65f3 0 42 {"key11755103645363": "value-2", "key21755103650543": "value-2"}
2025-08-13 16:47:41,516 INFO  [io.api.tes.ser.api.KafkaSerdesTester] (Thread-694) topic-60ebc890_7af9_4c79_870a_840f844b65f3 0 43 {"key11755103645363": "value-3", "key21755103650543": "value-3"}
2025-08-13 16:47:41,516 INFO  [io.api.tes.ser.api.KafkaSerdesTester] (Thread-694) topic-60ebc890_7af9_4c79_870a_840f844b65f3 0 44 {"key11755103645363": "value-4", "key21755103650543": "value-4"}
2025-08-13 16:47:41,516 INFO  [io.api.tes.ser.api.KafkaSerdesTester] (Thread-694) topic-60ebc890_7af9_4c79_870a_840f844b65f3 0 45 {"key11755103645363": "value-5", "key21755103650543": "value-5"}
2025-08-13 16:47:41,516 INFO  [io.api.tes.ser.api.KafkaSerdesTester] (Thread-694) topic-60ebc890_7af9_4c79_870a_840f844b65f3 0 46 {"key11755103645363": "value-6", "key21755103650543": "value-6"}
2025-08-13 16:47:41,516 INFO  [io.api.tes.ser.api.KafkaSerdesTester] (Thread-694) topic-60ebc890_7af9_4c79_870a_840f844b65f3 0 47 {"key11755103645363": "value-7", "key21755103650543": "value-7"}
2025-08-13 16:47:41,516 INFO  [io.api.tes.ser.api.KafkaSerdesTester] (Thread-694) topic-60ebc890_7af9_4c79_870a_840f844b65f3 0 48 {"key11755103645363": "value-8", "key21755103650543": "value-8"}
2025-08-13 16:47:41,516 INFO  [io.api.tes.ser.api.KafkaSerdesTester] (Thread-694) topic-60ebc890_7af9_4c79_870a_840f844b65f3 0 49 {"key11755103645363": "value-9", "key21755103650543": "value-9"}
2025-08-13 16:47:41,516 INFO  [io.api.tes.ser.api.KafkaSerdesTester] (Thread-694) topic-60ebc890_7af9_4c79_870a_840f844b65f3 0 50 {"key11755103645363": "value-0"}
2025-08-13 16:47:41,516 INFO  [io.api.tes.ser.api.KafkaSerdesTester] (Thread-694) topic-60ebc890_7af9_4c79_870a_840f844b65f3 0 51 {"key11755103645363": "value-1"}
2025-08-13 16:47:41,516 INFO  [io.api.tes.ser.api.KafkaSerdesTester] (Thread-694) topic-60ebc890_7af9_4c79_870a_840f844b65f3 0 52 {"key11755103645363": "value-2"}
2025-08-13 16:47:41,516 INFO  [io.api.tes.ser.api.KafkaSerdesTester] (Thread-694) topic-60ebc890_7af9_4c79_870a_840f844b65f3 0 53 {"key11755103645363": "value-3"}
2025-08-13 16:47:41,516 INFO  [io.api.tes.ser.api.KafkaSerdesTester] (Thread-694) topic-60ebc890_7af9_4c79_870a_840f844b65f3 0 54 {"key11755103645363": "value-4"}
2025-08-13 16:47:41,516 INFO  [io.api.tes.ser.api.KafkaSerdesTester] (Thread-694) topic-60ebc890_7af9_4c79_870a_840f844b65f3 0 55 {"key11755103645363": "value-5"}
2025-08-13 16:47:41,516 INFO  [io.api.tes.ser.api.KafkaSerdesTester] (Thread-694) topic-60ebc890_7af9_4c79_870a_840f844b65f3 0 56 {"key11755103645363": "value-6"}
2025-08-13 16:47:41,516 INFO  [io.api.tes.ser.api.KafkaSerdesTester] (Thread-694) topic-60ebc890_7af9_4c79_870a_840f844b65f3 0 57 {"key11755103645363": "value-7"}
2025-08-13 16:47:41,516 INFO  [io.api.tes.ser.api.KafkaSerdesTester] (Thread-694) topic-60ebc890_7af9_4c79_870a_840f844b65f3 0 58 {"key11755103645363": "value-8"}
2025-08-13 16:47:41,516 INFO  [io.api.tes.ser.api.KafkaSerdesTester] (Thread-694) topic-60ebc890_7af9_4c79_870a_840f844b65f3 0 59 {"key11755103645363": "value-9"}
2025-08-13 16:47:41,517 INFO  [io.api.tes.ser.api.KafkaSerdesTester] (Thread-694) Consumed 30 messages
2025-08-13 16:47:41,524 INFO  [org.apa.kaf.cli.con.int.ConsumerRebalanceListenerInvoker] (Thread-694) [Consumer clientId=consumer-Consumer-topic-60ebc890_7af9_4c79_870a_840f844b65f3-12, groupId=Consumer-topic-60ebc890_7af9_4c79_870a_840f844b65f3] Revoke previously assigned partitions topic-60ebc890_7af9_4c79_870a_840f844b65f3-0
2025-08-13 16:47:41,524 INFO  [org.apa.kaf.cli.con.int.ConsumerCoordinator] (Thread-694) [Consumer clientId=consumer-Consumer-topic-60ebc890_7af9_4c79_870a_840f844b65f3-12, groupId=Consumer-topic-60ebc890_7af9_4c79_870a_840f844b65f3] Member consumer-Consumer-topic-60ebc890_7af9_4c79_870a_840f844b65f3-12-ba0d8592-1c29-4402-9868-744d55dc1d8d sending LeaveGroup request to coordinator localhost:32769 (id: 2147483647 rack: null) due to the consumer is being closed
2025-08-13 16:47:41,525 INFO  [org.apa.kaf.cli.con.int.ConsumerCoordinator] (Thread-694) [Consumer clientId=consumer-Consumer-topic-60ebc890_7af9_4c79_870a_840f844b65f3-12, groupId=Consumer-topic-60ebc890_7af9_4c79_870a_840f844b65f3] Resetting generation and member id due to: consumer pro-actively leaving the group
2025-08-13 16:47:41,525 INFO  [org.apa.kaf.cli.con.int.ConsumerCoordinator] (Thread-694) [Consumer clientId=consumer-Consumer-topic-60ebc890_7af9_4c79_870a_840f844b65f3-12, groupId=Consumer-topic-60ebc890_7af9_4c79_870a_840f844b65f3] Request joining group due to: consumer pro-actively leaving the group
2025-08-13 16:47:42,020 INFO  [org.apa.kaf.com.met.Metrics] (Thread-694) Metrics scheduler closed
2025-08-13 16:47:42,020 INFO  [org.apa.kaf.com.met.Metrics] (Thread-694) Closing reporter org.apache.kafka.common.metrics.JmxReporter
2025-08-13 16:47:42,020 INFO  [org.apa.kaf.com.met.Metrics] (Thread-694) Closing reporter org.apache.kafka.common.telemetry.internals.ClientTelemetryReporter
2025-08-13 16:47:42,020 INFO  [org.apa.kaf.com.met.Metrics] (Thread-694) Metrics reporters closed
2025-08-13 16:47:42,022 INFO  [org.apa.kaf.com.uti.AppInfoParser] (Thread-694) App info kafka.consumer for consumer-Consumer-topic-60ebc890_7af9_4c79_870a_840f844b65f3-12 unregistered
2025-08-13 16:47:42,022 INFO  [org.apa.kaf.cli.pro.KafkaProducer] (main) [Producer clientId=Producer-topic-60ebc890_7af9_4c79_870a_840f844b65f3] Closing the Kafka producer with timeoutMillis = 9223372036854775807 ms.
2025-08-13 16:47:42,022 INFO  [org.apa.kaf.com.met.Metrics] (main) Metrics scheduler closed
2025-08-13 16:47:42,022 INFO  [org.apa.kaf.com.met.Metrics] (main) Closing reporter org.apache.kafka.common.metrics.JmxReporter
2025-08-13 16:47:42,022 INFO  [org.apa.kaf.com.met.Metrics] (main) Closing reporter org.apache.kafka.common.telemetry.internals.ClientTelemetryReporter
2025-08-13 16:47:42,022 INFO  [org.apa.kaf.com.met.Metrics] (main) Metrics reporters closed
2025-08-13 16:47:42,022 INFO  [org.apa.kaf.com.uti.AppInfoParser] (main) App info kafka.producer for Producer-topic-60ebc890_7af9_4c79_870a_840f844b65f3 unregistered
2025-08-13 16:47:42,022 INFO  [io.api.tes.uti.TestSeparator] (main) io.apicurio.tests.serdes.apicurio.AvroSerdeIT.testEvolveAvroApicurio-FINISHED
2025-08-13 16:47:42,022 INFO  [io.api.tes.uti.TestSeparator] (main) ############################################################################
Test passed: testEvolveAvroApicurio
]]></system-out>
  </testcase>
  <testcase name="testTopicRecordIdStrategydFindLatest" classname="io.apicurio.tests.serdes.apicurio.AvroSerdeIT" time="5.401">
    <system-out><![CDATA[2025-08-13 16:47:42,024 INFO  [io.api.tes.uti.TestSeparator] (main) ############################################################################
2025-08-13 16:47:42,024 INFO  [io.api.tes.uti.TestSeparator] (main) io.apicurio.tests.serdes.apicurio.AvroSerdeIT.testTopicRecordIdStrategydFindLatest-STARTED
2025-08-13 16:47:42,025 INFO  [io.api.tes.ser.api.AvroSerdeIT] (main) Registering Avro Schema: {"type":"record","name":"s307fd949xa857x4ff2xad82xf487cff55207","namespace":"s708b4845xdf8dx4156x8249x1c47939a84e2","fields":[{"name":"key11755103662025","type":"string"}]}
**** Registry Base URL: http://registry-app-ksql043.apps.ci419.apicurio-testing.org:80
2025-08-13 16:47:43,310 INFO  [org.apa.kaf.cli.pro.ProducerConfig] (main) ProducerConfig values: 
	acks = -1
	auto.include.jmx.reporter = true
	batch.size = 16384
	bootstrap.servers = [PLAINTEXT://localhost:32769]
	buffer.memory = 33554432
	client.dns.lookup = use_all_dns_ips
	client.id = Producer-topic-4aac4259_a24f_4d90_92b9_fcd5b0331166
	compression.gzip.level = -1
	compression.lz4.level = 9
	compression.type = none
	compression.zstd.level = 3
	connections.max.idle.ms = 10000
	delivery.timeout.ms = 120000
	enable.idempotence = true
	enable.metrics.push = true
	interceptor.classes = []
	key.serializer = class org.apache.kafka.common.serialization.StringSerializer
	linger.ms = 0
	max.block.ms = 60000
	max.in.flight.requests.per.connection = 5
	max.request.size = 1048576
	metadata.max.age.ms = 300000
	metadata.max.idle.ms = 300000
	metadata.recovery.strategy = none
	metric.reporters = []
	metrics.num.samples = 2
	metrics.recording.level = INFO
	metrics.sample.window.ms = 30000
	partitioner.adaptive.partitioning.enable = true
	partitioner.availability.timeout.ms = 0
	partitioner.class = null
	partitioner.ignore.keys = false
	receive.buffer.bytes = 32768
	reconnect.backoff.max.ms = 1000
	reconnect.backoff.ms = 50
	request.timeout.ms = 5000
	retries = 2147483647
	retry.backoff.max.ms = 1000
	retry.backoff.ms = 100
	sasl.client.callback.handler.class = null
	sasl.jaas.config = null
	sasl.kerberos.kinit.cmd = /usr/bin/kinit
	sasl.kerberos.min.time.before.relogin = 60000
	sasl.kerberos.service.name = null
	sasl.kerberos.ticket.renew.jitter = 0.05
	sasl.kerberos.ticket.renew.window.factor = 0.8
	sasl.login.callback.handler.class = null
	sasl.login.class = null
	sasl.login.connect.timeout.ms = null
	sasl.login.read.timeout.ms = null
	sasl.login.refresh.buffer.seconds = 300
	sasl.login.refresh.min.period.seconds = 60
	sasl.login.refresh.window.factor = 0.8
	sasl.login.refresh.window.jitter = 0.05
	sasl.login.retry.backoff.max.ms = 10000
	sasl.login.retry.backoff.ms = 100
	sasl.mechanism = GSSAPI
	sasl.oauthbearer.clock.skew.seconds = 30
	sasl.oauthbearer.expected.audience = null
	sasl.oauthbearer.expected.issuer = null
	sasl.oauthbearer.header.urlencode = false
	sasl.oauthbearer.jwks.endpoint.refresh.ms = 3600000
	sasl.oauthbearer.jwks.endpoint.retry.backoff.max.ms = 10000
	sasl.oauthbearer.jwks.endpoint.retry.backoff.ms = 100
	sasl.oauthbearer.jwks.endpoint.url = null
	sasl.oauthbearer.scope.claim.name = scope
	sasl.oauthbearer.sub.claim.name = sub
	sasl.oauthbearer.token.endpoint.url = null
	security.protocol = PLAINTEXT
	security.providers = null
	send.buffer.bytes = 131072
	socket.connection.setup.timeout.max.ms = 30000
	socket.connection.setup.timeout.ms = 10000
	ssl.cipher.suites = null
	ssl.enabled.protocols = [TLSv1.2, TLSv1.3]
	ssl.endpoint.identification.algorithm = https
	ssl.engine.factory.class = null
	ssl.key.password = null
	ssl.keymanager.algorithm = SunX509
	ssl.keystore.certificate.chain = null
	ssl.keystore.key = null
	ssl.keystore.location = null
	ssl.keystore.password = null
	ssl.keystore.type = JKS
	ssl.protocol = TLSv1.3
	ssl.provider = null
	ssl.secure.random.implementation = null
	ssl.trustmanager.algorithm = PKIX
	ssl.truststore.certificates = null
	ssl.truststore.location = null
	ssl.truststore.password = null
	ssl.truststore.type = JKS
	transaction.timeout.ms = 60000
	transactional.id = null
	value.serializer = class io.apicurio.registry.serde.avro.AvroKafkaSerializer

2025-08-13 16:47:43,310 INFO  [org.apa.kaf.com.tel.int.KafkaMetricsCollector] (main) initializing Kafka metrics collector
2025-08-13 16:47:43,314 INFO  [org.apa.kaf.cli.pro.KafkaProducer] (main) [Producer clientId=Producer-topic-4aac4259_a24f_4d90_92b9_fcd5b0331166] Instantiated an idempotent producer.
2025-08-13 16:47:43,316 INFO  [org.apa.kaf.cli.pro.ProducerConfig] (main) These configurations '[apicurio.registry.find-latest, apicurio.registry.url, apicurio.registry.artifact-resolver-strategy]' were supplied but are not used yet.
2025-08-13 16:47:43,316 INFO  [org.apa.kaf.com.uti.AppInfoParser] (main) Kafka version: 3.9.1
2025-08-13 16:47:43,316 INFO  [org.apa.kaf.com.uti.AppInfoParser] (main) Kafka commitId: f745dfdcee2b9851
2025-08-13 16:47:43,316 INFO  [org.apa.kaf.com.uti.AppInfoParser] (main) Kafka startTimeMs: 1755103663316
2025-08-13 16:47:43,316 INFO  [io.api.tes.ser.api.SimpleSerdesTesterBuilder$SimpleSerdesTester] (main) Using producer configuration: {apicurio.registry.find-latest=true, apicurio.registry.url=http://registry-app-ksql043.apps.ci419.apicurio-testing.org:80/apis/registry/v3, apicurio.registry.artifact-resolver-strategy=io.apicurio.registry.serde.avro.strategy.TopicRecordIdStrategy, value.serializer=io.apicurio.registry.serde.avro.AvroKafkaSerializer, request.timeout.ms=5000, acks=all, bootstrap.servers=PLAINTEXT://localhost:32769, connections.max.idle.ms=10000, key.serializer=org.apache.kafka.common.serialization.StringSerializer, client.id=Producer-topic-4aac4259_a24f_4d90_92b9_fcd5b0331166}
2025-08-13 16:47:43,316 INFO  [io.api.tes.ser.api.SimpleSerdesTesterBuilder$SimpleSerdesTester] (main) Using consumer configuration: {}
2025-08-13 16:47:43,317 INFO  [io.api.tes.ser.api.KafkaSerdesTester] (Thread-697) Sending message {"key11755103662025": "value-0"} to topic topic-4aac4259_a24f_4d90_92b9_fcd5b0331166
2025-08-13 16:47:43,320 INFO  [org.apa.kaf.cli.Metadata] (kafka-producer-network-thread | Producer-topic-4aac4259_a24f_4d90_92b9_fcd5b0331166) [Producer clientId=Producer-topic-4aac4259_a24f_4d90_92b9_fcd5b0331166] Cluster ID: 2Q56eJUuTz2w_13NlVd4Hw
2025-08-13 16:47:43,320 INFO  [org.apa.kaf.cli.pro.int.TransactionManager] (kafka-producer-network-thread | Producer-topic-4aac4259_a24f_4d90_92b9_fcd5b0331166) [Producer clientId=Producer-topic-4aac4259_a24f_4d90_92b9_fcd5b0331166] ProducerId set to 18 with epoch 0
2025-08-13 16:47:43,626 INFO  [io.api.tes.ser.api.KafkaSerdesTester] (Thread-697) Sending message {"key11755103662025": "value-1"} to topic topic-4aac4259_a24f_4d90_92b9_fcd5b0331166
2025-08-13 16:47:43,628 INFO  [io.api.tes.ser.api.KafkaSerdesTester] (Thread-697) Sending message {"key11755103662025": "value-2"} to topic topic-4aac4259_a24f_4d90_92b9_fcd5b0331166
2025-08-13 16:47:43,630 INFO  [io.api.tes.ser.api.KafkaSerdesTester] (Thread-697) Sending message {"key11755103662025": "value-3"} to topic topic-4aac4259_a24f_4d90_92b9_fcd5b0331166
2025-08-13 16:47:43,631 INFO  [io.api.tes.ser.api.KafkaSerdesTester] (Thread-697) Sending message {"key11755103662025": "value-4"} to topic topic-4aac4259_a24f_4d90_92b9_fcd5b0331166
2025-08-13 16:47:43,632 INFO  [io.api.tes.ser.api.KafkaSerdesTester] (Thread-697) Sending message {"key11755103662025": "value-5"} to topic topic-4aac4259_a24f_4d90_92b9_fcd5b0331166
2025-08-13 16:47:43,635 INFO  [io.api.tes.ser.api.KafkaSerdesTester] (Thread-697) Sending message {"key11755103662025": "value-6"} to topic topic-4aac4259_a24f_4d90_92b9_fcd5b0331166
2025-08-13 16:47:43,636 INFO  [io.api.tes.ser.api.KafkaSerdesTester] (Thread-697) Sending message {"key11755103662025": "value-7"} to topic topic-4aac4259_a24f_4d90_92b9_fcd5b0331166
2025-08-13 16:47:43,639 INFO  [io.api.tes.ser.api.KafkaSerdesTester] (Thread-697) Sending message {"key11755103662025": "value-8"} to topic topic-4aac4259_a24f_4d90_92b9_fcd5b0331166
2025-08-13 16:47:43,642 INFO  [io.api.tes.ser.api.KafkaSerdesTester] (Thread-697) Sending message {"key11755103662025": "value-9"} to topic topic-4aac4259_a24f_4d90_92b9_fcd5b0331166
2025-08-13 16:47:43,643 INFO  [io.api.tes.ser.api.KafkaSerdesTester] (Thread-697) Produced 10 messages
2025-08-13 16:47:43,643 INFO  [org.apa.kaf.cli.pro.KafkaProducer] (Thread-697) [Producer clientId=Producer-topic-4aac4259_a24f_4d90_92b9_fcd5b0331166] Closing the Kafka producer with timeoutMillis = 9223372036854775807 ms.
2025-08-13 16:47:43,645 INFO  [org.apa.kaf.com.met.Metrics] (Thread-697) Metrics scheduler closed
2025-08-13 16:47:43,645 INFO  [org.apa.kaf.com.met.Metrics] (Thread-697) Closing reporter org.apache.kafka.common.metrics.JmxReporter
2025-08-13 16:47:43,645 INFO  [org.apa.kaf.com.met.Metrics] (Thread-697) Closing reporter org.apache.kafka.common.telemetry.internals.ClientTelemetryReporter
2025-08-13 16:47:43,645 INFO  [org.apa.kaf.com.met.Metrics] (Thread-697) Metrics reporters closed
2025-08-13 16:47:43,645 INFO  [org.apa.kaf.com.uti.AppInfoParser] (Thread-697) App info kafka.producer for Producer-topic-4aac4259_a24f_4d90_92b9_fcd5b0331166 unregistered
**** Registry Base URL: http://registry-app-ksql043.apps.ci419.apicurio-testing.org:80
2025-08-13 16:47:43,646 INFO  [org.apa.kaf.cli.con.ConsumerConfig] (main) ConsumerConfig values: 
	allow.auto.create.topics = true
	auto.commit.interval.ms = 500
	auto.include.jmx.reporter = true
	auto.offset.reset = earliest
	bootstrap.servers = [PLAINTEXT://localhost:32769]
	check.crcs = true
	client.dns.lookup = use_all_dns_ips
	client.id = consumer-Consumer-topic-4aac4259_a24f_4d90_92b9_fcd5b0331166-13
	client.rack = 
	connections.max.idle.ms = 10000
	default.api.timeout.ms = 60000
	enable.auto.commit = true
	enable.metrics.push = true
	exclude.internal.topics = true
	fetch.max.bytes = 52428800
	fetch.max.wait.ms = 500
	fetch.min.bytes = 1
	group.id = Consumer-topic-4aac4259_a24f_4d90_92b9_fcd5b0331166
	group.instance.id = null
	group.protocol = classic
	group.remote.assignor = null
	heartbeat.interval.ms = 3000
	interceptor.classes = []
	internal.leave.group.on.close = true
	internal.throw.on.fetch.stable.offset.unsupported = false
	isolation.level = read_uncommitted
	key.deserializer = class org.apache.kafka.common.serialization.StringDeserializer
	max.partition.fetch.bytes = 1048576
	max.poll.interval.ms = 300000
	max.poll.records = 500
	metadata.max.age.ms = 300000
	metadata.recovery.strategy = none
	metric.reporters = []
	metrics.num.samples = 2
	metrics.recording.level = INFO
	metrics.sample.window.ms = 30000
	partition.assignment.strategy = [class org.apache.kafka.clients.consumer.RangeAssignor, class org.apache.kafka.clients.consumer.CooperativeStickyAssignor]
	receive.buffer.bytes = 65536
	reconnect.backoff.max.ms = 1000
	reconnect.backoff.ms = 50
	request.timeout.ms = 5000
	retry.backoff.max.ms = 1000
	retry.backoff.ms = 100
	sasl.client.callback.handler.class = null
	sasl.jaas.config = null
	sasl.kerberos.kinit.cmd = /usr/bin/kinit
	sasl.kerberos.min.time.before.relogin = 60000
	sasl.kerberos.service.name = null
	sasl.kerberos.ticket.renew.jitter = 0.05
	sasl.kerberos.ticket.renew.window.factor = 0.8
	sasl.login.callback.handler.class = null
	sasl.login.class = null
	sasl.login.connect.timeout.ms = null
	sasl.login.read.timeout.ms = null
	sasl.login.refresh.buffer.seconds = 300
	sasl.login.refresh.min.period.seconds = 60
	sasl.login.refresh.window.factor = 0.8
	sasl.login.refresh.window.jitter = 0.05
	sasl.login.retry.backoff.max.ms = 10000
	sasl.login.retry.backoff.ms = 100
	sasl.mechanism = GSSAPI
	sasl.oauthbearer.clock.skew.seconds = 30
	sasl.oauthbearer.expected.audience = null
	sasl.oauthbearer.expected.issuer = null
	sasl.oauthbearer.header.urlencode = false
	sasl.oauthbearer.jwks.endpoint.refresh.ms = 3600000
	sasl.oauthbearer.jwks.endpoint.retry.backoff.max.ms = 10000
	sasl.oauthbearer.jwks.endpoint.retry.backoff.ms = 100
	sasl.oauthbearer.jwks.endpoint.url = null
	sasl.oauthbearer.scope.claim.name = scope
	sasl.oauthbearer.sub.claim.name = sub
	sasl.oauthbearer.token.endpoint.url = null
	security.protocol = PLAINTEXT
	security.providers = null
	send.buffer.bytes = 131072
	session.timeout.ms = 45000
	socket.connection.setup.timeout.max.ms = 30000
	socket.connection.setup.timeout.ms = 10000
	ssl.cipher.suites = null
	ssl.enabled.protocols = [TLSv1.2, TLSv1.3]
	ssl.endpoint.identification.algorithm = https
	ssl.engine.factory.class = null
	ssl.key.password = null
	ssl.keymanager.algorithm = SunX509
	ssl.keystore.certificate.chain = null
	ssl.keystore.key = null
	ssl.keystore.location = null
	ssl.keystore.password = null
	ssl.keystore.type = JKS
	ssl.protocol = TLSv1.3
	ssl.provider = null
	ssl.secure.random.implementation = null
	ssl.trustmanager.algorithm = PKIX
	ssl.truststore.certificates = null
	ssl.truststore.location = null
	ssl.truststore.password = null
	ssl.truststore.type = JKS
	value.deserializer = class io.apicurio.registry.serde.avro.AvroKafkaDeserializer

2025-08-13 16:47:43,646 INFO  [org.apa.kaf.com.tel.int.KafkaMetricsCollector] (main) initializing Kafka metrics collector
2025-08-13 16:47:43,652 INFO  [org.apa.kaf.cli.con.ConsumerConfig] (main) These configurations '[apicurio.registry.url]' were supplied but are not used yet.
2025-08-13 16:47:43,652 INFO  [org.apa.kaf.com.uti.AppInfoParser] (main) Kafka version: 3.9.1
2025-08-13 16:47:43,652 INFO  [org.apa.kaf.com.uti.AppInfoParser] (main) Kafka commitId: f745dfdcee2b9851
2025-08-13 16:47:43,652 INFO  [org.apa.kaf.com.uti.AppInfoParser] (main) Kafka startTimeMs: 1755103663652
2025-08-13 16:47:43,653 INFO  [org.apa.kaf.cli.con.int.ClassicKafkaConsumer] (Thread-700) [Consumer clientId=consumer-Consumer-topic-4aac4259_a24f_4d90_92b9_fcd5b0331166-13, groupId=Consumer-topic-4aac4259_a24f_4d90_92b9_fcd5b0331166] Subscribed to topic(s): topic-4aac4259_a24f_4d90_92b9_fcd5b0331166
2025-08-13 16:47:43,658 INFO  [org.apa.kaf.cli.Metadata] (Thread-700) [Consumer clientId=consumer-Consumer-topic-4aac4259_a24f_4d90_92b9_fcd5b0331166-13, groupId=Consumer-topic-4aac4259_a24f_4d90_92b9_fcd5b0331166] Cluster ID: 2Q56eJUuTz2w_13NlVd4Hw
2025-08-13 16:47:43,660 INFO  [org.apa.kaf.cli.con.int.ConsumerCoordinator] (Thread-700) [Consumer clientId=consumer-Consumer-topic-4aac4259_a24f_4d90_92b9_fcd5b0331166-13, groupId=Consumer-topic-4aac4259_a24f_4d90_92b9_fcd5b0331166] Discovered group coordinator localhost:32769 (id: 2147483647 rack: null)
2025-08-13 16:47:43,663 INFO  [org.apa.kaf.cli.con.int.ConsumerCoordinator] (Thread-700) [Consumer clientId=consumer-Consumer-topic-4aac4259_a24f_4d90_92b9_fcd5b0331166-13, groupId=Consumer-topic-4aac4259_a24f_4d90_92b9_fcd5b0331166] (Re-)joining group
2025-08-13 16:47:43,666 INFO  [org.apa.kaf.cli.con.int.ConsumerCoordinator] (Thread-700) [Consumer clientId=consumer-Consumer-topic-4aac4259_a24f_4d90_92b9_fcd5b0331166-13, groupId=Consumer-topic-4aac4259_a24f_4d90_92b9_fcd5b0331166] Request joining group due to: need to re-join with the given member-id: consumer-Consumer-topic-4aac4259_a24f_4d90_92b9_fcd5b0331166-13-7a66775f-f57f-42a9-aa8f-107ea72e5ffd
2025-08-13 16:47:43,666 INFO  [org.apa.kaf.cli.con.int.ConsumerCoordinator] (Thread-700) [Consumer clientId=consumer-Consumer-topic-4aac4259_a24f_4d90_92b9_fcd5b0331166-13, groupId=Consumer-topic-4aac4259_a24f_4d90_92b9_fcd5b0331166] (Re-)joining group
2025-08-13 16:47:44,653 INFO  [io.api.tes.ser.api.KafkaSerdesTester] (Thread-700) None found
2025-08-13 16:47:45,653 INFO  [io.api.tes.ser.api.KafkaSerdesTester] (Thread-700) None found
2025-08-13 16:47:46,653 INFO  [io.api.tes.ser.api.KafkaSerdesTester] (Thread-700) None found
2025-08-13 16:47:46,667 INFO  [org.apa.kaf.cli.con.int.ConsumerCoordinator] (Thread-700) [Consumer clientId=consumer-Consumer-topic-4aac4259_a24f_4d90_92b9_fcd5b0331166-13, groupId=Consumer-topic-4aac4259_a24f_4d90_92b9_fcd5b0331166] Successfully joined group with generation Generation{generationId=1, memberId='consumer-Consumer-topic-4aac4259_a24f_4d90_92b9_fcd5b0331166-13-7a66775f-f57f-42a9-aa8f-107ea72e5ffd', protocol='range'}
2025-08-13 16:47:46,668 INFO  [org.apa.kaf.cli.con.int.ConsumerCoordinator] (Thread-700) [Consumer clientId=consumer-Consumer-topic-4aac4259_a24f_4d90_92b9_fcd5b0331166-13, groupId=Consumer-topic-4aac4259_a24f_4d90_92b9_fcd5b0331166] Finished assignment for group at generation 1: {consumer-Consumer-topic-4aac4259_a24f_4d90_92b9_fcd5b0331166-13-7a66775f-f57f-42a9-aa8f-107ea72e5ffd=Assignment(partitions=[topic-4aac4259_a24f_4d90_92b9_fcd5b0331166-0])}
2025-08-13 16:47:46,675 INFO  [org.apa.kaf.cli.con.int.ConsumerCoordinator] (Thread-700) [Consumer clientId=consumer-Consumer-topic-4aac4259_a24f_4d90_92b9_fcd5b0331166-13, groupId=Consumer-topic-4aac4259_a24f_4d90_92b9_fcd5b0331166] Successfully synced group in generation Generation{generationId=1, memberId='consumer-Consumer-topic-4aac4259_a24f_4d90_92b9_fcd5b0331166-13-7a66775f-f57f-42a9-aa8f-107ea72e5ffd', protocol='range'}
2025-08-13 16:47:46,675 INFO  [org.apa.kaf.cli.con.int.ConsumerCoordinator] (Thread-700) [Consumer clientId=consumer-Consumer-topic-4aac4259_a24f_4d90_92b9_fcd5b0331166-13, groupId=Consumer-topic-4aac4259_a24f_4d90_92b9_fcd5b0331166] Notifying assignor about the new Assignment(partitions=[topic-4aac4259_a24f_4d90_92b9_fcd5b0331166-0])
2025-08-13 16:47:46,675 INFO  [org.apa.kaf.cli.con.int.ConsumerRebalanceListenerInvoker] (Thread-700) [Consumer clientId=consumer-Consumer-topic-4aac4259_a24f_4d90_92b9_fcd5b0331166-13, groupId=Consumer-topic-4aac4259_a24f_4d90_92b9_fcd5b0331166] Adding newly assigned partitions: topic-4aac4259_a24f_4d90_92b9_fcd5b0331166-0
2025-08-13 16:47:46,676 INFO  [org.apa.kaf.cli.con.int.ConsumerCoordinator] (Thread-700) [Consumer clientId=consumer-Consumer-topic-4aac4259_a24f_4d90_92b9_fcd5b0331166-13, groupId=Consumer-topic-4aac4259_a24f_4d90_92b9_fcd5b0331166] Found no committed offset for partition topic-4aac4259_a24f_4d90_92b9_fcd5b0331166-0
2025-08-13 16:47:46,679 INFO  [org.apa.kaf.cli.con.int.SubscriptionState] (Thread-700) [Consumer clientId=consumer-Consumer-topic-4aac4259_a24f_4d90_92b9_fcd5b0331166-13, groupId=Consumer-topic-4aac4259_a24f_4d90_92b9_fcd5b0331166] Resetting offset for partition topic-4aac4259_a24f_4d90_92b9_fcd5b0331166-0 to position FetchPosition{offset=0, offsetEpoch=Optional.empty, currentLeader=LeaderAndEpoch{leader=Optional[localhost:32769 (id: 0 rack: null)], epoch=0}}.
2025-08-13 16:47:46,918 INFO  [io.api.tes.ser.api.KafkaSerdesTester] (Thread-700) topic-4aac4259_a24f_4d90_92b9_fcd5b0331166 0 0 {"key11755103662025": "value-0"}
2025-08-13 16:47:46,918 INFO  [io.api.tes.ser.api.KafkaSerdesTester] (Thread-700) topic-4aac4259_a24f_4d90_92b9_fcd5b0331166 0 1 {"key11755103662025": "value-1"}
2025-08-13 16:47:46,918 INFO  [io.api.tes.ser.api.KafkaSerdesTester] (Thread-700) topic-4aac4259_a24f_4d90_92b9_fcd5b0331166 0 2 {"key11755103662025": "value-2"}
2025-08-13 16:47:46,918 INFO  [io.api.tes.ser.api.KafkaSerdesTester] (Thread-700) topic-4aac4259_a24f_4d90_92b9_fcd5b0331166 0 3 {"key11755103662025": "value-3"}
2025-08-13 16:47:46,918 INFO  [io.api.tes.ser.api.KafkaSerdesTester] (Thread-700) topic-4aac4259_a24f_4d90_92b9_fcd5b0331166 0 4 {"key11755103662025": "value-4"}
2025-08-13 16:47:46,918 INFO  [io.api.tes.ser.api.KafkaSerdesTester] (Thread-700) topic-4aac4259_a24f_4d90_92b9_fcd5b0331166 0 5 {"key11755103662025": "value-5"}
2025-08-13 16:47:46,918 INFO  [io.api.tes.ser.api.KafkaSerdesTester] (Thread-700) topic-4aac4259_a24f_4d90_92b9_fcd5b0331166 0 6 {"key11755103662025": "value-6"}
2025-08-13 16:47:46,918 INFO  [io.api.tes.ser.api.KafkaSerdesTester] (Thread-700) topic-4aac4259_a24f_4d90_92b9_fcd5b0331166 0 7 {"key11755103662025": "value-7"}
2025-08-13 16:47:46,918 INFO  [io.api.tes.ser.api.KafkaSerdesTester] (Thread-700) topic-4aac4259_a24f_4d90_92b9_fcd5b0331166 0 8 {"key11755103662025": "value-8"}
2025-08-13 16:47:46,918 INFO  [io.api.tes.ser.api.KafkaSerdesTester] (Thread-700) topic-4aac4259_a24f_4d90_92b9_fcd5b0331166 0 9 {"key11755103662025": "value-9"}
2025-08-13 16:47:46,918 INFO  [io.api.tes.ser.api.KafkaSerdesTester] (Thread-700) Consumed 10 messages
2025-08-13 16:47:46,926 INFO  [org.apa.kaf.cli.con.int.ConsumerRebalanceListenerInvoker] (Thread-700) [Consumer clientId=consumer-Consumer-topic-4aac4259_a24f_4d90_92b9_fcd5b0331166-13, groupId=Consumer-topic-4aac4259_a24f_4d90_92b9_fcd5b0331166] Revoke previously assigned partitions topic-4aac4259_a24f_4d90_92b9_fcd5b0331166-0
2025-08-13 16:47:46,927 INFO  [org.apa.kaf.cli.con.int.ConsumerCoordinator] (Thread-700) [Consumer clientId=consumer-Consumer-topic-4aac4259_a24f_4d90_92b9_fcd5b0331166-13, groupId=Consumer-topic-4aac4259_a24f_4d90_92b9_fcd5b0331166] Member consumer-Consumer-topic-4aac4259_a24f_4d90_92b9_fcd5b0331166-13-7a66775f-f57f-42a9-aa8f-107ea72e5ffd sending LeaveGroup request to coordinator localhost:32769 (id: 2147483647 rack: null) due to the consumer is being closed
2025-08-13 16:47:46,927 INFO  [org.apa.kaf.cli.con.int.ConsumerCoordinator] (Thread-700) [Consumer clientId=consumer-Consumer-topic-4aac4259_a24f_4d90_92b9_fcd5b0331166-13, groupId=Consumer-topic-4aac4259_a24f_4d90_92b9_fcd5b0331166] Resetting generation and member id due to: consumer pro-actively leaving the group
2025-08-13 16:47:46,927 INFO  [org.apa.kaf.cli.con.int.ConsumerCoordinator] (Thread-700) [Consumer clientId=consumer-Consumer-topic-4aac4259_a24f_4d90_92b9_fcd5b0331166-13, groupId=Consumer-topic-4aac4259_a24f_4d90_92b9_fcd5b0331166] Request joining group due to: consumer pro-actively leaving the group
2025-08-13 16:47:47,421 INFO  [org.apa.kaf.com.met.Metrics] (Thread-700) Metrics scheduler closed
2025-08-13 16:47:47,422 INFO  [org.apa.kaf.com.met.Metrics] (Thread-700) Closing reporter org.apache.kafka.common.metrics.JmxReporter
2025-08-13 16:47:47,422 INFO  [org.apa.kaf.com.met.Metrics] (Thread-700) Closing reporter org.apache.kafka.common.telemetry.internals.ClientTelemetryReporter
2025-08-13 16:47:47,422 INFO  [org.apa.kaf.com.met.Metrics] (Thread-700) Metrics reporters closed
2025-08-13 16:47:47,423 INFO  [org.apa.kaf.com.uti.AppInfoParser] (Thread-700) App info kafka.consumer for consumer-Consumer-topic-4aac4259_a24f_4d90_92b9_fcd5b0331166-13 unregistered
2025-08-13 16:47:47,424 INFO  [io.api.tes.uti.TestSeparator] (main) io.apicurio.tests.serdes.apicurio.AvroSerdeIT.testTopicRecordIdStrategydFindLatest-FINISHED
2025-08-13 16:47:47,424 INFO  [io.api.tes.uti.TestSeparator] (main) ############################################################################
Test passed: testTopicRecordIdStrategydFindLatest
]]></system-out>
  </testcase>
  <testcase name="testAvroConfluentForMultipleTopics" classname="io.apicurio.tests.serdes.apicurio.AvroSerdeIT" time="13.169">
    <system-out><![CDATA[2025-08-13 16:47:47,426 INFO  [io.api.tes.uti.TestSeparator] (main) ############################################################################
2025-08-13 16:47:47,426 INFO  [io.api.tes.uti.TestSeparator] (main) io.apicurio.tests.serdes.apicurio.AvroSerdeIT.testAvroConfluentForMultipleTopics-STARTED
2025-08-13 16:47:47,428 INFO  [io.api.tes.ser.api.AvroSerdeIT] (main) Registering Avro Schema: {"type":"record","name":"myrecordconfluent","fields":[{"name":"key11755103667427","type":"string"}]}
**** Registry Base URL: http://registry-app-ksql043.apps.ci419.apicurio-testing.org:80
2025-08-13 16:47:48,699 INFO  [org.apa.kaf.cli.pro.ProducerConfig] (main) ProducerConfig values: 
	acks = -1
	auto.include.jmx.reporter = true
	batch.size = 16384
	bootstrap.servers = [PLAINTEXT://localhost:32769]
	buffer.memory = 33554432
	client.dns.lookup = use_all_dns_ips
	client.id = Producer-topic-6e28a6fb_e491_4297_af70_8e3fbe9844cd
	compression.gzip.level = -1
	compression.lz4.level = 9
	compression.type = none
	compression.zstd.level = 3
	connections.max.idle.ms = 10000
	delivery.timeout.ms = 120000
	enable.idempotence = true
	enable.metrics.push = true
	interceptor.classes = []
	key.serializer = class org.apache.kafka.common.serialization.StringSerializer
	linger.ms = 0
	max.block.ms = 60000
	max.in.flight.requests.per.connection = 5
	max.request.size = 1048576
	metadata.max.age.ms = 300000
	metadata.max.idle.ms = 300000
	metadata.recovery.strategy = none
	metric.reporters = []
	metrics.num.samples = 2
	metrics.recording.level = INFO
	metrics.sample.window.ms = 30000
	partitioner.adaptive.partitioning.enable = true
	partitioner.availability.timeout.ms = 0
	partitioner.class = null
	partitioner.ignore.keys = false
	receive.buffer.bytes = 32768
	reconnect.backoff.max.ms = 1000
	reconnect.backoff.ms = 50
	request.timeout.ms = 5000
	retries = 2147483647
	retry.backoff.max.ms = 1000
	retry.backoff.ms = 100
	sasl.client.callback.handler.class = null
	sasl.jaas.config = null
	sasl.kerberos.kinit.cmd = /usr/bin/kinit
	sasl.kerberos.min.time.before.relogin = 60000
	sasl.kerberos.service.name = null
	sasl.kerberos.ticket.renew.jitter = 0.05
	sasl.kerberos.ticket.renew.window.factor = 0.8
	sasl.login.callback.handler.class = null
	sasl.login.class = null
	sasl.login.connect.timeout.ms = null
	sasl.login.read.timeout.ms = null
	sasl.login.refresh.buffer.seconds = 300
	sasl.login.refresh.min.period.seconds = 60
	sasl.login.refresh.window.factor = 0.8
	sasl.login.refresh.window.jitter = 0.05
	sasl.login.retry.backoff.max.ms = 10000
	sasl.login.retry.backoff.ms = 100
	sasl.mechanism = GSSAPI
	sasl.oauthbearer.clock.skew.seconds = 30
	sasl.oauthbearer.expected.audience = null
	sasl.oauthbearer.expected.issuer = null
	sasl.oauthbearer.header.urlencode = false
	sasl.oauthbearer.jwks.endpoint.refresh.ms = 3600000
	sasl.oauthbearer.jwks.endpoint.retry.backoff.max.ms = 10000
	sasl.oauthbearer.jwks.endpoint.retry.backoff.ms = 100
	sasl.oauthbearer.jwks.endpoint.url = null
	sasl.oauthbearer.scope.claim.name = scope
	sasl.oauthbearer.sub.claim.name = sub
	sasl.oauthbearer.token.endpoint.url = null
	security.protocol = PLAINTEXT
	security.providers = null
	send.buffer.bytes = 131072
	socket.connection.setup.timeout.max.ms = 30000
	socket.connection.setup.timeout.ms = 10000
	ssl.cipher.suites = null
	ssl.enabled.protocols = [TLSv1.2, TLSv1.3]
	ssl.endpoint.identification.algorithm = https
	ssl.engine.factory.class = null
	ssl.key.password = null
	ssl.keymanager.algorithm = SunX509
	ssl.keystore.certificate.chain = null
	ssl.keystore.key = null
	ssl.keystore.location = null
	ssl.keystore.password = null
	ssl.keystore.type = JKS
	ssl.protocol = TLSv1.3
	ssl.provider = null
	ssl.secure.random.implementation = null
	ssl.trustmanager.algorithm = PKIX
	ssl.truststore.certificates = null
	ssl.truststore.location = null
	ssl.truststore.password = null
	ssl.truststore.type = JKS
	transaction.timeout.ms = 60000
	transactional.id = null
	value.serializer = class io.apicurio.registry.serde.avro.AvroKafkaSerializer

2025-08-13 16:47:48,700 INFO  [org.apa.kaf.com.tel.int.KafkaMetricsCollector] (main) initializing Kafka metrics collector
2025-08-13 16:47:48,703 INFO  [org.apa.kaf.cli.pro.KafkaProducer] (main) [Producer clientId=Producer-topic-6e28a6fb_e491_4297_af70_8e3fbe9844cd] Instantiated an idempotent producer.
2025-08-13 16:47:48,704 INFO  [org.apa.kaf.cli.pro.ProducerConfig] (main) These configurations '[apicurio.registry.url, apicurio.registry.artifact-resolver-strategy]' were supplied but are not used yet.
2025-08-13 16:47:48,704 INFO  [org.apa.kaf.com.uti.AppInfoParser] (main) Kafka version: 3.9.1
2025-08-13 16:47:48,704 INFO  [org.apa.kaf.com.uti.AppInfoParser] (main) Kafka commitId: f745dfdcee2b9851
2025-08-13 16:47:48,707 INFO  [org.apa.kaf.com.uti.AppInfoParser] (main) Kafka startTimeMs: 1755103668704
**** Registry Base URL: http://registry-app-ksql043.apps.ci419.apicurio-testing.org:80
2025-08-13 16:47:48,708 INFO  [org.apa.kaf.cli.pro.ProducerConfig] (main) ProducerConfig values: 
	acks = -1
	auto.include.jmx.reporter = true
	batch.size = 16384
	bootstrap.servers = [PLAINTEXT://localhost:32769]
	buffer.memory = 33554432
	client.dns.lookup = use_all_dns_ips
	client.id = Producer-topic-ec436f1d_0cc2_4d92_8579_6905a54deaa0
	compression.gzip.level = -1
	compression.lz4.level = 9
	compression.type = none
	compression.zstd.level = 3
	connections.max.idle.ms = 10000
	delivery.timeout.ms = 120000
	enable.idempotence = true
	enable.metrics.push = true
	interceptor.classes = []
	key.serializer = class org.apache.kafka.common.serialization.StringSerializer
	linger.ms = 0
	max.block.ms = 60000
	max.in.flight.requests.per.connection = 5
	max.request.size = 1048576
	metadata.max.age.ms = 300000
	metadata.max.idle.ms = 300000
	metadata.recovery.strategy = none
	metric.reporters = []
	metrics.num.samples = 2
	metrics.recording.level = INFO
	metrics.sample.window.ms = 30000
	partitioner.adaptive.partitioning.enable = true
	partitioner.availability.timeout.ms = 0
	partitioner.class = null
	partitioner.ignore.keys = false
	receive.buffer.bytes = 32768
	reconnect.backoff.max.ms = 1000
	reconnect.backoff.ms = 50
	request.timeout.ms = 5000
	retries = 2147483647
	retry.backoff.max.ms = 1000
	retry.backoff.ms = 100
	sasl.client.callback.handler.class = null
	sasl.jaas.config = null
	sasl.kerberos.kinit.cmd = /usr/bin/kinit
	sasl.kerberos.min.time.before.relogin = 60000
	sasl.kerberos.service.name = null
	sasl.kerberos.ticket.renew.jitter = 0.05
	sasl.kerberos.ticket.renew.window.factor = 0.8
	sasl.login.callback.handler.class = null
	sasl.login.class = null
	sasl.login.connect.timeout.ms = null
	sasl.login.read.timeout.ms = null
	sasl.login.refresh.buffer.seconds = 300
	sasl.login.refresh.min.period.seconds = 60
	sasl.login.refresh.window.factor = 0.8
	sasl.login.refresh.window.jitter = 0.05
	sasl.login.retry.backoff.max.ms = 10000
	sasl.login.retry.backoff.ms = 100
	sasl.mechanism = GSSAPI
	sasl.oauthbearer.clock.skew.seconds = 30
	sasl.oauthbearer.expected.audience = null
	sasl.oauthbearer.expected.issuer = null
	sasl.oauthbearer.header.urlencode = false
	sasl.oauthbearer.jwks.endpoint.refresh.ms = 3600000
	sasl.oauthbearer.jwks.endpoint.retry.backoff.max.ms = 10000
	sasl.oauthbearer.jwks.endpoint.retry.backoff.ms = 100
	sasl.oauthbearer.jwks.endpoint.url = null
	sasl.oauthbearer.scope.claim.name = scope
	sasl.oauthbearer.sub.claim.name = sub
	sasl.oauthbearer.token.endpoint.url = null
	security.protocol = PLAINTEXT
	security.providers = null
	send.buffer.bytes = 131072
	socket.connection.setup.timeout.max.ms = 30000
	socket.connection.setup.timeout.ms = 10000
	ssl.cipher.suites = null
	ssl.enabled.protocols = [TLSv1.2, TLSv1.3]
	ssl.endpoint.identification.algorithm = https
	ssl.engine.factory.class = null
	ssl.key.password = null
	ssl.keymanager.algorithm = SunX509
	ssl.keystore.certificate.chain = null
	ssl.keystore.key = null
	ssl.keystore.location = null
	ssl.keystore.password = null
	ssl.keystore.type = JKS
	ssl.protocol = TLSv1.3
	ssl.provider = null
	ssl.secure.random.implementation = null
	ssl.trustmanager.algorithm = PKIX
	ssl.truststore.certificates = null
	ssl.truststore.location = null
	ssl.truststore.password = null
	ssl.truststore.type = JKS
	transaction.timeout.ms = 60000
	transactional.id = null
	value.serializer = class io.apicurio.registry.serde.avro.AvroKafkaSerializer

2025-08-13 16:47:48,708 INFO  [org.apa.kaf.com.tel.int.KafkaMetricsCollector] (main) initializing Kafka metrics collector
2025-08-13 16:47:48,711 INFO  [org.apa.kaf.cli.Metadata] (kafka-producer-network-thread | Producer-topic-6e28a6fb_e491_4297_af70_8e3fbe9844cd) [Producer clientId=Producer-topic-6e28a6fb_e491_4297_af70_8e3fbe9844cd] Cluster ID: 2Q56eJUuTz2w_13NlVd4Hw
2025-08-13 16:47:48,711 INFO  [org.apa.kaf.cli.pro.int.TransactionManager] (kafka-producer-network-thread | Producer-topic-6e28a6fb_e491_4297_af70_8e3fbe9844cd) [Producer clientId=Producer-topic-6e28a6fb_e491_4297_af70_8e3fbe9844cd] ProducerId set to 19 with epoch 0
2025-08-13 16:47:48,712 INFO  [org.apa.kaf.cli.pro.KafkaProducer] (main) [Producer clientId=Producer-topic-ec436f1d_0cc2_4d92_8579_6905a54deaa0] Instantiated an idempotent producer.
2025-08-13 16:47:48,713 INFO  [org.apa.kaf.cli.pro.ProducerConfig] (main) These configurations '[apicurio.registry.url, apicurio.registry.artifact-resolver-strategy]' were supplied but are not used yet.
2025-08-13 16:47:48,713 INFO  [org.apa.kaf.com.uti.AppInfoParser] (main) Kafka version: 3.9.1
2025-08-13 16:47:48,713 INFO  [org.apa.kaf.com.uti.AppInfoParser] (main) Kafka commitId: f745dfdcee2b9851
2025-08-13 16:47:48,713 INFO  [org.apa.kaf.com.uti.AppInfoParser] (main) Kafka startTimeMs: 1755103668713
**** Registry Base URL: http://registry-app-ksql043.apps.ci419.apicurio-testing.org:80
2025-08-13 16:47:48,713 INFO  [org.apa.kaf.cli.pro.ProducerConfig] (main) ProducerConfig values: 
	acks = -1
	auto.include.jmx.reporter = true
	batch.size = 16384
	bootstrap.servers = [PLAINTEXT://localhost:32769]
	buffer.memory = 33554432
	client.dns.lookup = use_all_dns_ips
	client.id = Producer-topic-6d7d9459_929c_489b_bd27_306863313227
	compression.gzip.level = -1
	compression.lz4.level = 9
	compression.type = none
	compression.zstd.level = 3
	connections.max.idle.ms = 10000
	delivery.timeout.ms = 120000
	enable.idempotence = true
	enable.metrics.push = true
	interceptor.classes = []
	key.serializer = class org.apache.kafka.common.serialization.StringSerializer
	linger.ms = 0
	max.block.ms = 60000
	max.in.flight.requests.per.connection = 5
	max.request.size = 1048576
	metadata.max.age.ms = 300000
	metadata.max.idle.ms = 300000
	metadata.recovery.strategy = none
	metric.reporters = []
	metrics.num.samples = 2
	metrics.recording.level = INFO
	metrics.sample.window.ms = 30000
	partitioner.adaptive.partitioning.enable = true
	partitioner.availability.timeout.ms = 0
	partitioner.class = null
	partitioner.ignore.keys = false
	receive.buffer.bytes = 32768
	reconnect.backoff.max.ms = 1000
	reconnect.backoff.ms = 50
	request.timeout.ms = 5000
	retries = 2147483647
	retry.backoff.max.ms = 1000
	retry.backoff.ms = 100
	sasl.client.callback.handler.class = null
	sasl.jaas.config = null
	sasl.kerberos.kinit.cmd = /usr/bin/kinit
	sasl.kerberos.min.time.before.relogin = 60000
	sasl.kerberos.service.name = null
	sasl.kerberos.ticket.renew.jitter = 0.05
	sasl.kerberos.ticket.renew.window.factor = 0.8
	sasl.login.callback.handler.class = null
	sasl.login.class = null
	sasl.login.connect.timeout.ms = null
	sasl.login.read.timeout.ms = null
	sasl.login.refresh.buffer.seconds = 300
	sasl.login.refresh.min.period.seconds = 60
	sasl.login.refresh.window.factor = 0.8
	sasl.login.refresh.window.jitter = 0.05
	sasl.login.retry.backoff.max.ms = 10000
	sasl.login.retry.backoff.ms = 100
	sasl.mechanism = GSSAPI
	sasl.oauthbearer.clock.skew.seconds = 30
	sasl.oauthbearer.expected.audience = null
	sasl.oauthbearer.expected.issuer = null
	sasl.oauthbearer.header.urlencode = false
	sasl.oauthbearer.jwks.endpoint.refresh.ms = 3600000
	sasl.oauthbearer.jwks.endpoint.retry.backoff.max.ms = 10000
	sasl.oauthbearer.jwks.endpoint.retry.backoff.ms = 100
	sasl.oauthbearer.jwks.endpoint.url = null
	sasl.oauthbearer.scope.claim.name = scope
	sasl.oauthbearer.sub.claim.name = sub
	sasl.oauthbearer.token.endpoint.url = null
	security.protocol = PLAINTEXT
	security.providers = null
	send.buffer.bytes = 131072
	socket.connection.setup.timeout.max.ms = 30000
	socket.connection.setup.timeout.ms = 10000
	ssl.cipher.suites = null
	ssl.enabled.protocols = [TLSv1.2, TLSv1.3]
	ssl.endpoint.identification.algorithm = https
	ssl.engine.factory.class = null
	ssl.key.password = null
	ssl.keymanager.algorithm = SunX509
	ssl.keystore.certificate.chain = null
	ssl.keystore.key = null
	ssl.keystore.location = null
	ssl.keystore.password = null
	ssl.keystore.type = JKS
	ssl.protocol = TLSv1.3
	ssl.provider = null
	ssl.secure.random.implementation = null
	ssl.trustmanager.algorithm = PKIX
	ssl.truststore.certificates = null
	ssl.truststore.location = null
	ssl.truststore.password = null
	ssl.truststore.type = JKS
	transaction.timeout.ms = 60000
	transactional.id = null
	value.serializer = class io.apicurio.registry.serde.avro.AvroKafkaSerializer

2025-08-13 16:47:48,714 INFO  [org.apa.kaf.com.tel.int.KafkaMetricsCollector] (main) initializing Kafka metrics collector
2025-08-13 16:47:48,718 INFO  [org.apa.kaf.cli.pro.KafkaProducer] (main) [Producer clientId=Producer-topic-6d7d9459_929c_489b_bd27_306863313227] Instantiated an idempotent producer.
2025-08-13 16:47:48,721 INFO  [org.apa.kaf.cli.Metadata] (kafka-producer-network-thread | Producer-topic-ec436f1d_0cc2_4d92_8579_6905a54deaa0) [Producer clientId=Producer-topic-ec436f1d_0cc2_4d92_8579_6905a54deaa0] Cluster ID: 2Q56eJUuTz2w_13NlVd4Hw
2025-08-13 16:47:48,721 INFO  [org.apa.kaf.cli.pro.int.TransactionManager] (kafka-producer-network-thread | Producer-topic-ec436f1d_0cc2_4d92_8579_6905a54deaa0) [Producer clientId=Producer-topic-ec436f1d_0cc2_4d92_8579_6905a54deaa0] ProducerId set to 20 with epoch 0
2025-08-13 16:47:48,723 INFO  [org.apa.kaf.cli.pro.ProducerConfig] (main) These configurations '[apicurio.registry.url, apicurio.registry.artifact-resolver-strategy]' were supplied but are not used yet.
2025-08-13 16:47:48,723 INFO  [org.apa.kaf.com.uti.AppInfoParser] (main) Kafka version: 3.9.1
2025-08-13 16:47:48,723 INFO  [org.apa.kaf.com.uti.AppInfoParser] (main) Kafka commitId: f745dfdcee2b9851
2025-08-13 16:47:48,723 INFO  [org.apa.kaf.com.uti.AppInfoParser] (main) Kafka startTimeMs: 1755103668723
**** Registry Base URL: http://registry-app-ksql043.apps.ci419.apicurio-testing.org:80
2025-08-13 16:47:48,726 INFO  [org.apa.kaf.cli.con.ConsumerConfig] (main) ConsumerConfig values: 
	allow.auto.create.topics = true
	auto.commit.interval.ms = 500
	auto.include.jmx.reporter = true
	auto.offset.reset = earliest
	bootstrap.servers = [PLAINTEXT://localhost:32769]
	check.crcs = true
	client.dns.lookup = use_all_dns_ips
	client.id = consumer-Consumer-topic-6e28a6fb_e491_4297_af70_8e3fbe9844cd-14
	client.rack = 
	connections.max.idle.ms = 10000
	default.api.timeout.ms = 60000
	enable.auto.commit = true
	enable.metrics.push = true
	exclude.internal.topics = true
	fetch.max.bytes = 52428800
	fetch.max.wait.ms = 500
	fetch.min.bytes = 1
	group.id = Consumer-topic-6e28a6fb_e491_4297_af70_8e3fbe9844cd
	group.instance.id = null
	group.protocol = classic
	group.remote.assignor = null
	heartbeat.interval.ms = 3000
	interceptor.classes = []
	internal.leave.group.on.close = true
	internal.throw.on.fetch.stable.offset.unsupported = false
	isolation.level = read_uncommitted
	key.deserializer = class org.apache.kafka.common.serialization.StringDeserializer
	max.partition.fetch.bytes = 1048576
	max.poll.interval.ms = 300000
	max.poll.records = 500
	metadata.max.age.ms = 300000
	metadata.recovery.strategy = none
	metric.reporters = []
	metrics.num.samples = 2
	metrics.recording.level = INFO
	metrics.sample.window.ms = 30000
	partition.assignment.strategy = [class org.apache.kafka.clients.consumer.RangeAssignor, class org.apache.kafka.clients.consumer.CooperativeStickyAssignor]
	receive.buffer.bytes = 65536
	reconnect.backoff.max.ms = 1000
	reconnect.backoff.ms = 50
	request.timeout.ms = 5000
	retry.backoff.max.ms = 1000
	retry.backoff.ms = 100
	sasl.client.callback.handler.class = null
	sasl.jaas.config = null
	sasl.kerberos.kinit.cmd = /usr/bin/kinit
	sasl.kerberos.min.time.before.relogin = 60000
	sasl.kerberos.service.name = null
	sasl.kerberos.ticket.renew.jitter = 0.05
	sasl.kerberos.ticket.renew.window.factor = 0.8
	sasl.login.callback.handler.class = null
	sasl.login.class = null
	sasl.login.connect.timeout.ms = null
	sasl.login.read.timeout.ms = null
	sasl.login.refresh.buffer.seconds = 300
	sasl.login.refresh.min.period.seconds = 60
	sasl.login.refresh.window.factor = 0.8
	sasl.login.refresh.window.jitter = 0.05
	sasl.login.retry.backoff.max.ms = 10000
	sasl.login.retry.backoff.ms = 100
	sasl.mechanism = GSSAPI
	sasl.oauthbearer.clock.skew.seconds = 30
	sasl.oauthbearer.expected.audience = null
	sasl.oauthbearer.expected.issuer = null
	sasl.oauthbearer.header.urlencode = false
	sasl.oauthbearer.jwks.endpoint.refresh.ms = 3600000
	sasl.oauthbearer.jwks.endpoint.retry.backoff.max.ms = 10000
	sasl.oauthbearer.jwks.endpoint.retry.backoff.ms = 100
	sasl.oauthbearer.jwks.endpoint.url = null
	sasl.oauthbearer.scope.claim.name = scope
	sasl.oauthbearer.sub.claim.name = sub
	sasl.oauthbearer.token.endpoint.url = null
	security.protocol = PLAINTEXT
	security.providers = null
	send.buffer.bytes = 131072
	session.timeout.ms = 45000
	socket.connection.setup.timeout.max.ms = 30000
	socket.connection.setup.timeout.ms = 10000
	ssl.cipher.suites = null
	ssl.enabled.protocols = [TLSv1.2, TLSv1.3]
	ssl.endpoint.identification.algorithm = https
	ssl.engine.factory.class = null
	ssl.key.password = null
	ssl.keymanager.algorithm = SunX509
	ssl.keystore.certificate.chain = null
	ssl.keystore.key = null
	ssl.keystore.location = null
	ssl.keystore.password = null
	ssl.keystore.type = JKS
	ssl.protocol = TLSv1.3
	ssl.provider = null
	ssl.secure.random.implementation = null
	ssl.trustmanager.algorithm = PKIX
	ssl.truststore.certificates = null
	ssl.truststore.location = null
	ssl.truststore.password = null
	ssl.truststore.type = JKS
	value.deserializer = class io.apicurio.registry.serde.avro.AvroKafkaDeserializer

2025-08-13 16:47:48,726 INFO  [org.apa.kaf.com.tel.int.KafkaMetricsCollector] (main) initializing Kafka metrics collector
2025-08-13 16:47:48,731 INFO  [org.apa.kaf.cli.Metadata] (kafka-producer-network-thread | Producer-topic-6d7d9459_929c_489b_bd27_306863313227) [Producer clientId=Producer-topic-6d7d9459_929c_489b_bd27_306863313227] Cluster ID: 2Q56eJUuTz2w_13NlVd4Hw
2025-08-13 16:47:48,733 INFO  [org.apa.kaf.cli.pro.int.TransactionManager] (kafka-producer-network-thread | Producer-topic-6d7d9459_929c_489b_bd27_306863313227) [Producer clientId=Producer-topic-6d7d9459_929c_489b_bd27_306863313227] ProducerId set to 21 with epoch 0
2025-08-13 16:47:48,739 INFO  [org.apa.kaf.cli.con.ConsumerConfig] (main) These configurations '[apicurio.registry.url]' were supplied but are not used yet.
2025-08-13 16:47:48,739 INFO  [org.apa.kaf.com.uti.AppInfoParser] (main) Kafka version: 3.9.1
2025-08-13 16:47:48,739 INFO  [org.apa.kaf.com.uti.AppInfoParser] (main) Kafka commitId: f745dfdcee2b9851
2025-08-13 16:47:48,739 INFO  [org.apa.kaf.com.uti.AppInfoParser] (main) Kafka startTimeMs: 1755103668739
**** Registry Base URL: http://registry-app-ksql043.apps.ci419.apicurio-testing.org:80
2025-08-13 16:47:48,739 INFO  [org.apa.kaf.cli.con.ConsumerConfig] (main) ConsumerConfig values: 
	allow.auto.create.topics = true
	auto.commit.interval.ms = 500
	auto.include.jmx.reporter = true
	auto.offset.reset = earliest
	bootstrap.servers = [PLAINTEXT://localhost:32769]
	check.crcs = true
	client.dns.lookup = use_all_dns_ips
	client.id = consumer-Consumer-topic-ec436f1d_0cc2_4d92_8579_6905a54deaa0-15
	client.rack = 
	connections.max.idle.ms = 10000
	default.api.timeout.ms = 60000
	enable.auto.commit = true
	enable.metrics.push = true
	exclude.internal.topics = true
	fetch.max.bytes = 52428800
	fetch.max.wait.ms = 500
	fetch.min.bytes = 1
	group.id = Consumer-topic-ec436f1d_0cc2_4d92_8579_6905a54deaa0
	group.instance.id = null
	group.protocol = classic
	group.remote.assignor = null
	heartbeat.interval.ms = 3000
	interceptor.classes = []
	internal.leave.group.on.close = true
	internal.throw.on.fetch.stable.offset.unsupported = false
	isolation.level = read_uncommitted
	key.deserializer = class org.apache.kafka.common.serialization.StringDeserializer
	max.partition.fetch.bytes = 1048576
	max.poll.interval.ms = 300000
	max.poll.records = 500
	metadata.max.age.ms = 300000
	metadata.recovery.strategy = none
	metric.reporters = []
	metrics.num.samples = 2
	metrics.recording.level = INFO
	metrics.sample.window.ms = 30000
	partition.assignment.strategy = [class org.apache.kafka.clients.consumer.RangeAssignor, class org.apache.kafka.clients.consumer.CooperativeStickyAssignor]
	receive.buffer.bytes = 65536
	reconnect.backoff.max.ms = 1000
	reconnect.backoff.ms = 50
	request.timeout.ms = 5000
	retry.backoff.max.ms = 1000
	retry.backoff.ms = 100
	sasl.client.callback.handler.class = null
	sasl.jaas.config = null
	sasl.kerberos.kinit.cmd = /usr/bin/kinit
	sasl.kerberos.min.time.before.relogin = 60000
	sasl.kerberos.service.name = null
	sasl.kerberos.ticket.renew.jitter = 0.05
	sasl.kerberos.ticket.renew.window.factor = 0.8
	sasl.login.callback.handler.class = null
	sasl.login.class = null
	sasl.login.connect.timeout.ms = null
	sasl.login.read.timeout.ms = null
	sasl.login.refresh.buffer.seconds = 300
	sasl.login.refresh.min.period.seconds = 60
	sasl.login.refresh.window.factor = 0.8
	sasl.login.refresh.window.jitter = 0.05
	sasl.login.retry.backoff.max.ms = 10000
	sasl.login.retry.backoff.ms = 100
	sasl.mechanism = GSSAPI
	sasl.oauthbearer.clock.skew.seconds = 30
	sasl.oauthbearer.expected.audience = null
	sasl.oauthbearer.expected.issuer = null
	sasl.oauthbearer.header.urlencode = false
	sasl.oauthbearer.jwks.endpoint.refresh.ms = 3600000
	sasl.oauthbearer.jwks.endpoint.retry.backoff.max.ms = 10000
	sasl.oauthbearer.jwks.endpoint.retry.backoff.ms = 100
	sasl.oauthbearer.jwks.endpoint.url = null
	sasl.oauthbearer.scope.claim.name = scope
	sasl.oauthbearer.sub.claim.name = sub
	sasl.oauthbearer.token.endpoint.url = null
	security.protocol = PLAINTEXT
	security.providers = null
	send.buffer.bytes = 131072
	session.timeout.ms = 45000
	socket.connection.setup.timeout.max.ms = 30000
	socket.connection.setup.timeout.ms = 10000
	ssl.cipher.suites = null
	ssl.enabled.protocols = [TLSv1.2, TLSv1.3]
	ssl.endpoint.identification.algorithm = https
	ssl.engine.factory.class = null
	ssl.key.password = null
	ssl.keymanager.algorithm = SunX509
	ssl.keystore.certificate.chain = null
	ssl.keystore.key = null
	ssl.keystore.location = null
	ssl.keystore.password = null
	ssl.keystore.type = JKS
	ssl.protocol = TLSv1.3
	ssl.provider = null
	ssl.secure.random.implementation = null
	ssl.trustmanager.algorithm = PKIX
	ssl.truststore.certificates = null
	ssl.truststore.location = null
	ssl.truststore.password = null
	ssl.truststore.type = JKS
	value.deserializer = class io.apicurio.registry.serde.avro.AvroKafkaDeserializer

2025-08-13 16:47:48,740 INFO  [org.apa.kaf.com.tel.int.KafkaMetricsCollector] (main) initializing Kafka metrics collector
2025-08-13 16:47:48,745 INFO  [org.apa.kaf.cli.con.ConsumerConfig] (main) These configurations '[apicurio.registry.url]' were supplied but are not used yet.
2025-08-13 16:47:48,746 INFO  [org.apa.kaf.com.uti.AppInfoParser] (main) Kafka version: 3.9.1
2025-08-13 16:47:48,746 INFO  [org.apa.kaf.com.uti.AppInfoParser] (main) Kafka commitId: f745dfdcee2b9851
2025-08-13 16:47:48,746 INFO  [org.apa.kaf.com.uti.AppInfoParser] (main) Kafka startTimeMs: 1755103668745
**** Registry Base URL: http://registry-app-ksql043.apps.ci419.apicurio-testing.org:80
2025-08-13 16:47:48,746 INFO  [org.apa.kaf.cli.con.ConsumerConfig] (main) ConsumerConfig values: 
	allow.auto.create.topics = true
	auto.commit.interval.ms = 500
	auto.include.jmx.reporter = true
	auto.offset.reset = earliest
	bootstrap.servers = [PLAINTEXT://localhost:32769]
	check.crcs = true
	client.dns.lookup = use_all_dns_ips
	client.id = consumer-Consumer-topic-6d7d9459_929c_489b_bd27_306863313227-16
	client.rack = 
	connections.max.idle.ms = 10000
	default.api.timeout.ms = 60000
	enable.auto.commit = true
	enable.metrics.push = true
	exclude.internal.topics = true
	fetch.max.bytes = 52428800
	fetch.max.wait.ms = 500
	fetch.min.bytes = 1
	group.id = Consumer-topic-6d7d9459_929c_489b_bd27_306863313227
	group.instance.id = null
	group.protocol = classic
	group.remote.assignor = null
	heartbeat.interval.ms = 3000
	interceptor.classes = []
	internal.leave.group.on.close = true
	internal.throw.on.fetch.stable.offset.unsupported = false
	isolation.level = read_uncommitted
	key.deserializer = class org.apache.kafka.common.serialization.StringDeserializer
	max.partition.fetch.bytes = 1048576
	max.poll.interval.ms = 300000
	max.poll.records = 500
	metadata.max.age.ms = 300000
	metadata.recovery.strategy = none
	metric.reporters = []
	metrics.num.samples = 2
	metrics.recording.level = INFO
	metrics.sample.window.ms = 30000
	partition.assignment.strategy = [class org.apache.kafka.clients.consumer.RangeAssignor, class org.apache.kafka.clients.consumer.CooperativeStickyAssignor]
	receive.buffer.bytes = 65536
	reconnect.backoff.max.ms = 1000
	reconnect.backoff.ms = 50
	request.timeout.ms = 5000
	retry.backoff.max.ms = 1000
	retry.backoff.ms = 100
	sasl.client.callback.handler.class = null
	sasl.jaas.config = null
	sasl.kerberos.kinit.cmd = /usr/bin/kinit
	sasl.kerberos.min.time.before.relogin = 60000
	sasl.kerberos.service.name = null
	sasl.kerberos.ticket.renew.jitter = 0.05
	sasl.kerberos.ticket.renew.window.factor = 0.8
	sasl.login.callback.handler.class = null
	sasl.login.class = null
	sasl.login.connect.timeout.ms = null
	sasl.login.read.timeout.ms = null
	sasl.login.refresh.buffer.seconds = 300
	sasl.login.refresh.min.period.seconds = 60
	sasl.login.refresh.window.factor = 0.8
	sasl.login.refresh.window.jitter = 0.05
	sasl.login.retry.backoff.max.ms = 10000
	sasl.login.retry.backoff.ms = 100
	sasl.mechanism = GSSAPI
	sasl.oauthbearer.clock.skew.seconds = 30
	sasl.oauthbearer.expected.audience = null
	sasl.oauthbearer.expected.issuer = null
	sasl.oauthbearer.header.urlencode = false
	sasl.oauthbearer.jwks.endpoint.refresh.ms = 3600000
	sasl.oauthbearer.jwks.endpoint.retry.backoff.max.ms = 10000
	sasl.oauthbearer.jwks.endpoint.retry.backoff.ms = 100
	sasl.oauthbearer.jwks.endpoint.url = null
	sasl.oauthbearer.scope.claim.name = scope
	sasl.oauthbearer.sub.claim.name = sub
	sasl.oauthbearer.token.endpoint.url = null
	security.protocol = PLAINTEXT
	security.providers = null
	send.buffer.bytes = 131072
	session.timeout.ms = 45000
	socket.connection.setup.timeout.max.ms = 30000
	socket.connection.setup.timeout.ms = 10000
	ssl.cipher.suites = null
	ssl.enabled.protocols = [TLSv1.2, TLSv1.3]
	ssl.endpoint.identification.algorithm = https
	ssl.engine.factory.class = null
	ssl.key.password = null
	ssl.keymanager.algorithm = SunX509
	ssl.keystore.certificate.chain = null
	ssl.keystore.key = null
	ssl.keystore.location = null
	ssl.keystore.password = null
	ssl.keystore.type = JKS
	ssl.protocol = TLSv1.3
	ssl.provider = null
	ssl.secure.random.implementation = null
	ssl.trustmanager.algorithm = PKIX
	ssl.truststore.certificates = null
	ssl.truststore.location = null
	ssl.truststore.password = null
	ssl.truststore.type = JKS
	value.deserializer = class io.apicurio.registry.serde.avro.AvroKafkaDeserializer

2025-08-13 16:47:48,746 INFO  [org.apa.kaf.com.tel.int.KafkaMetricsCollector] (main) initializing Kafka metrics collector
2025-08-13 16:47:48,753 INFO  [org.apa.kaf.cli.con.ConsumerConfig] (main) These configurations '[apicurio.registry.url]' were supplied but are not used yet.
2025-08-13 16:47:48,753 INFO  [org.apa.kaf.com.uti.AppInfoParser] (main) Kafka version: 3.9.1
2025-08-13 16:47:48,753 INFO  [org.apa.kaf.com.uti.AppInfoParser] (main) Kafka commitId: f745dfdcee2b9851
2025-08-13 16:47:48,753 INFO  [org.apa.kaf.com.uti.AppInfoParser] (main) Kafka startTimeMs: 1755103668753
2025-08-13 16:47:48,754 INFO  [io.api.tes.ser.api.KafkaSerdesTester] (Thread-713) Sending message {"key11755103667427": "value-0"} to topic topic-6e28a6fb_e491_4297_af70_8e3fbe9844cd
2025-08-13 16:47:48,758 INFO  [DefaultSchemaResolver] (Thread-713) Retrieving schema content using string: {"type":"record","name":"myrecordconfluent","fields":[{"name":"key11755103667427","type":"string"}]}
2025-08-13 16:47:48,913 INFO  [io.api.tes.ser.api.KafkaSerdesTester] (Thread-713) Sending message {"key11755103667427": "value-1"} to topic topic-6e28a6fb_e491_4297_af70_8e3fbe9844cd
2025-08-13 16:47:48,914 INFO  [io.api.tes.ser.api.KafkaSerdesTester] (Thread-713) Sending message {"key11755103667427": "value-2"} to topic topic-6e28a6fb_e491_4297_af70_8e3fbe9844cd
2025-08-13 16:47:48,915 INFO  [io.api.tes.ser.api.KafkaSerdesTester] (Thread-713) Sending message {"key11755103667427": "value-3"} to topic topic-6e28a6fb_e491_4297_af70_8e3fbe9844cd
2025-08-13 16:47:48,916 INFO  [io.api.tes.ser.api.KafkaSerdesTester] (Thread-713) Sending message {"key11755103667427": "value-4"} to topic topic-6e28a6fb_e491_4297_af70_8e3fbe9844cd
2025-08-13 16:47:48,918 INFO  [io.api.tes.ser.api.KafkaSerdesTester] (Thread-713) Sending message {"key11755103667427": "value-5"} to topic topic-6e28a6fb_e491_4297_af70_8e3fbe9844cd
2025-08-13 16:47:48,919 INFO  [io.api.tes.ser.api.KafkaSerdesTester] (Thread-713) Sending message {"key11755103667427": "value-6"} to topic topic-6e28a6fb_e491_4297_af70_8e3fbe9844cd
2025-08-13 16:47:48,920 INFO  [io.api.tes.ser.api.KafkaSerdesTester] (Thread-713) Sending message {"key11755103667427": "value-7"} to topic topic-6e28a6fb_e491_4297_af70_8e3fbe9844cd
2025-08-13 16:47:48,922 INFO  [io.api.tes.ser.api.KafkaSerdesTester] (Thread-713) Sending message {"key11755103667427": "value-8"} to topic topic-6e28a6fb_e491_4297_af70_8e3fbe9844cd
2025-08-13 16:47:48,925 INFO  [io.api.tes.ser.api.KafkaSerdesTester] (Thread-713) Sending message {"key11755103667427": "value-9"} to topic topic-6e28a6fb_e491_4297_af70_8e3fbe9844cd
2025-08-13 16:47:48,926 INFO  [io.api.tes.ser.api.KafkaSerdesTester] (Thread-713) Produced 10 messages
2025-08-13 16:47:48,926 INFO  [org.apa.kaf.cli.pro.KafkaProducer] (Thread-713) [Producer clientId=Producer-topic-6e28a6fb_e491_4297_af70_8e3fbe9844cd] Closing the Kafka producer with timeoutMillis = 9223372036854775807 ms.
2025-08-13 16:47:48,928 INFO  [org.apa.kaf.com.met.Metrics] (Thread-713) Metrics scheduler closed
2025-08-13 16:47:48,928 INFO  [org.apa.kaf.com.met.Metrics] (Thread-713) Closing reporter org.apache.kafka.common.metrics.JmxReporter
2025-08-13 16:47:48,928 INFO  [org.apa.kaf.com.met.Metrics] (Thread-713) Closing reporter org.apache.kafka.common.telemetry.internals.ClientTelemetryReporter
2025-08-13 16:47:48,928 INFO  [org.apa.kaf.com.met.Metrics] (Thread-713) Metrics reporters closed
2025-08-13 16:47:48,928 INFO  [org.apa.kaf.com.uti.AppInfoParser] (Thread-713) App info kafka.producer for Producer-topic-6e28a6fb_e491_4297_af70_8e3fbe9844cd unregistered
2025-08-13 16:47:48,929 INFO  [io.api.tes.ser.api.KafkaSerdesTester] (Thread-714) Sending message {"key11755103667427": "value-0"} to topic topic-ec436f1d_0cc2_4d92_8579_6905a54deaa0
2025-08-13 16:47:48,933 INFO  [DefaultSchemaResolver] (Thread-714) Retrieving schema content using string: {"type":"record","name":"myrecordconfluent","fields":[{"name":"key11755103667427","type":"string"}]}
2025-08-13 16:47:49,090 INFO  [io.api.tes.ser.api.KafkaSerdesTester] (Thread-714) Sending message {"key11755103667427": "value-1"} to topic topic-ec436f1d_0cc2_4d92_8579_6905a54deaa0
2025-08-13 16:47:49,092 INFO  [io.api.tes.ser.api.KafkaSerdesTester] (Thread-714) Sending message {"key11755103667427": "value-2"} to topic topic-ec436f1d_0cc2_4d92_8579_6905a54deaa0
2025-08-13 16:47:49,093 INFO  [io.api.tes.ser.api.KafkaSerdesTester] (Thread-714) Sending message {"key11755103667427": "value-3"} to topic topic-ec436f1d_0cc2_4d92_8579_6905a54deaa0
2025-08-13 16:47:49,094 INFO  [io.api.tes.ser.api.KafkaSerdesTester] (Thread-714) Sending message {"key11755103667427": "value-4"} to topic topic-ec436f1d_0cc2_4d92_8579_6905a54deaa0
2025-08-13 16:47:49,095 INFO  [io.api.tes.ser.api.KafkaSerdesTester] (Thread-714) Sending message {"key11755103667427": "value-5"} to topic topic-ec436f1d_0cc2_4d92_8579_6905a54deaa0
2025-08-13 16:47:49,096 INFO  [io.api.tes.ser.api.KafkaSerdesTester] (Thread-714) Sending message {"key11755103667427": "value-6"} to topic topic-ec436f1d_0cc2_4d92_8579_6905a54deaa0
2025-08-13 16:47:49,098 INFO  [io.api.tes.ser.api.KafkaSerdesTester] (Thread-714) Sending message {"key11755103667427": "value-7"} to topic topic-ec436f1d_0cc2_4d92_8579_6905a54deaa0
2025-08-13 16:47:49,100 INFO  [io.api.tes.ser.api.KafkaSerdesTester] (Thread-714) Sending message {"key11755103667427": "value-8"} to topic topic-ec436f1d_0cc2_4d92_8579_6905a54deaa0
2025-08-13 16:47:49,101 INFO  [io.api.tes.ser.api.KafkaSerdesTester] (Thread-714) Sending message {"key11755103667427": "value-9"} to topic topic-ec436f1d_0cc2_4d92_8579_6905a54deaa0
2025-08-13 16:47:49,103 INFO  [io.api.tes.ser.api.KafkaSerdesTester] (Thread-714) Produced 10 messages
2025-08-13 16:47:49,103 INFO  [org.apa.kaf.cli.pro.KafkaProducer] (Thread-714) [Producer clientId=Producer-topic-ec436f1d_0cc2_4d92_8579_6905a54deaa0] Closing the Kafka producer with timeoutMillis = 9223372036854775807 ms.
2025-08-13 16:47:49,106 INFO  [org.apa.kaf.com.met.Metrics] (Thread-714) Metrics scheduler closed
2025-08-13 16:47:49,106 INFO  [org.apa.kaf.com.met.Metrics] (Thread-714) Closing reporter org.apache.kafka.common.metrics.JmxReporter
2025-08-13 16:47:49,106 INFO  [org.apa.kaf.com.met.Metrics] (Thread-714) Closing reporter org.apache.kafka.common.telemetry.internals.ClientTelemetryReporter
2025-08-13 16:47:49,106 INFO  [org.apa.kaf.com.met.Metrics] (Thread-714) Metrics reporters closed
2025-08-13 16:47:49,106 INFO  [org.apa.kaf.com.uti.AppInfoParser] (Thread-714) App info kafka.producer for Producer-topic-ec436f1d_0cc2_4d92_8579_6905a54deaa0 unregistered
2025-08-13 16:47:49,108 INFO  [io.api.tes.ser.api.KafkaSerdesTester] (Thread-715) Sending message {"key11755103667427": "value-0"} to topic topic-6d7d9459_929c_489b_bd27_306863313227
2025-08-13 16:47:49,111 INFO  [DefaultSchemaResolver] (Thread-715) Retrieving schema content using string: {"type":"record","name":"myrecordconfluent","fields":[{"name":"key11755103667427","type":"string"}]}
2025-08-13 16:47:49,271 INFO  [io.api.tes.ser.api.KafkaSerdesTester] (Thread-715) Sending message {"key11755103667427": "value-1"} to topic topic-6d7d9459_929c_489b_bd27_306863313227
2025-08-13 16:47:49,273 INFO  [io.api.tes.ser.api.KafkaSerdesTester] (Thread-715) Sending message {"key11755103667427": "value-2"} to topic topic-6d7d9459_929c_489b_bd27_306863313227
2025-08-13 16:47:49,274 INFO  [io.api.tes.ser.api.KafkaSerdesTester] (Thread-715) Sending message {"key11755103667427": "value-3"} to topic topic-6d7d9459_929c_489b_bd27_306863313227
2025-08-13 16:47:49,275 INFO  [io.api.tes.ser.api.KafkaSerdesTester] (Thread-715) Sending message {"key11755103667427": "value-4"} to topic topic-6d7d9459_929c_489b_bd27_306863313227
2025-08-13 16:47:49,277 INFO  [io.api.tes.ser.api.KafkaSerdesTester] (Thread-715) Sending message {"key11755103667427": "value-5"} to topic topic-6d7d9459_929c_489b_bd27_306863313227
2025-08-13 16:47:49,279 INFO  [io.api.tes.ser.api.KafkaSerdesTester] (Thread-715) Sending message {"key11755103667427": "value-6"} to topic topic-6d7d9459_929c_489b_bd27_306863313227
2025-08-13 16:47:49,281 INFO  [io.api.tes.ser.api.KafkaSerdesTester] (Thread-715) Sending message {"key11755103667427": "value-7"} to topic topic-6d7d9459_929c_489b_bd27_306863313227
2025-08-13 16:47:49,283 INFO  [io.api.tes.ser.api.KafkaSerdesTester] (Thread-715) Sending message {"key11755103667427": "value-8"} to topic topic-6d7d9459_929c_489b_bd27_306863313227
2025-08-13 16:47:49,285 INFO  [io.api.tes.ser.api.KafkaSerdesTester] (Thread-715) Sending message {"key11755103667427": "value-9"} to topic topic-6d7d9459_929c_489b_bd27_306863313227
2025-08-13 16:47:49,287 INFO  [io.api.tes.ser.api.KafkaSerdesTester] (Thread-715) Produced 10 messages
2025-08-13 16:47:49,287 INFO  [org.apa.kaf.cli.pro.KafkaProducer] (Thread-715) [Producer clientId=Producer-topic-6d7d9459_929c_489b_bd27_306863313227] Closing the Kafka producer with timeoutMillis = 9223372036854775807 ms.
2025-08-13 16:47:49,289 INFO  [org.apa.kaf.com.met.Metrics] (Thread-715) Metrics scheduler closed
2025-08-13 16:47:49,289 INFO  [org.apa.kaf.com.met.Metrics] (Thread-715) Closing reporter org.apache.kafka.common.metrics.JmxReporter
2025-08-13 16:47:49,289 INFO  [org.apa.kaf.com.met.Metrics] (Thread-715) Closing reporter org.apache.kafka.common.telemetry.internals.ClientTelemetryReporter
2025-08-13 16:47:49,289 INFO  [org.apa.kaf.com.met.Metrics] (Thread-715) Metrics reporters closed
2025-08-13 16:47:49,289 INFO  [org.apa.kaf.com.uti.AppInfoParser] (Thread-715) App info kafka.producer for Producer-topic-6d7d9459_929c_489b_bd27_306863313227 unregistered
2025-08-13 16:47:49,290 INFO  [org.apa.kaf.cli.con.int.ClassicKafkaConsumer] (Thread-716) [Consumer clientId=consumer-Consumer-topic-6e28a6fb_e491_4297_af70_8e3fbe9844cd-14, groupId=Consumer-topic-6e28a6fb_e491_4297_af70_8e3fbe9844cd] Subscribed to topic(s): topic-6e28a6fb_e491_4297_af70_8e3fbe9844cd
2025-08-13 16:47:49,297 INFO  [org.apa.kaf.cli.Metadata] (Thread-716) [Consumer clientId=consumer-Consumer-topic-6e28a6fb_e491_4297_af70_8e3fbe9844cd-14, groupId=Consumer-topic-6e28a6fb_e491_4297_af70_8e3fbe9844cd] Cluster ID: 2Q56eJUuTz2w_13NlVd4Hw
2025-08-13 16:47:49,297 INFO  [org.apa.kaf.cli.con.int.ConsumerCoordinator] (Thread-716) [Consumer clientId=consumer-Consumer-topic-6e28a6fb_e491_4297_af70_8e3fbe9844cd-14, groupId=Consumer-topic-6e28a6fb_e491_4297_af70_8e3fbe9844cd] Discovered group coordinator localhost:32769 (id: 2147483647 rack: null)
2025-08-13 16:47:49,298 INFO  [org.apa.kaf.cli.con.int.ConsumerCoordinator] (Thread-716) [Consumer clientId=consumer-Consumer-topic-6e28a6fb_e491_4297_af70_8e3fbe9844cd-14, groupId=Consumer-topic-6e28a6fb_e491_4297_af70_8e3fbe9844cd] (Re-)joining group
2025-08-13 16:47:49,306 INFO  [org.apa.kaf.cli.con.int.ConsumerCoordinator] (Thread-716) [Consumer clientId=consumer-Consumer-topic-6e28a6fb_e491_4297_af70_8e3fbe9844cd-14, groupId=Consumer-topic-6e28a6fb_e491_4297_af70_8e3fbe9844cd] Request joining group due to: need to re-join with the given member-id: consumer-Consumer-topic-6e28a6fb_e491_4297_af70_8e3fbe9844cd-14-ccab46bd-4eeb-439d-9b01-4360c6336425
2025-08-13 16:47:49,306 INFO  [org.apa.kaf.cli.con.int.ConsumerCoordinator] (Thread-716) [Consumer clientId=consumer-Consumer-topic-6e28a6fb_e491_4297_af70_8e3fbe9844cd-14, groupId=Consumer-topic-6e28a6fb_e491_4297_af70_8e3fbe9844cd] (Re-)joining group
2025-08-13 16:47:50,290 INFO  [io.api.tes.ser.api.KafkaSerdesTester] (Thread-716) None found
2025-08-13 16:47:51,290 INFO  [io.api.tes.ser.api.KafkaSerdesTester] (Thread-716) None found
2025-08-13 16:47:52,290 INFO  [io.api.tes.ser.api.KafkaSerdesTester] (Thread-716) None found
2025-08-13 16:47:52,309 INFO  [org.apa.kaf.cli.con.int.ConsumerCoordinator] (Thread-716) [Consumer clientId=consumer-Consumer-topic-6e28a6fb_e491_4297_af70_8e3fbe9844cd-14, groupId=Consumer-topic-6e28a6fb_e491_4297_af70_8e3fbe9844cd] Successfully joined group with generation Generation{generationId=1, memberId='consumer-Consumer-topic-6e28a6fb_e491_4297_af70_8e3fbe9844cd-14-ccab46bd-4eeb-439d-9b01-4360c6336425', protocol='range'}
2025-08-13 16:47:52,309 INFO  [org.apa.kaf.cli.con.int.ConsumerCoordinator] (Thread-716) [Consumer clientId=consumer-Consumer-topic-6e28a6fb_e491_4297_af70_8e3fbe9844cd-14, groupId=Consumer-topic-6e28a6fb_e491_4297_af70_8e3fbe9844cd] Finished assignment for group at generation 1: {consumer-Consumer-topic-6e28a6fb_e491_4297_af70_8e3fbe9844cd-14-ccab46bd-4eeb-439d-9b01-4360c6336425=Assignment(partitions=[topic-6e28a6fb_e491_4297_af70_8e3fbe9844cd-0])}
2025-08-13 16:47:52,316 INFO  [org.apa.kaf.cli.con.int.ConsumerCoordinator] (Thread-716) [Consumer clientId=consumer-Consumer-topic-6e28a6fb_e491_4297_af70_8e3fbe9844cd-14, groupId=Consumer-topic-6e28a6fb_e491_4297_af70_8e3fbe9844cd] Successfully synced group in generation Generation{generationId=1, memberId='consumer-Consumer-topic-6e28a6fb_e491_4297_af70_8e3fbe9844cd-14-ccab46bd-4eeb-439d-9b01-4360c6336425', protocol='range'}
2025-08-13 16:47:52,316 INFO  [org.apa.kaf.cli.con.int.ConsumerCoordinator] (Thread-716) [Consumer clientId=consumer-Consumer-topic-6e28a6fb_e491_4297_af70_8e3fbe9844cd-14, groupId=Consumer-topic-6e28a6fb_e491_4297_af70_8e3fbe9844cd] Notifying assignor about the new Assignment(partitions=[topic-6e28a6fb_e491_4297_af70_8e3fbe9844cd-0])
2025-08-13 16:47:52,316 INFO  [org.apa.kaf.cli.con.int.ConsumerRebalanceListenerInvoker] (Thread-716) [Consumer clientId=consumer-Consumer-topic-6e28a6fb_e491_4297_af70_8e3fbe9844cd-14, groupId=Consumer-topic-6e28a6fb_e491_4297_af70_8e3fbe9844cd] Adding newly assigned partitions: topic-6e28a6fb_e491_4297_af70_8e3fbe9844cd-0
2025-08-13 16:47:52,317 INFO  [org.apa.kaf.cli.con.int.ConsumerCoordinator] (Thread-716) [Consumer clientId=consumer-Consumer-topic-6e28a6fb_e491_4297_af70_8e3fbe9844cd-14, groupId=Consumer-topic-6e28a6fb_e491_4297_af70_8e3fbe9844cd] Found no committed offset for partition topic-6e28a6fb_e491_4297_af70_8e3fbe9844cd-0
2025-08-13 16:47:52,321 INFO  [org.apa.kaf.cli.con.int.SubscriptionState] (Thread-716) [Consumer clientId=consumer-Consumer-topic-6e28a6fb_e491_4297_af70_8e3fbe9844cd-14, groupId=Consumer-topic-6e28a6fb_e491_4297_af70_8e3fbe9844cd] Resetting offset for partition topic-6e28a6fb_e491_4297_af70_8e3fbe9844cd-0 to position FetchPosition{offset=0, offsetEpoch=Optional.empty, currentLeader=LeaderAndEpoch{leader=Optional[localhost:32769 (id: 0 rack: null)], epoch=0}}.
2025-08-13 16:47:52,556 INFO  [io.api.tes.ser.api.KafkaSerdesTester] (Thread-716) topic-6e28a6fb_e491_4297_af70_8e3fbe9844cd 0 0 {"key11755103667427": "value-0"}
2025-08-13 16:47:52,556 INFO  [io.api.tes.ser.api.KafkaSerdesTester] (Thread-716) topic-6e28a6fb_e491_4297_af70_8e3fbe9844cd 0 1 {"key11755103667427": "value-1"}
2025-08-13 16:47:52,556 INFO  [io.api.tes.ser.api.KafkaSerdesTester] (Thread-716) topic-6e28a6fb_e491_4297_af70_8e3fbe9844cd 0 2 {"key11755103667427": "value-2"}
2025-08-13 16:47:52,556 INFO  [io.api.tes.ser.api.KafkaSerdesTester] (Thread-716) topic-6e28a6fb_e491_4297_af70_8e3fbe9844cd 0 3 {"key11755103667427": "value-3"}
2025-08-13 16:47:52,556 INFO  [io.api.tes.ser.api.KafkaSerdesTester] (Thread-716) topic-6e28a6fb_e491_4297_af70_8e3fbe9844cd 0 4 {"key11755103667427": "value-4"}
2025-08-13 16:47:52,556 INFO  [io.api.tes.ser.api.KafkaSerdesTester] (Thread-716) topic-6e28a6fb_e491_4297_af70_8e3fbe9844cd 0 5 {"key11755103667427": "value-5"}
2025-08-13 16:47:52,556 INFO  [io.api.tes.ser.api.KafkaSerdesTester] (Thread-716) topic-6e28a6fb_e491_4297_af70_8e3fbe9844cd 0 6 {"key11755103667427": "value-6"}
2025-08-13 16:47:52,556 INFO  [io.api.tes.ser.api.KafkaSerdesTester] (Thread-716) topic-6e28a6fb_e491_4297_af70_8e3fbe9844cd 0 7 {"key11755103667427": "value-7"}
2025-08-13 16:47:52,556 INFO  [io.api.tes.ser.api.KafkaSerdesTester] (Thread-716) topic-6e28a6fb_e491_4297_af70_8e3fbe9844cd 0 8 {"key11755103667427": "value-8"}
2025-08-13 16:47:52,556 INFO  [io.api.tes.ser.api.KafkaSerdesTester] (Thread-716) topic-6e28a6fb_e491_4297_af70_8e3fbe9844cd 0 9 {"key11755103667427": "value-9"}
2025-08-13 16:47:52,556 INFO  [io.api.tes.ser.api.KafkaSerdesTester] (Thread-716) Consumed 10 messages
2025-08-13 16:47:52,565 INFO  [org.apa.kaf.cli.con.int.ConsumerRebalanceListenerInvoker] (Thread-716) [Consumer clientId=consumer-Consumer-topic-6e28a6fb_e491_4297_af70_8e3fbe9844cd-14, groupId=Consumer-topic-6e28a6fb_e491_4297_af70_8e3fbe9844cd] Revoke previously assigned partitions topic-6e28a6fb_e491_4297_af70_8e3fbe9844cd-0
2025-08-13 16:47:52,565 INFO  [org.apa.kaf.cli.con.int.ConsumerCoordinator] (Thread-716) [Consumer clientId=consumer-Consumer-topic-6e28a6fb_e491_4297_af70_8e3fbe9844cd-14, groupId=Consumer-topic-6e28a6fb_e491_4297_af70_8e3fbe9844cd] Member consumer-Consumer-topic-6e28a6fb_e491_4297_af70_8e3fbe9844cd-14-ccab46bd-4eeb-439d-9b01-4360c6336425 sending LeaveGroup request to coordinator localhost:32769 (id: 2147483647 rack: null) due to the consumer is being closed
2025-08-13 16:47:52,566 INFO  [org.apa.kaf.cli.con.int.ConsumerCoordinator] (Thread-716) [Consumer clientId=consumer-Consumer-topic-6e28a6fb_e491_4297_af70_8e3fbe9844cd-14, groupId=Consumer-topic-6e28a6fb_e491_4297_af70_8e3fbe9844cd] Resetting generation and member id due to: consumer pro-actively leaving the group
2025-08-13 16:47:52,566 INFO  [org.apa.kaf.cli.con.int.ConsumerCoordinator] (Thread-716) [Consumer clientId=consumer-Consumer-topic-6e28a6fb_e491_4297_af70_8e3fbe9844cd-14, groupId=Consumer-topic-6e28a6fb_e491_4297_af70_8e3fbe9844cd] Request joining group due to: consumer pro-actively leaving the group
2025-08-13 16:47:53,059 INFO  [org.apa.kaf.com.met.Metrics] (Thread-716) Metrics scheduler closed
2025-08-13 16:47:53,059 INFO  [org.apa.kaf.com.met.Metrics] (Thread-716) Closing reporter org.apache.kafka.common.metrics.JmxReporter
2025-08-13 16:47:53,059 INFO  [org.apa.kaf.com.met.Metrics] (Thread-716) Closing reporter org.apache.kafka.common.telemetry.internals.ClientTelemetryReporter
2025-08-13 16:47:53,059 INFO  [org.apa.kaf.com.met.Metrics] (Thread-716) Metrics reporters closed
2025-08-13 16:47:53,061 INFO  [org.apa.kaf.com.uti.AppInfoParser] (Thread-716) App info kafka.consumer for consumer-Consumer-topic-6e28a6fb_e491_4297_af70_8e3fbe9844cd-14 unregistered
2025-08-13 16:47:53,062 INFO  [org.apa.kaf.cli.con.int.ClassicKafkaConsumer] (Thread-717) [Consumer clientId=consumer-Consumer-topic-ec436f1d_0cc2_4d92_8579_6905a54deaa0-15, groupId=Consumer-topic-ec436f1d_0cc2_4d92_8579_6905a54deaa0] Subscribed to topic(s): topic-ec436f1d_0cc2_4d92_8579_6905a54deaa0
2025-08-13 16:47:53,066 INFO  [org.apa.kaf.cli.Metadata] (Thread-717) [Consumer clientId=consumer-Consumer-topic-ec436f1d_0cc2_4d92_8579_6905a54deaa0-15, groupId=Consumer-topic-ec436f1d_0cc2_4d92_8579_6905a54deaa0] Cluster ID: 2Q56eJUuTz2w_13NlVd4Hw
2025-08-13 16:47:53,067 INFO  [org.apa.kaf.cli.con.int.ConsumerCoordinator] (Thread-717) [Consumer clientId=consumer-Consumer-topic-ec436f1d_0cc2_4d92_8579_6905a54deaa0-15, groupId=Consumer-topic-ec436f1d_0cc2_4d92_8579_6905a54deaa0] Discovered group coordinator localhost:32769 (id: 2147483647 rack: null)
2025-08-13 16:47:53,069 INFO  [org.apa.kaf.cli.con.int.ConsumerCoordinator] (Thread-717) [Consumer clientId=consumer-Consumer-topic-ec436f1d_0cc2_4d92_8579_6905a54deaa0-15, groupId=Consumer-topic-ec436f1d_0cc2_4d92_8579_6905a54deaa0] (Re-)joining group
2025-08-13 16:47:53,071 INFO  [org.apa.kaf.cli.con.int.ConsumerCoordinator] (Thread-717) [Consumer clientId=consumer-Consumer-topic-ec436f1d_0cc2_4d92_8579_6905a54deaa0-15, groupId=Consumer-topic-ec436f1d_0cc2_4d92_8579_6905a54deaa0] Request joining group due to: need to re-join with the given member-id: consumer-Consumer-topic-ec436f1d_0cc2_4d92_8579_6905a54deaa0-15-49b5fc0e-110b-46a0-b8ab-83d92c6e0114
2025-08-13 16:47:53,072 INFO  [org.apa.kaf.cli.con.int.ConsumerCoordinator] (Thread-717) [Consumer clientId=consumer-Consumer-topic-ec436f1d_0cc2_4d92_8579_6905a54deaa0-15, groupId=Consumer-topic-ec436f1d_0cc2_4d92_8579_6905a54deaa0] (Re-)joining group
2025-08-13 16:47:54,062 INFO  [io.api.tes.ser.api.KafkaSerdesTester] (Thread-717) None found
2025-08-13 16:47:55,062 INFO  [io.api.tes.ser.api.KafkaSerdesTester] (Thread-717) None found
2025-08-13 16:47:56,063 INFO  [io.api.tes.ser.api.KafkaSerdesTester] (Thread-717) None found
2025-08-13 16:47:56,074 INFO  [org.apa.kaf.cli.con.int.ConsumerCoordinator] (Thread-717) [Consumer clientId=consumer-Consumer-topic-ec436f1d_0cc2_4d92_8579_6905a54deaa0-15, groupId=Consumer-topic-ec436f1d_0cc2_4d92_8579_6905a54deaa0] Successfully joined group with generation Generation{generationId=1, memberId='consumer-Consumer-topic-ec436f1d_0cc2_4d92_8579_6905a54deaa0-15-49b5fc0e-110b-46a0-b8ab-83d92c6e0114', protocol='range'}
2025-08-13 16:47:56,074 INFO  [org.apa.kaf.cli.con.int.ConsumerCoordinator] (Thread-717) [Consumer clientId=consumer-Consumer-topic-ec436f1d_0cc2_4d92_8579_6905a54deaa0-15, groupId=Consumer-topic-ec436f1d_0cc2_4d92_8579_6905a54deaa0] Finished assignment for group at generation 1: {consumer-Consumer-topic-ec436f1d_0cc2_4d92_8579_6905a54deaa0-15-49b5fc0e-110b-46a0-b8ab-83d92c6e0114=Assignment(partitions=[topic-ec436f1d_0cc2_4d92_8579_6905a54deaa0-0])}
2025-08-13 16:47:56,081 INFO  [org.apa.kaf.cli.con.int.ConsumerCoordinator] (Thread-717) [Consumer clientId=consumer-Consumer-topic-ec436f1d_0cc2_4d92_8579_6905a54deaa0-15, groupId=Consumer-topic-ec436f1d_0cc2_4d92_8579_6905a54deaa0] Successfully synced group in generation Generation{generationId=1, memberId='consumer-Consumer-topic-ec436f1d_0cc2_4d92_8579_6905a54deaa0-15-49b5fc0e-110b-46a0-b8ab-83d92c6e0114', protocol='range'}
2025-08-13 16:47:56,081 INFO  [org.apa.kaf.cli.con.int.ConsumerCoordinator] (Thread-717) [Consumer clientId=consumer-Consumer-topic-ec436f1d_0cc2_4d92_8579_6905a54deaa0-15, groupId=Consumer-topic-ec436f1d_0cc2_4d92_8579_6905a54deaa0] Notifying assignor about the new Assignment(partitions=[topic-ec436f1d_0cc2_4d92_8579_6905a54deaa0-0])
2025-08-13 16:47:56,081 INFO  [org.apa.kaf.cli.con.int.ConsumerRebalanceListenerInvoker] (Thread-717) [Consumer clientId=consumer-Consumer-topic-ec436f1d_0cc2_4d92_8579_6905a54deaa0-15, groupId=Consumer-topic-ec436f1d_0cc2_4d92_8579_6905a54deaa0] Adding newly assigned partitions: topic-ec436f1d_0cc2_4d92_8579_6905a54deaa0-0
2025-08-13 16:47:56,083 INFO  [org.apa.kaf.cli.con.int.ConsumerCoordinator] (Thread-717) [Consumer clientId=consumer-Consumer-topic-ec436f1d_0cc2_4d92_8579_6905a54deaa0-15, groupId=Consumer-topic-ec436f1d_0cc2_4d92_8579_6905a54deaa0] Found no committed offset for partition topic-ec436f1d_0cc2_4d92_8579_6905a54deaa0-0
2025-08-13 16:47:56,089 INFO  [org.apa.kaf.cli.con.int.SubscriptionState] (Thread-717) [Consumer clientId=consumer-Consumer-topic-ec436f1d_0cc2_4d92_8579_6905a54deaa0-15, groupId=Consumer-topic-ec436f1d_0cc2_4d92_8579_6905a54deaa0] Resetting offset for partition topic-ec436f1d_0cc2_4d92_8579_6905a54deaa0-0 to position FetchPosition{offset=0, offsetEpoch=Optional.empty, currentLeader=LeaderAndEpoch{leader=Optional[localhost:32769 (id: 0 rack: null)], epoch=0}}.
2025-08-13 16:47:56,328 INFO  [io.api.tes.ser.api.KafkaSerdesTester] (Thread-717) topic-ec436f1d_0cc2_4d92_8579_6905a54deaa0 0 0 {"key11755103667427": "value-0"}
2025-08-13 16:47:56,328 INFO  [io.api.tes.ser.api.KafkaSerdesTester] (Thread-717) topic-ec436f1d_0cc2_4d92_8579_6905a54deaa0 0 1 {"key11755103667427": "value-1"}
2025-08-13 16:47:56,329 INFO  [io.api.tes.ser.api.KafkaSerdesTester] (Thread-717) topic-ec436f1d_0cc2_4d92_8579_6905a54deaa0 0 2 {"key11755103667427": "value-2"}
2025-08-13 16:47:56,329 INFO  [io.api.tes.ser.api.KafkaSerdesTester] (Thread-717) topic-ec436f1d_0cc2_4d92_8579_6905a54deaa0 0 3 {"key11755103667427": "value-3"}
2025-08-13 16:47:56,329 INFO  [io.api.tes.ser.api.KafkaSerdesTester] (Thread-717) topic-ec436f1d_0cc2_4d92_8579_6905a54deaa0 0 4 {"key11755103667427": "value-4"}
2025-08-13 16:47:56,329 INFO  [io.api.tes.ser.api.KafkaSerdesTester] (Thread-717) topic-ec436f1d_0cc2_4d92_8579_6905a54deaa0 0 5 {"key11755103667427": "value-5"}
2025-08-13 16:47:56,329 INFO  [io.api.tes.ser.api.KafkaSerdesTester] (Thread-717) topic-ec436f1d_0cc2_4d92_8579_6905a54deaa0 0 6 {"key11755103667427": "value-6"}
2025-08-13 16:47:56,329 INFO  [io.api.tes.ser.api.KafkaSerdesTester] (Thread-717) topic-ec436f1d_0cc2_4d92_8579_6905a54deaa0 0 7 {"key11755103667427": "value-7"}
2025-08-13 16:47:56,329 INFO  [io.api.tes.ser.api.KafkaSerdesTester] (Thread-717) topic-ec436f1d_0cc2_4d92_8579_6905a54deaa0 0 8 {"key11755103667427": "value-8"}
2025-08-13 16:47:56,329 INFO  [io.api.tes.ser.api.KafkaSerdesTester] (Thread-717) topic-ec436f1d_0cc2_4d92_8579_6905a54deaa0 0 9 {"key11755103667427": "value-9"}
2025-08-13 16:47:56,329 INFO  [io.api.tes.ser.api.KafkaSerdesTester] (Thread-717) Consumed 10 messages
2025-08-13 16:47:56,336 INFO  [org.apa.kaf.cli.con.int.ConsumerRebalanceListenerInvoker] (Thread-717) [Consumer clientId=consumer-Consumer-topic-ec436f1d_0cc2_4d92_8579_6905a54deaa0-15, groupId=Consumer-topic-ec436f1d_0cc2_4d92_8579_6905a54deaa0] Revoke previously assigned partitions topic-ec436f1d_0cc2_4d92_8579_6905a54deaa0-0
2025-08-13 16:47:56,336 INFO  [org.apa.kaf.cli.con.int.ConsumerCoordinator] (Thread-717) [Consumer clientId=consumer-Consumer-topic-ec436f1d_0cc2_4d92_8579_6905a54deaa0-15, groupId=Consumer-topic-ec436f1d_0cc2_4d92_8579_6905a54deaa0] Member consumer-Consumer-topic-ec436f1d_0cc2_4d92_8579_6905a54deaa0-15-49b5fc0e-110b-46a0-b8ab-83d92c6e0114 sending LeaveGroup request to coordinator localhost:32769 (id: 2147483647 rack: null) due to the consumer is being closed
2025-08-13 16:47:56,336 INFO  [org.apa.kaf.cli.con.int.ConsumerCoordinator] (Thread-717) [Consumer clientId=consumer-Consumer-topic-ec436f1d_0cc2_4d92_8579_6905a54deaa0-15, groupId=Consumer-topic-ec436f1d_0cc2_4d92_8579_6905a54deaa0] Resetting generation and member id due to: consumer pro-actively leaving the group
2025-08-13 16:47:56,337 INFO  [org.apa.kaf.cli.con.int.ConsumerCoordinator] (Thread-717) [Consumer clientId=consumer-Consumer-topic-ec436f1d_0cc2_4d92_8579_6905a54deaa0-15, groupId=Consumer-topic-ec436f1d_0cc2_4d92_8579_6905a54deaa0] Request joining group due to: consumer pro-actively leaving the group
2025-08-13 16:47:56,831 INFO  [org.apa.kaf.com.met.Metrics] (Thread-717) Metrics scheduler closed
2025-08-13 16:47:56,831 INFO  [org.apa.kaf.com.met.Metrics] (Thread-717) Closing reporter org.apache.kafka.common.metrics.JmxReporter
2025-08-13 16:47:56,831 INFO  [org.apa.kaf.com.met.Metrics] (Thread-717) Closing reporter org.apache.kafka.common.telemetry.internals.ClientTelemetryReporter
2025-08-13 16:47:56,831 INFO  [org.apa.kaf.com.met.Metrics] (Thread-717) Metrics reporters closed
2025-08-13 16:47:56,833 INFO  [org.apa.kaf.com.uti.AppInfoParser] (Thread-717) App info kafka.consumer for consumer-Consumer-topic-ec436f1d_0cc2_4d92_8579_6905a54deaa0-15 unregistered
2025-08-13 16:47:56,834 INFO  [org.apa.kaf.cli.con.int.ClassicKafkaConsumer] (Thread-718) [Consumer clientId=consumer-Consumer-topic-6d7d9459_929c_489b_bd27_306863313227-16, groupId=Consumer-topic-6d7d9459_929c_489b_bd27_306863313227] Subscribed to topic(s): topic-6d7d9459_929c_489b_bd27_306863313227
2025-08-13 16:47:56,839 INFO  [org.apa.kaf.cli.Metadata] (Thread-718) [Consumer clientId=consumer-Consumer-topic-6d7d9459_929c_489b_bd27_306863313227-16, groupId=Consumer-topic-6d7d9459_929c_489b_bd27_306863313227] Cluster ID: 2Q56eJUuTz2w_13NlVd4Hw
2025-08-13 16:47:56,840 INFO  [org.apa.kaf.cli.con.int.ConsumerCoordinator] (Thread-718) [Consumer clientId=consumer-Consumer-topic-6d7d9459_929c_489b_bd27_306863313227-16, groupId=Consumer-topic-6d7d9459_929c_489b_bd27_306863313227] Discovered group coordinator localhost:32769 (id: 2147483647 rack: null)
2025-08-13 16:47:56,841 INFO  [org.apa.kaf.cli.con.int.ConsumerCoordinator] (Thread-718) [Consumer clientId=consumer-Consumer-topic-6d7d9459_929c_489b_bd27_306863313227-16, groupId=Consumer-topic-6d7d9459_929c_489b_bd27_306863313227] (Re-)joining group
2025-08-13 16:47:56,846 INFO  [org.apa.kaf.cli.con.int.ConsumerCoordinator] (Thread-718) [Consumer clientId=consumer-Consumer-topic-6d7d9459_929c_489b_bd27_306863313227-16, groupId=Consumer-topic-6d7d9459_929c_489b_bd27_306863313227] Request joining group due to: need to re-join with the given member-id: consumer-Consumer-topic-6d7d9459_929c_489b_bd27_306863313227-16-22d8e22d-b766-4b27-8666-446215ac2d8b
2025-08-13 16:47:56,846 INFO  [org.apa.kaf.cli.con.int.ConsumerCoordinator] (Thread-718) [Consumer clientId=consumer-Consumer-topic-6d7d9459_929c_489b_bd27_306863313227-16, groupId=Consumer-topic-6d7d9459_929c_489b_bd27_306863313227] (Re-)joining group
2025-08-13 16:47:57,834 INFO  [io.api.tes.ser.api.KafkaSerdesTester] (Thread-718) None found
2025-08-13 16:47:58,834 INFO  [io.api.tes.ser.api.KafkaSerdesTester] (Thread-718) None found
2025-08-13 16:47:59,834 INFO  [io.api.tes.ser.api.KafkaSerdesTester] (Thread-718) None found
2025-08-13 16:47:59,847 INFO  [org.apa.kaf.cli.con.int.ConsumerCoordinator] (Thread-718) [Consumer clientId=consumer-Consumer-topic-6d7d9459_929c_489b_bd27_306863313227-16, groupId=Consumer-topic-6d7d9459_929c_489b_bd27_306863313227] Successfully joined group with generation Generation{generationId=1, memberId='consumer-Consumer-topic-6d7d9459_929c_489b_bd27_306863313227-16-22d8e22d-b766-4b27-8666-446215ac2d8b', protocol='range'}
2025-08-13 16:47:59,848 INFO  [org.apa.kaf.cli.con.int.ConsumerCoordinator] (Thread-718) [Consumer clientId=consumer-Consumer-topic-6d7d9459_929c_489b_bd27_306863313227-16, groupId=Consumer-topic-6d7d9459_929c_489b_bd27_306863313227] Finished assignment for group at generation 1: {consumer-Consumer-topic-6d7d9459_929c_489b_bd27_306863313227-16-22d8e22d-b766-4b27-8666-446215ac2d8b=Assignment(partitions=[topic-6d7d9459_929c_489b_bd27_306863313227-0])}
2025-08-13 16:47:59,854 INFO  [org.apa.kaf.cli.con.int.ConsumerCoordinator] (Thread-718) [Consumer clientId=consumer-Consumer-topic-6d7d9459_929c_489b_bd27_306863313227-16, groupId=Consumer-topic-6d7d9459_929c_489b_bd27_306863313227] Successfully synced group in generation Generation{generationId=1, memberId='consumer-Consumer-topic-6d7d9459_929c_489b_bd27_306863313227-16-22d8e22d-b766-4b27-8666-446215ac2d8b', protocol='range'}
2025-08-13 16:47:59,855 INFO  [org.apa.kaf.cli.con.int.ConsumerCoordinator] (Thread-718) [Consumer clientId=consumer-Consumer-topic-6d7d9459_929c_489b_bd27_306863313227-16, groupId=Consumer-topic-6d7d9459_929c_489b_bd27_306863313227] Notifying assignor about the new Assignment(partitions=[topic-6d7d9459_929c_489b_bd27_306863313227-0])
2025-08-13 16:47:59,855 INFO  [org.apa.kaf.cli.con.int.ConsumerRebalanceListenerInvoker] (Thread-718) [Consumer clientId=consumer-Consumer-topic-6d7d9459_929c_489b_bd27_306863313227-16, groupId=Consumer-topic-6d7d9459_929c_489b_bd27_306863313227] Adding newly assigned partitions: topic-6d7d9459_929c_489b_bd27_306863313227-0
2025-08-13 16:47:59,855 INFO  [org.apa.kaf.cli.con.int.ConsumerCoordinator] (Thread-718) [Consumer clientId=consumer-Consumer-topic-6d7d9459_929c_489b_bd27_306863313227-16, groupId=Consumer-topic-6d7d9459_929c_489b_bd27_306863313227] Found no committed offset for partition topic-6d7d9459_929c_489b_bd27_306863313227-0
2025-08-13 16:47:59,857 INFO  [org.apa.kaf.cli.con.int.SubscriptionState] (Thread-718) [Consumer clientId=consumer-Consumer-topic-6d7d9459_929c_489b_bd27_306863313227-16, groupId=Consumer-topic-6d7d9459_929c_489b_bd27_306863313227] Resetting offset for partition topic-6d7d9459_929c_489b_bd27_306863313227-0 to position FetchPosition{offset=0, offsetEpoch=Optional.empty, currentLeader=LeaderAndEpoch{leader=Optional[localhost:32769 (id: 0 rack: null)], epoch=0}}.
2025-08-13 16:48:00,089 INFO  [io.api.tes.ser.api.KafkaSerdesTester] (Thread-718) topic-6d7d9459_929c_489b_bd27_306863313227 0 0 {"key11755103667427": "value-0"}
2025-08-13 16:48:00,089 INFO  [io.api.tes.ser.api.KafkaSerdesTester] (Thread-718) topic-6d7d9459_929c_489b_bd27_306863313227 0 1 {"key11755103667427": "value-1"}
2025-08-13 16:48:00,089 INFO  [io.api.tes.ser.api.KafkaSerdesTester] (Thread-718) topic-6d7d9459_929c_489b_bd27_306863313227 0 2 {"key11755103667427": "value-2"}
2025-08-13 16:48:00,089 INFO  [io.api.tes.ser.api.KafkaSerdesTester] (Thread-718) topic-6d7d9459_929c_489b_bd27_306863313227 0 3 {"key11755103667427": "value-3"}
2025-08-13 16:48:00,089 INFO  [io.api.tes.ser.api.KafkaSerdesTester] (Thread-718) topic-6d7d9459_929c_489b_bd27_306863313227 0 4 {"key11755103667427": "value-4"}
2025-08-13 16:48:00,089 INFO  [io.api.tes.ser.api.KafkaSerdesTester] (Thread-718) topic-6d7d9459_929c_489b_bd27_306863313227 0 5 {"key11755103667427": "value-5"}
2025-08-13 16:48:00,089 INFO  [io.api.tes.ser.api.KafkaSerdesTester] (Thread-718) topic-6d7d9459_929c_489b_bd27_306863313227 0 6 {"key11755103667427": "value-6"}
2025-08-13 16:48:00,089 INFO  [io.api.tes.ser.api.KafkaSerdesTester] (Thread-718) topic-6d7d9459_929c_489b_bd27_306863313227 0 7 {"key11755103667427": "value-7"}
2025-08-13 16:48:00,089 INFO  [io.api.tes.ser.api.KafkaSerdesTester] (Thread-718) topic-6d7d9459_929c_489b_bd27_306863313227 0 8 {"key11755103667427": "value-8"}
2025-08-13 16:48:00,089 INFO  [io.api.tes.ser.api.KafkaSerdesTester] (Thread-718) topic-6d7d9459_929c_489b_bd27_306863313227 0 9 {"key11755103667427": "value-9"}
2025-08-13 16:48:00,089 INFO  [io.api.tes.ser.api.KafkaSerdesTester] (Thread-718) Consumed 10 messages
2025-08-13 16:48:00,097 INFO  [org.apa.kaf.cli.con.int.ConsumerRebalanceListenerInvoker] (Thread-718) [Consumer clientId=consumer-Consumer-topic-6d7d9459_929c_489b_bd27_306863313227-16, groupId=Consumer-topic-6d7d9459_929c_489b_bd27_306863313227] Revoke previously assigned partitions topic-6d7d9459_929c_489b_bd27_306863313227-0
2025-08-13 16:48:00,097 INFO  [org.apa.kaf.cli.con.int.ConsumerCoordinator] (Thread-718) [Consumer clientId=consumer-Consumer-topic-6d7d9459_929c_489b_bd27_306863313227-16, groupId=Consumer-topic-6d7d9459_929c_489b_bd27_306863313227] Member consumer-Consumer-topic-6d7d9459_929c_489b_bd27_306863313227-16-22d8e22d-b766-4b27-8666-446215ac2d8b sending LeaveGroup request to coordinator localhost:32769 (id: 2147483647 rack: null) due to the consumer is being closed
2025-08-13 16:48:00,098 INFO  [org.apa.kaf.cli.con.int.ConsumerCoordinator] (Thread-718) [Consumer clientId=consumer-Consumer-topic-6d7d9459_929c_489b_bd27_306863313227-16, groupId=Consumer-topic-6d7d9459_929c_489b_bd27_306863313227] Resetting generation and member id due to: consumer pro-actively leaving the group
2025-08-13 16:48:00,098 INFO  [org.apa.kaf.cli.con.int.ConsumerCoordinator] (Thread-718) [Consumer clientId=consumer-Consumer-topic-6d7d9459_929c_489b_bd27_306863313227-16, groupId=Consumer-topic-6d7d9459_929c_489b_bd27_306863313227] Request joining group due to: consumer pro-actively leaving the group
2025-08-13 16:48:00,591 INFO  [org.apa.kaf.com.met.Metrics] (Thread-718) Metrics scheduler closed
2025-08-13 16:48:00,592 INFO  [org.apa.kaf.com.met.Metrics] (Thread-718) Closing reporter org.apache.kafka.common.metrics.JmxReporter
2025-08-13 16:48:00,592 INFO  [org.apa.kaf.com.met.Metrics] (Thread-718) Closing reporter org.apache.kafka.common.telemetry.internals.ClientTelemetryReporter
2025-08-13 16:48:00,592 INFO  [org.apa.kaf.com.met.Metrics] (Thread-718) Metrics reporters closed
2025-08-13 16:48:00,593 INFO  [org.apa.kaf.com.uti.AppInfoParser] (Thread-718) App info kafka.consumer for consumer-Consumer-topic-6d7d9459_929c_489b_bd27_306863313227-16 unregistered
2025-08-13 16:48:00,594 INFO  [io.api.tes.uti.TestSeparator] (main) io.apicurio.tests.serdes.apicurio.AvroSerdeIT.testAvroConfluentForMultipleTopics-FINISHED
2025-08-13 16:48:00,594 INFO  [io.api.tes.uti.TestSeparator] (main) ############################################################################
Test passed: testAvroConfluentForMultipleTopics
]]></system-out>
  </testcase>
  <testcase name="testFirstRequestFailsRateLimited" classname="io.apicurio.tests.serdes.apicurio.AvroSerdeIT" time="1.177">
    <system-out><![CDATA[2025-08-13 16:48:00,596 INFO  [io.api.tes.uti.TestSeparator] (main) ############################################################################
2025-08-13 16:48:00,596 INFO  [io.api.tes.uti.TestSeparator] (main) io.apicurio.tests.serdes.apicurio.AvroSerdeIT.testFirstRequestFailsRateLimited-STARTED
2025-08-13 16:48:01,225 WARN  [org.ecl.jet.ser.AbstractConnector] (main) Acceptors should be <= availableProcessors: NetworkTrafficServerConnector@1e68d8f{HTTP/1.1, (http/1.1, h2c)}{0.0.0.0:0} 
2025-08-13 16:48:01,345 INFO  [org.ecl.jet.ser.Server] (main) jetty-11.0.15; built: 2023-04-11T18:37:53.775Z; git: 5bc5e562c8d05c5862505aebe5cf83a61bdbcb96; jvm 17.0.16+8
2025-08-13 16:48:01,389 INFO  [org.ecl.jet.ser.han.ContextHandler] (main) Started o.e.j.s.ServletContextHandler@cf39749{/__admin,null,AVAILABLE}
2025-08-13 16:48:01,404 INFO  [org.ecl.jet.ser.han.Con.ROOT] (main) RequestHandlerClass from context returned com.github.tomakehurst.wiremock.http.StubRequestHandler. Normalized mapped under returned 'null'
2025-08-13 16:48:01,404 INFO  [org.ecl.jet.ser.han.ContextHandler] (main) Started o.e.j.s.ServletContextHandler@40692fc3{/,null,AVAILABLE}
2025-08-13 16:48:01,416 INFO  [org.ecl.jet.ser.AbstractConnector] (main) Started NetworkTrafficServerConnector@1e68d8f{HTTP/1.1, (http/1.1, h2c)}{0.0.0.0:44269}
2025-08-13 16:48:01,420 INFO  [org.ecl.jet.ser.Server] (main) Started Server@5d7b3a93{STARTING}[11.0.15,sto=1000] @123007ms
**** Registry Base URL: http://registry-app-ksql043.apps.ci419.apicurio-testing.org:80
2025-08-13 16:48:01,440 INFO  [org.apa.kaf.cli.pro.ProducerConfig] (main) ProducerConfig values: 
	acks = -1
	auto.include.jmx.reporter = true
	batch.size = 16384
	bootstrap.servers = [PLAINTEXT://localhost:32769]
	buffer.memory = 33554432
	client.dns.lookup = use_all_dns_ips
	client.id = Producer-topic-5c032d95_403e_4029_b4f9_f13d3c5ff177
	compression.gzip.level = -1
	compression.lz4.level = 9
	compression.type = none
	compression.zstd.level = 3
	connections.max.idle.ms = 10000
	delivery.timeout.ms = 120000
	enable.idempotence = true
	enable.metrics.push = true
	interceptor.classes = []
	key.serializer = class org.apache.kafka.common.serialization.StringSerializer
	linger.ms = 0
	max.block.ms = 60000
	max.in.flight.requests.per.connection = 5
	max.request.size = 1048576
	metadata.max.age.ms = 300000
	metadata.max.idle.ms = 300000
	metadata.recovery.strategy = none
	metric.reporters = []
	metrics.num.samples = 2
	metrics.recording.level = INFO
	metrics.sample.window.ms = 30000
	partitioner.adaptive.partitioning.enable = true
	partitioner.availability.timeout.ms = 0
	partitioner.class = null
	partitioner.ignore.keys = false
	receive.buffer.bytes = 32768
	reconnect.backoff.max.ms = 1000
	reconnect.backoff.ms = 50
	request.timeout.ms = 5000
	retries = 2147483647
	retry.backoff.max.ms = 1000
	retry.backoff.ms = 100
	sasl.client.callback.handler.class = null
	sasl.jaas.config = null
	sasl.kerberos.kinit.cmd = /usr/bin/kinit
	sasl.kerberos.min.time.before.relogin = 60000
	sasl.kerberos.service.name = null
	sasl.kerberos.ticket.renew.jitter = 0.05
	sasl.kerberos.ticket.renew.window.factor = 0.8
	sasl.login.callback.handler.class = null
	sasl.login.class = null
	sasl.login.connect.timeout.ms = null
	sasl.login.read.timeout.ms = null
	sasl.login.refresh.buffer.seconds = 300
	sasl.login.refresh.min.period.seconds = 60
	sasl.login.refresh.window.factor = 0.8
	sasl.login.refresh.window.jitter = 0.05
	sasl.login.retry.backoff.max.ms = 10000
	sasl.login.retry.backoff.ms = 100
	sasl.mechanism = GSSAPI
	sasl.oauthbearer.clock.skew.seconds = 30
	sasl.oauthbearer.expected.audience = null
	sasl.oauthbearer.expected.issuer = null
	sasl.oauthbearer.header.urlencode = false
	sasl.oauthbearer.jwks.endpoint.refresh.ms = 3600000
	sasl.oauthbearer.jwks.endpoint.retry.backoff.max.ms = 10000
	sasl.oauthbearer.jwks.endpoint.retry.backoff.ms = 100
	sasl.oauthbearer.jwks.endpoint.url = null
	sasl.oauthbearer.scope.claim.name = scope
	sasl.oauthbearer.sub.claim.name = sub
	sasl.oauthbearer.token.endpoint.url = null
	security.protocol = PLAINTEXT
	security.providers = null
	send.buffer.bytes = 131072
	socket.connection.setup.timeout.max.ms = 30000
	socket.connection.setup.timeout.ms = 10000
	ssl.cipher.suites = null
	ssl.enabled.protocols = [TLSv1.2, TLSv1.3]
	ssl.endpoint.identification.algorithm = https
	ssl.engine.factory.class = null
	ssl.key.password = null
	ssl.keymanager.algorithm = SunX509
	ssl.keystore.certificate.chain = null
	ssl.keystore.key = null
	ssl.keystore.location = null
	ssl.keystore.password = null
	ssl.keystore.type = JKS
	ssl.protocol = TLSv1.3
	ssl.provider = null
	ssl.secure.random.implementation = null
	ssl.trustmanager.algorithm = PKIX
	ssl.truststore.certificates = null
	ssl.truststore.location = null
	ssl.truststore.password = null
	ssl.truststore.type = JKS
	transaction.timeout.ms = 60000
	transactional.id = null
	value.serializer = class io.apicurio.registry.serde.avro.AvroKafkaSerializer

2025-08-13 16:48:01,441 INFO  [org.apa.kaf.com.tel.int.KafkaMetricsCollector] (main) initializing Kafka metrics collector
2025-08-13 16:48:01,448 INFO  [org.apa.kaf.cli.pro.KafkaProducer] (main) [Producer clientId=Producer-topic-5c032d95_403e_4029_b4f9_f13d3c5ff177] Instantiated an idempotent producer.
2025-08-13 16:48:01,450 INFO  [org.apa.kaf.cli.pro.ProducerConfig] (main) These configurations '[apicurio.registry.url, apicurio.registry.artifact-resolver-strategy]' were supplied but are not used yet.
2025-08-13 16:48:01,450 INFO  [org.apa.kaf.com.uti.AppInfoParser] (main) Kafka version: 3.9.1
2025-08-13 16:48:01,450 INFO  [org.apa.kaf.com.uti.AppInfoParser] (main) Kafka commitId: f745dfdcee2b9851
2025-08-13 16:48:01,450 INFO  [org.apa.kaf.com.uti.AppInfoParser] (main) Kafka startTimeMs: 1755103681450
2025-08-13 16:48:01,452 INFO  [io.api.tes.ser.api.KafkaSerdesTester] (Thread-729) Sending message {"keyB": "value-0"} to topic topic-5c032d95_403e_4029_b4f9_f13d3c5ff177
2025-08-13 16:48:01,458 WARN  [org.apa.kaf.cli.NetworkClient] (kafka-producer-network-thread | Producer-topic-5c032d95_403e_4029_b4f9_f13d3c5ff177) [Producer clientId=Producer-topic-5c032d95_403e_4029_b4f9_f13d3c5ff177] The metadata response from the cluster reported a recoverable issue with correlation id 1 : {topic-5c032d95_403e_4029_b4f9_f13d3c5ff177=UNKNOWN_TOPIC_OR_PARTITION}
2025-08-13 16:48:01,458 INFO  [org.apa.kaf.cli.Metadata] (kafka-producer-network-thread | Producer-topic-5c032d95_403e_4029_b4f9_f13d3c5ff177) [Producer clientId=Producer-topic-5c032d95_403e_4029_b4f9_f13d3c5ff177] Cluster ID: 2Q56eJUuTz2w_13NlVd4Hw
2025-08-13 16:48:01,458 INFO  [org.apa.kaf.cli.pro.int.TransactionManager] (kafka-producer-network-thread | Producer-topic-5c032d95_403e_4029_b4f9_f13d3c5ff177) [Producer clientId=Producer-topic-5c032d95_403e_4029_b4f9_f13d3c5ff177] ProducerId set to 22 with epoch 0
2025-08-13 16:48:01,577 INFO  [DefaultSchemaResolver] (Thread-729) Retrieving schema content using string: {"type":"record","name":"myrecord","namespace":"mygroup","fields":[{"name":"keyB","type":"string"}]}
2025-08-13 16:48:01,750 INFO  [org.apa.kaf.cli.pro.KafkaProducer] (Thread-729) [Producer clientId=Producer-topic-5c032d95_403e_4029_b4f9_f13d3c5ff177] Closing the Kafka producer with timeoutMillis = 9223372036854775807 ms.
2025-08-13 16:48:01,753 INFO  [org.apa.kaf.com.met.Metrics] (Thread-729) Metrics scheduler closed
2025-08-13 16:48:01,753 INFO  [org.apa.kaf.com.met.Metrics] (Thread-729) Closing reporter org.apache.kafka.common.metrics.JmxReporter
2025-08-13 16:48:01,753 INFO  [org.apa.kaf.com.met.Metrics] (Thread-729) Closing reporter org.apache.kafka.common.telemetry.internals.ClientTelemetryReporter
2025-08-13 16:48:01,753 INFO  [org.apa.kaf.com.met.Metrics] (Thread-729) Metrics reporters closed
2025-08-13 16:48:01,753 INFO  [org.apa.kaf.com.uti.AppInfoParser] (Thread-729) App info kafka.producer for Producer-topic-5c032d95_403e_4029_b4f9_f13d3c5ff177 unregistered
2025-08-13 16:48:01,759 INFO  [org.ecl.jet.ser.Server] (main) Stopped Server@5d7b3a93{STOPPING}[11.0.15,sto=1000]
2025-08-13 16:48:01,759 INFO  [org.ecl.jet.ser.Server] (main) Shutdown Server@5d7b3a93{STOPPING}[11.0.15,sto=1000]
2025-08-13 16:48:01,765 INFO  [org.ecl.jet.ser.AbstractConnector] (main) Stopped NetworkTrafficServerConnector@1e68d8f{HTTP/1.1, (http/1.1, h2c)}{0.0.0.0:0}
2025-08-13 16:48:01,767 INFO  [org.ecl.jet.ser.han.ContextHandler] (main) Stopped o.e.j.s.ServletContextHandler@40692fc3{/,null,STOPPED}
2025-08-13 16:48:01,767 INFO  [org.ecl.jet.ser.han.ContextHandler] (main) Stopped o.e.j.s.ServletContextHandler@cf39749{/__admin,null,STOPPED}
2025-08-13 16:48:01,771 INFO  [io.api.tes.uti.TestSeparator] (main) io.apicurio.tests.serdes.apicurio.AvroSerdeIT.testFirstRequestFailsRateLimited-FINISHED
2025-08-13 16:48:01,771 INFO  [io.api.tes.uti.TestSeparator] (main) ############################################################################
Test passed: testFirstRequestFailsRateLimited
]]></system-out>
    <system-err><![CDATA[com.microsoft.kiota.ApiException: the server returned an unexpected status code and no error class is registered for this code 429
	at com.microsoft.kiota.ApiExceptionBuilder.withMessage(ApiExceptionBuilder.java:45)
	at io.kiota.http.vertx.VertXRequestAdapter.throwIfFailedResponse(VertXRequestAdapter.java:370)
	at io.kiota.http.vertx.VertXRequestAdapter.send(VertXRequestAdapter.java:170)
	at io.apicurio.registry.rest.client.search.versions.VersionsRequestBuilder.post(VersionsRequestBuilder.java:94)
	at io.apicurio.registry.resolver.client.RegistryClientFacadeImpl.searchVersionsByContent(RegistryClientFacadeImpl.java:106)
	at io.apicurio.registry.resolver.DefaultSchemaResolver.lambda$handleResolveSchemaByContent$3(DefaultSchemaResolver.java:258)
	at io.apicurio.registry.resolver.cache.ERCache.lambda$getValue$0(ERCache.java:174)
	at io.apicurio.registry.resolver.cache.ERCache.retry(ERCache.java:227)
	at io.apicurio.registry.resolver.cache.ERCache.getValue(ERCache.java:173)
	at io.apicurio.registry.resolver.cache.ERCache.getByContent(ERCache.java:147)
	at io.apicurio.registry.resolver.DefaultSchemaResolver.handleResolveSchemaByContent(DefaultSchemaResolver.java:253)
	at io.apicurio.registry.resolver.DefaultSchemaResolver.getSchemaFromRegistry(DefaultSchemaResolver.java:138)
	at io.apicurio.registry.resolver.DefaultSchemaResolver.lambda$resolveSchema$0(DefaultSchemaResolver.java:84)
	at java.base/java.util.Optional.orElseGet(Optional.java:364)
	at io.apicurio.registry.resolver.DefaultSchemaResolver.resolveSchema(DefaultSchemaResolver.java:84)
	at io.apicurio.registry.serde.AbstractSerializer.serializeData(AbstractSerializer.java:62)
	at io.apicurio.registry.serde.KafkaSerializer.serialize(KafkaSerializer.java:77)
	at org.apache.kafka.clients.producer.KafkaProducer.doSend(KafkaProducer.java:1046)
	at org.apache.kafka.clients.producer.KafkaProducer.send(KafkaProducer.java:993)
	at org.apache.kafka.clients.producer.KafkaProducer.send(KafkaProducer.java:875)
	at io.apicurio.tests.serdes.apicurio.KafkaSerdesTester.lambda$produceMessages$3(KafkaSerdesTester.java:138)
	at java.base/java.util.concurrent.CompletableFuture$AsyncSupply.run(CompletableFuture.java:1768)
	at java.base/java.lang.Thread.run(Thread.java:840)
]]></system-err>
  </testcase>
  <testcase name="testFirstEmptyFieldConfusedAsMagicByte" classname="io.apicurio.tests.serdes.apicurio.AvroSerdeIT" time="4.383">
    <system-out><![CDATA[2025-08-13 16:48:01,777 INFO  [io.api.tes.uti.TestSeparator] (main) ############################################################################
2025-08-13 16:48:01,777 INFO  [io.api.tes.uti.TestSeparator] (main) io.apicurio.tests.serdes.apicurio.AvroSerdeIT.testFirstEmptyFieldConfusedAsMagicByte-STARTED
**** Registry Base URL: http://registry-app-ksql043.apps.ci419.apicurio-testing.org:80
2025-08-13 16:48:01,788 INFO  [org.apa.kaf.cli.pro.ProducerConfig] (main) ProducerConfig values: 
	acks = -1
	auto.include.jmx.reporter = true
	batch.size = 16384
	bootstrap.servers = [PLAINTEXT://localhost:32769]
	buffer.memory = 33554432
	client.dns.lookup = use_all_dns_ips
	client.id = Producer-topic-024ee29f_1b62_4a5d_adae_aeb8854b672b
	compression.gzip.level = -1
	compression.lz4.level = 9
	compression.type = none
	compression.zstd.level = 3
	connections.max.idle.ms = 10000
	delivery.timeout.ms = 120000
	enable.idempotence = true
	enable.metrics.push = true
	interceptor.classes = []
	key.serializer = class org.apache.kafka.common.serialization.StringSerializer
	linger.ms = 0
	max.block.ms = 60000
	max.in.flight.requests.per.connection = 5
	max.request.size = 1048576
	metadata.max.age.ms = 300000
	metadata.max.idle.ms = 300000
	metadata.recovery.strategy = none
	metric.reporters = []
	metrics.num.samples = 2
	metrics.recording.level = INFO
	metrics.sample.window.ms = 30000
	partitioner.adaptive.partitioning.enable = true
	partitioner.availability.timeout.ms = 0
	partitioner.class = null
	partitioner.ignore.keys = false
	receive.buffer.bytes = 32768
	reconnect.backoff.max.ms = 1000
	reconnect.backoff.ms = 50
	request.timeout.ms = 5000
	retries = 2147483647
	retry.backoff.max.ms = 1000
	retry.backoff.ms = 100
	sasl.client.callback.handler.class = null
	sasl.jaas.config = null
	sasl.kerberos.kinit.cmd = /usr/bin/kinit
	sasl.kerberos.min.time.before.relogin = 60000
	sasl.kerberos.service.name = null
	sasl.kerberos.ticket.renew.jitter = 0.05
	sasl.kerberos.ticket.renew.window.factor = 0.8
	sasl.login.callback.handler.class = null
	sasl.login.class = null
	sasl.login.connect.timeout.ms = null
	sasl.login.read.timeout.ms = null
	sasl.login.refresh.buffer.seconds = 300
	sasl.login.refresh.min.period.seconds = 60
	sasl.login.refresh.window.factor = 0.8
	sasl.login.refresh.window.jitter = 0.05
	sasl.login.retry.backoff.max.ms = 10000
	sasl.login.retry.backoff.ms = 100
	sasl.mechanism = GSSAPI
	sasl.oauthbearer.clock.skew.seconds = 30
	sasl.oauthbearer.expected.audience = null
	sasl.oauthbearer.expected.issuer = null
	sasl.oauthbearer.header.urlencode = false
	sasl.oauthbearer.jwks.endpoint.refresh.ms = 3600000
	sasl.oauthbearer.jwks.endpoint.retry.backoff.max.ms = 10000
	sasl.oauthbearer.jwks.endpoint.retry.backoff.ms = 100
	sasl.oauthbearer.jwks.endpoint.url = null
	sasl.oauthbearer.scope.claim.name = scope
	sasl.oauthbearer.sub.claim.name = sub
	sasl.oauthbearer.token.endpoint.url = null
	security.protocol = PLAINTEXT
	security.providers = null
	send.buffer.bytes = 131072
	socket.connection.setup.timeout.max.ms = 30000
	socket.connection.setup.timeout.ms = 10000
	ssl.cipher.suites = null
	ssl.enabled.protocols = [TLSv1.2, TLSv1.3]
	ssl.endpoint.identification.algorithm = https
	ssl.engine.factory.class = null
	ssl.key.password = null
	ssl.keymanager.algorithm = SunX509
	ssl.keystore.certificate.chain = null
	ssl.keystore.key = null
	ssl.keystore.location = null
	ssl.keystore.password = null
	ssl.keystore.type = JKS
	ssl.protocol = TLSv1.3
	ssl.provider = null
	ssl.secure.random.implementation = null
	ssl.trustmanager.algorithm = PKIX
	ssl.truststore.certificates = null
	ssl.truststore.location = null
	ssl.truststore.password = null
	ssl.truststore.type = JKS
	transaction.timeout.ms = 60000
	transactional.id = null
	value.serializer = class io.apicurio.registry.serde.avro.AvroKafkaSerializer

2025-08-13 16:48:01,788 INFO  [org.apa.kaf.com.tel.int.KafkaMetricsCollector] (main) initializing Kafka metrics collector
2025-08-13 16:48:01,791 INFO  [org.apa.kaf.cli.pro.KafkaProducer] (main) [Producer clientId=Producer-topic-024ee29f_1b62_4a5d_adae_aeb8854b672b] Instantiated an idempotent producer.
2025-08-13 16:48:01,794 INFO  [org.apa.kaf.cli.pro.ProducerConfig] (main) These configurations '[apicurio.registry.url, apicurio.registry.auto-register, apicurio.registry.artifact-resolver-strategy]' were supplied but are not used yet.
2025-08-13 16:48:01,794 INFO  [org.apa.kaf.com.uti.AppInfoParser] (main) Kafka version: 3.9.1
2025-08-13 16:48:01,794 INFO  [org.apa.kaf.com.uti.AppInfoParser] (main) Kafka commitId: f745dfdcee2b9851
2025-08-13 16:48:01,794 INFO  [org.apa.kaf.com.uti.AppInfoParser] (main) Kafka startTimeMs: 1755103681794
2025-08-13 16:48:01,795 INFO  [io.api.tes.ser.api.SimpleSerdesTesterBuilder$SimpleSerdesTester] (main) Using producer configuration: {apicurio.registry.url=http://registry-app-ksql043.apps.ci419.apicurio-testing.org:80/apis/registry/v3, apicurio.registry.auto-register=true, apicurio.registry.artifact-resolver-strategy=io.apicurio.registry.serde.strategy.SimpleTopicIdStrategy, value.serializer=io.apicurio.registry.serde.avro.AvroKafkaSerializer, request.timeout.ms=5000, acks=all, bootstrap.servers=PLAINTEXT://localhost:32769, connections.max.idle.ms=10000, key.serializer=org.apache.kafka.common.serialization.StringSerializer, client.id=Producer-topic-024ee29f_1b62_4a5d_adae_aeb8854b672b}
2025-08-13 16:48:01,795 INFO  [io.api.tes.ser.api.SimpleSerdesTesterBuilder$SimpleSerdesTester] (main) Using consumer configuration: {}
2025-08-13 16:48:01,795 INFO  [io.api.tes.ser.api.KafkaSerdesTester] (Thread-732) Sending message {"username": null} to topic topic-024ee29f_1b62_4a5d_adae_aeb8854b672b
2025-08-13 16:48:01,799 WARN  [org.apa.kaf.cli.NetworkClient] (kafka-producer-network-thread | Producer-topic-024ee29f_1b62_4a5d_adae_aeb8854b672b) [Producer clientId=Producer-topic-024ee29f_1b62_4a5d_adae_aeb8854b672b] The metadata response from the cluster reported a recoverable issue with correlation id 1 : {topic-024ee29f_1b62_4a5d_adae_aeb8854b672b=UNKNOWN_TOPIC_OR_PARTITION}
2025-08-13 16:48:01,799 INFO  [org.apa.kaf.cli.Metadata] (kafka-producer-network-thread | Producer-topic-024ee29f_1b62_4a5d_adae_aeb8854b672b) [Producer clientId=Producer-topic-024ee29f_1b62_4a5d_adae_aeb8854b672b] Cluster ID: 2Q56eJUuTz2w_13NlVd4Hw
2025-08-13 16:48:01,799 INFO  [org.apa.kaf.cli.pro.int.TransactionManager] (kafka-producer-network-thread | Producer-topic-024ee29f_1b62_4a5d_adae_aeb8854b672b) [Producer clientId=Producer-topic-024ee29f_1b62_4a5d_adae_aeb8854b672b] ProducerId set to 23 with epoch 0
2025-08-13 16:48:02,125 INFO  [io.api.tes.ser.api.KafkaSerdesTester] (Thread-732) Sending message {"username": null} to topic topic-024ee29f_1b62_4a5d_adae_aeb8854b672b
2025-08-13 16:48:02,127 INFO  [io.api.tes.ser.api.KafkaSerdesTester] (Thread-732) Sending message {"username": "value-2"} to topic topic-024ee29f_1b62_4a5d_adae_aeb8854b672b
2025-08-13 16:48:02,128 INFO  [io.api.tes.ser.api.KafkaSerdesTester] (Thread-732) Sending message {"username": null} to topic topic-024ee29f_1b62_4a5d_adae_aeb8854b672b
2025-08-13 16:48:02,129 INFO  [io.api.tes.ser.api.KafkaSerdesTester] (Thread-732) Sending message {"username": "value-4"} to topic topic-024ee29f_1b62_4a5d_adae_aeb8854b672b
2025-08-13 16:48:02,131 INFO  [io.api.tes.ser.api.KafkaSerdesTester] (Thread-732) Sending message {"username": null} to topic topic-024ee29f_1b62_4a5d_adae_aeb8854b672b
2025-08-13 16:48:02,132 INFO  [io.api.tes.ser.api.KafkaSerdesTester] (Thread-732) Sending message {"username": "value-6"} to topic topic-024ee29f_1b62_4a5d_adae_aeb8854b672b
2025-08-13 16:48:02,134 INFO  [io.api.tes.ser.api.KafkaSerdesTester] (Thread-732) Sending message {"username": null} to topic topic-024ee29f_1b62_4a5d_adae_aeb8854b672b
2025-08-13 16:48:02,140 INFO  [io.api.tes.ser.api.KafkaSerdesTester] (Thread-732) Sending message {"username": "value-8"} to topic topic-024ee29f_1b62_4a5d_adae_aeb8854b672b
2025-08-13 16:48:02,143 INFO  [io.api.tes.ser.api.KafkaSerdesTester] (Thread-732) Sending message {"username": null} to topic topic-024ee29f_1b62_4a5d_adae_aeb8854b672b
2025-08-13 16:48:02,147 INFO  [io.api.tes.ser.api.KafkaSerdesTester] (Thread-732) Produced 10 messages
2025-08-13 16:48:02,148 INFO  [org.apa.kaf.cli.pro.KafkaProducer] (Thread-732) [Producer clientId=Producer-topic-024ee29f_1b62_4a5d_adae_aeb8854b672b] Closing the Kafka producer with timeoutMillis = 9223372036854775807 ms.
2025-08-13 16:48:02,149 INFO  [org.apa.kaf.com.met.Metrics] (Thread-732) Metrics scheduler closed
2025-08-13 16:48:02,149 INFO  [org.apa.kaf.com.met.Metrics] (Thread-732) Closing reporter org.apache.kafka.common.metrics.JmxReporter
2025-08-13 16:48:02,150 INFO  [org.apa.kaf.com.met.Metrics] (Thread-732) Closing reporter org.apache.kafka.common.telemetry.internals.ClientTelemetryReporter
2025-08-13 16:48:02,150 INFO  [org.apa.kaf.com.met.Metrics] (Thread-732) Metrics reporters closed
2025-08-13 16:48:02,150 INFO  [org.apa.kaf.com.uti.AppInfoParser] (Thread-732) App info kafka.producer for Producer-topic-024ee29f_1b62_4a5d_adae_aeb8854b672b unregistered
**** Registry Base URL: http://registry-app-ksql043.apps.ci419.apicurio-testing.org:80
2025-08-13 16:48:02,386 INFO  [org.apa.kaf.cli.con.ConsumerConfig] (main) ConsumerConfig values: 
	allow.auto.create.topics = true
	auto.commit.interval.ms = 500
	auto.include.jmx.reporter = true
	auto.offset.reset = earliest
	bootstrap.servers = [PLAINTEXT://localhost:32769]
	check.crcs = true
	client.dns.lookup = use_all_dns_ips
	client.id = consumer-Consumer-topic-024ee29f_1b62_4a5d_adae_aeb8854b672b-17
	client.rack = 
	connections.max.idle.ms = 10000
	default.api.timeout.ms = 60000
	enable.auto.commit = true
	enable.metrics.push = true
	exclude.internal.topics = true
	fetch.max.bytes = 52428800
	fetch.max.wait.ms = 500
	fetch.min.bytes = 1
	group.id = Consumer-topic-024ee29f_1b62_4a5d_adae_aeb8854b672b
	group.instance.id = null
	group.protocol = classic
	group.remote.assignor = null
	heartbeat.interval.ms = 3000
	interceptor.classes = []
	internal.leave.group.on.close = true
	internal.throw.on.fetch.stable.offset.unsupported = false
	isolation.level = read_uncommitted
	key.deserializer = class org.apache.kafka.common.serialization.StringDeserializer
	max.partition.fetch.bytes = 1048576
	max.poll.interval.ms = 300000
	max.poll.records = 500
	metadata.max.age.ms = 300000
	metadata.recovery.strategy = none
	metric.reporters = []
	metrics.num.samples = 2
	metrics.recording.level = INFO
	metrics.sample.window.ms = 30000
	partition.assignment.strategy = [class org.apache.kafka.clients.consumer.RangeAssignor, class org.apache.kafka.clients.consumer.CooperativeStickyAssignor]
	receive.buffer.bytes = 65536
	reconnect.backoff.max.ms = 1000
	reconnect.backoff.ms = 50
	request.timeout.ms = 5000
	retry.backoff.max.ms = 1000
	retry.backoff.ms = 100
	sasl.client.callback.handler.class = null
	sasl.jaas.config = null
	sasl.kerberos.kinit.cmd = /usr/bin/kinit
	sasl.kerberos.min.time.before.relogin = 60000
	sasl.kerberos.service.name = null
	sasl.kerberos.ticket.renew.jitter = 0.05
	sasl.kerberos.ticket.renew.window.factor = 0.8
	sasl.login.callback.handler.class = null
	sasl.login.class = null
	sasl.login.connect.timeout.ms = null
	sasl.login.read.timeout.ms = null
	sasl.login.refresh.buffer.seconds = 300
	sasl.login.refresh.min.period.seconds = 60
	sasl.login.refresh.window.factor = 0.8
	sasl.login.refresh.window.jitter = 0.05
	sasl.login.retry.backoff.max.ms = 10000
	sasl.login.retry.backoff.ms = 100
	sasl.mechanism = GSSAPI
	sasl.oauthbearer.clock.skew.seconds = 30
	sasl.oauthbearer.expected.audience = null
	sasl.oauthbearer.expected.issuer = null
	sasl.oauthbearer.header.urlencode = false
	sasl.oauthbearer.jwks.endpoint.refresh.ms = 3600000
	sasl.oauthbearer.jwks.endpoint.retry.backoff.max.ms = 10000
	sasl.oauthbearer.jwks.endpoint.retry.backoff.ms = 100
	sasl.oauthbearer.jwks.endpoint.url = null
	sasl.oauthbearer.scope.claim.name = scope
	sasl.oauthbearer.sub.claim.name = sub
	sasl.oauthbearer.token.endpoint.url = null
	security.protocol = PLAINTEXT
	security.providers = null
	send.buffer.bytes = 131072
	session.timeout.ms = 45000
	socket.connection.setup.timeout.max.ms = 30000
	socket.connection.setup.timeout.ms = 10000
	ssl.cipher.suites = null
	ssl.enabled.protocols = [TLSv1.2, TLSv1.3]
	ssl.endpoint.identification.algorithm = https
	ssl.engine.factory.class = null
	ssl.key.password = null
	ssl.keymanager.algorithm = SunX509
	ssl.keystore.certificate.chain = null
	ssl.keystore.key = null
	ssl.keystore.location = null
	ssl.keystore.password = null
	ssl.keystore.type = JKS
	ssl.protocol = TLSv1.3
	ssl.provider = null
	ssl.secure.random.implementation = null
	ssl.trustmanager.algorithm = PKIX
	ssl.truststore.certificates = null
	ssl.truststore.location = null
	ssl.truststore.password = null
	ssl.truststore.type = JKS
	value.deserializer = class io.apicurio.registry.serde.avro.AvroKafkaDeserializer

2025-08-13 16:48:02,386 INFO  [org.apa.kaf.com.tel.int.KafkaMetricsCollector] (main) initializing Kafka metrics collector
2025-08-13 16:48:02,391 INFO  [org.apa.kaf.cli.con.ConsumerConfig] (main) These configurations '[apicurio.registry.url]' were supplied but are not used yet.
2025-08-13 16:48:02,392 INFO  [org.apa.kaf.com.uti.AppInfoParser] (main) Kafka version: 3.9.1
2025-08-13 16:48:02,392 INFO  [org.apa.kaf.com.uti.AppInfoParser] (main) Kafka commitId: f745dfdcee2b9851
2025-08-13 16:48:02,392 INFO  [org.apa.kaf.com.uti.AppInfoParser] (main) Kafka startTimeMs: 1755103682392
2025-08-13 16:48:02,392 INFO  [org.apa.kaf.cli.con.int.ClassicKafkaConsumer] (Thread-735) [Consumer clientId=consumer-Consumer-topic-024ee29f_1b62_4a5d_adae_aeb8854b672b-17, groupId=Consumer-topic-024ee29f_1b62_4a5d_adae_aeb8854b672b] Subscribed to topic(s): topic-024ee29f_1b62_4a5d_adae_aeb8854b672b
2025-08-13 16:48:02,398 INFO  [org.apa.kaf.cli.Metadata] (Thread-735) [Consumer clientId=consumer-Consumer-topic-024ee29f_1b62_4a5d_adae_aeb8854b672b-17, groupId=Consumer-topic-024ee29f_1b62_4a5d_adae_aeb8854b672b] Cluster ID: 2Q56eJUuTz2w_13NlVd4Hw
2025-08-13 16:48:02,398 INFO  [org.apa.kaf.cli.con.int.ConsumerCoordinator] (Thread-735) [Consumer clientId=consumer-Consumer-topic-024ee29f_1b62_4a5d_adae_aeb8854b672b-17, groupId=Consumer-topic-024ee29f_1b62_4a5d_adae_aeb8854b672b] Discovered group coordinator localhost:32769 (id: 2147483647 rack: null)
2025-08-13 16:48:02,399 INFO  [org.apa.kaf.cli.con.int.ConsumerCoordinator] (Thread-735) [Consumer clientId=consumer-Consumer-topic-024ee29f_1b62_4a5d_adae_aeb8854b672b-17, groupId=Consumer-topic-024ee29f_1b62_4a5d_adae_aeb8854b672b] (Re-)joining group
2025-08-13 16:48:02,403 INFO  [org.apa.kaf.cli.con.int.ConsumerCoordinator] (Thread-735) [Consumer clientId=consumer-Consumer-topic-024ee29f_1b62_4a5d_adae_aeb8854b672b-17, groupId=Consumer-topic-024ee29f_1b62_4a5d_adae_aeb8854b672b] Request joining group due to: need to re-join with the given member-id: consumer-Consumer-topic-024ee29f_1b62_4a5d_adae_aeb8854b672b-17-6813771e-a100-4e61-967d-2c1b81880e93
2025-08-13 16:48:02,403 INFO  [org.apa.kaf.cli.con.int.ConsumerCoordinator] (Thread-735) [Consumer clientId=consumer-Consumer-topic-024ee29f_1b62_4a5d_adae_aeb8854b672b-17, groupId=Consumer-topic-024ee29f_1b62_4a5d_adae_aeb8854b672b] (Re-)joining group
2025-08-13 16:48:03,392 INFO  [io.api.tes.ser.api.KafkaSerdesTester] (Thread-735) None found
2025-08-13 16:48:04,393 INFO  [io.api.tes.ser.api.KafkaSerdesTester] (Thread-735) None found
2025-08-13 16:48:05,393 INFO  [io.api.tes.ser.api.KafkaSerdesTester] (Thread-735) None found
2025-08-13 16:48:05,405 INFO  [org.apa.kaf.cli.con.int.ConsumerCoordinator] (Thread-735) [Consumer clientId=consumer-Consumer-topic-024ee29f_1b62_4a5d_adae_aeb8854b672b-17, groupId=Consumer-topic-024ee29f_1b62_4a5d_adae_aeb8854b672b] Successfully joined group with generation Generation{generationId=1, memberId='consumer-Consumer-topic-024ee29f_1b62_4a5d_adae_aeb8854b672b-17-6813771e-a100-4e61-967d-2c1b81880e93', protocol='range'}
2025-08-13 16:48:05,405 INFO  [org.apa.kaf.cli.con.int.ConsumerCoordinator] (Thread-735) [Consumer clientId=consumer-Consumer-topic-024ee29f_1b62_4a5d_adae_aeb8854b672b-17, groupId=Consumer-topic-024ee29f_1b62_4a5d_adae_aeb8854b672b] Finished assignment for group at generation 1: {consumer-Consumer-topic-024ee29f_1b62_4a5d_adae_aeb8854b672b-17-6813771e-a100-4e61-967d-2c1b81880e93=Assignment(partitions=[topic-024ee29f_1b62_4a5d_adae_aeb8854b672b-0])}
2025-08-13 16:48:05,412 INFO  [org.apa.kaf.cli.con.int.ConsumerCoordinator] (Thread-735) [Consumer clientId=consumer-Consumer-topic-024ee29f_1b62_4a5d_adae_aeb8854b672b-17, groupId=Consumer-topic-024ee29f_1b62_4a5d_adae_aeb8854b672b] Successfully synced group in generation Generation{generationId=1, memberId='consumer-Consumer-topic-024ee29f_1b62_4a5d_adae_aeb8854b672b-17-6813771e-a100-4e61-967d-2c1b81880e93', protocol='range'}
2025-08-13 16:48:05,412 INFO  [org.apa.kaf.cli.con.int.ConsumerCoordinator] (Thread-735) [Consumer clientId=consumer-Consumer-topic-024ee29f_1b62_4a5d_adae_aeb8854b672b-17, groupId=Consumer-topic-024ee29f_1b62_4a5d_adae_aeb8854b672b] Notifying assignor about the new Assignment(partitions=[topic-024ee29f_1b62_4a5d_adae_aeb8854b672b-0])
2025-08-13 16:48:05,412 INFO  [org.apa.kaf.cli.con.int.ConsumerRebalanceListenerInvoker] (Thread-735) [Consumer clientId=consumer-Consumer-topic-024ee29f_1b62_4a5d_adae_aeb8854b672b-17, groupId=Consumer-topic-024ee29f_1b62_4a5d_adae_aeb8854b672b] Adding newly assigned partitions: topic-024ee29f_1b62_4a5d_adae_aeb8854b672b-0
2025-08-13 16:48:05,413 INFO  [org.apa.kaf.cli.con.int.ConsumerCoordinator] (Thread-735) [Consumer clientId=consumer-Consumer-topic-024ee29f_1b62_4a5d_adae_aeb8854b672b-17, groupId=Consumer-topic-024ee29f_1b62_4a5d_adae_aeb8854b672b] Found no committed offset for partition topic-024ee29f_1b62_4a5d_adae_aeb8854b672b-0
2025-08-13 16:48:05,416 INFO  [org.apa.kaf.cli.con.int.SubscriptionState] (Thread-735) [Consumer clientId=consumer-Consumer-topic-024ee29f_1b62_4a5d_adae_aeb8854b672b-17, groupId=Consumer-topic-024ee29f_1b62_4a5d_adae_aeb8854b672b] Resetting offset for partition topic-024ee29f_1b62_4a5d_adae_aeb8854b672b-0 to position FetchPosition{offset=0, offsetEpoch=Optional.empty, currentLeader=LeaderAndEpoch{leader=Optional[localhost:32769 (id: 0 rack: null)], epoch=0}}.
2025-08-13 16:48:05,652 INFO  [io.api.tes.ser.api.KafkaSerdesTester] (Thread-735) topic-024ee29f_1b62_4a5d_adae_aeb8854b672b 0 0 {"username": null}
2025-08-13 16:48:05,652 INFO  [io.api.tes.ser.api.KafkaSerdesTester] (Thread-735) topic-024ee29f_1b62_4a5d_adae_aeb8854b672b 0 1 {"username": null}
2025-08-13 16:48:05,652 INFO  [io.api.tes.ser.api.KafkaSerdesTester] (Thread-735) topic-024ee29f_1b62_4a5d_adae_aeb8854b672b 0 2 {"username": "value-2"}
2025-08-13 16:48:05,652 INFO  [io.api.tes.ser.api.KafkaSerdesTester] (Thread-735) topic-024ee29f_1b62_4a5d_adae_aeb8854b672b 0 3 {"username": null}
2025-08-13 16:48:05,652 INFO  [io.api.tes.ser.api.KafkaSerdesTester] (Thread-735) topic-024ee29f_1b62_4a5d_adae_aeb8854b672b 0 4 {"username": "value-4"}
2025-08-13 16:48:05,652 INFO  [io.api.tes.ser.api.KafkaSerdesTester] (Thread-735) topic-024ee29f_1b62_4a5d_adae_aeb8854b672b 0 5 {"username": null}
2025-08-13 16:48:05,652 INFO  [io.api.tes.ser.api.KafkaSerdesTester] (Thread-735) topic-024ee29f_1b62_4a5d_adae_aeb8854b672b 0 6 {"username": "value-6"}
2025-08-13 16:48:05,652 INFO  [io.api.tes.ser.api.KafkaSerdesTester] (Thread-735) topic-024ee29f_1b62_4a5d_adae_aeb8854b672b 0 7 {"username": null}
2025-08-13 16:48:05,652 INFO  [io.api.tes.ser.api.KafkaSerdesTester] (Thread-735) topic-024ee29f_1b62_4a5d_adae_aeb8854b672b 0 8 {"username": "value-8"}
2025-08-13 16:48:05,652 INFO  [io.api.tes.ser.api.KafkaSerdesTester] (Thread-735) topic-024ee29f_1b62_4a5d_adae_aeb8854b672b 0 9 {"username": null}
2025-08-13 16:48:05,652 INFO  [io.api.tes.ser.api.KafkaSerdesTester] (Thread-735) Consumed 10 messages
2025-08-13 16:48:05,660 INFO  [org.apa.kaf.cli.con.int.ConsumerRebalanceListenerInvoker] (Thread-735) [Consumer clientId=consumer-Consumer-topic-024ee29f_1b62_4a5d_adae_aeb8854b672b-17, groupId=Consumer-topic-024ee29f_1b62_4a5d_adae_aeb8854b672b] Revoke previously assigned partitions topic-024ee29f_1b62_4a5d_adae_aeb8854b672b-0
2025-08-13 16:48:05,660 INFO  [org.apa.kaf.cli.con.int.ConsumerCoordinator] (Thread-735) [Consumer clientId=consumer-Consumer-topic-024ee29f_1b62_4a5d_adae_aeb8854b672b-17, groupId=Consumer-topic-024ee29f_1b62_4a5d_adae_aeb8854b672b] Member consumer-Consumer-topic-024ee29f_1b62_4a5d_adae_aeb8854b672b-17-6813771e-a100-4e61-967d-2c1b81880e93 sending LeaveGroup request to coordinator localhost:32769 (id: 2147483647 rack: null) due to the consumer is being closed
2025-08-13 16:48:05,660 INFO  [org.apa.kaf.cli.con.int.ConsumerCoordinator] (Thread-735) [Consumer clientId=consumer-Consumer-topic-024ee29f_1b62_4a5d_adae_aeb8854b672b-17, groupId=Consumer-topic-024ee29f_1b62_4a5d_adae_aeb8854b672b] Resetting generation and member id due to: consumer pro-actively leaving the group
2025-08-13 16:48:05,660 INFO  [org.apa.kaf.cli.con.int.ConsumerCoordinator] (Thread-735) [Consumer clientId=consumer-Consumer-topic-024ee29f_1b62_4a5d_adae_aeb8854b672b-17, groupId=Consumer-topic-024ee29f_1b62_4a5d_adae_aeb8854b672b] Request joining group due to: consumer pro-actively leaving the group
2025-08-13 16:48:06,155 INFO  [org.apa.kaf.com.met.Metrics] (Thread-735) Metrics scheduler closed
2025-08-13 16:48:06,155 INFO  [org.apa.kaf.com.met.Metrics] (Thread-735) Closing reporter org.apache.kafka.common.metrics.JmxReporter
2025-08-13 16:48:06,155 INFO  [org.apa.kaf.com.met.Metrics] (Thread-735) Closing reporter org.apache.kafka.common.telemetry.internals.ClientTelemetryReporter
2025-08-13 16:48:06,155 INFO  [org.apa.kaf.com.met.Metrics] (Thread-735) Metrics reporters closed
2025-08-13 16:48:06,157 INFO  [org.apa.kaf.com.uti.AppInfoParser] (Thread-735) App info kafka.consumer for consumer-Consumer-topic-024ee29f_1b62_4a5d_adae_aeb8854b672b-17 unregistered
2025-08-13 16:48:06,159 INFO  [io.api.tes.uti.TestSeparator] (main) io.apicurio.tests.serdes.apicurio.AvroSerdeIT.testFirstEmptyFieldConfusedAsMagicByte-FINISHED
2025-08-13 16:48:06,159 INFO  [io.api.tes.uti.TestSeparator] (main) ############################################################################
Test passed: testFirstEmptyFieldConfusedAsMagicByte
]]></system-out>
  </testcase>
  <testcase name="testAvroSerDesFailDifferentSchemaByContent" classname="io.apicurio.tests.serdes.apicurio.AvroSerdeIT" time="1.458">
    <system-out><![CDATA[2025-08-13 16:48:06,160 INFO  [io.api.tes.uti.TestSeparator] (main) ############################################################################
2025-08-13 16:48:06,160 INFO  [io.api.tes.uti.TestSeparator] (main) io.apicurio.tests.serdes.apicurio.AvroSerdeIT.testAvroSerDesFailDifferentSchemaByContent-STARTED
**** Registry Base URL: http://registry-app-ksql043.apps.ci419.apicurio-testing.org:80
2025-08-13 16:48:07,360 INFO  [org.apa.kaf.cli.pro.ProducerConfig] (main) ProducerConfig values: 
	acks = -1
	auto.include.jmx.reporter = true
	batch.size = 16384
	bootstrap.servers = [PLAINTEXT://localhost:32769]
	buffer.memory = 33554432
	client.dns.lookup = use_all_dns_ips
	client.id = Producer-topic-9f9ad435_8e79_472e_bfb9_3272c61af898
	compression.gzip.level = -1
	compression.lz4.level = 9
	compression.type = none
	compression.zstd.level = 3
	connections.max.idle.ms = 10000
	delivery.timeout.ms = 120000
	enable.idempotence = true
	enable.metrics.push = true
	interceptor.classes = []
	key.serializer = class org.apache.kafka.common.serialization.StringSerializer
	linger.ms = 0
	max.block.ms = 60000
	max.in.flight.requests.per.connection = 5
	max.request.size = 1048576
	metadata.max.age.ms = 300000
	metadata.max.idle.ms = 300000
	metadata.recovery.strategy = none
	metric.reporters = []
	metrics.num.samples = 2
	metrics.recording.level = INFO
	metrics.sample.window.ms = 30000
	partitioner.adaptive.partitioning.enable = true
	partitioner.availability.timeout.ms = 0
	partitioner.class = null
	partitioner.ignore.keys = false
	receive.buffer.bytes = 32768
	reconnect.backoff.max.ms = 1000
	reconnect.backoff.ms = 50
	request.timeout.ms = 5000
	retries = 2147483647
	retry.backoff.max.ms = 1000
	retry.backoff.ms = 100
	sasl.client.callback.handler.class = null
	sasl.jaas.config = null
	sasl.kerberos.kinit.cmd = /usr/bin/kinit
	sasl.kerberos.min.time.before.relogin = 60000
	sasl.kerberos.service.name = null
	sasl.kerberos.ticket.renew.jitter = 0.05
	sasl.kerberos.ticket.renew.window.factor = 0.8
	sasl.login.callback.handler.class = null
	sasl.login.class = null
	sasl.login.connect.timeout.ms = null
	sasl.login.read.timeout.ms = null
	sasl.login.refresh.buffer.seconds = 300
	sasl.login.refresh.min.period.seconds = 60
	sasl.login.refresh.window.factor = 0.8
	sasl.login.refresh.window.jitter = 0.05
	sasl.login.retry.backoff.max.ms = 10000
	sasl.login.retry.backoff.ms = 100
	sasl.mechanism = GSSAPI
	sasl.oauthbearer.clock.skew.seconds = 30
	sasl.oauthbearer.expected.audience = null
	sasl.oauthbearer.expected.issuer = null
	sasl.oauthbearer.header.urlencode = false
	sasl.oauthbearer.jwks.endpoint.refresh.ms = 3600000
	sasl.oauthbearer.jwks.endpoint.retry.backoff.max.ms = 10000
	sasl.oauthbearer.jwks.endpoint.retry.backoff.ms = 100
	sasl.oauthbearer.jwks.endpoint.url = null
	sasl.oauthbearer.scope.claim.name = scope
	sasl.oauthbearer.sub.claim.name = sub
	sasl.oauthbearer.token.endpoint.url = null
	security.protocol = PLAINTEXT
	security.providers = null
	send.buffer.bytes = 131072
	socket.connection.setup.timeout.max.ms = 30000
	socket.connection.setup.timeout.ms = 10000
	ssl.cipher.suites = null
	ssl.enabled.protocols = [TLSv1.2, TLSv1.3]
	ssl.endpoint.identification.algorithm = https
	ssl.engine.factory.class = null
	ssl.key.password = null
	ssl.keymanager.algorithm = SunX509
	ssl.keystore.certificate.chain = null
	ssl.keystore.key = null
	ssl.keystore.location = null
	ssl.keystore.password = null
	ssl.keystore.type = JKS
	ssl.protocol = TLSv1.3
	ssl.provider = null
	ssl.secure.random.implementation = null
	ssl.trustmanager.algorithm = PKIX
	ssl.truststore.certificates = null
	ssl.truststore.location = null
	ssl.truststore.password = null
	ssl.truststore.type = JKS
	transaction.timeout.ms = 60000
	transactional.id = null
	value.serializer = class io.apicurio.registry.serde.avro.AvroKafkaSerializer

2025-08-13 16:48:07,360 INFO  [org.apa.kaf.com.tel.int.KafkaMetricsCollector] (main) initializing Kafka metrics collector
2025-08-13 16:48:07,363 INFO  [org.apa.kaf.cli.pro.KafkaProducer] (main) [Producer clientId=Producer-topic-9f9ad435_8e79_472e_bfb9_3272c61af898] Instantiated an idempotent producer.
2025-08-13 16:48:07,365 INFO  [org.apa.kaf.cli.pro.ProducerConfig] (main) These configurations '[apicurio.registry.url, apicurio.registry.artifact-resolver-strategy]' were supplied but are not used yet.
2025-08-13 16:48:07,365 INFO  [org.apa.kaf.com.uti.AppInfoParser] (main) Kafka version: 3.9.1
2025-08-13 16:48:07,365 INFO  [org.apa.kaf.com.uti.AppInfoParser] (main) Kafka commitId: f745dfdcee2b9851
2025-08-13 16:48:07,365 INFO  [org.apa.kaf.com.uti.AppInfoParser] (main) Kafka startTimeMs: 1755103687365
2025-08-13 16:48:07,367 INFO  [io.api.tes.ser.api.KafkaSerdesTester] (Thread-738) Sending message {"keyB": "value-0"} to topic topic-9f9ad435_8e79_472e_bfb9_3272c61af898
2025-08-13 16:48:07,372 INFO  [org.apa.kaf.cli.Metadata] (kafka-producer-network-thread | Producer-topic-9f9ad435_8e79_472e_bfb9_3272c61af898) [Producer clientId=Producer-topic-9f9ad435_8e79_472e_bfb9_3272c61af898] Cluster ID: 2Q56eJUuTz2w_13NlVd4Hw
2025-08-13 16:48:07,373 INFO  [DefaultSchemaResolver] (Thread-738) Retrieving schema content using string: {"type":"record","name":"sc4284d55xbd04x4f0dxa9adx187856232508","namespace":"s9cd6840fx9984x4779xb358x9d835afeb703","fields":[{"name":"keyB","type":"string"}]}
2025-08-13 16:48:07,374 INFO  [org.apa.kaf.cli.pro.int.TransactionManager] (kafka-producer-network-thread | Producer-topic-9f9ad435_8e79_472e_bfb9_3272c61af898) [Producer clientId=Producer-topic-9f9ad435_8e79_472e_bfb9_3272c61af898] ProducerId set to 24 with epoch 0
2025-08-13 16:48:07,614 INFO  [org.apa.kaf.cli.pro.KafkaProducer] (Thread-738) [Producer clientId=Producer-topic-9f9ad435_8e79_472e_bfb9_3272c61af898] Closing the Kafka producer with timeoutMillis = 9223372036854775807 ms.
2025-08-13 16:48:07,616 INFO  [org.apa.kaf.com.met.Metrics] (Thread-738) Metrics scheduler closed
2025-08-13 16:48:07,616 INFO  [org.apa.kaf.com.met.Metrics] (Thread-738) Closing reporter org.apache.kafka.common.metrics.JmxReporter
2025-08-13 16:48:07,616 INFO  [org.apa.kaf.com.met.Metrics] (Thread-738) Closing reporter org.apache.kafka.common.telemetry.internals.ClientTelemetryReporter
2025-08-13 16:48:07,616 INFO  [org.apa.kaf.com.met.Metrics] (Thread-738) Metrics reporters closed
2025-08-13 16:48:07,616 INFO  [org.apa.kaf.com.uti.AppInfoParser] (Thread-738) App info kafka.producer for Producer-topic-9f9ad435_8e79_472e_bfb9_3272c61af898 unregistered
2025-08-13 16:48:07,616 INFO  [io.api.tes.uti.TestSeparator] (main) io.apicurio.tests.serdes.apicurio.AvroSerdeIT.testAvroSerDesFailDifferentSchemaByContent-FINISHED
2025-08-13 16:48:07,616 INFO  [io.api.tes.uti.TestSeparator] (main) ############################################################################
Test passed: testAvroSerDesFailDifferentSchemaByContent
]]></system-out>
    <system-err><![CDATA[java.lang.RuntimeException: Could not resolve artifact reference by content: {"type":"record","name":"sc4284d55xbd04x4f0dxa9adx187856232508","namespace":"s9cd6840fx9984x4779xb358x9d835afeb703","fields":[{"name":"keyB","type":"string"}]}&ArtifactReference [groupId=s9cd6840fx9984x4779xb358x9d835afeb703, artifactId=sc4284d55xbd04x4f0dxa9adx187856232508, version=null, globalId=null, contentId=null, contentHash=null]
	at io.apicurio.registry.resolver.DefaultSchemaResolver.lambda$handleResolveSchemaByContent$3(DefaultSchemaResolver.java:265)
	at io.apicurio.registry.resolver.cache.ERCache.lambda$getValue$0(ERCache.java:174)
	at io.apicurio.registry.resolver.cache.ERCache.retry(ERCache.java:227)
	at io.apicurio.registry.resolver.cache.ERCache.getValue(ERCache.java:173)
	at io.apicurio.registry.resolver.cache.ERCache.getByContent(ERCache.java:147)
	at io.apicurio.registry.resolver.DefaultSchemaResolver.handleResolveSchemaByContent(DefaultSchemaResolver.java:253)
	at io.apicurio.registry.resolver.DefaultSchemaResolver.getSchemaFromRegistry(DefaultSchemaResolver.java:138)
	at io.apicurio.registry.resolver.DefaultSchemaResolver.lambda$resolveSchema$0(DefaultSchemaResolver.java:84)
	at java.base/java.util.Optional.orElseGet(Optional.java:364)
	at io.apicurio.registry.resolver.DefaultSchemaResolver.resolveSchema(DefaultSchemaResolver.java:84)
	at io.apicurio.registry.serde.AbstractSerializer.serializeData(AbstractSerializer.java:62)
	at io.apicurio.registry.serde.KafkaSerializer.serialize(KafkaSerializer.java:77)
	at org.apache.kafka.clients.producer.KafkaProducer.doSend(KafkaProducer.java:1046)
	at org.apache.kafka.clients.producer.KafkaProducer.send(KafkaProducer.java:993)
	at org.apache.kafka.clients.producer.KafkaProducer.send(KafkaProducer.java:875)
	at io.apicurio.tests.serdes.apicurio.KafkaSerdesTester.lambda$produceMessages$3(KafkaSerdesTester.java:138)
	at java.base/java.util.concurrent.CompletableFuture$AsyncSupply.run(CompletableFuture.java:1768)
	at java.base/java.lang.Thread.run(Thread.java:840)
]]></system-err>
  </testcase>
  <testcase name="testGlobalIdInBody" classname="io.apicurio.tests.serdes.apicurio.AvroSerdeIT" time="4.383">
    <system-out><![CDATA[2025-08-13 16:48:07,622 INFO  [io.api.tes.uti.TestSeparator] (main) ############################################################################
2025-08-13 16:48:07,622 INFO  [io.api.tes.uti.TestSeparator] (main) io.apicurio.tests.serdes.apicurio.AvroSerdeIT.testGlobalIdInBody-STARTED
**** Registry Base URL: http://registry-app-ksql043.apps.ci419.apicurio-testing.org:80
2025-08-13 16:48:07,628 INFO  [org.apa.kaf.cli.pro.ProducerConfig] (main) ProducerConfig values: 
	acks = -1
	auto.include.jmx.reporter = true
	batch.size = 16384
	bootstrap.servers = [PLAINTEXT://localhost:32769]
	buffer.memory = 33554432
	client.dns.lookup = use_all_dns_ips
	client.id = Producer-topic-7c6199c7_146e_4fac_95a2_f91da4cb7a22
	compression.gzip.level = -1
	compression.lz4.level = 9
	compression.type = none
	compression.zstd.level = 3
	connections.max.idle.ms = 10000
	delivery.timeout.ms = 120000
	enable.idempotence = true
	enable.metrics.push = true
	interceptor.classes = []
	key.serializer = class org.apache.kafka.common.serialization.StringSerializer
	linger.ms = 0
	max.block.ms = 60000
	max.in.flight.requests.per.connection = 5
	max.request.size = 1048576
	metadata.max.age.ms = 300000
	metadata.max.idle.ms = 300000
	metadata.recovery.strategy = none
	metric.reporters = []
	metrics.num.samples = 2
	metrics.recording.level = INFO
	metrics.sample.window.ms = 30000
	partitioner.adaptive.partitioning.enable = true
	partitioner.availability.timeout.ms = 0
	partitioner.class = null
	partitioner.ignore.keys = false
	receive.buffer.bytes = 32768
	reconnect.backoff.max.ms = 1000
	reconnect.backoff.ms = 50
	request.timeout.ms = 5000
	retries = 2147483647
	retry.backoff.max.ms = 1000
	retry.backoff.ms = 100
	sasl.client.callback.handler.class = null
	sasl.jaas.config = null
	sasl.kerberos.kinit.cmd = /usr/bin/kinit
	sasl.kerberos.min.time.before.relogin = 60000
	sasl.kerberos.service.name = null
	sasl.kerberos.ticket.renew.jitter = 0.05
	sasl.kerberos.ticket.renew.window.factor = 0.8
	sasl.login.callback.handler.class = null
	sasl.login.class = null
	sasl.login.connect.timeout.ms = null
	sasl.login.read.timeout.ms = null
	sasl.login.refresh.buffer.seconds = 300
	sasl.login.refresh.min.period.seconds = 60
	sasl.login.refresh.window.factor = 0.8
	sasl.login.refresh.window.jitter = 0.05
	sasl.login.retry.backoff.max.ms = 10000
	sasl.login.retry.backoff.ms = 100
	sasl.mechanism = GSSAPI
	sasl.oauthbearer.clock.skew.seconds = 30
	sasl.oauthbearer.expected.audience = null
	sasl.oauthbearer.expected.issuer = null
	sasl.oauthbearer.header.urlencode = false
	sasl.oauthbearer.jwks.endpoint.refresh.ms = 3600000
	sasl.oauthbearer.jwks.endpoint.retry.backoff.max.ms = 10000
	sasl.oauthbearer.jwks.endpoint.retry.backoff.ms = 100
	sasl.oauthbearer.jwks.endpoint.url = null
	sasl.oauthbearer.scope.claim.name = scope
	sasl.oauthbearer.sub.claim.name = sub
	sasl.oauthbearer.token.endpoint.url = null
	security.protocol = PLAINTEXT
	security.providers = null
	send.buffer.bytes = 131072
	socket.connection.setup.timeout.max.ms = 30000
	socket.connection.setup.timeout.ms = 10000
	ssl.cipher.suites = null
	ssl.enabled.protocols = [TLSv1.2, TLSv1.3]
	ssl.endpoint.identification.algorithm = https
	ssl.engine.factory.class = null
	ssl.key.password = null
	ssl.keymanager.algorithm = SunX509
	ssl.keystore.certificate.chain = null
	ssl.keystore.key = null
	ssl.keystore.location = null
	ssl.keystore.password = null
	ssl.keystore.type = JKS
	ssl.protocol = TLSv1.3
	ssl.provider = null
	ssl.secure.random.implementation = null
	ssl.trustmanager.algorithm = PKIX
	ssl.truststore.certificates = null
	ssl.truststore.location = null
	ssl.truststore.password = null
	ssl.truststore.type = JKS
	transaction.timeout.ms = 60000
	transactional.id = null
	value.serializer = class io.apicurio.registry.serde.avro.AvroKafkaSerializer

2025-08-13 16:48:07,628 INFO  [org.apa.kaf.com.tel.int.KafkaMetricsCollector] (main) initializing Kafka metrics collector
2025-08-13 16:48:07,632 INFO  [org.apa.kaf.cli.pro.KafkaProducer] (main) [Producer clientId=Producer-topic-7c6199c7_146e_4fac_95a2_f91da4cb7a22] Instantiated an idempotent producer.
2025-08-13 16:48:07,633 INFO  [org.apa.kaf.cli.pro.ProducerConfig] (main) These configurations '[apicurio.registry.url, apicurio.registry.auto-register, apicurio.registry.use-id, apicurio.registry.artifact-resolver-strategy]' were supplied but are not used yet.
2025-08-13 16:48:07,634 INFO  [org.apa.kaf.com.uti.AppInfoParser] (main) Kafka version: 3.9.1
2025-08-13 16:48:07,634 INFO  [org.apa.kaf.com.uti.AppInfoParser] (main) Kafka commitId: f745dfdcee2b9851
2025-08-13 16:48:07,634 INFO  [org.apa.kaf.com.uti.AppInfoParser] (main) Kafka startTimeMs: 1755103687634
2025-08-13 16:48:07,634 INFO  [io.api.tes.ser.api.SimpleSerdesTesterBuilder$SimpleSerdesTester] (main) Using producer configuration: {apicurio.registry.url=http://registry-app-ksql043.apps.ci419.apicurio-testing.org:80/apis/registry/v3, apicurio.registry.auto-register=true, apicurio.registry.use-id=globalId, apicurio.registry.artifact-resolver-strategy=io.apicurio.registry.serde.strategy.TopicIdStrategy, value.serializer=io.apicurio.registry.serde.avro.AvroKafkaSerializer, request.timeout.ms=5000, acks=all, bootstrap.servers=PLAINTEXT://localhost:32769, connections.max.idle.ms=10000, key.serializer=org.apache.kafka.common.serialization.StringSerializer, client.id=Producer-topic-7c6199c7_146e_4fac_95a2_f91da4cb7a22}
2025-08-13 16:48:07,634 INFO  [io.api.tes.ser.api.SimpleSerdesTesterBuilder$SimpleSerdesTester] (main) Using consumer configuration: {apicurio.registry.use-id=globalId}
2025-08-13 16:48:07,636 INFO  [io.api.tes.ser.api.KafkaSerdesTester] (Thread-741) Sending message {"key11755103687622": "value-0"} to topic topic-7c6199c7_146e_4fac_95a2_f91da4cb7a22
2025-08-13 16:48:07,639 WARN  [org.apa.kaf.cli.NetworkClient] (kafka-producer-network-thread | Producer-topic-7c6199c7_146e_4fac_95a2_f91da4cb7a22) [Producer clientId=Producer-topic-7c6199c7_146e_4fac_95a2_f91da4cb7a22] The metadata response from the cluster reported a recoverable issue with correlation id 1 : {topic-7c6199c7_146e_4fac_95a2_f91da4cb7a22=UNKNOWN_TOPIC_OR_PARTITION}
2025-08-13 16:48:07,641 INFO  [org.apa.kaf.cli.Metadata] (kafka-producer-network-thread | Producer-topic-7c6199c7_146e_4fac_95a2_f91da4cb7a22) [Producer clientId=Producer-topic-7c6199c7_146e_4fac_95a2_f91da4cb7a22] Cluster ID: 2Q56eJUuTz2w_13NlVd4Hw
2025-08-13 16:48:07,641 INFO  [org.apa.kaf.cli.pro.int.TransactionManager] (kafka-producer-network-thread | Producer-topic-7c6199c7_146e_4fac_95a2_f91da4cb7a22) [Producer clientId=Producer-topic-7c6199c7_146e_4fac_95a2_f91da4cb7a22] ProducerId set to 25 with epoch 0
2025-08-13 16:48:07,956 INFO  [io.api.tes.ser.api.KafkaSerdesTester] (Thread-741) Sending message {"key11755103687622": "value-1"} to topic topic-7c6199c7_146e_4fac_95a2_f91da4cb7a22
2025-08-13 16:48:07,958 INFO  [io.api.tes.ser.api.KafkaSerdesTester] (Thread-741) Sending message {"key11755103687622": "value-2"} to topic topic-7c6199c7_146e_4fac_95a2_f91da4cb7a22
2025-08-13 16:48:07,959 INFO  [io.api.tes.ser.api.KafkaSerdesTester] (Thread-741) Sending message {"key11755103687622": "value-3"} to topic topic-7c6199c7_146e_4fac_95a2_f91da4cb7a22
2025-08-13 16:48:07,961 INFO  [io.api.tes.ser.api.KafkaSerdesTester] (Thread-741) Sending message {"key11755103687622": "value-4"} to topic topic-7c6199c7_146e_4fac_95a2_f91da4cb7a22
2025-08-13 16:48:07,963 INFO  [io.api.tes.ser.api.KafkaSerdesTester] (Thread-741) Sending message {"key11755103687622": "value-5"} to topic topic-7c6199c7_146e_4fac_95a2_f91da4cb7a22
2025-08-13 16:48:07,971 INFO  [io.api.tes.ser.api.KafkaSerdesTester] (Thread-741) Sending message {"key11755103687622": "value-6"} to topic topic-7c6199c7_146e_4fac_95a2_f91da4cb7a22
2025-08-13 16:48:07,974 INFO  [io.api.tes.ser.api.KafkaSerdesTester] (Thread-741) Sending message {"key11755103687622": "value-7"} to topic topic-7c6199c7_146e_4fac_95a2_f91da4cb7a22
2025-08-13 16:48:07,975 INFO  [io.api.tes.ser.api.KafkaSerdesTester] (Thread-741) Sending message {"key11755103687622": "value-8"} to topic topic-7c6199c7_146e_4fac_95a2_f91da4cb7a22
2025-08-13 16:48:07,976 INFO  [io.api.tes.ser.api.KafkaSerdesTester] (Thread-741) Sending message {"key11755103687622": "value-9"} to topic topic-7c6199c7_146e_4fac_95a2_f91da4cb7a22
2025-08-13 16:48:07,978 INFO  [io.api.tes.ser.api.KafkaSerdesTester] (Thread-741) Produced 10 messages
2025-08-13 16:48:07,978 INFO  [org.apa.kaf.cli.pro.KafkaProducer] (Thread-741) [Producer clientId=Producer-topic-7c6199c7_146e_4fac_95a2_f91da4cb7a22] Closing the Kafka producer with timeoutMillis = 9223372036854775807 ms.
2025-08-13 16:48:07,980 INFO  [org.apa.kaf.com.met.Metrics] (Thread-741) Metrics scheduler closed
2025-08-13 16:48:07,980 INFO  [org.apa.kaf.com.met.Metrics] (Thread-741) Closing reporter org.apache.kafka.common.metrics.JmxReporter
2025-08-13 16:48:07,980 INFO  [org.apa.kaf.com.met.Metrics] (Thread-741) Closing reporter org.apache.kafka.common.telemetry.internals.ClientTelemetryReporter
2025-08-13 16:48:07,980 INFO  [org.apa.kaf.com.met.Metrics] (Thread-741) Metrics reporters closed
2025-08-13 16:48:07,980 INFO  [org.apa.kaf.com.uti.AppInfoParser] (Thread-741) App info kafka.producer for Producer-topic-7c6199c7_146e_4fac_95a2_f91da4cb7a22 unregistered
**** Registry Base URL: http://registry-app-ksql043.apps.ci419.apicurio-testing.org:80
2025-08-13 16:48:08,133 INFO  [org.apa.kaf.cli.con.ConsumerConfig] (main) ConsumerConfig values: 
	allow.auto.create.topics = true
	auto.commit.interval.ms = 500
	auto.include.jmx.reporter = true
	auto.offset.reset = earliest
	bootstrap.servers = [PLAINTEXT://localhost:32769]
	check.crcs = true
	client.dns.lookup = use_all_dns_ips
	client.id = consumer-Consumer-topic-7c6199c7_146e_4fac_95a2_f91da4cb7a22-18
	client.rack = 
	connections.max.idle.ms = 10000
	default.api.timeout.ms = 60000
	enable.auto.commit = true
	enable.metrics.push = true
	exclude.internal.topics = true
	fetch.max.bytes = 52428800
	fetch.max.wait.ms = 500
	fetch.min.bytes = 1
	group.id = Consumer-topic-7c6199c7_146e_4fac_95a2_f91da4cb7a22
	group.instance.id = null
	group.protocol = classic
	group.remote.assignor = null
	heartbeat.interval.ms = 3000
	interceptor.classes = []
	internal.leave.group.on.close = true
	internal.throw.on.fetch.stable.offset.unsupported = false
	isolation.level = read_uncommitted
	key.deserializer = class org.apache.kafka.common.serialization.StringDeserializer
	max.partition.fetch.bytes = 1048576
	max.poll.interval.ms = 300000
	max.poll.records = 500
	metadata.max.age.ms = 300000
	metadata.recovery.strategy = none
	metric.reporters = []
	metrics.num.samples = 2
	metrics.recording.level = INFO
	metrics.sample.window.ms = 30000
	partition.assignment.strategy = [class org.apache.kafka.clients.consumer.RangeAssignor, class org.apache.kafka.clients.consumer.CooperativeStickyAssignor]
	receive.buffer.bytes = 65536
	reconnect.backoff.max.ms = 1000
	reconnect.backoff.ms = 50
	request.timeout.ms = 5000
	retry.backoff.max.ms = 1000
	retry.backoff.ms = 100
	sasl.client.callback.handler.class = null
	sasl.jaas.config = null
	sasl.kerberos.kinit.cmd = /usr/bin/kinit
	sasl.kerberos.min.time.before.relogin = 60000
	sasl.kerberos.service.name = null
	sasl.kerberos.ticket.renew.jitter = 0.05
	sasl.kerberos.ticket.renew.window.factor = 0.8
	sasl.login.callback.handler.class = null
	sasl.login.class = null
	sasl.login.connect.timeout.ms = null
	sasl.login.read.timeout.ms = null
	sasl.login.refresh.buffer.seconds = 300
	sasl.login.refresh.min.period.seconds = 60
	sasl.login.refresh.window.factor = 0.8
	sasl.login.refresh.window.jitter = 0.05
	sasl.login.retry.backoff.max.ms = 10000
	sasl.login.retry.backoff.ms = 100
	sasl.mechanism = GSSAPI
	sasl.oauthbearer.clock.skew.seconds = 30
	sasl.oauthbearer.expected.audience = null
	sasl.oauthbearer.expected.issuer = null
	sasl.oauthbearer.header.urlencode = false
	sasl.oauthbearer.jwks.endpoint.refresh.ms = 3600000
	sasl.oauthbearer.jwks.endpoint.retry.backoff.max.ms = 10000
	sasl.oauthbearer.jwks.endpoint.retry.backoff.ms = 100
	sasl.oauthbearer.jwks.endpoint.url = null
	sasl.oauthbearer.scope.claim.name = scope
	sasl.oauthbearer.sub.claim.name = sub
	sasl.oauthbearer.token.endpoint.url = null
	security.protocol = PLAINTEXT
	security.providers = null
	send.buffer.bytes = 131072
	session.timeout.ms = 45000
	socket.connection.setup.timeout.max.ms = 30000
	socket.connection.setup.timeout.ms = 10000
	ssl.cipher.suites = null
	ssl.enabled.protocols = [TLSv1.2, TLSv1.3]
	ssl.endpoint.identification.algorithm = https
	ssl.engine.factory.class = null
	ssl.key.password = null
	ssl.keymanager.algorithm = SunX509
	ssl.keystore.certificate.chain = null
	ssl.keystore.key = null
	ssl.keystore.location = null
	ssl.keystore.password = null
	ssl.keystore.type = JKS
	ssl.protocol = TLSv1.3
	ssl.provider = null
	ssl.secure.random.implementation = null
	ssl.trustmanager.algorithm = PKIX
	ssl.truststore.certificates = null
	ssl.truststore.location = null
	ssl.truststore.password = null
	ssl.truststore.type = JKS
	value.deserializer = class io.apicurio.registry.serde.avro.AvroKafkaDeserializer

2025-08-13 16:48:08,133 INFO  [org.apa.kaf.com.tel.int.KafkaMetricsCollector] (main) initializing Kafka metrics collector
2025-08-13 16:48:08,137 INFO  [org.apa.kaf.cli.con.ConsumerConfig] (main) These configurations '[apicurio.registry.url, apicurio.registry.use-id]' were supplied but are not used yet.
2025-08-13 16:48:08,137 INFO  [org.apa.kaf.com.uti.AppInfoParser] (main) Kafka version: 3.9.1
2025-08-13 16:48:08,137 INFO  [org.apa.kaf.com.uti.AppInfoParser] (main) Kafka commitId: f745dfdcee2b9851
2025-08-13 16:48:08,137 INFO  [org.apa.kaf.com.uti.AppInfoParser] (main) Kafka startTimeMs: 1755103688137
2025-08-13 16:48:08,137 INFO  [org.apa.kaf.cli.con.int.ClassicKafkaConsumer] (Thread-744) [Consumer clientId=consumer-Consumer-topic-7c6199c7_146e_4fac_95a2_f91da4cb7a22-18, groupId=Consumer-topic-7c6199c7_146e_4fac_95a2_f91da4cb7a22] Subscribed to topic(s): topic-7c6199c7_146e_4fac_95a2_f91da4cb7a22
2025-08-13 16:48:08,141 INFO  [org.apa.kaf.cli.Metadata] (Thread-744) [Consumer clientId=consumer-Consumer-topic-7c6199c7_146e_4fac_95a2_f91da4cb7a22-18, groupId=Consumer-topic-7c6199c7_146e_4fac_95a2_f91da4cb7a22] Cluster ID: 2Q56eJUuTz2w_13NlVd4Hw
2025-08-13 16:48:08,142 INFO  [org.apa.kaf.cli.con.int.ConsumerCoordinator] (Thread-744) [Consumer clientId=consumer-Consumer-topic-7c6199c7_146e_4fac_95a2_f91da4cb7a22-18, groupId=Consumer-topic-7c6199c7_146e_4fac_95a2_f91da4cb7a22] Discovered group coordinator localhost:32769 (id: 2147483647 rack: null)
2025-08-13 16:48:08,143 INFO  [org.apa.kaf.cli.con.int.ConsumerCoordinator] (Thread-744) [Consumer clientId=consumer-Consumer-topic-7c6199c7_146e_4fac_95a2_f91da4cb7a22-18, groupId=Consumer-topic-7c6199c7_146e_4fac_95a2_f91da4cb7a22] (Re-)joining group
2025-08-13 16:48:08,145 INFO  [org.apa.kaf.cli.con.int.ConsumerCoordinator] (Thread-744) [Consumer clientId=consumer-Consumer-topic-7c6199c7_146e_4fac_95a2_f91da4cb7a22-18, groupId=Consumer-topic-7c6199c7_146e_4fac_95a2_f91da4cb7a22] Request joining group due to: need to re-join with the given member-id: consumer-Consumer-topic-7c6199c7_146e_4fac_95a2_f91da4cb7a22-18-475bac45-a1f4-4928-9720-dbbea8113baa
2025-08-13 16:48:08,145 INFO  [org.apa.kaf.cli.con.int.ConsumerCoordinator] (Thread-744) [Consumer clientId=consumer-Consumer-topic-7c6199c7_146e_4fac_95a2_f91da4cb7a22-18, groupId=Consumer-topic-7c6199c7_146e_4fac_95a2_f91da4cb7a22] (Re-)joining group
2025-08-13 16:48:09,137 INFO  [io.api.tes.ser.api.KafkaSerdesTester] (Thread-744) None found
2025-08-13 16:48:10,137 INFO  [io.api.tes.ser.api.KafkaSerdesTester] (Thread-744) None found
2025-08-13 16:48:11,137 INFO  [io.api.tes.ser.api.KafkaSerdesTester] (Thread-744) None found
2025-08-13 16:48:11,147 INFO  [org.apa.kaf.cli.con.int.ConsumerCoordinator] (Thread-744) [Consumer clientId=consumer-Consumer-topic-7c6199c7_146e_4fac_95a2_f91da4cb7a22-18, groupId=Consumer-topic-7c6199c7_146e_4fac_95a2_f91da4cb7a22] Successfully joined group with generation Generation{generationId=1, memberId='consumer-Consumer-topic-7c6199c7_146e_4fac_95a2_f91da4cb7a22-18-475bac45-a1f4-4928-9720-dbbea8113baa', protocol='range'}
2025-08-13 16:48:11,147 INFO  [org.apa.kaf.cli.con.int.ConsumerCoordinator] (Thread-744) [Consumer clientId=consumer-Consumer-topic-7c6199c7_146e_4fac_95a2_f91da4cb7a22-18, groupId=Consumer-topic-7c6199c7_146e_4fac_95a2_f91da4cb7a22] Finished assignment for group at generation 1: {consumer-Consumer-topic-7c6199c7_146e_4fac_95a2_f91da4cb7a22-18-475bac45-a1f4-4928-9720-dbbea8113baa=Assignment(partitions=[topic-7c6199c7_146e_4fac_95a2_f91da4cb7a22-0])}
2025-08-13 16:48:11,154 INFO  [org.apa.kaf.cli.con.int.ConsumerCoordinator] (Thread-744) [Consumer clientId=consumer-Consumer-topic-7c6199c7_146e_4fac_95a2_f91da4cb7a22-18, groupId=Consumer-topic-7c6199c7_146e_4fac_95a2_f91da4cb7a22] Successfully synced group in generation Generation{generationId=1, memberId='consumer-Consumer-topic-7c6199c7_146e_4fac_95a2_f91da4cb7a22-18-475bac45-a1f4-4928-9720-dbbea8113baa', protocol='range'}
2025-08-13 16:48:11,154 INFO  [org.apa.kaf.cli.con.int.ConsumerCoordinator] (Thread-744) [Consumer clientId=consumer-Consumer-topic-7c6199c7_146e_4fac_95a2_f91da4cb7a22-18, groupId=Consumer-topic-7c6199c7_146e_4fac_95a2_f91da4cb7a22] Notifying assignor about the new Assignment(partitions=[topic-7c6199c7_146e_4fac_95a2_f91da4cb7a22-0])
2025-08-13 16:48:11,154 INFO  [org.apa.kaf.cli.con.int.ConsumerRebalanceListenerInvoker] (Thread-744) [Consumer clientId=consumer-Consumer-topic-7c6199c7_146e_4fac_95a2_f91da4cb7a22-18, groupId=Consumer-topic-7c6199c7_146e_4fac_95a2_f91da4cb7a22] Adding newly assigned partitions: topic-7c6199c7_146e_4fac_95a2_f91da4cb7a22-0
2025-08-13 16:48:11,154 INFO  [org.apa.kaf.cli.con.int.ConsumerCoordinator] (Thread-744) [Consumer clientId=consumer-Consumer-topic-7c6199c7_146e_4fac_95a2_f91da4cb7a22-18, groupId=Consumer-topic-7c6199c7_146e_4fac_95a2_f91da4cb7a22] Found no committed offset for partition topic-7c6199c7_146e_4fac_95a2_f91da4cb7a22-0
2025-08-13 16:48:11,158 INFO  [org.apa.kaf.cli.con.int.SubscriptionState] (Thread-744) [Consumer clientId=consumer-Consumer-topic-7c6199c7_146e_4fac_95a2_f91da4cb7a22-18, groupId=Consumer-topic-7c6199c7_146e_4fac_95a2_f91da4cb7a22] Resetting offset for partition topic-7c6199c7_146e_4fac_95a2_f91da4cb7a22-0 to position FetchPosition{offset=0, offsetEpoch=Optional.empty, currentLeader=LeaderAndEpoch{leader=Optional[localhost:32769 (id: 0 rack: null)], epoch=0}}.
2025-08-13 16:48:11,497 INFO  [io.api.tes.ser.api.KafkaSerdesTester] (Thread-744) topic-7c6199c7_146e_4fac_95a2_f91da4cb7a22 0 0 {"key11755103687622": "value-0"}
2025-08-13 16:48:11,498 INFO  [io.api.tes.ser.api.KafkaSerdesTester] (Thread-744) topic-7c6199c7_146e_4fac_95a2_f91da4cb7a22 0 1 {"key11755103687622": "value-1"}
2025-08-13 16:48:11,498 INFO  [io.api.tes.ser.api.KafkaSerdesTester] (Thread-744) topic-7c6199c7_146e_4fac_95a2_f91da4cb7a22 0 2 {"key11755103687622": "value-2"}
2025-08-13 16:48:11,498 INFO  [io.api.tes.ser.api.KafkaSerdesTester] (Thread-744) topic-7c6199c7_146e_4fac_95a2_f91da4cb7a22 0 3 {"key11755103687622": "value-3"}
2025-08-13 16:48:11,498 INFO  [io.api.tes.ser.api.KafkaSerdesTester] (Thread-744) topic-7c6199c7_146e_4fac_95a2_f91da4cb7a22 0 4 {"key11755103687622": "value-4"}
2025-08-13 16:48:11,498 INFO  [io.api.tes.ser.api.KafkaSerdesTester] (Thread-744) topic-7c6199c7_146e_4fac_95a2_f91da4cb7a22 0 5 {"key11755103687622": "value-5"}
2025-08-13 16:48:11,498 INFO  [io.api.tes.ser.api.KafkaSerdesTester] (Thread-744) topic-7c6199c7_146e_4fac_95a2_f91da4cb7a22 0 6 {"key11755103687622": "value-6"}
2025-08-13 16:48:11,498 INFO  [io.api.tes.ser.api.KafkaSerdesTester] (Thread-744) topic-7c6199c7_146e_4fac_95a2_f91da4cb7a22 0 7 {"key11755103687622": "value-7"}
2025-08-13 16:48:11,498 INFO  [io.api.tes.ser.api.KafkaSerdesTester] (Thread-744) topic-7c6199c7_146e_4fac_95a2_f91da4cb7a22 0 8 {"key11755103687622": "value-8"}
2025-08-13 16:48:11,498 INFO  [io.api.tes.ser.api.KafkaSerdesTester] (Thread-744) topic-7c6199c7_146e_4fac_95a2_f91da4cb7a22 0 9 {"key11755103687622": "value-9"}
2025-08-13 16:48:11,498 INFO  [io.api.tes.ser.api.KafkaSerdesTester] (Thread-744) Consumed 10 messages
2025-08-13 16:48:11,505 INFO  [org.apa.kaf.cli.con.int.ConsumerRebalanceListenerInvoker] (Thread-744) [Consumer clientId=consumer-Consumer-topic-7c6199c7_146e_4fac_95a2_f91da4cb7a22-18, groupId=Consumer-topic-7c6199c7_146e_4fac_95a2_f91da4cb7a22] Revoke previously assigned partitions topic-7c6199c7_146e_4fac_95a2_f91da4cb7a22-0
2025-08-13 16:48:11,505 INFO  [org.apa.kaf.cli.con.int.ConsumerCoordinator] (Thread-744) [Consumer clientId=consumer-Consumer-topic-7c6199c7_146e_4fac_95a2_f91da4cb7a22-18, groupId=Consumer-topic-7c6199c7_146e_4fac_95a2_f91da4cb7a22] Member consumer-Consumer-topic-7c6199c7_146e_4fac_95a2_f91da4cb7a22-18-475bac45-a1f4-4928-9720-dbbea8113baa sending LeaveGroup request to coordinator localhost:32769 (id: 2147483647 rack: null) due to the consumer is being closed
2025-08-13 16:48:11,505 INFO  [org.apa.kaf.cli.con.int.ConsumerCoordinator] (Thread-744) [Consumer clientId=consumer-Consumer-topic-7c6199c7_146e_4fac_95a2_f91da4cb7a22-18, groupId=Consumer-topic-7c6199c7_146e_4fac_95a2_f91da4cb7a22] Resetting generation and member id due to: consumer pro-actively leaving the group
2025-08-13 16:48:11,505 INFO  [org.apa.kaf.cli.con.int.ConsumerCoordinator] (Thread-744) [Consumer clientId=consumer-Consumer-topic-7c6199c7_146e_4fac_95a2_f91da4cb7a22-18, groupId=Consumer-topic-7c6199c7_146e_4fac_95a2_f91da4cb7a22] Request joining group due to: consumer pro-actively leaving the group
2025-08-13 16:48:12,000 INFO  [org.apa.kaf.com.met.Metrics] (Thread-744) Metrics scheduler closed
2025-08-13 16:48:12,000 INFO  [org.apa.kaf.com.met.Metrics] (Thread-744) Closing reporter org.apache.kafka.common.metrics.JmxReporter
2025-08-13 16:48:12,000 INFO  [org.apa.kaf.com.met.Metrics] (Thread-744) Closing reporter org.apache.kafka.common.telemetry.internals.ClientTelemetryReporter
2025-08-13 16:48:12,000 INFO  [org.apa.kaf.com.met.Metrics] (Thread-744) Metrics reporters closed
2025-08-13 16:48:12,003 INFO  [org.apa.kaf.com.uti.AppInfoParser] (Thread-744) App info kafka.consumer for consumer-Consumer-topic-7c6199c7_146e_4fac_95a2_f91da4cb7a22-18 unregistered
2025-08-13 16:48:12,003 INFO  [io.api.tes.uti.TestSeparator] (main) io.apicurio.tests.serdes.apicurio.AvroSerdeIT.testGlobalIdInBody-FINISHED
2025-08-13 16:48:12,003 INFO  [io.api.tes.uti.TestSeparator] (main) ############################################################################
Test passed: testGlobalIdInBody
]]></system-out>
  </testcase>
  <testcase name="testProducerUsesGlobalIdConsumerUsesDefault" classname="io.apicurio.tests.serdes.apicurio.AvroSerdeIT" time="0.0">
    <skipped message="void io.apicurio.tests.serdes.apicurio.AvroSerdeIT.testProducerUsesGlobalIdConsumerUsesDefault() throws java.lang.Exception is @Disabled"/>
  </testcase>
</testsuite>