<?xml version="1.0" encoding="UTF-8"?>
<testsuite xmlns:xsi="http://www.w3.org/2001/XMLSchema-instance" xsi:noNamespaceSchemaLocation="https://maven.apache.org/surefire/maven-failsafe-plugin/xsd/failsafe-test-report.xsd" version="3.0.2" name="io.apicurio.tests.serdes.apicurio.JsonSchemaSerdeIT" time="20.763" tests="6" errors="0" skipped="0" failures="0">
  <properties>
    <property name="java.specification.version" value="17"/>
    <property name="sun.jnu.encoding" value="UTF-8"/>
    <property name="java.class.path" value="/home/runner/work/apicurio-testing/apicurio-testing/clusters/ci419/namespaces/pg17/tests/integration/apicurio-registry/integration-tests/target/test-classes:/home/runner/work/apicurio-testing/apicurio-testing/clusters/ci419/namespaces/pg17/tests/integration/apicurio-registry/integration-tests/target/apicurio-registry-integration-tests-3.0.14-SNAPSHOT.jar:/home/runner/.m2/repository/io/quarkus/quarkus-junit5/3.20.2/quarkus-junit5-3.20.2.jar:/home/runner/.m2/repository/io/quarkus/quarkus-bootstrap-core/3.20.2/quarkus-bootstrap-core-3.20.2.jar:/home/runner/.m2/repository/io/quarkus/quarkus-classloader-commons/3.20.2/quarkus-classloader-commons-3.20.2.jar:/home/runner/.m2/repository/io/quarkus/quarkus-bootstrap-app-model/3.20.2/quarkus-bootstrap-app-model-3.20.2.jar:/home/runner/.m2/repository/io/smallrye/common/smallrye-common-io/2.12.0/smallrye-common-io-2.12.0.jar:/home/runner/.m2/repository/org/eclipse/sisu/org.eclipse.sisu.inject/0.9.0.M3/org.eclipse.sisu.inject-0.9.0.M3.jar:/home/runner/.m2/repository/io/quarkus/quarkus-test-common/3.20.2/quarkus-test-common-3.20.2.jar:/home/runner/.m2/repository/io/quarkus/quarkus-core-deployment/3.20.2/quarkus-core-deployment-3.20.2.jar:/home/runner/.m2/repository/org/aesh/readline/2.6/readline-2.6.jar:/home/runner/.m2/repository/org/fusesource/jansi/jansi/2.4.0/jansi-2.4.0.jar:/home/runner/.m2/repository/org/aesh/aesh/2.8.2/aesh-2.8.2.jar:/home/runner/.m2/repository/io/quarkus/gizmo/gizmo/1.8.0/gizmo-1.8.0.jar:/home/runner/.m2/repository/org/ow2/asm/asm-util/9.7.1/asm-util-9.7.1.jar:/home/runner/.m2/repository/org/ow2/asm/asm-analysis/9.7.1/asm-analysis-9.7.1.jar:/home/runner/.m2/repository/org/ow2/asm/asm-commons/9.7.1/asm-commons-9.7.1.jar:/home/runner/.m2/repository/org/ow2/asm/asm-tree/9.7.1/asm-tree-9.7.1.jar:/home/runner/.m2/repository/io/quarkus/quarkus-hibernate-validator-spi/3.20.2/quarkus-hibernate-validator-spi-3.20.2.jar:/home/runner/.m2/repository/io/quarkus/quarkus-class-change-agent/3.20.2/quarkus-class-change-agent-3.20.2.jar:/home/runner/.m2/repository/io/quarkus/quarkus-devtools-utilities/3.20.2/quarkus-devtools-utilities-3.20.2.jar:/home/runner/.m2/repository/io/quarkus/quarkus-builder/3.20.2/quarkus-builder-3.20.2.jar:/home/runner/.m2/repository/org/graalvm/sdk/nativeimage/23.1.2/nativeimage-23.1.2.jar:/home/runner/.m2/repository/org/graalvm/sdk/word/23.1.2/word-23.1.2.jar:/home/runner/.m2/repository/io/quarkus/quarkus-bootstrap-maven-resolver/3.20.2/quarkus-bootstrap-maven-resolver-3.20.2.jar:/home/runner/.m2/repository/io/smallrye/beanbag/smallrye-beanbag-maven/1.5.2/smallrye-beanbag-maven-1.5.2.jar:/home/runner/.m2/repository/io/smallrye/beanbag/smallrye-beanbag-sisu/1.5.2/smallrye-beanbag-sisu-1.5.2.jar:/home/runner/.m2/repository/io/smallrye/beanbag/smallrye-beanbag/1.5.2/smallrye-beanbag-1.5.2.jar:/home/runner/.m2/repository/javax/inject/javax.inject/1/javax.inject-1.jar:/home/runner/.m2/repository/org/apache/maven/maven-artifact/3.9.9/maven-artifact-3.9.9.jar:/home/runner/.m2/repository/org/apache/maven/maven-builder-support/3.9.9/maven-builder-support-3.9.9.jar:/home/runner/.m2/repository/org/apache/maven/maven-model/3.9.9/maven-model-3.9.9.jar:/home/runner/.m2/repository/org/apache/maven/maven-model-builder/3.9.9/maven-model-builder-3.9.9.jar:/home/runner/.m2/repository/org/apache/maven/maven-repository-metadata/3.9.9/maven-repository-metadata-3.9.9.jar:/home/runner/.m2/repository/org/apache/maven/maven-settings/3.9.9/maven-settings-3.9.9.jar:/home/runner/.m2/repository/org/apache/maven/resolver/maven-resolver-api/1.9.22/maven-resolver-api-1.9.22.jar:/home/runner/.m2/repository/org/apache/maven/resolver/maven-resolver-impl/1.9.22/maven-resolver-impl-1.9.22.jar:/home/runner/.m2/repository/org/apache/maven/resolver/maven-resolver-named-locks/1.9.22/maven-resolver-named-locks-1.9.22.jar:/home/runner/.m2/repository/org/apache/maven/resolver/maven-resolver-spi/1.9.22/maven-resolver-spi-1.9.22.jar:/home/runner/.m2/repository/org/apache/maven/resolver/maven-resolver-util/1.9.22/maven-resolver-util-1.9.22.jar:/home/runner/.m2/repository/org/apache/maven/resolver/maven-resolver-transport-http/1.9.20/maven-resolver-transport-http-1.9.20.jar:/home/runner/.m2/repository/org/apache/maven/wagon/wagon-provider-api/3.5.3/wagon-provider-api-3.5.3.jar:/home/runner/.m2/repository/org/apache/maven/wagon/wagon-http-shared/3.5.3/wagon-http-shared-3.5.3.jar:/home/runner/.m2/repository/org/codehaus/plexus/plexus-interpolation/1.26/plexus-interpolation-1.26.jar:/home/runner/.m2/repository/org/codehaus/plexus/plexus-utils/3.5.1/plexus-utils-3.5.1.jar:/home/runner/.m2/repository/org/codehaus/plexus/plexus-xml/4.0.1/plexus-xml-4.0.1.jar:/home/runner/.m2/repository/org/apache/maven/maven-xml-impl/4.0.0-alpha-5/maven-xml-impl-4.0.0-alpha-5.jar:/home/runner/.m2/repository/org/apache/maven/maven-api-xml/4.0.0-alpha-5/maven-api-xml-4.0.0-alpha-5.jar:/home/runner/.m2/repository/org/apache/maven/maven-api-meta/4.0.0-alpha-5/maven-api-meta-4.0.0-alpha-5.jar:/home/runner/.m2/repository/org/codehaus/plexus/plexus-cipher/2.0/plexus-cipher-2.0.jar:/home/runner/.m2/repository/org/codehaus/plexus/plexus-sec-dispatcher/2.0/plexus-sec-dispatcher-2.0.jar:/home/runner/.m2/repository/org/apache/maven/maven-embedder/3.9.9/maven-embedder-3.9.9.jar:/home/runner/.m2/repository/org/apache/maven/maven-core/3.9.9/maven-core-3.9.9.jar:/home/runner/.m2/repository/org/codehaus/plexus/plexus-component-annotations/2.1.0/plexus-component-annotations-2.1.0.jar:/home/runner/.m2/repository/org/apache/maven/maven-plugin-api/3.9.9/maven-plugin-api-3.9.9.jar:/home/runner/.m2/repository/org/apache/maven/shared/maven-shared-utils/3.4.2/maven-shared-utils-3.4.2.jar:/home/runner/.m2/repository/com/google/inject/guice/5.1.0/guice-5.1.0.jar:/home/runner/.m2/repository/aopalliance/aopalliance/1.0/aopalliance-1.0.jar:/home/runner/.m2/repository/org/codehaus/plexus/plexus-classworlds/2.6.0/plexus-classworlds-2.6.0.jar:/home/runner/.m2/repository/commons-cli/commons-cli/1.8.0/commons-cli-1.8.0.jar:/home/runner/.m2/repository/org/eclipse/sisu/org.eclipse.sisu.plexus/0.9.0.M3/org.eclipse.sisu.plexus-0.9.0.M3.jar:/home/runner/.m2/repository/org/apache/maven/maven-settings-builder/3.9.9/maven-settings-builder-3.9.9.jar:/home/runner/.m2/repository/org/apache/maven/maven-resolver-provider/3.9.9/maven-resolver-provider-3.9.9.jar:/home/runner/.m2/repository/org/apache/maven/resolver/maven-resolver-connector-basic/1.9.22/maven-resolver-connector-basic-1.9.22.jar:/home/runner/.m2/repository/org/apache/maven/resolver/maven-resolver-transport-wagon/1.9.22/maven-resolver-transport-wagon-1.9.22.jar:/home/runner/.m2/repository/org/apache/maven/wagon/wagon-http/3.5.3/wagon-http-3.5.3.jar:/home/runner/.m2/repository/org/apache/maven/wagon/wagon-file/3.5.3/wagon-file-3.5.3.jar:/home/runner/.m2/repository/io/quarkus/quarkus-bootstrap-gradle-resolver/3.20.2/quarkus-bootstrap-gradle-resolver-3.20.2.jar:/home/runner/.m2/repository/io/smallrye/jandex/3.3.0/jandex-3.3.0.jar:/home/runner/.m2/repository/org/jboss/logging/commons-logging-jboss-logging/1.0.0.Final/commons-logging-jboss-logging-1.0.0.Final.jar:/home/runner/.m2/repository/io/quarkus/quarkus-junit5-config/3.20.2/quarkus-junit5-config-3.20.2.jar:/home/runner/.m2/repository/org/junit/jupiter/junit-jupiter-api/5.12.1/junit-jupiter-api-5.12.1.jar:/home/runner/.m2/repository/io/smallrye/config/smallrye-config/3.11.4/smallrye-config-3.11.4.jar:/home/runner/.m2/repository/io/smallrye/config/smallrye-config-core/3.11.4/smallrye-config-core-3.11.4.jar:/home/runner/.m2/repository/io/smallrye/common/smallrye-common-classloader/2.12.0/smallrye-common-classloader-2.12.0.jar:/home/runner/.m2/repository/io/smallrye/config/smallrye-config-common/3.11.4/smallrye-config-common-3.11.4.jar:/home/runner/.m2/repository/org/junit/jupiter/junit-jupiter/5.12.1/junit-jupiter-5.12.1.jar:/home/runner/.m2/repository/org/junit/jupiter/junit-jupiter-params/5.12.1/junit-jupiter-params-5.12.1.jar:/home/runner/.m2/repository/org/junit/jupiter/junit-jupiter-engine/5.12.1/junit-jupiter-engine-5.12.1.jar:/home/runner/.m2/repository/io/quarkus/quarkus-core/3.20.2/quarkus-core-3.20.2.jar:/home/runner/.m2/repository/jakarta/enterprise/jakarta.enterprise.cdi-api/4.1.0/jakarta.enterprise.cdi-api-4.1.0.jar:/home/runner/.m2/repository/jakarta/enterprise/jakarta.enterprise.lang-model/4.1.0/jakarta.enterprise.lang-model-4.1.0.jar:/home/runner/.m2/repository/jakarta/el/jakarta.el-api/5.0.1/jakarta.el-api-5.0.1.jar:/home/runner/.m2/repository/jakarta/interceptor/jakarta.interceptor-api/2.2.0/jakarta.interceptor-api-2.2.0.jar:/home/runner/.m2/repository/jakarta/inject/jakarta.inject-api/2.0.1/jakarta.inject-api-2.0.1.jar:/home/runner/.m2/repository/io/smallrye/common/smallrye-common-os/2.12.0/smallrye-common-os-2.12.0.jar:/home/runner/.m2/repository/io/quarkus/quarkus-ide-launcher/3.20.2/quarkus-ide-launcher-3.20.2.jar:/home/runner/.m2/repository/io/quarkus/quarkus-development-mode-spi/3.20.2/quarkus-development-mode-spi-3.20.2.jar:/home/runner/.m2/repository/org/jboss/logging/jboss-logging/3.6.1.Final/jboss-logging-3.6.1.Final.jar:/home/runner/.m2/repository/org/jboss/logmanager/jboss-logmanager/3.1.2.Final/jboss-logmanager-3.1.2.Final.jar:/home/runner/.m2/repository/io/smallrye/common/smallrye-common-constraint/2.12.0/smallrye-common-constraint-2.12.0.jar:/home/runner/.m2/repository/io/smallrye/common/smallrye-common-cpu/2.12.0/smallrye-common-cpu-2.12.0.jar:/home/runner/.m2/repository/io/smallrye/common/smallrye-common-expression/2.12.0/smallrye-common-expression-2.12.0.jar:/home/runner/.m2/repository/io/smallrye/common/smallrye-common-net/2.12.0/smallrye-common-net-2.12.0.jar:/home/runner/.m2/repository/io/smallrye/common/smallrye-common-ref/2.12.0/smallrye-common-ref-2.12.0.jar:/home/runner/.m2/repository/jakarta/json/jakarta.json-api/2.1.3/jakarta.json-api-2.1.3.jar:/home/runner/.m2/repository/org/eclipse/parsson/parsson/1.1.7/parsson-1.1.7.jar:/home/runner/.m2/repository/org/jboss/logging/jboss-logging-annotations/3.0.4.Final/jboss-logging-annotations-3.0.4.Final.jar:/home/runner/.m2/repository/org/jboss/threads/jboss-threads/3.8.0.Final/jboss-threads-3.8.0.Final.jar:/home/runner/.m2/repository/io/smallrye/common/smallrye-common-annotation/2.12.0/smallrye-common-annotation-2.12.0.jar:/home/runner/.m2/repository/io/smallrye/common/smallrye-common-function/2.12.0/smallrye-common-function-2.12.0.jar:/home/runner/.m2/repository/org/jboss/slf4j/slf4j-jboss-logmanager/2.0.0.Final/slf4j-jboss-logmanager-2.0.0.Final.jar:/home/runner/.m2/repository/org/wildfly/common/wildfly-common/2.0.1/wildfly-common-2.0.1.jar:/home/runner/.m2/repository/io/quarkus/quarkus-bootstrap-runner/3.20.2/quarkus-bootstrap-runner-3.20.2.jar:/home/runner/.m2/repository/io/github/crac/org-crac/0.1.3/org-crac-0.1.3.jar:/home/runner/.m2/repository/io/quarkus/quarkus-fs-util/0.0.10/quarkus-fs-util-0.0.10.jar:/home/runner/.m2/repository/org/jboss/marshalling/jboss-marshalling/2.2.2.Final/jboss-marshalling-2.2.2.Final.jar:/home/runner/.m2/repository/io/fabric8/kubernetes-client/7.1.0/kubernetes-client-7.1.0.jar:/home/runner/.m2/repository/io/fabric8/kubernetes-client-api/7.1.0/kubernetes-client-api-7.1.0.jar:/home/runner/.m2/repository/io/fabric8/kubernetes-model-core/7.1.0/kubernetes-model-core-7.1.0.jar:/home/runner/.m2/repository/io/fabric8/kubernetes-model-common/7.1.0/kubernetes-model-common-7.1.0.jar:/home/runner/.m2/repository/javax/annotation/javax.annotation-api/1.3.2/javax.annotation-api-1.3.2.jar:/home/runner/.m2/repository/io/fabric8/kubernetes-model-gatewayapi/7.1.0/kubernetes-model-gatewayapi-7.1.0.jar:/home/runner/.m2/repository/io/fabric8/kubernetes-model-resource/7.1.0/kubernetes-model-resource-7.1.0.jar:/home/runner/.m2/repository/io/fabric8/kubernetes-model-rbac/7.1.0/kubernetes-model-rbac-7.1.0.jar:/home/runner/.m2/repository/io/fabric8/kubernetes-model-admissionregistration/7.1.0/kubernetes-model-admissionregistration-7.1.0.jar:/home/runner/.m2/repository/io/fabric8/kubernetes-model-apps/7.1.0/kubernetes-model-apps-7.1.0.jar:/home/runner/.m2/repository/io/fabric8/kubernetes-model-autoscaling/7.1.0/kubernetes-model-autoscaling-7.1.0.jar:/home/runner/.m2/repository/io/fabric8/kubernetes-model-apiextensions/7.1.0/kubernetes-model-apiextensions-7.1.0.jar:/home/runner/.m2/repository/io/fabric8/kubernetes-model-batch/7.1.0/kubernetes-model-batch-7.1.0.jar:/home/runner/.m2/repository/io/fabric8/kubernetes-model-certificates/7.1.0/kubernetes-model-certificates-7.1.0.jar:/home/runner/.m2/repository/io/fabric8/kubernetes-model-coordination/7.1.0/kubernetes-model-coordination-7.1.0.jar:/home/runner/.m2/repository/io/fabric8/kubernetes-model-discovery/7.1.0/kubernetes-model-discovery-7.1.0.jar:/home/runner/.m2/repository/io/fabric8/kubernetes-model-events/7.1.0/kubernetes-model-events-7.1.0.jar:/home/runner/.m2/repository/io/fabric8/kubernetes-model-extensions/7.1.0/kubernetes-model-extensions-7.1.0.jar:/home/runner/.m2/repository/io/fabric8/kubernetes-model-flowcontrol/7.1.0/kubernetes-model-flowcontrol-7.1.0.jar:/home/runner/.m2/repository/io/fabric8/kubernetes-model-networking/7.1.0/kubernetes-model-networking-7.1.0.jar:/home/runner/.m2/repository/io/fabric8/kubernetes-model-metrics/7.1.0/kubernetes-model-metrics-7.1.0.jar:/home/runner/.m2/repository/io/fabric8/kubernetes-model-policy/7.1.0/kubernetes-model-policy-7.1.0.jar:/home/runner/.m2/repository/io/fabric8/kubernetes-model-scheduling/7.1.0/kubernetes-model-scheduling-7.1.0.jar:/home/runner/.m2/repository/io/fabric8/kubernetes-model-storageclass/7.1.0/kubernetes-model-storageclass-7.1.0.jar:/home/runner/.m2/repository/io/fabric8/kubernetes-model-node/7.1.0/kubernetes-model-node-7.1.0.jar:/home/runner/.m2/repository/org/snakeyaml/snakeyaml-engine/2.9/snakeyaml-engine-2.9.jar:/home/runner/.m2/repository/com/fasterxml/jackson/dataformat/jackson-dataformat-yaml/2.18.2/jackson-dataformat-yaml-2.18.2.jar:/home/runner/.m2/repository/com/fasterxml/jackson/datatype/jackson-datatype-jsr310/2.18.2/jackson-datatype-jsr310-2.18.2.jar:/home/runner/.m2/repository/io/fabric8/zjsonpatch/7.1.0/zjsonpatch-7.1.0.jar:/home/runner/.m2/repository/io/fabric8/kubernetes-httpclient-vertx/7.1.0/kubernetes-httpclient-vertx-7.1.0.jar:/home/runner/.m2/repository/io/vertx/vertx-web-client/4.5.16/vertx-web-client-4.5.16.jar:/home/runner/.m2/repository/io/vertx/vertx-web-common/4.5.16/vertx-web-common-4.5.16.jar:/home/runner/.m2/repository/io/vertx/vertx-auth-common/4.5.16/vertx-auth-common-4.5.16.jar:/home/runner/.m2/repository/io/vertx/vertx-uri-template/4.5.16/vertx-uri-template-4.5.16.jar:/home/runner/.m2/repository/io/fabric8/openshift-client/7.1.0/openshift-client-7.1.0.jar:/home/runner/.m2/repository/io/fabric8/openshift-client-api/7.1.0/openshift-client-api-7.1.0.jar:/home/runner/.m2/repository/io/fabric8/openshift-model/7.1.0/openshift-model-7.1.0.jar:/home/runner/.m2/repository/io/fabric8/openshift-model-autoscaling/7.1.0/openshift-model-autoscaling-7.1.0.jar:/home/runner/.m2/repository/io/fabric8/openshift-model-operator/7.1.0/openshift-model-operator-7.1.0.jar:/home/runner/.m2/repository/io/fabric8/openshift-model-operatorhub/7.1.0/openshift-model-operatorhub-7.1.0.jar:/home/runner/.m2/repository/io/fabric8/openshift-model-machine/7.1.0/openshift-model-machine-7.1.0.jar:/home/runner/.m2/repository/io/fabric8/openshift-model-whereabouts/7.1.0/openshift-model-whereabouts-7.1.0.jar:/home/runner/.m2/repository/io/fabric8/openshift-model-monitoring/7.1.0/openshift-model-monitoring-7.1.0.jar:/home/runner/.m2/repository/io/fabric8/openshift-model-storageversionmigrator/7.1.0/openshift-model-storageversionmigrator-7.1.0.jar:/home/runner/.m2/repository/io/fabric8/openshift-model-tuned/7.1.0/openshift-model-tuned-7.1.0.jar:/home/runner/.m2/repository/io/fabric8/openshift-model-console/7.1.0/openshift-model-console-7.1.0.jar:/home/runner/.m2/repository/io/fabric8/openshift-model-config/7.1.0/openshift-model-config-7.1.0.jar:/home/runner/.m2/repository/io/fabric8/openshift-model-machineconfiguration/7.1.0/openshift-model-machineconfiguration-7.1.0.jar:/home/runner/.m2/repository/io/fabric8/openshift-model-miscellaneous/7.1.0/openshift-model-miscellaneous-7.1.0.jar:/home/runner/.m2/repository/io/fabric8/openshift-model-hive/7.1.0/openshift-model-hive-7.1.0.jar:/home/runner/.m2/repository/io/fabric8/openshift-model-installer/7.1.0/openshift-model-installer-7.1.0.jar:/home/runner/.m2/repository/org/junit/platform/junit-platform-launcher/1.12.1/junit-platform-launcher-1.12.1.jar:/home/runner/.m2/repository/org/junit/platform/junit-platform-engine/1.12.1/junit-platform-engine-1.12.1.jar:/home/runner/.m2/repository/org/opentest4j/opentest4j/1.3.0/opentest4j-1.3.0.jar:/home/runner/.m2/repository/org/junit/platform/junit-platform-commons/1.12.1/junit-platform-commons-1.12.1.jar:/home/runner/.m2/repository/org/apiguardian/apiguardian-api/1.1.2/apiguardian-api-1.1.2.jar:/home/runner/.m2/repository/jakarta/ws/rs/jakarta.ws.rs-api/3.1.0/jakarta.ws.rs-api-3.1.0.jar:/home/runner/work/apicurio-testing/apicurio-testing/clusters/ci419/namespaces/pg17/tests/integration/apicurio-registry/java-sdk/target/apicurio-registry-java-sdk-3.0.14-SNAPSHOT.jar:/home/runner/.m2/repository/com/microsoft/kiota/microsoft-kiota-abstractions/1.8.9/microsoft-kiota-abstractions-1.8.9.jar:/home/runner/.m2/repository/io/github/std-uritemplate/std-uritemplate/2.0.0/std-uritemplate-2.0.0.jar:/home/runner/.m2/repository/io/kiota/kiota-http-jdk/0.0.29/kiota-http-jdk-0.0.29.jar:/home/runner/.m2/repository/io/kiota/kiota-http-vertx/0.0.29/kiota-http-vertx-0.0.29.jar:/home/runner/.m2/repository/io/kiota/kiota-serialization-jackson/0.0.29/kiota-serialization-jackson-0.0.29.jar:/home/runner/.m2/repository/com/microsoft/kiota/microsoft-kiota-serialization-text/1.8.9/microsoft-kiota-serialization-text-1.8.9.jar:/home/runner/.m2/repository/com/microsoft/kiota/microsoft-kiota-serialization-form/1.8.9/microsoft-kiota-serialization-form-1.8.9.jar:/home/runner/.m2/repository/com/microsoft/kiota/microsoft-kiota-serialization-multipart/1.8.9/microsoft-kiota-serialization-multipart-1.8.9.jar:/home/runner/.m2/repository/jakarta/annotation/jakarta.annotation-api/3.0.0/jakarta.annotation-api-3.0.0.jar:/home/runner/.m2/repository/io/vertx/vertx-auth-oauth2/4.5.16/vertx-auth-oauth2-4.5.16.jar:/home/runner/work/apicurio-testing/apicurio-testing/clusters/ci419/namespaces/pg17/tests/integration/apicurio-registry/java-sdk-v2/target/apicurio-registry-v2-java-sdk-3.0.14-SNAPSHOT.jar:/home/runner/work/apicurio-testing/apicurio-testing/clusters/ci419/namespaces/pg17/tests/integration/apicurio-registry/utils/kafka/target/apicurio-registry-utils-kafka-3.0.14-SNAPSHOT-tests.jar:/home/runner/.m2/repository/org/eclipse/microprofile/config/microprofile-config-api/3.1/microprofile-config-api-3.1.jar:/home/runner/.m2/repository/org/apache/kafka/kafka-clients/3.9.1/kafka-clients-3.9.1.jar:/home/runner/.m2/repository/com/github/luben/zstd-jni/1.5.6-4/zstd-jni-1.5.6-4.jar:/home/runner/.m2/repository/org/lz4/lz4-java/1.8.0/lz4-java-1.8.0.jar:/home/runner/.m2/repository/org/xerial/snappy/snappy-java/1.1.10.5/snappy-java-1.1.10.5.jar:/home/runner/.m2/repository/org/slf4j/slf4j-api/2.0.6/slf4j-api-2.0.6.jar:/home/runner/work/apicurio-testing/apicurio-testing/clusters/ci419/namespaces/pg17/tests/integration/apicurio-registry/utils/tests/target/apicurio-registry-utils-tests-3.0.14-SNAPSHOT.jar:/home/runner/work/apicurio-testing/apicurio-testing/clusters/ci419/namespaces/pg17/tests/integration/apicurio-registry/common/target/apicurio-registry-common-3.0.14-SNAPSHOT.jar:/home/runner/.m2/repository/jakarta/validation/jakarta.validation-api/3.0.2/jakarta.validation-api-3.0.2.jar:/home/runner/.m2/repository/com/github/dasniko/testcontainers-keycloak/3.8.0/testcontainers-keycloak-3.8.0.jar:/home/runner/.m2/repository/org/testcontainers/testcontainers/1.20.6/testcontainers-1.20.6.jar:/home/runner/.m2/repository/org/rnorth/duct-tape/duct-tape/1.0.8/duct-tape-1.0.8.jar:/home/runner/.m2/repository/com/github/docker-java/docker-java-transport-zerodep/3.4.1/docker-java-transport-zerodep-3.4.1.jar:/home/runner/.m2/repository/com/github/docker-java/docker-java-transport/3.4.1/docker-java-transport-3.4.1.jar:/home/runner/.m2/repository/net/java/dev/jna/jna/5.8.0/jna-5.8.0.jar:/home/runner/.m2/repository/io/quarkus/quarkus-junit4-mock/3.20.2/quarkus-junit4-mock-3.20.2.jar:/home/runner/.m2/repository/org/jboss/shrinkwrap/shrinkwrap-api/2.0.0-beta-2/shrinkwrap-api-2.0.0-beta-2.jar:/home/runner/.m2/repository/org/jboss/shrinkwrap/shrinkwrap-impl-base/2.0.0-beta-2/shrinkwrap-impl-base-2.0.0-beta-2.jar:/home/runner/.m2/repository/org/jboss/shrinkwrap/shrinkwrap-spi/2.0.0-beta-2/shrinkwrap-spi-2.0.0-beta-2.jar:/home/runner/.m2/repository/org/keycloak/keycloak-admin-client/26.0.4/keycloak-admin-client-26.0.4.jar:/home/runner/.m2/repository/org/keycloak/keycloak-client-common-synced/26.0.4/keycloak-client-common-synced-26.0.4.jar:/home/runner/.m2/repository/jakarta/activation/jakarta.activation-api/2.1.3/jakarta.activation-api-2.1.3.jar:/home/runner/.m2/repository/org/eclipse/microprofile/openapi/microprofile-openapi-api/4.0.2/microprofile-openapi-api-4.0.2.jar:/home/runner/.m2/repository/org/jboss/resteasy/resteasy-client/6.2.12.Final/resteasy-client-6.2.12.Final.jar:/home/runner/.m2/repository/org/jboss/resteasy/resteasy-client-api/6.2.12.Final/resteasy-client-api-6.2.12.Final.jar:/home/runner/.m2/repository/org/jboss/resteasy/resteasy-core-spi/6.2.12.Final/resteasy-core-spi-6.2.12.Final.jar:/home/runner/.m2/repository/org/jboss/resteasy/resteasy-core/6.2.12.Final/resteasy-core-6.2.12.Final.jar:/home/runner/.m2/repository/org/eclipse/angus/angus-activation/2.0.2/angus-activation-2.0.2.jar:/home/runner/.m2/repository/com/ibm/async/asyncutil/0.1.0/asyncutil-0.1.0.jar:/home/runner/.m2/repository/org/reactivestreams/reactive-streams/1.0.4/reactive-streams-1.0.4.jar:/home/runner/.m2/repository/org/jboss/resteasy/resteasy-multipart-provider/6.2.12.Final/resteasy-multipart-provider-6.2.12.Final.jar:/home/runner/.m2/repository/jakarta/mail/jakarta.mail-api/2.1.3/jakarta.mail-api-2.1.3.jar:/home/runner/.m2/repository/org/eclipse/angus/angus-mail/2.0.3/angus-mail-2.0.3.jar:/home/runner/.m2/repository/org/apache/james/apache-mime4j-dom/0.8.12/apache-mime4j-dom-0.8.12.jar:/home/runner/.m2/repository/org/apache/james/apache-mime4j-core/0.8.12/apache-mime4j-core-0.8.12.jar:/home/runner/.m2/repository/org/apache/james/apache-mime4j-storage/0.8.12/apache-mime4j-storage-0.8.12.jar:/home/runner/.m2/repository/org/jboss/resteasy/resteasy-jackson2-provider/6.2.12.Final/resteasy-jackson2-provider-6.2.12.Final.jar:/home/runner/.m2/repository/com/fasterxml/jackson/jakarta/rs/jackson-jakarta-rs-base/2.18.2/jackson-jakarta-rs-base-2.18.2.jar:/home/runner/.m2/repository/com/fasterxml/jackson/jakarta/rs/jackson-jakarta-rs-json-provider/2.18.2/jackson-jakarta-rs-json-provider-2.18.2.jar:/home/runner/.m2/repository/com/fasterxml/jackson/module/jackson-module-jakarta-xmlbind-annotations/2.18.2/jackson-module-jakarta-xmlbind-annotations-2.18.2.jar:/home/runner/.m2/repository/com/github/java-json-tools/json-patch/1.13/json-patch-1.13.jar:/home/runner/.m2/repository/com/github/java-json-tools/msg-simple/1.2/msg-simple-1.2.jar:/home/runner/.m2/repository/com/github/java-json-tools/btf/1.3/btf-1.3.jar:/home/runner/.m2/repository/com/github/java-json-tools/jackson-coreutils/2.0/jackson-coreutils-2.0.jar:/home/runner/.m2/repository/org/jboss/resteasy/resteasy-jaxb-provider/6.2.12.Final/resteasy-jaxb-provider-6.2.12.Final.jar:/home/runner/.m2/repository/org/glassfish/jaxb/codemodel/4.0.5/codemodel-4.0.5.jar:/home/runner/.m2/repository/org/glassfish/jaxb/jaxb-core/4.0.5/jaxb-core-4.0.5.jar:/home/runner/.m2/repository/org/glassfish/jaxb/jaxb-jxc/4.0.5/jaxb-jxc-4.0.5.jar:/home/runner/.m2/repository/org/glassfish/jaxb/jaxb-runtime/4.0.5/jaxb-runtime-4.0.5.jar:/home/runner/.m2/repository/org/glassfish/jaxb/txw2/4.0.5/txw2-4.0.5.jar:/home/runner/.m2/repository/org/glassfish/jaxb/jaxb-xjc/4.0.5/jaxb-xjc-4.0.5.jar:/home/runner/.m2/repository/org/glassfish/jaxb/xsom/4.0.5/xsom-4.0.5.jar:/home/runner/.m2/repository/com/sun/istack/istack-commons-runtime/4.1.2/istack-commons-runtime-4.1.2.jar:/home/runner/.m2/repository/com/sun/istack/istack-commons-tools/4.1.2/istack-commons-tools-4.1.2.jar:/home/runner/.m2/repository/com/sun/xml/bind/external/relaxng-datatype/4.0.5/relaxng-datatype-4.0.5.jar:/home/runner/.m2/repository/com/sun/xml/bind/external/rngom/4.0.5/rngom-4.0.5.jar:/home/runner/.m2/repository/org/testcontainers/mssqlserver/1.20.6/mssqlserver-1.20.6.jar:/home/runner/.m2/repository/org/testcontainers/jdbc/1.20.6/jdbc-1.20.6.jar:/home/runner/.m2/repository/org/testcontainers/database-commons/1.20.6/database-commons-1.20.6.jar:/home/runner/.m2/repository/org/testcontainers/mysql/1.20.6/mysql-1.20.6.jar:/home/runner/.m2/repository/io/strimzi/strimzi-test-container/0.111.0/strimzi-test-container-0.111.0.jar:/home/runner/.m2/repository/org/testcontainers/toxiproxy/1.20.6/toxiproxy-1.20.6.jar:/home/runner/.m2/repository/com/github/docker-java/docker-java-api/3.4.1/docker-java-api-3.4.1.jar:/home/runner/.m2/repository/org/apache/logging/log4j/log4j-slf4j-impl/2.19.0/log4j-slf4j-impl-2.19.0.jar:/home/runner/.m2/repository/org/apache/logging/log4j/log4j-api/2.24.3/log4j-api-2.24.3.jar:/home/runner/.m2/repository/org/apache/logging/log4j/log4j-core/2.19.0/log4j-core-2.19.0.jar:/home/runner/.m2/repository/eu/rekawek/toxiproxy/toxiproxy-java/2.1.7/toxiproxy-java-2.1.7.jar:/home/runner/.m2/repository/org/testcontainers/pulsar/1.21.3/pulsar-1.21.3.jar:/home/runner/.m2/repository/io/debezium/debezium-testing-testcontainers/2.7.4.Final/debezium-testing-testcontainers-2.7.4.Final.jar:/home/runner/.m2/repository/org/testcontainers/kafka/1.20.6/kafka-1.20.6.jar:/home/runner/.m2/repository/com/squareup/okhttp3/okhttp/4.8.1/okhttp-4.8.1.jar:/home/runner/.m2/repository/com/squareup/okio/okio/3.10.2/okio-3.10.2.jar:/home/runner/.m2/repository/com/squareup/okio/okio-jvm/3.10.2/okio-jvm-3.10.2.jar:/home/runner/.m2/repository/org/jetbrains/kotlin/kotlin-stdlib/2.0.21/kotlin-stdlib-2.0.21.jar:/home/runner/.m2/repository/org/awaitility/awaitility/4.3.0/awaitility-4.3.0.jar:/home/runner/.m2/repository/org/testcontainers/mongodb/1.20.6/mongodb-1.20.6.jar:/home/runner/.m2/repository/org/testcontainers/mariadb/1.20.6/mariadb-1.20.6.jar:/home/runner/.m2/repository/org/testcontainers/oracle-xe/1.20.6/oracle-xe-1.20.6.jar:/home/runner/.m2/repository/org/testcontainers/postgresql/1.20.6/postgresql-1.20.6.jar:/home/runner/.m2/repository/org/wiremock/wiremock/3.0.1/wiremock-3.0.1.jar:/home/runner/.m2/repository/org/eclipse/jetty/jetty-server/11.0.15/jetty-server-11.0.15.jar:/home/runner/.m2/repository/org/eclipse/jetty/toolchain/jetty-jakarta-servlet-api/5.0.2/jetty-jakarta-servlet-api-5.0.2.jar:/home/runner/.m2/repository/org/eclipse/jetty/jetty-http/11.0.15/jetty-http-11.0.15.jar:/home/runner/.m2/repository/org/eclipse/jetty/jetty-io/11.0.15/jetty-io-11.0.15.jar:/home/runner/.m2/repository/org/eclipse/jetty/jetty-servlet/11.0.15/jetty-servlet-11.0.15.jar:/home/runner/.m2/repository/org/eclipse/jetty/jetty-security/11.0.15/jetty-security-11.0.15.jar:/home/runner/.m2/repository/org/eclipse/jetty/jetty-servlets/11.0.15/jetty-servlets-11.0.15.jar:/home/runner/.m2/repository/org/eclipse/jetty/jetty-util/11.0.15/jetty-util-11.0.15.jar:/home/runner/.m2/repository/org/eclipse/jetty/jetty-webapp/11.0.15/jetty-webapp-11.0.15.jar:/home/runner/.m2/repository/org/eclipse/jetty/jetty-xml/11.0.15/jetty-xml-11.0.15.jar:/home/runner/.m2/repository/org/eclipse/jetty/jetty-proxy/11.0.15/jetty-proxy-11.0.15.jar:/home/runner/.m2/repository/org/eclipse/jetty/jetty-client/11.0.15/jetty-client-11.0.15.jar:/home/runner/.m2/repository/org/eclipse/jetty/http2/http2-server/11.0.15/http2-server-11.0.15.jar:/home/runner/.m2/repository/org/eclipse/jetty/http2/http2-common/11.0.15/http2-common-11.0.15.jar:/home/runner/.m2/repository/org/eclipse/jetty/http2/http2-hpack/11.0.15/http2-hpack-11.0.15.jar:/home/runner/.m2/repository/org/eclipse/jetty/jetty-alpn-server/11.0.15/jetty-alpn-server-11.0.15.jar:/home/runner/.m2/repository/org/eclipse/jetty/jetty-alpn-java-server/11.0.15/jetty-alpn-java-server-11.0.15.jar:/home/runner/.m2/repository/org/eclipse/jetty/jetty-alpn-java-client/11.0.15/jetty-alpn-java-client-11.0.15.jar:/home/runner/.m2/repository/org/eclipse/jetty/jetty-alpn-client/11.0.15/jetty-alpn-client-11.0.15.jar:/home/runner/.m2/repository/org/apache/httpcomponents/client5/httpclient5/5.2.1/httpclient5-5.2.1.jar:/home/runner/.m2/repository/org/apache/httpcomponents/core5/httpcore5/5.2/httpcore5-5.2.jar:/home/runner/.m2/repository/org/apache/httpcomponents/core5/httpcore5-h2/5.2/httpcore5-h2-5.2.jar:/home/runner/.m2/repository/org/xmlunit/xmlunit-core/2.9.1/xmlunit-core-2.9.1.jar:/home/runner/.m2/repository/jakarta/xml/bind/jakarta.xml.bind-api/4.0.2/jakarta.xml.bind-api-4.0.2.jar:/home/runner/.m2/repository/org/xmlunit/xmlunit-legacy/2.9.1/xmlunit-legacy-2.9.1.jar:/home/runner/.m2/repository/org/xmlunit/xmlunit-placeholders/2.9.1/xmlunit-placeholders-2.9.1.jar:/home/runner/.m2/repository/net/javacrumbs/json-unit/json-unit-core/2.38.0/json-unit-core-2.38.0.jar:/home/runner/.m2/repository/org/hamcrest/hamcrest-core/2.2/hamcrest-core-2.2.jar:/home/runner/.m2/repository/com/jayway/jsonpath/json-path/2.8.0/json-path-2.8.0.jar:/home/runner/.m2/repository/net/minidev/json-smart/2.4.10/json-smart-2.4.10.jar:/home/runner/.m2/repository/net/minidev/accessors-smart/2.4.9/accessors-smart-2.4.9.jar:/home/runner/.m2/repository/org/ow2/asm/asm/9.7.1/asm-9.7.1.jar:/home/runner/.m2/repository/net/sf/jopt-simple/jopt-simple/5.0.4/jopt-simple-5.0.4.jar:/home/runner/.m2/repository/com/github/jknack/handlebars/4.3.1/handlebars-4.3.1.jar:/home/runner/.m2/repository/com/github/jknack/handlebars-helpers/4.3.1/handlebars-helpers-4.3.1.jar:/home/runner/.m2/repository/commons-fileupload/commons-fileupload/1.5/commons-fileupload-1.5.jar:/home/runner/.m2/repository/com/networknt/json-schema-validator/1.5.8/json-schema-validator-1.5.8.jar:/home/runner/.m2/repository/com/ethlo/time/itu/1.10.3/itu-1.10.3.jar:/home/runner/.m2/repository/io/quarkus/quarkus-smallrye-jwt-build/3.20.2/quarkus-smallrye-jwt-build-3.20.2.jar:/home/runner/.m2/repository/io/smallrye/smallrye-jwt-build/4.6.2/smallrye-jwt-build-4.6.2.jar:/home/runner/.m2/repository/org/eclipse/microprofile/jwt/microprofile-jwt-auth-api/2.1/microprofile-jwt-auth-api-2.1.jar:/home/runner/.m2/repository/org/bitbucket/b_c/jose4j/0.9.6/jose4j-0.9.6.jar:/home/runner/.m2/repository/io/smallrye/smallrye-jwt-common/4.6.2/smallrye-jwt-common-4.6.2.jar:/home/runner/.m2/repository/io/quarkus/quarkus-jsonp/3.20.2/quarkus-jsonp-3.20.2.jar:/home/runner/.m2/repository/io/quarkus/quarkus-arc/3.20.2/quarkus-arc-3.20.2.jar:/home/runner/.m2/repository/io/quarkus/arc/arc/3.20.2/arc-3.20.2.jar:/home/runner/.m2/repository/jakarta/transaction/jakarta.transaction-api/2.0.1/jakarta.transaction-api-2.0.1.jar:/home/runner/.m2/repository/io/smallrye/reactive/mutiny/2.9.2/mutiny-2.9.2.jar:/home/runner/.m2/repository/org/jctools/jctools-core/4.0.5/jctools-core-4.0.5.jar:/home/runner/.m2/repository/org/eclipse/microprofile/context-propagation/microprofile-context-propagation-api/1.3/microprofile-context-propagation-api-1.3.jar:/home/runner/.m2/repository/io/apicurio/apicurio-common-rest-client-common/0.1.18.Final/apicurio-common-rest-client-common-0.1.18.Final.jar:/home/runner/work/apicurio-testing/apicurio-testing/clusters/ci419/namespaces/pg17/tests/integration/apicurio-registry/utils/maven-plugin/target/apicurio-registry-maven-plugin-3.0.14-SNAPSHOT.jar:/home/runner/.m2/repository/com/fasterxml/jackson/core/jackson-databind/2.18.2/jackson-databind-2.18.2.jar:/home/runner/.m2/repository/org/apache/avro/avro/1.12.0/avro-1.12.0.jar:/home/runner/.m2/repository/com/google/protobuf/protobuf-java/4.32.0/protobuf-java-4.32.0.jar:/home/runner/.m2/repository/com/google/protobuf/protobuf-java-util/4.32.0/protobuf-java-util-4.32.0.jar:/home/runner/.m2/repository/com/google/code/findbugs/jsr305/3.0.2/jsr305-3.0.2.jar:/home/runner/.m2/repository/com/google/code/gson/gson/2.12.1/gson-2.12.1.jar:/home/runner/.m2/repository/com/google/errorprone/error_prone_annotations/2.36.0/error_prone_annotations-2.36.0.jar:/home/runner/.m2/repository/com/google/j2objc/j2objc-annotations/2.8/j2objc-annotations-2.8.jar:/home/runner/work/apicurio-testing/apicurio-testing/clusters/ci419/namespaces/pg17/tests/integration/apicurio-registry/schema-util/util-provider/target/apicurio-registry-schema-util-provider-3.0.14-SNAPSHOT.jar:/home/runner/work/apicurio-testing/apicurio-testing/clusters/ci419/namespaces/pg17/tests/integration/apicurio-registry/schema-util/common/target/apicurio-registry-schema-util-common-3.0.14-SNAPSHOT.jar:/home/runner/.m2/repository/com/fasterxml/jackson/module/jackson-module-parameter-names/2.18.2/jackson-module-parameter-names-2.18.2.jar:/home/runner/.m2/repository/com/fasterxml/jackson/datatype/jackson-datatype-json-org/2.18.2/jackson-datatype-json-org-2.18.2.jar:/home/runner/work/apicurio-testing/apicurio-testing/clusters/ci419/namespaces/pg17/tests/integration/apicurio-registry/schema-util/json/target/apicurio-registry-schema-util-json-3.0.14-SNAPSHOT.jar:/home/runner/.m2/repository/com/github/erosb/everit-json-schema/1.14.5/everit-json-schema-1.14.5.jar:/home/runner/.m2/repository/commons-validator/commons-validator/1.9.0/commons-validator-1.9.0.jar:/home/runner/.m2/repository/commons-digester/commons-digester/2.1/commons-digester-2.1.jar:/home/runner/.m2/repository/commons-collections/commons-collections/3.2.2/commons-collections-3.2.2.jar:/home/runner/.m2/repository/com/damnhandy/handy-uri-templates/2.1.8/handy-uri-templates-2.1.8.jar:/home/runner/.m2/repository/joda-time/joda-time/2.10.2/joda-time-2.10.2.jar:/home/runner/.m2/repository/com/github/erosb/json-sKema/0.20.0/json-sKema-0.20.0.jar:/home/runner/.m2/repository/io/vertx/vertx-json-schema/4.5.16/vertx-json-schema-4.5.16.jar:/home/runner/work/apicurio-testing/apicurio-testing/clusters/ci419/namespaces/pg17/tests/integration/apicurio-registry/schema-util/protobuf/target/apicurio-registry-schema-util-protobuf-3.0.14-SNAPSHOT.jar:/home/runner/work/apicurio-testing/apicurio-testing/clusters/ci419/namespaces/pg17/tests/integration/apicurio-registry/utils/protobuf-schema-utilities/target/apicurio-registry-protobuf-schema-utilities-3.0.14-SNAPSHOT.jar:/home/runner/.m2/repository/com/google/api/grpc/proto-google-common-protos/2.52.0/proto-google-common-protos-2.52.0.jar:/home/runner/.m2/repository/com/squareup/wire/wire-schema-jvm/5.3.3/wire-schema-jvm-5.3.3.jar:/home/runner/.m2/repository/com/palantir/javapoet/javapoet/0.6.0/javapoet-0.6.0.jar:/home/runner/.m2/repository/com/squareup/kotlinpoet-jvm/2.0.0/kotlinpoet-jvm-2.0.0.jar:/home/runner/.m2/repository/org/jetbrains/kotlin/kotlin-reflect/2.0.21/kotlin-reflect-2.0.21.jar:/home/runner/.m2/repository/com/squareup/wire/wire-runtime-jvm/5.3.3/wire-runtime-jvm-5.3.3.jar:/home/runner/.m2/repository/com/ibm/icu/icu4j/76.1/icu4j-76.1.jar:/home/runner/.m2/repository/com/squareup/okio/okio-fakefilesystem/3.10.2/okio-fakefilesystem-3.10.2.jar:/home/runner/.m2/repository/com/squareup/okio/okio-fakefilesystem-jvm/3.10.2/okio-fakefilesystem-jvm-3.10.2.jar:/home/runner/.m2/repository/org/jetbrains/kotlinx/kotlinx-datetime-jvm/0.6.1/kotlinx-datetime-jvm-0.6.1.jar:/home/runner/work/apicurio-testing/apicurio-testing/clusters/ci419/namespaces/pg17/tests/integration/apicurio-registry/schema-util/asyncapi/target/apicurio-registry-schema-util-asyncapi-3.0.14-SNAPSHOT.jar:/home/runner/work/apicurio-testing/apicurio-testing/clusters/ci419/namespaces/pg17/tests/integration/apicurio-registry/schema-util/avro/target/apicurio-registry-schema-util-avro-3.0.14-SNAPSHOT.jar:/home/runner/work/apicurio-testing/apicurio-testing/clusters/ci419/namespaces/pg17/tests/integration/apicurio-registry/schema-util/graphql/target/apicurio-registry-schema-util-graphql-3.0.14-SNAPSHOT.jar:/home/runner/.m2/repository/com/graphql-java/graphql-java/22.4/graphql-java-22.4.jar:/home/runner/.m2/repository/com/graphql-java/java-dataloader/3.3.0/java-dataloader-3.3.0.jar:/home/runner/work/apicurio-testing/apicurio-testing/clusters/ci419/namespaces/pg17/tests/integration/apicurio-registry/schema-util/kconnect/target/apicurio-registry-schema-util-kconnect-3.0.14-SNAPSHOT.jar:/home/runner/work/apicurio-testing/apicurio-testing/clusters/ci419/namespaces/pg17/tests/integration/apicurio-registry/schema-util/openapi/target/apicurio-registry-schema-util-openapi-3.0.14-SNAPSHOT.jar:/home/runner/.m2/repository/io/apicurio/apicurio-data-models/2.2.2/apicurio-data-models-2.2.2.jar:/home/runner/.m2/repository/org/slf4j/jcl-over-slf4j/2.0.6/jcl-over-slf4j-2.0.6.jar:/home/runner/.m2/repository/org/openapitools/openapidiff/openapi-diff-core/2.1.2/openapi-diff-core-2.1.2.jar:/home/runner/.m2/repository/io/swagger/parser/v3/swagger-parser/2.1.28/swagger-parser-2.1.28.jar:/home/runner/.m2/repository/io/swagger/parser/v3/swagger-parser-v2-converter/2.1.28/swagger-parser-v2-converter-2.1.28.jar:/home/runner/.m2/repository/io/swagger/swagger-core/1.6.16/swagger-core-1.6.16.jar:/home/runner/.m2/repository/io/swagger/swagger-models/1.6.16/swagger-models-1.6.16.jar:/home/runner/.m2/repository/io/swagger/swagger-annotations/1.6.16/swagger-annotations-1.6.16.jar:/home/runner/.m2/repository/io/swagger/swagger-parser/1.0.75/swagger-parser-1.0.75.jar:/home/runner/.m2/repository/io/swagger/swagger-parser-safe-url-resolver/1.0.75/swagger-parser-safe-url-resolver-1.0.75.jar:/home/runner/.m2/repository/io/swagger/swagger-compat-spec-parser/1.0.75/swagger-compat-spec-parser-1.0.75.jar:/home/runner/.m2/repository/com/github/java-json-tools/json-schema-validator/2.2.14/json-schema-validator-2.2.14.jar:/home/runner/.m2/repository/com/github/java-json-tools/jackson-coreutils-equivalence/1.0/jackson-coreutils-equivalence-1.0.jar:/home/runner/.m2/repository/com/github/java-json-tools/json-schema-core/1.2.14/json-schema-core-1.2.14.jar:/home/runner/.m2/repository/com/github/java-json-tools/uri-template/0.10/uri-template-0.10.jar:/home/runner/.m2/repository/com/googlecode/libphonenumber/libphonenumber/8.11.1/libphonenumber-8.11.1.jar:/home/runner/.m2/repository/com/j2html/j2html/1.6.0/j2html-1.6.0.jar:/home/runner/.m2/repository/org/apache/commons/commons-collections4/4.5.0/commons-collections4-4.5.0.jar:/home/runner/.m2/repository/io/swagger/parser/v3/swagger-parser-v3/2.1.31/swagger-parser-v3-2.1.31.jar:/home/runner/.m2/repository/io/swagger/core/v3/swagger-models/2.2.34/swagger-models-2.2.34.jar:/home/runner/.m2/repository/io/swagger/core/v3/swagger-core/2.2.34/swagger-core-2.2.34.jar:/home/runner/.m2/repository/io/swagger/parser/v3/swagger-parser-core/2.1.31/swagger-parser-core-2.1.31.jar:/home/runner/.m2/repository/io/swagger/parser/v3/swagger-parser-safe-url-resolver/2.1.31/swagger-parser-safe-url-resolver-2.1.31.jar:/home/runner/work/apicurio-testing/apicurio-testing/clusters/ci419/namespaces/pg17/tests/integration/apicurio-registry/schema-util/wsdl/target/apicurio-registry-schema-util-wsdl-3.0.14-SNAPSHOT.jar:/home/runner/.m2/repository/wsdl4j/wsdl4j/1.6.3/wsdl4j-1.6.3.jar:/home/runner/work/apicurio-testing/apicurio-testing/clusters/ci419/namespaces/pg17/tests/integration/apicurio-registry/schema-util/xml/target/apicurio-registry-schema-util-xml-3.0.14-SNAPSHOT.jar:/home/runner/.m2/repository/org/apache/santuario/xmlsec/4.0.4/xmlsec-4.0.4.jar:/home/runner/.m2/repository/com/fasterxml/woodstox/woodstox-core/7.1.1/woodstox-core-7.1.1.jar:/home/runner/.m2/repository/org/codehaus/woodstox/stax2-api/4.2.2/stax2-api-4.2.2.jar:/home/runner/work/apicurio-testing/apicurio-testing/clusters/ci419/namespaces/pg17/tests/integration/apicurio-registry/schema-util/xsd/target/apicurio-registry-schema-util-xsd-3.0.14-SNAPSHOT.jar:/home/runner/work/apicurio-testing/apicurio-testing/clusters/ci419/namespaces/pg17/tests/integration/apicurio-registry/serdes/kafka/jsonschema-serde/target/apicurio-registry-jsonschema-serde-kafka-3.0.14-SNAPSHOT.jar:/home/runner/work/apicurio-testing/apicurio-testing/clusters/ci419/namespaces/pg17/tests/integration/apicurio-registry/serdes/kafka/serde-kafka-common/target/apicurio-registry-serde-kafka-common-3.0.14-SNAPSHOT.jar:/home/runner/work/apicurio-testing/apicurio-testing/clusters/ci419/namespaces/pg17/tests/integration/apicurio-registry/serdes/generic/serde-common/target/apicurio-registry-serde-common-3.0.14-SNAPSHOT.jar:/home/runner/work/apicurio-testing/apicurio-testing/clusters/ci419/namespaces/pg17/tests/integration/apicurio-registry/serdes/generic/serde-common-jsonschema/target/apicurio-registry-serde-common-jsonschema-3.0.14-SNAPSHOT.jar:/home/runner/.m2/repository/org/json/json/20250107/json-20250107.jar:/home/runner/work/apicurio-testing/apicurio-testing/clusters/ci419/namespaces/pg17/tests/integration/apicurio-registry/serdes/kafka/avro-serde/target/apicurio-registry-avro-serde-kafka-3.0.14-SNAPSHOT.jar:/home/runner/work/apicurio-testing/apicurio-testing/clusters/ci419/namespaces/pg17/tests/integration/apicurio-registry/serdes/generic/serde-common-avro/target/apicurio-registry-serde-common-avro-3.0.14-SNAPSHOT.jar:/home/runner/work/apicurio-testing/apicurio-testing/clusters/ci419/namespaces/pg17/tests/integration/apicurio-registry/serdes/kafka/protobuf-serde/target/apicurio-registry-protobuf-serde-kafka-3.0.14-SNAPSHOT.jar:/home/runner/work/apicurio-testing/apicurio-testing/clusters/ci419/namespaces/pg17/tests/integration/apicurio-registry/serdes/generic/serde-common-protobuf/target/apicurio-registry-serde-common-protobuf-3.0.14-SNAPSHOT.jar:/home/runner/.m2/repository/com/squareup/wire/wire-schema/5.3.3/wire-schema-5.3.3.jar:/home/runner/.m2/repository/com/squareup/wire/wire-runtime/5.3.3/wire-runtime-5.3.3.jar:/home/runner/work/apicurio-testing/apicurio-testing/clusters/ci419/namespaces/pg17/tests/integration/apicurio-registry/serdes/pulsar/avro-serde/target/apicurio-registry-avro-serde-pulsar-3.0.14-SNAPSHOT.jar:/home/runner/.m2/repository/org/apache/pulsar/pulsar-functions-api/3.3.8/pulsar-functions-api-3.3.8.jar:/home/runner/work/apicurio-testing/apicurio-testing/clusters/ci419/namespaces/pg17/tests/integration/apicurio-registry/serdes/nats/avro-serde/target/apicurio-registry-avro-serde-nats-3.0.14-SNAPSHOT.jar:/home/runner/.m2/repository/io/nats/jnats/2.21.4/jnats-2.21.4.jar:/home/runner/.m2/repository/org/bouncycastle/bcprov-lts8on/2.73.7/bcprov-lts8on-2.73.7.jar:/home/runner/.m2/repository/org/jetbrains/annotations/26.0.2/annotations-26.0.2.jar:/home/runner/work/apicurio-testing/apicurio-testing/clusters/ci419/namespaces/pg17/tests/integration/apicurio-registry/utils/converter/target/apicurio-registry-utils-converter-3.0.14-SNAPSHOT.jar:/home/runner/work/apicurio-testing/apicurio-testing/clusters/ci419/namespaces/pg17/tests/integration/apicurio-registry/schema-resolver/target/apicurio-registry-schema-resolver-3.0.14-SNAPSHOT.jar:/home/runner/.m2/repository/org/apache/kafka/connect-api/3.9.1/connect-api-3.9.1.jar:/home/runner/.m2/repository/javax/ws/rs/javax.ws.rs-api/2.1.1/javax.ws.rs-api-2.1.1.jar:/home/runner/.m2/repository/org/apache/kafka/connect-json/3.9.1/connect-json-3.9.1.jar:/home/runner/.m2/repository/com/fasterxml/jackson/datatype/jackson-datatype-jdk8/2.18.2/jackson-datatype-jdk8-2.18.2.jar:/home/runner/.m2/repository/com/fasterxml/jackson/module/jackson-module-afterburner/2.18.2/jackson-module-afterburner-2.18.2.jar:/home/runner/work/apicurio-testing/apicurio-testing/clusters/ci419/namespaces/pg17/tests/integration/apicurio-registry/utils/kafka/target/apicurio-registry-utils-kafka-3.0.14-SNAPSHOT.jar:/home/runner/.m2/repository/org/apache/pulsar/pulsar-client/3.3.8/pulsar-client-3.3.8.jar:/home/runner/.m2/repository/org/apache/pulsar/pulsar-client-api/3.3.8/pulsar-client-api-3.3.8.jar:/home/runner/.m2/repository/org/apache/pulsar/pulsar-client-admin-api/3.3.8/pulsar-client-admin-api-3.3.8.jar:/home/runner/.m2/repository/org/apache/pulsar/bouncy-castle-bc/3.3.8/bouncy-castle-bc-3.3.8-pkg.jar:/home/runner/.m2/repository/org/bouncycastle/bcpkix-jdk18on/1.81/bcpkix-jdk18on-1.81.jar:/home/runner/.m2/repository/org/bouncycastle/bcutil-jdk18on/1.81/bcutil-jdk18on-1.81.jar:/home/runner/.m2/repository/org/bouncycastle/bcprov-jdk18on/1.81/bcprov-jdk18on-1.81.jar:/home/runner/.m2/repository/io/opentelemetry/opentelemetry-api/1.44.1/opentelemetry-api-1.44.1.jar:/home/runner/.m2/repository/io/opentelemetry/opentelemetry-context/1.44.1/opentelemetry-context-1.44.1.jar:/home/runner/.m2/repository/io/opentelemetry/opentelemetry-api-incubator/1.44.1-alpha/opentelemetry-api-incubator-1.44.1-alpha.jar:/home/runner/.m2/repository/com/fasterxml/jackson/core/jackson-annotations/2.18.2/jackson-annotations-2.18.2.jar:/home/runner/.m2/repository/javax/validation/validation-api/1.1.0.Final/validation-api-1.1.0.Final.jar:/home/runner/.m2/repository/org/jspecify/jspecify/1.0.0/jspecify-1.0.0.jar:/home/runner/.m2/repository/org/apache/commons/commons-configuration2/2.12.0/commons-configuration2-2.12.0.jar:/home/runner/.m2/repository/commons-logging/commons-logging/1.3.5/commons-logging-1.3.5.jar:/home/runner/.m2/repository/org/apache/commons/commons-text/1.13.0/commons-text-1.13.0.jar:/home/runner/.m2/repository/io/confluent/kafka-avro-serializer/8.0.0/kafka-avro-serializer-8.0.0.jar:/home/runner/.m2/repository/org/apache/commons/commons-compress/1.27.1/commons-compress-1.27.1.jar:/home/runner/.m2/repository/io/confluent/kafka-schema-serializer/8.0.0/kafka-schema-serializer-8.0.0.jar:/home/runner/.m2/repository/com/fasterxml/jackson/dataformat/jackson-dataformat-csv/2.18.2/jackson-dataformat-csv-2.18.2.jar:/home/runner/.m2/repository/io/confluent/kafka-schema-registry-client/8.0.0/kafka-schema-registry-client-8.0.0.jar:/home/runner/.m2/repository/org/yaml/snakeyaml/2.3/snakeyaml-2.3.jar:/home/runner/.m2/repository/io/swagger/core/v3/swagger-annotations/2.2.29/swagger-annotations-2.2.29.jar:/home/runner/.m2/repository/com/google/guava/guava/33.4.0-jre/guava-33.4.0-jre.jar:/home/runner/.m2/repository/com/google/guava/failureaccess/1.0.1/failureaccess-1.0.1.jar:/home/runner/.m2/repository/org/checkerframework/checker-qual/3.49.0/checker-qual-3.49.0.jar:/home/runner/.m2/repository/io/confluent/logredactor/1.0.13/logredactor-1.0.13.jar:/home/runner/.m2/repository/com/google/re2j/re2j/1.6/re2j-1.6.jar:/home/runner/.m2/repository/io/confluent/logredactor-metrics/1.0.13/logredactor-metrics-1.0.13.jar:/home/runner/.m2/repository/com/eclipsesource/minimal-json/minimal-json/0.9.5/minimal-json-0.9.5.jar:/home/runner/.m2/repository/io/confluent/common-utils/8.0.0/common-utils-8.0.0.jar:/home/runner/.m2/repository/io/confluent/kafka-connect-avro-converter/8.0.0/kafka-connect-avro-converter-8.0.0.jar:/home/runner/.m2/repository/io/confluent/kafka-connect-avro-data/8.0.0/kafka-connect-avro-data-8.0.0.jar:/home/runner/.m2/repository/io/confluent/kafka-schema-converter/8.0.0/kafka-schema-converter-8.0.0.jar:/home/runner/.m2/repository/io/rest-assured/rest-assured/5.5.1/rest-assured-5.5.1.jar:/home/runner/.m2/repository/org/apache/groovy/groovy/4.0.22/groovy-4.0.22.jar:/home/runner/.m2/repository/org/apache/groovy/groovy-xml/4.0.22/groovy-xml-4.0.22.jar:/home/runner/.m2/repository/org/apache/httpcomponents/httpclient/4.5.14/httpclient-4.5.14.jar:/home/runner/.m2/repository/org/apache/httpcomponents/httpcore/4.4.16/httpcore-4.4.16.jar:/home/runner/.m2/repository/org/apache/httpcomponents/httpmime/4.5.14/httpmime-4.5.14.jar:/home/runner/.m2/repository/org/hamcrest/hamcrest/2.2/hamcrest-2.2.jar:/home/runner/.m2/repository/org/ccil/cowan/tagsoup/tagsoup/1.2.1/tagsoup-1.2.1.jar:/home/runner/.m2/repository/io/rest-assured/json-path/5.5.1/json-path-5.5.1.jar:/home/runner/.m2/repository/org/apache/groovy/groovy-json/4.0.22/groovy-json-4.0.22.jar:/home/runner/.m2/repository/io/rest-assured/rest-assured-common/5.5.1/rest-assured-common-5.5.1.jar:/home/runner/.m2/repository/io/rest-assured/xml-path/5.5.1/xml-path-5.5.1.jar:/home/runner/.m2/repository/io/zonky/test/embedded-postgres/2.1.0/embedded-postgres-2.1.0.jar:/home/runner/.m2/repository/io/zonky/test/postgres/embedded-postgres-binaries-windows-amd64/14.15.0/embedded-postgres-binaries-windows-amd64-14.15.0.jar:/home/runner/.m2/repository/io/zonky/test/postgres/embedded-postgres-binaries-darwin-amd64/14.15.0/embedded-postgres-binaries-darwin-amd64-14.15.0.jar:/home/runner/.m2/repository/io/zonky/test/postgres/embedded-postgres-binaries-linux-amd64/14.15.0/embedded-postgres-binaries-linux-amd64-14.15.0.jar:/home/runner/.m2/repository/io/zonky/test/postgres/embedded-postgres-binaries-linux-amd64-alpine/14.15.0/embedded-postgres-binaries-linux-amd64-alpine-14.15.0.jar:/home/runner/.m2/repository/org/apache/commons/commons-lang3/3.17.0/commons-lang3-3.17.0.jar:/home/runner/.m2/repository/org/tukaani/xz/1.10/xz-1.10.jar:/home/runner/.m2/repository/commons-codec/commons-codec/1.19.0/commons-codec-1.19.0.jar:/home/runner/.m2/repository/org/postgresql/postgresql/42.7.7/postgresql-42.7.7.jar:/home/runner/.m2/repository/commons-io/commons-io/2.18.0/commons-io-2.18.0.jar:/home/runner/work/apicurio-testing/apicurio-testing/clusters/ci419/namespaces/pg17/tests/integration/apicurio-registry/utils/importexport/target/apicurio-registry-utils-import-export-3.0.14-SNAPSHOT.jar:/home/runner/.m2/repository/io/vertx/vertx-core/4.5.16/vertx-core-4.5.16.jar:/home/runner/.m2/repository/io/netty/netty-common/4.1.121.Final/netty-common-4.1.121.Final.jar:/home/runner/.m2/repository/io/netty/netty-buffer/4.1.121.Final/netty-buffer-4.1.121.Final.jar:/home/runner/.m2/repository/io/netty/netty-transport/4.1.121.Final/netty-transport-4.1.121.Final.jar:/home/runner/.m2/repository/io/netty/netty-handler/4.1.121.Final/netty-handler-4.1.121.Final.jar:/home/runner/.m2/repository/io/netty/netty-transport-native-unix-common/4.1.121.Final/netty-transport-native-unix-common-4.1.121.Final.jar:/home/runner/.m2/repository/io/netty/netty-codec/4.1.121.Final/netty-codec-4.1.121.Final.jar:/home/runner/.m2/repository/io/netty/netty-handler-proxy/4.1.121.Final/netty-handler-proxy-4.1.121.Final.jar:/home/runner/.m2/repository/io/netty/netty-codec-socks/4.1.121.Final/netty-codec-socks-4.1.121.Final.jar:/home/runner/.m2/repository/io/netty/netty-codec-http/4.1.121.Final/netty-codec-http-4.1.121.Final.jar:/home/runner/.m2/repository/io/netty/netty-codec-http2/4.1.121.Final/netty-codec-http2-4.1.121.Final.jar:/home/runner/.m2/repository/io/netty/netty-resolver/4.1.121.Final/netty-resolver-4.1.121.Final.jar:/home/runner/.m2/repository/io/netty/netty-resolver-dns/4.1.121.Final/netty-resolver-dns-4.1.121.Final.jar:/home/runner/.m2/repository/io/netty/netty-codec-dns/4.1.121.Final/netty-codec-dns-4.1.121.Final.jar:/home/runner/.m2/repository/com/fasterxml/jackson/core/jackson-core/2.18.2/jackson-core-2.18.2.jar:"/>
    <property name="java.vm.vendor" value="Eclipse Adoptium"/>
    <property name="maven.javadoc.skip" value="true"/>
    <property name="sun.arch.data.model" value="64"/>
    <property name="java.vendor.url" value="https://adoptium.net/"/>
    <property name="user.timezone" value="Etc/UTC"/>
    <property name="os.name" value="Linux"/>
    <property name="java.vm.specification.version" value="17"/>
    <property name="sun.java.launcher" value="SUN_STANDARD"/>
    <property name="quarkus.http.test-port" value="80"/>
    <property name="sun.boot.library.path" value="/usr/lib/jvm/temurin-17-jdk-amd64/lib"/>
    <property name="sun.java.command" value="/home/runner/work/apicurio-testing/apicurio-testing/clusters/ci419/namespaces/pg17/tests/integration/apicurio-registry/integration-tests/target/surefire/surefirebooter-20250903120110042_3.jar /home/runner/work/apicurio-testing/apicurio-testing/clusters/ci419/namespaces/pg17/tests/integration/apicurio-registry/integration-tests/target/surefire 2025-09-03T12-01-09_998-jvmRun1 surefire-20250903120110042_1tmp surefire_0-20250903120110042_2tmp"/>
    <property name="maven.home" value="/home/runner/.m2/wrapper/dists/apache-maven-3.9.8-bin/4fnp1ql35bgk2a0p7m31ovbgb0/apache-maven-3.9.8"/>
    <property name="jdk.debug" value="release"/>
    <property name="surefire.test.class.path" value="/home/runner/work/apicurio-testing/apicurio-testing/clusters/ci419/namespaces/pg17/tests/integration/apicurio-registry/integration-tests/target/test-classes:/home/runner/work/apicurio-testing/apicurio-testing/clusters/ci419/namespaces/pg17/tests/integration/apicurio-registry/integration-tests/target/apicurio-registry-integration-tests-3.0.14-SNAPSHOT.jar:/home/runner/.m2/repository/io/quarkus/quarkus-junit5/3.20.2/quarkus-junit5-3.20.2.jar:/home/runner/.m2/repository/io/quarkus/quarkus-bootstrap-core/3.20.2/quarkus-bootstrap-core-3.20.2.jar:/home/runner/.m2/repository/io/quarkus/quarkus-classloader-commons/3.20.2/quarkus-classloader-commons-3.20.2.jar:/home/runner/.m2/repository/io/quarkus/quarkus-bootstrap-app-model/3.20.2/quarkus-bootstrap-app-model-3.20.2.jar:/home/runner/.m2/repository/io/smallrye/common/smallrye-common-io/2.12.0/smallrye-common-io-2.12.0.jar:/home/runner/.m2/repository/org/eclipse/sisu/org.eclipse.sisu.inject/0.9.0.M3/org.eclipse.sisu.inject-0.9.0.M3.jar:/home/runner/.m2/repository/io/quarkus/quarkus-test-common/3.20.2/quarkus-test-common-3.20.2.jar:/home/runner/.m2/repository/io/quarkus/quarkus-core-deployment/3.20.2/quarkus-core-deployment-3.20.2.jar:/home/runner/.m2/repository/org/aesh/readline/2.6/readline-2.6.jar:/home/runner/.m2/repository/org/fusesource/jansi/jansi/2.4.0/jansi-2.4.0.jar:/home/runner/.m2/repository/org/aesh/aesh/2.8.2/aesh-2.8.2.jar:/home/runner/.m2/repository/io/quarkus/gizmo/gizmo/1.8.0/gizmo-1.8.0.jar:/home/runner/.m2/repository/org/ow2/asm/asm-util/9.7.1/asm-util-9.7.1.jar:/home/runner/.m2/repository/org/ow2/asm/asm-analysis/9.7.1/asm-analysis-9.7.1.jar:/home/runner/.m2/repository/org/ow2/asm/asm-commons/9.7.1/asm-commons-9.7.1.jar:/home/runner/.m2/repository/org/ow2/asm/asm-tree/9.7.1/asm-tree-9.7.1.jar:/home/runner/.m2/repository/io/quarkus/quarkus-hibernate-validator-spi/3.20.2/quarkus-hibernate-validator-spi-3.20.2.jar:/home/runner/.m2/repository/io/quarkus/quarkus-class-change-agent/3.20.2/quarkus-class-change-agent-3.20.2.jar:/home/runner/.m2/repository/io/quarkus/quarkus-devtools-utilities/3.20.2/quarkus-devtools-utilities-3.20.2.jar:/home/runner/.m2/repository/io/quarkus/quarkus-builder/3.20.2/quarkus-builder-3.20.2.jar:/home/runner/.m2/repository/org/graalvm/sdk/nativeimage/23.1.2/nativeimage-23.1.2.jar:/home/runner/.m2/repository/org/graalvm/sdk/word/23.1.2/word-23.1.2.jar:/home/runner/.m2/repository/io/quarkus/quarkus-bootstrap-maven-resolver/3.20.2/quarkus-bootstrap-maven-resolver-3.20.2.jar:/home/runner/.m2/repository/io/smallrye/beanbag/smallrye-beanbag-maven/1.5.2/smallrye-beanbag-maven-1.5.2.jar:/home/runner/.m2/repository/io/smallrye/beanbag/smallrye-beanbag-sisu/1.5.2/smallrye-beanbag-sisu-1.5.2.jar:/home/runner/.m2/repository/io/smallrye/beanbag/smallrye-beanbag/1.5.2/smallrye-beanbag-1.5.2.jar:/home/runner/.m2/repository/javax/inject/javax.inject/1/javax.inject-1.jar:/home/runner/.m2/repository/org/apache/maven/maven-artifact/3.9.9/maven-artifact-3.9.9.jar:/home/runner/.m2/repository/org/apache/maven/maven-builder-support/3.9.9/maven-builder-support-3.9.9.jar:/home/runner/.m2/repository/org/apache/maven/maven-model/3.9.9/maven-model-3.9.9.jar:/home/runner/.m2/repository/org/apache/maven/maven-model-builder/3.9.9/maven-model-builder-3.9.9.jar:/home/runner/.m2/repository/org/apache/maven/maven-repository-metadata/3.9.9/maven-repository-metadata-3.9.9.jar:/home/runner/.m2/repository/org/apache/maven/maven-settings/3.9.9/maven-settings-3.9.9.jar:/home/runner/.m2/repository/org/apache/maven/resolver/maven-resolver-api/1.9.22/maven-resolver-api-1.9.22.jar:/home/runner/.m2/repository/org/apache/maven/resolver/maven-resolver-impl/1.9.22/maven-resolver-impl-1.9.22.jar:/home/runner/.m2/repository/org/apache/maven/resolver/maven-resolver-named-locks/1.9.22/maven-resolver-named-locks-1.9.22.jar:/home/runner/.m2/repository/org/apache/maven/resolver/maven-resolver-spi/1.9.22/maven-resolver-spi-1.9.22.jar:/home/runner/.m2/repository/org/apache/maven/resolver/maven-resolver-util/1.9.22/maven-resolver-util-1.9.22.jar:/home/runner/.m2/repository/org/apache/maven/resolver/maven-resolver-transport-http/1.9.20/maven-resolver-transport-http-1.9.20.jar:/home/runner/.m2/repository/org/apache/maven/wagon/wagon-provider-api/3.5.3/wagon-provider-api-3.5.3.jar:/home/runner/.m2/repository/org/apache/maven/wagon/wagon-http-shared/3.5.3/wagon-http-shared-3.5.3.jar:/home/runner/.m2/repository/org/codehaus/plexus/plexus-interpolation/1.26/plexus-interpolation-1.26.jar:/home/runner/.m2/repository/org/codehaus/plexus/plexus-utils/3.5.1/plexus-utils-3.5.1.jar:/home/runner/.m2/repository/org/codehaus/plexus/plexus-xml/4.0.1/plexus-xml-4.0.1.jar:/home/runner/.m2/repository/org/apache/maven/maven-xml-impl/4.0.0-alpha-5/maven-xml-impl-4.0.0-alpha-5.jar:/home/runner/.m2/repository/org/apache/maven/maven-api-xml/4.0.0-alpha-5/maven-api-xml-4.0.0-alpha-5.jar:/home/runner/.m2/repository/org/apache/maven/maven-api-meta/4.0.0-alpha-5/maven-api-meta-4.0.0-alpha-5.jar:/home/runner/.m2/repository/org/codehaus/plexus/plexus-cipher/2.0/plexus-cipher-2.0.jar:/home/runner/.m2/repository/org/codehaus/plexus/plexus-sec-dispatcher/2.0/plexus-sec-dispatcher-2.0.jar:/home/runner/.m2/repository/org/apache/maven/maven-embedder/3.9.9/maven-embedder-3.9.9.jar:/home/runner/.m2/repository/org/apache/maven/maven-core/3.9.9/maven-core-3.9.9.jar:/home/runner/.m2/repository/org/codehaus/plexus/plexus-component-annotations/2.1.0/plexus-component-annotations-2.1.0.jar:/home/runner/.m2/repository/org/apache/maven/maven-plugin-api/3.9.9/maven-plugin-api-3.9.9.jar:/home/runner/.m2/repository/org/apache/maven/shared/maven-shared-utils/3.4.2/maven-shared-utils-3.4.2.jar:/home/runner/.m2/repository/com/google/inject/guice/5.1.0/guice-5.1.0.jar:/home/runner/.m2/repository/aopalliance/aopalliance/1.0/aopalliance-1.0.jar:/home/runner/.m2/repository/org/codehaus/plexus/plexus-classworlds/2.6.0/plexus-classworlds-2.6.0.jar:/home/runner/.m2/repository/commons-cli/commons-cli/1.8.0/commons-cli-1.8.0.jar:/home/runner/.m2/repository/org/eclipse/sisu/org.eclipse.sisu.plexus/0.9.0.M3/org.eclipse.sisu.plexus-0.9.0.M3.jar:/home/runner/.m2/repository/org/apache/maven/maven-settings-builder/3.9.9/maven-settings-builder-3.9.9.jar:/home/runner/.m2/repository/org/apache/maven/maven-resolver-provider/3.9.9/maven-resolver-provider-3.9.9.jar:/home/runner/.m2/repository/org/apache/maven/resolver/maven-resolver-connector-basic/1.9.22/maven-resolver-connector-basic-1.9.22.jar:/home/runner/.m2/repository/org/apache/maven/resolver/maven-resolver-transport-wagon/1.9.22/maven-resolver-transport-wagon-1.9.22.jar:/home/runner/.m2/repository/org/apache/maven/wagon/wagon-http/3.5.3/wagon-http-3.5.3.jar:/home/runner/.m2/repository/org/apache/maven/wagon/wagon-file/3.5.3/wagon-file-3.5.3.jar:/home/runner/.m2/repository/io/quarkus/quarkus-bootstrap-gradle-resolver/3.20.2/quarkus-bootstrap-gradle-resolver-3.20.2.jar:/home/runner/.m2/repository/io/smallrye/jandex/3.3.0/jandex-3.3.0.jar:/home/runner/.m2/repository/org/jboss/logging/commons-logging-jboss-logging/1.0.0.Final/commons-logging-jboss-logging-1.0.0.Final.jar:/home/runner/.m2/repository/io/quarkus/quarkus-junit5-config/3.20.2/quarkus-junit5-config-3.20.2.jar:/home/runner/.m2/repository/org/junit/jupiter/junit-jupiter-api/5.12.1/junit-jupiter-api-5.12.1.jar:/home/runner/.m2/repository/io/smallrye/config/smallrye-config/3.11.4/smallrye-config-3.11.4.jar:/home/runner/.m2/repository/io/smallrye/config/smallrye-config-core/3.11.4/smallrye-config-core-3.11.4.jar:/home/runner/.m2/repository/io/smallrye/common/smallrye-common-classloader/2.12.0/smallrye-common-classloader-2.12.0.jar:/home/runner/.m2/repository/io/smallrye/config/smallrye-config-common/3.11.4/smallrye-config-common-3.11.4.jar:/home/runner/.m2/repository/org/junit/jupiter/junit-jupiter/5.12.1/junit-jupiter-5.12.1.jar:/home/runner/.m2/repository/org/junit/jupiter/junit-jupiter-params/5.12.1/junit-jupiter-params-5.12.1.jar:/home/runner/.m2/repository/org/junit/jupiter/junit-jupiter-engine/5.12.1/junit-jupiter-engine-5.12.1.jar:/home/runner/.m2/repository/io/quarkus/quarkus-core/3.20.2/quarkus-core-3.20.2.jar:/home/runner/.m2/repository/jakarta/enterprise/jakarta.enterprise.cdi-api/4.1.0/jakarta.enterprise.cdi-api-4.1.0.jar:/home/runner/.m2/repository/jakarta/enterprise/jakarta.enterprise.lang-model/4.1.0/jakarta.enterprise.lang-model-4.1.0.jar:/home/runner/.m2/repository/jakarta/el/jakarta.el-api/5.0.1/jakarta.el-api-5.0.1.jar:/home/runner/.m2/repository/jakarta/interceptor/jakarta.interceptor-api/2.2.0/jakarta.interceptor-api-2.2.0.jar:/home/runner/.m2/repository/jakarta/inject/jakarta.inject-api/2.0.1/jakarta.inject-api-2.0.1.jar:/home/runner/.m2/repository/io/smallrye/common/smallrye-common-os/2.12.0/smallrye-common-os-2.12.0.jar:/home/runner/.m2/repository/io/quarkus/quarkus-ide-launcher/3.20.2/quarkus-ide-launcher-3.20.2.jar:/home/runner/.m2/repository/io/quarkus/quarkus-development-mode-spi/3.20.2/quarkus-development-mode-spi-3.20.2.jar:/home/runner/.m2/repository/org/jboss/logging/jboss-logging/3.6.1.Final/jboss-logging-3.6.1.Final.jar:/home/runner/.m2/repository/org/jboss/logmanager/jboss-logmanager/3.1.2.Final/jboss-logmanager-3.1.2.Final.jar:/home/runner/.m2/repository/io/smallrye/common/smallrye-common-constraint/2.12.0/smallrye-common-constraint-2.12.0.jar:/home/runner/.m2/repository/io/smallrye/common/smallrye-common-cpu/2.12.0/smallrye-common-cpu-2.12.0.jar:/home/runner/.m2/repository/io/smallrye/common/smallrye-common-expression/2.12.0/smallrye-common-expression-2.12.0.jar:/home/runner/.m2/repository/io/smallrye/common/smallrye-common-net/2.12.0/smallrye-common-net-2.12.0.jar:/home/runner/.m2/repository/io/smallrye/common/smallrye-common-ref/2.12.0/smallrye-common-ref-2.12.0.jar:/home/runner/.m2/repository/jakarta/json/jakarta.json-api/2.1.3/jakarta.json-api-2.1.3.jar:/home/runner/.m2/repository/org/eclipse/parsson/parsson/1.1.7/parsson-1.1.7.jar:/home/runner/.m2/repository/org/jboss/logging/jboss-logging-annotations/3.0.4.Final/jboss-logging-annotations-3.0.4.Final.jar:/home/runner/.m2/repository/org/jboss/threads/jboss-threads/3.8.0.Final/jboss-threads-3.8.0.Final.jar:/home/runner/.m2/repository/io/smallrye/common/smallrye-common-annotation/2.12.0/smallrye-common-annotation-2.12.0.jar:/home/runner/.m2/repository/io/smallrye/common/smallrye-common-function/2.12.0/smallrye-common-function-2.12.0.jar:/home/runner/.m2/repository/org/jboss/slf4j/slf4j-jboss-logmanager/2.0.0.Final/slf4j-jboss-logmanager-2.0.0.Final.jar:/home/runner/.m2/repository/org/wildfly/common/wildfly-common/2.0.1/wildfly-common-2.0.1.jar:/home/runner/.m2/repository/io/quarkus/quarkus-bootstrap-runner/3.20.2/quarkus-bootstrap-runner-3.20.2.jar:/home/runner/.m2/repository/io/github/crac/org-crac/0.1.3/org-crac-0.1.3.jar:/home/runner/.m2/repository/io/quarkus/quarkus-fs-util/0.0.10/quarkus-fs-util-0.0.10.jar:/home/runner/.m2/repository/org/jboss/marshalling/jboss-marshalling/2.2.2.Final/jboss-marshalling-2.2.2.Final.jar:/home/runner/.m2/repository/io/fabric8/kubernetes-client/7.1.0/kubernetes-client-7.1.0.jar:/home/runner/.m2/repository/io/fabric8/kubernetes-client-api/7.1.0/kubernetes-client-api-7.1.0.jar:/home/runner/.m2/repository/io/fabric8/kubernetes-model-core/7.1.0/kubernetes-model-core-7.1.0.jar:/home/runner/.m2/repository/io/fabric8/kubernetes-model-common/7.1.0/kubernetes-model-common-7.1.0.jar:/home/runner/.m2/repository/javax/annotation/javax.annotation-api/1.3.2/javax.annotation-api-1.3.2.jar:/home/runner/.m2/repository/io/fabric8/kubernetes-model-gatewayapi/7.1.0/kubernetes-model-gatewayapi-7.1.0.jar:/home/runner/.m2/repository/io/fabric8/kubernetes-model-resource/7.1.0/kubernetes-model-resource-7.1.0.jar:/home/runner/.m2/repository/io/fabric8/kubernetes-model-rbac/7.1.0/kubernetes-model-rbac-7.1.0.jar:/home/runner/.m2/repository/io/fabric8/kubernetes-model-admissionregistration/7.1.0/kubernetes-model-admissionregistration-7.1.0.jar:/home/runner/.m2/repository/io/fabric8/kubernetes-model-apps/7.1.0/kubernetes-model-apps-7.1.0.jar:/home/runner/.m2/repository/io/fabric8/kubernetes-model-autoscaling/7.1.0/kubernetes-model-autoscaling-7.1.0.jar:/home/runner/.m2/repository/io/fabric8/kubernetes-model-apiextensions/7.1.0/kubernetes-model-apiextensions-7.1.0.jar:/home/runner/.m2/repository/io/fabric8/kubernetes-model-batch/7.1.0/kubernetes-model-batch-7.1.0.jar:/home/runner/.m2/repository/io/fabric8/kubernetes-model-certificates/7.1.0/kubernetes-model-certificates-7.1.0.jar:/home/runner/.m2/repository/io/fabric8/kubernetes-model-coordination/7.1.0/kubernetes-model-coordination-7.1.0.jar:/home/runner/.m2/repository/io/fabric8/kubernetes-model-discovery/7.1.0/kubernetes-model-discovery-7.1.0.jar:/home/runner/.m2/repository/io/fabric8/kubernetes-model-events/7.1.0/kubernetes-model-events-7.1.0.jar:/home/runner/.m2/repository/io/fabric8/kubernetes-model-extensions/7.1.0/kubernetes-model-extensions-7.1.0.jar:/home/runner/.m2/repository/io/fabric8/kubernetes-model-flowcontrol/7.1.0/kubernetes-model-flowcontrol-7.1.0.jar:/home/runner/.m2/repository/io/fabric8/kubernetes-model-networking/7.1.0/kubernetes-model-networking-7.1.0.jar:/home/runner/.m2/repository/io/fabric8/kubernetes-model-metrics/7.1.0/kubernetes-model-metrics-7.1.0.jar:/home/runner/.m2/repository/io/fabric8/kubernetes-model-policy/7.1.0/kubernetes-model-policy-7.1.0.jar:/home/runner/.m2/repository/io/fabric8/kubernetes-model-scheduling/7.1.0/kubernetes-model-scheduling-7.1.0.jar:/home/runner/.m2/repository/io/fabric8/kubernetes-model-storageclass/7.1.0/kubernetes-model-storageclass-7.1.0.jar:/home/runner/.m2/repository/io/fabric8/kubernetes-model-node/7.1.0/kubernetes-model-node-7.1.0.jar:/home/runner/.m2/repository/org/snakeyaml/snakeyaml-engine/2.9/snakeyaml-engine-2.9.jar:/home/runner/.m2/repository/com/fasterxml/jackson/dataformat/jackson-dataformat-yaml/2.18.2/jackson-dataformat-yaml-2.18.2.jar:/home/runner/.m2/repository/com/fasterxml/jackson/datatype/jackson-datatype-jsr310/2.18.2/jackson-datatype-jsr310-2.18.2.jar:/home/runner/.m2/repository/io/fabric8/zjsonpatch/7.1.0/zjsonpatch-7.1.0.jar:/home/runner/.m2/repository/io/fabric8/kubernetes-httpclient-vertx/7.1.0/kubernetes-httpclient-vertx-7.1.0.jar:/home/runner/.m2/repository/io/vertx/vertx-web-client/4.5.16/vertx-web-client-4.5.16.jar:/home/runner/.m2/repository/io/vertx/vertx-web-common/4.5.16/vertx-web-common-4.5.16.jar:/home/runner/.m2/repository/io/vertx/vertx-auth-common/4.5.16/vertx-auth-common-4.5.16.jar:/home/runner/.m2/repository/io/vertx/vertx-uri-template/4.5.16/vertx-uri-template-4.5.16.jar:/home/runner/.m2/repository/io/fabric8/openshift-client/7.1.0/openshift-client-7.1.0.jar:/home/runner/.m2/repository/io/fabric8/openshift-client-api/7.1.0/openshift-client-api-7.1.0.jar:/home/runner/.m2/repository/io/fabric8/openshift-model/7.1.0/openshift-model-7.1.0.jar:/home/runner/.m2/repository/io/fabric8/openshift-model-autoscaling/7.1.0/openshift-model-autoscaling-7.1.0.jar:/home/runner/.m2/repository/io/fabric8/openshift-model-operator/7.1.0/openshift-model-operator-7.1.0.jar:/home/runner/.m2/repository/io/fabric8/openshift-model-operatorhub/7.1.0/openshift-model-operatorhub-7.1.0.jar:/home/runner/.m2/repository/io/fabric8/openshift-model-machine/7.1.0/openshift-model-machine-7.1.0.jar:/home/runner/.m2/repository/io/fabric8/openshift-model-whereabouts/7.1.0/openshift-model-whereabouts-7.1.0.jar:/home/runner/.m2/repository/io/fabric8/openshift-model-monitoring/7.1.0/openshift-model-monitoring-7.1.0.jar:/home/runner/.m2/repository/io/fabric8/openshift-model-storageversionmigrator/7.1.0/openshift-model-storageversionmigrator-7.1.0.jar:/home/runner/.m2/repository/io/fabric8/openshift-model-tuned/7.1.0/openshift-model-tuned-7.1.0.jar:/home/runner/.m2/repository/io/fabric8/openshift-model-console/7.1.0/openshift-model-console-7.1.0.jar:/home/runner/.m2/repository/io/fabric8/openshift-model-config/7.1.0/openshift-model-config-7.1.0.jar:/home/runner/.m2/repository/io/fabric8/openshift-model-machineconfiguration/7.1.0/openshift-model-machineconfiguration-7.1.0.jar:/home/runner/.m2/repository/io/fabric8/openshift-model-miscellaneous/7.1.0/openshift-model-miscellaneous-7.1.0.jar:/home/runner/.m2/repository/io/fabric8/openshift-model-hive/7.1.0/openshift-model-hive-7.1.0.jar:/home/runner/.m2/repository/io/fabric8/openshift-model-installer/7.1.0/openshift-model-installer-7.1.0.jar:/home/runner/.m2/repository/org/junit/platform/junit-platform-launcher/1.12.1/junit-platform-launcher-1.12.1.jar:/home/runner/.m2/repository/org/junit/platform/junit-platform-engine/1.12.1/junit-platform-engine-1.12.1.jar:/home/runner/.m2/repository/org/opentest4j/opentest4j/1.3.0/opentest4j-1.3.0.jar:/home/runner/.m2/repository/org/junit/platform/junit-platform-commons/1.12.1/junit-platform-commons-1.12.1.jar:/home/runner/.m2/repository/org/apiguardian/apiguardian-api/1.1.2/apiguardian-api-1.1.2.jar:/home/runner/.m2/repository/jakarta/ws/rs/jakarta.ws.rs-api/3.1.0/jakarta.ws.rs-api-3.1.0.jar:/home/runner/work/apicurio-testing/apicurio-testing/clusters/ci419/namespaces/pg17/tests/integration/apicurio-registry/java-sdk/target/apicurio-registry-java-sdk-3.0.14-SNAPSHOT.jar:/home/runner/.m2/repository/com/microsoft/kiota/microsoft-kiota-abstractions/1.8.9/microsoft-kiota-abstractions-1.8.9.jar:/home/runner/.m2/repository/io/github/std-uritemplate/std-uritemplate/2.0.0/std-uritemplate-2.0.0.jar:/home/runner/.m2/repository/io/kiota/kiota-http-jdk/0.0.29/kiota-http-jdk-0.0.29.jar:/home/runner/.m2/repository/io/kiota/kiota-http-vertx/0.0.29/kiota-http-vertx-0.0.29.jar:/home/runner/.m2/repository/io/kiota/kiota-serialization-jackson/0.0.29/kiota-serialization-jackson-0.0.29.jar:/home/runner/.m2/repository/com/microsoft/kiota/microsoft-kiota-serialization-text/1.8.9/microsoft-kiota-serialization-text-1.8.9.jar:/home/runner/.m2/repository/com/microsoft/kiota/microsoft-kiota-serialization-form/1.8.9/microsoft-kiota-serialization-form-1.8.9.jar:/home/runner/.m2/repository/com/microsoft/kiota/microsoft-kiota-serialization-multipart/1.8.9/microsoft-kiota-serialization-multipart-1.8.9.jar:/home/runner/.m2/repository/jakarta/annotation/jakarta.annotation-api/3.0.0/jakarta.annotation-api-3.0.0.jar:/home/runner/.m2/repository/io/vertx/vertx-auth-oauth2/4.5.16/vertx-auth-oauth2-4.5.16.jar:/home/runner/work/apicurio-testing/apicurio-testing/clusters/ci419/namespaces/pg17/tests/integration/apicurio-registry/java-sdk-v2/target/apicurio-registry-v2-java-sdk-3.0.14-SNAPSHOT.jar:/home/runner/work/apicurio-testing/apicurio-testing/clusters/ci419/namespaces/pg17/tests/integration/apicurio-registry/utils/kafka/target/apicurio-registry-utils-kafka-3.0.14-SNAPSHOT-tests.jar:/home/runner/.m2/repository/org/eclipse/microprofile/config/microprofile-config-api/3.1/microprofile-config-api-3.1.jar:/home/runner/.m2/repository/org/apache/kafka/kafka-clients/3.9.1/kafka-clients-3.9.1.jar:/home/runner/.m2/repository/com/github/luben/zstd-jni/1.5.6-4/zstd-jni-1.5.6-4.jar:/home/runner/.m2/repository/org/lz4/lz4-java/1.8.0/lz4-java-1.8.0.jar:/home/runner/.m2/repository/org/xerial/snappy/snappy-java/1.1.10.5/snappy-java-1.1.10.5.jar:/home/runner/.m2/repository/org/slf4j/slf4j-api/2.0.6/slf4j-api-2.0.6.jar:/home/runner/work/apicurio-testing/apicurio-testing/clusters/ci419/namespaces/pg17/tests/integration/apicurio-registry/utils/tests/target/apicurio-registry-utils-tests-3.0.14-SNAPSHOT.jar:/home/runner/work/apicurio-testing/apicurio-testing/clusters/ci419/namespaces/pg17/tests/integration/apicurio-registry/common/target/apicurio-registry-common-3.0.14-SNAPSHOT.jar:/home/runner/.m2/repository/jakarta/validation/jakarta.validation-api/3.0.2/jakarta.validation-api-3.0.2.jar:/home/runner/.m2/repository/com/github/dasniko/testcontainers-keycloak/3.8.0/testcontainers-keycloak-3.8.0.jar:/home/runner/.m2/repository/org/testcontainers/testcontainers/1.20.6/testcontainers-1.20.6.jar:/home/runner/.m2/repository/org/rnorth/duct-tape/duct-tape/1.0.8/duct-tape-1.0.8.jar:/home/runner/.m2/repository/com/github/docker-java/docker-java-transport-zerodep/3.4.1/docker-java-transport-zerodep-3.4.1.jar:/home/runner/.m2/repository/com/github/docker-java/docker-java-transport/3.4.1/docker-java-transport-3.4.1.jar:/home/runner/.m2/repository/net/java/dev/jna/jna/5.8.0/jna-5.8.0.jar:/home/runner/.m2/repository/io/quarkus/quarkus-junit4-mock/3.20.2/quarkus-junit4-mock-3.20.2.jar:/home/runner/.m2/repository/org/jboss/shrinkwrap/shrinkwrap-api/2.0.0-beta-2/shrinkwrap-api-2.0.0-beta-2.jar:/home/runner/.m2/repository/org/jboss/shrinkwrap/shrinkwrap-impl-base/2.0.0-beta-2/shrinkwrap-impl-base-2.0.0-beta-2.jar:/home/runner/.m2/repository/org/jboss/shrinkwrap/shrinkwrap-spi/2.0.0-beta-2/shrinkwrap-spi-2.0.0-beta-2.jar:/home/runner/.m2/repository/org/keycloak/keycloak-admin-client/26.0.4/keycloak-admin-client-26.0.4.jar:/home/runner/.m2/repository/org/keycloak/keycloak-client-common-synced/26.0.4/keycloak-client-common-synced-26.0.4.jar:/home/runner/.m2/repository/jakarta/activation/jakarta.activation-api/2.1.3/jakarta.activation-api-2.1.3.jar:/home/runner/.m2/repository/org/eclipse/microprofile/openapi/microprofile-openapi-api/4.0.2/microprofile-openapi-api-4.0.2.jar:/home/runner/.m2/repository/org/jboss/resteasy/resteasy-client/6.2.12.Final/resteasy-client-6.2.12.Final.jar:/home/runner/.m2/repository/org/jboss/resteasy/resteasy-client-api/6.2.12.Final/resteasy-client-api-6.2.12.Final.jar:/home/runner/.m2/repository/org/jboss/resteasy/resteasy-core-spi/6.2.12.Final/resteasy-core-spi-6.2.12.Final.jar:/home/runner/.m2/repository/org/jboss/resteasy/resteasy-core/6.2.12.Final/resteasy-core-6.2.12.Final.jar:/home/runner/.m2/repository/org/eclipse/angus/angus-activation/2.0.2/angus-activation-2.0.2.jar:/home/runner/.m2/repository/com/ibm/async/asyncutil/0.1.0/asyncutil-0.1.0.jar:/home/runner/.m2/repository/org/reactivestreams/reactive-streams/1.0.4/reactive-streams-1.0.4.jar:/home/runner/.m2/repository/org/jboss/resteasy/resteasy-multipart-provider/6.2.12.Final/resteasy-multipart-provider-6.2.12.Final.jar:/home/runner/.m2/repository/jakarta/mail/jakarta.mail-api/2.1.3/jakarta.mail-api-2.1.3.jar:/home/runner/.m2/repository/org/eclipse/angus/angus-mail/2.0.3/angus-mail-2.0.3.jar:/home/runner/.m2/repository/org/apache/james/apache-mime4j-dom/0.8.12/apache-mime4j-dom-0.8.12.jar:/home/runner/.m2/repository/org/apache/james/apache-mime4j-core/0.8.12/apache-mime4j-core-0.8.12.jar:/home/runner/.m2/repository/org/apache/james/apache-mime4j-storage/0.8.12/apache-mime4j-storage-0.8.12.jar:/home/runner/.m2/repository/org/jboss/resteasy/resteasy-jackson2-provider/6.2.12.Final/resteasy-jackson2-provider-6.2.12.Final.jar:/home/runner/.m2/repository/com/fasterxml/jackson/jakarta/rs/jackson-jakarta-rs-base/2.18.2/jackson-jakarta-rs-base-2.18.2.jar:/home/runner/.m2/repository/com/fasterxml/jackson/jakarta/rs/jackson-jakarta-rs-json-provider/2.18.2/jackson-jakarta-rs-json-provider-2.18.2.jar:/home/runner/.m2/repository/com/fasterxml/jackson/module/jackson-module-jakarta-xmlbind-annotations/2.18.2/jackson-module-jakarta-xmlbind-annotations-2.18.2.jar:/home/runner/.m2/repository/com/github/java-json-tools/json-patch/1.13/json-patch-1.13.jar:/home/runner/.m2/repository/com/github/java-json-tools/msg-simple/1.2/msg-simple-1.2.jar:/home/runner/.m2/repository/com/github/java-json-tools/btf/1.3/btf-1.3.jar:/home/runner/.m2/repository/com/github/java-json-tools/jackson-coreutils/2.0/jackson-coreutils-2.0.jar:/home/runner/.m2/repository/org/jboss/resteasy/resteasy-jaxb-provider/6.2.12.Final/resteasy-jaxb-provider-6.2.12.Final.jar:/home/runner/.m2/repository/org/glassfish/jaxb/codemodel/4.0.5/codemodel-4.0.5.jar:/home/runner/.m2/repository/org/glassfish/jaxb/jaxb-core/4.0.5/jaxb-core-4.0.5.jar:/home/runner/.m2/repository/org/glassfish/jaxb/jaxb-jxc/4.0.5/jaxb-jxc-4.0.5.jar:/home/runner/.m2/repository/org/glassfish/jaxb/jaxb-runtime/4.0.5/jaxb-runtime-4.0.5.jar:/home/runner/.m2/repository/org/glassfish/jaxb/txw2/4.0.5/txw2-4.0.5.jar:/home/runner/.m2/repository/org/glassfish/jaxb/jaxb-xjc/4.0.5/jaxb-xjc-4.0.5.jar:/home/runner/.m2/repository/org/glassfish/jaxb/xsom/4.0.5/xsom-4.0.5.jar:/home/runner/.m2/repository/com/sun/istack/istack-commons-runtime/4.1.2/istack-commons-runtime-4.1.2.jar:/home/runner/.m2/repository/com/sun/istack/istack-commons-tools/4.1.2/istack-commons-tools-4.1.2.jar:/home/runner/.m2/repository/com/sun/xml/bind/external/relaxng-datatype/4.0.5/relaxng-datatype-4.0.5.jar:/home/runner/.m2/repository/com/sun/xml/bind/external/rngom/4.0.5/rngom-4.0.5.jar:/home/runner/.m2/repository/org/testcontainers/mssqlserver/1.20.6/mssqlserver-1.20.6.jar:/home/runner/.m2/repository/org/testcontainers/jdbc/1.20.6/jdbc-1.20.6.jar:/home/runner/.m2/repository/org/testcontainers/database-commons/1.20.6/database-commons-1.20.6.jar:/home/runner/.m2/repository/org/testcontainers/mysql/1.20.6/mysql-1.20.6.jar:/home/runner/.m2/repository/io/strimzi/strimzi-test-container/0.111.0/strimzi-test-container-0.111.0.jar:/home/runner/.m2/repository/org/testcontainers/toxiproxy/1.20.6/toxiproxy-1.20.6.jar:/home/runner/.m2/repository/com/github/docker-java/docker-java-api/3.4.1/docker-java-api-3.4.1.jar:/home/runner/.m2/repository/org/apache/logging/log4j/log4j-slf4j-impl/2.19.0/log4j-slf4j-impl-2.19.0.jar:/home/runner/.m2/repository/org/apache/logging/log4j/log4j-api/2.24.3/log4j-api-2.24.3.jar:/home/runner/.m2/repository/org/apache/logging/log4j/log4j-core/2.19.0/log4j-core-2.19.0.jar:/home/runner/.m2/repository/eu/rekawek/toxiproxy/toxiproxy-java/2.1.7/toxiproxy-java-2.1.7.jar:/home/runner/.m2/repository/org/testcontainers/pulsar/1.21.3/pulsar-1.21.3.jar:/home/runner/.m2/repository/io/debezium/debezium-testing-testcontainers/2.7.4.Final/debezium-testing-testcontainers-2.7.4.Final.jar:/home/runner/.m2/repository/org/testcontainers/kafka/1.20.6/kafka-1.20.6.jar:/home/runner/.m2/repository/com/squareup/okhttp3/okhttp/4.8.1/okhttp-4.8.1.jar:/home/runner/.m2/repository/com/squareup/okio/okio/3.10.2/okio-3.10.2.jar:/home/runner/.m2/repository/com/squareup/okio/okio-jvm/3.10.2/okio-jvm-3.10.2.jar:/home/runner/.m2/repository/org/jetbrains/kotlin/kotlin-stdlib/2.0.21/kotlin-stdlib-2.0.21.jar:/home/runner/.m2/repository/org/awaitility/awaitility/4.3.0/awaitility-4.3.0.jar:/home/runner/.m2/repository/org/testcontainers/mongodb/1.20.6/mongodb-1.20.6.jar:/home/runner/.m2/repository/org/testcontainers/mariadb/1.20.6/mariadb-1.20.6.jar:/home/runner/.m2/repository/org/testcontainers/oracle-xe/1.20.6/oracle-xe-1.20.6.jar:/home/runner/.m2/repository/org/testcontainers/postgresql/1.20.6/postgresql-1.20.6.jar:/home/runner/.m2/repository/org/wiremock/wiremock/3.0.1/wiremock-3.0.1.jar:/home/runner/.m2/repository/org/eclipse/jetty/jetty-server/11.0.15/jetty-server-11.0.15.jar:/home/runner/.m2/repository/org/eclipse/jetty/toolchain/jetty-jakarta-servlet-api/5.0.2/jetty-jakarta-servlet-api-5.0.2.jar:/home/runner/.m2/repository/org/eclipse/jetty/jetty-http/11.0.15/jetty-http-11.0.15.jar:/home/runner/.m2/repository/org/eclipse/jetty/jetty-io/11.0.15/jetty-io-11.0.15.jar:/home/runner/.m2/repository/org/eclipse/jetty/jetty-servlet/11.0.15/jetty-servlet-11.0.15.jar:/home/runner/.m2/repository/org/eclipse/jetty/jetty-security/11.0.15/jetty-security-11.0.15.jar:/home/runner/.m2/repository/org/eclipse/jetty/jetty-servlets/11.0.15/jetty-servlets-11.0.15.jar:/home/runner/.m2/repository/org/eclipse/jetty/jetty-util/11.0.15/jetty-util-11.0.15.jar:/home/runner/.m2/repository/org/eclipse/jetty/jetty-webapp/11.0.15/jetty-webapp-11.0.15.jar:/home/runner/.m2/repository/org/eclipse/jetty/jetty-xml/11.0.15/jetty-xml-11.0.15.jar:/home/runner/.m2/repository/org/eclipse/jetty/jetty-proxy/11.0.15/jetty-proxy-11.0.15.jar:/home/runner/.m2/repository/org/eclipse/jetty/jetty-client/11.0.15/jetty-client-11.0.15.jar:/home/runner/.m2/repository/org/eclipse/jetty/http2/http2-server/11.0.15/http2-server-11.0.15.jar:/home/runner/.m2/repository/org/eclipse/jetty/http2/http2-common/11.0.15/http2-common-11.0.15.jar:/home/runner/.m2/repository/org/eclipse/jetty/http2/http2-hpack/11.0.15/http2-hpack-11.0.15.jar:/home/runner/.m2/repository/org/eclipse/jetty/jetty-alpn-server/11.0.15/jetty-alpn-server-11.0.15.jar:/home/runner/.m2/repository/org/eclipse/jetty/jetty-alpn-java-server/11.0.15/jetty-alpn-java-server-11.0.15.jar:/home/runner/.m2/repository/org/eclipse/jetty/jetty-alpn-java-client/11.0.15/jetty-alpn-java-client-11.0.15.jar:/home/runner/.m2/repository/org/eclipse/jetty/jetty-alpn-client/11.0.15/jetty-alpn-client-11.0.15.jar:/home/runner/.m2/repository/org/apache/httpcomponents/client5/httpclient5/5.2.1/httpclient5-5.2.1.jar:/home/runner/.m2/repository/org/apache/httpcomponents/core5/httpcore5/5.2/httpcore5-5.2.jar:/home/runner/.m2/repository/org/apache/httpcomponents/core5/httpcore5-h2/5.2/httpcore5-h2-5.2.jar:/home/runner/.m2/repository/org/xmlunit/xmlunit-core/2.9.1/xmlunit-core-2.9.1.jar:/home/runner/.m2/repository/jakarta/xml/bind/jakarta.xml.bind-api/4.0.2/jakarta.xml.bind-api-4.0.2.jar:/home/runner/.m2/repository/org/xmlunit/xmlunit-legacy/2.9.1/xmlunit-legacy-2.9.1.jar:/home/runner/.m2/repository/org/xmlunit/xmlunit-placeholders/2.9.1/xmlunit-placeholders-2.9.1.jar:/home/runner/.m2/repository/net/javacrumbs/json-unit/json-unit-core/2.38.0/json-unit-core-2.38.0.jar:/home/runner/.m2/repository/org/hamcrest/hamcrest-core/2.2/hamcrest-core-2.2.jar:/home/runner/.m2/repository/com/jayway/jsonpath/json-path/2.8.0/json-path-2.8.0.jar:/home/runner/.m2/repository/net/minidev/json-smart/2.4.10/json-smart-2.4.10.jar:/home/runner/.m2/repository/net/minidev/accessors-smart/2.4.9/accessors-smart-2.4.9.jar:/home/runner/.m2/repository/org/ow2/asm/asm/9.7.1/asm-9.7.1.jar:/home/runner/.m2/repository/net/sf/jopt-simple/jopt-simple/5.0.4/jopt-simple-5.0.4.jar:/home/runner/.m2/repository/com/github/jknack/handlebars/4.3.1/handlebars-4.3.1.jar:/home/runner/.m2/repository/com/github/jknack/handlebars-helpers/4.3.1/handlebars-helpers-4.3.1.jar:/home/runner/.m2/repository/commons-fileupload/commons-fileupload/1.5/commons-fileupload-1.5.jar:/home/runner/.m2/repository/com/networknt/json-schema-validator/1.5.8/json-schema-validator-1.5.8.jar:/home/runner/.m2/repository/com/ethlo/time/itu/1.10.3/itu-1.10.3.jar:/home/runner/.m2/repository/io/quarkus/quarkus-smallrye-jwt-build/3.20.2/quarkus-smallrye-jwt-build-3.20.2.jar:/home/runner/.m2/repository/io/smallrye/smallrye-jwt-build/4.6.2/smallrye-jwt-build-4.6.2.jar:/home/runner/.m2/repository/org/eclipse/microprofile/jwt/microprofile-jwt-auth-api/2.1/microprofile-jwt-auth-api-2.1.jar:/home/runner/.m2/repository/org/bitbucket/b_c/jose4j/0.9.6/jose4j-0.9.6.jar:/home/runner/.m2/repository/io/smallrye/smallrye-jwt-common/4.6.2/smallrye-jwt-common-4.6.2.jar:/home/runner/.m2/repository/io/quarkus/quarkus-jsonp/3.20.2/quarkus-jsonp-3.20.2.jar:/home/runner/.m2/repository/io/quarkus/quarkus-arc/3.20.2/quarkus-arc-3.20.2.jar:/home/runner/.m2/repository/io/quarkus/arc/arc/3.20.2/arc-3.20.2.jar:/home/runner/.m2/repository/jakarta/transaction/jakarta.transaction-api/2.0.1/jakarta.transaction-api-2.0.1.jar:/home/runner/.m2/repository/io/smallrye/reactive/mutiny/2.9.2/mutiny-2.9.2.jar:/home/runner/.m2/repository/org/jctools/jctools-core/4.0.5/jctools-core-4.0.5.jar:/home/runner/.m2/repository/org/eclipse/microprofile/context-propagation/microprofile-context-propagation-api/1.3/microprofile-context-propagation-api-1.3.jar:/home/runner/.m2/repository/io/apicurio/apicurio-common-rest-client-common/0.1.18.Final/apicurio-common-rest-client-common-0.1.18.Final.jar:/home/runner/work/apicurio-testing/apicurio-testing/clusters/ci419/namespaces/pg17/tests/integration/apicurio-registry/utils/maven-plugin/target/apicurio-registry-maven-plugin-3.0.14-SNAPSHOT.jar:/home/runner/.m2/repository/com/fasterxml/jackson/core/jackson-databind/2.18.2/jackson-databind-2.18.2.jar:/home/runner/.m2/repository/org/apache/avro/avro/1.12.0/avro-1.12.0.jar:/home/runner/.m2/repository/com/google/protobuf/protobuf-java/4.32.0/protobuf-java-4.32.0.jar:/home/runner/.m2/repository/com/google/protobuf/protobuf-java-util/4.32.0/protobuf-java-util-4.32.0.jar:/home/runner/.m2/repository/com/google/code/findbugs/jsr305/3.0.2/jsr305-3.0.2.jar:/home/runner/.m2/repository/com/google/code/gson/gson/2.12.1/gson-2.12.1.jar:/home/runner/.m2/repository/com/google/errorprone/error_prone_annotations/2.36.0/error_prone_annotations-2.36.0.jar:/home/runner/.m2/repository/com/google/j2objc/j2objc-annotations/2.8/j2objc-annotations-2.8.jar:/home/runner/work/apicurio-testing/apicurio-testing/clusters/ci419/namespaces/pg17/tests/integration/apicurio-registry/schema-util/util-provider/target/apicurio-registry-schema-util-provider-3.0.14-SNAPSHOT.jar:/home/runner/work/apicurio-testing/apicurio-testing/clusters/ci419/namespaces/pg17/tests/integration/apicurio-registry/schema-util/common/target/apicurio-registry-schema-util-common-3.0.14-SNAPSHOT.jar:/home/runner/.m2/repository/com/fasterxml/jackson/module/jackson-module-parameter-names/2.18.2/jackson-module-parameter-names-2.18.2.jar:/home/runner/.m2/repository/com/fasterxml/jackson/datatype/jackson-datatype-json-org/2.18.2/jackson-datatype-json-org-2.18.2.jar:/home/runner/work/apicurio-testing/apicurio-testing/clusters/ci419/namespaces/pg17/tests/integration/apicurio-registry/schema-util/json/target/apicurio-registry-schema-util-json-3.0.14-SNAPSHOT.jar:/home/runner/.m2/repository/com/github/erosb/everit-json-schema/1.14.5/everit-json-schema-1.14.5.jar:/home/runner/.m2/repository/commons-validator/commons-validator/1.9.0/commons-validator-1.9.0.jar:/home/runner/.m2/repository/commons-digester/commons-digester/2.1/commons-digester-2.1.jar:/home/runner/.m2/repository/commons-collections/commons-collections/3.2.2/commons-collections-3.2.2.jar:/home/runner/.m2/repository/com/damnhandy/handy-uri-templates/2.1.8/handy-uri-templates-2.1.8.jar:/home/runner/.m2/repository/joda-time/joda-time/2.10.2/joda-time-2.10.2.jar:/home/runner/.m2/repository/com/github/erosb/json-sKema/0.20.0/json-sKema-0.20.0.jar:/home/runner/.m2/repository/io/vertx/vertx-json-schema/4.5.16/vertx-json-schema-4.5.16.jar:/home/runner/work/apicurio-testing/apicurio-testing/clusters/ci419/namespaces/pg17/tests/integration/apicurio-registry/schema-util/protobuf/target/apicurio-registry-schema-util-protobuf-3.0.14-SNAPSHOT.jar:/home/runner/work/apicurio-testing/apicurio-testing/clusters/ci419/namespaces/pg17/tests/integration/apicurio-registry/utils/protobuf-schema-utilities/target/apicurio-registry-protobuf-schema-utilities-3.0.14-SNAPSHOT.jar:/home/runner/.m2/repository/com/google/api/grpc/proto-google-common-protos/2.52.0/proto-google-common-protos-2.52.0.jar:/home/runner/.m2/repository/com/squareup/wire/wire-schema-jvm/5.3.3/wire-schema-jvm-5.3.3.jar:/home/runner/.m2/repository/com/palantir/javapoet/javapoet/0.6.0/javapoet-0.6.0.jar:/home/runner/.m2/repository/com/squareup/kotlinpoet-jvm/2.0.0/kotlinpoet-jvm-2.0.0.jar:/home/runner/.m2/repository/org/jetbrains/kotlin/kotlin-reflect/2.0.21/kotlin-reflect-2.0.21.jar:/home/runner/.m2/repository/com/squareup/wire/wire-runtime-jvm/5.3.3/wire-runtime-jvm-5.3.3.jar:/home/runner/.m2/repository/com/ibm/icu/icu4j/76.1/icu4j-76.1.jar:/home/runner/.m2/repository/com/squareup/okio/okio-fakefilesystem/3.10.2/okio-fakefilesystem-3.10.2.jar:/home/runner/.m2/repository/com/squareup/okio/okio-fakefilesystem-jvm/3.10.2/okio-fakefilesystem-jvm-3.10.2.jar:/home/runner/.m2/repository/org/jetbrains/kotlinx/kotlinx-datetime-jvm/0.6.1/kotlinx-datetime-jvm-0.6.1.jar:/home/runner/work/apicurio-testing/apicurio-testing/clusters/ci419/namespaces/pg17/tests/integration/apicurio-registry/schema-util/asyncapi/target/apicurio-registry-schema-util-asyncapi-3.0.14-SNAPSHOT.jar:/home/runner/work/apicurio-testing/apicurio-testing/clusters/ci419/namespaces/pg17/tests/integration/apicurio-registry/schema-util/avro/target/apicurio-registry-schema-util-avro-3.0.14-SNAPSHOT.jar:/home/runner/work/apicurio-testing/apicurio-testing/clusters/ci419/namespaces/pg17/tests/integration/apicurio-registry/schema-util/graphql/target/apicurio-registry-schema-util-graphql-3.0.14-SNAPSHOT.jar:/home/runner/.m2/repository/com/graphql-java/graphql-java/22.4/graphql-java-22.4.jar:/home/runner/.m2/repository/com/graphql-java/java-dataloader/3.3.0/java-dataloader-3.3.0.jar:/home/runner/work/apicurio-testing/apicurio-testing/clusters/ci419/namespaces/pg17/tests/integration/apicurio-registry/schema-util/kconnect/target/apicurio-registry-schema-util-kconnect-3.0.14-SNAPSHOT.jar:/home/runner/work/apicurio-testing/apicurio-testing/clusters/ci419/namespaces/pg17/tests/integration/apicurio-registry/schema-util/openapi/target/apicurio-registry-schema-util-openapi-3.0.14-SNAPSHOT.jar:/home/runner/.m2/repository/io/apicurio/apicurio-data-models/2.2.2/apicurio-data-models-2.2.2.jar:/home/runner/.m2/repository/org/slf4j/jcl-over-slf4j/2.0.6/jcl-over-slf4j-2.0.6.jar:/home/runner/.m2/repository/org/openapitools/openapidiff/openapi-diff-core/2.1.2/openapi-diff-core-2.1.2.jar:/home/runner/.m2/repository/io/swagger/parser/v3/swagger-parser/2.1.28/swagger-parser-2.1.28.jar:/home/runner/.m2/repository/io/swagger/parser/v3/swagger-parser-v2-converter/2.1.28/swagger-parser-v2-converter-2.1.28.jar:/home/runner/.m2/repository/io/swagger/swagger-core/1.6.16/swagger-core-1.6.16.jar:/home/runner/.m2/repository/io/swagger/swagger-models/1.6.16/swagger-models-1.6.16.jar:/home/runner/.m2/repository/io/swagger/swagger-annotations/1.6.16/swagger-annotations-1.6.16.jar:/home/runner/.m2/repository/io/swagger/swagger-parser/1.0.75/swagger-parser-1.0.75.jar:/home/runner/.m2/repository/io/swagger/swagger-parser-safe-url-resolver/1.0.75/swagger-parser-safe-url-resolver-1.0.75.jar:/home/runner/.m2/repository/io/swagger/swagger-compat-spec-parser/1.0.75/swagger-compat-spec-parser-1.0.75.jar:/home/runner/.m2/repository/com/github/java-json-tools/json-schema-validator/2.2.14/json-schema-validator-2.2.14.jar:/home/runner/.m2/repository/com/github/java-json-tools/jackson-coreutils-equivalence/1.0/jackson-coreutils-equivalence-1.0.jar:/home/runner/.m2/repository/com/github/java-json-tools/json-schema-core/1.2.14/json-schema-core-1.2.14.jar:/home/runner/.m2/repository/com/github/java-json-tools/uri-template/0.10/uri-template-0.10.jar:/home/runner/.m2/repository/com/googlecode/libphonenumber/libphonenumber/8.11.1/libphonenumber-8.11.1.jar:/home/runner/.m2/repository/com/j2html/j2html/1.6.0/j2html-1.6.0.jar:/home/runner/.m2/repository/org/apache/commons/commons-collections4/4.5.0/commons-collections4-4.5.0.jar:/home/runner/.m2/repository/io/swagger/parser/v3/swagger-parser-v3/2.1.31/swagger-parser-v3-2.1.31.jar:/home/runner/.m2/repository/io/swagger/core/v3/swagger-models/2.2.34/swagger-models-2.2.34.jar:/home/runner/.m2/repository/io/swagger/core/v3/swagger-core/2.2.34/swagger-core-2.2.34.jar:/home/runner/.m2/repository/io/swagger/parser/v3/swagger-parser-core/2.1.31/swagger-parser-core-2.1.31.jar:/home/runner/.m2/repository/io/swagger/parser/v3/swagger-parser-safe-url-resolver/2.1.31/swagger-parser-safe-url-resolver-2.1.31.jar:/home/runner/work/apicurio-testing/apicurio-testing/clusters/ci419/namespaces/pg17/tests/integration/apicurio-registry/schema-util/wsdl/target/apicurio-registry-schema-util-wsdl-3.0.14-SNAPSHOT.jar:/home/runner/.m2/repository/wsdl4j/wsdl4j/1.6.3/wsdl4j-1.6.3.jar:/home/runner/work/apicurio-testing/apicurio-testing/clusters/ci419/namespaces/pg17/tests/integration/apicurio-registry/schema-util/xml/target/apicurio-registry-schema-util-xml-3.0.14-SNAPSHOT.jar:/home/runner/.m2/repository/org/apache/santuario/xmlsec/4.0.4/xmlsec-4.0.4.jar:/home/runner/.m2/repository/com/fasterxml/woodstox/woodstox-core/7.1.1/woodstox-core-7.1.1.jar:/home/runner/.m2/repository/org/codehaus/woodstox/stax2-api/4.2.2/stax2-api-4.2.2.jar:/home/runner/work/apicurio-testing/apicurio-testing/clusters/ci419/namespaces/pg17/tests/integration/apicurio-registry/schema-util/xsd/target/apicurio-registry-schema-util-xsd-3.0.14-SNAPSHOT.jar:/home/runner/work/apicurio-testing/apicurio-testing/clusters/ci419/namespaces/pg17/tests/integration/apicurio-registry/serdes/kafka/jsonschema-serde/target/apicurio-registry-jsonschema-serde-kafka-3.0.14-SNAPSHOT.jar:/home/runner/work/apicurio-testing/apicurio-testing/clusters/ci419/namespaces/pg17/tests/integration/apicurio-registry/serdes/kafka/serde-kafka-common/target/apicurio-registry-serde-kafka-common-3.0.14-SNAPSHOT.jar:/home/runner/work/apicurio-testing/apicurio-testing/clusters/ci419/namespaces/pg17/tests/integration/apicurio-registry/serdes/generic/serde-common/target/apicurio-registry-serde-common-3.0.14-SNAPSHOT.jar:/home/runner/work/apicurio-testing/apicurio-testing/clusters/ci419/namespaces/pg17/tests/integration/apicurio-registry/serdes/generic/serde-common-jsonschema/target/apicurio-registry-serde-common-jsonschema-3.0.14-SNAPSHOT.jar:/home/runner/.m2/repository/org/json/json/20250107/json-20250107.jar:/home/runner/work/apicurio-testing/apicurio-testing/clusters/ci419/namespaces/pg17/tests/integration/apicurio-registry/serdes/kafka/avro-serde/target/apicurio-registry-avro-serde-kafka-3.0.14-SNAPSHOT.jar:/home/runner/work/apicurio-testing/apicurio-testing/clusters/ci419/namespaces/pg17/tests/integration/apicurio-registry/serdes/generic/serde-common-avro/target/apicurio-registry-serde-common-avro-3.0.14-SNAPSHOT.jar:/home/runner/work/apicurio-testing/apicurio-testing/clusters/ci419/namespaces/pg17/tests/integration/apicurio-registry/serdes/kafka/protobuf-serde/target/apicurio-registry-protobuf-serde-kafka-3.0.14-SNAPSHOT.jar:/home/runner/work/apicurio-testing/apicurio-testing/clusters/ci419/namespaces/pg17/tests/integration/apicurio-registry/serdes/generic/serde-common-protobuf/target/apicurio-registry-serde-common-protobuf-3.0.14-SNAPSHOT.jar:/home/runner/.m2/repository/com/squareup/wire/wire-schema/5.3.3/wire-schema-5.3.3.jar:/home/runner/.m2/repository/com/squareup/wire/wire-runtime/5.3.3/wire-runtime-5.3.3.jar:/home/runner/work/apicurio-testing/apicurio-testing/clusters/ci419/namespaces/pg17/tests/integration/apicurio-registry/serdes/pulsar/avro-serde/target/apicurio-registry-avro-serde-pulsar-3.0.14-SNAPSHOT.jar:/home/runner/.m2/repository/org/apache/pulsar/pulsar-functions-api/3.3.8/pulsar-functions-api-3.3.8.jar:/home/runner/work/apicurio-testing/apicurio-testing/clusters/ci419/namespaces/pg17/tests/integration/apicurio-registry/serdes/nats/avro-serde/target/apicurio-registry-avro-serde-nats-3.0.14-SNAPSHOT.jar:/home/runner/.m2/repository/io/nats/jnats/2.21.4/jnats-2.21.4.jar:/home/runner/.m2/repository/org/bouncycastle/bcprov-lts8on/2.73.7/bcprov-lts8on-2.73.7.jar:/home/runner/.m2/repository/org/jetbrains/annotations/26.0.2/annotations-26.0.2.jar:/home/runner/work/apicurio-testing/apicurio-testing/clusters/ci419/namespaces/pg17/tests/integration/apicurio-registry/utils/converter/target/apicurio-registry-utils-converter-3.0.14-SNAPSHOT.jar:/home/runner/work/apicurio-testing/apicurio-testing/clusters/ci419/namespaces/pg17/tests/integration/apicurio-registry/schema-resolver/target/apicurio-registry-schema-resolver-3.0.14-SNAPSHOT.jar:/home/runner/.m2/repository/org/apache/kafka/connect-api/3.9.1/connect-api-3.9.1.jar:/home/runner/.m2/repository/javax/ws/rs/javax.ws.rs-api/2.1.1/javax.ws.rs-api-2.1.1.jar:/home/runner/.m2/repository/org/apache/kafka/connect-json/3.9.1/connect-json-3.9.1.jar:/home/runner/.m2/repository/com/fasterxml/jackson/datatype/jackson-datatype-jdk8/2.18.2/jackson-datatype-jdk8-2.18.2.jar:/home/runner/.m2/repository/com/fasterxml/jackson/module/jackson-module-afterburner/2.18.2/jackson-module-afterburner-2.18.2.jar:/home/runner/work/apicurio-testing/apicurio-testing/clusters/ci419/namespaces/pg17/tests/integration/apicurio-registry/utils/kafka/target/apicurio-registry-utils-kafka-3.0.14-SNAPSHOT.jar:/home/runner/.m2/repository/org/apache/pulsar/pulsar-client/3.3.8/pulsar-client-3.3.8.jar:/home/runner/.m2/repository/org/apache/pulsar/pulsar-client-api/3.3.8/pulsar-client-api-3.3.8.jar:/home/runner/.m2/repository/org/apache/pulsar/pulsar-client-admin-api/3.3.8/pulsar-client-admin-api-3.3.8.jar:/home/runner/.m2/repository/org/apache/pulsar/bouncy-castle-bc/3.3.8/bouncy-castle-bc-3.3.8-pkg.jar:/home/runner/.m2/repository/org/bouncycastle/bcpkix-jdk18on/1.81/bcpkix-jdk18on-1.81.jar:/home/runner/.m2/repository/org/bouncycastle/bcutil-jdk18on/1.81/bcutil-jdk18on-1.81.jar:/home/runner/.m2/repository/org/bouncycastle/bcprov-jdk18on/1.81/bcprov-jdk18on-1.81.jar:/home/runner/.m2/repository/io/opentelemetry/opentelemetry-api/1.44.1/opentelemetry-api-1.44.1.jar:/home/runner/.m2/repository/io/opentelemetry/opentelemetry-context/1.44.1/opentelemetry-context-1.44.1.jar:/home/runner/.m2/repository/io/opentelemetry/opentelemetry-api-incubator/1.44.1-alpha/opentelemetry-api-incubator-1.44.1-alpha.jar:/home/runner/.m2/repository/com/fasterxml/jackson/core/jackson-annotations/2.18.2/jackson-annotations-2.18.2.jar:/home/runner/.m2/repository/javax/validation/validation-api/1.1.0.Final/validation-api-1.1.0.Final.jar:/home/runner/.m2/repository/org/jspecify/jspecify/1.0.0/jspecify-1.0.0.jar:/home/runner/.m2/repository/org/apache/commons/commons-configuration2/2.12.0/commons-configuration2-2.12.0.jar:/home/runner/.m2/repository/commons-logging/commons-logging/1.3.5/commons-logging-1.3.5.jar:/home/runner/.m2/repository/org/apache/commons/commons-text/1.13.0/commons-text-1.13.0.jar:/home/runner/.m2/repository/io/confluent/kafka-avro-serializer/8.0.0/kafka-avro-serializer-8.0.0.jar:/home/runner/.m2/repository/org/apache/commons/commons-compress/1.27.1/commons-compress-1.27.1.jar:/home/runner/.m2/repository/io/confluent/kafka-schema-serializer/8.0.0/kafka-schema-serializer-8.0.0.jar:/home/runner/.m2/repository/com/fasterxml/jackson/dataformat/jackson-dataformat-csv/2.18.2/jackson-dataformat-csv-2.18.2.jar:/home/runner/.m2/repository/io/confluent/kafka-schema-registry-client/8.0.0/kafka-schema-registry-client-8.0.0.jar:/home/runner/.m2/repository/org/yaml/snakeyaml/2.3/snakeyaml-2.3.jar:/home/runner/.m2/repository/io/swagger/core/v3/swagger-annotations/2.2.29/swagger-annotations-2.2.29.jar:/home/runner/.m2/repository/com/google/guava/guava/33.4.0-jre/guava-33.4.0-jre.jar:/home/runner/.m2/repository/com/google/guava/failureaccess/1.0.1/failureaccess-1.0.1.jar:/home/runner/.m2/repository/org/checkerframework/checker-qual/3.49.0/checker-qual-3.49.0.jar:/home/runner/.m2/repository/io/confluent/logredactor/1.0.13/logredactor-1.0.13.jar:/home/runner/.m2/repository/com/google/re2j/re2j/1.6/re2j-1.6.jar:/home/runner/.m2/repository/io/confluent/logredactor-metrics/1.0.13/logredactor-metrics-1.0.13.jar:/home/runner/.m2/repository/com/eclipsesource/minimal-json/minimal-json/0.9.5/minimal-json-0.9.5.jar:/home/runner/.m2/repository/io/confluent/common-utils/8.0.0/common-utils-8.0.0.jar:/home/runner/.m2/repository/io/confluent/kafka-connect-avro-converter/8.0.0/kafka-connect-avro-converter-8.0.0.jar:/home/runner/.m2/repository/io/confluent/kafka-connect-avro-data/8.0.0/kafka-connect-avro-data-8.0.0.jar:/home/runner/.m2/repository/io/confluent/kafka-schema-converter/8.0.0/kafka-schema-converter-8.0.0.jar:/home/runner/.m2/repository/io/rest-assured/rest-assured/5.5.1/rest-assured-5.5.1.jar:/home/runner/.m2/repository/org/apache/groovy/groovy/4.0.22/groovy-4.0.22.jar:/home/runner/.m2/repository/org/apache/groovy/groovy-xml/4.0.22/groovy-xml-4.0.22.jar:/home/runner/.m2/repository/org/apache/httpcomponents/httpclient/4.5.14/httpclient-4.5.14.jar:/home/runner/.m2/repository/org/apache/httpcomponents/httpcore/4.4.16/httpcore-4.4.16.jar:/home/runner/.m2/repository/org/apache/httpcomponents/httpmime/4.5.14/httpmime-4.5.14.jar:/home/runner/.m2/repository/org/hamcrest/hamcrest/2.2/hamcrest-2.2.jar:/home/runner/.m2/repository/org/ccil/cowan/tagsoup/tagsoup/1.2.1/tagsoup-1.2.1.jar:/home/runner/.m2/repository/io/rest-assured/json-path/5.5.1/json-path-5.5.1.jar:/home/runner/.m2/repository/org/apache/groovy/groovy-json/4.0.22/groovy-json-4.0.22.jar:/home/runner/.m2/repository/io/rest-assured/rest-assured-common/5.5.1/rest-assured-common-5.5.1.jar:/home/runner/.m2/repository/io/rest-assured/xml-path/5.5.1/xml-path-5.5.1.jar:/home/runner/.m2/repository/io/zonky/test/embedded-postgres/2.1.0/embedded-postgres-2.1.0.jar:/home/runner/.m2/repository/io/zonky/test/postgres/embedded-postgres-binaries-windows-amd64/14.15.0/embedded-postgres-binaries-windows-amd64-14.15.0.jar:/home/runner/.m2/repository/io/zonky/test/postgres/embedded-postgres-binaries-darwin-amd64/14.15.0/embedded-postgres-binaries-darwin-amd64-14.15.0.jar:/home/runner/.m2/repository/io/zonky/test/postgres/embedded-postgres-binaries-linux-amd64/14.15.0/embedded-postgres-binaries-linux-amd64-14.15.0.jar:/home/runner/.m2/repository/io/zonky/test/postgres/embedded-postgres-binaries-linux-amd64-alpine/14.15.0/embedded-postgres-binaries-linux-amd64-alpine-14.15.0.jar:/home/runner/.m2/repository/org/apache/commons/commons-lang3/3.17.0/commons-lang3-3.17.0.jar:/home/runner/.m2/repository/org/tukaani/xz/1.10/xz-1.10.jar:/home/runner/.m2/repository/commons-codec/commons-codec/1.19.0/commons-codec-1.19.0.jar:/home/runner/.m2/repository/org/postgresql/postgresql/42.7.7/postgresql-42.7.7.jar:/home/runner/.m2/repository/commons-io/commons-io/2.18.0/commons-io-2.18.0.jar:/home/runner/work/apicurio-testing/apicurio-testing/clusters/ci419/namespaces/pg17/tests/integration/apicurio-registry/utils/importexport/target/apicurio-registry-utils-import-export-3.0.14-SNAPSHOT.jar:/home/runner/.m2/repository/io/vertx/vertx-core/4.5.16/vertx-core-4.5.16.jar:/home/runner/.m2/repository/io/netty/netty-common/4.1.121.Final/netty-common-4.1.121.Final.jar:/home/runner/.m2/repository/io/netty/netty-buffer/4.1.121.Final/netty-buffer-4.1.121.Final.jar:/home/runner/.m2/repository/io/netty/netty-transport/4.1.121.Final/netty-transport-4.1.121.Final.jar:/home/runner/.m2/repository/io/netty/netty-handler/4.1.121.Final/netty-handler-4.1.121.Final.jar:/home/runner/.m2/repository/io/netty/netty-transport-native-unix-common/4.1.121.Final/netty-transport-native-unix-common-4.1.121.Final.jar:/home/runner/.m2/repository/io/netty/netty-codec/4.1.121.Final/netty-codec-4.1.121.Final.jar:/home/runner/.m2/repository/io/netty/netty-handler-proxy/4.1.121.Final/netty-handler-proxy-4.1.121.Final.jar:/home/runner/.m2/repository/io/netty/netty-codec-socks/4.1.121.Final/netty-codec-socks-4.1.121.Final.jar:/home/runner/.m2/repository/io/netty/netty-codec-http/4.1.121.Final/netty-codec-http-4.1.121.Final.jar:/home/runner/.m2/repository/io/netty/netty-codec-http2/4.1.121.Final/netty-codec-http2-4.1.121.Final.jar:/home/runner/.m2/repository/io/netty/netty-resolver/4.1.121.Final/netty-resolver-4.1.121.Final.jar:/home/runner/.m2/repository/io/netty/netty-resolver-dns/4.1.121.Final/netty-resolver-dns-4.1.121.Final.jar:/home/runner/.m2/repository/io/netty/netty-codec-dns/4.1.121.Final/netty-codec-dns-4.1.121.Final.jar:/home/runner/.m2/repository/com/fasterxml/jackson/core/jackson-core/2.18.2/jackson-core-2.18.2.jar:"/>
    <property name="sun.cpu.endian" value="little"/>
    <property name="user.home" value="/home/runner"/>
    <property name="user.language" value="en"/>
    <property name="jboss.log-version" value="false"/>
    <property name="java.specification.vendor" value="Oracle Corporation"/>
    <property name="java.version.date" value="2025-07-15"/>
    <property name="java.home" value="/usr/lib/jvm/temurin-17-jdk-amd64"/>
    <property name="file.separator" value="/"/>
    <property name="basedir" value="/home/runner/work/apicurio-testing/apicurio-testing/clusters/ci419/namespaces/pg17/tests/integration/apicurio-registry/integration-tests"/>
    <property name="java.vm.compressedOopsMode" value="Zero based"/>
    <property name="line.separator" value="&#10;"/>
    <property name="java.specification.name" value="Java Platform API Specification"/>
    <property name="java.vm.specification.vendor" value="Oracle Corporation"/>
    <property name="quarkus.http.test-host" value="registry-app-pg17.apps.ci419.apicurio-testing.org"/>
    <property name="surefire.real.class.path" value="/home/runner/work/apicurio-testing/apicurio-testing/clusters/ci419/namespaces/pg17/tests/integration/apicurio-registry/integration-tests/target/surefire/surefirebooter-20250903120110042_3.jar"/>
    <property name="sun.management.compiler" value="HotSpot 64-Bit Tiered Compilers"/>
    <property name="org.eclipse.jetty.http.HttpGenerator.STRICT" value="true"/>
    <property name="java.runtime.version" value="17.0.16+8"/>
    <property name="user.name" value="runner"/>
    <property name="path.separator" value=":"/>
    <property name="os.version" value="6.11.0-1018-azure"/>
    <property name="java.runtime.name" value="OpenJDK Runtime Environment"/>
    <property name="file.encoding" value="UTF-8"/>
    <property name="jnidispatch.path" value="/home/runner/.cache/JNA/temp/jna15696908171504732210.tmp"/>
    <property name="java.vm.name" value="OpenJDK 64-Bit Server VM"/>
    <property name="jna.platform.library.path" value="/usr/lib/x86_64-linux-gnu:/lib/x86_64-linux-gnu:/usr/lib64:/lib64:/usr/lib:/lib:/lib32:/usr/local/lib:/usr/lib/x86_64-linux-gnu/libfakeroot"/>
    <property name="java.vendor.version" value="Temurin-17.0.16+8"/>
    <property name="quarkus.oidc.token-path" value="https://keycloak-pg17.apps.ci419.apicurio-testing.org/realms/registry/protocol/openid-connect/token"/>
    <property name="quarkus.http.host" value="registry-app-pg17.apps.ci419.apicurio-testing.org"/>
    <property name="localRepository" value="/home/runner/.m2/repository"/>
    <property name="javax.xml.xpath.XPathFactory:http://java.sun.com/jaxp/xpath/dom" value="com.sun.org.apache.xpath.internal.jaxp.XPathFactoryImpl"/>
    <property name="jna.loaded" value="true"/>
    <property name="java.vendor.url.bug" value="https://github.com/adoptium/adoptium-support/issues"/>
    <property name="jetty.git.hash" value="5bc5e562c8d05c5862505aebe5cf83a61bdbcb96"/>
    <property name="java.io.tmpdir" value="/tmp"/>
    <property name="quarkus.http.test-protocol" value="http"/>
    <property name="java.version" value="17.0.16"/>
    <property name="user.dir" value="/home/runner/work/apicurio-testing/apicurio-testing/clusters/ci419/namespaces/pg17/tests/integration/apicurio-registry/integration-tests"/>
    <property name="os.arch" value="amd64"/>
    <property name="groups" value="( smoke | serdes | acceptance | ui)"/>
    <property name="java.vm.specification.name" value="Java Virtual Machine Specification"/>
    <property name="native.encoding" value="UTF-8"/>
    <property name="java.util.logging.manager" value="org.jboss.logmanager.LogManager"/>
    <property name="java.library.path" value="/usr/java/packages/lib:/usr/lib64:/lib64:/lib:/usr/lib"/>
    <property name="jdk.console" value="java.base"/>
    <property name="java.vm.info" value="mixed mode, sharing"/>
    <property name="java.vendor" value="Eclipse Adoptium"/>
    <property name="java.vm.version" value="17.0.16+8"/>
    <property name="java.specification.maintenance.version" value="1"/>
    <property name="sun.io.unicode.encoding" value="UnicodeLittle"/>
    <property name="javax.xml.transform.TransformerFactory" value="com.sun.org.apache.xalan.internal.xsltc.trax.TransformerFactoryImpl"/>
    <property name="java.class.version" value="61.0"/>
  </properties>
  <testcase name="testSimpleTopicIdStrategyFindLatest" classname="io.apicurio.tests.serdes.apicurio.JsonSchemaSerdeIT" time="4.879">
    <system-out><![CDATA[**** Registry Base URL: http://registry-app-pg17.apps.ci419.apicurio-testing.org:80
**** Registry Base URL: http://registry-app-pg17.apps.ci419.apicurio-testing.org:80
2025-09-03 12:03:01,346 INFO  [io.api.tes.ser.api.JsonSchemaSerdeIT] (main) RestAssured configured with http://registry-app-pg17.apps.ci419.apicurio-testing.org:80/apis/registry/v3
2025-09-03 12:03:01,401 INFO  [io.api.tes.uti.KafkaFacade] (main) Skipping deployment of kafka, because it's already deployed
2025-09-03 12:03:01,402 INFO  [io.api.tes.uti.TestSeparator] (main) ############################################################################
2025-09-03 12:03:01,402 INFO  [io.api.tes.uti.TestSeparator] (main) io.apicurio.tests.serdes.apicurio.JsonSchemaSerdeIT.testSimpleTopicIdStrategyFindLatest-STARTED
2025-09-03 12:03:01,403 INFO  [org.apa.kaf.cli.adm.AdminClientConfig] (main) AdminClientConfig values: 
	auto.include.jmx.reporter = true
	bootstrap.controllers = []
	bootstrap.servers = [PLAINTEXT://localhost:32769]
	client.dns.lookup = use_all_dns_ips
	client.id = 
	connections.max.idle.ms = 10000
	default.api.timeout.ms = 60000
	enable.metrics.push = true
	metadata.max.age.ms = 300000
	metadata.recovery.strategy = none
	metric.reporters = []
	metrics.num.samples = 2
	metrics.recording.level = INFO
	metrics.sample.window.ms = 30000
	receive.buffer.bytes = 65536
	reconnect.backoff.max.ms = 1000
	reconnect.backoff.ms = 50
	request.timeout.ms = 5000
	retries = 2147483647
	retry.backoff.max.ms = 1000
	retry.backoff.ms = 100
	sasl.client.callback.handler.class = null
	sasl.jaas.config = null
	sasl.kerberos.kinit.cmd = /usr/bin/kinit
	sasl.kerberos.min.time.before.relogin = 60000
	sasl.kerberos.service.name = null
	sasl.kerberos.ticket.renew.jitter = 0.05
	sasl.kerberos.ticket.renew.window.factor = 0.8
	sasl.login.callback.handler.class = null
	sasl.login.class = null
	sasl.login.connect.timeout.ms = null
	sasl.login.read.timeout.ms = null
	sasl.login.refresh.buffer.seconds = 300
	sasl.login.refresh.min.period.seconds = 60
	sasl.login.refresh.window.factor = 0.8
	sasl.login.refresh.window.jitter = 0.05
	sasl.login.retry.backoff.max.ms = 10000
	sasl.login.retry.backoff.ms = 100
	sasl.mechanism = GSSAPI
	sasl.oauthbearer.clock.skew.seconds = 30
	sasl.oauthbearer.expected.audience = null
	sasl.oauthbearer.expected.issuer = null
	sasl.oauthbearer.header.urlencode = false
	sasl.oauthbearer.jwks.endpoint.refresh.ms = 3600000
	sasl.oauthbearer.jwks.endpoint.retry.backoff.max.ms = 10000
	sasl.oauthbearer.jwks.endpoint.retry.backoff.ms = 100
	sasl.oauthbearer.jwks.endpoint.url = null
	sasl.oauthbearer.scope.claim.name = scope
	sasl.oauthbearer.sub.claim.name = sub
	sasl.oauthbearer.token.endpoint.url = null
	security.protocol = PLAINTEXT
	security.providers = null
	send.buffer.bytes = 131072
	socket.connection.setup.timeout.max.ms = 30000
	socket.connection.setup.timeout.ms = 10000
	ssl.cipher.suites = null
	ssl.enabled.protocols = [TLSv1.2, TLSv1.3]
	ssl.endpoint.identification.algorithm = https
	ssl.engine.factory.class = null
	ssl.key.password = null
	ssl.keymanager.algorithm = SunX509
	ssl.keystore.certificate.chain = null
	ssl.keystore.key = null
	ssl.keystore.location = null
	ssl.keystore.password = null
	ssl.keystore.type = JKS
	ssl.protocol = TLSv1.3
	ssl.provider = null
	ssl.secure.random.implementation = null
	ssl.trustmanager.algorithm = PKIX
	ssl.truststore.certificates = null
	ssl.truststore.location = null
	ssl.truststore.password = null
	ssl.truststore.type = JKS

2025-09-03 12:03:01,404 INFO  [org.apa.kaf.com.uti.AppInfoParser] (main) Kafka version: 3.9.1
2025-09-03 12:03:01,404 INFO  [org.apa.kaf.com.uti.AppInfoParser] (main) Kafka commitId: f745dfdcee2b9851
2025-09-03 12:03:01,404 INFO  [org.apa.kaf.com.uti.AppInfoParser] (main) Kafka startTimeMs: 1756900981404
**** Registry Base URL: http://registry-app-pg17.apps.ci419.apicurio-testing.org:80
2025-09-03 12:03:02,468 INFO  [org.apa.kaf.cli.pro.ProducerConfig] (main) ProducerConfig values: 
	acks = -1
	auto.include.jmx.reporter = true
	batch.size = 16384
	bootstrap.servers = [PLAINTEXT://localhost:32769]
	buffer.memory = 33554432
	client.dns.lookup = use_all_dns_ips
	client.id = Producer-topic-87e32e66_ce8e_48cb_ac60_7cfdffad465e
	compression.gzip.level = -1
	compression.lz4.level = 9
	compression.type = none
	compression.zstd.level = 3
	connections.max.idle.ms = 10000
	delivery.timeout.ms = 120000
	enable.idempotence = true
	enable.metrics.push = true
	interceptor.classes = []
	key.serializer = class org.apache.kafka.common.serialization.StringSerializer
	linger.ms = 0
	max.block.ms = 60000
	max.in.flight.requests.per.connection = 5
	max.request.size = 1048576
	metadata.max.age.ms = 300000
	metadata.max.idle.ms = 300000
	metadata.recovery.strategy = none
	metric.reporters = []
	metrics.num.samples = 2
	metrics.recording.level = INFO
	metrics.sample.window.ms = 30000
	partitioner.adaptive.partitioning.enable = true
	partitioner.availability.timeout.ms = 0
	partitioner.class = null
	partitioner.ignore.keys = false
	receive.buffer.bytes = 32768
	reconnect.backoff.max.ms = 1000
	reconnect.backoff.ms = 50
	request.timeout.ms = 5000
	retries = 2147483647
	retry.backoff.max.ms = 1000
	retry.backoff.ms = 100
	sasl.client.callback.handler.class = null
	sasl.jaas.config = null
	sasl.kerberos.kinit.cmd = /usr/bin/kinit
	sasl.kerberos.min.time.before.relogin = 60000
	sasl.kerberos.service.name = null
	sasl.kerberos.ticket.renew.jitter = 0.05
	sasl.kerberos.ticket.renew.window.factor = 0.8
	sasl.login.callback.handler.class = null
	sasl.login.class = null
	sasl.login.connect.timeout.ms = null
	sasl.login.read.timeout.ms = null
	sasl.login.refresh.buffer.seconds = 300
	sasl.login.refresh.min.period.seconds = 60
	sasl.login.refresh.window.factor = 0.8
	sasl.login.refresh.window.jitter = 0.05
	sasl.login.retry.backoff.max.ms = 10000
	sasl.login.retry.backoff.ms = 100
	sasl.mechanism = GSSAPI
	sasl.oauthbearer.clock.skew.seconds = 30
	sasl.oauthbearer.expected.audience = null
	sasl.oauthbearer.expected.issuer = null
	sasl.oauthbearer.header.urlencode = false
	sasl.oauthbearer.jwks.endpoint.refresh.ms = 3600000
	sasl.oauthbearer.jwks.endpoint.retry.backoff.max.ms = 10000
	sasl.oauthbearer.jwks.endpoint.retry.backoff.ms = 100
	sasl.oauthbearer.jwks.endpoint.url = null
	sasl.oauthbearer.scope.claim.name = scope
	sasl.oauthbearer.sub.claim.name = sub
	sasl.oauthbearer.token.endpoint.url = null
	security.protocol = PLAINTEXT
	security.providers = null
	send.buffer.bytes = 131072
	socket.connection.setup.timeout.max.ms = 30000
	socket.connection.setup.timeout.ms = 10000
	ssl.cipher.suites = null
	ssl.enabled.protocols = [TLSv1.2, TLSv1.3]
	ssl.endpoint.identification.algorithm = https
	ssl.engine.factory.class = null
	ssl.key.password = null
	ssl.keymanager.algorithm = SunX509
	ssl.keystore.certificate.chain = null
	ssl.keystore.key = null
	ssl.keystore.location = null
	ssl.keystore.password = null
	ssl.keystore.type = JKS
	ssl.protocol = TLSv1.3
	ssl.provider = null
	ssl.secure.random.implementation = null
	ssl.trustmanager.algorithm = PKIX
	ssl.truststore.certificates = null
	ssl.truststore.location = null
	ssl.truststore.password = null
	ssl.truststore.type = JKS
	transaction.timeout.ms = 60000
	transactional.id = null
	value.serializer = class io.apicurio.registry.serde.jsonschema.JsonSchemaKafkaSerializer

2025-09-03 12:03:02,468 INFO  [org.apa.kaf.com.tel.int.KafkaMetricsCollector] (main) initializing Kafka metrics collector
2025-09-03 12:03:02,474 INFO  [org.apa.kaf.cli.pro.KafkaProducer] (main) [Producer clientId=Producer-topic-87e32e66_ce8e_48cb_ac60_7cfdffad465e] Instantiated an idempotent producer.
2025-09-03 12:03:02,475 INFO  [org.apa.kaf.cli.pro.ProducerConfig] (main) These configurations '[apicurio.registry.url, apicurio.registry.headers.enabled, apicurio.registry.artifact-resolver-strategy]' were supplied but are not used yet.
2025-09-03 12:03:02,475 INFO  [org.apa.kaf.com.uti.AppInfoParser] (main) Kafka version: 3.9.1
2025-09-03 12:03:02,475 INFO  [org.apa.kaf.com.uti.AppInfoParser] (main) Kafka commitId: f745dfdcee2b9851
2025-09-03 12:03:02,475 INFO  [org.apa.kaf.com.uti.AppInfoParser] (main) Kafka startTimeMs: 1756900982475
2025-09-03 12:03:02,475 INFO  [io.api.tes.ser.api.SimpleSerdesTesterBuilder$SimpleSerdesTester] (main) Using producer configuration: {apicurio.registry.url=http://registry-app-pg17.apps.ci419.apicurio-testing.org:80/apis/registry/v3, apicurio.registry.headers.enabled=true, apicurio.registry.artifact-resolver-strategy=io.apicurio.registry.serde.strategy.SimpleTopicIdStrategy, value.serializer=io.apicurio.registry.serde.jsonschema.JsonSchemaKafkaSerializer, request.timeout.ms=5000, acks=all, bootstrap.servers=PLAINTEXT://localhost:32769, connections.max.idle.ms=10000, key.serializer=org.apache.kafka.common.serialization.StringSerializer, client.id=Producer-topic-87e32e66_ce8e_48cb_ac60_7cfdffad465e}
2025-09-03 12:03:02,475 INFO  [io.api.tes.ser.api.SimpleSerdesTesterBuilder$SimpleSerdesTester] (main) Using consumer configuration: {apicurio.registry.headers.enabled=true}
2025-09-03 12:03:02,476 INFO  [io.api.tes.ser.api.KafkaSerdesTester] (ForkJoinPool.commonPool-worker-3) Sending message io.apicurio.tests.common.serdes.json.ValidMessage@4f92a301 to topic topic-87e32e66_ce8e_48cb_ac60_7cfdffad465e
2025-09-03 12:03:02,478 INFO  [org.apa.kaf.cli.Metadata] (kafka-producer-network-thread | Producer-topic-87e32e66_ce8e_48cb_ac60_7cfdffad465e) [Producer clientId=Producer-topic-87e32e66_ce8e_48cb_ac60_7cfdffad465e] Cluster ID: nUkOlczAQ6Czl-nFnffp0w
2025-09-03 12:03:02,478 INFO  [org.apa.kaf.cli.pro.int.TransactionManager] (kafka-producer-network-thread | Producer-topic-87e32e66_ce8e_48cb_ac60_7cfdffad465e) [Producer clientId=Producer-topic-87e32e66_ce8e_48cb_ac60_7cfdffad465e] ProducerId set to 26 with epoch 0
2025-09-03 12:03:02,643 INFO  [io.api.tes.ser.api.KafkaSerdesTester] (ForkJoinPool.commonPool-worker-3) Sending message io.apicurio.tests.common.serdes.json.ValidMessage@257676bd to topic topic-87e32e66_ce8e_48cb_ac60_7cfdffad465e
2025-09-03 12:03:02,644 INFO  [io.api.tes.ser.api.KafkaSerdesTester] (ForkJoinPool.commonPool-worker-3) Sending message io.apicurio.tests.common.serdes.json.ValidMessage@2bca8c52 to topic topic-87e32e66_ce8e_48cb_ac60_7cfdffad465e
2025-09-03 12:03:02,645 INFO  [io.api.tes.ser.api.KafkaSerdesTester] (ForkJoinPool.commonPool-worker-3) Sending message io.apicurio.tests.common.serdes.json.ValidMessage@13268c44 to topic topic-87e32e66_ce8e_48cb_ac60_7cfdffad465e
2025-09-03 12:03:02,646 INFO  [io.api.tes.ser.api.KafkaSerdesTester] (ForkJoinPool.commonPool-worker-3) Sending message io.apicurio.tests.common.serdes.json.ValidMessage@4759dcea to topic topic-87e32e66_ce8e_48cb_ac60_7cfdffad465e
2025-09-03 12:03:02,647 INFO  [io.api.tes.ser.api.KafkaSerdesTester] (ForkJoinPool.commonPool-worker-3) Sending message io.apicurio.tests.common.serdes.json.ValidMessage@7b5cc3ae to topic topic-87e32e66_ce8e_48cb_ac60_7cfdffad465e
2025-09-03 12:03:02,648 INFO  [io.api.tes.ser.api.KafkaSerdesTester] (ForkJoinPool.commonPool-worker-3) Sending message io.apicurio.tests.common.serdes.json.ValidMessage@39d3cc4d to topic topic-87e32e66_ce8e_48cb_ac60_7cfdffad465e
2025-09-03 12:03:02,650 INFO  [io.api.tes.ser.api.KafkaSerdesTester] (ForkJoinPool.commonPool-worker-3) Sending message io.apicurio.tests.common.serdes.json.ValidMessage@113bb9a to topic topic-87e32e66_ce8e_48cb_ac60_7cfdffad465e
2025-09-03 12:03:02,651 INFO  [io.api.tes.ser.api.KafkaSerdesTester] (ForkJoinPool.commonPool-worker-3) Sending message io.apicurio.tests.common.serdes.json.ValidMessage@31b7c962 to topic topic-87e32e66_ce8e_48cb_ac60_7cfdffad465e
2025-09-03 12:03:02,652 INFO  [io.api.tes.ser.api.KafkaSerdesTester] (ForkJoinPool.commonPool-worker-3) Sending message io.apicurio.tests.common.serdes.json.ValidMessage@4b9d44e8 to topic topic-87e32e66_ce8e_48cb_ac60_7cfdffad465e
2025-09-03 12:03:02,653 INFO  [io.api.tes.ser.api.KafkaSerdesTester] (ForkJoinPool.commonPool-worker-3) Produced 10 messages
2025-09-03 12:03:02,653 INFO  [org.apa.kaf.cli.pro.KafkaProducer] (ForkJoinPool.commonPool-worker-3) [Producer clientId=Producer-topic-87e32e66_ce8e_48cb_ac60_7cfdffad465e] Closing the Kafka producer with timeoutMillis = 9223372036854775807 ms.
2025-09-03 12:03:02,655 INFO  [org.apa.kaf.com.met.Metrics] (ForkJoinPool.commonPool-worker-3) Metrics scheduler closed
2025-09-03 12:03:02,655 INFO  [org.apa.kaf.com.met.Metrics] (ForkJoinPool.commonPool-worker-3) Closing reporter org.apache.kafka.common.metrics.JmxReporter
2025-09-03 12:03:02,655 INFO  [org.apa.kaf.com.met.Metrics] (ForkJoinPool.commonPool-worker-3) Closing reporter org.apache.kafka.common.telemetry.internals.ClientTelemetryReporter
2025-09-03 12:03:02,655 INFO  [org.apa.kaf.com.met.Metrics] (ForkJoinPool.commonPool-worker-3) Metrics reporters closed
2025-09-03 12:03:02,655 INFO  [org.apa.kaf.com.uti.AppInfoParser] (ForkJoinPool.commonPool-worker-3) App info kafka.producer for Producer-topic-87e32e66_ce8e_48cb_ac60_7cfdffad465e unregistered
**** Registry Base URL: http://registry-app-pg17.apps.ci419.apicurio-testing.org:80
2025-09-03 12:03:02,657 INFO  [org.apa.kaf.cli.con.ConsumerConfig] (main) ConsumerConfig values: 
	allow.auto.create.topics = true
	auto.commit.interval.ms = 500
	auto.include.jmx.reporter = true
	auto.offset.reset = earliest
	bootstrap.servers = [PLAINTEXT://localhost:32769]
	check.crcs = true
	client.dns.lookup = use_all_dns_ips
	client.id = consumer-Consumer-topic-87e32e66_ce8e_48cb_ac60_7cfdffad465e-19
	client.rack = 
	connections.max.idle.ms = 10000
	default.api.timeout.ms = 60000
	enable.auto.commit = true
	enable.metrics.push = true
	exclude.internal.topics = true
	fetch.max.bytes = 52428800
	fetch.max.wait.ms = 500
	fetch.min.bytes = 1
	group.id = Consumer-topic-87e32e66_ce8e_48cb_ac60_7cfdffad465e
	group.instance.id = null
	group.protocol = classic
	group.remote.assignor = null
	heartbeat.interval.ms = 3000
	interceptor.classes = []
	internal.leave.group.on.close = true
	internal.throw.on.fetch.stable.offset.unsupported = false
	isolation.level = read_uncommitted
	key.deserializer = class org.apache.kafka.common.serialization.StringDeserializer
	max.partition.fetch.bytes = 1048576
	max.poll.interval.ms = 300000
	max.poll.records = 500
	metadata.max.age.ms = 300000
	metadata.recovery.strategy = none
	metric.reporters = []
	metrics.num.samples = 2
	metrics.recording.level = INFO
	metrics.sample.window.ms = 30000
	partition.assignment.strategy = [class org.apache.kafka.clients.consumer.RangeAssignor, class org.apache.kafka.clients.consumer.CooperativeStickyAssignor]
	receive.buffer.bytes = 65536
	reconnect.backoff.max.ms = 1000
	reconnect.backoff.ms = 50
	request.timeout.ms = 5000
	retry.backoff.max.ms = 1000
	retry.backoff.ms = 100
	sasl.client.callback.handler.class = null
	sasl.jaas.config = null
	sasl.kerberos.kinit.cmd = /usr/bin/kinit
	sasl.kerberos.min.time.before.relogin = 60000
	sasl.kerberos.service.name = null
	sasl.kerberos.ticket.renew.jitter = 0.05
	sasl.kerberos.ticket.renew.window.factor = 0.8
	sasl.login.callback.handler.class = null
	sasl.login.class = null
	sasl.login.connect.timeout.ms = null
	sasl.login.read.timeout.ms = null
	sasl.login.refresh.buffer.seconds = 300
	sasl.login.refresh.min.period.seconds = 60
	sasl.login.refresh.window.factor = 0.8
	sasl.login.refresh.window.jitter = 0.05
	sasl.login.retry.backoff.max.ms = 10000
	sasl.login.retry.backoff.ms = 100
	sasl.mechanism = GSSAPI
	sasl.oauthbearer.clock.skew.seconds = 30
	sasl.oauthbearer.expected.audience = null
	sasl.oauthbearer.expected.issuer = null
	sasl.oauthbearer.header.urlencode = false
	sasl.oauthbearer.jwks.endpoint.refresh.ms = 3600000
	sasl.oauthbearer.jwks.endpoint.retry.backoff.max.ms = 10000
	sasl.oauthbearer.jwks.endpoint.retry.backoff.ms = 100
	sasl.oauthbearer.jwks.endpoint.url = null
	sasl.oauthbearer.scope.claim.name = scope
	sasl.oauthbearer.sub.claim.name = sub
	sasl.oauthbearer.token.endpoint.url = null
	security.protocol = PLAINTEXT
	security.providers = null
	send.buffer.bytes = 131072
	session.timeout.ms = 45000
	socket.connection.setup.timeout.max.ms = 30000
	socket.connection.setup.timeout.ms = 10000
	ssl.cipher.suites = null
	ssl.enabled.protocols = [TLSv1.2, TLSv1.3]
	ssl.endpoint.identification.algorithm = https
	ssl.engine.factory.class = null
	ssl.key.password = null
	ssl.keymanager.algorithm = SunX509
	ssl.keystore.certificate.chain = null
	ssl.keystore.key = null
	ssl.keystore.location = null
	ssl.keystore.password = null
	ssl.keystore.type = JKS
	ssl.protocol = TLSv1.3
	ssl.provider = null
	ssl.secure.random.implementation = null
	ssl.trustmanager.algorithm = PKIX
	ssl.truststore.certificates = null
	ssl.truststore.location = null
	ssl.truststore.password = null
	ssl.truststore.type = JKS
	value.deserializer = class io.apicurio.registry.serde.jsonschema.JsonSchemaKafkaDeserializer

2025-09-03 12:03:02,657 INFO  [org.apa.kaf.com.tel.int.KafkaMetricsCollector] (main) initializing Kafka metrics collector
2025-09-03 12:03:02,663 INFO  [org.apa.kaf.cli.con.ConsumerConfig] (main) These configurations '[apicurio.registry.url, apicurio.registry.headers.enabled]' were supplied but are not used yet.
2025-09-03 12:03:02,663 INFO  [org.apa.kaf.com.uti.AppInfoParser] (main) Kafka version: 3.9.1
2025-09-03 12:03:02,663 INFO  [org.apa.kaf.com.uti.AppInfoParser] (main) Kafka commitId: f745dfdcee2b9851
2025-09-03 12:03:02,663 INFO  [org.apa.kaf.com.uti.AppInfoParser] (main) Kafka startTimeMs: 1756900982663
2025-09-03 12:03:02,663 INFO  [org.apa.kaf.cli.con.int.ClassicKafkaConsumer] (ForkJoinPool.commonPool-worker-3) [Consumer clientId=consumer-Consumer-topic-87e32e66_ce8e_48cb_ac60_7cfdffad465e-19, groupId=Consumer-topic-87e32e66_ce8e_48cb_ac60_7cfdffad465e] Subscribed to topic(s): topic-87e32e66_ce8e_48cb_ac60_7cfdffad465e
2025-09-03 12:03:02,667 INFO  [org.apa.kaf.cli.Metadata] (ForkJoinPool.commonPool-worker-3) [Consumer clientId=consumer-Consumer-topic-87e32e66_ce8e_48cb_ac60_7cfdffad465e-19, groupId=Consumer-topic-87e32e66_ce8e_48cb_ac60_7cfdffad465e] Cluster ID: nUkOlczAQ6Czl-nFnffp0w
2025-09-03 12:03:02,667 INFO  [org.apa.kaf.cli.con.int.ConsumerCoordinator] (ForkJoinPool.commonPool-worker-3) [Consumer clientId=consumer-Consumer-topic-87e32e66_ce8e_48cb_ac60_7cfdffad465e-19, groupId=Consumer-topic-87e32e66_ce8e_48cb_ac60_7cfdffad465e] Discovered group coordinator localhost:32769 (id: 2147483647 rack: null)
2025-09-03 12:03:02,668 INFO  [org.apa.kaf.cli.con.int.ConsumerCoordinator] (ForkJoinPool.commonPool-worker-3) [Consumer clientId=consumer-Consumer-topic-87e32e66_ce8e_48cb_ac60_7cfdffad465e-19, groupId=Consumer-topic-87e32e66_ce8e_48cb_ac60_7cfdffad465e] (Re-)joining group
2025-09-03 12:03:02,670 INFO  [org.apa.kaf.cli.con.int.ConsumerCoordinator] (ForkJoinPool.commonPool-worker-3) [Consumer clientId=consumer-Consumer-topic-87e32e66_ce8e_48cb_ac60_7cfdffad465e-19, groupId=Consumer-topic-87e32e66_ce8e_48cb_ac60_7cfdffad465e] Request joining group due to: need to re-join with the given member-id: consumer-Consumer-topic-87e32e66_ce8e_48cb_ac60_7cfdffad465e-19-a5008a79-370c-4448-b334-c05bad1fe5fb
2025-09-03 12:03:02,670 INFO  [org.apa.kaf.cli.con.int.ConsumerCoordinator] (ForkJoinPool.commonPool-worker-3) [Consumer clientId=consumer-Consumer-topic-87e32e66_ce8e_48cb_ac60_7cfdffad465e-19, groupId=Consumer-topic-87e32e66_ce8e_48cb_ac60_7cfdffad465e] (Re-)joining group
2025-09-03 12:03:03,664 INFO  [io.api.tes.ser.api.KafkaSerdesTester] (ForkJoinPool.commonPool-worker-3) None found
2025-09-03 12:03:04,665 INFO  [io.api.tes.ser.api.KafkaSerdesTester] (ForkJoinPool.commonPool-worker-3) None found
2025-09-03 12:03:05,665 INFO  [io.api.tes.ser.api.KafkaSerdesTester] (ForkJoinPool.commonPool-worker-3) None found
2025-09-03 12:03:05,671 INFO  [org.apa.kaf.cli.con.int.ConsumerCoordinator] (ForkJoinPool.commonPool-worker-3) [Consumer clientId=consumer-Consumer-topic-87e32e66_ce8e_48cb_ac60_7cfdffad465e-19, groupId=Consumer-topic-87e32e66_ce8e_48cb_ac60_7cfdffad465e] Successfully joined group with generation Generation{generationId=1, memberId='consumer-Consumer-topic-87e32e66_ce8e_48cb_ac60_7cfdffad465e-19-a5008a79-370c-4448-b334-c05bad1fe5fb', protocol='range'}
2025-09-03 12:03:05,672 INFO  [org.apa.kaf.cli.con.int.ConsumerCoordinator] (ForkJoinPool.commonPool-worker-3) [Consumer clientId=consumer-Consumer-topic-87e32e66_ce8e_48cb_ac60_7cfdffad465e-19, groupId=Consumer-topic-87e32e66_ce8e_48cb_ac60_7cfdffad465e] Finished assignment for group at generation 1: {consumer-Consumer-topic-87e32e66_ce8e_48cb_ac60_7cfdffad465e-19-a5008a79-370c-4448-b334-c05bad1fe5fb=Assignment(partitions=[topic-87e32e66_ce8e_48cb_ac60_7cfdffad465e-0])}
2025-09-03 12:03:05,678 INFO  [org.apa.kaf.cli.con.int.ConsumerCoordinator] (ForkJoinPool.commonPool-worker-3) [Consumer clientId=consumer-Consumer-topic-87e32e66_ce8e_48cb_ac60_7cfdffad465e-19, groupId=Consumer-topic-87e32e66_ce8e_48cb_ac60_7cfdffad465e] Successfully synced group in generation Generation{generationId=1, memberId='consumer-Consumer-topic-87e32e66_ce8e_48cb_ac60_7cfdffad465e-19-a5008a79-370c-4448-b334-c05bad1fe5fb', protocol='range'}
2025-09-03 12:03:05,678 INFO  [org.apa.kaf.cli.con.int.ConsumerCoordinator] (ForkJoinPool.commonPool-worker-3) [Consumer clientId=consumer-Consumer-topic-87e32e66_ce8e_48cb_ac60_7cfdffad465e-19, groupId=Consumer-topic-87e32e66_ce8e_48cb_ac60_7cfdffad465e] Notifying assignor about the new Assignment(partitions=[topic-87e32e66_ce8e_48cb_ac60_7cfdffad465e-0])
2025-09-03 12:03:05,678 INFO  [org.apa.kaf.cli.con.int.ConsumerRebalanceListenerInvoker] (ForkJoinPool.commonPool-worker-3) [Consumer clientId=consumer-Consumer-topic-87e32e66_ce8e_48cb_ac60_7cfdffad465e-19, groupId=Consumer-topic-87e32e66_ce8e_48cb_ac60_7cfdffad465e] Adding newly assigned partitions: topic-87e32e66_ce8e_48cb_ac60_7cfdffad465e-0
2025-09-03 12:03:05,679 INFO  [org.apa.kaf.cli.con.int.ConsumerCoordinator] (ForkJoinPool.commonPool-worker-3) [Consumer clientId=consumer-Consumer-topic-87e32e66_ce8e_48cb_ac60_7cfdffad465e-19, groupId=Consumer-topic-87e32e66_ce8e_48cb_ac60_7cfdffad465e] Found no committed offset for partition topic-87e32e66_ce8e_48cb_ac60_7cfdffad465e-0
2025-09-03 12:03:05,682 INFO  [org.apa.kaf.cli.con.int.SubscriptionState] (ForkJoinPool.commonPool-worker-3) [Consumer clientId=consumer-Consumer-topic-87e32e66_ce8e_48cb_ac60_7cfdffad465e-19, groupId=Consumer-topic-87e32e66_ce8e_48cb_ac60_7cfdffad465e] Resetting offset for partition topic-87e32e66_ce8e_48cb_ac60_7cfdffad465e-0 to position FetchPosition{offset=0, offsetEpoch=Optional.empty, currentLeader=LeaderAndEpoch{leader=Optional[localhost:32769 (id: 0 rack: null)], epoch=0}}.
2025-09-03 12:03:05,775 INFO  [io.api.tes.ser.api.KafkaSerdesTester] (ForkJoinPool.commonPool-worker-3) topic-87e32e66_ce8e_48cb_ac60_7cfdffad465e 0 0 io.apicurio.tests.common.serdes.json.ValidMessage@27721f21
2025-09-03 12:03:05,775 INFO  [io.api.tes.ser.api.KafkaSerdesTester] (ForkJoinPool.commonPool-worker-3) topic-87e32e66_ce8e_48cb_ac60_7cfdffad465e 0 1 io.apicurio.tests.common.serdes.json.ValidMessage@14f429ad
2025-09-03 12:03:05,775 INFO  [io.api.tes.ser.api.KafkaSerdesTester] (ForkJoinPool.commonPool-worker-3) topic-87e32e66_ce8e_48cb_ac60_7cfdffad465e 0 2 io.apicurio.tests.common.serdes.json.ValidMessage@44c083f8
2025-09-03 12:03:05,775 INFO  [io.api.tes.ser.api.KafkaSerdesTester] (ForkJoinPool.commonPool-worker-3) topic-87e32e66_ce8e_48cb_ac60_7cfdffad465e 0 3 io.apicurio.tests.common.serdes.json.ValidMessage@54991be3
2025-09-03 12:03:05,776 INFO  [io.api.tes.ser.api.KafkaSerdesTester] (ForkJoinPool.commonPool-worker-3) topic-87e32e66_ce8e_48cb_ac60_7cfdffad465e 0 4 io.apicurio.tests.common.serdes.json.ValidMessage@63a58d46
2025-09-03 12:03:05,776 INFO  [io.api.tes.ser.api.KafkaSerdesTester] (ForkJoinPool.commonPool-worker-3) topic-87e32e66_ce8e_48cb_ac60_7cfdffad465e 0 5 io.apicurio.tests.common.serdes.json.ValidMessage@56a969de
2025-09-03 12:03:05,776 INFO  [io.api.tes.ser.api.KafkaSerdesTester] (ForkJoinPool.commonPool-worker-3) topic-87e32e66_ce8e_48cb_ac60_7cfdffad465e 0 6 io.apicurio.tests.common.serdes.json.ValidMessage@1636ffb0
2025-09-03 12:03:05,776 INFO  [io.api.tes.ser.api.KafkaSerdesTester] (ForkJoinPool.commonPool-worker-3) topic-87e32e66_ce8e_48cb_ac60_7cfdffad465e 0 7 io.apicurio.tests.common.serdes.json.ValidMessage@aecb896
2025-09-03 12:03:05,776 INFO  [io.api.tes.ser.api.KafkaSerdesTester] (ForkJoinPool.commonPool-worker-3) topic-87e32e66_ce8e_48cb_ac60_7cfdffad465e 0 8 io.apicurio.tests.common.serdes.json.ValidMessage@45ecdb30
2025-09-03 12:03:05,776 INFO  [io.api.tes.ser.api.KafkaSerdesTester] (ForkJoinPool.commonPool-worker-3) topic-87e32e66_ce8e_48cb_ac60_7cfdffad465e 0 9 io.apicurio.tests.common.serdes.json.ValidMessage@5816adca
2025-09-03 12:03:05,776 INFO  [io.api.tes.ser.api.KafkaSerdesTester] (ForkJoinPool.commonPool-worker-3) Consumed 10 messages
2025-09-03 12:03:05,783 INFO  [org.apa.kaf.cli.con.int.ConsumerRebalanceListenerInvoker] (ForkJoinPool.commonPool-worker-3) [Consumer clientId=consumer-Consumer-topic-87e32e66_ce8e_48cb_ac60_7cfdffad465e-19, groupId=Consumer-topic-87e32e66_ce8e_48cb_ac60_7cfdffad465e] Revoke previously assigned partitions topic-87e32e66_ce8e_48cb_ac60_7cfdffad465e-0
2025-09-03 12:03:05,783 INFO  [org.apa.kaf.cli.con.int.ConsumerCoordinator] (ForkJoinPool.commonPool-worker-3) [Consumer clientId=consumer-Consumer-topic-87e32e66_ce8e_48cb_ac60_7cfdffad465e-19, groupId=Consumer-topic-87e32e66_ce8e_48cb_ac60_7cfdffad465e] Member consumer-Consumer-topic-87e32e66_ce8e_48cb_ac60_7cfdffad465e-19-a5008a79-370c-4448-b334-c05bad1fe5fb sending LeaveGroup request to coordinator localhost:32769 (id: 2147483647 rack: null) due to the consumer is being closed
2025-09-03 12:03:05,783 INFO  [org.apa.kaf.cli.con.int.ConsumerCoordinator] (ForkJoinPool.commonPool-worker-3) [Consumer clientId=consumer-Consumer-topic-87e32e66_ce8e_48cb_ac60_7cfdffad465e-19, groupId=Consumer-topic-87e32e66_ce8e_48cb_ac60_7cfdffad465e] Resetting generation and member id due to: consumer pro-actively leaving the group
2025-09-03 12:03:05,783 INFO  [org.apa.kaf.cli.con.int.ConsumerCoordinator] (ForkJoinPool.commonPool-worker-3) [Consumer clientId=consumer-Consumer-topic-87e32e66_ce8e_48cb_ac60_7cfdffad465e-19, groupId=Consumer-topic-87e32e66_ce8e_48cb_ac60_7cfdffad465e] Request joining group due to: consumer pro-actively leaving the group
2025-09-03 12:03:06,278 INFO  [org.apa.kaf.com.met.Metrics] (ForkJoinPool.commonPool-worker-3) Metrics scheduler closed
2025-09-03 12:03:06,278 INFO  [org.apa.kaf.com.met.Metrics] (ForkJoinPool.commonPool-worker-3) Closing reporter org.apache.kafka.common.metrics.JmxReporter
2025-09-03 12:03:06,278 INFO  [org.apa.kaf.com.met.Metrics] (ForkJoinPool.commonPool-worker-3) Closing reporter org.apache.kafka.common.telemetry.internals.ClientTelemetryReporter
2025-09-03 12:03:06,278 INFO  [org.apa.kaf.com.met.Metrics] (ForkJoinPool.commonPool-worker-3) Metrics reporters closed
2025-09-03 12:03:06,279 INFO  [org.apa.kaf.com.uti.AppInfoParser] (ForkJoinPool.commonPool-worker-3) App info kafka.consumer for consumer-Consumer-topic-87e32e66_ce8e_48cb_ac60_7cfdffad465e-19 unregistered
2025-09-03 12:03:06,279 INFO  [io.api.tes.uti.TestSeparator] (main) io.apicurio.tests.serdes.apicurio.JsonSchemaSerdeIT.testSimpleTopicIdStrategyFindLatest-FINISHED
2025-09-03 12:03:06,279 INFO  [io.api.tes.uti.TestSeparator] (main) ############################################################################
Test passed: testSimpleTopicIdStrategyFindLatest
]]></system-out>
  </testcase>
  <testcase name="testDefaultFallback" classname="io.apicurio.tests.serdes.apicurio.JsonSchemaSerdeIT" time="4.723">
    <system-out><![CDATA[2025-09-03 12:03:06,281 INFO  [io.api.tes.uti.TestSeparator] (main) ############################################################################
2025-09-03 12:03:06,281 INFO  [io.api.tes.uti.TestSeparator] (main) io.apicurio.tests.serdes.apicurio.JsonSchemaSerdeIT.testDefaultFallback-STARTED
**** Registry Base URL: http://registry-app-pg17.apps.ci419.apicurio-testing.org:80
2025-09-03 12:03:07,342 INFO  [org.apa.kaf.cli.pro.ProducerConfig] (main) ProducerConfig values: 
	acks = -1
	auto.include.jmx.reporter = true
	batch.size = 16384
	bootstrap.servers = [PLAINTEXT://localhost:32769]
	buffer.memory = 33554432
	client.dns.lookup = use_all_dns_ips
	client.id = Producer-topic-56cb98b6_f6a7_48b3_80c0_57a2897072b4
	compression.gzip.level = -1
	compression.lz4.level = 9
	compression.type = none
	compression.zstd.level = 3
	connections.max.idle.ms = 10000
	delivery.timeout.ms = 120000
	enable.idempotence = true
	enable.metrics.push = true
	interceptor.classes = []
	key.serializer = class org.apache.kafka.common.serialization.StringSerializer
	linger.ms = 0
	max.block.ms = 60000
	max.in.flight.requests.per.connection = 5
	max.request.size = 1048576
	metadata.max.age.ms = 300000
	metadata.max.idle.ms = 300000
	metadata.recovery.strategy = none
	metric.reporters = []
	metrics.num.samples = 2
	metrics.recording.level = INFO
	metrics.sample.window.ms = 30000
	partitioner.adaptive.partitioning.enable = true
	partitioner.availability.timeout.ms = 0
	partitioner.class = null
	partitioner.ignore.keys = false
	receive.buffer.bytes = 32768
	reconnect.backoff.max.ms = 1000
	reconnect.backoff.ms = 50
	request.timeout.ms = 5000
	retries = 2147483647
	retry.backoff.max.ms = 1000
	retry.backoff.ms = 100
	sasl.client.callback.handler.class = null
	sasl.jaas.config = null
	sasl.kerberos.kinit.cmd = /usr/bin/kinit
	sasl.kerberos.min.time.before.relogin = 60000
	sasl.kerberos.service.name = null
	sasl.kerberos.ticket.renew.jitter = 0.05
	sasl.kerberos.ticket.renew.window.factor = 0.8
	sasl.login.callback.handler.class = null
	sasl.login.class = null
	sasl.login.connect.timeout.ms = null
	sasl.login.read.timeout.ms = null
	sasl.login.refresh.buffer.seconds = 300
	sasl.login.refresh.min.period.seconds = 60
	sasl.login.refresh.window.factor = 0.8
	sasl.login.refresh.window.jitter = 0.05
	sasl.login.retry.backoff.max.ms = 10000
	sasl.login.retry.backoff.ms = 100
	sasl.mechanism = GSSAPI
	sasl.oauthbearer.clock.skew.seconds = 30
	sasl.oauthbearer.expected.audience = null
	sasl.oauthbearer.expected.issuer = null
	sasl.oauthbearer.header.urlencode = false
	sasl.oauthbearer.jwks.endpoint.refresh.ms = 3600000
	sasl.oauthbearer.jwks.endpoint.retry.backoff.max.ms = 10000
	sasl.oauthbearer.jwks.endpoint.retry.backoff.ms = 100
	sasl.oauthbearer.jwks.endpoint.url = null
	sasl.oauthbearer.scope.claim.name = scope
	sasl.oauthbearer.sub.claim.name = sub
	sasl.oauthbearer.token.endpoint.url = null
	security.protocol = PLAINTEXT
	security.providers = null
	send.buffer.bytes = 131072
	socket.connection.setup.timeout.max.ms = 30000
	socket.connection.setup.timeout.ms = 10000
	ssl.cipher.suites = null
	ssl.enabled.protocols = [TLSv1.2, TLSv1.3]
	ssl.endpoint.identification.algorithm = https
	ssl.engine.factory.class = null
	ssl.key.password = null
	ssl.keymanager.algorithm = SunX509
	ssl.keystore.certificate.chain = null
	ssl.keystore.key = null
	ssl.keystore.location = null
	ssl.keystore.password = null
	ssl.keystore.type = JKS
	ssl.protocol = TLSv1.3
	ssl.provider = null
	ssl.secure.random.implementation = null
	ssl.trustmanager.algorithm = PKIX
	ssl.truststore.certificates = null
	ssl.truststore.location = null
	ssl.truststore.password = null
	ssl.truststore.type = JKS
	transaction.timeout.ms = 60000
	transactional.id = null
	value.serializer = class org.apache.kafka.connect.json.JsonSerializer

2025-09-03 12:03:07,342 INFO  [org.apa.kaf.com.tel.int.KafkaMetricsCollector] (main) initializing Kafka metrics collector
2025-09-03 12:03:07,343 INFO  [org.apa.kaf.cli.pro.KafkaProducer] (main) [Producer clientId=Producer-topic-56cb98b6_f6a7_48b3_80c0_57a2897072b4] Instantiated an idempotent producer.
2025-09-03 12:03:07,344 INFO  [org.apa.kaf.cli.pro.ProducerConfig] (main) These configurations '[apicurio.registry.url, apicurio.registry.artifact-resolver-strategy]' were supplied but are not used yet.
2025-09-03 12:03:07,344 INFO  [org.apa.kaf.com.uti.AppInfoParser] (main) Kafka version: 3.9.1
2025-09-03 12:03:07,344 INFO  [org.apa.kaf.com.uti.AppInfoParser] (main) Kafka commitId: f745dfdcee2b9851
2025-09-03 12:03:07,344 INFO  [org.apa.kaf.com.uti.AppInfoParser] (main) Kafka startTimeMs: 1756900987344
2025-09-03 12:03:07,344 INFO  [io.api.tes.ser.api.SimpleSerdesTesterBuilder$SimpleSerdesTester] (main) Using producer configuration: {apicurio.registry.url=http://registry-app-pg17.apps.ci419.apicurio-testing.org:80/apis/registry/v3, apicurio.registry.artifact-resolver-strategy=io.apicurio.registry.serde.strategy.SimpleTopicIdStrategy, value.serializer=org.apache.kafka.connect.json.JsonSerializer, request.timeout.ms=5000, acks=all, bootstrap.servers=PLAINTEXT://localhost:32769, connections.max.idle.ms=10000, key.serializer=org.apache.kafka.common.serialization.StringSerializer, client.id=Producer-topic-56cb98b6_f6a7_48b3_80c0_57a2897072b4}
2025-09-03 12:03:07,344 INFO  [io.api.tes.ser.api.SimpleSerdesTesterBuilder$SimpleSerdesTester] (main) Using consumer configuration: {apicurio.registry.deserializer.value.return-class=io.apicurio.tests.common.serdes.json.ValidMessage, apicurio.registry.fallback.group-id=s7ef91e20x80acx46ccx9c3dx2a1e61776593, apicurio.registry.fallback.artifact-id=s353efe1bx4587x4843x8dd2xad4c01a9bc5f}
2025-09-03 12:03:07,346 INFO  [io.api.tes.ser.api.KafkaSerdesTester] (ForkJoinPool.commonPool-worker-3) Sending message {"message":"Hello 0","time":1756900987344} to topic topic-56cb98b6_f6a7_48b3_80c0_57a2897072b4
2025-09-03 12:03:07,348 INFO  [org.apa.kaf.cli.Metadata] (kafka-producer-network-thread | Producer-topic-56cb98b6_f6a7_48b3_80c0_57a2897072b4) [Producer clientId=Producer-topic-56cb98b6_f6a7_48b3_80c0_57a2897072b4] Cluster ID: nUkOlczAQ6Czl-nFnffp0w
2025-09-03 12:03:07,348 INFO  [org.apa.kaf.cli.pro.int.TransactionManager] (kafka-producer-network-thread | Producer-topic-56cb98b6_f6a7_48b3_80c0_57a2897072b4) [Producer clientId=Producer-topic-56cb98b6_f6a7_48b3_80c0_57a2897072b4] ProducerId set to 27 with epoch 0
2025-09-03 12:03:07,353 INFO  [io.api.tes.ser.api.KafkaSerdesTester] (ForkJoinPool.commonPool-worker-3) Sending message {"message":"Hello 1","time":1756900987352} to topic topic-56cb98b6_f6a7_48b3_80c0_57a2897072b4
2025-09-03 12:03:07,355 INFO  [io.api.tes.ser.api.KafkaSerdesTester] (ForkJoinPool.commonPool-worker-3) Sending message {"message":"Hello 2","time":1756900987354} to topic topic-56cb98b6_f6a7_48b3_80c0_57a2897072b4
2025-09-03 12:03:07,357 INFO  [io.api.tes.ser.api.KafkaSerdesTester] (ForkJoinPool.commonPool-worker-3) Sending message {"message":"Hello 3","time":1756900987356} to topic topic-56cb98b6_f6a7_48b3_80c0_57a2897072b4
2025-09-03 12:03:07,358 INFO  [io.api.tes.ser.api.KafkaSerdesTester] (ForkJoinPool.commonPool-worker-3) Sending message {"message":"Hello 4","time":1756900987358} to topic topic-56cb98b6_f6a7_48b3_80c0_57a2897072b4
2025-09-03 12:03:07,360 INFO  [io.api.tes.ser.api.KafkaSerdesTester] (ForkJoinPool.commonPool-worker-3) Sending message {"message":"Hello 5","time":1756900987359} to topic topic-56cb98b6_f6a7_48b3_80c0_57a2897072b4
2025-09-03 12:03:07,362 INFO  [io.api.tes.ser.api.KafkaSerdesTester] (ForkJoinPool.commonPool-worker-3) Sending message {"message":"Hello 6","time":1756900987362} to topic topic-56cb98b6_f6a7_48b3_80c0_57a2897072b4
2025-09-03 12:03:07,364 INFO  [io.api.tes.ser.api.KafkaSerdesTester] (ForkJoinPool.commonPool-worker-3) Sending message {"message":"Hello 7","time":1756900987363} to topic topic-56cb98b6_f6a7_48b3_80c0_57a2897072b4
2025-09-03 12:03:07,365 INFO  [io.api.tes.ser.api.KafkaSerdesTester] (ForkJoinPool.commonPool-worker-3) Sending message {"message":"Hello 8","time":1756900987365} to topic topic-56cb98b6_f6a7_48b3_80c0_57a2897072b4
2025-09-03 12:03:07,367 INFO  [io.api.tes.ser.api.KafkaSerdesTester] (ForkJoinPool.commonPool-worker-3) Sending message {"message":"Hello 9","time":1756900987367} to topic topic-56cb98b6_f6a7_48b3_80c0_57a2897072b4
2025-09-03 12:03:07,368 INFO  [io.api.tes.ser.api.KafkaSerdesTester] (ForkJoinPool.commonPool-worker-3) Produced 10 messages
2025-09-03 12:03:07,368 INFO  [org.apa.kaf.cli.pro.KafkaProducer] (ForkJoinPool.commonPool-worker-3) [Producer clientId=Producer-topic-56cb98b6_f6a7_48b3_80c0_57a2897072b4] Closing the Kafka producer with timeoutMillis = 9223372036854775807 ms.
2025-09-03 12:03:07,370 INFO  [org.apa.kaf.com.met.Metrics] (ForkJoinPool.commonPool-worker-3) Metrics scheduler closed
2025-09-03 12:03:07,370 INFO  [org.apa.kaf.com.met.Metrics] (ForkJoinPool.commonPool-worker-3) Closing reporter org.apache.kafka.common.metrics.JmxReporter
2025-09-03 12:03:07,370 INFO  [org.apa.kaf.com.met.Metrics] (ForkJoinPool.commonPool-worker-3) Closing reporter org.apache.kafka.common.telemetry.internals.ClientTelemetryReporter
2025-09-03 12:03:07,370 INFO  [org.apa.kaf.com.met.Metrics] (ForkJoinPool.commonPool-worker-3) Metrics reporters closed
2025-09-03 12:03:07,370 INFO  [org.apa.kaf.com.uti.AppInfoParser] (ForkJoinPool.commonPool-worker-3) App info kafka.producer for Producer-topic-56cb98b6_f6a7_48b3_80c0_57a2897072b4 unregistered
**** Registry Base URL: http://registry-app-pg17.apps.ci419.apicurio-testing.org:80
2025-09-03 12:03:07,370 INFO  [org.apa.kaf.cli.con.ConsumerConfig] (main) ConsumerConfig values: 
	allow.auto.create.topics = true
	auto.commit.interval.ms = 500
	auto.include.jmx.reporter = true
	auto.offset.reset = earliest
	bootstrap.servers = [PLAINTEXT://localhost:32769]
	check.crcs = true
	client.dns.lookup = use_all_dns_ips
	client.id = consumer-Consumer-topic-56cb98b6_f6a7_48b3_80c0_57a2897072b4-20
	client.rack = 
	connections.max.idle.ms = 10000
	default.api.timeout.ms = 60000
	enable.auto.commit = true
	enable.metrics.push = true
	exclude.internal.topics = true
	fetch.max.bytes = 52428800
	fetch.max.wait.ms = 500
	fetch.min.bytes = 1
	group.id = Consumer-topic-56cb98b6_f6a7_48b3_80c0_57a2897072b4
	group.instance.id = null
	group.protocol = classic
	group.remote.assignor = null
	heartbeat.interval.ms = 3000
	interceptor.classes = []
	internal.leave.group.on.close = true
	internal.throw.on.fetch.stable.offset.unsupported = false
	isolation.level = read_uncommitted
	key.deserializer = class org.apache.kafka.common.serialization.StringDeserializer
	max.partition.fetch.bytes = 1048576
	max.poll.interval.ms = 300000
	max.poll.records = 500
	metadata.max.age.ms = 300000
	metadata.recovery.strategy = none
	metric.reporters = []
	metrics.num.samples = 2
	metrics.recording.level = INFO
	metrics.sample.window.ms = 30000
	partition.assignment.strategy = [class org.apache.kafka.clients.consumer.RangeAssignor, class org.apache.kafka.clients.consumer.CooperativeStickyAssignor]
	receive.buffer.bytes = 65536
	reconnect.backoff.max.ms = 1000
	reconnect.backoff.ms = 50
	request.timeout.ms = 5000
	retry.backoff.max.ms = 1000
	retry.backoff.ms = 100
	sasl.client.callback.handler.class = null
	sasl.jaas.config = null
	sasl.kerberos.kinit.cmd = /usr/bin/kinit
	sasl.kerberos.min.time.before.relogin = 60000
	sasl.kerberos.service.name = null
	sasl.kerberos.ticket.renew.jitter = 0.05
	sasl.kerberos.ticket.renew.window.factor = 0.8
	sasl.login.callback.handler.class = null
	sasl.login.class = null
	sasl.login.connect.timeout.ms = null
	sasl.login.read.timeout.ms = null
	sasl.login.refresh.buffer.seconds = 300
	sasl.login.refresh.min.period.seconds = 60
	sasl.login.refresh.window.factor = 0.8
	sasl.login.refresh.window.jitter = 0.05
	sasl.login.retry.backoff.max.ms = 10000
	sasl.login.retry.backoff.ms = 100
	sasl.mechanism = GSSAPI
	sasl.oauthbearer.clock.skew.seconds = 30
	sasl.oauthbearer.expected.audience = null
	sasl.oauthbearer.expected.issuer = null
	sasl.oauthbearer.header.urlencode = false
	sasl.oauthbearer.jwks.endpoint.refresh.ms = 3600000
	sasl.oauthbearer.jwks.endpoint.retry.backoff.max.ms = 10000
	sasl.oauthbearer.jwks.endpoint.retry.backoff.ms = 100
	sasl.oauthbearer.jwks.endpoint.url = null
	sasl.oauthbearer.scope.claim.name = scope
	sasl.oauthbearer.sub.claim.name = sub
	sasl.oauthbearer.token.endpoint.url = null
	security.protocol = PLAINTEXT
	security.providers = null
	send.buffer.bytes = 131072
	session.timeout.ms = 45000
	socket.connection.setup.timeout.max.ms = 30000
	socket.connection.setup.timeout.ms = 10000
	ssl.cipher.suites = null
	ssl.enabled.protocols = [TLSv1.2, TLSv1.3]
	ssl.endpoint.identification.algorithm = https
	ssl.engine.factory.class = null
	ssl.key.password = null
	ssl.keymanager.algorithm = SunX509
	ssl.keystore.certificate.chain = null
	ssl.keystore.key = null
	ssl.keystore.location = null
	ssl.keystore.password = null
	ssl.keystore.type = JKS
	ssl.protocol = TLSv1.3
	ssl.provider = null
	ssl.secure.random.implementation = null
	ssl.trustmanager.algorithm = PKIX
	ssl.truststore.certificates = null
	ssl.truststore.location = null
	ssl.truststore.password = null
	ssl.truststore.type = JKS
	value.deserializer = class io.apicurio.registry.serde.jsonschema.JsonSchemaKafkaDeserializer

2025-09-03 12:03:07,370 INFO  [org.apa.kaf.com.tel.int.KafkaMetricsCollector] (main) initializing Kafka metrics collector
2025-09-03 12:03:07,375 INFO  [org.apa.kaf.cli.con.ConsumerConfig] (main) These configurations '[apicurio.registry.deserializer.value.return-class, apicurio.registry.fallback.artifact-id, apicurio.registry.url, apicurio.registry.fallback.group-id]' were supplied but are not used yet.
2025-09-03 12:03:07,375 INFO  [org.apa.kaf.com.uti.AppInfoParser] (main) Kafka version: 3.9.1
2025-09-03 12:03:07,375 INFO  [org.apa.kaf.com.uti.AppInfoParser] (main) Kafka commitId: f745dfdcee2b9851
2025-09-03 12:03:07,375 INFO  [org.apa.kaf.com.uti.AppInfoParser] (main) Kafka startTimeMs: 1756900987375
2025-09-03 12:03:07,375 INFO  [org.apa.kaf.cli.con.int.ClassicKafkaConsumer] (ForkJoinPool.commonPool-worker-3) [Consumer clientId=consumer-Consumer-topic-56cb98b6_f6a7_48b3_80c0_57a2897072b4-20, groupId=Consumer-topic-56cb98b6_f6a7_48b3_80c0_57a2897072b4] Subscribed to topic(s): topic-56cb98b6_f6a7_48b3_80c0_57a2897072b4
2025-09-03 12:03:07,378 INFO  [org.apa.kaf.cli.Metadata] (ForkJoinPool.commonPool-worker-3) [Consumer clientId=consumer-Consumer-topic-56cb98b6_f6a7_48b3_80c0_57a2897072b4-20, groupId=Consumer-topic-56cb98b6_f6a7_48b3_80c0_57a2897072b4] Cluster ID: nUkOlczAQ6Czl-nFnffp0w
2025-09-03 12:03:07,378 INFO  [org.apa.kaf.cli.con.int.ConsumerCoordinator] (ForkJoinPool.commonPool-worker-3) [Consumer clientId=consumer-Consumer-topic-56cb98b6_f6a7_48b3_80c0_57a2897072b4-20, groupId=Consumer-topic-56cb98b6_f6a7_48b3_80c0_57a2897072b4] Discovered group coordinator localhost:32769 (id: 2147483647 rack: null)
2025-09-03 12:03:07,379 INFO  [org.apa.kaf.cli.con.int.ConsumerCoordinator] (ForkJoinPool.commonPool-worker-3) [Consumer clientId=consumer-Consumer-topic-56cb98b6_f6a7_48b3_80c0_57a2897072b4-20, groupId=Consumer-topic-56cb98b6_f6a7_48b3_80c0_57a2897072b4] (Re-)joining group
2025-09-03 12:03:07,381 INFO  [org.apa.kaf.cli.con.int.ConsumerCoordinator] (ForkJoinPool.commonPool-worker-3) [Consumer clientId=consumer-Consumer-topic-56cb98b6_f6a7_48b3_80c0_57a2897072b4-20, groupId=Consumer-topic-56cb98b6_f6a7_48b3_80c0_57a2897072b4] Request joining group due to: need to re-join with the given member-id: consumer-Consumer-topic-56cb98b6_f6a7_48b3_80c0_57a2897072b4-20-0c9ad411-3dbd-4839-97f1-9c4ed9ce0053
2025-09-03 12:03:07,381 INFO  [org.apa.kaf.cli.con.int.ConsumerCoordinator] (ForkJoinPool.commonPool-worker-3) [Consumer clientId=consumer-Consumer-topic-56cb98b6_f6a7_48b3_80c0_57a2897072b4-20, groupId=Consumer-topic-56cb98b6_f6a7_48b3_80c0_57a2897072b4] (Re-)joining group
2025-09-03 12:03:08,376 INFO  [io.api.tes.ser.api.KafkaSerdesTester] (ForkJoinPool.commonPool-worker-3) None found
2025-09-03 12:03:09,376 INFO  [io.api.tes.ser.api.KafkaSerdesTester] (ForkJoinPool.commonPool-worker-3) None found
2025-09-03 12:03:10,377 INFO  [io.api.tes.ser.api.KafkaSerdesTester] (ForkJoinPool.commonPool-worker-3) None found
2025-09-03 12:03:10,383 INFO  [org.apa.kaf.cli.con.int.ConsumerCoordinator] (ForkJoinPool.commonPool-worker-3) [Consumer clientId=consumer-Consumer-topic-56cb98b6_f6a7_48b3_80c0_57a2897072b4-20, groupId=Consumer-topic-56cb98b6_f6a7_48b3_80c0_57a2897072b4] Successfully joined group with generation Generation{generationId=1, memberId='consumer-Consumer-topic-56cb98b6_f6a7_48b3_80c0_57a2897072b4-20-0c9ad411-3dbd-4839-97f1-9c4ed9ce0053', protocol='range'}
2025-09-03 12:03:10,383 INFO  [org.apa.kaf.cli.con.int.ConsumerCoordinator] (ForkJoinPool.commonPool-worker-3) [Consumer clientId=consumer-Consumer-topic-56cb98b6_f6a7_48b3_80c0_57a2897072b4-20, groupId=Consumer-topic-56cb98b6_f6a7_48b3_80c0_57a2897072b4] Finished assignment for group at generation 1: {consumer-Consumer-topic-56cb98b6_f6a7_48b3_80c0_57a2897072b4-20-0c9ad411-3dbd-4839-97f1-9c4ed9ce0053=Assignment(partitions=[topic-56cb98b6_f6a7_48b3_80c0_57a2897072b4-0])}
2025-09-03 12:03:10,389 INFO  [org.apa.kaf.cli.con.int.ConsumerCoordinator] (ForkJoinPool.commonPool-worker-3) [Consumer clientId=consumer-Consumer-topic-56cb98b6_f6a7_48b3_80c0_57a2897072b4-20, groupId=Consumer-topic-56cb98b6_f6a7_48b3_80c0_57a2897072b4] Successfully synced group in generation Generation{generationId=1, memberId='consumer-Consumer-topic-56cb98b6_f6a7_48b3_80c0_57a2897072b4-20-0c9ad411-3dbd-4839-97f1-9c4ed9ce0053', protocol='range'}
2025-09-03 12:03:10,389 INFO  [org.apa.kaf.cli.con.int.ConsumerCoordinator] (ForkJoinPool.commonPool-worker-3) [Consumer clientId=consumer-Consumer-topic-56cb98b6_f6a7_48b3_80c0_57a2897072b4-20, groupId=Consumer-topic-56cb98b6_f6a7_48b3_80c0_57a2897072b4] Notifying assignor about the new Assignment(partitions=[topic-56cb98b6_f6a7_48b3_80c0_57a2897072b4-0])
2025-09-03 12:03:10,390 INFO  [org.apa.kaf.cli.con.int.ConsumerRebalanceListenerInvoker] (ForkJoinPool.commonPool-worker-3) [Consumer clientId=consumer-Consumer-topic-56cb98b6_f6a7_48b3_80c0_57a2897072b4-20, groupId=Consumer-topic-56cb98b6_f6a7_48b3_80c0_57a2897072b4] Adding newly assigned partitions: topic-56cb98b6_f6a7_48b3_80c0_57a2897072b4-0
2025-09-03 12:03:10,390 INFO  [org.apa.kaf.cli.con.int.ConsumerCoordinator] (ForkJoinPool.commonPool-worker-3) [Consumer clientId=consumer-Consumer-topic-56cb98b6_f6a7_48b3_80c0_57a2897072b4-20, groupId=Consumer-topic-56cb98b6_f6a7_48b3_80c0_57a2897072b4] Found no committed offset for partition topic-56cb98b6_f6a7_48b3_80c0_57a2897072b4-0
2025-09-03 12:03:10,392 INFO  [org.apa.kaf.cli.con.int.SubscriptionState] (ForkJoinPool.commonPool-worker-3) [Consumer clientId=consumer-Consumer-topic-56cb98b6_f6a7_48b3_80c0_57a2897072b4-20, groupId=Consumer-topic-56cb98b6_f6a7_48b3_80c0_57a2897072b4] Resetting offset for partition topic-56cb98b6_f6a7_48b3_80c0_57a2897072b4-0 to position FetchPosition{offset=0, offsetEpoch=Optional.empty, currentLeader=LeaderAndEpoch{leader=Optional[localhost:32769 (id: 0 rack: null)], epoch=0}}.
2025-09-03 12:03:10,499 INFO  [io.api.tes.ser.api.KafkaSerdesTester] (ForkJoinPool.commonPool-worker-3) topic-56cb98b6_f6a7_48b3_80c0_57a2897072b4 0 0 io.apicurio.tests.common.serdes.json.ValidMessage@419ffcdb
2025-09-03 12:03:10,499 INFO  [io.api.tes.ser.api.KafkaSerdesTester] (ForkJoinPool.commonPool-worker-3) topic-56cb98b6_f6a7_48b3_80c0_57a2897072b4 0 1 io.apicurio.tests.common.serdes.json.ValidMessage@280797d
2025-09-03 12:03:10,499 INFO  [io.api.tes.ser.api.KafkaSerdesTester] (ForkJoinPool.commonPool-worker-3) topic-56cb98b6_f6a7_48b3_80c0_57a2897072b4 0 2 io.apicurio.tests.common.serdes.json.ValidMessage@5d1a5472
2025-09-03 12:03:10,499 INFO  [io.api.tes.ser.api.KafkaSerdesTester] (ForkJoinPool.commonPool-worker-3) topic-56cb98b6_f6a7_48b3_80c0_57a2897072b4 0 3 io.apicurio.tests.common.serdes.json.ValidMessage@64da3403
2025-09-03 12:03:10,499 INFO  [io.api.tes.ser.api.KafkaSerdesTester] (ForkJoinPool.commonPool-worker-3) topic-56cb98b6_f6a7_48b3_80c0_57a2897072b4 0 4 io.apicurio.tests.common.serdes.json.ValidMessage@5a9d7567
2025-09-03 12:03:10,499 INFO  [io.api.tes.ser.api.KafkaSerdesTester] (ForkJoinPool.commonPool-worker-3) topic-56cb98b6_f6a7_48b3_80c0_57a2897072b4 0 5 io.apicurio.tests.common.serdes.json.ValidMessage@5b57b4d8
2025-09-03 12:03:10,499 INFO  [io.api.tes.ser.api.KafkaSerdesTester] (ForkJoinPool.commonPool-worker-3) topic-56cb98b6_f6a7_48b3_80c0_57a2897072b4 0 6 io.apicurio.tests.common.serdes.json.ValidMessage@5461c204
2025-09-03 12:03:10,499 INFO  [io.api.tes.ser.api.KafkaSerdesTester] (ForkJoinPool.commonPool-worker-3) topic-56cb98b6_f6a7_48b3_80c0_57a2897072b4 0 7 io.apicurio.tests.common.serdes.json.ValidMessage@612e8ea7
2025-09-03 12:03:10,499 INFO  [io.api.tes.ser.api.KafkaSerdesTester] (ForkJoinPool.commonPool-worker-3) topic-56cb98b6_f6a7_48b3_80c0_57a2897072b4 0 8 io.apicurio.tests.common.serdes.json.ValidMessage@5029e9a8
2025-09-03 12:03:10,499 INFO  [io.api.tes.ser.api.KafkaSerdesTester] (ForkJoinPool.commonPool-worker-3) topic-56cb98b6_f6a7_48b3_80c0_57a2897072b4 0 9 io.apicurio.tests.common.serdes.json.ValidMessage@363e7601
2025-09-03 12:03:10,499 INFO  [io.api.tes.ser.api.KafkaSerdesTester] (ForkJoinPool.commonPool-worker-3) Consumed 10 messages
2025-09-03 12:03:10,507 INFO  [org.apa.kaf.cli.con.int.ConsumerRebalanceListenerInvoker] (ForkJoinPool.commonPool-worker-3) [Consumer clientId=consumer-Consumer-topic-56cb98b6_f6a7_48b3_80c0_57a2897072b4-20, groupId=Consumer-topic-56cb98b6_f6a7_48b3_80c0_57a2897072b4] Revoke previously assigned partitions topic-56cb98b6_f6a7_48b3_80c0_57a2897072b4-0
2025-09-03 12:03:10,507 INFO  [org.apa.kaf.cli.con.int.ConsumerCoordinator] (ForkJoinPool.commonPool-worker-3) [Consumer clientId=consumer-Consumer-topic-56cb98b6_f6a7_48b3_80c0_57a2897072b4-20, groupId=Consumer-topic-56cb98b6_f6a7_48b3_80c0_57a2897072b4] Member consumer-Consumer-topic-56cb98b6_f6a7_48b3_80c0_57a2897072b4-20-0c9ad411-3dbd-4839-97f1-9c4ed9ce0053 sending LeaveGroup request to coordinator localhost:32769 (id: 2147483647 rack: null) due to the consumer is being closed
2025-09-03 12:03:10,507 INFO  [org.apa.kaf.cli.con.int.ConsumerCoordinator] (ForkJoinPool.commonPool-worker-3) [Consumer clientId=consumer-Consumer-topic-56cb98b6_f6a7_48b3_80c0_57a2897072b4-20, groupId=Consumer-topic-56cb98b6_f6a7_48b3_80c0_57a2897072b4] Resetting generation and member id due to: consumer pro-actively leaving the group
2025-09-03 12:03:10,507 INFO  [org.apa.kaf.cli.con.int.ConsumerCoordinator] (ForkJoinPool.commonPool-worker-3) [Consumer clientId=consumer-Consumer-topic-56cb98b6_f6a7_48b3_80c0_57a2897072b4-20, groupId=Consumer-topic-56cb98b6_f6a7_48b3_80c0_57a2897072b4] Request joining group due to: consumer pro-actively leaving the group
2025-09-03 12:03:11,001 INFO  [org.apa.kaf.com.met.Metrics] (ForkJoinPool.commonPool-worker-3) Metrics scheduler closed
2025-09-03 12:03:11,001 INFO  [org.apa.kaf.com.met.Metrics] (ForkJoinPool.commonPool-worker-3) Closing reporter org.apache.kafka.common.metrics.JmxReporter
2025-09-03 12:03:11,001 INFO  [org.apa.kaf.com.met.Metrics] (ForkJoinPool.commonPool-worker-3) Closing reporter org.apache.kafka.common.telemetry.internals.ClientTelemetryReporter
2025-09-03 12:03:11,002 INFO  [org.apa.kaf.com.met.Metrics] (ForkJoinPool.commonPool-worker-3) Metrics reporters closed
2025-09-03 12:03:11,003 INFO  [org.apa.kaf.com.uti.AppInfoParser] (ForkJoinPool.commonPool-worker-3) App info kafka.consumer for consumer-Consumer-topic-56cb98b6_f6a7_48b3_80c0_57a2897072b4-20 unregistered
2025-09-03 12:03:11,003 INFO  [io.api.tes.uti.TestSeparator] (main) io.apicurio.tests.serdes.apicurio.JsonSchemaSerdeIT.testDefaultFallback-FINISHED
2025-09-03 12:03:11,003 INFO  [io.api.tes.uti.TestSeparator] (main) ############################################################################
Test passed: testDefaultFallback
]]></system-out>
  </testcase>
  <testcase name="testWrongSchema" classname="io.apicurio.tests.serdes.apicurio.JsonSchemaSerdeIT" time="1.12">
    <system-out><![CDATA[2025-09-03 12:03:11,004 INFO  [io.api.tes.uti.TestSeparator] (main) ############################################################################
2025-09-03 12:03:11,004 INFO  [io.api.tes.uti.TestSeparator] (main) io.apicurio.tests.serdes.apicurio.JsonSchemaSerdeIT.testWrongSchema-STARTED
**** Registry Base URL: http://registry-app-pg17.apps.ci419.apicurio-testing.org:80
2025-09-03 12:03:12,065 INFO  [org.apa.kaf.cli.pro.ProducerConfig] (main) ProducerConfig values: 
	acks = -1
	auto.include.jmx.reporter = true
	batch.size = 16384
	bootstrap.servers = [PLAINTEXT://localhost:32769]
	buffer.memory = 33554432
	client.dns.lookup = use_all_dns_ips
	client.id = Producer-sac52e8caxd7b5x45bbx9129x03febcd2b5ea
	compression.gzip.level = -1
	compression.lz4.level = 9
	compression.type = none
	compression.zstd.level = 3
	connections.max.idle.ms = 10000
	delivery.timeout.ms = 120000
	enable.idempotence = true
	enable.metrics.push = true
	interceptor.classes = []
	key.serializer = class org.apache.kafka.common.serialization.StringSerializer
	linger.ms = 0
	max.block.ms = 60000
	max.in.flight.requests.per.connection = 5
	max.request.size = 1048576
	metadata.max.age.ms = 300000
	metadata.max.idle.ms = 300000
	metadata.recovery.strategy = none
	metric.reporters = []
	metrics.num.samples = 2
	metrics.recording.level = INFO
	metrics.sample.window.ms = 30000
	partitioner.adaptive.partitioning.enable = true
	partitioner.availability.timeout.ms = 0
	partitioner.class = null
	partitioner.ignore.keys = false
	receive.buffer.bytes = 32768
	reconnect.backoff.max.ms = 1000
	reconnect.backoff.ms = 50
	request.timeout.ms = 5000
	retries = 2147483647
	retry.backoff.max.ms = 1000
	retry.backoff.ms = 100
	sasl.client.callback.handler.class = null
	sasl.jaas.config = null
	sasl.kerberos.kinit.cmd = /usr/bin/kinit
	sasl.kerberos.min.time.before.relogin = 60000
	sasl.kerberos.service.name = null
	sasl.kerberos.ticket.renew.jitter = 0.05
	sasl.kerberos.ticket.renew.window.factor = 0.8
	sasl.login.callback.handler.class = null
	sasl.login.class = null
	sasl.login.connect.timeout.ms = null
	sasl.login.read.timeout.ms = null
	sasl.login.refresh.buffer.seconds = 300
	sasl.login.refresh.min.period.seconds = 60
	sasl.login.refresh.window.factor = 0.8
	sasl.login.refresh.window.jitter = 0.05
	sasl.login.retry.backoff.max.ms = 10000
	sasl.login.retry.backoff.ms = 100
	sasl.mechanism = GSSAPI
	sasl.oauthbearer.clock.skew.seconds = 30
	sasl.oauthbearer.expected.audience = null
	sasl.oauthbearer.expected.issuer = null
	sasl.oauthbearer.header.urlencode = false
	sasl.oauthbearer.jwks.endpoint.refresh.ms = 3600000
	sasl.oauthbearer.jwks.endpoint.retry.backoff.max.ms = 10000
	sasl.oauthbearer.jwks.endpoint.retry.backoff.ms = 100
	sasl.oauthbearer.jwks.endpoint.url = null
	sasl.oauthbearer.scope.claim.name = scope
	sasl.oauthbearer.sub.claim.name = sub
	sasl.oauthbearer.token.endpoint.url = null
	security.protocol = PLAINTEXT
	security.providers = null
	send.buffer.bytes = 131072
	socket.connection.setup.timeout.max.ms = 30000
	socket.connection.setup.timeout.ms = 10000
	ssl.cipher.suites = null
	ssl.enabled.protocols = [TLSv1.2, TLSv1.3]
	ssl.endpoint.identification.algorithm = https
	ssl.engine.factory.class = null
	ssl.key.password = null
	ssl.keymanager.algorithm = SunX509
	ssl.keystore.certificate.chain = null
	ssl.keystore.key = null
	ssl.keystore.location = null
	ssl.keystore.password = null
	ssl.keystore.type = JKS
	ssl.protocol = TLSv1.3
	ssl.provider = null
	ssl.secure.random.implementation = null
	ssl.trustmanager.algorithm = PKIX
	ssl.truststore.certificates = null
	ssl.truststore.location = null
	ssl.truststore.password = null
	ssl.truststore.type = JKS
	transaction.timeout.ms = 60000
	transactional.id = null
	value.serializer = class io.apicurio.registry.serde.jsonschema.JsonSchemaKafkaSerializer

2025-09-03 12:03:12,065 INFO  [org.apa.kaf.com.tel.int.KafkaMetricsCollector] (main) initializing Kafka metrics collector
2025-09-03 12:03:12,068 INFO  [org.apa.kaf.cli.pro.KafkaProducer] (main) [Producer clientId=Producer-sac52e8caxd7b5x45bbx9129x03febcd2b5ea] Instantiated an idempotent producer.
2025-09-03 12:03:12,069 INFO  [org.apa.kaf.cli.pro.ProducerConfig] (main) These configurations '[apicurio.registry.url, apicurio.registry.artifact-resolver-strategy]' were supplied but are not used yet.
2025-09-03 12:03:12,069 INFO  [org.apa.kaf.com.uti.AppInfoParser] (main) Kafka version: 3.9.1
2025-09-03 12:03:12,069 INFO  [org.apa.kaf.com.uti.AppInfoParser] (main) Kafka commitId: f745dfdcee2b9851
2025-09-03 12:03:12,069 INFO  [org.apa.kaf.com.uti.AppInfoParser] (main) Kafka startTimeMs: 1756900992069
2025-09-03 12:03:12,069 INFO  [io.api.tes.ser.api.KafkaSerdesTester] (ForkJoinPool.commonPool-worker-3) Sending message io.apicurio.tests.common.serdes.json.InvalidMessage@6c95e320 to topic sac52e8caxd7b5x45bbx9129x03febcd2b5ea
2025-09-03 12:03:12,072 INFO  [org.apa.kaf.cli.Metadata] (kafka-producer-network-thread | Producer-sac52e8caxd7b5x45bbx9129x03febcd2b5ea) [Producer clientId=Producer-sac52e8caxd7b5x45bbx9129x03febcd2b5ea] Cluster ID: nUkOlczAQ6Czl-nFnffp0w
2025-09-03 12:03:12,072 INFO  [org.apa.kaf.cli.pro.int.TransactionManager] (kafka-producer-network-thread | Producer-sac52e8caxd7b5x45bbx9129x03febcd2b5ea) [Producer clientId=Producer-sac52e8caxd7b5x45bbx9129x03febcd2b5ea] ProducerId set to 28 with epoch 0
2025-09-03 12:03:12,122 INFO  [org.apa.kaf.cli.pro.KafkaProducer] (ForkJoinPool.commonPool-worker-3) [Producer clientId=Producer-sac52e8caxd7b5x45bbx9129x03febcd2b5ea] Closing the Kafka producer with timeoutMillis = 9223372036854775807 ms.
2025-09-03 12:03:12,123 INFO  [org.apa.kaf.com.met.Metrics] (ForkJoinPool.commonPool-worker-3) Metrics scheduler closed
2025-09-03 12:03:12,123 INFO  [org.apa.kaf.com.met.Metrics] (ForkJoinPool.commonPool-worker-3) Closing reporter org.apache.kafka.common.metrics.JmxReporter
2025-09-03 12:03:12,123 INFO  [org.apa.kaf.com.met.Metrics] (ForkJoinPool.commonPool-worker-3) Closing reporter org.apache.kafka.common.telemetry.internals.ClientTelemetryReporter
2025-09-03 12:03:12,123 INFO  [org.apa.kaf.com.met.Metrics] (ForkJoinPool.commonPool-worker-3) Metrics reporters closed
2025-09-03 12:03:12,124 INFO  [org.apa.kaf.com.uti.AppInfoParser] (ForkJoinPool.commonPool-worker-3) App info kafka.producer for Producer-sac52e8caxd7b5x45bbx9129x03febcd2b5ea unregistered
2025-09-03 12:03:12,124 INFO  [io.api.tes.uti.TestSeparator] (main) io.apicurio.tests.serdes.apicurio.JsonSchemaSerdeIT.testWrongSchema-FINISHED
2025-09-03 12:03:12,124 INFO  [io.api.tes.uti.TestSeparator] (main) ############################################################################
Test passed: testWrongSchema
]]></system-out>
    <system-err><![CDATA[io.apicurio.registry.rest.client.models.ProblemDetails
	at io.apicurio.registry.rest.client.models.ProblemDetails.createFromDiscriminatorValue(ProblemDetails.java:58)
	at io.kiota.serialization.json.JsonParseNode.getObjectValue(JsonParseNode.java:247)
	at io.kiota.http.vertx.VertXRequestAdapter.lambda$throwIfFailedResponse$0(VertXRequestAdapter.java:400)
	at com.microsoft.kiota.ApiExceptionBuilder.<init>(ApiExceptionBuilder.java:26)
	at io.kiota.http.vertx.VertXRequestAdapter.throwIfFailedResponse(VertXRequestAdapter.java:399)
	at io.kiota.http.vertx.VertXRequestAdapter.send(VertXRequestAdapter.java:170)
	at jdk.internal.reflect.GeneratedMethodAccessor33.invoke(Unknown Source)
	at java.base/jdk.internal.reflect.DelegatingMethodAccessorImpl.invoke(DelegatingMethodAccessorImpl.java:43)
	at java.base/java.lang.reflect.Method.invoke(Method.java:569)
	at io.apicurio.registry.client.RegistryClientFactory$RetryInvocationHandler.invoke(RegistryClientFactory.java:146)
	at jdk.proxy2/jdk.proxy2.$Proxy65.send(Unknown Source)
	at io.apicurio.registry.rest.client.groups.item.artifacts.item.versions.item.WithVersionExpressionItemRequestBuilder.get(WithVersionExpressionItemRequestBuilder.java:128)
	at io.apicurio.registry.rest.client.groups.item.artifacts.item.versions.item.WithVersionExpressionItemRequestBuilder.get(WithVersionExpressionItemRequestBuilder.java:111)
	at io.apicurio.registry.resolver.client.RegistryClientFacadeImpl.getVersionCoordinatesByGAV(RegistryClientFacadeImpl.java:159)
	at io.apicurio.registry.resolver.DefaultSchemaResolver.resolveByCoordinates(DefaultSchemaResolver.java:352)
	at io.apicurio.registry.resolver.DefaultSchemaResolver.lambda$resolveSchemaByArtifactReferenceCached$6(DefaultSchemaResolver.java:340)
	at io.apicurio.registry.resolver.cache.ERCache.lambda$getValue$0(ERCache.java:174)
	at io.apicurio.registry.resolver.cache.ERCache.retry(ERCache.java:227)
	at io.apicurio.registry.resolver.cache.ERCache.getValue(ERCache.java:173)
	at io.apicurio.registry.resolver.cache.ERCache.getByArtifactCoordinates(ERCache.java:158)
	at io.apicurio.registry.resolver.DefaultSchemaResolver.resolveSchemaByArtifactReferenceCached(DefaultSchemaResolver.java:338)
	at io.apicurio.registry.resolver.DefaultSchemaResolver.resolveSchemaByCoordinates(DefaultSchemaResolver.java:193)
	at io.apicurio.registry.resolver.DefaultSchemaResolver.getSchemaFromRegistry(DefaultSchemaResolver.java:141)
	at io.apicurio.registry.resolver.DefaultSchemaResolver.lambda$resolveSchema$0(DefaultSchemaResolver.java:84)
	at java.base/java.util.Optional.orElseGet(Optional.java:364)
	at io.apicurio.registry.resolver.DefaultSchemaResolver.resolveSchema(DefaultSchemaResolver.java:84)
	at io.apicurio.registry.serde.AbstractSerializer.serializeData(AbstractSerializer.java:62)
	at io.apicurio.registry.serde.KafkaSerializer.serialize(KafkaSerializer.java:77)
	at org.apache.kafka.clients.producer.KafkaProducer.doSend(KafkaProducer.java:1046)
	at org.apache.kafka.clients.producer.KafkaProducer.send(KafkaProducer.java:993)
	at org.apache.kafka.clients.producer.KafkaProducer.send(KafkaProducer.java:875)
	at io.apicurio.tests.serdes.apicurio.KafkaSerdesTester.lambda$produceMessages$3(KafkaSerdesTester.java:138)
	at java.base/java.util.concurrent.CompletableFuture$AsyncSupply.run(CompletableFuture.java:1768)
	at java.base/java.util.concurrent.CompletableFuture$AsyncSupply.exec(CompletableFuture.java:1760)
	at java.base/java.util.concurrent.ForkJoinTask.doExec(ForkJoinTask.java:373)
	at java.base/java.util.concurrent.ForkJoinPool$WorkQueue.topLevelExec(ForkJoinPool.java:1182)
	at java.base/java.util.concurrent.ForkJoinPool.scan(ForkJoinPool.java:1655)
	at java.base/java.util.concurrent.ForkJoinPool.runWorker(ForkJoinPool.java:1622)
	at java.base/java.util.concurrent.ForkJoinWorkerThread.run(ForkJoinWorkerThread.java:165)
]]></system-err>
  </testcase>
  <testcase name="testArtifactNotFound" classname="io.apicurio.tests.serdes.apicurio.JsonSchemaSerdeIT" time="0.18">
    <system-out><![CDATA[2025-09-03 12:03:12,125 INFO  [io.api.tes.uti.TestSeparator] (main) ############################################################################
2025-09-03 12:03:12,125 INFO  [io.api.tes.uti.TestSeparator] (main) io.apicurio.tests.serdes.apicurio.JsonSchemaSerdeIT.testArtifactNotFound-STARTED
**** Registry Base URL: http://registry-app-pg17.apps.ci419.apicurio-testing.org:80
2025-09-03 12:03:12,128 INFO  [org.apa.kaf.cli.pro.ProducerConfig] (main) ProducerConfig values: 
	acks = -1
	auto.include.jmx.reporter = true
	batch.size = 16384
	bootstrap.servers = [PLAINTEXT://localhost:32769]
	buffer.memory = 33554432
	client.dns.lookup = use_all_dns_ips
	client.id = Producer-s3acaf3cdx2526x4b50x8c72xcdd8d881decb
	compression.gzip.level = -1
	compression.lz4.level = 9
	compression.type = none
	compression.zstd.level = 3
	connections.max.idle.ms = 10000
	delivery.timeout.ms = 120000
	enable.idempotence = true
	enable.metrics.push = true
	interceptor.classes = []
	key.serializer = class org.apache.kafka.common.serialization.StringSerializer
	linger.ms = 0
	max.block.ms = 60000
	max.in.flight.requests.per.connection = 5
	max.request.size = 1048576
	metadata.max.age.ms = 300000
	metadata.max.idle.ms = 300000
	metadata.recovery.strategy = none
	metric.reporters = []
	metrics.num.samples = 2
	metrics.recording.level = INFO
	metrics.sample.window.ms = 30000
	partitioner.adaptive.partitioning.enable = true
	partitioner.availability.timeout.ms = 0
	partitioner.class = null
	partitioner.ignore.keys = false
	receive.buffer.bytes = 32768
	reconnect.backoff.max.ms = 1000
	reconnect.backoff.ms = 50
	request.timeout.ms = 5000
	retries = 2147483647
	retry.backoff.max.ms = 1000
	retry.backoff.ms = 100
	sasl.client.callback.handler.class = null
	sasl.jaas.config = null
	sasl.kerberos.kinit.cmd = /usr/bin/kinit
	sasl.kerberos.min.time.before.relogin = 60000
	sasl.kerberos.service.name = null
	sasl.kerberos.ticket.renew.jitter = 0.05
	sasl.kerberos.ticket.renew.window.factor = 0.8
	sasl.login.callback.handler.class = null
	sasl.login.class = null
	sasl.login.connect.timeout.ms = null
	sasl.login.read.timeout.ms = null
	sasl.login.refresh.buffer.seconds = 300
	sasl.login.refresh.min.period.seconds = 60
	sasl.login.refresh.window.factor = 0.8
	sasl.login.refresh.window.jitter = 0.05
	sasl.login.retry.backoff.max.ms = 10000
	sasl.login.retry.backoff.ms = 100
	sasl.mechanism = GSSAPI
	sasl.oauthbearer.clock.skew.seconds = 30
	sasl.oauthbearer.expected.audience = null
	sasl.oauthbearer.expected.issuer = null
	sasl.oauthbearer.header.urlencode = false
	sasl.oauthbearer.jwks.endpoint.refresh.ms = 3600000
	sasl.oauthbearer.jwks.endpoint.retry.backoff.max.ms = 10000
	sasl.oauthbearer.jwks.endpoint.retry.backoff.ms = 100
	sasl.oauthbearer.jwks.endpoint.url = null
	sasl.oauthbearer.scope.claim.name = scope
	sasl.oauthbearer.sub.claim.name = sub
	sasl.oauthbearer.token.endpoint.url = null
	security.protocol = PLAINTEXT
	security.providers = null
	send.buffer.bytes = 131072
	socket.connection.setup.timeout.max.ms = 30000
	socket.connection.setup.timeout.ms = 10000
	ssl.cipher.suites = null
	ssl.enabled.protocols = [TLSv1.2, TLSv1.3]
	ssl.endpoint.identification.algorithm = https
	ssl.engine.factory.class = null
	ssl.key.password = null
	ssl.keymanager.algorithm = SunX509
	ssl.keystore.certificate.chain = null
	ssl.keystore.key = null
	ssl.keystore.location = null
	ssl.keystore.password = null
	ssl.keystore.type = JKS
	ssl.protocol = TLSv1.3
	ssl.provider = null
	ssl.secure.random.implementation = null
	ssl.trustmanager.algorithm = PKIX
	ssl.truststore.certificates = null
	ssl.truststore.location = null
	ssl.truststore.password = null
	ssl.truststore.type = JKS
	transaction.timeout.ms = 60000
	transactional.id = null
	value.serializer = class io.apicurio.registry.serde.jsonschema.JsonSchemaKafkaSerializer

2025-09-03 12:03:12,129 INFO  [org.apa.kaf.com.tel.int.KafkaMetricsCollector] (main) initializing Kafka metrics collector
2025-09-03 12:03:12,132 INFO  [org.apa.kaf.cli.pro.KafkaProducer] (main) [Producer clientId=Producer-s3acaf3cdx2526x4b50x8c72xcdd8d881decb] Instantiated an idempotent producer.
2025-09-03 12:03:12,133 INFO  [org.apa.kaf.cli.pro.ProducerConfig] (main) These configurations '[apicurio.registry.url, apicurio.registry.artifact-resolver-strategy]' were supplied but are not used yet.
2025-09-03 12:03:12,133 INFO  [org.apa.kaf.com.uti.AppInfoParser] (main) Kafka version: 3.9.1
2025-09-03 12:03:12,133 INFO  [org.apa.kaf.com.uti.AppInfoParser] (main) Kafka commitId: f745dfdcee2b9851
2025-09-03 12:03:12,133 INFO  [org.apa.kaf.com.uti.AppInfoParser] (main) Kafka startTimeMs: 1756900992133
2025-09-03 12:03:12,133 INFO  [io.api.tes.ser.api.KafkaSerdesTester] (ForkJoinPool.commonPool-worker-3) Sending message io.apicurio.tests.common.serdes.json.ValidMessage@4f6ec639 to topic s3acaf3cdx2526x4b50x8c72xcdd8d881decb
2025-09-03 12:03:12,135 WARN  [org.apa.kaf.cli.NetworkClient] (kafka-producer-network-thread | Producer-s3acaf3cdx2526x4b50x8c72xcdd8d881decb) [Producer clientId=Producer-s3acaf3cdx2526x4b50x8c72xcdd8d881decb] The metadata response from the cluster reported a recoverable issue with correlation id 1 : {s3acaf3cdx2526x4b50x8c72xcdd8d881decb=UNKNOWN_TOPIC_OR_PARTITION}
2025-09-03 12:03:12,136 INFO  [org.apa.kaf.cli.Metadata] (kafka-producer-network-thread | Producer-s3acaf3cdx2526x4b50x8c72xcdd8d881decb) [Producer clientId=Producer-s3acaf3cdx2526x4b50x8c72xcdd8d881decb] Cluster ID: nUkOlczAQ6Czl-nFnffp0w
2025-09-03 12:03:12,136 INFO  [org.apa.kaf.cli.pro.int.TransactionManager] (kafka-producer-network-thread | Producer-s3acaf3cdx2526x4b50x8c72xcdd8d881decb) [Producer clientId=Producer-s3acaf3cdx2526x4b50x8c72xcdd8d881decb] ProducerId set to 29 with epoch 0
2025-09-03 12:03:12,303 INFO  [org.apa.kaf.cli.pro.KafkaProducer] (ForkJoinPool.commonPool-worker-3) [Producer clientId=Producer-s3acaf3cdx2526x4b50x8c72xcdd8d881decb] Closing the Kafka producer with timeoutMillis = 9223372036854775807 ms.
2025-09-03 12:03:12,304 INFO  [org.apa.kaf.com.met.Metrics] (ForkJoinPool.commonPool-worker-3) Metrics scheduler closed
2025-09-03 12:03:12,304 INFO  [org.apa.kaf.com.met.Metrics] (ForkJoinPool.commonPool-worker-3) Closing reporter org.apache.kafka.common.metrics.JmxReporter
2025-09-03 12:03:12,304 INFO  [org.apa.kaf.com.met.Metrics] (ForkJoinPool.commonPool-worker-3) Closing reporter org.apache.kafka.common.telemetry.internals.ClientTelemetryReporter
2025-09-03 12:03:12,304 INFO  [org.apa.kaf.com.met.Metrics] (ForkJoinPool.commonPool-worker-3) Metrics reporters closed
2025-09-03 12:03:12,304 INFO  [org.apa.kaf.com.uti.AppInfoParser] (ForkJoinPool.commonPool-worker-3) App info kafka.producer for Producer-s3acaf3cdx2526x4b50x8c72xcdd8d881decb unregistered
2025-09-03 12:03:12,305 INFO  [io.api.tes.uti.TestSeparator] (main) io.apicurio.tests.serdes.apicurio.JsonSchemaSerdeIT.testArtifactNotFound-FINISHED
2025-09-03 12:03:12,305 INFO  [io.api.tes.uti.TestSeparator] (main) ############################################################################
Test passed: testArtifactNotFound
]]></system-out>
    <system-err><![CDATA[io.apicurio.registry.rest.client.models.ProblemDetails
	at io.apicurio.registry.rest.client.models.ProblemDetails.createFromDiscriminatorValue(ProblemDetails.java:58)
	at io.kiota.serialization.json.JsonParseNode.getObjectValue(JsonParseNode.java:247)
	at io.kiota.http.vertx.VertXRequestAdapter.lambda$throwIfFailedResponse$0(VertXRequestAdapter.java:400)
	at com.microsoft.kiota.ApiExceptionBuilder.<init>(ApiExceptionBuilder.java:26)
	at io.kiota.http.vertx.VertXRequestAdapter.throwIfFailedResponse(VertXRequestAdapter.java:399)
	at io.kiota.http.vertx.VertXRequestAdapter.send(VertXRequestAdapter.java:170)
	at jdk.internal.reflect.GeneratedMethodAccessor33.invoke(Unknown Source)
	at java.base/jdk.internal.reflect.DelegatingMethodAccessorImpl.invoke(DelegatingMethodAccessorImpl.java:43)
	at java.base/java.lang.reflect.Method.invoke(Method.java:569)
	at io.apicurio.registry.client.RegistryClientFactory$RetryInvocationHandler.invoke(RegistryClientFactory.java:146)
	at jdk.proxy2/jdk.proxy2.$Proxy65.send(Unknown Source)
	at io.apicurio.registry.rest.client.groups.item.artifacts.item.versions.item.WithVersionExpressionItemRequestBuilder.get(WithVersionExpressionItemRequestBuilder.java:128)
	at io.apicurio.registry.rest.client.groups.item.artifacts.item.versions.item.WithVersionExpressionItemRequestBuilder.get(WithVersionExpressionItemRequestBuilder.java:111)
	at io.apicurio.registry.resolver.client.RegistryClientFacadeImpl.getVersionCoordinatesByGAV(RegistryClientFacadeImpl.java:159)
	at io.apicurio.registry.resolver.DefaultSchemaResolver.resolveByCoordinates(DefaultSchemaResolver.java:352)
	at io.apicurio.registry.resolver.DefaultSchemaResolver.lambda$resolveSchemaByArtifactReferenceCached$6(DefaultSchemaResolver.java:340)
	at io.apicurio.registry.resolver.cache.ERCache.lambda$getValue$0(ERCache.java:174)
	at io.apicurio.registry.resolver.cache.ERCache.retry(ERCache.java:227)
	at io.apicurio.registry.resolver.cache.ERCache.getValue(ERCache.java:173)
	at io.apicurio.registry.resolver.cache.ERCache.getByArtifactCoordinates(ERCache.java:158)
	at io.apicurio.registry.resolver.DefaultSchemaResolver.resolveSchemaByArtifactReferenceCached(DefaultSchemaResolver.java:338)
	at io.apicurio.registry.resolver.DefaultSchemaResolver.resolveSchemaByCoordinates(DefaultSchemaResolver.java:193)
	at io.apicurio.registry.resolver.DefaultSchemaResolver.getSchemaFromRegistry(DefaultSchemaResolver.java:141)
	at io.apicurio.registry.resolver.DefaultSchemaResolver.lambda$resolveSchema$0(DefaultSchemaResolver.java:84)
	at java.base/java.util.Optional.orElseGet(Optional.java:364)
	at io.apicurio.registry.resolver.DefaultSchemaResolver.resolveSchema(DefaultSchemaResolver.java:84)
	at io.apicurio.registry.serde.AbstractSerializer.serializeData(AbstractSerializer.java:62)
	at io.apicurio.registry.serde.KafkaSerializer.serialize(KafkaSerializer.java:77)
	at org.apache.kafka.clients.producer.KafkaProducer.doSend(KafkaProducer.java:1046)
	at org.apache.kafka.clients.producer.KafkaProducer.send(KafkaProducer.java:993)
	at org.apache.kafka.clients.producer.KafkaProducer.send(KafkaProducer.java:875)
	at io.apicurio.tests.serdes.apicurio.KafkaSerdesTester.lambda$produceMessages$3(KafkaSerdesTester.java:138)
	at java.base/java.util.concurrent.CompletableFuture$AsyncSupply.run(CompletableFuture.java:1768)
	at java.base/java.util.concurrent.CompletableFuture$AsyncSupply.exec(CompletableFuture.java:1760)
	at java.base/java.util.concurrent.ForkJoinTask.doExec(ForkJoinTask.java:373)
	at java.base/java.util.concurrent.ForkJoinPool$WorkQueue.topLevelExec(ForkJoinPool.java:1182)
	at java.base/java.util.concurrent.ForkJoinPool.scan(ForkJoinPool.java:1655)
	at java.base/java.util.concurrent.ForkJoinPool.runWorker(ForkJoinPool.java:1622)
	at java.base/java.util.concurrent.ForkJoinWorkerThread.run(ForkJoinWorkerThread.java:165)
]]></system-err>
  </testcase>
  <testcase name="testTopicIdStrategyFindLatest" classname="io.apicurio.tests.serdes.apicurio.JsonSchemaSerdeIT" time="4.788">
    <system-out><![CDATA[2025-09-03 12:03:12,306 INFO  [io.api.tes.uti.TestSeparator] (main) ############################################################################
2025-09-03 12:03:12,306 INFO  [io.api.tes.uti.TestSeparator] (main) io.apicurio.tests.serdes.apicurio.JsonSchemaSerdeIT.testTopicIdStrategyFindLatest-STARTED
**** Registry Base URL: http://registry-app-pg17.apps.ci419.apicurio-testing.org:80
2025-09-03 12:03:13,369 INFO  [org.apa.kaf.cli.pro.ProducerConfig] (main) ProducerConfig values: 
	acks = -1
	auto.include.jmx.reporter = true
	batch.size = 16384
	bootstrap.servers = [PLAINTEXT://localhost:32769]
	buffer.memory = 33554432
	client.dns.lookup = use_all_dns_ips
	client.id = Producer-topic-87521958_91ec_412f_b506_3a34921dd4de
	compression.gzip.level = -1
	compression.lz4.level = 9
	compression.type = none
	compression.zstd.level = 3
	connections.max.idle.ms = 10000
	delivery.timeout.ms = 120000
	enable.idempotence = true
	enable.metrics.push = true
	interceptor.classes = []
	key.serializer = class org.apache.kafka.common.serialization.StringSerializer
	linger.ms = 0
	max.block.ms = 60000
	max.in.flight.requests.per.connection = 5
	max.request.size = 1048576
	metadata.max.age.ms = 300000
	metadata.max.idle.ms = 300000
	metadata.recovery.strategy = none
	metric.reporters = []
	metrics.num.samples = 2
	metrics.recording.level = INFO
	metrics.sample.window.ms = 30000
	partitioner.adaptive.partitioning.enable = true
	partitioner.availability.timeout.ms = 0
	partitioner.class = null
	partitioner.ignore.keys = false
	receive.buffer.bytes = 32768
	reconnect.backoff.max.ms = 1000
	reconnect.backoff.ms = 50
	request.timeout.ms = 5000
	retries = 2147483647
	retry.backoff.max.ms = 1000
	retry.backoff.ms = 100
	sasl.client.callback.handler.class = null
	sasl.jaas.config = null
	sasl.kerberos.kinit.cmd = /usr/bin/kinit
	sasl.kerberos.min.time.before.relogin = 60000
	sasl.kerberos.service.name = null
	sasl.kerberos.ticket.renew.jitter = 0.05
	sasl.kerberos.ticket.renew.window.factor = 0.8
	sasl.login.callback.handler.class = null
	sasl.login.class = null
	sasl.login.connect.timeout.ms = null
	sasl.login.read.timeout.ms = null
	sasl.login.refresh.buffer.seconds = 300
	sasl.login.refresh.min.period.seconds = 60
	sasl.login.refresh.window.factor = 0.8
	sasl.login.refresh.window.jitter = 0.05
	sasl.login.retry.backoff.max.ms = 10000
	sasl.login.retry.backoff.ms = 100
	sasl.mechanism = GSSAPI
	sasl.oauthbearer.clock.skew.seconds = 30
	sasl.oauthbearer.expected.audience = null
	sasl.oauthbearer.expected.issuer = null
	sasl.oauthbearer.header.urlencode = false
	sasl.oauthbearer.jwks.endpoint.refresh.ms = 3600000
	sasl.oauthbearer.jwks.endpoint.retry.backoff.max.ms = 10000
	sasl.oauthbearer.jwks.endpoint.retry.backoff.ms = 100
	sasl.oauthbearer.jwks.endpoint.url = null
	sasl.oauthbearer.scope.claim.name = scope
	sasl.oauthbearer.sub.claim.name = sub
	sasl.oauthbearer.token.endpoint.url = null
	security.protocol = PLAINTEXT
	security.providers = null
	send.buffer.bytes = 131072
	socket.connection.setup.timeout.max.ms = 30000
	socket.connection.setup.timeout.ms = 10000
	ssl.cipher.suites = null
	ssl.enabled.protocols = [TLSv1.2, TLSv1.3]
	ssl.endpoint.identification.algorithm = https
	ssl.engine.factory.class = null
	ssl.key.password = null
	ssl.keymanager.algorithm = SunX509
	ssl.keystore.certificate.chain = null
	ssl.keystore.key = null
	ssl.keystore.location = null
	ssl.keystore.password = null
	ssl.keystore.type = JKS
	ssl.protocol = TLSv1.3
	ssl.provider = null
	ssl.secure.random.implementation = null
	ssl.trustmanager.algorithm = PKIX
	ssl.truststore.certificates = null
	ssl.truststore.location = null
	ssl.truststore.password = null
	ssl.truststore.type = JKS
	transaction.timeout.ms = 60000
	transactional.id = null
	value.serializer = class io.apicurio.registry.serde.jsonschema.JsonSchemaKafkaSerializer

2025-09-03 12:03:13,369 INFO  [org.apa.kaf.com.tel.int.KafkaMetricsCollector] (main) initializing Kafka metrics collector
2025-09-03 12:03:13,372 INFO  [org.apa.kaf.cli.pro.KafkaProducer] (main) [Producer clientId=Producer-topic-87521958_91ec_412f_b506_3a34921dd4de] Instantiated an idempotent producer.
2025-09-03 12:03:13,373 INFO  [org.apa.kaf.cli.pro.ProducerConfig] (main) These configurations '[apicurio.registry.url, apicurio.registry.headers.enabled, apicurio.registry.artifact-resolver-strategy]' were supplied but are not used yet.
2025-09-03 12:03:13,373 INFO  [org.apa.kaf.com.uti.AppInfoParser] (main) Kafka version: 3.9.1
2025-09-03 12:03:13,373 INFO  [org.apa.kaf.com.uti.AppInfoParser] (main) Kafka commitId: f745dfdcee2b9851
2025-09-03 12:03:13,373 INFO  [org.apa.kaf.com.uti.AppInfoParser] (main) Kafka startTimeMs: 1756900993373
2025-09-03 12:03:13,373 INFO  [io.api.tes.ser.api.SimpleSerdesTesterBuilder$SimpleSerdesTester] (main) Using producer configuration: {apicurio.registry.url=http://registry-app-pg17.apps.ci419.apicurio-testing.org:80/apis/registry/v3, apicurio.registry.headers.enabled=true, apicurio.registry.artifact-resolver-strategy=io.apicurio.registry.serde.strategy.TopicIdStrategy, value.serializer=io.apicurio.registry.serde.jsonschema.JsonSchemaKafkaSerializer, request.timeout.ms=5000, acks=all, bootstrap.servers=PLAINTEXT://localhost:32769, connections.max.idle.ms=10000, key.serializer=org.apache.kafka.common.serialization.StringSerializer, client.id=Producer-topic-87521958_91ec_412f_b506_3a34921dd4de}
2025-09-03 12:03:13,373 INFO  [io.api.tes.ser.api.SimpleSerdesTesterBuilder$SimpleSerdesTester] (main) Using consumer configuration: {apicurio.registry.headers.enabled=true}
2025-09-03 12:03:13,373 INFO  [io.api.tes.ser.api.KafkaSerdesTester] (ForkJoinPool.commonPool-worker-3) Sending message io.apicurio.tests.common.serdes.json.ValidMessage@11f01050 to topic topic-87521958_91ec_412f_b506_3a34921dd4de
2025-09-03 12:03:13,376 INFO  [org.apa.kaf.cli.Metadata] (kafka-producer-network-thread | Producer-topic-87521958_91ec_412f_b506_3a34921dd4de) [Producer clientId=Producer-topic-87521958_91ec_412f_b506_3a34921dd4de] Cluster ID: nUkOlczAQ6Czl-nFnffp0w
2025-09-03 12:03:13,376 INFO  [org.apa.kaf.cli.pro.int.TransactionManager] (kafka-producer-network-thread | Producer-topic-87521958_91ec_412f_b506_3a34921dd4de) [Producer clientId=Producer-topic-87521958_91ec_412f_b506_3a34921dd4de] ProducerId set to 30 with epoch 0
2025-09-03 12:03:13,475 INFO  [io.api.tes.ser.api.KafkaSerdesTester] (ForkJoinPool.commonPool-worker-3) Sending message io.apicurio.tests.common.serdes.json.ValidMessage@444fb7a0 to topic topic-87521958_91ec_412f_b506_3a34921dd4de
2025-09-03 12:03:13,476 INFO  [io.api.tes.ser.api.KafkaSerdesTester] (ForkJoinPool.commonPool-worker-3) Sending message io.apicurio.tests.common.serdes.json.ValidMessage@1ff2d68c to topic topic-87521958_91ec_412f_b506_3a34921dd4de
2025-09-03 12:03:13,477 INFO  [io.api.tes.ser.api.KafkaSerdesTester] (ForkJoinPool.commonPool-worker-3) Sending message io.apicurio.tests.common.serdes.json.ValidMessage@8fbac3 to topic topic-87521958_91ec_412f_b506_3a34921dd4de
2025-09-03 12:03:13,478 INFO  [io.api.tes.ser.api.KafkaSerdesTester] (ForkJoinPool.commonPool-worker-3) Sending message io.apicurio.tests.common.serdes.json.ValidMessage@ea31aff to topic topic-87521958_91ec_412f_b506_3a34921dd4de
2025-09-03 12:03:13,479 INFO  [io.api.tes.ser.api.KafkaSerdesTester] (ForkJoinPool.commonPool-worker-3) Sending message io.apicurio.tests.common.serdes.json.ValidMessage@6d9af939 to topic topic-87521958_91ec_412f_b506_3a34921dd4de
2025-09-03 12:03:13,480 INFO  [io.api.tes.ser.api.KafkaSerdesTester] (ForkJoinPool.commonPool-worker-3) Sending message io.apicurio.tests.common.serdes.json.ValidMessage@1b25f42d to topic topic-87521958_91ec_412f_b506_3a34921dd4de
2025-09-03 12:03:13,482 INFO  [io.api.tes.ser.api.KafkaSerdesTester] (ForkJoinPool.commonPool-worker-3) Sending message io.apicurio.tests.common.serdes.json.ValidMessage@4110ce09 to topic topic-87521958_91ec_412f_b506_3a34921dd4de
2025-09-03 12:03:13,482 INFO  [io.api.tes.ser.api.KafkaSerdesTester] (ForkJoinPool.commonPool-worker-3) Sending message io.apicurio.tests.common.serdes.json.ValidMessage@434da85e to topic topic-87521958_91ec_412f_b506_3a34921dd4de
2025-09-03 12:03:13,483 INFO  [io.api.tes.ser.api.KafkaSerdesTester] (ForkJoinPool.commonPool-worker-3) Sending message io.apicurio.tests.common.serdes.json.ValidMessage@32be69a6 to topic topic-87521958_91ec_412f_b506_3a34921dd4de
2025-09-03 12:03:13,484 INFO  [io.api.tes.ser.api.KafkaSerdesTester] (ForkJoinPool.commonPool-worker-3) Produced 10 messages
2025-09-03 12:03:13,484 INFO  [org.apa.kaf.cli.pro.KafkaProducer] (ForkJoinPool.commonPool-worker-3) [Producer clientId=Producer-topic-87521958_91ec_412f_b506_3a34921dd4de] Closing the Kafka producer with timeoutMillis = 9223372036854775807 ms.
2025-09-03 12:03:13,486 INFO  [org.apa.kaf.com.met.Metrics] (ForkJoinPool.commonPool-worker-3) Metrics scheduler closed
2025-09-03 12:03:13,486 INFO  [org.apa.kaf.com.met.Metrics] (ForkJoinPool.commonPool-worker-3) Closing reporter org.apache.kafka.common.metrics.JmxReporter
2025-09-03 12:03:13,486 INFO  [org.apa.kaf.com.met.Metrics] (ForkJoinPool.commonPool-worker-3) Closing reporter org.apache.kafka.common.telemetry.internals.ClientTelemetryReporter
2025-09-03 12:03:13,486 INFO  [org.apa.kaf.com.met.Metrics] (ForkJoinPool.commonPool-worker-3) Metrics reporters closed
2025-09-03 12:03:13,486 INFO  [org.apa.kaf.com.uti.AppInfoParser] (ForkJoinPool.commonPool-worker-3) App info kafka.producer for Producer-topic-87521958_91ec_412f_b506_3a34921dd4de unregistered
**** Registry Base URL: http://registry-app-pg17.apps.ci419.apicurio-testing.org:80
2025-09-03 12:03:13,487 INFO  [org.apa.kaf.cli.con.ConsumerConfig] (main) ConsumerConfig values: 
	allow.auto.create.topics = true
	auto.commit.interval.ms = 500
	auto.include.jmx.reporter = true
	auto.offset.reset = earliest
	bootstrap.servers = [PLAINTEXT://localhost:32769]
	check.crcs = true
	client.dns.lookup = use_all_dns_ips
	client.id = consumer-Consumer-topic-87521958_91ec_412f_b506_3a34921dd4de-21
	client.rack = 
	connections.max.idle.ms = 10000
	default.api.timeout.ms = 60000
	enable.auto.commit = true
	enable.metrics.push = true
	exclude.internal.topics = true
	fetch.max.bytes = 52428800
	fetch.max.wait.ms = 500
	fetch.min.bytes = 1
	group.id = Consumer-topic-87521958_91ec_412f_b506_3a34921dd4de
	group.instance.id = null
	group.protocol = classic
	group.remote.assignor = null
	heartbeat.interval.ms = 3000
	interceptor.classes = []
	internal.leave.group.on.close = true
	internal.throw.on.fetch.stable.offset.unsupported = false
	isolation.level = read_uncommitted
	key.deserializer = class org.apache.kafka.common.serialization.StringDeserializer
	max.partition.fetch.bytes = 1048576
	max.poll.interval.ms = 300000
	max.poll.records = 500
	metadata.max.age.ms = 300000
	metadata.recovery.strategy = none
	metric.reporters = []
	metrics.num.samples = 2
	metrics.recording.level = INFO
	metrics.sample.window.ms = 30000
	partition.assignment.strategy = [class org.apache.kafka.clients.consumer.RangeAssignor, class org.apache.kafka.clients.consumer.CooperativeStickyAssignor]
	receive.buffer.bytes = 65536
	reconnect.backoff.max.ms = 1000
	reconnect.backoff.ms = 50
	request.timeout.ms = 5000
	retry.backoff.max.ms = 1000
	retry.backoff.ms = 100
	sasl.client.callback.handler.class = null
	sasl.jaas.config = null
	sasl.kerberos.kinit.cmd = /usr/bin/kinit
	sasl.kerberos.min.time.before.relogin = 60000
	sasl.kerberos.service.name = null
	sasl.kerberos.ticket.renew.jitter = 0.05
	sasl.kerberos.ticket.renew.window.factor = 0.8
	sasl.login.callback.handler.class = null
	sasl.login.class = null
	sasl.login.connect.timeout.ms = null
	sasl.login.read.timeout.ms = null
	sasl.login.refresh.buffer.seconds = 300
	sasl.login.refresh.min.period.seconds = 60
	sasl.login.refresh.window.factor = 0.8
	sasl.login.refresh.window.jitter = 0.05
	sasl.login.retry.backoff.max.ms = 10000
	sasl.login.retry.backoff.ms = 100
	sasl.mechanism = GSSAPI
	sasl.oauthbearer.clock.skew.seconds = 30
	sasl.oauthbearer.expected.audience = null
	sasl.oauthbearer.expected.issuer = null
	sasl.oauthbearer.header.urlencode = false
	sasl.oauthbearer.jwks.endpoint.refresh.ms = 3600000
	sasl.oauthbearer.jwks.endpoint.retry.backoff.max.ms = 10000
	sasl.oauthbearer.jwks.endpoint.retry.backoff.ms = 100
	sasl.oauthbearer.jwks.endpoint.url = null
	sasl.oauthbearer.scope.claim.name = scope
	sasl.oauthbearer.sub.claim.name = sub
	sasl.oauthbearer.token.endpoint.url = null
	security.protocol = PLAINTEXT
	security.providers = null
	send.buffer.bytes = 131072
	session.timeout.ms = 45000
	socket.connection.setup.timeout.max.ms = 30000
	socket.connection.setup.timeout.ms = 10000
	ssl.cipher.suites = null
	ssl.enabled.protocols = [TLSv1.2, TLSv1.3]
	ssl.endpoint.identification.algorithm = https
	ssl.engine.factory.class = null
	ssl.key.password = null
	ssl.keymanager.algorithm = SunX509
	ssl.keystore.certificate.chain = null
	ssl.keystore.key = null
	ssl.keystore.location = null
	ssl.keystore.password = null
	ssl.keystore.type = JKS
	ssl.protocol = TLSv1.3
	ssl.provider = null
	ssl.secure.random.implementation = null
	ssl.trustmanager.algorithm = PKIX
	ssl.truststore.certificates = null
	ssl.truststore.location = null
	ssl.truststore.password = null
	ssl.truststore.type = JKS
	value.deserializer = class io.apicurio.registry.serde.jsonschema.JsonSchemaKafkaDeserializer

2025-09-03 12:03:13,487 INFO  [org.apa.kaf.com.tel.int.KafkaMetricsCollector] (main) initializing Kafka metrics collector
2025-09-03 12:03:13,491 INFO  [org.apa.kaf.cli.con.ConsumerConfig] (main) These configurations '[apicurio.registry.url, apicurio.registry.headers.enabled]' were supplied but are not used yet.
2025-09-03 12:03:13,491 INFO  [org.apa.kaf.com.uti.AppInfoParser] (main) Kafka version: 3.9.1
2025-09-03 12:03:13,491 INFO  [org.apa.kaf.com.uti.AppInfoParser] (main) Kafka commitId: f745dfdcee2b9851
2025-09-03 12:03:13,491 INFO  [org.apa.kaf.com.uti.AppInfoParser] (main) Kafka startTimeMs: 1756900993491
2025-09-03 12:03:13,491 INFO  [org.apa.kaf.cli.con.int.ClassicKafkaConsumer] (ForkJoinPool.commonPool-worker-3) [Consumer clientId=consumer-Consumer-topic-87521958_91ec_412f_b506_3a34921dd4de-21, groupId=Consumer-topic-87521958_91ec_412f_b506_3a34921dd4de] Subscribed to topic(s): topic-87521958_91ec_412f_b506_3a34921dd4de
2025-09-03 12:03:13,494 INFO  [org.apa.kaf.cli.Metadata] (ForkJoinPool.commonPool-worker-3) [Consumer clientId=consumer-Consumer-topic-87521958_91ec_412f_b506_3a34921dd4de-21, groupId=Consumer-topic-87521958_91ec_412f_b506_3a34921dd4de] Cluster ID: nUkOlczAQ6Czl-nFnffp0w
2025-09-03 12:03:13,494 INFO  [org.apa.kaf.cli.con.int.ConsumerCoordinator] (ForkJoinPool.commonPool-worker-3) [Consumer clientId=consumer-Consumer-topic-87521958_91ec_412f_b506_3a34921dd4de-21, groupId=Consumer-topic-87521958_91ec_412f_b506_3a34921dd4de] Discovered group coordinator localhost:32769 (id: 2147483647 rack: null)
2025-09-03 12:03:13,495 INFO  [org.apa.kaf.cli.con.int.ConsumerCoordinator] (ForkJoinPool.commonPool-worker-3) [Consumer clientId=consumer-Consumer-topic-87521958_91ec_412f_b506_3a34921dd4de-21, groupId=Consumer-topic-87521958_91ec_412f_b506_3a34921dd4de] (Re-)joining group
2025-09-03 12:03:13,497 INFO  [org.apa.kaf.cli.con.int.ConsumerCoordinator] (ForkJoinPool.commonPool-worker-3) [Consumer clientId=consumer-Consumer-topic-87521958_91ec_412f_b506_3a34921dd4de-21, groupId=Consumer-topic-87521958_91ec_412f_b506_3a34921dd4de] Request joining group due to: need to re-join with the given member-id: consumer-Consumer-topic-87521958_91ec_412f_b506_3a34921dd4de-21-09bad0a5-6423-4aeb-b0a6-caf21e853a4d
2025-09-03 12:03:13,497 INFO  [org.apa.kaf.cli.con.int.ConsumerCoordinator] (ForkJoinPool.commonPool-worker-3) [Consumer clientId=consumer-Consumer-topic-87521958_91ec_412f_b506_3a34921dd4de-21, groupId=Consumer-topic-87521958_91ec_412f_b506_3a34921dd4de] (Re-)joining group
2025-09-03 12:03:14,491 INFO  [io.api.tes.ser.api.KafkaSerdesTester] (ForkJoinPool.commonPool-worker-3) None found
2025-09-03 12:03:15,491 INFO  [io.api.tes.ser.api.KafkaSerdesTester] (ForkJoinPool.commonPool-worker-3) None found
2025-09-03 12:03:16,492 INFO  [io.api.tes.ser.api.KafkaSerdesTester] (ForkJoinPool.commonPool-worker-3) None found
2025-09-03 12:03:16,499 INFO  [org.apa.kaf.cli.con.int.ConsumerCoordinator] (ForkJoinPool.commonPool-worker-3) [Consumer clientId=consumer-Consumer-topic-87521958_91ec_412f_b506_3a34921dd4de-21, groupId=Consumer-topic-87521958_91ec_412f_b506_3a34921dd4de] Successfully joined group with generation Generation{generationId=1, memberId='consumer-Consumer-topic-87521958_91ec_412f_b506_3a34921dd4de-21-09bad0a5-6423-4aeb-b0a6-caf21e853a4d', protocol='range'}
2025-09-03 12:03:16,499 INFO  [org.apa.kaf.cli.con.int.ConsumerCoordinator] (ForkJoinPool.commonPool-worker-3) [Consumer clientId=consumer-Consumer-topic-87521958_91ec_412f_b506_3a34921dd4de-21, groupId=Consumer-topic-87521958_91ec_412f_b506_3a34921dd4de] Finished assignment for group at generation 1: {consumer-Consumer-topic-87521958_91ec_412f_b506_3a34921dd4de-21-09bad0a5-6423-4aeb-b0a6-caf21e853a4d=Assignment(partitions=[topic-87521958_91ec_412f_b506_3a34921dd4de-0])}
2025-09-03 12:03:16,506 INFO  [org.apa.kaf.cli.con.int.ConsumerCoordinator] (ForkJoinPool.commonPool-worker-3) [Consumer clientId=consumer-Consumer-topic-87521958_91ec_412f_b506_3a34921dd4de-21, groupId=Consumer-topic-87521958_91ec_412f_b506_3a34921dd4de] Successfully synced group in generation Generation{generationId=1, memberId='consumer-Consumer-topic-87521958_91ec_412f_b506_3a34921dd4de-21-09bad0a5-6423-4aeb-b0a6-caf21e853a4d', protocol='range'}
2025-09-03 12:03:16,506 INFO  [org.apa.kaf.cli.con.int.ConsumerCoordinator] (ForkJoinPool.commonPool-worker-3) [Consumer clientId=consumer-Consumer-topic-87521958_91ec_412f_b506_3a34921dd4de-21, groupId=Consumer-topic-87521958_91ec_412f_b506_3a34921dd4de] Notifying assignor about the new Assignment(partitions=[topic-87521958_91ec_412f_b506_3a34921dd4de-0])
2025-09-03 12:03:16,506 INFO  [org.apa.kaf.cli.con.int.ConsumerRebalanceListenerInvoker] (ForkJoinPool.commonPool-worker-3) [Consumer clientId=consumer-Consumer-topic-87521958_91ec_412f_b506_3a34921dd4de-21, groupId=Consumer-topic-87521958_91ec_412f_b506_3a34921dd4de] Adding newly assigned partitions: topic-87521958_91ec_412f_b506_3a34921dd4de-0
2025-09-03 12:03:16,507 INFO  [org.apa.kaf.cli.con.int.ConsumerCoordinator] (ForkJoinPool.commonPool-worker-3) [Consumer clientId=consumer-Consumer-topic-87521958_91ec_412f_b506_3a34921dd4de-21, groupId=Consumer-topic-87521958_91ec_412f_b506_3a34921dd4de] Found no committed offset for partition topic-87521958_91ec_412f_b506_3a34921dd4de-0
2025-09-03 12:03:16,509 INFO  [org.apa.kaf.cli.con.int.SubscriptionState] (ForkJoinPool.commonPool-worker-3) [Consumer clientId=consumer-Consumer-topic-87521958_91ec_412f_b506_3a34921dd4de-21, groupId=Consumer-topic-87521958_91ec_412f_b506_3a34921dd4de] Resetting offset for partition topic-87521958_91ec_412f_b506_3a34921dd4de-0 to position FetchPosition{offset=0, offsetEpoch=Optional.empty, currentLeader=LeaderAndEpoch{leader=Optional[localhost:32769 (id: 0 rack: null)], epoch=0}}.
2025-09-03 12:03:16,588 INFO  [io.api.tes.ser.api.KafkaSerdesTester] (ForkJoinPool.commonPool-worker-3) topic-87521958_91ec_412f_b506_3a34921dd4de 0 0 io.apicurio.tests.common.serdes.json.ValidMessage@120e44c6
2025-09-03 12:03:16,588 INFO  [io.api.tes.ser.api.KafkaSerdesTester] (ForkJoinPool.commonPool-worker-3) topic-87521958_91ec_412f_b506_3a34921dd4de 0 1 io.apicurio.tests.common.serdes.json.ValidMessage@7eb5f48f
2025-09-03 12:03:16,588 INFO  [io.api.tes.ser.api.KafkaSerdesTester] (ForkJoinPool.commonPool-worker-3) topic-87521958_91ec_412f_b506_3a34921dd4de 0 2 io.apicurio.tests.common.serdes.json.ValidMessage@68049553
2025-09-03 12:03:16,588 INFO  [io.api.tes.ser.api.KafkaSerdesTester] (ForkJoinPool.commonPool-worker-3) topic-87521958_91ec_412f_b506_3a34921dd4de 0 3 io.apicurio.tests.common.serdes.json.ValidMessage@12fed2fb
2025-09-03 12:03:16,588 INFO  [io.api.tes.ser.api.KafkaSerdesTester] (ForkJoinPool.commonPool-worker-3) topic-87521958_91ec_412f_b506_3a34921dd4de 0 4 io.apicurio.tests.common.serdes.json.ValidMessage@72b68c16
2025-09-03 12:03:16,588 INFO  [io.api.tes.ser.api.KafkaSerdesTester] (ForkJoinPool.commonPool-worker-3) topic-87521958_91ec_412f_b506_3a34921dd4de 0 5 io.apicurio.tests.common.serdes.json.ValidMessage@23f61f43
2025-09-03 12:03:16,588 INFO  [io.api.tes.ser.api.KafkaSerdesTester] (ForkJoinPool.commonPool-worker-3) topic-87521958_91ec_412f_b506_3a34921dd4de 0 6 io.apicurio.tests.common.serdes.json.ValidMessage@6f94b863
2025-09-03 12:03:16,588 INFO  [io.api.tes.ser.api.KafkaSerdesTester] (ForkJoinPool.commonPool-worker-3) topic-87521958_91ec_412f_b506_3a34921dd4de 0 7 io.apicurio.tests.common.serdes.json.ValidMessage@b19c660
2025-09-03 12:03:16,588 INFO  [io.api.tes.ser.api.KafkaSerdesTester] (ForkJoinPool.commonPool-worker-3) topic-87521958_91ec_412f_b506_3a34921dd4de 0 8 io.apicurio.tests.common.serdes.json.ValidMessage@4d092d29
2025-09-03 12:03:16,588 INFO  [io.api.tes.ser.api.KafkaSerdesTester] (ForkJoinPool.commonPool-worker-3) topic-87521958_91ec_412f_b506_3a34921dd4de 0 9 io.apicurio.tests.common.serdes.json.ValidMessage@5e963fcc
2025-09-03 12:03:16,588 INFO  [io.api.tes.ser.api.KafkaSerdesTester] (ForkJoinPool.commonPool-worker-3) Consumed 10 messages
2025-09-03 12:03:16,595 INFO  [org.apa.kaf.cli.con.int.ConsumerRebalanceListenerInvoker] (ForkJoinPool.commonPool-worker-3) [Consumer clientId=consumer-Consumer-topic-87521958_91ec_412f_b506_3a34921dd4de-21, groupId=Consumer-topic-87521958_91ec_412f_b506_3a34921dd4de] Revoke previously assigned partitions topic-87521958_91ec_412f_b506_3a34921dd4de-0
2025-09-03 12:03:16,595 INFO  [org.apa.kaf.cli.con.int.ConsumerCoordinator] (ForkJoinPool.commonPool-worker-3) [Consumer clientId=consumer-Consumer-topic-87521958_91ec_412f_b506_3a34921dd4de-21, groupId=Consumer-topic-87521958_91ec_412f_b506_3a34921dd4de] Member consumer-Consumer-topic-87521958_91ec_412f_b506_3a34921dd4de-21-09bad0a5-6423-4aeb-b0a6-caf21e853a4d sending LeaveGroup request to coordinator localhost:32769 (id: 2147483647 rack: null) due to the consumer is being closed
2025-09-03 12:03:16,595 INFO  [org.apa.kaf.cli.con.int.ConsumerCoordinator] (ForkJoinPool.commonPool-worker-3) [Consumer clientId=consumer-Consumer-topic-87521958_91ec_412f_b506_3a34921dd4de-21, groupId=Consumer-topic-87521958_91ec_412f_b506_3a34921dd4de] Resetting generation and member id due to: consumer pro-actively leaving the group
2025-09-03 12:03:16,595 INFO  [org.apa.kaf.cli.con.int.ConsumerCoordinator] (ForkJoinPool.commonPool-worker-3) [Consumer clientId=consumer-Consumer-topic-87521958_91ec_412f_b506_3a34921dd4de-21, groupId=Consumer-topic-87521958_91ec_412f_b506_3a34921dd4de] Request joining group due to: consumer pro-actively leaving the group
2025-09-03 12:03:17,090 INFO  [org.apa.kaf.com.met.Metrics] (ForkJoinPool.commonPool-worker-3) Metrics scheduler closed
2025-09-03 12:03:17,090 INFO  [org.apa.kaf.com.met.Metrics] (ForkJoinPool.commonPool-worker-3) Closing reporter org.apache.kafka.common.metrics.JmxReporter
2025-09-03 12:03:17,090 INFO  [org.apa.kaf.com.met.Metrics] (ForkJoinPool.commonPool-worker-3) Closing reporter org.apache.kafka.common.telemetry.internals.ClientTelemetryReporter
2025-09-03 12:03:17,091 INFO  [org.apa.kaf.com.met.Metrics] (ForkJoinPool.commonPool-worker-3) Metrics reporters closed
2025-09-03 12:03:17,092 INFO  [org.apa.kaf.com.uti.AppInfoParser] (ForkJoinPool.commonPool-worker-3) App info kafka.consumer for consumer-Consumer-topic-87521958_91ec_412f_b506_3a34921dd4de-21 unregistered
2025-09-03 12:03:17,092 INFO  [io.api.tes.uti.TestSeparator] (main) io.apicurio.tests.serdes.apicurio.JsonSchemaSerdeIT.testTopicIdStrategyFindLatest-FINISHED
2025-09-03 12:03:17,092 INFO  [io.api.tes.uti.TestSeparator] (main) ############################################################################
Test passed: testTopicIdStrategyFindLatest
]]></system-out>
  </testcase>
  <testcase name="testConsumeReturnSpecificClass" classname="io.apicurio.tests.serdes.apicurio.JsonSchemaSerdeIT" time="4.957">
    <system-out><![CDATA[2025-09-03 12:03:17,097 INFO  [io.api.tes.uti.TestSeparator] (main) ############################################################################
2025-09-03 12:03:17,097 INFO  [io.api.tes.uti.TestSeparator] (main) io.apicurio.tests.serdes.apicurio.JsonSchemaSerdeIT.testConsumeReturnSpecificClass-STARTED
**** Registry Base URL: http://registry-app-pg17.apps.ci419.apicurio-testing.org:80
2025-09-03 12:03:18,156 INFO  [org.apa.kaf.cli.pro.ProducerConfig] (main) ProducerConfig values: 
	acks = -1
	auto.include.jmx.reporter = true
	batch.size = 16384
	bootstrap.servers = [PLAINTEXT://localhost:32769]
	buffer.memory = 33554432
	client.dns.lookup = use_all_dns_ips
	client.id = Producer-topic-fb9b0acb_a753_41a8_804e_3f5b4c510e1c
	compression.gzip.level = -1
	compression.lz4.level = 9
	compression.type = none
	compression.zstd.level = 3
	connections.max.idle.ms = 10000
	delivery.timeout.ms = 120000
	enable.idempotence = true
	enable.metrics.push = true
	interceptor.classes = []
	key.serializer = class org.apache.kafka.common.serialization.StringSerializer
	linger.ms = 0
	max.block.ms = 60000
	max.in.flight.requests.per.connection = 5
	max.request.size = 1048576
	metadata.max.age.ms = 300000
	metadata.max.idle.ms = 300000
	metadata.recovery.strategy = none
	metric.reporters = []
	metrics.num.samples = 2
	metrics.recording.level = INFO
	metrics.sample.window.ms = 30000
	partitioner.adaptive.partitioning.enable = true
	partitioner.availability.timeout.ms = 0
	partitioner.class = null
	partitioner.ignore.keys = false
	receive.buffer.bytes = 32768
	reconnect.backoff.max.ms = 1000
	reconnect.backoff.ms = 50
	request.timeout.ms = 5000
	retries = 2147483647
	retry.backoff.max.ms = 1000
	retry.backoff.ms = 100
	sasl.client.callback.handler.class = null
	sasl.jaas.config = null
	sasl.kerberos.kinit.cmd = /usr/bin/kinit
	sasl.kerberos.min.time.before.relogin = 60000
	sasl.kerberos.service.name = null
	sasl.kerberos.ticket.renew.jitter = 0.05
	sasl.kerberos.ticket.renew.window.factor = 0.8
	sasl.login.callback.handler.class = null
	sasl.login.class = null
	sasl.login.connect.timeout.ms = null
	sasl.login.read.timeout.ms = null
	sasl.login.refresh.buffer.seconds = 300
	sasl.login.refresh.min.period.seconds = 60
	sasl.login.refresh.window.factor = 0.8
	sasl.login.refresh.window.jitter = 0.05
	sasl.login.retry.backoff.max.ms = 10000
	sasl.login.retry.backoff.ms = 100
	sasl.mechanism = GSSAPI
	sasl.oauthbearer.clock.skew.seconds = 30
	sasl.oauthbearer.expected.audience = null
	sasl.oauthbearer.expected.issuer = null
	sasl.oauthbearer.header.urlencode = false
	sasl.oauthbearer.jwks.endpoint.refresh.ms = 3600000
	sasl.oauthbearer.jwks.endpoint.retry.backoff.max.ms = 10000
	sasl.oauthbearer.jwks.endpoint.retry.backoff.ms = 100
	sasl.oauthbearer.jwks.endpoint.url = null
	sasl.oauthbearer.scope.claim.name = scope
	sasl.oauthbearer.sub.claim.name = sub
	sasl.oauthbearer.token.endpoint.url = null
	security.protocol = PLAINTEXT
	security.providers = null
	send.buffer.bytes = 131072
	socket.connection.setup.timeout.max.ms = 30000
	socket.connection.setup.timeout.ms = 10000
	ssl.cipher.suites = null
	ssl.enabled.protocols = [TLSv1.2, TLSv1.3]
	ssl.endpoint.identification.algorithm = https
	ssl.engine.factory.class = null
	ssl.key.password = null
	ssl.keymanager.algorithm = SunX509
	ssl.keystore.certificate.chain = null
	ssl.keystore.key = null
	ssl.keystore.location = null
	ssl.keystore.password = null
	ssl.keystore.type = JKS
	ssl.protocol = TLSv1.3
	ssl.provider = null
	ssl.secure.random.implementation = null
	ssl.trustmanager.algorithm = PKIX
	ssl.truststore.certificates = null
	ssl.truststore.location = null
	ssl.truststore.password = null
	ssl.truststore.type = JKS
	transaction.timeout.ms = 60000
	transactional.id = null
	value.serializer = class io.apicurio.registry.serde.jsonschema.JsonSchemaKafkaSerializer

2025-09-03 12:03:18,156 INFO  [org.apa.kaf.com.tel.int.KafkaMetricsCollector] (main) initializing Kafka metrics collector
2025-09-03 12:03:18,159 INFO  [org.apa.kaf.cli.pro.KafkaProducer] (main) [Producer clientId=Producer-topic-fb9b0acb_a753_41a8_804e_3f5b4c510e1c] Instantiated an idempotent producer.
2025-09-03 12:03:18,160 INFO  [org.apa.kaf.cli.pro.ProducerConfig] (main) These configurations '[apicurio.registry.url, apicurio.registry.artifact-resolver-strategy]' were supplied but are not used yet.
2025-09-03 12:03:18,160 INFO  [org.apa.kaf.com.uti.AppInfoParser] (main) Kafka version: 3.9.1
2025-09-03 12:03:18,160 INFO  [org.apa.kaf.com.uti.AppInfoParser] (main) Kafka commitId: f745dfdcee2b9851
2025-09-03 12:03:18,160 INFO  [org.apa.kaf.com.uti.AppInfoParser] (main) Kafka startTimeMs: 1756900998160
2025-09-03 12:03:18,160 INFO  [io.api.tes.ser.api.SimpleSerdesTesterBuilder$SimpleSerdesTester] (main) Using producer configuration: {apicurio.registry.url=http://registry-app-pg17.apps.ci419.apicurio-testing.org:80/apis/registry/v3, apicurio.registry.artifact-resolver-strategy=io.apicurio.registry.serde.strategy.SimpleTopicIdStrategy, value.serializer=io.apicurio.registry.serde.jsonschema.JsonSchemaKafkaSerializer, request.timeout.ms=5000, acks=all, bootstrap.servers=PLAINTEXT://localhost:32769, connections.max.idle.ms=10000, key.serializer=org.apache.kafka.common.serialization.StringSerializer, client.id=Producer-topic-fb9b0acb_a753_41a8_804e_3f5b4c510e1c}
2025-09-03 12:03:18,160 INFO  [io.api.tes.ser.api.SimpleSerdesTesterBuilder$SimpleSerdesTester] (main) Using consumer configuration: {apicurio.registry.deserializer.value.return-class=java.util.Map}
2025-09-03 12:03:18,160 INFO  [io.api.tes.ser.api.KafkaSerdesTester] (ForkJoinPool.commonPool-worker-3) Sending message io.apicurio.tests.common.serdes.json.ValidMessage@148bc3dd to topic topic-fb9b0acb_a753_41a8_804e_3f5b4c510e1c
2025-09-03 12:03:18,163 INFO  [org.apa.kaf.cli.Metadata] (kafka-producer-network-thread | Producer-topic-fb9b0acb_a753_41a8_804e_3f5b4c510e1c) [Producer clientId=Producer-topic-fb9b0acb_a753_41a8_804e_3f5b4c510e1c] Cluster ID: nUkOlczAQ6Czl-nFnffp0w
2025-09-03 12:03:18,163 INFO  [org.apa.kaf.cli.pro.int.TransactionManager] (kafka-producer-network-thread | Producer-topic-fb9b0acb_a753_41a8_804e_3f5b4c510e1c) [Producer clientId=Producer-topic-fb9b0acb_a753_41a8_804e_3f5b4c510e1c] ProducerId set to 31 with epoch 0
2025-09-03 12:03:18,429 INFO  [io.api.tes.ser.api.KafkaSerdesTester] (ForkJoinPool.commonPool-worker-3) Sending message io.apicurio.tests.common.serdes.json.ValidMessage@7d0f3e22 to topic topic-fb9b0acb_a753_41a8_804e_3f5b4c510e1c
2025-09-03 12:03:18,430 INFO  [io.api.tes.ser.api.KafkaSerdesTester] (ForkJoinPool.commonPool-worker-3) Sending message io.apicurio.tests.common.serdes.json.ValidMessage@3e0f535a to topic topic-fb9b0acb_a753_41a8_804e_3f5b4c510e1c
2025-09-03 12:03:18,431 INFO  [io.api.tes.ser.api.KafkaSerdesTester] (ForkJoinPool.commonPool-worker-3) Sending message io.apicurio.tests.common.serdes.json.ValidMessage@68fd98d3 to topic topic-fb9b0acb_a753_41a8_804e_3f5b4c510e1c
2025-09-03 12:03:18,432 INFO  [io.api.tes.ser.api.KafkaSerdesTester] (ForkJoinPool.commonPool-worker-3) Sending message io.apicurio.tests.common.serdes.json.ValidMessage@2ec554da to topic topic-fb9b0acb_a753_41a8_804e_3f5b4c510e1c
2025-09-03 12:03:18,433 INFO  [io.api.tes.ser.api.KafkaSerdesTester] (ForkJoinPool.commonPool-worker-3) Sending message io.apicurio.tests.common.serdes.json.ValidMessage@7c01f5a4 to topic topic-fb9b0acb_a753_41a8_804e_3f5b4c510e1c
2025-09-03 12:03:18,434 INFO  [io.api.tes.ser.api.KafkaSerdesTester] (ForkJoinPool.commonPool-worker-3) Sending message io.apicurio.tests.common.serdes.json.ValidMessage@30c02268 to topic topic-fb9b0acb_a753_41a8_804e_3f5b4c510e1c
2025-09-03 12:03:18,435 INFO  [io.api.tes.ser.api.KafkaSerdesTester] (ForkJoinPool.commonPool-worker-3) Sending message io.apicurio.tests.common.serdes.json.ValidMessage@4d24beef to topic topic-fb9b0acb_a753_41a8_804e_3f5b4c510e1c
2025-09-03 12:03:18,437 INFO  [io.api.tes.ser.api.KafkaSerdesTester] (ForkJoinPool.commonPool-worker-3) Sending message io.apicurio.tests.common.serdes.json.ValidMessage@76766742 to topic topic-fb9b0acb_a753_41a8_804e_3f5b4c510e1c
2025-09-03 12:03:18,438 INFO  [io.api.tes.ser.api.KafkaSerdesTester] (ForkJoinPool.commonPool-worker-3) Sending message io.apicurio.tests.common.serdes.json.ValidMessage@7e54df71 to topic topic-fb9b0acb_a753_41a8_804e_3f5b4c510e1c
2025-09-03 12:03:18,439 INFO  [io.api.tes.ser.api.KafkaSerdesTester] (ForkJoinPool.commonPool-worker-3) Produced 10 messages
2025-09-03 12:03:18,439 INFO  [org.apa.kaf.cli.pro.KafkaProducer] (ForkJoinPool.commonPool-worker-3) [Producer clientId=Producer-topic-fb9b0acb_a753_41a8_804e_3f5b4c510e1c] Closing the Kafka producer with timeoutMillis = 9223372036854775807 ms.
2025-09-03 12:03:18,440 INFO  [org.apa.kaf.com.met.Metrics] (ForkJoinPool.commonPool-worker-3) Metrics scheduler closed
2025-09-03 12:03:18,441 INFO  [org.apa.kaf.com.met.Metrics] (ForkJoinPool.commonPool-worker-3) Closing reporter org.apache.kafka.common.metrics.JmxReporter
2025-09-03 12:03:18,441 INFO  [org.apa.kaf.com.met.Metrics] (ForkJoinPool.commonPool-worker-3) Closing reporter org.apache.kafka.common.telemetry.internals.ClientTelemetryReporter
2025-09-03 12:03:18,441 INFO  [org.apa.kaf.com.met.Metrics] (ForkJoinPool.commonPool-worker-3) Metrics reporters closed
2025-09-03 12:03:18,441 INFO  [org.apa.kaf.com.uti.AppInfoParser] (ForkJoinPool.commonPool-worker-3) App info kafka.producer for Producer-topic-fb9b0acb_a753_41a8_804e_3f5b4c510e1c unregistered
**** Registry Base URL: http://registry-app-pg17.apps.ci419.apicurio-testing.org:80
2025-09-03 12:03:18,441 INFO  [org.apa.kaf.cli.con.ConsumerConfig] (main) ConsumerConfig values: 
	allow.auto.create.topics = true
	auto.commit.interval.ms = 500
	auto.include.jmx.reporter = true
	auto.offset.reset = earliest
	bootstrap.servers = [PLAINTEXT://localhost:32769]
	check.crcs = true
	client.dns.lookup = use_all_dns_ips
	client.id = consumer-Consumer-topic-fb9b0acb_a753_41a8_804e_3f5b4c510e1c-22
	client.rack = 
	connections.max.idle.ms = 10000
	default.api.timeout.ms = 60000
	enable.auto.commit = true
	enable.metrics.push = true
	exclude.internal.topics = true
	fetch.max.bytes = 52428800
	fetch.max.wait.ms = 500
	fetch.min.bytes = 1
	group.id = Consumer-topic-fb9b0acb_a753_41a8_804e_3f5b4c510e1c
	group.instance.id = null
	group.protocol = classic
	group.remote.assignor = null
	heartbeat.interval.ms = 3000
	interceptor.classes = []
	internal.leave.group.on.close = true
	internal.throw.on.fetch.stable.offset.unsupported = false
	isolation.level = read_uncommitted
	key.deserializer = class org.apache.kafka.common.serialization.StringDeserializer
	max.partition.fetch.bytes = 1048576
	max.poll.interval.ms = 300000
	max.poll.records = 500
	metadata.max.age.ms = 300000
	metadata.recovery.strategy = none
	metric.reporters = []
	metrics.num.samples = 2
	metrics.recording.level = INFO
	metrics.sample.window.ms = 30000
	partition.assignment.strategy = [class org.apache.kafka.clients.consumer.RangeAssignor, class org.apache.kafka.clients.consumer.CooperativeStickyAssignor]
	receive.buffer.bytes = 65536
	reconnect.backoff.max.ms = 1000
	reconnect.backoff.ms = 50
	request.timeout.ms = 5000
	retry.backoff.max.ms = 1000
	retry.backoff.ms = 100
	sasl.client.callback.handler.class = null
	sasl.jaas.config = null
	sasl.kerberos.kinit.cmd = /usr/bin/kinit
	sasl.kerberos.min.time.before.relogin = 60000
	sasl.kerberos.service.name = null
	sasl.kerberos.ticket.renew.jitter = 0.05
	sasl.kerberos.ticket.renew.window.factor = 0.8
	sasl.login.callback.handler.class = null
	sasl.login.class = null
	sasl.login.connect.timeout.ms = null
	sasl.login.read.timeout.ms = null
	sasl.login.refresh.buffer.seconds = 300
	sasl.login.refresh.min.period.seconds = 60
	sasl.login.refresh.window.factor = 0.8
	sasl.login.refresh.window.jitter = 0.05
	sasl.login.retry.backoff.max.ms = 10000
	sasl.login.retry.backoff.ms = 100
	sasl.mechanism = GSSAPI
	sasl.oauthbearer.clock.skew.seconds = 30
	sasl.oauthbearer.expected.audience = null
	sasl.oauthbearer.expected.issuer = null
	sasl.oauthbearer.header.urlencode = false
	sasl.oauthbearer.jwks.endpoint.refresh.ms = 3600000
	sasl.oauthbearer.jwks.endpoint.retry.backoff.max.ms = 10000
	sasl.oauthbearer.jwks.endpoint.retry.backoff.ms = 100
	sasl.oauthbearer.jwks.endpoint.url = null
	sasl.oauthbearer.scope.claim.name = scope
	sasl.oauthbearer.sub.claim.name = sub
	sasl.oauthbearer.token.endpoint.url = null
	security.protocol = PLAINTEXT
	security.providers = null
	send.buffer.bytes = 131072
	session.timeout.ms = 45000
	socket.connection.setup.timeout.max.ms = 30000
	socket.connection.setup.timeout.ms = 10000
	ssl.cipher.suites = null
	ssl.enabled.protocols = [TLSv1.2, TLSv1.3]
	ssl.endpoint.identification.algorithm = https
	ssl.engine.factory.class = null
	ssl.key.password = null
	ssl.keymanager.algorithm = SunX509
	ssl.keystore.certificate.chain = null
	ssl.keystore.key = null
	ssl.keystore.location = null
	ssl.keystore.password = null
	ssl.keystore.type = JKS
	ssl.protocol = TLSv1.3
	ssl.provider = null
	ssl.secure.random.implementation = null
	ssl.trustmanager.algorithm = PKIX
	ssl.truststore.certificates = null
	ssl.truststore.location = null
	ssl.truststore.password = null
	ssl.truststore.type = JKS
	value.deserializer = class io.apicurio.registry.serde.jsonschema.JsonSchemaKafkaDeserializer

2025-09-03 12:03:18,442 INFO  [org.apa.kaf.com.tel.int.KafkaMetricsCollector] (main) initializing Kafka metrics collector
2025-09-03 12:03:18,447 INFO  [org.apa.kaf.cli.con.ConsumerConfig] (main) These configurations '[apicurio.registry.deserializer.value.return-class, apicurio.registry.url]' were supplied but are not used yet.
2025-09-03 12:03:18,447 INFO  [org.apa.kaf.com.uti.AppInfoParser] (main) Kafka version: 3.9.1
2025-09-03 12:03:18,447 INFO  [org.apa.kaf.com.uti.AppInfoParser] (main) Kafka commitId: f745dfdcee2b9851
2025-09-03 12:03:18,447 INFO  [org.apa.kaf.com.uti.AppInfoParser] (main) Kafka startTimeMs: 1756900998447
2025-09-03 12:03:18,447 INFO  [org.apa.kaf.cli.con.int.ClassicKafkaConsumer] (ForkJoinPool.commonPool-worker-3) [Consumer clientId=consumer-Consumer-topic-fb9b0acb_a753_41a8_804e_3f5b4c510e1c-22, groupId=Consumer-topic-fb9b0acb_a753_41a8_804e_3f5b4c510e1c] Subscribed to topic(s): topic-fb9b0acb_a753_41a8_804e_3f5b4c510e1c
2025-09-03 12:03:18,450 INFO  [org.apa.kaf.cli.Metadata] (ForkJoinPool.commonPool-worker-3) [Consumer clientId=consumer-Consumer-topic-fb9b0acb_a753_41a8_804e_3f5b4c510e1c-22, groupId=Consumer-topic-fb9b0acb_a753_41a8_804e_3f5b4c510e1c] Cluster ID: nUkOlczAQ6Czl-nFnffp0w
2025-09-03 12:03:18,450 INFO  [org.apa.kaf.cli.con.int.ConsumerCoordinator] (ForkJoinPool.commonPool-worker-3) [Consumer clientId=consumer-Consumer-topic-fb9b0acb_a753_41a8_804e_3f5b4c510e1c-22, groupId=Consumer-topic-fb9b0acb_a753_41a8_804e_3f5b4c510e1c] Discovered group coordinator localhost:32769 (id: 2147483647 rack: null)
2025-09-03 12:03:18,451 INFO  [org.apa.kaf.cli.con.int.ConsumerCoordinator] (ForkJoinPool.commonPool-worker-3) [Consumer clientId=consumer-Consumer-topic-fb9b0acb_a753_41a8_804e_3f5b4c510e1c-22, groupId=Consumer-topic-fb9b0acb_a753_41a8_804e_3f5b4c510e1c] (Re-)joining group
2025-09-03 12:03:18,453 INFO  [org.apa.kaf.cli.con.int.ConsumerCoordinator] (ForkJoinPool.commonPool-worker-3) [Consumer clientId=consumer-Consumer-topic-fb9b0acb_a753_41a8_804e_3f5b4c510e1c-22, groupId=Consumer-topic-fb9b0acb_a753_41a8_804e_3f5b4c510e1c] Request joining group due to: need to re-join with the given member-id: consumer-Consumer-topic-fb9b0acb_a753_41a8_804e_3f5b4c510e1c-22-f7bdb465-be12-4576-bffe-4a796514da03
2025-09-03 12:03:18,453 INFO  [org.apa.kaf.cli.con.int.ConsumerCoordinator] (ForkJoinPool.commonPool-worker-3) [Consumer clientId=consumer-Consumer-topic-fb9b0acb_a753_41a8_804e_3f5b4c510e1c-22, groupId=Consumer-topic-fb9b0acb_a753_41a8_804e_3f5b4c510e1c] (Re-)joining group
2025-09-03 12:03:19,448 INFO  [io.api.tes.ser.api.KafkaSerdesTester] (ForkJoinPool.commonPool-worker-3) None found
2025-09-03 12:03:20,448 INFO  [io.api.tes.ser.api.KafkaSerdesTester] (ForkJoinPool.commonPool-worker-3) None found
2025-09-03 12:03:21,449 INFO  [io.api.tes.ser.api.KafkaSerdesTester] (ForkJoinPool.commonPool-worker-3) None found
2025-09-03 12:03:21,454 INFO  [org.apa.kaf.cli.con.int.ConsumerCoordinator] (ForkJoinPool.commonPool-worker-3) [Consumer clientId=consumer-Consumer-topic-fb9b0acb_a753_41a8_804e_3f5b4c510e1c-22, groupId=Consumer-topic-fb9b0acb_a753_41a8_804e_3f5b4c510e1c] Successfully joined group with generation Generation{generationId=1, memberId='consumer-Consumer-topic-fb9b0acb_a753_41a8_804e_3f5b4c510e1c-22-f7bdb465-be12-4576-bffe-4a796514da03', protocol='range'}
2025-09-03 12:03:21,455 INFO  [org.apa.kaf.cli.con.int.ConsumerCoordinator] (ForkJoinPool.commonPool-worker-3) [Consumer clientId=consumer-Consumer-topic-fb9b0acb_a753_41a8_804e_3f5b4c510e1c-22, groupId=Consumer-topic-fb9b0acb_a753_41a8_804e_3f5b4c510e1c] Finished assignment for group at generation 1: {consumer-Consumer-topic-fb9b0acb_a753_41a8_804e_3f5b4c510e1c-22-f7bdb465-be12-4576-bffe-4a796514da03=Assignment(partitions=[topic-fb9b0acb_a753_41a8_804e_3f5b4c510e1c-0])}
2025-09-03 12:03:21,461 INFO  [org.apa.kaf.cli.con.int.ConsumerCoordinator] (ForkJoinPool.commonPool-worker-3) [Consumer clientId=consumer-Consumer-topic-fb9b0acb_a753_41a8_804e_3f5b4c510e1c-22, groupId=Consumer-topic-fb9b0acb_a753_41a8_804e_3f5b4c510e1c] Successfully synced group in generation Generation{generationId=1, memberId='consumer-Consumer-topic-fb9b0acb_a753_41a8_804e_3f5b4c510e1c-22-f7bdb465-be12-4576-bffe-4a796514da03', protocol='range'}
2025-09-03 12:03:21,461 INFO  [org.apa.kaf.cli.con.int.ConsumerCoordinator] (ForkJoinPool.commonPool-worker-3) [Consumer clientId=consumer-Consumer-topic-fb9b0acb_a753_41a8_804e_3f5b4c510e1c-22, groupId=Consumer-topic-fb9b0acb_a753_41a8_804e_3f5b4c510e1c] Notifying assignor about the new Assignment(partitions=[topic-fb9b0acb_a753_41a8_804e_3f5b4c510e1c-0])
2025-09-03 12:03:21,461 INFO  [org.apa.kaf.cli.con.int.ConsumerRebalanceListenerInvoker] (ForkJoinPool.commonPool-worker-3) [Consumer clientId=consumer-Consumer-topic-fb9b0acb_a753_41a8_804e_3f5b4c510e1c-22, groupId=Consumer-topic-fb9b0acb_a753_41a8_804e_3f5b4c510e1c] Adding newly assigned partitions: topic-fb9b0acb_a753_41a8_804e_3f5b4c510e1c-0
2025-09-03 12:03:21,462 INFO  [org.apa.kaf.cli.con.int.ConsumerCoordinator] (ForkJoinPool.commonPool-worker-3) [Consumer clientId=consumer-Consumer-topic-fb9b0acb_a753_41a8_804e_3f5b4c510e1c-22, groupId=Consumer-topic-fb9b0acb_a753_41a8_804e_3f5b4c510e1c] Found no committed offset for partition topic-fb9b0acb_a753_41a8_804e_3f5b4c510e1c-0
2025-09-03 12:03:21,464 INFO  [org.apa.kaf.cli.con.int.SubscriptionState] (ForkJoinPool.commonPool-worker-3) [Consumer clientId=consumer-Consumer-topic-fb9b0acb_a753_41a8_804e_3f5b4c510e1c-22, groupId=Consumer-topic-fb9b0acb_a753_41a8_804e_3f5b4c510e1c] Resetting offset for partition topic-fb9b0acb_a753_41a8_804e_3f5b4c510e1c-0 to position FetchPosition{offset=0, offsetEpoch=Optional.empty, currentLeader=LeaderAndEpoch{leader=Optional[localhost:32769 (id: 0 rack: null)], epoch=0}}.
2025-09-03 12:03:21,546 INFO  [io.api.tes.ser.api.KafkaSerdesTester] (ForkJoinPool.commonPool-worker-3) topic-fb9b0acb_a753_41a8_804e_3f5b4c510e1c 0 0 {message=Hello 0, time=1756900998160}
2025-09-03 12:03:21,546 INFO  [io.api.tes.ser.api.KafkaSerdesTester] (ForkJoinPool.commonPool-worker-3) topic-fb9b0acb_a753_41a8_804e_3f5b4c510e1c 0 1 {message=Hello 1, time=1756900998429}
2025-09-03 12:03:21,546 INFO  [io.api.tes.ser.api.KafkaSerdesTester] (ForkJoinPool.commonPool-worker-3) topic-fb9b0acb_a753_41a8_804e_3f5b4c510e1c 0 2 {message=Hello 2, time=1756900998430}
2025-09-03 12:03:21,546 INFO  [io.api.tes.ser.api.KafkaSerdesTester] (ForkJoinPool.commonPool-worker-3) topic-fb9b0acb_a753_41a8_804e_3f5b4c510e1c 0 3 {message=Hello 3, time=1756900998431}
2025-09-03 12:03:21,546 INFO  [io.api.tes.ser.api.KafkaSerdesTester] (ForkJoinPool.commonPool-worker-3) topic-fb9b0acb_a753_41a8_804e_3f5b4c510e1c 0 4 {message=Hello 4, time=1756900998432}
2025-09-03 12:03:21,546 INFO  [io.api.tes.ser.api.KafkaSerdesTester] (ForkJoinPool.commonPool-worker-3) topic-fb9b0acb_a753_41a8_804e_3f5b4c510e1c 0 5 {message=Hello 5, time=1756900998433}
2025-09-03 12:03:21,546 INFO  [io.api.tes.ser.api.KafkaSerdesTester] (ForkJoinPool.commonPool-worker-3) topic-fb9b0acb_a753_41a8_804e_3f5b4c510e1c 0 6 {message=Hello 6, time=1756900998434}
2025-09-03 12:03:21,546 INFO  [io.api.tes.ser.api.KafkaSerdesTester] (ForkJoinPool.commonPool-worker-3) topic-fb9b0acb_a753_41a8_804e_3f5b4c510e1c 0 7 {message=Hello 7, time=1756900998435}
2025-09-03 12:03:21,546 INFO  [io.api.tes.ser.api.KafkaSerdesTester] (ForkJoinPool.commonPool-worker-3) topic-fb9b0acb_a753_41a8_804e_3f5b4c510e1c 0 8 {message=Hello 8, time=1756900998437}
2025-09-03 12:03:21,546 INFO  [io.api.tes.ser.api.KafkaSerdesTester] (ForkJoinPool.commonPool-worker-3) topic-fb9b0acb_a753_41a8_804e_3f5b4c510e1c 0 9 {message=Hello 9, time=1756900998438}
2025-09-03 12:03:21,546 INFO  [io.api.tes.ser.api.KafkaSerdesTester] (ForkJoinPool.commonPool-worker-3) Consumed 10 messages
2025-09-03 12:03:21,553 INFO  [org.apa.kaf.cli.con.int.ConsumerRebalanceListenerInvoker] (ForkJoinPool.commonPool-worker-3) [Consumer clientId=consumer-Consumer-topic-fb9b0acb_a753_41a8_804e_3f5b4c510e1c-22, groupId=Consumer-topic-fb9b0acb_a753_41a8_804e_3f5b4c510e1c] Revoke previously assigned partitions topic-fb9b0acb_a753_41a8_804e_3f5b4c510e1c-0
2025-09-03 12:03:21,553 INFO  [org.apa.kaf.cli.con.int.ConsumerCoordinator] (ForkJoinPool.commonPool-worker-3) [Consumer clientId=consumer-Consumer-topic-fb9b0acb_a753_41a8_804e_3f5b4c510e1c-22, groupId=Consumer-topic-fb9b0acb_a753_41a8_804e_3f5b4c510e1c] Member consumer-Consumer-topic-fb9b0acb_a753_41a8_804e_3f5b4c510e1c-22-f7bdb465-be12-4576-bffe-4a796514da03 sending LeaveGroup request to coordinator localhost:32769 (id: 2147483647 rack: null) due to the consumer is being closed
2025-09-03 12:03:21,553 INFO  [org.apa.kaf.cli.con.int.ConsumerCoordinator] (ForkJoinPool.commonPool-worker-3) [Consumer clientId=consumer-Consumer-topic-fb9b0acb_a753_41a8_804e_3f5b4c510e1c-22, groupId=Consumer-topic-fb9b0acb_a753_41a8_804e_3f5b4c510e1c] Resetting generation and member id due to: consumer pro-actively leaving the group
2025-09-03 12:03:21,553 INFO  [org.apa.kaf.cli.con.int.ConsumerCoordinator] (ForkJoinPool.commonPool-worker-3) [Consumer clientId=consumer-Consumer-topic-fb9b0acb_a753_41a8_804e_3f5b4c510e1c-22, groupId=Consumer-topic-fb9b0acb_a753_41a8_804e_3f5b4c510e1c] Request joining group due to: consumer pro-actively leaving the group
2025-09-03 12:03:22,048 INFO  [org.apa.kaf.com.met.Metrics] (ForkJoinPool.commonPool-worker-3) Metrics scheduler closed
2025-09-03 12:03:22,048 INFO  [org.apa.kaf.com.met.Metrics] (ForkJoinPool.commonPool-worker-3) Closing reporter org.apache.kafka.common.metrics.JmxReporter
2025-09-03 12:03:22,048 INFO  [org.apa.kaf.com.met.Metrics] (ForkJoinPool.commonPool-worker-3) Closing reporter org.apache.kafka.common.telemetry.internals.ClientTelemetryReporter
2025-09-03 12:03:22,048 INFO  [org.apa.kaf.com.met.Metrics] (ForkJoinPool.commonPool-worker-3) Metrics reporters closed
2025-09-03 12:03:22,050 INFO  [org.apa.kaf.com.uti.AppInfoParser] (ForkJoinPool.commonPool-worker-3) App info kafka.consumer for consumer-Consumer-topic-fb9b0acb_a753_41a8_804e_3f5b4c510e1c-22 unregistered
2025-09-03 12:03:22,050 INFO  [io.api.tes.uti.TestSeparator] (main) io.apicurio.tests.serdes.apicurio.JsonSchemaSerdeIT.testConsumeReturnSpecificClass-FINISHED
2025-09-03 12:03:22,050 INFO  [io.api.tes.uti.TestSeparator] (main) ############################################################################
Test passed: testConsumeReturnSpecificClass
]]></system-out>
  </testcase>
</testsuite>