<?xml version="1.0" encoding="UTF-8"?>
<testsuite xmlns:xsi="http://www.w3.org/2001/XMLSchema-instance" xsi:noNamespaceSchemaLocation="https://maven.apache.org/surefire/maven-failsafe-plugin/xsd/failsafe-test-report.xsd" version="3.0.2" name="io.apicurio.tests.serdes.apicurio.AvroSerdeIT" time="102.841" tests="21" errors="1" skipped="2" failures="0">
  <properties>
    <property name="java.specification.version" value="17"/>
    <property name="sun.jnu.encoding" value="UTF-8"/>
    <property name="java.class.path" value="/home/runner/work/apicurio-testing/apicurio-testing/clusters/ci419/namespaces/inmemory/tests/integration/apicurio-registry/integration-tests/target/test-classes:/home/runner/work/apicurio-testing/apicurio-testing/clusters/ci419/namespaces/inmemory/tests/integration/apicurio-registry/integration-tests/target/apicurio-registry-integration-tests-3.0.12-SNAPSHOT.jar:/home/runner/.m2/repository/io/quarkus/quarkus-junit5/3.20.2/quarkus-junit5-3.20.2.jar:/home/runner/.m2/repository/io/quarkus/quarkus-bootstrap-core/3.20.2/quarkus-bootstrap-core-3.20.2.jar:/home/runner/.m2/repository/io/quarkus/quarkus-classloader-commons/3.20.2/quarkus-classloader-commons-3.20.2.jar:/home/runner/.m2/repository/io/quarkus/quarkus-bootstrap-app-model/3.20.2/quarkus-bootstrap-app-model-3.20.2.jar:/home/runner/.m2/repository/io/smallrye/common/smallrye-common-io/2.12.0/smallrye-common-io-2.12.0.jar:/home/runner/.m2/repository/org/eclipse/sisu/org.eclipse.sisu.inject/0.9.0.M3/org.eclipse.sisu.inject-0.9.0.M3.jar:/home/runner/.m2/repository/io/quarkus/quarkus-test-common/3.20.2/quarkus-test-common-3.20.2.jar:/home/runner/.m2/repository/io/quarkus/quarkus-core-deployment/3.20.2/quarkus-core-deployment-3.20.2.jar:/home/runner/.m2/repository/org/aesh/readline/2.6/readline-2.6.jar:/home/runner/.m2/repository/org/fusesource/jansi/jansi/2.4.0/jansi-2.4.0.jar:/home/runner/.m2/repository/org/aesh/aesh/2.8.2/aesh-2.8.2.jar:/home/runner/.m2/repository/io/quarkus/gizmo/gizmo/1.8.0/gizmo-1.8.0.jar:/home/runner/.m2/repository/org/ow2/asm/asm-util/9.7.1/asm-util-9.7.1.jar:/home/runner/.m2/repository/org/ow2/asm/asm-analysis/9.7.1/asm-analysis-9.7.1.jar:/home/runner/.m2/repository/org/ow2/asm/asm-commons/9.7.1/asm-commons-9.7.1.jar:/home/runner/.m2/repository/org/ow2/asm/asm-tree/9.7.1/asm-tree-9.7.1.jar:/home/runner/.m2/repository/io/quarkus/quarkus-hibernate-validator-spi/3.20.2/quarkus-hibernate-validator-spi-3.20.2.jar:/home/runner/.m2/repository/io/quarkus/quarkus-class-change-agent/3.20.2/quarkus-class-change-agent-3.20.2.jar:/home/runner/.m2/repository/io/quarkus/quarkus-devtools-utilities/3.20.2/quarkus-devtools-utilities-3.20.2.jar:/home/runner/.m2/repository/io/quarkus/quarkus-builder/3.20.2/quarkus-builder-3.20.2.jar:/home/runner/.m2/repository/org/graalvm/sdk/nativeimage/23.1.2/nativeimage-23.1.2.jar:/home/runner/.m2/repository/org/graalvm/sdk/word/23.1.2/word-23.1.2.jar:/home/runner/.m2/repository/io/quarkus/quarkus-bootstrap-maven-resolver/3.20.2/quarkus-bootstrap-maven-resolver-3.20.2.jar:/home/runner/.m2/repository/io/smallrye/beanbag/smallrye-beanbag-maven/1.5.2/smallrye-beanbag-maven-1.5.2.jar:/home/runner/.m2/repository/io/smallrye/beanbag/smallrye-beanbag-sisu/1.5.2/smallrye-beanbag-sisu-1.5.2.jar:/home/runner/.m2/repository/io/smallrye/beanbag/smallrye-beanbag/1.5.2/smallrye-beanbag-1.5.2.jar:/home/runner/.m2/repository/javax/inject/javax.inject/1/javax.inject-1.jar:/home/runner/.m2/repository/org/apache/maven/maven-artifact/3.9.9/maven-artifact-3.9.9.jar:/home/runner/.m2/repository/org/apache/maven/maven-builder-support/3.9.9/maven-builder-support-3.9.9.jar:/home/runner/.m2/repository/org/apache/maven/maven-model/3.9.9/maven-model-3.9.9.jar:/home/runner/.m2/repository/org/apache/maven/maven-model-builder/3.9.9/maven-model-builder-3.9.9.jar:/home/runner/.m2/repository/org/apache/maven/maven-repository-metadata/3.9.9/maven-repository-metadata-3.9.9.jar:/home/runner/.m2/repository/org/apache/maven/maven-settings/3.9.9/maven-settings-3.9.9.jar:/home/runner/.m2/repository/org/apache/maven/resolver/maven-resolver-api/1.9.22/maven-resolver-api-1.9.22.jar:/home/runner/.m2/repository/org/apache/maven/resolver/maven-resolver-impl/1.9.22/maven-resolver-impl-1.9.22.jar:/home/runner/.m2/repository/org/apache/maven/resolver/maven-resolver-named-locks/1.9.22/maven-resolver-named-locks-1.9.22.jar:/home/runner/.m2/repository/org/apache/maven/resolver/maven-resolver-spi/1.9.22/maven-resolver-spi-1.9.22.jar:/home/runner/.m2/repository/org/apache/maven/resolver/maven-resolver-util/1.9.22/maven-resolver-util-1.9.22.jar:/home/runner/.m2/repository/org/apache/maven/resolver/maven-resolver-transport-http/1.9.20/maven-resolver-transport-http-1.9.20.jar:/home/runner/.m2/repository/org/apache/maven/wagon/wagon-provider-api/3.5.3/wagon-provider-api-3.5.3.jar:/home/runner/.m2/repository/org/apache/maven/wagon/wagon-http-shared/3.5.3/wagon-http-shared-3.5.3.jar:/home/runner/.m2/repository/org/codehaus/plexus/plexus-interpolation/1.26/plexus-interpolation-1.26.jar:/home/runner/.m2/repository/org/codehaus/plexus/plexus-utils/3.5.1/plexus-utils-3.5.1.jar:/home/runner/.m2/repository/org/codehaus/plexus/plexus-xml/4.0.1/plexus-xml-4.0.1.jar:/home/runner/.m2/repository/org/apache/maven/maven-xml-impl/4.0.0-alpha-5/maven-xml-impl-4.0.0-alpha-5.jar:/home/runner/.m2/repository/org/apache/maven/maven-api-xml/4.0.0-alpha-5/maven-api-xml-4.0.0-alpha-5.jar:/home/runner/.m2/repository/org/apache/maven/maven-api-meta/4.0.0-alpha-5/maven-api-meta-4.0.0-alpha-5.jar:/home/runner/.m2/repository/org/codehaus/plexus/plexus-cipher/2.0/plexus-cipher-2.0.jar:/home/runner/.m2/repository/org/codehaus/plexus/plexus-sec-dispatcher/2.0/plexus-sec-dispatcher-2.0.jar:/home/runner/.m2/repository/org/apache/maven/maven-embedder/3.9.9/maven-embedder-3.9.9.jar:/home/runner/.m2/repository/org/apache/maven/maven-core/3.9.9/maven-core-3.9.9.jar:/home/runner/.m2/repository/org/codehaus/plexus/plexus-component-annotations/2.1.0/plexus-component-annotations-2.1.0.jar:/home/runner/.m2/repository/org/apache/maven/maven-plugin-api/3.9.9/maven-plugin-api-3.9.9.jar:/home/runner/.m2/repository/org/apache/maven/shared/maven-shared-utils/3.4.2/maven-shared-utils-3.4.2.jar:/home/runner/.m2/repository/com/google/inject/guice/5.1.0/guice-5.1.0.jar:/home/runner/.m2/repository/aopalliance/aopalliance/1.0/aopalliance-1.0.jar:/home/runner/.m2/repository/org/codehaus/plexus/plexus-classworlds/2.6.0/plexus-classworlds-2.6.0.jar:/home/runner/.m2/repository/commons-cli/commons-cli/1.8.0/commons-cli-1.8.0.jar:/home/runner/.m2/repository/org/eclipse/sisu/org.eclipse.sisu.plexus/0.9.0.M3/org.eclipse.sisu.plexus-0.9.0.M3.jar:/home/runner/.m2/repository/org/apache/maven/maven-settings-builder/3.9.9/maven-settings-builder-3.9.9.jar:/home/runner/.m2/repository/org/apache/maven/maven-resolver-provider/3.9.9/maven-resolver-provider-3.9.9.jar:/home/runner/.m2/repository/org/apache/maven/resolver/maven-resolver-connector-basic/1.9.22/maven-resolver-connector-basic-1.9.22.jar:/home/runner/.m2/repository/org/apache/maven/resolver/maven-resolver-transport-wagon/1.9.22/maven-resolver-transport-wagon-1.9.22.jar:/home/runner/.m2/repository/org/apache/maven/wagon/wagon-http/3.5.3/wagon-http-3.5.3.jar:/home/runner/.m2/repository/org/apache/maven/wagon/wagon-file/3.5.3/wagon-file-3.5.3.jar:/home/runner/.m2/repository/io/quarkus/quarkus-bootstrap-gradle-resolver/3.20.2/quarkus-bootstrap-gradle-resolver-3.20.2.jar:/home/runner/.m2/repository/io/smallrye/jandex/3.3.0/jandex-3.3.0.jar:/home/runner/.m2/repository/org/jboss/logging/commons-logging-jboss-logging/1.0.0.Final/commons-logging-jboss-logging-1.0.0.Final.jar:/home/runner/.m2/repository/io/quarkus/quarkus-junit5-config/3.20.2/quarkus-junit5-config-3.20.2.jar:/home/runner/.m2/repository/org/junit/jupiter/junit-jupiter-api/5.12.1/junit-jupiter-api-5.12.1.jar:/home/runner/.m2/repository/io/smallrye/config/smallrye-config/3.11.4/smallrye-config-3.11.4.jar:/home/runner/.m2/repository/io/smallrye/config/smallrye-config-core/3.11.4/smallrye-config-core-3.11.4.jar:/home/runner/.m2/repository/io/smallrye/common/smallrye-common-classloader/2.12.0/smallrye-common-classloader-2.12.0.jar:/home/runner/.m2/repository/io/smallrye/config/smallrye-config-common/3.11.4/smallrye-config-common-3.11.4.jar:/home/runner/.m2/repository/org/junit/jupiter/junit-jupiter/5.12.1/junit-jupiter-5.12.1.jar:/home/runner/.m2/repository/org/junit/jupiter/junit-jupiter-params/5.12.1/junit-jupiter-params-5.12.1.jar:/home/runner/.m2/repository/org/junit/jupiter/junit-jupiter-engine/5.12.1/junit-jupiter-engine-5.12.1.jar:/home/runner/.m2/repository/io/quarkus/quarkus-core/3.20.2/quarkus-core-3.20.2.jar:/home/runner/.m2/repository/jakarta/enterprise/jakarta.enterprise.cdi-api/4.1.0/jakarta.enterprise.cdi-api-4.1.0.jar:/home/runner/.m2/repository/jakarta/enterprise/jakarta.enterprise.lang-model/4.1.0/jakarta.enterprise.lang-model-4.1.0.jar:/home/runner/.m2/repository/jakarta/el/jakarta.el-api/5.0.1/jakarta.el-api-5.0.1.jar:/home/runner/.m2/repository/jakarta/interceptor/jakarta.interceptor-api/2.2.0/jakarta.interceptor-api-2.2.0.jar:/home/runner/.m2/repository/jakarta/inject/jakarta.inject-api/2.0.1/jakarta.inject-api-2.0.1.jar:/home/runner/.m2/repository/io/smallrye/common/smallrye-common-os/2.12.0/smallrye-common-os-2.12.0.jar:/home/runner/.m2/repository/io/quarkus/quarkus-ide-launcher/3.20.2/quarkus-ide-launcher-3.20.2.jar:/home/runner/.m2/repository/io/quarkus/quarkus-development-mode-spi/3.20.2/quarkus-development-mode-spi-3.20.2.jar:/home/runner/.m2/repository/org/jboss/logging/jboss-logging/3.6.1.Final/jboss-logging-3.6.1.Final.jar:/home/runner/.m2/repository/org/jboss/logmanager/jboss-logmanager/3.1.2.Final/jboss-logmanager-3.1.2.Final.jar:/home/runner/.m2/repository/io/smallrye/common/smallrye-common-constraint/2.12.0/smallrye-common-constraint-2.12.0.jar:/home/runner/.m2/repository/io/smallrye/common/smallrye-common-cpu/2.12.0/smallrye-common-cpu-2.12.0.jar:/home/runner/.m2/repository/io/smallrye/common/smallrye-common-expression/2.12.0/smallrye-common-expression-2.12.0.jar:/home/runner/.m2/repository/io/smallrye/common/smallrye-common-net/2.12.0/smallrye-common-net-2.12.0.jar:/home/runner/.m2/repository/io/smallrye/common/smallrye-common-ref/2.12.0/smallrye-common-ref-2.12.0.jar:/home/runner/.m2/repository/jakarta/json/jakarta.json-api/2.1.3/jakarta.json-api-2.1.3.jar:/home/runner/.m2/repository/org/eclipse/parsson/parsson/1.1.7/parsson-1.1.7.jar:/home/runner/.m2/repository/org/jboss/logging/jboss-logging-annotations/3.0.4.Final/jboss-logging-annotations-3.0.4.Final.jar:/home/runner/.m2/repository/org/jboss/threads/jboss-threads/3.8.0.Final/jboss-threads-3.8.0.Final.jar:/home/runner/.m2/repository/io/smallrye/common/smallrye-common-annotation/2.12.0/smallrye-common-annotation-2.12.0.jar:/home/runner/.m2/repository/io/smallrye/common/smallrye-common-function/2.12.0/smallrye-common-function-2.12.0.jar:/home/runner/.m2/repository/org/jboss/slf4j/slf4j-jboss-logmanager/2.0.0.Final/slf4j-jboss-logmanager-2.0.0.Final.jar:/home/runner/.m2/repository/org/wildfly/common/wildfly-common/2.0.1/wildfly-common-2.0.1.jar:/home/runner/.m2/repository/io/quarkus/quarkus-bootstrap-runner/3.20.2/quarkus-bootstrap-runner-3.20.2.jar:/home/runner/.m2/repository/io/github/crac/org-crac/0.1.3/org-crac-0.1.3.jar:/home/runner/.m2/repository/io/quarkus/quarkus-fs-util/0.0.10/quarkus-fs-util-0.0.10.jar:/home/runner/.m2/repository/org/jboss/marshalling/jboss-marshalling/2.2.2.Final/jboss-marshalling-2.2.2.Final.jar:/home/runner/.m2/repository/io/fabric8/kubernetes-client/7.1.0/kubernetes-client-7.1.0.jar:/home/runner/.m2/repository/io/fabric8/kubernetes-client-api/7.1.0/kubernetes-client-api-7.1.0.jar:/home/runner/.m2/repository/io/fabric8/kubernetes-model-core/7.1.0/kubernetes-model-core-7.1.0.jar:/home/runner/.m2/repository/io/fabric8/kubernetes-model-common/7.1.0/kubernetes-model-common-7.1.0.jar:/home/runner/.m2/repository/javax/annotation/javax.annotation-api/1.3.2/javax.annotation-api-1.3.2.jar:/home/runner/.m2/repository/io/fabric8/kubernetes-model-gatewayapi/7.1.0/kubernetes-model-gatewayapi-7.1.0.jar:/home/runner/.m2/repository/io/fabric8/kubernetes-model-resource/7.1.0/kubernetes-model-resource-7.1.0.jar:/home/runner/.m2/repository/io/fabric8/kubernetes-model-rbac/7.1.0/kubernetes-model-rbac-7.1.0.jar:/home/runner/.m2/repository/io/fabric8/kubernetes-model-admissionregistration/7.1.0/kubernetes-model-admissionregistration-7.1.0.jar:/home/runner/.m2/repository/io/fabric8/kubernetes-model-apps/7.1.0/kubernetes-model-apps-7.1.0.jar:/home/runner/.m2/repository/io/fabric8/kubernetes-model-autoscaling/7.1.0/kubernetes-model-autoscaling-7.1.0.jar:/home/runner/.m2/repository/io/fabric8/kubernetes-model-apiextensions/7.1.0/kubernetes-model-apiextensions-7.1.0.jar:/home/runner/.m2/repository/io/fabric8/kubernetes-model-batch/7.1.0/kubernetes-model-batch-7.1.0.jar:/home/runner/.m2/repository/io/fabric8/kubernetes-model-certificates/7.1.0/kubernetes-model-certificates-7.1.0.jar:/home/runner/.m2/repository/io/fabric8/kubernetes-model-coordination/7.1.0/kubernetes-model-coordination-7.1.0.jar:/home/runner/.m2/repository/io/fabric8/kubernetes-model-discovery/7.1.0/kubernetes-model-discovery-7.1.0.jar:/home/runner/.m2/repository/io/fabric8/kubernetes-model-events/7.1.0/kubernetes-model-events-7.1.0.jar:/home/runner/.m2/repository/io/fabric8/kubernetes-model-extensions/7.1.0/kubernetes-model-extensions-7.1.0.jar:/home/runner/.m2/repository/io/fabric8/kubernetes-model-flowcontrol/7.1.0/kubernetes-model-flowcontrol-7.1.0.jar:/home/runner/.m2/repository/io/fabric8/kubernetes-model-networking/7.1.0/kubernetes-model-networking-7.1.0.jar:/home/runner/.m2/repository/io/fabric8/kubernetes-model-metrics/7.1.0/kubernetes-model-metrics-7.1.0.jar:/home/runner/.m2/repository/io/fabric8/kubernetes-model-policy/7.1.0/kubernetes-model-policy-7.1.0.jar:/home/runner/.m2/repository/io/fabric8/kubernetes-model-scheduling/7.1.0/kubernetes-model-scheduling-7.1.0.jar:/home/runner/.m2/repository/io/fabric8/kubernetes-model-storageclass/7.1.0/kubernetes-model-storageclass-7.1.0.jar:/home/runner/.m2/repository/io/fabric8/kubernetes-model-node/7.1.0/kubernetes-model-node-7.1.0.jar:/home/runner/.m2/repository/org/snakeyaml/snakeyaml-engine/2.9/snakeyaml-engine-2.9.jar:/home/runner/.m2/repository/com/fasterxml/jackson/dataformat/jackson-dataformat-yaml/2.18.2/jackson-dataformat-yaml-2.18.2.jar:/home/runner/.m2/repository/com/fasterxml/jackson/datatype/jackson-datatype-jsr310/2.18.2/jackson-datatype-jsr310-2.18.2.jar:/home/runner/.m2/repository/io/fabric8/zjsonpatch/7.1.0/zjsonpatch-7.1.0.jar:/home/runner/.m2/repository/io/fabric8/kubernetes-httpclient-vertx/7.1.0/kubernetes-httpclient-vertx-7.1.0.jar:/home/runner/.m2/repository/io/vertx/vertx-web-client/4.5.16/vertx-web-client-4.5.16.jar:/home/runner/.m2/repository/io/vertx/vertx-web-common/4.5.16/vertx-web-common-4.5.16.jar:/home/runner/.m2/repository/io/vertx/vertx-auth-common/4.5.16/vertx-auth-common-4.5.16.jar:/home/runner/.m2/repository/io/vertx/vertx-uri-template/4.5.16/vertx-uri-template-4.5.16.jar:/home/runner/.m2/repository/io/fabric8/openshift-client/7.1.0/openshift-client-7.1.0.jar:/home/runner/.m2/repository/io/fabric8/openshift-client-api/7.1.0/openshift-client-api-7.1.0.jar:/home/runner/.m2/repository/io/fabric8/openshift-model/7.1.0/openshift-model-7.1.0.jar:/home/runner/.m2/repository/io/fabric8/openshift-model-autoscaling/7.1.0/openshift-model-autoscaling-7.1.0.jar:/home/runner/.m2/repository/io/fabric8/openshift-model-operator/7.1.0/openshift-model-operator-7.1.0.jar:/home/runner/.m2/repository/io/fabric8/openshift-model-operatorhub/7.1.0/openshift-model-operatorhub-7.1.0.jar:/home/runner/.m2/repository/io/fabric8/openshift-model-machine/7.1.0/openshift-model-machine-7.1.0.jar:/home/runner/.m2/repository/io/fabric8/openshift-model-whereabouts/7.1.0/openshift-model-whereabouts-7.1.0.jar:/home/runner/.m2/repository/io/fabric8/openshift-model-monitoring/7.1.0/openshift-model-monitoring-7.1.0.jar:/home/runner/.m2/repository/io/fabric8/openshift-model-storageversionmigrator/7.1.0/openshift-model-storageversionmigrator-7.1.0.jar:/home/runner/.m2/repository/io/fabric8/openshift-model-tuned/7.1.0/openshift-model-tuned-7.1.0.jar:/home/runner/.m2/repository/io/fabric8/openshift-model-console/7.1.0/openshift-model-console-7.1.0.jar:/home/runner/.m2/repository/io/fabric8/openshift-model-config/7.1.0/openshift-model-config-7.1.0.jar:/home/runner/.m2/repository/io/fabric8/openshift-model-machineconfiguration/7.1.0/openshift-model-machineconfiguration-7.1.0.jar:/home/runner/.m2/repository/io/fabric8/openshift-model-miscellaneous/7.1.0/openshift-model-miscellaneous-7.1.0.jar:/home/runner/.m2/repository/io/fabric8/openshift-model-hive/7.1.0/openshift-model-hive-7.1.0.jar:/home/runner/.m2/repository/io/fabric8/openshift-model-installer/7.1.0/openshift-model-installer-7.1.0.jar:/home/runner/.m2/repository/org/junit/platform/junit-platform-launcher/1.12.1/junit-platform-launcher-1.12.1.jar:/home/runner/.m2/repository/org/junit/platform/junit-platform-engine/1.12.1/junit-platform-engine-1.12.1.jar:/home/runner/.m2/repository/org/opentest4j/opentest4j/1.3.0/opentest4j-1.3.0.jar:/home/runner/.m2/repository/org/junit/platform/junit-platform-commons/1.12.1/junit-platform-commons-1.12.1.jar:/home/runner/.m2/repository/org/apiguardian/apiguardian-api/1.1.2/apiguardian-api-1.1.2.jar:/home/runner/.m2/repository/jakarta/ws/rs/jakarta.ws.rs-api/3.1.0/jakarta.ws.rs-api-3.1.0.jar:/home/runner/work/apicurio-testing/apicurio-testing/clusters/ci419/namespaces/inmemory/tests/integration/apicurio-registry/java-sdk/target/apicurio-registry-java-sdk-3.0.12-SNAPSHOT.jar:/home/runner/.m2/repository/com/microsoft/kiota/microsoft-kiota-abstractions/1.8.9/microsoft-kiota-abstractions-1.8.9.jar:/home/runner/.m2/repository/io/github/std-uritemplate/std-uritemplate/2.0.0/std-uritemplate-2.0.0.jar:/home/runner/.m2/repository/io/kiota/kiota-http-jdk/0.0.29/kiota-http-jdk-0.0.29.jar:/home/runner/.m2/repository/io/kiota/kiota-http-vertx/0.0.29/kiota-http-vertx-0.0.29.jar:/home/runner/.m2/repository/io/kiota/kiota-serialization-jackson/0.0.29/kiota-serialization-jackson-0.0.29.jar:/home/runner/.m2/repository/com/microsoft/kiota/microsoft-kiota-serialization-text/1.8.9/microsoft-kiota-serialization-text-1.8.9.jar:/home/runner/.m2/repository/com/microsoft/kiota/microsoft-kiota-serialization-form/1.8.9/microsoft-kiota-serialization-form-1.8.9.jar:/home/runner/.m2/repository/com/microsoft/kiota/microsoft-kiota-serialization-multipart/1.8.9/microsoft-kiota-serialization-multipart-1.8.9.jar:/home/runner/.m2/repository/jakarta/annotation/jakarta.annotation-api/3.0.0/jakarta.annotation-api-3.0.0.jar:/home/runner/.m2/repository/io/vertx/vertx-auth-oauth2/4.5.16/vertx-auth-oauth2-4.5.16.jar:/home/runner/work/apicurio-testing/apicurio-testing/clusters/ci419/namespaces/inmemory/tests/integration/apicurio-registry/java-sdk-v2/target/apicurio-registry-v2-java-sdk-3.0.12-SNAPSHOT.jar:/home/runner/work/apicurio-testing/apicurio-testing/clusters/ci419/namespaces/inmemory/tests/integration/apicurio-registry/utils/kafka/target/apicurio-registry-utils-kafka-3.0.12-SNAPSHOT-tests.jar:/home/runner/.m2/repository/org/eclipse/microprofile/config/microprofile-config-api/3.1/microprofile-config-api-3.1.jar:/home/runner/.m2/repository/org/apache/kafka/kafka-clients/3.9.1/kafka-clients-3.9.1.jar:/home/runner/.m2/repository/com/github/luben/zstd-jni/1.5.6-4/zstd-jni-1.5.6-4.jar:/home/runner/.m2/repository/org/lz4/lz4-java/1.8.0/lz4-java-1.8.0.jar:/home/runner/.m2/repository/org/xerial/snappy/snappy-java/1.1.10.5/snappy-java-1.1.10.5.jar:/home/runner/.m2/repository/org/slf4j/slf4j-api/2.0.6/slf4j-api-2.0.6.jar:/home/runner/work/apicurio-testing/apicurio-testing/clusters/ci419/namespaces/inmemory/tests/integration/apicurio-registry/utils/tests/target/apicurio-registry-utils-tests-3.0.12-SNAPSHOT.jar:/home/runner/work/apicurio-testing/apicurio-testing/clusters/ci419/namespaces/inmemory/tests/integration/apicurio-registry/common/target/apicurio-registry-common-3.0.12-SNAPSHOT.jar:/home/runner/.m2/repository/jakarta/validation/jakarta.validation-api/3.0.2/jakarta.validation-api-3.0.2.jar:/home/runner/.m2/repository/com/github/dasniko/testcontainers-keycloak/3.8.0/testcontainers-keycloak-3.8.0.jar:/home/runner/.m2/repository/org/testcontainers/testcontainers/1.20.6/testcontainers-1.20.6.jar:/home/runner/.m2/repository/org/rnorth/duct-tape/duct-tape/1.0.8/duct-tape-1.0.8.jar:/home/runner/.m2/repository/com/github/docker-java/docker-java-transport-zerodep/3.4.1/docker-java-transport-zerodep-3.4.1.jar:/home/runner/.m2/repository/com/github/docker-java/docker-java-transport/3.4.1/docker-java-transport-3.4.1.jar:/home/runner/.m2/repository/net/java/dev/jna/jna/5.8.0/jna-5.8.0.jar:/home/runner/.m2/repository/io/quarkus/quarkus-junit4-mock/3.20.2/quarkus-junit4-mock-3.20.2.jar:/home/runner/.m2/repository/org/jboss/shrinkwrap/shrinkwrap-api/2.0.0-beta-2/shrinkwrap-api-2.0.0-beta-2.jar:/home/runner/.m2/repository/org/jboss/shrinkwrap/shrinkwrap-impl-base/2.0.0-beta-2/shrinkwrap-impl-base-2.0.0-beta-2.jar:/home/runner/.m2/repository/org/jboss/shrinkwrap/shrinkwrap-spi/2.0.0-beta-2/shrinkwrap-spi-2.0.0-beta-2.jar:/home/runner/.m2/repository/org/keycloak/keycloak-admin-client/26.0.4/keycloak-admin-client-26.0.4.jar:/home/runner/.m2/repository/org/keycloak/keycloak-client-common-synced/26.0.4/keycloak-client-common-synced-26.0.4.jar:/home/runner/.m2/repository/jakarta/activation/jakarta.activation-api/2.1.3/jakarta.activation-api-2.1.3.jar:/home/runner/.m2/repository/org/eclipse/microprofile/openapi/microprofile-openapi-api/4.0.2/microprofile-openapi-api-4.0.2.jar:/home/runner/.m2/repository/org/jboss/resteasy/resteasy-client/6.2.12.Final/resteasy-client-6.2.12.Final.jar:/home/runner/.m2/repository/org/jboss/resteasy/resteasy-client-api/6.2.12.Final/resteasy-client-api-6.2.12.Final.jar:/home/runner/.m2/repository/org/jboss/resteasy/resteasy-core-spi/6.2.12.Final/resteasy-core-spi-6.2.12.Final.jar:/home/runner/.m2/repository/org/jboss/resteasy/resteasy-core/6.2.12.Final/resteasy-core-6.2.12.Final.jar:/home/runner/.m2/repository/org/eclipse/angus/angus-activation/2.0.2/angus-activation-2.0.2.jar:/home/runner/.m2/repository/com/ibm/async/asyncutil/0.1.0/asyncutil-0.1.0.jar:/home/runner/.m2/repository/org/reactivestreams/reactive-streams/1.0.4/reactive-streams-1.0.4.jar:/home/runner/.m2/repository/org/jboss/resteasy/resteasy-multipart-provider/6.2.12.Final/resteasy-multipart-provider-6.2.12.Final.jar:/home/runner/.m2/repository/jakarta/mail/jakarta.mail-api/2.1.3/jakarta.mail-api-2.1.3.jar:/home/runner/.m2/repository/org/eclipse/angus/angus-mail/2.0.3/angus-mail-2.0.3.jar:/home/runner/.m2/repository/org/apache/james/apache-mime4j-dom/0.8.12/apache-mime4j-dom-0.8.12.jar:/home/runner/.m2/repository/org/apache/james/apache-mime4j-core/0.8.12/apache-mime4j-core-0.8.12.jar:/home/runner/.m2/repository/org/apache/james/apache-mime4j-storage/0.8.12/apache-mime4j-storage-0.8.12.jar:/home/runner/.m2/repository/org/jboss/resteasy/resteasy-jackson2-provider/6.2.12.Final/resteasy-jackson2-provider-6.2.12.Final.jar:/home/runner/.m2/repository/com/fasterxml/jackson/jakarta/rs/jackson-jakarta-rs-base/2.18.2/jackson-jakarta-rs-base-2.18.2.jar:/home/runner/.m2/repository/com/fasterxml/jackson/jakarta/rs/jackson-jakarta-rs-json-provider/2.18.2/jackson-jakarta-rs-json-provider-2.18.2.jar:/home/runner/.m2/repository/com/fasterxml/jackson/module/jackson-module-jakarta-xmlbind-annotations/2.18.2/jackson-module-jakarta-xmlbind-annotations-2.18.2.jar:/home/runner/.m2/repository/com/github/java-json-tools/json-patch/1.13/json-patch-1.13.jar:/home/runner/.m2/repository/com/github/java-json-tools/msg-simple/1.2/msg-simple-1.2.jar:/home/runner/.m2/repository/com/github/java-json-tools/btf/1.3/btf-1.3.jar:/home/runner/.m2/repository/com/github/java-json-tools/jackson-coreutils/2.0/jackson-coreutils-2.0.jar:/home/runner/.m2/repository/org/jboss/resteasy/resteasy-jaxb-provider/6.2.12.Final/resteasy-jaxb-provider-6.2.12.Final.jar:/home/runner/.m2/repository/org/glassfish/jaxb/codemodel/4.0.5/codemodel-4.0.5.jar:/home/runner/.m2/repository/org/glassfish/jaxb/jaxb-core/4.0.5/jaxb-core-4.0.5.jar:/home/runner/.m2/repository/org/glassfish/jaxb/jaxb-jxc/4.0.5/jaxb-jxc-4.0.5.jar:/home/runner/.m2/repository/org/glassfish/jaxb/jaxb-runtime/4.0.5/jaxb-runtime-4.0.5.jar:/home/runner/.m2/repository/org/glassfish/jaxb/txw2/4.0.5/txw2-4.0.5.jar:/home/runner/.m2/repository/org/glassfish/jaxb/jaxb-xjc/4.0.5/jaxb-xjc-4.0.5.jar:/home/runner/.m2/repository/org/glassfish/jaxb/xsom/4.0.5/xsom-4.0.5.jar:/home/runner/.m2/repository/com/sun/istack/istack-commons-runtime/4.1.2/istack-commons-runtime-4.1.2.jar:/home/runner/.m2/repository/com/sun/istack/istack-commons-tools/4.1.2/istack-commons-tools-4.1.2.jar:/home/runner/.m2/repository/com/sun/xml/bind/external/relaxng-datatype/4.0.5/relaxng-datatype-4.0.5.jar:/home/runner/.m2/repository/com/sun/xml/bind/external/rngom/4.0.5/rngom-4.0.5.jar:/home/runner/.m2/repository/org/testcontainers/mssqlserver/1.20.6/mssqlserver-1.20.6.jar:/home/runner/.m2/repository/org/testcontainers/jdbc/1.20.6/jdbc-1.20.6.jar:/home/runner/.m2/repository/org/testcontainers/database-commons/1.20.6/database-commons-1.20.6.jar:/home/runner/.m2/repository/org/testcontainers/mysql/1.20.6/mysql-1.20.6.jar:/home/runner/.m2/repository/io/strimzi/strimzi-test-container/0.111.0/strimzi-test-container-0.111.0.jar:/home/runner/.m2/repository/org/testcontainers/toxiproxy/1.20.6/toxiproxy-1.20.6.jar:/home/runner/.m2/repository/com/github/docker-java/docker-java-api/3.4.1/docker-java-api-3.4.1.jar:/home/runner/.m2/repository/org/apache/logging/log4j/log4j-slf4j-impl/2.19.0/log4j-slf4j-impl-2.19.0.jar:/home/runner/.m2/repository/org/apache/logging/log4j/log4j-api/2.24.3/log4j-api-2.24.3.jar:/home/runner/.m2/repository/org/apache/logging/log4j/log4j-core/2.19.0/log4j-core-2.19.0.jar:/home/runner/.m2/repository/eu/rekawek/toxiproxy/toxiproxy-java/2.1.7/toxiproxy-java-2.1.7.jar:/home/runner/.m2/repository/org/testcontainers/pulsar/1.21.3/pulsar-1.21.3.jar:/home/runner/.m2/repository/io/debezium/debezium-testing-testcontainers/2.7.4.Final/debezium-testing-testcontainers-2.7.4.Final.jar:/home/runner/.m2/repository/org/testcontainers/kafka/1.20.6/kafka-1.20.6.jar:/home/runner/.m2/repository/com/squareup/okhttp3/okhttp/4.8.1/okhttp-4.8.1.jar:/home/runner/.m2/repository/com/squareup/okio/okio/3.10.2/okio-3.10.2.jar:/home/runner/.m2/repository/com/squareup/okio/okio-jvm/3.10.2/okio-jvm-3.10.2.jar:/home/runner/.m2/repository/org/jetbrains/kotlin/kotlin-stdlib/2.0.21/kotlin-stdlib-2.0.21.jar:/home/runner/.m2/repository/org/awaitility/awaitility/4.3.0/awaitility-4.3.0.jar:/home/runner/.m2/repository/org/testcontainers/mongodb/1.20.6/mongodb-1.20.6.jar:/home/runner/.m2/repository/org/testcontainers/mariadb/1.20.6/mariadb-1.20.6.jar:/home/runner/.m2/repository/org/testcontainers/oracle-xe/1.20.6/oracle-xe-1.20.6.jar:/home/runner/.m2/repository/org/testcontainers/postgresql/1.20.6/postgresql-1.20.6.jar:/home/runner/.m2/repository/org/wiremock/wiremock/3.0.1/wiremock-3.0.1.jar:/home/runner/.m2/repository/org/eclipse/jetty/jetty-server/11.0.15/jetty-server-11.0.15.jar:/home/runner/.m2/repository/org/eclipse/jetty/toolchain/jetty-jakarta-servlet-api/5.0.2/jetty-jakarta-servlet-api-5.0.2.jar:/home/runner/.m2/repository/org/eclipse/jetty/jetty-http/11.0.15/jetty-http-11.0.15.jar:/home/runner/.m2/repository/org/eclipse/jetty/jetty-io/11.0.15/jetty-io-11.0.15.jar:/home/runner/.m2/repository/org/eclipse/jetty/jetty-servlet/11.0.15/jetty-servlet-11.0.15.jar:/home/runner/.m2/repository/org/eclipse/jetty/jetty-security/11.0.15/jetty-security-11.0.15.jar:/home/runner/.m2/repository/org/eclipse/jetty/jetty-servlets/11.0.15/jetty-servlets-11.0.15.jar:/home/runner/.m2/repository/org/eclipse/jetty/jetty-util/11.0.15/jetty-util-11.0.15.jar:/home/runner/.m2/repository/org/eclipse/jetty/jetty-webapp/11.0.15/jetty-webapp-11.0.15.jar:/home/runner/.m2/repository/org/eclipse/jetty/jetty-xml/11.0.15/jetty-xml-11.0.15.jar:/home/runner/.m2/repository/org/eclipse/jetty/jetty-proxy/11.0.15/jetty-proxy-11.0.15.jar:/home/runner/.m2/repository/org/eclipse/jetty/jetty-client/11.0.15/jetty-client-11.0.15.jar:/home/runner/.m2/repository/org/eclipse/jetty/http2/http2-server/11.0.15/http2-server-11.0.15.jar:/home/runner/.m2/repository/org/eclipse/jetty/http2/http2-common/11.0.15/http2-common-11.0.15.jar:/home/runner/.m2/repository/org/eclipse/jetty/http2/http2-hpack/11.0.15/http2-hpack-11.0.15.jar:/home/runner/.m2/repository/org/eclipse/jetty/jetty-alpn-server/11.0.15/jetty-alpn-server-11.0.15.jar:/home/runner/.m2/repository/org/eclipse/jetty/jetty-alpn-java-server/11.0.15/jetty-alpn-java-server-11.0.15.jar:/home/runner/.m2/repository/org/eclipse/jetty/jetty-alpn-java-client/11.0.15/jetty-alpn-java-client-11.0.15.jar:/home/runner/.m2/repository/org/eclipse/jetty/jetty-alpn-client/11.0.15/jetty-alpn-client-11.0.15.jar:/home/runner/.m2/repository/org/apache/httpcomponents/client5/httpclient5/5.2.1/httpclient5-5.2.1.jar:/home/runner/.m2/repository/org/apache/httpcomponents/core5/httpcore5/5.2/httpcore5-5.2.jar:/home/runner/.m2/repository/org/apache/httpcomponents/core5/httpcore5-h2/5.2/httpcore5-h2-5.2.jar:/home/runner/.m2/repository/org/xmlunit/xmlunit-core/2.9.1/xmlunit-core-2.9.1.jar:/home/runner/.m2/repository/jakarta/xml/bind/jakarta.xml.bind-api/4.0.2/jakarta.xml.bind-api-4.0.2.jar:/home/runner/.m2/repository/org/xmlunit/xmlunit-legacy/2.9.1/xmlunit-legacy-2.9.1.jar:/home/runner/.m2/repository/org/xmlunit/xmlunit-placeholders/2.9.1/xmlunit-placeholders-2.9.1.jar:/home/runner/.m2/repository/net/javacrumbs/json-unit/json-unit-core/2.38.0/json-unit-core-2.38.0.jar:/home/runner/.m2/repository/org/hamcrest/hamcrest-core/2.2/hamcrest-core-2.2.jar:/home/runner/.m2/repository/com/jayway/jsonpath/json-path/2.8.0/json-path-2.8.0.jar:/home/runner/.m2/repository/net/minidev/json-smart/2.4.10/json-smart-2.4.10.jar:/home/runner/.m2/repository/net/minidev/accessors-smart/2.4.9/accessors-smart-2.4.9.jar:/home/runner/.m2/repository/org/ow2/asm/asm/9.7.1/asm-9.7.1.jar:/home/runner/.m2/repository/net/sf/jopt-simple/jopt-simple/5.0.4/jopt-simple-5.0.4.jar:/home/runner/.m2/repository/com/github/jknack/handlebars/4.3.1/handlebars-4.3.1.jar:/home/runner/.m2/repository/com/github/jknack/handlebars-helpers/4.3.1/handlebars-helpers-4.3.1.jar:/home/runner/.m2/repository/commons-fileupload/commons-fileupload/1.5/commons-fileupload-1.5.jar:/home/runner/.m2/repository/com/networknt/json-schema-validator/1.5.8/json-schema-validator-1.5.8.jar:/home/runner/.m2/repository/com/ethlo/time/itu/1.10.3/itu-1.10.3.jar:/home/runner/.m2/repository/io/quarkus/quarkus-smallrye-jwt-build/3.20.2/quarkus-smallrye-jwt-build-3.20.2.jar:/home/runner/.m2/repository/io/smallrye/smallrye-jwt-build/4.6.2/smallrye-jwt-build-4.6.2.jar:/home/runner/.m2/repository/org/eclipse/microprofile/jwt/microprofile-jwt-auth-api/2.1/microprofile-jwt-auth-api-2.1.jar:/home/runner/.m2/repository/org/bitbucket/b_c/jose4j/0.9.6/jose4j-0.9.6.jar:/home/runner/.m2/repository/io/smallrye/smallrye-jwt-common/4.6.2/smallrye-jwt-common-4.6.2.jar:/home/runner/.m2/repository/io/quarkus/quarkus-jsonp/3.20.2/quarkus-jsonp-3.20.2.jar:/home/runner/.m2/repository/io/quarkus/quarkus-arc/3.20.2/quarkus-arc-3.20.2.jar:/home/runner/.m2/repository/io/quarkus/arc/arc/3.20.2/arc-3.20.2.jar:/home/runner/.m2/repository/jakarta/transaction/jakarta.transaction-api/2.0.1/jakarta.transaction-api-2.0.1.jar:/home/runner/.m2/repository/io/smallrye/reactive/mutiny/2.9.2/mutiny-2.9.2.jar:/home/runner/.m2/repository/org/jctools/jctools-core/4.0.5/jctools-core-4.0.5.jar:/home/runner/.m2/repository/org/eclipse/microprofile/context-propagation/microprofile-context-propagation-api/1.3/microprofile-context-propagation-api-1.3.jar:/home/runner/.m2/repository/io/apicurio/apicurio-common-rest-client-common/0.1.18.Final/apicurio-common-rest-client-common-0.1.18.Final.jar:/home/runner/work/apicurio-testing/apicurio-testing/clusters/ci419/namespaces/inmemory/tests/integration/apicurio-registry/utils/maven-plugin/target/apicurio-registry-maven-plugin-3.0.12-SNAPSHOT.jar:/home/runner/.m2/repository/com/fasterxml/jackson/core/jackson-databind/2.18.2/jackson-databind-2.18.2.jar:/home/runner/.m2/repository/org/apache/avro/avro/1.12.0/avro-1.12.0.jar:/home/runner/.m2/repository/com/google/protobuf/protobuf-java/4.31.1/protobuf-java-4.31.1.jar:/home/runner/.m2/repository/com/google/protobuf/protobuf-java-util/4.31.1/protobuf-java-util-4.31.1.jar:/home/runner/.m2/repository/com/google/code/findbugs/jsr305/3.0.2/jsr305-3.0.2.jar:/home/runner/.m2/repository/com/google/code/gson/gson/2.12.1/gson-2.12.1.jar:/home/runner/.m2/repository/com/google/errorprone/error_prone_annotations/2.36.0/error_prone_annotations-2.36.0.jar:/home/runner/.m2/repository/com/google/j2objc/j2objc-annotations/2.8/j2objc-annotations-2.8.jar:/home/runner/work/apicurio-testing/apicurio-testing/clusters/ci419/namespaces/inmemory/tests/integration/apicurio-registry/schema-util/util-provider/target/apicurio-registry-schema-util-provider-3.0.12-SNAPSHOT.jar:/home/runner/work/apicurio-testing/apicurio-testing/clusters/ci419/namespaces/inmemory/tests/integration/apicurio-registry/schema-util/common/target/apicurio-registry-schema-util-common-3.0.12-SNAPSHOT.jar:/home/runner/.m2/repository/com/fasterxml/jackson/module/jackson-module-parameter-names/2.18.2/jackson-module-parameter-names-2.18.2.jar:/home/runner/.m2/repository/com/fasterxml/jackson/datatype/jackson-datatype-json-org/2.18.2/jackson-datatype-json-org-2.18.2.jar:/home/runner/work/apicurio-testing/apicurio-testing/clusters/ci419/namespaces/inmemory/tests/integration/apicurio-registry/schema-util/json/target/apicurio-registry-schema-util-json-3.0.12-SNAPSHOT.jar:/home/runner/.m2/repository/com/github/erosb/everit-json-schema/1.14.5/everit-json-schema-1.14.5.jar:/home/runner/.m2/repository/commons-validator/commons-validator/1.9.0/commons-validator-1.9.0.jar:/home/runner/.m2/repository/commons-digester/commons-digester/2.1/commons-digester-2.1.jar:/home/runner/.m2/repository/commons-collections/commons-collections/3.2.2/commons-collections-3.2.2.jar:/home/runner/.m2/repository/com/damnhandy/handy-uri-templates/2.1.8/handy-uri-templates-2.1.8.jar:/home/runner/.m2/repository/joda-time/joda-time/2.10.2/joda-time-2.10.2.jar:/home/runner/.m2/repository/com/github/erosb/json-sKema/0.20.0/json-sKema-0.20.0.jar:/home/runner/.m2/repository/io/vertx/vertx-json-schema/4.5.16/vertx-json-schema-4.5.16.jar:/home/runner/work/apicurio-testing/apicurio-testing/clusters/ci419/namespaces/inmemory/tests/integration/apicurio-registry/schema-util/protobuf/target/apicurio-registry-schema-util-protobuf-3.0.12-SNAPSHOT.jar:/home/runner/work/apicurio-testing/apicurio-testing/clusters/ci419/namespaces/inmemory/tests/integration/apicurio-registry/utils/protobuf-schema-utilities/target/apicurio-registry-protobuf-schema-utilities-3.0.12-SNAPSHOT.jar:/home/runner/.m2/repository/com/google/api/grpc/proto-google-common-protos/2.52.0/proto-google-common-protos-2.52.0.jar:/home/runner/.m2/repository/com/squareup/wire/wire-schema-jvm/5.3.3/wire-schema-jvm-5.3.3.jar:/home/runner/.m2/repository/com/palantir/javapoet/javapoet/0.6.0/javapoet-0.6.0.jar:/home/runner/.m2/repository/com/squareup/kotlinpoet-jvm/2.0.0/kotlinpoet-jvm-2.0.0.jar:/home/runner/.m2/repository/org/jetbrains/kotlin/kotlin-reflect/2.0.21/kotlin-reflect-2.0.21.jar:/home/runner/.m2/repository/com/squareup/wire/wire-runtime-jvm/5.3.3/wire-runtime-jvm-5.3.3.jar:/home/runner/.m2/repository/com/ibm/icu/icu4j/76.1/icu4j-76.1.jar:/home/runner/.m2/repository/com/squareup/okio/okio-fakefilesystem/3.10.2/okio-fakefilesystem-3.10.2.jar:/home/runner/.m2/repository/com/squareup/okio/okio-fakefilesystem-jvm/3.10.2/okio-fakefilesystem-jvm-3.10.2.jar:/home/runner/.m2/repository/org/jetbrains/kotlinx/kotlinx-datetime-jvm/0.6.1/kotlinx-datetime-jvm-0.6.1.jar:/home/runner/work/apicurio-testing/apicurio-testing/clusters/ci419/namespaces/inmemory/tests/integration/apicurio-registry/schema-util/asyncapi/target/apicurio-registry-schema-util-asyncapi-3.0.12-SNAPSHOT.jar:/home/runner/work/apicurio-testing/apicurio-testing/clusters/ci419/namespaces/inmemory/tests/integration/apicurio-registry/schema-util/avro/target/apicurio-registry-schema-util-avro-3.0.12-SNAPSHOT.jar:/home/runner/work/apicurio-testing/apicurio-testing/clusters/ci419/namespaces/inmemory/tests/integration/apicurio-registry/schema-util/graphql/target/apicurio-registry-schema-util-graphql-3.0.12-SNAPSHOT.jar:/home/runner/.m2/repository/com/graphql-java/graphql-java/22.4/graphql-java-22.4.jar:/home/runner/.m2/repository/com/graphql-java/java-dataloader/3.3.0/java-dataloader-3.3.0.jar:/home/runner/work/apicurio-testing/apicurio-testing/clusters/ci419/namespaces/inmemory/tests/integration/apicurio-registry/schema-util/kconnect/target/apicurio-registry-schema-util-kconnect-3.0.12-SNAPSHOT.jar:/home/runner/work/apicurio-testing/apicurio-testing/clusters/ci419/namespaces/inmemory/tests/integration/apicurio-registry/schema-util/openapi/target/apicurio-registry-schema-util-openapi-3.0.12-SNAPSHOT.jar:/home/runner/.m2/repository/io/apicurio/apicurio-data-models/2.2.2/apicurio-data-models-2.2.2.jar:/home/runner/.m2/repository/org/openapitools/openapidiff/openapi-diff-core/2.1.2/openapi-diff-core-2.1.2.jar:/home/runner/.m2/repository/io/swagger/parser/v3/swagger-parser/2.1.28/swagger-parser-2.1.28.jar:/home/runner/.m2/repository/io/swagger/parser/v3/swagger-parser-v2-converter/2.1.28/swagger-parser-v2-converter-2.1.28.jar:/home/runner/.m2/repository/io/swagger/swagger-core/1.6.16/swagger-core-1.6.16.jar:/home/runner/.m2/repository/io/swagger/swagger-models/1.6.16/swagger-models-1.6.16.jar:/home/runner/.m2/repository/io/swagger/swagger-annotations/1.6.16/swagger-annotations-1.6.16.jar:/home/runner/.m2/repository/io/swagger/swagger-parser/1.0.75/swagger-parser-1.0.75.jar:/home/runner/.m2/repository/io/swagger/swagger-parser-safe-url-resolver/1.0.75/swagger-parser-safe-url-resolver-1.0.75.jar:/home/runner/.m2/repository/io/swagger/swagger-compat-spec-parser/1.0.75/swagger-compat-spec-parser-1.0.75.jar:/home/runner/.m2/repository/com/github/java-json-tools/json-schema-validator/2.2.14/json-schema-validator-2.2.14.jar:/home/runner/.m2/repository/com/github/java-json-tools/jackson-coreutils-equivalence/1.0/jackson-coreutils-equivalence-1.0.jar:/home/runner/.m2/repository/com/github/java-json-tools/json-schema-core/1.2.14/json-schema-core-1.2.14.jar:/home/runner/.m2/repository/com/github/java-json-tools/uri-template/0.10/uri-template-0.10.jar:/home/runner/.m2/repository/com/googlecode/libphonenumber/libphonenumber/8.11.1/libphonenumber-8.11.1.jar:/home/runner/.m2/repository/com/j2html/j2html/1.6.0/j2html-1.6.0.jar:/home/runner/.m2/repository/org/apache/commons/commons-collections4/4.5.0/commons-collections4-4.5.0.jar:/home/runner/.m2/repository/org/slf4j/jcl-over-slf4j/2.0.17/jcl-over-slf4j-2.0.17.jar:/home/runner/.m2/repository/io/swagger/parser/v3/swagger-parser-v3/2.1.31/swagger-parser-v3-2.1.31.jar:/home/runner/.m2/repository/io/swagger/core/v3/swagger-models/2.2.34/swagger-models-2.2.34.jar:/home/runner/.m2/repository/io/swagger/core/v3/swagger-core/2.2.34/swagger-core-2.2.34.jar:/home/runner/.m2/repository/io/swagger/parser/v3/swagger-parser-core/2.1.31/swagger-parser-core-2.1.31.jar:/home/runner/.m2/repository/io/swagger/parser/v3/swagger-parser-safe-url-resolver/2.1.31/swagger-parser-safe-url-resolver-2.1.31.jar:/home/runner/work/apicurio-testing/apicurio-testing/clusters/ci419/namespaces/inmemory/tests/integration/apicurio-registry/schema-util/wsdl/target/apicurio-registry-schema-util-wsdl-3.0.12-SNAPSHOT.jar:/home/runner/.m2/repository/wsdl4j/wsdl4j/1.6.3/wsdl4j-1.6.3.jar:/home/runner/work/apicurio-testing/apicurio-testing/clusters/ci419/namespaces/inmemory/tests/integration/apicurio-registry/schema-util/xml/target/apicurio-registry-schema-util-xml-3.0.12-SNAPSHOT.jar:/home/runner/.m2/repository/org/apache/santuario/xmlsec/4.0.4/xmlsec-4.0.4.jar:/home/runner/.m2/repository/com/fasterxml/woodstox/woodstox-core/7.1.1/woodstox-core-7.1.1.jar:/home/runner/.m2/repository/org/codehaus/woodstox/stax2-api/4.2.2/stax2-api-4.2.2.jar:/home/runner/work/apicurio-testing/apicurio-testing/clusters/ci419/namespaces/inmemory/tests/integration/apicurio-registry/schema-util/xsd/target/apicurio-registry-schema-util-xsd-3.0.12-SNAPSHOT.jar:/home/runner/work/apicurio-testing/apicurio-testing/clusters/ci419/namespaces/inmemory/tests/integration/apicurio-registry/serdes/kafka/jsonschema-serde/target/apicurio-registry-jsonschema-serde-kafka-3.0.12-SNAPSHOT.jar:/home/runner/work/apicurio-testing/apicurio-testing/clusters/ci419/namespaces/inmemory/tests/integration/apicurio-registry/serdes/kafka/serde-kafka-common/target/apicurio-registry-serde-kafka-common-3.0.12-SNAPSHOT.jar:/home/runner/work/apicurio-testing/apicurio-testing/clusters/ci419/namespaces/inmemory/tests/integration/apicurio-registry/serdes/generic/serde-common/target/apicurio-registry-serde-common-3.0.12-SNAPSHOT.jar:/home/runner/work/apicurio-testing/apicurio-testing/clusters/ci419/namespaces/inmemory/tests/integration/apicurio-registry/serdes/generic/serde-common-jsonschema/target/apicurio-registry-serde-common-jsonschema-3.0.12-SNAPSHOT.jar:/home/runner/.m2/repository/org/json/json/20250107/json-20250107.jar:/home/runner/work/apicurio-testing/apicurio-testing/clusters/ci419/namespaces/inmemory/tests/integration/apicurio-registry/serdes/kafka/avro-serde/target/apicurio-registry-avro-serde-kafka-3.0.12-SNAPSHOT.jar:/home/runner/work/apicurio-testing/apicurio-testing/clusters/ci419/namespaces/inmemory/tests/integration/apicurio-registry/serdes/generic/serde-common-avro/target/apicurio-registry-serde-common-avro-3.0.12-SNAPSHOT.jar:/home/runner/work/apicurio-testing/apicurio-testing/clusters/ci419/namespaces/inmemory/tests/integration/apicurio-registry/serdes/kafka/protobuf-serde/target/apicurio-registry-protobuf-serde-kafka-3.0.12-SNAPSHOT.jar:/home/runner/work/apicurio-testing/apicurio-testing/clusters/ci419/namespaces/inmemory/tests/integration/apicurio-registry/serdes/generic/serde-common-protobuf/target/apicurio-registry-serde-common-protobuf-3.0.12-SNAPSHOT.jar:/home/runner/.m2/repository/com/squareup/wire/wire-schema/5.3.3/wire-schema-5.3.3.jar:/home/runner/.m2/repository/com/squareup/wire/wire-runtime/5.3.3/wire-runtime-5.3.3.jar:/home/runner/work/apicurio-testing/apicurio-testing/clusters/ci419/namespaces/inmemory/tests/integration/apicurio-registry/serdes/pulsar/avro-serde/target/apicurio-registry-avro-serde-pulsar-3.0.12-SNAPSHOT.jar:/home/runner/.m2/repository/org/apache/pulsar/pulsar-functions-api/3.3.8/pulsar-functions-api-3.3.8.jar:/home/runner/work/apicurio-testing/apicurio-testing/clusters/ci419/namespaces/inmemory/tests/integration/apicurio-registry/serdes/nats/avro-serde/target/apicurio-registry-avro-serde-nats-3.0.12-SNAPSHOT.jar:/home/runner/.m2/repository/io/nats/jnats/2.21.4/jnats-2.21.4.jar:/home/runner/.m2/repository/org/bouncycastle/bcprov-lts8on/2.73.7/bcprov-lts8on-2.73.7.jar:/home/runner/.m2/repository/org/jetbrains/annotations/26.0.2/annotations-26.0.2.jar:/home/runner/work/apicurio-testing/apicurio-testing/clusters/ci419/namespaces/inmemory/tests/integration/apicurio-registry/utils/converter/target/apicurio-registry-utils-converter-3.0.12-SNAPSHOT.jar:/home/runner/work/apicurio-testing/apicurio-testing/clusters/ci419/namespaces/inmemory/tests/integration/apicurio-registry/schema-resolver/target/apicurio-registry-schema-resolver-3.0.12-SNAPSHOT.jar:/home/runner/.m2/repository/org/apache/kafka/connect-api/3.9.1/connect-api-3.9.1.jar:/home/runner/.m2/repository/javax/ws/rs/javax.ws.rs-api/2.1.1/javax.ws.rs-api-2.1.1.jar:/home/runner/.m2/repository/org/apache/kafka/connect-json/3.9.1/connect-json-3.9.1.jar:/home/runner/.m2/repository/com/fasterxml/jackson/datatype/jackson-datatype-jdk8/2.18.2/jackson-datatype-jdk8-2.18.2.jar:/home/runner/.m2/repository/com/fasterxml/jackson/module/jackson-module-afterburner/2.18.2/jackson-module-afterburner-2.18.2.jar:/home/runner/work/apicurio-testing/apicurio-testing/clusters/ci419/namespaces/inmemory/tests/integration/apicurio-registry/utils/kafka/target/apicurio-registry-utils-kafka-3.0.12-SNAPSHOT.jar:/home/runner/.m2/repository/org/apache/pulsar/pulsar-client/3.3.8/pulsar-client-3.3.8.jar:/home/runner/.m2/repository/org/apache/pulsar/pulsar-client-api/3.3.8/pulsar-client-api-3.3.8.jar:/home/runner/.m2/repository/org/apache/pulsar/pulsar-client-admin-api/3.3.8/pulsar-client-admin-api-3.3.8.jar:/home/runner/.m2/repository/org/apache/pulsar/bouncy-castle-bc/3.3.8/bouncy-castle-bc-3.3.8-pkg.jar:/home/runner/.m2/repository/org/bouncycastle/bcpkix-jdk18on/1.81/bcpkix-jdk18on-1.81.jar:/home/runner/.m2/repository/org/bouncycastle/bcutil-jdk18on/1.81/bcutil-jdk18on-1.81.jar:/home/runner/.m2/repository/org/bouncycastle/bcprov-jdk18on/1.81/bcprov-jdk18on-1.81.jar:/home/runner/.m2/repository/io/opentelemetry/opentelemetry-api/1.44.1/opentelemetry-api-1.44.1.jar:/home/runner/.m2/repository/io/opentelemetry/opentelemetry-context/1.44.1/opentelemetry-context-1.44.1.jar:/home/runner/.m2/repository/io/opentelemetry/opentelemetry-api-incubator/1.44.1-alpha/opentelemetry-api-incubator-1.44.1-alpha.jar:/home/runner/.m2/repository/com/fasterxml/jackson/core/jackson-annotations/2.18.2/jackson-annotations-2.18.2.jar:/home/runner/.m2/repository/javax/validation/validation-api/1.1.0.Final/validation-api-1.1.0.Final.jar:/home/runner/.m2/repository/org/jspecify/jspecify/1.0.0/jspecify-1.0.0.jar:/home/runner/.m2/repository/org/apache/commons/commons-configuration2/2.12.0/commons-configuration2-2.12.0.jar:/home/runner/.m2/repository/commons-logging/commons-logging/1.3.5/commons-logging-1.3.5.jar:/home/runner/.m2/repository/org/apache/commons/commons-text/1.13.0/commons-text-1.13.0.jar:/home/runner/.m2/repository/io/confluent/kafka-avro-serializer/8.0.0/kafka-avro-serializer-8.0.0.jar:/home/runner/.m2/repository/org/apache/commons/commons-compress/1.27.1/commons-compress-1.27.1.jar:/home/runner/.m2/repository/io/confluent/kafka-schema-serializer/8.0.0/kafka-schema-serializer-8.0.0.jar:/home/runner/.m2/repository/com/fasterxml/jackson/dataformat/jackson-dataformat-csv/2.18.2/jackson-dataformat-csv-2.18.2.jar:/home/runner/.m2/repository/io/confluent/kafka-schema-registry-client/8.0.0/kafka-schema-registry-client-8.0.0.jar:/home/runner/.m2/repository/org/yaml/snakeyaml/2.3/snakeyaml-2.3.jar:/home/runner/.m2/repository/io/swagger/core/v3/swagger-annotations/2.2.29/swagger-annotations-2.2.29.jar:/home/runner/.m2/repository/com/google/guava/guava/33.4.0-jre/guava-33.4.0-jre.jar:/home/runner/.m2/repository/com/google/guava/failureaccess/1.0.1/failureaccess-1.0.1.jar:/home/runner/.m2/repository/org/checkerframework/checker-qual/3.49.0/checker-qual-3.49.0.jar:/home/runner/.m2/repository/io/confluent/logredactor/1.0.13/logredactor-1.0.13.jar:/home/runner/.m2/repository/com/google/re2j/re2j/1.6/re2j-1.6.jar:/home/runner/.m2/repository/io/confluent/logredactor-metrics/1.0.13/logredactor-metrics-1.0.13.jar:/home/runner/.m2/repository/com/eclipsesource/minimal-json/minimal-json/0.9.5/minimal-json-0.9.5.jar:/home/runner/.m2/repository/io/confluent/common-utils/8.0.0/common-utils-8.0.0.jar:/home/runner/.m2/repository/io/confluent/kafka-connect-avro-converter/8.0.0/kafka-connect-avro-converter-8.0.0.jar:/home/runner/.m2/repository/io/confluent/kafka-connect-avro-data/8.0.0/kafka-connect-avro-data-8.0.0.jar:/home/runner/.m2/repository/io/confluent/kafka-schema-converter/8.0.0/kafka-schema-converter-8.0.0.jar:/home/runner/.m2/repository/io/rest-assured/rest-assured/5.5.1/rest-assured-5.5.1.jar:/home/runner/.m2/repository/org/apache/groovy/groovy/4.0.22/groovy-4.0.22.jar:/home/runner/.m2/repository/org/apache/groovy/groovy-xml/4.0.22/groovy-xml-4.0.22.jar:/home/runner/.m2/repository/org/apache/httpcomponents/httpclient/4.5.14/httpclient-4.5.14.jar:/home/runner/.m2/repository/org/apache/httpcomponents/httpcore/4.4.16/httpcore-4.4.16.jar:/home/runner/.m2/repository/org/apache/httpcomponents/httpmime/4.5.14/httpmime-4.5.14.jar:/home/runner/.m2/repository/org/hamcrest/hamcrest/2.2/hamcrest-2.2.jar:/home/runner/.m2/repository/org/ccil/cowan/tagsoup/tagsoup/1.2.1/tagsoup-1.2.1.jar:/home/runner/.m2/repository/io/rest-assured/json-path/5.5.1/json-path-5.5.1.jar:/home/runner/.m2/repository/org/apache/groovy/groovy-json/4.0.22/groovy-json-4.0.22.jar:/home/runner/.m2/repository/io/rest-assured/rest-assured-common/5.5.1/rest-assured-common-5.5.1.jar:/home/runner/.m2/repository/io/rest-assured/xml-path/5.5.1/xml-path-5.5.1.jar:/home/runner/.m2/repository/io/zonky/test/embedded-postgres/2.1.0/embedded-postgres-2.1.0.jar:/home/runner/.m2/repository/io/zonky/test/postgres/embedded-postgres-binaries-windows-amd64/14.15.0/embedded-postgres-binaries-windows-amd64-14.15.0.jar:/home/runner/.m2/repository/io/zonky/test/postgres/embedded-postgres-binaries-darwin-amd64/14.15.0/embedded-postgres-binaries-darwin-amd64-14.15.0.jar:/home/runner/.m2/repository/io/zonky/test/postgres/embedded-postgres-binaries-linux-amd64/14.15.0/embedded-postgres-binaries-linux-amd64-14.15.0.jar:/home/runner/.m2/repository/io/zonky/test/postgres/embedded-postgres-binaries-linux-amd64-alpine/14.15.0/embedded-postgres-binaries-linux-amd64-alpine-14.15.0.jar:/home/runner/.m2/repository/org/apache/commons/commons-lang3/3.17.0/commons-lang3-3.17.0.jar:/home/runner/.m2/repository/org/tukaani/xz/1.10/xz-1.10.jar:/home/runner/.m2/repository/commons-codec/commons-codec/1.19.0/commons-codec-1.19.0.jar:/home/runner/.m2/repository/org/postgresql/postgresql/42.7.7/postgresql-42.7.7.jar:/home/runner/.m2/repository/commons-io/commons-io/2.18.0/commons-io-2.18.0.jar:/home/runner/work/apicurio-testing/apicurio-testing/clusters/ci419/namespaces/inmemory/tests/integration/apicurio-registry/utils/importexport/target/apicurio-registry-utils-import-export-3.0.12-SNAPSHOT.jar:/home/runner/.m2/repository/io/vertx/vertx-core/4.5.16/vertx-core-4.5.16.jar:/home/runner/.m2/repository/io/netty/netty-common/4.1.121.Final/netty-common-4.1.121.Final.jar:/home/runner/.m2/repository/io/netty/netty-buffer/4.1.121.Final/netty-buffer-4.1.121.Final.jar:/home/runner/.m2/repository/io/netty/netty-transport/4.1.121.Final/netty-transport-4.1.121.Final.jar:/home/runner/.m2/repository/io/netty/netty-handler/4.1.121.Final/netty-handler-4.1.121.Final.jar:/home/runner/.m2/repository/io/netty/netty-transport-native-unix-common/4.1.121.Final/netty-transport-native-unix-common-4.1.121.Final.jar:/home/runner/.m2/repository/io/netty/netty-codec/4.1.121.Final/netty-codec-4.1.121.Final.jar:/home/runner/.m2/repository/io/netty/netty-handler-proxy/4.1.121.Final/netty-handler-proxy-4.1.121.Final.jar:/home/runner/.m2/repository/io/netty/netty-codec-socks/4.1.121.Final/netty-codec-socks-4.1.121.Final.jar:/home/runner/.m2/repository/io/netty/netty-codec-http/4.1.121.Final/netty-codec-http-4.1.121.Final.jar:/home/runner/.m2/repository/io/netty/netty-codec-http2/4.1.121.Final/netty-codec-http2-4.1.121.Final.jar:/home/runner/.m2/repository/io/netty/netty-resolver/4.1.121.Final/netty-resolver-4.1.121.Final.jar:/home/runner/.m2/repository/io/netty/netty-resolver-dns/4.1.121.Final/netty-resolver-dns-4.1.121.Final.jar:/home/runner/.m2/repository/io/netty/netty-codec-dns/4.1.121.Final/netty-codec-dns-4.1.121.Final.jar:/home/runner/.m2/repository/com/fasterxml/jackson/core/jackson-core/2.18.2/jackson-core-2.18.2.jar:"/>
    <property name="java.vm.vendor" value="Eclipse Adoptium"/>
    <property name="maven.javadoc.skip" value="true"/>
    <property name="sun.arch.data.model" value="64"/>
    <property name="java.vendor.url" value="https://adoptium.net/"/>
    <property name="user.timezone" value="Etc/UTC"/>
    <property name="os.name" value="Linux"/>
    <property name="java.vm.specification.version" value="17"/>
    <property name="sun.java.launcher" value="SUN_STANDARD"/>
    <property name="quarkus.http.test-port" value="80"/>
    <property name="sun.boot.library.path" value="/usr/lib/jvm/temurin-17-jdk-amd64/lib"/>
    <property name="sun.java.command" value="/home/runner/work/apicurio-testing/apicurio-testing/clusters/ci419/namespaces/inmemory/tests/integration/apicurio-registry/integration-tests/target/surefire/surefirebooter-20250813021313950_3.jar /home/runner/work/apicurio-testing/apicurio-testing/clusters/ci419/namespaces/inmemory/tests/integration/apicurio-registry/integration-tests/target/surefire 2025-08-13T02-13-13_826-jvmRun1 surefire-20250813021313950_1tmp surefire_0-20250813021313950_2tmp"/>
    <property name="maven.home" value="/home/runner/.m2/wrapper/dists/apache-maven-3.9.8-bin/4fnp1ql35bgk2a0p7m31ovbgb0/apache-maven-3.9.8"/>
    <property name="jdk.debug" value="release"/>
    <property name="surefire.test.class.path" value="/home/runner/work/apicurio-testing/apicurio-testing/clusters/ci419/namespaces/inmemory/tests/integration/apicurio-registry/integration-tests/target/test-classes:/home/runner/work/apicurio-testing/apicurio-testing/clusters/ci419/namespaces/inmemory/tests/integration/apicurio-registry/integration-tests/target/apicurio-registry-integration-tests-3.0.12-SNAPSHOT.jar:/home/runner/.m2/repository/io/quarkus/quarkus-junit5/3.20.2/quarkus-junit5-3.20.2.jar:/home/runner/.m2/repository/io/quarkus/quarkus-bootstrap-core/3.20.2/quarkus-bootstrap-core-3.20.2.jar:/home/runner/.m2/repository/io/quarkus/quarkus-classloader-commons/3.20.2/quarkus-classloader-commons-3.20.2.jar:/home/runner/.m2/repository/io/quarkus/quarkus-bootstrap-app-model/3.20.2/quarkus-bootstrap-app-model-3.20.2.jar:/home/runner/.m2/repository/io/smallrye/common/smallrye-common-io/2.12.0/smallrye-common-io-2.12.0.jar:/home/runner/.m2/repository/org/eclipse/sisu/org.eclipse.sisu.inject/0.9.0.M3/org.eclipse.sisu.inject-0.9.0.M3.jar:/home/runner/.m2/repository/io/quarkus/quarkus-test-common/3.20.2/quarkus-test-common-3.20.2.jar:/home/runner/.m2/repository/io/quarkus/quarkus-core-deployment/3.20.2/quarkus-core-deployment-3.20.2.jar:/home/runner/.m2/repository/org/aesh/readline/2.6/readline-2.6.jar:/home/runner/.m2/repository/org/fusesource/jansi/jansi/2.4.0/jansi-2.4.0.jar:/home/runner/.m2/repository/org/aesh/aesh/2.8.2/aesh-2.8.2.jar:/home/runner/.m2/repository/io/quarkus/gizmo/gizmo/1.8.0/gizmo-1.8.0.jar:/home/runner/.m2/repository/org/ow2/asm/asm-util/9.7.1/asm-util-9.7.1.jar:/home/runner/.m2/repository/org/ow2/asm/asm-analysis/9.7.1/asm-analysis-9.7.1.jar:/home/runner/.m2/repository/org/ow2/asm/asm-commons/9.7.1/asm-commons-9.7.1.jar:/home/runner/.m2/repository/org/ow2/asm/asm-tree/9.7.1/asm-tree-9.7.1.jar:/home/runner/.m2/repository/io/quarkus/quarkus-hibernate-validator-spi/3.20.2/quarkus-hibernate-validator-spi-3.20.2.jar:/home/runner/.m2/repository/io/quarkus/quarkus-class-change-agent/3.20.2/quarkus-class-change-agent-3.20.2.jar:/home/runner/.m2/repository/io/quarkus/quarkus-devtools-utilities/3.20.2/quarkus-devtools-utilities-3.20.2.jar:/home/runner/.m2/repository/io/quarkus/quarkus-builder/3.20.2/quarkus-builder-3.20.2.jar:/home/runner/.m2/repository/org/graalvm/sdk/nativeimage/23.1.2/nativeimage-23.1.2.jar:/home/runner/.m2/repository/org/graalvm/sdk/word/23.1.2/word-23.1.2.jar:/home/runner/.m2/repository/io/quarkus/quarkus-bootstrap-maven-resolver/3.20.2/quarkus-bootstrap-maven-resolver-3.20.2.jar:/home/runner/.m2/repository/io/smallrye/beanbag/smallrye-beanbag-maven/1.5.2/smallrye-beanbag-maven-1.5.2.jar:/home/runner/.m2/repository/io/smallrye/beanbag/smallrye-beanbag-sisu/1.5.2/smallrye-beanbag-sisu-1.5.2.jar:/home/runner/.m2/repository/io/smallrye/beanbag/smallrye-beanbag/1.5.2/smallrye-beanbag-1.5.2.jar:/home/runner/.m2/repository/javax/inject/javax.inject/1/javax.inject-1.jar:/home/runner/.m2/repository/org/apache/maven/maven-artifact/3.9.9/maven-artifact-3.9.9.jar:/home/runner/.m2/repository/org/apache/maven/maven-builder-support/3.9.9/maven-builder-support-3.9.9.jar:/home/runner/.m2/repository/org/apache/maven/maven-model/3.9.9/maven-model-3.9.9.jar:/home/runner/.m2/repository/org/apache/maven/maven-model-builder/3.9.9/maven-model-builder-3.9.9.jar:/home/runner/.m2/repository/org/apache/maven/maven-repository-metadata/3.9.9/maven-repository-metadata-3.9.9.jar:/home/runner/.m2/repository/org/apache/maven/maven-settings/3.9.9/maven-settings-3.9.9.jar:/home/runner/.m2/repository/org/apache/maven/resolver/maven-resolver-api/1.9.22/maven-resolver-api-1.9.22.jar:/home/runner/.m2/repository/org/apache/maven/resolver/maven-resolver-impl/1.9.22/maven-resolver-impl-1.9.22.jar:/home/runner/.m2/repository/org/apache/maven/resolver/maven-resolver-named-locks/1.9.22/maven-resolver-named-locks-1.9.22.jar:/home/runner/.m2/repository/org/apache/maven/resolver/maven-resolver-spi/1.9.22/maven-resolver-spi-1.9.22.jar:/home/runner/.m2/repository/org/apache/maven/resolver/maven-resolver-util/1.9.22/maven-resolver-util-1.9.22.jar:/home/runner/.m2/repository/org/apache/maven/resolver/maven-resolver-transport-http/1.9.20/maven-resolver-transport-http-1.9.20.jar:/home/runner/.m2/repository/org/apache/maven/wagon/wagon-provider-api/3.5.3/wagon-provider-api-3.5.3.jar:/home/runner/.m2/repository/org/apache/maven/wagon/wagon-http-shared/3.5.3/wagon-http-shared-3.5.3.jar:/home/runner/.m2/repository/org/codehaus/plexus/plexus-interpolation/1.26/plexus-interpolation-1.26.jar:/home/runner/.m2/repository/org/codehaus/plexus/plexus-utils/3.5.1/plexus-utils-3.5.1.jar:/home/runner/.m2/repository/org/codehaus/plexus/plexus-xml/4.0.1/plexus-xml-4.0.1.jar:/home/runner/.m2/repository/org/apache/maven/maven-xml-impl/4.0.0-alpha-5/maven-xml-impl-4.0.0-alpha-5.jar:/home/runner/.m2/repository/org/apache/maven/maven-api-xml/4.0.0-alpha-5/maven-api-xml-4.0.0-alpha-5.jar:/home/runner/.m2/repository/org/apache/maven/maven-api-meta/4.0.0-alpha-5/maven-api-meta-4.0.0-alpha-5.jar:/home/runner/.m2/repository/org/codehaus/plexus/plexus-cipher/2.0/plexus-cipher-2.0.jar:/home/runner/.m2/repository/org/codehaus/plexus/plexus-sec-dispatcher/2.0/plexus-sec-dispatcher-2.0.jar:/home/runner/.m2/repository/org/apache/maven/maven-embedder/3.9.9/maven-embedder-3.9.9.jar:/home/runner/.m2/repository/org/apache/maven/maven-core/3.9.9/maven-core-3.9.9.jar:/home/runner/.m2/repository/org/codehaus/plexus/plexus-component-annotations/2.1.0/plexus-component-annotations-2.1.0.jar:/home/runner/.m2/repository/org/apache/maven/maven-plugin-api/3.9.9/maven-plugin-api-3.9.9.jar:/home/runner/.m2/repository/org/apache/maven/shared/maven-shared-utils/3.4.2/maven-shared-utils-3.4.2.jar:/home/runner/.m2/repository/com/google/inject/guice/5.1.0/guice-5.1.0.jar:/home/runner/.m2/repository/aopalliance/aopalliance/1.0/aopalliance-1.0.jar:/home/runner/.m2/repository/org/codehaus/plexus/plexus-classworlds/2.6.0/plexus-classworlds-2.6.0.jar:/home/runner/.m2/repository/commons-cli/commons-cli/1.8.0/commons-cli-1.8.0.jar:/home/runner/.m2/repository/org/eclipse/sisu/org.eclipse.sisu.plexus/0.9.0.M3/org.eclipse.sisu.plexus-0.9.0.M3.jar:/home/runner/.m2/repository/org/apache/maven/maven-settings-builder/3.9.9/maven-settings-builder-3.9.9.jar:/home/runner/.m2/repository/org/apache/maven/maven-resolver-provider/3.9.9/maven-resolver-provider-3.9.9.jar:/home/runner/.m2/repository/org/apache/maven/resolver/maven-resolver-connector-basic/1.9.22/maven-resolver-connector-basic-1.9.22.jar:/home/runner/.m2/repository/org/apache/maven/resolver/maven-resolver-transport-wagon/1.9.22/maven-resolver-transport-wagon-1.9.22.jar:/home/runner/.m2/repository/org/apache/maven/wagon/wagon-http/3.5.3/wagon-http-3.5.3.jar:/home/runner/.m2/repository/org/apache/maven/wagon/wagon-file/3.5.3/wagon-file-3.5.3.jar:/home/runner/.m2/repository/io/quarkus/quarkus-bootstrap-gradle-resolver/3.20.2/quarkus-bootstrap-gradle-resolver-3.20.2.jar:/home/runner/.m2/repository/io/smallrye/jandex/3.3.0/jandex-3.3.0.jar:/home/runner/.m2/repository/org/jboss/logging/commons-logging-jboss-logging/1.0.0.Final/commons-logging-jboss-logging-1.0.0.Final.jar:/home/runner/.m2/repository/io/quarkus/quarkus-junit5-config/3.20.2/quarkus-junit5-config-3.20.2.jar:/home/runner/.m2/repository/org/junit/jupiter/junit-jupiter-api/5.12.1/junit-jupiter-api-5.12.1.jar:/home/runner/.m2/repository/io/smallrye/config/smallrye-config/3.11.4/smallrye-config-3.11.4.jar:/home/runner/.m2/repository/io/smallrye/config/smallrye-config-core/3.11.4/smallrye-config-core-3.11.4.jar:/home/runner/.m2/repository/io/smallrye/common/smallrye-common-classloader/2.12.0/smallrye-common-classloader-2.12.0.jar:/home/runner/.m2/repository/io/smallrye/config/smallrye-config-common/3.11.4/smallrye-config-common-3.11.4.jar:/home/runner/.m2/repository/org/junit/jupiter/junit-jupiter/5.12.1/junit-jupiter-5.12.1.jar:/home/runner/.m2/repository/org/junit/jupiter/junit-jupiter-params/5.12.1/junit-jupiter-params-5.12.1.jar:/home/runner/.m2/repository/org/junit/jupiter/junit-jupiter-engine/5.12.1/junit-jupiter-engine-5.12.1.jar:/home/runner/.m2/repository/io/quarkus/quarkus-core/3.20.2/quarkus-core-3.20.2.jar:/home/runner/.m2/repository/jakarta/enterprise/jakarta.enterprise.cdi-api/4.1.0/jakarta.enterprise.cdi-api-4.1.0.jar:/home/runner/.m2/repository/jakarta/enterprise/jakarta.enterprise.lang-model/4.1.0/jakarta.enterprise.lang-model-4.1.0.jar:/home/runner/.m2/repository/jakarta/el/jakarta.el-api/5.0.1/jakarta.el-api-5.0.1.jar:/home/runner/.m2/repository/jakarta/interceptor/jakarta.interceptor-api/2.2.0/jakarta.interceptor-api-2.2.0.jar:/home/runner/.m2/repository/jakarta/inject/jakarta.inject-api/2.0.1/jakarta.inject-api-2.0.1.jar:/home/runner/.m2/repository/io/smallrye/common/smallrye-common-os/2.12.0/smallrye-common-os-2.12.0.jar:/home/runner/.m2/repository/io/quarkus/quarkus-ide-launcher/3.20.2/quarkus-ide-launcher-3.20.2.jar:/home/runner/.m2/repository/io/quarkus/quarkus-development-mode-spi/3.20.2/quarkus-development-mode-spi-3.20.2.jar:/home/runner/.m2/repository/org/jboss/logging/jboss-logging/3.6.1.Final/jboss-logging-3.6.1.Final.jar:/home/runner/.m2/repository/org/jboss/logmanager/jboss-logmanager/3.1.2.Final/jboss-logmanager-3.1.2.Final.jar:/home/runner/.m2/repository/io/smallrye/common/smallrye-common-constraint/2.12.0/smallrye-common-constraint-2.12.0.jar:/home/runner/.m2/repository/io/smallrye/common/smallrye-common-cpu/2.12.0/smallrye-common-cpu-2.12.0.jar:/home/runner/.m2/repository/io/smallrye/common/smallrye-common-expression/2.12.0/smallrye-common-expression-2.12.0.jar:/home/runner/.m2/repository/io/smallrye/common/smallrye-common-net/2.12.0/smallrye-common-net-2.12.0.jar:/home/runner/.m2/repository/io/smallrye/common/smallrye-common-ref/2.12.0/smallrye-common-ref-2.12.0.jar:/home/runner/.m2/repository/jakarta/json/jakarta.json-api/2.1.3/jakarta.json-api-2.1.3.jar:/home/runner/.m2/repository/org/eclipse/parsson/parsson/1.1.7/parsson-1.1.7.jar:/home/runner/.m2/repository/org/jboss/logging/jboss-logging-annotations/3.0.4.Final/jboss-logging-annotations-3.0.4.Final.jar:/home/runner/.m2/repository/org/jboss/threads/jboss-threads/3.8.0.Final/jboss-threads-3.8.0.Final.jar:/home/runner/.m2/repository/io/smallrye/common/smallrye-common-annotation/2.12.0/smallrye-common-annotation-2.12.0.jar:/home/runner/.m2/repository/io/smallrye/common/smallrye-common-function/2.12.0/smallrye-common-function-2.12.0.jar:/home/runner/.m2/repository/org/jboss/slf4j/slf4j-jboss-logmanager/2.0.0.Final/slf4j-jboss-logmanager-2.0.0.Final.jar:/home/runner/.m2/repository/org/wildfly/common/wildfly-common/2.0.1/wildfly-common-2.0.1.jar:/home/runner/.m2/repository/io/quarkus/quarkus-bootstrap-runner/3.20.2/quarkus-bootstrap-runner-3.20.2.jar:/home/runner/.m2/repository/io/github/crac/org-crac/0.1.3/org-crac-0.1.3.jar:/home/runner/.m2/repository/io/quarkus/quarkus-fs-util/0.0.10/quarkus-fs-util-0.0.10.jar:/home/runner/.m2/repository/org/jboss/marshalling/jboss-marshalling/2.2.2.Final/jboss-marshalling-2.2.2.Final.jar:/home/runner/.m2/repository/io/fabric8/kubernetes-client/7.1.0/kubernetes-client-7.1.0.jar:/home/runner/.m2/repository/io/fabric8/kubernetes-client-api/7.1.0/kubernetes-client-api-7.1.0.jar:/home/runner/.m2/repository/io/fabric8/kubernetes-model-core/7.1.0/kubernetes-model-core-7.1.0.jar:/home/runner/.m2/repository/io/fabric8/kubernetes-model-common/7.1.0/kubernetes-model-common-7.1.0.jar:/home/runner/.m2/repository/javax/annotation/javax.annotation-api/1.3.2/javax.annotation-api-1.3.2.jar:/home/runner/.m2/repository/io/fabric8/kubernetes-model-gatewayapi/7.1.0/kubernetes-model-gatewayapi-7.1.0.jar:/home/runner/.m2/repository/io/fabric8/kubernetes-model-resource/7.1.0/kubernetes-model-resource-7.1.0.jar:/home/runner/.m2/repository/io/fabric8/kubernetes-model-rbac/7.1.0/kubernetes-model-rbac-7.1.0.jar:/home/runner/.m2/repository/io/fabric8/kubernetes-model-admissionregistration/7.1.0/kubernetes-model-admissionregistration-7.1.0.jar:/home/runner/.m2/repository/io/fabric8/kubernetes-model-apps/7.1.0/kubernetes-model-apps-7.1.0.jar:/home/runner/.m2/repository/io/fabric8/kubernetes-model-autoscaling/7.1.0/kubernetes-model-autoscaling-7.1.0.jar:/home/runner/.m2/repository/io/fabric8/kubernetes-model-apiextensions/7.1.0/kubernetes-model-apiextensions-7.1.0.jar:/home/runner/.m2/repository/io/fabric8/kubernetes-model-batch/7.1.0/kubernetes-model-batch-7.1.0.jar:/home/runner/.m2/repository/io/fabric8/kubernetes-model-certificates/7.1.0/kubernetes-model-certificates-7.1.0.jar:/home/runner/.m2/repository/io/fabric8/kubernetes-model-coordination/7.1.0/kubernetes-model-coordination-7.1.0.jar:/home/runner/.m2/repository/io/fabric8/kubernetes-model-discovery/7.1.0/kubernetes-model-discovery-7.1.0.jar:/home/runner/.m2/repository/io/fabric8/kubernetes-model-events/7.1.0/kubernetes-model-events-7.1.0.jar:/home/runner/.m2/repository/io/fabric8/kubernetes-model-extensions/7.1.0/kubernetes-model-extensions-7.1.0.jar:/home/runner/.m2/repository/io/fabric8/kubernetes-model-flowcontrol/7.1.0/kubernetes-model-flowcontrol-7.1.0.jar:/home/runner/.m2/repository/io/fabric8/kubernetes-model-networking/7.1.0/kubernetes-model-networking-7.1.0.jar:/home/runner/.m2/repository/io/fabric8/kubernetes-model-metrics/7.1.0/kubernetes-model-metrics-7.1.0.jar:/home/runner/.m2/repository/io/fabric8/kubernetes-model-policy/7.1.0/kubernetes-model-policy-7.1.0.jar:/home/runner/.m2/repository/io/fabric8/kubernetes-model-scheduling/7.1.0/kubernetes-model-scheduling-7.1.0.jar:/home/runner/.m2/repository/io/fabric8/kubernetes-model-storageclass/7.1.0/kubernetes-model-storageclass-7.1.0.jar:/home/runner/.m2/repository/io/fabric8/kubernetes-model-node/7.1.0/kubernetes-model-node-7.1.0.jar:/home/runner/.m2/repository/org/snakeyaml/snakeyaml-engine/2.9/snakeyaml-engine-2.9.jar:/home/runner/.m2/repository/com/fasterxml/jackson/dataformat/jackson-dataformat-yaml/2.18.2/jackson-dataformat-yaml-2.18.2.jar:/home/runner/.m2/repository/com/fasterxml/jackson/datatype/jackson-datatype-jsr310/2.18.2/jackson-datatype-jsr310-2.18.2.jar:/home/runner/.m2/repository/io/fabric8/zjsonpatch/7.1.0/zjsonpatch-7.1.0.jar:/home/runner/.m2/repository/io/fabric8/kubernetes-httpclient-vertx/7.1.0/kubernetes-httpclient-vertx-7.1.0.jar:/home/runner/.m2/repository/io/vertx/vertx-web-client/4.5.16/vertx-web-client-4.5.16.jar:/home/runner/.m2/repository/io/vertx/vertx-web-common/4.5.16/vertx-web-common-4.5.16.jar:/home/runner/.m2/repository/io/vertx/vertx-auth-common/4.5.16/vertx-auth-common-4.5.16.jar:/home/runner/.m2/repository/io/vertx/vertx-uri-template/4.5.16/vertx-uri-template-4.5.16.jar:/home/runner/.m2/repository/io/fabric8/openshift-client/7.1.0/openshift-client-7.1.0.jar:/home/runner/.m2/repository/io/fabric8/openshift-client-api/7.1.0/openshift-client-api-7.1.0.jar:/home/runner/.m2/repository/io/fabric8/openshift-model/7.1.0/openshift-model-7.1.0.jar:/home/runner/.m2/repository/io/fabric8/openshift-model-autoscaling/7.1.0/openshift-model-autoscaling-7.1.0.jar:/home/runner/.m2/repository/io/fabric8/openshift-model-operator/7.1.0/openshift-model-operator-7.1.0.jar:/home/runner/.m2/repository/io/fabric8/openshift-model-operatorhub/7.1.0/openshift-model-operatorhub-7.1.0.jar:/home/runner/.m2/repository/io/fabric8/openshift-model-machine/7.1.0/openshift-model-machine-7.1.0.jar:/home/runner/.m2/repository/io/fabric8/openshift-model-whereabouts/7.1.0/openshift-model-whereabouts-7.1.0.jar:/home/runner/.m2/repository/io/fabric8/openshift-model-monitoring/7.1.0/openshift-model-monitoring-7.1.0.jar:/home/runner/.m2/repository/io/fabric8/openshift-model-storageversionmigrator/7.1.0/openshift-model-storageversionmigrator-7.1.0.jar:/home/runner/.m2/repository/io/fabric8/openshift-model-tuned/7.1.0/openshift-model-tuned-7.1.0.jar:/home/runner/.m2/repository/io/fabric8/openshift-model-console/7.1.0/openshift-model-console-7.1.0.jar:/home/runner/.m2/repository/io/fabric8/openshift-model-config/7.1.0/openshift-model-config-7.1.0.jar:/home/runner/.m2/repository/io/fabric8/openshift-model-machineconfiguration/7.1.0/openshift-model-machineconfiguration-7.1.0.jar:/home/runner/.m2/repository/io/fabric8/openshift-model-miscellaneous/7.1.0/openshift-model-miscellaneous-7.1.0.jar:/home/runner/.m2/repository/io/fabric8/openshift-model-hive/7.1.0/openshift-model-hive-7.1.0.jar:/home/runner/.m2/repository/io/fabric8/openshift-model-installer/7.1.0/openshift-model-installer-7.1.0.jar:/home/runner/.m2/repository/org/junit/platform/junit-platform-launcher/1.12.1/junit-platform-launcher-1.12.1.jar:/home/runner/.m2/repository/org/junit/platform/junit-platform-engine/1.12.1/junit-platform-engine-1.12.1.jar:/home/runner/.m2/repository/org/opentest4j/opentest4j/1.3.0/opentest4j-1.3.0.jar:/home/runner/.m2/repository/org/junit/platform/junit-platform-commons/1.12.1/junit-platform-commons-1.12.1.jar:/home/runner/.m2/repository/org/apiguardian/apiguardian-api/1.1.2/apiguardian-api-1.1.2.jar:/home/runner/.m2/repository/jakarta/ws/rs/jakarta.ws.rs-api/3.1.0/jakarta.ws.rs-api-3.1.0.jar:/home/runner/work/apicurio-testing/apicurio-testing/clusters/ci419/namespaces/inmemory/tests/integration/apicurio-registry/java-sdk/target/apicurio-registry-java-sdk-3.0.12-SNAPSHOT.jar:/home/runner/.m2/repository/com/microsoft/kiota/microsoft-kiota-abstractions/1.8.9/microsoft-kiota-abstractions-1.8.9.jar:/home/runner/.m2/repository/io/github/std-uritemplate/std-uritemplate/2.0.0/std-uritemplate-2.0.0.jar:/home/runner/.m2/repository/io/kiota/kiota-http-jdk/0.0.29/kiota-http-jdk-0.0.29.jar:/home/runner/.m2/repository/io/kiota/kiota-http-vertx/0.0.29/kiota-http-vertx-0.0.29.jar:/home/runner/.m2/repository/io/kiota/kiota-serialization-jackson/0.0.29/kiota-serialization-jackson-0.0.29.jar:/home/runner/.m2/repository/com/microsoft/kiota/microsoft-kiota-serialization-text/1.8.9/microsoft-kiota-serialization-text-1.8.9.jar:/home/runner/.m2/repository/com/microsoft/kiota/microsoft-kiota-serialization-form/1.8.9/microsoft-kiota-serialization-form-1.8.9.jar:/home/runner/.m2/repository/com/microsoft/kiota/microsoft-kiota-serialization-multipart/1.8.9/microsoft-kiota-serialization-multipart-1.8.9.jar:/home/runner/.m2/repository/jakarta/annotation/jakarta.annotation-api/3.0.0/jakarta.annotation-api-3.0.0.jar:/home/runner/.m2/repository/io/vertx/vertx-auth-oauth2/4.5.16/vertx-auth-oauth2-4.5.16.jar:/home/runner/work/apicurio-testing/apicurio-testing/clusters/ci419/namespaces/inmemory/tests/integration/apicurio-registry/java-sdk-v2/target/apicurio-registry-v2-java-sdk-3.0.12-SNAPSHOT.jar:/home/runner/work/apicurio-testing/apicurio-testing/clusters/ci419/namespaces/inmemory/tests/integration/apicurio-registry/utils/kafka/target/apicurio-registry-utils-kafka-3.0.12-SNAPSHOT-tests.jar:/home/runner/.m2/repository/org/eclipse/microprofile/config/microprofile-config-api/3.1/microprofile-config-api-3.1.jar:/home/runner/.m2/repository/org/apache/kafka/kafka-clients/3.9.1/kafka-clients-3.9.1.jar:/home/runner/.m2/repository/com/github/luben/zstd-jni/1.5.6-4/zstd-jni-1.5.6-4.jar:/home/runner/.m2/repository/org/lz4/lz4-java/1.8.0/lz4-java-1.8.0.jar:/home/runner/.m2/repository/org/xerial/snappy/snappy-java/1.1.10.5/snappy-java-1.1.10.5.jar:/home/runner/.m2/repository/org/slf4j/slf4j-api/2.0.6/slf4j-api-2.0.6.jar:/home/runner/work/apicurio-testing/apicurio-testing/clusters/ci419/namespaces/inmemory/tests/integration/apicurio-registry/utils/tests/target/apicurio-registry-utils-tests-3.0.12-SNAPSHOT.jar:/home/runner/work/apicurio-testing/apicurio-testing/clusters/ci419/namespaces/inmemory/tests/integration/apicurio-registry/common/target/apicurio-registry-common-3.0.12-SNAPSHOT.jar:/home/runner/.m2/repository/jakarta/validation/jakarta.validation-api/3.0.2/jakarta.validation-api-3.0.2.jar:/home/runner/.m2/repository/com/github/dasniko/testcontainers-keycloak/3.8.0/testcontainers-keycloak-3.8.0.jar:/home/runner/.m2/repository/org/testcontainers/testcontainers/1.20.6/testcontainers-1.20.6.jar:/home/runner/.m2/repository/org/rnorth/duct-tape/duct-tape/1.0.8/duct-tape-1.0.8.jar:/home/runner/.m2/repository/com/github/docker-java/docker-java-transport-zerodep/3.4.1/docker-java-transport-zerodep-3.4.1.jar:/home/runner/.m2/repository/com/github/docker-java/docker-java-transport/3.4.1/docker-java-transport-3.4.1.jar:/home/runner/.m2/repository/net/java/dev/jna/jna/5.8.0/jna-5.8.0.jar:/home/runner/.m2/repository/io/quarkus/quarkus-junit4-mock/3.20.2/quarkus-junit4-mock-3.20.2.jar:/home/runner/.m2/repository/org/jboss/shrinkwrap/shrinkwrap-api/2.0.0-beta-2/shrinkwrap-api-2.0.0-beta-2.jar:/home/runner/.m2/repository/org/jboss/shrinkwrap/shrinkwrap-impl-base/2.0.0-beta-2/shrinkwrap-impl-base-2.0.0-beta-2.jar:/home/runner/.m2/repository/org/jboss/shrinkwrap/shrinkwrap-spi/2.0.0-beta-2/shrinkwrap-spi-2.0.0-beta-2.jar:/home/runner/.m2/repository/org/keycloak/keycloak-admin-client/26.0.4/keycloak-admin-client-26.0.4.jar:/home/runner/.m2/repository/org/keycloak/keycloak-client-common-synced/26.0.4/keycloak-client-common-synced-26.0.4.jar:/home/runner/.m2/repository/jakarta/activation/jakarta.activation-api/2.1.3/jakarta.activation-api-2.1.3.jar:/home/runner/.m2/repository/org/eclipse/microprofile/openapi/microprofile-openapi-api/4.0.2/microprofile-openapi-api-4.0.2.jar:/home/runner/.m2/repository/org/jboss/resteasy/resteasy-client/6.2.12.Final/resteasy-client-6.2.12.Final.jar:/home/runner/.m2/repository/org/jboss/resteasy/resteasy-client-api/6.2.12.Final/resteasy-client-api-6.2.12.Final.jar:/home/runner/.m2/repository/org/jboss/resteasy/resteasy-core-spi/6.2.12.Final/resteasy-core-spi-6.2.12.Final.jar:/home/runner/.m2/repository/org/jboss/resteasy/resteasy-core/6.2.12.Final/resteasy-core-6.2.12.Final.jar:/home/runner/.m2/repository/org/eclipse/angus/angus-activation/2.0.2/angus-activation-2.0.2.jar:/home/runner/.m2/repository/com/ibm/async/asyncutil/0.1.0/asyncutil-0.1.0.jar:/home/runner/.m2/repository/org/reactivestreams/reactive-streams/1.0.4/reactive-streams-1.0.4.jar:/home/runner/.m2/repository/org/jboss/resteasy/resteasy-multipart-provider/6.2.12.Final/resteasy-multipart-provider-6.2.12.Final.jar:/home/runner/.m2/repository/jakarta/mail/jakarta.mail-api/2.1.3/jakarta.mail-api-2.1.3.jar:/home/runner/.m2/repository/org/eclipse/angus/angus-mail/2.0.3/angus-mail-2.0.3.jar:/home/runner/.m2/repository/org/apache/james/apache-mime4j-dom/0.8.12/apache-mime4j-dom-0.8.12.jar:/home/runner/.m2/repository/org/apache/james/apache-mime4j-core/0.8.12/apache-mime4j-core-0.8.12.jar:/home/runner/.m2/repository/org/apache/james/apache-mime4j-storage/0.8.12/apache-mime4j-storage-0.8.12.jar:/home/runner/.m2/repository/org/jboss/resteasy/resteasy-jackson2-provider/6.2.12.Final/resteasy-jackson2-provider-6.2.12.Final.jar:/home/runner/.m2/repository/com/fasterxml/jackson/jakarta/rs/jackson-jakarta-rs-base/2.18.2/jackson-jakarta-rs-base-2.18.2.jar:/home/runner/.m2/repository/com/fasterxml/jackson/jakarta/rs/jackson-jakarta-rs-json-provider/2.18.2/jackson-jakarta-rs-json-provider-2.18.2.jar:/home/runner/.m2/repository/com/fasterxml/jackson/module/jackson-module-jakarta-xmlbind-annotations/2.18.2/jackson-module-jakarta-xmlbind-annotations-2.18.2.jar:/home/runner/.m2/repository/com/github/java-json-tools/json-patch/1.13/json-patch-1.13.jar:/home/runner/.m2/repository/com/github/java-json-tools/msg-simple/1.2/msg-simple-1.2.jar:/home/runner/.m2/repository/com/github/java-json-tools/btf/1.3/btf-1.3.jar:/home/runner/.m2/repository/com/github/java-json-tools/jackson-coreutils/2.0/jackson-coreutils-2.0.jar:/home/runner/.m2/repository/org/jboss/resteasy/resteasy-jaxb-provider/6.2.12.Final/resteasy-jaxb-provider-6.2.12.Final.jar:/home/runner/.m2/repository/org/glassfish/jaxb/codemodel/4.0.5/codemodel-4.0.5.jar:/home/runner/.m2/repository/org/glassfish/jaxb/jaxb-core/4.0.5/jaxb-core-4.0.5.jar:/home/runner/.m2/repository/org/glassfish/jaxb/jaxb-jxc/4.0.5/jaxb-jxc-4.0.5.jar:/home/runner/.m2/repository/org/glassfish/jaxb/jaxb-runtime/4.0.5/jaxb-runtime-4.0.5.jar:/home/runner/.m2/repository/org/glassfish/jaxb/txw2/4.0.5/txw2-4.0.5.jar:/home/runner/.m2/repository/org/glassfish/jaxb/jaxb-xjc/4.0.5/jaxb-xjc-4.0.5.jar:/home/runner/.m2/repository/org/glassfish/jaxb/xsom/4.0.5/xsom-4.0.5.jar:/home/runner/.m2/repository/com/sun/istack/istack-commons-runtime/4.1.2/istack-commons-runtime-4.1.2.jar:/home/runner/.m2/repository/com/sun/istack/istack-commons-tools/4.1.2/istack-commons-tools-4.1.2.jar:/home/runner/.m2/repository/com/sun/xml/bind/external/relaxng-datatype/4.0.5/relaxng-datatype-4.0.5.jar:/home/runner/.m2/repository/com/sun/xml/bind/external/rngom/4.0.5/rngom-4.0.5.jar:/home/runner/.m2/repository/org/testcontainers/mssqlserver/1.20.6/mssqlserver-1.20.6.jar:/home/runner/.m2/repository/org/testcontainers/jdbc/1.20.6/jdbc-1.20.6.jar:/home/runner/.m2/repository/org/testcontainers/database-commons/1.20.6/database-commons-1.20.6.jar:/home/runner/.m2/repository/org/testcontainers/mysql/1.20.6/mysql-1.20.6.jar:/home/runner/.m2/repository/io/strimzi/strimzi-test-container/0.111.0/strimzi-test-container-0.111.0.jar:/home/runner/.m2/repository/org/testcontainers/toxiproxy/1.20.6/toxiproxy-1.20.6.jar:/home/runner/.m2/repository/com/github/docker-java/docker-java-api/3.4.1/docker-java-api-3.4.1.jar:/home/runner/.m2/repository/org/apache/logging/log4j/log4j-slf4j-impl/2.19.0/log4j-slf4j-impl-2.19.0.jar:/home/runner/.m2/repository/org/apache/logging/log4j/log4j-api/2.24.3/log4j-api-2.24.3.jar:/home/runner/.m2/repository/org/apache/logging/log4j/log4j-core/2.19.0/log4j-core-2.19.0.jar:/home/runner/.m2/repository/eu/rekawek/toxiproxy/toxiproxy-java/2.1.7/toxiproxy-java-2.1.7.jar:/home/runner/.m2/repository/org/testcontainers/pulsar/1.21.3/pulsar-1.21.3.jar:/home/runner/.m2/repository/io/debezium/debezium-testing-testcontainers/2.7.4.Final/debezium-testing-testcontainers-2.7.4.Final.jar:/home/runner/.m2/repository/org/testcontainers/kafka/1.20.6/kafka-1.20.6.jar:/home/runner/.m2/repository/com/squareup/okhttp3/okhttp/4.8.1/okhttp-4.8.1.jar:/home/runner/.m2/repository/com/squareup/okio/okio/3.10.2/okio-3.10.2.jar:/home/runner/.m2/repository/com/squareup/okio/okio-jvm/3.10.2/okio-jvm-3.10.2.jar:/home/runner/.m2/repository/org/jetbrains/kotlin/kotlin-stdlib/2.0.21/kotlin-stdlib-2.0.21.jar:/home/runner/.m2/repository/org/awaitility/awaitility/4.3.0/awaitility-4.3.0.jar:/home/runner/.m2/repository/org/testcontainers/mongodb/1.20.6/mongodb-1.20.6.jar:/home/runner/.m2/repository/org/testcontainers/mariadb/1.20.6/mariadb-1.20.6.jar:/home/runner/.m2/repository/org/testcontainers/oracle-xe/1.20.6/oracle-xe-1.20.6.jar:/home/runner/.m2/repository/org/testcontainers/postgresql/1.20.6/postgresql-1.20.6.jar:/home/runner/.m2/repository/org/wiremock/wiremock/3.0.1/wiremock-3.0.1.jar:/home/runner/.m2/repository/org/eclipse/jetty/jetty-server/11.0.15/jetty-server-11.0.15.jar:/home/runner/.m2/repository/org/eclipse/jetty/toolchain/jetty-jakarta-servlet-api/5.0.2/jetty-jakarta-servlet-api-5.0.2.jar:/home/runner/.m2/repository/org/eclipse/jetty/jetty-http/11.0.15/jetty-http-11.0.15.jar:/home/runner/.m2/repository/org/eclipse/jetty/jetty-io/11.0.15/jetty-io-11.0.15.jar:/home/runner/.m2/repository/org/eclipse/jetty/jetty-servlet/11.0.15/jetty-servlet-11.0.15.jar:/home/runner/.m2/repository/org/eclipse/jetty/jetty-security/11.0.15/jetty-security-11.0.15.jar:/home/runner/.m2/repository/org/eclipse/jetty/jetty-servlets/11.0.15/jetty-servlets-11.0.15.jar:/home/runner/.m2/repository/org/eclipse/jetty/jetty-util/11.0.15/jetty-util-11.0.15.jar:/home/runner/.m2/repository/org/eclipse/jetty/jetty-webapp/11.0.15/jetty-webapp-11.0.15.jar:/home/runner/.m2/repository/org/eclipse/jetty/jetty-xml/11.0.15/jetty-xml-11.0.15.jar:/home/runner/.m2/repository/org/eclipse/jetty/jetty-proxy/11.0.15/jetty-proxy-11.0.15.jar:/home/runner/.m2/repository/org/eclipse/jetty/jetty-client/11.0.15/jetty-client-11.0.15.jar:/home/runner/.m2/repository/org/eclipse/jetty/http2/http2-server/11.0.15/http2-server-11.0.15.jar:/home/runner/.m2/repository/org/eclipse/jetty/http2/http2-common/11.0.15/http2-common-11.0.15.jar:/home/runner/.m2/repository/org/eclipse/jetty/http2/http2-hpack/11.0.15/http2-hpack-11.0.15.jar:/home/runner/.m2/repository/org/eclipse/jetty/jetty-alpn-server/11.0.15/jetty-alpn-server-11.0.15.jar:/home/runner/.m2/repository/org/eclipse/jetty/jetty-alpn-java-server/11.0.15/jetty-alpn-java-server-11.0.15.jar:/home/runner/.m2/repository/org/eclipse/jetty/jetty-alpn-java-client/11.0.15/jetty-alpn-java-client-11.0.15.jar:/home/runner/.m2/repository/org/eclipse/jetty/jetty-alpn-client/11.0.15/jetty-alpn-client-11.0.15.jar:/home/runner/.m2/repository/org/apache/httpcomponents/client5/httpclient5/5.2.1/httpclient5-5.2.1.jar:/home/runner/.m2/repository/org/apache/httpcomponents/core5/httpcore5/5.2/httpcore5-5.2.jar:/home/runner/.m2/repository/org/apache/httpcomponents/core5/httpcore5-h2/5.2/httpcore5-h2-5.2.jar:/home/runner/.m2/repository/org/xmlunit/xmlunit-core/2.9.1/xmlunit-core-2.9.1.jar:/home/runner/.m2/repository/jakarta/xml/bind/jakarta.xml.bind-api/4.0.2/jakarta.xml.bind-api-4.0.2.jar:/home/runner/.m2/repository/org/xmlunit/xmlunit-legacy/2.9.1/xmlunit-legacy-2.9.1.jar:/home/runner/.m2/repository/org/xmlunit/xmlunit-placeholders/2.9.1/xmlunit-placeholders-2.9.1.jar:/home/runner/.m2/repository/net/javacrumbs/json-unit/json-unit-core/2.38.0/json-unit-core-2.38.0.jar:/home/runner/.m2/repository/org/hamcrest/hamcrest-core/2.2/hamcrest-core-2.2.jar:/home/runner/.m2/repository/com/jayway/jsonpath/json-path/2.8.0/json-path-2.8.0.jar:/home/runner/.m2/repository/net/minidev/json-smart/2.4.10/json-smart-2.4.10.jar:/home/runner/.m2/repository/net/minidev/accessors-smart/2.4.9/accessors-smart-2.4.9.jar:/home/runner/.m2/repository/org/ow2/asm/asm/9.7.1/asm-9.7.1.jar:/home/runner/.m2/repository/net/sf/jopt-simple/jopt-simple/5.0.4/jopt-simple-5.0.4.jar:/home/runner/.m2/repository/com/github/jknack/handlebars/4.3.1/handlebars-4.3.1.jar:/home/runner/.m2/repository/com/github/jknack/handlebars-helpers/4.3.1/handlebars-helpers-4.3.1.jar:/home/runner/.m2/repository/commons-fileupload/commons-fileupload/1.5/commons-fileupload-1.5.jar:/home/runner/.m2/repository/com/networknt/json-schema-validator/1.5.8/json-schema-validator-1.5.8.jar:/home/runner/.m2/repository/com/ethlo/time/itu/1.10.3/itu-1.10.3.jar:/home/runner/.m2/repository/io/quarkus/quarkus-smallrye-jwt-build/3.20.2/quarkus-smallrye-jwt-build-3.20.2.jar:/home/runner/.m2/repository/io/smallrye/smallrye-jwt-build/4.6.2/smallrye-jwt-build-4.6.2.jar:/home/runner/.m2/repository/org/eclipse/microprofile/jwt/microprofile-jwt-auth-api/2.1/microprofile-jwt-auth-api-2.1.jar:/home/runner/.m2/repository/org/bitbucket/b_c/jose4j/0.9.6/jose4j-0.9.6.jar:/home/runner/.m2/repository/io/smallrye/smallrye-jwt-common/4.6.2/smallrye-jwt-common-4.6.2.jar:/home/runner/.m2/repository/io/quarkus/quarkus-jsonp/3.20.2/quarkus-jsonp-3.20.2.jar:/home/runner/.m2/repository/io/quarkus/quarkus-arc/3.20.2/quarkus-arc-3.20.2.jar:/home/runner/.m2/repository/io/quarkus/arc/arc/3.20.2/arc-3.20.2.jar:/home/runner/.m2/repository/jakarta/transaction/jakarta.transaction-api/2.0.1/jakarta.transaction-api-2.0.1.jar:/home/runner/.m2/repository/io/smallrye/reactive/mutiny/2.9.2/mutiny-2.9.2.jar:/home/runner/.m2/repository/org/jctools/jctools-core/4.0.5/jctools-core-4.0.5.jar:/home/runner/.m2/repository/org/eclipse/microprofile/context-propagation/microprofile-context-propagation-api/1.3/microprofile-context-propagation-api-1.3.jar:/home/runner/.m2/repository/io/apicurio/apicurio-common-rest-client-common/0.1.18.Final/apicurio-common-rest-client-common-0.1.18.Final.jar:/home/runner/work/apicurio-testing/apicurio-testing/clusters/ci419/namespaces/inmemory/tests/integration/apicurio-registry/utils/maven-plugin/target/apicurio-registry-maven-plugin-3.0.12-SNAPSHOT.jar:/home/runner/.m2/repository/com/fasterxml/jackson/core/jackson-databind/2.18.2/jackson-databind-2.18.2.jar:/home/runner/.m2/repository/org/apache/avro/avro/1.12.0/avro-1.12.0.jar:/home/runner/.m2/repository/com/google/protobuf/protobuf-java/4.31.1/protobuf-java-4.31.1.jar:/home/runner/.m2/repository/com/google/protobuf/protobuf-java-util/4.31.1/protobuf-java-util-4.31.1.jar:/home/runner/.m2/repository/com/google/code/findbugs/jsr305/3.0.2/jsr305-3.0.2.jar:/home/runner/.m2/repository/com/google/code/gson/gson/2.12.1/gson-2.12.1.jar:/home/runner/.m2/repository/com/google/errorprone/error_prone_annotations/2.36.0/error_prone_annotations-2.36.0.jar:/home/runner/.m2/repository/com/google/j2objc/j2objc-annotations/2.8/j2objc-annotations-2.8.jar:/home/runner/work/apicurio-testing/apicurio-testing/clusters/ci419/namespaces/inmemory/tests/integration/apicurio-registry/schema-util/util-provider/target/apicurio-registry-schema-util-provider-3.0.12-SNAPSHOT.jar:/home/runner/work/apicurio-testing/apicurio-testing/clusters/ci419/namespaces/inmemory/tests/integration/apicurio-registry/schema-util/common/target/apicurio-registry-schema-util-common-3.0.12-SNAPSHOT.jar:/home/runner/.m2/repository/com/fasterxml/jackson/module/jackson-module-parameter-names/2.18.2/jackson-module-parameter-names-2.18.2.jar:/home/runner/.m2/repository/com/fasterxml/jackson/datatype/jackson-datatype-json-org/2.18.2/jackson-datatype-json-org-2.18.2.jar:/home/runner/work/apicurio-testing/apicurio-testing/clusters/ci419/namespaces/inmemory/tests/integration/apicurio-registry/schema-util/json/target/apicurio-registry-schema-util-json-3.0.12-SNAPSHOT.jar:/home/runner/.m2/repository/com/github/erosb/everit-json-schema/1.14.5/everit-json-schema-1.14.5.jar:/home/runner/.m2/repository/commons-validator/commons-validator/1.9.0/commons-validator-1.9.0.jar:/home/runner/.m2/repository/commons-digester/commons-digester/2.1/commons-digester-2.1.jar:/home/runner/.m2/repository/commons-collections/commons-collections/3.2.2/commons-collections-3.2.2.jar:/home/runner/.m2/repository/com/damnhandy/handy-uri-templates/2.1.8/handy-uri-templates-2.1.8.jar:/home/runner/.m2/repository/joda-time/joda-time/2.10.2/joda-time-2.10.2.jar:/home/runner/.m2/repository/com/github/erosb/json-sKema/0.20.0/json-sKema-0.20.0.jar:/home/runner/.m2/repository/io/vertx/vertx-json-schema/4.5.16/vertx-json-schema-4.5.16.jar:/home/runner/work/apicurio-testing/apicurio-testing/clusters/ci419/namespaces/inmemory/tests/integration/apicurio-registry/schema-util/protobuf/target/apicurio-registry-schema-util-protobuf-3.0.12-SNAPSHOT.jar:/home/runner/work/apicurio-testing/apicurio-testing/clusters/ci419/namespaces/inmemory/tests/integration/apicurio-registry/utils/protobuf-schema-utilities/target/apicurio-registry-protobuf-schema-utilities-3.0.12-SNAPSHOT.jar:/home/runner/.m2/repository/com/google/api/grpc/proto-google-common-protos/2.52.0/proto-google-common-protos-2.52.0.jar:/home/runner/.m2/repository/com/squareup/wire/wire-schema-jvm/5.3.3/wire-schema-jvm-5.3.3.jar:/home/runner/.m2/repository/com/palantir/javapoet/javapoet/0.6.0/javapoet-0.6.0.jar:/home/runner/.m2/repository/com/squareup/kotlinpoet-jvm/2.0.0/kotlinpoet-jvm-2.0.0.jar:/home/runner/.m2/repository/org/jetbrains/kotlin/kotlin-reflect/2.0.21/kotlin-reflect-2.0.21.jar:/home/runner/.m2/repository/com/squareup/wire/wire-runtime-jvm/5.3.3/wire-runtime-jvm-5.3.3.jar:/home/runner/.m2/repository/com/ibm/icu/icu4j/76.1/icu4j-76.1.jar:/home/runner/.m2/repository/com/squareup/okio/okio-fakefilesystem/3.10.2/okio-fakefilesystem-3.10.2.jar:/home/runner/.m2/repository/com/squareup/okio/okio-fakefilesystem-jvm/3.10.2/okio-fakefilesystem-jvm-3.10.2.jar:/home/runner/.m2/repository/org/jetbrains/kotlinx/kotlinx-datetime-jvm/0.6.1/kotlinx-datetime-jvm-0.6.1.jar:/home/runner/work/apicurio-testing/apicurio-testing/clusters/ci419/namespaces/inmemory/tests/integration/apicurio-registry/schema-util/asyncapi/target/apicurio-registry-schema-util-asyncapi-3.0.12-SNAPSHOT.jar:/home/runner/work/apicurio-testing/apicurio-testing/clusters/ci419/namespaces/inmemory/tests/integration/apicurio-registry/schema-util/avro/target/apicurio-registry-schema-util-avro-3.0.12-SNAPSHOT.jar:/home/runner/work/apicurio-testing/apicurio-testing/clusters/ci419/namespaces/inmemory/tests/integration/apicurio-registry/schema-util/graphql/target/apicurio-registry-schema-util-graphql-3.0.12-SNAPSHOT.jar:/home/runner/.m2/repository/com/graphql-java/graphql-java/22.4/graphql-java-22.4.jar:/home/runner/.m2/repository/com/graphql-java/java-dataloader/3.3.0/java-dataloader-3.3.0.jar:/home/runner/work/apicurio-testing/apicurio-testing/clusters/ci419/namespaces/inmemory/tests/integration/apicurio-registry/schema-util/kconnect/target/apicurio-registry-schema-util-kconnect-3.0.12-SNAPSHOT.jar:/home/runner/work/apicurio-testing/apicurio-testing/clusters/ci419/namespaces/inmemory/tests/integration/apicurio-registry/schema-util/openapi/target/apicurio-registry-schema-util-openapi-3.0.12-SNAPSHOT.jar:/home/runner/.m2/repository/io/apicurio/apicurio-data-models/2.2.2/apicurio-data-models-2.2.2.jar:/home/runner/.m2/repository/org/openapitools/openapidiff/openapi-diff-core/2.1.2/openapi-diff-core-2.1.2.jar:/home/runner/.m2/repository/io/swagger/parser/v3/swagger-parser/2.1.28/swagger-parser-2.1.28.jar:/home/runner/.m2/repository/io/swagger/parser/v3/swagger-parser-v2-converter/2.1.28/swagger-parser-v2-converter-2.1.28.jar:/home/runner/.m2/repository/io/swagger/swagger-core/1.6.16/swagger-core-1.6.16.jar:/home/runner/.m2/repository/io/swagger/swagger-models/1.6.16/swagger-models-1.6.16.jar:/home/runner/.m2/repository/io/swagger/swagger-annotations/1.6.16/swagger-annotations-1.6.16.jar:/home/runner/.m2/repository/io/swagger/swagger-parser/1.0.75/swagger-parser-1.0.75.jar:/home/runner/.m2/repository/io/swagger/swagger-parser-safe-url-resolver/1.0.75/swagger-parser-safe-url-resolver-1.0.75.jar:/home/runner/.m2/repository/io/swagger/swagger-compat-spec-parser/1.0.75/swagger-compat-spec-parser-1.0.75.jar:/home/runner/.m2/repository/com/github/java-json-tools/json-schema-validator/2.2.14/json-schema-validator-2.2.14.jar:/home/runner/.m2/repository/com/github/java-json-tools/jackson-coreutils-equivalence/1.0/jackson-coreutils-equivalence-1.0.jar:/home/runner/.m2/repository/com/github/java-json-tools/json-schema-core/1.2.14/json-schema-core-1.2.14.jar:/home/runner/.m2/repository/com/github/java-json-tools/uri-template/0.10/uri-template-0.10.jar:/home/runner/.m2/repository/com/googlecode/libphonenumber/libphonenumber/8.11.1/libphonenumber-8.11.1.jar:/home/runner/.m2/repository/com/j2html/j2html/1.6.0/j2html-1.6.0.jar:/home/runner/.m2/repository/org/apache/commons/commons-collections4/4.5.0/commons-collections4-4.5.0.jar:/home/runner/.m2/repository/org/slf4j/jcl-over-slf4j/2.0.17/jcl-over-slf4j-2.0.17.jar:/home/runner/.m2/repository/io/swagger/parser/v3/swagger-parser-v3/2.1.31/swagger-parser-v3-2.1.31.jar:/home/runner/.m2/repository/io/swagger/core/v3/swagger-models/2.2.34/swagger-models-2.2.34.jar:/home/runner/.m2/repository/io/swagger/core/v3/swagger-core/2.2.34/swagger-core-2.2.34.jar:/home/runner/.m2/repository/io/swagger/parser/v3/swagger-parser-core/2.1.31/swagger-parser-core-2.1.31.jar:/home/runner/.m2/repository/io/swagger/parser/v3/swagger-parser-safe-url-resolver/2.1.31/swagger-parser-safe-url-resolver-2.1.31.jar:/home/runner/work/apicurio-testing/apicurio-testing/clusters/ci419/namespaces/inmemory/tests/integration/apicurio-registry/schema-util/wsdl/target/apicurio-registry-schema-util-wsdl-3.0.12-SNAPSHOT.jar:/home/runner/.m2/repository/wsdl4j/wsdl4j/1.6.3/wsdl4j-1.6.3.jar:/home/runner/work/apicurio-testing/apicurio-testing/clusters/ci419/namespaces/inmemory/tests/integration/apicurio-registry/schema-util/xml/target/apicurio-registry-schema-util-xml-3.0.12-SNAPSHOT.jar:/home/runner/.m2/repository/org/apache/santuario/xmlsec/4.0.4/xmlsec-4.0.4.jar:/home/runner/.m2/repository/com/fasterxml/woodstox/woodstox-core/7.1.1/woodstox-core-7.1.1.jar:/home/runner/.m2/repository/org/codehaus/woodstox/stax2-api/4.2.2/stax2-api-4.2.2.jar:/home/runner/work/apicurio-testing/apicurio-testing/clusters/ci419/namespaces/inmemory/tests/integration/apicurio-registry/schema-util/xsd/target/apicurio-registry-schema-util-xsd-3.0.12-SNAPSHOT.jar:/home/runner/work/apicurio-testing/apicurio-testing/clusters/ci419/namespaces/inmemory/tests/integration/apicurio-registry/serdes/kafka/jsonschema-serde/target/apicurio-registry-jsonschema-serde-kafka-3.0.12-SNAPSHOT.jar:/home/runner/work/apicurio-testing/apicurio-testing/clusters/ci419/namespaces/inmemory/tests/integration/apicurio-registry/serdes/kafka/serde-kafka-common/target/apicurio-registry-serde-kafka-common-3.0.12-SNAPSHOT.jar:/home/runner/work/apicurio-testing/apicurio-testing/clusters/ci419/namespaces/inmemory/tests/integration/apicurio-registry/serdes/generic/serde-common/target/apicurio-registry-serde-common-3.0.12-SNAPSHOT.jar:/home/runner/work/apicurio-testing/apicurio-testing/clusters/ci419/namespaces/inmemory/tests/integration/apicurio-registry/serdes/generic/serde-common-jsonschema/target/apicurio-registry-serde-common-jsonschema-3.0.12-SNAPSHOT.jar:/home/runner/.m2/repository/org/json/json/20250107/json-20250107.jar:/home/runner/work/apicurio-testing/apicurio-testing/clusters/ci419/namespaces/inmemory/tests/integration/apicurio-registry/serdes/kafka/avro-serde/target/apicurio-registry-avro-serde-kafka-3.0.12-SNAPSHOT.jar:/home/runner/work/apicurio-testing/apicurio-testing/clusters/ci419/namespaces/inmemory/tests/integration/apicurio-registry/serdes/generic/serde-common-avro/target/apicurio-registry-serde-common-avro-3.0.12-SNAPSHOT.jar:/home/runner/work/apicurio-testing/apicurio-testing/clusters/ci419/namespaces/inmemory/tests/integration/apicurio-registry/serdes/kafka/protobuf-serde/target/apicurio-registry-protobuf-serde-kafka-3.0.12-SNAPSHOT.jar:/home/runner/work/apicurio-testing/apicurio-testing/clusters/ci419/namespaces/inmemory/tests/integration/apicurio-registry/serdes/generic/serde-common-protobuf/target/apicurio-registry-serde-common-protobuf-3.0.12-SNAPSHOT.jar:/home/runner/.m2/repository/com/squareup/wire/wire-schema/5.3.3/wire-schema-5.3.3.jar:/home/runner/.m2/repository/com/squareup/wire/wire-runtime/5.3.3/wire-runtime-5.3.3.jar:/home/runner/work/apicurio-testing/apicurio-testing/clusters/ci419/namespaces/inmemory/tests/integration/apicurio-registry/serdes/pulsar/avro-serde/target/apicurio-registry-avro-serde-pulsar-3.0.12-SNAPSHOT.jar:/home/runner/.m2/repository/org/apache/pulsar/pulsar-functions-api/3.3.8/pulsar-functions-api-3.3.8.jar:/home/runner/work/apicurio-testing/apicurio-testing/clusters/ci419/namespaces/inmemory/tests/integration/apicurio-registry/serdes/nats/avro-serde/target/apicurio-registry-avro-serde-nats-3.0.12-SNAPSHOT.jar:/home/runner/.m2/repository/io/nats/jnats/2.21.4/jnats-2.21.4.jar:/home/runner/.m2/repository/org/bouncycastle/bcprov-lts8on/2.73.7/bcprov-lts8on-2.73.7.jar:/home/runner/.m2/repository/org/jetbrains/annotations/26.0.2/annotations-26.0.2.jar:/home/runner/work/apicurio-testing/apicurio-testing/clusters/ci419/namespaces/inmemory/tests/integration/apicurio-registry/utils/converter/target/apicurio-registry-utils-converter-3.0.12-SNAPSHOT.jar:/home/runner/work/apicurio-testing/apicurio-testing/clusters/ci419/namespaces/inmemory/tests/integration/apicurio-registry/schema-resolver/target/apicurio-registry-schema-resolver-3.0.12-SNAPSHOT.jar:/home/runner/.m2/repository/org/apache/kafka/connect-api/3.9.1/connect-api-3.9.1.jar:/home/runner/.m2/repository/javax/ws/rs/javax.ws.rs-api/2.1.1/javax.ws.rs-api-2.1.1.jar:/home/runner/.m2/repository/org/apache/kafka/connect-json/3.9.1/connect-json-3.9.1.jar:/home/runner/.m2/repository/com/fasterxml/jackson/datatype/jackson-datatype-jdk8/2.18.2/jackson-datatype-jdk8-2.18.2.jar:/home/runner/.m2/repository/com/fasterxml/jackson/module/jackson-module-afterburner/2.18.2/jackson-module-afterburner-2.18.2.jar:/home/runner/work/apicurio-testing/apicurio-testing/clusters/ci419/namespaces/inmemory/tests/integration/apicurio-registry/utils/kafka/target/apicurio-registry-utils-kafka-3.0.12-SNAPSHOT.jar:/home/runner/.m2/repository/org/apache/pulsar/pulsar-client/3.3.8/pulsar-client-3.3.8.jar:/home/runner/.m2/repository/org/apache/pulsar/pulsar-client-api/3.3.8/pulsar-client-api-3.3.8.jar:/home/runner/.m2/repository/org/apache/pulsar/pulsar-client-admin-api/3.3.8/pulsar-client-admin-api-3.3.8.jar:/home/runner/.m2/repository/org/apache/pulsar/bouncy-castle-bc/3.3.8/bouncy-castle-bc-3.3.8-pkg.jar:/home/runner/.m2/repository/org/bouncycastle/bcpkix-jdk18on/1.81/bcpkix-jdk18on-1.81.jar:/home/runner/.m2/repository/org/bouncycastle/bcutil-jdk18on/1.81/bcutil-jdk18on-1.81.jar:/home/runner/.m2/repository/org/bouncycastle/bcprov-jdk18on/1.81/bcprov-jdk18on-1.81.jar:/home/runner/.m2/repository/io/opentelemetry/opentelemetry-api/1.44.1/opentelemetry-api-1.44.1.jar:/home/runner/.m2/repository/io/opentelemetry/opentelemetry-context/1.44.1/opentelemetry-context-1.44.1.jar:/home/runner/.m2/repository/io/opentelemetry/opentelemetry-api-incubator/1.44.1-alpha/opentelemetry-api-incubator-1.44.1-alpha.jar:/home/runner/.m2/repository/com/fasterxml/jackson/core/jackson-annotations/2.18.2/jackson-annotations-2.18.2.jar:/home/runner/.m2/repository/javax/validation/validation-api/1.1.0.Final/validation-api-1.1.0.Final.jar:/home/runner/.m2/repository/org/jspecify/jspecify/1.0.0/jspecify-1.0.0.jar:/home/runner/.m2/repository/org/apache/commons/commons-configuration2/2.12.0/commons-configuration2-2.12.0.jar:/home/runner/.m2/repository/commons-logging/commons-logging/1.3.5/commons-logging-1.3.5.jar:/home/runner/.m2/repository/org/apache/commons/commons-text/1.13.0/commons-text-1.13.0.jar:/home/runner/.m2/repository/io/confluent/kafka-avro-serializer/8.0.0/kafka-avro-serializer-8.0.0.jar:/home/runner/.m2/repository/org/apache/commons/commons-compress/1.27.1/commons-compress-1.27.1.jar:/home/runner/.m2/repository/io/confluent/kafka-schema-serializer/8.0.0/kafka-schema-serializer-8.0.0.jar:/home/runner/.m2/repository/com/fasterxml/jackson/dataformat/jackson-dataformat-csv/2.18.2/jackson-dataformat-csv-2.18.2.jar:/home/runner/.m2/repository/io/confluent/kafka-schema-registry-client/8.0.0/kafka-schema-registry-client-8.0.0.jar:/home/runner/.m2/repository/org/yaml/snakeyaml/2.3/snakeyaml-2.3.jar:/home/runner/.m2/repository/io/swagger/core/v3/swagger-annotations/2.2.29/swagger-annotations-2.2.29.jar:/home/runner/.m2/repository/com/google/guava/guava/33.4.0-jre/guava-33.4.0-jre.jar:/home/runner/.m2/repository/com/google/guava/failureaccess/1.0.1/failureaccess-1.0.1.jar:/home/runner/.m2/repository/org/checkerframework/checker-qual/3.49.0/checker-qual-3.49.0.jar:/home/runner/.m2/repository/io/confluent/logredactor/1.0.13/logredactor-1.0.13.jar:/home/runner/.m2/repository/com/google/re2j/re2j/1.6/re2j-1.6.jar:/home/runner/.m2/repository/io/confluent/logredactor-metrics/1.0.13/logredactor-metrics-1.0.13.jar:/home/runner/.m2/repository/com/eclipsesource/minimal-json/minimal-json/0.9.5/minimal-json-0.9.5.jar:/home/runner/.m2/repository/io/confluent/common-utils/8.0.0/common-utils-8.0.0.jar:/home/runner/.m2/repository/io/confluent/kafka-connect-avro-converter/8.0.0/kafka-connect-avro-converter-8.0.0.jar:/home/runner/.m2/repository/io/confluent/kafka-connect-avro-data/8.0.0/kafka-connect-avro-data-8.0.0.jar:/home/runner/.m2/repository/io/confluent/kafka-schema-converter/8.0.0/kafka-schema-converter-8.0.0.jar:/home/runner/.m2/repository/io/rest-assured/rest-assured/5.5.1/rest-assured-5.5.1.jar:/home/runner/.m2/repository/org/apache/groovy/groovy/4.0.22/groovy-4.0.22.jar:/home/runner/.m2/repository/org/apache/groovy/groovy-xml/4.0.22/groovy-xml-4.0.22.jar:/home/runner/.m2/repository/org/apache/httpcomponents/httpclient/4.5.14/httpclient-4.5.14.jar:/home/runner/.m2/repository/org/apache/httpcomponents/httpcore/4.4.16/httpcore-4.4.16.jar:/home/runner/.m2/repository/org/apache/httpcomponents/httpmime/4.5.14/httpmime-4.5.14.jar:/home/runner/.m2/repository/org/hamcrest/hamcrest/2.2/hamcrest-2.2.jar:/home/runner/.m2/repository/org/ccil/cowan/tagsoup/tagsoup/1.2.1/tagsoup-1.2.1.jar:/home/runner/.m2/repository/io/rest-assured/json-path/5.5.1/json-path-5.5.1.jar:/home/runner/.m2/repository/org/apache/groovy/groovy-json/4.0.22/groovy-json-4.0.22.jar:/home/runner/.m2/repository/io/rest-assured/rest-assured-common/5.5.1/rest-assured-common-5.5.1.jar:/home/runner/.m2/repository/io/rest-assured/xml-path/5.5.1/xml-path-5.5.1.jar:/home/runner/.m2/repository/io/zonky/test/embedded-postgres/2.1.0/embedded-postgres-2.1.0.jar:/home/runner/.m2/repository/io/zonky/test/postgres/embedded-postgres-binaries-windows-amd64/14.15.0/embedded-postgres-binaries-windows-amd64-14.15.0.jar:/home/runner/.m2/repository/io/zonky/test/postgres/embedded-postgres-binaries-darwin-amd64/14.15.0/embedded-postgres-binaries-darwin-amd64-14.15.0.jar:/home/runner/.m2/repository/io/zonky/test/postgres/embedded-postgres-binaries-linux-amd64/14.15.0/embedded-postgres-binaries-linux-amd64-14.15.0.jar:/home/runner/.m2/repository/io/zonky/test/postgres/embedded-postgres-binaries-linux-amd64-alpine/14.15.0/embedded-postgres-binaries-linux-amd64-alpine-14.15.0.jar:/home/runner/.m2/repository/org/apache/commons/commons-lang3/3.17.0/commons-lang3-3.17.0.jar:/home/runner/.m2/repository/org/tukaani/xz/1.10/xz-1.10.jar:/home/runner/.m2/repository/commons-codec/commons-codec/1.19.0/commons-codec-1.19.0.jar:/home/runner/.m2/repository/org/postgresql/postgresql/42.7.7/postgresql-42.7.7.jar:/home/runner/.m2/repository/commons-io/commons-io/2.18.0/commons-io-2.18.0.jar:/home/runner/work/apicurio-testing/apicurio-testing/clusters/ci419/namespaces/inmemory/tests/integration/apicurio-registry/utils/importexport/target/apicurio-registry-utils-import-export-3.0.12-SNAPSHOT.jar:/home/runner/.m2/repository/io/vertx/vertx-core/4.5.16/vertx-core-4.5.16.jar:/home/runner/.m2/repository/io/netty/netty-common/4.1.121.Final/netty-common-4.1.121.Final.jar:/home/runner/.m2/repository/io/netty/netty-buffer/4.1.121.Final/netty-buffer-4.1.121.Final.jar:/home/runner/.m2/repository/io/netty/netty-transport/4.1.121.Final/netty-transport-4.1.121.Final.jar:/home/runner/.m2/repository/io/netty/netty-handler/4.1.121.Final/netty-handler-4.1.121.Final.jar:/home/runner/.m2/repository/io/netty/netty-transport-native-unix-common/4.1.121.Final/netty-transport-native-unix-common-4.1.121.Final.jar:/home/runner/.m2/repository/io/netty/netty-codec/4.1.121.Final/netty-codec-4.1.121.Final.jar:/home/runner/.m2/repository/io/netty/netty-handler-proxy/4.1.121.Final/netty-handler-proxy-4.1.121.Final.jar:/home/runner/.m2/repository/io/netty/netty-codec-socks/4.1.121.Final/netty-codec-socks-4.1.121.Final.jar:/home/runner/.m2/repository/io/netty/netty-codec-http/4.1.121.Final/netty-codec-http-4.1.121.Final.jar:/home/runner/.m2/repository/io/netty/netty-codec-http2/4.1.121.Final/netty-codec-http2-4.1.121.Final.jar:/home/runner/.m2/repository/io/netty/netty-resolver/4.1.121.Final/netty-resolver-4.1.121.Final.jar:/home/runner/.m2/repository/io/netty/netty-resolver-dns/4.1.121.Final/netty-resolver-dns-4.1.121.Final.jar:/home/runner/.m2/repository/io/netty/netty-codec-dns/4.1.121.Final/netty-codec-dns-4.1.121.Final.jar:/home/runner/.m2/repository/com/fasterxml/jackson/core/jackson-core/2.18.2/jackson-core-2.18.2.jar:"/>
    <property name="sun.cpu.endian" value="little"/>
    <property name="user.home" value="/home/runner"/>
    <property name="user.language" value="en"/>
    <property name="jboss.log-version" value="false"/>
    <property name="java.specification.vendor" value="Oracle Corporation"/>
    <property name="java.version.date" value="2025-07-15"/>
    <property name="java.home" value="/usr/lib/jvm/temurin-17-jdk-amd64"/>
    <property name="file.separator" value="/"/>
    <property name="basedir" value="/home/runner/work/apicurio-testing/apicurio-testing/clusters/ci419/namespaces/inmemory/tests/integration/apicurio-registry/integration-tests"/>
    <property name="java.vm.compressedOopsMode" value="32-bit"/>
    <property name="line.separator" value="&#10;"/>
    <property name="java.specification.name" value="Java Platform API Specification"/>
    <property name="java.vm.specification.vendor" value="Oracle Corporation"/>
    <property name="quarkus.http.test-host" value="registry-app-inmemory.apps.ci419.apicurio-testing.org"/>
    <property name="surefire.real.class.path" value="/home/runner/work/apicurio-testing/apicurio-testing/clusters/ci419/namespaces/inmemory/tests/integration/apicurio-registry/integration-tests/target/surefire/surefirebooter-20250813021313950_3.jar"/>
    <property name="sun.management.compiler" value="HotSpot 64-Bit Tiered Compilers"/>
    <property name="org.eclipse.jetty.http.HttpGenerator.STRICT" value="true"/>
    <property name="java.runtime.version" value="17.0.16+8"/>
    <property name="user.name" value="runner"/>
    <property name="path.separator" value=":"/>
    <property name="os.version" value="6.8.0-1031-azure"/>
    <property name="java.runtime.name" value="OpenJDK Runtime Environment"/>
    <property name="file.encoding" value="UTF-8"/>
    <property name="jnidispatch.path" value="/home/runner/.cache/JNA/temp/jna35310272913085780.tmp"/>
    <property name="java.vm.name" value="OpenJDK 64-Bit Server VM"/>
    <property name="jna.platform.library.path" value="/usr/lib/x86_64-linux-gnu:/lib/x86_64-linux-gnu:/usr/lib64:/lib64:/usr/lib:/lib:/lib32:/usr/local/lib:/usr/lib/x86_64-linux-gnu/libfakeroot"/>
    <property name="java.vendor.version" value="Temurin-17.0.16+8"/>
    <property name="quarkus.oidc.token-path" value="https://keycloak-inmemory.apps.ci419.apicurio-testing.org/realms/registry/protocol/openid-connect/token"/>
    <property name="quarkus.http.host" value="registry-app-inmemory.apps.ci419.apicurio-testing.org"/>
    <property name="localRepository" value="/home/runner/.m2/repository"/>
    <property name="javax.xml.xpath.XPathFactory:http://java.sun.com/jaxp/xpath/dom" value="com.sun.org.apache.xpath.internal.jaxp.XPathFactoryImpl"/>
    <property name="jna.loaded" value="true"/>
    <property name="java.vendor.url.bug" value="https://github.com/adoptium/adoptium-support/issues"/>
    <property name="jetty.git.hash" value="5bc5e562c8d05c5862505aebe5cf83a61bdbcb96"/>
    <property name="java.io.tmpdir" value="/tmp"/>
    <property name="quarkus.http.test-protocol" value="http"/>
    <property name="java.version" value="17.0.16"/>
    <property name="user.dir" value="/home/runner/work/apicurio-testing/apicurio-testing/clusters/ci419/namespaces/inmemory/tests/integration/apicurio-registry/integration-tests"/>
    <property name="os.arch" value="amd64"/>
    <property name="groups" value="( smoke | serdes | acceptance | ui)"/>
    <property name="java.vm.specification.name" value="Java Virtual Machine Specification"/>
    <property name="native.encoding" value="UTF-8"/>
    <property name="java.util.logging.manager" value="org.jboss.logmanager.LogManager"/>
    <property name="java.library.path" value="/usr/java/packages/lib:/usr/lib64:/lib64:/lib:/usr/lib"/>
    <property name="jdk.console" value="java.base"/>
    <property name="java.vm.info" value="mixed mode, sharing"/>
    <property name="java.vendor" value="Eclipse Adoptium"/>
    <property name="java.vm.version" value="17.0.16+8"/>
    <property name="java.specification.maintenance.version" value="1"/>
    <property name="sun.io.unicode.encoding" value="UnicodeLittle"/>
    <property name="javax.xml.transform.TransformerFactory" value="com.sun.org.apache.xalan.internal.xsltc.trax.TransformerFactoryImpl"/>
    <property name="java.class.version" value="61.0"/>
  </properties>
  <testcase name="testGlobalIdInHeaders" classname="io.apicurio.tests.serdes.apicurio.AvroSerdeIT" time="6.191">
    <system-out><![CDATA[**** Registry Base URL: http://registry-app-inmemory.apps.ci419.apicurio-testing.org:80
**** Registry Base URL: http://registry-app-inmemory.apps.ci419.apicurio-testing.org:80
2025-08-13 02:13:26,330 INFO  [io.api.tes.ser.api.AvroSerdeIT] (main) RestAssured configured with http://registry-app-inmemory.apps.ci419.apicurio-testing.org:80/apis/registry/v3
2025-08-13 02:13:26,381 INFO  [io.api.tes.uti.KafkaFacade] (main) Starting kafka container
2025-08-13 02:13:26,420 INFO  [org.tes.ima.PullPolicy] (main) Image pull policy will be performed by: DefaultPullPolicy()
2025-08-13 02:13:26,423 INFO  [org.tes.uti.ImageNameSubstitutor] (main) Image name substitution will be performed by: DefaultImageNameSubstitutor (composite of 'ConfigurationFileImageNameSubstitutor' and 'PrefixingImageNameSubstitutor')
2025-08-13 02:13:26,435 INFO  [org.tes.DockerClientFactory] (main) Testcontainers version: 1.20.6
2025-08-13 02:13:27,105 INFO  [org.tes.doc.DockerClientProviderStrategy] (main) Found Docker environment with local Unix socket (unix:///var/run/docker.sock)
2025-08-13 02:13:27,113 INFO  [org.tes.DockerClientFactory] (main) Docker host IP address is localhost
2025-08-13 02:13:27,134 INFO  [org.tes.DockerClientFactory] (main) Connected to docker: 
  Server Version: 28.0.4
  API Version: 1.48
  Operating System: Ubuntu 22.04.5 LTS
  Total Memory: 7944 MB
2025-08-13 02:13:27,179 INFO  [tc.tes.11.0] (main) Pulling docker image: testcontainers/ryuk:0.11.0. Please be patient; this may take some time but only needs to be done once.
2025-08-13 02:13:27,660 INFO  [tc.tes.11.0] (docker-java-stream--1295187651) Starting to pull image
2025-08-13 02:13:27,682 INFO  [tc.tes.11.0] (docker-java-stream--1295187651) Pulling image layers:  0 pending,  0 downloaded,  0 extracted, (0 bytes/0 bytes)
2025-08-13 02:13:27,918 INFO  [tc.tes.11.0] (docker-java-stream--1295187651) Pulling image layers:  2 pending,  1 downloaded,  0 extracted, (114 KB/? MB)
2025-08-13 02:13:27,951 INFO  [tc.tes.11.0] (docker-java-stream--1295187651) Pulling image layers:  1 pending,  2 downloaded,  0 extracted, (114 KB/? MB)
2025-08-13 02:13:27,962 INFO  [tc.tes.11.0] (docker-java-stream--1295187651) Pulling image layers:  0 pending,  3 downloaded,  0 extracted, (142 KB/10 MB)
2025-08-13 02:13:28,072 INFO  [tc.tes.11.0] (docker-java-stream--1295187651) Pulling image layers:  0 pending,  3 downloaded,  1 extracted, (3 MB/10 MB)
2025-08-13 02:13:29,055 INFO  [tc.tes.11.0] (docker-java-stream--1295187651) Pulling image layers:  0 pending,  3 downloaded,  2 extracted, (4 MB/10 MB)
2025-08-13 02:13:29,099 INFO  [tc.tes.11.0] (docker-java-stream--1295187651) Pulling image layers:  0 pending,  3 downloaded,  3 extracted, (10 MB/10 MB)
2025-08-13 02:13:29,105 INFO  [tc.tes.11.0] (docker-java-stream--1295187651) Pull complete. 3 layers, pulled in 1s (downloaded 10 MB at 10 MB/s)
2025-08-13 02:13:29,106 INFO  [tc.tes.11.0] (main) Image testcontainers/ryuk:0.11.0 pull took PT1.925884864S
2025-08-13 02:13:29,129 INFO  [tc.tes.11.0] (main) Creating container for image: testcontainers/ryuk:0.11.0
2025-08-13 02:13:29,211 INFO  [tc.tes.11.0] (main) Container testcontainers/ryuk:0.11.0 is starting: 13e53a3cc29b4d4f757759981f7b50b77349011d66f7118af18815be7ea7f916
2025-08-13 02:13:29,655 INFO  [tc.tes.11.0] (main) Container testcontainers/ryuk:0.11.0 started in PT0.52587791S
2025-08-13 02:13:29,661 INFO  [org.tes.uti.RyukResourceReaper] (main) Ryuk started - will monitor and terminate Testcontainers containers on JVM exit
2025-08-13 02:13:29,661 INFO  [org.tes.DockerClientFactory] (main) Checking the system...
2025-08-13 02:13:29,662 INFO  [org.tes.DockerClientFactory] (main) ✔︎ Docker server version should be at least 1.6.0
2025-08-13 02:13:29,667 INFO  [io.str.tes.con.KafkaVersionService] (main) Latest release of Kafka is:LogicalKafkaVersionEntity{version='4.0.0', image='quay.io/strimzi-test-container/test-container:0.111.0-kafka-4.0.0'}
2025-08-13 02:13:29,667 INFO  [io.str.tes.con.KafkaVersionService] (main) Latest release of Kafka is:LogicalKafkaVersionEntity{version='4.0.0', image='quay.io/strimzi-test-container/test-container:0.111.0-kafka-4.0.0'}
2025-08-13 02:13:29,667 INFO  [io.str.tes.con.KafkaVersionService] (main) No Kafka version specified. Using latest release: 4.0.0
2025-08-13 02:13:29,674 INFO  [tc.qua.io/.111.0-k.0.0] (main) Pulling docker image: quay.io/strimzi-test-container/test-container:0.111.0-kafka-4.0.0. Please be patient; this may take some time but only needs to be done once.
2025-08-13 02:13:30,113 INFO  [tc.qua.io/.111.0-k.0.0] (docker-java-stream--29267298) Starting to pull image
2025-08-13 02:13:30,114 INFO  [tc.qua.io/.111.0-k.0.0] (docker-java-stream--29267298) Pulling image layers:  0 pending,  0 downloaded,  0 extracted, (0 bytes/0 bytes)
2025-08-13 02:13:30,653 INFO  [tc.qua.io/.111.0-k.0.0] (docker-java-stream--29267298) Pulling image layers:  6 pending,  1 downloaded,  0 extracted, (3 MB/? MB)
2025-08-13 02:13:30,984 INFO  [tc.qua.io/.111.0-k.0.0] (docker-java-stream--29267298) Pulling image layers:  5 pending,  2 downloaded,  0 extracted, (53 MB/? MB)
2025-08-13 02:13:31,425 INFO  [tc.qua.io/.111.0-k.0.0] (docker-java-stream--29267298) Pulling image layers:  4 pending,  3 downloaded,  0 extracted, (110 MB/? MB)
2025-08-13 02:13:31,574 INFO  [tc.qua.io/.111.0-k.0.0] (docker-java-stream--29267298) Pulling image layers:  3 pending,  4 downloaded,  0 extracted, (146 MB/? MB)
2025-08-13 02:13:31,617 INFO  [tc.qua.io/.111.0-k.0.0] (docker-java-stream--29267298) Pulling image layers:  2 pending,  5 downloaded,  0 extracted, (146 MB/? MB)
2025-08-13 02:13:32,236 INFO  [tc.qua.io/.111.0-k.0.0] (docker-java-stream--29267298) Pulling image layers:  2 pending,  5 downloaded,  1 extracted, (198 MB/? MB)
2025-08-13 02:13:32,802 INFO  [tc.qua.io/.111.0-k.0.0] (docker-java-stream--29267298) Pulling image layers:  1 pending,  6 downloaded,  1 extracted, (244 MB/? MB)
2025-08-13 02:13:36,401 INFO  [tc.qua.io/.111.0-k.0.0] (docker-java-stream--29267298) Pulling image layers:  1 pending,  6 downloaded,  2 extracted, (246 MB/? MB)
2025-08-13 02:13:36,440 INFO  [tc.qua.io/.111.0-k.0.0] (docker-java-stream--29267298) Pulling image layers:  1 pending,  6 downloaded,  3 extracted, (246 MB/? MB)
2025-08-13 02:13:36,461 INFO  [tc.qua.io/.111.0-k.0.0] (docker-java-stream--29267298) Pulling image layers:  1 pending,  6 downloaded,  4 extracted, (246 MB/? MB)
2025-08-13 02:13:37,597 INFO  [tc.qua.io/.111.0-k.0.0] (docker-java-stream--29267298) Pulling image layers:  1 pending,  6 downloaded,  5 extracted, (249 MB/? MB)
2025-08-13 02:13:37,635 INFO  [tc.qua.io/.111.0-k.0.0] (docker-java-stream--29267298) Pulling image layers:  1 pending,  6 downloaded,  6 extracted, (249 MB/? MB)
2025-08-13 02:13:37,647 INFO  [tc.qua.io/.111.0-k.0.0] (docker-java-stream--29267298) Pulling image layers:  1 pending,  6 downloaded,  7 extracted, (249 MB/? MB)
2025-08-13 02:13:37,654 INFO  [tc.qua.io/.111.0-k.0.0] (docker-java-stream--29267298) Pull complete. 7 layers, pulled in 7s (downloaded 249 MB at 35 MB/s)
2025-08-13 02:13:37,654 INFO  [tc.qua.io/.111.0-k.0.0] (main) Image quay.io/strimzi-test-container/test-container:0.111.0-kafka-4.0.0 pull took PT7.979489017S
2025-08-13 02:13:37,657 INFO  [tc.qua.io/.111.0-k.0.0] (main) Creating container for image: quay.io/strimzi-test-container/test-container:0.111.0-kafka-4.0.0
2025-08-13 02:13:37,730 INFO  [tc.qua.io/.111.0-k.0.0] (main) Container quay.io/strimzi-test-container/test-container:0.111.0-kafka-4.0.0 is starting: b39ca833ec94f37b738a35b1711b4e99de0e1c6e4c3a99c7815e93a713f364b4
2025-08-13 02:13:37,927 INFO  [io.str.tes.con.StrimziKafkaContainer] (main) Mapped port: 32769
2025-08-13 02:13:37,928 WARN  [io.str.tes.con.StrimziKafkaContainer] (main) Node ID is not set. Using broker ID 0 as the default node ID.
2025-08-13 02:13:37,928 INFO  [io.str.tes.con.StrimziKafkaContainer] (main) This is all advertised listeners for Kafka PLAINTEXT://localhost:32769,BROKER1://172.18.0.2:9091,CONTROLLER://broker-0:9094
2025-08-13 02:13:37,958 INFO  [io.str.tes.con.StrimziKafkaContainer] (main) New `cluster.id` has been generated: KRqqH0pCSh6FBkmoZ2CGGg
2025-08-13 02:13:37,960 INFO  [io.str.tes.con.StrimziKafkaContainer] (main) Copying command to 'STARTER_SCRIPT' script.
2025-08-13 02:13:43,462 INFO  [tc.qua.io/.111.0-k.0.0] (main) Container quay.io/strimzi-test-container/test-container:0.111.0-kafka-4.0.0 started in PT5.804420212S
2025-08-13 02:13:43,464 INFO  [io.api.tes.uti.TestSeparator] (main) ############################################################################
2025-08-13 02:13:43,464 INFO  [io.api.tes.uti.TestSeparator] (main) io.apicurio.tests.serdes.apicurio.AvroSerdeIT.testGlobalIdInHeaders-STARTED
2025-08-13 02:13:43,474 INFO  [org.apa.kaf.cli.adm.AdminClientConfig] (main) AdminClientConfig values: 
	auto.include.jmx.reporter = true
	bootstrap.controllers = []
	bootstrap.servers = [PLAINTEXT://localhost:32769]
	client.dns.lookup = use_all_dns_ips
	client.id = 
	connections.max.idle.ms = 10000
	default.api.timeout.ms = 60000
	enable.metrics.push = true
	metadata.max.age.ms = 300000
	metadata.recovery.strategy = none
	metric.reporters = []
	metrics.num.samples = 2
	metrics.recording.level = INFO
	metrics.sample.window.ms = 30000
	receive.buffer.bytes = 65536
	reconnect.backoff.max.ms = 1000
	reconnect.backoff.ms = 50
	request.timeout.ms = 5000
	retries = 2147483647
	retry.backoff.max.ms = 1000
	retry.backoff.ms = 100
	sasl.client.callback.handler.class = null
	sasl.jaas.config = null
	sasl.kerberos.kinit.cmd = /usr/bin/kinit
	sasl.kerberos.min.time.before.relogin = 60000
	sasl.kerberos.service.name = null
	sasl.kerberos.ticket.renew.jitter = 0.05
	sasl.kerberos.ticket.renew.window.factor = 0.8
	sasl.login.callback.handler.class = null
	sasl.login.class = null
	sasl.login.connect.timeout.ms = null
	sasl.login.read.timeout.ms = null
	sasl.login.refresh.buffer.seconds = 300
	sasl.login.refresh.min.period.seconds = 60
	sasl.login.refresh.window.factor = 0.8
	sasl.login.refresh.window.jitter = 0.05
	sasl.login.retry.backoff.max.ms = 10000
	sasl.login.retry.backoff.ms = 100
	sasl.mechanism = GSSAPI
	sasl.oauthbearer.clock.skew.seconds = 30
	sasl.oauthbearer.expected.audience = null
	sasl.oauthbearer.expected.issuer = null
	sasl.oauthbearer.header.urlencode = false
	sasl.oauthbearer.jwks.endpoint.refresh.ms = 3600000
	sasl.oauthbearer.jwks.endpoint.retry.backoff.max.ms = 10000
	sasl.oauthbearer.jwks.endpoint.retry.backoff.ms = 100
	sasl.oauthbearer.jwks.endpoint.url = null
	sasl.oauthbearer.scope.claim.name = scope
	sasl.oauthbearer.sub.claim.name = sub
	sasl.oauthbearer.token.endpoint.url = null
	security.protocol = PLAINTEXT
	security.providers = null
	send.buffer.bytes = 131072
	socket.connection.setup.timeout.max.ms = 30000
	socket.connection.setup.timeout.ms = 10000
	ssl.cipher.suites = null
	ssl.enabled.protocols = [TLSv1.2, TLSv1.3]
	ssl.endpoint.identification.algorithm = https
	ssl.engine.factory.class = null
	ssl.key.password = null
	ssl.keymanager.algorithm = SunX509
	ssl.keystore.certificate.chain = null
	ssl.keystore.key = null
	ssl.keystore.location = null
	ssl.keystore.password = null
	ssl.keystore.type = JKS
	ssl.protocol = TLSv1.3
	ssl.provider = null
	ssl.secure.random.implementation = null
	ssl.trustmanager.algorithm = PKIX
	ssl.truststore.certificates = null
	ssl.truststore.location = null
	ssl.truststore.password = null
	ssl.truststore.type = JKS

2025-08-13 02:13:43,785 INFO  [org.apa.kaf.com.uti.AppInfoParser] (main) Kafka version: 3.9.1
2025-08-13 02:13:43,786 INFO  [org.apa.kaf.com.uti.AppInfoParser] (main) Kafka commitId: f745dfdcee2b9851
2025-08-13 02:13:43,786 INFO  [org.apa.kaf.com.uti.AppInfoParser] (main) Kafka startTimeMs: 1755051223784
**** Registry Base URL: http://registry-app-inmemory.apps.ci419.apicurio-testing.org:80
2025-08-13 02:13:43,844 INFO  [org.apa.kaf.cli.pro.ProducerConfig] (main) ProducerConfig values: 
	acks = -1
	auto.include.jmx.reporter = true
	batch.size = 16384
	bootstrap.servers = [PLAINTEXT://localhost:32769]
	buffer.memory = 33554432
	client.dns.lookup = use_all_dns_ips
	client.id = Producer-topic-b2d7232c_6663_4ad6_b0e2_62d247fa0336
	compression.gzip.level = -1
	compression.lz4.level = 9
	compression.type = none
	compression.zstd.level = 3
	connections.max.idle.ms = 10000
	delivery.timeout.ms = 120000
	enable.idempotence = true
	enable.metrics.push = true
	interceptor.classes = []
	key.serializer = class org.apache.kafka.common.serialization.StringSerializer
	linger.ms = 0
	max.block.ms = 60000
	max.in.flight.requests.per.connection = 5
	max.request.size = 1048576
	metadata.max.age.ms = 300000
	metadata.max.idle.ms = 300000
	metadata.recovery.strategy = none
	metric.reporters = []
	metrics.num.samples = 2
	metrics.recording.level = INFO
	metrics.sample.window.ms = 30000
	partitioner.adaptive.partitioning.enable = true
	partitioner.availability.timeout.ms = 0
	partitioner.class = null
	partitioner.ignore.keys = false
	receive.buffer.bytes = 32768
	reconnect.backoff.max.ms = 1000
	reconnect.backoff.ms = 50
	request.timeout.ms = 5000
	retries = 2147483647
	retry.backoff.max.ms = 1000
	retry.backoff.ms = 100
	sasl.client.callback.handler.class = null
	sasl.jaas.config = null
	sasl.kerberos.kinit.cmd = /usr/bin/kinit
	sasl.kerberos.min.time.before.relogin = 60000
	sasl.kerberos.service.name = null
	sasl.kerberos.ticket.renew.jitter = 0.05
	sasl.kerberos.ticket.renew.window.factor = 0.8
	sasl.login.callback.handler.class = null
	sasl.login.class = null
	sasl.login.connect.timeout.ms = null
	sasl.login.read.timeout.ms = null
	sasl.login.refresh.buffer.seconds = 300
	sasl.login.refresh.min.period.seconds = 60
	sasl.login.refresh.window.factor = 0.8
	sasl.login.refresh.window.jitter = 0.05
	sasl.login.retry.backoff.max.ms = 10000
	sasl.login.retry.backoff.ms = 100
	sasl.mechanism = GSSAPI
	sasl.oauthbearer.clock.skew.seconds = 30
	sasl.oauthbearer.expected.audience = null
	sasl.oauthbearer.expected.issuer = null
	sasl.oauthbearer.header.urlencode = false
	sasl.oauthbearer.jwks.endpoint.refresh.ms = 3600000
	sasl.oauthbearer.jwks.endpoint.retry.backoff.max.ms = 10000
	sasl.oauthbearer.jwks.endpoint.retry.backoff.ms = 100
	sasl.oauthbearer.jwks.endpoint.url = null
	sasl.oauthbearer.scope.claim.name = scope
	sasl.oauthbearer.sub.claim.name = sub
	sasl.oauthbearer.token.endpoint.url = null
	security.protocol = PLAINTEXT
	security.providers = null
	send.buffer.bytes = 131072
	socket.connection.setup.timeout.max.ms = 30000
	socket.connection.setup.timeout.ms = 10000
	ssl.cipher.suites = null
	ssl.enabled.protocols = [TLSv1.2, TLSv1.3]
	ssl.endpoint.identification.algorithm = https
	ssl.engine.factory.class = null
	ssl.key.password = null
	ssl.keymanager.algorithm = SunX509
	ssl.keystore.certificate.chain = null
	ssl.keystore.key = null
	ssl.keystore.location = null
	ssl.keystore.password = null
	ssl.keystore.type = JKS
	ssl.protocol = TLSv1.3
	ssl.provider = null
	ssl.secure.random.implementation = null
	ssl.trustmanager.algorithm = PKIX
	ssl.truststore.certificates = null
	ssl.truststore.location = null
	ssl.truststore.password = null
	ssl.truststore.type = JKS
	transaction.timeout.ms = 60000
	transactional.id = null
	value.serializer = class io.apicurio.registry.serde.avro.AvroKafkaSerializer

2025-08-13 02:13:43,894 INFO  [org.apa.kaf.com.tel.int.KafkaMetricsCollector] (main) initializing Kafka metrics collector
2025-08-13 02:13:43,935 INFO  [org.apa.kaf.cli.pro.KafkaProducer] (main) [Producer clientId=Producer-topic-b2d7232c_6663_4ad6_b0e2_62d247fa0336] Instantiated an idempotent producer.
2025-08-13 02:13:43,986 INFO  [org.apa.kaf.cli.pro.ProducerConfig] (main) These configurations '[apicurio.registry.url, apicurio.registry.auto-register, apicurio.registry.use-id, apicurio.registry.artifact-resolver-strategy]' were supplied but are not used yet.
2025-08-13 02:13:43,986 INFO  [org.apa.kaf.com.uti.AppInfoParser] (main) Kafka version: 3.9.1
2025-08-13 02:13:43,986 INFO  [org.apa.kaf.com.uti.AppInfoParser] (main) Kafka commitId: f745dfdcee2b9851
2025-08-13 02:13:43,987 INFO  [org.apa.kaf.com.uti.AppInfoParser] (main) Kafka startTimeMs: 1755051223986
2025-08-13 02:13:43,987 INFO  [io.api.tes.ser.api.SimpleSerdesTesterBuilder$SimpleSerdesTester] (main) Using producer configuration: {apicurio.registry.url=http://registry-app-inmemory.apps.ci419.apicurio-testing.org:80/apis/registry/v3, apicurio.registry.auto-register=true, apicurio.registry.use-id=globalId, apicurio.registry.artifact-resolver-strategy=io.apicurio.registry.serde.strategy.TopicIdStrategy, value.serializer=io.apicurio.registry.serde.avro.AvroKafkaSerializer, request.timeout.ms=5000, acks=all, bootstrap.servers=PLAINTEXT://localhost:32769, connections.max.idle.ms=10000, key.serializer=org.apache.kafka.common.serialization.StringSerializer, client.id=Producer-topic-b2d7232c_6663_4ad6_b0e2_62d247fa0336}
2025-08-13 02:13:43,987 INFO  [io.api.tes.ser.api.SimpleSerdesTesterBuilder$SimpleSerdesTester] (main) Using consumer configuration: {apicurio.registry.use-id=globalId}
2025-08-13 02:13:43,999 INFO  [io.api.tes.ser.api.KafkaSerdesTester] (Thread-600) Sending message {"key11755051223817": "value-0"} to topic topic-b2d7232c_6663_4ad6_b0e2_62d247fa0336
2025-08-13 02:13:44,330 WARN  [org.apa.kaf.cli.NetworkClient] (kafka-producer-network-thread | Producer-topic-b2d7232c_6663_4ad6_b0e2_62d247fa0336) [Producer clientId=Producer-topic-b2d7232c_6663_4ad6_b0e2_62d247fa0336] The metadata response from the cluster reported a recoverable issue with correlation id 1 : {topic-b2d7232c_6663_4ad6_b0e2_62d247fa0336=UNKNOWN_TOPIC_OR_PARTITION}
2025-08-13 02:13:44,333 INFO  [org.apa.kaf.cli.Metadata] (kafka-producer-network-thread | Producer-topic-b2d7232c_6663_4ad6_b0e2_62d247fa0336) [Producer clientId=Producer-topic-b2d7232c_6663_4ad6_b0e2_62d247fa0336] Cluster ID: KRqqH0pCSh6FBkmoZ2CGGg
2025-08-13 02:13:44,460 INFO  [org.apa.kaf.cli.pro.int.TransactionManager] (kafka-producer-network-thread | Producer-topic-b2d7232c_6663_4ad6_b0e2_62d247fa0336) [Producer clientId=Producer-topic-b2d7232c_6663_4ad6_b0e2_62d247fa0336] ProducerId set to 0 with epoch 0
2025-08-13 02:13:44,677 INFO  [io.api.tes.ser.api.KafkaSerdesTester] (Thread-600) Sending message {"key11755051223817": "value-1"} to topic topic-b2d7232c_6663_4ad6_b0e2_62d247fa0336
2025-08-13 02:13:44,691 INFO  [io.api.tes.ser.api.KafkaSerdesTester] (Thread-600) Sending message {"key11755051223817": "value-2"} to topic topic-b2d7232c_6663_4ad6_b0e2_62d247fa0336
2025-08-13 02:13:44,700 INFO  [io.api.tes.ser.api.KafkaSerdesTester] (Thread-600) Sending message {"key11755051223817": "value-3"} to topic topic-b2d7232c_6663_4ad6_b0e2_62d247fa0336
2025-08-13 02:13:44,714 INFO  [io.api.tes.ser.api.KafkaSerdesTester] (Thread-600) Sending message {"key11755051223817": "value-4"} to topic topic-b2d7232c_6663_4ad6_b0e2_62d247fa0336
2025-08-13 02:13:44,721 INFO  [io.api.tes.ser.api.KafkaSerdesTester] (Thread-600) Sending message {"key11755051223817": "value-5"} to topic topic-b2d7232c_6663_4ad6_b0e2_62d247fa0336
2025-08-13 02:13:44,732 INFO  [io.api.tes.ser.api.KafkaSerdesTester] (Thread-600) Sending message {"key11755051223817": "value-6"} to topic topic-b2d7232c_6663_4ad6_b0e2_62d247fa0336
2025-08-13 02:13:44,745 INFO  [io.api.tes.ser.api.KafkaSerdesTester] (Thread-600) Sending message {"key11755051223817": "value-7"} to topic topic-b2d7232c_6663_4ad6_b0e2_62d247fa0336
2025-08-13 02:13:44,757 INFO  [io.api.tes.ser.api.KafkaSerdesTester] (Thread-600) Sending message {"key11755051223817": "value-8"} to topic topic-b2d7232c_6663_4ad6_b0e2_62d247fa0336
2025-08-13 02:13:44,766 INFO  [io.api.tes.ser.api.KafkaSerdesTester] (Thread-600) Sending message {"key11755051223817": "value-9"} to topic topic-b2d7232c_6663_4ad6_b0e2_62d247fa0336
2025-08-13 02:13:44,773 INFO  [io.api.tes.ser.api.KafkaSerdesTester] (Thread-600) Produced 10 messages
2025-08-13 02:13:44,774 INFO  [org.apa.kaf.cli.pro.KafkaProducer] (Thread-600) [Producer clientId=Producer-topic-b2d7232c_6663_4ad6_b0e2_62d247fa0336] Closing the Kafka producer with timeoutMillis = 9223372036854775807 ms.
2025-08-13 02:13:44,796 INFO  [org.apa.kaf.com.met.Metrics] (Thread-600) Metrics scheduler closed
2025-08-13 02:13:44,797 INFO  [org.apa.kaf.com.met.Metrics] (Thread-600) Closing reporter org.apache.kafka.common.metrics.JmxReporter
2025-08-13 02:13:44,797 INFO  [org.apa.kaf.com.met.Metrics] (Thread-600) Closing reporter org.apache.kafka.common.telemetry.internals.ClientTelemetryReporter
2025-08-13 02:13:44,797 INFO  [org.apa.kaf.com.met.Metrics] (Thread-600) Metrics reporters closed
2025-08-13 02:13:44,802 INFO  [org.apa.kaf.com.uti.AppInfoParser] (Thread-600) App info kafka.producer for Producer-topic-b2d7232c_6663_4ad6_b0e2_62d247fa0336 unregistered
**** Registry Base URL: http://registry-app-inmemory.apps.ci419.apicurio-testing.org:80
2025-08-13 02:13:44,908 INFO  [org.apa.kaf.cli.con.ConsumerConfig] (main) ConsumerConfig values: 
	allow.auto.create.topics = true
	auto.commit.interval.ms = 500
	auto.include.jmx.reporter = true
	auto.offset.reset = earliest
	bootstrap.servers = [PLAINTEXT://localhost:32769]
	check.crcs = true
	client.dns.lookup = use_all_dns_ips
	client.id = consumer-Consumer-topic-b2d7232c_6663_4ad6_b0e2_62d247fa0336-1
	client.rack = 
	connections.max.idle.ms = 10000
	default.api.timeout.ms = 60000
	enable.auto.commit = true
	enable.metrics.push = true
	exclude.internal.topics = true
	fetch.max.bytes = 52428800
	fetch.max.wait.ms = 500
	fetch.min.bytes = 1
	group.id = Consumer-topic-b2d7232c_6663_4ad6_b0e2_62d247fa0336
	group.instance.id = null
	group.protocol = classic
	group.remote.assignor = null
	heartbeat.interval.ms = 3000
	interceptor.classes = []
	internal.leave.group.on.close = true
	internal.throw.on.fetch.stable.offset.unsupported = false
	isolation.level = read_uncommitted
	key.deserializer = class org.apache.kafka.common.serialization.StringDeserializer
	max.partition.fetch.bytes = 1048576
	max.poll.interval.ms = 300000
	max.poll.records = 500
	metadata.max.age.ms = 300000
	metadata.recovery.strategy = none
	metric.reporters = []
	metrics.num.samples = 2
	metrics.recording.level = INFO
	metrics.sample.window.ms = 30000
	partition.assignment.strategy = [class org.apache.kafka.clients.consumer.RangeAssignor, class org.apache.kafka.clients.consumer.CooperativeStickyAssignor]
	receive.buffer.bytes = 65536
	reconnect.backoff.max.ms = 1000
	reconnect.backoff.ms = 50
	request.timeout.ms = 5000
	retry.backoff.max.ms = 1000
	retry.backoff.ms = 100
	sasl.client.callback.handler.class = null
	sasl.jaas.config = null
	sasl.kerberos.kinit.cmd = /usr/bin/kinit
	sasl.kerberos.min.time.before.relogin = 60000
	sasl.kerberos.service.name = null
	sasl.kerberos.ticket.renew.jitter = 0.05
	sasl.kerberos.ticket.renew.window.factor = 0.8
	sasl.login.callback.handler.class = null
	sasl.login.class = null
	sasl.login.connect.timeout.ms = null
	sasl.login.read.timeout.ms = null
	sasl.login.refresh.buffer.seconds = 300
	sasl.login.refresh.min.period.seconds = 60
	sasl.login.refresh.window.factor = 0.8
	sasl.login.refresh.window.jitter = 0.05
	sasl.login.retry.backoff.max.ms = 10000
	sasl.login.retry.backoff.ms = 100
	sasl.mechanism = GSSAPI
	sasl.oauthbearer.clock.skew.seconds = 30
	sasl.oauthbearer.expected.audience = null
	sasl.oauthbearer.expected.issuer = null
	sasl.oauthbearer.header.urlencode = false
	sasl.oauthbearer.jwks.endpoint.refresh.ms = 3600000
	sasl.oauthbearer.jwks.endpoint.retry.backoff.max.ms = 10000
	sasl.oauthbearer.jwks.endpoint.retry.backoff.ms = 100
	sasl.oauthbearer.jwks.endpoint.url = null
	sasl.oauthbearer.scope.claim.name = scope
	sasl.oauthbearer.sub.claim.name = sub
	sasl.oauthbearer.token.endpoint.url = null
	security.protocol = PLAINTEXT
	security.providers = null
	send.buffer.bytes = 131072
	session.timeout.ms = 45000
	socket.connection.setup.timeout.max.ms = 30000
	socket.connection.setup.timeout.ms = 10000
	ssl.cipher.suites = null
	ssl.enabled.protocols = [TLSv1.2, TLSv1.3]
	ssl.endpoint.identification.algorithm = https
	ssl.engine.factory.class = null
	ssl.key.password = null
	ssl.keymanager.algorithm = SunX509
	ssl.keystore.certificate.chain = null
	ssl.keystore.key = null
	ssl.keystore.location = null
	ssl.keystore.password = null
	ssl.keystore.type = JKS
	ssl.protocol = TLSv1.3
	ssl.provider = null
	ssl.secure.random.implementation = null
	ssl.trustmanager.algorithm = PKIX
	ssl.truststore.certificates = null
	ssl.truststore.location = null
	ssl.truststore.password = null
	ssl.truststore.type = JKS
	value.deserializer = class io.apicurio.registry.serde.avro.AvroKafkaDeserializer

2025-08-13 02:13:44,932 INFO  [org.apa.kaf.com.tel.int.KafkaMetricsCollector] (main) initializing Kafka metrics collector
2025-08-13 02:13:45,049 INFO  [org.apa.kaf.cli.con.ConsumerConfig] (main) These configurations '[apicurio.registry.url, apicurio.registry.use-id]' were supplied but are not used yet.
2025-08-13 02:13:45,052 INFO  [org.apa.kaf.com.uti.AppInfoParser] (main) Kafka version: 3.9.1
2025-08-13 02:13:45,052 INFO  [org.apa.kaf.com.uti.AppInfoParser] (main) Kafka commitId: f745dfdcee2b9851
2025-08-13 02:13:45,052 INFO  [org.apa.kaf.com.uti.AppInfoParser] (main) Kafka startTimeMs: 1755051225052
2025-08-13 02:13:45,056 INFO  [org.apa.kaf.cli.con.int.ClassicKafkaConsumer] (Thread-603) [Consumer clientId=consumer-Consumer-topic-b2d7232c_6663_4ad6_b0e2_62d247fa0336-1, groupId=Consumer-topic-b2d7232c_6663_4ad6_b0e2_62d247fa0336] Subscribed to topic(s): topic-b2d7232c_6663_4ad6_b0e2_62d247fa0336
2025-08-13 02:13:45,082 INFO  [org.apa.kaf.cli.Metadata] (Thread-603) [Consumer clientId=consumer-Consumer-topic-b2d7232c_6663_4ad6_b0e2_62d247fa0336-1, groupId=Consumer-topic-b2d7232c_6663_4ad6_b0e2_62d247fa0336] Cluster ID: KRqqH0pCSh6FBkmoZ2CGGg
2025-08-13 02:13:45,225 INFO  [org.apa.kaf.cli.con.int.ConsumerCoordinator] (Thread-603) [Consumer clientId=consumer-Consumer-topic-b2d7232c_6663_4ad6_b0e2_62d247fa0336-1, groupId=Consumer-topic-b2d7232c_6663_4ad6_b0e2_62d247fa0336] Discovered group coordinator localhost:32769 (id: 2147483647 rack: null)
2025-08-13 02:13:45,235 INFO  [org.apa.kaf.cli.con.int.ConsumerCoordinator] (Thread-603) [Consumer clientId=consumer-Consumer-topic-b2d7232c_6663_4ad6_b0e2_62d247fa0336-1, groupId=Consumer-topic-b2d7232c_6663_4ad6_b0e2_62d247fa0336] (Re-)joining group
2025-08-13 02:13:45,296 INFO  [org.apa.kaf.cli.con.int.ConsumerCoordinator] (Thread-603) [Consumer clientId=consumer-Consumer-topic-b2d7232c_6663_4ad6_b0e2_62d247fa0336-1, groupId=Consumer-topic-b2d7232c_6663_4ad6_b0e2_62d247fa0336] Group coordinator localhost:32769 (id: 2147483647 rack: null) is unavailable or invalid due to cause: error response NOT_COORDINATOR. isDisconnected: false. Rediscovery will be attempted.
2025-08-13 02:13:45,296 INFO  [org.apa.kaf.cli.con.int.ConsumerCoordinator] (Thread-603) [Consumer clientId=consumer-Consumer-topic-b2d7232c_6663_4ad6_b0e2_62d247fa0336-1, groupId=Consumer-topic-b2d7232c_6663_4ad6_b0e2_62d247fa0336] Requesting disconnect from last known coordinator localhost:32769 (id: 2147483647 rack: null)
2025-08-13 02:13:45,296 INFO  [org.apa.kaf.cli.con.int.ConsumerCoordinator] (Thread-603) [Consumer clientId=consumer-Consumer-topic-b2d7232c_6663_4ad6_b0e2_62d247fa0336-1, groupId=Consumer-topic-b2d7232c_6663_4ad6_b0e2_62d247fa0336] JoinGroup failed: This is not the correct coordinator. Marking coordinator unknown. Sent generation was Generation{generationId=-1, memberId='', protocol='null'}
2025-08-13 02:13:45,297 INFO  [org.apa.kaf.cli.NetworkClient] (Thread-603) [Consumer clientId=consumer-Consumer-topic-b2d7232c_6663_4ad6_b0e2_62d247fa0336-1, groupId=Consumer-topic-b2d7232c_6663_4ad6_b0e2_62d247fa0336] Client requested disconnect from node 2147483647
2025-08-13 02:13:45,304 INFO  [org.apa.kaf.cli.con.int.ConsumerCoordinator] (Thread-603) [Consumer clientId=consumer-Consumer-topic-b2d7232c_6663_4ad6_b0e2_62d247fa0336-1, groupId=Consumer-topic-b2d7232c_6663_4ad6_b0e2_62d247fa0336] Discovered group coordinator localhost:32769 (id: 2147483647 rack: null)
2025-08-13 02:13:45,304 INFO  [org.apa.kaf.cli.con.int.ConsumerCoordinator] (Thread-603) [Consumer clientId=consumer-Consumer-topic-b2d7232c_6663_4ad6_b0e2_62d247fa0336-1, groupId=Consumer-topic-b2d7232c_6663_4ad6_b0e2_62d247fa0336] Group coordinator localhost:32769 (id: 2147483647 rack: null) is unavailable or invalid due to cause: coordinator unavailable. isDisconnected: false. Rediscovery will be attempted.
2025-08-13 02:13:45,304 INFO  [org.apa.kaf.cli.con.int.ConsumerCoordinator] (Thread-603) [Consumer clientId=consumer-Consumer-topic-b2d7232c_6663_4ad6_b0e2_62d247fa0336-1, groupId=Consumer-topic-b2d7232c_6663_4ad6_b0e2_62d247fa0336] Requesting disconnect from last known coordinator localhost:32769 (id: 2147483647 rack: null)
2025-08-13 02:13:45,400 INFO  [org.apa.kaf.cli.con.int.ConsumerCoordinator] (Thread-603) [Consumer clientId=consumer-Consumer-topic-b2d7232c_6663_4ad6_b0e2_62d247fa0336-1, groupId=Consumer-topic-b2d7232c_6663_4ad6_b0e2_62d247fa0336] Discovered group coordinator localhost:32769 (id: 2147483647 rack: null)
2025-08-13 02:13:45,402 INFO  [org.apa.kaf.cli.con.int.ConsumerCoordinator] (Thread-603) [Consumer clientId=consumer-Consumer-topic-b2d7232c_6663_4ad6_b0e2_62d247fa0336-1, groupId=Consumer-topic-b2d7232c_6663_4ad6_b0e2_62d247fa0336] Request joining group due to: rebalance failed due to 'This is not the correct coordinator.' (NotCoordinatorException)
2025-08-13 02:13:45,404 INFO  [org.apa.kaf.cli.con.int.ConsumerCoordinator] (Thread-603) [Consumer clientId=consumer-Consumer-topic-b2d7232c_6663_4ad6_b0e2_62d247fa0336-1, groupId=Consumer-topic-b2d7232c_6663_4ad6_b0e2_62d247fa0336] (Re-)joining group
2025-08-13 02:13:45,410 INFO  [org.apa.kaf.cli.con.int.ConsumerCoordinator] (Thread-603) [Consumer clientId=consumer-Consumer-topic-b2d7232c_6663_4ad6_b0e2_62d247fa0336-1, groupId=Consumer-topic-b2d7232c_6663_4ad6_b0e2_62d247fa0336] Group coordinator localhost:32769 (id: 2147483647 rack: null) is unavailable or invalid due to cause: error response NOT_COORDINATOR. isDisconnected: false. Rediscovery will be attempted.
2025-08-13 02:13:45,411 INFO  [org.apa.kaf.cli.con.int.ConsumerCoordinator] (Thread-603) [Consumer clientId=consumer-Consumer-topic-b2d7232c_6663_4ad6_b0e2_62d247fa0336-1, groupId=Consumer-topic-b2d7232c_6663_4ad6_b0e2_62d247fa0336] Requesting disconnect from last known coordinator localhost:32769 (id: 2147483647 rack: null)
2025-08-13 02:13:45,411 INFO  [org.apa.kaf.cli.con.int.ConsumerCoordinator] (Thread-603) [Consumer clientId=consumer-Consumer-topic-b2d7232c_6663_4ad6_b0e2_62d247fa0336-1, groupId=Consumer-topic-b2d7232c_6663_4ad6_b0e2_62d247fa0336] JoinGroup failed: This is not the correct coordinator. Marking coordinator unknown. Sent generation was Generation{generationId=-1, memberId='', protocol='null'}
2025-08-13 02:13:45,411 INFO  [org.apa.kaf.cli.NetworkClient] (Thread-603) [Consumer clientId=consumer-Consumer-topic-b2d7232c_6663_4ad6_b0e2_62d247fa0336-1, groupId=Consumer-topic-b2d7232c_6663_4ad6_b0e2_62d247fa0336] Client requested disconnect from node 2147483647
2025-08-13 02:13:45,421 INFO  [org.apa.kaf.cli.con.int.ConsumerCoordinator] (Thread-603) [Consumer clientId=consumer-Consumer-topic-b2d7232c_6663_4ad6_b0e2_62d247fa0336-1, groupId=Consumer-topic-b2d7232c_6663_4ad6_b0e2_62d247fa0336] Discovered group coordinator localhost:32769 (id: 2147483647 rack: null)
2025-08-13 02:13:45,423 INFO  [org.apa.kaf.cli.con.int.ConsumerCoordinator] (Thread-603) [Consumer clientId=consumer-Consumer-topic-b2d7232c_6663_4ad6_b0e2_62d247fa0336-1, groupId=Consumer-topic-b2d7232c_6663_4ad6_b0e2_62d247fa0336] Group coordinator localhost:32769 (id: 2147483647 rack: null) is unavailable or invalid due to cause: coordinator unavailable. isDisconnected: false. Rediscovery will be attempted.
2025-08-13 02:13:45,423 INFO  [org.apa.kaf.cli.con.int.ConsumerCoordinator] (Thread-603) [Consumer clientId=consumer-Consumer-topic-b2d7232c_6663_4ad6_b0e2_62d247fa0336-1, groupId=Consumer-topic-b2d7232c_6663_4ad6_b0e2_62d247fa0336] Requesting disconnect from last known coordinator localhost:32769 (id: 2147483647 rack: null)
2025-08-13 02:13:45,507 INFO  [org.apa.kaf.cli.con.int.ConsumerCoordinator] (Thread-603) [Consumer clientId=consumer-Consumer-topic-b2d7232c_6663_4ad6_b0e2_62d247fa0336-1, groupId=Consumer-topic-b2d7232c_6663_4ad6_b0e2_62d247fa0336] Discovered group coordinator localhost:32769 (id: 2147483647 rack: null)
2025-08-13 02:13:45,511 INFO  [org.apa.kaf.cli.con.int.ConsumerCoordinator] (Thread-603) [Consumer clientId=consumer-Consumer-topic-b2d7232c_6663_4ad6_b0e2_62d247fa0336-1, groupId=Consumer-topic-b2d7232c_6663_4ad6_b0e2_62d247fa0336] Request joining group due to: rebalance failed due to 'This is not the correct coordinator.' (NotCoordinatorException)
2025-08-13 02:13:45,511 INFO  [org.apa.kaf.cli.con.int.ConsumerCoordinator] (Thread-603) [Consumer clientId=consumer-Consumer-topic-b2d7232c_6663_4ad6_b0e2_62d247fa0336-1, groupId=Consumer-topic-b2d7232c_6663_4ad6_b0e2_62d247fa0336] (Re-)joining group
2025-08-13 02:13:45,521 INFO  [org.apa.kaf.cli.con.int.ConsumerCoordinator] (Thread-603) [Consumer clientId=consumer-Consumer-topic-b2d7232c_6663_4ad6_b0e2_62d247fa0336-1, groupId=Consumer-topic-b2d7232c_6663_4ad6_b0e2_62d247fa0336] Group coordinator localhost:32769 (id: 2147483647 rack: null) is unavailable or invalid due to cause: error response NOT_COORDINATOR. isDisconnected: false. Rediscovery will be attempted.
2025-08-13 02:13:45,522 INFO  [org.apa.kaf.cli.con.int.ConsumerCoordinator] (Thread-603) [Consumer clientId=consumer-Consumer-topic-b2d7232c_6663_4ad6_b0e2_62d247fa0336-1, groupId=Consumer-topic-b2d7232c_6663_4ad6_b0e2_62d247fa0336] Requesting disconnect from last known coordinator localhost:32769 (id: 2147483647 rack: null)
2025-08-13 02:13:45,522 INFO  [org.apa.kaf.cli.con.int.ConsumerCoordinator] (Thread-603) [Consumer clientId=consumer-Consumer-topic-b2d7232c_6663_4ad6_b0e2_62d247fa0336-1, groupId=Consumer-topic-b2d7232c_6663_4ad6_b0e2_62d247fa0336] JoinGroup failed: This is not the correct coordinator. Marking coordinator unknown. Sent generation was Generation{generationId=-1, memberId='', protocol='null'}
2025-08-13 02:13:45,522 INFO  [org.apa.kaf.cli.NetworkClient] (Thread-603) [Consumer clientId=consumer-Consumer-topic-b2d7232c_6663_4ad6_b0e2_62d247fa0336-1, groupId=Consumer-topic-b2d7232c_6663_4ad6_b0e2_62d247fa0336] Client requested disconnect from node 2147483647
2025-08-13 02:13:45,528 INFO  [org.apa.kaf.cli.con.int.ConsumerCoordinator] (Thread-603) [Consumer clientId=consumer-Consumer-topic-b2d7232c_6663_4ad6_b0e2_62d247fa0336-1, groupId=Consumer-topic-b2d7232c_6663_4ad6_b0e2_62d247fa0336] Discovered group coordinator localhost:32769 (id: 2147483647 rack: null)
2025-08-13 02:13:45,528 INFO  [org.apa.kaf.cli.con.int.ConsumerCoordinator] (Thread-603) [Consumer clientId=consumer-Consumer-topic-b2d7232c_6663_4ad6_b0e2_62d247fa0336-1, groupId=Consumer-topic-b2d7232c_6663_4ad6_b0e2_62d247fa0336] Group coordinator localhost:32769 (id: 2147483647 rack: null) is unavailable or invalid due to cause: coordinator unavailable. isDisconnected: false. Rediscovery will be attempted.
2025-08-13 02:13:45,529 INFO  [org.apa.kaf.cli.con.int.ConsumerCoordinator] (Thread-603) [Consumer clientId=consumer-Consumer-topic-b2d7232c_6663_4ad6_b0e2_62d247fa0336-1, groupId=Consumer-topic-b2d7232c_6663_4ad6_b0e2_62d247fa0336] Requesting disconnect from last known coordinator localhost:32769 (id: 2147483647 rack: null)
2025-08-13 02:13:45,627 INFO  [org.apa.kaf.cli.con.int.ConsumerCoordinator] (Thread-603) [Consumer clientId=consumer-Consumer-topic-b2d7232c_6663_4ad6_b0e2_62d247fa0336-1, groupId=Consumer-topic-b2d7232c_6663_4ad6_b0e2_62d247fa0336] Discovered group coordinator localhost:32769 (id: 2147483647 rack: null)
2025-08-13 02:13:45,630 INFO  [org.apa.kaf.cli.con.int.ConsumerCoordinator] (Thread-603) [Consumer clientId=consumer-Consumer-topic-b2d7232c_6663_4ad6_b0e2_62d247fa0336-1, groupId=Consumer-topic-b2d7232c_6663_4ad6_b0e2_62d247fa0336] Request joining group due to: rebalance failed due to 'This is not the correct coordinator.' (NotCoordinatorException)
2025-08-13 02:13:45,631 INFO  [org.apa.kaf.cli.con.int.ConsumerCoordinator] (Thread-603) [Consumer clientId=consumer-Consumer-topic-b2d7232c_6663_4ad6_b0e2_62d247fa0336-1, groupId=Consumer-topic-b2d7232c_6663_4ad6_b0e2_62d247fa0336] (Re-)joining group
2025-08-13 02:13:45,635 INFO  [org.apa.kaf.cli.con.int.ConsumerCoordinator] (Thread-603) [Consumer clientId=consumer-Consumer-topic-b2d7232c_6663_4ad6_b0e2_62d247fa0336-1, groupId=Consumer-topic-b2d7232c_6663_4ad6_b0e2_62d247fa0336] Group coordinator localhost:32769 (id: 2147483647 rack: null) is unavailable or invalid due to cause: error response NOT_COORDINATOR. isDisconnected: false. Rediscovery will be attempted.
2025-08-13 02:13:45,636 INFO  [org.apa.kaf.cli.con.int.ConsumerCoordinator] (Thread-603) [Consumer clientId=consumer-Consumer-topic-b2d7232c_6663_4ad6_b0e2_62d247fa0336-1, groupId=Consumer-topic-b2d7232c_6663_4ad6_b0e2_62d247fa0336] Requesting disconnect from last known coordinator localhost:32769 (id: 2147483647 rack: null)
2025-08-13 02:13:45,636 INFO  [org.apa.kaf.cli.con.int.ConsumerCoordinator] (Thread-603) [Consumer clientId=consumer-Consumer-topic-b2d7232c_6663_4ad6_b0e2_62d247fa0336-1, groupId=Consumer-topic-b2d7232c_6663_4ad6_b0e2_62d247fa0336] JoinGroup failed: This is not the correct coordinator. Marking coordinator unknown. Sent generation was Generation{generationId=-1, memberId='', protocol='null'}
2025-08-13 02:13:45,638 INFO  [org.apa.kaf.cli.NetworkClient] (Thread-603) [Consumer clientId=consumer-Consumer-topic-b2d7232c_6663_4ad6_b0e2_62d247fa0336-1, groupId=Consumer-topic-b2d7232c_6663_4ad6_b0e2_62d247fa0336] Client requested disconnect from node 2147483647
2025-08-13 02:13:45,647 INFO  [org.apa.kaf.cli.con.int.ConsumerCoordinator] (Thread-603) [Consumer clientId=consumer-Consumer-topic-b2d7232c_6663_4ad6_b0e2_62d247fa0336-1, groupId=Consumer-topic-b2d7232c_6663_4ad6_b0e2_62d247fa0336] Discovered group coordinator localhost:32769 (id: 2147483647 rack: null)
2025-08-13 02:13:45,647 INFO  [org.apa.kaf.cli.con.int.ConsumerCoordinator] (Thread-603) [Consumer clientId=consumer-Consumer-topic-b2d7232c_6663_4ad6_b0e2_62d247fa0336-1, groupId=Consumer-topic-b2d7232c_6663_4ad6_b0e2_62d247fa0336] Group coordinator localhost:32769 (id: 2147483647 rack: null) is unavailable or invalid due to cause: coordinator unavailable. isDisconnected: false. Rediscovery will be attempted.
2025-08-13 02:13:45,647 INFO  [org.apa.kaf.cli.con.int.ConsumerCoordinator] (Thread-603) [Consumer clientId=consumer-Consumer-topic-b2d7232c_6663_4ad6_b0e2_62d247fa0336-1, groupId=Consumer-topic-b2d7232c_6663_4ad6_b0e2_62d247fa0336] Requesting disconnect from last known coordinator localhost:32769 (id: 2147483647 rack: null)
2025-08-13 02:13:45,763 INFO  [org.apa.kaf.cli.con.int.ConsumerCoordinator] (Thread-603) [Consumer clientId=consumer-Consumer-topic-b2d7232c_6663_4ad6_b0e2_62d247fa0336-1, groupId=Consumer-topic-b2d7232c_6663_4ad6_b0e2_62d247fa0336] Discovered group coordinator localhost:32769 (id: 2147483647 rack: null)
2025-08-13 02:13:45,767 INFO  [org.apa.kaf.cli.con.int.ConsumerCoordinator] (Thread-603) [Consumer clientId=consumer-Consumer-topic-b2d7232c_6663_4ad6_b0e2_62d247fa0336-1, groupId=Consumer-topic-b2d7232c_6663_4ad6_b0e2_62d247fa0336] Request joining group due to: rebalance failed due to 'This is not the correct coordinator.' (NotCoordinatorException)
2025-08-13 02:13:45,767 INFO  [org.apa.kaf.cli.con.int.ConsumerCoordinator] (Thread-603) [Consumer clientId=consumer-Consumer-topic-b2d7232c_6663_4ad6_b0e2_62d247fa0336-1, groupId=Consumer-topic-b2d7232c_6663_4ad6_b0e2_62d247fa0336] (Re-)joining group
2025-08-13 02:13:45,810 INFO  [org.apa.kaf.cli.con.int.ConsumerCoordinator] (Thread-603) [Consumer clientId=consumer-Consumer-topic-b2d7232c_6663_4ad6_b0e2_62d247fa0336-1, groupId=Consumer-topic-b2d7232c_6663_4ad6_b0e2_62d247fa0336] Request joining group due to: need to re-join with the given member-id: consumer-Consumer-topic-b2d7232c_6663_4ad6_b0e2_62d247fa0336-1-cc8da75e-fe26-46d0-8e2a-7aab78f78113
2025-08-13 02:13:45,810 INFO  [org.apa.kaf.cli.con.int.ConsumerCoordinator] (Thread-603) [Consumer clientId=consumer-Consumer-topic-b2d7232c_6663_4ad6_b0e2_62d247fa0336-1, groupId=Consumer-topic-b2d7232c_6663_4ad6_b0e2_62d247fa0336] (Re-)joining group
2025-08-13 02:13:46,058 INFO  [io.api.tes.ser.api.KafkaSerdesTester] (Thread-603) None found
2025-08-13 02:13:47,058 INFO  [io.api.tes.ser.api.KafkaSerdesTester] (Thread-603) None found
2025-08-13 02:13:48,059 INFO  [io.api.tes.ser.api.KafkaSerdesTester] (Thread-603) None found
2025-08-13 02:13:48,859 INFO  [org.apa.kaf.cli.con.int.ConsumerCoordinator] (Thread-603) [Consumer clientId=consumer-Consumer-topic-b2d7232c_6663_4ad6_b0e2_62d247fa0336-1, groupId=Consumer-topic-b2d7232c_6663_4ad6_b0e2_62d247fa0336] Successfully joined group with generation Generation{generationId=1, memberId='consumer-Consumer-topic-b2d7232c_6663_4ad6_b0e2_62d247fa0336-1-cc8da75e-fe26-46d0-8e2a-7aab78f78113', protocol='range'}
2025-08-13 02:13:48,875 INFO  [org.apa.kaf.cli.con.int.ConsumerCoordinator] (Thread-603) [Consumer clientId=consumer-Consumer-topic-b2d7232c_6663_4ad6_b0e2_62d247fa0336-1, groupId=Consumer-topic-b2d7232c_6663_4ad6_b0e2_62d247fa0336] Finished assignment for group at generation 1: {consumer-Consumer-topic-b2d7232c_6663_4ad6_b0e2_62d247fa0336-1-cc8da75e-fe26-46d0-8e2a-7aab78f78113=Assignment(partitions=[topic-b2d7232c_6663_4ad6_b0e2_62d247fa0336-0])}
2025-08-13 02:13:48,895 INFO  [org.apa.kaf.cli.con.int.ConsumerCoordinator] (Thread-603) [Consumer clientId=consumer-Consumer-topic-b2d7232c_6663_4ad6_b0e2_62d247fa0336-1, groupId=Consumer-topic-b2d7232c_6663_4ad6_b0e2_62d247fa0336] Successfully synced group in generation Generation{generationId=1, memberId='consumer-Consumer-topic-b2d7232c_6663_4ad6_b0e2_62d247fa0336-1-cc8da75e-fe26-46d0-8e2a-7aab78f78113', protocol='range'}
2025-08-13 02:13:48,896 INFO  [org.apa.kaf.cli.con.int.ConsumerCoordinator] (Thread-603) [Consumer clientId=consumer-Consumer-topic-b2d7232c_6663_4ad6_b0e2_62d247fa0336-1, groupId=Consumer-topic-b2d7232c_6663_4ad6_b0e2_62d247fa0336] Notifying assignor about the new Assignment(partitions=[topic-b2d7232c_6663_4ad6_b0e2_62d247fa0336-0])
2025-08-13 02:13:48,901 INFO  [org.apa.kaf.cli.con.int.ConsumerRebalanceListenerInvoker] (Thread-603) [Consumer clientId=consumer-Consumer-topic-b2d7232c_6663_4ad6_b0e2_62d247fa0336-1, groupId=Consumer-topic-b2d7232c_6663_4ad6_b0e2_62d247fa0336] Adding newly assigned partitions: topic-b2d7232c_6663_4ad6_b0e2_62d247fa0336-0
2025-08-13 02:13:48,916 INFO  [org.apa.kaf.cli.con.int.ConsumerCoordinator] (Thread-603) [Consumer clientId=consumer-Consumer-topic-b2d7232c_6663_4ad6_b0e2_62d247fa0336-1, groupId=Consumer-topic-b2d7232c_6663_4ad6_b0e2_62d247fa0336] Found no committed offset for partition topic-b2d7232c_6663_4ad6_b0e2_62d247fa0336-0
2025-08-13 02:13:48,948 INFO  [org.apa.kaf.cli.con.int.SubscriptionState] (Thread-603) [Consumer clientId=consumer-Consumer-topic-b2d7232c_6663_4ad6_b0e2_62d247fa0336-1, groupId=Consumer-topic-b2d7232c_6663_4ad6_b0e2_62d247fa0336] Resetting offset for partition topic-b2d7232c_6663_4ad6_b0e2_62d247fa0336-0 to position FetchPosition{offset=0, offsetEpoch=Optional.empty, currentLeader=LeaderAndEpoch{leader=Optional[localhost:32769 (id: 0 rack: null)], epoch=0}}.
2025-08-13 02:13:49,113 INFO  [io.api.tes.ser.api.KafkaSerdesTester] (Thread-603) topic-b2d7232c_6663_4ad6_b0e2_62d247fa0336 0 0 {"key11755051223817": "value-0"}
2025-08-13 02:13:49,115 INFO  [io.api.tes.ser.api.KafkaSerdesTester] (Thread-603) topic-b2d7232c_6663_4ad6_b0e2_62d247fa0336 0 1 {"key11755051223817": "value-1"}
2025-08-13 02:13:49,115 INFO  [io.api.tes.ser.api.KafkaSerdesTester] (Thread-603) topic-b2d7232c_6663_4ad6_b0e2_62d247fa0336 0 2 {"key11755051223817": "value-2"}
2025-08-13 02:13:49,115 INFO  [io.api.tes.ser.api.KafkaSerdesTester] (Thread-603) topic-b2d7232c_6663_4ad6_b0e2_62d247fa0336 0 3 {"key11755051223817": "value-3"}
2025-08-13 02:13:49,116 INFO  [io.api.tes.ser.api.KafkaSerdesTester] (Thread-603) topic-b2d7232c_6663_4ad6_b0e2_62d247fa0336 0 4 {"key11755051223817": "value-4"}
2025-08-13 02:13:49,116 INFO  [io.api.tes.ser.api.KafkaSerdesTester] (Thread-603) topic-b2d7232c_6663_4ad6_b0e2_62d247fa0336 0 5 {"key11755051223817": "value-5"}
2025-08-13 02:13:49,116 INFO  [io.api.tes.ser.api.KafkaSerdesTester] (Thread-603) topic-b2d7232c_6663_4ad6_b0e2_62d247fa0336 0 6 {"key11755051223817": "value-6"}
2025-08-13 02:13:49,116 INFO  [io.api.tes.ser.api.KafkaSerdesTester] (Thread-603) topic-b2d7232c_6663_4ad6_b0e2_62d247fa0336 0 7 {"key11755051223817": "value-7"}
2025-08-13 02:13:49,119 INFO  [io.api.tes.ser.api.KafkaSerdesTester] (Thread-603) topic-b2d7232c_6663_4ad6_b0e2_62d247fa0336 0 8 {"key11755051223817": "value-8"}
2025-08-13 02:13:49,119 INFO  [io.api.tes.ser.api.KafkaSerdesTester] (Thread-603) topic-b2d7232c_6663_4ad6_b0e2_62d247fa0336 0 9 {"key11755051223817": "value-9"}
2025-08-13 02:13:49,121 INFO  [io.api.tes.ser.api.KafkaSerdesTester] (Thread-603) Consumed 10 messages
2025-08-13 02:13:49,164 INFO  [org.apa.kaf.cli.con.int.ConsumerRebalanceListenerInvoker] (Thread-603) [Consumer clientId=consumer-Consumer-topic-b2d7232c_6663_4ad6_b0e2_62d247fa0336-1, groupId=Consumer-topic-b2d7232c_6663_4ad6_b0e2_62d247fa0336] Revoke previously assigned partitions topic-b2d7232c_6663_4ad6_b0e2_62d247fa0336-0
2025-08-13 02:13:49,165 INFO  [org.apa.kaf.cli.con.int.ConsumerCoordinator] (Thread-603) [Consumer clientId=consumer-Consumer-topic-b2d7232c_6663_4ad6_b0e2_62d247fa0336-1, groupId=Consumer-topic-b2d7232c_6663_4ad6_b0e2_62d247fa0336] Member consumer-Consumer-topic-b2d7232c_6663_4ad6_b0e2_62d247fa0336-1-cc8da75e-fe26-46d0-8e2a-7aab78f78113 sending LeaveGroup request to coordinator localhost:32769 (id: 2147483647 rack: null) due to the consumer is being closed
2025-08-13 02:13:49,167 INFO  [org.apa.kaf.cli.con.int.ConsumerCoordinator] (Thread-603) [Consumer clientId=consumer-Consumer-topic-b2d7232c_6663_4ad6_b0e2_62d247fa0336-1, groupId=Consumer-topic-b2d7232c_6663_4ad6_b0e2_62d247fa0336] Resetting generation and member id due to: consumer pro-actively leaving the group
2025-08-13 02:13:49,167 INFO  [org.apa.kaf.cli.con.int.ConsumerCoordinator] (Thread-603) [Consumer clientId=consumer-Consumer-topic-b2d7232c_6663_4ad6_b0e2_62d247fa0336-1, groupId=Consumer-topic-b2d7232c_6663_4ad6_b0e2_62d247fa0336] Request joining group due to: consumer pro-actively leaving the group
2025-08-13 02:13:49,641 INFO  [org.apa.kaf.com.met.Metrics] (Thread-603) Metrics scheduler closed
2025-08-13 02:13:49,641 INFO  [org.apa.kaf.com.met.Metrics] (Thread-603) Closing reporter org.apache.kafka.common.metrics.JmxReporter
2025-08-13 02:13:49,641 INFO  [org.apa.kaf.com.met.Metrics] (Thread-603) Closing reporter org.apache.kafka.common.telemetry.internals.ClientTelemetryReporter
2025-08-13 02:13:49,641 INFO  [org.apa.kaf.com.met.Metrics] (Thread-603) Metrics reporters closed
2025-08-13 02:13:49,652 INFO  [org.apa.kaf.com.uti.AppInfoParser] (Thread-603) App info kafka.consumer for consumer-Consumer-topic-b2d7232c_6663_4ad6_b0e2_62d247fa0336-1 unregistered
2025-08-13 02:13:49,652 INFO  [io.api.tes.uti.TestSeparator] (main) io.apicurio.tests.serdes.apicurio.AvroSerdeIT.testGlobalIdInHeaders-FINISHED
2025-08-13 02:13:49,652 INFO  [io.api.tes.uti.TestSeparator] (main) ############################################################################
Test passed: testGlobalIdInHeaders
]]></system-out>
  </testcase>
  <testcase name="testSimpleTopicIdStrategyFindLatest" classname="io.apicurio.tests.serdes.apicurio.AvroSerdeIT" time="4.949">
    <system-out><![CDATA[2025-08-13 02:13:49,656 INFO  [io.api.tes.uti.TestSeparator] (main) ############################################################################
2025-08-13 02:13:49,657 INFO  [io.api.tes.uti.TestSeparator] (main) io.apicurio.tests.serdes.apicurio.AvroSerdeIT.testSimpleTopicIdStrategyFindLatest-STARTED
2025-08-13 02:13:49,657 INFO  [io.api.tes.ser.api.AvroSerdeIT] (main) Registering Avro Schema: {"type":"record","name":"myrecordapicurio1","fields":[{"name":"key11755051229657","type":"string"}]}
**** Registry Base URL: http://registry-app-inmemory.apps.ci419.apicurio-testing.org:80
2025-08-13 02:13:50,733 INFO  [org.apa.kaf.cli.pro.ProducerConfig] (main) ProducerConfig values: 
	acks = -1
	auto.include.jmx.reporter = true
	batch.size = 16384
	bootstrap.servers = [PLAINTEXT://localhost:32769]
	buffer.memory = 33554432
	client.dns.lookup = use_all_dns_ips
	client.id = Producer-topic-949266d0_a817_49a8_9c28_e5dca9aee6b0
	compression.gzip.level = -1
	compression.lz4.level = 9
	compression.type = none
	compression.zstd.level = 3
	connections.max.idle.ms = 10000
	delivery.timeout.ms = 120000
	enable.idempotence = true
	enable.metrics.push = true
	interceptor.classes = []
	key.serializer = class org.apache.kafka.common.serialization.StringSerializer
	linger.ms = 0
	max.block.ms = 60000
	max.in.flight.requests.per.connection = 5
	max.request.size = 1048576
	metadata.max.age.ms = 300000
	metadata.max.idle.ms = 300000
	metadata.recovery.strategy = none
	metric.reporters = []
	metrics.num.samples = 2
	metrics.recording.level = INFO
	metrics.sample.window.ms = 30000
	partitioner.adaptive.partitioning.enable = true
	partitioner.availability.timeout.ms = 0
	partitioner.class = null
	partitioner.ignore.keys = false
	receive.buffer.bytes = 32768
	reconnect.backoff.max.ms = 1000
	reconnect.backoff.ms = 50
	request.timeout.ms = 5000
	retries = 2147483647
	retry.backoff.max.ms = 1000
	retry.backoff.ms = 100
	sasl.client.callback.handler.class = null
	sasl.jaas.config = null
	sasl.kerberos.kinit.cmd = /usr/bin/kinit
	sasl.kerberos.min.time.before.relogin = 60000
	sasl.kerberos.service.name = null
	sasl.kerberos.ticket.renew.jitter = 0.05
	sasl.kerberos.ticket.renew.window.factor = 0.8
	sasl.login.callback.handler.class = null
	sasl.login.class = null
	sasl.login.connect.timeout.ms = null
	sasl.login.read.timeout.ms = null
	sasl.login.refresh.buffer.seconds = 300
	sasl.login.refresh.min.period.seconds = 60
	sasl.login.refresh.window.factor = 0.8
	sasl.login.refresh.window.jitter = 0.05
	sasl.login.retry.backoff.max.ms = 10000
	sasl.login.retry.backoff.ms = 100
	sasl.mechanism = GSSAPI
	sasl.oauthbearer.clock.skew.seconds = 30
	sasl.oauthbearer.expected.audience = null
	sasl.oauthbearer.expected.issuer = null
	sasl.oauthbearer.header.urlencode = false
	sasl.oauthbearer.jwks.endpoint.refresh.ms = 3600000
	sasl.oauthbearer.jwks.endpoint.retry.backoff.max.ms = 10000
	sasl.oauthbearer.jwks.endpoint.retry.backoff.ms = 100
	sasl.oauthbearer.jwks.endpoint.url = null
	sasl.oauthbearer.scope.claim.name = scope
	sasl.oauthbearer.sub.claim.name = sub
	sasl.oauthbearer.token.endpoint.url = null
	security.protocol = PLAINTEXT
	security.providers = null
	send.buffer.bytes = 131072
	socket.connection.setup.timeout.max.ms = 30000
	socket.connection.setup.timeout.ms = 10000
	ssl.cipher.suites = null
	ssl.enabled.protocols = [TLSv1.2, TLSv1.3]
	ssl.endpoint.identification.algorithm = https
	ssl.engine.factory.class = null
	ssl.key.password = null
	ssl.keymanager.algorithm = SunX509
	ssl.keystore.certificate.chain = null
	ssl.keystore.key = null
	ssl.keystore.location = null
	ssl.keystore.password = null
	ssl.keystore.type = JKS
	ssl.protocol = TLSv1.3
	ssl.provider = null
	ssl.secure.random.implementation = null
	ssl.trustmanager.algorithm = PKIX
	ssl.truststore.certificates = null
	ssl.truststore.location = null
	ssl.truststore.password = null
	ssl.truststore.type = JKS
	transaction.timeout.ms = 60000
	transactional.id = null
	value.serializer = class io.apicurio.registry.serde.avro.AvroKafkaSerializer

2025-08-13 02:13:50,733 INFO  [org.apa.kaf.com.tel.int.KafkaMetricsCollector] (main) initializing Kafka metrics collector
2025-08-13 02:13:50,738 INFO  [org.apa.kaf.cli.pro.KafkaProducer] (main) [Producer clientId=Producer-topic-949266d0_a817_49a8_9c28_e5dca9aee6b0] Instantiated an idempotent producer.
2025-08-13 02:13:50,745 INFO  [org.apa.kaf.cli.pro.ProducerConfig] (main) These configurations '[apicurio.registry.find-latest, apicurio.registry.artifact.group-id, apicurio.registry.url, apicurio.registry.artifact-resolver-strategy]' were supplied but are not used yet.
2025-08-13 02:13:50,746 INFO  [org.apa.kaf.com.uti.AppInfoParser] (main) Kafka version: 3.9.1
2025-08-13 02:13:50,746 INFO  [org.apa.kaf.com.uti.AppInfoParser] (main) Kafka commitId: f745dfdcee2b9851
2025-08-13 02:13:50,746 INFO  [org.apa.kaf.com.uti.AppInfoParser] (main) Kafka startTimeMs: 1755051230745
2025-08-13 02:13:50,746 INFO  [io.api.tes.ser.api.SimpleSerdesTesterBuilder$SimpleSerdesTester] (main) Using producer configuration: {apicurio.registry.find-latest=true, apicurio.registry.artifact.group-id=topic-949266d0_a817_49a8_9c28_e5dca9aee6b0, apicurio.registry.url=http://registry-app-inmemory.apps.ci419.apicurio-testing.org:80/apis/registry/v3, apicurio.registry.artifact-resolver-strategy=io.apicurio.registry.serde.strategy.SimpleTopicIdStrategy, value.serializer=io.apicurio.registry.serde.avro.AvroKafkaSerializer, request.timeout.ms=5000, acks=all, bootstrap.servers=PLAINTEXT://localhost:32769, connections.max.idle.ms=10000, key.serializer=org.apache.kafka.common.serialization.StringSerializer, client.id=Producer-topic-949266d0_a817_49a8_9c28_e5dca9aee6b0}
2025-08-13 02:13:50,746 INFO  [io.api.tes.ser.api.SimpleSerdesTesterBuilder$SimpleSerdesTester] (main) Using consumer configuration: {}
2025-08-13 02:13:50,749 INFO  [io.api.tes.ser.api.KafkaSerdesTester] (Thread-606) Sending message {"key11755051229657": "value-0"} to topic topic-949266d0_a817_49a8_9c28_e5dca9aee6b0
2025-08-13 02:13:50,754 INFO  [org.apa.kaf.cli.Metadata] (kafka-producer-network-thread | Producer-topic-949266d0_a817_49a8_9c28_e5dca9aee6b0) [Producer clientId=Producer-topic-949266d0_a817_49a8_9c28_e5dca9aee6b0] Cluster ID: KRqqH0pCSh6FBkmoZ2CGGg
2025-08-13 02:13:50,761 INFO  [org.apa.kaf.cli.pro.int.TransactionManager] (kafka-producer-network-thread | Producer-topic-949266d0_a817_49a8_9c28_e5dca9aee6b0) [Producer clientId=Producer-topic-949266d0_a817_49a8_9c28_e5dca9aee6b0] ProducerId set to 1 with epoch 0
2025-08-13 02:13:50,892 INFO  [io.api.tes.ser.api.KafkaSerdesTester] (Thread-606) Sending message {"key11755051229657": "value-1"} to topic topic-949266d0_a817_49a8_9c28_e5dca9aee6b0
2025-08-13 02:13:50,899 INFO  [io.api.tes.ser.api.KafkaSerdesTester] (Thread-606) Sending message {"key11755051229657": "value-2"} to topic topic-949266d0_a817_49a8_9c28_e5dca9aee6b0
2025-08-13 02:13:50,902 INFO  [io.api.tes.ser.api.KafkaSerdesTester] (Thread-606) Sending message {"key11755051229657": "value-3"} to topic topic-949266d0_a817_49a8_9c28_e5dca9aee6b0
2025-08-13 02:13:50,905 INFO  [io.api.tes.ser.api.KafkaSerdesTester] (Thread-606) Sending message {"key11755051229657": "value-4"} to topic topic-949266d0_a817_49a8_9c28_e5dca9aee6b0
2025-08-13 02:13:50,910 INFO  [io.api.tes.ser.api.KafkaSerdesTester] (Thread-606) Sending message {"key11755051229657": "value-5"} to topic topic-949266d0_a817_49a8_9c28_e5dca9aee6b0
2025-08-13 02:13:50,913 INFO  [io.api.tes.ser.api.KafkaSerdesTester] (Thread-606) Sending message {"key11755051229657": "value-6"} to topic topic-949266d0_a817_49a8_9c28_e5dca9aee6b0
2025-08-13 02:13:50,916 INFO  [io.api.tes.ser.api.KafkaSerdesTester] (Thread-606) Sending message {"key11755051229657": "value-7"} to topic topic-949266d0_a817_49a8_9c28_e5dca9aee6b0
2025-08-13 02:13:50,920 INFO  [io.api.tes.ser.api.KafkaSerdesTester] (Thread-606) Sending message {"key11755051229657": "value-8"} to topic topic-949266d0_a817_49a8_9c28_e5dca9aee6b0
2025-08-13 02:13:50,924 INFO  [io.api.tes.ser.api.KafkaSerdesTester] (Thread-606) Sending message {"key11755051229657": "value-9"} to topic topic-949266d0_a817_49a8_9c28_e5dca9aee6b0
2025-08-13 02:13:50,927 INFO  [io.api.tes.ser.api.KafkaSerdesTester] (Thread-606) Produced 10 messages
2025-08-13 02:13:50,927 INFO  [org.apa.kaf.cli.pro.KafkaProducer] (Thread-606) [Producer clientId=Producer-topic-949266d0_a817_49a8_9c28_e5dca9aee6b0] Closing the Kafka producer with timeoutMillis = 9223372036854775807 ms.
2025-08-13 02:13:50,932 INFO  [org.apa.kaf.com.met.Metrics] (Thread-606) Metrics scheduler closed
2025-08-13 02:13:50,932 INFO  [org.apa.kaf.com.met.Metrics] (Thread-606) Closing reporter org.apache.kafka.common.metrics.JmxReporter
2025-08-13 02:13:50,933 INFO  [org.apa.kaf.com.met.Metrics] (Thread-606) Closing reporter org.apache.kafka.common.telemetry.internals.ClientTelemetryReporter
2025-08-13 02:13:50,933 INFO  [org.apa.kaf.com.met.Metrics] (Thread-606) Metrics reporters closed
2025-08-13 02:13:50,934 INFO  [org.apa.kaf.com.uti.AppInfoParser] (Thread-606) App info kafka.producer for Producer-topic-949266d0_a817_49a8_9c28_e5dca9aee6b0 unregistered
**** Registry Base URL: http://registry-app-inmemory.apps.ci419.apicurio-testing.org:80
2025-08-13 02:13:50,936 INFO  [org.apa.kaf.cli.con.ConsumerConfig] (main) ConsumerConfig values: 
	allow.auto.create.topics = true
	auto.commit.interval.ms = 500
	auto.include.jmx.reporter = true
	auto.offset.reset = earliest
	bootstrap.servers = [PLAINTEXT://localhost:32769]
	check.crcs = true
	client.dns.lookup = use_all_dns_ips
	client.id = consumer-Consumer-topic-949266d0_a817_49a8_9c28_e5dca9aee6b0-2
	client.rack = 
	connections.max.idle.ms = 10000
	default.api.timeout.ms = 60000
	enable.auto.commit = true
	enable.metrics.push = true
	exclude.internal.topics = true
	fetch.max.bytes = 52428800
	fetch.max.wait.ms = 500
	fetch.min.bytes = 1
	group.id = Consumer-topic-949266d0_a817_49a8_9c28_e5dca9aee6b0
	group.instance.id = null
	group.protocol = classic
	group.remote.assignor = null
	heartbeat.interval.ms = 3000
	interceptor.classes = []
	internal.leave.group.on.close = true
	internal.throw.on.fetch.stable.offset.unsupported = false
	isolation.level = read_uncommitted
	key.deserializer = class org.apache.kafka.common.serialization.StringDeserializer
	max.partition.fetch.bytes = 1048576
	max.poll.interval.ms = 300000
	max.poll.records = 500
	metadata.max.age.ms = 300000
	metadata.recovery.strategy = none
	metric.reporters = []
	metrics.num.samples = 2
	metrics.recording.level = INFO
	metrics.sample.window.ms = 30000
	partition.assignment.strategy = [class org.apache.kafka.clients.consumer.RangeAssignor, class org.apache.kafka.clients.consumer.CooperativeStickyAssignor]
	receive.buffer.bytes = 65536
	reconnect.backoff.max.ms = 1000
	reconnect.backoff.ms = 50
	request.timeout.ms = 5000
	retry.backoff.max.ms = 1000
	retry.backoff.ms = 100
	sasl.client.callback.handler.class = null
	sasl.jaas.config = null
	sasl.kerberos.kinit.cmd = /usr/bin/kinit
	sasl.kerberos.min.time.before.relogin = 60000
	sasl.kerberos.service.name = null
	sasl.kerberos.ticket.renew.jitter = 0.05
	sasl.kerberos.ticket.renew.window.factor = 0.8
	sasl.login.callback.handler.class = null
	sasl.login.class = null
	sasl.login.connect.timeout.ms = null
	sasl.login.read.timeout.ms = null
	sasl.login.refresh.buffer.seconds = 300
	sasl.login.refresh.min.period.seconds = 60
	sasl.login.refresh.window.factor = 0.8
	sasl.login.refresh.window.jitter = 0.05
	sasl.login.retry.backoff.max.ms = 10000
	sasl.login.retry.backoff.ms = 100
	sasl.mechanism = GSSAPI
	sasl.oauthbearer.clock.skew.seconds = 30
	sasl.oauthbearer.expected.audience = null
	sasl.oauthbearer.expected.issuer = null
	sasl.oauthbearer.header.urlencode = false
	sasl.oauthbearer.jwks.endpoint.refresh.ms = 3600000
	sasl.oauthbearer.jwks.endpoint.retry.backoff.max.ms = 10000
	sasl.oauthbearer.jwks.endpoint.retry.backoff.ms = 100
	sasl.oauthbearer.jwks.endpoint.url = null
	sasl.oauthbearer.scope.claim.name = scope
	sasl.oauthbearer.sub.claim.name = sub
	sasl.oauthbearer.token.endpoint.url = null
	security.protocol = PLAINTEXT
	security.providers = null
	send.buffer.bytes = 131072
	session.timeout.ms = 45000
	socket.connection.setup.timeout.max.ms = 30000
	socket.connection.setup.timeout.ms = 10000
	ssl.cipher.suites = null
	ssl.enabled.protocols = [TLSv1.2, TLSv1.3]
	ssl.endpoint.identification.algorithm = https
	ssl.engine.factory.class = null
	ssl.key.password = null
	ssl.keymanager.algorithm = SunX509
	ssl.keystore.certificate.chain = null
	ssl.keystore.key = null
	ssl.keystore.location = null
	ssl.keystore.password = null
	ssl.keystore.type = JKS
	ssl.protocol = TLSv1.3
	ssl.provider = null
	ssl.secure.random.implementation = null
	ssl.trustmanager.algorithm = PKIX
	ssl.truststore.certificates = null
	ssl.truststore.location = null
	ssl.truststore.password = null
	ssl.truststore.type = JKS
	value.deserializer = class io.apicurio.registry.serde.avro.AvroKafkaDeserializer

2025-08-13 02:13:50,938 INFO  [org.apa.kaf.com.tel.int.KafkaMetricsCollector] (main) initializing Kafka metrics collector
2025-08-13 02:13:50,948 INFO  [org.apa.kaf.cli.con.ConsumerConfig] (main) These configurations '[apicurio.registry.url]' were supplied but are not used yet.
2025-08-13 02:13:50,948 INFO  [org.apa.kaf.com.uti.AppInfoParser] (main) Kafka version: 3.9.1
2025-08-13 02:13:50,948 INFO  [org.apa.kaf.com.uti.AppInfoParser] (main) Kafka commitId: f745dfdcee2b9851
2025-08-13 02:13:50,948 INFO  [org.apa.kaf.com.uti.AppInfoParser] (main) Kafka startTimeMs: 1755051230948
2025-08-13 02:13:50,949 INFO  [org.apa.kaf.cli.con.int.ClassicKafkaConsumer] (Thread-609) [Consumer clientId=consumer-Consumer-topic-949266d0_a817_49a8_9c28_e5dca9aee6b0-2, groupId=Consumer-topic-949266d0_a817_49a8_9c28_e5dca9aee6b0] Subscribed to topic(s): topic-949266d0_a817_49a8_9c28_e5dca9aee6b0
2025-08-13 02:13:50,960 INFO  [org.apa.kaf.cli.Metadata] (Thread-609) [Consumer clientId=consumer-Consumer-topic-949266d0_a817_49a8_9c28_e5dca9aee6b0-2, groupId=Consumer-topic-949266d0_a817_49a8_9c28_e5dca9aee6b0] Cluster ID: KRqqH0pCSh6FBkmoZ2CGGg
2025-08-13 02:13:50,962 INFO  [org.apa.kaf.cli.con.int.ConsumerCoordinator] (Thread-609) [Consumer clientId=consumer-Consumer-topic-949266d0_a817_49a8_9c28_e5dca9aee6b0-2, groupId=Consumer-topic-949266d0_a817_49a8_9c28_e5dca9aee6b0] Discovered group coordinator localhost:32769 (id: 2147483647 rack: null)
2025-08-13 02:13:50,970 INFO  [org.apa.kaf.cli.con.int.ConsumerCoordinator] (Thread-609) [Consumer clientId=consumer-Consumer-topic-949266d0_a817_49a8_9c28_e5dca9aee6b0-2, groupId=Consumer-topic-949266d0_a817_49a8_9c28_e5dca9aee6b0] (Re-)joining group
2025-08-13 02:13:50,976 INFO  [org.apa.kaf.cli.con.int.ConsumerCoordinator] (Thread-609) [Consumer clientId=consumer-Consumer-topic-949266d0_a817_49a8_9c28_e5dca9aee6b0-2, groupId=Consumer-topic-949266d0_a817_49a8_9c28_e5dca9aee6b0] Request joining group due to: need to re-join with the given member-id: consumer-Consumer-topic-949266d0_a817_49a8_9c28_e5dca9aee6b0-2-04a31d0e-4e4d-4a54-814d-711870a40e9c
2025-08-13 02:13:50,977 INFO  [org.apa.kaf.cli.con.int.ConsumerCoordinator] (Thread-609) [Consumer clientId=consumer-Consumer-topic-949266d0_a817_49a8_9c28_e5dca9aee6b0-2, groupId=Consumer-topic-949266d0_a817_49a8_9c28_e5dca9aee6b0] (Re-)joining group
2025-08-13 02:13:51,949 INFO  [io.api.tes.ser.api.KafkaSerdesTester] (Thread-609) None found
2025-08-13 02:13:52,950 INFO  [io.api.tes.ser.api.KafkaSerdesTester] (Thread-609) None found
2025-08-13 02:13:53,951 INFO  [io.api.tes.ser.api.KafkaSerdesTester] (Thread-609) None found
2025-08-13 02:13:53,981 INFO  [org.apa.kaf.cli.con.int.ConsumerCoordinator] (Thread-609) [Consumer clientId=consumer-Consumer-topic-949266d0_a817_49a8_9c28_e5dca9aee6b0-2, groupId=Consumer-topic-949266d0_a817_49a8_9c28_e5dca9aee6b0] Successfully joined group with generation Generation{generationId=1, memberId='consumer-Consumer-topic-949266d0_a817_49a8_9c28_e5dca9aee6b0-2-04a31d0e-4e4d-4a54-814d-711870a40e9c', protocol='range'}
2025-08-13 02:13:53,981 INFO  [org.apa.kaf.cli.con.int.ConsumerCoordinator] (Thread-609) [Consumer clientId=consumer-Consumer-topic-949266d0_a817_49a8_9c28_e5dca9aee6b0-2, groupId=Consumer-topic-949266d0_a817_49a8_9c28_e5dca9aee6b0] Finished assignment for group at generation 1: {consumer-Consumer-topic-949266d0_a817_49a8_9c28_e5dca9aee6b0-2-04a31d0e-4e4d-4a54-814d-711870a40e9c=Assignment(partitions=[topic-949266d0_a817_49a8_9c28_e5dca9aee6b0-0])}
2025-08-13 02:13:53,989 INFO  [org.apa.kaf.cli.con.int.ConsumerCoordinator] (Thread-609) [Consumer clientId=consumer-Consumer-topic-949266d0_a817_49a8_9c28_e5dca9aee6b0-2, groupId=Consumer-topic-949266d0_a817_49a8_9c28_e5dca9aee6b0] Successfully synced group in generation Generation{generationId=1, memberId='consumer-Consumer-topic-949266d0_a817_49a8_9c28_e5dca9aee6b0-2-04a31d0e-4e4d-4a54-814d-711870a40e9c', protocol='range'}
2025-08-13 02:13:53,989 INFO  [org.apa.kaf.cli.con.int.ConsumerCoordinator] (Thread-609) [Consumer clientId=consumer-Consumer-topic-949266d0_a817_49a8_9c28_e5dca9aee6b0-2, groupId=Consumer-topic-949266d0_a817_49a8_9c28_e5dca9aee6b0] Notifying assignor about the new Assignment(partitions=[topic-949266d0_a817_49a8_9c28_e5dca9aee6b0-0])
2025-08-13 02:13:53,990 INFO  [org.apa.kaf.cli.con.int.ConsumerRebalanceListenerInvoker] (Thread-609) [Consumer clientId=consumer-Consumer-topic-949266d0_a817_49a8_9c28_e5dca9aee6b0-2, groupId=Consumer-topic-949266d0_a817_49a8_9c28_e5dca9aee6b0] Adding newly assigned partitions: topic-949266d0_a817_49a8_9c28_e5dca9aee6b0-0
2025-08-13 02:13:53,991 INFO  [org.apa.kaf.cli.con.int.ConsumerCoordinator] (Thread-609) [Consumer clientId=consumer-Consumer-topic-949266d0_a817_49a8_9c28_e5dca9aee6b0-2, groupId=Consumer-topic-949266d0_a817_49a8_9c28_e5dca9aee6b0] Found no committed offset for partition topic-949266d0_a817_49a8_9c28_e5dca9aee6b0-0
2025-08-13 02:13:54,001 INFO  [org.apa.kaf.cli.con.int.SubscriptionState] (Thread-609) [Consumer clientId=consumer-Consumer-topic-949266d0_a817_49a8_9c28_e5dca9aee6b0-2, groupId=Consumer-topic-949266d0_a817_49a8_9c28_e5dca9aee6b0] Resetting offset for partition topic-949266d0_a817_49a8_9c28_e5dca9aee6b0-0 to position FetchPosition{offset=0, offsetEpoch=Optional.empty, currentLeader=LeaderAndEpoch{leader=Optional[localhost:32769 (id: 0 rack: null)], epoch=0}}.
2025-08-13 02:13:54,087 INFO  [io.api.tes.ser.api.KafkaSerdesTester] (Thread-609) topic-949266d0_a817_49a8_9c28_e5dca9aee6b0 0 0 {"key11755051229657": "value-0"}
2025-08-13 02:13:54,087 INFO  [io.api.tes.ser.api.KafkaSerdesTester] (Thread-609) topic-949266d0_a817_49a8_9c28_e5dca9aee6b0 0 1 {"key11755051229657": "value-1"}
2025-08-13 02:13:54,087 INFO  [io.api.tes.ser.api.KafkaSerdesTester] (Thread-609) topic-949266d0_a817_49a8_9c28_e5dca9aee6b0 0 2 {"key11755051229657": "value-2"}
2025-08-13 02:13:54,087 INFO  [io.api.tes.ser.api.KafkaSerdesTester] (Thread-609) topic-949266d0_a817_49a8_9c28_e5dca9aee6b0 0 3 {"key11755051229657": "value-3"}
2025-08-13 02:13:54,087 INFO  [io.api.tes.ser.api.KafkaSerdesTester] (Thread-609) topic-949266d0_a817_49a8_9c28_e5dca9aee6b0 0 4 {"key11755051229657": "value-4"}
2025-08-13 02:13:54,087 INFO  [io.api.tes.ser.api.KafkaSerdesTester] (Thread-609) topic-949266d0_a817_49a8_9c28_e5dca9aee6b0 0 5 {"key11755051229657": "value-5"}
2025-08-13 02:13:54,087 INFO  [io.api.tes.ser.api.KafkaSerdesTester] (Thread-609) topic-949266d0_a817_49a8_9c28_e5dca9aee6b0 0 6 {"key11755051229657": "value-6"}
2025-08-13 02:13:54,088 INFO  [io.api.tes.ser.api.KafkaSerdesTester] (Thread-609) topic-949266d0_a817_49a8_9c28_e5dca9aee6b0 0 7 {"key11755051229657": "value-7"}
2025-08-13 02:13:54,088 INFO  [io.api.tes.ser.api.KafkaSerdesTester] (Thread-609) topic-949266d0_a817_49a8_9c28_e5dca9aee6b0 0 8 {"key11755051229657": "value-8"}
2025-08-13 02:13:54,088 INFO  [io.api.tes.ser.api.KafkaSerdesTester] (Thread-609) topic-949266d0_a817_49a8_9c28_e5dca9aee6b0 0 9 {"key11755051229657": "value-9"}
2025-08-13 02:13:54,088 INFO  [io.api.tes.ser.api.KafkaSerdesTester] (Thread-609) Consumed 10 messages
2025-08-13 02:13:54,102 INFO  [org.apa.kaf.cli.con.int.ConsumerRebalanceListenerInvoker] (Thread-609) [Consumer clientId=consumer-Consumer-topic-949266d0_a817_49a8_9c28_e5dca9aee6b0-2, groupId=Consumer-topic-949266d0_a817_49a8_9c28_e5dca9aee6b0] Revoke previously assigned partitions topic-949266d0_a817_49a8_9c28_e5dca9aee6b0-0
2025-08-13 02:13:54,102 INFO  [org.apa.kaf.cli.con.int.ConsumerCoordinator] (Thread-609) [Consumer clientId=consumer-Consumer-topic-949266d0_a817_49a8_9c28_e5dca9aee6b0-2, groupId=Consumer-topic-949266d0_a817_49a8_9c28_e5dca9aee6b0] Member consumer-Consumer-topic-949266d0_a817_49a8_9c28_e5dca9aee6b0-2-04a31d0e-4e4d-4a54-814d-711870a40e9c sending LeaveGroup request to coordinator localhost:32769 (id: 2147483647 rack: null) due to the consumer is being closed
2025-08-13 02:13:54,103 INFO  [org.apa.kaf.cli.con.int.ConsumerCoordinator] (Thread-609) [Consumer clientId=consumer-Consumer-topic-949266d0_a817_49a8_9c28_e5dca9aee6b0-2, groupId=Consumer-topic-949266d0_a817_49a8_9c28_e5dca9aee6b0] Resetting generation and member id due to: consumer pro-actively leaving the group
2025-08-13 02:13:54,103 INFO  [org.apa.kaf.cli.con.int.ConsumerCoordinator] (Thread-609) [Consumer clientId=consumer-Consumer-topic-949266d0_a817_49a8_9c28_e5dca9aee6b0-2, groupId=Consumer-topic-949266d0_a817_49a8_9c28_e5dca9aee6b0] Request joining group due to: consumer pro-actively leaving the group
2025-08-13 02:13:54,597 INFO  [org.apa.kaf.com.met.Metrics] (Thread-609) Metrics scheduler closed
2025-08-13 02:13:54,597 INFO  [org.apa.kaf.com.met.Metrics] (Thread-609) Closing reporter org.apache.kafka.common.metrics.JmxReporter
2025-08-13 02:13:54,597 INFO  [org.apa.kaf.com.met.Metrics] (Thread-609) Closing reporter org.apache.kafka.common.telemetry.internals.ClientTelemetryReporter
2025-08-13 02:13:54,597 INFO  [org.apa.kaf.com.met.Metrics] (Thread-609) Metrics reporters closed
2025-08-13 02:13:54,604 INFO  [org.apa.kaf.com.uti.AppInfoParser] (Thread-609) App info kafka.consumer for consumer-Consumer-topic-949266d0_a817_49a8_9c28_e5dca9aee6b0-2 unregistered
2025-08-13 02:13:54,605 INFO  [io.api.tes.uti.TestSeparator] (main) io.apicurio.tests.serdes.apicurio.AvroSerdeIT.testSimpleTopicIdStrategyFindLatest-FINISHED
2025-08-13 02:13:54,605 INFO  [io.api.tes.uti.TestSeparator] (main) ############################################################################
Test passed: testSimpleTopicIdStrategyFindLatest
]]></system-out>
  </testcase>
  <testcase name="testWrongSchema" classname="io.apicurio.tests.serdes.apicurio.AvroSerdeIT" time="1.212">
    <system-out><![CDATA[2025-08-13 02:13:54,609 INFO  [io.api.tes.uti.TestSeparator] (main) ############################################################################
2025-08-13 02:13:54,609 INFO  [io.api.tes.uti.TestSeparator] (main) io.apicurio.tests.serdes.apicurio.AvroSerdeIT.testWrongSchema-STARTED
**** Registry Base URL: http://registry-app-inmemory.apps.ci419.apicurio-testing.org:80
2025-08-13 02:13:55,711 INFO  [org.apa.kaf.cli.pro.ProducerConfig] (main) ProducerConfig values: 
	acks = -1
	auto.include.jmx.reporter = true
	batch.size = 16384
	bootstrap.servers = [PLAINTEXT://localhost:32769]
	buffer.memory = 33554432
	client.dns.lookup = use_all_dns_ips
	client.id = Producer-seb0569fbxbb36x4da4x955bx2ebd86ebabdb
	compression.gzip.level = -1
	compression.lz4.level = 9
	compression.type = none
	compression.zstd.level = 3
	connections.max.idle.ms = 10000
	delivery.timeout.ms = 120000
	enable.idempotence = true
	enable.metrics.push = true
	interceptor.classes = []
	key.serializer = class org.apache.kafka.common.serialization.StringSerializer
	linger.ms = 0
	max.block.ms = 60000
	max.in.flight.requests.per.connection = 5
	max.request.size = 1048576
	metadata.max.age.ms = 300000
	metadata.max.idle.ms = 300000
	metadata.recovery.strategy = none
	metric.reporters = []
	metrics.num.samples = 2
	metrics.recording.level = INFO
	metrics.sample.window.ms = 30000
	partitioner.adaptive.partitioning.enable = true
	partitioner.availability.timeout.ms = 0
	partitioner.class = null
	partitioner.ignore.keys = false
	receive.buffer.bytes = 32768
	reconnect.backoff.max.ms = 1000
	reconnect.backoff.ms = 50
	request.timeout.ms = 5000
	retries = 2147483647
	retry.backoff.max.ms = 1000
	retry.backoff.ms = 100
	sasl.client.callback.handler.class = null
	sasl.jaas.config = null
	sasl.kerberos.kinit.cmd = /usr/bin/kinit
	sasl.kerberos.min.time.before.relogin = 60000
	sasl.kerberos.service.name = null
	sasl.kerberos.ticket.renew.jitter = 0.05
	sasl.kerberos.ticket.renew.window.factor = 0.8
	sasl.login.callback.handler.class = null
	sasl.login.class = null
	sasl.login.connect.timeout.ms = null
	sasl.login.read.timeout.ms = null
	sasl.login.refresh.buffer.seconds = 300
	sasl.login.refresh.min.period.seconds = 60
	sasl.login.refresh.window.factor = 0.8
	sasl.login.refresh.window.jitter = 0.05
	sasl.login.retry.backoff.max.ms = 10000
	sasl.login.retry.backoff.ms = 100
	sasl.mechanism = GSSAPI
	sasl.oauthbearer.clock.skew.seconds = 30
	sasl.oauthbearer.expected.audience = null
	sasl.oauthbearer.expected.issuer = null
	sasl.oauthbearer.header.urlencode = false
	sasl.oauthbearer.jwks.endpoint.refresh.ms = 3600000
	sasl.oauthbearer.jwks.endpoint.retry.backoff.max.ms = 10000
	sasl.oauthbearer.jwks.endpoint.retry.backoff.ms = 100
	sasl.oauthbearer.jwks.endpoint.url = null
	sasl.oauthbearer.scope.claim.name = scope
	sasl.oauthbearer.sub.claim.name = sub
	sasl.oauthbearer.token.endpoint.url = null
	security.protocol = PLAINTEXT
	security.providers = null
	send.buffer.bytes = 131072
	socket.connection.setup.timeout.max.ms = 30000
	socket.connection.setup.timeout.ms = 10000
	ssl.cipher.suites = null
	ssl.enabled.protocols = [TLSv1.2, TLSv1.3]
	ssl.endpoint.identification.algorithm = https
	ssl.engine.factory.class = null
	ssl.key.password = null
	ssl.keymanager.algorithm = SunX509
	ssl.keystore.certificate.chain = null
	ssl.keystore.key = null
	ssl.keystore.location = null
	ssl.keystore.password = null
	ssl.keystore.type = JKS
	ssl.protocol = TLSv1.3
	ssl.provider = null
	ssl.secure.random.implementation = null
	ssl.trustmanager.algorithm = PKIX
	ssl.truststore.certificates = null
	ssl.truststore.location = null
	ssl.truststore.password = null
	ssl.truststore.type = JKS
	transaction.timeout.ms = 60000
	transactional.id = null
	value.serializer = class io.apicurio.registry.serde.avro.AvroKafkaSerializer

2025-08-13 02:13:55,712 INFO  [org.apa.kaf.com.tel.int.KafkaMetricsCollector] (main) initializing Kafka metrics collector
2025-08-13 02:13:55,716 INFO  [org.apa.kaf.cli.pro.KafkaProducer] (main) [Producer clientId=Producer-seb0569fbxbb36x4da4x955bx2ebd86ebabdb] Instantiated an idempotent producer.
2025-08-13 02:13:55,720 INFO  [org.apa.kaf.cli.pro.ProducerConfig] (main) These configurations '[apicurio.registry.find-latest, apicurio.registry.url, apicurio.registry.artifact-resolver-strategy]' were supplied but are not used yet.
2025-08-13 02:13:55,720 INFO  [org.apa.kaf.com.uti.AppInfoParser] (main) Kafka version: 3.9.1
2025-08-13 02:13:55,720 INFO  [org.apa.kaf.com.uti.AppInfoParser] (main) Kafka commitId: f745dfdcee2b9851
2025-08-13 02:13:55,721 INFO  [org.apa.kaf.com.uti.AppInfoParser] (main) Kafka startTimeMs: 1755051235720
2025-08-13 02:13:55,725 INFO  [io.api.tes.ser.api.KafkaSerdesTester] (Thread-612) Sending message {"keyB": "value-0"} to topic seb0569fbxbb36x4da4x955bx2ebd86ebabdb
2025-08-13 02:13:55,729 INFO  [org.apa.kaf.cli.Metadata] (kafka-producer-network-thread | Producer-seb0569fbxbb36x4da4x955bx2ebd86ebabdb) [Producer clientId=Producer-seb0569fbxbb36x4da4x955bx2ebd86ebabdb] Cluster ID: KRqqH0pCSh6FBkmoZ2CGGg
2025-08-13 02:13:55,729 INFO  [org.apa.kaf.cli.pro.int.TransactionManager] (kafka-producer-network-thread | Producer-seb0569fbxbb36x4da4x955bx2ebd86ebabdb) [Producer clientId=Producer-seb0569fbxbb36x4da4x955bx2ebd86ebabdb] ProducerId set to 2 with epoch 0
2025-08-13 02:13:55,810 INFO  [org.apa.kaf.cli.pro.KafkaProducer] (Thread-612) [Producer clientId=Producer-seb0569fbxbb36x4da4x955bx2ebd86ebabdb] Closing the Kafka producer with timeoutMillis = 9223372036854775807 ms.
2025-08-13 02:13:55,816 INFO  [org.apa.kaf.com.met.Metrics] (Thread-612) Metrics scheduler closed
2025-08-13 02:13:55,816 INFO  [org.apa.kaf.com.met.Metrics] (Thread-612) Closing reporter org.apache.kafka.common.metrics.JmxReporter
2025-08-13 02:13:55,816 INFO  [org.apa.kaf.com.met.Metrics] (Thread-612) Closing reporter org.apache.kafka.common.telemetry.internals.ClientTelemetryReporter
2025-08-13 02:13:55,816 INFO  [org.apa.kaf.com.met.Metrics] (Thread-612) Metrics reporters closed
2025-08-13 02:13:55,817 INFO  [org.apa.kaf.com.uti.AppInfoParser] (Thread-612) App info kafka.producer for Producer-seb0569fbxbb36x4da4x955bx2ebd86ebabdb unregistered
2025-08-13 02:13:55,818 INFO  [io.api.tes.uti.TestSeparator] (main) io.apicurio.tests.serdes.apicurio.AvroSerdeIT.testWrongSchema-FINISHED
2025-08-13 02:13:55,818 INFO  [io.api.tes.uti.TestSeparator] (main) ############################################################################
Test passed: testWrongSchema
]]></system-out>
    <system-err><![CDATA[io.apicurio.registry.rest.client.models.ProblemDetails
	at io.apicurio.registry.rest.client.models.ProblemDetails.createFromDiscriminatorValue(ProblemDetails.java:58)
	at io.kiota.serialization.json.JsonParseNode.getObjectValue(JsonParseNode.java:247)
	at io.kiota.http.vertx.VertXRequestAdapter.lambda$throwIfFailedResponse$0(VertXRequestAdapter.java:400)
	at com.microsoft.kiota.ApiExceptionBuilder.<init>(ApiExceptionBuilder.java:26)
	at io.kiota.http.vertx.VertXRequestAdapter.throwIfFailedResponse(VertXRequestAdapter.java:399)
	at io.kiota.http.vertx.VertXRequestAdapter.send(VertXRequestAdapter.java:170)
	at io.apicurio.registry.rest.client.groups.item.artifacts.item.versions.item.WithVersionExpressionItemRequestBuilder.get(WithVersionExpressionItemRequestBuilder.java:128)
	at io.apicurio.registry.rest.client.groups.item.artifacts.item.versions.item.WithVersionExpressionItemRequestBuilder.get(WithVersionExpressionItemRequestBuilder.java:111)
	at io.apicurio.registry.resolver.client.RegistryClientFacadeImpl.getVersionCoordinatesByGAV(RegistryClientFacadeImpl.java:159)
	at io.apicurio.registry.resolver.DefaultSchemaResolver.resolveByCoordinates(DefaultSchemaResolver.java:352)
	at io.apicurio.registry.resolver.DefaultSchemaResolver.lambda$resolveSchemaByArtifactReferenceCached$6(DefaultSchemaResolver.java:340)
	at io.apicurio.registry.resolver.cache.ERCache.lambda$getValue$0(ERCache.java:174)
	at io.apicurio.registry.resolver.cache.ERCache.retry(ERCache.java:227)
	at io.apicurio.registry.resolver.cache.ERCache.getValue(ERCache.java:173)
	at io.apicurio.registry.resolver.cache.ERCache.getByArtifactCoordinates(ERCache.java:158)
	at io.apicurio.registry.resolver.DefaultSchemaResolver.resolveSchemaByArtifactReferenceCached(DefaultSchemaResolver.java:338)
	at io.apicurio.registry.resolver.DefaultSchemaResolver.resolveSchemaByCoordinates(DefaultSchemaResolver.java:193)
	at io.apicurio.registry.resolver.DefaultSchemaResolver.getSchemaFromRegistry(DefaultSchemaResolver.java:130)
	at io.apicurio.registry.resolver.DefaultSchemaResolver.lambda$resolveSchema$0(DefaultSchemaResolver.java:84)
	at java.base/java.util.Optional.orElseGet(Optional.java:364)
	at io.apicurio.registry.resolver.DefaultSchemaResolver.resolveSchema(DefaultSchemaResolver.java:84)
	at io.apicurio.registry.serde.AbstractSerializer.serializeData(AbstractSerializer.java:62)
	at io.apicurio.registry.serde.KafkaSerializer.serialize(KafkaSerializer.java:77)
	at org.apache.kafka.clients.producer.KafkaProducer.doSend(KafkaProducer.java:1046)
	at org.apache.kafka.clients.producer.KafkaProducer.send(KafkaProducer.java:993)
	at org.apache.kafka.clients.producer.KafkaProducer.send(KafkaProducer.java:875)
	at io.apicurio.tests.serdes.apicurio.KafkaSerdesTester.lambda$produceMessages$3(KafkaSerdesTester.java:138)
	at java.base/java.util.concurrent.CompletableFuture$AsyncSupply.run(CompletableFuture.java:1768)
	at java.base/java.lang.Thread.run(Thread.java:840)
]]></system-err>
  </testcase>
  <testcase name="testAvroJSON" classname="io.apicurio.tests.serdes.apicurio.AvroSerdeIT" time="3.967">
    <system-out><![CDATA[2025-08-13 02:13:55,831 INFO  [io.api.tes.uti.TestSeparator] (main) ############################################################################
2025-08-13 02:13:55,831 INFO  [io.api.tes.uti.TestSeparator] (main) io.apicurio.tests.serdes.apicurio.AvroSerdeIT.testAvroJSON-STARTED
**** Registry Base URL: http://registry-app-inmemory.apps.ci419.apicurio-testing.org:80
2025-08-13 02:13:55,840 INFO  [org.apa.kaf.cli.pro.ProducerConfig] (main) ProducerConfig values: 
	acks = -1
	auto.include.jmx.reporter = true
	batch.size = 16384
	bootstrap.servers = [PLAINTEXT://localhost:32769]
	buffer.memory = 33554432
	client.dns.lookup = use_all_dns_ips
	client.id = Producer-topic-d362eeba_ead6_4aaa_a985_46da9ca21ec4
	compression.gzip.level = -1
	compression.lz4.level = 9
	compression.type = none
	compression.zstd.level = 3
	connections.max.idle.ms = 10000
	delivery.timeout.ms = 120000
	enable.idempotence = true
	enable.metrics.push = true
	interceptor.classes = []
	key.serializer = class org.apache.kafka.common.serialization.StringSerializer
	linger.ms = 0
	max.block.ms = 60000
	max.in.flight.requests.per.connection = 5
	max.request.size = 1048576
	metadata.max.age.ms = 300000
	metadata.max.idle.ms = 300000
	metadata.recovery.strategy = none
	metric.reporters = []
	metrics.num.samples = 2
	metrics.recording.level = INFO
	metrics.sample.window.ms = 30000
	partitioner.adaptive.partitioning.enable = true
	partitioner.availability.timeout.ms = 0
	partitioner.class = null
	partitioner.ignore.keys = false
	receive.buffer.bytes = 32768
	reconnect.backoff.max.ms = 1000
	reconnect.backoff.ms = 50
	request.timeout.ms = 5000
	retries = 2147483647
	retry.backoff.max.ms = 1000
	retry.backoff.ms = 100
	sasl.client.callback.handler.class = null
	sasl.jaas.config = null
	sasl.kerberos.kinit.cmd = /usr/bin/kinit
	sasl.kerberos.min.time.before.relogin = 60000
	sasl.kerberos.service.name = null
	sasl.kerberos.ticket.renew.jitter = 0.05
	sasl.kerberos.ticket.renew.window.factor = 0.8
	sasl.login.callback.handler.class = null
	sasl.login.class = null
	sasl.login.connect.timeout.ms = null
	sasl.login.read.timeout.ms = null
	sasl.login.refresh.buffer.seconds = 300
	sasl.login.refresh.min.period.seconds = 60
	sasl.login.refresh.window.factor = 0.8
	sasl.login.refresh.window.jitter = 0.05
	sasl.login.retry.backoff.max.ms = 10000
	sasl.login.retry.backoff.ms = 100
	sasl.mechanism = GSSAPI
	sasl.oauthbearer.clock.skew.seconds = 30
	sasl.oauthbearer.expected.audience = null
	sasl.oauthbearer.expected.issuer = null
	sasl.oauthbearer.header.urlencode = false
	sasl.oauthbearer.jwks.endpoint.refresh.ms = 3600000
	sasl.oauthbearer.jwks.endpoint.retry.backoff.max.ms = 10000
	sasl.oauthbearer.jwks.endpoint.retry.backoff.ms = 100
	sasl.oauthbearer.jwks.endpoint.url = null
	sasl.oauthbearer.scope.claim.name = scope
	sasl.oauthbearer.sub.claim.name = sub
	sasl.oauthbearer.token.endpoint.url = null
	security.protocol = PLAINTEXT
	security.providers = null
	send.buffer.bytes = 131072
	socket.connection.setup.timeout.max.ms = 30000
	socket.connection.setup.timeout.ms = 10000
	ssl.cipher.suites = null
	ssl.enabled.protocols = [TLSv1.2, TLSv1.3]
	ssl.endpoint.identification.algorithm = https
	ssl.engine.factory.class = null
	ssl.key.password = null
	ssl.keymanager.algorithm = SunX509
	ssl.keystore.certificate.chain = null
	ssl.keystore.key = null
	ssl.keystore.location = null
	ssl.keystore.password = null
	ssl.keystore.type = JKS
	ssl.protocol = TLSv1.3
	ssl.provider = null
	ssl.secure.random.implementation = null
	ssl.trustmanager.algorithm = PKIX
	ssl.truststore.certificates = null
	ssl.truststore.location = null
	ssl.truststore.password = null
	ssl.truststore.type = JKS
	transaction.timeout.ms = 60000
	transactional.id = null
	value.serializer = class io.apicurio.registry.serde.avro.AvroKafkaSerializer

2025-08-13 02:13:55,840 INFO  [org.apa.kaf.com.tel.int.KafkaMetricsCollector] (main) initializing Kafka metrics collector
2025-08-13 02:13:55,845 INFO  [org.apa.kaf.cli.pro.KafkaProducer] (main) [Producer clientId=Producer-topic-d362eeba_ead6_4aaa_a985_46da9ca21ec4] Instantiated an idempotent producer.
2025-08-13 02:13:55,851 INFO  [org.apa.kaf.cli.pro.ProducerConfig] (main) These configurations '[apicurio.registry.avro.encoding, apicurio.registry.url, apicurio.registry.auto-register, apicurio.registry.artifact-resolver-strategy]' were supplied but are not used yet.
2025-08-13 02:13:55,851 INFO  [org.apa.kaf.com.uti.AppInfoParser] (main) Kafka version: 3.9.1
2025-08-13 02:13:55,851 INFO  [org.apa.kaf.com.uti.AppInfoParser] (main) Kafka commitId: f745dfdcee2b9851
2025-08-13 02:13:55,852 INFO  [org.apa.kaf.com.uti.AppInfoParser] (main) Kafka startTimeMs: 1755051235851
2025-08-13 02:13:55,852 INFO  [io.api.tes.ser.api.SimpleSerdesTesterBuilder$SimpleSerdesTester] (main) Using producer configuration: {apicurio.registry.avro.encoding=JSON, apicurio.registry.url=http://registry-app-inmemory.apps.ci419.apicurio-testing.org:80/apis/registry/v3, apicurio.registry.auto-register=true, apicurio.registry.artifact-resolver-strategy=io.apicurio.registry.serde.strategy.TopicIdStrategy, value.serializer=io.apicurio.registry.serde.avro.AvroKafkaSerializer, request.timeout.ms=5000, acks=all, bootstrap.servers=PLAINTEXT://localhost:32769, connections.max.idle.ms=10000, key.serializer=org.apache.kafka.common.serialization.StringSerializer, client.id=Producer-topic-d362eeba_ead6_4aaa_a985_46da9ca21ec4}
2025-08-13 02:13:55,852 INFO  [io.api.tes.ser.api.SimpleSerdesTesterBuilder$SimpleSerdesTester] (main) Using consumer configuration: {apicurio.registry.avro.encoding=JSON}
2025-08-13 02:13:55,855 INFO  [io.api.tes.ser.api.KafkaSerdesTester] (Thread-615) Sending message {"bar": "value-0"} to topic topic-d362eeba_ead6_4aaa_a985_46da9ca21ec4
2025-08-13 02:13:55,860 WARN  [org.apa.kaf.cli.NetworkClient] (kafka-producer-network-thread | Producer-topic-d362eeba_ead6_4aaa_a985_46da9ca21ec4) [Producer clientId=Producer-topic-d362eeba_ead6_4aaa_a985_46da9ca21ec4] The metadata response from the cluster reported a recoverable issue with correlation id 1 : {topic-d362eeba_ead6_4aaa_a985_46da9ca21ec4=UNKNOWN_TOPIC_OR_PARTITION}
2025-08-13 02:13:55,861 INFO  [org.apa.kaf.cli.Metadata] (kafka-producer-network-thread | Producer-topic-d362eeba_ead6_4aaa_a985_46da9ca21ec4) [Producer clientId=Producer-topic-d362eeba_ead6_4aaa_a985_46da9ca21ec4] Cluster ID: KRqqH0pCSh6FBkmoZ2CGGg
2025-08-13 02:13:55,861 INFO  [org.apa.kaf.cli.pro.int.TransactionManager] (kafka-producer-network-thread | Producer-topic-d362eeba_ead6_4aaa_a985_46da9ca21ec4) [Producer clientId=Producer-topic-d362eeba_ead6_4aaa_a985_46da9ca21ec4] ProducerId set to 3 with epoch 0
2025-08-13 02:13:56,041 INFO  [io.api.tes.ser.api.KafkaSerdesTester] (Thread-615) Sending message {"bar": "value-1"} to topic topic-d362eeba_ead6_4aaa_a985_46da9ca21ec4
2025-08-13 02:13:56,044 INFO  [io.api.tes.ser.api.KafkaSerdesTester] (Thread-615) Sending message {"bar": "value-2"} to topic topic-d362eeba_ead6_4aaa_a985_46da9ca21ec4
2025-08-13 02:13:56,048 INFO  [io.api.tes.ser.api.KafkaSerdesTester] (Thread-615) Sending message {"bar": "value-3"} to topic topic-d362eeba_ead6_4aaa_a985_46da9ca21ec4
2025-08-13 02:13:56,053 INFO  [io.api.tes.ser.api.KafkaSerdesTester] (Thread-615) Sending message {"bar": "value-4"} to topic topic-d362eeba_ead6_4aaa_a985_46da9ca21ec4
2025-08-13 02:13:56,057 INFO  [io.api.tes.ser.api.KafkaSerdesTester] (Thread-615) Sending message {"bar": "value-5"} to topic topic-d362eeba_ead6_4aaa_a985_46da9ca21ec4
2025-08-13 02:13:56,060 INFO  [io.api.tes.ser.api.KafkaSerdesTester] (Thread-615) Sending message {"bar": "value-6"} to topic topic-d362eeba_ead6_4aaa_a985_46da9ca21ec4
2025-08-13 02:13:56,063 INFO  [io.api.tes.ser.api.KafkaSerdesTester] (Thread-615) Sending message {"bar": "value-7"} to topic topic-d362eeba_ead6_4aaa_a985_46da9ca21ec4
2025-08-13 02:13:56,067 INFO  [io.api.tes.ser.api.KafkaSerdesTester] (Thread-615) Sending message {"bar": "value-8"} to topic topic-d362eeba_ead6_4aaa_a985_46da9ca21ec4
2025-08-13 02:13:56,072 INFO  [io.api.tes.ser.api.KafkaSerdesTester] (Thread-615) Sending message {"bar": "value-9"} to topic topic-d362eeba_ead6_4aaa_a985_46da9ca21ec4
2025-08-13 02:13:56,079 INFO  [io.api.tes.ser.api.KafkaSerdesTester] (Thread-615) Produced 10 messages
2025-08-13 02:13:56,079 INFO  [org.apa.kaf.cli.pro.KafkaProducer] (Thread-615) [Producer clientId=Producer-topic-d362eeba_ead6_4aaa_a985_46da9ca21ec4] Closing the Kafka producer with timeoutMillis = 9223372036854775807 ms.
2025-08-13 02:13:56,085 INFO  [org.apa.kaf.com.met.Metrics] (Thread-615) Metrics scheduler closed
2025-08-13 02:13:56,085 INFO  [org.apa.kaf.com.met.Metrics] (Thread-615) Closing reporter org.apache.kafka.common.metrics.JmxReporter
2025-08-13 02:13:56,086 INFO  [org.apa.kaf.com.met.Metrics] (Thread-615) Closing reporter org.apache.kafka.common.telemetry.internals.ClientTelemetryReporter
2025-08-13 02:13:56,086 INFO  [org.apa.kaf.com.met.Metrics] (Thread-615) Metrics reporters closed
2025-08-13 02:13:56,086 INFO  [org.apa.kaf.com.uti.AppInfoParser] (Thread-615) App info kafka.producer for Producer-topic-d362eeba_ead6_4aaa_a985_46da9ca21ec4 unregistered
**** Registry Base URL: http://registry-app-inmemory.apps.ci419.apicurio-testing.org:80
2025-08-13 02:13:56,143 INFO  [org.apa.kaf.cli.con.ConsumerConfig] (main) ConsumerConfig values: 
	allow.auto.create.topics = true
	auto.commit.interval.ms = 500
	auto.include.jmx.reporter = true
	auto.offset.reset = earliest
	bootstrap.servers = [PLAINTEXT://localhost:32769]
	check.crcs = true
	client.dns.lookup = use_all_dns_ips
	client.id = consumer-Consumer-topic-d362eeba_ead6_4aaa_a985_46da9ca21ec4-3
	client.rack = 
	connections.max.idle.ms = 10000
	default.api.timeout.ms = 60000
	enable.auto.commit = true
	enable.metrics.push = true
	exclude.internal.topics = true
	fetch.max.bytes = 52428800
	fetch.max.wait.ms = 500
	fetch.min.bytes = 1
	group.id = Consumer-topic-d362eeba_ead6_4aaa_a985_46da9ca21ec4
	group.instance.id = null
	group.protocol = classic
	group.remote.assignor = null
	heartbeat.interval.ms = 3000
	interceptor.classes = []
	internal.leave.group.on.close = true
	internal.throw.on.fetch.stable.offset.unsupported = false
	isolation.level = read_uncommitted
	key.deserializer = class org.apache.kafka.common.serialization.StringDeserializer
	max.partition.fetch.bytes = 1048576
	max.poll.interval.ms = 300000
	max.poll.records = 500
	metadata.max.age.ms = 300000
	metadata.recovery.strategy = none
	metric.reporters = []
	metrics.num.samples = 2
	metrics.recording.level = INFO
	metrics.sample.window.ms = 30000
	partition.assignment.strategy = [class org.apache.kafka.clients.consumer.RangeAssignor, class org.apache.kafka.clients.consumer.CooperativeStickyAssignor]
	receive.buffer.bytes = 65536
	reconnect.backoff.max.ms = 1000
	reconnect.backoff.ms = 50
	request.timeout.ms = 5000
	retry.backoff.max.ms = 1000
	retry.backoff.ms = 100
	sasl.client.callback.handler.class = null
	sasl.jaas.config = null
	sasl.kerberos.kinit.cmd = /usr/bin/kinit
	sasl.kerberos.min.time.before.relogin = 60000
	sasl.kerberos.service.name = null
	sasl.kerberos.ticket.renew.jitter = 0.05
	sasl.kerberos.ticket.renew.window.factor = 0.8
	sasl.login.callback.handler.class = null
	sasl.login.class = null
	sasl.login.connect.timeout.ms = null
	sasl.login.read.timeout.ms = null
	sasl.login.refresh.buffer.seconds = 300
	sasl.login.refresh.min.period.seconds = 60
	sasl.login.refresh.window.factor = 0.8
	sasl.login.refresh.window.jitter = 0.05
	sasl.login.retry.backoff.max.ms = 10000
	sasl.login.retry.backoff.ms = 100
	sasl.mechanism = GSSAPI
	sasl.oauthbearer.clock.skew.seconds = 30
	sasl.oauthbearer.expected.audience = null
	sasl.oauthbearer.expected.issuer = null
	sasl.oauthbearer.header.urlencode = false
	sasl.oauthbearer.jwks.endpoint.refresh.ms = 3600000
	sasl.oauthbearer.jwks.endpoint.retry.backoff.max.ms = 10000
	sasl.oauthbearer.jwks.endpoint.retry.backoff.ms = 100
	sasl.oauthbearer.jwks.endpoint.url = null
	sasl.oauthbearer.scope.claim.name = scope
	sasl.oauthbearer.sub.claim.name = sub
	sasl.oauthbearer.token.endpoint.url = null
	security.protocol = PLAINTEXT
	security.providers = null
	send.buffer.bytes = 131072
	session.timeout.ms = 45000
	socket.connection.setup.timeout.max.ms = 30000
	socket.connection.setup.timeout.ms = 10000
	ssl.cipher.suites = null
	ssl.enabled.protocols = [TLSv1.2, TLSv1.3]
	ssl.endpoint.identification.algorithm = https
	ssl.engine.factory.class = null
	ssl.key.password = null
	ssl.keymanager.algorithm = SunX509
	ssl.keystore.certificate.chain = null
	ssl.keystore.key = null
	ssl.keystore.location = null
	ssl.keystore.password = null
	ssl.keystore.type = JKS
	ssl.protocol = TLSv1.3
	ssl.provider = null
	ssl.secure.random.implementation = null
	ssl.trustmanager.algorithm = PKIX
	ssl.truststore.certificates = null
	ssl.truststore.location = null
	ssl.truststore.password = null
	ssl.truststore.type = JKS
	value.deserializer = class io.apicurio.registry.serde.avro.AvroKafkaDeserializer

2025-08-13 02:13:56,144 INFO  [org.apa.kaf.com.tel.int.KafkaMetricsCollector] (main) initializing Kafka metrics collector
2025-08-13 02:13:56,153 INFO  [org.apa.kaf.cli.con.ConsumerConfig] (main) These configurations '[apicurio.registry.avro.encoding, apicurio.registry.url]' were supplied but are not used yet.
2025-08-13 02:13:56,153 INFO  [org.apa.kaf.com.uti.AppInfoParser] (main) Kafka version: 3.9.1
2025-08-13 02:13:56,153 INFO  [org.apa.kaf.com.uti.AppInfoParser] (main) Kafka commitId: f745dfdcee2b9851
2025-08-13 02:13:56,153 INFO  [org.apa.kaf.com.uti.AppInfoParser] (main) Kafka startTimeMs: 1755051236153
2025-08-13 02:13:56,155 INFO  [org.apa.kaf.cli.con.int.ClassicKafkaConsumer] (Thread-618) [Consumer clientId=consumer-Consumer-topic-d362eeba_ead6_4aaa_a985_46da9ca21ec4-3, groupId=Consumer-topic-d362eeba_ead6_4aaa_a985_46da9ca21ec4] Subscribed to topic(s): topic-d362eeba_ead6_4aaa_a985_46da9ca21ec4
2025-08-13 02:13:56,166 INFO  [org.apa.kaf.cli.Metadata] (Thread-618) [Consumer clientId=consumer-Consumer-topic-d362eeba_ead6_4aaa_a985_46da9ca21ec4-3, groupId=Consumer-topic-d362eeba_ead6_4aaa_a985_46da9ca21ec4] Cluster ID: KRqqH0pCSh6FBkmoZ2CGGg
2025-08-13 02:13:56,170 INFO  [org.apa.kaf.cli.con.int.ConsumerCoordinator] (Thread-618) [Consumer clientId=consumer-Consumer-topic-d362eeba_ead6_4aaa_a985_46da9ca21ec4-3, groupId=Consumer-topic-d362eeba_ead6_4aaa_a985_46da9ca21ec4] Discovered group coordinator localhost:32769 (id: 2147483647 rack: null)
2025-08-13 02:13:56,173 INFO  [org.apa.kaf.cli.con.int.ConsumerCoordinator] (Thread-618) [Consumer clientId=consumer-Consumer-topic-d362eeba_ead6_4aaa_a985_46da9ca21ec4-3, groupId=Consumer-topic-d362eeba_ead6_4aaa_a985_46da9ca21ec4] (Re-)joining group
2025-08-13 02:13:56,178 INFO  [org.apa.kaf.cli.con.int.ConsumerCoordinator] (Thread-618) [Consumer clientId=consumer-Consumer-topic-d362eeba_ead6_4aaa_a985_46da9ca21ec4-3, groupId=Consumer-topic-d362eeba_ead6_4aaa_a985_46da9ca21ec4] Request joining group due to: need to re-join with the given member-id: consumer-Consumer-topic-d362eeba_ead6_4aaa_a985_46da9ca21ec4-3-d87f70ee-b6cf-44f9-abde-567c35f31b1f
2025-08-13 02:13:56,178 INFO  [org.apa.kaf.cli.con.int.ConsumerCoordinator] (Thread-618) [Consumer clientId=consumer-Consumer-topic-d362eeba_ead6_4aaa_a985_46da9ca21ec4-3, groupId=Consumer-topic-d362eeba_ead6_4aaa_a985_46da9ca21ec4] (Re-)joining group
2025-08-13 02:13:57,155 INFO  [io.api.tes.ser.api.KafkaSerdesTester] (Thread-618) None found
2025-08-13 02:13:58,156 INFO  [io.api.tes.ser.api.KafkaSerdesTester] (Thread-618) None found
2025-08-13 02:13:59,156 INFO  [io.api.tes.ser.api.KafkaSerdesTester] (Thread-618) None found
2025-08-13 02:13:59,181 INFO  [org.apa.kaf.cli.con.int.ConsumerCoordinator] (Thread-618) [Consumer clientId=consumer-Consumer-topic-d362eeba_ead6_4aaa_a985_46da9ca21ec4-3, groupId=Consumer-topic-d362eeba_ead6_4aaa_a985_46da9ca21ec4] Successfully joined group with generation Generation{generationId=1, memberId='consumer-Consumer-topic-d362eeba_ead6_4aaa_a985_46da9ca21ec4-3-d87f70ee-b6cf-44f9-abde-567c35f31b1f', protocol='range'}
2025-08-13 02:13:59,182 INFO  [org.apa.kaf.cli.con.int.ConsumerCoordinator] (Thread-618) [Consumer clientId=consumer-Consumer-topic-d362eeba_ead6_4aaa_a985_46da9ca21ec4-3, groupId=Consumer-topic-d362eeba_ead6_4aaa_a985_46da9ca21ec4] Finished assignment for group at generation 1: {consumer-Consumer-topic-d362eeba_ead6_4aaa_a985_46da9ca21ec4-3-d87f70ee-b6cf-44f9-abde-567c35f31b1f=Assignment(partitions=[topic-d362eeba_ead6_4aaa_a985_46da9ca21ec4-0])}
2025-08-13 02:13:59,190 INFO  [org.apa.kaf.cli.con.int.ConsumerCoordinator] (Thread-618) [Consumer clientId=consumer-Consumer-topic-d362eeba_ead6_4aaa_a985_46da9ca21ec4-3, groupId=Consumer-topic-d362eeba_ead6_4aaa_a985_46da9ca21ec4] Successfully synced group in generation Generation{generationId=1, memberId='consumer-Consumer-topic-d362eeba_ead6_4aaa_a985_46da9ca21ec4-3-d87f70ee-b6cf-44f9-abde-567c35f31b1f', protocol='range'}
2025-08-13 02:13:59,190 INFO  [org.apa.kaf.cli.con.int.ConsumerCoordinator] (Thread-618) [Consumer clientId=consumer-Consumer-topic-d362eeba_ead6_4aaa_a985_46da9ca21ec4-3, groupId=Consumer-topic-d362eeba_ead6_4aaa_a985_46da9ca21ec4] Notifying assignor about the new Assignment(partitions=[topic-d362eeba_ead6_4aaa_a985_46da9ca21ec4-0])
2025-08-13 02:13:59,190 INFO  [org.apa.kaf.cli.con.int.ConsumerRebalanceListenerInvoker] (Thread-618) [Consumer clientId=consumer-Consumer-topic-d362eeba_ead6_4aaa_a985_46da9ca21ec4-3, groupId=Consumer-topic-d362eeba_ead6_4aaa_a985_46da9ca21ec4] Adding newly assigned partitions: topic-d362eeba_ead6_4aaa_a985_46da9ca21ec4-0
2025-08-13 02:13:59,192 INFO  [org.apa.kaf.cli.con.int.ConsumerCoordinator] (Thread-618) [Consumer clientId=consumer-Consumer-topic-d362eeba_ead6_4aaa_a985_46da9ca21ec4-3, groupId=Consumer-topic-d362eeba_ead6_4aaa_a985_46da9ca21ec4] Found no committed offset for partition topic-d362eeba_ead6_4aaa_a985_46da9ca21ec4-0
2025-08-13 02:13:59,194 INFO  [org.apa.kaf.cli.con.int.SubscriptionState] (Thread-618) [Consumer clientId=consumer-Consumer-topic-d362eeba_ead6_4aaa_a985_46da9ca21ec4-3, groupId=Consumer-topic-d362eeba_ead6_4aaa_a985_46da9ca21ec4] Resetting offset for partition topic-d362eeba_ead6_4aaa_a985_46da9ca21ec4-0 to position FetchPosition{offset=0, offsetEpoch=Optional.empty, currentLeader=LeaderAndEpoch{leader=Optional[localhost:32769 (id: 0 rack: null)], epoch=0}}.
2025-08-13 02:13:59,278 INFO  [io.api.tes.ser.api.KafkaSerdesTester] (Thread-618) topic-d362eeba_ead6_4aaa_a985_46da9ca21ec4 0 0 {"bar": "value-0"}
2025-08-13 02:13:59,278 INFO  [io.api.tes.ser.api.KafkaSerdesTester] (Thread-618) topic-d362eeba_ead6_4aaa_a985_46da9ca21ec4 0 1 {"bar": "value-1"}
2025-08-13 02:13:59,278 INFO  [io.api.tes.ser.api.KafkaSerdesTester] (Thread-618) topic-d362eeba_ead6_4aaa_a985_46da9ca21ec4 0 2 {"bar": "value-2"}
2025-08-13 02:13:59,278 INFO  [io.api.tes.ser.api.KafkaSerdesTester] (Thread-618) topic-d362eeba_ead6_4aaa_a985_46da9ca21ec4 0 3 {"bar": "value-3"}
2025-08-13 02:13:59,278 INFO  [io.api.tes.ser.api.KafkaSerdesTester] (Thread-618) topic-d362eeba_ead6_4aaa_a985_46da9ca21ec4 0 4 {"bar": "value-4"}
2025-08-13 02:13:59,278 INFO  [io.api.tes.ser.api.KafkaSerdesTester] (Thread-618) topic-d362eeba_ead6_4aaa_a985_46da9ca21ec4 0 5 {"bar": "value-5"}
2025-08-13 02:13:59,278 INFO  [io.api.tes.ser.api.KafkaSerdesTester] (Thread-618) topic-d362eeba_ead6_4aaa_a985_46da9ca21ec4 0 6 {"bar": "value-6"}
2025-08-13 02:13:59,278 INFO  [io.api.tes.ser.api.KafkaSerdesTester] (Thread-618) topic-d362eeba_ead6_4aaa_a985_46da9ca21ec4 0 7 {"bar": "value-7"}
2025-08-13 02:13:59,278 INFO  [io.api.tes.ser.api.KafkaSerdesTester] (Thread-618) topic-d362eeba_ead6_4aaa_a985_46da9ca21ec4 0 8 {"bar": "value-8"}
2025-08-13 02:13:59,279 INFO  [io.api.tes.ser.api.KafkaSerdesTester] (Thread-618) topic-d362eeba_ead6_4aaa_a985_46da9ca21ec4 0 9 {"bar": "value-9"}
2025-08-13 02:13:59,279 INFO  [io.api.tes.ser.api.KafkaSerdesTester] (Thread-618) Consumed 10 messages
2025-08-13 02:13:59,288 INFO  [org.apa.kaf.cli.con.int.ConsumerRebalanceListenerInvoker] (Thread-618) [Consumer clientId=consumer-Consumer-topic-d362eeba_ead6_4aaa_a985_46da9ca21ec4-3, groupId=Consumer-topic-d362eeba_ead6_4aaa_a985_46da9ca21ec4] Revoke previously assigned partitions topic-d362eeba_ead6_4aaa_a985_46da9ca21ec4-0
2025-08-13 02:13:59,288 INFO  [org.apa.kaf.cli.con.int.ConsumerCoordinator] (Thread-618) [Consumer clientId=consumer-Consumer-topic-d362eeba_ead6_4aaa_a985_46da9ca21ec4-3, groupId=Consumer-topic-d362eeba_ead6_4aaa_a985_46da9ca21ec4] Member consumer-Consumer-topic-d362eeba_ead6_4aaa_a985_46da9ca21ec4-3-d87f70ee-b6cf-44f9-abde-567c35f31b1f sending LeaveGroup request to coordinator localhost:32769 (id: 2147483647 rack: null) due to the consumer is being closed
2025-08-13 02:13:59,290 INFO  [org.apa.kaf.cli.con.int.ConsumerCoordinator] (Thread-618) [Consumer clientId=consumer-Consumer-topic-d362eeba_ead6_4aaa_a985_46da9ca21ec4-3, groupId=Consumer-topic-d362eeba_ead6_4aaa_a985_46da9ca21ec4] Resetting generation and member id due to: consumer pro-actively leaving the group
2025-08-13 02:13:59,290 INFO  [org.apa.kaf.cli.con.int.ConsumerCoordinator] (Thread-618) [Consumer clientId=consumer-Consumer-topic-d362eeba_ead6_4aaa_a985_46da9ca21ec4-3, groupId=Consumer-topic-d362eeba_ead6_4aaa_a985_46da9ca21ec4] Request joining group due to: consumer pro-actively leaving the group
2025-08-13 02:13:59,783 INFO  [org.apa.kaf.com.met.Metrics] (Thread-618) Metrics scheduler closed
2025-08-13 02:13:59,783 INFO  [org.apa.kaf.com.met.Metrics] (Thread-618) Closing reporter org.apache.kafka.common.metrics.JmxReporter
2025-08-13 02:13:59,783 INFO  [org.apa.kaf.com.met.Metrics] (Thread-618) Closing reporter org.apache.kafka.common.telemetry.internals.ClientTelemetryReporter
2025-08-13 02:13:59,783 INFO  [org.apa.kaf.com.met.Metrics] (Thread-618) Metrics reporters closed
2025-08-13 02:13:59,789 INFO  [org.apa.kaf.com.uti.AppInfoParser] (Thread-618) App info kafka.consumer for consumer-Consumer-topic-d362eeba_ead6_4aaa_a985_46da9ca21ec4-3 unregistered
2025-08-13 02:13:59,790 INFO  [io.api.tes.uti.TestSeparator] (main) io.apicurio.tests.serdes.apicurio.AvroSerdeIT.testAvroJSON-FINISHED
2025-08-13 02:13:59,791 INFO  [io.api.tes.uti.TestSeparator] (main) ############################################################################
Test passed: testAvroJSON
]]></system-out>
  </testcase>
  <testcase name="testTopicIdStrategyAutoRegister" classname="io.apicurio.tests.serdes.apicurio.AvroSerdeIT" time="4.009">
    <system-out><![CDATA[2025-08-13 02:13:59,794 INFO  [io.api.tes.uti.TestSeparator] (main) ############################################################################
2025-08-13 02:13:59,794 INFO  [io.api.tes.uti.TestSeparator] (main) io.apicurio.tests.serdes.apicurio.AvroSerdeIT.testTopicIdStrategyAutoRegister-STARTED
**** Registry Base URL: http://registry-app-inmemory.apps.ci419.apicurio-testing.org:80
2025-08-13 02:13:59,804 INFO  [org.apa.kaf.cli.pro.ProducerConfig] (main) ProducerConfig values: 
	acks = -1
	auto.include.jmx.reporter = true
	batch.size = 16384
	bootstrap.servers = [PLAINTEXT://localhost:32769]
	buffer.memory = 33554432
	client.dns.lookup = use_all_dns_ips
	client.id = Producer-topic-023d9a0d_5217_4608_8044_b929ef71d902
	compression.gzip.level = -1
	compression.lz4.level = 9
	compression.type = none
	compression.zstd.level = 3
	connections.max.idle.ms = 10000
	delivery.timeout.ms = 120000
	enable.idempotence = true
	enable.metrics.push = true
	interceptor.classes = []
	key.serializer = class org.apache.kafka.common.serialization.StringSerializer
	linger.ms = 0
	max.block.ms = 60000
	max.in.flight.requests.per.connection = 5
	max.request.size = 1048576
	metadata.max.age.ms = 300000
	metadata.max.idle.ms = 300000
	metadata.recovery.strategy = none
	metric.reporters = []
	metrics.num.samples = 2
	metrics.recording.level = INFO
	metrics.sample.window.ms = 30000
	partitioner.adaptive.partitioning.enable = true
	partitioner.availability.timeout.ms = 0
	partitioner.class = null
	partitioner.ignore.keys = false
	receive.buffer.bytes = 32768
	reconnect.backoff.max.ms = 1000
	reconnect.backoff.ms = 50
	request.timeout.ms = 5000
	retries = 2147483647
	retry.backoff.max.ms = 1000
	retry.backoff.ms = 100
	sasl.client.callback.handler.class = null
	sasl.jaas.config = null
	sasl.kerberos.kinit.cmd = /usr/bin/kinit
	sasl.kerberos.min.time.before.relogin = 60000
	sasl.kerberos.service.name = null
	sasl.kerberos.ticket.renew.jitter = 0.05
	sasl.kerberos.ticket.renew.window.factor = 0.8
	sasl.login.callback.handler.class = null
	sasl.login.class = null
	sasl.login.connect.timeout.ms = null
	sasl.login.read.timeout.ms = null
	sasl.login.refresh.buffer.seconds = 300
	sasl.login.refresh.min.period.seconds = 60
	sasl.login.refresh.window.factor = 0.8
	sasl.login.refresh.window.jitter = 0.05
	sasl.login.retry.backoff.max.ms = 10000
	sasl.login.retry.backoff.ms = 100
	sasl.mechanism = GSSAPI
	sasl.oauthbearer.clock.skew.seconds = 30
	sasl.oauthbearer.expected.audience = null
	sasl.oauthbearer.expected.issuer = null
	sasl.oauthbearer.header.urlencode = false
	sasl.oauthbearer.jwks.endpoint.refresh.ms = 3600000
	sasl.oauthbearer.jwks.endpoint.retry.backoff.max.ms = 10000
	sasl.oauthbearer.jwks.endpoint.retry.backoff.ms = 100
	sasl.oauthbearer.jwks.endpoint.url = null
	sasl.oauthbearer.scope.claim.name = scope
	sasl.oauthbearer.sub.claim.name = sub
	sasl.oauthbearer.token.endpoint.url = null
	security.protocol = PLAINTEXT
	security.providers = null
	send.buffer.bytes = 131072
	socket.connection.setup.timeout.max.ms = 30000
	socket.connection.setup.timeout.ms = 10000
	ssl.cipher.suites = null
	ssl.enabled.protocols = [TLSv1.2, TLSv1.3]
	ssl.endpoint.identification.algorithm = https
	ssl.engine.factory.class = null
	ssl.key.password = null
	ssl.keymanager.algorithm = SunX509
	ssl.keystore.certificate.chain = null
	ssl.keystore.key = null
	ssl.keystore.location = null
	ssl.keystore.password = null
	ssl.keystore.type = JKS
	ssl.protocol = TLSv1.3
	ssl.provider = null
	ssl.secure.random.implementation = null
	ssl.trustmanager.algorithm = PKIX
	ssl.truststore.certificates = null
	ssl.truststore.location = null
	ssl.truststore.password = null
	ssl.truststore.type = JKS
	transaction.timeout.ms = 60000
	transactional.id = null
	value.serializer = class io.apicurio.registry.serde.avro.AvroKafkaSerializer

2025-08-13 02:13:59,805 INFO  [org.apa.kaf.com.tel.int.KafkaMetricsCollector] (main) initializing Kafka metrics collector
2025-08-13 02:13:59,808 INFO  [org.apa.kaf.cli.pro.KafkaProducer] (main) [Producer clientId=Producer-topic-023d9a0d_5217_4608_8044_b929ef71d902] Instantiated an idempotent producer.
2025-08-13 02:13:59,816 INFO  [org.apa.kaf.cli.pro.ProducerConfig] (main) These configurations '[apicurio.registry.url, apicurio.registry.auto-register, apicurio.registry.artifact-resolver-strategy]' were supplied but are not used yet.
2025-08-13 02:13:59,816 INFO  [org.apa.kaf.com.uti.AppInfoParser] (main) Kafka version: 3.9.1
2025-08-13 02:13:59,816 INFO  [org.apa.kaf.com.uti.AppInfoParser] (main) Kafka commitId: f745dfdcee2b9851
2025-08-13 02:13:59,816 INFO  [org.apa.kaf.com.uti.AppInfoParser] (main) Kafka startTimeMs: 1755051239816
2025-08-13 02:13:59,817 INFO  [io.api.tes.ser.api.SimpleSerdesTesterBuilder$SimpleSerdesTester] (main) Using producer configuration: {apicurio.registry.url=http://registry-app-inmemory.apps.ci419.apicurio-testing.org:80/apis/registry/v3, apicurio.registry.auto-register=true, apicurio.registry.artifact-resolver-strategy=io.apicurio.registry.serde.strategy.TopicIdStrategy, value.serializer=io.apicurio.registry.serde.avro.AvroKafkaSerializer, request.timeout.ms=5000, acks=all, bootstrap.servers=PLAINTEXT://localhost:32769, connections.max.idle.ms=10000, key.serializer=org.apache.kafka.common.serialization.StringSerializer, client.id=Producer-topic-023d9a0d_5217_4608_8044_b929ef71d902}
2025-08-13 02:13:59,817 INFO  [io.api.tes.ser.api.SimpleSerdesTesterBuilder$SimpleSerdesTester] (main) Using consumer configuration: {}
2025-08-13 02:13:59,819 INFO  [io.api.tes.ser.api.KafkaSerdesTester] (Thread-621) Sending message {"key11755051239796": "value-0"} to topic topic-023d9a0d_5217_4608_8044_b929ef71d902
2025-08-13 02:13:59,826 WARN  [org.apa.kaf.cli.NetworkClient] (kafka-producer-network-thread | Producer-topic-023d9a0d_5217_4608_8044_b929ef71d902) [Producer clientId=Producer-topic-023d9a0d_5217_4608_8044_b929ef71d902] The metadata response from the cluster reported a recoverable issue with correlation id 1 : {topic-023d9a0d_5217_4608_8044_b929ef71d902=UNKNOWN_TOPIC_OR_PARTITION}
2025-08-13 02:13:59,826 INFO  [org.apa.kaf.cli.Metadata] (kafka-producer-network-thread | Producer-topic-023d9a0d_5217_4608_8044_b929ef71d902) [Producer clientId=Producer-topic-023d9a0d_5217_4608_8044_b929ef71d902] Cluster ID: KRqqH0pCSh6FBkmoZ2CGGg
2025-08-13 02:13:59,830 INFO  [org.apa.kaf.cli.pro.int.TransactionManager] (kafka-producer-network-thread | Producer-topic-023d9a0d_5217_4608_8044_b929ef71d902) [Producer clientId=Producer-topic-023d9a0d_5217_4608_8044_b929ef71d902] ProducerId set to 4 with epoch 0
2025-08-13 02:14:00,008 INFO  [io.api.tes.ser.api.KafkaSerdesTester] (Thread-621) Sending message {"key11755051239796": "value-1"} to topic topic-023d9a0d_5217_4608_8044_b929ef71d902
2025-08-13 02:14:00,012 INFO  [io.api.tes.ser.api.KafkaSerdesTester] (Thread-621) Sending message {"key11755051239796": "value-2"} to topic topic-023d9a0d_5217_4608_8044_b929ef71d902
2025-08-13 02:14:00,015 INFO  [io.api.tes.ser.api.KafkaSerdesTester] (Thread-621) Sending message {"key11755051239796": "value-3"} to topic topic-023d9a0d_5217_4608_8044_b929ef71d902
2025-08-13 02:14:00,017 INFO  [io.api.tes.ser.api.KafkaSerdesTester] (Thread-621) Sending message {"key11755051239796": "value-4"} to topic topic-023d9a0d_5217_4608_8044_b929ef71d902
2025-08-13 02:14:00,021 INFO  [io.api.tes.ser.api.KafkaSerdesTester] (Thread-621) Sending message {"key11755051239796": "value-5"} to topic topic-023d9a0d_5217_4608_8044_b929ef71d902
2025-08-13 02:14:00,025 INFO  [io.api.tes.ser.api.KafkaSerdesTester] (Thread-621) Sending message {"key11755051239796": "value-6"} to topic topic-023d9a0d_5217_4608_8044_b929ef71d902
2025-08-13 02:14:00,028 INFO  [io.api.tes.ser.api.KafkaSerdesTester] (Thread-621) Sending message {"key11755051239796": "value-7"} to topic topic-023d9a0d_5217_4608_8044_b929ef71d902
2025-08-13 02:14:00,031 INFO  [io.api.tes.ser.api.KafkaSerdesTester] (Thread-621) Sending message {"key11755051239796": "value-8"} to topic topic-023d9a0d_5217_4608_8044_b929ef71d902
2025-08-13 02:14:00,034 INFO  [io.api.tes.ser.api.KafkaSerdesTester] (Thread-621) Sending message {"key11755051239796": "value-9"} to topic topic-023d9a0d_5217_4608_8044_b929ef71d902
2025-08-13 02:14:00,038 INFO  [io.api.tes.ser.api.KafkaSerdesTester] (Thread-621) Produced 10 messages
2025-08-13 02:14:00,038 INFO  [org.apa.kaf.cli.pro.KafkaProducer] (Thread-621) [Producer clientId=Producer-topic-023d9a0d_5217_4608_8044_b929ef71d902] Closing the Kafka producer with timeoutMillis = 9223372036854775807 ms.
2025-08-13 02:14:00,041 INFO  [org.apa.kaf.com.met.Metrics] (Thread-621) Metrics scheduler closed
2025-08-13 02:14:00,041 INFO  [org.apa.kaf.com.met.Metrics] (Thread-621) Closing reporter org.apache.kafka.common.metrics.JmxReporter
2025-08-13 02:14:00,041 INFO  [org.apa.kaf.com.met.Metrics] (Thread-621) Closing reporter org.apache.kafka.common.telemetry.internals.ClientTelemetryReporter
2025-08-13 02:14:00,041 INFO  [org.apa.kaf.com.met.Metrics] (Thread-621) Metrics reporters closed
2025-08-13 02:14:00,041 INFO  [org.apa.kaf.com.uti.AppInfoParser] (Thread-621) App info kafka.producer for Producer-topic-023d9a0d_5217_4608_8044_b929ef71d902 unregistered
**** Registry Base URL: http://registry-app-inmemory.apps.ci419.apicurio-testing.org:80
2025-08-13 02:14:00,099 INFO  [org.apa.kaf.cli.con.ConsumerConfig] (main) ConsumerConfig values: 
	allow.auto.create.topics = true
	auto.commit.interval.ms = 500
	auto.include.jmx.reporter = true
	auto.offset.reset = earliest
	bootstrap.servers = [PLAINTEXT://localhost:32769]
	check.crcs = true
	client.dns.lookup = use_all_dns_ips
	client.id = consumer-Consumer-topic-023d9a0d_5217_4608_8044_b929ef71d902-4
	client.rack = 
	connections.max.idle.ms = 10000
	default.api.timeout.ms = 60000
	enable.auto.commit = true
	enable.metrics.push = true
	exclude.internal.topics = true
	fetch.max.bytes = 52428800
	fetch.max.wait.ms = 500
	fetch.min.bytes = 1
	group.id = Consumer-topic-023d9a0d_5217_4608_8044_b929ef71d902
	group.instance.id = null
	group.protocol = classic
	group.remote.assignor = null
	heartbeat.interval.ms = 3000
	interceptor.classes = []
	internal.leave.group.on.close = true
	internal.throw.on.fetch.stable.offset.unsupported = false
	isolation.level = read_uncommitted
	key.deserializer = class org.apache.kafka.common.serialization.StringDeserializer
	max.partition.fetch.bytes = 1048576
	max.poll.interval.ms = 300000
	max.poll.records = 500
	metadata.max.age.ms = 300000
	metadata.recovery.strategy = none
	metric.reporters = []
	metrics.num.samples = 2
	metrics.recording.level = INFO
	metrics.sample.window.ms = 30000
	partition.assignment.strategy = [class org.apache.kafka.clients.consumer.RangeAssignor, class org.apache.kafka.clients.consumer.CooperativeStickyAssignor]
	receive.buffer.bytes = 65536
	reconnect.backoff.max.ms = 1000
	reconnect.backoff.ms = 50
	request.timeout.ms = 5000
	retry.backoff.max.ms = 1000
	retry.backoff.ms = 100
	sasl.client.callback.handler.class = null
	sasl.jaas.config = null
	sasl.kerberos.kinit.cmd = /usr/bin/kinit
	sasl.kerberos.min.time.before.relogin = 60000
	sasl.kerberos.service.name = null
	sasl.kerberos.ticket.renew.jitter = 0.05
	sasl.kerberos.ticket.renew.window.factor = 0.8
	sasl.login.callback.handler.class = null
	sasl.login.class = null
	sasl.login.connect.timeout.ms = null
	sasl.login.read.timeout.ms = null
	sasl.login.refresh.buffer.seconds = 300
	sasl.login.refresh.min.period.seconds = 60
	sasl.login.refresh.window.factor = 0.8
	sasl.login.refresh.window.jitter = 0.05
	sasl.login.retry.backoff.max.ms = 10000
	sasl.login.retry.backoff.ms = 100
	sasl.mechanism = GSSAPI
	sasl.oauthbearer.clock.skew.seconds = 30
	sasl.oauthbearer.expected.audience = null
	sasl.oauthbearer.expected.issuer = null
	sasl.oauthbearer.header.urlencode = false
	sasl.oauthbearer.jwks.endpoint.refresh.ms = 3600000
	sasl.oauthbearer.jwks.endpoint.retry.backoff.max.ms = 10000
	sasl.oauthbearer.jwks.endpoint.retry.backoff.ms = 100
	sasl.oauthbearer.jwks.endpoint.url = null
	sasl.oauthbearer.scope.claim.name = scope
	sasl.oauthbearer.sub.claim.name = sub
	sasl.oauthbearer.token.endpoint.url = null
	security.protocol = PLAINTEXT
	security.providers = null
	send.buffer.bytes = 131072
	session.timeout.ms = 45000
	socket.connection.setup.timeout.max.ms = 30000
	socket.connection.setup.timeout.ms = 10000
	ssl.cipher.suites = null
	ssl.enabled.protocols = [TLSv1.2, TLSv1.3]
	ssl.endpoint.identification.algorithm = https
	ssl.engine.factory.class = null
	ssl.key.password = null
	ssl.keymanager.algorithm = SunX509
	ssl.keystore.certificate.chain = null
	ssl.keystore.key = null
	ssl.keystore.location = null
	ssl.keystore.password = null
	ssl.keystore.type = JKS
	ssl.protocol = TLSv1.3
	ssl.provider = null
	ssl.secure.random.implementation = null
	ssl.trustmanager.algorithm = PKIX
	ssl.truststore.certificates = null
	ssl.truststore.location = null
	ssl.truststore.password = null
	ssl.truststore.type = JKS
	value.deserializer = class io.apicurio.registry.serde.avro.AvroKafkaDeserializer

2025-08-13 02:14:00,100 INFO  [org.apa.kaf.com.tel.int.KafkaMetricsCollector] (main) initializing Kafka metrics collector
2025-08-13 02:14:00,114 INFO  [org.apa.kaf.cli.con.ConsumerConfig] (main) These configurations '[apicurio.registry.url]' were supplied but are not used yet.
2025-08-13 02:14:00,115 INFO  [org.apa.kaf.com.uti.AppInfoParser] (main) Kafka version: 3.9.1
2025-08-13 02:14:00,115 INFO  [org.apa.kaf.com.uti.AppInfoParser] (main) Kafka commitId: f745dfdcee2b9851
2025-08-13 02:14:00,115 INFO  [org.apa.kaf.com.uti.AppInfoParser] (main) Kafka startTimeMs: 1755051240115
2025-08-13 02:14:00,117 INFO  [org.apa.kaf.cli.con.int.ClassicKafkaConsumer] (Thread-624) [Consumer clientId=consumer-Consumer-topic-023d9a0d_5217_4608_8044_b929ef71d902-4, groupId=Consumer-topic-023d9a0d_5217_4608_8044_b929ef71d902] Subscribed to topic(s): topic-023d9a0d_5217_4608_8044_b929ef71d902
2025-08-13 02:14:00,128 INFO  [org.apa.kaf.cli.Metadata] (Thread-624) [Consumer clientId=consumer-Consumer-topic-023d9a0d_5217_4608_8044_b929ef71d902-4, groupId=Consumer-topic-023d9a0d_5217_4608_8044_b929ef71d902] Cluster ID: KRqqH0pCSh6FBkmoZ2CGGg
2025-08-13 02:14:00,129 INFO  [org.apa.kaf.cli.con.int.ConsumerCoordinator] (Thread-624) [Consumer clientId=consumer-Consumer-topic-023d9a0d_5217_4608_8044_b929ef71d902-4, groupId=Consumer-topic-023d9a0d_5217_4608_8044_b929ef71d902] Discovered group coordinator localhost:32769 (id: 2147483647 rack: null)
2025-08-13 02:14:00,130 INFO  [org.apa.kaf.cli.con.int.ConsumerCoordinator] (Thread-624) [Consumer clientId=consumer-Consumer-topic-023d9a0d_5217_4608_8044_b929ef71d902-4, groupId=Consumer-topic-023d9a0d_5217_4608_8044_b929ef71d902] (Re-)joining group
2025-08-13 02:14:00,137 INFO  [org.apa.kaf.cli.con.int.ConsumerCoordinator] (Thread-624) [Consumer clientId=consumer-Consumer-topic-023d9a0d_5217_4608_8044_b929ef71d902-4, groupId=Consumer-topic-023d9a0d_5217_4608_8044_b929ef71d902] Request joining group due to: need to re-join with the given member-id: consumer-Consumer-topic-023d9a0d_5217_4608_8044_b929ef71d902-4-bed55444-f020-445e-bb4e-43a13a4e6256
2025-08-13 02:14:00,137 INFO  [org.apa.kaf.cli.con.int.ConsumerCoordinator] (Thread-624) [Consumer clientId=consumer-Consumer-topic-023d9a0d_5217_4608_8044_b929ef71d902-4, groupId=Consumer-topic-023d9a0d_5217_4608_8044_b929ef71d902] (Re-)joining group
2025-08-13 02:14:01,118 INFO  [io.api.tes.ser.api.KafkaSerdesTester] (Thread-624) None found
2025-08-13 02:14:02,119 INFO  [io.api.tes.ser.api.KafkaSerdesTester] (Thread-624) None found
2025-08-13 02:14:03,119 INFO  [io.api.tes.ser.api.KafkaSerdesTester] (Thread-624) None found
2025-08-13 02:14:03,140 INFO  [org.apa.kaf.cli.con.int.ConsumerCoordinator] (Thread-624) [Consumer clientId=consumer-Consumer-topic-023d9a0d_5217_4608_8044_b929ef71d902-4, groupId=Consumer-topic-023d9a0d_5217_4608_8044_b929ef71d902] Successfully joined group with generation Generation{generationId=1, memberId='consumer-Consumer-topic-023d9a0d_5217_4608_8044_b929ef71d902-4-bed55444-f020-445e-bb4e-43a13a4e6256', protocol='range'}
2025-08-13 02:14:03,141 INFO  [org.apa.kaf.cli.con.int.ConsumerCoordinator] (Thread-624) [Consumer clientId=consumer-Consumer-topic-023d9a0d_5217_4608_8044_b929ef71d902-4, groupId=Consumer-topic-023d9a0d_5217_4608_8044_b929ef71d902] Finished assignment for group at generation 1: {consumer-Consumer-topic-023d9a0d_5217_4608_8044_b929ef71d902-4-bed55444-f020-445e-bb4e-43a13a4e6256=Assignment(partitions=[topic-023d9a0d_5217_4608_8044_b929ef71d902-0])}
2025-08-13 02:14:03,149 INFO  [org.apa.kaf.cli.con.int.ConsumerCoordinator] (Thread-624) [Consumer clientId=consumer-Consumer-topic-023d9a0d_5217_4608_8044_b929ef71d902-4, groupId=Consumer-topic-023d9a0d_5217_4608_8044_b929ef71d902] Successfully synced group in generation Generation{generationId=1, memberId='consumer-Consumer-topic-023d9a0d_5217_4608_8044_b929ef71d902-4-bed55444-f020-445e-bb4e-43a13a4e6256', protocol='range'}
2025-08-13 02:14:03,149 INFO  [org.apa.kaf.cli.con.int.ConsumerCoordinator] (Thread-624) [Consumer clientId=consumer-Consumer-topic-023d9a0d_5217_4608_8044_b929ef71d902-4, groupId=Consumer-topic-023d9a0d_5217_4608_8044_b929ef71d902] Notifying assignor about the new Assignment(partitions=[topic-023d9a0d_5217_4608_8044_b929ef71d902-0])
2025-08-13 02:14:03,149 INFO  [org.apa.kaf.cli.con.int.ConsumerRebalanceListenerInvoker] (Thread-624) [Consumer clientId=consumer-Consumer-topic-023d9a0d_5217_4608_8044_b929ef71d902-4, groupId=Consumer-topic-023d9a0d_5217_4608_8044_b929ef71d902] Adding newly assigned partitions: topic-023d9a0d_5217_4608_8044_b929ef71d902-0
2025-08-13 02:14:03,151 INFO  [org.apa.kaf.cli.con.int.ConsumerCoordinator] (Thread-624) [Consumer clientId=consumer-Consumer-topic-023d9a0d_5217_4608_8044_b929ef71d902-4, groupId=Consumer-topic-023d9a0d_5217_4608_8044_b929ef71d902] Found no committed offset for partition topic-023d9a0d_5217_4608_8044_b929ef71d902-0
2025-08-13 02:14:03,155 INFO  [org.apa.kaf.cli.con.int.SubscriptionState] (Thread-624) [Consumer clientId=consumer-Consumer-topic-023d9a0d_5217_4608_8044_b929ef71d902-4, groupId=Consumer-topic-023d9a0d_5217_4608_8044_b929ef71d902] Resetting offset for partition topic-023d9a0d_5217_4608_8044_b929ef71d902-0 to position FetchPosition{offset=0, offsetEpoch=Optional.empty, currentLeader=LeaderAndEpoch{leader=Optional[localhost:32769 (id: 0 rack: null)], epoch=0}}.
2025-08-13 02:14:03,237 INFO  [io.api.tes.ser.api.KafkaSerdesTester] (Thread-624) topic-023d9a0d_5217_4608_8044_b929ef71d902 0 0 {"key11755051239796": "value-0"}
2025-08-13 02:14:03,238 INFO  [io.api.tes.ser.api.KafkaSerdesTester] (Thread-624) topic-023d9a0d_5217_4608_8044_b929ef71d902 0 1 {"key11755051239796": "value-1"}
2025-08-13 02:14:03,238 INFO  [io.api.tes.ser.api.KafkaSerdesTester] (Thread-624) topic-023d9a0d_5217_4608_8044_b929ef71d902 0 2 {"key11755051239796": "value-2"}
2025-08-13 02:14:03,238 INFO  [io.api.tes.ser.api.KafkaSerdesTester] (Thread-624) topic-023d9a0d_5217_4608_8044_b929ef71d902 0 3 {"key11755051239796": "value-3"}
2025-08-13 02:14:03,238 INFO  [io.api.tes.ser.api.KafkaSerdesTester] (Thread-624) topic-023d9a0d_5217_4608_8044_b929ef71d902 0 4 {"key11755051239796": "value-4"}
2025-08-13 02:14:03,238 INFO  [io.api.tes.ser.api.KafkaSerdesTester] (Thread-624) topic-023d9a0d_5217_4608_8044_b929ef71d902 0 5 {"key11755051239796": "value-5"}
2025-08-13 02:14:03,238 INFO  [io.api.tes.ser.api.KafkaSerdesTester] (Thread-624) topic-023d9a0d_5217_4608_8044_b929ef71d902 0 6 {"key11755051239796": "value-6"}
2025-08-13 02:14:03,238 INFO  [io.api.tes.ser.api.KafkaSerdesTester] (Thread-624) topic-023d9a0d_5217_4608_8044_b929ef71d902 0 7 {"key11755051239796": "value-7"}
2025-08-13 02:14:03,238 INFO  [io.api.tes.ser.api.KafkaSerdesTester] (Thread-624) topic-023d9a0d_5217_4608_8044_b929ef71d902 0 8 {"key11755051239796": "value-8"}
2025-08-13 02:14:03,239 INFO  [io.api.tes.ser.api.KafkaSerdesTester] (Thread-624) topic-023d9a0d_5217_4608_8044_b929ef71d902 0 9 {"key11755051239796": "value-9"}
2025-08-13 02:14:03,239 INFO  [io.api.tes.ser.api.KafkaSerdesTester] (Thread-624) Consumed 10 messages
2025-08-13 02:14:03,248 INFO  [org.apa.kaf.cli.con.int.ConsumerRebalanceListenerInvoker] (Thread-624) [Consumer clientId=consumer-Consumer-topic-023d9a0d_5217_4608_8044_b929ef71d902-4, groupId=Consumer-topic-023d9a0d_5217_4608_8044_b929ef71d902] Revoke previously assigned partitions topic-023d9a0d_5217_4608_8044_b929ef71d902-0
2025-08-13 02:14:03,248 INFO  [org.apa.kaf.cli.con.int.ConsumerCoordinator] (Thread-624) [Consumer clientId=consumer-Consumer-topic-023d9a0d_5217_4608_8044_b929ef71d902-4, groupId=Consumer-topic-023d9a0d_5217_4608_8044_b929ef71d902] Member consumer-Consumer-topic-023d9a0d_5217_4608_8044_b929ef71d902-4-bed55444-f020-445e-bb4e-43a13a4e6256 sending LeaveGroup request to coordinator localhost:32769 (id: 2147483647 rack: null) due to the consumer is being closed
2025-08-13 02:14:03,248 INFO  [org.apa.kaf.cli.con.int.ConsumerCoordinator] (Thread-624) [Consumer clientId=consumer-Consumer-topic-023d9a0d_5217_4608_8044_b929ef71d902-4, groupId=Consumer-topic-023d9a0d_5217_4608_8044_b929ef71d902] Resetting generation and member id due to: consumer pro-actively leaving the group
2025-08-13 02:14:03,248 INFO  [org.apa.kaf.cli.con.int.ConsumerCoordinator] (Thread-624) [Consumer clientId=consumer-Consumer-topic-023d9a0d_5217_4608_8044_b929ef71d902-4, groupId=Consumer-topic-023d9a0d_5217_4608_8044_b929ef71d902] Request joining group due to: consumer pro-actively leaving the group
2025-08-13 02:14:03,741 INFO  [org.apa.kaf.com.met.Metrics] (Thread-624) Metrics scheduler closed
2025-08-13 02:14:03,741 INFO  [org.apa.kaf.com.met.Metrics] (Thread-624) Closing reporter org.apache.kafka.common.metrics.JmxReporter
2025-08-13 02:14:03,741 INFO  [org.apa.kaf.com.met.Metrics] (Thread-624) Closing reporter org.apache.kafka.common.telemetry.internals.ClientTelemetryReporter
2025-08-13 02:14:03,741 INFO  [org.apa.kaf.com.met.Metrics] (Thread-624) Metrics reporters closed
2025-08-13 02:14:03,744 INFO  [org.apa.kaf.com.uti.AppInfoParser] (Thread-624) App info kafka.consumer for consumer-Consumer-topic-023d9a0d_5217_4608_8044_b929ef71d902-4 unregistered
2025-08-13 02:14:03,799 INFO  [io.api.tes.uti.TestSeparator] (main) io.apicurio.tests.serdes.apicurio.AvroSerdeIT.testTopicIdStrategyAutoRegister-FINISHED
2025-08-13 02:14:03,800 INFO  [io.api.tes.uti.TestSeparator] (main) ############################################################################
Test passed: testTopicIdStrategyAutoRegister
]]></system-out>
  </testcase>
  <testcase name="testRecordIdStrategydFindLatest" classname="io.apicurio.tests.serdes.apicurio.AvroSerdeIT" time="4.914">
    <system-out><![CDATA[2025-08-13 02:14:03,801 INFO  [io.api.tes.uti.TestSeparator] (main) ############################################################################
2025-08-13 02:14:03,801 INFO  [io.api.tes.uti.TestSeparator] (main) io.apicurio.tests.serdes.apicurio.AvroSerdeIT.testRecordIdStrategydFindLatest-STARTED
2025-08-13 02:14:03,802 INFO  [io.api.tes.ser.api.AvroSerdeIT] (main) Registering Avro Schema: {"type":"record","name":"s1cb3cc1exa8c1x475dx9ad6xb0ba17b3990e","namespace":"s44de062axfbb6x4b53x8043xf6727816092d","fields":[{"name":"key11755051243802","type":"string"}]}
**** Registry Base URL: http://registry-app-inmemory.apps.ci419.apicurio-testing.org:80
2025-08-13 02:14:04,871 INFO  [org.apa.kaf.cli.pro.ProducerConfig] (main) ProducerConfig values: 
	acks = -1
	auto.include.jmx.reporter = true
	batch.size = 16384
	bootstrap.servers = [PLAINTEXT://localhost:32769]
	buffer.memory = 33554432
	client.dns.lookup = use_all_dns_ips
	client.id = Producer-topic-de050aa9_7868_421a_9e5c_1b0ee45fa468
	compression.gzip.level = -1
	compression.lz4.level = 9
	compression.type = none
	compression.zstd.level = 3
	connections.max.idle.ms = 10000
	delivery.timeout.ms = 120000
	enable.idempotence = true
	enable.metrics.push = true
	interceptor.classes = []
	key.serializer = class org.apache.kafka.common.serialization.StringSerializer
	linger.ms = 0
	max.block.ms = 60000
	max.in.flight.requests.per.connection = 5
	max.request.size = 1048576
	metadata.max.age.ms = 300000
	metadata.max.idle.ms = 300000
	metadata.recovery.strategy = none
	metric.reporters = []
	metrics.num.samples = 2
	metrics.recording.level = INFO
	metrics.sample.window.ms = 30000
	partitioner.adaptive.partitioning.enable = true
	partitioner.availability.timeout.ms = 0
	partitioner.class = null
	partitioner.ignore.keys = false
	receive.buffer.bytes = 32768
	reconnect.backoff.max.ms = 1000
	reconnect.backoff.ms = 50
	request.timeout.ms = 5000
	retries = 2147483647
	retry.backoff.max.ms = 1000
	retry.backoff.ms = 100
	sasl.client.callback.handler.class = null
	sasl.jaas.config = null
	sasl.kerberos.kinit.cmd = /usr/bin/kinit
	sasl.kerberos.min.time.before.relogin = 60000
	sasl.kerberos.service.name = null
	sasl.kerberos.ticket.renew.jitter = 0.05
	sasl.kerberos.ticket.renew.window.factor = 0.8
	sasl.login.callback.handler.class = null
	sasl.login.class = null
	sasl.login.connect.timeout.ms = null
	sasl.login.read.timeout.ms = null
	sasl.login.refresh.buffer.seconds = 300
	sasl.login.refresh.min.period.seconds = 60
	sasl.login.refresh.window.factor = 0.8
	sasl.login.refresh.window.jitter = 0.05
	sasl.login.retry.backoff.max.ms = 10000
	sasl.login.retry.backoff.ms = 100
	sasl.mechanism = GSSAPI
	sasl.oauthbearer.clock.skew.seconds = 30
	sasl.oauthbearer.expected.audience = null
	sasl.oauthbearer.expected.issuer = null
	sasl.oauthbearer.header.urlencode = false
	sasl.oauthbearer.jwks.endpoint.refresh.ms = 3600000
	sasl.oauthbearer.jwks.endpoint.retry.backoff.max.ms = 10000
	sasl.oauthbearer.jwks.endpoint.retry.backoff.ms = 100
	sasl.oauthbearer.jwks.endpoint.url = null
	sasl.oauthbearer.scope.claim.name = scope
	sasl.oauthbearer.sub.claim.name = sub
	sasl.oauthbearer.token.endpoint.url = null
	security.protocol = PLAINTEXT
	security.providers = null
	send.buffer.bytes = 131072
	socket.connection.setup.timeout.max.ms = 30000
	socket.connection.setup.timeout.ms = 10000
	ssl.cipher.suites = null
	ssl.enabled.protocols = [TLSv1.2, TLSv1.3]
	ssl.endpoint.identification.algorithm = https
	ssl.engine.factory.class = null
	ssl.key.password = null
	ssl.keymanager.algorithm = SunX509
	ssl.keystore.certificate.chain = null
	ssl.keystore.key = null
	ssl.keystore.location = null
	ssl.keystore.password = null
	ssl.keystore.type = JKS
	ssl.protocol = TLSv1.3
	ssl.provider = null
	ssl.secure.random.implementation = null
	ssl.trustmanager.algorithm = PKIX
	ssl.truststore.certificates = null
	ssl.truststore.location = null
	ssl.truststore.password = null
	ssl.truststore.type = JKS
	transaction.timeout.ms = 60000
	transactional.id = null
	value.serializer = class io.apicurio.registry.serde.avro.AvroKafkaSerializer

2025-08-13 02:14:04,872 INFO  [org.apa.kaf.com.tel.int.KafkaMetricsCollector] (main) initializing Kafka metrics collector
2025-08-13 02:14:04,876 INFO  [org.apa.kaf.cli.pro.KafkaProducer] (main) [Producer clientId=Producer-topic-de050aa9_7868_421a_9e5c_1b0ee45fa468] Instantiated an idempotent producer.
2025-08-13 02:14:04,893 INFO  [org.apa.kaf.cli.pro.ProducerConfig] (main) These configurations '[apicurio.registry.find-latest, apicurio.registry.url, apicurio.registry.artifact-resolver-strategy]' were supplied but are not used yet.
2025-08-13 02:14:04,893 INFO  [org.apa.kaf.com.uti.AppInfoParser] (main) Kafka version: 3.9.1
2025-08-13 02:14:04,893 INFO  [org.apa.kaf.com.uti.AppInfoParser] (main) Kafka commitId: f745dfdcee2b9851
2025-08-13 02:14:04,893 INFO  [org.apa.kaf.com.uti.AppInfoParser] (main) Kafka startTimeMs: 1755051244893
2025-08-13 02:14:04,893 INFO  [io.api.tes.ser.api.SimpleSerdesTesterBuilder$SimpleSerdesTester] (main) Using producer configuration: {apicurio.registry.find-latest=true, apicurio.registry.url=http://registry-app-inmemory.apps.ci419.apicurio-testing.org:80/apis/registry/v3, apicurio.registry.artifact-resolver-strategy=io.apicurio.registry.serde.avro.strategy.RecordIdStrategy, value.serializer=io.apicurio.registry.serde.avro.AvroKafkaSerializer, request.timeout.ms=5000, acks=all, bootstrap.servers=PLAINTEXT://localhost:32769, connections.max.idle.ms=10000, key.serializer=org.apache.kafka.common.serialization.StringSerializer, client.id=Producer-topic-de050aa9_7868_421a_9e5c_1b0ee45fa468}
2025-08-13 02:14:04,893 INFO  [io.api.tes.ser.api.SimpleSerdesTesterBuilder$SimpleSerdesTester] (main) Using consumer configuration: {}
2025-08-13 02:14:04,895 INFO  [io.api.tes.ser.api.KafkaSerdesTester] (Thread-627) Sending message {"key11755051243802": "value-0"} to topic topic-de050aa9_7868_421a_9e5c_1b0ee45fa468
2025-08-13 02:14:04,900 INFO  [org.apa.kaf.cli.Metadata] (kafka-producer-network-thread | Producer-topic-de050aa9_7868_421a_9e5c_1b0ee45fa468) [Producer clientId=Producer-topic-de050aa9_7868_421a_9e5c_1b0ee45fa468] Cluster ID: KRqqH0pCSh6FBkmoZ2CGGg
2025-08-13 02:14:04,901 INFO  [org.apa.kaf.cli.pro.int.TransactionManager] (kafka-producer-network-thread | Producer-topic-de050aa9_7868_421a_9e5c_1b0ee45fa468) [Producer clientId=Producer-topic-de050aa9_7868_421a_9e5c_1b0ee45fa468] ProducerId set to 5 with epoch 0
2025-08-13 02:14:05,014 INFO  [io.api.tes.ser.api.KafkaSerdesTester] (Thread-627) Sending message {"key11755051243802": "value-1"} to topic topic-de050aa9_7868_421a_9e5c_1b0ee45fa468
2025-08-13 02:14:05,024 INFO  [io.api.tes.ser.api.KafkaSerdesTester] (Thread-627) Sending message {"key11755051243802": "value-2"} to topic topic-de050aa9_7868_421a_9e5c_1b0ee45fa468
2025-08-13 02:14:05,028 INFO  [io.api.tes.ser.api.KafkaSerdesTester] (Thread-627) Sending message {"key11755051243802": "value-3"} to topic topic-de050aa9_7868_421a_9e5c_1b0ee45fa468
2025-08-13 02:14:05,033 INFO  [io.api.tes.ser.api.KafkaSerdesTester] (Thread-627) Sending message {"key11755051243802": "value-4"} to topic topic-de050aa9_7868_421a_9e5c_1b0ee45fa468
2025-08-13 02:14:05,039 INFO  [io.api.tes.ser.api.KafkaSerdesTester] (Thread-627) Sending message {"key11755051243802": "value-5"} to topic topic-de050aa9_7868_421a_9e5c_1b0ee45fa468
2025-08-13 02:14:05,042 INFO  [io.api.tes.ser.api.KafkaSerdesTester] (Thread-627) Sending message {"key11755051243802": "value-6"} to topic topic-de050aa9_7868_421a_9e5c_1b0ee45fa468
2025-08-13 02:14:05,054 INFO  [io.api.tes.ser.api.KafkaSerdesTester] (Thread-627) Sending message {"key11755051243802": "value-7"} to topic topic-de050aa9_7868_421a_9e5c_1b0ee45fa468
2025-08-13 02:14:05,059 INFO  [io.api.tes.ser.api.KafkaSerdesTester] (Thread-627) Sending message {"key11755051243802": "value-8"} to topic topic-de050aa9_7868_421a_9e5c_1b0ee45fa468
2025-08-13 02:14:05,062 INFO  [io.api.tes.ser.api.KafkaSerdesTester] (Thread-627) Sending message {"key11755051243802": "value-9"} to topic topic-de050aa9_7868_421a_9e5c_1b0ee45fa468
2025-08-13 02:14:05,066 INFO  [io.api.tes.ser.api.KafkaSerdesTester] (Thread-627) Produced 10 messages
2025-08-13 02:14:05,067 INFO  [org.apa.kaf.cli.pro.KafkaProducer] (Thread-627) [Producer clientId=Producer-topic-de050aa9_7868_421a_9e5c_1b0ee45fa468] Closing the Kafka producer with timeoutMillis = 9223372036854775807 ms.
2025-08-13 02:14:05,069 INFO  [org.apa.kaf.com.met.Metrics] (Thread-627) Metrics scheduler closed
2025-08-13 02:14:05,069 INFO  [org.apa.kaf.com.met.Metrics] (Thread-627) Closing reporter org.apache.kafka.common.metrics.JmxReporter
2025-08-13 02:14:05,069 INFO  [org.apa.kaf.com.met.Metrics] (Thread-627) Closing reporter org.apache.kafka.common.telemetry.internals.ClientTelemetryReporter
2025-08-13 02:14:05,069 INFO  [org.apa.kaf.com.met.Metrics] (Thread-627) Metrics reporters closed
2025-08-13 02:14:05,070 INFO  [org.apa.kaf.com.uti.AppInfoParser] (Thread-627) App info kafka.producer for Producer-topic-de050aa9_7868_421a_9e5c_1b0ee45fa468 unregistered
**** Registry Base URL: http://registry-app-inmemory.apps.ci419.apicurio-testing.org:80
2025-08-13 02:14:05,071 INFO  [org.apa.kaf.cli.con.ConsumerConfig] (main) ConsumerConfig values: 
	allow.auto.create.topics = true
	auto.commit.interval.ms = 500
	auto.include.jmx.reporter = true
	auto.offset.reset = earliest
	bootstrap.servers = [PLAINTEXT://localhost:32769]
	check.crcs = true
	client.dns.lookup = use_all_dns_ips
	client.id = consumer-Consumer-topic-de050aa9_7868_421a_9e5c_1b0ee45fa468-5
	client.rack = 
	connections.max.idle.ms = 10000
	default.api.timeout.ms = 60000
	enable.auto.commit = true
	enable.metrics.push = true
	exclude.internal.topics = true
	fetch.max.bytes = 52428800
	fetch.max.wait.ms = 500
	fetch.min.bytes = 1
	group.id = Consumer-topic-de050aa9_7868_421a_9e5c_1b0ee45fa468
	group.instance.id = null
	group.protocol = classic
	group.remote.assignor = null
	heartbeat.interval.ms = 3000
	interceptor.classes = []
	internal.leave.group.on.close = true
	internal.throw.on.fetch.stable.offset.unsupported = false
	isolation.level = read_uncommitted
	key.deserializer = class org.apache.kafka.common.serialization.StringDeserializer
	max.partition.fetch.bytes = 1048576
	max.poll.interval.ms = 300000
	max.poll.records = 500
	metadata.max.age.ms = 300000
	metadata.recovery.strategy = none
	metric.reporters = []
	metrics.num.samples = 2
	metrics.recording.level = INFO
	metrics.sample.window.ms = 30000
	partition.assignment.strategy = [class org.apache.kafka.clients.consumer.RangeAssignor, class org.apache.kafka.clients.consumer.CooperativeStickyAssignor]
	receive.buffer.bytes = 65536
	reconnect.backoff.max.ms = 1000
	reconnect.backoff.ms = 50
	request.timeout.ms = 5000
	retry.backoff.max.ms = 1000
	retry.backoff.ms = 100
	sasl.client.callback.handler.class = null
	sasl.jaas.config = null
	sasl.kerberos.kinit.cmd = /usr/bin/kinit
	sasl.kerberos.min.time.before.relogin = 60000
	sasl.kerberos.service.name = null
	sasl.kerberos.ticket.renew.jitter = 0.05
	sasl.kerberos.ticket.renew.window.factor = 0.8
	sasl.login.callback.handler.class = null
	sasl.login.class = null
	sasl.login.connect.timeout.ms = null
	sasl.login.read.timeout.ms = null
	sasl.login.refresh.buffer.seconds = 300
	sasl.login.refresh.min.period.seconds = 60
	sasl.login.refresh.window.factor = 0.8
	sasl.login.refresh.window.jitter = 0.05
	sasl.login.retry.backoff.max.ms = 10000
	sasl.login.retry.backoff.ms = 100
	sasl.mechanism = GSSAPI
	sasl.oauthbearer.clock.skew.seconds = 30
	sasl.oauthbearer.expected.audience = null
	sasl.oauthbearer.expected.issuer = null
	sasl.oauthbearer.header.urlencode = false
	sasl.oauthbearer.jwks.endpoint.refresh.ms = 3600000
	sasl.oauthbearer.jwks.endpoint.retry.backoff.max.ms = 10000
	sasl.oauthbearer.jwks.endpoint.retry.backoff.ms = 100
	sasl.oauthbearer.jwks.endpoint.url = null
	sasl.oauthbearer.scope.claim.name = scope
	sasl.oauthbearer.sub.claim.name = sub
	sasl.oauthbearer.token.endpoint.url = null
	security.protocol = PLAINTEXT
	security.providers = null
	send.buffer.bytes = 131072
	session.timeout.ms = 45000
	socket.connection.setup.timeout.max.ms = 30000
	socket.connection.setup.timeout.ms = 10000
	ssl.cipher.suites = null
	ssl.enabled.protocols = [TLSv1.2, TLSv1.3]
	ssl.endpoint.identification.algorithm = https
	ssl.engine.factory.class = null
	ssl.key.password = null
	ssl.keymanager.algorithm = SunX509
	ssl.keystore.certificate.chain = null
	ssl.keystore.key = null
	ssl.keystore.location = null
	ssl.keystore.password = null
	ssl.keystore.type = JKS
	ssl.protocol = TLSv1.3
	ssl.provider = null
	ssl.secure.random.implementation = null
	ssl.trustmanager.algorithm = PKIX
	ssl.truststore.certificates = null
	ssl.truststore.location = null
	ssl.truststore.password = null
	ssl.truststore.type = JKS
	value.deserializer = class io.apicurio.registry.serde.avro.AvroKafkaDeserializer

2025-08-13 02:14:05,071 INFO  [org.apa.kaf.com.tel.int.KafkaMetricsCollector] (main) initializing Kafka metrics collector
2025-08-13 02:14:05,080 INFO  [org.apa.kaf.cli.con.ConsumerConfig] (main) These configurations '[apicurio.registry.url]' were supplied but are not used yet.
2025-08-13 02:14:05,081 INFO  [org.apa.kaf.com.uti.AppInfoParser] (main) Kafka version: 3.9.1
2025-08-13 02:14:05,081 INFO  [org.apa.kaf.com.uti.AppInfoParser] (main) Kafka commitId: f745dfdcee2b9851
2025-08-13 02:14:05,081 INFO  [org.apa.kaf.com.uti.AppInfoParser] (main) Kafka startTimeMs: 1755051245081
2025-08-13 02:14:05,081 INFO  [org.apa.kaf.cli.con.int.ClassicKafkaConsumer] (Thread-630) [Consumer clientId=consumer-Consumer-topic-de050aa9_7868_421a_9e5c_1b0ee45fa468-5, groupId=Consumer-topic-de050aa9_7868_421a_9e5c_1b0ee45fa468] Subscribed to topic(s): topic-de050aa9_7868_421a_9e5c_1b0ee45fa468
2025-08-13 02:14:05,089 INFO  [org.apa.kaf.cli.Metadata] (Thread-630) [Consumer clientId=consumer-Consumer-topic-de050aa9_7868_421a_9e5c_1b0ee45fa468-5, groupId=Consumer-topic-de050aa9_7868_421a_9e5c_1b0ee45fa468] Cluster ID: KRqqH0pCSh6FBkmoZ2CGGg
2025-08-13 02:14:05,092 INFO  [org.apa.kaf.cli.con.int.ConsumerCoordinator] (Thread-630) [Consumer clientId=consumer-Consumer-topic-de050aa9_7868_421a_9e5c_1b0ee45fa468-5, groupId=Consumer-topic-de050aa9_7868_421a_9e5c_1b0ee45fa468] Discovered group coordinator localhost:32769 (id: 2147483647 rack: null)
2025-08-13 02:14:05,094 INFO  [org.apa.kaf.cli.con.int.ConsumerCoordinator] (Thread-630) [Consumer clientId=consumer-Consumer-topic-de050aa9_7868_421a_9e5c_1b0ee45fa468-5, groupId=Consumer-topic-de050aa9_7868_421a_9e5c_1b0ee45fa468] (Re-)joining group
2025-08-13 02:14:05,100 INFO  [org.apa.kaf.cli.con.int.ConsumerCoordinator] (Thread-630) [Consumer clientId=consumer-Consumer-topic-de050aa9_7868_421a_9e5c_1b0ee45fa468-5, groupId=Consumer-topic-de050aa9_7868_421a_9e5c_1b0ee45fa468] Request joining group due to: need to re-join with the given member-id: consumer-Consumer-topic-de050aa9_7868_421a_9e5c_1b0ee45fa468-5-bcc76f5e-3f4f-4139-8fad-4e527af15b68
2025-08-13 02:14:05,101 INFO  [org.apa.kaf.cli.con.int.ConsumerCoordinator] (Thread-630) [Consumer clientId=consumer-Consumer-topic-de050aa9_7868_421a_9e5c_1b0ee45fa468-5, groupId=Consumer-topic-de050aa9_7868_421a_9e5c_1b0ee45fa468] (Re-)joining group
2025-08-13 02:14:06,081 INFO  [io.api.tes.ser.api.KafkaSerdesTester] (Thread-630) None found
2025-08-13 02:14:07,082 INFO  [io.api.tes.ser.api.KafkaSerdesTester] (Thread-630) None found
2025-08-13 02:14:08,083 INFO  [io.api.tes.ser.api.KafkaSerdesTester] (Thread-630) None found
2025-08-13 02:14:08,106 INFO  [org.apa.kaf.cli.con.int.ConsumerCoordinator] (Thread-630) [Consumer clientId=consumer-Consumer-topic-de050aa9_7868_421a_9e5c_1b0ee45fa468-5, groupId=Consumer-topic-de050aa9_7868_421a_9e5c_1b0ee45fa468] Successfully joined group with generation Generation{generationId=1, memberId='consumer-Consumer-topic-de050aa9_7868_421a_9e5c_1b0ee45fa468-5-bcc76f5e-3f4f-4139-8fad-4e527af15b68', protocol='range'}
2025-08-13 02:14:08,106 INFO  [org.apa.kaf.cli.con.int.ConsumerCoordinator] (Thread-630) [Consumer clientId=consumer-Consumer-topic-de050aa9_7868_421a_9e5c_1b0ee45fa468-5, groupId=Consumer-topic-de050aa9_7868_421a_9e5c_1b0ee45fa468] Finished assignment for group at generation 1: {consumer-Consumer-topic-de050aa9_7868_421a_9e5c_1b0ee45fa468-5-bcc76f5e-3f4f-4139-8fad-4e527af15b68=Assignment(partitions=[topic-de050aa9_7868_421a_9e5c_1b0ee45fa468-0])}
2025-08-13 02:14:08,115 INFO  [org.apa.kaf.cli.con.int.ConsumerCoordinator] (Thread-630) [Consumer clientId=consumer-Consumer-topic-de050aa9_7868_421a_9e5c_1b0ee45fa468-5, groupId=Consumer-topic-de050aa9_7868_421a_9e5c_1b0ee45fa468] Successfully synced group in generation Generation{generationId=1, memberId='consumer-Consumer-topic-de050aa9_7868_421a_9e5c_1b0ee45fa468-5-bcc76f5e-3f4f-4139-8fad-4e527af15b68', protocol='range'}
2025-08-13 02:14:08,115 INFO  [org.apa.kaf.cli.con.int.ConsumerCoordinator] (Thread-630) [Consumer clientId=consumer-Consumer-topic-de050aa9_7868_421a_9e5c_1b0ee45fa468-5, groupId=Consumer-topic-de050aa9_7868_421a_9e5c_1b0ee45fa468] Notifying assignor about the new Assignment(partitions=[topic-de050aa9_7868_421a_9e5c_1b0ee45fa468-0])
2025-08-13 02:14:08,115 INFO  [org.apa.kaf.cli.con.int.ConsumerRebalanceListenerInvoker] (Thread-630) [Consumer clientId=consumer-Consumer-topic-de050aa9_7868_421a_9e5c_1b0ee45fa468-5, groupId=Consumer-topic-de050aa9_7868_421a_9e5c_1b0ee45fa468] Adding newly assigned partitions: topic-de050aa9_7868_421a_9e5c_1b0ee45fa468-0
2025-08-13 02:14:08,116 INFO  [org.apa.kaf.cli.con.int.ConsumerCoordinator] (Thread-630) [Consumer clientId=consumer-Consumer-topic-de050aa9_7868_421a_9e5c_1b0ee45fa468-5, groupId=Consumer-topic-de050aa9_7868_421a_9e5c_1b0ee45fa468] Found no committed offset for partition topic-de050aa9_7868_421a_9e5c_1b0ee45fa468-0
2025-08-13 02:14:08,120 INFO  [org.apa.kaf.cli.con.int.SubscriptionState] (Thread-630) [Consumer clientId=consumer-Consumer-topic-de050aa9_7868_421a_9e5c_1b0ee45fa468-5, groupId=Consumer-topic-de050aa9_7868_421a_9e5c_1b0ee45fa468] Resetting offset for partition topic-de050aa9_7868_421a_9e5c_1b0ee45fa468-0 to position FetchPosition{offset=0, offsetEpoch=Optional.empty, currentLeader=LeaderAndEpoch{leader=Optional[localhost:32769 (id: 0 rack: null)], epoch=0}}.
2025-08-13 02:14:08,204 INFO  [io.api.tes.ser.api.KafkaSerdesTester] (Thread-630) topic-de050aa9_7868_421a_9e5c_1b0ee45fa468 0 0 {"key11755051243802": "value-0"}
2025-08-13 02:14:08,204 INFO  [io.api.tes.ser.api.KafkaSerdesTester] (Thread-630) topic-de050aa9_7868_421a_9e5c_1b0ee45fa468 0 1 {"key11755051243802": "value-1"}
2025-08-13 02:14:08,204 INFO  [io.api.tes.ser.api.KafkaSerdesTester] (Thread-630) topic-de050aa9_7868_421a_9e5c_1b0ee45fa468 0 2 {"key11755051243802": "value-2"}
2025-08-13 02:14:08,204 INFO  [io.api.tes.ser.api.KafkaSerdesTester] (Thread-630) topic-de050aa9_7868_421a_9e5c_1b0ee45fa468 0 3 {"key11755051243802": "value-3"}
2025-08-13 02:14:08,204 INFO  [io.api.tes.ser.api.KafkaSerdesTester] (Thread-630) topic-de050aa9_7868_421a_9e5c_1b0ee45fa468 0 4 {"key11755051243802": "value-4"}
2025-08-13 02:14:08,204 INFO  [io.api.tes.ser.api.KafkaSerdesTester] (Thread-630) topic-de050aa9_7868_421a_9e5c_1b0ee45fa468 0 5 {"key11755051243802": "value-5"}
2025-08-13 02:14:08,204 INFO  [io.api.tes.ser.api.KafkaSerdesTester] (Thread-630) topic-de050aa9_7868_421a_9e5c_1b0ee45fa468 0 6 {"key11755051243802": "value-6"}
2025-08-13 02:14:08,206 INFO  [io.api.tes.ser.api.KafkaSerdesTester] (Thread-630) topic-de050aa9_7868_421a_9e5c_1b0ee45fa468 0 7 {"key11755051243802": "value-7"}
2025-08-13 02:14:08,206 INFO  [io.api.tes.ser.api.KafkaSerdesTester] (Thread-630) topic-de050aa9_7868_421a_9e5c_1b0ee45fa468 0 8 {"key11755051243802": "value-8"}
2025-08-13 02:14:08,206 INFO  [io.api.tes.ser.api.KafkaSerdesTester] (Thread-630) topic-de050aa9_7868_421a_9e5c_1b0ee45fa468 0 9 {"key11755051243802": "value-9"}
2025-08-13 02:14:08,206 INFO  [io.api.tes.ser.api.KafkaSerdesTester] (Thread-630) Consumed 10 messages
2025-08-13 02:14:08,219 INFO  [org.apa.kaf.cli.con.int.ConsumerRebalanceListenerInvoker] (Thread-630) [Consumer clientId=consumer-Consumer-topic-de050aa9_7868_421a_9e5c_1b0ee45fa468-5, groupId=Consumer-topic-de050aa9_7868_421a_9e5c_1b0ee45fa468] Revoke previously assigned partitions topic-de050aa9_7868_421a_9e5c_1b0ee45fa468-0
2025-08-13 02:14:08,219 INFO  [org.apa.kaf.cli.con.int.ConsumerCoordinator] (Thread-630) [Consumer clientId=consumer-Consumer-topic-de050aa9_7868_421a_9e5c_1b0ee45fa468-5, groupId=Consumer-topic-de050aa9_7868_421a_9e5c_1b0ee45fa468] Member consumer-Consumer-topic-de050aa9_7868_421a_9e5c_1b0ee45fa468-5-bcc76f5e-3f4f-4139-8fad-4e527af15b68 sending LeaveGroup request to coordinator localhost:32769 (id: 2147483647 rack: null) due to the consumer is being closed
2025-08-13 02:14:08,220 INFO  [org.apa.kaf.cli.con.int.ConsumerCoordinator] (Thread-630) [Consumer clientId=consumer-Consumer-topic-de050aa9_7868_421a_9e5c_1b0ee45fa468-5, groupId=Consumer-topic-de050aa9_7868_421a_9e5c_1b0ee45fa468] Resetting generation and member id due to: consumer pro-actively leaving the group
2025-08-13 02:14:08,220 INFO  [org.apa.kaf.cli.con.int.ConsumerCoordinator] (Thread-630) [Consumer clientId=consumer-Consumer-topic-de050aa9_7868_421a_9e5c_1b0ee45fa468-5, groupId=Consumer-topic-de050aa9_7868_421a_9e5c_1b0ee45fa468] Request joining group due to: consumer pro-actively leaving the group
2025-08-13 02:14:08,707 INFO  [org.apa.kaf.com.met.Metrics] (Thread-630) Metrics scheduler closed
2025-08-13 02:14:08,707 INFO  [org.apa.kaf.com.met.Metrics] (Thread-630) Closing reporter org.apache.kafka.common.metrics.JmxReporter
2025-08-13 02:14:08,707 INFO  [org.apa.kaf.com.met.Metrics] (Thread-630) Closing reporter org.apache.kafka.common.telemetry.internals.ClientTelemetryReporter
2025-08-13 02:14:08,707 INFO  [org.apa.kaf.com.met.Metrics] (Thread-630) Metrics reporters closed
2025-08-13 02:14:08,710 INFO  [org.apa.kaf.com.uti.AppInfoParser] (Thread-630) App info kafka.consumer for consumer-Consumer-topic-de050aa9_7868_421a_9e5c_1b0ee45fa468-5 unregistered
2025-08-13 02:14:08,714 INFO  [io.api.tes.uti.TestSeparator] (main) io.apicurio.tests.serdes.apicurio.AvroSerdeIT.testRecordIdStrategydFindLatest-FINISHED
2025-08-13 02:14:08,714 INFO  [io.api.tes.uti.TestSeparator] (main) ############################################################################
Test passed: testRecordIdStrategydFindLatest
]]></system-out>
  </testcase>
  <testcase name="testReflectAutoRegister" classname="io.apicurio.tests.serdes.apicurio.AvroSerdeIT" time="3.975">
    <system-out><![CDATA[2025-08-13 02:14:08,715 INFO  [io.api.tes.uti.TestSeparator] (main) ############################################################################
2025-08-13 02:14:08,716 INFO  [io.api.tes.uti.TestSeparator] (main) io.apicurio.tests.serdes.apicurio.AvroSerdeIT.testReflectAutoRegister-STARTED
**** Registry Base URL: http://registry-app-inmemory.apps.ci419.apicurio-testing.org:80
2025-08-13 02:14:08,723 INFO  [org.apa.kaf.cli.pro.ProducerConfig] (main) ProducerConfig values: 
	acks = -1
	auto.include.jmx.reporter = true
	batch.size = 16384
	bootstrap.servers = [PLAINTEXT://localhost:32769]
	buffer.memory = 33554432
	client.dns.lookup = use_all_dns_ips
	client.id = Producer-topic-2cb11668_9bbc_4452_8f5e_6a3f78c1a64f
	compression.gzip.level = -1
	compression.lz4.level = 9
	compression.type = none
	compression.zstd.level = 3
	connections.max.idle.ms = 10000
	delivery.timeout.ms = 120000
	enable.idempotence = true
	enable.metrics.push = true
	interceptor.classes = []
	key.serializer = class org.apache.kafka.common.serialization.StringSerializer
	linger.ms = 0
	max.block.ms = 60000
	max.in.flight.requests.per.connection = 5
	max.request.size = 1048576
	metadata.max.age.ms = 300000
	metadata.max.idle.ms = 300000
	metadata.recovery.strategy = none
	metric.reporters = []
	metrics.num.samples = 2
	metrics.recording.level = INFO
	metrics.sample.window.ms = 30000
	partitioner.adaptive.partitioning.enable = true
	partitioner.availability.timeout.ms = 0
	partitioner.class = null
	partitioner.ignore.keys = false
	receive.buffer.bytes = 32768
	reconnect.backoff.max.ms = 1000
	reconnect.backoff.ms = 50
	request.timeout.ms = 5000
	retries = 2147483647
	retry.backoff.max.ms = 1000
	retry.backoff.ms = 100
	sasl.client.callback.handler.class = null
	sasl.jaas.config = null
	sasl.kerberos.kinit.cmd = /usr/bin/kinit
	sasl.kerberos.min.time.before.relogin = 60000
	sasl.kerberos.service.name = null
	sasl.kerberos.ticket.renew.jitter = 0.05
	sasl.kerberos.ticket.renew.window.factor = 0.8
	sasl.login.callback.handler.class = null
	sasl.login.class = null
	sasl.login.connect.timeout.ms = null
	sasl.login.read.timeout.ms = null
	sasl.login.refresh.buffer.seconds = 300
	sasl.login.refresh.min.period.seconds = 60
	sasl.login.refresh.window.factor = 0.8
	sasl.login.refresh.window.jitter = 0.05
	sasl.login.retry.backoff.max.ms = 10000
	sasl.login.retry.backoff.ms = 100
	sasl.mechanism = GSSAPI
	sasl.oauthbearer.clock.skew.seconds = 30
	sasl.oauthbearer.expected.audience = null
	sasl.oauthbearer.expected.issuer = null
	sasl.oauthbearer.header.urlencode = false
	sasl.oauthbearer.jwks.endpoint.refresh.ms = 3600000
	sasl.oauthbearer.jwks.endpoint.retry.backoff.max.ms = 10000
	sasl.oauthbearer.jwks.endpoint.retry.backoff.ms = 100
	sasl.oauthbearer.jwks.endpoint.url = null
	sasl.oauthbearer.scope.claim.name = scope
	sasl.oauthbearer.sub.claim.name = sub
	sasl.oauthbearer.token.endpoint.url = null
	security.protocol = PLAINTEXT
	security.providers = null
	send.buffer.bytes = 131072
	socket.connection.setup.timeout.max.ms = 30000
	socket.connection.setup.timeout.ms = 10000
	ssl.cipher.suites = null
	ssl.enabled.protocols = [TLSv1.2, TLSv1.3]
	ssl.endpoint.identification.algorithm = https
	ssl.engine.factory.class = null
	ssl.key.password = null
	ssl.keymanager.algorithm = SunX509
	ssl.keystore.certificate.chain = null
	ssl.keystore.key = null
	ssl.keystore.location = null
	ssl.keystore.password = null
	ssl.keystore.type = JKS
	ssl.protocol = TLSv1.3
	ssl.provider = null
	ssl.secure.random.implementation = null
	ssl.trustmanager.algorithm = PKIX
	ssl.truststore.certificates = null
	ssl.truststore.location = null
	ssl.truststore.password = null
	ssl.truststore.type = JKS
	transaction.timeout.ms = 60000
	transactional.id = null
	value.serializer = class io.apicurio.registry.serde.avro.AvroKafkaSerializer

2025-08-13 02:14:08,724 INFO  [org.apa.kaf.com.tel.int.KafkaMetricsCollector] (main) initializing Kafka metrics collector
2025-08-13 02:14:08,737 INFO  [org.apa.kaf.cli.pro.KafkaProducer] (main) [Producer clientId=Producer-topic-2cb11668_9bbc_4452_8f5e_6a3f78c1a64f] Instantiated an idempotent producer.
2025-08-13 02:14:08,740 INFO  [org.apa.kaf.cli.pro.ProducerConfig] (main) These configurations '[apicurio.registry.url, apicurio.registry.auto-register, apicurio.registry.artifact-resolver-strategy, apicurio.registry.avro-datum-provider]' were supplied but are not used yet.
2025-08-13 02:14:08,741 INFO  [org.apa.kaf.com.uti.AppInfoParser] (main) Kafka version: 3.9.1
2025-08-13 02:14:08,741 INFO  [org.apa.kaf.com.uti.AppInfoParser] (main) Kafka commitId: f745dfdcee2b9851
2025-08-13 02:14:08,741 INFO  [org.apa.kaf.com.uti.AppInfoParser] (main) Kafka startTimeMs: 1755051248740
2025-08-13 02:14:08,742 INFO  [io.api.tes.ser.api.SimpleSerdesTesterBuilder$SimpleSerdesTester] (main) Using producer configuration: {apicurio.registry.url=http://registry-app-inmemory.apps.ci419.apicurio-testing.org:80/apis/registry/v3, apicurio.registry.auto-register=true, apicurio.registry.artifact-resolver-strategy=io.apicurio.registry.serde.strategy.TopicIdStrategy, value.serializer=io.apicurio.registry.serde.avro.AvroKafkaSerializer, request.timeout.ms=5000, acks=all, bootstrap.servers=PLAINTEXT://localhost:32769, connections.max.idle.ms=10000, key.serializer=org.apache.kafka.common.serialization.StringSerializer, apicurio.registry.avro-datum-provider=io.apicurio.registry.serde.avro.ReflectAvroDatumProvider, client.id=Producer-topic-2cb11668_9bbc_4452_8f5e_6a3f78c1a64f}
2025-08-13 02:14:08,742 INFO  [io.api.tes.ser.api.SimpleSerdesTesterBuilder$SimpleSerdesTester] (main) Using consumer configuration: {apicurio.registry.avro-datum-provider=io.apicurio.registry.serde.avro.ReflectAvroDatumProvider}
2025-08-13 02:14:08,744 INFO  [io.api.tes.ser.api.KafkaSerdesTester] (Thread-633) Sending message io.apicurio.tests.common.serdes.TestObject@3dbd29cb to topic topic-2cb11668_9bbc_4452_8f5e_6a3f78c1a64f
2025-08-13 02:14:08,747 WARN  [org.apa.kaf.cli.NetworkClient] (kafka-producer-network-thread | Producer-topic-2cb11668_9bbc_4452_8f5e_6a3f78c1a64f) [Producer clientId=Producer-topic-2cb11668_9bbc_4452_8f5e_6a3f78c1a64f] The metadata response from the cluster reported a recoverable issue with correlation id 1 : {topic-2cb11668_9bbc_4452_8f5e_6a3f78c1a64f=UNKNOWN_TOPIC_OR_PARTITION}
2025-08-13 02:14:08,747 INFO  [org.apa.kaf.cli.Metadata] (kafka-producer-network-thread | Producer-topic-2cb11668_9bbc_4452_8f5e_6a3f78c1a64f) [Producer clientId=Producer-topic-2cb11668_9bbc_4452_8f5e_6a3f78c1a64f] Cluster ID: KRqqH0pCSh6FBkmoZ2CGGg
2025-08-13 02:14:08,747 INFO  [org.apa.kaf.cli.pro.int.TransactionManager] (kafka-producer-network-thread | Producer-topic-2cb11668_9bbc_4452_8f5e_6a3f78c1a64f) [Producer clientId=Producer-topic-2cb11668_9bbc_4452_8f5e_6a3f78c1a64f] ProducerId set to 6 with epoch 0
2025-08-13 02:14:08,951 INFO  [io.api.tes.ser.api.KafkaSerdesTester] (Thread-633) Sending message io.apicurio.tests.common.serdes.TestObject@3dbd29cb to topic topic-2cb11668_9bbc_4452_8f5e_6a3f78c1a64f
2025-08-13 02:14:08,953 INFO  [io.api.tes.ser.api.KafkaSerdesTester] (Thread-633) Sending message io.apicurio.tests.common.serdes.TestObject@3dbd29cb to topic topic-2cb11668_9bbc_4452_8f5e_6a3f78c1a64f
2025-08-13 02:14:08,956 INFO  [io.api.tes.ser.api.KafkaSerdesTester] (Thread-633) Sending message io.apicurio.tests.common.serdes.TestObject@3dbd29cb to topic topic-2cb11668_9bbc_4452_8f5e_6a3f78c1a64f
2025-08-13 02:14:08,960 INFO  [io.api.tes.ser.api.KafkaSerdesTester] (Thread-633) Sending message io.apicurio.tests.common.serdes.TestObject@3dbd29cb to topic topic-2cb11668_9bbc_4452_8f5e_6a3f78c1a64f
2025-08-13 02:14:08,964 INFO  [io.api.tes.ser.api.KafkaSerdesTester] (Thread-633) Sending message io.apicurio.tests.common.serdes.TestObject@3dbd29cb to topic topic-2cb11668_9bbc_4452_8f5e_6a3f78c1a64f
2025-08-13 02:14:08,968 INFO  [io.api.tes.ser.api.KafkaSerdesTester] (Thread-633) Sending message io.apicurio.tests.common.serdes.TestObject@3dbd29cb to topic topic-2cb11668_9bbc_4452_8f5e_6a3f78c1a64f
2025-08-13 02:14:08,972 INFO  [io.api.tes.ser.api.KafkaSerdesTester] (Thread-633) Sending message io.apicurio.tests.common.serdes.TestObject@3dbd29cb to topic topic-2cb11668_9bbc_4452_8f5e_6a3f78c1a64f
2025-08-13 02:14:08,976 INFO  [io.api.tes.ser.api.KafkaSerdesTester] (Thread-633) Sending message io.apicurio.tests.common.serdes.TestObject@3dbd29cb to topic topic-2cb11668_9bbc_4452_8f5e_6a3f78c1a64f
2025-08-13 02:14:08,980 INFO  [io.api.tes.ser.api.KafkaSerdesTester] (Thread-633) Sending message io.apicurio.tests.common.serdes.TestObject@3dbd29cb to topic topic-2cb11668_9bbc_4452_8f5e_6a3f78c1a64f
2025-08-13 02:14:08,983 INFO  [io.api.tes.ser.api.KafkaSerdesTester] (Thread-633) Produced 10 messages
2025-08-13 02:14:08,983 INFO  [org.apa.kaf.cli.pro.KafkaProducer] (Thread-633) [Producer clientId=Producer-topic-2cb11668_9bbc_4452_8f5e_6a3f78c1a64f] Closing the Kafka producer with timeoutMillis = 9223372036854775807 ms.
2025-08-13 02:14:08,985 INFO  [org.apa.kaf.com.met.Metrics] (Thread-633) Metrics scheduler closed
2025-08-13 02:14:08,986 INFO  [org.apa.kaf.com.met.Metrics] (Thread-633) Closing reporter org.apache.kafka.common.metrics.JmxReporter
2025-08-13 02:14:08,986 INFO  [org.apa.kaf.com.met.Metrics] (Thread-633) Closing reporter org.apache.kafka.common.telemetry.internals.ClientTelemetryReporter
2025-08-13 02:14:08,986 INFO  [org.apa.kaf.com.met.Metrics] (Thread-633) Metrics reporters closed
2025-08-13 02:14:08,986 INFO  [org.apa.kaf.com.uti.AppInfoParser] (Thread-633) App info kafka.producer for Producer-topic-2cb11668_9bbc_4452_8f5e_6a3f78c1a64f unregistered
**** Registry Base URL: http://registry-app-inmemory.apps.ci419.apicurio-testing.org:80
2025-08-13 02:14:09,042 INFO  [org.apa.kaf.cli.con.ConsumerConfig] (main) ConsumerConfig values: 
	allow.auto.create.topics = true
	auto.commit.interval.ms = 500
	auto.include.jmx.reporter = true
	auto.offset.reset = earliest
	bootstrap.servers = [PLAINTEXT://localhost:32769]
	check.crcs = true
	client.dns.lookup = use_all_dns_ips
	client.id = consumer-Consumer-topic-2cb11668_9bbc_4452_8f5e_6a3f78c1a64f-6
	client.rack = 
	connections.max.idle.ms = 10000
	default.api.timeout.ms = 60000
	enable.auto.commit = true
	enable.metrics.push = true
	exclude.internal.topics = true
	fetch.max.bytes = 52428800
	fetch.max.wait.ms = 500
	fetch.min.bytes = 1
	group.id = Consumer-topic-2cb11668_9bbc_4452_8f5e_6a3f78c1a64f
	group.instance.id = null
	group.protocol = classic
	group.remote.assignor = null
	heartbeat.interval.ms = 3000
	interceptor.classes = []
	internal.leave.group.on.close = true
	internal.throw.on.fetch.stable.offset.unsupported = false
	isolation.level = read_uncommitted
	key.deserializer = class org.apache.kafka.common.serialization.StringDeserializer
	max.partition.fetch.bytes = 1048576
	max.poll.interval.ms = 300000
	max.poll.records = 500
	metadata.max.age.ms = 300000
	metadata.recovery.strategy = none
	metric.reporters = []
	metrics.num.samples = 2
	metrics.recording.level = INFO
	metrics.sample.window.ms = 30000
	partition.assignment.strategy = [class org.apache.kafka.clients.consumer.RangeAssignor, class org.apache.kafka.clients.consumer.CooperativeStickyAssignor]
	receive.buffer.bytes = 65536
	reconnect.backoff.max.ms = 1000
	reconnect.backoff.ms = 50
	request.timeout.ms = 5000
	retry.backoff.max.ms = 1000
	retry.backoff.ms = 100
	sasl.client.callback.handler.class = null
	sasl.jaas.config = null
	sasl.kerberos.kinit.cmd = /usr/bin/kinit
	sasl.kerberos.min.time.before.relogin = 60000
	sasl.kerberos.service.name = null
	sasl.kerberos.ticket.renew.jitter = 0.05
	sasl.kerberos.ticket.renew.window.factor = 0.8
	sasl.login.callback.handler.class = null
	sasl.login.class = null
	sasl.login.connect.timeout.ms = null
	sasl.login.read.timeout.ms = null
	sasl.login.refresh.buffer.seconds = 300
	sasl.login.refresh.min.period.seconds = 60
	sasl.login.refresh.window.factor = 0.8
	sasl.login.refresh.window.jitter = 0.05
	sasl.login.retry.backoff.max.ms = 10000
	sasl.login.retry.backoff.ms = 100
	sasl.mechanism = GSSAPI
	sasl.oauthbearer.clock.skew.seconds = 30
	sasl.oauthbearer.expected.audience = null
	sasl.oauthbearer.expected.issuer = null
	sasl.oauthbearer.header.urlencode = false
	sasl.oauthbearer.jwks.endpoint.refresh.ms = 3600000
	sasl.oauthbearer.jwks.endpoint.retry.backoff.max.ms = 10000
	sasl.oauthbearer.jwks.endpoint.retry.backoff.ms = 100
	sasl.oauthbearer.jwks.endpoint.url = null
	sasl.oauthbearer.scope.claim.name = scope
	sasl.oauthbearer.sub.claim.name = sub
	sasl.oauthbearer.token.endpoint.url = null
	security.protocol = PLAINTEXT
	security.providers = null
	send.buffer.bytes = 131072
	session.timeout.ms = 45000
	socket.connection.setup.timeout.max.ms = 30000
	socket.connection.setup.timeout.ms = 10000
	ssl.cipher.suites = null
	ssl.enabled.protocols = [TLSv1.2, TLSv1.3]
	ssl.endpoint.identification.algorithm = https
	ssl.engine.factory.class = null
	ssl.key.password = null
	ssl.keymanager.algorithm = SunX509
	ssl.keystore.certificate.chain = null
	ssl.keystore.key = null
	ssl.keystore.location = null
	ssl.keystore.password = null
	ssl.keystore.type = JKS
	ssl.protocol = TLSv1.3
	ssl.provider = null
	ssl.secure.random.implementation = null
	ssl.trustmanager.algorithm = PKIX
	ssl.truststore.certificates = null
	ssl.truststore.location = null
	ssl.truststore.password = null
	ssl.truststore.type = JKS
	value.deserializer = class io.apicurio.registry.serde.avro.AvroKafkaDeserializer

2025-08-13 02:14:09,042 INFO  [org.apa.kaf.com.tel.int.KafkaMetricsCollector] (main) initializing Kafka metrics collector
2025-08-13 02:14:09,051 INFO  [org.apa.kaf.cli.con.ConsumerConfig] (main) These configurations '[apicurio.registry.url, apicurio.registry.avro-datum-provider]' were supplied but are not used yet.
2025-08-13 02:14:09,051 INFO  [org.apa.kaf.com.uti.AppInfoParser] (main) Kafka version: 3.9.1
2025-08-13 02:14:09,051 INFO  [org.apa.kaf.com.uti.AppInfoParser] (main) Kafka commitId: f745dfdcee2b9851
2025-08-13 02:14:09,051 INFO  [org.apa.kaf.com.uti.AppInfoParser] (main) Kafka startTimeMs: 1755051249051
2025-08-13 02:14:09,051 INFO  [org.apa.kaf.cli.con.int.ClassicKafkaConsumer] (Thread-636) [Consumer clientId=consumer-Consumer-topic-2cb11668_9bbc_4452_8f5e_6a3f78c1a64f-6, groupId=Consumer-topic-2cb11668_9bbc_4452_8f5e_6a3f78c1a64f] Subscribed to topic(s): topic-2cb11668_9bbc_4452_8f5e_6a3f78c1a64f
2025-08-13 02:14:09,064 INFO  [org.apa.kaf.cli.Metadata] (Thread-636) [Consumer clientId=consumer-Consumer-topic-2cb11668_9bbc_4452_8f5e_6a3f78c1a64f-6, groupId=Consumer-topic-2cb11668_9bbc_4452_8f5e_6a3f78c1a64f] Cluster ID: KRqqH0pCSh6FBkmoZ2CGGg
2025-08-13 02:14:09,070 INFO  [org.apa.kaf.cli.con.int.ConsumerCoordinator] (Thread-636) [Consumer clientId=consumer-Consumer-topic-2cb11668_9bbc_4452_8f5e_6a3f78c1a64f-6, groupId=Consumer-topic-2cb11668_9bbc_4452_8f5e_6a3f78c1a64f] Discovered group coordinator localhost:32769 (id: 2147483647 rack: null)
2025-08-13 02:14:09,077 INFO  [org.apa.kaf.cli.con.int.ConsumerCoordinator] (Thread-636) [Consumer clientId=consumer-Consumer-topic-2cb11668_9bbc_4452_8f5e_6a3f78c1a64f-6, groupId=Consumer-topic-2cb11668_9bbc_4452_8f5e_6a3f78c1a64f] (Re-)joining group
2025-08-13 02:14:09,081 INFO  [org.apa.kaf.cli.con.int.ConsumerCoordinator] (Thread-636) [Consumer clientId=consumer-Consumer-topic-2cb11668_9bbc_4452_8f5e_6a3f78c1a64f-6, groupId=Consumer-topic-2cb11668_9bbc_4452_8f5e_6a3f78c1a64f] Request joining group due to: need to re-join with the given member-id: consumer-Consumer-topic-2cb11668_9bbc_4452_8f5e_6a3f78c1a64f-6-8431763d-2ba8-447a-8d92-3f2e18f05515
2025-08-13 02:14:09,081 INFO  [org.apa.kaf.cli.con.int.ConsumerCoordinator] (Thread-636) [Consumer clientId=consumer-Consumer-topic-2cb11668_9bbc_4452_8f5e_6a3f78c1a64f-6, groupId=Consumer-topic-2cb11668_9bbc_4452_8f5e_6a3f78c1a64f] (Re-)joining group
2025-08-13 02:14:10,052 INFO  [io.api.tes.ser.api.KafkaSerdesTester] (Thread-636) None found
2025-08-13 02:14:11,052 INFO  [io.api.tes.ser.api.KafkaSerdesTester] (Thread-636) None found
2025-08-13 02:14:12,053 INFO  [io.api.tes.ser.api.KafkaSerdesTester] (Thread-636) None found
2025-08-13 02:14:12,084 INFO  [org.apa.kaf.cli.con.int.ConsumerCoordinator] (Thread-636) [Consumer clientId=consumer-Consumer-topic-2cb11668_9bbc_4452_8f5e_6a3f78c1a64f-6, groupId=Consumer-topic-2cb11668_9bbc_4452_8f5e_6a3f78c1a64f] Successfully joined group with generation Generation{generationId=1, memberId='consumer-Consumer-topic-2cb11668_9bbc_4452_8f5e_6a3f78c1a64f-6-8431763d-2ba8-447a-8d92-3f2e18f05515', protocol='range'}
2025-08-13 02:14:12,085 INFO  [org.apa.kaf.cli.con.int.ConsumerCoordinator] (Thread-636) [Consumer clientId=consumer-Consumer-topic-2cb11668_9bbc_4452_8f5e_6a3f78c1a64f-6, groupId=Consumer-topic-2cb11668_9bbc_4452_8f5e_6a3f78c1a64f] Finished assignment for group at generation 1: {consumer-Consumer-topic-2cb11668_9bbc_4452_8f5e_6a3f78c1a64f-6-8431763d-2ba8-447a-8d92-3f2e18f05515=Assignment(partitions=[topic-2cb11668_9bbc_4452_8f5e_6a3f78c1a64f-0])}
2025-08-13 02:14:12,092 INFO  [org.apa.kaf.cli.con.int.ConsumerCoordinator] (Thread-636) [Consumer clientId=consumer-Consumer-topic-2cb11668_9bbc_4452_8f5e_6a3f78c1a64f-6, groupId=Consumer-topic-2cb11668_9bbc_4452_8f5e_6a3f78c1a64f] Successfully synced group in generation Generation{generationId=1, memberId='consumer-Consumer-topic-2cb11668_9bbc_4452_8f5e_6a3f78c1a64f-6-8431763d-2ba8-447a-8d92-3f2e18f05515', protocol='range'}
2025-08-13 02:14:12,093 INFO  [org.apa.kaf.cli.con.int.ConsumerCoordinator] (Thread-636) [Consumer clientId=consumer-Consumer-topic-2cb11668_9bbc_4452_8f5e_6a3f78c1a64f-6, groupId=Consumer-topic-2cb11668_9bbc_4452_8f5e_6a3f78c1a64f] Notifying assignor about the new Assignment(partitions=[topic-2cb11668_9bbc_4452_8f5e_6a3f78c1a64f-0])
2025-08-13 02:14:12,093 INFO  [org.apa.kaf.cli.con.int.ConsumerRebalanceListenerInvoker] (Thread-636) [Consumer clientId=consumer-Consumer-topic-2cb11668_9bbc_4452_8f5e_6a3f78c1a64f-6, groupId=Consumer-topic-2cb11668_9bbc_4452_8f5e_6a3f78c1a64f] Adding newly assigned partitions: topic-2cb11668_9bbc_4452_8f5e_6a3f78c1a64f-0
2025-08-13 02:14:12,095 INFO  [org.apa.kaf.cli.con.int.ConsumerCoordinator] (Thread-636) [Consumer clientId=consumer-Consumer-topic-2cb11668_9bbc_4452_8f5e_6a3f78c1a64f-6, groupId=Consumer-topic-2cb11668_9bbc_4452_8f5e_6a3f78c1a64f] Found no committed offset for partition topic-2cb11668_9bbc_4452_8f5e_6a3f78c1a64f-0
2025-08-13 02:14:12,096 INFO  [org.apa.kaf.cli.con.int.SubscriptionState] (Thread-636) [Consumer clientId=consumer-Consumer-topic-2cb11668_9bbc_4452_8f5e_6a3f78c1a64f-6, groupId=Consumer-topic-2cb11668_9bbc_4452_8f5e_6a3f78c1a64f] Resetting offset for partition topic-2cb11668_9bbc_4452_8f5e_6a3f78c1a64f-0 to position FetchPosition{offset=0, offsetEpoch=Optional.empty, currentLeader=LeaderAndEpoch{leader=Optional[localhost:32769 (id: 0 rack: null)], epoch=0}}.
2025-08-13 02:14:12,181 INFO  [io.api.tes.ser.api.KafkaSerdesTester] (Thread-636) topic-2cb11668_9bbc_4452_8f5e_6a3f78c1a64f 0 0 io.apicurio.tests.common.serdes.TestObject@3dbd29cb
2025-08-13 02:14:12,181 INFO  [io.api.tes.ser.api.KafkaSerdesTester] (Thread-636) topic-2cb11668_9bbc_4452_8f5e_6a3f78c1a64f 0 1 io.apicurio.tests.common.serdes.TestObject@3dbd29cb
2025-08-13 02:14:12,181 INFO  [io.api.tes.ser.api.KafkaSerdesTester] (Thread-636) topic-2cb11668_9bbc_4452_8f5e_6a3f78c1a64f 0 2 io.apicurio.tests.common.serdes.TestObject@3dbd29cb
2025-08-13 02:14:12,181 INFO  [io.api.tes.ser.api.KafkaSerdesTester] (Thread-636) topic-2cb11668_9bbc_4452_8f5e_6a3f78c1a64f 0 3 io.apicurio.tests.common.serdes.TestObject@3dbd29cb
2025-08-13 02:14:12,181 INFO  [io.api.tes.ser.api.KafkaSerdesTester] (Thread-636) topic-2cb11668_9bbc_4452_8f5e_6a3f78c1a64f 0 4 io.apicurio.tests.common.serdes.TestObject@3dbd29cb
2025-08-13 02:14:12,181 INFO  [io.api.tes.ser.api.KafkaSerdesTester] (Thread-636) topic-2cb11668_9bbc_4452_8f5e_6a3f78c1a64f 0 5 io.apicurio.tests.common.serdes.TestObject@3dbd29cb
2025-08-13 02:14:12,181 INFO  [io.api.tes.ser.api.KafkaSerdesTester] (Thread-636) topic-2cb11668_9bbc_4452_8f5e_6a3f78c1a64f 0 6 io.apicurio.tests.common.serdes.TestObject@3dbd29cb
2025-08-13 02:14:12,182 INFO  [io.api.tes.ser.api.KafkaSerdesTester] (Thread-636) topic-2cb11668_9bbc_4452_8f5e_6a3f78c1a64f 0 7 io.apicurio.tests.common.serdes.TestObject@3dbd29cb
2025-08-13 02:14:12,182 INFO  [io.api.tes.ser.api.KafkaSerdesTester] (Thread-636) topic-2cb11668_9bbc_4452_8f5e_6a3f78c1a64f 0 8 io.apicurio.tests.common.serdes.TestObject@3dbd29cb
2025-08-13 02:14:12,182 INFO  [io.api.tes.ser.api.KafkaSerdesTester] (Thread-636) topic-2cb11668_9bbc_4452_8f5e_6a3f78c1a64f 0 9 io.apicurio.tests.common.serdes.TestObject@3dbd29cb
2025-08-13 02:14:12,182 INFO  [io.api.tes.ser.api.KafkaSerdesTester] (Thread-636) Consumed 10 messages
2025-08-13 02:14:12,190 INFO  [org.apa.kaf.cli.con.int.ConsumerRebalanceListenerInvoker] (Thread-636) [Consumer clientId=consumer-Consumer-topic-2cb11668_9bbc_4452_8f5e_6a3f78c1a64f-6, groupId=Consumer-topic-2cb11668_9bbc_4452_8f5e_6a3f78c1a64f] Revoke previously assigned partitions topic-2cb11668_9bbc_4452_8f5e_6a3f78c1a64f-0
2025-08-13 02:14:12,191 INFO  [org.apa.kaf.cli.con.int.ConsumerCoordinator] (Thread-636) [Consumer clientId=consumer-Consumer-topic-2cb11668_9bbc_4452_8f5e_6a3f78c1a64f-6, groupId=Consumer-topic-2cb11668_9bbc_4452_8f5e_6a3f78c1a64f] Member consumer-Consumer-topic-2cb11668_9bbc_4452_8f5e_6a3f78c1a64f-6-8431763d-2ba8-447a-8d92-3f2e18f05515 sending LeaveGroup request to coordinator localhost:32769 (id: 2147483647 rack: null) due to the consumer is being closed
2025-08-13 02:14:12,191 INFO  [org.apa.kaf.cli.con.int.ConsumerCoordinator] (Thread-636) [Consumer clientId=consumer-Consumer-topic-2cb11668_9bbc_4452_8f5e_6a3f78c1a64f-6, groupId=Consumer-topic-2cb11668_9bbc_4452_8f5e_6a3f78c1a64f] Resetting generation and member id due to: consumer pro-actively leaving the group
2025-08-13 02:14:12,191 INFO  [org.apa.kaf.cli.con.int.ConsumerCoordinator] (Thread-636) [Consumer clientId=consumer-Consumer-topic-2cb11668_9bbc_4452_8f5e_6a3f78c1a64f-6, groupId=Consumer-topic-2cb11668_9bbc_4452_8f5e_6a3f78c1a64f] Request joining group due to: consumer pro-actively leaving the group
2025-08-13 02:14:12,686 INFO  [org.apa.kaf.com.met.Metrics] (Thread-636) Metrics scheduler closed
2025-08-13 02:14:12,686 INFO  [org.apa.kaf.com.met.Metrics] (Thread-636) Closing reporter org.apache.kafka.common.metrics.JmxReporter
2025-08-13 02:14:12,686 INFO  [org.apa.kaf.com.met.Metrics] (Thread-636) Closing reporter org.apache.kafka.common.telemetry.internals.ClientTelemetryReporter
2025-08-13 02:14:12,686 INFO  [org.apa.kaf.com.met.Metrics] (Thread-636) Metrics reporters closed
2025-08-13 02:14:12,689 INFO  [org.apa.kaf.com.uti.AppInfoParser] (Thread-636) App info kafka.consumer for consumer-Consumer-topic-2cb11668_9bbc_4452_8f5e_6a3f78c1a64f-6 unregistered
2025-08-13 02:14:12,690 INFO  [io.api.tes.uti.TestSeparator] (main) io.apicurio.tests.serdes.apicurio.AvroSerdeIT.testReflectAutoRegister-FINISHED
2025-08-13 02:14:12,690 INFO  [io.api.tes.uti.TestSeparator] (main) ############################################################################
Test passed: testReflectAutoRegister
]]></system-out>
  </testcase>
  <testcase name="testArtifactNotFound" classname="io.apicurio.tests.serdes.apicurio.AvroSerdeIT" time="0.234">
    <system-out><![CDATA[2025-08-13 02:14:12,691 INFO  [io.api.tes.uti.TestSeparator] (main) ############################################################################
2025-08-13 02:14:12,693 INFO  [io.api.tes.uti.TestSeparator] (main) io.apicurio.tests.serdes.apicurio.AvroSerdeIT.testArtifactNotFound-STARTED
**** Registry Base URL: http://registry-app-inmemory.apps.ci419.apicurio-testing.org:80
2025-08-13 02:14:12,695 INFO  [org.apa.kaf.cli.pro.ProducerConfig] (main) ProducerConfig values: 
	acks = -1
	auto.include.jmx.reporter = true
	batch.size = 16384
	bootstrap.servers = [PLAINTEXT://localhost:32769]
	buffer.memory = 33554432
	client.dns.lookup = use_all_dns_ips
	client.id = Producer-s6f72a9bfxc731x4702xacc2x8c127e71847a
	compression.gzip.level = -1
	compression.lz4.level = 9
	compression.type = none
	compression.zstd.level = 3
	connections.max.idle.ms = 10000
	delivery.timeout.ms = 120000
	enable.idempotence = true
	enable.metrics.push = true
	interceptor.classes = []
	key.serializer = class org.apache.kafka.common.serialization.StringSerializer
	linger.ms = 0
	max.block.ms = 60000
	max.in.flight.requests.per.connection = 5
	max.request.size = 1048576
	metadata.max.age.ms = 300000
	metadata.max.idle.ms = 300000
	metadata.recovery.strategy = none
	metric.reporters = []
	metrics.num.samples = 2
	metrics.recording.level = INFO
	metrics.sample.window.ms = 30000
	partitioner.adaptive.partitioning.enable = true
	partitioner.availability.timeout.ms = 0
	partitioner.class = null
	partitioner.ignore.keys = false
	receive.buffer.bytes = 32768
	reconnect.backoff.max.ms = 1000
	reconnect.backoff.ms = 50
	request.timeout.ms = 5000
	retries = 2147483647
	retry.backoff.max.ms = 1000
	retry.backoff.ms = 100
	sasl.client.callback.handler.class = null
	sasl.jaas.config = null
	sasl.kerberos.kinit.cmd = /usr/bin/kinit
	sasl.kerberos.min.time.before.relogin = 60000
	sasl.kerberos.service.name = null
	sasl.kerberos.ticket.renew.jitter = 0.05
	sasl.kerberos.ticket.renew.window.factor = 0.8
	sasl.login.callback.handler.class = null
	sasl.login.class = null
	sasl.login.connect.timeout.ms = null
	sasl.login.read.timeout.ms = null
	sasl.login.refresh.buffer.seconds = 300
	sasl.login.refresh.min.period.seconds = 60
	sasl.login.refresh.window.factor = 0.8
	sasl.login.refresh.window.jitter = 0.05
	sasl.login.retry.backoff.max.ms = 10000
	sasl.login.retry.backoff.ms = 100
	sasl.mechanism = GSSAPI
	sasl.oauthbearer.clock.skew.seconds = 30
	sasl.oauthbearer.expected.audience = null
	sasl.oauthbearer.expected.issuer = null
	sasl.oauthbearer.header.urlencode = false
	sasl.oauthbearer.jwks.endpoint.refresh.ms = 3600000
	sasl.oauthbearer.jwks.endpoint.retry.backoff.max.ms = 10000
	sasl.oauthbearer.jwks.endpoint.retry.backoff.ms = 100
	sasl.oauthbearer.jwks.endpoint.url = null
	sasl.oauthbearer.scope.claim.name = scope
	sasl.oauthbearer.sub.claim.name = sub
	sasl.oauthbearer.token.endpoint.url = null
	security.protocol = PLAINTEXT
	security.providers = null
	send.buffer.bytes = 131072
	socket.connection.setup.timeout.max.ms = 30000
	socket.connection.setup.timeout.ms = 10000
	ssl.cipher.suites = null
	ssl.enabled.protocols = [TLSv1.2, TLSv1.3]
	ssl.endpoint.identification.algorithm = https
	ssl.engine.factory.class = null
	ssl.key.password = null
	ssl.keymanager.algorithm = SunX509
	ssl.keystore.certificate.chain = null
	ssl.keystore.key = null
	ssl.keystore.location = null
	ssl.keystore.password = null
	ssl.keystore.type = JKS
	ssl.protocol = TLSv1.3
	ssl.provider = null
	ssl.secure.random.implementation = null
	ssl.trustmanager.algorithm = PKIX
	ssl.truststore.certificates = null
	ssl.truststore.location = null
	ssl.truststore.password = null
	ssl.truststore.type = JKS
	transaction.timeout.ms = 60000
	transactional.id = null
	value.serializer = class io.apicurio.registry.serde.avro.AvroKafkaSerializer

2025-08-13 02:14:12,697 INFO  [org.apa.kaf.com.tel.int.KafkaMetricsCollector] (main) initializing Kafka metrics collector
2025-08-13 02:14:12,704 INFO  [org.apa.kaf.cli.pro.KafkaProducer] (main) [Producer clientId=Producer-s6f72a9bfxc731x4702xacc2x8c127e71847a] Instantiated an idempotent producer.
2025-08-13 02:14:12,707 INFO  [org.apa.kaf.cli.pro.ProducerConfig] (main) These configurations '[apicurio.registry.url, apicurio.registry.artifact-resolver-strategy]' were supplied but are not used yet.
2025-08-13 02:14:12,707 INFO  [org.apa.kaf.com.uti.AppInfoParser] (main) Kafka version: 3.9.1
2025-08-13 02:14:12,707 INFO  [org.apa.kaf.com.uti.AppInfoParser] (main) Kafka commitId: f745dfdcee2b9851
2025-08-13 02:14:12,707 INFO  [org.apa.kaf.com.uti.AppInfoParser] (main) Kafka startTimeMs: 1755051252707
2025-08-13 02:14:12,708 INFO  [io.api.tes.ser.api.KafkaSerdesTester] (Thread-639) Sending message {"keyB": "value-0"} to topic s6f72a9bfxc731x4702xacc2x8c127e71847a
2025-08-13 02:14:12,716 WARN  [org.apa.kaf.cli.NetworkClient] (kafka-producer-network-thread | Producer-s6f72a9bfxc731x4702xacc2x8c127e71847a) [Producer clientId=Producer-s6f72a9bfxc731x4702xacc2x8c127e71847a] The metadata response from the cluster reported a recoverable issue with correlation id 1 : {s6f72a9bfxc731x4702xacc2x8c127e71847a=UNKNOWN_TOPIC_OR_PARTITION}
2025-08-13 02:14:12,716 INFO  [org.apa.kaf.cli.Metadata] (kafka-producer-network-thread | Producer-s6f72a9bfxc731x4702xacc2x8c127e71847a) [Producer clientId=Producer-s6f72a9bfxc731x4702xacc2x8c127e71847a] Cluster ID: KRqqH0pCSh6FBkmoZ2CGGg
2025-08-13 02:14:12,717 INFO  [org.apa.kaf.cli.pro.int.TransactionManager] (kafka-producer-network-thread | Producer-s6f72a9bfxc731x4702xacc2x8c127e71847a) [Producer clientId=Producer-s6f72a9bfxc731x4702xacc2x8c127e71847a] ProducerId set to 7 with epoch 0
2025-08-13 02:14:12,827 INFO  [DefaultSchemaResolver] (Thread-639) Retrieving schema content using string: {"type":"record","name":"myrecord","namespace":"mygroup","fields":[{"name":"keyB","type":"string"}]}
2025-08-13 02:14:12,914 INFO  [org.apa.kaf.cli.pro.KafkaProducer] (Thread-639) [Producer clientId=Producer-s6f72a9bfxc731x4702xacc2x8c127e71847a] Closing the Kafka producer with timeoutMillis = 9223372036854775807 ms.
2025-08-13 02:14:12,920 INFO  [org.apa.kaf.com.met.Metrics] (Thread-639) Metrics scheduler closed
2025-08-13 02:14:12,920 INFO  [org.apa.kaf.com.met.Metrics] (Thread-639) Closing reporter org.apache.kafka.common.metrics.JmxReporter
2025-08-13 02:14:12,920 INFO  [org.apa.kaf.com.met.Metrics] (Thread-639) Closing reporter org.apache.kafka.common.telemetry.internals.ClientTelemetryReporter
2025-08-13 02:14:12,920 INFO  [org.apa.kaf.com.met.Metrics] (Thread-639) Metrics reporters closed
2025-08-13 02:14:12,921 INFO  [org.apa.kaf.com.uti.AppInfoParser] (Thread-639) App info kafka.producer for Producer-s6f72a9bfxc731x4702xacc2x8c127e71847a unregistered
2025-08-13 02:14:12,923 INFO  [io.api.tes.uti.TestSeparator] (main) io.apicurio.tests.serdes.apicurio.AvroSerdeIT.testArtifactNotFound-FINISHED
2025-08-13 02:14:12,923 INFO  [io.api.tes.uti.TestSeparator] (main) ############################################################################
Test passed: testArtifactNotFound
]]></system-out>
    <system-err><![CDATA[java.lang.RuntimeException: Could not resolve artifact reference by content: {"type":"record","name":"myrecord","namespace":"mygroup","fields":[{"name":"keyB","type":"string"}]}&ArtifactReference [groupId=default, artifactId=s6f72a9bfxc731x4702xacc2x8c127e71847a-value, version=null, globalId=null, contentId=null, contentHash=null]
	at io.apicurio.registry.resolver.DefaultSchemaResolver.lambda$handleResolveSchemaByContent$3(DefaultSchemaResolver.java:265)
	at io.apicurio.registry.resolver.cache.ERCache.lambda$getValue$0(ERCache.java:174)
	at io.apicurio.registry.resolver.cache.ERCache.retry(ERCache.java:227)
	at io.apicurio.registry.resolver.cache.ERCache.getValue(ERCache.java:173)
	at io.apicurio.registry.resolver.cache.ERCache.getByContent(ERCache.java:147)
	at io.apicurio.registry.resolver.DefaultSchemaResolver.handleResolveSchemaByContent(DefaultSchemaResolver.java:253)
	at io.apicurio.registry.resolver.DefaultSchemaResolver.getSchemaFromRegistry(DefaultSchemaResolver.java:138)
	at io.apicurio.registry.resolver.DefaultSchemaResolver.lambda$resolveSchema$0(DefaultSchemaResolver.java:84)
	at java.base/java.util.Optional.orElseGet(Optional.java:364)
	at io.apicurio.registry.resolver.DefaultSchemaResolver.resolveSchema(DefaultSchemaResolver.java:84)
	at io.apicurio.registry.serde.AbstractSerializer.serializeData(AbstractSerializer.java:62)
	at io.apicurio.registry.serde.KafkaSerializer.serialize(KafkaSerializer.java:77)
	at org.apache.kafka.clients.producer.KafkaProducer.doSend(KafkaProducer.java:1046)
	at org.apache.kafka.clients.producer.KafkaProducer.send(KafkaProducer.java:993)
	at org.apache.kafka.clients.producer.KafkaProducer.send(KafkaProducer.java:875)
	at io.apicurio.tests.serdes.apicurio.KafkaSerdesTester.lambda$produceMessages$3(KafkaSerdesTester.java:138)
	at java.base/java.util.concurrent.CompletableFuture$AsyncSupply.run(CompletableFuture.java:1768)
	at java.base/java.lang.Thread.run(Thread.java:840)
]]></system-err>
  </testcase>
  <testcase name="testAvroSerDesFailDifferentSchemaByRecordName" classname="io.apicurio.tests.serdes.apicurio.AvroSerdeIT" time="1.145">
    <system-out><![CDATA[2025-08-13 02:14:12,927 INFO  [io.api.tes.uti.TestSeparator] (main) ############################################################################
2025-08-13 02:14:12,927 INFO  [io.api.tes.uti.TestSeparator] (main) io.apicurio.tests.serdes.apicurio.AvroSerdeIT.testAvroSerDesFailDifferentSchemaByRecordName-STARTED
**** Registry Base URL: http://registry-app-inmemory.apps.ci419.apicurio-testing.org:80
2025-08-13 02:14:13,995 INFO  [org.apa.kaf.cli.pro.ProducerConfig] (main) ProducerConfig values: 
	acks = -1
	auto.include.jmx.reporter = true
	batch.size = 16384
	bootstrap.servers = [PLAINTEXT://localhost:32769]
	buffer.memory = 33554432
	client.dns.lookup = use_all_dns_ips
	client.id = Producer-topic-99c66aa7_5c44_4a20_9cf8_06c05079ac0e
	compression.gzip.level = -1
	compression.lz4.level = 9
	compression.type = none
	compression.zstd.level = 3
	connections.max.idle.ms = 10000
	delivery.timeout.ms = 120000
	enable.idempotence = true
	enable.metrics.push = true
	interceptor.classes = []
	key.serializer = class org.apache.kafka.common.serialization.StringSerializer
	linger.ms = 0
	max.block.ms = 60000
	max.in.flight.requests.per.connection = 5
	max.request.size = 1048576
	metadata.max.age.ms = 300000
	metadata.max.idle.ms = 300000
	metadata.recovery.strategy = none
	metric.reporters = []
	metrics.num.samples = 2
	metrics.recording.level = INFO
	metrics.sample.window.ms = 30000
	partitioner.adaptive.partitioning.enable = true
	partitioner.availability.timeout.ms = 0
	partitioner.class = null
	partitioner.ignore.keys = false
	receive.buffer.bytes = 32768
	reconnect.backoff.max.ms = 1000
	reconnect.backoff.ms = 50
	request.timeout.ms = 5000
	retries = 2147483647
	retry.backoff.max.ms = 1000
	retry.backoff.ms = 100
	sasl.client.callback.handler.class = null
	sasl.jaas.config = null
	sasl.kerberos.kinit.cmd = /usr/bin/kinit
	sasl.kerberos.min.time.before.relogin = 60000
	sasl.kerberos.service.name = null
	sasl.kerberos.ticket.renew.jitter = 0.05
	sasl.kerberos.ticket.renew.window.factor = 0.8
	sasl.login.callback.handler.class = null
	sasl.login.class = null
	sasl.login.connect.timeout.ms = null
	sasl.login.read.timeout.ms = null
	sasl.login.refresh.buffer.seconds = 300
	sasl.login.refresh.min.period.seconds = 60
	sasl.login.refresh.window.factor = 0.8
	sasl.login.refresh.window.jitter = 0.05
	sasl.login.retry.backoff.max.ms = 10000
	sasl.login.retry.backoff.ms = 100
	sasl.mechanism = GSSAPI
	sasl.oauthbearer.clock.skew.seconds = 30
	sasl.oauthbearer.expected.audience = null
	sasl.oauthbearer.expected.issuer = null
	sasl.oauthbearer.header.urlencode = false
	sasl.oauthbearer.jwks.endpoint.refresh.ms = 3600000
	sasl.oauthbearer.jwks.endpoint.retry.backoff.max.ms = 10000
	sasl.oauthbearer.jwks.endpoint.retry.backoff.ms = 100
	sasl.oauthbearer.jwks.endpoint.url = null
	sasl.oauthbearer.scope.claim.name = scope
	sasl.oauthbearer.sub.claim.name = sub
	sasl.oauthbearer.token.endpoint.url = null
	security.protocol = PLAINTEXT
	security.providers = null
	send.buffer.bytes = 131072
	socket.connection.setup.timeout.max.ms = 30000
	socket.connection.setup.timeout.ms = 10000
	ssl.cipher.suites = null
	ssl.enabled.protocols = [TLSv1.2, TLSv1.3]
	ssl.endpoint.identification.algorithm = https
	ssl.engine.factory.class = null
	ssl.key.password = null
	ssl.keymanager.algorithm = SunX509
	ssl.keystore.certificate.chain = null
	ssl.keystore.key = null
	ssl.keystore.location = null
	ssl.keystore.password = null
	ssl.keystore.type = JKS
	ssl.protocol = TLSv1.3
	ssl.provider = null
	ssl.secure.random.implementation = null
	ssl.trustmanager.algorithm = PKIX
	ssl.truststore.certificates = null
	ssl.truststore.location = null
	ssl.truststore.password = null
	ssl.truststore.type = JKS
	transaction.timeout.ms = 60000
	transactional.id = null
	value.serializer = class io.apicurio.registry.serde.avro.AvroKafkaSerializer

2025-08-13 02:14:13,996 INFO  [org.apa.kaf.com.tel.int.KafkaMetricsCollector] (main) initializing Kafka metrics collector
2025-08-13 02:14:14,002 INFO  [org.apa.kaf.cli.pro.KafkaProducer] (main) [Producer clientId=Producer-topic-99c66aa7_5c44_4a20_9cf8_06c05079ac0e] Instantiated an idempotent producer.
2025-08-13 02:14:14,004 INFO  [org.apa.kaf.cli.pro.ProducerConfig] (main) These configurations '[apicurio.registry.find-latest, apicurio.registry.url, apicurio.registry.artifact-resolver-strategy]' were supplied but are not used yet.
2025-08-13 02:14:14,005 INFO  [org.apa.kaf.com.uti.AppInfoParser] (main) Kafka version: 3.9.1
2025-08-13 02:14:14,005 INFO  [org.apa.kaf.com.uti.AppInfoParser] (main) Kafka commitId: f745dfdcee2b9851
2025-08-13 02:14:14,005 INFO  [org.apa.kaf.com.uti.AppInfoParser] (main) Kafka startTimeMs: 1755051254005
2025-08-13 02:14:14,007 INFO  [io.api.tes.ser.api.KafkaSerdesTester] (Thread-642) Sending message {"keyB": "value-0"} to topic topic-99c66aa7_5c44_4a20_9cf8_06c05079ac0e
2025-08-13 02:14:14,011 INFO  [org.apa.kaf.cli.Metadata] (kafka-producer-network-thread | Producer-topic-99c66aa7_5c44_4a20_9cf8_06c05079ac0e) [Producer clientId=Producer-topic-99c66aa7_5c44_4a20_9cf8_06c05079ac0e] Cluster ID: KRqqH0pCSh6FBkmoZ2CGGg
2025-08-13 02:14:14,011 INFO  [org.apa.kaf.cli.pro.int.TransactionManager] (kafka-producer-network-thread | Producer-topic-99c66aa7_5c44_4a20_9cf8_06c05079ac0e) [Producer clientId=Producer-topic-99c66aa7_5c44_4a20_9cf8_06c05079ac0e] ProducerId set to 8 with epoch 0
2025-08-13 02:14:14,064 INFO  [org.apa.kaf.cli.pro.KafkaProducer] (Thread-642) [Producer clientId=Producer-topic-99c66aa7_5c44_4a20_9cf8_06c05079ac0e] Closing the Kafka producer with timeoutMillis = 9223372036854775807 ms.
2025-08-13 02:14:14,068 INFO  [org.apa.kaf.com.met.Metrics] (Thread-642) Metrics scheduler closed
2025-08-13 02:14:14,068 INFO  [org.apa.kaf.com.met.Metrics] (Thread-642) Closing reporter org.apache.kafka.common.metrics.JmxReporter
2025-08-13 02:14:14,068 INFO  [org.apa.kaf.com.met.Metrics] (Thread-642) Closing reporter org.apache.kafka.common.telemetry.internals.ClientTelemetryReporter
2025-08-13 02:14:14,068 INFO  [org.apa.kaf.com.met.Metrics] (Thread-642) Metrics reporters closed
2025-08-13 02:14:14,068 INFO  [org.apa.kaf.com.uti.AppInfoParser] (Thread-642) App info kafka.producer for Producer-topic-99c66aa7_5c44_4a20_9cf8_06c05079ac0e unregistered
2025-08-13 02:14:14,069 INFO  [io.api.tes.uti.TestSeparator] (main) io.apicurio.tests.serdes.apicurio.AvroSerdeIT.testAvroSerDesFailDifferentSchemaByRecordName-FINISHED
2025-08-13 02:14:14,069 INFO  [io.api.tes.uti.TestSeparator] (main) ############################################################################
Test passed: testAvroSerDesFailDifferentSchemaByRecordName
]]></system-out>
    <system-err><![CDATA[io.apicurio.registry.rest.client.models.ProblemDetails
	at io.apicurio.registry.rest.client.models.ProblemDetails.createFromDiscriminatorValue(ProblemDetails.java:58)
	at io.kiota.serialization.json.JsonParseNode.getObjectValue(JsonParseNode.java:247)
	at io.kiota.http.vertx.VertXRequestAdapter.lambda$throwIfFailedResponse$0(VertXRequestAdapter.java:400)
	at com.microsoft.kiota.ApiExceptionBuilder.<init>(ApiExceptionBuilder.java:26)
	at io.kiota.http.vertx.VertXRequestAdapter.throwIfFailedResponse(VertXRequestAdapter.java:399)
	at io.kiota.http.vertx.VertXRequestAdapter.send(VertXRequestAdapter.java:170)
	at io.apicurio.registry.rest.client.groups.item.artifacts.item.versions.item.WithVersionExpressionItemRequestBuilder.get(WithVersionExpressionItemRequestBuilder.java:128)
	at io.apicurio.registry.rest.client.groups.item.artifacts.item.versions.item.WithVersionExpressionItemRequestBuilder.get(WithVersionExpressionItemRequestBuilder.java:111)
	at io.apicurio.registry.resolver.client.RegistryClientFacadeImpl.getVersionCoordinatesByGAV(RegistryClientFacadeImpl.java:159)
	at io.apicurio.registry.resolver.DefaultSchemaResolver.resolveByCoordinates(DefaultSchemaResolver.java:352)
	at io.apicurio.registry.resolver.DefaultSchemaResolver.lambda$resolveSchemaByArtifactReferenceCached$6(DefaultSchemaResolver.java:340)
	at io.apicurio.registry.resolver.cache.ERCache.lambda$getValue$0(ERCache.java:174)
	at io.apicurio.registry.resolver.cache.ERCache.retry(ERCache.java:227)
	at io.apicurio.registry.resolver.cache.ERCache.getValue(ERCache.java:173)
	at io.apicurio.registry.resolver.cache.ERCache.getByArtifactCoordinates(ERCache.java:158)
	at io.apicurio.registry.resolver.DefaultSchemaResolver.resolveSchemaByArtifactReferenceCached(DefaultSchemaResolver.java:338)
	at io.apicurio.registry.resolver.DefaultSchemaResolver.resolveSchemaByCoordinates(DefaultSchemaResolver.java:193)
	at io.apicurio.registry.resolver.DefaultSchemaResolver.getSchemaFromRegistry(DefaultSchemaResolver.java:130)
	at io.apicurio.registry.resolver.DefaultSchemaResolver.lambda$resolveSchema$0(DefaultSchemaResolver.java:84)
	at java.base/java.util.Optional.orElseGet(Optional.java:364)
	at io.apicurio.registry.resolver.DefaultSchemaResolver.resolveSchema(DefaultSchemaResolver.java:84)
	at io.apicurio.registry.serde.AbstractSerializer.serializeData(AbstractSerializer.java:62)
	at io.apicurio.registry.serde.KafkaSerializer.serialize(KafkaSerializer.java:77)
	at org.apache.kafka.clients.producer.KafkaProducer.doSend(KafkaProducer.java:1046)
	at org.apache.kafka.clients.producer.KafkaProducer.send(KafkaProducer.java:993)
	at org.apache.kafka.clients.producer.KafkaProducer.send(KafkaProducer.java:875)
	at io.apicurio.tests.serdes.apicurio.KafkaSerdesTester.lambda$produceMessages$3(KafkaSerdesTester.java:138)
	at java.base/java.util.concurrent.CompletableFuture$AsyncSupply.run(CompletableFuture.java:1768)
	at java.base/java.lang.Thread.run(Thread.java:840)
]]></system-err>
  </testcase>
  <testcase name="testTopicIdStrategyFindLatest" classname="io.apicurio.tests.serdes.apicurio.AvroSerdeIT" time="4.896">
    <system-out><![CDATA[2025-08-13 02:14:14,072 INFO  [io.api.tes.uti.TestSeparator] (main) ############################################################################
2025-08-13 02:14:14,072 INFO  [io.api.tes.uti.TestSeparator] (main) io.apicurio.tests.serdes.apicurio.AvroSerdeIT.testTopicIdStrategyFindLatest-STARTED
2025-08-13 02:14:14,076 INFO  [io.api.tes.ser.api.AvroSerdeIT] (main) Registering Avro Schema: {"type":"record","name":"myrecordapicurio1","fields":[{"name":"key11755051254073","type":"string"}]}
**** Registry Base URL: http://registry-app-inmemory.apps.ci419.apicurio-testing.org:80
2025-08-13 02:14:15,144 INFO  [org.apa.kaf.cli.pro.ProducerConfig] (main) ProducerConfig values: 
	acks = -1
	auto.include.jmx.reporter = true
	batch.size = 16384
	bootstrap.servers = [PLAINTEXT://localhost:32769]
	buffer.memory = 33554432
	client.dns.lookup = use_all_dns_ips
	client.id = Producer-topic-6739b9d2_3b98_4bb8_9d0f_84c21d3bf6bf
	compression.gzip.level = -1
	compression.lz4.level = 9
	compression.type = none
	compression.zstd.level = 3
	connections.max.idle.ms = 10000
	delivery.timeout.ms = 120000
	enable.idempotence = true
	enable.metrics.push = true
	interceptor.classes = []
	key.serializer = class org.apache.kafka.common.serialization.StringSerializer
	linger.ms = 0
	max.block.ms = 60000
	max.in.flight.requests.per.connection = 5
	max.request.size = 1048576
	metadata.max.age.ms = 300000
	metadata.max.idle.ms = 300000
	metadata.recovery.strategy = none
	metric.reporters = []
	metrics.num.samples = 2
	metrics.recording.level = INFO
	metrics.sample.window.ms = 30000
	partitioner.adaptive.partitioning.enable = true
	partitioner.availability.timeout.ms = 0
	partitioner.class = null
	partitioner.ignore.keys = false
	receive.buffer.bytes = 32768
	reconnect.backoff.max.ms = 1000
	reconnect.backoff.ms = 50
	request.timeout.ms = 5000
	retries = 2147483647
	retry.backoff.max.ms = 1000
	retry.backoff.ms = 100
	sasl.client.callback.handler.class = null
	sasl.jaas.config = null
	sasl.kerberos.kinit.cmd = /usr/bin/kinit
	sasl.kerberos.min.time.before.relogin = 60000
	sasl.kerberos.service.name = null
	sasl.kerberos.ticket.renew.jitter = 0.05
	sasl.kerberos.ticket.renew.window.factor = 0.8
	sasl.login.callback.handler.class = null
	sasl.login.class = null
	sasl.login.connect.timeout.ms = null
	sasl.login.read.timeout.ms = null
	sasl.login.refresh.buffer.seconds = 300
	sasl.login.refresh.min.period.seconds = 60
	sasl.login.refresh.window.factor = 0.8
	sasl.login.refresh.window.jitter = 0.05
	sasl.login.retry.backoff.max.ms = 10000
	sasl.login.retry.backoff.ms = 100
	sasl.mechanism = GSSAPI
	sasl.oauthbearer.clock.skew.seconds = 30
	sasl.oauthbearer.expected.audience = null
	sasl.oauthbearer.expected.issuer = null
	sasl.oauthbearer.header.urlencode = false
	sasl.oauthbearer.jwks.endpoint.refresh.ms = 3600000
	sasl.oauthbearer.jwks.endpoint.retry.backoff.max.ms = 10000
	sasl.oauthbearer.jwks.endpoint.retry.backoff.ms = 100
	sasl.oauthbearer.jwks.endpoint.url = null
	sasl.oauthbearer.scope.claim.name = scope
	sasl.oauthbearer.sub.claim.name = sub
	sasl.oauthbearer.token.endpoint.url = null
	security.protocol = PLAINTEXT
	security.providers = null
	send.buffer.bytes = 131072
	socket.connection.setup.timeout.max.ms = 30000
	socket.connection.setup.timeout.ms = 10000
	ssl.cipher.suites = null
	ssl.enabled.protocols = [TLSv1.2, TLSv1.3]
	ssl.endpoint.identification.algorithm = https
	ssl.engine.factory.class = null
	ssl.key.password = null
	ssl.keymanager.algorithm = SunX509
	ssl.keystore.certificate.chain = null
	ssl.keystore.key = null
	ssl.keystore.location = null
	ssl.keystore.password = null
	ssl.keystore.type = JKS
	ssl.protocol = TLSv1.3
	ssl.provider = null
	ssl.secure.random.implementation = null
	ssl.trustmanager.algorithm = PKIX
	ssl.truststore.certificates = null
	ssl.truststore.location = null
	ssl.truststore.password = null
	ssl.truststore.type = JKS
	transaction.timeout.ms = 60000
	transactional.id = null
	value.serializer = class io.apicurio.registry.serde.avro.AvroKafkaSerializer

2025-08-13 02:14:15,144 INFO  [org.apa.kaf.com.tel.int.KafkaMetricsCollector] (main) initializing Kafka metrics collector
2025-08-13 02:14:15,147 INFO  [org.apa.kaf.cli.pro.KafkaProducer] (main) [Producer clientId=Producer-topic-6739b9d2_3b98_4bb8_9d0f_84c21d3bf6bf] Instantiated an idempotent producer.
2025-08-13 02:14:15,151 INFO  [org.apa.kaf.cli.pro.ProducerConfig] (main) These configurations '[apicurio.registry.find-latest, apicurio.registry.url, apicurio.registry.artifact-resolver-strategy]' were supplied but are not used yet.
2025-08-13 02:14:15,151 INFO  [org.apa.kaf.com.uti.AppInfoParser] (main) Kafka version: 3.9.1
2025-08-13 02:14:15,151 INFO  [org.apa.kaf.com.uti.AppInfoParser] (main) Kafka commitId: f745dfdcee2b9851
2025-08-13 02:14:15,151 INFO  [org.apa.kaf.com.uti.AppInfoParser] (main) Kafka startTimeMs: 1755051255151
2025-08-13 02:14:15,151 INFO  [io.api.tes.ser.api.SimpleSerdesTesterBuilder$SimpleSerdesTester] (main) Using producer configuration: {apicurio.registry.find-latest=true, apicurio.registry.url=http://registry-app-inmemory.apps.ci419.apicurio-testing.org:80/apis/registry/v3, apicurio.registry.artifact-resolver-strategy=io.apicurio.registry.serde.strategy.TopicIdStrategy, value.serializer=io.apicurio.registry.serde.avro.AvroKafkaSerializer, request.timeout.ms=5000, acks=all, bootstrap.servers=PLAINTEXT://localhost:32769, connections.max.idle.ms=10000, key.serializer=org.apache.kafka.common.serialization.StringSerializer, client.id=Producer-topic-6739b9d2_3b98_4bb8_9d0f_84c21d3bf6bf}
2025-08-13 02:14:15,151 INFO  [io.api.tes.ser.api.SimpleSerdesTesterBuilder$SimpleSerdesTester] (main) Using consumer configuration: {}
2025-08-13 02:14:15,152 INFO  [io.api.tes.ser.api.KafkaSerdesTester] (Thread-645) Sending message {"key11755051254073": "value-0"} to topic topic-6739b9d2_3b98_4bb8_9d0f_84c21d3bf6bf
2025-08-13 02:14:15,157 INFO  [org.apa.kaf.cli.Metadata] (kafka-producer-network-thread | Producer-topic-6739b9d2_3b98_4bb8_9d0f_84c21d3bf6bf) [Producer clientId=Producer-topic-6739b9d2_3b98_4bb8_9d0f_84c21d3bf6bf] Cluster ID: KRqqH0pCSh6FBkmoZ2CGGg
2025-08-13 02:14:15,158 INFO  [org.apa.kaf.cli.pro.int.TransactionManager] (kafka-producer-network-thread | Producer-topic-6739b9d2_3b98_4bb8_9d0f_84c21d3bf6bf) [Producer clientId=Producer-topic-6739b9d2_3b98_4bb8_9d0f_84c21d3bf6bf] ProducerId set to 9 with epoch 0
2025-08-13 02:14:15,265 INFO  [io.api.tes.ser.api.KafkaSerdesTester] (Thread-645) Sending message {"key11755051254073": "value-1"} to topic topic-6739b9d2_3b98_4bb8_9d0f_84c21d3bf6bf
2025-08-13 02:14:15,269 INFO  [io.api.tes.ser.api.KafkaSerdesTester] (Thread-645) Sending message {"key11755051254073": "value-2"} to topic topic-6739b9d2_3b98_4bb8_9d0f_84c21d3bf6bf
2025-08-13 02:14:15,271 INFO  [io.api.tes.ser.api.KafkaSerdesTester] (Thread-645) Sending message {"key11755051254073": "value-3"} to topic topic-6739b9d2_3b98_4bb8_9d0f_84c21d3bf6bf
2025-08-13 02:14:15,274 INFO  [io.api.tes.ser.api.KafkaSerdesTester] (Thread-645) Sending message {"key11755051254073": "value-4"} to topic topic-6739b9d2_3b98_4bb8_9d0f_84c21d3bf6bf
2025-08-13 02:14:15,276 INFO  [io.api.tes.ser.api.KafkaSerdesTester] (Thread-645) Sending message {"key11755051254073": "value-5"} to topic topic-6739b9d2_3b98_4bb8_9d0f_84c21d3bf6bf
2025-08-13 02:14:15,278 INFO  [io.api.tes.ser.api.KafkaSerdesTester] (Thread-645) Sending message {"key11755051254073": "value-6"} to topic topic-6739b9d2_3b98_4bb8_9d0f_84c21d3bf6bf
2025-08-13 02:14:15,281 INFO  [io.api.tes.ser.api.KafkaSerdesTester] (Thread-645) Sending message {"key11755051254073": "value-7"} to topic topic-6739b9d2_3b98_4bb8_9d0f_84c21d3bf6bf
2025-08-13 02:14:15,283 INFO  [io.api.tes.ser.api.KafkaSerdesTester] (Thread-645) Sending message {"key11755051254073": "value-8"} to topic topic-6739b9d2_3b98_4bb8_9d0f_84c21d3bf6bf
2025-08-13 02:14:15,288 INFO  [io.api.tes.ser.api.KafkaSerdesTester] (Thread-645) Sending message {"key11755051254073": "value-9"} to topic topic-6739b9d2_3b98_4bb8_9d0f_84c21d3bf6bf
2025-08-13 02:14:15,295 INFO  [io.api.tes.ser.api.KafkaSerdesTester] (Thread-645) Produced 10 messages
2025-08-13 02:14:15,296 INFO  [org.apa.kaf.cli.pro.KafkaProducer] (Thread-645) [Producer clientId=Producer-topic-6739b9d2_3b98_4bb8_9d0f_84c21d3bf6bf] Closing the Kafka producer with timeoutMillis = 9223372036854775807 ms.
2025-08-13 02:14:15,300 INFO  [org.apa.kaf.com.met.Metrics] (Thread-645) Metrics scheduler closed
2025-08-13 02:14:15,301 INFO  [org.apa.kaf.com.met.Metrics] (Thread-645) Closing reporter org.apache.kafka.common.metrics.JmxReporter
2025-08-13 02:14:15,301 INFO  [org.apa.kaf.com.met.Metrics] (Thread-645) Closing reporter org.apache.kafka.common.telemetry.internals.ClientTelemetryReporter
2025-08-13 02:14:15,301 INFO  [org.apa.kaf.com.met.Metrics] (Thread-645) Metrics reporters closed
2025-08-13 02:14:15,302 INFO  [org.apa.kaf.com.uti.AppInfoParser] (Thread-645) App info kafka.producer for Producer-topic-6739b9d2_3b98_4bb8_9d0f_84c21d3bf6bf unregistered
**** Registry Base URL: http://registry-app-inmemory.apps.ci419.apicurio-testing.org:80
2025-08-13 02:14:15,302 INFO  [org.apa.kaf.cli.con.ConsumerConfig] (main) ConsumerConfig values: 
	allow.auto.create.topics = true
	auto.commit.interval.ms = 500
	auto.include.jmx.reporter = true
	auto.offset.reset = earliest
	bootstrap.servers = [PLAINTEXT://localhost:32769]
	check.crcs = true
	client.dns.lookup = use_all_dns_ips
	client.id = consumer-Consumer-topic-6739b9d2_3b98_4bb8_9d0f_84c21d3bf6bf-7
	client.rack = 
	connections.max.idle.ms = 10000
	default.api.timeout.ms = 60000
	enable.auto.commit = true
	enable.metrics.push = true
	exclude.internal.topics = true
	fetch.max.bytes = 52428800
	fetch.max.wait.ms = 500
	fetch.min.bytes = 1
	group.id = Consumer-topic-6739b9d2_3b98_4bb8_9d0f_84c21d3bf6bf
	group.instance.id = null
	group.protocol = classic
	group.remote.assignor = null
	heartbeat.interval.ms = 3000
	interceptor.classes = []
	internal.leave.group.on.close = true
	internal.throw.on.fetch.stable.offset.unsupported = false
	isolation.level = read_uncommitted
	key.deserializer = class org.apache.kafka.common.serialization.StringDeserializer
	max.partition.fetch.bytes = 1048576
	max.poll.interval.ms = 300000
	max.poll.records = 500
	metadata.max.age.ms = 300000
	metadata.recovery.strategy = none
	metric.reporters = []
	metrics.num.samples = 2
	metrics.recording.level = INFO
	metrics.sample.window.ms = 30000
	partition.assignment.strategy = [class org.apache.kafka.clients.consumer.RangeAssignor, class org.apache.kafka.clients.consumer.CooperativeStickyAssignor]
	receive.buffer.bytes = 65536
	reconnect.backoff.max.ms = 1000
	reconnect.backoff.ms = 50
	request.timeout.ms = 5000
	retry.backoff.max.ms = 1000
	retry.backoff.ms = 100
	sasl.client.callback.handler.class = null
	sasl.jaas.config = null
	sasl.kerberos.kinit.cmd = /usr/bin/kinit
	sasl.kerberos.min.time.before.relogin = 60000
	sasl.kerberos.service.name = null
	sasl.kerberos.ticket.renew.jitter = 0.05
	sasl.kerberos.ticket.renew.window.factor = 0.8
	sasl.login.callback.handler.class = null
	sasl.login.class = null
	sasl.login.connect.timeout.ms = null
	sasl.login.read.timeout.ms = null
	sasl.login.refresh.buffer.seconds = 300
	sasl.login.refresh.min.period.seconds = 60
	sasl.login.refresh.window.factor = 0.8
	sasl.login.refresh.window.jitter = 0.05
	sasl.login.retry.backoff.max.ms = 10000
	sasl.login.retry.backoff.ms = 100
	sasl.mechanism = GSSAPI
	sasl.oauthbearer.clock.skew.seconds = 30
	sasl.oauthbearer.expected.audience = null
	sasl.oauthbearer.expected.issuer = null
	sasl.oauthbearer.header.urlencode = false
	sasl.oauthbearer.jwks.endpoint.refresh.ms = 3600000
	sasl.oauthbearer.jwks.endpoint.retry.backoff.max.ms = 10000
	sasl.oauthbearer.jwks.endpoint.retry.backoff.ms = 100
	sasl.oauthbearer.jwks.endpoint.url = null
	sasl.oauthbearer.scope.claim.name = scope
	sasl.oauthbearer.sub.claim.name = sub
	sasl.oauthbearer.token.endpoint.url = null
	security.protocol = PLAINTEXT
	security.providers = null
	send.buffer.bytes = 131072
	session.timeout.ms = 45000
	socket.connection.setup.timeout.max.ms = 30000
	socket.connection.setup.timeout.ms = 10000
	ssl.cipher.suites = null
	ssl.enabled.protocols = [TLSv1.2, TLSv1.3]
	ssl.endpoint.identification.algorithm = https
	ssl.engine.factory.class = null
	ssl.key.password = null
	ssl.keymanager.algorithm = SunX509
	ssl.keystore.certificate.chain = null
	ssl.keystore.key = null
	ssl.keystore.location = null
	ssl.keystore.password = null
	ssl.keystore.type = JKS
	ssl.protocol = TLSv1.3
	ssl.provider = null
	ssl.secure.random.implementation = null
	ssl.trustmanager.algorithm = PKIX
	ssl.truststore.certificates = null
	ssl.truststore.location = null
	ssl.truststore.password = null
	ssl.truststore.type = JKS
	value.deserializer = class io.apicurio.registry.serde.avro.AvroKafkaDeserializer

2025-08-13 02:14:15,303 INFO  [org.apa.kaf.com.tel.int.KafkaMetricsCollector] (main) initializing Kafka metrics collector
2025-08-13 02:14:15,326 INFO  [org.apa.kaf.cli.con.ConsumerConfig] (main) These configurations '[apicurio.registry.url]' were supplied but are not used yet.
2025-08-13 02:14:15,326 INFO  [org.apa.kaf.com.uti.AppInfoParser] (main) Kafka version: 3.9.1
2025-08-13 02:14:15,326 INFO  [org.apa.kaf.com.uti.AppInfoParser] (main) Kafka commitId: f745dfdcee2b9851
2025-08-13 02:14:15,326 INFO  [org.apa.kaf.com.uti.AppInfoParser] (main) Kafka startTimeMs: 1755051255326
2025-08-13 02:14:15,331 INFO  [org.apa.kaf.cli.con.int.ClassicKafkaConsumer] (Thread-648) [Consumer clientId=consumer-Consumer-topic-6739b9d2_3b98_4bb8_9d0f_84c21d3bf6bf-7, groupId=Consumer-topic-6739b9d2_3b98_4bb8_9d0f_84c21d3bf6bf] Subscribed to topic(s): topic-6739b9d2_3b98_4bb8_9d0f_84c21d3bf6bf
2025-08-13 02:14:15,342 INFO  [org.apa.kaf.cli.Metadata] (Thread-648) [Consumer clientId=consumer-Consumer-topic-6739b9d2_3b98_4bb8_9d0f_84c21d3bf6bf-7, groupId=Consumer-topic-6739b9d2_3b98_4bb8_9d0f_84c21d3bf6bf] Cluster ID: KRqqH0pCSh6FBkmoZ2CGGg
2025-08-13 02:14:15,345 INFO  [org.apa.kaf.cli.con.int.ConsumerCoordinator] (Thread-648) [Consumer clientId=consumer-Consumer-topic-6739b9d2_3b98_4bb8_9d0f_84c21d3bf6bf-7, groupId=Consumer-topic-6739b9d2_3b98_4bb8_9d0f_84c21d3bf6bf] Discovered group coordinator localhost:32769 (id: 2147483647 rack: null)
2025-08-13 02:14:15,349 INFO  [org.apa.kaf.cli.con.int.ConsumerCoordinator] (Thread-648) [Consumer clientId=consumer-Consumer-topic-6739b9d2_3b98_4bb8_9d0f_84c21d3bf6bf-7, groupId=Consumer-topic-6739b9d2_3b98_4bb8_9d0f_84c21d3bf6bf] (Re-)joining group
2025-08-13 02:14:15,356 INFO  [org.apa.kaf.cli.con.int.ConsumerCoordinator] (Thread-648) [Consumer clientId=consumer-Consumer-topic-6739b9d2_3b98_4bb8_9d0f_84c21d3bf6bf-7, groupId=Consumer-topic-6739b9d2_3b98_4bb8_9d0f_84c21d3bf6bf] Request joining group due to: need to re-join with the given member-id: consumer-Consumer-topic-6739b9d2_3b98_4bb8_9d0f_84c21d3bf6bf-7-2d34882d-6f57-4f0a-9808-00372469216c
2025-08-13 02:14:15,356 INFO  [org.apa.kaf.cli.con.int.ConsumerCoordinator] (Thread-648) [Consumer clientId=consumer-Consumer-topic-6739b9d2_3b98_4bb8_9d0f_84c21d3bf6bf-7, groupId=Consumer-topic-6739b9d2_3b98_4bb8_9d0f_84c21d3bf6bf] (Re-)joining group
2025-08-13 02:14:16,331 INFO  [io.api.tes.ser.api.KafkaSerdesTester] (Thread-648) None found
2025-08-13 02:14:17,332 INFO  [io.api.tes.ser.api.KafkaSerdesTester] (Thread-648) None found
2025-08-13 02:14:18,332 INFO  [io.api.tes.ser.api.KafkaSerdesTester] (Thread-648) None found
2025-08-13 02:14:18,359 INFO  [org.apa.kaf.cli.con.int.ConsumerCoordinator] (Thread-648) [Consumer clientId=consumer-Consumer-topic-6739b9d2_3b98_4bb8_9d0f_84c21d3bf6bf-7, groupId=Consumer-topic-6739b9d2_3b98_4bb8_9d0f_84c21d3bf6bf] Successfully joined group with generation Generation{generationId=1, memberId='consumer-Consumer-topic-6739b9d2_3b98_4bb8_9d0f_84c21d3bf6bf-7-2d34882d-6f57-4f0a-9808-00372469216c', protocol='range'}
2025-08-13 02:14:18,360 INFO  [org.apa.kaf.cli.con.int.ConsumerCoordinator] (Thread-648) [Consumer clientId=consumer-Consumer-topic-6739b9d2_3b98_4bb8_9d0f_84c21d3bf6bf-7, groupId=Consumer-topic-6739b9d2_3b98_4bb8_9d0f_84c21d3bf6bf] Finished assignment for group at generation 1: {consumer-Consumer-topic-6739b9d2_3b98_4bb8_9d0f_84c21d3bf6bf-7-2d34882d-6f57-4f0a-9808-00372469216c=Assignment(partitions=[topic-6739b9d2_3b98_4bb8_9d0f_84c21d3bf6bf-0])}
2025-08-13 02:14:18,367 INFO  [org.apa.kaf.cli.con.int.ConsumerCoordinator] (Thread-648) [Consumer clientId=consumer-Consumer-topic-6739b9d2_3b98_4bb8_9d0f_84c21d3bf6bf-7, groupId=Consumer-topic-6739b9d2_3b98_4bb8_9d0f_84c21d3bf6bf] Successfully synced group in generation Generation{generationId=1, memberId='consumer-Consumer-topic-6739b9d2_3b98_4bb8_9d0f_84c21d3bf6bf-7-2d34882d-6f57-4f0a-9808-00372469216c', protocol='range'}
2025-08-13 02:14:18,368 INFO  [org.apa.kaf.cli.con.int.ConsumerCoordinator] (Thread-648) [Consumer clientId=consumer-Consumer-topic-6739b9d2_3b98_4bb8_9d0f_84c21d3bf6bf-7, groupId=Consumer-topic-6739b9d2_3b98_4bb8_9d0f_84c21d3bf6bf] Notifying assignor about the new Assignment(partitions=[topic-6739b9d2_3b98_4bb8_9d0f_84c21d3bf6bf-0])
2025-08-13 02:14:18,368 INFO  [org.apa.kaf.cli.con.int.ConsumerRebalanceListenerInvoker] (Thread-648) [Consumer clientId=consumer-Consumer-topic-6739b9d2_3b98_4bb8_9d0f_84c21d3bf6bf-7, groupId=Consumer-topic-6739b9d2_3b98_4bb8_9d0f_84c21d3bf6bf] Adding newly assigned partitions: topic-6739b9d2_3b98_4bb8_9d0f_84c21d3bf6bf-0
2025-08-13 02:14:18,369 INFO  [org.apa.kaf.cli.con.int.ConsumerCoordinator] (Thread-648) [Consumer clientId=consumer-Consumer-topic-6739b9d2_3b98_4bb8_9d0f_84c21d3bf6bf-7, groupId=Consumer-topic-6739b9d2_3b98_4bb8_9d0f_84c21d3bf6bf] Found no committed offset for partition topic-6739b9d2_3b98_4bb8_9d0f_84c21d3bf6bf-0
2025-08-13 02:14:18,375 INFO  [org.apa.kaf.cli.con.int.SubscriptionState] (Thread-648) [Consumer clientId=consumer-Consumer-topic-6739b9d2_3b98_4bb8_9d0f_84c21d3bf6bf-7, groupId=Consumer-topic-6739b9d2_3b98_4bb8_9d0f_84c21d3bf6bf] Resetting offset for partition topic-6739b9d2_3b98_4bb8_9d0f_84c21d3bf6bf-0 to position FetchPosition{offset=0, offsetEpoch=Optional.empty, currentLeader=LeaderAndEpoch{leader=Optional[localhost:32769 (id: 0 rack: null)], epoch=0}}.
2025-08-13 02:14:18,457 INFO  [io.api.tes.ser.api.KafkaSerdesTester] (Thread-648) topic-6739b9d2_3b98_4bb8_9d0f_84c21d3bf6bf 0 0 {"key11755051254073": "value-0"}
2025-08-13 02:14:18,457 INFO  [io.api.tes.ser.api.KafkaSerdesTester] (Thread-648) topic-6739b9d2_3b98_4bb8_9d0f_84c21d3bf6bf 0 1 {"key11755051254073": "value-1"}
2025-08-13 02:14:18,457 INFO  [io.api.tes.ser.api.KafkaSerdesTester] (Thread-648) topic-6739b9d2_3b98_4bb8_9d0f_84c21d3bf6bf 0 2 {"key11755051254073": "value-2"}
2025-08-13 02:14:18,457 INFO  [io.api.tes.ser.api.KafkaSerdesTester] (Thread-648) topic-6739b9d2_3b98_4bb8_9d0f_84c21d3bf6bf 0 3 {"key11755051254073": "value-3"}
2025-08-13 02:14:18,457 INFO  [io.api.tes.ser.api.KafkaSerdesTester] (Thread-648) topic-6739b9d2_3b98_4bb8_9d0f_84c21d3bf6bf 0 4 {"key11755051254073": "value-4"}
2025-08-13 02:14:18,457 INFO  [io.api.tes.ser.api.KafkaSerdesTester] (Thread-648) topic-6739b9d2_3b98_4bb8_9d0f_84c21d3bf6bf 0 5 {"key11755051254073": "value-5"}
2025-08-13 02:14:18,457 INFO  [io.api.tes.ser.api.KafkaSerdesTester] (Thread-648) topic-6739b9d2_3b98_4bb8_9d0f_84c21d3bf6bf 0 6 {"key11755051254073": "value-6"}
2025-08-13 02:14:18,457 INFO  [io.api.tes.ser.api.KafkaSerdesTester] (Thread-648) topic-6739b9d2_3b98_4bb8_9d0f_84c21d3bf6bf 0 7 {"key11755051254073": "value-7"}
2025-08-13 02:14:18,457 INFO  [io.api.tes.ser.api.KafkaSerdesTester] (Thread-648) topic-6739b9d2_3b98_4bb8_9d0f_84c21d3bf6bf 0 8 {"key11755051254073": "value-8"}
2025-08-13 02:14:18,457 INFO  [io.api.tes.ser.api.KafkaSerdesTester] (Thread-648) topic-6739b9d2_3b98_4bb8_9d0f_84c21d3bf6bf 0 9 {"key11755051254073": "value-9"}
2025-08-13 02:14:18,457 INFO  [io.api.tes.ser.api.KafkaSerdesTester] (Thread-648) Consumed 10 messages
2025-08-13 02:14:18,465 INFO  [org.apa.kaf.cli.con.int.ConsumerRebalanceListenerInvoker] (Thread-648) [Consumer clientId=consumer-Consumer-topic-6739b9d2_3b98_4bb8_9d0f_84c21d3bf6bf-7, groupId=Consumer-topic-6739b9d2_3b98_4bb8_9d0f_84c21d3bf6bf] Revoke previously assigned partitions topic-6739b9d2_3b98_4bb8_9d0f_84c21d3bf6bf-0
2025-08-13 02:14:18,465 INFO  [org.apa.kaf.cli.con.int.ConsumerCoordinator] (Thread-648) [Consumer clientId=consumer-Consumer-topic-6739b9d2_3b98_4bb8_9d0f_84c21d3bf6bf-7, groupId=Consumer-topic-6739b9d2_3b98_4bb8_9d0f_84c21d3bf6bf] Member consumer-Consumer-topic-6739b9d2_3b98_4bb8_9d0f_84c21d3bf6bf-7-2d34882d-6f57-4f0a-9808-00372469216c sending LeaveGroup request to coordinator localhost:32769 (id: 2147483647 rack: null) due to the consumer is being closed
2025-08-13 02:14:18,466 INFO  [org.apa.kaf.cli.con.int.ConsumerCoordinator] (Thread-648) [Consumer clientId=consumer-Consumer-topic-6739b9d2_3b98_4bb8_9d0f_84c21d3bf6bf-7, groupId=Consumer-topic-6739b9d2_3b98_4bb8_9d0f_84c21d3bf6bf] Resetting generation and member id due to: consumer pro-actively leaving the group
2025-08-13 02:14:18,466 INFO  [org.apa.kaf.cli.con.int.ConsumerCoordinator] (Thread-648) [Consumer clientId=consumer-Consumer-topic-6739b9d2_3b98_4bb8_9d0f_84c21d3bf6bf-7, groupId=Consumer-topic-6739b9d2_3b98_4bb8_9d0f_84c21d3bf6bf] Request joining group due to: consumer pro-actively leaving the group
2025-08-13 02:14:18,960 INFO  [org.apa.kaf.com.met.Metrics] (Thread-648) Metrics scheduler closed
2025-08-13 02:14:18,961 INFO  [org.apa.kaf.com.met.Metrics] (Thread-648) Closing reporter org.apache.kafka.common.metrics.JmxReporter
2025-08-13 02:14:18,961 INFO  [org.apa.kaf.com.met.Metrics] (Thread-648) Closing reporter org.apache.kafka.common.telemetry.internals.ClientTelemetryReporter
2025-08-13 02:14:18,961 INFO  [org.apa.kaf.com.met.Metrics] (Thread-648) Metrics reporters closed
2025-08-13 02:14:18,964 INFO  [org.apa.kaf.com.uti.AppInfoParser] (Thread-648) App info kafka.consumer for consumer-Consumer-topic-6739b9d2_3b98_4bb8_9d0f_84c21d3bf6bf-7 unregistered
2025-08-13 02:14:18,965 INFO  [io.api.tes.uti.TestSeparator] (main) io.apicurio.tests.serdes.apicurio.AvroSerdeIT.testTopicIdStrategyFindLatest-FINISHED
2025-08-13 02:14:18,965 INFO  [io.api.tes.uti.TestSeparator] (main) ############################################################################
Test passed: testTopicIdStrategyFindLatest
]]></system-out>
  </testcase>
  <testcase name="testAvroUnionWithSpecificReader" classname="io.apicurio.tests.serdes.apicurio.AvroSerdeIT" time="4.085">
    <system-out><![CDATA[2025-08-13 02:14:18,968 INFO  [io.api.tes.uti.TestSeparator] (main) ############################################################################
2025-08-13 02:14:18,968 INFO  [io.api.tes.uti.TestSeparator] (main) io.apicurio.tests.serdes.apicurio.AvroSerdeIT.testAvroUnionWithSpecificReader-STARTED
**** Registry Base URL: http://registry-app-inmemory.apps.ci419.apicurio-testing.org:80
2025-08-13 02:14:18,975 INFO  [org.apa.kaf.cli.pro.ProducerConfig] (main) ProducerConfig values: 
	acks = -1
	auto.include.jmx.reporter = true
	batch.size = 16384
	bootstrap.servers = [PLAINTEXT://localhost:32769]
	buffer.memory = 33554432
	client.dns.lookup = use_all_dns_ips
	client.id = Producer-topic-4bb14f89_1a4c_4026_b442_a8526efea370
	compression.gzip.level = -1
	compression.lz4.level = 9
	compression.type = none
	compression.zstd.level = 3
	connections.max.idle.ms = 10000
	delivery.timeout.ms = 120000
	enable.idempotence = true
	enable.metrics.push = true
	interceptor.classes = []
	key.serializer = class org.apache.kafka.common.serialization.StringSerializer
	linger.ms = 0
	max.block.ms = 60000
	max.in.flight.requests.per.connection = 5
	max.request.size = 1048576
	metadata.max.age.ms = 300000
	metadata.max.idle.ms = 300000
	metadata.recovery.strategy = none
	metric.reporters = []
	metrics.num.samples = 2
	metrics.recording.level = INFO
	metrics.sample.window.ms = 30000
	partitioner.adaptive.partitioning.enable = true
	partitioner.availability.timeout.ms = 0
	partitioner.class = null
	partitioner.ignore.keys = false
	receive.buffer.bytes = 32768
	reconnect.backoff.max.ms = 1000
	reconnect.backoff.ms = 50
	request.timeout.ms = 5000
	retries = 2147483647
	retry.backoff.max.ms = 1000
	retry.backoff.ms = 100
	sasl.client.callback.handler.class = null
	sasl.jaas.config = null
	sasl.kerberos.kinit.cmd = /usr/bin/kinit
	sasl.kerberos.min.time.before.relogin = 60000
	sasl.kerberos.service.name = null
	sasl.kerberos.ticket.renew.jitter = 0.05
	sasl.kerberos.ticket.renew.window.factor = 0.8
	sasl.login.callback.handler.class = null
	sasl.login.class = null
	sasl.login.connect.timeout.ms = null
	sasl.login.read.timeout.ms = null
	sasl.login.refresh.buffer.seconds = 300
	sasl.login.refresh.min.period.seconds = 60
	sasl.login.refresh.window.factor = 0.8
	sasl.login.refresh.window.jitter = 0.05
	sasl.login.retry.backoff.max.ms = 10000
	sasl.login.retry.backoff.ms = 100
	sasl.mechanism = GSSAPI
	sasl.oauthbearer.clock.skew.seconds = 30
	sasl.oauthbearer.expected.audience = null
	sasl.oauthbearer.expected.issuer = null
	sasl.oauthbearer.header.urlencode = false
	sasl.oauthbearer.jwks.endpoint.refresh.ms = 3600000
	sasl.oauthbearer.jwks.endpoint.retry.backoff.max.ms = 10000
	sasl.oauthbearer.jwks.endpoint.retry.backoff.ms = 100
	sasl.oauthbearer.jwks.endpoint.url = null
	sasl.oauthbearer.scope.claim.name = scope
	sasl.oauthbearer.sub.claim.name = sub
	sasl.oauthbearer.token.endpoint.url = null
	security.protocol = PLAINTEXT
	security.providers = null
	send.buffer.bytes = 131072
	socket.connection.setup.timeout.max.ms = 30000
	socket.connection.setup.timeout.ms = 10000
	ssl.cipher.suites = null
	ssl.enabled.protocols = [TLSv1.2, TLSv1.3]
	ssl.endpoint.identification.algorithm = https
	ssl.engine.factory.class = null
	ssl.key.password = null
	ssl.keymanager.algorithm = SunX509
	ssl.keystore.certificate.chain = null
	ssl.keystore.key = null
	ssl.keystore.location = null
	ssl.keystore.password = null
	ssl.keystore.type = JKS
	ssl.protocol = TLSv1.3
	ssl.provider = null
	ssl.secure.random.implementation = null
	ssl.trustmanager.algorithm = PKIX
	ssl.truststore.certificates = null
	ssl.truststore.location = null
	ssl.truststore.password = null
	ssl.truststore.type = JKS
	transaction.timeout.ms = 60000
	transactional.id = null
	value.serializer = class io.apicurio.registry.serde.avro.AvroKafkaSerializer

2025-08-13 02:14:18,976 INFO  [org.apa.kaf.com.tel.int.KafkaMetricsCollector] (main) initializing Kafka metrics collector
2025-08-13 02:14:18,980 INFO  [org.apa.kaf.cli.pro.KafkaProducer] (main) [Producer clientId=Producer-topic-4bb14f89_1a4c_4026_b442_a8526efea370] Instantiated an idempotent producer.
2025-08-13 02:14:18,982 INFO  [org.apa.kaf.cli.pro.ProducerConfig] (main) These configurations '[apicurio.registry.url, apicurio.registry.auto-register, apicurio.registry.artifact-resolver-strategy]' were supplied but are not used yet.
2025-08-13 02:14:18,982 INFO  [org.apa.kaf.com.uti.AppInfoParser] (main) Kafka version: 3.9.1
2025-08-13 02:14:18,982 INFO  [org.apa.kaf.com.uti.AppInfoParser] (main) Kafka commitId: f745dfdcee2b9851
2025-08-13 02:14:18,982 INFO  [org.apa.kaf.com.uti.AppInfoParser] (main) Kafka startTimeMs: 1755051258982
2025-08-13 02:14:18,982 INFO  [io.api.tes.ser.api.SimpleSerdesTesterBuilder$SimpleSerdesTester] (main) Using producer configuration: {apicurio.registry.url=http://registry-app-inmemory.apps.ci419.apicurio-testing.org:80/apis/registry/v3, apicurio.registry.auto-register=true, apicurio.registry.artifact-resolver-strategy=io.apicurio.registry.serde.strategy.TopicIdStrategy, value.serializer=io.apicurio.registry.serde.avro.AvroKafkaSerializer, request.timeout.ms=5000, acks=all, bootstrap.servers=PLAINTEXT://localhost:32769, connections.max.idle.ms=10000, key.serializer=org.apache.kafka.common.serialization.StringSerializer, client.id=Producer-topic-4bb14f89_1a4c_4026_b442_a8526efea370}
2025-08-13 02:14:18,982 INFO  [io.api.tes.ser.api.SimpleSerdesTesterBuilder$SimpleSerdesTester] (main) Using consumer configuration: {}
2025-08-13 02:14:18,985 INFO  [io.api.tes.ser.api.KafkaSerdesTester] (Thread-651) Sending message {"id": "record-0"} to topic topic-4bb14f89_1a4c_4026_b442_a8526efea370
2025-08-13 02:14:18,991 WARN  [org.apa.kaf.cli.NetworkClient] (kafka-producer-network-thread | Producer-topic-4bb14f89_1a4c_4026_b442_a8526efea370) [Producer clientId=Producer-topic-4bb14f89_1a4c_4026_b442_a8526efea370] The metadata response from the cluster reported a recoverable issue with correlation id 1 : {topic-4bb14f89_1a4c_4026_b442_a8526efea370=UNKNOWN_TOPIC_OR_PARTITION}
2025-08-13 02:14:18,991 INFO  [org.apa.kaf.cli.Metadata] (kafka-producer-network-thread | Producer-topic-4bb14f89_1a4c_4026_b442_a8526efea370) [Producer clientId=Producer-topic-4bb14f89_1a4c_4026_b442_a8526efea370] Cluster ID: KRqqH0pCSh6FBkmoZ2CGGg
2025-08-13 02:14:18,992 INFO  [org.apa.kaf.cli.pro.int.TransactionManager] (kafka-producer-network-thread | Producer-topic-4bb14f89_1a4c_4026_b442_a8526efea370) [Producer clientId=Producer-topic-4bb14f89_1a4c_4026_b442_a8526efea370] ProducerId set to 10 with epoch 0
2025-08-13 02:14:19,173 INFO  [io.api.tes.ser.api.KafkaSerdesTester] (Thread-651) Sending message {"value": 1} to topic topic-4bb14f89_1a4c_4026_b442_a8526efea370
2025-08-13 02:14:19,213 INFO  [io.api.tes.ser.api.KafkaSerdesTester] (Thread-651) Sending message {"active": true} to topic topic-4bb14f89_1a4c_4026_b442_a8526efea370
2025-08-13 02:14:19,252 INFO  [io.api.tes.ser.api.KafkaSerdesTester] (Thread-651) Sending message {"id": "record-3"} to topic topic-4bb14f89_1a4c_4026_b442_a8526efea370
2025-08-13 02:14:19,255 INFO  [io.api.tes.ser.api.KafkaSerdesTester] (Thread-651) Sending message {"value": 4} to topic topic-4bb14f89_1a4c_4026_b442_a8526efea370
2025-08-13 02:14:19,258 INFO  [io.api.tes.ser.api.KafkaSerdesTester] (Thread-651) Sending message {"active": false} to topic topic-4bb14f89_1a4c_4026_b442_a8526efea370
2025-08-13 02:14:19,262 INFO  [io.api.tes.ser.api.KafkaSerdesTester] (Thread-651) Sending message {"id": "record-6"} to topic topic-4bb14f89_1a4c_4026_b442_a8526efea370
2025-08-13 02:14:19,266 INFO  [io.api.tes.ser.api.KafkaSerdesTester] (Thread-651) Sending message {"value": 7} to topic topic-4bb14f89_1a4c_4026_b442_a8526efea370
2025-08-13 02:14:19,269 INFO  [io.api.tes.ser.api.KafkaSerdesTester] (Thread-651) Sending message {"active": true} to topic topic-4bb14f89_1a4c_4026_b442_a8526efea370
2025-08-13 02:14:19,271 INFO  [io.api.tes.ser.api.KafkaSerdesTester] (Thread-651) Sending message {"id": "record-9"} to topic topic-4bb14f89_1a4c_4026_b442_a8526efea370
2025-08-13 02:14:19,273 INFO  [io.api.tes.ser.api.KafkaSerdesTester] (Thread-651) Produced 10 messages
2025-08-13 02:14:19,273 INFO  [org.apa.kaf.cli.pro.KafkaProducer] (Thread-651) [Producer clientId=Producer-topic-4bb14f89_1a4c_4026_b442_a8526efea370] Closing the Kafka producer with timeoutMillis = 9223372036854775807 ms.
2025-08-13 02:14:19,280 INFO  [org.apa.kaf.com.met.Metrics] (Thread-651) Metrics scheduler closed
2025-08-13 02:14:19,280 INFO  [org.apa.kaf.com.met.Metrics] (Thread-651) Closing reporter org.apache.kafka.common.metrics.JmxReporter
2025-08-13 02:14:19,280 INFO  [org.apa.kaf.com.met.Metrics] (Thread-651) Closing reporter org.apache.kafka.common.telemetry.internals.ClientTelemetryReporter
2025-08-13 02:14:19,280 INFO  [org.apa.kaf.com.met.Metrics] (Thread-651) Metrics reporters closed
2025-08-13 02:14:19,281 INFO  [org.apa.kaf.com.uti.AppInfoParser] (Thread-651) App info kafka.producer for Producer-topic-4bb14f89_1a4c_4026_b442_a8526efea370 unregistered
2025-08-13 02:14:19,312 INFO  [io.api.tes.ser.api.AvroSerdeIT] (main) Artifact topic-4bb14f89_1a4c_4026_b442_a8526efea370-value found in registry with globalId 25
**** Registry Base URL: http://registry-app-inmemory.apps.ci419.apicurio-testing.org:80
2025-08-13 02:14:19,313 INFO  [org.apa.kaf.cli.con.ConsumerConfig] (main) ConsumerConfig values: 
	allow.auto.create.topics = true
	auto.commit.interval.ms = 500
	auto.include.jmx.reporter = true
	auto.offset.reset = earliest
	bootstrap.servers = [PLAINTEXT://localhost:32769]
	check.crcs = true
	client.dns.lookup = use_all_dns_ips
	client.id = consumer-Consumer-topic-4bb14f89_1a4c_4026_b442_a8526efea370-8
	client.rack = 
	connections.max.idle.ms = 10000
	default.api.timeout.ms = 60000
	enable.auto.commit = true
	enable.metrics.push = true
	exclude.internal.topics = true
	fetch.max.bytes = 52428800
	fetch.max.wait.ms = 500
	fetch.min.bytes = 1
	group.id = Consumer-topic-4bb14f89_1a4c_4026_b442_a8526efea370
	group.instance.id = null
	group.protocol = classic
	group.remote.assignor = null
	heartbeat.interval.ms = 3000
	interceptor.classes = []
	internal.leave.group.on.close = true
	internal.throw.on.fetch.stable.offset.unsupported = false
	isolation.level = read_uncommitted
	key.deserializer = class org.apache.kafka.common.serialization.StringDeserializer
	max.partition.fetch.bytes = 1048576
	max.poll.interval.ms = 300000
	max.poll.records = 500
	metadata.max.age.ms = 300000
	metadata.recovery.strategy = none
	metric.reporters = []
	metrics.num.samples = 2
	metrics.recording.level = INFO
	metrics.sample.window.ms = 30000
	partition.assignment.strategy = [class org.apache.kafka.clients.consumer.RangeAssignor, class org.apache.kafka.clients.consumer.CooperativeStickyAssignor]
	receive.buffer.bytes = 65536
	reconnect.backoff.max.ms = 1000
	reconnect.backoff.ms = 50
	request.timeout.ms = 5000
	retry.backoff.max.ms = 1000
	retry.backoff.ms = 100
	sasl.client.callback.handler.class = null
	sasl.jaas.config = null
	sasl.kerberos.kinit.cmd = /usr/bin/kinit
	sasl.kerberos.min.time.before.relogin = 60000
	sasl.kerberos.service.name = null
	sasl.kerberos.ticket.renew.jitter = 0.05
	sasl.kerberos.ticket.renew.window.factor = 0.8
	sasl.login.callback.handler.class = null
	sasl.login.class = null
	sasl.login.connect.timeout.ms = null
	sasl.login.read.timeout.ms = null
	sasl.login.refresh.buffer.seconds = 300
	sasl.login.refresh.min.period.seconds = 60
	sasl.login.refresh.window.factor = 0.8
	sasl.login.refresh.window.jitter = 0.05
	sasl.login.retry.backoff.max.ms = 10000
	sasl.login.retry.backoff.ms = 100
	sasl.mechanism = GSSAPI
	sasl.oauthbearer.clock.skew.seconds = 30
	sasl.oauthbearer.expected.audience = null
	sasl.oauthbearer.expected.issuer = null
	sasl.oauthbearer.header.urlencode = false
	sasl.oauthbearer.jwks.endpoint.refresh.ms = 3600000
	sasl.oauthbearer.jwks.endpoint.retry.backoff.max.ms = 10000
	sasl.oauthbearer.jwks.endpoint.retry.backoff.ms = 100
	sasl.oauthbearer.jwks.endpoint.url = null
	sasl.oauthbearer.scope.claim.name = scope
	sasl.oauthbearer.sub.claim.name = sub
	sasl.oauthbearer.token.endpoint.url = null
	security.protocol = PLAINTEXT
	security.providers = null
	send.buffer.bytes = 131072
	session.timeout.ms = 45000
	socket.connection.setup.timeout.max.ms = 30000
	socket.connection.setup.timeout.ms = 10000
	ssl.cipher.suites = null
	ssl.enabled.protocols = [TLSv1.2, TLSv1.3]
	ssl.endpoint.identification.algorithm = https
	ssl.engine.factory.class = null
	ssl.key.password = null
	ssl.keymanager.algorithm = SunX509
	ssl.keystore.certificate.chain = null
	ssl.keystore.key = null
	ssl.keystore.location = null
	ssl.keystore.password = null
	ssl.keystore.type = JKS
	ssl.protocol = TLSv1.3
	ssl.provider = null
	ssl.secure.random.implementation = null
	ssl.trustmanager.algorithm = PKIX
	ssl.truststore.certificates = null
	ssl.truststore.location = null
	ssl.truststore.password = null
	ssl.truststore.type = JKS
	value.deserializer = class io.apicurio.registry.serde.avro.AvroKafkaDeserializer

2025-08-13 02:14:19,313 INFO  [org.apa.kaf.com.tel.int.KafkaMetricsCollector] (main) initializing Kafka metrics collector
2025-08-13 02:14:19,322 INFO  [org.apa.kaf.cli.con.ConsumerConfig] (main) These configurations '[apicurio.registry.url]' were supplied but are not used yet.
2025-08-13 02:14:19,323 INFO  [org.apa.kaf.com.uti.AppInfoParser] (main) Kafka version: 3.9.1
2025-08-13 02:14:19,323 INFO  [org.apa.kaf.com.uti.AppInfoParser] (main) Kafka commitId: f745dfdcee2b9851
2025-08-13 02:14:19,323 INFO  [org.apa.kaf.com.uti.AppInfoParser] (main) Kafka startTimeMs: 1755051259323
2025-08-13 02:14:19,323 INFO  [org.apa.kaf.cli.con.int.ClassicKafkaConsumer] (Thread-654) [Consumer clientId=consumer-Consumer-topic-4bb14f89_1a4c_4026_b442_a8526efea370-8, groupId=Consumer-topic-4bb14f89_1a4c_4026_b442_a8526efea370] Subscribed to topic(s): topic-4bb14f89_1a4c_4026_b442_a8526efea370
2025-08-13 02:14:19,331 INFO  [org.apa.kaf.cli.Metadata] (Thread-654) [Consumer clientId=consumer-Consumer-topic-4bb14f89_1a4c_4026_b442_a8526efea370-8, groupId=Consumer-topic-4bb14f89_1a4c_4026_b442_a8526efea370] Cluster ID: KRqqH0pCSh6FBkmoZ2CGGg
2025-08-13 02:14:19,332 INFO  [org.apa.kaf.cli.con.int.ConsumerCoordinator] (Thread-654) [Consumer clientId=consumer-Consumer-topic-4bb14f89_1a4c_4026_b442_a8526efea370-8, groupId=Consumer-topic-4bb14f89_1a4c_4026_b442_a8526efea370] Discovered group coordinator localhost:32769 (id: 2147483647 rack: null)
2025-08-13 02:14:19,336 INFO  [org.apa.kaf.cli.con.int.ConsumerCoordinator] (Thread-654) [Consumer clientId=consumer-Consumer-topic-4bb14f89_1a4c_4026_b442_a8526efea370-8, groupId=Consumer-topic-4bb14f89_1a4c_4026_b442_a8526efea370] (Re-)joining group
2025-08-13 02:14:19,339 INFO  [org.apa.kaf.cli.con.int.ConsumerCoordinator] (Thread-654) [Consumer clientId=consumer-Consumer-topic-4bb14f89_1a4c_4026_b442_a8526efea370-8, groupId=Consumer-topic-4bb14f89_1a4c_4026_b442_a8526efea370] Request joining group due to: need to re-join with the given member-id: consumer-Consumer-topic-4bb14f89_1a4c_4026_b442_a8526efea370-8-f2a21b5e-6560-4d0f-9f77-431e0d09a677
2025-08-13 02:14:19,339 INFO  [org.apa.kaf.cli.con.int.ConsumerCoordinator] (Thread-654) [Consumer clientId=consumer-Consumer-topic-4bb14f89_1a4c_4026_b442_a8526efea370-8, groupId=Consumer-topic-4bb14f89_1a4c_4026_b442_a8526efea370] (Re-)joining group
2025-08-13 02:14:20,323 INFO  [io.api.tes.ser.api.KafkaSerdesTester] (Thread-654) None found
2025-08-13 02:14:21,323 INFO  [io.api.tes.ser.api.KafkaSerdesTester] (Thread-654) None found
2025-08-13 02:14:22,323 INFO  [io.api.tes.ser.api.KafkaSerdesTester] (Thread-654) None found
2025-08-13 02:14:22,342 INFO  [org.apa.kaf.cli.con.int.ConsumerCoordinator] (Thread-654) [Consumer clientId=consumer-Consumer-topic-4bb14f89_1a4c_4026_b442_a8526efea370-8, groupId=Consumer-topic-4bb14f89_1a4c_4026_b442_a8526efea370] Successfully joined group with generation Generation{generationId=1, memberId='consumer-Consumer-topic-4bb14f89_1a4c_4026_b442_a8526efea370-8-f2a21b5e-6560-4d0f-9f77-431e0d09a677', protocol='range'}
2025-08-13 02:14:22,342 INFO  [org.apa.kaf.cli.con.int.ConsumerCoordinator] (Thread-654) [Consumer clientId=consumer-Consumer-topic-4bb14f89_1a4c_4026_b442_a8526efea370-8, groupId=Consumer-topic-4bb14f89_1a4c_4026_b442_a8526efea370] Finished assignment for group at generation 1: {consumer-Consumer-topic-4bb14f89_1a4c_4026_b442_a8526efea370-8-f2a21b5e-6560-4d0f-9f77-431e0d09a677=Assignment(partitions=[topic-4bb14f89_1a4c_4026_b442_a8526efea370-0])}
2025-08-13 02:14:22,350 INFO  [org.apa.kaf.cli.con.int.ConsumerCoordinator] (Thread-654) [Consumer clientId=consumer-Consumer-topic-4bb14f89_1a4c_4026_b442_a8526efea370-8, groupId=Consumer-topic-4bb14f89_1a4c_4026_b442_a8526efea370] Successfully synced group in generation Generation{generationId=1, memberId='consumer-Consumer-topic-4bb14f89_1a4c_4026_b442_a8526efea370-8-f2a21b5e-6560-4d0f-9f77-431e0d09a677', protocol='range'}
2025-08-13 02:14:22,351 INFO  [org.apa.kaf.cli.con.int.ConsumerCoordinator] (Thread-654) [Consumer clientId=consumer-Consumer-topic-4bb14f89_1a4c_4026_b442_a8526efea370-8, groupId=Consumer-topic-4bb14f89_1a4c_4026_b442_a8526efea370] Notifying assignor about the new Assignment(partitions=[topic-4bb14f89_1a4c_4026_b442_a8526efea370-0])
2025-08-13 02:14:22,351 INFO  [org.apa.kaf.cli.con.int.ConsumerRebalanceListenerInvoker] (Thread-654) [Consumer clientId=consumer-Consumer-topic-4bb14f89_1a4c_4026_b442_a8526efea370-8, groupId=Consumer-topic-4bb14f89_1a4c_4026_b442_a8526efea370] Adding newly assigned partitions: topic-4bb14f89_1a4c_4026_b442_a8526efea370-0
2025-08-13 02:14:22,352 INFO  [org.apa.kaf.cli.con.int.ConsumerCoordinator] (Thread-654) [Consumer clientId=consumer-Consumer-topic-4bb14f89_1a4c_4026_b442_a8526efea370-8, groupId=Consumer-topic-4bb14f89_1a4c_4026_b442_a8526efea370] Found no committed offset for partition topic-4bb14f89_1a4c_4026_b442_a8526efea370-0
2025-08-13 02:14:22,357 INFO  [org.apa.kaf.cli.con.int.SubscriptionState] (Thread-654) [Consumer clientId=consumer-Consumer-topic-4bb14f89_1a4c_4026_b442_a8526efea370-8, groupId=Consumer-topic-4bb14f89_1a4c_4026_b442_a8526efea370] Resetting offset for partition topic-4bb14f89_1a4c_4026_b442_a8526efea370-0 to position FetchPosition{offset=0, offsetEpoch=Optional.empty, currentLeader=LeaderAndEpoch{leader=Optional[localhost:32769 (id: 0 rack: null)], epoch=0}}.
2025-08-13 02:14:22,543 INFO  [io.api.tes.ser.api.KafkaSerdesTester] (Thread-654) topic-4bb14f89_1a4c_4026_b442_a8526efea370 0 0 {"id": "record-0"}
2025-08-13 02:14:22,543 INFO  [io.api.tes.ser.api.KafkaSerdesTester] (Thread-654) topic-4bb14f89_1a4c_4026_b442_a8526efea370 0 1 {"value": 1}
2025-08-13 02:14:22,543 INFO  [io.api.tes.ser.api.KafkaSerdesTester] (Thread-654) topic-4bb14f89_1a4c_4026_b442_a8526efea370 0 2 {"active": true}
2025-08-13 02:14:22,543 INFO  [io.api.tes.ser.api.KafkaSerdesTester] (Thread-654) topic-4bb14f89_1a4c_4026_b442_a8526efea370 0 3 {"id": "record-3"}
2025-08-13 02:14:22,543 INFO  [io.api.tes.ser.api.KafkaSerdesTester] (Thread-654) topic-4bb14f89_1a4c_4026_b442_a8526efea370 0 4 {"value": 4}
2025-08-13 02:14:22,543 INFO  [io.api.tes.ser.api.KafkaSerdesTester] (Thread-654) topic-4bb14f89_1a4c_4026_b442_a8526efea370 0 5 {"active": false}
2025-08-13 02:14:22,543 INFO  [io.api.tes.ser.api.KafkaSerdesTester] (Thread-654) topic-4bb14f89_1a4c_4026_b442_a8526efea370 0 6 {"id": "record-6"}
2025-08-13 02:14:22,543 INFO  [io.api.tes.ser.api.KafkaSerdesTester] (Thread-654) topic-4bb14f89_1a4c_4026_b442_a8526efea370 0 7 {"value": 7}
2025-08-13 02:14:22,543 INFO  [io.api.tes.ser.api.KafkaSerdesTester] (Thread-654) topic-4bb14f89_1a4c_4026_b442_a8526efea370 0 8 {"active": true}
2025-08-13 02:14:22,543 INFO  [io.api.tes.ser.api.KafkaSerdesTester] (Thread-654) topic-4bb14f89_1a4c_4026_b442_a8526efea370 0 9 {"id": "record-9"}
2025-08-13 02:14:22,543 INFO  [io.api.tes.ser.api.KafkaSerdesTester] (Thread-654) Consumed 10 messages
2025-08-13 02:14:22,552 INFO  [org.apa.kaf.cli.con.int.ConsumerRebalanceListenerInvoker] (Thread-654) [Consumer clientId=consumer-Consumer-topic-4bb14f89_1a4c_4026_b442_a8526efea370-8, groupId=Consumer-topic-4bb14f89_1a4c_4026_b442_a8526efea370] Revoke previously assigned partitions topic-4bb14f89_1a4c_4026_b442_a8526efea370-0
2025-08-13 02:14:22,552 INFO  [org.apa.kaf.cli.con.int.ConsumerCoordinator] (Thread-654) [Consumer clientId=consumer-Consumer-topic-4bb14f89_1a4c_4026_b442_a8526efea370-8, groupId=Consumer-topic-4bb14f89_1a4c_4026_b442_a8526efea370] Member consumer-Consumer-topic-4bb14f89_1a4c_4026_b442_a8526efea370-8-f2a21b5e-6560-4d0f-9f77-431e0d09a677 sending LeaveGroup request to coordinator localhost:32769 (id: 2147483647 rack: null) due to the consumer is being closed
2025-08-13 02:14:22,553 INFO  [org.apa.kaf.cli.con.int.ConsumerCoordinator] (Thread-654) [Consumer clientId=consumer-Consumer-topic-4bb14f89_1a4c_4026_b442_a8526efea370-8, groupId=Consumer-topic-4bb14f89_1a4c_4026_b442_a8526efea370] Resetting generation and member id due to: consumer pro-actively leaving the group
2025-08-13 02:14:22,553 INFO  [org.apa.kaf.cli.con.int.ConsumerCoordinator] (Thread-654) [Consumer clientId=consumer-Consumer-topic-4bb14f89_1a4c_4026_b442_a8526efea370-8, groupId=Consumer-topic-4bb14f89_1a4c_4026_b442_a8526efea370] Request joining group due to: consumer pro-actively leaving the group
2025-08-13 02:14:23,047 INFO  [org.apa.kaf.com.met.Metrics] (Thread-654) Metrics scheduler closed
2025-08-13 02:14:23,047 INFO  [org.apa.kaf.com.met.Metrics] (Thread-654) Closing reporter org.apache.kafka.common.metrics.JmxReporter
2025-08-13 02:14:23,047 INFO  [org.apa.kaf.com.met.Metrics] (Thread-654) Closing reporter org.apache.kafka.common.telemetry.internals.ClientTelemetryReporter
2025-08-13 02:14:23,047 INFO  [org.apa.kaf.com.met.Metrics] (Thread-654) Metrics reporters closed
2025-08-13 02:14:23,050 INFO  [org.apa.kaf.com.uti.AppInfoParser] (Thread-654) App info kafka.consumer for consumer-Consumer-topic-4bb14f89_1a4c_4026_b442_a8526efea370-8 unregistered
2025-08-13 02:14:23,051 INFO  [io.api.tes.uti.TestSeparator] (main) io.apicurio.tests.serdes.apicurio.AvroSerdeIT.testAvroUnionWithSpecificReader-FINISHED
2025-08-13 02:14:23,051 INFO  [io.api.tes.uti.TestSeparator] (main) ############################################################################
Test passed: testAvroUnionWithSpecificReader
]]></system-out>
  </testcase>
  <testcase name="testEvolveAvroApicurioReusingClient" classname="io.apicurio.tests.serdes.apicurio.AvroSerdeIT" time="7.241">
    <system-out><![CDATA[2025-08-13 02:14:23,055 INFO  [io.api.tes.uti.TestSeparator] (main) ############################################################################
2025-08-13 02:14:23,055 INFO  [io.api.tes.uti.TestSeparator] (main) io.apicurio.tests.serdes.apicurio.AvroSerdeIT.testEvolveAvroApicurioReusingClient-STARTED
2025-08-13 02:14:23,058 INFO  [io.api.tes.ser.api.AvroSerdeIT] (main) Registering Avro Schema: {"type":"record","name":"s4f1fc8b7x96d0x41bbx8e21x4744923d15aa","namespace":"ns_914781cf_efb9_4525_b4a4_3ff171fec4d0","fields":[{"name":"key11755051263056","type":"string"}]}
**** Registry Base URL: http://registry-app-inmemory.apps.ci419.apicurio-testing.org:80
2025-08-13 02:14:24,120 INFO  [org.apa.kaf.cli.pro.ProducerConfig] (main) ProducerConfig values: 
	acks = -1
	auto.include.jmx.reporter = true
	batch.size = 16384
	bootstrap.servers = [PLAINTEXT://localhost:32769]
	buffer.memory = 33554432
	client.dns.lookup = use_all_dns_ips
	client.id = Producer-topic-6ed7f4ab_a06a_4506_b0e1_1af8487d4917
	compression.gzip.level = -1
	compression.lz4.level = 9
	compression.type = none
	compression.zstd.level = 3
	connections.max.idle.ms = 10000
	delivery.timeout.ms = 120000
	enable.idempotence = true
	enable.metrics.push = true
	interceptor.classes = []
	key.serializer = class org.apache.kafka.common.serialization.StringSerializer
	linger.ms = 0
	max.block.ms = 60000
	max.in.flight.requests.per.connection = 5
	max.request.size = 1048576
	metadata.max.age.ms = 300000
	metadata.max.idle.ms = 300000
	metadata.recovery.strategy = none
	metric.reporters = []
	metrics.num.samples = 2
	metrics.recording.level = INFO
	metrics.sample.window.ms = 30000
	partitioner.adaptive.partitioning.enable = true
	partitioner.availability.timeout.ms = 0
	partitioner.class = null
	partitioner.ignore.keys = false
	receive.buffer.bytes = 32768
	reconnect.backoff.max.ms = 1000
	reconnect.backoff.ms = 50
	request.timeout.ms = 5000
	retries = 2147483647
	retry.backoff.max.ms = 1000
	retry.backoff.ms = 100
	sasl.client.callback.handler.class = null
	sasl.jaas.config = null
	sasl.kerberos.kinit.cmd = /usr/bin/kinit
	sasl.kerberos.min.time.before.relogin = 60000
	sasl.kerberos.service.name = null
	sasl.kerberos.ticket.renew.jitter = 0.05
	sasl.kerberos.ticket.renew.window.factor = 0.8
	sasl.login.callback.handler.class = null
	sasl.login.class = null
	sasl.login.connect.timeout.ms = null
	sasl.login.read.timeout.ms = null
	sasl.login.refresh.buffer.seconds = 300
	sasl.login.refresh.min.period.seconds = 60
	sasl.login.refresh.window.factor = 0.8
	sasl.login.refresh.window.jitter = 0.05
	sasl.login.retry.backoff.max.ms = 10000
	sasl.login.retry.backoff.ms = 100
	sasl.mechanism = GSSAPI
	sasl.oauthbearer.clock.skew.seconds = 30
	sasl.oauthbearer.expected.audience = null
	sasl.oauthbearer.expected.issuer = null
	sasl.oauthbearer.header.urlencode = false
	sasl.oauthbearer.jwks.endpoint.refresh.ms = 3600000
	sasl.oauthbearer.jwks.endpoint.retry.backoff.max.ms = 10000
	sasl.oauthbearer.jwks.endpoint.retry.backoff.ms = 100
	sasl.oauthbearer.jwks.endpoint.url = null
	sasl.oauthbearer.scope.claim.name = scope
	sasl.oauthbearer.sub.claim.name = sub
	sasl.oauthbearer.token.endpoint.url = null
	security.protocol = PLAINTEXT
	security.providers = null
	send.buffer.bytes = 131072
	socket.connection.setup.timeout.max.ms = 30000
	socket.connection.setup.timeout.ms = 10000
	ssl.cipher.suites = null
	ssl.enabled.protocols = [TLSv1.2, TLSv1.3]
	ssl.endpoint.identification.algorithm = https
	ssl.engine.factory.class = null
	ssl.key.password = null
	ssl.keymanager.algorithm = SunX509
	ssl.keystore.certificate.chain = null
	ssl.keystore.key = null
	ssl.keystore.location = null
	ssl.keystore.password = null
	ssl.keystore.type = JKS
	ssl.protocol = TLSv1.3
	ssl.provider = null
	ssl.secure.random.implementation = null
	ssl.trustmanager.algorithm = PKIX
	ssl.truststore.certificates = null
	ssl.truststore.location = null
	ssl.truststore.password = null
	ssl.truststore.type = JKS
	transaction.timeout.ms = 60000
	transactional.id = null
	value.serializer = class io.apicurio.registry.serde.avro.AvroKafkaSerializer

2025-08-13 02:14:24,120 INFO  [org.apa.kaf.com.tel.int.KafkaMetricsCollector] (main) initializing Kafka metrics collector
2025-08-13 02:14:24,123 INFO  [org.apa.kaf.cli.pro.KafkaProducer] (main) [Producer clientId=Producer-topic-6ed7f4ab_a06a_4506_b0e1_1af8487d4917] Instantiated an idempotent producer.
2025-08-13 02:14:24,125 INFO  [org.apa.kaf.cli.pro.ProducerConfig] (main) These configurations '[apicurio.registry.url, apicurio.registry.artifact-resolver-strategy]' were supplied but are not used yet.
2025-08-13 02:14:24,125 INFO  [org.apa.kaf.com.uti.AppInfoParser] (main) Kafka version: 3.9.1
2025-08-13 02:14:24,125 INFO  [org.apa.kaf.com.uti.AppInfoParser] (main) Kafka commitId: f745dfdcee2b9851
2025-08-13 02:14:24,125 INFO  [org.apa.kaf.com.uti.AppInfoParser] (main) Kafka startTimeMs: 1755051264125
**** Registry Base URL: http://registry-app-inmemory.apps.ci419.apicurio-testing.org:80
2025-08-13 02:14:24,126 INFO  [org.apa.kaf.cli.con.ConsumerConfig] (main) ConsumerConfig values: 
	allow.auto.create.topics = true
	auto.commit.interval.ms = 500
	auto.include.jmx.reporter = true
	auto.offset.reset = earliest
	bootstrap.servers = [PLAINTEXT://localhost:32769]
	check.crcs = true
	client.dns.lookup = use_all_dns_ips
	client.id = consumer-Consumer-topic-6ed7f4ab_a06a_4506_b0e1_1af8487d4917-9
	client.rack = 
	connections.max.idle.ms = 10000
	default.api.timeout.ms = 60000
	enable.auto.commit = true
	enable.metrics.push = true
	exclude.internal.topics = true
	fetch.max.bytes = 52428800
	fetch.max.wait.ms = 500
	fetch.min.bytes = 1
	group.id = Consumer-topic-6ed7f4ab_a06a_4506_b0e1_1af8487d4917
	group.instance.id = null
	group.protocol = classic
	group.remote.assignor = null
	heartbeat.interval.ms = 3000
	interceptor.classes = []
	internal.leave.group.on.close = true
	internal.throw.on.fetch.stable.offset.unsupported = false
	isolation.level = read_uncommitted
	key.deserializer = class org.apache.kafka.common.serialization.StringDeserializer
	max.partition.fetch.bytes = 1048576
	max.poll.interval.ms = 300000
	max.poll.records = 500
	metadata.max.age.ms = 300000
	metadata.recovery.strategy = none
	metric.reporters = []
	metrics.num.samples = 2
	metrics.recording.level = INFO
	metrics.sample.window.ms = 30000
	partition.assignment.strategy = [class org.apache.kafka.clients.consumer.RangeAssignor, class org.apache.kafka.clients.consumer.CooperativeStickyAssignor]
	receive.buffer.bytes = 65536
	reconnect.backoff.max.ms = 1000
	reconnect.backoff.ms = 50
	request.timeout.ms = 5000
	retry.backoff.max.ms = 1000
	retry.backoff.ms = 100
	sasl.client.callback.handler.class = null
	sasl.jaas.config = null
	sasl.kerberos.kinit.cmd = /usr/bin/kinit
	sasl.kerberos.min.time.before.relogin = 60000
	sasl.kerberos.service.name = null
	sasl.kerberos.ticket.renew.jitter = 0.05
	sasl.kerberos.ticket.renew.window.factor = 0.8
	sasl.login.callback.handler.class = null
	sasl.login.class = null
	sasl.login.connect.timeout.ms = null
	sasl.login.read.timeout.ms = null
	sasl.login.refresh.buffer.seconds = 300
	sasl.login.refresh.min.period.seconds = 60
	sasl.login.refresh.window.factor = 0.8
	sasl.login.refresh.window.jitter = 0.05
	sasl.login.retry.backoff.max.ms = 10000
	sasl.login.retry.backoff.ms = 100
	sasl.mechanism = GSSAPI
	sasl.oauthbearer.clock.skew.seconds = 30
	sasl.oauthbearer.expected.audience = null
	sasl.oauthbearer.expected.issuer = null
	sasl.oauthbearer.header.urlencode = false
	sasl.oauthbearer.jwks.endpoint.refresh.ms = 3600000
	sasl.oauthbearer.jwks.endpoint.retry.backoff.max.ms = 10000
	sasl.oauthbearer.jwks.endpoint.retry.backoff.ms = 100
	sasl.oauthbearer.jwks.endpoint.url = null
	sasl.oauthbearer.scope.claim.name = scope
	sasl.oauthbearer.sub.claim.name = sub
	sasl.oauthbearer.token.endpoint.url = null
	security.protocol = PLAINTEXT
	security.providers = null
	send.buffer.bytes = 131072
	session.timeout.ms = 45000
	socket.connection.setup.timeout.max.ms = 30000
	socket.connection.setup.timeout.ms = 10000
	ssl.cipher.suites = null
	ssl.enabled.protocols = [TLSv1.2, TLSv1.3]
	ssl.endpoint.identification.algorithm = https
	ssl.engine.factory.class = null
	ssl.key.password = null
	ssl.keymanager.algorithm = SunX509
	ssl.keystore.certificate.chain = null
	ssl.keystore.key = null
	ssl.keystore.location = null
	ssl.keystore.password = null
	ssl.keystore.type = JKS
	ssl.protocol = TLSv1.3
	ssl.provider = null
	ssl.secure.random.implementation = null
	ssl.trustmanager.algorithm = PKIX
	ssl.truststore.certificates = null
	ssl.truststore.location = null
	ssl.truststore.password = null
	ssl.truststore.type = JKS
	value.deserializer = class io.apicurio.registry.serde.avro.AvroKafkaDeserializer

2025-08-13 02:14:24,126 INFO  [org.apa.kaf.com.tel.int.KafkaMetricsCollector] (main) initializing Kafka metrics collector
2025-08-13 02:14:24,133 INFO  [org.apa.kaf.cli.Metadata] (kafka-producer-network-thread | Producer-topic-6ed7f4ab_a06a_4506_b0e1_1af8487d4917) [Producer clientId=Producer-topic-6ed7f4ab_a06a_4506_b0e1_1af8487d4917] Cluster ID: KRqqH0pCSh6FBkmoZ2CGGg
2025-08-13 02:14:24,134 INFO  [org.apa.kaf.cli.pro.int.TransactionManager] (kafka-producer-network-thread | Producer-topic-6ed7f4ab_a06a_4506_b0e1_1af8487d4917) [Producer clientId=Producer-topic-6ed7f4ab_a06a_4506_b0e1_1af8487d4917] ProducerId set to 11 with epoch 0
2025-08-13 02:14:24,137 INFO  [org.apa.kaf.cli.con.ConsumerConfig] (main) These configurations '[apicurio.registry.url]' were supplied but are not used yet.
2025-08-13 02:14:24,137 INFO  [org.apa.kaf.com.uti.AppInfoParser] (main) Kafka version: 3.9.1
2025-08-13 02:14:24,138 INFO  [org.apa.kaf.com.uti.AppInfoParser] (main) Kafka commitId: f745dfdcee2b9851
2025-08-13 02:14:24,138 INFO  [org.apa.kaf.com.uti.AppInfoParser] (main) Kafka startTimeMs: 1755051264137
2025-08-13 02:14:24,144 INFO  [io.api.tes.ser.api.KafkaSerdesTester] (Thread-659) Sending message {"key11755051263056": "value-0"} to topic topic-6ed7f4ab_a06a_4506_b0e1_1af8487d4917
2025-08-13 02:14:24,160 INFO  [DefaultSchemaResolver] (Thread-659) Retrieving schema content using string: {"type":"record","name":"s4f1fc8b7x96d0x41bbx8e21x4744923d15aa","namespace":"ns_914781cf_efb9_4525_b4a4_3ff171fec4d0","fields":[{"name":"key11755051263056","type":"string"}]}
2025-08-13 02:14:24,235 INFO  [io.api.tes.ser.api.KafkaSerdesTester] (Thread-659) Sending message {"key11755051263056": "value-1"} to topic topic-6ed7f4ab_a06a_4506_b0e1_1af8487d4917
2025-08-13 02:14:24,238 INFO  [io.api.tes.ser.api.KafkaSerdesTester] (Thread-659) Sending message {"key11755051263056": "value-2"} to topic topic-6ed7f4ab_a06a_4506_b0e1_1af8487d4917
2025-08-13 02:14:24,242 INFO  [io.api.tes.ser.api.KafkaSerdesTester] (Thread-659) Sending message {"key11755051263056": "value-3"} to topic topic-6ed7f4ab_a06a_4506_b0e1_1af8487d4917
2025-08-13 02:14:24,244 INFO  [io.api.tes.ser.api.KafkaSerdesTester] (Thread-659) Sending message {"key11755051263056": "value-4"} to topic topic-6ed7f4ab_a06a_4506_b0e1_1af8487d4917
2025-08-13 02:14:24,247 INFO  [io.api.tes.ser.api.KafkaSerdesTester] (Thread-659) Sending message {"key11755051263056": "value-5"} to topic topic-6ed7f4ab_a06a_4506_b0e1_1af8487d4917
2025-08-13 02:14:24,250 INFO  [io.api.tes.ser.api.KafkaSerdesTester] (Thread-659) Sending message {"key11755051263056": "value-6"} to topic topic-6ed7f4ab_a06a_4506_b0e1_1af8487d4917
2025-08-13 02:14:24,254 INFO  [io.api.tes.ser.api.KafkaSerdesTester] (Thread-659) Sending message {"key11755051263056": "value-7"} to topic topic-6ed7f4ab_a06a_4506_b0e1_1af8487d4917
2025-08-13 02:14:24,257 INFO  [io.api.tes.ser.api.KafkaSerdesTester] (Thread-659) Sending message {"key11755051263056": "value-8"} to topic topic-6ed7f4ab_a06a_4506_b0e1_1af8487d4917
2025-08-13 02:14:24,260 INFO  [io.api.tes.ser.api.KafkaSerdesTester] (Thread-659) Sending message {"key11755051263056": "value-9"} to topic topic-6ed7f4ab_a06a_4506_b0e1_1af8487d4917
2025-08-13 02:14:24,261 INFO  [io.api.tes.ser.api.KafkaSerdesTester] (Thread-659) Produced 10 messages
2025-08-13 02:14:24,262 INFO  [org.apa.kaf.cli.con.int.ClassicKafkaConsumer] (Thread-660) [Consumer clientId=consumer-Consumer-topic-6ed7f4ab_a06a_4506_b0e1_1af8487d4917-9, groupId=Consumer-topic-6ed7f4ab_a06a_4506_b0e1_1af8487d4917] Subscribed to topic(s): topic-6ed7f4ab_a06a_4506_b0e1_1af8487d4917
2025-08-13 02:14:24,266 INFO  [org.apa.kaf.cli.Metadata] (Thread-660) [Consumer clientId=consumer-Consumer-topic-6ed7f4ab_a06a_4506_b0e1_1af8487d4917-9, groupId=Consumer-topic-6ed7f4ab_a06a_4506_b0e1_1af8487d4917] Cluster ID: KRqqH0pCSh6FBkmoZ2CGGg
2025-08-13 02:14:24,268 INFO  [org.apa.kaf.cli.con.int.ConsumerCoordinator] (Thread-660) [Consumer clientId=consumer-Consumer-topic-6ed7f4ab_a06a_4506_b0e1_1af8487d4917-9, groupId=Consumer-topic-6ed7f4ab_a06a_4506_b0e1_1af8487d4917] Discovered group coordinator localhost:32769 (id: 2147483647 rack: null)
2025-08-13 02:14:24,270 INFO  [org.apa.kaf.cli.con.int.ConsumerCoordinator] (Thread-660) [Consumer clientId=consumer-Consumer-topic-6ed7f4ab_a06a_4506_b0e1_1af8487d4917-9, groupId=Consumer-topic-6ed7f4ab_a06a_4506_b0e1_1af8487d4917] (Re-)joining group
2025-08-13 02:14:24,272 INFO  [org.apa.kaf.cli.con.int.ConsumerCoordinator] (Thread-660) [Consumer clientId=consumer-Consumer-topic-6ed7f4ab_a06a_4506_b0e1_1af8487d4917-9, groupId=Consumer-topic-6ed7f4ab_a06a_4506_b0e1_1af8487d4917] Request joining group due to: need to re-join with the given member-id: consumer-Consumer-topic-6ed7f4ab_a06a_4506_b0e1_1af8487d4917-9-8cc9e864-fd35-41fe-afb6-31e918ae374f
2025-08-13 02:14:24,272 INFO  [org.apa.kaf.cli.con.int.ConsumerCoordinator] (Thread-660) [Consumer clientId=consumer-Consumer-topic-6ed7f4ab_a06a_4506_b0e1_1af8487d4917-9, groupId=Consumer-topic-6ed7f4ab_a06a_4506_b0e1_1af8487d4917] (Re-)joining group
2025-08-13 02:14:25,262 INFO  [io.api.tes.ser.api.KafkaSerdesTester] (Thread-660) None found
2025-08-13 02:14:26,262 INFO  [io.api.tes.ser.api.KafkaSerdesTester] (Thread-660) None found
2025-08-13 02:14:27,262 INFO  [io.api.tes.ser.api.KafkaSerdesTester] (Thread-660) None found
2025-08-13 02:14:27,275 INFO  [org.apa.kaf.cli.con.int.ConsumerCoordinator] (Thread-660) [Consumer clientId=consumer-Consumer-topic-6ed7f4ab_a06a_4506_b0e1_1af8487d4917-9, groupId=Consumer-topic-6ed7f4ab_a06a_4506_b0e1_1af8487d4917] Successfully joined group with generation Generation{generationId=1, memberId='consumer-Consumer-topic-6ed7f4ab_a06a_4506_b0e1_1af8487d4917-9-8cc9e864-fd35-41fe-afb6-31e918ae374f', protocol='range'}
2025-08-13 02:14:27,275 INFO  [org.apa.kaf.cli.con.int.ConsumerCoordinator] (Thread-660) [Consumer clientId=consumer-Consumer-topic-6ed7f4ab_a06a_4506_b0e1_1af8487d4917-9, groupId=Consumer-topic-6ed7f4ab_a06a_4506_b0e1_1af8487d4917] Finished assignment for group at generation 1: {consumer-Consumer-topic-6ed7f4ab_a06a_4506_b0e1_1af8487d4917-9-8cc9e864-fd35-41fe-afb6-31e918ae374f=Assignment(partitions=[topic-6ed7f4ab_a06a_4506_b0e1_1af8487d4917-0])}
2025-08-13 02:14:27,282 INFO  [org.apa.kaf.cli.con.int.ConsumerCoordinator] (Thread-660) [Consumer clientId=consumer-Consumer-topic-6ed7f4ab_a06a_4506_b0e1_1af8487d4917-9, groupId=Consumer-topic-6ed7f4ab_a06a_4506_b0e1_1af8487d4917] Successfully synced group in generation Generation{generationId=1, memberId='consumer-Consumer-topic-6ed7f4ab_a06a_4506_b0e1_1af8487d4917-9-8cc9e864-fd35-41fe-afb6-31e918ae374f', protocol='range'}
2025-08-13 02:14:27,283 INFO  [org.apa.kaf.cli.con.int.ConsumerCoordinator] (Thread-660) [Consumer clientId=consumer-Consumer-topic-6ed7f4ab_a06a_4506_b0e1_1af8487d4917-9, groupId=Consumer-topic-6ed7f4ab_a06a_4506_b0e1_1af8487d4917] Notifying assignor about the new Assignment(partitions=[topic-6ed7f4ab_a06a_4506_b0e1_1af8487d4917-0])
2025-08-13 02:14:27,283 INFO  [org.apa.kaf.cli.con.int.ConsumerRebalanceListenerInvoker] (Thread-660) [Consumer clientId=consumer-Consumer-topic-6ed7f4ab_a06a_4506_b0e1_1af8487d4917-9, groupId=Consumer-topic-6ed7f4ab_a06a_4506_b0e1_1af8487d4917] Adding newly assigned partitions: topic-6ed7f4ab_a06a_4506_b0e1_1af8487d4917-0
2025-08-13 02:14:27,284 INFO  [org.apa.kaf.cli.con.int.ConsumerCoordinator] (Thread-660) [Consumer clientId=consumer-Consumer-topic-6ed7f4ab_a06a_4506_b0e1_1af8487d4917-9, groupId=Consumer-topic-6ed7f4ab_a06a_4506_b0e1_1af8487d4917] Found no committed offset for partition topic-6ed7f4ab_a06a_4506_b0e1_1af8487d4917-0
2025-08-13 02:14:27,288 INFO  [org.apa.kaf.cli.con.int.SubscriptionState] (Thread-660) [Consumer clientId=consumer-Consumer-topic-6ed7f4ab_a06a_4506_b0e1_1af8487d4917-9, groupId=Consumer-topic-6ed7f4ab_a06a_4506_b0e1_1af8487d4917] Resetting offset for partition topic-6ed7f4ab_a06a_4506_b0e1_1af8487d4917-0 to position FetchPosition{offset=0, offsetEpoch=Optional.empty, currentLeader=LeaderAndEpoch{leader=Optional[localhost:32769 (id: 0 rack: null)], epoch=0}}.
2025-08-13 02:14:27,367 INFO  [io.api.tes.ser.api.KafkaSerdesTester] (Thread-660) topic-6ed7f4ab_a06a_4506_b0e1_1af8487d4917 0 0 {"key11755051263056": "value-0"}
2025-08-13 02:14:27,367 INFO  [io.api.tes.ser.api.KafkaSerdesTester] (Thread-660) topic-6ed7f4ab_a06a_4506_b0e1_1af8487d4917 0 1 {"key11755051263056": "value-1"}
2025-08-13 02:14:27,367 INFO  [io.api.tes.ser.api.KafkaSerdesTester] (Thread-660) topic-6ed7f4ab_a06a_4506_b0e1_1af8487d4917 0 2 {"key11755051263056": "value-2"}
2025-08-13 02:14:27,367 INFO  [io.api.tes.ser.api.KafkaSerdesTester] (Thread-660) topic-6ed7f4ab_a06a_4506_b0e1_1af8487d4917 0 3 {"key11755051263056": "value-3"}
2025-08-13 02:14:27,367 INFO  [io.api.tes.ser.api.KafkaSerdesTester] (Thread-660) topic-6ed7f4ab_a06a_4506_b0e1_1af8487d4917 0 4 {"key11755051263056": "value-4"}
2025-08-13 02:14:27,367 INFO  [io.api.tes.ser.api.KafkaSerdesTester] (Thread-660) topic-6ed7f4ab_a06a_4506_b0e1_1af8487d4917 0 5 {"key11755051263056": "value-5"}
2025-08-13 02:14:27,367 INFO  [io.api.tes.ser.api.KafkaSerdesTester] (Thread-660) topic-6ed7f4ab_a06a_4506_b0e1_1af8487d4917 0 6 {"key11755051263056": "value-6"}
2025-08-13 02:14:27,367 INFO  [io.api.tes.ser.api.KafkaSerdesTester] (Thread-660) topic-6ed7f4ab_a06a_4506_b0e1_1af8487d4917 0 7 {"key11755051263056": "value-7"}
2025-08-13 02:14:27,367 INFO  [io.api.tes.ser.api.KafkaSerdesTester] (Thread-660) topic-6ed7f4ab_a06a_4506_b0e1_1af8487d4917 0 8 {"key11755051263056": "value-8"}
2025-08-13 02:14:27,367 INFO  [io.api.tes.ser.api.KafkaSerdesTester] (Thread-660) topic-6ed7f4ab_a06a_4506_b0e1_1af8487d4917 0 9 {"key11755051263056": "value-9"}
2025-08-13 02:14:27,367 INFO  [io.api.tes.ser.api.KafkaSerdesTester] (Thread-660) Consumed 10 messages
2025-08-13 02:14:27,368 INFO  [io.api.tes.ser.api.AvroSerdeIT] (main) Registering Avro Schema 2: {"type":"record","name":"s4f1fc8b7x96d0x41bbx8e21x4744923d15aa","namespace":"ns_914781cf_efb9_4525_b4a4_3ff171fec4d0","fields":[{"name":"key11755051263056","type":"string"},{"name":"key21755051267367","type":"string"}]}
2025-08-13 02:14:28,436 INFO  [io.api.tes.ser.api.KafkaSerdesTester] (Thread-661) Sending message {"key11755051263056": "value-0", "key21755051267367": "value-0"} to topic topic-6ed7f4ab_a06a_4506_b0e1_1af8487d4917
2025-08-13 02:14:28,437 INFO  [DefaultSchemaResolver] (Thread-661) Retrieving schema content using string: {"type":"record","name":"s4f1fc8b7x96d0x41bbx8e21x4744923d15aa","namespace":"ns_914781cf_efb9_4525_b4a4_3ff171fec4d0","fields":[{"name":"key11755051263056","type":"string"},{"name":"key21755051267367","type":"string"}]}
2025-08-13 02:14:28,471 INFO  [io.api.tes.ser.api.KafkaSerdesTester] (Thread-661) Sending message {"key11755051263056": "value-1", "key21755051267367": "value-1"} to topic topic-6ed7f4ab_a06a_4506_b0e1_1af8487d4917
2025-08-13 02:14:28,473 INFO  [io.api.tes.ser.api.KafkaSerdesTester] (Thread-661) Sending message {"key11755051263056": "value-2", "key21755051267367": "value-2"} to topic topic-6ed7f4ab_a06a_4506_b0e1_1af8487d4917
2025-08-13 02:14:28,476 INFO  [io.api.tes.ser.api.KafkaSerdesTester] (Thread-661) Sending message {"key11755051263056": "value-3", "key21755051267367": "value-3"} to topic topic-6ed7f4ab_a06a_4506_b0e1_1af8487d4917
2025-08-13 02:14:28,478 INFO  [io.api.tes.ser.api.KafkaSerdesTester] (Thread-661) Sending message {"key11755051263056": "value-4", "key21755051267367": "value-4"} to topic topic-6ed7f4ab_a06a_4506_b0e1_1af8487d4917
2025-08-13 02:14:28,482 INFO  [io.api.tes.ser.api.KafkaSerdesTester] (Thread-661) Sending message {"key11755051263056": "value-5", "key21755051267367": "value-5"} to topic topic-6ed7f4ab_a06a_4506_b0e1_1af8487d4917
2025-08-13 02:14:28,492 INFO  [io.api.tes.ser.api.KafkaSerdesTester] (Thread-661) Sending message {"key11755051263056": "value-6", "key21755051267367": "value-6"} to topic topic-6ed7f4ab_a06a_4506_b0e1_1af8487d4917
2025-08-13 02:14:28,494 INFO  [io.api.tes.ser.api.KafkaSerdesTester] (Thread-661) Sending message {"key11755051263056": "value-7", "key21755051267367": "value-7"} to topic topic-6ed7f4ab_a06a_4506_b0e1_1af8487d4917
2025-08-13 02:14:28,496 INFO  [io.api.tes.ser.api.KafkaSerdesTester] (Thread-661) Sending message {"key11755051263056": "value-8", "key21755051267367": "value-8"} to topic topic-6ed7f4ab_a06a_4506_b0e1_1af8487d4917
2025-08-13 02:14:28,498 INFO  [io.api.tes.ser.api.KafkaSerdesTester] (Thread-661) Sending message {"key11755051263056": "value-9", "key21755051267367": "value-9"} to topic topic-6ed7f4ab_a06a_4506_b0e1_1af8487d4917
2025-08-13 02:14:28,500 INFO  [io.api.tes.ser.api.KafkaSerdesTester] (Thread-661) Produced 10 messages
2025-08-13 02:14:28,500 INFO  [io.api.tes.ser.api.KafkaSerdesTester] (Thread-662) Sending message {"key11755051263056": "value-0"} to topic topic-6ed7f4ab_a06a_4506_b0e1_1af8487d4917
2025-08-13 02:14:28,503 INFO  [io.api.tes.ser.api.KafkaSerdesTester] (Thread-662) Sending message {"key11755051263056": "value-1"} to topic topic-6ed7f4ab_a06a_4506_b0e1_1af8487d4917
2025-08-13 02:14:28,505 INFO  [io.api.tes.ser.api.KafkaSerdesTester] (Thread-662) Sending message {"key11755051263056": "value-2"} to topic topic-6ed7f4ab_a06a_4506_b0e1_1af8487d4917
2025-08-13 02:14:28,507 INFO  [io.api.tes.ser.api.KafkaSerdesTester] (Thread-662) Sending message {"key11755051263056": "value-3"} to topic topic-6ed7f4ab_a06a_4506_b0e1_1af8487d4917
2025-08-13 02:14:28,508 INFO  [io.api.tes.ser.api.KafkaSerdesTester] (Thread-662) Sending message {"key11755051263056": "value-4"} to topic topic-6ed7f4ab_a06a_4506_b0e1_1af8487d4917
2025-08-13 02:14:28,509 INFO  [io.api.tes.ser.api.KafkaSerdesTester] (Thread-662) Sending message {"key11755051263056": "value-5"} to topic topic-6ed7f4ab_a06a_4506_b0e1_1af8487d4917
2025-08-13 02:14:28,511 INFO  [io.api.tes.ser.api.KafkaSerdesTester] (Thread-662) Sending message {"key11755051263056": "value-6"} to topic topic-6ed7f4ab_a06a_4506_b0e1_1af8487d4917
2025-08-13 02:14:28,512 INFO  [io.api.tes.ser.api.KafkaSerdesTester] (Thread-662) Sending message {"key11755051263056": "value-7"} to topic topic-6ed7f4ab_a06a_4506_b0e1_1af8487d4917
2025-08-13 02:14:28,513 INFO  [io.api.tes.ser.api.KafkaSerdesTester] (Thread-662) Sending message {"key11755051263056": "value-8"} to topic topic-6ed7f4ab_a06a_4506_b0e1_1af8487d4917
2025-08-13 02:14:28,516 INFO  [io.api.tes.ser.api.KafkaSerdesTester] (Thread-662) Sending message {"key11755051263056": "value-9"} to topic topic-6ed7f4ab_a06a_4506_b0e1_1af8487d4917
2025-08-13 02:14:28,520 INFO  [io.api.tes.ser.api.KafkaSerdesTester] (Thread-662) Produced 10 messages
2025-08-13 02:14:28,521 INFO  [org.apa.kaf.cli.con.int.ClassicKafkaConsumer] (Thread-663) [Consumer clientId=consumer-Consumer-topic-6ed7f4ab_a06a_4506_b0e1_1af8487d4917-9, groupId=Consumer-topic-6ed7f4ab_a06a_4506_b0e1_1af8487d4917] Subscribed to topic(s): topic-6ed7f4ab_a06a_4506_b0e1_1af8487d4917
2025-08-13 02:14:28,577 INFO  [io.api.tes.ser.api.KafkaSerdesTester] (Thread-663) topic-6ed7f4ab_a06a_4506_b0e1_1af8487d4917 0 10 {"key11755051263056": "value-0", "key21755051267367": "value-0"}
2025-08-13 02:14:28,578 INFO  [io.api.tes.ser.api.KafkaSerdesTester] (Thread-663) topic-6ed7f4ab_a06a_4506_b0e1_1af8487d4917 0 11 {"key11755051263056": "value-1", "key21755051267367": "value-1"}
2025-08-13 02:14:28,578 INFO  [io.api.tes.ser.api.KafkaSerdesTester] (Thread-663) topic-6ed7f4ab_a06a_4506_b0e1_1af8487d4917 0 12 {"key11755051263056": "value-2", "key21755051267367": "value-2"}
2025-08-13 02:14:28,578 INFO  [io.api.tes.ser.api.KafkaSerdesTester] (Thread-663) topic-6ed7f4ab_a06a_4506_b0e1_1af8487d4917 0 13 {"key11755051263056": "value-3", "key21755051267367": "value-3"}
2025-08-13 02:14:28,578 INFO  [io.api.tes.ser.api.KafkaSerdesTester] (Thread-663) topic-6ed7f4ab_a06a_4506_b0e1_1af8487d4917 0 14 {"key11755051263056": "value-4", "key21755051267367": "value-4"}
2025-08-13 02:14:28,578 INFO  [io.api.tes.ser.api.KafkaSerdesTester] (Thread-663) topic-6ed7f4ab_a06a_4506_b0e1_1af8487d4917 0 15 {"key11755051263056": "value-5", "key21755051267367": "value-5"}
2025-08-13 02:14:28,578 INFO  [io.api.tes.ser.api.KafkaSerdesTester] (Thread-663) topic-6ed7f4ab_a06a_4506_b0e1_1af8487d4917 0 16 {"key11755051263056": "value-6", "key21755051267367": "value-6"}
2025-08-13 02:14:28,578 INFO  [io.api.tes.ser.api.KafkaSerdesTester] (Thread-663) topic-6ed7f4ab_a06a_4506_b0e1_1af8487d4917 0 17 {"key11755051263056": "value-7", "key21755051267367": "value-7"}
2025-08-13 02:14:28,578 INFO  [io.api.tes.ser.api.KafkaSerdesTester] (Thread-663) topic-6ed7f4ab_a06a_4506_b0e1_1af8487d4917 0 18 {"key11755051263056": "value-8", "key21755051267367": "value-8"}
2025-08-13 02:14:28,578 INFO  [io.api.tes.ser.api.KafkaSerdesTester] (Thread-663) topic-6ed7f4ab_a06a_4506_b0e1_1af8487d4917 0 19 {"key11755051263056": "value-9", "key21755051267367": "value-9"}
2025-08-13 02:14:28,578 INFO  [io.api.tes.ser.api.KafkaSerdesTester] (Thread-663) topic-6ed7f4ab_a06a_4506_b0e1_1af8487d4917 0 20 {"key11755051263056": "value-0"}
2025-08-13 02:14:28,578 INFO  [io.api.tes.ser.api.KafkaSerdesTester] (Thread-663) topic-6ed7f4ab_a06a_4506_b0e1_1af8487d4917 0 21 {"key11755051263056": "value-1"}
2025-08-13 02:14:28,578 INFO  [io.api.tes.ser.api.KafkaSerdesTester] (Thread-663) topic-6ed7f4ab_a06a_4506_b0e1_1af8487d4917 0 22 {"key11755051263056": "value-2"}
2025-08-13 02:14:28,578 INFO  [io.api.tes.ser.api.KafkaSerdesTester] (Thread-663) topic-6ed7f4ab_a06a_4506_b0e1_1af8487d4917 0 23 {"key11755051263056": "value-3"}
2025-08-13 02:14:28,578 INFO  [io.api.tes.ser.api.KafkaSerdesTester] (Thread-663) topic-6ed7f4ab_a06a_4506_b0e1_1af8487d4917 0 24 {"key11755051263056": "value-4"}
2025-08-13 02:14:28,578 INFO  [io.api.tes.ser.api.KafkaSerdesTester] (Thread-663) topic-6ed7f4ab_a06a_4506_b0e1_1af8487d4917 0 25 {"key11755051263056": "value-5"}
2025-08-13 02:14:28,578 INFO  [io.api.tes.ser.api.KafkaSerdesTester] (Thread-663) topic-6ed7f4ab_a06a_4506_b0e1_1af8487d4917 0 26 {"key11755051263056": "value-6"}
2025-08-13 02:14:28,579 INFO  [io.api.tes.ser.api.KafkaSerdesTester] (Thread-663) topic-6ed7f4ab_a06a_4506_b0e1_1af8487d4917 0 27 {"key11755051263056": "value-7"}
2025-08-13 02:14:28,579 INFO  [io.api.tes.ser.api.KafkaSerdesTester] (Thread-663) topic-6ed7f4ab_a06a_4506_b0e1_1af8487d4917 0 28 {"key11755051263056": "value-8"}
2025-08-13 02:14:28,579 INFO  [io.api.tes.ser.api.KafkaSerdesTester] (Thread-663) topic-6ed7f4ab_a06a_4506_b0e1_1af8487d4917 0 29 {"key11755051263056": "value-9"}
2025-08-13 02:14:28,579 INFO  [io.api.tes.ser.api.KafkaSerdesTester] (Thread-663) Consumed 20 messages
2025-08-13 02:14:28,579 INFO  [io.api.tes.ser.api.AvroSerdeIT] (main) Registering Avro Schema 3: {"type":"record","name":"s4f1fc8b7x96d0x41bbx8e21x4744923d15aa","namespace":"ns_914781cf_efb9_4525_b4a4_3ff171fec4d0","fields":[{"name":"key11755051263056","type":"string"},{"name":"key21755051267367","type":"string"},{"name":"key31755051268579","type":"string"}]}
2025-08-13 02:14:29,639 INFO  [io.api.tes.ser.api.KafkaSerdesTester] (Thread-664) Sending message {"key11755051263056": "value-0", "key21755051267367": "value-0", "key31755051268579": "value-0"} to topic topic-6ed7f4ab_a06a_4506_b0e1_1af8487d4917
2025-08-13 02:14:29,639 INFO  [DefaultSchemaResolver] (Thread-664) Retrieving schema content using string: {"type":"record","name":"s4f1fc8b7x96d0x41bbx8e21x4744923d15aa","namespace":"ns_914781cf_efb9_4525_b4a4_3ff171fec4d0","fields":[{"name":"key11755051263056","type":"string"},{"name":"key21755051267367","type":"string"},{"name":"key31755051268579","type":"string"}]}
2025-08-13 02:14:29,671 INFO  [io.api.tes.ser.api.KafkaSerdesTester] (Thread-664) Sending message {"key11755051263056": "value-1", "key21755051267367": "value-1", "key31755051268579": "value-1"} to topic topic-6ed7f4ab_a06a_4506_b0e1_1af8487d4917
2025-08-13 02:14:29,673 INFO  [io.api.tes.ser.api.KafkaSerdesTester] (Thread-664) Sending message {"key11755051263056": "value-2", "key21755051267367": "value-2", "key31755051268579": "value-2"} to topic topic-6ed7f4ab_a06a_4506_b0e1_1af8487d4917
2025-08-13 02:14:29,675 INFO  [io.api.tes.ser.api.KafkaSerdesTester] (Thread-664) Sending message {"key11755051263056": "value-3", "key21755051267367": "value-3", "key31755051268579": "value-3"} to topic topic-6ed7f4ab_a06a_4506_b0e1_1af8487d4917
2025-08-13 02:14:29,678 INFO  [io.api.tes.ser.api.KafkaSerdesTester] (Thread-664) Sending message {"key11755051263056": "value-4", "key21755051267367": "value-4", "key31755051268579": "value-4"} to topic topic-6ed7f4ab_a06a_4506_b0e1_1af8487d4917
2025-08-13 02:14:29,680 INFO  [io.api.tes.ser.api.KafkaSerdesTester] (Thread-664) Sending message {"key11755051263056": "value-5", "key21755051267367": "value-5", "key31755051268579": "value-5"} to topic topic-6ed7f4ab_a06a_4506_b0e1_1af8487d4917
2025-08-13 02:14:29,682 INFO  [io.api.tes.ser.api.KafkaSerdesTester] (Thread-664) Sending message {"key11755051263056": "value-6", "key21755051267367": "value-6", "key31755051268579": "value-6"} to topic topic-6ed7f4ab_a06a_4506_b0e1_1af8487d4917
2025-08-13 02:14:29,684 INFO  [io.api.tes.ser.api.KafkaSerdesTester] (Thread-664) Sending message {"key11755051263056": "value-7", "key21755051267367": "value-7", "key31755051268579": "value-7"} to topic topic-6ed7f4ab_a06a_4506_b0e1_1af8487d4917
2025-08-13 02:14:29,686 INFO  [io.api.tes.ser.api.KafkaSerdesTester] (Thread-664) Sending message {"key11755051263056": "value-8", "key21755051267367": "value-8", "key31755051268579": "value-8"} to topic topic-6ed7f4ab_a06a_4506_b0e1_1af8487d4917
2025-08-13 02:14:29,687 INFO  [io.api.tes.ser.api.KafkaSerdesTester] (Thread-664) Sending message {"key11755051263056": "value-9", "key21755051267367": "value-9", "key31755051268579": "value-9"} to topic topic-6ed7f4ab_a06a_4506_b0e1_1af8487d4917
2025-08-13 02:14:29,689 INFO  [io.api.tes.ser.api.KafkaSerdesTester] (Thread-664) Produced 10 messages
2025-08-13 02:14:29,689 INFO  [io.api.tes.ser.api.KafkaSerdesTester] (Thread-665) Sending message {"key11755051263056": "value-0", "key21755051267367": "value-0"} to topic topic-6ed7f4ab_a06a_4506_b0e1_1af8487d4917
2025-08-13 02:14:29,692 INFO  [io.api.tes.ser.api.KafkaSerdesTester] (Thread-665) Sending message {"key11755051263056": "value-1", "key21755051267367": "value-1"} to topic topic-6ed7f4ab_a06a_4506_b0e1_1af8487d4917
2025-08-13 02:14:29,693 INFO  [io.api.tes.ser.api.KafkaSerdesTester] (Thread-665) Sending message {"key11755051263056": "value-2", "key21755051267367": "value-2"} to topic topic-6ed7f4ab_a06a_4506_b0e1_1af8487d4917
2025-08-13 02:14:29,695 INFO  [io.api.tes.ser.api.KafkaSerdesTester] (Thread-665) Sending message {"key11755051263056": "value-3", "key21755051267367": "value-3"} to topic topic-6ed7f4ab_a06a_4506_b0e1_1af8487d4917
2025-08-13 02:14:29,696 INFO  [io.api.tes.ser.api.KafkaSerdesTester] (Thread-665) Sending message {"key11755051263056": "value-4", "key21755051267367": "value-4"} to topic topic-6ed7f4ab_a06a_4506_b0e1_1af8487d4917
2025-08-13 02:14:29,700 INFO  [io.api.tes.ser.api.KafkaSerdesTester] (Thread-665) Sending message {"key11755051263056": "value-5", "key21755051267367": "value-5"} to topic topic-6ed7f4ab_a06a_4506_b0e1_1af8487d4917
2025-08-13 02:14:29,702 INFO  [io.api.tes.ser.api.KafkaSerdesTester] (Thread-665) Sending message {"key11755051263056": "value-6", "key21755051267367": "value-6"} to topic topic-6ed7f4ab_a06a_4506_b0e1_1af8487d4917
2025-08-13 02:14:29,703 INFO  [io.api.tes.ser.api.KafkaSerdesTester] (Thread-665) Sending message {"key11755051263056": "value-7", "key21755051267367": "value-7"} to topic topic-6ed7f4ab_a06a_4506_b0e1_1af8487d4917
2025-08-13 02:14:29,708 INFO  [io.api.tes.ser.api.KafkaSerdesTester] (Thread-665) Sending message {"key11755051263056": "value-8", "key21755051267367": "value-8"} to topic topic-6ed7f4ab_a06a_4506_b0e1_1af8487d4917
2025-08-13 02:14:29,710 INFO  [io.api.tes.ser.api.KafkaSerdesTester] (Thread-665) Sending message {"key11755051263056": "value-9", "key21755051267367": "value-9"} to topic topic-6ed7f4ab_a06a_4506_b0e1_1af8487d4917
2025-08-13 02:14:29,711 INFO  [io.api.tes.ser.api.KafkaSerdesTester] (Thread-665) Produced 10 messages
2025-08-13 02:14:29,712 INFO  [io.api.tes.ser.api.KafkaSerdesTester] (Thread-666) Sending message {"key11755051263056": "value-0"} to topic topic-6ed7f4ab_a06a_4506_b0e1_1af8487d4917
2025-08-13 02:14:29,713 INFO  [io.api.tes.ser.api.KafkaSerdesTester] (Thread-666) Sending message {"key11755051263056": "value-1"} to topic topic-6ed7f4ab_a06a_4506_b0e1_1af8487d4917
2025-08-13 02:14:29,714 INFO  [io.api.tes.ser.api.KafkaSerdesTester] (Thread-666) Sending message {"key11755051263056": "value-2"} to topic topic-6ed7f4ab_a06a_4506_b0e1_1af8487d4917
2025-08-13 02:14:29,716 INFO  [io.api.tes.ser.api.KafkaSerdesTester] (Thread-666) Sending message {"key11755051263056": "value-3"} to topic topic-6ed7f4ab_a06a_4506_b0e1_1af8487d4917
2025-08-13 02:14:29,717 INFO  [io.api.tes.ser.api.KafkaSerdesTester] (Thread-666) Sending message {"key11755051263056": "value-4"} to topic topic-6ed7f4ab_a06a_4506_b0e1_1af8487d4917
2025-08-13 02:14:29,720 INFO  [io.api.tes.ser.api.KafkaSerdesTester] (Thread-666) Sending message {"key11755051263056": "value-5"} to topic topic-6ed7f4ab_a06a_4506_b0e1_1af8487d4917
2025-08-13 02:14:29,721 INFO  [io.api.tes.ser.api.KafkaSerdesTester] (Thread-666) Sending message {"key11755051263056": "value-6"} to topic topic-6ed7f4ab_a06a_4506_b0e1_1af8487d4917
2025-08-13 02:14:29,722 INFO  [io.api.tes.ser.api.KafkaSerdesTester] (Thread-666) Sending message {"key11755051263056": "value-7"} to topic topic-6ed7f4ab_a06a_4506_b0e1_1af8487d4917
2025-08-13 02:14:29,724 INFO  [io.api.tes.ser.api.KafkaSerdesTester] (Thread-666) Sending message {"key11755051263056": "value-8"} to topic topic-6ed7f4ab_a06a_4506_b0e1_1af8487d4917
2025-08-13 02:14:29,725 INFO  [io.api.tes.ser.api.KafkaSerdesTester] (Thread-666) Sending message {"key11755051263056": "value-9"} to topic topic-6ed7f4ab_a06a_4506_b0e1_1af8487d4917
2025-08-13 02:14:29,726 INFO  [io.api.tes.ser.api.KafkaSerdesTester] (Thread-666) Produced 10 messages
2025-08-13 02:14:29,727 INFO  [org.apa.kaf.cli.con.int.ClassicKafkaConsumer] (Thread-667) [Consumer clientId=consumer-Consumer-topic-6ed7f4ab_a06a_4506_b0e1_1af8487d4917-9, groupId=Consumer-topic-6ed7f4ab_a06a_4506_b0e1_1af8487d4917] Subscribed to topic(s): topic-6ed7f4ab_a06a_4506_b0e1_1af8487d4917
2025-08-13 02:14:29,786 INFO  [io.api.tes.ser.api.KafkaSerdesTester] (Thread-667) topic-6ed7f4ab_a06a_4506_b0e1_1af8487d4917 0 30 {"key11755051263056": "value-0", "key21755051267367": "value-0", "key31755051268579": "value-0"}
2025-08-13 02:14:29,786 INFO  [io.api.tes.ser.api.KafkaSerdesTester] (Thread-667) topic-6ed7f4ab_a06a_4506_b0e1_1af8487d4917 0 31 {"key11755051263056": "value-1", "key21755051267367": "value-1", "key31755051268579": "value-1"}
2025-08-13 02:14:29,786 INFO  [io.api.tes.ser.api.KafkaSerdesTester] (Thread-667) topic-6ed7f4ab_a06a_4506_b0e1_1af8487d4917 0 32 {"key11755051263056": "value-2", "key21755051267367": "value-2", "key31755051268579": "value-2"}
2025-08-13 02:14:29,786 INFO  [io.api.tes.ser.api.KafkaSerdesTester] (Thread-667) topic-6ed7f4ab_a06a_4506_b0e1_1af8487d4917 0 33 {"key11755051263056": "value-3", "key21755051267367": "value-3", "key31755051268579": "value-3"}
2025-08-13 02:14:29,787 INFO  [io.api.tes.ser.api.KafkaSerdesTester] (Thread-667) topic-6ed7f4ab_a06a_4506_b0e1_1af8487d4917 0 34 {"key11755051263056": "value-4", "key21755051267367": "value-4", "key31755051268579": "value-4"}
2025-08-13 02:14:29,787 INFO  [io.api.tes.ser.api.KafkaSerdesTester] (Thread-667) topic-6ed7f4ab_a06a_4506_b0e1_1af8487d4917 0 35 {"key11755051263056": "value-5", "key21755051267367": "value-5", "key31755051268579": "value-5"}
2025-08-13 02:14:29,787 INFO  [io.api.tes.ser.api.KafkaSerdesTester] (Thread-667) topic-6ed7f4ab_a06a_4506_b0e1_1af8487d4917 0 36 {"key11755051263056": "value-6", "key21755051267367": "value-6", "key31755051268579": "value-6"}
2025-08-13 02:14:29,787 INFO  [io.api.tes.ser.api.KafkaSerdesTester] (Thread-667) topic-6ed7f4ab_a06a_4506_b0e1_1af8487d4917 0 37 {"key11755051263056": "value-7", "key21755051267367": "value-7", "key31755051268579": "value-7"}
2025-08-13 02:14:29,787 INFO  [io.api.tes.ser.api.KafkaSerdesTester] (Thread-667) topic-6ed7f4ab_a06a_4506_b0e1_1af8487d4917 0 38 {"key11755051263056": "value-8", "key21755051267367": "value-8", "key31755051268579": "value-8"}
2025-08-13 02:14:29,787 INFO  [io.api.tes.ser.api.KafkaSerdesTester] (Thread-667) topic-6ed7f4ab_a06a_4506_b0e1_1af8487d4917 0 39 {"key11755051263056": "value-9", "key21755051267367": "value-9", "key31755051268579": "value-9"}
2025-08-13 02:14:29,787 INFO  [io.api.tes.ser.api.KafkaSerdesTester] (Thread-667) topic-6ed7f4ab_a06a_4506_b0e1_1af8487d4917 0 40 {"key11755051263056": "value-0", "key21755051267367": "value-0"}
2025-08-13 02:14:29,787 INFO  [io.api.tes.ser.api.KafkaSerdesTester] (Thread-667) topic-6ed7f4ab_a06a_4506_b0e1_1af8487d4917 0 41 {"key11755051263056": "value-1", "key21755051267367": "value-1"}
2025-08-13 02:14:29,787 INFO  [io.api.tes.ser.api.KafkaSerdesTester] (Thread-667) topic-6ed7f4ab_a06a_4506_b0e1_1af8487d4917 0 42 {"key11755051263056": "value-2", "key21755051267367": "value-2"}
2025-08-13 02:14:29,787 INFO  [io.api.tes.ser.api.KafkaSerdesTester] (Thread-667) topic-6ed7f4ab_a06a_4506_b0e1_1af8487d4917 0 43 {"key11755051263056": "value-3", "key21755051267367": "value-3"}
2025-08-13 02:14:29,787 INFO  [io.api.tes.ser.api.KafkaSerdesTester] (Thread-667) topic-6ed7f4ab_a06a_4506_b0e1_1af8487d4917 0 44 {"key11755051263056": "value-4", "key21755051267367": "value-4"}
2025-08-13 02:14:29,787 INFO  [io.api.tes.ser.api.KafkaSerdesTester] (Thread-667) topic-6ed7f4ab_a06a_4506_b0e1_1af8487d4917 0 45 {"key11755051263056": "value-5", "key21755051267367": "value-5"}
2025-08-13 02:14:29,787 INFO  [io.api.tes.ser.api.KafkaSerdesTester] (Thread-667) topic-6ed7f4ab_a06a_4506_b0e1_1af8487d4917 0 46 {"key11755051263056": "value-6", "key21755051267367": "value-6"}
2025-08-13 02:14:29,787 INFO  [io.api.tes.ser.api.KafkaSerdesTester] (Thread-667) topic-6ed7f4ab_a06a_4506_b0e1_1af8487d4917 0 47 {"key11755051263056": "value-7", "key21755051267367": "value-7"}
2025-08-13 02:14:29,787 INFO  [io.api.tes.ser.api.KafkaSerdesTester] (Thread-667) topic-6ed7f4ab_a06a_4506_b0e1_1af8487d4917 0 48 {"key11755051263056": "value-8", "key21755051267367": "value-8"}
2025-08-13 02:14:29,787 INFO  [io.api.tes.ser.api.KafkaSerdesTester] (Thread-667) topic-6ed7f4ab_a06a_4506_b0e1_1af8487d4917 0 49 {"key11755051263056": "value-9", "key21755051267367": "value-9"}
2025-08-13 02:14:29,787 INFO  [io.api.tes.ser.api.KafkaSerdesTester] (Thread-667) topic-6ed7f4ab_a06a_4506_b0e1_1af8487d4917 0 50 {"key11755051263056": "value-0"}
2025-08-13 02:14:29,788 INFO  [io.api.tes.ser.api.KafkaSerdesTester] (Thread-667) topic-6ed7f4ab_a06a_4506_b0e1_1af8487d4917 0 51 {"key11755051263056": "value-1"}
2025-08-13 02:14:29,788 INFO  [io.api.tes.ser.api.KafkaSerdesTester] (Thread-667) topic-6ed7f4ab_a06a_4506_b0e1_1af8487d4917 0 52 {"key11755051263056": "value-2"}
2025-08-13 02:14:29,788 INFO  [io.api.tes.ser.api.KafkaSerdesTester] (Thread-667) topic-6ed7f4ab_a06a_4506_b0e1_1af8487d4917 0 53 {"key11755051263056": "value-3"}
2025-08-13 02:14:29,788 INFO  [io.api.tes.ser.api.KafkaSerdesTester] (Thread-667) topic-6ed7f4ab_a06a_4506_b0e1_1af8487d4917 0 54 {"key11755051263056": "value-4"}
2025-08-13 02:14:29,790 INFO  [io.api.tes.ser.api.KafkaSerdesTester] (Thread-667) topic-6ed7f4ab_a06a_4506_b0e1_1af8487d4917 0 55 {"key11755051263056": "value-5"}
2025-08-13 02:14:29,790 INFO  [io.api.tes.ser.api.KafkaSerdesTester] (Thread-667) topic-6ed7f4ab_a06a_4506_b0e1_1af8487d4917 0 56 {"key11755051263056": "value-6"}
2025-08-13 02:14:29,790 INFO  [io.api.tes.ser.api.KafkaSerdesTester] (Thread-667) topic-6ed7f4ab_a06a_4506_b0e1_1af8487d4917 0 57 {"key11755051263056": "value-7"}
2025-08-13 02:14:29,790 INFO  [io.api.tes.ser.api.KafkaSerdesTester] (Thread-667) topic-6ed7f4ab_a06a_4506_b0e1_1af8487d4917 0 58 {"key11755051263056": "value-8"}
2025-08-13 02:14:29,790 INFO  [io.api.tes.ser.api.KafkaSerdesTester] (Thread-667) topic-6ed7f4ab_a06a_4506_b0e1_1af8487d4917 0 59 {"key11755051263056": "value-9"}
2025-08-13 02:14:29,790 INFO  [io.api.tes.ser.api.KafkaSerdesTester] (Thread-667) Consumed 30 messages
2025-08-13 02:14:29,790 INFO  [org.apa.kaf.cli.pro.KafkaProducer] (main) [Producer clientId=Producer-topic-6ed7f4ab_a06a_4506_b0e1_1af8487d4917] Closing the Kafka producer with timeoutMillis = 9223372036854775807 ms.
2025-08-13 02:14:29,793 INFO  [org.apa.kaf.com.met.Metrics] (main) Metrics scheduler closed
2025-08-13 02:14:29,793 INFO  [org.apa.kaf.com.met.Metrics] (main) Closing reporter org.apache.kafka.common.metrics.JmxReporter
2025-08-13 02:14:29,793 INFO  [org.apa.kaf.com.met.Metrics] (main) Closing reporter org.apache.kafka.common.telemetry.internals.ClientTelemetryReporter
2025-08-13 02:14:29,793 INFO  [org.apa.kaf.com.met.Metrics] (main) Metrics reporters closed
2025-08-13 02:14:29,794 INFO  [org.apa.kaf.com.uti.AppInfoParser] (main) App info kafka.producer for Producer-topic-6ed7f4ab_a06a_4506_b0e1_1af8487d4917 unregistered
2025-08-13 02:14:29,800 INFO  [org.apa.kaf.cli.con.int.ConsumerRebalanceListenerInvoker] (main) [Consumer clientId=consumer-Consumer-topic-6ed7f4ab_a06a_4506_b0e1_1af8487d4917-9, groupId=Consumer-topic-6ed7f4ab_a06a_4506_b0e1_1af8487d4917] Revoke previously assigned partitions topic-6ed7f4ab_a06a_4506_b0e1_1af8487d4917-0
2025-08-13 02:14:29,800 INFO  [org.apa.kaf.cli.con.int.ConsumerCoordinator] (main) [Consumer clientId=consumer-Consumer-topic-6ed7f4ab_a06a_4506_b0e1_1af8487d4917-9, groupId=Consumer-topic-6ed7f4ab_a06a_4506_b0e1_1af8487d4917] Member consumer-Consumer-topic-6ed7f4ab_a06a_4506_b0e1_1af8487d4917-9-8cc9e864-fd35-41fe-afb6-31e918ae374f sending LeaveGroup request to coordinator localhost:32769 (id: 2147483647 rack: null) due to the consumer is being closed
2025-08-13 02:14:29,801 INFO  [org.apa.kaf.cli.con.int.ConsumerCoordinator] (main) [Consumer clientId=consumer-Consumer-topic-6ed7f4ab_a06a_4506_b0e1_1af8487d4917-9, groupId=Consumer-topic-6ed7f4ab_a06a_4506_b0e1_1af8487d4917] Resetting generation and member id due to: consumer pro-actively leaving the group
2025-08-13 02:14:29,801 INFO  [org.apa.kaf.cli.con.int.ConsumerCoordinator] (main) [Consumer clientId=consumer-Consumer-topic-6ed7f4ab_a06a_4506_b0e1_1af8487d4917-9, groupId=Consumer-topic-6ed7f4ab_a06a_4506_b0e1_1af8487d4917] Request joining group due to: consumer pro-actively leaving the group
2025-08-13 02:14:30,290 INFO  [org.apa.kaf.com.met.Metrics] (main) Metrics scheduler closed
2025-08-13 02:14:30,290 INFO  [org.apa.kaf.com.met.Metrics] (main) Closing reporter org.apache.kafka.common.metrics.JmxReporter
2025-08-13 02:14:30,290 INFO  [org.apa.kaf.com.met.Metrics] (main) Closing reporter org.apache.kafka.common.telemetry.internals.ClientTelemetryReporter
2025-08-13 02:14:30,290 INFO  [org.apa.kaf.com.met.Metrics] (main) Metrics reporters closed
2025-08-13 02:14:30,294 INFO  [org.apa.kaf.com.uti.AppInfoParser] (main) App info kafka.consumer for consumer-Consumer-topic-6ed7f4ab_a06a_4506_b0e1_1af8487d4917-9 unregistered
2025-08-13 02:14:30,294 INFO  [io.api.tes.uti.TestSeparator] (main) io.apicurio.tests.serdes.apicurio.AvroSerdeIT.testEvolveAvroApicurioReusingClient-FINISHED
2025-08-13 02:14:30,294 INFO  [io.api.tes.uti.TestSeparator] (main) ############################################################################
Test passed: testEvolveAvroApicurioReusingClient
]]></system-out>
  </testcase>
  <testcase name="testProducerUsesDefaultConsumerUsesGlobalId" classname="io.apicurio.tests.serdes.apicurio.AvroSerdeIT" time="0.0">
    <skipped message="void io.apicurio.tests.serdes.apicurio.AvroSerdeIT.testProducerUsesDefaultConsumerUsesGlobalId() throws java.lang.Exception is @Disabled"/>
  </testcase>
  <testcase name="testEvolveAvroApicurio" classname="io.apicurio.tests.serdes.apicurio.AvroSerdeIT" time="14.827">
    <system-out><![CDATA[2025-08-13 02:14:30,297 INFO  [io.api.tes.uti.TestSeparator] (main) ############################################################################
2025-08-13 02:14:30,297 INFO  [io.api.tes.uti.TestSeparator] (main) io.apicurio.tests.serdes.apicurio.AvroSerdeIT.testEvolveAvroApicurio-STARTED
2025-08-13 02:14:30,298 INFO  [io.api.tes.ser.api.AvroSerdeIT] (main) Registering Avro Schema: {"type":"record","name":"s67359d2ax413bx4d63x8cc3xa88eb58e47a5","namespace":"ns_260f0771_1294_43fe_8660_cae7ab69f85e","fields":[{"name":"key11755051270298","type":"string"}]}
**** Registry Base URL: http://registry-app-inmemory.apps.ci419.apicurio-testing.org:80
2025-08-13 02:14:31,362 INFO  [org.apa.kaf.cli.pro.ProducerConfig] (main) ProducerConfig values: 
	acks = -1
	auto.include.jmx.reporter = true
	batch.size = 16384
	bootstrap.servers = [PLAINTEXT://localhost:32769]
	buffer.memory = 33554432
	client.dns.lookup = use_all_dns_ips
	client.id = Producer-topic-b35525f2_3fcb_4040_94cf_87f9cd6d2586
	compression.gzip.level = -1
	compression.lz4.level = 9
	compression.type = none
	compression.zstd.level = 3
	connections.max.idle.ms = 10000
	delivery.timeout.ms = 120000
	enable.idempotence = true
	enable.metrics.push = true
	interceptor.classes = []
	key.serializer = class org.apache.kafka.common.serialization.StringSerializer
	linger.ms = 0
	max.block.ms = 60000
	max.in.flight.requests.per.connection = 5
	max.request.size = 1048576
	metadata.max.age.ms = 300000
	metadata.max.idle.ms = 300000
	metadata.recovery.strategy = none
	metric.reporters = []
	metrics.num.samples = 2
	metrics.recording.level = INFO
	metrics.sample.window.ms = 30000
	partitioner.adaptive.partitioning.enable = true
	partitioner.availability.timeout.ms = 0
	partitioner.class = null
	partitioner.ignore.keys = false
	receive.buffer.bytes = 32768
	reconnect.backoff.max.ms = 1000
	reconnect.backoff.ms = 50
	request.timeout.ms = 5000
	retries = 2147483647
	retry.backoff.max.ms = 1000
	retry.backoff.ms = 100
	sasl.client.callback.handler.class = null
	sasl.jaas.config = null
	sasl.kerberos.kinit.cmd = /usr/bin/kinit
	sasl.kerberos.min.time.before.relogin = 60000
	sasl.kerberos.service.name = null
	sasl.kerberos.ticket.renew.jitter = 0.05
	sasl.kerberos.ticket.renew.window.factor = 0.8
	sasl.login.callback.handler.class = null
	sasl.login.class = null
	sasl.login.connect.timeout.ms = null
	sasl.login.read.timeout.ms = null
	sasl.login.refresh.buffer.seconds = 300
	sasl.login.refresh.min.period.seconds = 60
	sasl.login.refresh.window.factor = 0.8
	sasl.login.refresh.window.jitter = 0.05
	sasl.login.retry.backoff.max.ms = 10000
	sasl.login.retry.backoff.ms = 100
	sasl.mechanism = GSSAPI
	sasl.oauthbearer.clock.skew.seconds = 30
	sasl.oauthbearer.expected.audience = null
	sasl.oauthbearer.expected.issuer = null
	sasl.oauthbearer.header.urlencode = false
	sasl.oauthbearer.jwks.endpoint.refresh.ms = 3600000
	sasl.oauthbearer.jwks.endpoint.retry.backoff.max.ms = 10000
	sasl.oauthbearer.jwks.endpoint.retry.backoff.ms = 100
	sasl.oauthbearer.jwks.endpoint.url = null
	sasl.oauthbearer.scope.claim.name = scope
	sasl.oauthbearer.sub.claim.name = sub
	sasl.oauthbearer.token.endpoint.url = null
	security.protocol = PLAINTEXT
	security.providers = null
	send.buffer.bytes = 131072
	socket.connection.setup.timeout.max.ms = 30000
	socket.connection.setup.timeout.ms = 10000
	ssl.cipher.suites = null
	ssl.enabled.protocols = [TLSv1.2, TLSv1.3]
	ssl.endpoint.identification.algorithm = https
	ssl.engine.factory.class = null
	ssl.key.password = null
	ssl.keymanager.algorithm = SunX509
	ssl.keystore.certificate.chain = null
	ssl.keystore.key = null
	ssl.keystore.location = null
	ssl.keystore.password = null
	ssl.keystore.type = JKS
	ssl.protocol = TLSv1.3
	ssl.provider = null
	ssl.secure.random.implementation = null
	ssl.trustmanager.algorithm = PKIX
	ssl.truststore.certificates = null
	ssl.truststore.location = null
	ssl.truststore.password = null
	ssl.truststore.type = JKS
	transaction.timeout.ms = 60000
	transactional.id = null
	value.serializer = class io.apicurio.registry.serde.avro.AvroKafkaSerializer

2025-08-13 02:14:31,362 INFO  [org.apa.kaf.com.tel.int.KafkaMetricsCollector] (main) initializing Kafka metrics collector
2025-08-13 02:14:31,366 INFO  [org.apa.kaf.cli.pro.KafkaProducer] (main) [Producer clientId=Producer-topic-b35525f2_3fcb_4040_94cf_87f9cd6d2586] Instantiated an idempotent producer.
2025-08-13 02:14:31,369 INFO  [org.apa.kaf.cli.pro.ProducerConfig] (main) These configurations '[apicurio.registry.url, apicurio.registry.artifact-resolver-strategy]' were supplied but are not used yet.
2025-08-13 02:14:31,370 INFO  [org.apa.kaf.com.uti.AppInfoParser] (main) Kafka version: 3.9.1
2025-08-13 02:14:31,370 INFO  [org.apa.kaf.com.uti.AppInfoParser] (main) Kafka commitId: f745dfdcee2b9851
2025-08-13 02:14:31,370 INFO  [org.apa.kaf.com.uti.AppInfoParser] (main) Kafka startTimeMs: 1755051271370
**** Registry Base URL: http://registry-app-inmemory.apps.ci419.apicurio-testing.org:80
2025-08-13 02:14:31,370 INFO  [org.apa.kaf.cli.con.ConsumerConfig] (main) ConsumerConfig values: 
	allow.auto.create.topics = true
	auto.commit.interval.ms = 500
	auto.include.jmx.reporter = true
	auto.offset.reset = earliest
	bootstrap.servers = [PLAINTEXT://localhost:32769]
	check.crcs = true
	client.dns.lookup = use_all_dns_ips
	client.id = consumer-Consumer-topic-b35525f2_3fcb_4040_94cf_87f9cd6d2586-10
	client.rack = 
	connections.max.idle.ms = 10000
	default.api.timeout.ms = 60000
	enable.auto.commit = true
	enable.metrics.push = true
	exclude.internal.topics = true
	fetch.max.bytes = 52428800
	fetch.max.wait.ms = 500
	fetch.min.bytes = 1
	group.id = Consumer-topic-b35525f2_3fcb_4040_94cf_87f9cd6d2586
	group.instance.id = null
	group.protocol = classic
	group.remote.assignor = null
	heartbeat.interval.ms = 3000
	interceptor.classes = []
	internal.leave.group.on.close = true
	internal.throw.on.fetch.stable.offset.unsupported = false
	isolation.level = read_uncommitted
	key.deserializer = class org.apache.kafka.common.serialization.StringDeserializer
	max.partition.fetch.bytes = 1048576
	max.poll.interval.ms = 300000
	max.poll.records = 500
	metadata.max.age.ms = 300000
	metadata.recovery.strategy = none
	metric.reporters = []
	metrics.num.samples = 2
	metrics.recording.level = INFO
	metrics.sample.window.ms = 30000
	partition.assignment.strategy = [class org.apache.kafka.clients.consumer.RangeAssignor, class org.apache.kafka.clients.consumer.CooperativeStickyAssignor]
	receive.buffer.bytes = 65536
	reconnect.backoff.max.ms = 1000
	reconnect.backoff.ms = 50
	request.timeout.ms = 5000
	retry.backoff.max.ms = 1000
	retry.backoff.ms = 100
	sasl.client.callback.handler.class = null
	sasl.jaas.config = null
	sasl.kerberos.kinit.cmd = /usr/bin/kinit
	sasl.kerberos.min.time.before.relogin = 60000
	sasl.kerberos.service.name = null
	sasl.kerberos.ticket.renew.jitter = 0.05
	sasl.kerberos.ticket.renew.window.factor = 0.8
	sasl.login.callback.handler.class = null
	sasl.login.class = null
	sasl.login.connect.timeout.ms = null
	sasl.login.read.timeout.ms = null
	sasl.login.refresh.buffer.seconds = 300
	sasl.login.refresh.min.period.seconds = 60
	sasl.login.refresh.window.factor = 0.8
	sasl.login.refresh.window.jitter = 0.05
	sasl.login.retry.backoff.max.ms = 10000
	sasl.login.retry.backoff.ms = 100
	sasl.mechanism = GSSAPI
	sasl.oauthbearer.clock.skew.seconds = 30
	sasl.oauthbearer.expected.audience = null
	sasl.oauthbearer.expected.issuer = null
	sasl.oauthbearer.header.urlencode = false
	sasl.oauthbearer.jwks.endpoint.refresh.ms = 3600000
	sasl.oauthbearer.jwks.endpoint.retry.backoff.max.ms = 10000
	sasl.oauthbearer.jwks.endpoint.retry.backoff.ms = 100
	sasl.oauthbearer.jwks.endpoint.url = null
	sasl.oauthbearer.scope.claim.name = scope
	sasl.oauthbearer.sub.claim.name = sub
	sasl.oauthbearer.token.endpoint.url = null
	security.protocol = PLAINTEXT
	security.providers = null
	send.buffer.bytes = 131072
	session.timeout.ms = 45000
	socket.connection.setup.timeout.max.ms = 30000
	socket.connection.setup.timeout.ms = 10000
	ssl.cipher.suites = null
	ssl.enabled.protocols = [TLSv1.2, TLSv1.3]
	ssl.endpoint.identification.algorithm = https
	ssl.engine.factory.class = null
	ssl.key.password = null
	ssl.keymanager.algorithm = SunX509
	ssl.keystore.certificate.chain = null
	ssl.keystore.key = null
	ssl.keystore.location = null
	ssl.keystore.password = null
	ssl.keystore.type = JKS
	ssl.protocol = TLSv1.3
	ssl.provider = null
	ssl.secure.random.implementation = null
	ssl.trustmanager.algorithm = PKIX
	ssl.truststore.certificates = null
	ssl.truststore.location = null
	ssl.truststore.password = null
	ssl.truststore.type = JKS
	value.deserializer = class io.apicurio.registry.serde.avro.AvroKafkaDeserializer

2025-08-13 02:14:31,371 INFO  [org.apa.kaf.com.tel.int.KafkaMetricsCollector] (main) initializing Kafka metrics collector
2025-08-13 02:14:31,373 INFO  [org.apa.kaf.cli.Metadata] (kafka-producer-network-thread | Producer-topic-b35525f2_3fcb_4040_94cf_87f9cd6d2586) [Producer clientId=Producer-topic-b35525f2_3fcb_4040_94cf_87f9cd6d2586] Cluster ID: KRqqH0pCSh6FBkmoZ2CGGg
2025-08-13 02:14:31,375 INFO  [org.apa.kaf.cli.pro.int.TransactionManager] (kafka-producer-network-thread | Producer-topic-b35525f2_3fcb_4040_94cf_87f9cd6d2586) [Producer clientId=Producer-topic-b35525f2_3fcb_4040_94cf_87f9cd6d2586] ProducerId set to 12 with epoch 0
2025-08-13 02:14:31,383 INFO  [org.apa.kaf.cli.con.ConsumerConfig] (main) These configurations '[apicurio.registry.url]' were supplied but are not used yet.
2025-08-13 02:14:31,383 INFO  [org.apa.kaf.com.uti.AppInfoParser] (main) Kafka version: 3.9.1
2025-08-13 02:14:31,383 INFO  [org.apa.kaf.com.uti.AppInfoParser] (main) Kafka commitId: f745dfdcee2b9851
2025-08-13 02:14:31,383 INFO  [org.apa.kaf.com.uti.AppInfoParser] (main) Kafka startTimeMs: 1755051271383
2025-08-13 02:14:31,384 INFO  [io.api.tes.ser.api.KafkaSerdesTester] (Thread-672) Sending message {"key11755051270298": "value-0"} to topic topic-b35525f2_3fcb_4040_94cf_87f9cd6d2586
2025-08-13 02:14:31,390 INFO  [DefaultSchemaResolver] (Thread-672) Retrieving schema content using string: {"type":"record","name":"s67359d2ax413bx4d63x8cc3xa88eb58e47a5","namespace":"ns_260f0771_1294_43fe_8660_cae7ab69f85e","fields":[{"name":"key11755051270298","type":"string"}]}
2025-08-13 02:14:31,444 INFO  [io.api.tes.ser.api.KafkaSerdesTester] (Thread-672) Sending message {"key11755051270298": "value-1"} to topic topic-b35525f2_3fcb_4040_94cf_87f9cd6d2586
2025-08-13 02:14:31,450 INFO  [io.api.tes.ser.api.KafkaSerdesTester] (Thread-672) Sending message {"key11755051270298": "value-2"} to topic topic-b35525f2_3fcb_4040_94cf_87f9cd6d2586
2025-08-13 02:14:31,453 INFO  [io.api.tes.ser.api.KafkaSerdesTester] (Thread-672) Sending message {"key11755051270298": "value-3"} to topic topic-b35525f2_3fcb_4040_94cf_87f9cd6d2586
2025-08-13 02:14:31,455 INFO  [io.api.tes.ser.api.KafkaSerdesTester] (Thread-672) Sending message {"key11755051270298": "value-4"} to topic topic-b35525f2_3fcb_4040_94cf_87f9cd6d2586
2025-08-13 02:14:31,458 INFO  [io.api.tes.ser.api.KafkaSerdesTester] (Thread-672) Sending message {"key11755051270298": "value-5"} to topic topic-b35525f2_3fcb_4040_94cf_87f9cd6d2586
2025-08-13 02:14:31,465 INFO  [io.api.tes.ser.api.KafkaSerdesTester] (Thread-672) Sending message {"key11755051270298": "value-6"} to topic topic-b35525f2_3fcb_4040_94cf_87f9cd6d2586
2025-08-13 02:14:31,466 INFO  [io.api.tes.ser.api.KafkaSerdesTester] (Thread-672) Sending message {"key11755051270298": "value-7"} to topic topic-b35525f2_3fcb_4040_94cf_87f9cd6d2586
2025-08-13 02:14:31,469 INFO  [io.api.tes.ser.api.KafkaSerdesTester] (Thread-672) Sending message {"key11755051270298": "value-8"} to topic topic-b35525f2_3fcb_4040_94cf_87f9cd6d2586
2025-08-13 02:14:31,471 INFO  [io.api.tes.ser.api.KafkaSerdesTester] (Thread-672) Sending message {"key11755051270298": "value-9"} to topic topic-b35525f2_3fcb_4040_94cf_87f9cd6d2586
2025-08-13 02:14:31,475 INFO  [io.api.tes.ser.api.KafkaSerdesTester] (Thread-672) Produced 10 messages
2025-08-13 02:14:31,475 INFO  [org.apa.kaf.cli.pro.KafkaProducer] (Thread-672) [Producer clientId=Producer-topic-b35525f2_3fcb_4040_94cf_87f9cd6d2586] Closing the Kafka producer with timeoutMillis = 9223372036854775807 ms.
2025-08-13 02:14:31,477 INFO  [org.apa.kaf.com.met.Metrics] (Thread-672) Metrics scheduler closed
2025-08-13 02:14:31,478 INFO  [org.apa.kaf.com.met.Metrics] (Thread-672) Closing reporter org.apache.kafka.common.metrics.JmxReporter
2025-08-13 02:14:31,478 INFO  [org.apa.kaf.com.met.Metrics] (Thread-672) Closing reporter org.apache.kafka.common.telemetry.internals.ClientTelemetryReporter
2025-08-13 02:14:31,478 INFO  [org.apa.kaf.com.met.Metrics] (Thread-672) Metrics reporters closed
2025-08-13 02:14:31,478 INFO  [org.apa.kaf.com.uti.AppInfoParser] (Thread-672) App info kafka.producer for Producer-topic-b35525f2_3fcb_4040_94cf_87f9cd6d2586 unregistered
2025-08-13 02:14:31,479 INFO  [org.apa.kaf.cli.con.int.ClassicKafkaConsumer] (Thread-673) [Consumer clientId=consumer-Consumer-topic-b35525f2_3fcb_4040_94cf_87f9cd6d2586-10, groupId=Consumer-topic-b35525f2_3fcb_4040_94cf_87f9cd6d2586] Subscribed to topic(s): topic-b35525f2_3fcb_4040_94cf_87f9cd6d2586
2025-08-13 02:14:31,485 INFO  [org.apa.kaf.cli.Metadata] (Thread-673) [Consumer clientId=consumer-Consumer-topic-b35525f2_3fcb_4040_94cf_87f9cd6d2586-10, groupId=Consumer-topic-b35525f2_3fcb_4040_94cf_87f9cd6d2586] Cluster ID: KRqqH0pCSh6FBkmoZ2CGGg
2025-08-13 02:14:31,486 INFO  [org.apa.kaf.cli.con.int.ConsumerCoordinator] (Thread-673) [Consumer clientId=consumer-Consumer-topic-b35525f2_3fcb_4040_94cf_87f9cd6d2586-10, groupId=Consumer-topic-b35525f2_3fcb_4040_94cf_87f9cd6d2586] Discovered group coordinator localhost:32769 (id: 2147483647 rack: null)
2025-08-13 02:14:31,488 INFO  [org.apa.kaf.cli.con.int.ConsumerCoordinator] (Thread-673) [Consumer clientId=consumer-Consumer-topic-b35525f2_3fcb_4040_94cf_87f9cd6d2586-10, groupId=Consumer-topic-b35525f2_3fcb_4040_94cf_87f9cd6d2586] (Re-)joining group
2025-08-13 02:14:31,492 INFO  [org.apa.kaf.cli.con.int.ConsumerCoordinator] (Thread-673) [Consumer clientId=consumer-Consumer-topic-b35525f2_3fcb_4040_94cf_87f9cd6d2586-10, groupId=Consumer-topic-b35525f2_3fcb_4040_94cf_87f9cd6d2586] Request joining group due to: need to re-join with the given member-id: consumer-Consumer-topic-b35525f2_3fcb_4040_94cf_87f9cd6d2586-10-dd1c7f4a-6313-4ef2-9822-f6efd0553024
2025-08-13 02:14:31,493 INFO  [org.apa.kaf.cli.con.int.ConsumerCoordinator] (Thread-673) [Consumer clientId=consumer-Consumer-topic-b35525f2_3fcb_4040_94cf_87f9cd6d2586-10, groupId=Consumer-topic-b35525f2_3fcb_4040_94cf_87f9cd6d2586] (Re-)joining group
2025-08-13 02:14:32,480 INFO  [io.api.tes.ser.api.KafkaSerdesTester] (Thread-673) None found
2025-08-13 02:14:33,480 INFO  [io.api.tes.ser.api.KafkaSerdesTester] (Thread-673) None found
2025-08-13 02:14:34,480 INFO  [io.api.tes.ser.api.KafkaSerdesTester] (Thread-673) None found
2025-08-13 02:14:34,495 INFO  [org.apa.kaf.cli.con.int.ConsumerCoordinator] (Thread-673) [Consumer clientId=consumer-Consumer-topic-b35525f2_3fcb_4040_94cf_87f9cd6d2586-10, groupId=Consumer-topic-b35525f2_3fcb_4040_94cf_87f9cd6d2586] Successfully joined group with generation Generation{generationId=1, memberId='consumer-Consumer-topic-b35525f2_3fcb_4040_94cf_87f9cd6d2586-10-dd1c7f4a-6313-4ef2-9822-f6efd0553024', protocol='range'}
2025-08-13 02:14:34,495 INFO  [org.apa.kaf.cli.con.int.ConsumerCoordinator] (Thread-673) [Consumer clientId=consumer-Consumer-topic-b35525f2_3fcb_4040_94cf_87f9cd6d2586-10, groupId=Consumer-topic-b35525f2_3fcb_4040_94cf_87f9cd6d2586] Finished assignment for group at generation 1: {consumer-Consumer-topic-b35525f2_3fcb_4040_94cf_87f9cd6d2586-10-dd1c7f4a-6313-4ef2-9822-f6efd0553024=Assignment(partitions=[topic-b35525f2_3fcb_4040_94cf_87f9cd6d2586-0])}
2025-08-13 02:14:34,502 INFO  [org.apa.kaf.cli.con.int.ConsumerCoordinator] (Thread-673) [Consumer clientId=consumer-Consumer-topic-b35525f2_3fcb_4040_94cf_87f9cd6d2586-10, groupId=Consumer-topic-b35525f2_3fcb_4040_94cf_87f9cd6d2586] Successfully synced group in generation Generation{generationId=1, memberId='consumer-Consumer-topic-b35525f2_3fcb_4040_94cf_87f9cd6d2586-10-dd1c7f4a-6313-4ef2-9822-f6efd0553024', protocol='range'}
2025-08-13 02:14:34,503 INFO  [org.apa.kaf.cli.con.int.ConsumerCoordinator] (Thread-673) [Consumer clientId=consumer-Consumer-topic-b35525f2_3fcb_4040_94cf_87f9cd6d2586-10, groupId=Consumer-topic-b35525f2_3fcb_4040_94cf_87f9cd6d2586] Notifying assignor about the new Assignment(partitions=[topic-b35525f2_3fcb_4040_94cf_87f9cd6d2586-0])
2025-08-13 02:14:34,503 INFO  [org.apa.kaf.cli.con.int.ConsumerRebalanceListenerInvoker] (Thread-673) [Consumer clientId=consumer-Consumer-topic-b35525f2_3fcb_4040_94cf_87f9cd6d2586-10, groupId=Consumer-topic-b35525f2_3fcb_4040_94cf_87f9cd6d2586] Adding newly assigned partitions: topic-b35525f2_3fcb_4040_94cf_87f9cd6d2586-0
2025-08-13 02:14:34,504 INFO  [org.apa.kaf.cli.con.int.ConsumerCoordinator] (Thread-673) [Consumer clientId=consumer-Consumer-topic-b35525f2_3fcb_4040_94cf_87f9cd6d2586-10, groupId=Consumer-topic-b35525f2_3fcb_4040_94cf_87f9cd6d2586] Found no committed offset for partition topic-b35525f2_3fcb_4040_94cf_87f9cd6d2586-0
2025-08-13 02:14:34,508 INFO  [org.apa.kaf.cli.con.int.SubscriptionState] (Thread-673) [Consumer clientId=consumer-Consumer-topic-b35525f2_3fcb_4040_94cf_87f9cd6d2586-10, groupId=Consumer-topic-b35525f2_3fcb_4040_94cf_87f9cd6d2586] Resetting offset for partition topic-b35525f2_3fcb_4040_94cf_87f9cd6d2586-0 to position FetchPosition{offset=0, offsetEpoch=Optional.empty, currentLeader=LeaderAndEpoch{leader=Optional[localhost:32769 (id: 0 rack: null)], epoch=0}}.
2025-08-13 02:14:34,589 INFO  [io.api.tes.ser.api.KafkaSerdesTester] (Thread-673) topic-b35525f2_3fcb_4040_94cf_87f9cd6d2586 0 0 {"key11755051270298": "value-0"}
2025-08-13 02:14:34,589 INFO  [io.api.tes.ser.api.KafkaSerdesTester] (Thread-673) topic-b35525f2_3fcb_4040_94cf_87f9cd6d2586 0 1 {"key11755051270298": "value-1"}
2025-08-13 02:14:34,589 INFO  [io.api.tes.ser.api.KafkaSerdesTester] (Thread-673) topic-b35525f2_3fcb_4040_94cf_87f9cd6d2586 0 2 {"key11755051270298": "value-2"}
2025-08-13 02:14:34,589 INFO  [io.api.tes.ser.api.KafkaSerdesTester] (Thread-673) topic-b35525f2_3fcb_4040_94cf_87f9cd6d2586 0 3 {"key11755051270298": "value-3"}
2025-08-13 02:14:34,590 INFO  [io.api.tes.ser.api.KafkaSerdesTester] (Thread-673) topic-b35525f2_3fcb_4040_94cf_87f9cd6d2586 0 4 {"key11755051270298": "value-4"}
2025-08-13 02:14:34,590 INFO  [io.api.tes.ser.api.KafkaSerdesTester] (Thread-673) topic-b35525f2_3fcb_4040_94cf_87f9cd6d2586 0 5 {"key11755051270298": "value-5"}
2025-08-13 02:14:34,590 INFO  [io.api.tes.ser.api.KafkaSerdesTester] (Thread-673) topic-b35525f2_3fcb_4040_94cf_87f9cd6d2586 0 6 {"key11755051270298": "value-6"}
2025-08-13 02:14:34,590 INFO  [io.api.tes.ser.api.KafkaSerdesTester] (Thread-673) topic-b35525f2_3fcb_4040_94cf_87f9cd6d2586 0 7 {"key11755051270298": "value-7"}
2025-08-13 02:14:34,590 INFO  [io.api.tes.ser.api.KafkaSerdesTester] (Thread-673) topic-b35525f2_3fcb_4040_94cf_87f9cd6d2586 0 8 {"key11755051270298": "value-8"}
2025-08-13 02:14:34,590 INFO  [io.api.tes.ser.api.KafkaSerdesTester] (Thread-673) topic-b35525f2_3fcb_4040_94cf_87f9cd6d2586 0 9 {"key11755051270298": "value-9"}
2025-08-13 02:14:34,590 INFO  [io.api.tes.ser.api.KafkaSerdesTester] (Thread-673) Consumed 10 messages
2025-08-13 02:14:34,597 INFO  [org.apa.kaf.cli.con.int.ConsumerRebalanceListenerInvoker] (Thread-673) [Consumer clientId=consumer-Consumer-topic-b35525f2_3fcb_4040_94cf_87f9cd6d2586-10, groupId=Consumer-topic-b35525f2_3fcb_4040_94cf_87f9cd6d2586] Revoke previously assigned partitions topic-b35525f2_3fcb_4040_94cf_87f9cd6d2586-0
2025-08-13 02:14:34,598 INFO  [org.apa.kaf.cli.con.int.ConsumerCoordinator] (Thread-673) [Consumer clientId=consumer-Consumer-topic-b35525f2_3fcb_4040_94cf_87f9cd6d2586-10, groupId=Consumer-topic-b35525f2_3fcb_4040_94cf_87f9cd6d2586] Member consumer-Consumer-topic-b35525f2_3fcb_4040_94cf_87f9cd6d2586-10-dd1c7f4a-6313-4ef2-9822-f6efd0553024 sending LeaveGroup request to coordinator localhost:32769 (id: 2147483647 rack: null) due to the consumer is being closed
2025-08-13 02:14:34,598 INFO  [org.apa.kaf.cli.con.int.ConsumerCoordinator] (Thread-673) [Consumer clientId=consumer-Consumer-topic-b35525f2_3fcb_4040_94cf_87f9cd6d2586-10, groupId=Consumer-topic-b35525f2_3fcb_4040_94cf_87f9cd6d2586] Resetting generation and member id due to: consumer pro-actively leaving the group
2025-08-13 02:14:34,598 INFO  [org.apa.kaf.cli.con.int.ConsumerCoordinator] (Thread-673) [Consumer clientId=consumer-Consumer-topic-b35525f2_3fcb_4040_94cf_87f9cd6d2586-10, groupId=Consumer-topic-b35525f2_3fcb_4040_94cf_87f9cd6d2586] Request joining group due to: consumer pro-actively leaving the group
2025-08-13 02:14:35,092 INFO  [org.apa.kaf.com.met.Metrics] (Thread-673) Metrics scheduler closed
2025-08-13 02:14:35,092 INFO  [org.apa.kaf.com.met.Metrics] (Thread-673) Closing reporter org.apache.kafka.common.metrics.JmxReporter
2025-08-13 02:14:35,093 INFO  [org.apa.kaf.com.met.Metrics] (Thread-673) Closing reporter org.apache.kafka.common.telemetry.internals.ClientTelemetryReporter
2025-08-13 02:14:35,093 INFO  [org.apa.kaf.com.met.Metrics] (Thread-673) Metrics reporters closed
2025-08-13 02:14:35,095 INFO  [org.apa.kaf.com.uti.AppInfoParser] (Thread-673) App info kafka.consumer for consumer-Consumer-topic-b35525f2_3fcb_4040_94cf_87f9cd6d2586-10 unregistered
2025-08-13 02:14:35,096 INFO  [io.api.tes.ser.api.AvroSerdeIT] (main) Registering Avro Schema 2: {"type":"record","name":"s67359d2ax413bx4d63x8cc3xa88eb58e47a5","namespace":"ns_260f0771_1294_43fe_8660_cae7ab69f85e","fields":[{"name":"key11755051270298","type":"string"},{"name":"key21755051275095","type":"string"}]}
**** Registry Base URL: http://registry-app-inmemory.apps.ci419.apicurio-testing.org:80
2025-08-13 02:14:36,162 INFO  [org.apa.kaf.cli.pro.ProducerConfig] (main) ProducerConfig values: 
	acks = -1
	auto.include.jmx.reporter = true
	batch.size = 16384
	bootstrap.servers = [PLAINTEXT://localhost:32769]
	buffer.memory = 33554432
	client.dns.lookup = use_all_dns_ips
	client.id = Producer-topic-b35525f2_3fcb_4040_94cf_87f9cd6d2586
	compression.gzip.level = -1
	compression.lz4.level = 9
	compression.type = none
	compression.zstd.level = 3
	connections.max.idle.ms = 10000
	delivery.timeout.ms = 120000
	enable.idempotence = true
	enable.metrics.push = true
	interceptor.classes = []
	key.serializer = class org.apache.kafka.common.serialization.StringSerializer
	linger.ms = 0
	max.block.ms = 60000
	max.in.flight.requests.per.connection = 5
	max.request.size = 1048576
	metadata.max.age.ms = 300000
	metadata.max.idle.ms = 300000
	metadata.recovery.strategy = none
	metric.reporters = []
	metrics.num.samples = 2
	metrics.recording.level = INFO
	metrics.sample.window.ms = 30000
	partitioner.adaptive.partitioning.enable = true
	partitioner.availability.timeout.ms = 0
	partitioner.class = null
	partitioner.ignore.keys = false
	receive.buffer.bytes = 32768
	reconnect.backoff.max.ms = 1000
	reconnect.backoff.ms = 50
	request.timeout.ms = 5000
	retries = 2147483647
	retry.backoff.max.ms = 1000
	retry.backoff.ms = 100
	sasl.client.callback.handler.class = null
	sasl.jaas.config = null
	sasl.kerberos.kinit.cmd = /usr/bin/kinit
	sasl.kerberos.min.time.before.relogin = 60000
	sasl.kerberos.service.name = null
	sasl.kerberos.ticket.renew.jitter = 0.05
	sasl.kerberos.ticket.renew.window.factor = 0.8
	sasl.login.callback.handler.class = null
	sasl.login.class = null
	sasl.login.connect.timeout.ms = null
	sasl.login.read.timeout.ms = null
	sasl.login.refresh.buffer.seconds = 300
	sasl.login.refresh.min.period.seconds = 60
	sasl.login.refresh.window.factor = 0.8
	sasl.login.refresh.window.jitter = 0.05
	sasl.login.retry.backoff.max.ms = 10000
	sasl.login.retry.backoff.ms = 100
	sasl.mechanism = GSSAPI
	sasl.oauthbearer.clock.skew.seconds = 30
	sasl.oauthbearer.expected.audience = null
	sasl.oauthbearer.expected.issuer = null
	sasl.oauthbearer.header.urlencode = false
	sasl.oauthbearer.jwks.endpoint.refresh.ms = 3600000
	sasl.oauthbearer.jwks.endpoint.retry.backoff.max.ms = 10000
	sasl.oauthbearer.jwks.endpoint.retry.backoff.ms = 100
	sasl.oauthbearer.jwks.endpoint.url = null
	sasl.oauthbearer.scope.claim.name = scope
	sasl.oauthbearer.sub.claim.name = sub
	sasl.oauthbearer.token.endpoint.url = null
	security.protocol = PLAINTEXT
	security.providers = null
	send.buffer.bytes = 131072
	socket.connection.setup.timeout.max.ms = 30000
	socket.connection.setup.timeout.ms = 10000
	ssl.cipher.suites = null
	ssl.enabled.protocols = [TLSv1.2, TLSv1.3]
	ssl.endpoint.identification.algorithm = https
	ssl.engine.factory.class = null
	ssl.key.password = null
	ssl.keymanager.algorithm = SunX509
	ssl.keystore.certificate.chain = null
	ssl.keystore.key = null
	ssl.keystore.location = null
	ssl.keystore.password = null
	ssl.keystore.type = JKS
	ssl.protocol = TLSv1.3
	ssl.provider = null
	ssl.secure.random.implementation = null
	ssl.trustmanager.algorithm = PKIX
	ssl.truststore.certificates = null
	ssl.truststore.location = null
	ssl.truststore.password = null
	ssl.truststore.type = JKS
	transaction.timeout.ms = 60000
	transactional.id = null
	value.serializer = class io.apicurio.registry.serde.avro.AvroKafkaSerializer

2025-08-13 02:14:36,163 INFO  [org.apa.kaf.com.tel.int.KafkaMetricsCollector] (main) initializing Kafka metrics collector
2025-08-13 02:14:36,166 INFO  [org.apa.kaf.cli.pro.KafkaProducer] (main) [Producer clientId=Producer-topic-b35525f2_3fcb_4040_94cf_87f9cd6d2586] Instantiated an idempotent producer.
2025-08-13 02:14:36,167 INFO  [org.apa.kaf.cli.pro.ProducerConfig] (main) These configurations '[apicurio.registry.url, apicurio.registry.artifact-resolver-strategy]' were supplied but are not used yet.
2025-08-13 02:14:36,168 INFO  [org.apa.kaf.com.uti.AppInfoParser] (main) Kafka version: 3.9.1
2025-08-13 02:14:36,168 INFO  [org.apa.kaf.com.uti.AppInfoParser] (main) Kafka commitId: f745dfdcee2b9851
2025-08-13 02:14:36,168 INFO  [org.apa.kaf.com.uti.AppInfoParser] (main) Kafka startTimeMs: 1755051276167
2025-08-13 02:14:36,168 INFO  [io.api.tes.ser.api.KafkaSerdesTester] (Thread-676) Sending message {"key11755051270298": "value-0", "key21755051275095": "value-0"} to topic topic-b35525f2_3fcb_4040_94cf_87f9cd6d2586
2025-08-13 02:14:36,173 INFO  [org.apa.kaf.cli.Metadata] (kafka-producer-network-thread | Producer-topic-b35525f2_3fcb_4040_94cf_87f9cd6d2586) [Producer clientId=Producer-topic-b35525f2_3fcb_4040_94cf_87f9cd6d2586] Cluster ID: KRqqH0pCSh6FBkmoZ2CGGg
2025-08-13 02:14:36,173 INFO  [org.apa.kaf.cli.pro.int.TransactionManager] (kafka-producer-network-thread | Producer-topic-b35525f2_3fcb_4040_94cf_87f9cd6d2586) [Producer clientId=Producer-topic-b35525f2_3fcb_4040_94cf_87f9cd6d2586] ProducerId set to 13 with epoch 0
2025-08-13 02:14:36,174 INFO  [DefaultSchemaResolver] (Thread-676) Retrieving schema content using string: {"type":"record","name":"s67359d2ax413bx4d63x8cc3xa88eb58e47a5","namespace":"ns_260f0771_1294_43fe_8660_cae7ab69f85e","fields":[{"name":"key11755051270298","type":"string"},{"name":"key21755051275095","type":"string"}]}
2025-08-13 02:14:36,233 INFO  [io.api.tes.ser.api.KafkaSerdesTester] (Thread-676) Sending message {"key11755051270298": "value-1", "key21755051275095": "value-1"} to topic topic-b35525f2_3fcb_4040_94cf_87f9cd6d2586
2025-08-13 02:14:36,239 INFO  [io.api.tes.ser.api.KafkaSerdesTester] (Thread-676) Sending message {"key11755051270298": "value-2", "key21755051275095": "value-2"} to topic topic-b35525f2_3fcb_4040_94cf_87f9cd6d2586
2025-08-13 02:14:36,241 INFO  [io.api.tes.ser.api.KafkaSerdesTester] (Thread-676) Sending message {"key11755051270298": "value-3", "key21755051275095": "value-3"} to topic topic-b35525f2_3fcb_4040_94cf_87f9cd6d2586
2025-08-13 02:14:36,246 INFO  [io.api.tes.ser.api.KafkaSerdesTester] (Thread-676) Sending message {"key11755051270298": "value-4", "key21755051275095": "value-4"} to topic topic-b35525f2_3fcb_4040_94cf_87f9cd6d2586
2025-08-13 02:14:36,251 INFO  [io.api.tes.ser.api.KafkaSerdesTester] (Thread-676) Sending message {"key11755051270298": "value-5", "key21755051275095": "value-5"} to topic topic-b35525f2_3fcb_4040_94cf_87f9cd6d2586
2025-08-13 02:14:36,256 INFO  [io.api.tes.ser.api.KafkaSerdesTester] (Thread-676) Sending message {"key11755051270298": "value-6", "key21755051275095": "value-6"} to topic topic-b35525f2_3fcb_4040_94cf_87f9cd6d2586
2025-08-13 02:14:36,260 INFO  [io.api.tes.ser.api.KafkaSerdesTester] (Thread-676) Sending message {"key11755051270298": "value-7", "key21755051275095": "value-7"} to topic topic-b35525f2_3fcb_4040_94cf_87f9cd6d2586
2025-08-13 02:14:36,262 INFO  [io.api.tes.ser.api.KafkaSerdesTester] (Thread-676) Sending message {"key11755051270298": "value-8", "key21755051275095": "value-8"} to topic topic-b35525f2_3fcb_4040_94cf_87f9cd6d2586
2025-08-13 02:14:36,264 INFO  [io.api.tes.ser.api.KafkaSerdesTester] (Thread-676) Sending message {"key11755051270298": "value-9", "key21755051275095": "value-9"} to topic topic-b35525f2_3fcb_4040_94cf_87f9cd6d2586
2025-08-13 02:14:36,266 INFO  [io.api.tes.ser.api.KafkaSerdesTester] (Thread-676) Produced 10 messages
2025-08-13 02:14:36,266 INFO  [org.apa.kaf.cli.pro.KafkaProducer] (Thread-676) [Producer clientId=Producer-topic-b35525f2_3fcb_4040_94cf_87f9cd6d2586] Closing the Kafka producer with timeoutMillis = 9223372036854775807 ms.
2025-08-13 02:14:36,268 INFO  [org.apa.kaf.com.met.Metrics] (Thread-676) Metrics scheduler closed
2025-08-13 02:14:36,268 INFO  [org.apa.kaf.com.met.Metrics] (Thread-676) Closing reporter org.apache.kafka.common.metrics.JmxReporter
2025-08-13 02:14:36,268 INFO  [org.apa.kaf.com.met.Metrics] (Thread-676) Closing reporter org.apache.kafka.common.telemetry.internals.ClientTelemetryReporter
2025-08-13 02:14:36,268 INFO  [org.apa.kaf.com.met.Metrics] (Thread-676) Metrics reporters closed
2025-08-13 02:14:36,268 INFO  [org.apa.kaf.com.uti.AppInfoParser] (Thread-676) App info kafka.producer for Producer-topic-b35525f2_3fcb_4040_94cf_87f9cd6d2586 unregistered
**** Registry Base URL: http://registry-app-inmemory.apps.ci419.apicurio-testing.org:80
2025-08-13 02:14:36,269 INFO  [org.apa.kaf.cli.pro.ProducerConfig] (main) ProducerConfig values: 
	acks = -1
	auto.include.jmx.reporter = true
	batch.size = 16384
	bootstrap.servers = [PLAINTEXT://localhost:32769]
	buffer.memory = 33554432
	client.dns.lookup = use_all_dns_ips
	client.id = Producer-topic-b35525f2_3fcb_4040_94cf_87f9cd6d2586
	compression.gzip.level = -1
	compression.lz4.level = 9
	compression.type = none
	compression.zstd.level = 3
	connections.max.idle.ms = 10000
	delivery.timeout.ms = 120000
	enable.idempotence = true
	enable.metrics.push = true
	interceptor.classes = []
	key.serializer = class org.apache.kafka.common.serialization.StringSerializer
	linger.ms = 0
	max.block.ms = 60000
	max.in.flight.requests.per.connection = 5
	max.request.size = 1048576
	metadata.max.age.ms = 300000
	metadata.max.idle.ms = 300000
	metadata.recovery.strategy = none
	metric.reporters = []
	metrics.num.samples = 2
	metrics.recording.level = INFO
	metrics.sample.window.ms = 30000
	partitioner.adaptive.partitioning.enable = true
	partitioner.availability.timeout.ms = 0
	partitioner.class = null
	partitioner.ignore.keys = false
	receive.buffer.bytes = 32768
	reconnect.backoff.max.ms = 1000
	reconnect.backoff.ms = 50
	request.timeout.ms = 5000
	retries = 2147483647
	retry.backoff.max.ms = 1000
	retry.backoff.ms = 100
	sasl.client.callback.handler.class = null
	sasl.jaas.config = null
	sasl.kerberos.kinit.cmd = /usr/bin/kinit
	sasl.kerberos.min.time.before.relogin = 60000
	sasl.kerberos.service.name = null
	sasl.kerberos.ticket.renew.jitter = 0.05
	sasl.kerberos.ticket.renew.window.factor = 0.8
	sasl.login.callback.handler.class = null
	sasl.login.class = null
	sasl.login.connect.timeout.ms = null
	sasl.login.read.timeout.ms = null
	sasl.login.refresh.buffer.seconds = 300
	sasl.login.refresh.min.period.seconds = 60
	sasl.login.refresh.window.factor = 0.8
	sasl.login.refresh.window.jitter = 0.05
	sasl.login.retry.backoff.max.ms = 10000
	sasl.login.retry.backoff.ms = 100
	sasl.mechanism = GSSAPI
	sasl.oauthbearer.clock.skew.seconds = 30
	sasl.oauthbearer.expected.audience = null
	sasl.oauthbearer.expected.issuer = null
	sasl.oauthbearer.header.urlencode = false
	sasl.oauthbearer.jwks.endpoint.refresh.ms = 3600000
	sasl.oauthbearer.jwks.endpoint.retry.backoff.max.ms = 10000
	sasl.oauthbearer.jwks.endpoint.retry.backoff.ms = 100
	sasl.oauthbearer.jwks.endpoint.url = null
	sasl.oauthbearer.scope.claim.name = scope
	sasl.oauthbearer.sub.claim.name = sub
	sasl.oauthbearer.token.endpoint.url = null
	security.protocol = PLAINTEXT
	security.providers = null
	send.buffer.bytes = 131072
	socket.connection.setup.timeout.max.ms = 30000
	socket.connection.setup.timeout.ms = 10000
	ssl.cipher.suites = null
	ssl.enabled.protocols = [TLSv1.2, TLSv1.3]
	ssl.endpoint.identification.algorithm = https
	ssl.engine.factory.class = null
	ssl.key.password = null
	ssl.keymanager.algorithm = SunX509
	ssl.keystore.certificate.chain = null
	ssl.keystore.key = null
	ssl.keystore.location = null
	ssl.keystore.password = null
	ssl.keystore.type = JKS
	ssl.protocol = TLSv1.3
	ssl.provider = null
	ssl.secure.random.implementation = null
	ssl.trustmanager.algorithm = PKIX
	ssl.truststore.certificates = null
	ssl.truststore.location = null
	ssl.truststore.password = null
	ssl.truststore.type = JKS
	transaction.timeout.ms = 60000
	transactional.id = null
	value.serializer = class io.apicurio.registry.serde.avro.AvroKafkaSerializer

2025-08-13 02:14:36,269 INFO  [org.apa.kaf.com.tel.int.KafkaMetricsCollector] (main) initializing Kafka metrics collector
2025-08-13 02:14:36,273 INFO  [org.apa.kaf.cli.pro.KafkaProducer] (main) [Producer clientId=Producer-topic-b35525f2_3fcb_4040_94cf_87f9cd6d2586] Instantiated an idempotent producer.
2025-08-13 02:14:36,275 INFO  [org.apa.kaf.cli.pro.ProducerConfig] (main) These configurations '[apicurio.registry.url, apicurio.registry.artifact-resolver-strategy]' were supplied but are not used yet.
2025-08-13 02:14:36,275 INFO  [org.apa.kaf.com.uti.AppInfoParser] (main) Kafka version: 3.9.1
2025-08-13 02:14:36,275 INFO  [org.apa.kaf.com.uti.AppInfoParser] (main) Kafka commitId: f745dfdcee2b9851
2025-08-13 02:14:36,275 INFO  [org.apa.kaf.com.uti.AppInfoParser] (main) Kafka startTimeMs: 1755051276275
2025-08-13 02:14:36,276 INFO  [io.api.tes.ser.api.KafkaSerdesTester] (Thread-679) Sending message {"key11755051270298": "value-0"} to topic topic-b35525f2_3fcb_4040_94cf_87f9cd6d2586
2025-08-13 02:14:36,279 INFO  [org.apa.kaf.cli.Metadata] (kafka-producer-network-thread | Producer-topic-b35525f2_3fcb_4040_94cf_87f9cd6d2586) [Producer clientId=Producer-topic-b35525f2_3fcb_4040_94cf_87f9cd6d2586] Cluster ID: KRqqH0pCSh6FBkmoZ2CGGg
2025-08-13 02:14:36,279 INFO  [org.apa.kaf.cli.pro.int.TransactionManager] (kafka-producer-network-thread | Producer-topic-b35525f2_3fcb_4040_94cf_87f9cd6d2586) [Producer clientId=Producer-topic-b35525f2_3fcb_4040_94cf_87f9cd6d2586] ProducerId set to 14 with epoch 0
2025-08-13 02:14:36,279 INFO  [DefaultSchemaResolver] (Thread-679) Retrieving schema content using string: {"type":"record","name":"s67359d2ax413bx4d63x8cc3xa88eb58e47a5","namespace":"ns_260f0771_1294_43fe_8660_cae7ab69f85e","fields":[{"name":"key11755051270298","type":"string"}]}
2025-08-13 02:14:36,334 INFO  [io.api.tes.ser.api.KafkaSerdesTester] (Thread-679) Sending message {"key11755051270298": "value-1"} to topic topic-b35525f2_3fcb_4040_94cf_87f9cd6d2586
2025-08-13 02:14:36,336 INFO  [io.api.tes.ser.api.KafkaSerdesTester] (Thread-679) Sending message {"key11755051270298": "value-2"} to topic topic-b35525f2_3fcb_4040_94cf_87f9cd6d2586
2025-08-13 02:14:36,337 INFO  [io.api.tes.ser.api.KafkaSerdesTester] (Thread-679) Sending message {"key11755051270298": "value-3"} to topic topic-b35525f2_3fcb_4040_94cf_87f9cd6d2586
2025-08-13 02:14:36,339 INFO  [io.api.tes.ser.api.KafkaSerdesTester] (Thread-679) Sending message {"key11755051270298": "value-4"} to topic topic-b35525f2_3fcb_4040_94cf_87f9cd6d2586
2025-08-13 02:14:36,341 INFO  [io.api.tes.ser.api.KafkaSerdesTester] (Thread-679) Sending message {"key11755051270298": "value-5"} to topic topic-b35525f2_3fcb_4040_94cf_87f9cd6d2586
2025-08-13 02:14:36,342 INFO  [io.api.tes.ser.api.KafkaSerdesTester] (Thread-679) Sending message {"key11755051270298": "value-6"} to topic topic-b35525f2_3fcb_4040_94cf_87f9cd6d2586
2025-08-13 02:14:36,344 INFO  [io.api.tes.ser.api.KafkaSerdesTester] (Thread-679) Sending message {"key11755051270298": "value-7"} to topic topic-b35525f2_3fcb_4040_94cf_87f9cd6d2586
2025-08-13 02:14:36,346 INFO  [io.api.tes.ser.api.KafkaSerdesTester] (Thread-679) Sending message {"key11755051270298": "value-8"} to topic topic-b35525f2_3fcb_4040_94cf_87f9cd6d2586
2025-08-13 02:14:36,348 INFO  [io.api.tes.ser.api.KafkaSerdesTester] (Thread-679) Sending message {"key11755051270298": "value-9"} to topic topic-b35525f2_3fcb_4040_94cf_87f9cd6d2586
2025-08-13 02:14:36,349 INFO  [io.api.tes.ser.api.KafkaSerdesTester] (Thread-679) Produced 10 messages
2025-08-13 02:14:36,349 INFO  [org.apa.kaf.cli.pro.KafkaProducer] (Thread-679) [Producer clientId=Producer-topic-b35525f2_3fcb_4040_94cf_87f9cd6d2586] Closing the Kafka producer with timeoutMillis = 9223372036854775807 ms.
2025-08-13 02:14:36,353 INFO  [org.apa.kaf.com.met.Metrics] (Thread-679) Metrics scheduler closed
2025-08-13 02:14:36,353 INFO  [org.apa.kaf.com.met.Metrics] (Thread-679) Closing reporter org.apache.kafka.common.metrics.JmxReporter
2025-08-13 02:14:36,353 INFO  [org.apa.kaf.com.met.Metrics] (Thread-679) Closing reporter org.apache.kafka.common.telemetry.internals.ClientTelemetryReporter
2025-08-13 02:14:36,353 INFO  [org.apa.kaf.com.met.Metrics] (Thread-679) Metrics reporters closed
2025-08-13 02:14:36,353 INFO  [org.apa.kaf.com.uti.AppInfoParser] (Thread-679) App info kafka.producer for Producer-topic-b35525f2_3fcb_4040_94cf_87f9cd6d2586 unregistered
**** Registry Base URL: http://registry-app-inmemory.apps.ci419.apicurio-testing.org:80
2025-08-13 02:14:36,354 INFO  [org.apa.kaf.cli.con.ConsumerConfig] (main) ConsumerConfig values: 
	allow.auto.create.topics = true
	auto.commit.interval.ms = 500
	auto.include.jmx.reporter = true
	auto.offset.reset = earliest
	bootstrap.servers = [PLAINTEXT://localhost:32769]
	check.crcs = true
	client.dns.lookup = use_all_dns_ips
	client.id = consumer-Consumer-topic-b35525f2_3fcb_4040_94cf_87f9cd6d2586-11
	client.rack = 
	connections.max.idle.ms = 10000
	default.api.timeout.ms = 60000
	enable.auto.commit = true
	enable.metrics.push = true
	exclude.internal.topics = true
	fetch.max.bytes = 52428800
	fetch.max.wait.ms = 500
	fetch.min.bytes = 1
	group.id = Consumer-topic-b35525f2_3fcb_4040_94cf_87f9cd6d2586
	group.instance.id = null
	group.protocol = classic
	group.remote.assignor = null
	heartbeat.interval.ms = 3000
	interceptor.classes = []
	internal.leave.group.on.close = true
	internal.throw.on.fetch.stable.offset.unsupported = false
	isolation.level = read_uncommitted
	key.deserializer = class org.apache.kafka.common.serialization.StringDeserializer
	max.partition.fetch.bytes = 1048576
	max.poll.interval.ms = 300000
	max.poll.records = 500
	metadata.max.age.ms = 300000
	metadata.recovery.strategy = none
	metric.reporters = []
	metrics.num.samples = 2
	metrics.recording.level = INFO
	metrics.sample.window.ms = 30000
	partition.assignment.strategy = [class org.apache.kafka.clients.consumer.RangeAssignor, class org.apache.kafka.clients.consumer.CooperativeStickyAssignor]
	receive.buffer.bytes = 65536
	reconnect.backoff.max.ms = 1000
	reconnect.backoff.ms = 50
	request.timeout.ms = 5000
	retry.backoff.max.ms = 1000
	retry.backoff.ms = 100
	sasl.client.callback.handler.class = null
	sasl.jaas.config = null
	sasl.kerberos.kinit.cmd = /usr/bin/kinit
	sasl.kerberos.min.time.before.relogin = 60000
	sasl.kerberos.service.name = null
	sasl.kerberos.ticket.renew.jitter = 0.05
	sasl.kerberos.ticket.renew.window.factor = 0.8
	sasl.login.callback.handler.class = null
	sasl.login.class = null
	sasl.login.connect.timeout.ms = null
	sasl.login.read.timeout.ms = null
	sasl.login.refresh.buffer.seconds = 300
	sasl.login.refresh.min.period.seconds = 60
	sasl.login.refresh.window.factor = 0.8
	sasl.login.refresh.window.jitter = 0.05
	sasl.login.retry.backoff.max.ms = 10000
	sasl.login.retry.backoff.ms = 100
	sasl.mechanism = GSSAPI
	sasl.oauthbearer.clock.skew.seconds = 30
	sasl.oauthbearer.expected.audience = null
	sasl.oauthbearer.expected.issuer = null
	sasl.oauthbearer.header.urlencode = false
	sasl.oauthbearer.jwks.endpoint.refresh.ms = 3600000
	sasl.oauthbearer.jwks.endpoint.retry.backoff.max.ms = 10000
	sasl.oauthbearer.jwks.endpoint.retry.backoff.ms = 100
	sasl.oauthbearer.jwks.endpoint.url = null
	sasl.oauthbearer.scope.claim.name = scope
	sasl.oauthbearer.sub.claim.name = sub
	sasl.oauthbearer.token.endpoint.url = null
	security.protocol = PLAINTEXT
	security.providers = null
	send.buffer.bytes = 131072
	session.timeout.ms = 45000
	socket.connection.setup.timeout.max.ms = 30000
	socket.connection.setup.timeout.ms = 10000
	ssl.cipher.suites = null
	ssl.enabled.protocols = [TLSv1.2, TLSv1.3]
	ssl.endpoint.identification.algorithm = https
	ssl.engine.factory.class = null
	ssl.key.password = null
	ssl.keymanager.algorithm = SunX509
	ssl.keystore.certificate.chain = null
	ssl.keystore.key = null
	ssl.keystore.location = null
	ssl.keystore.password = null
	ssl.keystore.type = JKS
	ssl.protocol = TLSv1.3
	ssl.provider = null
	ssl.secure.random.implementation = null
	ssl.trustmanager.algorithm = PKIX
	ssl.truststore.certificates = null
	ssl.truststore.location = null
	ssl.truststore.password = null
	ssl.truststore.type = JKS
	value.deserializer = class io.apicurio.registry.serde.avro.AvroKafkaDeserializer

2025-08-13 02:14:36,354 INFO  [org.apa.kaf.com.tel.int.KafkaMetricsCollector] (main) initializing Kafka metrics collector
2025-08-13 02:14:36,365 INFO  [org.apa.kaf.cli.con.ConsumerConfig] (main) These configurations '[apicurio.registry.url]' were supplied but are not used yet.
2025-08-13 02:14:36,365 INFO  [org.apa.kaf.com.uti.AppInfoParser] (main) Kafka version: 3.9.1
2025-08-13 02:14:36,365 INFO  [org.apa.kaf.com.uti.AppInfoParser] (main) Kafka commitId: f745dfdcee2b9851
2025-08-13 02:14:36,365 INFO  [org.apa.kaf.com.uti.AppInfoParser] (main) Kafka startTimeMs: 1755051276365
2025-08-13 02:14:36,365 INFO  [org.apa.kaf.cli.con.int.ClassicKafkaConsumer] (Thread-682) [Consumer clientId=consumer-Consumer-topic-b35525f2_3fcb_4040_94cf_87f9cd6d2586-11, groupId=Consumer-topic-b35525f2_3fcb_4040_94cf_87f9cd6d2586] Subscribed to topic(s): topic-b35525f2_3fcb_4040_94cf_87f9cd6d2586
2025-08-13 02:14:36,369 INFO  [org.apa.kaf.cli.Metadata] (Thread-682) [Consumer clientId=consumer-Consumer-topic-b35525f2_3fcb_4040_94cf_87f9cd6d2586-11, groupId=Consumer-topic-b35525f2_3fcb_4040_94cf_87f9cd6d2586] Cluster ID: KRqqH0pCSh6FBkmoZ2CGGg
2025-08-13 02:14:36,370 INFO  [org.apa.kaf.cli.con.int.ConsumerCoordinator] (Thread-682) [Consumer clientId=consumer-Consumer-topic-b35525f2_3fcb_4040_94cf_87f9cd6d2586-11, groupId=Consumer-topic-b35525f2_3fcb_4040_94cf_87f9cd6d2586] Discovered group coordinator localhost:32769 (id: 2147483647 rack: null)
2025-08-13 02:14:36,372 INFO  [org.apa.kaf.cli.con.int.ConsumerCoordinator] (Thread-682) [Consumer clientId=consumer-Consumer-topic-b35525f2_3fcb_4040_94cf_87f9cd6d2586-11, groupId=Consumer-topic-b35525f2_3fcb_4040_94cf_87f9cd6d2586] (Re-)joining group
2025-08-13 02:14:36,374 INFO  [org.apa.kaf.cli.con.int.ConsumerCoordinator] (Thread-682) [Consumer clientId=consumer-Consumer-topic-b35525f2_3fcb_4040_94cf_87f9cd6d2586-11, groupId=Consumer-topic-b35525f2_3fcb_4040_94cf_87f9cd6d2586] Request joining group due to: need to re-join with the given member-id: consumer-Consumer-topic-b35525f2_3fcb_4040_94cf_87f9cd6d2586-11-842fa489-1bfb-4c6f-83d1-489359f6dce2
2025-08-13 02:14:36,375 INFO  [org.apa.kaf.cli.con.int.ConsumerCoordinator] (Thread-682) [Consumer clientId=consumer-Consumer-topic-b35525f2_3fcb_4040_94cf_87f9cd6d2586-11, groupId=Consumer-topic-b35525f2_3fcb_4040_94cf_87f9cd6d2586] (Re-)joining group
2025-08-13 02:14:37,365 INFO  [io.api.tes.ser.api.KafkaSerdesTester] (Thread-682) None found
2025-08-13 02:14:38,365 INFO  [io.api.tes.ser.api.KafkaSerdesTester] (Thread-682) None found
2025-08-13 02:14:39,365 INFO  [io.api.tes.ser.api.KafkaSerdesTester] (Thread-682) None found
2025-08-13 02:14:39,376 INFO  [org.apa.kaf.cli.con.int.ConsumerCoordinator] (Thread-682) [Consumer clientId=consumer-Consumer-topic-b35525f2_3fcb_4040_94cf_87f9cd6d2586-11, groupId=Consumer-topic-b35525f2_3fcb_4040_94cf_87f9cd6d2586] Successfully joined group with generation Generation{generationId=3, memberId='consumer-Consumer-topic-b35525f2_3fcb_4040_94cf_87f9cd6d2586-11-842fa489-1bfb-4c6f-83d1-489359f6dce2', protocol='range'}
2025-08-13 02:14:39,377 INFO  [org.apa.kaf.cli.con.int.ConsumerCoordinator] (Thread-682) [Consumer clientId=consumer-Consumer-topic-b35525f2_3fcb_4040_94cf_87f9cd6d2586-11, groupId=Consumer-topic-b35525f2_3fcb_4040_94cf_87f9cd6d2586] Finished assignment for group at generation 3: {consumer-Consumer-topic-b35525f2_3fcb_4040_94cf_87f9cd6d2586-11-842fa489-1bfb-4c6f-83d1-489359f6dce2=Assignment(partitions=[topic-b35525f2_3fcb_4040_94cf_87f9cd6d2586-0])}
2025-08-13 02:14:39,383 INFO  [org.apa.kaf.cli.con.int.ConsumerCoordinator] (Thread-682) [Consumer clientId=consumer-Consumer-topic-b35525f2_3fcb_4040_94cf_87f9cd6d2586-11, groupId=Consumer-topic-b35525f2_3fcb_4040_94cf_87f9cd6d2586] Successfully synced group in generation Generation{generationId=3, memberId='consumer-Consumer-topic-b35525f2_3fcb_4040_94cf_87f9cd6d2586-11-842fa489-1bfb-4c6f-83d1-489359f6dce2', protocol='range'}
2025-08-13 02:14:39,384 INFO  [org.apa.kaf.cli.con.int.ConsumerCoordinator] (Thread-682) [Consumer clientId=consumer-Consumer-topic-b35525f2_3fcb_4040_94cf_87f9cd6d2586-11, groupId=Consumer-topic-b35525f2_3fcb_4040_94cf_87f9cd6d2586] Notifying assignor about the new Assignment(partitions=[topic-b35525f2_3fcb_4040_94cf_87f9cd6d2586-0])
2025-08-13 02:14:39,384 INFO  [org.apa.kaf.cli.con.int.ConsumerRebalanceListenerInvoker] (Thread-682) [Consumer clientId=consumer-Consumer-topic-b35525f2_3fcb_4040_94cf_87f9cd6d2586-11, groupId=Consumer-topic-b35525f2_3fcb_4040_94cf_87f9cd6d2586] Adding newly assigned partitions: topic-b35525f2_3fcb_4040_94cf_87f9cd6d2586-0
2025-08-13 02:14:39,385 INFO  [org.apa.kaf.cli.con.int.ConsumerUtils] (Thread-682) Setting offset for partition topic-b35525f2_3fcb_4040_94cf_87f9cd6d2586-0 to the committed offset FetchPosition{offset=10, offsetEpoch=Optional[0], currentLeader=LeaderAndEpoch{leader=Optional[localhost:32769 (id: 0 rack: null)], epoch=0}}
2025-08-13 02:14:39,523 INFO  [io.api.tes.ser.api.KafkaSerdesTester] (Thread-682) topic-b35525f2_3fcb_4040_94cf_87f9cd6d2586 0 10 {"key11755051270298": "value-0", "key21755051275095": "value-0"}
2025-08-13 02:14:39,523 INFO  [io.api.tes.ser.api.KafkaSerdesTester] (Thread-682) topic-b35525f2_3fcb_4040_94cf_87f9cd6d2586 0 11 {"key11755051270298": "value-1", "key21755051275095": "value-1"}
2025-08-13 02:14:39,523 INFO  [io.api.tes.ser.api.KafkaSerdesTester] (Thread-682) topic-b35525f2_3fcb_4040_94cf_87f9cd6d2586 0 12 {"key11755051270298": "value-2", "key21755051275095": "value-2"}
2025-08-13 02:14:39,523 INFO  [io.api.tes.ser.api.KafkaSerdesTester] (Thread-682) topic-b35525f2_3fcb_4040_94cf_87f9cd6d2586 0 13 {"key11755051270298": "value-3", "key21755051275095": "value-3"}
2025-08-13 02:14:39,523 INFO  [io.api.tes.ser.api.KafkaSerdesTester] (Thread-682) topic-b35525f2_3fcb_4040_94cf_87f9cd6d2586 0 14 {"key11755051270298": "value-4", "key21755051275095": "value-4"}
2025-08-13 02:14:39,523 INFO  [io.api.tes.ser.api.KafkaSerdesTester] (Thread-682) topic-b35525f2_3fcb_4040_94cf_87f9cd6d2586 0 15 {"key11755051270298": "value-5", "key21755051275095": "value-5"}
2025-08-13 02:14:39,523 INFO  [io.api.tes.ser.api.KafkaSerdesTester] (Thread-682) topic-b35525f2_3fcb_4040_94cf_87f9cd6d2586 0 16 {"key11755051270298": "value-6", "key21755051275095": "value-6"}
2025-08-13 02:14:39,523 INFO  [io.api.tes.ser.api.KafkaSerdesTester] (Thread-682) topic-b35525f2_3fcb_4040_94cf_87f9cd6d2586 0 17 {"key11755051270298": "value-7", "key21755051275095": "value-7"}
2025-08-13 02:14:39,523 INFO  [io.api.tes.ser.api.KafkaSerdesTester] (Thread-682) topic-b35525f2_3fcb_4040_94cf_87f9cd6d2586 0 18 {"key11755051270298": "value-8", "key21755051275095": "value-8"}
2025-08-13 02:14:39,524 INFO  [io.api.tes.ser.api.KafkaSerdesTester] (Thread-682) topic-b35525f2_3fcb_4040_94cf_87f9cd6d2586 0 19 {"key11755051270298": "value-9", "key21755051275095": "value-9"}
2025-08-13 02:14:39,524 INFO  [io.api.tes.ser.api.KafkaSerdesTester] (Thread-682) topic-b35525f2_3fcb_4040_94cf_87f9cd6d2586 0 20 {"key11755051270298": "value-0"}
2025-08-13 02:14:39,524 INFO  [io.api.tes.ser.api.KafkaSerdesTester] (Thread-682) topic-b35525f2_3fcb_4040_94cf_87f9cd6d2586 0 21 {"key11755051270298": "value-1"}
2025-08-13 02:14:39,524 INFO  [io.api.tes.ser.api.KafkaSerdesTester] (Thread-682) topic-b35525f2_3fcb_4040_94cf_87f9cd6d2586 0 22 {"key11755051270298": "value-2"}
2025-08-13 02:14:39,524 INFO  [io.api.tes.ser.api.KafkaSerdesTester] (Thread-682) topic-b35525f2_3fcb_4040_94cf_87f9cd6d2586 0 23 {"key11755051270298": "value-3"}
2025-08-13 02:14:39,524 INFO  [io.api.tes.ser.api.KafkaSerdesTester] (Thread-682) topic-b35525f2_3fcb_4040_94cf_87f9cd6d2586 0 24 {"key11755051270298": "value-4"}
2025-08-13 02:14:39,524 INFO  [io.api.tes.ser.api.KafkaSerdesTester] (Thread-682) topic-b35525f2_3fcb_4040_94cf_87f9cd6d2586 0 25 {"key11755051270298": "value-5"}
2025-08-13 02:14:39,524 INFO  [io.api.tes.ser.api.KafkaSerdesTester] (Thread-682) topic-b35525f2_3fcb_4040_94cf_87f9cd6d2586 0 26 {"key11755051270298": "value-6"}
2025-08-13 02:14:39,524 INFO  [io.api.tes.ser.api.KafkaSerdesTester] (Thread-682) topic-b35525f2_3fcb_4040_94cf_87f9cd6d2586 0 27 {"key11755051270298": "value-7"}
2025-08-13 02:14:39,524 INFO  [io.api.tes.ser.api.KafkaSerdesTester] (Thread-682) topic-b35525f2_3fcb_4040_94cf_87f9cd6d2586 0 28 {"key11755051270298": "value-8"}
2025-08-13 02:14:39,524 INFO  [io.api.tes.ser.api.KafkaSerdesTester] (Thread-682) topic-b35525f2_3fcb_4040_94cf_87f9cd6d2586 0 29 {"key11755051270298": "value-9"}
2025-08-13 02:14:39,524 INFO  [io.api.tes.ser.api.KafkaSerdesTester] (Thread-682) Consumed 20 messages
2025-08-13 02:14:39,532 INFO  [org.apa.kaf.cli.con.int.ConsumerRebalanceListenerInvoker] (Thread-682) [Consumer clientId=consumer-Consumer-topic-b35525f2_3fcb_4040_94cf_87f9cd6d2586-11, groupId=Consumer-topic-b35525f2_3fcb_4040_94cf_87f9cd6d2586] Revoke previously assigned partitions topic-b35525f2_3fcb_4040_94cf_87f9cd6d2586-0
2025-08-13 02:14:39,532 INFO  [org.apa.kaf.cli.con.int.ConsumerCoordinator] (Thread-682) [Consumer clientId=consumer-Consumer-topic-b35525f2_3fcb_4040_94cf_87f9cd6d2586-11, groupId=Consumer-topic-b35525f2_3fcb_4040_94cf_87f9cd6d2586] Member consumer-Consumer-topic-b35525f2_3fcb_4040_94cf_87f9cd6d2586-11-842fa489-1bfb-4c6f-83d1-489359f6dce2 sending LeaveGroup request to coordinator localhost:32769 (id: 2147483647 rack: null) due to the consumer is being closed
2025-08-13 02:14:39,532 INFO  [org.apa.kaf.cli.con.int.ConsumerCoordinator] (Thread-682) [Consumer clientId=consumer-Consumer-topic-b35525f2_3fcb_4040_94cf_87f9cd6d2586-11, groupId=Consumer-topic-b35525f2_3fcb_4040_94cf_87f9cd6d2586] Resetting generation and member id due to: consumer pro-actively leaving the group
2025-08-13 02:14:39,532 INFO  [org.apa.kaf.cli.con.int.ConsumerCoordinator] (Thread-682) [Consumer clientId=consumer-Consumer-topic-b35525f2_3fcb_4040_94cf_87f9cd6d2586-11, groupId=Consumer-topic-b35525f2_3fcb_4040_94cf_87f9cd6d2586] Request joining group due to: consumer pro-actively leaving the group
2025-08-13 02:14:40,026 INFO  [org.apa.kaf.com.met.Metrics] (Thread-682) Metrics scheduler closed
2025-08-13 02:14:40,026 INFO  [org.apa.kaf.com.met.Metrics] (Thread-682) Closing reporter org.apache.kafka.common.metrics.JmxReporter
2025-08-13 02:14:40,026 INFO  [org.apa.kaf.com.met.Metrics] (Thread-682) Closing reporter org.apache.kafka.common.telemetry.internals.ClientTelemetryReporter
2025-08-13 02:14:40,026 INFO  [org.apa.kaf.com.met.Metrics] (Thread-682) Metrics reporters closed
2025-08-13 02:14:40,028 INFO  [org.apa.kaf.com.uti.AppInfoParser] (Thread-682) App info kafka.consumer for consumer-Consumer-topic-b35525f2_3fcb_4040_94cf_87f9cd6d2586-11 unregistered
2025-08-13 02:14:40,029 INFO  [io.api.tes.ser.api.AvroSerdeIT] (main) Registering Avro Schema 3: {"type":"record","name":"s67359d2ax413bx4d63x8cc3xa88eb58e47a5","namespace":"ns_260f0771_1294_43fe_8660_cae7ab69f85e","fields":[{"name":"key11755051270298","type":"string"},{"name":"key21755051275095","type":"string"},{"name":"key31755051280028","type":"string"}]}
**** Registry Base URL: http://registry-app-inmemory.apps.ci419.apicurio-testing.org:80
2025-08-13 02:14:41,088 INFO  [org.apa.kaf.cli.pro.ProducerConfig] (main) ProducerConfig values: 
	acks = -1
	auto.include.jmx.reporter = true
	batch.size = 16384
	bootstrap.servers = [PLAINTEXT://localhost:32769]
	buffer.memory = 33554432
	client.dns.lookup = use_all_dns_ips
	client.id = Producer-topic-b35525f2_3fcb_4040_94cf_87f9cd6d2586
	compression.gzip.level = -1
	compression.lz4.level = 9
	compression.type = none
	compression.zstd.level = 3
	connections.max.idle.ms = 10000
	delivery.timeout.ms = 120000
	enable.idempotence = true
	enable.metrics.push = true
	interceptor.classes = []
	key.serializer = class org.apache.kafka.common.serialization.StringSerializer
	linger.ms = 0
	max.block.ms = 60000
	max.in.flight.requests.per.connection = 5
	max.request.size = 1048576
	metadata.max.age.ms = 300000
	metadata.max.idle.ms = 300000
	metadata.recovery.strategy = none
	metric.reporters = []
	metrics.num.samples = 2
	metrics.recording.level = INFO
	metrics.sample.window.ms = 30000
	partitioner.adaptive.partitioning.enable = true
	partitioner.availability.timeout.ms = 0
	partitioner.class = null
	partitioner.ignore.keys = false
	receive.buffer.bytes = 32768
	reconnect.backoff.max.ms = 1000
	reconnect.backoff.ms = 50
	request.timeout.ms = 5000
	retries = 2147483647
	retry.backoff.max.ms = 1000
	retry.backoff.ms = 100
	sasl.client.callback.handler.class = null
	sasl.jaas.config = null
	sasl.kerberos.kinit.cmd = /usr/bin/kinit
	sasl.kerberos.min.time.before.relogin = 60000
	sasl.kerberos.service.name = null
	sasl.kerberos.ticket.renew.jitter = 0.05
	sasl.kerberos.ticket.renew.window.factor = 0.8
	sasl.login.callback.handler.class = null
	sasl.login.class = null
	sasl.login.connect.timeout.ms = null
	sasl.login.read.timeout.ms = null
	sasl.login.refresh.buffer.seconds = 300
	sasl.login.refresh.min.period.seconds = 60
	sasl.login.refresh.window.factor = 0.8
	sasl.login.refresh.window.jitter = 0.05
	sasl.login.retry.backoff.max.ms = 10000
	sasl.login.retry.backoff.ms = 100
	sasl.mechanism = GSSAPI
	sasl.oauthbearer.clock.skew.seconds = 30
	sasl.oauthbearer.expected.audience = null
	sasl.oauthbearer.expected.issuer = null
	sasl.oauthbearer.header.urlencode = false
	sasl.oauthbearer.jwks.endpoint.refresh.ms = 3600000
	sasl.oauthbearer.jwks.endpoint.retry.backoff.max.ms = 10000
	sasl.oauthbearer.jwks.endpoint.retry.backoff.ms = 100
	sasl.oauthbearer.jwks.endpoint.url = null
	sasl.oauthbearer.scope.claim.name = scope
	sasl.oauthbearer.sub.claim.name = sub
	sasl.oauthbearer.token.endpoint.url = null
	security.protocol = PLAINTEXT
	security.providers = null
	send.buffer.bytes = 131072
	socket.connection.setup.timeout.max.ms = 30000
	socket.connection.setup.timeout.ms = 10000
	ssl.cipher.suites = null
	ssl.enabled.protocols = [TLSv1.2, TLSv1.3]
	ssl.endpoint.identification.algorithm = https
	ssl.engine.factory.class = null
	ssl.key.password = null
	ssl.keymanager.algorithm = SunX509
	ssl.keystore.certificate.chain = null
	ssl.keystore.key = null
	ssl.keystore.location = null
	ssl.keystore.password = null
	ssl.keystore.type = JKS
	ssl.protocol = TLSv1.3
	ssl.provider = null
	ssl.secure.random.implementation = null
	ssl.trustmanager.algorithm = PKIX
	ssl.truststore.certificates = null
	ssl.truststore.location = null
	ssl.truststore.password = null
	ssl.truststore.type = JKS
	transaction.timeout.ms = 60000
	transactional.id = null
	value.serializer = class io.apicurio.registry.serde.avro.AvroKafkaSerializer

2025-08-13 02:14:41,089 INFO  [org.apa.kaf.com.tel.int.KafkaMetricsCollector] (main) initializing Kafka metrics collector
2025-08-13 02:14:41,093 INFO  [org.apa.kaf.cli.pro.KafkaProducer] (main) [Producer clientId=Producer-topic-b35525f2_3fcb_4040_94cf_87f9cd6d2586] Instantiated an idempotent producer.
2025-08-13 02:14:41,095 INFO  [org.apa.kaf.cli.pro.ProducerConfig] (main) These configurations '[apicurio.registry.url, apicurio.registry.artifact-resolver-strategy]' were supplied but are not used yet.
2025-08-13 02:14:41,095 INFO  [org.apa.kaf.com.uti.AppInfoParser] (main) Kafka version: 3.9.1
2025-08-13 02:14:41,095 INFO  [org.apa.kaf.com.uti.AppInfoParser] (main) Kafka commitId: f745dfdcee2b9851
2025-08-13 02:14:41,095 INFO  [org.apa.kaf.com.uti.AppInfoParser] (main) Kafka startTimeMs: 1755051281095
2025-08-13 02:14:41,096 INFO  [io.api.tes.ser.api.KafkaSerdesTester] (Thread-685) Sending message {"key11755051270298": "value-0", "key21755051275095": "value-0", "key31755051280028": "value-0"} to topic topic-b35525f2_3fcb_4040_94cf_87f9cd6d2586
2025-08-13 02:14:41,102 INFO  [org.apa.kaf.cli.Metadata] (kafka-producer-network-thread | Producer-topic-b35525f2_3fcb_4040_94cf_87f9cd6d2586) [Producer clientId=Producer-topic-b35525f2_3fcb_4040_94cf_87f9cd6d2586] Cluster ID: KRqqH0pCSh6FBkmoZ2CGGg
2025-08-13 02:14:41,102 INFO  [org.apa.kaf.cli.pro.int.TransactionManager] (kafka-producer-network-thread | Producer-topic-b35525f2_3fcb_4040_94cf_87f9cd6d2586) [Producer clientId=Producer-topic-b35525f2_3fcb_4040_94cf_87f9cd6d2586] ProducerId set to 15 with epoch 0
2025-08-13 02:14:41,103 INFO  [DefaultSchemaResolver] (Thread-685) Retrieving schema content using string: {"type":"record","name":"s67359d2ax413bx4d63x8cc3xa88eb58e47a5","namespace":"ns_260f0771_1294_43fe_8660_cae7ab69f85e","fields":[{"name":"key11755051270298","type":"string"},{"name":"key21755051275095","type":"string"},{"name":"key31755051280028","type":"string"}]}
2025-08-13 02:14:41,169 INFO  [io.api.tes.ser.api.KafkaSerdesTester] (Thread-685) Sending message {"key11755051270298": "value-1", "key21755051275095": "value-1", "key31755051280028": "value-1"} to topic topic-b35525f2_3fcb_4040_94cf_87f9cd6d2586
2025-08-13 02:14:41,171 INFO  [io.api.tes.ser.api.KafkaSerdesTester] (Thread-685) Sending message {"key11755051270298": "value-2", "key21755051275095": "value-2", "key31755051280028": "value-2"} to topic topic-b35525f2_3fcb_4040_94cf_87f9cd6d2586
2025-08-13 02:14:41,172 INFO  [io.api.tes.ser.api.KafkaSerdesTester] (Thread-685) Sending message {"key11755051270298": "value-3", "key21755051275095": "value-3", "key31755051280028": "value-3"} to topic topic-b35525f2_3fcb_4040_94cf_87f9cd6d2586
2025-08-13 02:14:41,173 INFO  [io.api.tes.ser.api.KafkaSerdesTester] (Thread-685) Sending message {"key11755051270298": "value-4", "key21755051275095": "value-4", "key31755051280028": "value-4"} to topic topic-b35525f2_3fcb_4040_94cf_87f9cd6d2586
2025-08-13 02:14:41,175 INFO  [io.api.tes.ser.api.KafkaSerdesTester] (Thread-685) Sending message {"key11755051270298": "value-5", "key21755051275095": "value-5", "key31755051280028": "value-5"} to topic topic-b35525f2_3fcb_4040_94cf_87f9cd6d2586
2025-08-13 02:14:41,178 INFO  [io.api.tes.ser.api.KafkaSerdesTester] (Thread-685) Sending message {"key11755051270298": "value-6", "key21755051275095": "value-6", "key31755051280028": "value-6"} to topic topic-b35525f2_3fcb_4040_94cf_87f9cd6d2586
2025-08-13 02:14:41,179 INFO  [io.api.tes.ser.api.KafkaSerdesTester] (Thread-685) Sending message {"key11755051270298": "value-7", "key21755051275095": "value-7", "key31755051280028": "value-7"} to topic topic-b35525f2_3fcb_4040_94cf_87f9cd6d2586
2025-08-13 02:14:41,184 INFO  [io.api.tes.ser.api.KafkaSerdesTester] (Thread-685) Sending message {"key11755051270298": "value-8", "key21755051275095": "value-8", "key31755051280028": "value-8"} to topic topic-b35525f2_3fcb_4040_94cf_87f9cd6d2586
2025-08-13 02:14:41,198 INFO  [io.api.tes.ser.api.KafkaSerdesTester] (Thread-685) Sending message {"key11755051270298": "value-9", "key21755051275095": "value-9", "key31755051280028": "value-9"} to topic topic-b35525f2_3fcb_4040_94cf_87f9cd6d2586
2025-08-13 02:14:41,200 INFO  [io.api.tes.ser.api.KafkaSerdesTester] (Thread-685) Produced 10 messages
2025-08-13 02:14:41,200 INFO  [org.apa.kaf.cli.pro.KafkaProducer] (Thread-685) [Producer clientId=Producer-topic-b35525f2_3fcb_4040_94cf_87f9cd6d2586] Closing the Kafka producer with timeoutMillis = 9223372036854775807 ms.
2025-08-13 02:14:41,203 INFO  [org.apa.kaf.com.met.Metrics] (Thread-685) Metrics scheduler closed
2025-08-13 02:14:41,203 INFO  [org.apa.kaf.com.met.Metrics] (Thread-685) Closing reporter org.apache.kafka.common.metrics.JmxReporter
2025-08-13 02:14:41,203 INFO  [org.apa.kaf.com.met.Metrics] (Thread-685) Closing reporter org.apache.kafka.common.telemetry.internals.ClientTelemetryReporter
2025-08-13 02:14:41,203 INFO  [org.apa.kaf.com.met.Metrics] (Thread-685) Metrics reporters closed
2025-08-13 02:14:41,205 INFO  [org.apa.kaf.com.uti.AppInfoParser] (Thread-685) App info kafka.producer for Producer-topic-b35525f2_3fcb_4040_94cf_87f9cd6d2586 unregistered
**** Registry Base URL: http://registry-app-inmemory.apps.ci419.apicurio-testing.org:80
2025-08-13 02:14:41,206 INFO  [org.apa.kaf.cli.pro.ProducerConfig] (main) ProducerConfig values: 
	acks = -1
	auto.include.jmx.reporter = true
	batch.size = 16384
	bootstrap.servers = [PLAINTEXT://localhost:32769]
	buffer.memory = 33554432
	client.dns.lookup = use_all_dns_ips
	client.id = Producer-topic-b35525f2_3fcb_4040_94cf_87f9cd6d2586
	compression.gzip.level = -1
	compression.lz4.level = 9
	compression.type = none
	compression.zstd.level = 3
	connections.max.idle.ms = 10000
	delivery.timeout.ms = 120000
	enable.idempotence = true
	enable.metrics.push = true
	interceptor.classes = []
	key.serializer = class org.apache.kafka.common.serialization.StringSerializer
	linger.ms = 0
	max.block.ms = 60000
	max.in.flight.requests.per.connection = 5
	max.request.size = 1048576
	metadata.max.age.ms = 300000
	metadata.max.idle.ms = 300000
	metadata.recovery.strategy = none
	metric.reporters = []
	metrics.num.samples = 2
	metrics.recording.level = INFO
	metrics.sample.window.ms = 30000
	partitioner.adaptive.partitioning.enable = true
	partitioner.availability.timeout.ms = 0
	partitioner.class = null
	partitioner.ignore.keys = false
	receive.buffer.bytes = 32768
	reconnect.backoff.max.ms = 1000
	reconnect.backoff.ms = 50
	request.timeout.ms = 5000
	retries = 2147483647
	retry.backoff.max.ms = 1000
	retry.backoff.ms = 100
	sasl.client.callback.handler.class = null
	sasl.jaas.config = null
	sasl.kerberos.kinit.cmd = /usr/bin/kinit
	sasl.kerberos.min.time.before.relogin = 60000
	sasl.kerberos.service.name = null
	sasl.kerberos.ticket.renew.jitter = 0.05
	sasl.kerberos.ticket.renew.window.factor = 0.8
	sasl.login.callback.handler.class = null
	sasl.login.class = null
	sasl.login.connect.timeout.ms = null
	sasl.login.read.timeout.ms = null
	sasl.login.refresh.buffer.seconds = 300
	sasl.login.refresh.min.period.seconds = 60
	sasl.login.refresh.window.factor = 0.8
	sasl.login.refresh.window.jitter = 0.05
	sasl.login.retry.backoff.max.ms = 10000
	sasl.login.retry.backoff.ms = 100
	sasl.mechanism = GSSAPI
	sasl.oauthbearer.clock.skew.seconds = 30
	sasl.oauthbearer.expected.audience = null
	sasl.oauthbearer.expected.issuer = null
	sasl.oauthbearer.header.urlencode = false
	sasl.oauthbearer.jwks.endpoint.refresh.ms = 3600000
	sasl.oauthbearer.jwks.endpoint.retry.backoff.max.ms = 10000
	sasl.oauthbearer.jwks.endpoint.retry.backoff.ms = 100
	sasl.oauthbearer.jwks.endpoint.url = null
	sasl.oauthbearer.scope.claim.name = scope
	sasl.oauthbearer.sub.claim.name = sub
	sasl.oauthbearer.token.endpoint.url = null
	security.protocol = PLAINTEXT
	security.providers = null
	send.buffer.bytes = 131072
	socket.connection.setup.timeout.max.ms = 30000
	socket.connection.setup.timeout.ms = 10000
	ssl.cipher.suites = null
	ssl.enabled.protocols = [TLSv1.2, TLSv1.3]
	ssl.endpoint.identification.algorithm = https
	ssl.engine.factory.class = null
	ssl.key.password = null
	ssl.keymanager.algorithm = SunX509
	ssl.keystore.certificate.chain = null
	ssl.keystore.key = null
	ssl.keystore.location = null
	ssl.keystore.password = null
	ssl.keystore.type = JKS
	ssl.protocol = TLSv1.3
	ssl.provider = null
	ssl.secure.random.implementation = null
	ssl.trustmanager.algorithm = PKIX
	ssl.truststore.certificates = null
	ssl.truststore.location = null
	ssl.truststore.password = null
	ssl.truststore.type = JKS
	transaction.timeout.ms = 60000
	transactional.id = null
	value.serializer = class io.apicurio.registry.serde.avro.AvroKafkaSerializer

2025-08-13 02:14:41,206 INFO  [org.apa.kaf.com.tel.int.KafkaMetricsCollector] (main) initializing Kafka metrics collector
2025-08-13 02:14:41,213 INFO  [org.apa.kaf.cli.pro.KafkaProducer] (main) [Producer clientId=Producer-topic-b35525f2_3fcb_4040_94cf_87f9cd6d2586] Instantiated an idempotent producer.
2025-08-13 02:14:41,217 INFO  [org.apa.kaf.cli.pro.ProducerConfig] (main) These configurations '[apicurio.registry.url, apicurio.registry.artifact-resolver-strategy]' were supplied but are not used yet.
2025-08-13 02:14:41,217 INFO  [org.apa.kaf.com.uti.AppInfoParser] (main) Kafka version: 3.9.1
2025-08-13 02:14:41,217 INFO  [org.apa.kaf.com.uti.AppInfoParser] (main) Kafka commitId: f745dfdcee2b9851
2025-08-13 02:14:41,217 INFO  [org.apa.kaf.com.uti.AppInfoParser] (main) Kafka startTimeMs: 1755051281217
2025-08-13 02:14:41,219 INFO  [io.api.tes.ser.api.KafkaSerdesTester] (Thread-688) Sending message {"key11755051270298": "value-0", "key21755051275095": "value-0"} to topic topic-b35525f2_3fcb_4040_94cf_87f9cd6d2586
2025-08-13 02:14:41,222 INFO  [org.apa.kaf.cli.Metadata] (kafka-producer-network-thread | Producer-topic-b35525f2_3fcb_4040_94cf_87f9cd6d2586) [Producer clientId=Producer-topic-b35525f2_3fcb_4040_94cf_87f9cd6d2586] Cluster ID: KRqqH0pCSh6FBkmoZ2CGGg
2025-08-13 02:14:41,222 INFO  [DefaultSchemaResolver] (Thread-688) Retrieving schema content using string: {"type":"record","name":"s67359d2ax413bx4d63x8cc3xa88eb58e47a5","namespace":"ns_260f0771_1294_43fe_8660_cae7ab69f85e","fields":[{"name":"key11755051270298","type":"string"},{"name":"key21755051275095","type":"string"}]}
2025-08-13 02:14:41,223 INFO  [org.apa.kaf.cli.pro.int.TransactionManager] (kafka-producer-network-thread | Producer-topic-b35525f2_3fcb_4040_94cf_87f9cd6d2586) [Producer clientId=Producer-topic-b35525f2_3fcb_4040_94cf_87f9cd6d2586] ProducerId set to 16 with epoch 0
2025-08-13 02:14:41,282 INFO  [io.api.tes.ser.api.KafkaSerdesTester] (Thread-688) Sending message {"key11755051270298": "value-1", "key21755051275095": "value-1"} to topic topic-b35525f2_3fcb_4040_94cf_87f9cd6d2586
2025-08-13 02:14:41,284 INFO  [io.api.tes.ser.api.KafkaSerdesTester] (Thread-688) Sending message {"key11755051270298": "value-2", "key21755051275095": "value-2"} to topic topic-b35525f2_3fcb_4040_94cf_87f9cd6d2586
2025-08-13 02:14:41,286 INFO  [io.api.tes.ser.api.KafkaSerdesTester] (Thread-688) Sending message {"key11755051270298": "value-3", "key21755051275095": "value-3"} to topic topic-b35525f2_3fcb_4040_94cf_87f9cd6d2586
2025-08-13 02:14:41,287 INFO  [io.api.tes.ser.api.KafkaSerdesTester] (Thread-688) Sending message {"key11755051270298": "value-4", "key21755051275095": "value-4"} to topic topic-b35525f2_3fcb_4040_94cf_87f9cd6d2586
2025-08-13 02:14:41,289 INFO  [io.api.tes.ser.api.KafkaSerdesTester] (Thread-688) Sending message {"key11755051270298": "value-5", "key21755051275095": "value-5"} to topic topic-b35525f2_3fcb_4040_94cf_87f9cd6d2586
2025-08-13 02:14:41,290 INFO  [io.api.tes.ser.api.KafkaSerdesTester] (Thread-688) Sending message {"key11755051270298": "value-6", "key21755051275095": "value-6"} to topic topic-b35525f2_3fcb_4040_94cf_87f9cd6d2586
2025-08-13 02:14:41,292 INFO  [io.api.tes.ser.api.KafkaSerdesTester] (Thread-688) Sending message {"key11755051270298": "value-7", "key21755051275095": "value-7"} to topic topic-b35525f2_3fcb_4040_94cf_87f9cd6d2586
2025-08-13 02:14:41,294 INFO  [io.api.tes.ser.api.KafkaSerdesTester] (Thread-688) Sending message {"key11755051270298": "value-8", "key21755051275095": "value-8"} to topic topic-b35525f2_3fcb_4040_94cf_87f9cd6d2586
2025-08-13 02:14:41,296 INFO  [io.api.tes.ser.api.KafkaSerdesTester] (Thread-688) Sending message {"key11755051270298": "value-9", "key21755051275095": "value-9"} to topic topic-b35525f2_3fcb_4040_94cf_87f9cd6d2586
2025-08-13 02:14:41,297 INFO  [io.api.tes.ser.api.KafkaSerdesTester] (Thread-688) Produced 10 messages
2025-08-13 02:14:41,298 INFO  [org.apa.kaf.cli.pro.KafkaProducer] (Thread-688) [Producer clientId=Producer-topic-b35525f2_3fcb_4040_94cf_87f9cd6d2586] Closing the Kafka producer with timeoutMillis = 9223372036854775807 ms.
2025-08-13 02:14:41,300 INFO  [org.apa.kaf.com.met.Metrics] (Thread-688) Metrics scheduler closed
2025-08-13 02:14:41,300 INFO  [org.apa.kaf.com.met.Metrics] (Thread-688) Closing reporter org.apache.kafka.common.metrics.JmxReporter
2025-08-13 02:14:41,300 INFO  [org.apa.kaf.com.met.Metrics] (Thread-688) Closing reporter org.apache.kafka.common.telemetry.internals.ClientTelemetryReporter
2025-08-13 02:14:41,300 INFO  [org.apa.kaf.com.met.Metrics] (Thread-688) Metrics reporters closed
2025-08-13 02:14:41,301 INFO  [org.apa.kaf.com.uti.AppInfoParser] (Thread-688) App info kafka.producer for Producer-topic-b35525f2_3fcb_4040_94cf_87f9cd6d2586 unregistered
**** Registry Base URL: http://registry-app-inmemory.apps.ci419.apicurio-testing.org:80
2025-08-13 02:14:41,302 INFO  [org.apa.kaf.cli.pro.ProducerConfig] (main) ProducerConfig values: 
	acks = -1
	auto.include.jmx.reporter = true
	batch.size = 16384
	bootstrap.servers = [PLAINTEXT://localhost:32769]
	buffer.memory = 33554432
	client.dns.lookup = use_all_dns_ips
	client.id = Producer-topic-b35525f2_3fcb_4040_94cf_87f9cd6d2586
	compression.gzip.level = -1
	compression.lz4.level = 9
	compression.type = none
	compression.zstd.level = 3
	connections.max.idle.ms = 10000
	delivery.timeout.ms = 120000
	enable.idempotence = true
	enable.metrics.push = true
	interceptor.classes = []
	key.serializer = class org.apache.kafka.common.serialization.StringSerializer
	linger.ms = 0
	max.block.ms = 60000
	max.in.flight.requests.per.connection = 5
	max.request.size = 1048576
	metadata.max.age.ms = 300000
	metadata.max.idle.ms = 300000
	metadata.recovery.strategy = none
	metric.reporters = []
	metrics.num.samples = 2
	metrics.recording.level = INFO
	metrics.sample.window.ms = 30000
	partitioner.adaptive.partitioning.enable = true
	partitioner.availability.timeout.ms = 0
	partitioner.class = null
	partitioner.ignore.keys = false
	receive.buffer.bytes = 32768
	reconnect.backoff.max.ms = 1000
	reconnect.backoff.ms = 50
	request.timeout.ms = 5000
	retries = 2147483647
	retry.backoff.max.ms = 1000
	retry.backoff.ms = 100
	sasl.client.callback.handler.class = null
	sasl.jaas.config = null
	sasl.kerberos.kinit.cmd = /usr/bin/kinit
	sasl.kerberos.min.time.before.relogin = 60000
	sasl.kerberos.service.name = null
	sasl.kerberos.ticket.renew.jitter = 0.05
	sasl.kerberos.ticket.renew.window.factor = 0.8
	sasl.login.callback.handler.class = null
	sasl.login.class = null
	sasl.login.connect.timeout.ms = null
	sasl.login.read.timeout.ms = null
	sasl.login.refresh.buffer.seconds = 300
	sasl.login.refresh.min.period.seconds = 60
	sasl.login.refresh.window.factor = 0.8
	sasl.login.refresh.window.jitter = 0.05
	sasl.login.retry.backoff.max.ms = 10000
	sasl.login.retry.backoff.ms = 100
	sasl.mechanism = GSSAPI
	sasl.oauthbearer.clock.skew.seconds = 30
	sasl.oauthbearer.expected.audience = null
	sasl.oauthbearer.expected.issuer = null
	sasl.oauthbearer.header.urlencode = false
	sasl.oauthbearer.jwks.endpoint.refresh.ms = 3600000
	sasl.oauthbearer.jwks.endpoint.retry.backoff.max.ms = 10000
	sasl.oauthbearer.jwks.endpoint.retry.backoff.ms = 100
	sasl.oauthbearer.jwks.endpoint.url = null
	sasl.oauthbearer.scope.claim.name = scope
	sasl.oauthbearer.sub.claim.name = sub
	sasl.oauthbearer.token.endpoint.url = null
	security.protocol = PLAINTEXT
	security.providers = null
	send.buffer.bytes = 131072
	socket.connection.setup.timeout.max.ms = 30000
	socket.connection.setup.timeout.ms = 10000
	ssl.cipher.suites = null
	ssl.enabled.protocols = [TLSv1.2, TLSv1.3]
	ssl.endpoint.identification.algorithm = https
	ssl.engine.factory.class = null
	ssl.key.password = null
	ssl.keymanager.algorithm = SunX509
	ssl.keystore.certificate.chain = null
	ssl.keystore.key = null
	ssl.keystore.location = null
	ssl.keystore.password = null
	ssl.keystore.type = JKS
	ssl.protocol = TLSv1.3
	ssl.provider = null
	ssl.secure.random.implementation = null
	ssl.trustmanager.algorithm = PKIX
	ssl.truststore.certificates = null
	ssl.truststore.location = null
	ssl.truststore.password = null
	ssl.truststore.type = JKS
	transaction.timeout.ms = 60000
	transactional.id = null
	value.serializer = class io.apicurio.registry.serde.avro.AvroKafkaSerializer

2025-08-13 02:14:41,302 INFO  [org.apa.kaf.com.tel.int.KafkaMetricsCollector] (main) initializing Kafka metrics collector
2025-08-13 02:14:41,308 INFO  [org.apa.kaf.cli.pro.KafkaProducer] (main) [Producer clientId=Producer-topic-b35525f2_3fcb_4040_94cf_87f9cd6d2586] Instantiated an idempotent producer.
2025-08-13 02:14:41,311 INFO  [org.apa.kaf.cli.pro.ProducerConfig] (main) These configurations '[apicurio.registry.url, apicurio.registry.artifact-resolver-strategy]' were supplied but are not used yet.
2025-08-13 02:14:41,312 INFO  [org.apa.kaf.com.uti.AppInfoParser] (main) Kafka version: 3.9.1
2025-08-13 02:14:41,312 INFO  [org.apa.kaf.com.uti.AppInfoParser] (main) Kafka commitId: f745dfdcee2b9851
2025-08-13 02:14:41,312 INFO  [org.apa.kaf.com.uti.AppInfoParser] (main) Kafka startTimeMs: 1755051281312
2025-08-13 02:14:41,313 INFO  [io.api.tes.ser.api.KafkaSerdesTester] (Thread-691) Sending message {"key11755051270298": "value-0"} to topic topic-b35525f2_3fcb_4040_94cf_87f9cd6d2586
2025-08-13 02:14:41,316 INFO  [org.apa.kaf.cli.Metadata] (kafka-producer-network-thread | Producer-topic-b35525f2_3fcb_4040_94cf_87f9cd6d2586) [Producer clientId=Producer-topic-b35525f2_3fcb_4040_94cf_87f9cd6d2586] Cluster ID: KRqqH0pCSh6FBkmoZ2CGGg
2025-08-13 02:14:41,317 INFO  [DefaultSchemaResolver] (Thread-691) Retrieving schema content using string: {"type":"record","name":"s67359d2ax413bx4d63x8cc3xa88eb58e47a5","namespace":"ns_260f0771_1294_43fe_8660_cae7ab69f85e","fields":[{"name":"key11755051270298","type":"string"}]}
2025-08-13 02:14:41,317 INFO  [org.apa.kaf.cli.pro.int.TransactionManager] (kafka-producer-network-thread | Producer-topic-b35525f2_3fcb_4040_94cf_87f9cd6d2586) [Producer clientId=Producer-topic-b35525f2_3fcb_4040_94cf_87f9cd6d2586] ProducerId set to 17 with epoch 0
2025-08-13 02:14:41,374 INFO  [io.api.tes.ser.api.KafkaSerdesTester] (Thread-691) Sending message {"key11755051270298": "value-1"} to topic topic-b35525f2_3fcb_4040_94cf_87f9cd6d2586
2025-08-13 02:14:41,379 INFO  [io.api.tes.ser.api.KafkaSerdesTester] (Thread-691) Sending message {"key11755051270298": "value-2"} to topic topic-b35525f2_3fcb_4040_94cf_87f9cd6d2586
2025-08-13 02:14:41,382 INFO  [io.api.tes.ser.api.KafkaSerdesTester] (Thread-691) Sending message {"key11755051270298": "value-3"} to topic topic-b35525f2_3fcb_4040_94cf_87f9cd6d2586
2025-08-13 02:14:41,384 INFO  [io.api.tes.ser.api.KafkaSerdesTester] (Thread-691) Sending message {"key11755051270298": "value-4"} to topic topic-b35525f2_3fcb_4040_94cf_87f9cd6d2586
2025-08-13 02:14:41,386 INFO  [io.api.tes.ser.api.KafkaSerdesTester] (Thread-691) Sending message {"key11755051270298": "value-5"} to topic topic-b35525f2_3fcb_4040_94cf_87f9cd6d2586
2025-08-13 02:14:41,389 INFO  [io.api.tes.ser.api.KafkaSerdesTester] (Thread-691) Sending message {"key11755051270298": "value-6"} to topic topic-b35525f2_3fcb_4040_94cf_87f9cd6d2586
2025-08-13 02:14:41,390 INFO  [io.api.tes.ser.api.KafkaSerdesTester] (Thread-691) Sending message {"key11755051270298": "value-7"} to topic topic-b35525f2_3fcb_4040_94cf_87f9cd6d2586
2025-08-13 02:14:41,395 INFO  [io.api.tes.ser.api.KafkaSerdesTester] (Thread-691) Sending message {"key11755051270298": "value-8"} to topic topic-b35525f2_3fcb_4040_94cf_87f9cd6d2586
2025-08-13 02:14:41,400 INFO  [io.api.tes.ser.api.KafkaSerdesTester] (Thread-691) Sending message {"key11755051270298": "value-9"} to topic topic-b35525f2_3fcb_4040_94cf_87f9cd6d2586
2025-08-13 02:14:41,403 INFO  [io.api.tes.ser.api.KafkaSerdesTester] (Thread-691) Produced 10 messages
2025-08-13 02:14:41,403 INFO  [org.apa.kaf.cli.pro.KafkaProducer] (Thread-691) [Producer clientId=Producer-topic-b35525f2_3fcb_4040_94cf_87f9cd6d2586] Closing the Kafka producer with timeoutMillis = 9223372036854775807 ms.
2025-08-13 02:14:41,406 INFO  [org.apa.kaf.com.met.Metrics] (Thread-691) Metrics scheduler closed
2025-08-13 02:14:41,406 INFO  [org.apa.kaf.com.met.Metrics] (Thread-691) Closing reporter org.apache.kafka.common.metrics.JmxReporter
2025-08-13 02:14:41,406 INFO  [org.apa.kaf.com.met.Metrics] (Thread-691) Closing reporter org.apache.kafka.common.telemetry.internals.ClientTelemetryReporter
2025-08-13 02:14:41,406 INFO  [org.apa.kaf.com.met.Metrics] (Thread-691) Metrics reporters closed
2025-08-13 02:14:41,407 INFO  [org.apa.kaf.com.uti.AppInfoParser] (Thread-691) App info kafka.producer for Producer-topic-b35525f2_3fcb_4040_94cf_87f9cd6d2586 unregistered
**** Registry Base URL: http://registry-app-inmemory.apps.ci419.apicurio-testing.org:80
2025-08-13 02:14:41,407 INFO  [org.apa.kaf.cli.con.ConsumerConfig] (main) ConsumerConfig values: 
	allow.auto.create.topics = true
	auto.commit.interval.ms = 500
	auto.include.jmx.reporter = true
	auto.offset.reset = earliest
	bootstrap.servers = [PLAINTEXT://localhost:32769]
	check.crcs = true
	client.dns.lookup = use_all_dns_ips
	client.id = consumer-Consumer-topic-b35525f2_3fcb_4040_94cf_87f9cd6d2586-12
	client.rack = 
	connections.max.idle.ms = 10000
	default.api.timeout.ms = 60000
	enable.auto.commit = true
	enable.metrics.push = true
	exclude.internal.topics = true
	fetch.max.bytes = 52428800
	fetch.max.wait.ms = 500
	fetch.min.bytes = 1
	group.id = Consumer-topic-b35525f2_3fcb_4040_94cf_87f9cd6d2586
	group.instance.id = null
	group.protocol = classic
	group.remote.assignor = null
	heartbeat.interval.ms = 3000
	interceptor.classes = []
	internal.leave.group.on.close = true
	internal.throw.on.fetch.stable.offset.unsupported = false
	isolation.level = read_uncommitted
	key.deserializer = class org.apache.kafka.common.serialization.StringDeserializer
	max.partition.fetch.bytes = 1048576
	max.poll.interval.ms = 300000
	max.poll.records = 500
	metadata.max.age.ms = 300000
	metadata.recovery.strategy = none
	metric.reporters = []
	metrics.num.samples = 2
	metrics.recording.level = INFO
	metrics.sample.window.ms = 30000
	partition.assignment.strategy = [class org.apache.kafka.clients.consumer.RangeAssignor, class org.apache.kafka.clients.consumer.CooperativeStickyAssignor]
	receive.buffer.bytes = 65536
	reconnect.backoff.max.ms = 1000
	reconnect.backoff.ms = 50
	request.timeout.ms = 5000
	retry.backoff.max.ms = 1000
	retry.backoff.ms = 100
	sasl.client.callback.handler.class = null
	sasl.jaas.config = null
	sasl.kerberos.kinit.cmd = /usr/bin/kinit
	sasl.kerberos.min.time.before.relogin = 60000
	sasl.kerberos.service.name = null
	sasl.kerberos.ticket.renew.jitter = 0.05
	sasl.kerberos.ticket.renew.window.factor = 0.8
	sasl.login.callback.handler.class = null
	sasl.login.class = null
	sasl.login.connect.timeout.ms = null
	sasl.login.read.timeout.ms = null
	sasl.login.refresh.buffer.seconds = 300
	sasl.login.refresh.min.period.seconds = 60
	sasl.login.refresh.window.factor = 0.8
	sasl.login.refresh.window.jitter = 0.05
	sasl.login.retry.backoff.max.ms = 10000
	sasl.login.retry.backoff.ms = 100
	sasl.mechanism = GSSAPI
	sasl.oauthbearer.clock.skew.seconds = 30
	sasl.oauthbearer.expected.audience = null
	sasl.oauthbearer.expected.issuer = null
	sasl.oauthbearer.header.urlencode = false
	sasl.oauthbearer.jwks.endpoint.refresh.ms = 3600000
	sasl.oauthbearer.jwks.endpoint.retry.backoff.max.ms = 10000
	sasl.oauthbearer.jwks.endpoint.retry.backoff.ms = 100
	sasl.oauthbearer.jwks.endpoint.url = null
	sasl.oauthbearer.scope.claim.name = scope
	sasl.oauthbearer.sub.claim.name = sub
	sasl.oauthbearer.token.endpoint.url = null
	security.protocol = PLAINTEXT
	security.providers = null
	send.buffer.bytes = 131072
	session.timeout.ms = 45000
	socket.connection.setup.timeout.max.ms = 30000
	socket.connection.setup.timeout.ms = 10000
	ssl.cipher.suites = null
	ssl.enabled.protocols = [TLSv1.2, TLSv1.3]
	ssl.endpoint.identification.algorithm = https
	ssl.engine.factory.class = null
	ssl.key.password = null
	ssl.keymanager.algorithm = SunX509
	ssl.keystore.certificate.chain = null
	ssl.keystore.key = null
	ssl.keystore.location = null
	ssl.keystore.password = null
	ssl.keystore.type = JKS
	ssl.protocol = TLSv1.3
	ssl.provider = null
	ssl.secure.random.implementation = null
	ssl.trustmanager.algorithm = PKIX
	ssl.truststore.certificates = null
	ssl.truststore.location = null
	ssl.truststore.password = null
	ssl.truststore.type = JKS
	value.deserializer = class io.apicurio.registry.serde.avro.AvroKafkaDeserializer

2025-08-13 02:14:41,408 INFO  [org.apa.kaf.com.tel.int.KafkaMetricsCollector] (main) initializing Kafka metrics collector
2025-08-13 02:14:41,416 INFO  [org.apa.kaf.cli.con.ConsumerConfig] (main) These configurations '[apicurio.registry.url]' were supplied but are not used yet.
2025-08-13 02:14:41,416 INFO  [org.apa.kaf.com.uti.AppInfoParser] (main) Kafka version: 3.9.1
2025-08-13 02:14:41,416 INFO  [org.apa.kaf.com.uti.AppInfoParser] (main) Kafka commitId: f745dfdcee2b9851
2025-08-13 02:14:41,416 INFO  [org.apa.kaf.com.uti.AppInfoParser] (main) Kafka startTimeMs: 1755051281416
2025-08-13 02:14:41,416 INFO  [org.apa.kaf.cli.con.int.ClassicKafkaConsumer] (Thread-694) [Consumer clientId=consumer-Consumer-topic-b35525f2_3fcb_4040_94cf_87f9cd6d2586-12, groupId=Consumer-topic-b35525f2_3fcb_4040_94cf_87f9cd6d2586] Subscribed to topic(s): topic-b35525f2_3fcb_4040_94cf_87f9cd6d2586
2025-08-13 02:14:41,424 INFO  [org.apa.kaf.cli.Metadata] (Thread-694) [Consumer clientId=consumer-Consumer-topic-b35525f2_3fcb_4040_94cf_87f9cd6d2586-12, groupId=Consumer-topic-b35525f2_3fcb_4040_94cf_87f9cd6d2586] Cluster ID: KRqqH0pCSh6FBkmoZ2CGGg
2025-08-13 02:14:41,425 INFO  [org.apa.kaf.cli.con.int.ConsumerCoordinator] (Thread-694) [Consumer clientId=consumer-Consumer-topic-b35525f2_3fcb_4040_94cf_87f9cd6d2586-12, groupId=Consumer-topic-b35525f2_3fcb_4040_94cf_87f9cd6d2586] Discovered group coordinator localhost:32769 (id: 2147483647 rack: null)
2025-08-13 02:14:41,427 INFO  [org.apa.kaf.cli.con.int.ConsumerCoordinator] (Thread-694) [Consumer clientId=consumer-Consumer-topic-b35525f2_3fcb_4040_94cf_87f9cd6d2586-12, groupId=Consumer-topic-b35525f2_3fcb_4040_94cf_87f9cd6d2586] (Re-)joining group
2025-08-13 02:14:41,429 INFO  [org.apa.kaf.cli.con.int.ConsumerCoordinator] (Thread-694) [Consumer clientId=consumer-Consumer-topic-b35525f2_3fcb_4040_94cf_87f9cd6d2586-12, groupId=Consumer-topic-b35525f2_3fcb_4040_94cf_87f9cd6d2586] Request joining group due to: need to re-join with the given member-id: consumer-Consumer-topic-b35525f2_3fcb_4040_94cf_87f9cd6d2586-12-31372675-9957-4d83-8343-957af00ce545
2025-08-13 02:14:41,429 INFO  [org.apa.kaf.cli.con.int.ConsumerCoordinator] (Thread-694) [Consumer clientId=consumer-Consumer-topic-b35525f2_3fcb_4040_94cf_87f9cd6d2586-12, groupId=Consumer-topic-b35525f2_3fcb_4040_94cf_87f9cd6d2586] (Re-)joining group
2025-08-13 02:14:42,417 INFO  [io.api.tes.ser.api.KafkaSerdesTester] (Thread-694) None found
2025-08-13 02:14:43,417 INFO  [io.api.tes.ser.api.KafkaSerdesTester] (Thread-694) None found
2025-08-13 02:14:44,417 INFO  [io.api.tes.ser.api.KafkaSerdesTester] (Thread-694) None found
2025-08-13 02:14:44,431 INFO  [org.apa.kaf.cli.con.int.ConsumerCoordinator] (Thread-694) [Consumer clientId=consumer-Consumer-topic-b35525f2_3fcb_4040_94cf_87f9cd6d2586-12, groupId=Consumer-topic-b35525f2_3fcb_4040_94cf_87f9cd6d2586] Successfully joined group with generation Generation{generationId=5, memberId='consumer-Consumer-topic-b35525f2_3fcb_4040_94cf_87f9cd6d2586-12-31372675-9957-4d83-8343-957af00ce545', protocol='range'}
2025-08-13 02:14:44,431 INFO  [org.apa.kaf.cli.con.int.ConsumerCoordinator] (Thread-694) [Consumer clientId=consumer-Consumer-topic-b35525f2_3fcb_4040_94cf_87f9cd6d2586-12, groupId=Consumer-topic-b35525f2_3fcb_4040_94cf_87f9cd6d2586] Finished assignment for group at generation 5: {consumer-Consumer-topic-b35525f2_3fcb_4040_94cf_87f9cd6d2586-12-31372675-9957-4d83-8343-957af00ce545=Assignment(partitions=[topic-b35525f2_3fcb_4040_94cf_87f9cd6d2586-0])}
2025-08-13 02:14:44,438 INFO  [org.apa.kaf.cli.con.int.ConsumerCoordinator] (Thread-694) [Consumer clientId=consumer-Consumer-topic-b35525f2_3fcb_4040_94cf_87f9cd6d2586-12, groupId=Consumer-topic-b35525f2_3fcb_4040_94cf_87f9cd6d2586] Successfully synced group in generation Generation{generationId=5, memberId='consumer-Consumer-topic-b35525f2_3fcb_4040_94cf_87f9cd6d2586-12-31372675-9957-4d83-8343-957af00ce545', protocol='range'}
2025-08-13 02:14:44,438 INFO  [org.apa.kaf.cli.con.int.ConsumerCoordinator] (Thread-694) [Consumer clientId=consumer-Consumer-topic-b35525f2_3fcb_4040_94cf_87f9cd6d2586-12, groupId=Consumer-topic-b35525f2_3fcb_4040_94cf_87f9cd6d2586] Notifying assignor about the new Assignment(partitions=[topic-b35525f2_3fcb_4040_94cf_87f9cd6d2586-0])
2025-08-13 02:14:44,438 INFO  [org.apa.kaf.cli.con.int.ConsumerRebalanceListenerInvoker] (Thread-694) [Consumer clientId=consumer-Consumer-topic-b35525f2_3fcb_4040_94cf_87f9cd6d2586-12, groupId=Consumer-topic-b35525f2_3fcb_4040_94cf_87f9cd6d2586] Adding newly assigned partitions: topic-b35525f2_3fcb_4040_94cf_87f9cd6d2586-0
2025-08-13 02:14:44,439 INFO  [org.apa.kaf.cli.con.int.ConsumerUtils] (Thread-694) Setting offset for partition topic-b35525f2_3fcb_4040_94cf_87f9cd6d2586-0 to the committed offset FetchPosition{offset=30, offsetEpoch=Optional[0], currentLeader=LeaderAndEpoch{leader=Optional[localhost:32769 (id: 0 rack: null)], epoch=0}}
2025-08-13 02:14:44,618 INFO  [io.api.tes.ser.api.KafkaSerdesTester] (Thread-694) topic-b35525f2_3fcb_4040_94cf_87f9cd6d2586 0 30 {"key11755051270298": "value-0", "key21755051275095": "value-0", "key31755051280028": "value-0"}
2025-08-13 02:14:44,618 INFO  [io.api.tes.ser.api.KafkaSerdesTester] (Thread-694) topic-b35525f2_3fcb_4040_94cf_87f9cd6d2586 0 31 {"key11755051270298": "value-1", "key21755051275095": "value-1", "key31755051280028": "value-1"}
2025-08-13 02:14:44,618 INFO  [io.api.tes.ser.api.KafkaSerdesTester] (Thread-694) topic-b35525f2_3fcb_4040_94cf_87f9cd6d2586 0 32 {"key11755051270298": "value-2", "key21755051275095": "value-2", "key31755051280028": "value-2"}
2025-08-13 02:14:44,618 INFO  [io.api.tes.ser.api.KafkaSerdesTester] (Thread-694) topic-b35525f2_3fcb_4040_94cf_87f9cd6d2586 0 33 {"key11755051270298": "value-3", "key21755051275095": "value-3", "key31755051280028": "value-3"}
2025-08-13 02:14:44,618 INFO  [io.api.tes.ser.api.KafkaSerdesTester] (Thread-694) topic-b35525f2_3fcb_4040_94cf_87f9cd6d2586 0 34 {"key11755051270298": "value-4", "key21755051275095": "value-4", "key31755051280028": "value-4"}
2025-08-13 02:14:44,618 INFO  [io.api.tes.ser.api.KafkaSerdesTester] (Thread-694) topic-b35525f2_3fcb_4040_94cf_87f9cd6d2586 0 35 {"key11755051270298": "value-5", "key21755051275095": "value-5", "key31755051280028": "value-5"}
2025-08-13 02:14:44,618 INFO  [io.api.tes.ser.api.KafkaSerdesTester] (Thread-694) topic-b35525f2_3fcb_4040_94cf_87f9cd6d2586 0 36 {"key11755051270298": "value-6", "key21755051275095": "value-6", "key31755051280028": "value-6"}
2025-08-13 02:14:44,618 INFO  [io.api.tes.ser.api.KafkaSerdesTester] (Thread-694) topic-b35525f2_3fcb_4040_94cf_87f9cd6d2586 0 37 {"key11755051270298": "value-7", "key21755051275095": "value-7", "key31755051280028": "value-7"}
2025-08-13 02:14:44,618 INFO  [io.api.tes.ser.api.KafkaSerdesTester] (Thread-694) topic-b35525f2_3fcb_4040_94cf_87f9cd6d2586 0 38 {"key11755051270298": "value-8", "key21755051275095": "value-8", "key31755051280028": "value-8"}
2025-08-13 02:14:44,618 INFO  [io.api.tes.ser.api.KafkaSerdesTester] (Thread-694) topic-b35525f2_3fcb_4040_94cf_87f9cd6d2586 0 39 {"key11755051270298": "value-9", "key21755051275095": "value-9", "key31755051280028": "value-9"}
2025-08-13 02:14:44,618 INFO  [io.api.tes.ser.api.KafkaSerdesTester] (Thread-694) topic-b35525f2_3fcb_4040_94cf_87f9cd6d2586 0 40 {"key11755051270298": "value-0", "key21755051275095": "value-0"}
2025-08-13 02:14:44,618 INFO  [io.api.tes.ser.api.KafkaSerdesTester] (Thread-694) topic-b35525f2_3fcb_4040_94cf_87f9cd6d2586 0 41 {"key11755051270298": "value-1", "key21755051275095": "value-1"}
2025-08-13 02:14:44,618 INFO  [io.api.tes.ser.api.KafkaSerdesTester] (Thread-694) topic-b35525f2_3fcb_4040_94cf_87f9cd6d2586 0 42 {"key11755051270298": "value-2", "key21755051275095": "value-2"}
2025-08-13 02:14:44,619 INFO  [io.api.tes.ser.api.KafkaSerdesTester] (Thread-694) topic-b35525f2_3fcb_4040_94cf_87f9cd6d2586 0 43 {"key11755051270298": "value-3", "key21755051275095": "value-3"}
2025-08-13 02:14:44,619 INFO  [io.api.tes.ser.api.KafkaSerdesTester] (Thread-694) topic-b35525f2_3fcb_4040_94cf_87f9cd6d2586 0 44 {"key11755051270298": "value-4", "key21755051275095": "value-4"}
2025-08-13 02:14:44,619 INFO  [io.api.tes.ser.api.KafkaSerdesTester] (Thread-694) topic-b35525f2_3fcb_4040_94cf_87f9cd6d2586 0 45 {"key11755051270298": "value-5", "key21755051275095": "value-5"}
2025-08-13 02:14:44,619 INFO  [io.api.tes.ser.api.KafkaSerdesTester] (Thread-694) topic-b35525f2_3fcb_4040_94cf_87f9cd6d2586 0 46 {"key11755051270298": "value-6", "key21755051275095": "value-6"}
2025-08-13 02:14:44,619 INFO  [io.api.tes.ser.api.KafkaSerdesTester] (Thread-694) topic-b35525f2_3fcb_4040_94cf_87f9cd6d2586 0 47 {"key11755051270298": "value-7", "key21755051275095": "value-7"}
2025-08-13 02:14:44,619 INFO  [io.api.tes.ser.api.KafkaSerdesTester] (Thread-694) topic-b35525f2_3fcb_4040_94cf_87f9cd6d2586 0 48 {"key11755051270298": "value-8", "key21755051275095": "value-8"}
2025-08-13 02:14:44,619 INFO  [io.api.tes.ser.api.KafkaSerdesTester] (Thread-694) topic-b35525f2_3fcb_4040_94cf_87f9cd6d2586 0 49 {"key11755051270298": "value-9", "key21755051275095": "value-9"}
2025-08-13 02:14:44,619 INFO  [io.api.tes.ser.api.KafkaSerdesTester] (Thread-694) topic-b35525f2_3fcb_4040_94cf_87f9cd6d2586 0 50 {"key11755051270298": "value-0"}
2025-08-13 02:14:44,619 INFO  [io.api.tes.ser.api.KafkaSerdesTester] (Thread-694) topic-b35525f2_3fcb_4040_94cf_87f9cd6d2586 0 51 {"key11755051270298": "value-1"}
2025-08-13 02:14:44,619 INFO  [io.api.tes.ser.api.KafkaSerdesTester] (Thread-694) topic-b35525f2_3fcb_4040_94cf_87f9cd6d2586 0 52 {"key11755051270298": "value-2"}
2025-08-13 02:14:44,619 INFO  [io.api.tes.ser.api.KafkaSerdesTester] (Thread-694) topic-b35525f2_3fcb_4040_94cf_87f9cd6d2586 0 53 {"key11755051270298": "value-3"}
2025-08-13 02:14:44,619 INFO  [io.api.tes.ser.api.KafkaSerdesTester] (Thread-694) topic-b35525f2_3fcb_4040_94cf_87f9cd6d2586 0 54 {"key11755051270298": "value-4"}
2025-08-13 02:14:44,619 INFO  [io.api.tes.ser.api.KafkaSerdesTester] (Thread-694) topic-b35525f2_3fcb_4040_94cf_87f9cd6d2586 0 55 {"key11755051270298": "value-5"}
2025-08-13 02:14:44,619 INFO  [io.api.tes.ser.api.KafkaSerdesTester] (Thread-694) topic-b35525f2_3fcb_4040_94cf_87f9cd6d2586 0 56 {"key11755051270298": "value-6"}
2025-08-13 02:14:44,619 INFO  [io.api.tes.ser.api.KafkaSerdesTester] (Thread-694) topic-b35525f2_3fcb_4040_94cf_87f9cd6d2586 0 57 {"key11755051270298": "value-7"}
2025-08-13 02:14:44,619 INFO  [io.api.tes.ser.api.KafkaSerdesTester] (Thread-694) topic-b35525f2_3fcb_4040_94cf_87f9cd6d2586 0 58 {"key11755051270298": "value-8"}
2025-08-13 02:14:44,619 INFO  [io.api.tes.ser.api.KafkaSerdesTester] (Thread-694) topic-b35525f2_3fcb_4040_94cf_87f9cd6d2586 0 59 {"key11755051270298": "value-9"}
2025-08-13 02:14:44,619 INFO  [io.api.tes.ser.api.KafkaSerdesTester] (Thread-694) Consumed 30 messages
2025-08-13 02:14:44,627 INFO  [org.apa.kaf.cli.con.int.ConsumerRebalanceListenerInvoker] (Thread-694) [Consumer clientId=consumer-Consumer-topic-b35525f2_3fcb_4040_94cf_87f9cd6d2586-12, groupId=Consumer-topic-b35525f2_3fcb_4040_94cf_87f9cd6d2586] Revoke previously assigned partitions topic-b35525f2_3fcb_4040_94cf_87f9cd6d2586-0
2025-08-13 02:14:44,627 INFO  [org.apa.kaf.cli.con.int.ConsumerCoordinator] (Thread-694) [Consumer clientId=consumer-Consumer-topic-b35525f2_3fcb_4040_94cf_87f9cd6d2586-12, groupId=Consumer-topic-b35525f2_3fcb_4040_94cf_87f9cd6d2586] Member consumer-Consumer-topic-b35525f2_3fcb_4040_94cf_87f9cd6d2586-12-31372675-9957-4d83-8343-957af00ce545 sending LeaveGroup request to coordinator localhost:32769 (id: 2147483647 rack: null) due to the consumer is being closed
2025-08-13 02:14:44,627 INFO  [org.apa.kaf.cli.con.int.ConsumerCoordinator] (Thread-694) [Consumer clientId=consumer-Consumer-topic-b35525f2_3fcb_4040_94cf_87f9cd6d2586-12, groupId=Consumer-topic-b35525f2_3fcb_4040_94cf_87f9cd6d2586] Resetting generation and member id due to: consumer pro-actively leaving the group
2025-08-13 02:14:44,627 INFO  [org.apa.kaf.cli.con.int.ConsumerCoordinator] (Thread-694) [Consumer clientId=consumer-Consumer-topic-b35525f2_3fcb_4040_94cf_87f9cd6d2586-12, groupId=Consumer-topic-b35525f2_3fcb_4040_94cf_87f9cd6d2586] Request joining group due to: consumer pro-actively leaving the group
2025-08-13 02:14:45,120 INFO  [org.apa.kaf.com.met.Metrics] (Thread-694) Metrics scheduler closed
2025-08-13 02:14:45,120 INFO  [org.apa.kaf.com.met.Metrics] (Thread-694) Closing reporter org.apache.kafka.common.metrics.JmxReporter
2025-08-13 02:14:45,120 INFO  [org.apa.kaf.com.met.Metrics] (Thread-694) Closing reporter org.apache.kafka.common.telemetry.internals.ClientTelemetryReporter
2025-08-13 02:14:45,120 INFO  [org.apa.kaf.com.met.Metrics] (Thread-694) Metrics reporters closed
2025-08-13 02:14:45,122 INFO  [org.apa.kaf.com.uti.AppInfoParser] (Thread-694) App info kafka.consumer for consumer-Consumer-topic-b35525f2_3fcb_4040_94cf_87f9cd6d2586-12 unregistered
2025-08-13 02:14:45,123 INFO  [org.apa.kaf.cli.pro.KafkaProducer] (main) [Producer clientId=Producer-topic-b35525f2_3fcb_4040_94cf_87f9cd6d2586] Closing the Kafka producer with timeoutMillis = 9223372036854775807 ms.
2025-08-13 02:14:45,123 INFO  [org.apa.kaf.com.met.Metrics] (main) Metrics scheduler closed
2025-08-13 02:14:45,123 INFO  [org.apa.kaf.com.met.Metrics] (main) Closing reporter org.apache.kafka.common.metrics.JmxReporter
2025-08-13 02:14:45,123 INFO  [org.apa.kaf.com.met.Metrics] (main) Closing reporter org.apache.kafka.common.telemetry.internals.ClientTelemetryReporter
2025-08-13 02:14:45,123 INFO  [org.apa.kaf.com.met.Metrics] (main) Metrics reporters closed
2025-08-13 02:14:45,123 INFO  [org.apa.kaf.com.uti.AppInfoParser] (main) App info kafka.producer for Producer-topic-b35525f2_3fcb_4040_94cf_87f9cd6d2586 unregistered
2025-08-13 02:14:45,123 INFO  [io.api.tes.uti.TestSeparator] (main) io.apicurio.tests.serdes.apicurio.AvroSerdeIT.testEvolveAvroApicurio-FINISHED
2025-08-13 02:14:45,123 INFO  [io.api.tes.uti.TestSeparator] (main) ############################################################################
Test passed: testEvolveAvroApicurio
]]></system-out>
  </testcase>
  <testcase name="testTopicRecordIdStrategydFindLatest" classname="io.apicurio.tests.serdes.apicurio.AvroSerdeIT" time="1.162">
    <error message="java.lang.RuntimeException: java.lang.RuntimeException: java.util.concurrent.ExecutionException: io.vertx.core.http.HttpClosedException: Connection was closed" type="java.util.concurrent.ExecutionException"><![CDATA[java.util.concurrent.ExecutionException: java.lang.RuntimeException: java.lang.RuntimeException: java.util.concurrent.ExecutionException: io.vertx.core.http.HttpClosedException: Connection was closed
	at java.base/java.util.concurrent.CompletableFuture.reportGet(CompletableFuture.java:396)
	at java.base/java.util.concurrent.CompletableFuture.get(CompletableFuture.java:2096)
	at io.apicurio.tests.serdes.apicurio.KafkaSerdesTester.produceMessages(KafkaSerdesTester.java:160)
	at io.apicurio.tests.serdes.apicurio.KafkaSerdesTester.produceMessages(KafkaSerdesTester.java:123)
	at io.apicurio.tests.serdes.apicurio.SimpleSerdesTesterBuilder$SimpleSerdesTester.test(SimpleSerdesTesterBuilder.java:139)
	at io.apicurio.tests.serdes.apicurio.AvroSerdeIT.testTopicRecordIdStrategydFindLatest(AvroSerdeIT.java:156)
	at java.base/java.lang.reflect.Method.invoke(Method.java:569)
	at java.base/java.util.ArrayList.forEach(ArrayList.java:1511)
	at java.base/java.util.ArrayList.forEach(ArrayList.java:1511)
Caused by: java.lang.RuntimeException: java.lang.RuntimeException: java.util.concurrent.ExecutionException: io.vertx.core.http.HttpClosedException: Connection was closed
	at io.apicurio.registry.resolver.cache.ERCache.retry(ERCache.java:242)
	at io.apicurio.registry.resolver.cache.ERCache.getValue(ERCache.java:173)
	at io.apicurio.registry.resolver.cache.ERCache.getByArtifactCoordinates(ERCache.java:158)
	at io.apicurio.registry.resolver.DefaultSchemaResolver.resolveSchemaByArtifactReferenceCached(DefaultSchemaResolver.java:338)
	at io.apicurio.registry.resolver.DefaultSchemaResolver.resolveSchemaByCoordinates(DefaultSchemaResolver.java:193)
	at io.apicurio.registry.resolver.DefaultSchemaResolver.getSchemaFromRegistry(DefaultSchemaResolver.java:130)
	at io.apicurio.registry.resolver.DefaultSchemaResolver.lambda$resolveSchema$0(DefaultSchemaResolver.java:84)
	at java.base/java.util.Optional.orElseGet(Optional.java:364)
	at io.apicurio.registry.resolver.DefaultSchemaResolver.resolveSchema(DefaultSchemaResolver.java:84)
	at io.apicurio.registry.serde.AbstractSerializer.serializeData(AbstractSerializer.java:62)
	at io.apicurio.registry.serde.KafkaSerializer.serialize(KafkaSerializer.java:77)
	at org.apache.kafka.clients.producer.KafkaProducer.doSend(KafkaProducer.java:1046)
	at org.apache.kafka.clients.producer.KafkaProducer.send(KafkaProducer.java:993)
	at org.apache.kafka.clients.producer.KafkaProducer.send(KafkaProducer.java:875)
	at io.apicurio.tests.serdes.apicurio.KafkaSerdesTester.lambda$produceMessages$3(KafkaSerdesTester.java:138)
	at java.base/java.util.concurrent.CompletableFuture$AsyncSupply.run(CompletableFuture.java:1768)
	at java.base/java.lang.Thread.run(Thread.java:840)
Caused by: java.lang.RuntimeException: java.util.concurrent.ExecutionException: io.vertx.core.http.HttpClosedException: Connection was closed
	at io.kiota.http.vertx.VertXRequestAdapter.getHttpResponseMessage(VertXRequestAdapter.java:437)
	at io.kiota.http.vertx.VertXRequestAdapter.sendCollection(VertXRequestAdapter.java:130)
	at io.apicurio.registry.rest.client.ids.globalids.item.references.ReferencesRequestBuilder.get(ReferencesRequestBuilder.java:55)
	at io.apicurio.registry.rest.client.ids.globalids.item.references.ReferencesRequestBuilder.get(ReferencesRequestBuilder.java:45)
	at io.apicurio.registry.resolver.client.RegistryClientFacadeImpl.getReferencesByGlobalId(RegistryClientFacadeImpl.java:66)
	at io.apicurio.registry.resolver.DefaultSchemaResolver.resolveByCoordinates(DefaultSchemaResolver.java:361)
	at io.apicurio.registry.resolver.DefaultSchemaResolver.lambda$resolveSchemaByArtifactReferenceCached$6(DefaultSchemaResolver.java:340)
	at io.apicurio.registry.resolver.cache.ERCache.lambda$getValue$0(ERCache.java:174)
	at io.apicurio.registry.resolver.cache.ERCache.retry(ERCache.java:227)
	... 16 more
Caused by: java.util.concurrent.ExecutionException: io.vertx.core.http.HttpClosedException: Connection was closed
	at java.base/java.util.concurrent.CompletableFuture.reportGet(CompletableFuture.java:396)
	at java.base/java.util.concurrent.CompletableFuture.get(CompletableFuture.java:2073)
	at io.kiota.http.vertx.VertXRequestAdapter.getHttpResponseMessage(VertXRequestAdapter.java:431)
	... 24 more
Caused by: io.vertx.core.http.HttpClosedException: Connection was closed
]]></error>
    <system-out><![CDATA[2025-08-13 02:14:45,125 INFO  [io.api.tes.uti.TestSeparator] (main) ############################################################################
2025-08-13 02:14:45,125 INFO  [io.api.tes.uti.TestSeparator] (main) io.apicurio.tests.serdes.apicurio.AvroSerdeIT.testTopicRecordIdStrategydFindLatest-STARTED
2025-08-13 02:14:45,126 INFO  [io.api.tes.ser.api.AvroSerdeIT] (main) Registering Avro Schema: {"type":"record","name":"s2cace6fex1056x446bxbcbcxe1f56a614830","namespace":"sd28b0e75x47a7x43f7xb45cx49b407f0205a","fields":[{"name":"key11755051285126","type":"string"}]}
**** Registry Base URL: http://registry-app-inmemory.apps.ci419.apicurio-testing.org:80
2025-08-13 02:14:46,187 INFO  [org.apa.kaf.cli.pro.ProducerConfig] (main) ProducerConfig values: 
	acks = -1
	auto.include.jmx.reporter = true
	batch.size = 16384
	bootstrap.servers = [PLAINTEXT://localhost:32769]
	buffer.memory = 33554432
	client.dns.lookup = use_all_dns_ips
	client.id = Producer-topic-9b7236a0_c0b2_4707_8cdd_0693f48befc1
	compression.gzip.level = -1
	compression.lz4.level = 9
	compression.type = none
	compression.zstd.level = 3
	connections.max.idle.ms = 10000
	delivery.timeout.ms = 120000
	enable.idempotence = true
	enable.metrics.push = true
	interceptor.classes = []
	key.serializer = class org.apache.kafka.common.serialization.StringSerializer
	linger.ms = 0
	max.block.ms = 60000
	max.in.flight.requests.per.connection = 5
	max.request.size = 1048576
	metadata.max.age.ms = 300000
	metadata.max.idle.ms = 300000
	metadata.recovery.strategy = none
	metric.reporters = []
	metrics.num.samples = 2
	metrics.recording.level = INFO
	metrics.sample.window.ms = 30000
	partitioner.adaptive.partitioning.enable = true
	partitioner.availability.timeout.ms = 0
	partitioner.class = null
	partitioner.ignore.keys = false
	receive.buffer.bytes = 32768
	reconnect.backoff.max.ms = 1000
	reconnect.backoff.ms = 50
	request.timeout.ms = 5000
	retries = 2147483647
	retry.backoff.max.ms = 1000
	retry.backoff.ms = 100
	sasl.client.callback.handler.class = null
	sasl.jaas.config = null
	sasl.kerberos.kinit.cmd = /usr/bin/kinit
	sasl.kerberos.min.time.before.relogin = 60000
	sasl.kerberos.service.name = null
	sasl.kerberos.ticket.renew.jitter = 0.05
	sasl.kerberos.ticket.renew.window.factor = 0.8
	sasl.login.callback.handler.class = null
	sasl.login.class = null
	sasl.login.connect.timeout.ms = null
	sasl.login.read.timeout.ms = null
	sasl.login.refresh.buffer.seconds = 300
	sasl.login.refresh.min.period.seconds = 60
	sasl.login.refresh.window.factor = 0.8
	sasl.login.refresh.window.jitter = 0.05
	sasl.login.retry.backoff.max.ms = 10000
	sasl.login.retry.backoff.ms = 100
	sasl.mechanism = GSSAPI
	sasl.oauthbearer.clock.skew.seconds = 30
	sasl.oauthbearer.expected.audience = null
	sasl.oauthbearer.expected.issuer = null
	sasl.oauthbearer.header.urlencode = false
	sasl.oauthbearer.jwks.endpoint.refresh.ms = 3600000
	sasl.oauthbearer.jwks.endpoint.retry.backoff.max.ms = 10000
	sasl.oauthbearer.jwks.endpoint.retry.backoff.ms = 100
	sasl.oauthbearer.jwks.endpoint.url = null
	sasl.oauthbearer.scope.claim.name = scope
	sasl.oauthbearer.sub.claim.name = sub
	sasl.oauthbearer.token.endpoint.url = null
	security.protocol = PLAINTEXT
	security.providers = null
	send.buffer.bytes = 131072
	socket.connection.setup.timeout.max.ms = 30000
	socket.connection.setup.timeout.ms = 10000
	ssl.cipher.suites = null
	ssl.enabled.protocols = [TLSv1.2, TLSv1.3]
	ssl.endpoint.identification.algorithm = https
	ssl.engine.factory.class = null
	ssl.key.password = null
	ssl.keymanager.algorithm = SunX509
	ssl.keystore.certificate.chain = null
	ssl.keystore.key = null
	ssl.keystore.location = null
	ssl.keystore.password = null
	ssl.keystore.type = JKS
	ssl.protocol = TLSv1.3
	ssl.provider = null
	ssl.secure.random.implementation = null
	ssl.trustmanager.algorithm = PKIX
	ssl.truststore.certificates = null
	ssl.truststore.location = null
	ssl.truststore.password = null
	ssl.truststore.type = JKS
	transaction.timeout.ms = 60000
	transactional.id = null
	value.serializer = class io.apicurio.registry.serde.avro.AvroKafkaSerializer

2025-08-13 02:14:46,187 INFO  [org.apa.kaf.com.tel.int.KafkaMetricsCollector] (main) initializing Kafka metrics collector
2025-08-13 02:14:46,190 INFO  [org.apa.kaf.cli.pro.KafkaProducer] (main) [Producer clientId=Producer-topic-9b7236a0_c0b2_4707_8cdd_0693f48befc1] Instantiated an idempotent producer.
2025-08-13 02:14:46,193 INFO  [org.apa.kaf.cli.pro.ProducerConfig] (main) These configurations '[apicurio.registry.find-latest, apicurio.registry.url, apicurio.registry.artifact-resolver-strategy]' were supplied but are not used yet.
2025-08-13 02:14:46,193 INFO  [org.apa.kaf.com.uti.AppInfoParser] (main) Kafka version: 3.9.1
2025-08-13 02:14:46,193 INFO  [org.apa.kaf.com.uti.AppInfoParser] (main) Kafka commitId: f745dfdcee2b9851
2025-08-13 02:14:46,193 INFO  [org.apa.kaf.com.uti.AppInfoParser] (main) Kafka startTimeMs: 1755051286193
2025-08-13 02:14:46,193 INFO  [io.api.tes.ser.api.SimpleSerdesTesterBuilder$SimpleSerdesTester] (main) Using producer configuration: {apicurio.registry.find-latest=true, apicurio.registry.url=http://registry-app-inmemory.apps.ci419.apicurio-testing.org:80/apis/registry/v3, apicurio.registry.artifact-resolver-strategy=io.apicurio.registry.serde.avro.strategy.TopicRecordIdStrategy, value.serializer=io.apicurio.registry.serde.avro.AvroKafkaSerializer, request.timeout.ms=5000, acks=all, bootstrap.servers=PLAINTEXT://localhost:32769, connections.max.idle.ms=10000, key.serializer=org.apache.kafka.common.serialization.StringSerializer, client.id=Producer-topic-9b7236a0_c0b2_4707_8cdd_0693f48befc1}
2025-08-13 02:14:46,193 INFO  [io.api.tes.ser.api.SimpleSerdesTesterBuilder$SimpleSerdesTester] (main) Using consumer configuration: {}
2025-08-13 02:14:46,193 INFO  [io.api.tes.ser.api.KafkaSerdesTester] (Thread-697) Sending message {"key11755051285126": "value-0"} to topic topic-9b7236a0_c0b2_4707_8cdd_0693f48befc1
2025-08-13 02:14:46,197 INFO  [org.apa.kaf.cli.Metadata] (kafka-producer-network-thread | Producer-topic-9b7236a0_c0b2_4707_8cdd_0693f48befc1) [Producer clientId=Producer-topic-9b7236a0_c0b2_4707_8cdd_0693f48befc1] Cluster ID: KRqqH0pCSh6FBkmoZ2CGGg
2025-08-13 02:14:46,197 INFO  [org.apa.kaf.cli.pro.int.TransactionManager] (kafka-producer-network-thread | Producer-topic-9b7236a0_c0b2_4707_8cdd_0693f48befc1) [Producer clientId=Producer-topic-9b7236a0_c0b2_4707_8cdd_0693f48befc1] ProducerId set to 18 with epoch 0
2025-08-13 02:14:46,277 INFO  [org.apa.kaf.cli.pro.KafkaProducer] (Thread-697) [Producer clientId=Producer-topic-9b7236a0_c0b2_4707_8cdd_0693f48befc1] Closing the Kafka producer with timeoutMillis = 9223372036854775807 ms.
2025-08-13 02:14:46,279 INFO  [org.apa.kaf.com.met.Metrics] (Thread-697) Metrics scheduler closed
2025-08-13 02:14:46,279 INFO  [org.apa.kaf.com.met.Metrics] (Thread-697) Closing reporter org.apache.kafka.common.metrics.JmxReporter
2025-08-13 02:14:46,279 INFO  [org.apa.kaf.com.met.Metrics] (Thread-697) Closing reporter org.apache.kafka.common.telemetry.internals.ClientTelemetryReporter
2025-08-13 02:14:46,279 INFO  [org.apa.kaf.com.met.Metrics] (Thread-697) Metrics reporters closed
2025-08-13 02:14:46,279 INFO  [org.apa.kaf.com.uti.AppInfoParser] (Thread-697) App info kafka.producer for Producer-topic-9b7236a0_c0b2_4707_8cdd_0693f48befc1 unregistered
2025-08-13 02:14:46,284 INFO  [io.api.tes.uti.TestSeparator] (main) io.apicurio.tests.serdes.apicurio.AvroSerdeIT.testTopicRecordIdStrategydFindLatest-FINISHED
2025-08-13 02:14:46,284 INFO  [io.api.tes.uti.TestSeparator] (main) ############################################################################
2025-08-13 02:14:46,284 ERROR [io.api.reg.uti.tes.TestUtils] (main) === TEST FAILED ===
2025-08-13 02:14:46,284 ERROR [io.api.reg.uti.tes.TestUtils] (main) Class: class io.apicurio.tests.serdes.apicurio.AvroSerdeIT
2025-08-13 02:14:46,284 ERROR [io.api.reg.uti.tes.TestUtils] (main) Test:  testTopicRecordIdStrategydFindLatest
2025-08-13 02:14:46,284 ERROR [io.api.reg.uti.tes.TestUtils] (main) ID:    [engine:junit-jupiter]/[class:io.apicurio.tests.serdes.apicurio.AvroSerdeIT]/[method:testTopicRecordIdStrategydFindLatest()]
2025-08-13 02:14:46,285 ERROR [io.api.reg.uti.tes.TestUtils] (main) Error: ExecutionException - java.lang.RuntimeException: java.lang.RuntimeException: java.util.concurrent.ExecutionException: io.vertx.core.http.HttpClosedException: Connection was closed
2025-08-13 02:14:46,285 ERROR [io.api.reg.uti.tes.TestUtils] (main) Root Cause: io.vertx.core.http.HttpClosedException: Connection was closed

2025-08-13 02:14:46,285 ERROR [io.api.reg.uti.tes.TestUtils] (main) === =========== ===
]]></system-out>
    <system-err><![CDATA[java.lang.RuntimeException: java.util.concurrent.ExecutionException: io.vertx.core.http.HttpClosedException: Connection was closed
	at io.kiota.http.vertx.VertXRequestAdapter.getHttpResponseMessage(VertXRequestAdapter.java:437)
	at io.kiota.http.vertx.VertXRequestAdapter.sendCollection(VertXRequestAdapter.java:130)
	at io.apicurio.registry.rest.client.ids.globalids.item.references.ReferencesRequestBuilder.get(ReferencesRequestBuilder.java:55)
	at io.apicurio.registry.rest.client.ids.globalids.item.references.ReferencesRequestBuilder.get(ReferencesRequestBuilder.java:45)
	at io.apicurio.registry.resolver.client.RegistryClientFacadeImpl.getReferencesByGlobalId(RegistryClientFacadeImpl.java:66)
	at io.apicurio.registry.resolver.DefaultSchemaResolver.resolveByCoordinates(DefaultSchemaResolver.java:361)
	at io.apicurio.registry.resolver.DefaultSchemaResolver.lambda$resolveSchemaByArtifactReferenceCached$6(DefaultSchemaResolver.java:340)
	at io.apicurio.registry.resolver.cache.ERCache.lambda$getValue$0(ERCache.java:174)
	at io.apicurio.registry.resolver.cache.ERCache.retry(ERCache.java:227)
	at io.apicurio.registry.resolver.cache.ERCache.getValue(ERCache.java:173)
	at io.apicurio.registry.resolver.cache.ERCache.getByArtifactCoordinates(ERCache.java:158)
	at io.apicurio.registry.resolver.DefaultSchemaResolver.resolveSchemaByArtifactReferenceCached(DefaultSchemaResolver.java:338)
	at io.apicurio.registry.resolver.DefaultSchemaResolver.resolveSchemaByCoordinates(DefaultSchemaResolver.java:193)
	at io.apicurio.registry.resolver.DefaultSchemaResolver.getSchemaFromRegistry(DefaultSchemaResolver.java:130)
	at io.apicurio.registry.resolver.DefaultSchemaResolver.lambda$resolveSchema$0(DefaultSchemaResolver.java:84)
	at java.base/java.util.Optional.orElseGet(Optional.java:364)
	at io.apicurio.registry.resolver.DefaultSchemaResolver.resolveSchema(DefaultSchemaResolver.java:84)
	at io.apicurio.registry.serde.AbstractSerializer.serializeData(AbstractSerializer.java:62)
	at io.apicurio.registry.serde.KafkaSerializer.serialize(KafkaSerializer.java:77)
	at org.apache.kafka.clients.producer.KafkaProducer.doSend(KafkaProducer.java:1046)
	at org.apache.kafka.clients.producer.KafkaProducer.send(KafkaProducer.java:993)
	at org.apache.kafka.clients.producer.KafkaProducer.send(KafkaProducer.java:875)
	at io.apicurio.tests.serdes.apicurio.KafkaSerdesTester.lambda$produceMessages$3(KafkaSerdesTester.java:138)
	at java.base/java.util.concurrent.CompletableFuture$AsyncSupply.run(CompletableFuture.java:1768)
	at java.base/java.lang.Thread.run(Thread.java:840)
Caused by: java.util.concurrent.ExecutionException: io.vertx.core.http.HttpClosedException: Connection was closed
	at java.base/java.util.concurrent.CompletableFuture.reportGet(CompletableFuture.java:396)
	at java.base/java.util.concurrent.CompletableFuture.get(CompletableFuture.java:2073)
	at io.kiota.http.vertx.VertXRequestAdapter.getHttpResponseMessage(VertXRequestAdapter.java:431)
	... 24 more
Caused by: io.vertx.core.http.HttpClosedException: Connection was closed
]]></system-err>
  </testcase>
  <testcase name="testAvroConfluentForMultipleTopics" classname="io.apicurio.tests.serdes.apicurio.AvroSerdeIT" time="12.274">
    <system-out><![CDATA[2025-08-13 02:14:46,298 INFO  [io.api.tes.uti.TestSeparator] (main) ############################################################################
2025-08-13 02:14:46,298 INFO  [io.api.tes.uti.TestSeparator] (main) io.apicurio.tests.serdes.apicurio.AvroSerdeIT.testAvroConfluentForMultipleTopics-STARTED
2025-08-13 02:14:46,299 INFO  [io.api.tes.ser.api.AvroSerdeIT] (main) Registering Avro Schema: {"type":"record","name":"myrecordconfluent","fields":[{"name":"key11755051286299","type":"string"}]}
**** Registry Base URL: http://registry-app-inmemory.apps.ci419.apicurio-testing.org:80
2025-08-13 02:14:47,382 INFO  [org.apa.kaf.cli.pro.ProducerConfig] (main) ProducerConfig values: 
	acks = -1
	auto.include.jmx.reporter = true
	batch.size = 16384
	bootstrap.servers = [PLAINTEXT://localhost:32769]
	buffer.memory = 33554432
	client.dns.lookup = use_all_dns_ips
	client.id = Producer-topic-0fe568e6_5985_4f33_8efa_b2d276231578
	compression.gzip.level = -1
	compression.lz4.level = 9
	compression.type = none
	compression.zstd.level = 3
	connections.max.idle.ms = 10000
	delivery.timeout.ms = 120000
	enable.idempotence = true
	enable.metrics.push = true
	interceptor.classes = []
	key.serializer = class org.apache.kafka.common.serialization.StringSerializer
	linger.ms = 0
	max.block.ms = 60000
	max.in.flight.requests.per.connection = 5
	max.request.size = 1048576
	metadata.max.age.ms = 300000
	metadata.max.idle.ms = 300000
	metadata.recovery.strategy = none
	metric.reporters = []
	metrics.num.samples = 2
	metrics.recording.level = INFO
	metrics.sample.window.ms = 30000
	partitioner.adaptive.partitioning.enable = true
	partitioner.availability.timeout.ms = 0
	partitioner.class = null
	partitioner.ignore.keys = false
	receive.buffer.bytes = 32768
	reconnect.backoff.max.ms = 1000
	reconnect.backoff.ms = 50
	request.timeout.ms = 5000
	retries = 2147483647
	retry.backoff.max.ms = 1000
	retry.backoff.ms = 100
	sasl.client.callback.handler.class = null
	sasl.jaas.config = null
	sasl.kerberos.kinit.cmd = /usr/bin/kinit
	sasl.kerberos.min.time.before.relogin = 60000
	sasl.kerberos.service.name = null
	sasl.kerberos.ticket.renew.jitter = 0.05
	sasl.kerberos.ticket.renew.window.factor = 0.8
	sasl.login.callback.handler.class = null
	sasl.login.class = null
	sasl.login.connect.timeout.ms = null
	sasl.login.read.timeout.ms = null
	sasl.login.refresh.buffer.seconds = 300
	sasl.login.refresh.min.period.seconds = 60
	sasl.login.refresh.window.factor = 0.8
	sasl.login.refresh.window.jitter = 0.05
	sasl.login.retry.backoff.max.ms = 10000
	sasl.login.retry.backoff.ms = 100
	sasl.mechanism = GSSAPI
	sasl.oauthbearer.clock.skew.seconds = 30
	sasl.oauthbearer.expected.audience = null
	sasl.oauthbearer.expected.issuer = null
	sasl.oauthbearer.header.urlencode = false
	sasl.oauthbearer.jwks.endpoint.refresh.ms = 3600000
	sasl.oauthbearer.jwks.endpoint.retry.backoff.max.ms = 10000
	sasl.oauthbearer.jwks.endpoint.retry.backoff.ms = 100
	sasl.oauthbearer.jwks.endpoint.url = null
	sasl.oauthbearer.scope.claim.name = scope
	sasl.oauthbearer.sub.claim.name = sub
	sasl.oauthbearer.token.endpoint.url = null
	security.protocol = PLAINTEXT
	security.providers = null
	send.buffer.bytes = 131072
	socket.connection.setup.timeout.max.ms = 30000
	socket.connection.setup.timeout.ms = 10000
	ssl.cipher.suites = null
	ssl.enabled.protocols = [TLSv1.2, TLSv1.3]
	ssl.endpoint.identification.algorithm = https
	ssl.engine.factory.class = null
	ssl.key.password = null
	ssl.keymanager.algorithm = SunX509
	ssl.keystore.certificate.chain = null
	ssl.keystore.key = null
	ssl.keystore.location = null
	ssl.keystore.password = null
	ssl.keystore.type = JKS
	ssl.protocol = TLSv1.3
	ssl.provider = null
	ssl.secure.random.implementation = null
	ssl.trustmanager.algorithm = PKIX
	ssl.truststore.certificates = null
	ssl.truststore.location = null
	ssl.truststore.password = null
	ssl.truststore.type = JKS
	transaction.timeout.ms = 60000
	transactional.id = null
	value.serializer = class io.apicurio.registry.serde.avro.AvroKafkaSerializer

2025-08-13 02:14:47,382 INFO  [org.apa.kaf.com.tel.int.KafkaMetricsCollector] (main) initializing Kafka metrics collector
2025-08-13 02:14:47,385 INFO  [org.apa.kaf.cli.pro.KafkaProducer] (main) [Producer clientId=Producer-topic-0fe568e6_5985_4f33_8efa_b2d276231578] Instantiated an idempotent producer.
2025-08-13 02:14:47,386 INFO  [org.apa.kaf.cli.pro.ProducerConfig] (main) These configurations '[apicurio.registry.url, apicurio.registry.artifact-resolver-strategy]' were supplied but are not used yet.
2025-08-13 02:14:47,386 INFO  [org.apa.kaf.com.uti.AppInfoParser] (main) Kafka version: 3.9.1
2025-08-13 02:14:47,386 INFO  [org.apa.kaf.com.uti.AppInfoParser] (main) Kafka commitId: f745dfdcee2b9851
2025-08-13 02:14:47,386 INFO  [org.apa.kaf.com.uti.AppInfoParser] (main) Kafka startTimeMs: 1755051287386
**** Registry Base URL: http://registry-app-inmemory.apps.ci419.apicurio-testing.org:80
2025-08-13 02:14:47,388 INFO  [org.apa.kaf.cli.pro.ProducerConfig] (main) ProducerConfig values: 
	acks = -1
	auto.include.jmx.reporter = true
	batch.size = 16384
	bootstrap.servers = [PLAINTEXT://localhost:32769]
	buffer.memory = 33554432
	client.dns.lookup = use_all_dns_ips
	client.id = Producer-topic-44782901_e7a7_4155_820b_c8f3da8d525a
	compression.gzip.level = -1
	compression.lz4.level = 9
	compression.type = none
	compression.zstd.level = 3
	connections.max.idle.ms = 10000
	delivery.timeout.ms = 120000
	enable.idempotence = true
	enable.metrics.push = true
	interceptor.classes = []
	key.serializer = class org.apache.kafka.common.serialization.StringSerializer
	linger.ms = 0
	max.block.ms = 60000
	max.in.flight.requests.per.connection = 5
	max.request.size = 1048576
	metadata.max.age.ms = 300000
	metadata.max.idle.ms = 300000
	metadata.recovery.strategy = none
	metric.reporters = []
	metrics.num.samples = 2
	metrics.recording.level = INFO
	metrics.sample.window.ms = 30000
	partitioner.adaptive.partitioning.enable = true
	partitioner.availability.timeout.ms = 0
	partitioner.class = null
	partitioner.ignore.keys = false
	receive.buffer.bytes = 32768
	reconnect.backoff.max.ms = 1000
	reconnect.backoff.ms = 50
	request.timeout.ms = 5000
	retries = 2147483647
	retry.backoff.max.ms = 1000
	retry.backoff.ms = 100
	sasl.client.callback.handler.class = null
	sasl.jaas.config = null
	sasl.kerberos.kinit.cmd = /usr/bin/kinit
	sasl.kerberos.min.time.before.relogin = 60000
	sasl.kerberos.service.name = null
	sasl.kerberos.ticket.renew.jitter = 0.05
	sasl.kerberos.ticket.renew.window.factor = 0.8
	sasl.login.callback.handler.class = null
	sasl.login.class = null
	sasl.login.connect.timeout.ms = null
	sasl.login.read.timeout.ms = null
	sasl.login.refresh.buffer.seconds = 300
	sasl.login.refresh.min.period.seconds = 60
	sasl.login.refresh.window.factor = 0.8
	sasl.login.refresh.window.jitter = 0.05
	sasl.login.retry.backoff.max.ms = 10000
	sasl.login.retry.backoff.ms = 100
	sasl.mechanism = GSSAPI
	sasl.oauthbearer.clock.skew.seconds = 30
	sasl.oauthbearer.expected.audience = null
	sasl.oauthbearer.expected.issuer = null
	sasl.oauthbearer.header.urlencode = false
	sasl.oauthbearer.jwks.endpoint.refresh.ms = 3600000
	sasl.oauthbearer.jwks.endpoint.retry.backoff.max.ms = 10000
	sasl.oauthbearer.jwks.endpoint.retry.backoff.ms = 100
	sasl.oauthbearer.jwks.endpoint.url = null
	sasl.oauthbearer.scope.claim.name = scope
	sasl.oauthbearer.sub.claim.name = sub
	sasl.oauthbearer.token.endpoint.url = null
	security.protocol = PLAINTEXT
	security.providers = null
	send.buffer.bytes = 131072
	socket.connection.setup.timeout.max.ms = 30000
	socket.connection.setup.timeout.ms = 10000
	ssl.cipher.suites = null
	ssl.enabled.protocols = [TLSv1.2, TLSv1.3]
	ssl.endpoint.identification.algorithm = https
	ssl.engine.factory.class = null
	ssl.key.password = null
	ssl.keymanager.algorithm = SunX509
	ssl.keystore.certificate.chain = null
	ssl.keystore.key = null
	ssl.keystore.location = null
	ssl.keystore.password = null
	ssl.keystore.type = JKS
	ssl.protocol = TLSv1.3
	ssl.provider = null
	ssl.secure.random.implementation = null
	ssl.trustmanager.algorithm = PKIX
	ssl.truststore.certificates = null
	ssl.truststore.location = null
	ssl.truststore.password = null
	ssl.truststore.type = JKS
	transaction.timeout.ms = 60000
	transactional.id = null
	value.serializer = class io.apicurio.registry.serde.avro.AvroKafkaSerializer

2025-08-13 02:14:47,388 INFO  [org.apa.kaf.com.tel.int.KafkaMetricsCollector] (main) initializing Kafka metrics collector
2025-08-13 02:14:47,390 INFO  [org.apa.kaf.cli.pro.KafkaProducer] (main) [Producer clientId=Producer-topic-44782901_e7a7_4155_820b_c8f3da8d525a] Instantiated an idempotent producer.
2025-08-13 02:14:47,392 INFO  [org.apa.kaf.cli.pro.ProducerConfig] (main) These configurations '[apicurio.registry.url, apicurio.registry.artifact-resolver-strategy]' were supplied but are not used yet.
2025-08-13 02:14:47,392 INFO  [org.apa.kaf.com.uti.AppInfoParser] (main) Kafka version: 3.9.1
2025-08-13 02:14:47,392 INFO  [org.apa.kaf.com.uti.AppInfoParser] (main) Kafka commitId: f745dfdcee2b9851
2025-08-13 02:14:47,393 INFO  [org.apa.kaf.com.uti.AppInfoParser] (main) Kafka startTimeMs: 1755051287392
**** Registry Base URL: http://registry-app-inmemory.apps.ci419.apicurio-testing.org:80
2025-08-13 02:14:47,394 INFO  [org.apa.kaf.cli.pro.ProducerConfig] (main) ProducerConfig values: 
	acks = -1
	auto.include.jmx.reporter = true
	batch.size = 16384
	bootstrap.servers = [PLAINTEXT://localhost:32769]
	buffer.memory = 33554432
	client.dns.lookup = use_all_dns_ips
	client.id = Producer-topic-2b0e2c40_4bac_4c7b_891e_f382dada8b5f
	compression.gzip.level = -1
	compression.lz4.level = 9
	compression.type = none
	compression.zstd.level = 3
	connections.max.idle.ms = 10000
	delivery.timeout.ms = 120000
	enable.idempotence = true
	enable.metrics.push = true
	interceptor.classes = []
	key.serializer = class org.apache.kafka.common.serialization.StringSerializer
	linger.ms = 0
	max.block.ms = 60000
	max.in.flight.requests.per.connection = 5
	max.request.size = 1048576
	metadata.max.age.ms = 300000
	metadata.max.idle.ms = 300000
	metadata.recovery.strategy = none
	metric.reporters = []
	metrics.num.samples = 2
	metrics.recording.level = INFO
	metrics.sample.window.ms = 30000
	partitioner.adaptive.partitioning.enable = true
	partitioner.availability.timeout.ms = 0
	partitioner.class = null
	partitioner.ignore.keys = false
	receive.buffer.bytes = 32768
	reconnect.backoff.max.ms = 1000
	reconnect.backoff.ms = 50
	request.timeout.ms = 5000
	retries = 2147483647
	retry.backoff.max.ms = 1000
	retry.backoff.ms = 100
	sasl.client.callback.handler.class = null
	sasl.jaas.config = null
	sasl.kerberos.kinit.cmd = /usr/bin/kinit
	sasl.kerberos.min.time.before.relogin = 60000
	sasl.kerberos.service.name = null
	sasl.kerberos.ticket.renew.jitter = 0.05
	sasl.kerberos.ticket.renew.window.factor = 0.8
	sasl.login.callback.handler.class = null
	sasl.login.class = null
	sasl.login.connect.timeout.ms = null
	sasl.login.read.timeout.ms = null
	sasl.login.refresh.buffer.seconds = 300
	sasl.login.refresh.min.period.seconds = 60
	sasl.login.refresh.window.factor = 0.8
	sasl.login.refresh.window.jitter = 0.05
	sasl.login.retry.backoff.max.ms = 10000
	sasl.login.retry.backoff.ms = 100
	sasl.mechanism = GSSAPI
	sasl.oauthbearer.clock.skew.seconds = 30
	sasl.oauthbearer.expected.audience = null
	sasl.oauthbearer.expected.issuer = null
	sasl.oauthbearer.header.urlencode = false
	sasl.oauthbearer.jwks.endpoint.refresh.ms = 3600000
	sasl.oauthbearer.jwks.endpoint.retry.backoff.max.ms = 10000
	sasl.oauthbearer.jwks.endpoint.retry.backoff.ms = 100
	sasl.oauthbearer.jwks.endpoint.url = null
	sasl.oauthbearer.scope.claim.name = scope
	sasl.oauthbearer.sub.claim.name = sub
	sasl.oauthbearer.token.endpoint.url = null
	security.protocol = PLAINTEXT
	security.providers = null
	send.buffer.bytes = 131072
	socket.connection.setup.timeout.max.ms = 30000
	socket.connection.setup.timeout.ms = 10000
	ssl.cipher.suites = null
	ssl.enabled.protocols = [TLSv1.2, TLSv1.3]
	ssl.endpoint.identification.algorithm = https
	ssl.engine.factory.class = null
	ssl.key.password = null
	ssl.keymanager.algorithm = SunX509
	ssl.keystore.certificate.chain = null
	ssl.keystore.key = null
	ssl.keystore.location = null
	ssl.keystore.password = null
	ssl.keystore.type = JKS
	ssl.protocol = TLSv1.3
	ssl.provider = null
	ssl.secure.random.implementation = null
	ssl.trustmanager.algorithm = PKIX
	ssl.truststore.certificates = null
	ssl.truststore.location = null
	ssl.truststore.password = null
	ssl.truststore.type = JKS
	transaction.timeout.ms = 60000
	transactional.id = null
	value.serializer = class io.apicurio.registry.serde.avro.AvroKafkaSerializer

2025-08-13 02:14:47,394 INFO  [org.apa.kaf.com.tel.int.KafkaMetricsCollector] (main) initializing Kafka metrics collector
2025-08-13 02:14:47,398 INFO  [org.apa.kaf.cli.pro.KafkaProducer] (main) [Producer clientId=Producer-topic-2b0e2c40_4bac_4c7b_891e_f382dada8b5f] Instantiated an idempotent producer.
2025-08-13 02:14:47,400 INFO  [org.apa.kaf.cli.Metadata] (kafka-producer-network-thread | Producer-topic-44782901_e7a7_4155_820b_c8f3da8d525a) [Producer clientId=Producer-topic-44782901_e7a7_4155_820b_c8f3da8d525a] Cluster ID: KRqqH0pCSh6FBkmoZ2CGGg
2025-08-13 02:14:47,400 INFO  [org.apa.kaf.cli.Metadata] (kafka-producer-network-thread | Producer-topic-0fe568e6_5985_4f33_8efa_b2d276231578) [Producer clientId=Producer-topic-0fe568e6_5985_4f33_8efa_b2d276231578] Cluster ID: KRqqH0pCSh6FBkmoZ2CGGg
2025-08-13 02:14:47,400 INFO  [org.apa.kaf.cli.pro.int.TransactionManager] (kafka-producer-network-thread | Producer-topic-44782901_e7a7_4155_820b_c8f3da8d525a) [Producer clientId=Producer-topic-44782901_e7a7_4155_820b_c8f3da8d525a] ProducerId set to 19 with epoch 0
2025-08-13 02:14:47,407 INFO  [org.apa.kaf.cli.pro.int.TransactionManager] (kafka-producer-network-thread | Producer-topic-0fe568e6_5985_4f33_8efa_b2d276231578) [Producer clientId=Producer-topic-0fe568e6_5985_4f33_8efa_b2d276231578] ProducerId set to 20 with epoch 0
2025-08-13 02:14:47,409 INFO  [org.apa.kaf.cli.pro.ProducerConfig] (main) These configurations '[apicurio.registry.url, apicurio.registry.artifact-resolver-strategy]' were supplied but are not used yet.
2025-08-13 02:14:47,409 INFO  [org.apa.kaf.com.uti.AppInfoParser] (main) Kafka version: 3.9.1
2025-08-13 02:14:47,409 INFO  [org.apa.kaf.com.uti.AppInfoParser] (main) Kafka commitId: f745dfdcee2b9851
2025-08-13 02:14:47,409 INFO  [org.apa.kaf.com.uti.AppInfoParser] (main) Kafka startTimeMs: 1755051287409
**** Registry Base URL: http://registry-app-inmemory.apps.ci419.apicurio-testing.org:80
2025-08-13 02:14:47,409 INFO  [org.apa.kaf.cli.con.ConsumerConfig] (main) ConsumerConfig values: 
	allow.auto.create.topics = true
	auto.commit.interval.ms = 500
	auto.include.jmx.reporter = true
	auto.offset.reset = earliest
	bootstrap.servers = [PLAINTEXT://localhost:32769]
	check.crcs = true
	client.dns.lookup = use_all_dns_ips
	client.id = consumer-Consumer-topic-0fe568e6_5985_4f33_8efa_b2d276231578-13
	client.rack = 
	connections.max.idle.ms = 10000
	default.api.timeout.ms = 60000
	enable.auto.commit = true
	enable.metrics.push = true
	exclude.internal.topics = true
	fetch.max.bytes = 52428800
	fetch.max.wait.ms = 500
	fetch.min.bytes = 1
	group.id = Consumer-topic-0fe568e6_5985_4f33_8efa_b2d276231578
	group.instance.id = null
	group.protocol = classic
	group.remote.assignor = null
	heartbeat.interval.ms = 3000
	interceptor.classes = []
	internal.leave.group.on.close = true
	internal.throw.on.fetch.stable.offset.unsupported = false
	isolation.level = read_uncommitted
	key.deserializer = class org.apache.kafka.common.serialization.StringDeserializer
	max.partition.fetch.bytes = 1048576
	max.poll.interval.ms = 300000
	max.poll.records = 500
	metadata.max.age.ms = 300000
	metadata.recovery.strategy = none
	metric.reporters = []
	metrics.num.samples = 2
	metrics.recording.level = INFO
	metrics.sample.window.ms = 30000
	partition.assignment.strategy = [class org.apache.kafka.clients.consumer.RangeAssignor, class org.apache.kafka.clients.consumer.CooperativeStickyAssignor]
	receive.buffer.bytes = 65536
	reconnect.backoff.max.ms = 1000
	reconnect.backoff.ms = 50
	request.timeout.ms = 5000
	retry.backoff.max.ms = 1000
	retry.backoff.ms = 100
	sasl.client.callback.handler.class = null
	sasl.jaas.config = null
	sasl.kerberos.kinit.cmd = /usr/bin/kinit
	sasl.kerberos.min.time.before.relogin = 60000
	sasl.kerberos.service.name = null
	sasl.kerberos.ticket.renew.jitter = 0.05
	sasl.kerberos.ticket.renew.window.factor = 0.8
	sasl.login.callback.handler.class = null
	sasl.login.class = null
	sasl.login.connect.timeout.ms = null
	sasl.login.read.timeout.ms = null
	sasl.login.refresh.buffer.seconds = 300
	sasl.login.refresh.min.period.seconds = 60
	sasl.login.refresh.window.factor = 0.8
	sasl.login.refresh.window.jitter = 0.05
	sasl.login.retry.backoff.max.ms = 10000
	sasl.login.retry.backoff.ms = 100
	sasl.mechanism = GSSAPI
	sasl.oauthbearer.clock.skew.seconds = 30
	sasl.oauthbearer.expected.audience = null
	sasl.oauthbearer.expected.issuer = null
	sasl.oauthbearer.header.urlencode = false
	sasl.oauthbearer.jwks.endpoint.refresh.ms = 3600000
	sasl.oauthbearer.jwks.endpoint.retry.backoff.max.ms = 10000
	sasl.oauthbearer.jwks.endpoint.retry.backoff.ms = 100
	sasl.oauthbearer.jwks.endpoint.url = null
	sasl.oauthbearer.scope.claim.name = scope
	sasl.oauthbearer.sub.claim.name = sub
	sasl.oauthbearer.token.endpoint.url = null
	security.protocol = PLAINTEXT
	security.providers = null
	send.buffer.bytes = 131072
	session.timeout.ms = 45000
	socket.connection.setup.timeout.max.ms = 30000
	socket.connection.setup.timeout.ms = 10000
	ssl.cipher.suites = null
	ssl.enabled.protocols = [TLSv1.2, TLSv1.3]
	ssl.endpoint.identification.algorithm = https
	ssl.engine.factory.class = null
	ssl.key.password = null
	ssl.keymanager.algorithm = SunX509
	ssl.keystore.certificate.chain = null
	ssl.keystore.key = null
	ssl.keystore.location = null
	ssl.keystore.password = null
	ssl.keystore.type = JKS
	ssl.protocol = TLSv1.3
	ssl.provider = null
	ssl.secure.random.implementation = null
	ssl.trustmanager.algorithm = PKIX
	ssl.truststore.certificates = null
	ssl.truststore.location = null
	ssl.truststore.password = null
	ssl.truststore.type = JKS
	value.deserializer = class io.apicurio.registry.serde.avro.AvroKafkaDeserializer

2025-08-13 02:14:47,410 INFO  [org.apa.kaf.com.tel.int.KafkaMetricsCollector] (main) initializing Kafka metrics collector
2025-08-13 02:14:47,414 INFO  [org.apa.kaf.cli.Metadata] (kafka-producer-network-thread | Producer-topic-2b0e2c40_4bac_4c7b_891e_f382dada8b5f) [Producer clientId=Producer-topic-2b0e2c40_4bac_4c7b_891e_f382dada8b5f] Cluster ID: KRqqH0pCSh6FBkmoZ2CGGg
2025-08-13 02:14:47,416 INFO  [org.apa.kaf.cli.pro.int.TransactionManager] (kafka-producer-network-thread | Producer-topic-2b0e2c40_4bac_4c7b_891e_f382dada8b5f) [Producer clientId=Producer-topic-2b0e2c40_4bac_4c7b_891e_f382dada8b5f] ProducerId set to 21 with epoch 0
2025-08-13 02:14:47,419 INFO  [org.apa.kaf.cli.con.ConsumerConfig] (main) These configurations '[apicurio.registry.url]' were supplied but are not used yet.
2025-08-13 02:14:47,419 INFO  [org.apa.kaf.com.uti.AppInfoParser] (main) Kafka version: 3.9.1
2025-08-13 02:14:47,419 INFO  [org.apa.kaf.com.uti.AppInfoParser] (main) Kafka commitId: f745dfdcee2b9851
2025-08-13 02:14:47,419 INFO  [org.apa.kaf.com.uti.AppInfoParser] (main) Kafka startTimeMs: 1755051287419
**** Registry Base URL: http://registry-app-inmemory.apps.ci419.apicurio-testing.org:80
2025-08-13 02:14:47,419 INFO  [org.apa.kaf.cli.con.ConsumerConfig] (main) ConsumerConfig values: 
	allow.auto.create.topics = true
	auto.commit.interval.ms = 500
	auto.include.jmx.reporter = true
	auto.offset.reset = earliest
	bootstrap.servers = [PLAINTEXT://localhost:32769]
	check.crcs = true
	client.dns.lookup = use_all_dns_ips
	client.id = consumer-Consumer-topic-44782901_e7a7_4155_820b_c8f3da8d525a-14
	client.rack = 
	connections.max.idle.ms = 10000
	default.api.timeout.ms = 60000
	enable.auto.commit = true
	enable.metrics.push = true
	exclude.internal.topics = true
	fetch.max.bytes = 52428800
	fetch.max.wait.ms = 500
	fetch.min.bytes = 1
	group.id = Consumer-topic-44782901_e7a7_4155_820b_c8f3da8d525a
	group.instance.id = null
	group.protocol = classic
	group.remote.assignor = null
	heartbeat.interval.ms = 3000
	interceptor.classes = []
	internal.leave.group.on.close = true
	internal.throw.on.fetch.stable.offset.unsupported = false
	isolation.level = read_uncommitted
	key.deserializer = class org.apache.kafka.common.serialization.StringDeserializer
	max.partition.fetch.bytes = 1048576
	max.poll.interval.ms = 300000
	max.poll.records = 500
	metadata.max.age.ms = 300000
	metadata.recovery.strategy = none
	metric.reporters = []
	metrics.num.samples = 2
	metrics.recording.level = INFO
	metrics.sample.window.ms = 30000
	partition.assignment.strategy = [class org.apache.kafka.clients.consumer.RangeAssignor, class org.apache.kafka.clients.consumer.CooperativeStickyAssignor]
	receive.buffer.bytes = 65536
	reconnect.backoff.max.ms = 1000
	reconnect.backoff.ms = 50
	request.timeout.ms = 5000
	retry.backoff.max.ms = 1000
	retry.backoff.ms = 100
	sasl.client.callback.handler.class = null
	sasl.jaas.config = null
	sasl.kerberos.kinit.cmd = /usr/bin/kinit
	sasl.kerberos.min.time.before.relogin = 60000
	sasl.kerberos.service.name = null
	sasl.kerberos.ticket.renew.jitter = 0.05
	sasl.kerberos.ticket.renew.window.factor = 0.8
	sasl.login.callback.handler.class = null
	sasl.login.class = null
	sasl.login.connect.timeout.ms = null
	sasl.login.read.timeout.ms = null
	sasl.login.refresh.buffer.seconds = 300
	sasl.login.refresh.min.period.seconds = 60
	sasl.login.refresh.window.factor = 0.8
	sasl.login.refresh.window.jitter = 0.05
	sasl.login.retry.backoff.max.ms = 10000
	sasl.login.retry.backoff.ms = 100
	sasl.mechanism = GSSAPI
	sasl.oauthbearer.clock.skew.seconds = 30
	sasl.oauthbearer.expected.audience = null
	sasl.oauthbearer.expected.issuer = null
	sasl.oauthbearer.header.urlencode = false
	sasl.oauthbearer.jwks.endpoint.refresh.ms = 3600000
	sasl.oauthbearer.jwks.endpoint.retry.backoff.max.ms = 10000
	sasl.oauthbearer.jwks.endpoint.retry.backoff.ms = 100
	sasl.oauthbearer.jwks.endpoint.url = null
	sasl.oauthbearer.scope.claim.name = scope
	sasl.oauthbearer.sub.claim.name = sub
	sasl.oauthbearer.token.endpoint.url = null
	security.protocol = PLAINTEXT
	security.providers = null
	send.buffer.bytes = 131072
	session.timeout.ms = 45000
	socket.connection.setup.timeout.max.ms = 30000
	socket.connection.setup.timeout.ms = 10000
	ssl.cipher.suites = null
	ssl.enabled.protocols = [TLSv1.2, TLSv1.3]
	ssl.endpoint.identification.algorithm = https
	ssl.engine.factory.class = null
	ssl.key.password = null
	ssl.keymanager.algorithm = SunX509
	ssl.keystore.certificate.chain = null
	ssl.keystore.key = null
	ssl.keystore.location = null
	ssl.keystore.password = null
	ssl.keystore.type = JKS
	ssl.protocol = TLSv1.3
	ssl.provider = null
	ssl.secure.random.implementation = null
	ssl.trustmanager.algorithm = PKIX
	ssl.truststore.certificates = null
	ssl.truststore.location = null
	ssl.truststore.password = null
	ssl.truststore.type = JKS
	value.deserializer = class io.apicurio.registry.serde.avro.AvroKafkaDeserializer

2025-08-13 02:14:47,420 INFO  [org.apa.kaf.com.tel.int.KafkaMetricsCollector] (main) initializing Kafka metrics collector
2025-08-13 02:14:47,425 INFO  [org.apa.kaf.cli.con.ConsumerConfig] (main) These configurations '[apicurio.registry.url]' were supplied but are not used yet.
2025-08-13 02:14:47,425 INFO  [org.apa.kaf.com.uti.AppInfoParser] (main) Kafka version: 3.9.1
2025-08-13 02:14:47,425 INFO  [org.apa.kaf.com.uti.AppInfoParser] (main) Kafka commitId: f745dfdcee2b9851
2025-08-13 02:14:47,425 INFO  [org.apa.kaf.com.uti.AppInfoParser] (main) Kafka startTimeMs: 1755051287425
**** Registry Base URL: http://registry-app-inmemory.apps.ci419.apicurio-testing.org:80
2025-08-13 02:14:47,426 INFO  [org.apa.kaf.cli.con.ConsumerConfig] (main) ConsumerConfig values: 
	allow.auto.create.topics = true
	auto.commit.interval.ms = 500
	auto.include.jmx.reporter = true
	auto.offset.reset = earliest
	bootstrap.servers = [PLAINTEXT://localhost:32769]
	check.crcs = true
	client.dns.lookup = use_all_dns_ips
	client.id = consumer-Consumer-topic-2b0e2c40_4bac_4c7b_891e_f382dada8b5f-15
	client.rack = 
	connections.max.idle.ms = 10000
	default.api.timeout.ms = 60000
	enable.auto.commit = true
	enable.metrics.push = true
	exclude.internal.topics = true
	fetch.max.bytes = 52428800
	fetch.max.wait.ms = 500
	fetch.min.bytes = 1
	group.id = Consumer-topic-2b0e2c40_4bac_4c7b_891e_f382dada8b5f
	group.instance.id = null
	group.protocol = classic
	group.remote.assignor = null
	heartbeat.interval.ms = 3000
	interceptor.classes = []
	internal.leave.group.on.close = true
	internal.throw.on.fetch.stable.offset.unsupported = false
	isolation.level = read_uncommitted
	key.deserializer = class org.apache.kafka.common.serialization.StringDeserializer
	max.partition.fetch.bytes = 1048576
	max.poll.interval.ms = 300000
	max.poll.records = 500
	metadata.max.age.ms = 300000
	metadata.recovery.strategy = none
	metric.reporters = []
	metrics.num.samples = 2
	metrics.recording.level = INFO
	metrics.sample.window.ms = 30000
	partition.assignment.strategy = [class org.apache.kafka.clients.consumer.RangeAssignor, class org.apache.kafka.clients.consumer.CooperativeStickyAssignor]
	receive.buffer.bytes = 65536
	reconnect.backoff.max.ms = 1000
	reconnect.backoff.ms = 50
	request.timeout.ms = 5000
	retry.backoff.max.ms = 1000
	retry.backoff.ms = 100
	sasl.client.callback.handler.class = null
	sasl.jaas.config = null
	sasl.kerberos.kinit.cmd = /usr/bin/kinit
	sasl.kerberos.min.time.before.relogin = 60000
	sasl.kerberos.service.name = null
	sasl.kerberos.ticket.renew.jitter = 0.05
	sasl.kerberos.ticket.renew.window.factor = 0.8
	sasl.login.callback.handler.class = null
	sasl.login.class = null
	sasl.login.connect.timeout.ms = null
	sasl.login.read.timeout.ms = null
	sasl.login.refresh.buffer.seconds = 300
	sasl.login.refresh.min.period.seconds = 60
	sasl.login.refresh.window.factor = 0.8
	sasl.login.refresh.window.jitter = 0.05
	sasl.login.retry.backoff.max.ms = 10000
	sasl.login.retry.backoff.ms = 100
	sasl.mechanism = GSSAPI
	sasl.oauthbearer.clock.skew.seconds = 30
	sasl.oauthbearer.expected.audience = null
	sasl.oauthbearer.expected.issuer = null
	sasl.oauthbearer.header.urlencode = false
	sasl.oauthbearer.jwks.endpoint.refresh.ms = 3600000
	sasl.oauthbearer.jwks.endpoint.retry.backoff.max.ms = 10000
	sasl.oauthbearer.jwks.endpoint.retry.backoff.ms = 100
	sasl.oauthbearer.jwks.endpoint.url = null
	sasl.oauthbearer.scope.claim.name = scope
	sasl.oauthbearer.sub.claim.name = sub
	sasl.oauthbearer.token.endpoint.url = null
	security.protocol = PLAINTEXT
	security.providers = null
	send.buffer.bytes = 131072
	session.timeout.ms = 45000
	socket.connection.setup.timeout.max.ms = 30000
	socket.connection.setup.timeout.ms = 10000
	ssl.cipher.suites = null
	ssl.enabled.protocols = [TLSv1.2, TLSv1.3]
	ssl.endpoint.identification.algorithm = https
	ssl.engine.factory.class = null
	ssl.key.password = null
	ssl.keymanager.algorithm = SunX509
	ssl.keystore.certificate.chain = null
	ssl.keystore.key = null
	ssl.keystore.location = null
	ssl.keystore.password = null
	ssl.keystore.type = JKS
	ssl.protocol = TLSv1.3
	ssl.provider = null
	ssl.secure.random.implementation = null
	ssl.trustmanager.algorithm = PKIX
	ssl.truststore.certificates = null
	ssl.truststore.location = null
	ssl.truststore.password = null
	ssl.truststore.type = JKS
	value.deserializer = class io.apicurio.registry.serde.avro.AvroKafkaDeserializer

2025-08-13 02:14:47,426 INFO  [org.apa.kaf.com.tel.int.KafkaMetricsCollector] (main) initializing Kafka metrics collector
2025-08-13 02:14:47,431 INFO  [org.apa.kaf.cli.con.ConsumerConfig] (main) These configurations '[apicurio.registry.url]' were supplied but are not used yet.
2025-08-13 02:14:47,431 INFO  [org.apa.kaf.com.uti.AppInfoParser] (main) Kafka version: 3.9.1
2025-08-13 02:14:47,431 INFO  [org.apa.kaf.com.uti.AppInfoParser] (main) Kafka commitId: f745dfdcee2b9851
2025-08-13 02:14:47,431 INFO  [org.apa.kaf.com.uti.AppInfoParser] (main) Kafka startTimeMs: 1755051287431
2025-08-13 02:14:47,432 INFO  [io.api.tes.ser.api.KafkaSerdesTester] (Thread-710) Sending message {"key11755051286299": "value-0"} to topic topic-0fe568e6_5985_4f33_8efa_b2d276231578
2025-08-13 02:14:47,435 INFO  [DefaultSchemaResolver] (Thread-710) Retrieving schema content using string: {"type":"record","name":"myrecordconfluent","fields":[{"name":"key11755051286299","type":"string"}]}
2025-08-13 02:14:47,493 INFO  [io.api.tes.ser.api.KafkaSerdesTester] (Thread-710) Sending message {"key11755051286299": "value-1"} to topic topic-0fe568e6_5985_4f33_8efa_b2d276231578
2025-08-13 02:14:47,495 INFO  [io.api.tes.ser.api.KafkaSerdesTester] (Thread-710) Sending message {"key11755051286299": "value-2"} to topic topic-0fe568e6_5985_4f33_8efa_b2d276231578
2025-08-13 02:14:47,498 INFO  [io.api.tes.ser.api.KafkaSerdesTester] (Thread-710) Sending message {"key11755051286299": "value-3"} to topic topic-0fe568e6_5985_4f33_8efa_b2d276231578
2025-08-13 02:14:47,500 INFO  [io.api.tes.ser.api.KafkaSerdesTester] (Thread-710) Sending message {"key11755051286299": "value-4"} to topic topic-0fe568e6_5985_4f33_8efa_b2d276231578
2025-08-13 02:14:47,504 INFO  [io.api.tes.ser.api.KafkaSerdesTester] (Thread-710) Sending message {"key11755051286299": "value-5"} to topic topic-0fe568e6_5985_4f33_8efa_b2d276231578
2025-08-13 02:14:47,505 INFO  [io.api.tes.ser.api.KafkaSerdesTester] (Thread-710) Sending message {"key11755051286299": "value-6"} to topic topic-0fe568e6_5985_4f33_8efa_b2d276231578
2025-08-13 02:14:47,508 INFO  [io.api.tes.ser.api.KafkaSerdesTester] (Thread-710) Sending message {"key11755051286299": "value-7"} to topic topic-0fe568e6_5985_4f33_8efa_b2d276231578
2025-08-13 02:14:47,513 INFO  [io.api.tes.ser.api.KafkaSerdesTester] (Thread-710) Sending message {"key11755051286299": "value-8"} to topic topic-0fe568e6_5985_4f33_8efa_b2d276231578
2025-08-13 02:14:47,516 INFO  [io.api.tes.ser.api.KafkaSerdesTester] (Thread-710) Sending message {"key11755051286299": "value-9"} to topic topic-0fe568e6_5985_4f33_8efa_b2d276231578
2025-08-13 02:14:47,518 INFO  [io.api.tes.ser.api.KafkaSerdesTester] (Thread-710) Produced 10 messages
2025-08-13 02:14:47,518 INFO  [org.apa.kaf.cli.pro.KafkaProducer] (Thread-710) [Producer clientId=Producer-topic-0fe568e6_5985_4f33_8efa_b2d276231578] Closing the Kafka producer with timeoutMillis = 9223372036854775807 ms.
2025-08-13 02:14:47,520 INFO  [org.apa.kaf.com.met.Metrics] (Thread-710) Metrics scheduler closed
2025-08-13 02:14:47,520 INFO  [org.apa.kaf.com.met.Metrics] (Thread-710) Closing reporter org.apache.kafka.common.metrics.JmxReporter
2025-08-13 02:14:47,520 INFO  [org.apa.kaf.com.met.Metrics] (Thread-710) Closing reporter org.apache.kafka.common.telemetry.internals.ClientTelemetryReporter
2025-08-13 02:14:47,520 INFO  [org.apa.kaf.com.met.Metrics] (Thread-710) Metrics reporters closed
2025-08-13 02:14:47,521 INFO  [org.apa.kaf.com.uti.AppInfoParser] (Thread-710) App info kafka.producer for Producer-topic-0fe568e6_5985_4f33_8efa_b2d276231578 unregistered
2025-08-13 02:14:47,522 INFO  [io.api.tes.ser.api.KafkaSerdesTester] (Thread-711) Sending message {"key11755051286299": "value-0"} to topic topic-44782901_e7a7_4155_820b_c8f3da8d525a
2025-08-13 02:14:47,531 INFO  [DefaultSchemaResolver] (Thread-711) Retrieving schema content using string: {"type":"record","name":"myrecordconfluent","fields":[{"name":"key11755051286299","type":"string"}]}
2025-08-13 02:14:47,592 INFO  [io.api.tes.ser.api.KafkaSerdesTester] (Thread-711) Sending message {"key11755051286299": "value-1"} to topic topic-44782901_e7a7_4155_820b_c8f3da8d525a
2025-08-13 02:14:47,596 INFO  [io.api.tes.ser.api.KafkaSerdesTester] (Thread-711) Sending message {"key11755051286299": "value-2"} to topic topic-44782901_e7a7_4155_820b_c8f3da8d525a
2025-08-13 02:14:47,601 INFO  [io.api.tes.ser.api.KafkaSerdesTester] (Thread-711) Sending message {"key11755051286299": "value-3"} to topic topic-44782901_e7a7_4155_820b_c8f3da8d525a
2025-08-13 02:14:47,602 INFO  [io.api.tes.ser.api.KafkaSerdesTester] (Thread-711) Sending message {"key11755051286299": "value-4"} to topic topic-44782901_e7a7_4155_820b_c8f3da8d525a
2025-08-13 02:14:47,603 INFO  [io.api.tes.ser.api.KafkaSerdesTester] (Thread-711) Sending message {"key11755051286299": "value-5"} to topic topic-44782901_e7a7_4155_820b_c8f3da8d525a
2025-08-13 02:14:47,606 INFO  [io.api.tes.ser.api.KafkaSerdesTester] (Thread-711) Sending message {"key11755051286299": "value-6"} to topic topic-44782901_e7a7_4155_820b_c8f3da8d525a
2025-08-13 02:14:47,612 INFO  [io.api.tes.ser.api.KafkaSerdesTester] (Thread-711) Sending message {"key11755051286299": "value-7"} to topic topic-44782901_e7a7_4155_820b_c8f3da8d525a
2025-08-13 02:14:47,617 INFO  [io.api.tes.ser.api.KafkaSerdesTester] (Thread-711) Sending message {"key11755051286299": "value-8"} to topic topic-44782901_e7a7_4155_820b_c8f3da8d525a
2025-08-13 02:14:47,620 INFO  [io.api.tes.ser.api.KafkaSerdesTester] (Thread-711) Sending message {"key11755051286299": "value-9"} to topic topic-44782901_e7a7_4155_820b_c8f3da8d525a
2025-08-13 02:14:47,630 INFO  [io.api.tes.ser.api.KafkaSerdesTester] (Thread-711) Produced 10 messages
2025-08-13 02:14:47,630 INFO  [org.apa.kaf.cli.pro.KafkaProducer] (Thread-711) [Producer clientId=Producer-topic-44782901_e7a7_4155_820b_c8f3da8d525a] Closing the Kafka producer with timeoutMillis = 9223372036854775807 ms.
2025-08-13 02:14:47,635 INFO  [org.apa.kaf.com.met.Metrics] (Thread-711) Metrics scheduler closed
2025-08-13 02:14:47,635 INFO  [org.apa.kaf.com.met.Metrics] (Thread-711) Closing reporter org.apache.kafka.common.metrics.JmxReporter
2025-08-13 02:14:47,635 INFO  [org.apa.kaf.com.met.Metrics] (Thread-711) Closing reporter org.apache.kafka.common.telemetry.internals.ClientTelemetryReporter
2025-08-13 02:14:47,635 INFO  [org.apa.kaf.com.met.Metrics] (Thread-711) Metrics reporters closed
2025-08-13 02:14:47,635 INFO  [org.apa.kaf.com.uti.AppInfoParser] (Thread-711) App info kafka.producer for Producer-topic-44782901_e7a7_4155_820b_c8f3da8d525a unregistered
2025-08-13 02:14:47,637 INFO  [io.api.tes.ser.api.KafkaSerdesTester] (Thread-712) Sending message {"key11755051286299": "value-0"} to topic topic-2b0e2c40_4bac_4c7b_891e_f382dada8b5f
2025-08-13 02:14:47,648 INFO  [DefaultSchemaResolver] (Thread-712) Retrieving schema content using string: {"type":"record","name":"myrecordconfluent","fields":[{"name":"key11755051286299","type":"string"}]}
2025-08-13 02:14:47,711 INFO  [io.api.tes.ser.api.KafkaSerdesTester] (Thread-712) Sending message {"key11755051286299": "value-1"} to topic topic-2b0e2c40_4bac_4c7b_891e_f382dada8b5f
2025-08-13 02:14:47,712 INFO  [io.api.tes.ser.api.KafkaSerdesTester] (Thread-712) Sending message {"key11755051286299": "value-2"} to topic topic-2b0e2c40_4bac_4c7b_891e_f382dada8b5f
2025-08-13 02:14:47,714 INFO  [io.api.tes.ser.api.KafkaSerdesTester] (Thread-712) Sending message {"key11755051286299": "value-3"} to topic topic-2b0e2c40_4bac_4c7b_891e_f382dada8b5f
2025-08-13 02:14:47,715 INFO  [io.api.tes.ser.api.KafkaSerdesTester] (Thread-712) Sending message {"key11755051286299": "value-4"} to topic topic-2b0e2c40_4bac_4c7b_891e_f382dada8b5f
2025-08-13 02:14:47,717 INFO  [io.api.tes.ser.api.KafkaSerdesTester] (Thread-712) Sending message {"key11755051286299": "value-5"} to topic topic-2b0e2c40_4bac_4c7b_891e_f382dada8b5f
2025-08-13 02:14:47,718 INFO  [io.api.tes.ser.api.KafkaSerdesTester] (Thread-712) Sending message {"key11755051286299": "value-6"} to topic topic-2b0e2c40_4bac_4c7b_891e_f382dada8b5f
2025-08-13 02:14:47,719 INFO  [io.api.tes.ser.api.KafkaSerdesTester] (Thread-712) Sending message {"key11755051286299": "value-7"} to topic topic-2b0e2c40_4bac_4c7b_891e_f382dada8b5f
2025-08-13 02:14:47,721 INFO  [io.api.tes.ser.api.KafkaSerdesTester] (Thread-712) Sending message {"key11755051286299": "value-8"} to topic topic-2b0e2c40_4bac_4c7b_891e_f382dada8b5f
2025-08-13 02:14:47,723 INFO  [io.api.tes.ser.api.KafkaSerdesTester] (Thread-712) Sending message {"key11755051286299": "value-9"} to topic topic-2b0e2c40_4bac_4c7b_891e_f382dada8b5f
2025-08-13 02:14:47,724 INFO  [io.api.tes.ser.api.KafkaSerdesTester] (Thread-712) Produced 10 messages
2025-08-13 02:14:47,724 INFO  [org.apa.kaf.cli.pro.KafkaProducer] (Thread-712) [Producer clientId=Producer-topic-2b0e2c40_4bac_4c7b_891e_f382dada8b5f] Closing the Kafka producer with timeoutMillis = 9223372036854775807 ms.
2025-08-13 02:14:47,726 INFO  [org.apa.kaf.com.met.Metrics] (Thread-712) Metrics scheduler closed
2025-08-13 02:14:47,726 INFO  [org.apa.kaf.com.met.Metrics] (Thread-712) Closing reporter org.apache.kafka.common.metrics.JmxReporter
2025-08-13 02:14:47,726 INFO  [org.apa.kaf.com.met.Metrics] (Thread-712) Closing reporter org.apache.kafka.common.telemetry.internals.ClientTelemetryReporter
2025-08-13 02:14:47,726 INFO  [org.apa.kaf.com.met.Metrics] (Thread-712) Metrics reporters closed
2025-08-13 02:14:47,726 INFO  [org.apa.kaf.com.uti.AppInfoParser] (Thread-712) App info kafka.producer for Producer-topic-2b0e2c40_4bac_4c7b_891e_f382dada8b5f unregistered
2025-08-13 02:14:47,728 INFO  [org.apa.kaf.cli.con.int.ClassicKafkaConsumer] (Thread-713) [Consumer clientId=consumer-Consumer-topic-0fe568e6_5985_4f33_8efa_b2d276231578-13, groupId=Consumer-topic-0fe568e6_5985_4f33_8efa_b2d276231578] Subscribed to topic(s): topic-0fe568e6_5985_4f33_8efa_b2d276231578
2025-08-13 02:14:47,732 INFO  [org.apa.kaf.cli.Metadata] (Thread-713) [Consumer clientId=consumer-Consumer-topic-0fe568e6_5985_4f33_8efa_b2d276231578-13, groupId=Consumer-topic-0fe568e6_5985_4f33_8efa_b2d276231578] Cluster ID: KRqqH0pCSh6FBkmoZ2CGGg
2025-08-13 02:14:47,733 INFO  [org.apa.kaf.cli.con.int.ConsumerCoordinator] (Thread-713) [Consumer clientId=consumer-Consumer-topic-0fe568e6_5985_4f33_8efa_b2d276231578-13, groupId=Consumer-topic-0fe568e6_5985_4f33_8efa_b2d276231578] Discovered group coordinator localhost:32769 (id: 2147483647 rack: null)
2025-08-13 02:14:47,737 INFO  [org.apa.kaf.cli.con.int.ConsumerCoordinator] (Thread-713) [Consumer clientId=consumer-Consumer-topic-0fe568e6_5985_4f33_8efa_b2d276231578-13, groupId=Consumer-topic-0fe568e6_5985_4f33_8efa_b2d276231578] (Re-)joining group
2025-08-13 02:14:47,741 INFO  [org.apa.kaf.cli.con.int.ConsumerCoordinator] (Thread-713) [Consumer clientId=consumer-Consumer-topic-0fe568e6_5985_4f33_8efa_b2d276231578-13, groupId=Consumer-topic-0fe568e6_5985_4f33_8efa_b2d276231578] Request joining group due to: need to re-join with the given member-id: consumer-Consumer-topic-0fe568e6_5985_4f33_8efa_b2d276231578-13-72d1cd7f-700f-4be2-913a-c9af0f2e9f93
2025-08-13 02:14:47,741 INFO  [org.apa.kaf.cli.con.int.ConsumerCoordinator] (Thread-713) [Consumer clientId=consumer-Consumer-topic-0fe568e6_5985_4f33_8efa_b2d276231578-13, groupId=Consumer-topic-0fe568e6_5985_4f33_8efa_b2d276231578] (Re-)joining group
2025-08-13 02:14:48,728 INFO  [io.api.tes.ser.api.KafkaSerdesTester] (Thread-713) None found
2025-08-13 02:14:49,729 INFO  [io.api.tes.ser.api.KafkaSerdesTester] (Thread-713) None found
2025-08-13 02:14:50,729 INFO  [io.api.tes.ser.api.KafkaSerdesTester] (Thread-713) None found
2025-08-13 02:14:50,744 INFO  [org.apa.kaf.cli.con.int.ConsumerCoordinator] (Thread-713) [Consumer clientId=consumer-Consumer-topic-0fe568e6_5985_4f33_8efa_b2d276231578-13, groupId=Consumer-topic-0fe568e6_5985_4f33_8efa_b2d276231578] Successfully joined group with generation Generation{generationId=1, memberId='consumer-Consumer-topic-0fe568e6_5985_4f33_8efa_b2d276231578-13-72d1cd7f-700f-4be2-913a-c9af0f2e9f93', protocol='range'}
2025-08-13 02:14:50,744 INFO  [org.apa.kaf.cli.con.int.ConsumerCoordinator] (Thread-713) [Consumer clientId=consumer-Consumer-topic-0fe568e6_5985_4f33_8efa_b2d276231578-13, groupId=Consumer-topic-0fe568e6_5985_4f33_8efa_b2d276231578] Finished assignment for group at generation 1: {consumer-Consumer-topic-0fe568e6_5985_4f33_8efa_b2d276231578-13-72d1cd7f-700f-4be2-913a-c9af0f2e9f93=Assignment(partitions=[topic-0fe568e6_5985_4f33_8efa_b2d276231578-0])}
2025-08-13 02:14:50,751 INFO  [org.apa.kaf.cli.con.int.ConsumerCoordinator] (Thread-713) [Consumer clientId=consumer-Consumer-topic-0fe568e6_5985_4f33_8efa_b2d276231578-13, groupId=Consumer-topic-0fe568e6_5985_4f33_8efa_b2d276231578] Successfully synced group in generation Generation{generationId=1, memberId='consumer-Consumer-topic-0fe568e6_5985_4f33_8efa_b2d276231578-13-72d1cd7f-700f-4be2-913a-c9af0f2e9f93', protocol='range'}
2025-08-13 02:14:50,752 INFO  [org.apa.kaf.cli.con.int.ConsumerCoordinator] (Thread-713) [Consumer clientId=consumer-Consumer-topic-0fe568e6_5985_4f33_8efa_b2d276231578-13, groupId=Consumer-topic-0fe568e6_5985_4f33_8efa_b2d276231578] Notifying assignor about the new Assignment(partitions=[topic-0fe568e6_5985_4f33_8efa_b2d276231578-0])
2025-08-13 02:14:50,752 INFO  [org.apa.kaf.cli.con.int.ConsumerRebalanceListenerInvoker] (Thread-713) [Consumer clientId=consumer-Consumer-topic-0fe568e6_5985_4f33_8efa_b2d276231578-13, groupId=Consumer-topic-0fe568e6_5985_4f33_8efa_b2d276231578] Adding newly assigned partitions: topic-0fe568e6_5985_4f33_8efa_b2d276231578-0
2025-08-13 02:14:50,753 INFO  [org.apa.kaf.cli.con.int.ConsumerCoordinator] (Thread-713) [Consumer clientId=consumer-Consumer-topic-0fe568e6_5985_4f33_8efa_b2d276231578-13, groupId=Consumer-topic-0fe568e6_5985_4f33_8efa_b2d276231578] Found no committed offset for partition topic-0fe568e6_5985_4f33_8efa_b2d276231578-0
2025-08-13 02:14:50,756 INFO  [org.apa.kaf.cli.con.int.SubscriptionState] (Thread-713) [Consumer clientId=consumer-Consumer-topic-0fe568e6_5985_4f33_8efa_b2d276231578-13, groupId=Consumer-topic-0fe568e6_5985_4f33_8efa_b2d276231578] Resetting offset for partition topic-0fe568e6_5985_4f33_8efa_b2d276231578-0 to position FetchPosition{offset=0, offsetEpoch=Optional.empty, currentLeader=LeaderAndEpoch{leader=Optional[localhost:32769 (id: 0 rack: null)], epoch=0}}.
2025-08-13 02:14:50,832 INFO  [io.api.tes.ser.api.KafkaSerdesTester] (Thread-713) topic-0fe568e6_5985_4f33_8efa_b2d276231578 0 0 {"key11755051286299": "value-0"}
2025-08-13 02:14:50,832 INFO  [io.api.tes.ser.api.KafkaSerdesTester] (Thread-713) topic-0fe568e6_5985_4f33_8efa_b2d276231578 0 1 {"key11755051286299": "value-1"}
2025-08-13 02:14:50,832 INFO  [io.api.tes.ser.api.KafkaSerdesTester] (Thread-713) topic-0fe568e6_5985_4f33_8efa_b2d276231578 0 2 {"key11755051286299": "value-2"}
2025-08-13 02:14:50,832 INFO  [io.api.tes.ser.api.KafkaSerdesTester] (Thread-713) topic-0fe568e6_5985_4f33_8efa_b2d276231578 0 3 {"key11755051286299": "value-3"}
2025-08-13 02:14:50,833 INFO  [io.api.tes.ser.api.KafkaSerdesTester] (Thread-713) topic-0fe568e6_5985_4f33_8efa_b2d276231578 0 4 {"key11755051286299": "value-4"}
2025-08-13 02:14:50,833 INFO  [io.api.tes.ser.api.KafkaSerdesTester] (Thread-713) topic-0fe568e6_5985_4f33_8efa_b2d276231578 0 5 {"key11755051286299": "value-5"}
2025-08-13 02:14:50,833 INFO  [io.api.tes.ser.api.KafkaSerdesTester] (Thread-713) topic-0fe568e6_5985_4f33_8efa_b2d276231578 0 6 {"key11755051286299": "value-6"}
2025-08-13 02:14:50,833 INFO  [io.api.tes.ser.api.KafkaSerdesTester] (Thread-713) topic-0fe568e6_5985_4f33_8efa_b2d276231578 0 7 {"key11755051286299": "value-7"}
2025-08-13 02:14:50,833 INFO  [io.api.tes.ser.api.KafkaSerdesTester] (Thread-713) topic-0fe568e6_5985_4f33_8efa_b2d276231578 0 8 {"key11755051286299": "value-8"}
2025-08-13 02:14:50,833 INFO  [io.api.tes.ser.api.KafkaSerdesTester] (Thread-713) topic-0fe568e6_5985_4f33_8efa_b2d276231578 0 9 {"key11755051286299": "value-9"}
2025-08-13 02:14:50,833 INFO  [io.api.tes.ser.api.KafkaSerdesTester] (Thread-713) Consumed 10 messages
2025-08-13 02:14:50,840 INFO  [org.apa.kaf.cli.con.int.ConsumerRebalanceListenerInvoker] (Thread-713) [Consumer clientId=consumer-Consumer-topic-0fe568e6_5985_4f33_8efa_b2d276231578-13, groupId=Consumer-topic-0fe568e6_5985_4f33_8efa_b2d276231578] Revoke previously assigned partitions topic-0fe568e6_5985_4f33_8efa_b2d276231578-0
2025-08-13 02:14:50,840 INFO  [org.apa.kaf.cli.con.int.ConsumerCoordinator] (Thread-713) [Consumer clientId=consumer-Consumer-topic-0fe568e6_5985_4f33_8efa_b2d276231578-13, groupId=Consumer-topic-0fe568e6_5985_4f33_8efa_b2d276231578] Member consumer-Consumer-topic-0fe568e6_5985_4f33_8efa_b2d276231578-13-72d1cd7f-700f-4be2-913a-c9af0f2e9f93 sending LeaveGroup request to coordinator localhost:32769 (id: 2147483647 rack: null) due to the consumer is being closed
2025-08-13 02:14:50,841 INFO  [org.apa.kaf.cli.con.int.ConsumerCoordinator] (Thread-713) [Consumer clientId=consumer-Consumer-topic-0fe568e6_5985_4f33_8efa_b2d276231578-13, groupId=Consumer-topic-0fe568e6_5985_4f33_8efa_b2d276231578] Resetting generation and member id due to: consumer pro-actively leaving the group
2025-08-13 02:14:50,841 INFO  [org.apa.kaf.cli.con.int.ConsumerCoordinator] (Thread-713) [Consumer clientId=consumer-Consumer-topic-0fe568e6_5985_4f33_8efa_b2d276231578-13, groupId=Consumer-topic-0fe568e6_5985_4f33_8efa_b2d276231578] Request joining group due to: consumer pro-actively leaving the group
2025-08-13 02:14:51,335 INFO  [org.apa.kaf.com.met.Metrics] (Thread-713) Metrics scheduler closed
2025-08-13 02:14:51,335 INFO  [org.apa.kaf.com.met.Metrics] (Thread-713) Closing reporter org.apache.kafka.common.metrics.JmxReporter
2025-08-13 02:14:51,335 INFO  [org.apa.kaf.com.met.Metrics] (Thread-713) Closing reporter org.apache.kafka.common.telemetry.internals.ClientTelemetryReporter
2025-08-13 02:14:51,335 INFO  [org.apa.kaf.com.met.Metrics] (Thread-713) Metrics reporters closed
2025-08-13 02:14:51,338 INFO  [org.apa.kaf.com.uti.AppInfoParser] (Thread-713) App info kafka.consumer for consumer-Consumer-topic-0fe568e6_5985_4f33_8efa_b2d276231578-13 unregistered
2025-08-13 02:14:51,338 INFO  [org.apa.kaf.cli.con.int.ClassicKafkaConsumer] (Thread-714) [Consumer clientId=consumer-Consumer-topic-44782901_e7a7_4155_820b_c8f3da8d525a-14, groupId=Consumer-topic-44782901_e7a7_4155_820b_c8f3da8d525a] Subscribed to topic(s): topic-44782901_e7a7_4155_820b_c8f3da8d525a
2025-08-13 02:14:51,343 INFO  [org.apa.kaf.cli.Metadata] (Thread-714) [Consumer clientId=consumer-Consumer-topic-44782901_e7a7_4155_820b_c8f3da8d525a-14, groupId=Consumer-topic-44782901_e7a7_4155_820b_c8f3da8d525a] Cluster ID: KRqqH0pCSh6FBkmoZ2CGGg
2025-08-13 02:14:51,344 INFO  [org.apa.kaf.cli.con.int.ConsumerCoordinator] (Thread-714) [Consumer clientId=consumer-Consumer-topic-44782901_e7a7_4155_820b_c8f3da8d525a-14, groupId=Consumer-topic-44782901_e7a7_4155_820b_c8f3da8d525a] Discovered group coordinator localhost:32769 (id: 2147483647 rack: null)
2025-08-13 02:14:51,345 INFO  [org.apa.kaf.cli.con.int.ConsumerCoordinator] (Thread-714) [Consumer clientId=consumer-Consumer-topic-44782901_e7a7_4155_820b_c8f3da8d525a-14, groupId=Consumer-topic-44782901_e7a7_4155_820b_c8f3da8d525a] (Re-)joining group
2025-08-13 02:14:51,348 INFO  [org.apa.kaf.cli.con.int.ConsumerCoordinator] (Thread-714) [Consumer clientId=consumer-Consumer-topic-44782901_e7a7_4155_820b_c8f3da8d525a-14, groupId=Consumer-topic-44782901_e7a7_4155_820b_c8f3da8d525a] Request joining group due to: need to re-join with the given member-id: consumer-Consumer-topic-44782901_e7a7_4155_820b_c8f3da8d525a-14-81679cc8-cf2a-4be6-b639-76c29ce36b90
2025-08-13 02:14:51,348 INFO  [org.apa.kaf.cli.con.int.ConsumerCoordinator] (Thread-714) [Consumer clientId=consumer-Consumer-topic-44782901_e7a7_4155_820b_c8f3da8d525a-14, groupId=Consumer-topic-44782901_e7a7_4155_820b_c8f3da8d525a] (Re-)joining group
2025-08-13 02:14:52,339 INFO  [io.api.tes.ser.api.KafkaSerdesTester] (Thread-714) None found
2025-08-13 02:14:53,340 INFO  [io.api.tes.ser.api.KafkaSerdesTester] (Thread-714) None found
2025-08-13 02:14:54,340 INFO  [io.api.tes.ser.api.KafkaSerdesTester] (Thread-714) None found
2025-08-13 02:14:54,353 INFO  [org.apa.kaf.cli.con.int.ConsumerCoordinator] (Thread-714) [Consumer clientId=consumer-Consumer-topic-44782901_e7a7_4155_820b_c8f3da8d525a-14, groupId=Consumer-topic-44782901_e7a7_4155_820b_c8f3da8d525a] Successfully joined group with generation Generation{generationId=1, memberId='consumer-Consumer-topic-44782901_e7a7_4155_820b_c8f3da8d525a-14-81679cc8-cf2a-4be6-b639-76c29ce36b90', protocol='range'}
2025-08-13 02:14:54,353 INFO  [org.apa.kaf.cli.con.int.ConsumerCoordinator] (Thread-714) [Consumer clientId=consumer-Consumer-topic-44782901_e7a7_4155_820b_c8f3da8d525a-14, groupId=Consumer-topic-44782901_e7a7_4155_820b_c8f3da8d525a] Finished assignment for group at generation 1: {consumer-Consumer-topic-44782901_e7a7_4155_820b_c8f3da8d525a-14-81679cc8-cf2a-4be6-b639-76c29ce36b90=Assignment(partitions=[topic-44782901_e7a7_4155_820b_c8f3da8d525a-0])}
2025-08-13 02:14:54,360 INFO  [org.apa.kaf.cli.con.int.ConsumerCoordinator] (Thread-714) [Consumer clientId=consumer-Consumer-topic-44782901_e7a7_4155_820b_c8f3da8d525a-14, groupId=Consumer-topic-44782901_e7a7_4155_820b_c8f3da8d525a] Successfully synced group in generation Generation{generationId=1, memberId='consumer-Consumer-topic-44782901_e7a7_4155_820b_c8f3da8d525a-14-81679cc8-cf2a-4be6-b639-76c29ce36b90', protocol='range'}
2025-08-13 02:14:54,360 INFO  [org.apa.kaf.cli.con.int.ConsumerCoordinator] (Thread-714) [Consumer clientId=consumer-Consumer-topic-44782901_e7a7_4155_820b_c8f3da8d525a-14, groupId=Consumer-topic-44782901_e7a7_4155_820b_c8f3da8d525a] Notifying assignor about the new Assignment(partitions=[topic-44782901_e7a7_4155_820b_c8f3da8d525a-0])
2025-08-13 02:14:54,360 INFO  [org.apa.kaf.cli.con.int.ConsumerRebalanceListenerInvoker] (Thread-714) [Consumer clientId=consumer-Consumer-topic-44782901_e7a7_4155_820b_c8f3da8d525a-14, groupId=Consumer-topic-44782901_e7a7_4155_820b_c8f3da8d525a] Adding newly assigned partitions: topic-44782901_e7a7_4155_820b_c8f3da8d525a-0
2025-08-13 02:14:54,361 INFO  [org.apa.kaf.cli.con.int.ConsumerCoordinator] (Thread-714) [Consumer clientId=consumer-Consumer-topic-44782901_e7a7_4155_820b_c8f3da8d525a-14, groupId=Consumer-topic-44782901_e7a7_4155_820b_c8f3da8d525a] Found no committed offset for partition topic-44782901_e7a7_4155_820b_c8f3da8d525a-0
2025-08-13 02:14:54,364 INFO  [org.apa.kaf.cli.con.int.SubscriptionState] (Thread-714) [Consumer clientId=consumer-Consumer-topic-44782901_e7a7_4155_820b_c8f3da8d525a-14, groupId=Consumer-topic-44782901_e7a7_4155_820b_c8f3da8d525a] Resetting offset for partition topic-44782901_e7a7_4155_820b_c8f3da8d525a-0 to position FetchPosition{offset=0, offsetEpoch=Optional.empty, currentLeader=LeaderAndEpoch{leader=Optional[localhost:32769 (id: 0 rack: null)], epoch=0}}.
2025-08-13 02:14:54,442 INFO  [io.api.tes.ser.api.KafkaSerdesTester] (Thread-714) topic-44782901_e7a7_4155_820b_c8f3da8d525a 0 0 {"key11755051286299": "value-0"}
2025-08-13 02:14:54,442 INFO  [io.api.tes.ser.api.KafkaSerdesTester] (Thread-714) topic-44782901_e7a7_4155_820b_c8f3da8d525a 0 1 {"key11755051286299": "value-1"}
2025-08-13 02:14:54,442 INFO  [io.api.tes.ser.api.KafkaSerdesTester] (Thread-714) topic-44782901_e7a7_4155_820b_c8f3da8d525a 0 2 {"key11755051286299": "value-2"}
2025-08-13 02:14:54,442 INFO  [io.api.tes.ser.api.KafkaSerdesTester] (Thread-714) topic-44782901_e7a7_4155_820b_c8f3da8d525a 0 3 {"key11755051286299": "value-3"}
2025-08-13 02:14:54,442 INFO  [io.api.tes.ser.api.KafkaSerdesTester] (Thread-714) topic-44782901_e7a7_4155_820b_c8f3da8d525a 0 4 {"key11755051286299": "value-4"}
2025-08-13 02:14:54,442 INFO  [io.api.tes.ser.api.KafkaSerdesTester] (Thread-714) topic-44782901_e7a7_4155_820b_c8f3da8d525a 0 5 {"key11755051286299": "value-5"}
2025-08-13 02:14:54,442 INFO  [io.api.tes.ser.api.KafkaSerdesTester] (Thread-714) topic-44782901_e7a7_4155_820b_c8f3da8d525a 0 6 {"key11755051286299": "value-6"}
2025-08-13 02:14:54,442 INFO  [io.api.tes.ser.api.KafkaSerdesTester] (Thread-714) topic-44782901_e7a7_4155_820b_c8f3da8d525a 0 7 {"key11755051286299": "value-7"}
2025-08-13 02:14:54,442 INFO  [io.api.tes.ser.api.KafkaSerdesTester] (Thread-714) topic-44782901_e7a7_4155_820b_c8f3da8d525a 0 8 {"key11755051286299": "value-8"}
2025-08-13 02:14:54,442 INFO  [io.api.tes.ser.api.KafkaSerdesTester] (Thread-714) topic-44782901_e7a7_4155_820b_c8f3da8d525a 0 9 {"key11755051286299": "value-9"}
2025-08-13 02:14:54,442 INFO  [io.api.tes.ser.api.KafkaSerdesTester] (Thread-714) Consumed 10 messages
2025-08-13 02:14:54,450 INFO  [org.apa.kaf.cli.con.int.ConsumerRebalanceListenerInvoker] (Thread-714) [Consumer clientId=consumer-Consumer-topic-44782901_e7a7_4155_820b_c8f3da8d525a-14, groupId=Consumer-topic-44782901_e7a7_4155_820b_c8f3da8d525a] Revoke previously assigned partitions topic-44782901_e7a7_4155_820b_c8f3da8d525a-0
2025-08-13 02:14:54,450 INFO  [org.apa.kaf.cli.con.int.ConsumerCoordinator] (Thread-714) [Consumer clientId=consumer-Consumer-topic-44782901_e7a7_4155_820b_c8f3da8d525a-14, groupId=Consumer-topic-44782901_e7a7_4155_820b_c8f3da8d525a] Member consumer-Consumer-topic-44782901_e7a7_4155_820b_c8f3da8d525a-14-81679cc8-cf2a-4be6-b639-76c29ce36b90 sending LeaveGroup request to coordinator localhost:32769 (id: 2147483647 rack: null) due to the consumer is being closed
2025-08-13 02:14:54,450 INFO  [org.apa.kaf.cli.con.int.ConsumerCoordinator] (Thread-714) [Consumer clientId=consumer-Consumer-topic-44782901_e7a7_4155_820b_c8f3da8d525a-14, groupId=Consumer-topic-44782901_e7a7_4155_820b_c8f3da8d525a] Resetting generation and member id due to: consumer pro-actively leaving the group
2025-08-13 02:14:54,450 INFO  [org.apa.kaf.cli.con.int.ConsumerCoordinator] (Thread-714) [Consumer clientId=consumer-Consumer-topic-44782901_e7a7_4155_820b_c8f3da8d525a-14, groupId=Consumer-topic-44782901_e7a7_4155_820b_c8f3da8d525a] Request joining group due to: consumer pro-actively leaving the group
2025-08-13 02:14:54,944 INFO  [org.apa.kaf.com.met.Metrics] (Thread-714) Metrics scheduler closed
2025-08-13 02:14:54,944 INFO  [org.apa.kaf.com.met.Metrics] (Thread-714) Closing reporter org.apache.kafka.common.metrics.JmxReporter
2025-08-13 02:14:54,945 INFO  [org.apa.kaf.com.met.Metrics] (Thread-714) Closing reporter org.apache.kafka.common.telemetry.internals.ClientTelemetryReporter
2025-08-13 02:14:54,945 INFO  [org.apa.kaf.com.met.Metrics] (Thread-714) Metrics reporters closed
2025-08-13 02:14:54,947 INFO  [org.apa.kaf.com.uti.AppInfoParser] (Thread-714) App info kafka.consumer for consumer-Consumer-topic-44782901_e7a7_4155_820b_c8f3da8d525a-14 unregistered
2025-08-13 02:14:54,949 INFO  [org.apa.kaf.cli.con.int.ClassicKafkaConsumer] (Thread-715) [Consumer clientId=consumer-Consumer-topic-2b0e2c40_4bac_4c7b_891e_f382dada8b5f-15, groupId=Consumer-topic-2b0e2c40_4bac_4c7b_891e_f382dada8b5f] Subscribed to topic(s): topic-2b0e2c40_4bac_4c7b_891e_f382dada8b5f
2025-08-13 02:14:54,957 INFO  [org.apa.kaf.cli.Metadata] (Thread-715) [Consumer clientId=consumer-Consumer-topic-2b0e2c40_4bac_4c7b_891e_f382dada8b5f-15, groupId=Consumer-topic-2b0e2c40_4bac_4c7b_891e_f382dada8b5f] Cluster ID: KRqqH0pCSh6FBkmoZ2CGGg
2025-08-13 02:14:54,957 INFO  [org.apa.kaf.cli.con.int.ConsumerCoordinator] (Thread-715) [Consumer clientId=consumer-Consumer-topic-2b0e2c40_4bac_4c7b_891e_f382dada8b5f-15, groupId=Consumer-topic-2b0e2c40_4bac_4c7b_891e_f382dada8b5f] Discovered group coordinator localhost:32769 (id: 2147483647 rack: null)
2025-08-13 02:14:54,959 INFO  [org.apa.kaf.cli.con.int.ConsumerCoordinator] (Thread-715) [Consumer clientId=consumer-Consumer-topic-2b0e2c40_4bac_4c7b_891e_f382dada8b5f-15, groupId=Consumer-topic-2b0e2c40_4bac_4c7b_891e_f382dada8b5f] (Re-)joining group
2025-08-13 02:14:54,962 INFO  [org.apa.kaf.cli.con.int.ConsumerCoordinator] (Thread-715) [Consumer clientId=consumer-Consumer-topic-2b0e2c40_4bac_4c7b_891e_f382dada8b5f-15, groupId=Consumer-topic-2b0e2c40_4bac_4c7b_891e_f382dada8b5f] Request joining group due to: need to re-join with the given member-id: consumer-Consumer-topic-2b0e2c40_4bac_4c7b_891e_f382dada8b5f-15-278f7e31-374b-427a-925e-3b24a491fb0e
2025-08-13 02:14:54,963 INFO  [org.apa.kaf.cli.con.int.ConsumerCoordinator] (Thread-715) [Consumer clientId=consumer-Consumer-topic-2b0e2c40_4bac_4c7b_891e_f382dada8b5f-15, groupId=Consumer-topic-2b0e2c40_4bac_4c7b_891e_f382dada8b5f] (Re-)joining group
2025-08-13 02:14:55,950 INFO  [io.api.tes.ser.api.KafkaSerdesTester] (Thread-715) None found
2025-08-13 02:14:56,951 INFO  [io.api.tes.ser.api.KafkaSerdesTester] (Thread-715) None found
2025-08-13 02:14:57,951 INFO  [io.api.tes.ser.api.KafkaSerdesTester] (Thread-715) None found
2025-08-13 02:14:57,965 INFO  [org.apa.kaf.cli.con.int.ConsumerCoordinator] (Thread-715) [Consumer clientId=consumer-Consumer-topic-2b0e2c40_4bac_4c7b_891e_f382dada8b5f-15, groupId=Consumer-topic-2b0e2c40_4bac_4c7b_891e_f382dada8b5f] Successfully joined group with generation Generation{generationId=1, memberId='consumer-Consumer-topic-2b0e2c40_4bac_4c7b_891e_f382dada8b5f-15-278f7e31-374b-427a-925e-3b24a491fb0e', protocol='range'}
2025-08-13 02:14:57,965 INFO  [org.apa.kaf.cli.con.int.ConsumerCoordinator] (Thread-715) [Consumer clientId=consumer-Consumer-topic-2b0e2c40_4bac_4c7b_891e_f382dada8b5f-15, groupId=Consumer-topic-2b0e2c40_4bac_4c7b_891e_f382dada8b5f] Finished assignment for group at generation 1: {consumer-Consumer-topic-2b0e2c40_4bac_4c7b_891e_f382dada8b5f-15-278f7e31-374b-427a-925e-3b24a491fb0e=Assignment(partitions=[topic-2b0e2c40_4bac_4c7b_891e_f382dada8b5f-0])}
2025-08-13 02:14:57,972 INFO  [org.apa.kaf.cli.con.int.ConsumerCoordinator] (Thread-715) [Consumer clientId=consumer-Consumer-topic-2b0e2c40_4bac_4c7b_891e_f382dada8b5f-15, groupId=Consumer-topic-2b0e2c40_4bac_4c7b_891e_f382dada8b5f] Successfully synced group in generation Generation{generationId=1, memberId='consumer-Consumer-topic-2b0e2c40_4bac_4c7b_891e_f382dada8b5f-15-278f7e31-374b-427a-925e-3b24a491fb0e', protocol='range'}
2025-08-13 02:14:57,973 INFO  [org.apa.kaf.cli.con.int.ConsumerCoordinator] (Thread-715) [Consumer clientId=consumer-Consumer-topic-2b0e2c40_4bac_4c7b_891e_f382dada8b5f-15, groupId=Consumer-topic-2b0e2c40_4bac_4c7b_891e_f382dada8b5f] Notifying assignor about the new Assignment(partitions=[topic-2b0e2c40_4bac_4c7b_891e_f382dada8b5f-0])
2025-08-13 02:14:57,973 INFO  [org.apa.kaf.cli.con.int.ConsumerRebalanceListenerInvoker] (Thread-715) [Consumer clientId=consumer-Consumer-topic-2b0e2c40_4bac_4c7b_891e_f382dada8b5f-15, groupId=Consumer-topic-2b0e2c40_4bac_4c7b_891e_f382dada8b5f] Adding newly assigned partitions: topic-2b0e2c40_4bac_4c7b_891e_f382dada8b5f-0
2025-08-13 02:14:57,974 INFO  [org.apa.kaf.cli.con.int.ConsumerCoordinator] (Thread-715) [Consumer clientId=consumer-Consumer-topic-2b0e2c40_4bac_4c7b_891e_f382dada8b5f-15, groupId=Consumer-topic-2b0e2c40_4bac_4c7b_891e_f382dada8b5f] Found no committed offset for partition topic-2b0e2c40_4bac_4c7b_891e_f382dada8b5f-0
2025-08-13 02:14:57,977 INFO  [org.apa.kaf.cli.con.int.SubscriptionState] (Thread-715) [Consumer clientId=consumer-Consumer-topic-2b0e2c40_4bac_4c7b_891e_f382dada8b5f-15, groupId=Consumer-topic-2b0e2c40_4bac_4c7b_891e_f382dada8b5f] Resetting offset for partition topic-2b0e2c40_4bac_4c7b_891e_f382dada8b5f-0 to position FetchPosition{offset=0, offsetEpoch=Optional.empty, currentLeader=LeaderAndEpoch{leader=Optional[localhost:32769 (id: 0 rack: null)], epoch=0}}.
2025-08-13 02:14:58,055 INFO  [io.api.tes.ser.api.KafkaSerdesTester] (Thread-715) topic-2b0e2c40_4bac_4c7b_891e_f382dada8b5f 0 0 {"key11755051286299": "value-0"}
2025-08-13 02:14:58,055 INFO  [io.api.tes.ser.api.KafkaSerdesTester] (Thread-715) topic-2b0e2c40_4bac_4c7b_891e_f382dada8b5f 0 1 {"key11755051286299": "value-1"}
2025-08-13 02:14:58,055 INFO  [io.api.tes.ser.api.KafkaSerdesTester] (Thread-715) topic-2b0e2c40_4bac_4c7b_891e_f382dada8b5f 0 2 {"key11755051286299": "value-2"}
2025-08-13 02:14:58,055 INFO  [io.api.tes.ser.api.KafkaSerdesTester] (Thread-715) topic-2b0e2c40_4bac_4c7b_891e_f382dada8b5f 0 3 {"key11755051286299": "value-3"}
2025-08-13 02:14:58,055 INFO  [io.api.tes.ser.api.KafkaSerdesTester] (Thread-715) topic-2b0e2c40_4bac_4c7b_891e_f382dada8b5f 0 4 {"key11755051286299": "value-4"}
2025-08-13 02:14:58,055 INFO  [io.api.tes.ser.api.KafkaSerdesTester] (Thread-715) topic-2b0e2c40_4bac_4c7b_891e_f382dada8b5f 0 5 {"key11755051286299": "value-5"}
2025-08-13 02:14:58,055 INFO  [io.api.tes.ser.api.KafkaSerdesTester] (Thread-715) topic-2b0e2c40_4bac_4c7b_891e_f382dada8b5f 0 6 {"key11755051286299": "value-6"}
2025-08-13 02:14:58,055 INFO  [io.api.tes.ser.api.KafkaSerdesTester] (Thread-715) topic-2b0e2c40_4bac_4c7b_891e_f382dada8b5f 0 7 {"key11755051286299": "value-7"}
2025-08-13 02:14:58,055 INFO  [io.api.tes.ser.api.KafkaSerdesTester] (Thread-715) topic-2b0e2c40_4bac_4c7b_891e_f382dada8b5f 0 8 {"key11755051286299": "value-8"}
2025-08-13 02:14:58,055 INFO  [io.api.tes.ser.api.KafkaSerdesTester] (Thread-715) topic-2b0e2c40_4bac_4c7b_891e_f382dada8b5f 0 9 {"key11755051286299": "value-9"}
2025-08-13 02:14:58,055 INFO  [io.api.tes.ser.api.KafkaSerdesTester] (Thread-715) Consumed 10 messages
2025-08-13 02:14:58,064 INFO  [org.apa.kaf.cli.con.int.ConsumerRebalanceListenerInvoker] (Thread-715) [Consumer clientId=consumer-Consumer-topic-2b0e2c40_4bac_4c7b_891e_f382dada8b5f-15, groupId=Consumer-topic-2b0e2c40_4bac_4c7b_891e_f382dada8b5f] Revoke previously assigned partitions topic-2b0e2c40_4bac_4c7b_891e_f382dada8b5f-0
2025-08-13 02:14:58,065 INFO  [org.apa.kaf.cli.con.int.ConsumerCoordinator] (Thread-715) [Consumer clientId=consumer-Consumer-topic-2b0e2c40_4bac_4c7b_891e_f382dada8b5f-15, groupId=Consumer-topic-2b0e2c40_4bac_4c7b_891e_f382dada8b5f] Member consumer-Consumer-topic-2b0e2c40_4bac_4c7b_891e_f382dada8b5f-15-278f7e31-374b-427a-925e-3b24a491fb0e sending LeaveGroup request to coordinator localhost:32769 (id: 2147483647 rack: null) due to the consumer is being closed
2025-08-13 02:14:58,065 INFO  [org.apa.kaf.cli.con.int.ConsumerCoordinator] (Thread-715) [Consumer clientId=consumer-Consumer-topic-2b0e2c40_4bac_4c7b_891e_f382dada8b5f-15, groupId=Consumer-topic-2b0e2c40_4bac_4c7b_891e_f382dada8b5f] Resetting generation and member id due to: consumer pro-actively leaving the group
2025-08-13 02:14:58,065 INFO  [org.apa.kaf.cli.con.int.ConsumerCoordinator] (Thread-715) [Consumer clientId=consumer-Consumer-topic-2b0e2c40_4bac_4c7b_891e_f382dada8b5f-15, groupId=Consumer-topic-2b0e2c40_4bac_4c7b_891e_f382dada8b5f] Request joining group due to: consumer pro-actively leaving the group
2025-08-13 02:14:58,559 INFO  [org.apa.kaf.com.met.Metrics] (Thread-715) Metrics scheduler closed
2025-08-13 02:14:58,559 INFO  [org.apa.kaf.com.met.Metrics] (Thread-715) Closing reporter org.apache.kafka.common.metrics.JmxReporter
2025-08-13 02:14:58,560 INFO  [org.apa.kaf.com.met.Metrics] (Thread-715) Closing reporter org.apache.kafka.common.telemetry.internals.ClientTelemetryReporter
2025-08-13 02:14:58,560 INFO  [org.apa.kaf.com.met.Metrics] (Thread-715) Metrics reporters closed
2025-08-13 02:14:58,562 INFO  [org.apa.kaf.com.uti.AppInfoParser] (Thread-715) App info kafka.consumer for consumer-Consumer-topic-2b0e2c40_4bac_4c7b_891e_f382dada8b5f-15 unregistered
2025-08-13 02:14:58,563 INFO  [io.api.tes.uti.TestSeparator] (main) io.apicurio.tests.serdes.apicurio.AvroSerdeIT.testAvroConfluentForMultipleTopics-FINISHED
2025-08-13 02:14:58,563 INFO  [io.api.tes.uti.TestSeparator] (main) ############################################################################
Test passed: testAvroConfluentForMultipleTopics
]]></system-out>
  </testcase>
  <testcase name="testFirstRequestFailsRateLimited" classname="io.apicurio.tests.serdes.apicurio.AvroSerdeIT" time="1.412">
    <system-out><![CDATA[2025-08-13 02:14:58,564 INFO  [io.api.tes.uti.TestSeparator] (main) ############################################################################
2025-08-13 02:14:58,564 INFO  [io.api.tes.uti.TestSeparator] (main) io.apicurio.tests.serdes.apicurio.AvroSerdeIT.testFirstRequestFailsRateLimited-STARTED
2025-08-13 02:14:59,424 WARN  [org.ecl.jet.ser.AbstractConnector] (main) Acceptors should be <= availableProcessors: NetworkTrafficServerConnector@503c8431{HTTP/1.1, (http/1.1, h2c)}{0.0.0.0:0} 
2025-08-13 02:14:59,557 INFO  [org.ecl.jet.ser.Server] (main) jetty-11.0.15; built: 2023-04-11T18:37:53.775Z; git: 5bc5e562c8d05c5862505aebe5cf83a61bdbcb96; jvm 17.0.16+8
2025-08-13 02:14:59,600 INFO  [org.ecl.jet.ser.han.ContextHandler] (main) Started o.e.j.s.ServletContextHandler@74e2de39{/__admin,null,AVAILABLE}
2025-08-13 02:14:59,611 INFO  [org.ecl.jet.ser.han.Con.ROOT] (main) RequestHandlerClass from context returned com.github.tomakehurst.wiremock.http.StubRequestHandler. Normalized mapped under returned 'null'
2025-08-13 02:14:59,614 INFO  [org.ecl.jet.ser.han.ContextHandler] (main) Started o.e.j.s.ServletContextHandler@2174acc0{/,null,AVAILABLE}
2025-08-13 02:14:59,626 INFO  [org.ecl.jet.ser.AbstractConnector] (main) Started NetworkTrafficServerConnector@503c8431{HTTP/1.1, (http/1.1, h2c)}{0.0.0.0:34045}
2025-08-13 02:14:59,627 INFO  [org.ecl.jet.ser.Server] (main) Started Server@10c0d39d{STARTING}[11.0.15,sto=1000] @105617ms
**** Registry Base URL: http://registry-app-inmemory.apps.ci419.apicurio-testing.org:80
2025-08-13 02:14:59,639 INFO  [org.apa.kaf.cli.pro.ProducerConfig] (main) ProducerConfig values: 
	acks = -1
	auto.include.jmx.reporter = true
	batch.size = 16384
	bootstrap.servers = [PLAINTEXT://localhost:32769]
	buffer.memory = 33554432
	client.dns.lookup = use_all_dns_ips
	client.id = Producer-topic-0502c9ec_ce7a_438a_9170_73df2fa4c1ae
	compression.gzip.level = -1
	compression.lz4.level = 9
	compression.type = none
	compression.zstd.level = 3
	connections.max.idle.ms = 10000
	delivery.timeout.ms = 120000
	enable.idempotence = true
	enable.metrics.push = true
	interceptor.classes = []
	key.serializer = class org.apache.kafka.common.serialization.StringSerializer
	linger.ms = 0
	max.block.ms = 60000
	max.in.flight.requests.per.connection = 5
	max.request.size = 1048576
	metadata.max.age.ms = 300000
	metadata.max.idle.ms = 300000
	metadata.recovery.strategy = none
	metric.reporters = []
	metrics.num.samples = 2
	metrics.recording.level = INFO
	metrics.sample.window.ms = 30000
	partitioner.adaptive.partitioning.enable = true
	partitioner.availability.timeout.ms = 0
	partitioner.class = null
	partitioner.ignore.keys = false
	receive.buffer.bytes = 32768
	reconnect.backoff.max.ms = 1000
	reconnect.backoff.ms = 50
	request.timeout.ms = 5000
	retries = 2147483647
	retry.backoff.max.ms = 1000
	retry.backoff.ms = 100
	sasl.client.callback.handler.class = null
	sasl.jaas.config = null
	sasl.kerberos.kinit.cmd = /usr/bin/kinit
	sasl.kerberos.min.time.before.relogin = 60000
	sasl.kerberos.service.name = null
	sasl.kerberos.ticket.renew.jitter = 0.05
	sasl.kerberos.ticket.renew.window.factor = 0.8
	sasl.login.callback.handler.class = null
	sasl.login.class = null
	sasl.login.connect.timeout.ms = null
	sasl.login.read.timeout.ms = null
	sasl.login.refresh.buffer.seconds = 300
	sasl.login.refresh.min.period.seconds = 60
	sasl.login.refresh.window.factor = 0.8
	sasl.login.refresh.window.jitter = 0.05
	sasl.login.retry.backoff.max.ms = 10000
	sasl.login.retry.backoff.ms = 100
	sasl.mechanism = GSSAPI
	sasl.oauthbearer.clock.skew.seconds = 30
	sasl.oauthbearer.expected.audience = null
	sasl.oauthbearer.expected.issuer = null
	sasl.oauthbearer.header.urlencode = false
	sasl.oauthbearer.jwks.endpoint.refresh.ms = 3600000
	sasl.oauthbearer.jwks.endpoint.retry.backoff.max.ms = 10000
	sasl.oauthbearer.jwks.endpoint.retry.backoff.ms = 100
	sasl.oauthbearer.jwks.endpoint.url = null
	sasl.oauthbearer.scope.claim.name = scope
	sasl.oauthbearer.sub.claim.name = sub
	sasl.oauthbearer.token.endpoint.url = null
	security.protocol = PLAINTEXT
	security.providers = null
	send.buffer.bytes = 131072
	socket.connection.setup.timeout.max.ms = 30000
	socket.connection.setup.timeout.ms = 10000
	ssl.cipher.suites = null
	ssl.enabled.protocols = [TLSv1.2, TLSv1.3]
	ssl.endpoint.identification.algorithm = https
	ssl.engine.factory.class = null
	ssl.key.password = null
	ssl.keymanager.algorithm = SunX509
	ssl.keystore.certificate.chain = null
	ssl.keystore.key = null
	ssl.keystore.location = null
	ssl.keystore.password = null
	ssl.keystore.type = JKS
	ssl.protocol = TLSv1.3
	ssl.provider = null
	ssl.secure.random.implementation = null
	ssl.trustmanager.algorithm = PKIX
	ssl.truststore.certificates = null
	ssl.truststore.location = null
	ssl.truststore.password = null
	ssl.truststore.type = JKS
	transaction.timeout.ms = 60000
	transactional.id = null
	value.serializer = class io.apicurio.registry.serde.avro.AvroKafkaSerializer

2025-08-13 02:14:59,640 INFO  [org.apa.kaf.com.tel.int.KafkaMetricsCollector] (main) initializing Kafka metrics collector
2025-08-13 02:14:59,645 INFO  [org.apa.kaf.cli.pro.KafkaProducer] (main) [Producer clientId=Producer-topic-0502c9ec_ce7a_438a_9170_73df2fa4c1ae] Instantiated an idempotent producer.
2025-08-13 02:14:59,647 INFO  [org.apa.kaf.cli.pro.ProducerConfig] (main) These configurations '[apicurio.registry.url, apicurio.registry.artifact-resolver-strategy]' were supplied but are not used yet.
2025-08-13 02:14:59,648 INFO  [org.apa.kaf.com.uti.AppInfoParser] (main) Kafka version: 3.9.1
2025-08-13 02:14:59,648 INFO  [org.apa.kaf.com.uti.AppInfoParser] (main) Kafka commitId: f745dfdcee2b9851
2025-08-13 02:14:59,648 INFO  [org.apa.kaf.com.uti.AppInfoParser] (main) Kafka startTimeMs: 1755051299648
2025-08-13 02:14:59,649 INFO  [io.api.tes.ser.api.KafkaSerdesTester] (Thread-726) Sending message {"keyB": "value-0"} to topic topic-0502c9ec_ce7a_438a_9170_73df2fa4c1ae
2025-08-13 02:14:59,654 WARN  [org.apa.kaf.cli.NetworkClient] (kafka-producer-network-thread | Producer-topic-0502c9ec_ce7a_438a_9170_73df2fa4c1ae) [Producer clientId=Producer-topic-0502c9ec_ce7a_438a_9170_73df2fa4c1ae] The metadata response from the cluster reported a recoverable issue with correlation id 1 : {topic-0502c9ec_ce7a_438a_9170_73df2fa4c1ae=UNKNOWN_TOPIC_OR_PARTITION}
2025-08-13 02:14:59,654 INFO  [org.apa.kaf.cli.Metadata] (kafka-producer-network-thread | Producer-topic-0502c9ec_ce7a_438a_9170_73df2fa4c1ae) [Producer clientId=Producer-topic-0502c9ec_ce7a_438a_9170_73df2fa4c1ae] Cluster ID: KRqqH0pCSh6FBkmoZ2CGGg
2025-08-13 02:14:59,655 INFO  [org.apa.kaf.cli.pro.int.TransactionManager] (kafka-producer-network-thread | Producer-topic-0502c9ec_ce7a_438a_9170_73df2fa4c1ae) [Producer clientId=Producer-topic-0502c9ec_ce7a_438a_9170_73df2fa4c1ae] ProducerId set to 22 with epoch 0
2025-08-13 02:14:59,777 INFO  [DefaultSchemaResolver] (Thread-726) Retrieving schema content using string: {"type":"record","name":"myrecord","namespace":"mygroup","fields":[{"name":"keyB","type":"string"}]}
2025-08-13 02:14:59,957 INFO  [org.apa.kaf.cli.pro.KafkaProducer] (Thread-726) [Producer clientId=Producer-topic-0502c9ec_ce7a_438a_9170_73df2fa4c1ae] Closing the Kafka producer with timeoutMillis = 9223372036854775807 ms.
2025-08-13 02:14:59,960 INFO  [org.apa.kaf.com.met.Metrics] (Thread-726) Metrics scheduler closed
2025-08-13 02:14:59,960 INFO  [org.apa.kaf.com.met.Metrics] (Thread-726) Closing reporter org.apache.kafka.common.metrics.JmxReporter
2025-08-13 02:14:59,960 INFO  [org.apa.kaf.com.met.Metrics] (Thread-726) Closing reporter org.apache.kafka.common.telemetry.internals.ClientTelemetryReporter
2025-08-13 02:14:59,960 INFO  [org.apa.kaf.com.met.Metrics] (Thread-726) Metrics reporters closed
2025-08-13 02:14:59,960 INFO  [org.apa.kaf.com.uti.AppInfoParser] (Thread-726) App info kafka.producer for Producer-topic-0502c9ec_ce7a_438a_9170_73df2fa4c1ae unregistered
2025-08-13 02:14:59,964 INFO  [org.ecl.jet.ser.Server] (main) Stopped Server@10c0d39d{STOPPING}[11.0.15,sto=1000]
2025-08-13 02:14:59,964 INFO  [org.ecl.jet.ser.Server] (main) Shutdown Server@10c0d39d{STOPPING}[11.0.15,sto=1000]
2025-08-13 02:14:59,969 INFO  [org.ecl.jet.ser.AbstractConnector] (main) Stopped NetworkTrafficServerConnector@503c8431{HTTP/1.1, (http/1.1, h2c)}{0.0.0.0:0}
2025-08-13 02:14:59,972 INFO  [org.ecl.jet.ser.han.ContextHandler] (main) Stopped o.e.j.s.ServletContextHandler@2174acc0{/,null,STOPPED}
2025-08-13 02:14:59,972 INFO  [org.ecl.jet.ser.han.ContextHandler] (main) Stopped o.e.j.s.ServletContextHandler@74e2de39{/__admin,null,STOPPED}
2025-08-13 02:14:59,975 INFO  [io.api.tes.uti.TestSeparator] (main) io.apicurio.tests.serdes.apicurio.AvroSerdeIT.testFirstRequestFailsRateLimited-FINISHED
2025-08-13 02:14:59,975 INFO  [io.api.tes.uti.TestSeparator] (main) ############################################################################
Test passed: testFirstRequestFailsRateLimited
]]></system-out>
    <system-err><![CDATA[com.microsoft.kiota.ApiException: the server returned an unexpected status code and no error class is registered for this code 429
	at com.microsoft.kiota.ApiExceptionBuilder.withMessage(ApiExceptionBuilder.java:45)
	at io.kiota.http.vertx.VertXRequestAdapter.throwIfFailedResponse(VertXRequestAdapter.java:370)
	at io.kiota.http.vertx.VertXRequestAdapter.send(VertXRequestAdapter.java:170)
	at io.apicurio.registry.rest.client.search.versions.VersionsRequestBuilder.post(VersionsRequestBuilder.java:94)
	at io.apicurio.registry.resolver.client.RegistryClientFacadeImpl.searchVersionsByContent(RegistryClientFacadeImpl.java:106)
	at io.apicurio.registry.resolver.DefaultSchemaResolver.lambda$handleResolveSchemaByContent$3(DefaultSchemaResolver.java:258)
	at io.apicurio.registry.resolver.cache.ERCache.lambda$getValue$0(ERCache.java:174)
	at io.apicurio.registry.resolver.cache.ERCache.retry(ERCache.java:227)
	at io.apicurio.registry.resolver.cache.ERCache.getValue(ERCache.java:173)
	at io.apicurio.registry.resolver.cache.ERCache.getByContent(ERCache.java:147)
	at io.apicurio.registry.resolver.DefaultSchemaResolver.handleResolveSchemaByContent(DefaultSchemaResolver.java:253)
	at io.apicurio.registry.resolver.DefaultSchemaResolver.getSchemaFromRegistry(DefaultSchemaResolver.java:138)
	at io.apicurio.registry.resolver.DefaultSchemaResolver.lambda$resolveSchema$0(DefaultSchemaResolver.java:84)
	at java.base/java.util.Optional.orElseGet(Optional.java:364)
	at io.apicurio.registry.resolver.DefaultSchemaResolver.resolveSchema(DefaultSchemaResolver.java:84)
	at io.apicurio.registry.serde.AbstractSerializer.serializeData(AbstractSerializer.java:62)
	at io.apicurio.registry.serde.KafkaSerializer.serialize(KafkaSerializer.java:77)
	at org.apache.kafka.clients.producer.KafkaProducer.doSend(KafkaProducer.java:1046)
	at org.apache.kafka.clients.producer.KafkaProducer.send(KafkaProducer.java:993)
	at org.apache.kafka.clients.producer.KafkaProducer.send(KafkaProducer.java:875)
	at io.apicurio.tests.serdes.apicurio.KafkaSerdesTester.lambda$produceMessages$3(KafkaSerdesTester.java:138)
	at java.base/java.util.concurrent.CompletableFuture$AsyncSupply.run(CompletableFuture.java:1768)
	at java.base/java.lang.Thread.run(Thread.java:840)
]]></system-err>
  </testcase>
  <testcase name="testFirstEmptyFieldConfusedAsMagicByte" classname="io.apicurio.tests.serdes.apicurio.AvroSerdeIT" time="4.029">
    <system-out><![CDATA[2025-08-13 02:14:59,981 INFO  [io.api.tes.uti.TestSeparator] (main) ############################################################################
2025-08-13 02:14:59,981 INFO  [io.api.tes.uti.TestSeparator] (main) io.apicurio.tests.serdes.apicurio.AvroSerdeIT.testFirstEmptyFieldConfusedAsMagicByte-STARTED
**** Registry Base URL: http://registry-app-inmemory.apps.ci419.apicurio-testing.org:80
2025-08-13 02:14:59,990 INFO  [org.apa.kaf.cli.pro.ProducerConfig] (main) ProducerConfig values: 
	acks = -1
	auto.include.jmx.reporter = true
	batch.size = 16384
	bootstrap.servers = [PLAINTEXT://localhost:32769]
	buffer.memory = 33554432
	client.dns.lookup = use_all_dns_ips
	client.id = Producer-topic-896fef25_8d34_4210_819d_e43f0d26ab7d
	compression.gzip.level = -1
	compression.lz4.level = 9
	compression.type = none
	compression.zstd.level = 3
	connections.max.idle.ms = 10000
	delivery.timeout.ms = 120000
	enable.idempotence = true
	enable.metrics.push = true
	interceptor.classes = []
	key.serializer = class org.apache.kafka.common.serialization.StringSerializer
	linger.ms = 0
	max.block.ms = 60000
	max.in.flight.requests.per.connection = 5
	max.request.size = 1048576
	metadata.max.age.ms = 300000
	metadata.max.idle.ms = 300000
	metadata.recovery.strategy = none
	metric.reporters = []
	metrics.num.samples = 2
	metrics.recording.level = INFO
	metrics.sample.window.ms = 30000
	partitioner.adaptive.partitioning.enable = true
	partitioner.availability.timeout.ms = 0
	partitioner.class = null
	partitioner.ignore.keys = false
	receive.buffer.bytes = 32768
	reconnect.backoff.max.ms = 1000
	reconnect.backoff.ms = 50
	request.timeout.ms = 5000
	retries = 2147483647
	retry.backoff.max.ms = 1000
	retry.backoff.ms = 100
	sasl.client.callback.handler.class = null
	sasl.jaas.config = null
	sasl.kerberos.kinit.cmd = /usr/bin/kinit
	sasl.kerberos.min.time.before.relogin = 60000
	sasl.kerberos.service.name = null
	sasl.kerberos.ticket.renew.jitter = 0.05
	sasl.kerberos.ticket.renew.window.factor = 0.8
	sasl.login.callback.handler.class = null
	sasl.login.class = null
	sasl.login.connect.timeout.ms = null
	sasl.login.read.timeout.ms = null
	sasl.login.refresh.buffer.seconds = 300
	sasl.login.refresh.min.period.seconds = 60
	sasl.login.refresh.window.factor = 0.8
	sasl.login.refresh.window.jitter = 0.05
	sasl.login.retry.backoff.max.ms = 10000
	sasl.login.retry.backoff.ms = 100
	sasl.mechanism = GSSAPI
	sasl.oauthbearer.clock.skew.seconds = 30
	sasl.oauthbearer.expected.audience = null
	sasl.oauthbearer.expected.issuer = null
	sasl.oauthbearer.header.urlencode = false
	sasl.oauthbearer.jwks.endpoint.refresh.ms = 3600000
	sasl.oauthbearer.jwks.endpoint.retry.backoff.max.ms = 10000
	sasl.oauthbearer.jwks.endpoint.retry.backoff.ms = 100
	sasl.oauthbearer.jwks.endpoint.url = null
	sasl.oauthbearer.scope.claim.name = scope
	sasl.oauthbearer.sub.claim.name = sub
	sasl.oauthbearer.token.endpoint.url = null
	security.protocol = PLAINTEXT
	security.providers = null
	send.buffer.bytes = 131072
	socket.connection.setup.timeout.max.ms = 30000
	socket.connection.setup.timeout.ms = 10000
	ssl.cipher.suites = null
	ssl.enabled.protocols = [TLSv1.2, TLSv1.3]
	ssl.endpoint.identification.algorithm = https
	ssl.engine.factory.class = null
	ssl.key.password = null
	ssl.keymanager.algorithm = SunX509
	ssl.keystore.certificate.chain = null
	ssl.keystore.key = null
	ssl.keystore.location = null
	ssl.keystore.password = null
	ssl.keystore.type = JKS
	ssl.protocol = TLSv1.3
	ssl.provider = null
	ssl.secure.random.implementation = null
	ssl.trustmanager.algorithm = PKIX
	ssl.truststore.certificates = null
	ssl.truststore.location = null
	ssl.truststore.password = null
	ssl.truststore.type = JKS
	transaction.timeout.ms = 60000
	transactional.id = null
	value.serializer = class io.apicurio.registry.serde.avro.AvroKafkaSerializer

2025-08-13 02:14:59,991 INFO  [org.apa.kaf.com.tel.int.KafkaMetricsCollector] (main) initializing Kafka metrics collector
2025-08-13 02:14:59,994 INFO  [org.apa.kaf.cli.pro.KafkaProducer] (main) [Producer clientId=Producer-topic-896fef25_8d34_4210_819d_e43f0d26ab7d] Instantiated an idempotent producer.
2025-08-13 02:14:59,996 INFO  [org.apa.kaf.cli.pro.ProducerConfig] (main) These configurations '[apicurio.registry.url, apicurio.registry.auto-register, apicurio.registry.artifact-resolver-strategy]' were supplied but are not used yet.
2025-08-13 02:14:59,996 INFO  [org.apa.kaf.com.uti.AppInfoParser] (main) Kafka version: 3.9.1
2025-08-13 02:14:59,996 INFO  [org.apa.kaf.com.uti.AppInfoParser] (main) Kafka commitId: f745dfdcee2b9851
2025-08-13 02:14:59,996 INFO  [org.apa.kaf.com.uti.AppInfoParser] (main) Kafka startTimeMs: 1755051299996
2025-08-13 02:14:59,996 INFO  [io.api.tes.ser.api.SimpleSerdesTesterBuilder$SimpleSerdesTester] (main) Using producer configuration: {apicurio.registry.url=http://registry-app-inmemory.apps.ci419.apicurio-testing.org:80/apis/registry/v3, apicurio.registry.auto-register=true, apicurio.registry.artifact-resolver-strategy=io.apicurio.registry.serde.strategy.SimpleTopicIdStrategy, value.serializer=io.apicurio.registry.serde.avro.AvroKafkaSerializer, request.timeout.ms=5000, acks=all, bootstrap.servers=PLAINTEXT://localhost:32769, connections.max.idle.ms=10000, key.serializer=org.apache.kafka.common.serialization.StringSerializer, client.id=Producer-topic-896fef25_8d34_4210_819d_e43f0d26ab7d}
2025-08-13 02:14:59,997 INFO  [io.api.tes.ser.api.SimpleSerdesTesterBuilder$SimpleSerdesTester] (main) Using consumer configuration: {}
2025-08-13 02:14:59,998 INFO  [io.api.tes.ser.api.KafkaSerdesTester] (Thread-729) Sending message {"username": null} to topic topic-896fef25_8d34_4210_819d_e43f0d26ab7d
2025-08-13 02:15:00,004 WARN  [org.apa.kaf.cli.NetworkClient] (kafka-producer-network-thread | Producer-topic-896fef25_8d34_4210_819d_e43f0d26ab7d) [Producer clientId=Producer-topic-896fef25_8d34_4210_819d_e43f0d26ab7d] The metadata response from the cluster reported a recoverable issue with correlation id 1 : {topic-896fef25_8d34_4210_819d_e43f0d26ab7d=UNKNOWN_TOPIC_OR_PARTITION}
2025-08-13 02:15:00,004 INFO  [org.apa.kaf.cli.Metadata] (kafka-producer-network-thread | Producer-topic-896fef25_8d34_4210_819d_e43f0d26ab7d) [Producer clientId=Producer-topic-896fef25_8d34_4210_819d_e43f0d26ab7d] Cluster ID: KRqqH0pCSh6FBkmoZ2CGGg
2025-08-13 02:15:00,004 INFO  [org.apa.kaf.cli.pro.int.TransactionManager] (kafka-producer-network-thread | Producer-topic-896fef25_8d34_4210_819d_e43f0d26ab7d) [Producer clientId=Producer-topic-896fef25_8d34_4210_819d_e43f0d26ab7d] ProducerId set to 23 with epoch 0
2025-08-13 02:15:00,173 INFO  [io.api.tes.ser.api.KafkaSerdesTester] (Thread-729) Sending message {"username": null} to topic topic-896fef25_8d34_4210_819d_e43f0d26ab7d
2025-08-13 02:15:00,174 INFO  [io.api.tes.ser.api.KafkaSerdesTester] (Thread-729) Sending message {"username": "value-2"} to topic topic-896fef25_8d34_4210_819d_e43f0d26ab7d
2025-08-13 02:15:00,176 INFO  [io.api.tes.ser.api.KafkaSerdesTester] (Thread-729) Sending message {"username": null} to topic topic-896fef25_8d34_4210_819d_e43f0d26ab7d
2025-08-13 02:15:00,178 INFO  [io.api.tes.ser.api.KafkaSerdesTester] (Thread-729) Sending message {"username": "value-4"} to topic topic-896fef25_8d34_4210_819d_e43f0d26ab7d
2025-08-13 02:15:00,179 INFO  [io.api.tes.ser.api.KafkaSerdesTester] (Thread-729) Sending message {"username": null} to topic topic-896fef25_8d34_4210_819d_e43f0d26ab7d
2025-08-13 02:15:00,181 INFO  [io.api.tes.ser.api.KafkaSerdesTester] (Thread-729) Sending message {"username": "value-6"} to topic topic-896fef25_8d34_4210_819d_e43f0d26ab7d
2025-08-13 02:15:00,183 INFO  [io.api.tes.ser.api.KafkaSerdesTester] (Thread-729) Sending message {"username": null} to topic topic-896fef25_8d34_4210_819d_e43f0d26ab7d
2025-08-13 02:15:00,184 INFO  [io.api.tes.ser.api.KafkaSerdesTester] (Thread-729) Sending message {"username": "value-8"} to topic topic-896fef25_8d34_4210_819d_e43f0d26ab7d
2025-08-13 02:15:00,186 INFO  [io.api.tes.ser.api.KafkaSerdesTester] (Thread-729) Sending message {"username": null} to topic topic-896fef25_8d34_4210_819d_e43f0d26ab7d
2025-08-13 02:15:00,188 INFO  [io.api.tes.ser.api.KafkaSerdesTester] (Thread-729) Produced 10 messages
2025-08-13 02:15:00,188 INFO  [org.apa.kaf.cli.pro.KafkaProducer] (Thread-729) [Producer clientId=Producer-topic-896fef25_8d34_4210_819d_e43f0d26ab7d] Closing the Kafka producer with timeoutMillis = 9223372036854775807 ms.
2025-08-13 02:15:00,190 INFO  [org.apa.kaf.com.met.Metrics] (Thread-729) Metrics scheduler closed
2025-08-13 02:15:00,190 INFO  [org.apa.kaf.com.met.Metrics] (Thread-729) Closing reporter org.apache.kafka.common.metrics.JmxReporter
2025-08-13 02:15:00,190 INFO  [org.apa.kaf.com.met.Metrics] (Thread-729) Closing reporter org.apache.kafka.common.telemetry.internals.ClientTelemetryReporter
2025-08-13 02:15:00,190 INFO  [org.apa.kaf.com.met.Metrics] (Thread-729) Metrics reporters closed
2025-08-13 02:15:00,190 INFO  [org.apa.kaf.com.uti.AppInfoParser] (Thread-729) App info kafka.producer for Producer-topic-896fef25_8d34_4210_819d_e43f0d26ab7d unregistered
**** Registry Base URL: http://registry-app-inmemory.apps.ci419.apicurio-testing.org:80
2025-08-13 02:15:00,379 INFO  [org.apa.kaf.cli.con.ConsumerConfig] (main) ConsumerConfig values: 
	allow.auto.create.topics = true
	auto.commit.interval.ms = 500
	auto.include.jmx.reporter = true
	auto.offset.reset = earliest
	bootstrap.servers = [PLAINTEXT://localhost:32769]
	check.crcs = true
	client.dns.lookup = use_all_dns_ips
	client.id = consumer-Consumer-topic-896fef25_8d34_4210_819d_e43f0d26ab7d-16
	client.rack = 
	connections.max.idle.ms = 10000
	default.api.timeout.ms = 60000
	enable.auto.commit = true
	enable.metrics.push = true
	exclude.internal.topics = true
	fetch.max.bytes = 52428800
	fetch.max.wait.ms = 500
	fetch.min.bytes = 1
	group.id = Consumer-topic-896fef25_8d34_4210_819d_e43f0d26ab7d
	group.instance.id = null
	group.protocol = classic
	group.remote.assignor = null
	heartbeat.interval.ms = 3000
	interceptor.classes = []
	internal.leave.group.on.close = true
	internal.throw.on.fetch.stable.offset.unsupported = false
	isolation.level = read_uncommitted
	key.deserializer = class org.apache.kafka.common.serialization.StringDeserializer
	max.partition.fetch.bytes = 1048576
	max.poll.interval.ms = 300000
	max.poll.records = 500
	metadata.max.age.ms = 300000
	metadata.recovery.strategy = none
	metric.reporters = []
	metrics.num.samples = 2
	metrics.recording.level = INFO
	metrics.sample.window.ms = 30000
	partition.assignment.strategy = [class org.apache.kafka.clients.consumer.RangeAssignor, class org.apache.kafka.clients.consumer.CooperativeStickyAssignor]
	receive.buffer.bytes = 65536
	reconnect.backoff.max.ms = 1000
	reconnect.backoff.ms = 50
	request.timeout.ms = 5000
	retry.backoff.max.ms = 1000
	retry.backoff.ms = 100
	sasl.client.callback.handler.class = null
	sasl.jaas.config = null
	sasl.kerberos.kinit.cmd = /usr/bin/kinit
	sasl.kerberos.min.time.before.relogin = 60000
	sasl.kerberos.service.name = null
	sasl.kerberos.ticket.renew.jitter = 0.05
	sasl.kerberos.ticket.renew.window.factor = 0.8
	sasl.login.callback.handler.class = null
	sasl.login.class = null
	sasl.login.connect.timeout.ms = null
	sasl.login.read.timeout.ms = null
	sasl.login.refresh.buffer.seconds = 300
	sasl.login.refresh.min.period.seconds = 60
	sasl.login.refresh.window.factor = 0.8
	sasl.login.refresh.window.jitter = 0.05
	sasl.login.retry.backoff.max.ms = 10000
	sasl.login.retry.backoff.ms = 100
	sasl.mechanism = GSSAPI
	sasl.oauthbearer.clock.skew.seconds = 30
	sasl.oauthbearer.expected.audience = null
	sasl.oauthbearer.expected.issuer = null
	sasl.oauthbearer.header.urlencode = false
	sasl.oauthbearer.jwks.endpoint.refresh.ms = 3600000
	sasl.oauthbearer.jwks.endpoint.retry.backoff.max.ms = 10000
	sasl.oauthbearer.jwks.endpoint.retry.backoff.ms = 100
	sasl.oauthbearer.jwks.endpoint.url = null
	sasl.oauthbearer.scope.claim.name = scope
	sasl.oauthbearer.sub.claim.name = sub
	sasl.oauthbearer.token.endpoint.url = null
	security.protocol = PLAINTEXT
	security.providers = null
	send.buffer.bytes = 131072
	session.timeout.ms = 45000
	socket.connection.setup.timeout.max.ms = 30000
	socket.connection.setup.timeout.ms = 10000
	ssl.cipher.suites = null
	ssl.enabled.protocols = [TLSv1.2, TLSv1.3]
	ssl.endpoint.identification.algorithm = https
	ssl.engine.factory.class = null
	ssl.key.password = null
	ssl.keymanager.algorithm = SunX509
	ssl.keystore.certificate.chain = null
	ssl.keystore.key = null
	ssl.keystore.location = null
	ssl.keystore.password = null
	ssl.keystore.type = JKS
	ssl.protocol = TLSv1.3
	ssl.provider = null
	ssl.secure.random.implementation = null
	ssl.trustmanager.algorithm = PKIX
	ssl.truststore.certificates = null
	ssl.truststore.location = null
	ssl.truststore.password = null
	ssl.truststore.type = JKS
	value.deserializer = class io.apicurio.registry.serde.avro.AvroKafkaDeserializer

2025-08-13 02:15:00,380 INFO  [org.apa.kaf.com.tel.int.KafkaMetricsCollector] (main) initializing Kafka metrics collector
2025-08-13 02:15:00,387 INFO  [org.apa.kaf.cli.con.ConsumerConfig] (main) These configurations '[apicurio.registry.url]' were supplied but are not used yet.
2025-08-13 02:15:00,387 INFO  [org.apa.kaf.com.uti.AppInfoParser] (main) Kafka version: 3.9.1
2025-08-13 02:15:00,387 INFO  [org.apa.kaf.com.uti.AppInfoParser] (main) Kafka commitId: f745dfdcee2b9851
2025-08-13 02:15:00,387 INFO  [org.apa.kaf.com.uti.AppInfoParser] (main) Kafka startTimeMs: 1755051300387
2025-08-13 02:15:00,387 INFO  [org.apa.kaf.cli.con.int.ClassicKafkaConsumer] (Thread-732) [Consumer clientId=consumer-Consumer-topic-896fef25_8d34_4210_819d_e43f0d26ab7d-16, groupId=Consumer-topic-896fef25_8d34_4210_819d_e43f0d26ab7d] Subscribed to topic(s): topic-896fef25_8d34_4210_819d_e43f0d26ab7d
2025-08-13 02:15:00,392 INFO  [org.apa.kaf.cli.Metadata] (Thread-732) [Consumer clientId=consumer-Consumer-topic-896fef25_8d34_4210_819d_e43f0d26ab7d-16, groupId=Consumer-topic-896fef25_8d34_4210_819d_e43f0d26ab7d] Cluster ID: KRqqH0pCSh6FBkmoZ2CGGg
2025-08-13 02:15:00,397 INFO  [org.apa.kaf.cli.con.int.ConsumerCoordinator] (Thread-732) [Consumer clientId=consumer-Consumer-topic-896fef25_8d34_4210_819d_e43f0d26ab7d-16, groupId=Consumer-topic-896fef25_8d34_4210_819d_e43f0d26ab7d] Discovered group coordinator localhost:32769 (id: 2147483647 rack: null)
2025-08-13 02:15:00,401 INFO  [org.apa.kaf.cli.con.int.ConsumerCoordinator] (Thread-732) [Consumer clientId=consumer-Consumer-topic-896fef25_8d34_4210_819d_e43f0d26ab7d-16, groupId=Consumer-topic-896fef25_8d34_4210_819d_e43f0d26ab7d] (Re-)joining group
2025-08-13 02:15:00,410 INFO  [org.apa.kaf.cli.con.int.ConsumerCoordinator] (Thread-732) [Consumer clientId=consumer-Consumer-topic-896fef25_8d34_4210_819d_e43f0d26ab7d-16, groupId=Consumer-topic-896fef25_8d34_4210_819d_e43f0d26ab7d] Request joining group due to: need to re-join with the given member-id: consumer-Consumer-topic-896fef25_8d34_4210_819d_e43f0d26ab7d-16-a94ee048-8a44-420d-819d-8f8620f61432
2025-08-13 02:15:00,410 INFO  [org.apa.kaf.cli.con.int.ConsumerCoordinator] (Thread-732) [Consumer clientId=consumer-Consumer-topic-896fef25_8d34_4210_819d_e43f0d26ab7d-16, groupId=Consumer-topic-896fef25_8d34_4210_819d_e43f0d26ab7d] (Re-)joining group
2025-08-13 02:15:01,387 INFO  [io.api.tes.ser.api.KafkaSerdesTester] (Thread-732) None found
2025-08-13 02:15:02,387 INFO  [io.api.tes.ser.api.KafkaSerdesTester] (Thread-732) None found
2025-08-13 02:15:03,387 INFO  [io.api.tes.ser.api.KafkaSerdesTester] (Thread-732) None found
2025-08-13 02:15:03,412 INFO  [org.apa.kaf.cli.con.int.ConsumerCoordinator] (Thread-732) [Consumer clientId=consumer-Consumer-topic-896fef25_8d34_4210_819d_e43f0d26ab7d-16, groupId=Consumer-topic-896fef25_8d34_4210_819d_e43f0d26ab7d] Successfully joined group with generation Generation{generationId=1, memberId='consumer-Consumer-topic-896fef25_8d34_4210_819d_e43f0d26ab7d-16-a94ee048-8a44-420d-819d-8f8620f61432', protocol='range'}
2025-08-13 02:15:03,413 INFO  [org.apa.kaf.cli.con.int.ConsumerCoordinator] (Thread-732) [Consumer clientId=consumer-Consumer-topic-896fef25_8d34_4210_819d_e43f0d26ab7d-16, groupId=Consumer-topic-896fef25_8d34_4210_819d_e43f0d26ab7d] Finished assignment for group at generation 1: {consumer-Consumer-topic-896fef25_8d34_4210_819d_e43f0d26ab7d-16-a94ee048-8a44-420d-819d-8f8620f61432=Assignment(partitions=[topic-896fef25_8d34_4210_819d_e43f0d26ab7d-0])}
2025-08-13 02:15:03,420 INFO  [org.apa.kaf.cli.con.int.ConsumerCoordinator] (Thread-732) [Consumer clientId=consumer-Consumer-topic-896fef25_8d34_4210_819d_e43f0d26ab7d-16, groupId=Consumer-topic-896fef25_8d34_4210_819d_e43f0d26ab7d] Successfully synced group in generation Generation{generationId=1, memberId='consumer-Consumer-topic-896fef25_8d34_4210_819d_e43f0d26ab7d-16-a94ee048-8a44-420d-819d-8f8620f61432', protocol='range'}
2025-08-13 02:15:03,420 INFO  [org.apa.kaf.cli.con.int.ConsumerCoordinator] (Thread-732) [Consumer clientId=consumer-Consumer-topic-896fef25_8d34_4210_819d_e43f0d26ab7d-16, groupId=Consumer-topic-896fef25_8d34_4210_819d_e43f0d26ab7d] Notifying assignor about the new Assignment(partitions=[topic-896fef25_8d34_4210_819d_e43f0d26ab7d-0])
2025-08-13 02:15:03,420 INFO  [org.apa.kaf.cli.con.int.ConsumerRebalanceListenerInvoker] (Thread-732) [Consumer clientId=consumer-Consumer-topic-896fef25_8d34_4210_819d_e43f0d26ab7d-16, groupId=Consumer-topic-896fef25_8d34_4210_819d_e43f0d26ab7d] Adding newly assigned partitions: topic-896fef25_8d34_4210_819d_e43f0d26ab7d-0
2025-08-13 02:15:03,421 INFO  [org.apa.kaf.cli.con.int.ConsumerCoordinator] (Thread-732) [Consumer clientId=consumer-Consumer-topic-896fef25_8d34_4210_819d_e43f0d26ab7d-16, groupId=Consumer-topic-896fef25_8d34_4210_819d_e43f0d26ab7d] Found no committed offset for partition topic-896fef25_8d34_4210_819d_e43f0d26ab7d-0
2025-08-13 02:15:03,426 INFO  [org.apa.kaf.cli.con.int.SubscriptionState] (Thread-732) [Consumer clientId=consumer-Consumer-topic-896fef25_8d34_4210_819d_e43f0d26ab7d-16, groupId=Consumer-topic-896fef25_8d34_4210_819d_e43f0d26ab7d] Resetting offset for partition topic-896fef25_8d34_4210_819d_e43f0d26ab7d-0 to position FetchPosition{offset=0, offsetEpoch=Optional.empty, currentLeader=LeaderAndEpoch{leader=Optional[localhost:32769 (id: 0 rack: null)], epoch=0}}.
2025-08-13 02:15:03,503 INFO  [io.api.tes.ser.api.KafkaSerdesTester] (Thread-732) topic-896fef25_8d34_4210_819d_e43f0d26ab7d 0 0 {"username": null}
2025-08-13 02:15:03,503 INFO  [io.api.tes.ser.api.KafkaSerdesTester] (Thread-732) topic-896fef25_8d34_4210_819d_e43f0d26ab7d 0 1 {"username": null}
2025-08-13 02:15:03,503 INFO  [io.api.tes.ser.api.KafkaSerdesTester] (Thread-732) topic-896fef25_8d34_4210_819d_e43f0d26ab7d 0 2 {"username": "value-2"}
2025-08-13 02:15:03,503 INFO  [io.api.tes.ser.api.KafkaSerdesTester] (Thread-732) topic-896fef25_8d34_4210_819d_e43f0d26ab7d 0 3 {"username": null}
2025-08-13 02:15:03,503 INFO  [io.api.tes.ser.api.KafkaSerdesTester] (Thread-732) topic-896fef25_8d34_4210_819d_e43f0d26ab7d 0 4 {"username": "value-4"}
2025-08-13 02:15:03,503 INFO  [io.api.tes.ser.api.KafkaSerdesTester] (Thread-732) topic-896fef25_8d34_4210_819d_e43f0d26ab7d 0 5 {"username": null}
2025-08-13 02:15:03,503 INFO  [io.api.tes.ser.api.KafkaSerdesTester] (Thread-732) topic-896fef25_8d34_4210_819d_e43f0d26ab7d 0 6 {"username": "value-6"}
2025-08-13 02:15:03,503 INFO  [io.api.tes.ser.api.KafkaSerdesTester] (Thread-732) topic-896fef25_8d34_4210_819d_e43f0d26ab7d 0 7 {"username": null}
2025-08-13 02:15:03,503 INFO  [io.api.tes.ser.api.KafkaSerdesTester] (Thread-732) topic-896fef25_8d34_4210_819d_e43f0d26ab7d 0 8 {"username": "value-8"}
2025-08-13 02:15:03,503 INFO  [io.api.tes.ser.api.KafkaSerdesTester] (Thread-732) topic-896fef25_8d34_4210_819d_e43f0d26ab7d 0 9 {"username": null}
2025-08-13 02:15:03,503 INFO  [io.api.tes.ser.api.KafkaSerdesTester] (Thread-732) Consumed 10 messages
2025-08-13 02:15:03,512 INFO  [org.apa.kaf.cli.con.int.ConsumerRebalanceListenerInvoker] (Thread-732) [Consumer clientId=consumer-Consumer-topic-896fef25_8d34_4210_819d_e43f0d26ab7d-16, groupId=Consumer-topic-896fef25_8d34_4210_819d_e43f0d26ab7d] Revoke previously assigned partitions topic-896fef25_8d34_4210_819d_e43f0d26ab7d-0
2025-08-13 02:15:03,512 INFO  [org.apa.kaf.cli.con.int.ConsumerCoordinator] (Thread-732) [Consumer clientId=consumer-Consumer-topic-896fef25_8d34_4210_819d_e43f0d26ab7d-16, groupId=Consumer-topic-896fef25_8d34_4210_819d_e43f0d26ab7d] Member consumer-Consumer-topic-896fef25_8d34_4210_819d_e43f0d26ab7d-16-a94ee048-8a44-420d-819d-8f8620f61432 sending LeaveGroup request to coordinator localhost:32769 (id: 2147483647 rack: null) due to the consumer is being closed
2025-08-13 02:15:03,512 INFO  [org.apa.kaf.cli.con.int.ConsumerCoordinator] (Thread-732) [Consumer clientId=consumer-Consumer-topic-896fef25_8d34_4210_819d_e43f0d26ab7d-16, groupId=Consumer-topic-896fef25_8d34_4210_819d_e43f0d26ab7d] Resetting generation and member id due to: consumer pro-actively leaving the group
2025-08-13 02:15:03,512 INFO  [org.apa.kaf.cli.con.int.ConsumerCoordinator] (Thread-732) [Consumer clientId=consumer-Consumer-topic-896fef25_8d34_4210_819d_e43f0d26ab7d-16, groupId=Consumer-topic-896fef25_8d34_4210_819d_e43f0d26ab7d] Request joining group due to: consumer pro-actively leaving the group
2025-08-13 02:15:04,005 INFO  [org.apa.kaf.com.met.Metrics] (Thread-732) Metrics scheduler closed
2025-08-13 02:15:04,005 INFO  [org.apa.kaf.com.met.Metrics] (Thread-732) Closing reporter org.apache.kafka.common.metrics.JmxReporter
2025-08-13 02:15:04,005 INFO  [org.apa.kaf.com.met.Metrics] (Thread-732) Closing reporter org.apache.kafka.common.telemetry.internals.ClientTelemetryReporter
2025-08-13 02:15:04,005 INFO  [org.apa.kaf.com.met.Metrics] (Thread-732) Metrics reporters closed
2025-08-13 02:15:04,008 INFO  [org.apa.kaf.com.uti.AppInfoParser] (Thread-732) App info kafka.consumer for consumer-Consumer-topic-896fef25_8d34_4210_819d_e43f0d26ab7d-16 unregistered
2025-08-13 02:15:04,009 INFO  [io.api.tes.uti.TestSeparator] (main) io.apicurio.tests.serdes.apicurio.AvroSerdeIT.testFirstEmptyFieldConfusedAsMagicByte-FINISHED
2025-08-13 02:15:04,009 INFO  [io.api.tes.uti.TestSeparator] (main) ############################################################################
Test passed: testFirstEmptyFieldConfusedAsMagicByte
]]></system-out>
  </testcase>
  <testcase name="testAvroSerDesFailDifferentSchemaByContent" classname="io.apicurio.tests.serdes.apicurio.AvroSerdeIT" time="1.162">
    <system-out><![CDATA[2025-08-13 02:15:04,010 INFO  [io.api.tes.uti.TestSeparator] (main) ############################################################################
2025-08-13 02:15:04,010 INFO  [io.api.tes.uti.TestSeparator] (main) io.apicurio.tests.serdes.apicurio.AvroSerdeIT.testAvroSerDesFailDifferentSchemaByContent-STARTED
**** Registry Base URL: http://registry-app-inmemory.apps.ci419.apicurio-testing.org:80
2025-08-13 02:15:05,077 INFO  [org.apa.kaf.cli.pro.ProducerConfig] (main) ProducerConfig values: 
	acks = -1
	auto.include.jmx.reporter = true
	batch.size = 16384
	bootstrap.servers = [PLAINTEXT://localhost:32769]
	buffer.memory = 33554432
	client.dns.lookup = use_all_dns_ips
	client.id = Producer-topic-fab0956e_c6d7_43ca_8a53_dd8bb2fe92b3
	compression.gzip.level = -1
	compression.lz4.level = 9
	compression.type = none
	compression.zstd.level = 3
	connections.max.idle.ms = 10000
	delivery.timeout.ms = 120000
	enable.idempotence = true
	enable.metrics.push = true
	interceptor.classes = []
	key.serializer = class org.apache.kafka.common.serialization.StringSerializer
	linger.ms = 0
	max.block.ms = 60000
	max.in.flight.requests.per.connection = 5
	max.request.size = 1048576
	metadata.max.age.ms = 300000
	metadata.max.idle.ms = 300000
	metadata.recovery.strategy = none
	metric.reporters = []
	metrics.num.samples = 2
	metrics.recording.level = INFO
	metrics.sample.window.ms = 30000
	partitioner.adaptive.partitioning.enable = true
	partitioner.availability.timeout.ms = 0
	partitioner.class = null
	partitioner.ignore.keys = false
	receive.buffer.bytes = 32768
	reconnect.backoff.max.ms = 1000
	reconnect.backoff.ms = 50
	request.timeout.ms = 5000
	retries = 2147483647
	retry.backoff.max.ms = 1000
	retry.backoff.ms = 100
	sasl.client.callback.handler.class = null
	sasl.jaas.config = null
	sasl.kerberos.kinit.cmd = /usr/bin/kinit
	sasl.kerberos.min.time.before.relogin = 60000
	sasl.kerberos.service.name = null
	sasl.kerberos.ticket.renew.jitter = 0.05
	sasl.kerberos.ticket.renew.window.factor = 0.8
	sasl.login.callback.handler.class = null
	sasl.login.class = null
	sasl.login.connect.timeout.ms = null
	sasl.login.read.timeout.ms = null
	sasl.login.refresh.buffer.seconds = 300
	sasl.login.refresh.min.period.seconds = 60
	sasl.login.refresh.window.factor = 0.8
	sasl.login.refresh.window.jitter = 0.05
	sasl.login.retry.backoff.max.ms = 10000
	sasl.login.retry.backoff.ms = 100
	sasl.mechanism = GSSAPI
	sasl.oauthbearer.clock.skew.seconds = 30
	sasl.oauthbearer.expected.audience = null
	sasl.oauthbearer.expected.issuer = null
	sasl.oauthbearer.header.urlencode = false
	sasl.oauthbearer.jwks.endpoint.refresh.ms = 3600000
	sasl.oauthbearer.jwks.endpoint.retry.backoff.max.ms = 10000
	sasl.oauthbearer.jwks.endpoint.retry.backoff.ms = 100
	sasl.oauthbearer.jwks.endpoint.url = null
	sasl.oauthbearer.scope.claim.name = scope
	sasl.oauthbearer.sub.claim.name = sub
	sasl.oauthbearer.token.endpoint.url = null
	security.protocol = PLAINTEXT
	security.providers = null
	send.buffer.bytes = 131072
	socket.connection.setup.timeout.max.ms = 30000
	socket.connection.setup.timeout.ms = 10000
	ssl.cipher.suites = null
	ssl.enabled.protocols = [TLSv1.2, TLSv1.3]
	ssl.endpoint.identification.algorithm = https
	ssl.engine.factory.class = null
	ssl.key.password = null
	ssl.keymanager.algorithm = SunX509
	ssl.keystore.certificate.chain = null
	ssl.keystore.key = null
	ssl.keystore.location = null
	ssl.keystore.password = null
	ssl.keystore.type = JKS
	ssl.protocol = TLSv1.3
	ssl.provider = null
	ssl.secure.random.implementation = null
	ssl.trustmanager.algorithm = PKIX
	ssl.truststore.certificates = null
	ssl.truststore.location = null
	ssl.truststore.password = null
	ssl.truststore.type = JKS
	transaction.timeout.ms = 60000
	transactional.id = null
	value.serializer = class io.apicurio.registry.serde.avro.AvroKafkaSerializer

2025-08-13 02:15:05,078 INFO  [org.apa.kaf.com.tel.int.KafkaMetricsCollector] (main) initializing Kafka metrics collector
2025-08-13 02:15:05,081 INFO  [org.apa.kaf.cli.pro.KafkaProducer] (main) [Producer clientId=Producer-topic-fab0956e_c6d7_43ca_8a53_dd8bb2fe92b3] Instantiated an idempotent producer.
2025-08-13 02:15:05,083 INFO  [org.apa.kaf.cli.pro.ProducerConfig] (main) These configurations '[apicurio.registry.url, apicurio.registry.artifact-resolver-strategy]' were supplied but are not used yet.
2025-08-13 02:15:05,083 INFO  [org.apa.kaf.com.uti.AppInfoParser] (main) Kafka version: 3.9.1
2025-08-13 02:15:05,083 INFO  [org.apa.kaf.com.uti.AppInfoParser] (main) Kafka commitId: f745dfdcee2b9851
2025-08-13 02:15:05,083 INFO  [org.apa.kaf.com.uti.AppInfoParser] (main) Kafka startTimeMs: 1755051305083
2025-08-13 02:15:05,086 INFO  [io.api.tes.ser.api.KafkaSerdesTester] (Thread-735) Sending message {"keyB": "value-0"} to topic topic-fab0956e_c6d7_43ca_8a53_dd8bb2fe92b3
2025-08-13 02:15:05,090 INFO  [org.apa.kaf.cli.Metadata] (kafka-producer-network-thread | Producer-topic-fab0956e_c6d7_43ca_8a53_dd8bb2fe92b3) [Producer clientId=Producer-topic-fab0956e_c6d7_43ca_8a53_dd8bb2fe92b3] Cluster ID: KRqqH0pCSh6FBkmoZ2CGGg
2025-08-13 02:15:05,090 INFO  [DefaultSchemaResolver] (Thread-735) Retrieving schema content using string: {"type":"record","name":"s4e343eabx775dx4e67xa1c7xfd9f150b3b9d","namespace":"s3902d3d4x9bbfx4ad3x9f07x7427183e2563","fields":[{"name":"keyB","type":"string"}]}
2025-08-13 02:15:05,092 INFO  [org.apa.kaf.cli.pro.int.TransactionManager] (kafka-producer-network-thread | Producer-topic-fab0956e_c6d7_43ca_8a53_dd8bb2fe92b3) [Producer clientId=Producer-topic-fab0956e_c6d7_43ca_8a53_dd8bb2fe92b3] ProducerId set to 24 with epoch 0
2025-08-13 02:15:05,169 INFO  [org.apa.kaf.cli.pro.KafkaProducer] (Thread-735) [Producer clientId=Producer-topic-fab0956e_c6d7_43ca_8a53_dd8bb2fe92b3] Closing the Kafka producer with timeoutMillis = 9223372036854775807 ms.
2025-08-13 02:15:05,170 INFO  [org.apa.kaf.com.met.Metrics] (Thread-735) Metrics scheduler closed
2025-08-13 02:15:05,170 INFO  [org.apa.kaf.com.met.Metrics] (Thread-735) Closing reporter org.apache.kafka.common.metrics.JmxReporter
2025-08-13 02:15:05,170 INFO  [org.apa.kaf.com.met.Metrics] (Thread-735) Closing reporter org.apache.kafka.common.telemetry.internals.ClientTelemetryReporter
2025-08-13 02:15:05,170 INFO  [org.apa.kaf.com.met.Metrics] (Thread-735) Metrics reporters closed
2025-08-13 02:15:05,171 INFO  [org.apa.kaf.com.uti.AppInfoParser] (Thread-735) App info kafka.producer for Producer-topic-fab0956e_c6d7_43ca_8a53_dd8bb2fe92b3 unregistered
2025-08-13 02:15:05,171 INFO  [io.api.tes.uti.TestSeparator] (main) io.apicurio.tests.serdes.apicurio.AvroSerdeIT.testAvroSerDesFailDifferentSchemaByContent-FINISHED
2025-08-13 02:15:05,171 INFO  [io.api.tes.uti.TestSeparator] (main) ############################################################################
Test passed: testAvroSerDesFailDifferentSchemaByContent
]]></system-out>
    <system-err><![CDATA[java.lang.RuntimeException: Could not resolve artifact reference by content: {"type":"record","name":"s4e343eabx775dx4e67xa1c7xfd9f150b3b9d","namespace":"s3902d3d4x9bbfx4ad3x9f07x7427183e2563","fields":[{"name":"keyB","type":"string"}]}&ArtifactReference [groupId=s3902d3d4x9bbfx4ad3x9f07x7427183e2563, artifactId=s4e343eabx775dx4e67xa1c7xfd9f150b3b9d, version=null, globalId=null, contentId=null, contentHash=null]
	at io.apicurio.registry.resolver.DefaultSchemaResolver.lambda$handleResolveSchemaByContent$3(DefaultSchemaResolver.java:265)
	at io.apicurio.registry.resolver.cache.ERCache.lambda$getValue$0(ERCache.java:174)
	at io.apicurio.registry.resolver.cache.ERCache.retry(ERCache.java:227)
	at io.apicurio.registry.resolver.cache.ERCache.getValue(ERCache.java:173)
	at io.apicurio.registry.resolver.cache.ERCache.getByContent(ERCache.java:147)
	at io.apicurio.registry.resolver.DefaultSchemaResolver.handleResolveSchemaByContent(DefaultSchemaResolver.java:253)
	at io.apicurio.registry.resolver.DefaultSchemaResolver.getSchemaFromRegistry(DefaultSchemaResolver.java:138)
	at io.apicurio.registry.resolver.DefaultSchemaResolver.lambda$resolveSchema$0(DefaultSchemaResolver.java:84)
	at java.base/java.util.Optional.orElseGet(Optional.java:364)
	at io.apicurio.registry.resolver.DefaultSchemaResolver.resolveSchema(DefaultSchemaResolver.java:84)
	at io.apicurio.registry.serde.AbstractSerializer.serializeData(AbstractSerializer.java:62)
	at io.apicurio.registry.serde.KafkaSerializer.serialize(KafkaSerializer.java:77)
	at org.apache.kafka.clients.producer.KafkaProducer.doSend(KafkaProducer.java:1046)
	at org.apache.kafka.clients.producer.KafkaProducer.send(KafkaProducer.java:993)
	at org.apache.kafka.clients.producer.KafkaProducer.send(KafkaProducer.java:875)
	at io.apicurio.tests.serdes.apicurio.KafkaSerdesTester.lambda$produceMessages$3(KafkaSerdesTester.java:138)
	at java.base/java.util.concurrent.CompletableFuture$AsyncSupply.run(CompletableFuture.java:1768)
	at java.base/java.lang.Thread.run(Thread.java:840)
]]></system-err>
  </testcase>
  <testcase name="testGlobalIdInBody" classname="io.apicurio.tests.serdes.apicurio.AvroSerdeIT" time="3.89">
    <system-out><![CDATA[2025-08-13 02:15:05,172 INFO  [io.api.tes.uti.TestSeparator] (main) ############################################################################
2025-08-13 02:15:05,172 INFO  [io.api.tes.uti.TestSeparator] (main) io.apicurio.tests.serdes.apicurio.AvroSerdeIT.testGlobalIdInBody-STARTED
**** Registry Base URL: http://registry-app-inmemory.apps.ci419.apicurio-testing.org:80
2025-08-13 02:15:05,177 INFO  [org.apa.kaf.cli.pro.ProducerConfig] (main) ProducerConfig values: 
	acks = -1
	auto.include.jmx.reporter = true
	batch.size = 16384
	bootstrap.servers = [PLAINTEXT://localhost:32769]
	buffer.memory = 33554432
	client.dns.lookup = use_all_dns_ips
	client.id = Producer-topic-16b72e1c_f24f_43d8_8b23_e07e93b1d67f
	compression.gzip.level = -1
	compression.lz4.level = 9
	compression.type = none
	compression.zstd.level = 3
	connections.max.idle.ms = 10000
	delivery.timeout.ms = 120000
	enable.idempotence = true
	enable.metrics.push = true
	interceptor.classes = []
	key.serializer = class org.apache.kafka.common.serialization.StringSerializer
	linger.ms = 0
	max.block.ms = 60000
	max.in.flight.requests.per.connection = 5
	max.request.size = 1048576
	metadata.max.age.ms = 300000
	metadata.max.idle.ms = 300000
	metadata.recovery.strategy = none
	metric.reporters = []
	metrics.num.samples = 2
	metrics.recording.level = INFO
	metrics.sample.window.ms = 30000
	partitioner.adaptive.partitioning.enable = true
	partitioner.availability.timeout.ms = 0
	partitioner.class = null
	partitioner.ignore.keys = false
	receive.buffer.bytes = 32768
	reconnect.backoff.max.ms = 1000
	reconnect.backoff.ms = 50
	request.timeout.ms = 5000
	retries = 2147483647
	retry.backoff.max.ms = 1000
	retry.backoff.ms = 100
	sasl.client.callback.handler.class = null
	sasl.jaas.config = null
	sasl.kerberos.kinit.cmd = /usr/bin/kinit
	sasl.kerberos.min.time.before.relogin = 60000
	sasl.kerberos.service.name = null
	sasl.kerberos.ticket.renew.jitter = 0.05
	sasl.kerberos.ticket.renew.window.factor = 0.8
	sasl.login.callback.handler.class = null
	sasl.login.class = null
	sasl.login.connect.timeout.ms = null
	sasl.login.read.timeout.ms = null
	sasl.login.refresh.buffer.seconds = 300
	sasl.login.refresh.min.period.seconds = 60
	sasl.login.refresh.window.factor = 0.8
	sasl.login.refresh.window.jitter = 0.05
	sasl.login.retry.backoff.max.ms = 10000
	sasl.login.retry.backoff.ms = 100
	sasl.mechanism = GSSAPI
	sasl.oauthbearer.clock.skew.seconds = 30
	sasl.oauthbearer.expected.audience = null
	sasl.oauthbearer.expected.issuer = null
	sasl.oauthbearer.header.urlencode = false
	sasl.oauthbearer.jwks.endpoint.refresh.ms = 3600000
	sasl.oauthbearer.jwks.endpoint.retry.backoff.max.ms = 10000
	sasl.oauthbearer.jwks.endpoint.retry.backoff.ms = 100
	sasl.oauthbearer.jwks.endpoint.url = null
	sasl.oauthbearer.scope.claim.name = scope
	sasl.oauthbearer.sub.claim.name = sub
	sasl.oauthbearer.token.endpoint.url = null
	security.protocol = PLAINTEXT
	security.providers = null
	send.buffer.bytes = 131072
	socket.connection.setup.timeout.max.ms = 30000
	socket.connection.setup.timeout.ms = 10000
	ssl.cipher.suites = null
	ssl.enabled.protocols = [TLSv1.2, TLSv1.3]
	ssl.endpoint.identification.algorithm = https
	ssl.engine.factory.class = null
	ssl.key.password = null
	ssl.keymanager.algorithm = SunX509
	ssl.keystore.certificate.chain = null
	ssl.keystore.key = null
	ssl.keystore.location = null
	ssl.keystore.password = null
	ssl.keystore.type = JKS
	ssl.protocol = TLSv1.3
	ssl.provider = null
	ssl.secure.random.implementation = null
	ssl.trustmanager.algorithm = PKIX
	ssl.truststore.certificates = null
	ssl.truststore.location = null
	ssl.truststore.password = null
	ssl.truststore.type = JKS
	transaction.timeout.ms = 60000
	transactional.id = null
	value.serializer = class io.apicurio.registry.serde.avro.AvroKafkaSerializer

2025-08-13 02:15:05,177 INFO  [org.apa.kaf.com.tel.int.KafkaMetricsCollector] (main) initializing Kafka metrics collector
2025-08-13 02:15:05,182 INFO  [org.apa.kaf.cli.pro.KafkaProducer] (main) [Producer clientId=Producer-topic-16b72e1c_f24f_43d8_8b23_e07e93b1d67f] Instantiated an idempotent producer.
2025-08-13 02:15:05,185 INFO  [org.apa.kaf.cli.pro.ProducerConfig] (main) These configurations '[apicurio.registry.url, apicurio.registry.auto-register, apicurio.registry.use-id, apicurio.registry.artifact-resolver-strategy]' were supplied but are not used yet.
2025-08-13 02:15:05,185 INFO  [org.apa.kaf.com.uti.AppInfoParser] (main) Kafka version: 3.9.1
2025-08-13 02:15:05,185 INFO  [org.apa.kaf.com.uti.AppInfoParser] (main) Kafka commitId: f745dfdcee2b9851
2025-08-13 02:15:05,185 INFO  [org.apa.kaf.com.uti.AppInfoParser] (main) Kafka startTimeMs: 1755051305185
2025-08-13 02:15:05,185 INFO  [io.api.tes.ser.api.SimpleSerdesTesterBuilder$SimpleSerdesTester] (main) Using producer configuration: {apicurio.registry.url=http://registry-app-inmemory.apps.ci419.apicurio-testing.org:80/apis/registry/v3, apicurio.registry.auto-register=true, apicurio.registry.use-id=globalId, apicurio.registry.artifact-resolver-strategy=io.apicurio.registry.serde.strategy.TopicIdStrategy, value.serializer=io.apicurio.registry.serde.avro.AvroKafkaSerializer, request.timeout.ms=5000, acks=all, bootstrap.servers=PLAINTEXT://localhost:32769, connections.max.idle.ms=10000, key.serializer=org.apache.kafka.common.serialization.StringSerializer, client.id=Producer-topic-16b72e1c_f24f_43d8_8b23_e07e93b1d67f}
2025-08-13 02:15:05,185 INFO  [io.api.tes.ser.api.SimpleSerdesTesterBuilder$SimpleSerdesTester] (main) Using consumer configuration: {apicurio.registry.use-id=globalId}
2025-08-13 02:15:05,187 INFO  [io.api.tes.ser.api.KafkaSerdesTester] (Thread-738) Sending message {"key11755051305173": "value-0"} to topic topic-16b72e1c_f24f_43d8_8b23_e07e93b1d67f
2025-08-13 02:15:05,191 WARN  [org.apa.kaf.cli.NetworkClient] (kafka-producer-network-thread | Producer-topic-16b72e1c_f24f_43d8_8b23_e07e93b1d67f) [Producer clientId=Producer-topic-16b72e1c_f24f_43d8_8b23_e07e93b1d67f] The metadata response from the cluster reported a recoverable issue with correlation id 1 : {topic-16b72e1c_f24f_43d8_8b23_e07e93b1d67f=UNKNOWN_TOPIC_OR_PARTITION}
2025-08-13 02:15:05,191 INFO  [org.apa.kaf.cli.Metadata] (kafka-producer-network-thread | Producer-topic-16b72e1c_f24f_43d8_8b23_e07e93b1d67f) [Producer clientId=Producer-topic-16b72e1c_f24f_43d8_8b23_e07e93b1d67f] Cluster ID: KRqqH0pCSh6FBkmoZ2CGGg
2025-08-13 02:15:05,191 INFO  [org.apa.kaf.cli.pro.int.TransactionManager] (kafka-producer-network-thread | Producer-topic-16b72e1c_f24f_43d8_8b23_e07e93b1d67f) [Producer clientId=Producer-topic-16b72e1c_f24f_43d8_8b23_e07e93b1d67f] ProducerId set to 25 with epoch 0
2025-08-13 02:15:05,373 INFO  [io.api.tes.ser.api.KafkaSerdesTester] (Thread-738) Sending message {"key11755051305173": "value-1"} to topic topic-16b72e1c_f24f_43d8_8b23_e07e93b1d67f
2025-08-13 02:15:05,375 INFO  [io.api.tes.ser.api.KafkaSerdesTester] (Thread-738) Sending message {"key11755051305173": "value-2"} to topic topic-16b72e1c_f24f_43d8_8b23_e07e93b1d67f
2025-08-13 02:15:05,377 INFO  [io.api.tes.ser.api.KafkaSerdesTester] (Thread-738) Sending message {"key11755051305173": "value-3"} to topic topic-16b72e1c_f24f_43d8_8b23_e07e93b1d67f
2025-08-13 02:15:05,378 INFO  [io.api.tes.ser.api.KafkaSerdesTester] (Thread-738) Sending message {"key11755051305173": "value-4"} to topic topic-16b72e1c_f24f_43d8_8b23_e07e93b1d67f
2025-08-13 02:15:05,380 INFO  [io.api.tes.ser.api.KafkaSerdesTester] (Thread-738) Sending message {"key11755051305173": "value-5"} to topic topic-16b72e1c_f24f_43d8_8b23_e07e93b1d67f
2025-08-13 02:15:05,382 INFO  [io.api.tes.ser.api.KafkaSerdesTester] (Thread-738) Sending message {"key11755051305173": "value-6"} to topic topic-16b72e1c_f24f_43d8_8b23_e07e93b1d67f
2025-08-13 02:15:05,384 INFO  [io.api.tes.ser.api.KafkaSerdesTester] (Thread-738) Sending message {"key11755051305173": "value-7"} to topic topic-16b72e1c_f24f_43d8_8b23_e07e93b1d67f
2025-08-13 02:15:05,387 INFO  [io.api.tes.ser.api.KafkaSerdesTester] (Thread-738) Sending message {"key11755051305173": "value-8"} to topic topic-16b72e1c_f24f_43d8_8b23_e07e93b1d67f
2025-08-13 02:15:05,390 INFO  [io.api.tes.ser.api.KafkaSerdesTester] (Thread-738) Sending message {"key11755051305173": "value-9"} to topic topic-16b72e1c_f24f_43d8_8b23_e07e93b1d67f
2025-08-13 02:15:05,393 INFO  [io.api.tes.ser.api.KafkaSerdesTester] (Thread-738) Produced 10 messages
2025-08-13 02:15:05,393 INFO  [org.apa.kaf.cli.pro.KafkaProducer] (Thread-738) [Producer clientId=Producer-topic-16b72e1c_f24f_43d8_8b23_e07e93b1d67f] Closing the Kafka producer with timeoutMillis = 9223372036854775807 ms.
2025-08-13 02:15:05,395 INFO  [org.apa.kaf.com.met.Metrics] (Thread-738) Metrics scheduler closed
2025-08-13 02:15:05,395 INFO  [org.apa.kaf.com.met.Metrics] (Thread-738) Closing reporter org.apache.kafka.common.metrics.JmxReporter
2025-08-13 02:15:05,395 INFO  [org.apa.kaf.com.met.Metrics] (Thread-738) Closing reporter org.apache.kafka.common.telemetry.internals.ClientTelemetryReporter
2025-08-13 02:15:05,395 INFO  [org.apa.kaf.com.met.Metrics] (Thread-738) Metrics reporters closed
2025-08-13 02:15:05,395 INFO  [org.apa.kaf.com.uti.AppInfoParser] (Thread-738) App info kafka.producer for Producer-topic-16b72e1c_f24f_43d8_8b23_e07e93b1d67f unregistered
**** Registry Base URL: http://registry-app-inmemory.apps.ci419.apicurio-testing.org:80
2025-08-13 02:15:05,449 INFO  [org.apa.kaf.cli.con.ConsumerConfig] (main) ConsumerConfig values: 
	allow.auto.create.topics = true
	auto.commit.interval.ms = 500
	auto.include.jmx.reporter = true
	auto.offset.reset = earliest
	bootstrap.servers = [PLAINTEXT://localhost:32769]
	check.crcs = true
	client.dns.lookup = use_all_dns_ips
	client.id = consumer-Consumer-topic-16b72e1c_f24f_43d8_8b23_e07e93b1d67f-17
	client.rack = 
	connections.max.idle.ms = 10000
	default.api.timeout.ms = 60000
	enable.auto.commit = true
	enable.metrics.push = true
	exclude.internal.topics = true
	fetch.max.bytes = 52428800
	fetch.max.wait.ms = 500
	fetch.min.bytes = 1
	group.id = Consumer-topic-16b72e1c_f24f_43d8_8b23_e07e93b1d67f
	group.instance.id = null
	group.protocol = classic
	group.remote.assignor = null
	heartbeat.interval.ms = 3000
	interceptor.classes = []
	internal.leave.group.on.close = true
	internal.throw.on.fetch.stable.offset.unsupported = false
	isolation.level = read_uncommitted
	key.deserializer = class org.apache.kafka.common.serialization.StringDeserializer
	max.partition.fetch.bytes = 1048576
	max.poll.interval.ms = 300000
	max.poll.records = 500
	metadata.max.age.ms = 300000
	metadata.recovery.strategy = none
	metric.reporters = []
	metrics.num.samples = 2
	metrics.recording.level = INFO
	metrics.sample.window.ms = 30000
	partition.assignment.strategy = [class org.apache.kafka.clients.consumer.RangeAssignor, class org.apache.kafka.clients.consumer.CooperativeStickyAssignor]
	receive.buffer.bytes = 65536
	reconnect.backoff.max.ms = 1000
	reconnect.backoff.ms = 50
	request.timeout.ms = 5000
	retry.backoff.max.ms = 1000
	retry.backoff.ms = 100
	sasl.client.callback.handler.class = null
	sasl.jaas.config = null
	sasl.kerberos.kinit.cmd = /usr/bin/kinit
	sasl.kerberos.min.time.before.relogin = 60000
	sasl.kerberos.service.name = null
	sasl.kerberos.ticket.renew.jitter = 0.05
	sasl.kerberos.ticket.renew.window.factor = 0.8
	sasl.login.callback.handler.class = null
	sasl.login.class = null
	sasl.login.connect.timeout.ms = null
	sasl.login.read.timeout.ms = null
	sasl.login.refresh.buffer.seconds = 300
	sasl.login.refresh.min.period.seconds = 60
	sasl.login.refresh.window.factor = 0.8
	sasl.login.refresh.window.jitter = 0.05
	sasl.login.retry.backoff.max.ms = 10000
	sasl.login.retry.backoff.ms = 100
	sasl.mechanism = GSSAPI
	sasl.oauthbearer.clock.skew.seconds = 30
	sasl.oauthbearer.expected.audience = null
	sasl.oauthbearer.expected.issuer = null
	sasl.oauthbearer.header.urlencode = false
	sasl.oauthbearer.jwks.endpoint.refresh.ms = 3600000
	sasl.oauthbearer.jwks.endpoint.retry.backoff.max.ms = 10000
	sasl.oauthbearer.jwks.endpoint.retry.backoff.ms = 100
	sasl.oauthbearer.jwks.endpoint.url = null
	sasl.oauthbearer.scope.claim.name = scope
	sasl.oauthbearer.sub.claim.name = sub
	sasl.oauthbearer.token.endpoint.url = null
	security.protocol = PLAINTEXT
	security.providers = null
	send.buffer.bytes = 131072
	session.timeout.ms = 45000
	socket.connection.setup.timeout.max.ms = 30000
	socket.connection.setup.timeout.ms = 10000
	ssl.cipher.suites = null
	ssl.enabled.protocols = [TLSv1.2, TLSv1.3]
	ssl.endpoint.identification.algorithm = https
	ssl.engine.factory.class = null
	ssl.key.password = null
	ssl.keymanager.algorithm = SunX509
	ssl.keystore.certificate.chain = null
	ssl.keystore.key = null
	ssl.keystore.location = null
	ssl.keystore.password = null
	ssl.keystore.type = JKS
	ssl.protocol = TLSv1.3
	ssl.provider = null
	ssl.secure.random.implementation = null
	ssl.trustmanager.algorithm = PKIX
	ssl.truststore.certificates = null
	ssl.truststore.location = null
	ssl.truststore.password = null
	ssl.truststore.type = JKS
	value.deserializer = class io.apicurio.registry.serde.avro.AvroKafkaDeserializer

2025-08-13 02:15:05,450 INFO  [org.apa.kaf.com.tel.int.KafkaMetricsCollector] (main) initializing Kafka metrics collector
2025-08-13 02:15:05,455 INFO  [org.apa.kaf.cli.con.ConsumerConfig] (main) These configurations '[apicurio.registry.url, apicurio.registry.use-id]' were supplied but are not used yet.
2025-08-13 02:15:05,455 INFO  [org.apa.kaf.com.uti.AppInfoParser] (main) Kafka version: 3.9.1
2025-08-13 02:15:05,455 INFO  [org.apa.kaf.com.uti.AppInfoParser] (main) Kafka commitId: f745dfdcee2b9851
2025-08-13 02:15:05,455 INFO  [org.apa.kaf.com.uti.AppInfoParser] (main) Kafka startTimeMs: 1755051305455
2025-08-13 02:15:05,455 INFO  [org.apa.kaf.cli.con.int.ClassicKafkaConsumer] (Thread-741) [Consumer clientId=consumer-Consumer-topic-16b72e1c_f24f_43d8_8b23_e07e93b1d67f-17, groupId=Consumer-topic-16b72e1c_f24f_43d8_8b23_e07e93b1d67f] Subscribed to topic(s): topic-16b72e1c_f24f_43d8_8b23_e07e93b1d67f
2025-08-13 02:15:05,460 INFO  [org.apa.kaf.cli.Metadata] (Thread-741) [Consumer clientId=consumer-Consumer-topic-16b72e1c_f24f_43d8_8b23_e07e93b1d67f-17, groupId=Consumer-topic-16b72e1c_f24f_43d8_8b23_e07e93b1d67f] Cluster ID: KRqqH0pCSh6FBkmoZ2CGGg
2025-08-13 02:15:05,462 INFO  [org.apa.kaf.cli.con.int.ConsumerCoordinator] (Thread-741) [Consumer clientId=consumer-Consumer-topic-16b72e1c_f24f_43d8_8b23_e07e93b1d67f-17, groupId=Consumer-topic-16b72e1c_f24f_43d8_8b23_e07e93b1d67f] Discovered group coordinator localhost:32769 (id: 2147483647 rack: null)
2025-08-13 02:15:05,463 INFO  [org.apa.kaf.cli.con.int.ConsumerCoordinator] (Thread-741) [Consumer clientId=consumer-Consumer-topic-16b72e1c_f24f_43d8_8b23_e07e93b1d67f-17, groupId=Consumer-topic-16b72e1c_f24f_43d8_8b23_e07e93b1d67f] (Re-)joining group
2025-08-13 02:15:05,468 INFO  [org.apa.kaf.cli.con.int.ConsumerCoordinator] (Thread-741) [Consumer clientId=consumer-Consumer-topic-16b72e1c_f24f_43d8_8b23_e07e93b1d67f-17, groupId=Consumer-topic-16b72e1c_f24f_43d8_8b23_e07e93b1d67f] Request joining group due to: need to re-join with the given member-id: consumer-Consumer-topic-16b72e1c_f24f_43d8_8b23_e07e93b1d67f-17-0b3b9fab-5510-46bb-9f65-b3d9abfb0c47
2025-08-13 02:15:05,468 INFO  [org.apa.kaf.cli.con.int.ConsumerCoordinator] (Thread-741) [Consumer clientId=consumer-Consumer-topic-16b72e1c_f24f_43d8_8b23_e07e93b1d67f-17, groupId=Consumer-topic-16b72e1c_f24f_43d8_8b23_e07e93b1d67f] (Re-)joining group
2025-08-13 02:15:06,456 INFO  [io.api.tes.ser.api.KafkaSerdesTester] (Thread-741) None found
2025-08-13 02:15:07,456 INFO  [io.api.tes.ser.api.KafkaSerdesTester] (Thread-741) None found
2025-08-13 02:15:08,456 INFO  [io.api.tes.ser.api.KafkaSerdesTester] (Thread-741) None found
2025-08-13 02:15:08,471 INFO  [org.apa.kaf.cli.con.int.ConsumerCoordinator] (Thread-741) [Consumer clientId=consumer-Consumer-topic-16b72e1c_f24f_43d8_8b23_e07e93b1d67f-17, groupId=Consumer-topic-16b72e1c_f24f_43d8_8b23_e07e93b1d67f] Successfully joined group with generation Generation{generationId=1, memberId='consumer-Consumer-topic-16b72e1c_f24f_43d8_8b23_e07e93b1d67f-17-0b3b9fab-5510-46bb-9f65-b3d9abfb0c47', protocol='range'}
2025-08-13 02:15:08,471 INFO  [org.apa.kaf.cli.con.int.ConsumerCoordinator] (Thread-741) [Consumer clientId=consumer-Consumer-topic-16b72e1c_f24f_43d8_8b23_e07e93b1d67f-17, groupId=Consumer-topic-16b72e1c_f24f_43d8_8b23_e07e93b1d67f] Finished assignment for group at generation 1: {consumer-Consumer-topic-16b72e1c_f24f_43d8_8b23_e07e93b1d67f-17-0b3b9fab-5510-46bb-9f65-b3d9abfb0c47=Assignment(partitions=[topic-16b72e1c_f24f_43d8_8b23_e07e93b1d67f-0])}
2025-08-13 02:15:08,478 INFO  [org.apa.kaf.cli.con.int.ConsumerCoordinator] (Thread-741) [Consumer clientId=consumer-Consumer-topic-16b72e1c_f24f_43d8_8b23_e07e93b1d67f-17, groupId=Consumer-topic-16b72e1c_f24f_43d8_8b23_e07e93b1d67f] Successfully synced group in generation Generation{generationId=1, memberId='consumer-Consumer-topic-16b72e1c_f24f_43d8_8b23_e07e93b1d67f-17-0b3b9fab-5510-46bb-9f65-b3d9abfb0c47', protocol='range'}
2025-08-13 02:15:08,478 INFO  [org.apa.kaf.cli.con.int.ConsumerCoordinator] (Thread-741) [Consumer clientId=consumer-Consumer-topic-16b72e1c_f24f_43d8_8b23_e07e93b1d67f-17, groupId=Consumer-topic-16b72e1c_f24f_43d8_8b23_e07e93b1d67f] Notifying assignor about the new Assignment(partitions=[topic-16b72e1c_f24f_43d8_8b23_e07e93b1d67f-0])
2025-08-13 02:15:08,478 INFO  [org.apa.kaf.cli.con.int.ConsumerRebalanceListenerInvoker] (Thread-741) [Consumer clientId=consumer-Consumer-topic-16b72e1c_f24f_43d8_8b23_e07e93b1d67f-17, groupId=Consumer-topic-16b72e1c_f24f_43d8_8b23_e07e93b1d67f] Adding newly assigned partitions: topic-16b72e1c_f24f_43d8_8b23_e07e93b1d67f-0
2025-08-13 02:15:08,479 INFO  [org.apa.kaf.cli.con.int.ConsumerCoordinator] (Thread-741) [Consumer clientId=consumer-Consumer-topic-16b72e1c_f24f_43d8_8b23_e07e93b1d67f-17, groupId=Consumer-topic-16b72e1c_f24f_43d8_8b23_e07e93b1d67f] Found no committed offset for partition topic-16b72e1c_f24f_43d8_8b23_e07e93b1d67f-0
2025-08-13 02:15:08,482 INFO  [org.apa.kaf.cli.con.int.SubscriptionState] (Thread-741) [Consumer clientId=consumer-Consumer-topic-16b72e1c_f24f_43d8_8b23_e07e93b1d67f-17, groupId=Consumer-topic-16b72e1c_f24f_43d8_8b23_e07e93b1d67f] Resetting offset for partition topic-16b72e1c_f24f_43d8_8b23_e07e93b1d67f-0 to position FetchPosition{offset=0, offsetEpoch=Optional.empty, currentLeader=LeaderAndEpoch{leader=Optional[localhost:32769 (id: 0 rack: null)], epoch=0}}.
2025-08-13 02:15:08,556 INFO  [io.api.tes.ser.api.KafkaSerdesTester] (Thread-741) topic-16b72e1c_f24f_43d8_8b23_e07e93b1d67f 0 0 {"key11755051305173": "value-0"}
2025-08-13 02:15:08,556 INFO  [io.api.tes.ser.api.KafkaSerdesTester] (Thread-741) topic-16b72e1c_f24f_43d8_8b23_e07e93b1d67f 0 1 {"key11755051305173": "value-1"}
2025-08-13 02:15:08,556 INFO  [io.api.tes.ser.api.KafkaSerdesTester] (Thread-741) topic-16b72e1c_f24f_43d8_8b23_e07e93b1d67f 0 2 {"key11755051305173": "value-2"}
2025-08-13 02:15:08,557 INFO  [io.api.tes.ser.api.KafkaSerdesTester] (Thread-741) topic-16b72e1c_f24f_43d8_8b23_e07e93b1d67f 0 3 {"key11755051305173": "value-3"}
2025-08-13 02:15:08,557 INFO  [io.api.tes.ser.api.KafkaSerdesTester] (Thread-741) topic-16b72e1c_f24f_43d8_8b23_e07e93b1d67f 0 4 {"key11755051305173": "value-4"}
2025-08-13 02:15:08,557 INFO  [io.api.tes.ser.api.KafkaSerdesTester] (Thread-741) topic-16b72e1c_f24f_43d8_8b23_e07e93b1d67f 0 5 {"key11755051305173": "value-5"}
2025-08-13 02:15:08,557 INFO  [io.api.tes.ser.api.KafkaSerdesTester] (Thread-741) topic-16b72e1c_f24f_43d8_8b23_e07e93b1d67f 0 6 {"key11755051305173": "value-6"}
2025-08-13 02:15:08,557 INFO  [io.api.tes.ser.api.KafkaSerdesTester] (Thread-741) topic-16b72e1c_f24f_43d8_8b23_e07e93b1d67f 0 7 {"key11755051305173": "value-7"}
2025-08-13 02:15:08,557 INFO  [io.api.tes.ser.api.KafkaSerdesTester] (Thread-741) topic-16b72e1c_f24f_43d8_8b23_e07e93b1d67f 0 8 {"key11755051305173": "value-8"}
2025-08-13 02:15:08,557 INFO  [io.api.tes.ser.api.KafkaSerdesTester] (Thread-741) topic-16b72e1c_f24f_43d8_8b23_e07e93b1d67f 0 9 {"key11755051305173": "value-9"}
2025-08-13 02:15:08,557 INFO  [io.api.tes.ser.api.KafkaSerdesTester] (Thread-741) Consumed 10 messages
2025-08-13 02:15:08,564 INFO  [org.apa.kaf.cli.con.int.ConsumerRebalanceListenerInvoker] (Thread-741) [Consumer clientId=consumer-Consumer-topic-16b72e1c_f24f_43d8_8b23_e07e93b1d67f-17, groupId=Consumer-topic-16b72e1c_f24f_43d8_8b23_e07e93b1d67f] Revoke previously assigned partitions topic-16b72e1c_f24f_43d8_8b23_e07e93b1d67f-0
2025-08-13 02:15:08,564 INFO  [org.apa.kaf.cli.con.int.ConsumerCoordinator] (Thread-741) [Consumer clientId=consumer-Consumer-topic-16b72e1c_f24f_43d8_8b23_e07e93b1d67f-17, groupId=Consumer-topic-16b72e1c_f24f_43d8_8b23_e07e93b1d67f] Member consumer-Consumer-topic-16b72e1c_f24f_43d8_8b23_e07e93b1d67f-17-0b3b9fab-5510-46bb-9f65-b3d9abfb0c47 sending LeaveGroup request to coordinator localhost:32769 (id: 2147483647 rack: null) due to the consumer is being closed
2025-08-13 02:15:08,564 INFO  [org.apa.kaf.cli.con.int.ConsumerCoordinator] (Thread-741) [Consumer clientId=consumer-Consumer-topic-16b72e1c_f24f_43d8_8b23_e07e93b1d67f-17, groupId=Consumer-topic-16b72e1c_f24f_43d8_8b23_e07e93b1d67f] Resetting generation and member id due to: consumer pro-actively leaving the group
2025-08-13 02:15:08,564 INFO  [org.apa.kaf.cli.con.int.ConsumerCoordinator] (Thread-741) [Consumer clientId=consumer-Consumer-topic-16b72e1c_f24f_43d8_8b23_e07e93b1d67f-17, groupId=Consumer-topic-16b72e1c_f24f_43d8_8b23_e07e93b1d67f] Request joining group due to: consumer pro-actively leaving the group
2025-08-13 02:15:09,059 INFO  [org.apa.kaf.com.met.Metrics] (Thread-741) Metrics scheduler closed
2025-08-13 02:15:09,059 INFO  [org.apa.kaf.com.met.Metrics] (Thread-741) Closing reporter org.apache.kafka.common.metrics.JmxReporter
2025-08-13 02:15:09,059 INFO  [org.apa.kaf.com.met.Metrics] (Thread-741) Closing reporter org.apache.kafka.common.telemetry.internals.ClientTelemetryReporter
2025-08-13 02:15:09,059 INFO  [org.apa.kaf.com.met.Metrics] (Thread-741) Metrics reporters closed
2025-08-13 02:15:09,061 INFO  [org.apa.kaf.com.uti.AppInfoParser] (Thread-741) App info kafka.consumer for consumer-Consumer-topic-16b72e1c_f24f_43d8_8b23_e07e93b1d67f-17 unregistered
2025-08-13 02:15:09,061 INFO  [io.api.tes.uti.TestSeparator] (main) io.apicurio.tests.serdes.apicurio.AvroSerdeIT.testGlobalIdInBody-FINISHED
2025-08-13 02:15:09,061 INFO  [io.api.tes.uti.TestSeparator] (main) ############################################################################
Test passed: testGlobalIdInBody
]]></system-out>
  </testcase>
  <testcase name="testProducerUsesGlobalIdConsumerUsesDefault" classname="io.apicurio.tests.serdes.apicurio.AvroSerdeIT" time="0.0">
    <skipped message="void io.apicurio.tests.serdes.apicurio.AvroSerdeIT.testProducerUsesGlobalIdConsumerUsesDefault() throws java.lang.Exception is @Disabled"/>
  </testcase>
</testsuite>