<?xml version="1.0" encoding="UTF-8"?>
<testsuite xmlns:xsi="http://www.w3.org/2001/XMLSchema-instance" xsi:noNamespaceSchemaLocation="https://maven.apache.org/surefire/maven-failsafe-plugin/xsd/failsafe-test-report.xsd" version="3.0.2" name="io.apicurio.tests.serdes.apicurio.AvroSerdeIT" time="103.475" tests="21" errors="0" skipped="2" failures="0">
  <properties>
    <property name="java.specification.version" value="17"/>
    <property name="sun.jnu.encoding" value="UTF-8"/>
    <property name="java.class.path" value="/home/runner/work/apicurio-testing/apicurio-testing/clusters/ci419/namespaces/pg17/tests/integration/apicurio-registry/integration-tests/target/test-classes:/home/runner/work/apicurio-testing/apicurio-testing/clusters/ci419/namespaces/pg17/tests/integration/apicurio-registry/integration-tests/target/apicurio-registry-integration-tests-3.0.12-SNAPSHOT.jar:/home/runner/.m2/repository/io/quarkus/quarkus-junit5/3.20.2/quarkus-junit5-3.20.2.jar:/home/runner/.m2/repository/io/quarkus/quarkus-bootstrap-core/3.20.2/quarkus-bootstrap-core-3.20.2.jar:/home/runner/.m2/repository/io/quarkus/quarkus-classloader-commons/3.20.2/quarkus-classloader-commons-3.20.2.jar:/home/runner/.m2/repository/io/quarkus/quarkus-bootstrap-app-model/3.20.2/quarkus-bootstrap-app-model-3.20.2.jar:/home/runner/.m2/repository/io/smallrye/common/smallrye-common-io/2.12.0/smallrye-common-io-2.12.0.jar:/home/runner/.m2/repository/org/eclipse/sisu/org.eclipse.sisu.inject/0.9.0.M3/org.eclipse.sisu.inject-0.9.0.M3.jar:/home/runner/.m2/repository/io/quarkus/quarkus-test-common/3.20.2/quarkus-test-common-3.20.2.jar:/home/runner/.m2/repository/io/quarkus/quarkus-core-deployment/3.20.2/quarkus-core-deployment-3.20.2.jar:/home/runner/.m2/repository/org/aesh/readline/2.6/readline-2.6.jar:/home/runner/.m2/repository/org/fusesource/jansi/jansi/2.4.0/jansi-2.4.0.jar:/home/runner/.m2/repository/org/aesh/aesh/2.8.2/aesh-2.8.2.jar:/home/runner/.m2/repository/io/quarkus/gizmo/gizmo/1.8.0/gizmo-1.8.0.jar:/home/runner/.m2/repository/org/ow2/asm/asm-util/9.7.1/asm-util-9.7.1.jar:/home/runner/.m2/repository/org/ow2/asm/asm-analysis/9.7.1/asm-analysis-9.7.1.jar:/home/runner/.m2/repository/org/ow2/asm/asm-commons/9.7.1/asm-commons-9.7.1.jar:/home/runner/.m2/repository/org/ow2/asm/asm-tree/9.7.1/asm-tree-9.7.1.jar:/home/runner/.m2/repository/io/quarkus/quarkus-hibernate-validator-spi/3.20.2/quarkus-hibernate-validator-spi-3.20.2.jar:/home/runner/.m2/repository/io/quarkus/quarkus-class-change-agent/3.20.2/quarkus-class-change-agent-3.20.2.jar:/home/runner/.m2/repository/io/quarkus/quarkus-devtools-utilities/3.20.2/quarkus-devtools-utilities-3.20.2.jar:/home/runner/.m2/repository/io/quarkus/quarkus-builder/3.20.2/quarkus-builder-3.20.2.jar:/home/runner/.m2/repository/org/graalvm/sdk/nativeimage/23.1.2/nativeimage-23.1.2.jar:/home/runner/.m2/repository/org/graalvm/sdk/word/23.1.2/word-23.1.2.jar:/home/runner/.m2/repository/io/quarkus/quarkus-bootstrap-maven-resolver/3.20.2/quarkus-bootstrap-maven-resolver-3.20.2.jar:/home/runner/.m2/repository/io/smallrye/beanbag/smallrye-beanbag-maven/1.5.2/smallrye-beanbag-maven-1.5.2.jar:/home/runner/.m2/repository/io/smallrye/beanbag/smallrye-beanbag-sisu/1.5.2/smallrye-beanbag-sisu-1.5.2.jar:/home/runner/.m2/repository/io/smallrye/beanbag/smallrye-beanbag/1.5.2/smallrye-beanbag-1.5.2.jar:/home/runner/.m2/repository/javax/inject/javax.inject/1/javax.inject-1.jar:/home/runner/.m2/repository/org/apache/maven/maven-artifact/3.9.9/maven-artifact-3.9.9.jar:/home/runner/.m2/repository/org/apache/maven/maven-builder-support/3.9.9/maven-builder-support-3.9.9.jar:/home/runner/.m2/repository/org/apache/maven/maven-model/3.9.9/maven-model-3.9.9.jar:/home/runner/.m2/repository/org/apache/maven/maven-model-builder/3.9.9/maven-model-builder-3.9.9.jar:/home/runner/.m2/repository/org/apache/maven/maven-repository-metadata/3.9.9/maven-repository-metadata-3.9.9.jar:/home/runner/.m2/repository/org/apache/maven/maven-settings/3.9.9/maven-settings-3.9.9.jar:/home/runner/.m2/repository/org/apache/maven/resolver/maven-resolver-api/1.9.22/maven-resolver-api-1.9.22.jar:/home/runner/.m2/repository/org/apache/maven/resolver/maven-resolver-impl/1.9.22/maven-resolver-impl-1.9.22.jar:/home/runner/.m2/repository/org/apache/maven/resolver/maven-resolver-named-locks/1.9.22/maven-resolver-named-locks-1.9.22.jar:/home/runner/.m2/repository/org/apache/maven/resolver/maven-resolver-spi/1.9.22/maven-resolver-spi-1.9.22.jar:/home/runner/.m2/repository/org/apache/maven/resolver/maven-resolver-util/1.9.22/maven-resolver-util-1.9.22.jar:/home/runner/.m2/repository/org/apache/maven/resolver/maven-resolver-transport-http/1.9.20/maven-resolver-transport-http-1.9.20.jar:/home/runner/.m2/repository/org/apache/maven/wagon/wagon-provider-api/3.5.3/wagon-provider-api-3.5.3.jar:/home/runner/.m2/repository/org/apache/maven/wagon/wagon-http-shared/3.5.3/wagon-http-shared-3.5.3.jar:/home/runner/.m2/repository/org/codehaus/plexus/plexus-interpolation/1.26/plexus-interpolation-1.26.jar:/home/runner/.m2/repository/org/codehaus/plexus/plexus-utils/3.5.1/plexus-utils-3.5.1.jar:/home/runner/.m2/repository/org/codehaus/plexus/plexus-xml/4.0.1/plexus-xml-4.0.1.jar:/home/runner/.m2/repository/org/apache/maven/maven-xml-impl/4.0.0-alpha-5/maven-xml-impl-4.0.0-alpha-5.jar:/home/runner/.m2/repository/org/apache/maven/maven-api-xml/4.0.0-alpha-5/maven-api-xml-4.0.0-alpha-5.jar:/home/runner/.m2/repository/org/apache/maven/maven-api-meta/4.0.0-alpha-5/maven-api-meta-4.0.0-alpha-5.jar:/home/runner/.m2/repository/org/codehaus/plexus/plexus-cipher/2.0/plexus-cipher-2.0.jar:/home/runner/.m2/repository/org/codehaus/plexus/plexus-sec-dispatcher/2.0/plexus-sec-dispatcher-2.0.jar:/home/runner/.m2/repository/org/apache/maven/maven-embedder/3.9.9/maven-embedder-3.9.9.jar:/home/runner/.m2/repository/org/apache/maven/maven-core/3.9.9/maven-core-3.9.9.jar:/home/runner/.m2/repository/org/codehaus/plexus/plexus-component-annotations/2.1.0/plexus-component-annotations-2.1.0.jar:/home/runner/.m2/repository/org/apache/maven/maven-plugin-api/3.9.9/maven-plugin-api-3.9.9.jar:/home/runner/.m2/repository/org/apache/maven/shared/maven-shared-utils/3.4.2/maven-shared-utils-3.4.2.jar:/home/runner/.m2/repository/com/google/inject/guice/5.1.0/guice-5.1.0.jar:/home/runner/.m2/repository/aopalliance/aopalliance/1.0/aopalliance-1.0.jar:/home/runner/.m2/repository/org/codehaus/plexus/plexus-classworlds/2.6.0/plexus-classworlds-2.6.0.jar:/home/runner/.m2/repository/commons-cli/commons-cli/1.8.0/commons-cli-1.8.0.jar:/home/runner/.m2/repository/org/eclipse/sisu/org.eclipse.sisu.plexus/0.9.0.M3/org.eclipse.sisu.plexus-0.9.0.M3.jar:/home/runner/.m2/repository/org/apache/maven/maven-settings-builder/3.9.9/maven-settings-builder-3.9.9.jar:/home/runner/.m2/repository/org/apache/maven/maven-resolver-provider/3.9.9/maven-resolver-provider-3.9.9.jar:/home/runner/.m2/repository/org/apache/maven/resolver/maven-resolver-connector-basic/1.9.22/maven-resolver-connector-basic-1.9.22.jar:/home/runner/.m2/repository/org/apache/maven/resolver/maven-resolver-transport-wagon/1.9.22/maven-resolver-transport-wagon-1.9.22.jar:/home/runner/.m2/repository/org/apache/maven/wagon/wagon-http/3.5.3/wagon-http-3.5.3.jar:/home/runner/.m2/repository/org/apache/maven/wagon/wagon-file/3.5.3/wagon-file-3.5.3.jar:/home/runner/.m2/repository/io/quarkus/quarkus-bootstrap-gradle-resolver/3.20.2/quarkus-bootstrap-gradle-resolver-3.20.2.jar:/home/runner/.m2/repository/io/smallrye/jandex/3.3.0/jandex-3.3.0.jar:/home/runner/.m2/repository/org/jboss/logging/commons-logging-jboss-logging/1.0.0.Final/commons-logging-jboss-logging-1.0.0.Final.jar:/home/runner/.m2/repository/io/quarkus/quarkus-junit5-config/3.20.2/quarkus-junit5-config-3.20.2.jar:/home/runner/.m2/repository/org/junit/jupiter/junit-jupiter-api/5.12.1/junit-jupiter-api-5.12.1.jar:/home/runner/.m2/repository/io/smallrye/config/smallrye-config/3.11.4/smallrye-config-3.11.4.jar:/home/runner/.m2/repository/io/smallrye/config/smallrye-config-core/3.11.4/smallrye-config-core-3.11.4.jar:/home/runner/.m2/repository/io/smallrye/common/smallrye-common-classloader/2.12.0/smallrye-common-classloader-2.12.0.jar:/home/runner/.m2/repository/io/smallrye/config/smallrye-config-common/3.11.4/smallrye-config-common-3.11.4.jar:/home/runner/.m2/repository/org/junit/jupiter/junit-jupiter/5.12.1/junit-jupiter-5.12.1.jar:/home/runner/.m2/repository/org/junit/jupiter/junit-jupiter-params/5.12.1/junit-jupiter-params-5.12.1.jar:/home/runner/.m2/repository/org/junit/jupiter/junit-jupiter-engine/5.12.1/junit-jupiter-engine-5.12.1.jar:/home/runner/.m2/repository/io/quarkus/quarkus-core/3.20.2/quarkus-core-3.20.2.jar:/home/runner/.m2/repository/jakarta/enterprise/jakarta.enterprise.cdi-api/4.1.0/jakarta.enterprise.cdi-api-4.1.0.jar:/home/runner/.m2/repository/jakarta/enterprise/jakarta.enterprise.lang-model/4.1.0/jakarta.enterprise.lang-model-4.1.0.jar:/home/runner/.m2/repository/jakarta/el/jakarta.el-api/5.0.1/jakarta.el-api-5.0.1.jar:/home/runner/.m2/repository/jakarta/interceptor/jakarta.interceptor-api/2.2.0/jakarta.interceptor-api-2.2.0.jar:/home/runner/.m2/repository/jakarta/inject/jakarta.inject-api/2.0.1/jakarta.inject-api-2.0.1.jar:/home/runner/.m2/repository/io/smallrye/common/smallrye-common-os/2.12.0/smallrye-common-os-2.12.0.jar:/home/runner/.m2/repository/io/quarkus/quarkus-ide-launcher/3.20.2/quarkus-ide-launcher-3.20.2.jar:/home/runner/.m2/repository/io/quarkus/quarkus-development-mode-spi/3.20.2/quarkus-development-mode-spi-3.20.2.jar:/home/runner/.m2/repository/org/jboss/logging/jboss-logging/3.6.1.Final/jboss-logging-3.6.1.Final.jar:/home/runner/.m2/repository/org/jboss/logmanager/jboss-logmanager/3.1.2.Final/jboss-logmanager-3.1.2.Final.jar:/home/runner/.m2/repository/io/smallrye/common/smallrye-common-constraint/2.12.0/smallrye-common-constraint-2.12.0.jar:/home/runner/.m2/repository/io/smallrye/common/smallrye-common-cpu/2.12.0/smallrye-common-cpu-2.12.0.jar:/home/runner/.m2/repository/io/smallrye/common/smallrye-common-expression/2.12.0/smallrye-common-expression-2.12.0.jar:/home/runner/.m2/repository/io/smallrye/common/smallrye-common-net/2.12.0/smallrye-common-net-2.12.0.jar:/home/runner/.m2/repository/io/smallrye/common/smallrye-common-ref/2.12.0/smallrye-common-ref-2.12.0.jar:/home/runner/.m2/repository/jakarta/json/jakarta.json-api/2.1.3/jakarta.json-api-2.1.3.jar:/home/runner/.m2/repository/org/eclipse/parsson/parsson/1.1.7/parsson-1.1.7.jar:/home/runner/.m2/repository/org/jboss/logging/jboss-logging-annotations/3.0.4.Final/jboss-logging-annotations-3.0.4.Final.jar:/home/runner/.m2/repository/org/jboss/threads/jboss-threads/3.8.0.Final/jboss-threads-3.8.0.Final.jar:/home/runner/.m2/repository/io/smallrye/common/smallrye-common-annotation/2.12.0/smallrye-common-annotation-2.12.0.jar:/home/runner/.m2/repository/io/smallrye/common/smallrye-common-function/2.12.0/smallrye-common-function-2.12.0.jar:/home/runner/.m2/repository/org/jboss/slf4j/slf4j-jboss-logmanager/2.0.0.Final/slf4j-jboss-logmanager-2.0.0.Final.jar:/home/runner/.m2/repository/org/wildfly/common/wildfly-common/2.0.1/wildfly-common-2.0.1.jar:/home/runner/.m2/repository/io/quarkus/quarkus-bootstrap-runner/3.20.2/quarkus-bootstrap-runner-3.20.2.jar:/home/runner/.m2/repository/io/github/crac/org-crac/0.1.3/org-crac-0.1.3.jar:/home/runner/.m2/repository/io/quarkus/quarkus-fs-util/0.0.10/quarkus-fs-util-0.0.10.jar:/home/runner/.m2/repository/org/jboss/marshalling/jboss-marshalling/2.2.2.Final/jboss-marshalling-2.2.2.Final.jar:/home/runner/.m2/repository/io/fabric8/kubernetes-client/7.1.0/kubernetes-client-7.1.0.jar:/home/runner/.m2/repository/io/fabric8/kubernetes-client-api/7.1.0/kubernetes-client-api-7.1.0.jar:/home/runner/.m2/repository/io/fabric8/kubernetes-model-core/7.1.0/kubernetes-model-core-7.1.0.jar:/home/runner/.m2/repository/io/fabric8/kubernetes-model-common/7.1.0/kubernetes-model-common-7.1.0.jar:/home/runner/.m2/repository/javax/annotation/javax.annotation-api/1.3.2/javax.annotation-api-1.3.2.jar:/home/runner/.m2/repository/io/fabric8/kubernetes-model-gatewayapi/7.1.0/kubernetes-model-gatewayapi-7.1.0.jar:/home/runner/.m2/repository/io/fabric8/kubernetes-model-resource/7.1.0/kubernetes-model-resource-7.1.0.jar:/home/runner/.m2/repository/io/fabric8/kubernetes-model-rbac/7.1.0/kubernetes-model-rbac-7.1.0.jar:/home/runner/.m2/repository/io/fabric8/kubernetes-model-admissionregistration/7.1.0/kubernetes-model-admissionregistration-7.1.0.jar:/home/runner/.m2/repository/io/fabric8/kubernetes-model-apps/7.1.0/kubernetes-model-apps-7.1.0.jar:/home/runner/.m2/repository/io/fabric8/kubernetes-model-autoscaling/7.1.0/kubernetes-model-autoscaling-7.1.0.jar:/home/runner/.m2/repository/io/fabric8/kubernetes-model-apiextensions/7.1.0/kubernetes-model-apiextensions-7.1.0.jar:/home/runner/.m2/repository/io/fabric8/kubernetes-model-batch/7.1.0/kubernetes-model-batch-7.1.0.jar:/home/runner/.m2/repository/io/fabric8/kubernetes-model-certificates/7.1.0/kubernetes-model-certificates-7.1.0.jar:/home/runner/.m2/repository/io/fabric8/kubernetes-model-coordination/7.1.0/kubernetes-model-coordination-7.1.0.jar:/home/runner/.m2/repository/io/fabric8/kubernetes-model-discovery/7.1.0/kubernetes-model-discovery-7.1.0.jar:/home/runner/.m2/repository/io/fabric8/kubernetes-model-events/7.1.0/kubernetes-model-events-7.1.0.jar:/home/runner/.m2/repository/io/fabric8/kubernetes-model-extensions/7.1.0/kubernetes-model-extensions-7.1.0.jar:/home/runner/.m2/repository/io/fabric8/kubernetes-model-flowcontrol/7.1.0/kubernetes-model-flowcontrol-7.1.0.jar:/home/runner/.m2/repository/io/fabric8/kubernetes-model-networking/7.1.0/kubernetes-model-networking-7.1.0.jar:/home/runner/.m2/repository/io/fabric8/kubernetes-model-metrics/7.1.0/kubernetes-model-metrics-7.1.0.jar:/home/runner/.m2/repository/io/fabric8/kubernetes-model-policy/7.1.0/kubernetes-model-policy-7.1.0.jar:/home/runner/.m2/repository/io/fabric8/kubernetes-model-scheduling/7.1.0/kubernetes-model-scheduling-7.1.0.jar:/home/runner/.m2/repository/io/fabric8/kubernetes-model-storageclass/7.1.0/kubernetes-model-storageclass-7.1.0.jar:/home/runner/.m2/repository/io/fabric8/kubernetes-model-node/7.1.0/kubernetes-model-node-7.1.0.jar:/home/runner/.m2/repository/org/snakeyaml/snakeyaml-engine/2.9/snakeyaml-engine-2.9.jar:/home/runner/.m2/repository/com/fasterxml/jackson/dataformat/jackson-dataformat-yaml/2.18.2/jackson-dataformat-yaml-2.18.2.jar:/home/runner/.m2/repository/com/fasterxml/jackson/datatype/jackson-datatype-jsr310/2.18.2/jackson-datatype-jsr310-2.18.2.jar:/home/runner/.m2/repository/io/fabric8/zjsonpatch/7.1.0/zjsonpatch-7.1.0.jar:/home/runner/.m2/repository/io/fabric8/kubernetes-httpclient-vertx/7.1.0/kubernetes-httpclient-vertx-7.1.0.jar:/home/runner/.m2/repository/io/vertx/vertx-web-client/4.5.16/vertx-web-client-4.5.16.jar:/home/runner/.m2/repository/io/vertx/vertx-web-common/4.5.16/vertx-web-common-4.5.16.jar:/home/runner/.m2/repository/io/vertx/vertx-auth-common/4.5.16/vertx-auth-common-4.5.16.jar:/home/runner/.m2/repository/io/vertx/vertx-uri-template/4.5.16/vertx-uri-template-4.5.16.jar:/home/runner/.m2/repository/io/fabric8/openshift-client/7.1.0/openshift-client-7.1.0.jar:/home/runner/.m2/repository/io/fabric8/openshift-client-api/7.1.0/openshift-client-api-7.1.0.jar:/home/runner/.m2/repository/io/fabric8/openshift-model/7.1.0/openshift-model-7.1.0.jar:/home/runner/.m2/repository/io/fabric8/openshift-model-autoscaling/7.1.0/openshift-model-autoscaling-7.1.0.jar:/home/runner/.m2/repository/io/fabric8/openshift-model-operator/7.1.0/openshift-model-operator-7.1.0.jar:/home/runner/.m2/repository/io/fabric8/openshift-model-operatorhub/7.1.0/openshift-model-operatorhub-7.1.0.jar:/home/runner/.m2/repository/io/fabric8/openshift-model-machine/7.1.0/openshift-model-machine-7.1.0.jar:/home/runner/.m2/repository/io/fabric8/openshift-model-whereabouts/7.1.0/openshift-model-whereabouts-7.1.0.jar:/home/runner/.m2/repository/io/fabric8/openshift-model-monitoring/7.1.0/openshift-model-monitoring-7.1.0.jar:/home/runner/.m2/repository/io/fabric8/openshift-model-storageversionmigrator/7.1.0/openshift-model-storageversionmigrator-7.1.0.jar:/home/runner/.m2/repository/io/fabric8/openshift-model-tuned/7.1.0/openshift-model-tuned-7.1.0.jar:/home/runner/.m2/repository/io/fabric8/openshift-model-console/7.1.0/openshift-model-console-7.1.0.jar:/home/runner/.m2/repository/io/fabric8/openshift-model-config/7.1.0/openshift-model-config-7.1.0.jar:/home/runner/.m2/repository/io/fabric8/openshift-model-machineconfiguration/7.1.0/openshift-model-machineconfiguration-7.1.0.jar:/home/runner/.m2/repository/io/fabric8/openshift-model-miscellaneous/7.1.0/openshift-model-miscellaneous-7.1.0.jar:/home/runner/.m2/repository/io/fabric8/openshift-model-hive/7.1.0/openshift-model-hive-7.1.0.jar:/home/runner/.m2/repository/io/fabric8/openshift-model-installer/7.1.0/openshift-model-installer-7.1.0.jar:/home/runner/.m2/repository/org/junit/platform/junit-platform-launcher/1.12.1/junit-platform-launcher-1.12.1.jar:/home/runner/.m2/repository/org/junit/platform/junit-platform-engine/1.12.1/junit-platform-engine-1.12.1.jar:/home/runner/.m2/repository/org/opentest4j/opentest4j/1.3.0/opentest4j-1.3.0.jar:/home/runner/.m2/repository/org/junit/platform/junit-platform-commons/1.12.1/junit-platform-commons-1.12.1.jar:/home/runner/.m2/repository/org/apiguardian/apiguardian-api/1.1.2/apiguardian-api-1.1.2.jar:/home/runner/.m2/repository/jakarta/ws/rs/jakarta.ws.rs-api/3.1.0/jakarta.ws.rs-api-3.1.0.jar:/home/runner/work/apicurio-testing/apicurio-testing/clusters/ci419/namespaces/pg17/tests/integration/apicurio-registry/java-sdk/target/apicurio-registry-java-sdk-3.0.12-SNAPSHOT.jar:/home/runner/.m2/repository/com/microsoft/kiota/microsoft-kiota-abstractions/1.8.9/microsoft-kiota-abstractions-1.8.9.jar:/home/runner/.m2/repository/io/github/std-uritemplate/std-uritemplate/2.0.0/std-uritemplate-2.0.0.jar:/home/runner/.m2/repository/io/kiota/kiota-http-jdk/0.0.29/kiota-http-jdk-0.0.29.jar:/home/runner/.m2/repository/io/kiota/kiota-http-vertx/0.0.29/kiota-http-vertx-0.0.29.jar:/home/runner/.m2/repository/io/kiota/kiota-serialization-jackson/0.0.29/kiota-serialization-jackson-0.0.29.jar:/home/runner/.m2/repository/com/microsoft/kiota/microsoft-kiota-serialization-text/1.8.9/microsoft-kiota-serialization-text-1.8.9.jar:/home/runner/.m2/repository/com/microsoft/kiota/microsoft-kiota-serialization-form/1.8.9/microsoft-kiota-serialization-form-1.8.9.jar:/home/runner/.m2/repository/com/microsoft/kiota/microsoft-kiota-serialization-multipart/1.8.9/microsoft-kiota-serialization-multipart-1.8.9.jar:/home/runner/.m2/repository/jakarta/annotation/jakarta.annotation-api/3.0.0/jakarta.annotation-api-3.0.0.jar:/home/runner/.m2/repository/io/vertx/vertx-auth-oauth2/4.5.16/vertx-auth-oauth2-4.5.16.jar:/home/runner/work/apicurio-testing/apicurio-testing/clusters/ci419/namespaces/pg17/tests/integration/apicurio-registry/java-sdk-v2/target/apicurio-registry-v2-java-sdk-3.0.12-SNAPSHOT.jar:/home/runner/work/apicurio-testing/apicurio-testing/clusters/ci419/namespaces/pg17/tests/integration/apicurio-registry/utils/kafka/target/apicurio-registry-utils-kafka-3.0.12-SNAPSHOT-tests.jar:/home/runner/.m2/repository/org/eclipse/microprofile/config/microprofile-config-api/3.1/microprofile-config-api-3.1.jar:/home/runner/.m2/repository/org/apache/kafka/kafka-clients/3.9.1/kafka-clients-3.9.1.jar:/home/runner/.m2/repository/com/github/luben/zstd-jni/1.5.6-4/zstd-jni-1.5.6-4.jar:/home/runner/.m2/repository/org/lz4/lz4-java/1.8.0/lz4-java-1.8.0.jar:/home/runner/.m2/repository/org/xerial/snappy/snappy-java/1.1.10.5/snappy-java-1.1.10.5.jar:/home/runner/.m2/repository/org/slf4j/slf4j-api/2.0.6/slf4j-api-2.0.6.jar:/home/runner/work/apicurio-testing/apicurio-testing/clusters/ci419/namespaces/pg17/tests/integration/apicurio-registry/utils/tests/target/apicurio-registry-utils-tests-3.0.12-SNAPSHOT.jar:/home/runner/work/apicurio-testing/apicurio-testing/clusters/ci419/namespaces/pg17/tests/integration/apicurio-registry/common/target/apicurio-registry-common-3.0.12-SNAPSHOT.jar:/home/runner/.m2/repository/jakarta/validation/jakarta.validation-api/3.0.2/jakarta.validation-api-3.0.2.jar:/home/runner/.m2/repository/com/github/dasniko/testcontainers-keycloak/3.8.0/testcontainers-keycloak-3.8.0.jar:/home/runner/.m2/repository/org/testcontainers/testcontainers/1.20.6/testcontainers-1.20.6.jar:/home/runner/.m2/repository/org/rnorth/duct-tape/duct-tape/1.0.8/duct-tape-1.0.8.jar:/home/runner/.m2/repository/com/github/docker-java/docker-java-transport-zerodep/3.4.1/docker-java-transport-zerodep-3.4.1.jar:/home/runner/.m2/repository/com/github/docker-java/docker-java-transport/3.4.1/docker-java-transport-3.4.1.jar:/home/runner/.m2/repository/net/java/dev/jna/jna/5.8.0/jna-5.8.0.jar:/home/runner/.m2/repository/io/quarkus/quarkus-junit4-mock/3.20.2/quarkus-junit4-mock-3.20.2.jar:/home/runner/.m2/repository/org/jboss/shrinkwrap/shrinkwrap-api/2.0.0-beta-2/shrinkwrap-api-2.0.0-beta-2.jar:/home/runner/.m2/repository/org/jboss/shrinkwrap/shrinkwrap-impl-base/2.0.0-beta-2/shrinkwrap-impl-base-2.0.0-beta-2.jar:/home/runner/.m2/repository/org/jboss/shrinkwrap/shrinkwrap-spi/2.0.0-beta-2/shrinkwrap-spi-2.0.0-beta-2.jar:/home/runner/.m2/repository/org/keycloak/keycloak-admin-client/26.0.4/keycloak-admin-client-26.0.4.jar:/home/runner/.m2/repository/org/keycloak/keycloak-client-common-synced/26.0.4/keycloak-client-common-synced-26.0.4.jar:/home/runner/.m2/repository/jakarta/activation/jakarta.activation-api/2.1.3/jakarta.activation-api-2.1.3.jar:/home/runner/.m2/repository/org/eclipse/microprofile/openapi/microprofile-openapi-api/4.0.2/microprofile-openapi-api-4.0.2.jar:/home/runner/.m2/repository/org/jboss/resteasy/resteasy-client/6.2.12.Final/resteasy-client-6.2.12.Final.jar:/home/runner/.m2/repository/org/jboss/resteasy/resteasy-client-api/6.2.12.Final/resteasy-client-api-6.2.12.Final.jar:/home/runner/.m2/repository/org/jboss/resteasy/resteasy-core-spi/6.2.12.Final/resteasy-core-spi-6.2.12.Final.jar:/home/runner/.m2/repository/org/jboss/resteasy/resteasy-core/6.2.12.Final/resteasy-core-6.2.12.Final.jar:/home/runner/.m2/repository/org/eclipse/angus/angus-activation/2.0.2/angus-activation-2.0.2.jar:/home/runner/.m2/repository/com/ibm/async/asyncutil/0.1.0/asyncutil-0.1.0.jar:/home/runner/.m2/repository/org/reactivestreams/reactive-streams/1.0.4/reactive-streams-1.0.4.jar:/home/runner/.m2/repository/org/jboss/resteasy/resteasy-multipart-provider/6.2.12.Final/resteasy-multipart-provider-6.2.12.Final.jar:/home/runner/.m2/repository/jakarta/mail/jakarta.mail-api/2.1.3/jakarta.mail-api-2.1.3.jar:/home/runner/.m2/repository/org/eclipse/angus/angus-mail/2.0.3/angus-mail-2.0.3.jar:/home/runner/.m2/repository/org/apache/james/apache-mime4j-dom/0.8.12/apache-mime4j-dom-0.8.12.jar:/home/runner/.m2/repository/org/apache/james/apache-mime4j-core/0.8.12/apache-mime4j-core-0.8.12.jar:/home/runner/.m2/repository/org/apache/james/apache-mime4j-storage/0.8.12/apache-mime4j-storage-0.8.12.jar:/home/runner/.m2/repository/org/jboss/resteasy/resteasy-jackson2-provider/6.2.12.Final/resteasy-jackson2-provider-6.2.12.Final.jar:/home/runner/.m2/repository/com/fasterxml/jackson/jakarta/rs/jackson-jakarta-rs-base/2.18.2/jackson-jakarta-rs-base-2.18.2.jar:/home/runner/.m2/repository/com/fasterxml/jackson/jakarta/rs/jackson-jakarta-rs-json-provider/2.18.2/jackson-jakarta-rs-json-provider-2.18.2.jar:/home/runner/.m2/repository/com/fasterxml/jackson/module/jackson-module-jakarta-xmlbind-annotations/2.18.2/jackson-module-jakarta-xmlbind-annotations-2.18.2.jar:/home/runner/.m2/repository/com/github/java-json-tools/json-patch/1.13/json-patch-1.13.jar:/home/runner/.m2/repository/com/github/java-json-tools/msg-simple/1.2/msg-simple-1.2.jar:/home/runner/.m2/repository/com/github/java-json-tools/btf/1.3/btf-1.3.jar:/home/runner/.m2/repository/com/github/java-json-tools/jackson-coreutils/2.0/jackson-coreutils-2.0.jar:/home/runner/.m2/repository/org/jboss/resteasy/resteasy-jaxb-provider/6.2.12.Final/resteasy-jaxb-provider-6.2.12.Final.jar:/home/runner/.m2/repository/org/glassfish/jaxb/codemodel/4.0.5/codemodel-4.0.5.jar:/home/runner/.m2/repository/org/glassfish/jaxb/jaxb-core/4.0.5/jaxb-core-4.0.5.jar:/home/runner/.m2/repository/org/glassfish/jaxb/jaxb-jxc/4.0.5/jaxb-jxc-4.0.5.jar:/home/runner/.m2/repository/org/glassfish/jaxb/jaxb-runtime/4.0.5/jaxb-runtime-4.0.5.jar:/home/runner/.m2/repository/org/glassfish/jaxb/txw2/4.0.5/txw2-4.0.5.jar:/home/runner/.m2/repository/org/glassfish/jaxb/jaxb-xjc/4.0.5/jaxb-xjc-4.0.5.jar:/home/runner/.m2/repository/org/glassfish/jaxb/xsom/4.0.5/xsom-4.0.5.jar:/home/runner/.m2/repository/com/sun/istack/istack-commons-runtime/4.1.2/istack-commons-runtime-4.1.2.jar:/home/runner/.m2/repository/com/sun/istack/istack-commons-tools/4.1.2/istack-commons-tools-4.1.2.jar:/home/runner/.m2/repository/com/sun/xml/bind/external/relaxng-datatype/4.0.5/relaxng-datatype-4.0.5.jar:/home/runner/.m2/repository/com/sun/xml/bind/external/rngom/4.0.5/rngom-4.0.5.jar:/home/runner/.m2/repository/org/testcontainers/mssqlserver/1.20.6/mssqlserver-1.20.6.jar:/home/runner/.m2/repository/org/testcontainers/jdbc/1.20.6/jdbc-1.20.6.jar:/home/runner/.m2/repository/org/testcontainers/database-commons/1.20.6/database-commons-1.20.6.jar:/home/runner/.m2/repository/org/testcontainers/mysql/1.20.6/mysql-1.20.6.jar:/home/runner/.m2/repository/io/strimzi/strimzi-test-container/0.111.0/strimzi-test-container-0.111.0.jar:/home/runner/.m2/repository/org/testcontainers/toxiproxy/1.20.6/toxiproxy-1.20.6.jar:/home/runner/.m2/repository/com/github/docker-java/docker-java-api/3.4.1/docker-java-api-3.4.1.jar:/home/runner/.m2/repository/org/apache/logging/log4j/log4j-slf4j-impl/2.19.0/log4j-slf4j-impl-2.19.0.jar:/home/runner/.m2/repository/org/apache/logging/log4j/log4j-api/2.24.3/log4j-api-2.24.3.jar:/home/runner/.m2/repository/org/apache/logging/log4j/log4j-core/2.19.0/log4j-core-2.19.0.jar:/home/runner/.m2/repository/eu/rekawek/toxiproxy/toxiproxy-java/2.1.7/toxiproxy-java-2.1.7.jar:/home/runner/.m2/repository/org/testcontainers/pulsar/1.21.3/pulsar-1.21.3.jar:/home/runner/.m2/repository/io/debezium/debezium-testing-testcontainers/2.7.4.Final/debezium-testing-testcontainers-2.7.4.Final.jar:/home/runner/.m2/repository/org/testcontainers/kafka/1.20.6/kafka-1.20.6.jar:/home/runner/.m2/repository/com/squareup/okhttp3/okhttp/4.8.1/okhttp-4.8.1.jar:/home/runner/.m2/repository/com/squareup/okio/okio/3.10.2/okio-3.10.2.jar:/home/runner/.m2/repository/com/squareup/okio/okio-jvm/3.10.2/okio-jvm-3.10.2.jar:/home/runner/.m2/repository/org/jetbrains/kotlin/kotlin-stdlib/2.0.21/kotlin-stdlib-2.0.21.jar:/home/runner/.m2/repository/org/awaitility/awaitility/4.3.0/awaitility-4.3.0.jar:/home/runner/.m2/repository/org/testcontainers/mongodb/1.20.6/mongodb-1.20.6.jar:/home/runner/.m2/repository/org/testcontainers/mariadb/1.20.6/mariadb-1.20.6.jar:/home/runner/.m2/repository/org/testcontainers/oracle-xe/1.20.6/oracle-xe-1.20.6.jar:/home/runner/.m2/repository/org/testcontainers/postgresql/1.20.6/postgresql-1.20.6.jar:/home/runner/.m2/repository/org/wiremock/wiremock/3.0.1/wiremock-3.0.1.jar:/home/runner/.m2/repository/org/eclipse/jetty/jetty-server/11.0.15/jetty-server-11.0.15.jar:/home/runner/.m2/repository/org/eclipse/jetty/toolchain/jetty-jakarta-servlet-api/5.0.2/jetty-jakarta-servlet-api-5.0.2.jar:/home/runner/.m2/repository/org/eclipse/jetty/jetty-http/11.0.15/jetty-http-11.0.15.jar:/home/runner/.m2/repository/org/eclipse/jetty/jetty-io/11.0.15/jetty-io-11.0.15.jar:/home/runner/.m2/repository/org/eclipse/jetty/jetty-servlet/11.0.15/jetty-servlet-11.0.15.jar:/home/runner/.m2/repository/org/eclipse/jetty/jetty-security/11.0.15/jetty-security-11.0.15.jar:/home/runner/.m2/repository/org/eclipse/jetty/jetty-servlets/11.0.15/jetty-servlets-11.0.15.jar:/home/runner/.m2/repository/org/eclipse/jetty/jetty-util/11.0.15/jetty-util-11.0.15.jar:/home/runner/.m2/repository/org/eclipse/jetty/jetty-webapp/11.0.15/jetty-webapp-11.0.15.jar:/home/runner/.m2/repository/org/eclipse/jetty/jetty-xml/11.0.15/jetty-xml-11.0.15.jar:/home/runner/.m2/repository/org/eclipse/jetty/jetty-proxy/11.0.15/jetty-proxy-11.0.15.jar:/home/runner/.m2/repository/org/eclipse/jetty/jetty-client/11.0.15/jetty-client-11.0.15.jar:/home/runner/.m2/repository/org/eclipse/jetty/http2/http2-server/11.0.15/http2-server-11.0.15.jar:/home/runner/.m2/repository/org/eclipse/jetty/http2/http2-common/11.0.15/http2-common-11.0.15.jar:/home/runner/.m2/repository/org/eclipse/jetty/http2/http2-hpack/11.0.15/http2-hpack-11.0.15.jar:/home/runner/.m2/repository/org/eclipse/jetty/jetty-alpn-server/11.0.15/jetty-alpn-server-11.0.15.jar:/home/runner/.m2/repository/org/eclipse/jetty/jetty-alpn-java-server/11.0.15/jetty-alpn-java-server-11.0.15.jar:/home/runner/.m2/repository/org/eclipse/jetty/jetty-alpn-java-client/11.0.15/jetty-alpn-java-client-11.0.15.jar:/home/runner/.m2/repository/org/eclipse/jetty/jetty-alpn-client/11.0.15/jetty-alpn-client-11.0.15.jar:/home/runner/.m2/repository/org/apache/httpcomponents/client5/httpclient5/5.2.1/httpclient5-5.2.1.jar:/home/runner/.m2/repository/org/apache/httpcomponents/core5/httpcore5/5.2/httpcore5-5.2.jar:/home/runner/.m2/repository/org/apache/httpcomponents/core5/httpcore5-h2/5.2/httpcore5-h2-5.2.jar:/home/runner/.m2/repository/org/xmlunit/xmlunit-core/2.9.1/xmlunit-core-2.9.1.jar:/home/runner/.m2/repository/jakarta/xml/bind/jakarta.xml.bind-api/4.0.2/jakarta.xml.bind-api-4.0.2.jar:/home/runner/.m2/repository/org/xmlunit/xmlunit-legacy/2.9.1/xmlunit-legacy-2.9.1.jar:/home/runner/.m2/repository/org/xmlunit/xmlunit-placeholders/2.9.1/xmlunit-placeholders-2.9.1.jar:/home/runner/.m2/repository/net/javacrumbs/json-unit/json-unit-core/2.38.0/json-unit-core-2.38.0.jar:/home/runner/.m2/repository/org/hamcrest/hamcrest-core/2.2/hamcrest-core-2.2.jar:/home/runner/.m2/repository/com/jayway/jsonpath/json-path/2.8.0/json-path-2.8.0.jar:/home/runner/.m2/repository/net/minidev/json-smart/2.4.10/json-smart-2.4.10.jar:/home/runner/.m2/repository/net/minidev/accessors-smart/2.4.9/accessors-smart-2.4.9.jar:/home/runner/.m2/repository/org/ow2/asm/asm/9.7.1/asm-9.7.1.jar:/home/runner/.m2/repository/net/sf/jopt-simple/jopt-simple/5.0.4/jopt-simple-5.0.4.jar:/home/runner/.m2/repository/com/github/jknack/handlebars/4.3.1/handlebars-4.3.1.jar:/home/runner/.m2/repository/com/github/jknack/handlebars-helpers/4.3.1/handlebars-helpers-4.3.1.jar:/home/runner/.m2/repository/commons-fileupload/commons-fileupload/1.5/commons-fileupload-1.5.jar:/home/runner/.m2/repository/com/networknt/json-schema-validator/1.5.8/json-schema-validator-1.5.8.jar:/home/runner/.m2/repository/com/ethlo/time/itu/1.10.3/itu-1.10.3.jar:/home/runner/.m2/repository/io/quarkus/quarkus-smallrye-jwt-build/3.20.2/quarkus-smallrye-jwt-build-3.20.2.jar:/home/runner/.m2/repository/io/smallrye/smallrye-jwt-build/4.6.2/smallrye-jwt-build-4.6.2.jar:/home/runner/.m2/repository/org/eclipse/microprofile/jwt/microprofile-jwt-auth-api/2.1/microprofile-jwt-auth-api-2.1.jar:/home/runner/.m2/repository/org/bitbucket/b_c/jose4j/0.9.6/jose4j-0.9.6.jar:/home/runner/.m2/repository/io/smallrye/smallrye-jwt-common/4.6.2/smallrye-jwt-common-4.6.2.jar:/home/runner/.m2/repository/io/quarkus/quarkus-jsonp/3.20.2/quarkus-jsonp-3.20.2.jar:/home/runner/.m2/repository/io/quarkus/quarkus-arc/3.20.2/quarkus-arc-3.20.2.jar:/home/runner/.m2/repository/io/quarkus/arc/arc/3.20.2/arc-3.20.2.jar:/home/runner/.m2/repository/jakarta/transaction/jakarta.transaction-api/2.0.1/jakarta.transaction-api-2.0.1.jar:/home/runner/.m2/repository/io/smallrye/reactive/mutiny/2.9.2/mutiny-2.9.2.jar:/home/runner/.m2/repository/org/jctools/jctools-core/4.0.5/jctools-core-4.0.5.jar:/home/runner/.m2/repository/org/eclipse/microprofile/context-propagation/microprofile-context-propagation-api/1.3/microprofile-context-propagation-api-1.3.jar:/home/runner/.m2/repository/io/apicurio/apicurio-common-rest-client-common/0.1.18.Final/apicurio-common-rest-client-common-0.1.18.Final.jar:/home/runner/work/apicurio-testing/apicurio-testing/clusters/ci419/namespaces/pg17/tests/integration/apicurio-registry/utils/maven-plugin/target/apicurio-registry-maven-plugin-3.0.12-SNAPSHOT.jar:/home/runner/.m2/repository/com/fasterxml/jackson/core/jackson-databind/2.18.2/jackson-databind-2.18.2.jar:/home/runner/.m2/repository/org/apache/avro/avro/1.12.0/avro-1.12.0.jar:/home/runner/.m2/repository/com/google/protobuf/protobuf-java/4.31.1/protobuf-java-4.31.1.jar:/home/runner/.m2/repository/com/google/protobuf/protobuf-java-util/4.31.1/protobuf-java-util-4.31.1.jar:/home/runner/.m2/repository/com/google/code/findbugs/jsr305/3.0.2/jsr305-3.0.2.jar:/home/runner/.m2/repository/com/google/code/gson/gson/2.12.1/gson-2.12.1.jar:/home/runner/.m2/repository/com/google/errorprone/error_prone_annotations/2.36.0/error_prone_annotations-2.36.0.jar:/home/runner/.m2/repository/com/google/j2objc/j2objc-annotations/2.8/j2objc-annotations-2.8.jar:/home/runner/work/apicurio-testing/apicurio-testing/clusters/ci419/namespaces/pg17/tests/integration/apicurio-registry/schema-util/util-provider/target/apicurio-registry-schema-util-provider-3.0.12-SNAPSHOT.jar:/home/runner/work/apicurio-testing/apicurio-testing/clusters/ci419/namespaces/pg17/tests/integration/apicurio-registry/schema-util/common/target/apicurio-registry-schema-util-common-3.0.12-SNAPSHOT.jar:/home/runner/.m2/repository/com/fasterxml/jackson/module/jackson-module-parameter-names/2.18.2/jackson-module-parameter-names-2.18.2.jar:/home/runner/.m2/repository/com/fasterxml/jackson/datatype/jackson-datatype-json-org/2.18.2/jackson-datatype-json-org-2.18.2.jar:/home/runner/work/apicurio-testing/apicurio-testing/clusters/ci419/namespaces/pg17/tests/integration/apicurio-registry/schema-util/json/target/apicurio-registry-schema-util-json-3.0.12-SNAPSHOT.jar:/home/runner/.m2/repository/com/github/erosb/everit-json-schema/1.14.5/everit-json-schema-1.14.5.jar:/home/runner/.m2/repository/commons-validator/commons-validator/1.9.0/commons-validator-1.9.0.jar:/home/runner/.m2/repository/commons-digester/commons-digester/2.1/commons-digester-2.1.jar:/home/runner/.m2/repository/commons-collections/commons-collections/3.2.2/commons-collections-3.2.2.jar:/home/runner/.m2/repository/com/damnhandy/handy-uri-templates/2.1.8/handy-uri-templates-2.1.8.jar:/home/runner/.m2/repository/joda-time/joda-time/2.10.2/joda-time-2.10.2.jar:/home/runner/.m2/repository/com/github/erosb/json-sKema/0.20.0/json-sKema-0.20.0.jar:/home/runner/.m2/repository/io/vertx/vertx-json-schema/4.5.16/vertx-json-schema-4.5.16.jar:/home/runner/work/apicurio-testing/apicurio-testing/clusters/ci419/namespaces/pg17/tests/integration/apicurio-registry/schema-util/protobuf/target/apicurio-registry-schema-util-protobuf-3.0.12-SNAPSHOT.jar:/home/runner/work/apicurio-testing/apicurio-testing/clusters/ci419/namespaces/pg17/tests/integration/apicurio-registry/utils/protobuf-schema-utilities/target/apicurio-registry-protobuf-schema-utilities-3.0.12-SNAPSHOT.jar:/home/runner/.m2/repository/com/google/api/grpc/proto-google-common-protos/2.52.0/proto-google-common-protos-2.52.0.jar:/home/runner/.m2/repository/com/squareup/wire/wire-schema-jvm/5.3.3/wire-schema-jvm-5.3.3.jar:/home/runner/.m2/repository/com/palantir/javapoet/javapoet/0.6.0/javapoet-0.6.0.jar:/home/runner/.m2/repository/com/squareup/kotlinpoet-jvm/2.0.0/kotlinpoet-jvm-2.0.0.jar:/home/runner/.m2/repository/org/jetbrains/kotlin/kotlin-reflect/2.0.21/kotlin-reflect-2.0.21.jar:/home/runner/.m2/repository/com/squareup/wire/wire-runtime-jvm/5.3.3/wire-runtime-jvm-5.3.3.jar:/home/runner/.m2/repository/com/ibm/icu/icu4j/76.1/icu4j-76.1.jar:/home/runner/.m2/repository/com/squareup/okio/okio-fakefilesystem/3.10.2/okio-fakefilesystem-3.10.2.jar:/home/runner/.m2/repository/com/squareup/okio/okio-fakefilesystem-jvm/3.10.2/okio-fakefilesystem-jvm-3.10.2.jar:/home/runner/.m2/repository/org/jetbrains/kotlinx/kotlinx-datetime-jvm/0.6.1/kotlinx-datetime-jvm-0.6.1.jar:/home/runner/work/apicurio-testing/apicurio-testing/clusters/ci419/namespaces/pg17/tests/integration/apicurio-registry/schema-util/asyncapi/target/apicurio-registry-schema-util-asyncapi-3.0.12-SNAPSHOT.jar:/home/runner/work/apicurio-testing/apicurio-testing/clusters/ci419/namespaces/pg17/tests/integration/apicurio-registry/schema-util/avro/target/apicurio-registry-schema-util-avro-3.0.12-SNAPSHOT.jar:/home/runner/work/apicurio-testing/apicurio-testing/clusters/ci419/namespaces/pg17/tests/integration/apicurio-registry/schema-util/graphql/target/apicurio-registry-schema-util-graphql-3.0.12-SNAPSHOT.jar:/home/runner/.m2/repository/com/graphql-java/graphql-java/22.4/graphql-java-22.4.jar:/home/runner/.m2/repository/com/graphql-java/java-dataloader/3.3.0/java-dataloader-3.3.0.jar:/home/runner/work/apicurio-testing/apicurio-testing/clusters/ci419/namespaces/pg17/tests/integration/apicurio-registry/schema-util/kconnect/target/apicurio-registry-schema-util-kconnect-3.0.12-SNAPSHOT.jar:/home/runner/work/apicurio-testing/apicurio-testing/clusters/ci419/namespaces/pg17/tests/integration/apicurio-registry/schema-util/openapi/target/apicurio-registry-schema-util-openapi-3.0.12-SNAPSHOT.jar:/home/runner/.m2/repository/io/apicurio/apicurio-data-models/2.2.2/apicurio-data-models-2.2.2.jar:/home/runner/.m2/repository/org/openapitools/openapidiff/openapi-diff-core/2.1.2/openapi-diff-core-2.1.2.jar:/home/runner/.m2/repository/io/swagger/parser/v3/swagger-parser/2.1.28/swagger-parser-2.1.28.jar:/home/runner/.m2/repository/io/swagger/parser/v3/swagger-parser-v2-converter/2.1.28/swagger-parser-v2-converter-2.1.28.jar:/home/runner/.m2/repository/io/swagger/swagger-core/1.6.16/swagger-core-1.6.16.jar:/home/runner/.m2/repository/io/swagger/swagger-models/1.6.16/swagger-models-1.6.16.jar:/home/runner/.m2/repository/io/swagger/swagger-annotations/1.6.16/swagger-annotations-1.6.16.jar:/home/runner/.m2/repository/io/swagger/swagger-parser/1.0.75/swagger-parser-1.0.75.jar:/home/runner/.m2/repository/io/swagger/swagger-parser-safe-url-resolver/1.0.75/swagger-parser-safe-url-resolver-1.0.75.jar:/home/runner/.m2/repository/io/swagger/swagger-compat-spec-parser/1.0.75/swagger-compat-spec-parser-1.0.75.jar:/home/runner/.m2/repository/com/github/java-json-tools/json-schema-validator/2.2.14/json-schema-validator-2.2.14.jar:/home/runner/.m2/repository/com/github/java-json-tools/jackson-coreutils-equivalence/1.0/jackson-coreutils-equivalence-1.0.jar:/home/runner/.m2/repository/com/github/java-json-tools/json-schema-core/1.2.14/json-schema-core-1.2.14.jar:/home/runner/.m2/repository/com/github/java-json-tools/uri-template/0.10/uri-template-0.10.jar:/home/runner/.m2/repository/com/googlecode/libphonenumber/libphonenumber/8.11.1/libphonenumber-8.11.1.jar:/home/runner/.m2/repository/com/j2html/j2html/1.6.0/j2html-1.6.0.jar:/home/runner/.m2/repository/org/apache/commons/commons-collections4/4.5.0/commons-collections4-4.5.0.jar:/home/runner/.m2/repository/org/slf4j/jcl-over-slf4j/2.0.17/jcl-over-slf4j-2.0.17.jar:/home/runner/.m2/repository/io/swagger/parser/v3/swagger-parser-v3/2.1.31/swagger-parser-v3-2.1.31.jar:/home/runner/.m2/repository/io/swagger/core/v3/swagger-models/2.2.34/swagger-models-2.2.34.jar:/home/runner/.m2/repository/io/swagger/core/v3/swagger-core/2.2.34/swagger-core-2.2.34.jar:/home/runner/.m2/repository/io/swagger/parser/v3/swagger-parser-core/2.1.31/swagger-parser-core-2.1.31.jar:/home/runner/.m2/repository/io/swagger/parser/v3/swagger-parser-safe-url-resolver/2.1.31/swagger-parser-safe-url-resolver-2.1.31.jar:/home/runner/work/apicurio-testing/apicurio-testing/clusters/ci419/namespaces/pg17/tests/integration/apicurio-registry/schema-util/wsdl/target/apicurio-registry-schema-util-wsdl-3.0.12-SNAPSHOT.jar:/home/runner/.m2/repository/wsdl4j/wsdl4j/1.6.3/wsdl4j-1.6.3.jar:/home/runner/work/apicurio-testing/apicurio-testing/clusters/ci419/namespaces/pg17/tests/integration/apicurio-registry/schema-util/xml/target/apicurio-registry-schema-util-xml-3.0.12-SNAPSHOT.jar:/home/runner/.m2/repository/org/apache/santuario/xmlsec/4.0.4/xmlsec-4.0.4.jar:/home/runner/.m2/repository/com/fasterxml/woodstox/woodstox-core/7.1.1/woodstox-core-7.1.1.jar:/home/runner/.m2/repository/org/codehaus/woodstox/stax2-api/4.2.2/stax2-api-4.2.2.jar:/home/runner/work/apicurio-testing/apicurio-testing/clusters/ci419/namespaces/pg17/tests/integration/apicurio-registry/schema-util/xsd/target/apicurio-registry-schema-util-xsd-3.0.12-SNAPSHOT.jar:/home/runner/work/apicurio-testing/apicurio-testing/clusters/ci419/namespaces/pg17/tests/integration/apicurio-registry/serdes/kafka/jsonschema-serde/target/apicurio-registry-jsonschema-serde-kafka-3.0.12-SNAPSHOT.jar:/home/runner/work/apicurio-testing/apicurio-testing/clusters/ci419/namespaces/pg17/tests/integration/apicurio-registry/serdes/kafka/serde-kafka-common/target/apicurio-registry-serde-kafka-common-3.0.12-SNAPSHOT.jar:/home/runner/work/apicurio-testing/apicurio-testing/clusters/ci419/namespaces/pg17/tests/integration/apicurio-registry/serdes/generic/serde-common/target/apicurio-registry-serde-common-3.0.12-SNAPSHOT.jar:/home/runner/work/apicurio-testing/apicurio-testing/clusters/ci419/namespaces/pg17/tests/integration/apicurio-registry/serdes/generic/serde-common-jsonschema/target/apicurio-registry-serde-common-jsonschema-3.0.12-SNAPSHOT.jar:/home/runner/.m2/repository/org/json/json/20250107/json-20250107.jar:/home/runner/work/apicurio-testing/apicurio-testing/clusters/ci419/namespaces/pg17/tests/integration/apicurio-registry/serdes/kafka/avro-serde/target/apicurio-registry-avro-serde-kafka-3.0.12-SNAPSHOT.jar:/home/runner/work/apicurio-testing/apicurio-testing/clusters/ci419/namespaces/pg17/tests/integration/apicurio-registry/serdes/generic/serde-common-avro/target/apicurio-registry-serde-common-avro-3.0.12-SNAPSHOT.jar:/home/runner/work/apicurio-testing/apicurio-testing/clusters/ci419/namespaces/pg17/tests/integration/apicurio-registry/serdes/kafka/protobuf-serde/target/apicurio-registry-protobuf-serde-kafka-3.0.12-SNAPSHOT.jar:/home/runner/work/apicurio-testing/apicurio-testing/clusters/ci419/namespaces/pg17/tests/integration/apicurio-registry/serdes/generic/serde-common-protobuf/target/apicurio-registry-serde-common-protobuf-3.0.12-SNAPSHOT.jar:/home/runner/.m2/repository/com/squareup/wire/wire-schema/5.3.3/wire-schema-5.3.3.jar:/home/runner/.m2/repository/com/squareup/wire/wire-runtime/5.3.3/wire-runtime-5.3.3.jar:/home/runner/work/apicurio-testing/apicurio-testing/clusters/ci419/namespaces/pg17/tests/integration/apicurio-registry/serdes/pulsar/avro-serde/target/apicurio-registry-avro-serde-pulsar-3.0.12-SNAPSHOT.jar:/home/runner/.m2/repository/org/apache/pulsar/pulsar-functions-api/3.3.8/pulsar-functions-api-3.3.8.jar:/home/runner/work/apicurio-testing/apicurio-testing/clusters/ci419/namespaces/pg17/tests/integration/apicurio-registry/serdes/nats/avro-serde/target/apicurio-registry-avro-serde-nats-3.0.12-SNAPSHOT.jar:/home/runner/.m2/repository/io/nats/jnats/2.21.4/jnats-2.21.4.jar:/home/runner/.m2/repository/org/bouncycastle/bcprov-lts8on/2.73.7/bcprov-lts8on-2.73.7.jar:/home/runner/.m2/repository/org/jetbrains/annotations/26.0.2/annotations-26.0.2.jar:/home/runner/work/apicurio-testing/apicurio-testing/clusters/ci419/namespaces/pg17/tests/integration/apicurio-registry/utils/converter/target/apicurio-registry-utils-converter-3.0.12-SNAPSHOT.jar:/home/runner/work/apicurio-testing/apicurio-testing/clusters/ci419/namespaces/pg17/tests/integration/apicurio-registry/schema-resolver/target/apicurio-registry-schema-resolver-3.0.12-SNAPSHOT.jar:/home/runner/.m2/repository/org/apache/kafka/connect-api/3.9.1/connect-api-3.9.1.jar:/home/runner/.m2/repository/javax/ws/rs/javax.ws.rs-api/2.1.1/javax.ws.rs-api-2.1.1.jar:/home/runner/.m2/repository/org/apache/kafka/connect-json/3.9.1/connect-json-3.9.1.jar:/home/runner/.m2/repository/com/fasterxml/jackson/datatype/jackson-datatype-jdk8/2.18.2/jackson-datatype-jdk8-2.18.2.jar:/home/runner/.m2/repository/com/fasterxml/jackson/module/jackson-module-afterburner/2.18.2/jackson-module-afterburner-2.18.2.jar:/home/runner/work/apicurio-testing/apicurio-testing/clusters/ci419/namespaces/pg17/tests/integration/apicurio-registry/utils/kafka/target/apicurio-registry-utils-kafka-3.0.12-SNAPSHOT.jar:/home/runner/.m2/repository/org/apache/pulsar/pulsar-client/3.3.8/pulsar-client-3.3.8.jar:/home/runner/.m2/repository/org/apache/pulsar/pulsar-client-api/3.3.8/pulsar-client-api-3.3.8.jar:/home/runner/.m2/repository/org/apache/pulsar/pulsar-client-admin-api/3.3.8/pulsar-client-admin-api-3.3.8.jar:/home/runner/.m2/repository/org/apache/pulsar/bouncy-castle-bc/3.3.8/bouncy-castle-bc-3.3.8-pkg.jar:/home/runner/.m2/repository/org/bouncycastle/bcpkix-jdk18on/1.81/bcpkix-jdk18on-1.81.jar:/home/runner/.m2/repository/org/bouncycastle/bcutil-jdk18on/1.81/bcutil-jdk18on-1.81.jar:/home/runner/.m2/repository/org/bouncycastle/bcprov-jdk18on/1.81/bcprov-jdk18on-1.81.jar:/home/runner/.m2/repository/io/opentelemetry/opentelemetry-api/1.44.1/opentelemetry-api-1.44.1.jar:/home/runner/.m2/repository/io/opentelemetry/opentelemetry-context/1.44.1/opentelemetry-context-1.44.1.jar:/home/runner/.m2/repository/io/opentelemetry/opentelemetry-api-incubator/1.44.1-alpha/opentelemetry-api-incubator-1.44.1-alpha.jar:/home/runner/.m2/repository/com/fasterxml/jackson/core/jackson-annotations/2.18.2/jackson-annotations-2.18.2.jar:/home/runner/.m2/repository/javax/validation/validation-api/1.1.0.Final/validation-api-1.1.0.Final.jar:/home/runner/.m2/repository/org/jspecify/jspecify/1.0.0/jspecify-1.0.0.jar:/home/runner/.m2/repository/org/apache/commons/commons-configuration2/2.12.0/commons-configuration2-2.12.0.jar:/home/runner/.m2/repository/commons-logging/commons-logging/1.3.5/commons-logging-1.3.5.jar:/home/runner/.m2/repository/org/apache/commons/commons-text/1.13.0/commons-text-1.13.0.jar:/home/runner/.m2/repository/io/confluent/kafka-avro-serializer/8.0.0/kafka-avro-serializer-8.0.0.jar:/home/runner/.m2/repository/org/apache/commons/commons-compress/1.27.1/commons-compress-1.27.1.jar:/home/runner/.m2/repository/io/confluent/kafka-schema-serializer/8.0.0/kafka-schema-serializer-8.0.0.jar:/home/runner/.m2/repository/com/fasterxml/jackson/dataformat/jackson-dataformat-csv/2.18.2/jackson-dataformat-csv-2.18.2.jar:/home/runner/.m2/repository/io/confluent/kafka-schema-registry-client/8.0.0/kafka-schema-registry-client-8.0.0.jar:/home/runner/.m2/repository/org/yaml/snakeyaml/2.3/snakeyaml-2.3.jar:/home/runner/.m2/repository/io/swagger/core/v3/swagger-annotations/2.2.29/swagger-annotations-2.2.29.jar:/home/runner/.m2/repository/com/google/guava/guava/33.4.0-jre/guava-33.4.0-jre.jar:/home/runner/.m2/repository/com/google/guava/failureaccess/1.0.1/failureaccess-1.0.1.jar:/home/runner/.m2/repository/org/checkerframework/checker-qual/3.49.0/checker-qual-3.49.0.jar:/home/runner/.m2/repository/io/confluent/logredactor/1.0.13/logredactor-1.0.13.jar:/home/runner/.m2/repository/com/google/re2j/re2j/1.6/re2j-1.6.jar:/home/runner/.m2/repository/io/confluent/logredactor-metrics/1.0.13/logredactor-metrics-1.0.13.jar:/home/runner/.m2/repository/com/eclipsesource/minimal-json/minimal-json/0.9.5/minimal-json-0.9.5.jar:/home/runner/.m2/repository/io/confluent/common-utils/8.0.0/common-utils-8.0.0.jar:/home/runner/.m2/repository/io/confluent/kafka-connect-avro-converter/8.0.0/kafka-connect-avro-converter-8.0.0.jar:/home/runner/.m2/repository/io/confluent/kafka-connect-avro-data/8.0.0/kafka-connect-avro-data-8.0.0.jar:/home/runner/.m2/repository/io/confluent/kafka-schema-converter/8.0.0/kafka-schema-converter-8.0.0.jar:/home/runner/.m2/repository/io/rest-assured/rest-assured/5.5.1/rest-assured-5.5.1.jar:/home/runner/.m2/repository/org/apache/groovy/groovy/4.0.22/groovy-4.0.22.jar:/home/runner/.m2/repository/org/apache/groovy/groovy-xml/4.0.22/groovy-xml-4.0.22.jar:/home/runner/.m2/repository/org/apache/httpcomponents/httpclient/4.5.14/httpclient-4.5.14.jar:/home/runner/.m2/repository/org/apache/httpcomponents/httpcore/4.4.16/httpcore-4.4.16.jar:/home/runner/.m2/repository/org/apache/httpcomponents/httpmime/4.5.14/httpmime-4.5.14.jar:/home/runner/.m2/repository/org/hamcrest/hamcrest/2.2/hamcrest-2.2.jar:/home/runner/.m2/repository/org/ccil/cowan/tagsoup/tagsoup/1.2.1/tagsoup-1.2.1.jar:/home/runner/.m2/repository/io/rest-assured/json-path/5.5.1/json-path-5.5.1.jar:/home/runner/.m2/repository/org/apache/groovy/groovy-json/4.0.22/groovy-json-4.0.22.jar:/home/runner/.m2/repository/io/rest-assured/rest-assured-common/5.5.1/rest-assured-common-5.5.1.jar:/home/runner/.m2/repository/io/rest-assured/xml-path/5.5.1/xml-path-5.5.1.jar:/home/runner/.m2/repository/io/zonky/test/embedded-postgres/2.1.0/embedded-postgres-2.1.0.jar:/home/runner/.m2/repository/io/zonky/test/postgres/embedded-postgres-binaries-windows-amd64/14.15.0/embedded-postgres-binaries-windows-amd64-14.15.0.jar:/home/runner/.m2/repository/io/zonky/test/postgres/embedded-postgres-binaries-darwin-amd64/14.15.0/embedded-postgres-binaries-darwin-amd64-14.15.0.jar:/home/runner/.m2/repository/io/zonky/test/postgres/embedded-postgres-binaries-linux-amd64/14.15.0/embedded-postgres-binaries-linux-amd64-14.15.0.jar:/home/runner/.m2/repository/io/zonky/test/postgres/embedded-postgres-binaries-linux-amd64-alpine/14.15.0/embedded-postgres-binaries-linux-amd64-alpine-14.15.0.jar:/home/runner/.m2/repository/org/apache/commons/commons-lang3/3.17.0/commons-lang3-3.17.0.jar:/home/runner/.m2/repository/org/tukaani/xz/1.10/xz-1.10.jar:/home/runner/.m2/repository/commons-codec/commons-codec/1.19.0/commons-codec-1.19.0.jar:/home/runner/.m2/repository/org/postgresql/postgresql/42.7.7/postgresql-42.7.7.jar:/home/runner/.m2/repository/commons-io/commons-io/2.18.0/commons-io-2.18.0.jar:/home/runner/work/apicurio-testing/apicurio-testing/clusters/ci419/namespaces/pg17/tests/integration/apicurio-registry/utils/importexport/target/apicurio-registry-utils-import-export-3.0.12-SNAPSHOT.jar:/home/runner/.m2/repository/io/vertx/vertx-core/4.5.16/vertx-core-4.5.16.jar:/home/runner/.m2/repository/io/netty/netty-common/4.1.121.Final/netty-common-4.1.121.Final.jar:/home/runner/.m2/repository/io/netty/netty-buffer/4.1.121.Final/netty-buffer-4.1.121.Final.jar:/home/runner/.m2/repository/io/netty/netty-transport/4.1.121.Final/netty-transport-4.1.121.Final.jar:/home/runner/.m2/repository/io/netty/netty-handler/4.1.121.Final/netty-handler-4.1.121.Final.jar:/home/runner/.m2/repository/io/netty/netty-transport-native-unix-common/4.1.121.Final/netty-transport-native-unix-common-4.1.121.Final.jar:/home/runner/.m2/repository/io/netty/netty-codec/4.1.121.Final/netty-codec-4.1.121.Final.jar:/home/runner/.m2/repository/io/netty/netty-handler-proxy/4.1.121.Final/netty-handler-proxy-4.1.121.Final.jar:/home/runner/.m2/repository/io/netty/netty-codec-socks/4.1.121.Final/netty-codec-socks-4.1.121.Final.jar:/home/runner/.m2/repository/io/netty/netty-codec-http/4.1.121.Final/netty-codec-http-4.1.121.Final.jar:/home/runner/.m2/repository/io/netty/netty-codec-http2/4.1.121.Final/netty-codec-http2-4.1.121.Final.jar:/home/runner/.m2/repository/io/netty/netty-resolver/4.1.121.Final/netty-resolver-4.1.121.Final.jar:/home/runner/.m2/repository/io/netty/netty-resolver-dns/4.1.121.Final/netty-resolver-dns-4.1.121.Final.jar:/home/runner/.m2/repository/io/netty/netty-codec-dns/4.1.121.Final/netty-codec-dns-4.1.121.Final.jar:/home/runner/.m2/repository/com/fasterxml/jackson/core/jackson-core/2.18.2/jackson-core-2.18.2.jar:"/>
    <property name="java.vm.vendor" value="Eclipse Adoptium"/>
    <property name="maven.javadoc.skip" value="true"/>
    <property name="sun.arch.data.model" value="64"/>
    <property name="java.vendor.url" value="https://adoptium.net/"/>
    <property name="user.timezone" value="Etc/UTC"/>
    <property name="os.name" value="Linux"/>
    <property name="java.vm.specification.version" value="17"/>
    <property name="sun.java.launcher" value="SUN_STANDARD"/>
    <property name="quarkus.http.test-port" value="80"/>
    <property name="sun.boot.library.path" value="/usr/lib/jvm/temurin-17-jdk-amd64/lib"/>
    <property name="sun.java.command" value="/home/runner/work/apicurio-testing/apicurio-testing/clusters/ci419/namespaces/pg17/tests/integration/apicurio-registry/integration-tests/target/surefire/surefirebooter-20250813164236360_3.jar /home/runner/work/apicurio-testing/apicurio-testing/clusters/ci419/namespaces/pg17/tests/integration/apicurio-registry/integration-tests/target/surefire 2025-08-13T16-42-36_242-jvmRun1 surefire-20250813164236360_1tmp surefire_0-20250813164236360_2tmp"/>
    <property name="maven.home" value="/home/runner/.m2/wrapper/dists/apache-maven-3.9.8-bin/4fnp1ql35bgk2a0p7m31ovbgb0/apache-maven-3.9.8"/>
    <property name="jdk.debug" value="release"/>
    <property name="surefire.test.class.path" value="/home/runner/work/apicurio-testing/apicurio-testing/clusters/ci419/namespaces/pg17/tests/integration/apicurio-registry/integration-tests/target/test-classes:/home/runner/work/apicurio-testing/apicurio-testing/clusters/ci419/namespaces/pg17/tests/integration/apicurio-registry/integration-tests/target/apicurio-registry-integration-tests-3.0.12-SNAPSHOT.jar:/home/runner/.m2/repository/io/quarkus/quarkus-junit5/3.20.2/quarkus-junit5-3.20.2.jar:/home/runner/.m2/repository/io/quarkus/quarkus-bootstrap-core/3.20.2/quarkus-bootstrap-core-3.20.2.jar:/home/runner/.m2/repository/io/quarkus/quarkus-classloader-commons/3.20.2/quarkus-classloader-commons-3.20.2.jar:/home/runner/.m2/repository/io/quarkus/quarkus-bootstrap-app-model/3.20.2/quarkus-bootstrap-app-model-3.20.2.jar:/home/runner/.m2/repository/io/smallrye/common/smallrye-common-io/2.12.0/smallrye-common-io-2.12.0.jar:/home/runner/.m2/repository/org/eclipse/sisu/org.eclipse.sisu.inject/0.9.0.M3/org.eclipse.sisu.inject-0.9.0.M3.jar:/home/runner/.m2/repository/io/quarkus/quarkus-test-common/3.20.2/quarkus-test-common-3.20.2.jar:/home/runner/.m2/repository/io/quarkus/quarkus-core-deployment/3.20.2/quarkus-core-deployment-3.20.2.jar:/home/runner/.m2/repository/org/aesh/readline/2.6/readline-2.6.jar:/home/runner/.m2/repository/org/fusesource/jansi/jansi/2.4.0/jansi-2.4.0.jar:/home/runner/.m2/repository/org/aesh/aesh/2.8.2/aesh-2.8.2.jar:/home/runner/.m2/repository/io/quarkus/gizmo/gizmo/1.8.0/gizmo-1.8.0.jar:/home/runner/.m2/repository/org/ow2/asm/asm-util/9.7.1/asm-util-9.7.1.jar:/home/runner/.m2/repository/org/ow2/asm/asm-analysis/9.7.1/asm-analysis-9.7.1.jar:/home/runner/.m2/repository/org/ow2/asm/asm-commons/9.7.1/asm-commons-9.7.1.jar:/home/runner/.m2/repository/org/ow2/asm/asm-tree/9.7.1/asm-tree-9.7.1.jar:/home/runner/.m2/repository/io/quarkus/quarkus-hibernate-validator-spi/3.20.2/quarkus-hibernate-validator-spi-3.20.2.jar:/home/runner/.m2/repository/io/quarkus/quarkus-class-change-agent/3.20.2/quarkus-class-change-agent-3.20.2.jar:/home/runner/.m2/repository/io/quarkus/quarkus-devtools-utilities/3.20.2/quarkus-devtools-utilities-3.20.2.jar:/home/runner/.m2/repository/io/quarkus/quarkus-builder/3.20.2/quarkus-builder-3.20.2.jar:/home/runner/.m2/repository/org/graalvm/sdk/nativeimage/23.1.2/nativeimage-23.1.2.jar:/home/runner/.m2/repository/org/graalvm/sdk/word/23.1.2/word-23.1.2.jar:/home/runner/.m2/repository/io/quarkus/quarkus-bootstrap-maven-resolver/3.20.2/quarkus-bootstrap-maven-resolver-3.20.2.jar:/home/runner/.m2/repository/io/smallrye/beanbag/smallrye-beanbag-maven/1.5.2/smallrye-beanbag-maven-1.5.2.jar:/home/runner/.m2/repository/io/smallrye/beanbag/smallrye-beanbag-sisu/1.5.2/smallrye-beanbag-sisu-1.5.2.jar:/home/runner/.m2/repository/io/smallrye/beanbag/smallrye-beanbag/1.5.2/smallrye-beanbag-1.5.2.jar:/home/runner/.m2/repository/javax/inject/javax.inject/1/javax.inject-1.jar:/home/runner/.m2/repository/org/apache/maven/maven-artifact/3.9.9/maven-artifact-3.9.9.jar:/home/runner/.m2/repository/org/apache/maven/maven-builder-support/3.9.9/maven-builder-support-3.9.9.jar:/home/runner/.m2/repository/org/apache/maven/maven-model/3.9.9/maven-model-3.9.9.jar:/home/runner/.m2/repository/org/apache/maven/maven-model-builder/3.9.9/maven-model-builder-3.9.9.jar:/home/runner/.m2/repository/org/apache/maven/maven-repository-metadata/3.9.9/maven-repository-metadata-3.9.9.jar:/home/runner/.m2/repository/org/apache/maven/maven-settings/3.9.9/maven-settings-3.9.9.jar:/home/runner/.m2/repository/org/apache/maven/resolver/maven-resolver-api/1.9.22/maven-resolver-api-1.9.22.jar:/home/runner/.m2/repository/org/apache/maven/resolver/maven-resolver-impl/1.9.22/maven-resolver-impl-1.9.22.jar:/home/runner/.m2/repository/org/apache/maven/resolver/maven-resolver-named-locks/1.9.22/maven-resolver-named-locks-1.9.22.jar:/home/runner/.m2/repository/org/apache/maven/resolver/maven-resolver-spi/1.9.22/maven-resolver-spi-1.9.22.jar:/home/runner/.m2/repository/org/apache/maven/resolver/maven-resolver-util/1.9.22/maven-resolver-util-1.9.22.jar:/home/runner/.m2/repository/org/apache/maven/resolver/maven-resolver-transport-http/1.9.20/maven-resolver-transport-http-1.9.20.jar:/home/runner/.m2/repository/org/apache/maven/wagon/wagon-provider-api/3.5.3/wagon-provider-api-3.5.3.jar:/home/runner/.m2/repository/org/apache/maven/wagon/wagon-http-shared/3.5.3/wagon-http-shared-3.5.3.jar:/home/runner/.m2/repository/org/codehaus/plexus/plexus-interpolation/1.26/plexus-interpolation-1.26.jar:/home/runner/.m2/repository/org/codehaus/plexus/plexus-utils/3.5.1/plexus-utils-3.5.1.jar:/home/runner/.m2/repository/org/codehaus/plexus/plexus-xml/4.0.1/plexus-xml-4.0.1.jar:/home/runner/.m2/repository/org/apache/maven/maven-xml-impl/4.0.0-alpha-5/maven-xml-impl-4.0.0-alpha-5.jar:/home/runner/.m2/repository/org/apache/maven/maven-api-xml/4.0.0-alpha-5/maven-api-xml-4.0.0-alpha-5.jar:/home/runner/.m2/repository/org/apache/maven/maven-api-meta/4.0.0-alpha-5/maven-api-meta-4.0.0-alpha-5.jar:/home/runner/.m2/repository/org/codehaus/plexus/plexus-cipher/2.0/plexus-cipher-2.0.jar:/home/runner/.m2/repository/org/codehaus/plexus/plexus-sec-dispatcher/2.0/plexus-sec-dispatcher-2.0.jar:/home/runner/.m2/repository/org/apache/maven/maven-embedder/3.9.9/maven-embedder-3.9.9.jar:/home/runner/.m2/repository/org/apache/maven/maven-core/3.9.9/maven-core-3.9.9.jar:/home/runner/.m2/repository/org/codehaus/plexus/plexus-component-annotations/2.1.0/plexus-component-annotations-2.1.0.jar:/home/runner/.m2/repository/org/apache/maven/maven-plugin-api/3.9.9/maven-plugin-api-3.9.9.jar:/home/runner/.m2/repository/org/apache/maven/shared/maven-shared-utils/3.4.2/maven-shared-utils-3.4.2.jar:/home/runner/.m2/repository/com/google/inject/guice/5.1.0/guice-5.1.0.jar:/home/runner/.m2/repository/aopalliance/aopalliance/1.0/aopalliance-1.0.jar:/home/runner/.m2/repository/org/codehaus/plexus/plexus-classworlds/2.6.0/plexus-classworlds-2.6.0.jar:/home/runner/.m2/repository/commons-cli/commons-cli/1.8.0/commons-cli-1.8.0.jar:/home/runner/.m2/repository/org/eclipse/sisu/org.eclipse.sisu.plexus/0.9.0.M3/org.eclipse.sisu.plexus-0.9.0.M3.jar:/home/runner/.m2/repository/org/apache/maven/maven-settings-builder/3.9.9/maven-settings-builder-3.9.9.jar:/home/runner/.m2/repository/org/apache/maven/maven-resolver-provider/3.9.9/maven-resolver-provider-3.9.9.jar:/home/runner/.m2/repository/org/apache/maven/resolver/maven-resolver-connector-basic/1.9.22/maven-resolver-connector-basic-1.9.22.jar:/home/runner/.m2/repository/org/apache/maven/resolver/maven-resolver-transport-wagon/1.9.22/maven-resolver-transport-wagon-1.9.22.jar:/home/runner/.m2/repository/org/apache/maven/wagon/wagon-http/3.5.3/wagon-http-3.5.3.jar:/home/runner/.m2/repository/org/apache/maven/wagon/wagon-file/3.5.3/wagon-file-3.5.3.jar:/home/runner/.m2/repository/io/quarkus/quarkus-bootstrap-gradle-resolver/3.20.2/quarkus-bootstrap-gradle-resolver-3.20.2.jar:/home/runner/.m2/repository/io/smallrye/jandex/3.3.0/jandex-3.3.0.jar:/home/runner/.m2/repository/org/jboss/logging/commons-logging-jboss-logging/1.0.0.Final/commons-logging-jboss-logging-1.0.0.Final.jar:/home/runner/.m2/repository/io/quarkus/quarkus-junit5-config/3.20.2/quarkus-junit5-config-3.20.2.jar:/home/runner/.m2/repository/org/junit/jupiter/junit-jupiter-api/5.12.1/junit-jupiter-api-5.12.1.jar:/home/runner/.m2/repository/io/smallrye/config/smallrye-config/3.11.4/smallrye-config-3.11.4.jar:/home/runner/.m2/repository/io/smallrye/config/smallrye-config-core/3.11.4/smallrye-config-core-3.11.4.jar:/home/runner/.m2/repository/io/smallrye/common/smallrye-common-classloader/2.12.0/smallrye-common-classloader-2.12.0.jar:/home/runner/.m2/repository/io/smallrye/config/smallrye-config-common/3.11.4/smallrye-config-common-3.11.4.jar:/home/runner/.m2/repository/org/junit/jupiter/junit-jupiter/5.12.1/junit-jupiter-5.12.1.jar:/home/runner/.m2/repository/org/junit/jupiter/junit-jupiter-params/5.12.1/junit-jupiter-params-5.12.1.jar:/home/runner/.m2/repository/org/junit/jupiter/junit-jupiter-engine/5.12.1/junit-jupiter-engine-5.12.1.jar:/home/runner/.m2/repository/io/quarkus/quarkus-core/3.20.2/quarkus-core-3.20.2.jar:/home/runner/.m2/repository/jakarta/enterprise/jakarta.enterprise.cdi-api/4.1.0/jakarta.enterprise.cdi-api-4.1.0.jar:/home/runner/.m2/repository/jakarta/enterprise/jakarta.enterprise.lang-model/4.1.0/jakarta.enterprise.lang-model-4.1.0.jar:/home/runner/.m2/repository/jakarta/el/jakarta.el-api/5.0.1/jakarta.el-api-5.0.1.jar:/home/runner/.m2/repository/jakarta/interceptor/jakarta.interceptor-api/2.2.0/jakarta.interceptor-api-2.2.0.jar:/home/runner/.m2/repository/jakarta/inject/jakarta.inject-api/2.0.1/jakarta.inject-api-2.0.1.jar:/home/runner/.m2/repository/io/smallrye/common/smallrye-common-os/2.12.0/smallrye-common-os-2.12.0.jar:/home/runner/.m2/repository/io/quarkus/quarkus-ide-launcher/3.20.2/quarkus-ide-launcher-3.20.2.jar:/home/runner/.m2/repository/io/quarkus/quarkus-development-mode-spi/3.20.2/quarkus-development-mode-spi-3.20.2.jar:/home/runner/.m2/repository/org/jboss/logging/jboss-logging/3.6.1.Final/jboss-logging-3.6.1.Final.jar:/home/runner/.m2/repository/org/jboss/logmanager/jboss-logmanager/3.1.2.Final/jboss-logmanager-3.1.2.Final.jar:/home/runner/.m2/repository/io/smallrye/common/smallrye-common-constraint/2.12.0/smallrye-common-constraint-2.12.0.jar:/home/runner/.m2/repository/io/smallrye/common/smallrye-common-cpu/2.12.0/smallrye-common-cpu-2.12.0.jar:/home/runner/.m2/repository/io/smallrye/common/smallrye-common-expression/2.12.0/smallrye-common-expression-2.12.0.jar:/home/runner/.m2/repository/io/smallrye/common/smallrye-common-net/2.12.0/smallrye-common-net-2.12.0.jar:/home/runner/.m2/repository/io/smallrye/common/smallrye-common-ref/2.12.0/smallrye-common-ref-2.12.0.jar:/home/runner/.m2/repository/jakarta/json/jakarta.json-api/2.1.3/jakarta.json-api-2.1.3.jar:/home/runner/.m2/repository/org/eclipse/parsson/parsson/1.1.7/parsson-1.1.7.jar:/home/runner/.m2/repository/org/jboss/logging/jboss-logging-annotations/3.0.4.Final/jboss-logging-annotations-3.0.4.Final.jar:/home/runner/.m2/repository/org/jboss/threads/jboss-threads/3.8.0.Final/jboss-threads-3.8.0.Final.jar:/home/runner/.m2/repository/io/smallrye/common/smallrye-common-annotation/2.12.0/smallrye-common-annotation-2.12.0.jar:/home/runner/.m2/repository/io/smallrye/common/smallrye-common-function/2.12.0/smallrye-common-function-2.12.0.jar:/home/runner/.m2/repository/org/jboss/slf4j/slf4j-jboss-logmanager/2.0.0.Final/slf4j-jboss-logmanager-2.0.0.Final.jar:/home/runner/.m2/repository/org/wildfly/common/wildfly-common/2.0.1/wildfly-common-2.0.1.jar:/home/runner/.m2/repository/io/quarkus/quarkus-bootstrap-runner/3.20.2/quarkus-bootstrap-runner-3.20.2.jar:/home/runner/.m2/repository/io/github/crac/org-crac/0.1.3/org-crac-0.1.3.jar:/home/runner/.m2/repository/io/quarkus/quarkus-fs-util/0.0.10/quarkus-fs-util-0.0.10.jar:/home/runner/.m2/repository/org/jboss/marshalling/jboss-marshalling/2.2.2.Final/jboss-marshalling-2.2.2.Final.jar:/home/runner/.m2/repository/io/fabric8/kubernetes-client/7.1.0/kubernetes-client-7.1.0.jar:/home/runner/.m2/repository/io/fabric8/kubernetes-client-api/7.1.0/kubernetes-client-api-7.1.0.jar:/home/runner/.m2/repository/io/fabric8/kubernetes-model-core/7.1.0/kubernetes-model-core-7.1.0.jar:/home/runner/.m2/repository/io/fabric8/kubernetes-model-common/7.1.0/kubernetes-model-common-7.1.0.jar:/home/runner/.m2/repository/javax/annotation/javax.annotation-api/1.3.2/javax.annotation-api-1.3.2.jar:/home/runner/.m2/repository/io/fabric8/kubernetes-model-gatewayapi/7.1.0/kubernetes-model-gatewayapi-7.1.0.jar:/home/runner/.m2/repository/io/fabric8/kubernetes-model-resource/7.1.0/kubernetes-model-resource-7.1.0.jar:/home/runner/.m2/repository/io/fabric8/kubernetes-model-rbac/7.1.0/kubernetes-model-rbac-7.1.0.jar:/home/runner/.m2/repository/io/fabric8/kubernetes-model-admissionregistration/7.1.0/kubernetes-model-admissionregistration-7.1.0.jar:/home/runner/.m2/repository/io/fabric8/kubernetes-model-apps/7.1.0/kubernetes-model-apps-7.1.0.jar:/home/runner/.m2/repository/io/fabric8/kubernetes-model-autoscaling/7.1.0/kubernetes-model-autoscaling-7.1.0.jar:/home/runner/.m2/repository/io/fabric8/kubernetes-model-apiextensions/7.1.0/kubernetes-model-apiextensions-7.1.0.jar:/home/runner/.m2/repository/io/fabric8/kubernetes-model-batch/7.1.0/kubernetes-model-batch-7.1.0.jar:/home/runner/.m2/repository/io/fabric8/kubernetes-model-certificates/7.1.0/kubernetes-model-certificates-7.1.0.jar:/home/runner/.m2/repository/io/fabric8/kubernetes-model-coordination/7.1.0/kubernetes-model-coordination-7.1.0.jar:/home/runner/.m2/repository/io/fabric8/kubernetes-model-discovery/7.1.0/kubernetes-model-discovery-7.1.0.jar:/home/runner/.m2/repository/io/fabric8/kubernetes-model-events/7.1.0/kubernetes-model-events-7.1.0.jar:/home/runner/.m2/repository/io/fabric8/kubernetes-model-extensions/7.1.0/kubernetes-model-extensions-7.1.0.jar:/home/runner/.m2/repository/io/fabric8/kubernetes-model-flowcontrol/7.1.0/kubernetes-model-flowcontrol-7.1.0.jar:/home/runner/.m2/repository/io/fabric8/kubernetes-model-networking/7.1.0/kubernetes-model-networking-7.1.0.jar:/home/runner/.m2/repository/io/fabric8/kubernetes-model-metrics/7.1.0/kubernetes-model-metrics-7.1.0.jar:/home/runner/.m2/repository/io/fabric8/kubernetes-model-policy/7.1.0/kubernetes-model-policy-7.1.0.jar:/home/runner/.m2/repository/io/fabric8/kubernetes-model-scheduling/7.1.0/kubernetes-model-scheduling-7.1.0.jar:/home/runner/.m2/repository/io/fabric8/kubernetes-model-storageclass/7.1.0/kubernetes-model-storageclass-7.1.0.jar:/home/runner/.m2/repository/io/fabric8/kubernetes-model-node/7.1.0/kubernetes-model-node-7.1.0.jar:/home/runner/.m2/repository/org/snakeyaml/snakeyaml-engine/2.9/snakeyaml-engine-2.9.jar:/home/runner/.m2/repository/com/fasterxml/jackson/dataformat/jackson-dataformat-yaml/2.18.2/jackson-dataformat-yaml-2.18.2.jar:/home/runner/.m2/repository/com/fasterxml/jackson/datatype/jackson-datatype-jsr310/2.18.2/jackson-datatype-jsr310-2.18.2.jar:/home/runner/.m2/repository/io/fabric8/zjsonpatch/7.1.0/zjsonpatch-7.1.0.jar:/home/runner/.m2/repository/io/fabric8/kubernetes-httpclient-vertx/7.1.0/kubernetes-httpclient-vertx-7.1.0.jar:/home/runner/.m2/repository/io/vertx/vertx-web-client/4.5.16/vertx-web-client-4.5.16.jar:/home/runner/.m2/repository/io/vertx/vertx-web-common/4.5.16/vertx-web-common-4.5.16.jar:/home/runner/.m2/repository/io/vertx/vertx-auth-common/4.5.16/vertx-auth-common-4.5.16.jar:/home/runner/.m2/repository/io/vertx/vertx-uri-template/4.5.16/vertx-uri-template-4.5.16.jar:/home/runner/.m2/repository/io/fabric8/openshift-client/7.1.0/openshift-client-7.1.0.jar:/home/runner/.m2/repository/io/fabric8/openshift-client-api/7.1.0/openshift-client-api-7.1.0.jar:/home/runner/.m2/repository/io/fabric8/openshift-model/7.1.0/openshift-model-7.1.0.jar:/home/runner/.m2/repository/io/fabric8/openshift-model-autoscaling/7.1.0/openshift-model-autoscaling-7.1.0.jar:/home/runner/.m2/repository/io/fabric8/openshift-model-operator/7.1.0/openshift-model-operator-7.1.0.jar:/home/runner/.m2/repository/io/fabric8/openshift-model-operatorhub/7.1.0/openshift-model-operatorhub-7.1.0.jar:/home/runner/.m2/repository/io/fabric8/openshift-model-machine/7.1.0/openshift-model-machine-7.1.0.jar:/home/runner/.m2/repository/io/fabric8/openshift-model-whereabouts/7.1.0/openshift-model-whereabouts-7.1.0.jar:/home/runner/.m2/repository/io/fabric8/openshift-model-monitoring/7.1.0/openshift-model-monitoring-7.1.0.jar:/home/runner/.m2/repository/io/fabric8/openshift-model-storageversionmigrator/7.1.0/openshift-model-storageversionmigrator-7.1.0.jar:/home/runner/.m2/repository/io/fabric8/openshift-model-tuned/7.1.0/openshift-model-tuned-7.1.0.jar:/home/runner/.m2/repository/io/fabric8/openshift-model-console/7.1.0/openshift-model-console-7.1.0.jar:/home/runner/.m2/repository/io/fabric8/openshift-model-config/7.1.0/openshift-model-config-7.1.0.jar:/home/runner/.m2/repository/io/fabric8/openshift-model-machineconfiguration/7.1.0/openshift-model-machineconfiguration-7.1.0.jar:/home/runner/.m2/repository/io/fabric8/openshift-model-miscellaneous/7.1.0/openshift-model-miscellaneous-7.1.0.jar:/home/runner/.m2/repository/io/fabric8/openshift-model-hive/7.1.0/openshift-model-hive-7.1.0.jar:/home/runner/.m2/repository/io/fabric8/openshift-model-installer/7.1.0/openshift-model-installer-7.1.0.jar:/home/runner/.m2/repository/org/junit/platform/junit-platform-launcher/1.12.1/junit-platform-launcher-1.12.1.jar:/home/runner/.m2/repository/org/junit/platform/junit-platform-engine/1.12.1/junit-platform-engine-1.12.1.jar:/home/runner/.m2/repository/org/opentest4j/opentest4j/1.3.0/opentest4j-1.3.0.jar:/home/runner/.m2/repository/org/junit/platform/junit-platform-commons/1.12.1/junit-platform-commons-1.12.1.jar:/home/runner/.m2/repository/org/apiguardian/apiguardian-api/1.1.2/apiguardian-api-1.1.2.jar:/home/runner/.m2/repository/jakarta/ws/rs/jakarta.ws.rs-api/3.1.0/jakarta.ws.rs-api-3.1.0.jar:/home/runner/work/apicurio-testing/apicurio-testing/clusters/ci419/namespaces/pg17/tests/integration/apicurio-registry/java-sdk/target/apicurio-registry-java-sdk-3.0.12-SNAPSHOT.jar:/home/runner/.m2/repository/com/microsoft/kiota/microsoft-kiota-abstractions/1.8.9/microsoft-kiota-abstractions-1.8.9.jar:/home/runner/.m2/repository/io/github/std-uritemplate/std-uritemplate/2.0.0/std-uritemplate-2.0.0.jar:/home/runner/.m2/repository/io/kiota/kiota-http-jdk/0.0.29/kiota-http-jdk-0.0.29.jar:/home/runner/.m2/repository/io/kiota/kiota-http-vertx/0.0.29/kiota-http-vertx-0.0.29.jar:/home/runner/.m2/repository/io/kiota/kiota-serialization-jackson/0.0.29/kiota-serialization-jackson-0.0.29.jar:/home/runner/.m2/repository/com/microsoft/kiota/microsoft-kiota-serialization-text/1.8.9/microsoft-kiota-serialization-text-1.8.9.jar:/home/runner/.m2/repository/com/microsoft/kiota/microsoft-kiota-serialization-form/1.8.9/microsoft-kiota-serialization-form-1.8.9.jar:/home/runner/.m2/repository/com/microsoft/kiota/microsoft-kiota-serialization-multipart/1.8.9/microsoft-kiota-serialization-multipart-1.8.9.jar:/home/runner/.m2/repository/jakarta/annotation/jakarta.annotation-api/3.0.0/jakarta.annotation-api-3.0.0.jar:/home/runner/.m2/repository/io/vertx/vertx-auth-oauth2/4.5.16/vertx-auth-oauth2-4.5.16.jar:/home/runner/work/apicurio-testing/apicurio-testing/clusters/ci419/namespaces/pg17/tests/integration/apicurio-registry/java-sdk-v2/target/apicurio-registry-v2-java-sdk-3.0.12-SNAPSHOT.jar:/home/runner/work/apicurio-testing/apicurio-testing/clusters/ci419/namespaces/pg17/tests/integration/apicurio-registry/utils/kafka/target/apicurio-registry-utils-kafka-3.0.12-SNAPSHOT-tests.jar:/home/runner/.m2/repository/org/eclipse/microprofile/config/microprofile-config-api/3.1/microprofile-config-api-3.1.jar:/home/runner/.m2/repository/org/apache/kafka/kafka-clients/3.9.1/kafka-clients-3.9.1.jar:/home/runner/.m2/repository/com/github/luben/zstd-jni/1.5.6-4/zstd-jni-1.5.6-4.jar:/home/runner/.m2/repository/org/lz4/lz4-java/1.8.0/lz4-java-1.8.0.jar:/home/runner/.m2/repository/org/xerial/snappy/snappy-java/1.1.10.5/snappy-java-1.1.10.5.jar:/home/runner/.m2/repository/org/slf4j/slf4j-api/2.0.6/slf4j-api-2.0.6.jar:/home/runner/work/apicurio-testing/apicurio-testing/clusters/ci419/namespaces/pg17/tests/integration/apicurio-registry/utils/tests/target/apicurio-registry-utils-tests-3.0.12-SNAPSHOT.jar:/home/runner/work/apicurio-testing/apicurio-testing/clusters/ci419/namespaces/pg17/tests/integration/apicurio-registry/common/target/apicurio-registry-common-3.0.12-SNAPSHOT.jar:/home/runner/.m2/repository/jakarta/validation/jakarta.validation-api/3.0.2/jakarta.validation-api-3.0.2.jar:/home/runner/.m2/repository/com/github/dasniko/testcontainers-keycloak/3.8.0/testcontainers-keycloak-3.8.0.jar:/home/runner/.m2/repository/org/testcontainers/testcontainers/1.20.6/testcontainers-1.20.6.jar:/home/runner/.m2/repository/org/rnorth/duct-tape/duct-tape/1.0.8/duct-tape-1.0.8.jar:/home/runner/.m2/repository/com/github/docker-java/docker-java-transport-zerodep/3.4.1/docker-java-transport-zerodep-3.4.1.jar:/home/runner/.m2/repository/com/github/docker-java/docker-java-transport/3.4.1/docker-java-transport-3.4.1.jar:/home/runner/.m2/repository/net/java/dev/jna/jna/5.8.0/jna-5.8.0.jar:/home/runner/.m2/repository/io/quarkus/quarkus-junit4-mock/3.20.2/quarkus-junit4-mock-3.20.2.jar:/home/runner/.m2/repository/org/jboss/shrinkwrap/shrinkwrap-api/2.0.0-beta-2/shrinkwrap-api-2.0.0-beta-2.jar:/home/runner/.m2/repository/org/jboss/shrinkwrap/shrinkwrap-impl-base/2.0.0-beta-2/shrinkwrap-impl-base-2.0.0-beta-2.jar:/home/runner/.m2/repository/org/jboss/shrinkwrap/shrinkwrap-spi/2.0.0-beta-2/shrinkwrap-spi-2.0.0-beta-2.jar:/home/runner/.m2/repository/org/keycloak/keycloak-admin-client/26.0.4/keycloak-admin-client-26.0.4.jar:/home/runner/.m2/repository/org/keycloak/keycloak-client-common-synced/26.0.4/keycloak-client-common-synced-26.0.4.jar:/home/runner/.m2/repository/jakarta/activation/jakarta.activation-api/2.1.3/jakarta.activation-api-2.1.3.jar:/home/runner/.m2/repository/org/eclipse/microprofile/openapi/microprofile-openapi-api/4.0.2/microprofile-openapi-api-4.0.2.jar:/home/runner/.m2/repository/org/jboss/resteasy/resteasy-client/6.2.12.Final/resteasy-client-6.2.12.Final.jar:/home/runner/.m2/repository/org/jboss/resteasy/resteasy-client-api/6.2.12.Final/resteasy-client-api-6.2.12.Final.jar:/home/runner/.m2/repository/org/jboss/resteasy/resteasy-core-spi/6.2.12.Final/resteasy-core-spi-6.2.12.Final.jar:/home/runner/.m2/repository/org/jboss/resteasy/resteasy-core/6.2.12.Final/resteasy-core-6.2.12.Final.jar:/home/runner/.m2/repository/org/eclipse/angus/angus-activation/2.0.2/angus-activation-2.0.2.jar:/home/runner/.m2/repository/com/ibm/async/asyncutil/0.1.0/asyncutil-0.1.0.jar:/home/runner/.m2/repository/org/reactivestreams/reactive-streams/1.0.4/reactive-streams-1.0.4.jar:/home/runner/.m2/repository/org/jboss/resteasy/resteasy-multipart-provider/6.2.12.Final/resteasy-multipart-provider-6.2.12.Final.jar:/home/runner/.m2/repository/jakarta/mail/jakarta.mail-api/2.1.3/jakarta.mail-api-2.1.3.jar:/home/runner/.m2/repository/org/eclipse/angus/angus-mail/2.0.3/angus-mail-2.0.3.jar:/home/runner/.m2/repository/org/apache/james/apache-mime4j-dom/0.8.12/apache-mime4j-dom-0.8.12.jar:/home/runner/.m2/repository/org/apache/james/apache-mime4j-core/0.8.12/apache-mime4j-core-0.8.12.jar:/home/runner/.m2/repository/org/apache/james/apache-mime4j-storage/0.8.12/apache-mime4j-storage-0.8.12.jar:/home/runner/.m2/repository/org/jboss/resteasy/resteasy-jackson2-provider/6.2.12.Final/resteasy-jackson2-provider-6.2.12.Final.jar:/home/runner/.m2/repository/com/fasterxml/jackson/jakarta/rs/jackson-jakarta-rs-base/2.18.2/jackson-jakarta-rs-base-2.18.2.jar:/home/runner/.m2/repository/com/fasterxml/jackson/jakarta/rs/jackson-jakarta-rs-json-provider/2.18.2/jackson-jakarta-rs-json-provider-2.18.2.jar:/home/runner/.m2/repository/com/fasterxml/jackson/module/jackson-module-jakarta-xmlbind-annotations/2.18.2/jackson-module-jakarta-xmlbind-annotations-2.18.2.jar:/home/runner/.m2/repository/com/github/java-json-tools/json-patch/1.13/json-patch-1.13.jar:/home/runner/.m2/repository/com/github/java-json-tools/msg-simple/1.2/msg-simple-1.2.jar:/home/runner/.m2/repository/com/github/java-json-tools/btf/1.3/btf-1.3.jar:/home/runner/.m2/repository/com/github/java-json-tools/jackson-coreutils/2.0/jackson-coreutils-2.0.jar:/home/runner/.m2/repository/org/jboss/resteasy/resteasy-jaxb-provider/6.2.12.Final/resteasy-jaxb-provider-6.2.12.Final.jar:/home/runner/.m2/repository/org/glassfish/jaxb/codemodel/4.0.5/codemodel-4.0.5.jar:/home/runner/.m2/repository/org/glassfish/jaxb/jaxb-core/4.0.5/jaxb-core-4.0.5.jar:/home/runner/.m2/repository/org/glassfish/jaxb/jaxb-jxc/4.0.5/jaxb-jxc-4.0.5.jar:/home/runner/.m2/repository/org/glassfish/jaxb/jaxb-runtime/4.0.5/jaxb-runtime-4.0.5.jar:/home/runner/.m2/repository/org/glassfish/jaxb/txw2/4.0.5/txw2-4.0.5.jar:/home/runner/.m2/repository/org/glassfish/jaxb/jaxb-xjc/4.0.5/jaxb-xjc-4.0.5.jar:/home/runner/.m2/repository/org/glassfish/jaxb/xsom/4.0.5/xsom-4.0.5.jar:/home/runner/.m2/repository/com/sun/istack/istack-commons-runtime/4.1.2/istack-commons-runtime-4.1.2.jar:/home/runner/.m2/repository/com/sun/istack/istack-commons-tools/4.1.2/istack-commons-tools-4.1.2.jar:/home/runner/.m2/repository/com/sun/xml/bind/external/relaxng-datatype/4.0.5/relaxng-datatype-4.0.5.jar:/home/runner/.m2/repository/com/sun/xml/bind/external/rngom/4.0.5/rngom-4.0.5.jar:/home/runner/.m2/repository/org/testcontainers/mssqlserver/1.20.6/mssqlserver-1.20.6.jar:/home/runner/.m2/repository/org/testcontainers/jdbc/1.20.6/jdbc-1.20.6.jar:/home/runner/.m2/repository/org/testcontainers/database-commons/1.20.6/database-commons-1.20.6.jar:/home/runner/.m2/repository/org/testcontainers/mysql/1.20.6/mysql-1.20.6.jar:/home/runner/.m2/repository/io/strimzi/strimzi-test-container/0.111.0/strimzi-test-container-0.111.0.jar:/home/runner/.m2/repository/org/testcontainers/toxiproxy/1.20.6/toxiproxy-1.20.6.jar:/home/runner/.m2/repository/com/github/docker-java/docker-java-api/3.4.1/docker-java-api-3.4.1.jar:/home/runner/.m2/repository/org/apache/logging/log4j/log4j-slf4j-impl/2.19.0/log4j-slf4j-impl-2.19.0.jar:/home/runner/.m2/repository/org/apache/logging/log4j/log4j-api/2.24.3/log4j-api-2.24.3.jar:/home/runner/.m2/repository/org/apache/logging/log4j/log4j-core/2.19.0/log4j-core-2.19.0.jar:/home/runner/.m2/repository/eu/rekawek/toxiproxy/toxiproxy-java/2.1.7/toxiproxy-java-2.1.7.jar:/home/runner/.m2/repository/org/testcontainers/pulsar/1.21.3/pulsar-1.21.3.jar:/home/runner/.m2/repository/io/debezium/debezium-testing-testcontainers/2.7.4.Final/debezium-testing-testcontainers-2.7.4.Final.jar:/home/runner/.m2/repository/org/testcontainers/kafka/1.20.6/kafka-1.20.6.jar:/home/runner/.m2/repository/com/squareup/okhttp3/okhttp/4.8.1/okhttp-4.8.1.jar:/home/runner/.m2/repository/com/squareup/okio/okio/3.10.2/okio-3.10.2.jar:/home/runner/.m2/repository/com/squareup/okio/okio-jvm/3.10.2/okio-jvm-3.10.2.jar:/home/runner/.m2/repository/org/jetbrains/kotlin/kotlin-stdlib/2.0.21/kotlin-stdlib-2.0.21.jar:/home/runner/.m2/repository/org/awaitility/awaitility/4.3.0/awaitility-4.3.0.jar:/home/runner/.m2/repository/org/testcontainers/mongodb/1.20.6/mongodb-1.20.6.jar:/home/runner/.m2/repository/org/testcontainers/mariadb/1.20.6/mariadb-1.20.6.jar:/home/runner/.m2/repository/org/testcontainers/oracle-xe/1.20.6/oracle-xe-1.20.6.jar:/home/runner/.m2/repository/org/testcontainers/postgresql/1.20.6/postgresql-1.20.6.jar:/home/runner/.m2/repository/org/wiremock/wiremock/3.0.1/wiremock-3.0.1.jar:/home/runner/.m2/repository/org/eclipse/jetty/jetty-server/11.0.15/jetty-server-11.0.15.jar:/home/runner/.m2/repository/org/eclipse/jetty/toolchain/jetty-jakarta-servlet-api/5.0.2/jetty-jakarta-servlet-api-5.0.2.jar:/home/runner/.m2/repository/org/eclipse/jetty/jetty-http/11.0.15/jetty-http-11.0.15.jar:/home/runner/.m2/repository/org/eclipse/jetty/jetty-io/11.0.15/jetty-io-11.0.15.jar:/home/runner/.m2/repository/org/eclipse/jetty/jetty-servlet/11.0.15/jetty-servlet-11.0.15.jar:/home/runner/.m2/repository/org/eclipse/jetty/jetty-security/11.0.15/jetty-security-11.0.15.jar:/home/runner/.m2/repository/org/eclipse/jetty/jetty-servlets/11.0.15/jetty-servlets-11.0.15.jar:/home/runner/.m2/repository/org/eclipse/jetty/jetty-util/11.0.15/jetty-util-11.0.15.jar:/home/runner/.m2/repository/org/eclipse/jetty/jetty-webapp/11.0.15/jetty-webapp-11.0.15.jar:/home/runner/.m2/repository/org/eclipse/jetty/jetty-xml/11.0.15/jetty-xml-11.0.15.jar:/home/runner/.m2/repository/org/eclipse/jetty/jetty-proxy/11.0.15/jetty-proxy-11.0.15.jar:/home/runner/.m2/repository/org/eclipse/jetty/jetty-client/11.0.15/jetty-client-11.0.15.jar:/home/runner/.m2/repository/org/eclipse/jetty/http2/http2-server/11.0.15/http2-server-11.0.15.jar:/home/runner/.m2/repository/org/eclipse/jetty/http2/http2-common/11.0.15/http2-common-11.0.15.jar:/home/runner/.m2/repository/org/eclipse/jetty/http2/http2-hpack/11.0.15/http2-hpack-11.0.15.jar:/home/runner/.m2/repository/org/eclipse/jetty/jetty-alpn-server/11.0.15/jetty-alpn-server-11.0.15.jar:/home/runner/.m2/repository/org/eclipse/jetty/jetty-alpn-java-server/11.0.15/jetty-alpn-java-server-11.0.15.jar:/home/runner/.m2/repository/org/eclipse/jetty/jetty-alpn-java-client/11.0.15/jetty-alpn-java-client-11.0.15.jar:/home/runner/.m2/repository/org/eclipse/jetty/jetty-alpn-client/11.0.15/jetty-alpn-client-11.0.15.jar:/home/runner/.m2/repository/org/apache/httpcomponents/client5/httpclient5/5.2.1/httpclient5-5.2.1.jar:/home/runner/.m2/repository/org/apache/httpcomponents/core5/httpcore5/5.2/httpcore5-5.2.jar:/home/runner/.m2/repository/org/apache/httpcomponents/core5/httpcore5-h2/5.2/httpcore5-h2-5.2.jar:/home/runner/.m2/repository/org/xmlunit/xmlunit-core/2.9.1/xmlunit-core-2.9.1.jar:/home/runner/.m2/repository/jakarta/xml/bind/jakarta.xml.bind-api/4.0.2/jakarta.xml.bind-api-4.0.2.jar:/home/runner/.m2/repository/org/xmlunit/xmlunit-legacy/2.9.1/xmlunit-legacy-2.9.1.jar:/home/runner/.m2/repository/org/xmlunit/xmlunit-placeholders/2.9.1/xmlunit-placeholders-2.9.1.jar:/home/runner/.m2/repository/net/javacrumbs/json-unit/json-unit-core/2.38.0/json-unit-core-2.38.0.jar:/home/runner/.m2/repository/org/hamcrest/hamcrest-core/2.2/hamcrest-core-2.2.jar:/home/runner/.m2/repository/com/jayway/jsonpath/json-path/2.8.0/json-path-2.8.0.jar:/home/runner/.m2/repository/net/minidev/json-smart/2.4.10/json-smart-2.4.10.jar:/home/runner/.m2/repository/net/minidev/accessors-smart/2.4.9/accessors-smart-2.4.9.jar:/home/runner/.m2/repository/org/ow2/asm/asm/9.7.1/asm-9.7.1.jar:/home/runner/.m2/repository/net/sf/jopt-simple/jopt-simple/5.0.4/jopt-simple-5.0.4.jar:/home/runner/.m2/repository/com/github/jknack/handlebars/4.3.1/handlebars-4.3.1.jar:/home/runner/.m2/repository/com/github/jknack/handlebars-helpers/4.3.1/handlebars-helpers-4.3.1.jar:/home/runner/.m2/repository/commons-fileupload/commons-fileupload/1.5/commons-fileupload-1.5.jar:/home/runner/.m2/repository/com/networknt/json-schema-validator/1.5.8/json-schema-validator-1.5.8.jar:/home/runner/.m2/repository/com/ethlo/time/itu/1.10.3/itu-1.10.3.jar:/home/runner/.m2/repository/io/quarkus/quarkus-smallrye-jwt-build/3.20.2/quarkus-smallrye-jwt-build-3.20.2.jar:/home/runner/.m2/repository/io/smallrye/smallrye-jwt-build/4.6.2/smallrye-jwt-build-4.6.2.jar:/home/runner/.m2/repository/org/eclipse/microprofile/jwt/microprofile-jwt-auth-api/2.1/microprofile-jwt-auth-api-2.1.jar:/home/runner/.m2/repository/org/bitbucket/b_c/jose4j/0.9.6/jose4j-0.9.6.jar:/home/runner/.m2/repository/io/smallrye/smallrye-jwt-common/4.6.2/smallrye-jwt-common-4.6.2.jar:/home/runner/.m2/repository/io/quarkus/quarkus-jsonp/3.20.2/quarkus-jsonp-3.20.2.jar:/home/runner/.m2/repository/io/quarkus/quarkus-arc/3.20.2/quarkus-arc-3.20.2.jar:/home/runner/.m2/repository/io/quarkus/arc/arc/3.20.2/arc-3.20.2.jar:/home/runner/.m2/repository/jakarta/transaction/jakarta.transaction-api/2.0.1/jakarta.transaction-api-2.0.1.jar:/home/runner/.m2/repository/io/smallrye/reactive/mutiny/2.9.2/mutiny-2.9.2.jar:/home/runner/.m2/repository/org/jctools/jctools-core/4.0.5/jctools-core-4.0.5.jar:/home/runner/.m2/repository/org/eclipse/microprofile/context-propagation/microprofile-context-propagation-api/1.3/microprofile-context-propagation-api-1.3.jar:/home/runner/.m2/repository/io/apicurio/apicurio-common-rest-client-common/0.1.18.Final/apicurio-common-rest-client-common-0.1.18.Final.jar:/home/runner/work/apicurio-testing/apicurio-testing/clusters/ci419/namespaces/pg17/tests/integration/apicurio-registry/utils/maven-plugin/target/apicurio-registry-maven-plugin-3.0.12-SNAPSHOT.jar:/home/runner/.m2/repository/com/fasterxml/jackson/core/jackson-databind/2.18.2/jackson-databind-2.18.2.jar:/home/runner/.m2/repository/org/apache/avro/avro/1.12.0/avro-1.12.0.jar:/home/runner/.m2/repository/com/google/protobuf/protobuf-java/4.31.1/protobuf-java-4.31.1.jar:/home/runner/.m2/repository/com/google/protobuf/protobuf-java-util/4.31.1/protobuf-java-util-4.31.1.jar:/home/runner/.m2/repository/com/google/code/findbugs/jsr305/3.0.2/jsr305-3.0.2.jar:/home/runner/.m2/repository/com/google/code/gson/gson/2.12.1/gson-2.12.1.jar:/home/runner/.m2/repository/com/google/errorprone/error_prone_annotations/2.36.0/error_prone_annotations-2.36.0.jar:/home/runner/.m2/repository/com/google/j2objc/j2objc-annotations/2.8/j2objc-annotations-2.8.jar:/home/runner/work/apicurio-testing/apicurio-testing/clusters/ci419/namespaces/pg17/tests/integration/apicurio-registry/schema-util/util-provider/target/apicurio-registry-schema-util-provider-3.0.12-SNAPSHOT.jar:/home/runner/work/apicurio-testing/apicurio-testing/clusters/ci419/namespaces/pg17/tests/integration/apicurio-registry/schema-util/common/target/apicurio-registry-schema-util-common-3.0.12-SNAPSHOT.jar:/home/runner/.m2/repository/com/fasterxml/jackson/module/jackson-module-parameter-names/2.18.2/jackson-module-parameter-names-2.18.2.jar:/home/runner/.m2/repository/com/fasterxml/jackson/datatype/jackson-datatype-json-org/2.18.2/jackson-datatype-json-org-2.18.2.jar:/home/runner/work/apicurio-testing/apicurio-testing/clusters/ci419/namespaces/pg17/tests/integration/apicurio-registry/schema-util/json/target/apicurio-registry-schema-util-json-3.0.12-SNAPSHOT.jar:/home/runner/.m2/repository/com/github/erosb/everit-json-schema/1.14.5/everit-json-schema-1.14.5.jar:/home/runner/.m2/repository/commons-validator/commons-validator/1.9.0/commons-validator-1.9.0.jar:/home/runner/.m2/repository/commons-digester/commons-digester/2.1/commons-digester-2.1.jar:/home/runner/.m2/repository/commons-collections/commons-collections/3.2.2/commons-collections-3.2.2.jar:/home/runner/.m2/repository/com/damnhandy/handy-uri-templates/2.1.8/handy-uri-templates-2.1.8.jar:/home/runner/.m2/repository/joda-time/joda-time/2.10.2/joda-time-2.10.2.jar:/home/runner/.m2/repository/com/github/erosb/json-sKema/0.20.0/json-sKema-0.20.0.jar:/home/runner/.m2/repository/io/vertx/vertx-json-schema/4.5.16/vertx-json-schema-4.5.16.jar:/home/runner/work/apicurio-testing/apicurio-testing/clusters/ci419/namespaces/pg17/tests/integration/apicurio-registry/schema-util/protobuf/target/apicurio-registry-schema-util-protobuf-3.0.12-SNAPSHOT.jar:/home/runner/work/apicurio-testing/apicurio-testing/clusters/ci419/namespaces/pg17/tests/integration/apicurio-registry/utils/protobuf-schema-utilities/target/apicurio-registry-protobuf-schema-utilities-3.0.12-SNAPSHOT.jar:/home/runner/.m2/repository/com/google/api/grpc/proto-google-common-protos/2.52.0/proto-google-common-protos-2.52.0.jar:/home/runner/.m2/repository/com/squareup/wire/wire-schema-jvm/5.3.3/wire-schema-jvm-5.3.3.jar:/home/runner/.m2/repository/com/palantir/javapoet/javapoet/0.6.0/javapoet-0.6.0.jar:/home/runner/.m2/repository/com/squareup/kotlinpoet-jvm/2.0.0/kotlinpoet-jvm-2.0.0.jar:/home/runner/.m2/repository/org/jetbrains/kotlin/kotlin-reflect/2.0.21/kotlin-reflect-2.0.21.jar:/home/runner/.m2/repository/com/squareup/wire/wire-runtime-jvm/5.3.3/wire-runtime-jvm-5.3.3.jar:/home/runner/.m2/repository/com/ibm/icu/icu4j/76.1/icu4j-76.1.jar:/home/runner/.m2/repository/com/squareup/okio/okio-fakefilesystem/3.10.2/okio-fakefilesystem-3.10.2.jar:/home/runner/.m2/repository/com/squareup/okio/okio-fakefilesystem-jvm/3.10.2/okio-fakefilesystem-jvm-3.10.2.jar:/home/runner/.m2/repository/org/jetbrains/kotlinx/kotlinx-datetime-jvm/0.6.1/kotlinx-datetime-jvm-0.6.1.jar:/home/runner/work/apicurio-testing/apicurio-testing/clusters/ci419/namespaces/pg17/tests/integration/apicurio-registry/schema-util/asyncapi/target/apicurio-registry-schema-util-asyncapi-3.0.12-SNAPSHOT.jar:/home/runner/work/apicurio-testing/apicurio-testing/clusters/ci419/namespaces/pg17/tests/integration/apicurio-registry/schema-util/avro/target/apicurio-registry-schema-util-avro-3.0.12-SNAPSHOT.jar:/home/runner/work/apicurio-testing/apicurio-testing/clusters/ci419/namespaces/pg17/tests/integration/apicurio-registry/schema-util/graphql/target/apicurio-registry-schema-util-graphql-3.0.12-SNAPSHOT.jar:/home/runner/.m2/repository/com/graphql-java/graphql-java/22.4/graphql-java-22.4.jar:/home/runner/.m2/repository/com/graphql-java/java-dataloader/3.3.0/java-dataloader-3.3.0.jar:/home/runner/work/apicurio-testing/apicurio-testing/clusters/ci419/namespaces/pg17/tests/integration/apicurio-registry/schema-util/kconnect/target/apicurio-registry-schema-util-kconnect-3.0.12-SNAPSHOT.jar:/home/runner/work/apicurio-testing/apicurio-testing/clusters/ci419/namespaces/pg17/tests/integration/apicurio-registry/schema-util/openapi/target/apicurio-registry-schema-util-openapi-3.0.12-SNAPSHOT.jar:/home/runner/.m2/repository/io/apicurio/apicurio-data-models/2.2.2/apicurio-data-models-2.2.2.jar:/home/runner/.m2/repository/org/openapitools/openapidiff/openapi-diff-core/2.1.2/openapi-diff-core-2.1.2.jar:/home/runner/.m2/repository/io/swagger/parser/v3/swagger-parser/2.1.28/swagger-parser-2.1.28.jar:/home/runner/.m2/repository/io/swagger/parser/v3/swagger-parser-v2-converter/2.1.28/swagger-parser-v2-converter-2.1.28.jar:/home/runner/.m2/repository/io/swagger/swagger-core/1.6.16/swagger-core-1.6.16.jar:/home/runner/.m2/repository/io/swagger/swagger-models/1.6.16/swagger-models-1.6.16.jar:/home/runner/.m2/repository/io/swagger/swagger-annotations/1.6.16/swagger-annotations-1.6.16.jar:/home/runner/.m2/repository/io/swagger/swagger-parser/1.0.75/swagger-parser-1.0.75.jar:/home/runner/.m2/repository/io/swagger/swagger-parser-safe-url-resolver/1.0.75/swagger-parser-safe-url-resolver-1.0.75.jar:/home/runner/.m2/repository/io/swagger/swagger-compat-spec-parser/1.0.75/swagger-compat-spec-parser-1.0.75.jar:/home/runner/.m2/repository/com/github/java-json-tools/json-schema-validator/2.2.14/json-schema-validator-2.2.14.jar:/home/runner/.m2/repository/com/github/java-json-tools/jackson-coreutils-equivalence/1.0/jackson-coreutils-equivalence-1.0.jar:/home/runner/.m2/repository/com/github/java-json-tools/json-schema-core/1.2.14/json-schema-core-1.2.14.jar:/home/runner/.m2/repository/com/github/java-json-tools/uri-template/0.10/uri-template-0.10.jar:/home/runner/.m2/repository/com/googlecode/libphonenumber/libphonenumber/8.11.1/libphonenumber-8.11.1.jar:/home/runner/.m2/repository/com/j2html/j2html/1.6.0/j2html-1.6.0.jar:/home/runner/.m2/repository/org/apache/commons/commons-collections4/4.5.0/commons-collections4-4.5.0.jar:/home/runner/.m2/repository/org/slf4j/jcl-over-slf4j/2.0.17/jcl-over-slf4j-2.0.17.jar:/home/runner/.m2/repository/io/swagger/parser/v3/swagger-parser-v3/2.1.31/swagger-parser-v3-2.1.31.jar:/home/runner/.m2/repository/io/swagger/core/v3/swagger-models/2.2.34/swagger-models-2.2.34.jar:/home/runner/.m2/repository/io/swagger/core/v3/swagger-core/2.2.34/swagger-core-2.2.34.jar:/home/runner/.m2/repository/io/swagger/parser/v3/swagger-parser-core/2.1.31/swagger-parser-core-2.1.31.jar:/home/runner/.m2/repository/io/swagger/parser/v3/swagger-parser-safe-url-resolver/2.1.31/swagger-parser-safe-url-resolver-2.1.31.jar:/home/runner/work/apicurio-testing/apicurio-testing/clusters/ci419/namespaces/pg17/tests/integration/apicurio-registry/schema-util/wsdl/target/apicurio-registry-schema-util-wsdl-3.0.12-SNAPSHOT.jar:/home/runner/.m2/repository/wsdl4j/wsdl4j/1.6.3/wsdl4j-1.6.3.jar:/home/runner/work/apicurio-testing/apicurio-testing/clusters/ci419/namespaces/pg17/tests/integration/apicurio-registry/schema-util/xml/target/apicurio-registry-schema-util-xml-3.0.12-SNAPSHOT.jar:/home/runner/.m2/repository/org/apache/santuario/xmlsec/4.0.4/xmlsec-4.0.4.jar:/home/runner/.m2/repository/com/fasterxml/woodstox/woodstox-core/7.1.1/woodstox-core-7.1.1.jar:/home/runner/.m2/repository/org/codehaus/woodstox/stax2-api/4.2.2/stax2-api-4.2.2.jar:/home/runner/work/apicurio-testing/apicurio-testing/clusters/ci419/namespaces/pg17/tests/integration/apicurio-registry/schema-util/xsd/target/apicurio-registry-schema-util-xsd-3.0.12-SNAPSHOT.jar:/home/runner/work/apicurio-testing/apicurio-testing/clusters/ci419/namespaces/pg17/tests/integration/apicurio-registry/serdes/kafka/jsonschema-serde/target/apicurio-registry-jsonschema-serde-kafka-3.0.12-SNAPSHOT.jar:/home/runner/work/apicurio-testing/apicurio-testing/clusters/ci419/namespaces/pg17/tests/integration/apicurio-registry/serdes/kafka/serde-kafka-common/target/apicurio-registry-serde-kafka-common-3.0.12-SNAPSHOT.jar:/home/runner/work/apicurio-testing/apicurio-testing/clusters/ci419/namespaces/pg17/tests/integration/apicurio-registry/serdes/generic/serde-common/target/apicurio-registry-serde-common-3.0.12-SNAPSHOT.jar:/home/runner/work/apicurio-testing/apicurio-testing/clusters/ci419/namespaces/pg17/tests/integration/apicurio-registry/serdes/generic/serde-common-jsonschema/target/apicurio-registry-serde-common-jsonschema-3.0.12-SNAPSHOT.jar:/home/runner/.m2/repository/org/json/json/20250107/json-20250107.jar:/home/runner/work/apicurio-testing/apicurio-testing/clusters/ci419/namespaces/pg17/tests/integration/apicurio-registry/serdes/kafka/avro-serde/target/apicurio-registry-avro-serde-kafka-3.0.12-SNAPSHOT.jar:/home/runner/work/apicurio-testing/apicurio-testing/clusters/ci419/namespaces/pg17/tests/integration/apicurio-registry/serdes/generic/serde-common-avro/target/apicurio-registry-serde-common-avro-3.0.12-SNAPSHOT.jar:/home/runner/work/apicurio-testing/apicurio-testing/clusters/ci419/namespaces/pg17/tests/integration/apicurio-registry/serdes/kafka/protobuf-serde/target/apicurio-registry-protobuf-serde-kafka-3.0.12-SNAPSHOT.jar:/home/runner/work/apicurio-testing/apicurio-testing/clusters/ci419/namespaces/pg17/tests/integration/apicurio-registry/serdes/generic/serde-common-protobuf/target/apicurio-registry-serde-common-protobuf-3.0.12-SNAPSHOT.jar:/home/runner/.m2/repository/com/squareup/wire/wire-schema/5.3.3/wire-schema-5.3.3.jar:/home/runner/.m2/repository/com/squareup/wire/wire-runtime/5.3.3/wire-runtime-5.3.3.jar:/home/runner/work/apicurio-testing/apicurio-testing/clusters/ci419/namespaces/pg17/tests/integration/apicurio-registry/serdes/pulsar/avro-serde/target/apicurio-registry-avro-serde-pulsar-3.0.12-SNAPSHOT.jar:/home/runner/.m2/repository/org/apache/pulsar/pulsar-functions-api/3.3.8/pulsar-functions-api-3.3.8.jar:/home/runner/work/apicurio-testing/apicurio-testing/clusters/ci419/namespaces/pg17/tests/integration/apicurio-registry/serdes/nats/avro-serde/target/apicurio-registry-avro-serde-nats-3.0.12-SNAPSHOT.jar:/home/runner/.m2/repository/io/nats/jnats/2.21.4/jnats-2.21.4.jar:/home/runner/.m2/repository/org/bouncycastle/bcprov-lts8on/2.73.7/bcprov-lts8on-2.73.7.jar:/home/runner/.m2/repository/org/jetbrains/annotations/26.0.2/annotations-26.0.2.jar:/home/runner/work/apicurio-testing/apicurio-testing/clusters/ci419/namespaces/pg17/tests/integration/apicurio-registry/utils/converter/target/apicurio-registry-utils-converter-3.0.12-SNAPSHOT.jar:/home/runner/work/apicurio-testing/apicurio-testing/clusters/ci419/namespaces/pg17/tests/integration/apicurio-registry/schema-resolver/target/apicurio-registry-schema-resolver-3.0.12-SNAPSHOT.jar:/home/runner/.m2/repository/org/apache/kafka/connect-api/3.9.1/connect-api-3.9.1.jar:/home/runner/.m2/repository/javax/ws/rs/javax.ws.rs-api/2.1.1/javax.ws.rs-api-2.1.1.jar:/home/runner/.m2/repository/org/apache/kafka/connect-json/3.9.1/connect-json-3.9.1.jar:/home/runner/.m2/repository/com/fasterxml/jackson/datatype/jackson-datatype-jdk8/2.18.2/jackson-datatype-jdk8-2.18.2.jar:/home/runner/.m2/repository/com/fasterxml/jackson/module/jackson-module-afterburner/2.18.2/jackson-module-afterburner-2.18.2.jar:/home/runner/work/apicurio-testing/apicurio-testing/clusters/ci419/namespaces/pg17/tests/integration/apicurio-registry/utils/kafka/target/apicurio-registry-utils-kafka-3.0.12-SNAPSHOT.jar:/home/runner/.m2/repository/org/apache/pulsar/pulsar-client/3.3.8/pulsar-client-3.3.8.jar:/home/runner/.m2/repository/org/apache/pulsar/pulsar-client-api/3.3.8/pulsar-client-api-3.3.8.jar:/home/runner/.m2/repository/org/apache/pulsar/pulsar-client-admin-api/3.3.8/pulsar-client-admin-api-3.3.8.jar:/home/runner/.m2/repository/org/apache/pulsar/bouncy-castle-bc/3.3.8/bouncy-castle-bc-3.3.8-pkg.jar:/home/runner/.m2/repository/org/bouncycastle/bcpkix-jdk18on/1.81/bcpkix-jdk18on-1.81.jar:/home/runner/.m2/repository/org/bouncycastle/bcutil-jdk18on/1.81/bcutil-jdk18on-1.81.jar:/home/runner/.m2/repository/org/bouncycastle/bcprov-jdk18on/1.81/bcprov-jdk18on-1.81.jar:/home/runner/.m2/repository/io/opentelemetry/opentelemetry-api/1.44.1/opentelemetry-api-1.44.1.jar:/home/runner/.m2/repository/io/opentelemetry/opentelemetry-context/1.44.1/opentelemetry-context-1.44.1.jar:/home/runner/.m2/repository/io/opentelemetry/opentelemetry-api-incubator/1.44.1-alpha/opentelemetry-api-incubator-1.44.1-alpha.jar:/home/runner/.m2/repository/com/fasterxml/jackson/core/jackson-annotations/2.18.2/jackson-annotations-2.18.2.jar:/home/runner/.m2/repository/javax/validation/validation-api/1.1.0.Final/validation-api-1.1.0.Final.jar:/home/runner/.m2/repository/org/jspecify/jspecify/1.0.0/jspecify-1.0.0.jar:/home/runner/.m2/repository/org/apache/commons/commons-configuration2/2.12.0/commons-configuration2-2.12.0.jar:/home/runner/.m2/repository/commons-logging/commons-logging/1.3.5/commons-logging-1.3.5.jar:/home/runner/.m2/repository/org/apache/commons/commons-text/1.13.0/commons-text-1.13.0.jar:/home/runner/.m2/repository/io/confluent/kafka-avro-serializer/8.0.0/kafka-avro-serializer-8.0.0.jar:/home/runner/.m2/repository/org/apache/commons/commons-compress/1.27.1/commons-compress-1.27.1.jar:/home/runner/.m2/repository/io/confluent/kafka-schema-serializer/8.0.0/kafka-schema-serializer-8.0.0.jar:/home/runner/.m2/repository/com/fasterxml/jackson/dataformat/jackson-dataformat-csv/2.18.2/jackson-dataformat-csv-2.18.2.jar:/home/runner/.m2/repository/io/confluent/kafka-schema-registry-client/8.0.0/kafka-schema-registry-client-8.0.0.jar:/home/runner/.m2/repository/org/yaml/snakeyaml/2.3/snakeyaml-2.3.jar:/home/runner/.m2/repository/io/swagger/core/v3/swagger-annotations/2.2.29/swagger-annotations-2.2.29.jar:/home/runner/.m2/repository/com/google/guava/guava/33.4.0-jre/guava-33.4.0-jre.jar:/home/runner/.m2/repository/com/google/guava/failureaccess/1.0.1/failureaccess-1.0.1.jar:/home/runner/.m2/repository/org/checkerframework/checker-qual/3.49.0/checker-qual-3.49.0.jar:/home/runner/.m2/repository/io/confluent/logredactor/1.0.13/logredactor-1.0.13.jar:/home/runner/.m2/repository/com/google/re2j/re2j/1.6/re2j-1.6.jar:/home/runner/.m2/repository/io/confluent/logredactor-metrics/1.0.13/logredactor-metrics-1.0.13.jar:/home/runner/.m2/repository/com/eclipsesource/minimal-json/minimal-json/0.9.5/minimal-json-0.9.5.jar:/home/runner/.m2/repository/io/confluent/common-utils/8.0.0/common-utils-8.0.0.jar:/home/runner/.m2/repository/io/confluent/kafka-connect-avro-converter/8.0.0/kafka-connect-avro-converter-8.0.0.jar:/home/runner/.m2/repository/io/confluent/kafka-connect-avro-data/8.0.0/kafka-connect-avro-data-8.0.0.jar:/home/runner/.m2/repository/io/confluent/kafka-schema-converter/8.0.0/kafka-schema-converter-8.0.0.jar:/home/runner/.m2/repository/io/rest-assured/rest-assured/5.5.1/rest-assured-5.5.1.jar:/home/runner/.m2/repository/org/apache/groovy/groovy/4.0.22/groovy-4.0.22.jar:/home/runner/.m2/repository/org/apache/groovy/groovy-xml/4.0.22/groovy-xml-4.0.22.jar:/home/runner/.m2/repository/org/apache/httpcomponents/httpclient/4.5.14/httpclient-4.5.14.jar:/home/runner/.m2/repository/org/apache/httpcomponents/httpcore/4.4.16/httpcore-4.4.16.jar:/home/runner/.m2/repository/org/apache/httpcomponents/httpmime/4.5.14/httpmime-4.5.14.jar:/home/runner/.m2/repository/org/hamcrest/hamcrest/2.2/hamcrest-2.2.jar:/home/runner/.m2/repository/org/ccil/cowan/tagsoup/tagsoup/1.2.1/tagsoup-1.2.1.jar:/home/runner/.m2/repository/io/rest-assured/json-path/5.5.1/json-path-5.5.1.jar:/home/runner/.m2/repository/org/apache/groovy/groovy-json/4.0.22/groovy-json-4.0.22.jar:/home/runner/.m2/repository/io/rest-assured/rest-assured-common/5.5.1/rest-assured-common-5.5.1.jar:/home/runner/.m2/repository/io/rest-assured/xml-path/5.5.1/xml-path-5.5.1.jar:/home/runner/.m2/repository/io/zonky/test/embedded-postgres/2.1.0/embedded-postgres-2.1.0.jar:/home/runner/.m2/repository/io/zonky/test/postgres/embedded-postgres-binaries-windows-amd64/14.15.0/embedded-postgres-binaries-windows-amd64-14.15.0.jar:/home/runner/.m2/repository/io/zonky/test/postgres/embedded-postgres-binaries-darwin-amd64/14.15.0/embedded-postgres-binaries-darwin-amd64-14.15.0.jar:/home/runner/.m2/repository/io/zonky/test/postgres/embedded-postgres-binaries-linux-amd64/14.15.0/embedded-postgres-binaries-linux-amd64-14.15.0.jar:/home/runner/.m2/repository/io/zonky/test/postgres/embedded-postgres-binaries-linux-amd64-alpine/14.15.0/embedded-postgres-binaries-linux-amd64-alpine-14.15.0.jar:/home/runner/.m2/repository/org/apache/commons/commons-lang3/3.17.0/commons-lang3-3.17.0.jar:/home/runner/.m2/repository/org/tukaani/xz/1.10/xz-1.10.jar:/home/runner/.m2/repository/commons-codec/commons-codec/1.19.0/commons-codec-1.19.0.jar:/home/runner/.m2/repository/org/postgresql/postgresql/42.7.7/postgresql-42.7.7.jar:/home/runner/.m2/repository/commons-io/commons-io/2.18.0/commons-io-2.18.0.jar:/home/runner/work/apicurio-testing/apicurio-testing/clusters/ci419/namespaces/pg17/tests/integration/apicurio-registry/utils/importexport/target/apicurio-registry-utils-import-export-3.0.12-SNAPSHOT.jar:/home/runner/.m2/repository/io/vertx/vertx-core/4.5.16/vertx-core-4.5.16.jar:/home/runner/.m2/repository/io/netty/netty-common/4.1.121.Final/netty-common-4.1.121.Final.jar:/home/runner/.m2/repository/io/netty/netty-buffer/4.1.121.Final/netty-buffer-4.1.121.Final.jar:/home/runner/.m2/repository/io/netty/netty-transport/4.1.121.Final/netty-transport-4.1.121.Final.jar:/home/runner/.m2/repository/io/netty/netty-handler/4.1.121.Final/netty-handler-4.1.121.Final.jar:/home/runner/.m2/repository/io/netty/netty-transport-native-unix-common/4.1.121.Final/netty-transport-native-unix-common-4.1.121.Final.jar:/home/runner/.m2/repository/io/netty/netty-codec/4.1.121.Final/netty-codec-4.1.121.Final.jar:/home/runner/.m2/repository/io/netty/netty-handler-proxy/4.1.121.Final/netty-handler-proxy-4.1.121.Final.jar:/home/runner/.m2/repository/io/netty/netty-codec-socks/4.1.121.Final/netty-codec-socks-4.1.121.Final.jar:/home/runner/.m2/repository/io/netty/netty-codec-http/4.1.121.Final/netty-codec-http-4.1.121.Final.jar:/home/runner/.m2/repository/io/netty/netty-codec-http2/4.1.121.Final/netty-codec-http2-4.1.121.Final.jar:/home/runner/.m2/repository/io/netty/netty-resolver/4.1.121.Final/netty-resolver-4.1.121.Final.jar:/home/runner/.m2/repository/io/netty/netty-resolver-dns/4.1.121.Final/netty-resolver-dns-4.1.121.Final.jar:/home/runner/.m2/repository/io/netty/netty-codec-dns/4.1.121.Final/netty-codec-dns-4.1.121.Final.jar:/home/runner/.m2/repository/com/fasterxml/jackson/core/jackson-core/2.18.2/jackson-core-2.18.2.jar:"/>
    <property name="sun.cpu.endian" value="little"/>
    <property name="user.home" value="/home/runner"/>
    <property name="user.language" value="en"/>
    <property name="jboss.log-version" value="false"/>
    <property name="java.specification.vendor" value="Oracle Corporation"/>
    <property name="java.version.date" value="2025-07-15"/>
    <property name="java.home" value="/usr/lib/jvm/temurin-17-jdk-amd64"/>
    <property name="file.separator" value="/"/>
    <property name="basedir" value="/home/runner/work/apicurio-testing/apicurio-testing/clusters/ci419/namespaces/pg17/tests/integration/apicurio-registry/integration-tests"/>
    <property name="java.vm.compressedOopsMode" value="32-bit"/>
    <property name="line.separator" value="&#10;"/>
    <property name="java.specification.name" value="Java Platform API Specification"/>
    <property name="java.vm.specification.vendor" value="Oracle Corporation"/>
    <property name="quarkus.http.test-host" value="registry-app-pg17.apps.ci419.apicurio-testing.org"/>
    <property name="surefire.real.class.path" value="/home/runner/work/apicurio-testing/apicurio-testing/clusters/ci419/namespaces/pg17/tests/integration/apicurio-registry/integration-tests/target/surefire/surefirebooter-20250813164236360_3.jar"/>
    <property name="sun.management.compiler" value="HotSpot 64-Bit Tiered Compilers"/>
    <property name="org.eclipse.jetty.http.HttpGenerator.STRICT" value="true"/>
    <property name="java.runtime.version" value="17.0.16+8"/>
    <property name="user.name" value="runner"/>
    <property name="path.separator" value=":"/>
    <property name="os.version" value="6.8.0-1031-azure"/>
    <property name="java.runtime.name" value="OpenJDK Runtime Environment"/>
    <property name="file.encoding" value="UTF-8"/>
    <property name="jnidispatch.path" value="/home/runner/.cache/JNA/temp/jna17374364350124806709.tmp"/>
    <property name="java.vm.name" value="OpenJDK 64-Bit Server VM"/>
    <property name="jna.platform.library.path" value="/usr/lib/x86_64-linux-gnu:/lib/x86_64-linux-gnu:/usr/lib64:/lib64:/usr/lib:/lib:/lib32:/usr/local/lib:/usr/lib/x86_64-linux-gnu/libfakeroot"/>
    <property name="java.vendor.version" value="Temurin-17.0.16+8"/>
    <property name="quarkus.oidc.token-path" value="https://keycloak-pg17.apps.ci419.apicurio-testing.org/realms/registry/protocol/openid-connect/token"/>
    <property name="quarkus.http.host" value="registry-app-pg17.apps.ci419.apicurio-testing.org"/>
    <property name="localRepository" value="/home/runner/.m2/repository"/>
    <property name="javax.xml.xpath.XPathFactory:http://java.sun.com/jaxp/xpath/dom" value="com.sun.org.apache.xpath.internal.jaxp.XPathFactoryImpl"/>
    <property name="jna.loaded" value="true"/>
    <property name="java.vendor.url.bug" value="https://github.com/adoptium/adoptium-support/issues"/>
    <property name="jetty.git.hash" value="5bc5e562c8d05c5862505aebe5cf83a61bdbcb96"/>
    <property name="java.io.tmpdir" value="/tmp"/>
    <property name="quarkus.http.test-protocol" value="http"/>
    <property name="java.version" value="17.0.16"/>
    <property name="user.dir" value="/home/runner/work/apicurio-testing/apicurio-testing/clusters/ci419/namespaces/pg17/tests/integration/apicurio-registry/integration-tests"/>
    <property name="os.arch" value="amd64"/>
    <property name="groups" value="( smoke | serdes | acceptance | ui)"/>
    <property name="java.vm.specification.name" value="Java Virtual Machine Specification"/>
    <property name="native.encoding" value="UTF-8"/>
    <property name="java.util.logging.manager" value="org.jboss.logmanager.LogManager"/>
    <property name="java.library.path" value="/usr/java/packages/lib:/usr/lib64:/lib64:/lib:/usr/lib"/>
    <property name="jdk.console" value="java.base"/>
    <property name="java.vm.info" value="mixed mode, sharing"/>
    <property name="java.vendor" value="Eclipse Adoptium"/>
    <property name="java.vm.version" value="17.0.16+8"/>
    <property name="java.specification.maintenance.version" value="1"/>
    <property name="sun.io.unicode.encoding" value="UnicodeLittle"/>
    <property name="javax.xml.transform.TransformerFactory" value="com.sun.org.apache.xalan.internal.xsltc.trax.TransformerFactoryImpl"/>
    <property name="java.class.version" value="61.0"/>
  </properties>
  <testcase name="testGlobalIdInHeaders" classname="io.apicurio.tests.serdes.apicurio.AvroSerdeIT" time="5.894">
    <system-out><![CDATA[**** Registry Base URL: http://registry-app-pg17.apps.ci419.apicurio-testing.org:80
**** Registry Base URL: http://registry-app-pg17.apps.ci419.apicurio-testing.org:80
2025-08-13 16:42:48,152 INFO  [io.api.tes.ser.api.AvroSerdeIT] (main) RestAssured configured with http://registry-app-pg17.apps.ci419.apicurio-testing.org:80/apis/registry/v3
2025-08-13 16:42:48,171 INFO  [io.api.tes.uti.KafkaFacade] (main) Starting kafka container
2025-08-13 16:42:48,206 INFO  [org.tes.ima.PullPolicy] (main) Image pull policy will be performed by: DefaultPullPolicy()
2025-08-13 16:42:48,209 INFO  [org.tes.uti.ImageNameSubstitutor] (main) Image name substitution will be performed by: DefaultImageNameSubstitutor (composite of 'ConfigurationFileImageNameSubstitutor' and 'PrefixingImageNameSubstitutor')
2025-08-13 16:42:48,218 INFO  [org.tes.DockerClientFactory] (main) Testcontainers version: 1.20.6
2025-08-13 16:42:48,691 INFO  [org.tes.doc.DockerClientProviderStrategy] (main) Found Docker environment with local Unix socket (unix:///var/run/docker.sock)
2025-08-13 16:42:48,700 INFO  [org.tes.DockerClientFactory] (main) Docker host IP address is localhost
2025-08-13 16:42:48,723 INFO  [org.tes.DockerClientFactory] (main) Connected to docker: 
  Server Version: 28.0.4
  API Version: 1.48
  Operating System: Ubuntu 22.04.5 LTS
  Total Memory: 7944 MB
2025-08-13 16:42:48,762 INFO  [tc.tes.11.0] (main) Pulling docker image: testcontainers/ryuk:0.11.0. Please be patient; this may take some time but only needs to be done once.
2025-08-13 16:42:49,054 INFO  [tc.tes.11.0] (docker-java-stream--1295187651) Starting to pull image
2025-08-13 16:42:49,082 INFO  [tc.tes.11.0] (docker-java-stream--1295187651) Pulling image layers:  0 pending,  0 downloaded,  0 extracted, (0 bytes/0 bytes)
2025-08-13 16:42:49,182 INFO  [tc.tes.11.0] (docker-java-stream--1295187651) Pulling image layers:  2 pending,  1 downloaded,  0 extracted, (807 KB/? MB)
2025-08-13 16:42:49,206 INFO  [tc.tes.11.0] (docker-java-stream--1295187651) Pulling image layers:  1 pending,  2 downloaded,  0 extracted, (807 KB/? MB)
2025-08-13 16:42:49,327 INFO  [tc.tes.11.0] (docker-java-stream--1295187651) Pulling image layers:  1 pending,  2 downloaded,  1 extracted, (4 MB/? MB)
2025-08-13 16:42:49,442 INFO  [tc.tes.11.0] (docker-java-stream--1295187651) Pulling image layers:  0 pending,  3 downloaded,  1 extracted, (7 MB/10 MB)
2025-08-13 16:42:50,330 INFO  [tc.tes.11.0] (docker-java-stream--1295187651) Pulling image layers:  0 pending,  3 downloaded,  2 extracted, (7 MB/10 MB)
2025-08-13 16:42:50,370 INFO  [tc.tes.11.0] (docker-java-stream--1295187651) Pulling image layers:  0 pending,  3 downloaded,  3 extracted, (10 MB/10 MB)
2025-08-13 16:42:50,377 INFO  [tc.tes.11.0] (docker-java-stream--1295187651) Pull complete. 3 layers, pulled in 1s (downloaded 10 MB at 10 MB/s)
2025-08-13 16:42:50,377 INFO  [tc.tes.11.0] (main) Image testcontainers/ryuk:0.11.0 pull took PT1.614134767S
2025-08-13 16:42:50,403 INFO  [tc.tes.11.0] (main) Creating container for image: testcontainers/ryuk:0.11.0
2025-08-13 16:42:50,490 INFO  [tc.tes.11.0] (main) Container testcontainers/ryuk:0.11.0 is starting: 850f3fffaec07dba88af4db91c06183b8c30617fd26e0e94fd63bfa38f77a7a2
2025-08-13 16:42:50,837 INFO  [tc.tes.11.0] (main) Container testcontainers/ryuk:0.11.0 started in PT0.433672491S
2025-08-13 16:42:50,842 INFO  [org.tes.uti.RyukResourceReaper] (main) Ryuk started - will monitor and terminate Testcontainers containers on JVM exit
2025-08-13 16:42:50,842 INFO  [org.tes.DockerClientFactory] (main) Checking the system...
2025-08-13 16:42:50,843 INFO  [org.tes.DockerClientFactory] (main) ✔︎ Docker server version should be at least 1.6.0
2025-08-13 16:42:50,846 INFO  [io.str.tes.con.KafkaVersionService] (main) Latest release of Kafka is:LogicalKafkaVersionEntity{version='4.0.0', image='quay.io/strimzi-test-container/test-container:0.111.0-kafka-4.0.0'}
2025-08-13 16:42:50,846 INFO  [io.str.tes.con.KafkaVersionService] (main) Latest release of Kafka is:LogicalKafkaVersionEntity{version='4.0.0', image='quay.io/strimzi-test-container/test-container:0.111.0-kafka-4.0.0'}
2025-08-13 16:42:50,846 INFO  [io.str.tes.con.KafkaVersionService] (main) No Kafka version specified. Using latest release: 4.0.0
2025-08-13 16:42:50,853 INFO  [tc.qua.io/.111.0-k.0.0] (main) Pulling docker image: quay.io/strimzi-test-container/test-container:0.111.0-kafka-4.0.0. Please be patient; this may take some time but only needs to be done once.
2025-08-13 16:42:51,075 INFO  [tc.qua.io/.111.0-k.0.0] (docker-java-stream--29267298) Starting to pull image
2025-08-13 16:42:51,077 INFO  [tc.qua.io/.111.0-k.0.0] (docker-java-stream--29267298) Pulling image layers:  0 pending,  0 downloaded,  0 extracted, (0 bytes/0 bytes)
2025-08-13 16:42:51,508 INFO  [tc.qua.io/.111.0-k.0.0] (docker-java-stream--29267298) Pulling image layers:  6 pending,  1 downloaded,  0 extracted, (4 MB/? MB)
2025-08-13 16:42:51,668 INFO  [tc.qua.io/.111.0-k.0.0] (docker-java-stream--29267298) Pulling image layers:  5 pending,  2 downloaded,  0 extracted, (8 MB/? MB)
2025-08-13 16:42:53,180 INFO  [tc.qua.io/.111.0-k.0.0] (docker-java-stream--29267298) Pulling image layers:  4 pending,  3 downloaded,  0 extracted, (117 MB/? MB)
2025-08-13 16:42:53,380 INFO  [tc.qua.io/.111.0-k.0.0] (docker-java-stream--29267298) Pulling image layers:  3 pending,  4 downloaded,  0 extracted, (135 MB/? MB)
2025-08-13 16:42:53,519 INFO  [tc.qua.io/.111.0-k.0.0] (docker-java-stream--29267298) Pulling image layers:  2 pending,  5 downloaded,  0 extracted, (149 MB/? MB)
2025-08-13 16:42:54,364 INFO  [tc.qua.io/.111.0-k.0.0] (docker-java-stream--29267298) Pulling image layers:  1 pending,  6 downloaded,  0 extracted, (216 MB/? MB)
2025-08-13 16:42:54,372 INFO  [tc.qua.io/.111.0-k.0.0] (docker-java-stream--29267298) Pulling image layers:  1 pending,  6 downloaded,  1 extracted, (216 MB/? MB)
2025-08-13 16:42:55,044 INFO  [tc.qua.io/.111.0-k.0.0] (docker-java-stream--29267298) Pulling image layers:  0 pending,  7 downloaded,  1 extracted, (241 MB/249 MB)
2025-08-13 16:42:58,632 INFO  [tc.qua.io/.111.0-k.0.0] (docker-java-stream--29267298) Pulling image layers:  0 pending,  7 downloaded,  2 extracted, (243 MB/249 MB)
2025-08-13 16:42:58,667 INFO  [tc.qua.io/.111.0-k.0.0] (docker-java-stream--29267298) Pulling image layers:  0 pending,  7 downloaded,  3 extracted, (244 MB/249 MB)
2025-08-13 16:42:58,688 INFO  [tc.qua.io/.111.0-k.0.0] (docker-java-stream--29267298) Pulling image layers:  0 pending,  7 downloaded,  4 extracted, (244 MB/249 MB)
2025-08-13 16:42:59,836 INFO  [tc.qua.io/.111.0-k.0.0] (docker-java-stream--29267298) Pulling image layers:  0 pending,  7 downloaded,  5 extracted, (249 MB/249 MB)
2025-08-13 16:42:59,872 INFO  [tc.qua.io/.111.0-k.0.0] (docker-java-stream--29267298) Pulling image layers:  0 pending,  7 downloaded,  6 extracted, (249 MB/249 MB)
2025-08-13 16:42:59,885 INFO  [tc.qua.io/.111.0-k.0.0] (docker-java-stream--29267298) Pulling image layers:  0 pending,  7 downloaded,  7 extracted, (249 MB/249 MB)
2025-08-13 16:42:59,892 INFO  [tc.qua.io/.111.0-k.0.0] (docker-java-stream--29267298) Pull complete. 7 layers, pulled in 8s (downloaded 249 MB at 31 MB/s)
2025-08-13 16:42:59,892 INFO  [tc.qua.io/.111.0-k.0.0] (main) Image quay.io/strimzi-test-container/test-container:0.111.0-kafka-4.0.0 pull took PT9.039127662S
2025-08-13 16:42:59,896 INFO  [tc.qua.io/.111.0-k.0.0] (main) Creating container for image: quay.io/strimzi-test-container/test-container:0.111.0-kafka-4.0.0
2025-08-13 16:42:59,994 INFO  [tc.qua.io/.111.0-k.0.0] (main) Container quay.io/strimzi-test-container/test-container:0.111.0-kafka-4.0.0 is starting: 04275c4fa95fe4e32b50f7c4d281a9e431eb6d255780cf35c157c983d6ca2b7a
2025-08-13 16:43:00,213 INFO  [io.str.tes.con.StrimziKafkaContainer] (main) Mapped port: 32769
2025-08-13 16:43:00,214 WARN  [io.str.tes.con.StrimziKafkaContainer] (main) Node ID is not set. Using broker ID 0 as the default node ID.
2025-08-13 16:43:00,215 INFO  [io.str.tes.con.StrimziKafkaContainer] (main) This is all advertised listeners for Kafka PLAINTEXT://localhost:32769,BROKER1://172.18.0.2:9091,CONTROLLER://broker-0:9094
2025-08-13 16:43:00,252 INFO  [io.str.tes.con.StrimziKafkaContainer] (main) New `cluster.id` has been generated: gmKMEoHzQ-qMHyrxO3JTXw
2025-08-13 16:43:00,254 INFO  [io.str.tes.con.StrimziKafkaContainer] (main) Copying command to 'STARTER_SCRIPT' script.
2025-08-13 16:43:05,725 INFO  [tc.qua.io/.111.0-k.0.0] (main) Container quay.io/strimzi-test-container/test-container:0.111.0-kafka-4.0.0 started in PT5.828964673S
2025-08-13 16:43:05,728 INFO  [io.api.tes.uti.TestSeparator] (main) ############################################################################
2025-08-13 16:43:05,728 INFO  [io.api.tes.uti.TestSeparator] (main) io.apicurio.tests.serdes.apicurio.AvroSerdeIT.testGlobalIdInHeaders-STARTED
2025-08-13 16:43:05,737 INFO  [org.apa.kaf.cli.adm.AdminClientConfig] (main) AdminClientConfig values: 
	auto.include.jmx.reporter = true
	bootstrap.controllers = []
	bootstrap.servers = [PLAINTEXT://localhost:32769]
	client.dns.lookup = use_all_dns_ips
	client.id = 
	connections.max.idle.ms = 10000
	default.api.timeout.ms = 60000
	enable.metrics.push = true
	metadata.max.age.ms = 300000
	metadata.recovery.strategy = none
	metric.reporters = []
	metrics.num.samples = 2
	metrics.recording.level = INFO
	metrics.sample.window.ms = 30000
	receive.buffer.bytes = 65536
	reconnect.backoff.max.ms = 1000
	reconnect.backoff.ms = 50
	request.timeout.ms = 5000
	retries = 2147483647
	retry.backoff.max.ms = 1000
	retry.backoff.ms = 100
	sasl.client.callback.handler.class = null
	sasl.jaas.config = null
	sasl.kerberos.kinit.cmd = /usr/bin/kinit
	sasl.kerberos.min.time.before.relogin = 60000
	sasl.kerberos.service.name = null
	sasl.kerberos.ticket.renew.jitter = 0.05
	sasl.kerberos.ticket.renew.window.factor = 0.8
	sasl.login.callback.handler.class = null
	sasl.login.class = null
	sasl.login.connect.timeout.ms = null
	sasl.login.read.timeout.ms = null
	sasl.login.refresh.buffer.seconds = 300
	sasl.login.refresh.min.period.seconds = 60
	sasl.login.refresh.window.factor = 0.8
	sasl.login.refresh.window.jitter = 0.05
	sasl.login.retry.backoff.max.ms = 10000
	sasl.login.retry.backoff.ms = 100
	sasl.mechanism = GSSAPI
	sasl.oauthbearer.clock.skew.seconds = 30
	sasl.oauthbearer.expected.audience = null
	sasl.oauthbearer.expected.issuer = null
	sasl.oauthbearer.header.urlencode = false
	sasl.oauthbearer.jwks.endpoint.refresh.ms = 3600000
	sasl.oauthbearer.jwks.endpoint.retry.backoff.max.ms = 10000
	sasl.oauthbearer.jwks.endpoint.retry.backoff.ms = 100
	sasl.oauthbearer.jwks.endpoint.url = null
	sasl.oauthbearer.scope.claim.name = scope
	sasl.oauthbearer.sub.claim.name = sub
	sasl.oauthbearer.token.endpoint.url = null
	security.protocol = PLAINTEXT
	security.providers = null
	send.buffer.bytes = 131072
	socket.connection.setup.timeout.max.ms = 30000
	socket.connection.setup.timeout.ms = 10000
	ssl.cipher.suites = null
	ssl.enabled.protocols = [TLSv1.2, TLSv1.3]
	ssl.endpoint.identification.algorithm = https
	ssl.engine.factory.class = null
	ssl.key.password = null
	ssl.keymanager.algorithm = SunX509
	ssl.keystore.certificate.chain = null
	ssl.keystore.key = null
	ssl.keystore.location = null
	ssl.keystore.password = null
	ssl.keystore.type = JKS
	ssl.protocol = TLSv1.3
	ssl.provider = null
	ssl.secure.random.implementation = null
	ssl.trustmanager.algorithm = PKIX
	ssl.truststore.certificates = null
	ssl.truststore.location = null
	ssl.truststore.password = null
	ssl.truststore.type = JKS

2025-08-13 16:43:06,006 INFO  [org.apa.kaf.com.uti.AppInfoParser] (main) Kafka version: 3.9.1
2025-08-13 16:43:06,006 INFO  [org.apa.kaf.com.uti.AppInfoParser] (main) Kafka commitId: f745dfdcee2b9851
2025-08-13 16:43:06,006 INFO  [org.apa.kaf.com.uti.AppInfoParser] (main) Kafka startTimeMs: 1755103386003
**** Registry Base URL: http://registry-app-pg17.apps.ci419.apicurio-testing.org:80
2025-08-13 16:43:06,048 INFO  [org.apa.kaf.cli.pro.ProducerConfig] (main) ProducerConfig values: 
	acks = -1
	auto.include.jmx.reporter = true
	batch.size = 16384
	bootstrap.servers = [PLAINTEXT://localhost:32769]
	buffer.memory = 33554432
	client.dns.lookup = use_all_dns_ips
	client.id = Producer-topic-49431470_d1d3_4ce4_b51c_54b5d05dee23
	compression.gzip.level = -1
	compression.lz4.level = 9
	compression.type = none
	compression.zstd.level = 3
	connections.max.idle.ms = 10000
	delivery.timeout.ms = 120000
	enable.idempotence = true
	enable.metrics.push = true
	interceptor.classes = []
	key.serializer = class org.apache.kafka.common.serialization.StringSerializer
	linger.ms = 0
	max.block.ms = 60000
	max.in.flight.requests.per.connection = 5
	max.request.size = 1048576
	metadata.max.age.ms = 300000
	metadata.max.idle.ms = 300000
	metadata.recovery.strategy = none
	metric.reporters = []
	metrics.num.samples = 2
	metrics.recording.level = INFO
	metrics.sample.window.ms = 30000
	partitioner.adaptive.partitioning.enable = true
	partitioner.availability.timeout.ms = 0
	partitioner.class = null
	partitioner.ignore.keys = false
	receive.buffer.bytes = 32768
	reconnect.backoff.max.ms = 1000
	reconnect.backoff.ms = 50
	request.timeout.ms = 5000
	retries = 2147483647
	retry.backoff.max.ms = 1000
	retry.backoff.ms = 100
	sasl.client.callback.handler.class = null
	sasl.jaas.config = null
	sasl.kerberos.kinit.cmd = /usr/bin/kinit
	sasl.kerberos.min.time.before.relogin = 60000
	sasl.kerberos.service.name = null
	sasl.kerberos.ticket.renew.jitter = 0.05
	sasl.kerberos.ticket.renew.window.factor = 0.8
	sasl.login.callback.handler.class = null
	sasl.login.class = null
	sasl.login.connect.timeout.ms = null
	sasl.login.read.timeout.ms = null
	sasl.login.refresh.buffer.seconds = 300
	sasl.login.refresh.min.period.seconds = 60
	sasl.login.refresh.window.factor = 0.8
	sasl.login.refresh.window.jitter = 0.05
	sasl.login.retry.backoff.max.ms = 10000
	sasl.login.retry.backoff.ms = 100
	sasl.mechanism = GSSAPI
	sasl.oauthbearer.clock.skew.seconds = 30
	sasl.oauthbearer.expected.audience = null
	sasl.oauthbearer.expected.issuer = null
	sasl.oauthbearer.header.urlencode = false
	sasl.oauthbearer.jwks.endpoint.refresh.ms = 3600000
	sasl.oauthbearer.jwks.endpoint.retry.backoff.max.ms = 10000
	sasl.oauthbearer.jwks.endpoint.retry.backoff.ms = 100
	sasl.oauthbearer.jwks.endpoint.url = null
	sasl.oauthbearer.scope.claim.name = scope
	sasl.oauthbearer.sub.claim.name = sub
	sasl.oauthbearer.token.endpoint.url = null
	security.protocol = PLAINTEXT
	security.providers = null
	send.buffer.bytes = 131072
	socket.connection.setup.timeout.max.ms = 30000
	socket.connection.setup.timeout.ms = 10000
	ssl.cipher.suites = null
	ssl.enabled.protocols = [TLSv1.2, TLSv1.3]
	ssl.endpoint.identification.algorithm = https
	ssl.engine.factory.class = null
	ssl.key.password = null
	ssl.keymanager.algorithm = SunX509
	ssl.keystore.certificate.chain = null
	ssl.keystore.key = null
	ssl.keystore.location = null
	ssl.keystore.password = null
	ssl.keystore.type = JKS
	ssl.protocol = TLSv1.3
	ssl.provider = null
	ssl.secure.random.implementation = null
	ssl.trustmanager.algorithm = PKIX
	ssl.truststore.certificates = null
	ssl.truststore.location = null
	ssl.truststore.password = null
	ssl.truststore.type = JKS
	transaction.timeout.ms = 60000
	transactional.id = null
	value.serializer = class io.apicurio.registry.serde.avro.AvroKafkaSerializer

2025-08-13 16:43:06,099 INFO  [org.apa.kaf.com.tel.int.KafkaMetricsCollector] (main) initializing Kafka metrics collector
2025-08-13 16:43:06,126 INFO  [org.apa.kaf.cli.pro.KafkaProducer] (main) [Producer clientId=Producer-topic-49431470_d1d3_4ce4_b51c_54b5d05dee23] Instantiated an idempotent producer.
2025-08-13 16:43:06,161 INFO  [org.apa.kaf.cli.pro.ProducerConfig] (main) These configurations '[apicurio.registry.url, apicurio.registry.auto-register, apicurio.registry.use-id, apicurio.registry.artifact-resolver-strategy]' were supplied but are not used yet.
2025-08-13 16:43:06,162 INFO  [org.apa.kaf.com.uti.AppInfoParser] (main) Kafka version: 3.9.1
2025-08-13 16:43:06,162 INFO  [org.apa.kaf.com.uti.AppInfoParser] (main) Kafka commitId: f745dfdcee2b9851
2025-08-13 16:43:06,162 INFO  [org.apa.kaf.com.uti.AppInfoParser] (main) Kafka startTimeMs: 1755103386161
2025-08-13 16:43:06,162 INFO  [io.api.tes.ser.api.SimpleSerdesTesterBuilder$SimpleSerdesTester] (main) Using producer configuration: {apicurio.registry.url=http://registry-app-pg17.apps.ci419.apicurio-testing.org:80/apis/registry/v3, apicurio.registry.auto-register=true, apicurio.registry.use-id=globalId, apicurio.registry.artifact-resolver-strategy=io.apicurio.registry.serde.strategy.TopicIdStrategy, value.serializer=io.apicurio.registry.serde.avro.AvroKafkaSerializer, request.timeout.ms=5000, acks=all, bootstrap.servers=PLAINTEXT://localhost:32769, connections.max.idle.ms=10000, key.serializer=org.apache.kafka.common.serialization.StringSerializer, client.id=Producer-topic-49431470_d1d3_4ce4_b51c_54b5d05dee23}
2025-08-13 16:43:06,163 INFO  [io.api.tes.ser.api.SimpleSerdesTesterBuilder$SimpleSerdesTester] (main) Using consumer configuration: {apicurio.registry.use-id=globalId}
2025-08-13 16:43:06,174 INFO  [io.api.tes.ser.api.KafkaSerdesTester] (Thread-600) Sending message {"key11755103386028": "value-0"} to topic topic-49431470_d1d3_4ce4_b51c_54b5d05dee23
2025-08-13 16:43:06,479 WARN  [org.apa.kaf.cli.NetworkClient] (kafka-producer-network-thread | Producer-topic-49431470_d1d3_4ce4_b51c_54b5d05dee23) [Producer clientId=Producer-topic-49431470_d1d3_4ce4_b51c_54b5d05dee23] The metadata response from the cluster reported a recoverable issue with correlation id 1 : {topic-49431470_d1d3_4ce4_b51c_54b5d05dee23=UNKNOWN_TOPIC_OR_PARTITION}
2025-08-13 16:43:06,487 INFO  [org.apa.kaf.cli.Metadata] (kafka-producer-network-thread | Producer-topic-49431470_d1d3_4ce4_b51c_54b5d05dee23) [Producer clientId=Producer-topic-49431470_d1d3_4ce4_b51c_54b5d05dee23] Cluster ID: gmKMEoHzQ-qMHyrxO3JTXw
2025-08-13 16:43:06,724 INFO  [org.apa.kaf.cli.pro.int.TransactionManager] (kafka-producer-network-thread | Producer-topic-49431470_d1d3_4ce4_b51c_54b5d05dee23) [Producer clientId=Producer-topic-49431470_d1d3_4ce4_b51c_54b5d05dee23] ProducerId set to 0 with epoch 0
2025-08-13 16:43:06,866 INFO  [io.api.tes.ser.api.KafkaSerdesTester] (Thread-600) Sending message {"key11755103386028": "value-1"} to topic topic-49431470_d1d3_4ce4_b51c_54b5d05dee23
2025-08-13 16:43:06,878 INFO  [io.api.tes.ser.api.KafkaSerdesTester] (Thread-600) Sending message {"key11755103386028": "value-2"} to topic topic-49431470_d1d3_4ce4_b51c_54b5d05dee23
2025-08-13 16:43:06,882 INFO  [io.api.tes.ser.api.KafkaSerdesTester] (Thread-600) Sending message {"key11755103386028": "value-3"} to topic topic-49431470_d1d3_4ce4_b51c_54b5d05dee23
2025-08-13 16:43:06,886 INFO  [io.api.tes.ser.api.KafkaSerdesTester] (Thread-600) Sending message {"key11755103386028": "value-4"} to topic topic-49431470_d1d3_4ce4_b51c_54b5d05dee23
2025-08-13 16:43:06,890 INFO  [io.api.tes.ser.api.KafkaSerdesTester] (Thread-600) Sending message {"key11755103386028": "value-5"} to topic topic-49431470_d1d3_4ce4_b51c_54b5d05dee23
2025-08-13 16:43:06,894 INFO  [io.api.tes.ser.api.KafkaSerdesTester] (Thread-600) Sending message {"key11755103386028": "value-6"} to topic topic-49431470_d1d3_4ce4_b51c_54b5d05dee23
2025-08-13 16:43:06,898 INFO  [io.api.tes.ser.api.KafkaSerdesTester] (Thread-600) Sending message {"key11755103386028": "value-7"} to topic topic-49431470_d1d3_4ce4_b51c_54b5d05dee23
2025-08-13 16:43:06,901 INFO  [io.api.tes.ser.api.KafkaSerdesTester] (Thread-600) Sending message {"key11755103386028": "value-8"} to topic topic-49431470_d1d3_4ce4_b51c_54b5d05dee23
2025-08-13 16:43:06,904 INFO  [io.api.tes.ser.api.KafkaSerdesTester] (Thread-600) Sending message {"key11755103386028": "value-9"} to topic topic-49431470_d1d3_4ce4_b51c_54b5d05dee23
2025-08-13 16:43:06,909 INFO  [io.api.tes.ser.api.KafkaSerdesTester] (Thread-600) Produced 10 messages
2025-08-13 16:43:06,910 INFO  [org.apa.kaf.cli.pro.KafkaProducer] (Thread-600) [Producer clientId=Producer-topic-49431470_d1d3_4ce4_b51c_54b5d05dee23] Closing the Kafka producer with timeoutMillis = 9223372036854775807 ms.
2025-08-13 16:43:06,927 INFO  [org.apa.kaf.com.met.Metrics] (Thread-600) Metrics scheduler closed
2025-08-13 16:43:06,927 INFO  [org.apa.kaf.com.met.Metrics] (Thread-600) Closing reporter org.apache.kafka.common.metrics.JmxReporter
2025-08-13 16:43:06,928 INFO  [org.apa.kaf.com.met.Metrics] (Thread-600) Closing reporter org.apache.kafka.common.telemetry.internals.ClientTelemetryReporter
2025-08-13 16:43:06,928 INFO  [org.apa.kaf.com.met.Metrics] (Thread-600) Metrics reporters closed
2025-08-13 16:43:06,964 INFO  [org.apa.kaf.com.uti.AppInfoParser] (Thread-600) App info kafka.producer for Producer-topic-49431470_d1d3_4ce4_b51c_54b5d05dee23 unregistered
**** Registry Base URL: http://registry-app-pg17.apps.ci419.apicurio-testing.org:80
2025-08-13 16:43:07,003 INFO  [org.apa.kaf.cli.con.ConsumerConfig] (main) ConsumerConfig values: 
	allow.auto.create.topics = true
	auto.commit.interval.ms = 500
	auto.include.jmx.reporter = true
	auto.offset.reset = earliest
	bootstrap.servers = [PLAINTEXT://localhost:32769]
	check.crcs = true
	client.dns.lookup = use_all_dns_ips
	client.id = consumer-Consumer-topic-49431470_d1d3_4ce4_b51c_54b5d05dee23-1
	client.rack = 
	connections.max.idle.ms = 10000
	default.api.timeout.ms = 60000
	enable.auto.commit = true
	enable.metrics.push = true
	exclude.internal.topics = true
	fetch.max.bytes = 52428800
	fetch.max.wait.ms = 500
	fetch.min.bytes = 1
	group.id = Consumer-topic-49431470_d1d3_4ce4_b51c_54b5d05dee23
	group.instance.id = null
	group.protocol = classic
	group.remote.assignor = null
	heartbeat.interval.ms = 3000
	interceptor.classes = []
	internal.leave.group.on.close = true
	internal.throw.on.fetch.stable.offset.unsupported = false
	isolation.level = read_uncommitted
	key.deserializer = class org.apache.kafka.common.serialization.StringDeserializer
	max.partition.fetch.bytes = 1048576
	max.poll.interval.ms = 300000
	max.poll.records = 500
	metadata.max.age.ms = 300000
	metadata.recovery.strategy = none
	metric.reporters = []
	metrics.num.samples = 2
	metrics.recording.level = INFO
	metrics.sample.window.ms = 30000
	partition.assignment.strategy = [class org.apache.kafka.clients.consumer.RangeAssignor, class org.apache.kafka.clients.consumer.CooperativeStickyAssignor]
	receive.buffer.bytes = 65536
	reconnect.backoff.max.ms = 1000
	reconnect.backoff.ms = 50
	request.timeout.ms = 5000
	retry.backoff.max.ms = 1000
	retry.backoff.ms = 100
	sasl.client.callback.handler.class = null
	sasl.jaas.config = null
	sasl.kerberos.kinit.cmd = /usr/bin/kinit
	sasl.kerberos.min.time.before.relogin = 60000
	sasl.kerberos.service.name = null
	sasl.kerberos.ticket.renew.jitter = 0.05
	sasl.kerberos.ticket.renew.window.factor = 0.8
	sasl.login.callback.handler.class = null
	sasl.login.class = null
	sasl.login.connect.timeout.ms = null
	sasl.login.read.timeout.ms = null
	sasl.login.refresh.buffer.seconds = 300
	sasl.login.refresh.min.period.seconds = 60
	sasl.login.refresh.window.factor = 0.8
	sasl.login.refresh.window.jitter = 0.05
	sasl.login.retry.backoff.max.ms = 10000
	sasl.login.retry.backoff.ms = 100
	sasl.mechanism = GSSAPI
	sasl.oauthbearer.clock.skew.seconds = 30
	sasl.oauthbearer.expected.audience = null
	sasl.oauthbearer.expected.issuer = null
	sasl.oauthbearer.header.urlencode = false
	sasl.oauthbearer.jwks.endpoint.refresh.ms = 3600000
	sasl.oauthbearer.jwks.endpoint.retry.backoff.max.ms = 10000
	sasl.oauthbearer.jwks.endpoint.retry.backoff.ms = 100
	sasl.oauthbearer.jwks.endpoint.url = null
	sasl.oauthbearer.scope.claim.name = scope
	sasl.oauthbearer.sub.claim.name = sub
	sasl.oauthbearer.token.endpoint.url = null
	security.protocol = PLAINTEXT
	security.providers = null
	send.buffer.bytes = 131072
	session.timeout.ms = 45000
	socket.connection.setup.timeout.max.ms = 30000
	socket.connection.setup.timeout.ms = 10000
	ssl.cipher.suites = null
	ssl.enabled.protocols = [TLSv1.2, TLSv1.3]
	ssl.endpoint.identification.algorithm = https
	ssl.engine.factory.class = null
	ssl.key.password = null
	ssl.keymanager.algorithm = SunX509
	ssl.keystore.certificate.chain = null
	ssl.keystore.key = null
	ssl.keystore.location = null
	ssl.keystore.password = null
	ssl.keystore.type = JKS
	ssl.protocol = TLSv1.3
	ssl.provider = null
	ssl.secure.random.implementation = null
	ssl.trustmanager.algorithm = PKIX
	ssl.truststore.certificates = null
	ssl.truststore.location = null
	ssl.truststore.password = null
	ssl.truststore.type = JKS
	value.deserializer = class io.apicurio.registry.serde.avro.AvroKafkaDeserializer

2025-08-13 16:43:07,015 INFO  [org.apa.kaf.com.tel.int.KafkaMetricsCollector] (main) initializing Kafka metrics collector
2025-08-13 16:43:07,104 INFO  [org.apa.kaf.cli.con.ConsumerConfig] (main) These configurations '[apicurio.registry.url, apicurio.registry.use-id]' were supplied but are not used yet.
2025-08-13 16:43:07,104 INFO  [org.apa.kaf.com.uti.AppInfoParser] (main) Kafka version: 3.9.1
2025-08-13 16:43:07,105 INFO  [org.apa.kaf.com.uti.AppInfoParser] (main) Kafka commitId: f745dfdcee2b9851
2025-08-13 16:43:07,105 INFO  [org.apa.kaf.com.uti.AppInfoParser] (main) Kafka startTimeMs: 1755103387104
2025-08-13 16:43:07,110 INFO  [org.apa.kaf.cli.con.int.ClassicKafkaConsumer] (Thread-603) [Consumer clientId=consumer-Consumer-topic-49431470_d1d3_4ce4_b51c_54b5d05dee23-1, groupId=Consumer-topic-49431470_d1d3_4ce4_b51c_54b5d05dee23] Subscribed to topic(s): topic-49431470_d1d3_4ce4_b51c_54b5d05dee23
2025-08-13 16:43:07,132 INFO  [org.apa.kaf.cli.Metadata] (Thread-603) [Consumer clientId=consumer-Consumer-topic-49431470_d1d3_4ce4_b51c_54b5d05dee23-1, groupId=Consumer-topic-49431470_d1d3_4ce4_b51c_54b5d05dee23] Cluster ID: gmKMEoHzQ-qMHyrxO3JTXw
2025-08-13 16:43:07,280 INFO  [org.apa.kaf.cli.con.int.ConsumerCoordinator] (Thread-603) [Consumer clientId=consumer-Consumer-topic-49431470_d1d3_4ce4_b51c_54b5d05dee23-1, groupId=Consumer-topic-49431470_d1d3_4ce4_b51c_54b5d05dee23] Discovered group coordinator localhost:32769 (id: 2147483647 rack: null)
2025-08-13 16:43:07,292 INFO  [org.apa.kaf.cli.con.int.ConsumerCoordinator] (Thread-603) [Consumer clientId=consumer-Consumer-topic-49431470_d1d3_4ce4_b51c_54b5d05dee23-1, groupId=Consumer-topic-49431470_d1d3_4ce4_b51c_54b5d05dee23] (Re-)joining group
2025-08-13 16:43:07,366 INFO  [org.apa.kaf.cli.con.int.ConsumerCoordinator] (Thread-603) [Consumer clientId=consumer-Consumer-topic-49431470_d1d3_4ce4_b51c_54b5d05dee23-1, groupId=Consumer-topic-49431470_d1d3_4ce4_b51c_54b5d05dee23] Group coordinator localhost:32769 (id: 2147483647 rack: null) is unavailable or invalid due to cause: error response NOT_COORDINATOR. isDisconnected: false. Rediscovery will be attempted.
2025-08-13 16:43:07,367 INFO  [org.apa.kaf.cli.con.int.ConsumerCoordinator] (Thread-603) [Consumer clientId=consumer-Consumer-topic-49431470_d1d3_4ce4_b51c_54b5d05dee23-1, groupId=Consumer-topic-49431470_d1d3_4ce4_b51c_54b5d05dee23] Requesting disconnect from last known coordinator localhost:32769 (id: 2147483647 rack: null)
2025-08-13 16:43:07,367 INFO  [org.apa.kaf.cli.con.int.ConsumerCoordinator] (Thread-603) [Consumer clientId=consumer-Consumer-topic-49431470_d1d3_4ce4_b51c_54b5d05dee23-1, groupId=Consumer-topic-49431470_d1d3_4ce4_b51c_54b5d05dee23] JoinGroup failed: This is not the correct coordinator. Marking coordinator unknown. Sent generation was Generation{generationId=-1, memberId='', protocol='null'}
2025-08-13 16:43:07,369 INFO  [org.apa.kaf.cli.NetworkClient] (Thread-603) [Consumer clientId=consumer-Consumer-topic-49431470_d1d3_4ce4_b51c_54b5d05dee23-1, groupId=Consumer-topic-49431470_d1d3_4ce4_b51c_54b5d05dee23] Client requested disconnect from node 2147483647
2025-08-13 16:43:07,376 INFO  [org.apa.kaf.cli.con.int.ConsumerCoordinator] (Thread-603) [Consumer clientId=consumer-Consumer-topic-49431470_d1d3_4ce4_b51c_54b5d05dee23-1, groupId=Consumer-topic-49431470_d1d3_4ce4_b51c_54b5d05dee23] Discovered group coordinator localhost:32769 (id: 2147483647 rack: null)
2025-08-13 16:43:07,378 INFO  [org.apa.kaf.cli.con.int.ConsumerCoordinator] (Thread-603) [Consumer clientId=consumer-Consumer-topic-49431470_d1d3_4ce4_b51c_54b5d05dee23-1, groupId=Consumer-topic-49431470_d1d3_4ce4_b51c_54b5d05dee23] Group coordinator localhost:32769 (id: 2147483647 rack: null) is unavailable or invalid due to cause: coordinator unavailable. isDisconnected: false. Rediscovery will be attempted.
2025-08-13 16:43:07,378 INFO  [org.apa.kaf.cli.con.int.ConsumerCoordinator] (Thread-603) [Consumer clientId=consumer-Consumer-topic-49431470_d1d3_4ce4_b51c_54b5d05dee23-1, groupId=Consumer-topic-49431470_d1d3_4ce4_b51c_54b5d05dee23] Requesting disconnect from last known coordinator localhost:32769 (id: 2147483647 rack: null)
2025-08-13 16:43:07,499 INFO  [org.apa.kaf.cli.con.int.ConsumerCoordinator] (Thread-603) [Consumer clientId=consumer-Consumer-topic-49431470_d1d3_4ce4_b51c_54b5d05dee23-1, groupId=Consumer-topic-49431470_d1d3_4ce4_b51c_54b5d05dee23] Discovered group coordinator localhost:32769 (id: 2147483647 rack: null)
2025-08-13 16:43:07,502 INFO  [org.apa.kaf.cli.con.int.ConsumerCoordinator] (Thread-603) [Consumer clientId=consumer-Consumer-topic-49431470_d1d3_4ce4_b51c_54b5d05dee23-1, groupId=Consumer-topic-49431470_d1d3_4ce4_b51c_54b5d05dee23] Request joining group due to: rebalance failed due to 'This is not the correct coordinator.' (NotCoordinatorException)
2025-08-13 16:43:07,502 INFO  [org.apa.kaf.cli.con.int.ConsumerCoordinator] (Thread-603) [Consumer clientId=consumer-Consumer-topic-49431470_d1d3_4ce4_b51c_54b5d05dee23-1, groupId=Consumer-topic-49431470_d1d3_4ce4_b51c_54b5d05dee23] (Re-)joining group
2025-08-13 16:43:07,511 INFO  [org.apa.kaf.cli.con.int.ConsumerCoordinator] (Thread-603) [Consumer clientId=consumer-Consumer-topic-49431470_d1d3_4ce4_b51c_54b5d05dee23-1, groupId=Consumer-topic-49431470_d1d3_4ce4_b51c_54b5d05dee23] Group coordinator localhost:32769 (id: 2147483647 rack: null) is unavailable or invalid due to cause: error response NOT_COORDINATOR. isDisconnected: false. Rediscovery will be attempted.
2025-08-13 16:43:07,513 INFO  [org.apa.kaf.cli.con.int.ConsumerCoordinator] (Thread-603) [Consumer clientId=consumer-Consumer-topic-49431470_d1d3_4ce4_b51c_54b5d05dee23-1, groupId=Consumer-topic-49431470_d1d3_4ce4_b51c_54b5d05dee23] Requesting disconnect from last known coordinator localhost:32769 (id: 2147483647 rack: null)
2025-08-13 16:43:07,513 INFO  [org.apa.kaf.cli.con.int.ConsumerCoordinator] (Thread-603) [Consumer clientId=consumer-Consumer-topic-49431470_d1d3_4ce4_b51c_54b5d05dee23-1, groupId=Consumer-topic-49431470_d1d3_4ce4_b51c_54b5d05dee23] JoinGroup failed: This is not the correct coordinator. Marking coordinator unknown. Sent generation was Generation{generationId=-1, memberId='', protocol='null'}
2025-08-13 16:43:07,513 INFO  [org.apa.kaf.cli.NetworkClient] (Thread-603) [Consumer clientId=consumer-Consumer-topic-49431470_d1d3_4ce4_b51c_54b5d05dee23-1, groupId=Consumer-topic-49431470_d1d3_4ce4_b51c_54b5d05dee23] Client requested disconnect from node 2147483647
2025-08-13 16:43:07,520 INFO  [org.apa.kaf.cli.con.int.ConsumerCoordinator] (Thread-603) [Consumer clientId=consumer-Consumer-topic-49431470_d1d3_4ce4_b51c_54b5d05dee23-1, groupId=Consumer-topic-49431470_d1d3_4ce4_b51c_54b5d05dee23] Discovered group coordinator localhost:32769 (id: 2147483647 rack: null)
2025-08-13 16:43:07,520 INFO  [org.apa.kaf.cli.con.int.ConsumerCoordinator] (Thread-603) [Consumer clientId=consumer-Consumer-topic-49431470_d1d3_4ce4_b51c_54b5d05dee23-1, groupId=Consumer-topic-49431470_d1d3_4ce4_b51c_54b5d05dee23] Group coordinator localhost:32769 (id: 2147483647 rack: null) is unavailable or invalid due to cause: coordinator unavailable. isDisconnected: false. Rediscovery will be attempted.
2025-08-13 16:43:07,520 INFO  [org.apa.kaf.cli.con.int.ConsumerCoordinator] (Thread-603) [Consumer clientId=consumer-Consumer-topic-49431470_d1d3_4ce4_b51c_54b5d05dee23-1, groupId=Consumer-topic-49431470_d1d3_4ce4_b51c_54b5d05dee23] Requesting disconnect from last known coordinator localhost:32769 (id: 2147483647 rack: null)
2025-08-13 16:43:07,609 INFO  [org.apa.kaf.cli.con.int.ConsumerCoordinator] (Thread-603) [Consumer clientId=consumer-Consumer-topic-49431470_d1d3_4ce4_b51c_54b5d05dee23-1, groupId=Consumer-topic-49431470_d1d3_4ce4_b51c_54b5d05dee23] Discovered group coordinator localhost:32769 (id: 2147483647 rack: null)
2025-08-13 16:43:07,611 INFO  [org.apa.kaf.cli.con.int.ConsumerCoordinator] (Thread-603) [Consumer clientId=consumer-Consumer-topic-49431470_d1d3_4ce4_b51c_54b5d05dee23-1, groupId=Consumer-topic-49431470_d1d3_4ce4_b51c_54b5d05dee23] Request joining group due to: rebalance failed due to 'This is not the correct coordinator.' (NotCoordinatorException)
2025-08-13 16:43:07,612 INFO  [org.apa.kaf.cli.con.int.ConsumerCoordinator] (Thread-603) [Consumer clientId=consumer-Consumer-topic-49431470_d1d3_4ce4_b51c_54b5d05dee23-1, groupId=Consumer-topic-49431470_d1d3_4ce4_b51c_54b5d05dee23] (Re-)joining group
2025-08-13 16:43:07,620 INFO  [org.apa.kaf.cli.con.int.ConsumerCoordinator] (Thread-603) [Consumer clientId=consumer-Consumer-topic-49431470_d1d3_4ce4_b51c_54b5d05dee23-1, groupId=Consumer-topic-49431470_d1d3_4ce4_b51c_54b5d05dee23] Group coordinator localhost:32769 (id: 2147483647 rack: null) is unavailable or invalid due to cause: error response NOT_COORDINATOR. isDisconnected: false. Rediscovery will be attempted.
2025-08-13 16:43:07,621 INFO  [org.apa.kaf.cli.con.int.ConsumerCoordinator] (Thread-603) [Consumer clientId=consumer-Consumer-topic-49431470_d1d3_4ce4_b51c_54b5d05dee23-1, groupId=Consumer-topic-49431470_d1d3_4ce4_b51c_54b5d05dee23] Requesting disconnect from last known coordinator localhost:32769 (id: 2147483647 rack: null)
2025-08-13 16:43:07,621 INFO  [org.apa.kaf.cli.con.int.ConsumerCoordinator] (Thread-603) [Consumer clientId=consumer-Consumer-topic-49431470_d1d3_4ce4_b51c_54b5d05dee23-1, groupId=Consumer-topic-49431470_d1d3_4ce4_b51c_54b5d05dee23] JoinGroup failed: This is not the correct coordinator. Marking coordinator unknown. Sent generation was Generation{generationId=-1, memberId='', protocol='null'}
2025-08-13 16:43:07,621 INFO  [org.apa.kaf.cli.NetworkClient] (Thread-603) [Consumer clientId=consumer-Consumer-topic-49431470_d1d3_4ce4_b51c_54b5d05dee23-1, groupId=Consumer-topic-49431470_d1d3_4ce4_b51c_54b5d05dee23] Client requested disconnect from node 2147483647
2025-08-13 16:43:07,628 INFO  [org.apa.kaf.cli.con.int.ConsumerCoordinator] (Thread-603) [Consumer clientId=consumer-Consumer-topic-49431470_d1d3_4ce4_b51c_54b5d05dee23-1, groupId=Consumer-topic-49431470_d1d3_4ce4_b51c_54b5d05dee23] Discovered group coordinator localhost:32769 (id: 2147483647 rack: null)
2025-08-13 16:43:07,628 INFO  [org.apa.kaf.cli.con.int.ConsumerCoordinator] (Thread-603) [Consumer clientId=consumer-Consumer-topic-49431470_d1d3_4ce4_b51c_54b5d05dee23-1, groupId=Consumer-topic-49431470_d1d3_4ce4_b51c_54b5d05dee23] Group coordinator localhost:32769 (id: 2147483647 rack: null) is unavailable or invalid due to cause: coordinator unavailable. isDisconnected: false. Rediscovery will be attempted.
2025-08-13 16:43:07,629 INFO  [org.apa.kaf.cli.con.int.ConsumerCoordinator] (Thread-603) [Consumer clientId=consumer-Consumer-topic-49431470_d1d3_4ce4_b51c_54b5d05dee23-1, groupId=Consumer-topic-49431470_d1d3_4ce4_b51c_54b5d05dee23] Requesting disconnect from last known coordinator localhost:32769 (id: 2147483647 rack: null)
2025-08-13 16:43:07,747 INFO  [org.apa.kaf.cli.con.int.ConsumerCoordinator] (Thread-603) [Consumer clientId=consumer-Consumer-topic-49431470_d1d3_4ce4_b51c_54b5d05dee23-1, groupId=Consumer-topic-49431470_d1d3_4ce4_b51c_54b5d05dee23] Discovered group coordinator localhost:32769 (id: 2147483647 rack: null)
2025-08-13 16:43:07,748 INFO  [org.apa.kaf.cli.con.int.ConsumerCoordinator] (Thread-603) [Consumer clientId=consumer-Consumer-topic-49431470_d1d3_4ce4_b51c_54b5d05dee23-1, groupId=Consumer-topic-49431470_d1d3_4ce4_b51c_54b5d05dee23] Request joining group due to: rebalance failed due to 'This is not the correct coordinator.' (NotCoordinatorException)
2025-08-13 16:43:07,750 INFO  [org.apa.kaf.cli.con.int.ConsumerCoordinator] (Thread-603) [Consumer clientId=consumer-Consumer-topic-49431470_d1d3_4ce4_b51c_54b5d05dee23-1, groupId=Consumer-topic-49431470_d1d3_4ce4_b51c_54b5d05dee23] (Re-)joining group
2025-08-13 16:43:07,787 INFO  [org.apa.kaf.cli.con.int.ConsumerCoordinator] (Thread-603) [Consumer clientId=consumer-Consumer-topic-49431470_d1d3_4ce4_b51c_54b5d05dee23-1, groupId=Consumer-topic-49431470_d1d3_4ce4_b51c_54b5d05dee23] JoinGroup failed: Coordinator localhost:32769 (id: 2147483647 rack: null) is loading the group.
2025-08-13 16:43:07,788 INFO  [org.apa.kaf.cli.con.int.ConsumerCoordinator] (Thread-603) [Consumer clientId=consumer-Consumer-topic-49431470_d1d3_4ce4_b51c_54b5d05dee23-1, groupId=Consumer-topic-49431470_d1d3_4ce4_b51c_54b5d05dee23] Request joining group due to: rebalance failed due to 'The coordinator is loading and hence can't process requests.' (CoordinatorLoadInProgressException)
2025-08-13 16:43:07,888 INFO  [org.apa.kaf.cli.con.int.ConsumerCoordinator] (Thread-603) [Consumer clientId=consumer-Consumer-topic-49431470_d1d3_4ce4_b51c_54b5d05dee23-1, groupId=Consumer-topic-49431470_d1d3_4ce4_b51c_54b5d05dee23] (Re-)joining group
2025-08-13 16:43:07,895 INFO  [org.apa.kaf.cli.con.int.ConsumerCoordinator] (Thread-603) [Consumer clientId=consumer-Consumer-topic-49431470_d1d3_4ce4_b51c_54b5d05dee23-1, groupId=Consumer-topic-49431470_d1d3_4ce4_b51c_54b5d05dee23] Request joining group due to: need to re-join with the given member-id: consumer-Consumer-topic-49431470_d1d3_4ce4_b51c_54b5d05dee23-1-b99be6e5-cec3-4690-b743-f957df9b485c
2025-08-13 16:43:07,897 INFO  [org.apa.kaf.cli.con.int.ConsumerCoordinator] (Thread-603) [Consumer clientId=consumer-Consumer-topic-49431470_d1d3_4ce4_b51c_54b5d05dee23-1, groupId=Consumer-topic-49431470_d1d3_4ce4_b51c_54b5d05dee23] (Re-)joining group
2025-08-13 16:43:08,112 INFO  [io.api.tes.ser.api.KafkaSerdesTester] (Thread-603) None found
2025-08-13 16:43:09,113 INFO  [io.api.tes.ser.api.KafkaSerdesTester] (Thread-603) None found
2025-08-13 16:43:10,114 INFO  [io.api.tes.ser.api.KafkaSerdesTester] (Thread-603) None found
2025-08-13 16:43:10,916 INFO  [org.apa.kaf.cli.con.int.ConsumerCoordinator] (Thread-603) [Consumer clientId=consumer-Consumer-topic-49431470_d1d3_4ce4_b51c_54b5d05dee23-1, groupId=Consumer-topic-49431470_d1d3_4ce4_b51c_54b5d05dee23] Successfully joined group with generation Generation{generationId=1, memberId='consumer-Consumer-topic-49431470_d1d3_4ce4_b51c_54b5d05dee23-1-b99be6e5-cec3-4690-b743-f957df9b485c', protocol='range'}
2025-08-13 16:43:10,927 INFO  [org.apa.kaf.cli.con.int.ConsumerCoordinator] (Thread-603) [Consumer clientId=consumer-Consumer-topic-49431470_d1d3_4ce4_b51c_54b5d05dee23-1, groupId=Consumer-topic-49431470_d1d3_4ce4_b51c_54b5d05dee23] Finished assignment for group at generation 1: {consumer-Consumer-topic-49431470_d1d3_4ce4_b51c_54b5d05dee23-1-b99be6e5-cec3-4690-b743-f957df9b485c=Assignment(partitions=[topic-49431470_d1d3_4ce4_b51c_54b5d05dee23-0])}
2025-08-13 16:43:10,943 INFO  [org.apa.kaf.cli.con.int.ConsumerCoordinator] (Thread-603) [Consumer clientId=consumer-Consumer-topic-49431470_d1d3_4ce4_b51c_54b5d05dee23-1, groupId=Consumer-topic-49431470_d1d3_4ce4_b51c_54b5d05dee23] Successfully synced group in generation Generation{generationId=1, memberId='consumer-Consumer-topic-49431470_d1d3_4ce4_b51c_54b5d05dee23-1-b99be6e5-cec3-4690-b743-f957df9b485c', protocol='range'}
2025-08-13 16:43:10,943 INFO  [org.apa.kaf.cli.con.int.ConsumerCoordinator] (Thread-603) [Consumer clientId=consumer-Consumer-topic-49431470_d1d3_4ce4_b51c_54b5d05dee23-1, groupId=Consumer-topic-49431470_d1d3_4ce4_b51c_54b5d05dee23] Notifying assignor about the new Assignment(partitions=[topic-49431470_d1d3_4ce4_b51c_54b5d05dee23-0])
2025-08-13 16:43:10,946 INFO  [org.apa.kaf.cli.con.int.ConsumerRebalanceListenerInvoker] (Thread-603) [Consumer clientId=consumer-Consumer-topic-49431470_d1d3_4ce4_b51c_54b5d05dee23-1, groupId=Consumer-topic-49431470_d1d3_4ce4_b51c_54b5d05dee23] Adding newly assigned partitions: topic-49431470_d1d3_4ce4_b51c_54b5d05dee23-0
2025-08-13 16:43:10,961 INFO  [org.apa.kaf.cli.con.int.ConsumerCoordinator] (Thread-603) [Consumer clientId=consumer-Consumer-topic-49431470_d1d3_4ce4_b51c_54b5d05dee23-1, groupId=Consumer-topic-49431470_d1d3_4ce4_b51c_54b5d05dee23] Found no committed offset for partition topic-49431470_d1d3_4ce4_b51c_54b5d05dee23-0
2025-08-13 16:43:10,979 INFO  [org.apa.kaf.cli.con.int.SubscriptionState] (Thread-603) [Consumer clientId=consumer-Consumer-topic-49431470_d1d3_4ce4_b51c_54b5d05dee23-1, groupId=Consumer-topic-49431470_d1d3_4ce4_b51c_54b5d05dee23] Resetting offset for partition topic-49431470_d1d3_4ce4_b51c_54b5d05dee23-0 to position FetchPosition{offset=0, offsetEpoch=Optional.empty, currentLeader=LeaderAndEpoch{leader=Optional[localhost:32769 (id: 0 rack: null)], epoch=0}}.
2025-08-13 16:43:11,091 INFO  [io.api.tes.ser.api.KafkaSerdesTester] (Thread-603) topic-49431470_d1d3_4ce4_b51c_54b5d05dee23 0 0 {"key11755103386028": "value-0"}
2025-08-13 16:43:11,091 INFO  [io.api.tes.ser.api.KafkaSerdesTester] (Thread-603) topic-49431470_d1d3_4ce4_b51c_54b5d05dee23 0 1 {"key11755103386028": "value-1"}
2025-08-13 16:43:11,091 INFO  [io.api.tes.ser.api.KafkaSerdesTester] (Thread-603) topic-49431470_d1d3_4ce4_b51c_54b5d05dee23 0 2 {"key11755103386028": "value-2"}
2025-08-13 16:43:11,091 INFO  [io.api.tes.ser.api.KafkaSerdesTester] (Thread-603) topic-49431470_d1d3_4ce4_b51c_54b5d05dee23 0 3 {"key11755103386028": "value-3"}
2025-08-13 16:43:11,092 INFO  [io.api.tes.ser.api.KafkaSerdesTester] (Thread-603) topic-49431470_d1d3_4ce4_b51c_54b5d05dee23 0 4 {"key11755103386028": "value-4"}
2025-08-13 16:43:11,092 INFO  [io.api.tes.ser.api.KafkaSerdesTester] (Thread-603) topic-49431470_d1d3_4ce4_b51c_54b5d05dee23 0 5 {"key11755103386028": "value-5"}
2025-08-13 16:43:11,092 INFO  [io.api.tes.ser.api.KafkaSerdesTester] (Thread-603) topic-49431470_d1d3_4ce4_b51c_54b5d05dee23 0 6 {"key11755103386028": "value-6"}
2025-08-13 16:43:11,092 INFO  [io.api.tes.ser.api.KafkaSerdesTester] (Thread-603) topic-49431470_d1d3_4ce4_b51c_54b5d05dee23 0 7 {"key11755103386028": "value-7"}
2025-08-13 16:43:11,092 INFO  [io.api.tes.ser.api.KafkaSerdesTester] (Thread-603) topic-49431470_d1d3_4ce4_b51c_54b5d05dee23 0 8 {"key11755103386028": "value-8"}
2025-08-13 16:43:11,092 INFO  [io.api.tes.ser.api.KafkaSerdesTester] (Thread-603) topic-49431470_d1d3_4ce4_b51c_54b5d05dee23 0 9 {"key11755103386028": "value-9"}
2025-08-13 16:43:11,092 INFO  [io.api.tes.ser.api.KafkaSerdesTester] (Thread-603) Consumed 10 messages
2025-08-13 16:43:11,124 INFO  [org.apa.kaf.cli.con.int.ConsumerRebalanceListenerInvoker] (Thread-603) [Consumer clientId=consumer-Consumer-topic-49431470_d1d3_4ce4_b51c_54b5d05dee23-1, groupId=Consumer-topic-49431470_d1d3_4ce4_b51c_54b5d05dee23] Revoke previously assigned partitions topic-49431470_d1d3_4ce4_b51c_54b5d05dee23-0
2025-08-13 16:43:11,125 INFO  [org.apa.kaf.cli.con.int.ConsumerCoordinator] (Thread-603) [Consumer clientId=consumer-Consumer-topic-49431470_d1d3_4ce4_b51c_54b5d05dee23-1, groupId=Consumer-topic-49431470_d1d3_4ce4_b51c_54b5d05dee23] Member consumer-Consumer-topic-49431470_d1d3_4ce4_b51c_54b5d05dee23-1-b99be6e5-cec3-4690-b743-f957df9b485c sending LeaveGroup request to coordinator localhost:32769 (id: 2147483647 rack: null) due to the consumer is being closed
2025-08-13 16:43:11,126 INFO  [org.apa.kaf.cli.con.int.ConsumerCoordinator] (Thread-603) [Consumer clientId=consumer-Consumer-topic-49431470_d1d3_4ce4_b51c_54b5d05dee23-1, groupId=Consumer-topic-49431470_d1d3_4ce4_b51c_54b5d05dee23] Resetting generation and member id due to: consumer pro-actively leaving the group
2025-08-13 16:43:11,126 INFO  [org.apa.kaf.cli.con.int.ConsumerCoordinator] (Thread-603) [Consumer clientId=consumer-Consumer-topic-49431470_d1d3_4ce4_b51c_54b5d05dee23-1, groupId=Consumer-topic-49431470_d1d3_4ce4_b51c_54b5d05dee23] Request joining group due to: consumer pro-actively leaving the group
2025-08-13 16:43:11,612 INFO  [org.apa.kaf.com.met.Metrics] (Thread-603) Metrics scheduler closed
2025-08-13 16:43:11,612 INFO  [org.apa.kaf.com.met.Metrics] (Thread-603) Closing reporter org.apache.kafka.common.metrics.JmxReporter
2025-08-13 16:43:11,612 INFO  [org.apa.kaf.com.met.Metrics] (Thread-603) Closing reporter org.apache.kafka.common.telemetry.internals.ClientTelemetryReporter
2025-08-13 16:43:11,612 INFO  [org.apa.kaf.com.met.Metrics] (Thread-603) Metrics reporters closed
2025-08-13 16:43:11,618 INFO  [org.apa.kaf.com.uti.AppInfoParser] (Thread-603) App info kafka.consumer for consumer-Consumer-topic-49431470_d1d3_4ce4_b51c_54b5d05dee23-1 unregistered
2025-08-13 16:43:11,620 INFO  [io.api.tes.uti.TestSeparator] (main) io.apicurio.tests.serdes.apicurio.AvroSerdeIT.testGlobalIdInHeaders-FINISHED
2025-08-13 16:43:11,620 INFO  [io.api.tes.uti.TestSeparator] (main) ############################################################################
Test passed: testGlobalIdInHeaders
]]></system-out>
  </testcase>
  <testcase name="testSimpleTopicIdStrategyFindLatest" classname="io.apicurio.tests.serdes.apicurio.AvroSerdeIT" time="4.802">
    <system-out><![CDATA[2025-08-13 16:43:11,624 INFO  [io.api.tes.uti.TestSeparator] (main) ############################################################################
2025-08-13 16:43:11,624 INFO  [io.api.tes.uti.TestSeparator] (main) io.apicurio.tests.serdes.apicurio.AvroSerdeIT.testSimpleTopicIdStrategyFindLatest-STARTED
2025-08-13 16:43:11,625 INFO  [io.api.tes.ser.api.AvroSerdeIT] (main) Registering Avro Schema: {"type":"record","name":"myrecordapicurio1","fields":[{"name":"key11755103391625","type":"string"}]}
**** Registry Base URL: http://registry-app-pg17.apps.ci419.apicurio-testing.org:80
2025-08-13 16:43:12,677 INFO  [org.apa.kaf.cli.pro.ProducerConfig] (main) ProducerConfig values: 
	acks = -1
	auto.include.jmx.reporter = true
	batch.size = 16384
	bootstrap.servers = [PLAINTEXT://localhost:32769]
	buffer.memory = 33554432
	client.dns.lookup = use_all_dns_ips
	client.id = Producer-topic-ce2d0152_5297_40d5_80c3_f6fcd3124f1f
	compression.gzip.level = -1
	compression.lz4.level = 9
	compression.type = none
	compression.zstd.level = 3
	connections.max.idle.ms = 10000
	delivery.timeout.ms = 120000
	enable.idempotence = true
	enable.metrics.push = true
	interceptor.classes = []
	key.serializer = class org.apache.kafka.common.serialization.StringSerializer
	linger.ms = 0
	max.block.ms = 60000
	max.in.flight.requests.per.connection = 5
	max.request.size = 1048576
	metadata.max.age.ms = 300000
	metadata.max.idle.ms = 300000
	metadata.recovery.strategy = none
	metric.reporters = []
	metrics.num.samples = 2
	metrics.recording.level = INFO
	metrics.sample.window.ms = 30000
	partitioner.adaptive.partitioning.enable = true
	partitioner.availability.timeout.ms = 0
	partitioner.class = null
	partitioner.ignore.keys = false
	receive.buffer.bytes = 32768
	reconnect.backoff.max.ms = 1000
	reconnect.backoff.ms = 50
	request.timeout.ms = 5000
	retries = 2147483647
	retry.backoff.max.ms = 1000
	retry.backoff.ms = 100
	sasl.client.callback.handler.class = null
	sasl.jaas.config = null
	sasl.kerberos.kinit.cmd = /usr/bin/kinit
	sasl.kerberos.min.time.before.relogin = 60000
	sasl.kerberos.service.name = null
	sasl.kerberos.ticket.renew.jitter = 0.05
	sasl.kerberos.ticket.renew.window.factor = 0.8
	sasl.login.callback.handler.class = null
	sasl.login.class = null
	sasl.login.connect.timeout.ms = null
	sasl.login.read.timeout.ms = null
	sasl.login.refresh.buffer.seconds = 300
	sasl.login.refresh.min.period.seconds = 60
	sasl.login.refresh.window.factor = 0.8
	sasl.login.refresh.window.jitter = 0.05
	sasl.login.retry.backoff.max.ms = 10000
	sasl.login.retry.backoff.ms = 100
	sasl.mechanism = GSSAPI
	sasl.oauthbearer.clock.skew.seconds = 30
	sasl.oauthbearer.expected.audience = null
	sasl.oauthbearer.expected.issuer = null
	sasl.oauthbearer.header.urlencode = false
	sasl.oauthbearer.jwks.endpoint.refresh.ms = 3600000
	sasl.oauthbearer.jwks.endpoint.retry.backoff.max.ms = 10000
	sasl.oauthbearer.jwks.endpoint.retry.backoff.ms = 100
	sasl.oauthbearer.jwks.endpoint.url = null
	sasl.oauthbearer.scope.claim.name = scope
	sasl.oauthbearer.sub.claim.name = sub
	sasl.oauthbearer.token.endpoint.url = null
	security.protocol = PLAINTEXT
	security.providers = null
	send.buffer.bytes = 131072
	socket.connection.setup.timeout.max.ms = 30000
	socket.connection.setup.timeout.ms = 10000
	ssl.cipher.suites = null
	ssl.enabled.protocols = [TLSv1.2, TLSv1.3]
	ssl.endpoint.identification.algorithm = https
	ssl.engine.factory.class = null
	ssl.key.password = null
	ssl.keymanager.algorithm = SunX509
	ssl.keystore.certificate.chain = null
	ssl.keystore.key = null
	ssl.keystore.location = null
	ssl.keystore.password = null
	ssl.keystore.type = JKS
	ssl.protocol = TLSv1.3
	ssl.provider = null
	ssl.secure.random.implementation = null
	ssl.trustmanager.algorithm = PKIX
	ssl.truststore.certificates = null
	ssl.truststore.location = null
	ssl.truststore.password = null
	ssl.truststore.type = JKS
	transaction.timeout.ms = 60000
	transactional.id = null
	value.serializer = class io.apicurio.registry.serde.avro.AvroKafkaSerializer

2025-08-13 16:43:12,677 INFO  [org.apa.kaf.com.tel.int.KafkaMetricsCollector] (main) initializing Kafka metrics collector
2025-08-13 16:43:12,682 INFO  [org.apa.kaf.cli.pro.KafkaProducer] (main) [Producer clientId=Producer-topic-ce2d0152_5297_40d5_80c3_f6fcd3124f1f] Instantiated an idempotent producer.
2025-08-13 16:43:12,686 INFO  [org.apa.kaf.cli.pro.ProducerConfig] (main) These configurations '[apicurio.registry.find-latest, apicurio.registry.artifact.group-id, apicurio.registry.url, apicurio.registry.artifact-resolver-strategy]' were supplied but are not used yet.
2025-08-13 16:43:12,687 INFO  [org.apa.kaf.com.uti.AppInfoParser] (main) Kafka version: 3.9.1
2025-08-13 16:43:12,687 INFO  [org.apa.kaf.com.uti.AppInfoParser] (main) Kafka commitId: f745dfdcee2b9851
2025-08-13 16:43:12,687 INFO  [org.apa.kaf.com.uti.AppInfoParser] (main) Kafka startTimeMs: 1755103392687
2025-08-13 16:43:12,687 INFO  [io.api.tes.ser.api.SimpleSerdesTesterBuilder$SimpleSerdesTester] (main) Using producer configuration: {apicurio.registry.find-latest=true, apicurio.registry.artifact.group-id=topic-ce2d0152_5297_40d5_80c3_f6fcd3124f1f, apicurio.registry.url=http://registry-app-pg17.apps.ci419.apicurio-testing.org:80/apis/registry/v3, apicurio.registry.artifact-resolver-strategy=io.apicurio.registry.serde.strategy.SimpleTopicIdStrategy, value.serializer=io.apicurio.registry.serde.avro.AvroKafkaSerializer, request.timeout.ms=5000, acks=all, bootstrap.servers=PLAINTEXT://localhost:32769, connections.max.idle.ms=10000, key.serializer=org.apache.kafka.common.serialization.StringSerializer, client.id=Producer-topic-ce2d0152_5297_40d5_80c3_f6fcd3124f1f}
2025-08-13 16:43:12,687 INFO  [io.api.tes.ser.api.SimpleSerdesTesterBuilder$SimpleSerdesTester] (main) Using consumer configuration: {}
2025-08-13 16:43:12,693 INFO  [io.api.tes.ser.api.KafkaSerdesTester] (Thread-606) Sending message {"key11755103391625": "value-0"} to topic topic-ce2d0152_5297_40d5_80c3_f6fcd3124f1f
2025-08-13 16:43:12,700 INFO  [org.apa.kaf.cli.Metadata] (kafka-producer-network-thread | Producer-topic-ce2d0152_5297_40d5_80c3_f6fcd3124f1f) [Producer clientId=Producer-topic-ce2d0152_5297_40d5_80c3_f6fcd3124f1f] Cluster ID: gmKMEoHzQ-qMHyrxO3JTXw
2025-08-13 16:43:12,702 INFO  [org.apa.kaf.cli.pro.int.TransactionManager] (kafka-producer-network-thread | Producer-topic-ce2d0152_5297_40d5_80c3_f6fcd3124f1f) [Producer clientId=Producer-topic-ce2d0152_5297_40d5_80c3_f6fcd3124f1f] ProducerId set to 1 with epoch 0
2025-08-13 16:43:12,764 INFO  [io.api.tes.ser.api.KafkaSerdesTester] (Thread-606) Sending message {"key11755103391625": "value-1"} to topic topic-ce2d0152_5297_40d5_80c3_f6fcd3124f1f
2025-08-13 16:43:12,769 INFO  [io.api.tes.ser.api.KafkaSerdesTester] (Thread-606) Sending message {"key11755103391625": "value-2"} to topic topic-ce2d0152_5297_40d5_80c3_f6fcd3124f1f
2025-08-13 16:43:12,773 INFO  [io.api.tes.ser.api.KafkaSerdesTester] (Thread-606) Sending message {"key11755103391625": "value-3"} to topic topic-ce2d0152_5297_40d5_80c3_f6fcd3124f1f
2025-08-13 16:43:12,776 INFO  [io.api.tes.ser.api.KafkaSerdesTester] (Thread-606) Sending message {"key11755103391625": "value-4"} to topic topic-ce2d0152_5297_40d5_80c3_f6fcd3124f1f
2025-08-13 16:43:12,778 INFO  [io.api.tes.ser.api.KafkaSerdesTester] (Thread-606) Sending message {"key11755103391625": "value-5"} to topic topic-ce2d0152_5297_40d5_80c3_f6fcd3124f1f
2025-08-13 16:43:12,781 INFO  [io.api.tes.ser.api.KafkaSerdesTester] (Thread-606) Sending message {"key11755103391625": "value-6"} to topic topic-ce2d0152_5297_40d5_80c3_f6fcd3124f1f
2025-08-13 16:43:12,784 INFO  [io.api.tes.ser.api.KafkaSerdesTester] (Thread-606) Sending message {"key11755103391625": "value-7"} to topic topic-ce2d0152_5297_40d5_80c3_f6fcd3124f1f
2025-08-13 16:43:12,787 INFO  [io.api.tes.ser.api.KafkaSerdesTester] (Thread-606) Sending message {"key11755103391625": "value-8"} to topic topic-ce2d0152_5297_40d5_80c3_f6fcd3124f1f
2025-08-13 16:43:12,789 INFO  [io.api.tes.ser.api.KafkaSerdesTester] (Thread-606) Sending message {"key11755103391625": "value-9"} to topic topic-ce2d0152_5297_40d5_80c3_f6fcd3124f1f
2025-08-13 16:43:12,791 INFO  [io.api.tes.ser.api.KafkaSerdesTester] (Thread-606) Produced 10 messages
2025-08-13 16:43:12,791 INFO  [org.apa.kaf.cli.pro.KafkaProducer] (Thread-606) [Producer clientId=Producer-topic-ce2d0152_5297_40d5_80c3_f6fcd3124f1f] Closing the Kafka producer with timeoutMillis = 9223372036854775807 ms.
2025-08-13 16:43:12,799 INFO  [org.apa.kaf.com.met.Metrics] (Thread-606) Metrics scheduler closed
2025-08-13 16:43:12,799 INFO  [org.apa.kaf.com.met.Metrics] (Thread-606) Closing reporter org.apache.kafka.common.metrics.JmxReporter
2025-08-13 16:43:12,799 INFO  [org.apa.kaf.com.met.Metrics] (Thread-606) Closing reporter org.apache.kafka.common.telemetry.internals.ClientTelemetryReporter
2025-08-13 16:43:12,799 INFO  [org.apa.kaf.com.met.Metrics] (Thread-606) Metrics reporters closed
2025-08-13 16:43:12,800 INFO  [org.apa.kaf.com.uti.AppInfoParser] (Thread-606) App info kafka.producer for Producer-topic-ce2d0152_5297_40d5_80c3_f6fcd3124f1f unregistered
**** Registry Base URL: http://registry-app-pg17.apps.ci419.apicurio-testing.org:80
2025-08-13 16:43:12,801 INFO  [org.apa.kaf.cli.con.ConsumerConfig] (main) ConsumerConfig values: 
	allow.auto.create.topics = true
	auto.commit.interval.ms = 500
	auto.include.jmx.reporter = true
	auto.offset.reset = earliest
	bootstrap.servers = [PLAINTEXT://localhost:32769]
	check.crcs = true
	client.dns.lookup = use_all_dns_ips
	client.id = consumer-Consumer-topic-ce2d0152_5297_40d5_80c3_f6fcd3124f1f-2
	client.rack = 
	connections.max.idle.ms = 10000
	default.api.timeout.ms = 60000
	enable.auto.commit = true
	enable.metrics.push = true
	exclude.internal.topics = true
	fetch.max.bytes = 52428800
	fetch.max.wait.ms = 500
	fetch.min.bytes = 1
	group.id = Consumer-topic-ce2d0152_5297_40d5_80c3_f6fcd3124f1f
	group.instance.id = null
	group.protocol = classic
	group.remote.assignor = null
	heartbeat.interval.ms = 3000
	interceptor.classes = []
	internal.leave.group.on.close = true
	internal.throw.on.fetch.stable.offset.unsupported = false
	isolation.level = read_uncommitted
	key.deserializer = class org.apache.kafka.common.serialization.StringDeserializer
	max.partition.fetch.bytes = 1048576
	max.poll.interval.ms = 300000
	max.poll.records = 500
	metadata.max.age.ms = 300000
	metadata.recovery.strategy = none
	metric.reporters = []
	metrics.num.samples = 2
	metrics.recording.level = INFO
	metrics.sample.window.ms = 30000
	partition.assignment.strategy = [class org.apache.kafka.clients.consumer.RangeAssignor, class org.apache.kafka.clients.consumer.CooperativeStickyAssignor]
	receive.buffer.bytes = 65536
	reconnect.backoff.max.ms = 1000
	reconnect.backoff.ms = 50
	request.timeout.ms = 5000
	retry.backoff.max.ms = 1000
	retry.backoff.ms = 100
	sasl.client.callback.handler.class = null
	sasl.jaas.config = null
	sasl.kerberos.kinit.cmd = /usr/bin/kinit
	sasl.kerberos.min.time.before.relogin = 60000
	sasl.kerberos.service.name = null
	sasl.kerberos.ticket.renew.jitter = 0.05
	sasl.kerberos.ticket.renew.window.factor = 0.8
	sasl.login.callback.handler.class = null
	sasl.login.class = null
	sasl.login.connect.timeout.ms = null
	sasl.login.read.timeout.ms = null
	sasl.login.refresh.buffer.seconds = 300
	sasl.login.refresh.min.period.seconds = 60
	sasl.login.refresh.window.factor = 0.8
	sasl.login.refresh.window.jitter = 0.05
	sasl.login.retry.backoff.max.ms = 10000
	sasl.login.retry.backoff.ms = 100
	sasl.mechanism = GSSAPI
	sasl.oauthbearer.clock.skew.seconds = 30
	sasl.oauthbearer.expected.audience = null
	sasl.oauthbearer.expected.issuer = null
	sasl.oauthbearer.header.urlencode = false
	sasl.oauthbearer.jwks.endpoint.refresh.ms = 3600000
	sasl.oauthbearer.jwks.endpoint.retry.backoff.max.ms = 10000
	sasl.oauthbearer.jwks.endpoint.retry.backoff.ms = 100
	sasl.oauthbearer.jwks.endpoint.url = null
	sasl.oauthbearer.scope.claim.name = scope
	sasl.oauthbearer.sub.claim.name = sub
	sasl.oauthbearer.token.endpoint.url = null
	security.protocol = PLAINTEXT
	security.providers = null
	send.buffer.bytes = 131072
	session.timeout.ms = 45000
	socket.connection.setup.timeout.max.ms = 30000
	socket.connection.setup.timeout.ms = 10000
	ssl.cipher.suites = null
	ssl.enabled.protocols = [TLSv1.2, TLSv1.3]
	ssl.endpoint.identification.algorithm = https
	ssl.engine.factory.class = null
	ssl.key.password = null
	ssl.keymanager.algorithm = SunX509
	ssl.keystore.certificate.chain = null
	ssl.keystore.key = null
	ssl.keystore.location = null
	ssl.keystore.password = null
	ssl.keystore.type = JKS
	ssl.protocol = TLSv1.3
	ssl.provider = null
	ssl.secure.random.implementation = null
	ssl.trustmanager.algorithm = PKIX
	ssl.truststore.certificates = null
	ssl.truststore.location = null
	ssl.truststore.password = null
	ssl.truststore.type = JKS
	value.deserializer = class io.apicurio.registry.serde.avro.AvroKafkaDeserializer

2025-08-13 16:43:12,801 INFO  [org.apa.kaf.com.tel.int.KafkaMetricsCollector] (main) initializing Kafka metrics collector
2025-08-13 16:43:12,814 INFO  [org.apa.kaf.cli.con.ConsumerConfig] (main) These configurations '[apicurio.registry.url]' were supplied but are not used yet.
2025-08-13 16:43:12,814 INFO  [org.apa.kaf.com.uti.AppInfoParser] (main) Kafka version: 3.9.1
2025-08-13 16:43:12,816 INFO  [org.apa.kaf.com.uti.AppInfoParser] (main) Kafka commitId: f745dfdcee2b9851
2025-08-13 16:43:12,816 INFO  [org.apa.kaf.com.uti.AppInfoParser] (main) Kafka startTimeMs: 1755103392814
2025-08-13 16:43:12,817 INFO  [org.apa.kaf.cli.con.int.ClassicKafkaConsumer] (Thread-609) [Consumer clientId=consumer-Consumer-topic-ce2d0152_5297_40d5_80c3_f6fcd3124f1f-2, groupId=Consumer-topic-ce2d0152_5297_40d5_80c3_f6fcd3124f1f] Subscribed to topic(s): topic-ce2d0152_5297_40d5_80c3_f6fcd3124f1f
2025-08-13 16:43:12,829 INFO  [org.apa.kaf.cli.Metadata] (Thread-609) [Consumer clientId=consumer-Consumer-topic-ce2d0152_5297_40d5_80c3_f6fcd3124f1f-2, groupId=Consumer-topic-ce2d0152_5297_40d5_80c3_f6fcd3124f1f] Cluster ID: gmKMEoHzQ-qMHyrxO3JTXw
2025-08-13 16:43:12,835 INFO  [org.apa.kaf.cli.con.int.ConsumerCoordinator] (Thread-609) [Consumer clientId=consumer-Consumer-topic-ce2d0152_5297_40d5_80c3_f6fcd3124f1f-2, groupId=Consumer-topic-ce2d0152_5297_40d5_80c3_f6fcd3124f1f] Discovered group coordinator localhost:32769 (id: 2147483647 rack: null)
2025-08-13 16:43:12,841 INFO  [org.apa.kaf.cli.con.int.ConsumerCoordinator] (Thread-609) [Consumer clientId=consumer-Consumer-topic-ce2d0152_5297_40d5_80c3_f6fcd3124f1f-2, groupId=Consumer-topic-ce2d0152_5297_40d5_80c3_f6fcd3124f1f] (Re-)joining group
2025-08-13 16:43:12,847 INFO  [org.apa.kaf.cli.con.int.ConsumerCoordinator] (Thread-609) [Consumer clientId=consumer-Consumer-topic-ce2d0152_5297_40d5_80c3_f6fcd3124f1f-2, groupId=Consumer-topic-ce2d0152_5297_40d5_80c3_f6fcd3124f1f] Request joining group due to: need to re-join with the given member-id: consumer-Consumer-topic-ce2d0152_5297_40d5_80c3_f6fcd3124f1f-2-d3b27322-691f-4d35-a0c5-73f1c1958c7b
2025-08-13 16:43:12,848 INFO  [org.apa.kaf.cli.con.int.ConsumerCoordinator] (Thread-609) [Consumer clientId=consumer-Consumer-topic-ce2d0152_5297_40d5_80c3_f6fcd3124f1f-2, groupId=Consumer-topic-ce2d0152_5297_40d5_80c3_f6fcd3124f1f] (Re-)joining group
2025-08-13 16:43:13,818 INFO  [io.api.tes.ser.api.KafkaSerdesTester] (Thread-609) None found
2025-08-13 16:43:14,819 INFO  [io.api.tes.ser.api.KafkaSerdesTester] (Thread-609) None found
2025-08-13 16:43:15,820 INFO  [io.api.tes.ser.api.KafkaSerdesTester] (Thread-609) None found
2025-08-13 16:43:15,850 INFO  [org.apa.kaf.cli.con.int.ConsumerCoordinator] (Thread-609) [Consumer clientId=consumer-Consumer-topic-ce2d0152_5297_40d5_80c3_f6fcd3124f1f-2, groupId=Consumer-topic-ce2d0152_5297_40d5_80c3_f6fcd3124f1f] Successfully joined group with generation Generation{generationId=1, memberId='consumer-Consumer-topic-ce2d0152_5297_40d5_80c3_f6fcd3124f1f-2-d3b27322-691f-4d35-a0c5-73f1c1958c7b', protocol='range'}
2025-08-13 16:43:15,851 INFO  [org.apa.kaf.cli.con.int.ConsumerCoordinator] (Thread-609) [Consumer clientId=consumer-Consumer-topic-ce2d0152_5297_40d5_80c3_f6fcd3124f1f-2, groupId=Consumer-topic-ce2d0152_5297_40d5_80c3_f6fcd3124f1f] Finished assignment for group at generation 1: {consumer-Consumer-topic-ce2d0152_5297_40d5_80c3_f6fcd3124f1f-2-d3b27322-691f-4d35-a0c5-73f1c1958c7b=Assignment(partitions=[topic-ce2d0152_5297_40d5_80c3_f6fcd3124f1f-0])}
2025-08-13 16:43:15,859 INFO  [org.apa.kaf.cli.con.int.ConsumerCoordinator] (Thread-609) [Consumer clientId=consumer-Consumer-topic-ce2d0152_5297_40d5_80c3_f6fcd3124f1f-2, groupId=Consumer-topic-ce2d0152_5297_40d5_80c3_f6fcd3124f1f] Successfully synced group in generation Generation{generationId=1, memberId='consumer-Consumer-topic-ce2d0152_5297_40d5_80c3_f6fcd3124f1f-2-d3b27322-691f-4d35-a0c5-73f1c1958c7b', protocol='range'}
2025-08-13 16:43:15,859 INFO  [org.apa.kaf.cli.con.int.ConsumerCoordinator] (Thread-609) [Consumer clientId=consumer-Consumer-topic-ce2d0152_5297_40d5_80c3_f6fcd3124f1f-2, groupId=Consumer-topic-ce2d0152_5297_40d5_80c3_f6fcd3124f1f] Notifying assignor about the new Assignment(partitions=[topic-ce2d0152_5297_40d5_80c3_f6fcd3124f1f-0])
2025-08-13 16:43:15,859 INFO  [org.apa.kaf.cli.con.int.ConsumerRebalanceListenerInvoker] (Thread-609) [Consumer clientId=consumer-Consumer-topic-ce2d0152_5297_40d5_80c3_f6fcd3124f1f-2, groupId=Consumer-topic-ce2d0152_5297_40d5_80c3_f6fcd3124f1f] Adding newly assigned partitions: topic-ce2d0152_5297_40d5_80c3_f6fcd3124f1f-0
2025-08-13 16:43:15,865 INFO  [org.apa.kaf.cli.con.int.ConsumerCoordinator] (Thread-609) [Consumer clientId=consumer-Consumer-topic-ce2d0152_5297_40d5_80c3_f6fcd3124f1f-2, groupId=Consumer-topic-ce2d0152_5297_40d5_80c3_f6fcd3124f1f] Found no committed offset for partition topic-ce2d0152_5297_40d5_80c3_f6fcd3124f1f-0
2025-08-13 16:43:15,876 INFO  [org.apa.kaf.cli.con.int.SubscriptionState] (Thread-609) [Consumer clientId=consumer-Consumer-topic-ce2d0152_5297_40d5_80c3_f6fcd3124f1f-2, groupId=Consumer-topic-ce2d0152_5297_40d5_80c3_f6fcd3124f1f] Resetting offset for partition topic-ce2d0152_5297_40d5_80c3_f6fcd3124f1f-0 to position FetchPosition{offset=0, offsetEpoch=Optional.empty, currentLeader=LeaderAndEpoch{leader=Optional[localhost:32769 (id: 0 rack: null)], epoch=0}}.
2025-08-13 16:43:15,912 INFO  [io.api.tes.ser.api.KafkaSerdesTester] (Thread-609) topic-ce2d0152_5297_40d5_80c3_f6fcd3124f1f 0 0 {"key11755103391625": "value-0"}
2025-08-13 16:43:15,912 INFO  [io.api.tes.ser.api.KafkaSerdesTester] (Thread-609) topic-ce2d0152_5297_40d5_80c3_f6fcd3124f1f 0 1 {"key11755103391625": "value-1"}
2025-08-13 16:43:15,912 INFO  [io.api.tes.ser.api.KafkaSerdesTester] (Thread-609) topic-ce2d0152_5297_40d5_80c3_f6fcd3124f1f 0 2 {"key11755103391625": "value-2"}
2025-08-13 16:43:15,912 INFO  [io.api.tes.ser.api.KafkaSerdesTester] (Thread-609) topic-ce2d0152_5297_40d5_80c3_f6fcd3124f1f 0 3 {"key11755103391625": "value-3"}
2025-08-13 16:43:15,912 INFO  [io.api.tes.ser.api.KafkaSerdesTester] (Thread-609) topic-ce2d0152_5297_40d5_80c3_f6fcd3124f1f 0 4 {"key11755103391625": "value-4"}
2025-08-13 16:43:15,912 INFO  [io.api.tes.ser.api.KafkaSerdesTester] (Thread-609) topic-ce2d0152_5297_40d5_80c3_f6fcd3124f1f 0 5 {"key11755103391625": "value-5"}
2025-08-13 16:43:15,912 INFO  [io.api.tes.ser.api.KafkaSerdesTester] (Thread-609) topic-ce2d0152_5297_40d5_80c3_f6fcd3124f1f 0 6 {"key11755103391625": "value-6"}
2025-08-13 16:43:15,913 INFO  [io.api.tes.ser.api.KafkaSerdesTester] (Thread-609) topic-ce2d0152_5297_40d5_80c3_f6fcd3124f1f 0 7 {"key11755103391625": "value-7"}
2025-08-13 16:43:15,913 INFO  [io.api.tes.ser.api.KafkaSerdesTester] (Thread-609) topic-ce2d0152_5297_40d5_80c3_f6fcd3124f1f 0 8 {"key11755103391625": "value-8"}
2025-08-13 16:43:15,913 INFO  [io.api.tes.ser.api.KafkaSerdesTester] (Thread-609) topic-ce2d0152_5297_40d5_80c3_f6fcd3124f1f 0 9 {"key11755103391625": "value-9"}
2025-08-13 16:43:15,913 INFO  [io.api.tes.ser.api.KafkaSerdesTester] (Thread-609) Consumed 10 messages
2025-08-13 16:43:15,922 INFO  [org.apa.kaf.cli.con.int.ConsumerRebalanceListenerInvoker] (Thread-609) [Consumer clientId=consumer-Consumer-topic-ce2d0152_5297_40d5_80c3_f6fcd3124f1f-2, groupId=Consumer-topic-ce2d0152_5297_40d5_80c3_f6fcd3124f1f] Revoke previously assigned partitions topic-ce2d0152_5297_40d5_80c3_f6fcd3124f1f-0
2025-08-13 16:43:15,922 INFO  [org.apa.kaf.cli.con.int.ConsumerCoordinator] (Thread-609) [Consumer clientId=consumer-Consumer-topic-ce2d0152_5297_40d5_80c3_f6fcd3124f1f-2, groupId=Consumer-topic-ce2d0152_5297_40d5_80c3_f6fcd3124f1f] Member consumer-Consumer-topic-ce2d0152_5297_40d5_80c3_f6fcd3124f1f-2-d3b27322-691f-4d35-a0c5-73f1c1958c7b sending LeaveGroup request to coordinator localhost:32769 (id: 2147483647 rack: null) due to the consumer is being closed
2025-08-13 16:43:15,925 INFO  [org.apa.kaf.cli.con.int.ConsumerCoordinator] (Thread-609) [Consumer clientId=consumer-Consumer-topic-ce2d0152_5297_40d5_80c3_f6fcd3124f1f-2, groupId=Consumer-topic-ce2d0152_5297_40d5_80c3_f6fcd3124f1f] Resetting generation and member id due to: consumer pro-actively leaving the group
2025-08-13 16:43:15,925 INFO  [org.apa.kaf.cli.con.int.ConsumerCoordinator] (Thread-609) [Consumer clientId=consumer-Consumer-topic-ce2d0152_5297_40d5_80c3_f6fcd3124f1f-2, groupId=Consumer-topic-ce2d0152_5297_40d5_80c3_f6fcd3124f1f] Request joining group due to: consumer pro-actively leaving the group
2025-08-13 16:43:16,417 INFO  [org.apa.kaf.com.met.Metrics] (Thread-609) Metrics scheduler closed
2025-08-13 16:43:16,418 INFO  [org.apa.kaf.com.met.Metrics] (Thread-609) Closing reporter org.apache.kafka.common.metrics.JmxReporter
2025-08-13 16:43:16,418 INFO  [org.apa.kaf.com.met.Metrics] (Thread-609) Closing reporter org.apache.kafka.common.telemetry.internals.ClientTelemetryReporter
2025-08-13 16:43:16,418 INFO  [org.apa.kaf.com.met.Metrics] (Thread-609) Metrics reporters closed
2025-08-13 16:43:16,422 INFO  [org.apa.kaf.com.uti.AppInfoParser] (Thread-609) App info kafka.consumer for consumer-Consumer-topic-ce2d0152_5297_40d5_80c3_f6fcd3124f1f-2 unregistered
2025-08-13 16:43:16,423 INFO  [io.api.tes.uti.TestSeparator] (main) io.apicurio.tests.serdes.apicurio.AvroSerdeIT.testSimpleTopicIdStrategyFindLatest-FINISHED
2025-08-13 16:43:16,423 INFO  [io.api.tes.uti.TestSeparator] (main) ############################################################################
Test passed: testSimpleTopicIdStrategyFindLatest
]]></system-out>
  </testcase>
  <testcase name="testWrongSchema" classname="io.apicurio.tests.serdes.apicurio.AvroSerdeIT" time="1.122">
    <system-out><![CDATA[2025-08-13 16:43:16,424 INFO  [io.api.tes.uti.TestSeparator] (main) ############################################################################
2025-08-13 16:43:16,424 INFO  [io.api.tes.uti.TestSeparator] (main) io.apicurio.tests.serdes.apicurio.AvroSerdeIT.testWrongSchema-STARTED
**** Registry Base URL: http://registry-app-pg17.apps.ci419.apicurio-testing.org:80
2025-08-13 16:43:17,480 INFO  [org.apa.kaf.cli.pro.ProducerConfig] (main) ProducerConfig values: 
	acks = -1
	auto.include.jmx.reporter = true
	batch.size = 16384
	bootstrap.servers = [PLAINTEXT://localhost:32769]
	buffer.memory = 33554432
	client.dns.lookup = use_all_dns_ips
	client.id = Producer-s10cd4120x66dfx4914x8c6cxcd9ef5f450c8
	compression.gzip.level = -1
	compression.lz4.level = 9
	compression.type = none
	compression.zstd.level = 3
	connections.max.idle.ms = 10000
	delivery.timeout.ms = 120000
	enable.idempotence = true
	enable.metrics.push = true
	interceptor.classes = []
	key.serializer = class org.apache.kafka.common.serialization.StringSerializer
	linger.ms = 0
	max.block.ms = 60000
	max.in.flight.requests.per.connection = 5
	max.request.size = 1048576
	metadata.max.age.ms = 300000
	metadata.max.idle.ms = 300000
	metadata.recovery.strategy = none
	metric.reporters = []
	metrics.num.samples = 2
	metrics.recording.level = INFO
	metrics.sample.window.ms = 30000
	partitioner.adaptive.partitioning.enable = true
	partitioner.availability.timeout.ms = 0
	partitioner.class = null
	partitioner.ignore.keys = false
	receive.buffer.bytes = 32768
	reconnect.backoff.max.ms = 1000
	reconnect.backoff.ms = 50
	request.timeout.ms = 5000
	retries = 2147483647
	retry.backoff.max.ms = 1000
	retry.backoff.ms = 100
	sasl.client.callback.handler.class = null
	sasl.jaas.config = null
	sasl.kerberos.kinit.cmd = /usr/bin/kinit
	sasl.kerberos.min.time.before.relogin = 60000
	sasl.kerberos.service.name = null
	sasl.kerberos.ticket.renew.jitter = 0.05
	sasl.kerberos.ticket.renew.window.factor = 0.8
	sasl.login.callback.handler.class = null
	sasl.login.class = null
	sasl.login.connect.timeout.ms = null
	sasl.login.read.timeout.ms = null
	sasl.login.refresh.buffer.seconds = 300
	sasl.login.refresh.min.period.seconds = 60
	sasl.login.refresh.window.factor = 0.8
	sasl.login.refresh.window.jitter = 0.05
	sasl.login.retry.backoff.max.ms = 10000
	sasl.login.retry.backoff.ms = 100
	sasl.mechanism = GSSAPI
	sasl.oauthbearer.clock.skew.seconds = 30
	sasl.oauthbearer.expected.audience = null
	sasl.oauthbearer.expected.issuer = null
	sasl.oauthbearer.header.urlencode = false
	sasl.oauthbearer.jwks.endpoint.refresh.ms = 3600000
	sasl.oauthbearer.jwks.endpoint.retry.backoff.max.ms = 10000
	sasl.oauthbearer.jwks.endpoint.retry.backoff.ms = 100
	sasl.oauthbearer.jwks.endpoint.url = null
	sasl.oauthbearer.scope.claim.name = scope
	sasl.oauthbearer.sub.claim.name = sub
	sasl.oauthbearer.token.endpoint.url = null
	security.protocol = PLAINTEXT
	security.providers = null
	send.buffer.bytes = 131072
	socket.connection.setup.timeout.max.ms = 30000
	socket.connection.setup.timeout.ms = 10000
	ssl.cipher.suites = null
	ssl.enabled.protocols = [TLSv1.2, TLSv1.3]
	ssl.endpoint.identification.algorithm = https
	ssl.engine.factory.class = null
	ssl.key.password = null
	ssl.keymanager.algorithm = SunX509
	ssl.keystore.certificate.chain = null
	ssl.keystore.key = null
	ssl.keystore.location = null
	ssl.keystore.password = null
	ssl.keystore.type = JKS
	ssl.protocol = TLSv1.3
	ssl.provider = null
	ssl.secure.random.implementation = null
	ssl.trustmanager.algorithm = PKIX
	ssl.truststore.certificates = null
	ssl.truststore.location = null
	ssl.truststore.password = null
	ssl.truststore.type = JKS
	transaction.timeout.ms = 60000
	transactional.id = null
	value.serializer = class io.apicurio.registry.serde.avro.AvroKafkaSerializer

2025-08-13 16:43:17,481 INFO  [org.apa.kaf.com.tel.int.KafkaMetricsCollector] (main) initializing Kafka metrics collector
2025-08-13 16:43:17,485 INFO  [org.apa.kaf.cli.pro.KafkaProducer] (main) [Producer clientId=Producer-s10cd4120x66dfx4914x8c6cxcd9ef5f450c8] Instantiated an idempotent producer.
2025-08-13 16:43:17,488 INFO  [org.apa.kaf.cli.pro.ProducerConfig] (main) These configurations '[apicurio.registry.find-latest, apicurio.registry.url, apicurio.registry.artifact-resolver-strategy]' were supplied but are not used yet.
2025-08-13 16:43:17,488 INFO  [org.apa.kaf.com.uti.AppInfoParser] (main) Kafka version: 3.9.1
2025-08-13 16:43:17,488 INFO  [org.apa.kaf.com.uti.AppInfoParser] (main) Kafka commitId: f745dfdcee2b9851
2025-08-13 16:43:17,488 INFO  [org.apa.kaf.com.uti.AppInfoParser] (main) Kafka startTimeMs: 1755103397488
2025-08-13 16:43:17,491 INFO  [io.api.tes.ser.api.KafkaSerdesTester] (Thread-612) Sending message {"keyB": "value-0"} to topic s10cd4120x66dfx4914x8c6cxcd9ef5f450c8
2025-08-13 16:43:17,497 INFO  [org.apa.kaf.cli.Metadata] (kafka-producer-network-thread | Producer-s10cd4120x66dfx4914x8c6cxcd9ef5f450c8) [Producer clientId=Producer-s10cd4120x66dfx4914x8c6cxcd9ef5f450c8] Cluster ID: gmKMEoHzQ-qMHyrxO3JTXw
2025-08-13 16:43:17,501 INFO  [org.apa.kaf.cli.pro.int.TransactionManager] (kafka-producer-network-thread | Producer-s10cd4120x66dfx4914x8c6cxcd9ef5f450c8) [Producer clientId=Producer-s10cd4120x66dfx4914x8c6cxcd9ef5f450c8] ProducerId set to 2 with epoch 0
2025-08-13 16:43:17,538 INFO  [org.apa.kaf.cli.pro.KafkaProducer] (Thread-612) [Producer clientId=Producer-s10cd4120x66dfx4914x8c6cxcd9ef5f450c8] Closing the Kafka producer with timeoutMillis = 9223372036854775807 ms.
2025-08-13 16:43:17,543 INFO  [org.apa.kaf.com.met.Metrics] (Thread-612) Metrics scheduler closed
2025-08-13 16:43:17,543 INFO  [org.apa.kaf.com.met.Metrics] (Thread-612) Closing reporter org.apache.kafka.common.metrics.JmxReporter
2025-08-13 16:43:17,543 INFO  [org.apa.kaf.com.met.Metrics] (Thread-612) Closing reporter org.apache.kafka.common.telemetry.internals.ClientTelemetryReporter
2025-08-13 16:43:17,544 INFO  [org.apa.kaf.com.met.Metrics] (Thread-612) Metrics reporters closed
2025-08-13 16:43:17,544 INFO  [org.apa.kaf.com.uti.AppInfoParser] (Thread-612) App info kafka.producer for Producer-s10cd4120x66dfx4914x8c6cxcd9ef5f450c8 unregistered
2025-08-13 16:43:17,545 INFO  [io.api.tes.uti.TestSeparator] (main) io.apicurio.tests.serdes.apicurio.AvroSerdeIT.testWrongSchema-FINISHED
2025-08-13 16:43:17,545 INFO  [io.api.tes.uti.TestSeparator] (main) ############################################################################
Test passed: testWrongSchema
]]></system-out>
    <system-err><![CDATA[io.apicurio.registry.rest.client.models.ProblemDetails
	at io.apicurio.registry.rest.client.models.ProblemDetails.createFromDiscriminatorValue(ProblemDetails.java:58)
	at io.kiota.serialization.json.JsonParseNode.getObjectValue(JsonParseNode.java:247)
	at io.kiota.http.vertx.VertXRequestAdapter.lambda$throwIfFailedResponse$0(VertXRequestAdapter.java:400)
	at com.microsoft.kiota.ApiExceptionBuilder.<init>(ApiExceptionBuilder.java:26)
	at io.kiota.http.vertx.VertXRequestAdapter.throwIfFailedResponse(VertXRequestAdapter.java:399)
	at io.kiota.http.vertx.VertXRequestAdapter.send(VertXRequestAdapter.java:170)
	at io.apicurio.registry.rest.client.groups.item.artifacts.item.versions.item.WithVersionExpressionItemRequestBuilder.get(WithVersionExpressionItemRequestBuilder.java:128)
	at io.apicurio.registry.rest.client.groups.item.artifacts.item.versions.item.WithVersionExpressionItemRequestBuilder.get(WithVersionExpressionItemRequestBuilder.java:111)
	at io.apicurio.registry.resolver.client.RegistryClientFacadeImpl.getVersionCoordinatesByGAV(RegistryClientFacadeImpl.java:159)
	at io.apicurio.registry.resolver.DefaultSchemaResolver.resolveByCoordinates(DefaultSchemaResolver.java:352)
	at io.apicurio.registry.resolver.DefaultSchemaResolver.lambda$resolveSchemaByArtifactReferenceCached$6(DefaultSchemaResolver.java:340)
	at io.apicurio.registry.resolver.cache.ERCache.lambda$getValue$0(ERCache.java:174)
	at io.apicurio.registry.resolver.cache.ERCache.retry(ERCache.java:227)
	at io.apicurio.registry.resolver.cache.ERCache.getValue(ERCache.java:173)
	at io.apicurio.registry.resolver.cache.ERCache.getByArtifactCoordinates(ERCache.java:158)
	at io.apicurio.registry.resolver.DefaultSchemaResolver.resolveSchemaByArtifactReferenceCached(DefaultSchemaResolver.java:338)
	at io.apicurio.registry.resolver.DefaultSchemaResolver.resolveSchemaByCoordinates(DefaultSchemaResolver.java:193)
	at io.apicurio.registry.resolver.DefaultSchemaResolver.getSchemaFromRegistry(DefaultSchemaResolver.java:130)
	at io.apicurio.registry.resolver.DefaultSchemaResolver.lambda$resolveSchema$0(DefaultSchemaResolver.java:84)
	at java.base/java.util.Optional.orElseGet(Optional.java:364)
	at io.apicurio.registry.resolver.DefaultSchemaResolver.resolveSchema(DefaultSchemaResolver.java:84)
	at io.apicurio.registry.serde.AbstractSerializer.serializeData(AbstractSerializer.java:62)
	at io.apicurio.registry.serde.KafkaSerializer.serialize(KafkaSerializer.java:77)
	at org.apache.kafka.clients.producer.KafkaProducer.doSend(KafkaProducer.java:1046)
	at org.apache.kafka.clients.producer.KafkaProducer.send(KafkaProducer.java:993)
	at org.apache.kafka.clients.producer.KafkaProducer.send(KafkaProducer.java:875)
	at io.apicurio.tests.serdes.apicurio.KafkaSerdesTester.lambda$produceMessages$3(KafkaSerdesTester.java:138)
	at java.base/java.util.concurrent.CompletableFuture$AsyncSupply.run(CompletableFuture.java:1768)
	at java.base/java.lang.Thread.run(Thread.java:840)
]]></system-err>
  </testcase>
  <testcase name="testAvroJSON" classname="io.apicurio.tests.serdes.apicurio.AvroSerdeIT" time="3.773">
    <system-out><![CDATA[2025-08-13 16:43:17,547 INFO  [io.api.tes.uti.TestSeparator] (main) ############################################################################
2025-08-13 16:43:17,547 INFO  [io.api.tes.uti.TestSeparator] (main) io.apicurio.tests.serdes.apicurio.AvroSerdeIT.testAvroJSON-STARTED
**** Registry Base URL: http://registry-app-pg17.apps.ci419.apicurio-testing.org:80
2025-08-13 16:43:17,549 INFO  [org.apa.kaf.cli.pro.ProducerConfig] (main) ProducerConfig values: 
	acks = -1
	auto.include.jmx.reporter = true
	batch.size = 16384
	bootstrap.servers = [PLAINTEXT://localhost:32769]
	buffer.memory = 33554432
	client.dns.lookup = use_all_dns_ips
	client.id = Producer-topic-36ff25f9_8d70_4ec2_951a_c3e19475af99
	compression.gzip.level = -1
	compression.lz4.level = 9
	compression.type = none
	compression.zstd.level = 3
	connections.max.idle.ms = 10000
	delivery.timeout.ms = 120000
	enable.idempotence = true
	enable.metrics.push = true
	interceptor.classes = []
	key.serializer = class org.apache.kafka.common.serialization.StringSerializer
	linger.ms = 0
	max.block.ms = 60000
	max.in.flight.requests.per.connection = 5
	max.request.size = 1048576
	metadata.max.age.ms = 300000
	metadata.max.idle.ms = 300000
	metadata.recovery.strategy = none
	metric.reporters = []
	metrics.num.samples = 2
	metrics.recording.level = INFO
	metrics.sample.window.ms = 30000
	partitioner.adaptive.partitioning.enable = true
	partitioner.availability.timeout.ms = 0
	partitioner.class = null
	partitioner.ignore.keys = false
	receive.buffer.bytes = 32768
	reconnect.backoff.max.ms = 1000
	reconnect.backoff.ms = 50
	request.timeout.ms = 5000
	retries = 2147483647
	retry.backoff.max.ms = 1000
	retry.backoff.ms = 100
	sasl.client.callback.handler.class = null
	sasl.jaas.config = null
	sasl.kerberos.kinit.cmd = /usr/bin/kinit
	sasl.kerberos.min.time.before.relogin = 60000
	sasl.kerberos.service.name = null
	sasl.kerberos.ticket.renew.jitter = 0.05
	sasl.kerberos.ticket.renew.window.factor = 0.8
	sasl.login.callback.handler.class = null
	sasl.login.class = null
	sasl.login.connect.timeout.ms = null
	sasl.login.read.timeout.ms = null
	sasl.login.refresh.buffer.seconds = 300
	sasl.login.refresh.min.period.seconds = 60
	sasl.login.refresh.window.factor = 0.8
	sasl.login.refresh.window.jitter = 0.05
	sasl.login.retry.backoff.max.ms = 10000
	sasl.login.retry.backoff.ms = 100
	sasl.mechanism = GSSAPI
	sasl.oauthbearer.clock.skew.seconds = 30
	sasl.oauthbearer.expected.audience = null
	sasl.oauthbearer.expected.issuer = null
	sasl.oauthbearer.header.urlencode = false
	sasl.oauthbearer.jwks.endpoint.refresh.ms = 3600000
	sasl.oauthbearer.jwks.endpoint.retry.backoff.max.ms = 10000
	sasl.oauthbearer.jwks.endpoint.retry.backoff.ms = 100
	sasl.oauthbearer.jwks.endpoint.url = null
	sasl.oauthbearer.scope.claim.name = scope
	sasl.oauthbearer.sub.claim.name = sub
	sasl.oauthbearer.token.endpoint.url = null
	security.protocol = PLAINTEXT
	security.providers = null
	send.buffer.bytes = 131072
	socket.connection.setup.timeout.max.ms = 30000
	socket.connection.setup.timeout.ms = 10000
	ssl.cipher.suites = null
	ssl.enabled.protocols = [TLSv1.2, TLSv1.3]
	ssl.endpoint.identification.algorithm = https
	ssl.engine.factory.class = null
	ssl.key.password = null
	ssl.keymanager.algorithm = SunX509
	ssl.keystore.certificate.chain = null
	ssl.keystore.key = null
	ssl.keystore.location = null
	ssl.keystore.password = null
	ssl.keystore.type = JKS
	ssl.protocol = TLSv1.3
	ssl.provider = null
	ssl.secure.random.implementation = null
	ssl.trustmanager.algorithm = PKIX
	ssl.truststore.certificates = null
	ssl.truststore.location = null
	ssl.truststore.password = null
	ssl.truststore.type = JKS
	transaction.timeout.ms = 60000
	transactional.id = null
	value.serializer = class io.apicurio.registry.serde.avro.AvroKafkaSerializer

2025-08-13 16:43:17,550 INFO  [org.apa.kaf.com.tel.int.KafkaMetricsCollector] (main) initializing Kafka metrics collector
2025-08-13 16:43:17,561 INFO  [org.apa.kaf.cli.pro.KafkaProducer] (main) [Producer clientId=Producer-topic-36ff25f9_8d70_4ec2_951a_c3e19475af99] Instantiated an idempotent producer.
2025-08-13 16:43:17,574 INFO  [org.apa.kaf.cli.pro.ProducerConfig] (main) These configurations '[apicurio.registry.avro.encoding, apicurio.registry.url, apicurio.registry.auto-register, apicurio.registry.artifact-resolver-strategy]' were supplied but are not used yet.
2025-08-13 16:43:17,575 INFO  [org.apa.kaf.com.uti.AppInfoParser] (main) Kafka version: 3.9.1
2025-08-13 16:43:17,575 INFO  [org.apa.kaf.com.uti.AppInfoParser] (main) Kafka commitId: f745dfdcee2b9851
2025-08-13 16:43:17,575 INFO  [org.apa.kaf.com.uti.AppInfoParser] (main) Kafka startTimeMs: 1755103397574
2025-08-13 16:43:17,575 INFO  [io.api.tes.ser.api.SimpleSerdesTesterBuilder$SimpleSerdesTester] (main) Using producer configuration: {apicurio.registry.avro.encoding=JSON, apicurio.registry.url=http://registry-app-pg17.apps.ci419.apicurio-testing.org:80/apis/registry/v3, apicurio.registry.auto-register=true, apicurio.registry.artifact-resolver-strategy=io.apicurio.registry.serde.strategy.TopicIdStrategy, value.serializer=io.apicurio.registry.serde.avro.AvroKafkaSerializer, request.timeout.ms=5000, acks=all, bootstrap.servers=PLAINTEXT://localhost:32769, connections.max.idle.ms=10000, key.serializer=org.apache.kafka.common.serialization.StringSerializer, client.id=Producer-topic-36ff25f9_8d70_4ec2_951a_c3e19475af99}
2025-08-13 16:43:17,576 INFO  [io.api.tes.ser.api.SimpleSerdesTesterBuilder$SimpleSerdesTester] (main) Using consumer configuration: {apicurio.registry.avro.encoding=JSON}
2025-08-13 16:43:17,581 INFO  [io.api.tes.ser.api.KafkaSerdesTester] (Thread-615) Sending message {"bar": "value-0"} to topic topic-36ff25f9_8d70_4ec2_951a_c3e19475af99
2025-08-13 16:43:17,585 INFO  [org.apa.kaf.cli.Metadata] (kafka-producer-network-thread | Producer-topic-36ff25f9_8d70_4ec2_951a_c3e19475af99) [Producer clientId=Producer-topic-36ff25f9_8d70_4ec2_951a_c3e19475af99] Cluster ID: gmKMEoHzQ-qMHyrxO3JTXw
2025-08-13 16:43:17,589 INFO  [org.apa.kaf.cli.pro.int.TransactionManager] (kafka-producer-network-thread | Producer-topic-36ff25f9_8d70_4ec2_951a_c3e19475af99) [Producer clientId=Producer-topic-36ff25f9_8d70_4ec2_951a_c3e19475af99] ProducerId set to 3 with epoch 0
2025-08-13 16:43:17,654 INFO  [io.api.tes.ser.api.KafkaSerdesTester] (Thread-615) Sending message {"bar": "value-1"} to topic topic-36ff25f9_8d70_4ec2_951a_c3e19475af99
2025-08-13 16:43:17,657 INFO  [io.api.tes.ser.api.KafkaSerdesTester] (Thread-615) Sending message {"bar": "value-2"} to topic topic-36ff25f9_8d70_4ec2_951a_c3e19475af99
2025-08-13 16:43:17,660 INFO  [io.api.tes.ser.api.KafkaSerdesTester] (Thread-615) Sending message {"bar": "value-3"} to topic topic-36ff25f9_8d70_4ec2_951a_c3e19475af99
2025-08-13 16:43:17,663 INFO  [io.api.tes.ser.api.KafkaSerdesTester] (Thread-615) Sending message {"bar": "value-4"} to topic topic-36ff25f9_8d70_4ec2_951a_c3e19475af99
2025-08-13 16:43:17,668 INFO  [io.api.tes.ser.api.KafkaSerdesTester] (Thread-615) Sending message {"bar": "value-5"} to topic topic-36ff25f9_8d70_4ec2_951a_c3e19475af99
2025-08-13 16:43:17,673 INFO  [io.api.tes.ser.api.KafkaSerdesTester] (Thread-615) Sending message {"bar": "value-6"} to topic topic-36ff25f9_8d70_4ec2_951a_c3e19475af99
2025-08-13 16:43:17,676 INFO  [io.api.tes.ser.api.KafkaSerdesTester] (Thread-615) Sending message {"bar": "value-7"} to topic topic-36ff25f9_8d70_4ec2_951a_c3e19475af99
2025-08-13 16:43:17,678 INFO  [io.api.tes.ser.api.KafkaSerdesTester] (Thread-615) Sending message {"bar": "value-8"} to topic topic-36ff25f9_8d70_4ec2_951a_c3e19475af99
2025-08-13 16:43:17,682 INFO  [io.api.tes.ser.api.KafkaSerdesTester] (Thread-615) Sending message {"bar": "value-9"} to topic topic-36ff25f9_8d70_4ec2_951a_c3e19475af99
2025-08-13 16:43:17,685 INFO  [io.api.tes.ser.api.KafkaSerdesTester] (Thread-615) Produced 10 messages
2025-08-13 16:43:17,686 INFO  [org.apa.kaf.cli.pro.KafkaProducer] (Thread-615) [Producer clientId=Producer-topic-36ff25f9_8d70_4ec2_951a_c3e19475af99] Closing the Kafka producer with timeoutMillis = 9223372036854775807 ms.
2025-08-13 16:43:17,691 INFO  [org.apa.kaf.com.met.Metrics] (Thread-615) Metrics scheduler closed
2025-08-13 16:43:17,691 INFO  [org.apa.kaf.com.met.Metrics] (Thread-615) Closing reporter org.apache.kafka.common.metrics.JmxReporter
2025-08-13 16:43:17,691 INFO  [org.apa.kaf.com.met.Metrics] (Thread-615) Closing reporter org.apache.kafka.common.telemetry.internals.ClientTelemetryReporter
2025-08-13 16:43:17,691 INFO  [org.apa.kaf.com.met.Metrics] (Thread-615) Metrics reporters closed
2025-08-13 16:43:17,691 INFO  [org.apa.kaf.com.uti.AppInfoParser] (Thread-615) App info kafka.producer for Producer-topic-36ff25f9_8d70_4ec2_951a_c3e19475af99 unregistered
**** Registry Base URL: http://registry-app-pg17.apps.ci419.apicurio-testing.org:80
2025-08-13 16:43:17,714 INFO  [org.apa.kaf.cli.con.ConsumerConfig] (main) ConsumerConfig values: 
	allow.auto.create.topics = true
	auto.commit.interval.ms = 500
	auto.include.jmx.reporter = true
	auto.offset.reset = earliest
	bootstrap.servers = [PLAINTEXT://localhost:32769]
	check.crcs = true
	client.dns.lookup = use_all_dns_ips
	client.id = consumer-Consumer-topic-36ff25f9_8d70_4ec2_951a_c3e19475af99-3
	client.rack = 
	connections.max.idle.ms = 10000
	default.api.timeout.ms = 60000
	enable.auto.commit = true
	enable.metrics.push = true
	exclude.internal.topics = true
	fetch.max.bytes = 52428800
	fetch.max.wait.ms = 500
	fetch.min.bytes = 1
	group.id = Consumer-topic-36ff25f9_8d70_4ec2_951a_c3e19475af99
	group.instance.id = null
	group.protocol = classic
	group.remote.assignor = null
	heartbeat.interval.ms = 3000
	interceptor.classes = []
	internal.leave.group.on.close = true
	internal.throw.on.fetch.stable.offset.unsupported = false
	isolation.level = read_uncommitted
	key.deserializer = class org.apache.kafka.common.serialization.StringDeserializer
	max.partition.fetch.bytes = 1048576
	max.poll.interval.ms = 300000
	max.poll.records = 500
	metadata.max.age.ms = 300000
	metadata.recovery.strategy = none
	metric.reporters = []
	metrics.num.samples = 2
	metrics.recording.level = INFO
	metrics.sample.window.ms = 30000
	partition.assignment.strategy = [class org.apache.kafka.clients.consumer.RangeAssignor, class org.apache.kafka.clients.consumer.CooperativeStickyAssignor]
	receive.buffer.bytes = 65536
	reconnect.backoff.max.ms = 1000
	reconnect.backoff.ms = 50
	request.timeout.ms = 5000
	retry.backoff.max.ms = 1000
	retry.backoff.ms = 100
	sasl.client.callback.handler.class = null
	sasl.jaas.config = null
	sasl.kerberos.kinit.cmd = /usr/bin/kinit
	sasl.kerberos.min.time.before.relogin = 60000
	sasl.kerberos.service.name = null
	sasl.kerberos.ticket.renew.jitter = 0.05
	sasl.kerberos.ticket.renew.window.factor = 0.8
	sasl.login.callback.handler.class = null
	sasl.login.class = null
	sasl.login.connect.timeout.ms = null
	sasl.login.read.timeout.ms = null
	sasl.login.refresh.buffer.seconds = 300
	sasl.login.refresh.min.period.seconds = 60
	sasl.login.refresh.window.factor = 0.8
	sasl.login.refresh.window.jitter = 0.05
	sasl.login.retry.backoff.max.ms = 10000
	sasl.login.retry.backoff.ms = 100
	sasl.mechanism = GSSAPI
	sasl.oauthbearer.clock.skew.seconds = 30
	sasl.oauthbearer.expected.audience = null
	sasl.oauthbearer.expected.issuer = null
	sasl.oauthbearer.header.urlencode = false
	sasl.oauthbearer.jwks.endpoint.refresh.ms = 3600000
	sasl.oauthbearer.jwks.endpoint.retry.backoff.max.ms = 10000
	sasl.oauthbearer.jwks.endpoint.retry.backoff.ms = 100
	sasl.oauthbearer.jwks.endpoint.url = null
	sasl.oauthbearer.scope.claim.name = scope
	sasl.oauthbearer.sub.claim.name = sub
	sasl.oauthbearer.token.endpoint.url = null
	security.protocol = PLAINTEXT
	security.providers = null
	send.buffer.bytes = 131072
	session.timeout.ms = 45000
	socket.connection.setup.timeout.max.ms = 30000
	socket.connection.setup.timeout.ms = 10000
	ssl.cipher.suites = null
	ssl.enabled.protocols = [TLSv1.2, TLSv1.3]
	ssl.endpoint.identification.algorithm = https
	ssl.engine.factory.class = null
	ssl.key.password = null
	ssl.keymanager.algorithm = SunX509
	ssl.keystore.certificate.chain = null
	ssl.keystore.key = null
	ssl.keystore.location = null
	ssl.keystore.password = null
	ssl.keystore.type = JKS
	ssl.protocol = TLSv1.3
	ssl.provider = null
	ssl.secure.random.implementation = null
	ssl.trustmanager.algorithm = PKIX
	ssl.truststore.certificates = null
	ssl.truststore.location = null
	ssl.truststore.password = null
	ssl.truststore.type = JKS
	value.deserializer = class io.apicurio.registry.serde.avro.AvroKafkaDeserializer

2025-08-13 16:43:17,714 INFO  [org.apa.kaf.com.tel.int.KafkaMetricsCollector] (main) initializing Kafka metrics collector
2025-08-13 16:43:17,724 INFO  [org.apa.kaf.cli.con.ConsumerConfig] (main) These configurations '[apicurio.registry.avro.encoding, apicurio.registry.url]' were supplied but are not used yet.
2025-08-13 16:43:17,725 INFO  [org.apa.kaf.com.uti.AppInfoParser] (main) Kafka version: 3.9.1
2025-08-13 16:43:17,725 INFO  [org.apa.kaf.com.uti.AppInfoParser] (main) Kafka commitId: f745dfdcee2b9851
2025-08-13 16:43:17,725 INFO  [org.apa.kaf.com.uti.AppInfoParser] (main) Kafka startTimeMs: 1755103397725
2025-08-13 16:43:17,726 INFO  [org.apa.kaf.cli.con.int.ClassicKafkaConsumer] (Thread-618) [Consumer clientId=consumer-Consumer-topic-36ff25f9_8d70_4ec2_951a_c3e19475af99-3, groupId=Consumer-topic-36ff25f9_8d70_4ec2_951a_c3e19475af99] Subscribed to topic(s): topic-36ff25f9_8d70_4ec2_951a_c3e19475af99
2025-08-13 16:43:17,733 INFO  [org.apa.kaf.cli.Metadata] (Thread-618) [Consumer clientId=consumer-Consumer-topic-36ff25f9_8d70_4ec2_951a_c3e19475af99-3, groupId=Consumer-topic-36ff25f9_8d70_4ec2_951a_c3e19475af99] Cluster ID: gmKMEoHzQ-qMHyrxO3JTXw
2025-08-13 16:43:17,735 INFO  [org.apa.kaf.cli.con.int.ConsumerCoordinator] (Thread-618) [Consumer clientId=consumer-Consumer-topic-36ff25f9_8d70_4ec2_951a_c3e19475af99-3, groupId=Consumer-topic-36ff25f9_8d70_4ec2_951a_c3e19475af99] Discovered group coordinator localhost:32769 (id: 2147483647 rack: null)
2025-08-13 16:43:17,736 INFO  [org.apa.kaf.cli.con.int.ConsumerCoordinator] (Thread-618) [Consumer clientId=consumer-Consumer-topic-36ff25f9_8d70_4ec2_951a_c3e19475af99-3, groupId=Consumer-topic-36ff25f9_8d70_4ec2_951a_c3e19475af99] (Re-)joining group
2025-08-13 16:43:17,740 INFO  [org.apa.kaf.cli.con.int.ConsumerCoordinator] (Thread-618) [Consumer clientId=consumer-Consumer-topic-36ff25f9_8d70_4ec2_951a_c3e19475af99-3, groupId=Consumer-topic-36ff25f9_8d70_4ec2_951a_c3e19475af99] Request joining group due to: need to re-join with the given member-id: consumer-Consumer-topic-36ff25f9_8d70_4ec2_951a_c3e19475af99-3-7934c55e-f4a8-430a-a1d4-d78b9397d386
2025-08-13 16:43:17,740 INFO  [org.apa.kaf.cli.con.int.ConsumerCoordinator] (Thread-618) [Consumer clientId=consumer-Consumer-topic-36ff25f9_8d70_4ec2_951a_c3e19475af99-3, groupId=Consumer-topic-36ff25f9_8d70_4ec2_951a_c3e19475af99] (Re-)joining group
2025-08-13 16:43:18,727 INFO  [io.api.tes.ser.api.KafkaSerdesTester] (Thread-618) None found
2025-08-13 16:43:19,727 INFO  [io.api.tes.ser.api.KafkaSerdesTester] (Thread-618) None found
2025-08-13 16:43:20,727 INFO  [io.api.tes.ser.api.KafkaSerdesTester] (Thread-618) None found
2025-08-13 16:43:20,743 INFO  [org.apa.kaf.cli.con.int.ConsumerCoordinator] (Thread-618) [Consumer clientId=consumer-Consumer-topic-36ff25f9_8d70_4ec2_951a_c3e19475af99-3, groupId=Consumer-topic-36ff25f9_8d70_4ec2_951a_c3e19475af99] Successfully joined group with generation Generation{generationId=1, memberId='consumer-Consumer-topic-36ff25f9_8d70_4ec2_951a_c3e19475af99-3-7934c55e-f4a8-430a-a1d4-d78b9397d386', protocol='range'}
2025-08-13 16:43:20,743 INFO  [org.apa.kaf.cli.con.int.ConsumerCoordinator] (Thread-618) [Consumer clientId=consumer-Consumer-topic-36ff25f9_8d70_4ec2_951a_c3e19475af99-3, groupId=Consumer-topic-36ff25f9_8d70_4ec2_951a_c3e19475af99] Finished assignment for group at generation 1: {consumer-Consumer-topic-36ff25f9_8d70_4ec2_951a_c3e19475af99-3-7934c55e-f4a8-430a-a1d4-d78b9397d386=Assignment(partitions=[topic-36ff25f9_8d70_4ec2_951a_c3e19475af99-0])}
2025-08-13 16:43:20,751 INFO  [org.apa.kaf.cli.con.int.ConsumerCoordinator] (Thread-618) [Consumer clientId=consumer-Consumer-topic-36ff25f9_8d70_4ec2_951a_c3e19475af99-3, groupId=Consumer-topic-36ff25f9_8d70_4ec2_951a_c3e19475af99] Successfully synced group in generation Generation{generationId=1, memberId='consumer-Consumer-topic-36ff25f9_8d70_4ec2_951a_c3e19475af99-3-7934c55e-f4a8-430a-a1d4-d78b9397d386', protocol='range'}
2025-08-13 16:43:20,751 INFO  [org.apa.kaf.cli.con.int.ConsumerCoordinator] (Thread-618) [Consumer clientId=consumer-Consumer-topic-36ff25f9_8d70_4ec2_951a_c3e19475af99-3, groupId=Consumer-topic-36ff25f9_8d70_4ec2_951a_c3e19475af99] Notifying assignor about the new Assignment(partitions=[topic-36ff25f9_8d70_4ec2_951a_c3e19475af99-0])
2025-08-13 16:43:20,751 INFO  [org.apa.kaf.cli.con.int.ConsumerRebalanceListenerInvoker] (Thread-618) [Consumer clientId=consumer-Consumer-topic-36ff25f9_8d70_4ec2_951a_c3e19475af99-3, groupId=Consumer-topic-36ff25f9_8d70_4ec2_951a_c3e19475af99] Adding newly assigned partitions: topic-36ff25f9_8d70_4ec2_951a_c3e19475af99-0
2025-08-13 16:43:20,753 INFO  [org.apa.kaf.cli.con.int.ConsumerCoordinator] (Thread-618) [Consumer clientId=consumer-Consumer-topic-36ff25f9_8d70_4ec2_951a_c3e19475af99-3, groupId=Consumer-topic-36ff25f9_8d70_4ec2_951a_c3e19475af99] Found no committed offset for partition topic-36ff25f9_8d70_4ec2_951a_c3e19475af99-0
2025-08-13 16:43:20,762 INFO  [org.apa.kaf.cli.con.int.SubscriptionState] (Thread-618) [Consumer clientId=consumer-Consumer-topic-36ff25f9_8d70_4ec2_951a_c3e19475af99-3, groupId=Consumer-topic-36ff25f9_8d70_4ec2_951a_c3e19475af99] Resetting offset for partition topic-36ff25f9_8d70_4ec2_951a_c3e19475af99-0 to position FetchPosition{offset=0, offsetEpoch=Optional.empty, currentLeader=LeaderAndEpoch{leader=Optional[localhost:32769 (id: 0 rack: null)], epoch=0}}.
2025-08-13 16:43:20,808 INFO  [io.api.tes.ser.api.KafkaSerdesTester] (Thread-618) topic-36ff25f9_8d70_4ec2_951a_c3e19475af99 0 0 {"bar": "value-0"}
2025-08-13 16:43:20,808 INFO  [io.api.tes.ser.api.KafkaSerdesTester] (Thread-618) topic-36ff25f9_8d70_4ec2_951a_c3e19475af99 0 1 {"bar": "value-1"}
2025-08-13 16:43:20,808 INFO  [io.api.tes.ser.api.KafkaSerdesTester] (Thread-618) topic-36ff25f9_8d70_4ec2_951a_c3e19475af99 0 2 {"bar": "value-2"}
2025-08-13 16:43:20,809 INFO  [io.api.tes.ser.api.KafkaSerdesTester] (Thread-618) topic-36ff25f9_8d70_4ec2_951a_c3e19475af99 0 3 {"bar": "value-3"}
2025-08-13 16:43:20,809 INFO  [io.api.tes.ser.api.KafkaSerdesTester] (Thread-618) topic-36ff25f9_8d70_4ec2_951a_c3e19475af99 0 4 {"bar": "value-4"}
2025-08-13 16:43:20,809 INFO  [io.api.tes.ser.api.KafkaSerdesTester] (Thread-618) topic-36ff25f9_8d70_4ec2_951a_c3e19475af99 0 5 {"bar": "value-5"}
2025-08-13 16:43:20,809 INFO  [io.api.tes.ser.api.KafkaSerdesTester] (Thread-618) topic-36ff25f9_8d70_4ec2_951a_c3e19475af99 0 6 {"bar": "value-6"}
2025-08-13 16:43:20,809 INFO  [io.api.tes.ser.api.KafkaSerdesTester] (Thread-618) topic-36ff25f9_8d70_4ec2_951a_c3e19475af99 0 7 {"bar": "value-7"}
2025-08-13 16:43:20,809 INFO  [io.api.tes.ser.api.KafkaSerdesTester] (Thread-618) topic-36ff25f9_8d70_4ec2_951a_c3e19475af99 0 8 {"bar": "value-8"}
2025-08-13 16:43:20,809 INFO  [io.api.tes.ser.api.KafkaSerdesTester] (Thread-618) topic-36ff25f9_8d70_4ec2_951a_c3e19475af99 0 9 {"bar": "value-9"}
2025-08-13 16:43:20,809 INFO  [io.api.tes.ser.api.KafkaSerdesTester] (Thread-618) Consumed 10 messages
2025-08-13 16:43:20,817 INFO  [org.apa.kaf.cli.con.int.ConsumerRebalanceListenerInvoker] (Thread-618) [Consumer clientId=consumer-Consumer-topic-36ff25f9_8d70_4ec2_951a_c3e19475af99-3, groupId=Consumer-topic-36ff25f9_8d70_4ec2_951a_c3e19475af99] Revoke previously assigned partitions topic-36ff25f9_8d70_4ec2_951a_c3e19475af99-0
2025-08-13 16:43:20,817 INFO  [org.apa.kaf.cli.con.int.ConsumerCoordinator] (Thread-618) [Consumer clientId=consumer-Consumer-topic-36ff25f9_8d70_4ec2_951a_c3e19475af99-3, groupId=Consumer-topic-36ff25f9_8d70_4ec2_951a_c3e19475af99] Member consumer-Consumer-topic-36ff25f9_8d70_4ec2_951a_c3e19475af99-3-7934c55e-f4a8-430a-a1d4-d78b9397d386 sending LeaveGroup request to coordinator localhost:32769 (id: 2147483647 rack: null) due to the consumer is being closed
2025-08-13 16:43:20,818 INFO  [org.apa.kaf.cli.con.int.ConsumerCoordinator] (Thread-618) [Consumer clientId=consumer-Consumer-topic-36ff25f9_8d70_4ec2_951a_c3e19475af99-3, groupId=Consumer-topic-36ff25f9_8d70_4ec2_951a_c3e19475af99] Resetting generation and member id due to: consumer pro-actively leaving the group
2025-08-13 16:43:20,818 INFO  [org.apa.kaf.cli.con.int.ConsumerCoordinator] (Thread-618) [Consumer clientId=consumer-Consumer-topic-36ff25f9_8d70_4ec2_951a_c3e19475af99-3, groupId=Consumer-topic-36ff25f9_8d70_4ec2_951a_c3e19475af99] Request joining group due to: consumer pro-actively leaving the group
2025-08-13 16:43:21,312 INFO  [org.apa.kaf.com.met.Metrics] (Thread-618) Metrics scheduler closed
2025-08-13 16:43:21,312 INFO  [org.apa.kaf.com.met.Metrics] (Thread-618) Closing reporter org.apache.kafka.common.metrics.JmxReporter
2025-08-13 16:43:21,312 INFO  [org.apa.kaf.com.met.Metrics] (Thread-618) Closing reporter org.apache.kafka.common.telemetry.internals.ClientTelemetryReporter
2025-08-13 16:43:21,312 INFO  [org.apa.kaf.com.met.Metrics] (Thread-618) Metrics reporters closed
2025-08-13 16:43:21,318 INFO  [org.apa.kaf.com.uti.AppInfoParser] (Thread-618) App info kafka.consumer for consumer-Consumer-topic-36ff25f9_8d70_4ec2_951a_c3e19475af99-3 unregistered
2025-08-13 16:43:21,319 INFO  [io.api.tes.uti.TestSeparator] (main) io.apicurio.tests.serdes.apicurio.AvroSerdeIT.testAvroJSON-FINISHED
2025-08-13 16:43:21,319 INFO  [io.api.tes.uti.TestSeparator] (main) ############################################################################
Test passed: testAvroJSON
]]></system-out>
  </testcase>
  <testcase name="testTopicIdStrategyAutoRegister" classname="io.apicurio.tests.serdes.apicurio.AvroSerdeIT" time="3.839">
    <system-out><![CDATA[2025-08-13 16:43:21,322 INFO  [io.api.tes.uti.TestSeparator] (main) ############################################################################
2025-08-13 16:43:21,323 INFO  [io.api.tes.uti.TestSeparator] (main) io.apicurio.tests.serdes.apicurio.AvroSerdeIT.testTopicIdStrategyAutoRegister-STARTED
**** Registry Base URL: http://registry-app-pg17.apps.ci419.apicurio-testing.org:80
2025-08-13 16:43:21,327 INFO  [org.apa.kaf.cli.pro.ProducerConfig] (main) ProducerConfig values: 
	acks = -1
	auto.include.jmx.reporter = true
	batch.size = 16384
	bootstrap.servers = [PLAINTEXT://localhost:32769]
	buffer.memory = 33554432
	client.dns.lookup = use_all_dns_ips
	client.id = Producer-topic-effb0637_8c6d_41d8_bbff_ff7a33f8a002
	compression.gzip.level = -1
	compression.lz4.level = 9
	compression.type = none
	compression.zstd.level = 3
	connections.max.idle.ms = 10000
	delivery.timeout.ms = 120000
	enable.idempotence = true
	enable.metrics.push = true
	interceptor.classes = []
	key.serializer = class org.apache.kafka.common.serialization.StringSerializer
	linger.ms = 0
	max.block.ms = 60000
	max.in.flight.requests.per.connection = 5
	max.request.size = 1048576
	metadata.max.age.ms = 300000
	metadata.max.idle.ms = 300000
	metadata.recovery.strategy = none
	metric.reporters = []
	metrics.num.samples = 2
	metrics.recording.level = INFO
	metrics.sample.window.ms = 30000
	partitioner.adaptive.partitioning.enable = true
	partitioner.availability.timeout.ms = 0
	partitioner.class = null
	partitioner.ignore.keys = false
	receive.buffer.bytes = 32768
	reconnect.backoff.max.ms = 1000
	reconnect.backoff.ms = 50
	request.timeout.ms = 5000
	retries = 2147483647
	retry.backoff.max.ms = 1000
	retry.backoff.ms = 100
	sasl.client.callback.handler.class = null
	sasl.jaas.config = null
	sasl.kerberos.kinit.cmd = /usr/bin/kinit
	sasl.kerberos.min.time.before.relogin = 60000
	sasl.kerberos.service.name = null
	sasl.kerberos.ticket.renew.jitter = 0.05
	sasl.kerberos.ticket.renew.window.factor = 0.8
	sasl.login.callback.handler.class = null
	sasl.login.class = null
	sasl.login.connect.timeout.ms = null
	sasl.login.read.timeout.ms = null
	sasl.login.refresh.buffer.seconds = 300
	sasl.login.refresh.min.period.seconds = 60
	sasl.login.refresh.window.factor = 0.8
	sasl.login.refresh.window.jitter = 0.05
	sasl.login.retry.backoff.max.ms = 10000
	sasl.login.retry.backoff.ms = 100
	sasl.mechanism = GSSAPI
	sasl.oauthbearer.clock.skew.seconds = 30
	sasl.oauthbearer.expected.audience = null
	sasl.oauthbearer.expected.issuer = null
	sasl.oauthbearer.header.urlencode = false
	sasl.oauthbearer.jwks.endpoint.refresh.ms = 3600000
	sasl.oauthbearer.jwks.endpoint.retry.backoff.max.ms = 10000
	sasl.oauthbearer.jwks.endpoint.retry.backoff.ms = 100
	sasl.oauthbearer.jwks.endpoint.url = null
	sasl.oauthbearer.scope.claim.name = scope
	sasl.oauthbearer.sub.claim.name = sub
	sasl.oauthbearer.token.endpoint.url = null
	security.protocol = PLAINTEXT
	security.providers = null
	send.buffer.bytes = 131072
	socket.connection.setup.timeout.max.ms = 30000
	socket.connection.setup.timeout.ms = 10000
	ssl.cipher.suites = null
	ssl.enabled.protocols = [TLSv1.2, TLSv1.3]
	ssl.endpoint.identification.algorithm = https
	ssl.engine.factory.class = null
	ssl.key.password = null
	ssl.keymanager.algorithm = SunX509
	ssl.keystore.certificate.chain = null
	ssl.keystore.key = null
	ssl.keystore.location = null
	ssl.keystore.password = null
	ssl.keystore.type = JKS
	ssl.protocol = TLSv1.3
	ssl.provider = null
	ssl.secure.random.implementation = null
	ssl.trustmanager.algorithm = PKIX
	ssl.truststore.certificates = null
	ssl.truststore.location = null
	ssl.truststore.password = null
	ssl.truststore.type = JKS
	transaction.timeout.ms = 60000
	transactional.id = null
	value.serializer = class io.apicurio.registry.serde.avro.AvroKafkaSerializer

2025-08-13 16:43:21,327 INFO  [org.apa.kaf.com.tel.int.KafkaMetricsCollector] (main) initializing Kafka metrics collector
2025-08-13 16:43:21,333 INFO  [org.apa.kaf.cli.pro.KafkaProducer] (main) [Producer clientId=Producer-topic-effb0637_8c6d_41d8_bbff_ff7a33f8a002] Instantiated an idempotent producer.
2025-08-13 16:43:21,338 INFO  [org.apa.kaf.cli.pro.ProducerConfig] (main) These configurations '[apicurio.registry.url, apicurio.registry.auto-register, apicurio.registry.artifact-resolver-strategy]' were supplied but are not used yet.
2025-08-13 16:43:21,338 INFO  [org.apa.kaf.com.uti.AppInfoParser] (main) Kafka version: 3.9.1
2025-08-13 16:43:21,338 INFO  [org.apa.kaf.com.uti.AppInfoParser] (main) Kafka commitId: f745dfdcee2b9851
2025-08-13 16:43:21,338 INFO  [org.apa.kaf.com.uti.AppInfoParser] (main) Kafka startTimeMs: 1755103401338
2025-08-13 16:43:21,338 INFO  [io.api.tes.ser.api.SimpleSerdesTesterBuilder$SimpleSerdesTester] (main) Using producer configuration: {apicurio.registry.url=http://registry-app-pg17.apps.ci419.apicurio-testing.org:80/apis/registry/v3, apicurio.registry.auto-register=true, apicurio.registry.artifact-resolver-strategy=io.apicurio.registry.serde.strategy.TopicIdStrategy, value.serializer=io.apicurio.registry.serde.avro.AvroKafkaSerializer, request.timeout.ms=5000, acks=all, bootstrap.servers=PLAINTEXT://localhost:32769, connections.max.idle.ms=10000, key.serializer=org.apache.kafka.common.serialization.StringSerializer, client.id=Producer-topic-effb0637_8c6d_41d8_bbff_ff7a33f8a002}
2025-08-13 16:43:21,339 INFO  [io.api.tes.ser.api.SimpleSerdesTesterBuilder$SimpleSerdesTester] (main) Using consumer configuration: {}
2025-08-13 16:43:21,340 INFO  [io.api.tes.ser.api.KafkaSerdesTester] (Thread-621) Sending message {"key11755103401323": "value-0"} to topic topic-effb0637_8c6d_41d8_bbff_ff7a33f8a002
2025-08-13 16:43:21,346 WARN  [org.apa.kaf.cli.NetworkClient] (kafka-producer-network-thread | Producer-topic-effb0637_8c6d_41d8_bbff_ff7a33f8a002) [Producer clientId=Producer-topic-effb0637_8c6d_41d8_bbff_ff7a33f8a002] The metadata response from the cluster reported a recoverable issue with correlation id 1 : {topic-effb0637_8c6d_41d8_bbff_ff7a33f8a002=UNKNOWN_TOPIC_OR_PARTITION}
2025-08-13 16:43:21,346 INFO  [org.apa.kaf.cli.Metadata] (kafka-producer-network-thread | Producer-topic-effb0637_8c6d_41d8_bbff_ff7a33f8a002) [Producer clientId=Producer-topic-effb0637_8c6d_41d8_bbff_ff7a33f8a002] Cluster ID: gmKMEoHzQ-qMHyrxO3JTXw
2025-08-13 16:43:21,347 INFO  [org.apa.kaf.cli.pro.int.TransactionManager] (kafka-producer-network-thread | Producer-topic-effb0637_8c6d_41d8_bbff_ff7a33f8a002) [Producer clientId=Producer-topic-effb0637_8c6d_41d8_bbff_ff7a33f8a002] ProducerId set to 4 with epoch 0
2025-08-13 16:43:21,498 INFO  [io.api.tes.ser.api.KafkaSerdesTester] (Thread-621) Sending message {"key11755103401323": "value-1"} to topic topic-effb0637_8c6d_41d8_bbff_ff7a33f8a002
2025-08-13 16:43:21,500 INFO  [io.api.tes.ser.api.KafkaSerdesTester] (Thread-621) Sending message {"key11755103401323": "value-2"} to topic topic-effb0637_8c6d_41d8_bbff_ff7a33f8a002
2025-08-13 16:43:21,508 INFO  [io.api.tes.ser.api.KafkaSerdesTester] (Thread-621) Sending message {"key11755103401323": "value-3"} to topic topic-effb0637_8c6d_41d8_bbff_ff7a33f8a002
2025-08-13 16:43:21,510 INFO  [io.api.tes.ser.api.KafkaSerdesTester] (Thread-621) Sending message {"key11755103401323": "value-4"} to topic topic-effb0637_8c6d_41d8_bbff_ff7a33f8a002
2025-08-13 16:43:21,513 INFO  [io.api.tes.ser.api.KafkaSerdesTester] (Thread-621) Sending message {"key11755103401323": "value-5"} to topic topic-effb0637_8c6d_41d8_bbff_ff7a33f8a002
2025-08-13 16:43:21,515 INFO  [io.api.tes.ser.api.KafkaSerdesTester] (Thread-621) Sending message {"key11755103401323": "value-6"} to topic topic-effb0637_8c6d_41d8_bbff_ff7a33f8a002
2025-08-13 16:43:21,520 INFO  [io.api.tes.ser.api.KafkaSerdesTester] (Thread-621) Sending message {"key11755103401323": "value-7"} to topic topic-effb0637_8c6d_41d8_bbff_ff7a33f8a002
2025-08-13 16:43:21,522 INFO  [io.api.tes.ser.api.KafkaSerdesTester] (Thread-621) Sending message {"key11755103401323": "value-8"} to topic topic-effb0637_8c6d_41d8_bbff_ff7a33f8a002
2025-08-13 16:43:21,524 INFO  [io.api.tes.ser.api.KafkaSerdesTester] (Thread-621) Sending message {"key11755103401323": "value-9"} to topic topic-effb0637_8c6d_41d8_bbff_ff7a33f8a002
2025-08-13 16:43:21,533 INFO  [io.api.tes.ser.api.KafkaSerdesTester] (Thread-621) Produced 10 messages
2025-08-13 16:43:21,533 INFO  [org.apa.kaf.cli.pro.KafkaProducer] (Thread-621) [Producer clientId=Producer-topic-effb0637_8c6d_41d8_bbff_ff7a33f8a002] Closing the Kafka producer with timeoutMillis = 9223372036854775807 ms.
2025-08-13 16:43:21,539 INFO  [org.apa.kaf.com.met.Metrics] (Thread-621) Metrics scheduler closed
2025-08-13 16:43:21,539 INFO  [org.apa.kaf.com.met.Metrics] (Thread-621) Closing reporter org.apache.kafka.common.metrics.JmxReporter
2025-08-13 16:43:21,539 INFO  [org.apa.kaf.com.met.Metrics] (Thread-621) Closing reporter org.apache.kafka.common.telemetry.internals.ClientTelemetryReporter
2025-08-13 16:43:21,539 INFO  [org.apa.kaf.com.met.Metrics] (Thread-621) Metrics reporters closed
2025-08-13 16:43:21,540 INFO  [org.apa.kaf.com.uti.AppInfoParser] (Thread-621) App info kafka.producer for Producer-topic-effb0637_8c6d_41d8_bbff_ff7a33f8a002 unregistered
**** Registry Base URL: http://registry-app-pg17.apps.ci419.apicurio-testing.org:80
2025-08-13 16:43:21,563 INFO  [org.apa.kaf.cli.con.ConsumerConfig] (main) ConsumerConfig values: 
	allow.auto.create.topics = true
	auto.commit.interval.ms = 500
	auto.include.jmx.reporter = true
	auto.offset.reset = earliest
	bootstrap.servers = [PLAINTEXT://localhost:32769]
	check.crcs = true
	client.dns.lookup = use_all_dns_ips
	client.id = consumer-Consumer-topic-effb0637_8c6d_41d8_bbff_ff7a33f8a002-4
	client.rack = 
	connections.max.idle.ms = 10000
	default.api.timeout.ms = 60000
	enable.auto.commit = true
	enable.metrics.push = true
	exclude.internal.topics = true
	fetch.max.bytes = 52428800
	fetch.max.wait.ms = 500
	fetch.min.bytes = 1
	group.id = Consumer-topic-effb0637_8c6d_41d8_bbff_ff7a33f8a002
	group.instance.id = null
	group.protocol = classic
	group.remote.assignor = null
	heartbeat.interval.ms = 3000
	interceptor.classes = []
	internal.leave.group.on.close = true
	internal.throw.on.fetch.stable.offset.unsupported = false
	isolation.level = read_uncommitted
	key.deserializer = class org.apache.kafka.common.serialization.StringDeserializer
	max.partition.fetch.bytes = 1048576
	max.poll.interval.ms = 300000
	max.poll.records = 500
	metadata.max.age.ms = 300000
	metadata.recovery.strategy = none
	metric.reporters = []
	metrics.num.samples = 2
	metrics.recording.level = INFO
	metrics.sample.window.ms = 30000
	partition.assignment.strategy = [class org.apache.kafka.clients.consumer.RangeAssignor, class org.apache.kafka.clients.consumer.CooperativeStickyAssignor]
	receive.buffer.bytes = 65536
	reconnect.backoff.max.ms = 1000
	reconnect.backoff.ms = 50
	request.timeout.ms = 5000
	retry.backoff.max.ms = 1000
	retry.backoff.ms = 100
	sasl.client.callback.handler.class = null
	sasl.jaas.config = null
	sasl.kerberos.kinit.cmd = /usr/bin/kinit
	sasl.kerberos.min.time.before.relogin = 60000
	sasl.kerberos.service.name = null
	sasl.kerberos.ticket.renew.jitter = 0.05
	sasl.kerberos.ticket.renew.window.factor = 0.8
	sasl.login.callback.handler.class = null
	sasl.login.class = null
	sasl.login.connect.timeout.ms = null
	sasl.login.read.timeout.ms = null
	sasl.login.refresh.buffer.seconds = 300
	sasl.login.refresh.min.period.seconds = 60
	sasl.login.refresh.window.factor = 0.8
	sasl.login.refresh.window.jitter = 0.05
	sasl.login.retry.backoff.max.ms = 10000
	sasl.login.retry.backoff.ms = 100
	sasl.mechanism = GSSAPI
	sasl.oauthbearer.clock.skew.seconds = 30
	sasl.oauthbearer.expected.audience = null
	sasl.oauthbearer.expected.issuer = null
	sasl.oauthbearer.header.urlencode = false
	sasl.oauthbearer.jwks.endpoint.refresh.ms = 3600000
	sasl.oauthbearer.jwks.endpoint.retry.backoff.max.ms = 10000
	sasl.oauthbearer.jwks.endpoint.retry.backoff.ms = 100
	sasl.oauthbearer.jwks.endpoint.url = null
	sasl.oauthbearer.scope.claim.name = scope
	sasl.oauthbearer.sub.claim.name = sub
	sasl.oauthbearer.token.endpoint.url = null
	security.protocol = PLAINTEXT
	security.providers = null
	send.buffer.bytes = 131072
	session.timeout.ms = 45000
	socket.connection.setup.timeout.max.ms = 30000
	socket.connection.setup.timeout.ms = 10000
	ssl.cipher.suites = null
	ssl.enabled.protocols = [TLSv1.2, TLSv1.3]
	ssl.endpoint.identification.algorithm = https
	ssl.engine.factory.class = null
	ssl.key.password = null
	ssl.keymanager.algorithm = SunX509
	ssl.keystore.certificate.chain = null
	ssl.keystore.key = null
	ssl.keystore.location = null
	ssl.keystore.password = null
	ssl.keystore.type = JKS
	ssl.protocol = TLSv1.3
	ssl.provider = null
	ssl.secure.random.implementation = null
	ssl.trustmanager.algorithm = PKIX
	ssl.truststore.certificates = null
	ssl.truststore.location = null
	ssl.truststore.password = null
	ssl.truststore.type = JKS
	value.deserializer = class io.apicurio.registry.serde.avro.AvroKafkaDeserializer

2025-08-13 16:43:21,563 INFO  [org.apa.kaf.com.tel.int.KafkaMetricsCollector] (main) initializing Kafka metrics collector
2025-08-13 16:43:21,569 INFO  [org.apa.kaf.cli.con.ConsumerConfig] (main) These configurations '[apicurio.registry.url]' were supplied but are not used yet.
2025-08-13 16:43:21,569 INFO  [org.apa.kaf.com.uti.AppInfoParser] (main) Kafka version: 3.9.1
2025-08-13 16:43:21,569 INFO  [org.apa.kaf.com.uti.AppInfoParser] (main) Kafka commitId: f745dfdcee2b9851
2025-08-13 16:43:21,569 INFO  [org.apa.kaf.com.uti.AppInfoParser] (main) Kafka startTimeMs: 1755103401569
2025-08-13 16:43:21,570 INFO  [org.apa.kaf.cli.con.int.ClassicKafkaConsumer] (Thread-624) [Consumer clientId=consumer-Consumer-topic-effb0637_8c6d_41d8_bbff_ff7a33f8a002-4, groupId=Consumer-topic-effb0637_8c6d_41d8_bbff_ff7a33f8a002] Subscribed to topic(s): topic-effb0637_8c6d_41d8_bbff_ff7a33f8a002
2025-08-13 16:43:21,579 INFO  [org.apa.kaf.cli.Metadata] (Thread-624) [Consumer clientId=consumer-Consumer-topic-effb0637_8c6d_41d8_bbff_ff7a33f8a002-4, groupId=Consumer-topic-effb0637_8c6d_41d8_bbff_ff7a33f8a002] Cluster ID: gmKMEoHzQ-qMHyrxO3JTXw
2025-08-13 16:43:21,580 INFO  [org.apa.kaf.cli.con.int.ConsumerCoordinator] (Thread-624) [Consumer clientId=consumer-Consumer-topic-effb0637_8c6d_41d8_bbff_ff7a33f8a002-4, groupId=Consumer-topic-effb0637_8c6d_41d8_bbff_ff7a33f8a002] Discovered group coordinator localhost:32769 (id: 2147483647 rack: null)
2025-08-13 16:43:21,582 INFO  [org.apa.kaf.cli.con.int.ConsumerCoordinator] (Thread-624) [Consumer clientId=consumer-Consumer-topic-effb0637_8c6d_41d8_bbff_ff7a33f8a002-4, groupId=Consumer-topic-effb0637_8c6d_41d8_bbff_ff7a33f8a002] (Re-)joining group
2025-08-13 16:43:21,586 INFO  [org.apa.kaf.cli.con.int.ConsumerCoordinator] (Thread-624) [Consumer clientId=consumer-Consumer-topic-effb0637_8c6d_41d8_bbff_ff7a33f8a002-4, groupId=Consumer-topic-effb0637_8c6d_41d8_bbff_ff7a33f8a002] Request joining group due to: need to re-join with the given member-id: consumer-Consumer-topic-effb0637_8c6d_41d8_bbff_ff7a33f8a002-4-c10fa2f0-43bd-4e26-aebc-c7138ad36547
2025-08-13 16:43:21,586 INFO  [org.apa.kaf.cli.con.int.ConsumerCoordinator] (Thread-624) [Consumer clientId=consumer-Consumer-topic-effb0637_8c6d_41d8_bbff_ff7a33f8a002-4, groupId=Consumer-topic-effb0637_8c6d_41d8_bbff_ff7a33f8a002] (Re-)joining group
2025-08-13 16:43:22,570 INFO  [io.api.tes.ser.api.KafkaSerdesTester] (Thread-624) None found
2025-08-13 16:43:23,570 INFO  [io.api.tes.ser.api.KafkaSerdesTester] (Thread-624) None found
2025-08-13 16:43:24,571 INFO  [io.api.tes.ser.api.KafkaSerdesTester] (Thread-624) None found
2025-08-13 16:43:24,588 INFO  [org.apa.kaf.cli.con.int.ConsumerCoordinator] (Thread-624) [Consumer clientId=consumer-Consumer-topic-effb0637_8c6d_41d8_bbff_ff7a33f8a002-4, groupId=Consumer-topic-effb0637_8c6d_41d8_bbff_ff7a33f8a002] Successfully joined group with generation Generation{generationId=1, memberId='consumer-Consumer-topic-effb0637_8c6d_41d8_bbff_ff7a33f8a002-4-c10fa2f0-43bd-4e26-aebc-c7138ad36547', protocol='range'}
2025-08-13 16:43:24,588 INFO  [org.apa.kaf.cli.con.int.ConsumerCoordinator] (Thread-624) [Consumer clientId=consumer-Consumer-topic-effb0637_8c6d_41d8_bbff_ff7a33f8a002-4, groupId=Consumer-topic-effb0637_8c6d_41d8_bbff_ff7a33f8a002] Finished assignment for group at generation 1: {consumer-Consumer-topic-effb0637_8c6d_41d8_bbff_ff7a33f8a002-4-c10fa2f0-43bd-4e26-aebc-c7138ad36547=Assignment(partitions=[topic-effb0637_8c6d_41d8_bbff_ff7a33f8a002-0])}
2025-08-13 16:43:24,596 INFO  [org.apa.kaf.cli.con.int.ConsumerCoordinator] (Thread-624) [Consumer clientId=consumer-Consumer-topic-effb0637_8c6d_41d8_bbff_ff7a33f8a002-4, groupId=Consumer-topic-effb0637_8c6d_41d8_bbff_ff7a33f8a002] Successfully synced group in generation Generation{generationId=1, memberId='consumer-Consumer-topic-effb0637_8c6d_41d8_bbff_ff7a33f8a002-4-c10fa2f0-43bd-4e26-aebc-c7138ad36547', protocol='range'}
2025-08-13 16:43:24,596 INFO  [org.apa.kaf.cli.con.int.ConsumerCoordinator] (Thread-624) [Consumer clientId=consumer-Consumer-topic-effb0637_8c6d_41d8_bbff_ff7a33f8a002-4, groupId=Consumer-topic-effb0637_8c6d_41d8_bbff_ff7a33f8a002] Notifying assignor about the new Assignment(partitions=[topic-effb0637_8c6d_41d8_bbff_ff7a33f8a002-0])
2025-08-13 16:43:24,596 INFO  [org.apa.kaf.cli.con.int.ConsumerRebalanceListenerInvoker] (Thread-624) [Consumer clientId=consumer-Consumer-topic-effb0637_8c6d_41d8_bbff_ff7a33f8a002-4, groupId=Consumer-topic-effb0637_8c6d_41d8_bbff_ff7a33f8a002] Adding newly assigned partitions: topic-effb0637_8c6d_41d8_bbff_ff7a33f8a002-0
2025-08-13 16:43:24,597 INFO  [org.apa.kaf.cli.con.int.ConsumerCoordinator] (Thread-624) [Consumer clientId=consumer-Consumer-topic-effb0637_8c6d_41d8_bbff_ff7a33f8a002-4, groupId=Consumer-topic-effb0637_8c6d_41d8_bbff_ff7a33f8a002] Found no committed offset for partition topic-effb0637_8c6d_41d8_bbff_ff7a33f8a002-0
2025-08-13 16:43:24,603 INFO  [org.apa.kaf.cli.con.int.SubscriptionState] (Thread-624) [Consumer clientId=consumer-Consumer-topic-effb0637_8c6d_41d8_bbff_ff7a33f8a002-4, groupId=Consumer-topic-effb0637_8c6d_41d8_bbff_ff7a33f8a002] Resetting offset for partition topic-effb0637_8c6d_41d8_bbff_ff7a33f8a002-0 to position FetchPosition{offset=0, offsetEpoch=Optional.empty, currentLeader=LeaderAndEpoch{leader=Optional[localhost:32769 (id: 0 rack: null)], epoch=0}}.
2025-08-13 16:43:24,631 INFO  [io.api.tes.ser.api.KafkaSerdesTester] (Thread-624) topic-effb0637_8c6d_41d8_bbff_ff7a33f8a002 0 0 {"key11755103401323": "value-0"}
2025-08-13 16:43:24,631 INFO  [io.api.tes.ser.api.KafkaSerdesTester] (Thread-624) topic-effb0637_8c6d_41d8_bbff_ff7a33f8a002 0 1 {"key11755103401323": "value-1"}
2025-08-13 16:43:24,631 INFO  [io.api.tes.ser.api.KafkaSerdesTester] (Thread-624) topic-effb0637_8c6d_41d8_bbff_ff7a33f8a002 0 2 {"key11755103401323": "value-2"}
2025-08-13 16:43:24,631 INFO  [io.api.tes.ser.api.KafkaSerdesTester] (Thread-624) topic-effb0637_8c6d_41d8_bbff_ff7a33f8a002 0 3 {"key11755103401323": "value-3"}
2025-08-13 16:43:24,632 INFO  [io.api.tes.ser.api.KafkaSerdesTester] (Thread-624) topic-effb0637_8c6d_41d8_bbff_ff7a33f8a002 0 4 {"key11755103401323": "value-4"}
2025-08-13 16:43:24,633 INFO  [io.api.tes.ser.api.KafkaSerdesTester] (Thread-624) topic-effb0637_8c6d_41d8_bbff_ff7a33f8a002 0 5 {"key11755103401323": "value-5"}
2025-08-13 16:43:24,633 INFO  [io.api.tes.ser.api.KafkaSerdesTester] (Thread-624) topic-effb0637_8c6d_41d8_bbff_ff7a33f8a002 0 6 {"key11755103401323": "value-6"}
2025-08-13 16:43:24,633 INFO  [io.api.tes.ser.api.KafkaSerdesTester] (Thread-624) topic-effb0637_8c6d_41d8_bbff_ff7a33f8a002 0 7 {"key11755103401323": "value-7"}
2025-08-13 16:43:24,633 INFO  [io.api.tes.ser.api.KafkaSerdesTester] (Thread-624) topic-effb0637_8c6d_41d8_bbff_ff7a33f8a002 0 8 {"key11755103401323": "value-8"}
2025-08-13 16:43:24,634 INFO  [io.api.tes.ser.api.KafkaSerdesTester] (Thread-624) topic-effb0637_8c6d_41d8_bbff_ff7a33f8a002 0 9 {"key11755103401323": "value-9"}
2025-08-13 16:43:24,634 INFO  [io.api.tes.ser.api.KafkaSerdesTester] (Thread-624) Consumed 10 messages
2025-08-13 16:43:24,642 INFO  [org.apa.kaf.cli.con.int.ConsumerRebalanceListenerInvoker] (Thread-624) [Consumer clientId=consumer-Consumer-topic-effb0637_8c6d_41d8_bbff_ff7a33f8a002-4, groupId=Consumer-topic-effb0637_8c6d_41d8_bbff_ff7a33f8a002] Revoke previously assigned partitions topic-effb0637_8c6d_41d8_bbff_ff7a33f8a002-0
2025-08-13 16:43:24,642 INFO  [org.apa.kaf.cli.con.int.ConsumerCoordinator] (Thread-624) [Consumer clientId=consumer-Consumer-topic-effb0637_8c6d_41d8_bbff_ff7a33f8a002-4, groupId=Consumer-topic-effb0637_8c6d_41d8_bbff_ff7a33f8a002] Member consumer-Consumer-topic-effb0637_8c6d_41d8_bbff_ff7a33f8a002-4-c10fa2f0-43bd-4e26-aebc-c7138ad36547 sending LeaveGroup request to coordinator localhost:32769 (id: 2147483647 rack: null) due to the consumer is being closed
2025-08-13 16:43:24,642 INFO  [org.apa.kaf.cli.con.int.ConsumerCoordinator] (Thread-624) [Consumer clientId=consumer-Consumer-topic-effb0637_8c6d_41d8_bbff_ff7a33f8a002-4, groupId=Consumer-topic-effb0637_8c6d_41d8_bbff_ff7a33f8a002] Resetting generation and member id due to: consumer pro-actively leaving the group
2025-08-13 16:43:24,642 INFO  [org.apa.kaf.cli.con.int.ConsumerCoordinator] (Thread-624) [Consumer clientId=consumer-Consumer-topic-effb0637_8c6d_41d8_bbff_ff7a33f8a002-4, groupId=Consumer-topic-effb0637_8c6d_41d8_bbff_ff7a33f8a002] Request joining group due to: consumer pro-actively leaving the group
2025-08-13 16:43:25,135 INFO  [org.apa.kaf.com.met.Metrics] (Thread-624) Metrics scheduler closed
2025-08-13 16:43:25,135 INFO  [org.apa.kaf.com.met.Metrics] (Thread-624) Closing reporter org.apache.kafka.common.metrics.JmxReporter
2025-08-13 16:43:25,135 INFO  [org.apa.kaf.com.met.Metrics] (Thread-624) Closing reporter org.apache.kafka.common.telemetry.internals.ClientTelemetryReporter
2025-08-13 16:43:25,136 INFO  [org.apa.kaf.com.met.Metrics] (Thread-624) Metrics reporters closed
2025-08-13 16:43:25,138 INFO  [org.apa.kaf.com.uti.AppInfoParser] (Thread-624) App info kafka.consumer for consumer-Consumer-topic-effb0637_8c6d_41d8_bbff_ff7a33f8a002-4 unregistered
2025-08-13 16:43:25,159 INFO  [io.api.tes.uti.TestSeparator] (main) io.apicurio.tests.serdes.apicurio.AvroSerdeIT.testTopicIdStrategyAutoRegister-FINISHED
2025-08-13 16:43:25,159 INFO  [io.api.tes.uti.TestSeparator] (main) ############################################################################
Test passed: testTopicIdStrategyAutoRegister
]]></system-out>
  </testcase>
  <testcase name="testRecordIdStrategydFindLatest" classname="io.apicurio.tests.serdes.apicurio.AvroSerdeIT" time="4.709">
    <system-out><![CDATA[2025-08-13 16:43:25,160 INFO  [io.api.tes.uti.TestSeparator] (main) ############################################################################
2025-08-13 16:43:25,160 INFO  [io.api.tes.uti.TestSeparator] (main) io.apicurio.tests.serdes.apicurio.AvroSerdeIT.testRecordIdStrategydFindLatest-STARTED
2025-08-13 16:43:25,161 INFO  [io.api.tes.ser.api.AvroSerdeIT] (main) Registering Avro Schema: {"type":"record","name":"s5c172491xf195x42afxb717xced1968b931b","namespace":"s55951fbdxf2e1x4f5bxab37xc8b83a906b79","fields":[{"name":"key11755103405161","type":"string"}]}
**** Registry Base URL: http://registry-app-pg17.apps.ci419.apicurio-testing.org:80
2025-08-13 16:43:26,199 INFO  [org.apa.kaf.cli.pro.ProducerConfig] (main) ProducerConfig values: 
	acks = -1
	auto.include.jmx.reporter = true
	batch.size = 16384
	bootstrap.servers = [PLAINTEXT://localhost:32769]
	buffer.memory = 33554432
	client.dns.lookup = use_all_dns_ips
	client.id = Producer-topic-baa3d939_1b36_4acb_8bdc_dcd25a030ca1
	compression.gzip.level = -1
	compression.lz4.level = 9
	compression.type = none
	compression.zstd.level = 3
	connections.max.idle.ms = 10000
	delivery.timeout.ms = 120000
	enable.idempotence = true
	enable.metrics.push = true
	interceptor.classes = []
	key.serializer = class org.apache.kafka.common.serialization.StringSerializer
	linger.ms = 0
	max.block.ms = 60000
	max.in.flight.requests.per.connection = 5
	max.request.size = 1048576
	metadata.max.age.ms = 300000
	metadata.max.idle.ms = 300000
	metadata.recovery.strategy = none
	metric.reporters = []
	metrics.num.samples = 2
	metrics.recording.level = INFO
	metrics.sample.window.ms = 30000
	partitioner.adaptive.partitioning.enable = true
	partitioner.availability.timeout.ms = 0
	partitioner.class = null
	partitioner.ignore.keys = false
	receive.buffer.bytes = 32768
	reconnect.backoff.max.ms = 1000
	reconnect.backoff.ms = 50
	request.timeout.ms = 5000
	retries = 2147483647
	retry.backoff.max.ms = 1000
	retry.backoff.ms = 100
	sasl.client.callback.handler.class = null
	sasl.jaas.config = null
	sasl.kerberos.kinit.cmd = /usr/bin/kinit
	sasl.kerberos.min.time.before.relogin = 60000
	sasl.kerberos.service.name = null
	sasl.kerberos.ticket.renew.jitter = 0.05
	sasl.kerberos.ticket.renew.window.factor = 0.8
	sasl.login.callback.handler.class = null
	sasl.login.class = null
	sasl.login.connect.timeout.ms = null
	sasl.login.read.timeout.ms = null
	sasl.login.refresh.buffer.seconds = 300
	sasl.login.refresh.min.period.seconds = 60
	sasl.login.refresh.window.factor = 0.8
	sasl.login.refresh.window.jitter = 0.05
	sasl.login.retry.backoff.max.ms = 10000
	sasl.login.retry.backoff.ms = 100
	sasl.mechanism = GSSAPI
	sasl.oauthbearer.clock.skew.seconds = 30
	sasl.oauthbearer.expected.audience = null
	sasl.oauthbearer.expected.issuer = null
	sasl.oauthbearer.header.urlencode = false
	sasl.oauthbearer.jwks.endpoint.refresh.ms = 3600000
	sasl.oauthbearer.jwks.endpoint.retry.backoff.max.ms = 10000
	sasl.oauthbearer.jwks.endpoint.retry.backoff.ms = 100
	sasl.oauthbearer.jwks.endpoint.url = null
	sasl.oauthbearer.scope.claim.name = scope
	sasl.oauthbearer.sub.claim.name = sub
	sasl.oauthbearer.token.endpoint.url = null
	security.protocol = PLAINTEXT
	security.providers = null
	send.buffer.bytes = 131072
	socket.connection.setup.timeout.max.ms = 30000
	socket.connection.setup.timeout.ms = 10000
	ssl.cipher.suites = null
	ssl.enabled.protocols = [TLSv1.2, TLSv1.3]
	ssl.endpoint.identification.algorithm = https
	ssl.engine.factory.class = null
	ssl.key.password = null
	ssl.keymanager.algorithm = SunX509
	ssl.keystore.certificate.chain = null
	ssl.keystore.key = null
	ssl.keystore.location = null
	ssl.keystore.password = null
	ssl.keystore.type = JKS
	ssl.protocol = TLSv1.3
	ssl.provider = null
	ssl.secure.random.implementation = null
	ssl.trustmanager.algorithm = PKIX
	ssl.truststore.certificates = null
	ssl.truststore.location = null
	ssl.truststore.password = null
	ssl.truststore.type = JKS
	transaction.timeout.ms = 60000
	transactional.id = null
	value.serializer = class io.apicurio.registry.serde.avro.AvroKafkaSerializer

2025-08-13 16:43:26,199 INFO  [org.apa.kaf.com.tel.int.KafkaMetricsCollector] (main) initializing Kafka metrics collector
2025-08-13 16:43:26,203 INFO  [org.apa.kaf.cli.pro.KafkaProducer] (main) [Producer clientId=Producer-topic-baa3d939_1b36_4acb_8bdc_dcd25a030ca1] Instantiated an idempotent producer.
2025-08-13 16:43:26,205 INFO  [org.apa.kaf.cli.pro.ProducerConfig] (main) These configurations '[apicurio.registry.find-latest, apicurio.registry.url, apicurio.registry.artifact-resolver-strategy]' were supplied but are not used yet.
2025-08-13 16:43:26,206 INFO  [org.apa.kaf.com.uti.AppInfoParser] (main) Kafka version: 3.9.1
2025-08-13 16:43:26,206 INFO  [org.apa.kaf.com.uti.AppInfoParser] (main) Kafka commitId: f745dfdcee2b9851
2025-08-13 16:43:26,206 INFO  [org.apa.kaf.com.uti.AppInfoParser] (main) Kafka startTimeMs: 1755103406206
2025-08-13 16:43:26,206 INFO  [io.api.tes.ser.api.SimpleSerdesTesterBuilder$SimpleSerdesTester] (main) Using producer configuration: {apicurio.registry.find-latest=true, apicurio.registry.url=http://registry-app-pg17.apps.ci419.apicurio-testing.org:80/apis/registry/v3, apicurio.registry.artifact-resolver-strategy=io.apicurio.registry.serde.avro.strategy.RecordIdStrategy, value.serializer=io.apicurio.registry.serde.avro.AvroKafkaSerializer, request.timeout.ms=5000, acks=all, bootstrap.servers=PLAINTEXT://localhost:32769, connections.max.idle.ms=10000, key.serializer=org.apache.kafka.common.serialization.StringSerializer, client.id=Producer-topic-baa3d939_1b36_4acb_8bdc_dcd25a030ca1}
2025-08-13 16:43:26,206 INFO  [io.api.tes.ser.api.SimpleSerdesTesterBuilder$SimpleSerdesTester] (main) Using consumer configuration: {}
2025-08-13 16:43:26,208 INFO  [io.api.tes.ser.api.KafkaSerdesTester] (Thread-627) Sending message {"key11755103405161": "value-0"} to topic topic-baa3d939_1b36_4acb_8bdc_dcd25a030ca1
2025-08-13 16:43:26,214 INFO  [org.apa.kaf.cli.Metadata] (kafka-producer-network-thread | Producer-topic-baa3d939_1b36_4acb_8bdc_dcd25a030ca1) [Producer clientId=Producer-topic-baa3d939_1b36_4acb_8bdc_dcd25a030ca1] Cluster ID: gmKMEoHzQ-qMHyrxO3JTXw
2025-08-13 16:43:26,214 INFO  [org.apa.kaf.cli.pro.int.TransactionManager] (kafka-producer-network-thread | Producer-topic-baa3d939_1b36_4acb_8bdc_dcd25a030ca1) [Producer clientId=Producer-topic-baa3d939_1b36_4acb_8bdc_dcd25a030ca1] ProducerId set to 5 with epoch 0
2025-08-13 16:43:26,256 INFO  [io.api.tes.ser.api.KafkaSerdesTester] (Thread-627) Sending message {"key11755103405161": "value-1"} to topic topic-baa3d939_1b36_4acb_8bdc_dcd25a030ca1
2025-08-13 16:43:26,258 INFO  [io.api.tes.ser.api.KafkaSerdesTester] (Thread-627) Sending message {"key11755103405161": "value-2"} to topic topic-baa3d939_1b36_4acb_8bdc_dcd25a030ca1
2025-08-13 16:43:26,260 INFO  [io.api.tes.ser.api.KafkaSerdesTester] (Thread-627) Sending message {"key11755103405161": "value-3"} to topic topic-baa3d939_1b36_4acb_8bdc_dcd25a030ca1
2025-08-13 16:43:26,263 INFO  [io.api.tes.ser.api.KafkaSerdesTester] (Thread-627) Sending message {"key11755103405161": "value-4"} to topic topic-baa3d939_1b36_4acb_8bdc_dcd25a030ca1
2025-08-13 16:43:26,266 INFO  [io.api.tes.ser.api.KafkaSerdesTester] (Thread-627) Sending message {"key11755103405161": "value-5"} to topic topic-baa3d939_1b36_4acb_8bdc_dcd25a030ca1
2025-08-13 16:43:26,269 INFO  [io.api.tes.ser.api.KafkaSerdesTester] (Thread-627) Sending message {"key11755103405161": "value-6"} to topic topic-baa3d939_1b36_4acb_8bdc_dcd25a030ca1
2025-08-13 16:43:26,273 INFO  [io.api.tes.ser.api.KafkaSerdesTester] (Thread-627) Sending message {"key11755103405161": "value-7"} to topic topic-baa3d939_1b36_4acb_8bdc_dcd25a030ca1
2025-08-13 16:43:26,275 INFO  [io.api.tes.ser.api.KafkaSerdesTester] (Thread-627) Sending message {"key11755103405161": "value-8"} to topic topic-baa3d939_1b36_4acb_8bdc_dcd25a030ca1
2025-08-13 16:43:26,277 INFO  [io.api.tes.ser.api.KafkaSerdesTester] (Thread-627) Sending message {"key11755103405161": "value-9"} to topic topic-baa3d939_1b36_4acb_8bdc_dcd25a030ca1
2025-08-13 16:43:26,279 INFO  [io.api.tes.ser.api.KafkaSerdesTester] (Thread-627) Produced 10 messages
2025-08-13 16:43:26,279 INFO  [org.apa.kaf.cli.pro.KafkaProducer] (Thread-627) [Producer clientId=Producer-topic-baa3d939_1b36_4acb_8bdc_dcd25a030ca1] Closing the Kafka producer with timeoutMillis = 9223372036854775807 ms.
2025-08-13 16:43:26,282 INFO  [org.apa.kaf.com.met.Metrics] (Thread-627) Metrics scheduler closed
2025-08-13 16:43:26,282 INFO  [org.apa.kaf.com.met.Metrics] (Thread-627) Closing reporter org.apache.kafka.common.metrics.JmxReporter
2025-08-13 16:43:26,282 INFO  [org.apa.kaf.com.met.Metrics] (Thread-627) Closing reporter org.apache.kafka.common.telemetry.internals.ClientTelemetryReporter
2025-08-13 16:43:26,282 INFO  [org.apa.kaf.com.met.Metrics] (Thread-627) Metrics reporters closed
2025-08-13 16:43:26,283 INFO  [org.apa.kaf.com.uti.AppInfoParser] (Thread-627) App info kafka.producer for Producer-topic-baa3d939_1b36_4acb_8bdc_dcd25a030ca1 unregistered
**** Registry Base URL: http://registry-app-pg17.apps.ci419.apicurio-testing.org:80
2025-08-13 16:43:26,284 INFO  [org.apa.kaf.cli.con.ConsumerConfig] (main) ConsumerConfig values: 
	allow.auto.create.topics = true
	auto.commit.interval.ms = 500
	auto.include.jmx.reporter = true
	auto.offset.reset = earliest
	bootstrap.servers = [PLAINTEXT://localhost:32769]
	check.crcs = true
	client.dns.lookup = use_all_dns_ips
	client.id = consumer-Consumer-topic-baa3d939_1b36_4acb_8bdc_dcd25a030ca1-5
	client.rack = 
	connections.max.idle.ms = 10000
	default.api.timeout.ms = 60000
	enable.auto.commit = true
	enable.metrics.push = true
	exclude.internal.topics = true
	fetch.max.bytes = 52428800
	fetch.max.wait.ms = 500
	fetch.min.bytes = 1
	group.id = Consumer-topic-baa3d939_1b36_4acb_8bdc_dcd25a030ca1
	group.instance.id = null
	group.protocol = classic
	group.remote.assignor = null
	heartbeat.interval.ms = 3000
	interceptor.classes = []
	internal.leave.group.on.close = true
	internal.throw.on.fetch.stable.offset.unsupported = false
	isolation.level = read_uncommitted
	key.deserializer = class org.apache.kafka.common.serialization.StringDeserializer
	max.partition.fetch.bytes = 1048576
	max.poll.interval.ms = 300000
	max.poll.records = 500
	metadata.max.age.ms = 300000
	metadata.recovery.strategy = none
	metric.reporters = []
	metrics.num.samples = 2
	metrics.recording.level = INFO
	metrics.sample.window.ms = 30000
	partition.assignment.strategy = [class org.apache.kafka.clients.consumer.RangeAssignor, class org.apache.kafka.clients.consumer.CooperativeStickyAssignor]
	receive.buffer.bytes = 65536
	reconnect.backoff.max.ms = 1000
	reconnect.backoff.ms = 50
	request.timeout.ms = 5000
	retry.backoff.max.ms = 1000
	retry.backoff.ms = 100
	sasl.client.callback.handler.class = null
	sasl.jaas.config = null
	sasl.kerberos.kinit.cmd = /usr/bin/kinit
	sasl.kerberos.min.time.before.relogin = 60000
	sasl.kerberos.service.name = null
	sasl.kerberos.ticket.renew.jitter = 0.05
	sasl.kerberos.ticket.renew.window.factor = 0.8
	sasl.login.callback.handler.class = null
	sasl.login.class = null
	sasl.login.connect.timeout.ms = null
	sasl.login.read.timeout.ms = null
	sasl.login.refresh.buffer.seconds = 300
	sasl.login.refresh.min.period.seconds = 60
	sasl.login.refresh.window.factor = 0.8
	sasl.login.refresh.window.jitter = 0.05
	sasl.login.retry.backoff.max.ms = 10000
	sasl.login.retry.backoff.ms = 100
	sasl.mechanism = GSSAPI
	sasl.oauthbearer.clock.skew.seconds = 30
	sasl.oauthbearer.expected.audience = null
	sasl.oauthbearer.expected.issuer = null
	sasl.oauthbearer.header.urlencode = false
	sasl.oauthbearer.jwks.endpoint.refresh.ms = 3600000
	sasl.oauthbearer.jwks.endpoint.retry.backoff.max.ms = 10000
	sasl.oauthbearer.jwks.endpoint.retry.backoff.ms = 100
	sasl.oauthbearer.jwks.endpoint.url = null
	sasl.oauthbearer.scope.claim.name = scope
	sasl.oauthbearer.sub.claim.name = sub
	sasl.oauthbearer.token.endpoint.url = null
	security.protocol = PLAINTEXT
	security.providers = null
	send.buffer.bytes = 131072
	session.timeout.ms = 45000
	socket.connection.setup.timeout.max.ms = 30000
	socket.connection.setup.timeout.ms = 10000
	ssl.cipher.suites = null
	ssl.enabled.protocols = [TLSv1.2, TLSv1.3]
	ssl.endpoint.identification.algorithm = https
	ssl.engine.factory.class = null
	ssl.key.password = null
	ssl.keymanager.algorithm = SunX509
	ssl.keystore.certificate.chain = null
	ssl.keystore.key = null
	ssl.keystore.location = null
	ssl.keystore.password = null
	ssl.keystore.type = JKS
	ssl.protocol = TLSv1.3
	ssl.provider = null
	ssl.secure.random.implementation = null
	ssl.trustmanager.algorithm = PKIX
	ssl.truststore.certificates = null
	ssl.truststore.location = null
	ssl.truststore.password = null
	ssl.truststore.type = JKS
	value.deserializer = class io.apicurio.registry.serde.avro.AvroKafkaDeserializer

2025-08-13 16:43:26,284 INFO  [org.apa.kaf.com.tel.int.KafkaMetricsCollector] (main) initializing Kafka metrics collector
2025-08-13 16:43:26,292 INFO  [org.apa.kaf.cli.con.ConsumerConfig] (main) These configurations '[apicurio.registry.url]' were supplied but are not used yet.
2025-08-13 16:43:26,293 INFO  [org.apa.kaf.com.uti.AppInfoParser] (main) Kafka version: 3.9.1
2025-08-13 16:43:26,293 INFO  [org.apa.kaf.com.uti.AppInfoParser] (main) Kafka commitId: f745dfdcee2b9851
2025-08-13 16:43:26,293 INFO  [org.apa.kaf.com.uti.AppInfoParser] (main) Kafka startTimeMs: 1755103406293
2025-08-13 16:43:26,293 INFO  [org.apa.kaf.cli.con.int.ClassicKafkaConsumer] (Thread-630) [Consumer clientId=consumer-Consumer-topic-baa3d939_1b36_4acb_8bdc_dcd25a030ca1-5, groupId=Consumer-topic-baa3d939_1b36_4acb_8bdc_dcd25a030ca1] Subscribed to topic(s): topic-baa3d939_1b36_4acb_8bdc_dcd25a030ca1
2025-08-13 16:43:26,300 INFO  [org.apa.kaf.cli.Metadata] (Thread-630) [Consumer clientId=consumer-Consumer-topic-baa3d939_1b36_4acb_8bdc_dcd25a030ca1-5, groupId=Consumer-topic-baa3d939_1b36_4acb_8bdc_dcd25a030ca1] Cluster ID: gmKMEoHzQ-qMHyrxO3JTXw
2025-08-13 16:43:26,304 INFO  [org.apa.kaf.cli.con.int.ConsumerCoordinator] (Thread-630) [Consumer clientId=consumer-Consumer-topic-baa3d939_1b36_4acb_8bdc_dcd25a030ca1-5, groupId=Consumer-topic-baa3d939_1b36_4acb_8bdc_dcd25a030ca1] Discovered group coordinator localhost:32769 (id: 2147483647 rack: null)
2025-08-13 16:43:26,308 INFO  [org.apa.kaf.cli.con.int.ConsumerCoordinator] (Thread-630) [Consumer clientId=consumer-Consumer-topic-baa3d939_1b36_4acb_8bdc_dcd25a030ca1-5, groupId=Consumer-topic-baa3d939_1b36_4acb_8bdc_dcd25a030ca1] (Re-)joining group
2025-08-13 16:43:26,314 INFO  [org.apa.kaf.cli.con.int.ConsumerCoordinator] (Thread-630) [Consumer clientId=consumer-Consumer-topic-baa3d939_1b36_4acb_8bdc_dcd25a030ca1-5, groupId=Consumer-topic-baa3d939_1b36_4acb_8bdc_dcd25a030ca1] Request joining group due to: need to re-join with the given member-id: consumer-Consumer-topic-baa3d939_1b36_4acb_8bdc_dcd25a030ca1-5-6712ce24-78d0-47d3-b6c7-d3ddeaea20e1
2025-08-13 16:43:26,314 INFO  [org.apa.kaf.cli.con.int.ConsumerCoordinator] (Thread-630) [Consumer clientId=consumer-Consumer-topic-baa3d939_1b36_4acb_8bdc_dcd25a030ca1-5, groupId=Consumer-topic-baa3d939_1b36_4acb_8bdc_dcd25a030ca1] (Re-)joining group
2025-08-13 16:43:27,293 INFO  [io.api.tes.ser.api.KafkaSerdesTester] (Thread-630) None found
2025-08-13 16:43:28,293 INFO  [io.api.tes.ser.api.KafkaSerdesTester] (Thread-630) None found
2025-08-13 16:43:29,293 INFO  [io.api.tes.ser.api.KafkaSerdesTester] (Thread-630) None found
2025-08-13 16:43:29,318 INFO  [org.apa.kaf.cli.con.int.ConsumerCoordinator] (Thread-630) [Consumer clientId=consumer-Consumer-topic-baa3d939_1b36_4acb_8bdc_dcd25a030ca1-5, groupId=Consumer-topic-baa3d939_1b36_4acb_8bdc_dcd25a030ca1] Successfully joined group with generation Generation{generationId=1, memberId='consumer-Consumer-topic-baa3d939_1b36_4acb_8bdc_dcd25a030ca1-5-6712ce24-78d0-47d3-b6c7-d3ddeaea20e1', protocol='range'}
2025-08-13 16:43:29,318 INFO  [org.apa.kaf.cli.con.int.ConsumerCoordinator] (Thread-630) [Consumer clientId=consumer-Consumer-topic-baa3d939_1b36_4acb_8bdc_dcd25a030ca1-5, groupId=Consumer-topic-baa3d939_1b36_4acb_8bdc_dcd25a030ca1] Finished assignment for group at generation 1: {consumer-Consumer-topic-baa3d939_1b36_4acb_8bdc_dcd25a030ca1-5-6712ce24-78d0-47d3-b6c7-d3ddeaea20e1=Assignment(partitions=[topic-baa3d939_1b36_4acb_8bdc_dcd25a030ca1-0])}
2025-08-13 16:43:29,327 INFO  [org.apa.kaf.cli.con.int.ConsumerCoordinator] (Thread-630) [Consumer clientId=consumer-Consumer-topic-baa3d939_1b36_4acb_8bdc_dcd25a030ca1-5, groupId=Consumer-topic-baa3d939_1b36_4acb_8bdc_dcd25a030ca1] Successfully synced group in generation Generation{generationId=1, memberId='consumer-Consumer-topic-baa3d939_1b36_4acb_8bdc_dcd25a030ca1-5-6712ce24-78d0-47d3-b6c7-d3ddeaea20e1', protocol='range'}
2025-08-13 16:43:29,327 INFO  [org.apa.kaf.cli.con.int.ConsumerCoordinator] (Thread-630) [Consumer clientId=consumer-Consumer-topic-baa3d939_1b36_4acb_8bdc_dcd25a030ca1-5, groupId=Consumer-topic-baa3d939_1b36_4acb_8bdc_dcd25a030ca1] Notifying assignor about the new Assignment(partitions=[topic-baa3d939_1b36_4acb_8bdc_dcd25a030ca1-0])
2025-08-13 16:43:29,327 INFO  [org.apa.kaf.cli.con.int.ConsumerRebalanceListenerInvoker] (Thread-630) [Consumer clientId=consumer-Consumer-topic-baa3d939_1b36_4acb_8bdc_dcd25a030ca1-5, groupId=Consumer-topic-baa3d939_1b36_4acb_8bdc_dcd25a030ca1] Adding newly assigned partitions: topic-baa3d939_1b36_4acb_8bdc_dcd25a030ca1-0
2025-08-13 16:43:29,330 INFO  [org.apa.kaf.cli.con.int.ConsumerCoordinator] (Thread-630) [Consumer clientId=consumer-Consumer-topic-baa3d939_1b36_4acb_8bdc_dcd25a030ca1-5, groupId=Consumer-topic-baa3d939_1b36_4acb_8bdc_dcd25a030ca1] Found no committed offset for partition topic-baa3d939_1b36_4acb_8bdc_dcd25a030ca1-0
2025-08-13 16:43:29,332 INFO  [org.apa.kaf.cli.con.int.SubscriptionState] (Thread-630) [Consumer clientId=consumer-Consumer-topic-baa3d939_1b36_4acb_8bdc_dcd25a030ca1-5, groupId=Consumer-topic-baa3d939_1b36_4acb_8bdc_dcd25a030ca1] Resetting offset for partition topic-baa3d939_1b36_4acb_8bdc_dcd25a030ca1-0 to position FetchPosition{offset=0, offsetEpoch=Optional.empty, currentLeader=LeaderAndEpoch{leader=Optional[localhost:32769 (id: 0 rack: null)], epoch=0}}.
2025-08-13 16:43:29,362 INFO  [io.api.tes.ser.api.KafkaSerdesTester] (Thread-630) topic-baa3d939_1b36_4acb_8bdc_dcd25a030ca1 0 0 {"key11755103405161": "value-0"}
2025-08-13 16:43:29,363 INFO  [io.api.tes.ser.api.KafkaSerdesTester] (Thread-630) topic-baa3d939_1b36_4acb_8bdc_dcd25a030ca1 0 1 {"key11755103405161": "value-1"}
2025-08-13 16:43:29,363 INFO  [io.api.tes.ser.api.KafkaSerdesTester] (Thread-630) topic-baa3d939_1b36_4acb_8bdc_dcd25a030ca1 0 2 {"key11755103405161": "value-2"}
2025-08-13 16:43:29,363 INFO  [io.api.tes.ser.api.KafkaSerdesTester] (Thread-630) topic-baa3d939_1b36_4acb_8bdc_dcd25a030ca1 0 3 {"key11755103405161": "value-3"}
2025-08-13 16:43:29,363 INFO  [io.api.tes.ser.api.KafkaSerdesTester] (Thread-630) topic-baa3d939_1b36_4acb_8bdc_dcd25a030ca1 0 4 {"key11755103405161": "value-4"}
2025-08-13 16:43:29,363 INFO  [io.api.tes.ser.api.KafkaSerdesTester] (Thread-630) topic-baa3d939_1b36_4acb_8bdc_dcd25a030ca1 0 5 {"key11755103405161": "value-5"}
2025-08-13 16:43:29,363 INFO  [io.api.tes.ser.api.KafkaSerdesTester] (Thread-630) topic-baa3d939_1b36_4acb_8bdc_dcd25a030ca1 0 6 {"key11755103405161": "value-6"}
2025-08-13 16:43:29,363 INFO  [io.api.tes.ser.api.KafkaSerdesTester] (Thread-630) topic-baa3d939_1b36_4acb_8bdc_dcd25a030ca1 0 7 {"key11755103405161": "value-7"}
2025-08-13 16:43:29,363 INFO  [io.api.tes.ser.api.KafkaSerdesTester] (Thread-630) topic-baa3d939_1b36_4acb_8bdc_dcd25a030ca1 0 8 {"key11755103405161": "value-8"}
2025-08-13 16:43:29,363 INFO  [io.api.tes.ser.api.KafkaSerdesTester] (Thread-630) topic-baa3d939_1b36_4acb_8bdc_dcd25a030ca1 0 9 {"key11755103405161": "value-9"}
2025-08-13 16:43:29,363 INFO  [io.api.tes.ser.api.KafkaSerdesTester] (Thread-630) Consumed 10 messages
2025-08-13 16:43:29,371 INFO  [org.apa.kaf.cli.con.int.ConsumerRebalanceListenerInvoker] (Thread-630) [Consumer clientId=consumer-Consumer-topic-baa3d939_1b36_4acb_8bdc_dcd25a030ca1-5, groupId=Consumer-topic-baa3d939_1b36_4acb_8bdc_dcd25a030ca1] Revoke previously assigned partitions topic-baa3d939_1b36_4acb_8bdc_dcd25a030ca1-0
2025-08-13 16:43:29,371 INFO  [org.apa.kaf.cli.con.int.ConsumerCoordinator] (Thread-630) [Consumer clientId=consumer-Consumer-topic-baa3d939_1b36_4acb_8bdc_dcd25a030ca1-5, groupId=Consumer-topic-baa3d939_1b36_4acb_8bdc_dcd25a030ca1] Member consumer-Consumer-topic-baa3d939_1b36_4acb_8bdc_dcd25a030ca1-5-6712ce24-78d0-47d3-b6c7-d3ddeaea20e1 sending LeaveGroup request to coordinator localhost:32769 (id: 2147483647 rack: null) due to the consumer is being closed
2025-08-13 16:43:29,371 INFO  [org.apa.kaf.cli.con.int.ConsumerCoordinator] (Thread-630) [Consumer clientId=consumer-Consumer-topic-baa3d939_1b36_4acb_8bdc_dcd25a030ca1-5, groupId=Consumer-topic-baa3d939_1b36_4acb_8bdc_dcd25a030ca1] Resetting generation and member id due to: consumer pro-actively leaving the group
2025-08-13 16:43:29,371 INFO  [org.apa.kaf.cli.con.int.ConsumerCoordinator] (Thread-630) [Consumer clientId=consumer-Consumer-topic-baa3d939_1b36_4acb_8bdc_dcd25a030ca1-5, groupId=Consumer-topic-baa3d939_1b36_4acb_8bdc_dcd25a030ca1] Request joining group due to: consumer pro-actively leaving the group
2025-08-13 16:43:29,866 INFO  [org.apa.kaf.com.met.Metrics] (Thread-630) Metrics scheduler closed
2025-08-13 16:43:29,866 INFO  [org.apa.kaf.com.met.Metrics] (Thread-630) Closing reporter org.apache.kafka.common.metrics.JmxReporter
2025-08-13 16:43:29,866 INFO  [org.apa.kaf.com.met.Metrics] (Thread-630) Closing reporter org.apache.kafka.common.telemetry.internals.ClientTelemetryReporter
2025-08-13 16:43:29,866 INFO  [org.apa.kaf.com.met.Metrics] (Thread-630) Metrics reporters closed
2025-08-13 16:43:29,868 INFO  [org.apa.kaf.com.uti.AppInfoParser] (Thread-630) App info kafka.consumer for consumer-Consumer-topic-baa3d939_1b36_4acb_8bdc_dcd25a030ca1-5 unregistered
2025-08-13 16:43:29,869 INFO  [io.api.tes.uti.TestSeparator] (main) io.apicurio.tests.serdes.apicurio.AvroSerdeIT.testRecordIdStrategydFindLatest-FINISHED
2025-08-13 16:43:29,869 INFO  [io.api.tes.uti.TestSeparator] (main) ############################################################################
Test passed: testRecordIdStrategydFindLatest
]]></system-out>
  </testcase>
  <testcase name="testReflectAutoRegister" classname="io.apicurio.tests.serdes.apicurio.AvroSerdeIT" time="3.901">
    <system-out><![CDATA[2025-08-13 16:43:29,874 INFO  [io.api.tes.uti.TestSeparator] (main) ############################################################################
2025-08-13 16:43:29,874 INFO  [io.api.tes.uti.TestSeparator] (main) io.apicurio.tests.serdes.apicurio.AvroSerdeIT.testReflectAutoRegister-STARTED
**** Registry Base URL: http://registry-app-pg17.apps.ci419.apicurio-testing.org:80
2025-08-13 16:43:29,877 INFO  [org.apa.kaf.cli.pro.ProducerConfig] (main) ProducerConfig values: 
	acks = -1
	auto.include.jmx.reporter = true
	batch.size = 16384
	bootstrap.servers = [PLAINTEXT://localhost:32769]
	buffer.memory = 33554432
	client.dns.lookup = use_all_dns_ips
	client.id = Producer-topic-d9626bb5_85cd_4b68_bf9d_7d6b8a28c9c1
	compression.gzip.level = -1
	compression.lz4.level = 9
	compression.type = none
	compression.zstd.level = 3
	connections.max.idle.ms = 10000
	delivery.timeout.ms = 120000
	enable.idempotence = true
	enable.metrics.push = true
	interceptor.classes = []
	key.serializer = class org.apache.kafka.common.serialization.StringSerializer
	linger.ms = 0
	max.block.ms = 60000
	max.in.flight.requests.per.connection = 5
	max.request.size = 1048576
	metadata.max.age.ms = 300000
	metadata.max.idle.ms = 300000
	metadata.recovery.strategy = none
	metric.reporters = []
	metrics.num.samples = 2
	metrics.recording.level = INFO
	metrics.sample.window.ms = 30000
	partitioner.adaptive.partitioning.enable = true
	partitioner.availability.timeout.ms = 0
	partitioner.class = null
	partitioner.ignore.keys = false
	receive.buffer.bytes = 32768
	reconnect.backoff.max.ms = 1000
	reconnect.backoff.ms = 50
	request.timeout.ms = 5000
	retries = 2147483647
	retry.backoff.max.ms = 1000
	retry.backoff.ms = 100
	sasl.client.callback.handler.class = null
	sasl.jaas.config = null
	sasl.kerberos.kinit.cmd = /usr/bin/kinit
	sasl.kerberos.min.time.before.relogin = 60000
	sasl.kerberos.service.name = null
	sasl.kerberos.ticket.renew.jitter = 0.05
	sasl.kerberos.ticket.renew.window.factor = 0.8
	sasl.login.callback.handler.class = null
	sasl.login.class = null
	sasl.login.connect.timeout.ms = null
	sasl.login.read.timeout.ms = null
	sasl.login.refresh.buffer.seconds = 300
	sasl.login.refresh.min.period.seconds = 60
	sasl.login.refresh.window.factor = 0.8
	sasl.login.refresh.window.jitter = 0.05
	sasl.login.retry.backoff.max.ms = 10000
	sasl.login.retry.backoff.ms = 100
	sasl.mechanism = GSSAPI
	sasl.oauthbearer.clock.skew.seconds = 30
	sasl.oauthbearer.expected.audience = null
	sasl.oauthbearer.expected.issuer = null
	sasl.oauthbearer.header.urlencode = false
	sasl.oauthbearer.jwks.endpoint.refresh.ms = 3600000
	sasl.oauthbearer.jwks.endpoint.retry.backoff.max.ms = 10000
	sasl.oauthbearer.jwks.endpoint.retry.backoff.ms = 100
	sasl.oauthbearer.jwks.endpoint.url = null
	sasl.oauthbearer.scope.claim.name = scope
	sasl.oauthbearer.sub.claim.name = sub
	sasl.oauthbearer.token.endpoint.url = null
	security.protocol = PLAINTEXT
	security.providers = null
	send.buffer.bytes = 131072
	socket.connection.setup.timeout.max.ms = 30000
	socket.connection.setup.timeout.ms = 10000
	ssl.cipher.suites = null
	ssl.enabled.protocols = [TLSv1.2, TLSv1.3]
	ssl.endpoint.identification.algorithm = https
	ssl.engine.factory.class = null
	ssl.key.password = null
	ssl.keymanager.algorithm = SunX509
	ssl.keystore.certificate.chain = null
	ssl.keystore.key = null
	ssl.keystore.location = null
	ssl.keystore.password = null
	ssl.keystore.type = JKS
	ssl.protocol = TLSv1.3
	ssl.provider = null
	ssl.secure.random.implementation = null
	ssl.trustmanager.algorithm = PKIX
	ssl.truststore.certificates = null
	ssl.truststore.location = null
	ssl.truststore.password = null
	ssl.truststore.type = JKS
	transaction.timeout.ms = 60000
	transactional.id = null
	value.serializer = class io.apicurio.registry.serde.avro.AvroKafkaSerializer

2025-08-13 16:43:29,877 INFO  [org.apa.kaf.com.tel.int.KafkaMetricsCollector] (main) initializing Kafka metrics collector
2025-08-13 16:43:29,887 INFO  [org.apa.kaf.cli.pro.KafkaProducer] (main) [Producer clientId=Producer-topic-d9626bb5_85cd_4b68_bf9d_7d6b8a28c9c1] Instantiated an idempotent producer.
2025-08-13 16:43:29,889 INFO  [org.apa.kaf.cli.pro.ProducerConfig] (main) These configurations '[apicurio.registry.url, apicurio.registry.auto-register, apicurio.registry.artifact-resolver-strategy, apicurio.registry.avro-datum-provider]' were supplied but are not used yet.
2025-08-13 16:43:29,889 INFO  [org.apa.kaf.com.uti.AppInfoParser] (main) Kafka version: 3.9.1
2025-08-13 16:43:29,889 INFO  [org.apa.kaf.com.uti.AppInfoParser] (main) Kafka commitId: f745dfdcee2b9851
2025-08-13 16:43:29,889 INFO  [org.apa.kaf.com.uti.AppInfoParser] (main) Kafka startTimeMs: 1755103409889
2025-08-13 16:43:29,889 INFO  [io.api.tes.ser.api.SimpleSerdesTesterBuilder$SimpleSerdesTester] (main) Using producer configuration: {apicurio.registry.url=http://registry-app-pg17.apps.ci419.apicurio-testing.org:80/apis/registry/v3, apicurio.registry.auto-register=true, apicurio.registry.artifact-resolver-strategy=io.apicurio.registry.serde.strategy.TopicIdStrategy, value.serializer=io.apicurio.registry.serde.avro.AvroKafkaSerializer, request.timeout.ms=5000, acks=all, bootstrap.servers=PLAINTEXT://localhost:32769, connections.max.idle.ms=10000, key.serializer=org.apache.kafka.common.serialization.StringSerializer, apicurio.registry.avro-datum-provider=io.apicurio.registry.serde.avro.ReflectAvroDatumProvider, client.id=Producer-topic-d9626bb5_85cd_4b68_bf9d_7d6b8a28c9c1}
2025-08-13 16:43:29,890 INFO  [io.api.tes.ser.api.SimpleSerdesTesterBuilder$SimpleSerdesTester] (main) Using consumer configuration: {apicurio.registry.avro-datum-provider=io.apicurio.registry.serde.avro.ReflectAvroDatumProvider}
2025-08-13 16:43:29,891 INFO  [io.api.tes.ser.api.KafkaSerdesTester] (Thread-633) Sending message io.apicurio.tests.common.serdes.TestObject@3dbd29cb to topic topic-d9626bb5_85cd_4b68_bf9d_7d6b8a28c9c1
2025-08-13 16:43:29,894 WARN  [org.apa.kaf.cli.NetworkClient] (kafka-producer-network-thread | Producer-topic-d9626bb5_85cd_4b68_bf9d_7d6b8a28c9c1) [Producer clientId=Producer-topic-d9626bb5_85cd_4b68_bf9d_7d6b8a28c9c1] The metadata response from the cluster reported a recoverable issue with correlation id 1 : {topic-d9626bb5_85cd_4b68_bf9d_7d6b8a28c9c1=UNKNOWN_TOPIC_OR_PARTITION}
2025-08-13 16:43:29,895 INFO  [org.apa.kaf.cli.Metadata] (kafka-producer-network-thread | Producer-topic-d9626bb5_85cd_4b68_bf9d_7d6b8a28c9c1) [Producer clientId=Producer-topic-d9626bb5_85cd_4b68_bf9d_7d6b8a28c9c1] Cluster ID: gmKMEoHzQ-qMHyrxO3JTXw
2025-08-13 16:43:29,895 INFO  [org.apa.kaf.cli.pro.int.TransactionManager] (kafka-producer-network-thread | Producer-topic-d9626bb5_85cd_4b68_bf9d_7d6b8a28c9c1) [Producer clientId=Producer-topic-d9626bb5_85cd_4b68_bf9d_7d6b8a28c9c1] ProducerId set to 6 with epoch 0
2025-08-13 16:43:30,066 INFO  [io.api.tes.ser.api.KafkaSerdesTester] (Thread-633) Sending message io.apicurio.tests.common.serdes.TestObject@3dbd29cb to topic topic-d9626bb5_85cd_4b68_bf9d_7d6b8a28c9c1
2025-08-13 16:43:30,078 INFO  [io.api.tes.ser.api.KafkaSerdesTester] (Thread-633) Sending message io.apicurio.tests.common.serdes.TestObject@3dbd29cb to topic topic-d9626bb5_85cd_4b68_bf9d_7d6b8a28c9c1
2025-08-13 16:43:30,084 INFO  [io.api.tes.ser.api.KafkaSerdesTester] (Thread-633) Sending message io.apicurio.tests.common.serdes.TestObject@3dbd29cb to topic topic-d9626bb5_85cd_4b68_bf9d_7d6b8a28c9c1
2025-08-13 16:43:30,091 INFO  [io.api.tes.ser.api.KafkaSerdesTester] (Thread-633) Sending message io.apicurio.tests.common.serdes.TestObject@3dbd29cb to topic topic-d9626bb5_85cd_4b68_bf9d_7d6b8a28c9c1
2025-08-13 16:43:30,096 INFO  [io.api.tes.ser.api.KafkaSerdesTester] (Thread-633) Sending message io.apicurio.tests.common.serdes.TestObject@3dbd29cb to topic topic-d9626bb5_85cd_4b68_bf9d_7d6b8a28c9c1
2025-08-13 16:43:30,100 INFO  [io.api.tes.ser.api.KafkaSerdesTester] (Thread-633) Sending message io.apicurio.tests.common.serdes.TestObject@3dbd29cb to topic topic-d9626bb5_85cd_4b68_bf9d_7d6b8a28c9c1
2025-08-13 16:43:30,117 INFO  [io.api.tes.ser.api.KafkaSerdesTester] (Thread-633) Sending message io.apicurio.tests.common.serdes.TestObject@3dbd29cb to topic topic-d9626bb5_85cd_4b68_bf9d_7d6b8a28c9c1
2025-08-13 16:43:30,121 INFO  [io.api.tes.ser.api.KafkaSerdesTester] (Thread-633) Sending message io.apicurio.tests.common.serdes.TestObject@3dbd29cb to topic topic-d9626bb5_85cd_4b68_bf9d_7d6b8a28c9c1
2025-08-13 16:43:30,126 INFO  [io.api.tes.ser.api.KafkaSerdesTester] (Thread-633) Sending message io.apicurio.tests.common.serdes.TestObject@3dbd29cb to topic topic-d9626bb5_85cd_4b68_bf9d_7d6b8a28c9c1
2025-08-13 16:43:30,132 INFO  [io.api.tes.ser.api.KafkaSerdesTester] (Thread-633) Produced 10 messages
2025-08-13 16:43:30,132 INFO  [org.apa.kaf.cli.pro.KafkaProducer] (Thread-633) [Producer clientId=Producer-topic-d9626bb5_85cd_4b68_bf9d_7d6b8a28c9c1] Closing the Kafka producer with timeoutMillis = 9223372036854775807 ms.
2025-08-13 16:43:30,141 INFO  [org.apa.kaf.com.met.Metrics] (Thread-633) Metrics scheduler closed
2025-08-13 16:43:30,141 INFO  [org.apa.kaf.com.met.Metrics] (Thread-633) Closing reporter org.apache.kafka.common.metrics.JmxReporter
2025-08-13 16:43:30,141 INFO  [org.apa.kaf.com.met.Metrics] (Thread-633) Closing reporter org.apache.kafka.common.telemetry.internals.ClientTelemetryReporter
2025-08-13 16:43:30,141 INFO  [org.apa.kaf.com.met.Metrics] (Thread-633) Metrics reporters closed
2025-08-13 16:43:30,143 INFO  [org.apa.kaf.com.uti.AppInfoParser] (Thread-633) App info kafka.producer for Producer-topic-d9626bb5_85cd_4b68_bf9d_7d6b8a28c9c1 unregistered
**** Registry Base URL: http://registry-app-pg17.apps.ci419.apicurio-testing.org:80
2025-08-13 16:43:30,183 INFO  [org.apa.kaf.cli.con.ConsumerConfig] (main) ConsumerConfig values: 
	allow.auto.create.topics = true
	auto.commit.interval.ms = 500
	auto.include.jmx.reporter = true
	auto.offset.reset = earliest
	bootstrap.servers = [PLAINTEXT://localhost:32769]
	check.crcs = true
	client.dns.lookup = use_all_dns_ips
	client.id = consumer-Consumer-topic-d9626bb5_85cd_4b68_bf9d_7d6b8a28c9c1-6
	client.rack = 
	connections.max.idle.ms = 10000
	default.api.timeout.ms = 60000
	enable.auto.commit = true
	enable.metrics.push = true
	exclude.internal.topics = true
	fetch.max.bytes = 52428800
	fetch.max.wait.ms = 500
	fetch.min.bytes = 1
	group.id = Consumer-topic-d9626bb5_85cd_4b68_bf9d_7d6b8a28c9c1
	group.instance.id = null
	group.protocol = classic
	group.remote.assignor = null
	heartbeat.interval.ms = 3000
	interceptor.classes = []
	internal.leave.group.on.close = true
	internal.throw.on.fetch.stable.offset.unsupported = false
	isolation.level = read_uncommitted
	key.deserializer = class org.apache.kafka.common.serialization.StringDeserializer
	max.partition.fetch.bytes = 1048576
	max.poll.interval.ms = 300000
	max.poll.records = 500
	metadata.max.age.ms = 300000
	metadata.recovery.strategy = none
	metric.reporters = []
	metrics.num.samples = 2
	metrics.recording.level = INFO
	metrics.sample.window.ms = 30000
	partition.assignment.strategy = [class org.apache.kafka.clients.consumer.RangeAssignor, class org.apache.kafka.clients.consumer.CooperativeStickyAssignor]
	receive.buffer.bytes = 65536
	reconnect.backoff.max.ms = 1000
	reconnect.backoff.ms = 50
	request.timeout.ms = 5000
	retry.backoff.max.ms = 1000
	retry.backoff.ms = 100
	sasl.client.callback.handler.class = null
	sasl.jaas.config = null
	sasl.kerberos.kinit.cmd = /usr/bin/kinit
	sasl.kerberos.min.time.before.relogin = 60000
	sasl.kerberos.service.name = null
	sasl.kerberos.ticket.renew.jitter = 0.05
	sasl.kerberos.ticket.renew.window.factor = 0.8
	sasl.login.callback.handler.class = null
	sasl.login.class = null
	sasl.login.connect.timeout.ms = null
	sasl.login.read.timeout.ms = null
	sasl.login.refresh.buffer.seconds = 300
	sasl.login.refresh.min.period.seconds = 60
	sasl.login.refresh.window.factor = 0.8
	sasl.login.refresh.window.jitter = 0.05
	sasl.login.retry.backoff.max.ms = 10000
	sasl.login.retry.backoff.ms = 100
	sasl.mechanism = GSSAPI
	sasl.oauthbearer.clock.skew.seconds = 30
	sasl.oauthbearer.expected.audience = null
	sasl.oauthbearer.expected.issuer = null
	sasl.oauthbearer.header.urlencode = false
	sasl.oauthbearer.jwks.endpoint.refresh.ms = 3600000
	sasl.oauthbearer.jwks.endpoint.retry.backoff.max.ms = 10000
	sasl.oauthbearer.jwks.endpoint.retry.backoff.ms = 100
	sasl.oauthbearer.jwks.endpoint.url = null
	sasl.oauthbearer.scope.claim.name = scope
	sasl.oauthbearer.sub.claim.name = sub
	sasl.oauthbearer.token.endpoint.url = null
	security.protocol = PLAINTEXT
	security.providers = null
	send.buffer.bytes = 131072
	session.timeout.ms = 45000
	socket.connection.setup.timeout.max.ms = 30000
	socket.connection.setup.timeout.ms = 10000
	ssl.cipher.suites = null
	ssl.enabled.protocols = [TLSv1.2, TLSv1.3]
	ssl.endpoint.identification.algorithm = https
	ssl.engine.factory.class = null
	ssl.key.password = null
	ssl.keymanager.algorithm = SunX509
	ssl.keystore.certificate.chain = null
	ssl.keystore.key = null
	ssl.keystore.location = null
	ssl.keystore.password = null
	ssl.keystore.type = JKS
	ssl.protocol = TLSv1.3
	ssl.provider = null
	ssl.secure.random.implementation = null
	ssl.trustmanager.algorithm = PKIX
	ssl.truststore.certificates = null
	ssl.truststore.location = null
	ssl.truststore.password = null
	ssl.truststore.type = JKS
	value.deserializer = class io.apicurio.registry.serde.avro.AvroKafkaDeserializer

2025-08-13 16:43:30,183 INFO  [org.apa.kaf.com.tel.int.KafkaMetricsCollector] (main) initializing Kafka metrics collector
2025-08-13 16:43:30,190 INFO  [org.apa.kaf.cli.con.ConsumerConfig] (main) These configurations '[apicurio.registry.url, apicurio.registry.avro-datum-provider]' were supplied but are not used yet.
2025-08-13 16:43:30,191 INFO  [org.apa.kaf.com.uti.AppInfoParser] (main) Kafka version: 3.9.1
2025-08-13 16:43:30,191 INFO  [org.apa.kaf.com.uti.AppInfoParser] (main) Kafka commitId: f745dfdcee2b9851
2025-08-13 16:43:30,191 INFO  [org.apa.kaf.com.uti.AppInfoParser] (main) Kafka startTimeMs: 1755103410191
2025-08-13 16:43:30,192 INFO  [org.apa.kaf.cli.con.int.ClassicKafkaConsumer] (Thread-636) [Consumer clientId=consumer-Consumer-topic-d9626bb5_85cd_4b68_bf9d_7d6b8a28c9c1-6, groupId=Consumer-topic-d9626bb5_85cd_4b68_bf9d_7d6b8a28c9c1] Subscribed to topic(s): topic-d9626bb5_85cd_4b68_bf9d_7d6b8a28c9c1
2025-08-13 16:43:30,202 INFO  [org.apa.kaf.cli.Metadata] (Thread-636) [Consumer clientId=consumer-Consumer-topic-d9626bb5_85cd_4b68_bf9d_7d6b8a28c9c1-6, groupId=Consumer-topic-d9626bb5_85cd_4b68_bf9d_7d6b8a28c9c1] Cluster ID: gmKMEoHzQ-qMHyrxO3JTXw
2025-08-13 16:43:30,203 INFO  [org.apa.kaf.cli.con.int.ConsumerCoordinator] (Thread-636) [Consumer clientId=consumer-Consumer-topic-d9626bb5_85cd_4b68_bf9d_7d6b8a28c9c1-6, groupId=Consumer-topic-d9626bb5_85cd_4b68_bf9d_7d6b8a28c9c1] Discovered group coordinator localhost:32769 (id: 2147483647 rack: null)
2025-08-13 16:43:30,205 INFO  [org.apa.kaf.cli.con.int.ConsumerCoordinator] (Thread-636) [Consumer clientId=consumer-Consumer-topic-d9626bb5_85cd_4b68_bf9d_7d6b8a28c9c1-6, groupId=Consumer-topic-d9626bb5_85cd_4b68_bf9d_7d6b8a28c9c1] (Re-)joining group
2025-08-13 16:43:30,211 INFO  [org.apa.kaf.cli.con.int.ConsumerCoordinator] (Thread-636) [Consumer clientId=consumer-Consumer-topic-d9626bb5_85cd_4b68_bf9d_7d6b8a28c9c1-6, groupId=Consumer-topic-d9626bb5_85cd_4b68_bf9d_7d6b8a28c9c1] Request joining group due to: need to re-join with the given member-id: consumer-Consumer-topic-d9626bb5_85cd_4b68_bf9d_7d6b8a28c9c1-6-561871d7-b43f-451d-9bd9-082522b4312e
2025-08-13 16:43:30,212 INFO  [org.apa.kaf.cli.con.int.ConsumerCoordinator] (Thread-636) [Consumer clientId=consumer-Consumer-topic-d9626bb5_85cd_4b68_bf9d_7d6b8a28c9c1-6, groupId=Consumer-topic-d9626bb5_85cd_4b68_bf9d_7d6b8a28c9c1] (Re-)joining group
2025-08-13 16:43:31,192 INFO  [io.api.tes.ser.api.KafkaSerdesTester] (Thread-636) None found
2025-08-13 16:43:32,193 INFO  [io.api.tes.ser.api.KafkaSerdesTester] (Thread-636) None found
2025-08-13 16:43:33,194 INFO  [io.api.tes.ser.api.KafkaSerdesTester] (Thread-636) None found
2025-08-13 16:43:33,215 INFO  [org.apa.kaf.cli.con.int.ConsumerCoordinator] (Thread-636) [Consumer clientId=consumer-Consumer-topic-d9626bb5_85cd_4b68_bf9d_7d6b8a28c9c1-6, groupId=Consumer-topic-d9626bb5_85cd_4b68_bf9d_7d6b8a28c9c1] Successfully joined group with generation Generation{generationId=1, memberId='consumer-Consumer-topic-d9626bb5_85cd_4b68_bf9d_7d6b8a28c9c1-6-561871d7-b43f-451d-9bd9-082522b4312e', protocol='range'}
2025-08-13 16:43:33,215 INFO  [org.apa.kaf.cli.con.int.ConsumerCoordinator] (Thread-636) [Consumer clientId=consumer-Consumer-topic-d9626bb5_85cd_4b68_bf9d_7d6b8a28c9c1-6, groupId=Consumer-topic-d9626bb5_85cd_4b68_bf9d_7d6b8a28c9c1] Finished assignment for group at generation 1: {consumer-Consumer-topic-d9626bb5_85cd_4b68_bf9d_7d6b8a28c9c1-6-561871d7-b43f-451d-9bd9-082522b4312e=Assignment(partitions=[topic-d9626bb5_85cd_4b68_bf9d_7d6b8a28c9c1-0])}
2025-08-13 16:43:33,223 INFO  [org.apa.kaf.cli.con.int.ConsumerCoordinator] (Thread-636) [Consumer clientId=consumer-Consumer-topic-d9626bb5_85cd_4b68_bf9d_7d6b8a28c9c1-6, groupId=Consumer-topic-d9626bb5_85cd_4b68_bf9d_7d6b8a28c9c1] Successfully synced group in generation Generation{generationId=1, memberId='consumer-Consumer-topic-d9626bb5_85cd_4b68_bf9d_7d6b8a28c9c1-6-561871d7-b43f-451d-9bd9-082522b4312e', protocol='range'}
2025-08-13 16:43:33,223 INFO  [org.apa.kaf.cli.con.int.ConsumerCoordinator] (Thread-636) [Consumer clientId=consumer-Consumer-topic-d9626bb5_85cd_4b68_bf9d_7d6b8a28c9c1-6, groupId=Consumer-topic-d9626bb5_85cd_4b68_bf9d_7d6b8a28c9c1] Notifying assignor about the new Assignment(partitions=[topic-d9626bb5_85cd_4b68_bf9d_7d6b8a28c9c1-0])
2025-08-13 16:43:33,223 INFO  [org.apa.kaf.cli.con.int.ConsumerRebalanceListenerInvoker] (Thread-636) [Consumer clientId=consumer-Consumer-topic-d9626bb5_85cd_4b68_bf9d_7d6b8a28c9c1-6, groupId=Consumer-topic-d9626bb5_85cd_4b68_bf9d_7d6b8a28c9c1] Adding newly assigned partitions: topic-d9626bb5_85cd_4b68_bf9d_7d6b8a28c9c1-0
2025-08-13 16:43:33,224 INFO  [org.apa.kaf.cli.con.int.ConsumerCoordinator] (Thread-636) [Consumer clientId=consumer-Consumer-topic-d9626bb5_85cd_4b68_bf9d_7d6b8a28c9c1-6, groupId=Consumer-topic-d9626bb5_85cd_4b68_bf9d_7d6b8a28c9c1] Found no committed offset for partition topic-d9626bb5_85cd_4b68_bf9d_7d6b8a28c9c1-0
2025-08-13 16:43:33,229 INFO  [org.apa.kaf.cli.con.int.SubscriptionState] (Thread-636) [Consumer clientId=consumer-Consumer-topic-d9626bb5_85cd_4b68_bf9d_7d6b8a28c9c1-6, groupId=Consumer-topic-d9626bb5_85cd_4b68_bf9d_7d6b8a28c9c1] Resetting offset for partition topic-d9626bb5_85cd_4b68_bf9d_7d6b8a28c9c1-0 to position FetchPosition{offset=0, offsetEpoch=Optional.empty, currentLeader=LeaderAndEpoch{leader=Optional[localhost:32769 (id: 0 rack: null)], epoch=0}}.
2025-08-13 16:43:33,264 INFO  [io.api.tes.ser.api.KafkaSerdesTester] (Thread-636) topic-d9626bb5_85cd_4b68_bf9d_7d6b8a28c9c1 0 0 io.apicurio.tests.common.serdes.TestObject@3dbd29cb
2025-08-13 16:43:33,264 INFO  [io.api.tes.ser.api.KafkaSerdesTester] (Thread-636) topic-d9626bb5_85cd_4b68_bf9d_7d6b8a28c9c1 0 1 io.apicurio.tests.common.serdes.TestObject@3dbd29cb
2025-08-13 16:43:33,264 INFO  [io.api.tes.ser.api.KafkaSerdesTester] (Thread-636) topic-d9626bb5_85cd_4b68_bf9d_7d6b8a28c9c1 0 2 io.apicurio.tests.common.serdes.TestObject@3dbd29cb
2025-08-13 16:43:33,264 INFO  [io.api.tes.ser.api.KafkaSerdesTester] (Thread-636) topic-d9626bb5_85cd_4b68_bf9d_7d6b8a28c9c1 0 3 io.apicurio.tests.common.serdes.TestObject@3dbd29cb
2025-08-13 16:43:33,264 INFO  [io.api.tes.ser.api.KafkaSerdesTester] (Thread-636) topic-d9626bb5_85cd_4b68_bf9d_7d6b8a28c9c1 0 4 io.apicurio.tests.common.serdes.TestObject@3dbd29cb
2025-08-13 16:43:33,264 INFO  [io.api.tes.ser.api.KafkaSerdesTester] (Thread-636) topic-d9626bb5_85cd_4b68_bf9d_7d6b8a28c9c1 0 5 io.apicurio.tests.common.serdes.TestObject@3dbd29cb
2025-08-13 16:43:33,264 INFO  [io.api.tes.ser.api.KafkaSerdesTester] (Thread-636) topic-d9626bb5_85cd_4b68_bf9d_7d6b8a28c9c1 0 6 io.apicurio.tests.common.serdes.TestObject@3dbd29cb
2025-08-13 16:43:33,264 INFO  [io.api.tes.ser.api.KafkaSerdesTester] (Thread-636) topic-d9626bb5_85cd_4b68_bf9d_7d6b8a28c9c1 0 7 io.apicurio.tests.common.serdes.TestObject@3dbd29cb
2025-08-13 16:43:33,264 INFO  [io.api.tes.ser.api.KafkaSerdesTester] (Thread-636) topic-d9626bb5_85cd_4b68_bf9d_7d6b8a28c9c1 0 8 io.apicurio.tests.common.serdes.TestObject@3dbd29cb
2025-08-13 16:43:33,264 INFO  [io.api.tes.ser.api.KafkaSerdesTester] (Thread-636) topic-d9626bb5_85cd_4b68_bf9d_7d6b8a28c9c1 0 9 io.apicurio.tests.common.serdes.TestObject@3dbd29cb
2025-08-13 16:43:33,264 INFO  [io.api.tes.ser.api.KafkaSerdesTester] (Thread-636) Consumed 10 messages
2025-08-13 16:43:33,272 INFO  [org.apa.kaf.cli.con.int.ConsumerRebalanceListenerInvoker] (Thread-636) [Consumer clientId=consumer-Consumer-topic-d9626bb5_85cd_4b68_bf9d_7d6b8a28c9c1-6, groupId=Consumer-topic-d9626bb5_85cd_4b68_bf9d_7d6b8a28c9c1] Revoke previously assigned partitions topic-d9626bb5_85cd_4b68_bf9d_7d6b8a28c9c1-0
2025-08-13 16:43:33,272 INFO  [org.apa.kaf.cli.con.int.ConsumerCoordinator] (Thread-636) [Consumer clientId=consumer-Consumer-topic-d9626bb5_85cd_4b68_bf9d_7d6b8a28c9c1-6, groupId=Consumer-topic-d9626bb5_85cd_4b68_bf9d_7d6b8a28c9c1] Member consumer-Consumer-topic-d9626bb5_85cd_4b68_bf9d_7d6b8a28c9c1-6-561871d7-b43f-451d-9bd9-082522b4312e sending LeaveGroup request to coordinator localhost:32769 (id: 2147483647 rack: null) due to the consumer is being closed
2025-08-13 16:43:33,272 INFO  [org.apa.kaf.cli.con.int.ConsumerCoordinator] (Thread-636) [Consumer clientId=consumer-Consumer-topic-d9626bb5_85cd_4b68_bf9d_7d6b8a28c9c1-6, groupId=Consumer-topic-d9626bb5_85cd_4b68_bf9d_7d6b8a28c9c1] Resetting generation and member id due to: consumer pro-actively leaving the group
2025-08-13 16:43:33,272 INFO  [org.apa.kaf.cli.con.int.ConsumerCoordinator] (Thread-636) [Consumer clientId=consumer-Consumer-topic-d9626bb5_85cd_4b68_bf9d_7d6b8a28c9c1-6, groupId=Consumer-topic-d9626bb5_85cd_4b68_bf9d_7d6b8a28c9c1] Request joining group due to: consumer pro-actively leaving the group
2025-08-13 16:43:33,767 INFO  [org.apa.kaf.com.met.Metrics] (Thread-636) Metrics scheduler closed
2025-08-13 16:43:33,767 INFO  [org.apa.kaf.com.met.Metrics] (Thread-636) Closing reporter org.apache.kafka.common.metrics.JmxReporter
2025-08-13 16:43:33,767 INFO  [org.apa.kaf.com.met.Metrics] (Thread-636) Closing reporter org.apache.kafka.common.telemetry.internals.ClientTelemetryReporter
2025-08-13 16:43:33,767 INFO  [org.apa.kaf.com.met.Metrics] (Thread-636) Metrics reporters closed
2025-08-13 16:43:33,770 INFO  [org.apa.kaf.com.uti.AppInfoParser] (Thread-636) App info kafka.consumer for consumer-Consumer-topic-d9626bb5_85cd_4b68_bf9d_7d6b8a28c9c1-6 unregistered
2025-08-13 16:43:33,771 INFO  [io.api.tes.uti.TestSeparator] (main) io.apicurio.tests.serdes.apicurio.AvroSerdeIT.testReflectAutoRegister-FINISHED
2025-08-13 16:43:33,771 INFO  [io.api.tes.uti.TestSeparator] (main) ############################################################################
Test passed: testReflectAutoRegister
]]></system-out>
  </testcase>
  <testcase name="testArtifactNotFound" classname="io.apicurio.tests.serdes.apicurio.AvroSerdeIT" time="0.196">
    <system-out><![CDATA[2025-08-13 16:43:33,773 INFO  [io.api.tes.uti.TestSeparator] (main) ############################################################################
2025-08-13 16:43:33,773 INFO  [io.api.tes.uti.TestSeparator] (main) io.apicurio.tests.serdes.apicurio.AvroSerdeIT.testArtifactNotFound-STARTED
**** Registry Base URL: http://registry-app-pg17.apps.ci419.apicurio-testing.org:80
2025-08-13 16:43:33,775 INFO  [org.apa.kaf.cli.pro.ProducerConfig] (main) ProducerConfig values: 
	acks = -1
	auto.include.jmx.reporter = true
	batch.size = 16384
	bootstrap.servers = [PLAINTEXT://localhost:32769]
	buffer.memory = 33554432
	client.dns.lookup = use_all_dns_ips
	client.id = Producer-sabdebd2cxe9d4x4bc0x8bfbx190f3252f97b
	compression.gzip.level = -1
	compression.lz4.level = 9
	compression.type = none
	compression.zstd.level = 3
	connections.max.idle.ms = 10000
	delivery.timeout.ms = 120000
	enable.idempotence = true
	enable.metrics.push = true
	interceptor.classes = []
	key.serializer = class org.apache.kafka.common.serialization.StringSerializer
	linger.ms = 0
	max.block.ms = 60000
	max.in.flight.requests.per.connection = 5
	max.request.size = 1048576
	metadata.max.age.ms = 300000
	metadata.max.idle.ms = 300000
	metadata.recovery.strategy = none
	metric.reporters = []
	metrics.num.samples = 2
	metrics.recording.level = INFO
	metrics.sample.window.ms = 30000
	partitioner.adaptive.partitioning.enable = true
	partitioner.availability.timeout.ms = 0
	partitioner.class = null
	partitioner.ignore.keys = false
	receive.buffer.bytes = 32768
	reconnect.backoff.max.ms = 1000
	reconnect.backoff.ms = 50
	request.timeout.ms = 5000
	retries = 2147483647
	retry.backoff.max.ms = 1000
	retry.backoff.ms = 100
	sasl.client.callback.handler.class = null
	sasl.jaas.config = null
	sasl.kerberos.kinit.cmd = /usr/bin/kinit
	sasl.kerberos.min.time.before.relogin = 60000
	sasl.kerberos.service.name = null
	sasl.kerberos.ticket.renew.jitter = 0.05
	sasl.kerberos.ticket.renew.window.factor = 0.8
	sasl.login.callback.handler.class = null
	sasl.login.class = null
	sasl.login.connect.timeout.ms = null
	sasl.login.read.timeout.ms = null
	sasl.login.refresh.buffer.seconds = 300
	sasl.login.refresh.min.period.seconds = 60
	sasl.login.refresh.window.factor = 0.8
	sasl.login.refresh.window.jitter = 0.05
	sasl.login.retry.backoff.max.ms = 10000
	sasl.login.retry.backoff.ms = 100
	sasl.mechanism = GSSAPI
	sasl.oauthbearer.clock.skew.seconds = 30
	sasl.oauthbearer.expected.audience = null
	sasl.oauthbearer.expected.issuer = null
	sasl.oauthbearer.header.urlencode = false
	sasl.oauthbearer.jwks.endpoint.refresh.ms = 3600000
	sasl.oauthbearer.jwks.endpoint.retry.backoff.max.ms = 10000
	sasl.oauthbearer.jwks.endpoint.retry.backoff.ms = 100
	sasl.oauthbearer.jwks.endpoint.url = null
	sasl.oauthbearer.scope.claim.name = scope
	sasl.oauthbearer.sub.claim.name = sub
	sasl.oauthbearer.token.endpoint.url = null
	security.protocol = PLAINTEXT
	security.providers = null
	send.buffer.bytes = 131072
	socket.connection.setup.timeout.max.ms = 30000
	socket.connection.setup.timeout.ms = 10000
	ssl.cipher.suites = null
	ssl.enabled.protocols = [TLSv1.2, TLSv1.3]
	ssl.endpoint.identification.algorithm = https
	ssl.engine.factory.class = null
	ssl.key.password = null
	ssl.keymanager.algorithm = SunX509
	ssl.keystore.certificate.chain = null
	ssl.keystore.key = null
	ssl.keystore.location = null
	ssl.keystore.password = null
	ssl.keystore.type = JKS
	ssl.protocol = TLSv1.3
	ssl.provider = null
	ssl.secure.random.implementation = null
	ssl.trustmanager.algorithm = PKIX
	ssl.truststore.certificates = null
	ssl.truststore.location = null
	ssl.truststore.password = null
	ssl.truststore.type = JKS
	transaction.timeout.ms = 60000
	transactional.id = null
	value.serializer = class io.apicurio.registry.serde.avro.AvroKafkaSerializer

2025-08-13 16:43:33,775 INFO  [org.apa.kaf.com.tel.int.KafkaMetricsCollector] (main) initializing Kafka metrics collector
2025-08-13 16:43:33,783 INFO  [org.apa.kaf.cli.pro.KafkaProducer] (main) [Producer clientId=Producer-sabdebd2cxe9d4x4bc0x8bfbx190f3252f97b] Instantiated an idempotent producer.
2025-08-13 16:43:33,786 INFO  [org.apa.kaf.cli.pro.ProducerConfig] (main) These configurations '[apicurio.registry.url, apicurio.registry.artifact-resolver-strategy]' were supplied but are not used yet.
2025-08-13 16:43:33,786 INFO  [org.apa.kaf.com.uti.AppInfoParser] (main) Kafka version: 3.9.1
2025-08-13 16:43:33,786 INFO  [org.apa.kaf.com.uti.AppInfoParser] (main) Kafka commitId: f745dfdcee2b9851
2025-08-13 16:43:33,786 INFO  [org.apa.kaf.com.uti.AppInfoParser] (main) Kafka startTimeMs: 1755103413786
2025-08-13 16:43:33,790 INFO  [io.api.tes.ser.api.KafkaSerdesTester] (Thread-639) Sending message {"keyB": "value-0"} to topic sabdebd2cxe9d4x4bc0x8bfbx190f3252f97b
2025-08-13 16:43:33,796 WARN  [org.apa.kaf.cli.NetworkClient] (kafka-producer-network-thread | Producer-sabdebd2cxe9d4x4bc0x8bfbx190f3252f97b) [Producer clientId=Producer-sabdebd2cxe9d4x4bc0x8bfbx190f3252f97b] The metadata response from the cluster reported a recoverable issue with correlation id 1 : {sabdebd2cxe9d4x4bc0x8bfbx190f3252f97b=UNKNOWN_TOPIC_OR_PARTITION}
2025-08-13 16:43:33,796 INFO  [org.apa.kaf.cli.Metadata] (kafka-producer-network-thread | Producer-sabdebd2cxe9d4x4bc0x8bfbx190f3252f97b) [Producer clientId=Producer-sabdebd2cxe9d4x4bc0x8bfbx190f3252f97b] Cluster ID: gmKMEoHzQ-qMHyrxO3JTXw
2025-08-13 16:43:33,797 INFO  [org.apa.kaf.cli.pro.int.TransactionManager] (kafka-producer-network-thread | Producer-sabdebd2cxe9d4x4bc0x8bfbx190f3252f97b) [Producer clientId=Producer-sabdebd2cxe9d4x4bc0x8bfbx190f3252f97b] ProducerId set to 7 with epoch 0
2025-08-13 16:43:33,921 INFO  [DefaultSchemaResolver] (Thread-639) Retrieving schema content using string: {"type":"record","name":"myrecord","namespace":"mygroup","fields":[{"name":"keyB","type":"string"}]}
2025-08-13 16:43:33,961 INFO  [org.apa.kaf.cli.pro.KafkaProducer] (Thread-639) [Producer clientId=Producer-sabdebd2cxe9d4x4bc0x8bfbx190f3252f97b] Closing the Kafka producer with timeoutMillis = 9223372036854775807 ms.
2025-08-13 16:43:33,966 INFO  [org.apa.kaf.com.met.Metrics] (Thread-639) Metrics scheduler closed
2025-08-13 16:43:33,966 INFO  [org.apa.kaf.com.met.Metrics] (Thread-639) Closing reporter org.apache.kafka.common.metrics.JmxReporter
2025-08-13 16:43:33,966 INFO  [org.apa.kaf.com.met.Metrics] (Thread-639) Closing reporter org.apache.kafka.common.telemetry.internals.ClientTelemetryReporter
2025-08-13 16:43:33,966 INFO  [org.apa.kaf.com.met.Metrics] (Thread-639) Metrics reporters closed
2025-08-13 16:43:33,966 INFO  [org.apa.kaf.com.uti.AppInfoParser] (Thread-639) App info kafka.producer for Producer-sabdebd2cxe9d4x4bc0x8bfbx190f3252f97b unregistered
2025-08-13 16:43:33,967 INFO  [io.api.tes.uti.TestSeparator] (main) io.apicurio.tests.serdes.apicurio.AvroSerdeIT.testArtifactNotFound-FINISHED
2025-08-13 16:43:33,967 INFO  [io.api.tes.uti.TestSeparator] (main) ############################################################################
Test passed: testArtifactNotFound
]]></system-out>
    <system-err><![CDATA[java.lang.RuntimeException: Could not resolve artifact reference by content: {"type":"record","name":"myrecord","namespace":"mygroup","fields":[{"name":"keyB","type":"string"}]}&ArtifactReference [groupId=default, artifactId=sabdebd2cxe9d4x4bc0x8bfbx190f3252f97b-value, version=null, globalId=null, contentId=null, contentHash=null]
	at io.apicurio.registry.resolver.DefaultSchemaResolver.lambda$handleResolveSchemaByContent$3(DefaultSchemaResolver.java:265)
	at io.apicurio.registry.resolver.cache.ERCache.lambda$getValue$0(ERCache.java:174)
	at io.apicurio.registry.resolver.cache.ERCache.retry(ERCache.java:227)
	at io.apicurio.registry.resolver.cache.ERCache.getValue(ERCache.java:173)
	at io.apicurio.registry.resolver.cache.ERCache.getByContent(ERCache.java:147)
	at io.apicurio.registry.resolver.DefaultSchemaResolver.handleResolveSchemaByContent(DefaultSchemaResolver.java:253)
	at io.apicurio.registry.resolver.DefaultSchemaResolver.getSchemaFromRegistry(DefaultSchemaResolver.java:138)
	at io.apicurio.registry.resolver.DefaultSchemaResolver.lambda$resolveSchema$0(DefaultSchemaResolver.java:84)
	at java.base/java.util.Optional.orElseGet(Optional.java:364)
	at io.apicurio.registry.resolver.DefaultSchemaResolver.resolveSchema(DefaultSchemaResolver.java:84)
	at io.apicurio.registry.serde.AbstractSerializer.serializeData(AbstractSerializer.java:62)
	at io.apicurio.registry.serde.KafkaSerializer.serialize(KafkaSerializer.java:77)
	at org.apache.kafka.clients.producer.KafkaProducer.doSend(KafkaProducer.java:1046)
	at org.apache.kafka.clients.producer.KafkaProducer.send(KafkaProducer.java:993)
	at org.apache.kafka.clients.producer.KafkaProducer.send(KafkaProducer.java:875)
	at io.apicurio.tests.serdes.apicurio.KafkaSerdesTester.lambda$produceMessages$3(KafkaSerdesTester.java:138)
	at java.base/java.util.concurrent.CompletableFuture$AsyncSupply.run(CompletableFuture.java:1768)
	at java.base/java.lang.Thread.run(Thread.java:840)
]]></system-err>
  </testcase>
  <testcase name="testAvroSerDesFailDifferentSchemaByRecordName" classname="io.apicurio.tests.serdes.apicurio.AvroSerdeIT" time="1.117">
    <system-out><![CDATA[2025-08-13 16:43:33,971 INFO  [io.api.tes.uti.TestSeparator] (main) ############################################################################
2025-08-13 16:43:33,971 INFO  [io.api.tes.uti.TestSeparator] (main) io.apicurio.tests.serdes.apicurio.AvroSerdeIT.testAvroSerDesFailDifferentSchemaByRecordName-STARTED
**** Registry Base URL: http://registry-app-pg17.apps.ci419.apicurio-testing.org:80
2025-08-13 16:43:35,027 INFO  [org.apa.kaf.cli.pro.ProducerConfig] (main) ProducerConfig values: 
	acks = -1
	auto.include.jmx.reporter = true
	batch.size = 16384
	bootstrap.servers = [PLAINTEXT://localhost:32769]
	buffer.memory = 33554432
	client.dns.lookup = use_all_dns_ips
	client.id = Producer-topic-d7296c30_d814_46f4_ab5d_844bb5e0ead2
	compression.gzip.level = -1
	compression.lz4.level = 9
	compression.type = none
	compression.zstd.level = 3
	connections.max.idle.ms = 10000
	delivery.timeout.ms = 120000
	enable.idempotence = true
	enable.metrics.push = true
	interceptor.classes = []
	key.serializer = class org.apache.kafka.common.serialization.StringSerializer
	linger.ms = 0
	max.block.ms = 60000
	max.in.flight.requests.per.connection = 5
	max.request.size = 1048576
	metadata.max.age.ms = 300000
	metadata.max.idle.ms = 300000
	metadata.recovery.strategy = none
	metric.reporters = []
	metrics.num.samples = 2
	metrics.recording.level = INFO
	metrics.sample.window.ms = 30000
	partitioner.adaptive.partitioning.enable = true
	partitioner.availability.timeout.ms = 0
	partitioner.class = null
	partitioner.ignore.keys = false
	receive.buffer.bytes = 32768
	reconnect.backoff.max.ms = 1000
	reconnect.backoff.ms = 50
	request.timeout.ms = 5000
	retries = 2147483647
	retry.backoff.max.ms = 1000
	retry.backoff.ms = 100
	sasl.client.callback.handler.class = null
	sasl.jaas.config = null
	sasl.kerberos.kinit.cmd = /usr/bin/kinit
	sasl.kerberos.min.time.before.relogin = 60000
	sasl.kerberos.service.name = null
	sasl.kerberos.ticket.renew.jitter = 0.05
	sasl.kerberos.ticket.renew.window.factor = 0.8
	sasl.login.callback.handler.class = null
	sasl.login.class = null
	sasl.login.connect.timeout.ms = null
	sasl.login.read.timeout.ms = null
	sasl.login.refresh.buffer.seconds = 300
	sasl.login.refresh.min.period.seconds = 60
	sasl.login.refresh.window.factor = 0.8
	sasl.login.refresh.window.jitter = 0.05
	sasl.login.retry.backoff.max.ms = 10000
	sasl.login.retry.backoff.ms = 100
	sasl.mechanism = GSSAPI
	sasl.oauthbearer.clock.skew.seconds = 30
	sasl.oauthbearer.expected.audience = null
	sasl.oauthbearer.expected.issuer = null
	sasl.oauthbearer.header.urlencode = false
	sasl.oauthbearer.jwks.endpoint.refresh.ms = 3600000
	sasl.oauthbearer.jwks.endpoint.retry.backoff.max.ms = 10000
	sasl.oauthbearer.jwks.endpoint.retry.backoff.ms = 100
	sasl.oauthbearer.jwks.endpoint.url = null
	sasl.oauthbearer.scope.claim.name = scope
	sasl.oauthbearer.sub.claim.name = sub
	sasl.oauthbearer.token.endpoint.url = null
	security.protocol = PLAINTEXT
	security.providers = null
	send.buffer.bytes = 131072
	socket.connection.setup.timeout.max.ms = 30000
	socket.connection.setup.timeout.ms = 10000
	ssl.cipher.suites = null
	ssl.enabled.protocols = [TLSv1.2, TLSv1.3]
	ssl.endpoint.identification.algorithm = https
	ssl.engine.factory.class = null
	ssl.key.password = null
	ssl.keymanager.algorithm = SunX509
	ssl.keystore.certificate.chain = null
	ssl.keystore.key = null
	ssl.keystore.location = null
	ssl.keystore.password = null
	ssl.keystore.type = JKS
	ssl.protocol = TLSv1.3
	ssl.provider = null
	ssl.secure.random.implementation = null
	ssl.trustmanager.algorithm = PKIX
	ssl.truststore.certificates = null
	ssl.truststore.location = null
	ssl.truststore.password = null
	ssl.truststore.type = JKS
	transaction.timeout.ms = 60000
	transactional.id = null
	value.serializer = class io.apicurio.registry.serde.avro.AvroKafkaSerializer

2025-08-13 16:43:35,027 INFO  [org.apa.kaf.com.tel.int.KafkaMetricsCollector] (main) initializing Kafka metrics collector
2025-08-13 16:43:35,031 INFO  [org.apa.kaf.cli.pro.KafkaProducer] (main) [Producer clientId=Producer-topic-d7296c30_d814_46f4_ab5d_844bb5e0ead2] Instantiated an idempotent producer.
2025-08-13 16:43:35,034 INFO  [org.apa.kaf.cli.pro.ProducerConfig] (main) These configurations '[apicurio.registry.find-latest, apicurio.registry.url, apicurio.registry.artifact-resolver-strategy]' were supplied but are not used yet.
2025-08-13 16:43:35,034 INFO  [org.apa.kaf.com.uti.AppInfoParser] (main) Kafka version: 3.9.1
2025-08-13 16:43:35,034 INFO  [org.apa.kaf.com.uti.AppInfoParser] (main) Kafka commitId: f745dfdcee2b9851
2025-08-13 16:43:35,034 INFO  [org.apa.kaf.com.uti.AppInfoParser] (main) Kafka startTimeMs: 1755103415034
2025-08-13 16:43:35,035 INFO  [io.api.tes.ser.api.KafkaSerdesTester] (Thread-642) Sending message {"keyB": "value-0"} to topic topic-d7296c30_d814_46f4_ab5d_844bb5e0ead2
2025-08-13 16:43:35,042 INFO  [org.apa.kaf.cli.Metadata] (kafka-producer-network-thread | Producer-topic-d7296c30_d814_46f4_ab5d_844bb5e0ead2) [Producer clientId=Producer-topic-d7296c30_d814_46f4_ab5d_844bb5e0ead2] Cluster ID: gmKMEoHzQ-qMHyrxO3JTXw
2025-08-13 16:43:35,045 INFO  [org.apa.kaf.cli.pro.int.TransactionManager] (kafka-producer-network-thread | Producer-topic-d7296c30_d814_46f4_ab5d_844bb5e0ead2) [Producer clientId=Producer-topic-d7296c30_d814_46f4_ab5d_844bb5e0ead2] ProducerId set to 8 with epoch 0
2025-08-13 16:43:35,084 INFO  [org.apa.kaf.cli.pro.KafkaProducer] (Thread-642) [Producer clientId=Producer-topic-d7296c30_d814_46f4_ab5d_844bb5e0ead2] Closing the Kafka producer with timeoutMillis = 9223372036854775807 ms.
2025-08-13 16:43:35,086 INFO  [org.apa.kaf.com.met.Metrics] (Thread-642) Metrics scheduler closed
2025-08-13 16:43:35,086 INFO  [org.apa.kaf.com.met.Metrics] (Thread-642) Closing reporter org.apache.kafka.common.metrics.JmxReporter
2025-08-13 16:43:35,086 INFO  [org.apa.kaf.com.met.Metrics] (Thread-642) Closing reporter org.apache.kafka.common.telemetry.internals.ClientTelemetryReporter
2025-08-13 16:43:35,086 INFO  [org.apa.kaf.com.met.Metrics] (Thread-642) Metrics reporters closed
2025-08-13 16:43:35,086 INFO  [org.apa.kaf.com.uti.AppInfoParser] (Thread-642) App info kafka.producer for Producer-topic-d7296c30_d814_46f4_ab5d_844bb5e0ead2 unregistered
2025-08-13 16:43:35,087 INFO  [io.api.tes.uti.TestSeparator] (main) io.apicurio.tests.serdes.apicurio.AvroSerdeIT.testAvroSerDesFailDifferentSchemaByRecordName-FINISHED
2025-08-13 16:43:35,087 INFO  [io.api.tes.uti.TestSeparator] (main) ############################################################################
Test passed: testAvroSerDesFailDifferentSchemaByRecordName
]]></system-out>
    <system-err><![CDATA[io.apicurio.registry.rest.client.models.ProblemDetails
	at io.apicurio.registry.rest.client.models.ProblemDetails.createFromDiscriminatorValue(ProblemDetails.java:58)
	at io.kiota.serialization.json.JsonParseNode.getObjectValue(JsonParseNode.java:247)
	at io.kiota.http.vertx.VertXRequestAdapter.lambda$throwIfFailedResponse$0(VertXRequestAdapter.java:400)
	at com.microsoft.kiota.ApiExceptionBuilder.<init>(ApiExceptionBuilder.java:26)
	at io.kiota.http.vertx.VertXRequestAdapter.throwIfFailedResponse(VertXRequestAdapter.java:399)
	at io.kiota.http.vertx.VertXRequestAdapter.send(VertXRequestAdapter.java:170)
	at io.apicurio.registry.rest.client.groups.item.artifacts.item.versions.item.WithVersionExpressionItemRequestBuilder.get(WithVersionExpressionItemRequestBuilder.java:128)
	at io.apicurio.registry.rest.client.groups.item.artifacts.item.versions.item.WithVersionExpressionItemRequestBuilder.get(WithVersionExpressionItemRequestBuilder.java:111)
	at io.apicurio.registry.resolver.client.RegistryClientFacadeImpl.getVersionCoordinatesByGAV(RegistryClientFacadeImpl.java:159)
	at io.apicurio.registry.resolver.DefaultSchemaResolver.resolveByCoordinates(DefaultSchemaResolver.java:352)
	at io.apicurio.registry.resolver.DefaultSchemaResolver.lambda$resolveSchemaByArtifactReferenceCached$6(DefaultSchemaResolver.java:340)
	at io.apicurio.registry.resolver.cache.ERCache.lambda$getValue$0(ERCache.java:174)
	at io.apicurio.registry.resolver.cache.ERCache.retry(ERCache.java:227)
	at io.apicurio.registry.resolver.cache.ERCache.getValue(ERCache.java:173)
	at io.apicurio.registry.resolver.cache.ERCache.getByArtifactCoordinates(ERCache.java:158)
	at io.apicurio.registry.resolver.DefaultSchemaResolver.resolveSchemaByArtifactReferenceCached(DefaultSchemaResolver.java:338)
	at io.apicurio.registry.resolver.DefaultSchemaResolver.resolveSchemaByCoordinates(DefaultSchemaResolver.java:193)
	at io.apicurio.registry.resolver.DefaultSchemaResolver.getSchemaFromRegistry(DefaultSchemaResolver.java:130)
	at io.apicurio.registry.resolver.DefaultSchemaResolver.lambda$resolveSchema$0(DefaultSchemaResolver.java:84)
	at java.base/java.util.Optional.orElseGet(Optional.java:364)
	at io.apicurio.registry.resolver.DefaultSchemaResolver.resolveSchema(DefaultSchemaResolver.java:84)
	at io.apicurio.registry.serde.AbstractSerializer.serializeData(AbstractSerializer.java:62)
	at io.apicurio.registry.serde.KafkaSerializer.serialize(KafkaSerializer.java:77)
	at org.apache.kafka.clients.producer.KafkaProducer.doSend(KafkaProducer.java:1046)
	at org.apache.kafka.clients.producer.KafkaProducer.send(KafkaProducer.java:993)
	at org.apache.kafka.clients.producer.KafkaProducer.send(KafkaProducer.java:875)
	at io.apicurio.tests.serdes.apicurio.KafkaSerdesTester.lambda$produceMessages$3(KafkaSerdesTester.java:138)
	at java.base/java.util.concurrent.CompletableFuture$AsyncSupply.run(CompletableFuture.java:1768)
	at java.base/java.lang.Thread.run(Thread.java:840)
]]></system-err>
  </testcase>
  <testcase name="testTopicIdStrategyFindLatest" classname="io.apicurio.tests.serdes.apicurio.AvroSerdeIT" time="4.771">
    <system-out><![CDATA[2025-08-13 16:43:35,091 INFO  [io.api.tes.uti.TestSeparator] (main) ############################################################################
2025-08-13 16:43:35,091 INFO  [io.api.tes.uti.TestSeparator] (main) io.apicurio.tests.serdes.apicurio.AvroSerdeIT.testTopicIdStrategyFindLatest-STARTED
2025-08-13 16:43:35,093 INFO  [io.api.tes.ser.api.AvroSerdeIT] (main) Registering Avro Schema: {"type":"record","name":"myrecordapicurio1","fields":[{"name":"key11755103415091","type":"string"}]}
**** Registry Base URL: http://registry-app-pg17.apps.ci419.apicurio-testing.org:80
2025-08-13 16:43:36,138 INFO  [org.apa.kaf.cli.pro.ProducerConfig] (main) ProducerConfig values: 
	acks = -1
	auto.include.jmx.reporter = true
	batch.size = 16384
	bootstrap.servers = [PLAINTEXT://localhost:32769]
	buffer.memory = 33554432
	client.dns.lookup = use_all_dns_ips
	client.id = Producer-topic-a324c438_572d_4430_961b_9757ebe65721
	compression.gzip.level = -1
	compression.lz4.level = 9
	compression.type = none
	compression.zstd.level = 3
	connections.max.idle.ms = 10000
	delivery.timeout.ms = 120000
	enable.idempotence = true
	enable.metrics.push = true
	interceptor.classes = []
	key.serializer = class org.apache.kafka.common.serialization.StringSerializer
	linger.ms = 0
	max.block.ms = 60000
	max.in.flight.requests.per.connection = 5
	max.request.size = 1048576
	metadata.max.age.ms = 300000
	metadata.max.idle.ms = 300000
	metadata.recovery.strategy = none
	metric.reporters = []
	metrics.num.samples = 2
	metrics.recording.level = INFO
	metrics.sample.window.ms = 30000
	partitioner.adaptive.partitioning.enable = true
	partitioner.availability.timeout.ms = 0
	partitioner.class = null
	partitioner.ignore.keys = false
	receive.buffer.bytes = 32768
	reconnect.backoff.max.ms = 1000
	reconnect.backoff.ms = 50
	request.timeout.ms = 5000
	retries = 2147483647
	retry.backoff.max.ms = 1000
	retry.backoff.ms = 100
	sasl.client.callback.handler.class = null
	sasl.jaas.config = null
	sasl.kerberos.kinit.cmd = /usr/bin/kinit
	sasl.kerberos.min.time.before.relogin = 60000
	sasl.kerberos.service.name = null
	sasl.kerberos.ticket.renew.jitter = 0.05
	sasl.kerberos.ticket.renew.window.factor = 0.8
	sasl.login.callback.handler.class = null
	sasl.login.class = null
	sasl.login.connect.timeout.ms = null
	sasl.login.read.timeout.ms = null
	sasl.login.refresh.buffer.seconds = 300
	sasl.login.refresh.min.period.seconds = 60
	sasl.login.refresh.window.factor = 0.8
	sasl.login.refresh.window.jitter = 0.05
	sasl.login.retry.backoff.max.ms = 10000
	sasl.login.retry.backoff.ms = 100
	sasl.mechanism = GSSAPI
	sasl.oauthbearer.clock.skew.seconds = 30
	sasl.oauthbearer.expected.audience = null
	sasl.oauthbearer.expected.issuer = null
	sasl.oauthbearer.header.urlencode = false
	sasl.oauthbearer.jwks.endpoint.refresh.ms = 3600000
	sasl.oauthbearer.jwks.endpoint.retry.backoff.max.ms = 10000
	sasl.oauthbearer.jwks.endpoint.retry.backoff.ms = 100
	sasl.oauthbearer.jwks.endpoint.url = null
	sasl.oauthbearer.scope.claim.name = scope
	sasl.oauthbearer.sub.claim.name = sub
	sasl.oauthbearer.token.endpoint.url = null
	security.protocol = PLAINTEXT
	security.providers = null
	send.buffer.bytes = 131072
	socket.connection.setup.timeout.max.ms = 30000
	socket.connection.setup.timeout.ms = 10000
	ssl.cipher.suites = null
	ssl.enabled.protocols = [TLSv1.2, TLSv1.3]
	ssl.endpoint.identification.algorithm = https
	ssl.engine.factory.class = null
	ssl.key.password = null
	ssl.keymanager.algorithm = SunX509
	ssl.keystore.certificate.chain = null
	ssl.keystore.key = null
	ssl.keystore.location = null
	ssl.keystore.password = null
	ssl.keystore.type = JKS
	ssl.protocol = TLSv1.3
	ssl.provider = null
	ssl.secure.random.implementation = null
	ssl.trustmanager.algorithm = PKIX
	ssl.truststore.certificates = null
	ssl.truststore.location = null
	ssl.truststore.password = null
	ssl.truststore.type = JKS
	transaction.timeout.ms = 60000
	transactional.id = null
	value.serializer = class io.apicurio.registry.serde.avro.AvroKafkaSerializer

2025-08-13 16:43:36,139 INFO  [org.apa.kaf.com.tel.int.KafkaMetricsCollector] (main) initializing Kafka metrics collector
2025-08-13 16:43:36,142 INFO  [org.apa.kaf.cli.pro.KafkaProducer] (main) [Producer clientId=Producer-topic-a324c438_572d_4430_961b_9757ebe65721] Instantiated an idempotent producer.
2025-08-13 16:43:36,145 INFO  [org.apa.kaf.cli.pro.ProducerConfig] (main) These configurations '[apicurio.registry.find-latest, apicurio.registry.url, apicurio.registry.artifact-resolver-strategy]' were supplied but are not used yet.
2025-08-13 16:43:36,145 INFO  [org.apa.kaf.com.uti.AppInfoParser] (main) Kafka version: 3.9.1
2025-08-13 16:43:36,145 INFO  [org.apa.kaf.com.uti.AppInfoParser] (main) Kafka commitId: f745dfdcee2b9851
2025-08-13 16:43:36,145 INFO  [org.apa.kaf.com.uti.AppInfoParser] (main) Kafka startTimeMs: 1755103416145
2025-08-13 16:43:36,145 INFO  [io.api.tes.ser.api.SimpleSerdesTesterBuilder$SimpleSerdesTester] (main) Using producer configuration: {apicurio.registry.find-latest=true, apicurio.registry.url=http://registry-app-pg17.apps.ci419.apicurio-testing.org:80/apis/registry/v3, apicurio.registry.artifact-resolver-strategy=io.apicurio.registry.serde.strategy.TopicIdStrategy, value.serializer=io.apicurio.registry.serde.avro.AvroKafkaSerializer, request.timeout.ms=5000, acks=all, bootstrap.servers=PLAINTEXT://localhost:32769, connections.max.idle.ms=10000, key.serializer=org.apache.kafka.common.serialization.StringSerializer, client.id=Producer-topic-a324c438_572d_4430_961b_9757ebe65721}
2025-08-13 16:43:36,145 INFO  [io.api.tes.ser.api.SimpleSerdesTesterBuilder$SimpleSerdesTester] (main) Using consumer configuration: {}
2025-08-13 16:43:36,147 INFO  [io.api.tes.ser.api.KafkaSerdesTester] (Thread-645) Sending message {"key11755103415091": "value-0"} to topic topic-a324c438_572d_4430_961b_9757ebe65721
2025-08-13 16:43:36,153 INFO  [org.apa.kaf.cli.Metadata] (kafka-producer-network-thread | Producer-topic-a324c438_572d_4430_961b_9757ebe65721) [Producer clientId=Producer-topic-a324c438_572d_4430_961b_9757ebe65721] Cluster ID: gmKMEoHzQ-qMHyrxO3JTXw
2025-08-13 16:43:36,154 INFO  [org.apa.kaf.cli.pro.int.TransactionManager] (kafka-producer-network-thread | Producer-topic-a324c438_572d_4430_961b_9757ebe65721) [Producer clientId=Producer-topic-a324c438_572d_4430_961b_9757ebe65721] ProducerId set to 9 with epoch 0
2025-08-13 16:43:36,206 INFO  [io.api.tes.ser.api.KafkaSerdesTester] (Thread-645) Sending message {"key11755103415091": "value-1"} to topic topic-a324c438_572d_4430_961b_9757ebe65721
2025-08-13 16:43:36,208 INFO  [io.api.tes.ser.api.KafkaSerdesTester] (Thread-645) Sending message {"key11755103415091": "value-2"} to topic topic-a324c438_572d_4430_961b_9757ebe65721
2025-08-13 16:43:36,210 INFO  [io.api.tes.ser.api.KafkaSerdesTester] (Thread-645) Sending message {"key11755103415091": "value-3"} to topic topic-a324c438_572d_4430_961b_9757ebe65721
2025-08-13 16:43:36,213 INFO  [io.api.tes.ser.api.KafkaSerdesTester] (Thread-645) Sending message {"key11755103415091": "value-4"} to topic topic-a324c438_572d_4430_961b_9757ebe65721
2025-08-13 16:43:36,216 INFO  [io.api.tes.ser.api.KafkaSerdesTester] (Thread-645) Sending message {"key11755103415091": "value-5"} to topic topic-a324c438_572d_4430_961b_9757ebe65721
2025-08-13 16:43:36,219 INFO  [io.api.tes.ser.api.KafkaSerdesTester] (Thread-645) Sending message {"key11755103415091": "value-6"} to topic topic-a324c438_572d_4430_961b_9757ebe65721
2025-08-13 16:43:36,222 INFO  [io.api.tes.ser.api.KafkaSerdesTester] (Thread-645) Sending message {"key11755103415091": "value-7"} to topic topic-a324c438_572d_4430_961b_9757ebe65721
2025-08-13 16:43:36,224 INFO  [io.api.tes.ser.api.KafkaSerdesTester] (Thread-645) Sending message {"key11755103415091": "value-8"} to topic topic-a324c438_572d_4430_961b_9757ebe65721
2025-08-13 16:43:36,226 INFO  [io.api.tes.ser.api.KafkaSerdesTester] (Thread-645) Sending message {"key11755103415091": "value-9"} to topic topic-a324c438_572d_4430_961b_9757ebe65721
2025-08-13 16:43:36,228 INFO  [io.api.tes.ser.api.KafkaSerdesTester] (Thread-645) Produced 10 messages
2025-08-13 16:43:36,228 INFO  [org.apa.kaf.cli.pro.KafkaProducer] (Thread-645) [Producer clientId=Producer-topic-a324c438_572d_4430_961b_9757ebe65721] Closing the Kafka producer with timeoutMillis = 9223372036854775807 ms.
2025-08-13 16:43:36,234 INFO  [org.apa.kaf.com.met.Metrics] (Thread-645) Metrics scheduler closed
2025-08-13 16:43:36,234 INFO  [org.apa.kaf.com.met.Metrics] (Thread-645) Closing reporter org.apache.kafka.common.metrics.JmxReporter
2025-08-13 16:43:36,234 INFO  [org.apa.kaf.com.met.Metrics] (Thread-645) Closing reporter org.apache.kafka.common.telemetry.internals.ClientTelemetryReporter
2025-08-13 16:43:36,234 INFO  [org.apa.kaf.com.met.Metrics] (Thread-645) Metrics reporters closed
2025-08-13 16:43:36,234 INFO  [org.apa.kaf.com.uti.AppInfoParser] (Thread-645) App info kafka.producer for Producer-topic-a324c438_572d_4430_961b_9757ebe65721 unregistered
**** Registry Base URL: http://registry-app-pg17.apps.ci419.apicurio-testing.org:80
2025-08-13 16:43:36,237 INFO  [org.apa.kaf.cli.con.ConsumerConfig] (main) ConsumerConfig values: 
	allow.auto.create.topics = true
	auto.commit.interval.ms = 500
	auto.include.jmx.reporter = true
	auto.offset.reset = earliest
	bootstrap.servers = [PLAINTEXT://localhost:32769]
	check.crcs = true
	client.dns.lookup = use_all_dns_ips
	client.id = consumer-Consumer-topic-a324c438_572d_4430_961b_9757ebe65721-7
	client.rack = 
	connections.max.idle.ms = 10000
	default.api.timeout.ms = 60000
	enable.auto.commit = true
	enable.metrics.push = true
	exclude.internal.topics = true
	fetch.max.bytes = 52428800
	fetch.max.wait.ms = 500
	fetch.min.bytes = 1
	group.id = Consumer-topic-a324c438_572d_4430_961b_9757ebe65721
	group.instance.id = null
	group.protocol = classic
	group.remote.assignor = null
	heartbeat.interval.ms = 3000
	interceptor.classes = []
	internal.leave.group.on.close = true
	internal.throw.on.fetch.stable.offset.unsupported = false
	isolation.level = read_uncommitted
	key.deserializer = class org.apache.kafka.common.serialization.StringDeserializer
	max.partition.fetch.bytes = 1048576
	max.poll.interval.ms = 300000
	max.poll.records = 500
	metadata.max.age.ms = 300000
	metadata.recovery.strategy = none
	metric.reporters = []
	metrics.num.samples = 2
	metrics.recording.level = INFO
	metrics.sample.window.ms = 30000
	partition.assignment.strategy = [class org.apache.kafka.clients.consumer.RangeAssignor, class org.apache.kafka.clients.consumer.CooperativeStickyAssignor]
	receive.buffer.bytes = 65536
	reconnect.backoff.max.ms = 1000
	reconnect.backoff.ms = 50
	request.timeout.ms = 5000
	retry.backoff.max.ms = 1000
	retry.backoff.ms = 100
	sasl.client.callback.handler.class = null
	sasl.jaas.config = null
	sasl.kerberos.kinit.cmd = /usr/bin/kinit
	sasl.kerberos.min.time.before.relogin = 60000
	sasl.kerberos.service.name = null
	sasl.kerberos.ticket.renew.jitter = 0.05
	sasl.kerberos.ticket.renew.window.factor = 0.8
	sasl.login.callback.handler.class = null
	sasl.login.class = null
	sasl.login.connect.timeout.ms = null
	sasl.login.read.timeout.ms = null
	sasl.login.refresh.buffer.seconds = 300
	sasl.login.refresh.min.period.seconds = 60
	sasl.login.refresh.window.factor = 0.8
	sasl.login.refresh.window.jitter = 0.05
	sasl.login.retry.backoff.max.ms = 10000
	sasl.login.retry.backoff.ms = 100
	sasl.mechanism = GSSAPI
	sasl.oauthbearer.clock.skew.seconds = 30
	sasl.oauthbearer.expected.audience = null
	sasl.oauthbearer.expected.issuer = null
	sasl.oauthbearer.header.urlencode = false
	sasl.oauthbearer.jwks.endpoint.refresh.ms = 3600000
	sasl.oauthbearer.jwks.endpoint.retry.backoff.max.ms = 10000
	sasl.oauthbearer.jwks.endpoint.retry.backoff.ms = 100
	sasl.oauthbearer.jwks.endpoint.url = null
	sasl.oauthbearer.scope.claim.name = scope
	sasl.oauthbearer.sub.claim.name = sub
	sasl.oauthbearer.token.endpoint.url = null
	security.protocol = PLAINTEXT
	security.providers = null
	send.buffer.bytes = 131072
	session.timeout.ms = 45000
	socket.connection.setup.timeout.max.ms = 30000
	socket.connection.setup.timeout.ms = 10000
	ssl.cipher.suites = null
	ssl.enabled.protocols = [TLSv1.2, TLSv1.3]
	ssl.endpoint.identification.algorithm = https
	ssl.engine.factory.class = null
	ssl.key.password = null
	ssl.keymanager.algorithm = SunX509
	ssl.keystore.certificate.chain = null
	ssl.keystore.key = null
	ssl.keystore.location = null
	ssl.keystore.password = null
	ssl.keystore.type = JKS
	ssl.protocol = TLSv1.3
	ssl.provider = null
	ssl.secure.random.implementation = null
	ssl.trustmanager.algorithm = PKIX
	ssl.truststore.certificates = null
	ssl.truststore.location = null
	ssl.truststore.password = null
	ssl.truststore.type = JKS
	value.deserializer = class io.apicurio.registry.serde.avro.AvroKafkaDeserializer

2025-08-13 16:43:36,238 INFO  [org.apa.kaf.com.tel.int.KafkaMetricsCollector] (main) initializing Kafka metrics collector
2025-08-13 16:43:36,254 INFO  [org.apa.kaf.cli.con.ConsumerConfig] (main) These configurations '[apicurio.registry.url]' were supplied but are not used yet.
2025-08-13 16:43:36,255 INFO  [org.apa.kaf.com.uti.AppInfoParser] (main) Kafka version: 3.9.1
2025-08-13 16:43:36,255 INFO  [org.apa.kaf.com.uti.AppInfoParser] (main) Kafka commitId: f745dfdcee2b9851
2025-08-13 16:43:36,255 INFO  [org.apa.kaf.com.uti.AppInfoParser] (main) Kafka startTimeMs: 1755103416254
2025-08-13 16:43:36,260 INFO  [org.apa.kaf.cli.con.int.ClassicKafkaConsumer] (Thread-648) [Consumer clientId=consumer-Consumer-topic-a324c438_572d_4430_961b_9757ebe65721-7, groupId=Consumer-topic-a324c438_572d_4430_961b_9757ebe65721] Subscribed to topic(s): topic-a324c438_572d_4430_961b_9757ebe65721
2025-08-13 16:43:36,267 INFO  [org.apa.kaf.cli.Metadata] (Thread-648) [Consumer clientId=consumer-Consumer-topic-a324c438_572d_4430_961b_9757ebe65721-7, groupId=Consumer-topic-a324c438_572d_4430_961b_9757ebe65721] Cluster ID: gmKMEoHzQ-qMHyrxO3JTXw
2025-08-13 16:43:36,279 INFO  [org.apa.kaf.cli.con.int.ConsumerCoordinator] (Thread-648) [Consumer clientId=consumer-Consumer-topic-a324c438_572d_4430_961b_9757ebe65721-7, groupId=Consumer-topic-a324c438_572d_4430_961b_9757ebe65721] Discovered group coordinator localhost:32769 (id: 2147483647 rack: null)
2025-08-13 16:43:36,283 INFO  [org.apa.kaf.cli.con.int.ConsumerCoordinator] (Thread-648) [Consumer clientId=consumer-Consumer-topic-a324c438_572d_4430_961b_9757ebe65721-7, groupId=Consumer-topic-a324c438_572d_4430_961b_9757ebe65721] (Re-)joining group
2025-08-13 16:43:36,291 INFO  [org.apa.kaf.cli.con.int.ConsumerCoordinator] (Thread-648) [Consumer clientId=consumer-Consumer-topic-a324c438_572d_4430_961b_9757ebe65721-7, groupId=Consumer-topic-a324c438_572d_4430_961b_9757ebe65721] Request joining group due to: need to re-join with the given member-id: consumer-Consumer-topic-a324c438_572d_4430_961b_9757ebe65721-7-de619c34-b0cd-4243-beb8-196b108db160
2025-08-13 16:43:36,293 INFO  [org.apa.kaf.cli.con.int.ConsumerCoordinator] (Thread-648) [Consumer clientId=consumer-Consumer-topic-a324c438_572d_4430_961b_9757ebe65721-7, groupId=Consumer-topic-a324c438_572d_4430_961b_9757ebe65721] (Re-)joining group
2025-08-13 16:43:37,261 INFO  [io.api.tes.ser.api.KafkaSerdesTester] (Thread-648) None found
2025-08-13 16:43:38,261 INFO  [io.api.tes.ser.api.KafkaSerdesTester] (Thread-648) None found
2025-08-13 16:43:39,261 INFO  [io.api.tes.ser.api.KafkaSerdesTester] (Thread-648) None found
2025-08-13 16:43:39,304 INFO  [org.apa.kaf.cli.con.int.ConsumerCoordinator] (Thread-648) [Consumer clientId=consumer-Consumer-topic-a324c438_572d_4430_961b_9757ebe65721-7, groupId=Consumer-topic-a324c438_572d_4430_961b_9757ebe65721] Successfully joined group with generation Generation{generationId=1, memberId='consumer-Consumer-topic-a324c438_572d_4430_961b_9757ebe65721-7-de619c34-b0cd-4243-beb8-196b108db160', protocol='range'}
2025-08-13 16:43:39,304 INFO  [org.apa.kaf.cli.con.int.ConsumerCoordinator] (Thread-648) [Consumer clientId=consumer-Consumer-topic-a324c438_572d_4430_961b_9757ebe65721-7, groupId=Consumer-topic-a324c438_572d_4430_961b_9757ebe65721] Finished assignment for group at generation 1: {consumer-Consumer-topic-a324c438_572d_4430_961b_9757ebe65721-7-de619c34-b0cd-4243-beb8-196b108db160=Assignment(partitions=[topic-a324c438_572d_4430_961b_9757ebe65721-0])}
2025-08-13 16:43:39,312 INFO  [org.apa.kaf.cli.con.int.ConsumerCoordinator] (Thread-648) [Consumer clientId=consumer-Consumer-topic-a324c438_572d_4430_961b_9757ebe65721-7, groupId=Consumer-topic-a324c438_572d_4430_961b_9757ebe65721] Successfully synced group in generation Generation{generationId=1, memberId='consumer-Consumer-topic-a324c438_572d_4430_961b_9757ebe65721-7-de619c34-b0cd-4243-beb8-196b108db160', protocol='range'}
2025-08-13 16:43:39,313 INFO  [org.apa.kaf.cli.con.int.ConsumerCoordinator] (Thread-648) [Consumer clientId=consumer-Consumer-topic-a324c438_572d_4430_961b_9757ebe65721-7, groupId=Consumer-topic-a324c438_572d_4430_961b_9757ebe65721] Notifying assignor about the new Assignment(partitions=[topic-a324c438_572d_4430_961b_9757ebe65721-0])
2025-08-13 16:43:39,313 INFO  [org.apa.kaf.cli.con.int.ConsumerRebalanceListenerInvoker] (Thread-648) [Consumer clientId=consumer-Consumer-topic-a324c438_572d_4430_961b_9757ebe65721-7, groupId=Consumer-topic-a324c438_572d_4430_961b_9757ebe65721] Adding newly assigned partitions: topic-a324c438_572d_4430_961b_9757ebe65721-0
2025-08-13 16:43:39,314 INFO  [org.apa.kaf.cli.con.int.ConsumerCoordinator] (Thread-648) [Consumer clientId=consumer-Consumer-topic-a324c438_572d_4430_961b_9757ebe65721-7, groupId=Consumer-topic-a324c438_572d_4430_961b_9757ebe65721] Found no committed offset for partition topic-a324c438_572d_4430_961b_9757ebe65721-0
2025-08-13 16:43:39,319 INFO  [org.apa.kaf.cli.con.int.SubscriptionState] (Thread-648) [Consumer clientId=consumer-Consumer-topic-a324c438_572d_4430_961b_9757ebe65721-7, groupId=Consumer-topic-a324c438_572d_4430_961b_9757ebe65721] Resetting offset for partition topic-a324c438_572d_4430_961b_9757ebe65721-0 to position FetchPosition{offset=0, offsetEpoch=Optional.empty, currentLeader=LeaderAndEpoch{leader=Optional[localhost:32769 (id: 0 rack: null)], epoch=0}}.
2025-08-13 16:43:39,353 INFO  [io.api.tes.ser.api.KafkaSerdesTester] (Thread-648) topic-a324c438_572d_4430_961b_9757ebe65721 0 0 {"key11755103415091": "value-0"}
2025-08-13 16:43:39,353 INFO  [io.api.tes.ser.api.KafkaSerdesTester] (Thread-648) topic-a324c438_572d_4430_961b_9757ebe65721 0 1 {"key11755103415091": "value-1"}
2025-08-13 16:43:39,353 INFO  [io.api.tes.ser.api.KafkaSerdesTester] (Thread-648) topic-a324c438_572d_4430_961b_9757ebe65721 0 2 {"key11755103415091": "value-2"}
2025-08-13 16:43:39,353 INFO  [io.api.tes.ser.api.KafkaSerdesTester] (Thread-648) topic-a324c438_572d_4430_961b_9757ebe65721 0 3 {"key11755103415091": "value-3"}
2025-08-13 16:43:39,353 INFO  [io.api.tes.ser.api.KafkaSerdesTester] (Thread-648) topic-a324c438_572d_4430_961b_9757ebe65721 0 4 {"key11755103415091": "value-4"}
2025-08-13 16:43:39,353 INFO  [io.api.tes.ser.api.KafkaSerdesTester] (Thread-648) topic-a324c438_572d_4430_961b_9757ebe65721 0 5 {"key11755103415091": "value-5"}
2025-08-13 16:43:39,353 INFO  [io.api.tes.ser.api.KafkaSerdesTester] (Thread-648) topic-a324c438_572d_4430_961b_9757ebe65721 0 6 {"key11755103415091": "value-6"}
2025-08-13 16:43:39,353 INFO  [io.api.tes.ser.api.KafkaSerdesTester] (Thread-648) topic-a324c438_572d_4430_961b_9757ebe65721 0 7 {"key11755103415091": "value-7"}
2025-08-13 16:43:39,353 INFO  [io.api.tes.ser.api.KafkaSerdesTester] (Thread-648) topic-a324c438_572d_4430_961b_9757ebe65721 0 8 {"key11755103415091": "value-8"}
2025-08-13 16:43:39,353 INFO  [io.api.tes.ser.api.KafkaSerdesTester] (Thread-648) topic-a324c438_572d_4430_961b_9757ebe65721 0 9 {"key11755103415091": "value-9"}
2025-08-13 16:43:39,353 INFO  [io.api.tes.ser.api.KafkaSerdesTester] (Thread-648) Consumed 10 messages
2025-08-13 16:43:39,362 INFO  [org.apa.kaf.cli.con.int.ConsumerRebalanceListenerInvoker] (Thread-648) [Consumer clientId=consumer-Consumer-topic-a324c438_572d_4430_961b_9757ebe65721-7, groupId=Consumer-topic-a324c438_572d_4430_961b_9757ebe65721] Revoke previously assigned partitions topic-a324c438_572d_4430_961b_9757ebe65721-0
2025-08-13 16:43:39,362 INFO  [org.apa.kaf.cli.con.int.ConsumerCoordinator] (Thread-648) [Consumer clientId=consumer-Consumer-topic-a324c438_572d_4430_961b_9757ebe65721-7, groupId=Consumer-topic-a324c438_572d_4430_961b_9757ebe65721] Member consumer-Consumer-topic-a324c438_572d_4430_961b_9757ebe65721-7-de619c34-b0cd-4243-beb8-196b108db160 sending LeaveGroup request to coordinator localhost:32769 (id: 2147483647 rack: null) due to the consumer is being closed
2025-08-13 16:43:39,362 INFO  [org.apa.kaf.cli.con.int.ConsumerCoordinator] (Thread-648) [Consumer clientId=consumer-Consumer-topic-a324c438_572d_4430_961b_9757ebe65721-7, groupId=Consumer-topic-a324c438_572d_4430_961b_9757ebe65721] Resetting generation and member id due to: consumer pro-actively leaving the group
2025-08-13 16:43:39,362 INFO  [org.apa.kaf.cli.con.int.ConsumerCoordinator] (Thread-648) [Consumer clientId=consumer-Consumer-topic-a324c438_572d_4430_961b_9757ebe65721-7, groupId=Consumer-topic-a324c438_572d_4430_961b_9757ebe65721] Request joining group due to: consumer pro-actively leaving the group
2025-08-13 16:43:39,856 INFO  [org.apa.kaf.com.met.Metrics] (Thread-648) Metrics scheduler closed
2025-08-13 16:43:39,856 INFO  [org.apa.kaf.com.met.Metrics] (Thread-648) Closing reporter org.apache.kafka.common.metrics.JmxReporter
2025-08-13 16:43:39,856 INFO  [org.apa.kaf.com.met.Metrics] (Thread-648) Closing reporter org.apache.kafka.common.telemetry.internals.ClientTelemetryReporter
2025-08-13 16:43:39,856 INFO  [org.apa.kaf.com.met.Metrics] (Thread-648) Metrics reporters closed
2025-08-13 16:43:39,860 INFO  [org.apa.kaf.com.uti.AppInfoParser] (Thread-648) App info kafka.consumer for consumer-Consumer-topic-a324c438_572d_4430_961b_9757ebe65721-7 unregistered
2025-08-13 16:43:39,860 INFO  [io.api.tes.uti.TestSeparator] (main) io.apicurio.tests.serdes.apicurio.AvroSerdeIT.testTopicIdStrategyFindLatest-FINISHED
2025-08-13 16:43:39,860 INFO  [io.api.tes.uti.TestSeparator] (main) ############################################################################
Test passed: testTopicIdStrategyFindLatest
]]></system-out>
  </testcase>
  <testcase name="testAvroUnionWithSpecificReader" classname="io.apicurio.tests.serdes.apicurio.AvroSerdeIT" time="3.927">
    <system-out><![CDATA[2025-08-13 16:43:39,865 INFO  [io.api.tes.uti.TestSeparator] (main) ############################################################################
2025-08-13 16:43:39,865 INFO  [io.api.tes.uti.TestSeparator] (main) io.apicurio.tests.serdes.apicurio.AvroSerdeIT.testAvroUnionWithSpecificReader-STARTED
**** Registry Base URL: http://registry-app-pg17.apps.ci419.apicurio-testing.org:80
2025-08-13 16:43:39,875 INFO  [org.apa.kaf.cli.pro.ProducerConfig] (main) ProducerConfig values: 
	acks = -1
	auto.include.jmx.reporter = true
	batch.size = 16384
	bootstrap.servers = [PLAINTEXT://localhost:32769]
	buffer.memory = 33554432
	client.dns.lookup = use_all_dns_ips
	client.id = Producer-topic-2e136f99_3d43_493d_a3be_fa6bd03f3a1d
	compression.gzip.level = -1
	compression.lz4.level = 9
	compression.type = none
	compression.zstd.level = 3
	connections.max.idle.ms = 10000
	delivery.timeout.ms = 120000
	enable.idempotence = true
	enable.metrics.push = true
	interceptor.classes = []
	key.serializer = class org.apache.kafka.common.serialization.StringSerializer
	linger.ms = 0
	max.block.ms = 60000
	max.in.flight.requests.per.connection = 5
	max.request.size = 1048576
	metadata.max.age.ms = 300000
	metadata.max.idle.ms = 300000
	metadata.recovery.strategy = none
	metric.reporters = []
	metrics.num.samples = 2
	metrics.recording.level = INFO
	metrics.sample.window.ms = 30000
	partitioner.adaptive.partitioning.enable = true
	partitioner.availability.timeout.ms = 0
	partitioner.class = null
	partitioner.ignore.keys = false
	receive.buffer.bytes = 32768
	reconnect.backoff.max.ms = 1000
	reconnect.backoff.ms = 50
	request.timeout.ms = 5000
	retries = 2147483647
	retry.backoff.max.ms = 1000
	retry.backoff.ms = 100
	sasl.client.callback.handler.class = null
	sasl.jaas.config = null
	sasl.kerberos.kinit.cmd = /usr/bin/kinit
	sasl.kerberos.min.time.before.relogin = 60000
	sasl.kerberos.service.name = null
	sasl.kerberos.ticket.renew.jitter = 0.05
	sasl.kerberos.ticket.renew.window.factor = 0.8
	sasl.login.callback.handler.class = null
	sasl.login.class = null
	sasl.login.connect.timeout.ms = null
	sasl.login.read.timeout.ms = null
	sasl.login.refresh.buffer.seconds = 300
	sasl.login.refresh.min.period.seconds = 60
	sasl.login.refresh.window.factor = 0.8
	sasl.login.refresh.window.jitter = 0.05
	sasl.login.retry.backoff.max.ms = 10000
	sasl.login.retry.backoff.ms = 100
	sasl.mechanism = GSSAPI
	sasl.oauthbearer.clock.skew.seconds = 30
	sasl.oauthbearer.expected.audience = null
	sasl.oauthbearer.expected.issuer = null
	sasl.oauthbearer.header.urlencode = false
	sasl.oauthbearer.jwks.endpoint.refresh.ms = 3600000
	sasl.oauthbearer.jwks.endpoint.retry.backoff.max.ms = 10000
	sasl.oauthbearer.jwks.endpoint.retry.backoff.ms = 100
	sasl.oauthbearer.jwks.endpoint.url = null
	sasl.oauthbearer.scope.claim.name = scope
	sasl.oauthbearer.sub.claim.name = sub
	sasl.oauthbearer.token.endpoint.url = null
	security.protocol = PLAINTEXT
	security.providers = null
	send.buffer.bytes = 131072
	socket.connection.setup.timeout.max.ms = 30000
	socket.connection.setup.timeout.ms = 10000
	ssl.cipher.suites = null
	ssl.enabled.protocols = [TLSv1.2, TLSv1.3]
	ssl.endpoint.identification.algorithm = https
	ssl.engine.factory.class = null
	ssl.key.password = null
	ssl.keymanager.algorithm = SunX509
	ssl.keystore.certificate.chain = null
	ssl.keystore.key = null
	ssl.keystore.location = null
	ssl.keystore.password = null
	ssl.keystore.type = JKS
	ssl.protocol = TLSv1.3
	ssl.provider = null
	ssl.secure.random.implementation = null
	ssl.trustmanager.algorithm = PKIX
	ssl.truststore.certificates = null
	ssl.truststore.location = null
	ssl.truststore.password = null
	ssl.truststore.type = JKS
	transaction.timeout.ms = 60000
	transactional.id = null
	value.serializer = class io.apicurio.registry.serde.avro.AvroKafkaSerializer

2025-08-13 16:43:39,876 INFO  [org.apa.kaf.com.tel.int.KafkaMetricsCollector] (main) initializing Kafka metrics collector
2025-08-13 16:43:39,880 INFO  [org.apa.kaf.cli.pro.KafkaProducer] (main) [Producer clientId=Producer-topic-2e136f99_3d43_493d_a3be_fa6bd03f3a1d] Instantiated an idempotent producer.
2025-08-13 16:43:39,882 INFO  [org.apa.kaf.cli.pro.ProducerConfig] (main) These configurations '[apicurio.registry.url, apicurio.registry.auto-register, apicurio.registry.artifact-resolver-strategy]' were supplied but are not used yet.
2025-08-13 16:43:39,884 INFO  [org.apa.kaf.com.uti.AppInfoParser] (main) Kafka version: 3.9.1
2025-08-13 16:43:39,884 INFO  [org.apa.kaf.com.uti.AppInfoParser] (main) Kafka commitId: f745dfdcee2b9851
2025-08-13 16:43:39,884 INFO  [org.apa.kaf.com.uti.AppInfoParser] (main) Kafka startTimeMs: 1755103419883
2025-08-13 16:43:39,884 INFO  [io.api.tes.ser.api.SimpleSerdesTesterBuilder$SimpleSerdesTester] (main) Using producer configuration: {apicurio.registry.url=http://registry-app-pg17.apps.ci419.apicurio-testing.org:80/apis/registry/v3, apicurio.registry.auto-register=true, apicurio.registry.artifact-resolver-strategy=io.apicurio.registry.serde.strategy.TopicIdStrategy, value.serializer=io.apicurio.registry.serde.avro.AvroKafkaSerializer, request.timeout.ms=5000, acks=all, bootstrap.servers=PLAINTEXT://localhost:32769, connections.max.idle.ms=10000, key.serializer=org.apache.kafka.common.serialization.StringSerializer, client.id=Producer-topic-2e136f99_3d43_493d_a3be_fa6bd03f3a1d}
2025-08-13 16:43:39,885 INFO  [io.api.tes.ser.api.SimpleSerdesTesterBuilder$SimpleSerdesTester] (main) Using consumer configuration: {}
2025-08-13 16:43:39,886 INFO  [io.api.tes.ser.api.KafkaSerdesTester] (Thread-651) Sending message {"id": "record-0"} to topic topic-2e136f99_3d43_493d_a3be_fa6bd03f3a1d
2025-08-13 16:43:39,890 WARN  [org.apa.kaf.cli.NetworkClient] (kafka-producer-network-thread | Producer-topic-2e136f99_3d43_493d_a3be_fa6bd03f3a1d) [Producer clientId=Producer-topic-2e136f99_3d43_493d_a3be_fa6bd03f3a1d] The metadata response from the cluster reported a recoverable issue with correlation id 1 : {topic-2e136f99_3d43_493d_a3be_fa6bd03f3a1d=UNKNOWN_TOPIC_OR_PARTITION}
2025-08-13 16:43:39,890 INFO  [org.apa.kaf.cli.Metadata] (kafka-producer-network-thread | Producer-topic-2e136f99_3d43_493d_a3be_fa6bd03f3a1d) [Producer clientId=Producer-topic-2e136f99_3d43_493d_a3be_fa6bd03f3a1d] Cluster ID: gmKMEoHzQ-qMHyrxO3JTXw
2025-08-13 16:43:39,890 INFO  [org.apa.kaf.cli.pro.int.TransactionManager] (kafka-producer-network-thread | Producer-topic-2e136f99_3d43_493d_a3be_fa6bd03f3a1d) [Producer clientId=Producer-topic-2e136f99_3d43_493d_a3be_fa6bd03f3a1d] ProducerId set to 10 with epoch 0
2025-08-13 16:43:40,050 INFO  [io.api.tes.ser.api.KafkaSerdesTester] (Thread-651) Sending message {"value": 1} to topic topic-2e136f99_3d43_493d_a3be_fa6bd03f3a1d
2025-08-13 16:43:40,098 INFO  [io.api.tes.ser.api.KafkaSerdesTester] (Thread-651) Sending message {"active": true} to topic topic-2e136f99_3d43_493d_a3be_fa6bd03f3a1d
2025-08-13 16:43:40,137 INFO  [io.api.tes.ser.api.KafkaSerdesTester] (Thread-651) Sending message {"id": "record-3"} to topic topic-2e136f99_3d43_493d_a3be_fa6bd03f3a1d
2025-08-13 16:43:40,139 INFO  [io.api.tes.ser.api.KafkaSerdesTester] (Thread-651) Sending message {"value": 4} to topic topic-2e136f99_3d43_493d_a3be_fa6bd03f3a1d
2025-08-13 16:43:40,141 INFO  [io.api.tes.ser.api.KafkaSerdesTester] (Thread-651) Sending message {"active": false} to topic topic-2e136f99_3d43_493d_a3be_fa6bd03f3a1d
2025-08-13 16:43:40,144 INFO  [io.api.tes.ser.api.KafkaSerdesTester] (Thread-651) Sending message {"id": "record-6"} to topic topic-2e136f99_3d43_493d_a3be_fa6bd03f3a1d
2025-08-13 16:43:40,146 INFO  [io.api.tes.ser.api.KafkaSerdesTester] (Thread-651) Sending message {"value": 7} to topic topic-2e136f99_3d43_493d_a3be_fa6bd03f3a1d
2025-08-13 16:43:40,148 INFO  [io.api.tes.ser.api.KafkaSerdesTester] (Thread-651) Sending message {"active": true} to topic topic-2e136f99_3d43_493d_a3be_fa6bd03f3a1d
2025-08-13 16:43:40,152 INFO  [io.api.tes.ser.api.KafkaSerdesTester] (Thread-651) Sending message {"id": "record-9"} to topic topic-2e136f99_3d43_493d_a3be_fa6bd03f3a1d
2025-08-13 16:43:40,157 INFO  [io.api.tes.ser.api.KafkaSerdesTester] (Thread-651) Produced 10 messages
2025-08-13 16:43:40,157 INFO  [org.apa.kaf.cli.pro.KafkaProducer] (Thread-651) [Producer clientId=Producer-topic-2e136f99_3d43_493d_a3be_fa6bd03f3a1d] Closing the Kafka producer with timeoutMillis = 9223372036854775807 ms.
2025-08-13 16:43:40,159 INFO  [org.apa.kaf.com.met.Metrics] (Thread-651) Metrics scheduler closed
2025-08-13 16:43:40,159 INFO  [org.apa.kaf.com.met.Metrics] (Thread-651) Closing reporter org.apache.kafka.common.metrics.JmxReporter
2025-08-13 16:43:40,159 INFO  [org.apa.kaf.com.met.Metrics] (Thread-651) Closing reporter org.apache.kafka.common.telemetry.internals.ClientTelemetryReporter
2025-08-13 16:43:40,159 INFO  [org.apa.kaf.com.met.Metrics] (Thread-651) Metrics reporters closed
2025-08-13 16:43:40,160 INFO  [org.apa.kaf.com.uti.AppInfoParser] (Thread-651) App info kafka.producer for Producer-topic-2e136f99_3d43_493d_a3be_fa6bd03f3a1d unregistered
2025-08-13 16:43:40,171 INFO  [io.api.tes.ser.api.AvroSerdeIT] (main) Artifact topic-2e136f99_3d43_493d_a3be_fa6bd03f3a1d-value found in registry with globalId 25
**** Registry Base URL: http://registry-app-pg17.apps.ci419.apicurio-testing.org:80
2025-08-13 16:43:40,172 INFO  [org.apa.kaf.cli.con.ConsumerConfig] (main) ConsumerConfig values: 
	allow.auto.create.topics = true
	auto.commit.interval.ms = 500
	auto.include.jmx.reporter = true
	auto.offset.reset = earliest
	bootstrap.servers = [PLAINTEXT://localhost:32769]
	check.crcs = true
	client.dns.lookup = use_all_dns_ips
	client.id = consumer-Consumer-topic-2e136f99_3d43_493d_a3be_fa6bd03f3a1d-8
	client.rack = 
	connections.max.idle.ms = 10000
	default.api.timeout.ms = 60000
	enable.auto.commit = true
	enable.metrics.push = true
	exclude.internal.topics = true
	fetch.max.bytes = 52428800
	fetch.max.wait.ms = 500
	fetch.min.bytes = 1
	group.id = Consumer-topic-2e136f99_3d43_493d_a3be_fa6bd03f3a1d
	group.instance.id = null
	group.protocol = classic
	group.remote.assignor = null
	heartbeat.interval.ms = 3000
	interceptor.classes = []
	internal.leave.group.on.close = true
	internal.throw.on.fetch.stable.offset.unsupported = false
	isolation.level = read_uncommitted
	key.deserializer = class org.apache.kafka.common.serialization.StringDeserializer
	max.partition.fetch.bytes = 1048576
	max.poll.interval.ms = 300000
	max.poll.records = 500
	metadata.max.age.ms = 300000
	metadata.recovery.strategy = none
	metric.reporters = []
	metrics.num.samples = 2
	metrics.recording.level = INFO
	metrics.sample.window.ms = 30000
	partition.assignment.strategy = [class org.apache.kafka.clients.consumer.RangeAssignor, class org.apache.kafka.clients.consumer.CooperativeStickyAssignor]
	receive.buffer.bytes = 65536
	reconnect.backoff.max.ms = 1000
	reconnect.backoff.ms = 50
	request.timeout.ms = 5000
	retry.backoff.max.ms = 1000
	retry.backoff.ms = 100
	sasl.client.callback.handler.class = null
	sasl.jaas.config = null
	sasl.kerberos.kinit.cmd = /usr/bin/kinit
	sasl.kerberos.min.time.before.relogin = 60000
	sasl.kerberos.service.name = null
	sasl.kerberos.ticket.renew.jitter = 0.05
	sasl.kerberos.ticket.renew.window.factor = 0.8
	sasl.login.callback.handler.class = null
	sasl.login.class = null
	sasl.login.connect.timeout.ms = null
	sasl.login.read.timeout.ms = null
	sasl.login.refresh.buffer.seconds = 300
	sasl.login.refresh.min.period.seconds = 60
	sasl.login.refresh.window.factor = 0.8
	sasl.login.refresh.window.jitter = 0.05
	sasl.login.retry.backoff.max.ms = 10000
	sasl.login.retry.backoff.ms = 100
	sasl.mechanism = GSSAPI
	sasl.oauthbearer.clock.skew.seconds = 30
	sasl.oauthbearer.expected.audience = null
	sasl.oauthbearer.expected.issuer = null
	sasl.oauthbearer.header.urlencode = false
	sasl.oauthbearer.jwks.endpoint.refresh.ms = 3600000
	sasl.oauthbearer.jwks.endpoint.retry.backoff.max.ms = 10000
	sasl.oauthbearer.jwks.endpoint.retry.backoff.ms = 100
	sasl.oauthbearer.jwks.endpoint.url = null
	sasl.oauthbearer.scope.claim.name = scope
	sasl.oauthbearer.sub.claim.name = sub
	sasl.oauthbearer.token.endpoint.url = null
	security.protocol = PLAINTEXT
	security.providers = null
	send.buffer.bytes = 131072
	session.timeout.ms = 45000
	socket.connection.setup.timeout.max.ms = 30000
	socket.connection.setup.timeout.ms = 10000
	ssl.cipher.suites = null
	ssl.enabled.protocols = [TLSv1.2, TLSv1.3]
	ssl.endpoint.identification.algorithm = https
	ssl.engine.factory.class = null
	ssl.key.password = null
	ssl.keymanager.algorithm = SunX509
	ssl.keystore.certificate.chain = null
	ssl.keystore.key = null
	ssl.keystore.location = null
	ssl.keystore.password = null
	ssl.keystore.type = JKS
	ssl.protocol = TLSv1.3
	ssl.provider = null
	ssl.secure.random.implementation = null
	ssl.trustmanager.algorithm = PKIX
	ssl.truststore.certificates = null
	ssl.truststore.location = null
	ssl.truststore.password = null
	ssl.truststore.type = JKS
	value.deserializer = class io.apicurio.registry.serde.avro.AvroKafkaDeserializer

2025-08-13 16:43:40,172 INFO  [org.apa.kaf.com.tel.int.KafkaMetricsCollector] (main) initializing Kafka metrics collector
2025-08-13 16:43:40,179 INFO  [org.apa.kaf.cli.con.ConsumerConfig] (main) These configurations '[apicurio.registry.url]' were supplied but are not used yet.
2025-08-13 16:43:40,179 INFO  [org.apa.kaf.com.uti.AppInfoParser] (main) Kafka version: 3.9.1
2025-08-13 16:43:40,179 INFO  [org.apa.kaf.com.uti.AppInfoParser] (main) Kafka commitId: f745dfdcee2b9851
2025-08-13 16:43:40,179 INFO  [org.apa.kaf.com.uti.AppInfoParser] (main) Kafka startTimeMs: 1755103420179
2025-08-13 16:43:40,180 INFO  [org.apa.kaf.cli.con.int.ClassicKafkaConsumer] (Thread-654) [Consumer clientId=consumer-Consumer-topic-2e136f99_3d43_493d_a3be_fa6bd03f3a1d-8, groupId=Consumer-topic-2e136f99_3d43_493d_a3be_fa6bd03f3a1d] Subscribed to topic(s): topic-2e136f99_3d43_493d_a3be_fa6bd03f3a1d
2025-08-13 16:43:40,186 INFO  [org.apa.kaf.cli.Metadata] (Thread-654) [Consumer clientId=consumer-Consumer-topic-2e136f99_3d43_493d_a3be_fa6bd03f3a1d-8, groupId=Consumer-topic-2e136f99_3d43_493d_a3be_fa6bd03f3a1d] Cluster ID: gmKMEoHzQ-qMHyrxO3JTXw
2025-08-13 16:43:40,186 INFO  [org.apa.kaf.cli.con.int.ConsumerCoordinator] (Thread-654) [Consumer clientId=consumer-Consumer-topic-2e136f99_3d43_493d_a3be_fa6bd03f3a1d-8, groupId=Consumer-topic-2e136f99_3d43_493d_a3be_fa6bd03f3a1d] Discovered group coordinator localhost:32769 (id: 2147483647 rack: null)
2025-08-13 16:43:40,190 INFO  [org.apa.kaf.cli.con.int.ConsumerCoordinator] (Thread-654) [Consumer clientId=consumer-Consumer-topic-2e136f99_3d43_493d_a3be_fa6bd03f3a1d-8, groupId=Consumer-topic-2e136f99_3d43_493d_a3be_fa6bd03f3a1d] (Re-)joining group
2025-08-13 16:43:40,197 INFO  [org.apa.kaf.cli.con.int.ConsumerCoordinator] (Thread-654) [Consumer clientId=consumer-Consumer-topic-2e136f99_3d43_493d_a3be_fa6bd03f3a1d-8, groupId=Consumer-topic-2e136f99_3d43_493d_a3be_fa6bd03f3a1d] Request joining group due to: need to re-join with the given member-id: consumer-Consumer-topic-2e136f99_3d43_493d_a3be_fa6bd03f3a1d-8-5bc4af9e-e029-4516-a6a9-b9abb911e90d
2025-08-13 16:43:40,197 INFO  [org.apa.kaf.cli.con.int.ConsumerCoordinator] (Thread-654) [Consumer clientId=consumer-Consumer-topic-2e136f99_3d43_493d_a3be_fa6bd03f3a1d-8, groupId=Consumer-topic-2e136f99_3d43_493d_a3be_fa6bd03f3a1d] (Re-)joining group
2025-08-13 16:43:41,181 INFO  [io.api.tes.ser.api.KafkaSerdesTester] (Thread-654) None found
2025-08-13 16:43:42,181 INFO  [io.api.tes.ser.api.KafkaSerdesTester] (Thread-654) None found
2025-08-13 16:43:43,182 INFO  [io.api.tes.ser.api.KafkaSerdesTester] (Thread-654) None found
2025-08-13 16:43:43,200 INFO  [org.apa.kaf.cli.con.int.ConsumerCoordinator] (Thread-654) [Consumer clientId=consumer-Consumer-topic-2e136f99_3d43_493d_a3be_fa6bd03f3a1d-8, groupId=Consumer-topic-2e136f99_3d43_493d_a3be_fa6bd03f3a1d] Successfully joined group with generation Generation{generationId=1, memberId='consumer-Consumer-topic-2e136f99_3d43_493d_a3be_fa6bd03f3a1d-8-5bc4af9e-e029-4516-a6a9-b9abb911e90d', protocol='range'}
2025-08-13 16:43:43,201 INFO  [org.apa.kaf.cli.con.int.ConsumerCoordinator] (Thread-654) [Consumer clientId=consumer-Consumer-topic-2e136f99_3d43_493d_a3be_fa6bd03f3a1d-8, groupId=Consumer-topic-2e136f99_3d43_493d_a3be_fa6bd03f3a1d] Finished assignment for group at generation 1: {consumer-Consumer-topic-2e136f99_3d43_493d_a3be_fa6bd03f3a1d-8-5bc4af9e-e029-4516-a6a9-b9abb911e90d=Assignment(partitions=[topic-2e136f99_3d43_493d_a3be_fa6bd03f3a1d-0])}
2025-08-13 16:43:43,210 INFO  [org.apa.kaf.cli.con.int.ConsumerCoordinator] (kafka-coordinator-heartbeat-thread | Consumer-topic-2e136f99_3d43_493d_a3be_fa6bd03f3a1d) [Consumer clientId=consumer-Consumer-topic-2e136f99_3d43_493d_a3be_fa6bd03f3a1d-8, groupId=Consumer-topic-2e136f99_3d43_493d_a3be_fa6bd03f3a1d] Successfully synced group in generation Generation{generationId=1, memberId='consumer-Consumer-topic-2e136f99_3d43_493d_a3be_fa6bd03f3a1d-8-5bc4af9e-e029-4516-a6a9-b9abb911e90d', protocol='range'}
2025-08-13 16:43:43,211 INFO  [org.apa.kaf.cli.con.int.ConsumerCoordinator] (Thread-654) [Consumer clientId=consumer-Consumer-topic-2e136f99_3d43_493d_a3be_fa6bd03f3a1d-8, groupId=Consumer-topic-2e136f99_3d43_493d_a3be_fa6bd03f3a1d] Notifying assignor about the new Assignment(partitions=[topic-2e136f99_3d43_493d_a3be_fa6bd03f3a1d-0])
2025-08-13 16:43:43,211 INFO  [org.apa.kaf.cli.con.int.ConsumerRebalanceListenerInvoker] (Thread-654) [Consumer clientId=consumer-Consumer-topic-2e136f99_3d43_493d_a3be_fa6bd03f3a1d-8, groupId=Consumer-topic-2e136f99_3d43_493d_a3be_fa6bd03f3a1d] Adding newly assigned partitions: topic-2e136f99_3d43_493d_a3be_fa6bd03f3a1d-0
2025-08-13 16:43:43,212 INFO  [org.apa.kaf.cli.con.int.ConsumerCoordinator] (Thread-654) [Consumer clientId=consumer-Consumer-topic-2e136f99_3d43_493d_a3be_fa6bd03f3a1d-8, groupId=Consumer-topic-2e136f99_3d43_493d_a3be_fa6bd03f3a1d] Found no committed offset for partition topic-2e136f99_3d43_493d_a3be_fa6bd03f3a1d-0
2025-08-13 16:43:43,219 INFO  [org.apa.kaf.cli.con.int.SubscriptionState] (Thread-654) [Consumer clientId=consumer-Consumer-topic-2e136f99_3d43_493d_a3be_fa6bd03f3a1d-8, groupId=Consumer-topic-2e136f99_3d43_493d_a3be_fa6bd03f3a1d] Resetting offset for partition topic-2e136f99_3d43_493d_a3be_fa6bd03f3a1d-0 to position FetchPosition{offset=0, offsetEpoch=Optional.empty, currentLeader=LeaderAndEpoch{leader=Optional[localhost:32769 (id: 0 rack: null)], epoch=0}}.
2025-08-13 16:43:43,278 INFO  [io.api.tes.ser.api.KafkaSerdesTester] (Thread-654) topic-2e136f99_3d43_493d_a3be_fa6bd03f3a1d 0 0 {"id": "record-0"}
2025-08-13 16:43:43,278 INFO  [io.api.tes.ser.api.KafkaSerdesTester] (Thread-654) topic-2e136f99_3d43_493d_a3be_fa6bd03f3a1d 0 1 {"value": 1}
2025-08-13 16:43:43,278 INFO  [io.api.tes.ser.api.KafkaSerdesTester] (Thread-654) topic-2e136f99_3d43_493d_a3be_fa6bd03f3a1d 0 2 {"active": true}
2025-08-13 16:43:43,278 INFO  [io.api.tes.ser.api.KafkaSerdesTester] (Thread-654) topic-2e136f99_3d43_493d_a3be_fa6bd03f3a1d 0 3 {"id": "record-3"}
2025-08-13 16:43:43,278 INFO  [io.api.tes.ser.api.KafkaSerdesTester] (Thread-654) topic-2e136f99_3d43_493d_a3be_fa6bd03f3a1d 0 4 {"value": 4}
2025-08-13 16:43:43,278 INFO  [io.api.tes.ser.api.KafkaSerdesTester] (Thread-654) topic-2e136f99_3d43_493d_a3be_fa6bd03f3a1d 0 5 {"active": false}
2025-08-13 16:43:43,278 INFO  [io.api.tes.ser.api.KafkaSerdesTester] (Thread-654) topic-2e136f99_3d43_493d_a3be_fa6bd03f3a1d 0 6 {"id": "record-6"}
2025-08-13 16:43:43,278 INFO  [io.api.tes.ser.api.KafkaSerdesTester] (Thread-654) topic-2e136f99_3d43_493d_a3be_fa6bd03f3a1d 0 7 {"value": 7}
2025-08-13 16:43:43,278 INFO  [io.api.tes.ser.api.KafkaSerdesTester] (Thread-654) topic-2e136f99_3d43_493d_a3be_fa6bd03f3a1d 0 8 {"active": true}
2025-08-13 16:43:43,278 INFO  [io.api.tes.ser.api.KafkaSerdesTester] (Thread-654) topic-2e136f99_3d43_493d_a3be_fa6bd03f3a1d 0 9 {"id": "record-9"}
2025-08-13 16:43:43,278 INFO  [io.api.tes.ser.api.KafkaSerdesTester] (Thread-654) Consumed 10 messages
2025-08-13 16:43:43,286 INFO  [org.apa.kaf.cli.con.int.ConsumerRebalanceListenerInvoker] (Thread-654) [Consumer clientId=consumer-Consumer-topic-2e136f99_3d43_493d_a3be_fa6bd03f3a1d-8, groupId=Consumer-topic-2e136f99_3d43_493d_a3be_fa6bd03f3a1d] Revoke previously assigned partitions topic-2e136f99_3d43_493d_a3be_fa6bd03f3a1d-0
2025-08-13 16:43:43,286 INFO  [org.apa.kaf.cli.con.int.ConsumerCoordinator] (Thread-654) [Consumer clientId=consumer-Consumer-topic-2e136f99_3d43_493d_a3be_fa6bd03f3a1d-8, groupId=Consumer-topic-2e136f99_3d43_493d_a3be_fa6bd03f3a1d] Member consumer-Consumer-topic-2e136f99_3d43_493d_a3be_fa6bd03f3a1d-8-5bc4af9e-e029-4516-a6a9-b9abb911e90d sending LeaveGroup request to coordinator localhost:32769 (id: 2147483647 rack: null) due to the consumer is being closed
2025-08-13 16:43:43,286 INFO  [org.apa.kaf.cli.con.int.ConsumerCoordinator] (Thread-654) [Consumer clientId=consumer-Consumer-topic-2e136f99_3d43_493d_a3be_fa6bd03f3a1d-8, groupId=Consumer-topic-2e136f99_3d43_493d_a3be_fa6bd03f3a1d] Resetting generation and member id due to: consumer pro-actively leaving the group
2025-08-13 16:43:43,286 INFO  [org.apa.kaf.cli.con.int.ConsumerCoordinator] (Thread-654) [Consumer clientId=consumer-Consumer-topic-2e136f99_3d43_493d_a3be_fa6bd03f3a1d-8, groupId=Consumer-topic-2e136f99_3d43_493d_a3be_fa6bd03f3a1d] Request joining group due to: consumer pro-actively leaving the group
2025-08-13 16:43:43,782 INFO  [org.apa.kaf.com.met.Metrics] (Thread-654) Metrics scheduler closed
2025-08-13 16:43:43,782 INFO  [org.apa.kaf.com.met.Metrics] (Thread-654) Closing reporter org.apache.kafka.common.metrics.JmxReporter
2025-08-13 16:43:43,782 INFO  [org.apa.kaf.com.met.Metrics] (Thread-654) Closing reporter org.apache.kafka.common.telemetry.internals.ClientTelemetryReporter
2025-08-13 16:43:43,782 INFO  [org.apa.kaf.com.met.Metrics] (Thread-654) Metrics reporters closed
2025-08-13 16:43:43,787 INFO  [org.apa.kaf.com.uti.AppInfoParser] (Thread-654) App info kafka.consumer for consumer-Consumer-topic-2e136f99_3d43_493d_a3be_fa6bd03f3a1d-8 unregistered
2025-08-13 16:43:43,788 INFO  [io.api.tes.uti.TestSeparator] (main) io.apicurio.tests.serdes.apicurio.AvroSerdeIT.testAvroUnionWithSpecificReader-FINISHED
2025-08-13 16:43:43,788 INFO  [io.api.tes.uti.TestSeparator] (main) ############################################################################
Test passed: testAvroUnionWithSpecificReader
]]></system-out>
  </testcase>
  <testcase name="testEvolveAvroApicurioReusingClient" classname="io.apicurio.tests.serdes.apicurio.AvroSerdeIT" time="7.115">
    <system-out><![CDATA[2025-08-13 16:43:43,789 INFO  [io.api.tes.uti.TestSeparator] (main) ############################################################################
2025-08-13 16:43:43,790 INFO  [io.api.tes.uti.TestSeparator] (main) io.apicurio.tests.serdes.apicurio.AvroSerdeIT.testEvolveAvroApicurioReusingClient-STARTED
2025-08-13 16:43:43,792 INFO  [io.api.tes.ser.api.AvroSerdeIT] (main) Registering Avro Schema: {"type":"record","name":"s445ca1b0x9400x4a6cx85cbx14e4f9fda9e7","namespace":"ns_99d532e5_0543_4ebf_938d_bec8a8f8fd2d","fields":[{"name":"key11755103423791","type":"string"}]}
**** Registry Base URL: http://registry-app-pg17.apps.ci419.apicurio-testing.org:80
2025-08-13 16:43:44,831 INFO  [org.apa.kaf.cli.pro.ProducerConfig] (main) ProducerConfig values: 
	acks = -1
	auto.include.jmx.reporter = true
	batch.size = 16384
	bootstrap.servers = [PLAINTEXT://localhost:32769]
	buffer.memory = 33554432
	client.dns.lookup = use_all_dns_ips
	client.id = Producer-topic-cfc8b363_b011_4711_bb5c_c50b9baa6913
	compression.gzip.level = -1
	compression.lz4.level = 9
	compression.type = none
	compression.zstd.level = 3
	connections.max.idle.ms = 10000
	delivery.timeout.ms = 120000
	enable.idempotence = true
	enable.metrics.push = true
	interceptor.classes = []
	key.serializer = class org.apache.kafka.common.serialization.StringSerializer
	linger.ms = 0
	max.block.ms = 60000
	max.in.flight.requests.per.connection = 5
	max.request.size = 1048576
	metadata.max.age.ms = 300000
	metadata.max.idle.ms = 300000
	metadata.recovery.strategy = none
	metric.reporters = []
	metrics.num.samples = 2
	metrics.recording.level = INFO
	metrics.sample.window.ms = 30000
	partitioner.adaptive.partitioning.enable = true
	partitioner.availability.timeout.ms = 0
	partitioner.class = null
	partitioner.ignore.keys = false
	receive.buffer.bytes = 32768
	reconnect.backoff.max.ms = 1000
	reconnect.backoff.ms = 50
	request.timeout.ms = 5000
	retries = 2147483647
	retry.backoff.max.ms = 1000
	retry.backoff.ms = 100
	sasl.client.callback.handler.class = null
	sasl.jaas.config = null
	sasl.kerberos.kinit.cmd = /usr/bin/kinit
	sasl.kerberos.min.time.before.relogin = 60000
	sasl.kerberos.service.name = null
	sasl.kerberos.ticket.renew.jitter = 0.05
	sasl.kerberos.ticket.renew.window.factor = 0.8
	sasl.login.callback.handler.class = null
	sasl.login.class = null
	sasl.login.connect.timeout.ms = null
	sasl.login.read.timeout.ms = null
	sasl.login.refresh.buffer.seconds = 300
	sasl.login.refresh.min.period.seconds = 60
	sasl.login.refresh.window.factor = 0.8
	sasl.login.refresh.window.jitter = 0.05
	sasl.login.retry.backoff.max.ms = 10000
	sasl.login.retry.backoff.ms = 100
	sasl.mechanism = GSSAPI
	sasl.oauthbearer.clock.skew.seconds = 30
	sasl.oauthbearer.expected.audience = null
	sasl.oauthbearer.expected.issuer = null
	sasl.oauthbearer.header.urlencode = false
	sasl.oauthbearer.jwks.endpoint.refresh.ms = 3600000
	sasl.oauthbearer.jwks.endpoint.retry.backoff.max.ms = 10000
	sasl.oauthbearer.jwks.endpoint.retry.backoff.ms = 100
	sasl.oauthbearer.jwks.endpoint.url = null
	sasl.oauthbearer.scope.claim.name = scope
	sasl.oauthbearer.sub.claim.name = sub
	sasl.oauthbearer.token.endpoint.url = null
	security.protocol = PLAINTEXT
	security.providers = null
	send.buffer.bytes = 131072
	socket.connection.setup.timeout.max.ms = 30000
	socket.connection.setup.timeout.ms = 10000
	ssl.cipher.suites = null
	ssl.enabled.protocols = [TLSv1.2, TLSv1.3]
	ssl.endpoint.identification.algorithm = https
	ssl.engine.factory.class = null
	ssl.key.password = null
	ssl.keymanager.algorithm = SunX509
	ssl.keystore.certificate.chain = null
	ssl.keystore.key = null
	ssl.keystore.location = null
	ssl.keystore.password = null
	ssl.keystore.type = JKS
	ssl.protocol = TLSv1.3
	ssl.provider = null
	ssl.secure.random.implementation = null
	ssl.trustmanager.algorithm = PKIX
	ssl.truststore.certificates = null
	ssl.truststore.location = null
	ssl.truststore.password = null
	ssl.truststore.type = JKS
	transaction.timeout.ms = 60000
	transactional.id = null
	value.serializer = class io.apicurio.registry.serde.avro.AvroKafkaSerializer

2025-08-13 16:43:44,832 INFO  [org.apa.kaf.com.tel.int.KafkaMetricsCollector] (main) initializing Kafka metrics collector
2025-08-13 16:43:44,835 INFO  [org.apa.kaf.cli.pro.KafkaProducer] (main) [Producer clientId=Producer-topic-cfc8b363_b011_4711_bb5c_c50b9baa6913] Instantiated an idempotent producer.
2025-08-13 16:43:44,837 INFO  [org.apa.kaf.cli.pro.ProducerConfig] (main) These configurations '[apicurio.registry.url, apicurio.registry.artifact-resolver-strategy]' were supplied but are not used yet.
2025-08-13 16:43:44,837 INFO  [org.apa.kaf.com.uti.AppInfoParser] (main) Kafka version: 3.9.1
2025-08-13 16:43:44,837 INFO  [org.apa.kaf.com.uti.AppInfoParser] (main) Kafka commitId: f745dfdcee2b9851
2025-08-13 16:43:44,837 INFO  [org.apa.kaf.com.uti.AppInfoParser] (main) Kafka startTimeMs: 1755103424837
**** Registry Base URL: http://registry-app-pg17.apps.ci419.apicurio-testing.org:80
2025-08-13 16:43:44,838 INFO  [org.apa.kaf.cli.con.ConsumerConfig] (main) ConsumerConfig values: 
	allow.auto.create.topics = true
	auto.commit.interval.ms = 500
	auto.include.jmx.reporter = true
	auto.offset.reset = earliest
	bootstrap.servers = [PLAINTEXT://localhost:32769]
	check.crcs = true
	client.dns.lookup = use_all_dns_ips
	client.id = consumer-Consumer-topic-cfc8b363_b011_4711_bb5c_c50b9baa6913-9
	client.rack = 
	connections.max.idle.ms = 10000
	default.api.timeout.ms = 60000
	enable.auto.commit = true
	enable.metrics.push = true
	exclude.internal.topics = true
	fetch.max.bytes = 52428800
	fetch.max.wait.ms = 500
	fetch.min.bytes = 1
	group.id = Consumer-topic-cfc8b363_b011_4711_bb5c_c50b9baa6913
	group.instance.id = null
	group.protocol = classic
	group.remote.assignor = null
	heartbeat.interval.ms = 3000
	interceptor.classes = []
	internal.leave.group.on.close = true
	internal.throw.on.fetch.stable.offset.unsupported = false
	isolation.level = read_uncommitted
	key.deserializer = class org.apache.kafka.common.serialization.StringDeserializer
	max.partition.fetch.bytes = 1048576
	max.poll.interval.ms = 300000
	max.poll.records = 500
	metadata.max.age.ms = 300000
	metadata.recovery.strategy = none
	metric.reporters = []
	metrics.num.samples = 2
	metrics.recording.level = INFO
	metrics.sample.window.ms = 30000
	partition.assignment.strategy = [class org.apache.kafka.clients.consumer.RangeAssignor, class org.apache.kafka.clients.consumer.CooperativeStickyAssignor]
	receive.buffer.bytes = 65536
	reconnect.backoff.max.ms = 1000
	reconnect.backoff.ms = 50
	request.timeout.ms = 5000
	retry.backoff.max.ms = 1000
	retry.backoff.ms = 100
	sasl.client.callback.handler.class = null
	sasl.jaas.config = null
	sasl.kerberos.kinit.cmd = /usr/bin/kinit
	sasl.kerberos.min.time.before.relogin = 60000
	sasl.kerberos.service.name = null
	sasl.kerberos.ticket.renew.jitter = 0.05
	sasl.kerberos.ticket.renew.window.factor = 0.8
	sasl.login.callback.handler.class = null
	sasl.login.class = null
	sasl.login.connect.timeout.ms = null
	sasl.login.read.timeout.ms = null
	sasl.login.refresh.buffer.seconds = 300
	sasl.login.refresh.min.period.seconds = 60
	sasl.login.refresh.window.factor = 0.8
	sasl.login.refresh.window.jitter = 0.05
	sasl.login.retry.backoff.max.ms = 10000
	sasl.login.retry.backoff.ms = 100
	sasl.mechanism = GSSAPI
	sasl.oauthbearer.clock.skew.seconds = 30
	sasl.oauthbearer.expected.audience = null
	sasl.oauthbearer.expected.issuer = null
	sasl.oauthbearer.header.urlencode = false
	sasl.oauthbearer.jwks.endpoint.refresh.ms = 3600000
	sasl.oauthbearer.jwks.endpoint.retry.backoff.max.ms = 10000
	sasl.oauthbearer.jwks.endpoint.retry.backoff.ms = 100
	sasl.oauthbearer.jwks.endpoint.url = null
	sasl.oauthbearer.scope.claim.name = scope
	sasl.oauthbearer.sub.claim.name = sub
	sasl.oauthbearer.token.endpoint.url = null
	security.protocol = PLAINTEXT
	security.providers = null
	send.buffer.bytes = 131072
	session.timeout.ms = 45000
	socket.connection.setup.timeout.max.ms = 30000
	socket.connection.setup.timeout.ms = 10000
	ssl.cipher.suites = null
	ssl.enabled.protocols = [TLSv1.2, TLSv1.3]
	ssl.endpoint.identification.algorithm = https
	ssl.engine.factory.class = null
	ssl.key.password = null
	ssl.keymanager.algorithm = SunX509
	ssl.keystore.certificate.chain = null
	ssl.keystore.key = null
	ssl.keystore.location = null
	ssl.keystore.password = null
	ssl.keystore.type = JKS
	ssl.protocol = TLSv1.3
	ssl.provider = null
	ssl.secure.random.implementation = null
	ssl.trustmanager.algorithm = PKIX
	ssl.truststore.certificates = null
	ssl.truststore.location = null
	ssl.truststore.password = null
	ssl.truststore.type = JKS
	value.deserializer = class io.apicurio.registry.serde.avro.AvroKafkaDeserializer

2025-08-13 16:43:44,838 INFO  [org.apa.kaf.com.tel.int.KafkaMetricsCollector] (main) initializing Kafka metrics collector
2025-08-13 16:43:44,845 INFO  [org.apa.kaf.cli.Metadata] (kafka-producer-network-thread | Producer-topic-cfc8b363_b011_4711_bb5c_c50b9baa6913) [Producer clientId=Producer-topic-cfc8b363_b011_4711_bb5c_c50b9baa6913] Cluster ID: gmKMEoHzQ-qMHyrxO3JTXw
2025-08-13 16:43:44,848 INFO  [org.apa.kaf.cli.pro.int.TransactionManager] (kafka-producer-network-thread | Producer-topic-cfc8b363_b011_4711_bb5c_c50b9baa6913) [Producer clientId=Producer-topic-cfc8b363_b011_4711_bb5c_c50b9baa6913] ProducerId set to 11 with epoch 0
2025-08-13 16:43:44,850 INFO  [org.apa.kaf.cli.con.ConsumerConfig] (main) These configurations '[apicurio.registry.url]' were supplied but are not used yet.
2025-08-13 16:43:44,850 INFO  [org.apa.kaf.com.uti.AppInfoParser] (main) Kafka version: 3.9.1
2025-08-13 16:43:44,851 INFO  [org.apa.kaf.com.uti.AppInfoParser] (main) Kafka commitId: f745dfdcee2b9851
2025-08-13 16:43:44,851 INFO  [org.apa.kaf.com.uti.AppInfoParser] (main) Kafka startTimeMs: 1755103424850
2025-08-13 16:43:44,853 INFO  [io.api.tes.ser.api.KafkaSerdesTester] (Thread-659) Sending message {"key11755103423791": "value-0"} to topic topic-cfc8b363_b011_4711_bb5c_c50b9baa6913
2025-08-13 16:43:44,859 INFO  [DefaultSchemaResolver] (Thread-659) Retrieving schema content using string: {"type":"record","name":"s445ca1b0x9400x4a6cx85cbx14e4f9fda9e7","namespace":"ns_99d532e5_0543_4ebf_938d_bec8a8f8fd2d","fields":[{"name":"key11755103423791","type":"string"}]}
2025-08-13 16:43:44,882 INFO  [io.api.tes.ser.api.KafkaSerdesTester] (Thread-659) Sending message {"key11755103423791": "value-1"} to topic topic-cfc8b363_b011_4711_bb5c_c50b9baa6913
2025-08-13 16:43:44,884 INFO  [io.api.tes.ser.api.KafkaSerdesTester] (Thread-659) Sending message {"key11755103423791": "value-2"} to topic topic-cfc8b363_b011_4711_bb5c_c50b9baa6913
2025-08-13 16:43:44,886 INFO  [io.api.tes.ser.api.KafkaSerdesTester] (Thread-659) Sending message {"key11755103423791": "value-3"} to topic topic-cfc8b363_b011_4711_bb5c_c50b9baa6913
2025-08-13 16:43:44,887 INFO  [io.api.tes.ser.api.KafkaSerdesTester] (Thread-659) Sending message {"key11755103423791": "value-4"} to topic topic-cfc8b363_b011_4711_bb5c_c50b9baa6913
2025-08-13 16:43:44,889 INFO  [io.api.tes.ser.api.KafkaSerdesTester] (Thread-659) Sending message {"key11755103423791": "value-5"} to topic topic-cfc8b363_b011_4711_bb5c_c50b9baa6913
2025-08-13 16:43:44,891 INFO  [io.api.tes.ser.api.KafkaSerdesTester] (Thread-659) Sending message {"key11755103423791": "value-6"} to topic topic-cfc8b363_b011_4711_bb5c_c50b9baa6913
2025-08-13 16:43:44,892 INFO  [io.api.tes.ser.api.KafkaSerdesTester] (Thread-659) Sending message {"key11755103423791": "value-7"} to topic topic-cfc8b363_b011_4711_bb5c_c50b9baa6913
2025-08-13 16:43:44,894 INFO  [io.api.tes.ser.api.KafkaSerdesTester] (Thread-659) Sending message {"key11755103423791": "value-8"} to topic topic-cfc8b363_b011_4711_bb5c_c50b9baa6913
2025-08-13 16:43:44,896 INFO  [io.api.tes.ser.api.KafkaSerdesTester] (Thread-659) Sending message {"key11755103423791": "value-9"} to topic topic-cfc8b363_b011_4711_bb5c_c50b9baa6913
2025-08-13 16:43:44,897 INFO  [io.api.tes.ser.api.KafkaSerdesTester] (Thread-659) Produced 10 messages
2025-08-13 16:43:44,898 INFO  [org.apa.kaf.cli.con.int.ClassicKafkaConsumer] (Thread-660) [Consumer clientId=consumer-Consumer-topic-cfc8b363_b011_4711_bb5c_c50b9baa6913-9, groupId=Consumer-topic-cfc8b363_b011_4711_bb5c_c50b9baa6913] Subscribed to topic(s): topic-cfc8b363_b011_4711_bb5c_c50b9baa6913
2025-08-13 16:43:44,902 INFO  [org.apa.kaf.cli.Metadata] (Thread-660) [Consumer clientId=consumer-Consumer-topic-cfc8b363_b011_4711_bb5c_c50b9baa6913-9, groupId=Consumer-topic-cfc8b363_b011_4711_bb5c_c50b9baa6913] Cluster ID: gmKMEoHzQ-qMHyrxO3JTXw
2025-08-13 16:43:44,902 INFO  [org.apa.kaf.cli.con.int.ConsumerCoordinator] (Thread-660) [Consumer clientId=consumer-Consumer-topic-cfc8b363_b011_4711_bb5c_c50b9baa6913-9, groupId=Consumer-topic-cfc8b363_b011_4711_bb5c_c50b9baa6913] Discovered group coordinator localhost:32769 (id: 2147483647 rack: null)
2025-08-13 16:43:44,903 INFO  [org.apa.kaf.cli.con.int.ConsumerCoordinator] (Thread-660) [Consumer clientId=consumer-Consumer-topic-cfc8b363_b011_4711_bb5c_c50b9baa6913-9, groupId=Consumer-topic-cfc8b363_b011_4711_bb5c_c50b9baa6913] (Re-)joining group
2025-08-13 16:43:44,905 INFO  [org.apa.kaf.cli.con.int.ConsumerCoordinator] (Thread-660) [Consumer clientId=consumer-Consumer-topic-cfc8b363_b011_4711_bb5c_c50b9baa6913-9, groupId=Consumer-topic-cfc8b363_b011_4711_bb5c_c50b9baa6913] Request joining group due to: need to re-join with the given member-id: consumer-Consumer-topic-cfc8b363_b011_4711_bb5c_c50b9baa6913-9-62ef9ec7-39e0-4376-8093-c07e72214632
2025-08-13 16:43:44,905 INFO  [org.apa.kaf.cli.con.int.ConsumerCoordinator] (Thread-660) [Consumer clientId=consumer-Consumer-topic-cfc8b363_b011_4711_bb5c_c50b9baa6913-9, groupId=Consumer-topic-cfc8b363_b011_4711_bb5c_c50b9baa6913] (Re-)joining group
2025-08-13 16:43:45,898 INFO  [io.api.tes.ser.api.KafkaSerdesTester] (Thread-660) None found
2025-08-13 16:43:46,898 INFO  [io.api.tes.ser.api.KafkaSerdesTester] (Thread-660) None found
2025-08-13 16:43:47,900 INFO  [io.api.tes.ser.api.KafkaSerdesTester] (Thread-660) None found
2025-08-13 16:43:47,907 INFO  [org.apa.kaf.cli.con.int.ConsumerCoordinator] (Thread-660) [Consumer clientId=consumer-Consumer-topic-cfc8b363_b011_4711_bb5c_c50b9baa6913-9, groupId=Consumer-topic-cfc8b363_b011_4711_bb5c_c50b9baa6913] Successfully joined group with generation Generation{generationId=1, memberId='consumer-Consumer-topic-cfc8b363_b011_4711_bb5c_c50b9baa6913-9-62ef9ec7-39e0-4376-8093-c07e72214632', protocol='range'}
2025-08-13 16:43:47,908 INFO  [org.apa.kaf.cli.con.int.ConsumerCoordinator] (Thread-660) [Consumer clientId=consumer-Consumer-topic-cfc8b363_b011_4711_bb5c_c50b9baa6913-9, groupId=Consumer-topic-cfc8b363_b011_4711_bb5c_c50b9baa6913] Finished assignment for group at generation 1: {consumer-Consumer-topic-cfc8b363_b011_4711_bb5c_c50b9baa6913-9-62ef9ec7-39e0-4376-8093-c07e72214632=Assignment(partitions=[topic-cfc8b363_b011_4711_bb5c_c50b9baa6913-0])}
2025-08-13 16:43:47,914 INFO  [org.apa.kaf.cli.con.int.ConsumerCoordinator] (Thread-660) [Consumer clientId=consumer-Consumer-topic-cfc8b363_b011_4711_bb5c_c50b9baa6913-9, groupId=Consumer-topic-cfc8b363_b011_4711_bb5c_c50b9baa6913] Successfully synced group in generation Generation{generationId=1, memberId='consumer-Consumer-topic-cfc8b363_b011_4711_bb5c_c50b9baa6913-9-62ef9ec7-39e0-4376-8093-c07e72214632', protocol='range'}
2025-08-13 16:43:47,914 INFO  [org.apa.kaf.cli.con.int.ConsumerCoordinator] (Thread-660) [Consumer clientId=consumer-Consumer-topic-cfc8b363_b011_4711_bb5c_c50b9baa6913-9, groupId=Consumer-topic-cfc8b363_b011_4711_bb5c_c50b9baa6913] Notifying assignor about the new Assignment(partitions=[topic-cfc8b363_b011_4711_bb5c_c50b9baa6913-0])
2025-08-13 16:43:47,914 INFO  [org.apa.kaf.cli.con.int.ConsumerRebalanceListenerInvoker] (Thread-660) [Consumer clientId=consumer-Consumer-topic-cfc8b363_b011_4711_bb5c_c50b9baa6913-9, groupId=Consumer-topic-cfc8b363_b011_4711_bb5c_c50b9baa6913] Adding newly assigned partitions: topic-cfc8b363_b011_4711_bb5c_c50b9baa6913-0
2025-08-13 16:43:47,915 INFO  [org.apa.kaf.cli.con.int.ConsumerCoordinator] (Thread-660) [Consumer clientId=consumer-Consumer-topic-cfc8b363_b011_4711_bb5c_c50b9baa6913-9, groupId=Consumer-topic-cfc8b363_b011_4711_bb5c_c50b9baa6913] Found no committed offset for partition topic-cfc8b363_b011_4711_bb5c_c50b9baa6913-0
2025-08-13 16:43:47,919 INFO  [org.apa.kaf.cli.con.int.SubscriptionState] (Thread-660) [Consumer clientId=consumer-Consumer-topic-cfc8b363_b011_4711_bb5c_c50b9baa6913-9, groupId=Consumer-topic-cfc8b363_b011_4711_bb5c_c50b9baa6913] Resetting offset for partition topic-cfc8b363_b011_4711_bb5c_c50b9baa6913-0 to position FetchPosition{offset=0, offsetEpoch=Optional.empty, currentLeader=LeaderAndEpoch{leader=Optional[localhost:32769 (id: 0 rack: null)], epoch=0}}.
2025-08-13 16:43:48,121 INFO  [io.api.tes.ser.api.KafkaSerdesTester] (Thread-660) topic-cfc8b363_b011_4711_bb5c_c50b9baa6913 0 0 {"key11755103423791": "value-0"}
2025-08-13 16:43:48,121 INFO  [io.api.tes.ser.api.KafkaSerdesTester] (Thread-660) topic-cfc8b363_b011_4711_bb5c_c50b9baa6913 0 1 {"key11755103423791": "value-1"}
2025-08-13 16:43:48,121 INFO  [io.api.tes.ser.api.KafkaSerdesTester] (Thread-660) topic-cfc8b363_b011_4711_bb5c_c50b9baa6913 0 2 {"key11755103423791": "value-2"}
2025-08-13 16:43:48,121 INFO  [io.api.tes.ser.api.KafkaSerdesTester] (Thread-660) topic-cfc8b363_b011_4711_bb5c_c50b9baa6913 0 3 {"key11755103423791": "value-3"}
2025-08-13 16:43:48,121 INFO  [io.api.tes.ser.api.KafkaSerdesTester] (Thread-660) topic-cfc8b363_b011_4711_bb5c_c50b9baa6913 0 4 {"key11755103423791": "value-4"}
2025-08-13 16:43:48,121 INFO  [io.api.tes.ser.api.KafkaSerdesTester] (Thread-660) topic-cfc8b363_b011_4711_bb5c_c50b9baa6913 0 5 {"key11755103423791": "value-5"}
2025-08-13 16:43:48,121 INFO  [io.api.tes.ser.api.KafkaSerdesTester] (Thread-660) topic-cfc8b363_b011_4711_bb5c_c50b9baa6913 0 6 {"key11755103423791": "value-6"}
2025-08-13 16:43:48,121 INFO  [io.api.tes.ser.api.KafkaSerdesTester] (Thread-660) topic-cfc8b363_b011_4711_bb5c_c50b9baa6913 0 7 {"key11755103423791": "value-7"}
2025-08-13 16:43:48,121 INFO  [io.api.tes.ser.api.KafkaSerdesTester] (Thread-660) topic-cfc8b363_b011_4711_bb5c_c50b9baa6913 0 8 {"key11755103423791": "value-8"}
2025-08-13 16:43:48,121 INFO  [io.api.tes.ser.api.KafkaSerdesTester] (Thread-660) topic-cfc8b363_b011_4711_bb5c_c50b9baa6913 0 9 {"key11755103423791": "value-9"}
2025-08-13 16:43:48,121 INFO  [io.api.tes.ser.api.KafkaSerdesTester] (Thread-660) Consumed 10 messages
2025-08-13 16:43:48,122 INFO  [io.api.tes.ser.api.AvroSerdeIT] (main) Registering Avro Schema 2: {"type":"record","name":"s445ca1b0x9400x4a6cx85cbx14e4f9fda9e7","namespace":"ns_99d532e5_0543_4ebf_938d_bec8a8f8fd2d","fields":[{"name":"key11755103423791","type":"string"},{"name":"key21755103428121","type":"string"}]}
2025-08-13 16:43:49,162 INFO  [io.api.tes.ser.api.KafkaSerdesTester] (Thread-661) Sending message {"key11755103423791": "value-0", "key21755103428121": "value-0"} to topic topic-cfc8b363_b011_4711_bb5c_c50b9baa6913
2025-08-13 16:43:49,162 INFO  [DefaultSchemaResolver] (Thread-661) Retrieving schema content using string: {"type":"record","name":"s445ca1b0x9400x4a6cx85cbx14e4f9fda9e7","namespace":"ns_99d532e5_0543_4ebf_938d_bec8a8f8fd2d","fields":[{"name":"key11755103423791","type":"string"},{"name":"key21755103428121","type":"string"}]}
2025-08-13 16:43:49,186 INFO  [io.api.tes.ser.api.KafkaSerdesTester] (Thread-661) Sending message {"key11755103423791": "value-1", "key21755103428121": "value-1"} to topic topic-cfc8b363_b011_4711_bb5c_c50b9baa6913
2025-08-13 16:43:49,187 INFO  [io.api.tes.ser.api.KafkaSerdesTester] (Thread-661) Sending message {"key11755103423791": "value-2", "key21755103428121": "value-2"} to topic topic-cfc8b363_b011_4711_bb5c_c50b9baa6913
2025-08-13 16:43:49,189 INFO  [io.api.tes.ser.api.KafkaSerdesTester] (Thread-661) Sending message {"key11755103423791": "value-3", "key21755103428121": "value-3"} to topic topic-cfc8b363_b011_4711_bb5c_c50b9baa6913
2025-08-13 16:43:49,191 INFO  [io.api.tes.ser.api.KafkaSerdesTester] (Thread-661) Sending message {"key11755103423791": "value-4", "key21755103428121": "value-4"} to topic topic-cfc8b363_b011_4711_bb5c_c50b9baa6913
2025-08-13 16:43:49,193 INFO  [io.api.tes.ser.api.KafkaSerdesTester] (Thread-661) Sending message {"key11755103423791": "value-5", "key21755103428121": "value-5"} to topic topic-cfc8b363_b011_4711_bb5c_c50b9baa6913
2025-08-13 16:43:49,195 INFO  [io.api.tes.ser.api.KafkaSerdesTester] (Thread-661) Sending message {"key11755103423791": "value-6", "key21755103428121": "value-6"} to topic topic-cfc8b363_b011_4711_bb5c_c50b9baa6913
2025-08-13 16:43:49,197 INFO  [io.api.tes.ser.api.KafkaSerdesTester] (Thread-661) Sending message {"key11755103423791": "value-7", "key21755103428121": "value-7"} to topic topic-cfc8b363_b011_4711_bb5c_c50b9baa6913
2025-08-13 16:43:49,198 INFO  [io.api.tes.ser.api.KafkaSerdesTester] (Thread-661) Sending message {"key11755103423791": "value-8", "key21755103428121": "value-8"} to topic topic-cfc8b363_b011_4711_bb5c_c50b9baa6913
2025-08-13 16:43:49,202 INFO  [io.api.tes.ser.api.KafkaSerdesTester] (Thread-661) Sending message {"key11755103423791": "value-9", "key21755103428121": "value-9"} to topic topic-cfc8b363_b011_4711_bb5c_c50b9baa6913
2025-08-13 16:43:49,203 INFO  [io.api.tes.ser.api.KafkaSerdesTester] (Thread-661) Produced 10 messages
2025-08-13 16:43:49,204 INFO  [io.api.tes.ser.api.KafkaSerdesTester] (Thread-662) Sending message {"key11755103423791": "value-0"} to topic topic-cfc8b363_b011_4711_bb5c_c50b9baa6913
2025-08-13 16:43:49,206 INFO  [io.api.tes.ser.api.KafkaSerdesTester] (Thread-662) Sending message {"key11755103423791": "value-1"} to topic topic-cfc8b363_b011_4711_bb5c_c50b9baa6913
2025-08-13 16:43:49,209 INFO  [io.api.tes.ser.api.KafkaSerdesTester] (Thread-662) Sending message {"key11755103423791": "value-2"} to topic topic-cfc8b363_b011_4711_bb5c_c50b9baa6913
2025-08-13 16:43:49,210 INFO  [io.api.tes.ser.api.KafkaSerdesTester] (Thread-662) Sending message {"key11755103423791": "value-3"} to topic topic-cfc8b363_b011_4711_bb5c_c50b9baa6913
2025-08-13 16:43:49,212 INFO  [io.api.tes.ser.api.KafkaSerdesTester] (Thread-662) Sending message {"key11755103423791": "value-4"} to topic topic-cfc8b363_b011_4711_bb5c_c50b9baa6913
2025-08-13 16:43:49,213 INFO  [io.api.tes.ser.api.KafkaSerdesTester] (Thread-662) Sending message {"key11755103423791": "value-5"} to topic topic-cfc8b363_b011_4711_bb5c_c50b9baa6913
2025-08-13 16:43:49,215 INFO  [io.api.tes.ser.api.KafkaSerdesTester] (Thread-662) Sending message {"key11755103423791": "value-6"} to topic topic-cfc8b363_b011_4711_bb5c_c50b9baa6913
2025-08-13 16:43:49,217 INFO  [io.api.tes.ser.api.KafkaSerdesTester] (Thread-662) Sending message {"key11755103423791": "value-7"} to topic topic-cfc8b363_b011_4711_bb5c_c50b9baa6913
2025-08-13 16:43:49,219 INFO  [io.api.tes.ser.api.KafkaSerdesTester] (Thread-662) Sending message {"key11755103423791": "value-8"} to topic topic-cfc8b363_b011_4711_bb5c_c50b9baa6913
2025-08-13 16:43:49,221 INFO  [io.api.tes.ser.api.KafkaSerdesTester] (Thread-662) Sending message {"key11755103423791": "value-9"} to topic topic-cfc8b363_b011_4711_bb5c_c50b9baa6913
2025-08-13 16:43:49,222 INFO  [io.api.tes.ser.api.KafkaSerdesTester] (Thread-662) Produced 10 messages
2025-08-13 16:43:49,223 INFO  [org.apa.kaf.cli.con.int.ClassicKafkaConsumer] (Thread-663) [Consumer clientId=consumer-Consumer-topic-cfc8b363_b011_4711_bb5c_c50b9baa6913-9, groupId=Consumer-topic-cfc8b363_b011_4711_bb5c_c50b9baa6913] Subscribed to topic(s): topic-cfc8b363_b011_4711_bb5c_c50b9baa6913
2025-08-13 16:43:49,244 INFO  [io.api.tes.ser.api.KafkaSerdesTester] (Thread-663) topic-cfc8b363_b011_4711_bb5c_c50b9baa6913 0 10 {"key11755103423791": "value-0", "key21755103428121": "value-0"}
2025-08-13 16:43:49,246 INFO  [io.api.tes.ser.api.KafkaSerdesTester] (Thread-663) topic-cfc8b363_b011_4711_bb5c_c50b9baa6913 0 11 {"key11755103423791": "value-1", "key21755103428121": "value-1"}
2025-08-13 16:43:49,246 INFO  [io.api.tes.ser.api.KafkaSerdesTester] (Thread-663) topic-cfc8b363_b011_4711_bb5c_c50b9baa6913 0 12 {"key11755103423791": "value-2", "key21755103428121": "value-2"}
2025-08-13 16:43:49,246 INFO  [io.api.tes.ser.api.KafkaSerdesTester] (Thread-663) topic-cfc8b363_b011_4711_bb5c_c50b9baa6913 0 13 {"key11755103423791": "value-3", "key21755103428121": "value-3"}
2025-08-13 16:43:49,246 INFO  [io.api.tes.ser.api.KafkaSerdesTester] (Thread-663) topic-cfc8b363_b011_4711_bb5c_c50b9baa6913 0 14 {"key11755103423791": "value-4", "key21755103428121": "value-4"}
2025-08-13 16:43:49,246 INFO  [io.api.tes.ser.api.KafkaSerdesTester] (Thread-663) topic-cfc8b363_b011_4711_bb5c_c50b9baa6913 0 15 {"key11755103423791": "value-5", "key21755103428121": "value-5"}
2025-08-13 16:43:49,246 INFO  [io.api.tes.ser.api.KafkaSerdesTester] (Thread-663) topic-cfc8b363_b011_4711_bb5c_c50b9baa6913 0 16 {"key11755103423791": "value-6", "key21755103428121": "value-6"}
2025-08-13 16:43:49,246 INFO  [io.api.tes.ser.api.KafkaSerdesTester] (Thread-663) topic-cfc8b363_b011_4711_bb5c_c50b9baa6913 0 17 {"key11755103423791": "value-7", "key21755103428121": "value-7"}
2025-08-13 16:43:49,246 INFO  [io.api.tes.ser.api.KafkaSerdesTester] (Thread-663) topic-cfc8b363_b011_4711_bb5c_c50b9baa6913 0 18 {"key11755103423791": "value-8", "key21755103428121": "value-8"}
2025-08-13 16:43:49,246 INFO  [io.api.tes.ser.api.KafkaSerdesTester] (Thread-663) topic-cfc8b363_b011_4711_bb5c_c50b9baa6913 0 19 {"key11755103423791": "value-9", "key21755103428121": "value-9"}
2025-08-13 16:43:49,246 INFO  [io.api.tes.ser.api.KafkaSerdesTester] (Thread-663) topic-cfc8b363_b011_4711_bb5c_c50b9baa6913 0 20 {"key11755103423791": "value-0"}
2025-08-13 16:43:49,246 INFO  [io.api.tes.ser.api.KafkaSerdesTester] (Thread-663) topic-cfc8b363_b011_4711_bb5c_c50b9baa6913 0 21 {"key11755103423791": "value-1"}
2025-08-13 16:43:49,246 INFO  [io.api.tes.ser.api.KafkaSerdesTester] (Thread-663) topic-cfc8b363_b011_4711_bb5c_c50b9baa6913 0 22 {"key11755103423791": "value-2"}
2025-08-13 16:43:49,247 INFO  [io.api.tes.ser.api.KafkaSerdesTester] (Thread-663) topic-cfc8b363_b011_4711_bb5c_c50b9baa6913 0 23 {"key11755103423791": "value-3"}
2025-08-13 16:43:49,247 INFO  [io.api.tes.ser.api.KafkaSerdesTester] (Thread-663) topic-cfc8b363_b011_4711_bb5c_c50b9baa6913 0 24 {"key11755103423791": "value-4"}
2025-08-13 16:43:49,247 INFO  [io.api.tes.ser.api.KafkaSerdesTester] (Thread-663) topic-cfc8b363_b011_4711_bb5c_c50b9baa6913 0 25 {"key11755103423791": "value-5"}
2025-08-13 16:43:49,247 INFO  [io.api.tes.ser.api.KafkaSerdesTester] (Thread-663) topic-cfc8b363_b011_4711_bb5c_c50b9baa6913 0 26 {"key11755103423791": "value-6"}
2025-08-13 16:43:49,247 INFO  [io.api.tes.ser.api.KafkaSerdesTester] (Thread-663) topic-cfc8b363_b011_4711_bb5c_c50b9baa6913 0 27 {"key11755103423791": "value-7"}
2025-08-13 16:43:49,247 INFO  [io.api.tes.ser.api.KafkaSerdesTester] (Thread-663) topic-cfc8b363_b011_4711_bb5c_c50b9baa6913 0 28 {"key11755103423791": "value-8"}
2025-08-13 16:43:49,247 INFO  [io.api.tes.ser.api.KafkaSerdesTester] (Thread-663) topic-cfc8b363_b011_4711_bb5c_c50b9baa6913 0 29 {"key11755103423791": "value-9"}
2025-08-13 16:43:49,247 INFO  [io.api.tes.ser.api.KafkaSerdesTester] (Thread-663) Consumed 20 messages
2025-08-13 16:43:49,247 INFO  [io.api.tes.ser.api.AvroSerdeIT] (main) Registering Avro Schema 3: {"type":"record","name":"s445ca1b0x9400x4a6cx85cbx14e4f9fda9e7","namespace":"ns_99d532e5_0543_4ebf_938d_bec8a8f8fd2d","fields":[{"name":"key11755103423791","type":"string"},{"name":"key21755103428121","type":"string"},{"name":"key31755103429247","type":"string"}]}
2025-08-13 16:43:50,283 INFO  [io.api.tes.ser.api.KafkaSerdesTester] (Thread-664) Sending message {"key11755103423791": "value-0", "key21755103428121": "value-0", "key31755103429247": "value-0"} to topic topic-cfc8b363_b011_4711_bb5c_c50b9baa6913
2025-08-13 16:43:50,283 INFO  [DefaultSchemaResolver] (Thread-664) Retrieving schema content using string: {"type":"record","name":"s445ca1b0x9400x4a6cx85cbx14e4f9fda9e7","namespace":"ns_99d532e5_0543_4ebf_938d_bec8a8f8fd2d","fields":[{"name":"key11755103423791","type":"string"},{"name":"key21755103428121","type":"string"},{"name":"key31755103429247","type":"string"}]}
2025-08-13 16:43:50,300 INFO  [io.api.tes.ser.api.KafkaSerdesTester] (Thread-664) Sending message {"key11755103423791": "value-1", "key21755103428121": "value-1", "key31755103429247": "value-1"} to topic topic-cfc8b363_b011_4711_bb5c_c50b9baa6913
2025-08-13 16:43:50,303 INFO  [io.api.tes.ser.api.KafkaSerdesTester] (Thread-664) Sending message {"key11755103423791": "value-2", "key21755103428121": "value-2", "key31755103429247": "value-2"} to topic topic-cfc8b363_b011_4711_bb5c_c50b9baa6913
2025-08-13 16:43:50,306 INFO  [io.api.tes.ser.api.KafkaSerdesTester] (Thread-664) Sending message {"key11755103423791": "value-3", "key21755103428121": "value-3", "key31755103429247": "value-3"} to topic topic-cfc8b363_b011_4711_bb5c_c50b9baa6913
2025-08-13 16:43:50,310 INFO  [io.api.tes.ser.api.KafkaSerdesTester] (Thread-664) Sending message {"key11755103423791": "value-4", "key21755103428121": "value-4", "key31755103429247": "value-4"} to topic topic-cfc8b363_b011_4711_bb5c_c50b9baa6913
2025-08-13 16:43:50,312 INFO  [io.api.tes.ser.api.KafkaSerdesTester] (Thread-664) Sending message {"key11755103423791": "value-5", "key21755103428121": "value-5", "key31755103429247": "value-5"} to topic topic-cfc8b363_b011_4711_bb5c_c50b9baa6913
2025-08-13 16:43:50,314 INFO  [io.api.tes.ser.api.KafkaSerdesTester] (Thread-664) Sending message {"key11755103423791": "value-6", "key21755103428121": "value-6", "key31755103429247": "value-6"} to topic topic-cfc8b363_b011_4711_bb5c_c50b9baa6913
2025-08-13 16:43:50,315 INFO  [io.api.tes.ser.api.KafkaSerdesTester] (Thread-664) Sending message {"key11755103423791": "value-7", "key21755103428121": "value-7", "key31755103429247": "value-7"} to topic topic-cfc8b363_b011_4711_bb5c_c50b9baa6913
2025-08-13 16:43:50,323 INFO  [io.api.tes.ser.api.KafkaSerdesTester] (Thread-664) Sending message {"key11755103423791": "value-8", "key21755103428121": "value-8", "key31755103429247": "value-8"} to topic topic-cfc8b363_b011_4711_bb5c_c50b9baa6913
2025-08-13 16:43:50,325 INFO  [io.api.tes.ser.api.KafkaSerdesTester] (Thread-664) Sending message {"key11755103423791": "value-9", "key21755103428121": "value-9", "key31755103429247": "value-9"} to topic topic-cfc8b363_b011_4711_bb5c_c50b9baa6913
2025-08-13 16:43:50,326 INFO  [io.api.tes.ser.api.KafkaSerdesTester] (Thread-664) Produced 10 messages
2025-08-13 16:43:50,327 INFO  [io.api.tes.ser.api.KafkaSerdesTester] (Thread-665) Sending message {"key11755103423791": "value-0", "key21755103428121": "value-0"} to topic topic-cfc8b363_b011_4711_bb5c_c50b9baa6913
2025-08-13 16:43:50,329 INFO  [io.api.tes.ser.api.KafkaSerdesTester] (Thread-665) Sending message {"key11755103423791": "value-1", "key21755103428121": "value-1"} to topic topic-cfc8b363_b011_4711_bb5c_c50b9baa6913
2025-08-13 16:43:50,330 INFO  [io.api.tes.ser.api.KafkaSerdesTester] (Thread-665) Sending message {"key11755103423791": "value-2", "key21755103428121": "value-2"} to topic topic-cfc8b363_b011_4711_bb5c_c50b9baa6913
2025-08-13 16:43:50,331 INFO  [io.api.tes.ser.api.KafkaSerdesTester] (Thread-665) Sending message {"key11755103423791": "value-3", "key21755103428121": "value-3"} to topic topic-cfc8b363_b011_4711_bb5c_c50b9baa6913
2025-08-13 16:43:50,333 INFO  [io.api.tes.ser.api.KafkaSerdesTester] (Thread-665) Sending message {"key11755103423791": "value-4", "key21755103428121": "value-4"} to topic topic-cfc8b363_b011_4711_bb5c_c50b9baa6913
2025-08-13 16:43:50,335 INFO  [io.api.tes.ser.api.KafkaSerdesTester] (Thread-665) Sending message {"key11755103423791": "value-5", "key21755103428121": "value-5"} to topic topic-cfc8b363_b011_4711_bb5c_c50b9baa6913
2025-08-13 16:43:50,336 INFO  [io.api.tes.ser.api.KafkaSerdesTester] (Thread-665) Sending message {"key11755103423791": "value-6", "key21755103428121": "value-6"} to topic topic-cfc8b363_b011_4711_bb5c_c50b9baa6913
2025-08-13 16:43:50,338 INFO  [io.api.tes.ser.api.KafkaSerdesTester] (Thread-665) Sending message {"key11755103423791": "value-7", "key21755103428121": "value-7"} to topic topic-cfc8b363_b011_4711_bb5c_c50b9baa6913
2025-08-13 16:43:50,342 INFO  [io.api.tes.ser.api.KafkaSerdesTester] (Thread-665) Sending message {"key11755103423791": "value-8", "key21755103428121": "value-8"} to topic topic-cfc8b363_b011_4711_bb5c_c50b9baa6913
2025-08-13 16:43:50,344 INFO  [io.api.tes.ser.api.KafkaSerdesTester] (Thread-665) Sending message {"key11755103423791": "value-9", "key21755103428121": "value-9"} to topic topic-cfc8b363_b011_4711_bb5c_c50b9baa6913
2025-08-13 16:43:50,345 INFO  [io.api.tes.ser.api.KafkaSerdesTester] (Thread-665) Produced 10 messages
2025-08-13 16:43:50,346 INFO  [io.api.tes.ser.api.KafkaSerdesTester] (Thread-666) Sending message {"key11755103423791": "value-0"} to topic topic-cfc8b363_b011_4711_bb5c_c50b9baa6913
2025-08-13 16:43:50,348 INFO  [io.api.tes.ser.api.KafkaSerdesTester] (Thread-666) Sending message {"key11755103423791": "value-1"} to topic topic-cfc8b363_b011_4711_bb5c_c50b9baa6913
2025-08-13 16:43:50,350 INFO  [io.api.tes.ser.api.KafkaSerdesTester] (Thread-666) Sending message {"key11755103423791": "value-2"} to topic topic-cfc8b363_b011_4711_bb5c_c50b9baa6913
2025-08-13 16:43:50,352 INFO  [io.api.tes.ser.api.KafkaSerdesTester] (Thread-666) Sending message {"key11755103423791": "value-3"} to topic topic-cfc8b363_b011_4711_bb5c_c50b9baa6913
2025-08-13 16:43:50,353 INFO  [io.api.tes.ser.api.KafkaSerdesTester] (Thread-666) Sending message {"key11755103423791": "value-4"} to topic topic-cfc8b363_b011_4711_bb5c_c50b9baa6913
2025-08-13 16:43:50,355 INFO  [io.api.tes.ser.api.KafkaSerdesTester] (Thread-666) Sending message {"key11755103423791": "value-5"} to topic topic-cfc8b363_b011_4711_bb5c_c50b9baa6913
2025-08-13 16:43:50,357 INFO  [io.api.tes.ser.api.KafkaSerdesTester] (Thread-666) Sending message {"key11755103423791": "value-6"} to topic topic-cfc8b363_b011_4711_bb5c_c50b9baa6913
2025-08-13 16:43:50,358 INFO  [io.api.tes.ser.api.KafkaSerdesTester] (Thread-666) Sending message {"key11755103423791": "value-7"} to topic topic-cfc8b363_b011_4711_bb5c_c50b9baa6913
2025-08-13 16:43:50,360 INFO  [io.api.tes.ser.api.KafkaSerdesTester] (Thread-666) Sending message {"key11755103423791": "value-8"} to topic topic-cfc8b363_b011_4711_bb5c_c50b9baa6913
2025-08-13 16:43:50,362 INFO  [io.api.tes.ser.api.KafkaSerdesTester] (Thread-666) Sending message {"key11755103423791": "value-9"} to topic topic-cfc8b363_b011_4711_bb5c_c50b9baa6913
2025-08-13 16:43:50,365 INFO  [io.api.tes.ser.api.KafkaSerdesTester] (Thread-666) Produced 10 messages
2025-08-13 16:43:50,369 INFO  [org.apa.kaf.cli.con.int.ClassicKafkaConsumer] (Thread-667) [Consumer clientId=consumer-Consumer-topic-cfc8b363_b011_4711_bb5c_c50b9baa6913-9, groupId=Consumer-topic-cfc8b363_b011_4711_bb5c_c50b9baa6913] Subscribed to topic(s): topic-cfc8b363_b011_4711_bb5c_c50b9baa6913
2025-08-13 16:43:50,396 INFO  [io.api.tes.ser.api.KafkaSerdesTester] (Thread-667) topic-cfc8b363_b011_4711_bb5c_c50b9baa6913 0 30 {"key11755103423791": "value-0", "key21755103428121": "value-0", "key31755103429247": "value-0"}
2025-08-13 16:43:50,396 INFO  [io.api.tes.ser.api.KafkaSerdesTester] (Thread-667) topic-cfc8b363_b011_4711_bb5c_c50b9baa6913 0 31 {"key11755103423791": "value-1", "key21755103428121": "value-1", "key31755103429247": "value-1"}
2025-08-13 16:43:50,396 INFO  [io.api.tes.ser.api.KafkaSerdesTester] (Thread-667) topic-cfc8b363_b011_4711_bb5c_c50b9baa6913 0 32 {"key11755103423791": "value-2", "key21755103428121": "value-2", "key31755103429247": "value-2"}
2025-08-13 16:43:50,396 INFO  [io.api.tes.ser.api.KafkaSerdesTester] (Thread-667) topic-cfc8b363_b011_4711_bb5c_c50b9baa6913 0 33 {"key11755103423791": "value-3", "key21755103428121": "value-3", "key31755103429247": "value-3"}
2025-08-13 16:43:50,396 INFO  [io.api.tes.ser.api.KafkaSerdesTester] (Thread-667) topic-cfc8b363_b011_4711_bb5c_c50b9baa6913 0 34 {"key11755103423791": "value-4", "key21755103428121": "value-4", "key31755103429247": "value-4"}
2025-08-13 16:43:50,396 INFO  [io.api.tes.ser.api.KafkaSerdesTester] (Thread-667) topic-cfc8b363_b011_4711_bb5c_c50b9baa6913 0 35 {"key11755103423791": "value-5", "key21755103428121": "value-5", "key31755103429247": "value-5"}
2025-08-13 16:43:50,396 INFO  [io.api.tes.ser.api.KafkaSerdesTester] (Thread-667) topic-cfc8b363_b011_4711_bb5c_c50b9baa6913 0 36 {"key11755103423791": "value-6", "key21755103428121": "value-6", "key31755103429247": "value-6"}
2025-08-13 16:43:50,397 INFO  [io.api.tes.ser.api.KafkaSerdesTester] (Thread-667) topic-cfc8b363_b011_4711_bb5c_c50b9baa6913 0 37 {"key11755103423791": "value-7", "key21755103428121": "value-7", "key31755103429247": "value-7"}
2025-08-13 16:43:50,397 INFO  [io.api.tes.ser.api.KafkaSerdesTester] (Thread-667) topic-cfc8b363_b011_4711_bb5c_c50b9baa6913 0 38 {"key11755103423791": "value-8", "key21755103428121": "value-8", "key31755103429247": "value-8"}
2025-08-13 16:43:50,397 INFO  [io.api.tes.ser.api.KafkaSerdesTester] (Thread-667) topic-cfc8b363_b011_4711_bb5c_c50b9baa6913 0 39 {"key11755103423791": "value-9", "key21755103428121": "value-9", "key31755103429247": "value-9"}
2025-08-13 16:43:50,397 INFO  [io.api.tes.ser.api.KafkaSerdesTester] (Thread-667) topic-cfc8b363_b011_4711_bb5c_c50b9baa6913 0 40 {"key11755103423791": "value-0", "key21755103428121": "value-0"}
2025-08-13 16:43:50,397 INFO  [io.api.tes.ser.api.KafkaSerdesTester] (Thread-667) topic-cfc8b363_b011_4711_bb5c_c50b9baa6913 0 41 {"key11755103423791": "value-1", "key21755103428121": "value-1"}
2025-08-13 16:43:50,397 INFO  [io.api.tes.ser.api.KafkaSerdesTester] (Thread-667) topic-cfc8b363_b011_4711_bb5c_c50b9baa6913 0 42 {"key11755103423791": "value-2", "key21755103428121": "value-2"}
2025-08-13 16:43:50,397 INFO  [io.api.tes.ser.api.KafkaSerdesTester] (Thread-667) topic-cfc8b363_b011_4711_bb5c_c50b9baa6913 0 43 {"key11755103423791": "value-3", "key21755103428121": "value-3"}
2025-08-13 16:43:50,397 INFO  [io.api.tes.ser.api.KafkaSerdesTester] (Thread-667) topic-cfc8b363_b011_4711_bb5c_c50b9baa6913 0 44 {"key11755103423791": "value-4", "key21755103428121": "value-4"}
2025-08-13 16:43:50,397 INFO  [io.api.tes.ser.api.KafkaSerdesTester] (Thread-667) topic-cfc8b363_b011_4711_bb5c_c50b9baa6913 0 45 {"key11755103423791": "value-5", "key21755103428121": "value-5"}
2025-08-13 16:43:50,397 INFO  [io.api.tes.ser.api.KafkaSerdesTester] (Thread-667) topic-cfc8b363_b011_4711_bb5c_c50b9baa6913 0 46 {"key11755103423791": "value-6", "key21755103428121": "value-6"}
2025-08-13 16:43:50,397 INFO  [io.api.tes.ser.api.KafkaSerdesTester] (Thread-667) topic-cfc8b363_b011_4711_bb5c_c50b9baa6913 0 47 {"key11755103423791": "value-7", "key21755103428121": "value-7"}
2025-08-13 16:43:50,397 INFO  [io.api.tes.ser.api.KafkaSerdesTester] (Thread-667) topic-cfc8b363_b011_4711_bb5c_c50b9baa6913 0 48 {"key11755103423791": "value-8", "key21755103428121": "value-8"}
2025-08-13 16:43:50,397 INFO  [io.api.tes.ser.api.KafkaSerdesTester] (Thread-667) topic-cfc8b363_b011_4711_bb5c_c50b9baa6913 0 49 {"key11755103423791": "value-9", "key21755103428121": "value-9"}
2025-08-13 16:43:50,397 INFO  [io.api.tes.ser.api.KafkaSerdesTester] (Thread-667) topic-cfc8b363_b011_4711_bb5c_c50b9baa6913 0 50 {"key11755103423791": "value-0"}
2025-08-13 16:43:50,397 INFO  [io.api.tes.ser.api.KafkaSerdesTester] (Thread-667) topic-cfc8b363_b011_4711_bb5c_c50b9baa6913 0 51 {"key11755103423791": "value-1"}
2025-08-13 16:43:50,397 INFO  [io.api.tes.ser.api.KafkaSerdesTester] (Thread-667) topic-cfc8b363_b011_4711_bb5c_c50b9baa6913 0 52 {"key11755103423791": "value-2"}
2025-08-13 16:43:50,397 INFO  [io.api.tes.ser.api.KafkaSerdesTester] (Thread-667) topic-cfc8b363_b011_4711_bb5c_c50b9baa6913 0 53 {"key11755103423791": "value-3"}
2025-08-13 16:43:50,397 INFO  [io.api.tes.ser.api.KafkaSerdesTester] (Thread-667) topic-cfc8b363_b011_4711_bb5c_c50b9baa6913 0 54 {"key11755103423791": "value-4"}
2025-08-13 16:43:50,397 INFO  [io.api.tes.ser.api.KafkaSerdesTester] (Thread-667) topic-cfc8b363_b011_4711_bb5c_c50b9baa6913 0 55 {"key11755103423791": "value-5"}
2025-08-13 16:43:50,398 INFO  [io.api.tes.ser.api.KafkaSerdesTester] (Thread-667) topic-cfc8b363_b011_4711_bb5c_c50b9baa6913 0 56 {"key11755103423791": "value-6"}
2025-08-13 16:43:50,398 INFO  [io.api.tes.ser.api.KafkaSerdesTester] (Thread-667) topic-cfc8b363_b011_4711_bb5c_c50b9baa6913 0 57 {"key11755103423791": "value-7"}
2025-08-13 16:43:50,398 INFO  [io.api.tes.ser.api.KafkaSerdesTester] (Thread-667) topic-cfc8b363_b011_4711_bb5c_c50b9baa6913 0 58 {"key11755103423791": "value-8"}
2025-08-13 16:43:50,398 INFO  [io.api.tes.ser.api.KafkaSerdesTester] (Thread-667) topic-cfc8b363_b011_4711_bb5c_c50b9baa6913 0 59 {"key11755103423791": "value-9"}
2025-08-13 16:43:50,398 INFO  [io.api.tes.ser.api.KafkaSerdesTester] (Thread-667) Consumed 30 messages
2025-08-13 16:43:50,398 INFO  [org.apa.kaf.cli.pro.KafkaProducer] (main) [Producer clientId=Producer-topic-cfc8b363_b011_4711_bb5c_c50b9baa6913] Closing the Kafka producer with timeoutMillis = 9223372036854775807 ms.
2025-08-13 16:43:50,400 INFO  [org.apa.kaf.com.met.Metrics] (main) Metrics scheduler closed
2025-08-13 16:43:50,400 INFO  [org.apa.kaf.com.met.Metrics] (main) Closing reporter org.apache.kafka.common.metrics.JmxReporter
2025-08-13 16:43:50,400 INFO  [org.apa.kaf.com.met.Metrics] (main) Closing reporter org.apache.kafka.common.telemetry.internals.ClientTelemetryReporter
2025-08-13 16:43:50,400 INFO  [org.apa.kaf.com.met.Metrics] (main) Metrics reporters closed
2025-08-13 16:43:50,401 INFO  [org.apa.kaf.com.uti.AppInfoParser] (main) App info kafka.producer for Producer-topic-cfc8b363_b011_4711_bb5c_c50b9baa6913 unregistered
2025-08-13 16:43:50,408 INFO  [org.apa.kaf.cli.con.int.ConsumerRebalanceListenerInvoker] (main) [Consumer clientId=consumer-Consumer-topic-cfc8b363_b011_4711_bb5c_c50b9baa6913-9, groupId=Consumer-topic-cfc8b363_b011_4711_bb5c_c50b9baa6913] Revoke previously assigned partitions topic-cfc8b363_b011_4711_bb5c_c50b9baa6913-0
2025-08-13 16:43:50,408 INFO  [org.apa.kaf.cli.con.int.ConsumerCoordinator] (main) [Consumer clientId=consumer-Consumer-topic-cfc8b363_b011_4711_bb5c_c50b9baa6913-9, groupId=Consumer-topic-cfc8b363_b011_4711_bb5c_c50b9baa6913] Member consumer-Consumer-topic-cfc8b363_b011_4711_bb5c_c50b9baa6913-9-62ef9ec7-39e0-4376-8093-c07e72214632 sending LeaveGroup request to coordinator localhost:32769 (id: 2147483647 rack: null) due to the consumer is being closed
2025-08-13 16:43:50,408 INFO  [org.apa.kaf.cli.con.int.ConsumerCoordinator] (main) [Consumer clientId=consumer-Consumer-topic-cfc8b363_b011_4711_bb5c_c50b9baa6913-9, groupId=Consumer-topic-cfc8b363_b011_4711_bb5c_c50b9baa6913] Resetting generation and member id due to: consumer pro-actively leaving the group
2025-08-13 16:43:50,408 INFO  [org.apa.kaf.cli.con.int.ConsumerCoordinator] (main) [Consumer clientId=consumer-Consumer-topic-cfc8b363_b011_4711_bb5c_c50b9baa6913-9, groupId=Consumer-topic-cfc8b363_b011_4711_bb5c_c50b9baa6913] Request joining group due to: consumer pro-actively leaving the group
2025-08-13 16:43:50,899 INFO  [org.apa.kaf.com.met.Metrics] (main) Metrics scheduler closed
2025-08-13 16:43:50,899 INFO  [org.apa.kaf.com.met.Metrics] (main) Closing reporter org.apache.kafka.common.metrics.JmxReporter
2025-08-13 16:43:50,899 INFO  [org.apa.kaf.com.met.Metrics] (main) Closing reporter org.apache.kafka.common.telemetry.internals.ClientTelemetryReporter
2025-08-13 16:43:50,899 INFO  [org.apa.kaf.com.met.Metrics] (main) Metrics reporters closed
2025-08-13 16:43:50,902 INFO  [org.apa.kaf.com.uti.AppInfoParser] (main) App info kafka.consumer for consumer-Consumer-topic-cfc8b363_b011_4711_bb5c_c50b9baa6913-9 unregistered
2025-08-13 16:43:50,903 INFO  [io.api.tes.uti.TestSeparator] (main) io.apicurio.tests.serdes.apicurio.AvroSerdeIT.testEvolveAvroApicurioReusingClient-FINISHED
2025-08-13 16:43:50,903 INFO  [io.api.tes.uti.TestSeparator] (main) ############################################################################
Test passed: testEvolveAvroApicurioReusingClient
]]></system-out>
  </testcase>
  <testcase name="testProducerUsesDefaultConsumerUsesGlobalId" classname="io.apicurio.tests.serdes.apicurio.AvroSerdeIT" time="0.0">
    <skipped message="void io.apicurio.tests.serdes.apicurio.AvroSerdeIT.testProducerUsesDefaultConsumerUsesGlobalId() throws java.lang.Exception is @Disabled"/>
  </testcase>
  <testcase name="testEvolveAvroApicurio" classname="io.apicurio.tests.serdes.apicurio.AvroSerdeIT" time="14.328">
    <system-out><![CDATA[2025-08-13 16:43:50,910 INFO  [io.api.tes.uti.TestSeparator] (main) ############################################################################
2025-08-13 16:43:50,910 INFO  [io.api.tes.uti.TestSeparator] (main) io.apicurio.tests.serdes.apicurio.AvroSerdeIT.testEvolveAvroApicurio-STARTED
2025-08-13 16:43:50,910 INFO  [io.api.tes.ser.api.AvroSerdeIT] (main) Registering Avro Schema: {"type":"record","name":"s4eeb793fx87afx492bx9417xadeaa37eea4a","namespace":"ns_220d1b88_b2dd_4f06_a864_f8c1e25a3c14","fields":[{"name":"key11755103430910","type":"string"}]}
**** Registry Base URL: http://registry-app-pg17.apps.ci419.apicurio-testing.org:80
2025-08-13 16:43:51,949 INFO  [org.apa.kaf.cli.pro.ProducerConfig] (main) ProducerConfig values: 
	acks = -1
	auto.include.jmx.reporter = true
	batch.size = 16384
	bootstrap.servers = [PLAINTEXT://localhost:32769]
	buffer.memory = 33554432
	client.dns.lookup = use_all_dns_ips
	client.id = Producer-topic-c88c6f52_1313_4029_a56a_20644d332f5e
	compression.gzip.level = -1
	compression.lz4.level = 9
	compression.type = none
	compression.zstd.level = 3
	connections.max.idle.ms = 10000
	delivery.timeout.ms = 120000
	enable.idempotence = true
	enable.metrics.push = true
	interceptor.classes = []
	key.serializer = class org.apache.kafka.common.serialization.StringSerializer
	linger.ms = 0
	max.block.ms = 60000
	max.in.flight.requests.per.connection = 5
	max.request.size = 1048576
	metadata.max.age.ms = 300000
	metadata.max.idle.ms = 300000
	metadata.recovery.strategy = none
	metric.reporters = []
	metrics.num.samples = 2
	metrics.recording.level = INFO
	metrics.sample.window.ms = 30000
	partitioner.adaptive.partitioning.enable = true
	partitioner.availability.timeout.ms = 0
	partitioner.class = null
	partitioner.ignore.keys = false
	receive.buffer.bytes = 32768
	reconnect.backoff.max.ms = 1000
	reconnect.backoff.ms = 50
	request.timeout.ms = 5000
	retries = 2147483647
	retry.backoff.max.ms = 1000
	retry.backoff.ms = 100
	sasl.client.callback.handler.class = null
	sasl.jaas.config = null
	sasl.kerberos.kinit.cmd = /usr/bin/kinit
	sasl.kerberos.min.time.before.relogin = 60000
	sasl.kerberos.service.name = null
	sasl.kerberos.ticket.renew.jitter = 0.05
	sasl.kerberos.ticket.renew.window.factor = 0.8
	sasl.login.callback.handler.class = null
	sasl.login.class = null
	sasl.login.connect.timeout.ms = null
	sasl.login.read.timeout.ms = null
	sasl.login.refresh.buffer.seconds = 300
	sasl.login.refresh.min.period.seconds = 60
	sasl.login.refresh.window.factor = 0.8
	sasl.login.refresh.window.jitter = 0.05
	sasl.login.retry.backoff.max.ms = 10000
	sasl.login.retry.backoff.ms = 100
	sasl.mechanism = GSSAPI
	sasl.oauthbearer.clock.skew.seconds = 30
	sasl.oauthbearer.expected.audience = null
	sasl.oauthbearer.expected.issuer = null
	sasl.oauthbearer.header.urlencode = false
	sasl.oauthbearer.jwks.endpoint.refresh.ms = 3600000
	sasl.oauthbearer.jwks.endpoint.retry.backoff.max.ms = 10000
	sasl.oauthbearer.jwks.endpoint.retry.backoff.ms = 100
	sasl.oauthbearer.jwks.endpoint.url = null
	sasl.oauthbearer.scope.claim.name = scope
	sasl.oauthbearer.sub.claim.name = sub
	sasl.oauthbearer.token.endpoint.url = null
	security.protocol = PLAINTEXT
	security.providers = null
	send.buffer.bytes = 131072
	socket.connection.setup.timeout.max.ms = 30000
	socket.connection.setup.timeout.ms = 10000
	ssl.cipher.suites = null
	ssl.enabled.protocols = [TLSv1.2, TLSv1.3]
	ssl.endpoint.identification.algorithm = https
	ssl.engine.factory.class = null
	ssl.key.password = null
	ssl.keymanager.algorithm = SunX509
	ssl.keystore.certificate.chain = null
	ssl.keystore.key = null
	ssl.keystore.location = null
	ssl.keystore.password = null
	ssl.keystore.type = JKS
	ssl.protocol = TLSv1.3
	ssl.provider = null
	ssl.secure.random.implementation = null
	ssl.trustmanager.algorithm = PKIX
	ssl.truststore.certificates = null
	ssl.truststore.location = null
	ssl.truststore.password = null
	ssl.truststore.type = JKS
	transaction.timeout.ms = 60000
	transactional.id = null
	value.serializer = class io.apicurio.registry.serde.avro.AvroKafkaSerializer

2025-08-13 16:43:51,949 INFO  [org.apa.kaf.com.tel.int.KafkaMetricsCollector] (main) initializing Kafka metrics collector
2025-08-13 16:43:51,953 INFO  [org.apa.kaf.cli.pro.KafkaProducer] (main) [Producer clientId=Producer-topic-c88c6f52_1313_4029_a56a_20644d332f5e] Instantiated an idempotent producer.
2025-08-13 16:43:51,956 INFO  [org.apa.kaf.cli.pro.ProducerConfig] (main) These configurations '[apicurio.registry.url, apicurio.registry.artifact-resolver-strategy]' were supplied but are not used yet.
2025-08-13 16:43:51,956 INFO  [org.apa.kaf.com.uti.AppInfoParser] (main) Kafka version: 3.9.1
2025-08-13 16:43:51,956 INFO  [org.apa.kaf.com.uti.AppInfoParser] (main) Kafka commitId: f745dfdcee2b9851
2025-08-13 16:43:51,956 INFO  [org.apa.kaf.com.uti.AppInfoParser] (main) Kafka startTimeMs: 1755103431956
**** Registry Base URL: http://registry-app-pg17.apps.ci419.apicurio-testing.org:80
2025-08-13 16:43:51,956 INFO  [org.apa.kaf.cli.con.ConsumerConfig] (main) ConsumerConfig values: 
	allow.auto.create.topics = true
	auto.commit.interval.ms = 500
	auto.include.jmx.reporter = true
	auto.offset.reset = earliest
	bootstrap.servers = [PLAINTEXT://localhost:32769]
	check.crcs = true
	client.dns.lookup = use_all_dns_ips
	client.id = consumer-Consumer-topic-c88c6f52_1313_4029_a56a_20644d332f5e-10
	client.rack = 
	connections.max.idle.ms = 10000
	default.api.timeout.ms = 60000
	enable.auto.commit = true
	enable.metrics.push = true
	exclude.internal.topics = true
	fetch.max.bytes = 52428800
	fetch.max.wait.ms = 500
	fetch.min.bytes = 1
	group.id = Consumer-topic-c88c6f52_1313_4029_a56a_20644d332f5e
	group.instance.id = null
	group.protocol = classic
	group.remote.assignor = null
	heartbeat.interval.ms = 3000
	interceptor.classes = []
	internal.leave.group.on.close = true
	internal.throw.on.fetch.stable.offset.unsupported = false
	isolation.level = read_uncommitted
	key.deserializer = class org.apache.kafka.common.serialization.StringDeserializer
	max.partition.fetch.bytes = 1048576
	max.poll.interval.ms = 300000
	max.poll.records = 500
	metadata.max.age.ms = 300000
	metadata.recovery.strategy = none
	metric.reporters = []
	metrics.num.samples = 2
	metrics.recording.level = INFO
	metrics.sample.window.ms = 30000
	partition.assignment.strategy = [class org.apache.kafka.clients.consumer.RangeAssignor, class org.apache.kafka.clients.consumer.CooperativeStickyAssignor]
	receive.buffer.bytes = 65536
	reconnect.backoff.max.ms = 1000
	reconnect.backoff.ms = 50
	request.timeout.ms = 5000
	retry.backoff.max.ms = 1000
	retry.backoff.ms = 100
	sasl.client.callback.handler.class = null
	sasl.jaas.config = null
	sasl.kerberos.kinit.cmd = /usr/bin/kinit
	sasl.kerberos.min.time.before.relogin = 60000
	sasl.kerberos.service.name = null
	sasl.kerberos.ticket.renew.jitter = 0.05
	sasl.kerberos.ticket.renew.window.factor = 0.8
	sasl.login.callback.handler.class = null
	sasl.login.class = null
	sasl.login.connect.timeout.ms = null
	sasl.login.read.timeout.ms = null
	sasl.login.refresh.buffer.seconds = 300
	sasl.login.refresh.min.period.seconds = 60
	sasl.login.refresh.window.factor = 0.8
	sasl.login.refresh.window.jitter = 0.05
	sasl.login.retry.backoff.max.ms = 10000
	sasl.login.retry.backoff.ms = 100
	sasl.mechanism = GSSAPI
	sasl.oauthbearer.clock.skew.seconds = 30
	sasl.oauthbearer.expected.audience = null
	sasl.oauthbearer.expected.issuer = null
	sasl.oauthbearer.header.urlencode = false
	sasl.oauthbearer.jwks.endpoint.refresh.ms = 3600000
	sasl.oauthbearer.jwks.endpoint.retry.backoff.max.ms = 10000
	sasl.oauthbearer.jwks.endpoint.retry.backoff.ms = 100
	sasl.oauthbearer.jwks.endpoint.url = null
	sasl.oauthbearer.scope.claim.name = scope
	sasl.oauthbearer.sub.claim.name = sub
	sasl.oauthbearer.token.endpoint.url = null
	security.protocol = PLAINTEXT
	security.providers = null
	send.buffer.bytes = 131072
	session.timeout.ms = 45000
	socket.connection.setup.timeout.max.ms = 30000
	socket.connection.setup.timeout.ms = 10000
	ssl.cipher.suites = null
	ssl.enabled.protocols = [TLSv1.2, TLSv1.3]
	ssl.endpoint.identification.algorithm = https
	ssl.engine.factory.class = null
	ssl.key.password = null
	ssl.keymanager.algorithm = SunX509
	ssl.keystore.certificate.chain = null
	ssl.keystore.key = null
	ssl.keystore.location = null
	ssl.keystore.password = null
	ssl.keystore.type = JKS
	ssl.protocol = TLSv1.3
	ssl.provider = null
	ssl.secure.random.implementation = null
	ssl.trustmanager.algorithm = PKIX
	ssl.truststore.certificates = null
	ssl.truststore.location = null
	ssl.truststore.password = null
	ssl.truststore.type = JKS
	value.deserializer = class io.apicurio.registry.serde.avro.AvroKafkaDeserializer

2025-08-13 16:43:51,957 INFO  [org.apa.kaf.com.tel.int.KafkaMetricsCollector] (main) initializing Kafka metrics collector
2025-08-13 16:43:51,962 INFO  [org.apa.kaf.cli.Metadata] (kafka-producer-network-thread | Producer-topic-c88c6f52_1313_4029_a56a_20644d332f5e) [Producer clientId=Producer-topic-c88c6f52_1313_4029_a56a_20644d332f5e] Cluster ID: gmKMEoHzQ-qMHyrxO3JTXw
2025-08-13 16:43:51,963 INFO  [org.apa.kaf.cli.pro.int.TransactionManager] (kafka-producer-network-thread | Producer-topic-c88c6f52_1313_4029_a56a_20644d332f5e) [Producer clientId=Producer-topic-c88c6f52_1313_4029_a56a_20644d332f5e] ProducerId set to 12 with epoch 0
2025-08-13 16:43:51,968 INFO  [org.apa.kaf.cli.con.ConsumerConfig] (main) These configurations '[apicurio.registry.url]' were supplied but are not used yet.
2025-08-13 16:43:51,968 INFO  [org.apa.kaf.com.uti.AppInfoParser] (main) Kafka version: 3.9.1
2025-08-13 16:43:51,968 INFO  [org.apa.kaf.com.uti.AppInfoParser] (main) Kafka commitId: f745dfdcee2b9851
2025-08-13 16:43:51,968 INFO  [org.apa.kaf.com.uti.AppInfoParser] (main) Kafka startTimeMs: 1755103431968
2025-08-13 16:43:51,968 INFO  [io.api.tes.ser.api.KafkaSerdesTester] (Thread-672) Sending message {"key11755103430910": "value-0"} to topic topic-c88c6f52_1313_4029_a56a_20644d332f5e
2025-08-13 16:43:51,971 INFO  [DefaultSchemaResolver] (Thread-672) Retrieving schema content using string: {"type":"record","name":"s4eeb793fx87afx492bx9417xadeaa37eea4a","namespace":"ns_220d1b88_b2dd_4f06_a864_f8c1e25a3c14","fields":[{"name":"key11755103430910","type":"string"}]}
2025-08-13 16:43:51,996 INFO  [io.api.tes.ser.api.KafkaSerdesTester] (Thread-672) Sending message {"key11755103430910": "value-1"} to topic topic-c88c6f52_1313_4029_a56a_20644d332f5e
2025-08-13 16:43:51,998 INFO  [io.api.tes.ser.api.KafkaSerdesTester] (Thread-672) Sending message {"key11755103430910": "value-2"} to topic topic-c88c6f52_1313_4029_a56a_20644d332f5e
2025-08-13 16:43:52,003 INFO  [io.api.tes.ser.api.KafkaSerdesTester] (Thread-672) Sending message {"key11755103430910": "value-3"} to topic topic-c88c6f52_1313_4029_a56a_20644d332f5e
2025-08-13 16:43:52,005 INFO  [io.api.tes.ser.api.KafkaSerdesTester] (Thread-672) Sending message {"key11755103430910": "value-4"} to topic topic-c88c6f52_1313_4029_a56a_20644d332f5e
2025-08-13 16:43:52,008 INFO  [io.api.tes.ser.api.KafkaSerdesTester] (Thread-672) Sending message {"key11755103430910": "value-5"} to topic topic-c88c6f52_1313_4029_a56a_20644d332f5e
2025-08-13 16:43:52,009 INFO  [io.api.tes.ser.api.KafkaSerdesTester] (Thread-672) Sending message {"key11755103430910": "value-6"} to topic topic-c88c6f52_1313_4029_a56a_20644d332f5e
2025-08-13 16:43:52,011 INFO  [io.api.tes.ser.api.KafkaSerdesTester] (Thread-672) Sending message {"key11755103430910": "value-7"} to topic topic-c88c6f52_1313_4029_a56a_20644d332f5e
2025-08-13 16:43:52,014 INFO  [io.api.tes.ser.api.KafkaSerdesTester] (Thread-672) Sending message {"key11755103430910": "value-8"} to topic topic-c88c6f52_1313_4029_a56a_20644d332f5e
2025-08-13 16:43:52,016 INFO  [io.api.tes.ser.api.KafkaSerdesTester] (Thread-672) Sending message {"key11755103430910": "value-9"} to topic topic-c88c6f52_1313_4029_a56a_20644d332f5e
2025-08-13 16:43:52,017 INFO  [io.api.tes.ser.api.KafkaSerdesTester] (Thread-672) Produced 10 messages
2025-08-13 16:43:52,018 INFO  [org.apa.kaf.cli.pro.KafkaProducer] (Thread-672) [Producer clientId=Producer-topic-c88c6f52_1313_4029_a56a_20644d332f5e] Closing the Kafka producer with timeoutMillis = 9223372036854775807 ms.
2025-08-13 16:43:52,020 INFO  [org.apa.kaf.com.met.Metrics] (Thread-672) Metrics scheduler closed
2025-08-13 16:43:52,020 INFO  [org.apa.kaf.com.met.Metrics] (Thread-672) Closing reporter org.apache.kafka.common.metrics.JmxReporter
2025-08-13 16:43:52,020 INFO  [org.apa.kaf.com.met.Metrics] (Thread-672) Closing reporter org.apache.kafka.common.telemetry.internals.ClientTelemetryReporter
2025-08-13 16:43:52,020 INFO  [org.apa.kaf.com.met.Metrics] (Thread-672) Metrics reporters closed
2025-08-13 16:43:52,021 INFO  [org.apa.kaf.com.uti.AppInfoParser] (Thread-672) App info kafka.producer for Producer-topic-c88c6f52_1313_4029_a56a_20644d332f5e unregistered
2025-08-13 16:43:52,022 INFO  [org.apa.kaf.cli.con.int.ClassicKafkaConsumer] (Thread-673) [Consumer clientId=consumer-Consumer-topic-c88c6f52_1313_4029_a56a_20644d332f5e-10, groupId=Consumer-topic-c88c6f52_1313_4029_a56a_20644d332f5e] Subscribed to topic(s): topic-c88c6f52_1313_4029_a56a_20644d332f5e
2025-08-13 16:43:52,027 INFO  [org.apa.kaf.cli.Metadata] (Thread-673) [Consumer clientId=consumer-Consumer-topic-c88c6f52_1313_4029_a56a_20644d332f5e-10, groupId=Consumer-topic-c88c6f52_1313_4029_a56a_20644d332f5e] Cluster ID: gmKMEoHzQ-qMHyrxO3JTXw
2025-08-13 16:43:52,027 INFO  [org.apa.kaf.cli.con.int.ConsumerCoordinator] (Thread-673) [Consumer clientId=consumer-Consumer-topic-c88c6f52_1313_4029_a56a_20644d332f5e-10, groupId=Consumer-topic-c88c6f52_1313_4029_a56a_20644d332f5e] Discovered group coordinator localhost:32769 (id: 2147483647 rack: null)
2025-08-13 16:43:52,029 INFO  [org.apa.kaf.cli.con.int.ConsumerCoordinator] (Thread-673) [Consumer clientId=consumer-Consumer-topic-c88c6f52_1313_4029_a56a_20644d332f5e-10, groupId=Consumer-topic-c88c6f52_1313_4029_a56a_20644d332f5e] (Re-)joining group
2025-08-13 16:43:52,032 INFO  [org.apa.kaf.cli.con.int.ConsumerCoordinator] (Thread-673) [Consumer clientId=consumer-Consumer-topic-c88c6f52_1313_4029_a56a_20644d332f5e-10, groupId=Consumer-topic-c88c6f52_1313_4029_a56a_20644d332f5e] Request joining group due to: need to re-join with the given member-id: consumer-Consumer-topic-c88c6f52_1313_4029_a56a_20644d332f5e-10-c1591149-cbbc-4c85-885b-c30936130714
2025-08-13 16:43:52,033 INFO  [org.apa.kaf.cli.con.int.ConsumerCoordinator] (Thread-673) [Consumer clientId=consumer-Consumer-topic-c88c6f52_1313_4029_a56a_20644d332f5e-10, groupId=Consumer-topic-c88c6f52_1313_4029_a56a_20644d332f5e] (Re-)joining group
2025-08-13 16:43:53,022 INFO  [io.api.tes.ser.api.KafkaSerdesTester] (Thread-673) None found
2025-08-13 16:43:54,022 INFO  [io.api.tes.ser.api.KafkaSerdesTester] (Thread-673) None found
2025-08-13 16:43:55,023 INFO  [io.api.tes.ser.api.KafkaSerdesTester] (Thread-673) None found
2025-08-13 16:43:55,036 INFO  [org.apa.kaf.cli.con.int.ConsumerCoordinator] (Thread-673) [Consumer clientId=consumer-Consumer-topic-c88c6f52_1313_4029_a56a_20644d332f5e-10, groupId=Consumer-topic-c88c6f52_1313_4029_a56a_20644d332f5e] Successfully joined group with generation Generation{generationId=1, memberId='consumer-Consumer-topic-c88c6f52_1313_4029_a56a_20644d332f5e-10-c1591149-cbbc-4c85-885b-c30936130714', protocol='range'}
2025-08-13 16:43:55,037 INFO  [org.apa.kaf.cli.con.int.ConsumerCoordinator] (Thread-673) [Consumer clientId=consumer-Consumer-topic-c88c6f52_1313_4029_a56a_20644d332f5e-10, groupId=Consumer-topic-c88c6f52_1313_4029_a56a_20644d332f5e] Finished assignment for group at generation 1: {consumer-Consumer-topic-c88c6f52_1313_4029_a56a_20644d332f5e-10-c1591149-cbbc-4c85-885b-c30936130714=Assignment(partitions=[topic-c88c6f52_1313_4029_a56a_20644d332f5e-0])}
2025-08-13 16:43:55,044 INFO  [org.apa.kaf.cli.con.int.ConsumerCoordinator] (Thread-673) [Consumer clientId=consumer-Consumer-topic-c88c6f52_1313_4029_a56a_20644d332f5e-10, groupId=Consumer-topic-c88c6f52_1313_4029_a56a_20644d332f5e] Successfully synced group in generation Generation{generationId=1, memberId='consumer-Consumer-topic-c88c6f52_1313_4029_a56a_20644d332f5e-10-c1591149-cbbc-4c85-885b-c30936130714', protocol='range'}
2025-08-13 16:43:55,045 INFO  [org.apa.kaf.cli.con.int.ConsumerCoordinator] (Thread-673) [Consumer clientId=consumer-Consumer-topic-c88c6f52_1313_4029_a56a_20644d332f5e-10, groupId=Consumer-topic-c88c6f52_1313_4029_a56a_20644d332f5e] Notifying assignor about the new Assignment(partitions=[topic-c88c6f52_1313_4029_a56a_20644d332f5e-0])
2025-08-13 16:43:55,045 INFO  [org.apa.kaf.cli.con.int.ConsumerRebalanceListenerInvoker] (Thread-673) [Consumer clientId=consumer-Consumer-topic-c88c6f52_1313_4029_a56a_20644d332f5e-10, groupId=Consumer-topic-c88c6f52_1313_4029_a56a_20644d332f5e] Adding newly assigned partitions: topic-c88c6f52_1313_4029_a56a_20644d332f5e-0
2025-08-13 16:43:55,046 INFO  [org.apa.kaf.cli.con.int.ConsumerCoordinator] (Thread-673) [Consumer clientId=consumer-Consumer-topic-c88c6f52_1313_4029_a56a_20644d332f5e-10, groupId=Consumer-topic-c88c6f52_1313_4029_a56a_20644d332f5e] Found no committed offset for partition topic-c88c6f52_1313_4029_a56a_20644d332f5e-0
2025-08-13 16:43:55,050 INFO  [org.apa.kaf.cli.con.int.SubscriptionState] (Thread-673) [Consumer clientId=consumer-Consumer-topic-c88c6f52_1313_4029_a56a_20644d332f5e-10, groupId=Consumer-topic-c88c6f52_1313_4029_a56a_20644d332f5e] Resetting offset for partition topic-c88c6f52_1313_4029_a56a_20644d332f5e-0 to position FetchPosition{offset=0, offsetEpoch=Optional.empty, currentLeader=LeaderAndEpoch{leader=Optional[localhost:32769 (id: 0 rack: null)], epoch=0}}.
2025-08-13 16:43:55,079 INFO  [io.api.tes.ser.api.KafkaSerdesTester] (Thread-673) topic-c88c6f52_1313_4029_a56a_20644d332f5e 0 0 {"key11755103430910": "value-0"}
2025-08-13 16:43:55,079 INFO  [io.api.tes.ser.api.KafkaSerdesTester] (Thread-673) topic-c88c6f52_1313_4029_a56a_20644d332f5e 0 1 {"key11755103430910": "value-1"}
2025-08-13 16:43:55,079 INFO  [io.api.tes.ser.api.KafkaSerdesTester] (Thread-673) topic-c88c6f52_1313_4029_a56a_20644d332f5e 0 2 {"key11755103430910": "value-2"}
2025-08-13 16:43:55,079 INFO  [io.api.tes.ser.api.KafkaSerdesTester] (Thread-673) topic-c88c6f52_1313_4029_a56a_20644d332f5e 0 3 {"key11755103430910": "value-3"}
2025-08-13 16:43:55,079 INFO  [io.api.tes.ser.api.KafkaSerdesTester] (Thread-673) topic-c88c6f52_1313_4029_a56a_20644d332f5e 0 4 {"key11755103430910": "value-4"}
2025-08-13 16:43:55,079 INFO  [io.api.tes.ser.api.KafkaSerdesTester] (Thread-673) topic-c88c6f52_1313_4029_a56a_20644d332f5e 0 5 {"key11755103430910": "value-5"}
2025-08-13 16:43:55,079 INFO  [io.api.tes.ser.api.KafkaSerdesTester] (Thread-673) topic-c88c6f52_1313_4029_a56a_20644d332f5e 0 6 {"key11755103430910": "value-6"}
2025-08-13 16:43:55,079 INFO  [io.api.tes.ser.api.KafkaSerdesTester] (Thread-673) topic-c88c6f52_1313_4029_a56a_20644d332f5e 0 7 {"key11755103430910": "value-7"}
2025-08-13 16:43:55,079 INFO  [io.api.tes.ser.api.KafkaSerdesTester] (Thread-673) topic-c88c6f52_1313_4029_a56a_20644d332f5e 0 8 {"key11755103430910": "value-8"}
2025-08-13 16:43:55,079 INFO  [io.api.tes.ser.api.KafkaSerdesTester] (Thread-673) topic-c88c6f52_1313_4029_a56a_20644d332f5e 0 9 {"key11755103430910": "value-9"}
2025-08-13 16:43:55,079 INFO  [io.api.tes.ser.api.KafkaSerdesTester] (Thread-673) Consumed 10 messages
2025-08-13 16:43:55,089 INFO  [org.apa.kaf.cli.con.int.ConsumerRebalanceListenerInvoker] (Thread-673) [Consumer clientId=consumer-Consumer-topic-c88c6f52_1313_4029_a56a_20644d332f5e-10, groupId=Consumer-topic-c88c6f52_1313_4029_a56a_20644d332f5e] Revoke previously assigned partitions topic-c88c6f52_1313_4029_a56a_20644d332f5e-0
2025-08-13 16:43:55,089 INFO  [org.apa.kaf.cli.con.int.ConsumerCoordinator] (Thread-673) [Consumer clientId=consumer-Consumer-topic-c88c6f52_1313_4029_a56a_20644d332f5e-10, groupId=Consumer-topic-c88c6f52_1313_4029_a56a_20644d332f5e] Member consumer-Consumer-topic-c88c6f52_1313_4029_a56a_20644d332f5e-10-c1591149-cbbc-4c85-885b-c30936130714 sending LeaveGroup request to coordinator localhost:32769 (id: 2147483647 rack: null) due to the consumer is being closed
2025-08-13 16:43:55,090 INFO  [org.apa.kaf.cli.con.int.ConsumerCoordinator] (Thread-673) [Consumer clientId=consumer-Consumer-topic-c88c6f52_1313_4029_a56a_20644d332f5e-10, groupId=Consumer-topic-c88c6f52_1313_4029_a56a_20644d332f5e] Resetting generation and member id due to: consumer pro-actively leaving the group
2025-08-13 16:43:55,090 INFO  [org.apa.kaf.cli.con.int.ConsumerCoordinator] (Thread-673) [Consumer clientId=consumer-Consumer-topic-c88c6f52_1313_4029_a56a_20644d332f5e-10, groupId=Consumer-topic-c88c6f52_1313_4029_a56a_20644d332f5e] Request joining group due to: consumer pro-actively leaving the group
2025-08-13 16:43:55,583 INFO  [org.apa.kaf.com.met.Metrics] (Thread-673) Metrics scheduler closed
2025-08-13 16:43:55,583 INFO  [org.apa.kaf.com.met.Metrics] (Thread-673) Closing reporter org.apache.kafka.common.metrics.JmxReporter
2025-08-13 16:43:55,583 INFO  [org.apa.kaf.com.met.Metrics] (Thread-673) Closing reporter org.apache.kafka.common.telemetry.internals.ClientTelemetryReporter
2025-08-13 16:43:55,583 INFO  [org.apa.kaf.com.met.Metrics] (Thread-673) Metrics reporters closed
2025-08-13 16:43:55,587 INFO  [org.apa.kaf.com.uti.AppInfoParser] (Thread-673) App info kafka.consumer for consumer-Consumer-topic-c88c6f52_1313_4029_a56a_20644d332f5e-10 unregistered
2025-08-13 16:43:55,587 INFO  [io.api.tes.ser.api.AvroSerdeIT] (main) Registering Avro Schema 2: {"type":"record","name":"s4eeb793fx87afx492bx9417xadeaa37eea4a","namespace":"ns_220d1b88_b2dd_4f06_a864_f8c1e25a3c14","fields":[{"name":"key11755103430910","type":"string"},{"name":"key21755103435587","type":"string"}]}
**** Registry Base URL: http://registry-app-pg17.apps.ci419.apicurio-testing.org:80
2025-08-13 16:43:56,626 INFO  [org.apa.kaf.cli.pro.ProducerConfig] (main) ProducerConfig values: 
	acks = -1
	auto.include.jmx.reporter = true
	batch.size = 16384
	bootstrap.servers = [PLAINTEXT://localhost:32769]
	buffer.memory = 33554432
	client.dns.lookup = use_all_dns_ips
	client.id = Producer-topic-c88c6f52_1313_4029_a56a_20644d332f5e
	compression.gzip.level = -1
	compression.lz4.level = 9
	compression.type = none
	compression.zstd.level = 3
	connections.max.idle.ms = 10000
	delivery.timeout.ms = 120000
	enable.idempotence = true
	enable.metrics.push = true
	interceptor.classes = []
	key.serializer = class org.apache.kafka.common.serialization.StringSerializer
	linger.ms = 0
	max.block.ms = 60000
	max.in.flight.requests.per.connection = 5
	max.request.size = 1048576
	metadata.max.age.ms = 300000
	metadata.max.idle.ms = 300000
	metadata.recovery.strategy = none
	metric.reporters = []
	metrics.num.samples = 2
	metrics.recording.level = INFO
	metrics.sample.window.ms = 30000
	partitioner.adaptive.partitioning.enable = true
	partitioner.availability.timeout.ms = 0
	partitioner.class = null
	partitioner.ignore.keys = false
	receive.buffer.bytes = 32768
	reconnect.backoff.max.ms = 1000
	reconnect.backoff.ms = 50
	request.timeout.ms = 5000
	retries = 2147483647
	retry.backoff.max.ms = 1000
	retry.backoff.ms = 100
	sasl.client.callback.handler.class = null
	sasl.jaas.config = null
	sasl.kerberos.kinit.cmd = /usr/bin/kinit
	sasl.kerberos.min.time.before.relogin = 60000
	sasl.kerberos.service.name = null
	sasl.kerberos.ticket.renew.jitter = 0.05
	sasl.kerberos.ticket.renew.window.factor = 0.8
	sasl.login.callback.handler.class = null
	sasl.login.class = null
	sasl.login.connect.timeout.ms = null
	sasl.login.read.timeout.ms = null
	sasl.login.refresh.buffer.seconds = 300
	sasl.login.refresh.min.period.seconds = 60
	sasl.login.refresh.window.factor = 0.8
	sasl.login.refresh.window.jitter = 0.05
	sasl.login.retry.backoff.max.ms = 10000
	sasl.login.retry.backoff.ms = 100
	sasl.mechanism = GSSAPI
	sasl.oauthbearer.clock.skew.seconds = 30
	sasl.oauthbearer.expected.audience = null
	sasl.oauthbearer.expected.issuer = null
	sasl.oauthbearer.header.urlencode = false
	sasl.oauthbearer.jwks.endpoint.refresh.ms = 3600000
	sasl.oauthbearer.jwks.endpoint.retry.backoff.max.ms = 10000
	sasl.oauthbearer.jwks.endpoint.retry.backoff.ms = 100
	sasl.oauthbearer.jwks.endpoint.url = null
	sasl.oauthbearer.scope.claim.name = scope
	sasl.oauthbearer.sub.claim.name = sub
	sasl.oauthbearer.token.endpoint.url = null
	security.protocol = PLAINTEXT
	security.providers = null
	send.buffer.bytes = 131072
	socket.connection.setup.timeout.max.ms = 30000
	socket.connection.setup.timeout.ms = 10000
	ssl.cipher.suites = null
	ssl.enabled.protocols = [TLSv1.2, TLSv1.3]
	ssl.endpoint.identification.algorithm = https
	ssl.engine.factory.class = null
	ssl.key.password = null
	ssl.keymanager.algorithm = SunX509
	ssl.keystore.certificate.chain = null
	ssl.keystore.key = null
	ssl.keystore.location = null
	ssl.keystore.password = null
	ssl.keystore.type = JKS
	ssl.protocol = TLSv1.3
	ssl.provider = null
	ssl.secure.random.implementation = null
	ssl.trustmanager.algorithm = PKIX
	ssl.truststore.certificates = null
	ssl.truststore.location = null
	ssl.truststore.password = null
	ssl.truststore.type = JKS
	transaction.timeout.ms = 60000
	transactional.id = null
	value.serializer = class io.apicurio.registry.serde.avro.AvroKafkaSerializer

2025-08-13 16:43:56,626 INFO  [org.apa.kaf.com.tel.int.KafkaMetricsCollector] (main) initializing Kafka metrics collector
2025-08-13 16:43:56,629 INFO  [org.apa.kaf.cli.pro.KafkaProducer] (main) [Producer clientId=Producer-topic-c88c6f52_1313_4029_a56a_20644d332f5e] Instantiated an idempotent producer.
2025-08-13 16:43:56,630 INFO  [org.apa.kaf.cli.pro.ProducerConfig] (main) These configurations '[apicurio.registry.url, apicurio.registry.artifact-resolver-strategy]' were supplied but are not used yet.
2025-08-13 16:43:56,630 INFO  [org.apa.kaf.com.uti.AppInfoParser] (main) Kafka version: 3.9.1
2025-08-13 16:43:56,630 INFO  [org.apa.kaf.com.uti.AppInfoParser] (main) Kafka commitId: f745dfdcee2b9851
2025-08-13 16:43:56,630 INFO  [org.apa.kaf.com.uti.AppInfoParser] (main) Kafka startTimeMs: 1755103436630
2025-08-13 16:43:56,631 INFO  [io.api.tes.ser.api.KafkaSerdesTester] (Thread-676) Sending message {"key11755103430910": "value-0", "key21755103435587": "value-0"} to topic topic-c88c6f52_1313_4029_a56a_20644d332f5e
2025-08-13 16:43:56,636 INFO  [org.apa.kaf.cli.Metadata] (kafka-producer-network-thread | Producer-topic-c88c6f52_1313_4029_a56a_20644d332f5e) [Producer clientId=Producer-topic-c88c6f52_1313_4029_a56a_20644d332f5e] Cluster ID: gmKMEoHzQ-qMHyrxO3JTXw
2025-08-13 16:43:56,637 INFO  [org.apa.kaf.cli.pro.int.TransactionManager] (kafka-producer-network-thread | Producer-topic-c88c6f52_1313_4029_a56a_20644d332f5e) [Producer clientId=Producer-topic-c88c6f52_1313_4029_a56a_20644d332f5e] ProducerId set to 13 with epoch 0
2025-08-13 16:43:56,637 INFO  [DefaultSchemaResolver] (Thread-676) Retrieving schema content using string: {"type":"record","name":"s4eeb793fx87afx492bx9417xadeaa37eea4a","namespace":"ns_220d1b88_b2dd_4f06_a864_f8c1e25a3c14","fields":[{"name":"key11755103430910","type":"string"},{"name":"key21755103435587","type":"string"}]}
2025-08-13 16:43:56,662 INFO  [io.api.tes.ser.api.KafkaSerdesTester] (Thread-676) Sending message {"key11755103430910": "value-1", "key21755103435587": "value-1"} to topic topic-c88c6f52_1313_4029_a56a_20644d332f5e
2025-08-13 16:43:56,664 INFO  [io.api.tes.ser.api.KafkaSerdesTester] (Thread-676) Sending message {"key11755103430910": "value-2", "key21755103435587": "value-2"} to topic topic-c88c6f52_1313_4029_a56a_20644d332f5e
2025-08-13 16:43:56,668 INFO  [io.api.tes.ser.api.KafkaSerdesTester] (Thread-676) Sending message {"key11755103430910": "value-3", "key21755103435587": "value-3"} to topic topic-c88c6f52_1313_4029_a56a_20644d332f5e
2025-08-13 16:43:56,669 INFO  [io.api.tes.ser.api.KafkaSerdesTester] (Thread-676) Sending message {"key11755103430910": "value-4", "key21755103435587": "value-4"} to topic topic-c88c6f52_1313_4029_a56a_20644d332f5e
2025-08-13 16:43:56,671 INFO  [io.api.tes.ser.api.KafkaSerdesTester] (Thread-676) Sending message {"key11755103430910": "value-5", "key21755103435587": "value-5"} to topic topic-c88c6f52_1313_4029_a56a_20644d332f5e
2025-08-13 16:43:56,675 INFO  [io.api.tes.ser.api.KafkaSerdesTester] (Thread-676) Sending message {"key11755103430910": "value-6", "key21755103435587": "value-6"} to topic topic-c88c6f52_1313_4029_a56a_20644d332f5e
2025-08-13 16:43:56,680 INFO  [io.api.tes.ser.api.KafkaSerdesTester] (Thread-676) Sending message {"key11755103430910": "value-7", "key21755103435587": "value-7"} to topic topic-c88c6f52_1313_4029_a56a_20644d332f5e
2025-08-13 16:43:56,683 INFO  [io.api.tes.ser.api.KafkaSerdesTester] (Thread-676) Sending message {"key11755103430910": "value-8", "key21755103435587": "value-8"} to topic topic-c88c6f52_1313_4029_a56a_20644d332f5e
2025-08-13 16:43:56,685 INFO  [io.api.tes.ser.api.KafkaSerdesTester] (Thread-676) Sending message {"key11755103430910": "value-9", "key21755103435587": "value-9"} to topic topic-c88c6f52_1313_4029_a56a_20644d332f5e
2025-08-13 16:43:56,687 INFO  [io.api.tes.ser.api.KafkaSerdesTester] (Thread-676) Produced 10 messages
2025-08-13 16:43:56,687 INFO  [org.apa.kaf.cli.pro.KafkaProducer] (Thread-676) [Producer clientId=Producer-topic-c88c6f52_1313_4029_a56a_20644d332f5e] Closing the Kafka producer with timeoutMillis = 9223372036854775807 ms.
2025-08-13 16:43:56,690 INFO  [org.apa.kaf.com.met.Metrics] (Thread-676) Metrics scheduler closed
2025-08-13 16:43:56,690 INFO  [org.apa.kaf.com.met.Metrics] (Thread-676) Closing reporter org.apache.kafka.common.metrics.JmxReporter
2025-08-13 16:43:56,690 INFO  [org.apa.kaf.com.met.Metrics] (Thread-676) Closing reporter org.apache.kafka.common.telemetry.internals.ClientTelemetryReporter
2025-08-13 16:43:56,690 INFO  [org.apa.kaf.com.met.Metrics] (Thread-676) Metrics reporters closed
2025-08-13 16:43:56,690 INFO  [org.apa.kaf.com.uti.AppInfoParser] (Thread-676) App info kafka.producer for Producer-topic-c88c6f52_1313_4029_a56a_20644d332f5e unregistered
**** Registry Base URL: http://registry-app-pg17.apps.ci419.apicurio-testing.org:80
2025-08-13 16:43:56,691 INFO  [org.apa.kaf.cli.pro.ProducerConfig] (main) ProducerConfig values: 
	acks = -1
	auto.include.jmx.reporter = true
	batch.size = 16384
	bootstrap.servers = [PLAINTEXT://localhost:32769]
	buffer.memory = 33554432
	client.dns.lookup = use_all_dns_ips
	client.id = Producer-topic-c88c6f52_1313_4029_a56a_20644d332f5e
	compression.gzip.level = -1
	compression.lz4.level = 9
	compression.type = none
	compression.zstd.level = 3
	connections.max.idle.ms = 10000
	delivery.timeout.ms = 120000
	enable.idempotence = true
	enable.metrics.push = true
	interceptor.classes = []
	key.serializer = class org.apache.kafka.common.serialization.StringSerializer
	linger.ms = 0
	max.block.ms = 60000
	max.in.flight.requests.per.connection = 5
	max.request.size = 1048576
	metadata.max.age.ms = 300000
	metadata.max.idle.ms = 300000
	metadata.recovery.strategy = none
	metric.reporters = []
	metrics.num.samples = 2
	metrics.recording.level = INFO
	metrics.sample.window.ms = 30000
	partitioner.adaptive.partitioning.enable = true
	partitioner.availability.timeout.ms = 0
	partitioner.class = null
	partitioner.ignore.keys = false
	receive.buffer.bytes = 32768
	reconnect.backoff.max.ms = 1000
	reconnect.backoff.ms = 50
	request.timeout.ms = 5000
	retries = 2147483647
	retry.backoff.max.ms = 1000
	retry.backoff.ms = 100
	sasl.client.callback.handler.class = null
	sasl.jaas.config = null
	sasl.kerberos.kinit.cmd = /usr/bin/kinit
	sasl.kerberos.min.time.before.relogin = 60000
	sasl.kerberos.service.name = null
	sasl.kerberos.ticket.renew.jitter = 0.05
	sasl.kerberos.ticket.renew.window.factor = 0.8
	sasl.login.callback.handler.class = null
	sasl.login.class = null
	sasl.login.connect.timeout.ms = null
	sasl.login.read.timeout.ms = null
	sasl.login.refresh.buffer.seconds = 300
	sasl.login.refresh.min.period.seconds = 60
	sasl.login.refresh.window.factor = 0.8
	sasl.login.refresh.window.jitter = 0.05
	sasl.login.retry.backoff.max.ms = 10000
	sasl.login.retry.backoff.ms = 100
	sasl.mechanism = GSSAPI
	sasl.oauthbearer.clock.skew.seconds = 30
	sasl.oauthbearer.expected.audience = null
	sasl.oauthbearer.expected.issuer = null
	sasl.oauthbearer.header.urlencode = false
	sasl.oauthbearer.jwks.endpoint.refresh.ms = 3600000
	sasl.oauthbearer.jwks.endpoint.retry.backoff.max.ms = 10000
	sasl.oauthbearer.jwks.endpoint.retry.backoff.ms = 100
	sasl.oauthbearer.jwks.endpoint.url = null
	sasl.oauthbearer.scope.claim.name = scope
	sasl.oauthbearer.sub.claim.name = sub
	sasl.oauthbearer.token.endpoint.url = null
	security.protocol = PLAINTEXT
	security.providers = null
	send.buffer.bytes = 131072
	socket.connection.setup.timeout.max.ms = 30000
	socket.connection.setup.timeout.ms = 10000
	ssl.cipher.suites = null
	ssl.enabled.protocols = [TLSv1.2, TLSv1.3]
	ssl.endpoint.identification.algorithm = https
	ssl.engine.factory.class = null
	ssl.key.password = null
	ssl.keymanager.algorithm = SunX509
	ssl.keystore.certificate.chain = null
	ssl.keystore.key = null
	ssl.keystore.location = null
	ssl.keystore.password = null
	ssl.keystore.type = JKS
	ssl.protocol = TLSv1.3
	ssl.provider = null
	ssl.secure.random.implementation = null
	ssl.trustmanager.algorithm = PKIX
	ssl.truststore.certificates = null
	ssl.truststore.location = null
	ssl.truststore.password = null
	ssl.truststore.type = JKS
	transaction.timeout.ms = 60000
	transactional.id = null
	value.serializer = class io.apicurio.registry.serde.avro.AvroKafkaSerializer

2025-08-13 16:43:56,691 INFO  [org.apa.kaf.com.tel.int.KafkaMetricsCollector] (main) initializing Kafka metrics collector
2025-08-13 16:43:56,696 INFO  [org.apa.kaf.cli.pro.KafkaProducer] (main) [Producer clientId=Producer-topic-c88c6f52_1313_4029_a56a_20644d332f5e] Instantiated an idempotent producer.
2025-08-13 16:43:56,698 INFO  [org.apa.kaf.cli.pro.ProducerConfig] (main) These configurations '[apicurio.registry.url, apicurio.registry.artifact-resolver-strategy]' were supplied but are not used yet.
2025-08-13 16:43:56,698 INFO  [org.apa.kaf.com.uti.AppInfoParser] (main) Kafka version: 3.9.1
2025-08-13 16:43:56,698 INFO  [org.apa.kaf.com.uti.AppInfoParser] (main) Kafka commitId: f745dfdcee2b9851
2025-08-13 16:43:56,698 INFO  [org.apa.kaf.com.uti.AppInfoParser] (main) Kafka startTimeMs: 1755103436698
2025-08-13 16:43:56,698 INFO  [io.api.tes.ser.api.KafkaSerdesTester] (Thread-679) Sending message {"key11755103430910": "value-0"} to topic topic-c88c6f52_1313_4029_a56a_20644d332f5e
2025-08-13 16:43:56,701 INFO  [org.apa.kaf.cli.Metadata] (kafka-producer-network-thread | Producer-topic-c88c6f52_1313_4029_a56a_20644d332f5e) [Producer clientId=Producer-topic-c88c6f52_1313_4029_a56a_20644d332f5e] Cluster ID: gmKMEoHzQ-qMHyrxO3JTXw
2025-08-13 16:43:56,701 INFO  [DefaultSchemaResolver] (Thread-679) Retrieving schema content using string: {"type":"record","name":"s4eeb793fx87afx492bx9417xadeaa37eea4a","namespace":"ns_220d1b88_b2dd_4f06_a864_f8c1e25a3c14","fields":[{"name":"key11755103430910","type":"string"}]}
2025-08-13 16:43:56,703 INFO  [org.apa.kaf.cli.pro.int.TransactionManager] (kafka-producer-network-thread | Producer-topic-c88c6f52_1313_4029_a56a_20644d332f5e) [Producer clientId=Producer-topic-c88c6f52_1313_4029_a56a_20644d332f5e] ProducerId set to 14 with epoch 0
2025-08-13 16:43:56,727 INFO  [io.api.tes.ser.api.KafkaSerdesTester] (Thread-679) Sending message {"key11755103430910": "value-1"} to topic topic-c88c6f52_1313_4029_a56a_20644d332f5e
2025-08-13 16:43:56,729 INFO  [io.api.tes.ser.api.KafkaSerdesTester] (Thread-679) Sending message {"key11755103430910": "value-2"} to topic topic-c88c6f52_1313_4029_a56a_20644d332f5e
2025-08-13 16:43:56,731 INFO  [io.api.tes.ser.api.KafkaSerdesTester] (Thread-679) Sending message {"key11755103430910": "value-3"} to topic topic-c88c6f52_1313_4029_a56a_20644d332f5e
2025-08-13 16:43:56,732 INFO  [io.api.tes.ser.api.KafkaSerdesTester] (Thread-679) Sending message {"key11755103430910": "value-4"} to topic topic-c88c6f52_1313_4029_a56a_20644d332f5e
2025-08-13 16:43:56,733 INFO  [io.api.tes.ser.api.KafkaSerdesTester] (Thread-679) Sending message {"key11755103430910": "value-5"} to topic topic-c88c6f52_1313_4029_a56a_20644d332f5e
2025-08-13 16:43:56,734 INFO  [io.api.tes.ser.api.KafkaSerdesTester] (Thread-679) Sending message {"key11755103430910": "value-6"} to topic topic-c88c6f52_1313_4029_a56a_20644d332f5e
2025-08-13 16:43:56,736 INFO  [io.api.tes.ser.api.KafkaSerdesTester] (Thread-679) Sending message {"key11755103430910": "value-7"} to topic topic-c88c6f52_1313_4029_a56a_20644d332f5e
2025-08-13 16:43:56,737 INFO  [io.api.tes.ser.api.KafkaSerdesTester] (Thread-679) Sending message {"key11755103430910": "value-8"} to topic topic-c88c6f52_1313_4029_a56a_20644d332f5e
2025-08-13 16:43:56,738 INFO  [io.api.tes.ser.api.KafkaSerdesTester] (Thread-679) Sending message {"key11755103430910": "value-9"} to topic topic-c88c6f52_1313_4029_a56a_20644d332f5e
2025-08-13 16:43:56,739 INFO  [io.api.tes.ser.api.KafkaSerdesTester] (Thread-679) Produced 10 messages
2025-08-13 16:43:56,740 INFO  [org.apa.kaf.cli.pro.KafkaProducer] (Thread-679) [Producer clientId=Producer-topic-c88c6f52_1313_4029_a56a_20644d332f5e] Closing the Kafka producer with timeoutMillis = 9223372036854775807 ms.
2025-08-13 16:43:56,742 INFO  [org.apa.kaf.com.met.Metrics] (Thread-679) Metrics scheduler closed
2025-08-13 16:43:56,742 INFO  [org.apa.kaf.com.met.Metrics] (Thread-679) Closing reporter org.apache.kafka.common.metrics.JmxReporter
2025-08-13 16:43:56,742 INFO  [org.apa.kaf.com.met.Metrics] (Thread-679) Closing reporter org.apache.kafka.common.telemetry.internals.ClientTelemetryReporter
2025-08-13 16:43:56,742 INFO  [org.apa.kaf.com.met.Metrics] (Thread-679) Metrics reporters closed
2025-08-13 16:43:56,743 INFO  [org.apa.kaf.com.uti.AppInfoParser] (Thread-679) App info kafka.producer for Producer-topic-c88c6f52_1313_4029_a56a_20644d332f5e unregistered
**** Registry Base URL: http://registry-app-pg17.apps.ci419.apicurio-testing.org:80
2025-08-13 16:43:56,744 INFO  [org.apa.kaf.cli.con.ConsumerConfig] (main) ConsumerConfig values: 
	allow.auto.create.topics = true
	auto.commit.interval.ms = 500
	auto.include.jmx.reporter = true
	auto.offset.reset = earliest
	bootstrap.servers = [PLAINTEXT://localhost:32769]
	check.crcs = true
	client.dns.lookup = use_all_dns_ips
	client.id = consumer-Consumer-topic-c88c6f52_1313_4029_a56a_20644d332f5e-11
	client.rack = 
	connections.max.idle.ms = 10000
	default.api.timeout.ms = 60000
	enable.auto.commit = true
	enable.metrics.push = true
	exclude.internal.topics = true
	fetch.max.bytes = 52428800
	fetch.max.wait.ms = 500
	fetch.min.bytes = 1
	group.id = Consumer-topic-c88c6f52_1313_4029_a56a_20644d332f5e
	group.instance.id = null
	group.protocol = classic
	group.remote.assignor = null
	heartbeat.interval.ms = 3000
	interceptor.classes = []
	internal.leave.group.on.close = true
	internal.throw.on.fetch.stable.offset.unsupported = false
	isolation.level = read_uncommitted
	key.deserializer = class org.apache.kafka.common.serialization.StringDeserializer
	max.partition.fetch.bytes = 1048576
	max.poll.interval.ms = 300000
	max.poll.records = 500
	metadata.max.age.ms = 300000
	metadata.recovery.strategy = none
	metric.reporters = []
	metrics.num.samples = 2
	metrics.recording.level = INFO
	metrics.sample.window.ms = 30000
	partition.assignment.strategy = [class org.apache.kafka.clients.consumer.RangeAssignor, class org.apache.kafka.clients.consumer.CooperativeStickyAssignor]
	receive.buffer.bytes = 65536
	reconnect.backoff.max.ms = 1000
	reconnect.backoff.ms = 50
	request.timeout.ms = 5000
	retry.backoff.max.ms = 1000
	retry.backoff.ms = 100
	sasl.client.callback.handler.class = null
	sasl.jaas.config = null
	sasl.kerberos.kinit.cmd = /usr/bin/kinit
	sasl.kerberos.min.time.before.relogin = 60000
	sasl.kerberos.service.name = null
	sasl.kerberos.ticket.renew.jitter = 0.05
	sasl.kerberos.ticket.renew.window.factor = 0.8
	sasl.login.callback.handler.class = null
	sasl.login.class = null
	sasl.login.connect.timeout.ms = null
	sasl.login.read.timeout.ms = null
	sasl.login.refresh.buffer.seconds = 300
	sasl.login.refresh.min.period.seconds = 60
	sasl.login.refresh.window.factor = 0.8
	sasl.login.refresh.window.jitter = 0.05
	sasl.login.retry.backoff.max.ms = 10000
	sasl.login.retry.backoff.ms = 100
	sasl.mechanism = GSSAPI
	sasl.oauthbearer.clock.skew.seconds = 30
	sasl.oauthbearer.expected.audience = null
	sasl.oauthbearer.expected.issuer = null
	sasl.oauthbearer.header.urlencode = false
	sasl.oauthbearer.jwks.endpoint.refresh.ms = 3600000
	sasl.oauthbearer.jwks.endpoint.retry.backoff.max.ms = 10000
	sasl.oauthbearer.jwks.endpoint.retry.backoff.ms = 100
	sasl.oauthbearer.jwks.endpoint.url = null
	sasl.oauthbearer.scope.claim.name = scope
	sasl.oauthbearer.sub.claim.name = sub
	sasl.oauthbearer.token.endpoint.url = null
	security.protocol = PLAINTEXT
	security.providers = null
	send.buffer.bytes = 131072
	session.timeout.ms = 45000
	socket.connection.setup.timeout.max.ms = 30000
	socket.connection.setup.timeout.ms = 10000
	ssl.cipher.suites = null
	ssl.enabled.protocols = [TLSv1.2, TLSv1.3]
	ssl.endpoint.identification.algorithm = https
	ssl.engine.factory.class = null
	ssl.key.password = null
	ssl.keymanager.algorithm = SunX509
	ssl.keystore.certificate.chain = null
	ssl.keystore.key = null
	ssl.keystore.location = null
	ssl.keystore.password = null
	ssl.keystore.type = JKS
	ssl.protocol = TLSv1.3
	ssl.provider = null
	ssl.secure.random.implementation = null
	ssl.trustmanager.algorithm = PKIX
	ssl.truststore.certificates = null
	ssl.truststore.location = null
	ssl.truststore.password = null
	ssl.truststore.type = JKS
	value.deserializer = class io.apicurio.registry.serde.avro.AvroKafkaDeserializer

2025-08-13 16:43:56,744 INFO  [org.apa.kaf.com.tel.int.KafkaMetricsCollector] (main) initializing Kafka metrics collector
2025-08-13 16:43:56,752 INFO  [org.apa.kaf.cli.con.ConsumerConfig] (main) These configurations '[apicurio.registry.url]' were supplied but are not used yet.
2025-08-13 16:43:56,752 INFO  [org.apa.kaf.com.uti.AppInfoParser] (main) Kafka version: 3.9.1
2025-08-13 16:43:56,752 INFO  [org.apa.kaf.com.uti.AppInfoParser] (main) Kafka commitId: f745dfdcee2b9851
2025-08-13 16:43:56,752 INFO  [org.apa.kaf.com.uti.AppInfoParser] (main) Kafka startTimeMs: 1755103436752
2025-08-13 16:43:56,753 INFO  [org.apa.kaf.cli.con.int.ClassicKafkaConsumer] (Thread-682) [Consumer clientId=consumer-Consumer-topic-c88c6f52_1313_4029_a56a_20644d332f5e-11, groupId=Consumer-topic-c88c6f52_1313_4029_a56a_20644d332f5e] Subscribed to topic(s): topic-c88c6f52_1313_4029_a56a_20644d332f5e
2025-08-13 16:43:56,756 INFO  [org.apa.kaf.cli.Metadata] (Thread-682) [Consumer clientId=consumer-Consumer-topic-c88c6f52_1313_4029_a56a_20644d332f5e-11, groupId=Consumer-topic-c88c6f52_1313_4029_a56a_20644d332f5e] Cluster ID: gmKMEoHzQ-qMHyrxO3JTXw
2025-08-13 16:43:56,757 INFO  [org.apa.kaf.cli.con.int.ConsumerCoordinator] (Thread-682) [Consumer clientId=consumer-Consumer-topic-c88c6f52_1313_4029_a56a_20644d332f5e-11, groupId=Consumer-topic-c88c6f52_1313_4029_a56a_20644d332f5e] Discovered group coordinator localhost:32769 (id: 2147483647 rack: null)
2025-08-13 16:43:56,759 INFO  [org.apa.kaf.cli.con.int.ConsumerCoordinator] (Thread-682) [Consumer clientId=consumer-Consumer-topic-c88c6f52_1313_4029_a56a_20644d332f5e-11, groupId=Consumer-topic-c88c6f52_1313_4029_a56a_20644d332f5e] (Re-)joining group
2025-08-13 16:43:56,762 INFO  [org.apa.kaf.cli.con.int.ConsumerCoordinator] (Thread-682) [Consumer clientId=consumer-Consumer-topic-c88c6f52_1313_4029_a56a_20644d332f5e-11, groupId=Consumer-topic-c88c6f52_1313_4029_a56a_20644d332f5e] Request joining group due to: need to re-join with the given member-id: consumer-Consumer-topic-c88c6f52_1313_4029_a56a_20644d332f5e-11-055b5e60-ad98-49e2-988b-b5df468bdd55
2025-08-13 16:43:56,762 INFO  [org.apa.kaf.cli.con.int.ConsumerCoordinator] (Thread-682) [Consumer clientId=consumer-Consumer-topic-c88c6f52_1313_4029_a56a_20644d332f5e-11, groupId=Consumer-topic-c88c6f52_1313_4029_a56a_20644d332f5e] (Re-)joining group
2025-08-13 16:43:57,753 INFO  [io.api.tes.ser.api.KafkaSerdesTester] (Thread-682) None found
2025-08-13 16:43:58,753 INFO  [io.api.tes.ser.api.KafkaSerdesTester] (Thread-682) None found
2025-08-13 16:43:59,753 INFO  [io.api.tes.ser.api.KafkaSerdesTester] (Thread-682) None found
2025-08-13 16:43:59,764 INFO  [org.apa.kaf.cli.con.int.ConsumerCoordinator] (Thread-682) [Consumer clientId=consumer-Consumer-topic-c88c6f52_1313_4029_a56a_20644d332f5e-11, groupId=Consumer-topic-c88c6f52_1313_4029_a56a_20644d332f5e] Successfully joined group with generation Generation{generationId=3, memberId='consumer-Consumer-topic-c88c6f52_1313_4029_a56a_20644d332f5e-11-055b5e60-ad98-49e2-988b-b5df468bdd55', protocol='range'}
2025-08-13 16:43:59,765 INFO  [org.apa.kaf.cli.con.int.ConsumerCoordinator] (Thread-682) [Consumer clientId=consumer-Consumer-topic-c88c6f52_1313_4029_a56a_20644d332f5e-11, groupId=Consumer-topic-c88c6f52_1313_4029_a56a_20644d332f5e] Finished assignment for group at generation 3: {consumer-Consumer-topic-c88c6f52_1313_4029_a56a_20644d332f5e-11-055b5e60-ad98-49e2-988b-b5df468bdd55=Assignment(partitions=[topic-c88c6f52_1313_4029_a56a_20644d332f5e-0])}
2025-08-13 16:43:59,772 INFO  [org.apa.kaf.cli.con.int.ConsumerCoordinator] (Thread-682) [Consumer clientId=consumer-Consumer-topic-c88c6f52_1313_4029_a56a_20644d332f5e-11, groupId=Consumer-topic-c88c6f52_1313_4029_a56a_20644d332f5e] Successfully synced group in generation Generation{generationId=3, memberId='consumer-Consumer-topic-c88c6f52_1313_4029_a56a_20644d332f5e-11-055b5e60-ad98-49e2-988b-b5df468bdd55', protocol='range'}
2025-08-13 16:43:59,772 INFO  [org.apa.kaf.cli.con.int.ConsumerCoordinator] (Thread-682) [Consumer clientId=consumer-Consumer-topic-c88c6f52_1313_4029_a56a_20644d332f5e-11, groupId=Consumer-topic-c88c6f52_1313_4029_a56a_20644d332f5e] Notifying assignor about the new Assignment(partitions=[topic-c88c6f52_1313_4029_a56a_20644d332f5e-0])
2025-08-13 16:43:59,772 INFO  [org.apa.kaf.cli.con.int.ConsumerRebalanceListenerInvoker] (Thread-682) [Consumer clientId=consumer-Consumer-topic-c88c6f52_1313_4029_a56a_20644d332f5e-11, groupId=Consumer-topic-c88c6f52_1313_4029_a56a_20644d332f5e] Adding newly assigned partitions: topic-c88c6f52_1313_4029_a56a_20644d332f5e-0
2025-08-13 16:43:59,774 INFO  [org.apa.kaf.cli.con.int.ConsumerUtils] (Thread-682) Setting offset for partition topic-c88c6f52_1313_4029_a56a_20644d332f5e-0 to the committed offset FetchPosition{offset=10, offsetEpoch=Optional[0], currentLeader=LeaderAndEpoch{leader=Optional[localhost:32769 (id: 0 rack: null)], epoch=0}}
2025-08-13 16:43:59,846 INFO  [io.api.tes.ser.api.KafkaSerdesTester] (Thread-682) topic-c88c6f52_1313_4029_a56a_20644d332f5e 0 10 {"key11755103430910": "value-0", "key21755103435587": "value-0"}
2025-08-13 16:43:59,846 INFO  [io.api.tes.ser.api.KafkaSerdesTester] (Thread-682) topic-c88c6f52_1313_4029_a56a_20644d332f5e 0 11 {"key11755103430910": "value-1", "key21755103435587": "value-1"}
2025-08-13 16:43:59,846 INFO  [io.api.tes.ser.api.KafkaSerdesTester] (Thread-682) topic-c88c6f52_1313_4029_a56a_20644d332f5e 0 12 {"key11755103430910": "value-2", "key21755103435587": "value-2"}
2025-08-13 16:43:59,846 INFO  [io.api.tes.ser.api.KafkaSerdesTester] (Thread-682) topic-c88c6f52_1313_4029_a56a_20644d332f5e 0 13 {"key11755103430910": "value-3", "key21755103435587": "value-3"}
2025-08-13 16:43:59,846 INFO  [io.api.tes.ser.api.KafkaSerdesTester] (Thread-682) topic-c88c6f52_1313_4029_a56a_20644d332f5e 0 14 {"key11755103430910": "value-4", "key21755103435587": "value-4"}
2025-08-13 16:43:59,846 INFO  [io.api.tes.ser.api.KafkaSerdesTester] (Thread-682) topic-c88c6f52_1313_4029_a56a_20644d332f5e 0 15 {"key11755103430910": "value-5", "key21755103435587": "value-5"}
2025-08-13 16:43:59,846 INFO  [io.api.tes.ser.api.KafkaSerdesTester] (Thread-682) topic-c88c6f52_1313_4029_a56a_20644d332f5e 0 16 {"key11755103430910": "value-6", "key21755103435587": "value-6"}
2025-08-13 16:43:59,847 INFO  [io.api.tes.ser.api.KafkaSerdesTester] (Thread-682) topic-c88c6f52_1313_4029_a56a_20644d332f5e 0 17 {"key11755103430910": "value-7", "key21755103435587": "value-7"}
2025-08-13 16:43:59,847 INFO  [io.api.tes.ser.api.KafkaSerdesTester] (Thread-682) topic-c88c6f52_1313_4029_a56a_20644d332f5e 0 18 {"key11755103430910": "value-8", "key21755103435587": "value-8"}
2025-08-13 16:43:59,847 INFO  [io.api.tes.ser.api.KafkaSerdesTester] (Thread-682) topic-c88c6f52_1313_4029_a56a_20644d332f5e 0 19 {"key11755103430910": "value-9", "key21755103435587": "value-9"}
2025-08-13 16:43:59,847 INFO  [io.api.tes.ser.api.KafkaSerdesTester] (Thread-682) topic-c88c6f52_1313_4029_a56a_20644d332f5e 0 20 {"key11755103430910": "value-0"}
2025-08-13 16:43:59,847 INFO  [io.api.tes.ser.api.KafkaSerdesTester] (Thread-682) topic-c88c6f52_1313_4029_a56a_20644d332f5e 0 21 {"key11755103430910": "value-1"}
2025-08-13 16:43:59,847 INFO  [io.api.tes.ser.api.KafkaSerdesTester] (Thread-682) topic-c88c6f52_1313_4029_a56a_20644d332f5e 0 22 {"key11755103430910": "value-2"}
2025-08-13 16:43:59,847 INFO  [io.api.tes.ser.api.KafkaSerdesTester] (Thread-682) topic-c88c6f52_1313_4029_a56a_20644d332f5e 0 23 {"key11755103430910": "value-3"}
2025-08-13 16:43:59,847 INFO  [io.api.tes.ser.api.KafkaSerdesTester] (Thread-682) topic-c88c6f52_1313_4029_a56a_20644d332f5e 0 24 {"key11755103430910": "value-4"}
2025-08-13 16:43:59,847 INFO  [io.api.tes.ser.api.KafkaSerdesTester] (Thread-682) topic-c88c6f52_1313_4029_a56a_20644d332f5e 0 25 {"key11755103430910": "value-5"}
2025-08-13 16:43:59,847 INFO  [io.api.tes.ser.api.KafkaSerdesTester] (Thread-682) topic-c88c6f52_1313_4029_a56a_20644d332f5e 0 26 {"key11755103430910": "value-6"}
2025-08-13 16:43:59,847 INFO  [io.api.tes.ser.api.KafkaSerdesTester] (Thread-682) topic-c88c6f52_1313_4029_a56a_20644d332f5e 0 27 {"key11755103430910": "value-7"}
2025-08-13 16:43:59,847 INFO  [io.api.tes.ser.api.KafkaSerdesTester] (Thread-682) topic-c88c6f52_1313_4029_a56a_20644d332f5e 0 28 {"key11755103430910": "value-8"}
2025-08-13 16:43:59,847 INFO  [io.api.tes.ser.api.KafkaSerdesTester] (Thread-682) topic-c88c6f52_1313_4029_a56a_20644d332f5e 0 29 {"key11755103430910": "value-9"}
2025-08-13 16:43:59,847 INFO  [io.api.tes.ser.api.KafkaSerdesTester] (Thread-682) Consumed 20 messages
2025-08-13 16:43:59,854 INFO  [org.apa.kaf.cli.con.int.ConsumerRebalanceListenerInvoker] (Thread-682) [Consumer clientId=consumer-Consumer-topic-c88c6f52_1313_4029_a56a_20644d332f5e-11, groupId=Consumer-topic-c88c6f52_1313_4029_a56a_20644d332f5e] Revoke previously assigned partitions topic-c88c6f52_1313_4029_a56a_20644d332f5e-0
2025-08-13 16:43:59,854 INFO  [org.apa.kaf.cli.con.int.ConsumerCoordinator] (Thread-682) [Consumer clientId=consumer-Consumer-topic-c88c6f52_1313_4029_a56a_20644d332f5e-11, groupId=Consumer-topic-c88c6f52_1313_4029_a56a_20644d332f5e] Member consumer-Consumer-topic-c88c6f52_1313_4029_a56a_20644d332f5e-11-055b5e60-ad98-49e2-988b-b5df468bdd55 sending LeaveGroup request to coordinator localhost:32769 (id: 2147483647 rack: null) due to the consumer is being closed
2025-08-13 16:43:59,855 INFO  [org.apa.kaf.cli.con.int.ConsumerCoordinator] (Thread-682) [Consumer clientId=consumer-Consumer-topic-c88c6f52_1313_4029_a56a_20644d332f5e-11, groupId=Consumer-topic-c88c6f52_1313_4029_a56a_20644d332f5e] Resetting generation and member id due to: consumer pro-actively leaving the group
2025-08-13 16:43:59,855 INFO  [org.apa.kaf.cli.con.int.ConsumerCoordinator] (Thread-682) [Consumer clientId=consumer-Consumer-topic-c88c6f52_1313_4029_a56a_20644d332f5e-11, groupId=Consumer-topic-c88c6f52_1313_4029_a56a_20644d332f5e] Request joining group due to: consumer pro-actively leaving the group
2025-08-13 16:44:00,350 INFO  [org.apa.kaf.com.met.Metrics] (Thread-682) Metrics scheduler closed
2025-08-13 16:44:00,350 INFO  [org.apa.kaf.com.met.Metrics] (Thread-682) Closing reporter org.apache.kafka.common.metrics.JmxReporter
2025-08-13 16:44:00,350 INFO  [org.apa.kaf.com.met.Metrics] (Thread-682) Closing reporter org.apache.kafka.common.telemetry.internals.ClientTelemetryReporter
2025-08-13 16:44:00,350 INFO  [org.apa.kaf.com.met.Metrics] (Thread-682) Metrics reporters closed
2025-08-13 16:44:00,353 INFO  [org.apa.kaf.com.uti.AppInfoParser] (Thread-682) App info kafka.consumer for consumer-Consumer-topic-c88c6f52_1313_4029_a56a_20644d332f5e-11 unregistered
2025-08-13 16:44:00,355 INFO  [io.api.tes.ser.api.AvroSerdeIT] (main) Registering Avro Schema 3: {"type":"record","name":"s4eeb793fx87afx492bx9417xadeaa37eea4a","namespace":"ns_220d1b88_b2dd_4f06_a864_f8c1e25a3c14","fields":[{"name":"key11755103430910","type":"string"},{"name":"key21755103435587","type":"string"},{"name":"key31755103440354","type":"string"}]}
**** Registry Base URL: http://registry-app-pg17.apps.ci419.apicurio-testing.org:80
2025-08-13 16:44:01,392 INFO  [org.apa.kaf.cli.pro.ProducerConfig] (main) ProducerConfig values: 
	acks = -1
	auto.include.jmx.reporter = true
	batch.size = 16384
	bootstrap.servers = [PLAINTEXT://localhost:32769]
	buffer.memory = 33554432
	client.dns.lookup = use_all_dns_ips
	client.id = Producer-topic-c88c6f52_1313_4029_a56a_20644d332f5e
	compression.gzip.level = -1
	compression.lz4.level = 9
	compression.type = none
	compression.zstd.level = 3
	connections.max.idle.ms = 10000
	delivery.timeout.ms = 120000
	enable.idempotence = true
	enable.metrics.push = true
	interceptor.classes = []
	key.serializer = class org.apache.kafka.common.serialization.StringSerializer
	linger.ms = 0
	max.block.ms = 60000
	max.in.flight.requests.per.connection = 5
	max.request.size = 1048576
	metadata.max.age.ms = 300000
	metadata.max.idle.ms = 300000
	metadata.recovery.strategy = none
	metric.reporters = []
	metrics.num.samples = 2
	metrics.recording.level = INFO
	metrics.sample.window.ms = 30000
	partitioner.adaptive.partitioning.enable = true
	partitioner.availability.timeout.ms = 0
	partitioner.class = null
	partitioner.ignore.keys = false
	receive.buffer.bytes = 32768
	reconnect.backoff.max.ms = 1000
	reconnect.backoff.ms = 50
	request.timeout.ms = 5000
	retries = 2147483647
	retry.backoff.max.ms = 1000
	retry.backoff.ms = 100
	sasl.client.callback.handler.class = null
	sasl.jaas.config = null
	sasl.kerberos.kinit.cmd = /usr/bin/kinit
	sasl.kerberos.min.time.before.relogin = 60000
	sasl.kerberos.service.name = null
	sasl.kerberos.ticket.renew.jitter = 0.05
	sasl.kerberos.ticket.renew.window.factor = 0.8
	sasl.login.callback.handler.class = null
	sasl.login.class = null
	sasl.login.connect.timeout.ms = null
	sasl.login.read.timeout.ms = null
	sasl.login.refresh.buffer.seconds = 300
	sasl.login.refresh.min.period.seconds = 60
	sasl.login.refresh.window.factor = 0.8
	sasl.login.refresh.window.jitter = 0.05
	sasl.login.retry.backoff.max.ms = 10000
	sasl.login.retry.backoff.ms = 100
	sasl.mechanism = GSSAPI
	sasl.oauthbearer.clock.skew.seconds = 30
	sasl.oauthbearer.expected.audience = null
	sasl.oauthbearer.expected.issuer = null
	sasl.oauthbearer.header.urlencode = false
	sasl.oauthbearer.jwks.endpoint.refresh.ms = 3600000
	sasl.oauthbearer.jwks.endpoint.retry.backoff.max.ms = 10000
	sasl.oauthbearer.jwks.endpoint.retry.backoff.ms = 100
	sasl.oauthbearer.jwks.endpoint.url = null
	sasl.oauthbearer.scope.claim.name = scope
	sasl.oauthbearer.sub.claim.name = sub
	sasl.oauthbearer.token.endpoint.url = null
	security.protocol = PLAINTEXT
	security.providers = null
	send.buffer.bytes = 131072
	socket.connection.setup.timeout.max.ms = 30000
	socket.connection.setup.timeout.ms = 10000
	ssl.cipher.suites = null
	ssl.enabled.protocols = [TLSv1.2, TLSv1.3]
	ssl.endpoint.identification.algorithm = https
	ssl.engine.factory.class = null
	ssl.key.password = null
	ssl.keymanager.algorithm = SunX509
	ssl.keystore.certificate.chain = null
	ssl.keystore.key = null
	ssl.keystore.location = null
	ssl.keystore.password = null
	ssl.keystore.type = JKS
	ssl.protocol = TLSv1.3
	ssl.provider = null
	ssl.secure.random.implementation = null
	ssl.trustmanager.algorithm = PKIX
	ssl.truststore.certificates = null
	ssl.truststore.location = null
	ssl.truststore.password = null
	ssl.truststore.type = JKS
	transaction.timeout.ms = 60000
	transactional.id = null
	value.serializer = class io.apicurio.registry.serde.avro.AvroKafkaSerializer

2025-08-13 16:44:01,393 INFO  [org.apa.kaf.com.tel.int.KafkaMetricsCollector] (main) initializing Kafka metrics collector
2025-08-13 16:44:01,397 INFO  [org.apa.kaf.cli.pro.KafkaProducer] (main) [Producer clientId=Producer-topic-c88c6f52_1313_4029_a56a_20644d332f5e] Instantiated an idempotent producer.
2025-08-13 16:44:01,399 INFO  [org.apa.kaf.cli.pro.ProducerConfig] (main) These configurations '[apicurio.registry.url, apicurio.registry.artifact-resolver-strategy]' were supplied but are not used yet.
2025-08-13 16:44:01,399 INFO  [org.apa.kaf.com.uti.AppInfoParser] (main) Kafka version: 3.9.1
2025-08-13 16:44:01,399 INFO  [org.apa.kaf.com.uti.AppInfoParser] (main) Kafka commitId: f745dfdcee2b9851
2025-08-13 16:44:01,399 INFO  [org.apa.kaf.com.uti.AppInfoParser] (main) Kafka startTimeMs: 1755103441399
2025-08-13 16:44:01,401 INFO  [io.api.tes.ser.api.KafkaSerdesTester] (Thread-685) Sending message {"key11755103430910": "value-0", "key21755103435587": "value-0", "key31755103440354": "value-0"} to topic topic-c88c6f52_1313_4029_a56a_20644d332f5e
2025-08-13 16:44:01,404 INFO  [org.apa.kaf.cli.Metadata] (kafka-producer-network-thread | Producer-topic-c88c6f52_1313_4029_a56a_20644d332f5e) [Producer clientId=Producer-topic-c88c6f52_1313_4029_a56a_20644d332f5e] Cluster ID: gmKMEoHzQ-qMHyrxO3JTXw
2025-08-13 16:44:01,404 INFO  [DefaultSchemaResolver] (Thread-685) Retrieving schema content using string: {"type":"record","name":"s4eeb793fx87afx492bx9417xadeaa37eea4a","namespace":"ns_220d1b88_b2dd_4f06_a864_f8c1e25a3c14","fields":[{"name":"key11755103430910","type":"string"},{"name":"key21755103435587","type":"string"},{"name":"key31755103440354","type":"string"}]}
2025-08-13 16:44:01,405 INFO  [org.apa.kaf.cli.pro.int.TransactionManager] (kafka-producer-network-thread | Producer-topic-c88c6f52_1313_4029_a56a_20644d332f5e) [Producer clientId=Producer-topic-c88c6f52_1313_4029_a56a_20644d332f5e] ProducerId set to 15 with epoch 0
2025-08-13 16:44:01,433 INFO  [io.api.tes.ser.api.KafkaSerdesTester] (Thread-685) Sending message {"key11755103430910": "value-1", "key21755103435587": "value-1", "key31755103440354": "value-1"} to topic topic-c88c6f52_1313_4029_a56a_20644d332f5e
2025-08-13 16:44:01,436 INFO  [io.api.tes.ser.api.KafkaSerdesTester] (Thread-685) Sending message {"key11755103430910": "value-2", "key21755103435587": "value-2", "key31755103440354": "value-2"} to topic topic-c88c6f52_1313_4029_a56a_20644d332f5e
2025-08-13 16:44:01,437 INFO  [io.api.tes.ser.api.KafkaSerdesTester] (Thread-685) Sending message {"key11755103430910": "value-3", "key21755103435587": "value-3", "key31755103440354": "value-3"} to topic topic-c88c6f52_1313_4029_a56a_20644d332f5e
2025-08-13 16:44:01,439 INFO  [io.api.tes.ser.api.KafkaSerdesTester] (Thread-685) Sending message {"key11755103430910": "value-4", "key21755103435587": "value-4", "key31755103440354": "value-4"} to topic topic-c88c6f52_1313_4029_a56a_20644d332f5e
2025-08-13 16:44:01,444 INFO  [io.api.tes.ser.api.KafkaSerdesTester] (Thread-685) Sending message {"key11755103430910": "value-5", "key21755103435587": "value-5", "key31755103440354": "value-5"} to topic topic-c88c6f52_1313_4029_a56a_20644d332f5e
2025-08-13 16:44:01,448 INFO  [io.api.tes.ser.api.KafkaSerdesTester] (Thread-685) Sending message {"key11755103430910": "value-6", "key21755103435587": "value-6", "key31755103440354": "value-6"} to topic topic-c88c6f52_1313_4029_a56a_20644d332f5e
2025-08-13 16:44:01,449 INFO  [io.api.tes.ser.api.KafkaSerdesTester] (Thread-685) Sending message {"key11755103430910": "value-7", "key21755103435587": "value-7", "key31755103440354": "value-7"} to topic topic-c88c6f52_1313_4029_a56a_20644d332f5e
2025-08-13 16:44:01,451 INFO  [io.api.tes.ser.api.KafkaSerdesTester] (Thread-685) Sending message {"key11755103430910": "value-8", "key21755103435587": "value-8", "key31755103440354": "value-8"} to topic topic-c88c6f52_1313_4029_a56a_20644d332f5e
2025-08-13 16:44:01,453 INFO  [io.api.tes.ser.api.KafkaSerdesTester] (Thread-685) Sending message {"key11755103430910": "value-9", "key21755103435587": "value-9", "key31755103440354": "value-9"} to topic topic-c88c6f52_1313_4029_a56a_20644d332f5e
2025-08-13 16:44:01,455 INFO  [io.api.tes.ser.api.KafkaSerdesTester] (Thread-685) Produced 10 messages
2025-08-13 16:44:01,455 INFO  [org.apa.kaf.cli.pro.KafkaProducer] (Thread-685) [Producer clientId=Producer-topic-c88c6f52_1313_4029_a56a_20644d332f5e] Closing the Kafka producer with timeoutMillis = 9223372036854775807 ms.
2025-08-13 16:44:01,460 INFO  [org.apa.kaf.com.met.Metrics] (Thread-685) Metrics scheduler closed
2025-08-13 16:44:01,460 INFO  [org.apa.kaf.com.met.Metrics] (Thread-685) Closing reporter org.apache.kafka.common.metrics.JmxReporter
2025-08-13 16:44:01,460 INFO  [org.apa.kaf.com.met.Metrics] (Thread-685) Closing reporter org.apache.kafka.common.telemetry.internals.ClientTelemetryReporter
2025-08-13 16:44:01,460 INFO  [org.apa.kaf.com.met.Metrics] (Thread-685) Metrics reporters closed
2025-08-13 16:44:01,461 INFO  [org.apa.kaf.com.uti.AppInfoParser] (Thread-685) App info kafka.producer for Producer-topic-c88c6f52_1313_4029_a56a_20644d332f5e unregistered
**** Registry Base URL: http://registry-app-pg17.apps.ci419.apicurio-testing.org:80
2025-08-13 16:44:01,461 INFO  [org.apa.kaf.cli.pro.ProducerConfig] (main) ProducerConfig values: 
	acks = -1
	auto.include.jmx.reporter = true
	batch.size = 16384
	bootstrap.servers = [PLAINTEXT://localhost:32769]
	buffer.memory = 33554432
	client.dns.lookup = use_all_dns_ips
	client.id = Producer-topic-c88c6f52_1313_4029_a56a_20644d332f5e
	compression.gzip.level = -1
	compression.lz4.level = 9
	compression.type = none
	compression.zstd.level = 3
	connections.max.idle.ms = 10000
	delivery.timeout.ms = 120000
	enable.idempotence = true
	enable.metrics.push = true
	interceptor.classes = []
	key.serializer = class org.apache.kafka.common.serialization.StringSerializer
	linger.ms = 0
	max.block.ms = 60000
	max.in.flight.requests.per.connection = 5
	max.request.size = 1048576
	metadata.max.age.ms = 300000
	metadata.max.idle.ms = 300000
	metadata.recovery.strategy = none
	metric.reporters = []
	metrics.num.samples = 2
	metrics.recording.level = INFO
	metrics.sample.window.ms = 30000
	partitioner.adaptive.partitioning.enable = true
	partitioner.availability.timeout.ms = 0
	partitioner.class = null
	partitioner.ignore.keys = false
	receive.buffer.bytes = 32768
	reconnect.backoff.max.ms = 1000
	reconnect.backoff.ms = 50
	request.timeout.ms = 5000
	retries = 2147483647
	retry.backoff.max.ms = 1000
	retry.backoff.ms = 100
	sasl.client.callback.handler.class = null
	sasl.jaas.config = null
	sasl.kerberos.kinit.cmd = /usr/bin/kinit
	sasl.kerberos.min.time.before.relogin = 60000
	sasl.kerberos.service.name = null
	sasl.kerberos.ticket.renew.jitter = 0.05
	sasl.kerberos.ticket.renew.window.factor = 0.8
	sasl.login.callback.handler.class = null
	sasl.login.class = null
	sasl.login.connect.timeout.ms = null
	sasl.login.read.timeout.ms = null
	sasl.login.refresh.buffer.seconds = 300
	sasl.login.refresh.min.period.seconds = 60
	sasl.login.refresh.window.factor = 0.8
	sasl.login.refresh.window.jitter = 0.05
	sasl.login.retry.backoff.max.ms = 10000
	sasl.login.retry.backoff.ms = 100
	sasl.mechanism = GSSAPI
	sasl.oauthbearer.clock.skew.seconds = 30
	sasl.oauthbearer.expected.audience = null
	sasl.oauthbearer.expected.issuer = null
	sasl.oauthbearer.header.urlencode = false
	sasl.oauthbearer.jwks.endpoint.refresh.ms = 3600000
	sasl.oauthbearer.jwks.endpoint.retry.backoff.max.ms = 10000
	sasl.oauthbearer.jwks.endpoint.retry.backoff.ms = 100
	sasl.oauthbearer.jwks.endpoint.url = null
	sasl.oauthbearer.scope.claim.name = scope
	sasl.oauthbearer.sub.claim.name = sub
	sasl.oauthbearer.token.endpoint.url = null
	security.protocol = PLAINTEXT
	security.providers = null
	send.buffer.bytes = 131072
	socket.connection.setup.timeout.max.ms = 30000
	socket.connection.setup.timeout.ms = 10000
	ssl.cipher.suites = null
	ssl.enabled.protocols = [TLSv1.2, TLSv1.3]
	ssl.endpoint.identification.algorithm = https
	ssl.engine.factory.class = null
	ssl.key.password = null
	ssl.keymanager.algorithm = SunX509
	ssl.keystore.certificate.chain = null
	ssl.keystore.key = null
	ssl.keystore.location = null
	ssl.keystore.password = null
	ssl.keystore.type = JKS
	ssl.protocol = TLSv1.3
	ssl.provider = null
	ssl.secure.random.implementation = null
	ssl.trustmanager.algorithm = PKIX
	ssl.truststore.certificates = null
	ssl.truststore.location = null
	ssl.truststore.password = null
	ssl.truststore.type = JKS
	transaction.timeout.ms = 60000
	transactional.id = null
	value.serializer = class io.apicurio.registry.serde.avro.AvroKafkaSerializer

2025-08-13 16:44:01,462 INFO  [org.apa.kaf.com.tel.int.KafkaMetricsCollector] (main) initializing Kafka metrics collector
2025-08-13 16:44:01,471 INFO  [org.apa.kaf.cli.pro.KafkaProducer] (main) [Producer clientId=Producer-topic-c88c6f52_1313_4029_a56a_20644d332f5e] Instantiated an idempotent producer.
2025-08-13 16:44:01,474 INFO  [org.apa.kaf.cli.pro.ProducerConfig] (main) These configurations '[apicurio.registry.url, apicurio.registry.artifact-resolver-strategy]' were supplied but are not used yet.
2025-08-13 16:44:01,474 INFO  [org.apa.kaf.com.uti.AppInfoParser] (main) Kafka version: 3.9.1
2025-08-13 16:44:01,474 INFO  [org.apa.kaf.com.uti.AppInfoParser] (main) Kafka commitId: f745dfdcee2b9851
2025-08-13 16:44:01,474 INFO  [org.apa.kaf.com.uti.AppInfoParser] (main) Kafka startTimeMs: 1755103441474
2025-08-13 16:44:01,477 INFO  [io.api.tes.ser.api.KafkaSerdesTester] (Thread-688) Sending message {"key11755103430910": "value-0", "key21755103435587": "value-0"} to topic topic-c88c6f52_1313_4029_a56a_20644d332f5e
2025-08-13 16:44:01,482 INFO  [org.apa.kaf.cli.Metadata] (kafka-producer-network-thread | Producer-topic-c88c6f52_1313_4029_a56a_20644d332f5e) [Producer clientId=Producer-topic-c88c6f52_1313_4029_a56a_20644d332f5e] Cluster ID: gmKMEoHzQ-qMHyrxO3JTXw
2025-08-13 16:44:01,482 INFO  [org.apa.kaf.cli.pro.int.TransactionManager] (kafka-producer-network-thread | Producer-topic-c88c6f52_1313_4029_a56a_20644d332f5e) [Producer clientId=Producer-topic-c88c6f52_1313_4029_a56a_20644d332f5e] ProducerId set to 16 with epoch 0
2025-08-13 16:44:01,483 INFO  [DefaultSchemaResolver] (Thread-688) Retrieving schema content using string: {"type":"record","name":"s4eeb793fx87afx492bx9417xadeaa37eea4a","namespace":"ns_220d1b88_b2dd_4f06_a864_f8c1e25a3c14","fields":[{"name":"key11755103430910","type":"string"},{"name":"key21755103435587","type":"string"}]}
2025-08-13 16:44:01,514 INFO  [io.api.tes.ser.api.KafkaSerdesTester] (Thread-688) Sending message {"key11755103430910": "value-1", "key21755103435587": "value-1"} to topic topic-c88c6f52_1313_4029_a56a_20644d332f5e
2025-08-13 16:44:01,516 INFO  [io.api.tes.ser.api.KafkaSerdesTester] (Thread-688) Sending message {"key11755103430910": "value-2", "key21755103435587": "value-2"} to topic topic-c88c6f52_1313_4029_a56a_20644d332f5e
2025-08-13 16:44:01,518 INFO  [io.api.tes.ser.api.KafkaSerdesTester] (Thread-688) Sending message {"key11755103430910": "value-3", "key21755103435587": "value-3"} to topic topic-c88c6f52_1313_4029_a56a_20644d332f5e
2025-08-13 16:44:01,522 INFO  [io.api.tes.ser.api.KafkaSerdesTester] (Thread-688) Sending message {"key11755103430910": "value-4", "key21755103435587": "value-4"} to topic topic-c88c6f52_1313_4029_a56a_20644d332f5e
2025-08-13 16:44:01,527 INFO  [io.api.tes.ser.api.KafkaSerdesTester] (Thread-688) Sending message {"key11755103430910": "value-5", "key21755103435587": "value-5"} to topic topic-c88c6f52_1313_4029_a56a_20644d332f5e
2025-08-13 16:44:01,531 INFO  [io.api.tes.ser.api.KafkaSerdesTester] (Thread-688) Sending message {"key11755103430910": "value-6", "key21755103435587": "value-6"} to topic topic-c88c6f52_1313_4029_a56a_20644d332f5e
2025-08-13 16:44:01,536 INFO  [io.api.tes.ser.api.KafkaSerdesTester] (Thread-688) Sending message {"key11755103430910": "value-7", "key21755103435587": "value-7"} to topic topic-c88c6f52_1313_4029_a56a_20644d332f5e
2025-08-13 16:44:01,543 INFO  [io.api.tes.ser.api.KafkaSerdesTester] (Thread-688) Sending message {"key11755103430910": "value-8", "key21755103435587": "value-8"} to topic topic-c88c6f52_1313_4029_a56a_20644d332f5e
2025-08-13 16:44:01,551 INFO  [io.api.tes.ser.api.KafkaSerdesTester] (Thread-688) Sending message {"key11755103430910": "value-9", "key21755103435587": "value-9"} to topic topic-c88c6f52_1313_4029_a56a_20644d332f5e
2025-08-13 16:44:01,558 INFO  [io.api.tes.ser.api.KafkaSerdesTester] (Thread-688) Produced 10 messages
2025-08-13 16:44:01,558 INFO  [org.apa.kaf.cli.pro.KafkaProducer] (Thread-688) [Producer clientId=Producer-topic-c88c6f52_1313_4029_a56a_20644d332f5e] Closing the Kafka producer with timeoutMillis = 9223372036854775807 ms.
2025-08-13 16:44:01,563 INFO  [org.apa.kaf.com.met.Metrics] (Thread-688) Metrics scheduler closed
2025-08-13 16:44:01,563 INFO  [org.apa.kaf.com.met.Metrics] (Thread-688) Closing reporter org.apache.kafka.common.metrics.JmxReporter
2025-08-13 16:44:01,563 INFO  [org.apa.kaf.com.met.Metrics] (Thread-688) Closing reporter org.apache.kafka.common.telemetry.internals.ClientTelemetryReporter
2025-08-13 16:44:01,563 INFO  [org.apa.kaf.com.met.Metrics] (Thread-688) Metrics reporters closed
2025-08-13 16:44:01,564 INFO  [org.apa.kaf.com.uti.AppInfoParser] (Thread-688) App info kafka.producer for Producer-topic-c88c6f52_1313_4029_a56a_20644d332f5e unregistered
**** Registry Base URL: http://registry-app-pg17.apps.ci419.apicurio-testing.org:80
2025-08-13 16:44:01,566 INFO  [org.apa.kaf.cli.pro.ProducerConfig] (main) ProducerConfig values: 
	acks = -1
	auto.include.jmx.reporter = true
	batch.size = 16384
	bootstrap.servers = [PLAINTEXT://localhost:32769]
	buffer.memory = 33554432
	client.dns.lookup = use_all_dns_ips
	client.id = Producer-topic-c88c6f52_1313_4029_a56a_20644d332f5e
	compression.gzip.level = -1
	compression.lz4.level = 9
	compression.type = none
	compression.zstd.level = 3
	connections.max.idle.ms = 10000
	delivery.timeout.ms = 120000
	enable.idempotence = true
	enable.metrics.push = true
	interceptor.classes = []
	key.serializer = class org.apache.kafka.common.serialization.StringSerializer
	linger.ms = 0
	max.block.ms = 60000
	max.in.flight.requests.per.connection = 5
	max.request.size = 1048576
	metadata.max.age.ms = 300000
	metadata.max.idle.ms = 300000
	metadata.recovery.strategy = none
	metric.reporters = []
	metrics.num.samples = 2
	metrics.recording.level = INFO
	metrics.sample.window.ms = 30000
	partitioner.adaptive.partitioning.enable = true
	partitioner.availability.timeout.ms = 0
	partitioner.class = null
	partitioner.ignore.keys = false
	receive.buffer.bytes = 32768
	reconnect.backoff.max.ms = 1000
	reconnect.backoff.ms = 50
	request.timeout.ms = 5000
	retries = 2147483647
	retry.backoff.max.ms = 1000
	retry.backoff.ms = 100
	sasl.client.callback.handler.class = null
	sasl.jaas.config = null
	sasl.kerberos.kinit.cmd = /usr/bin/kinit
	sasl.kerberos.min.time.before.relogin = 60000
	sasl.kerberos.service.name = null
	sasl.kerberos.ticket.renew.jitter = 0.05
	sasl.kerberos.ticket.renew.window.factor = 0.8
	sasl.login.callback.handler.class = null
	sasl.login.class = null
	sasl.login.connect.timeout.ms = null
	sasl.login.read.timeout.ms = null
	sasl.login.refresh.buffer.seconds = 300
	sasl.login.refresh.min.period.seconds = 60
	sasl.login.refresh.window.factor = 0.8
	sasl.login.refresh.window.jitter = 0.05
	sasl.login.retry.backoff.max.ms = 10000
	sasl.login.retry.backoff.ms = 100
	sasl.mechanism = GSSAPI
	sasl.oauthbearer.clock.skew.seconds = 30
	sasl.oauthbearer.expected.audience = null
	sasl.oauthbearer.expected.issuer = null
	sasl.oauthbearer.header.urlencode = false
	sasl.oauthbearer.jwks.endpoint.refresh.ms = 3600000
	sasl.oauthbearer.jwks.endpoint.retry.backoff.max.ms = 10000
	sasl.oauthbearer.jwks.endpoint.retry.backoff.ms = 100
	sasl.oauthbearer.jwks.endpoint.url = null
	sasl.oauthbearer.scope.claim.name = scope
	sasl.oauthbearer.sub.claim.name = sub
	sasl.oauthbearer.token.endpoint.url = null
	security.protocol = PLAINTEXT
	security.providers = null
	send.buffer.bytes = 131072
	socket.connection.setup.timeout.max.ms = 30000
	socket.connection.setup.timeout.ms = 10000
	ssl.cipher.suites = null
	ssl.enabled.protocols = [TLSv1.2, TLSv1.3]
	ssl.endpoint.identification.algorithm = https
	ssl.engine.factory.class = null
	ssl.key.password = null
	ssl.keymanager.algorithm = SunX509
	ssl.keystore.certificate.chain = null
	ssl.keystore.key = null
	ssl.keystore.location = null
	ssl.keystore.password = null
	ssl.keystore.type = JKS
	ssl.protocol = TLSv1.3
	ssl.provider = null
	ssl.secure.random.implementation = null
	ssl.trustmanager.algorithm = PKIX
	ssl.truststore.certificates = null
	ssl.truststore.location = null
	ssl.truststore.password = null
	ssl.truststore.type = JKS
	transaction.timeout.ms = 60000
	transactional.id = null
	value.serializer = class io.apicurio.registry.serde.avro.AvroKafkaSerializer

2025-08-13 16:44:01,566 INFO  [org.apa.kaf.com.tel.int.KafkaMetricsCollector] (main) initializing Kafka metrics collector
2025-08-13 16:44:01,575 INFO  [org.apa.kaf.cli.pro.KafkaProducer] (main) [Producer clientId=Producer-topic-c88c6f52_1313_4029_a56a_20644d332f5e] Instantiated an idempotent producer.
2025-08-13 16:44:01,580 INFO  [org.apa.kaf.cli.pro.ProducerConfig] (main) These configurations '[apicurio.registry.url, apicurio.registry.artifact-resolver-strategy]' were supplied but are not used yet.
2025-08-13 16:44:01,580 INFO  [org.apa.kaf.com.uti.AppInfoParser] (main) Kafka version: 3.9.1
2025-08-13 16:44:01,580 INFO  [org.apa.kaf.com.uti.AppInfoParser] (main) Kafka commitId: f745dfdcee2b9851
2025-08-13 16:44:01,580 INFO  [org.apa.kaf.com.uti.AppInfoParser] (main) Kafka startTimeMs: 1755103441580
2025-08-13 16:44:01,582 INFO  [io.api.tes.ser.api.KafkaSerdesTester] (Thread-691) Sending message {"key11755103430910": "value-0"} to topic topic-c88c6f52_1313_4029_a56a_20644d332f5e
2025-08-13 16:44:01,588 INFO  [org.apa.kaf.cli.Metadata] (kafka-producer-network-thread | Producer-topic-c88c6f52_1313_4029_a56a_20644d332f5e) [Producer clientId=Producer-topic-c88c6f52_1313_4029_a56a_20644d332f5e] Cluster ID: gmKMEoHzQ-qMHyrxO3JTXw
2025-08-13 16:44:01,589 INFO  [DefaultSchemaResolver] (Thread-691) Retrieving schema content using string: {"type":"record","name":"s4eeb793fx87afx492bx9417xadeaa37eea4a","namespace":"ns_220d1b88_b2dd_4f06_a864_f8c1e25a3c14","fields":[{"name":"key11755103430910","type":"string"}]}
2025-08-13 16:44:01,590 INFO  [org.apa.kaf.cli.pro.int.TransactionManager] (kafka-producer-network-thread | Producer-topic-c88c6f52_1313_4029_a56a_20644d332f5e) [Producer clientId=Producer-topic-c88c6f52_1313_4029_a56a_20644d332f5e] ProducerId set to 17 with epoch 0
2025-08-13 16:44:01,617 INFO  [io.api.tes.ser.api.KafkaSerdesTester] (Thread-691) Sending message {"key11755103430910": "value-1"} to topic topic-c88c6f52_1313_4029_a56a_20644d332f5e
2025-08-13 16:44:01,621 INFO  [io.api.tes.ser.api.KafkaSerdesTester] (Thread-691) Sending message {"key11755103430910": "value-2"} to topic topic-c88c6f52_1313_4029_a56a_20644d332f5e
2025-08-13 16:44:01,623 INFO  [io.api.tes.ser.api.KafkaSerdesTester] (Thread-691) Sending message {"key11755103430910": "value-3"} to topic topic-c88c6f52_1313_4029_a56a_20644d332f5e
2025-08-13 16:44:01,624 INFO  [io.api.tes.ser.api.KafkaSerdesTester] (Thread-691) Sending message {"key11755103430910": "value-4"} to topic topic-c88c6f52_1313_4029_a56a_20644d332f5e
2025-08-13 16:44:01,626 INFO  [io.api.tes.ser.api.KafkaSerdesTester] (Thread-691) Sending message {"key11755103430910": "value-5"} to topic topic-c88c6f52_1313_4029_a56a_20644d332f5e
2025-08-13 16:44:01,627 INFO  [io.api.tes.ser.api.KafkaSerdesTester] (Thread-691) Sending message {"key11755103430910": "value-6"} to topic topic-c88c6f52_1313_4029_a56a_20644d332f5e
2025-08-13 16:44:01,628 INFO  [io.api.tes.ser.api.KafkaSerdesTester] (Thread-691) Sending message {"key11755103430910": "value-7"} to topic topic-c88c6f52_1313_4029_a56a_20644d332f5e
2025-08-13 16:44:01,630 INFO  [io.api.tes.ser.api.KafkaSerdesTester] (Thread-691) Sending message {"key11755103430910": "value-8"} to topic topic-c88c6f52_1313_4029_a56a_20644d332f5e
2025-08-13 16:44:01,631 INFO  [io.api.tes.ser.api.KafkaSerdesTester] (Thread-691) Sending message {"key11755103430910": "value-9"} to topic topic-c88c6f52_1313_4029_a56a_20644d332f5e
2025-08-13 16:44:01,632 INFO  [io.api.tes.ser.api.KafkaSerdesTester] (Thread-691) Produced 10 messages
2025-08-13 16:44:01,632 INFO  [org.apa.kaf.cli.pro.KafkaProducer] (Thread-691) [Producer clientId=Producer-topic-c88c6f52_1313_4029_a56a_20644d332f5e] Closing the Kafka producer with timeoutMillis = 9223372036854775807 ms.
2025-08-13 16:44:01,633 INFO  [org.apa.kaf.com.met.Metrics] (Thread-691) Metrics scheduler closed
2025-08-13 16:44:01,633 INFO  [org.apa.kaf.com.met.Metrics] (Thread-691) Closing reporter org.apache.kafka.common.metrics.JmxReporter
2025-08-13 16:44:01,634 INFO  [org.apa.kaf.com.met.Metrics] (Thread-691) Closing reporter org.apache.kafka.common.telemetry.internals.ClientTelemetryReporter
2025-08-13 16:44:01,634 INFO  [org.apa.kaf.com.met.Metrics] (Thread-691) Metrics reporters closed
2025-08-13 16:44:01,634 INFO  [org.apa.kaf.com.uti.AppInfoParser] (Thread-691) App info kafka.producer for Producer-topic-c88c6f52_1313_4029_a56a_20644d332f5e unregistered
**** Registry Base URL: http://registry-app-pg17.apps.ci419.apicurio-testing.org:80
2025-08-13 16:44:01,635 INFO  [org.apa.kaf.cli.con.ConsumerConfig] (main) ConsumerConfig values: 
	allow.auto.create.topics = true
	auto.commit.interval.ms = 500
	auto.include.jmx.reporter = true
	auto.offset.reset = earliest
	bootstrap.servers = [PLAINTEXT://localhost:32769]
	check.crcs = true
	client.dns.lookup = use_all_dns_ips
	client.id = consumer-Consumer-topic-c88c6f52_1313_4029_a56a_20644d332f5e-12
	client.rack = 
	connections.max.idle.ms = 10000
	default.api.timeout.ms = 60000
	enable.auto.commit = true
	enable.metrics.push = true
	exclude.internal.topics = true
	fetch.max.bytes = 52428800
	fetch.max.wait.ms = 500
	fetch.min.bytes = 1
	group.id = Consumer-topic-c88c6f52_1313_4029_a56a_20644d332f5e
	group.instance.id = null
	group.protocol = classic
	group.remote.assignor = null
	heartbeat.interval.ms = 3000
	interceptor.classes = []
	internal.leave.group.on.close = true
	internal.throw.on.fetch.stable.offset.unsupported = false
	isolation.level = read_uncommitted
	key.deserializer = class org.apache.kafka.common.serialization.StringDeserializer
	max.partition.fetch.bytes = 1048576
	max.poll.interval.ms = 300000
	max.poll.records = 500
	metadata.max.age.ms = 300000
	metadata.recovery.strategy = none
	metric.reporters = []
	metrics.num.samples = 2
	metrics.recording.level = INFO
	metrics.sample.window.ms = 30000
	partition.assignment.strategy = [class org.apache.kafka.clients.consumer.RangeAssignor, class org.apache.kafka.clients.consumer.CooperativeStickyAssignor]
	receive.buffer.bytes = 65536
	reconnect.backoff.max.ms = 1000
	reconnect.backoff.ms = 50
	request.timeout.ms = 5000
	retry.backoff.max.ms = 1000
	retry.backoff.ms = 100
	sasl.client.callback.handler.class = null
	sasl.jaas.config = null
	sasl.kerberos.kinit.cmd = /usr/bin/kinit
	sasl.kerberos.min.time.before.relogin = 60000
	sasl.kerberos.service.name = null
	sasl.kerberos.ticket.renew.jitter = 0.05
	sasl.kerberos.ticket.renew.window.factor = 0.8
	sasl.login.callback.handler.class = null
	sasl.login.class = null
	sasl.login.connect.timeout.ms = null
	sasl.login.read.timeout.ms = null
	sasl.login.refresh.buffer.seconds = 300
	sasl.login.refresh.min.period.seconds = 60
	sasl.login.refresh.window.factor = 0.8
	sasl.login.refresh.window.jitter = 0.05
	sasl.login.retry.backoff.max.ms = 10000
	sasl.login.retry.backoff.ms = 100
	sasl.mechanism = GSSAPI
	sasl.oauthbearer.clock.skew.seconds = 30
	sasl.oauthbearer.expected.audience = null
	sasl.oauthbearer.expected.issuer = null
	sasl.oauthbearer.header.urlencode = false
	sasl.oauthbearer.jwks.endpoint.refresh.ms = 3600000
	sasl.oauthbearer.jwks.endpoint.retry.backoff.max.ms = 10000
	sasl.oauthbearer.jwks.endpoint.retry.backoff.ms = 100
	sasl.oauthbearer.jwks.endpoint.url = null
	sasl.oauthbearer.scope.claim.name = scope
	sasl.oauthbearer.sub.claim.name = sub
	sasl.oauthbearer.token.endpoint.url = null
	security.protocol = PLAINTEXT
	security.providers = null
	send.buffer.bytes = 131072
	session.timeout.ms = 45000
	socket.connection.setup.timeout.max.ms = 30000
	socket.connection.setup.timeout.ms = 10000
	ssl.cipher.suites = null
	ssl.enabled.protocols = [TLSv1.2, TLSv1.3]
	ssl.endpoint.identification.algorithm = https
	ssl.engine.factory.class = null
	ssl.key.password = null
	ssl.keymanager.algorithm = SunX509
	ssl.keystore.certificate.chain = null
	ssl.keystore.key = null
	ssl.keystore.location = null
	ssl.keystore.password = null
	ssl.keystore.type = JKS
	ssl.protocol = TLSv1.3
	ssl.provider = null
	ssl.secure.random.implementation = null
	ssl.trustmanager.algorithm = PKIX
	ssl.truststore.certificates = null
	ssl.truststore.location = null
	ssl.truststore.password = null
	ssl.truststore.type = JKS
	value.deserializer = class io.apicurio.registry.serde.avro.AvroKafkaDeserializer

2025-08-13 16:44:01,635 INFO  [org.apa.kaf.com.tel.int.KafkaMetricsCollector] (main) initializing Kafka metrics collector
2025-08-13 16:44:01,640 INFO  [org.apa.kaf.cli.con.ConsumerConfig] (main) These configurations '[apicurio.registry.url]' were supplied but are not used yet.
2025-08-13 16:44:01,640 INFO  [org.apa.kaf.com.uti.AppInfoParser] (main) Kafka version: 3.9.1
2025-08-13 16:44:01,640 INFO  [org.apa.kaf.com.uti.AppInfoParser] (main) Kafka commitId: f745dfdcee2b9851
2025-08-13 16:44:01,640 INFO  [org.apa.kaf.com.uti.AppInfoParser] (main) Kafka startTimeMs: 1755103441640
2025-08-13 16:44:01,641 INFO  [org.apa.kaf.cli.con.int.ClassicKafkaConsumer] (Thread-694) [Consumer clientId=consumer-Consumer-topic-c88c6f52_1313_4029_a56a_20644d332f5e-12, groupId=Consumer-topic-c88c6f52_1313_4029_a56a_20644d332f5e] Subscribed to topic(s): topic-c88c6f52_1313_4029_a56a_20644d332f5e
2025-08-13 16:44:01,644 INFO  [org.apa.kaf.cli.Metadata] (Thread-694) [Consumer clientId=consumer-Consumer-topic-c88c6f52_1313_4029_a56a_20644d332f5e-12, groupId=Consumer-topic-c88c6f52_1313_4029_a56a_20644d332f5e] Cluster ID: gmKMEoHzQ-qMHyrxO3JTXw
2025-08-13 16:44:01,656 INFO  [org.apa.kaf.cli.con.int.ConsumerCoordinator] (Thread-694) [Consumer clientId=consumer-Consumer-topic-c88c6f52_1313_4029_a56a_20644d332f5e-12, groupId=Consumer-topic-c88c6f52_1313_4029_a56a_20644d332f5e] Discovered group coordinator localhost:32769 (id: 2147483647 rack: null)
2025-08-13 16:44:01,658 INFO  [org.apa.kaf.cli.con.int.ConsumerCoordinator] (Thread-694) [Consumer clientId=consumer-Consumer-topic-c88c6f52_1313_4029_a56a_20644d332f5e-12, groupId=Consumer-topic-c88c6f52_1313_4029_a56a_20644d332f5e] (Re-)joining group
2025-08-13 16:44:01,660 INFO  [org.apa.kaf.cli.con.int.ConsumerCoordinator] (Thread-694) [Consumer clientId=consumer-Consumer-topic-c88c6f52_1313_4029_a56a_20644d332f5e-12, groupId=Consumer-topic-c88c6f52_1313_4029_a56a_20644d332f5e] Request joining group due to: need to re-join with the given member-id: consumer-Consumer-topic-c88c6f52_1313_4029_a56a_20644d332f5e-12-4c11a624-9969-4bb0-b0b9-4b49fa1b0e3d
2025-08-13 16:44:01,660 INFO  [org.apa.kaf.cli.con.int.ConsumerCoordinator] (Thread-694) [Consumer clientId=consumer-Consumer-topic-c88c6f52_1313_4029_a56a_20644d332f5e-12, groupId=Consumer-topic-c88c6f52_1313_4029_a56a_20644d332f5e] (Re-)joining group
2025-08-13 16:44:02,641 INFO  [io.api.tes.ser.api.KafkaSerdesTester] (Thread-694) None found
2025-08-13 16:44:03,641 INFO  [io.api.tes.ser.api.KafkaSerdesTester] (Thread-694) None found
2025-08-13 16:44:04,641 INFO  [io.api.tes.ser.api.KafkaSerdesTester] (Thread-694) None found
2025-08-13 16:44:04,663 INFO  [org.apa.kaf.cli.con.int.ConsumerCoordinator] (Thread-694) [Consumer clientId=consumer-Consumer-topic-c88c6f52_1313_4029_a56a_20644d332f5e-12, groupId=Consumer-topic-c88c6f52_1313_4029_a56a_20644d332f5e] Successfully joined group with generation Generation{generationId=5, memberId='consumer-Consumer-topic-c88c6f52_1313_4029_a56a_20644d332f5e-12-4c11a624-9969-4bb0-b0b9-4b49fa1b0e3d', protocol='range'}
2025-08-13 16:44:04,663 INFO  [org.apa.kaf.cli.con.int.ConsumerCoordinator] (Thread-694) [Consumer clientId=consumer-Consumer-topic-c88c6f52_1313_4029_a56a_20644d332f5e-12, groupId=Consumer-topic-c88c6f52_1313_4029_a56a_20644d332f5e] Finished assignment for group at generation 5: {consumer-Consumer-topic-c88c6f52_1313_4029_a56a_20644d332f5e-12-4c11a624-9969-4bb0-b0b9-4b49fa1b0e3d=Assignment(partitions=[topic-c88c6f52_1313_4029_a56a_20644d332f5e-0])}
2025-08-13 16:44:04,669 INFO  [org.apa.kaf.cli.con.int.ConsumerCoordinator] (Thread-694) [Consumer clientId=consumer-Consumer-topic-c88c6f52_1313_4029_a56a_20644d332f5e-12, groupId=Consumer-topic-c88c6f52_1313_4029_a56a_20644d332f5e] Successfully synced group in generation Generation{generationId=5, memberId='consumer-Consumer-topic-c88c6f52_1313_4029_a56a_20644d332f5e-12-4c11a624-9969-4bb0-b0b9-4b49fa1b0e3d', protocol='range'}
2025-08-13 16:44:04,669 INFO  [org.apa.kaf.cli.con.int.ConsumerCoordinator] (Thread-694) [Consumer clientId=consumer-Consumer-topic-c88c6f52_1313_4029_a56a_20644d332f5e-12, groupId=Consumer-topic-c88c6f52_1313_4029_a56a_20644d332f5e] Notifying assignor about the new Assignment(partitions=[topic-c88c6f52_1313_4029_a56a_20644d332f5e-0])
2025-08-13 16:44:04,669 INFO  [org.apa.kaf.cli.con.int.ConsumerRebalanceListenerInvoker] (Thread-694) [Consumer clientId=consumer-Consumer-topic-c88c6f52_1313_4029_a56a_20644d332f5e-12, groupId=Consumer-topic-c88c6f52_1313_4029_a56a_20644d332f5e] Adding newly assigned partitions: topic-c88c6f52_1313_4029_a56a_20644d332f5e-0
2025-08-13 16:44:04,670 INFO  [org.apa.kaf.cli.con.int.ConsumerUtils] (Thread-694) Setting offset for partition topic-c88c6f52_1313_4029_a56a_20644d332f5e-0 to the committed offset FetchPosition{offset=30, offsetEpoch=Optional[0], currentLeader=LeaderAndEpoch{leader=Optional[localhost:32769 (id: 0 rack: null)], epoch=0}}
2025-08-13 16:44:04,730 INFO  [io.api.tes.ser.api.KafkaSerdesTester] (Thread-694) topic-c88c6f52_1313_4029_a56a_20644d332f5e 0 30 {"key11755103430910": "value-0", "key21755103435587": "value-0", "key31755103440354": "value-0"}
2025-08-13 16:44:04,730 INFO  [io.api.tes.ser.api.KafkaSerdesTester] (Thread-694) topic-c88c6f52_1313_4029_a56a_20644d332f5e 0 31 {"key11755103430910": "value-1", "key21755103435587": "value-1", "key31755103440354": "value-1"}
2025-08-13 16:44:04,731 INFO  [io.api.tes.ser.api.KafkaSerdesTester] (Thread-694) topic-c88c6f52_1313_4029_a56a_20644d332f5e 0 32 {"key11755103430910": "value-2", "key21755103435587": "value-2", "key31755103440354": "value-2"}
2025-08-13 16:44:04,731 INFO  [io.api.tes.ser.api.KafkaSerdesTester] (Thread-694) topic-c88c6f52_1313_4029_a56a_20644d332f5e 0 33 {"key11755103430910": "value-3", "key21755103435587": "value-3", "key31755103440354": "value-3"}
2025-08-13 16:44:04,731 INFO  [io.api.tes.ser.api.KafkaSerdesTester] (Thread-694) topic-c88c6f52_1313_4029_a56a_20644d332f5e 0 34 {"key11755103430910": "value-4", "key21755103435587": "value-4", "key31755103440354": "value-4"}
2025-08-13 16:44:04,731 INFO  [io.api.tes.ser.api.KafkaSerdesTester] (Thread-694) topic-c88c6f52_1313_4029_a56a_20644d332f5e 0 35 {"key11755103430910": "value-5", "key21755103435587": "value-5", "key31755103440354": "value-5"}
2025-08-13 16:44:04,731 INFO  [io.api.tes.ser.api.KafkaSerdesTester] (Thread-694) topic-c88c6f52_1313_4029_a56a_20644d332f5e 0 36 {"key11755103430910": "value-6", "key21755103435587": "value-6", "key31755103440354": "value-6"}
2025-08-13 16:44:04,731 INFO  [io.api.tes.ser.api.KafkaSerdesTester] (Thread-694) topic-c88c6f52_1313_4029_a56a_20644d332f5e 0 37 {"key11755103430910": "value-7", "key21755103435587": "value-7", "key31755103440354": "value-7"}
2025-08-13 16:44:04,731 INFO  [io.api.tes.ser.api.KafkaSerdesTester] (Thread-694) topic-c88c6f52_1313_4029_a56a_20644d332f5e 0 38 {"key11755103430910": "value-8", "key21755103435587": "value-8", "key31755103440354": "value-8"}
2025-08-13 16:44:04,731 INFO  [io.api.tes.ser.api.KafkaSerdesTester] (Thread-694) topic-c88c6f52_1313_4029_a56a_20644d332f5e 0 39 {"key11755103430910": "value-9", "key21755103435587": "value-9", "key31755103440354": "value-9"}
2025-08-13 16:44:04,731 INFO  [io.api.tes.ser.api.KafkaSerdesTester] (Thread-694) topic-c88c6f52_1313_4029_a56a_20644d332f5e 0 40 {"key11755103430910": "value-0", "key21755103435587": "value-0"}
2025-08-13 16:44:04,731 INFO  [io.api.tes.ser.api.KafkaSerdesTester] (Thread-694) topic-c88c6f52_1313_4029_a56a_20644d332f5e 0 41 {"key11755103430910": "value-1", "key21755103435587": "value-1"}
2025-08-13 16:44:04,731 INFO  [io.api.tes.ser.api.KafkaSerdesTester] (Thread-694) topic-c88c6f52_1313_4029_a56a_20644d332f5e 0 42 {"key11755103430910": "value-2", "key21755103435587": "value-2"}
2025-08-13 16:44:04,731 INFO  [io.api.tes.ser.api.KafkaSerdesTester] (Thread-694) topic-c88c6f52_1313_4029_a56a_20644d332f5e 0 43 {"key11755103430910": "value-3", "key21755103435587": "value-3"}
2025-08-13 16:44:04,731 INFO  [io.api.tes.ser.api.KafkaSerdesTester] (Thread-694) topic-c88c6f52_1313_4029_a56a_20644d332f5e 0 44 {"key11755103430910": "value-4", "key21755103435587": "value-4"}
2025-08-13 16:44:04,731 INFO  [io.api.tes.ser.api.KafkaSerdesTester] (Thread-694) topic-c88c6f52_1313_4029_a56a_20644d332f5e 0 45 {"key11755103430910": "value-5", "key21755103435587": "value-5"}
2025-08-13 16:44:04,731 INFO  [io.api.tes.ser.api.KafkaSerdesTester] (Thread-694) topic-c88c6f52_1313_4029_a56a_20644d332f5e 0 46 {"key11755103430910": "value-6", "key21755103435587": "value-6"}
2025-08-13 16:44:04,731 INFO  [io.api.tes.ser.api.KafkaSerdesTester] (Thread-694) topic-c88c6f52_1313_4029_a56a_20644d332f5e 0 47 {"key11755103430910": "value-7", "key21755103435587": "value-7"}
2025-08-13 16:44:04,731 INFO  [io.api.tes.ser.api.KafkaSerdesTester] (Thread-694) topic-c88c6f52_1313_4029_a56a_20644d332f5e 0 48 {"key11755103430910": "value-8", "key21755103435587": "value-8"}
2025-08-13 16:44:04,731 INFO  [io.api.tes.ser.api.KafkaSerdesTester] (Thread-694) topic-c88c6f52_1313_4029_a56a_20644d332f5e 0 49 {"key11755103430910": "value-9", "key21755103435587": "value-9"}
2025-08-13 16:44:04,731 INFO  [io.api.tes.ser.api.KafkaSerdesTester] (Thread-694) topic-c88c6f52_1313_4029_a56a_20644d332f5e 0 50 {"key11755103430910": "value-0"}
2025-08-13 16:44:04,731 INFO  [io.api.tes.ser.api.KafkaSerdesTester] (Thread-694) topic-c88c6f52_1313_4029_a56a_20644d332f5e 0 51 {"key11755103430910": "value-1"}
2025-08-13 16:44:04,731 INFO  [io.api.tes.ser.api.KafkaSerdesTester] (Thread-694) topic-c88c6f52_1313_4029_a56a_20644d332f5e 0 52 {"key11755103430910": "value-2"}
2025-08-13 16:44:04,731 INFO  [io.api.tes.ser.api.KafkaSerdesTester] (Thread-694) topic-c88c6f52_1313_4029_a56a_20644d332f5e 0 53 {"key11755103430910": "value-3"}
2025-08-13 16:44:04,731 INFO  [io.api.tes.ser.api.KafkaSerdesTester] (Thread-694) topic-c88c6f52_1313_4029_a56a_20644d332f5e 0 54 {"key11755103430910": "value-4"}
2025-08-13 16:44:04,731 INFO  [io.api.tes.ser.api.KafkaSerdesTester] (Thread-694) topic-c88c6f52_1313_4029_a56a_20644d332f5e 0 55 {"key11755103430910": "value-5"}
2025-08-13 16:44:04,732 INFO  [io.api.tes.ser.api.KafkaSerdesTester] (Thread-694) topic-c88c6f52_1313_4029_a56a_20644d332f5e 0 56 {"key11755103430910": "value-6"}
2025-08-13 16:44:04,732 INFO  [io.api.tes.ser.api.KafkaSerdesTester] (Thread-694) topic-c88c6f52_1313_4029_a56a_20644d332f5e 0 57 {"key11755103430910": "value-7"}
2025-08-13 16:44:04,732 INFO  [io.api.tes.ser.api.KafkaSerdesTester] (Thread-694) topic-c88c6f52_1313_4029_a56a_20644d332f5e 0 58 {"key11755103430910": "value-8"}
2025-08-13 16:44:04,732 INFO  [io.api.tes.ser.api.KafkaSerdesTester] (Thread-694) topic-c88c6f52_1313_4029_a56a_20644d332f5e 0 59 {"key11755103430910": "value-9"}
2025-08-13 16:44:04,732 INFO  [io.api.tes.ser.api.KafkaSerdesTester] (Thread-694) Consumed 30 messages
2025-08-13 16:44:04,739 INFO  [org.apa.kaf.cli.con.int.ConsumerRebalanceListenerInvoker] (Thread-694) [Consumer clientId=consumer-Consumer-topic-c88c6f52_1313_4029_a56a_20644d332f5e-12, groupId=Consumer-topic-c88c6f52_1313_4029_a56a_20644d332f5e] Revoke previously assigned partitions topic-c88c6f52_1313_4029_a56a_20644d332f5e-0
2025-08-13 16:44:04,739 INFO  [org.apa.kaf.cli.con.int.ConsumerCoordinator] (Thread-694) [Consumer clientId=consumer-Consumer-topic-c88c6f52_1313_4029_a56a_20644d332f5e-12, groupId=Consumer-topic-c88c6f52_1313_4029_a56a_20644d332f5e] Member consumer-Consumer-topic-c88c6f52_1313_4029_a56a_20644d332f5e-12-4c11a624-9969-4bb0-b0b9-4b49fa1b0e3d sending LeaveGroup request to coordinator localhost:32769 (id: 2147483647 rack: null) due to the consumer is being closed
2025-08-13 16:44:04,740 INFO  [org.apa.kaf.cli.con.int.ConsumerCoordinator] (Thread-694) [Consumer clientId=consumer-Consumer-topic-c88c6f52_1313_4029_a56a_20644d332f5e-12, groupId=Consumer-topic-c88c6f52_1313_4029_a56a_20644d332f5e] Resetting generation and member id due to: consumer pro-actively leaving the group
2025-08-13 16:44:04,740 INFO  [org.apa.kaf.cli.con.int.ConsumerCoordinator] (Thread-694) [Consumer clientId=consumer-Consumer-topic-c88c6f52_1313_4029_a56a_20644d332f5e-12, groupId=Consumer-topic-c88c6f52_1313_4029_a56a_20644d332f5e] Request joining group due to: consumer pro-actively leaving the group
2025-08-13 16:44:05,233 INFO  [org.apa.kaf.com.met.Metrics] (Thread-694) Metrics scheduler closed
2025-08-13 16:44:05,234 INFO  [org.apa.kaf.com.met.Metrics] (Thread-694) Closing reporter org.apache.kafka.common.metrics.JmxReporter
2025-08-13 16:44:05,234 INFO  [org.apa.kaf.com.met.Metrics] (Thread-694) Closing reporter org.apache.kafka.common.telemetry.internals.ClientTelemetryReporter
2025-08-13 16:44:05,234 INFO  [org.apa.kaf.com.met.Metrics] (Thread-694) Metrics reporters closed
2025-08-13 16:44:05,236 INFO  [org.apa.kaf.com.uti.AppInfoParser] (Thread-694) App info kafka.consumer for consumer-Consumer-topic-c88c6f52_1313_4029_a56a_20644d332f5e-12 unregistered
2025-08-13 16:44:05,236 INFO  [org.apa.kaf.cli.pro.KafkaProducer] (main) [Producer clientId=Producer-topic-c88c6f52_1313_4029_a56a_20644d332f5e] Closing the Kafka producer with timeoutMillis = 9223372036854775807 ms.
2025-08-13 16:44:05,236 INFO  [org.apa.kaf.com.met.Metrics] (main) Metrics scheduler closed
2025-08-13 16:44:05,236 INFO  [org.apa.kaf.com.met.Metrics] (main) Closing reporter org.apache.kafka.common.metrics.JmxReporter
2025-08-13 16:44:05,236 INFO  [org.apa.kaf.com.met.Metrics] (main) Closing reporter org.apache.kafka.common.telemetry.internals.ClientTelemetryReporter
2025-08-13 16:44:05,236 INFO  [org.apa.kaf.com.met.Metrics] (main) Metrics reporters closed
2025-08-13 16:44:05,236 INFO  [org.apa.kaf.com.uti.AppInfoParser] (main) App info kafka.producer for Producer-topic-c88c6f52_1313_4029_a56a_20644d332f5e unregistered
2025-08-13 16:44:05,236 INFO  [io.api.tes.uti.TestSeparator] (main) io.apicurio.tests.serdes.apicurio.AvroSerdeIT.testEvolveAvroApicurio-FINISHED
2025-08-13 16:44:05,237 INFO  [io.api.tes.uti.TestSeparator] (main) ############################################################################
Test passed: testEvolveAvroApicurio
]]></system-out>
  </testcase>
  <testcase name="testTopicRecordIdStrategydFindLatest" classname="io.apicurio.tests.serdes.apicurio.AvroSerdeIT" time="4.683">
    <system-out><![CDATA[2025-08-13 16:44:05,239 INFO  [io.api.tes.uti.TestSeparator] (main) ############################################################################
2025-08-13 16:44:05,239 INFO  [io.api.tes.uti.TestSeparator] (main) io.apicurio.tests.serdes.apicurio.AvroSerdeIT.testTopicRecordIdStrategydFindLatest-STARTED
2025-08-13 16:44:05,241 INFO  [io.api.tes.ser.api.AvroSerdeIT] (main) Registering Avro Schema: {"type":"record","name":"s3d3a7f18xc0e7x4fcdx8cb4x1f9cb4acc7bd","namespace":"s35e5d915x4800x4693xb142xf86991d3b767","fields":[{"name":"key11755103445239","type":"string"}]}
**** Registry Base URL: http://registry-app-pg17.apps.ci419.apicurio-testing.org:80
2025-08-13 16:44:06,278 INFO  [org.apa.kaf.cli.pro.ProducerConfig] (main) ProducerConfig values: 
	acks = -1
	auto.include.jmx.reporter = true
	batch.size = 16384
	bootstrap.servers = [PLAINTEXT://localhost:32769]
	buffer.memory = 33554432
	client.dns.lookup = use_all_dns_ips
	client.id = Producer-topic-3043be38_781d_4230_a27f_4d9cccea7cd5
	compression.gzip.level = -1
	compression.lz4.level = 9
	compression.type = none
	compression.zstd.level = 3
	connections.max.idle.ms = 10000
	delivery.timeout.ms = 120000
	enable.idempotence = true
	enable.metrics.push = true
	interceptor.classes = []
	key.serializer = class org.apache.kafka.common.serialization.StringSerializer
	linger.ms = 0
	max.block.ms = 60000
	max.in.flight.requests.per.connection = 5
	max.request.size = 1048576
	metadata.max.age.ms = 300000
	metadata.max.idle.ms = 300000
	metadata.recovery.strategy = none
	metric.reporters = []
	metrics.num.samples = 2
	metrics.recording.level = INFO
	metrics.sample.window.ms = 30000
	partitioner.adaptive.partitioning.enable = true
	partitioner.availability.timeout.ms = 0
	partitioner.class = null
	partitioner.ignore.keys = false
	receive.buffer.bytes = 32768
	reconnect.backoff.max.ms = 1000
	reconnect.backoff.ms = 50
	request.timeout.ms = 5000
	retries = 2147483647
	retry.backoff.max.ms = 1000
	retry.backoff.ms = 100
	sasl.client.callback.handler.class = null
	sasl.jaas.config = null
	sasl.kerberos.kinit.cmd = /usr/bin/kinit
	sasl.kerberos.min.time.before.relogin = 60000
	sasl.kerberos.service.name = null
	sasl.kerberos.ticket.renew.jitter = 0.05
	sasl.kerberos.ticket.renew.window.factor = 0.8
	sasl.login.callback.handler.class = null
	sasl.login.class = null
	sasl.login.connect.timeout.ms = null
	sasl.login.read.timeout.ms = null
	sasl.login.refresh.buffer.seconds = 300
	sasl.login.refresh.min.period.seconds = 60
	sasl.login.refresh.window.factor = 0.8
	sasl.login.refresh.window.jitter = 0.05
	sasl.login.retry.backoff.max.ms = 10000
	sasl.login.retry.backoff.ms = 100
	sasl.mechanism = GSSAPI
	sasl.oauthbearer.clock.skew.seconds = 30
	sasl.oauthbearer.expected.audience = null
	sasl.oauthbearer.expected.issuer = null
	sasl.oauthbearer.header.urlencode = false
	sasl.oauthbearer.jwks.endpoint.refresh.ms = 3600000
	sasl.oauthbearer.jwks.endpoint.retry.backoff.max.ms = 10000
	sasl.oauthbearer.jwks.endpoint.retry.backoff.ms = 100
	sasl.oauthbearer.jwks.endpoint.url = null
	sasl.oauthbearer.scope.claim.name = scope
	sasl.oauthbearer.sub.claim.name = sub
	sasl.oauthbearer.token.endpoint.url = null
	security.protocol = PLAINTEXT
	security.providers = null
	send.buffer.bytes = 131072
	socket.connection.setup.timeout.max.ms = 30000
	socket.connection.setup.timeout.ms = 10000
	ssl.cipher.suites = null
	ssl.enabled.protocols = [TLSv1.2, TLSv1.3]
	ssl.endpoint.identification.algorithm = https
	ssl.engine.factory.class = null
	ssl.key.password = null
	ssl.keymanager.algorithm = SunX509
	ssl.keystore.certificate.chain = null
	ssl.keystore.key = null
	ssl.keystore.location = null
	ssl.keystore.password = null
	ssl.keystore.type = JKS
	ssl.protocol = TLSv1.3
	ssl.provider = null
	ssl.secure.random.implementation = null
	ssl.trustmanager.algorithm = PKIX
	ssl.truststore.certificates = null
	ssl.truststore.location = null
	ssl.truststore.password = null
	ssl.truststore.type = JKS
	transaction.timeout.ms = 60000
	transactional.id = null
	value.serializer = class io.apicurio.registry.serde.avro.AvroKafkaSerializer

2025-08-13 16:44:06,278 INFO  [org.apa.kaf.com.tel.int.KafkaMetricsCollector] (main) initializing Kafka metrics collector
2025-08-13 16:44:06,281 INFO  [org.apa.kaf.cli.pro.KafkaProducer] (main) [Producer clientId=Producer-topic-3043be38_781d_4230_a27f_4d9cccea7cd5] Instantiated an idempotent producer.
2025-08-13 16:44:06,283 INFO  [org.apa.kaf.cli.pro.ProducerConfig] (main) These configurations '[apicurio.registry.find-latest, apicurio.registry.url, apicurio.registry.artifact-resolver-strategy]' were supplied but are not used yet.
2025-08-13 16:44:06,283 INFO  [org.apa.kaf.com.uti.AppInfoParser] (main) Kafka version: 3.9.1
2025-08-13 16:44:06,283 INFO  [org.apa.kaf.com.uti.AppInfoParser] (main) Kafka commitId: f745dfdcee2b9851
2025-08-13 16:44:06,283 INFO  [org.apa.kaf.com.uti.AppInfoParser] (main) Kafka startTimeMs: 1755103446283
2025-08-13 16:44:06,283 INFO  [io.api.tes.ser.api.SimpleSerdesTesterBuilder$SimpleSerdesTester] (main) Using producer configuration: {apicurio.registry.find-latest=true, apicurio.registry.url=http://registry-app-pg17.apps.ci419.apicurio-testing.org:80/apis/registry/v3, apicurio.registry.artifact-resolver-strategy=io.apicurio.registry.serde.avro.strategy.TopicRecordIdStrategy, value.serializer=io.apicurio.registry.serde.avro.AvroKafkaSerializer, request.timeout.ms=5000, acks=all, bootstrap.servers=PLAINTEXT://localhost:32769, connections.max.idle.ms=10000, key.serializer=org.apache.kafka.common.serialization.StringSerializer, client.id=Producer-topic-3043be38_781d_4230_a27f_4d9cccea7cd5}
2025-08-13 16:44:06,283 INFO  [io.api.tes.ser.api.SimpleSerdesTesterBuilder$SimpleSerdesTester] (main) Using consumer configuration: {}
2025-08-13 16:44:06,283 INFO  [io.api.tes.ser.api.KafkaSerdesTester] (Thread-697) Sending message {"key11755103445239": "value-0"} to topic topic-3043be38_781d_4230_a27f_4d9cccea7cd5
2025-08-13 16:44:06,286 INFO  [org.apa.kaf.cli.Metadata] (kafka-producer-network-thread | Producer-topic-3043be38_781d_4230_a27f_4d9cccea7cd5) [Producer clientId=Producer-topic-3043be38_781d_4230_a27f_4d9cccea7cd5] Cluster ID: gmKMEoHzQ-qMHyrxO3JTXw
2025-08-13 16:44:06,287 INFO  [org.apa.kaf.cli.pro.int.TransactionManager] (kafka-producer-network-thread | Producer-topic-3043be38_781d_4230_a27f_4d9cccea7cd5) [Producer clientId=Producer-topic-3043be38_781d_4230_a27f_4d9cccea7cd5] ProducerId set to 18 with epoch 0
2025-08-13 16:44:06,330 INFO  [io.api.tes.ser.api.KafkaSerdesTester] (Thread-697) Sending message {"key11755103445239": "value-1"} to topic topic-3043be38_781d_4230_a27f_4d9cccea7cd5
2025-08-13 16:44:06,331 INFO  [io.api.tes.ser.api.KafkaSerdesTester] (Thread-697) Sending message {"key11755103445239": "value-2"} to topic topic-3043be38_781d_4230_a27f_4d9cccea7cd5
2025-08-13 16:44:06,333 INFO  [io.api.tes.ser.api.KafkaSerdesTester] (Thread-697) Sending message {"key11755103445239": "value-3"} to topic topic-3043be38_781d_4230_a27f_4d9cccea7cd5
2025-08-13 16:44:06,335 INFO  [io.api.tes.ser.api.KafkaSerdesTester] (Thread-697) Sending message {"key11755103445239": "value-4"} to topic topic-3043be38_781d_4230_a27f_4d9cccea7cd5
2025-08-13 16:44:06,338 INFO  [io.api.tes.ser.api.KafkaSerdesTester] (Thread-697) Sending message {"key11755103445239": "value-5"} to topic topic-3043be38_781d_4230_a27f_4d9cccea7cd5
2025-08-13 16:44:06,339 INFO  [io.api.tes.ser.api.KafkaSerdesTester] (Thread-697) Sending message {"key11755103445239": "value-6"} to topic topic-3043be38_781d_4230_a27f_4d9cccea7cd5
2025-08-13 16:44:06,341 INFO  [io.api.tes.ser.api.KafkaSerdesTester] (Thread-697) Sending message {"key11755103445239": "value-7"} to topic topic-3043be38_781d_4230_a27f_4d9cccea7cd5
2025-08-13 16:44:06,345 INFO  [io.api.tes.ser.api.KafkaSerdesTester] (Thread-697) Sending message {"key11755103445239": "value-8"} to topic topic-3043be38_781d_4230_a27f_4d9cccea7cd5
2025-08-13 16:44:06,347 INFO  [io.api.tes.ser.api.KafkaSerdesTester] (Thread-697) Sending message {"key11755103445239": "value-9"} to topic topic-3043be38_781d_4230_a27f_4d9cccea7cd5
2025-08-13 16:44:06,349 INFO  [io.api.tes.ser.api.KafkaSerdesTester] (Thread-697) Produced 10 messages
2025-08-13 16:44:06,349 INFO  [org.apa.kaf.cli.pro.KafkaProducer] (Thread-697) [Producer clientId=Producer-topic-3043be38_781d_4230_a27f_4d9cccea7cd5] Closing the Kafka producer with timeoutMillis = 9223372036854775807 ms.
2025-08-13 16:44:06,351 INFO  [org.apa.kaf.com.met.Metrics] (Thread-697) Metrics scheduler closed
2025-08-13 16:44:06,351 INFO  [org.apa.kaf.com.met.Metrics] (Thread-697) Closing reporter org.apache.kafka.common.metrics.JmxReporter
2025-08-13 16:44:06,351 INFO  [org.apa.kaf.com.met.Metrics] (Thread-697) Closing reporter org.apache.kafka.common.telemetry.internals.ClientTelemetryReporter
2025-08-13 16:44:06,351 INFO  [org.apa.kaf.com.met.Metrics] (Thread-697) Metrics reporters closed
2025-08-13 16:44:06,352 INFO  [org.apa.kaf.com.uti.AppInfoParser] (Thread-697) App info kafka.producer for Producer-topic-3043be38_781d_4230_a27f_4d9cccea7cd5 unregistered
**** Registry Base URL: http://registry-app-pg17.apps.ci419.apicurio-testing.org:80
2025-08-13 16:44:06,352 INFO  [org.apa.kaf.cli.con.ConsumerConfig] (main) ConsumerConfig values: 
	allow.auto.create.topics = true
	auto.commit.interval.ms = 500
	auto.include.jmx.reporter = true
	auto.offset.reset = earliest
	bootstrap.servers = [PLAINTEXT://localhost:32769]
	check.crcs = true
	client.dns.lookup = use_all_dns_ips
	client.id = consumer-Consumer-topic-3043be38_781d_4230_a27f_4d9cccea7cd5-13
	client.rack = 
	connections.max.idle.ms = 10000
	default.api.timeout.ms = 60000
	enable.auto.commit = true
	enable.metrics.push = true
	exclude.internal.topics = true
	fetch.max.bytes = 52428800
	fetch.max.wait.ms = 500
	fetch.min.bytes = 1
	group.id = Consumer-topic-3043be38_781d_4230_a27f_4d9cccea7cd5
	group.instance.id = null
	group.protocol = classic
	group.remote.assignor = null
	heartbeat.interval.ms = 3000
	interceptor.classes = []
	internal.leave.group.on.close = true
	internal.throw.on.fetch.stable.offset.unsupported = false
	isolation.level = read_uncommitted
	key.deserializer = class org.apache.kafka.common.serialization.StringDeserializer
	max.partition.fetch.bytes = 1048576
	max.poll.interval.ms = 300000
	max.poll.records = 500
	metadata.max.age.ms = 300000
	metadata.recovery.strategy = none
	metric.reporters = []
	metrics.num.samples = 2
	metrics.recording.level = INFO
	metrics.sample.window.ms = 30000
	partition.assignment.strategy = [class org.apache.kafka.clients.consumer.RangeAssignor, class org.apache.kafka.clients.consumer.CooperativeStickyAssignor]
	receive.buffer.bytes = 65536
	reconnect.backoff.max.ms = 1000
	reconnect.backoff.ms = 50
	request.timeout.ms = 5000
	retry.backoff.max.ms = 1000
	retry.backoff.ms = 100
	sasl.client.callback.handler.class = null
	sasl.jaas.config = null
	sasl.kerberos.kinit.cmd = /usr/bin/kinit
	sasl.kerberos.min.time.before.relogin = 60000
	sasl.kerberos.service.name = null
	sasl.kerberos.ticket.renew.jitter = 0.05
	sasl.kerberos.ticket.renew.window.factor = 0.8
	sasl.login.callback.handler.class = null
	sasl.login.class = null
	sasl.login.connect.timeout.ms = null
	sasl.login.read.timeout.ms = null
	sasl.login.refresh.buffer.seconds = 300
	sasl.login.refresh.min.period.seconds = 60
	sasl.login.refresh.window.factor = 0.8
	sasl.login.refresh.window.jitter = 0.05
	sasl.login.retry.backoff.max.ms = 10000
	sasl.login.retry.backoff.ms = 100
	sasl.mechanism = GSSAPI
	sasl.oauthbearer.clock.skew.seconds = 30
	sasl.oauthbearer.expected.audience = null
	sasl.oauthbearer.expected.issuer = null
	sasl.oauthbearer.header.urlencode = false
	sasl.oauthbearer.jwks.endpoint.refresh.ms = 3600000
	sasl.oauthbearer.jwks.endpoint.retry.backoff.max.ms = 10000
	sasl.oauthbearer.jwks.endpoint.retry.backoff.ms = 100
	sasl.oauthbearer.jwks.endpoint.url = null
	sasl.oauthbearer.scope.claim.name = scope
	sasl.oauthbearer.sub.claim.name = sub
	sasl.oauthbearer.token.endpoint.url = null
	security.protocol = PLAINTEXT
	security.providers = null
	send.buffer.bytes = 131072
	session.timeout.ms = 45000
	socket.connection.setup.timeout.max.ms = 30000
	socket.connection.setup.timeout.ms = 10000
	ssl.cipher.suites = null
	ssl.enabled.protocols = [TLSv1.2, TLSv1.3]
	ssl.endpoint.identification.algorithm = https
	ssl.engine.factory.class = null
	ssl.key.password = null
	ssl.keymanager.algorithm = SunX509
	ssl.keystore.certificate.chain = null
	ssl.keystore.key = null
	ssl.keystore.location = null
	ssl.keystore.password = null
	ssl.keystore.type = JKS
	ssl.protocol = TLSv1.3
	ssl.provider = null
	ssl.secure.random.implementation = null
	ssl.trustmanager.algorithm = PKIX
	ssl.truststore.certificates = null
	ssl.truststore.location = null
	ssl.truststore.password = null
	ssl.truststore.type = JKS
	value.deserializer = class io.apicurio.registry.serde.avro.AvroKafkaDeserializer

2025-08-13 16:44:06,353 INFO  [org.apa.kaf.com.tel.int.KafkaMetricsCollector] (main) initializing Kafka metrics collector
2025-08-13 16:44:06,359 INFO  [org.apa.kaf.cli.con.ConsumerConfig] (main) These configurations '[apicurio.registry.url]' were supplied but are not used yet.
2025-08-13 16:44:06,360 INFO  [org.apa.kaf.com.uti.AppInfoParser] (main) Kafka version: 3.9.1
2025-08-13 16:44:06,360 INFO  [org.apa.kaf.com.uti.AppInfoParser] (main) Kafka commitId: f745dfdcee2b9851
2025-08-13 16:44:06,360 INFO  [org.apa.kaf.com.uti.AppInfoParser] (main) Kafka startTimeMs: 1755103446359
2025-08-13 16:44:06,360 INFO  [org.apa.kaf.cli.con.int.ClassicKafkaConsumer] (Thread-700) [Consumer clientId=consumer-Consumer-topic-3043be38_781d_4230_a27f_4d9cccea7cd5-13, groupId=Consumer-topic-3043be38_781d_4230_a27f_4d9cccea7cd5] Subscribed to topic(s): topic-3043be38_781d_4230_a27f_4d9cccea7cd5
2025-08-13 16:44:06,364 INFO  [org.apa.kaf.cli.Metadata] (Thread-700) [Consumer clientId=consumer-Consumer-topic-3043be38_781d_4230_a27f_4d9cccea7cd5-13, groupId=Consumer-topic-3043be38_781d_4230_a27f_4d9cccea7cd5] Cluster ID: gmKMEoHzQ-qMHyrxO3JTXw
2025-08-13 16:44:06,365 INFO  [org.apa.kaf.cli.con.int.ConsumerCoordinator] (Thread-700) [Consumer clientId=consumer-Consumer-topic-3043be38_781d_4230_a27f_4d9cccea7cd5-13, groupId=Consumer-topic-3043be38_781d_4230_a27f_4d9cccea7cd5] Discovered group coordinator localhost:32769 (id: 2147483647 rack: null)
2025-08-13 16:44:06,368 INFO  [org.apa.kaf.cli.con.int.ConsumerCoordinator] (Thread-700) [Consumer clientId=consumer-Consumer-topic-3043be38_781d_4230_a27f_4d9cccea7cd5-13, groupId=Consumer-topic-3043be38_781d_4230_a27f_4d9cccea7cd5] (Re-)joining group
2025-08-13 16:44:06,371 INFO  [org.apa.kaf.cli.con.int.ConsumerCoordinator] (Thread-700) [Consumer clientId=consumer-Consumer-topic-3043be38_781d_4230_a27f_4d9cccea7cd5-13, groupId=Consumer-topic-3043be38_781d_4230_a27f_4d9cccea7cd5] Request joining group due to: need to re-join with the given member-id: consumer-Consumer-topic-3043be38_781d_4230_a27f_4d9cccea7cd5-13-a6f1fa39-d886-4a4b-aa88-132fa4da4381
2025-08-13 16:44:06,371 INFO  [org.apa.kaf.cli.con.int.ConsumerCoordinator] (Thread-700) [Consumer clientId=consumer-Consumer-topic-3043be38_781d_4230_a27f_4d9cccea7cd5-13, groupId=Consumer-topic-3043be38_781d_4230_a27f_4d9cccea7cd5] (Re-)joining group
2025-08-13 16:44:07,360 INFO  [io.api.tes.ser.api.KafkaSerdesTester] (Thread-700) None found
2025-08-13 16:44:08,360 INFO  [io.api.tes.ser.api.KafkaSerdesTester] (Thread-700) None found
2025-08-13 16:44:09,360 INFO  [io.api.tes.ser.api.KafkaSerdesTester] (Thread-700) None found
2025-08-13 16:44:09,373 INFO  [org.apa.kaf.cli.con.int.ConsumerCoordinator] (Thread-700) [Consumer clientId=consumer-Consumer-topic-3043be38_781d_4230_a27f_4d9cccea7cd5-13, groupId=Consumer-topic-3043be38_781d_4230_a27f_4d9cccea7cd5] Successfully joined group with generation Generation{generationId=1, memberId='consumer-Consumer-topic-3043be38_781d_4230_a27f_4d9cccea7cd5-13-a6f1fa39-d886-4a4b-aa88-132fa4da4381', protocol='range'}
2025-08-13 16:44:09,373 INFO  [org.apa.kaf.cli.con.int.ConsumerCoordinator] (Thread-700) [Consumer clientId=consumer-Consumer-topic-3043be38_781d_4230_a27f_4d9cccea7cd5-13, groupId=Consumer-topic-3043be38_781d_4230_a27f_4d9cccea7cd5] Finished assignment for group at generation 1: {consumer-Consumer-topic-3043be38_781d_4230_a27f_4d9cccea7cd5-13-a6f1fa39-d886-4a4b-aa88-132fa4da4381=Assignment(partitions=[topic-3043be38_781d_4230_a27f_4d9cccea7cd5-0])}
2025-08-13 16:44:09,380 INFO  [org.apa.kaf.cli.con.int.ConsumerCoordinator] (Thread-700) [Consumer clientId=consumer-Consumer-topic-3043be38_781d_4230_a27f_4d9cccea7cd5-13, groupId=Consumer-topic-3043be38_781d_4230_a27f_4d9cccea7cd5] Successfully synced group in generation Generation{generationId=1, memberId='consumer-Consumer-topic-3043be38_781d_4230_a27f_4d9cccea7cd5-13-a6f1fa39-d886-4a4b-aa88-132fa4da4381', protocol='range'}
2025-08-13 16:44:09,380 INFO  [org.apa.kaf.cli.con.int.ConsumerCoordinator] (Thread-700) [Consumer clientId=consumer-Consumer-topic-3043be38_781d_4230_a27f_4d9cccea7cd5-13, groupId=Consumer-topic-3043be38_781d_4230_a27f_4d9cccea7cd5] Notifying assignor about the new Assignment(partitions=[topic-3043be38_781d_4230_a27f_4d9cccea7cd5-0])
2025-08-13 16:44:09,380 INFO  [org.apa.kaf.cli.con.int.ConsumerRebalanceListenerInvoker] (Thread-700) [Consumer clientId=consumer-Consumer-topic-3043be38_781d_4230_a27f_4d9cccea7cd5-13, groupId=Consumer-topic-3043be38_781d_4230_a27f_4d9cccea7cd5] Adding newly assigned partitions: topic-3043be38_781d_4230_a27f_4d9cccea7cd5-0
2025-08-13 16:44:09,381 INFO  [org.apa.kaf.cli.con.int.ConsumerCoordinator] (Thread-700) [Consumer clientId=consumer-Consumer-topic-3043be38_781d_4230_a27f_4d9cccea7cd5-13, groupId=Consumer-topic-3043be38_781d_4230_a27f_4d9cccea7cd5] Found no committed offset for partition topic-3043be38_781d_4230_a27f_4d9cccea7cd5-0
2025-08-13 16:44:09,384 INFO  [org.apa.kaf.cli.con.int.SubscriptionState] (Thread-700) [Consumer clientId=consumer-Consumer-topic-3043be38_781d_4230_a27f_4d9cccea7cd5-13, groupId=Consumer-topic-3043be38_781d_4230_a27f_4d9cccea7cd5] Resetting offset for partition topic-3043be38_781d_4230_a27f_4d9cccea7cd5-0 to position FetchPosition{offset=0, offsetEpoch=Optional.empty, currentLeader=LeaderAndEpoch{leader=Optional[localhost:32769 (id: 0 rack: null)], epoch=0}}.
2025-08-13 16:44:09,413 INFO  [io.api.tes.ser.api.KafkaSerdesTester] (Thread-700) topic-3043be38_781d_4230_a27f_4d9cccea7cd5 0 0 {"key11755103445239": "value-0"}
2025-08-13 16:44:09,413 INFO  [io.api.tes.ser.api.KafkaSerdesTester] (Thread-700) topic-3043be38_781d_4230_a27f_4d9cccea7cd5 0 1 {"key11755103445239": "value-1"}
2025-08-13 16:44:09,413 INFO  [io.api.tes.ser.api.KafkaSerdesTester] (Thread-700) topic-3043be38_781d_4230_a27f_4d9cccea7cd5 0 2 {"key11755103445239": "value-2"}
2025-08-13 16:44:09,413 INFO  [io.api.tes.ser.api.KafkaSerdesTester] (Thread-700) topic-3043be38_781d_4230_a27f_4d9cccea7cd5 0 3 {"key11755103445239": "value-3"}
2025-08-13 16:44:09,413 INFO  [io.api.tes.ser.api.KafkaSerdesTester] (Thread-700) topic-3043be38_781d_4230_a27f_4d9cccea7cd5 0 4 {"key11755103445239": "value-4"}
2025-08-13 16:44:09,413 INFO  [io.api.tes.ser.api.KafkaSerdesTester] (Thread-700) topic-3043be38_781d_4230_a27f_4d9cccea7cd5 0 5 {"key11755103445239": "value-5"}
2025-08-13 16:44:09,413 INFO  [io.api.tes.ser.api.KafkaSerdesTester] (Thread-700) topic-3043be38_781d_4230_a27f_4d9cccea7cd5 0 6 {"key11755103445239": "value-6"}
2025-08-13 16:44:09,413 INFO  [io.api.tes.ser.api.KafkaSerdesTester] (Thread-700) topic-3043be38_781d_4230_a27f_4d9cccea7cd5 0 7 {"key11755103445239": "value-7"}
2025-08-13 16:44:09,413 INFO  [io.api.tes.ser.api.KafkaSerdesTester] (Thread-700) topic-3043be38_781d_4230_a27f_4d9cccea7cd5 0 8 {"key11755103445239": "value-8"}
2025-08-13 16:44:09,413 INFO  [io.api.tes.ser.api.KafkaSerdesTester] (Thread-700) topic-3043be38_781d_4230_a27f_4d9cccea7cd5 0 9 {"key11755103445239": "value-9"}
2025-08-13 16:44:09,413 INFO  [io.api.tes.ser.api.KafkaSerdesTester] (Thread-700) Consumed 10 messages
2025-08-13 16:44:09,421 INFO  [org.apa.kaf.cli.con.int.ConsumerRebalanceListenerInvoker] (Thread-700) [Consumer clientId=consumer-Consumer-topic-3043be38_781d_4230_a27f_4d9cccea7cd5-13, groupId=Consumer-topic-3043be38_781d_4230_a27f_4d9cccea7cd5] Revoke previously assigned partitions topic-3043be38_781d_4230_a27f_4d9cccea7cd5-0
2025-08-13 16:44:09,421 INFO  [org.apa.kaf.cli.con.int.ConsumerCoordinator] (Thread-700) [Consumer clientId=consumer-Consumer-topic-3043be38_781d_4230_a27f_4d9cccea7cd5-13, groupId=Consumer-topic-3043be38_781d_4230_a27f_4d9cccea7cd5] Member consumer-Consumer-topic-3043be38_781d_4230_a27f_4d9cccea7cd5-13-a6f1fa39-d886-4a4b-aa88-132fa4da4381 sending LeaveGroup request to coordinator localhost:32769 (id: 2147483647 rack: null) due to the consumer is being closed
2025-08-13 16:44:09,421 INFO  [org.apa.kaf.cli.con.int.ConsumerCoordinator] (Thread-700) [Consumer clientId=consumer-Consumer-topic-3043be38_781d_4230_a27f_4d9cccea7cd5-13, groupId=Consumer-topic-3043be38_781d_4230_a27f_4d9cccea7cd5] Resetting generation and member id due to: consumer pro-actively leaving the group
2025-08-13 16:44:09,421 INFO  [org.apa.kaf.cli.con.int.ConsumerCoordinator] (Thread-700) [Consumer clientId=consumer-Consumer-topic-3043be38_781d_4230_a27f_4d9cccea7cd5-13, groupId=Consumer-topic-3043be38_781d_4230_a27f_4d9cccea7cd5] Request joining group due to: consumer pro-actively leaving the group
2025-08-13 16:44:09,917 INFO  [org.apa.kaf.com.met.Metrics] (Thread-700) Metrics scheduler closed
2025-08-13 16:44:09,917 INFO  [org.apa.kaf.com.met.Metrics] (Thread-700) Closing reporter org.apache.kafka.common.metrics.JmxReporter
2025-08-13 16:44:09,917 INFO  [org.apa.kaf.com.met.Metrics] (Thread-700) Closing reporter org.apache.kafka.common.telemetry.internals.ClientTelemetryReporter
2025-08-13 16:44:09,917 INFO  [org.apa.kaf.com.met.Metrics] (Thread-700) Metrics reporters closed
2025-08-13 16:44:09,920 INFO  [org.apa.kaf.com.uti.AppInfoParser] (Thread-700) App info kafka.consumer for consumer-Consumer-topic-3043be38_781d_4230_a27f_4d9cccea7cd5-13 unregistered
2025-08-13 16:44:09,920 INFO  [io.api.tes.uti.TestSeparator] (main) io.apicurio.tests.serdes.apicurio.AvroSerdeIT.testTopicRecordIdStrategydFindLatest-FINISHED
2025-08-13 16:44:09,920 INFO  [io.api.tes.uti.TestSeparator] (main) ############################################################################
Test passed: testTopicRecordIdStrategydFindLatest
]]></system-out>
  </testcase>
  <testcase name="testAvroConfluentForMultipleTopics" classname="io.apicurio.tests.serdes.apicurio.AvroSerdeIT" time="11.924">
    <system-out><![CDATA[2025-08-13 16:44:09,921 INFO  [io.api.tes.uti.TestSeparator] (main) ############################################################################
2025-08-13 16:44:09,921 INFO  [io.api.tes.uti.TestSeparator] (main) io.apicurio.tests.serdes.apicurio.AvroSerdeIT.testAvroConfluentForMultipleTopics-STARTED
2025-08-13 16:44:09,923 INFO  [io.api.tes.ser.api.AvroSerdeIT] (main) Registering Avro Schema: {"type":"record","name":"myrecordconfluent","fields":[{"name":"key11755103449922","type":"string"}]}
**** Registry Base URL: http://registry-app-pg17.apps.ci419.apicurio-testing.org:80
2025-08-13 16:44:10,959 INFO  [org.apa.kaf.cli.pro.ProducerConfig] (main) ProducerConfig values: 
	acks = -1
	auto.include.jmx.reporter = true
	batch.size = 16384
	bootstrap.servers = [PLAINTEXT://localhost:32769]
	buffer.memory = 33554432
	client.dns.lookup = use_all_dns_ips
	client.id = Producer-topic-e7c11070_3b07_4691_ba51_8405f5896c11
	compression.gzip.level = -1
	compression.lz4.level = 9
	compression.type = none
	compression.zstd.level = 3
	connections.max.idle.ms = 10000
	delivery.timeout.ms = 120000
	enable.idempotence = true
	enable.metrics.push = true
	interceptor.classes = []
	key.serializer = class org.apache.kafka.common.serialization.StringSerializer
	linger.ms = 0
	max.block.ms = 60000
	max.in.flight.requests.per.connection = 5
	max.request.size = 1048576
	metadata.max.age.ms = 300000
	metadata.max.idle.ms = 300000
	metadata.recovery.strategy = none
	metric.reporters = []
	metrics.num.samples = 2
	metrics.recording.level = INFO
	metrics.sample.window.ms = 30000
	partitioner.adaptive.partitioning.enable = true
	partitioner.availability.timeout.ms = 0
	partitioner.class = null
	partitioner.ignore.keys = false
	receive.buffer.bytes = 32768
	reconnect.backoff.max.ms = 1000
	reconnect.backoff.ms = 50
	request.timeout.ms = 5000
	retries = 2147483647
	retry.backoff.max.ms = 1000
	retry.backoff.ms = 100
	sasl.client.callback.handler.class = null
	sasl.jaas.config = null
	sasl.kerberos.kinit.cmd = /usr/bin/kinit
	sasl.kerberos.min.time.before.relogin = 60000
	sasl.kerberos.service.name = null
	sasl.kerberos.ticket.renew.jitter = 0.05
	sasl.kerberos.ticket.renew.window.factor = 0.8
	sasl.login.callback.handler.class = null
	sasl.login.class = null
	sasl.login.connect.timeout.ms = null
	sasl.login.read.timeout.ms = null
	sasl.login.refresh.buffer.seconds = 300
	sasl.login.refresh.min.period.seconds = 60
	sasl.login.refresh.window.factor = 0.8
	sasl.login.refresh.window.jitter = 0.05
	sasl.login.retry.backoff.max.ms = 10000
	sasl.login.retry.backoff.ms = 100
	sasl.mechanism = GSSAPI
	sasl.oauthbearer.clock.skew.seconds = 30
	sasl.oauthbearer.expected.audience = null
	sasl.oauthbearer.expected.issuer = null
	sasl.oauthbearer.header.urlencode = false
	sasl.oauthbearer.jwks.endpoint.refresh.ms = 3600000
	sasl.oauthbearer.jwks.endpoint.retry.backoff.max.ms = 10000
	sasl.oauthbearer.jwks.endpoint.retry.backoff.ms = 100
	sasl.oauthbearer.jwks.endpoint.url = null
	sasl.oauthbearer.scope.claim.name = scope
	sasl.oauthbearer.sub.claim.name = sub
	sasl.oauthbearer.token.endpoint.url = null
	security.protocol = PLAINTEXT
	security.providers = null
	send.buffer.bytes = 131072
	socket.connection.setup.timeout.max.ms = 30000
	socket.connection.setup.timeout.ms = 10000
	ssl.cipher.suites = null
	ssl.enabled.protocols = [TLSv1.2, TLSv1.3]
	ssl.endpoint.identification.algorithm = https
	ssl.engine.factory.class = null
	ssl.key.password = null
	ssl.keymanager.algorithm = SunX509
	ssl.keystore.certificate.chain = null
	ssl.keystore.key = null
	ssl.keystore.location = null
	ssl.keystore.password = null
	ssl.keystore.type = JKS
	ssl.protocol = TLSv1.3
	ssl.provider = null
	ssl.secure.random.implementation = null
	ssl.trustmanager.algorithm = PKIX
	ssl.truststore.certificates = null
	ssl.truststore.location = null
	ssl.truststore.password = null
	ssl.truststore.type = JKS
	transaction.timeout.ms = 60000
	transactional.id = null
	value.serializer = class io.apicurio.registry.serde.avro.AvroKafkaSerializer

2025-08-13 16:44:10,959 INFO  [org.apa.kaf.com.tel.int.KafkaMetricsCollector] (main) initializing Kafka metrics collector
2025-08-13 16:44:10,962 INFO  [org.apa.kaf.cli.pro.KafkaProducer] (main) [Producer clientId=Producer-topic-e7c11070_3b07_4691_ba51_8405f5896c11] Instantiated an idempotent producer.
2025-08-13 16:44:10,965 INFO  [org.apa.kaf.cli.pro.ProducerConfig] (main) These configurations '[apicurio.registry.url, apicurio.registry.artifact-resolver-strategy]' were supplied but are not used yet.
2025-08-13 16:44:10,965 INFO  [org.apa.kaf.com.uti.AppInfoParser] (main) Kafka version: 3.9.1
2025-08-13 16:44:10,965 INFO  [org.apa.kaf.com.uti.AppInfoParser] (main) Kafka commitId: f745dfdcee2b9851
2025-08-13 16:44:10,965 INFO  [org.apa.kaf.com.uti.AppInfoParser] (main) Kafka startTimeMs: 1755103450965
**** Registry Base URL: http://registry-app-pg17.apps.ci419.apicurio-testing.org:80
2025-08-13 16:44:10,965 INFO  [org.apa.kaf.cli.pro.ProducerConfig] (main) ProducerConfig values: 
	acks = -1
	auto.include.jmx.reporter = true
	batch.size = 16384
	bootstrap.servers = [PLAINTEXT://localhost:32769]
	buffer.memory = 33554432
	client.dns.lookup = use_all_dns_ips
	client.id = Producer-topic-7dfc8446_497f_42f2_97b0_2c0dec9cd3ac
	compression.gzip.level = -1
	compression.lz4.level = 9
	compression.type = none
	compression.zstd.level = 3
	connections.max.idle.ms = 10000
	delivery.timeout.ms = 120000
	enable.idempotence = true
	enable.metrics.push = true
	interceptor.classes = []
	key.serializer = class org.apache.kafka.common.serialization.StringSerializer
	linger.ms = 0
	max.block.ms = 60000
	max.in.flight.requests.per.connection = 5
	max.request.size = 1048576
	metadata.max.age.ms = 300000
	metadata.max.idle.ms = 300000
	metadata.recovery.strategy = none
	metric.reporters = []
	metrics.num.samples = 2
	metrics.recording.level = INFO
	metrics.sample.window.ms = 30000
	partitioner.adaptive.partitioning.enable = true
	partitioner.availability.timeout.ms = 0
	partitioner.class = null
	partitioner.ignore.keys = false
	receive.buffer.bytes = 32768
	reconnect.backoff.max.ms = 1000
	reconnect.backoff.ms = 50
	request.timeout.ms = 5000
	retries = 2147483647
	retry.backoff.max.ms = 1000
	retry.backoff.ms = 100
	sasl.client.callback.handler.class = null
	sasl.jaas.config = null
	sasl.kerberos.kinit.cmd = /usr/bin/kinit
	sasl.kerberos.min.time.before.relogin = 60000
	sasl.kerberos.service.name = null
	sasl.kerberos.ticket.renew.jitter = 0.05
	sasl.kerberos.ticket.renew.window.factor = 0.8
	sasl.login.callback.handler.class = null
	sasl.login.class = null
	sasl.login.connect.timeout.ms = null
	sasl.login.read.timeout.ms = null
	sasl.login.refresh.buffer.seconds = 300
	sasl.login.refresh.min.period.seconds = 60
	sasl.login.refresh.window.factor = 0.8
	sasl.login.refresh.window.jitter = 0.05
	sasl.login.retry.backoff.max.ms = 10000
	sasl.login.retry.backoff.ms = 100
	sasl.mechanism = GSSAPI
	sasl.oauthbearer.clock.skew.seconds = 30
	sasl.oauthbearer.expected.audience = null
	sasl.oauthbearer.expected.issuer = null
	sasl.oauthbearer.header.urlencode = false
	sasl.oauthbearer.jwks.endpoint.refresh.ms = 3600000
	sasl.oauthbearer.jwks.endpoint.retry.backoff.max.ms = 10000
	sasl.oauthbearer.jwks.endpoint.retry.backoff.ms = 100
	sasl.oauthbearer.jwks.endpoint.url = null
	sasl.oauthbearer.scope.claim.name = scope
	sasl.oauthbearer.sub.claim.name = sub
	sasl.oauthbearer.token.endpoint.url = null
	security.protocol = PLAINTEXT
	security.providers = null
	send.buffer.bytes = 131072
	socket.connection.setup.timeout.max.ms = 30000
	socket.connection.setup.timeout.ms = 10000
	ssl.cipher.suites = null
	ssl.enabled.protocols = [TLSv1.2, TLSv1.3]
	ssl.endpoint.identification.algorithm = https
	ssl.engine.factory.class = null
	ssl.key.password = null
	ssl.keymanager.algorithm = SunX509
	ssl.keystore.certificate.chain = null
	ssl.keystore.key = null
	ssl.keystore.location = null
	ssl.keystore.password = null
	ssl.keystore.type = JKS
	ssl.protocol = TLSv1.3
	ssl.provider = null
	ssl.secure.random.implementation = null
	ssl.trustmanager.algorithm = PKIX
	ssl.truststore.certificates = null
	ssl.truststore.location = null
	ssl.truststore.password = null
	ssl.truststore.type = JKS
	transaction.timeout.ms = 60000
	transactional.id = null
	value.serializer = class io.apicurio.registry.serde.avro.AvroKafkaSerializer

2025-08-13 16:44:10,966 INFO  [org.apa.kaf.com.tel.int.KafkaMetricsCollector] (main) initializing Kafka metrics collector
2025-08-13 16:44:10,972 INFO  [org.apa.kaf.cli.Metadata] (kafka-producer-network-thread | Producer-topic-e7c11070_3b07_4691_ba51_8405f5896c11) [Producer clientId=Producer-topic-e7c11070_3b07_4691_ba51_8405f5896c11] Cluster ID: gmKMEoHzQ-qMHyrxO3JTXw
2025-08-13 16:44:10,973 INFO  [org.apa.kaf.cli.pro.int.TransactionManager] (kafka-producer-network-thread | Producer-topic-e7c11070_3b07_4691_ba51_8405f5896c11) [Producer clientId=Producer-topic-e7c11070_3b07_4691_ba51_8405f5896c11] ProducerId set to 19 with epoch 0
2025-08-13 16:44:10,974 INFO  [org.apa.kaf.cli.pro.KafkaProducer] (main) [Producer clientId=Producer-topic-7dfc8446_497f_42f2_97b0_2c0dec9cd3ac] Instantiated an idempotent producer.
2025-08-13 16:44:10,976 INFO  [org.apa.kaf.cli.pro.ProducerConfig] (main) These configurations '[apicurio.registry.url, apicurio.registry.artifact-resolver-strategy]' were supplied but are not used yet.
2025-08-13 16:44:10,976 INFO  [org.apa.kaf.com.uti.AppInfoParser] (main) Kafka version: 3.9.1
2025-08-13 16:44:10,976 INFO  [org.apa.kaf.com.uti.AppInfoParser] (main) Kafka commitId: f745dfdcee2b9851
2025-08-13 16:44:10,976 INFO  [org.apa.kaf.com.uti.AppInfoParser] (main) Kafka startTimeMs: 1755103450976
**** Registry Base URL: http://registry-app-pg17.apps.ci419.apicurio-testing.org:80
2025-08-13 16:44:10,976 INFO  [org.apa.kaf.cli.pro.ProducerConfig] (main) ProducerConfig values: 
	acks = -1
	auto.include.jmx.reporter = true
	batch.size = 16384
	bootstrap.servers = [PLAINTEXT://localhost:32769]
	buffer.memory = 33554432
	client.dns.lookup = use_all_dns_ips
	client.id = Producer-topic-067b42be_f16c_425a_a7e7_f023739b4d6e
	compression.gzip.level = -1
	compression.lz4.level = 9
	compression.type = none
	compression.zstd.level = 3
	connections.max.idle.ms = 10000
	delivery.timeout.ms = 120000
	enable.idempotence = true
	enable.metrics.push = true
	interceptor.classes = []
	key.serializer = class org.apache.kafka.common.serialization.StringSerializer
	linger.ms = 0
	max.block.ms = 60000
	max.in.flight.requests.per.connection = 5
	max.request.size = 1048576
	metadata.max.age.ms = 300000
	metadata.max.idle.ms = 300000
	metadata.recovery.strategy = none
	metric.reporters = []
	metrics.num.samples = 2
	metrics.recording.level = INFO
	metrics.sample.window.ms = 30000
	partitioner.adaptive.partitioning.enable = true
	partitioner.availability.timeout.ms = 0
	partitioner.class = null
	partitioner.ignore.keys = false
	receive.buffer.bytes = 32768
	reconnect.backoff.max.ms = 1000
	reconnect.backoff.ms = 50
	request.timeout.ms = 5000
	retries = 2147483647
	retry.backoff.max.ms = 1000
	retry.backoff.ms = 100
	sasl.client.callback.handler.class = null
	sasl.jaas.config = null
	sasl.kerberos.kinit.cmd = /usr/bin/kinit
	sasl.kerberos.min.time.before.relogin = 60000
	sasl.kerberos.service.name = null
	sasl.kerberos.ticket.renew.jitter = 0.05
	sasl.kerberos.ticket.renew.window.factor = 0.8
	sasl.login.callback.handler.class = null
	sasl.login.class = null
	sasl.login.connect.timeout.ms = null
	sasl.login.read.timeout.ms = null
	sasl.login.refresh.buffer.seconds = 300
	sasl.login.refresh.min.period.seconds = 60
	sasl.login.refresh.window.factor = 0.8
	sasl.login.refresh.window.jitter = 0.05
	sasl.login.retry.backoff.max.ms = 10000
	sasl.login.retry.backoff.ms = 100
	sasl.mechanism = GSSAPI
	sasl.oauthbearer.clock.skew.seconds = 30
	sasl.oauthbearer.expected.audience = null
	sasl.oauthbearer.expected.issuer = null
	sasl.oauthbearer.header.urlencode = false
	sasl.oauthbearer.jwks.endpoint.refresh.ms = 3600000
	sasl.oauthbearer.jwks.endpoint.retry.backoff.max.ms = 10000
	sasl.oauthbearer.jwks.endpoint.retry.backoff.ms = 100
	sasl.oauthbearer.jwks.endpoint.url = null
	sasl.oauthbearer.scope.claim.name = scope
	sasl.oauthbearer.sub.claim.name = sub
	sasl.oauthbearer.token.endpoint.url = null
	security.protocol = PLAINTEXT
	security.providers = null
	send.buffer.bytes = 131072
	socket.connection.setup.timeout.max.ms = 30000
	socket.connection.setup.timeout.ms = 10000
	ssl.cipher.suites = null
	ssl.enabled.protocols = [TLSv1.2, TLSv1.3]
	ssl.endpoint.identification.algorithm = https
	ssl.engine.factory.class = null
	ssl.key.password = null
	ssl.keymanager.algorithm = SunX509
	ssl.keystore.certificate.chain = null
	ssl.keystore.key = null
	ssl.keystore.location = null
	ssl.keystore.password = null
	ssl.keystore.type = JKS
	ssl.protocol = TLSv1.3
	ssl.provider = null
	ssl.secure.random.implementation = null
	ssl.trustmanager.algorithm = PKIX
	ssl.truststore.certificates = null
	ssl.truststore.location = null
	ssl.truststore.password = null
	ssl.truststore.type = JKS
	transaction.timeout.ms = 60000
	transactional.id = null
	value.serializer = class io.apicurio.registry.serde.avro.AvroKafkaSerializer

2025-08-13 16:44:10,976 INFO  [org.apa.kaf.com.tel.int.KafkaMetricsCollector] (main) initializing Kafka metrics collector
2025-08-13 16:44:10,980 INFO  [org.apa.kaf.cli.Metadata] (kafka-producer-network-thread | Producer-topic-7dfc8446_497f_42f2_97b0_2c0dec9cd3ac) [Producer clientId=Producer-topic-7dfc8446_497f_42f2_97b0_2c0dec9cd3ac] Cluster ID: gmKMEoHzQ-qMHyrxO3JTXw
2025-08-13 16:44:10,981 INFO  [org.apa.kaf.cli.pro.int.TransactionManager] (kafka-producer-network-thread | Producer-topic-7dfc8446_497f_42f2_97b0_2c0dec9cd3ac) [Producer clientId=Producer-topic-7dfc8446_497f_42f2_97b0_2c0dec9cd3ac] ProducerId set to 20 with epoch 0
2025-08-13 16:44:10,986 INFO  [org.apa.kaf.cli.pro.KafkaProducer] (main) [Producer clientId=Producer-topic-067b42be_f16c_425a_a7e7_f023739b4d6e] Instantiated an idempotent producer.
2025-08-13 16:44:10,989 INFO  [org.apa.kaf.cli.pro.ProducerConfig] (main) These configurations '[apicurio.registry.url, apicurio.registry.artifact-resolver-strategy]' were supplied but are not used yet.
2025-08-13 16:44:10,991 INFO  [org.apa.kaf.com.uti.AppInfoParser] (main) Kafka version: 3.9.1
2025-08-13 16:44:10,991 INFO  [org.apa.kaf.com.uti.AppInfoParser] (main) Kafka commitId: f745dfdcee2b9851
2025-08-13 16:44:10,991 INFO  [org.apa.kaf.com.uti.AppInfoParser] (main) Kafka startTimeMs: 1755103450989
**** Registry Base URL: http://registry-app-pg17.apps.ci419.apicurio-testing.org:80
2025-08-13 16:44:10,991 INFO  [org.apa.kaf.cli.con.ConsumerConfig] (main) ConsumerConfig values: 
	allow.auto.create.topics = true
	auto.commit.interval.ms = 500
	auto.include.jmx.reporter = true
	auto.offset.reset = earliest
	bootstrap.servers = [PLAINTEXT://localhost:32769]
	check.crcs = true
	client.dns.lookup = use_all_dns_ips
	client.id = consumer-Consumer-topic-e7c11070_3b07_4691_ba51_8405f5896c11-14
	client.rack = 
	connections.max.idle.ms = 10000
	default.api.timeout.ms = 60000
	enable.auto.commit = true
	enable.metrics.push = true
	exclude.internal.topics = true
	fetch.max.bytes = 52428800
	fetch.max.wait.ms = 500
	fetch.min.bytes = 1
	group.id = Consumer-topic-e7c11070_3b07_4691_ba51_8405f5896c11
	group.instance.id = null
	group.protocol = classic
	group.remote.assignor = null
	heartbeat.interval.ms = 3000
	interceptor.classes = []
	internal.leave.group.on.close = true
	internal.throw.on.fetch.stable.offset.unsupported = false
	isolation.level = read_uncommitted
	key.deserializer = class org.apache.kafka.common.serialization.StringDeserializer
	max.partition.fetch.bytes = 1048576
	max.poll.interval.ms = 300000
	max.poll.records = 500
	metadata.max.age.ms = 300000
	metadata.recovery.strategy = none
	metric.reporters = []
	metrics.num.samples = 2
	metrics.recording.level = INFO
	metrics.sample.window.ms = 30000
	partition.assignment.strategy = [class org.apache.kafka.clients.consumer.RangeAssignor, class org.apache.kafka.clients.consumer.CooperativeStickyAssignor]
	receive.buffer.bytes = 65536
	reconnect.backoff.max.ms = 1000
	reconnect.backoff.ms = 50
	request.timeout.ms = 5000
	retry.backoff.max.ms = 1000
	retry.backoff.ms = 100
	sasl.client.callback.handler.class = null
	sasl.jaas.config = null
	sasl.kerberos.kinit.cmd = /usr/bin/kinit
	sasl.kerberos.min.time.before.relogin = 60000
	sasl.kerberos.service.name = null
	sasl.kerberos.ticket.renew.jitter = 0.05
	sasl.kerberos.ticket.renew.window.factor = 0.8
	sasl.login.callback.handler.class = null
	sasl.login.class = null
	sasl.login.connect.timeout.ms = null
	sasl.login.read.timeout.ms = null
	sasl.login.refresh.buffer.seconds = 300
	sasl.login.refresh.min.period.seconds = 60
	sasl.login.refresh.window.factor = 0.8
	sasl.login.refresh.window.jitter = 0.05
	sasl.login.retry.backoff.max.ms = 10000
	sasl.login.retry.backoff.ms = 100
	sasl.mechanism = GSSAPI
	sasl.oauthbearer.clock.skew.seconds = 30
	sasl.oauthbearer.expected.audience = null
	sasl.oauthbearer.expected.issuer = null
	sasl.oauthbearer.header.urlencode = false
	sasl.oauthbearer.jwks.endpoint.refresh.ms = 3600000
	sasl.oauthbearer.jwks.endpoint.retry.backoff.max.ms = 10000
	sasl.oauthbearer.jwks.endpoint.retry.backoff.ms = 100
	sasl.oauthbearer.jwks.endpoint.url = null
	sasl.oauthbearer.scope.claim.name = scope
	sasl.oauthbearer.sub.claim.name = sub
	sasl.oauthbearer.token.endpoint.url = null
	security.protocol = PLAINTEXT
	security.providers = null
	send.buffer.bytes = 131072
	session.timeout.ms = 45000
	socket.connection.setup.timeout.max.ms = 30000
	socket.connection.setup.timeout.ms = 10000
	ssl.cipher.suites = null
	ssl.enabled.protocols = [TLSv1.2, TLSv1.3]
	ssl.endpoint.identification.algorithm = https
	ssl.engine.factory.class = null
	ssl.key.password = null
	ssl.keymanager.algorithm = SunX509
	ssl.keystore.certificate.chain = null
	ssl.keystore.key = null
	ssl.keystore.location = null
	ssl.keystore.password = null
	ssl.keystore.type = JKS
	ssl.protocol = TLSv1.3
	ssl.provider = null
	ssl.secure.random.implementation = null
	ssl.trustmanager.algorithm = PKIX
	ssl.truststore.certificates = null
	ssl.truststore.location = null
	ssl.truststore.password = null
	ssl.truststore.type = JKS
	value.deserializer = class io.apicurio.registry.serde.avro.AvroKafkaDeserializer

2025-08-13 16:44:10,992 INFO  [org.apa.kaf.com.tel.int.KafkaMetricsCollector] (main) initializing Kafka metrics collector
2025-08-13 16:44:10,996 INFO  [org.apa.kaf.cli.Metadata] (kafka-producer-network-thread | Producer-topic-067b42be_f16c_425a_a7e7_f023739b4d6e) [Producer clientId=Producer-topic-067b42be_f16c_425a_a7e7_f023739b4d6e] Cluster ID: gmKMEoHzQ-qMHyrxO3JTXw
2025-08-13 16:44:10,996 INFO  [org.apa.kaf.cli.pro.int.TransactionManager] (kafka-producer-network-thread | Producer-topic-067b42be_f16c_425a_a7e7_f023739b4d6e) [Producer clientId=Producer-topic-067b42be_f16c_425a_a7e7_f023739b4d6e] ProducerId set to 21 with epoch 0
2025-08-13 16:44:10,999 INFO  [org.apa.kaf.cli.con.ConsumerConfig] (main) These configurations '[apicurio.registry.url]' were supplied but are not used yet.
2025-08-13 16:44:10,999 INFO  [org.apa.kaf.com.uti.AppInfoParser] (main) Kafka version: 3.9.1
2025-08-13 16:44:10,999 INFO  [org.apa.kaf.com.uti.AppInfoParser] (main) Kafka commitId: f745dfdcee2b9851
2025-08-13 16:44:10,999 INFO  [org.apa.kaf.com.uti.AppInfoParser] (main) Kafka startTimeMs: 1755103450999
**** Registry Base URL: http://registry-app-pg17.apps.ci419.apicurio-testing.org:80
2025-08-13 16:44:11,000 INFO  [org.apa.kaf.cli.con.ConsumerConfig] (main) ConsumerConfig values: 
	allow.auto.create.topics = true
	auto.commit.interval.ms = 500
	auto.include.jmx.reporter = true
	auto.offset.reset = earliest
	bootstrap.servers = [PLAINTEXT://localhost:32769]
	check.crcs = true
	client.dns.lookup = use_all_dns_ips
	client.id = consumer-Consumer-topic-7dfc8446_497f_42f2_97b0_2c0dec9cd3ac-15
	client.rack = 
	connections.max.idle.ms = 10000
	default.api.timeout.ms = 60000
	enable.auto.commit = true
	enable.metrics.push = true
	exclude.internal.topics = true
	fetch.max.bytes = 52428800
	fetch.max.wait.ms = 500
	fetch.min.bytes = 1
	group.id = Consumer-topic-7dfc8446_497f_42f2_97b0_2c0dec9cd3ac
	group.instance.id = null
	group.protocol = classic
	group.remote.assignor = null
	heartbeat.interval.ms = 3000
	interceptor.classes = []
	internal.leave.group.on.close = true
	internal.throw.on.fetch.stable.offset.unsupported = false
	isolation.level = read_uncommitted
	key.deserializer = class org.apache.kafka.common.serialization.StringDeserializer
	max.partition.fetch.bytes = 1048576
	max.poll.interval.ms = 300000
	max.poll.records = 500
	metadata.max.age.ms = 300000
	metadata.recovery.strategy = none
	metric.reporters = []
	metrics.num.samples = 2
	metrics.recording.level = INFO
	metrics.sample.window.ms = 30000
	partition.assignment.strategy = [class org.apache.kafka.clients.consumer.RangeAssignor, class org.apache.kafka.clients.consumer.CooperativeStickyAssignor]
	receive.buffer.bytes = 65536
	reconnect.backoff.max.ms = 1000
	reconnect.backoff.ms = 50
	request.timeout.ms = 5000
	retry.backoff.max.ms = 1000
	retry.backoff.ms = 100
	sasl.client.callback.handler.class = null
	sasl.jaas.config = null
	sasl.kerberos.kinit.cmd = /usr/bin/kinit
	sasl.kerberos.min.time.before.relogin = 60000
	sasl.kerberos.service.name = null
	sasl.kerberos.ticket.renew.jitter = 0.05
	sasl.kerberos.ticket.renew.window.factor = 0.8
	sasl.login.callback.handler.class = null
	sasl.login.class = null
	sasl.login.connect.timeout.ms = null
	sasl.login.read.timeout.ms = null
	sasl.login.refresh.buffer.seconds = 300
	sasl.login.refresh.min.period.seconds = 60
	sasl.login.refresh.window.factor = 0.8
	sasl.login.refresh.window.jitter = 0.05
	sasl.login.retry.backoff.max.ms = 10000
	sasl.login.retry.backoff.ms = 100
	sasl.mechanism = GSSAPI
	sasl.oauthbearer.clock.skew.seconds = 30
	sasl.oauthbearer.expected.audience = null
	sasl.oauthbearer.expected.issuer = null
	sasl.oauthbearer.header.urlencode = false
	sasl.oauthbearer.jwks.endpoint.refresh.ms = 3600000
	sasl.oauthbearer.jwks.endpoint.retry.backoff.max.ms = 10000
	sasl.oauthbearer.jwks.endpoint.retry.backoff.ms = 100
	sasl.oauthbearer.jwks.endpoint.url = null
	sasl.oauthbearer.scope.claim.name = scope
	sasl.oauthbearer.sub.claim.name = sub
	sasl.oauthbearer.token.endpoint.url = null
	security.protocol = PLAINTEXT
	security.providers = null
	send.buffer.bytes = 131072
	session.timeout.ms = 45000
	socket.connection.setup.timeout.max.ms = 30000
	socket.connection.setup.timeout.ms = 10000
	ssl.cipher.suites = null
	ssl.enabled.protocols = [TLSv1.2, TLSv1.3]
	ssl.endpoint.identification.algorithm = https
	ssl.engine.factory.class = null
	ssl.key.password = null
	ssl.keymanager.algorithm = SunX509
	ssl.keystore.certificate.chain = null
	ssl.keystore.key = null
	ssl.keystore.location = null
	ssl.keystore.password = null
	ssl.keystore.type = JKS
	ssl.protocol = TLSv1.3
	ssl.provider = null
	ssl.secure.random.implementation = null
	ssl.trustmanager.algorithm = PKIX
	ssl.truststore.certificates = null
	ssl.truststore.location = null
	ssl.truststore.password = null
	ssl.truststore.type = JKS
	value.deserializer = class io.apicurio.registry.serde.avro.AvroKafkaDeserializer

2025-08-13 16:44:11,000 INFO  [org.apa.kaf.com.tel.int.KafkaMetricsCollector] (main) initializing Kafka metrics collector
2025-08-13 16:44:11,005 INFO  [org.apa.kaf.cli.con.ConsumerConfig] (main) These configurations '[apicurio.registry.url]' were supplied but are not used yet.
2025-08-13 16:44:11,005 INFO  [org.apa.kaf.com.uti.AppInfoParser] (main) Kafka version: 3.9.1
2025-08-13 16:44:11,005 INFO  [org.apa.kaf.com.uti.AppInfoParser] (main) Kafka commitId: f745dfdcee2b9851
2025-08-13 16:44:11,005 INFO  [org.apa.kaf.com.uti.AppInfoParser] (main) Kafka startTimeMs: 1755103451005
**** Registry Base URL: http://registry-app-pg17.apps.ci419.apicurio-testing.org:80
2025-08-13 16:44:11,006 INFO  [org.apa.kaf.cli.con.ConsumerConfig] (main) ConsumerConfig values: 
	allow.auto.create.topics = true
	auto.commit.interval.ms = 500
	auto.include.jmx.reporter = true
	auto.offset.reset = earliest
	bootstrap.servers = [PLAINTEXT://localhost:32769]
	check.crcs = true
	client.dns.lookup = use_all_dns_ips
	client.id = consumer-Consumer-topic-067b42be_f16c_425a_a7e7_f023739b4d6e-16
	client.rack = 
	connections.max.idle.ms = 10000
	default.api.timeout.ms = 60000
	enable.auto.commit = true
	enable.metrics.push = true
	exclude.internal.topics = true
	fetch.max.bytes = 52428800
	fetch.max.wait.ms = 500
	fetch.min.bytes = 1
	group.id = Consumer-topic-067b42be_f16c_425a_a7e7_f023739b4d6e
	group.instance.id = null
	group.protocol = classic
	group.remote.assignor = null
	heartbeat.interval.ms = 3000
	interceptor.classes = []
	internal.leave.group.on.close = true
	internal.throw.on.fetch.stable.offset.unsupported = false
	isolation.level = read_uncommitted
	key.deserializer = class org.apache.kafka.common.serialization.StringDeserializer
	max.partition.fetch.bytes = 1048576
	max.poll.interval.ms = 300000
	max.poll.records = 500
	metadata.max.age.ms = 300000
	metadata.recovery.strategy = none
	metric.reporters = []
	metrics.num.samples = 2
	metrics.recording.level = INFO
	metrics.sample.window.ms = 30000
	partition.assignment.strategy = [class org.apache.kafka.clients.consumer.RangeAssignor, class org.apache.kafka.clients.consumer.CooperativeStickyAssignor]
	receive.buffer.bytes = 65536
	reconnect.backoff.max.ms = 1000
	reconnect.backoff.ms = 50
	request.timeout.ms = 5000
	retry.backoff.max.ms = 1000
	retry.backoff.ms = 100
	sasl.client.callback.handler.class = null
	sasl.jaas.config = null
	sasl.kerberos.kinit.cmd = /usr/bin/kinit
	sasl.kerberos.min.time.before.relogin = 60000
	sasl.kerberos.service.name = null
	sasl.kerberos.ticket.renew.jitter = 0.05
	sasl.kerberos.ticket.renew.window.factor = 0.8
	sasl.login.callback.handler.class = null
	sasl.login.class = null
	sasl.login.connect.timeout.ms = null
	sasl.login.read.timeout.ms = null
	sasl.login.refresh.buffer.seconds = 300
	sasl.login.refresh.min.period.seconds = 60
	sasl.login.refresh.window.factor = 0.8
	sasl.login.refresh.window.jitter = 0.05
	sasl.login.retry.backoff.max.ms = 10000
	sasl.login.retry.backoff.ms = 100
	sasl.mechanism = GSSAPI
	sasl.oauthbearer.clock.skew.seconds = 30
	sasl.oauthbearer.expected.audience = null
	sasl.oauthbearer.expected.issuer = null
	sasl.oauthbearer.header.urlencode = false
	sasl.oauthbearer.jwks.endpoint.refresh.ms = 3600000
	sasl.oauthbearer.jwks.endpoint.retry.backoff.max.ms = 10000
	sasl.oauthbearer.jwks.endpoint.retry.backoff.ms = 100
	sasl.oauthbearer.jwks.endpoint.url = null
	sasl.oauthbearer.scope.claim.name = scope
	sasl.oauthbearer.sub.claim.name = sub
	sasl.oauthbearer.token.endpoint.url = null
	security.protocol = PLAINTEXT
	security.providers = null
	send.buffer.bytes = 131072
	session.timeout.ms = 45000
	socket.connection.setup.timeout.max.ms = 30000
	socket.connection.setup.timeout.ms = 10000
	ssl.cipher.suites = null
	ssl.enabled.protocols = [TLSv1.2, TLSv1.3]
	ssl.endpoint.identification.algorithm = https
	ssl.engine.factory.class = null
	ssl.key.password = null
	ssl.keymanager.algorithm = SunX509
	ssl.keystore.certificate.chain = null
	ssl.keystore.key = null
	ssl.keystore.location = null
	ssl.keystore.password = null
	ssl.keystore.type = JKS
	ssl.protocol = TLSv1.3
	ssl.provider = null
	ssl.secure.random.implementation = null
	ssl.trustmanager.algorithm = PKIX
	ssl.truststore.certificates = null
	ssl.truststore.location = null
	ssl.truststore.password = null
	ssl.truststore.type = JKS
	value.deserializer = class io.apicurio.registry.serde.avro.AvroKafkaDeserializer

2025-08-13 16:44:11,006 INFO  [org.apa.kaf.com.tel.int.KafkaMetricsCollector] (main) initializing Kafka metrics collector
2025-08-13 16:44:11,012 INFO  [org.apa.kaf.cli.con.ConsumerConfig] (main) These configurations '[apicurio.registry.url]' were supplied but are not used yet.
2025-08-13 16:44:11,012 INFO  [org.apa.kaf.com.uti.AppInfoParser] (main) Kafka version: 3.9.1
2025-08-13 16:44:11,012 INFO  [org.apa.kaf.com.uti.AppInfoParser] (main) Kafka commitId: f745dfdcee2b9851
2025-08-13 16:44:11,012 INFO  [org.apa.kaf.com.uti.AppInfoParser] (main) Kafka startTimeMs: 1755103451012
2025-08-13 16:44:11,012 INFO  [io.api.tes.ser.api.KafkaSerdesTester] (Thread-713) Sending message {"key11755103449922": "value-0"} to topic topic-e7c11070_3b07_4691_ba51_8405f5896c11
2025-08-13 16:44:11,015 INFO  [DefaultSchemaResolver] (Thread-713) Retrieving schema content using string: {"type":"record","name":"myrecordconfluent","fields":[{"name":"key11755103449922","type":"string"}]}
2025-08-13 16:44:11,037 INFO  [io.api.tes.ser.api.KafkaSerdesTester] (Thread-713) Sending message {"key11755103449922": "value-1"} to topic topic-e7c11070_3b07_4691_ba51_8405f5896c11
2025-08-13 16:44:11,038 INFO  [io.api.tes.ser.api.KafkaSerdesTester] (Thread-713) Sending message {"key11755103449922": "value-2"} to topic topic-e7c11070_3b07_4691_ba51_8405f5896c11
2025-08-13 16:44:11,040 INFO  [io.api.tes.ser.api.KafkaSerdesTester] (Thread-713) Sending message {"key11755103449922": "value-3"} to topic topic-e7c11070_3b07_4691_ba51_8405f5896c11
2025-08-13 16:44:11,041 INFO  [io.api.tes.ser.api.KafkaSerdesTester] (Thread-713) Sending message {"key11755103449922": "value-4"} to topic topic-e7c11070_3b07_4691_ba51_8405f5896c11
2025-08-13 16:44:11,042 INFO  [io.api.tes.ser.api.KafkaSerdesTester] (Thread-713) Sending message {"key11755103449922": "value-5"} to topic topic-e7c11070_3b07_4691_ba51_8405f5896c11
2025-08-13 16:44:11,044 INFO  [io.api.tes.ser.api.KafkaSerdesTester] (Thread-713) Sending message {"key11755103449922": "value-6"} to topic topic-e7c11070_3b07_4691_ba51_8405f5896c11
2025-08-13 16:44:11,045 INFO  [io.api.tes.ser.api.KafkaSerdesTester] (Thread-713) Sending message {"key11755103449922": "value-7"} to topic topic-e7c11070_3b07_4691_ba51_8405f5896c11
2025-08-13 16:44:11,046 INFO  [io.api.tes.ser.api.KafkaSerdesTester] (Thread-713) Sending message {"key11755103449922": "value-8"} to topic topic-e7c11070_3b07_4691_ba51_8405f5896c11
2025-08-13 16:44:11,048 INFO  [io.api.tes.ser.api.KafkaSerdesTester] (Thread-713) Sending message {"key11755103449922": "value-9"} to topic topic-e7c11070_3b07_4691_ba51_8405f5896c11
2025-08-13 16:44:11,049 INFO  [io.api.tes.ser.api.KafkaSerdesTester] (Thread-713) Produced 10 messages
2025-08-13 16:44:11,049 INFO  [org.apa.kaf.cli.pro.KafkaProducer] (Thread-713) [Producer clientId=Producer-topic-e7c11070_3b07_4691_ba51_8405f5896c11] Closing the Kafka producer with timeoutMillis = 9223372036854775807 ms.
2025-08-13 16:44:11,051 INFO  [org.apa.kaf.com.met.Metrics] (Thread-713) Metrics scheduler closed
2025-08-13 16:44:11,051 INFO  [org.apa.kaf.com.met.Metrics] (Thread-713) Closing reporter org.apache.kafka.common.metrics.JmxReporter
2025-08-13 16:44:11,051 INFO  [org.apa.kaf.com.met.Metrics] (Thread-713) Closing reporter org.apache.kafka.common.telemetry.internals.ClientTelemetryReporter
2025-08-13 16:44:11,051 INFO  [org.apa.kaf.com.met.Metrics] (Thread-713) Metrics reporters closed
2025-08-13 16:44:11,051 INFO  [org.apa.kaf.com.uti.AppInfoParser] (Thread-713) App info kafka.producer for Producer-topic-e7c11070_3b07_4691_ba51_8405f5896c11 unregistered
2025-08-13 16:44:11,053 INFO  [io.api.tes.ser.api.KafkaSerdesTester] (Thread-714) Sending message {"key11755103449922": "value-0"} to topic topic-7dfc8446_497f_42f2_97b0_2c0dec9cd3ac
2025-08-13 16:44:11,057 INFO  [DefaultSchemaResolver] (Thread-714) Retrieving schema content using string: {"type":"record","name":"myrecordconfluent","fields":[{"name":"key11755103449922","type":"string"}]}
2025-08-13 16:44:11,081 INFO  [io.api.tes.ser.api.KafkaSerdesTester] (Thread-714) Sending message {"key11755103449922": "value-1"} to topic topic-7dfc8446_497f_42f2_97b0_2c0dec9cd3ac
2025-08-13 16:44:11,083 INFO  [io.api.tes.ser.api.KafkaSerdesTester] (Thread-714) Sending message {"key11755103449922": "value-2"} to topic topic-7dfc8446_497f_42f2_97b0_2c0dec9cd3ac
2025-08-13 16:44:11,084 INFO  [io.api.tes.ser.api.KafkaSerdesTester] (Thread-714) Sending message {"key11755103449922": "value-3"} to topic topic-7dfc8446_497f_42f2_97b0_2c0dec9cd3ac
2025-08-13 16:44:11,087 INFO  [io.api.tes.ser.api.KafkaSerdesTester] (Thread-714) Sending message {"key11755103449922": "value-4"} to topic topic-7dfc8446_497f_42f2_97b0_2c0dec9cd3ac
2025-08-13 16:44:11,088 INFO  [io.api.tes.ser.api.KafkaSerdesTester] (Thread-714) Sending message {"key11755103449922": "value-5"} to topic topic-7dfc8446_497f_42f2_97b0_2c0dec9cd3ac
2025-08-13 16:44:11,091 INFO  [io.api.tes.ser.api.KafkaSerdesTester] (Thread-714) Sending message {"key11755103449922": "value-6"} to topic topic-7dfc8446_497f_42f2_97b0_2c0dec9cd3ac
2025-08-13 16:44:11,092 INFO  [io.api.tes.ser.api.KafkaSerdesTester] (Thread-714) Sending message {"key11755103449922": "value-7"} to topic topic-7dfc8446_497f_42f2_97b0_2c0dec9cd3ac
2025-08-13 16:44:11,095 INFO  [io.api.tes.ser.api.KafkaSerdesTester] (Thread-714) Sending message {"key11755103449922": "value-8"} to topic topic-7dfc8446_497f_42f2_97b0_2c0dec9cd3ac
2025-08-13 16:44:11,097 INFO  [io.api.tes.ser.api.KafkaSerdesTester] (Thread-714) Sending message {"key11755103449922": "value-9"} to topic topic-7dfc8446_497f_42f2_97b0_2c0dec9cd3ac
2025-08-13 16:44:11,099 INFO  [io.api.tes.ser.api.KafkaSerdesTester] (Thread-714) Produced 10 messages
2025-08-13 16:44:11,099 INFO  [org.apa.kaf.cli.pro.KafkaProducer] (Thread-714) [Producer clientId=Producer-topic-7dfc8446_497f_42f2_97b0_2c0dec9cd3ac] Closing the Kafka producer with timeoutMillis = 9223372036854775807 ms.
2025-08-13 16:44:11,103 INFO  [org.apa.kaf.com.met.Metrics] (Thread-714) Metrics scheduler closed
2025-08-13 16:44:11,103 INFO  [org.apa.kaf.com.met.Metrics] (Thread-714) Closing reporter org.apache.kafka.common.metrics.JmxReporter
2025-08-13 16:44:11,103 INFO  [org.apa.kaf.com.met.Metrics] (Thread-714) Closing reporter org.apache.kafka.common.telemetry.internals.ClientTelemetryReporter
2025-08-13 16:44:11,103 INFO  [org.apa.kaf.com.met.Metrics] (Thread-714) Metrics reporters closed
2025-08-13 16:44:11,103 INFO  [org.apa.kaf.com.uti.AppInfoParser] (Thread-714) App info kafka.producer for Producer-topic-7dfc8446_497f_42f2_97b0_2c0dec9cd3ac unregistered
2025-08-13 16:44:11,105 INFO  [io.api.tes.ser.api.KafkaSerdesTester] (Thread-715) Sending message {"key11755103449922": "value-0"} to topic topic-067b42be_f16c_425a_a7e7_f023739b4d6e
2025-08-13 16:44:11,113 INFO  [DefaultSchemaResolver] (Thread-715) Retrieving schema content using string: {"type":"record","name":"myrecordconfluent","fields":[{"name":"key11755103449922","type":"string"}]}
2025-08-13 16:44:11,144 INFO  [io.api.tes.ser.api.KafkaSerdesTester] (Thread-715) Sending message {"key11755103449922": "value-1"} to topic topic-067b42be_f16c_425a_a7e7_f023739b4d6e
2025-08-13 16:44:11,145 INFO  [io.api.tes.ser.api.KafkaSerdesTester] (Thread-715) Sending message {"key11755103449922": "value-2"} to topic topic-067b42be_f16c_425a_a7e7_f023739b4d6e
2025-08-13 16:44:11,149 INFO  [io.api.tes.ser.api.KafkaSerdesTester] (Thread-715) Sending message {"key11755103449922": "value-3"} to topic topic-067b42be_f16c_425a_a7e7_f023739b4d6e
2025-08-13 16:44:11,150 INFO  [io.api.tes.ser.api.KafkaSerdesTester] (Thread-715) Sending message {"key11755103449922": "value-4"} to topic topic-067b42be_f16c_425a_a7e7_f023739b4d6e
2025-08-13 16:44:11,153 INFO  [io.api.tes.ser.api.KafkaSerdesTester] (Thread-715) Sending message {"key11755103449922": "value-5"} to topic topic-067b42be_f16c_425a_a7e7_f023739b4d6e
2025-08-13 16:44:11,155 INFO  [io.api.tes.ser.api.KafkaSerdesTester] (Thread-715) Sending message {"key11755103449922": "value-6"} to topic topic-067b42be_f16c_425a_a7e7_f023739b4d6e
2025-08-13 16:44:11,157 INFO  [io.api.tes.ser.api.KafkaSerdesTester] (Thread-715) Sending message {"key11755103449922": "value-7"} to topic topic-067b42be_f16c_425a_a7e7_f023739b4d6e
2025-08-13 16:44:11,159 INFO  [io.api.tes.ser.api.KafkaSerdesTester] (Thread-715) Sending message {"key11755103449922": "value-8"} to topic topic-067b42be_f16c_425a_a7e7_f023739b4d6e
2025-08-13 16:44:11,168 INFO  [io.api.tes.ser.api.KafkaSerdesTester] (Thread-715) Sending message {"key11755103449922": "value-9"} to topic topic-067b42be_f16c_425a_a7e7_f023739b4d6e
2025-08-13 16:44:11,170 INFO  [io.api.tes.ser.api.KafkaSerdesTester] (Thread-715) Produced 10 messages
2025-08-13 16:44:11,170 INFO  [org.apa.kaf.cli.pro.KafkaProducer] (Thread-715) [Producer clientId=Producer-topic-067b42be_f16c_425a_a7e7_f023739b4d6e] Closing the Kafka producer with timeoutMillis = 9223372036854775807 ms.
2025-08-13 16:44:11,172 INFO  [org.apa.kaf.com.met.Metrics] (Thread-715) Metrics scheduler closed
2025-08-13 16:44:11,172 INFO  [org.apa.kaf.com.met.Metrics] (Thread-715) Closing reporter org.apache.kafka.common.metrics.JmxReporter
2025-08-13 16:44:11,172 INFO  [org.apa.kaf.com.met.Metrics] (Thread-715) Closing reporter org.apache.kafka.common.telemetry.internals.ClientTelemetryReporter
2025-08-13 16:44:11,172 INFO  [org.apa.kaf.com.met.Metrics] (Thread-715) Metrics reporters closed
2025-08-13 16:44:11,173 INFO  [org.apa.kaf.com.uti.AppInfoParser] (Thread-715) App info kafka.producer for Producer-topic-067b42be_f16c_425a_a7e7_f023739b4d6e unregistered
2025-08-13 16:44:11,174 INFO  [org.apa.kaf.cli.con.int.ClassicKafkaConsumer] (Thread-716) [Consumer clientId=consumer-Consumer-topic-e7c11070_3b07_4691_ba51_8405f5896c11-14, groupId=Consumer-topic-e7c11070_3b07_4691_ba51_8405f5896c11] Subscribed to topic(s): topic-e7c11070_3b07_4691_ba51_8405f5896c11
2025-08-13 16:44:11,181 INFO  [org.apa.kaf.cli.Metadata] (Thread-716) [Consumer clientId=consumer-Consumer-topic-e7c11070_3b07_4691_ba51_8405f5896c11-14, groupId=Consumer-topic-e7c11070_3b07_4691_ba51_8405f5896c11] Cluster ID: gmKMEoHzQ-qMHyrxO3JTXw
2025-08-13 16:44:11,181 INFO  [org.apa.kaf.cli.con.int.ConsumerCoordinator] (Thread-716) [Consumer clientId=consumer-Consumer-topic-e7c11070_3b07_4691_ba51_8405f5896c11-14, groupId=Consumer-topic-e7c11070_3b07_4691_ba51_8405f5896c11] Discovered group coordinator localhost:32769 (id: 2147483647 rack: null)
2025-08-13 16:44:11,182 INFO  [org.apa.kaf.cli.con.int.ConsumerCoordinator] (Thread-716) [Consumer clientId=consumer-Consumer-topic-e7c11070_3b07_4691_ba51_8405f5896c11-14, groupId=Consumer-topic-e7c11070_3b07_4691_ba51_8405f5896c11] (Re-)joining group
2025-08-13 16:44:11,189 INFO  [org.apa.kaf.cli.con.int.ConsumerCoordinator] (Thread-716) [Consumer clientId=consumer-Consumer-topic-e7c11070_3b07_4691_ba51_8405f5896c11-14, groupId=Consumer-topic-e7c11070_3b07_4691_ba51_8405f5896c11] Request joining group due to: need to re-join with the given member-id: consumer-Consumer-topic-e7c11070_3b07_4691_ba51_8405f5896c11-14-30cfc538-a676-41ea-a26d-9004c07622ec
2025-08-13 16:44:11,189 INFO  [org.apa.kaf.cli.con.int.ConsumerCoordinator] (Thread-716) [Consumer clientId=consumer-Consumer-topic-e7c11070_3b07_4691_ba51_8405f5896c11-14, groupId=Consumer-topic-e7c11070_3b07_4691_ba51_8405f5896c11] (Re-)joining group
2025-08-13 16:44:12,175 INFO  [io.api.tes.ser.api.KafkaSerdesTester] (Thread-716) None found
2025-08-13 16:44:13,176 INFO  [io.api.tes.ser.api.KafkaSerdesTester] (Thread-716) None found
2025-08-13 16:44:14,177 INFO  [io.api.tes.ser.api.KafkaSerdesTester] (Thread-716) None found
2025-08-13 16:44:14,192 INFO  [org.apa.kaf.cli.con.int.ConsumerCoordinator] (Thread-716) [Consumer clientId=consumer-Consumer-topic-e7c11070_3b07_4691_ba51_8405f5896c11-14, groupId=Consumer-topic-e7c11070_3b07_4691_ba51_8405f5896c11] Successfully joined group with generation Generation{generationId=1, memberId='consumer-Consumer-topic-e7c11070_3b07_4691_ba51_8405f5896c11-14-30cfc538-a676-41ea-a26d-9004c07622ec', protocol='range'}
2025-08-13 16:44:14,192 INFO  [org.apa.kaf.cli.con.int.ConsumerCoordinator] (Thread-716) [Consumer clientId=consumer-Consumer-topic-e7c11070_3b07_4691_ba51_8405f5896c11-14, groupId=Consumer-topic-e7c11070_3b07_4691_ba51_8405f5896c11] Finished assignment for group at generation 1: {consumer-Consumer-topic-e7c11070_3b07_4691_ba51_8405f5896c11-14-30cfc538-a676-41ea-a26d-9004c07622ec=Assignment(partitions=[topic-e7c11070_3b07_4691_ba51_8405f5896c11-0])}
2025-08-13 16:44:14,199 INFO  [org.apa.kaf.cli.con.int.ConsumerCoordinator] (Thread-716) [Consumer clientId=consumer-Consumer-topic-e7c11070_3b07_4691_ba51_8405f5896c11-14, groupId=Consumer-topic-e7c11070_3b07_4691_ba51_8405f5896c11] Successfully synced group in generation Generation{generationId=1, memberId='consumer-Consumer-topic-e7c11070_3b07_4691_ba51_8405f5896c11-14-30cfc538-a676-41ea-a26d-9004c07622ec', protocol='range'}
2025-08-13 16:44:14,199 INFO  [org.apa.kaf.cli.con.int.ConsumerCoordinator] (Thread-716) [Consumer clientId=consumer-Consumer-topic-e7c11070_3b07_4691_ba51_8405f5896c11-14, groupId=Consumer-topic-e7c11070_3b07_4691_ba51_8405f5896c11] Notifying assignor about the new Assignment(partitions=[topic-e7c11070_3b07_4691_ba51_8405f5896c11-0])
2025-08-13 16:44:14,199 INFO  [org.apa.kaf.cli.con.int.ConsumerRebalanceListenerInvoker] (Thread-716) [Consumer clientId=consumer-Consumer-topic-e7c11070_3b07_4691_ba51_8405f5896c11-14, groupId=Consumer-topic-e7c11070_3b07_4691_ba51_8405f5896c11] Adding newly assigned partitions: topic-e7c11070_3b07_4691_ba51_8405f5896c11-0
2025-08-13 16:44:14,200 INFO  [org.apa.kaf.cli.con.int.ConsumerCoordinator] (Thread-716) [Consumer clientId=consumer-Consumer-topic-e7c11070_3b07_4691_ba51_8405f5896c11-14, groupId=Consumer-topic-e7c11070_3b07_4691_ba51_8405f5896c11] Found no committed offset for partition topic-e7c11070_3b07_4691_ba51_8405f5896c11-0
2025-08-13 16:44:14,204 INFO  [org.apa.kaf.cli.con.int.SubscriptionState] (Thread-716) [Consumer clientId=consumer-Consumer-topic-e7c11070_3b07_4691_ba51_8405f5896c11-14, groupId=Consumer-topic-e7c11070_3b07_4691_ba51_8405f5896c11] Resetting offset for partition topic-e7c11070_3b07_4691_ba51_8405f5896c11-0 to position FetchPosition{offset=0, offsetEpoch=Optional.empty, currentLeader=LeaderAndEpoch{leader=Optional[localhost:32769 (id: 0 rack: null)], epoch=0}}.
2025-08-13 16:44:14,229 INFO  [io.api.tes.ser.api.KafkaSerdesTester] (Thread-716) topic-e7c11070_3b07_4691_ba51_8405f5896c11 0 0 {"key11755103449922": "value-0"}
2025-08-13 16:44:14,229 INFO  [io.api.tes.ser.api.KafkaSerdesTester] (Thread-716) topic-e7c11070_3b07_4691_ba51_8405f5896c11 0 1 {"key11755103449922": "value-1"}
2025-08-13 16:44:14,229 INFO  [io.api.tes.ser.api.KafkaSerdesTester] (Thread-716) topic-e7c11070_3b07_4691_ba51_8405f5896c11 0 2 {"key11755103449922": "value-2"}
2025-08-13 16:44:14,229 INFO  [io.api.tes.ser.api.KafkaSerdesTester] (Thread-716) topic-e7c11070_3b07_4691_ba51_8405f5896c11 0 3 {"key11755103449922": "value-3"}
2025-08-13 16:44:14,229 INFO  [io.api.tes.ser.api.KafkaSerdesTester] (Thread-716) topic-e7c11070_3b07_4691_ba51_8405f5896c11 0 4 {"key11755103449922": "value-4"}
2025-08-13 16:44:14,229 INFO  [io.api.tes.ser.api.KafkaSerdesTester] (Thread-716) topic-e7c11070_3b07_4691_ba51_8405f5896c11 0 5 {"key11755103449922": "value-5"}
2025-08-13 16:44:14,229 INFO  [io.api.tes.ser.api.KafkaSerdesTester] (Thread-716) topic-e7c11070_3b07_4691_ba51_8405f5896c11 0 6 {"key11755103449922": "value-6"}
2025-08-13 16:44:14,229 INFO  [io.api.tes.ser.api.KafkaSerdesTester] (Thread-716) topic-e7c11070_3b07_4691_ba51_8405f5896c11 0 7 {"key11755103449922": "value-7"}
2025-08-13 16:44:14,229 INFO  [io.api.tes.ser.api.KafkaSerdesTester] (Thread-716) topic-e7c11070_3b07_4691_ba51_8405f5896c11 0 8 {"key11755103449922": "value-8"}
2025-08-13 16:44:14,229 INFO  [io.api.tes.ser.api.KafkaSerdesTester] (Thread-716) topic-e7c11070_3b07_4691_ba51_8405f5896c11 0 9 {"key11755103449922": "value-9"}
2025-08-13 16:44:14,230 INFO  [io.api.tes.ser.api.KafkaSerdesTester] (Thread-716) Consumed 10 messages
2025-08-13 16:44:14,238 INFO  [org.apa.kaf.cli.con.int.ConsumerRebalanceListenerInvoker] (Thread-716) [Consumer clientId=consumer-Consumer-topic-e7c11070_3b07_4691_ba51_8405f5896c11-14, groupId=Consumer-topic-e7c11070_3b07_4691_ba51_8405f5896c11] Revoke previously assigned partitions topic-e7c11070_3b07_4691_ba51_8405f5896c11-0
2025-08-13 16:44:14,238 INFO  [org.apa.kaf.cli.con.int.ConsumerCoordinator] (Thread-716) [Consumer clientId=consumer-Consumer-topic-e7c11070_3b07_4691_ba51_8405f5896c11-14, groupId=Consumer-topic-e7c11070_3b07_4691_ba51_8405f5896c11] Member consumer-Consumer-topic-e7c11070_3b07_4691_ba51_8405f5896c11-14-30cfc538-a676-41ea-a26d-9004c07622ec sending LeaveGroup request to coordinator localhost:32769 (id: 2147483647 rack: null) due to the consumer is being closed
2025-08-13 16:44:14,238 INFO  [org.apa.kaf.cli.con.int.ConsumerCoordinator] (Thread-716) [Consumer clientId=consumer-Consumer-topic-e7c11070_3b07_4691_ba51_8405f5896c11-14, groupId=Consumer-topic-e7c11070_3b07_4691_ba51_8405f5896c11] Resetting generation and member id due to: consumer pro-actively leaving the group
2025-08-13 16:44:14,238 INFO  [org.apa.kaf.cli.con.int.ConsumerCoordinator] (Thread-716) [Consumer clientId=consumer-Consumer-topic-e7c11070_3b07_4691_ba51_8405f5896c11-14, groupId=Consumer-topic-e7c11070_3b07_4691_ba51_8405f5896c11] Request joining group due to: consumer pro-actively leaving the group
2025-08-13 16:44:14,732 INFO  [org.apa.kaf.com.met.Metrics] (Thread-716) Metrics scheduler closed
2025-08-13 16:44:14,732 INFO  [org.apa.kaf.com.met.Metrics] (Thread-716) Closing reporter org.apache.kafka.common.metrics.JmxReporter
2025-08-13 16:44:14,732 INFO  [org.apa.kaf.com.met.Metrics] (Thread-716) Closing reporter org.apache.kafka.common.telemetry.internals.ClientTelemetryReporter
2025-08-13 16:44:14,732 INFO  [org.apa.kaf.com.met.Metrics] (Thread-716) Metrics reporters closed
2025-08-13 16:44:14,734 INFO  [org.apa.kaf.com.uti.AppInfoParser] (Thread-716) App info kafka.consumer for consumer-Consumer-topic-e7c11070_3b07_4691_ba51_8405f5896c11-14 unregistered
2025-08-13 16:44:14,735 INFO  [org.apa.kaf.cli.con.int.ClassicKafkaConsumer] (Thread-717) [Consumer clientId=consumer-Consumer-topic-7dfc8446_497f_42f2_97b0_2c0dec9cd3ac-15, groupId=Consumer-topic-7dfc8446_497f_42f2_97b0_2c0dec9cd3ac] Subscribed to topic(s): topic-7dfc8446_497f_42f2_97b0_2c0dec9cd3ac
2025-08-13 16:44:14,741 INFO  [org.apa.kaf.cli.Metadata] (Thread-717) [Consumer clientId=consumer-Consumer-topic-7dfc8446_497f_42f2_97b0_2c0dec9cd3ac-15, groupId=Consumer-topic-7dfc8446_497f_42f2_97b0_2c0dec9cd3ac] Cluster ID: gmKMEoHzQ-qMHyrxO3JTXw
2025-08-13 16:44:14,742 INFO  [org.apa.kaf.cli.con.int.ConsumerCoordinator] (Thread-717) [Consumer clientId=consumer-Consumer-topic-7dfc8446_497f_42f2_97b0_2c0dec9cd3ac-15, groupId=Consumer-topic-7dfc8446_497f_42f2_97b0_2c0dec9cd3ac] Discovered group coordinator localhost:32769 (id: 2147483647 rack: null)
2025-08-13 16:44:14,743 INFO  [org.apa.kaf.cli.con.int.ConsumerCoordinator] (Thread-717) [Consumer clientId=consumer-Consumer-topic-7dfc8446_497f_42f2_97b0_2c0dec9cd3ac-15, groupId=Consumer-topic-7dfc8446_497f_42f2_97b0_2c0dec9cd3ac] (Re-)joining group
2025-08-13 16:44:14,746 INFO  [org.apa.kaf.cli.con.int.ConsumerCoordinator] (Thread-717) [Consumer clientId=consumer-Consumer-topic-7dfc8446_497f_42f2_97b0_2c0dec9cd3ac-15, groupId=Consumer-topic-7dfc8446_497f_42f2_97b0_2c0dec9cd3ac] Request joining group due to: need to re-join with the given member-id: consumer-Consumer-topic-7dfc8446_497f_42f2_97b0_2c0dec9cd3ac-15-20a4ba04-c168-4307-a9ac-428a77dfb801
2025-08-13 16:44:14,746 INFO  [org.apa.kaf.cli.con.int.ConsumerCoordinator] (Thread-717) [Consumer clientId=consumer-Consumer-topic-7dfc8446_497f_42f2_97b0_2c0dec9cd3ac-15, groupId=Consumer-topic-7dfc8446_497f_42f2_97b0_2c0dec9cd3ac] (Re-)joining group
2025-08-13 16:44:15,736 INFO  [io.api.tes.ser.api.KafkaSerdesTester] (Thread-717) None found
2025-08-13 16:44:16,736 INFO  [io.api.tes.ser.api.KafkaSerdesTester] (Thread-717) None found
2025-08-13 16:44:17,736 INFO  [io.api.tes.ser.api.KafkaSerdesTester] (Thread-717) None found
2025-08-13 16:44:17,748 INFO  [org.apa.kaf.cli.con.int.ConsumerCoordinator] (Thread-717) [Consumer clientId=consumer-Consumer-topic-7dfc8446_497f_42f2_97b0_2c0dec9cd3ac-15, groupId=Consumer-topic-7dfc8446_497f_42f2_97b0_2c0dec9cd3ac] Successfully joined group with generation Generation{generationId=1, memberId='consumer-Consumer-topic-7dfc8446_497f_42f2_97b0_2c0dec9cd3ac-15-20a4ba04-c168-4307-a9ac-428a77dfb801', protocol='range'}
2025-08-13 16:44:17,748 INFO  [org.apa.kaf.cli.con.int.ConsumerCoordinator] (Thread-717) [Consumer clientId=consumer-Consumer-topic-7dfc8446_497f_42f2_97b0_2c0dec9cd3ac-15, groupId=Consumer-topic-7dfc8446_497f_42f2_97b0_2c0dec9cd3ac] Finished assignment for group at generation 1: {consumer-Consumer-topic-7dfc8446_497f_42f2_97b0_2c0dec9cd3ac-15-20a4ba04-c168-4307-a9ac-428a77dfb801=Assignment(partitions=[topic-7dfc8446_497f_42f2_97b0_2c0dec9cd3ac-0])}
2025-08-13 16:44:17,755 INFO  [org.apa.kaf.cli.con.int.ConsumerCoordinator] (Thread-717) [Consumer clientId=consumer-Consumer-topic-7dfc8446_497f_42f2_97b0_2c0dec9cd3ac-15, groupId=Consumer-topic-7dfc8446_497f_42f2_97b0_2c0dec9cd3ac] Successfully synced group in generation Generation{generationId=1, memberId='consumer-Consumer-topic-7dfc8446_497f_42f2_97b0_2c0dec9cd3ac-15-20a4ba04-c168-4307-a9ac-428a77dfb801', protocol='range'}
2025-08-13 16:44:17,756 INFO  [org.apa.kaf.cli.con.int.ConsumerCoordinator] (Thread-717) [Consumer clientId=consumer-Consumer-topic-7dfc8446_497f_42f2_97b0_2c0dec9cd3ac-15, groupId=Consumer-topic-7dfc8446_497f_42f2_97b0_2c0dec9cd3ac] Notifying assignor about the new Assignment(partitions=[topic-7dfc8446_497f_42f2_97b0_2c0dec9cd3ac-0])
2025-08-13 16:44:17,756 INFO  [org.apa.kaf.cli.con.int.ConsumerRebalanceListenerInvoker] (Thread-717) [Consumer clientId=consumer-Consumer-topic-7dfc8446_497f_42f2_97b0_2c0dec9cd3ac-15, groupId=Consumer-topic-7dfc8446_497f_42f2_97b0_2c0dec9cd3ac] Adding newly assigned partitions: topic-7dfc8446_497f_42f2_97b0_2c0dec9cd3ac-0
2025-08-13 16:44:17,757 INFO  [org.apa.kaf.cli.con.int.ConsumerCoordinator] (Thread-717) [Consumer clientId=consumer-Consumer-topic-7dfc8446_497f_42f2_97b0_2c0dec9cd3ac-15, groupId=Consumer-topic-7dfc8446_497f_42f2_97b0_2c0dec9cd3ac] Found no committed offset for partition topic-7dfc8446_497f_42f2_97b0_2c0dec9cd3ac-0
2025-08-13 16:44:17,758 INFO  [org.apa.kaf.cli.con.int.SubscriptionState] (Thread-717) [Consumer clientId=consumer-Consumer-topic-7dfc8446_497f_42f2_97b0_2c0dec9cd3ac-15, groupId=Consumer-topic-7dfc8446_497f_42f2_97b0_2c0dec9cd3ac] Resetting offset for partition topic-7dfc8446_497f_42f2_97b0_2c0dec9cd3ac-0 to position FetchPosition{offset=0, offsetEpoch=Optional.empty, currentLeader=LeaderAndEpoch{leader=Optional[localhost:32769 (id: 0 rack: null)], epoch=0}}.
2025-08-13 16:44:17,784 INFO  [io.api.tes.ser.api.KafkaSerdesTester] (Thread-717) topic-7dfc8446_497f_42f2_97b0_2c0dec9cd3ac 0 0 {"key11755103449922": "value-0"}
2025-08-13 16:44:17,784 INFO  [io.api.tes.ser.api.KafkaSerdesTester] (Thread-717) topic-7dfc8446_497f_42f2_97b0_2c0dec9cd3ac 0 1 {"key11755103449922": "value-1"}
2025-08-13 16:44:17,784 INFO  [io.api.tes.ser.api.KafkaSerdesTester] (Thread-717) topic-7dfc8446_497f_42f2_97b0_2c0dec9cd3ac 0 2 {"key11755103449922": "value-2"}
2025-08-13 16:44:17,784 INFO  [io.api.tes.ser.api.KafkaSerdesTester] (Thread-717) topic-7dfc8446_497f_42f2_97b0_2c0dec9cd3ac 0 3 {"key11755103449922": "value-3"}
2025-08-13 16:44:17,784 INFO  [io.api.tes.ser.api.KafkaSerdesTester] (Thread-717) topic-7dfc8446_497f_42f2_97b0_2c0dec9cd3ac 0 4 {"key11755103449922": "value-4"}
2025-08-13 16:44:17,784 INFO  [io.api.tes.ser.api.KafkaSerdesTester] (Thread-717) topic-7dfc8446_497f_42f2_97b0_2c0dec9cd3ac 0 5 {"key11755103449922": "value-5"}
2025-08-13 16:44:17,784 INFO  [io.api.tes.ser.api.KafkaSerdesTester] (Thread-717) topic-7dfc8446_497f_42f2_97b0_2c0dec9cd3ac 0 6 {"key11755103449922": "value-6"}
2025-08-13 16:44:17,784 INFO  [io.api.tes.ser.api.KafkaSerdesTester] (Thread-717) topic-7dfc8446_497f_42f2_97b0_2c0dec9cd3ac 0 7 {"key11755103449922": "value-7"}
2025-08-13 16:44:17,784 INFO  [io.api.tes.ser.api.KafkaSerdesTester] (Thread-717) topic-7dfc8446_497f_42f2_97b0_2c0dec9cd3ac 0 8 {"key11755103449922": "value-8"}
2025-08-13 16:44:17,784 INFO  [io.api.tes.ser.api.KafkaSerdesTester] (Thread-717) topic-7dfc8446_497f_42f2_97b0_2c0dec9cd3ac 0 9 {"key11755103449922": "value-9"}
2025-08-13 16:44:17,785 INFO  [io.api.tes.ser.api.KafkaSerdesTester] (Thread-717) Consumed 10 messages
2025-08-13 16:44:17,792 INFO  [org.apa.kaf.cli.con.int.ConsumerRebalanceListenerInvoker] (Thread-717) [Consumer clientId=consumer-Consumer-topic-7dfc8446_497f_42f2_97b0_2c0dec9cd3ac-15, groupId=Consumer-topic-7dfc8446_497f_42f2_97b0_2c0dec9cd3ac] Revoke previously assigned partitions topic-7dfc8446_497f_42f2_97b0_2c0dec9cd3ac-0
2025-08-13 16:44:17,792 INFO  [org.apa.kaf.cli.con.int.ConsumerCoordinator] (Thread-717) [Consumer clientId=consumer-Consumer-topic-7dfc8446_497f_42f2_97b0_2c0dec9cd3ac-15, groupId=Consumer-topic-7dfc8446_497f_42f2_97b0_2c0dec9cd3ac] Member consumer-Consumer-topic-7dfc8446_497f_42f2_97b0_2c0dec9cd3ac-15-20a4ba04-c168-4307-a9ac-428a77dfb801 sending LeaveGroup request to coordinator localhost:32769 (id: 2147483647 rack: null) due to the consumer is being closed
2025-08-13 16:44:17,792 INFO  [org.apa.kaf.cli.con.int.ConsumerCoordinator] (Thread-717) [Consumer clientId=consumer-Consumer-topic-7dfc8446_497f_42f2_97b0_2c0dec9cd3ac-15, groupId=Consumer-topic-7dfc8446_497f_42f2_97b0_2c0dec9cd3ac] Resetting generation and member id due to: consumer pro-actively leaving the group
2025-08-13 16:44:17,792 INFO  [org.apa.kaf.cli.con.int.ConsumerCoordinator] (Thread-717) [Consumer clientId=consumer-Consumer-topic-7dfc8446_497f_42f2_97b0_2c0dec9cd3ac-15, groupId=Consumer-topic-7dfc8446_497f_42f2_97b0_2c0dec9cd3ac] Request joining group due to: consumer pro-actively leaving the group
2025-08-13 16:44:18,286 INFO  [org.apa.kaf.com.met.Metrics] (Thread-717) Metrics scheduler closed
2025-08-13 16:44:18,286 INFO  [org.apa.kaf.com.met.Metrics] (Thread-717) Closing reporter org.apache.kafka.common.metrics.JmxReporter
2025-08-13 16:44:18,287 INFO  [org.apa.kaf.com.met.Metrics] (Thread-717) Closing reporter org.apache.kafka.common.telemetry.internals.ClientTelemetryReporter
2025-08-13 16:44:18,287 INFO  [org.apa.kaf.com.met.Metrics] (Thread-717) Metrics reporters closed
2025-08-13 16:44:18,289 INFO  [org.apa.kaf.com.uti.AppInfoParser] (Thread-717) App info kafka.consumer for consumer-Consumer-topic-7dfc8446_497f_42f2_97b0_2c0dec9cd3ac-15 unregistered
2025-08-13 16:44:18,291 INFO  [org.apa.kaf.cli.con.int.ClassicKafkaConsumer] (Thread-718) [Consumer clientId=consumer-Consumer-topic-067b42be_f16c_425a_a7e7_f023739b4d6e-16, groupId=Consumer-topic-067b42be_f16c_425a_a7e7_f023739b4d6e] Subscribed to topic(s): topic-067b42be_f16c_425a_a7e7_f023739b4d6e
2025-08-13 16:44:18,295 INFO  [org.apa.kaf.cli.Metadata] (Thread-718) [Consumer clientId=consumer-Consumer-topic-067b42be_f16c_425a_a7e7_f023739b4d6e-16, groupId=Consumer-topic-067b42be_f16c_425a_a7e7_f023739b4d6e] Cluster ID: gmKMEoHzQ-qMHyrxO3JTXw
2025-08-13 16:44:18,296 INFO  [org.apa.kaf.cli.con.int.ConsumerCoordinator] (Thread-718) [Consumer clientId=consumer-Consumer-topic-067b42be_f16c_425a_a7e7_f023739b4d6e-16, groupId=Consumer-topic-067b42be_f16c_425a_a7e7_f023739b4d6e] Discovered group coordinator localhost:32769 (id: 2147483647 rack: null)
2025-08-13 16:44:18,297 INFO  [org.apa.kaf.cli.con.int.ConsumerCoordinator] (Thread-718) [Consumer clientId=consumer-Consumer-topic-067b42be_f16c_425a_a7e7_f023739b4d6e-16, groupId=Consumer-topic-067b42be_f16c_425a_a7e7_f023739b4d6e] (Re-)joining group
2025-08-13 16:44:18,299 INFO  [org.apa.kaf.cli.con.int.ConsumerCoordinator] (Thread-718) [Consumer clientId=consumer-Consumer-topic-067b42be_f16c_425a_a7e7_f023739b4d6e-16, groupId=Consumer-topic-067b42be_f16c_425a_a7e7_f023739b4d6e] Request joining group due to: need to re-join with the given member-id: consumer-Consumer-topic-067b42be_f16c_425a_a7e7_f023739b4d6e-16-936c8826-9151-4387-a776-3f5147afbb03
2025-08-13 16:44:18,299 INFO  [org.apa.kaf.cli.con.int.ConsumerCoordinator] (Thread-718) [Consumer clientId=consumer-Consumer-topic-067b42be_f16c_425a_a7e7_f023739b4d6e-16, groupId=Consumer-topic-067b42be_f16c_425a_a7e7_f023739b4d6e] (Re-)joining group
2025-08-13 16:44:19,291 INFO  [io.api.tes.ser.api.KafkaSerdesTester] (Thread-718) None found
2025-08-13 16:44:20,291 INFO  [io.api.tes.ser.api.KafkaSerdesTester] (Thread-718) None found
2025-08-13 16:44:21,291 INFO  [io.api.tes.ser.api.KafkaSerdesTester] (Thread-718) None found
2025-08-13 16:44:21,302 INFO  [org.apa.kaf.cli.con.int.ConsumerCoordinator] (Thread-718) [Consumer clientId=consumer-Consumer-topic-067b42be_f16c_425a_a7e7_f023739b4d6e-16, groupId=Consumer-topic-067b42be_f16c_425a_a7e7_f023739b4d6e] Successfully joined group with generation Generation{generationId=1, memberId='consumer-Consumer-topic-067b42be_f16c_425a_a7e7_f023739b4d6e-16-936c8826-9151-4387-a776-3f5147afbb03', protocol='range'}
2025-08-13 16:44:21,302 INFO  [org.apa.kaf.cli.con.int.ConsumerCoordinator] (Thread-718) [Consumer clientId=consumer-Consumer-topic-067b42be_f16c_425a_a7e7_f023739b4d6e-16, groupId=Consumer-topic-067b42be_f16c_425a_a7e7_f023739b4d6e] Finished assignment for group at generation 1: {consumer-Consumer-topic-067b42be_f16c_425a_a7e7_f023739b4d6e-16-936c8826-9151-4387-a776-3f5147afbb03=Assignment(partitions=[topic-067b42be_f16c_425a_a7e7_f023739b4d6e-0])}
2025-08-13 16:44:21,309 INFO  [org.apa.kaf.cli.con.int.ConsumerCoordinator] (Thread-718) [Consumer clientId=consumer-Consumer-topic-067b42be_f16c_425a_a7e7_f023739b4d6e-16, groupId=Consumer-topic-067b42be_f16c_425a_a7e7_f023739b4d6e] Successfully synced group in generation Generation{generationId=1, memberId='consumer-Consumer-topic-067b42be_f16c_425a_a7e7_f023739b4d6e-16-936c8826-9151-4387-a776-3f5147afbb03', protocol='range'}
2025-08-13 16:44:21,309 INFO  [org.apa.kaf.cli.con.int.ConsumerCoordinator] (Thread-718) [Consumer clientId=consumer-Consumer-topic-067b42be_f16c_425a_a7e7_f023739b4d6e-16, groupId=Consumer-topic-067b42be_f16c_425a_a7e7_f023739b4d6e] Notifying assignor about the new Assignment(partitions=[topic-067b42be_f16c_425a_a7e7_f023739b4d6e-0])
2025-08-13 16:44:21,309 INFO  [org.apa.kaf.cli.con.int.ConsumerRebalanceListenerInvoker] (Thread-718) [Consumer clientId=consumer-Consumer-topic-067b42be_f16c_425a_a7e7_f023739b4d6e-16, groupId=Consumer-topic-067b42be_f16c_425a_a7e7_f023739b4d6e] Adding newly assigned partitions: topic-067b42be_f16c_425a_a7e7_f023739b4d6e-0
2025-08-13 16:44:21,310 INFO  [org.apa.kaf.cli.con.int.ConsumerCoordinator] (Thread-718) [Consumer clientId=consumer-Consumer-topic-067b42be_f16c_425a_a7e7_f023739b4d6e-16, groupId=Consumer-topic-067b42be_f16c_425a_a7e7_f023739b4d6e] Found no committed offset for partition topic-067b42be_f16c_425a_a7e7_f023739b4d6e-0
2025-08-13 16:44:21,313 INFO  [org.apa.kaf.cli.con.int.SubscriptionState] (Thread-718) [Consumer clientId=consumer-Consumer-topic-067b42be_f16c_425a_a7e7_f023739b4d6e-16, groupId=Consumer-topic-067b42be_f16c_425a_a7e7_f023739b4d6e] Resetting offset for partition topic-067b42be_f16c_425a_a7e7_f023739b4d6e-0 to position FetchPosition{offset=0, offsetEpoch=Optional.empty, currentLeader=LeaderAndEpoch{leader=Optional[localhost:32769 (id: 0 rack: null)], epoch=0}}.
2025-08-13 16:44:21,338 INFO  [io.api.tes.ser.api.KafkaSerdesTester] (Thread-718) topic-067b42be_f16c_425a_a7e7_f023739b4d6e 0 0 {"key11755103449922": "value-0"}
2025-08-13 16:44:21,338 INFO  [io.api.tes.ser.api.KafkaSerdesTester] (Thread-718) topic-067b42be_f16c_425a_a7e7_f023739b4d6e 0 1 {"key11755103449922": "value-1"}
2025-08-13 16:44:21,338 INFO  [io.api.tes.ser.api.KafkaSerdesTester] (Thread-718) topic-067b42be_f16c_425a_a7e7_f023739b4d6e 0 2 {"key11755103449922": "value-2"}
2025-08-13 16:44:21,338 INFO  [io.api.tes.ser.api.KafkaSerdesTester] (Thread-718) topic-067b42be_f16c_425a_a7e7_f023739b4d6e 0 3 {"key11755103449922": "value-3"}
2025-08-13 16:44:21,338 INFO  [io.api.tes.ser.api.KafkaSerdesTester] (Thread-718) topic-067b42be_f16c_425a_a7e7_f023739b4d6e 0 4 {"key11755103449922": "value-4"}
2025-08-13 16:44:21,338 INFO  [io.api.tes.ser.api.KafkaSerdesTester] (Thread-718) topic-067b42be_f16c_425a_a7e7_f023739b4d6e 0 5 {"key11755103449922": "value-5"}
2025-08-13 16:44:21,338 INFO  [io.api.tes.ser.api.KafkaSerdesTester] (Thread-718) topic-067b42be_f16c_425a_a7e7_f023739b4d6e 0 6 {"key11755103449922": "value-6"}
2025-08-13 16:44:21,338 INFO  [io.api.tes.ser.api.KafkaSerdesTester] (Thread-718) topic-067b42be_f16c_425a_a7e7_f023739b4d6e 0 7 {"key11755103449922": "value-7"}
2025-08-13 16:44:21,338 INFO  [io.api.tes.ser.api.KafkaSerdesTester] (Thread-718) topic-067b42be_f16c_425a_a7e7_f023739b4d6e 0 8 {"key11755103449922": "value-8"}
2025-08-13 16:44:21,338 INFO  [io.api.tes.ser.api.KafkaSerdesTester] (Thread-718) topic-067b42be_f16c_425a_a7e7_f023739b4d6e 0 9 {"key11755103449922": "value-9"}
2025-08-13 16:44:21,338 INFO  [io.api.tes.ser.api.KafkaSerdesTester] (Thread-718) Consumed 10 messages
2025-08-13 16:44:21,348 INFO  [org.apa.kaf.cli.con.int.ConsumerRebalanceListenerInvoker] (Thread-718) [Consumer clientId=consumer-Consumer-topic-067b42be_f16c_425a_a7e7_f023739b4d6e-16, groupId=Consumer-topic-067b42be_f16c_425a_a7e7_f023739b4d6e] Revoke previously assigned partitions topic-067b42be_f16c_425a_a7e7_f023739b4d6e-0
2025-08-13 16:44:21,348 INFO  [org.apa.kaf.cli.con.int.ConsumerCoordinator] (Thread-718) [Consumer clientId=consumer-Consumer-topic-067b42be_f16c_425a_a7e7_f023739b4d6e-16, groupId=Consumer-topic-067b42be_f16c_425a_a7e7_f023739b4d6e] Member consumer-Consumer-topic-067b42be_f16c_425a_a7e7_f023739b4d6e-16-936c8826-9151-4387-a776-3f5147afbb03 sending LeaveGroup request to coordinator localhost:32769 (id: 2147483647 rack: null) due to the consumer is being closed
2025-08-13 16:44:21,349 INFO  [org.apa.kaf.cli.con.int.ConsumerCoordinator] (Thread-718) [Consumer clientId=consumer-Consumer-topic-067b42be_f16c_425a_a7e7_f023739b4d6e-16, groupId=Consumer-topic-067b42be_f16c_425a_a7e7_f023739b4d6e] Resetting generation and member id due to: consumer pro-actively leaving the group
2025-08-13 16:44:21,349 INFO  [org.apa.kaf.cli.con.int.ConsumerCoordinator] (Thread-718) [Consumer clientId=consumer-Consumer-topic-067b42be_f16c_425a_a7e7_f023739b4d6e-16, groupId=Consumer-topic-067b42be_f16c_425a_a7e7_f023739b4d6e] Request joining group due to: consumer pro-actively leaving the group
2025-08-13 16:44:21,842 INFO  [org.apa.kaf.com.met.Metrics] (Thread-718) Metrics scheduler closed
2025-08-13 16:44:21,842 INFO  [org.apa.kaf.com.met.Metrics] (Thread-718) Closing reporter org.apache.kafka.common.metrics.JmxReporter
2025-08-13 16:44:21,842 INFO  [org.apa.kaf.com.met.Metrics] (Thread-718) Closing reporter org.apache.kafka.common.telemetry.internals.ClientTelemetryReporter
2025-08-13 16:44:21,842 INFO  [org.apa.kaf.com.met.Metrics] (Thread-718) Metrics reporters closed
2025-08-13 16:44:21,845 INFO  [org.apa.kaf.com.uti.AppInfoParser] (Thread-718) App info kafka.consumer for consumer-Consumer-topic-067b42be_f16c_425a_a7e7_f023739b4d6e-16 unregistered
2025-08-13 16:44:21,845 INFO  [io.api.tes.uti.TestSeparator] (main) io.apicurio.tests.serdes.apicurio.AvroSerdeIT.testAvroConfluentForMultipleTopics-FINISHED
2025-08-13 16:44:21,845 INFO  [io.api.tes.uti.TestSeparator] (main) ############################################################################
Test passed: testAvroConfluentForMultipleTopics
]]></system-out>
  </testcase>
  <testcase name="testFirstRequestFailsRateLimited" classname="io.apicurio.tests.serdes.apicurio.AvroSerdeIT" time="0.963">
    <system-out><![CDATA[2025-08-13 16:44:21,846 INFO  [io.api.tes.uti.TestSeparator] (main) ############################################################################
2025-08-13 16:44:21,846 INFO  [io.api.tes.uti.TestSeparator] (main) io.apicurio.tests.serdes.apicurio.AvroSerdeIT.testFirstRequestFailsRateLimited-STARTED
2025-08-13 16:44:22,293 WARN  [org.ecl.jet.ser.AbstractConnector] (main) Acceptors should be <= availableProcessors: NetworkTrafficServerConnector@50859a18{HTTP/1.1, (http/1.1, h2c)}{0.0.0.0:0} 
2025-08-13 16:44:22,403 INFO  [org.ecl.jet.ser.Server] (main) jetty-11.0.15; built: 2023-04-11T18:37:53.775Z; git: 5bc5e562c8d05c5862505aebe5cf83a61bdbcb96; jvm 17.0.16+8
2025-08-13 16:44:22,434 INFO  [org.ecl.jet.ser.han.ContextHandler] (main) Started o.e.j.s.ServletContextHandler@64f514d2{/__admin,null,AVAILABLE}
2025-08-13 16:44:22,442 INFO  [org.ecl.jet.ser.han.Con.ROOT] (main) RequestHandlerClass from context returned com.github.tomakehurst.wiremock.http.StubRequestHandler. Normalized mapped under returned 'null'
2025-08-13 16:44:22,443 INFO  [org.ecl.jet.ser.han.ContextHandler] (main) Started o.e.j.s.ServletContextHandler@2de1a93d{/,null,AVAILABLE}
2025-08-13 16:44:22,451 INFO  [org.ecl.jet.ser.AbstractConnector] (main) Started NetworkTrafficServerConnector@50859a18{HTTP/1.1, (http/1.1, h2c)}{0.0.0.0:45635}
2025-08-13 16:44:22,453 INFO  [org.ecl.jet.ser.Server] (main) Started Server@71ca6a60{STARTING}[11.0.15,sto=1000] @105984ms
**** Registry Base URL: http://registry-app-pg17.apps.ci419.apicurio-testing.org:80
2025-08-13 16:44:22,462 INFO  [org.apa.kaf.cli.pro.ProducerConfig] (main) ProducerConfig values: 
	acks = -1
	auto.include.jmx.reporter = true
	batch.size = 16384
	bootstrap.servers = [PLAINTEXT://localhost:32769]
	buffer.memory = 33554432
	client.dns.lookup = use_all_dns_ips
	client.id = Producer-topic-35445ce7_2bd9_41fb_80d4_06b89e74a5c3
	compression.gzip.level = -1
	compression.lz4.level = 9
	compression.type = none
	compression.zstd.level = 3
	connections.max.idle.ms = 10000
	delivery.timeout.ms = 120000
	enable.idempotence = true
	enable.metrics.push = true
	interceptor.classes = []
	key.serializer = class org.apache.kafka.common.serialization.StringSerializer
	linger.ms = 0
	max.block.ms = 60000
	max.in.flight.requests.per.connection = 5
	max.request.size = 1048576
	metadata.max.age.ms = 300000
	metadata.max.idle.ms = 300000
	metadata.recovery.strategy = none
	metric.reporters = []
	metrics.num.samples = 2
	metrics.recording.level = INFO
	metrics.sample.window.ms = 30000
	partitioner.adaptive.partitioning.enable = true
	partitioner.availability.timeout.ms = 0
	partitioner.class = null
	partitioner.ignore.keys = false
	receive.buffer.bytes = 32768
	reconnect.backoff.max.ms = 1000
	reconnect.backoff.ms = 50
	request.timeout.ms = 5000
	retries = 2147483647
	retry.backoff.max.ms = 1000
	retry.backoff.ms = 100
	sasl.client.callback.handler.class = null
	sasl.jaas.config = null
	sasl.kerberos.kinit.cmd = /usr/bin/kinit
	sasl.kerberos.min.time.before.relogin = 60000
	sasl.kerberos.service.name = null
	sasl.kerberos.ticket.renew.jitter = 0.05
	sasl.kerberos.ticket.renew.window.factor = 0.8
	sasl.login.callback.handler.class = null
	sasl.login.class = null
	sasl.login.connect.timeout.ms = null
	sasl.login.read.timeout.ms = null
	sasl.login.refresh.buffer.seconds = 300
	sasl.login.refresh.min.period.seconds = 60
	sasl.login.refresh.window.factor = 0.8
	sasl.login.refresh.window.jitter = 0.05
	sasl.login.retry.backoff.max.ms = 10000
	sasl.login.retry.backoff.ms = 100
	sasl.mechanism = GSSAPI
	sasl.oauthbearer.clock.skew.seconds = 30
	sasl.oauthbearer.expected.audience = null
	sasl.oauthbearer.expected.issuer = null
	sasl.oauthbearer.header.urlencode = false
	sasl.oauthbearer.jwks.endpoint.refresh.ms = 3600000
	sasl.oauthbearer.jwks.endpoint.retry.backoff.max.ms = 10000
	sasl.oauthbearer.jwks.endpoint.retry.backoff.ms = 100
	sasl.oauthbearer.jwks.endpoint.url = null
	sasl.oauthbearer.scope.claim.name = scope
	sasl.oauthbearer.sub.claim.name = sub
	sasl.oauthbearer.token.endpoint.url = null
	security.protocol = PLAINTEXT
	security.providers = null
	send.buffer.bytes = 131072
	socket.connection.setup.timeout.max.ms = 30000
	socket.connection.setup.timeout.ms = 10000
	ssl.cipher.suites = null
	ssl.enabled.protocols = [TLSv1.2, TLSv1.3]
	ssl.endpoint.identification.algorithm = https
	ssl.engine.factory.class = null
	ssl.key.password = null
	ssl.keymanager.algorithm = SunX509
	ssl.keystore.certificate.chain = null
	ssl.keystore.key = null
	ssl.keystore.location = null
	ssl.keystore.password = null
	ssl.keystore.type = JKS
	ssl.protocol = TLSv1.3
	ssl.provider = null
	ssl.secure.random.implementation = null
	ssl.trustmanager.algorithm = PKIX
	ssl.truststore.certificates = null
	ssl.truststore.location = null
	ssl.truststore.password = null
	ssl.truststore.type = JKS
	transaction.timeout.ms = 60000
	transactional.id = null
	value.serializer = class io.apicurio.registry.serde.avro.AvroKafkaSerializer

2025-08-13 16:44:22,463 INFO  [org.apa.kaf.com.tel.int.KafkaMetricsCollector] (main) initializing Kafka metrics collector
2025-08-13 16:44:22,475 INFO  [org.apa.kaf.cli.pro.KafkaProducer] (main) [Producer clientId=Producer-topic-35445ce7_2bd9_41fb_80d4_06b89e74a5c3] Instantiated an idempotent producer.
2025-08-13 16:44:22,479 INFO  [org.apa.kaf.cli.pro.ProducerConfig] (main) These configurations '[apicurio.registry.url, apicurio.registry.artifact-resolver-strategy]' were supplied but are not used yet.
2025-08-13 16:44:22,479 INFO  [org.apa.kaf.com.uti.AppInfoParser] (main) Kafka version: 3.9.1
2025-08-13 16:44:22,479 INFO  [org.apa.kaf.com.uti.AppInfoParser] (main) Kafka commitId: f745dfdcee2b9851
2025-08-13 16:44:22,479 INFO  [org.apa.kaf.com.uti.AppInfoParser] (main) Kafka startTimeMs: 1755103462479
2025-08-13 16:44:22,482 INFO  [io.api.tes.ser.api.KafkaSerdesTester] (Thread-729) Sending message {"keyB": "value-0"} to topic topic-35445ce7_2bd9_41fb_80d4_06b89e74a5c3
2025-08-13 16:44:22,487 WARN  [org.apa.kaf.cli.NetworkClient] (kafka-producer-network-thread | Producer-topic-35445ce7_2bd9_41fb_80d4_06b89e74a5c3) [Producer clientId=Producer-topic-35445ce7_2bd9_41fb_80d4_06b89e74a5c3] The metadata response from the cluster reported a recoverable issue with correlation id 1 : {topic-35445ce7_2bd9_41fb_80d4_06b89e74a5c3=UNKNOWN_TOPIC_OR_PARTITION}
2025-08-13 16:44:22,488 INFO  [org.apa.kaf.cli.Metadata] (kafka-producer-network-thread | Producer-topic-35445ce7_2bd9_41fb_80d4_06b89e74a5c3) [Producer clientId=Producer-topic-35445ce7_2bd9_41fb_80d4_06b89e74a5c3] Cluster ID: gmKMEoHzQ-qMHyrxO3JTXw
2025-08-13 16:44:22,488 INFO  [org.apa.kaf.cli.pro.int.TransactionManager] (kafka-producer-network-thread | Producer-topic-35445ce7_2bd9_41fb_80d4_06b89e74a5c3) [Producer clientId=Producer-topic-35445ce7_2bd9_41fb_80d4_06b89e74a5c3] ProducerId set to 22 with epoch 0
2025-08-13 16:44:22,607 INFO  [DefaultSchemaResolver] (Thread-729) Retrieving schema content using string: {"type":"record","name":"myrecord","namespace":"mygroup","fields":[{"name":"keyB","type":"string"}]}
2025-08-13 16:44:22,780 INFO  [org.apa.kaf.cli.pro.KafkaProducer] (Thread-729) [Producer clientId=Producer-topic-35445ce7_2bd9_41fb_80d4_06b89e74a5c3] Closing the Kafka producer with timeoutMillis = 9223372036854775807 ms.
2025-08-13 16:44:22,785 INFO  [org.apa.kaf.com.met.Metrics] (Thread-729) Metrics scheduler closed
2025-08-13 16:44:22,785 INFO  [org.apa.kaf.com.met.Metrics] (Thread-729) Closing reporter org.apache.kafka.common.metrics.JmxReporter
2025-08-13 16:44:22,785 INFO  [org.apa.kaf.com.met.Metrics] (Thread-729) Closing reporter org.apache.kafka.common.telemetry.internals.ClientTelemetryReporter
2025-08-13 16:44:22,785 INFO  [org.apa.kaf.com.met.Metrics] (Thread-729) Metrics reporters closed
2025-08-13 16:44:22,785 INFO  [org.apa.kaf.com.uti.AppInfoParser] (Thread-729) App info kafka.producer for Producer-topic-35445ce7_2bd9_41fb_80d4_06b89e74a5c3 unregistered
2025-08-13 16:44:22,793 INFO  [org.ecl.jet.ser.Server] (main) Stopped Server@71ca6a60{STOPPING}[11.0.15,sto=1000]
2025-08-13 16:44:22,793 INFO  [org.ecl.jet.ser.Server] (main) Shutdown Server@71ca6a60{STOPPING}[11.0.15,sto=1000]
2025-08-13 16:44:22,801 INFO  [org.ecl.jet.ser.AbstractConnector] (main) Stopped NetworkTrafficServerConnector@50859a18{HTTP/1.1, (http/1.1, h2c)}{0.0.0.0:0}
2025-08-13 16:44:22,804 INFO  [org.ecl.jet.ser.han.ContextHandler] (main) Stopped o.e.j.s.ServletContextHandler@2de1a93d{/,null,STOPPED}
2025-08-13 16:44:22,804 INFO  [org.ecl.jet.ser.han.ContextHandler] (main) Stopped o.e.j.s.ServletContextHandler@64f514d2{/__admin,null,STOPPED}
2025-08-13 16:44:22,809 INFO  [io.api.tes.uti.TestSeparator] (main) io.apicurio.tests.serdes.apicurio.AvroSerdeIT.testFirstRequestFailsRateLimited-FINISHED
2025-08-13 16:44:22,809 INFO  [io.api.tes.uti.TestSeparator] (main) ############################################################################
Test passed: testFirstRequestFailsRateLimited
]]></system-out>
    <system-err><![CDATA[com.microsoft.kiota.ApiException: the server returned an unexpected status code and no error class is registered for this code 429
	at com.microsoft.kiota.ApiExceptionBuilder.withMessage(ApiExceptionBuilder.java:45)
	at io.kiota.http.vertx.VertXRequestAdapter.throwIfFailedResponse(VertXRequestAdapter.java:370)
	at io.kiota.http.vertx.VertXRequestAdapter.send(VertXRequestAdapter.java:170)
	at io.apicurio.registry.rest.client.search.versions.VersionsRequestBuilder.post(VersionsRequestBuilder.java:94)
	at io.apicurio.registry.resolver.client.RegistryClientFacadeImpl.searchVersionsByContent(RegistryClientFacadeImpl.java:106)
	at io.apicurio.registry.resolver.DefaultSchemaResolver.lambda$handleResolveSchemaByContent$3(DefaultSchemaResolver.java:258)
	at io.apicurio.registry.resolver.cache.ERCache.lambda$getValue$0(ERCache.java:174)
	at io.apicurio.registry.resolver.cache.ERCache.retry(ERCache.java:227)
	at io.apicurio.registry.resolver.cache.ERCache.getValue(ERCache.java:173)
	at io.apicurio.registry.resolver.cache.ERCache.getByContent(ERCache.java:147)
	at io.apicurio.registry.resolver.DefaultSchemaResolver.handleResolveSchemaByContent(DefaultSchemaResolver.java:253)
	at io.apicurio.registry.resolver.DefaultSchemaResolver.getSchemaFromRegistry(DefaultSchemaResolver.java:138)
	at io.apicurio.registry.resolver.DefaultSchemaResolver.lambda$resolveSchema$0(DefaultSchemaResolver.java:84)
	at java.base/java.util.Optional.orElseGet(Optional.java:364)
	at io.apicurio.registry.resolver.DefaultSchemaResolver.resolveSchema(DefaultSchemaResolver.java:84)
	at io.apicurio.registry.serde.AbstractSerializer.serializeData(AbstractSerializer.java:62)
	at io.apicurio.registry.serde.KafkaSerializer.serialize(KafkaSerializer.java:77)
	at org.apache.kafka.clients.producer.KafkaProducer.doSend(KafkaProducer.java:1046)
	at org.apache.kafka.clients.producer.KafkaProducer.send(KafkaProducer.java:993)
	at org.apache.kafka.clients.producer.KafkaProducer.send(KafkaProducer.java:875)
	at io.apicurio.tests.serdes.apicurio.KafkaSerdesTester.lambda$produceMessages$3(KafkaSerdesTester.java:138)
	at java.base/java.util.concurrent.CompletableFuture$AsyncSupply.run(CompletableFuture.java:1768)
	at java.base/java.lang.Thread.run(Thread.java:840)
]]></system-err>
  </testcase>
  <testcase name="testFirstEmptyFieldConfusedAsMagicByte" classname="io.apicurio.tests.serdes.apicurio.AvroSerdeIT" time="3.789">
    <system-out><![CDATA[2025-08-13 16:44:22,816 INFO  [io.api.tes.uti.TestSeparator] (main) ############################################################################
2025-08-13 16:44:22,816 INFO  [io.api.tes.uti.TestSeparator] (main) io.apicurio.tests.serdes.apicurio.AvroSerdeIT.testFirstEmptyFieldConfusedAsMagicByte-STARTED
**** Registry Base URL: http://registry-app-pg17.apps.ci419.apicurio-testing.org:80
2025-08-13 16:44:22,823 INFO  [org.apa.kaf.cli.pro.ProducerConfig] (main) ProducerConfig values: 
	acks = -1
	auto.include.jmx.reporter = true
	batch.size = 16384
	bootstrap.servers = [PLAINTEXT://localhost:32769]
	buffer.memory = 33554432
	client.dns.lookup = use_all_dns_ips
	client.id = Producer-topic-d62f5c38_77b5_4a08_bfbc_4c64ecd31910
	compression.gzip.level = -1
	compression.lz4.level = 9
	compression.type = none
	compression.zstd.level = 3
	connections.max.idle.ms = 10000
	delivery.timeout.ms = 120000
	enable.idempotence = true
	enable.metrics.push = true
	interceptor.classes = []
	key.serializer = class org.apache.kafka.common.serialization.StringSerializer
	linger.ms = 0
	max.block.ms = 60000
	max.in.flight.requests.per.connection = 5
	max.request.size = 1048576
	metadata.max.age.ms = 300000
	metadata.max.idle.ms = 300000
	metadata.recovery.strategy = none
	metric.reporters = []
	metrics.num.samples = 2
	metrics.recording.level = INFO
	metrics.sample.window.ms = 30000
	partitioner.adaptive.partitioning.enable = true
	partitioner.availability.timeout.ms = 0
	partitioner.class = null
	partitioner.ignore.keys = false
	receive.buffer.bytes = 32768
	reconnect.backoff.max.ms = 1000
	reconnect.backoff.ms = 50
	request.timeout.ms = 5000
	retries = 2147483647
	retry.backoff.max.ms = 1000
	retry.backoff.ms = 100
	sasl.client.callback.handler.class = null
	sasl.jaas.config = null
	sasl.kerberos.kinit.cmd = /usr/bin/kinit
	sasl.kerberos.min.time.before.relogin = 60000
	sasl.kerberos.service.name = null
	sasl.kerberos.ticket.renew.jitter = 0.05
	sasl.kerberos.ticket.renew.window.factor = 0.8
	sasl.login.callback.handler.class = null
	sasl.login.class = null
	sasl.login.connect.timeout.ms = null
	sasl.login.read.timeout.ms = null
	sasl.login.refresh.buffer.seconds = 300
	sasl.login.refresh.min.period.seconds = 60
	sasl.login.refresh.window.factor = 0.8
	sasl.login.refresh.window.jitter = 0.05
	sasl.login.retry.backoff.max.ms = 10000
	sasl.login.retry.backoff.ms = 100
	sasl.mechanism = GSSAPI
	sasl.oauthbearer.clock.skew.seconds = 30
	sasl.oauthbearer.expected.audience = null
	sasl.oauthbearer.expected.issuer = null
	sasl.oauthbearer.header.urlencode = false
	sasl.oauthbearer.jwks.endpoint.refresh.ms = 3600000
	sasl.oauthbearer.jwks.endpoint.retry.backoff.max.ms = 10000
	sasl.oauthbearer.jwks.endpoint.retry.backoff.ms = 100
	sasl.oauthbearer.jwks.endpoint.url = null
	sasl.oauthbearer.scope.claim.name = scope
	sasl.oauthbearer.sub.claim.name = sub
	sasl.oauthbearer.token.endpoint.url = null
	security.protocol = PLAINTEXT
	security.providers = null
	send.buffer.bytes = 131072
	socket.connection.setup.timeout.max.ms = 30000
	socket.connection.setup.timeout.ms = 10000
	ssl.cipher.suites = null
	ssl.enabled.protocols = [TLSv1.2, TLSv1.3]
	ssl.endpoint.identification.algorithm = https
	ssl.engine.factory.class = null
	ssl.key.password = null
	ssl.keymanager.algorithm = SunX509
	ssl.keystore.certificate.chain = null
	ssl.keystore.key = null
	ssl.keystore.location = null
	ssl.keystore.password = null
	ssl.keystore.type = JKS
	ssl.protocol = TLSv1.3
	ssl.provider = null
	ssl.secure.random.implementation = null
	ssl.trustmanager.algorithm = PKIX
	ssl.truststore.certificates = null
	ssl.truststore.location = null
	ssl.truststore.password = null
	ssl.truststore.type = JKS
	transaction.timeout.ms = 60000
	transactional.id = null
	value.serializer = class io.apicurio.registry.serde.avro.AvroKafkaSerializer

2025-08-13 16:44:22,826 INFO  [org.apa.kaf.com.tel.int.KafkaMetricsCollector] (main) initializing Kafka metrics collector
2025-08-13 16:44:22,831 INFO  [org.apa.kaf.cli.pro.KafkaProducer] (main) [Producer clientId=Producer-topic-d62f5c38_77b5_4a08_bfbc_4c64ecd31910] Instantiated an idempotent producer.
2025-08-13 16:44:22,833 INFO  [org.apa.kaf.cli.pro.ProducerConfig] (main) These configurations '[apicurio.registry.url, apicurio.registry.auto-register, apicurio.registry.artifact-resolver-strategy]' were supplied but are not used yet.
2025-08-13 16:44:22,833 INFO  [org.apa.kaf.com.uti.AppInfoParser] (main) Kafka version: 3.9.1
2025-08-13 16:44:22,833 INFO  [org.apa.kaf.com.uti.AppInfoParser] (main) Kafka commitId: f745dfdcee2b9851
2025-08-13 16:44:22,833 INFO  [org.apa.kaf.com.uti.AppInfoParser] (main) Kafka startTimeMs: 1755103462833
2025-08-13 16:44:22,833 INFO  [io.api.tes.ser.api.SimpleSerdesTesterBuilder$SimpleSerdesTester] (main) Using producer configuration: {apicurio.registry.url=http://registry-app-pg17.apps.ci419.apicurio-testing.org:80/apis/registry/v3, apicurio.registry.auto-register=true, apicurio.registry.artifact-resolver-strategy=io.apicurio.registry.serde.strategy.SimpleTopicIdStrategy, value.serializer=io.apicurio.registry.serde.avro.AvroKafkaSerializer, request.timeout.ms=5000, acks=all, bootstrap.servers=PLAINTEXT://localhost:32769, connections.max.idle.ms=10000, key.serializer=org.apache.kafka.common.serialization.StringSerializer, client.id=Producer-topic-d62f5c38_77b5_4a08_bfbc_4c64ecd31910}
2025-08-13 16:44:22,833 INFO  [io.api.tes.ser.api.SimpleSerdesTesterBuilder$SimpleSerdesTester] (main) Using consumer configuration: {}
2025-08-13 16:44:22,836 INFO  [io.api.tes.ser.api.KafkaSerdesTester] (Thread-732) Sending message {"username": null} to topic topic-d62f5c38_77b5_4a08_bfbc_4c64ecd31910
2025-08-13 16:44:22,839 WARN  [org.apa.kaf.cli.NetworkClient] (kafka-producer-network-thread | Producer-topic-d62f5c38_77b5_4a08_bfbc_4c64ecd31910) [Producer clientId=Producer-topic-d62f5c38_77b5_4a08_bfbc_4c64ecd31910] The metadata response from the cluster reported a recoverable issue with correlation id 1 : {topic-d62f5c38_77b5_4a08_bfbc_4c64ecd31910=UNKNOWN_TOPIC_OR_PARTITION}
2025-08-13 16:44:22,839 INFO  [org.apa.kaf.cli.Metadata] (kafka-producer-network-thread | Producer-topic-d62f5c38_77b5_4a08_bfbc_4c64ecd31910) [Producer clientId=Producer-topic-d62f5c38_77b5_4a08_bfbc_4c64ecd31910] Cluster ID: gmKMEoHzQ-qMHyrxO3JTXw
2025-08-13 16:44:22,839 INFO  [org.apa.kaf.cli.pro.int.TransactionManager] (kafka-producer-network-thread | Producer-topic-d62f5c38_77b5_4a08_bfbc_4c64ecd31910) [Producer clientId=Producer-topic-d62f5c38_77b5_4a08_bfbc_4c64ecd31910] ProducerId set to 23 with epoch 0
2025-08-13 16:44:22,988 INFO  [io.api.tes.ser.api.KafkaSerdesTester] (Thread-732) Sending message {"username": null} to topic topic-d62f5c38_77b5_4a08_bfbc_4c64ecd31910
2025-08-13 16:44:22,990 INFO  [io.api.tes.ser.api.KafkaSerdesTester] (Thread-732) Sending message {"username": "value-2"} to topic topic-d62f5c38_77b5_4a08_bfbc_4c64ecd31910
2025-08-13 16:44:22,992 INFO  [io.api.tes.ser.api.KafkaSerdesTester] (Thread-732) Sending message {"username": null} to topic topic-d62f5c38_77b5_4a08_bfbc_4c64ecd31910
2025-08-13 16:44:22,994 INFO  [io.api.tes.ser.api.KafkaSerdesTester] (Thread-732) Sending message {"username": "value-4"} to topic topic-d62f5c38_77b5_4a08_bfbc_4c64ecd31910
2025-08-13 16:44:22,995 INFO  [io.api.tes.ser.api.KafkaSerdesTester] (Thread-732) Sending message {"username": null} to topic topic-d62f5c38_77b5_4a08_bfbc_4c64ecd31910
2025-08-13 16:44:22,998 INFO  [io.api.tes.ser.api.KafkaSerdesTester] (Thread-732) Sending message {"username": "value-6"} to topic topic-d62f5c38_77b5_4a08_bfbc_4c64ecd31910
2025-08-13 16:44:23,000 INFO  [io.api.tes.ser.api.KafkaSerdesTester] (Thread-732) Sending message {"username": null} to topic topic-d62f5c38_77b5_4a08_bfbc_4c64ecd31910
2025-08-13 16:44:23,001 INFO  [io.api.tes.ser.api.KafkaSerdesTester] (Thread-732) Sending message {"username": "value-8"} to topic topic-d62f5c38_77b5_4a08_bfbc_4c64ecd31910
2025-08-13 16:44:23,004 INFO  [io.api.tes.ser.api.KafkaSerdesTester] (Thread-732) Sending message {"username": null} to topic topic-d62f5c38_77b5_4a08_bfbc_4c64ecd31910
2025-08-13 16:44:23,005 INFO  [io.api.tes.ser.api.KafkaSerdesTester] (Thread-732) Produced 10 messages
2025-08-13 16:44:23,005 INFO  [org.apa.kaf.cli.pro.KafkaProducer] (Thread-732) [Producer clientId=Producer-topic-d62f5c38_77b5_4a08_bfbc_4c64ecd31910] Closing the Kafka producer with timeoutMillis = 9223372036854775807 ms.
2025-08-13 16:44:23,008 INFO  [org.apa.kaf.com.met.Metrics] (Thread-732) Metrics scheduler closed
2025-08-13 16:44:23,008 INFO  [org.apa.kaf.com.met.Metrics] (Thread-732) Closing reporter org.apache.kafka.common.metrics.JmxReporter
2025-08-13 16:44:23,008 INFO  [org.apa.kaf.com.met.Metrics] (Thread-732) Closing reporter org.apache.kafka.common.telemetry.internals.ClientTelemetryReporter
2025-08-13 16:44:23,008 INFO  [org.apa.kaf.com.met.Metrics] (Thread-732) Metrics reporters closed
2025-08-13 16:44:23,008 INFO  [org.apa.kaf.com.uti.AppInfoParser] (Thread-732) App info kafka.producer for Producer-topic-d62f5c38_77b5_4a08_bfbc_4c64ecd31910 unregistered
**** Registry Base URL: http://registry-app-pg17.apps.ci419.apicurio-testing.org:80
2025-08-13 16:44:23,029 INFO  [org.apa.kaf.cli.con.ConsumerConfig] (main) ConsumerConfig values: 
	allow.auto.create.topics = true
	auto.commit.interval.ms = 500
	auto.include.jmx.reporter = true
	auto.offset.reset = earliest
	bootstrap.servers = [PLAINTEXT://localhost:32769]
	check.crcs = true
	client.dns.lookup = use_all_dns_ips
	client.id = consumer-Consumer-topic-d62f5c38_77b5_4a08_bfbc_4c64ecd31910-17
	client.rack = 
	connections.max.idle.ms = 10000
	default.api.timeout.ms = 60000
	enable.auto.commit = true
	enable.metrics.push = true
	exclude.internal.topics = true
	fetch.max.bytes = 52428800
	fetch.max.wait.ms = 500
	fetch.min.bytes = 1
	group.id = Consumer-topic-d62f5c38_77b5_4a08_bfbc_4c64ecd31910
	group.instance.id = null
	group.protocol = classic
	group.remote.assignor = null
	heartbeat.interval.ms = 3000
	interceptor.classes = []
	internal.leave.group.on.close = true
	internal.throw.on.fetch.stable.offset.unsupported = false
	isolation.level = read_uncommitted
	key.deserializer = class org.apache.kafka.common.serialization.StringDeserializer
	max.partition.fetch.bytes = 1048576
	max.poll.interval.ms = 300000
	max.poll.records = 500
	metadata.max.age.ms = 300000
	metadata.recovery.strategy = none
	metric.reporters = []
	metrics.num.samples = 2
	metrics.recording.level = INFO
	metrics.sample.window.ms = 30000
	partition.assignment.strategy = [class org.apache.kafka.clients.consumer.RangeAssignor, class org.apache.kafka.clients.consumer.CooperativeStickyAssignor]
	receive.buffer.bytes = 65536
	reconnect.backoff.max.ms = 1000
	reconnect.backoff.ms = 50
	request.timeout.ms = 5000
	retry.backoff.max.ms = 1000
	retry.backoff.ms = 100
	sasl.client.callback.handler.class = null
	sasl.jaas.config = null
	sasl.kerberos.kinit.cmd = /usr/bin/kinit
	sasl.kerberos.min.time.before.relogin = 60000
	sasl.kerberos.service.name = null
	sasl.kerberos.ticket.renew.jitter = 0.05
	sasl.kerberos.ticket.renew.window.factor = 0.8
	sasl.login.callback.handler.class = null
	sasl.login.class = null
	sasl.login.connect.timeout.ms = null
	sasl.login.read.timeout.ms = null
	sasl.login.refresh.buffer.seconds = 300
	sasl.login.refresh.min.period.seconds = 60
	sasl.login.refresh.window.factor = 0.8
	sasl.login.refresh.window.jitter = 0.05
	sasl.login.retry.backoff.max.ms = 10000
	sasl.login.retry.backoff.ms = 100
	sasl.mechanism = GSSAPI
	sasl.oauthbearer.clock.skew.seconds = 30
	sasl.oauthbearer.expected.audience = null
	sasl.oauthbearer.expected.issuer = null
	sasl.oauthbearer.header.urlencode = false
	sasl.oauthbearer.jwks.endpoint.refresh.ms = 3600000
	sasl.oauthbearer.jwks.endpoint.retry.backoff.max.ms = 10000
	sasl.oauthbearer.jwks.endpoint.retry.backoff.ms = 100
	sasl.oauthbearer.jwks.endpoint.url = null
	sasl.oauthbearer.scope.claim.name = scope
	sasl.oauthbearer.sub.claim.name = sub
	sasl.oauthbearer.token.endpoint.url = null
	security.protocol = PLAINTEXT
	security.providers = null
	send.buffer.bytes = 131072
	session.timeout.ms = 45000
	socket.connection.setup.timeout.max.ms = 30000
	socket.connection.setup.timeout.ms = 10000
	ssl.cipher.suites = null
	ssl.enabled.protocols = [TLSv1.2, TLSv1.3]
	ssl.endpoint.identification.algorithm = https
	ssl.engine.factory.class = null
	ssl.key.password = null
	ssl.keymanager.algorithm = SunX509
	ssl.keystore.certificate.chain = null
	ssl.keystore.key = null
	ssl.keystore.location = null
	ssl.keystore.password = null
	ssl.keystore.type = JKS
	ssl.protocol = TLSv1.3
	ssl.provider = null
	ssl.secure.random.implementation = null
	ssl.trustmanager.algorithm = PKIX
	ssl.truststore.certificates = null
	ssl.truststore.location = null
	ssl.truststore.password = null
	ssl.truststore.type = JKS
	value.deserializer = class io.apicurio.registry.serde.avro.AvroKafkaDeserializer

2025-08-13 16:44:23,029 INFO  [org.apa.kaf.com.tel.int.KafkaMetricsCollector] (main) initializing Kafka metrics collector
2025-08-13 16:44:23,037 INFO  [org.apa.kaf.cli.con.ConsumerConfig] (main) These configurations '[apicurio.registry.url]' were supplied but are not used yet.
2025-08-13 16:44:23,037 INFO  [org.apa.kaf.com.uti.AppInfoParser] (main) Kafka version: 3.9.1
2025-08-13 16:44:23,037 INFO  [org.apa.kaf.com.uti.AppInfoParser] (main) Kafka commitId: f745dfdcee2b9851
2025-08-13 16:44:23,037 INFO  [org.apa.kaf.com.uti.AppInfoParser] (main) Kafka startTimeMs: 1755103463037
2025-08-13 16:44:23,037 INFO  [org.apa.kaf.cli.con.int.ClassicKafkaConsumer] (Thread-735) [Consumer clientId=consumer-Consumer-topic-d62f5c38_77b5_4a08_bfbc_4c64ecd31910-17, groupId=Consumer-topic-d62f5c38_77b5_4a08_bfbc_4c64ecd31910] Subscribed to topic(s): topic-d62f5c38_77b5_4a08_bfbc_4c64ecd31910
2025-08-13 16:44:23,043 INFO  [org.apa.kaf.cli.Metadata] (Thread-735) [Consumer clientId=consumer-Consumer-topic-d62f5c38_77b5_4a08_bfbc_4c64ecd31910-17, groupId=Consumer-topic-d62f5c38_77b5_4a08_bfbc_4c64ecd31910] Cluster ID: gmKMEoHzQ-qMHyrxO3JTXw
2025-08-13 16:44:23,045 INFO  [org.apa.kaf.cli.con.int.ConsumerCoordinator] (Thread-735) [Consumer clientId=consumer-Consumer-topic-d62f5c38_77b5_4a08_bfbc_4c64ecd31910-17, groupId=Consumer-topic-d62f5c38_77b5_4a08_bfbc_4c64ecd31910] Discovered group coordinator localhost:32769 (id: 2147483647 rack: null)
2025-08-13 16:44:23,047 INFO  [org.apa.kaf.cli.con.int.ConsumerCoordinator] (Thread-735) [Consumer clientId=consumer-Consumer-topic-d62f5c38_77b5_4a08_bfbc_4c64ecd31910-17, groupId=Consumer-topic-d62f5c38_77b5_4a08_bfbc_4c64ecd31910] (Re-)joining group
2025-08-13 16:44:23,051 INFO  [org.apa.kaf.cli.con.int.ConsumerCoordinator] (Thread-735) [Consumer clientId=consumer-Consumer-topic-d62f5c38_77b5_4a08_bfbc_4c64ecd31910-17, groupId=Consumer-topic-d62f5c38_77b5_4a08_bfbc_4c64ecd31910] Request joining group due to: need to re-join with the given member-id: consumer-Consumer-topic-d62f5c38_77b5_4a08_bfbc_4c64ecd31910-17-2f3e2fa0-fab7-487e-9cfc-58341a2c6e0b
2025-08-13 16:44:23,051 INFO  [org.apa.kaf.cli.con.int.ConsumerCoordinator] (Thread-735) [Consumer clientId=consumer-Consumer-topic-d62f5c38_77b5_4a08_bfbc_4c64ecd31910-17, groupId=Consumer-topic-d62f5c38_77b5_4a08_bfbc_4c64ecd31910] (Re-)joining group
2025-08-13 16:44:24,037 INFO  [io.api.tes.ser.api.KafkaSerdesTester] (Thread-735) None found
2025-08-13 16:44:25,037 INFO  [io.api.tes.ser.api.KafkaSerdesTester] (Thread-735) None found
2025-08-13 16:44:26,037 INFO  [io.api.tes.ser.api.KafkaSerdesTester] (Thread-735) None found
2025-08-13 16:44:26,054 INFO  [org.apa.kaf.cli.con.int.ConsumerCoordinator] (Thread-735) [Consumer clientId=consumer-Consumer-topic-d62f5c38_77b5_4a08_bfbc_4c64ecd31910-17, groupId=Consumer-topic-d62f5c38_77b5_4a08_bfbc_4c64ecd31910] Successfully joined group with generation Generation{generationId=1, memberId='consumer-Consumer-topic-d62f5c38_77b5_4a08_bfbc_4c64ecd31910-17-2f3e2fa0-fab7-487e-9cfc-58341a2c6e0b', protocol='range'}
2025-08-13 16:44:26,054 INFO  [org.apa.kaf.cli.con.int.ConsumerCoordinator] (Thread-735) [Consumer clientId=consumer-Consumer-topic-d62f5c38_77b5_4a08_bfbc_4c64ecd31910-17, groupId=Consumer-topic-d62f5c38_77b5_4a08_bfbc_4c64ecd31910] Finished assignment for group at generation 1: {consumer-Consumer-topic-d62f5c38_77b5_4a08_bfbc_4c64ecd31910-17-2f3e2fa0-fab7-487e-9cfc-58341a2c6e0b=Assignment(partitions=[topic-d62f5c38_77b5_4a08_bfbc_4c64ecd31910-0])}
2025-08-13 16:44:26,061 INFO  [org.apa.kaf.cli.con.int.ConsumerCoordinator] (Thread-735) [Consumer clientId=consumer-Consumer-topic-d62f5c38_77b5_4a08_bfbc_4c64ecd31910-17, groupId=Consumer-topic-d62f5c38_77b5_4a08_bfbc_4c64ecd31910] Successfully synced group in generation Generation{generationId=1, memberId='consumer-Consumer-topic-d62f5c38_77b5_4a08_bfbc_4c64ecd31910-17-2f3e2fa0-fab7-487e-9cfc-58341a2c6e0b', protocol='range'}
2025-08-13 16:44:26,061 INFO  [org.apa.kaf.cli.con.int.ConsumerCoordinator] (Thread-735) [Consumer clientId=consumer-Consumer-topic-d62f5c38_77b5_4a08_bfbc_4c64ecd31910-17, groupId=Consumer-topic-d62f5c38_77b5_4a08_bfbc_4c64ecd31910] Notifying assignor about the new Assignment(partitions=[topic-d62f5c38_77b5_4a08_bfbc_4c64ecd31910-0])
2025-08-13 16:44:26,062 INFO  [org.apa.kaf.cli.con.int.ConsumerRebalanceListenerInvoker] (Thread-735) [Consumer clientId=consumer-Consumer-topic-d62f5c38_77b5_4a08_bfbc_4c64ecd31910-17, groupId=Consumer-topic-d62f5c38_77b5_4a08_bfbc_4c64ecd31910] Adding newly assigned partitions: topic-d62f5c38_77b5_4a08_bfbc_4c64ecd31910-0
2025-08-13 16:44:26,063 INFO  [org.apa.kaf.cli.con.int.ConsumerCoordinator] (Thread-735) [Consumer clientId=consumer-Consumer-topic-d62f5c38_77b5_4a08_bfbc_4c64ecd31910-17, groupId=Consumer-topic-d62f5c38_77b5_4a08_bfbc_4c64ecd31910] Found no committed offset for partition topic-d62f5c38_77b5_4a08_bfbc_4c64ecd31910-0
2025-08-13 16:44:26,064 INFO  [org.apa.kaf.cli.con.int.SubscriptionState] (Thread-735) [Consumer clientId=consumer-Consumer-topic-d62f5c38_77b5_4a08_bfbc_4c64ecd31910-17, groupId=Consumer-topic-d62f5c38_77b5_4a08_bfbc_4c64ecd31910] Resetting offset for partition topic-d62f5c38_77b5_4a08_bfbc_4c64ecd31910-0 to position FetchPosition{offset=0, offsetEpoch=Optional.empty, currentLeader=LeaderAndEpoch{leader=Optional[localhost:32769 (id: 0 rack: null)], epoch=0}}.
2025-08-13 16:44:26,096 INFO  [io.api.tes.ser.api.KafkaSerdesTester] (Thread-735) topic-d62f5c38_77b5_4a08_bfbc_4c64ecd31910 0 0 {"username": null}
2025-08-13 16:44:26,096 INFO  [io.api.tes.ser.api.KafkaSerdesTester] (Thread-735) topic-d62f5c38_77b5_4a08_bfbc_4c64ecd31910 0 1 {"username": null}
2025-08-13 16:44:26,096 INFO  [io.api.tes.ser.api.KafkaSerdesTester] (Thread-735) topic-d62f5c38_77b5_4a08_bfbc_4c64ecd31910 0 2 {"username": "value-2"}
2025-08-13 16:44:26,096 INFO  [io.api.tes.ser.api.KafkaSerdesTester] (Thread-735) topic-d62f5c38_77b5_4a08_bfbc_4c64ecd31910 0 3 {"username": null}
2025-08-13 16:44:26,096 INFO  [io.api.tes.ser.api.KafkaSerdesTester] (Thread-735) topic-d62f5c38_77b5_4a08_bfbc_4c64ecd31910 0 4 {"username": "value-4"}
2025-08-13 16:44:26,096 INFO  [io.api.tes.ser.api.KafkaSerdesTester] (Thread-735) topic-d62f5c38_77b5_4a08_bfbc_4c64ecd31910 0 5 {"username": null}
2025-08-13 16:44:26,096 INFO  [io.api.tes.ser.api.KafkaSerdesTester] (Thread-735) topic-d62f5c38_77b5_4a08_bfbc_4c64ecd31910 0 6 {"username": "value-6"}
2025-08-13 16:44:26,096 INFO  [io.api.tes.ser.api.KafkaSerdesTester] (Thread-735) topic-d62f5c38_77b5_4a08_bfbc_4c64ecd31910 0 7 {"username": null}
2025-08-13 16:44:26,096 INFO  [io.api.tes.ser.api.KafkaSerdesTester] (Thread-735) topic-d62f5c38_77b5_4a08_bfbc_4c64ecd31910 0 8 {"username": "value-8"}
2025-08-13 16:44:26,097 INFO  [io.api.tes.ser.api.KafkaSerdesTester] (Thread-735) topic-d62f5c38_77b5_4a08_bfbc_4c64ecd31910 0 9 {"username": null}
2025-08-13 16:44:26,097 INFO  [io.api.tes.ser.api.KafkaSerdesTester] (Thread-735) Consumed 10 messages
2025-08-13 16:44:26,104 INFO  [org.apa.kaf.cli.con.int.ConsumerRebalanceListenerInvoker] (Thread-735) [Consumer clientId=consumer-Consumer-topic-d62f5c38_77b5_4a08_bfbc_4c64ecd31910-17, groupId=Consumer-topic-d62f5c38_77b5_4a08_bfbc_4c64ecd31910] Revoke previously assigned partitions topic-d62f5c38_77b5_4a08_bfbc_4c64ecd31910-0
2025-08-13 16:44:26,104 INFO  [org.apa.kaf.cli.con.int.ConsumerCoordinator] (Thread-735) [Consumer clientId=consumer-Consumer-topic-d62f5c38_77b5_4a08_bfbc_4c64ecd31910-17, groupId=Consumer-topic-d62f5c38_77b5_4a08_bfbc_4c64ecd31910] Member consumer-Consumer-topic-d62f5c38_77b5_4a08_bfbc_4c64ecd31910-17-2f3e2fa0-fab7-487e-9cfc-58341a2c6e0b sending LeaveGroup request to coordinator localhost:32769 (id: 2147483647 rack: null) due to the consumer is being closed
2025-08-13 16:44:26,104 INFO  [org.apa.kaf.cli.con.int.ConsumerCoordinator] (Thread-735) [Consumer clientId=consumer-Consumer-topic-d62f5c38_77b5_4a08_bfbc_4c64ecd31910-17, groupId=Consumer-topic-d62f5c38_77b5_4a08_bfbc_4c64ecd31910] Resetting generation and member id due to: consumer pro-actively leaving the group
2025-08-13 16:44:26,104 INFO  [org.apa.kaf.cli.con.int.ConsumerCoordinator] (Thread-735) [Consumer clientId=consumer-Consumer-topic-d62f5c38_77b5_4a08_bfbc_4c64ecd31910-17, groupId=Consumer-topic-d62f5c38_77b5_4a08_bfbc_4c64ecd31910] Request joining group due to: consumer pro-actively leaving the group
2025-08-13 16:44:26,598 INFO  [org.apa.kaf.com.met.Metrics] (Thread-735) Metrics scheduler closed
2025-08-13 16:44:26,598 INFO  [org.apa.kaf.com.met.Metrics] (Thread-735) Closing reporter org.apache.kafka.common.metrics.JmxReporter
2025-08-13 16:44:26,598 INFO  [org.apa.kaf.com.met.Metrics] (Thread-735) Closing reporter org.apache.kafka.common.telemetry.internals.ClientTelemetryReporter
2025-08-13 16:44:26,598 INFO  [org.apa.kaf.com.met.Metrics] (Thread-735) Metrics reporters closed
2025-08-13 16:44:26,600 INFO  [org.apa.kaf.com.uti.AppInfoParser] (Thread-735) App info kafka.consumer for consumer-Consumer-topic-d62f5c38_77b5_4a08_bfbc_4c64ecd31910-17 unregistered
2025-08-13 16:44:26,601 INFO  [io.api.tes.uti.TestSeparator] (main) io.apicurio.tests.serdes.apicurio.AvroSerdeIT.testFirstEmptyFieldConfusedAsMagicByte-FINISHED
2025-08-13 16:44:26,601 INFO  [io.api.tes.uti.TestSeparator] (main) ############################################################################
Test passed: testFirstEmptyFieldConfusedAsMagicByte
]]></system-out>
  </testcase>
  <testcase name="testAvroSerDesFailDifferentSchemaByContent" classname="io.apicurio.tests.serdes.apicurio.AvroSerdeIT" time="1.086">
    <system-out><![CDATA[2025-08-13 16:44:26,607 INFO  [io.api.tes.uti.TestSeparator] (main) ############################################################################
2025-08-13 16:44:26,607 INFO  [io.api.tes.uti.TestSeparator] (main) io.apicurio.tests.serdes.apicurio.AvroSerdeIT.testAvroSerDesFailDifferentSchemaByContent-STARTED
**** Registry Base URL: http://registry-app-pg17.apps.ci419.apicurio-testing.org:80
2025-08-13 16:44:27,649 INFO  [org.apa.kaf.cli.pro.ProducerConfig] (main) ProducerConfig values: 
	acks = -1
	auto.include.jmx.reporter = true
	batch.size = 16384
	bootstrap.servers = [PLAINTEXT://localhost:32769]
	buffer.memory = 33554432
	client.dns.lookup = use_all_dns_ips
	client.id = Producer-topic-6c916666_8997_4424_8d3d_fee586d7842c
	compression.gzip.level = -1
	compression.lz4.level = 9
	compression.type = none
	compression.zstd.level = 3
	connections.max.idle.ms = 10000
	delivery.timeout.ms = 120000
	enable.idempotence = true
	enable.metrics.push = true
	interceptor.classes = []
	key.serializer = class org.apache.kafka.common.serialization.StringSerializer
	linger.ms = 0
	max.block.ms = 60000
	max.in.flight.requests.per.connection = 5
	max.request.size = 1048576
	metadata.max.age.ms = 300000
	metadata.max.idle.ms = 300000
	metadata.recovery.strategy = none
	metric.reporters = []
	metrics.num.samples = 2
	metrics.recording.level = INFO
	metrics.sample.window.ms = 30000
	partitioner.adaptive.partitioning.enable = true
	partitioner.availability.timeout.ms = 0
	partitioner.class = null
	partitioner.ignore.keys = false
	receive.buffer.bytes = 32768
	reconnect.backoff.max.ms = 1000
	reconnect.backoff.ms = 50
	request.timeout.ms = 5000
	retries = 2147483647
	retry.backoff.max.ms = 1000
	retry.backoff.ms = 100
	sasl.client.callback.handler.class = null
	sasl.jaas.config = null
	sasl.kerberos.kinit.cmd = /usr/bin/kinit
	sasl.kerberos.min.time.before.relogin = 60000
	sasl.kerberos.service.name = null
	sasl.kerberos.ticket.renew.jitter = 0.05
	sasl.kerberos.ticket.renew.window.factor = 0.8
	sasl.login.callback.handler.class = null
	sasl.login.class = null
	sasl.login.connect.timeout.ms = null
	sasl.login.read.timeout.ms = null
	sasl.login.refresh.buffer.seconds = 300
	sasl.login.refresh.min.period.seconds = 60
	sasl.login.refresh.window.factor = 0.8
	sasl.login.refresh.window.jitter = 0.05
	sasl.login.retry.backoff.max.ms = 10000
	sasl.login.retry.backoff.ms = 100
	sasl.mechanism = GSSAPI
	sasl.oauthbearer.clock.skew.seconds = 30
	sasl.oauthbearer.expected.audience = null
	sasl.oauthbearer.expected.issuer = null
	sasl.oauthbearer.header.urlencode = false
	sasl.oauthbearer.jwks.endpoint.refresh.ms = 3600000
	sasl.oauthbearer.jwks.endpoint.retry.backoff.max.ms = 10000
	sasl.oauthbearer.jwks.endpoint.retry.backoff.ms = 100
	sasl.oauthbearer.jwks.endpoint.url = null
	sasl.oauthbearer.scope.claim.name = scope
	sasl.oauthbearer.sub.claim.name = sub
	sasl.oauthbearer.token.endpoint.url = null
	security.protocol = PLAINTEXT
	security.providers = null
	send.buffer.bytes = 131072
	socket.connection.setup.timeout.max.ms = 30000
	socket.connection.setup.timeout.ms = 10000
	ssl.cipher.suites = null
	ssl.enabled.protocols = [TLSv1.2, TLSv1.3]
	ssl.endpoint.identification.algorithm = https
	ssl.engine.factory.class = null
	ssl.key.password = null
	ssl.keymanager.algorithm = SunX509
	ssl.keystore.certificate.chain = null
	ssl.keystore.key = null
	ssl.keystore.location = null
	ssl.keystore.password = null
	ssl.keystore.type = JKS
	ssl.protocol = TLSv1.3
	ssl.provider = null
	ssl.secure.random.implementation = null
	ssl.trustmanager.algorithm = PKIX
	ssl.truststore.certificates = null
	ssl.truststore.location = null
	ssl.truststore.password = null
	ssl.truststore.type = JKS
	transaction.timeout.ms = 60000
	transactional.id = null
	value.serializer = class io.apicurio.registry.serde.avro.AvroKafkaSerializer

2025-08-13 16:44:27,649 INFO  [org.apa.kaf.com.tel.int.KafkaMetricsCollector] (main) initializing Kafka metrics collector
2025-08-13 16:44:27,653 INFO  [org.apa.kaf.cli.pro.KafkaProducer] (main) [Producer clientId=Producer-topic-6c916666_8997_4424_8d3d_fee586d7842c] Instantiated an idempotent producer.
2025-08-13 16:44:27,654 INFO  [org.apa.kaf.cli.pro.ProducerConfig] (main) These configurations '[apicurio.registry.url, apicurio.registry.artifact-resolver-strategy]' were supplied but are not used yet.
2025-08-13 16:44:27,654 INFO  [org.apa.kaf.com.uti.AppInfoParser] (main) Kafka version: 3.9.1
2025-08-13 16:44:27,654 INFO  [org.apa.kaf.com.uti.AppInfoParser] (main) Kafka commitId: f745dfdcee2b9851
2025-08-13 16:44:27,654 INFO  [org.apa.kaf.com.uti.AppInfoParser] (main) Kafka startTimeMs: 1755103467654
2025-08-13 16:44:27,655 INFO  [io.api.tes.ser.api.KafkaSerdesTester] (Thread-738) Sending message {"keyB": "value-0"} to topic topic-6c916666_8997_4424_8d3d_fee586d7842c
2025-08-13 16:44:27,657 INFO  [org.apa.kaf.cli.Metadata] (kafka-producer-network-thread | Producer-topic-6c916666_8997_4424_8d3d_fee586d7842c) [Producer clientId=Producer-topic-6c916666_8997_4424_8d3d_fee586d7842c] Cluster ID: gmKMEoHzQ-qMHyrxO3JTXw
2025-08-13 16:44:27,658 INFO  [org.apa.kaf.cli.pro.int.TransactionManager] (kafka-producer-network-thread | Producer-topic-6c916666_8997_4424_8d3d_fee586d7842c) [Producer clientId=Producer-topic-6c916666_8997_4424_8d3d_fee586d7842c] ProducerId set to 24 with epoch 0
2025-08-13 16:44:27,658 INFO  [DefaultSchemaResolver] (Thread-738) Retrieving schema content using string: {"type":"record","name":"s45d0fbfbx997bx44cbx862cx7294ed0fb3f0","namespace":"s35e64248xf1adx4b10xaaf2x505805d9c571","fields":[{"name":"keyB","type":"string"}]}
2025-08-13 16:44:27,686 INFO  [org.apa.kaf.cli.pro.KafkaProducer] (Thread-738) [Producer clientId=Producer-topic-6c916666_8997_4424_8d3d_fee586d7842c] Closing the Kafka producer with timeoutMillis = 9223372036854775807 ms.
2025-08-13 16:44:27,688 INFO  [org.apa.kaf.com.met.Metrics] (Thread-738) Metrics scheduler closed
2025-08-13 16:44:27,688 INFO  [org.apa.kaf.com.met.Metrics] (Thread-738) Closing reporter org.apache.kafka.common.metrics.JmxReporter
2025-08-13 16:44:27,688 INFO  [org.apa.kaf.com.met.Metrics] (Thread-738) Closing reporter org.apache.kafka.common.telemetry.internals.ClientTelemetryReporter
2025-08-13 16:44:27,688 INFO  [org.apa.kaf.com.met.Metrics] (Thread-738) Metrics reporters closed
2025-08-13 16:44:27,688 INFO  [org.apa.kaf.com.uti.AppInfoParser] (Thread-738) App info kafka.producer for Producer-topic-6c916666_8997_4424_8d3d_fee586d7842c unregistered
2025-08-13 16:44:27,689 INFO  [io.api.tes.uti.TestSeparator] (main) io.apicurio.tests.serdes.apicurio.AvroSerdeIT.testAvroSerDesFailDifferentSchemaByContent-FINISHED
2025-08-13 16:44:27,689 INFO  [io.api.tes.uti.TestSeparator] (main) ############################################################################
Test passed: testAvroSerDesFailDifferentSchemaByContent
]]></system-out>
    <system-err><![CDATA[java.lang.RuntimeException: Could not resolve artifact reference by content: {"type":"record","name":"s45d0fbfbx997bx44cbx862cx7294ed0fb3f0","namespace":"s35e64248xf1adx4b10xaaf2x505805d9c571","fields":[{"name":"keyB","type":"string"}]}&ArtifactReference [groupId=s35e64248xf1adx4b10xaaf2x505805d9c571, artifactId=s45d0fbfbx997bx44cbx862cx7294ed0fb3f0, version=null, globalId=null, contentId=null, contentHash=null]
	at io.apicurio.registry.resolver.DefaultSchemaResolver.lambda$handleResolveSchemaByContent$3(DefaultSchemaResolver.java:265)
	at io.apicurio.registry.resolver.cache.ERCache.lambda$getValue$0(ERCache.java:174)
	at io.apicurio.registry.resolver.cache.ERCache.retry(ERCache.java:227)
	at io.apicurio.registry.resolver.cache.ERCache.getValue(ERCache.java:173)
	at io.apicurio.registry.resolver.cache.ERCache.getByContent(ERCache.java:147)
	at io.apicurio.registry.resolver.DefaultSchemaResolver.handleResolveSchemaByContent(DefaultSchemaResolver.java:253)
	at io.apicurio.registry.resolver.DefaultSchemaResolver.getSchemaFromRegistry(DefaultSchemaResolver.java:138)
	at io.apicurio.registry.resolver.DefaultSchemaResolver.lambda$resolveSchema$0(DefaultSchemaResolver.java:84)
	at java.base/java.util.Optional.orElseGet(Optional.java:364)
	at io.apicurio.registry.resolver.DefaultSchemaResolver.resolveSchema(DefaultSchemaResolver.java:84)
	at io.apicurio.registry.serde.AbstractSerializer.serializeData(AbstractSerializer.java:62)
	at io.apicurio.registry.serde.KafkaSerializer.serialize(KafkaSerializer.java:77)
	at org.apache.kafka.clients.producer.KafkaProducer.doSend(KafkaProducer.java:1046)
	at org.apache.kafka.clients.producer.KafkaProducer.send(KafkaProducer.java:993)
	at org.apache.kafka.clients.producer.KafkaProducer.send(KafkaProducer.java:875)
	at io.apicurio.tests.serdes.apicurio.KafkaSerdesTester.lambda$produceMessages$3(KafkaSerdesTester.java:138)
	at java.base/java.util.concurrent.CompletableFuture$AsyncSupply.run(CompletableFuture.java:1768)
	at java.base/java.lang.Thread.run(Thread.java:840)
]]></system-err>
  </testcase>
  <testcase name="testGlobalIdInBody" classname="io.apicurio.tests.serdes.apicurio.AvroSerdeIT" time="3.789">
    <system-out><![CDATA[2025-08-13 16:44:27,692 INFO  [io.api.tes.uti.TestSeparator] (main) ############################################################################
2025-08-13 16:44:27,692 INFO  [io.api.tes.uti.TestSeparator] (main) io.apicurio.tests.serdes.apicurio.AvroSerdeIT.testGlobalIdInBody-STARTED
**** Registry Base URL: http://registry-app-pg17.apps.ci419.apicurio-testing.org:80
2025-08-13 16:44:27,698 INFO  [org.apa.kaf.cli.pro.ProducerConfig] (main) ProducerConfig values: 
	acks = -1
	auto.include.jmx.reporter = true
	batch.size = 16384
	bootstrap.servers = [PLAINTEXT://localhost:32769]
	buffer.memory = 33554432
	client.dns.lookup = use_all_dns_ips
	client.id = Producer-topic-f6871b55_d3bd_4b99_9046_47732f3e8d75
	compression.gzip.level = -1
	compression.lz4.level = 9
	compression.type = none
	compression.zstd.level = 3
	connections.max.idle.ms = 10000
	delivery.timeout.ms = 120000
	enable.idempotence = true
	enable.metrics.push = true
	interceptor.classes = []
	key.serializer = class org.apache.kafka.common.serialization.StringSerializer
	linger.ms = 0
	max.block.ms = 60000
	max.in.flight.requests.per.connection = 5
	max.request.size = 1048576
	metadata.max.age.ms = 300000
	metadata.max.idle.ms = 300000
	metadata.recovery.strategy = none
	metric.reporters = []
	metrics.num.samples = 2
	metrics.recording.level = INFO
	metrics.sample.window.ms = 30000
	partitioner.adaptive.partitioning.enable = true
	partitioner.availability.timeout.ms = 0
	partitioner.class = null
	partitioner.ignore.keys = false
	receive.buffer.bytes = 32768
	reconnect.backoff.max.ms = 1000
	reconnect.backoff.ms = 50
	request.timeout.ms = 5000
	retries = 2147483647
	retry.backoff.max.ms = 1000
	retry.backoff.ms = 100
	sasl.client.callback.handler.class = null
	sasl.jaas.config = null
	sasl.kerberos.kinit.cmd = /usr/bin/kinit
	sasl.kerberos.min.time.before.relogin = 60000
	sasl.kerberos.service.name = null
	sasl.kerberos.ticket.renew.jitter = 0.05
	sasl.kerberos.ticket.renew.window.factor = 0.8
	sasl.login.callback.handler.class = null
	sasl.login.class = null
	sasl.login.connect.timeout.ms = null
	sasl.login.read.timeout.ms = null
	sasl.login.refresh.buffer.seconds = 300
	sasl.login.refresh.min.period.seconds = 60
	sasl.login.refresh.window.factor = 0.8
	sasl.login.refresh.window.jitter = 0.05
	sasl.login.retry.backoff.max.ms = 10000
	sasl.login.retry.backoff.ms = 100
	sasl.mechanism = GSSAPI
	sasl.oauthbearer.clock.skew.seconds = 30
	sasl.oauthbearer.expected.audience = null
	sasl.oauthbearer.expected.issuer = null
	sasl.oauthbearer.header.urlencode = false
	sasl.oauthbearer.jwks.endpoint.refresh.ms = 3600000
	sasl.oauthbearer.jwks.endpoint.retry.backoff.max.ms = 10000
	sasl.oauthbearer.jwks.endpoint.retry.backoff.ms = 100
	sasl.oauthbearer.jwks.endpoint.url = null
	sasl.oauthbearer.scope.claim.name = scope
	sasl.oauthbearer.sub.claim.name = sub
	sasl.oauthbearer.token.endpoint.url = null
	security.protocol = PLAINTEXT
	security.providers = null
	send.buffer.bytes = 131072
	socket.connection.setup.timeout.max.ms = 30000
	socket.connection.setup.timeout.ms = 10000
	ssl.cipher.suites = null
	ssl.enabled.protocols = [TLSv1.2, TLSv1.3]
	ssl.endpoint.identification.algorithm = https
	ssl.engine.factory.class = null
	ssl.key.password = null
	ssl.keymanager.algorithm = SunX509
	ssl.keystore.certificate.chain = null
	ssl.keystore.key = null
	ssl.keystore.location = null
	ssl.keystore.password = null
	ssl.keystore.type = JKS
	ssl.protocol = TLSv1.3
	ssl.provider = null
	ssl.secure.random.implementation = null
	ssl.trustmanager.algorithm = PKIX
	ssl.truststore.certificates = null
	ssl.truststore.location = null
	ssl.truststore.password = null
	ssl.truststore.type = JKS
	transaction.timeout.ms = 60000
	transactional.id = null
	value.serializer = class io.apicurio.registry.serde.avro.AvroKafkaSerializer

2025-08-13 16:44:27,700 INFO  [org.apa.kaf.com.tel.int.KafkaMetricsCollector] (main) initializing Kafka metrics collector
2025-08-13 16:44:27,710 INFO  [org.apa.kaf.cli.pro.KafkaProducer] (main) [Producer clientId=Producer-topic-f6871b55_d3bd_4b99_9046_47732f3e8d75] Instantiated an idempotent producer.
2025-08-13 16:44:27,711 INFO  [org.apa.kaf.cli.pro.ProducerConfig] (main) These configurations '[apicurio.registry.url, apicurio.registry.auto-register, apicurio.registry.use-id, apicurio.registry.artifact-resolver-strategy]' were supplied but are not used yet.
2025-08-13 16:44:27,711 INFO  [org.apa.kaf.com.uti.AppInfoParser] (main) Kafka version: 3.9.1
2025-08-13 16:44:27,711 INFO  [org.apa.kaf.com.uti.AppInfoParser] (main) Kafka commitId: f745dfdcee2b9851
2025-08-13 16:44:27,712 INFO  [org.apa.kaf.com.uti.AppInfoParser] (main) Kafka startTimeMs: 1755103467711
2025-08-13 16:44:27,712 INFO  [io.api.tes.ser.api.SimpleSerdesTesterBuilder$SimpleSerdesTester] (main) Using producer configuration: {apicurio.registry.url=http://registry-app-pg17.apps.ci419.apicurio-testing.org:80/apis/registry/v3, apicurio.registry.auto-register=true, apicurio.registry.use-id=globalId, apicurio.registry.artifact-resolver-strategy=io.apicurio.registry.serde.strategy.TopicIdStrategy, value.serializer=io.apicurio.registry.serde.avro.AvroKafkaSerializer, request.timeout.ms=5000, acks=all, bootstrap.servers=PLAINTEXT://localhost:32769, connections.max.idle.ms=10000, key.serializer=org.apache.kafka.common.serialization.StringSerializer, client.id=Producer-topic-f6871b55_d3bd_4b99_9046_47732f3e8d75}
2025-08-13 16:44:27,712 INFO  [io.api.tes.ser.api.SimpleSerdesTesterBuilder$SimpleSerdesTester] (main) Using consumer configuration: {apicurio.registry.use-id=globalId}
2025-08-13 16:44:27,712 INFO  [io.api.tes.ser.api.KafkaSerdesTester] (Thread-741) Sending message {"key11755103467692": "value-0"} to topic topic-f6871b55_d3bd_4b99_9046_47732f3e8d75
2025-08-13 16:44:27,716 WARN  [org.apa.kaf.cli.NetworkClient] (kafka-producer-network-thread | Producer-topic-f6871b55_d3bd_4b99_9046_47732f3e8d75) [Producer clientId=Producer-topic-f6871b55_d3bd_4b99_9046_47732f3e8d75] The metadata response from the cluster reported a recoverable issue with correlation id 1 : {topic-f6871b55_d3bd_4b99_9046_47732f3e8d75=UNKNOWN_TOPIC_OR_PARTITION}
2025-08-13 16:44:27,716 INFO  [org.apa.kaf.cli.Metadata] (kafka-producer-network-thread | Producer-topic-f6871b55_d3bd_4b99_9046_47732f3e8d75) [Producer clientId=Producer-topic-f6871b55_d3bd_4b99_9046_47732f3e8d75] Cluster ID: gmKMEoHzQ-qMHyrxO3JTXw
2025-08-13 16:44:27,717 INFO  [org.apa.kaf.cli.pro.int.TransactionManager] (kafka-producer-network-thread | Producer-topic-f6871b55_d3bd_4b99_9046_47732f3e8d75) [Producer clientId=Producer-topic-f6871b55_d3bd_4b99_9046_47732f3e8d75] ProducerId set to 25 with epoch 0
2025-08-13 16:44:27,865 INFO  [io.api.tes.ser.api.KafkaSerdesTester] (Thread-741) Sending message {"key11755103467692": "value-1"} to topic topic-f6871b55_d3bd_4b99_9046_47732f3e8d75
2025-08-13 16:44:27,867 INFO  [io.api.tes.ser.api.KafkaSerdesTester] (Thread-741) Sending message {"key11755103467692": "value-2"} to topic topic-f6871b55_d3bd_4b99_9046_47732f3e8d75
2025-08-13 16:44:27,870 INFO  [io.api.tes.ser.api.KafkaSerdesTester] (Thread-741) Sending message {"key11755103467692": "value-3"} to topic topic-f6871b55_d3bd_4b99_9046_47732f3e8d75
2025-08-13 16:44:27,873 INFO  [io.api.tes.ser.api.KafkaSerdesTester] (Thread-741) Sending message {"key11755103467692": "value-4"} to topic topic-f6871b55_d3bd_4b99_9046_47732f3e8d75
2025-08-13 16:44:27,876 INFO  [io.api.tes.ser.api.KafkaSerdesTester] (Thread-741) Sending message {"key11755103467692": "value-5"} to topic topic-f6871b55_d3bd_4b99_9046_47732f3e8d75
2025-08-13 16:44:27,878 INFO  [io.api.tes.ser.api.KafkaSerdesTester] (Thread-741) Sending message {"key11755103467692": "value-6"} to topic topic-f6871b55_d3bd_4b99_9046_47732f3e8d75
2025-08-13 16:44:27,879 INFO  [io.api.tes.ser.api.KafkaSerdesTester] (Thread-741) Sending message {"key11755103467692": "value-7"} to topic topic-f6871b55_d3bd_4b99_9046_47732f3e8d75
2025-08-13 16:44:27,882 INFO  [io.api.tes.ser.api.KafkaSerdesTester] (Thread-741) Sending message {"key11755103467692": "value-8"} to topic topic-f6871b55_d3bd_4b99_9046_47732f3e8d75
2025-08-13 16:44:27,887 INFO  [io.api.tes.ser.api.KafkaSerdesTester] (Thread-741) Sending message {"key11755103467692": "value-9"} to topic topic-f6871b55_d3bd_4b99_9046_47732f3e8d75
2025-08-13 16:44:27,888 INFO  [io.api.tes.ser.api.KafkaSerdesTester] (Thread-741) Produced 10 messages
2025-08-13 16:44:27,889 INFO  [org.apa.kaf.cli.pro.KafkaProducer] (Thread-741) [Producer clientId=Producer-topic-f6871b55_d3bd_4b99_9046_47732f3e8d75] Closing the Kafka producer with timeoutMillis = 9223372036854775807 ms.
2025-08-13 16:44:27,893 INFO  [org.apa.kaf.com.met.Metrics] (Thread-741) Metrics scheduler closed
2025-08-13 16:44:27,893 INFO  [org.apa.kaf.com.met.Metrics] (Thread-741) Closing reporter org.apache.kafka.common.metrics.JmxReporter
2025-08-13 16:44:27,893 INFO  [org.apa.kaf.com.met.Metrics] (Thread-741) Closing reporter org.apache.kafka.common.telemetry.internals.ClientTelemetryReporter
2025-08-13 16:44:27,893 INFO  [org.apa.kaf.com.met.Metrics] (Thread-741) Metrics reporters closed
2025-08-13 16:44:27,894 INFO  [org.apa.kaf.com.uti.AppInfoParser] (Thread-741) App info kafka.producer for Producer-topic-f6871b55_d3bd_4b99_9046_47732f3e8d75 unregistered
**** Registry Base URL: http://registry-app-pg17.apps.ci419.apicurio-testing.org:80
2025-08-13 16:44:27,912 INFO  [org.apa.kaf.cli.con.ConsumerConfig] (main) ConsumerConfig values: 
	allow.auto.create.topics = true
	auto.commit.interval.ms = 500
	auto.include.jmx.reporter = true
	auto.offset.reset = earliest
	bootstrap.servers = [PLAINTEXT://localhost:32769]
	check.crcs = true
	client.dns.lookup = use_all_dns_ips
	client.id = consumer-Consumer-topic-f6871b55_d3bd_4b99_9046_47732f3e8d75-18
	client.rack = 
	connections.max.idle.ms = 10000
	default.api.timeout.ms = 60000
	enable.auto.commit = true
	enable.metrics.push = true
	exclude.internal.topics = true
	fetch.max.bytes = 52428800
	fetch.max.wait.ms = 500
	fetch.min.bytes = 1
	group.id = Consumer-topic-f6871b55_d3bd_4b99_9046_47732f3e8d75
	group.instance.id = null
	group.protocol = classic
	group.remote.assignor = null
	heartbeat.interval.ms = 3000
	interceptor.classes = []
	internal.leave.group.on.close = true
	internal.throw.on.fetch.stable.offset.unsupported = false
	isolation.level = read_uncommitted
	key.deserializer = class org.apache.kafka.common.serialization.StringDeserializer
	max.partition.fetch.bytes = 1048576
	max.poll.interval.ms = 300000
	max.poll.records = 500
	metadata.max.age.ms = 300000
	metadata.recovery.strategy = none
	metric.reporters = []
	metrics.num.samples = 2
	metrics.recording.level = INFO
	metrics.sample.window.ms = 30000
	partition.assignment.strategy = [class org.apache.kafka.clients.consumer.RangeAssignor, class org.apache.kafka.clients.consumer.CooperativeStickyAssignor]
	receive.buffer.bytes = 65536
	reconnect.backoff.max.ms = 1000
	reconnect.backoff.ms = 50
	request.timeout.ms = 5000
	retry.backoff.max.ms = 1000
	retry.backoff.ms = 100
	sasl.client.callback.handler.class = null
	sasl.jaas.config = null
	sasl.kerberos.kinit.cmd = /usr/bin/kinit
	sasl.kerberos.min.time.before.relogin = 60000
	sasl.kerberos.service.name = null
	sasl.kerberos.ticket.renew.jitter = 0.05
	sasl.kerberos.ticket.renew.window.factor = 0.8
	sasl.login.callback.handler.class = null
	sasl.login.class = null
	sasl.login.connect.timeout.ms = null
	sasl.login.read.timeout.ms = null
	sasl.login.refresh.buffer.seconds = 300
	sasl.login.refresh.min.period.seconds = 60
	sasl.login.refresh.window.factor = 0.8
	sasl.login.refresh.window.jitter = 0.05
	sasl.login.retry.backoff.max.ms = 10000
	sasl.login.retry.backoff.ms = 100
	sasl.mechanism = GSSAPI
	sasl.oauthbearer.clock.skew.seconds = 30
	sasl.oauthbearer.expected.audience = null
	sasl.oauthbearer.expected.issuer = null
	sasl.oauthbearer.header.urlencode = false
	sasl.oauthbearer.jwks.endpoint.refresh.ms = 3600000
	sasl.oauthbearer.jwks.endpoint.retry.backoff.max.ms = 10000
	sasl.oauthbearer.jwks.endpoint.retry.backoff.ms = 100
	sasl.oauthbearer.jwks.endpoint.url = null
	sasl.oauthbearer.scope.claim.name = scope
	sasl.oauthbearer.sub.claim.name = sub
	sasl.oauthbearer.token.endpoint.url = null
	security.protocol = PLAINTEXT
	security.providers = null
	send.buffer.bytes = 131072
	session.timeout.ms = 45000
	socket.connection.setup.timeout.max.ms = 30000
	socket.connection.setup.timeout.ms = 10000
	ssl.cipher.suites = null
	ssl.enabled.protocols = [TLSv1.2, TLSv1.3]
	ssl.endpoint.identification.algorithm = https
	ssl.engine.factory.class = null
	ssl.key.password = null
	ssl.keymanager.algorithm = SunX509
	ssl.keystore.certificate.chain = null
	ssl.keystore.key = null
	ssl.keystore.location = null
	ssl.keystore.password = null
	ssl.keystore.type = JKS
	ssl.protocol = TLSv1.3
	ssl.provider = null
	ssl.secure.random.implementation = null
	ssl.trustmanager.algorithm = PKIX
	ssl.truststore.certificates = null
	ssl.truststore.location = null
	ssl.truststore.password = null
	ssl.truststore.type = JKS
	value.deserializer = class io.apicurio.registry.serde.avro.AvroKafkaDeserializer

2025-08-13 16:44:27,912 INFO  [org.apa.kaf.com.tel.int.KafkaMetricsCollector] (main) initializing Kafka metrics collector
2025-08-13 16:44:27,917 INFO  [org.apa.kaf.cli.con.ConsumerConfig] (main) These configurations '[apicurio.registry.url, apicurio.registry.use-id]' were supplied but are not used yet.
2025-08-13 16:44:27,917 INFO  [org.apa.kaf.com.uti.AppInfoParser] (main) Kafka version: 3.9.1
2025-08-13 16:44:27,917 INFO  [org.apa.kaf.com.uti.AppInfoParser] (main) Kafka commitId: f745dfdcee2b9851
2025-08-13 16:44:27,917 INFO  [org.apa.kaf.com.uti.AppInfoParser] (main) Kafka startTimeMs: 1755103467917
2025-08-13 16:44:27,917 INFO  [org.apa.kaf.cli.con.int.ClassicKafkaConsumer] (Thread-744) [Consumer clientId=consumer-Consumer-topic-f6871b55_d3bd_4b99_9046_47732f3e8d75-18, groupId=Consumer-topic-f6871b55_d3bd_4b99_9046_47732f3e8d75] Subscribed to topic(s): topic-f6871b55_d3bd_4b99_9046_47732f3e8d75
2025-08-13 16:44:27,924 INFO  [org.apa.kaf.cli.Metadata] (Thread-744) [Consumer clientId=consumer-Consumer-topic-f6871b55_d3bd_4b99_9046_47732f3e8d75-18, groupId=Consumer-topic-f6871b55_d3bd_4b99_9046_47732f3e8d75] Cluster ID: gmKMEoHzQ-qMHyrxO3JTXw
2025-08-13 16:44:27,925 INFO  [org.apa.kaf.cli.con.int.ConsumerCoordinator] (Thread-744) [Consumer clientId=consumer-Consumer-topic-f6871b55_d3bd_4b99_9046_47732f3e8d75-18, groupId=Consumer-topic-f6871b55_d3bd_4b99_9046_47732f3e8d75] Discovered group coordinator localhost:32769 (id: 2147483647 rack: null)
2025-08-13 16:44:27,927 INFO  [org.apa.kaf.cli.con.int.ConsumerCoordinator] (Thread-744) [Consumer clientId=consumer-Consumer-topic-f6871b55_d3bd_4b99_9046_47732f3e8d75-18, groupId=Consumer-topic-f6871b55_d3bd_4b99_9046_47732f3e8d75] (Re-)joining group
2025-08-13 16:44:27,929 INFO  [org.apa.kaf.cli.con.int.ConsumerCoordinator] (Thread-744) [Consumer clientId=consumer-Consumer-topic-f6871b55_d3bd_4b99_9046_47732f3e8d75-18, groupId=Consumer-topic-f6871b55_d3bd_4b99_9046_47732f3e8d75] Request joining group due to: need to re-join with the given member-id: consumer-Consumer-topic-f6871b55_d3bd_4b99_9046_47732f3e8d75-18-86c8a474-6e14-4e6c-a94f-6cd36654d6b2
2025-08-13 16:44:27,929 INFO  [org.apa.kaf.cli.con.int.ConsumerCoordinator] (Thread-744) [Consumer clientId=consumer-Consumer-topic-f6871b55_d3bd_4b99_9046_47732f3e8d75-18, groupId=Consumer-topic-f6871b55_d3bd_4b99_9046_47732f3e8d75] (Re-)joining group
2025-08-13 16:44:28,918 INFO  [io.api.tes.ser.api.KafkaSerdesTester] (Thread-744) None found
2025-08-13 16:44:29,918 INFO  [io.api.tes.ser.api.KafkaSerdesTester] (Thread-744) None found
2025-08-13 16:44:30,919 INFO  [io.api.tes.ser.api.KafkaSerdesTester] (Thread-744) None found
2025-08-13 16:44:30,930 INFO  [org.apa.kaf.cli.con.int.ConsumerCoordinator] (Thread-744) [Consumer clientId=consumer-Consumer-topic-f6871b55_d3bd_4b99_9046_47732f3e8d75-18, groupId=Consumer-topic-f6871b55_d3bd_4b99_9046_47732f3e8d75] Successfully joined group with generation Generation{generationId=1, memberId='consumer-Consumer-topic-f6871b55_d3bd_4b99_9046_47732f3e8d75-18-86c8a474-6e14-4e6c-a94f-6cd36654d6b2', protocol='range'}
2025-08-13 16:44:30,930 INFO  [org.apa.kaf.cli.con.int.ConsumerCoordinator] (Thread-744) [Consumer clientId=consumer-Consumer-topic-f6871b55_d3bd_4b99_9046_47732f3e8d75-18, groupId=Consumer-topic-f6871b55_d3bd_4b99_9046_47732f3e8d75] Finished assignment for group at generation 1: {consumer-Consumer-topic-f6871b55_d3bd_4b99_9046_47732f3e8d75-18-86c8a474-6e14-4e6c-a94f-6cd36654d6b2=Assignment(partitions=[topic-f6871b55_d3bd_4b99_9046_47732f3e8d75-0])}
2025-08-13 16:44:30,936 INFO  [org.apa.kaf.cli.con.int.ConsumerCoordinator] (Thread-744) [Consumer clientId=consumer-Consumer-topic-f6871b55_d3bd_4b99_9046_47732f3e8d75-18, groupId=Consumer-topic-f6871b55_d3bd_4b99_9046_47732f3e8d75] Successfully synced group in generation Generation{generationId=1, memberId='consumer-Consumer-topic-f6871b55_d3bd_4b99_9046_47732f3e8d75-18-86c8a474-6e14-4e6c-a94f-6cd36654d6b2', protocol='range'}
2025-08-13 16:44:30,936 INFO  [org.apa.kaf.cli.con.int.ConsumerCoordinator] (Thread-744) [Consumer clientId=consumer-Consumer-topic-f6871b55_d3bd_4b99_9046_47732f3e8d75-18, groupId=Consumer-topic-f6871b55_d3bd_4b99_9046_47732f3e8d75] Notifying assignor about the new Assignment(partitions=[topic-f6871b55_d3bd_4b99_9046_47732f3e8d75-0])
2025-08-13 16:44:30,936 INFO  [org.apa.kaf.cli.con.int.ConsumerRebalanceListenerInvoker] (Thread-744) [Consumer clientId=consumer-Consumer-topic-f6871b55_d3bd_4b99_9046_47732f3e8d75-18, groupId=Consumer-topic-f6871b55_d3bd_4b99_9046_47732f3e8d75] Adding newly assigned partitions: topic-f6871b55_d3bd_4b99_9046_47732f3e8d75-0
2025-08-13 16:44:30,937 INFO  [org.apa.kaf.cli.con.int.ConsumerCoordinator] (Thread-744) [Consumer clientId=consumer-Consumer-topic-f6871b55_d3bd_4b99_9046_47732f3e8d75-18, groupId=Consumer-topic-f6871b55_d3bd_4b99_9046_47732f3e8d75] Found no committed offset for partition topic-f6871b55_d3bd_4b99_9046_47732f3e8d75-0
2025-08-13 16:44:30,941 INFO  [org.apa.kaf.cli.con.int.SubscriptionState] (Thread-744) [Consumer clientId=consumer-Consumer-topic-f6871b55_d3bd_4b99_9046_47732f3e8d75-18, groupId=Consumer-topic-f6871b55_d3bd_4b99_9046_47732f3e8d75] Resetting offset for partition topic-f6871b55_d3bd_4b99_9046_47732f3e8d75-0 to position FetchPosition{offset=0, offsetEpoch=Optional.empty, currentLeader=LeaderAndEpoch{leader=Optional[localhost:32769 (id: 0 rack: null)], epoch=0}}.
2025-08-13 16:44:30,970 INFO  [io.api.tes.ser.api.KafkaSerdesTester] (Thread-744) topic-f6871b55_d3bd_4b99_9046_47732f3e8d75 0 0 {"key11755103467692": "value-0"}
2025-08-13 16:44:30,970 INFO  [io.api.tes.ser.api.KafkaSerdesTester] (Thread-744) topic-f6871b55_d3bd_4b99_9046_47732f3e8d75 0 1 {"key11755103467692": "value-1"}
2025-08-13 16:44:30,970 INFO  [io.api.tes.ser.api.KafkaSerdesTester] (Thread-744) topic-f6871b55_d3bd_4b99_9046_47732f3e8d75 0 2 {"key11755103467692": "value-2"}
2025-08-13 16:44:30,970 INFO  [io.api.tes.ser.api.KafkaSerdesTester] (Thread-744) topic-f6871b55_d3bd_4b99_9046_47732f3e8d75 0 3 {"key11755103467692": "value-3"}
2025-08-13 16:44:30,970 INFO  [io.api.tes.ser.api.KafkaSerdesTester] (Thread-744) topic-f6871b55_d3bd_4b99_9046_47732f3e8d75 0 4 {"key11755103467692": "value-4"}
2025-08-13 16:44:30,970 INFO  [io.api.tes.ser.api.KafkaSerdesTester] (Thread-744) topic-f6871b55_d3bd_4b99_9046_47732f3e8d75 0 5 {"key11755103467692": "value-5"}
2025-08-13 16:44:30,970 INFO  [io.api.tes.ser.api.KafkaSerdesTester] (Thread-744) topic-f6871b55_d3bd_4b99_9046_47732f3e8d75 0 6 {"key11755103467692": "value-6"}
2025-08-13 16:44:30,970 INFO  [io.api.tes.ser.api.KafkaSerdesTester] (Thread-744) topic-f6871b55_d3bd_4b99_9046_47732f3e8d75 0 7 {"key11755103467692": "value-7"}
2025-08-13 16:44:30,970 INFO  [io.api.tes.ser.api.KafkaSerdesTester] (Thread-744) topic-f6871b55_d3bd_4b99_9046_47732f3e8d75 0 8 {"key11755103467692": "value-8"}
2025-08-13 16:44:30,970 INFO  [io.api.tes.ser.api.KafkaSerdesTester] (Thread-744) topic-f6871b55_d3bd_4b99_9046_47732f3e8d75 0 9 {"key11755103467692": "value-9"}
2025-08-13 16:44:30,970 INFO  [io.api.tes.ser.api.KafkaSerdesTester] (Thread-744) Consumed 10 messages
2025-08-13 16:44:30,976 INFO  [org.apa.kaf.cli.con.int.ConsumerRebalanceListenerInvoker] (Thread-744) [Consumer clientId=consumer-Consumer-topic-f6871b55_d3bd_4b99_9046_47732f3e8d75-18, groupId=Consumer-topic-f6871b55_d3bd_4b99_9046_47732f3e8d75] Revoke previously assigned partitions topic-f6871b55_d3bd_4b99_9046_47732f3e8d75-0
2025-08-13 16:44:30,976 INFO  [org.apa.kaf.cli.con.int.ConsumerCoordinator] (Thread-744) [Consumer clientId=consumer-Consumer-topic-f6871b55_d3bd_4b99_9046_47732f3e8d75-18, groupId=Consumer-topic-f6871b55_d3bd_4b99_9046_47732f3e8d75] Member consumer-Consumer-topic-f6871b55_d3bd_4b99_9046_47732f3e8d75-18-86c8a474-6e14-4e6c-a94f-6cd36654d6b2 sending LeaveGroup request to coordinator localhost:32769 (id: 2147483647 rack: null) due to the consumer is being closed
2025-08-13 16:44:30,976 INFO  [org.apa.kaf.cli.con.int.ConsumerCoordinator] (Thread-744) [Consumer clientId=consumer-Consumer-topic-f6871b55_d3bd_4b99_9046_47732f3e8d75-18, groupId=Consumer-topic-f6871b55_d3bd_4b99_9046_47732f3e8d75] Resetting generation and member id due to: consumer pro-actively leaving the group
2025-08-13 16:44:30,976 INFO  [org.apa.kaf.cli.con.int.ConsumerCoordinator] (Thread-744) [Consumer clientId=consumer-Consumer-topic-f6871b55_d3bd_4b99_9046_47732f3e8d75-18, groupId=Consumer-topic-f6871b55_d3bd_4b99_9046_47732f3e8d75] Request joining group due to: consumer pro-actively leaving the group
2025-08-13 16:44:31,472 INFO  [org.apa.kaf.com.met.Metrics] (Thread-744) Metrics scheduler closed
2025-08-13 16:44:31,472 INFO  [org.apa.kaf.com.met.Metrics] (Thread-744) Closing reporter org.apache.kafka.common.metrics.JmxReporter
2025-08-13 16:44:31,472 INFO  [org.apa.kaf.com.met.Metrics] (Thread-744) Closing reporter org.apache.kafka.common.telemetry.internals.ClientTelemetryReporter
2025-08-13 16:44:31,472 INFO  [org.apa.kaf.com.met.Metrics] (Thread-744) Metrics reporters closed
2025-08-13 16:44:31,476 INFO  [org.apa.kaf.com.uti.AppInfoParser] (Thread-744) App info kafka.consumer for consumer-Consumer-topic-f6871b55_d3bd_4b99_9046_47732f3e8d75-18 unregistered
2025-08-13 16:44:31,477 INFO  [io.api.tes.uti.TestSeparator] (main) io.apicurio.tests.serdes.apicurio.AvroSerdeIT.testGlobalIdInBody-FINISHED
2025-08-13 16:44:31,477 INFO  [io.api.tes.uti.TestSeparator] (main) ############################################################################
Test passed: testGlobalIdInBody
]]></system-out>
  </testcase>
  <testcase name="testProducerUsesGlobalIdConsumerUsesDefault" classname="io.apicurio.tests.serdes.apicurio.AvroSerdeIT" time="0.0">
    <skipped message="void io.apicurio.tests.serdes.apicurio.AvroSerdeIT.testProducerUsesGlobalIdConsumerUsesDefault() throws java.lang.Exception is @Disabled"/>
  </testcase>
</testsuite>