<?xml version="1.0" encoding="UTF-8"?>
<testsuite xmlns:xsi="http://www.w3.org/2001/XMLSchema-instance" xsi:noNamespaceSchemaLocation="https://maven.apache.org/surefire/maven-failsafe-plugin/xsd/failsafe-test-report.xsd" version="3.0.2" name="io.apicurio.tests.serdes.apicurio.ProtobufSerdeIT" time="67.139" tests="17" errors="0" skipped="0" failures="0">
  <properties>
    <property name="java.specification.version" value="17"/>
    <property name="sun.jnu.encoding" value="UTF-8"/>
    <property name="java.class.path" value="/home/runner/work/apicurio-testing/apicurio-testing/clusters/ci419/namespaces/ksql043/tests/integration/apicurio-registry/integration-tests/target/test-classes:/home/runner/work/apicurio-testing/apicurio-testing/clusters/ci419/namespaces/ksql043/tests/integration/apicurio-registry/integration-tests/target/apicurio-registry-integration-tests-3.0.13-SNAPSHOT.jar:/home/runner/.m2/repository/io/quarkus/quarkus-junit5/3.20.2/quarkus-junit5-3.20.2.jar:/home/runner/.m2/repository/io/quarkus/quarkus-bootstrap-core/3.20.2/quarkus-bootstrap-core-3.20.2.jar:/home/runner/.m2/repository/io/quarkus/quarkus-classloader-commons/3.20.2/quarkus-classloader-commons-3.20.2.jar:/home/runner/.m2/repository/io/quarkus/quarkus-bootstrap-app-model/3.20.2/quarkus-bootstrap-app-model-3.20.2.jar:/home/runner/.m2/repository/io/smallrye/common/smallrye-common-io/2.12.0/smallrye-common-io-2.12.0.jar:/home/runner/.m2/repository/org/eclipse/sisu/org.eclipse.sisu.inject/0.9.0.M3/org.eclipse.sisu.inject-0.9.0.M3.jar:/home/runner/.m2/repository/io/quarkus/quarkus-test-common/3.20.2/quarkus-test-common-3.20.2.jar:/home/runner/.m2/repository/io/quarkus/quarkus-core-deployment/3.20.2/quarkus-core-deployment-3.20.2.jar:/home/runner/.m2/repository/org/aesh/readline/2.6/readline-2.6.jar:/home/runner/.m2/repository/org/fusesource/jansi/jansi/2.4.0/jansi-2.4.0.jar:/home/runner/.m2/repository/org/aesh/aesh/2.8.2/aesh-2.8.2.jar:/home/runner/.m2/repository/io/quarkus/gizmo/gizmo/1.8.0/gizmo-1.8.0.jar:/home/runner/.m2/repository/org/ow2/asm/asm-util/9.7.1/asm-util-9.7.1.jar:/home/runner/.m2/repository/org/ow2/asm/asm-analysis/9.7.1/asm-analysis-9.7.1.jar:/home/runner/.m2/repository/org/ow2/asm/asm-commons/9.7.1/asm-commons-9.7.1.jar:/home/runner/.m2/repository/org/ow2/asm/asm-tree/9.7.1/asm-tree-9.7.1.jar:/home/runner/.m2/repository/io/quarkus/quarkus-hibernate-validator-spi/3.20.2/quarkus-hibernate-validator-spi-3.20.2.jar:/home/runner/.m2/repository/io/quarkus/quarkus-class-change-agent/3.20.2/quarkus-class-change-agent-3.20.2.jar:/home/runner/.m2/repository/io/quarkus/quarkus-devtools-utilities/3.20.2/quarkus-devtools-utilities-3.20.2.jar:/home/runner/.m2/repository/io/quarkus/quarkus-builder/3.20.2/quarkus-builder-3.20.2.jar:/home/runner/.m2/repository/org/graalvm/sdk/nativeimage/23.1.2/nativeimage-23.1.2.jar:/home/runner/.m2/repository/org/graalvm/sdk/word/23.1.2/word-23.1.2.jar:/home/runner/.m2/repository/io/quarkus/quarkus-bootstrap-maven-resolver/3.20.2/quarkus-bootstrap-maven-resolver-3.20.2.jar:/home/runner/.m2/repository/io/smallrye/beanbag/smallrye-beanbag-maven/1.5.2/smallrye-beanbag-maven-1.5.2.jar:/home/runner/.m2/repository/io/smallrye/beanbag/smallrye-beanbag-sisu/1.5.2/smallrye-beanbag-sisu-1.5.2.jar:/home/runner/.m2/repository/io/smallrye/beanbag/smallrye-beanbag/1.5.2/smallrye-beanbag-1.5.2.jar:/home/runner/.m2/repository/javax/inject/javax.inject/1/javax.inject-1.jar:/home/runner/.m2/repository/org/apache/maven/maven-artifact/3.9.9/maven-artifact-3.9.9.jar:/home/runner/.m2/repository/org/apache/maven/maven-builder-support/3.9.9/maven-builder-support-3.9.9.jar:/home/runner/.m2/repository/org/apache/maven/maven-model/3.9.9/maven-model-3.9.9.jar:/home/runner/.m2/repository/org/apache/maven/maven-model-builder/3.9.9/maven-model-builder-3.9.9.jar:/home/runner/.m2/repository/org/apache/maven/maven-repository-metadata/3.9.9/maven-repository-metadata-3.9.9.jar:/home/runner/.m2/repository/org/apache/maven/maven-settings/3.9.9/maven-settings-3.9.9.jar:/home/runner/.m2/repository/org/apache/maven/resolver/maven-resolver-api/1.9.22/maven-resolver-api-1.9.22.jar:/home/runner/.m2/repository/org/apache/maven/resolver/maven-resolver-impl/1.9.22/maven-resolver-impl-1.9.22.jar:/home/runner/.m2/repository/org/apache/maven/resolver/maven-resolver-named-locks/1.9.22/maven-resolver-named-locks-1.9.22.jar:/home/runner/.m2/repository/org/apache/maven/resolver/maven-resolver-spi/1.9.22/maven-resolver-spi-1.9.22.jar:/home/runner/.m2/repository/org/apache/maven/resolver/maven-resolver-util/1.9.22/maven-resolver-util-1.9.22.jar:/home/runner/.m2/repository/org/apache/maven/resolver/maven-resolver-transport-http/1.9.20/maven-resolver-transport-http-1.9.20.jar:/home/runner/.m2/repository/org/apache/maven/wagon/wagon-provider-api/3.5.3/wagon-provider-api-3.5.3.jar:/home/runner/.m2/repository/org/apache/maven/wagon/wagon-http-shared/3.5.3/wagon-http-shared-3.5.3.jar:/home/runner/.m2/repository/org/codehaus/plexus/plexus-interpolation/1.26/plexus-interpolation-1.26.jar:/home/runner/.m2/repository/org/codehaus/plexus/plexus-utils/3.5.1/plexus-utils-3.5.1.jar:/home/runner/.m2/repository/org/codehaus/plexus/plexus-xml/4.0.1/plexus-xml-4.0.1.jar:/home/runner/.m2/repository/org/apache/maven/maven-xml-impl/4.0.0-alpha-5/maven-xml-impl-4.0.0-alpha-5.jar:/home/runner/.m2/repository/org/apache/maven/maven-api-xml/4.0.0-alpha-5/maven-api-xml-4.0.0-alpha-5.jar:/home/runner/.m2/repository/org/apache/maven/maven-api-meta/4.0.0-alpha-5/maven-api-meta-4.0.0-alpha-5.jar:/home/runner/.m2/repository/org/codehaus/plexus/plexus-cipher/2.0/plexus-cipher-2.0.jar:/home/runner/.m2/repository/org/codehaus/plexus/plexus-sec-dispatcher/2.0/plexus-sec-dispatcher-2.0.jar:/home/runner/.m2/repository/org/apache/maven/maven-embedder/3.9.9/maven-embedder-3.9.9.jar:/home/runner/.m2/repository/org/apache/maven/maven-core/3.9.9/maven-core-3.9.9.jar:/home/runner/.m2/repository/org/codehaus/plexus/plexus-component-annotations/2.1.0/plexus-component-annotations-2.1.0.jar:/home/runner/.m2/repository/org/apache/maven/maven-plugin-api/3.9.9/maven-plugin-api-3.9.9.jar:/home/runner/.m2/repository/org/apache/maven/shared/maven-shared-utils/3.4.2/maven-shared-utils-3.4.2.jar:/home/runner/.m2/repository/com/google/inject/guice/5.1.0/guice-5.1.0.jar:/home/runner/.m2/repository/aopalliance/aopalliance/1.0/aopalliance-1.0.jar:/home/runner/.m2/repository/org/codehaus/plexus/plexus-classworlds/2.6.0/plexus-classworlds-2.6.0.jar:/home/runner/.m2/repository/commons-cli/commons-cli/1.8.0/commons-cli-1.8.0.jar:/home/runner/.m2/repository/org/eclipse/sisu/org.eclipse.sisu.plexus/0.9.0.M3/org.eclipse.sisu.plexus-0.9.0.M3.jar:/home/runner/.m2/repository/org/apache/maven/maven-settings-builder/3.9.9/maven-settings-builder-3.9.9.jar:/home/runner/.m2/repository/org/apache/maven/maven-resolver-provider/3.9.9/maven-resolver-provider-3.9.9.jar:/home/runner/.m2/repository/org/apache/maven/resolver/maven-resolver-connector-basic/1.9.22/maven-resolver-connector-basic-1.9.22.jar:/home/runner/.m2/repository/org/apache/maven/resolver/maven-resolver-transport-wagon/1.9.22/maven-resolver-transport-wagon-1.9.22.jar:/home/runner/.m2/repository/org/apache/maven/wagon/wagon-http/3.5.3/wagon-http-3.5.3.jar:/home/runner/.m2/repository/org/apache/maven/wagon/wagon-file/3.5.3/wagon-file-3.5.3.jar:/home/runner/.m2/repository/io/quarkus/quarkus-bootstrap-gradle-resolver/3.20.2/quarkus-bootstrap-gradle-resolver-3.20.2.jar:/home/runner/.m2/repository/io/smallrye/jandex/3.3.0/jandex-3.3.0.jar:/home/runner/.m2/repository/org/jboss/logging/commons-logging-jboss-logging/1.0.0.Final/commons-logging-jboss-logging-1.0.0.Final.jar:/home/runner/.m2/repository/io/quarkus/quarkus-junit5-config/3.20.2/quarkus-junit5-config-3.20.2.jar:/home/runner/.m2/repository/org/junit/jupiter/junit-jupiter-api/5.12.1/junit-jupiter-api-5.12.1.jar:/home/runner/.m2/repository/io/smallrye/config/smallrye-config/3.11.4/smallrye-config-3.11.4.jar:/home/runner/.m2/repository/io/smallrye/config/smallrye-config-core/3.11.4/smallrye-config-core-3.11.4.jar:/home/runner/.m2/repository/io/smallrye/common/smallrye-common-classloader/2.12.0/smallrye-common-classloader-2.12.0.jar:/home/runner/.m2/repository/io/smallrye/config/smallrye-config-common/3.11.4/smallrye-config-common-3.11.4.jar:/home/runner/.m2/repository/org/junit/jupiter/junit-jupiter/5.12.1/junit-jupiter-5.12.1.jar:/home/runner/.m2/repository/org/junit/jupiter/junit-jupiter-params/5.12.1/junit-jupiter-params-5.12.1.jar:/home/runner/.m2/repository/org/junit/jupiter/junit-jupiter-engine/5.12.1/junit-jupiter-engine-5.12.1.jar:/home/runner/.m2/repository/io/quarkus/quarkus-core/3.20.2/quarkus-core-3.20.2.jar:/home/runner/.m2/repository/jakarta/enterprise/jakarta.enterprise.cdi-api/4.1.0/jakarta.enterprise.cdi-api-4.1.0.jar:/home/runner/.m2/repository/jakarta/enterprise/jakarta.enterprise.lang-model/4.1.0/jakarta.enterprise.lang-model-4.1.0.jar:/home/runner/.m2/repository/jakarta/el/jakarta.el-api/5.0.1/jakarta.el-api-5.0.1.jar:/home/runner/.m2/repository/jakarta/interceptor/jakarta.interceptor-api/2.2.0/jakarta.interceptor-api-2.2.0.jar:/home/runner/.m2/repository/jakarta/inject/jakarta.inject-api/2.0.1/jakarta.inject-api-2.0.1.jar:/home/runner/.m2/repository/io/smallrye/common/smallrye-common-os/2.12.0/smallrye-common-os-2.12.0.jar:/home/runner/.m2/repository/io/quarkus/quarkus-ide-launcher/3.20.2/quarkus-ide-launcher-3.20.2.jar:/home/runner/.m2/repository/io/quarkus/quarkus-development-mode-spi/3.20.2/quarkus-development-mode-spi-3.20.2.jar:/home/runner/.m2/repository/org/jboss/logging/jboss-logging/3.6.1.Final/jboss-logging-3.6.1.Final.jar:/home/runner/.m2/repository/org/jboss/logmanager/jboss-logmanager/3.1.2.Final/jboss-logmanager-3.1.2.Final.jar:/home/runner/.m2/repository/io/smallrye/common/smallrye-common-constraint/2.12.0/smallrye-common-constraint-2.12.0.jar:/home/runner/.m2/repository/io/smallrye/common/smallrye-common-cpu/2.12.0/smallrye-common-cpu-2.12.0.jar:/home/runner/.m2/repository/io/smallrye/common/smallrye-common-expression/2.12.0/smallrye-common-expression-2.12.0.jar:/home/runner/.m2/repository/io/smallrye/common/smallrye-common-net/2.12.0/smallrye-common-net-2.12.0.jar:/home/runner/.m2/repository/io/smallrye/common/smallrye-common-ref/2.12.0/smallrye-common-ref-2.12.0.jar:/home/runner/.m2/repository/jakarta/json/jakarta.json-api/2.1.3/jakarta.json-api-2.1.3.jar:/home/runner/.m2/repository/org/eclipse/parsson/parsson/1.1.7/parsson-1.1.7.jar:/home/runner/.m2/repository/org/jboss/logging/jboss-logging-annotations/3.0.4.Final/jboss-logging-annotations-3.0.4.Final.jar:/home/runner/.m2/repository/org/jboss/threads/jboss-threads/3.8.0.Final/jboss-threads-3.8.0.Final.jar:/home/runner/.m2/repository/io/smallrye/common/smallrye-common-annotation/2.12.0/smallrye-common-annotation-2.12.0.jar:/home/runner/.m2/repository/io/smallrye/common/smallrye-common-function/2.12.0/smallrye-common-function-2.12.0.jar:/home/runner/.m2/repository/org/jboss/slf4j/slf4j-jboss-logmanager/2.0.0.Final/slf4j-jboss-logmanager-2.0.0.Final.jar:/home/runner/.m2/repository/org/wildfly/common/wildfly-common/2.0.1/wildfly-common-2.0.1.jar:/home/runner/.m2/repository/io/quarkus/quarkus-bootstrap-runner/3.20.2/quarkus-bootstrap-runner-3.20.2.jar:/home/runner/.m2/repository/io/github/crac/org-crac/0.1.3/org-crac-0.1.3.jar:/home/runner/.m2/repository/io/quarkus/quarkus-fs-util/0.0.10/quarkus-fs-util-0.0.10.jar:/home/runner/.m2/repository/org/jboss/marshalling/jboss-marshalling/2.2.2.Final/jboss-marshalling-2.2.2.Final.jar:/home/runner/.m2/repository/io/fabric8/kubernetes-client/7.1.0/kubernetes-client-7.1.0.jar:/home/runner/.m2/repository/io/fabric8/kubernetes-client-api/7.1.0/kubernetes-client-api-7.1.0.jar:/home/runner/.m2/repository/io/fabric8/kubernetes-model-core/7.1.0/kubernetes-model-core-7.1.0.jar:/home/runner/.m2/repository/io/fabric8/kubernetes-model-common/7.1.0/kubernetes-model-common-7.1.0.jar:/home/runner/.m2/repository/javax/annotation/javax.annotation-api/1.3.2/javax.annotation-api-1.3.2.jar:/home/runner/.m2/repository/io/fabric8/kubernetes-model-gatewayapi/7.1.0/kubernetes-model-gatewayapi-7.1.0.jar:/home/runner/.m2/repository/io/fabric8/kubernetes-model-resource/7.1.0/kubernetes-model-resource-7.1.0.jar:/home/runner/.m2/repository/io/fabric8/kubernetes-model-rbac/7.1.0/kubernetes-model-rbac-7.1.0.jar:/home/runner/.m2/repository/io/fabric8/kubernetes-model-admissionregistration/7.1.0/kubernetes-model-admissionregistration-7.1.0.jar:/home/runner/.m2/repository/io/fabric8/kubernetes-model-apps/7.1.0/kubernetes-model-apps-7.1.0.jar:/home/runner/.m2/repository/io/fabric8/kubernetes-model-autoscaling/7.1.0/kubernetes-model-autoscaling-7.1.0.jar:/home/runner/.m2/repository/io/fabric8/kubernetes-model-apiextensions/7.1.0/kubernetes-model-apiextensions-7.1.0.jar:/home/runner/.m2/repository/io/fabric8/kubernetes-model-batch/7.1.0/kubernetes-model-batch-7.1.0.jar:/home/runner/.m2/repository/io/fabric8/kubernetes-model-certificates/7.1.0/kubernetes-model-certificates-7.1.0.jar:/home/runner/.m2/repository/io/fabric8/kubernetes-model-coordination/7.1.0/kubernetes-model-coordination-7.1.0.jar:/home/runner/.m2/repository/io/fabric8/kubernetes-model-discovery/7.1.0/kubernetes-model-discovery-7.1.0.jar:/home/runner/.m2/repository/io/fabric8/kubernetes-model-events/7.1.0/kubernetes-model-events-7.1.0.jar:/home/runner/.m2/repository/io/fabric8/kubernetes-model-extensions/7.1.0/kubernetes-model-extensions-7.1.0.jar:/home/runner/.m2/repository/io/fabric8/kubernetes-model-flowcontrol/7.1.0/kubernetes-model-flowcontrol-7.1.0.jar:/home/runner/.m2/repository/io/fabric8/kubernetes-model-networking/7.1.0/kubernetes-model-networking-7.1.0.jar:/home/runner/.m2/repository/io/fabric8/kubernetes-model-metrics/7.1.0/kubernetes-model-metrics-7.1.0.jar:/home/runner/.m2/repository/io/fabric8/kubernetes-model-policy/7.1.0/kubernetes-model-policy-7.1.0.jar:/home/runner/.m2/repository/io/fabric8/kubernetes-model-scheduling/7.1.0/kubernetes-model-scheduling-7.1.0.jar:/home/runner/.m2/repository/io/fabric8/kubernetes-model-storageclass/7.1.0/kubernetes-model-storageclass-7.1.0.jar:/home/runner/.m2/repository/io/fabric8/kubernetes-model-node/7.1.0/kubernetes-model-node-7.1.0.jar:/home/runner/.m2/repository/org/snakeyaml/snakeyaml-engine/2.9/snakeyaml-engine-2.9.jar:/home/runner/.m2/repository/com/fasterxml/jackson/dataformat/jackson-dataformat-yaml/2.18.2/jackson-dataformat-yaml-2.18.2.jar:/home/runner/.m2/repository/com/fasterxml/jackson/datatype/jackson-datatype-jsr310/2.18.2/jackson-datatype-jsr310-2.18.2.jar:/home/runner/.m2/repository/io/fabric8/zjsonpatch/7.1.0/zjsonpatch-7.1.0.jar:/home/runner/.m2/repository/io/fabric8/kubernetes-httpclient-vertx/7.1.0/kubernetes-httpclient-vertx-7.1.0.jar:/home/runner/.m2/repository/io/vertx/vertx-web-client/4.5.16/vertx-web-client-4.5.16.jar:/home/runner/.m2/repository/io/vertx/vertx-web-common/4.5.16/vertx-web-common-4.5.16.jar:/home/runner/.m2/repository/io/vertx/vertx-auth-common/4.5.16/vertx-auth-common-4.5.16.jar:/home/runner/.m2/repository/io/vertx/vertx-uri-template/4.5.16/vertx-uri-template-4.5.16.jar:/home/runner/.m2/repository/io/fabric8/openshift-client/7.1.0/openshift-client-7.1.0.jar:/home/runner/.m2/repository/io/fabric8/openshift-client-api/7.1.0/openshift-client-api-7.1.0.jar:/home/runner/.m2/repository/io/fabric8/openshift-model/7.1.0/openshift-model-7.1.0.jar:/home/runner/.m2/repository/io/fabric8/openshift-model-autoscaling/7.1.0/openshift-model-autoscaling-7.1.0.jar:/home/runner/.m2/repository/io/fabric8/openshift-model-operator/7.1.0/openshift-model-operator-7.1.0.jar:/home/runner/.m2/repository/io/fabric8/openshift-model-operatorhub/7.1.0/openshift-model-operatorhub-7.1.0.jar:/home/runner/.m2/repository/io/fabric8/openshift-model-machine/7.1.0/openshift-model-machine-7.1.0.jar:/home/runner/.m2/repository/io/fabric8/openshift-model-whereabouts/7.1.0/openshift-model-whereabouts-7.1.0.jar:/home/runner/.m2/repository/io/fabric8/openshift-model-monitoring/7.1.0/openshift-model-monitoring-7.1.0.jar:/home/runner/.m2/repository/io/fabric8/openshift-model-storageversionmigrator/7.1.0/openshift-model-storageversionmigrator-7.1.0.jar:/home/runner/.m2/repository/io/fabric8/openshift-model-tuned/7.1.0/openshift-model-tuned-7.1.0.jar:/home/runner/.m2/repository/io/fabric8/openshift-model-console/7.1.0/openshift-model-console-7.1.0.jar:/home/runner/.m2/repository/io/fabric8/openshift-model-config/7.1.0/openshift-model-config-7.1.0.jar:/home/runner/.m2/repository/io/fabric8/openshift-model-machineconfiguration/7.1.0/openshift-model-machineconfiguration-7.1.0.jar:/home/runner/.m2/repository/io/fabric8/openshift-model-miscellaneous/7.1.0/openshift-model-miscellaneous-7.1.0.jar:/home/runner/.m2/repository/io/fabric8/openshift-model-hive/7.1.0/openshift-model-hive-7.1.0.jar:/home/runner/.m2/repository/io/fabric8/openshift-model-installer/7.1.0/openshift-model-installer-7.1.0.jar:/home/runner/.m2/repository/org/junit/platform/junit-platform-launcher/1.12.1/junit-platform-launcher-1.12.1.jar:/home/runner/.m2/repository/org/junit/platform/junit-platform-engine/1.12.1/junit-platform-engine-1.12.1.jar:/home/runner/.m2/repository/org/opentest4j/opentest4j/1.3.0/opentest4j-1.3.0.jar:/home/runner/.m2/repository/org/junit/platform/junit-platform-commons/1.12.1/junit-platform-commons-1.12.1.jar:/home/runner/.m2/repository/org/apiguardian/apiguardian-api/1.1.2/apiguardian-api-1.1.2.jar:/home/runner/.m2/repository/jakarta/ws/rs/jakarta.ws.rs-api/3.1.0/jakarta.ws.rs-api-3.1.0.jar:/home/runner/work/apicurio-testing/apicurio-testing/clusters/ci419/namespaces/ksql043/tests/integration/apicurio-registry/java-sdk/target/apicurio-registry-java-sdk-3.0.13-SNAPSHOT.jar:/home/runner/.m2/repository/com/microsoft/kiota/microsoft-kiota-abstractions/1.8.9/microsoft-kiota-abstractions-1.8.9.jar:/home/runner/.m2/repository/io/github/std-uritemplate/std-uritemplate/2.0.0/std-uritemplate-2.0.0.jar:/home/runner/.m2/repository/io/kiota/kiota-http-jdk/0.0.29/kiota-http-jdk-0.0.29.jar:/home/runner/.m2/repository/io/kiota/kiota-http-vertx/0.0.29/kiota-http-vertx-0.0.29.jar:/home/runner/.m2/repository/io/kiota/kiota-serialization-jackson/0.0.29/kiota-serialization-jackson-0.0.29.jar:/home/runner/.m2/repository/com/microsoft/kiota/microsoft-kiota-serialization-text/1.8.9/microsoft-kiota-serialization-text-1.8.9.jar:/home/runner/.m2/repository/com/microsoft/kiota/microsoft-kiota-serialization-form/1.8.9/microsoft-kiota-serialization-form-1.8.9.jar:/home/runner/.m2/repository/com/microsoft/kiota/microsoft-kiota-serialization-multipart/1.8.9/microsoft-kiota-serialization-multipart-1.8.9.jar:/home/runner/.m2/repository/jakarta/annotation/jakarta.annotation-api/3.0.0/jakarta.annotation-api-3.0.0.jar:/home/runner/.m2/repository/io/vertx/vertx-auth-oauth2/4.5.16/vertx-auth-oauth2-4.5.16.jar:/home/runner/work/apicurio-testing/apicurio-testing/clusters/ci419/namespaces/ksql043/tests/integration/apicurio-registry/java-sdk-v2/target/apicurio-registry-v2-java-sdk-3.0.13-SNAPSHOT.jar:/home/runner/work/apicurio-testing/apicurio-testing/clusters/ci419/namespaces/ksql043/tests/integration/apicurio-registry/utils/kafka/target/apicurio-registry-utils-kafka-3.0.13-SNAPSHOT-tests.jar:/home/runner/.m2/repository/org/eclipse/microprofile/config/microprofile-config-api/3.1/microprofile-config-api-3.1.jar:/home/runner/.m2/repository/org/apache/kafka/kafka-clients/3.9.1/kafka-clients-3.9.1.jar:/home/runner/.m2/repository/com/github/luben/zstd-jni/1.5.6-4/zstd-jni-1.5.6-4.jar:/home/runner/.m2/repository/org/lz4/lz4-java/1.8.0/lz4-java-1.8.0.jar:/home/runner/.m2/repository/org/xerial/snappy/snappy-java/1.1.10.5/snappy-java-1.1.10.5.jar:/home/runner/.m2/repository/org/slf4j/slf4j-api/2.0.6/slf4j-api-2.0.6.jar:/home/runner/work/apicurio-testing/apicurio-testing/clusters/ci419/namespaces/ksql043/tests/integration/apicurio-registry/utils/tests/target/apicurio-registry-utils-tests-3.0.13-SNAPSHOT.jar:/home/runner/work/apicurio-testing/apicurio-testing/clusters/ci419/namespaces/ksql043/tests/integration/apicurio-registry/common/target/apicurio-registry-common-3.0.13-SNAPSHOT.jar:/home/runner/.m2/repository/jakarta/validation/jakarta.validation-api/3.0.2/jakarta.validation-api-3.0.2.jar:/home/runner/.m2/repository/com/github/dasniko/testcontainers-keycloak/3.8.0/testcontainers-keycloak-3.8.0.jar:/home/runner/.m2/repository/org/testcontainers/testcontainers/1.20.6/testcontainers-1.20.6.jar:/home/runner/.m2/repository/org/rnorth/duct-tape/duct-tape/1.0.8/duct-tape-1.0.8.jar:/home/runner/.m2/repository/com/github/docker-java/docker-java-transport-zerodep/3.4.1/docker-java-transport-zerodep-3.4.1.jar:/home/runner/.m2/repository/com/github/docker-java/docker-java-transport/3.4.1/docker-java-transport-3.4.1.jar:/home/runner/.m2/repository/net/java/dev/jna/jna/5.8.0/jna-5.8.0.jar:/home/runner/.m2/repository/io/quarkus/quarkus-junit4-mock/3.20.2/quarkus-junit4-mock-3.20.2.jar:/home/runner/.m2/repository/org/jboss/shrinkwrap/shrinkwrap-api/2.0.0-beta-2/shrinkwrap-api-2.0.0-beta-2.jar:/home/runner/.m2/repository/org/jboss/shrinkwrap/shrinkwrap-impl-base/2.0.0-beta-2/shrinkwrap-impl-base-2.0.0-beta-2.jar:/home/runner/.m2/repository/org/jboss/shrinkwrap/shrinkwrap-spi/2.0.0-beta-2/shrinkwrap-spi-2.0.0-beta-2.jar:/home/runner/.m2/repository/org/keycloak/keycloak-admin-client/26.0.4/keycloak-admin-client-26.0.4.jar:/home/runner/.m2/repository/org/keycloak/keycloak-client-common-synced/26.0.4/keycloak-client-common-synced-26.0.4.jar:/home/runner/.m2/repository/jakarta/activation/jakarta.activation-api/2.1.3/jakarta.activation-api-2.1.3.jar:/home/runner/.m2/repository/org/eclipse/microprofile/openapi/microprofile-openapi-api/4.0.2/microprofile-openapi-api-4.0.2.jar:/home/runner/.m2/repository/org/jboss/resteasy/resteasy-client/6.2.12.Final/resteasy-client-6.2.12.Final.jar:/home/runner/.m2/repository/org/jboss/resteasy/resteasy-client-api/6.2.12.Final/resteasy-client-api-6.2.12.Final.jar:/home/runner/.m2/repository/org/jboss/resteasy/resteasy-core-spi/6.2.12.Final/resteasy-core-spi-6.2.12.Final.jar:/home/runner/.m2/repository/org/jboss/resteasy/resteasy-core/6.2.12.Final/resteasy-core-6.2.12.Final.jar:/home/runner/.m2/repository/org/eclipse/angus/angus-activation/2.0.2/angus-activation-2.0.2.jar:/home/runner/.m2/repository/com/ibm/async/asyncutil/0.1.0/asyncutil-0.1.0.jar:/home/runner/.m2/repository/org/reactivestreams/reactive-streams/1.0.4/reactive-streams-1.0.4.jar:/home/runner/.m2/repository/org/jboss/resteasy/resteasy-multipart-provider/6.2.12.Final/resteasy-multipart-provider-6.2.12.Final.jar:/home/runner/.m2/repository/jakarta/mail/jakarta.mail-api/2.1.3/jakarta.mail-api-2.1.3.jar:/home/runner/.m2/repository/org/eclipse/angus/angus-mail/2.0.3/angus-mail-2.0.3.jar:/home/runner/.m2/repository/org/apache/james/apache-mime4j-dom/0.8.12/apache-mime4j-dom-0.8.12.jar:/home/runner/.m2/repository/org/apache/james/apache-mime4j-core/0.8.12/apache-mime4j-core-0.8.12.jar:/home/runner/.m2/repository/org/apache/james/apache-mime4j-storage/0.8.12/apache-mime4j-storage-0.8.12.jar:/home/runner/.m2/repository/org/jboss/resteasy/resteasy-jackson2-provider/6.2.12.Final/resteasy-jackson2-provider-6.2.12.Final.jar:/home/runner/.m2/repository/com/fasterxml/jackson/jakarta/rs/jackson-jakarta-rs-base/2.18.2/jackson-jakarta-rs-base-2.18.2.jar:/home/runner/.m2/repository/com/fasterxml/jackson/jakarta/rs/jackson-jakarta-rs-json-provider/2.18.2/jackson-jakarta-rs-json-provider-2.18.2.jar:/home/runner/.m2/repository/com/fasterxml/jackson/module/jackson-module-jakarta-xmlbind-annotations/2.18.2/jackson-module-jakarta-xmlbind-annotations-2.18.2.jar:/home/runner/.m2/repository/com/github/java-json-tools/json-patch/1.13/json-patch-1.13.jar:/home/runner/.m2/repository/com/github/java-json-tools/msg-simple/1.2/msg-simple-1.2.jar:/home/runner/.m2/repository/com/github/java-json-tools/btf/1.3/btf-1.3.jar:/home/runner/.m2/repository/com/github/java-json-tools/jackson-coreutils/2.0/jackson-coreutils-2.0.jar:/home/runner/.m2/repository/org/jboss/resteasy/resteasy-jaxb-provider/6.2.12.Final/resteasy-jaxb-provider-6.2.12.Final.jar:/home/runner/.m2/repository/org/glassfish/jaxb/codemodel/4.0.5/codemodel-4.0.5.jar:/home/runner/.m2/repository/org/glassfish/jaxb/jaxb-core/4.0.5/jaxb-core-4.0.5.jar:/home/runner/.m2/repository/org/glassfish/jaxb/jaxb-jxc/4.0.5/jaxb-jxc-4.0.5.jar:/home/runner/.m2/repository/org/glassfish/jaxb/jaxb-runtime/4.0.5/jaxb-runtime-4.0.5.jar:/home/runner/.m2/repository/org/glassfish/jaxb/txw2/4.0.5/txw2-4.0.5.jar:/home/runner/.m2/repository/org/glassfish/jaxb/jaxb-xjc/4.0.5/jaxb-xjc-4.0.5.jar:/home/runner/.m2/repository/org/glassfish/jaxb/xsom/4.0.5/xsom-4.0.5.jar:/home/runner/.m2/repository/com/sun/istack/istack-commons-runtime/4.1.2/istack-commons-runtime-4.1.2.jar:/home/runner/.m2/repository/com/sun/istack/istack-commons-tools/4.1.2/istack-commons-tools-4.1.2.jar:/home/runner/.m2/repository/com/sun/xml/bind/external/relaxng-datatype/4.0.5/relaxng-datatype-4.0.5.jar:/home/runner/.m2/repository/com/sun/xml/bind/external/rngom/4.0.5/rngom-4.0.5.jar:/home/runner/.m2/repository/org/testcontainers/mssqlserver/1.20.6/mssqlserver-1.20.6.jar:/home/runner/.m2/repository/org/testcontainers/jdbc/1.20.6/jdbc-1.20.6.jar:/home/runner/.m2/repository/org/testcontainers/database-commons/1.20.6/database-commons-1.20.6.jar:/home/runner/.m2/repository/org/testcontainers/mysql/1.20.6/mysql-1.20.6.jar:/home/runner/.m2/repository/io/strimzi/strimzi-test-container/0.111.0/strimzi-test-container-0.111.0.jar:/home/runner/.m2/repository/org/testcontainers/toxiproxy/1.20.6/toxiproxy-1.20.6.jar:/home/runner/.m2/repository/com/github/docker-java/docker-java-api/3.4.1/docker-java-api-3.4.1.jar:/home/runner/.m2/repository/org/apache/logging/log4j/log4j-slf4j-impl/2.19.0/log4j-slf4j-impl-2.19.0.jar:/home/runner/.m2/repository/org/apache/logging/log4j/log4j-api/2.24.3/log4j-api-2.24.3.jar:/home/runner/.m2/repository/org/apache/logging/log4j/log4j-core/2.19.0/log4j-core-2.19.0.jar:/home/runner/.m2/repository/eu/rekawek/toxiproxy/toxiproxy-java/2.1.7/toxiproxy-java-2.1.7.jar:/home/runner/.m2/repository/org/testcontainers/pulsar/1.21.3/pulsar-1.21.3.jar:/home/runner/.m2/repository/io/debezium/debezium-testing-testcontainers/2.7.4.Final/debezium-testing-testcontainers-2.7.4.Final.jar:/home/runner/.m2/repository/org/testcontainers/kafka/1.20.6/kafka-1.20.6.jar:/home/runner/.m2/repository/com/squareup/okhttp3/okhttp/4.8.1/okhttp-4.8.1.jar:/home/runner/.m2/repository/com/squareup/okio/okio/3.10.2/okio-3.10.2.jar:/home/runner/.m2/repository/com/squareup/okio/okio-jvm/3.10.2/okio-jvm-3.10.2.jar:/home/runner/.m2/repository/org/jetbrains/kotlin/kotlin-stdlib/2.0.21/kotlin-stdlib-2.0.21.jar:/home/runner/.m2/repository/org/awaitility/awaitility/4.3.0/awaitility-4.3.0.jar:/home/runner/.m2/repository/org/testcontainers/mongodb/1.20.6/mongodb-1.20.6.jar:/home/runner/.m2/repository/org/testcontainers/mariadb/1.20.6/mariadb-1.20.6.jar:/home/runner/.m2/repository/org/testcontainers/oracle-xe/1.20.6/oracle-xe-1.20.6.jar:/home/runner/.m2/repository/org/testcontainers/postgresql/1.20.6/postgresql-1.20.6.jar:/home/runner/.m2/repository/org/wiremock/wiremock/3.0.1/wiremock-3.0.1.jar:/home/runner/.m2/repository/org/eclipse/jetty/jetty-server/11.0.15/jetty-server-11.0.15.jar:/home/runner/.m2/repository/org/eclipse/jetty/toolchain/jetty-jakarta-servlet-api/5.0.2/jetty-jakarta-servlet-api-5.0.2.jar:/home/runner/.m2/repository/org/eclipse/jetty/jetty-http/11.0.15/jetty-http-11.0.15.jar:/home/runner/.m2/repository/org/eclipse/jetty/jetty-io/11.0.15/jetty-io-11.0.15.jar:/home/runner/.m2/repository/org/eclipse/jetty/jetty-servlet/11.0.15/jetty-servlet-11.0.15.jar:/home/runner/.m2/repository/org/eclipse/jetty/jetty-security/11.0.15/jetty-security-11.0.15.jar:/home/runner/.m2/repository/org/eclipse/jetty/jetty-servlets/11.0.15/jetty-servlets-11.0.15.jar:/home/runner/.m2/repository/org/eclipse/jetty/jetty-util/11.0.15/jetty-util-11.0.15.jar:/home/runner/.m2/repository/org/eclipse/jetty/jetty-webapp/11.0.15/jetty-webapp-11.0.15.jar:/home/runner/.m2/repository/org/eclipse/jetty/jetty-xml/11.0.15/jetty-xml-11.0.15.jar:/home/runner/.m2/repository/org/eclipse/jetty/jetty-proxy/11.0.15/jetty-proxy-11.0.15.jar:/home/runner/.m2/repository/org/eclipse/jetty/jetty-client/11.0.15/jetty-client-11.0.15.jar:/home/runner/.m2/repository/org/eclipse/jetty/http2/http2-server/11.0.15/http2-server-11.0.15.jar:/home/runner/.m2/repository/org/eclipse/jetty/http2/http2-common/11.0.15/http2-common-11.0.15.jar:/home/runner/.m2/repository/org/eclipse/jetty/http2/http2-hpack/11.0.15/http2-hpack-11.0.15.jar:/home/runner/.m2/repository/org/eclipse/jetty/jetty-alpn-server/11.0.15/jetty-alpn-server-11.0.15.jar:/home/runner/.m2/repository/org/eclipse/jetty/jetty-alpn-java-server/11.0.15/jetty-alpn-java-server-11.0.15.jar:/home/runner/.m2/repository/org/eclipse/jetty/jetty-alpn-java-client/11.0.15/jetty-alpn-java-client-11.0.15.jar:/home/runner/.m2/repository/org/eclipse/jetty/jetty-alpn-client/11.0.15/jetty-alpn-client-11.0.15.jar:/home/runner/.m2/repository/org/apache/httpcomponents/client5/httpclient5/5.2.1/httpclient5-5.2.1.jar:/home/runner/.m2/repository/org/apache/httpcomponents/core5/httpcore5/5.2/httpcore5-5.2.jar:/home/runner/.m2/repository/org/apache/httpcomponents/core5/httpcore5-h2/5.2/httpcore5-h2-5.2.jar:/home/runner/.m2/repository/org/xmlunit/xmlunit-core/2.9.1/xmlunit-core-2.9.1.jar:/home/runner/.m2/repository/jakarta/xml/bind/jakarta.xml.bind-api/4.0.2/jakarta.xml.bind-api-4.0.2.jar:/home/runner/.m2/repository/org/xmlunit/xmlunit-legacy/2.9.1/xmlunit-legacy-2.9.1.jar:/home/runner/.m2/repository/org/xmlunit/xmlunit-placeholders/2.9.1/xmlunit-placeholders-2.9.1.jar:/home/runner/.m2/repository/net/javacrumbs/json-unit/json-unit-core/2.38.0/json-unit-core-2.38.0.jar:/home/runner/.m2/repository/org/hamcrest/hamcrest-core/2.2/hamcrest-core-2.2.jar:/home/runner/.m2/repository/com/jayway/jsonpath/json-path/2.8.0/json-path-2.8.0.jar:/home/runner/.m2/repository/net/minidev/json-smart/2.4.10/json-smart-2.4.10.jar:/home/runner/.m2/repository/net/minidev/accessors-smart/2.4.9/accessors-smart-2.4.9.jar:/home/runner/.m2/repository/org/ow2/asm/asm/9.7.1/asm-9.7.1.jar:/home/runner/.m2/repository/net/sf/jopt-simple/jopt-simple/5.0.4/jopt-simple-5.0.4.jar:/home/runner/.m2/repository/com/github/jknack/handlebars/4.3.1/handlebars-4.3.1.jar:/home/runner/.m2/repository/com/github/jknack/handlebars-helpers/4.3.1/handlebars-helpers-4.3.1.jar:/home/runner/.m2/repository/commons-fileupload/commons-fileupload/1.5/commons-fileupload-1.5.jar:/home/runner/.m2/repository/com/networknt/json-schema-validator/1.5.8/json-schema-validator-1.5.8.jar:/home/runner/.m2/repository/com/ethlo/time/itu/1.10.3/itu-1.10.3.jar:/home/runner/.m2/repository/io/quarkus/quarkus-smallrye-jwt-build/3.20.2/quarkus-smallrye-jwt-build-3.20.2.jar:/home/runner/.m2/repository/io/smallrye/smallrye-jwt-build/4.6.2/smallrye-jwt-build-4.6.2.jar:/home/runner/.m2/repository/org/eclipse/microprofile/jwt/microprofile-jwt-auth-api/2.1/microprofile-jwt-auth-api-2.1.jar:/home/runner/.m2/repository/org/bitbucket/b_c/jose4j/0.9.6/jose4j-0.9.6.jar:/home/runner/.m2/repository/io/smallrye/smallrye-jwt-common/4.6.2/smallrye-jwt-common-4.6.2.jar:/home/runner/.m2/repository/io/quarkus/quarkus-jsonp/3.20.2/quarkus-jsonp-3.20.2.jar:/home/runner/.m2/repository/io/quarkus/quarkus-arc/3.20.2/quarkus-arc-3.20.2.jar:/home/runner/.m2/repository/io/quarkus/arc/arc/3.20.2/arc-3.20.2.jar:/home/runner/.m2/repository/jakarta/transaction/jakarta.transaction-api/2.0.1/jakarta.transaction-api-2.0.1.jar:/home/runner/.m2/repository/io/smallrye/reactive/mutiny/2.9.2/mutiny-2.9.2.jar:/home/runner/.m2/repository/org/jctools/jctools-core/4.0.5/jctools-core-4.0.5.jar:/home/runner/.m2/repository/org/eclipse/microprofile/context-propagation/microprofile-context-propagation-api/1.3/microprofile-context-propagation-api-1.3.jar:/home/runner/.m2/repository/io/apicurio/apicurio-common-rest-client-common/0.1.18.Final/apicurio-common-rest-client-common-0.1.18.Final.jar:/home/runner/work/apicurio-testing/apicurio-testing/clusters/ci419/namespaces/ksql043/tests/integration/apicurio-registry/utils/maven-plugin/target/apicurio-registry-maven-plugin-3.0.13-SNAPSHOT.jar:/home/runner/.m2/repository/com/fasterxml/jackson/core/jackson-databind/2.18.2/jackson-databind-2.18.2.jar:/home/runner/.m2/repository/org/apache/avro/avro/1.12.0/avro-1.12.0.jar:/home/runner/.m2/repository/com/google/protobuf/protobuf-java/4.31.1/protobuf-java-4.31.1.jar:/home/runner/.m2/repository/com/google/protobuf/protobuf-java-util/4.31.1/protobuf-java-util-4.31.1.jar:/home/runner/.m2/repository/com/google/code/findbugs/jsr305/3.0.2/jsr305-3.0.2.jar:/home/runner/.m2/repository/com/google/code/gson/gson/2.12.1/gson-2.12.1.jar:/home/runner/.m2/repository/com/google/errorprone/error_prone_annotations/2.36.0/error_prone_annotations-2.36.0.jar:/home/runner/.m2/repository/com/google/j2objc/j2objc-annotations/2.8/j2objc-annotations-2.8.jar:/home/runner/work/apicurio-testing/apicurio-testing/clusters/ci419/namespaces/ksql043/tests/integration/apicurio-registry/schema-util/util-provider/target/apicurio-registry-schema-util-provider-3.0.13-SNAPSHOT.jar:/home/runner/work/apicurio-testing/apicurio-testing/clusters/ci419/namespaces/ksql043/tests/integration/apicurio-registry/schema-util/common/target/apicurio-registry-schema-util-common-3.0.13-SNAPSHOT.jar:/home/runner/.m2/repository/com/fasterxml/jackson/module/jackson-module-parameter-names/2.18.2/jackson-module-parameter-names-2.18.2.jar:/home/runner/.m2/repository/com/fasterxml/jackson/datatype/jackson-datatype-json-org/2.18.2/jackson-datatype-json-org-2.18.2.jar:/home/runner/work/apicurio-testing/apicurio-testing/clusters/ci419/namespaces/ksql043/tests/integration/apicurio-registry/schema-util/json/target/apicurio-registry-schema-util-json-3.0.13-SNAPSHOT.jar:/home/runner/.m2/repository/com/github/erosb/everit-json-schema/1.14.5/everit-json-schema-1.14.5.jar:/home/runner/.m2/repository/commons-validator/commons-validator/1.9.0/commons-validator-1.9.0.jar:/home/runner/.m2/repository/commons-digester/commons-digester/2.1/commons-digester-2.1.jar:/home/runner/.m2/repository/commons-collections/commons-collections/3.2.2/commons-collections-3.2.2.jar:/home/runner/.m2/repository/com/damnhandy/handy-uri-templates/2.1.8/handy-uri-templates-2.1.8.jar:/home/runner/.m2/repository/joda-time/joda-time/2.10.2/joda-time-2.10.2.jar:/home/runner/.m2/repository/com/github/erosb/json-sKema/0.20.0/json-sKema-0.20.0.jar:/home/runner/.m2/repository/io/vertx/vertx-json-schema/4.5.16/vertx-json-schema-4.5.16.jar:/home/runner/work/apicurio-testing/apicurio-testing/clusters/ci419/namespaces/ksql043/tests/integration/apicurio-registry/schema-util/protobuf/target/apicurio-registry-schema-util-protobuf-3.0.13-SNAPSHOT.jar:/home/runner/work/apicurio-testing/apicurio-testing/clusters/ci419/namespaces/ksql043/tests/integration/apicurio-registry/utils/protobuf-schema-utilities/target/apicurio-registry-protobuf-schema-utilities-3.0.13-SNAPSHOT.jar:/home/runner/.m2/repository/com/google/api/grpc/proto-google-common-protos/2.52.0/proto-google-common-protos-2.52.0.jar:/home/runner/.m2/repository/com/squareup/wire/wire-schema-jvm/5.3.3/wire-schema-jvm-5.3.3.jar:/home/runner/.m2/repository/com/palantir/javapoet/javapoet/0.6.0/javapoet-0.6.0.jar:/home/runner/.m2/repository/com/squareup/kotlinpoet-jvm/2.0.0/kotlinpoet-jvm-2.0.0.jar:/home/runner/.m2/repository/org/jetbrains/kotlin/kotlin-reflect/2.0.21/kotlin-reflect-2.0.21.jar:/home/runner/.m2/repository/com/squareup/wire/wire-runtime-jvm/5.3.3/wire-runtime-jvm-5.3.3.jar:/home/runner/.m2/repository/com/ibm/icu/icu4j/76.1/icu4j-76.1.jar:/home/runner/.m2/repository/com/squareup/okio/okio-fakefilesystem/3.10.2/okio-fakefilesystem-3.10.2.jar:/home/runner/.m2/repository/com/squareup/okio/okio-fakefilesystem-jvm/3.10.2/okio-fakefilesystem-jvm-3.10.2.jar:/home/runner/.m2/repository/org/jetbrains/kotlinx/kotlinx-datetime-jvm/0.6.1/kotlinx-datetime-jvm-0.6.1.jar:/home/runner/work/apicurio-testing/apicurio-testing/clusters/ci419/namespaces/ksql043/tests/integration/apicurio-registry/schema-util/asyncapi/target/apicurio-registry-schema-util-asyncapi-3.0.13-SNAPSHOT.jar:/home/runner/work/apicurio-testing/apicurio-testing/clusters/ci419/namespaces/ksql043/tests/integration/apicurio-registry/schema-util/avro/target/apicurio-registry-schema-util-avro-3.0.13-SNAPSHOT.jar:/home/runner/work/apicurio-testing/apicurio-testing/clusters/ci419/namespaces/ksql043/tests/integration/apicurio-registry/schema-util/graphql/target/apicurio-registry-schema-util-graphql-3.0.13-SNAPSHOT.jar:/home/runner/.m2/repository/com/graphql-java/graphql-java/22.4/graphql-java-22.4.jar:/home/runner/.m2/repository/com/graphql-java/java-dataloader/3.3.0/java-dataloader-3.3.0.jar:/home/runner/work/apicurio-testing/apicurio-testing/clusters/ci419/namespaces/ksql043/tests/integration/apicurio-registry/schema-util/kconnect/target/apicurio-registry-schema-util-kconnect-3.0.13-SNAPSHOT.jar:/home/runner/work/apicurio-testing/apicurio-testing/clusters/ci419/namespaces/ksql043/tests/integration/apicurio-registry/schema-util/openapi/target/apicurio-registry-schema-util-openapi-3.0.13-SNAPSHOT.jar:/home/runner/.m2/repository/io/apicurio/apicurio-data-models/2.2.2/apicurio-data-models-2.2.2.jar:/home/runner/.m2/repository/org/openapitools/openapidiff/openapi-diff-core/2.1.2/openapi-diff-core-2.1.2.jar:/home/runner/.m2/repository/io/swagger/parser/v3/swagger-parser/2.1.28/swagger-parser-2.1.28.jar:/home/runner/.m2/repository/io/swagger/parser/v3/swagger-parser-v2-converter/2.1.28/swagger-parser-v2-converter-2.1.28.jar:/home/runner/.m2/repository/io/swagger/swagger-core/1.6.16/swagger-core-1.6.16.jar:/home/runner/.m2/repository/io/swagger/swagger-models/1.6.16/swagger-models-1.6.16.jar:/home/runner/.m2/repository/io/swagger/swagger-annotations/1.6.16/swagger-annotations-1.6.16.jar:/home/runner/.m2/repository/io/swagger/swagger-parser/1.0.75/swagger-parser-1.0.75.jar:/home/runner/.m2/repository/io/swagger/swagger-parser-safe-url-resolver/1.0.75/swagger-parser-safe-url-resolver-1.0.75.jar:/home/runner/.m2/repository/io/swagger/swagger-compat-spec-parser/1.0.75/swagger-compat-spec-parser-1.0.75.jar:/home/runner/.m2/repository/com/github/java-json-tools/json-schema-validator/2.2.14/json-schema-validator-2.2.14.jar:/home/runner/.m2/repository/com/github/java-json-tools/jackson-coreutils-equivalence/1.0/jackson-coreutils-equivalence-1.0.jar:/home/runner/.m2/repository/com/github/java-json-tools/json-schema-core/1.2.14/json-schema-core-1.2.14.jar:/home/runner/.m2/repository/com/github/java-json-tools/uri-template/0.10/uri-template-0.10.jar:/home/runner/.m2/repository/com/googlecode/libphonenumber/libphonenumber/8.11.1/libphonenumber-8.11.1.jar:/home/runner/.m2/repository/com/j2html/j2html/1.6.0/j2html-1.6.0.jar:/home/runner/.m2/repository/org/apache/commons/commons-collections4/4.5.0/commons-collections4-4.5.0.jar:/home/runner/.m2/repository/org/slf4j/jcl-over-slf4j/2.0.17/jcl-over-slf4j-2.0.17.jar:/home/runner/.m2/repository/io/swagger/parser/v3/swagger-parser-v3/2.1.31/swagger-parser-v3-2.1.31.jar:/home/runner/.m2/repository/io/swagger/core/v3/swagger-models/2.2.34/swagger-models-2.2.34.jar:/home/runner/.m2/repository/io/swagger/core/v3/swagger-core/2.2.34/swagger-core-2.2.34.jar:/home/runner/.m2/repository/io/swagger/parser/v3/swagger-parser-core/2.1.31/swagger-parser-core-2.1.31.jar:/home/runner/.m2/repository/io/swagger/parser/v3/swagger-parser-safe-url-resolver/2.1.31/swagger-parser-safe-url-resolver-2.1.31.jar:/home/runner/work/apicurio-testing/apicurio-testing/clusters/ci419/namespaces/ksql043/tests/integration/apicurio-registry/schema-util/wsdl/target/apicurio-registry-schema-util-wsdl-3.0.13-SNAPSHOT.jar:/home/runner/.m2/repository/wsdl4j/wsdl4j/1.6.3/wsdl4j-1.6.3.jar:/home/runner/work/apicurio-testing/apicurio-testing/clusters/ci419/namespaces/ksql043/tests/integration/apicurio-registry/schema-util/xml/target/apicurio-registry-schema-util-xml-3.0.13-SNAPSHOT.jar:/home/runner/.m2/repository/org/apache/santuario/xmlsec/4.0.4/xmlsec-4.0.4.jar:/home/runner/.m2/repository/com/fasterxml/woodstox/woodstox-core/7.1.1/woodstox-core-7.1.1.jar:/home/runner/.m2/repository/org/codehaus/woodstox/stax2-api/4.2.2/stax2-api-4.2.2.jar:/home/runner/work/apicurio-testing/apicurio-testing/clusters/ci419/namespaces/ksql043/tests/integration/apicurio-registry/schema-util/xsd/target/apicurio-registry-schema-util-xsd-3.0.13-SNAPSHOT.jar:/home/runner/work/apicurio-testing/apicurio-testing/clusters/ci419/namespaces/ksql043/tests/integration/apicurio-registry/serdes/kafka/jsonschema-serde/target/apicurio-registry-jsonschema-serde-kafka-3.0.13-SNAPSHOT.jar:/home/runner/work/apicurio-testing/apicurio-testing/clusters/ci419/namespaces/ksql043/tests/integration/apicurio-registry/serdes/kafka/serde-kafka-common/target/apicurio-registry-serde-kafka-common-3.0.13-SNAPSHOT.jar:/home/runner/work/apicurio-testing/apicurio-testing/clusters/ci419/namespaces/ksql043/tests/integration/apicurio-registry/serdes/generic/serde-common/target/apicurio-registry-serde-common-3.0.13-SNAPSHOT.jar:/home/runner/work/apicurio-testing/apicurio-testing/clusters/ci419/namespaces/ksql043/tests/integration/apicurio-registry/serdes/generic/serde-common-jsonschema/target/apicurio-registry-serde-common-jsonschema-3.0.13-SNAPSHOT.jar:/home/runner/.m2/repository/org/json/json/20250107/json-20250107.jar:/home/runner/work/apicurio-testing/apicurio-testing/clusters/ci419/namespaces/ksql043/tests/integration/apicurio-registry/serdes/kafka/avro-serde/target/apicurio-registry-avro-serde-kafka-3.0.13-SNAPSHOT.jar:/home/runner/work/apicurio-testing/apicurio-testing/clusters/ci419/namespaces/ksql043/tests/integration/apicurio-registry/serdes/generic/serde-common-avro/target/apicurio-registry-serde-common-avro-3.0.13-SNAPSHOT.jar:/home/runner/work/apicurio-testing/apicurio-testing/clusters/ci419/namespaces/ksql043/tests/integration/apicurio-registry/serdes/kafka/protobuf-serde/target/apicurio-registry-protobuf-serde-kafka-3.0.13-SNAPSHOT.jar:/home/runner/work/apicurio-testing/apicurio-testing/clusters/ci419/namespaces/ksql043/tests/integration/apicurio-registry/serdes/generic/serde-common-protobuf/target/apicurio-registry-serde-common-protobuf-3.0.13-SNAPSHOT.jar:/home/runner/.m2/repository/com/squareup/wire/wire-schema/5.3.3/wire-schema-5.3.3.jar:/home/runner/.m2/repository/com/squareup/wire/wire-runtime/5.3.3/wire-runtime-5.3.3.jar:/home/runner/work/apicurio-testing/apicurio-testing/clusters/ci419/namespaces/ksql043/tests/integration/apicurio-registry/serdes/pulsar/avro-serde/target/apicurio-registry-avro-serde-pulsar-3.0.13-SNAPSHOT.jar:/home/runner/.m2/repository/org/apache/pulsar/pulsar-functions-api/3.3.8/pulsar-functions-api-3.3.8.jar:/home/runner/work/apicurio-testing/apicurio-testing/clusters/ci419/namespaces/ksql043/tests/integration/apicurio-registry/serdes/nats/avro-serde/target/apicurio-registry-avro-serde-nats-3.0.13-SNAPSHOT.jar:/home/runner/.m2/repository/io/nats/jnats/2.21.4/jnats-2.21.4.jar:/home/runner/.m2/repository/org/bouncycastle/bcprov-lts8on/2.73.7/bcprov-lts8on-2.73.7.jar:/home/runner/.m2/repository/org/jetbrains/annotations/26.0.2/annotations-26.0.2.jar:/home/runner/work/apicurio-testing/apicurio-testing/clusters/ci419/namespaces/ksql043/tests/integration/apicurio-registry/utils/converter/target/apicurio-registry-utils-converter-3.0.13-SNAPSHOT.jar:/home/runner/work/apicurio-testing/apicurio-testing/clusters/ci419/namespaces/ksql043/tests/integration/apicurio-registry/schema-resolver/target/apicurio-registry-schema-resolver-3.0.13-SNAPSHOT.jar:/home/runner/.m2/repository/org/apache/kafka/connect-api/3.9.1/connect-api-3.9.1.jar:/home/runner/.m2/repository/javax/ws/rs/javax.ws.rs-api/2.1.1/javax.ws.rs-api-2.1.1.jar:/home/runner/.m2/repository/org/apache/kafka/connect-json/3.9.1/connect-json-3.9.1.jar:/home/runner/.m2/repository/com/fasterxml/jackson/datatype/jackson-datatype-jdk8/2.18.2/jackson-datatype-jdk8-2.18.2.jar:/home/runner/.m2/repository/com/fasterxml/jackson/module/jackson-module-afterburner/2.18.2/jackson-module-afterburner-2.18.2.jar:/home/runner/work/apicurio-testing/apicurio-testing/clusters/ci419/namespaces/ksql043/tests/integration/apicurio-registry/utils/kafka/target/apicurio-registry-utils-kafka-3.0.13-SNAPSHOT.jar:/home/runner/.m2/repository/org/apache/pulsar/pulsar-client/3.3.8/pulsar-client-3.3.8.jar:/home/runner/.m2/repository/org/apache/pulsar/pulsar-client-api/3.3.8/pulsar-client-api-3.3.8.jar:/home/runner/.m2/repository/org/apache/pulsar/pulsar-client-admin-api/3.3.8/pulsar-client-admin-api-3.3.8.jar:/home/runner/.m2/repository/org/apache/pulsar/bouncy-castle-bc/3.3.8/bouncy-castle-bc-3.3.8-pkg.jar:/home/runner/.m2/repository/org/bouncycastle/bcpkix-jdk18on/1.81/bcpkix-jdk18on-1.81.jar:/home/runner/.m2/repository/org/bouncycastle/bcutil-jdk18on/1.81/bcutil-jdk18on-1.81.jar:/home/runner/.m2/repository/org/bouncycastle/bcprov-jdk18on/1.81/bcprov-jdk18on-1.81.jar:/home/runner/.m2/repository/io/opentelemetry/opentelemetry-api/1.44.1/opentelemetry-api-1.44.1.jar:/home/runner/.m2/repository/io/opentelemetry/opentelemetry-context/1.44.1/opentelemetry-context-1.44.1.jar:/home/runner/.m2/repository/io/opentelemetry/opentelemetry-api-incubator/1.44.1-alpha/opentelemetry-api-incubator-1.44.1-alpha.jar:/home/runner/.m2/repository/com/fasterxml/jackson/core/jackson-annotations/2.18.2/jackson-annotations-2.18.2.jar:/home/runner/.m2/repository/javax/validation/validation-api/1.1.0.Final/validation-api-1.1.0.Final.jar:/home/runner/.m2/repository/org/jspecify/jspecify/1.0.0/jspecify-1.0.0.jar:/home/runner/.m2/repository/org/apache/commons/commons-configuration2/2.12.0/commons-configuration2-2.12.0.jar:/home/runner/.m2/repository/commons-logging/commons-logging/1.3.5/commons-logging-1.3.5.jar:/home/runner/.m2/repository/org/apache/commons/commons-text/1.13.0/commons-text-1.13.0.jar:/home/runner/.m2/repository/io/confluent/kafka-avro-serializer/8.0.0/kafka-avro-serializer-8.0.0.jar:/home/runner/.m2/repository/org/apache/commons/commons-compress/1.27.1/commons-compress-1.27.1.jar:/home/runner/.m2/repository/io/confluent/kafka-schema-serializer/8.0.0/kafka-schema-serializer-8.0.0.jar:/home/runner/.m2/repository/com/fasterxml/jackson/dataformat/jackson-dataformat-csv/2.18.2/jackson-dataformat-csv-2.18.2.jar:/home/runner/.m2/repository/io/confluent/kafka-schema-registry-client/8.0.0/kafka-schema-registry-client-8.0.0.jar:/home/runner/.m2/repository/org/yaml/snakeyaml/2.3/snakeyaml-2.3.jar:/home/runner/.m2/repository/io/swagger/core/v3/swagger-annotations/2.2.29/swagger-annotations-2.2.29.jar:/home/runner/.m2/repository/com/google/guava/guava/33.4.0-jre/guava-33.4.0-jre.jar:/home/runner/.m2/repository/com/google/guava/failureaccess/1.0.1/failureaccess-1.0.1.jar:/home/runner/.m2/repository/org/checkerframework/checker-qual/3.49.0/checker-qual-3.49.0.jar:/home/runner/.m2/repository/io/confluent/logredactor/1.0.13/logredactor-1.0.13.jar:/home/runner/.m2/repository/com/google/re2j/re2j/1.6/re2j-1.6.jar:/home/runner/.m2/repository/io/confluent/logredactor-metrics/1.0.13/logredactor-metrics-1.0.13.jar:/home/runner/.m2/repository/com/eclipsesource/minimal-json/minimal-json/0.9.5/minimal-json-0.9.5.jar:/home/runner/.m2/repository/io/confluent/common-utils/8.0.0/common-utils-8.0.0.jar:/home/runner/.m2/repository/io/confluent/kafka-connect-avro-converter/8.0.0/kafka-connect-avro-converter-8.0.0.jar:/home/runner/.m2/repository/io/confluent/kafka-connect-avro-data/8.0.0/kafka-connect-avro-data-8.0.0.jar:/home/runner/.m2/repository/io/confluent/kafka-schema-converter/8.0.0/kafka-schema-converter-8.0.0.jar:/home/runner/.m2/repository/io/rest-assured/rest-assured/5.5.1/rest-assured-5.5.1.jar:/home/runner/.m2/repository/org/apache/groovy/groovy/4.0.22/groovy-4.0.22.jar:/home/runner/.m2/repository/org/apache/groovy/groovy-xml/4.0.22/groovy-xml-4.0.22.jar:/home/runner/.m2/repository/org/apache/httpcomponents/httpclient/4.5.14/httpclient-4.5.14.jar:/home/runner/.m2/repository/org/apache/httpcomponents/httpcore/4.4.16/httpcore-4.4.16.jar:/home/runner/.m2/repository/org/apache/httpcomponents/httpmime/4.5.14/httpmime-4.5.14.jar:/home/runner/.m2/repository/org/hamcrest/hamcrest/2.2/hamcrest-2.2.jar:/home/runner/.m2/repository/org/ccil/cowan/tagsoup/tagsoup/1.2.1/tagsoup-1.2.1.jar:/home/runner/.m2/repository/io/rest-assured/json-path/5.5.1/json-path-5.5.1.jar:/home/runner/.m2/repository/org/apache/groovy/groovy-json/4.0.22/groovy-json-4.0.22.jar:/home/runner/.m2/repository/io/rest-assured/rest-assured-common/5.5.1/rest-assured-common-5.5.1.jar:/home/runner/.m2/repository/io/rest-assured/xml-path/5.5.1/xml-path-5.5.1.jar:/home/runner/.m2/repository/io/zonky/test/embedded-postgres/2.1.0/embedded-postgres-2.1.0.jar:/home/runner/.m2/repository/io/zonky/test/postgres/embedded-postgres-binaries-windows-amd64/14.15.0/embedded-postgres-binaries-windows-amd64-14.15.0.jar:/home/runner/.m2/repository/io/zonky/test/postgres/embedded-postgres-binaries-darwin-amd64/14.15.0/embedded-postgres-binaries-darwin-amd64-14.15.0.jar:/home/runner/.m2/repository/io/zonky/test/postgres/embedded-postgres-binaries-linux-amd64/14.15.0/embedded-postgres-binaries-linux-amd64-14.15.0.jar:/home/runner/.m2/repository/io/zonky/test/postgres/embedded-postgres-binaries-linux-amd64-alpine/14.15.0/embedded-postgres-binaries-linux-amd64-alpine-14.15.0.jar:/home/runner/.m2/repository/org/apache/commons/commons-lang3/3.17.0/commons-lang3-3.17.0.jar:/home/runner/.m2/repository/org/tukaani/xz/1.10/xz-1.10.jar:/home/runner/.m2/repository/commons-codec/commons-codec/1.19.0/commons-codec-1.19.0.jar:/home/runner/.m2/repository/org/postgresql/postgresql/42.7.7/postgresql-42.7.7.jar:/home/runner/.m2/repository/commons-io/commons-io/2.18.0/commons-io-2.18.0.jar:/home/runner/work/apicurio-testing/apicurio-testing/clusters/ci419/namespaces/ksql043/tests/integration/apicurio-registry/utils/importexport/target/apicurio-registry-utils-import-export-3.0.13-SNAPSHOT.jar:/home/runner/.m2/repository/io/vertx/vertx-core/4.5.16/vertx-core-4.5.16.jar:/home/runner/.m2/repository/io/netty/netty-common/4.1.121.Final/netty-common-4.1.121.Final.jar:/home/runner/.m2/repository/io/netty/netty-buffer/4.1.121.Final/netty-buffer-4.1.121.Final.jar:/home/runner/.m2/repository/io/netty/netty-transport/4.1.121.Final/netty-transport-4.1.121.Final.jar:/home/runner/.m2/repository/io/netty/netty-handler/4.1.121.Final/netty-handler-4.1.121.Final.jar:/home/runner/.m2/repository/io/netty/netty-transport-native-unix-common/4.1.121.Final/netty-transport-native-unix-common-4.1.121.Final.jar:/home/runner/.m2/repository/io/netty/netty-codec/4.1.121.Final/netty-codec-4.1.121.Final.jar:/home/runner/.m2/repository/io/netty/netty-handler-proxy/4.1.121.Final/netty-handler-proxy-4.1.121.Final.jar:/home/runner/.m2/repository/io/netty/netty-codec-socks/4.1.121.Final/netty-codec-socks-4.1.121.Final.jar:/home/runner/.m2/repository/io/netty/netty-codec-http/4.1.121.Final/netty-codec-http-4.1.121.Final.jar:/home/runner/.m2/repository/io/netty/netty-codec-http2/4.1.121.Final/netty-codec-http2-4.1.121.Final.jar:/home/runner/.m2/repository/io/netty/netty-resolver/4.1.121.Final/netty-resolver-4.1.121.Final.jar:/home/runner/.m2/repository/io/netty/netty-resolver-dns/4.1.121.Final/netty-resolver-dns-4.1.121.Final.jar:/home/runner/.m2/repository/io/netty/netty-codec-dns/4.1.121.Final/netty-codec-dns-4.1.121.Final.jar:/home/runner/.m2/repository/com/fasterxml/jackson/core/jackson-core/2.18.2/jackson-core-2.18.2.jar:"/>
    <property name="java.vm.vendor" value="Eclipse Adoptium"/>
    <property name="maven.javadoc.skip" value="true"/>
    <property name="sun.arch.data.model" value="64"/>
    <property name="java.vendor.url" value="https://adoptium.net/"/>
    <property name="user.timezone" value="Etc/UTC"/>
    <property name="os.name" value="Linux"/>
    <property name="java.vm.specification.version" value="17"/>
    <property name="sun.java.launcher" value="SUN_STANDARD"/>
    <property name="quarkus.http.test-port" value="80"/>
    <property name="sun.boot.library.path" value="/usr/lib/jvm/temurin-17-jdk-amd64/lib"/>
    <property name="sun.java.command" value="/home/runner/work/apicurio-testing/apicurio-testing/clusters/ci419/namespaces/ksql043/tests/integration/apicurio-registry/integration-tests/target/surefire/surefirebooter-20250814222055682_3.jar /home/runner/work/apicurio-testing/apicurio-testing/clusters/ci419/namespaces/ksql043/tests/integration/apicurio-registry/integration-tests/target/surefire 2025-08-14T22-20-55_626-jvmRun1 surefire-20250814222055682_1tmp surefire_0-20250814222055682_2tmp"/>
    <property name="maven.home" value="/home/runner/.m2/wrapper/dists/apache-maven-3.9.8-bin/4fnp1ql35bgk2a0p7m31ovbgb0/apache-maven-3.9.8"/>
    <property name="jdk.debug" value="release"/>
    <property name="surefire.test.class.path" value="/home/runner/work/apicurio-testing/apicurio-testing/clusters/ci419/namespaces/ksql043/tests/integration/apicurio-registry/integration-tests/target/test-classes:/home/runner/work/apicurio-testing/apicurio-testing/clusters/ci419/namespaces/ksql043/tests/integration/apicurio-registry/integration-tests/target/apicurio-registry-integration-tests-3.0.13-SNAPSHOT.jar:/home/runner/.m2/repository/io/quarkus/quarkus-junit5/3.20.2/quarkus-junit5-3.20.2.jar:/home/runner/.m2/repository/io/quarkus/quarkus-bootstrap-core/3.20.2/quarkus-bootstrap-core-3.20.2.jar:/home/runner/.m2/repository/io/quarkus/quarkus-classloader-commons/3.20.2/quarkus-classloader-commons-3.20.2.jar:/home/runner/.m2/repository/io/quarkus/quarkus-bootstrap-app-model/3.20.2/quarkus-bootstrap-app-model-3.20.2.jar:/home/runner/.m2/repository/io/smallrye/common/smallrye-common-io/2.12.0/smallrye-common-io-2.12.0.jar:/home/runner/.m2/repository/org/eclipse/sisu/org.eclipse.sisu.inject/0.9.0.M3/org.eclipse.sisu.inject-0.9.0.M3.jar:/home/runner/.m2/repository/io/quarkus/quarkus-test-common/3.20.2/quarkus-test-common-3.20.2.jar:/home/runner/.m2/repository/io/quarkus/quarkus-core-deployment/3.20.2/quarkus-core-deployment-3.20.2.jar:/home/runner/.m2/repository/org/aesh/readline/2.6/readline-2.6.jar:/home/runner/.m2/repository/org/fusesource/jansi/jansi/2.4.0/jansi-2.4.0.jar:/home/runner/.m2/repository/org/aesh/aesh/2.8.2/aesh-2.8.2.jar:/home/runner/.m2/repository/io/quarkus/gizmo/gizmo/1.8.0/gizmo-1.8.0.jar:/home/runner/.m2/repository/org/ow2/asm/asm-util/9.7.1/asm-util-9.7.1.jar:/home/runner/.m2/repository/org/ow2/asm/asm-analysis/9.7.1/asm-analysis-9.7.1.jar:/home/runner/.m2/repository/org/ow2/asm/asm-commons/9.7.1/asm-commons-9.7.1.jar:/home/runner/.m2/repository/org/ow2/asm/asm-tree/9.7.1/asm-tree-9.7.1.jar:/home/runner/.m2/repository/io/quarkus/quarkus-hibernate-validator-spi/3.20.2/quarkus-hibernate-validator-spi-3.20.2.jar:/home/runner/.m2/repository/io/quarkus/quarkus-class-change-agent/3.20.2/quarkus-class-change-agent-3.20.2.jar:/home/runner/.m2/repository/io/quarkus/quarkus-devtools-utilities/3.20.2/quarkus-devtools-utilities-3.20.2.jar:/home/runner/.m2/repository/io/quarkus/quarkus-builder/3.20.2/quarkus-builder-3.20.2.jar:/home/runner/.m2/repository/org/graalvm/sdk/nativeimage/23.1.2/nativeimage-23.1.2.jar:/home/runner/.m2/repository/org/graalvm/sdk/word/23.1.2/word-23.1.2.jar:/home/runner/.m2/repository/io/quarkus/quarkus-bootstrap-maven-resolver/3.20.2/quarkus-bootstrap-maven-resolver-3.20.2.jar:/home/runner/.m2/repository/io/smallrye/beanbag/smallrye-beanbag-maven/1.5.2/smallrye-beanbag-maven-1.5.2.jar:/home/runner/.m2/repository/io/smallrye/beanbag/smallrye-beanbag-sisu/1.5.2/smallrye-beanbag-sisu-1.5.2.jar:/home/runner/.m2/repository/io/smallrye/beanbag/smallrye-beanbag/1.5.2/smallrye-beanbag-1.5.2.jar:/home/runner/.m2/repository/javax/inject/javax.inject/1/javax.inject-1.jar:/home/runner/.m2/repository/org/apache/maven/maven-artifact/3.9.9/maven-artifact-3.9.9.jar:/home/runner/.m2/repository/org/apache/maven/maven-builder-support/3.9.9/maven-builder-support-3.9.9.jar:/home/runner/.m2/repository/org/apache/maven/maven-model/3.9.9/maven-model-3.9.9.jar:/home/runner/.m2/repository/org/apache/maven/maven-model-builder/3.9.9/maven-model-builder-3.9.9.jar:/home/runner/.m2/repository/org/apache/maven/maven-repository-metadata/3.9.9/maven-repository-metadata-3.9.9.jar:/home/runner/.m2/repository/org/apache/maven/maven-settings/3.9.9/maven-settings-3.9.9.jar:/home/runner/.m2/repository/org/apache/maven/resolver/maven-resolver-api/1.9.22/maven-resolver-api-1.9.22.jar:/home/runner/.m2/repository/org/apache/maven/resolver/maven-resolver-impl/1.9.22/maven-resolver-impl-1.9.22.jar:/home/runner/.m2/repository/org/apache/maven/resolver/maven-resolver-named-locks/1.9.22/maven-resolver-named-locks-1.9.22.jar:/home/runner/.m2/repository/org/apache/maven/resolver/maven-resolver-spi/1.9.22/maven-resolver-spi-1.9.22.jar:/home/runner/.m2/repository/org/apache/maven/resolver/maven-resolver-util/1.9.22/maven-resolver-util-1.9.22.jar:/home/runner/.m2/repository/org/apache/maven/resolver/maven-resolver-transport-http/1.9.20/maven-resolver-transport-http-1.9.20.jar:/home/runner/.m2/repository/org/apache/maven/wagon/wagon-provider-api/3.5.3/wagon-provider-api-3.5.3.jar:/home/runner/.m2/repository/org/apache/maven/wagon/wagon-http-shared/3.5.3/wagon-http-shared-3.5.3.jar:/home/runner/.m2/repository/org/codehaus/plexus/plexus-interpolation/1.26/plexus-interpolation-1.26.jar:/home/runner/.m2/repository/org/codehaus/plexus/plexus-utils/3.5.1/plexus-utils-3.5.1.jar:/home/runner/.m2/repository/org/codehaus/plexus/plexus-xml/4.0.1/plexus-xml-4.0.1.jar:/home/runner/.m2/repository/org/apache/maven/maven-xml-impl/4.0.0-alpha-5/maven-xml-impl-4.0.0-alpha-5.jar:/home/runner/.m2/repository/org/apache/maven/maven-api-xml/4.0.0-alpha-5/maven-api-xml-4.0.0-alpha-5.jar:/home/runner/.m2/repository/org/apache/maven/maven-api-meta/4.0.0-alpha-5/maven-api-meta-4.0.0-alpha-5.jar:/home/runner/.m2/repository/org/codehaus/plexus/plexus-cipher/2.0/plexus-cipher-2.0.jar:/home/runner/.m2/repository/org/codehaus/plexus/plexus-sec-dispatcher/2.0/plexus-sec-dispatcher-2.0.jar:/home/runner/.m2/repository/org/apache/maven/maven-embedder/3.9.9/maven-embedder-3.9.9.jar:/home/runner/.m2/repository/org/apache/maven/maven-core/3.9.9/maven-core-3.9.9.jar:/home/runner/.m2/repository/org/codehaus/plexus/plexus-component-annotations/2.1.0/plexus-component-annotations-2.1.0.jar:/home/runner/.m2/repository/org/apache/maven/maven-plugin-api/3.9.9/maven-plugin-api-3.9.9.jar:/home/runner/.m2/repository/org/apache/maven/shared/maven-shared-utils/3.4.2/maven-shared-utils-3.4.2.jar:/home/runner/.m2/repository/com/google/inject/guice/5.1.0/guice-5.1.0.jar:/home/runner/.m2/repository/aopalliance/aopalliance/1.0/aopalliance-1.0.jar:/home/runner/.m2/repository/org/codehaus/plexus/plexus-classworlds/2.6.0/plexus-classworlds-2.6.0.jar:/home/runner/.m2/repository/commons-cli/commons-cli/1.8.0/commons-cli-1.8.0.jar:/home/runner/.m2/repository/org/eclipse/sisu/org.eclipse.sisu.plexus/0.9.0.M3/org.eclipse.sisu.plexus-0.9.0.M3.jar:/home/runner/.m2/repository/org/apache/maven/maven-settings-builder/3.9.9/maven-settings-builder-3.9.9.jar:/home/runner/.m2/repository/org/apache/maven/maven-resolver-provider/3.9.9/maven-resolver-provider-3.9.9.jar:/home/runner/.m2/repository/org/apache/maven/resolver/maven-resolver-connector-basic/1.9.22/maven-resolver-connector-basic-1.9.22.jar:/home/runner/.m2/repository/org/apache/maven/resolver/maven-resolver-transport-wagon/1.9.22/maven-resolver-transport-wagon-1.9.22.jar:/home/runner/.m2/repository/org/apache/maven/wagon/wagon-http/3.5.3/wagon-http-3.5.3.jar:/home/runner/.m2/repository/org/apache/maven/wagon/wagon-file/3.5.3/wagon-file-3.5.3.jar:/home/runner/.m2/repository/io/quarkus/quarkus-bootstrap-gradle-resolver/3.20.2/quarkus-bootstrap-gradle-resolver-3.20.2.jar:/home/runner/.m2/repository/io/smallrye/jandex/3.3.0/jandex-3.3.0.jar:/home/runner/.m2/repository/org/jboss/logging/commons-logging-jboss-logging/1.0.0.Final/commons-logging-jboss-logging-1.0.0.Final.jar:/home/runner/.m2/repository/io/quarkus/quarkus-junit5-config/3.20.2/quarkus-junit5-config-3.20.2.jar:/home/runner/.m2/repository/org/junit/jupiter/junit-jupiter-api/5.12.1/junit-jupiter-api-5.12.1.jar:/home/runner/.m2/repository/io/smallrye/config/smallrye-config/3.11.4/smallrye-config-3.11.4.jar:/home/runner/.m2/repository/io/smallrye/config/smallrye-config-core/3.11.4/smallrye-config-core-3.11.4.jar:/home/runner/.m2/repository/io/smallrye/common/smallrye-common-classloader/2.12.0/smallrye-common-classloader-2.12.0.jar:/home/runner/.m2/repository/io/smallrye/config/smallrye-config-common/3.11.4/smallrye-config-common-3.11.4.jar:/home/runner/.m2/repository/org/junit/jupiter/junit-jupiter/5.12.1/junit-jupiter-5.12.1.jar:/home/runner/.m2/repository/org/junit/jupiter/junit-jupiter-params/5.12.1/junit-jupiter-params-5.12.1.jar:/home/runner/.m2/repository/org/junit/jupiter/junit-jupiter-engine/5.12.1/junit-jupiter-engine-5.12.1.jar:/home/runner/.m2/repository/io/quarkus/quarkus-core/3.20.2/quarkus-core-3.20.2.jar:/home/runner/.m2/repository/jakarta/enterprise/jakarta.enterprise.cdi-api/4.1.0/jakarta.enterprise.cdi-api-4.1.0.jar:/home/runner/.m2/repository/jakarta/enterprise/jakarta.enterprise.lang-model/4.1.0/jakarta.enterprise.lang-model-4.1.0.jar:/home/runner/.m2/repository/jakarta/el/jakarta.el-api/5.0.1/jakarta.el-api-5.0.1.jar:/home/runner/.m2/repository/jakarta/interceptor/jakarta.interceptor-api/2.2.0/jakarta.interceptor-api-2.2.0.jar:/home/runner/.m2/repository/jakarta/inject/jakarta.inject-api/2.0.1/jakarta.inject-api-2.0.1.jar:/home/runner/.m2/repository/io/smallrye/common/smallrye-common-os/2.12.0/smallrye-common-os-2.12.0.jar:/home/runner/.m2/repository/io/quarkus/quarkus-ide-launcher/3.20.2/quarkus-ide-launcher-3.20.2.jar:/home/runner/.m2/repository/io/quarkus/quarkus-development-mode-spi/3.20.2/quarkus-development-mode-spi-3.20.2.jar:/home/runner/.m2/repository/org/jboss/logging/jboss-logging/3.6.1.Final/jboss-logging-3.6.1.Final.jar:/home/runner/.m2/repository/org/jboss/logmanager/jboss-logmanager/3.1.2.Final/jboss-logmanager-3.1.2.Final.jar:/home/runner/.m2/repository/io/smallrye/common/smallrye-common-constraint/2.12.0/smallrye-common-constraint-2.12.0.jar:/home/runner/.m2/repository/io/smallrye/common/smallrye-common-cpu/2.12.0/smallrye-common-cpu-2.12.0.jar:/home/runner/.m2/repository/io/smallrye/common/smallrye-common-expression/2.12.0/smallrye-common-expression-2.12.0.jar:/home/runner/.m2/repository/io/smallrye/common/smallrye-common-net/2.12.0/smallrye-common-net-2.12.0.jar:/home/runner/.m2/repository/io/smallrye/common/smallrye-common-ref/2.12.0/smallrye-common-ref-2.12.0.jar:/home/runner/.m2/repository/jakarta/json/jakarta.json-api/2.1.3/jakarta.json-api-2.1.3.jar:/home/runner/.m2/repository/org/eclipse/parsson/parsson/1.1.7/parsson-1.1.7.jar:/home/runner/.m2/repository/org/jboss/logging/jboss-logging-annotations/3.0.4.Final/jboss-logging-annotations-3.0.4.Final.jar:/home/runner/.m2/repository/org/jboss/threads/jboss-threads/3.8.0.Final/jboss-threads-3.8.0.Final.jar:/home/runner/.m2/repository/io/smallrye/common/smallrye-common-annotation/2.12.0/smallrye-common-annotation-2.12.0.jar:/home/runner/.m2/repository/io/smallrye/common/smallrye-common-function/2.12.0/smallrye-common-function-2.12.0.jar:/home/runner/.m2/repository/org/jboss/slf4j/slf4j-jboss-logmanager/2.0.0.Final/slf4j-jboss-logmanager-2.0.0.Final.jar:/home/runner/.m2/repository/org/wildfly/common/wildfly-common/2.0.1/wildfly-common-2.0.1.jar:/home/runner/.m2/repository/io/quarkus/quarkus-bootstrap-runner/3.20.2/quarkus-bootstrap-runner-3.20.2.jar:/home/runner/.m2/repository/io/github/crac/org-crac/0.1.3/org-crac-0.1.3.jar:/home/runner/.m2/repository/io/quarkus/quarkus-fs-util/0.0.10/quarkus-fs-util-0.0.10.jar:/home/runner/.m2/repository/org/jboss/marshalling/jboss-marshalling/2.2.2.Final/jboss-marshalling-2.2.2.Final.jar:/home/runner/.m2/repository/io/fabric8/kubernetes-client/7.1.0/kubernetes-client-7.1.0.jar:/home/runner/.m2/repository/io/fabric8/kubernetes-client-api/7.1.0/kubernetes-client-api-7.1.0.jar:/home/runner/.m2/repository/io/fabric8/kubernetes-model-core/7.1.0/kubernetes-model-core-7.1.0.jar:/home/runner/.m2/repository/io/fabric8/kubernetes-model-common/7.1.0/kubernetes-model-common-7.1.0.jar:/home/runner/.m2/repository/javax/annotation/javax.annotation-api/1.3.2/javax.annotation-api-1.3.2.jar:/home/runner/.m2/repository/io/fabric8/kubernetes-model-gatewayapi/7.1.0/kubernetes-model-gatewayapi-7.1.0.jar:/home/runner/.m2/repository/io/fabric8/kubernetes-model-resource/7.1.0/kubernetes-model-resource-7.1.0.jar:/home/runner/.m2/repository/io/fabric8/kubernetes-model-rbac/7.1.0/kubernetes-model-rbac-7.1.0.jar:/home/runner/.m2/repository/io/fabric8/kubernetes-model-admissionregistration/7.1.0/kubernetes-model-admissionregistration-7.1.0.jar:/home/runner/.m2/repository/io/fabric8/kubernetes-model-apps/7.1.0/kubernetes-model-apps-7.1.0.jar:/home/runner/.m2/repository/io/fabric8/kubernetes-model-autoscaling/7.1.0/kubernetes-model-autoscaling-7.1.0.jar:/home/runner/.m2/repository/io/fabric8/kubernetes-model-apiextensions/7.1.0/kubernetes-model-apiextensions-7.1.0.jar:/home/runner/.m2/repository/io/fabric8/kubernetes-model-batch/7.1.0/kubernetes-model-batch-7.1.0.jar:/home/runner/.m2/repository/io/fabric8/kubernetes-model-certificates/7.1.0/kubernetes-model-certificates-7.1.0.jar:/home/runner/.m2/repository/io/fabric8/kubernetes-model-coordination/7.1.0/kubernetes-model-coordination-7.1.0.jar:/home/runner/.m2/repository/io/fabric8/kubernetes-model-discovery/7.1.0/kubernetes-model-discovery-7.1.0.jar:/home/runner/.m2/repository/io/fabric8/kubernetes-model-events/7.1.0/kubernetes-model-events-7.1.0.jar:/home/runner/.m2/repository/io/fabric8/kubernetes-model-extensions/7.1.0/kubernetes-model-extensions-7.1.0.jar:/home/runner/.m2/repository/io/fabric8/kubernetes-model-flowcontrol/7.1.0/kubernetes-model-flowcontrol-7.1.0.jar:/home/runner/.m2/repository/io/fabric8/kubernetes-model-networking/7.1.0/kubernetes-model-networking-7.1.0.jar:/home/runner/.m2/repository/io/fabric8/kubernetes-model-metrics/7.1.0/kubernetes-model-metrics-7.1.0.jar:/home/runner/.m2/repository/io/fabric8/kubernetes-model-policy/7.1.0/kubernetes-model-policy-7.1.0.jar:/home/runner/.m2/repository/io/fabric8/kubernetes-model-scheduling/7.1.0/kubernetes-model-scheduling-7.1.0.jar:/home/runner/.m2/repository/io/fabric8/kubernetes-model-storageclass/7.1.0/kubernetes-model-storageclass-7.1.0.jar:/home/runner/.m2/repository/io/fabric8/kubernetes-model-node/7.1.0/kubernetes-model-node-7.1.0.jar:/home/runner/.m2/repository/org/snakeyaml/snakeyaml-engine/2.9/snakeyaml-engine-2.9.jar:/home/runner/.m2/repository/com/fasterxml/jackson/dataformat/jackson-dataformat-yaml/2.18.2/jackson-dataformat-yaml-2.18.2.jar:/home/runner/.m2/repository/com/fasterxml/jackson/datatype/jackson-datatype-jsr310/2.18.2/jackson-datatype-jsr310-2.18.2.jar:/home/runner/.m2/repository/io/fabric8/zjsonpatch/7.1.0/zjsonpatch-7.1.0.jar:/home/runner/.m2/repository/io/fabric8/kubernetes-httpclient-vertx/7.1.0/kubernetes-httpclient-vertx-7.1.0.jar:/home/runner/.m2/repository/io/vertx/vertx-web-client/4.5.16/vertx-web-client-4.5.16.jar:/home/runner/.m2/repository/io/vertx/vertx-web-common/4.5.16/vertx-web-common-4.5.16.jar:/home/runner/.m2/repository/io/vertx/vertx-auth-common/4.5.16/vertx-auth-common-4.5.16.jar:/home/runner/.m2/repository/io/vertx/vertx-uri-template/4.5.16/vertx-uri-template-4.5.16.jar:/home/runner/.m2/repository/io/fabric8/openshift-client/7.1.0/openshift-client-7.1.0.jar:/home/runner/.m2/repository/io/fabric8/openshift-client-api/7.1.0/openshift-client-api-7.1.0.jar:/home/runner/.m2/repository/io/fabric8/openshift-model/7.1.0/openshift-model-7.1.0.jar:/home/runner/.m2/repository/io/fabric8/openshift-model-autoscaling/7.1.0/openshift-model-autoscaling-7.1.0.jar:/home/runner/.m2/repository/io/fabric8/openshift-model-operator/7.1.0/openshift-model-operator-7.1.0.jar:/home/runner/.m2/repository/io/fabric8/openshift-model-operatorhub/7.1.0/openshift-model-operatorhub-7.1.0.jar:/home/runner/.m2/repository/io/fabric8/openshift-model-machine/7.1.0/openshift-model-machine-7.1.0.jar:/home/runner/.m2/repository/io/fabric8/openshift-model-whereabouts/7.1.0/openshift-model-whereabouts-7.1.0.jar:/home/runner/.m2/repository/io/fabric8/openshift-model-monitoring/7.1.0/openshift-model-monitoring-7.1.0.jar:/home/runner/.m2/repository/io/fabric8/openshift-model-storageversionmigrator/7.1.0/openshift-model-storageversionmigrator-7.1.0.jar:/home/runner/.m2/repository/io/fabric8/openshift-model-tuned/7.1.0/openshift-model-tuned-7.1.0.jar:/home/runner/.m2/repository/io/fabric8/openshift-model-console/7.1.0/openshift-model-console-7.1.0.jar:/home/runner/.m2/repository/io/fabric8/openshift-model-config/7.1.0/openshift-model-config-7.1.0.jar:/home/runner/.m2/repository/io/fabric8/openshift-model-machineconfiguration/7.1.0/openshift-model-machineconfiguration-7.1.0.jar:/home/runner/.m2/repository/io/fabric8/openshift-model-miscellaneous/7.1.0/openshift-model-miscellaneous-7.1.0.jar:/home/runner/.m2/repository/io/fabric8/openshift-model-hive/7.1.0/openshift-model-hive-7.1.0.jar:/home/runner/.m2/repository/io/fabric8/openshift-model-installer/7.1.0/openshift-model-installer-7.1.0.jar:/home/runner/.m2/repository/org/junit/platform/junit-platform-launcher/1.12.1/junit-platform-launcher-1.12.1.jar:/home/runner/.m2/repository/org/junit/platform/junit-platform-engine/1.12.1/junit-platform-engine-1.12.1.jar:/home/runner/.m2/repository/org/opentest4j/opentest4j/1.3.0/opentest4j-1.3.0.jar:/home/runner/.m2/repository/org/junit/platform/junit-platform-commons/1.12.1/junit-platform-commons-1.12.1.jar:/home/runner/.m2/repository/org/apiguardian/apiguardian-api/1.1.2/apiguardian-api-1.1.2.jar:/home/runner/.m2/repository/jakarta/ws/rs/jakarta.ws.rs-api/3.1.0/jakarta.ws.rs-api-3.1.0.jar:/home/runner/work/apicurio-testing/apicurio-testing/clusters/ci419/namespaces/ksql043/tests/integration/apicurio-registry/java-sdk/target/apicurio-registry-java-sdk-3.0.13-SNAPSHOT.jar:/home/runner/.m2/repository/com/microsoft/kiota/microsoft-kiota-abstractions/1.8.9/microsoft-kiota-abstractions-1.8.9.jar:/home/runner/.m2/repository/io/github/std-uritemplate/std-uritemplate/2.0.0/std-uritemplate-2.0.0.jar:/home/runner/.m2/repository/io/kiota/kiota-http-jdk/0.0.29/kiota-http-jdk-0.0.29.jar:/home/runner/.m2/repository/io/kiota/kiota-http-vertx/0.0.29/kiota-http-vertx-0.0.29.jar:/home/runner/.m2/repository/io/kiota/kiota-serialization-jackson/0.0.29/kiota-serialization-jackson-0.0.29.jar:/home/runner/.m2/repository/com/microsoft/kiota/microsoft-kiota-serialization-text/1.8.9/microsoft-kiota-serialization-text-1.8.9.jar:/home/runner/.m2/repository/com/microsoft/kiota/microsoft-kiota-serialization-form/1.8.9/microsoft-kiota-serialization-form-1.8.9.jar:/home/runner/.m2/repository/com/microsoft/kiota/microsoft-kiota-serialization-multipart/1.8.9/microsoft-kiota-serialization-multipart-1.8.9.jar:/home/runner/.m2/repository/jakarta/annotation/jakarta.annotation-api/3.0.0/jakarta.annotation-api-3.0.0.jar:/home/runner/.m2/repository/io/vertx/vertx-auth-oauth2/4.5.16/vertx-auth-oauth2-4.5.16.jar:/home/runner/work/apicurio-testing/apicurio-testing/clusters/ci419/namespaces/ksql043/tests/integration/apicurio-registry/java-sdk-v2/target/apicurio-registry-v2-java-sdk-3.0.13-SNAPSHOT.jar:/home/runner/work/apicurio-testing/apicurio-testing/clusters/ci419/namespaces/ksql043/tests/integration/apicurio-registry/utils/kafka/target/apicurio-registry-utils-kafka-3.0.13-SNAPSHOT-tests.jar:/home/runner/.m2/repository/org/eclipse/microprofile/config/microprofile-config-api/3.1/microprofile-config-api-3.1.jar:/home/runner/.m2/repository/org/apache/kafka/kafka-clients/3.9.1/kafka-clients-3.9.1.jar:/home/runner/.m2/repository/com/github/luben/zstd-jni/1.5.6-4/zstd-jni-1.5.6-4.jar:/home/runner/.m2/repository/org/lz4/lz4-java/1.8.0/lz4-java-1.8.0.jar:/home/runner/.m2/repository/org/xerial/snappy/snappy-java/1.1.10.5/snappy-java-1.1.10.5.jar:/home/runner/.m2/repository/org/slf4j/slf4j-api/2.0.6/slf4j-api-2.0.6.jar:/home/runner/work/apicurio-testing/apicurio-testing/clusters/ci419/namespaces/ksql043/tests/integration/apicurio-registry/utils/tests/target/apicurio-registry-utils-tests-3.0.13-SNAPSHOT.jar:/home/runner/work/apicurio-testing/apicurio-testing/clusters/ci419/namespaces/ksql043/tests/integration/apicurio-registry/common/target/apicurio-registry-common-3.0.13-SNAPSHOT.jar:/home/runner/.m2/repository/jakarta/validation/jakarta.validation-api/3.0.2/jakarta.validation-api-3.0.2.jar:/home/runner/.m2/repository/com/github/dasniko/testcontainers-keycloak/3.8.0/testcontainers-keycloak-3.8.0.jar:/home/runner/.m2/repository/org/testcontainers/testcontainers/1.20.6/testcontainers-1.20.6.jar:/home/runner/.m2/repository/org/rnorth/duct-tape/duct-tape/1.0.8/duct-tape-1.0.8.jar:/home/runner/.m2/repository/com/github/docker-java/docker-java-transport-zerodep/3.4.1/docker-java-transport-zerodep-3.4.1.jar:/home/runner/.m2/repository/com/github/docker-java/docker-java-transport/3.4.1/docker-java-transport-3.4.1.jar:/home/runner/.m2/repository/net/java/dev/jna/jna/5.8.0/jna-5.8.0.jar:/home/runner/.m2/repository/io/quarkus/quarkus-junit4-mock/3.20.2/quarkus-junit4-mock-3.20.2.jar:/home/runner/.m2/repository/org/jboss/shrinkwrap/shrinkwrap-api/2.0.0-beta-2/shrinkwrap-api-2.0.0-beta-2.jar:/home/runner/.m2/repository/org/jboss/shrinkwrap/shrinkwrap-impl-base/2.0.0-beta-2/shrinkwrap-impl-base-2.0.0-beta-2.jar:/home/runner/.m2/repository/org/jboss/shrinkwrap/shrinkwrap-spi/2.0.0-beta-2/shrinkwrap-spi-2.0.0-beta-2.jar:/home/runner/.m2/repository/org/keycloak/keycloak-admin-client/26.0.4/keycloak-admin-client-26.0.4.jar:/home/runner/.m2/repository/org/keycloak/keycloak-client-common-synced/26.0.4/keycloak-client-common-synced-26.0.4.jar:/home/runner/.m2/repository/jakarta/activation/jakarta.activation-api/2.1.3/jakarta.activation-api-2.1.3.jar:/home/runner/.m2/repository/org/eclipse/microprofile/openapi/microprofile-openapi-api/4.0.2/microprofile-openapi-api-4.0.2.jar:/home/runner/.m2/repository/org/jboss/resteasy/resteasy-client/6.2.12.Final/resteasy-client-6.2.12.Final.jar:/home/runner/.m2/repository/org/jboss/resteasy/resteasy-client-api/6.2.12.Final/resteasy-client-api-6.2.12.Final.jar:/home/runner/.m2/repository/org/jboss/resteasy/resteasy-core-spi/6.2.12.Final/resteasy-core-spi-6.2.12.Final.jar:/home/runner/.m2/repository/org/jboss/resteasy/resteasy-core/6.2.12.Final/resteasy-core-6.2.12.Final.jar:/home/runner/.m2/repository/org/eclipse/angus/angus-activation/2.0.2/angus-activation-2.0.2.jar:/home/runner/.m2/repository/com/ibm/async/asyncutil/0.1.0/asyncutil-0.1.0.jar:/home/runner/.m2/repository/org/reactivestreams/reactive-streams/1.0.4/reactive-streams-1.0.4.jar:/home/runner/.m2/repository/org/jboss/resteasy/resteasy-multipart-provider/6.2.12.Final/resteasy-multipart-provider-6.2.12.Final.jar:/home/runner/.m2/repository/jakarta/mail/jakarta.mail-api/2.1.3/jakarta.mail-api-2.1.3.jar:/home/runner/.m2/repository/org/eclipse/angus/angus-mail/2.0.3/angus-mail-2.0.3.jar:/home/runner/.m2/repository/org/apache/james/apache-mime4j-dom/0.8.12/apache-mime4j-dom-0.8.12.jar:/home/runner/.m2/repository/org/apache/james/apache-mime4j-core/0.8.12/apache-mime4j-core-0.8.12.jar:/home/runner/.m2/repository/org/apache/james/apache-mime4j-storage/0.8.12/apache-mime4j-storage-0.8.12.jar:/home/runner/.m2/repository/org/jboss/resteasy/resteasy-jackson2-provider/6.2.12.Final/resteasy-jackson2-provider-6.2.12.Final.jar:/home/runner/.m2/repository/com/fasterxml/jackson/jakarta/rs/jackson-jakarta-rs-base/2.18.2/jackson-jakarta-rs-base-2.18.2.jar:/home/runner/.m2/repository/com/fasterxml/jackson/jakarta/rs/jackson-jakarta-rs-json-provider/2.18.2/jackson-jakarta-rs-json-provider-2.18.2.jar:/home/runner/.m2/repository/com/fasterxml/jackson/module/jackson-module-jakarta-xmlbind-annotations/2.18.2/jackson-module-jakarta-xmlbind-annotations-2.18.2.jar:/home/runner/.m2/repository/com/github/java-json-tools/json-patch/1.13/json-patch-1.13.jar:/home/runner/.m2/repository/com/github/java-json-tools/msg-simple/1.2/msg-simple-1.2.jar:/home/runner/.m2/repository/com/github/java-json-tools/btf/1.3/btf-1.3.jar:/home/runner/.m2/repository/com/github/java-json-tools/jackson-coreutils/2.0/jackson-coreutils-2.0.jar:/home/runner/.m2/repository/org/jboss/resteasy/resteasy-jaxb-provider/6.2.12.Final/resteasy-jaxb-provider-6.2.12.Final.jar:/home/runner/.m2/repository/org/glassfish/jaxb/codemodel/4.0.5/codemodel-4.0.5.jar:/home/runner/.m2/repository/org/glassfish/jaxb/jaxb-core/4.0.5/jaxb-core-4.0.5.jar:/home/runner/.m2/repository/org/glassfish/jaxb/jaxb-jxc/4.0.5/jaxb-jxc-4.0.5.jar:/home/runner/.m2/repository/org/glassfish/jaxb/jaxb-runtime/4.0.5/jaxb-runtime-4.0.5.jar:/home/runner/.m2/repository/org/glassfish/jaxb/txw2/4.0.5/txw2-4.0.5.jar:/home/runner/.m2/repository/org/glassfish/jaxb/jaxb-xjc/4.0.5/jaxb-xjc-4.0.5.jar:/home/runner/.m2/repository/org/glassfish/jaxb/xsom/4.0.5/xsom-4.0.5.jar:/home/runner/.m2/repository/com/sun/istack/istack-commons-runtime/4.1.2/istack-commons-runtime-4.1.2.jar:/home/runner/.m2/repository/com/sun/istack/istack-commons-tools/4.1.2/istack-commons-tools-4.1.2.jar:/home/runner/.m2/repository/com/sun/xml/bind/external/relaxng-datatype/4.0.5/relaxng-datatype-4.0.5.jar:/home/runner/.m2/repository/com/sun/xml/bind/external/rngom/4.0.5/rngom-4.0.5.jar:/home/runner/.m2/repository/org/testcontainers/mssqlserver/1.20.6/mssqlserver-1.20.6.jar:/home/runner/.m2/repository/org/testcontainers/jdbc/1.20.6/jdbc-1.20.6.jar:/home/runner/.m2/repository/org/testcontainers/database-commons/1.20.6/database-commons-1.20.6.jar:/home/runner/.m2/repository/org/testcontainers/mysql/1.20.6/mysql-1.20.6.jar:/home/runner/.m2/repository/io/strimzi/strimzi-test-container/0.111.0/strimzi-test-container-0.111.0.jar:/home/runner/.m2/repository/org/testcontainers/toxiproxy/1.20.6/toxiproxy-1.20.6.jar:/home/runner/.m2/repository/com/github/docker-java/docker-java-api/3.4.1/docker-java-api-3.4.1.jar:/home/runner/.m2/repository/org/apache/logging/log4j/log4j-slf4j-impl/2.19.0/log4j-slf4j-impl-2.19.0.jar:/home/runner/.m2/repository/org/apache/logging/log4j/log4j-api/2.24.3/log4j-api-2.24.3.jar:/home/runner/.m2/repository/org/apache/logging/log4j/log4j-core/2.19.0/log4j-core-2.19.0.jar:/home/runner/.m2/repository/eu/rekawek/toxiproxy/toxiproxy-java/2.1.7/toxiproxy-java-2.1.7.jar:/home/runner/.m2/repository/org/testcontainers/pulsar/1.21.3/pulsar-1.21.3.jar:/home/runner/.m2/repository/io/debezium/debezium-testing-testcontainers/2.7.4.Final/debezium-testing-testcontainers-2.7.4.Final.jar:/home/runner/.m2/repository/org/testcontainers/kafka/1.20.6/kafka-1.20.6.jar:/home/runner/.m2/repository/com/squareup/okhttp3/okhttp/4.8.1/okhttp-4.8.1.jar:/home/runner/.m2/repository/com/squareup/okio/okio/3.10.2/okio-3.10.2.jar:/home/runner/.m2/repository/com/squareup/okio/okio-jvm/3.10.2/okio-jvm-3.10.2.jar:/home/runner/.m2/repository/org/jetbrains/kotlin/kotlin-stdlib/2.0.21/kotlin-stdlib-2.0.21.jar:/home/runner/.m2/repository/org/awaitility/awaitility/4.3.0/awaitility-4.3.0.jar:/home/runner/.m2/repository/org/testcontainers/mongodb/1.20.6/mongodb-1.20.6.jar:/home/runner/.m2/repository/org/testcontainers/mariadb/1.20.6/mariadb-1.20.6.jar:/home/runner/.m2/repository/org/testcontainers/oracle-xe/1.20.6/oracle-xe-1.20.6.jar:/home/runner/.m2/repository/org/testcontainers/postgresql/1.20.6/postgresql-1.20.6.jar:/home/runner/.m2/repository/org/wiremock/wiremock/3.0.1/wiremock-3.0.1.jar:/home/runner/.m2/repository/org/eclipse/jetty/jetty-server/11.0.15/jetty-server-11.0.15.jar:/home/runner/.m2/repository/org/eclipse/jetty/toolchain/jetty-jakarta-servlet-api/5.0.2/jetty-jakarta-servlet-api-5.0.2.jar:/home/runner/.m2/repository/org/eclipse/jetty/jetty-http/11.0.15/jetty-http-11.0.15.jar:/home/runner/.m2/repository/org/eclipse/jetty/jetty-io/11.0.15/jetty-io-11.0.15.jar:/home/runner/.m2/repository/org/eclipse/jetty/jetty-servlet/11.0.15/jetty-servlet-11.0.15.jar:/home/runner/.m2/repository/org/eclipse/jetty/jetty-security/11.0.15/jetty-security-11.0.15.jar:/home/runner/.m2/repository/org/eclipse/jetty/jetty-servlets/11.0.15/jetty-servlets-11.0.15.jar:/home/runner/.m2/repository/org/eclipse/jetty/jetty-util/11.0.15/jetty-util-11.0.15.jar:/home/runner/.m2/repository/org/eclipse/jetty/jetty-webapp/11.0.15/jetty-webapp-11.0.15.jar:/home/runner/.m2/repository/org/eclipse/jetty/jetty-xml/11.0.15/jetty-xml-11.0.15.jar:/home/runner/.m2/repository/org/eclipse/jetty/jetty-proxy/11.0.15/jetty-proxy-11.0.15.jar:/home/runner/.m2/repository/org/eclipse/jetty/jetty-client/11.0.15/jetty-client-11.0.15.jar:/home/runner/.m2/repository/org/eclipse/jetty/http2/http2-server/11.0.15/http2-server-11.0.15.jar:/home/runner/.m2/repository/org/eclipse/jetty/http2/http2-common/11.0.15/http2-common-11.0.15.jar:/home/runner/.m2/repository/org/eclipse/jetty/http2/http2-hpack/11.0.15/http2-hpack-11.0.15.jar:/home/runner/.m2/repository/org/eclipse/jetty/jetty-alpn-server/11.0.15/jetty-alpn-server-11.0.15.jar:/home/runner/.m2/repository/org/eclipse/jetty/jetty-alpn-java-server/11.0.15/jetty-alpn-java-server-11.0.15.jar:/home/runner/.m2/repository/org/eclipse/jetty/jetty-alpn-java-client/11.0.15/jetty-alpn-java-client-11.0.15.jar:/home/runner/.m2/repository/org/eclipse/jetty/jetty-alpn-client/11.0.15/jetty-alpn-client-11.0.15.jar:/home/runner/.m2/repository/org/apache/httpcomponents/client5/httpclient5/5.2.1/httpclient5-5.2.1.jar:/home/runner/.m2/repository/org/apache/httpcomponents/core5/httpcore5/5.2/httpcore5-5.2.jar:/home/runner/.m2/repository/org/apache/httpcomponents/core5/httpcore5-h2/5.2/httpcore5-h2-5.2.jar:/home/runner/.m2/repository/org/xmlunit/xmlunit-core/2.9.1/xmlunit-core-2.9.1.jar:/home/runner/.m2/repository/jakarta/xml/bind/jakarta.xml.bind-api/4.0.2/jakarta.xml.bind-api-4.0.2.jar:/home/runner/.m2/repository/org/xmlunit/xmlunit-legacy/2.9.1/xmlunit-legacy-2.9.1.jar:/home/runner/.m2/repository/org/xmlunit/xmlunit-placeholders/2.9.1/xmlunit-placeholders-2.9.1.jar:/home/runner/.m2/repository/net/javacrumbs/json-unit/json-unit-core/2.38.0/json-unit-core-2.38.0.jar:/home/runner/.m2/repository/org/hamcrest/hamcrest-core/2.2/hamcrest-core-2.2.jar:/home/runner/.m2/repository/com/jayway/jsonpath/json-path/2.8.0/json-path-2.8.0.jar:/home/runner/.m2/repository/net/minidev/json-smart/2.4.10/json-smart-2.4.10.jar:/home/runner/.m2/repository/net/minidev/accessors-smart/2.4.9/accessors-smart-2.4.9.jar:/home/runner/.m2/repository/org/ow2/asm/asm/9.7.1/asm-9.7.1.jar:/home/runner/.m2/repository/net/sf/jopt-simple/jopt-simple/5.0.4/jopt-simple-5.0.4.jar:/home/runner/.m2/repository/com/github/jknack/handlebars/4.3.1/handlebars-4.3.1.jar:/home/runner/.m2/repository/com/github/jknack/handlebars-helpers/4.3.1/handlebars-helpers-4.3.1.jar:/home/runner/.m2/repository/commons-fileupload/commons-fileupload/1.5/commons-fileupload-1.5.jar:/home/runner/.m2/repository/com/networknt/json-schema-validator/1.5.8/json-schema-validator-1.5.8.jar:/home/runner/.m2/repository/com/ethlo/time/itu/1.10.3/itu-1.10.3.jar:/home/runner/.m2/repository/io/quarkus/quarkus-smallrye-jwt-build/3.20.2/quarkus-smallrye-jwt-build-3.20.2.jar:/home/runner/.m2/repository/io/smallrye/smallrye-jwt-build/4.6.2/smallrye-jwt-build-4.6.2.jar:/home/runner/.m2/repository/org/eclipse/microprofile/jwt/microprofile-jwt-auth-api/2.1/microprofile-jwt-auth-api-2.1.jar:/home/runner/.m2/repository/org/bitbucket/b_c/jose4j/0.9.6/jose4j-0.9.6.jar:/home/runner/.m2/repository/io/smallrye/smallrye-jwt-common/4.6.2/smallrye-jwt-common-4.6.2.jar:/home/runner/.m2/repository/io/quarkus/quarkus-jsonp/3.20.2/quarkus-jsonp-3.20.2.jar:/home/runner/.m2/repository/io/quarkus/quarkus-arc/3.20.2/quarkus-arc-3.20.2.jar:/home/runner/.m2/repository/io/quarkus/arc/arc/3.20.2/arc-3.20.2.jar:/home/runner/.m2/repository/jakarta/transaction/jakarta.transaction-api/2.0.1/jakarta.transaction-api-2.0.1.jar:/home/runner/.m2/repository/io/smallrye/reactive/mutiny/2.9.2/mutiny-2.9.2.jar:/home/runner/.m2/repository/org/jctools/jctools-core/4.0.5/jctools-core-4.0.5.jar:/home/runner/.m2/repository/org/eclipse/microprofile/context-propagation/microprofile-context-propagation-api/1.3/microprofile-context-propagation-api-1.3.jar:/home/runner/.m2/repository/io/apicurio/apicurio-common-rest-client-common/0.1.18.Final/apicurio-common-rest-client-common-0.1.18.Final.jar:/home/runner/work/apicurio-testing/apicurio-testing/clusters/ci419/namespaces/ksql043/tests/integration/apicurio-registry/utils/maven-plugin/target/apicurio-registry-maven-plugin-3.0.13-SNAPSHOT.jar:/home/runner/.m2/repository/com/fasterxml/jackson/core/jackson-databind/2.18.2/jackson-databind-2.18.2.jar:/home/runner/.m2/repository/org/apache/avro/avro/1.12.0/avro-1.12.0.jar:/home/runner/.m2/repository/com/google/protobuf/protobuf-java/4.31.1/protobuf-java-4.31.1.jar:/home/runner/.m2/repository/com/google/protobuf/protobuf-java-util/4.31.1/protobuf-java-util-4.31.1.jar:/home/runner/.m2/repository/com/google/code/findbugs/jsr305/3.0.2/jsr305-3.0.2.jar:/home/runner/.m2/repository/com/google/code/gson/gson/2.12.1/gson-2.12.1.jar:/home/runner/.m2/repository/com/google/errorprone/error_prone_annotations/2.36.0/error_prone_annotations-2.36.0.jar:/home/runner/.m2/repository/com/google/j2objc/j2objc-annotations/2.8/j2objc-annotations-2.8.jar:/home/runner/work/apicurio-testing/apicurio-testing/clusters/ci419/namespaces/ksql043/tests/integration/apicurio-registry/schema-util/util-provider/target/apicurio-registry-schema-util-provider-3.0.13-SNAPSHOT.jar:/home/runner/work/apicurio-testing/apicurio-testing/clusters/ci419/namespaces/ksql043/tests/integration/apicurio-registry/schema-util/common/target/apicurio-registry-schema-util-common-3.0.13-SNAPSHOT.jar:/home/runner/.m2/repository/com/fasterxml/jackson/module/jackson-module-parameter-names/2.18.2/jackson-module-parameter-names-2.18.2.jar:/home/runner/.m2/repository/com/fasterxml/jackson/datatype/jackson-datatype-json-org/2.18.2/jackson-datatype-json-org-2.18.2.jar:/home/runner/work/apicurio-testing/apicurio-testing/clusters/ci419/namespaces/ksql043/tests/integration/apicurio-registry/schema-util/json/target/apicurio-registry-schema-util-json-3.0.13-SNAPSHOT.jar:/home/runner/.m2/repository/com/github/erosb/everit-json-schema/1.14.5/everit-json-schema-1.14.5.jar:/home/runner/.m2/repository/commons-validator/commons-validator/1.9.0/commons-validator-1.9.0.jar:/home/runner/.m2/repository/commons-digester/commons-digester/2.1/commons-digester-2.1.jar:/home/runner/.m2/repository/commons-collections/commons-collections/3.2.2/commons-collections-3.2.2.jar:/home/runner/.m2/repository/com/damnhandy/handy-uri-templates/2.1.8/handy-uri-templates-2.1.8.jar:/home/runner/.m2/repository/joda-time/joda-time/2.10.2/joda-time-2.10.2.jar:/home/runner/.m2/repository/com/github/erosb/json-sKema/0.20.0/json-sKema-0.20.0.jar:/home/runner/.m2/repository/io/vertx/vertx-json-schema/4.5.16/vertx-json-schema-4.5.16.jar:/home/runner/work/apicurio-testing/apicurio-testing/clusters/ci419/namespaces/ksql043/tests/integration/apicurio-registry/schema-util/protobuf/target/apicurio-registry-schema-util-protobuf-3.0.13-SNAPSHOT.jar:/home/runner/work/apicurio-testing/apicurio-testing/clusters/ci419/namespaces/ksql043/tests/integration/apicurio-registry/utils/protobuf-schema-utilities/target/apicurio-registry-protobuf-schema-utilities-3.0.13-SNAPSHOT.jar:/home/runner/.m2/repository/com/google/api/grpc/proto-google-common-protos/2.52.0/proto-google-common-protos-2.52.0.jar:/home/runner/.m2/repository/com/squareup/wire/wire-schema-jvm/5.3.3/wire-schema-jvm-5.3.3.jar:/home/runner/.m2/repository/com/palantir/javapoet/javapoet/0.6.0/javapoet-0.6.0.jar:/home/runner/.m2/repository/com/squareup/kotlinpoet-jvm/2.0.0/kotlinpoet-jvm-2.0.0.jar:/home/runner/.m2/repository/org/jetbrains/kotlin/kotlin-reflect/2.0.21/kotlin-reflect-2.0.21.jar:/home/runner/.m2/repository/com/squareup/wire/wire-runtime-jvm/5.3.3/wire-runtime-jvm-5.3.3.jar:/home/runner/.m2/repository/com/ibm/icu/icu4j/76.1/icu4j-76.1.jar:/home/runner/.m2/repository/com/squareup/okio/okio-fakefilesystem/3.10.2/okio-fakefilesystem-3.10.2.jar:/home/runner/.m2/repository/com/squareup/okio/okio-fakefilesystem-jvm/3.10.2/okio-fakefilesystem-jvm-3.10.2.jar:/home/runner/.m2/repository/org/jetbrains/kotlinx/kotlinx-datetime-jvm/0.6.1/kotlinx-datetime-jvm-0.6.1.jar:/home/runner/work/apicurio-testing/apicurio-testing/clusters/ci419/namespaces/ksql043/tests/integration/apicurio-registry/schema-util/asyncapi/target/apicurio-registry-schema-util-asyncapi-3.0.13-SNAPSHOT.jar:/home/runner/work/apicurio-testing/apicurio-testing/clusters/ci419/namespaces/ksql043/tests/integration/apicurio-registry/schema-util/avro/target/apicurio-registry-schema-util-avro-3.0.13-SNAPSHOT.jar:/home/runner/work/apicurio-testing/apicurio-testing/clusters/ci419/namespaces/ksql043/tests/integration/apicurio-registry/schema-util/graphql/target/apicurio-registry-schema-util-graphql-3.0.13-SNAPSHOT.jar:/home/runner/.m2/repository/com/graphql-java/graphql-java/22.4/graphql-java-22.4.jar:/home/runner/.m2/repository/com/graphql-java/java-dataloader/3.3.0/java-dataloader-3.3.0.jar:/home/runner/work/apicurio-testing/apicurio-testing/clusters/ci419/namespaces/ksql043/tests/integration/apicurio-registry/schema-util/kconnect/target/apicurio-registry-schema-util-kconnect-3.0.13-SNAPSHOT.jar:/home/runner/work/apicurio-testing/apicurio-testing/clusters/ci419/namespaces/ksql043/tests/integration/apicurio-registry/schema-util/openapi/target/apicurio-registry-schema-util-openapi-3.0.13-SNAPSHOT.jar:/home/runner/.m2/repository/io/apicurio/apicurio-data-models/2.2.2/apicurio-data-models-2.2.2.jar:/home/runner/.m2/repository/org/openapitools/openapidiff/openapi-diff-core/2.1.2/openapi-diff-core-2.1.2.jar:/home/runner/.m2/repository/io/swagger/parser/v3/swagger-parser/2.1.28/swagger-parser-2.1.28.jar:/home/runner/.m2/repository/io/swagger/parser/v3/swagger-parser-v2-converter/2.1.28/swagger-parser-v2-converter-2.1.28.jar:/home/runner/.m2/repository/io/swagger/swagger-core/1.6.16/swagger-core-1.6.16.jar:/home/runner/.m2/repository/io/swagger/swagger-models/1.6.16/swagger-models-1.6.16.jar:/home/runner/.m2/repository/io/swagger/swagger-annotations/1.6.16/swagger-annotations-1.6.16.jar:/home/runner/.m2/repository/io/swagger/swagger-parser/1.0.75/swagger-parser-1.0.75.jar:/home/runner/.m2/repository/io/swagger/swagger-parser-safe-url-resolver/1.0.75/swagger-parser-safe-url-resolver-1.0.75.jar:/home/runner/.m2/repository/io/swagger/swagger-compat-spec-parser/1.0.75/swagger-compat-spec-parser-1.0.75.jar:/home/runner/.m2/repository/com/github/java-json-tools/json-schema-validator/2.2.14/json-schema-validator-2.2.14.jar:/home/runner/.m2/repository/com/github/java-json-tools/jackson-coreutils-equivalence/1.0/jackson-coreutils-equivalence-1.0.jar:/home/runner/.m2/repository/com/github/java-json-tools/json-schema-core/1.2.14/json-schema-core-1.2.14.jar:/home/runner/.m2/repository/com/github/java-json-tools/uri-template/0.10/uri-template-0.10.jar:/home/runner/.m2/repository/com/googlecode/libphonenumber/libphonenumber/8.11.1/libphonenumber-8.11.1.jar:/home/runner/.m2/repository/com/j2html/j2html/1.6.0/j2html-1.6.0.jar:/home/runner/.m2/repository/org/apache/commons/commons-collections4/4.5.0/commons-collections4-4.5.0.jar:/home/runner/.m2/repository/org/slf4j/jcl-over-slf4j/2.0.17/jcl-over-slf4j-2.0.17.jar:/home/runner/.m2/repository/io/swagger/parser/v3/swagger-parser-v3/2.1.31/swagger-parser-v3-2.1.31.jar:/home/runner/.m2/repository/io/swagger/core/v3/swagger-models/2.2.34/swagger-models-2.2.34.jar:/home/runner/.m2/repository/io/swagger/core/v3/swagger-core/2.2.34/swagger-core-2.2.34.jar:/home/runner/.m2/repository/io/swagger/parser/v3/swagger-parser-core/2.1.31/swagger-parser-core-2.1.31.jar:/home/runner/.m2/repository/io/swagger/parser/v3/swagger-parser-safe-url-resolver/2.1.31/swagger-parser-safe-url-resolver-2.1.31.jar:/home/runner/work/apicurio-testing/apicurio-testing/clusters/ci419/namespaces/ksql043/tests/integration/apicurio-registry/schema-util/wsdl/target/apicurio-registry-schema-util-wsdl-3.0.13-SNAPSHOT.jar:/home/runner/.m2/repository/wsdl4j/wsdl4j/1.6.3/wsdl4j-1.6.3.jar:/home/runner/work/apicurio-testing/apicurio-testing/clusters/ci419/namespaces/ksql043/tests/integration/apicurio-registry/schema-util/xml/target/apicurio-registry-schema-util-xml-3.0.13-SNAPSHOT.jar:/home/runner/.m2/repository/org/apache/santuario/xmlsec/4.0.4/xmlsec-4.0.4.jar:/home/runner/.m2/repository/com/fasterxml/woodstox/woodstox-core/7.1.1/woodstox-core-7.1.1.jar:/home/runner/.m2/repository/org/codehaus/woodstox/stax2-api/4.2.2/stax2-api-4.2.2.jar:/home/runner/work/apicurio-testing/apicurio-testing/clusters/ci419/namespaces/ksql043/tests/integration/apicurio-registry/schema-util/xsd/target/apicurio-registry-schema-util-xsd-3.0.13-SNAPSHOT.jar:/home/runner/work/apicurio-testing/apicurio-testing/clusters/ci419/namespaces/ksql043/tests/integration/apicurio-registry/serdes/kafka/jsonschema-serde/target/apicurio-registry-jsonschema-serde-kafka-3.0.13-SNAPSHOT.jar:/home/runner/work/apicurio-testing/apicurio-testing/clusters/ci419/namespaces/ksql043/tests/integration/apicurio-registry/serdes/kafka/serde-kafka-common/target/apicurio-registry-serde-kafka-common-3.0.13-SNAPSHOT.jar:/home/runner/work/apicurio-testing/apicurio-testing/clusters/ci419/namespaces/ksql043/tests/integration/apicurio-registry/serdes/generic/serde-common/target/apicurio-registry-serde-common-3.0.13-SNAPSHOT.jar:/home/runner/work/apicurio-testing/apicurio-testing/clusters/ci419/namespaces/ksql043/tests/integration/apicurio-registry/serdes/generic/serde-common-jsonschema/target/apicurio-registry-serde-common-jsonschema-3.0.13-SNAPSHOT.jar:/home/runner/.m2/repository/org/json/json/20250107/json-20250107.jar:/home/runner/work/apicurio-testing/apicurio-testing/clusters/ci419/namespaces/ksql043/tests/integration/apicurio-registry/serdes/kafka/avro-serde/target/apicurio-registry-avro-serde-kafka-3.0.13-SNAPSHOT.jar:/home/runner/work/apicurio-testing/apicurio-testing/clusters/ci419/namespaces/ksql043/tests/integration/apicurio-registry/serdes/generic/serde-common-avro/target/apicurio-registry-serde-common-avro-3.0.13-SNAPSHOT.jar:/home/runner/work/apicurio-testing/apicurio-testing/clusters/ci419/namespaces/ksql043/tests/integration/apicurio-registry/serdes/kafka/protobuf-serde/target/apicurio-registry-protobuf-serde-kafka-3.0.13-SNAPSHOT.jar:/home/runner/work/apicurio-testing/apicurio-testing/clusters/ci419/namespaces/ksql043/tests/integration/apicurio-registry/serdes/generic/serde-common-protobuf/target/apicurio-registry-serde-common-protobuf-3.0.13-SNAPSHOT.jar:/home/runner/.m2/repository/com/squareup/wire/wire-schema/5.3.3/wire-schema-5.3.3.jar:/home/runner/.m2/repository/com/squareup/wire/wire-runtime/5.3.3/wire-runtime-5.3.3.jar:/home/runner/work/apicurio-testing/apicurio-testing/clusters/ci419/namespaces/ksql043/tests/integration/apicurio-registry/serdes/pulsar/avro-serde/target/apicurio-registry-avro-serde-pulsar-3.0.13-SNAPSHOT.jar:/home/runner/.m2/repository/org/apache/pulsar/pulsar-functions-api/3.3.8/pulsar-functions-api-3.3.8.jar:/home/runner/work/apicurio-testing/apicurio-testing/clusters/ci419/namespaces/ksql043/tests/integration/apicurio-registry/serdes/nats/avro-serde/target/apicurio-registry-avro-serde-nats-3.0.13-SNAPSHOT.jar:/home/runner/.m2/repository/io/nats/jnats/2.21.4/jnats-2.21.4.jar:/home/runner/.m2/repository/org/bouncycastle/bcprov-lts8on/2.73.7/bcprov-lts8on-2.73.7.jar:/home/runner/.m2/repository/org/jetbrains/annotations/26.0.2/annotations-26.0.2.jar:/home/runner/work/apicurio-testing/apicurio-testing/clusters/ci419/namespaces/ksql043/tests/integration/apicurio-registry/utils/converter/target/apicurio-registry-utils-converter-3.0.13-SNAPSHOT.jar:/home/runner/work/apicurio-testing/apicurio-testing/clusters/ci419/namespaces/ksql043/tests/integration/apicurio-registry/schema-resolver/target/apicurio-registry-schema-resolver-3.0.13-SNAPSHOT.jar:/home/runner/.m2/repository/org/apache/kafka/connect-api/3.9.1/connect-api-3.9.1.jar:/home/runner/.m2/repository/javax/ws/rs/javax.ws.rs-api/2.1.1/javax.ws.rs-api-2.1.1.jar:/home/runner/.m2/repository/org/apache/kafka/connect-json/3.9.1/connect-json-3.9.1.jar:/home/runner/.m2/repository/com/fasterxml/jackson/datatype/jackson-datatype-jdk8/2.18.2/jackson-datatype-jdk8-2.18.2.jar:/home/runner/.m2/repository/com/fasterxml/jackson/module/jackson-module-afterburner/2.18.2/jackson-module-afterburner-2.18.2.jar:/home/runner/work/apicurio-testing/apicurio-testing/clusters/ci419/namespaces/ksql043/tests/integration/apicurio-registry/utils/kafka/target/apicurio-registry-utils-kafka-3.0.13-SNAPSHOT.jar:/home/runner/.m2/repository/org/apache/pulsar/pulsar-client/3.3.8/pulsar-client-3.3.8.jar:/home/runner/.m2/repository/org/apache/pulsar/pulsar-client-api/3.3.8/pulsar-client-api-3.3.8.jar:/home/runner/.m2/repository/org/apache/pulsar/pulsar-client-admin-api/3.3.8/pulsar-client-admin-api-3.3.8.jar:/home/runner/.m2/repository/org/apache/pulsar/bouncy-castle-bc/3.3.8/bouncy-castle-bc-3.3.8-pkg.jar:/home/runner/.m2/repository/org/bouncycastle/bcpkix-jdk18on/1.81/bcpkix-jdk18on-1.81.jar:/home/runner/.m2/repository/org/bouncycastle/bcutil-jdk18on/1.81/bcutil-jdk18on-1.81.jar:/home/runner/.m2/repository/org/bouncycastle/bcprov-jdk18on/1.81/bcprov-jdk18on-1.81.jar:/home/runner/.m2/repository/io/opentelemetry/opentelemetry-api/1.44.1/opentelemetry-api-1.44.1.jar:/home/runner/.m2/repository/io/opentelemetry/opentelemetry-context/1.44.1/opentelemetry-context-1.44.1.jar:/home/runner/.m2/repository/io/opentelemetry/opentelemetry-api-incubator/1.44.1-alpha/opentelemetry-api-incubator-1.44.1-alpha.jar:/home/runner/.m2/repository/com/fasterxml/jackson/core/jackson-annotations/2.18.2/jackson-annotations-2.18.2.jar:/home/runner/.m2/repository/javax/validation/validation-api/1.1.0.Final/validation-api-1.1.0.Final.jar:/home/runner/.m2/repository/org/jspecify/jspecify/1.0.0/jspecify-1.0.0.jar:/home/runner/.m2/repository/org/apache/commons/commons-configuration2/2.12.0/commons-configuration2-2.12.0.jar:/home/runner/.m2/repository/commons-logging/commons-logging/1.3.5/commons-logging-1.3.5.jar:/home/runner/.m2/repository/org/apache/commons/commons-text/1.13.0/commons-text-1.13.0.jar:/home/runner/.m2/repository/io/confluent/kafka-avro-serializer/8.0.0/kafka-avro-serializer-8.0.0.jar:/home/runner/.m2/repository/org/apache/commons/commons-compress/1.27.1/commons-compress-1.27.1.jar:/home/runner/.m2/repository/io/confluent/kafka-schema-serializer/8.0.0/kafka-schema-serializer-8.0.0.jar:/home/runner/.m2/repository/com/fasterxml/jackson/dataformat/jackson-dataformat-csv/2.18.2/jackson-dataformat-csv-2.18.2.jar:/home/runner/.m2/repository/io/confluent/kafka-schema-registry-client/8.0.0/kafka-schema-registry-client-8.0.0.jar:/home/runner/.m2/repository/org/yaml/snakeyaml/2.3/snakeyaml-2.3.jar:/home/runner/.m2/repository/io/swagger/core/v3/swagger-annotations/2.2.29/swagger-annotations-2.2.29.jar:/home/runner/.m2/repository/com/google/guava/guava/33.4.0-jre/guava-33.4.0-jre.jar:/home/runner/.m2/repository/com/google/guava/failureaccess/1.0.1/failureaccess-1.0.1.jar:/home/runner/.m2/repository/org/checkerframework/checker-qual/3.49.0/checker-qual-3.49.0.jar:/home/runner/.m2/repository/io/confluent/logredactor/1.0.13/logredactor-1.0.13.jar:/home/runner/.m2/repository/com/google/re2j/re2j/1.6/re2j-1.6.jar:/home/runner/.m2/repository/io/confluent/logredactor-metrics/1.0.13/logredactor-metrics-1.0.13.jar:/home/runner/.m2/repository/com/eclipsesource/minimal-json/minimal-json/0.9.5/minimal-json-0.9.5.jar:/home/runner/.m2/repository/io/confluent/common-utils/8.0.0/common-utils-8.0.0.jar:/home/runner/.m2/repository/io/confluent/kafka-connect-avro-converter/8.0.0/kafka-connect-avro-converter-8.0.0.jar:/home/runner/.m2/repository/io/confluent/kafka-connect-avro-data/8.0.0/kafka-connect-avro-data-8.0.0.jar:/home/runner/.m2/repository/io/confluent/kafka-schema-converter/8.0.0/kafka-schema-converter-8.0.0.jar:/home/runner/.m2/repository/io/rest-assured/rest-assured/5.5.1/rest-assured-5.5.1.jar:/home/runner/.m2/repository/org/apache/groovy/groovy/4.0.22/groovy-4.0.22.jar:/home/runner/.m2/repository/org/apache/groovy/groovy-xml/4.0.22/groovy-xml-4.0.22.jar:/home/runner/.m2/repository/org/apache/httpcomponents/httpclient/4.5.14/httpclient-4.5.14.jar:/home/runner/.m2/repository/org/apache/httpcomponents/httpcore/4.4.16/httpcore-4.4.16.jar:/home/runner/.m2/repository/org/apache/httpcomponents/httpmime/4.5.14/httpmime-4.5.14.jar:/home/runner/.m2/repository/org/hamcrest/hamcrest/2.2/hamcrest-2.2.jar:/home/runner/.m2/repository/org/ccil/cowan/tagsoup/tagsoup/1.2.1/tagsoup-1.2.1.jar:/home/runner/.m2/repository/io/rest-assured/json-path/5.5.1/json-path-5.5.1.jar:/home/runner/.m2/repository/org/apache/groovy/groovy-json/4.0.22/groovy-json-4.0.22.jar:/home/runner/.m2/repository/io/rest-assured/rest-assured-common/5.5.1/rest-assured-common-5.5.1.jar:/home/runner/.m2/repository/io/rest-assured/xml-path/5.5.1/xml-path-5.5.1.jar:/home/runner/.m2/repository/io/zonky/test/embedded-postgres/2.1.0/embedded-postgres-2.1.0.jar:/home/runner/.m2/repository/io/zonky/test/postgres/embedded-postgres-binaries-windows-amd64/14.15.0/embedded-postgres-binaries-windows-amd64-14.15.0.jar:/home/runner/.m2/repository/io/zonky/test/postgres/embedded-postgres-binaries-darwin-amd64/14.15.0/embedded-postgres-binaries-darwin-amd64-14.15.0.jar:/home/runner/.m2/repository/io/zonky/test/postgres/embedded-postgres-binaries-linux-amd64/14.15.0/embedded-postgres-binaries-linux-amd64-14.15.0.jar:/home/runner/.m2/repository/io/zonky/test/postgres/embedded-postgres-binaries-linux-amd64-alpine/14.15.0/embedded-postgres-binaries-linux-amd64-alpine-14.15.0.jar:/home/runner/.m2/repository/org/apache/commons/commons-lang3/3.17.0/commons-lang3-3.17.0.jar:/home/runner/.m2/repository/org/tukaani/xz/1.10/xz-1.10.jar:/home/runner/.m2/repository/commons-codec/commons-codec/1.19.0/commons-codec-1.19.0.jar:/home/runner/.m2/repository/org/postgresql/postgresql/42.7.7/postgresql-42.7.7.jar:/home/runner/.m2/repository/commons-io/commons-io/2.18.0/commons-io-2.18.0.jar:/home/runner/work/apicurio-testing/apicurio-testing/clusters/ci419/namespaces/ksql043/tests/integration/apicurio-registry/utils/importexport/target/apicurio-registry-utils-import-export-3.0.13-SNAPSHOT.jar:/home/runner/.m2/repository/io/vertx/vertx-core/4.5.16/vertx-core-4.5.16.jar:/home/runner/.m2/repository/io/netty/netty-common/4.1.121.Final/netty-common-4.1.121.Final.jar:/home/runner/.m2/repository/io/netty/netty-buffer/4.1.121.Final/netty-buffer-4.1.121.Final.jar:/home/runner/.m2/repository/io/netty/netty-transport/4.1.121.Final/netty-transport-4.1.121.Final.jar:/home/runner/.m2/repository/io/netty/netty-handler/4.1.121.Final/netty-handler-4.1.121.Final.jar:/home/runner/.m2/repository/io/netty/netty-transport-native-unix-common/4.1.121.Final/netty-transport-native-unix-common-4.1.121.Final.jar:/home/runner/.m2/repository/io/netty/netty-codec/4.1.121.Final/netty-codec-4.1.121.Final.jar:/home/runner/.m2/repository/io/netty/netty-handler-proxy/4.1.121.Final/netty-handler-proxy-4.1.121.Final.jar:/home/runner/.m2/repository/io/netty/netty-codec-socks/4.1.121.Final/netty-codec-socks-4.1.121.Final.jar:/home/runner/.m2/repository/io/netty/netty-codec-http/4.1.121.Final/netty-codec-http-4.1.121.Final.jar:/home/runner/.m2/repository/io/netty/netty-codec-http2/4.1.121.Final/netty-codec-http2-4.1.121.Final.jar:/home/runner/.m2/repository/io/netty/netty-resolver/4.1.121.Final/netty-resolver-4.1.121.Final.jar:/home/runner/.m2/repository/io/netty/netty-resolver-dns/4.1.121.Final/netty-resolver-dns-4.1.121.Final.jar:/home/runner/.m2/repository/io/netty/netty-codec-dns/4.1.121.Final/netty-codec-dns-4.1.121.Final.jar:/home/runner/.m2/repository/com/fasterxml/jackson/core/jackson-core/2.18.2/jackson-core-2.18.2.jar:"/>
    <property name="sun.cpu.endian" value="little"/>
    <property name="user.home" value="/home/runner"/>
    <property name="user.language" value="en"/>
    <property name="jboss.log-version" value="false"/>
    <property name="java.specification.vendor" value="Oracle Corporation"/>
    <property name="java.version.date" value="2025-07-15"/>
    <property name="java.home" value="/usr/lib/jvm/temurin-17-jdk-amd64"/>
    <property name="file.separator" value="/"/>
    <property name="basedir" value="/home/runner/work/apicurio-testing/apicurio-testing/clusters/ci419/namespaces/ksql043/tests/integration/apicurio-registry/integration-tests"/>
    <property name="java.vm.compressedOopsMode" value="Zero based"/>
    <property name="line.separator" value="&#10;"/>
    <property name="java.specification.name" value="Java Platform API Specification"/>
    <property name="java.vm.specification.vendor" value="Oracle Corporation"/>
    <property name="quarkus.http.test-host" value="registry-app-ksql043.apps.ci419.apicurio-testing.org"/>
    <property name="surefire.real.class.path" value="/home/runner/work/apicurio-testing/apicurio-testing/clusters/ci419/namespaces/ksql043/tests/integration/apicurio-registry/integration-tests/target/surefire/surefirebooter-20250814222055682_3.jar"/>
    <property name="sun.management.compiler" value="HotSpot 64-Bit Tiered Compilers"/>
    <property name="org.eclipse.jetty.http.HttpGenerator.STRICT" value="true"/>
    <property name="java.runtime.version" value="17.0.16+8"/>
    <property name="user.name" value="runner"/>
    <property name="path.separator" value=":"/>
    <property name="os.version" value="6.11.0-1018-azure"/>
    <property name="java.runtime.name" value="OpenJDK Runtime Environment"/>
    <property name="file.encoding" value="UTF-8"/>
    <property name="jnidispatch.path" value="/home/runner/.cache/JNA/temp/jna16592397407560254862.tmp"/>
    <property name="java.vm.name" value="OpenJDK 64-Bit Server VM"/>
    <property name="jna.platform.library.path" value="/usr/lib/x86_64-linux-gnu:/lib/x86_64-linux-gnu:/usr/lib64:/lib64:/usr/lib:/lib:/lib32:/usr/local/lib:/usr/lib/x86_64-linux-gnu/libfakeroot"/>
    <property name="java.vendor.version" value="Temurin-17.0.16+8"/>
    <property name="quarkus.oidc.token-path" value="https://keycloak-ksql043.apps.ci419.apicurio-testing.org/realms/registry/protocol/openid-connect/token"/>
    <property name="quarkus.http.host" value="registry-app-ksql043.apps.ci419.apicurio-testing.org"/>
    <property name="localRepository" value="/home/runner/.m2/repository"/>
    <property name="javax.xml.xpath.XPathFactory:http://java.sun.com/jaxp/xpath/dom" value="com.sun.org.apache.xpath.internal.jaxp.XPathFactoryImpl"/>
    <property name="jna.loaded" value="true"/>
    <property name="java.vendor.url.bug" value="https://github.com/adoptium/adoptium-support/issues"/>
    <property name="jetty.git.hash" value="5bc5e562c8d05c5862505aebe5cf83a61bdbcb96"/>
    <property name="java.io.tmpdir" value="/tmp"/>
    <property name="quarkus.http.test-protocol" value="http"/>
    <property name="java.version" value="17.0.16"/>
    <property name="user.dir" value="/home/runner/work/apicurio-testing/apicurio-testing/clusters/ci419/namespaces/ksql043/tests/integration/apicurio-registry/integration-tests"/>
    <property name="os.arch" value="amd64"/>
    <property name="groups" value="( smoke | serdes | acceptance | ui)"/>
    <property name="java.vm.specification.name" value="Java Virtual Machine Specification"/>
    <property name="native.encoding" value="UTF-8"/>
    <property name="java.util.logging.manager" value="org.jboss.logmanager.LogManager"/>
    <property name="java.library.path" value="/usr/java/packages/lib:/usr/lib64:/lib64:/lib:/usr/lib"/>
    <property name="jdk.console" value="java.base"/>
    <property name="java.vm.info" value="mixed mode, sharing"/>
    <property name="java.vendor" value="Eclipse Adoptium"/>
    <property name="java.vm.version" value="17.0.16+8"/>
    <property name="java.specification.maintenance.version" value="1"/>
    <property name="sun.io.unicode.encoding" value="UnicodeLittle"/>
    <property name="javax.xml.transform.TransformerFactory" value="com.sun.org.apache.xalan.internal.xsltc.trax.TransformerFactoryImpl"/>
    <property name="java.class.version" value="61.0"/>
  </properties>
  <testcase name="testSimpleTopicIdStrategyFindLatest" classname="io.apicurio.tests.serdes.apicurio.ProtobufSerdeIT" time="1.596">
    <system-out><![CDATA[**** Registry Base URL: http://registry-app-ksql043.apps.ci419.apicurio-testing.org:80
**** Registry Base URL: http://registry-app-ksql043.apps.ci419.apicurio-testing.org:80
2025-08-14 22:23:19,184 INFO  [io.api.tes.ser.api.ProtobufSerdeIT] (main) RestAssured configured with http://registry-app-ksql043.apps.ci419.apicurio-testing.org:80/apis/registry/v3
2025-08-14 22:23:19,339 INFO  [io.api.tes.uti.KafkaFacade] (main) Skipping deployment of kafka, because it's already deployed
2025-08-14 22:23:19,340 INFO  [io.api.tes.uti.TestSeparator] (main) ############################################################################
2025-08-14 22:23:19,340 INFO  [io.api.tes.uti.TestSeparator] (main) io.apicurio.tests.serdes.apicurio.ProtobufSerdeIT.testSimpleTopicIdStrategyFindLatest-STARTED
2025-08-14 22:23:19,341 INFO  [org.apa.kaf.cli.adm.AdminClientConfig] (main) AdminClientConfig values: 
	auto.include.jmx.reporter = true
	bootstrap.controllers = []
	bootstrap.servers = [PLAINTEXT://localhost:32769]
	client.dns.lookup = use_all_dns_ips
	client.id = 
	connections.max.idle.ms = 10000
	default.api.timeout.ms = 60000
	enable.metrics.push = true
	metadata.max.age.ms = 300000
	metadata.recovery.strategy = none
	metric.reporters = []
	metrics.num.samples = 2
	metrics.recording.level = INFO
	metrics.sample.window.ms = 30000
	receive.buffer.bytes = 65536
	reconnect.backoff.max.ms = 1000
	reconnect.backoff.ms = 50
	request.timeout.ms = 5000
	retries = 2147483647
	retry.backoff.max.ms = 1000
	retry.backoff.ms = 100
	sasl.client.callback.handler.class = null
	sasl.jaas.config = null
	sasl.kerberos.kinit.cmd = /usr/bin/kinit
	sasl.kerberos.min.time.before.relogin = 60000
	sasl.kerberos.service.name = null
	sasl.kerberos.ticket.renew.jitter = 0.05
	sasl.kerberos.ticket.renew.window.factor = 0.8
	sasl.login.callback.handler.class = null
	sasl.login.class = null
	sasl.login.connect.timeout.ms = null
	sasl.login.read.timeout.ms = null
	sasl.login.refresh.buffer.seconds = 300
	sasl.login.refresh.min.period.seconds = 60
	sasl.login.refresh.window.factor = 0.8
	sasl.login.refresh.window.jitter = 0.05
	sasl.login.retry.backoff.max.ms = 10000
	sasl.login.retry.backoff.ms = 100
	sasl.mechanism = GSSAPI
	sasl.oauthbearer.clock.skew.seconds = 30
	sasl.oauthbearer.expected.audience = null
	sasl.oauthbearer.expected.issuer = null
	sasl.oauthbearer.header.urlencode = false
	sasl.oauthbearer.jwks.endpoint.refresh.ms = 3600000
	sasl.oauthbearer.jwks.endpoint.retry.backoff.max.ms = 10000
	sasl.oauthbearer.jwks.endpoint.retry.backoff.ms = 100
	sasl.oauthbearer.jwks.endpoint.url = null
	sasl.oauthbearer.scope.claim.name = scope
	sasl.oauthbearer.sub.claim.name = sub
	sasl.oauthbearer.token.endpoint.url = null
	security.protocol = PLAINTEXT
	security.providers = null
	send.buffer.bytes = 131072
	socket.connection.setup.timeout.max.ms = 30000
	socket.connection.setup.timeout.ms = 10000
	ssl.cipher.suites = null
	ssl.enabled.protocols = [TLSv1.2, TLSv1.3]
	ssl.endpoint.identification.algorithm = https
	ssl.engine.factory.class = null
	ssl.key.password = null
	ssl.keymanager.algorithm = SunX509
	ssl.keystore.certificate.chain = null
	ssl.keystore.key = null
	ssl.keystore.location = null
	ssl.keystore.password = null
	ssl.keystore.type = JKS
	ssl.protocol = TLSv1.3
	ssl.provider = null
	ssl.secure.random.implementation = null
	ssl.trustmanager.algorithm = PKIX
	ssl.truststore.certificates = null
	ssl.truststore.location = null
	ssl.truststore.password = null
	ssl.truststore.type = JKS

2025-08-14 22:23:19,341 INFO  [org.apa.kaf.com.uti.AppInfoParser] (main) Kafka version: 3.9.1
2025-08-14 22:23:19,342 INFO  [org.apa.kaf.com.uti.AppInfoParser] (main) Kafka commitId: f745dfdcee2b9851
2025-08-14 22:23:19,342 INFO  [org.apa.kaf.com.uti.AppInfoParser] (main) Kafka startTimeMs: 1755210199341
2025-08-14 22:23:20,935 INFO  [io.api.tes.uti.TestSeparator] (main) io.apicurio.tests.serdes.apicurio.ProtobufSerdeIT.testSimpleTopicIdStrategyFindLatest-FINISHED
2025-08-14 22:23:20,935 INFO  [io.api.tes.uti.TestSeparator] (main) ############################################################################
Test passed: testSimpleTopicIdStrategyFindLatest
]]></system-out>
  </testcase>
  <testcase name="testFindLatestDeriveClassProtobufTypeTopicIdStrategy" classname="io.apicurio.tests.serdes.apicurio.ProtobufSerdeIT" time="1.185">
    <system-out><![CDATA[2025-08-14 22:23:20,936 INFO  [io.api.tes.uti.TestSeparator] (main) ############################################################################
2025-08-14 22:23:20,936 INFO  [io.api.tes.uti.TestSeparator] (main) io.apicurio.tests.serdes.apicurio.ProtobufSerdeIT.testFindLatestDeriveClassProtobufTypeTopicIdStrategy-STARTED
2025-08-14 22:23:22,120 INFO  [io.api.tes.uti.TestSeparator] (main) io.apicurio.tests.serdes.apicurio.ProtobufSerdeIT.testFindLatestDeriveClassProtobufTypeTopicIdStrategy-FINISHED
2025-08-14 22:23:22,121 INFO  [io.api.tes.uti.TestSeparator] (main) ############################################################################
Test passed: testFindLatestDeriveClassProtobufTypeTopicIdStrategy
]]></system-out>
  </testcase>
  <testcase name="testWrongSchema" classname="io.apicurio.tests.serdes.apicurio.ProtobufSerdeIT" time="1.188">
    <system-out><![CDATA[2025-08-14 22:23:22,122 INFO  [io.api.tes.uti.TestSeparator] (main) ############################################################################
2025-08-14 22:23:22,122 INFO  [io.api.tes.uti.TestSeparator] (main) io.apicurio.tests.serdes.apicurio.ProtobufSerdeIT.testWrongSchema-STARTED
2025-08-14 22:23:23,309 INFO  [io.api.tes.uti.TestSeparator] (main) io.apicurio.tests.serdes.apicurio.ProtobufSerdeIT.testWrongSchema-FINISHED
2025-08-14 22:23:23,309 INFO  [io.api.tes.uti.TestSeparator] (main) ############################################################################
Test passed: testWrongSchema
]]></system-out>
  </testcase>
  <testcase name="testTopicIdStrategyAutoRegister" classname="io.apicurio.tests.serdes.apicurio.ProtobufSerdeIT" time="5.515">
    <system-out><![CDATA[2025-08-14 22:23:23,310 INFO  [io.api.tes.uti.TestSeparator] (main) ############################################################################
2025-08-14 22:23:23,310 INFO  [io.api.tes.uti.TestSeparator] (main) io.apicurio.tests.serdes.apicurio.ProtobufSerdeIT.testTopicIdStrategyAutoRegister-STARTED
**** Registry Base URL: http://registry-app-ksql043.apps.ci419.apicurio-testing.org:80
2025-08-14 22:23:23,312 INFO  [org.apa.kaf.cli.pro.ProducerConfig] (main) ProducerConfig values: 
	acks = -1
	auto.include.jmx.reporter = true
	batch.size = 16384
	bootstrap.servers = [PLAINTEXT://localhost:32769]
	buffer.memory = 33554432
	client.dns.lookup = use_all_dns_ips
	client.id = Producer-topic-e42fed31_4692_40aa_ab94_d47014a42718
	compression.gzip.level = -1
	compression.lz4.level = 9
	compression.type = none
	compression.zstd.level = 3
	connections.max.idle.ms = 10000
	delivery.timeout.ms = 120000
	enable.idempotence = true
	enable.metrics.push = true
	interceptor.classes = []
	key.serializer = class org.apache.kafka.common.serialization.StringSerializer
	linger.ms = 0
	max.block.ms = 60000
	max.in.flight.requests.per.connection = 5
	max.request.size = 1048576
	metadata.max.age.ms = 300000
	metadata.max.idle.ms = 300000
	metadata.recovery.strategy = none
	metric.reporters = []
	metrics.num.samples = 2
	metrics.recording.level = INFO
	metrics.sample.window.ms = 30000
	partitioner.adaptive.partitioning.enable = true
	partitioner.availability.timeout.ms = 0
	partitioner.class = null
	partitioner.ignore.keys = false
	receive.buffer.bytes = 32768
	reconnect.backoff.max.ms = 1000
	reconnect.backoff.ms = 50
	request.timeout.ms = 5000
	retries = 2147483647
	retry.backoff.max.ms = 1000
	retry.backoff.ms = 100
	sasl.client.callback.handler.class = null
	sasl.jaas.config = null
	sasl.kerberos.kinit.cmd = /usr/bin/kinit
	sasl.kerberos.min.time.before.relogin = 60000
	sasl.kerberos.service.name = null
	sasl.kerberos.ticket.renew.jitter = 0.05
	sasl.kerberos.ticket.renew.window.factor = 0.8
	sasl.login.callback.handler.class = null
	sasl.login.class = null
	sasl.login.connect.timeout.ms = null
	sasl.login.read.timeout.ms = null
	sasl.login.refresh.buffer.seconds = 300
	sasl.login.refresh.min.period.seconds = 60
	sasl.login.refresh.window.factor = 0.8
	sasl.login.refresh.window.jitter = 0.05
	sasl.login.retry.backoff.max.ms = 10000
	sasl.login.retry.backoff.ms = 100
	sasl.mechanism = GSSAPI
	sasl.oauthbearer.clock.skew.seconds = 30
	sasl.oauthbearer.expected.audience = null
	sasl.oauthbearer.expected.issuer = null
	sasl.oauthbearer.header.urlencode = false
	sasl.oauthbearer.jwks.endpoint.refresh.ms = 3600000
	sasl.oauthbearer.jwks.endpoint.retry.backoff.max.ms = 10000
	sasl.oauthbearer.jwks.endpoint.retry.backoff.ms = 100
	sasl.oauthbearer.jwks.endpoint.url = null
	sasl.oauthbearer.scope.claim.name = scope
	sasl.oauthbearer.sub.claim.name = sub
	sasl.oauthbearer.token.endpoint.url = null
	security.protocol = PLAINTEXT
	security.providers = null
	send.buffer.bytes = 131072
	socket.connection.setup.timeout.max.ms = 30000
	socket.connection.setup.timeout.ms = 10000
	ssl.cipher.suites = null
	ssl.enabled.protocols = [TLSv1.2, TLSv1.3]
	ssl.endpoint.identification.algorithm = https
	ssl.engine.factory.class = null
	ssl.key.password = null
	ssl.keymanager.algorithm = SunX509
	ssl.keystore.certificate.chain = null
	ssl.keystore.key = null
	ssl.keystore.location = null
	ssl.keystore.password = null
	ssl.keystore.type = JKS
	ssl.protocol = TLSv1.3
	ssl.provider = null
	ssl.secure.random.implementation = null
	ssl.trustmanager.algorithm = PKIX
	ssl.truststore.certificates = null
	ssl.truststore.location = null
	ssl.truststore.password = null
	ssl.truststore.type = JKS
	transaction.timeout.ms = 60000
	transactional.id = null
	value.serializer = class io.apicurio.registry.serde.protobuf.ProtobufKafkaSerializer

2025-08-14 22:23:23,312 INFO  [org.apa.kaf.com.tel.int.KafkaMetricsCollector] (main) initializing Kafka metrics collector
2025-08-14 22:23:23,316 INFO  [org.apa.kaf.cli.pro.KafkaProducer] (main) [Producer clientId=Producer-topic-e42fed31_4692_40aa_ab94_d47014a42718] Instantiated an idempotent producer.
2025-08-14 22:23:23,317 INFO  [org.apa.kaf.cli.pro.ProducerConfig] (main) These configurations '[apicurio.registry.url, apicurio.registry.headers.enabled, apicurio.registry.auto-register, apicurio.registry.artifact-resolver-strategy]' were supplied but are not used yet.
2025-08-14 22:23:23,317 INFO  [org.apa.kaf.com.uti.AppInfoParser] (main) Kafka version: 3.9.1
2025-08-14 22:23:23,317 INFO  [org.apa.kaf.com.uti.AppInfoParser] (main) Kafka commitId: f745dfdcee2b9851
2025-08-14 22:23:23,317 INFO  [org.apa.kaf.com.uti.AppInfoParser] (main) Kafka startTimeMs: 1755210203317
2025-08-14 22:23:23,317 INFO  [io.api.tes.ser.api.SimpleSerdesTesterBuilder$SimpleSerdesTester] (main) Using producer configuration: {apicurio.registry.url=http://registry-app-ksql043.apps.ci419.apicurio-testing.org:80/apis/registry/v3, apicurio.registry.headers.enabled=true, apicurio.registry.auto-register=true, apicurio.registry.artifact-resolver-strategy=io.apicurio.registry.serde.strategy.TopicIdStrategy, value.serializer=io.apicurio.registry.serde.protobuf.ProtobufKafkaSerializer, request.timeout.ms=5000, acks=all, bootstrap.servers=PLAINTEXT://localhost:32769, connections.max.idle.ms=10000, key.serializer=org.apache.kafka.common.serialization.StringSerializer, client.id=Producer-topic-e42fed31_4692_40aa_ab94_d47014a42718}
2025-08-14 22:23:23,317 INFO  [io.api.tes.ser.api.SimpleSerdesTesterBuilder$SimpleSerdesTester] (main) Using consumer configuration: {apicurio.registry.headers.enabled=true}
2025-08-14 22:23:23,320 INFO  [org.apa.kaf.cli.Metadata] (kafka-producer-network-thread | Producer-topic-e42fed31_4692_40aa_ab94_d47014a42718) [Producer clientId=Producer-topic-e42fed31_4692_40aa_ab94_d47014a42718] Cluster ID: f700RWCeSbOIkrtSe1L4BA
2025-08-14 22:23:23,320 INFO  [org.apa.kaf.cli.pro.int.TransactionManager] (kafka-producer-network-thread | Producer-topic-e42fed31_4692_40aa_ab94_d47014a42718) [Producer clientId=Producer-topic-e42fed31_4692_40aa_ab94_d47014a42718] ProducerId set to 32 with epoch 0
2025-08-14 22:23:23,422 INFO  [io.api.tes.ser.api.KafkaSerdesTester] (ForkJoinPool.commonPool-worker-1) Sending message header {
  time {
  }
}
d1: 1.755210203317E12
s1: "a"
i1: 123
bi1: 1
point {
  longitude: 22.0
  latitude: 22.0
  altitude: 1.0
}
 to topic topic-e42fed31_4692_40aa_ab94_d47014a42718
2025-08-14 22:23:23,791 INFO  [io.api.tes.ser.api.KafkaSerdesTester] (ForkJoinPool.commonPool-worker-1) Sending message header {
  time {
  }
}
d1: 1.75521020379E12
s1: "a"
i1: 123
bi1: 1
point {
  longitude: 22.0
  latitude: 22.0
  altitude: 1.0
}
 to topic topic-e42fed31_4692_40aa_ab94_d47014a42718
2025-08-14 22:23:23,885 INFO  [io.api.tes.ser.api.KafkaSerdesTester] (ForkJoinPool.commonPool-worker-1) Sending message header {
  time {
  }
}
d1: 1.755210203885E12
s1: "a"
i1: 123
bi1: 1
point {
  longitude: 22.0
  latitude: 22.0
  altitude: 1.0
}
 to topic topic-e42fed31_4692_40aa_ab94_d47014a42718
2025-08-14 22:23:23,982 INFO  [io.api.tes.ser.api.KafkaSerdesTester] (ForkJoinPool.commonPool-worker-1) Sending message header {
  time {
  }
}
d1: 1.755210203982E12
s1: "a"
i1: 123
bi1: 1
point {
  longitude: 22.0
  latitude: 22.0
  altitude: 1.0
}
 to topic topic-e42fed31_4692_40aa_ab94_d47014a42718
2025-08-14 22:23:24,081 INFO  [io.api.tes.ser.api.KafkaSerdesTester] (ForkJoinPool.commonPool-worker-1) Sending message header {
  time {
  }
}
d1: 1.755210204081E12
s1: "a"
i1: 123
bi1: 1
point {
  longitude: 22.0
  latitude: 22.0
  altitude: 1.0
}
 to topic topic-e42fed31_4692_40aa_ab94_d47014a42718
2025-08-14 22:23:24,178 INFO  [io.api.tes.ser.api.KafkaSerdesTester] (ForkJoinPool.commonPool-worker-1) Sending message header {
  time {
  }
}
d1: 1.755210204178E12
s1: "a"
i1: 123
bi1: 1
point {
  longitude: 22.0
  latitude: 22.0
  altitude: 1.0
}
 to topic topic-e42fed31_4692_40aa_ab94_d47014a42718
2025-08-14 22:23:24,273 INFO  [io.api.tes.ser.api.KafkaSerdesTester] (ForkJoinPool.commonPool-worker-1) Sending message header {
  time {
  }
}
d1: 1.755210204273E12
s1: "a"
i1: 123
bi1: 1
point {
  longitude: 22.0
  latitude: 22.0
  altitude: 1.0
}
 to topic topic-e42fed31_4692_40aa_ab94_d47014a42718
2025-08-14 22:23:24,369 INFO  [io.api.tes.ser.api.KafkaSerdesTester] (ForkJoinPool.commonPool-worker-1) Sending message header {
  time {
  }
}
d1: 1.755210204368E12
s1: "a"
i1: 123
bi1: 1
point {
  longitude: 22.0
  latitude: 22.0
  altitude: 1.0
}
 to topic topic-e42fed31_4692_40aa_ab94_d47014a42718
2025-08-14 22:23:24,470 INFO  [io.api.tes.ser.api.KafkaSerdesTester] (ForkJoinPool.commonPool-worker-1) Sending message header {
  time {
  }
}
d1: 1.755210204469E12
s1: "a"
i1: 123
bi1: 1
point {
  longitude: 22.0
  latitude: 22.0
  altitude: 1.0
}
 to topic topic-e42fed31_4692_40aa_ab94_d47014a42718
2025-08-14 22:23:24,568 INFO  [io.api.tes.ser.api.KafkaSerdesTester] (ForkJoinPool.commonPool-worker-1) Sending message header {
  time {
  }
}
d1: 1.755210204568E12
s1: "a"
i1: 123
bi1: 1
point {
  longitude: 22.0
  latitude: 22.0
  altitude: 1.0
}
 to topic topic-e42fed31_4692_40aa_ab94_d47014a42718
2025-08-14 22:23:24,663 INFO  [io.api.tes.ser.api.KafkaSerdesTester] (ForkJoinPool.commonPool-worker-1) Produced 10 messages
2025-08-14 22:23:24,664 INFO  [org.apa.kaf.cli.pro.KafkaProducer] (ForkJoinPool.commonPool-worker-1) [Producer clientId=Producer-topic-e42fed31_4692_40aa_ab94_d47014a42718] Closing the Kafka producer with timeoutMillis = 9223372036854775807 ms.
2025-08-14 22:23:24,666 INFO  [org.apa.kaf.com.met.Metrics] (ForkJoinPool.commonPool-worker-1) Metrics scheduler closed
2025-08-14 22:23:24,666 INFO  [org.apa.kaf.com.met.Metrics] (ForkJoinPool.commonPool-worker-1) Closing reporter org.apache.kafka.common.metrics.JmxReporter
2025-08-14 22:23:24,666 INFO  [org.apa.kaf.com.met.Metrics] (ForkJoinPool.commonPool-worker-1) Closing reporter org.apache.kafka.common.telemetry.internals.ClientTelemetryReporter
2025-08-14 22:23:24,666 INFO  [org.apa.kaf.com.met.Metrics] (ForkJoinPool.commonPool-worker-1) Metrics reporters closed
2025-08-14 22:23:24,666 INFO  [org.apa.kaf.com.uti.AppInfoParser] (ForkJoinPool.commonPool-worker-1) App info kafka.producer for Producer-topic-e42fed31_4692_40aa_ab94_d47014a42718 unregistered
**** Registry Base URL: http://registry-app-ksql043.apps.ci419.apicurio-testing.org:80
2025-08-14 22:23:24,812 INFO  [org.apa.kaf.cli.con.ConsumerConfig] (main) ConsumerConfig values: 
	allow.auto.create.topics = true
	auto.commit.interval.ms = 500
	auto.include.jmx.reporter = true
	auto.offset.reset = earliest
	bootstrap.servers = [PLAINTEXT://localhost:32769]
	check.crcs = true
	client.dns.lookup = use_all_dns_ips
	client.id = consumer-Consumer-topic-e42fed31_4692_40aa_ab94_d47014a42718-23
	client.rack = 
	connections.max.idle.ms = 10000
	default.api.timeout.ms = 60000
	enable.auto.commit = true
	enable.metrics.push = true
	exclude.internal.topics = true
	fetch.max.bytes = 52428800
	fetch.max.wait.ms = 500
	fetch.min.bytes = 1
	group.id = Consumer-topic-e42fed31_4692_40aa_ab94_d47014a42718
	group.instance.id = null
	group.protocol = classic
	group.remote.assignor = null
	heartbeat.interval.ms = 3000
	interceptor.classes = []
	internal.leave.group.on.close = true
	internal.throw.on.fetch.stable.offset.unsupported = false
	isolation.level = read_uncommitted
	key.deserializer = class org.apache.kafka.common.serialization.StringDeserializer
	max.partition.fetch.bytes = 1048576
	max.poll.interval.ms = 300000
	max.poll.records = 500
	metadata.max.age.ms = 300000
	metadata.recovery.strategy = none
	metric.reporters = []
	metrics.num.samples = 2
	metrics.recording.level = INFO
	metrics.sample.window.ms = 30000
	partition.assignment.strategy = [class org.apache.kafka.clients.consumer.RangeAssignor, class org.apache.kafka.clients.consumer.CooperativeStickyAssignor]
	receive.buffer.bytes = 65536
	reconnect.backoff.max.ms = 1000
	reconnect.backoff.ms = 50
	request.timeout.ms = 5000
	retry.backoff.max.ms = 1000
	retry.backoff.ms = 100
	sasl.client.callback.handler.class = null
	sasl.jaas.config = null
	sasl.kerberos.kinit.cmd = /usr/bin/kinit
	sasl.kerberos.min.time.before.relogin = 60000
	sasl.kerberos.service.name = null
	sasl.kerberos.ticket.renew.jitter = 0.05
	sasl.kerberos.ticket.renew.window.factor = 0.8
	sasl.login.callback.handler.class = null
	sasl.login.class = null
	sasl.login.connect.timeout.ms = null
	sasl.login.read.timeout.ms = null
	sasl.login.refresh.buffer.seconds = 300
	sasl.login.refresh.min.period.seconds = 60
	sasl.login.refresh.window.factor = 0.8
	sasl.login.refresh.window.jitter = 0.05
	sasl.login.retry.backoff.max.ms = 10000
	sasl.login.retry.backoff.ms = 100
	sasl.mechanism = GSSAPI
	sasl.oauthbearer.clock.skew.seconds = 30
	sasl.oauthbearer.expected.audience = null
	sasl.oauthbearer.expected.issuer = null
	sasl.oauthbearer.header.urlencode = false
	sasl.oauthbearer.jwks.endpoint.refresh.ms = 3600000
	sasl.oauthbearer.jwks.endpoint.retry.backoff.max.ms = 10000
	sasl.oauthbearer.jwks.endpoint.retry.backoff.ms = 100
	sasl.oauthbearer.jwks.endpoint.url = null
	sasl.oauthbearer.scope.claim.name = scope
	sasl.oauthbearer.sub.claim.name = sub
	sasl.oauthbearer.token.endpoint.url = null
	security.protocol = PLAINTEXT
	security.providers = null
	send.buffer.bytes = 131072
	session.timeout.ms = 45000
	socket.connection.setup.timeout.max.ms = 30000
	socket.connection.setup.timeout.ms = 10000
	ssl.cipher.suites = null
	ssl.enabled.protocols = [TLSv1.2, TLSv1.3]
	ssl.endpoint.identification.algorithm = https
	ssl.engine.factory.class = null
	ssl.key.password = null
	ssl.keymanager.algorithm = SunX509
	ssl.keystore.certificate.chain = null
	ssl.keystore.key = null
	ssl.keystore.location = null
	ssl.keystore.password = null
	ssl.keystore.type = JKS
	ssl.protocol = TLSv1.3
	ssl.provider = null
	ssl.secure.random.implementation = null
	ssl.trustmanager.algorithm = PKIX
	ssl.truststore.certificates = null
	ssl.truststore.location = null
	ssl.truststore.password = null
	ssl.truststore.type = JKS
	value.deserializer = class io.apicurio.registry.serde.protobuf.ProtobufKafkaDeserializer

2025-08-14 22:23:24,812 INFO  [org.apa.kaf.com.tel.int.KafkaMetricsCollector] (main) initializing Kafka metrics collector
2025-08-14 22:23:24,816 INFO  [org.apa.kaf.cli.con.ConsumerConfig] (main) These configurations '[apicurio.registry.url, apicurio.registry.headers.enabled]' were supplied but are not used yet.
2025-08-14 22:23:24,816 INFO  [org.apa.kaf.com.uti.AppInfoParser] (main) Kafka version: 3.9.1
2025-08-14 22:23:24,816 INFO  [org.apa.kaf.com.uti.AppInfoParser] (main) Kafka commitId: f745dfdcee2b9851
2025-08-14 22:23:24,816 INFO  [org.apa.kaf.com.uti.AppInfoParser] (main) Kafka startTimeMs: 1755210204816
2025-08-14 22:23:24,816 INFO  [org.apa.kaf.cli.con.int.ClassicKafkaConsumer] (ForkJoinPool.commonPool-worker-1) [Consumer clientId=consumer-Consumer-topic-e42fed31_4692_40aa_ab94_d47014a42718-23, groupId=Consumer-topic-e42fed31_4692_40aa_ab94_d47014a42718] Subscribed to topic(s): topic-e42fed31_4692_40aa_ab94_d47014a42718
2025-08-14 22:23:24,818 INFO  [org.apa.kaf.cli.Metadata] (ForkJoinPool.commonPool-worker-1) [Consumer clientId=consumer-Consumer-topic-e42fed31_4692_40aa_ab94_d47014a42718-23, groupId=Consumer-topic-e42fed31_4692_40aa_ab94_d47014a42718] Cluster ID: f700RWCeSbOIkrtSe1L4BA
2025-08-14 22:23:24,819 INFO  [org.apa.kaf.cli.con.int.ConsumerCoordinator] (ForkJoinPool.commonPool-worker-1) [Consumer clientId=consumer-Consumer-topic-e42fed31_4692_40aa_ab94_d47014a42718-23, groupId=Consumer-topic-e42fed31_4692_40aa_ab94_d47014a42718] Discovered group coordinator localhost:32769 (id: 2147483647 rack: null)
2025-08-14 22:23:24,819 INFO  [org.apa.kaf.cli.con.int.ConsumerCoordinator] (ForkJoinPool.commonPool-worker-1) [Consumer clientId=consumer-Consumer-topic-e42fed31_4692_40aa_ab94_d47014a42718-23, groupId=Consumer-topic-e42fed31_4692_40aa_ab94_d47014a42718] (Re-)joining group
2025-08-14 22:23:24,821 INFO  [org.apa.kaf.cli.con.int.ConsumerCoordinator] (ForkJoinPool.commonPool-worker-1) [Consumer clientId=consumer-Consumer-topic-e42fed31_4692_40aa_ab94_d47014a42718-23, groupId=Consumer-topic-e42fed31_4692_40aa_ab94_d47014a42718] Request joining group due to: need to re-join with the given member-id: consumer-Consumer-topic-e42fed31_4692_40aa_ab94_d47014a42718-23-2ecb8a2f-4767-4aa4-b4c5-b2c2ac04328c
2025-08-14 22:23:24,821 INFO  [org.apa.kaf.cli.con.int.ConsumerCoordinator] (ForkJoinPool.commonPool-worker-1) [Consumer clientId=consumer-Consumer-topic-e42fed31_4692_40aa_ab94_d47014a42718-23, groupId=Consumer-topic-e42fed31_4692_40aa_ab94_d47014a42718] (Re-)joining group
2025-08-14 22:23:25,816 INFO  [io.api.tes.ser.api.KafkaSerdesTester] (ForkJoinPool.commonPool-worker-1) None found
2025-08-14 22:23:26,816 INFO  [io.api.tes.ser.api.KafkaSerdesTester] (ForkJoinPool.commonPool-worker-1) None found
2025-08-14 22:23:27,817 INFO  [io.api.tes.ser.api.KafkaSerdesTester] (ForkJoinPool.commonPool-worker-1) None found
2025-08-14 22:23:27,822 INFO  [org.apa.kaf.cli.con.int.ConsumerCoordinator] (ForkJoinPool.commonPool-worker-1) [Consumer clientId=consumer-Consumer-topic-e42fed31_4692_40aa_ab94_d47014a42718-23, groupId=Consumer-topic-e42fed31_4692_40aa_ab94_d47014a42718] Successfully joined group with generation Generation{generationId=1, memberId='consumer-Consumer-topic-e42fed31_4692_40aa_ab94_d47014a42718-23-2ecb8a2f-4767-4aa4-b4c5-b2c2ac04328c', protocol='range'}
2025-08-14 22:23:27,823 INFO  [org.apa.kaf.cli.con.int.ConsumerCoordinator] (ForkJoinPool.commonPool-worker-1) [Consumer clientId=consumer-Consumer-topic-e42fed31_4692_40aa_ab94_d47014a42718-23, groupId=Consumer-topic-e42fed31_4692_40aa_ab94_d47014a42718] Finished assignment for group at generation 1: {consumer-Consumer-topic-e42fed31_4692_40aa_ab94_d47014a42718-23-2ecb8a2f-4767-4aa4-b4c5-b2c2ac04328c=Assignment(partitions=[topic-e42fed31_4692_40aa_ab94_d47014a42718-0])}
2025-08-14 22:23:27,829 INFO  [org.apa.kaf.cli.con.int.ConsumerCoordinator] (ForkJoinPool.commonPool-worker-1) [Consumer clientId=consumer-Consumer-topic-e42fed31_4692_40aa_ab94_d47014a42718-23, groupId=Consumer-topic-e42fed31_4692_40aa_ab94_d47014a42718] Successfully synced group in generation Generation{generationId=1, memberId='consumer-Consumer-topic-e42fed31_4692_40aa_ab94_d47014a42718-23-2ecb8a2f-4767-4aa4-b4c5-b2c2ac04328c', protocol='range'}
2025-08-14 22:23:27,829 INFO  [org.apa.kaf.cli.con.int.ConsumerCoordinator] (ForkJoinPool.commonPool-worker-1) [Consumer clientId=consumer-Consumer-topic-e42fed31_4692_40aa_ab94_d47014a42718-23, groupId=Consumer-topic-e42fed31_4692_40aa_ab94_d47014a42718] Notifying assignor about the new Assignment(partitions=[topic-e42fed31_4692_40aa_ab94_d47014a42718-0])
2025-08-14 22:23:27,829 INFO  [org.apa.kaf.cli.con.int.ConsumerRebalanceListenerInvoker] (ForkJoinPool.commonPool-worker-1) [Consumer clientId=consumer-Consumer-topic-e42fed31_4692_40aa_ab94_d47014a42718-23, groupId=Consumer-topic-e42fed31_4692_40aa_ab94_d47014a42718] Adding newly assigned partitions: topic-e42fed31_4692_40aa_ab94_d47014a42718-0
2025-08-14 22:23:27,830 INFO  [org.apa.kaf.cli.con.int.ConsumerCoordinator] (ForkJoinPool.commonPool-worker-1) [Consumer clientId=consumer-Consumer-topic-e42fed31_4692_40aa_ab94_d47014a42718-23, groupId=Consumer-topic-e42fed31_4692_40aa_ab94_d47014a42718] Found no committed offset for partition topic-e42fed31_4692_40aa_ab94_d47014a42718-0
2025-08-14 22:23:27,832 INFO  [org.apa.kaf.cli.con.int.SubscriptionState] (ForkJoinPool.commonPool-worker-1) [Consumer clientId=consumer-Consumer-topic-e42fed31_4692_40aa_ab94_d47014a42718-23, groupId=Consumer-topic-e42fed31_4692_40aa_ab94_d47014a42718] Resetting offset for partition topic-e42fed31_4692_40aa_ab94_d47014a42718-0 to position FetchPosition{offset=0, offsetEpoch=Optional.empty, currentLeader=LeaderAndEpoch{leader=Optional[localhost:32769 (id: 0 rack: null)], epoch=0}}.
2025-08-14 22:23:28,244 INFO  [io.api.tes.ser.api.KafkaSerdesTester] (ForkJoinPool.commonPool-worker-1) topic-e42fed31_4692_40aa_ab94_d47014a42718 0 0 header {
  time {
  }
}
d1: 1.755210203317E12
s1: "a"
i1: 123
bi1: 1
point {
  longitude: 22.0
  latitude: 22.0
  altitude: 1.0
}

2025-08-14 22:23:28,245 INFO  [io.api.tes.ser.api.KafkaSerdesTester] (ForkJoinPool.commonPool-worker-1) topic-e42fed31_4692_40aa_ab94_d47014a42718 0 1 header {
  time {
  }
}
d1: 1.75521020379E12
s1: "a"
i1: 123
bi1: 1
point {
  longitude: 22.0
  latitude: 22.0
  altitude: 1.0
}

2025-08-14 22:23:28,245 INFO  [io.api.tes.ser.api.KafkaSerdesTester] (ForkJoinPool.commonPool-worker-1) topic-e42fed31_4692_40aa_ab94_d47014a42718 0 2 header {
  time {
  }
}
d1: 1.755210203885E12
s1: "a"
i1: 123
bi1: 1
point {
  longitude: 22.0
  latitude: 22.0
  altitude: 1.0
}

2025-08-14 22:23:28,245 INFO  [io.api.tes.ser.api.KafkaSerdesTester] (ForkJoinPool.commonPool-worker-1) topic-e42fed31_4692_40aa_ab94_d47014a42718 0 3 header {
  time {
  }
}
d1: 1.755210203982E12
s1: "a"
i1: 123
bi1: 1
point {
  longitude: 22.0
  latitude: 22.0
  altitude: 1.0
}

2025-08-14 22:23:28,245 INFO  [io.api.tes.ser.api.KafkaSerdesTester] (ForkJoinPool.commonPool-worker-1) topic-e42fed31_4692_40aa_ab94_d47014a42718 0 4 header {
  time {
  }
}
d1: 1.755210204081E12
s1: "a"
i1: 123
bi1: 1
point {
  longitude: 22.0
  latitude: 22.0
  altitude: 1.0
}

2025-08-14 22:23:28,247 INFO  [io.api.tes.ser.api.KafkaSerdesTester] (ForkJoinPool.commonPool-worker-1) topic-e42fed31_4692_40aa_ab94_d47014a42718 0 5 header {
  time {
  }
}
d1: 1.755210204178E12
s1: "a"
i1: 123
bi1: 1
point {
  longitude: 22.0
  latitude: 22.0
  altitude: 1.0
}

2025-08-14 22:23:28,248 INFO  [io.api.tes.ser.api.KafkaSerdesTester] (ForkJoinPool.commonPool-worker-1) topic-e42fed31_4692_40aa_ab94_d47014a42718 0 6 header {
  time {
  }
}
d1: 1.755210204273E12
s1: "a"
i1: 123
bi1: 1
point {
  longitude: 22.0
  latitude: 22.0
  altitude: 1.0
}

2025-08-14 22:23:28,248 INFO  [io.api.tes.ser.api.KafkaSerdesTester] (ForkJoinPool.commonPool-worker-1) topic-e42fed31_4692_40aa_ab94_d47014a42718 0 7 header {
  time {
  }
}
d1: 1.755210204368E12
s1: "a"
i1: 123
bi1: 1
point {
  longitude: 22.0
  latitude: 22.0
  altitude: 1.0
}

2025-08-14 22:23:28,248 INFO  [io.api.tes.ser.api.KafkaSerdesTester] (ForkJoinPool.commonPool-worker-1) topic-e42fed31_4692_40aa_ab94_d47014a42718 0 8 header {
  time {
  }
}
d1: 1.755210204469E12
s1: "a"
i1: 123
bi1: 1
point {
  longitude: 22.0
  latitude: 22.0
  altitude: 1.0
}

2025-08-14 22:23:28,248 INFO  [io.api.tes.ser.api.KafkaSerdesTester] (ForkJoinPool.commonPool-worker-1) topic-e42fed31_4692_40aa_ab94_d47014a42718 0 9 header {
  time {
  }
}
d1: 1.755210204568E12
s1: "a"
i1: 123
bi1: 1
point {
  longitude: 22.0
  latitude: 22.0
  altitude: 1.0
}

2025-08-14 22:23:28,248 INFO  [io.api.tes.ser.api.KafkaSerdesTester] (ForkJoinPool.commonPool-worker-1) Consumed 10 messages
2025-08-14 22:23:28,255 INFO  [org.apa.kaf.cli.con.int.ConsumerRebalanceListenerInvoker] (ForkJoinPool.commonPool-worker-1) [Consumer clientId=consumer-Consumer-topic-e42fed31_4692_40aa_ab94_d47014a42718-23, groupId=Consumer-topic-e42fed31_4692_40aa_ab94_d47014a42718] Revoke previously assigned partitions topic-e42fed31_4692_40aa_ab94_d47014a42718-0
2025-08-14 22:23:28,255 INFO  [org.apa.kaf.cli.con.int.ConsumerCoordinator] (ForkJoinPool.commonPool-worker-1) [Consumer clientId=consumer-Consumer-topic-e42fed31_4692_40aa_ab94_d47014a42718-23, groupId=Consumer-topic-e42fed31_4692_40aa_ab94_d47014a42718] Member consumer-Consumer-topic-e42fed31_4692_40aa_ab94_d47014a42718-23-2ecb8a2f-4767-4aa4-b4c5-b2c2ac04328c sending LeaveGroup request to coordinator localhost:32769 (id: 2147483647 rack: null) due to the consumer is being closed
2025-08-14 22:23:28,255 INFO  [org.apa.kaf.cli.con.int.ConsumerCoordinator] (ForkJoinPool.commonPool-worker-1) [Consumer clientId=consumer-Consumer-topic-e42fed31_4692_40aa_ab94_d47014a42718-23, groupId=Consumer-topic-e42fed31_4692_40aa_ab94_d47014a42718] Resetting generation and member id due to: consumer pro-actively leaving the group
2025-08-14 22:23:28,255 INFO  [org.apa.kaf.cli.con.int.ConsumerCoordinator] (ForkJoinPool.commonPool-worker-1) [Consumer clientId=consumer-Consumer-topic-e42fed31_4692_40aa_ab94_d47014a42718-23, groupId=Consumer-topic-e42fed31_4692_40aa_ab94_d47014a42718] Request joining group due to: consumer pro-actively leaving the group
2025-08-14 22:23:28,746 INFO  [org.apa.kaf.com.met.Metrics] (ForkJoinPool.commonPool-worker-1) Metrics scheduler closed
2025-08-14 22:23:28,746 INFO  [org.apa.kaf.com.met.Metrics] (ForkJoinPool.commonPool-worker-1) Closing reporter org.apache.kafka.common.metrics.JmxReporter
2025-08-14 22:23:28,746 INFO  [org.apa.kaf.com.met.Metrics] (ForkJoinPool.commonPool-worker-1) Closing reporter org.apache.kafka.common.telemetry.internals.ClientTelemetryReporter
2025-08-14 22:23:28,746 INFO  [org.apa.kaf.com.met.Metrics] (ForkJoinPool.commonPool-worker-1) Metrics reporters closed
2025-08-14 22:23:28,747 INFO  [org.apa.kaf.com.uti.AppInfoParser] (ForkJoinPool.commonPool-worker-1) App info kafka.consumer for consumer-Consumer-topic-e42fed31_4692_40aa_ab94_d47014a42718-23 unregistered
2025-08-14 22:23:28,823 INFO  [io.api.tes.uti.TestSeparator] (main) io.apicurio.tests.serdes.apicurio.ProtobufSerdeIT.testTopicIdStrategyAutoRegister-FINISHED
2025-08-14 22:23:28,823 INFO  [io.api.tes.uti.TestSeparator] (main) ############################################################################
Test passed: testTopicIdStrategyAutoRegister
]]></system-out>
  </testcase>
  <testcase name="testAutoRegisterAndUseBody" classname="io.apicurio.tests.serdes.apicurio.ProtobufSerdeIT" time="5.328">
    <system-out><![CDATA[2025-08-14 22:23:28,825 INFO  [io.api.tes.uti.TestSeparator] (main) ############################################################################
2025-08-14 22:23:28,825 INFO  [io.api.tes.uti.TestSeparator] (main) io.apicurio.tests.serdes.apicurio.ProtobufSerdeIT.testAutoRegisterAndUseBody-STARTED
**** Registry Base URL: http://registry-app-ksql043.apps.ci419.apicurio-testing.org:80
2025-08-14 22:23:28,826 INFO  [org.apa.kaf.cli.pro.ProducerConfig] (main) ProducerConfig values: 
	acks = -1
	auto.include.jmx.reporter = true
	batch.size = 16384
	bootstrap.servers = [PLAINTEXT://localhost:32769]
	buffer.memory = 33554432
	client.dns.lookup = use_all_dns_ips
	client.id = Producer-topic-16411abc_b09c_477f_9a57_6f421db28f01
	compression.gzip.level = -1
	compression.lz4.level = 9
	compression.type = none
	compression.zstd.level = 3
	connections.max.idle.ms = 10000
	delivery.timeout.ms = 120000
	enable.idempotence = true
	enable.metrics.push = true
	interceptor.classes = []
	key.serializer = class org.apache.kafka.common.serialization.StringSerializer
	linger.ms = 0
	max.block.ms = 60000
	max.in.flight.requests.per.connection = 5
	max.request.size = 1048576
	metadata.max.age.ms = 300000
	metadata.max.idle.ms = 300000
	metadata.recovery.strategy = none
	metric.reporters = []
	metrics.num.samples = 2
	metrics.recording.level = INFO
	metrics.sample.window.ms = 30000
	partitioner.adaptive.partitioning.enable = true
	partitioner.availability.timeout.ms = 0
	partitioner.class = null
	partitioner.ignore.keys = false
	receive.buffer.bytes = 32768
	reconnect.backoff.max.ms = 1000
	reconnect.backoff.ms = 50
	request.timeout.ms = 5000
	retries = 2147483647
	retry.backoff.max.ms = 1000
	retry.backoff.ms = 100
	sasl.client.callback.handler.class = null
	sasl.jaas.config = null
	sasl.kerberos.kinit.cmd = /usr/bin/kinit
	sasl.kerberos.min.time.before.relogin = 60000
	sasl.kerberos.service.name = null
	sasl.kerberos.ticket.renew.jitter = 0.05
	sasl.kerberos.ticket.renew.window.factor = 0.8
	sasl.login.callback.handler.class = null
	sasl.login.class = null
	sasl.login.connect.timeout.ms = null
	sasl.login.read.timeout.ms = null
	sasl.login.refresh.buffer.seconds = 300
	sasl.login.refresh.min.period.seconds = 60
	sasl.login.refresh.window.factor = 0.8
	sasl.login.refresh.window.jitter = 0.05
	sasl.login.retry.backoff.max.ms = 10000
	sasl.login.retry.backoff.ms = 100
	sasl.mechanism = GSSAPI
	sasl.oauthbearer.clock.skew.seconds = 30
	sasl.oauthbearer.expected.audience = null
	sasl.oauthbearer.expected.issuer = null
	sasl.oauthbearer.header.urlencode = false
	sasl.oauthbearer.jwks.endpoint.refresh.ms = 3600000
	sasl.oauthbearer.jwks.endpoint.retry.backoff.max.ms = 10000
	sasl.oauthbearer.jwks.endpoint.retry.backoff.ms = 100
	sasl.oauthbearer.jwks.endpoint.url = null
	sasl.oauthbearer.scope.claim.name = scope
	sasl.oauthbearer.sub.claim.name = sub
	sasl.oauthbearer.token.endpoint.url = null
	security.protocol = PLAINTEXT
	security.providers = null
	send.buffer.bytes = 131072
	socket.connection.setup.timeout.max.ms = 30000
	socket.connection.setup.timeout.ms = 10000
	ssl.cipher.suites = null
	ssl.enabled.protocols = [TLSv1.2, TLSv1.3]
	ssl.endpoint.identification.algorithm = https
	ssl.engine.factory.class = null
	ssl.key.password = null
	ssl.keymanager.algorithm = SunX509
	ssl.keystore.certificate.chain = null
	ssl.keystore.key = null
	ssl.keystore.location = null
	ssl.keystore.password = null
	ssl.keystore.type = JKS
	ssl.protocol = TLSv1.3
	ssl.provider = null
	ssl.secure.random.implementation = null
	ssl.trustmanager.algorithm = PKIX
	ssl.truststore.certificates = null
	ssl.truststore.location = null
	ssl.truststore.password = null
	ssl.truststore.type = JKS
	transaction.timeout.ms = 60000
	transactional.id = null
	value.serializer = class io.apicurio.registry.serde.protobuf.ProtobufKafkaSerializer

2025-08-14 22:23:28,826 INFO  [org.apa.kaf.com.tel.int.KafkaMetricsCollector] (main) initializing Kafka metrics collector
2025-08-14 22:23:28,829 INFO  [org.apa.kaf.cli.pro.KafkaProducer] (main) [Producer clientId=Producer-topic-16411abc_b09c_477f_9a57_6f421db28f01] Instantiated an idempotent producer.
2025-08-14 22:23:28,830 INFO  [org.apa.kaf.cli.pro.ProducerConfig] (main) These configurations '[apicurio.registry.url, apicurio.registry.auto-register, apicurio.registry.artifact-resolver-strategy]' were supplied but are not used yet.
2025-08-14 22:23:28,830 INFO  [org.apa.kaf.com.uti.AppInfoParser] (main) Kafka version: 3.9.1
2025-08-14 22:23:28,830 INFO  [org.apa.kaf.com.uti.AppInfoParser] (main) Kafka commitId: f745dfdcee2b9851
2025-08-14 22:23:28,830 INFO  [org.apa.kaf.com.uti.AppInfoParser] (main) Kafka startTimeMs: 1755210208830
2025-08-14 22:23:28,830 INFO  [io.api.tes.ser.api.SimpleSerdesTesterBuilder$SimpleSerdesTester] (main) Using producer configuration: {apicurio.registry.url=http://registry-app-ksql043.apps.ci419.apicurio-testing.org:80/apis/registry/v3, apicurio.registry.auto-register=true, apicurio.registry.artifact-resolver-strategy=io.apicurio.registry.serde.strategy.TopicIdStrategy, value.serializer=io.apicurio.registry.serde.protobuf.ProtobufKafkaSerializer, request.timeout.ms=5000, acks=all, bootstrap.servers=PLAINTEXT://localhost:32769, connections.max.idle.ms=10000, key.serializer=org.apache.kafka.common.serialization.StringSerializer, client.id=Producer-topic-16411abc_b09c_477f_9a57_6f421db28f01}
2025-08-14 22:23:28,830 INFO  [io.api.tes.ser.api.SimpleSerdesTesterBuilder$SimpleSerdesTester] (main) Using consumer configuration: {apicurio.protobuf.derive.class=true}
2025-08-14 22:23:28,831 INFO  [io.api.tes.ser.api.KafkaSerdesTester] (ForkJoinPool.commonPool-worker-1) Sending message header {
  time {
  }
}
d1: 1.75521020883E12
s1: "a"
i1: 123
bi1: 1
point {
  longitude: 22.0
  latitude: 22.0
  altitude: 1.0
}
 to topic topic-16411abc_b09c_477f_9a57_6f421db28f01
2025-08-14 22:23:28,832 WARN  [org.apa.kaf.cli.NetworkClient] (kafka-producer-network-thread | Producer-topic-16411abc_b09c_477f_9a57_6f421db28f01) [Producer clientId=Producer-topic-16411abc_b09c_477f_9a57_6f421db28f01] The metadata response from the cluster reported a recoverable issue with correlation id 1 : {topic-16411abc_b09c_477f_9a57_6f421db28f01=UNKNOWN_TOPIC_OR_PARTITION}
2025-08-14 22:23:28,832 INFO  [org.apa.kaf.cli.Metadata] (kafka-producer-network-thread | Producer-topic-16411abc_b09c_477f_9a57_6f421db28f01) [Producer clientId=Producer-topic-16411abc_b09c_477f_9a57_6f421db28f01] Cluster ID: f700RWCeSbOIkrtSe1L4BA
2025-08-14 22:23:28,833 INFO  [org.apa.kaf.cli.pro.int.TransactionManager] (kafka-producer-network-thread | Producer-topic-16411abc_b09c_477f_9a57_6f421db28f01) [Producer clientId=Producer-topic-16411abc_b09c_477f_9a57_6f421db28f01] ProducerId set to 33 with epoch 0
2025-08-14 22:23:29,229 INFO  [io.api.tes.ser.api.KafkaSerdesTester] (ForkJoinPool.commonPool-worker-1) Sending message header {
  time {
  }
}
d1: 1.755210209229E12
s1: "a"
i1: 123
bi1: 1
point {
  longitude: 22.0
  latitude: 22.0
  altitude: 1.0
}
 to topic topic-16411abc_b09c_477f_9a57_6f421db28f01
2025-08-14 22:23:29,324 INFO  [io.api.tes.ser.api.KafkaSerdesTester] (ForkJoinPool.commonPool-worker-1) Sending message header {
  time {
  }
}
d1: 1.755210209323E12
s1: "a"
i1: 123
bi1: 1
point {
  longitude: 22.0
  latitude: 22.0
  altitude: 1.0
}
 to topic topic-16411abc_b09c_477f_9a57_6f421db28f01
2025-08-14 22:23:29,424 INFO  [io.api.tes.ser.api.KafkaSerdesTester] (ForkJoinPool.commonPool-worker-1) Sending message header {
  time {
  }
}
d1: 1.755210209424E12
s1: "a"
i1: 123
bi1: 1
point {
  longitude: 22.0
  latitude: 22.0
  altitude: 1.0
}
 to topic topic-16411abc_b09c_477f_9a57_6f421db28f01
2025-08-14 22:23:29,517 INFO  [io.api.tes.ser.api.KafkaSerdesTester] (ForkJoinPool.commonPool-worker-1) Sending message header {
  time {
  }
}
d1: 1.755210209517E12
s1: "a"
i1: 123
bi1: 1
point {
  longitude: 22.0
  latitude: 22.0
  altitude: 1.0
}
 to topic topic-16411abc_b09c_477f_9a57_6f421db28f01
2025-08-14 22:23:29,612 INFO  [io.api.tes.ser.api.KafkaSerdesTester] (ForkJoinPool.commonPool-worker-1) Sending message header {
  time {
  }
}
d1: 1.755210209612E12
s1: "a"
i1: 123
bi1: 1
point {
  longitude: 22.0
  latitude: 22.0
  altitude: 1.0
}
 to topic topic-16411abc_b09c_477f_9a57_6f421db28f01
2025-08-14 22:23:29,706 INFO  [io.api.tes.ser.api.KafkaSerdesTester] (ForkJoinPool.commonPool-worker-1) Sending message header {
  time {
  }
}
d1: 1.755210209705E12
s1: "a"
i1: 123
bi1: 1
point {
  longitude: 22.0
  latitude: 22.0
  altitude: 1.0
}
 to topic topic-16411abc_b09c_477f_9a57_6f421db28f01
2025-08-14 22:23:29,800 INFO  [io.api.tes.ser.api.KafkaSerdesTester] (ForkJoinPool.commonPool-worker-1) Sending message header {
  time {
  }
}
d1: 1.7552102098E12
s1: "a"
i1: 123
bi1: 1
point {
  longitude: 22.0
  latitude: 22.0
  altitude: 1.0
}
 to topic topic-16411abc_b09c_477f_9a57_6f421db28f01
2025-08-14 22:23:29,896 INFO  [io.api.tes.ser.api.KafkaSerdesTester] (ForkJoinPool.commonPool-worker-1) Sending message header {
  time {
  }
}
d1: 1.755210209896E12
s1: "a"
i1: 123
bi1: 1
point {
  longitude: 22.0
  latitude: 22.0
  altitude: 1.0
}
 to topic topic-16411abc_b09c_477f_9a57_6f421db28f01
2025-08-14 22:23:29,989 INFO  [io.api.tes.ser.api.KafkaSerdesTester] (ForkJoinPool.commonPool-worker-1) Sending message header {
  time {
  }
}
d1: 1.755210209988E12
s1: "a"
i1: 123
bi1: 1
point {
  longitude: 22.0
  latitude: 22.0
  altitude: 1.0
}
 to topic topic-16411abc_b09c_477f_9a57_6f421db28f01
2025-08-14 22:23:30,081 INFO  [io.api.tes.ser.api.KafkaSerdesTester] (ForkJoinPool.commonPool-worker-1) Produced 10 messages
2025-08-14 22:23:30,081 INFO  [org.apa.kaf.cli.pro.KafkaProducer] (ForkJoinPool.commonPool-worker-1) [Producer clientId=Producer-topic-16411abc_b09c_477f_9a57_6f421db28f01] Closing the Kafka producer with timeoutMillis = 9223372036854775807 ms.
2025-08-14 22:23:30,082 INFO  [org.apa.kaf.com.met.Metrics] (ForkJoinPool.commonPool-worker-1) Metrics scheduler closed
2025-08-14 22:23:30,082 INFO  [org.apa.kaf.com.met.Metrics] (ForkJoinPool.commonPool-worker-1) Closing reporter org.apache.kafka.common.metrics.JmxReporter
2025-08-14 22:23:30,082 INFO  [org.apa.kaf.com.met.Metrics] (ForkJoinPool.commonPool-worker-1) Closing reporter org.apache.kafka.common.telemetry.internals.ClientTelemetryReporter
2025-08-14 22:23:30,082 INFO  [org.apa.kaf.com.met.Metrics] (ForkJoinPool.commonPool-worker-1) Metrics reporters closed
2025-08-14 22:23:30,083 INFO  [org.apa.kaf.com.uti.AppInfoParser] (ForkJoinPool.commonPool-worker-1) App info kafka.producer for Producer-topic-16411abc_b09c_477f_9a57_6f421db28f01 unregistered
**** Registry Base URL: http://registry-app-ksql043.apps.ci419.apicurio-testing.org:80
2025-08-14 22:23:30,224 INFO  [org.apa.kaf.cli.con.ConsumerConfig] (main) ConsumerConfig values: 
	allow.auto.create.topics = true
	auto.commit.interval.ms = 500
	auto.include.jmx.reporter = true
	auto.offset.reset = earliest
	bootstrap.servers = [PLAINTEXT://localhost:32769]
	check.crcs = true
	client.dns.lookup = use_all_dns_ips
	client.id = consumer-Consumer-topic-16411abc_b09c_477f_9a57_6f421db28f01-24
	client.rack = 
	connections.max.idle.ms = 10000
	default.api.timeout.ms = 60000
	enable.auto.commit = true
	enable.metrics.push = true
	exclude.internal.topics = true
	fetch.max.bytes = 52428800
	fetch.max.wait.ms = 500
	fetch.min.bytes = 1
	group.id = Consumer-topic-16411abc_b09c_477f_9a57_6f421db28f01
	group.instance.id = null
	group.protocol = classic
	group.remote.assignor = null
	heartbeat.interval.ms = 3000
	interceptor.classes = []
	internal.leave.group.on.close = true
	internal.throw.on.fetch.stable.offset.unsupported = false
	isolation.level = read_uncommitted
	key.deserializer = class org.apache.kafka.common.serialization.StringDeserializer
	max.partition.fetch.bytes = 1048576
	max.poll.interval.ms = 300000
	max.poll.records = 500
	metadata.max.age.ms = 300000
	metadata.recovery.strategy = none
	metric.reporters = []
	metrics.num.samples = 2
	metrics.recording.level = INFO
	metrics.sample.window.ms = 30000
	partition.assignment.strategy = [class org.apache.kafka.clients.consumer.RangeAssignor, class org.apache.kafka.clients.consumer.CooperativeStickyAssignor]
	receive.buffer.bytes = 65536
	reconnect.backoff.max.ms = 1000
	reconnect.backoff.ms = 50
	request.timeout.ms = 5000
	retry.backoff.max.ms = 1000
	retry.backoff.ms = 100
	sasl.client.callback.handler.class = null
	sasl.jaas.config = null
	sasl.kerberos.kinit.cmd = /usr/bin/kinit
	sasl.kerberos.min.time.before.relogin = 60000
	sasl.kerberos.service.name = null
	sasl.kerberos.ticket.renew.jitter = 0.05
	sasl.kerberos.ticket.renew.window.factor = 0.8
	sasl.login.callback.handler.class = null
	sasl.login.class = null
	sasl.login.connect.timeout.ms = null
	sasl.login.read.timeout.ms = null
	sasl.login.refresh.buffer.seconds = 300
	sasl.login.refresh.min.period.seconds = 60
	sasl.login.refresh.window.factor = 0.8
	sasl.login.refresh.window.jitter = 0.05
	sasl.login.retry.backoff.max.ms = 10000
	sasl.login.retry.backoff.ms = 100
	sasl.mechanism = GSSAPI
	sasl.oauthbearer.clock.skew.seconds = 30
	sasl.oauthbearer.expected.audience = null
	sasl.oauthbearer.expected.issuer = null
	sasl.oauthbearer.header.urlencode = false
	sasl.oauthbearer.jwks.endpoint.refresh.ms = 3600000
	sasl.oauthbearer.jwks.endpoint.retry.backoff.max.ms = 10000
	sasl.oauthbearer.jwks.endpoint.retry.backoff.ms = 100
	sasl.oauthbearer.jwks.endpoint.url = null
	sasl.oauthbearer.scope.claim.name = scope
	sasl.oauthbearer.sub.claim.name = sub
	sasl.oauthbearer.token.endpoint.url = null
	security.protocol = PLAINTEXT
	security.providers = null
	send.buffer.bytes = 131072
	session.timeout.ms = 45000
	socket.connection.setup.timeout.max.ms = 30000
	socket.connection.setup.timeout.ms = 10000
	ssl.cipher.suites = null
	ssl.enabled.protocols = [TLSv1.2, TLSv1.3]
	ssl.endpoint.identification.algorithm = https
	ssl.engine.factory.class = null
	ssl.key.password = null
	ssl.keymanager.algorithm = SunX509
	ssl.keystore.certificate.chain = null
	ssl.keystore.key = null
	ssl.keystore.location = null
	ssl.keystore.password = null
	ssl.keystore.type = JKS
	ssl.protocol = TLSv1.3
	ssl.provider = null
	ssl.secure.random.implementation = null
	ssl.trustmanager.algorithm = PKIX
	ssl.truststore.certificates = null
	ssl.truststore.location = null
	ssl.truststore.password = null
	ssl.truststore.type = JKS
	value.deserializer = class io.apicurio.registry.serde.protobuf.ProtobufKafkaDeserializer

2025-08-14 22:23:30,224 INFO  [org.apa.kaf.com.tel.int.KafkaMetricsCollector] (main) initializing Kafka metrics collector
2025-08-14 22:23:30,228 INFO  [org.apa.kaf.cli.con.ConsumerConfig] (main) These configurations '[apicurio.registry.url, apicurio.protobuf.derive.class]' were supplied but are not used yet.
2025-08-14 22:23:30,228 INFO  [org.apa.kaf.com.uti.AppInfoParser] (main) Kafka version: 3.9.1
2025-08-14 22:23:30,228 INFO  [org.apa.kaf.com.uti.AppInfoParser] (main) Kafka commitId: f745dfdcee2b9851
2025-08-14 22:23:30,228 INFO  [org.apa.kaf.com.uti.AppInfoParser] (main) Kafka startTimeMs: 1755210210228
2025-08-14 22:23:30,228 INFO  [org.apa.kaf.cli.con.int.ClassicKafkaConsumer] (ForkJoinPool.commonPool-worker-1) [Consumer clientId=consumer-Consumer-topic-16411abc_b09c_477f_9a57_6f421db28f01-24, groupId=Consumer-topic-16411abc_b09c_477f_9a57_6f421db28f01] Subscribed to topic(s): topic-16411abc_b09c_477f_9a57_6f421db28f01
2025-08-14 22:23:30,230 INFO  [org.apa.kaf.cli.Metadata] (ForkJoinPool.commonPool-worker-1) [Consumer clientId=consumer-Consumer-topic-16411abc_b09c_477f_9a57_6f421db28f01-24, groupId=Consumer-topic-16411abc_b09c_477f_9a57_6f421db28f01] Cluster ID: f700RWCeSbOIkrtSe1L4BA
2025-08-14 22:23:30,230 INFO  [org.apa.kaf.cli.con.int.ConsumerCoordinator] (ForkJoinPool.commonPool-worker-1) [Consumer clientId=consumer-Consumer-topic-16411abc_b09c_477f_9a57_6f421db28f01-24, groupId=Consumer-topic-16411abc_b09c_477f_9a57_6f421db28f01] Discovered group coordinator localhost:32769 (id: 2147483647 rack: null)
2025-08-14 22:23:30,231 INFO  [org.apa.kaf.cli.con.int.ConsumerCoordinator] (ForkJoinPool.commonPool-worker-1) [Consumer clientId=consumer-Consumer-topic-16411abc_b09c_477f_9a57_6f421db28f01-24, groupId=Consumer-topic-16411abc_b09c_477f_9a57_6f421db28f01] (Re-)joining group
2025-08-14 22:23:30,232 INFO  [org.apa.kaf.cli.con.int.ConsumerCoordinator] (ForkJoinPool.commonPool-worker-1) [Consumer clientId=consumer-Consumer-topic-16411abc_b09c_477f_9a57_6f421db28f01-24, groupId=Consumer-topic-16411abc_b09c_477f_9a57_6f421db28f01] Request joining group due to: need to re-join with the given member-id: consumer-Consumer-topic-16411abc_b09c_477f_9a57_6f421db28f01-24-a2513d1e-d7c0-4d67-bbb8-d4784f966036
2025-08-14 22:23:30,232 INFO  [org.apa.kaf.cli.con.int.ConsumerCoordinator] (ForkJoinPool.commonPool-worker-1) [Consumer clientId=consumer-Consumer-topic-16411abc_b09c_477f_9a57_6f421db28f01-24, groupId=Consumer-topic-16411abc_b09c_477f_9a57_6f421db28f01] (Re-)joining group
2025-08-14 22:23:31,228 INFO  [io.api.tes.ser.api.KafkaSerdesTester] (ForkJoinPool.commonPool-worker-1) None found
2025-08-14 22:23:32,229 INFO  [io.api.tes.ser.api.KafkaSerdesTester] (ForkJoinPool.commonPool-worker-1) None found
2025-08-14 22:23:33,229 INFO  [io.api.tes.ser.api.KafkaSerdesTester] (ForkJoinPool.commonPool-worker-1) None found
2025-08-14 22:23:33,233 INFO  [org.apa.kaf.cli.con.int.ConsumerCoordinator] (ForkJoinPool.commonPool-worker-1) [Consumer clientId=consumer-Consumer-topic-16411abc_b09c_477f_9a57_6f421db28f01-24, groupId=Consumer-topic-16411abc_b09c_477f_9a57_6f421db28f01] Successfully joined group with generation Generation{generationId=1, memberId='consumer-Consumer-topic-16411abc_b09c_477f_9a57_6f421db28f01-24-a2513d1e-d7c0-4d67-bbb8-d4784f966036', protocol='range'}
2025-08-14 22:23:33,233 INFO  [org.apa.kaf.cli.con.int.ConsumerCoordinator] (ForkJoinPool.commonPool-worker-1) [Consumer clientId=consumer-Consumer-topic-16411abc_b09c_477f_9a57_6f421db28f01-24, groupId=Consumer-topic-16411abc_b09c_477f_9a57_6f421db28f01] Finished assignment for group at generation 1: {consumer-Consumer-topic-16411abc_b09c_477f_9a57_6f421db28f01-24-a2513d1e-d7c0-4d67-bbb8-d4784f966036=Assignment(partitions=[topic-16411abc_b09c_477f_9a57_6f421db28f01-0])}
2025-08-14 22:23:33,240 INFO  [org.apa.kaf.cli.con.int.ConsumerCoordinator] (ForkJoinPool.commonPool-worker-1) [Consumer clientId=consumer-Consumer-topic-16411abc_b09c_477f_9a57_6f421db28f01-24, groupId=Consumer-topic-16411abc_b09c_477f_9a57_6f421db28f01] Successfully synced group in generation Generation{generationId=1, memberId='consumer-Consumer-topic-16411abc_b09c_477f_9a57_6f421db28f01-24-a2513d1e-d7c0-4d67-bbb8-d4784f966036', protocol='range'}
2025-08-14 22:23:33,240 INFO  [org.apa.kaf.cli.con.int.ConsumerCoordinator] (ForkJoinPool.commonPool-worker-1) [Consumer clientId=consumer-Consumer-topic-16411abc_b09c_477f_9a57_6f421db28f01-24, groupId=Consumer-topic-16411abc_b09c_477f_9a57_6f421db28f01] Notifying assignor about the new Assignment(partitions=[topic-16411abc_b09c_477f_9a57_6f421db28f01-0])
2025-08-14 22:23:33,240 INFO  [org.apa.kaf.cli.con.int.ConsumerRebalanceListenerInvoker] (ForkJoinPool.commonPool-worker-1) [Consumer clientId=consumer-Consumer-topic-16411abc_b09c_477f_9a57_6f421db28f01-24, groupId=Consumer-topic-16411abc_b09c_477f_9a57_6f421db28f01] Adding newly assigned partitions: topic-16411abc_b09c_477f_9a57_6f421db28f01-0
2025-08-14 22:23:33,241 INFO  [org.apa.kaf.cli.con.int.ConsumerCoordinator] (ForkJoinPool.commonPool-worker-1) [Consumer clientId=consumer-Consumer-topic-16411abc_b09c_477f_9a57_6f421db28f01-24, groupId=Consumer-topic-16411abc_b09c_477f_9a57_6f421db28f01] Found no committed offset for partition topic-16411abc_b09c_477f_9a57_6f421db28f01-0
2025-08-14 22:23:33,243 INFO  [org.apa.kaf.cli.con.int.SubscriptionState] (ForkJoinPool.commonPool-worker-1) [Consumer clientId=consumer-Consumer-topic-16411abc_b09c_477f_9a57_6f421db28f01-24, groupId=Consumer-topic-16411abc_b09c_477f_9a57_6f421db28f01] Resetting offset for partition topic-16411abc_b09c_477f_9a57_6f421db28f01-0 to position FetchPosition{offset=0, offsetEpoch=Optional.empty, currentLeader=LeaderAndEpoch{leader=Optional[localhost:32769 (id: 0 rack: null)], epoch=0}}.
2025-08-14 22:23:33,647 INFO  [io.api.tes.ser.api.KafkaSerdesTester] (ForkJoinPool.commonPool-worker-1) topic-16411abc_b09c_477f_9a57_6f421db28f01 0 0 header {
  time {
  }
}
d1: 1.75521020883E12
s1: "a"
i1: 123
bi1: 1
point {
  longitude: 22.0
  latitude: 22.0
  altitude: 1.0
}

2025-08-14 22:23:33,648 INFO  [io.api.tes.ser.api.KafkaSerdesTester] (ForkJoinPool.commonPool-worker-1) topic-16411abc_b09c_477f_9a57_6f421db28f01 0 1 header {
  time {
  }
}
d1: 1.755210209229E12
s1: "a"
i1: 123
bi1: 1
point {
  longitude: 22.0
  latitude: 22.0
  altitude: 1.0
}

2025-08-14 22:23:33,648 INFO  [io.api.tes.ser.api.KafkaSerdesTester] (ForkJoinPool.commonPool-worker-1) topic-16411abc_b09c_477f_9a57_6f421db28f01 0 2 header {
  time {
  }
}
d1: 1.755210209323E12
s1: "a"
i1: 123
bi1: 1
point {
  longitude: 22.0
  latitude: 22.0
  altitude: 1.0
}

2025-08-14 22:23:33,648 INFO  [io.api.tes.ser.api.KafkaSerdesTester] (ForkJoinPool.commonPool-worker-1) topic-16411abc_b09c_477f_9a57_6f421db28f01 0 3 header {
  time {
  }
}
d1: 1.755210209424E12
s1: "a"
i1: 123
bi1: 1
point {
  longitude: 22.0
  latitude: 22.0
  altitude: 1.0
}

2025-08-14 22:23:33,648 INFO  [io.api.tes.ser.api.KafkaSerdesTester] (ForkJoinPool.commonPool-worker-1) topic-16411abc_b09c_477f_9a57_6f421db28f01 0 4 header {
  time {
  }
}
d1: 1.755210209517E12
s1: "a"
i1: 123
bi1: 1
point {
  longitude: 22.0
  latitude: 22.0
  altitude: 1.0
}

2025-08-14 22:23:33,648 INFO  [io.api.tes.ser.api.KafkaSerdesTester] (ForkJoinPool.commonPool-worker-1) topic-16411abc_b09c_477f_9a57_6f421db28f01 0 5 header {
  time {
  }
}
d1: 1.755210209612E12
s1: "a"
i1: 123
bi1: 1
point {
  longitude: 22.0
  latitude: 22.0
  altitude: 1.0
}

2025-08-14 22:23:33,649 INFO  [io.api.tes.ser.api.KafkaSerdesTester] (ForkJoinPool.commonPool-worker-1) topic-16411abc_b09c_477f_9a57_6f421db28f01 0 6 header {
  time {
  }
}
d1: 1.755210209705E12
s1: "a"
i1: 123
bi1: 1
point {
  longitude: 22.0
  latitude: 22.0
  altitude: 1.0
}

2025-08-14 22:23:33,649 INFO  [io.api.tes.ser.api.KafkaSerdesTester] (ForkJoinPool.commonPool-worker-1) topic-16411abc_b09c_477f_9a57_6f421db28f01 0 7 header {
  time {
  }
}
d1: 1.7552102098E12
s1: "a"
i1: 123
bi1: 1
point {
  longitude: 22.0
  latitude: 22.0
  altitude: 1.0
}

2025-08-14 22:23:33,649 INFO  [io.api.tes.ser.api.KafkaSerdesTester] (ForkJoinPool.commonPool-worker-1) topic-16411abc_b09c_477f_9a57_6f421db28f01 0 8 header {
  time {
  }
}
d1: 1.755210209896E12
s1: "a"
i1: 123
bi1: 1
point {
  longitude: 22.0
  latitude: 22.0
  altitude: 1.0
}

2025-08-14 22:23:33,649 INFO  [io.api.tes.ser.api.KafkaSerdesTester] (ForkJoinPool.commonPool-worker-1) topic-16411abc_b09c_477f_9a57_6f421db28f01 0 9 header {
  time {
  }
}
d1: 1.755210209988E12
s1: "a"
i1: 123
bi1: 1
point {
  longitude: 22.0
  latitude: 22.0
  altitude: 1.0
}

2025-08-14 22:23:33,649 INFO  [io.api.tes.ser.api.KafkaSerdesTester] (ForkJoinPool.commonPool-worker-1) Consumed 10 messages
2025-08-14 22:23:33,656 INFO  [org.apa.kaf.cli.con.int.ConsumerRebalanceListenerInvoker] (ForkJoinPool.commonPool-worker-1) [Consumer clientId=consumer-Consumer-topic-16411abc_b09c_477f_9a57_6f421db28f01-24, groupId=Consumer-topic-16411abc_b09c_477f_9a57_6f421db28f01] Revoke previously assigned partitions topic-16411abc_b09c_477f_9a57_6f421db28f01-0
2025-08-14 22:23:33,656 INFO  [org.apa.kaf.cli.con.int.ConsumerCoordinator] (ForkJoinPool.commonPool-worker-1) [Consumer clientId=consumer-Consumer-topic-16411abc_b09c_477f_9a57_6f421db28f01-24, groupId=Consumer-topic-16411abc_b09c_477f_9a57_6f421db28f01] Member consumer-Consumer-topic-16411abc_b09c_477f_9a57_6f421db28f01-24-a2513d1e-d7c0-4d67-bbb8-d4784f966036 sending LeaveGroup request to coordinator localhost:32769 (id: 2147483647 rack: null) due to the consumer is being closed
2025-08-14 22:23:33,656 INFO  [org.apa.kaf.cli.con.int.ConsumerCoordinator] (ForkJoinPool.commonPool-worker-1) [Consumer clientId=consumer-Consumer-topic-16411abc_b09c_477f_9a57_6f421db28f01-24, groupId=Consumer-topic-16411abc_b09c_477f_9a57_6f421db28f01] Resetting generation and member id due to: consumer pro-actively leaving the group
2025-08-14 22:23:33,656 INFO  [org.apa.kaf.cli.con.int.ConsumerCoordinator] (ForkJoinPool.commonPool-worker-1) [Consumer clientId=consumer-Consumer-topic-16411abc_b09c_477f_9a57_6f421db28f01-24, groupId=Consumer-topic-16411abc_b09c_477f_9a57_6f421db28f01] Request joining group due to: consumer pro-actively leaving the group
2025-08-14 22:23:34,150 INFO  [org.apa.kaf.com.met.Metrics] (ForkJoinPool.commonPool-worker-1) Metrics scheduler closed
2025-08-14 22:23:34,150 INFO  [org.apa.kaf.com.met.Metrics] (ForkJoinPool.commonPool-worker-1) Closing reporter org.apache.kafka.common.metrics.JmxReporter
2025-08-14 22:23:34,150 INFO  [org.apa.kaf.com.met.Metrics] (ForkJoinPool.commonPool-worker-1) Closing reporter org.apache.kafka.common.telemetry.internals.ClientTelemetryReporter
2025-08-14 22:23:34,150 INFO  [org.apa.kaf.com.met.Metrics] (ForkJoinPool.commonPool-worker-1) Metrics reporters closed
2025-08-14 22:23:34,152 INFO  [org.apa.kaf.com.uti.AppInfoParser] (ForkJoinPool.commonPool-worker-1) App info kafka.consumer for consumer-Consumer-topic-16411abc_b09c_477f_9a57_6f421db28f01-24 unregistered
2025-08-14 22:23:34,152 INFO  [io.api.tes.uti.TestSeparator] (main) io.apicurio.tests.serdes.apicurio.ProtobufSerdeIT.testAutoRegisterAndUseBody-FINISHED
2025-08-14 22:23:34,152 INFO  [io.api.tes.uti.TestSeparator] (main) ############################################################################
Test passed: testAutoRegisterAndUseBody
]]></system-out>
  </testcase>
  <testcase name="testValidation" classname="io.apicurio.tests.serdes.apicurio.ProtobufSerdeIT" time="23.511">
    <system-out><![CDATA[2025-08-14 22:23:34,154 INFO  [io.api.tes.uti.TestSeparator] (main) ############################################################################
2025-08-14 22:23:34,154 INFO  [io.api.tes.uti.TestSeparator] (main) io.apicurio.tests.serdes.apicurio.ProtobufSerdeIT.testValidation-STARTED
**** Registry Base URL: http://registry-app-ksql043.apps.ci419.apicurio-testing.org:80
2025-08-14 22:23:36,513 INFO  [org.apa.kaf.cli.pro.ProducerConfig] (main) ProducerConfig values: 
	acks = -1
	auto.include.jmx.reporter = true
	batch.size = 16384
	bootstrap.servers = [PLAINTEXT://localhost:32769]
	buffer.memory = 33554432
	client.dns.lookup = use_all_dns_ips
	client.id = Producer-s74ef7e82x1963x4c69x8a12x5822fa5c1348
	compression.gzip.level = -1
	compression.lz4.level = 9
	compression.type = none
	compression.zstd.level = 3
	connections.max.idle.ms = 10000
	delivery.timeout.ms = 120000
	enable.idempotence = true
	enable.metrics.push = true
	interceptor.classes = []
	key.serializer = class org.apache.kafka.common.serialization.StringSerializer
	linger.ms = 0
	max.block.ms = 60000
	max.in.flight.requests.per.connection = 5
	max.request.size = 1048576
	metadata.max.age.ms = 300000
	metadata.max.idle.ms = 300000
	metadata.recovery.strategy = none
	metric.reporters = []
	metrics.num.samples = 2
	metrics.recording.level = INFO
	metrics.sample.window.ms = 30000
	partitioner.adaptive.partitioning.enable = true
	partitioner.availability.timeout.ms = 0
	partitioner.class = null
	partitioner.ignore.keys = false
	receive.buffer.bytes = 32768
	reconnect.backoff.max.ms = 1000
	reconnect.backoff.ms = 50
	request.timeout.ms = 5000
	retries = 2147483647
	retry.backoff.max.ms = 1000
	retry.backoff.ms = 100
	sasl.client.callback.handler.class = null
	sasl.jaas.config = null
	sasl.kerberos.kinit.cmd = /usr/bin/kinit
	sasl.kerberos.min.time.before.relogin = 60000
	sasl.kerberos.service.name = null
	sasl.kerberos.ticket.renew.jitter = 0.05
	sasl.kerberos.ticket.renew.window.factor = 0.8
	sasl.login.callback.handler.class = null
	sasl.login.class = null
	sasl.login.connect.timeout.ms = null
	sasl.login.read.timeout.ms = null
	sasl.login.refresh.buffer.seconds = 300
	sasl.login.refresh.min.period.seconds = 60
	sasl.login.refresh.window.factor = 0.8
	sasl.login.refresh.window.jitter = 0.05
	sasl.login.retry.backoff.max.ms = 10000
	sasl.login.retry.backoff.ms = 100
	sasl.mechanism = GSSAPI
	sasl.oauthbearer.clock.skew.seconds = 30
	sasl.oauthbearer.expected.audience = null
	sasl.oauthbearer.expected.issuer = null
	sasl.oauthbearer.header.urlencode = false
	sasl.oauthbearer.jwks.endpoint.refresh.ms = 3600000
	sasl.oauthbearer.jwks.endpoint.retry.backoff.max.ms = 10000
	sasl.oauthbearer.jwks.endpoint.retry.backoff.ms = 100
	sasl.oauthbearer.jwks.endpoint.url = null
	sasl.oauthbearer.scope.claim.name = scope
	sasl.oauthbearer.sub.claim.name = sub
	sasl.oauthbearer.token.endpoint.url = null
	security.protocol = PLAINTEXT
	security.providers = null
	send.buffer.bytes = 131072
	socket.connection.setup.timeout.max.ms = 30000
	socket.connection.setup.timeout.ms = 10000
	ssl.cipher.suites = null
	ssl.enabled.protocols = [TLSv1.2, TLSv1.3]
	ssl.endpoint.identification.algorithm = https
	ssl.engine.factory.class = null
	ssl.key.password = null
	ssl.keymanager.algorithm = SunX509
	ssl.keystore.certificate.chain = null
	ssl.keystore.key = null
	ssl.keystore.location = null
	ssl.keystore.password = null
	ssl.keystore.type = JKS
	ssl.protocol = TLSv1.3
	ssl.provider = null
	ssl.secure.random.implementation = null
	ssl.trustmanager.algorithm = PKIX
	ssl.truststore.certificates = null
	ssl.truststore.location = null
	ssl.truststore.password = null
	ssl.truststore.type = JKS
	transaction.timeout.ms = 60000
	transactional.id = null
	value.serializer = class io.apicurio.registry.serde.protobuf.ProtobufKafkaSerializer

2025-08-14 22:23:36,514 INFO  [org.apa.kaf.com.tel.int.KafkaMetricsCollector] (main) initializing Kafka metrics collector
2025-08-14 22:23:36,516 INFO  [org.apa.kaf.cli.pro.KafkaProducer] (main) [Producer clientId=Producer-s74ef7e82x1963x4c69x8a12x5822fa5c1348] Instantiated an idempotent producer.
2025-08-14 22:23:36,517 INFO  [org.apa.kaf.cli.pro.ProducerConfig] (main) These configurations '[apicurio.registry.headers.enabled, apicurio.registry.find-latest, apicurio.registry.url, apicurio.registry.artifact-resolver-strategy, apicurio.registry.artifact.version]' were supplied but are not used yet.
2025-08-14 22:23:36,517 INFO  [org.apa.kaf.com.uti.AppInfoParser] (main) Kafka version: 3.9.1
2025-08-14 22:23:36,517 INFO  [org.apa.kaf.com.uti.AppInfoParser] (main) Kafka commitId: f745dfdcee2b9851
2025-08-14 22:23:36,517 INFO  [org.apa.kaf.com.uti.AppInfoParser] (main) Kafka startTimeMs: 1755210216517
2025-08-14 22:23:36,517 INFO  [io.api.tes.ser.api.SimpleSerdesTesterBuilder$SimpleSerdesTester] (main) Using producer configuration: {apicurio.registry.headers.enabled=true, request.timeout.ms=5000, acks=all, bootstrap.servers=PLAINTEXT://localhost:32769, key.serializer=org.apache.kafka.common.serialization.StringSerializer, apicurio.registry.find-latest=false, apicurio.registry.url=http://registry-app-ksql043.apps.ci419.apicurio-testing.org:80/apis/registry/v3, apicurio.registry.artifact-resolver-strategy=io.apicurio.registry.serde.strategy.TopicIdStrategy, value.serializer=io.apicurio.registry.serde.protobuf.ProtobufKafkaSerializer, connections.max.idle.ms=10000, apicurio.registry.artifact.version=1, client.id=Producer-s74ef7e82x1963x4c69x8a12x5822fa5c1348}
2025-08-14 22:23:36,517 INFO  [io.api.tes.ser.api.SimpleSerdesTesterBuilder$SimpleSerdesTester] (main) Using consumer configuration: {apicurio.registry.headers.enabled=true}
2025-08-14 22:23:36,518 INFO  [io.api.tes.ser.api.KafkaSerdesTester] (ForkJoinPool.commonPool-worker-1) Sending message header {
  time {
  }
}
d1: 1.755210216517E12
s1: "a"
i1: 123
bi1: 1
point {
  longitude: 22.0
  latitude: 22.0
  altitude: 1.0
}
 to topic s74ef7e82x1963x4c69x8a12x5822fa5c1348
2025-08-14 22:23:36,519 INFO  [org.apa.kaf.cli.Metadata] (kafka-producer-network-thread | Producer-s74ef7e82x1963x4c69x8a12x5822fa5c1348) [Producer clientId=Producer-s74ef7e82x1963x4c69x8a12x5822fa5c1348] Cluster ID: f700RWCeSbOIkrtSe1L4BA
2025-08-14 22:23:36,520 INFO  [org.apa.kaf.cli.pro.int.TransactionManager] (kafka-producer-network-thread | Producer-s74ef7e82x1963x4c69x8a12x5822fa5c1348) [Producer clientId=Producer-s74ef7e82x1963x4c69x8a12x5822fa5c1348] ProducerId set to 34 with epoch 0
2025-08-14 22:23:37,506 INFO  [io.api.tes.ser.api.KafkaSerdesTester] (ForkJoinPool.commonPool-worker-1) Sending message header {
  time {
  }
}
d1: 1.755210217506E12
s1: "a"
i1: 123
bi1: 1
point {
  longitude: 22.0
  latitude: 22.0
  altitude: 1.0
}
 to topic s74ef7e82x1963x4c69x8a12x5822fa5c1348
2025-08-14 22:23:37,508 INFO  [io.api.tes.ser.api.KafkaSerdesTester] (ForkJoinPool.commonPool-worker-1) Sending message header {
  time {
  }
}
d1: 1.755210217508E12
s1: "a"
i1: 123
bi1: 1
point {
  longitude: 22.0
  latitude: 22.0
  altitude: 1.0
}
 to topic s74ef7e82x1963x4c69x8a12x5822fa5c1348
2025-08-14 22:23:37,510 INFO  [io.api.tes.ser.api.KafkaSerdesTester] (ForkJoinPool.commonPool-worker-1) Sending message header {
  time {
  }
}
d1: 1.75521021751E12
s1: "a"
i1: 123
bi1: 1
point {
  longitude: 22.0
  latitude: 22.0
  altitude: 1.0
}
 to topic s74ef7e82x1963x4c69x8a12x5822fa5c1348
2025-08-14 22:23:37,511 INFO  [io.api.tes.ser.api.KafkaSerdesTester] (ForkJoinPool.commonPool-worker-1) Sending message header {
  time {
  }
}
d1: 1.755210217511E12
s1: "a"
i1: 123
bi1: 1
point {
  longitude: 22.0
  latitude: 22.0
  altitude: 1.0
}
 to topic s74ef7e82x1963x4c69x8a12x5822fa5c1348
2025-08-14 22:23:37,513 INFO  [io.api.tes.ser.api.KafkaSerdesTester] (ForkJoinPool.commonPool-worker-1) Sending message header {
  time {
  }
}
d1: 1.755210217513E12
s1: "a"
i1: 123
bi1: 1
point {
  longitude: 22.0
  latitude: 22.0
  altitude: 1.0
}
 to topic s74ef7e82x1963x4c69x8a12x5822fa5c1348
2025-08-14 22:23:37,514 INFO  [io.api.tes.ser.api.KafkaSerdesTester] (ForkJoinPool.commonPool-worker-1) Sending message header {
  time {
  }
}
d1: 1.755210217514E12
s1: "a"
i1: 123
bi1: 1
point {
  longitude: 22.0
  latitude: 22.0
  altitude: 1.0
}
 to topic s74ef7e82x1963x4c69x8a12x5822fa5c1348
2025-08-14 22:23:37,517 INFO  [io.api.tes.ser.api.KafkaSerdesTester] (ForkJoinPool.commonPool-worker-1) Sending message header {
  time {
  }
}
d1: 1.755210217517E12
s1: "a"
i1: 123
bi1: 1
point {
  longitude: 22.0
  latitude: 22.0
  altitude: 1.0
}
 to topic s74ef7e82x1963x4c69x8a12x5822fa5c1348
2025-08-14 22:23:37,520 INFO  [io.api.tes.ser.api.KafkaSerdesTester] (ForkJoinPool.commonPool-worker-1) Sending message header {
  time {
  }
}
d1: 1.755210217519E12
s1: "a"
i1: 123
bi1: 1
point {
  longitude: 22.0
  latitude: 22.0
  altitude: 1.0
}
 to topic s74ef7e82x1963x4c69x8a12x5822fa5c1348
2025-08-14 22:23:37,521 INFO  [io.api.tes.ser.api.KafkaSerdesTester] (ForkJoinPool.commonPool-worker-1) Sending message header {
  time {
  }
}
d1: 1.755210217521E12
s1: "a"
i1: 123
bi1: 1
point {
  longitude: 22.0
  latitude: 22.0
  altitude: 1.0
}
 to topic s74ef7e82x1963x4c69x8a12x5822fa5c1348
2025-08-14 22:23:37,522 INFO  [io.api.tes.ser.api.KafkaSerdesTester] (ForkJoinPool.commonPool-worker-1) Produced 10 messages
2025-08-14 22:23:37,522 INFO  [org.apa.kaf.cli.pro.KafkaProducer] (ForkJoinPool.commonPool-worker-1) [Producer clientId=Producer-s74ef7e82x1963x4c69x8a12x5822fa5c1348] Closing the Kafka producer with timeoutMillis = 9223372036854775807 ms.
2025-08-14 22:23:37,524 INFO  [org.apa.kaf.com.met.Metrics] (ForkJoinPool.commonPool-worker-1) Metrics scheduler closed
2025-08-14 22:23:37,524 INFO  [org.apa.kaf.com.met.Metrics] (ForkJoinPool.commonPool-worker-1) Closing reporter org.apache.kafka.common.metrics.JmxReporter
2025-08-14 22:23:37,524 INFO  [org.apa.kaf.com.met.Metrics] (ForkJoinPool.commonPool-worker-1) Closing reporter org.apache.kafka.common.telemetry.internals.ClientTelemetryReporter
2025-08-14 22:23:37,524 INFO  [org.apa.kaf.com.met.Metrics] (ForkJoinPool.commonPool-worker-1) Metrics reporters closed
2025-08-14 22:23:37,524 INFO  [org.apa.kaf.com.uti.AppInfoParser] (ForkJoinPool.commonPool-worker-1) App info kafka.producer for Producer-s74ef7e82x1963x4c69x8a12x5822fa5c1348 unregistered
**** Registry Base URL: http://registry-app-ksql043.apps.ci419.apicurio-testing.org:80
2025-08-14 22:23:37,525 INFO  [org.apa.kaf.cli.con.ConsumerConfig] (main) ConsumerConfig values: 
	allow.auto.create.topics = true
	auto.commit.interval.ms = 500
	auto.include.jmx.reporter = true
	auto.offset.reset = earliest
	bootstrap.servers = [PLAINTEXT://localhost:32769]
	check.crcs = true
	client.dns.lookup = use_all_dns_ips
	client.id = consumer-Consumer-s74ef7e82x1963x4c69x8a12x5822fa5c1348-25
	client.rack = 
	connections.max.idle.ms = 10000
	default.api.timeout.ms = 60000
	enable.auto.commit = true
	enable.metrics.push = true
	exclude.internal.topics = true
	fetch.max.bytes = 52428800
	fetch.max.wait.ms = 500
	fetch.min.bytes = 1
	group.id = Consumer-s74ef7e82x1963x4c69x8a12x5822fa5c1348
	group.instance.id = null
	group.protocol = classic
	group.remote.assignor = null
	heartbeat.interval.ms = 3000
	interceptor.classes = []
	internal.leave.group.on.close = true
	internal.throw.on.fetch.stable.offset.unsupported = false
	isolation.level = read_uncommitted
	key.deserializer = class org.apache.kafka.common.serialization.StringDeserializer
	max.partition.fetch.bytes = 1048576
	max.poll.interval.ms = 300000
	max.poll.records = 500
	metadata.max.age.ms = 300000
	metadata.recovery.strategy = none
	metric.reporters = []
	metrics.num.samples = 2
	metrics.recording.level = INFO
	metrics.sample.window.ms = 30000
	partition.assignment.strategy = [class org.apache.kafka.clients.consumer.RangeAssignor, class org.apache.kafka.clients.consumer.CooperativeStickyAssignor]
	receive.buffer.bytes = 65536
	reconnect.backoff.max.ms = 1000
	reconnect.backoff.ms = 50
	request.timeout.ms = 5000
	retry.backoff.max.ms = 1000
	retry.backoff.ms = 100
	sasl.client.callback.handler.class = null
	sasl.jaas.config = null
	sasl.kerberos.kinit.cmd = /usr/bin/kinit
	sasl.kerberos.min.time.before.relogin = 60000
	sasl.kerberos.service.name = null
	sasl.kerberos.ticket.renew.jitter = 0.05
	sasl.kerberos.ticket.renew.window.factor = 0.8
	sasl.login.callback.handler.class = null
	sasl.login.class = null
	sasl.login.connect.timeout.ms = null
	sasl.login.read.timeout.ms = null
	sasl.login.refresh.buffer.seconds = 300
	sasl.login.refresh.min.period.seconds = 60
	sasl.login.refresh.window.factor = 0.8
	sasl.login.refresh.window.jitter = 0.05
	sasl.login.retry.backoff.max.ms = 10000
	sasl.login.retry.backoff.ms = 100
	sasl.mechanism = GSSAPI
	sasl.oauthbearer.clock.skew.seconds = 30
	sasl.oauthbearer.expected.audience = null
	sasl.oauthbearer.expected.issuer = null
	sasl.oauthbearer.header.urlencode = false
	sasl.oauthbearer.jwks.endpoint.refresh.ms = 3600000
	sasl.oauthbearer.jwks.endpoint.retry.backoff.max.ms = 10000
	sasl.oauthbearer.jwks.endpoint.retry.backoff.ms = 100
	sasl.oauthbearer.jwks.endpoint.url = null
	sasl.oauthbearer.scope.claim.name = scope
	sasl.oauthbearer.sub.claim.name = sub
	sasl.oauthbearer.token.endpoint.url = null
	security.protocol = PLAINTEXT
	security.providers = null
	send.buffer.bytes = 131072
	session.timeout.ms = 45000
	socket.connection.setup.timeout.max.ms = 30000
	socket.connection.setup.timeout.ms = 10000
	ssl.cipher.suites = null
	ssl.enabled.protocols = [TLSv1.2, TLSv1.3]
	ssl.endpoint.identification.algorithm = https
	ssl.engine.factory.class = null
	ssl.key.password = null
	ssl.keymanager.algorithm = SunX509
	ssl.keystore.certificate.chain = null
	ssl.keystore.key = null
	ssl.keystore.location = null
	ssl.keystore.password = null
	ssl.keystore.type = JKS
	ssl.protocol = TLSv1.3
	ssl.provider = null
	ssl.secure.random.implementation = null
	ssl.trustmanager.algorithm = PKIX
	ssl.truststore.certificates = null
	ssl.truststore.location = null
	ssl.truststore.password = null
	ssl.truststore.type = JKS
	value.deserializer = class io.apicurio.registry.serde.protobuf.ProtobufKafkaDeserializer

2025-08-14 22:23:37,525 INFO  [org.apa.kaf.com.tel.int.KafkaMetricsCollector] (main) initializing Kafka metrics collector
2025-08-14 22:23:37,531 INFO  [org.apa.kaf.cli.con.ConsumerConfig] (main) These configurations '[apicurio.registry.url, apicurio.registry.headers.enabled]' were supplied but are not used yet.
2025-08-14 22:23:37,531 INFO  [org.apa.kaf.com.uti.AppInfoParser] (main) Kafka version: 3.9.1
2025-08-14 22:23:37,531 INFO  [org.apa.kaf.com.uti.AppInfoParser] (main) Kafka commitId: f745dfdcee2b9851
2025-08-14 22:23:37,531 INFO  [org.apa.kaf.com.uti.AppInfoParser] (main) Kafka startTimeMs: 1755210217531
2025-08-14 22:23:37,531 INFO  [org.apa.kaf.cli.con.int.ClassicKafkaConsumer] (ForkJoinPool.commonPool-worker-1) [Consumer clientId=consumer-Consumer-s74ef7e82x1963x4c69x8a12x5822fa5c1348-25, groupId=Consumer-s74ef7e82x1963x4c69x8a12x5822fa5c1348] Subscribed to topic(s): s74ef7e82x1963x4c69x8a12x5822fa5c1348
2025-08-14 22:23:37,534 INFO  [org.apa.kaf.cli.Metadata] (ForkJoinPool.commonPool-worker-1) [Consumer clientId=consumer-Consumer-s74ef7e82x1963x4c69x8a12x5822fa5c1348-25, groupId=Consumer-s74ef7e82x1963x4c69x8a12x5822fa5c1348] Cluster ID: f700RWCeSbOIkrtSe1L4BA
2025-08-14 22:23:37,534 INFO  [org.apa.kaf.cli.con.int.ConsumerCoordinator] (ForkJoinPool.commonPool-worker-1) [Consumer clientId=consumer-Consumer-s74ef7e82x1963x4c69x8a12x5822fa5c1348-25, groupId=Consumer-s74ef7e82x1963x4c69x8a12x5822fa5c1348] Discovered group coordinator localhost:32769 (id: 2147483647 rack: null)
2025-08-14 22:23:37,535 INFO  [org.apa.kaf.cli.con.int.ConsumerCoordinator] (ForkJoinPool.commonPool-worker-1) [Consumer clientId=consumer-Consumer-s74ef7e82x1963x4c69x8a12x5822fa5c1348-25, groupId=Consumer-s74ef7e82x1963x4c69x8a12x5822fa5c1348] (Re-)joining group
2025-08-14 22:23:37,536 INFO  [org.apa.kaf.cli.con.int.ConsumerCoordinator] (ForkJoinPool.commonPool-worker-1) [Consumer clientId=consumer-Consumer-s74ef7e82x1963x4c69x8a12x5822fa5c1348-25, groupId=Consumer-s74ef7e82x1963x4c69x8a12x5822fa5c1348] Request joining group due to: need to re-join with the given member-id: consumer-Consumer-s74ef7e82x1963x4c69x8a12x5822fa5c1348-25-accbc087-3bc1-47cc-83a9-d3458147a637
2025-08-14 22:23:37,536 INFO  [org.apa.kaf.cli.con.int.ConsumerCoordinator] (ForkJoinPool.commonPool-worker-1) [Consumer clientId=consumer-Consumer-s74ef7e82x1963x4c69x8a12x5822fa5c1348-25, groupId=Consumer-s74ef7e82x1963x4c69x8a12x5822fa5c1348] (Re-)joining group
2025-08-14 22:23:38,531 INFO  [io.api.tes.ser.api.KafkaSerdesTester] (ForkJoinPool.commonPool-worker-1) None found
2025-08-14 22:23:39,532 INFO  [io.api.tes.ser.api.KafkaSerdesTester] (ForkJoinPool.commonPool-worker-1) None found
2025-08-14 22:23:40,532 INFO  [io.api.tes.ser.api.KafkaSerdesTester] (ForkJoinPool.commonPool-worker-1) None found
2025-08-14 22:23:40,537 INFO  [org.apa.kaf.cli.con.int.ConsumerCoordinator] (ForkJoinPool.commonPool-worker-1) [Consumer clientId=consumer-Consumer-s74ef7e82x1963x4c69x8a12x5822fa5c1348-25, groupId=Consumer-s74ef7e82x1963x4c69x8a12x5822fa5c1348] Successfully joined group with generation Generation{generationId=1, memberId='consumer-Consumer-s74ef7e82x1963x4c69x8a12x5822fa5c1348-25-accbc087-3bc1-47cc-83a9-d3458147a637', protocol='range'}
2025-08-14 22:23:40,537 INFO  [org.apa.kaf.cli.con.int.ConsumerCoordinator] (ForkJoinPool.commonPool-worker-1) [Consumer clientId=consumer-Consumer-s74ef7e82x1963x4c69x8a12x5822fa5c1348-25, groupId=Consumer-s74ef7e82x1963x4c69x8a12x5822fa5c1348] Finished assignment for group at generation 1: {consumer-Consumer-s74ef7e82x1963x4c69x8a12x5822fa5c1348-25-accbc087-3bc1-47cc-83a9-d3458147a637=Assignment(partitions=[s74ef7e82x1963x4c69x8a12x5822fa5c1348-0])}
2025-08-14 22:23:40,544 INFO  [org.apa.kaf.cli.con.int.ConsumerCoordinator] (ForkJoinPool.commonPool-worker-1) [Consumer clientId=consumer-Consumer-s74ef7e82x1963x4c69x8a12x5822fa5c1348-25, groupId=Consumer-s74ef7e82x1963x4c69x8a12x5822fa5c1348] Successfully synced group in generation Generation{generationId=1, memberId='consumer-Consumer-s74ef7e82x1963x4c69x8a12x5822fa5c1348-25-accbc087-3bc1-47cc-83a9-d3458147a637', protocol='range'}
2025-08-14 22:23:40,544 INFO  [org.apa.kaf.cli.con.int.ConsumerCoordinator] (ForkJoinPool.commonPool-worker-1) [Consumer clientId=consumer-Consumer-s74ef7e82x1963x4c69x8a12x5822fa5c1348-25, groupId=Consumer-s74ef7e82x1963x4c69x8a12x5822fa5c1348] Notifying assignor about the new Assignment(partitions=[s74ef7e82x1963x4c69x8a12x5822fa5c1348-0])
2025-08-14 22:23:40,544 INFO  [org.apa.kaf.cli.con.int.ConsumerRebalanceListenerInvoker] (ForkJoinPool.commonPool-worker-1) [Consumer clientId=consumer-Consumer-s74ef7e82x1963x4c69x8a12x5822fa5c1348-25, groupId=Consumer-s74ef7e82x1963x4c69x8a12x5822fa5c1348] Adding newly assigned partitions: s74ef7e82x1963x4c69x8a12x5822fa5c1348-0
2025-08-14 22:23:40,545 INFO  [org.apa.kaf.cli.con.int.ConsumerCoordinator] (ForkJoinPool.commonPool-worker-1) [Consumer clientId=consumer-Consumer-s74ef7e82x1963x4c69x8a12x5822fa5c1348-25, groupId=Consumer-s74ef7e82x1963x4c69x8a12x5822fa5c1348] Found no committed offset for partition s74ef7e82x1963x4c69x8a12x5822fa5c1348-0
2025-08-14 22:23:40,547 INFO  [org.apa.kaf.cli.con.int.SubscriptionState] (ForkJoinPool.commonPool-worker-1) [Consumer clientId=consumer-Consumer-s74ef7e82x1963x4c69x8a12x5822fa5c1348-25, groupId=Consumer-s74ef7e82x1963x4c69x8a12x5822fa5c1348] Resetting offset for partition s74ef7e82x1963x4c69x8a12x5822fa5c1348-0 to position FetchPosition{offset=0, offsetEpoch=Optional.empty, currentLeader=LeaderAndEpoch{leader=Optional[localhost:32769 (id: 0 rack: null)], epoch=0}}.
2025-08-14 22:23:40,825 INFO  [io.api.tes.ser.api.KafkaSerdesTester] (ForkJoinPool.commonPool-worker-1) s74ef7e82x1963x4c69x8a12x5822fa5c1348 0 0 header {
  time {
  }
}
d1: 1.755210216517E12
s1: "a"
i1: 123
bi1: 1
point {
  longitude: 22.0
  latitude: 22.0
  altitude: 1.0
}

2025-08-14 22:23:40,826 INFO  [io.api.tes.ser.api.KafkaSerdesTester] (ForkJoinPool.commonPool-worker-1) s74ef7e82x1963x4c69x8a12x5822fa5c1348 0 1 header {
  time {
  }
}
d1: 1.755210217506E12
s1: "a"
i1: 123
bi1: 1
point {
  longitude: 22.0
  latitude: 22.0
  altitude: 1.0
}

2025-08-14 22:23:40,826 INFO  [io.api.tes.ser.api.KafkaSerdesTester] (ForkJoinPool.commonPool-worker-1) s74ef7e82x1963x4c69x8a12x5822fa5c1348 0 2 header {
  time {
  }
}
d1: 1.755210217508E12
s1: "a"
i1: 123
bi1: 1
point {
  longitude: 22.0
  latitude: 22.0
  altitude: 1.0
}

2025-08-14 22:23:40,826 INFO  [io.api.tes.ser.api.KafkaSerdesTester] (ForkJoinPool.commonPool-worker-1) s74ef7e82x1963x4c69x8a12x5822fa5c1348 0 3 header {
  time {
  }
}
d1: 1.75521021751E12
s1: "a"
i1: 123
bi1: 1
point {
  longitude: 22.0
  latitude: 22.0
  altitude: 1.0
}

2025-08-14 22:23:40,826 INFO  [io.api.tes.ser.api.KafkaSerdesTester] (ForkJoinPool.commonPool-worker-1) s74ef7e82x1963x4c69x8a12x5822fa5c1348 0 4 header {
  time {
  }
}
d1: 1.755210217511E12
s1: "a"
i1: 123
bi1: 1
point {
  longitude: 22.0
  latitude: 22.0
  altitude: 1.0
}

2025-08-14 22:23:40,826 INFO  [io.api.tes.ser.api.KafkaSerdesTester] (ForkJoinPool.commonPool-worker-1) s74ef7e82x1963x4c69x8a12x5822fa5c1348 0 5 header {
  time {
  }
}
d1: 1.755210217513E12
s1: "a"
i1: 123
bi1: 1
point {
  longitude: 22.0
  latitude: 22.0
  altitude: 1.0
}

2025-08-14 22:23:40,826 INFO  [io.api.tes.ser.api.KafkaSerdesTester] (ForkJoinPool.commonPool-worker-1) s74ef7e82x1963x4c69x8a12x5822fa5c1348 0 6 header {
  time {
  }
}
d1: 1.755210217514E12
s1: "a"
i1: 123
bi1: 1
point {
  longitude: 22.0
  latitude: 22.0
  altitude: 1.0
}

2025-08-14 22:23:40,827 INFO  [io.api.tes.ser.api.KafkaSerdesTester] (ForkJoinPool.commonPool-worker-1) s74ef7e82x1963x4c69x8a12x5822fa5c1348 0 7 header {
  time {
  }
}
d1: 1.755210217517E12
s1: "a"
i1: 123
bi1: 1
point {
  longitude: 22.0
  latitude: 22.0
  altitude: 1.0
}

2025-08-14 22:23:40,827 INFO  [io.api.tes.ser.api.KafkaSerdesTester] (ForkJoinPool.commonPool-worker-1) s74ef7e82x1963x4c69x8a12x5822fa5c1348 0 8 header {
  time {
  }
}
d1: 1.755210217519E12
s1: "a"
i1: 123
bi1: 1
point {
  longitude: 22.0
  latitude: 22.0
  altitude: 1.0
}

2025-08-14 22:23:40,827 INFO  [io.api.tes.ser.api.KafkaSerdesTester] (ForkJoinPool.commonPool-worker-1) s74ef7e82x1963x4c69x8a12x5822fa5c1348 0 9 header {
  time {
  }
}
d1: 1.755210217521E12
s1: "a"
i1: 123
bi1: 1
point {
  longitude: 22.0
  latitude: 22.0
  altitude: 1.0
}

2025-08-14 22:23:40,827 INFO  [io.api.tes.ser.api.KafkaSerdesTester] (ForkJoinPool.commonPool-worker-1) Consumed 10 messages
2025-08-14 22:23:40,835 INFO  [org.apa.kaf.cli.con.int.ConsumerRebalanceListenerInvoker] (ForkJoinPool.commonPool-worker-1) [Consumer clientId=consumer-Consumer-s74ef7e82x1963x4c69x8a12x5822fa5c1348-25, groupId=Consumer-s74ef7e82x1963x4c69x8a12x5822fa5c1348] Revoke previously assigned partitions s74ef7e82x1963x4c69x8a12x5822fa5c1348-0
2025-08-14 22:23:40,835 INFO  [org.apa.kaf.cli.con.int.ConsumerCoordinator] (ForkJoinPool.commonPool-worker-1) [Consumer clientId=consumer-Consumer-s74ef7e82x1963x4c69x8a12x5822fa5c1348-25, groupId=Consumer-s74ef7e82x1963x4c69x8a12x5822fa5c1348] Member consumer-Consumer-s74ef7e82x1963x4c69x8a12x5822fa5c1348-25-accbc087-3bc1-47cc-83a9-d3458147a637 sending LeaveGroup request to coordinator localhost:32769 (id: 2147483647 rack: null) due to the consumer is being closed
2025-08-14 22:23:40,835 INFO  [org.apa.kaf.cli.con.int.ConsumerCoordinator] (ForkJoinPool.commonPool-worker-1) [Consumer clientId=consumer-Consumer-s74ef7e82x1963x4c69x8a12x5822fa5c1348-25, groupId=Consumer-s74ef7e82x1963x4c69x8a12x5822fa5c1348] Resetting generation and member id due to: consumer pro-actively leaving the group
2025-08-14 22:23:40,835 INFO  [org.apa.kaf.cli.con.int.ConsumerCoordinator] (ForkJoinPool.commonPool-worker-1) [Consumer clientId=consumer-Consumer-s74ef7e82x1963x4c69x8a12x5822fa5c1348-25, groupId=Consumer-s74ef7e82x1963x4c69x8a12x5822fa5c1348] Request joining group due to: consumer pro-actively leaving the group
2025-08-14 22:23:41,327 INFO  [org.apa.kaf.com.met.Metrics] (ForkJoinPool.commonPool-worker-1) Metrics scheduler closed
2025-08-14 22:23:41,327 INFO  [org.apa.kaf.com.met.Metrics] (ForkJoinPool.commonPool-worker-1) Closing reporter org.apache.kafka.common.metrics.JmxReporter
2025-08-14 22:23:41,327 INFO  [org.apa.kaf.com.met.Metrics] (ForkJoinPool.commonPool-worker-1) Closing reporter org.apache.kafka.common.telemetry.internals.ClientTelemetryReporter
2025-08-14 22:23:41,327 INFO  [org.apa.kaf.com.met.Metrics] (ForkJoinPool.commonPool-worker-1) Metrics reporters closed
2025-08-14 22:23:41,328 INFO  [org.apa.kaf.com.uti.AppInfoParser] (ForkJoinPool.commonPool-worker-1) App info kafka.consumer for consumer-Consumer-s74ef7e82x1963x4c69x8a12x5822fa5c1348-25 unregistered
**** Registry Base URL: http://registry-app-ksql043.apps.ci419.apicurio-testing.org:80
2025-08-14 22:23:41,329 INFO  [org.apa.kaf.cli.pro.ProducerConfig] (main) ProducerConfig values: 
	acks = -1
	auto.include.jmx.reporter = true
	batch.size = 16384
	bootstrap.servers = [PLAINTEXT://localhost:32769]
	buffer.memory = 33554432
	client.dns.lookup = use_all_dns_ips
	client.id = Producer-s74ef7e82x1963x4c69x8a12x5822fa5c1348
	compression.gzip.level = -1
	compression.lz4.level = 9
	compression.type = none
	compression.zstd.level = 3
	connections.max.idle.ms = 10000
	delivery.timeout.ms = 120000
	enable.idempotence = true
	enable.metrics.push = true
	interceptor.classes = []
	key.serializer = class org.apache.kafka.common.serialization.StringSerializer
	linger.ms = 0
	max.block.ms = 60000
	max.in.flight.requests.per.connection = 5
	max.request.size = 1048576
	metadata.max.age.ms = 300000
	metadata.max.idle.ms = 300000
	metadata.recovery.strategy = none
	metric.reporters = []
	metrics.num.samples = 2
	metrics.recording.level = INFO
	metrics.sample.window.ms = 30000
	partitioner.adaptive.partitioning.enable = true
	partitioner.availability.timeout.ms = 0
	partitioner.class = null
	partitioner.ignore.keys = false
	receive.buffer.bytes = 32768
	reconnect.backoff.max.ms = 1000
	reconnect.backoff.ms = 50
	request.timeout.ms = 5000
	retries = 2147483647
	retry.backoff.max.ms = 1000
	retry.backoff.ms = 100
	sasl.client.callback.handler.class = null
	sasl.jaas.config = null
	sasl.kerberos.kinit.cmd = /usr/bin/kinit
	sasl.kerberos.min.time.before.relogin = 60000
	sasl.kerberos.service.name = null
	sasl.kerberos.ticket.renew.jitter = 0.05
	sasl.kerberos.ticket.renew.window.factor = 0.8
	sasl.login.callback.handler.class = null
	sasl.login.class = null
	sasl.login.connect.timeout.ms = null
	sasl.login.read.timeout.ms = null
	sasl.login.refresh.buffer.seconds = 300
	sasl.login.refresh.min.period.seconds = 60
	sasl.login.refresh.window.factor = 0.8
	sasl.login.refresh.window.jitter = 0.05
	sasl.login.retry.backoff.max.ms = 10000
	sasl.login.retry.backoff.ms = 100
	sasl.mechanism = GSSAPI
	sasl.oauthbearer.clock.skew.seconds = 30
	sasl.oauthbearer.expected.audience = null
	sasl.oauthbearer.expected.issuer = null
	sasl.oauthbearer.header.urlencode = false
	sasl.oauthbearer.jwks.endpoint.refresh.ms = 3600000
	sasl.oauthbearer.jwks.endpoint.retry.backoff.max.ms = 10000
	sasl.oauthbearer.jwks.endpoint.retry.backoff.ms = 100
	sasl.oauthbearer.jwks.endpoint.url = null
	sasl.oauthbearer.scope.claim.name = scope
	sasl.oauthbearer.sub.claim.name = sub
	sasl.oauthbearer.token.endpoint.url = null
	security.protocol = PLAINTEXT
	security.providers = null
	send.buffer.bytes = 131072
	socket.connection.setup.timeout.max.ms = 30000
	socket.connection.setup.timeout.ms = 10000
	ssl.cipher.suites = null
	ssl.enabled.protocols = [TLSv1.2, TLSv1.3]
	ssl.endpoint.identification.algorithm = https
	ssl.engine.factory.class = null
	ssl.key.password = null
	ssl.keymanager.algorithm = SunX509
	ssl.keystore.certificate.chain = null
	ssl.keystore.key = null
	ssl.keystore.location = null
	ssl.keystore.password = null
	ssl.keystore.type = JKS
	ssl.protocol = TLSv1.3
	ssl.provider = null
	ssl.secure.random.implementation = null
	ssl.trustmanager.algorithm = PKIX
	ssl.truststore.certificates = null
	ssl.truststore.location = null
	ssl.truststore.password = null
	ssl.truststore.type = JKS
	transaction.timeout.ms = 60000
	transactional.id = null
	value.serializer = class io.apicurio.registry.serde.protobuf.ProtobufKafkaSerializer

2025-08-14 22:23:41,329 INFO  [org.apa.kaf.com.tel.int.KafkaMetricsCollector] (main) initializing Kafka metrics collector
2025-08-14 22:23:41,332 INFO  [org.apa.kaf.cli.pro.KafkaProducer] (main) [Producer clientId=Producer-s74ef7e82x1963x4c69x8a12x5822fa5c1348] Instantiated an idempotent producer.
2025-08-14 22:23:41,333 INFO  [org.apa.kaf.cli.pro.ProducerConfig] (main) These configurations '[apicurio.registry.find-latest, apicurio.registry.url, apicurio.registry.headers.enabled, apicurio.registry.artifact-resolver-strategy]' were supplied but are not used yet.
2025-08-14 22:23:41,333 INFO  [org.apa.kaf.com.uti.AppInfoParser] (main) Kafka version: 3.9.1
2025-08-14 22:23:41,333 INFO  [org.apa.kaf.com.uti.AppInfoParser] (main) Kafka commitId: f745dfdcee2b9851
2025-08-14 22:23:41,333 INFO  [org.apa.kaf.com.uti.AppInfoParser] (main) Kafka startTimeMs: 1755210221333
2025-08-14 22:23:41,333 INFO  [io.api.tes.ser.api.SimpleSerdesTesterBuilder$SimpleSerdesTester] (main) Using producer configuration: {apicurio.registry.find-latest=false, apicurio.registry.url=http://registry-app-ksql043.apps.ci419.apicurio-testing.org:80/apis/registry/v3, apicurio.registry.headers.enabled=true, apicurio.registry.artifact-resolver-strategy=io.apicurio.registry.serde.strategy.TopicIdStrategy, value.serializer=io.apicurio.registry.serde.protobuf.ProtobufKafkaSerializer, request.timeout.ms=5000, acks=all, bootstrap.servers=PLAINTEXT://localhost:32769, connections.max.idle.ms=10000, key.serializer=org.apache.kafka.common.serialization.StringSerializer, client.id=Producer-s74ef7e82x1963x4c69x8a12x5822fa5c1348}
2025-08-14 22:23:41,333 INFO  [io.api.tes.ser.api.SimpleSerdesTesterBuilder$SimpleSerdesTester] (main) Using consumer configuration: {apicurio.registry.headers.enabled=true}
2025-08-14 22:23:41,334 INFO  [io.api.tes.ser.api.KafkaSerdesTester] (ForkJoinPool.commonPool-worker-1) Sending message header {
  time {
  }
}
d1: 1.755210221333E12
s1: "a"
i1: 123
bi1: 1
point {
  longitude: 22.0
  latitude: 22.0
  altitude: 1.0
}
 to topic s74ef7e82x1963x4c69x8a12x5822fa5c1348
2025-08-14 22:23:41,335 INFO  [org.apa.kaf.cli.Metadata] (kafka-producer-network-thread | Producer-s74ef7e82x1963x4c69x8a12x5822fa5c1348) [Producer clientId=Producer-s74ef7e82x1963x4c69x8a12x5822fa5c1348] Cluster ID: f700RWCeSbOIkrtSe1L4BA
2025-08-14 22:23:41,336 INFO  [org.apa.kaf.cli.pro.int.TransactionManager] (kafka-producer-network-thread | Producer-s74ef7e82x1963x4c69x8a12x5822fa5c1348) [Producer clientId=Producer-s74ef7e82x1963x4c69x8a12x5822fa5c1348] ProducerId set to 35 with epoch 0
2025-08-14 22:23:41,336 INFO  [DefaultSchemaResolver] (ForkJoinPool.commonPool-worker-1) Retrieving schema content using string: // Proto schema formatted by Wire, do not edit.
// Source: 

syntax = "proto3";

package io.apicurio.tests.protobuf;

import "google/protobuf/timestamp.proto";

option java_multiple_files = true;

message ProtobufTestMessage {
  .io.apicurio.tests.protobuf.Header header = 1;

  double d1 = 2;

  string s1 = 4;

  int32 i1 = 7;

  int64 bi1 = 12;

  .google.protobuf.Timestamp state_time = 22;

  .io.apicurio.tests.protobuf.Point point = 30;
}

message Header {
  .google.protobuf.Timestamp time = 1;

  string source = 2;

  string destination = 3;

  string uuid = 4;

  repeated string source_uuids = 5;

  string message_type_id = 6;

  string raw_message = 7;
}

message Point {
  oneof longitude_oneof {
    double longitude = 1;
  }

  oneof latitude_oneof {
    double latitude = 2;
  }

  oneof altitude_oneof {
    double altitude = 3;
  }
}

2025-08-14 22:23:41,502 INFO  [io.api.tes.ser.api.KafkaSerdesTester] (ForkJoinPool.commonPool-worker-1) Sending message header {
  time {
  }
}
d1: 1.755210221501E12
s1: "a"
i1: 123
bi1: 1
point {
  longitude: 22.0
  latitude: 22.0
  altitude: 1.0
}
 to topic s74ef7e82x1963x4c69x8a12x5822fa5c1348
2025-08-14 22:23:41,503 INFO  [io.api.tes.ser.api.KafkaSerdesTester] (ForkJoinPool.commonPool-worker-1) Sending message header {
  time {
  }
}
d1: 1.755210221503E12
s1: "a"
i1: 123
bi1: 1
point {
  longitude: 22.0
  latitude: 22.0
  altitude: 1.0
}
 to topic s74ef7e82x1963x4c69x8a12x5822fa5c1348
2025-08-14 22:23:41,505 INFO  [io.api.tes.ser.api.KafkaSerdesTester] (ForkJoinPool.commonPool-worker-1) Sending message header {
  time {
  }
}
d1: 1.755210221505E12
s1: "a"
i1: 123
bi1: 1
point {
  longitude: 22.0
  latitude: 22.0
  altitude: 1.0
}
 to topic s74ef7e82x1963x4c69x8a12x5822fa5c1348
2025-08-14 22:23:41,507 INFO  [io.api.tes.ser.api.KafkaSerdesTester] (ForkJoinPool.commonPool-worker-1) Sending message header {
  time {
  }
}
d1: 1.755210221506E12
s1: "a"
i1: 123
bi1: 1
point {
  longitude: 22.0
  latitude: 22.0
  altitude: 1.0
}
 to topic s74ef7e82x1963x4c69x8a12x5822fa5c1348
2025-08-14 22:23:41,508 INFO  [io.api.tes.ser.api.KafkaSerdesTester] (ForkJoinPool.commonPool-worker-1) Sending message header {
  time {
  }
}
d1: 1.755210221508E12
s1: "a"
i1: 123
bi1: 1
point {
  longitude: 22.0
  latitude: 22.0
  altitude: 1.0
}
 to topic s74ef7e82x1963x4c69x8a12x5822fa5c1348
2025-08-14 22:23:41,510 INFO  [io.api.tes.ser.api.KafkaSerdesTester] (ForkJoinPool.commonPool-worker-1) Sending message header {
  time {
  }
}
d1: 1.75521022151E12
s1: "a"
i1: 123
bi1: 1
point {
  longitude: 22.0
  latitude: 22.0
  altitude: 1.0
}
 to topic s74ef7e82x1963x4c69x8a12x5822fa5c1348
2025-08-14 22:23:41,512 INFO  [io.api.tes.ser.api.KafkaSerdesTester] (ForkJoinPool.commonPool-worker-1) Sending message header {
  time {
  }
}
d1: 1.755210221512E12
s1: "a"
i1: 123
bi1: 1
point {
  longitude: 22.0
  latitude: 22.0
  altitude: 1.0
}
 to topic s74ef7e82x1963x4c69x8a12x5822fa5c1348
2025-08-14 22:23:41,513 INFO  [io.api.tes.ser.api.KafkaSerdesTester] (ForkJoinPool.commonPool-worker-1) Sending message header {
  time {
  }
}
d1: 1.755210221513E12
s1: "a"
i1: 123
bi1: 1
point {
  longitude: 22.0
  latitude: 22.0
  altitude: 1.0
}
 to topic s74ef7e82x1963x4c69x8a12x5822fa5c1348
2025-08-14 22:23:41,515 INFO  [io.api.tes.ser.api.KafkaSerdesTester] (ForkJoinPool.commonPool-worker-1) Sending message header {
  time {
  }
}
d1: 1.755210221515E12
s1: "a"
i1: 123
bi1: 1
point {
  longitude: 22.0
  latitude: 22.0
  altitude: 1.0
}
 to topic s74ef7e82x1963x4c69x8a12x5822fa5c1348
2025-08-14 22:23:41,517 INFO  [io.api.tes.ser.api.KafkaSerdesTester] (ForkJoinPool.commonPool-worker-1) Produced 10 messages
2025-08-14 22:23:41,517 INFO  [org.apa.kaf.cli.pro.KafkaProducer] (ForkJoinPool.commonPool-worker-1) [Producer clientId=Producer-s74ef7e82x1963x4c69x8a12x5822fa5c1348] Closing the Kafka producer with timeoutMillis = 9223372036854775807 ms.
2025-08-14 22:23:41,519 INFO  [org.apa.kaf.com.met.Metrics] (ForkJoinPool.commonPool-worker-1) Metrics scheduler closed
2025-08-14 22:23:41,519 INFO  [org.apa.kaf.com.met.Metrics] (ForkJoinPool.commonPool-worker-1) Closing reporter org.apache.kafka.common.metrics.JmxReporter
2025-08-14 22:23:41,519 INFO  [org.apa.kaf.com.met.Metrics] (ForkJoinPool.commonPool-worker-1) Closing reporter org.apache.kafka.common.telemetry.internals.ClientTelemetryReporter
2025-08-14 22:23:41,519 INFO  [org.apa.kaf.com.met.Metrics] (ForkJoinPool.commonPool-worker-1) Metrics reporters closed
2025-08-14 22:23:41,519 INFO  [org.apa.kaf.com.uti.AppInfoParser] (ForkJoinPool.commonPool-worker-1) App info kafka.producer for Producer-s74ef7e82x1963x4c69x8a12x5822fa5c1348 unregistered
**** Registry Base URL: http://registry-app-ksql043.apps.ci419.apicurio-testing.org:80
2025-08-14 22:23:41,519 INFO  [org.apa.kaf.cli.con.ConsumerConfig] (main) ConsumerConfig values: 
	allow.auto.create.topics = true
	auto.commit.interval.ms = 500
	auto.include.jmx.reporter = true
	auto.offset.reset = earliest
	bootstrap.servers = [PLAINTEXT://localhost:32769]
	check.crcs = true
	client.dns.lookup = use_all_dns_ips
	client.id = consumer-Consumer-s74ef7e82x1963x4c69x8a12x5822fa5c1348-26
	client.rack = 
	connections.max.idle.ms = 10000
	default.api.timeout.ms = 60000
	enable.auto.commit = true
	enable.metrics.push = true
	exclude.internal.topics = true
	fetch.max.bytes = 52428800
	fetch.max.wait.ms = 500
	fetch.min.bytes = 1
	group.id = Consumer-s74ef7e82x1963x4c69x8a12x5822fa5c1348
	group.instance.id = null
	group.protocol = classic
	group.remote.assignor = null
	heartbeat.interval.ms = 3000
	interceptor.classes = []
	internal.leave.group.on.close = true
	internal.throw.on.fetch.stable.offset.unsupported = false
	isolation.level = read_uncommitted
	key.deserializer = class org.apache.kafka.common.serialization.StringDeserializer
	max.partition.fetch.bytes = 1048576
	max.poll.interval.ms = 300000
	max.poll.records = 500
	metadata.max.age.ms = 300000
	metadata.recovery.strategy = none
	metric.reporters = []
	metrics.num.samples = 2
	metrics.recording.level = INFO
	metrics.sample.window.ms = 30000
	partition.assignment.strategy = [class org.apache.kafka.clients.consumer.RangeAssignor, class org.apache.kafka.clients.consumer.CooperativeStickyAssignor]
	receive.buffer.bytes = 65536
	reconnect.backoff.max.ms = 1000
	reconnect.backoff.ms = 50
	request.timeout.ms = 5000
	retry.backoff.max.ms = 1000
	retry.backoff.ms = 100
	sasl.client.callback.handler.class = null
	sasl.jaas.config = null
	sasl.kerberos.kinit.cmd = /usr/bin/kinit
	sasl.kerberos.min.time.before.relogin = 60000
	sasl.kerberos.service.name = null
	sasl.kerberos.ticket.renew.jitter = 0.05
	sasl.kerberos.ticket.renew.window.factor = 0.8
	sasl.login.callback.handler.class = null
	sasl.login.class = null
	sasl.login.connect.timeout.ms = null
	sasl.login.read.timeout.ms = null
	sasl.login.refresh.buffer.seconds = 300
	sasl.login.refresh.min.period.seconds = 60
	sasl.login.refresh.window.factor = 0.8
	sasl.login.refresh.window.jitter = 0.05
	sasl.login.retry.backoff.max.ms = 10000
	sasl.login.retry.backoff.ms = 100
	sasl.mechanism = GSSAPI
	sasl.oauthbearer.clock.skew.seconds = 30
	sasl.oauthbearer.expected.audience = null
	sasl.oauthbearer.expected.issuer = null
	sasl.oauthbearer.header.urlencode = false
	sasl.oauthbearer.jwks.endpoint.refresh.ms = 3600000
	sasl.oauthbearer.jwks.endpoint.retry.backoff.max.ms = 10000
	sasl.oauthbearer.jwks.endpoint.retry.backoff.ms = 100
	sasl.oauthbearer.jwks.endpoint.url = null
	sasl.oauthbearer.scope.claim.name = scope
	sasl.oauthbearer.sub.claim.name = sub
	sasl.oauthbearer.token.endpoint.url = null
	security.protocol = PLAINTEXT
	security.providers = null
	send.buffer.bytes = 131072
	session.timeout.ms = 45000
	socket.connection.setup.timeout.max.ms = 30000
	socket.connection.setup.timeout.ms = 10000
	ssl.cipher.suites = null
	ssl.enabled.protocols = [TLSv1.2, TLSv1.3]
	ssl.endpoint.identification.algorithm = https
	ssl.engine.factory.class = null
	ssl.key.password = null
	ssl.keymanager.algorithm = SunX509
	ssl.keystore.certificate.chain = null
	ssl.keystore.key = null
	ssl.keystore.location = null
	ssl.keystore.password = null
	ssl.keystore.type = JKS
	ssl.protocol = TLSv1.3
	ssl.provider = null
	ssl.secure.random.implementation = null
	ssl.trustmanager.algorithm = PKIX
	ssl.truststore.certificates = null
	ssl.truststore.location = null
	ssl.truststore.password = null
	ssl.truststore.type = JKS
	value.deserializer = class io.apicurio.registry.serde.protobuf.ProtobufKafkaDeserializer

2025-08-14 22:23:41,520 INFO  [org.apa.kaf.com.tel.int.KafkaMetricsCollector] (main) initializing Kafka metrics collector
2025-08-14 22:23:41,524 INFO  [org.apa.kaf.cli.con.ConsumerConfig] (main) These configurations '[apicurio.registry.url, apicurio.registry.headers.enabled]' were supplied but are not used yet.
2025-08-14 22:23:41,524 INFO  [org.apa.kaf.com.uti.AppInfoParser] (main) Kafka version: 3.9.1
2025-08-14 22:23:41,524 INFO  [org.apa.kaf.com.uti.AppInfoParser] (main) Kafka commitId: f745dfdcee2b9851
2025-08-14 22:23:41,524 INFO  [org.apa.kaf.com.uti.AppInfoParser] (main) Kafka startTimeMs: 1755210221524
2025-08-14 22:23:41,524 INFO  [org.apa.kaf.cli.con.int.ClassicKafkaConsumer] (ForkJoinPool.commonPool-worker-1) [Consumer clientId=consumer-Consumer-s74ef7e82x1963x4c69x8a12x5822fa5c1348-26, groupId=Consumer-s74ef7e82x1963x4c69x8a12x5822fa5c1348] Subscribed to topic(s): s74ef7e82x1963x4c69x8a12x5822fa5c1348
2025-08-14 22:23:41,526 INFO  [org.apa.kaf.cli.Metadata] (ForkJoinPool.commonPool-worker-1) [Consumer clientId=consumer-Consumer-s74ef7e82x1963x4c69x8a12x5822fa5c1348-26, groupId=Consumer-s74ef7e82x1963x4c69x8a12x5822fa5c1348] Cluster ID: f700RWCeSbOIkrtSe1L4BA
2025-08-14 22:23:41,527 INFO  [org.apa.kaf.cli.con.int.ConsumerCoordinator] (ForkJoinPool.commonPool-worker-1) [Consumer clientId=consumer-Consumer-s74ef7e82x1963x4c69x8a12x5822fa5c1348-26, groupId=Consumer-s74ef7e82x1963x4c69x8a12x5822fa5c1348] Discovered group coordinator localhost:32769 (id: 2147483647 rack: null)
2025-08-14 22:23:41,527 INFO  [org.apa.kaf.cli.con.int.ConsumerCoordinator] (ForkJoinPool.commonPool-worker-1) [Consumer clientId=consumer-Consumer-s74ef7e82x1963x4c69x8a12x5822fa5c1348-26, groupId=Consumer-s74ef7e82x1963x4c69x8a12x5822fa5c1348] (Re-)joining group
2025-08-14 22:23:41,529 INFO  [org.apa.kaf.cli.con.int.ConsumerCoordinator] (ForkJoinPool.commonPool-worker-1) [Consumer clientId=consumer-Consumer-s74ef7e82x1963x4c69x8a12x5822fa5c1348-26, groupId=Consumer-s74ef7e82x1963x4c69x8a12x5822fa5c1348] Request joining group due to: need to re-join with the given member-id: consumer-Consumer-s74ef7e82x1963x4c69x8a12x5822fa5c1348-26-0c35b81d-7ac1-4fe0-a99d-29d39a55c688
2025-08-14 22:23:41,529 INFO  [org.apa.kaf.cli.con.int.ConsumerCoordinator] (ForkJoinPool.commonPool-worker-1) [Consumer clientId=consumer-Consumer-s74ef7e82x1963x4c69x8a12x5822fa5c1348-26, groupId=Consumer-s74ef7e82x1963x4c69x8a12x5822fa5c1348] (Re-)joining group
2025-08-14 22:23:42,524 INFO  [io.api.tes.ser.api.KafkaSerdesTester] (ForkJoinPool.commonPool-worker-1) None found
2025-08-14 22:23:43,525 INFO  [io.api.tes.ser.api.KafkaSerdesTester] (ForkJoinPool.commonPool-worker-1) None found
2025-08-14 22:23:44,526 INFO  [io.api.tes.ser.api.KafkaSerdesTester] (ForkJoinPool.commonPool-worker-1) None found
2025-08-14 22:23:44,530 INFO  [org.apa.kaf.cli.con.int.ConsumerCoordinator] (ForkJoinPool.commonPool-worker-1) [Consumer clientId=consumer-Consumer-s74ef7e82x1963x4c69x8a12x5822fa5c1348-26, groupId=Consumer-s74ef7e82x1963x4c69x8a12x5822fa5c1348] Successfully joined group with generation Generation{generationId=3, memberId='consumer-Consumer-s74ef7e82x1963x4c69x8a12x5822fa5c1348-26-0c35b81d-7ac1-4fe0-a99d-29d39a55c688', protocol='range'}
2025-08-14 22:23:44,531 INFO  [org.apa.kaf.cli.con.int.ConsumerCoordinator] (ForkJoinPool.commonPool-worker-1) [Consumer clientId=consumer-Consumer-s74ef7e82x1963x4c69x8a12x5822fa5c1348-26, groupId=Consumer-s74ef7e82x1963x4c69x8a12x5822fa5c1348] Finished assignment for group at generation 3: {consumer-Consumer-s74ef7e82x1963x4c69x8a12x5822fa5c1348-26-0c35b81d-7ac1-4fe0-a99d-29d39a55c688=Assignment(partitions=[s74ef7e82x1963x4c69x8a12x5822fa5c1348-0])}
2025-08-14 22:23:44,537 INFO  [org.apa.kaf.cli.con.int.ConsumerCoordinator] (ForkJoinPool.commonPool-worker-1) [Consumer clientId=consumer-Consumer-s74ef7e82x1963x4c69x8a12x5822fa5c1348-26, groupId=Consumer-s74ef7e82x1963x4c69x8a12x5822fa5c1348] Successfully synced group in generation Generation{generationId=3, memberId='consumer-Consumer-s74ef7e82x1963x4c69x8a12x5822fa5c1348-26-0c35b81d-7ac1-4fe0-a99d-29d39a55c688', protocol='range'}
2025-08-14 22:23:44,537 INFO  [org.apa.kaf.cli.con.int.ConsumerCoordinator] (ForkJoinPool.commonPool-worker-1) [Consumer clientId=consumer-Consumer-s74ef7e82x1963x4c69x8a12x5822fa5c1348-26, groupId=Consumer-s74ef7e82x1963x4c69x8a12x5822fa5c1348] Notifying assignor about the new Assignment(partitions=[s74ef7e82x1963x4c69x8a12x5822fa5c1348-0])
2025-08-14 22:23:44,537 INFO  [org.apa.kaf.cli.con.int.ConsumerRebalanceListenerInvoker] (ForkJoinPool.commonPool-worker-1) [Consumer clientId=consumer-Consumer-s74ef7e82x1963x4c69x8a12x5822fa5c1348-26, groupId=Consumer-s74ef7e82x1963x4c69x8a12x5822fa5c1348] Adding newly assigned partitions: s74ef7e82x1963x4c69x8a12x5822fa5c1348-0
2025-08-14 22:23:44,538 INFO  [org.apa.kaf.cli.con.int.ConsumerUtils] (ForkJoinPool.commonPool-worker-1) Setting offset for partition s74ef7e82x1963x4c69x8a12x5822fa5c1348-0 to the committed offset FetchPosition{offset=10, offsetEpoch=Optional[0], currentLeader=LeaderAndEpoch{leader=Optional[localhost:32769 (id: 0 rack: null)], epoch=0}}
2025-08-14 22:23:44,792 INFO  [io.api.tes.ser.api.KafkaSerdesTester] (ForkJoinPool.commonPool-worker-1) s74ef7e82x1963x4c69x8a12x5822fa5c1348 0 10 header {
  time {
  }
}
d1: 1.755210221333E12
s1: "a"
i1: 123
bi1: 1
point {
  longitude: 22.0
  latitude: 22.0
  altitude: 1.0
}

2025-08-14 22:23:44,792 INFO  [io.api.tes.ser.api.KafkaSerdesTester] (ForkJoinPool.commonPool-worker-1) s74ef7e82x1963x4c69x8a12x5822fa5c1348 0 11 header {
  time {
  }
}
d1: 1.755210221501E12
s1: "a"
i1: 123
bi1: 1
point {
  longitude: 22.0
  latitude: 22.0
  altitude: 1.0
}

2025-08-14 22:23:44,792 INFO  [io.api.tes.ser.api.KafkaSerdesTester] (ForkJoinPool.commonPool-worker-1) s74ef7e82x1963x4c69x8a12x5822fa5c1348 0 12 header {
  time {
  }
}
d1: 1.755210221503E12
s1: "a"
i1: 123
bi1: 1
point {
  longitude: 22.0
  latitude: 22.0
  altitude: 1.0
}

2025-08-14 22:23:44,792 INFO  [io.api.tes.ser.api.KafkaSerdesTester] (ForkJoinPool.commonPool-worker-1) s74ef7e82x1963x4c69x8a12x5822fa5c1348 0 13 header {
  time {
  }
}
d1: 1.755210221505E12
s1: "a"
i1: 123
bi1: 1
point {
  longitude: 22.0
  latitude: 22.0
  altitude: 1.0
}

2025-08-14 22:23:44,792 INFO  [io.api.tes.ser.api.KafkaSerdesTester] (ForkJoinPool.commonPool-worker-1) s74ef7e82x1963x4c69x8a12x5822fa5c1348 0 14 header {
  time {
  }
}
d1: 1.755210221506E12
s1: "a"
i1: 123
bi1: 1
point {
  longitude: 22.0
  latitude: 22.0
  altitude: 1.0
}

2025-08-14 22:23:44,792 INFO  [io.api.tes.ser.api.KafkaSerdesTester] (ForkJoinPool.commonPool-worker-1) s74ef7e82x1963x4c69x8a12x5822fa5c1348 0 15 header {
  time {
  }
}
d1: 1.755210221508E12
s1: "a"
i1: 123
bi1: 1
point {
  longitude: 22.0
  latitude: 22.0
  altitude: 1.0
}

2025-08-14 22:23:44,792 INFO  [io.api.tes.ser.api.KafkaSerdesTester] (ForkJoinPool.commonPool-worker-1) s74ef7e82x1963x4c69x8a12x5822fa5c1348 0 16 header {
  time {
  }
}
d1: 1.75521022151E12
s1: "a"
i1: 123
bi1: 1
point {
  longitude: 22.0
  latitude: 22.0
  altitude: 1.0
}

2025-08-14 22:23:44,793 INFO  [io.api.tes.ser.api.KafkaSerdesTester] (ForkJoinPool.commonPool-worker-1) s74ef7e82x1963x4c69x8a12x5822fa5c1348 0 17 header {
  time {
  }
}
d1: 1.755210221512E12
s1: "a"
i1: 123
bi1: 1
point {
  longitude: 22.0
  latitude: 22.0
  altitude: 1.0
}

2025-08-14 22:23:44,793 INFO  [io.api.tes.ser.api.KafkaSerdesTester] (ForkJoinPool.commonPool-worker-1) s74ef7e82x1963x4c69x8a12x5822fa5c1348 0 18 header {
  time {
  }
}
d1: 1.755210221513E12
s1: "a"
i1: 123
bi1: 1
point {
  longitude: 22.0
  latitude: 22.0
  altitude: 1.0
}

2025-08-14 22:23:44,793 INFO  [io.api.tes.ser.api.KafkaSerdesTester] (ForkJoinPool.commonPool-worker-1) s74ef7e82x1963x4c69x8a12x5822fa5c1348 0 19 header {
  time {
  }
}
d1: 1.755210221515E12
s1: "a"
i1: 123
bi1: 1
point {
  longitude: 22.0
  latitude: 22.0
  altitude: 1.0
}

2025-08-14 22:23:44,793 INFO  [io.api.tes.ser.api.KafkaSerdesTester] (ForkJoinPool.commonPool-worker-1) Consumed 10 messages
2025-08-14 22:23:44,800 INFO  [org.apa.kaf.cli.con.int.ConsumerRebalanceListenerInvoker] (ForkJoinPool.commonPool-worker-1) [Consumer clientId=consumer-Consumer-s74ef7e82x1963x4c69x8a12x5822fa5c1348-26, groupId=Consumer-s74ef7e82x1963x4c69x8a12x5822fa5c1348] Revoke previously assigned partitions s74ef7e82x1963x4c69x8a12x5822fa5c1348-0
2025-08-14 22:23:44,800 INFO  [org.apa.kaf.cli.con.int.ConsumerCoordinator] (ForkJoinPool.commonPool-worker-1) [Consumer clientId=consumer-Consumer-s74ef7e82x1963x4c69x8a12x5822fa5c1348-26, groupId=Consumer-s74ef7e82x1963x4c69x8a12x5822fa5c1348] Member consumer-Consumer-s74ef7e82x1963x4c69x8a12x5822fa5c1348-26-0c35b81d-7ac1-4fe0-a99d-29d39a55c688 sending LeaveGroup request to coordinator localhost:32769 (id: 2147483647 rack: null) due to the consumer is being closed
2025-08-14 22:23:44,800 INFO  [org.apa.kaf.cli.con.int.ConsumerCoordinator] (ForkJoinPool.commonPool-worker-1) [Consumer clientId=consumer-Consumer-s74ef7e82x1963x4c69x8a12x5822fa5c1348-26, groupId=Consumer-s74ef7e82x1963x4c69x8a12x5822fa5c1348] Resetting generation and member id due to: consumer pro-actively leaving the group
2025-08-14 22:23:44,800 INFO  [org.apa.kaf.cli.con.int.ConsumerCoordinator] (ForkJoinPool.commonPool-worker-1) [Consumer clientId=consumer-Consumer-s74ef7e82x1963x4c69x8a12x5822fa5c1348-26, groupId=Consumer-s74ef7e82x1963x4c69x8a12x5822fa5c1348] Request joining group due to: consumer pro-actively leaving the group
2025-08-14 22:23:45,295 INFO  [org.apa.kaf.com.met.Metrics] (ForkJoinPool.commonPool-worker-1) Metrics scheduler closed
2025-08-14 22:23:45,295 INFO  [org.apa.kaf.com.met.Metrics] (ForkJoinPool.commonPool-worker-1) Closing reporter org.apache.kafka.common.metrics.JmxReporter
2025-08-14 22:23:45,295 INFO  [org.apa.kaf.com.met.Metrics] (ForkJoinPool.commonPool-worker-1) Closing reporter org.apache.kafka.common.telemetry.internals.ClientTelemetryReporter
2025-08-14 22:23:45,295 INFO  [org.apa.kaf.com.met.Metrics] (ForkJoinPool.commonPool-worker-1) Metrics reporters closed
2025-08-14 22:23:45,296 INFO  [org.apa.kaf.com.uti.AppInfoParser] (ForkJoinPool.commonPool-worker-1) App info kafka.consumer for consumer-Consumer-s74ef7e82x1963x4c69x8a12x5822fa5c1348-26 unregistered
**** Registry Base URL: http://registry-app-ksql043.apps.ci419.apicurio-testing.org:80
2025-08-14 22:23:45,297 INFO  [org.apa.kaf.cli.pro.ProducerConfig] (main) ProducerConfig values: 
	acks = -1
	auto.include.jmx.reporter = true
	batch.size = 16384
	bootstrap.servers = [PLAINTEXT://localhost:32769]
	buffer.memory = 33554432
	client.dns.lookup = use_all_dns_ips
	client.id = Producer-s74ef7e82x1963x4c69x8a12x5822fa5c1348
	compression.gzip.level = -1
	compression.lz4.level = 9
	compression.type = none
	compression.zstd.level = 3
	connections.max.idle.ms = 10000
	delivery.timeout.ms = 120000
	enable.idempotence = true
	enable.metrics.push = true
	interceptor.classes = []
	key.serializer = class org.apache.kafka.common.serialization.StringSerializer
	linger.ms = 0
	max.block.ms = 60000
	max.in.flight.requests.per.connection = 5
	max.request.size = 1048576
	metadata.max.age.ms = 300000
	metadata.max.idle.ms = 300000
	metadata.recovery.strategy = none
	metric.reporters = []
	metrics.num.samples = 2
	metrics.recording.level = INFO
	metrics.sample.window.ms = 30000
	partitioner.adaptive.partitioning.enable = true
	partitioner.availability.timeout.ms = 0
	partitioner.class = null
	partitioner.ignore.keys = false
	receive.buffer.bytes = 32768
	reconnect.backoff.max.ms = 1000
	reconnect.backoff.ms = 50
	request.timeout.ms = 5000
	retries = 2147483647
	retry.backoff.max.ms = 1000
	retry.backoff.ms = 100
	sasl.client.callback.handler.class = null
	sasl.jaas.config = null
	sasl.kerberos.kinit.cmd = /usr/bin/kinit
	sasl.kerberos.min.time.before.relogin = 60000
	sasl.kerberos.service.name = null
	sasl.kerberos.ticket.renew.jitter = 0.05
	sasl.kerberos.ticket.renew.window.factor = 0.8
	sasl.login.callback.handler.class = null
	sasl.login.class = null
	sasl.login.connect.timeout.ms = null
	sasl.login.read.timeout.ms = null
	sasl.login.refresh.buffer.seconds = 300
	sasl.login.refresh.min.period.seconds = 60
	sasl.login.refresh.window.factor = 0.8
	sasl.login.refresh.window.jitter = 0.05
	sasl.login.retry.backoff.max.ms = 10000
	sasl.login.retry.backoff.ms = 100
	sasl.mechanism = GSSAPI
	sasl.oauthbearer.clock.skew.seconds = 30
	sasl.oauthbearer.expected.audience = null
	sasl.oauthbearer.expected.issuer = null
	sasl.oauthbearer.header.urlencode = false
	sasl.oauthbearer.jwks.endpoint.refresh.ms = 3600000
	sasl.oauthbearer.jwks.endpoint.retry.backoff.max.ms = 10000
	sasl.oauthbearer.jwks.endpoint.retry.backoff.ms = 100
	sasl.oauthbearer.jwks.endpoint.url = null
	sasl.oauthbearer.scope.claim.name = scope
	sasl.oauthbearer.sub.claim.name = sub
	sasl.oauthbearer.token.endpoint.url = null
	security.protocol = PLAINTEXT
	security.providers = null
	send.buffer.bytes = 131072
	socket.connection.setup.timeout.max.ms = 30000
	socket.connection.setup.timeout.ms = 10000
	ssl.cipher.suites = null
	ssl.enabled.protocols = [TLSv1.2, TLSv1.3]
	ssl.endpoint.identification.algorithm = https
	ssl.engine.factory.class = null
	ssl.key.password = null
	ssl.keymanager.algorithm = SunX509
	ssl.keystore.certificate.chain = null
	ssl.keystore.key = null
	ssl.keystore.location = null
	ssl.keystore.password = null
	ssl.keystore.type = JKS
	ssl.protocol = TLSv1.3
	ssl.provider = null
	ssl.secure.random.implementation = null
	ssl.trustmanager.algorithm = PKIX
	ssl.truststore.certificates = null
	ssl.truststore.location = null
	ssl.truststore.password = null
	ssl.truststore.type = JKS
	transaction.timeout.ms = 60000
	transactional.id = null
	value.serializer = class io.apicurio.registry.serde.protobuf.ProtobufKafkaSerializer

2025-08-14 22:23:45,297 INFO  [org.apa.kaf.com.tel.int.KafkaMetricsCollector] (main) initializing Kafka metrics collector
2025-08-14 22:23:45,300 INFO  [org.apa.kaf.cli.pro.KafkaProducer] (main) [Producer clientId=Producer-s74ef7e82x1963x4c69x8a12x5822fa5c1348] Instantiated an idempotent producer.
2025-08-14 22:23:45,301 INFO  [org.apa.kaf.cli.pro.ProducerConfig] (main) These configurations '[apicurio.registry.url, apicurio.registry.headers.enabled, apicurio.registry.artifact-resolver-strategy]' were supplied but are not used yet.
2025-08-14 22:23:45,301 INFO  [org.apa.kaf.com.uti.AppInfoParser] (main) Kafka version: 3.9.1
2025-08-14 22:23:45,301 INFO  [org.apa.kaf.com.uti.AppInfoParser] (main) Kafka commitId: f745dfdcee2b9851
2025-08-14 22:23:45,301 INFO  [org.apa.kaf.com.uti.AppInfoParser] (main) Kafka startTimeMs: 1755210225301
2025-08-14 22:23:45,301 INFO  [io.api.tes.ser.api.SimpleSerdesTesterBuilder$SimpleSerdesTester] (main) Using producer configuration: {apicurio.registry.url=http://registry-app-ksql043.apps.ci419.apicurio-testing.org:80/apis/registry/v3, apicurio.registry.headers.enabled=true, apicurio.registry.artifact-resolver-strategy=io.apicurio.registry.serde.strategy.TopicIdStrategy, value.serializer=io.apicurio.registry.serde.protobuf.ProtobufKafkaSerializer, request.timeout.ms=5000, acks=all, bootstrap.servers=PLAINTEXT://localhost:32769, connections.max.idle.ms=10000, key.serializer=org.apache.kafka.common.serialization.StringSerializer, client.id=Producer-s74ef7e82x1963x4c69x8a12x5822fa5c1348}
2025-08-14 22:23:45,301 INFO  [io.api.tes.ser.api.SimpleSerdesTesterBuilder$SimpleSerdesTester] (main) Using consumer configuration: {apicurio.registry.headers.enabled=true}
2025-08-14 22:23:45,302 INFO  [io.api.tes.ser.api.KafkaSerdesTester] (ForkJoinPool.commonPool-worker-1) Sending message msb: 1755210225301
lsb: 321
 to topic s74ef7e82x1963x4c69x8a12x5822fa5c1348
2025-08-14 22:23:45,303 INFO  [org.apa.kaf.cli.Metadata] (kafka-producer-network-thread | Producer-s74ef7e82x1963x4c69x8a12x5822fa5c1348) [Producer clientId=Producer-s74ef7e82x1963x4c69x8a12x5822fa5c1348] Cluster ID: f700RWCeSbOIkrtSe1L4BA
2025-08-14 22:23:45,303 INFO  [org.apa.kaf.cli.pro.int.TransactionManager] (kafka-producer-network-thread | Producer-s74ef7e82x1963x4c69x8a12x5822fa5c1348) [Producer clientId=Producer-s74ef7e82x1963x4c69x8a12x5822fa5c1348] ProducerId set to 36 with epoch 0
2025-08-14 22:23:45,304 INFO  [DefaultSchemaResolver] (ForkJoinPool.commonPool-worker-1) Retrieving schema content using string: // Proto schema formatted by Wire, do not edit.
// Source: 

syntax = "proto3";

package io.apicurio.registry.common.proto;

option java_package = "io.apicurio.registry.common.proto";
option java_outer_classname = "Cmmn";

message UUID {
  fixed64 msb = 1;

  fixed64 lsb = 2;
}

2025-08-14 22:23:45,454 INFO  [io.api.tes.ser.api.KafkaSerdesTester] (ForkJoinPool.commonPool-worker-1) Sending message msb: 1755210225454
lsb: 321
 to topic s74ef7e82x1963x4c69x8a12x5822fa5c1348
2025-08-14 22:23:45,455 INFO  [io.api.tes.ser.api.KafkaSerdesTester] (ForkJoinPool.commonPool-worker-1) Sending message msb: 1755210225455
lsb: 321
 to topic s74ef7e82x1963x4c69x8a12x5822fa5c1348
2025-08-14 22:23:45,456 INFO  [io.api.tes.ser.api.KafkaSerdesTester] (ForkJoinPool.commonPool-worker-1) Sending message msb: 1755210225456
lsb: 321
 to topic s74ef7e82x1963x4c69x8a12x5822fa5c1348
2025-08-14 22:23:45,457 INFO  [io.api.tes.ser.api.KafkaSerdesTester] (ForkJoinPool.commonPool-worker-1) Sending message msb: 1755210225457
lsb: 321
 to topic s74ef7e82x1963x4c69x8a12x5822fa5c1348
2025-08-14 22:23:45,458 INFO  [io.api.tes.ser.api.KafkaSerdesTester] (ForkJoinPool.commonPool-worker-1) Sending message msb: 1755210225458
lsb: 321
 to topic s74ef7e82x1963x4c69x8a12x5822fa5c1348
2025-08-14 22:23:45,460 INFO  [io.api.tes.ser.api.KafkaSerdesTester] (ForkJoinPool.commonPool-worker-1) Sending message msb: 1755210225460
lsb: 321
 to topic s74ef7e82x1963x4c69x8a12x5822fa5c1348
2025-08-14 22:23:45,461 INFO  [io.api.tes.ser.api.KafkaSerdesTester] (ForkJoinPool.commonPool-worker-1) Sending message msb: 1755210225461
lsb: 321
 to topic s74ef7e82x1963x4c69x8a12x5822fa5c1348
2025-08-14 22:23:45,463 INFO  [io.api.tes.ser.api.KafkaSerdesTester] (ForkJoinPool.commonPool-worker-1) Sending message msb: 1755210225462
lsb: 321
 to topic s74ef7e82x1963x4c69x8a12x5822fa5c1348
2025-08-14 22:23:45,464 INFO  [io.api.tes.ser.api.KafkaSerdesTester] (ForkJoinPool.commonPool-worker-1) Sending message msb: 1755210225464
lsb: 321
 to topic s74ef7e82x1963x4c69x8a12x5822fa5c1348
2025-08-14 22:23:45,465 INFO  [io.api.tes.ser.api.KafkaSerdesTester] (ForkJoinPool.commonPool-worker-1) Produced 10 messages
2025-08-14 22:23:45,465 INFO  [org.apa.kaf.cli.pro.KafkaProducer] (ForkJoinPool.commonPool-worker-1) [Producer clientId=Producer-s74ef7e82x1963x4c69x8a12x5822fa5c1348] Closing the Kafka producer with timeoutMillis = 9223372036854775807 ms.
2025-08-14 22:23:45,466 INFO  [org.apa.kaf.com.met.Metrics] (ForkJoinPool.commonPool-worker-1) Metrics scheduler closed
2025-08-14 22:23:45,467 INFO  [org.apa.kaf.com.met.Metrics] (ForkJoinPool.commonPool-worker-1) Closing reporter org.apache.kafka.common.metrics.JmxReporter
2025-08-14 22:23:45,467 INFO  [org.apa.kaf.com.met.Metrics] (ForkJoinPool.commonPool-worker-1) Closing reporter org.apache.kafka.common.telemetry.internals.ClientTelemetryReporter
2025-08-14 22:23:45,467 INFO  [org.apa.kaf.com.met.Metrics] (ForkJoinPool.commonPool-worker-1) Metrics reporters closed
2025-08-14 22:23:45,467 INFO  [org.apa.kaf.com.uti.AppInfoParser] (ForkJoinPool.commonPool-worker-1) App info kafka.producer for Producer-s74ef7e82x1963x4c69x8a12x5822fa5c1348 unregistered
**** Registry Base URL: http://registry-app-ksql043.apps.ci419.apicurio-testing.org:80
2025-08-14 22:23:45,467 INFO  [org.apa.kaf.cli.con.ConsumerConfig] (main) ConsumerConfig values: 
	allow.auto.create.topics = true
	auto.commit.interval.ms = 500
	auto.include.jmx.reporter = true
	auto.offset.reset = earliest
	bootstrap.servers = [PLAINTEXT://localhost:32769]
	check.crcs = true
	client.dns.lookup = use_all_dns_ips
	client.id = consumer-Consumer-s74ef7e82x1963x4c69x8a12x5822fa5c1348-27
	client.rack = 
	connections.max.idle.ms = 10000
	default.api.timeout.ms = 60000
	enable.auto.commit = true
	enable.metrics.push = true
	exclude.internal.topics = true
	fetch.max.bytes = 52428800
	fetch.max.wait.ms = 500
	fetch.min.bytes = 1
	group.id = Consumer-s74ef7e82x1963x4c69x8a12x5822fa5c1348
	group.instance.id = null
	group.protocol = classic
	group.remote.assignor = null
	heartbeat.interval.ms = 3000
	interceptor.classes = []
	internal.leave.group.on.close = true
	internal.throw.on.fetch.stable.offset.unsupported = false
	isolation.level = read_uncommitted
	key.deserializer = class org.apache.kafka.common.serialization.StringDeserializer
	max.partition.fetch.bytes = 1048576
	max.poll.interval.ms = 300000
	max.poll.records = 500
	metadata.max.age.ms = 300000
	metadata.recovery.strategy = none
	metric.reporters = []
	metrics.num.samples = 2
	metrics.recording.level = INFO
	metrics.sample.window.ms = 30000
	partition.assignment.strategy = [class org.apache.kafka.clients.consumer.RangeAssignor, class org.apache.kafka.clients.consumer.CooperativeStickyAssignor]
	receive.buffer.bytes = 65536
	reconnect.backoff.max.ms = 1000
	reconnect.backoff.ms = 50
	request.timeout.ms = 5000
	retry.backoff.max.ms = 1000
	retry.backoff.ms = 100
	sasl.client.callback.handler.class = null
	sasl.jaas.config = null
	sasl.kerberos.kinit.cmd = /usr/bin/kinit
	sasl.kerberos.min.time.before.relogin = 60000
	sasl.kerberos.service.name = null
	sasl.kerberos.ticket.renew.jitter = 0.05
	sasl.kerberos.ticket.renew.window.factor = 0.8
	sasl.login.callback.handler.class = null
	sasl.login.class = null
	sasl.login.connect.timeout.ms = null
	sasl.login.read.timeout.ms = null
	sasl.login.refresh.buffer.seconds = 300
	sasl.login.refresh.min.period.seconds = 60
	sasl.login.refresh.window.factor = 0.8
	sasl.login.refresh.window.jitter = 0.05
	sasl.login.retry.backoff.max.ms = 10000
	sasl.login.retry.backoff.ms = 100
	sasl.mechanism = GSSAPI
	sasl.oauthbearer.clock.skew.seconds = 30
	sasl.oauthbearer.expected.audience = null
	sasl.oauthbearer.expected.issuer = null
	sasl.oauthbearer.header.urlencode = false
	sasl.oauthbearer.jwks.endpoint.refresh.ms = 3600000
	sasl.oauthbearer.jwks.endpoint.retry.backoff.max.ms = 10000
	sasl.oauthbearer.jwks.endpoint.retry.backoff.ms = 100
	sasl.oauthbearer.jwks.endpoint.url = null
	sasl.oauthbearer.scope.claim.name = scope
	sasl.oauthbearer.sub.claim.name = sub
	sasl.oauthbearer.token.endpoint.url = null
	security.protocol = PLAINTEXT
	security.providers = null
	send.buffer.bytes = 131072
	session.timeout.ms = 45000
	socket.connection.setup.timeout.max.ms = 30000
	socket.connection.setup.timeout.ms = 10000
	ssl.cipher.suites = null
	ssl.enabled.protocols = [TLSv1.2, TLSv1.3]
	ssl.endpoint.identification.algorithm = https
	ssl.engine.factory.class = null
	ssl.key.password = null
	ssl.keymanager.algorithm = SunX509
	ssl.keystore.certificate.chain = null
	ssl.keystore.key = null
	ssl.keystore.location = null
	ssl.keystore.password = null
	ssl.keystore.type = JKS
	ssl.protocol = TLSv1.3
	ssl.provider = null
	ssl.secure.random.implementation = null
	ssl.trustmanager.algorithm = PKIX
	ssl.truststore.certificates = null
	ssl.truststore.location = null
	ssl.truststore.password = null
	ssl.truststore.type = JKS
	value.deserializer = class io.apicurio.registry.serde.protobuf.ProtobufKafkaDeserializer

2025-08-14 22:23:45,467 INFO  [org.apa.kaf.com.tel.int.KafkaMetricsCollector] (main) initializing Kafka metrics collector
2025-08-14 22:23:45,471 INFO  [org.apa.kaf.cli.con.ConsumerConfig] (main) These configurations '[apicurio.registry.url, apicurio.registry.headers.enabled]' were supplied but are not used yet.
2025-08-14 22:23:45,471 INFO  [org.apa.kaf.com.uti.AppInfoParser] (main) Kafka version: 3.9.1
2025-08-14 22:23:45,471 INFO  [org.apa.kaf.com.uti.AppInfoParser] (main) Kafka commitId: f745dfdcee2b9851
2025-08-14 22:23:45,471 INFO  [org.apa.kaf.com.uti.AppInfoParser] (main) Kafka startTimeMs: 1755210225471
2025-08-14 22:23:45,471 INFO  [org.apa.kaf.cli.con.int.ClassicKafkaConsumer] (ForkJoinPool.commonPool-worker-1) [Consumer clientId=consumer-Consumer-s74ef7e82x1963x4c69x8a12x5822fa5c1348-27, groupId=Consumer-s74ef7e82x1963x4c69x8a12x5822fa5c1348] Subscribed to topic(s): s74ef7e82x1963x4c69x8a12x5822fa5c1348
2025-08-14 22:23:45,474 INFO  [org.apa.kaf.cli.Metadata] (ForkJoinPool.commonPool-worker-1) [Consumer clientId=consumer-Consumer-s74ef7e82x1963x4c69x8a12x5822fa5c1348-27, groupId=Consumer-s74ef7e82x1963x4c69x8a12x5822fa5c1348] Cluster ID: f700RWCeSbOIkrtSe1L4BA
2025-08-14 22:23:45,474 INFO  [org.apa.kaf.cli.con.int.ConsumerCoordinator] (ForkJoinPool.commonPool-worker-1) [Consumer clientId=consumer-Consumer-s74ef7e82x1963x4c69x8a12x5822fa5c1348-27, groupId=Consumer-s74ef7e82x1963x4c69x8a12x5822fa5c1348] Discovered group coordinator localhost:32769 (id: 2147483647 rack: null)
2025-08-14 22:23:45,475 INFO  [org.apa.kaf.cli.con.int.ConsumerCoordinator] (ForkJoinPool.commonPool-worker-1) [Consumer clientId=consumer-Consumer-s74ef7e82x1963x4c69x8a12x5822fa5c1348-27, groupId=Consumer-s74ef7e82x1963x4c69x8a12x5822fa5c1348] (Re-)joining group
2025-08-14 22:23:45,476 INFO  [org.apa.kaf.cli.con.int.ConsumerCoordinator] (ForkJoinPool.commonPool-worker-1) [Consumer clientId=consumer-Consumer-s74ef7e82x1963x4c69x8a12x5822fa5c1348-27, groupId=Consumer-s74ef7e82x1963x4c69x8a12x5822fa5c1348] Request joining group due to: need to re-join with the given member-id: consumer-Consumer-s74ef7e82x1963x4c69x8a12x5822fa5c1348-27-dc88cd62-e20a-467b-9253-9c6a80e76c2e
2025-08-14 22:23:45,476 INFO  [org.apa.kaf.cli.con.int.ConsumerCoordinator] (ForkJoinPool.commonPool-worker-1) [Consumer clientId=consumer-Consumer-s74ef7e82x1963x4c69x8a12x5822fa5c1348-27, groupId=Consumer-s74ef7e82x1963x4c69x8a12x5822fa5c1348] (Re-)joining group
2025-08-14 22:23:46,472 INFO  [io.api.tes.ser.api.KafkaSerdesTester] (ForkJoinPool.commonPool-worker-1) None found
2025-08-14 22:23:47,472 INFO  [io.api.tes.ser.api.KafkaSerdesTester] (ForkJoinPool.commonPool-worker-1) None found
2025-08-14 22:23:48,472 INFO  [io.api.tes.ser.api.KafkaSerdesTester] (ForkJoinPool.commonPool-worker-1) None found
2025-08-14 22:23:48,478 INFO  [org.apa.kaf.cli.con.int.ConsumerCoordinator] (ForkJoinPool.commonPool-worker-1) [Consumer clientId=consumer-Consumer-s74ef7e82x1963x4c69x8a12x5822fa5c1348-27, groupId=Consumer-s74ef7e82x1963x4c69x8a12x5822fa5c1348] Successfully joined group with generation Generation{generationId=5, memberId='consumer-Consumer-s74ef7e82x1963x4c69x8a12x5822fa5c1348-27-dc88cd62-e20a-467b-9253-9c6a80e76c2e', protocol='range'}
2025-08-14 22:23:48,478 INFO  [org.apa.kaf.cli.con.int.ConsumerCoordinator] (ForkJoinPool.commonPool-worker-1) [Consumer clientId=consumer-Consumer-s74ef7e82x1963x4c69x8a12x5822fa5c1348-27, groupId=Consumer-s74ef7e82x1963x4c69x8a12x5822fa5c1348] Finished assignment for group at generation 5: {consumer-Consumer-s74ef7e82x1963x4c69x8a12x5822fa5c1348-27-dc88cd62-e20a-467b-9253-9c6a80e76c2e=Assignment(partitions=[s74ef7e82x1963x4c69x8a12x5822fa5c1348-0])}
2025-08-14 22:23:48,484 INFO  [org.apa.kaf.cli.con.int.ConsumerCoordinator] (ForkJoinPool.commonPool-worker-1) [Consumer clientId=consumer-Consumer-s74ef7e82x1963x4c69x8a12x5822fa5c1348-27, groupId=Consumer-s74ef7e82x1963x4c69x8a12x5822fa5c1348] Successfully synced group in generation Generation{generationId=5, memberId='consumer-Consumer-s74ef7e82x1963x4c69x8a12x5822fa5c1348-27-dc88cd62-e20a-467b-9253-9c6a80e76c2e', protocol='range'}
2025-08-14 22:23:48,484 INFO  [org.apa.kaf.cli.con.int.ConsumerCoordinator] (ForkJoinPool.commonPool-worker-1) [Consumer clientId=consumer-Consumer-s74ef7e82x1963x4c69x8a12x5822fa5c1348-27, groupId=Consumer-s74ef7e82x1963x4c69x8a12x5822fa5c1348] Notifying assignor about the new Assignment(partitions=[s74ef7e82x1963x4c69x8a12x5822fa5c1348-0])
2025-08-14 22:23:48,484 INFO  [org.apa.kaf.cli.con.int.ConsumerRebalanceListenerInvoker] (ForkJoinPool.commonPool-worker-1) [Consumer clientId=consumer-Consumer-s74ef7e82x1963x4c69x8a12x5822fa5c1348-27, groupId=Consumer-s74ef7e82x1963x4c69x8a12x5822fa5c1348] Adding newly assigned partitions: s74ef7e82x1963x4c69x8a12x5822fa5c1348-0
2025-08-14 22:23:48,485 INFO  [org.apa.kaf.cli.con.int.ConsumerUtils] (ForkJoinPool.commonPool-worker-1) Setting offset for partition s74ef7e82x1963x4c69x8a12x5822fa5c1348-0 to the committed offset FetchPosition{offset=20, offsetEpoch=Optional[0], currentLeader=LeaderAndEpoch{leader=Optional[localhost:32769 (id: 0 rack: null)], epoch=0}}
2025-08-14 22:23:48,720 INFO  [io.api.tes.ser.api.KafkaSerdesTester] (ForkJoinPool.commonPool-worker-1) s74ef7e82x1963x4c69x8a12x5822fa5c1348 0 20 msb: 1755210225301
lsb: 321

2025-08-14 22:23:48,720 INFO  [io.api.tes.ser.api.KafkaSerdesTester] (ForkJoinPool.commonPool-worker-1) s74ef7e82x1963x4c69x8a12x5822fa5c1348 0 21 msb: 1755210225454
lsb: 321

2025-08-14 22:23:48,720 INFO  [io.api.tes.ser.api.KafkaSerdesTester] (ForkJoinPool.commonPool-worker-1) s74ef7e82x1963x4c69x8a12x5822fa5c1348 0 22 msb: 1755210225455
lsb: 321

2025-08-14 22:23:48,720 INFO  [io.api.tes.ser.api.KafkaSerdesTester] (ForkJoinPool.commonPool-worker-1) s74ef7e82x1963x4c69x8a12x5822fa5c1348 0 23 msb: 1755210225456
lsb: 321

2025-08-14 22:23:48,720 INFO  [io.api.tes.ser.api.KafkaSerdesTester] (ForkJoinPool.commonPool-worker-1) s74ef7e82x1963x4c69x8a12x5822fa5c1348 0 24 msb: 1755210225457
lsb: 321

2025-08-14 22:23:48,720 INFO  [io.api.tes.ser.api.KafkaSerdesTester] (ForkJoinPool.commonPool-worker-1) s74ef7e82x1963x4c69x8a12x5822fa5c1348 0 25 msb: 1755210225458
lsb: 321

2025-08-14 22:23:48,720 INFO  [io.api.tes.ser.api.KafkaSerdesTester] (ForkJoinPool.commonPool-worker-1) s74ef7e82x1963x4c69x8a12x5822fa5c1348 0 26 msb: 1755210225460
lsb: 321

2025-08-14 22:23:48,720 INFO  [io.api.tes.ser.api.KafkaSerdesTester] (ForkJoinPool.commonPool-worker-1) s74ef7e82x1963x4c69x8a12x5822fa5c1348 0 27 msb: 1755210225461
lsb: 321

2025-08-14 22:23:48,720 INFO  [io.api.tes.ser.api.KafkaSerdesTester] (ForkJoinPool.commonPool-worker-1) s74ef7e82x1963x4c69x8a12x5822fa5c1348 0 28 msb: 1755210225462
lsb: 321

2025-08-14 22:23:48,720 INFO  [io.api.tes.ser.api.KafkaSerdesTester] (ForkJoinPool.commonPool-worker-1) s74ef7e82x1963x4c69x8a12x5822fa5c1348 0 29 msb: 1755210225464
lsb: 321

2025-08-14 22:23:48,720 INFO  [io.api.tes.ser.api.KafkaSerdesTester] (ForkJoinPool.commonPool-worker-1) Consumed 10 messages
2025-08-14 22:23:48,727 INFO  [org.apa.kaf.cli.con.int.ConsumerRebalanceListenerInvoker] (ForkJoinPool.commonPool-worker-1) [Consumer clientId=consumer-Consumer-s74ef7e82x1963x4c69x8a12x5822fa5c1348-27, groupId=Consumer-s74ef7e82x1963x4c69x8a12x5822fa5c1348] Revoke previously assigned partitions s74ef7e82x1963x4c69x8a12x5822fa5c1348-0
2025-08-14 22:23:48,727 INFO  [org.apa.kaf.cli.con.int.ConsumerCoordinator] (ForkJoinPool.commonPool-worker-1) [Consumer clientId=consumer-Consumer-s74ef7e82x1963x4c69x8a12x5822fa5c1348-27, groupId=Consumer-s74ef7e82x1963x4c69x8a12x5822fa5c1348] Member consumer-Consumer-s74ef7e82x1963x4c69x8a12x5822fa5c1348-27-dc88cd62-e20a-467b-9253-9c6a80e76c2e sending LeaveGroup request to coordinator localhost:32769 (id: 2147483647 rack: null) due to the consumer is being closed
2025-08-14 22:23:48,727 INFO  [org.apa.kaf.cli.con.int.ConsumerCoordinator] (ForkJoinPool.commonPool-worker-1) [Consumer clientId=consumer-Consumer-s74ef7e82x1963x4c69x8a12x5822fa5c1348-27, groupId=Consumer-s74ef7e82x1963x4c69x8a12x5822fa5c1348] Resetting generation and member id due to: consumer pro-actively leaving the group
2025-08-14 22:23:48,727 INFO  [org.apa.kaf.cli.con.int.ConsumerCoordinator] (ForkJoinPool.commonPool-worker-1) [Consumer clientId=consumer-Consumer-s74ef7e82x1963x4c69x8a12x5822fa5c1348-27, groupId=Consumer-s74ef7e82x1963x4c69x8a12x5822fa5c1348] Request joining group due to: consumer pro-actively leaving the group
2025-08-14 22:23:49,222 INFO  [org.apa.kaf.com.met.Metrics] (ForkJoinPool.commonPool-worker-1) Metrics scheduler closed
2025-08-14 22:23:49,222 INFO  [org.apa.kaf.com.met.Metrics] (ForkJoinPool.commonPool-worker-1) Closing reporter org.apache.kafka.common.metrics.JmxReporter
2025-08-14 22:23:49,222 INFO  [org.apa.kaf.com.met.Metrics] (ForkJoinPool.commonPool-worker-1) Closing reporter org.apache.kafka.common.telemetry.internals.ClientTelemetryReporter
2025-08-14 22:23:49,222 INFO  [org.apa.kaf.com.met.Metrics] (ForkJoinPool.commonPool-worker-1) Metrics reporters closed
2025-08-14 22:23:49,224 INFO  [org.apa.kaf.com.uti.AppInfoParser] (ForkJoinPool.commonPool-worker-1) App info kafka.consumer for consumer-Consumer-s74ef7e82x1963x4c69x8a12x5822fa5c1348-27 unregistered
**** Registry Base URL: http://registry-app-ksql043.apps.ci419.apicurio-testing.org:80
2025-08-14 22:23:49,224 INFO  [org.apa.kaf.cli.pro.ProducerConfig] (main) ProducerConfig values: 
	acks = -1
	auto.include.jmx.reporter = true
	batch.size = 16384
	bootstrap.servers = [PLAINTEXT://localhost:32769]
	buffer.memory = 33554432
	client.dns.lookup = use_all_dns_ips
	client.id = Producer-s74ef7e82x1963x4c69x8a12x5822fa5c1348
	compression.gzip.level = -1
	compression.lz4.level = 9
	compression.type = none
	compression.zstd.level = 3
	connections.max.idle.ms = 10000
	delivery.timeout.ms = 120000
	enable.idempotence = true
	enable.metrics.push = true
	interceptor.classes = []
	key.serializer = class org.apache.kafka.common.serialization.StringSerializer
	linger.ms = 0
	max.block.ms = 60000
	max.in.flight.requests.per.connection = 5
	max.request.size = 1048576
	metadata.max.age.ms = 300000
	metadata.max.idle.ms = 300000
	metadata.recovery.strategy = none
	metric.reporters = []
	metrics.num.samples = 2
	metrics.recording.level = INFO
	metrics.sample.window.ms = 30000
	partitioner.adaptive.partitioning.enable = true
	partitioner.availability.timeout.ms = 0
	partitioner.class = null
	partitioner.ignore.keys = false
	receive.buffer.bytes = 32768
	reconnect.backoff.max.ms = 1000
	reconnect.backoff.ms = 50
	request.timeout.ms = 5000
	retries = 2147483647
	retry.backoff.max.ms = 1000
	retry.backoff.ms = 100
	sasl.client.callback.handler.class = null
	sasl.jaas.config = null
	sasl.kerberos.kinit.cmd = /usr/bin/kinit
	sasl.kerberos.min.time.before.relogin = 60000
	sasl.kerberos.service.name = null
	sasl.kerberos.ticket.renew.jitter = 0.05
	sasl.kerberos.ticket.renew.window.factor = 0.8
	sasl.login.callback.handler.class = null
	sasl.login.class = null
	sasl.login.connect.timeout.ms = null
	sasl.login.read.timeout.ms = null
	sasl.login.refresh.buffer.seconds = 300
	sasl.login.refresh.min.period.seconds = 60
	sasl.login.refresh.window.factor = 0.8
	sasl.login.refresh.window.jitter = 0.05
	sasl.login.retry.backoff.max.ms = 10000
	sasl.login.retry.backoff.ms = 100
	sasl.mechanism = GSSAPI
	sasl.oauthbearer.clock.skew.seconds = 30
	sasl.oauthbearer.expected.audience = null
	sasl.oauthbearer.expected.issuer = null
	sasl.oauthbearer.header.urlencode = false
	sasl.oauthbearer.jwks.endpoint.refresh.ms = 3600000
	sasl.oauthbearer.jwks.endpoint.retry.backoff.max.ms = 10000
	sasl.oauthbearer.jwks.endpoint.retry.backoff.ms = 100
	sasl.oauthbearer.jwks.endpoint.url = null
	sasl.oauthbearer.scope.claim.name = scope
	sasl.oauthbearer.sub.claim.name = sub
	sasl.oauthbearer.token.endpoint.url = null
	security.protocol = PLAINTEXT
	security.providers = null
	send.buffer.bytes = 131072
	socket.connection.setup.timeout.max.ms = 30000
	socket.connection.setup.timeout.ms = 10000
	ssl.cipher.suites = null
	ssl.enabled.protocols = [TLSv1.2, TLSv1.3]
	ssl.endpoint.identification.algorithm = https
	ssl.engine.factory.class = null
	ssl.key.password = null
	ssl.keymanager.algorithm = SunX509
	ssl.keystore.certificate.chain = null
	ssl.keystore.key = null
	ssl.keystore.location = null
	ssl.keystore.password = null
	ssl.keystore.type = JKS
	ssl.protocol = TLSv1.3
	ssl.provider = null
	ssl.secure.random.implementation = null
	ssl.trustmanager.algorithm = PKIX
	ssl.truststore.certificates = null
	ssl.truststore.location = null
	ssl.truststore.password = null
	ssl.truststore.type = JKS
	transaction.timeout.ms = 60000
	transactional.id = null
	value.serializer = class io.apicurio.registry.serde.protobuf.ProtobufKafkaSerializer

2025-08-14 22:23:49,225 INFO  [org.apa.kaf.com.tel.int.KafkaMetricsCollector] (main) initializing Kafka metrics collector
2025-08-14 22:23:49,227 INFO  [org.apa.kaf.cli.pro.KafkaProducer] (main) [Producer clientId=Producer-s74ef7e82x1963x4c69x8a12x5822fa5c1348] Instantiated an idempotent producer.
2025-08-14 22:23:49,228 INFO  [org.apa.kaf.cli.pro.ProducerConfig] (main) These configurations '[apicurio.registry.find-latest, apicurio.registry.url, apicurio.registry.artifact-resolver-strategy]' were supplied but are not used yet.
2025-08-14 22:23:49,229 INFO  [org.apa.kaf.com.uti.AppInfoParser] (main) Kafka version: 3.9.1
2025-08-14 22:23:49,229 INFO  [org.apa.kaf.com.uti.AppInfoParser] (main) Kafka commitId: f745dfdcee2b9851
2025-08-14 22:23:49,229 INFO  [org.apa.kaf.com.uti.AppInfoParser] (main) Kafka startTimeMs: 1755210229229
2025-08-14 22:23:49,229 INFO  [io.api.tes.ser.api.KafkaSerdesTester] (ForkJoinPool.commonPool-worker-1) Sending message header {
  time {
  }
}
d1: 1.755210229229E12
s1: "a"
i1: 123
bi1: 1
point {
  longitude: 22.0
  latitude: 22.0
  altitude: 1.0
}
 to topic s74ef7e82x1963x4c69x8a12x5822fa5c1348
2025-08-14 22:23:49,231 INFO  [org.apa.kaf.cli.Metadata] (kafka-producer-network-thread | Producer-s74ef7e82x1963x4c69x8a12x5822fa5c1348) [Producer clientId=Producer-s74ef7e82x1963x4c69x8a12x5822fa5c1348] Cluster ID: f700RWCeSbOIkrtSe1L4BA
2025-08-14 22:23:49,231 INFO  [org.apa.kaf.cli.pro.int.TransactionManager] (kafka-producer-network-thread | Producer-s74ef7e82x1963x4c69x8a12x5822fa5c1348) [Producer clientId=Producer-s74ef7e82x1963x4c69x8a12x5822fa5c1348] ProducerId set to 37 with epoch 0
2025-08-14 22:23:49,548 INFO  [org.apa.kaf.cli.pro.KafkaProducer] (ForkJoinPool.commonPool-worker-1) [Producer clientId=Producer-s74ef7e82x1963x4c69x8a12x5822fa5c1348] Closing the Kafka producer with timeoutMillis = 9223372036854775807 ms.
2025-08-14 22:23:49,549 INFO  [org.apa.kaf.com.met.Metrics] (ForkJoinPool.commonPool-worker-1) Metrics scheduler closed
2025-08-14 22:23:49,549 INFO  [org.apa.kaf.com.met.Metrics] (ForkJoinPool.commonPool-worker-1) Closing reporter org.apache.kafka.common.metrics.JmxReporter
2025-08-14 22:23:49,549 INFO  [org.apa.kaf.com.met.Metrics] (ForkJoinPool.commonPool-worker-1) Closing reporter org.apache.kafka.common.telemetry.internals.ClientTelemetryReporter
2025-08-14 22:23:49,549 INFO  [org.apa.kaf.com.met.Metrics] (ForkJoinPool.commonPool-worker-1) Metrics reporters closed
2025-08-14 22:23:49,549 INFO  [org.apa.kaf.com.uti.AppInfoParser] (ForkJoinPool.commonPool-worker-1) App info kafka.producer for Producer-s74ef7e82x1963x4c69x8a12x5822fa5c1348 unregistered
**** Registry Base URL: http://registry-app-ksql043.apps.ci419.apicurio-testing.org:80
2025-08-14 22:23:49,550 INFO  [org.apa.kaf.cli.pro.ProducerConfig] (main) ProducerConfig values: 
	acks = -1
	auto.include.jmx.reporter = true
	batch.size = 16384
	bootstrap.servers = [PLAINTEXT://localhost:32769]
	buffer.memory = 33554432
	client.dns.lookup = use_all_dns_ips
	client.id = Producer-s74ef7e82x1963x4c69x8a12x5822fa5c1348
	compression.gzip.level = -1
	compression.lz4.level = 9
	compression.type = none
	compression.zstd.level = 3
	connections.max.idle.ms = 10000
	delivery.timeout.ms = 120000
	enable.idempotence = true
	enable.metrics.push = true
	interceptor.classes = []
	key.serializer = class org.apache.kafka.common.serialization.StringSerializer
	linger.ms = 0
	max.block.ms = 60000
	max.in.flight.requests.per.connection = 5
	max.request.size = 1048576
	metadata.max.age.ms = 300000
	metadata.max.idle.ms = 300000
	metadata.recovery.strategy = none
	metric.reporters = []
	metrics.num.samples = 2
	metrics.recording.level = INFO
	metrics.sample.window.ms = 30000
	partitioner.adaptive.partitioning.enable = true
	partitioner.availability.timeout.ms = 0
	partitioner.class = null
	partitioner.ignore.keys = false
	receive.buffer.bytes = 32768
	reconnect.backoff.max.ms = 1000
	reconnect.backoff.ms = 50
	request.timeout.ms = 5000
	retries = 2147483647
	retry.backoff.max.ms = 1000
	retry.backoff.ms = 100
	sasl.client.callback.handler.class = null
	sasl.jaas.config = null
	sasl.kerberos.kinit.cmd = /usr/bin/kinit
	sasl.kerberos.min.time.before.relogin = 60000
	sasl.kerberos.service.name = null
	sasl.kerberos.ticket.renew.jitter = 0.05
	sasl.kerberos.ticket.renew.window.factor = 0.8
	sasl.login.callback.handler.class = null
	sasl.login.class = null
	sasl.login.connect.timeout.ms = null
	sasl.login.read.timeout.ms = null
	sasl.login.refresh.buffer.seconds = 300
	sasl.login.refresh.min.period.seconds = 60
	sasl.login.refresh.window.factor = 0.8
	sasl.login.refresh.window.jitter = 0.05
	sasl.login.retry.backoff.max.ms = 10000
	sasl.login.retry.backoff.ms = 100
	sasl.mechanism = GSSAPI
	sasl.oauthbearer.clock.skew.seconds = 30
	sasl.oauthbearer.expected.audience = null
	sasl.oauthbearer.expected.issuer = null
	sasl.oauthbearer.header.urlencode = false
	sasl.oauthbearer.jwks.endpoint.refresh.ms = 3600000
	sasl.oauthbearer.jwks.endpoint.retry.backoff.max.ms = 10000
	sasl.oauthbearer.jwks.endpoint.retry.backoff.ms = 100
	sasl.oauthbearer.jwks.endpoint.url = null
	sasl.oauthbearer.scope.claim.name = scope
	sasl.oauthbearer.sub.claim.name = sub
	sasl.oauthbearer.token.endpoint.url = null
	security.protocol = PLAINTEXT
	security.providers = null
	send.buffer.bytes = 131072
	socket.connection.setup.timeout.max.ms = 30000
	socket.connection.setup.timeout.ms = 10000
	ssl.cipher.suites = null
	ssl.enabled.protocols = [TLSv1.2, TLSv1.3]
	ssl.endpoint.identification.algorithm = https
	ssl.engine.factory.class = null
	ssl.key.password = null
	ssl.keymanager.algorithm = SunX509
	ssl.keystore.certificate.chain = null
	ssl.keystore.key = null
	ssl.keystore.location = null
	ssl.keystore.password = null
	ssl.keystore.type = JKS
	ssl.protocol = TLSv1.3
	ssl.provider = null
	ssl.secure.random.implementation = null
	ssl.trustmanager.algorithm = PKIX
	ssl.truststore.certificates = null
	ssl.truststore.location = null
	ssl.truststore.password = null
	ssl.truststore.type = JKS
	transaction.timeout.ms = 60000
	transactional.id = null
	value.serializer = class io.apicurio.registry.serde.protobuf.ProtobufKafkaSerializer

2025-08-14 22:23:49,550 INFO  [org.apa.kaf.com.tel.int.KafkaMetricsCollector] (main) initializing Kafka metrics collector
2025-08-14 22:23:49,553 INFO  [org.apa.kaf.cli.pro.KafkaProducer] (main) [Producer clientId=Producer-s74ef7e82x1963x4c69x8a12x5822fa5c1348] Instantiated an idempotent producer.
2025-08-14 22:23:49,555 INFO  [org.apa.kaf.cli.pro.ProducerConfig] (main) These configurations '[apicurio.registry.find-latest, apicurio.registry.url, apicurio.registry.headers.enabled, apicurio.registry.artifact-resolver-strategy]' were supplied but are not used yet.
2025-08-14 22:23:49,555 INFO  [org.apa.kaf.com.uti.AppInfoParser] (main) Kafka version: 3.9.1
2025-08-14 22:23:49,555 INFO  [org.apa.kaf.com.uti.AppInfoParser] (main) Kafka commitId: f745dfdcee2b9851
2025-08-14 22:23:49,555 INFO  [org.apa.kaf.com.uti.AppInfoParser] (main) Kafka startTimeMs: 1755210229555
2025-08-14 22:23:49,555 INFO  [io.api.tes.ser.api.SimpleSerdesTesterBuilder$SimpleSerdesTester] (main) Using producer configuration: {apicurio.registry.find-latest=true, apicurio.registry.url=http://registry-app-ksql043.apps.ci419.apicurio-testing.org:80/apis/registry/v3, apicurio.registry.headers.enabled=true, apicurio.registry.artifact-resolver-strategy=io.apicurio.registry.serde.strategy.TopicIdStrategy, value.serializer=io.apicurio.registry.serde.protobuf.ProtobufKafkaSerializer, request.timeout.ms=5000, acks=all, bootstrap.servers=PLAINTEXT://localhost:32769, connections.max.idle.ms=10000, key.serializer=org.apache.kafka.common.serialization.StringSerializer, client.id=Producer-s74ef7e82x1963x4c69x8a12x5822fa5c1348}
2025-08-14 22:23:49,555 INFO  [io.api.tes.ser.api.SimpleSerdesTesterBuilder$SimpleSerdesTester] (main) Using consumer configuration: {apicurio.registry.headers.enabled=true}
2025-08-14 22:23:49,555 INFO  [io.api.tes.ser.api.KafkaSerdesTester] (ForkJoinPool.commonPool-worker-1) Sending message msb: 1755210229555
lsb: 321
 to topic s74ef7e82x1963x4c69x8a12x5822fa5c1348
2025-08-14 22:23:49,557 INFO  [org.apa.kaf.cli.Metadata] (kafka-producer-network-thread | Producer-s74ef7e82x1963x4c69x8a12x5822fa5c1348) [Producer clientId=Producer-s74ef7e82x1963x4c69x8a12x5822fa5c1348] Cluster ID: f700RWCeSbOIkrtSe1L4BA
2025-08-14 22:23:49,557 INFO  [org.apa.kaf.cli.pro.int.TransactionManager] (kafka-producer-network-thread | Producer-s74ef7e82x1963x4c69x8a12x5822fa5c1348) [Producer clientId=Producer-s74ef7e82x1963x4c69x8a12x5822fa5c1348] ProducerId set to 38 with epoch 0
2025-08-14 22:23:49,837 INFO  [io.api.tes.ser.api.KafkaSerdesTester] (ForkJoinPool.commonPool-worker-1) Sending message msb: 1755210229837
lsb: 321
 to topic s74ef7e82x1963x4c69x8a12x5822fa5c1348
2025-08-14 22:23:49,838 INFO  [io.api.tes.ser.api.KafkaSerdesTester] (ForkJoinPool.commonPool-worker-1) Sending message msb: 1755210229838
lsb: 321
 to topic s74ef7e82x1963x4c69x8a12x5822fa5c1348
2025-08-14 22:23:49,839 INFO  [io.api.tes.ser.api.KafkaSerdesTester] (ForkJoinPool.commonPool-worker-1) Sending message msb: 1755210229839
lsb: 321
 to topic s74ef7e82x1963x4c69x8a12x5822fa5c1348
2025-08-14 22:23:49,840 INFO  [io.api.tes.ser.api.KafkaSerdesTester] (ForkJoinPool.commonPool-worker-1) Sending message msb: 1755210229840
lsb: 321
 to topic s74ef7e82x1963x4c69x8a12x5822fa5c1348
2025-08-14 22:23:49,841 INFO  [io.api.tes.ser.api.KafkaSerdesTester] (ForkJoinPool.commonPool-worker-1) Sending message msb: 1755210229841
lsb: 321
 to topic s74ef7e82x1963x4c69x8a12x5822fa5c1348
2025-08-14 22:23:49,842 INFO  [io.api.tes.ser.api.KafkaSerdesTester] (ForkJoinPool.commonPool-worker-1) Sending message msb: 1755210229842
lsb: 321
 to topic s74ef7e82x1963x4c69x8a12x5822fa5c1348
2025-08-14 22:23:49,843 INFO  [io.api.tes.ser.api.KafkaSerdesTester] (ForkJoinPool.commonPool-worker-1) Sending message msb: 1755210229843
lsb: 321
 to topic s74ef7e82x1963x4c69x8a12x5822fa5c1348
2025-08-14 22:23:49,844 INFO  [io.api.tes.ser.api.KafkaSerdesTester] (ForkJoinPool.commonPool-worker-1) Sending message msb: 1755210229844
lsb: 321
 to topic s74ef7e82x1963x4c69x8a12x5822fa5c1348
2025-08-14 22:23:49,845 INFO  [io.api.tes.ser.api.KafkaSerdesTester] (ForkJoinPool.commonPool-worker-1) Sending message msb: 1755210229845
lsb: 321
 to topic s74ef7e82x1963x4c69x8a12x5822fa5c1348
2025-08-14 22:23:49,846 INFO  [io.api.tes.ser.api.KafkaSerdesTester] (ForkJoinPool.commonPool-worker-1) Produced 10 messages
2025-08-14 22:23:49,846 INFO  [org.apa.kaf.cli.pro.KafkaProducer] (ForkJoinPool.commonPool-worker-1) [Producer clientId=Producer-s74ef7e82x1963x4c69x8a12x5822fa5c1348] Closing the Kafka producer with timeoutMillis = 9223372036854775807 ms.
2025-08-14 22:23:49,848 INFO  [org.apa.kaf.com.met.Metrics] (ForkJoinPool.commonPool-worker-1) Metrics scheduler closed
2025-08-14 22:23:49,848 INFO  [org.apa.kaf.com.met.Metrics] (ForkJoinPool.commonPool-worker-1) Closing reporter org.apache.kafka.common.metrics.JmxReporter
2025-08-14 22:23:49,848 INFO  [org.apa.kaf.com.met.Metrics] (ForkJoinPool.commonPool-worker-1) Closing reporter org.apache.kafka.common.telemetry.internals.ClientTelemetryReporter
2025-08-14 22:23:49,848 INFO  [org.apa.kaf.com.met.Metrics] (ForkJoinPool.commonPool-worker-1) Metrics reporters closed
2025-08-14 22:23:49,848 INFO  [org.apa.kaf.com.uti.AppInfoParser] (ForkJoinPool.commonPool-worker-1) App info kafka.producer for Producer-s74ef7e82x1963x4c69x8a12x5822fa5c1348 unregistered
**** Registry Base URL: http://registry-app-ksql043.apps.ci419.apicurio-testing.org:80
2025-08-14 22:23:49,848 INFO  [org.apa.kaf.cli.con.ConsumerConfig] (main) ConsumerConfig values: 
	allow.auto.create.topics = true
	auto.commit.interval.ms = 500
	auto.include.jmx.reporter = true
	auto.offset.reset = earliest
	bootstrap.servers = [PLAINTEXT://localhost:32769]
	check.crcs = true
	client.dns.lookup = use_all_dns_ips
	client.id = consumer-Consumer-s74ef7e82x1963x4c69x8a12x5822fa5c1348-28
	client.rack = 
	connections.max.idle.ms = 10000
	default.api.timeout.ms = 60000
	enable.auto.commit = true
	enable.metrics.push = true
	exclude.internal.topics = true
	fetch.max.bytes = 52428800
	fetch.max.wait.ms = 500
	fetch.min.bytes = 1
	group.id = Consumer-s74ef7e82x1963x4c69x8a12x5822fa5c1348
	group.instance.id = null
	group.protocol = classic
	group.remote.assignor = null
	heartbeat.interval.ms = 3000
	interceptor.classes = []
	internal.leave.group.on.close = true
	internal.throw.on.fetch.stable.offset.unsupported = false
	isolation.level = read_uncommitted
	key.deserializer = class org.apache.kafka.common.serialization.StringDeserializer
	max.partition.fetch.bytes = 1048576
	max.poll.interval.ms = 300000
	max.poll.records = 500
	metadata.max.age.ms = 300000
	metadata.recovery.strategy = none
	metric.reporters = []
	metrics.num.samples = 2
	metrics.recording.level = INFO
	metrics.sample.window.ms = 30000
	partition.assignment.strategy = [class org.apache.kafka.clients.consumer.RangeAssignor, class org.apache.kafka.clients.consumer.CooperativeStickyAssignor]
	receive.buffer.bytes = 65536
	reconnect.backoff.max.ms = 1000
	reconnect.backoff.ms = 50
	request.timeout.ms = 5000
	retry.backoff.max.ms = 1000
	retry.backoff.ms = 100
	sasl.client.callback.handler.class = null
	sasl.jaas.config = null
	sasl.kerberos.kinit.cmd = /usr/bin/kinit
	sasl.kerberos.min.time.before.relogin = 60000
	sasl.kerberos.service.name = null
	sasl.kerberos.ticket.renew.jitter = 0.05
	sasl.kerberos.ticket.renew.window.factor = 0.8
	sasl.login.callback.handler.class = null
	sasl.login.class = null
	sasl.login.connect.timeout.ms = null
	sasl.login.read.timeout.ms = null
	sasl.login.refresh.buffer.seconds = 300
	sasl.login.refresh.min.period.seconds = 60
	sasl.login.refresh.window.factor = 0.8
	sasl.login.refresh.window.jitter = 0.05
	sasl.login.retry.backoff.max.ms = 10000
	sasl.login.retry.backoff.ms = 100
	sasl.mechanism = GSSAPI
	sasl.oauthbearer.clock.skew.seconds = 30
	sasl.oauthbearer.expected.audience = null
	sasl.oauthbearer.expected.issuer = null
	sasl.oauthbearer.header.urlencode = false
	sasl.oauthbearer.jwks.endpoint.refresh.ms = 3600000
	sasl.oauthbearer.jwks.endpoint.retry.backoff.max.ms = 10000
	sasl.oauthbearer.jwks.endpoint.retry.backoff.ms = 100
	sasl.oauthbearer.jwks.endpoint.url = null
	sasl.oauthbearer.scope.claim.name = scope
	sasl.oauthbearer.sub.claim.name = sub
	sasl.oauthbearer.token.endpoint.url = null
	security.protocol = PLAINTEXT
	security.providers = null
	send.buffer.bytes = 131072
	session.timeout.ms = 45000
	socket.connection.setup.timeout.max.ms = 30000
	socket.connection.setup.timeout.ms = 10000
	ssl.cipher.suites = null
	ssl.enabled.protocols = [TLSv1.2, TLSv1.3]
	ssl.endpoint.identification.algorithm = https
	ssl.engine.factory.class = null
	ssl.key.password = null
	ssl.keymanager.algorithm = SunX509
	ssl.keystore.certificate.chain = null
	ssl.keystore.key = null
	ssl.keystore.location = null
	ssl.keystore.password = null
	ssl.keystore.type = JKS
	ssl.protocol = TLSv1.3
	ssl.provider = null
	ssl.secure.random.implementation = null
	ssl.trustmanager.algorithm = PKIX
	ssl.truststore.certificates = null
	ssl.truststore.location = null
	ssl.truststore.password = null
	ssl.truststore.type = JKS
	value.deserializer = class io.apicurio.registry.serde.protobuf.ProtobufKafkaDeserializer

2025-08-14 22:23:49,849 INFO  [org.apa.kaf.com.tel.int.KafkaMetricsCollector] (main) initializing Kafka metrics collector
2025-08-14 22:23:49,853 INFO  [org.apa.kaf.cli.con.ConsumerConfig] (main) These configurations '[apicurio.registry.url, apicurio.registry.headers.enabled]' were supplied but are not used yet.
2025-08-14 22:23:49,853 INFO  [org.apa.kaf.com.uti.AppInfoParser] (main) Kafka version: 3.9.1
2025-08-14 22:23:49,853 INFO  [org.apa.kaf.com.uti.AppInfoParser] (main) Kafka commitId: f745dfdcee2b9851
2025-08-14 22:23:49,853 INFO  [org.apa.kaf.com.uti.AppInfoParser] (main) Kafka startTimeMs: 1755210229853
2025-08-14 22:23:49,853 INFO  [org.apa.kaf.cli.con.int.ClassicKafkaConsumer] (ForkJoinPool.commonPool-worker-1) [Consumer clientId=consumer-Consumer-s74ef7e82x1963x4c69x8a12x5822fa5c1348-28, groupId=Consumer-s74ef7e82x1963x4c69x8a12x5822fa5c1348] Subscribed to topic(s): s74ef7e82x1963x4c69x8a12x5822fa5c1348
2025-08-14 22:23:49,855 INFO  [org.apa.kaf.cli.Metadata] (ForkJoinPool.commonPool-worker-1) [Consumer clientId=consumer-Consumer-s74ef7e82x1963x4c69x8a12x5822fa5c1348-28, groupId=Consumer-s74ef7e82x1963x4c69x8a12x5822fa5c1348] Cluster ID: f700RWCeSbOIkrtSe1L4BA
2025-08-14 22:23:49,856 INFO  [org.apa.kaf.cli.con.int.ConsumerCoordinator] (ForkJoinPool.commonPool-worker-1) [Consumer clientId=consumer-Consumer-s74ef7e82x1963x4c69x8a12x5822fa5c1348-28, groupId=Consumer-s74ef7e82x1963x4c69x8a12x5822fa5c1348] Discovered group coordinator localhost:32769 (id: 2147483647 rack: null)
2025-08-14 22:23:49,856 INFO  [org.apa.kaf.cli.con.int.ConsumerCoordinator] (ForkJoinPool.commonPool-worker-1) [Consumer clientId=consumer-Consumer-s74ef7e82x1963x4c69x8a12x5822fa5c1348-28, groupId=Consumer-s74ef7e82x1963x4c69x8a12x5822fa5c1348] (Re-)joining group
2025-08-14 22:23:49,858 INFO  [org.apa.kaf.cli.con.int.ConsumerCoordinator] (ForkJoinPool.commonPool-worker-1) [Consumer clientId=consumer-Consumer-s74ef7e82x1963x4c69x8a12x5822fa5c1348-28, groupId=Consumer-s74ef7e82x1963x4c69x8a12x5822fa5c1348] Request joining group due to: need to re-join with the given member-id: consumer-Consumer-s74ef7e82x1963x4c69x8a12x5822fa5c1348-28-27a35038-2b1a-4549-903b-0d05e0f893de
2025-08-14 22:23:49,858 INFO  [org.apa.kaf.cli.con.int.ConsumerCoordinator] (ForkJoinPool.commonPool-worker-1) [Consumer clientId=consumer-Consumer-s74ef7e82x1963x4c69x8a12x5822fa5c1348-28, groupId=Consumer-s74ef7e82x1963x4c69x8a12x5822fa5c1348] (Re-)joining group
2025-08-14 22:23:50,853 INFO  [io.api.tes.ser.api.KafkaSerdesTester] (ForkJoinPool.commonPool-worker-1) None found
2025-08-14 22:23:51,853 INFO  [io.api.tes.ser.api.KafkaSerdesTester] (ForkJoinPool.commonPool-worker-1) None found
2025-08-14 22:23:52,853 INFO  [io.api.tes.ser.api.KafkaSerdesTester] (ForkJoinPool.commonPool-worker-1) None found
2025-08-14 22:23:52,859 INFO  [org.apa.kaf.cli.con.int.ConsumerCoordinator] (ForkJoinPool.commonPool-worker-1) [Consumer clientId=consumer-Consumer-s74ef7e82x1963x4c69x8a12x5822fa5c1348-28, groupId=Consumer-s74ef7e82x1963x4c69x8a12x5822fa5c1348] Successfully joined group with generation Generation{generationId=7, memberId='consumer-Consumer-s74ef7e82x1963x4c69x8a12x5822fa5c1348-28-27a35038-2b1a-4549-903b-0d05e0f893de', protocol='range'}
2025-08-14 22:23:52,860 INFO  [org.apa.kaf.cli.con.int.ConsumerCoordinator] (ForkJoinPool.commonPool-worker-1) [Consumer clientId=consumer-Consumer-s74ef7e82x1963x4c69x8a12x5822fa5c1348-28, groupId=Consumer-s74ef7e82x1963x4c69x8a12x5822fa5c1348] Finished assignment for group at generation 7: {consumer-Consumer-s74ef7e82x1963x4c69x8a12x5822fa5c1348-28-27a35038-2b1a-4549-903b-0d05e0f893de=Assignment(partitions=[s74ef7e82x1963x4c69x8a12x5822fa5c1348-0])}
2025-08-14 22:23:52,866 INFO  [org.apa.kaf.cli.con.int.ConsumerCoordinator] (ForkJoinPool.commonPool-worker-1) [Consumer clientId=consumer-Consumer-s74ef7e82x1963x4c69x8a12x5822fa5c1348-28, groupId=Consumer-s74ef7e82x1963x4c69x8a12x5822fa5c1348] Successfully synced group in generation Generation{generationId=7, memberId='consumer-Consumer-s74ef7e82x1963x4c69x8a12x5822fa5c1348-28-27a35038-2b1a-4549-903b-0d05e0f893de', protocol='range'}
2025-08-14 22:23:52,866 INFO  [org.apa.kaf.cli.con.int.ConsumerCoordinator] (ForkJoinPool.commonPool-worker-1) [Consumer clientId=consumer-Consumer-s74ef7e82x1963x4c69x8a12x5822fa5c1348-28, groupId=Consumer-s74ef7e82x1963x4c69x8a12x5822fa5c1348] Notifying assignor about the new Assignment(partitions=[s74ef7e82x1963x4c69x8a12x5822fa5c1348-0])
2025-08-14 22:23:52,866 INFO  [org.apa.kaf.cli.con.int.ConsumerRebalanceListenerInvoker] (ForkJoinPool.commonPool-worker-1) [Consumer clientId=consumer-Consumer-s74ef7e82x1963x4c69x8a12x5822fa5c1348-28, groupId=Consumer-s74ef7e82x1963x4c69x8a12x5822fa5c1348] Adding newly assigned partitions: s74ef7e82x1963x4c69x8a12x5822fa5c1348-0
2025-08-14 22:23:52,867 INFO  [org.apa.kaf.cli.con.int.ConsumerUtils] (ForkJoinPool.commonPool-worker-1) Setting offset for partition s74ef7e82x1963x4c69x8a12x5822fa5c1348-0 to the committed offset FetchPosition{offset=30, offsetEpoch=Optional[0], currentLeader=LeaderAndEpoch{leader=Optional[localhost:32769 (id: 0 rack: null)], epoch=0}}
2025-08-14 22:23:53,092 INFO  [io.api.tes.ser.api.KafkaSerdesTester] (ForkJoinPool.commonPool-worker-1) s74ef7e82x1963x4c69x8a12x5822fa5c1348 0 30 msb: 1755210229555
lsb: 321

2025-08-14 22:23:53,092 INFO  [io.api.tes.ser.api.KafkaSerdesTester] (ForkJoinPool.commonPool-worker-1) s74ef7e82x1963x4c69x8a12x5822fa5c1348 0 31 msb: 1755210229837
lsb: 321

2025-08-14 22:23:53,092 INFO  [io.api.tes.ser.api.KafkaSerdesTester] (ForkJoinPool.commonPool-worker-1) s74ef7e82x1963x4c69x8a12x5822fa5c1348 0 32 msb: 1755210229838
lsb: 321

2025-08-14 22:23:53,092 INFO  [io.api.tes.ser.api.KafkaSerdesTester] (ForkJoinPool.commonPool-worker-1) s74ef7e82x1963x4c69x8a12x5822fa5c1348 0 33 msb: 1755210229839
lsb: 321

2025-08-14 22:23:53,092 INFO  [io.api.tes.ser.api.KafkaSerdesTester] (ForkJoinPool.commonPool-worker-1) s74ef7e82x1963x4c69x8a12x5822fa5c1348 0 34 msb: 1755210229840
lsb: 321

2025-08-14 22:23:53,092 INFO  [io.api.tes.ser.api.KafkaSerdesTester] (ForkJoinPool.commonPool-worker-1) s74ef7e82x1963x4c69x8a12x5822fa5c1348 0 35 msb: 1755210229841
lsb: 321

2025-08-14 22:23:53,092 INFO  [io.api.tes.ser.api.KafkaSerdesTester] (ForkJoinPool.commonPool-worker-1) s74ef7e82x1963x4c69x8a12x5822fa5c1348 0 36 msb: 1755210229842
lsb: 321

2025-08-14 22:23:53,092 INFO  [io.api.tes.ser.api.KafkaSerdesTester] (ForkJoinPool.commonPool-worker-1) s74ef7e82x1963x4c69x8a12x5822fa5c1348 0 37 msb: 1755210229843
lsb: 321

2025-08-14 22:23:53,092 INFO  [io.api.tes.ser.api.KafkaSerdesTester] (ForkJoinPool.commonPool-worker-1) s74ef7e82x1963x4c69x8a12x5822fa5c1348 0 38 msb: 1755210229844
lsb: 321

2025-08-14 22:23:53,092 INFO  [io.api.tes.ser.api.KafkaSerdesTester] (ForkJoinPool.commonPool-worker-1) s74ef7e82x1963x4c69x8a12x5822fa5c1348 0 39 msb: 1755210229845
lsb: 321

2025-08-14 22:23:53,092 INFO  [io.api.tes.ser.api.KafkaSerdesTester] (ForkJoinPool.commonPool-worker-1) Consumed 10 messages
2025-08-14 22:23:53,099 INFO  [org.apa.kaf.cli.con.int.ConsumerRebalanceListenerInvoker] (ForkJoinPool.commonPool-worker-1) [Consumer clientId=consumer-Consumer-s74ef7e82x1963x4c69x8a12x5822fa5c1348-28, groupId=Consumer-s74ef7e82x1963x4c69x8a12x5822fa5c1348] Revoke previously assigned partitions s74ef7e82x1963x4c69x8a12x5822fa5c1348-0
2025-08-14 22:23:53,099 INFO  [org.apa.kaf.cli.con.int.ConsumerCoordinator] (ForkJoinPool.commonPool-worker-1) [Consumer clientId=consumer-Consumer-s74ef7e82x1963x4c69x8a12x5822fa5c1348-28, groupId=Consumer-s74ef7e82x1963x4c69x8a12x5822fa5c1348] Member consumer-Consumer-s74ef7e82x1963x4c69x8a12x5822fa5c1348-28-27a35038-2b1a-4549-903b-0d05e0f893de sending LeaveGroup request to coordinator localhost:32769 (id: 2147483647 rack: null) due to the consumer is being closed
2025-08-14 22:23:53,099 INFO  [org.apa.kaf.cli.con.int.ConsumerCoordinator] (ForkJoinPool.commonPool-worker-1) [Consumer clientId=consumer-Consumer-s74ef7e82x1963x4c69x8a12x5822fa5c1348-28, groupId=Consumer-s74ef7e82x1963x4c69x8a12x5822fa5c1348] Resetting generation and member id due to: consumer pro-actively leaving the group
2025-08-14 22:23:53,099 INFO  [org.apa.kaf.cli.con.int.ConsumerCoordinator] (ForkJoinPool.commonPool-worker-1) [Consumer clientId=consumer-Consumer-s74ef7e82x1963x4c69x8a12x5822fa5c1348-28, groupId=Consumer-s74ef7e82x1963x4c69x8a12x5822fa5c1348] Request joining group due to: consumer pro-actively leaving the group
2025-08-14 22:23:53,594 INFO  [org.apa.kaf.com.met.Metrics] (ForkJoinPool.commonPool-worker-1) Metrics scheduler closed
2025-08-14 22:23:53,594 INFO  [org.apa.kaf.com.met.Metrics] (ForkJoinPool.commonPool-worker-1) Closing reporter org.apache.kafka.common.metrics.JmxReporter
2025-08-14 22:23:53,594 INFO  [org.apa.kaf.com.met.Metrics] (ForkJoinPool.commonPool-worker-1) Closing reporter org.apache.kafka.common.telemetry.internals.ClientTelemetryReporter
2025-08-14 22:23:53,594 INFO  [org.apa.kaf.com.met.Metrics] (ForkJoinPool.commonPool-worker-1) Metrics reporters closed
2025-08-14 22:23:53,596 INFO  [org.apa.kaf.com.uti.AppInfoParser] (ForkJoinPool.commonPool-worker-1) App info kafka.consumer for consumer-Consumer-s74ef7e82x1963x4c69x8a12x5822fa5c1348-28 unregistered
**** Registry Base URL: http://registry-app-ksql043.apps.ci419.apicurio-testing.org:80
2025-08-14 22:23:53,597 INFO  [org.apa.kaf.cli.pro.ProducerConfig] (main) ProducerConfig values: 
	acks = -1
	auto.include.jmx.reporter = true
	batch.size = 16384
	bootstrap.servers = [PLAINTEXT://localhost:32769]
	buffer.memory = 33554432
	client.dns.lookup = use_all_dns_ips
	client.id = Producer-s74ef7e82x1963x4c69x8a12x5822fa5c1348
	compression.gzip.level = -1
	compression.lz4.level = 9
	compression.type = none
	compression.zstd.level = 3
	connections.max.idle.ms = 10000
	delivery.timeout.ms = 120000
	enable.idempotence = true
	enable.metrics.push = true
	interceptor.classes = []
	key.serializer = class org.apache.kafka.common.serialization.StringSerializer
	linger.ms = 0
	max.block.ms = 60000
	max.in.flight.requests.per.connection = 5
	max.request.size = 1048576
	metadata.max.age.ms = 300000
	metadata.max.idle.ms = 300000
	metadata.recovery.strategy = none
	metric.reporters = []
	metrics.num.samples = 2
	metrics.recording.level = INFO
	metrics.sample.window.ms = 30000
	partitioner.adaptive.partitioning.enable = true
	partitioner.availability.timeout.ms = 0
	partitioner.class = null
	partitioner.ignore.keys = false
	receive.buffer.bytes = 32768
	reconnect.backoff.max.ms = 1000
	reconnect.backoff.ms = 50
	request.timeout.ms = 5000
	retries = 2147483647
	retry.backoff.max.ms = 1000
	retry.backoff.ms = 100
	sasl.client.callback.handler.class = null
	sasl.jaas.config = null
	sasl.kerberos.kinit.cmd = /usr/bin/kinit
	sasl.kerberos.min.time.before.relogin = 60000
	sasl.kerberos.service.name = null
	sasl.kerberos.ticket.renew.jitter = 0.05
	sasl.kerberos.ticket.renew.window.factor = 0.8
	sasl.login.callback.handler.class = null
	sasl.login.class = null
	sasl.login.connect.timeout.ms = null
	sasl.login.read.timeout.ms = null
	sasl.login.refresh.buffer.seconds = 300
	sasl.login.refresh.min.period.seconds = 60
	sasl.login.refresh.window.factor = 0.8
	sasl.login.refresh.window.jitter = 0.05
	sasl.login.retry.backoff.max.ms = 10000
	sasl.login.retry.backoff.ms = 100
	sasl.mechanism = GSSAPI
	sasl.oauthbearer.clock.skew.seconds = 30
	sasl.oauthbearer.expected.audience = null
	sasl.oauthbearer.expected.issuer = null
	sasl.oauthbearer.header.urlencode = false
	sasl.oauthbearer.jwks.endpoint.refresh.ms = 3600000
	sasl.oauthbearer.jwks.endpoint.retry.backoff.max.ms = 10000
	sasl.oauthbearer.jwks.endpoint.retry.backoff.ms = 100
	sasl.oauthbearer.jwks.endpoint.url = null
	sasl.oauthbearer.scope.claim.name = scope
	sasl.oauthbearer.sub.claim.name = sub
	sasl.oauthbearer.token.endpoint.url = null
	security.protocol = PLAINTEXT
	security.providers = null
	send.buffer.bytes = 131072
	socket.connection.setup.timeout.max.ms = 30000
	socket.connection.setup.timeout.ms = 10000
	ssl.cipher.suites = null
	ssl.enabled.protocols = [TLSv1.2, TLSv1.3]
	ssl.endpoint.identification.algorithm = https
	ssl.engine.factory.class = null
	ssl.key.password = null
	ssl.keymanager.algorithm = SunX509
	ssl.keystore.certificate.chain = null
	ssl.keystore.key = null
	ssl.keystore.location = null
	ssl.keystore.password = null
	ssl.keystore.type = JKS
	ssl.protocol = TLSv1.3
	ssl.provider = null
	ssl.secure.random.implementation = null
	ssl.trustmanager.algorithm = PKIX
	ssl.truststore.certificates = null
	ssl.truststore.location = null
	ssl.truststore.password = null
	ssl.truststore.type = JKS
	transaction.timeout.ms = 60000
	transactional.id = null
	value.serializer = class io.apicurio.registry.serde.protobuf.ProtobufKafkaSerializer

2025-08-14 22:23:53,597 INFO  [org.apa.kaf.com.tel.int.KafkaMetricsCollector] (main) initializing Kafka metrics collector
2025-08-14 22:23:53,599 INFO  [org.apa.kaf.cli.pro.KafkaProducer] (main) [Producer clientId=Producer-s74ef7e82x1963x4c69x8a12x5822fa5c1348] Instantiated an idempotent producer.
2025-08-14 22:23:53,600 INFO  [org.apa.kaf.cli.pro.ProducerConfig] (main) These configurations '[apicurio.registry.url, apicurio.registry.headers.enabled, apicurio.registry.artifact-resolver-strategy, apicurio.registry.artifact.version]' were supplied but are not used yet.
2025-08-14 22:23:53,600 INFO  [org.apa.kaf.com.uti.AppInfoParser] (main) Kafka version: 3.9.1
2025-08-14 22:23:53,600 INFO  [org.apa.kaf.com.uti.AppInfoParser] (main) Kafka commitId: f745dfdcee2b9851
2025-08-14 22:23:53,600 INFO  [org.apa.kaf.com.uti.AppInfoParser] (main) Kafka startTimeMs: 1755210233600
2025-08-14 22:23:53,600 INFO  [io.api.tes.ser.api.SimpleSerdesTesterBuilder$SimpleSerdesTester] (main) Using producer configuration: {apicurio.registry.url=http://registry-app-ksql043.apps.ci419.apicurio-testing.org:80/apis/registry/v3, apicurio.registry.headers.enabled=true, apicurio.registry.artifact-resolver-strategy=io.apicurio.registry.serde.strategy.TopicIdStrategy, value.serializer=io.apicurio.registry.serde.protobuf.ProtobufKafkaSerializer, request.timeout.ms=5000, acks=all, bootstrap.servers=PLAINTEXT://localhost:32769, connections.max.idle.ms=10000, apicurio.registry.artifact.version=2, key.serializer=org.apache.kafka.common.serialization.StringSerializer, client.id=Producer-s74ef7e82x1963x4c69x8a12x5822fa5c1348}
2025-08-14 22:23:53,600 INFO  [io.api.tes.ser.api.SimpleSerdesTesterBuilder$SimpleSerdesTester] (main) Using consumer configuration: {apicurio.registry.headers.enabled=true}
2025-08-14 22:23:53,601 INFO  [io.api.tes.ser.api.KafkaSerdesTester] (ForkJoinPool.commonPool-worker-1) Sending message msb: 1755210233601
lsb: 321
 to topic s74ef7e82x1963x4c69x8a12x5822fa5c1348
2025-08-14 22:23:53,603 INFO  [org.apa.kaf.cli.Metadata] (kafka-producer-network-thread | Producer-s74ef7e82x1963x4c69x8a12x5822fa5c1348) [Producer clientId=Producer-s74ef7e82x1963x4c69x8a12x5822fa5c1348] Cluster ID: f700RWCeSbOIkrtSe1L4BA
2025-08-14 22:23:53,603 INFO  [org.apa.kaf.cli.pro.int.TransactionManager] (kafka-producer-network-thread | Producer-s74ef7e82x1963x4c69x8a12x5822fa5c1348) [Producer clientId=Producer-s74ef7e82x1963x4c69x8a12x5822fa5c1348] ProducerId set to 39 with epoch 0
2025-08-14 22:23:53,901 INFO  [io.api.tes.ser.api.KafkaSerdesTester] (ForkJoinPool.commonPool-worker-1) Sending message msb: 1755210233901
lsb: 321
 to topic s74ef7e82x1963x4c69x8a12x5822fa5c1348
2025-08-14 22:23:53,902 INFO  [io.api.tes.ser.api.KafkaSerdesTester] (ForkJoinPool.commonPool-worker-1) Sending message msb: 1755210233902
lsb: 321
 to topic s74ef7e82x1963x4c69x8a12x5822fa5c1348
2025-08-14 22:23:53,903 INFO  [io.api.tes.ser.api.KafkaSerdesTester] (ForkJoinPool.commonPool-worker-1) Sending message msb: 1755210233903
lsb: 321
 to topic s74ef7e82x1963x4c69x8a12x5822fa5c1348
2025-08-14 22:23:53,904 INFO  [io.api.tes.ser.api.KafkaSerdesTester] (ForkJoinPool.commonPool-worker-1) Sending message msb: 1755210233904
lsb: 321
 to topic s74ef7e82x1963x4c69x8a12x5822fa5c1348
2025-08-14 22:23:53,905 INFO  [io.api.tes.ser.api.KafkaSerdesTester] (ForkJoinPool.commonPool-worker-1) Sending message msb: 1755210233905
lsb: 321
 to topic s74ef7e82x1963x4c69x8a12x5822fa5c1348
2025-08-14 22:23:53,906 INFO  [io.api.tes.ser.api.KafkaSerdesTester] (ForkJoinPool.commonPool-worker-1) Sending message msb: 1755210233906
lsb: 321
 to topic s74ef7e82x1963x4c69x8a12x5822fa5c1348
2025-08-14 22:23:53,907 INFO  [io.api.tes.ser.api.KafkaSerdesTester] (ForkJoinPool.commonPool-worker-1) Sending message msb: 1755210233907
lsb: 321
 to topic s74ef7e82x1963x4c69x8a12x5822fa5c1348
2025-08-14 22:23:53,908 INFO  [io.api.tes.ser.api.KafkaSerdesTester] (ForkJoinPool.commonPool-worker-1) Sending message msb: 1755210233907
lsb: 321
 to topic s74ef7e82x1963x4c69x8a12x5822fa5c1348
2025-08-14 22:23:53,908 INFO  [io.api.tes.ser.api.KafkaSerdesTester] (ForkJoinPool.commonPool-worker-1) Sending message msb: 1755210233908
lsb: 321
 to topic s74ef7e82x1963x4c69x8a12x5822fa5c1348
2025-08-14 22:23:53,909 INFO  [io.api.tes.ser.api.KafkaSerdesTester] (ForkJoinPool.commonPool-worker-1) Produced 10 messages
2025-08-14 22:23:53,909 INFO  [org.apa.kaf.cli.pro.KafkaProducer] (ForkJoinPool.commonPool-worker-1) [Producer clientId=Producer-s74ef7e82x1963x4c69x8a12x5822fa5c1348] Closing the Kafka producer with timeoutMillis = 9223372036854775807 ms.
2025-08-14 22:23:53,910 INFO  [org.apa.kaf.com.met.Metrics] (ForkJoinPool.commonPool-worker-1) Metrics scheduler closed
2025-08-14 22:23:53,910 INFO  [org.apa.kaf.com.met.Metrics] (ForkJoinPool.commonPool-worker-1) Closing reporter org.apache.kafka.common.metrics.JmxReporter
2025-08-14 22:23:53,910 INFO  [org.apa.kaf.com.met.Metrics] (ForkJoinPool.commonPool-worker-1) Closing reporter org.apache.kafka.common.telemetry.internals.ClientTelemetryReporter
2025-08-14 22:23:53,910 INFO  [org.apa.kaf.com.met.Metrics] (ForkJoinPool.commonPool-worker-1) Metrics reporters closed
2025-08-14 22:23:53,910 INFO  [org.apa.kaf.com.uti.AppInfoParser] (ForkJoinPool.commonPool-worker-1) App info kafka.producer for Producer-s74ef7e82x1963x4c69x8a12x5822fa5c1348 unregistered
**** Registry Base URL: http://registry-app-ksql043.apps.ci419.apicurio-testing.org:80
2025-08-14 22:23:53,911 INFO  [org.apa.kaf.cli.con.ConsumerConfig] (main) ConsumerConfig values: 
	allow.auto.create.topics = true
	auto.commit.interval.ms = 500
	auto.include.jmx.reporter = true
	auto.offset.reset = earliest
	bootstrap.servers = [PLAINTEXT://localhost:32769]
	check.crcs = true
	client.dns.lookup = use_all_dns_ips
	client.id = consumer-Consumer-s74ef7e82x1963x4c69x8a12x5822fa5c1348-29
	client.rack = 
	connections.max.idle.ms = 10000
	default.api.timeout.ms = 60000
	enable.auto.commit = true
	enable.metrics.push = true
	exclude.internal.topics = true
	fetch.max.bytes = 52428800
	fetch.max.wait.ms = 500
	fetch.min.bytes = 1
	group.id = Consumer-s74ef7e82x1963x4c69x8a12x5822fa5c1348
	group.instance.id = null
	group.protocol = classic
	group.remote.assignor = null
	heartbeat.interval.ms = 3000
	interceptor.classes = []
	internal.leave.group.on.close = true
	internal.throw.on.fetch.stable.offset.unsupported = false
	isolation.level = read_uncommitted
	key.deserializer = class org.apache.kafka.common.serialization.StringDeserializer
	max.partition.fetch.bytes = 1048576
	max.poll.interval.ms = 300000
	max.poll.records = 500
	metadata.max.age.ms = 300000
	metadata.recovery.strategy = none
	metric.reporters = []
	metrics.num.samples = 2
	metrics.recording.level = INFO
	metrics.sample.window.ms = 30000
	partition.assignment.strategy = [class org.apache.kafka.clients.consumer.RangeAssignor, class org.apache.kafka.clients.consumer.CooperativeStickyAssignor]
	receive.buffer.bytes = 65536
	reconnect.backoff.max.ms = 1000
	reconnect.backoff.ms = 50
	request.timeout.ms = 5000
	retry.backoff.max.ms = 1000
	retry.backoff.ms = 100
	sasl.client.callback.handler.class = null
	sasl.jaas.config = null
	sasl.kerberos.kinit.cmd = /usr/bin/kinit
	sasl.kerberos.min.time.before.relogin = 60000
	sasl.kerberos.service.name = null
	sasl.kerberos.ticket.renew.jitter = 0.05
	sasl.kerberos.ticket.renew.window.factor = 0.8
	sasl.login.callback.handler.class = null
	sasl.login.class = null
	sasl.login.connect.timeout.ms = null
	sasl.login.read.timeout.ms = null
	sasl.login.refresh.buffer.seconds = 300
	sasl.login.refresh.min.period.seconds = 60
	sasl.login.refresh.window.factor = 0.8
	sasl.login.refresh.window.jitter = 0.05
	sasl.login.retry.backoff.max.ms = 10000
	sasl.login.retry.backoff.ms = 100
	sasl.mechanism = GSSAPI
	sasl.oauthbearer.clock.skew.seconds = 30
	sasl.oauthbearer.expected.audience = null
	sasl.oauthbearer.expected.issuer = null
	sasl.oauthbearer.header.urlencode = false
	sasl.oauthbearer.jwks.endpoint.refresh.ms = 3600000
	sasl.oauthbearer.jwks.endpoint.retry.backoff.max.ms = 10000
	sasl.oauthbearer.jwks.endpoint.retry.backoff.ms = 100
	sasl.oauthbearer.jwks.endpoint.url = null
	sasl.oauthbearer.scope.claim.name = scope
	sasl.oauthbearer.sub.claim.name = sub
	sasl.oauthbearer.token.endpoint.url = null
	security.protocol = PLAINTEXT
	security.providers = null
	send.buffer.bytes = 131072
	session.timeout.ms = 45000
	socket.connection.setup.timeout.max.ms = 30000
	socket.connection.setup.timeout.ms = 10000
	ssl.cipher.suites = null
	ssl.enabled.protocols = [TLSv1.2, TLSv1.3]
	ssl.endpoint.identification.algorithm = https
	ssl.engine.factory.class = null
	ssl.key.password = null
	ssl.keymanager.algorithm = SunX509
	ssl.keystore.certificate.chain = null
	ssl.keystore.key = null
	ssl.keystore.location = null
	ssl.keystore.password = null
	ssl.keystore.type = JKS
	ssl.protocol = TLSv1.3
	ssl.provider = null
	ssl.secure.random.implementation = null
	ssl.trustmanager.algorithm = PKIX
	ssl.truststore.certificates = null
	ssl.truststore.location = null
	ssl.truststore.password = null
	ssl.truststore.type = JKS
	value.deserializer = class io.apicurio.registry.serde.protobuf.ProtobufKafkaDeserializer

2025-08-14 22:23:53,911 INFO  [org.apa.kaf.com.tel.int.KafkaMetricsCollector] (main) initializing Kafka metrics collector
2025-08-14 22:23:53,915 INFO  [org.apa.kaf.cli.con.ConsumerConfig] (main) These configurations '[apicurio.registry.url, apicurio.registry.headers.enabled]' were supplied but are not used yet.
2025-08-14 22:23:53,915 INFO  [org.apa.kaf.com.uti.AppInfoParser] (main) Kafka version: 3.9.1
2025-08-14 22:23:53,915 INFO  [org.apa.kaf.com.uti.AppInfoParser] (main) Kafka commitId: f745dfdcee2b9851
2025-08-14 22:23:53,915 INFO  [org.apa.kaf.com.uti.AppInfoParser] (main) Kafka startTimeMs: 1755210233915
2025-08-14 22:23:53,915 INFO  [org.apa.kaf.cli.con.int.ClassicKafkaConsumer] (ForkJoinPool.commonPool-worker-1) [Consumer clientId=consumer-Consumer-s74ef7e82x1963x4c69x8a12x5822fa5c1348-29, groupId=Consumer-s74ef7e82x1963x4c69x8a12x5822fa5c1348] Subscribed to topic(s): s74ef7e82x1963x4c69x8a12x5822fa5c1348
2025-08-14 22:23:53,917 INFO  [org.apa.kaf.cli.Metadata] (ForkJoinPool.commonPool-worker-1) [Consumer clientId=consumer-Consumer-s74ef7e82x1963x4c69x8a12x5822fa5c1348-29, groupId=Consumer-s74ef7e82x1963x4c69x8a12x5822fa5c1348] Cluster ID: f700RWCeSbOIkrtSe1L4BA
2025-08-14 22:23:53,918 INFO  [org.apa.kaf.cli.con.int.ConsumerCoordinator] (ForkJoinPool.commonPool-worker-1) [Consumer clientId=consumer-Consumer-s74ef7e82x1963x4c69x8a12x5822fa5c1348-29, groupId=Consumer-s74ef7e82x1963x4c69x8a12x5822fa5c1348] Discovered group coordinator localhost:32769 (id: 2147483647 rack: null)
2025-08-14 22:23:53,918 INFO  [org.apa.kaf.cli.con.int.ConsumerCoordinator] (ForkJoinPool.commonPool-worker-1) [Consumer clientId=consumer-Consumer-s74ef7e82x1963x4c69x8a12x5822fa5c1348-29, groupId=Consumer-s74ef7e82x1963x4c69x8a12x5822fa5c1348] (Re-)joining group
2025-08-14 22:23:53,919 INFO  [org.apa.kaf.cli.con.int.ConsumerCoordinator] (ForkJoinPool.commonPool-worker-1) [Consumer clientId=consumer-Consumer-s74ef7e82x1963x4c69x8a12x5822fa5c1348-29, groupId=Consumer-s74ef7e82x1963x4c69x8a12x5822fa5c1348] Request joining group due to: need to re-join with the given member-id: consumer-Consumer-s74ef7e82x1963x4c69x8a12x5822fa5c1348-29-1102b03b-9c46-4a62-9a83-d2a7b3e524c3
2025-08-14 22:23:53,919 INFO  [org.apa.kaf.cli.con.int.ConsumerCoordinator] (ForkJoinPool.commonPool-worker-1) [Consumer clientId=consumer-Consumer-s74ef7e82x1963x4c69x8a12x5822fa5c1348-29, groupId=Consumer-s74ef7e82x1963x4c69x8a12x5822fa5c1348] (Re-)joining group
2025-08-14 22:23:54,915 INFO  [io.api.tes.ser.api.KafkaSerdesTester] (ForkJoinPool.commonPool-worker-1) None found
2025-08-14 22:23:55,916 INFO  [io.api.tes.ser.api.KafkaSerdesTester] (ForkJoinPool.commonPool-worker-1) None found
2025-08-14 22:23:56,916 INFO  [io.api.tes.ser.api.KafkaSerdesTester] (ForkJoinPool.commonPool-worker-1) None found
2025-08-14 22:23:56,920 INFO  [org.apa.kaf.cli.con.int.ConsumerCoordinator] (ForkJoinPool.commonPool-worker-1) [Consumer clientId=consumer-Consumer-s74ef7e82x1963x4c69x8a12x5822fa5c1348-29, groupId=Consumer-s74ef7e82x1963x4c69x8a12x5822fa5c1348] Successfully joined group with generation Generation{generationId=9, memberId='consumer-Consumer-s74ef7e82x1963x4c69x8a12x5822fa5c1348-29-1102b03b-9c46-4a62-9a83-d2a7b3e524c3', protocol='range'}
2025-08-14 22:23:56,921 INFO  [org.apa.kaf.cli.con.int.ConsumerCoordinator] (ForkJoinPool.commonPool-worker-1) [Consumer clientId=consumer-Consumer-s74ef7e82x1963x4c69x8a12x5822fa5c1348-29, groupId=Consumer-s74ef7e82x1963x4c69x8a12x5822fa5c1348] Finished assignment for group at generation 9: {consumer-Consumer-s74ef7e82x1963x4c69x8a12x5822fa5c1348-29-1102b03b-9c46-4a62-9a83-d2a7b3e524c3=Assignment(partitions=[s74ef7e82x1963x4c69x8a12x5822fa5c1348-0])}
2025-08-14 22:23:56,927 INFO  [org.apa.kaf.cli.con.int.ConsumerCoordinator] (ForkJoinPool.commonPool-worker-1) [Consumer clientId=consumer-Consumer-s74ef7e82x1963x4c69x8a12x5822fa5c1348-29, groupId=Consumer-s74ef7e82x1963x4c69x8a12x5822fa5c1348] Successfully synced group in generation Generation{generationId=9, memberId='consumer-Consumer-s74ef7e82x1963x4c69x8a12x5822fa5c1348-29-1102b03b-9c46-4a62-9a83-d2a7b3e524c3', protocol='range'}
2025-08-14 22:23:56,927 INFO  [org.apa.kaf.cli.con.int.ConsumerCoordinator] (ForkJoinPool.commonPool-worker-1) [Consumer clientId=consumer-Consumer-s74ef7e82x1963x4c69x8a12x5822fa5c1348-29, groupId=Consumer-s74ef7e82x1963x4c69x8a12x5822fa5c1348] Notifying assignor about the new Assignment(partitions=[s74ef7e82x1963x4c69x8a12x5822fa5c1348-0])
2025-08-14 22:23:56,927 INFO  [org.apa.kaf.cli.con.int.ConsumerRebalanceListenerInvoker] (ForkJoinPool.commonPool-worker-1) [Consumer clientId=consumer-Consumer-s74ef7e82x1963x4c69x8a12x5822fa5c1348-29, groupId=Consumer-s74ef7e82x1963x4c69x8a12x5822fa5c1348] Adding newly assigned partitions: s74ef7e82x1963x4c69x8a12x5822fa5c1348-0
2025-08-14 22:23:56,928 INFO  [org.apa.kaf.cli.con.int.ConsumerUtils] (ForkJoinPool.commonPool-worker-1) Setting offset for partition s74ef7e82x1963x4c69x8a12x5822fa5c1348-0 to the committed offset FetchPosition{offset=40, offsetEpoch=Optional[0], currentLeader=LeaderAndEpoch{leader=Optional[localhost:32769 (id: 0 rack: null)], epoch=0}}
2025-08-14 22:23:57,159 INFO  [io.api.tes.ser.api.KafkaSerdesTester] (ForkJoinPool.commonPool-worker-1) s74ef7e82x1963x4c69x8a12x5822fa5c1348 0 40 msb: 1755210233601
lsb: 321

2025-08-14 22:23:57,159 INFO  [io.api.tes.ser.api.KafkaSerdesTester] (ForkJoinPool.commonPool-worker-1) s74ef7e82x1963x4c69x8a12x5822fa5c1348 0 41 msb: 1755210233901
lsb: 321

2025-08-14 22:23:57,159 INFO  [io.api.tes.ser.api.KafkaSerdesTester] (ForkJoinPool.commonPool-worker-1) s74ef7e82x1963x4c69x8a12x5822fa5c1348 0 42 msb: 1755210233902
lsb: 321

2025-08-14 22:23:57,159 INFO  [io.api.tes.ser.api.KafkaSerdesTester] (ForkJoinPool.commonPool-worker-1) s74ef7e82x1963x4c69x8a12x5822fa5c1348 0 43 msb: 1755210233903
lsb: 321

2025-08-14 22:23:57,159 INFO  [io.api.tes.ser.api.KafkaSerdesTester] (ForkJoinPool.commonPool-worker-1) s74ef7e82x1963x4c69x8a12x5822fa5c1348 0 44 msb: 1755210233904
lsb: 321

2025-08-14 22:23:57,159 INFO  [io.api.tes.ser.api.KafkaSerdesTester] (ForkJoinPool.commonPool-worker-1) s74ef7e82x1963x4c69x8a12x5822fa5c1348 0 45 msb: 1755210233905
lsb: 321

2025-08-14 22:23:57,159 INFO  [io.api.tes.ser.api.KafkaSerdesTester] (ForkJoinPool.commonPool-worker-1) s74ef7e82x1963x4c69x8a12x5822fa5c1348 0 46 msb: 1755210233906
lsb: 321

2025-08-14 22:23:57,159 INFO  [io.api.tes.ser.api.KafkaSerdesTester] (ForkJoinPool.commonPool-worker-1) s74ef7e82x1963x4c69x8a12x5822fa5c1348 0 47 msb: 1755210233907
lsb: 321

2025-08-14 22:23:57,159 INFO  [io.api.tes.ser.api.KafkaSerdesTester] (ForkJoinPool.commonPool-worker-1) s74ef7e82x1963x4c69x8a12x5822fa5c1348 0 48 msb: 1755210233907
lsb: 321

2025-08-14 22:23:57,159 INFO  [io.api.tes.ser.api.KafkaSerdesTester] (ForkJoinPool.commonPool-worker-1) s74ef7e82x1963x4c69x8a12x5822fa5c1348 0 49 msb: 1755210233908
lsb: 321

2025-08-14 22:23:57,159 INFO  [io.api.tes.ser.api.KafkaSerdesTester] (ForkJoinPool.commonPool-worker-1) Consumed 10 messages
2025-08-14 22:23:57,166 INFO  [org.apa.kaf.cli.con.int.ConsumerRebalanceListenerInvoker] (ForkJoinPool.commonPool-worker-1) [Consumer clientId=consumer-Consumer-s74ef7e82x1963x4c69x8a12x5822fa5c1348-29, groupId=Consumer-s74ef7e82x1963x4c69x8a12x5822fa5c1348] Revoke previously assigned partitions s74ef7e82x1963x4c69x8a12x5822fa5c1348-0
2025-08-14 22:23:57,166 INFO  [org.apa.kaf.cli.con.int.ConsumerCoordinator] (ForkJoinPool.commonPool-worker-1) [Consumer clientId=consumer-Consumer-s74ef7e82x1963x4c69x8a12x5822fa5c1348-29, groupId=Consumer-s74ef7e82x1963x4c69x8a12x5822fa5c1348] Member consumer-Consumer-s74ef7e82x1963x4c69x8a12x5822fa5c1348-29-1102b03b-9c46-4a62-9a83-d2a7b3e524c3 sending LeaveGroup request to coordinator localhost:32769 (id: 2147483647 rack: null) due to the consumer is being closed
2025-08-14 22:23:57,166 INFO  [org.apa.kaf.cli.con.int.ConsumerCoordinator] (ForkJoinPool.commonPool-worker-1) [Consumer clientId=consumer-Consumer-s74ef7e82x1963x4c69x8a12x5822fa5c1348-29, groupId=Consumer-s74ef7e82x1963x4c69x8a12x5822fa5c1348] Resetting generation and member id due to: consumer pro-actively leaving the group
2025-08-14 22:23:57,167 INFO  [org.apa.kaf.cli.con.int.ConsumerCoordinator] (ForkJoinPool.commonPool-worker-1) [Consumer clientId=consumer-Consumer-s74ef7e82x1963x4c69x8a12x5822fa5c1348-29, groupId=Consumer-s74ef7e82x1963x4c69x8a12x5822fa5c1348] Request joining group due to: consumer pro-actively leaving the group
2025-08-14 22:23:57,661 INFO  [org.apa.kaf.com.met.Metrics] (ForkJoinPool.commonPool-worker-1) Metrics scheduler closed
2025-08-14 22:23:57,661 INFO  [org.apa.kaf.com.met.Metrics] (ForkJoinPool.commonPool-worker-1) Closing reporter org.apache.kafka.common.metrics.JmxReporter
2025-08-14 22:23:57,661 INFO  [org.apa.kaf.com.met.Metrics] (ForkJoinPool.commonPool-worker-1) Closing reporter org.apache.kafka.common.telemetry.internals.ClientTelemetryReporter
2025-08-14 22:23:57,661 INFO  [org.apa.kaf.com.met.Metrics] (ForkJoinPool.commonPool-worker-1) Metrics reporters closed
2025-08-14 22:23:57,663 INFO  [org.apa.kaf.com.uti.AppInfoParser] (ForkJoinPool.commonPool-worker-1) App info kafka.consumer for consumer-Consumer-s74ef7e82x1963x4c69x8a12x5822fa5c1348-29 unregistered
2025-08-14 22:23:57,663 INFO  [io.api.tes.uti.TestSeparator] (main) io.apicurio.tests.serdes.apicurio.ProtobufSerdeIT.testValidation-FINISHED
2025-08-14 22:23:57,663 INFO  [io.api.tes.uti.TestSeparator] (main) ############################################################################
Test passed: testValidation
]]></system-out>
  </testcase>
  <testcase name="testArtifactNotFound" classname="io.apicurio.tests.serdes.apicurio.ProtobufSerdeIT" time="0.002">
    <system-out><![CDATA[2025-08-14 22:23:57,664 INFO  [io.api.tes.uti.TestSeparator] (main) ############################################################################
2025-08-14 22:23:57,664 INFO  [io.api.tes.uti.TestSeparator] (main) io.apicurio.tests.serdes.apicurio.ProtobufSerdeIT.testArtifactNotFound-STARTED
2025-08-14 22:23:57,665 INFO  [io.api.tes.uti.TestSeparator] (main) io.apicurio.tests.serdes.apicurio.ProtobufSerdeIT.testArtifactNotFound-FINISHED
2025-08-14 22:23:57,665 INFO  [io.api.tes.uti.TestSeparator] (main) ############################################################################
Test passed: testArtifactNotFound
]]></system-out>
  </testcase>
  <testcase name="testTopicIdStrategyFindLatest" classname="io.apicurio.tests.serdes.apicurio.ProtobufSerdeIT" time="1.256">
    <system-out><![CDATA[2025-08-14 22:23:57,667 INFO  [io.api.tes.uti.TestSeparator] (main) ############################################################################
2025-08-14 22:23:57,667 INFO  [io.api.tes.uti.TestSeparator] (main) io.apicurio.tests.serdes.apicurio.ProtobufSerdeIT.testTopicIdStrategyFindLatest-STARTED
2025-08-14 22:23:58,922 INFO  [io.api.tes.uti.TestSeparator] (main) io.apicurio.tests.serdes.apicurio.ProtobufSerdeIT.testTopicIdStrategyFindLatest-FINISHED
2025-08-14 22:23:58,922 INFO  [io.api.tes.uti.TestSeparator] (main) ############################################################################
Test passed: testTopicIdStrategyFindLatest
]]></system-out>
  </testcase>
  <testcase name="testWrongSchemaFindLatest" classname="io.apicurio.tests.serdes.apicurio.ProtobufSerdeIT" time="1.182">
    <system-out><![CDATA[2025-08-14 22:23:58,923 INFO  [io.api.tes.uti.TestSeparator] (main) ############################################################################
2025-08-14 22:23:58,923 INFO  [io.api.tes.uti.TestSeparator] (main) io.apicurio.tests.serdes.apicurio.ProtobufSerdeIT.testWrongSchemaFindLatest-STARTED
2025-08-14 22:24:00,104 INFO  [io.api.tes.uti.TestSeparator] (main) io.apicurio.tests.serdes.apicurio.ProtobufSerdeIT.testWrongSchemaFindLatest-FINISHED
2025-08-14 22:24:00,104 INFO  [io.api.tes.uti.TestSeparator] (main) ############################################################################
Test passed: testWrongSchemaFindLatest
]]></system-out>
  </testcase>
  <testcase name="testAutoRegisterDeriveClassProtobufType" classname="io.apicurio.tests.serdes.apicurio.ProtobufSerdeIT" time="5.383">
    <system-out><![CDATA[2025-08-14 22:24:00,105 INFO  [io.api.tes.uti.TestSeparator] (main) ############################################################################
2025-08-14 22:24:00,105 INFO  [io.api.tes.uti.TestSeparator] (main) io.apicurio.tests.serdes.apicurio.ProtobufSerdeIT.testAutoRegisterDeriveClassProtobufType-STARTED
**** Registry Base URL: http://registry-app-ksql043.apps.ci419.apicurio-testing.org:80
2025-08-14 22:24:00,106 INFO  [org.apa.kaf.cli.pro.ProducerConfig] (main) ProducerConfig values: 
	acks = -1
	auto.include.jmx.reporter = true
	batch.size = 16384
	bootstrap.servers = [PLAINTEXT://localhost:32769]
	buffer.memory = 33554432
	client.dns.lookup = use_all_dns_ips
	client.id = Producer-topic-07540ba8_3b6e_4c90_b0d9_03485b9acb51
	compression.gzip.level = -1
	compression.lz4.level = 9
	compression.type = none
	compression.zstd.level = 3
	connections.max.idle.ms = 10000
	delivery.timeout.ms = 120000
	enable.idempotence = true
	enable.metrics.push = true
	interceptor.classes = []
	key.serializer = class org.apache.kafka.common.serialization.StringSerializer
	linger.ms = 0
	max.block.ms = 60000
	max.in.flight.requests.per.connection = 5
	max.request.size = 1048576
	metadata.max.age.ms = 300000
	metadata.max.idle.ms = 300000
	metadata.recovery.strategy = none
	metric.reporters = []
	metrics.num.samples = 2
	metrics.recording.level = INFO
	metrics.sample.window.ms = 30000
	partitioner.adaptive.partitioning.enable = true
	partitioner.availability.timeout.ms = 0
	partitioner.class = null
	partitioner.ignore.keys = false
	receive.buffer.bytes = 32768
	reconnect.backoff.max.ms = 1000
	reconnect.backoff.ms = 50
	request.timeout.ms = 5000
	retries = 2147483647
	retry.backoff.max.ms = 1000
	retry.backoff.ms = 100
	sasl.client.callback.handler.class = null
	sasl.jaas.config = null
	sasl.kerberos.kinit.cmd = /usr/bin/kinit
	sasl.kerberos.min.time.before.relogin = 60000
	sasl.kerberos.service.name = null
	sasl.kerberos.ticket.renew.jitter = 0.05
	sasl.kerberos.ticket.renew.window.factor = 0.8
	sasl.login.callback.handler.class = null
	sasl.login.class = null
	sasl.login.connect.timeout.ms = null
	sasl.login.read.timeout.ms = null
	sasl.login.refresh.buffer.seconds = 300
	sasl.login.refresh.min.period.seconds = 60
	sasl.login.refresh.window.factor = 0.8
	sasl.login.refresh.window.jitter = 0.05
	sasl.login.retry.backoff.max.ms = 10000
	sasl.login.retry.backoff.ms = 100
	sasl.mechanism = GSSAPI
	sasl.oauthbearer.clock.skew.seconds = 30
	sasl.oauthbearer.expected.audience = null
	sasl.oauthbearer.expected.issuer = null
	sasl.oauthbearer.header.urlencode = false
	sasl.oauthbearer.jwks.endpoint.refresh.ms = 3600000
	sasl.oauthbearer.jwks.endpoint.retry.backoff.max.ms = 10000
	sasl.oauthbearer.jwks.endpoint.retry.backoff.ms = 100
	sasl.oauthbearer.jwks.endpoint.url = null
	sasl.oauthbearer.scope.claim.name = scope
	sasl.oauthbearer.sub.claim.name = sub
	sasl.oauthbearer.token.endpoint.url = null
	security.protocol = PLAINTEXT
	security.providers = null
	send.buffer.bytes = 131072
	socket.connection.setup.timeout.max.ms = 30000
	socket.connection.setup.timeout.ms = 10000
	ssl.cipher.suites = null
	ssl.enabled.protocols = [TLSv1.2, TLSv1.3]
	ssl.endpoint.identification.algorithm = https
	ssl.engine.factory.class = null
	ssl.key.password = null
	ssl.keymanager.algorithm = SunX509
	ssl.keystore.certificate.chain = null
	ssl.keystore.key = null
	ssl.keystore.location = null
	ssl.keystore.password = null
	ssl.keystore.type = JKS
	ssl.protocol = TLSv1.3
	ssl.provider = null
	ssl.secure.random.implementation = null
	ssl.trustmanager.algorithm = PKIX
	ssl.truststore.certificates = null
	ssl.truststore.location = null
	ssl.truststore.password = null
	ssl.truststore.type = JKS
	transaction.timeout.ms = 60000
	transactional.id = null
	value.serializer = class io.apicurio.registry.serde.protobuf.ProtobufKafkaSerializer

2025-08-14 22:24:00,106 INFO  [org.apa.kaf.com.tel.int.KafkaMetricsCollector] (main) initializing Kafka metrics collector
2025-08-14 22:24:00,108 INFO  [org.apa.kaf.cli.pro.KafkaProducer] (main) [Producer clientId=Producer-topic-07540ba8_3b6e_4c90_b0d9_03485b9acb51] Instantiated an idempotent producer.
2025-08-14 22:24:00,110 INFO  [org.apa.kaf.cli.pro.ProducerConfig] (main) These configurations '[apicurio.registry.url, apicurio.registry.auto-register, apicurio.registry.artifact-resolver-strategy]' were supplied but are not used yet.
2025-08-14 22:24:00,110 INFO  [org.apa.kaf.com.uti.AppInfoParser] (main) Kafka version: 3.9.1
2025-08-14 22:24:00,110 INFO  [org.apa.kaf.com.uti.AppInfoParser] (main) Kafka commitId: f745dfdcee2b9851
2025-08-14 22:24:00,110 INFO  [org.apa.kaf.com.uti.AppInfoParser] (main) Kafka startTimeMs: 1755210240110
2025-08-14 22:24:00,110 INFO  [io.api.tes.ser.api.SimpleSerdesTesterBuilder$SimpleSerdesTester] (main) Using producer configuration: {apicurio.registry.url=http://registry-app-ksql043.apps.ci419.apicurio-testing.org:80/apis/registry/v3, apicurio.registry.auto-register=true, apicurio.registry.artifact-resolver-strategy=io.apicurio.registry.serde.strategy.TopicIdStrategy, value.serializer=io.apicurio.registry.serde.protobuf.ProtobufKafkaSerializer, request.timeout.ms=5000, acks=all, bootstrap.servers=PLAINTEXT://localhost:32769, connections.max.idle.ms=10000, key.serializer=org.apache.kafka.common.serialization.StringSerializer, client.id=Producer-topic-07540ba8_3b6e_4c90_b0d9_03485b9acb51}
2025-08-14 22:24:00,110 INFO  [io.api.tes.ser.api.SimpleSerdesTesterBuilder$SimpleSerdesTester] (main) Using consumer configuration: {apicurio.protobuf.derive.class=true}
2025-08-14 22:24:00,111 INFO  [io.api.tes.ser.api.KafkaSerdesTester] (ForkJoinPool.commonPool-worker-1) Sending message header {
  time {
  }
}
d1: 1.75521024011E12
s1: "a"
i1: 123
bi1: 1
point {
  longitude: 22.0
  latitude: 22.0
  altitude: 1.0
}
 to topic topic-07540ba8_3b6e_4c90_b0d9_03485b9acb51
2025-08-14 22:24:00,113 WARN  [org.apa.kaf.cli.NetworkClient] (kafka-producer-network-thread | Producer-topic-07540ba8_3b6e_4c90_b0d9_03485b9acb51) [Producer clientId=Producer-topic-07540ba8_3b6e_4c90_b0d9_03485b9acb51] The metadata response from the cluster reported a recoverable issue with correlation id 1 : {topic-07540ba8_3b6e_4c90_b0d9_03485b9acb51=UNKNOWN_TOPIC_OR_PARTITION}
2025-08-14 22:24:00,113 INFO  [org.apa.kaf.cli.Metadata] (kafka-producer-network-thread | Producer-topic-07540ba8_3b6e_4c90_b0d9_03485b9acb51) [Producer clientId=Producer-topic-07540ba8_3b6e_4c90_b0d9_03485b9acb51] Cluster ID: f700RWCeSbOIkrtSe1L4BA
2025-08-14 22:24:00,114 INFO  [org.apa.kaf.cli.pro.int.TransactionManager] (kafka-producer-network-thread | Producer-topic-07540ba8_3b6e_4c90_b0d9_03485b9acb51) [Producer clientId=Producer-topic-07540ba8_3b6e_4c90_b0d9_03485b9acb51] ProducerId set to 40 with epoch 0
2025-08-14 22:24:00,514 INFO  [io.api.tes.ser.api.KafkaSerdesTester] (ForkJoinPool.commonPool-worker-1) Sending message header {
  time {
  }
}
d1: 1.755210240513E12
s1: "a"
i1: 123
bi1: 1
point {
  longitude: 22.0
  latitude: 22.0
  altitude: 1.0
}
 to topic topic-07540ba8_3b6e_4c90_b0d9_03485b9acb51
2025-08-14 22:24:00,607 INFO  [io.api.tes.ser.api.KafkaSerdesTester] (ForkJoinPool.commonPool-worker-1) Sending message header {
  time {
  }
}
d1: 1.755210240607E12
s1: "a"
i1: 123
bi1: 1
point {
  longitude: 22.0
  latitude: 22.0
  altitude: 1.0
}
 to topic topic-07540ba8_3b6e_4c90_b0d9_03485b9acb51
2025-08-14 22:24:00,700 INFO  [io.api.tes.ser.api.KafkaSerdesTester] (ForkJoinPool.commonPool-worker-1) Sending message header {
  time {
  }
}
d1: 1.755210240699E12
s1: "a"
i1: 123
bi1: 1
point {
  longitude: 22.0
  latitude: 22.0
  altitude: 1.0
}
 to topic topic-07540ba8_3b6e_4c90_b0d9_03485b9acb51
2025-08-14 22:24:00,792 INFO  [io.api.tes.ser.api.KafkaSerdesTester] (ForkJoinPool.commonPool-worker-1) Sending message header {
  time {
  }
}
d1: 1.755210240792E12
s1: "a"
i1: 123
bi1: 1
point {
  longitude: 22.0
  latitude: 22.0
  altitude: 1.0
}
 to topic topic-07540ba8_3b6e_4c90_b0d9_03485b9acb51
2025-08-14 22:24:00,886 INFO  [io.api.tes.ser.api.KafkaSerdesTester] (ForkJoinPool.commonPool-worker-1) Sending message header {
  time {
  }
}
d1: 1.755210240886E12
s1: "a"
i1: 123
bi1: 1
point {
  longitude: 22.0
  latitude: 22.0
  altitude: 1.0
}
 to topic topic-07540ba8_3b6e_4c90_b0d9_03485b9acb51
2025-08-14 22:24:00,982 INFO  [io.api.tes.ser.api.KafkaSerdesTester] (ForkJoinPool.commonPool-worker-1) Sending message header {
  time {
  }
}
d1: 1.755210240981E12
s1: "a"
i1: 123
bi1: 1
point {
  longitude: 22.0
  latitude: 22.0
  altitude: 1.0
}
 to topic topic-07540ba8_3b6e_4c90_b0d9_03485b9acb51
2025-08-14 22:24:01,074 INFO  [io.api.tes.ser.api.KafkaSerdesTester] (ForkJoinPool.commonPool-worker-1) Sending message header {
  time {
  }
}
d1: 1.755210241074E12
s1: "a"
i1: 123
bi1: 1
point {
  longitude: 22.0
  latitude: 22.0
  altitude: 1.0
}
 to topic topic-07540ba8_3b6e_4c90_b0d9_03485b9acb51
2025-08-14 22:24:01,166 INFO  [io.api.tes.ser.api.KafkaSerdesTester] (ForkJoinPool.commonPool-worker-1) Sending message header {
  time {
  }
}
d1: 1.755210241166E12
s1: "a"
i1: 123
bi1: 1
point {
  longitude: 22.0
  latitude: 22.0
  altitude: 1.0
}
 to topic topic-07540ba8_3b6e_4c90_b0d9_03485b9acb51
2025-08-14 22:24:01,260 INFO  [io.api.tes.ser.api.KafkaSerdesTester] (ForkJoinPool.commonPool-worker-1) Sending message header {
  time {
  }
}
d1: 1.755210241259E12
s1: "a"
i1: 123
bi1: 1
point {
  longitude: 22.0
  latitude: 22.0
  altitude: 1.0
}
 to topic topic-07540ba8_3b6e_4c90_b0d9_03485b9acb51
2025-08-14 22:24:01,354 INFO  [io.api.tes.ser.api.KafkaSerdesTester] (ForkJoinPool.commonPool-worker-1) Produced 10 messages
2025-08-14 22:24:01,354 INFO  [org.apa.kaf.cli.pro.KafkaProducer] (ForkJoinPool.commonPool-worker-1) [Producer clientId=Producer-topic-07540ba8_3b6e_4c90_b0d9_03485b9acb51] Closing the Kafka producer with timeoutMillis = 9223372036854775807 ms.
2025-08-14 22:24:01,355 INFO  [org.apa.kaf.com.met.Metrics] (ForkJoinPool.commonPool-worker-1) Metrics scheduler closed
2025-08-14 22:24:01,355 INFO  [org.apa.kaf.com.met.Metrics] (ForkJoinPool.commonPool-worker-1) Closing reporter org.apache.kafka.common.metrics.JmxReporter
2025-08-14 22:24:01,355 INFO  [org.apa.kaf.com.met.Metrics] (ForkJoinPool.commonPool-worker-1) Closing reporter org.apache.kafka.common.telemetry.internals.ClientTelemetryReporter
2025-08-14 22:24:01,355 INFO  [org.apa.kaf.com.met.Metrics] (ForkJoinPool.commonPool-worker-1) Metrics reporters closed
2025-08-14 22:24:01,356 INFO  [org.apa.kaf.com.uti.AppInfoParser] (ForkJoinPool.commonPool-worker-1) App info kafka.producer for Producer-topic-07540ba8_3b6e_4c90_b0d9_03485b9acb51 unregistered
**** Registry Base URL: http://registry-app-ksql043.apps.ci419.apicurio-testing.org:80
2025-08-14 22:24:01,496 INFO  [org.apa.kaf.cli.con.ConsumerConfig] (main) ConsumerConfig values: 
	allow.auto.create.topics = true
	auto.commit.interval.ms = 500
	auto.include.jmx.reporter = true
	auto.offset.reset = earliest
	bootstrap.servers = [PLAINTEXT://localhost:32769]
	check.crcs = true
	client.dns.lookup = use_all_dns_ips
	client.id = consumer-Consumer-topic-07540ba8_3b6e_4c90_b0d9_03485b9acb51-30
	client.rack = 
	connections.max.idle.ms = 10000
	default.api.timeout.ms = 60000
	enable.auto.commit = true
	enable.metrics.push = true
	exclude.internal.topics = true
	fetch.max.bytes = 52428800
	fetch.max.wait.ms = 500
	fetch.min.bytes = 1
	group.id = Consumer-topic-07540ba8_3b6e_4c90_b0d9_03485b9acb51
	group.instance.id = null
	group.protocol = classic
	group.remote.assignor = null
	heartbeat.interval.ms = 3000
	interceptor.classes = []
	internal.leave.group.on.close = true
	internal.throw.on.fetch.stable.offset.unsupported = false
	isolation.level = read_uncommitted
	key.deserializer = class org.apache.kafka.common.serialization.StringDeserializer
	max.partition.fetch.bytes = 1048576
	max.poll.interval.ms = 300000
	max.poll.records = 500
	metadata.max.age.ms = 300000
	metadata.recovery.strategy = none
	metric.reporters = []
	metrics.num.samples = 2
	metrics.recording.level = INFO
	metrics.sample.window.ms = 30000
	partition.assignment.strategy = [class org.apache.kafka.clients.consumer.RangeAssignor, class org.apache.kafka.clients.consumer.CooperativeStickyAssignor]
	receive.buffer.bytes = 65536
	reconnect.backoff.max.ms = 1000
	reconnect.backoff.ms = 50
	request.timeout.ms = 5000
	retry.backoff.max.ms = 1000
	retry.backoff.ms = 100
	sasl.client.callback.handler.class = null
	sasl.jaas.config = null
	sasl.kerberos.kinit.cmd = /usr/bin/kinit
	sasl.kerberos.min.time.before.relogin = 60000
	sasl.kerberos.service.name = null
	sasl.kerberos.ticket.renew.jitter = 0.05
	sasl.kerberos.ticket.renew.window.factor = 0.8
	sasl.login.callback.handler.class = null
	sasl.login.class = null
	sasl.login.connect.timeout.ms = null
	sasl.login.read.timeout.ms = null
	sasl.login.refresh.buffer.seconds = 300
	sasl.login.refresh.min.period.seconds = 60
	sasl.login.refresh.window.factor = 0.8
	sasl.login.refresh.window.jitter = 0.05
	sasl.login.retry.backoff.max.ms = 10000
	sasl.login.retry.backoff.ms = 100
	sasl.mechanism = GSSAPI
	sasl.oauthbearer.clock.skew.seconds = 30
	sasl.oauthbearer.expected.audience = null
	sasl.oauthbearer.expected.issuer = null
	sasl.oauthbearer.header.urlencode = false
	sasl.oauthbearer.jwks.endpoint.refresh.ms = 3600000
	sasl.oauthbearer.jwks.endpoint.retry.backoff.max.ms = 10000
	sasl.oauthbearer.jwks.endpoint.retry.backoff.ms = 100
	sasl.oauthbearer.jwks.endpoint.url = null
	sasl.oauthbearer.scope.claim.name = scope
	sasl.oauthbearer.sub.claim.name = sub
	sasl.oauthbearer.token.endpoint.url = null
	security.protocol = PLAINTEXT
	security.providers = null
	send.buffer.bytes = 131072
	session.timeout.ms = 45000
	socket.connection.setup.timeout.max.ms = 30000
	socket.connection.setup.timeout.ms = 10000
	ssl.cipher.suites = null
	ssl.enabled.protocols = [TLSv1.2, TLSv1.3]
	ssl.endpoint.identification.algorithm = https
	ssl.engine.factory.class = null
	ssl.key.password = null
	ssl.keymanager.algorithm = SunX509
	ssl.keystore.certificate.chain = null
	ssl.keystore.key = null
	ssl.keystore.location = null
	ssl.keystore.password = null
	ssl.keystore.type = JKS
	ssl.protocol = TLSv1.3
	ssl.provider = null
	ssl.secure.random.implementation = null
	ssl.trustmanager.algorithm = PKIX
	ssl.truststore.certificates = null
	ssl.truststore.location = null
	ssl.truststore.password = null
	ssl.truststore.type = JKS
	value.deserializer = class io.apicurio.registry.serde.protobuf.ProtobufKafkaDeserializer

2025-08-14 22:24:01,496 INFO  [org.apa.kaf.com.tel.int.KafkaMetricsCollector] (main) initializing Kafka metrics collector
2025-08-14 22:24:01,501 INFO  [org.apa.kaf.cli.con.ConsumerConfig] (main) These configurations '[apicurio.registry.url, apicurio.protobuf.derive.class]' were supplied but are not used yet.
2025-08-14 22:24:01,501 INFO  [org.apa.kaf.com.uti.AppInfoParser] (main) Kafka version: 3.9.1
2025-08-14 22:24:01,501 INFO  [org.apa.kaf.com.uti.AppInfoParser] (main) Kafka commitId: f745dfdcee2b9851
2025-08-14 22:24:01,501 INFO  [org.apa.kaf.com.uti.AppInfoParser] (main) Kafka startTimeMs: 1755210241501
2025-08-14 22:24:01,501 INFO  [org.apa.kaf.cli.con.int.ClassicKafkaConsumer] (ForkJoinPool.commonPool-worker-1) [Consumer clientId=consumer-Consumer-topic-07540ba8_3b6e_4c90_b0d9_03485b9acb51-30, groupId=Consumer-topic-07540ba8_3b6e_4c90_b0d9_03485b9acb51] Subscribed to topic(s): topic-07540ba8_3b6e_4c90_b0d9_03485b9acb51
2025-08-14 22:24:01,503 INFO  [org.apa.kaf.cli.Metadata] (ForkJoinPool.commonPool-worker-1) [Consumer clientId=consumer-Consumer-topic-07540ba8_3b6e_4c90_b0d9_03485b9acb51-30, groupId=Consumer-topic-07540ba8_3b6e_4c90_b0d9_03485b9acb51] Cluster ID: f700RWCeSbOIkrtSe1L4BA
2025-08-14 22:24:01,503 INFO  [org.apa.kaf.cli.con.int.ConsumerCoordinator] (ForkJoinPool.commonPool-worker-1) [Consumer clientId=consumer-Consumer-topic-07540ba8_3b6e_4c90_b0d9_03485b9acb51-30, groupId=Consumer-topic-07540ba8_3b6e_4c90_b0d9_03485b9acb51] Discovered group coordinator localhost:32769 (id: 2147483647 rack: null)
2025-08-14 22:24:01,504 INFO  [org.apa.kaf.cli.con.int.ConsumerCoordinator] (ForkJoinPool.commonPool-worker-1) [Consumer clientId=consumer-Consumer-topic-07540ba8_3b6e_4c90_b0d9_03485b9acb51-30, groupId=Consumer-topic-07540ba8_3b6e_4c90_b0d9_03485b9acb51] (Re-)joining group
2025-08-14 22:24:01,505 INFO  [org.apa.kaf.cli.con.int.ConsumerCoordinator] (ForkJoinPool.commonPool-worker-1) [Consumer clientId=consumer-Consumer-topic-07540ba8_3b6e_4c90_b0d9_03485b9acb51-30, groupId=Consumer-topic-07540ba8_3b6e_4c90_b0d9_03485b9acb51] Request joining group due to: need to re-join with the given member-id: consumer-Consumer-topic-07540ba8_3b6e_4c90_b0d9_03485b9acb51-30-734dd034-d437-457d-a17e-d061e5955ee2
2025-08-14 22:24:01,505 INFO  [org.apa.kaf.cli.con.int.ConsumerCoordinator] (ForkJoinPool.commonPool-worker-1) [Consumer clientId=consumer-Consumer-topic-07540ba8_3b6e_4c90_b0d9_03485b9acb51-30, groupId=Consumer-topic-07540ba8_3b6e_4c90_b0d9_03485b9acb51] (Re-)joining group
2025-08-14 22:24:02,501 INFO  [io.api.tes.ser.api.KafkaSerdesTester] (ForkJoinPool.commonPool-worker-1) None found
2025-08-14 22:24:03,501 INFO  [io.api.tes.ser.api.KafkaSerdesTester] (ForkJoinPool.commonPool-worker-1) None found
2025-08-14 22:24:04,502 INFO  [io.api.tes.ser.api.KafkaSerdesTester] (ForkJoinPool.commonPool-worker-1) None found
2025-08-14 22:24:04,506 INFO  [org.apa.kaf.cli.con.int.ConsumerCoordinator] (ForkJoinPool.commonPool-worker-1) [Consumer clientId=consumer-Consumer-topic-07540ba8_3b6e_4c90_b0d9_03485b9acb51-30, groupId=Consumer-topic-07540ba8_3b6e_4c90_b0d9_03485b9acb51] Successfully joined group with generation Generation{generationId=1, memberId='consumer-Consumer-topic-07540ba8_3b6e_4c90_b0d9_03485b9acb51-30-734dd034-d437-457d-a17e-d061e5955ee2', protocol='range'}
2025-08-14 22:24:04,506 INFO  [org.apa.kaf.cli.con.int.ConsumerCoordinator] (ForkJoinPool.commonPool-worker-1) [Consumer clientId=consumer-Consumer-topic-07540ba8_3b6e_4c90_b0d9_03485b9acb51-30, groupId=Consumer-topic-07540ba8_3b6e_4c90_b0d9_03485b9acb51] Finished assignment for group at generation 1: {consumer-Consumer-topic-07540ba8_3b6e_4c90_b0d9_03485b9acb51-30-734dd034-d437-457d-a17e-d061e5955ee2=Assignment(partitions=[topic-07540ba8_3b6e_4c90_b0d9_03485b9acb51-0])}
2025-08-14 22:24:04,512 INFO  [org.apa.kaf.cli.con.int.ConsumerCoordinator] (ForkJoinPool.commonPool-worker-1) [Consumer clientId=consumer-Consumer-topic-07540ba8_3b6e_4c90_b0d9_03485b9acb51-30, groupId=Consumer-topic-07540ba8_3b6e_4c90_b0d9_03485b9acb51] Successfully synced group in generation Generation{generationId=1, memberId='consumer-Consumer-topic-07540ba8_3b6e_4c90_b0d9_03485b9acb51-30-734dd034-d437-457d-a17e-d061e5955ee2', protocol='range'}
2025-08-14 22:24:04,513 INFO  [org.apa.kaf.cli.con.int.ConsumerCoordinator] (ForkJoinPool.commonPool-worker-1) [Consumer clientId=consumer-Consumer-topic-07540ba8_3b6e_4c90_b0d9_03485b9acb51-30, groupId=Consumer-topic-07540ba8_3b6e_4c90_b0d9_03485b9acb51] Notifying assignor about the new Assignment(partitions=[topic-07540ba8_3b6e_4c90_b0d9_03485b9acb51-0])
2025-08-14 22:24:04,513 INFO  [org.apa.kaf.cli.con.int.ConsumerRebalanceListenerInvoker] (ForkJoinPool.commonPool-worker-1) [Consumer clientId=consumer-Consumer-topic-07540ba8_3b6e_4c90_b0d9_03485b9acb51-30, groupId=Consumer-topic-07540ba8_3b6e_4c90_b0d9_03485b9acb51] Adding newly assigned partitions: topic-07540ba8_3b6e_4c90_b0d9_03485b9acb51-0
2025-08-14 22:24:04,513 INFO  [org.apa.kaf.cli.con.int.ConsumerCoordinator] (ForkJoinPool.commonPool-worker-1) [Consumer clientId=consumer-Consumer-topic-07540ba8_3b6e_4c90_b0d9_03485b9acb51-30, groupId=Consumer-topic-07540ba8_3b6e_4c90_b0d9_03485b9acb51] Found no committed offset for partition topic-07540ba8_3b6e_4c90_b0d9_03485b9acb51-0
2025-08-14 22:24:04,516 INFO  [org.apa.kaf.cli.con.int.SubscriptionState] (ForkJoinPool.commonPool-worker-1) [Consumer clientId=consumer-Consumer-topic-07540ba8_3b6e_4c90_b0d9_03485b9acb51-30, groupId=Consumer-topic-07540ba8_3b6e_4c90_b0d9_03485b9acb51] Resetting offset for partition topic-07540ba8_3b6e_4c90_b0d9_03485b9acb51-0 to position FetchPosition{offset=0, offsetEpoch=Optional.empty, currentLeader=LeaderAndEpoch{leader=Optional[localhost:32769 (id: 0 rack: null)], epoch=0}}.
2025-08-14 22:24:04,911 INFO  [io.api.tes.ser.api.KafkaSerdesTester] (ForkJoinPool.commonPool-worker-1) topic-07540ba8_3b6e_4c90_b0d9_03485b9acb51 0 0 header {
  time {
  }
}
d1: 1.75521024011E12
s1: "a"
i1: 123
bi1: 1
point {
  longitude: 22.0
  latitude: 22.0
  altitude: 1.0
}

2025-08-14 22:24:04,912 INFO  [io.api.tes.ser.api.KafkaSerdesTester] (ForkJoinPool.commonPool-worker-1) topic-07540ba8_3b6e_4c90_b0d9_03485b9acb51 0 1 header {
  time {
  }
}
d1: 1.755210240513E12
s1: "a"
i1: 123
bi1: 1
point {
  longitude: 22.0
  latitude: 22.0
  altitude: 1.0
}

2025-08-14 22:24:04,912 INFO  [io.api.tes.ser.api.KafkaSerdesTester] (ForkJoinPool.commonPool-worker-1) topic-07540ba8_3b6e_4c90_b0d9_03485b9acb51 0 2 header {
  time {
  }
}
d1: 1.755210240607E12
s1: "a"
i1: 123
bi1: 1
point {
  longitude: 22.0
  latitude: 22.0
  altitude: 1.0
}

2025-08-14 22:24:04,912 INFO  [io.api.tes.ser.api.KafkaSerdesTester] (ForkJoinPool.commonPool-worker-1) topic-07540ba8_3b6e_4c90_b0d9_03485b9acb51 0 3 header {
  time {
  }
}
d1: 1.755210240699E12
s1: "a"
i1: 123
bi1: 1
point {
  longitude: 22.0
  latitude: 22.0
  altitude: 1.0
}

2025-08-14 22:24:04,912 INFO  [io.api.tes.ser.api.KafkaSerdesTester] (ForkJoinPool.commonPool-worker-1) topic-07540ba8_3b6e_4c90_b0d9_03485b9acb51 0 4 header {
  time {
  }
}
d1: 1.755210240792E12
s1: "a"
i1: 123
bi1: 1
point {
  longitude: 22.0
  latitude: 22.0
  altitude: 1.0
}

2025-08-14 22:24:04,912 INFO  [io.api.tes.ser.api.KafkaSerdesTester] (ForkJoinPool.commonPool-worker-1) topic-07540ba8_3b6e_4c90_b0d9_03485b9acb51 0 5 header {
  time {
  }
}
d1: 1.755210240886E12
s1: "a"
i1: 123
bi1: 1
point {
  longitude: 22.0
  latitude: 22.0
  altitude: 1.0
}

2025-08-14 22:24:04,912 INFO  [io.api.tes.ser.api.KafkaSerdesTester] (ForkJoinPool.commonPool-worker-1) topic-07540ba8_3b6e_4c90_b0d9_03485b9acb51 0 6 header {
  time {
  }
}
d1: 1.755210240981E12
s1: "a"
i1: 123
bi1: 1
point {
  longitude: 22.0
  latitude: 22.0
  altitude: 1.0
}

2025-08-14 22:24:04,912 INFO  [io.api.tes.ser.api.KafkaSerdesTester] (ForkJoinPool.commonPool-worker-1) topic-07540ba8_3b6e_4c90_b0d9_03485b9acb51 0 7 header {
  time {
  }
}
d1: 1.755210241074E12
s1: "a"
i1: 123
bi1: 1
point {
  longitude: 22.0
  latitude: 22.0
  altitude: 1.0
}

2025-08-14 22:24:04,912 INFO  [io.api.tes.ser.api.KafkaSerdesTester] (ForkJoinPool.commonPool-worker-1) topic-07540ba8_3b6e_4c90_b0d9_03485b9acb51 0 8 header {
  time {
  }
}
d1: 1.755210241166E12
s1: "a"
i1: 123
bi1: 1
point {
  longitude: 22.0
  latitude: 22.0
  altitude: 1.0
}

2025-08-14 22:24:04,912 INFO  [io.api.tes.ser.api.KafkaSerdesTester] (ForkJoinPool.commonPool-worker-1) topic-07540ba8_3b6e_4c90_b0d9_03485b9acb51 0 9 header {
  time {
  }
}
d1: 1.755210241259E12
s1: "a"
i1: 123
bi1: 1
point {
  longitude: 22.0
  latitude: 22.0
  altitude: 1.0
}

2025-08-14 22:24:04,912 INFO  [io.api.tes.ser.api.KafkaSerdesTester] (ForkJoinPool.commonPool-worker-1) Consumed 10 messages
2025-08-14 22:24:04,919 INFO  [org.apa.kaf.cli.con.int.ConsumerRebalanceListenerInvoker] (ForkJoinPool.commonPool-worker-1) [Consumer clientId=consumer-Consumer-topic-07540ba8_3b6e_4c90_b0d9_03485b9acb51-30, groupId=Consumer-topic-07540ba8_3b6e_4c90_b0d9_03485b9acb51] Revoke previously assigned partitions topic-07540ba8_3b6e_4c90_b0d9_03485b9acb51-0
2025-08-14 22:24:04,919 INFO  [org.apa.kaf.cli.con.int.ConsumerCoordinator] (ForkJoinPool.commonPool-worker-1) [Consumer clientId=consumer-Consumer-topic-07540ba8_3b6e_4c90_b0d9_03485b9acb51-30, groupId=Consumer-topic-07540ba8_3b6e_4c90_b0d9_03485b9acb51] Member consumer-Consumer-topic-07540ba8_3b6e_4c90_b0d9_03485b9acb51-30-734dd034-d437-457d-a17e-d061e5955ee2 sending LeaveGroup request to coordinator localhost:32769 (id: 2147483647 rack: null) due to the consumer is being closed
2025-08-14 22:24:04,919 INFO  [org.apa.kaf.cli.con.int.ConsumerCoordinator] (ForkJoinPool.commonPool-worker-1) [Consumer clientId=consumer-Consumer-topic-07540ba8_3b6e_4c90_b0d9_03485b9acb51-30, groupId=Consumer-topic-07540ba8_3b6e_4c90_b0d9_03485b9acb51] Resetting generation and member id due to: consumer pro-actively leaving the group
2025-08-14 22:24:04,919 INFO  [org.apa.kaf.cli.con.int.ConsumerCoordinator] (ForkJoinPool.commonPool-worker-1) [Consumer clientId=consumer-Consumer-topic-07540ba8_3b6e_4c90_b0d9_03485b9acb51-30, groupId=Consumer-topic-07540ba8_3b6e_4c90_b0d9_03485b9acb51] Request joining group due to: consumer pro-actively leaving the group
2025-08-14 22:24:05,413 INFO  [org.apa.kaf.com.met.Metrics] (ForkJoinPool.commonPool-worker-1) Metrics scheduler closed
2025-08-14 22:24:05,413 INFO  [org.apa.kaf.com.met.Metrics] (ForkJoinPool.commonPool-worker-1) Closing reporter org.apache.kafka.common.metrics.JmxReporter
2025-08-14 22:24:05,413 INFO  [org.apa.kaf.com.met.Metrics] (ForkJoinPool.commonPool-worker-1) Closing reporter org.apache.kafka.common.telemetry.internals.ClientTelemetryReporter
2025-08-14 22:24:05,414 INFO  [org.apa.kaf.com.met.Metrics] (ForkJoinPool.commonPool-worker-1) Metrics reporters closed
2025-08-14 22:24:05,415 INFO  [org.apa.kaf.com.uti.AppInfoParser] (ForkJoinPool.commonPool-worker-1) App info kafka.consumer for consumer-Consumer-topic-07540ba8_3b6e_4c90_b0d9_03485b9acb51-30 unregistered
2025-08-14 22:24:05,487 INFO  [io.api.tes.uti.TestSeparator] (main) io.apicurio.tests.serdes.apicurio.ProtobufSerdeIT.testAutoRegisterDeriveClassProtobufType-FINISHED
2025-08-14 22:24:05,487 INFO  [io.api.tes.uti.TestSeparator] (main) ############################################################################
Test passed: testAutoRegisterDeriveClassProtobufType
]]></system-out>
  </testcase>
  <testcase name="testConsumeReturnSpecificClass" classname="io.apicurio.tests.serdes.apicurio.ProtobufSerdeIT" time="1.181">
    <system-out><![CDATA[2025-08-14 22:24:05,488 INFO  [io.api.tes.uti.TestSeparator] (main) ############################################################################
2025-08-14 22:24:05,488 INFO  [io.api.tes.uti.TestSeparator] (main) io.apicurio.tests.serdes.apicurio.ProtobufSerdeIT.testConsumeReturnSpecificClass-STARTED
2025-08-14 22:24:06,668 INFO  [io.api.tes.uti.TestSeparator] (main) io.apicurio.tests.serdes.apicurio.ProtobufSerdeIT.testConsumeReturnSpecificClass-FINISHED
2025-08-14 22:24:06,668 INFO  [io.api.tes.uti.TestSeparator] (main) ############################################################################
Test passed: testConsumeReturnSpecificClass
]]></system-out>
  </testcase>
  <testcase name="testFindLatestSpecificProtobufType" classname="io.apicurio.tests.serdes.apicurio.ProtobufSerdeIT" time="1.182">
    <system-out><![CDATA[2025-08-14 22:24:06,670 INFO  [io.api.tes.uti.TestSeparator] (main) ############################################################################
2025-08-14 22:24:06,670 INFO  [io.api.tes.uti.TestSeparator] (main) io.apicurio.tests.serdes.apicurio.ProtobufSerdeIT.testFindLatestSpecificProtobufType-STARTED
2025-08-14 22:24:07,851 INFO  [io.api.tes.uti.TestSeparator] (main) io.apicurio.tests.serdes.apicurio.ProtobufSerdeIT.testFindLatestSpecificProtobufType-FINISHED
2025-08-14 22:24:07,851 INFO  [io.api.tes.uti.TestSeparator] (main) ############################################################################
Test passed: testFindLatestSpecificProtobufType
]]></system-out>
  </testcase>
  <testcase name="testFindLatestDynamicMessageProtobufType" classname="io.apicurio.tests.serdes.apicurio.ProtobufSerdeIT" time="5.423">
    <system-out><![CDATA[2025-08-14 22:24:07,852 INFO  [io.api.tes.uti.TestSeparator] (main) ############################################################################
2025-08-14 22:24:07,852 INFO  [io.api.tes.uti.TestSeparator] (main) io.apicurio.tests.serdes.apicurio.ProtobufSerdeIT.testFindLatestDynamicMessageProtobufType-STARTED
**** Registry Base URL: http://registry-app-ksql043.apps.ci419.apicurio-testing.org:80
2025-08-14 22:24:09,033 INFO  [org.apa.kaf.cli.pro.ProducerConfig] (main) ProducerConfig values: 
	acks = -1
	auto.include.jmx.reporter = true
	batch.size = 16384
	bootstrap.servers = [PLAINTEXT://localhost:32769]
	buffer.memory = 33554432
	client.dns.lookup = use_all_dns_ips
	client.id = Producer-topic-820766c6_8d4c_4a7d_87ab_9e1e94d074bc
	compression.gzip.level = -1
	compression.lz4.level = 9
	compression.type = none
	compression.zstd.level = 3
	connections.max.idle.ms = 10000
	delivery.timeout.ms = 120000
	enable.idempotence = true
	enable.metrics.push = true
	interceptor.classes = []
	key.serializer = class org.apache.kafka.common.serialization.StringSerializer
	linger.ms = 0
	max.block.ms = 60000
	max.in.flight.requests.per.connection = 5
	max.request.size = 1048576
	metadata.max.age.ms = 300000
	metadata.max.idle.ms = 300000
	metadata.recovery.strategy = none
	metric.reporters = []
	metrics.num.samples = 2
	metrics.recording.level = INFO
	metrics.sample.window.ms = 30000
	partitioner.adaptive.partitioning.enable = true
	partitioner.availability.timeout.ms = 0
	partitioner.class = null
	partitioner.ignore.keys = false
	receive.buffer.bytes = 32768
	reconnect.backoff.max.ms = 1000
	reconnect.backoff.ms = 50
	request.timeout.ms = 5000
	retries = 2147483647
	retry.backoff.max.ms = 1000
	retry.backoff.ms = 100
	sasl.client.callback.handler.class = null
	sasl.jaas.config = null
	sasl.kerberos.kinit.cmd = /usr/bin/kinit
	sasl.kerberos.min.time.before.relogin = 60000
	sasl.kerberos.service.name = null
	sasl.kerberos.ticket.renew.jitter = 0.05
	sasl.kerberos.ticket.renew.window.factor = 0.8
	sasl.login.callback.handler.class = null
	sasl.login.class = null
	sasl.login.connect.timeout.ms = null
	sasl.login.read.timeout.ms = null
	sasl.login.refresh.buffer.seconds = 300
	sasl.login.refresh.min.period.seconds = 60
	sasl.login.refresh.window.factor = 0.8
	sasl.login.refresh.window.jitter = 0.05
	sasl.login.retry.backoff.max.ms = 10000
	sasl.login.retry.backoff.ms = 100
	sasl.mechanism = GSSAPI
	sasl.oauthbearer.clock.skew.seconds = 30
	sasl.oauthbearer.expected.audience = null
	sasl.oauthbearer.expected.issuer = null
	sasl.oauthbearer.header.urlencode = false
	sasl.oauthbearer.jwks.endpoint.refresh.ms = 3600000
	sasl.oauthbearer.jwks.endpoint.retry.backoff.max.ms = 10000
	sasl.oauthbearer.jwks.endpoint.retry.backoff.ms = 100
	sasl.oauthbearer.jwks.endpoint.url = null
	sasl.oauthbearer.scope.claim.name = scope
	sasl.oauthbearer.sub.claim.name = sub
	sasl.oauthbearer.token.endpoint.url = null
	security.protocol = PLAINTEXT
	security.providers = null
	send.buffer.bytes = 131072
	socket.connection.setup.timeout.max.ms = 30000
	socket.connection.setup.timeout.ms = 10000
	ssl.cipher.suites = null
	ssl.enabled.protocols = [TLSv1.2, TLSv1.3]
	ssl.endpoint.identification.algorithm = https
	ssl.engine.factory.class = null
	ssl.key.password = null
	ssl.keymanager.algorithm = SunX509
	ssl.keystore.certificate.chain = null
	ssl.keystore.key = null
	ssl.keystore.location = null
	ssl.keystore.password = null
	ssl.keystore.type = JKS
	ssl.protocol = TLSv1.3
	ssl.provider = null
	ssl.secure.random.implementation = null
	ssl.trustmanager.algorithm = PKIX
	ssl.truststore.certificates = null
	ssl.truststore.location = null
	ssl.truststore.password = null
	ssl.truststore.type = JKS
	transaction.timeout.ms = 60000
	transactional.id = null
	value.serializer = class io.apicurio.registry.serde.protobuf.ProtobufKafkaSerializer

2025-08-14 22:24:09,033 INFO  [org.apa.kaf.com.tel.int.KafkaMetricsCollector] (main) initializing Kafka metrics collector
2025-08-14 22:24:09,035 INFO  [org.apa.kaf.cli.pro.KafkaProducer] (main) [Producer clientId=Producer-topic-820766c6_8d4c_4a7d_87ab_9e1e94d074bc] Instantiated an idempotent producer.
2025-08-14 22:24:09,036 INFO  [org.apa.kaf.cli.pro.ProducerConfig] (main) These configurations '[apicurio.registry.find-latest, apicurio.registry.url, apicurio.registry.artifact-resolver-strategy]' were supplied but are not used yet.
2025-08-14 22:24:09,036 INFO  [org.apa.kaf.com.uti.AppInfoParser] (main) Kafka version: 3.9.1
2025-08-14 22:24:09,036 INFO  [org.apa.kaf.com.uti.AppInfoParser] (main) Kafka commitId: f745dfdcee2b9851
2025-08-14 22:24:09,036 INFO  [org.apa.kaf.com.uti.AppInfoParser] (main) Kafka startTimeMs: 1755210249036
2025-08-14 22:24:09,036 INFO  [io.api.tes.ser.api.SimpleSerdesTesterBuilder$SimpleSerdesTester] (main) Using producer configuration: {apicurio.registry.find-latest=true, apicurio.registry.url=http://registry-app-ksql043.apps.ci419.apicurio-testing.org:80/apis/registry/v3, apicurio.registry.artifact-resolver-strategy=io.apicurio.registry.serde.strategy.SimpleTopicIdStrategy, value.serializer=io.apicurio.registry.serde.protobuf.ProtobufKafkaSerializer, request.timeout.ms=5000, acks=all, bootstrap.servers=PLAINTEXT://localhost:32769, connections.max.idle.ms=10000, key.serializer=org.apache.kafka.common.serialization.StringSerializer, client.id=Producer-topic-820766c6_8d4c_4a7d_87ab_9e1e94d074bc}
2025-08-14 22:24:09,036 INFO  [io.api.tes.ser.api.SimpleSerdesTesterBuilder$SimpleSerdesTester] (main) Using consumer configuration: {apicurio.registry.deserializer.value.return-class=com.google.protobuf.DynamicMessage}
2025-08-14 22:24:09,037 INFO  [io.api.tes.ser.api.KafkaSerdesTester] (ForkJoinPool.commonPool-worker-1) Sending message header {
  time {
  }
}
d1: 1.755210249036E12
s1: "a"
i1: 123
bi1: 1
point {
  longitude: 22.0
  latitude: 22.0
  altitude: 1.0
}
 to topic topic-820766c6_8d4c_4a7d_87ab_9e1e94d074bc
2025-08-14 22:24:09,039 INFO  [org.apa.kaf.cli.Metadata] (kafka-producer-network-thread | Producer-topic-820766c6_8d4c_4a7d_87ab_9e1e94d074bc) [Producer clientId=Producer-topic-820766c6_8d4c_4a7d_87ab_9e1e94d074bc] Cluster ID: f700RWCeSbOIkrtSe1L4BA
2025-08-14 22:24:09,039 INFO  [org.apa.kaf.cli.pro.int.TransactionManager] (kafka-producer-network-thread | Producer-topic-820766c6_8d4c_4a7d_87ab_9e1e94d074bc) [Producer clientId=Producer-topic-820766c6_8d4c_4a7d_87ab_9e1e94d074bc] ProducerId set to 41 with epoch 0
2025-08-14 22:24:09,474 INFO  [io.api.tes.ser.api.KafkaSerdesTester] (ForkJoinPool.commonPool-worker-1) Sending message header {
  time {
  }
}
d1: 1.755210249473E12
s1: "a"
i1: 123
bi1: 1
point {
  longitude: 22.0
  latitude: 22.0
  altitude: 1.0
}
 to topic topic-820766c6_8d4c_4a7d_87ab_9e1e94d074bc
2025-08-14 22:24:09,475 INFO  [io.api.tes.ser.api.KafkaSerdesTester] (ForkJoinPool.commonPool-worker-1) Sending message header {
  time {
  }
}
d1: 1.755210249475E12
s1: "a"
i1: 123
bi1: 1
point {
  longitude: 22.0
  latitude: 22.0
  altitude: 1.0
}
 to topic topic-820766c6_8d4c_4a7d_87ab_9e1e94d074bc
2025-08-14 22:24:09,476 INFO  [io.api.tes.ser.api.KafkaSerdesTester] (ForkJoinPool.commonPool-worker-1) Sending message header {
  time {
  }
}
d1: 1.755210249476E12
s1: "a"
i1: 123
bi1: 1
point {
  longitude: 22.0
  latitude: 22.0
  altitude: 1.0
}
 to topic topic-820766c6_8d4c_4a7d_87ab_9e1e94d074bc
2025-08-14 22:24:09,479 INFO  [io.api.tes.ser.api.KafkaSerdesTester] (ForkJoinPool.commonPool-worker-1) Sending message header {
  time {
  }
}
d1: 1.755210249479E12
s1: "a"
i1: 123
bi1: 1
point {
  longitude: 22.0
  latitude: 22.0
  altitude: 1.0
}
 to topic topic-820766c6_8d4c_4a7d_87ab_9e1e94d074bc
2025-08-14 22:24:09,482 INFO  [io.api.tes.ser.api.KafkaSerdesTester] (ForkJoinPool.commonPool-worker-1) Sending message header {
  time {
  }
}
d1: 1.755210249482E12
s1: "a"
i1: 123
bi1: 1
point {
  longitude: 22.0
  latitude: 22.0
  altitude: 1.0
}
 to topic topic-820766c6_8d4c_4a7d_87ab_9e1e94d074bc
2025-08-14 22:24:09,483 INFO  [io.api.tes.ser.api.KafkaSerdesTester] (ForkJoinPool.commonPool-worker-1) Sending message header {
  time {
  }
}
d1: 1.755210249483E12
s1: "a"
i1: 123
bi1: 1
point {
  longitude: 22.0
  latitude: 22.0
  altitude: 1.0
}
 to topic topic-820766c6_8d4c_4a7d_87ab_9e1e94d074bc
2025-08-14 22:24:09,484 INFO  [io.api.tes.ser.api.KafkaSerdesTester] (ForkJoinPool.commonPool-worker-1) Sending message header {
  time {
  }
}
d1: 1.755210249484E12
s1: "a"
i1: 123
bi1: 1
point {
  longitude: 22.0
  latitude: 22.0
  altitude: 1.0
}
 to topic topic-820766c6_8d4c_4a7d_87ab_9e1e94d074bc
2025-08-14 22:24:09,485 INFO  [io.api.tes.ser.api.KafkaSerdesTester] (ForkJoinPool.commonPool-worker-1) Sending message header {
  time {
  }
}
d1: 1.755210249485E12
s1: "a"
i1: 123
bi1: 1
point {
  longitude: 22.0
  latitude: 22.0
  altitude: 1.0
}
 to topic topic-820766c6_8d4c_4a7d_87ab_9e1e94d074bc
2025-08-14 22:24:09,486 INFO  [io.api.tes.ser.api.KafkaSerdesTester] (ForkJoinPool.commonPool-worker-1) Sending message header {
  time {
  }
}
d1: 1.755210249486E12
s1: "a"
i1: 123
bi1: 1
point {
  longitude: 22.0
  latitude: 22.0
  altitude: 1.0
}
 to topic topic-820766c6_8d4c_4a7d_87ab_9e1e94d074bc
2025-08-14 22:24:09,487 INFO  [io.api.tes.ser.api.KafkaSerdesTester] (ForkJoinPool.commonPool-worker-1) Produced 10 messages
2025-08-14 22:24:09,487 INFO  [org.apa.kaf.cli.pro.KafkaProducer] (ForkJoinPool.commonPool-worker-1) [Producer clientId=Producer-topic-820766c6_8d4c_4a7d_87ab_9e1e94d074bc] Closing the Kafka producer with timeoutMillis = 9223372036854775807 ms.
2025-08-14 22:24:09,488 INFO  [org.apa.kaf.com.met.Metrics] (ForkJoinPool.commonPool-worker-1) Metrics scheduler closed
2025-08-14 22:24:09,488 INFO  [org.apa.kaf.com.met.Metrics] (ForkJoinPool.commonPool-worker-1) Closing reporter org.apache.kafka.common.metrics.JmxReporter
2025-08-14 22:24:09,488 INFO  [org.apa.kaf.com.met.Metrics] (ForkJoinPool.commonPool-worker-1) Closing reporter org.apache.kafka.common.telemetry.internals.ClientTelemetryReporter
2025-08-14 22:24:09,488 INFO  [org.apa.kaf.com.met.Metrics] (ForkJoinPool.commonPool-worker-1) Metrics reporters closed
2025-08-14 22:24:09,488 INFO  [org.apa.kaf.com.uti.AppInfoParser] (ForkJoinPool.commonPool-worker-1) App info kafka.producer for Producer-topic-820766c6_8d4c_4a7d_87ab_9e1e94d074bc unregistered
**** Registry Base URL: http://registry-app-ksql043.apps.ci419.apicurio-testing.org:80
2025-08-14 22:24:09,489 INFO  [org.apa.kaf.cli.con.ConsumerConfig] (main) ConsumerConfig values: 
	allow.auto.create.topics = true
	auto.commit.interval.ms = 500
	auto.include.jmx.reporter = true
	auto.offset.reset = earliest
	bootstrap.servers = [PLAINTEXT://localhost:32769]
	check.crcs = true
	client.dns.lookup = use_all_dns_ips
	client.id = consumer-Consumer-topic-820766c6_8d4c_4a7d_87ab_9e1e94d074bc-31
	client.rack = 
	connections.max.idle.ms = 10000
	default.api.timeout.ms = 60000
	enable.auto.commit = true
	enable.metrics.push = true
	exclude.internal.topics = true
	fetch.max.bytes = 52428800
	fetch.max.wait.ms = 500
	fetch.min.bytes = 1
	group.id = Consumer-topic-820766c6_8d4c_4a7d_87ab_9e1e94d074bc
	group.instance.id = null
	group.protocol = classic
	group.remote.assignor = null
	heartbeat.interval.ms = 3000
	interceptor.classes = []
	internal.leave.group.on.close = true
	internal.throw.on.fetch.stable.offset.unsupported = false
	isolation.level = read_uncommitted
	key.deserializer = class org.apache.kafka.common.serialization.StringDeserializer
	max.partition.fetch.bytes = 1048576
	max.poll.interval.ms = 300000
	max.poll.records = 500
	metadata.max.age.ms = 300000
	metadata.recovery.strategy = none
	metric.reporters = []
	metrics.num.samples = 2
	metrics.recording.level = INFO
	metrics.sample.window.ms = 30000
	partition.assignment.strategy = [class org.apache.kafka.clients.consumer.RangeAssignor, class org.apache.kafka.clients.consumer.CooperativeStickyAssignor]
	receive.buffer.bytes = 65536
	reconnect.backoff.max.ms = 1000
	reconnect.backoff.ms = 50
	request.timeout.ms = 5000
	retry.backoff.max.ms = 1000
	retry.backoff.ms = 100
	sasl.client.callback.handler.class = null
	sasl.jaas.config = null
	sasl.kerberos.kinit.cmd = /usr/bin/kinit
	sasl.kerberos.min.time.before.relogin = 60000
	sasl.kerberos.service.name = null
	sasl.kerberos.ticket.renew.jitter = 0.05
	sasl.kerberos.ticket.renew.window.factor = 0.8
	sasl.login.callback.handler.class = null
	sasl.login.class = null
	sasl.login.connect.timeout.ms = null
	sasl.login.read.timeout.ms = null
	sasl.login.refresh.buffer.seconds = 300
	sasl.login.refresh.min.period.seconds = 60
	sasl.login.refresh.window.factor = 0.8
	sasl.login.refresh.window.jitter = 0.05
	sasl.login.retry.backoff.max.ms = 10000
	sasl.login.retry.backoff.ms = 100
	sasl.mechanism = GSSAPI
	sasl.oauthbearer.clock.skew.seconds = 30
	sasl.oauthbearer.expected.audience = null
	sasl.oauthbearer.expected.issuer = null
	sasl.oauthbearer.header.urlencode = false
	sasl.oauthbearer.jwks.endpoint.refresh.ms = 3600000
	sasl.oauthbearer.jwks.endpoint.retry.backoff.max.ms = 10000
	sasl.oauthbearer.jwks.endpoint.retry.backoff.ms = 100
	sasl.oauthbearer.jwks.endpoint.url = null
	sasl.oauthbearer.scope.claim.name = scope
	sasl.oauthbearer.sub.claim.name = sub
	sasl.oauthbearer.token.endpoint.url = null
	security.protocol = PLAINTEXT
	security.providers = null
	send.buffer.bytes = 131072
	session.timeout.ms = 45000
	socket.connection.setup.timeout.max.ms = 30000
	socket.connection.setup.timeout.ms = 10000
	ssl.cipher.suites = null
	ssl.enabled.protocols = [TLSv1.2, TLSv1.3]
	ssl.endpoint.identification.algorithm = https
	ssl.engine.factory.class = null
	ssl.key.password = null
	ssl.keymanager.algorithm = SunX509
	ssl.keystore.certificate.chain = null
	ssl.keystore.key = null
	ssl.keystore.location = null
	ssl.keystore.password = null
	ssl.keystore.type = JKS
	ssl.protocol = TLSv1.3
	ssl.provider = null
	ssl.secure.random.implementation = null
	ssl.trustmanager.algorithm = PKIX
	ssl.truststore.certificates = null
	ssl.truststore.location = null
	ssl.truststore.password = null
	ssl.truststore.type = JKS
	value.deserializer = class io.apicurio.registry.serde.protobuf.ProtobufKafkaDeserializer

2025-08-14 22:24:09,489 INFO  [org.apa.kaf.com.tel.int.KafkaMetricsCollector] (main) initializing Kafka metrics collector
2025-08-14 22:24:09,493 INFO  [org.apa.kaf.cli.con.ConsumerConfig] (main) These configurations '[apicurio.registry.deserializer.value.return-class, apicurio.registry.url]' were supplied but are not used yet.
2025-08-14 22:24:09,493 INFO  [org.apa.kaf.com.uti.AppInfoParser] (main) Kafka version: 3.9.1
2025-08-14 22:24:09,493 INFO  [org.apa.kaf.com.uti.AppInfoParser] (main) Kafka commitId: f745dfdcee2b9851
2025-08-14 22:24:09,493 INFO  [org.apa.kaf.com.uti.AppInfoParser] (main) Kafka startTimeMs: 1755210249493
2025-08-14 22:24:09,494 INFO  [org.apa.kaf.cli.con.int.ClassicKafkaConsumer] (ForkJoinPool.commonPool-worker-1) [Consumer clientId=consumer-Consumer-topic-820766c6_8d4c_4a7d_87ab_9e1e94d074bc-31, groupId=Consumer-topic-820766c6_8d4c_4a7d_87ab_9e1e94d074bc] Subscribed to topic(s): topic-820766c6_8d4c_4a7d_87ab_9e1e94d074bc
2025-08-14 22:24:09,496 INFO  [org.apa.kaf.cli.Metadata] (ForkJoinPool.commonPool-worker-1) [Consumer clientId=consumer-Consumer-topic-820766c6_8d4c_4a7d_87ab_9e1e94d074bc-31, groupId=Consumer-topic-820766c6_8d4c_4a7d_87ab_9e1e94d074bc] Cluster ID: f700RWCeSbOIkrtSe1L4BA
2025-08-14 22:24:09,496 INFO  [org.apa.kaf.cli.con.int.ConsumerCoordinator] (ForkJoinPool.commonPool-worker-1) [Consumer clientId=consumer-Consumer-topic-820766c6_8d4c_4a7d_87ab_9e1e94d074bc-31, groupId=Consumer-topic-820766c6_8d4c_4a7d_87ab_9e1e94d074bc] Discovered group coordinator localhost:32769 (id: 2147483647 rack: null)
2025-08-14 22:24:09,497 INFO  [org.apa.kaf.cli.con.int.ConsumerCoordinator] (ForkJoinPool.commonPool-worker-1) [Consumer clientId=consumer-Consumer-topic-820766c6_8d4c_4a7d_87ab_9e1e94d074bc-31, groupId=Consumer-topic-820766c6_8d4c_4a7d_87ab_9e1e94d074bc] (Re-)joining group
2025-08-14 22:24:09,498 INFO  [org.apa.kaf.cli.con.int.ConsumerCoordinator] (ForkJoinPool.commonPool-worker-1) [Consumer clientId=consumer-Consumer-topic-820766c6_8d4c_4a7d_87ab_9e1e94d074bc-31, groupId=Consumer-topic-820766c6_8d4c_4a7d_87ab_9e1e94d074bc] Request joining group due to: need to re-join with the given member-id: consumer-Consumer-topic-820766c6_8d4c_4a7d_87ab_9e1e94d074bc-31-ae8bc8dd-3acf-49f4-8280-774efa27465f
2025-08-14 22:24:09,498 INFO  [org.apa.kaf.cli.con.int.ConsumerCoordinator] (ForkJoinPool.commonPool-worker-1) [Consumer clientId=consumer-Consumer-topic-820766c6_8d4c_4a7d_87ab_9e1e94d074bc-31, groupId=Consumer-topic-820766c6_8d4c_4a7d_87ab_9e1e94d074bc] (Re-)joining group
2025-08-14 22:24:10,494 INFO  [io.api.tes.ser.api.KafkaSerdesTester] (ForkJoinPool.commonPool-worker-1) None found
2025-08-14 22:24:11,494 INFO  [io.api.tes.ser.api.KafkaSerdesTester] (ForkJoinPool.commonPool-worker-1) None found
2025-08-14 22:24:12,495 INFO  [io.api.tes.ser.api.KafkaSerdesTester] (ForkJoinPool.commonPool-worker-1) None found
2025-08-14 22:24:12,500 INFO  [org.apa.kaf.cli.con.int.ConsumerCoordinator] (ForkJoinPool.commonPool-worker-1) [Consumer clientId=consumer-Consumer-topic-820766c6_8d4c_4a7d_87ab_9e1e94d074bc-31, groupId=Consumer-topic-820766c6_8d4c_4a7d_87ab_9e1e94d074bc] Successfully joined group with generation Generation{generationId=1, memberId='consumer-Consumer-topic-820766c6_8d4c_4a7d_87ab_9e1e94d074bc-31-ae8bc8dd-3acf-49f4-8280-774efa27465f', protocol='range'}
2025-08-14 22:24:12,500 INFO  [org.apa.kaf.cli.con.int.ConsumerCoordinator] (ForkJoinPool.commonPool-worker-1) [Consumer clientId=consumer-Consumer-topic-820766c6_8d4c_4a7d_87ab_9e1e94d074bc-31, groupId=Consumer-topic-820766c6_8d4c_4a7d_87ab_9e1e94d074bc] Finished assignment for group at generation 1: {consumer-Consumer-topic-820766c6_8d4c_4a7d_87ab_9e1e94d074bc-31-ae8bc8dd-3acf-49f4-8280-774efa27465f=Assignment(partitions=[topic-820766c6_8d4c_4a7d_87ab_9e1e94d074bc-0])}
2025-08-14 22:24:12,506 INFO  [org.apa.kaf.cli.con.int.ConsumerCoordinator] (ForkJoinPool.commonPool-worker-1) [Consumer clientId=consumer-Consumer-topic-820766c6_8d4c_4a7d_87ab_9e1e94d074bc-31, groupId=Consumer-topic-820766c6_8d4c_4a7d_87ab_9e1e94d074bc] Successfully synced group in generation Generation{generationId=1, memberId='consumer-Consumer-topic-820766c6_8d4c_4a7d_87ab_9e1e94d074bc-31-ae8bc8dd-3acf-49f4-8280-774efa27465f', protocol='range'}
2025-08-14 22:24:12,507 INFO  [org.apa.kaf.cli.con.int.ConsumerCoordinator] (ForkJoinPool.commonPool-worker-1) [Consumer clientId=consumer-Consumer-topic-820766c6_8d4c_4a7d_87ab_9e1e94d074bc-31, groupId=Consumer-topic-820766c6_8d4c_4a7d_87ab_9e1e94d074bc] Notifying assignor about the new Assignment(partitions=[topic-820766c6_8d4c_4a7d_87ab_9e1e94d074bc-0])
2025-08-14 22:24:12,507 INFO  [org.apa.kaf.cli.con.int.ConsumerRebalanceListenerInvoker] (ForkJoinPool.commonPool-worker-1) [Consumer clientId=consumer-Consumer-topic-820766c6_8d4c_4a7d_87ab_9e1e94d074bc-31, groupId=Consumer-topic-820766c6_8d4c_4a7d_87ab_9e1e94d074bc] Adding newly assigned partitions: topic-820766c6_8d4c_4a7d_87ab_9e1e94d074bc-0
2025-08-14 22:24:12,507 INFO  [org.apa.kaf.cli.con.int.ConsumerCoordinator] (ForkJoinPool.commonPool-worker-1) [Consumer clientId=consumer-Consumer-topic-820766c6_8d4c_4a7d_87ab_9e1e94d074bc-31, groupId=Consumer-topic-820766c6_8d4c_4a7d_87ab_9e1e94d074bc] Found no committed offset for partition topic-820766c6_8d4c_4a7d_87ab_9e1e94d074bc-0
2025-08-14 22:24:12,509 INFO  [org.apa.kaf.cli.con.int.SubscriptionState] (ForkJoinPool.commonPool-worker-1) [Consumer clientId=consumer-Consumer-topic-820766c6_8d4c_4a7d_87ab_9e1e94d074bc-31, groupId=Consumer-topic-820766c6_8d4c_4a7d_87ab_9e1e94d074bc] Resetting offset for partition topic-820766c6_8d4c_4a7d_87ab_9e1e94d074bc-0 to position FetchPosition{offset=0, offsetEpoch=Optional.empty, currentLeader=LeaderAndEpoch{leader=Optional[localhost:32769 (id: 0 rack: null)], epoch=0}}.
2025-08-14 22:24:12,771 INFO  [io.api.tes.ser.api.KafkaSerdesTester] (ForkJoinPool.commonPool-worker-1) topic-820766c6_8d4c_4a7d_87ab_9e1e94d074bc 0 0 header {
  time {
  }
}
d1: 1.755210249036E12
s1: "a"
i1: 123
bi1: 1
point {
  longitude: 22.0
  latitude: 22.0
  altitude: 1.0
}

2025-08-14 22:24:12,771 INFO  [io.api.tes.ser.api.KafkaSerdesTester] (ForkJoinPool.commonPool-worker-1) topic-820766c6_8d4c_4a7d_87ab_9e1e94d074bc 0 1 header {
  time {
  }
}
d1: 1.755210249473E12
s1: "a"
i1: 123
bi1: 1
point {
  longitude: 22.0
  latitude: 22.0
  altitude: 1.0
}

2025-08-14 22:24:12,771 INFO  [io.api.tes.ser.api.KafkaSerdesTester] (ForkJoinPool.commonPool-worker-1) topic-820766c6_8d4c_4a7d_87ab_9e1e94d074bc 0 2 header {
  time {
  }
}
d1: 1.755210249475E12
s1: "a"
i1: 123
bi1: 1
point {
  longitude: 22.0
  latitude: 22.0
  altitude: 1.0
}

2025-08-14 22:24:12,771 INFO  [io.api.tes.ser.api.KafkaSerdesTester] (ForkJoinPool.commonPool-worker-1) topic-820766c6_8d4c_4a7d_87ab_9e1e94d074bc 0 3 header {
  time {
  }
}
d1: 1.755210249476E12
s1: "a"
i1: 123
bi1: 1
point {
  longitude: 22.0
  latitude: 22.0
  altitude: 1.0
}

2025-08-14 22:24:12,771 INFO  [io.api.tes.ser.api.KafkaSerdesTester] (ForkJoinPool.commonPool-worker-1) topic-820766c6_8d4c_4a7d_87ab_9e1e94d074bc 0 4 header {
  time {
  }
}
d1: 1.755210249479E12
s1: "a"
i1: 123
bi1: 1
point {
  longitude: 22.0
  latitude: 22.0
  altitude: 1.0
}

2025-08-14 22:24:12,771 INFO  [io.api.tes.ser.api.KafkaSerdesTester] (ForkJoinPool.commonPool-worker-1) topic-820766c6_8d4c_4a7d_87ab_9e1e94d074bc 0 5 header {
  time {
  }
}
d1: 1.755210249482E12
s1: "a"
i1: 123
bi1: 1
point {
  longitude: 22.0
  latitude: 22.0
  altitude: 1.0
}

2025-08-14 22:24:12,771 INFO  [io.api.tes.ser.api.KafkaSerdesTester] (ForkJoinPool.commonPool-worker-1) topic-820766c6_8d4c_4a7d_87ab_9e1e94d074bc 0 6 header {
  time {
  }
}
d1: 1.755210249483E12
s1: "a"
i1: 123
bi1: 1
point {
  longitude: 22.0
  latitude: 22.0
  altitude: 1.0
}

2025-08-14 22:24:12,771 INFO  [io.api.tes.ser.api.KafkaSerdesTester] (ForkJoinPool.commonPool-worker-1) topic-820766c6_8d4c_4a7d_87ab_9e1e94d074bc 0 7 header {
  time {
  }
}
d1: 1.755210249484E12
s1: "a"
i1: 123
bi1: 1
point {
  longitude: 22.0
  latitude: 22.0
  altitude: 1.0
}

2025-08-14 22:24:12,771 INFO  [io.api.tes.ser.api.KafkaSerdesTester] (ForkJoinPool.commonPool-worker-1) topic-820766c6_8d4c_4a7d_87ab_9e1e94d074bc 0 8 header {
  time {
  }
}
d1: 1.755210249485E12
s1: "a"
i1: 123
bi1: 1
point {
  longitude: 22.0
  latitude: 22.0
  altitude: 1.0
}

2025-08-14 22:24:12,771 INFO  [io.api.tes.ser.api.KafkaSerdesTester] (ForkJoinPool.commonPool-worker-1) topic-820766c6_8d4c_4a7d_87ab_9e1e94d074bc 0 9 header {
  time {
  }
}
d1: 1.755210249486E12
s1: "a"
i1: 123
bi1: 1
point {
  longitude: 22.0
  latitude: 22.0
  altitude: 1.0
}

2025-08-14 22:24:12,771 INFO  [io.api.tes.ser.api.KafkaSerdesTester] (ForkJoinPool.commonPool-worker-1) Consumed 10 messages
2025-08-14 22:24:12,778 INFO  [org.apa.kaf.cli.con.int.ConsumerRebalanceListenerInvoker] (ForkJoinPool.commonPool-worker-1) [Consumer clientId=consumer-Consumer-topic-820766c6_8d4c_4a7d_87ab_9e1e94d074bc-31, groupId=Consumer-topic-820766c6_8d4c_4a7d_87ab_9e1e94d074bc] Revoke previously assigned partitions topic-820766c6_8d4c_4a7d_87ab_9e1e94d074bc-0
2025-08-14 22:24:12,778 INFO  [org.apa.kaf.cli.con.int.ConsumerCoordinator] (ForkJoinPool.commonPool-worker-1) [Consumer clientId=consumer-Consumer-topic-820766c6_8d4c_4a7d_87ab_9e1e94d074bc-31, groupId=Consumer-topic-820766c6_8d4c_4a7d_87ab_9e1e94d074bc] Member consumer-Consumer-topic-820766c6_8d4c_4a7d_87ab_9e1e94d074bc-31-ae8bc8dd-3acf-49f4-8280-774efa27465f sending LeaveGroup request to coordinator localhost:32769 (id: 2147483647 rack: null) due to the consumer is being closed
2025-08-14 22:24:12,778 INFO  [org.apa.kaf.cli.con.int.ConsumerCoordinator] (ForkJoinPool.commonPool-worker-1) [Consumer clientId=consumer-Consumer-topic-820766c6_8d4c_4a7d_87ab_9e1e94d074bc-31, groupId=Consumer-topic-820766c6_8d4c_4a7d_87ab_9e1e94d074bc] Resetting generation and member id due to: consumer pro-actively leaving the group
2025-08-14 22:24:12,778 INFO  [org.apa.kaf.cli.con.int.ConsumerCoordinator] (ForkJoinPool.commonPool-worker-1) [Consumer clientId=consumer-Consumer-topic-820766c6_8d4c_4a7d_87ab_9e1e94d074bc-31, groupId=Consumer-topic-820766c6_8d4c_4a7d_87ab_9e1e94d074bc] Request joining group due to: consumer pro-actively leaving the group
2025-08-14 22:24:13,273 INFO  [org.apa.kaf.com.met.Metrics] (ForkJoinPool.commonPool-worker-1) Metrics scheduler closed
2025-08-14 22:24:13,273 INFO  [org.apa.kaf.com.met.Metrics] (ForkJoinPool.commonPool-worker-1) Closing reporter org.apache.kafka.common.metrics.JmxReporter
2025-08-14 22:24:13,273 INFO  [org.apa.kaf.com.met.Metrics] (ForkJoinPool.commonPool-worker-1) Closing reporter org.apache.kafka.common.telemetry.internals.ClientTelemetryReporter
2025-08-14 22:24:13,273 INFO  [org.apa.kaf.com.met.Metrics] (ForkJoinPool.commonPool-worker-1) Metrics reporters closed
2025-08-14 22:24:13,274 INFO  [org.apa.kaf.com.uti.AppInfoParser] (ForkJoinPool.commonPool-worker-1) App info kafka.consumer for consumer-Consumer-topic-820766c6_8d4c_4a7d_87ab_9e1e94d074bc-31 unregistered
2025-08-14 22:24:13,275 INFO  [io.api.tes.uti.TestSeparator] (main) io.apicurio.tests.serdes.apicurio.ProtobufSerdeIT.testFindLatestDynamicMessageProtobufType-FINISHED
2025-08-14 22:24:13,275 INFO  [io.api.tes.uti.TestSeparator] (main) ############################################################################
Test passed: testFindLatestDynamicMessageProtobufType
]]></system-out>
  </testcase>
  <testcase name="testFindLatestDeriveClassProtobufTypeSimpleTopicIdStrategy" classname="io.apicurio.tests.serdes.apicurio.ProtobufSerdeIT" time="1.183">
    <system-out><![CDATA[2025-08-14 22:24:13,276 INFO  [io.api.tes.uti.TestSeparator] (main) ############################################################################
2025-08-14 22:24:13,276 INFO  [io.api.tes.uti.TestSeparator] (main) io.apicurio.tests.serdes.apicurio.ProtobufSerdeIT.testFindLatestDeriveClassProtobufTypeSimpleTopicIdStrategy-STARTED
2025-08-14 22:24:14,458 INFO  [io.api.tes.uti.TestSeparator] (main) io.apicurio.tests.serdes.apicurio.ProtobufSerdeIT.testFindLatestDeriveClassProtobufTypeSimpleTopicIdStrategy-FINISHED
2025-08-14 22:24:14,458 INFO  [io.api.tes.uti.TestSeparator] (main) ############################################################################
Test passed: testFindLatestDeriveClassProtobufTypeSimpleTopicIdStrategy
]]></system-out>
  </testcase>
  <testcase name="testFindLatestAndUseBody" classname="io.apicurio.tests.serdes.apicurio.ProtobufSerdeIT" time="5.293">
    <system-out><![CDATA[2025-08-14 22:24:14,459 INFO  [io.api.tes.uti.TestSeparator] (main) ############################################################################
2025-08-14 22:24:14,459 INFO  [io.api.tes.uti.TestSeparator] (main) io.apicurio.tests.serdes.apicurio.ProtobufSerdeIT.testFindLatestAndUseBody-STARTED
**** Registry Base URL: http://registry-app-ksql043.apps.ci419.apicurio-testing.org:80
2025-08-14 22:24:15,638 INFO  [org.apa.kaf.cli.pro.ProducerConfig] (main) ProducerConfig values: 
	acks = -1
	auto.include.jmx.reporter = true
	batch.size = 16384
	bootstrap.servers = [PLAINTEXT://localhost:32769]
	buffer.memory = 33554432
	client.dns.lookup = use_all_dns_ips
	client.id = Producer-topic-450eb90b_1f12_4613_8045_645c718f1c05
	compression.gzip.level = -1
	compression.lz4.level = 9
	compression.type = none
	compression.zstd.level = 3
	connections.max.idle.ms = 10000
	delivery.timeout.ms = 120000
	enable.idempotence = true
	enable.metrics.push = true
	interceptor.classes = []
	key.serializer = class org.apache.kafka.common.serialization.StringSerializer
	linger.ms = 0
	max.block.ms = 60000
	max.in.flight.requests.per.connection = 5
	max.request.size = 1048576
	metadata.max.age.ms = 300000
	metadata.max.idle.ms = 300000
	metadata.recovery.strategy = none
	metric.reporters = []
	metrics.num.samples = 2
	metrics.recording.level = INFO
	metrics.sample.window.ms = 30000
	partitioner.adaptive.partitioning.enable = true
	partitioner.availability.timeout.ms = 0
	partitioner.class = null
	partitioner.ignore.keys = false
	receive.buffer.bytes = 32768
	reconnect.backoff.max.ms = 1000
	reconnect.backoff.ms = 50
	request.timeout.ms = 5000
	retries = 2147483647
	retry.backoff.max.ms = 1000
	retry.backoff.ms = 100
	sasl.client.callback.handler.class = null
	sasl.jaas.config = null
	sasl.kerberos.kinit.cmd = /usr/bin/kinit
	sasl.kerberos.min.time.before.relogin = 60000
	sasl.kerberos.service.name = null
	sasl.kerberos.ticket.renew.jitter = 0.05
	sasl.kerberos.ticket.renew.window.factor = 0.8
	sasl.login.callback.handler.class = null
	sasl.login.class = null
	sasl.login.connect.timeout.ms = null
	sasl.login.read.timeout.ms = null
	sasl.login.refresh.buffer.seconds = 300
	sasl.login.refresh.min.period.seconds = 60
	sasl.login.refresh.window.factor = 0.8
	sasl.login.refresh.window.jitter = 0.05
	sasl.login.retry.backoff.max.ms = 10000
	sasl.login.retry.backoff.ms = 100
	sasl.mechanism = GSSAPI
	sasl.oauthbearer.clock.skew.seconds = 30
	sasl.oauthbearer.expected.audience = null
	sasl.oauthbearer.expected.issuer = null
	sasl.oauthbearer.header.urlencode = false
	sasl.oauthbearer.jwks.endpoint.refresh.ms = 3600000
	sasl.oauthbearer.jwks.endpoint.retry.backoff.max.ms = 10000
	sasl.oauthbearer.jwks.endpoint.retry.backoff.ms = 100
	sasl.oauthbearer.jwks.endpoint.url = null
	sasl.oauthbearer.scope.claim.name = scope
	sasl.oauthbearer.sub.claim.name = sub
	sasl.oauthbearer.token.endpoint.url = null
	security.protocol = PLAINTEXT
	security.providers = null
	send.buffer.bytes = 131072
	socket.connection.setup.timeout.max.ms = 30000
	socket.connection.setup.timeout.ms = 10000
	ssl.cipher.suites = null
	ssl.enabled.protocols = [TLSv1.2, TLSv1.3]
	ssl.endpoint.identification.algorithm = https
	ssl.engine.factory.class = null
	ssl.key.password = null
	ssl.keymanager.algorithm = SunX509
	ssl.keystore.certificate.chain = null
	ssl.keystore.key = null
	ssl.keystore.location = null
	ssl.keystore.password = null
	ssl.keystore.type = JKS
	ssl.protocol = TLSv1.3
	ssl.provider = null
	ssl.secure.random.implementation = null
	ssl.trustmanager.algorithm = PKIX
	ssl.truststore.certificates = null
	ssl.truststore.location = null
	ssl.truststore.password = null
	ssl.truststore.type = JKS
	transaction.timeout.ms = 60000
	transactional.id = null
	value.serializer = class io.apicurio.registry.serde.protobuf.ProtobufKafkaSerializer

2025-08-14 22:24:15,638 INFO  [org.apa.kaf.com.tel.int.KafkaMetricsCollector] (main) initializing Kafka metrics collector
2025-08-14 22:24:15,641 INFO  [org.apa.kaf.cli.pro.KafkaProducer] (main) [Producer clientId=Producer-topic-450eb90b_1f12_4613_8045_645c718f1c05] Instantiated an idempotent producer.
2025-08-14 22:24:15,642 INFO  [org.apa.kaf.cli.pro.ProducerConfig] (main) These configurations '[apicurio.registry.find-latest, apicurio.registry.url, apicurio.registry.artifact-resolver-strategy]' were supplied but are not used yet.
2025-08-14 22:24:15,642 INFO  [org.apa.kaf.com.uti.AppInfoParser] (main) Kafka version: 3.9.1
2025-08-14 22:24:15,642 INFO  [org.apa.kaf.com.uti.AppInfoParser] (main) Kafka commitId: f745dfdcee2b9851
2025-08-14 22:24:15,642 INFO  [org.apa.kaf.com.uti.AppInfoParser] (main) Kafka startTimeMs: 1755210255642
2025-08-14 22:24:15,642 INFO  [io.api.tes.ser.api.SimpleSerdesTesterBuilder$SimpleSerdesTester] (main) Using producer configuration: {apicurio.registry.find-latest=true, apicurio.registry.url=http://registry-app-ksql043.apps.ci419.apicurio-testing.org:80/apis/registry/v3, apicurio.registry.artifact-resolver-strategy=io.apicurio.registry.serde.strategy.TopicIdStrategy, value.serializer=io.apicurio.registry.serde.protobuf.ProtobufKafkaSerializer, request.timeout.ms=5000, acks=all, bootstrap.servers=PLAINTEXT://localhost:32769, connections.max.idle.ms=10000, key.serializer=org.apache.kafka.common.serialization.StringSerializer, client.id=Producer-topic-450eb90b_1f12_4613_8045_645c718f1c05}
2025-08-14 22:24:15,642 INFO  [io.api.tes.ser.api.SimpleSerdesTesterBuilder$SimpleSerdesTester] (main) Using consumer configuration: {}
2025-08-14 22:24:15,642 INFO  [io.api.tes.ser.api.KafkaSerdesTester] (ForkJoinPool.commonPool-worker-1) Sending message header {
  time {
  }
}
d1: 1.755210255642E12
s1: "a"
i1: 123
bi1: 1
point {
  longitude: 22.0
  latitude: 22.0
  altitude: 1.0
}
 to topic topic-450eb90b_1f12_4613_8045_645c718f1c05
2025-08-14 22:24:15,644 INFO  [org.apa.kaf.cli.Metadata] (kafka-producer-network-thread | Producer-topic-450eb90b_1f12_4613_8045_645c718f1c05) [Producer clientId=Producer-topic-450eb90b_1f12_4613_8045_645c718f1c05] Cluster ID: f700RWCeSbOIkrtSe1L4BA
2025-08-14 22:24:15,644 INFO  [org.apa.kaf.cli.pro.int.TransactionManager] (kafka-producer-network-thread | Producer-topic-450eb90b_1f12_4613_8045_645c718f1c05) [Producer clientId=Producer-topic-450eb90b_1f12_4613_8045_645c718f1c05] ProducerId set to 42 with epoch 0
2025-08-14 22:24:15,962 INFO  [io.api.tes.ser.api.KafkaSerdesTester] (ForkJoinPool.commonPool-worker-1) Sending message header {
  time {
  }
}
d1: 1.755210255962E12
s1: "a"
i1: 123
bi1: 1
point {
  longitude: 22.0
  latitude: 22.0
  altitude: 1.0
}
 to topic topic-450eb90b_1f12_4613_8045_645c718f1c05
2025-08-14 22:24:15,964 INFO  [io.api.tes.ser.api.KafkaSerdesTester] (ForkJoinPool.commonPool-worker-1) Sending message header {
  time {
  }
}
d1: 1.755210255964E12
s1: "a"
i1: 123
bi1: 1
point {
  longitude: 22.0
  latitude: 22.0
  altitude: 1.0
}
 to topic topic-450eb90b_1f12_4613_8045_645c718f1c05
2025-08-14 22:24:15,965 INFO  [io.api.tes.ser.api.KafkaSerdesTester] (ForkJoinPool.commonPool-worker-1) Sending message header {
  time {
  }
}
d1: 1.755210255965E12
s1: "a"
i1: 123
bi1: 1
point {
  longitude: 22.0
  latitude: 22.0
  altitude: 1.0
}
 to topic topic-450eb90b_1f12_4613_8045_645c718f1c05
2025-08-14 22:24:15,966 INFO  [io.api.tes.ser.api.KafkaSerdesTester] (ForkJoinPool.commonPool-worker-1) Sending message header {
  time {
  }
}
d1: 1.755210255966E12
s1: "a"
i1: 123
bi1: 1
point {
  longitude: 22.0
  latitude: 22.0
  altitude: 1.0
}
 to topic topic-450eb90b_1f12_4613_8045_645c718f1c05
2025-08-14 22:24:15,967 INFO  [io.api.tes.ser.api.KafkaSerdesTester] (ForkJoinPool.commonPool-worker-1) Sending message header {
  time {
  }
}
d1: 1.755210255967E12
s1: "a"
i1: 123
bi1: 1
point {
  longitude: 22.0
  latitude: 22.0
  altitude: 1.0
}
 to topic topic-450eb90b_1f12_4613_8045_645c718f1c05
2025-08-14 22:24:15,968 INFO  [io.api.tes.ser.api.KafkaSerdesTester] (ForkJoinPool.commonPool-worker-1) Sending message header {
  time {
  }
}
d1: 1.755210255968E12
s1: "a"
i1: 123
bi1: 1
point {
  longitude: 22.0
  latitude: 22.0
  altitude: 1.0
}
 to topic topic-450eb90b_1f12_4613_8045_645c718f1c05
2025-08-14 22:24:15,970 INFO  [io.api.tes.ser.api.KafkaSerdesTester] (ForkJoinPool.commonPool-worker-1) Sending message header {
  time {
  }
}
d1: 1.755210255969E12
s1: "a"
i1: 123
bi1: 1
point {
  longitude: 22.0
  latitude: 22.0
  altitude: 1.0
}
 to topic topic-450eb90b_1f12_4613_8045_645c718f1c05
2025-08-14 22:24:15,971 INFO  [io.api.tes.ser.api.KafkaSerdesTester] (ForkJoinPool.commonPool-worker-1) Sending message header {
  time {
  }
}
d1: 1.755210255971E12
s1: "a"
i1: 123
bi1: 1
point {
  longitude: 22.0
  latitude: 22.0
  altitude: 1.0
}
 to topic topic-450eb90b_1f12_4613_8045_645c718f1c05
2025-08-14 22:24:15,972 INFO  [io.api.tes.ser.api.KafkaSerdesTester] (ForkJoinPool.commonPool-worker-1) Sending message header {
  time {
  }
}
d1: 1.755210255972E12
s1: "a"
i1: 123
bi1: 1
point {
  longitude: 22.0
  latitude: 22.0
  altitude: 1.0
}
 to topic topic-450eb90b_1f12_4613_8045_645c718f1c05
2025-08-14 22:24:15,974 INFO  [io.api.tes.ser.api.KafkaSerdesTester] (ForkJoinPool.commonPool-worker-1) Produced 10 messages
2025-08-14 22:24:15,974 INFO  [org.apa.kaf.cli.pro.KafkaProducer] (ForkJoinPool.commonPool-worker-1) [Producer clientId=Producer-topic-450eb90b_1f12_4613_8045_645c718f1c05] Closing the Kafka producer with timeoutMillis = 9223372036854775807 ms.
2025-08-14 22:24:15,975 INFO  [org.apa.kaf.com.met.Metrics] (ForkJoinPool.commonPool-worker-1) Metrics scheduler closed
2025-08-14 22:24:15,975 INFO  [org.apa.kaf.com.met.Metrics] (ForkJoinPool.commonPool-worker-1) Closing reporter org.apache.kafka.common.metrics.JmxReporter
2025-08-14 22:24:15,975 INFO  [org.apa.kaf.com.met.Metrics] (ForkJoinPool.commonPool-worker-1) Closing reporter org.apache.kafka.common.telemetry.internals.ClientTelemetryReporter
2025-08-14 22:24:15,975 INFO  [org.apa.kaf.com.met.Metrics] (ForkJoinPool.commonPool-worker-1) Metrics reporters closed
2025-08-14 22:24:15,976 INFO  [org.apa.kaf.com.uti.AppInfoParser] (ForkJoinPool.commonPool-worker-1) App info kafka.producer for Producer-topic-450eb90b_1f12_4613_8045_645c718f1c05 unregistered
**** Registry Base URL: http://registry-app-ksql043.apps.ci419.apicurio-testing.org:80
2025-08-14 22:24:15,976 INFO  [org.apa.kaf.cli.con.ConsumerConfig] (main) ConsumerConfig values: 
	allow.auto.create.topics = true
	auto.commit.interval.ms = 500
	auto.include.jmx.reporter = true
	auto.offset.reset = earliest
	bootstrap.servers = [PLAINTEXT://localhost:32769]
	check.crcs = true
	client.dns.lookup = use_all_dns_ips
	client.id = consumer-Consumer-topic-450eb90b_1f12_4613_8045_645c718f1c05-32
	client.rack = 
	connections.max.idle.ms = 10000
	default.api.timeout.ms = 60000
	enable.auto.commit = true
	enable.metrics.push = true
	exclude.internal.topics = true
	fetch.max.bytes = 52428800
	fetch.max.wait.ms = 500
	fetch.min.bytes = 1
	group.id = Consumer-topic-450eb90b_1f12_4613_8045_645c718f1c05
	group.instance.id = null
	group.protocol = classic
	group.remote.assignor = null
	heartbeat.interval.ms = 3000
	interceptor.classes = []
	internal.leave.group.on.close = true
	internal.throw.on.fetch.stable.offset.unsupported = false
	isolation.level = read_uncommitted
	key.deserializer = class org.apache.kafka.common.serialization.StringDeserializer
	max.partition.fetch.bytes = 1048576
	max.poll.interval.ms = 300000
	max.poll.records = 500
	metadata.max.age.ms = 300000
	metadata.recovery.strategy = none
	metric.reporters = []
	metrics.num.samples = 2
	metrics.recording.level = INFO
	metrics.sample.window.ms = 30000
	partition.assignment.strategy = [class org.apache.kafka.clients.consumer.RangeAssignor, class org.apache.kafka.clients.consumer.CooperativeStickyAssignor]
	receive.buffer.bytes = 65536
	reconnect.backoff.max.ms = 1000
	reconnect.backoff.ms = 50
	request.timeout.ms = 5000
	retry.backoff.max.ms = 1000
	retry.backoff.ms = 100
	sasl.client.callback.handler.class = null
	sasl.jaas.config = null
	sasl.kerberos.kinit.cmd = /usr/bin/kinit
	sasl.kerberos.min.time.before.relogin = 60000
	sasl.kerberos.service.name = null
	sasl.kerberos.ticket.renew.jitter = 0.05
	sasl.kerberos.ticket.renew.window.factor = 0.8
	sasl.login.callback.handler.class = null
	sasl.login.class = null
	sasl.login.connect.timeout.ms = null
	sasl.login.read.timeout.ms = null
	sasl.login.refresh.buffer.seconds = 300
	sasl.login.refresh.min.period.seconds = 60
	sasl.login.refresh.window.factor = 0.8
	sasl.login.refresh.window.jitter = 0.05
	sasl.login.retry.backoff.max.ms = 10000
	sasl.login.retry.backoff.ms = 100
	sasl.mechanism = GSSAPI
	sasl.oauthbearer.clock.skew.seconds = 30
	sasl.oauthbearer.expected.audience = null
	sasl.oauthbearer.expected.issuer = null
	sasl.oauthbearer.header.urlencode = false
	sasl.oauthbearer.jwks.endpoint.refresh.ms = 3600000
	sasl.oauthbearer.jwks.endpoint.retry.backoff.max.ms = 10000
	sasl.oauthbearer.jwks.endpoint.retry.backoff.ms = 100
	sasl.oauthbearer.jwks.endpoint.url = null
	sasl.oauthbearer.scope.claim.name = scope
	sasl.oauthbearer.sub.claim.name = sub
	sasl.oauthbearer.token.endpoint.url = null
	security.protocol = PLAINTEXT
	security.providers = null
	send.buffer.bytes = 131072
	session.timeout.ms = 45000
	socket.connection.setup.timeout.max.ms = 30000
	socket.connection.setup.timeout.ms = 10000
	ssl.cipher.suites = null
	ssl.enabled.protocols = [TLSv1.2, TLSv1.3]
	ssl.endpoint.identification.algorithm = https
	ssl.engine.factory.class = null
	ssl.key.password = null
	ssl.keymanager.algorithm = SunX509
	ssl.keystore.certificate.chain = null
	ssl.keystore.key = null
	ssl.keystore.location = null
	ssl.keystore.password = null
	ssl.keystore.type = JKS
	ssl.protocol = TLSv1.3
	ssl.provider = null
	ssl.secure.random.implementation = null
	ssl.trustmanager.algorithm = PKIX
	ssl.truststore.certificates = null
	ssl.truststore.location = null
	ssl.truststore.password = null
	ssl.truststore.type = JKS
	value.deserializer = class io.apicurio.registry.serde.protobuf.ProtobufKafkaDeserializer

2025-08-14 22:24:15,976 INFO  [org.apa.kaf.com.tel.int.KafkaMetricsCollector] (main) initializing Kafka metrics collector
2025-08-14 22:24:15,981 INFO  [org.apa.kaf.cli.con.ConsumerConfig] (main) These configurations '[apicurio.registry.url]' were supplied but are not used yet.
2025-08-14 22:24:15,981 INFO  [org.apa.kaf.com.uti.AppInfoParser] (main) Kafka version: 3.9.1
2025-08-14 22:24:15,981 INFO  [org.apa.kaf.com.uti.AppInfoParser] (main) Kafka commitId: f745dfdcee2b9851
2025-08-14 22:24:15,981 INFO  [org.apa.kaf.com.uti.AppInfoParser] (main) Kafka startTimeMs: 1755210255981
2025-08-14 22:24:15,981 INFO  [org.apa.kaf.cli.con.int.ClassicKafkaConsumer] (ForkJoinPool.commonPool-worker-1) [Consumer clientId=consumer-Consumer-topic-450eb90b_1f12_4613_8045_645c718f1c05-32, groupId=Consumer-topic-450eb90b_1f12_4613_8045_645c718f1c05] Subscribed to topic(s): topic-450eb90b_1f12_4613_8045_645c718f1c05
2025-08-14 22:24:15,984 INFO  [org.apa.kaf.cli.Metadata] (ForkJoinPool.commonPool-worker-1) [Consumer clientId=consumer-Consumer-topic-450eb90b_1f12_4613_8045_645c718f1c05-32, groupId=Consumer-topic-450eb90b_1f12_4613_8045_645c718f1c05] Cluster ID: f700RWCeSbOIkrtSe1L4BA
2025-08-14 22:24:15,984 INFO  [org.apa.kaf.cli.con.int.ConsumerCoordinator] (ForkJoinPool.commonPool-worker-1) [Consumer clientId=consumer-Consumer-topic-450eb90b_1f12_4613_8045_645c718f1c05-32, groupId=Consumer-topic-450eb90b_1f12_4613_8045_645c718f1c05] Discovered group coordinator localhost:32769 (id: 2147483647 rack: null)
2025-08-14 22:24:15,985 INFO  [org.apa.kaf.cli.con.int.ConsumerCoordinator] (ForkJoinPool.commonPool-worker-1) [Consumer clientId=consumer-Consumer-topic-450eb90b_1f12_4613_8045_645c718f1c05-32, groupId=Consumer-topic-450eb90b_1f12_4613_8045_645c718f1c05] (Re-)joining group
2025-08-14 22:24:15,986 INFO  [org.apa.kaf.cli.con.int.ConsumerCoordinator] (ForkJoinPool.commonPool-worker-1) [Consumer clientId=consumer-Consumer-topic-450eb90b_1f12_4613_8045_645c718f1c05-32, groupId=Consumer-topic-450eb90b_1f12_4613_8045_645c718f1c05] Request joining group due to: need to re-join with the given member-id: consumer-Consumer-topic-450eb90b_1f12_4613_8045_645c718f1c05-32-95ecf0a6-1f2b-420a-ab10-d7be46c67c44
2025-08-14 22:24:15,986 INFO  [org.apa.kaf.cli.con.int.ConsumerCoordinator] (ForkJoinPool.commonPool-worker-1) [Consumer clientId=consumer-Consumer-topic-450eb90b_1f12_4613_8045_645c718f1c05-32, groupId=Consumer-topic-450eb90b_1f12_4613_8045_645c718f1c05] (Re-)joining group
2025-08-14 22:24:16,981 INFO  [io.api.tes.ser.api.KafkaSerdesTester] (ForkJoinPool.commonPool-worker-1) None found
2025-08-14 22:24:17,981 INFO  [io.api.tes.ser.api.KafkaSerdesTester] (ForkJoinPool.commonPool-worker-1) None found
2025-08-14 22:24:18,982 INFO  [io.api.tes.ser.api.KafkaSerdesTester] (ForkJoinPool.commonPool-worker-1) None found
2025-08-14 22:24:18,988 INFO  [org.apa.kaf.cli.con.int.ConsumerCoordinator] (ForkJoinPool.commonPool-worker-1) [Consumer clientId=consumer-Consumer-topic-450eb90b_1f12_4613_8045_645c718f1c05-32, groupId=Consumer-topic-450eb90b_1f12_4613_8045_645c718f1c05] Successfully joined group with generation Generation{generationId=1, memberId='consumer-Consumer-topic-450eb90b_1f12_4613_8045_645c718f1c05-32-95ecf0a6-1f2b-420a-ab10-d7be46c67c44', protocol='range'}
2025-08-14 22:24:18,988 INFO  [org.apa.kaf.cli.con.int.ConsumerCoordinator] (ForkJoinPool.commonPool-worker-1) [Consumer clientId=consumer-Consumer-topic-450eb90b_1f12_4613_8045_645c718f1c05-32, groupId=Consumer-topic-450eb90b_1f12_4613_8045_645c718f1c05] Finished assignment for group at generation 1: {consumer-Consumer-topic-450eb90b_1f12_4613_8045_645c718f1c05-32-95ecf0a6-1f2b-420a-ab10-d7be46c67c44=Assignment(partitions=[topic-450eb90b_1f12_4613_8045_645c718f1c05-0])}
2025-08-14 22:24:18,995 INFO  [org.apa.kaf.cli.con.int.ConsumerCoordinator] (ForkJoinPool.commonPool-worker-1) [Consumer clientId=consumer-Consumer-topic-450eb90b_1f12_4613_8045_645c718f1c05-32, groupId=Consumer-topic-450eb90b_1f12_4613_8045_645c718f1c05] Successfully synced group in generation Generation{generationId=1, memberId='consumer-Consumer-topic-450eb90b_1f12_4613_8045_645c718f1c05-32-95ecf0a6-1f2b-420a-ab10-d7be46c67c44', protocol='range'}
2025-08-14 22:24:18,995 INFO  [org.apa.kaf.cli.con.int.ConsumerCoordinator] (ForkJoinPool.commonPool-worker-1) [Consumer clientId=consumer-Consumer-topic-450eb90b_1f12_4613_8045_645c718f1c05-32, groupId=Consumer-topic-450eb90b_1f12_4613_8045_645c718f1c05] Notifying assignor about the new Assignment(partitions=[topic-450eb90b_1f12_4613_8045_645c718f1c05-0])
2025-08-14 22:24:18,995 INFO  [org.apa.kaf.cli.con.int.ConsumerRebalanceListenerInvoker] (ForkJoinPool.commonPool-worker-1) [Consumer clientId=consumer-Consumer-topic-450eb90b_1f12_4613_8045_645c718f1c05-32, groupId=Consumer-topic-450eb90b_1f12_4613_8045_645c718f1c05] Adding newly assigned partitions: topic-450eb90b_1f12_4613_8045_645c718f1c05-0
2025-08-14 22:24:18,995 INFO  [org.apa.kaf.cli.con.int.ConsumerCoordinator] (ForkJoinPool.commonPool-worker-1) [Consumer clientId=consumer-Consumer-topic-450eb90b_1f12_4613_8045_645c718f1c05-32, groupId=Consumer-topic-450eb90b_1f12_4613_8045_645c718f1c05] Found no committed offset for partition topic-450eb90b_1f12_4613_8045_645c718f1c05-0
2025-08-14 22:24:18,997 INFO  [org.apa.kaf.cli.con.int.SubscriptionState] (ForkJoinPool.commonPool-worker-1) [Consumer clientId=consumer-Consumer-topic-450eb90b_1f12_4613_8045_645c718f1c05-32, groupId=Consumer-topic-450eb90b_1f12_4613_8045_645c718f1c05] Resetting offset for partition topic-450eb90b_1f12_4613_8045_645c718f1c05-0 to position FetchPosition{offset=0, offsetEpoch=Optional.empty, currentLeader=LeaderAndEpoch{leader=Optional[localhost:32769 (id: 0 rack: null)], epoch=0}}.
2025-08-14 22:24:19,247 INFO  [io.api.tes.ser.api.KafkaSerdesTester] (ForkJoinPool.commonPool-worker-1) topic-450eb90b_1f12_4613_8045_645c718f1c05 0 0 header {
  time {
  }
}
d1: 1.755210255642E12
s1: "a"
i1: 123
bi1: 1
point {
  longitude: 22.0
  latitude: 22.0
  altitude: 1.0
}

2025-08-14 22:24:19,247 INFO  [io.api.tes.ser.api.KafkaSerdesTester] (ForkJoinPool.commonPool-worker-1) topic-450eb90b_1f12_4613_8045_645c718f1c05 0 1 header {
  time {
  }
}
d1: 1.755210255962E12
s1: "a"
i1: 123
bi1: 1
point {
  longitude: 22.0
  latitude: 22.0
  altitude: 1.0
}

2025-08-14 22:24:19,247 INFO  [io.api.tes.ser.api.KafkaSerdesTester] (ForkJoinPool.commonPool-worker-1) topic-450eb90b_1f12_4613_8045_645c718f1c05 0 2 header {
  time {
  }
}
d1: 1.755210255964E12
s1: "a"
i1: 123
bi1: 1
point {
  longitude: 22.0
  latitude: 22.0
  altitude: 1.0
}

2025-08-14 22:24:19,247 INFO  [io.api.tes.ser.api.KafkaSerdesTester] (ForkJoinPool.commonPool-worker-1) topic-450eb90b_1f12_4613_8045_645c718f1c05 0 3 header {
  time {
  }
}
d1: 1.755210255965E12
s1: "a"
i1: 123
bi1: 1
point {
  longitude: 22.0
  latitude: 22.0
  altitude: 1.0
}

2025-08-14 22:24:19,247 INFO  [io.api.tes.ser.api.KafkaSerdesTester] (ForkJoinPool.commonPool-worker-1) topic-450eb90b_1f12_4613_8045_645c718f1c05 0 4 header {
  time {
  }
}
d1: 1.755210255966E12
s1: "a"
i1: 123
bi1: 1
point {
  longitude: 22.0
  latitude: 22.0
  altitude: 1.0
}

2025-08-14 22:24:19,247 INFO  [io.api.tes.ser.api.KafkaSerdesTester] (ForkJoinPool.commonPool-worker-1) topic-450eb90b_1f12_4613_8045_645c718f1c05 0 5 header {
  time {
  }
}
d1: 1.755210255967E12
s1: "a"
i1: 123
bi1: 1
point {
  longitude: 22.0
  latitude: 22.0
  altitude: 1.0
}

2025-08-14 22:24:19,247 INFO  [io.api.tes.ser.api.KafkaSerdesTester] (ForkJoinPool.commonPool-worker-1) topic-450eb90b_1f12_4613_8045_645c718f1c05 0 6 header {
  time {
  }
}
d1: 1.755210255968E12
s1: "a"
i1: 123
bi1: 1
point {
  longitude: 22.0
  latitude: 22.0
  altitude: 1.0
}

2025-08-14 22:24:19,247 INFO  [io.api.tes.ser.api.KafkaSerdesTester] (ForkJoinPool.commonPool-worker-1) topic-450eb90b_1f12_4613_8045_645c718f1c05 0 7 header {
  time {
  }
}
d1: 1.755210255969E12
s1: "a"
i1: 123
bi1: 1
point {
  longitude: 22.0
  latitude: 22.0
  altitude: 1.0
}

2025-08-14 22:24:19,247 INFO  [io.api.tes.ser.api.KafkaSerdesTester] (ForkJoinPool.commonPool-worker-1) topic-450eb90b_1f12_4613_8045_645c718f1c05 0 8 header {
  time {
  }
}
d1: 1.755210255971E12
s1: "a"
i1: 123
bi1: 1
point {
  longitude: 22.0
  latitude: 22.0
  altitude: 1.0
}

2025-08-14 22:24:19,247 INFO  [io.api.tes.ser.api.KafkaSerdesTester] (ForkJoinPool.commonPool-worker-1) topic-450eb90b_1f12_4613_8045_645c718f1c05 0 9 header {
  time {
  }
}
d1: 1.755210255972E12
s1: "a"
i1: 123
bi1: 1
point {
  longitude: 22.0
  latitude: 22.0
  altitude: 1.0
}

2025-08-14 22:24:19,247 INFO  [io.api.tes.ser.api.KafkaSerdesTester] (ForkJoinPool.commonPool-worker-1) Consumed 10 messages
2025-08-14 22:24:19,254 INFO  [org.apa.kaf.cli.con.int.ConsumerRebalanceListenerInvoker] (ForkJoinPool.commonPool-worker-1) [Consumer clientId=consumer-Consumer-topic-450eb90b_1f12_4613_8045_645c718f1c05-32, groupId=Consumer-topic-450eb90b_1f12_4613_8045_645c718f1c05] Revoke previously assigned partitions topic-450eb90b_1f12_4613_8045_645c718f1c05-0
2025-08-14 22:24:19,254 INFO  [org.apa.kaf.cli.con.int.ConsumerCoordinator] (ForkJoinPool.commonPool-worker-1) [Consumer clientId=consumer-Consumer-topic-450eb90b_1f12_4613_8045_645c718f1c05-32, groupId=Consumer-topic-450eb90b_1f12_4613_8045_645c718f1c05] Member consumer-Consumer-topic-450eb90b_1f12_4613_8045_645c718f1c05-32-95ecf0a6-1f2b-420a-ab10-d7be46c67c44 sending LeaveGroup request to coordinator localhost:32769 (id: 2147483647 rack: null) due to the consumer is being closed
2025-08-14 22:24:19,254 INFO  [org.apa.kaf.cli.con.int.ConsumerCoordinator] (ForkJoinPool.commonPool-worker-1) [Consumer clientId=consumer-Consumer-topic-450eb90b_1f12_4613_8045_645c718f1c05-32, groupId=Consumer-topic-450eb90b_1f12_4613_8045_645c718f1c05] Resetting generation and member id due to: consumer pro-actively leaving the group
2025-08-14 22:24:19,254 INFO  [org.apa.kaf.cli.con.int.ConsumerCoordinator] (ForkJoinPool.commonPool-worker-1) [Consumer clientId=consumer-Consumer-topic-450eb90b_1f12_4613_8045_645c718f1c05-32, groupId=Consumer-topic-450eb90b_1f12_4613_8045_645c718f1c05] Request joining group due to: consumer pro-actively leaving the group
2025-08-14 22:24:19,749 INFO  [org.apa.kaf.com.met.Metrics] (ForkJoinPool.commonPool-worker-1) Metrics scheduler closed
2025-08-14 22:24:19,749 INFO  [org.apa.kaf.com.met.Metrics] (ForkJoinPool.commonPool-worker-1) Closing reporter org.apache.kafka.common.metrics.JmxReporter
2025-08-14 22:24:19,749 INFO  [org.apa.kaf.com.met.Metrics] (ForkJoinPool.commonPool-worker-1) Closing reporter org.apache.kafka.common.telemetry.internals.ClientTelemetryReporter
2025-08-14 22:24:19,749 INFO  [org.apa.kaf.com.met.Metrics] (ForkJoinPool.commonPool-worker-1) Metrics reporters closed
2025-08-14 22:24:19,750 INFO  [org.apa.kaf.com.uti.AppInfoParser] (ForkJoinPool.commonPool-worker-1) App info kafka.consumer for consumer-Consumer-topic-450eb90b_1f12_4613_8045_645c718f1c05-32 unregistered
2025-08-14 22:24:19,751 INFO  [io.api.tes.uti.TestSeparator] (main) io.apicurio.tests.serdes.apicurio.ProtobufSerdeIT.testFindLatestAndUseBody-FINISHED
2025-08-14 22:24:19,751 INFO  [io.api.tes.uti.TestSeparator] (main) ############################################################################
Test passed: testFindLatestAndUseBody
]]></system-out>
  </testcase>
  <testcase name="testConsumeDynamicMessage" classname="io.apicurio.tests.serdes.apicurio.ProtobufSerdeIT" time="1.181">
    <system-out><![CDATA[2025-08-14 22:24:19,752 INFO  [io.api.tes.uti.TestSeparator] (main) ############################################################################
2025-08-14 22:24:19,752 INFO  [io.api.tes.uti.TestSeparator] (main) io.apicurio.tests.serdes.apicurio.ProtobufSerdeIT.testConsumeDynamicMessage-STARTED
2025-08-14 22:24:20,932 INFO  [io.api.tes.uti.TestSeparator] (main) io.apicurio.tests.serdes.apicurio.ProtobufSerdeIT.testConsumeDynamicMessage-FINISHED
2025-08-14 22:24:20,932 INFO  [io.api.tes.uti.TestSeparator] (main) ############################################################################
Test passed: testConsumeDynamicMessage
]]></system-out>
  </testcase>
  <testcase name="testAutoRegisterDynamicMessageProtobufType" classname="io.apicurio.tests.serdes.apicurio.ProtobufSerdeIT" time="5.35">
    <system-out><![CDATA[2025-08-14 22:24:20,933 INFO  [io.api.tes.uti.TestSeparator] (main) ############################################################################
2025-08-14 22:24:20,933 INFO  [io.api.tes.uti.TestSeparator] (main) io.apicurio.tests.serdes.apicurio.ProtobufSerdeIT.testAutoRegisterDynamicMessageProtobufType-STARTED
**** Registry Base URL: http://registry-app-ksql043.apps.ci419.apicurio-testing.org:80
2025-08-14 22:24:20,934 INFO  [org.apa.kaf.cli.pro.ProducerConfig] (main) ProducerConfig values: 
	acks = -1
	auto.include.jmx.reporter = true
	batch.size = 16384
	bootstrap.servers = [PLAINTEXT://localhost:32769]
	buffer.memory = 33554432
	client.dns.lookup = use_all_dns_ips
	client.id = Producer-topic-74f2a45e_adc3_4091_8418_c9c54d34126e
	compression.gzip.level = -1
	compression.lz4.level = 9
	compression.type = none
	compression.zstd.level = 3
	connections.max.idle.ms = 10000
	delivery.timeout.ms = 120000
	enable.idempotence = true
	enable.metrics.push = true
	interceptor.classes = []
	key.serializer = class org.apache.kafka.common.serialization.StringSerializer
	linger.ms = 0
	max.block.ms = 60000
	max.in.flight.requests.per.connection = 5
	max.request.size = 1048576
	metadata.max.age.ms = 300000
	metadata.max.idle.ms = 300000
	metadata.recovery.strategy = none
	metric.reporters = []
	metrics.num.samples = 2
	metrics.recording.level = INFO
	metrics.sample.window.ms = 30000
	partitioner.adaptive.partitioning.enable = true
	partitioner.availability.timeout.ms = 0
	partitioner.class = null
	partitioner.ignore.keys = false
	receive.buffer.bytes = 32768
	reconnect.backoff.max.ms = 1000
	reconnect.backoff.ms = 50
	request.timeout.ms = 5000
	retries = 2147483647
	retry.backoff.max.ms = 1000
	retry.backoff.ms = 100
	sasl.client.callback.handler.class = null
	sasl.jaas.config = null
	sasl.kerberos.kinit.cmd = /usr/bin/kinit
	sasl.kerberos.min.time.before.relogin = 60000
	sasl.kerberos.service.name = null
	sasl.kerberos.ticket.renew.jitter = 0.05
	sasl.kerberos.ticket.renew.window.factor = 0.8
	sasl.login.callback.handler.class = null
	sasl.login.class = null
	sasl.login.connect.timeout.ms = null
	sasl.login.read.timeout.ms = null
	sasl.login.refresh.buffer.seconds = 300
	sasl.login.refresh.min.period.seconds = 60
	sasl.login.refresh.window.factor = 0.8
	sasl.login.refresh.window.jitter = 0.05
	sasl.login.retry.backoff.max.ms = 10000
	sasl.login.retry.backoff.ms = 100
	sasl.mechanism = GSSAPI
	sasl.oauthbearer.clock.skew.seconds = 30
	sasl.oauthbearer.expected.audience = null
	sasl.oauthbearer.expected.issuer = null
	sasl.oauthbearer.header.urlencode = false
	sasl.oauthbearer.jwks.endpoint.refresh.ms = 3600000
	sasl.oauthbearer.jwks.endpoint.retry.backoff.max.ms = 10000
	sasl.oauthbearer.jwks.endpoint.retry.backoff.ms = 100
	sasl.oauthbearer.jwks.endpoint.url = null
	sasl.oauthbearer.scope.claim.name = scope
	sasl.oauthbearer.sub.claim.name = sub
	sasl.oauthbearer.token.endpoint.url = null
	security.protocol = PLAINTEXT
	security.providers = null
	send.buffer.bytes = 131072
	socket.connection.setup.timeout.max.ms = 30000
	socket.connection.setup.timeout.ms = 10000
	ssl.cipher.suites = null
	ssl.enabled.protocols = [TLSv1.2, TLSv1.3]
	ssl.endpoint.identification.algorithm = https
	ssl.engine.factory.class = null
	ssl.key.password = null
	ssl.keymanager.algorithm = SunX509
	ssl.keystore.certificate.chain = null
	ssl.keystore.key = null
	ssl.keystore.location = null
	ssl.keystore.password = null
	ssl.keystore.type = JKS
	ssl.protocol = TLSv1.3
	ssl.provider = null
	ssl.secure.random.implementation = null
	ssl.trustmanager.algorithm = PKIX
	ssl.truststore.certificates = null
	ssl.truststore.location = null
	ssl.truststore.password = null
	ssl.truststore.type = JKS
	transaction.timeout.ms = 60000
	transactional.id = null
	value.serializer = class io.apicurio.registry.serde.protobuf.ProtobufKafkaSerializer

2025-08-14 22:24:20,934 INFO  [org.apa.kaf.com.tel.int.KafkaMetricsCollector] (main) initializing Kafka metrics collector
2025-08-14 22:24:20,937 INFO  [org.apa.kaf.cli.pro.KafkaProducer] (main) [Producer clientId=Producer-topic-74f2a45e_adc3_4091_8418_c9c54d34126e] Instantiated an idempotent producer.
2025-08-14 22:24:20,938 INFO  [org.apa.kaf.cli.pro.ProducerConfig] (main) These configurations '[apicurio.registry.url, apicurio.registry.auto-register, apicurio.registry.artifact-resolver-strategy]' were supplied but are not used yet.
2025-08-14 22:24:20,938 INFO  [org.apa.kaf.com.uti.AppInfoParser] (main) Kafka version: 3.9.1
2025-08-14 22:24:20,938 INFO  [org.apa.kaf.com.uti.AppInfoParser] (main) Kafka commitId: f745dfdcee2b9851
2025-08-14 22:24:20,938 INFO  [org.apa.kaf.com.uti.AppInfoParser] (main) Kafka startTimeMs: 1755210260938
2025-08-14 22:24:20,938 INFO  [io.api.tes.ser.api.SimpleSerdesTesterBuilder$SimpleSerdesTester] (main) Using producer configuration: {apicurio.registry.url=http://registry-app-ksql043.apps.ci419.apicurio-testing.org:80/apis/registry/v3, apicurio.registry.auto-register=true, apicurio.registry.artifact-resolver-strategy=io.apicurio.registry.serde.strategy.TopicIdStrategy, value.serializer=io.apicurio.registry.serde.protobuf.ProtobufKafkaSerializer, request.timeout.ms=5000, acks=all, bootstrap.servers=PLAINTEXT://localhost:32769, connections.max.idle.ms=10000, key.serializer=org.apache.kafka.common.serialization.StringSerializer, client.id=Producer-topic-74f2a45e_adc3_4091_8418_c9c54d34126e}
2025-08-14 22:24:20,938 INFO  [io.api.tes.ser.api.SimpleSerdesTesterBuilder$SimpleSerdesTester] (main) Using consumer configuration: {apicurio.registry.deserializer.value.return-class=com.google.protobuf.DynamicMessage}
2025-08-14 22:24:20,938 INFO  [io.api.tes.ser.api.KafkaSerdesTester] (ForkJoinPool.commonPool-worker-1) Sending message header {
  time {
  }
}
d1: 1.755210260938E12
s1: "a"
i1: 123
bi1: 1
point {
  longitude: 22.0
  latitude: 22.0
  altitude: 1.0
}
 to topic topic-74f2a45e_adc3_4091_8418_c9c54d34126e
2025-08-14 22:24:20,941 WARN  [org.apa.kaf.cli.NetworkClient] (kafka-producer-network-thread | Producer-topic-74f2a45e_adc3_4091_8418_c9c54d34126e) [Producer clientId=Producer-topic-74f2a45e_adc3_4091_8418_c9c54d34126e] The metadata response from the cluster reported a recoverable issue with correlation id 1 : {topic-74f2a45e_adc3_4091_8418_c9c54d34126e=UNKNOWN_TOPIC_OR_PARTITION}
2025-08-14 22:24:20,941 INFO  [org.apa.kaf.cli.Metadata] (kafka-producer-network-thread | Producer-topic-74f2a45e_adc3_4091_8418_c9c54d34126e) [Producer clientId=Producer-topic-74f2a45e_adc3_4091_8418_c9c54d34126e] Cluster ID: f700RWCeSbOIkrtSe1L4BA
2025-08-14 22:24:20,941 INFO  [org.apa.kaf.cli.pro.int.TransactionManager] (kafka-producer-network-thread | Producer-topic-74f2a45e_adc3_4091_8418_c9c54d34126e) [Producer clientId=Producer-topic-74f2a45e_adc3_4091_8418_c9c54d34126e] ProducerId set to 43 with epoch 0
2025-08-14 22:24:21,334 INFO  [io.api.tes.ser.api.KafkaSerdesTester] (ForkJoinPool.commonPool-worker-1) Sending message header {
  time {
  }
}
d1: 1.755210261334E12
s1: "a"
i1: 123
bi1: 1
point {
  longitude: 22.0
  latitude: 22.0
  altitude: 1.0
}
 to topic topic-74f2a45e_adc3_4091_8418_c9c54d34126e
2025-08-14 22:24:21,428 INFO  [io.api.tes.ser.api.KafkaSerdesTester] (ForkJoinPool.commonPool-worker-1) Sending message header {
  time {
  }
}
d1: 1.755210261427E12
s1: "a"
i1: 123
bi1: 1
point {
  longitude: 22.0
  latitude: 22.0
  altitude: 1.0
}
 to topic topic-74f2a45e_adc3_4091_8418_c9c54d34126e
2025-08-14 22:24:21,519 INFO  [io.api.tes.ser.api.KafkaSerdesTester] (ForkJoinPool.commonPool-worker-1) Sending message header {
  time {
  }
}
d1: 1.755210261519E12
s1: "a"
i1: 123
bi1: 1
point {
  longitude: 22.0
  latitude: 22.0
  altitude: 1.0
}
 to topic topic-74f2a45e_adc3_4091_8418_c9c54d34126e
2025-08-14 22:24:21,611 INFO  [io.api.tes.ser.api.KafkaSerdesTester] (ForkJoinPool.commonPool-worker-1) Sending message header {
  time {
  }
}
d1: 1.755210261611E12
s1: "a"
i1: 123
bi1: 1
point {
  longitude: 22.0
  latitude: 22.0
  altitude: 1.0
}
 to topic topic-74f2a45e_adc3_4091_8418_c9c54d34126e
2025-08-14 22:24:21,705 INFO  [io.api.tes.ser.api.KafkaSerdesTester] (ForkJoinPool.commonPool-worker-1) Sending message header {
  time {
  }
}
d1: 1.755210261704E12
s1: "a"
i1: 123
bi1: 1
point {
  longitude: 22.0
  latitude: 22.0
  altitude: 1.0
}
 to topic topic-74f2a45e_adc3_4091_8418_c9c54d34126e
2025-08-14 22:24:21,800 INFO  [io.api.tes.ser.api.KafkaSerdesTester] (ForkJoinPool.commonPool-worker-1) Sending message header {
  time {
  }
}
d1: 1.7552102618E12
s1: "a"
i1: 123
bi1: 1
point {
  longitude: 22.0
  latitude: 22.0
  altitude: 1.0
}
 to topic topic-74f2a45e_adc3_4091_8418_c9c54d34126e
2025-08-14 22:24:21,891 INFO  [io.api.tes.ser.api.KafkaSerdesTester] (ForkJoinPool.commonPool-worker-1) Sending message header {
  time {
  }
}
d1: 1.755210261891E12
s1: "a"
i1: 123
bi1: 1
point {
  longitude: 22.0
  latitude: 22.0
  altitude: 1.0
}
 to topic topic-74f2a45e_adc3_4091_8418_c9c54d34126e
2025-08-14 22:24:21,982 INFO  [io.api.tes.ser.api.KafkaSerdesTester] (ForkJoinPool.commonPool-worker-1) Sending message header {
  time {
  }
}
d1: 1.755210261982E12
s1: "a"
i1: 123
bi1: 1
point {
  longitude: 22.0
  latitude: 22.0
  altitude: 1.0
}
 to topic topic-74f2a45e_adc3_4091_8418_c9c54d34126e
2025-08-14 22:24:22,075 INFO  [io.api.tes.ser.api.KafkaSerdesTester] (ForkJoinPool.commonPool-worker-1) Sending message header {
  time {
  }
}
d1: 1.755210262075E12
s1: "a"
i1: 123
bi1: 1
point {
  longitude: 22.0
  latitude: 22.0
  altitude: 1.0
}
 to topic topic-74f2a45e_adc3_4091_8418_c9c54d34126e
2025-08-14 22:24:22,169 INFO  [io.api.tes.ser.api.KafkaSerdesTester] (ForkJoinPool.commonPool-worker-1) Produced 10 messages
2025-08-14 22:24:22,169 INFO  [org.apa.kaf.cli.pro.KafkaProducer] (ForkJoinPool.commonPool-worker-1) [Producer clientId=Producer-topic-74f2a45e_adc3_4091_8418_c9c54d34126e] Closing the Kafka producer with timeoutMillis = 9223372036854775807 ms.
2025-08-14 22:24:22,170 INFO  [org.apa.kaf.com.met.Metrics] (ForkJoinPool.commonPool-worker-1) Metrics scheduler closed
2025-08-14 22:24:22,170 INFO  [org.apa.kaf.com.met.Metrics] (ForkJoinPool.commonPool-worker-1) Closing reporter org.apache.kafka.common.metrics.JmxReporter
2025-08-14 22:24:22,170 INFO  [org.apa.kaf.com.met.Metrics] (ForkJoinPool.commonPool-worker-1) Closing reporter org.apache.kafka.common.telemetry.internals.ClientTelemetryReporter
2025-08-14 22:24:22,170 INFO  [org.apa.kaf.com.met.Metrics] (ForkJoinPool.commonPool-worker-1) Metrics reporters closed
2025-08-14 22:24:22,170 INFO  [org.apa.kaf.com.uti.AppInfoParser] (ForkJoinPool.commonPool-worker-1) App info kafka.producer for Producer-topic-74f2a45e_adc3_4091_8418_c9c54d34126e unregistered
**** Registry Base URL: http://registry-app-ksql043.apps.ci419.apicurio-testing.org:80
2025-08-14 22:24:22,310 INFO  [org.apa.kaf.cli.con.ConsumerConfig] (main) ConsumerConfig values: 
	allow.auto.create.topics = true
	auto.commit.interval.ms = 500
	auto.include.jmx.reporter = true
	auto.offset.reset = earliest
	bootstrap.servers = [PLAINTEXT://localhost:32769]
	check.crcs = true
	client.dns.lookup = use_all_dns_ips
	client.id = consumer-Consumer-topic-74f2a45e_adc3_4091_8418_c9c54d34126e-33
	client.rack = 
	connections.max.idle.ms = 10000
	default.api.timeout.ms = 60000
	enable.auto.commit = true
	enable.metrics.push = true
	exclude.internal.topics = true
	fetch.max.bytes = 52428800
	fetch.max.wait.ms = 500
	fetch.min.bytes = 1
	group.id = Consumer-topic-74f2a45e_adc3_4091_8418_c9c54d34126e
	group.instance.id = null
	group.protocol = classic
	group.remote.assignor = null
	heartbeat.interval.ms = 3000
	interceptor.classes = []
	internal.leave.group.on.close = true
	internal.throw.on.fetch.stable.offset.unsupported = false
	isolation.level = read_uncommitted
	key.deserializer = class org.apache.kafka.common.serialization.StringDeserializer
	max.partition.fetch.bytes = 1048576
	max.poll.interval.ms = 300000
	max.poll.records = 500
	metadata.max.age.ms = 300000
	metadata.recovery.strategy = none
	metric.reporters = []
	metrics.num.samples = 2
	metrics.recording.level = INFO
	metrics.sample.window.ms = 30000
	partition.assignment.strategy = [class org.apache.kafka.clients.consumer.RangeAssignor, class org.apache.kafka.clients.consumer.CooperativeStickyAssignor]
	receive.buffer.bytes = 65536
	reconnect.backoff.max.ms = 1000
	reconnect.backoff.ms = 50
	request.timeout.ms = 5000
	retry.backoff.max.ms = 1000
	retry.backoff.ms = 100
	sasl.client.callback.handler.class = null
	sasl.jaas.config = null
	sasl.kerberos.kinit.cmd = /usr/bin/kinit
	sasl.kerberos.min.time.before.relogin = 60000
	sasl.kerberos.service.name = null
	sasl.kerberos.ticket.renew.jitter = 0.05
	sasl.kerberos.ticket.renew.window.factor = 0.8
	sasl.login.callback.handler.class = null
	sasl.login.class = null
	sasl.login.connect.timeout.ms = null
	sasl.login.read.timeout.ms = null
	sasl.login.refresh.buffer.seconds = 300
	sasl.login.refresh.min.period.seconds = 60
	sasl.login.refresh.window.factor = 0.8
	sasl.login.refresh.window.jitter = 0.05
	sasl.login.retry.backoff.max.ms = 10000
	sasl.login.retry.backoff.ms = 100
	sasl.mechanism = GSSAPI
	sasl.oauthbearer.clock.skew.seconds = 30
	sasl.oauthbearer.expected.audience = null
	sasl.oauthbearer.expected.issuer = null
	sasl.oauthbearer.header.urlencode = false
	sasl.oauthbearer.jwks.endpoint.refresh.ms = 3600000
	sasl.oauthbearer.jwks.endpoint.retry.backoff.max.ms = 10000
	sasl.oauthbearer.jwks.endpoint.retry.backoff.ms = 100
	sasl.oauthbearer.jwks.endpoint.url = null
	sasl.oauthbearer.scope.claim.name = scope
	sasl.oauthbearer.sub.claim.name = sub
	sasl.oauthbearer.token.endpoint.url = null
	security.protocol = PLAINTEXT
	security.providers = null
	send.buffer.bytes = 131072
	session.timeout.ms = 45000
	socket.connection.setup.timeout.max.ms = 30000
	socket.connection.setup.timeout.ms = 10000
	ssl.cipher.suites = null
	ssl.enabled.protocols = [TLSv1.2, TLSv1.3]
	ssl.endpoint.identification.algorithm = https
	ssl.engine.factory.class = null
	ssl.key.password = null
	ssl.keymanager.algorithm = SunX509
	ssl.keystore.certificate.chain = null
	ssl.keystore.key = null
	ssl.keystore.location = null
	ssl.keystore.password = null
	ssl.keystore.type = JKS
	ssl.protocol = TLSv1.3
	ssl.provider = null
	ssl.secure.random.implementation = null
	ssl.trustmanager.algorithm = PKIX
	ssl.truststore.certificates = null
	ssl.truststore.location = null
	ssl.truststore.password = null
	ssl.truststore.type = JKS
	value.deserializer = class io.apicurio.registry.serde.protobuf.ProtobufKafkaDeserializer

2025-08-14 22:24:22,310 INFO  [org.apa.kaf.com.tel.int.KafkaMetricsCollector] (main) initializing Kafka metrics collector
2025-08-14 22:24:22,313 INFO  [org.apa.kaf.cli.con.ConsumerConfig] (main) These configurations '[apicurio.registry.deserializer.value.return-class, apicurio.registry.url]' were supplied but are not used yet.
2025-08-14 22:24:22,313 INFO  [org.apa.kaf.com.uti.AppInfoParser] (main) Kafka version: 3.9.1
2025-08-14 22:24:22,313 INFO  [org.apa.kaf.com.uti.AppInfoParser] (main) Kafka commitId: f745dfdcee2b9851
2025-08-14 22:24:22,313 INFO  [org.apa.kaf.com.uti.AppInfoParser] (main) Kafka startTimeMs: 1755210262313
2025-08-14 22:24:22,314 INFO  [org.apa.kaf.cli.con.int.ClassicKafkaConsumer] (ForkJoinPool.commonPool-worker-1) [Consumer clientId=consumer-Consumer-topic-74f2a45e_adc3_4091_8418_c9c54d34126e-33, groupId=Consumer-topic-74f2a45e_adc3_4091_8418_c9c54d34126e] Subscribed to topic(s): topic-74f2a45e_adc3_4091_8418_c9c54d34126e
2025-08-14 22:24:22,316 INFO  [org.apa.kaf.cli.Metadata] (ForkJoinPool.commonPool-worker-1) [Consumer clientId=consumer-Consumer-topic-74f2a45e_adc3_4091_8418_c9c54d34126e-33, groupId=Consumer-topic-74f2a45e_adc3_4091_8418_c9c54d34126e] Cluster ID: f700RWCeSbOIkrtSe1L4BA
2025-08-14 22:24:22,316 INFO  [org.apa.kaf.cli.con.int.ConsumerCoordinator] (ForkJoinPool.commonPool-worker-1) [Consumer clientId=consumer-Consumer-topic-74f2a45e_adc3_4091_8418_c9c54d34126e-33, groupId=Consumer-topic-74f2a45e_adc3_4091_8418_c9c54d34126e] Discovered group coordinator localhost:32769 (id: 2147483647 rack: null)
2025-08-14 22:24:22,317 INFO  [org.apa.kaf.cli.con.int.ConsumerCoordinator] (ForkJoinPool.commonPool-worker-1) [Consumer clientId=consumer-Consumer-topic-74f2a45e_adc3_4091_8418_c9c54d34126e-33, groupId=Consumer-topic-74f2a45e_adc3_4091_8418_c9c54d34126e] (Re-)joining group
2025-08-14 22:24:22,318 INFO  [org.apa.kaf.cli.con.int.ConsumerCoordinator] (ForkJoinPool.commonPool-worker-1) [Consumer clientId=consumer-Consumer-topic-74f2a45e_adc3_4091_8418_c9c54d34126e-33, groupId=Consumer-topic-74f2a45e_adc3_4091_8418_c9c54d34126e] Request joining group due to: need to re-join with the given member-id: consumer-Consumer-topic-74f2a45e_adc3_4091_8418_c9c54d34126e-33-fb87d9a8-bc66-4be7-a2b5-0e0881b28389
2025-08-14 22:24:22,318 INFO  [org.apa.kaf.cli.con.int.ConsumerCoordinator] (ForkJoinPool.commonPool-worker-1) [Consumer clientId=consumer-Consumer-topic-74f2a45e_adc3_4091_8418_c9c54d34126e-33, groupId=Consumer-topic-74f2a45e_adc3_4091_8418_c9c54d34126e] (Re-)joining group
2025-08-14 22:24:23,314 INFO  [io.api.tes.ser.api.KafkaSerdesTester] (ForkJoinPool.commonPool-worker-1) None found
2025-08-14 22:24:24,315 INFO  [io.api.tes.ser.api.KafkaSerdesTester] (ForkJoinPool.commonPool-worker-1) None found
2025-08-14 22:24:25,315 INFO  [io.api.tes.ser.api.KafkaSerdesTester] (ForkJoinPool.commonPool-worker-1) None found
2025-08-14 22:24:25,319 INFO  [org.apa.kaf.cli.con.int.ConsumerCoordinator] (ForkJoinPool.commonPool-worker-1) [Consumer clientId=consumer-Consumer-topic-74f2a45e_adc3_4091_8418_c9c54d34126e-33, groupId=Consumer-topic-74f2a45e_adc3_4091_8418_c9c54d34126e] Successfully joined group with generation Generation{generationId=1, memberId='consumer-Consumer-topic-74f2a45e_adc3_4091_8418_c9c54d34126e-33-fb87d9a8-bc66-4be7-a2b5-0e0881b28389', protocol='range'}
2025-08-14 22:24:25,320 INFO  [org.apa.kaf.cli.con.int.ConsumerCoordinator] (ForkJoinPool.commonPool-worker-1) [Consumer clientId=consumer-Consumer-topic-74f2a45e_adc3_4091_8418_c9c54d34126e-33, groupId=Consumer-topic-74f2a45e_adc3_4091_8418_c9c54d34126e] Finished assignment for group at generation 1: {consumer-Consumer-topic-74f2a45e_adc3_4091_8418_c9c54d34126e-33-fb87d9a8-bc66-4be7-a2b5-0e0881b28389=Assignment(partitions=[topic-74f2a45e_adc3_4091_8418_c9c54d34126e-0])}
2025-08-14 22:24:25,326 INFO  [org.apa.kaf.cli.con.int.ConsumerCoordinator] (ForkJoinPool.commonPool-worker-1) [Consumer clientId=consumer-Consumer-topic-74f2a45e_adc3_4091_8418_c9c54d34126e-33, groupId=Consumer-topic-74f2a45e_adc3_4091_8418_c9c54d34126e] Successfully synced group in generation Generation{generationId=1, memberId='consumer-Consumer-topic-74f2a45e_adc3_4091_8418_c9c54d34126e-33-fb87d9a8-bc66-4be7-a2b5-0e0881b28389', protocol='range'}
2025-08-14 22:24:25,326 INFO  [org.apa.kaf.cli.con.int.ConsumerCoordinator] (ForkJoinPool.commonPool-worker-1) [Consumer clientId=consumer-Consumer-topic-74f2a45e_adc3_4091_8418_c9c54d34126e-33, groupId=Consumer-topic-74f2a45e_adc3_4091_8418_c9c54d34126e] Notifying assignor about the new Assignment(partitions=[topic-74f2a45e_adc3_4091_8418_c9c54d34126e-0])
2025-08-14 22:24:25,326 INFO  [org.apa.kaf.cli.con.int.ConsumerRebalanceListenerInvoker] (ForkJoinPool.commonPool-worker-1) [Consumer clientId=consumer-Consumer-topic-74f2a45e_adc3_4091_8418_c9c54d34126e-33, groupId=Consumer-topic-74f2a45e_adc3_4091_8418_c9c54d34126e] Adding newly assigned partitions: topic-74f2a45e_adc3_4091_8418_c9c54d34126e-0
2025-08-14 22:24:25,327 INFO  [org.apa.kaf.cli.con.int.ConsumerCoordinator] (ForkJoinPool.commonPool-worker-1) [Consumer clientId=consumer-Consumer-topic-74f2a45e_adc3_4091_8418_c9c54d34126e-33, groupId=Consumer-topic-74f2a45e_adc3_4091_8418_c9c54d34126e] Found no committed offset for partition topic-74f2a45e_adc3_4091_8418_c9c54d34126e-0
2025-08-14 22:24:25,329 INFO  [org.apa.kaf.cli.con.int.SubscriptionState] (ForkJoinPool.commonPool-worker-1) [Consumer clientId=consumer-Consumer-topic-74f2a45e_adc3_4091_8418_c9c54d34126e-33, groupId=Consumer-topic-74f2a45e_adc3_4091_8418_c9c54d34126e] Resetting offset for partition topic-74f2a45e_adc3_4091_8418_c9c54d34126e-0 to position FetchPosition{offset=0, offsetEpoch=Optional.empty, currentLeader=LeaderAndEpoch{leader=Optional[localhost:32769 (id: 0 rack: null)], epoch=0}}.
2025-08-14 22:24:25,706 INFO  [io.api.tes.ser.api.KafkaSerdesTester] (ForkJoinPool.commonPool-worker-1) topic-74f2a45e_adc3_4091_8418_c9c54d34126e 0 0 header {
  time {
  }
}
d1: 1.755210260938E12
s1: "a"
i1: 123
bi1: 1
point {
  longitude: 22.0
  latitude: 22.0
  altitude: 1.0
}

2025-08-14 22:24:25,706 INFO  [io.api.tes.ser.api.KafkaSerdesTester] (ForkJoinPool.commonPool-worker-1) topic-74f2a45e_adc3_4091_8418_c9c54d34126e 0 1 header {
  time {
  }
}
d1: 1.755210261334E12
s1: "a"
i1: 123
bi1: 1
point {
  longitude: 22.0
  latitude: 22.0
  altitude: 1.0
}

2025-08-14 22:24:25,706 INFO  [io.api.tes.ser.api.KafkaSerdesTester] (ForkJoinPool.commonPool-worker-1) topic-74f2a45e_adc3_4091_8418_c9c54d34126e 0 2 header {
  time {
  }
}
d1: 1.755210261427E12
s1: "a"
i1: 123
bi1: 1
point {
  longitude: 22.0
  latitude: 22.0
  altitude: 1.0
}

2025-08-14 22:24:25,706 INFO  [io.api.tes.ser.api.KafkaSerdesTester] (ForkJoinPool.commonPool-worker-1) topic-74f2a45e_adc3_4091_8418_c9c54d34126e 0 3 header {
  time {
  }
}
d1: 1.755210261519E12
s1: "a"
i1: 123
bi1: 1
point {
  longitude: 22.0
  latitude: 22.0
  altitude: 1.0
}

2025-08-14 22:24:25,706 INFO  [io.api.tes.ser.api.KafkaSerdesTester] (ForkJoinPool.commonPool-worker-1) topic-74f2a45e_adc3_4091_8418_c9c54d34126e 0 4 header {
  time {
  }
}
d1: 1.755210261611E12
s1: "a"
i1: 123
bi1: 1
point {
  longitude: 22.0
  latitude: 22.0
  altitude: 1.0
}

2025-08-14 22:24:25,706 INFO  [io.api.tes.ser.api.KafkaSerdesTester] (ForkJoinPool.commonPool-worker-1) topic-74f2a45e_adc3_4091_8418_c9c54d34126e 0 5 header {
  time {
  }
}
d1: 1.755210261704E12
s1: "a"
i1: 123
bi1: 1
point {
  longitude: 22.0
  latitude: 22.0
  altitude: 1.0
}

2025-08-14 22:24:25,706 INFO  [io.api.tes.ser.api.KafkaSerdesTester] (ForkJoinPool.commonPool-worker-1) topic-74f2a45e_adc3_4091_8418_c9c54d34126e 0 6 header {
  time {
  }
}
d1: 1.7552102618E12
s1: "a"
i1: 123
bi1: 1
point {
  longitude: 22.0
  latitude: 22.0
  altitude: 1.0
}

2025-08-14 22:24:25,706 INFO  [io.api.tes.ser.api.KafkaSerdesTester] (ForkJoinPool.commonPool-worker-1) topic-74f2a45e_adc3_4091_8418_c9c54d34126e 0 7 header {
  time {
  }
}
d1: 1.755210261891E12
s1: "a"
i1: 123
bi1: 1
point {
  longitude: 22.0
  latitude: 22.0
  altitude: 1.0
}

2025-08-14 22:24:25,707 INFO  [io.api.tes.ser.api.KafkaSerdesTester] (ForkJoinPool.commonPool-worker-1) topic-74f2a45e_adc3_4091_8418_c9c54d34126e 0 8 header {
  time {
  }
}
d1: 1.755210261982E12
s1: "a"
i1: 123
bi1: 1
point {
  longitude: 22.0
  latitude: 22.0
  altitude: 1.0
}

2025-08-14 22:24:25,707 INFO  [io.api.tes.ser.api.KafkaSerdesTester] (ForkJoinPool.commonPool-worker-1) topic-74f2a45e_adc3_4091_8418_c9c54d34126e 0 9 header {
  time {
  }
}
d1: 1.755210262075E12
s1: "a"
i1: 123
bi1: 1
point {
  longitude: 22.0
  latitude: 22.0
  altitude: 1.0
}

2025-08-14 22:24:25,707 INFO  [io.api.tes.ser.api.KafkaSerdesTester] (ForkJoinPool.commonPool-worker-1) Consumed 10 messages
2025-08-14 22:24:25,713 INFO  [org.apa.kaf.cli.con.int.ConsumerRebalanceListenerInvoker] (ForkJoinPool.commonPool-worker-1) [Consumer clientId=consumer-Consumer-topic-74f2a45e_adc3_4091_8418_c9c54d34126e-33, groupId=Consumer-topic-74f2a45e_adc3_4091_8418_c9c54d34126e] Revoke previously assigned partitions topic-74f2a45e_adc3_4091_8418_c9c54d34126e-0
2025-08-14 22:24:25,713 INFO  [org.apa.kaf.cli.con.int.ConsumerCoordinator] (ForkJoinPool.commonPool-worker-1) [Consumer clientId=consumer-Consumer-topic-74f2a45e_adc3_4091_8418_c9c54d34126e-33, groupId=Consumer-topic-74f2a45e_adc3_4091_8418_c9c54d34126e] Member consumer-Consumer-topic-74f2a45e_adc3_4091_8418_c9c54d34126e-33-fb87d9a8-bc66-4be7-a2b5-0e0881b28389 sending LeaveGroup request to coordinator localhost:32769 (id: 2147483647 rack: null) due to the consumer is being closed
2025-08-14 22:24:25,713 INFO  [org.apa.kaf.cli.con.int.ConsumerCoordinator] (ForkJoinPool.commonPool-worker-1) [Consumer clientId=consumer-Consumer-topic-74f2a45e_adc3_4091_8418_c9c54d34126e-33, groupId=Consumer-topic-74f2a45e_adc3_4091_8418_c9c54d34126e] Resetting generation and member id due to: consumer pro-actively leaving the group
2025-08-14 22:24:25,713 INFO  [org.apa.kaf.cli.con.int.ConsumerCoordinator] (ForkJoinPool.commonPool-worker-1) [Consumer clientId=consumer-Consumer-topic-74f2a45e_adc3_4091_8418_c9c54d34126e-33, groupId=Consumer-topic-74f2a45e_adc3_4091_8418_c9c54d34126e] Request joining group due to: consumer pro-actively leaving the group
2025-08-14 22:24:26,208 INFO  [org.apa.kaf.com.met.Metrics] (ForkJoinPool.commonPool-worker-1) Metrics scheduler closed
2025-08-14 22:24:26,208 INFO  [org.apa.kaf.com.met.Metrics] (ForkJoinPool.commonPool-worker-1) Closing reporter org.apache.kafka.common.metrics.JmxReporter
2025-08-14 22:24:26,208 INFO  [org.apa.kaf.com.met.Metrics] (ForkJoinPool.commonPool-worker-1) Closing reporter org.apache.kafka.common.telemetry.internals.ClientTelemetryReporter
2025-08-14 22:24:26,208 INFO  [org.apa.kaf.com.met.Metrics] (ForkJoinPool.commonPool-worker-1) Metrics reporters closed
2025-08-14 22:24:26,209 INFO  [org.apa.kaf.com.uti.AppInfoParser] (ForkJoinPool.commonPool-worker-1) App info kafka.consumer for consumer-Consumer-topic-74f2a45e_adc3_4091_8418_c9c54d34126e-33 unregistered
2025-08-14 22:24:26,283 INFO  [io.api.tes.uti.TestSeparator] (main) io.apicurio.tests.serdes.apicurio.ProtobufSerdeIT.testAutoRegisterDynamicMessageProtobufType-FINISHED
2025-08-14 22:24:26,283 INFO  [io.api.tes.uti.TestSeparator] (main) ############################################################################
Test passed: testAutoRegisterDynamicMessageProtobufType
]]></system-out>
  </testcase>
</testsuite>