<?xml version="1.0" encoding="UTF-8"?>
<testsuite xmlns:xsi="http://www.w3.org/2001/XMLSchema-instance" xsi:noNamespaceSchemaLocation="https://maven.apache.org/surefire/maven-failsafe-plugin/xsd/failsafe-test-report.xsd" version="3.0.2" name="io.apicurio.tests.serdes.apicurio.AvroSerdeIT" time="119.547" tests="21" errors="0" skipped="2" failures="0">
  <properties>
    <property name="java.specification.version" value="17"/>
    <property name="sun.jnu.encoding" value="UTF-8"/>
    <property name="java.class.path" value="/home/runner/work/apicurio-testing/apicurio-testing/clusters/ci419/namespaces/pg17/tests/integration/apicurio-registry/integration-tests/target/test-classes:/home/runner/work/apicurio-testing/apicurio-testing/clusters/ci419/namespaces/pg17/tests/integration/apicurio-registry/integration-tests/target/apicurio-registry-integration-tests-3.0.12-SNAPSHOT.jar:/home/runner/.m2/repository/io/quarkus/quarkus-junit5/3.20.2/quarkus-junit5-3.20.2.jar:/home/runner/.m2/repository/io/quarkus/quarkus-bootstrap-core/3.20.2/quarkus-bootstrap-core-3.20.2.jar:/home/runner/.m2/repository/io/quarkus/quarkus-classloader-commons/3.20.2/quarkus-classloader-commons-3.20.2.jar:/home/runner/.m2/repository/io/quarkus/quarkus-bootstrap-app-model/3.20.2/quarkus-bootstrap-app-model-3.20.2.jar:/home/runner/.m2/repository/io/smallrye/common/smallrye-common-io/2.12.0/smallrye-common-io-2.12.0.jar:/home/runner/.m2/repository/org/eclipse/sisu/org.eclipse.sisu.inject/0.9.0.M3/org.eclipse.sisu.inject-0.9.0.M3.jar:/home/runner/.m2/repository/io/quarkus/quarkus-test-common/3.20.2/quarkus-test-common-3.20.2.jar:/home/runner/.m2/repository/io/quarkus/quarkus-core-deployment/3.20.2/quarkus-core-deployment-3.20.2.jar:/home/runner/.m2/repository/org/aesh/readline/2.6/readline-2.6.jar:/home/runner/.m2/repository/org/fusesource/jansi/jansi/2.4.0/jansi-2.4.0.jar:/home/runner/.m2/repository/org/aesh/aesh/2.8.2/aesh-2.8.2.jar:/home/runner/.m2/repository/io/quarkus/gizmo/gizmo/1.8.0/gizmo-1.8.0.jar:/home/runner/.m2/repository/org/ow2/asm/asm-util/9.7.1/asm-util-9.7.1.jar:/home/runner/.m2/repository/org/ow2/asm/asm-analysis/9.7.1/asm-analysis-9.7.1.jar:/home/runner/.m2/repository/org/ow2/asm/asm-commons/9.7.1/asm-commons-9.7.1.jar:/home/runner/.m2/repository/org/ow2/asm/asm-tree/9.7.1/asm-tree-9.7.1.jar:/home/runner/.m2/repository/io/quarkus/quarkus-hibernate-validator-spi/3.20.2/quarkus-hibernate-validator-spi-3.20.2.jar:/home/runner/.m2/repository/io/quarkus/quarkus-class-change-agent/3.20.2/quarkus-class-change-agent-3.20.2.jar:/home/runner/.m2/repository/io/quarkus/quarkus-devtools-utilities/3.20.2/quarkus-devtools-utilities-3.20.2.jar:/home/runner/.m2/repository/io/quarkus/quarkus-builder/3.20.2/quarkus-builder-3.20.2.jar:/home/runner/.m2/repository/org/graalvm/sdk/nativeimage/23.1.2/nativeimage-23.1.2.jar:/home/runner/.m2/repository/org/graalvm/sdk/word/23.1.2/word-23.1.2.jar:/home/runner/.m2/repository/io/quarkus/quarkus-bootstrap-maven-resolver/3.20.2/quarkus-bootstrap-maven-resolver-3.20.2.jar:/home/runner/.m2/repository/io/smallrye/beanbag/smallrye-beanbag-maven/1.5.2/smallrye-beanbag-maven-1.5.2.jar:/home/runner/.m2/repository/io/smallrye/beanbag/smallrye-beanbag-sisu/1.5.2/smallrye-beanbag-sisu-1.5.2.jar:/home/runner/.m2/repository/io/smallrye/beanbag/smallrye-beanbag/1.5.2/smallrye-beanbag-1.5.2.jar:/home/runner/.m2/repository/javax/inject/javax.inject/1/javax.inject-1.jar:/home/runner/.m2/repository/org/apache/maven/maven-artifact/3.9.9/maven-artifact-3.9.9.jar:/home/runner/.m2/repository/org/apache/maven/maven-builder-support/3.9.9/maven-builder-support-3.9.9.jar:/home/runner/.m2/repository/org/apache/maven/maven-model/3.9.9/maven-model-3.9.9.jar:/home/runner/.m2/repository/org/apache/maven/maven-model-builder/3.9.9/maven-model-builder-3.9.9.jar:/home/runner/.m2/repository/org/apache/maven/maven-repository-metadata/3.9.9/maven-repository-metadata-3.9.9.jar:/home/runner/.m2/repository/org/apache/maven/maven-settings/3.9.9/maven-settings-3.9.9.jar:/home/runner/.m2/repository/org/apache/maven/resolver/maven-resolver-api/1.9.22/maven-resolver-api-1.9.22.jar:/home/runner/.m2/repository/org/apache/maven/resolver/maven-resolver-impl/1.9.22/maven-resolver-impl-1.9.22.jar:/home/runner/.m2/repository/org/apache/maven/resolver/maven-resolver-named-locks/1.9.22/maven-resolver-named-locks-1.9.22.jar:/home/runner/.m2/repository/org/apache/maven/resolver/maven-resolver-spi/1.9.22/maven-resolver-spi-1.9.22.jar:/home/runner/.m2/repository/org/apache/maven/resolver/maven-resolver-util/1.9.22/maven-resolver-util-1.9.22.jar:/home/runner/.m2/repository/org/apache/maven/resolver/maven-resolver-transport-http/1.9.20/maven-resolver-transport-http-1.9.20.jar:/home/runner/.m2/repository/org/apache/maven/wagon/wagon-provider-api/3.5.3/wagon-provider-api-3.5.3.jar:/home/runner/.m2/repository/org/apache/maven/wagon/wagon-http-shared/3.5.3/wagon-http-shared-3.5.3.jar:/home/runner/.m2/repository/org/codehaus/plexus/plexus-interpolation/1.26/plexus-interpolation-1.26.jar:/home/runner/.m2/repository/org/codehaus/plexus/plexus-utils/3.5.1/plexus-utils-3.5.1.jar:/home/runner/.m2/repository/org/codehaus/plexus/plexus-xml/4.0.1/plexus-xml-4.0.1.jar:/home/runner/.m2/repository/org/apache/maven/maven-xml-impl/4.0.0-alpha-5/maven-xml-impl-4.0.0-alpha-5.jar:/home/runner/.m2/repository/org/apache/maven/maven-api-xml/4.0.0-alpha-5/maven-api-xml-4.0.0-alpha-5.jar:/home/runner/.m2/repository/org/apache/maven/maven-api-meta/4.0.0-alpha-5/maven-api-meta-4.0.0-alpha-5.jar:/home/runner/.m2/repository/org/codehaus/plexus/plexus-cipher/2.0/plexus-cipher-2.0.jar:/home/runner/.m2/repository/org/codehaus/plexus/plexus-sec-dispatcher/2.0/plexus-sec-dispatcher-2.0.jar:/home/runner/.m2/repository/org/apache/maven/maven-embedder/3.9.9/maven-embedder-3.9.9.jar:/home/runner/.m2/repository/org/apache/maven/maven-core/3.9.9/maven-core-3.9.9.jar:/home/runner/.m2/repository/org/codehaus/plexus/plexus-component-annotations/2.1.0/plexus-component-annotations-2.1.0.jar:/home/runner/.m2/repository/org/apache/maven/maven-plugin-api/3.9.9/maven-plugin-api-3.9.9.jar:/home/runner/.m2/repository/org/apache/maven/shared/maven-shared-utils/3.4.2/maven-shared-utils-3.4.2.jar:/home/runner/.m2/repository/com/google/inject/guice/5.1.0/guice-5.1.0.jar:/home/runner/.m2/repository/aopalliance/aopalliance/1.0/aopalliance-1.0.jar:/home/runner/.m2/repository/org/codehaus/plexus/plexus-classworlds/2.6.0/plexus-classworlds-2.6.0.jar:/home/runner/.m2/repository/commons-cli/commons-cli/1.8.0/commons-cli-1.8.0.jar:/home/runner/.m2/repository/org/eclipse/sisu/org.eclipse.sisu.plexus/0.9.0.M3/org.eclipse.sisu.plexus-0.9.0.M3.jar:/home/runner/.m2/repository/org/apache/maven/maven-settings-builder/3.9.9/maven-settings-builder-3.9.9.jar:/home/runner/.m2/repository/org/apache/maven/maven-resolver-provider/3.9.9/maven-resolver-provider-3.9.9.jar:/home/runner/.m2/repository/org/apache/maven/resolver/maven-resolver-connector-basic/1.9.22/maven-resolver-connector-basic-1.9.22.jar:/home/runner/.m2/repository/org/apache/maven/resolver/maven-resolver-transport-wagon/1.9.22/maven-resolver-transport-wagon-1.9.22.jar:/home/runner/.m2/repository/org/apache/maven/wagon/wagon-http/3.5.3/wagon-http-3.5.3.jar:/home/runner/.m2/repository/org/apache/maven/wagon/wagon-file/3.5.3/wagon-file-3.5.3.jar:/home/runner/.m2/repository/io/quarkus/quarkus-bootstrap-gradle-resolver/3.20.2/quarkus-bootstrap-gradle-resolver-3.20.2.jar:/home/runner/.m2/repository/io/smallrye/jandex/3.3.0/jandex-3.3.0.jar:/home/runner/.m2/repository/org/jboss/logging/commons-logging-jboss-logging/1.0.0.Final/commons-logging-jboss-logging-1.0.0.Final.jar:/home/runner/.m2/repository/io/quarkus/quarkus-junit5-config/3.20.2/quarkus-junit5-config-3.20.2.jar:/home/runner/.m2/repository/org/junit/jupiter/junit-jupiter-api/5.12.1/junit-jupiter-api-5.12.1.jar:/home/runner/.m2/repository/io/smallrye/config/smallrye-config/3.11.4/smallrye-config-3.11.4.jar:/home/runner/.m2/repository/io/smallrye/config/smallrye-config-core/3.11.4/smallrye-config-core-3.11.4.jar:/home/runner/.m2/repository/io/smallrye/common/smallrye-common-classloader/2.12.0/smallrye-common-classloader-2.12.0.jar:/home/runner/.m2/repository/io/smallrye/config/smallrye-config-common/3.11.4/smallrye-config-common-3.11.4.jar:/home/runner/.m2/repository/org/junit/jupiter/junit-jupiter/5.12.1/junit-jupiter-5.12.1.jar:/home/runner/.m2/repository/org/junit/jupiter/junit-jupiter-params/5.12.1/junit-jupiter-params-5.12.1.jar:/home/runner/.m2/repository/org/junit/jupiter/junit-jupiter-engine/5.12.1/junit-jupiter-engine-5.12.1.jar:/home/runner/.m2/repository/io/quarkus/quarkus-core/3.20.2/quarkus-core-3.20.2.jar:/home/runner/.m2/repository/jakarta/enterprise/jakarta.enterprise.cdi-api/4.1.0/jakarta.enterprise.cdi-api-4.1.0.jar:/home/runner/.m2/repository/jakarta/enterprise/jakarta.enterprise.lang-model/4.1.0/jakarta.enterprise.lang-model-4.1.0.jar:/home/runner/.m2/repository/jakarta/el/jakarta.el-api/5.0.1/jakarta.el-api-5.0.1.jar:/home/runner/.m2/repository/jakarta/interceptor/jakarta.interceptor-api/2.2.0/jakarta.interceptor-api-2.2.0.jar:/home/runner/.m2/repository/jakarta/inject/jakarta.inject-api/2.0.1/jakarta.inject-api-2.0.1.jar:/home/runner/.m2/repository/io/smallrye/common/smallrye-common-os/2.12.0/smallrye-common-os-2.12.0.jar:/home/runner/.m2/repository/io/quarkus/quarkus-ide-launcher/3.20.2/quarkus-ide-launcher-3.20.2.jar:/home/runner/.m2/repository/io/quarkus/quarkus-development-mode-spi/3.20.2/quarkus-development-mode-spi-3.20.2.jar:/home/runner/.m2/repository/org/jboss/logging/jboss-logging/3.6.1.Final/jboss-logging-3.6.1.Final.jar:/home/runner/.m2/repository/org/jboss/logmanager/jboss-logmanager/3.1.2.Final/jboss-logmanager-3.1.2.Final.jar:/home/runner/.m2/repository/io/smallrye/common/smallrye-common-constraint/2.12.0/smallrye-common-constraint-2.12.0.jar:/home/runner/.m2/repository/io/smallrye/common/smallrye-common-cpu/2.12.0/smallrye-common-cpu-2.12.0.jar:/home/runner/.m2/repository/io/smallrye/common/smallrye-common-expression/2.12.0/smallrye-common-expression-2.12.0.jar:/home/runner/.m2/repository/io/smallrye/common/smallrye-common-net/2.12.0/smallrye-common-net-2.12.0.jar:/home/runner/.m2/repository/io/smallrye/common/smallrye-common-ref/2.12.0/smallrye-common-ref-2.12.0.jar:/home/runner/.m2/repository/jakarta/json/jakarta.json-api/2.1.3/jakarta.json-api-2.1.3.jar:/home/runner/.m2/repository/org/eclipse/parsson/parsson/1.1.7/parsson-1.1.7.jar:/home/runner/.m2/repository/org/jboss/logging/jboss-logging-annotations/3.0.4.Final/jboss-logging-annotations-3.0.4.Final.jar:/home/runner/.m2/repository/org/jboss/threads/jboss-threads/3.8.0.Final/jboss-threads-3.8.0.Final.jar:/home/runner/.m2/repository/io/smallrye/common/smallrye-common-annotation/2.12.0/smallrye-common-annotation-2.12.0.jar:/home/runner/.m2/repository/io/smallrye/common/smallrye-common-function/2.12.0/smallrye-common-function-2.12.0.jar:/home/runner/.m2/repository/org/jboss/slf4j/slf4j-jboss-logmanager/2.0.0.Final/slf4j-jboss-logmanager-2.0.0.Final.jar:/home/runner/.m2/repository/org/wildfly/common/wildfly-common/2.0.1/wildfly-common-2.0.1.jar:/home/runner/.m2/repository/io/quarkus/quarkus-bootstrap-runner/3.20.2/quarkus-bootstrap-runner-3.20.2.jar:/home/runner/.m2/repository/io/github/crac/org-crac/0.1.3/org-crac-0.1.3.jar:/home/runner/.m2/repository/io/quarkus/quarkus-fs-util/0.0.10/quarkus-fs-util-0.0.10.jar:/home/runner/.m2/repository/org/jboss/marshalling/jboss-marshalling/2.2.2.Final/jboss-marshalling-2.2.2.Final.jar:/home/runner/.m2/repository/io/fabric8/kubernetes-client/7.1.0/kubernetes-client-7.1.0.jar:/home/runner/.m2/repository/io/fabric8/kubernetes-client-api/7.1.0/kubernetes-client-api-7.1.0.jar:/home/runner/.m2/repository/io/fabric8/kubernetes-model-core/7.1.0/kubernetes-model-core-7.1.0.jar:/home/runner/.m2/repository/io/fabric8/kubernetes-model-common/7.1.0/kubernetes-model-common-7.1.0.jar:/home/runner/.m2/repository/javax/annotation/javax.annotation-api/1.3.2/javax.annotation-api-1.3.2.jar:/home/runner/.m2/repository/io/fabric8/kubernetes-model-gatewayapi/7.1.0/kubernetes-model-gatewayapi-7.1.0.jar:/home/runner/.m2/repository/io/fabric8/kubernetes-model-resource/7.1.0/kubernetes-model-resource-7.1.0.jar:/home/runner/.m2/repository/io/fabric8/kubernetes-model-rbac/7.1.0/kubernetes-model-rbac-7.1.0.jar:/home/runner/.m2/repository/io/fabric8/kubernetes-model-admissionregistration/7.1.0/kubernetes-model-admissionregistration-7.1.0.jar:/home/runner/.m2/repository/io/fabric8/kubernetes-model-apps/7.1.0/kubernetes-model-apps-7.1.0.jar:/home/runner/.m2/repository/io/fabric8/kubernetes-model-autoscaling/7.1.0/kubernetes-model-autoscaling-7.1.0.jar:/home/runner/.m2/repository/io/fabric8/kubernetes-model-apiextensions/7.1.0/kubernetes-model-apiextensions-7.1.0.jar:/home/runner/.m2/repository/io/fabric8/kubernetes-model-batch/7.1.0/kubernetes-model-batch-7.1.0.jar:/home/runner/.m2/repository/io/fabric8/kubernetes-model-certificates/7.1.0/kubernetes-model-certificates-7.1.0.jar:/home/runner/.m2/repository/io/fabric8/kubernetes-model-coordination/7.1.0/kubernetes-model-coordination-7.1.0.jar:/home/runner/.m2/repository/io/fabric8/kubernetes-model-discovery/7.1.0/kubernetes-model-discovery-7.1.0.jar:/home/runner/.m2/repository/io/fabric8/kubernetes-model-events/7.1.0/kubernetes-model-events-7.1.0.jar:/home/runner/.m2/repository/io/fabric8/kubernetes-model-extensions/7.1.0/kubernetes-model-extensions-7.1.0.jar:/home/runner/.m2/repository/io/fabric8/kubernetes-model-flowcontrol/7.1.0/kubernetes-model-flowcontrol-7.1.0.jar:/home/runner/.m2/repository/io/fabric8/kubernetes-model-networking/7.1.0/kubernetes-model-networking-7.1.0.jar:/home/runner/.m2/repository/io/fabric8/kubernetes-model-metrics/7.1.0/kubernetes-model-metrics-7.1.0.jar:/home/runner/.m2/repository/io/fabric8/kubernetes-model-policy/7.1.0/kubernetes-model-policy-7.1.0.jar:/home/runner/.m2/repository/io/fabric8/kubernetes-model-scheduling/7.1.0/kubernetes-model-scheduling-7.1.0.jar:/home/runner/.m2/repository/io/fabric8/kubernetes-model-storageclass/7.1.0/kubernetes-model-storageclass-7.1.0.jar:/home/runner/.m2/repository/io/fabric8/kubernetes-model-node/7.1.0/kubernetes-model-node-7.1.0.jar:/home/runner/.m2/repository/org/snakeyaml/snakeyaml-engine/2.9/snakeyaml-engine-2.9.jar:/home/runner/.m2/repository/com/fasterxml/jackson/dataformat/jackson-dataformat-yaml/2.18.2/jackson-dataformat-yaml-2.18.2.jar:/home/runner/.m2/repository/com/fasterxml/jackson/datatype/jackson-datatype-jsr310/2.18.2/jackson-datatype-jsr310-2.18.2.jar:/home/runner/.m2/repository/io/fabric8/zjsonpatch/7.1.0/zjsonpatch-7.1.0.jar:/home/runner/.m2/repository/io/fabric8/kubernetes-httpclient-vertx/7.1.0/kubernetes-httpclient-vertx-7.1.0.jar:/home/runner/.m2/repository/io/vertx/vertx-web-client/4.5.16/vertx-web-client-4.5.16.jar:/home/runner/.m2/repository/io/vertx/vertx-web-common/4.5.16/vertx-web-common-4.5.16.jar:/home/runner/.m2/repository/io/vertx/vertx-auth-common/4.5.16/vertx-auth-common-4.5.16.jar:/home/runner/.m2/repository/io/vertx/vertx-uri-template/4.5.16/vertx-uri-template-4.5.16.jar:/home/runner/.m2/repository/io/fabric8/openshift-client/7.1.0/openshift-client-7.1.0.jar:/home/runner/.m2/repository/io/fabric8/openshift-client-api/7.1.0/openshift-client-api-7.1.0.jar:/home/runner/.m2/repository/io/fabric8/openshift-model/7.1.0/openshift-model-7.1.0.jar:/home/runner/.m2/repository/io/fabric8/openshift-model-autoscaling/7.1.0/openshift-model-autoscaling-7.1.0.jar:/home/runner/.m2/repository/io/fabric8/openshift-model-operator/7.1.0/openshift-model-operator-7.1.0.jar:/home/runner/.m2/repository/io/fabric8/openshift-model-operatorhub/7.1.0/openshift-model-operatorhub-7.1.0.jar:/home/runner/.m2/repository/io/fabric8/openshift-model-machine/7.1.0/openshift-model-machine-7.1.0.jar:/home/runner/.m2/repository/io/fabric8/openshift-model-whereabouts/7.1.0/openshift-model-whereabouts-7.1.0.jar:/home/runner/.m2/repository/io/fabric8/openshift-model-monitoring/7.1.0/openshift-model-monitoring-7.1.0.jar:/home/runner/.m2/repository/io/fabric8/openshift-model-storageversionmigrator/7.1.0/openshift-model-storageversionmigrator-7.1.0.jar:/home/runner/.m2/repository/io/fabric8/openshift-model-tuned/7.1.0/openshift-model-tuned-7.1.0.jar:/home/runner/.m2/repository/io/fabric8/openshift-model-console/7.1.0/openshift-model-console-7.1.0.jar:/home/runner/.m2/repository/io/fabric8/openshift-model-config/7.1.0/openshift-model-config-7.1.0.jar:/home/runner/.m2/repository/io/fabric8/openshift-model-machineconfiguration/7.1.0/openshift-model-machineconfiguration-7.1.0.jar:/home/runner/.m2/repository/io/fabric8/openshift-model-miscellaneous/7.1.0/openshift-model-miscellaneous-7.1.0.jar:/home/runner/.m2/repository/io/fabric8/openshift-model-hive/7.1.0/openshift-model-hive-7.1.0.jar:/home/runner/.m2/repository/io/fabric8/openshift-model-installer/7.1.0/openshift-model-installer-7.1.0.jar:/home/runner/.m2/repository/org/junit/platform/junit-platform-launcher/1.12.1/junit-platform-launcher-1.12.1.jar:/home/runner/.m2/repository/org/junit/platform/junit-platform-engine/1.12.1/junit-platform-engine-1.12.1.jar:/home/runner/.m2/repository/org/opentest4j/opentest4j/1.3.0/opentest4j-1.3.0.jar:/home/runner/.m2/repository/org/junit/platform/junit-platform-commons/1.12.1/junit-platform-commons-1.12.1.jar:/home/runner/.m2/repository/org/apiguardian/apiguardian-api/1.1.2/apiguardian-api-1.1.2.jar:/home/runner/.m2/repository/jakarta/ws/rs/jakarta.ws.rs-api/3.1.0/jakarta.ws.rs-api-3.1.0.jar:/home/runner/work/apicurio-testing/apicurio-testing/clusters/ci419/namespaces/pg17/tests/integration/apicurio-registry/java-sdk/target/apicurio-registry-java-sdk-3.0.12-SNAPSHOT.jar:/home/runner/.m2/repository/com/microsoft/kiota/microsoft-kiota-abstractions/1.8.8/microsoft-kiota-abstractions-1.8.8.jar:/home/runner/.m2/repository/io/github/std-uritemplate/std-uritemplate/2.0.0/std-uritemplate-2.0.0.jar:/home/runner/.m2/repository/io/kiota/kiota-http-jdk/0.0.29/kiota-http-jdk-0.0.29.jar:/home/runner/.m2/repository/io/kiota/kiota-http-vertx/0.0.29/kiota-http-vertx-0.0.29.jar:/home/runner/.m2/repository/io/kiota/kiota-serialization-jackson/0.0.29/kiota-serialization-jackson-0.0.29.jar:/home/runner/.m2/repository/com/microsoft/kiota/microsoft-kiota-serialization-text/1.8.8/microsoft-kiota-serialization-text-1.8.8.jar:/home/runner/.m2/repository/com/microsoft/kiota/microsoft-kiota-serialization-form/1.8.8/microsoft-kiota-serialization-form-1.8.8.jar:/home/runner/.m2/repository/com/microsoft/kiota/microsoft-kiota-serialization-multipart/1.8.8/microsoft-kiota-serialization-multipart-1.8.8.jar:/home/runner/.m2/repository/jakarta/annotation/jakarta.annotation-api/3.0.0/jakarta.annotation-api-3.0.0.jar:/home/runner/.m2/repository/io/vertx/vertx-auth-oauth2/4.5.16/vertx-auth-oauth2-4.5.16.jar:/home/runner/work/apicurio-testing/apicurio-testing/clusters/ci419/namespaces/pg17/tests/integration/apicurio-registry/java-sdk-v2/target/apicurio-registry-v2-java-sdk-3.0.12-SNAPSHOT.jar:/home/runner/work/apicurio-testing/apicurio-testing/clusters/ci419/namespaces/pg17/tests/integration/apicurio-registry/utils/kafka/target/apicurio-registry-utils-kafka-3.0.12-SNAPSHOT-tests.jar:/home/runner/.m2/repository/org/eclipse/microprofile/config/microprofile-config-api/3.1/microprofile-config-api-3.1.jar:/home/runner/.m2/repository/org/apache/kafka/kafka-clients/3.9.1/kafka-clients-3.9.1.jar:/home/runner/.m2/repository/com/github/luben/zstd-jni/1.5.6-4/zstd-jni-1.5.6-4.jar:/home/runner/.m2/repository/org/lz4/lz4-java/1.8.0/lz4-java-1.8.0.jar:/home/runner/.m2/repository/org/xerial/snappy/snappy-java/1.1.10.5/snappy-java-1.1.10.5.jar:/home/runner/.m2/repository/org/slf4j/slf4j-api/2.0.6/slf4j-api-2.0.6.jar:/home/runner/work/apicurio-testing/apicurio-testing/clusters/ci419/namespaces/pg17/tests/integration/apicurio-registry/utils/tests/target/apicurio-registry-utils-tests-3.0.12-SNAPSHOT.jar:/home/runner/work/apicurio-testing/apicurio-testing/clusters/ci419/namespaces/pg17/tests/integration/apicurio-registry/common/target/apicurio-registry-common-3.0.12-SNAPSHOT.jar:/home/runner/.m2/repository/jakarta/validation/jakarta.validation-api/3.0.2/jakarta.validation-api-3.0.2.jar:/home/runner/.m2/repository/com/github/dasniko/testcontainers-keycloak/3.8.0/testcontainers-keycloak-3.8.0.jar:/home/runner/.m2/repository/org/testcontainers/testcontainers/1.20.6/testcontainers-1.20.6.jar:/home/runner/.m2/repository/org/rnorth/duct-tape/duct-tape/1.0.8/duct-tape-1.0.8.jar:/home/runner/.m2/repository/com/github/docker-java/docker-java-transport-zerodep/3.4.1/docker-java-transport-zerodep-3.4.1.jar:/home/runner/.m2/repository/com/github/docker-java/docker-java-transport/3.4.1/docker-java-transport-3.4.1.jar:/home/runner/.m2/repository/net/java/dev/jna/jna/5.8.0/jna-5.8.0.jar:/home/runner/.m2/repository/io/quarkus/quarkus-junit4-mock/3.20.2/quarkus-junit4-mock-3.20.2.jar:/home/runner/.m2/repository/org/jboss/shrinkwrap/shrinkwrap-api/2.0.0-beta-2/shrinkwrap-api-2.0.0-beta-2.jar:/home/runner/.m2/repository/org/jboss/shrinkwrap/shrinkwrap-impl-base/2.0.0-beta-2/shrinkwrap-impl-base-2.0.0-beta-2.jar:/home/runner/.m2/repository/org/jboss/shrinkwrap/shrinkwrap-spi/2.0.0-beta-2/shrinkwrap-spi-2.0.0-beta-2.jar:/home/runner/.m2/repository/org/keycloak/keycloak-admin-client/26.0.4/keycloak-admin-client-26.0.4.jar:/home/runner/.m2/repository/org/keycloak/keycloak-client-common-synced/26.0.4/keycloak-client-common-synced-26.0.4.jar:/home/runner/.m2/repository/jakarta/activation/jakarta.activation-api/2.1.3/jakarta.activation-api-2.1.3.jar:/home/runner/.m2/repository/org/eclipse/microprofile/openapi/microprofile-openapi-api/4.0.2/microprofile-openapi-api-4.0.2.jar:/home/runner/.m2/repository/org/jboss/resteasy/resteasy-client/6.2.12.Final/resteasy-client-6.2.12.Final.jar:/home/runner/.m2/repository/org/jboss/resteasy/resteasy-client-api/6.2.12.Final/resteasy-client-api-6.2.12.Final.jar:/home/runner/.m2/repository/org/jboss/resteasy/resteasy-core-spi/6.2.12.Final/resteasy-core-spi-6.2.12.Final.jar:/home/runner/.m2/repository/org/jboss/resteasy/resteasy-core/6.2.12.Final/resteasy-core-6.2.12.Final.jar:/home/runner/.m2/repository/org/eclipse/angus/angus-activation/2.0.2/angus-activation-2.0.2.jar:/home/runner/.m2/repository/com/ibm/async/asyncutil/0.1.0/asyncutil-0.1.0.jar:/home/runner/.m2/repository/org/reactivestreams/reactive-streams/1.0.4/reactive-streams-1.0.4.jar:/home/runner/.m2/repository/org/jboss/resteasy/resteasy-multipart-provider/6.2.12.Final/resteasy-multipart-provider-6.2.12.Final.jar:/home/runner/.m2/repository/jakarta/mail/jakarta.mail-api/2.1.3/jakarta.mail-api-2.1.3.jar:/home/runner/.m2/repository/org/eclipse/angus/angus-mail/2.0.3/angus-mail-2.0.3.jar:/home/runner/.m2/repository/org/apache/james/apache-mime4j-dom/0.8.12/apache-mime4j-dom-0.8.12.jar:/home/runner/.m2/repository/org/apache/james/apache-mime4j-core/0.8.12/apache-mime4j-core-0.8.12.jar:/home/runner/.m2/repository/org/apache/james/apache-mime4j-storage/0.8.12/apache-mime4j-storage-0.8.12.jar:/home/runner/.m2/repository/org/jboss/resteasy/resteasy-jackson2-provider/6.2.12.Final/resteasy-jackson2-provider-6.2.12.Final.jar:/home/runner/.m2/repository/com/fasterxml/jackson/jakarta/rs/jackson-jakarta-rs-base/2.18.2/jackson-jakarta-rs-base-2.18.2.jar:/home/runner/.m2/repository/com/fasterxml/jackson/jakarta/rs/jackson-jakarta-rs-json-provider/2.18.2/jackson-jakarta-rs-json-provider-2.18.2.jar:/home/runner/.m2/repository/com/fasterxml/jackson/module/jackson-module-jakarta-xmlbind-annotations/2.18.2/jackson-module-jakarta-xmlbind-annotations-2.18.2.jar:/home/runner/.m2/repository/com/github/java-json-tools/json-patch/1.13/json-patch-1.13.jar:/home/runner/.m2/repository/com/github/java-json-tools/msg-simple/1.2/msg-simple-1.2.jar:/home/runner/.m2/repository/com/github/java-json-tools/btf/1.3/btf-1.3.jar:/home/runner/.m2/repository/com/github/java-json-tools/jackson-coreutils/2.0/jackson-coreutils-2.0.jar:/home/runner/.m2/repository/org/jboss/resteasy/resteasy-jaxb-provider/6.2.12.Final/resteasy-jaxb-provider-6.2.12.Final.jar:/home/runner/.m2/repository/org/glassfish/jaxb/codemodel/4.0.5/codemodel-4.0.5.jar:/home/runner/.m2/repository/org/glassfish/jaxb/jaxb-core/4.0.5/jaxb-core-4.0.5.jar:/home/runner/.m2/repository/org/glassfish/jaxb/jaxb-jxc/4.0.5/jaxb-jxc-4.0.5.jar:/home/runner/.m2/repository/org/glassfish/jaxb/jaxb-runtime/4.0.5/jaxb-runtime-4.0.5.jar:/home/runner/.m2/repository/org/glassfish/jaxb/txw2/4.0.5/txw2-4.0.5.jar:/home/runner/.m2/repository/org/glassfish/jaxb/jaxb-xjc/4.0.5/jaxb-xjc-4.0.5.jar:/home/runner/.m2/repository/org/glassfish/jaxb/xsom/4.0.5/xsom-4.0.5.jar:/home/runner/.m2/repository/com/sun/istack/istack-commons-runtime/4.1.2/istack-commons-runtime-4.1.2.jar:/home/runner/.m2/repository/com/sun/istack/istack-commons-tools/4.1.2/istack-commons-tools-4.1.2.jar:/home/runner/.m2/repository/com/sun/xml/bind/external/relaxng-datatype/4.0.5/relaxng-datatype-4.0.5.jar:/home/runner/.m2/repository/com/sun/xml/bind/external/rngom/4.0.5/rngom-4.0.5.jar:/home/runner/.m2/repository/org/testcontainers/mssqlserver/1.20.6/mssqlserver-1.20.6.jar:/home/runner/.m2/repository/org/testcontainers/jdbc/1.20.6/jdbc-1.20.6.jar:/home/runner/.m2/repository/org/testcontainers/database-commons/1.20.6/database-commons-1.20.6.jar:/home/runner/.m2/repository/org/testcontainers/mysql/1.20.6/mysql-1.20.6.jar:/home/runner/.m2/repository/io/strimzi/strimzi-test-container/0.111.0/strimzi-test-container-0.111.0.jar:/home/runner/.m2/repository/org/testcontainers/toxiproxy/1.20.6/toxiproxy-1.20.6.jar:/home/runner/.m2/repository/com/github/docker-java/docker-java-api/3.4.1/docker-java-api-3.4.1.jar:/home/runner/.m2/repository/org/apache/logging/log4j/log4j-slf4j-impl/2.19.0/log4j-slf4j-impl-2.19.0.jar:/home/runner/.m2/repository/org/apache/logging/log4j/log4j-api/2.24.3/log4j-api-2.24.3.jar:/home/runner/.m2/repository/org/apache/logging/log4j/log4j-core/2.19.0/log4j-core-2.19.0.jar:/home/runner/.m2/repository/eu/rekawek/toxiproxy/toxiproxy-java/2.1.7/toxiproxy-java-2.1.7.jar:/home/runner/.m2/repository/org/testcontainers/pulsar/1.21.3/pulsar-1.21.3.jar:/home/runner/.m2/repository/io/debezium/debezium-testing-testcontainers/2.7.4.Final/debezium-testing-testcontainers-2.7.4.Final.jar:/home/runner/.m2/repository/org/testcontainers/kafka/1.20.6/kafka-1.20.6.jar:/home/runner/.m2/repository/com/squareup/okhttp3/okhttp/4.8.1/okhttp-4.8.1.jar:/home/runner/.m2/repository/com/squareup/okio/okio/3.10.2/okio-3.10.2.jar:/home/runner/.m2/repository/com/squareup/okio/okio-jvm/3.10.2/okio-jvm-3.10.2.jar:/home/runner/.m2/repository/org/jetbrains/kotlin/kotlin-stdlib/2.0.21/kotlin-stdlib-2.0.21.jar:/home/runner/.m2/repository/org/awaitility/awaitility/4.3.0/awaitility-4.3.0.jar:/home/runner/.m2/repository/org/testcontainers/mongodb/1.20.6/mongodb-1.20.6.jar:/home/runner/.m2/repository/org/testcontainers/mariadb/1.20.6/mariadb-1.20.6.jar:/home/runner/.m2/repository/org/testcontainers/oracle-xe/1.20.6/oracle-xe-1.20.6.jar:/home/runner/.m2/repository/org/testcontainers/postgresql/1.20.6/postgresql-1.20.6.jar:/home/runner/.m2/repository/org/wiremock/wiremock/3.0.1/wiremock-3.0.1.jar:/home/runner/.m2/repository/org/eclipse/jetty/jetty-server/11.0.15/jetty-server-11.0.15.jar:/home/runner/.m2/repository/org/eclipse/jetty/toolchain/jetty-jakarta-servlet-api/5.0.2/jetty-jakarta-servlet-api-5.0.2.jar:/home/runner/.m2/repository/org/eclipse/jetty/jetty-http/11.0.15/jetty-http-11.0.15.jar:/home/runner/.m2/repository/org/eclipse/jetty/jetty-io/11.0.15/jetty-io-11.0.15.jar:/home/runner/.m2/repository/org/eclipse/jetty/jetty-servlet/11.0.15/jetty-servlet-11.0.15.jar:/home/runner/.m2/repository/org/eclipse/jetty/jetty-security/11.0.15/jetty-security-11.0.15.jar:/home/runner/.m2/repository/org/eclipse/jetty/jetty-servlets/11.0.15/jetty-servlets-11.0.15.jar:/home/runner/.m2/repository/org/eclipse/jetty/jetty-util/11.0.15/jetty-util-11.0.15.jar:/home/runner/.m2/repository/org/eclipse/jetty/jetty-webapp/11.0.15/jetty-webapp-11.0.15.jar:/home/runner/.m2/repository/org/eclipse/jetty/jetty-xml/11.0.15/jetty-xml-11.0.15.jar:/home/runner/.m2/repository/org/eclipse/jetty/jetty-proxy/11.0.15/jetty-proxy-11.0.15.jar:/home/runner/.m2/repository/org/eclipse/jetty/jetty-client/11.0.15/jetty-client-11.0.15.jar:/home/runner/.m2/repository/org/eclipse/jetty/http2/http2-server/11.0.15/http2-server-11.0.15.jar:/home/runner/.m2/repository/org/eclipse/jetty/http2/http2-common/11.0.15/http2-common-11.0.15.jar:/home/runner/.m2/repository/org/eclipse/jetty/http2/http2-hpack/11.0.15/http2-hpack-11.0.15.jar:/home/runner/.m2/repository/org/eclipse/jetty/jetty-alpn-server/11.0.15/jetty-alpn-server-11.0.15.jar:/home/runner/.m2/repository/org/eclipse/jetty/jetty-alpn-java-server/11.0.15/jetty-alpn-java-server-11.0.15.jar:/home/runner/.m2/repository/org/eclipse/jetty/jetty-alpn-java-client/11.0.15/jetty-alpn-java-client-11.0.15.jar:/home/runner/.m2/repository/org/eclipse/jetty/jetty-alpn-client/11.0.15/jetty-alpn-client-11.0.15.jar:/home/runner/.m2/repository/org/apache/httpcomponents/client5/httpclient5/5.2.1/httpclient5-5.2.1.jar:/home/runner/.m2/repository/org/apache/httpcomponents/core5/httpcore5/5.2/httpcore5-5.2.jar:/home/runner/.m2/repository/org/apache/httpcomponents/core5/httpcore5-h2/5.2/httpcore5-h2-5.2.jar:/home/runner/.m2/repository/org/xmlunit/xmlunit-core/2.9.1/xmlunit-core-2.9.1.jar:/home/runner/.m2/repository/jakarta/xml/bind/jakarta.xml.bind-api/4.0.2/jakarta.xml.bind-api-4.0.2.jar:/home/runner/.m2/repository/org/xmlunit/xmlunit-legacy/2.9.1/xmlunit-legacy-2.9.1.jar:/home/runner/.m2/repository/org/xmlunit/xmlunit-placeholders/2.9.1/xmlunit-placeholders-2.9.1.jar:/home/runner/.m2/repository/net/javacrumbs/json-unit/json-unit-core/2.38.0/json-unit-core-2.38.0.jar:/home/runner/.m2/repository/org/hamcrest/hamcrest-core/2.2/hamcrest-core-2.2.jar:/home/runner/.m2/repository/com/jayway/jsonpath/json-path/2.8.0/json-path-2.8.0.jar:/home/runner/.m2/repository/net/minidev/json-smart/2.4.10/json-smart-2.4.10.jar:/home/runner/.m2/repository/net/minidev/accessors-smart/2.4.9/accessors-smart-2.4.9.jar:/home/runner/.m2/repository/org/ow2/asm/asm/9.7.1/asm-9.7.1.jar:/home/runner/.m2/repository/net/sf/jopt-simple/jopt-simple/5.0.4/jopt-simple-5.0.4.jar:/home/runner/.m2/repository/com/github/jknack/handlebars/4.3.1/handlebars-4.3.1.jar:/home/runner/.m2/repository/com/github/jknack/handlebars-helpers/4.3.1/handlebars-helpers-4.3.1.jar:/home/runner/.m2/repository/commons-fileupload/commons-fileupload/1.5/commons-fileupload-1.5.jar:/home/runner/.m2/repository/com/networknt/json-schema-validator/1.5.8/json-schema-validator-1.5.8.jar:/home/runner/.m2/repository/com/ethlo/time/itu/1.10.3/itu-1.10.3.jar:/home/runner/.m2/repository/io/quarkus/quarkus-smallrye-jwt-build/3.20.2/quarkus-smallrye-jwt-build-3.20.2.jar:/home/runner/.m2/repository/io/smallrye/smallrye-jwt-build/4.6.2/smallrye-jwt-build-4.6.2.jar:/home/runner/.m2/repository/org/eclipse/microprofile/jwt/microprofile-jwt-auth-api/2.1/microprofile-jwt-auth-api-2.1.jar:/home/runner/.m2/repository/org/bitbucket/b_c/jose4j/0.9.6/jose4j-0.9.6.jar:/home/runner/.m2/repository/io/smallrye/smallrye-jwt-common/4.6.2/smallrye-jwt-common-4.6.2.jar:/home/runner/.m2/repository/io/quarkus/quarkus-jsonp/3.20.2/quarkus-jsonp-3.20.2.jar:/home/runner/.m2/repository/io/quarkus/quarkus-arc/3.20.2/quarkus-arc-3.20.2.jar:/home/runner/.m2/repository/io/quarkus/arc/arc/3.20.2/arc-3.20.2.jar:/home/runner/.m2/repository/jakarta/transaction/jakarta.transaction-api/2.0.1/jakarta.transaction-api-2.0.1.jar:/home/runner/.m2/repository/io/smallrye/reactive/mutiny/2.9.2/mutiny-2.9.2.jar:/home/runner/.m2/repository/org/jctools/jctools-core/4.0.5/jctools-core-4.0.5.jar:/home/runner/.m2/repository/org/eclipse/microprofile/context-propagation/microprofile-context-propagation-api/1.3/microprofile-context-propagation-api-1.3.jar:/home/runner/.m2/repository/io/apicurio/apicurio-common-rest-client-common/0.1.18.Final/apicurio-common-rest-client-common-0.1.18.Final.jar:/home/runner/work/apicurio-testing/apicurio-testing/clusters/ci419/namespaces/pg17/tests/integration/apicurio-registry/utils/maven-plugin/target/apicurio-registry-maven-plugin-3.0.12-SNAPSHOT.jar:/home/runner/.m2/repository/com/fasterxml/jackson/core/jackson-databind/2.18.2/jackson-databind-2.18.2.jar:/home/runner/.m2/repository/org/apache/avro/avro/1.12.0/avro-1.12.0.jar:/home/runner/.m2/repository/com/google/protobuf/protobuf-java/4.31.1/protobuf-java-4.31.1.jar:/home/runner/.m2/repository/com/google/protobuf/protobuf-java-util/4.31.1/protobuf-java-util-4.31.1.jar:/home/runner/.m2/repository/com/google/code/findbugs/jsr305/3.0.2/jsr305-3.0.2.jar:/home/runner/.m2/repository/com/google/code/gson/gson/2.12.1/gson-2.12.1.jar:/home/runner/.m2/repository/com/google/errorprone/error_prone_annotations/2.36.0/error_prone_annotations-2.36.0.jar:/home/runner/.m2/repository/com/google/j2objc/j2objc-annotations/2.8/j2objc-annotations-2.8.jar:/home/runner/work/apicurio-testing/apicurio-testing/clusters/ci419/namespaces/pg17/tests/integration/apicurio-registry/schema-util/util-provider/target/apicurio-registry-schema-util-provider-3.0.12-SNAPSHOT.jar:/home/runner/work/apicurio-testing/apicurio-testing/clusters/ci419/namespaces/pg17/tests/integration/apicurio-registry/schema-util/common/target/apicurio-registry-schema-util-common-3.0.12-SNAPSHOT.jar:/home/runner/.m2/repository/com/fasterxml/jackson/module/jackson-module-parameter-names/2.18.2/jackson-module-parameter-names-2.18.2.jar:/home/runner/.m2/repository/com/fasterxml/jackson/datatype/jackson-datatype-json-org/2.18.2/jackson-datatype-json-org-2.18.2.jar:/home/runner/work/apicurio-testing/apicurio-testing/clusters/ci419/namespaces/pg17/tests/integration/apicurio-registry/schema-util/json/target/apicurio-registry-schema-util-json-3.0.12-SNAPSHOT.jar:/home/runner/.m2/repository/com/github/erosb/everit-json-schema/1.14.5/everit-json-schema-1.14.5.jar:/home/runner/.m2/repository/commons-validator/commons-validator/1.9.0/commons-validator-1.9.0.jar:/home/runner/.m2/repository/commons-digester/commons-digester/2.1/commons-digester-2.1.jar:/home/runner/.m2/repository/commons-collections/commons-collections/3.2.2/commons-collections-3.2.2.jar:/home/runner/.m2/repository/com/damnhandy/handy-uri-templates/2.1.8/handy-uri-templates-2.1.8.jar:/home/runner/.m2/repository/joda-time/joda-time/2.10.2/joda-time-2.10.2.jar:/home/runner/.m2/repository/com/github/erosb/json-sKema/0.20.0/json-sKema-0.20.0.jar:/home/runner/.m2/repository/io/vertx/vertx-json-schema/4.5.16/vertx-json-schema-4.5.16.jar:/home/runner/work/apicurio-testing/apicurio-testing/clusters/ci419/namespaces/pg17/tests/integration/apicurio-registry/schema-util/protobuf/target/apicurio-registry-schema-util-protobuf-3.0.12-SNAPSHOT.jar:/home/runner/work/apicurio-testing/apicurio-testing/clusters/ci419/namespaces/pg17/tests/integration/apicurio-registry/utils/protobuf-schema-utilities/target/apicurio-registry-protobuf-schema-utilities-3.0.12-SNAPSHOT.jar:/home/runner/.m2/repository/com/google/api/grpc/proto-google-common-protos/2.52.0/proto-google-common-protos-2.52.0.jar:/home/runner/.m2/repository/com/squareup/wire/wire-schema-jvm/5.3.3/wire-schema-jvm-5.3.3.jar:/home/runner/.m2/repository/com/palantir/javapoet/javapoet/0.6.0/javapoet-0.6.0.jar:/home/runner/.m2/repository/com/squareup/kotlinpoet-jvm/2.0.0/kotlinpoet-jvm-2.0.0.jar:/home/runner/.m2/repository/org/jetbrains/kotlin/kotlin-reflect/2.0.21/kotlin-reflect-2.0.21.jar:/home/runner/.m2/repository/com/squareup/wire/wire-runtime-jvm/5.3.3/wire-runtime-jvm-5.3.3.jar:/home/runner/.m2/repository/com/ibm/icu/icu4j/76.1/icu4j-76.1.jar:/home/runner/.m2/repository/com/squareup/okio/okio-fakefilesystem/3.10.2/okio-fakefilesystem-3.10.2.jar:/home/runner/.m2/repository/com/squareup/okio/okio-fakefilesystem-jvm/3.10.2/okio-fakefilesystem-jvm-3.10.2.jar:/home/runner/.m2/repository/org/jetbrains/kotlinx/kotlinx-datetime-jvm/0.6.1/kotlinx-datetime-jvm-0.6.1.jar:/home/runner/work/apicurio-testing/apicurio-testing/clusters/ci419/namespaces/pg17/tests/integration/apicurio-registry/schema-util/asyncapi/target/apicurio-registry-schema-util-asyncapi-3.0.12-SNAPSHOT.jar:/home/runner/work/apicurio-testing/apicurio-testing/clusters/ci419/namespaces/pg17/tests/integration/apicurio-registry/schema-util/avro/target/apicurio-registry-schema-util-avro-3.0.12-SNAPSHOT.jar:/home/runner/work/apicurio-testing/apicurio-testing/clusters/ci419/namespaces/pg17/tests/integration/apicurio-registry/schema-util/graphql/target/apicurio-registry-schema-util-graphql-3.0.12-SNAPSHOT.jar:/home/runner/.m2/repository/com/graphql-java/graphql-java/22.4/graphql-java-22.4.jar:/home/runner/.m2/repository/com/graphql-java/java-dataloader/3.3.0/java-dataloader-3.3.0.jar:/home/runner/work/apicurio-testing/apicurio-testing/clusters/ci419/namespaces/pg17/tests/integration/apicurio-registry/schema-util/kconnect/target/apicurio-registry-schema-util-kconnect-3.0.12-SNAPSHOT.jar:/home/runner/work/apicurio-testing/apicurio-testing/clusters/ci419/namespaces/pg17/tests/integration/apicurio-registry/schema-util/openapi/target/apicurio-registry-schema-util-openapi-3.0.12-SNAPSHOT.jar:/home/runner/.m2/repository/io/apicurio/apicurio-data-models/2.2.2/apicurio-data-models-2.2.2.jar:/home/runner/.m2/repository/org/openapitools/openapidiff/openapi-diff-core/2.1.2/openapi-diff-core-2.1.2.jar:/home/runner/.m2/repository/io/swagger/parser/v3/swagger-parser/2.1.28/swagger-parser-2.1.28.jar:/home/runner/.m2/repository/io/swagger/parser/v3/swagger-parser-v2-converter/2.1.28/swagger-parser-v2-converter-2.1.28.jar:/home/runner/.m2/repository/io/swagger/swagger-core/1.6.16/swagger-core-1.6.16.jar:/home/runner/.m2/repository/io/swagger/swagger-models/1.6.16/swagger-models-1.6.16.jar:/home/runner/.m2/repository/io/swagger/swagger-annotations/1.6.16/swagger-annotations-1.6.16.jar:/home/runner/.m2/repository/io/swagger/swagger-parser/1.0.75/swagger-parser-1.0.75.jar:/home/runner/.m2/repository/io/swagger/swagger-parser-safe-url-resolver/1.0.75/swagger-parser-safe-url-resolver-1.0.75.jar:/home/runner/.m2/repository/io/swagger/swagger-compat-spec-parser/1.0.75/swagger-compat-spec-parser-1.0.75.jar:/home/runner/.m2/repository/com/github/java-json-tools/json-schema-validator/2.2.14/json-schema-validator-2.2.14.jar:/home/runner/.m2/repository/com/github/java-json-tools/jackson-coreutils-equivalence/1.0/jackson-coreutils-equivalence-1.0.jar:/home/runner/.m2/repository/com/github/java-json-tools/json-schema-core/1.2.14/json-schema-core-1.2.14.jar:/home/runner/.m2/repository/com/github/java-json-tools/uri-template/0.10/uri-template-0.10.jar:/home/runner/.m2/repository/com/googlecode/libphonenumber/libphonenumber/8.11.1/libphonenumber-8.11.1.jar:/home/runner/.m2/repository/com/j2html/j2html/1.6.0/j2html-1.6.0.jar:/home/runner/.m2/repository/org/apache/commons/commons-collections4/4.5.0/commons-collections4-4.5.0.jar:/home/runner/.m2/repository/org/slf4j/jcl-over-slf4j/2.0.17/jcl-over-slf4j-2.0.17.jar:/home/runner/.m2/repository/io/swagger/parser/v3/swagger-parser-v3/2.1.31/swagger-parser-v3-2.1.31.jar:/home/runner/.m2/repository/io/swagger/core/v3/swagger-models/2.2.34/swagger-models-2.2.34.jar:/home/runner/.m2/repository/io/swagger/core/v3/swagger-core/2.2.34/swagger-core-2.2.34.jar:/home/runner/.m2/repository/io/swagger/parser/v3/swagger-parser-core/2.1.31/swagger-parser-core-2.1.31.jar:/home/runner/.m2/repository/io/swagger/parser/v3/swagger-parser-safe-url-resolver/2.1.31/swagger-parser-safe-url-resolver-2.1.31.jar:/home/runner/work/apicurio-testing/apicurio-testing/clusters/ci419/namespaces/pg17/tests/integration/apicurio-registry/schema-util/wsdl/target/apicurio-registry-schema-util-wsdl-3.0.12-SNAPSHOT.jar:/home/runner/.m2/repository/wsdl4j/wsdl4j/1.6.3/wsdl4j-1.6.3.jar:/home/runner/work/apicurio-testing/apicurio-testing/clusters/ci419/namespaces/pg17/tests/integration/apicurio-registry/schema-util/xml/target/apicurio-registry-schema-util-xml-3.0.12-SNAPSHOT.jar:/home/runner/.m2/repository/org/apache/santuario/xmlsec/4.0.4/xmlsec-4.0.4.jar:/home/runner/.m2/repository/com/fasterxml/woodstox/woodstox-core/7.1.1/woodstox-core-7.1.1.jar:/home/runner/.m2/repository/org/codehaus/woodstox/stax2-api/4.2.2/stax2-api-4.2.2.jar:/home/runner/work/apicurio-testing/apicurio-testing/clusters/ci419/namespaces/pg17/tests/integration/apicurio-registry/schema-util/xsd/target/apicurio-registry-schema-util-xsd-3.0.12-SNAPSHOT.jar:/home/runner/work/apicurio-testing/apicurio-testing/clusters/ci419/namespaces/pg17/tests/integration/apicurio-registry/serdes/kafka/jsonschema-serde/target/apicurio-registry-jsonschema-serde-kafka-3.0.12-SNAPSHOT.jar:/home/runner/work/apicurio-testing/apicurio-testing/clusters/ci419/namespaces/pg17/tests/integration/apicurio-registry/serdes/kafka/serde-kafka-common/target/apicurio-registry-serde-kafka-common-3.0.12-SNAPSHOT.jar:/home/runner/work/apicurio-testing/apicurio-testing/clusters/ci419/namespaces/pg17/tests/integration/apicurio-registry/serdes/generic/serde-common/target/apicurio-registry-serde-common-3.0.12-SNAPSHOT.jar:/home/runner/work/apicurio-testing/apicurio-testing/clusters/ci419/namespaces/pg17/tests/integration/apicurio-registry/serdes/generic/serde-common-jsonschema/target/apicurio-registry-serde-common-jsonschema-3.0.12-SNAPSHOT.jar:/home/runner/.m2/repository/org/json/json/20250107/json-20250107.jar:/home/runner/work/apicurio-testing/apicurio-testing/clusters/ci419/namespaces/pg17/tests/integration/apicurio-registry/serdes/kafka/avro-serde/target/apicurio-registry-avro-serde-kafka-3.0.12-SNAPSHOT.jar:/home/runner/work/apicurio-testing/apicurio-testing/clusters/ci419/namespaces/pg17/tests/integration/apicurio-registry/serdes/generic/serde-common-avro/target/apicurio-registry-serde-common-avro-3.0.12-SNAPSHOT.jar:/home/runner/work/apicurio-testing/apicurio-testing/clusters/ci419/namespaces/pg17/tests/integration/apicurio-registry/serdes/kafka/protobuf-serde/target/apicurio-registry-protobuf-serde-kafka-3.0.12-SNAPSHOT.jar:/home/runner/work/apicurio-testing/apicurio-testing/clusters/ci419/namespaces/pg17/tests/integration/apicurio-registry/serdes/generic/serde-common-protobuf/target/apicurio-registry-serde-common-protobuf-3.0.12-SNAPSHOT.jar:/home/runner/.m2/repository/com/squareup/wire/wire-schema/5.3.3/wire-schema-5.3.3.jar:/home/runner/.m2/repository/com/squareup/wire/wire-runtime/5.3.3/wire-runtime-5.3.3.jar:/home/runner/work/apicurio-testing/apicurio-testing/clusters/ci419/namespaces/pg17/tests/integration/apicurio-registry/serdes/pulsar/avro-serde/target/apicurio-registry-avro-serde-pulsar-3.0.12-SNAPSHOT.jar:/home/runner/.m2/repository/org/apache/pulsar/pulsar-functions-api/3.3.8/pulsar-functions-api-3.3.8.jar:/home/runner/work/apicurio-testing/apicurio-testing/clusters/ci419/namespaces/pg17/tests/integration/apicurio-registry/serdes/nats/avro-serde/target/apicurio-registry-avro-serde-nats-3.0.12-SNAPSHOT.jar:/home/runner/.m2/repository/io/nats/jnats/2.21.4/jnats-2.21.4.jar:/home/runner/.m2/repository/org/bouncycastle/bcprov-lts8on/2.73.7/bcprov-lts8on-2.73.7.jar:/home/runner/.m2/repository/org/jetbrains/annotations/26.0.2/annotations-26.0.2.jar:/home/runner/work/apicurio-testing/apicurio-testing/clusters/ci419/namespaces/pg17/tests/integration/apicurio-registry/utils/converter/target/apicurio-registry-utils-converter-3.0.12-SNAPSHOT.jar:/home/runner/work/apicurio-testing/apicurio-testing/clusters/ci419/namespaces/pg17/tests/integration/apicurio-registry/schema-resolver/target/apicurio-registry-schema-resolver-3.0.12-SNAPSHOT.jar:/home/runner/.m2/repository/org/apache/kafka/connect-api/3.9.1/connect-api-3.9.1.jar:/home/runner/.m2/repository/javax/ws/rs/javax.ws.rs-api/2.1.1/javax.ws.rs-api-2.1.1.jar:/home/runner/.m2/repository/org/apache/kafka/connect-json/3.9.1/connect-json-3.9.1.jar:/home/runner/.m2/repository/com/fasterxml/jackson/datatype/jackson-datatype-jdk8/2.18.2/jackson-datatype-jdk8-2.18.2.jar:/home/runner/.m2/repository/com/fasterxml/jackson/module/jackson-module-afterburner/2.18.2/jackson-module-afterburner-2.18.2.jar:/home/runner/work/apicurio-testing/apicurio-testing/clusters/ci419/namespaces/pg17/tests/integration/apicurio-registry/utils/kafka/target/apicurio-registry-utils-kafka-3.0.12-SNAPSHOT.jar:/home/runner/.m2/repository/org/apache/pulsar/pulsar-client/3.3.8/pulsar-client-3.3.8.jar:/home/runner/.m2/repository/org/apache/pulsar/pulsar-client-api/3.3.8/pulsar-client-api-3.3.8.jar:/home/runner/.m2/repository/org/apache/pulsar/pulsar-client-admin-api/3.3.8/pulsar-client-admin-api-3.3.8.jar:/home/runner/.m2/repository/org/apache/pulsar/bouncy-castle-bc/3.3.8/bouncy-castle-bc-3.3.8-pkg.jar:/home/runner/.m2/repository/org/bouncycastle/bcpkix-jdk18on/1.81/bcpkix-jdk18on-1.81.jar:/home/runner/.m2/repository/org/bouncycastle/bcutil-jdk18on/1.81/bcutil-jdk18on-1.81.jar:/home/runner/.m2/repository/org/bouncycastle/bcprov-jdk18on/1.81/bcprov-jdk18on-1.81.jar:/home/runner/.m2/repository/io/opentelemetry/opentelemetry-api/1.44.1/opentelemetry-api-1.44.1.jar:/home/runner/.m2/repository/io/opentelemetry/opentelemetry-context/1.44.1/opentelemetry-context-1.44.1.jar:/home/runner/.m2/repository/io/opentelemetry/opentelemetry-api-incubator/1.44.1-alpha/opentelemetry-api-incubator-1.44.1-alpha.jar:/home/runner/.m2/repository/com/fasterxml/jackson/core/jackson-annotations/2.18.2/jackson-annotations-2.18.2.jar:/home/runner/.m2/repository/javax/validation/validation-api/1.1.0.Final/validation-api-1.1.0.Final.jar:/home/runner/.m2/repository/org/jspecify/jspecify/1.0.0/jspecify-1.0.0.jar:/home/runner/.m2/repository/org/apache/commons/commons-configuration2/2.12.0/commons-configuration2-2.12.0.jar:/home/runner/.m2/repository/commons-logging/commons-logging/1.3.5/commons-logging-1.3.5.jar:/home/runner/.m2/repository/org/apache/commons/commons-text/1.13.0/commons-text-1.13.0.jar:/home/runner/.m2/repository/io/confluent/kafka-avro-serializer/8.0.0/kafka-avro-serializer-8.0.0.jar:/home/runner/.m2/repository/org/apache/commons/commons-compress/1.27.1/commons-compress-1.27.1.jar:/home/runner/.m2/repository/io/confluent/kafka-schema-serializer/8.0.0/kafka-schema-serializer-8.0.0.jar:/home/runner/.m2/repository/com/fasterxml/jackson/dataformat/jackson-dataformat-csv/2.18.2/jackson-dataformat-csv-2.18.2.jar:/home/runner/.m2/repository/io/confluent/kafka-schema-registry-client/8.0.0/kafka-schema-registry-client-8.0.0.jar:/home/runner/.m2/repository/org/yaml/snakeyaml/2.3/snakeyaml-2.3.jar:/home/runner/.m2/repository/io/swagger/core/v3/swagger-annotations/2.2.29/swagger-annotations-2.2.29.jar:/home/runner/.m2/repository/com/google/guava/guava/33.4.0-jre/guava-33.4.0-jre.jar:/home/runner/.m2/repository/com/google/guava/failureaccess/1.0.1/failureaccess-1.0.1.jar:/home/runner/.m2/repository/org/checkerframework/checker-qual/3.49.0/checker-qual-3.49.0.jar:/home/runner/.m2/repository/io/confluent/logredactor/1.0.13/logredactor-1.0.13.jar:/home/runner/.m2/repository/com/google/re2j/re2j/1.6/re2j-1.6.jar:/home/runner/.m2/repository/io/confluent/logredactor-metrics/1.0.13/logredactor-metrics-1.0.13.jar:/home/runner/.m2/repository/com/eclipsesource/minimal-json/minimal-json/0.9.5/minimal-json-0.9.5.jar:/home/runner/.m2/repository/io/confluent/common-utils/8.0.0/common-utils-8.0.0.jar:/home/runner/.m2/repository/io/confluent/kafka-connect-avro-converter/8.0.0/kafka-connect-avro-converter-8.0.0.jar:/home/runner/.m2/repository/io/confluent/kafka-connect-avro-data/8.0.0/kafka-connect-avro-data-8.0.0.jar:/home/runner/.m2/repository/io/confluent/kafka-schema-converter/8.0.0/kafka-schema-converter-8.0.0.jar:/home/runner/.m2/repository/io/rest-assured/rest-assured/5.5.1/rest-assured-5.5.1.jar:/home/runner/.m2/repository/org/apache/groovy/groovy/4.0.22/groovy-4.0.22.jar:/home/runner/.m2/repository/org/apache/groovy/groovy-xml/4.0.22/groovy-xml-4.0.22.jar:/home/runner/.m2/repository/org/apache/httpcomponents/httpclient/4.5.14/httpclient-4.5.14.jar:/home/runner/.m2/repository/org/apache/httpcomponents/httpcore/4.4.16/httpcore-4.4.16.jar:/home/runner/.m2/repository/org/apache/httpcomponents/httpmime/4.5.14/httpmime-4.5.14.jar:/home/runner/.m2/repository/org/hamcrest/hamcrest/2.2/hamcrest-2.2.jar:/home/runner/.m2/repository/org/ccil/cowan/tagsoup/tagsoup/1.2.1/tagsoup-1.2.1.jar:/home/runner/.m2/repository/io/rest-assured/json-path/5.5.1/json-path-5.5.1.jar:/home/runner/.m2/repository/org/apache/groovy/groovy-json/4.0.22/groovy-json-4.0.22.jar:/home/runner/.m2/repository/io/rest-assured/rest-assured-common/5.5.1/rest-assured-common-5.5.1.jar:/home/runner/.m2/repository/io/rest-assured/xml-path/5.5.1/xml-path-5.5.1.jar:/home/runner/.m2/repository/io/zonky/test/embedded-postgres/2.1.0/embedded-postgres-2.1.0.jar:/home/runner/.m2/repository/io/zonky/test/postgres/embedded-postgres-binaries-windows-amd64/14.15.0/embedded-postgres-binaries-windows-amd64-14.15.0.jar:/home/runner/.m2/repository/io/zonky/test/postgres/embedded-postgres-binaries-darwin-amd64/14.15.0/embedded-postgres-binaries-darwin-amd64-14.15.0.jar:/home/runner/.m2/repository/io/zonky/test/postgres/embedded-postgres-binaries-linux-amd64/14.15.0/embedded-postgres-binaries-linux-amd64-14.15.0.jar:/home/runner/.m2/repository/io/zonky/test/postgres/embedded-postgres-binaries-linux-amd64-alpine/14.15.0/embedded-postgres-binaries-linux-amd64-alpine-14.15.0.jar:/home/runner/.m2/repository/org/apache/commons/commons-lang3/3.17.0/commons-lang3-3.17.0.jar:/home/runner/.m2/repository/org/tukaani/xz/1.10/xz-1.10.jar:/home/runner/.m2/repository/commons-codec/commons-codec/1.19.0/commons-codec-1.19.0.jar:/home/runner/.m2/repository/org/postgresql/postgresql/42.7.7/postgresql-42.7.7.jar:/home/runner/.m2/repository/commons-io/commons-io/2.18.0/commons-io-2.18.0.jar:/home/runner/work/apicurio-testing/apicurio-testing/clusters/ci419/namespaces/pg17/tests/integration/apicurio-registry/utils/importexport/target/apicurio-registry-utils-import-export-3.0.12-SNAPSHOT.jar:/home/runner/.m2/repository/io/vertx/vertx-core/4.5.16/vertx-core-4.5.16.jar:/home/runner/.m2/repository/io/netty/netty-common/4.1.121.Final/netty-common-4.1.121.Final.jar:/home/runner/.m2/repository/io/netty/netty-buffer/4.1.121.Final/netty-buffer-4.1.121.Final.jar:/home/runner/.m2/repository/io/netty/netty-transport/4.1.121.Final/netty-transport-4.1.121.Final.jar:/home/runner/.m2/repository/io/netty/netty-handler/4.1.121.Final/netty-handler-4.1.121.Final.jar:/home/runner/.m2/repository/io/netty/netty-transport-native-unix-common/4.1.121.Final/netty-transport-native-unix-common-4.1.121.Final.jar:/home/runner/.m2/repository/io/netty/netty-codec/4.1.121.Final/netty-codec-4.1.121.Final.jar:/home/runner/.m2/repository/io/netty/netty-handler-proxy/4.1.121.Final/netty-handler-proxy-4.1.121.Final.jar:/home/runner/.m2/repository/io/netty/netty-codec-socks/4.1.121.Final/netty-codec-socks-4.1.121.Final.jar:/home/runner/.m2/repository/io/netty/netty-codec-http/4.1.121.Final/netty-codec-http-4.1.121.Final.jar:/home/runner/.m2/repository/io/netty/netty-codec-http2/4.1.121.Final/netty-codec-http2-4.1.121.Final.jar:/home/runner/.m2/repository/io/netty/netty-resolver/4.1.121.Final/netty-resolver-4.1.121.Final.jar:/home/runner/.m2/repository/io/netty/netty-resolver-dns/4.1.121.Final/netty-resolver-dns-4.1.121.Final.jar:/home/runner/.m2/repository/io/netty/netty-codec-dns/4.1.121.Final/netty-codec-dns-4.1.121.Final.jar:/home/runner/.m2/repository/com/fasterxml/jackson/core/jackson-core/2.18.2/jackson-core-2.18.2.jar:"/>
    <property name="java.vm.vendor" value="Eclipse Adoptium"/>
    <property name="maven.javadoc.skip" value="true"/>
    <property name="sun.arch.data.model" value="64"/>
    <property name="java.vendor.url" value="https://adoptium.net/"/>
    <property name="user.timezone" value="Etc/UTC"/>
    <property name="os.name" value="Linux"/>
    <property name="java.vm.specification.version" value="17"/>
    <property name="sun.java.launcher" value="SUN_STANDARD"/>
    <property name="quarkus.http.test-port" value="80"/>
    <property name="sun.boot.library.path" value="/usr/lib/jvm/temurin-17-jdk-amd64/lib"/>
    <property name="sun.java.command" value="/home/runner/work/apicurio-testing/apicurio-testing/clusters/ci419/namespaces/pg17/tests/integration/apicurio-registry/integration-tests/target/surefire/surefirebooter-20250807122237933_3.jar /home/runner/work/apicurio-testing/apicurio-testing/clusters/ci419/namespaces/pg17/tests/integration/apicurio-registry/integration-tests/target/surefire 2025-08-07T12-22-37_841-jvmRun1 surefire-20250807122237933_1tmp surefire_0-20250807122237933_2tmp"/>
    <property name="maven.home" value="/home/runner/.m2/wrapper/dists/apache-maven-3.9.8-bin/4fnp1ql35bgk2a0p7m31ovbgb0/apache-maven-3.9.8"/>
    <property name="jdk.debug" value="release"/>
    <property name="surefire.test.class.path" value="/home/runner/work/apicurio-testing/apicurio-testing/clusters/ci419/namespaces/pg17/tests/integration/apicurio-registry/integration-tests/target/test-classes:/home/runner/work/apicurio-testing/apicurio-testing/clusters/ci419/namespaces/pg17/tests/integration/apicurio-registry/integration-tests/target/apicurio-registry-integration-tests-3.0.12-SNAPSHOT.jar:/home/runner/.m2/repository/io/quarkus/quarkus-junit5/3.20.2/quarkus-junit5-3.20.2.jar:/home/runner/.m2/repository/io/quarkus/quarkus-bootstrap-core/3.20.2/quarkus-bootstrap-core-3.20.2.jar:/home/runner/.m2/repository/io/quarkus/quarkus-classloader-commons/3.20.2/quarkus-classloader-commons-3.20.2.jar:/home/runner/.m2/repository/io/quarkus/quarkus-bootstrap-app-model/3.20.2/quarkus-bootstrap-app-model-3.20.2.jar:/home/runner/.m2/repository/io/smallrye/common/smallrye-common-io/2.12.0/smallrye-common-io-2.12.0.jar:/home/runner/.m2/repository/org/eclipse/sisu/org.eclipse.sisu.inject/0.9.0.M3/org.eclipse.sisu.inject-0.9.0.M3.jar:/home/runner/.m2/repository/io/quarkus/quarkus-test-common/3.20.2/quarkus-test-common-3.20.2.jar:/home/runner/.m2/repository/io/quarkus/quarkus-core-deployment/3.20.2/quarkus-core-deployment-3.20.2.jar:/home/runner/.m2/repository/org/aesh/readline/2.6/readline-2.6.jar:/home/runner/.m2/repository/org/fusesource/jansi/jansi/2.4.0/jansi-2.4.0.jar:/home/runner/.m2/repository/org/aesh/aesh/2.8.2/aesh-2.8.2.jar:/home/runner/.m2/repository/io/quarkus/gizmo/gizmo/1.8.0/gizmo-1.8.0.jar:/home/runner/.m2/repository/org/ow2/asm/asm-util/9.7.1/asm-util-9.7.1.jar:/home/runner/.m2/repository/org/ow2/asm/asm-analysis/9.7.1/asm-analysis-9.7.1.jar:/home/runner/.m2/repository/org/ow2/asm/asm-commons/9.7.1/asm-commons-9.7.1.jar:/home/runner/.m2/repository/org/ow2/asm/asm-tree/9.7.1/asm-tree-9.7.1.jar:/home/runner/.m2/repository/io/quarkus/quarkus-hibernate-validator-spi/3.20.2/quarkus-hibernate-validator-spi-3.20.2.jar:/home/runner/.m2/repository/io/quarkus/quarkus-class-change-agent/3.20.2/quarkus-class-change-agent-3.20.2.jar:/home/runner/.m2/repository/io/quarkus/quarkus-devtools-utilities/3.20.2/quarkus-devtools-utilities-3.20.2.jar:/home/runner/.m2/repository/io/quarkus/quarkus-builder/3.20.2/quarkus-builder-3.20.2.jar:/home/runner/.m2/repository/org/graalvm/sdk/nativeimage/23.1.2/nativeimage-23.1.2.jar:/home/runner/.m2/repository/org/graalvm/sdk/word/23.1.2/word-23.1.2.jar:/home/runner/.m2/repository/io/quarkus/quarkus-bootstrap-maven-resolver/3.20.2/quarkus-bootstrap-maven-resolver-3.20.2.jar:/home/runner/.m2/repository/io/smallrye/beanbag/smallrye-beanbag-maven/1.5.2/smallrye-beanbag-maven-1.5.2.jar:/home/runner/.m2/repository/io/smallrye/beanbag/smallrye-beanbag-sisu/1.5.2/smallrye-beanbag-sisu-1.5.2.jar:/home/runner/.m2/repository/io/smallrye/beanbag/smallrye-beanbag/1.5.2/smallrye-beanbag-1.5.2.jar:/home/runner/.m2/repository/javax/inject/javax.inject/1/javax.inject-1.jar:/home/runner/.m2/repository/org/apache/maven/maven-artifact/3.9.9/maven-artifact-3.9.9.jar:/home/runner/.m2/repository/org/apache/maven/maven-builder-support/3.9.9/maven-builder-support-3.9.9.jar:/home/runner/.m2/repository/org/apache/maven/maven-model/3.9.9/maven-model-3.9.9.jar:/home/runner/.m2/repository/org/apache/maven/maven-model-builder/3.9.9/maven-model-builder-3.9.9.jar:/home/runner/.m2/repository/org/apache/maven/maven-repository-metadata/3.9.9/maven-repository-metadata-3.9.9.jar:/home/runner/.m2/repository/org/apache/maven/maven-settings/3.9.9/maven-settings-3.9.9.jar:/home/runner/.m2/repository/org/apache/maven/resolver/maven-resolver-api/1.9.22/maven-resolver-api-1.9.22.jar:/home/runner/.m2/repository/org/apache/maven/resolver/maven-resolver-impl/1.9.22/maven-resolver-impl-1.9.22.jar:/home/runner/.m2/repository/org/apache/maven/resolver/maven-resolver-named-locks/1.9.22/maven-resolver-named-locks-1.9.22.jar:/home/runner/.m2/repository/org/apache/maven/resolver/maven-resolver-spi/1.9.22/maven-resolver-spi-1.9.22.jar:/home/runner/.m2/repository/org/apache/maven/resolver/maven-resolver-util/1.9.22/maven-resolver-util-1.9.22.jar:/home/runner/.m2/repository/org/apache/maven/resolver/maven-resolver-transport-http/1.9.20/maven-resolver-transport-http-1.9.20.jar:/home/runner/.m2/repository/org/apache/maven/wagon/wagon-provider-api/3.5.3/wagon-provider-api-3.5.3.jar:/home/runner/.m2/repository/org/apache/maven/wagon/wagon-http-shared/3.5.3/wagon-http-shared-3.5.3.jar:/home/runner/.m2/repository/org/codehaus/plexus/plexus-interpolation/1.26/plexus-interpolation-1.26.jar:/home/runner/.m2/repository/org/codehaus/plexus/plexus-utils/3.5.1/plexus-utils-3.5.1.jar:/home/runner/.m2/repository/org/codehaus/plexus/plexus-xml/4.0.1/plexus-xml-4.0.1.jar:/home/runner/.m2/repository/org/apache/maven/maven-xml-impl/4.0.0-alpha-5/maven-xml-impl-4.0.0-alpha-5.jar:/home/runner/.m2/repository/org/apache/maven/maven-api-xml/4.0.0-alpha-5/maven-api-xml-4.0.0-alpha-5.jar:/home/runner/.m2/repository/org/apache/maven/maven-api-meta/4.0.0-alpha-5/maven-api-meta-4.0.0-alpha-5.jar:/home/runner/.m2/repository/org/codehaus/plexus/plexus-cipher/2.0/plexus-cipher-2.0.jar:/home/runner/.m2/repository/org/codehaus/plexus/plexus-sec-dispatcher/2.0/plexus-sec-dispatcher-2.0.jar:/home/runner/.m2/repository/org/apache/maven/maven-embedder/3.9.9/maven-embedder-3.9.9.jar:/home/runner/.m2/repository/org/apache/maven/maven-core/3.9.9/maven-core-3.9.9.jar:/home/runner/.m2/repository/org/codehaus/plexus/plexus-component-annotations/2.1.0/plexus-component-annotations-2.1.0.jar:/home/runner/.m2/repository/org/apache/maven/maven-plugin-api/3.9.9/maven-plugin-api-3.9.9.jar:/home/runner/.m2/repository/org/apache/maven/shared/maven-shared-utils/3.4.2/maven-shared-utils-3.4.2.jar:/home/runner/.m2/repository/com/google/inject/guice/5.1.0/guice-5.1.0.jar:/home/runner/.m2/repository/aopalliance/aopalliance/1.0/aopalliance-1.0.jar:/home/runner/.m2/repository/org/codehaus/plexus/plexus-classworlds/2.6.0/plexus-classworlds-2.6.0.jar:/home/runner/.m2/repository/commons-cli/commons-cli/1.8.0/commons-cli-1.8.0.jar:/home/runner/.m2/repository/org/eclipse/sisu/org.eclipse.sisu.plexus/0.9.0.M3/org.eclipse.sisu.plexus-0.9.0.M3.jar:/home/runner/.m2/repository/org/apache/maven/maven-settings-builder/3.9.9/maven-settings-builder-3.9.9.jar:/home/runner/.m2/repository/org/apache/maven/maven-resolver-provider/3.9.9/maven-resolver-provider-3.9.9.jar:/home/runner/.m2/repository/org/apache/maven/resolver/maven-resolver-connector-basic/1.9.22/maven-resolver-connector-basic-1.9.22.jar:/home/runner/.m2/repository/org/apache/maven/resolver/maven-resolver-transport-wagon/1.9.22/maven-resolver-transport-wagon-1.9.22.jar:/home/runner/.m2/repository/org/apache/maven/wagon/wagon-http/3.5.3/wagon-http-3.5.3.jar:/home/runner/.m2/repository/org/apache/maven/wagon/wagon-file/3.5.3/wagon-file-3.5.3.jar:/home/runner/.m2/repository/io/quarkus/quarkus-bootstrap-gradle-resolver/3.20.2/quarkus-bootstrap-gradle-resolver-3.20.2.jar:/home/runner/.m2/repository/io/smallrye/jandex/3.3.0/jandex-3.3.0.jar:/home/runner/.m2/repository/org/jboss/logging/commons-logging-jboss-logging/1.0.0.Final/commons-logging-jboss-logging-1.0.0.Final.jar:/home/runner/.m2/repository/io/quarkus/quarkus-junit5-config/3.20.2/quarkus-junit5-config-3.20.2.jar:/home/runner/.m2/repository/org/junit/jupiter/junit-jupiter-api/5.12.1/junit-jupiter-api-5.12.1.jar:/home/runner/.m2/repository/io/smallrye/config/smallrye-config/3.11.4/smallrye-config-3.11.4.jar:/home/runner/.m2/repository/io/smallrye/config/smallrye-config-core/3.11.4/smallrye-config-core-3.11.4.jar:/home/runner/.m2/repository/io/smallrye/common/smallrye-common-classloader/2.12.0/smallrye-common-classloader-2.12.0.jar:/home/runner/.m2/repository/io/smallrye/config/smallrye-config-common/3.11.4/smallrye-config-common-3.11.4.jar:/home/runner/.m2/repository/org/junit/jupiter/junit-jupiter/5.12.1/junit-jupiter-5.12.1.jar:/home/runner/.m2/repository/org/junit/jupiter/junit-jupiter-params/5.12.1/junit-jupiter-params-5.12.1.jar:/home/runner/.m2/repository/org/junit/jupiter/junit-jupiter-engine/5.12.1/junit-jupiter-engine-5.12.1.jar:/home/runner/.m2/repository/io/quarkus/quarkus-core/3.20.2/quarkus-core-3.20.2.jar:/home/runner/.m2/repository/jakarta/enterprise/jakarta.enterprise.cdi-api/4.1.0/jakarta.enterprise.cdi-api-4.1.0.jar:/home/runner/.m2/repository/jakarta/enterprise/jakarta.enterprise.lang-model/4.1.0/jakarta.enterprise.lang-model-4.1.0.jar:/home/runner/.m2/repository/jakarta/el/jakarta.el-api/5.0.1/jakarta.el-api-5.0.1.jar:/home/runner/.m2/repository/jakarta/interceptor/jakarta.interceptor-api/2.2.0/jakarta.interceptor-api-2.2.0.jar:/home/runner/.m2/repository/jakarta/inject/jakarta.inject-api/2.0.1/jakarta.inject-api-2.0.1.jar:/home/runner/.m2/repository/io/smallrye/common/smallrye-common-os/2.12.0/smallrye-common-os-2.12.0.jar:/home/runner/.m2/repository/io/quarkus/quarkus-ide-launcher/3.20.2/quarkus-ide-launcher-3.20.2.jar:/home/runner/.m2/repository/io/quarkus/quarkus-development-mode-spi/3.20.2/quarkus-development-mode-spi-3.20.2.jar:/home/runner/.m2/repository/org/jboss/logging/jboss-logging/3.6.1.Final/jboss-logging-3.6.1.Final.jar:/home/runner/.m2/repository/org/jboss/logmanager/jboss-logmanager/3.1.2.Final/jboss-logmanager-3.1.2.Final.jar:/home/runner/.m2/repository/io/smallrye/common/smallrye-common-constraint/2.12.0/smallrye-common-constraint-2.12.0.jar:/home/runner/.m2/repository/io/smallrye/common/smallrye-common-cpu/2.12.0/smallrye-common-cpu-2.12.0.jar:/home/runner/.m2/repository/io/smallrye/common/smallrye-common-expression/2.12.0/smallrye-common-expression-2.12.0.jar:/home/runner/.m2/repository/io/smallrye/common/smallrye-common-net/2.12.0/smallrye-common-net-2.12.0.jar:/home/runner/.m2/repository/io/smallrye/common/smallrye-common-ref/2.12.0/smallrye-common-ref-2.12.0.jar:/home/runner/.m2/repository/jakarta/json/jakarta.json-api/2.1.3/jakarta.json-api-2.1.3.jar:/home/runner/.m2/repository/org/eclipse/parsson/parsson/1.1.7/parsson-1.1.7.jar:/home/runner/.m2/repository/org/jboss/logging/jboss-logging-annotations/3.0.4.Final/jboss-logging-annotations-3.0.4.Final.jar:/home/runner/.m2/repository/org/jboss/threads/jboss-threads/3.8.0.Final/jboss-threads-3.8.0.Final.jar:/home/runner/.m2/repository/io/smallrye/common/smallrye-common-annotation/2.12.0/smallrye-common-annotation-2.12.0.jar:/home/runner/.m2/repository/io/smallrye/common/smallrye-common-function/2.12.0/smallrye-common-function-2.12.0.jar:/home/runner/.m2/repository/org/jboss/slf4j/slf4j-jboss-logmanager/2.0.0.Final/slf4j-jboss-logmanager-2.0.0.Final.jar:/home/runner/.m2/repository/org/wildfly/common/wildfly-common/2.0.1/wildfly-common-2.0.1.jar:/home/runner/.m2/repository/io/quarkus/quarkus-bootstrap-runner/3.20.2/quarkus-bootstrap-runner-3.20.2.jar:/home/runner/.m2/repository/io/github/crac/org-crac/0.1.3/org-crac-0.1.3.jar:/home/runner/.m2/repository/io/quarkus/quarkus-fs-util/0.0.10/quarkus-fs-util-0.0.10.jar:/home/runner/.m2/repository/org/jboss/marshalling/jboss-marshalling/2.2.2.Final/jboss-marshalling-2.2.2.Final.jar:/home/runner/.m2/repository/io/fabric8/kubernetes-client/7.1.0/kubernetes-client-7.1.0.jar:/home/runner/.m2/repository/io/fabric8/kubernetes-client-api/7.1.0/kubernetes-client-api-7.1.0.jar:/home/runner/.m2/repository/io/fabric8/kubernetes-model-core/7.1.0/kubernetes-model-core-7.1.0.jar:/home/runner/.m2/repository/io/fabric8/kubernetes-model-common/7.1.0/kubernetes-model-common-7.1.0.jar:/home/runner/.m2/repository/javax/annotation/javax.annotation-api/1.3.2/javax.annotation-api-1.3.2.jar:/home/runner/.m2/repository/io/fabric8/kubernetes-model-gatewayapi/7.1.0/kubernetes-model-gatewayapi-7.1.0.jar:/home/runner/.m2/repository/io/fabric8/kubernetes-model-resource/7.1.0/kubernetes-model-resource-7.1.0.jar:/home/runner/.m2/repository/io/fabric8/kubernetes-model-rbac/7.1.0/kubernetes-model-rbac-7.1.0.jar:/home/runner/.m2/repository/io/fabric8/kubernetes-model-admissionregistration/7.1.0/kubernetes-model-admissionregistration-7.1.0.jar:/home/runner/.m2/repository/io/fabric8/kubernetes-model-apps/7.1.0/kubernetes-model-apps-7.1.0.jar:/home/runner/.m2/repository/io/fabric8/kubernetes-model-autoscaling/7.1.0/kubernetes-model-autoscaling-7.1.0.jar:/home/runner/.m2/repository/io/fabric8/kubernetes-model-apiextensions/7.1.0/kubernetes-model-apiextensions-7.1.0.jar:/home/runner/.m2/repository/io/fabric8/kubernetes-model-batch/7.1.0/kubernetes-model-batch-7.1.0.jar:/home/runner/.m2/repository/io/fabric8/kubernetes-model-certificates/7.1.0/kubernetes-model-certificates-7.1.0.jar:/home/runner/.m2/repository/io/fabric8/kubernetes-model-coordination/7.1.0/kubernetes-model-coordination-7.1.0.jar:/home/runner/.m2/repository/io/fabric8/kubernetes-model-discovery/7.1.0/kubernetes-model-discovery-7.1.0.jar:/home/runner/.m2/repository/io/fabric8/kubernetes-model-events/7.1.0/kubernetes-model-events-7.1.0.jar:/home/runner/.m2/repository/io/fabric8/kubernetes-model-extensions/7.1.0/kubernetes-model-extensions-7.1.0.jar:/home/runner/.m2/repository/io/fabric8/kubernetes-model-flowcontrol/7.1.0/kubernetes-model-flowcontrol-7.1.0.jar:/home/runner/.m2/repository/io/fabric8/kubernetes-model-networking/7.1.0/kubernetes-model-networking-7.1.0.jar:/home/runner/.m2/repository/io/fabric8/kubernetes-model-metrics/7.1.0/kubernetes-model-metrics-7.1.0.jar:/home/runner/.m2/repository/io/fabric8/kubernetes-model-policy/7.1.0/kubernetes-model-policy-7.1.0.jar:/home/runner/.m2/repository/io/fabric8/kubernetes-model-scheduling/7.1.0/kubernetes-model-scheduling-7.1.0.jar:/home/runner/.m2/repository/io/fabric8/kubernetes-model-storageclass/7.1.0/kubernetes-model-storageclass-7.1.0.jar:/home/runner/.m2/repository/io/fabric8/kubernetes-model-node/7.1.0/kubernetes-model-node-7.1.0.jar:/home/runner/.m2/repository/org/snakeyaml/snakeyaml-engine/2.9/snakeyaml-engine-2.9.jar:/home/runner/.m2/repository/com/fasterxml/jackson/dataformat/jackson-dataformat-yaml/2.18.2/jackson-dataformat-yaml-2.18.2.jar:/home/runner/.m2/repository/com/fasterxml/jackson/datatype/jackson-datatype-jsr310/2.18.2/jackson-datatype-jsr310-2.18.2.jar:/home/runner/.m2/repository/io/fabric8/zjsonpatch/7.1.0/zjsonpatch-7.1.0.jar:/home/runner/.m2/repository/io/fabric8/kubernetes-httpclient-vertx/7.1.0/kubernetes-httpclient-vertx-7.1.0.jar:/home/runner/.m2/repository/io/vertx/vertx-web-client/4.5.16/vertx-web-client-4.5.16.jar:/home/runner/.m2/repository/io/vertx/vertx-web-common/4.5.16/vertx-web-common-4.5.16.jar:/home/runner/.m2/repository/io/vertx/vertx-auth-common/4.5.16/vertx-auth-common-4.5.16.jar:/home/runner/.m2/repository/io/vertx/vertx-uri-template/4.5.16/vertx-uri-template-4.5.16.jar:/home/runner/.m2/repository/io/fabric8/openshift-client/7.1.0/openshift-client-7.1.0.jar:/home/runner/.m2/repository/io/fabric8/openshift-client-api/7.1.0/openshift-client-api-7.1.0.jar:/home/runner/.m2/repository/io/fabric8/openshift-model/7.1.0/openshift-model-7.1.0.jar:/home/runner/.m2/repository/io/fabric8/openshift-model-autoscaling/7.1.0/openshift-model-autoscaling-7.1.0.jar:/home/runner/.m2/repository/io/fabric8/openshift-model-operator/7.1.0/openshift-model-operator-7.1.0.jar:/home/runner/.m2/repository/io/fabric8/openshift-model-operatorhub/7.1.0/openshift-model-operatorhub-7.1.0.jar:/home/runner/.m2/repository/io/fabric8/openshift-model-machine/7.1.0/openshift-model-machine-7.1.0.jar:/home/runner/.m2/repository/io/fabric8/openshift-model-whereabouts/7.1.0/openshift-model-whereabouts-7.1.0.jar:/home/runner/.m2/repository/io/fabric8/openshift-model-monitoring/7.1.0/openshift-model-monitoring-7.1.0.jar:/home/runner/.m2/repository/io/fabric8/openshift-model-storageversionmigrator/7.1.0/openshift-model-storageversionmigrator-7.1.0.jar:/home/runner/.m2/repository/io/fabric8/openshift-model-tuned/7.1.0/openshift-model-tuned-7.1.0.jar:/home/runner/.m2/repository/io/fabric8/openshift-model-console/7.1.0/openshift-model-console-7.1.0.jar:/home/runner/.m2/repository/io/fabric8/openshift-model-config/7.1.0/openshift-model-config-7.1.0.jar:/home/runner/.m2/repository/io/fabric8/openshift-model-machineconfiguration/7.1.0/openshift-model-machineconfiguration-7.1.0.jar:/home/runner/.m2/repository/io/fabric8/openshift-model-miscellaneous/7.1.0/openshift-model-miscellaneous-7.1.0.jar:/home/runner/.m2/repository/io/fabric8/openshift-model-hive/7.1.0/openshift-model-hive-7.1.0.jar:/home/runner/.m2/repository/io/fabric8/openshift-model-installer/7.1.0/openshift-model-installer-7.1.0.jar:/home/runner/.m2/repository/org/junit/platform/junit-platform-launcher/1.12.1/junit-platform-launcher-1.12.1.jar:/home/runner/.m2/repository/org/junit/platform/junit-platform-engine/1.12.1/junit-platform-engine-1.12.1.jar:/home/runner/.m2/repository/org/opentest4j/opentest4j/1.3.0/opentest4j-1.3.0.jar:/home/runner/.m2/repository/org/junit/platform/junit-platform-commons/1.12.1/junit-platform-commons-1.12.1.jar:/home/runner/.m2/repository/org/apiguardian/apiguardian-api/1.1.2/apiguardian-api-1.1.2.jar:/home/runner/.m2/repository/jakarta/ws/rs/jakarta.ws.rs-api/3.1.0/jakarta.ws.rs-api-3.1.0.jar:/home/runner/work/apicurio-testing/apicurio-testing/clusters/ci419/namespaces/pg17/tests/integration/apicurio-registry/java-sdk/target/apicurio-registry-java-sdk-3.0.12-SNAPSHOT.jar:/home/runner/.m2/repository/com/microsoft/kiota/microsoft-kiota-abstractions/1.8.8/microsoft-kiota-abstractions-1.8.8.jar:/home/runner/.m2/repository/io/github/std-uritemplate/std-uritemplate/2.0.0/std-uritemplate-2.0.0.jar:/home/runner/.m2/repository/io/kiota/kiota-http-jdk/0.0.29/kiota-http-jdk-0.0.29.jar:/home/runner/.m2/repository/io/kiota/kiota-http-vertx/0.0.29/kiota-http-vertx-0.0.29.jar:/home/runner/.m2/repository/io/kiota/kiota-serialization-jackson/0.0.29/kiota-serialization-jackson-0.0.29.jar:/home/runner/.m2/repository/com/microsoft/kiota/microsoft-kiota-serialization-text/1.8.8/microsoft-kiota-serialization-text-1.8.8.jar:/home/runner/.m2/repository/com/microsoft/kiota/microsoft-kiota-serialization-form/1.8.8/microsoft-kiota-serialization-form-1.8.8.jar:/home/runner/.m2/repository/com/microsoft/kiota/microsoft-kiota-serialization-multipart/1.8.8/microsoft-kiota-serialization-multipart-1.8.8.jar:/home/runner/.m2/repository/jakarta/annotation/jakarta.annotation-api/3.0.0/jakarta.annotation-api-3.0.0.jar:/home/runner/.m2/repository/io/vertx/vertx-auth-oauth2/4.5.16/vertx-auth-oauth2-4.5.16.jar:/home/runner/work/apicurio-testing/apicurio-testing/clusters/ci419/namespaces/pg17/tests/integration/apicurio-registry/java-sdk-v2/target/apicurio-registry-v2-java-sdk-3.0.12-SNAPSHOT.jar:/home/runner/work/apicurio-testing/apicurio-testing/clusters/ci419/namespaces/pg17/tests/integration/apicurio-registry/utils/kafka/target/apicurio-registry-utils-kafka-3.0.12-SNAPSHOT-tests.jar:/home/runner/.m2/repository/org/eclipse/microprofile/config/microprofile-config-api/3.1/microprofile-config-api-3.1.jar:/home/runner/.m2/repository/org/apache/kafka/kafka-clients/3.9.1/kafka-clients-3.9.1.jar:/home/runner/.m2/repository/com/github/luben/zstd-jni/1.5.6-4/zstd-jni-1.5.6-4.jar:/home/runner/.m2/repository/org/lz4/lz4-java/1.8.0/lz4-java-1.8.0.jar:/home/runner/.m2/repository/org/xerial/snappy/snappy-java/1.1.10.5/snappy-java-1.1.10.5.jar:/home/runner/.m2/repository/org/slf4j/slf4j-api/2.0.6/slf4j-api-2.0.6.jar:/home/runner/work/apicurio-testing/apicurio-testing/clusters/ci419/namespaces/pg17/tests/integration/apicurio-registry/utils/tests/target/apicurio-registry-utils-tests-3.0.12-SNAPSHOT.jar:/home/runner/work/apicurio-testing/apicurio-testing/clusters/ci419/namespaces/pg17/tests/integration/apicurio-registry/common/target/apicurio-registry-common-3.0.12-SNAPSHOT.jar:/home/runner/.m2/repository/jakarta/validation/jakarta.validation-api/3.0.2/jakarta.validation-api-3.0.2.jar:/home/runner/.m2/repository/com/github/dasniko/testcontainers-keycloak/3.8.0/testcontainers-keycloak-3.8.0.jar:/home/runner/.m2/repository/org/testcontainers/testcontainers/1.20.6/testcontainers-1.20.6.jar:/home/runner/.m2/repository/org/rnorth/duct-tape/duct-tape/1.0.8/duct-tape-1.0.8.jar:/home/runner/.m2/repository/com/github/docker-java/docker-java-transport-zerodep/3.4.1/docker-java-transport-zerodep-3.4.1.jar:/home/runner/.m2/repository/com/github/docker-java/docker-java-transport/3.4.1/docker-java-transport-3.4.1.jar:/home/runner/.m2/repository/net/java/dev/jna/jna/5.8.0/jna-5.8.0.jar:/home/runner/.m2/repository/io/quarkus/quarkus-junit4-mock/3.20.2/quarkus-junit4-mock-3.20.2.jar:/home/runner/.m2/repository/org/jboss/shrinkwrap/shrinkwrap-api/2.0.0-beta-2/shrinkwrap-api-2.0.0-beta-2.jar:/home/runner/.m2/repository/org/jboss/shrinkwrap/shrinkwrap-impl-base/2.0.0-beta-2/shrinkwrap-impl-base-2.0.0-beta-2.jar:/home/runner/.m2/repository/org/jboss/shrinkwrap/shrinkwrap-spi/2.0.0-beta-2/shrinkwrap-spi-2.0.0-beta-2.jar:/home/runner/.m2/repository/org/keycloak/keycloak-admin-client/26.0.4/keycloak-admin-client-26.0.4.jar:/home/runner/.m2/repository/org/keycloak/keycloak-client-common-synced/26.0.4/keycloak-client-common-synced-26.0.4.jar:/home/runner/.m2/repository/jakarta/activation/jakarta.activation-api/2.1.3/jakarta.activation-api-2.1.3.jar:/home/runner/.m2/repository/org/eclipse/microprofile/openapi/microprofile-openapi-api/4.0.2/microprofile-openapi-api-4.0.2.jar:/home/runner/.m2/repository/org/jboss/resteasy/resteasy-client/6.2.12.Final/resteasy-client-6.2.12.Final.jar:/home/runner/.m2/repository/org/jboss/resteasy/resteasy-client-api/6.2.12.Final/resteasy-client-api-6.2.12.Final.jar:/home/runner/.m2/repository/org/jboss/resteasy/resteasy-core-spi/6.2.12.Final/resteasy-core-spi-6.2.12.Final.jar:/home/runner/.m2/repository/org/jboss/resteasy/resteasy-core/6.2.12.Final/resteasy-core-6.2.12.Final.jar:/home/runner/.m2/repository/org/eclipse/angus/angus-activation/2.0.2/angus-activation-2.0.2.jar:/home/runner/.m2/repository/com/ibm/async/asyncutil/0.1.0/asyncutil-0.1.0.jar:/home/runner/.m2/repository/org/reactivestreams/reactive-streams/1.0.4/reactive-streams-1.0.4.jar:/home/runner/.m2/repository/org/jboss/resteasy/resteasy-multipart-provider/6.2.12.Final/resteasy-multipart-provider-6.2.12.Final.jar:/home/runner/.m2/repository/jakarta/mail/jakarta.mail-api/2.1.3/jakarta.mail-api-2.1.3.jar:/home/runner/.m2/repository/org/eclipse/angus/angus-mail/2.0.3/angus-mail-2.0.3.jar:/home/runner/.m2/repository/org/apache/james/apache-mime4j-dom/0.8.12/apache-mime4j-dom-0.8.12.jar:/home/runner/.m2/repository/org/apache/james/apache-mime4j-core/0.8.12/apache-mime4j-core-0.8.12.jar:/home/runner/.m2/repository/org/apache/james/apache-mime4j-storage/0.8.12/apache-mime4j-storage-0.8.12.jar:/home/runner/.m2/repository/org/jboss/resteasy/resteasy-jackson2-provider/6.2.12.Final/resteasy-jackson2-provider-6.2.12.Final.jar:/home/runner/.m2/repository/com/fasterxml/jackson/jakarta/rs/jackson-jakarta-rs-base/2.18.2/jackson-jakarta-rs-base-2.18.2.jar:/home/runner/.m2/repository/com/fasterxml/jackson/jakarta/rs/jackson-jakarta-rs-json-provider/2.18.2/jackson-jakarta-rs-json-provider-2.18.2.jar:/home/runner/.m2/repository/com/fasterxml/jackson/module/jackson-module-jakarta-xmlbind-annotations/2.18.2/jackson-module-jakarta-xmlbind-annotations-2.18.2.jar:/home/runner/.m2/repository/com/github/java-json-tools/json-patch/1.13/json-patch-1.13.jar:/home/runner/.m2/repository/com/github/java-json-tools/msg-simple/1.2/msg-simple-1.2.jar:/home/runner/.m2/repository/com/github/java-json-tools/btf/1.3/btf-1.3.jar:/home/runner/.m2/repository/com/github/java-json-tools/jackson-coreutils/2.0/jackson-coreutils-2.0.jar:/home/runner/.m2/repository/org/jboss/resteasy/resteasy-jaxb-provider/6.2.12.Final/resteasy-jaxb-provider-6.2.12.Final.jar:/home/runner/.m2/repository/org/glassfish/jaxb/codemodel/4.0.5/codemodel-4.0.5.jar:/home/runner/.m2/repository/org/glassfish/jaxb/jaxb-core/4.0.5/jaxb-core-4.0.5.jar:/home/runner/.m2/repository/org/glassfish/jaxb/jaxb-jxc/4.0.5/jaxb-jxc-4.0.5.jar:/home/runner/.m2/repository/org/glassfish/jaxb/jaxb-runtime/4.0.5/jaxb-runtime-4.0.5.jar:/home/runner/.m2/repository/org/glassfish/jaxb/txw2/4.0.5/txw2-4.0.5.jar:/home/runner/.m2/repository/org/glassfish/jaxb/jaxb-xjc/4.0.5/jaxb-xjc-4.0.5.jar:/home/runner/.m2/repository/org/glassfish/jaxb/xsom/4.0.5/xsom-4.0.5.jar:/home/runner/.m2/repository/com/sun/istack/istack-commons-runtime/4.1.2/istack-commons-runtime-4.1.2.jar:/home/runner/.m2/repository/com/sun/istack/istack-commons-tools/4.1.2/istack-commons-tools-4.1.2.jar:/home/runner/.m2/repository/com/sun/xml/bind/external/relaxng-datatype/4.0.5/relaxng-datatype-4.0.5.jar:/home/runner/.m2/repository/com/sun/xml/bind/external/rngom/4.0.5/rngom-4.0.5.jar:/home/runner/.m2/repository/org/testcontainers/mssqlserver/1.20.6/mssqlserver-1.20.6.jar:/home/runner/.m2/repository/org/testcontainers/jdbc/1.20.6/jdbc-1.20.6.jar:/home/runner/.m2/repository/org/testcontainers/database-commons/1.20.6/database-commons-1.20.6.jar:/home/runner/.m2/repository/org/testcontainers/mysql/1.20.6/mysql-1.20.6.jar:/home/runner/.m2/repository/io/strimzi/strimzi-test-container/0.111.0/strimzi-test-container-0.111.0.jar:/home/runner/.m2/repository/org/testcontainers/toxiproxy/1.20.6/toxiproxy-1.20.6.jar:/home/runner/.m2/repository/com/github/docker-java/docker-java-api/3.4.1/docker-java-api-3.4.1.jar:/home/runner/.m2/repository/org/apache/logging/log4j/log4j-slf4j-impl/2.19.0/log4j-slf4j-impl-2.19.0.jar:/home/runner/.m2/repository/org/apache/logging/log4j/log4j-api/2.24.3/log4j-api-2.24.3.jar:/home/runner/.m2/repository/org/apache/logging/log4j/log4j-core/2.19.0/log4j-core-2.19.0.jar:/home/runner/.m2/repository/eu/rekawek/toxiproxy/toxiproxy-java/2.1.7/toxiproxy-java-2.1.7.jar:/home/runner/.m2/repository/org/testcontainers/pulsar/1.21.3/pulsar-1.21.3.jar:/home/runner/.m2/repository/io/debezium/debezium-testing-testcontainers/2.7.4.Final/debezium-testing-testcontainers-2.7.4.Final.jar:/home/runner/.m2/repository/org/testcontainers/kafka/1.20.6/kafka-1.20.6.jar:/home/runner/.m2/repository/com/squareup/okhttp3/okhttp/4.8.1/okhttp-4.8.1.jar:/home/runner/.m2/repository/com/squareup/okio/okio/3.10.2/okio-3.10.2.jar:/home/runner/.m2/repository/com/squareup/okio/okio-jvm/3.10.2/okio-jvm-3.10.2.jar:/home/runner/.m2/repository/org/jetbrains/kotlin/kotlin-stdlib/2.0.21/kotlin-stdlib-2.0.21.jar:/home/runner/.m2/repository/org/awaitility/awaitility/4.3.0/awaitility-4.3.0.jar:/home/runner/.m2/repository/org/testcontainers/mongodb/1.20.6/mongodb-1.20.6.jar:/home/runner/.m2/repository/org/testcontainers/mariadb/1.20.6/mariadb-1.20.6.jar:/home/runner/.m2/repository/org/testcontainers/oracle-xe/1.20.6/oracle-xe-1.20.6.jar:/home/runner/.m2/repository/org/testcontainers/postgresql/1.20.6/postgresql-1.20.6.jar:/home/runner/.m2/repository/org/wiremock/wiremock/3.0.1/wiremock-3.0.1.jar:/home/runner/.m2/repository/org/eclipse/jetty/jetty-server/11.0.15/jetty-server-11.0.15.jar:/home/runner/.m2/repository/org/eclipse/jetty/toolchain/jetty-jakarta-servlet-api/5.0.2/jetty-jakarta-servlet-api-5.0.2.jar:/home/runner/.m2/repository/org/eclipse/jetty/jetty-http/11.0.15/jetty-http-11.0.15.jar:/home/runner/.m2/repository/org/eclipse/jetty/jetty-io/11.0.15/jetty-io-11.0.15.jar:/home/runner/.m2/repository/org/eclipse/jetty/jetty-servlet/11.0.15/jetty-servlet-11.0.15.jar:/home/runner/.m2/repository/org/eclipse/jetty/jetty-security/11.0.15/jetty-security-11.0.15.jar:/home/runner/.m2/repository/org/eclipse/jetty/jetty-servlets/11.0.15/jetty-servlets-11.0.15.jar:/home/runner/.m2/repository/org/eclipse/jetty/jetty-util/11.0.15/jetty-util-11.0.15.jar:/home/runner/.m2/repository/org/eclipse/jetty/jetty-webapp/11.0.15/jetty-webapp-11.0.15.jar:/home/runner/.m2/repository/org/eclipse/jetty/jetty-xml/11.0.15/jetty-xml-11.0.15.jar:/home/runner/.m2/repository/org/eclipse/jetty/jetty-proxy/11.0.15/jetty-proxy-11.0.15.jar:/home/runner/.m2/repository/org/eclipse/jetty/jetty-client/11.0.15/jetty-client-11.0.15.jar:/home/runner/.m2/repository/org/eclipse/jetty/http2/http2-server/11.0.15/http2-server-11.0.15.jar:/home/runner/.m2/repository/org/eclipse/jetty/http2/http2-common/11.0.15/http2-common-11.0.15.jar:/home/runner/.m2/repository/org/eclipse/jetty/http2/http2-hpack/11.0.15/http2-hpack-11.0.15.jar:/home/runner/.m2/repository/org/eclipse/jetty/jetty-alpn-server/11.0.15/jetty-alpn-server-11.0.15.jar:/home/runner/.m2/repository/org/eclipse/jetty/jetty-alpn-java-server/11.0.15/jetty-alpn-java-server-11.0.15.jar:/home/runner/.m2/repository/org/eclipse/jetty/jetty-alpn-java-client/11.0.15/jetty-alpn-java-client-11.0.15.jar:/home/runner/.m2/repository/org/eclipse/jetty/jetty-alpn-client/11.0.15/jetty-alpn-client-11.0.15.jar:/home/runner/.m2/repository/org/apache/httpcomponents/client5/httpclient5/5.2.1/httpclient5-5.2.1.jar:/home/runner/.m2/repository/org/apache/httpcomponents/core5/httpcore5/5.2/httpcore5-5.2.jar:/home/runner/.m2/repository/org/apache/httpcomponents/core5/httpcore5-h2/5.2/httpcore5-h2-5.2.jar:/home/runner/.m2/repository/org/xmlunit/xmlunit-core/2.9.1/xmlunit-core-2.9.1.jar:/home/runner/.m2/repository/jakarta/xml/bind/jakarta.xml.bind-api/4.0.2/jakarta.xml.bind-api-4.0.2.jar:/home/runner/.m2/repository/org/xmlunit/xmlunit-legacy/2.9.1/xmlunit-legacy-2.9.1.jar:/home/runner/.m2/repository/org/xmlunit/xmlunit-placeholders/2.9.1/xmlunit-placeholders-2.9.1.jar:/home/runner/.m2/repository/net/javacrumbs/json-unit/json-unit-core/2.38.0/json-unit-core-2.38.0.jar:/home/runner/.m2/repository/org/hamcrest/hamcrest-core/2.2/hamcrest-core-2.2.jar:/home/runner/.m2/repository/com/jayway/jsonpath/json-path/2.8.0/json-path-2.8.0.jar:/home/runner/.m2/repository/net/minidev/json-smart/2.4.10/json-smart-2.4.10.jar:/home/runner/.m2/repository/net/minidev/accessors-smart/2.4.9/accessors-smart-2.4.9.jar:/home/runner/.m2/repository/org/ow2/asm/asm/9.7.1/asm-9.7.1.jar:/home/runner/.m2/repository/net/sf/jopt-simple/jopt-simple/5.0.4/jopt-simple-5.0.4.jar:/home/runner/.m2/repository/com/github/jknack/handlebars/4.3.1/handlebars-4.3.1.jar:/home/runner/.m2/repository/com/github/jknack/handlebars-helpers/4.3.1/handlebars-helpers-4.3.1.jar:/home/runner/.m2/repository/commons-fileupload/commons-fileupload/1.5/commons-fileupload-1.5.jar:/home/runner/.m2/repository/com/networknt/json-schema-validator/1.5.8/json-schema-validator-1.5.8.jar:/home/runner/.m2/repository/com/ethlo/time/itu/1.10.3/itu-1.10.3.jar:/home/runner/.m2/repository/io/quarkus/quarkus-smallrye-jwt-build/3.20.2/quarkus-smallrye-jwt-build-3.20.2.jar:/home/runner/.m2/repository/io/smallrye/smallrye-jwt-build/4.6.2/smallrye-jwt-build-4.6.2.jar:/home/runner/.m2/repository/org/eclipse/microprofile/jwt/microprofile-jwt-auth-api/2.1/microprofile-jwt-auth-api-2.1.jar:/home/runner/.m2/repository/org/bitbucket/b_c/jose4j/0.9.6/jose4j-0.9.6.jar:/home/runner/.m2/repository/io/smallrye/smallrye-jwt-common/4.6.2/smallrye-jwt-common-4.6.2.jar:/home/runner/.m2/repository/io/quarkus/quarkus-jsonp/3.20.2/quarkus-jsonp-3.20.2.jar:/home/runner/.m2/repository/io/quarkus/quarkus-arc/3.20.2/quarkus-arc-3.20.2.jar:/home/runner/.m2/repository/io/quarkus/arc/arc/3.20.2/arc-3.20.2.jar:/home/runner/.m2/repository/jakarta/transaction/jakarta.transaction-api/2.0.1/jakarta.transaction-api-2.0.1.jar:/home/runner/.m2/repository/io/smallrye/reactive/mutiny/2.9.2/mutiny-2.9.2.jar:/home/runner/.m2/repository/org/jctools/jctools-core/4.0.5/jctools-core-4.0.5.jar:/home/runner/.m2/repository/org/eclipse/microprofile/context-propagation/microprofile-context-propagation-api/1.3/microprofile-context-propagation-api-1.3.jar:/home/runner/.m2/repository/io/apicurio/apicurio-common-rest-client-common/0.1.18.Final/apicurio-common-rest-client-common-0.1.18.Final.jar:/home/runner/work/apicurio-testing/apicurio-testing/clusters/ci419/namespaces/pg17/tests/integration/apicurio-registry/utils/maven-plugin/target/apicurio-registry-maven-plugin-3.0.12-SNAPSHOT.jar:/home/runner/.m2/repository/com/fasterxml/jackson/core/jackson-databind/2.18.2/jackson-databind-2.18.2.jar:/home/runner/.m2/repository/org/apache/avro/avro/1.12.0/avro-1.12.0.jar:/home/runner/.m2/repository/com/google/protobuf/protobuf-java/4.31.1/protobuf-java-4.31.1.jar:/home/runner/.m2/repository/com/google/protobuf/protobuf-java-util/4.31.1/protobuf-java-util-4.31.1.jar:/home/runner/.m2/repository/com/google/code/findbugs/jsr305/3.0.2/jsr305-3.0.2.jar:/home/runner/.m2/repository/com/google/code/gson/gson/2.12.1/gson-2.12.1.jar:/home/runner/.m2/repository/com/google/errorprone/error_prone_annotations/2.36.0/error_prone_annotations-2.36.0.jar:/home/runner/.m2/repository/com/google/j2objc/j2objc-annotations/2.8/j2objc-annotations-2.8.jar:/home/runner/work/apicurio-testing/apicurio-testing/clusters/ci419/namespaces/pg17/tests/integration/apicurio-registry/schema-util/util-provider/target/apicurio-registry-schema-util-provider-3.0.12-SNAPSHOT.jar:/home/runner/work/apicurio-testing/apicurio-testing/clusters/ci419/namespaces/pg17/tests/integration/apicurio-registry/schema-util/common/target/apicurio-registry-schema-util-common-3.0.12-SNAPSHOT.jar:/home/runner/.m2/repository/com/fasterxml/jackson/module/jackson-module-parameter-names/2.18.2/jackson-module-parameter-names-2.18.2.jar:/home/runner/.m2/repository/com/fasterxml/jackson/datatype/jackson-datatype-json-org/2.18.2/jackson-datatype-json-org-2.18.2.jar:/home/runner/work/apicurio-testing/apicurio-testing/clusters/ci419/namespaces/pg17/tests/integration/apicurio-registry/schema-util/json/target/apicurio-registry-schema-util-json-3.0.12-SNAPSHOT.jar:/home/runner/.m2/repository/com/github/erosb/everit-json-schema/1.14.5/everit-json-schema-1.14.5.jar:/home/runner/.m2/repository/commons-validator/commons-validator/1.9.0/commons-validator-1.9.0.jar:/home/runner/.m2/repository/commons-digester/commons-digester/2.1/commons-digester-2.1.jar:/home/runner/.m2/repository/commons-collections/commons-collections/3.2.2/commons-collections-3.2.2.jar:/home/runner/.m2/repository/com/damnhandy/handy-uri-templates/2.1.8/handy-uri-templates-2.1.8.jar:/home/runner/.m2/repository/joda-time/joda-time/2.10.2/joda-time-2.10.2.jar:/home/runner/.m2/repository/com/github/erosb/json-sKema/0.20.0/json-sKema-0.20.0.jar:/home/runner/.m2/repository/io/vertx/vertx-json-schema/4.5.16/vertx-json-schema-4.5.16.jar:/home/runner/work/apicurio-testing/apicurio-testing/clusters/ci419/namespaces/pg17/tests/integration/apicurio-registry/schema-util/protobuf/target/apicurio-registry-schema-util-protobuf-3.0.12-SNAPSHOT.jar:/home/runner/work/apicurio-testing/apicurio-testing/clusters/ci419/namespaces/pg17/tests/integration/apicurio-registry/utils/protobuf-schema-utilities/target/apicurio-registry-protobuf-schema-utilities-3.0.12-SNAPSHOT.jar:/home/runner/.m2/repository/com/google/api/grpc/proto-google-common-protos/2.52.0/proto-google-common-protos-2.52.0.jar:/home/runner/.m2/repository/com/squareup/wire/wire-schema-jvm/5.3.3/wire-schema-jvm-5.3.3.jar:/home/runner/.m2/repository/com/palantir/javapoet/javapoet/0.6.0/javapoet-0.6.0.jar:/home/runner/.m2/repository/com/squareup/kotlinpoet-jvm/2.0.0/kotlinpoet-jvm-2.0.0.jar:/home/runner/.m2/repository/org/jetbrains/kotlin/kotlin-reflect/2.0.21/kotlin-reflect-2.0.21.jar:/home/runner/.m2/repository/com/squareup/wire/wire-runtime-jvm/5.3.3/wire-runtime-jvm-5.3.3.jar:/home/runner/.m2/repository/com/ibm/icu/icu4j/76.1/icu4j-76.1.jar:/home/runner/.m2/repository/com/squareup/okio/okio-fakefilesystem/3.10.2/okio-fakefilesystem-3.10.2.jar:/home/runner/.m2/repository/com/squareup/okio/okio-fakefilesystem-jvm/3.10.2/okio-fakefilesystem-jvm-3.10.2.jar:/home/runner/.m2/repository/org/jetbrains/kotlinx/kotlinx-datetime-jvm/0.6.1/kotlinx-datetime-jvm-0.6.1.jar:/home/runner/work/apicurio-testing/apicurio-testing/clusters/ci419/namespaces/pg17/tests/integration/apicurio-registry/schema-util/asyncapi/target/apicurio-registry-schema-util-asyncapi-3.0.12-SNAPSHOT.jar:/home/runner/work/apicurio-testing/apicurio-testing/clusters/ci419/namespaces/pg17/tests/integration/apicurio-registry/schema-util/avro/target/apicurio-registry-schema-util-avro-3.0.12-SNAPSHOT.jar:/home/runner/work/apicurio-testing/apicurio-testing/clusters/ci419/namespaces/pg17/tests/integration/apicurio-registry/schema-util/graphql/target/apicurio-registry-schema-util-graphql-3.0.12-SNAPSHOT.jar:/home/runner/.m2/repository/com/graphql-java/graphql-java/22.4/graphql-java-22.4.jar:/home/runner/.m2/repository/com/graphql-java/java-dataloader/3.3.0/java-dataloader-3.3.0.jar:/home/runner/work/apicurio-testing/apicurio-testing/clusters/ci419/namespaces/pg17/tests/integration/apicurio-registry/schema-util/kconnect/target/apicurio-registry-schema-util-kconnect-3.0.12-SNAPSHOT.jar:/home/runner/work/apicurio-testing/apicurio-testing/clusters/ci419/namespaces/pg17/tests/integration/apicurio-registry/schema-util/openapi/target/apicurio-registry-schema-util-openapi-3.0.12-SNAPSHOT.jar:/home/runner/.m2/repository/io/apicurio/apicurio-data-models/2.2.2/apicurio-data-models-2.2.2.jar:/home/runner/.m2/repository/org/openapitools/openapidiff/openapi-diff-core/2.1.2/openapi-diff-core-2.1.2.jar:/home/runner/.m2/repository/io/swagger/parser/v3/swagger-parser/2.1.28/swagger-parser-2.1.28.jar:/home/runner/.m2/repository/io/swagger/parser/v3/swagger-parser-v2-converter/2.1.28/swagger-parser-v2-converter-2.1.28.jar:/home/runner/.m2/repository/io/swagger/swagger-core/1.6.16/swagger-core-1.6.16.jar:/home/runner/.m2/repository/io/swagger/swagger-models/1.6.16/swagger-models-1.6.16.jar:/home/runner/.m2/repository/io/swagger/swagger-annotations/1.6.16/swagger-annotations-1.6.16.jar:/home/runner/.m2/repository/io/swagger/swagger-parser/1.0.75/swagger-parser-1.0.75.jar:/home/runner/.m2/repository/io/swagger/swagger-parser-safe-url-resolver/1.0.75/swagger-parser-safe-url-resolver-1.0.75.jar:/home/runner/.m2/repository/io/swagger/swagger-compat-spec-parser/1.0.75/swagger-compat-spec-parser-1.0.75.jar:/home/runner/.m2/repository/com/github/java-json-tools/json-schema-validator/2.2.14/json-schema-validator-2.2.14.jar:/home/runner/.m2/repository/com/github/java-json-tools/jackson-coreutils-equivalence/1.0/jackson-coreutils-equivalence-1.0.jar:/home/runner/.m2/repository/com/github/java-json-tools/json-schema-core/1.2.14/json-schema-core-1.2.14.jar:/home/runner/.m2/repository/com/github/java-json-tools/uri-template/0.10/uri-template-0.10.jar:/home/runner/.m2/repository/com/googlecode/libphonenumber/libphonenumber/8.11.1/libphonenumber-8.11.1.jar:/home/runner/.m2/repository/com/j2html/j2html/1.6.0/j2html-1.6.0.jar:/home/runner/.m2/repository/org/apache/commons/commons-collections4/4.5.0/commons-collections4-4.5.0.jar:/home/runner/.m2/repository/org/slf4j/jcl-over-slf4j/2.0.17/jcl-over-slf4j-2.0.17.jar:/home/runner/.m2/repository/io/swagger/parser/v3/swagger-parser-v3/2.1.31/swagger-parser-v3-2.1.31.jar:/home/runner/.m2/repository/io/swagger/core/v3/swagger-models/2.2.34/swagger-models-2.2.34.jar:/home/runner/.m2/repository/io/swagger/core/v3/swagger-core/2.2.34/swagger-core-2.2.34.jar:/home/runner/.m2/repository/io/swagger/parser/v3/swagger-parser-core/2.1.31/swagger-parser-core-2.1.31.jar:/home/runner/.m2/repository/io/swagger/parser/v3/swagger-parser-safe-url-resolver/2.1.31/swagger-parser-safe-url-resolver-2.1.31.jar:/home/runner/work/apicurio-testing/apicurio-testing/clusters/ci419/namespaces/pg17/tests/integration/apicurio-registry/schema-util/wsdl/target/apicurio-registry-schema-util-wsdl-3.0.12-SNAPSHOT.jar:/home/runner/.m2/repository/wsdl4j/wsdl4j/1.6.3/wsdl4j-1.6.3.jar:/home/runner/work/apicurio-testing/apicurio-testing/clusters/ci419/namespaces/pg17/tests/integration/apicurio-registry/schema-util/xml/target/apicurio-registry-schema-util-xml-3.0.12-SNAPSHOT.jar:/home/runner/.m2/repository/org/apache/santuario/xmlsec/4.0.4/xmlsec-4.0.4.jar:/home/runner/.m2/repository/com/fasterxml/woodstox/woodstox-core/7.1.1/woodstox-core-7.1.1.jar:/home/runner/.m2/repository/org/codehaus/woodstox/stax2-api/4.2.2/stax2-api-4.2.2.jar:/home/runner/work/apicurio-testing/apicurio-testing/clusters/ci419/namespaces/pg17/tests/integration/apicurio-registry/schema-util/xsd/target/apicurio-registry-schema-util-xsd-3.0.12-SNAPSHOT.jar:/home/runner/work/apicurio-testing/apicurio-testing/clusters/ci419/namespaces/pg17/tests/integration/apicurio-registry/serdes/kafka/jsonschema-serde/target/apicurio-registry-jsonschema-serde-kafka-3.0.12-SNAPSHOT.jar:/home/runner/work/apicurio-testing/apicurio-testing/clusters/ci419/namespaces/pg17/tests/integration/apicurio-registry/serdes/kafka/serde-kafka-common/target/apicurio-registry-serde-kafka-common-3.0.12-SNAPSHOT.jar:/home/runner/work/apicurio-testing/apicurio-testing/clusters/ci419/namespaces/pg17/tests/integration/apicurio-registry/serdes/generic/serde-common/target/apicurio-registry-serde-common-3.0.12-SNAPSHOT.jar:/home/runner/work/apicurio-testing/apicurio-testing/clusters/ci419/namespaces/pg17/tests/integration/apicurio-registry/serdes/generic/serde-common-jsonschema/target/apicurio-registry-serde-common-jsonschema-3.0.12-SNAPSHOT.jar:/home/runner/.m2/repository/org/json/json/20250107/json-20250107.jar:/home/runner/work/apicurio-testing/apicurio-testing/clusters/ci419/namespaces/pg17/tests/integration/apicurio-registry/serdes/kafka/avro-serde/target/apicurio-registry-avro-serde-kafka-3.0.12-SNAPSHOT.jar:/home/runner/work/apicurio-testing/apicurio-testing/clusters/ci419/namespaces/pg17/tests/integration/apicurio-registry/serdes/generic/serde-common-avro/target/apicurio-registry-serde-common-avro-3.0.12-SNAPSHOT.jar:/home/runner/work/apicurio-testing/apicurio-testing/clusters/ci419/namespaces/pg17/tests/integration/apicurio-registry/serdes/kafka/protobuf-serde/target/apicurio-registry-protobuf-serde-kafka-3.0.12-SNAPSHOT.jar:/home/runner/work/apicurio-testing/apicurio-testing/clusters/ci419/namespaces/pg17/tests/integration/apicurio-registry/serdes/generic/serde-common-protobuf/target/apicurio-registry-serde-common-protobuf-3.0.12-SNAPSHOT.jar:/home/runner/.m2/repository/com/squareup/wire/wire-schema/5.3.3/wire-schema-5.3.3.jar:/home/runner/.m2/repository/com/squareup/wire/wire-runtime/5.3.3/wire-runtime-5.3.3.jar:/home/runner/work/apicurio-testing/apicurio-testing/clusters/ci419/namespaces/pg17/tests/integration/apicurio-registry/serdes/pulsar/avro-serde/target/apicurio-registry-avro-serde-pulsar-3.0.12-SNAPSHOT.jar:/home/runner/.m2/repository/org/apache/pulsar/pulsar-functions-api/3.3.8/pulsar-functions-api-3.3.8.jar:/home/runner/work/apicurio-testing/apicurio-testing/clusters/ci419/namespaces/pg17/tests/integration/apicurio-registry/serdes/nats/avro-serde/target/apicurio-registry-avro-serde-nats-3.0.12-SNAPSHOT.jar:/home/runner/.m2/repository/io/nats/jnats/2.21.4/jnats-2.21.4.jar:/home/runner/.m2/repository/org/bouncycastle/bcprov-lts8on/2.73.7/bcprov-lts8on-2.73.7.jar:/home/runner/.m2/repository/org/jetbrains/annotations/26.0.2/annotations-26.0.2.jar:/home/runner/work/apicurio-testing/apicurio-testing/clusters/ci419/namespaces/pg17/tests/integration/apicurio-registry/utils/converter/target/apicurio-registry-utils-converter-3.0.12-SNAPSHOT.jar:/home/runner/work/apicurio-testing/apicurio-testing/clusters/ci419/namespaces/pg17/tests/integration/apicurio-registry/schema-resolver/target/apicurio-registry-schema-resolver-3.0.12-SNAPSHOT.jar:/home/runner/.m2/repository/org/apache/kafka/connect-api/3.9.1/connect-api-3.9.1.jar:/home/runner/.m2/repository/javax/ws/rs/javax.ws.rs-api/2.1.1/javax.ws.rs-api-2.1.1.jar:/home/runner/.m2/repository/org/apache/kafka/connect-json/3.9.1/connect-json-3.9.1.jar:/home/runner/.m2/repository/com/fasterxml/jackson/datatype/jackson-datatype-jdk8/2.18.2/jackson-datatype-jdk8-2.18.2.jar:/home/runner/.m2/repository/com/fasterxml/jackson/module/jackson-module-afterburner/2.18.2/jackson-module-afterburner-2.18.2.jar:/home/runner/work/apicurio-testing/apicurio-testing/clusters/ci419/namespaces/pg17/tests/integration/apicurio-registry/utils/kafka/target/apicurio-registry-utils-kafka-3.0.12-SNAPSHOT.jar:/home/runner/.m2/repository/org/apache/pulsar/pulsar-client/3.3.8/pulsar-client-3.3.8.jar:/home/runner/.m2/repository/org/apache/pulsar/pulsar-client-api/3.3.8/pulsar-client-api-3.3.8.jar:/home/runner/.m2/repository/org/apache/pulsar/pulsar-client-admin-api/3.3.8/pulsar-client-admin-api-3.3.8.jar:/home/runner/.m2/repository/org/apache/pulsar/bouncy-castle-bc/3.3.8/bouncy-castle-bc-3.3.8-pkg.jar:/home/runner/.m2/repository/org/bouncycastle/bcpkix-jdk18on/1.81/bcpkix-jdk18on-1.81.jar:/home/runner/.m2/repository/org/bouncycastle/bcutil-jdk18on/1.81/bcutil-jdk18on-1.81.jar:/home/runner/.m2/repository/org/bouncycastle/bcprov-jdk18on/1.81/bcprov-jdk18on-1.81.jar:/home/runner/.m2/repository/io/opentelemetry/opentelemetry-api/1.44.1/opentelemetry-api-1.44.1.jar:/home/runner/.m2/repository/io/opentelemetry/opentelemetry-context/1.44.1/opentelemetry-context-1.44.1.jar:/home/runner/.m2/repository/io/opentelemetry/opentelemetry-api-incubator/1.44.1-alpha/opentelemetry-api-incubator-1.44.1-alpha.jar:/home/runner/.m2/repository/com/fasterxml/jackson/core/jackson-annotations/2.18.2/jackson-annotations-2.18.2.jar:/home/runner/.m2/repository/javax/validation/validation-api/1.1.0.Final/validation-api-1.1.0.Final.jar:/home/runner/.m2/repository/org/jspecify/jspecify/1.0.0/jspecify-1.0.0.jar:/home/runner/.m2/repository/org/apache/commons/commons-configuration2/2.12.0/commons-configuration2-2.12.0.jar:/home/runner/.m2/repository/commons-logging/commons-logging/1.3.5/commons-logging-1.3.5.jar:/home/runner/.m2/repository/org/apache/commons/commons-text/1.13.0/commons-text-1.13.0.jar:/home/runner/.m2/repository/io/confluent/kafka-avro-serializer/8.0.0/kafka-avro-serializer-8.0.0.jar:/home/runner/.m2/repository/org/apache/commons/commons-compress/1.27.1/commons-compress-1.27.1.jar:/home/runner/.m2/repository/io/confluent/kafka-schema-serializer/8.0.0/kafka-schema-serializer-8.0.0.jar:/home/runner/.m2/repository/com/fasterxml/jackson/dataformat/jackson-dataformat-csv/2.18.2/jackson-dataformat-csv-2.18.2.jar:/home/runner/.m2/repository/io/confluent/kafka-schema-registry-client/8.0.0/kafka-schema-registry-client-8.0.0.jar:/home/runner/.m2/repository/org/yaml/snakeyaml/2.3/snakeyaml-2.3.jar:/home/runner/.m2/repository/io/swagger/core/v3/swagger-annotations/2.2.29/swagger-annotations-2.2.29.jar:/home/runner/.m2/repository/com/google/guava/guava/33.4.0-jre/guava-33.4.0-jre.jar:/home/runner/.m2/repository/com/google/guava/failureaccess/1.0.1/failureaccess-1.0.1.jar:/home/runner/.m2/repository/org/checkerframework/checker-qual/3.49.0/checker-qual-3.49.0.jar:/home/runner/.m2/repository/io/confluent/logredactor/1.0.13/logredactor-1.0.13.jar:/home/runner/.m2/repository/com/google/re2j/re2j/1.6/re2j-1.6.jar:/home/runner/.m2/repository/io/confluent/logredactor-metrics/1.0.13/logredactor-metrics-1.0.13.jar:/home/runner/.m2/repository/com/eclipsesource/minimal-json/minimal-json/0.9.5/minimal-json-0.9.5.jar:/home/runner/.m2/repository/io/confluent/common-utils/8.0.0/common-utils-8.0.0.jar:/home/runner/.m2/repository/io/confluent/kafka-connect-avro-converter/8.0.0/kafka-connect-avro-converter-8.0.0.jar:/home/runner/.m2/repository/io/confluent/kafka-connect-avro-data/8.0.0/kafka-connect-avro-data-8.0.0.jar:/home/runner/.m2/repository/io/confluent/kafka-schema-converter/8.0.0/kafka-schema-converter-8.0.0.jar:/home/runner/.m2/repository/io/rest-assured/rest-assured/5.5.1/rest-assured-5.5.1.jar:/home/runner/.m2/repository/org/apache/groovy/groovy/4.0.22/groovy-4.0.22.jar:/home/runner/.m2/repository/org/apache/groovy/groovy-xml/4.0.22/groovy-xml-4.0.22.jar:/home/runner/.m2/repository/org/apache/httpcomponents/httpclient/4.5.14/httpclient-4.5.14.jar:/home/runner/.m2/repository/org/apache/httpcomponents/httpcore/4.4.16/httpcore-4.4.16.jar:/home/runner/.m2/repository/org/apache/httpcomponents/httpmime/4.5.14/httpmime-4.5.14.jar:/home/runner/.m2/repository/org/hamcrest/hamcrest/2.2/hamcrest-2.2.jar:/home/runner/.m2/repository/org/ccil/cowan/tagsoup/tagsoup/1.2.1/tagsoup-1.2.1.jar:/home/runner/.m2/repository/io/rest-assured/json-path/5.5.1/json-path-5.5.1.jar:/home/runner/.m2/repository/org/apache/groovy/groovy-json/4.0.22/groovy-json-4.0.22.jar:/home/runner/.m2/repository/io/rest-assured/rest-assured-common/5.5.1/rest-assured-common-5.5.1.jar:/home/runner/.m2/repository/io/rest-assured/xml-path/5.5.1/xml-path-5.5.1.jar:/home/runner/.m2/repository/io/zonky/test/embedded-postgres/2.1.0/embedded-postgres-2.1.0.jar:/home/runner/.m2/repository/io/zonky/test/postgres/embedded-postgres-binaries-windows-amd64/14.15.0/embedded-postgres-binaries-windows-amd64-14.15.0.jar:/home/runner/.m2/repository/io/zonky/test/postgres/embedded-postgres-binaries-darwin-amd64/14.15.0/embedded-postgres-binaries-darwin-amd64-14.15.0.jar:/home/runner/.m2/repository/io/zonky/test/postgres/embedded-postgres-binaries-linux-amd64/14.15.0/embedded-postgres-binaries-linux-amd64-14.15.0.jar:/home/runner/.m2/repository/io/zonky/test/postgres/embedded-postgres-binaries-linux-amd64-alpine/14.15.0/embedded-postgres-binaries-linux-amd64-alpine-14.15.0.jar:/home/runner/.m2/repository/org/apache/commons/commons-lang3/3.17.0/commons-lang3-3.17.0.jar:/home/runner/.m2/repository/org/tukaani/xz/1.10/xz-1.10.jar:/home/runner/.m2/repository/commons-codec/commons-codec/1.19.0/commons-codec-1.19.0.jar:/home/runner/.m2/repository/org/postgresql/postgresql/42.7.7/postgresql-42.7.7.jar:/home/runner/.m2/repository/commons-io/commons-io/2.18.0/commons-io-2.18.0.jar:/home/runner/work/apicurio-testing/apicurio-testing/clusters/ci419/namespaces/pg17/tests/integration/apicurio-registry/utils/importexport/target/apicurio-registry-utils-import-export-3.0.12-SNAPSHOT.jar:/home/runner/.m2/repository/io/vertx/vertx-core/4.5.16/vertx-core-4.5.16.jar:/home/runner/.m2/repository/io/netty/netty-common/4.1.121.Final/netty-common-4.1.121.Final.jar:/home/runner/.m2/repository/io/netty/netty-buffer/4.1.121.Final/netty-buffer-4.1.121.Final.jar:/home/runner/.m2/repository/io/netty/netty-transport/4.1.121.Final/netty-transport-4.1.121.Final.jar:/home/runner/.m2/repository/io/netty/netty-handler/4.1.121.Final/netty-handler-4.1.121.Final.jar:/home/runner/.m2/repository/io/netty/netty-transport-native-unix-common/4.1.121.Final/netty-transport-native-unix-common-4.1.121.Final.jar:/home/runner/.m2/repository/io/netty/netty-codec/4.1.121.Final/netty-codec-4.1.121.Final.jar:/home/runner/.m2/repository/io/netty/netty-handler-proxy/4.1.121.Final/netty-handler-proxy-4.1.121.Final.jar:/home/runner/.m2/repository/io/netty/netty-codec-socks/4.1.121.Final/netty-codec-socks-4.1.121.Final.jar:/home/runner/.m2/repository/io/netty/netty-codec-http/4.1.121.Final/netty-codec-http-4.1.121.Final.jar:/home/runner/.m2/repository/io/netty/netty-codec-http2/4.1.121.Final/netty-codec-http2-4.1.121.Final.jar:/home/runner/.m2/repository/io/netty/netty-resolver/4.1.121.Final/netty-resolver-4.1.121.Final.jar:/home/runner/.m2/repository/io/netty/netty-resolver-dns/4.1.121.Final/netty-resolver-dns-4.1.121.Final.jar:/home/runner/.m2/repository/io/netty/netty-codec-dns/4.1.121.Final/netty-codec-dns-4.1.121.Final.jar:/home/runner/.m2/repository/com/fasterxml/jackson/core/jackson-core/2.18.2/jackson-core-2.18.2.jar:"/>
    <property name="sun.cpu.endian" value="little"/>
    <property name="user.home" value="/home/runner"/>
    <property name="user.language" value="en"/>
    <property name="jboss.log-version" value="false"/>
    <property name="java.specification.vendor" value="Oracle Corporation"/>
    <property name="java.version.date" value="2025-07-15"/>
    <property name="java.home" value="/usr/lib/jvm/temurin-17-jdk-amd64"/>
    <property name="file.separator" value="/"/>
    <property name="basedir" value="/home/runner/work/apicurio-testing/apicurio-testing/clusters/ci419/namespaces/pg17/tests/integration/apicurio-registry/integration-tests"/>
    <property name="java.vm.compressedOopsMode" value="32-bit"/>
    <property name="line.separator" value="&#10;"/>
    <property name="java.specification.name" value="Java Platform API Specification"/>
    <property name="java.vm.specification.vendor" value="Oracle Corporation"/>
    <property name="quarkus.http.test-host" value="registry-app-pg17.apps.ci419.apicurio-testing.org"/>
    <property name="surefire.real.class.path" value="/home/runner/work/apicurio-testing/apicurio-testing/clusters/ci419/namespaces/pg17/tests/integration/apicurio-registry/integration-tests/target/surefire/surefirebooter-20250807122237933_3.jar"/>
    <property name="sun.management.compiler" value="HotSpot 64-Bit Tiered Compilers"/>
    <property name="org.eclipse.jetty.http.HttpGenerator.STRICT" value="true"/>
    <property name="java.runtime.version" value="17.0.16+8"/>
    <property name="user.name" value="runner"/>
    <property name="path.separator" value=":"/>
    <property name="os.version" value="6.8.0-1031-azure"/>
    <property name="java.runtime.name" value="OpenJDK Runtime Environment"/>
    <property name="file.encoding" value="UTF-8"/>
    <property name="jnidispatch.path" value="/home/runner/.cache/JNA/temp/jna6279810741445299594.tmp"/>
    <property name="java.vm.name" value="OpenJDK 64-Bit Server VM"/>
    <property name="jna.platform.library.path" value="/usr/lib/x86_64-linux-gnu:/lib/x86_64-linux-gnu:/usr/lib64:/lib64:/usr/lib:/lib:/lib32:/usr/local/lib:/usr/lib/x86_64-linux-gnu/libfakeroot"/>
    <property name="java.vendor.version" value="Temurin-17.0.16+8"/>
    <property name="quarkus.oidc.token-path" value="https://keycloak-pg17.apps.ci419.apicurio-testing.org/realms/registry/protocol/openid-connect/token"/>
    <property name="quarkus.http.host" value="registry-app-pg17.apps.ci419.apicurio-testing.org"/>
    <property name="localRepository" value="/home/runner/.m2/repository"/>
    <property name="javax.xml.xpath.XPathFactory:http://java.sun.com/jaxp/xpath/dom" value="com.sun.org.apache.xpath.internal.jaxp.XPathFactoryImpl"/>
    <property name="jna.loaded" value="true"/>
    <property name="java.vendor.url.bug" value="https://github.com/adoptium/adoptium-support/issues"/>
    <property name="jetty.git.hash" value="5bc5e562c8d05c5862505aebe5cf83a61bdbcb96"/>
    <property name="java.io.tmpdir" value="/tmp"/>
    <property name="quarkus.http.test-protocol" value="http"/>
    <property name="java.version" value="17.0.16"/>
    <property name="user.dir" value="/home/runner/work/apicurio-testing/apicurio-testing/clusters/ci419/namespaces/pg17/tests/integration/apicurio-registry/integration-tests"/>
    <property name="os.arch" value="amd64"/>
    <property name="groups" value="( smoke | serdes | acceptance | ui)"/>
    <property name="java.vm.specification.name" value="Java Virtual Machine Specification"/>
    <property name="native.encoding" value="UTF-8"/>
    <property name="java.util.logging.manager" value="org.jboss.logmanager.LogManager"/>
    <property name="java.library.path" value="/usr/java/packages/lib:/usr/lib64:/lib64:/lib:/usr/lib"/>
    <property name="jdk.console" value="java.base"/>
    <property name="java.vm.info" value="mixed mode, sharing"/>
    <property name="java.vendor" value="Eclipse Adoptium"/>
    <property name="java.vm.version" value="17.0.16+8"/>
    <property name="java.specification.maintenance.version" value="1"/>
    <property name="sun.io.unicode.encoding" value="UnicodeLittle"/>
    <property name="javax.xml.transform.TransformerFactory" value="com.sun.org.apache.xalan.internal.xsltc.trax.TransformerFactoryImpl"/>
    <property name="java.class.version" value="61.0"/>
  </properties>
  <testcase name="testGlobalIdInHeaders" classname="io.apicurio.tests.serdes.apicurio.AvroSerdeIT" time="6.402">
    <system-out><![CDATA[**** Registry Base URL: http://registry-app-pg17.apps.ci419.apicurio-testing.org:80
**** Registry Base URL: http://registry-app-pg17.apps.ci419.apicurio-testing.org:80
2025-08-07 12:22:52,295 INFO  [io.api.tes.ser.api.AvroSerdeIT] (main) RestAssured configured with http://registry-app-pg17.apps.ci419.apicurio-testing.org:80/apis/registry/v3
2025-08-07 12:22:52,491 INFO  [io.api.tes.uti.KafkaFacade] (main) Starting kafka container
2025-08-07 12:22:52,535 INFO  [org.tes.ima.PullPolicy] (main) Image pull policy will be performed by: DefaultPullPolicy()
2025-08-07 12:22:52,538 INFO  [org.tes.uti.ImageNameSubstitutor] (main) Image name substitution will be performed by: DefaultImageNameSubstitutor (composite of 'ConfigurationFileImageNameSubstitutor' and 'PrefixingImageNameSubstitutor')
2025-08-07 12:22:52,550 INFO  [org.tes.DockerClientFactory] (main) Testcontainers version: 1.20.6
2025-08-07 12:22:53,073 INFO  [org.tes.doc.DockerClientProviderStrategy] (main) Found Docker environment with local Unix socket (unix:///var/run/docker.sock)
2025-08-07 12:22:53,083 INFO  [org.tes.DockerClientFactory] (main) Docker host IP address is localhost
2025-08-07 12:22:53,106 INFO  [org.tes.DockerClientFactory] (main) Connected to docker: 
  Server Version: 28.0.4
  API Version: 1.48
  Operating System: Ubuntu 22.04.5 LTS
  Total Memory: 7944 MB
2025-08-07 12:22:53,146 INFO  [tc.tes.11.0] (main) Pulling docker image: testcontainers/ryuk:0.11.0. Please be patient; this may take some time but only needs to be done once.
2025-08-07 12:22:54,302 INFO  [tc.tes.11.0] (docker-java-stream--1295187651) Starting to pull image
2025-08-07 12:22:54,325 INFO  [tc.tes.11.0] (docker-java-stream--1295187651) Pulling image layers:  0 pending,  0 downloaded,  0 extracted, (0 bytes/0 bytes)
2025-08-07 12:22:54,922 INFO  [tc.tes.11.0] (docker-java-stream--1295187651) Pulling image layers:  2 pending,  1 downloaded,  0 extracted, (841 KB/? MB)
2025-08-07 12:22:54,942 INFO  [tc.tes.11.0] (docker-java-stream--1295187651) Pulling image layers:  1 pending,  2 downloaded,  0 extracted, (841 KB/? MB)
2025-08-07 12:22:54,976 INFO  [tc.tes.11.0] (docker-java-stream--1295187651) Pulling image layers:  0 pending,  3 downloaded,  0 extracted, (877 KB/10 MB)
2025-08-07 12:22:55,093 INFO  [tc.tes.11.0] (docker-java-stream--1295187651) Pulling image layers:  0 pending,  3 downloaded,  1 extracted, (4 MB/10 MB)
2025-08-07 12:22:56,078 INFO  [tc.tes.11.0] (docker-java-stream--1295187651) Pulling image layers:  0 pending,  3 downloaded,  2 extracted, (4 MB/10 MB)
2025-08-07 12:22:56,124 INFO  [tc.tes.11.0] (docker-java-stream--1295187651) Pulling image layers:  0 pending,  3 downloaded,  3 extracted, (10 MB/10 MB)
2025-08-07 12:22:56,133 INFO  [tc.tes.11.0] (docker-java-stream--1295187651) Pull complete. 3 layers, pulled in 1s (downloaded 10 MB at 10 MB/s)
2025-08-07 12:22:56,133 INFO  [tc.tes.11.0] (main) Image testcontainers/ryuk:0.11.0 pull took PT2.986534525S
2025-08-07 12:22:56,162 INFO  [tc.tes.11.0] (main) Creating container for image: testcontainers/ryuk:0.11.0
2025-08-07 12:22:56,248 INFO  [tc.tes.11.0] (main) Container testcontainers/ryuk:0.11.0 is starting: 2ead4e4fdccbcbcfe3535d330cca30566b14bfe5acf9c66ed39c374ae0ccd99c
2025-08-07 12:22:56,616 INFO  [tc.tes.11.0] (main) Container testcontainers/ryuk:0.11.0 started in PT0.453365303S
2025-08-07 12:22:56,621 INFO  [org.tes.uti.RyukResourceReaper] (main) Ryuk started - will monitor and terminate Testcontainers containers on JVM exit
2025-08-07 12:22:56,621 INFO  [org.tes.DockerClientFactory] (main) Checking the system...
2025-08-07 12:22:56,622 INFO  [org.tes.DockerClientFactory] (main) ✔︎ Docker server version should be at least 1.6.0
2025-08-07 12:22:56,625 INFO  [io.str.tes.con.KafkaVersionService] (main) Latest release of Kafka is:LogicalKafkaVersionEntity{version='4.0.0', image='quay.io/strimzi-test-container/test-container:0.111.0-kafka-4.0.0'}
2025-08-07 12:22:56,625 INFO  [io.str.tes.con.KafkaVersionService] (main) Latest release of Kafka is:LogicalKafkaVersionEntity{version='4.0.0', image='quay.io/strimzi-test-container/test-container:0.111.0-kafka-4.0.0'}
2025-08-07 12:22:56,625 INFO  [io.str.tes.con.KafkaVersionService] (main) No Kafka version specified. Using latest release: 4.0.0
2025-08-07 12:22:56,630 INFO  [tc.qua.io/.111.0-k.0.0] (main) Pulling docker image: quay.io/strimzi-test-container/test-container:0.111.0-kafka-4.0.0. Please be patient; this may take some time but only needs to be done once.
2025-08-07 12:22:57,885 INFO  [tc.qua.io/.111.0-k.0.0] (docker-java-stream--29267298) Starting to pull image
2025-08-07 12:22:57,886 INFO  [tc.qua.io/.111.0-k.0.0] (docker-java-stream--29267298) Pulling image layers:  0 pending,  0 downloaded,  0 extracted, (0 bytes/0 bytes)
2025-08-07 12:22:58,666 INFO  [tc.qua.io/.111.0-k.0.0] (docker-java-stream--29267298) Pulling image layers:  6 pending,  1 downloaded,  0 extracted, (1 MB/? MB)
2025-08-07 12:22:59,064 INFO  [tc.qua.io/.111.0-k.0.0] (docker-java-stream--29267298) Pulling image layers:  5 pending,  2 downloaded,  0 extracted, (21 MB/? MB)
2025-08-07 12:22:59,628 INFO  [tc.qua.io/.111.0-k.0.0] (docker-java-stream--29267298) Pulling image layers:  4 pending,  3 downloaded,  0 extracted, (75 MB/? MB)
2025-08-07 12:23:00,059 INFO  [tc.qua.io/.111.0-k.0.0] (docker-java-stream--29267298) Pulling image layers:  3 pending,  4 downloaded,  0 extracted, (107 MB/? MB)
2025-08-07 12:23:00,486 INFO  [tc.qua.io/.111.0-k.0.0] (docker-java-stream--29267298) Pulling image layers:  2 pending,  5 downloaded,  0 extracted, (132 MB/? MB)
2025-08-07 12:23:00,767 INFO  [tc.qua.io/.111.0-k.0.0] (docker-java-stream--29267298) Pulling image layers:  2 pending,  5 downloaded,  1 extracted, (160 MB/? MB)
2025-08-07 12:23:00,858 INFO  [tc.qua.io/.111.0-k.0.0] (docker-java-stream--29267298) Pulling image layers:  1 pending,  6 downloaded,  1 extracted, (168 MB/? MB)
2025-08-07 12:23:02,807 INFO  [tc.qua.io/.111.0-k.0.0] (docker-java-stream--29267298) Pulling image layers:  0 pending,  7 downloaded,  1 extracted, (243 MB/249 MB)
2025-08-07 12:23:05,175 INFO  [tc.qua.io/.111.0-k.0.0] (docker-java-stream--29267298) Pulling image layers:  0 pending,  7 downloaded,  2 extracted, (244 MB/249 MB)
2025-08-07 12:23:05,211 INFO  [tc.qua.io/.111.0-k.0.0] (docker-java-stream--29267298) Pulling image layers:  0 pending,  7 downloaded,  3 extracted, (246 MB/249 MB)
2025-08-07 12:23:05,229 INFO  [tc.qua.io/.111.0-k.0.0] (docker-java-stream--29267298) Pulling image layers:  0 pending,  7 downloaded,  4 extracted, (246 MB/249 MB)
2025-08-07 12:23:06,418 INFO  [tc.qua.io/.111.0-k.0.0] (docker-java-stream--29267298) Pulling image layers:  0 pending,  7 downloaded,  5 extracted, (249 MB/249 MB)
2025-08-07 12:23:06,486 INFO  [tc.qua.io/.111.0-k.0.0] (docker-java-stream--29267298) Pulling image layers:  0 pending,  7 downloaded,  6 extracted, (249 MB/249 MB)
2025-08-07 12:23:06,503 INFO  [tc.qua.io/.111.0-k.0.0] (docker-java-stream--29267298) Pulling image layers:  0 pending,  7 downloaded,  7 extracted, (249 MB/249 MB)
2025-08-07 12:23:06,513 INFO  [tc.qua.io/.111.0-k.0.0] (docker-java-stream--29267298) Pull complete. 7 layers, pulled in 8s (downloaded 249 MB at 31 MB/s)
2025-08-07 12:23:06,513 INFO  [tc.qua.io/.111.0-k.0.0] (main) Image quay.io/strimzi-test-container/test-container:0.111.0-kafka-4.0.0 pull took PT9.882914323S
2025-08-07 12:23:06,517 INFO  [tc.qua.io/.111.0-k.0.0] (main) Creating container for image: quay.io/strimzi-test-container/test-container:0.111.0-kafka-4.0.0
2025-08-07 12:23:06,596 INFO  [tc.qua.io/.111.0-k.0.0] (main) Container quay.io/strimzi-test-container/test-container:0.111.0-kafka-4.0.0 is starting: 9faf23574f2804631f5444e81e39dc6302d0e853a68ad042af3071c692d20bed
2025-08-07 12:23:06,786 INFO  [io.str.tes.con.StrimziKafkaContainer] (main) Mapped port: 32769
2025-08-07 12:23:06,786 WARN  [io.str.tes.con.StrimziKafkaContainer] (main) Node ID is not set. Using broker ID 0 as the default node ID.
2025-08-07 12:23:06,787 INFO  [io.str.tes.con.StrimziKafkaContainer] (main) This is all advertised listeners for Kafka PLAINTEXT://localhost:32769,BROKER1://172.18.0.2:9091,CONTROLLER://broker-0:9094
2025-08-07 12:23:06,816 INFO  [io.str.tes.con.StrimziKafkaContainer] (main) New `cluster.id` has been generated: ewOXMZdKQImtr4eZTn3eAw
2025-08-07 12:23:06,817 INFO  [io.str.tes.con.StrimziKafkaContainer] (main) Copying command to 'STARTER_SCRIPT' script.
2025-08-07 12:23:12,309 INFO  [tc.qua.io/.111.0-k.0.0] (main) Container quay.io/strimzi-test-container/test-container:0.111.0-kafka-4.0.0 started in PT5.792412626S
2025-08-07 12:23:12,311 INFO  [io.api.tes.uti.TestSeparator] (main) ############################################################################
2025-08-07 12:23:12,311 INFO  [io.api.tes.uti.TestSeparator] (main) io.apicurio.tests.serdes.apicurio.AvroSerdeIT.testGlobalIdInHeaders-STARTED
2025-08-07 12:23:12,321 INFO  [org.apa.kaf.cli.adm.AdminClientConfig] (main) AdminClientConfig values: 
	auto.include.jmx.reporter = true
	bootstrap.controllers = []
	bootstrap.servers = [PLAINTEXT://localhost:32769]
	client.dns.lookup = use_all_dns_ips
	client.id = 
	connections.max.idle.ms = 10000
	default.api.timeout.ms = 60000
	enable.metrics.push = true
	metadata.max.age.ms = 300000
	metadata.recovery.strategy = none
	metric.reporters = []
	metrics.num.samples = 2
	metrics.recording.level = INFO
	metrics.sample.window.ms = 30000
	receive.buffer.bytes = 65536
	reconnect.backoff.max.ms = 1000
	reconnect.backoff.ms = 50
	request.timeout.ms = 5000
	retries = 2147483647
	retry.backoff.max.ms = 1000
	retry.backoff.ms = 100
	sasl.client.callback.handler.class = null
	sasl.jaas.config = null
	sasl.kerberos.kinit.cmd = /usr/bin/kinit
	sasl.kerberos.min.time.before.relogin = 60000
	sasl.kerberos.service.name = null
	sasl.kerberos.ticket.renew.jitter = 0.05
	sasl.kerberos.ticket.renew.window.factor = 0.8
	sasl.login.callback.handler.class = null
	sasl.login.class = null
	sasl.login.connect.timeout.ms = null
	sasl.login.read.timeout.ms = null
	sasl.login.refresh.buffer.seconds = 300
	sasl.login.refresh.min.period.seconds = 60
	sasl.login.refresh.window.factor = 0.8
	sasl.login.refresh.window.jitter = 0.05
	sasl.login.retry.backoff.max.ms = 10000
	sasl.login.retry.backoff.ms = 100
	sasl.mechanism = GSSAPI
	sasl.oauthbearer.clock.skew.seconds = 30
	sasl.oauthbearer.expected.audience = null
	sasl.oauthbearer.expected.issuer = null
	sasl.oauthbearer.header.urlencode = false
	sasl.oauthbearer.jwks.endpoint.refresh.ms = 3600000
	sasl.oauthbearer.jwks.endpoint.retry.backoff.max.ms = 10000
	sasl.oauthbearer.jwks.endpoint.retry.backoff.ms = 100
	sasl.oauthbearer.jwks.endpoint.url = null
	sasl.oauthbearer.scope.claim.name = scope
	sasl.oauthbearer.sub.claim.name = sub
	sasl.oauthbearer.token.endpoint.url = null
	security.protocol = PLAINTEXT
	security.providers = null
	send.buffer.bytes = 131072
	socket.connection.setup.timeout.max.ms = 30000
	socket.connection.setup.timeout.ms = 10000
	ssl.cipher.suites = null
	ssl.enabled.protocols = [TLSv1.2, TLSv1.3]
	ssl.endpoint.identification.algorithm = https
	ssl.engine.factory.class = null
	ssl.key.password = null
	ssl.keymanager.algorithm = SunX509
	ssl.keystore.certificate.chain = null
	ssl.keystore.key = null
	ssl.keystore.location = null
	ssl.keystore.password = null
	ssl.keystore.type = JKS
	ssl.protocol = TLSv1.3
	ssl.provider = null
	ssl.secure.random.implementation = null
	ssl.trustmanager.algorithm = PKIX
	ssl.truststore.certificates = null
	ssl.truststore.location = null
	ssl.truststore.password = null
	ssl.truststore.type = JKS

2025-08-07 12:23:12,646 INFO  [org.apa.kaf.com.uti.AppInfoParser] (main) Kafka version: 3.9.1
2025-08-07 12:23:12,646 INFO  [org.apa.kaf.com.uti.AppInfoParser] (main) Kafka commitId: f745dfdcee2b9851
2025-08-07 12:23:12,647 INFO  [org.apa.kaf.com.uti.AppInfoParser] (main) Kafka startTimeMs: 1754569392645
**** Registry Base URL: http://registry-app-pg17.apps.ci419.apicurio-testing.org:80
2025-08-07 12:23:12,701 INFO  [org.apa.kaf.cli.pro.ProducerConfig] (main) ProducerConfig values: 
	acks = -1
	auto.include.jmx.reporter = true
	batch.size = 16384
	bootstrap.servers = [PLAINTEXT://localhost:32769]
	buffer.memory = 33554432
	client.dns.lookup = use_all_dns_ips
	client.id = Producer-topic-df8e6774_396f_49e7_bccd_cac4189060c4
	compression.gzip.level = -1
	compression.lz4.level = 9
	compression.type = none
	compression.zstd.level = 3
	connections.max.idle.ms = 10000
	delivery.timeout.ms = 120000
	enable.idempotence = true
	enable.metrics.push = true
	interceptor.classes = []
	key.serializer = class org.apache.kafka.common.serialization.StringSerializer
	linger.ms = 0
	max.block.ms = 60000
	max.in.flight.requests.per.connection = 5
	max.request.size = 1048576
	metadata.max.age.ms = 300000
	metadata.max.idle.ms = 300000
	metadata.recovery.strategy = none
	metric.reporters = []
	metrics.num.samples = 2
	metrics.recording.level = INFO
	metrics.sample.window.ms = 30000
	partitioner.adaptive.partitioning.enable = true
	partitioner.availability.timeout.ms = 0
	partitioner.class = null
	partitioner.ignore.keys = false
	receive.buffer.bytes = 32768
	reconnect.backoff.max.ms = 1000
	reconnect.backoff.ms = 50
	request.timeout.ms = 5000
	retries = 2147483647
	retry.backoff.max.ms = 1000
	retry.backoff.ms = 100
	sasl.client.callback.handler.class = null
	sasl.jaas.config = null
	sasl.kerberos.kinit.cmd = /usr/bin/kinit
	sasl.kerberos.min.time.before.relogin = 60000
	sasl.kerberos.service.name = null
	sasl.kerberos.ticket.renew.jitter = 0.05
	sasl.kerberos.ticket.renew.window.factor = 0.8
	sasl.login.callback.handler.class = null
	sasl.login.class = null
	sasl.login.connect.timeout.ms = null
	sasl.login.read.timeout.ms = null
	sasl.login.refresh.buffer.seconds = 300
	sasl.login.refresh.min.period.seconds = 60
	sasl.login.refresh.window.factor = 0.8
	sasl.login.refresh.window.jitter = 0.05
	sasl.login.retry.backoff.max.ms = 10000
	sasl.login.retry.backoff.ms = 100
	sasl.mechanism = GSSAPI
	sasl.oauthbearer.clock.skew.seconds = 30
	sasl.oauthbearer.expected.audience = null
	sasl.oauthbearer.expected.issuer = null
	sasl.oauthbearer.header.urlencode = false
	sasl.oauthbearer.jwks.endpoint.refresh.ms = 3600000
	sasl.oauthbearer.jwks.endpoint.retry.backoff.max.ms = 10000
	sasl.oauthbearer.jwks.endpoint.retry.backoff.ms = 100
	sasl.oauthbearer.jwks.endpoint.url = null
	sasl.oauthbearer.scope.claim.name = scope
	sasl.oauthbearer.sub.claim.name = sub
	sasl.oauthbearer.token.endpoint.url = null
	security.protocol = PLAINTEXT
	security.providers = null
	send.buffer.bytes = 131072
	socket.connection.setup.timeout.max.ms = 30000
	socket.connection.setup.timeout.ms = 10000
	ssl.cipher.suites = null
	ssl.enabled.protocols = [TLSv1.2, TLSv1.3]
	ssl.endpoint.identification.algorithm = https
	ssl.engine.factory.class = null
	ssl.key.password = null
	ssl.keymanager.algorithm = SunX509
	ssl.keystore.certificate.chain = null
	ssl.keystore.key = null
	ssl.keystore.location = null
	ssl.keystore.password = null
	ssl.keystore.type = JKS
	ssl.protocol = TLSv1.3
	ssl.provider = null
	ssl.secure.random.implementation = null
	ssl.trustmanager.algorithm = PKIX
	ssl.truststore.certificates = null
	ssl.truststore.location = null
	ssl.truststore.password = null
	ssl.truststore.type = JKS
	transaction.timeout.ms = 60000
	transactional.id = null
	value.serializer = class io.apicurio.registry.serde.avro.AvroKafkaSerializer

2025-08-07 12:23:12,732 INFO  [org.apa.kaf.com.tel.int.KafkaMetricsCollector] (main) initializing Kafka metrics collector
2025-08-07 12:23:12,770 INFO  [org.apa.kaf.cli.pro.KafkaProducer] (main) [Producer clientId=Producer-topic-df8e6774_396f_49e7_bccd_cac4189060c4] Instantiated an idempotent producer.
2025-08-07 12:23:12,824 INFO  [org.apa.kaf.cli.pro.ProducerConfig] (main) These configurations '[apicurio.registry.url, apicurio.registry.auto-register, apicurio.registry.use-id, apicurio.registry.artifact-resolver-strategy]' were supplied but are not used yet.
2025-08-07 12:23:12,824 INFO  [org.apa.kaf.com.uti.AppInfoParser] (main) Kafka version: 3.9.1
2025-08-07 12:23:12,825 INFO  [org.apa.kaf.com.uti.AppInfoParser] (main) Kafka commitId: f745dfdcee2b9851
2025-08-07 12:23:12,825 INFO  [org.apa.kaf.com.uti.AppInfoParser] (main) Kafka startTimeMs: 1754569392824
2025-08-07 12:23:12,825 INFO  [io.api.tes.ser.api.SimpleSerdesTesterBuilder$SimpleSerdesTester] (main) Using producer configuration: {apicurio.registry.url=http://registry-app-pg17.apps.ci419.apicurio-testing.org:80/apis/registry/v3, apicurio.registry.auto-register=true, apicurio.registry.use-id=globalId, apicurio.registry.artifact-resolver-strategy=io.apicurio.registry.serde.strategy.TopicIdStrategy, value.serializer=io.apicurio.registry.serde.avro.AvroKafkaSerializer, request.timeout.ms=5000, acks=all, bootstrap.servers=PLAINTEXT://localhost:32769, connections.max.idle.ms=10000, key.serializer=org.apache.kafka.common.serialization.StringSerializer, client.id=Producer-topic-df8e6774_396f_49e7_bccd_cac4189060c4}
2025-08-07 12:23:12,825 INFO  [io.api.tes.ser.api.SimpleSerdesTesterBuilder$SimpleSerdesTester] (main) Using consumer configuration: {apicurio.registry.use-id=globalId}
2025-08-07 12:23:12,835 INFO  [io.api.tes.ser.api.KafkaSerdesTester] (Thread-600) Sending message {"key11754569392674": "value-0"} to topic topic-df8e6774_396f_49e7_bccd_cac4189060c4
2025-08-07 12:23:13,140 WARN  [org.apa.kaf.cli.NetworkClient] (kafka-producer-network-thread | Producer-topic-df8e6774_396f_49e7_bccd_cac4189060c4) [Producer clientId=Producer-topic-df8e6774_396f_49e7_bccd_cac4189060c4] The metadata response from the cluster reported a recoverable issue with correlation id 1 : {topic-df8e6774_396f_49e7_bccd_cac4189060c4=UNKNOWN_TOPIC_OR_PARTITION}
2025-08-07 12:23:13,146 INFO  [org.apa.kaf.cli.Metadata] (kafka-producer-network-thread | Producer-topic-df8e6774_396f_49e7_bccd_cac4189060c4) [Producer clientId=Producer-topic-df8e6774_396f_49e7_bccd_cac4189060c4] Cluster ID: ewOXMZdKQImtr4eZTn3eAw
2025-08-07 12:23:13,374 INFO  [org.apa.kaf.cli.pro.int.TransactionManager] (kafka-producer-network-thread | Producer-topic-df8e6774_396f_49e7_bccd_cac4189060c4) [Producer clientId=Producer-topic-df8e6774_396f_49e7_bccd_cac4189060c4] ProducerId set to 0 with epoch 0
2025-08-07 12:23:13,633 INFO  [io.api.tes.ser.api.KafkaSerdesTester] (Thread-600) Sending message {"key11754569392674": "value-1"} to topic topic-df8e6774_396f_49e7_bccd_cac4189060c4
2025-08-07 12:23:13,647 INFO  [io.api.tes.ser.api.KafkaSerdesTester] (Thread-600) Sending message {"key11754569392674": "value-2"} to topic topic-df8e6774_396f_49e7_bccd_cac4189060c4
2025-08-07 12:23:13,656 INFO  [io.api.tes.ser.api.KafkaSerdesTester] (Thread-600) Sending message {"key11754569392674": "value-3"} to topic topic-df8e6774_396f_49e7_bccd_cac4189060c4
2025-08-07 12:23:13,661 INFO  [io.api.tes.ser.api.KafkaSerdesTester] (Thread-600) Sending message {"key11754569392674": "value-4"} to topic topic-df8e6774_396f_49e7_bccd_cac4189060c4
2025-08-07 12:23:13,667 INFO  [io.api.tes.ser.api.KafkaSerdesTester] (Thread-600) Sending message {"key11754569392674": "value-5"} to topic topic-df8e6774_396f_49e7_bccd_cac4189060c4
2025-08-07 12:23:13,672 INFO  [io.api.tes.ser.api.KafkaSerdesTester] (Thread-600) Sending message {"key11754569392674": "value-6"} to topic topic-df8e6774_396f_49e7_bccd_cac4189060c4
2025-08-07 12:23:13,676 INFO  [io.api.tes.ser.api.KafkaSerdesTester] (Thread-600) Sending message {"key11754569392674": "value-7"} to topic topic-df8e6774_396f_49e7_bccd_cac4189060c4
2025-08-07 12:23:13,680 INFO  [io.api.tes.ser.api.KafkaSerdesTester] (Thread-600) Sending message {"key11754569392674": "value-8"} to topic topic-df8e6774_396f_49e7_bccd_cac4189060c4
2025-08-07 12:23:13,684 INFO  [io.api.tes.ser.api.KafkaSerdesTester] (Thread-600) Sending message {"key11754569392674": "value-9"} to topic topic-df8e6774_396f_49e7_bccd_cac4189060c4
2025-08-07 12:23:13,688 INFO  [io.api.tes.ser.api.KafkaSerdesTester] (Thread-600) Produced 10 messages
2025-08-07 12:23:13,689 INFO  [org.apa.kaf.cli.pro.KafkaProducer] (Thread-600) [Producer clientId=Producer-topic-df8e6774_396f_49e7_bccd_cac4189060c4] Closing the Kafka producer with timeoutMillis = 9223372036854775807 ms.
2025-08-07 12:23:13,712 INFO  [org.apa.kaf.com.met.Metrics] (Thread-600) Metrics scheduler closed
2025-08-07 12:23:13,713 INFO  [org.apa.kaf.com.met.Metrics] (Thread-600) Closing reporter org.apache.kafka.common.metrics.JmxReporter
2025-08-07 12:23:13,713 INFO  [org.apa.kaf.com.met.Metrics] (Thread-600) Closing reporter org.apache.kafka.common.telemetry.internals.ClientTelemetryReporter
2025-08-07 12:23:13,713 INFO  [org.apa.kaf.com.met.Metrics] (Thread-600) Metrics reporters closed
2025-08-07 12:23:13,716 INFO  [org.apa.kaf.com.uti.AppInfoParser] (Thread-600) App info kafka.producer for Producer-topic-df8e6774_396f_49e7_bccd_cac4189060c4 unregistered
**** Registry Base URL: http://registry-app-pg17.apps.ci419.apicurio-testing.org:80
2025-08-07 12:23:13,894 INFO  [org.apa.kaf.cli.con.ConsumerConfig] (main) ConsumerConfig values: 
	allow.auto.create.topics = true
	auto.commit.interval.ms = 500
	auto.include.jmx.reporter = true
	auto.offset.reset = earliest
	bootstrap.servers = [PLAINTEXT://localhost:32769]
	check.crcs = true
	client.dns.lookup = use_all_dns_ips
	client.id = consumer-Consumer-topic-df8e6774_396f_49e7_bccd_cac4189060c4-1
	client.rack = 
	connections.max.idle.ms = 10000
	default.api.timeout.ms = 60000
	enable.auto.commit = true
	enable.metrics.push = true
	exclude.internal.topics = true
	fetch.max.bytes = 52428800
	fetch.max.wait.ms = 500
	fetch.min.bytes = 1
	group.id = Consumer-topic-df8e6774_396f_49e7_bccd_cac4189060c4
	group.instance.id = null
	group.protocol = classic
	group.remote.assignor = null
	heartbeat.interval.ms = 3000
	interceptor.classes = []
	internal.leave.group.on.close = true
	internal.throw.on.fetch.stable.offset.unsupported = false
	isolation.level = read_uncommitted
	key.deserializer = class org.apache.kafka.common.serialization.StringDeserializer
	max.partition.fetch.bytes = 1048576
	max.poll.interval.ms = 300000
	max.poll.records = 500
	metadata.max.age.ms = 300000
	metadata.recovery.strategy = none
	metric.reporters = []
	metrics.num.samples = 2
	metrics.recording.level = INFO
	metrics.sample.window.ms = 30000
	partition.assignment.strategy = [class org.apache.kafka.clients.consumer.RangeAssignor, class org.apache.kafka.clients.consumer.CooperativeStickyAssignor]
	receive.buffer.bytes = 65536
	reconnect.backoff.max.ms = 1000
	reconnect.backoff.ms = 50
	request.timeout.ms = 5000
	retry.backoff.max.ms = 1000
	retry.backoff.ms = 100
	sasl.client.callback.handler.class = null
	sasl.jaas.config = null
	sasl.kerberos.kinit.cmd = /usr/bin/kinit
	sasl.kerberos.min.time.before.relogin = 60000
	sasl.kerberos.service.name = null
	sasl.kerberos.ticket.renew.jitter = 0.05
	sasl.kerberos.ticket.renew.window.factor = 0.8
	sasl.login.callback.handler.class = null
	sasl.login.class = null
	sasl.login.connect.timeout.ms = null
	sasl.login.read.timeout.ms = null
	sasl.login.refresh.buffer.seconds = 300
	sasl.login.refresh.min.period.seconds = 60
	sasl.login.refresh.window.factor = 0.8
	sasl.login.refresh.window.jitter = 0.05
	sasl.login.retry.backoff.max.ms = 10000
	sasl.login.retry.backoff.ms = 100
	sasl.mechanism = GSSAPI
	sasl.oauthbearer.clock.skew.seconds = 30
	sasl.oauthbearer.expected.audience = null
	sasl.oauthbearer.expected.issuer = null
	sasl.oauthbearer.header.urlencode = false
	sasl.oauthbearer.jwks.endpoint.refresh.ms = 3600000
	sasl.oauthbearer.jwks.endpoint.retry.backoff.max.ms = 10000
	sasl.oauthbearer.jwks.endpoint.retry.backoff.ms = 100
	sasl.oauthbearer.jwks.endpoint.url = null
	sasl.oauthbearer.scope.claim.name = scope
	sasl.oauthbearer.sub.claim.name = sub
	sasl.oauthbearer.token.endpoint.url = null
	security.protocol = PLAINTEXT
	security.providers = null
	send.buffer.bytes = 131072
	session.timeout.ms = 45000
	socket.connection.setup.timeout.max.ms = 30000
	socket.connection.setup.timeout.ms = 10000
	ssl.cipher.suites = null
	ssl.enabled.protocols = [TLSv1.2, TLSv1.3]
	ssl.endpoint.identification.algorithm = https
	ssl.engine.factory.class = null
	ssl.key.password = null
	ssl.keymanager.algorithm = SunX509
	ssl.keystore.certificate.chain = null
	ssl.keystore.key = null
	ssl.keystore.location = null
	ssl.keystore.password = null
	ssl.keystore.type = JKS
	ssl.protocol = TLSv1.3
	ssl.provider = null
	ssl.secure.random.implementation = null
	ssl.trustmanager.algorithm = PKIX
	ssl.truststore.certificates = null
	ssl.truststore.location = null
	ssl.truststore.password = null
	ssl.truststore.type = JKS
	value.deserializer = class io.apicurio.registry.serde.avro.AvroKafkaDeserializer

2025-08-07 12:23:13,902 INFO  [org.apa.kaf.com.tel.int.KafkaMetricsCollector] (main) initializing Kafka metrics collector
2025-08-07 12:23:13,951 INFO  [org.apa.kaf.cli.con.ConsumerConfig] (main) These configurations '[apicurio.registry.url, apicurio.registry.use-id]' were supplied but are not used yet.
2025-08-07 12:23:13,951 INFO  [org.apa.kaf.com.uti.AppInfoParser] (main) Kafka version: 3.9.1
2025-08-07 12:23:13,951 INFO  [org.apa.kaf.com.uti.AppInfoParser] (main) Kafka commitId: f745dfdcee2b9851
2025-08-07 12:23:13,953 INFO  [org.apa.kaf.com.uti.AppInfoParser] (main) Kafka startTimeMs: 1754569393951
2025-08-07 12:23:13,959 INFO  [org.apa.kaf.cli.con.int.ClassicKafkaConsumer] (Thread-603) [Consumer clientId=consumer-Consumer-topic-df8e6774_396f_49e7_bccd_cac4189060c4-1, groupId=Consumer-topic-df8e6774_396f_49e7_bccd_cac4189060c4] Subscribed to topic(s): topic-df8e6774_396f_49e7_bccd_cac4189060c4
2025-08-07 12:23:13,976 INFO  [org.apa.kaf.cli.Metadata] (Thread-603) [Consumer clientId=consumer-Consumer-topic-df8e6774_396f_49e7_bccd_cac4189060c4-1, groupId=Consumer-topic-df8e6774_396f_49e7_bccd_cac4189060c4] Cluster ID: ewOXMZdKQImtr4eZTn3eAw
2025-08-07 12:23:14,135 INFO  [org.apa.kaf.cli.con.int.ConsumerCoordinator] (Thread-603) [Consumer clientId=consumer-Consumer-topic-df8e6774_396f_49e7_bccd_cac4189060c4-1, groupId=Consumer-topic-df8e6774_396f_49e7_bccd_cac4189060c4] Discovered group coordinator localhost:32769 (id: 2147483647 rack: null)
2025-08-07 12:23:14,145 INFO  [org.apa.kaf.cli.con.int.ConsumerCoordinator] (Thread-603) [Consumer clientId=consumer-Consumer-topic-df8e6774_396f_49e7_bccd_cac4189060c4-1, groupId=Consumer-topic-df8e6774_396f_49e7_bccd_cac4189060c4] (Re-)joining group
2025-08-07 12:23:14,173 INFO  [org.apa.kaf.cli.con.int.ConsumerCoordinator] (Thread-603) [Consumer clientId=consumer-Consumer-topic-df8e6774_396f_49e7_bccd_cac4189060c4-1, groupId=Consumer-topic-df8e6774_396f_49e7_bccd_cac4189060c4] Group coordinator localhost:32769 (id: 2147483647 rack: null) is unavailable or invalid due to cause: error response NOT_COORDINATOR. isDisconnected: false. Rediscovery will be attempted.
2025-08-07 12:23:14,173 INFO  [org.apa.kaf.cli.con.int.ConsumerCoordinator] (Thread-603) [Consumer clientId=consumer-Consumer-topic-df8e6774_396f_49e7_bccd_cac4189060c4-1, groupId=Consumer-topic-df8e6774_396f_49e7_bccd_cac4189060c4] Requesting disconnect from last known coordinator localhost:32769 (id: 2147483647 rack: null)
2025-08-07 12:23:14,173 INFO  [org.apa.kaf.cli.con.int.ConsumerCoordinator] (Thread-603) [Consumer clientId=consumer-Consumer-topic-df8e6774_396f_49e7_bccd_cac4189060c4-1, groupId=Consumer-topic-df8e6774_396f_49e7_bccd_cac4189060c4] JoinGroup failed: This is not the correct coordinator. Marking coordinator unknown. Sent generation was Generation{generationId=-1, memberId='', protocol='null'}
2025-08-07 12:23:14,174 INFO  [org.apa.kaf.cli.NetworkClient] (Thread-603) [Consumer clientId=consumer-Consumer-topic-df8e6774_396f_49e7_bccd_cac4189060c4-1, groupId=Consumer-topic-df8e6774_396f_49e7_bccd_cac4189060c4] Client requested disconnect from node 2147483647
2025-08-07 12:23:14,180 INFO  [org.apa.kaf.cli.con.int.ConsumerCoordinator] (Thread-603) [Consumer clientId=consumer-Consumer-topic-df8e6774_396f_49e7_bccd_cac4189060c4-1, groupId=Consumer-topic-df8e6774_396f_49e7_bccd_cac4189060c4] Discovered group coordinator localhost:32769 (id: 2147483647 rack: null)
2025-08-07 12:23:14,181 INFO  [org.apa.kaf.cli.con.int.ConsumerCoordinator] (Thread-603) [Consumer clientId=consumer-Consumer-topic-df8e6774_396f_49e7_bccd_cac4189060c4-1, groupId=Consumer-topic-df8e6774_396f_49e7_bccd_cac4189060c4] Group coordinator localhost:32769 (id: 2147483647 rack: null) is unavailable or invalid due to cause: coordinator unavailable. isDisconnected: false. Rediscovery will be attempted.
2025-08-07 12:23:14,181 INFO  [org.apa.kaf.cli.con.int.ConsumerCoordinator] (Thread-603) [Consumer clientId=consumer-Consumer-topic-df8e6774_396f_49e7_bccd_cac4189060c4-1, groupId=Consumer-topic-df8e6774_396f_49e7_bccd_cac4189060c4] Requesting disconnect from last known coordinator localhost:32769 (id: 2147483647 rack: null)
2025-08-07 12:23:14,298 INFO  [org.apa.kaf.cli.con.int.ConsumerCoordinator] (Thread-603) [Consumer clientId=consumer-Consumer-topic-df8e6774_396f_49e7_bccd_cac4189060c4-1, groupId=Consumer-topic-df8e6774_396f_49e7_bccd_cac4189060c4] Discovered group coordinator localhost:32769 (id: 2147483647 rack: null)
2025-08-07 12:23:14,300 INFO  [org.apa.kaf.cli.con.int.ConsumerCoordinator] (Thread-603) [Consumer clientId=consumer-Consumer-topic-df8e6774_396f_49e7_bccd_cac4189060c4-1, groupId=Consumer-topic-df8e6774_396f_49e7_bccd_cac4189060c4] Request joining group due to: rebalance failed due to 'This is not the correct coordinator.' (NotCoordinatorException)
2025-08-07 12:23:14,301 INFO  [org.apa.kaf.cli.con.int.ConsumerCoordinator] (Thread-603) [Consumer clientId=consumer-Consumer-topic-df8e6774_396f_49e7_bccd_cac4189060c4-1, groupId=Consumer-topic-df8e6774_396f_49e7_bccd_cac4189060c4] (Re-)joining group
2025-08-07 12:23:14,315 INFO  [org.apa.kaf.cli.con.int.ConsumerCoordinator] (Thread-603) [Consumer clientId=consumer-Consumer-topic-df8e6774_396f_49e7_bccd_cac4189060c4-1, groupId=Consumer-topic-df8e6774_396f_49e7_bccd_cac4189060c4] Group coordinator localhost:32769 (id: 2147483647 rack: null) is unavailable or invalid due to cause: error response NOT_COORDINATOR. isDisconnected: false. Rediscovery will be attempted.
2025-08-07 12:23:14,315 INFO  [org.apa.kaf.cli.con.int.ConsumerCoordinator] (Thread-603) [Consumer clientId=consumer-Consumer-topic-df8e6774_396f_49e7_bccd_cac4189060c4-1, groupId=Consumer-topic-df8e6774_396f_49e7_bccd_cac4189060c4] Requesting disconnect from last known coordinator localhost:32769 (id: 2147483647 rack: null)
2025-08-07 12:23:14,316 INFO  [org.apa.kaf.cli.con.int.ConsumerCoordinator] (Thread-603) [Consumer clientId=consumer-Consumer-topic-df8e6774_396f_49e7_bccd_cac4189060c4-1, groupId=Consumer-topic-df8e6774_396f_49e7_bccd_cac4189060c4] JoinGroup failed: This is not the correct coordinator. Marking coordinator unknown. Sent generation was Generation{generationId=-1, memberId='', protocol='null'}
2025-08-07 12:23:14,317 INFO  [org.apa.kaf.cli.NetworkClient] (Thread-603) [Consumer clientId=consumer-Consumer-topic-df8e6774_396f_49e7_bccd_cac4189060c4-1, groupId=Consumer-topic-df8e6774_396f_49e7_bccd_cac4189060c4] Client requested disconnect from node 2147483647
2025-08-07 12:23:14,324 INFO  [org.apa.kaf.cli.con.int.ConsumerCoordinator] (Thread-603) [Consumer clientId=consumer-Consumer-topic-df8e6774_396f_49e7_bccd_cac4189060c4-1, groupId=Consumer-topic-df8e6774_396f_49e7_bccd_cac4189060c4] Discovered group coordinator localhost:32769 (id: 2147483647 rack: null)
2025-08-07 12:23:14,324 INFO  [org.apa.kaf.cli.con.int.ConsumerCoordinator] (Thread-603) [Consumer clientId=consumer-Consumer-topic-df8e6774_396f_49e7_bccd_cac4189060c4-1, groupId=Consumer-topic-df8e6774_396f_49e7_bccd_cac4189060c4] Group coordinator localhost:32769 (id: 2147483647 rack: null) is unavailable or invalid due to cause: coordinator unavailable. isDisconnected: false. Rediscovery will be attempted.
2025-08-07 12:23:14,325 INFO  [org.apa.kaf.cli.con.int.ConsumerCoordinator] (Thread-603) [Consumer clientId=consumer-Consumer-topic-df8e6774_396f_49e7_bccd_cac4189060c4-1, groupId=Consumer-topic-df8e6774_396f_49e7_bccd_cac4189060c4] Requesting disconnect from last known coordinator localhost:32769 (id: 2147483647 rack: null)
2025-08-07 12:23:14,447 INFO  [org.apa.kaf.cli.con.int.ConsumerCoordinator] (Thread-603) [Consumer clientId=consumer-Consumer-topic-df8e6774_396f_49e7_bccd_cac4189060c4-1, groupId=Consumer-topic-df8e6774_396f_49e7_bccd_cac4189060c4] Discovered group coordinator localhost:32769 (id: 2147483647 rack: null)
2025-08-07 12:23:14,450 INFO  [org.apa.kaf.cli.con.int.ConsumerCoordinator] (Thread-603) [Consumer clientId=consumer-Consumer-topic-df8e6774_396f_49e7_bccd_cac4189060c4-1, groupId=Consumer-topic-df8e6774_396f_49e7_bccd_cac4189060c4] Request joining group due to: rebalance failed due to 'This is not the correct coordinator.' (NotCoordinatorException)
2025-08-07 12:23:14,451 INFO  [org.apa.kaf.cli.con.int.ConsumerCoordinator] (Thread-603) [Consumer clientId=consumer-Consumer-topic-df8e6774_396f_49e7_bccd_cac4189060c4-1, groupId=Consumer-topic-df8e6774_396f_49e7_bccd_cac4189060c4] (Re-)joining group
2025-08-07 12:23:14,460 INFO  [org.apa.kaf.cli.con.int.ConsumerCoordinator] (Thread-603) [Consumer clientId=consumer-Consumer-topic-df8e6774_396f_49e7_bccd_cac4189060c4-1, groupId=Consumer-topic-df8e6774_396f_49e7_bccd_cac4189060c4] Group coordinator localhost:32769 (id: 2147483647 rack: null) is unavailable or invalid due to cause: error response NOT_COORDINATOR. isDisconnected: false. Rediscovery will be attempted.
2025-08-07 12:23:14,463 INFO  [org.apa.kaf.cli.con.int.ConsumerCoordinator] (Thread-603) [Consumer clientId=consumer-Consumer-topic-df8e6774_396f_49e7_bccd_cac4189060c4-1, groupId=Consumer-topic-df8e6774_396f_49e7_bccd_cac4189060c4] Requesting disconnect from last known coordinator localhost:32769 (id: 2147483647 rack: null)
2025-08-07 12:23:14,463 INFO  [org.apa.kaf.cli.con.int.ConsumerCoordinator] (Thread-603) [Consumer clientId=consumer-Consumer-topic-df8e6774_396f_49e7_bccd_cac4189060c4-1, groupId=Consumer-topic-df8e6774_396f_49e7_bccd_cac4189060c4] JoinGroup failed: This is not the correct coordinator. Marking coordinator unknown. Sent generation was Generation{generationId=-1, memberId='', protocol='null'}
2025-08-07 12:23:14,463 INFO  [org.apa.kaf.cli.NetworkClient] (Thread-603) [Consumer clientId=consumer-Consumer-topic-df8e6774_396f_49e7_bccd_cac4189060c4-1, groupId=Consumer-topic-df8e6774_396f_49e7_bccd_cac4189060c4] Client requested disconnect from node 2147483647
2025-08-07 12:23:14,473 INFO  [org.apa.kaf.cli.con.int.ConsumerCoordinator] (Thread-603) [Consumer clientId=consumer-Consumer-topic-df8e6774_396f_49e7_bccd_cac4189060c4-1, groupId=Consumer-topic-df8e6774_396f_49e7_bccd_cac4189060c4] Discovered group coordinator localhost:32769 (id: 2147483647 rack: null)
2025-08-07 12:23:14,473 INFO  [org.apa.kaf.cli.con.int.ConsumerCoordinator] (Thread-603) [Consumer clientId=consumer-Consumer-topic-df8e6774_396f_49e7_bccd_cac4189060c4-1, groupId=Consumer-topic-df8e6774_396f_49e7_bccd_cac4189060c4] Group coordinator localhost:32769 (id: 2147483647 rack: null) is unavailable or invalid due to cause: coordinator unavailable. isDisconnected: false. Rediscovery will be attempted.
2025-08-07 12:23:14,473 INFO  [org.apa.kaf.cli.con.int.ConsumerCoordinator] (Thread-603) [Consumer clientId=consumer-Consumer-topic-df8e6774_396f_49e7_bccd_cac4189060c4-1, groupId=Consumer-topic-df8e6774_396f_49e7_bccd_cac4189060c4] Requesting disconnect from last known coordinator localhost:32769 (id: 2147483647 rack: null)
2025-08-07 12:23:14,586 INFO  [org.apa.kaf.cli.con.int.ConsumerCoordinator] (Thread-603) [Consumer clientId=consumer-Consumer-topic-df8e6774_396f_49e7_bccd_cac4189060c4-1, groupId=Consumer-topic-df8e6774_396f_49e7_bccd_cac4189060c4] Discovered group coordinator localhost:32769 (id: 2147483647 rack: null)
2025-08-07 12:23:14,588 INFO  [org.apa.kaf.cli.con.int.ConsumerCoordinator] (Thread-603) [Consumer clientId=consumer-Consumer-topic-df8e6774_396f_49e7_bccd_cac4189060c4-1, groupId=Consumer-topic-df8e6774_396f_49e7_bccd_cac4189060c4] Request joining group due to: rebalance failed due to 'This is not the correct coordinator.' (NotCoordinatorException)
2025-08-07 12:23:14,589 INFO  [org.apa.kaf.cli.con.int.ConsumerCoordinator] (Thread-603) [Consumer clientId=consumer-Consumer-topic-df8e6774_396f_49e7_bccd_cac4189060c4-1, groupId=Consumer-topic-df8e6774_396f_49e7_bccd_cac4189060c4] (Re-)joining group
2025-08-07 12:23:14,594 INFO  [org.apa.kaf.cli.con.int.ConsumerCoordinator] (Thread-603) [Consumer clientId=consumer-Consumer-topic-df8e6774_396f_49e7_bccd_cac4189060c4-1, groupId=Consumer-topic-df8e6774_396f_49e7_bccd_cac4189060c4] Group coordinator localhost:32769 (id: 2147483647 rack: null) is unavailable or invalid due to cause: error response NOT_COORDINATOR. isDisconnected: false. Rediscovery will be attempted.
2025-08-07 12:23:14,595 INFO  [org.apa.kaf.cli.con.int.ConsumerCoordinator] (Thread-603) [Consumer clientId=consumer-Consumer-topic-df8e6774_396f_49e7_bccd_cac4189060c4-1, groupId=Consumer-topic-df8e6774_396f_49e7_bccd_cac4189060c4] Requesting disconnect from last known coordinator localhost:32769 (id: 2147483647 rack: null)
2025-08-07 12:23:14,595 INFO  [org.apa.kaf.cli.con.int.ConsumerCoordinator] (Thread-603) [Consumer clientId=consumer-Consumer-topic-df8e6774_396f_49e7_bccd_cac4189060c4-1, groupId=Consumer-topic-df8e6774_396f_49e7_bccd_cac4189060c4] JoinGroup failed: This is not the correct coordinator. Marking coordinator unknown. Sent generation was Generation{generationId=-1, memberId='', protocol='null'}
2025-08-07 12:23:14,596 INFO  [org.apa.kaf.cli.NetworkClient] (Thread-603) [Consumer clientId=consumer-Consumer-topic-df8e6774_396f_49e7_bccd_cac4189060c4-1, groupId=Consumer-topic-df8e6774_396f_49e7_bccd_cac4189060c4] Client requested disconnect from node 2147483647
2025-08-07 12:23:14,602 INFO  [org.apa.kaf.cli.con.int.ConsumerCoordinator] (Thread-603) [Consumer clientId=consumer-Consumer-topic-df8e6774_396f_49e7_bccd_cac4189060c4-1, groupId=Consumer-topic-df8e6774_396f_49e7_bccd_cac4189060c4] Discovered group coordinator localhost:32769 (id: 2147483647 rack: null)
2025-08-07 12:23:14,603 INFO  [org.apa.kaf.cli.con.int.ConsumerCoordinator] (Thread-603) [Consumer clientId=consumer-Consumer-topic-df8e6774_396f_49e7_bccd_cac4189060c4-1, groupId=Consumer-topic-df8e6774_396f_49e7_bccd_cac4189060c4] Group coordinator localhost:32769 (id: 2147483647 rack: null) is unavailable or invalid due to cause: coordinator unavailable. isDisconnected: false. Rediscovery will be attempted.
2025-08-07 12:23:14,603 INFO  [org.apa.kaf.cli.con.int.ConsumerCoordinator] (Thread-603) [Consumer clientId=consumer-Consumer-topic-df8e6774_396f_49e7_bccd_cac4189060c4-1, groupId=Consumer-topic-df8e6774_396f_49e7_bccd_cac4189060c4] Requesting disconnect from last known coordinator localhost:32769 (id: 2147483647 rack: null)
2025-08-07 12:23:14,719 INFO  [org.apa.kaf.cli.con.int.ConsumerCoordinator] (Thread-603) [Consumer clientId=consumer-Consumer-topic-df8e6774_396f_49e7_bccd_cac4189060c4-1, groupId=Consumer-topic-df8e6774_396f_49e7_bccd_cac4189060c4] Discovered group coordinator localhost:32769 (id: 2147483647 rack: null)
2025-08-07 12:23:14,720 INFO  [org.apa.kaf.cli.con.int.ConsumerCoordinator] (Thread-603) [Consumer clientId=consumer-Consumer-topic-df8e6774_396f_49e7_bccd_cac4189060c4-1, groupId=Consumer-topic-df8e6774_396f_49e7_bccd_cac4189060c4] Request joining group due to: rebalance failed due to 'This is not the correct coordinator.' (NotCoordinatorException)
2025-08-07 12:23:14,721 INFO  [org.apa.kaf.cli.con.int.ConsumerCoordinator] (Thread-603) [Consumer clientId=consumer-Consumer-topic-df8e6774_396f_49e7_bccd_cac4189060c4-1, groupId=Consumer-topic-df8e6774_396f_49e7_bccd_cac4189060c4] (Re-)joining group
2025-08-07 12:23:14,731 INFO  [org.apa.kaf.cli.con.int.ConsumerCoordinator] (Thread-603) [Consumer clientId=consumer-Consumer-topic-df8e6774_396f_49e7_bccd_cac4189060c4-1, groupId=Consumer-topic-df8e6774_396f_49e7_bccd_cac4189060c4] Request joining group due to: need to re-join with the given member-id: consumer-Consumer-topic-df8e6774_396f_49e7_bccd_cac4189060c4-1-cdd7d23b-1c07-4267-9945-504d94eeb9ef
2025-08-07 12:23:14,731 INFO  [org.apa.kaf.cli.con.int.ConsumerCoordinator] (Thread-603) [Consumer clientId=consumer-Consumer-topic-df8e6774_396f_49e7_bccd_cac4189060c4-1, groupId=Consumer-topic-df8e6774_396f_49e7_bccd_cac4189060c4] (Re-)joining group
2025-08-07 12:23:14,960 INFO  [io.api.tes.ser.api.KafkaSerdesTester] (Thread-603) None found
2025-08-07 12:23:15,961 INFO  [io.api.tes.ser.api.KafkaSerdesTester] (Thread-603) None found
2025-08-07 12:23:16,961 INFO  [io.api.tes.ser.api.KafkaSerdesTester] (Thread-603) None found
2025-08-07 12:23:17,749 INFO  [org.apa.kaf.cli.con.int.ConsumerCoordinator] (Thread-603) [Consumer clientId=consumer-Consumer-topic-df8e6774_396f_49e7_bccd_cac4189060c4-1, groupId=Consumer-topic-df8e6774_396f_49e7_bccd_cac4189060c4] Successfully joined group with generation Generation{generationId=1, memberId='consumer-Consumer-topic-df8e6774_396f_49e7_bccd_cac4189060c4-1-cdd7d23b-1c07-4267-9945-504d94eeb9ef', protocol='range'}
2025-08-07 12:23:17,756 INFO  [org.apa.kaf.cli.con.int.ConsumerCoordinator] (Thread-603) [Consumer clientId=consumer-Consumer-topic-df8e6774_396f_49e7_bccd_cac4189060c4-1, groupId=Consumer-topic-df8e6774_396f_49e7_bccd_cac4189060c4] Finished assignment for group at generation 1: {consumer-Consumer-topic-df8e6774_396f_49e7_bccd_cac4189060c4-1-cdd7d23b-1c07-4267-9945-504d94eeb9ef=Assignment(partitions=[topic-df8e6774_396f_49e7_bccd_cac4189060c4-0])}
2025-08-07 12:23:17,776 INFO  [org.apa.kaf.cli.con.int.ConsumerCoordinator] (Thread-603) [Consumer clientId=consumer-Consumer-topic-df8e6774_396f_49e7_bccd_cac4189060c4-1, groupId=Consumer-topic-df8e6774_396f_49e7_bccd_cac4189060c4] Successfully synced group in generation Generation{generationId=1, memberId='consumer-Consumer-topic-df8e6774_396f_49e7_bccd_cac4189060c4-1-cdd7d23b-1c07-4267-9945-504d94eeb9ef', protocol='range'}
2025-08-07 12:23:17,777 INFO  [org.apa.kaf.cli.con.int.ConsumerCoordinator] (Thread-603) [Consumer clientId=consumer-Consumer-topic-df8e6774_396f_49e7_bccd_cac4189060c4-1, groupId=Consumer-topic-df8e6774_396f_49e7_bccd_cac4189060c4] Notifying assignor about the new Assignment(partitions=[topic-df8e6774_396f_49e7_bccd_cac4189060c4-0])
2025-08-07 12:23:17,783 INFO  [org.apa.kaf.cli.con.int.ConsumerRebalanceListenerInvoker] (Thread-603) [Consumer clientId=consumer-Consumer-topic-df8e6774_396f_49e7_bccd_cac4189060c4-1, groupId=Consumer-topic-df8e6774_396f_49e7_bccd_cac4189060c4] Adding newly assigned partitions: topic-df8e6774_396f_49e7_bccd_cac4189060c4-0
2025-08-07 12:23:17,813 INFO  [org.apa.kaf.cli.con.int.ConsumerCoordinator] (Thread-603) [Consumer clientId=consumer-Consumer-topic-df8e6774_396f_49e7_bccd_cac4189060c4-1, groupId=Consumer-topic-df8e6774_396f_49e7_bccd_cac4189060c4] Found no committed offset for partition topic-df8e6774_396f_49e7_bccd_cac4189060c4-0
2025-08-07 12:23:17,842 INFO  [org.apa.kaf.cli.con.int.SubscriptionState] (Thread-603) [Consumer clientId=consumer-Consumer-topic-df8e6774_396f_49e7_bccd_cac4189060c4-1, groupId=Consumer-topic-df8e6774_396f_49e7_bccd_cac4189060c4] Resetting offset for partition topic-df8e6774_396f_49e7_bccd_cac4189060c4-0 to position FetchPosition{offset=0, offsetEpoch=Optional.empty, currentLeader=LeaderAndEpoch{leader=Optional[localhost:32769 (id: 0 rack: null)], epoch=0}}.
2025-08-07 12:23:18,179 INFO  [io.api.tes.ser.api.KafkaSerdesTester] (Thread-603) topic-df8e6774_396f_49e7_bccd_cac4189060c4 0 0 {"key11754569392674": "value-0"}
2025-08-07 12:23:18,179 INFO  [io.api.tes.ser.api.KafkaSerdesTester] (Thread-603) topic-df8e6774_396f_49e7_bccd_cac4189060c4 0 1 {"key11754569392674": "value-1"}
2025-08-07 12:23:18,179 INFO  [io.api.tes.ser.api.KafkaSerdesTester] (Thread-603) topic-df8e6774_396f_49e7_bccd_cac4189060c4 0 2 {"key11754569392674": "value-2"}
2025-08-07 12:23:18,179 INFO  [io.api.tes.ser.api.KafkaSerdesTester] (Thread-603) topic-df8e6774_396f_49e7_bccd_cac4189060c4 0 3 {"key11754569392674": "value-3"}
2025-08-07 12:23:18,179 INFO  [io.api.tes.ser.api.KafkaSerdesTester] (Thread-603) topic-df8e6774_396f_49e7_bccd_cac4189060c4 0 4 {"key11754569392674": "value-4"}
2025-08-07 12:23:18,180 INFO  [io.api.tes.ser.api.KafkaSerdesTester] (Thread-603) topic-df8e6774_396f_49e7_bccd_cac4189060c4 0 5 {"key11754569392674": "value-5"}
2025-08-07 12:23:18,180 INFO  [io.api.tes.ser.api.KafkaSerdesTester] (Thread-603) topic-df8e6774_396f_49e7_bccd_cac4189060c4 0 6 {"key11754569392674": "value-6"}
2025-08-07 12:23:18,180 INFO  [io.api.tes.ser.api.KafkaSerdesTester] (Thread-603) topic-df8e6774_396f_49e7_bccd_cac4189060c4 0 7 {"key11754569392674": "value-7"}
2025-08-07 12:23:18,180 INFO  [io.api.tes.ser.api.KafkaSerdesTester] (Thread-603) topic-df8e6774_396f_49e7_bccd_cac4189060c4 0 8 {"key11754569392674": "value-8"}
2025-08-07 12:23:18,180 INFO  [io.api.tes.ser.api.KafkaSerdesTester] (Thread-603) topic-df8e6774_396f_49e7_bccd_cac4189060c4 0 9 {"key11754569392674": "value-9"}
2025-08-07 12:23:18,180 INFO  [io.api.tes.ser.api.KafkaSerdesTester] (Thread-603) Consumed 10 messages
2025-08-07 12:23:18,212 INFO  [org.apa.kaf.cli.con.int.ConsumerRebalanceListenerInvoker] (Thread-603) [Consumer clientId=consumer-Consumer-topic-df8e6774_396f_49e7_bccd_cac4189060c4-1, groupId=Consumer-topic-df8e6774_396f_49e7_bccd_cac4189060c4] Revoke previously assigned partitions topic-df8e6774_396f_49e7_bccd_cac4189060c4-0
2025-08-07 12:23:18,213 INFO  [org.apa.kaf.cli.con.int.ConsumerCoordinator] (Thread-603) [Consumer clientId=consumer-Consumer-topic-df8e6774_396f_49e7_bccd_cac4189060c4-1, groupId=Consumer-topic-df8e6774_396f_49e7_bccd_cac4189060c4] Member consumer-Consumer-topic-df8e6774_396f_49e7_bccd_cac4189060c4-1-cdd7d23b-1c07-4267-9945-504d94eeb9ef sending LeaveGroup request to coordinator localhost:32769 (id: 2147483647 rack: null) due to the consumer is being closed
2025-08-07 12:23:18,219 INFO  [org.apa.kaf.cli.con.int.ConsumerCoordinator] (Thread-603) [Consumer clientId=consumer-Consumer-topic-df8e6774_396f_49e7_bccd_cac4189060c4-1, groupId=Consumer-topic-df8e6774_396f_49e7_bccd_cac4189060c4] Resetting generation and member id due to: consumer pro-actively leaving the group
2025-08-07 12:23:18,219 INFO  [org.apa.kaf.cli.con.int.ConsumerCoordinator] (Thread-603) [Consumer clientId=consumer-Consumer-topic-df8e6774_396f_49e7_bccd_cac4189060c4-1, groupId=Consumer-topic-df8e6774_396f_49e7_bccd_cac4189060c4] Request joining group due to: consumer pro-actively leaving the group
2025-08-07 12:23:18,698 INFO  [org.apa.kaf.com.met.Metrics] (Thread-603) Metrics scheduler closed
2025-08-07 12:23:18,698 INFO  [org.apa.kaf.com.met.Metrics] (Thread-603) Closing reporter org.apache.kafka.common.metrics.JmxReporter
2025-08-07 12:23:18,698 INFO  [org.apa.kaf.com.met.Metrics] (Thread-603) Closing reporter org.apache.kafka.common.telemetry.internals.ClientTelemetryReporter
2025-08-07 12:23:18,698 INFO  [org.apa.kaf.com.met.Metrics] (Thread-603) Metrics reporters closed
2025-08-07 12:23:18,711 INFO  [org.apa.kaf.com.uti.AppInfoParser] (Thread-603) App info kafka.consumer for consumer-Consumer-topic-df8e6774_396f_49e7_bccd_cac4189060c4-1 unregistered
2025-08-07 12:23:18,712 INFO  [io.api.tes.uti.TestSeparator] (main) io.apicurio.tests.serdes.apicurio.AvroSerdeIT.testGlobalIdInHeaders-FINISHED
2025-08-07 12:23:18,712 INFO  [io.api.tes.uti.TestSeparator] (main) ############################################################################
Test passed: testGlobalIdInHeaders
]]></system-out>
  </testcase>
  <testcase name="testSimpleTopicIdStrategyFindLatest" classname="io.apicurio.tests.serdes.apicurio.AvroSerdeIT" time="5.498">
    <system-out><![CDATA[2025-08-07 12:23:18,714 INFO  [io.api.tes.uti.TestSeparator] (main) ############################################################################
2025-08-07 12:23:18,714 INFO  [io.api.tes.uti.TestSeparator] (main) io.apicurio.tests.serdes.apicurio.AvroSerdeIT.testSimpleTopicIdStrategyFindLatest-STARTED
2025-08-07 12:23:18,718 INFO  [io.api.tes.ser.api.AvroSerdeIT] (main) Registering Avro Schema: {"type":"record","name":"myrecordapicurio1","fields":[{"name":"key11754569398714","type":"string"}]}
**** Registry Base URL: http://registry-app-pg17.apps.ci419.apicurio-testing.org:80
2025-08-07 12:23:19,920 INFO  [org.apa.kaf.cli.pro.ProducerConfig] (main) ProducerConfig values: 
	acks = -1
	auto.include.jmx.reporter = true
	batch.size = 16384
	bootstrap.servers = [PLAINTEXT://localhost:32769]
	buffer.memory = 33554432
	client.dns.lookup = use_all_dns_ips
	client.id = Producer-topic-c99db07a_2e26_4a6b_9e2a_154a46661609
	compression.gzip.level = -1
	compression.lz4.level = 9
	compression.type = none
	compression.zstd.level = 3
	connections.max.idle.ms = 10000
	delivery.timeout.ms = 120000
	enable.idempotence = true
	enable.metrics.push = true
	interceptor.classes = []
	key.serializer = class org.apache.kafka.common.serialization.StringSerializer
	linger.ms = 0
	max.block.ms = 60000
	max.in.flight.requests.per.connection = 5
	max.request.size = 1048576
	metadata.max.age.ms = 300000
	metadata.max.idle.ms = 300000
	metadata.recovery.strategy = none
	metric.reporters = []
	metrics.num.samples = 2
	metrics.recording.level = INFO
	metrics.sample.window.ms = 30000
	partitioner.adaptive.partitioning.enable = true
	partitioner.availability.timeout.ms = 0
	partitioner.class = null
	partitioner.ignore.keys = false
	receive.buffer.bytes = 32768
	reconnect.backoff.max.ms = 1000
	reconnect.backoff.ms = 50
	request.timeout.ms = 5000
	retries = 2147483647
	retry.backoff.max.ms = 1000
	retry.backoff.ms = 100
	sasl.client.callback.handler.class = null
	sasl.jaas.config = null
	sasl.kerberos.kinit.cmd = /usr/bin/kinit
	sasl.kerberos.min.time.before.relogin = 60000
	sasl.kerberos.service.name = null
	sasl.kerberos.ticket.renew.jitter = 0.05
	sasl.kerberos.ticket.renew.window.factor = 0.8
	sasl.login.callback.handler.class = null
	sasl.login.class = null
	sasl.login.connect.timeout.ms = null
	sasl.login.read.timeout.ms = null
	sasl.login.refresh.buffer.seconds = 300
	sasl.login.refresh.min.period.seconds = 60
	sasl.login.refresh.window.factor = 0.8
	sasl.login.refresh.window.jitter = 0.05
	sasl.login.retry.backoff.max.ms = 10000
	sasl.login.retry.backoff.ms = 100
	sasl.mechanism = GSSAPI
	sasl.oauthbearer.clock.skew.seconds = 30
	sasl.oauthbearer.expected.audience = null
	sasl.oauthbearer.expected.issuer = null
	sasl.oauthbearer.header.urlencode = false
	sasl.oauthbearer.jwks.endpoint.refresh.ms = 3600000
	sasl.oauthbearer.jwks.endpoint.retry.backoff.max.ms = 10000
	sasl.oauthbearer.jwks.endpoint.retry.backoff.ms = 100
	sasl.oauthbearer.jwks.endpoint.url = null
	sasl.oauthbearer.scope.claim.name = scope
	sasl.oauthbearer.sub.claim.name = sub
	sasl.oauthbearer.token.endpoint.url = null
	security.protocol = PLAINTEXT
	security.providers = null
	send.buffer.bytes = 131072
	socket.connection.setup.timeout.max.ms = 30000
	socket.connection.setup.timeout.ms = 10000
	ssl.cipher.suites = null
	ssl.enabled.protocols = [TLSv1.2, TLSv1.3]
	ssl.endpoint.identification.algorithm = https
	ssl.engine.factory.class = null
	ssl.key.password = null
	ssl.keymanager.algorithm = SunX509
	ssl.keystore.certificate.chain = null
	ssl.keystore.key = null
	ssl.keystore.location = null
	ssl.keystore.password = null
	ssl.keystore.type = JKS
	ssl.protocol = TLSv1.3
	ssl.provider = null
	ssl.secure.random.implementation = null
	ssl.trustmanager.algorithm = PKIX
	ssl.truststore.certificates = null
	ssl.truststore.location = null
	ssl.truststore.password = null
	ssl.truststore.type = JKS
	transaction.timeout.ms = 60000
	transactional.id = null
	value.serializer = class io.apicurio.registry.serde.avro.AvroKafkaSerializer

2025-08-07 12:23:19,921 INFO  [org.apa.kaf.com.tel.int.KafkaMetricsCollector] (main) initializing Kafka metrics collector
2025-08-07 12:23:19,925 INFO  [org.apa.kaf.cli.pro.KafkaProducer] (main) [Producer clientId=Producer-topic-c99db07a_2e26_4a6b_9e2a_154a46661609] Instantiated an idempotent producer.
2025-08-07 12:23:19,934 INFO  [org.apa.kaf.cli.pro.ProducerConfig] (main) These configurations '[apicurio.registry.find-latest, apicurio.registry.artifact.group-id, apicurio.registry.url, apicurio.registry.artifact-resolver-strategy]' were supplied but are not used yet.
2025-08-07 12:23:19,935 INFO  [org.apa.kaf.com.uti.AppInfoParser] (main) Kafka version: 3.9.1
2025-08-07 12:23:19,935 INFO  [org.apa.kaf.com.uti.AppInfoParser] (main) Kafka commitId: f745dfdcee2b9851
2025-08-07 12:23:19,935 INFO  [org.apa.kaf.com.uti.AppInfoParser] (main) Kafka startTimeMs: 1754569399935
2025-08-07 12:23:19,935 INFO  [io.api.tes.ser.api.SimpleSerdesTesterBuilder$SimpleSerdesTester] (main) Using producer configuration: {apicurio.registry.find-latest=true, apicurio.registry.artifact.group-id=topic-c99db07a_2e26_4a6b_9e2a_154a46661609, apicurio.registry.url=http://registry-app-pg17.apps.ci419.apicurio-testing.org:80/apis/registry/v3, apicurio.registry.artifact-resolver-strategy=io.apicurio.registry.serde.strategy.SimpleTopicIdStrategy, value.serializer=io.apicurio.registry.serde.avro.AvroKafkaSerializer, request.timeout.ms=5000, acks=all, bootstrap.servers=PLAINTEXT://localhost:32769, connections.max.idle.ms=10000, key.serializer=org.apache.kafka.common.serialization.StringSerializer, client.id=Producer-topic-c99db07a_2e26_4a6b_9e2a_154a46661609}
2025-08-07 12:23:19,935 INFO  [io.api.tes.ser.api.SimpleSerdesTesterBuilder$SimpleSerdesTester] (main) Using consumer configuration: {}
2025-08-07 12:23:19,941 INFO  [io.api.tes.ser.api.KafkaSerdesTester] (Thread-606) Sending message {"key11754569398714": "value-0"} to topic topic-c99db07a_2e26_4a6b_9e2a_154a46661609
2025-08-07 12:23:19,944 INFO  [org.apa.kaf.cli.Metadata] (kafka-producer-network-thread | Producer-topic-c99db07a_2e26_4a6b_9e2a_154a46661609) [Producer clientId=Producer-topic-c99db07a_2e26_4a6b_9e2a_154a46661609] Cluster ID: ewOXMZdKQImtr4eZTn3eAw
2025-08-07 12:23:19,947 INFO  [org.apa.kaf.cli.pro.int.TransactionManager] (kafka-producer-network-thread | Producer-topic-c99db07a_2e26_4a6b_9e2a_154a46661609) [Producer clientId=Producer-topic-c99db07a_2e26_4a6b_9e2a_154a46661609] ProducerId set to 1 with epoch 0
2025-08-07 12:23:20,336 INFO  [io.api.tes.ser.api.KafkaSerdesTester] (Thread-606) Sending message {"key11754569398714": "value-1"} to topic topic-c99db07a_2e26_4a6b_9e2a_154a46661609
2025-08-07 12:23:20,340 INFO  [io.api.tes.ser.api.KafkaSerdesTester] (Thread-606) Sending message {"key11754569398714": "value-2"} to topic topic-c99db07a_2e26_4a6b_9e2a_154a46661609
2025-08-07 12:23:20,345 INFO  [io.api.tes.ser.api.KafkaSerdesTester] (Thread-606) Sending message {"key11754569398714": "value-3"} to topic topic-c99db07a_2e26_4a6b_9e2a_154a46661609
2025-08-07 12:23:20,348 INFO  [io.api.tes.ser.api.KafkaSerdesTester] (Thread-606) Sending message {"key11754569398714": "value-4"} to topic topic-c99db07a_2e26_4a6b_9e2a_154a46661609
2025-08-07 12:23:20,352 INFO  [io.api.tes.ser.api.KafkaSerdesTester] (Thread-606) Sending message {"key11754569398714": "value-5"} to topic topic-c99db07a_2e26_4a6b_9e2a_154a46661609
2025-08-07 12:23:20,355 INFO  [io.api.tes.ser.api.KafkaSerdesTester] (Thread-606) Sending message {"key11754569398714": "value-6"} to topic topic-c99db07a_2e26_4a6b_9e2a_154a46661609
2025-08-07 12:23:20,358 INFO  [io.api.tes.ser.api.KafkaSerdesTester] (Thread-606) Sending message {"key11754569398714": "value-7"} to topic topic-c99db07a_2e26_4a6b_9e2a_154a46661609
2025-08-07 12:23:20,360 INFO  [io.api.tes.ser.api.KafkaSerdesTester] (Thread-606) Sending message {"key11754569398714": "value-8"} to topic topic-c99db07a_2e26_4a6b_9e2a_154a46661609
2025-08-07 12:23:20,363 INFO  [io.api.tes.ser.api.KafkaSerdesTester] (Thread-606) Sending message {"key11754569398714": "value-9"} to topic topic-c99db07a_2e26_4a6b_9e2a_154a46661609
2025-08-07 12:23:20,365 INFO  [io.api.tes.ser.api.KafkaSerdesTester] (Thread-606) Produced 10 messages
2025-08-07 12:23:20,365 INFO  [org.apa.kaf.cli.pro.KafkaProducer] (Thread-606) [Producer clientId=Producer-topic-c99db07a_2e26_4a6b_9e2a_154a46661609] Closing the Kafka producer with timeoutMillis = 9223372036854775807 ms.
2025-08-07 12:23:20,370 INFO  [org.apa.kaf.com.met.Metrics] (Thread-606) Metrics scheduler closed
2025-08-07 12:23:20,371 INFO  [org.apa.kaf.com.met.Metrics] (Thread-606) Closing reporter org.apache.kafka.common.metrics.JmxReporter
2025-08-07 12:23:20,371 INFO  [org.apa.kaf.com.met.Metrics] (Thread-606) Closing reporter org.apache.kafka.common.telemetry.internals.ClientTelemetryReporter
2025-08-07 12:23:20,371 INFO  [org.apa.kaf.com.met.Metrics] (Thread-606) Metrics reporters closed
2025-08-07 12:23:20,372 INFO  [org.apa.kaf.com.uti.AppInfoParser] (Thread-606) App info kafka.producer for Producer-topic-c99db07a_2e26_4a6b_9e2a_154a46661609 unregistered
**** Registry Base URL: http://registry-app-pg17.apps.ci419.apicurio-testing.org:80
2025-08-07 12:23:20,373 INFO  [org.apa.kaf.cli.con.ConsumerConfig] (main) ConsumerConfig values: 
	allow.auto.create.topics = true
	auto.commit.interval.ms = 500
	auto.include.jmx.reporter = true
	auto.offset.reset = earliest
	bootstrap.servers = [PLAINTEXT://localhost:32769]
	check.crcs = true
	client.dns.lookup = use_all_dns_ips
	client.id = consumer-Consumer-topic-c99db07a_2e26_4a6b_9e2a_154a46661609-2
	client.rack = 
	connections.max.idle.ms = 10000
	default.api.timeout.ms = 60000
	enable.auto.commit = true
	enable.metrics.push = true
	exclude.internal.topics = true
	fetch.max.bytes = 52428800
	fetch.max.wait.ms = 500
	fetch.min.bytes = 1
	group.id = Consumer-topic-c99db07a_2e26_4a6b_9e2a_154a46661609
	group.instance.id = null
	group.protocol = classic
	group.remote.assignor = null
	heartbeat.interval.ms = 3000
	interceptor.classes = []
	internal.leave.group.on.close = true
	internal.throw.on.fetch.stable.offset.unsupported = false
	isolation.level = read_uncommitted
	key.deserializer = class org.apache.kafka.common.serialization.StringDeserializer
	max.partition.fetch.bytes = 1048576
	max.poll.interval.ms = 300000
	max.poll.records = 500
	metadata.max.age.ms = 300000
	metadata.recovery.strategy = none
	metric.reporters = []
	metrics.num.samples = 2
	metrics.recording.level = INFO
	metrics.sample.window.ms = 30000
	partition.assignment.strategy = [class org.apache.kafka.clients.consumer.RangeAssignor, class org.apache.kafka.clients.consumer.CooperativeStickyAssignor]
	receive.buffer.bytes = 65536
	reconnect.backoff.max.ms = 1000
	reconnect.backoff.ms = 50
	request.timeout.ms = 5000
	retry.backoff.max.ms = 1000
	retry.backoff.ms = 100
	sasl.client.callback.handler.class = null
	sasl.jaas.config = null
	sasl.kerberos.kinit.cmd = /usr/bin/kinit
	sasl.kerberos.min.time.before.relogin = 60000
	sasl.kerberos.service.name = null
	sasl.kerberos.ticket.renew.jitter = 0.05
	sasl.kerberos.ticket.renew.window.factor = 0.8
	sasl.login.callback.handler.class = null
	sasl.login.class = null
	sasl.login.connect.timeout.ms = null
	sasl.login.read.timeout.ms = null
	sasl.login.refresh.buffer.seconds = 300
	sasl.login.refresh.min.period.seconds = 60
	sasl.login.refresh.window.factor = 0.8
	sasl.login.refresh.window.jitter = 0.05
	sasl.login.retry.backoff.max.ms = 10000
	sasl.login.retry.backoff.ms = 100
	sasl.mechanism = GSSAPI
	sasl.oauthbearer.clock.skew.seconds = 30
	sasl.oauthbearer.expected.audience = null
	sasl.oauthbearer.expected.issuer = null
	sasl.oauthbearer.header.urlencode = false
	sasl.oauthbearer.jwks.endpoint.refresh.ms = 3600000
	sasl.oauthbearer.jwks.endpoint.retry.backoff.max.ms = 10000
	sasl.oauthbearer.jwks.endpoint.retry.backoff.ms = 100
	sasl.oauthbearer.jwks.endpoint.url = null
	sasl.oauthbearer.scope.claim.name = scope
	sasl.oauthbearer.sub.claim.name = sub
	sasl.oauthbearer.token.endpoint.url = null
	security.protocol = PLAINTEXT
	security.providers = null
	send.buffer.bytes = 131072
	session.timeout.ms = 45000
	socket.connection.setup.timeout.max.ms = 30000
	socket.connection.setup.timeout.ms = 10000
	ssl.cipher.suites = null
	ssl.enabled.protocols = [TLSv1.2, TLSv1.3]
	ssl.endpoint.identification.algorithm = https
	ssl.engine.factory.class = null
	ssl.key.password = null
	ssl.keymanager.algorithm = SunX509
	ssl.keystore.certificate.chain = null
	ssl.keystore.key = null
	ssl.keystore.location = null
	ssl.keystore.password = null
	ssl.keystore.type = JKS
	ssl.protocol = TLSv1.3
	ssl.provider = null
	ssl.secure.random.implementation = null
	ssl.trustmanager.algorithm = PKIX
	ssl.truststore.certificates = null
	ssl.truststore.location = null
	ssl.truststore.password = null
	ssl.truststore.type = JKS
	value.deserializer = class io.apicurio.registry.serde.avro.AvroKafkaDeserializer

2025-08-07 12:23:20,374 INFO  [org.apa.kaf.com.tel.int.KafkaMetricsCollector] (main) initializing Kafka metrics collector
2025-08-07 12:23:20,385 INFO  [org.apa.kaf.cli.con.ConsumerConfig] (main) These configurations '[apicurio.registry.url]' were supplied but are not used yet.
2025-08-07 12:23:20,385 INFO  [org.apa.kaf.com.uti.AppInfoParser] (main) Kafka version: 3.9.1
2025-08-07 12:23:20,385 INFO  [org.apa.kaf.com.uti.AppInfoParser] (main) Kafka commitId: f745dfdcee2b9851
2025-08-07 12:23:20,385 INFO  [org.apa.kaf.com.uti.AppInfoParser] (main) Kafka startTimeMs: 1754569400385
2025-08-07 12:23:20,386 INFO  [org.apa.kaf.cli.con.int.ClassicKafkaConsumer] (Thread-609) [Consumer clientId=consumer-Consumer-topic-c99db07a_2e26_4a6b_9e2a_154a46661609-2, groupId=Consumer-topic-c99db07a_2e26_4a6b_9e2a_154a46661609] Subscribed to topic(s): topic-c99db07a_2e26_4a6b_9e2a_154a46661609
2025-08-07 12:23:20,394 INFO  [org.apa.kaf.cli.Metadata] (Thread-609) [Consumer clientId=consumer-Consumer-topic-c99db07a_2e26_4a6b_9e2a_154a46661609-2, groupId=Consumer-topic-c99db07a_2e26_4a6b_9e2a_154a46661609] Cluster ID: ewOXMZdKQImtr4eZTn3eAw
2025-08-07 12:23:20,394 INFO  [org.apa.kaf.cli.con.int.ConsumerCoordinator] (Thread-609) [Consumer clientId=consumer-Consumer-topic-c99db07a_2e26_4a6b_9e2a_154a46661609-2, groupId=Consumer-topic-c99db07a_2e26_4a6b_9e2a_154a46661609] Discovered group coordinator localhost:32769 (id: 2147483647 rack: null)
2025-08-07 12:23:20,397 INFO  [org.apa.kaf.cli.con.int.ConsumerCoordinator] (Thread-609) [Consumer clientId=consumer-Consumer-topic-c99db07a_2e26_4a6b_9e2a_154a46661609-2, groupId=Consumer-topic-c99db07a_2e26_4a6b_9e2a_154a46661609] (Re-)joining group
2025-08-07 12:23:20,403 INFO  [org.apa.kaf.cli.con.int.ConsumerCoordinator] (Thread-609) [Consumer clientId=consumer-Consumer-topic-c99db07a_2e26_4a6b_9e2a_154a46661609-2, groupId=Consumer-topic-c99db07a_2e26_4a6b_9e2a_154a46661609] Request joining group due to: need to re-join with the given member-id: consumer-Consumer-topic-c99db07a_2e26_4a6b_9e2a_154a46661609-2-d8fe9d8d-923f-4d7f-a04f-719fb206b564
2025-08-07 12:23:20,404 INFO  [org.apa.kaf.cli.con.int.ConsumerCoordinator] (Thread-609) [Consumer clientId=consumer-Consumer-topic-c99db07a_2e26_4a6b_9e2a_154a46661609-2, groupId=Consumer-topic-c99db07a_2e26_4a6b_9e2a_154a46661609] (Re-)joining group
2025-08-07 12:23:21,387 INFO  [io.api.tes.ser.api.KafkaSerdesTester] (Thread-609) None found
2025-08-07 12:23:22,387 INFO  [io.api.tes.ser.api.KafkaSerdesTester] (Thread-609) None found
2025-08-07 12:23:23,389 INFO  [io.api.tes.ser.api.KafkaSerdesTester] (Thread-609) None found
2025-08-07 12:23:23,408 INFO  [org.apa.kaf.cli.con.int.ConsumerCoordinator] (Thread-609) [Consumer clientId=consumer-Consumer-topic-c99db07a_2e26_4a6b_9e2a_154a46661609-2, groupId=Consumer-topic-c99db07a_2e26_4a6b_9e2a_154a46661609] Successfully joined group with generation Generation{generationId=1, memberId='consumer-Consumer-topic-c99db07a_2e26_4a6b_9e2a_154a46661609-2-d8fe9d8d-923f-4d7f-a04f-719fb206b564', protocol='range'}
2025-08-07 12:23:23,408 INFO  [org.apa.kaf.cli.con.int.ConsumerCoordinator] (Thread-609) [Consumer clientId=consumer-Consumer-topic-c99db07a_2e26_4a6b_9e2a_154a46661609-2, groupId=Consumer-topic-c99db07a_2e26_4a6b_9e2a_154a46661609] Finished assignment for group at generation 1: {consumer-Consumer-topic-c99db07a_2e26_4a6b_9e2a_154a46661609-2-d8fe9d8d-923f-4d7f-a04f-719fb206b564=Assignment(partitions=[topic-c99db07a_2e26_4a6b_9e2a_154a46661609-0])}
2025-08-07 12:23:23,416 INFO  [org.apa.kaf.cli.con.int.ConsumerCoordinator] (Thread-609) [Consumer clientId=consumer-Consumer-topic-c99db07a_2e26_4a6b_9e2a_154a46661609-2, groupId=Consumer-topic-c99db07a_2e26_4a6b_9e2a_154a46661609] Successfully synced group in generation Generation{generationId=1, memberId='consumer-Consumer-topic-c99db07a_2e26_4a6b_9e2a_154a46661609-2-d8fe9d8d-923f-4d7f-a04f-719fb206b564', protocol='range'}
2025-08-07 12:23:23,416 INFO  [org.apa.kaf.cli.con.int.ConsumerCoordinator] (Thread-609) [Consumer clientId=consumer-Consumer-topic-c99db07a_2e26_4a6b_9e2a_154a46661609-2, groupId=Consumer-topic-c99db07a_2e26_4a6b_9e2a_154a46661609] Notifying assignor about the new Assignment(partitions=[topic-c99db07a_2e26_4a6b_9e2a_154a46661609-0])
2025-08-07 12:23:23,417 INFO  [org.apa.kaf.cli.con.int.ConsumerRebalanceListenerInvoker] (Thread-609) [Consumer clientId=consumer-Consumer-topic-c99db07a_2e26_4a6b_9e2a_154a46661609-2, groupId=Consumer-topic-c99db07a_2e26_4a6b_9e2a_154a46661609] Adding newly assigned partitions: topic-c99db07a_2e26_4a6b_9e2a_154a46661609-0
2025-08-07 12:23:23,418 INFO  [org.apa.kaf.cli.con.int.ConsumerCoordinator] (Thread-609) [Consumer clientId=consumer-Consumer-topic-c99db07a_2e26_4a6b_9e2a_154a46661609-2, groupId=Consumer-topic-c99db07a_2e26_4a6b_9e2a_154a46661609] Found no committed offset for partition topic-c99db07a_2e26_4a6b_9e2a_154a46661609-0
2025-08-07 12:23:23,424 INFO  [org.apa.kaf.cli.con.int.SubscriptionState] (Thread-609) [Consumer clientId=consumer-Consumer-topic-c99db07a_2e26_4a6b_9e2a_154a46661609-2, groupId=Consumer-topic-c99db07a_2e26_4a6b_9e2a_154a46661609] Resetting offset for partition topic-c99db07a_2e26_4a6b_9e2a_154a46661609-0 to position FetchPosition{offset=0, offsetEpoch=Optional.empty, currentLeader=LeaderAndEpoch{leader=Optional[localhost:32769 (id: 0 rack: null)], epoch=0}}.
2025-08-07 12:23:23,697 INFO  [io.api.tes.ser.api.KafkaSerdesTester] (Thread-609) topic-c99db07a_2e26_4a6b_9e2a_154a46661609 0 0 {"key11754569398714": "value-0"}
2025-08-07 12:23:23,697 INFO  [io.api.tes.ser.api.KafkaSerdesTester] (Thread-609) topic-c99db07a_2e26_4a6b_9e2a_154a46661609 0 1 {"key11754569398714": "value-1"}
2025-08-07 12:23:23,697 INFO  [io.api.tes.ser.api.KafkaSerdesTester] (Thread-609) topic-c99db07a_2e26_4a6b_9e2a_154a46661609 0 2 {"key11754569398714": "value-2"}
2025-08-07 12:23:23,697 INFO  [io.api.tes.ser.api.KafkaSerdesTester] (Thread-609) topic-c99db07a_2e26_4a6b_9e2a_154a46661609 0 3 {"key11754569398714": "value-3"}
2025-08-07 12:23:23,697 INFO  [io.api.tes.ser.api.KafkaSerdesTester] (Thread-609) topic-c99db07a_2e26_4a6b_9e2a_154a46661609 0 4 {"key11754569398714": "value-4"}
2025-08-07 12:23:23,697 INFO  [io.api.tes.ser.api.KafkaSerdesTester] (Thread-609) topic-c99db07a_2e26_4a6b_9e2a_154a46661609 0 5 {"key11754569398714": "value-5"}
2025-08-07 12:23:23,697 INFO  [io.api.tes.ser.api.KafkaSerdesTester] (Thread-609) topic-c99db07a_2e26_4a6b_9e2a_154a46661609 0 6 {"key11754569398714": "value-6"}
2025-08-07 12:23:23,697 INFO  [io.api.tes.ser.api.KafkaSerdesTester] (Thread-609) topic-c99db07a_2e26_4a6b_9e2a_154a46661609 0 7 {"key11754569398714": "value-7"}
2025-08-07 12:23:23,698 INFO  [io.api.tes.ser.api.KafkaSerdesTester] (Thread-609) topic-c99db07a_2e26_4a6b_9e2a_154a46661609 0 8 {"key11754569398714": "value-8"}
2025-08-07 12:23:23,700 INFO  [io.api.tes.ser.api.KafkaSerdesTester] (Thread-609) topic-c99db07a_2e26_4a6b_9e2a_154a46661609 0 9 {"key11754569398714": "value-9"}
2025-08-07 12:23:23,700 INFO  [io.api.tes.ser.api.KafkaSerdesTester] (Thread-609) Consumed 10 messages
2025-08-07 12:23:23,708 INFO  [org.apa.kaf.cli.con.int.ConsumerRebalanceListenerInvoker] (Thread-609) [Consumer clientId=consumer-Consumer-topic-c99db07a_2e26_4a6b_9e2a_154a46661609-2, groupId=Consumer-topic-c99db07a_2e26_4a6b_9e2a_154a46661609] Revoke previously assigned partitions topic-c99db07a_2e26_4a6b_9e2a_154a46661609-0
2025-08-07 12:23:23,708 INFO  [org.apa.kaf.cli.con.int.ConsumerCoordinator] (Thread-609) [Consumer clientId=consumer-Consumer-topic-c99db07a_2e26_4a6b_9e2a_154a46661609-2, groupId=Consumer-topic-c99db07a_2e26_4a6b_9e2a_154a46661609] Member consumer-Consumer-topic-c99db07a_2e26_4a6b_9e2a_154a46661609-2-d8fe9d8d-923f-4d7f-a04f-719fb206b564 sending LeaveGroup request to coordinator localhost:32769 (id: 2147483647 rack: null) due to the consumer is being closed
2025-08-07 12:23:23,708 INFO  [org.apa.kaf.cli.con.int.ConsumerCoordinator] (Thread-609) [Consumer clientId=consumer-Consumer-topic-c99db07a_2e26_4a6b_9e2a_154a46661609-2, groupId=Consumer-topic-c99db07a_2e26_4a6b_9e2a_154a46661609] Resetting generation and member id due to: consumer pro-actively leaving the group
2025-08-07 12:23:23,708 INFO  [org.apa.kaf.cli.con.int.ConsumerCoordinator] (Thread-609) [Consumer clientId=consumer-Consumer-topic-c99db07a_2e26_4a6b_9e2a_154a46661609-2, groupId=Consumer-topic-c99db07a_2e26_4a6b_9e2a_154a46661609] Request joining group due to: consumer pro-actively leaving the group
2025-08-07 12:23:24,204 INFO  [org.apa.kaf.com.met.Metrics] (Thread-609) Metrics scheduler closed
2025-08-07 12:23:24,204 INFO  [org.apa.kaf.com.met.Metrics] (Thread-609) Closing reporter org.apache.kafka.common.metrics.JmxReporter
2025-08-07 12:23:24,204 INFO  [org.apa.kaf.com.met.Metrics] (Thread-609) Closing reporter org.apache.kafka.common.telemetry.internals.ClientTelemetryReporter
2025-08-07 12:23:24,204 INFO  [org.apa.kaf.com.met.Metrics] (Thread-609) Metrics reporters closed
2025-08-07 12:23:24,208 INFO  [org.apa.kaf.com.uti.AppInfoParser] (Thread-609) App info kafka.consumer for consumer-Consumer-topic-c99db07a_2e26_4a6b_9e2a_154a46661609-2 unregistered
2025-08-07 12:23:24,211 INFO  [io.api.tes.uti.TestSeparator] (main) io.apicurio.tests.serdes.apicurio.AvroSerdeIT.testSimpleTopicIdStrategyFindLatest-FINISHED
2025-08-07 12:23:24,211 INFO  [io.api.tes.uti.TestSeparator] (main) ############################################################################
Test passed: testSimpleTopicIdStrategyFindLatest
]]></system-out>
  </testcase>
  <testcase name="testWrongSchema" classname="io.apicurio.tests.serdes.apicurio.AvroSerdeIT" time="1.423">
    <system-out><![CDATA[2025-08-07 12:23:24,215 INFO  [io.api.tes.uti.TestSeparator] (main) ############################################################################
2025-08-07 12:23:24,215 INFO  [io.api.tes.uti.TestSeparator] (main) io.apicurio.tests.serdes.apicurio.AvroSerdeIT.testWrongSchema-STARTED
**** Registry Base URL: http://registry-app-pg17.apps.ci419.apicurio-testing.org:80
2025-08-07 12:23:25,410 INFO  [org.apa.kaf.cli.pro.ProducerConfig] (main) ProducerConfig values: 
	acks = -1
	auto.include.jmx.reporter = true
	batch.size = 16384
	bootstrap.servers = [PLAINTEXT://localhost:32769]
	buffer.memory = 33554432
	client.dns.lookup = use_all_dns_ips
	client.id = Producer-se05d113dx0d2dx42bfx813dx71d24a7cdc08
	compression.gzip.level = -1
	compression.lz4.level = 9
	compression.type = none
	compression.zstd.level = 3
	connections.max.idle.ms = 10000
	delivery.timeout.ms = 120000
	enable.idempotence = true
	enable.metrics.push = true
	interceptor.classes = []
	key.serializer = class org.apache.kafka.common.serialization.StringSerializer
	linger.ms = 0
	max.block.ms = 60000
	max.in.flight.requests.per.connection = 5
	max.request.size = 1048576
	metadata.max.age.ms = 300000
	metadata.max.idle.ms = 300000
	metadata.recovery.strategy = none
	metric.reporters = []
	metrics.num.samples = 2
	metrics.recording.level = INFO
	metrics.sample.window.ms = 30000
	partitioner.adaptive.partitioning.enable = true
	partitioner.availability.timeout.ms = 0
	partitioner.class = null
	partitioner.ignore.keys = false
	receive.buffer.bytes = 32768
	reconnect.backoff.max.ms = 1000
	reconnect.backoff.ms = 50
	request.timeout.ms = 5000
	retries = 2147483647
	retry.backoff.max.ms = 1000
	retry.backoff.ms = 100
	sasl.client.callback.handler.class = null
	sasl.jaas.config = null
	sasl.kerberos.kinit.cmd = /usr/bin/kinit
	sasl.kerberos.min.time.before.relogin = 60000
	sasl.kerberos.service.name = null
	sasl.kerberos.ticket.renew.jitter = 0.05
	sasl.kerberos.ticket.renew.window.factor = 0.8
	sasl.login.callback.handler.class = null
	sasl.login.class = null
	sasl.login.connect.timeout.ms = null
	sasl.login.read.timeout.ms = null
	sasl.login.refresh.buffer.seconds = 300
	sasl.login.refresh.min.period.seconds = 60
	sasl.login.refresh.window.factor = 0.8
	sasl.login.refresh.window.jitter = 0.05
	sasl.login.retry.backoff.max.ms = 10000
	sasl.login.retry.backoff.ms = 100
	sasl.mechanism = GSSAPI
	sasl.oauthbearer.clock.skew.seconds = 30
	sasl.oauthbearer.expected.audience = null
	sasl.oauthbearer.expected.issuer = null
	sasl.oauthbearer.header.urlencode = false
	sasl.oauthbearer.jwks.endpoint.refresh.ms = 3600000
	sasl.oauthbearer.jwks.endpoint.retry.backoff.max.ms = 10000
	sasl.oauthbearer.jwks.endpoint.retry.backoff.ms = 100
	sasl.oauthbearer.jwks.endpoint.url = null
	sasl.oauthbearer.scope.claim.name = scope
	sasl.oauthbearer.sub.claim.name = sub
	sasl.oauthbearer.token.endpoint.url = null
	security.protocol = PLAINTEXT
	security.providers = null
	send.buffer.bytes = 131072
	socket.connection.setup.timeout.max.ms = 30000
	socket.connection.setup.timeout.ms = 10000
	ssl.cipher.suites = null
	ssl.enabled.protocols = [TLSv1.2, TLSv1.3]
	ssl.endpoint.identification.algorithm = https
	ssl.engine.factory.class = null
	ssl.key.password = null
	ssl.keymanager.algorithm = SunX509
	ssl.keystore.certificate.chain = null
	ssl.keystore.key = null
	ssl.keystore.location = null
	ssl.keystore.password = null
	ssl.keystore.type = JKS
	ssl.protocol = TLSv1.3
	ssl.provider = null
	ssl.secure.random.implementation = null
	ssl.trustmanager.algorithm = PKIX
	ssl.truststore.certificates = null
	ssl.truststore.location = null
	ssl.truststore.password = null
	ssl.truststore.type = JKS
	transaction.timeout.ms = 60000
	transactional.id = null
	value.serializer = class io.apicurio.registry.serde.avro.AvroKafkaSerializer

2025-08-07 12:23:25,410 INFO  [org.apa.kaf.com.tel.int.KafkaMetricsCollector] (main) initializing Kafka metrics collector
2025-08-07 12:23:25,414 INFO  [org.apa.kaf.cli.pro.KafkaProducer] (main) [Producer clientId=Producer-se05d113dx0d2dx42bfx813dx71d24a7cdc08] Instantiated an idempotent producer.
2025-08-07 12:23:25,419 INFO  [org.apa.kaf.cli.pro.ProducerConfig] (main) These configurations '[apicurio.registry.find-latest, apicurio.registry.url, apicurio.registry.artifact-resolver-strategy]' were supplied but are not used yet.
2025-08-07 12:23:25,419 INFO  [org.apa.kaf.com.uti.AppInfoParser] (main) Kafka version: 3.9.1
2025-08-07 12:23:25,419 INFO  [org.apa.kaf.com.uti.AppInfoParser] (main) Kafka commitId: f745dfdcee2b9851
2025-08-07 12:23:25,419 INFO  [org.apa.kaf.com.uti.AppInfoParser] (main) Kafka startTimeMs: 1754569405419
2025-08-07 12:23:25,420 INFO  [io.api.tes.ser.api.KafkaSerdesTester] (Thread-612) Sending message {"keyB": "value-0"} to topic se05d113dx0d2dx42bfx813dx71d24a7cdc08
2025-08-07 12:23:25,426 INFO  [org.apa.kaf.cli.Metadata] (kafka-producer-network-thread | Producer-se05d113dx0d2dx42bfx813dx71d24a7cdc08) [Producer clientId=Producer-se05d113dx0d2dx42bfx813dx71d24a7cdc08] Cluster ID: ewOXMZdKQImtr4eZTn3eAw
2025-08-07 12:23:25,430 INFO  [org.apa.kaf.cli.pro.int.TransactionManager] (kafka-producer-network-thread | Producer-se05d113dx0d2dx42bfx813dx71d24a7cdc08) [Producer clientId=Producer-se05d113dx0d2dx42bfx813dx71d24a7cdc08] ProducerId set to 2 with epoch 0
2025-08-07 12:23:25,627 INFO  [org.apa.kaf.cli.pro.KafkaProducer] (Thread-612) [Producer clientId=Producer-se05d113dx0d2dx42bfx813dx71d24a7cdc08] Closing the Kafka producer with timeoutMillis = 9223372036854775807 ms.
2025-08-07 12:23:25,633 INFO  [org.apa.kaf.com.met.Metrics] (Thread-612) Metrics scheduler closed
2025-08-07 12:23:25,633 INFO  [org.apa.kaf.com.met.Metrics] (Thread-612) Closing reporter org.apache.kafka.common.metrics.JmxReporter
2025-08-07 12:23:25,633 INFO  [org.apa.kaf.com.met.Metrics] (Thread-612) Closing reporter org.apache.kafka.common.telemetry.internals.ClientTelemetryReporter
2025-08-07 12:23:25,633 INFO  [org.apa.kaf.com.met.Metrics] (Thread-612) Metrics reporters closed
2025-08-07 12:23:25,634 INFO  [org.apa.kaf.com.uti.AppInfoParser] (Thread-612) App info kafka.producer for Producer-se05d113dx0d2dx42bfx813dx71d24a7cdc08 unregistered
2025-08-07 12:23:25,635 INFO  [io.api.tes.uti.TestSeparator] (main) io.apicurio.tests.serdes.apicurio.AvroSerdeIT.testWrongSchema-FINISHED
2025-08-07 12:23:25,635 INFO  [io.api.tes.uti.TestSeparator] (main) ############################################################################
Test passed: testWrongSchema
]]></system-out>
    <system-err><![CDATA[io.apicurio.registry.rest.client.models.ProblemDetails
	at io.apicurio.registry.rest.client.models.ProblemDetails.createFromDiscriminatorValue(ProblemDetails.java:58)
	at io.kiota.serialization.json.JsonParseNode.getObjectValue(JsonParseNode.java:247)
	at io.kiota.http.vertx.VertXRequestAdapter.lambda$throwIfFailedResponse$0(VertXRequestAdapter.java:400)
	at com.microsoft.kiota.ApiExceptionBuilder.<init>(ApiExceptionBuilder.java:26)
	at io.kiota.http.vertx.VertXRequestAdapter.throwIfFailedResponse(VertXRequestAdapter.java:399)
	at io.kiota.http.vertx.VertXRequestAdapter.send(VertXRequestAdapter.java:170)
	at io.apicurio.registry.rest.client.groups.item.artifacts.item.versions.item.WithVersionExpressionItemRequestBuilder.get(WithVersionExpressionItemRequestBuilder.java:128)
	at io.apicurio.registry.rest.client.groups.item.artifacts.item.versions.item.WithVersionExpressionItemRequestBuilder.get(WithVersionExpressionItemRequestBuilder.java:111)
	at io.apicurio.registry.resolver.client.RegistryClientFacadeImpl.getVersionCoordinatesByGAV(RegistryClientFacadeImpl.java:159)
	at io.apicurio.registry.resolver.DefaultSchemaResolver.resolveByCoordinates(DefaultSchemaResolver.java:352)
	at io.apicurio.registry.resolver.DefaultSchemaResolver.lambda$resolveSchemaByArtifactReferenceCached$6(DefaultSchemaResolver.java:340)
	at io.apicurio.registry.resolver.cache.ERCache.lambda$getValue$0(ERCache.java:174)
	at io.apicurio.registry.resolver.cache.ERCache.retry(ERCache.java:227)
	at io.apicurio.registry.resolver.cache.ERCache.getValue(ERCache.java:173)
	at io.apicurio.registry.resolver.cache.ERCache.getByArtifactCoordinates(ERCache.java:158)
	at io.apicurio.registry.resolver.DefaultSchemaResolver.resolveSchemaByArtifactReferenceCached(DefaultSchemaResolver.java:338)
	at io.apicurio.registry.resolver.DefaultSchemaResolver.resolveSchemaByCoordinates(DefaultSchemaResolver.java:193)
	at io.apicurio.registry.resolver.DefaultSchemaResolver.getSchemaFromRegistry(DefaultSchemaResolver.java:130)
	at io.apicurio.registry.resolver.DefaultSchemaResolver.lambda$resolveSchema$0(DefaultSchemaResolver.java:84)
	at java.base/java.util.Optional.orElseGet(Optional.java:364)
	at io.apicurio.registry.resolver.DefaultSchemaResolver.resolveSchema(DefaultSchemaResolver.java:84)
	at io.apicurio.registry.serde.AbstractSerializer.serializeData(AbstractSerializer.java:62)
	at io.apicurio.registry.serde.KafkaSerializer.serialize(KafkaSerializer.java:77)
	at org.apache.kafka.clients.producer.KafkaProducer.doSend(KafkaProducer.java:1046)
	at org.apache.kafka.clients.producer.KafkaProducer.send(KafkaProducer.java:993)
	at org.apache.kafka.clients.producer.KafkaProducer.send(KafkaProducer.java:875)
	at io.apicurio.tests.serdes.apicurio.KafkaSerdesTester.lambda$produceMessages$3(KafkaSerdesTester.java:138)
	at java.base/java.util.concurrent.CompletableFuture$AsyncSupply.run(CompletableFuture.java:1768)
	at java.base/java.lang.Thread.run(Thread.java:840)
]]></system-err>
  </testcase>
  <testcase name="testAvroJSON" classname="io.apicurio.tests.serdes.apicurio.AvroSerdeIT" time="4.423">
    <system-out><![CDATA[2025-08-07 12:23:25,639 INFO  [io.api.tes.uti.TestSeparator] (main) ############################################################################
2025-08-07 12:23:25,639 INFO  [io.api.tes.uti.TestSeparator] (main) io.apicurio.tests.serdes.apicurio.AvroSerdeIT.testAvroJSON-STARTED
**** Registry Base URL: http://registry-app-pg17.apps.ci419.apicurio-testing.org:80
2025-08-07 12:23:25,649 INFO  [org.apa.kaf.cli.pro.ProducerConfig] (main) ProducerConfig values: 
	acks = -1
	auto.include.jmx.reporter = true
	batch.size = 16384
	bootstrap.servers = [PLAINTEXT://localhost:32769]
	buffer.memory = 33554432
	client.dns.lookup = use_all_dns_ips
	client.id = Producer-topic-9fda3d70_a750_4d5d_aeb9_4d121e382e9e
	compression.gzip.level = -1
	compression.lz4.level = 9
	compression.type = none
	compression.zstd.level = 3
	connections.max.idle.ms = 10000
	delivery.timeout.ms = 120000
	enable.idempotence = true
	enable.metrics.push = true
	interceptor.classes = []
	key.serializer = class org.apache.kafka.common.serialization.StringSerializer
	linger.ms = 0
	max.block.ms = 60000
	max.in.flight.requests.per.connection = 5
	max.request.size = 1048576
	metadata.max.age.ms = 300000
	metadata.max.idle.ms = 300000
	metadata.recovery.strategy = none
	metric.reporters = []
	metrics.num.samples = 2
	metrics.recording.level = INFO
	metrics.sample.window.ms = 30000
	partitioner.adaptive.partitioning.enable = true
	partitioner.availability.timeout.ms = 0
	partitioner.class = null
	partitioner.ignore.keys = false
	receive.buffer.bytes = 32768
	reconnect.backoff.max.ms = 1000
	reconnect.backoff.ms = 50
	request.timeout.ms = 5000
	retries = 2147483647
	retry.backoff.max.ms = 1000
	retry.backoff.ms = 100
	sasl.client.callback.handler.class = null
	sasl.jaas.config = null
	sasl.kerberos.kinit.cmd = /usr/bin/kinit
	sasl.kerberos.min.time.before.relogin = 60000
	sasl.kerberos.service.name = null
	sasl.kerberos.ticket.renew.jitter = 0.05
	sasl.kerberos.ticket.renew.window.factor = 0.8
	sasl.login.callback.handler.class = null
	sasl.login.class = null
	sasl.login.connect.timeout.ms = null
	sasl.login.read.timeout.ms = null
	sasl.login.refresh.buffer.seconds = 300
	sasl.login.refresh.min.period.seconds = 60
	sasl.login.refresh.window.factor = 0.8
	sasl.login.refresh.window.jitter = 0.05
	sasl.login.retry.backoff.max.ms = 10000
	sasl.login.retry.backoff.ms = 100
	sasl.mechanism = GSSAPI
	sasl.oauthbearer.clock.skew.seconds = 30
	sasl.oauthbearer.expected.audience = null
	sasl.oauthbearer.expected.issuer = null
	sasl.oauthbearer.header.urlencode = false
	sasl.oauthbearer.jwks.endpoint.refresh.ms = 3600000
	sasl.oauthbearer.jwks.endpoint.retry.backoff.max.ms = 10000
	sasl.oauthbearer.jwks.endpoint.retry.backoff.ms = 100
	sasl.oauthbearer.jwks.endpoint.url = null
	sasl.oauthbearer.scope.claim.name = scope
	sasl.oauthbearer.sub.claim.name = sub
	sasl.oauthbearer.token.endpoint.url = null
	security.protocol = PLAINTEXT
	security.providers = null
	send.buffer.bytes = 131072
	socket.connection.setup.timeout.max.ms = 30000
	socket.connection.setup.timeout.ms = 10000
	ssl.cipher.suites = null
	ssl.enabled.protocols = [TLSv1.2, TLSv1.3]
	ssl.endpoint.identification.algorithm = https
	ssl.engine.factory.class = null
	ssl.key.password = null
	ssl.keymanager.algorithm = SunX509
	ssl.keystore.certificate.chain = null
	ssl.keystore.key = null
	ssl.keystore.location = null
	ssl.keystore.password = null
	ssl.keystore.type = JKS
	ssl.protocol = TLSv1.3
	ssl.provider = null
	ssl.secure.random.implementation = null
	ssl.trustmanager.algorithm = PKIX
	ssl.truststore.certificates = null
	ssl.truststore.location = null
	ssl.truststore.password = null
	ssl.truststore.type = JKS
	transaction.timeout.ms = 60000
	transactional.id = null
	value.serializer = class io.apicurio.registry.serde.avro.AvroKafkaSerializer

2025-08-07 12:23:25,651 INFO  [org.apa.kaf.com.tel.int.KafkaMetricsCollector] (main) initializing Kafka metrics collector
2025-08-07 12:23:25,656 INFO  [org.apa.kaf.cli.pro.KafkaProducer] (main) [Producer clientId=Producer-topic-9fda3d70_a750_4d5d_aeb9_4d121e382e9e] Instantiated an idempotent producer.
2025-08-07 12:23:25,661 INFO  [org.apa.kaf.cli.pro.ProducerConfig] (main) These configurations '[apicurio.registry.avro.encoding, apicurio.registry.url, apicurio.registry.auto-register, apicurio.registry.artifact-resolver-strategy]' were supplied but are not used yet.
2025-08-07 12:23:25,661 INFO  [org.apa.kaf.com.uti.AppInfoParser] (main) Kafka version: 3.9.1
2025-08-07 12:23:25,663 INFO  [org.apa.kaf.com.uti.AppInfoParser] (main) Kafka commitId: f745dfdcee2b9851
2025-08-07 12:23:25,663 INFO  [org.apa.kaf.com.uti.AppInfoParser] (main) Kafka startTimeMs: 1754569405661
2025-08-07 12:23:25,663 INFO  [io.api.tes.ser.api.SimpleSerdesTesterBuilder$SimpleSerdesTester] (main) Using producer configuration: {apicurio.registry.avro.encoding=JSON, apicurio.registry.url=http://registry-app-pg17.apps.ci419.apicurio-testing.org:80/apis/registry/v3, apicurio.registry.auto-register=true, apicurio.registry.artifact-resolver-strategy=io.apicurio.registry.serde.strategy.TopicIdStrategy, value.serializer=io.apicurio.registry.serde.avro.AvroKafkaSerializer, request.timeout.ms=5000, acks=all, bootstrap.servers=PLAINTEXT://localhost:32769, connections.max.idle.ms=10000, key.serializer=org.apache.kafka.common.serialization.StringSerializer, client.id=Producer-topic-9fda3d70_a750_4d5d_aeb9_4d121e382e9e}
2025-08-07 12:23:25,663 INFO  [io.api.tes.ser.api.SimpleSerdesTesterBuilder$SimpleSerdesTester] (main) Using consumer configuration: {apicurio.registry.avro.encoding=JSON}
2025-08-07 12:23:25,666 INFO  [io.api.tes.ser.api.KafkaSerdesTester] (Thread-615) Sending message {"bar": "value-0"} to topic topic-9fda3d70_a750_4d5d_aeb9_4d121e382e9e
2025-08-07 12:23:25,674 WARN  [org.apa.kaf.cli.NetworkClient] (kafka-producer-network-thread | Producer-topic-9fda3d70_a750_4d5d_aeb9_4d121e382e9e) [Producer clientId=Producer-topic-9fda3d70_a750_4d5d_aeb9_4d121e382e9e] The metadata response from the cluster reported a recoverable issue with correlation id 1 : {topic-9fda3d70_a750_4d5d_aeb9_4d121e382e9e=UNKNOWN_TOPIC_OR_PARTITION}
2025-08-07 12:23:25,674 INFO  [org.apa.kaf.cli.Metadata] (kafka-producer-network-thread | Producer-topic-9fda3d70_a750_4d5d_aeb9_4d121e382e9e) [Producer clientId=Producer-topic-9fda3d70_a750_4d5d_aeb9_4d121e382e9e] Cluster ID: ewOXMZdKQImtr4eZTn3eAw
2025-08-07 12:23:25,674 INFO  [org.apa.kaf.cli.pro.int.TransactionManager] (kafka-producer-network-thread | Producer-topic-9fda3d70_a750_4d5d_aeb9_4d121e382e9e) [Producer clientId=Producer-topic-9fda3d70_a750_4d5d_aeb9_4d121e382e9e] ProducerId set to 3 with epoch 0
2025-08-07 12:23:25,990 INFO  [io.api.tes.ser.api.KafkaSerdesTester] (Thread-615) Sending message {"bar": "value-1"} to topic topic-9fda3d70_a750_4d5d_aeb9_4d121e382e9e
2025-08-07 12:23:25,994 INFO  [io.api.tes.ser.api.KafkaSerdesTester] (Thread-615) Sending message {"bar": "value-2"} to topic topic-9fda3d70_a750_4d5d_aeb9_4d121e382e9e
2025-08-07 12:23:25,998 INFO  [io.api.tes.ser.api.KafkaSerdesTester] (Thread-615) Sending message {"bar": "value-3"} to topic topic-9fda3d70_a750_4d5d_aeb9_4d121e382e9e
2025-08-07 12:23:26,002 INFO  [io.api.tes.ser.api.KafkaSerdesTester] (Thread-615) Sending message {"bar": "value-4"} to topic topic-9fda3d70_a750_4d5d_aeb9_4d121e382e9e
2025-08-07 12:23:26,005 INFO  [io.api.tes.ser.api.KafkaSerdesTester] (Thread-615) Sending message {"bar": "value-5"} to topic topic-9fda3d70_a750_4d5d_aeb9_4d121e382e9e
2025-08-07 12:23:26,007 INFO  [io.api.tes.ser.api.KafkaSerdesTester] (Thread-615) Sending message {"bar": "value-6"} to topic topic-9fda3d70_a750_4d5d_aeb9_4d121e382e9e
2025-08-07 12:23:26,012 INFO  [io.api.tes.ser.api.KafkaSerdesTester] (Thread-615) Sending message {"bar": "value-7"} to topic topic-9fda3d70_a750_4d5d_aeb9_4d121e382e9e
2025-08-07 12:23:26,016 INFO  [io.api.tes.ser.api.KafkaSerdesTester] (Thread-615) Sending message {"bar": "value-8"} to topic topic-9fda3d70_a750_4d5d_aeb9_4d121e382e9e
2025-08-07 12:23:26,020 INFO  [io.api.tes.ser.api.KafkaSerdesTester] (Thread-615) Sending message {"bar": "value-9"} to topic topic-9fda3d70_a750_4d5d_aeb9_4d121e382e9e
2025-08-07 12:23:26,024 INFO  [io.api.tes.ser.api.KafkaSerdesTester] (Thread-615) Produced 10 messages
2025-08-07 12:23:26,024 INFO  [org.apa.kaf.cli.pro.KafkaProducer] (Thread-615) [Producer clientId=Producer-topic-9fda3d70_a750_4d5d_aeb9_4d121e382e9e] Closing the Kafka producer with timeoutMillis = 9223372036854775807 ms.
2025-08-07 12:23:26,029 INFO  [org.apa.kaf.com.met.Metrics] (Thread-615) Metrics scheduler closed
2025-08-07 12:23:26,029 INFO  [org.apa.kaf.com.met.Metrics] (Thread-615) Closing reporter org.apache.kafka.common.metrics.JmxReporter
2025-08-07 12:23:26,029 INFO  [org.apa.kaf.com.met.Metrics] (Thread-615) Closing reporter org.apache.kafka.common.telemetry.internals.ClientTelemetryReporter
2025-08-07 12:23:26,029 INFO  [org.apa.kaf.com.met.Metrics] (Thread-615) Metrics reporters closed
2025-08-07 12:23:26,029 INFO  [org.apa.kaf.com.uti.AppInfoParser] (Thread-615) App info kafka.producer for Producer-topic-9fda3d70_a750_4d5d_aeb9_4d121e382e9e unregistered
**** Registry Base URL: http://registry-app-pg17.apps.ci419.apicurio-testing.org:80
2025-08-07 12:23:26,202 INFO  [org.apa.kaf.cli.con.ConsumerConfig] (main) ConsumerConfig values: 
	allow.auto.create.topics = true
	auto.commit.interval.ms = 500
	auto.include.jmx.reporter = true
	auto.offset.reset = earliest
	bootstrap.servers = [PLAINTEXT://localhost:32769]
	check.crcs = true
	client.dns.lookup = use_all_dns_ips
	client.id = consumer-Consumer-topic-9fda3d70_a750_4d5d_aeb9_4d121e382e9e-3
	client.rack = 
	connections.max.idle.ms = 10000
	default.api.timeout.ms = 60000
	enable.auto.commit = true
	enable.metrics.push = true
	exclude.internal.topics = true
	fetch.max.bytes = 52428800
	fetch.max.wait.ms = 500
	fetch.min.bytes = 1
	group.id = Consumer-topic-9fda3d70_a750_4d5d_aeb9_4d121e382e9e
	group.instance.id = null
	group.protocol = classic
	group.remote.assignor = null
	heartbeat.interval.ms = 3000
	interceptor.classes = []
	internal.leave.group.on.close = true
	internal.throw.on.fetch.stable.offset.unsupported = false
	isolation.level = read_uncommitted
	key.deserializer = class org.apache.kafka.common.serialization.StringDeserializer
	max.partition.fetch.bytes = 1048576
	max.poll.interval.ms = 300000
	max.poll.records = 500
	metadata.max.age.ms = 300000
	metadata.recovery.strategy = none
	metric.reporters = []
	metrics.num.samples = 2
	metrics.recording.level = INFO
	metrics.sample.window.ms = 30000
	partition.assignment.strategy = [class org.apache.kafka.clients.consumer.RangeAssignor, class org.apache.kafka.clients.consumer.CooperativeStickyAssignor]
	receive.buffer.bytes = 65536
	reconnect.backoff.max.ms = 1000
	reconnect.backoff.ms = 50
	request.timeout.ms = 5000
	retry.backoff.max.ms = 1000
	retry.backoff.ms = 100
	sasl.client.callback.handler.class = null
	sasl.jaas.config = null
	sasl.kerberos.kinit.cmd = /usr/bin/kinit
	sasl.kerberos.min.time.before.relogin = 60000
	sasl.kerberos.service.name = null
	sasl.kerberos.ticket.renew.jitter = 0.05
	sasl.kerberos.ticket.renew.window.factor = 0.8
	sasl.login.callback.handler.class = null
	sasl.login.class = null
	sasl.login.connect.timeout.ms = null
	sasl.login.read.timeout.ms = null
	sasl.login.refresh.buffer.seconds = 300
	sasl.login.refresh.min.period.seconds = 60
	sasl.login.refresh.window.factor = 0.8
	sasl.login.refresh.window.jitter = 0.05
	sasl.login.retry.backoff.max.ms = 10000
	sasl.login.retry.backoff.ms = 100
	sasl.mechanism = GSSAPI
	sasl.oauthbearer.clock.skew.seconds = 30
	sasl.oauthbearer.expected.audience = null
	sasl.oauthbearer.expected.issuer = null
	sasl.oauthbearer.header.urlencode = false
	sasl.oauthbearer.jwks.endpoint.refresh.ms = 3600000
	sasl.oauthbearer.jwks.endpoint.retry.backoff.max.ms = 10000
	sasl.oauthbearer.jwks.endpoint.retry.backoff.ms = 100
	sasl.oauthbearer.jwks.endpoint.url = null
	sasl.oauthbearer.scope.claim.name = scope
	sasl.oauthbearer.sub.claim.name = sub
	sasl.oauthbearer.token.endpoint.url = null
	security.protocol = PLAINTEXT
	security.providers = null
	send.buffer.bytes = 131072
	session.timeout.ms = 45000
	socket.connection.setup.timeout.max.ms = 30000
	socket.connection.setup.timeout.ms = 10000
	ssl.cipher.suites = null
	ssl.enabled.protocols = [TLSv1.2, TLSv1.3]
	ssl.endpoint.identification.algorithm = https
	ssl.engine.factory.class = null
	ssl.key.password = null
	ssl.keymanager.algorithm = SunX509
	ssl.keystore.certificate.chain = null
	ssl.keystore.key = null
	ssl.keystore.location = null
	ssl.keystore.password = null
	ssl.keystore.type = JKS
	ssl.protocol = TLSv1.3
	ssl.provider = null
	ssl.secure.random.implementation = null
	ssl.trustmanager.algorithm = PKIX
	ssl.truststore.certificates = null
	ssl.truststore.location = null
	ssl.truststore.password = null
	ssl.truststore.type = JKS
	value.deserializer = class io.apicurio.registry.serde.avro.AvroKafkaDeserializer

2025-08-07 12:23:26,203 INFO  [org.apa.kaf.com.tel.int.KafkaMetricsCollector] (main) initializing Kafka metrics collector
2025-08-07 12:23:26,210 INFO  [org.apa.kaf.cli.con.ConsumerConfig] (main) These configurations '[apicurio.registry.avro.encoding, apicurio.registry.url]' were supplied but are not used yet.
2025-08-07 12:23:26,210 INFO  [org.apa.kaf.com.uti.AppInfoParser] (main) Kafka version: 3.9.1
2025-08-07 12:23:26,210 INFO  [org.apa.kaf.com.uti.AppInfoParser] (main) Kafka commitId: f745dfdcee2b9851
2025-08-07 12:23:26,210 INFO  [org.apa.kaf.com.uti.AppInfoParser] (main) Kafka startTimeMs: 1754569406210
2025-08-07 12:23:26,211 INFO  [org.apa.kaf.cli.con.int.ClassicKafkaConsumer] (Thread-618) [Consumer clientId=consumer-Consumer-topic-9fda3d70_a750_4d5d_aeb9_4d121e382e9e-3, groupId=Consumer-topic-9fda3d70_a750_4d5d_aeb9_4d121e382e9e] Subscribed to topic(s): topic-9fda3d70_a750_4d5d_aeb9_4d121e382e9e
2025-08-07 12:23:26,218 INFO  [org.apa.kaf.cli.Metadata] (Thread-618) [Consumer clientId=consumer-Consumer-topic-9fda3d70_a750_4d5d_aeb9_4d121e382e9e-3, groupId=Consumer-topic-9fda3d70_a750_4d5d_aeb9_4d121e382e9e] Cluster ID: ewOXMZdKQImtr4eZTn3eAw
2025-08-07 12:23:26,224 INFO  [org.apa.kaf.cli.con.int.ConsumerCoordinator] (Thread-618) [Consumer clientId=consumer-Consumer-topic-9fda3d70_a750_4d5d_aeb9_4d121e382e9e-3, groupId=Consumer-topic-9fda3d70_a750_4d5d_aeb9_4d121e382e9e] Discovered group coordinator localhost:32769 (id: 2147483647 rack: null)
2025-08-07 12:23:26,227 INFO  [org.apa.kaf.cli.con.int.ConsumerCoordinator] (Thread-618) [Consumer clientId=consumer-Consumer-topic-9fda3d70_a750_4d5d_aeb9_4d121e382e9e-3, groupId=Consumer-topic-9fda3d70_a750_4d5d_aeb9_4d121e382e9e] (Re-)joining group
2025-08-07 12:23:26,233 INFO  [org.apa.kaf.cli.con.int.ConsumerCoordinator] (Thread-618) [Consumer clientId=consumer-Consumer-topic-9fda3d70_a750_4d5d_aeb9_4d121e382e9e-3, groupId=Consumer-topic-9fda3d70_a750_4d5d_aeb9_4d121e382e9e] Request joining group due to: need to re-join with the given member-id: consumer-Consumer-topic-9fda3d70_a750_4d5d_aeb9_4d121e382e9e-3-3c7d157b-4fe9-412b-9035-fe0327b24b39
2025-08-07 12:23:26,233 INFO  [org.apa.kaf.cli.con.int.ConsumerCoordinator] (Thread-618) [Consumer clientId=consumer-Consumer-topic-9fda3d70_a750_4d5d_aeb9_4d121e382e9e-3, groupId=Consumer-topic-9fda3d70_a750_4d5d_aeb9_4d121e382e9e] (Re-)joining group
2025-08-07 12:23:27,212 INFO  [io.api.tes.ser.api.KafkaSerdesTester] (Thread-618) None found
2025-08-07 12:23:28,212 INFO  [io.api.tes.ser.api.KafkaSerdesTester] (Thread-618) None found
2025-08-07 12:23:29,212 INFO  [io.api.tes.ser.api.KafkaSerdesTester] (Thread-618) None found
2025-08-07 12:23:29,238 INFO  [org.apa.kaf.cli.con.int.ConsumerCoordinator] (Thread-618) [Consumer clientId=consumer-Consumer-topic-9fda3d70_a750_4d5d_aeb9_4d121e382e9e-3, groupId=Consumer-topic-9fda3d70_a750_4d5d_aeb9_4d121e382e9e] Successfully joined group with generation Generation{generationId=1, memberId='consumer-Consumer-topic-9fda3d70_a750_4d5d_aeb9_4d121e382e9e-3-3c7d157b-4fe9-412b-9035-fe0327b24b39', protocol='range'}
2025-08-07 12:23:29,238 INFO  [org.apa.kaf.cli.con.int.ConsumerCoordinator] (Thread-618) [Consumer clientId=consumer-Consumer-topic-9fda3d70_a750_4d5d_aeb9_4d121e382e9e-3, groupId=Consumer-topic-9fda3d70_a750_4d5d_aeb9_4d121e382e9e] Finished assignment for group at generation 1: {consumer-Consumer-topic-9fda3d70_a750_4d5d_aeb9_4d121e382e9e-3-3c7d157b-4fe9-412b-9035-fe0327b24b39=Assignment(partitions=[topic-9fda3d70_a750_4d5d_aeb9_4d121e382e9e-0])}
2025-08-07 12:23:29,245 INFO  [org.apa.kaf.cli.con.int.ConsumerCoordinator] (Thread-618) [Consumer clientId=consumer-Consumer-topic-9fda3d70_a750_4d5d_aeb9_4d121e382e9e-3, groupId=Consumer-topic-9fda3d70_a750_4d5d_aeb9_4d121e382e9e] Successfully synced group in generation Generation{generationId=1, memberId='consumer-Consumer-topic-9fda3d70_a750_4d5d_aeb9_4d121e382e9e-3-3c7d157b-4fe9-412b-9035-fe0327b24b39', protocol='range'}
2025-08-07 12:23:29,245 INFO  [org.apa.kaf.cli.con.int.ConsumerCoordinator] (Thread-618) [Consumer clientId=consumer-Consumer-topic-9fda3d70_a750_4d5d_aeb9_4d121e382e9e-3, groupId=Consumer-topic-9fda3d70_a750_4d5d_aeb9_4d121e382e9e] Notifying assignor about the new Assignment(partitions=[topic-9fda3d70_a750_4d5d_aeb9_4d121e382e9e-0])
2025-08-07 12:23:29,245 INFO  [org.apa.kaf.cli.con.int.ConsumerRebalanceListenerInvoker] (Thread-618) [Consumer clientId=consumer-Consumer-topic-9fda3d70_a750_4d5d_aeb9_4d121e382e9e-3, groupId=Consumer-topic-9fda3d70_a750_4d5d_aeb9_4d121e382e9e] Adding newly assigned partitions: topic-9fda3d70_a750_4d5d_aeb9_4d121e382e9e-0
2025-08-07 12:23:29,247 INFO  [org.apa.kaf.cli.con.int.ConsumerCoordinator] (Thread-618) [Consumer clientId=consumer-Consumer-topic-9fda3d70_a750_4d5d_aeb9_4d121e382e9e-3, groupId=Consumer-topic-9fda3d70_a750_4d5d_aeb9_4d121e382e9e] Found no committed offset for partition topic-9fda3d70_a750_4d5d_aeb9_4d121e382e9e-0
2025-08-07 12:23:29,252 INFO  [org.apa.kaf.cli.con.int.SubscriptionState] (Thread-618) [Consumer clientId=consumer-Consumer-topic-9fda3d70_a750_4d5d_aeb9_4d121e382e9e-3, groupId=Consumer-topic-9fda3d70_a750_4d5d_aeb9_4d121e382e9e] Resetting offset for partition topic-9fda3d70_a750_4d5d_aeb9_4d121e382e9e-0 to position FetchPosition{offset=0, offsetEpoch=Optional.empty, currentLeader=LeaderAndEpoch{leader=Optional[localhost:32769 (id: 0 rack: null)], epoch=0}}.
2025-08-07 12:23:29,548 INFO  [io.api.tes.ser.api.KafkaSerdesTester] (Thread-618) topic-9fda3d70_a750_4d5d_aeb9_4d121e382e9e 0 0 {"bar": "value-0"}
2025-08-07 12:23:29,548 INFO  [io.api.tes.ser.api.KafkaSerdesTester] (Thread-618) topic-9fda3d70_a750_4d5d_aeb9_4d121e382e9e 0 1 {"bar": "value-1"}
2025-08-07 12:23:29,549 INFO  [io.api.tes.ser.api.KafkaSerdesTester] (Thread-618) topic-9fda3d70_a750_4d5d_aeb9_4d121e382e9e 0 2 {"bar": "value-2"}
2025-08-07 12:23:29,549 INFO  [io.api.tes.ser.api.KafkaSerdesTester] (Thread-618) topic-9fda3d70_a750_4d5d_aeb9_4d121e382e9e 0 3 {"bar": "value-3"}
2025-08-07 12:23:29,549 INFO  [io.api.tes.ser.api.KafkaSerdesTester] (Thread-618) topic-9fda3d70_a750_4d5d_aeb9_4d121e382e9e 0 4 {"bar": "value-4"}
2025-08-07 12:23:29,549 INFO  [io.api.tes.ser.api.KafkaSerdesTester] (Thread-618) topic-9fda3d70_a750_4d5d_aeb9_4d121e382e9e 0 5 {"bar": "value-5"}
2025-08-07 12:23:29,549 INFO  [io.api.tes.ser.api.KafkaSerdesTester] (Thread-618) topic-9fda3d70_a750_4d5d_aeb9_4d121e382e9e 0 6 {"bar": "value-6"}
2025-08-07 12:23:29,549 INFO  [io.api.tes.ser.api.KafkaSerdesTester] (Thread-618) topic-9fda3d70_a750_4d5d_aeb9_4d121e382e9e 0 7 {"bar": "value-7"}
2025-08-07 12:23:29,549 INFO  [io.api.tes.ser.api.KafkaSerdesTester] (Thread-618) topic-9fda3d70_a750_4d5d_aeb9_4d121e382e9e 0 8 {"bar": "value-8"}
2025-08-07 12:23:29,549 INFO  [io.api.tes.ser.api.KafkaSerdesTester] (Thread-618) topic-9fda3d70_a750_4d5d_aeb9_4d121e382e9e 0 9 {"bar": "value-9"}
2025-08-07 12:23:29,549 INFO  [io.api.tes.ser.api.KafkaSerdesTester] (Thread-618) Consumed 10 messages
2025-08-07 12:23:29,556 INFO  [org.apa.kaf.cli.con.int.ConsumerRebalanceListenerInvoker] (Thread-618) [Consumer clientId=consumer-Consumer-topic-9fda3d70_a750_4d5d_aeb9_4d121e382e9e-3, groupId=Consumer-topic-9fda3d70_a750_4d5d_aeb9_4d121e382e9e] Revoke previously assigned partitions topic-9fda3d70_a750_4d5d_aeb9_4d121e382e9e-0
2025-08-07 12:23:29,556 INFO  [org.apa.kaf.cli.con.int.ConsumerCoordinator] (Thread-618) [Consumer clientId=consumer-Consumer-topic-9fda3d70_a750_4d5d_aeb9_4d121e382e9e-3, groupId=Consumer-topic-9fda3d70_a750_4d5d_aeb9_4d121e382e9e] Member consumer-Consumer-topic-9fda3d70_a750_4d5d_aeb9_4d121e382e9e-3-3c7d157b-4fe9-412b-9035-fe0327b24b39 sending LeaveGroup request to coordinator localhost:32769 (id: 2147483647 rack: null) due to the consumer is being closed
2025-08-07 12:23:29,557 INFO  [org.apa.kaf.cli.con.int.ConsumerCoordinator] (Thread-618) [Consumer clientId=consumer-Consumer-topic-9fda3d70_a750_4d5d_aeb9_4d121e382e9e-3, groupId=Consumer-topic-9fda3d70_a750_4d5d_aeb9_4d121e382e9e] Resetting generation and member id due to: consumer pro-actively leaving the group
2025-08-07 12:23:29,557 INFO  [org.apa.kaf.cli.con.int.ConsumerCoordinator] (Thread-618) [Consumer clientId=consumer-Consumer-topic-9fda3d70_a750_4d5d_aeb9_4d121e382e9e-3, groupId=Consumer-topic-9fda3d70_a750_4d5d_aeb9_4d121e382e9e] Request joining group due to: consumer pro-actively leaving the group
2025-08-07 12:23:30,051 INFO  [org.apa.kaf.com.met.Metrics] (Thread-618) Metrics scheduler closed
2025-08-07 12:23:30,051 INFO  [org.apa.kaf.com.met.Metrics] (Thread-618) Closing reporter org.apache.kafka.common.metrics.JmxReporter
2025-08-07 12:23:30,051 INFO  [org.apa.kaf.com.met.Metrics] (Thread-618) Closing reporter org.apache.kafka.common.telemetry.internals.ClientTelemetryReporter
2025-08-07 12:23:30,051 INFO  [org.apa.kaf.com.met.Metrics] (Thread-618) Metrics reporters closed
2025-08-07 12:23:30,058 INFO  [org.apa.kaf.com.uti.AppInfoParser] (Thread-618) App info kafka.consumer for consumer-Consumer-topic-9fda3d70_a750_4d5d_aeb9_4d121e382e9e-3 unregistered
2025-08-07 12:23:30,059 INFO  [io.api.tes.uti.TestSeparator] (main) io.apicurio.tests.serdes.apicurio.AvroSerdeIT.testAvroJSON-FINISHED
2025-08-07 12:23:30,059 INFO  [io.api.tes.uti.TestSeparator] (main) ############################################################################
Test passed: testAvroJSON
]]></system-out>
  </testcase>
  <testcase name="testTopicIdStrategyAutoRegister" classname="io.apicurio.tests.serdes.apicurio.AvroSerdeIT" time="4.519">
    <system-out><![CDATA[2025-08-07 12:23:30,071 INFO  [io.api.tes.uti.TestSeparator] (main) ############################################################################
2025-08-07 12:23:30,071 INFO  [io.api.tes.uti.TestSeparator] (main) io.apicurio.tests.serdes.apicurio.AvroSerdeIT.testTopicIdStrategyAutoRegister-STARTED
**** Registry Base URL: http://registry-app-pg17.apps.ci419.apicurio-testing.org:80
2025-08-07 12:23:30,081 INFO  [org.apa.kaf.cli.pro.ProducerConfig] (main) ProducerConfig values: 
	acks = -1
	auto.include.jmx.reporter = true
	batch.size = 16384
	bootstrap.servers = [PLAINTEXT://localhost:32769]
	buffer.memory = 33554432
	client.dns.lookup = use_all_dns_ips
	client.id = Producer-topic-185895a6_0e80_4f02_8090_24d113a07ea9
	compression.gzip.level = -1
	compression.lz4.level = 9
	compression.type = none
	compression.zstd.level = 3
	connections.max.idle.ms = 10000
	delivery.timeout.ms = 120000
	enable.idempotence = true
	enable.metrics.push = true
	interceptor.classes = []
	key.serializer = class org.apache.kafka.common.serialization.StringSerializer
	linger.ms = 0
	max.block.ms = 60000
	max.in.flight.requests.per.connection = 5
	max.request.size = 1048576
	metadata.max.age.ms = 300000
	metadata.max.idle.ms = 300000
	metadata.recovery.strategy = none
	metric.reporters = []
	metrics.num.samples = 2
	metrics.recording.level = INFO
	metrics.sample.window.ms = 30000
	partitioner.adaptive.partitioning.enable = true
	partitioner.availability.timeout.ms = 0
	partitioner.class = null
	partitioner.ignore.keys = false
	receive.buffer.bytes = 32768
	reconnect.backoff.max.ms = 1000
	reconnect.backoff.ms = 50
	request.timeout.ms = 5000
	retries = 2147483647
	retry.backoff.max.ms = 1000
	retry.backoff.ms = 100
	sasl.client.callback.handler.class = null
	sasl.jaas.config = null
	sasl.kerberos.kinit.cmd = /usr/bin/kinit
	sasl.kerberos.min.time.before.relogin = 60000
	sasl.kerberos.service.name = null
	sasl.kerberos.ticket.renew.jitter = 0.05
	sasl.kerberos.ticket.renew.window.factor = 0.8
	sasl.login.callback.handler.class = null
	sasl.login.class = null
	sasl.login.connect.timeout.ms = null
	sasl.login.read.timeout.ms = null
	sasl.login.refresh.buffer.seconds = 300
	sasl.login.refresh.min.period.seconds = 60
	sasl.login.refresh.window.factor = 0.8
	sasl.login.refresh.window.jitter = 0.05
	sasl.login.retry.backoff.max.ms = 10000
	sasl.login.retry.backoff.ms = 100
	sasl.mechanism = GSSAPI
	sasl.oauthbearer.clock.skew.seconds = 30
	sasl.oauthbearer.expected.audience = null
	sasl.oauthbearer.expected.issuer = null
	sasl.oauthbearer.header.urlencode = false
	sasl.oauthbearer.jwks.endpoint.refresh.ms = 3600000
	sasl.oauthbearer.jwks.endpoint.retry.backoff.max.ms = 10000
	sasl.oauthbearer.jwks.endpoint.retry.backoff.ms = 100
	sasl.oauthbearer.jwks.endpoint.url = null
	sasl.oauthbearer.scope.claim.name = scope
	sasl.oauthbearer.sub.claim.name = sub
	sasl.oauthbearer.token.endpoint.url = null
	security.protocol = PLAINTEXT
	security.providers = null
	send.buffer.bytes = 131072
	socket.connection.setup.timeout.max.ms = 30000
	socket.connection.setup.timeout.ms = 10000
	ssl.cipher.suites = null
	ssl.enabled.protocols = [TLSv1.2, TLSv1.3]
	ssl.endpoint.identification.algorithm = https
	ssl.engine.factory.class = null
	ssl.key.password = null
	ssl.keymanager.algorithm = SunX509
	ssl.keystore.certificate.chain = null
	ssl.keystore.key = null
	ssl.keystore.location = null
	ssl.keystore.password = null
	ssl.keystore.type = JKS
	ssl.protocol = TLSv1.3
	ssl.provider = null
	ssl.secure.random.implementation = null
	ssl.trustmanager.algorithm = PKIX
	ssl.truststore.certificates = null
	ssl.truststore.location = null
	ssl.truststore.password = null
	ssl.truststore.type = JKS
	transaction.timeout.ms = 60000
	transactional.id = null
	value.serializer = class io.apicurio.registry.serde.avro.AvroKafkaSerializer

2025-08-07 12:23:30,081 INFO  [org.apa.kaf.com.tel.int.KafkaMetricsCollector] (main) initializing Kafka metrics collector
2025-08-07 12:23:30,086 INFO  [org.apa.kaf.cli.pro.KafkaProducer] (main) [Producer clientId=Producer-topic-185895a6_0e80_4f02_8090_24d113a07ea9] Instantiated an idempotent producer.
2025-08-07 12:23:30,089 INFO  [org.apa.kaf.cli.pro.ProducerConfig] (main) These configurations '[apicurio.registry.url, apicurio.registry.auto-register, apicurio.registry.artifact-resolver-strategy]' were supplied but are not used yet.
2025-08-07 12:23:30,090 INFO  [org.apa.kaf.com.uti.AppInfoParser] (main) Kafka version: 3.9.1
2025-08-07 12:23:30,090 INFO  [org.apa.kaf.com.uti.AppInfoParser] (main) Kafka commitId: f745dfdcee2b9851
2025-08-07 12:23:30,092 INFO  [org.apa.kaf.com.uti.AppInfoParser] (main) Kafka startTimeMs: 1754569410090
2025-08-07 12:23:30,093 INFO  [io.api.tes.ser.api.SimpleSerdesTesterBuilder$SimpleSerdesTester] (main) Using producer configuration: {apicurio.registry.url=http://registry-app-pg17.apps.ci419.apicurio-testing.org:80/apis/registry/v3, apicurio.registry.auto-register=true, apicurio.registry.artifact-resolver-strategy=io.apicurio.registry.serde.strategy.TopicIdStrategy, value.serializer=io.apicurio.registry.serde.avro.AvroKafkaSerializer, request.timeout.ms=5000, acks=all, bootstrap.servers=PLAINTEXT://localhost:32769, connections.max.idle.ms=10000, key.serializer=org.apache.kafka.common.serialization.StringSerializer, client.id=Producer-topic-185895a6_0e80_4f02_8090_24d113a07ea9}
2025-08-07 12:23:30,093 INFO  [io.api.tes.ser.api.SimpleSerdesTesterBuilder$SimpleSerdesTester] (main) Using consumer configuration: {}
2025-08-07 12:23:30,094 INFO  [io.api.tes.ser.api.KafkaSerdesTester] (Thread-621) Sending message {"key11754569410072": "value-0"} to topic topic-185895a6_0e80_4f02_8090_24d113a07ea9
2025-08-07 12:23:30,099 WARN  [org.apa.kaf.cli.NetworkClient] (kafka-producer-network-thread | Producer-topic-185895a6_0e80_4f02_8090_24d113a07ea9) [Producer clientId=Producer-topic-185895a6_0e80_4f02_8090_24d113a07ea9] The metadata response from the cluster reported a recoverable issue with correlation id 1 : {topic-185895a6_0e80_4f02_8090_24d113a07ea9=UNKNOWN_TOPIC_OR_PARTITION}
2025-08-07 12:23:30,099 INFO  [org.apa.kaf.cli.Metadata] (kafka-producer-network-thread | Producer-topic-185895a6_0e80_4f02_8090_24d113a07ea9) [Producer clientId=Producer-topic-185895a6_0e80_4f02_8090_24d113a07ea9] Cluster ID: ewOXMZdKQImtr4eZTn3eAw
2025-08-07 12:23:30,099 INFO  [org.apa.kaf.cli.pro.int.TransactionManager] (kafka-producer-network-thread | Producer-topic-185895a6_0e80_4f02_8090_24d113a07ea9) [Producer clientId=Producer-topic-185895a6_0e80_4f02_8090_24d113a07ea9] ProducerId set to 4 with epoch 0
2025-08-07 12:23:30,399 INFO  [io.api.tes.ser.api.KafkaSerdesTester] (Thread-621) Sending message {"key11754569410072": "value-1"} to topic topic-185895a6_0e80_4f02_8090_24d113a07ea9
2025-08-07 12:23:30,402 INFO  [io.api.tes.ser.api.KafkaSerdesTester] (Thread-621) Sending message {"key11754569410072": "value-2"} to topic topic-185895a6_0e80_4f02_8090_24d113a07ea9
2025-08-07 12:23:30,404 INFO  [io.api.tes.ser.api.KafkaSerdesTester] (Thread-621) Sending message {"key11754569410072": "value-3"} to topic topic-185895a6_0e80_4f02_8090_24d113a07ea9
2025-08-07 12:23:30,406 INFO  [io.api.tes.ser.api.KafkaSerdesTester] (Thread-621) Sending message {"key11754569410072": "value-4"} to topic topic-185895a6_0e80_4f02_8090_24d113a07ea9
2025-08-07 12:23:30,408 INFO  [io.api.tes.ser.api.KafkaSerdesTester] (Thread-621) Sending message {"key11754569410072": "value-5"} to topic topic-185895a6_0e80_4f02_8090_24d113a07ea9
2025-08-07 12:23:30,411 INFO  [io.api.tes.ser.api.KafkaSerdesTester] (Thread-621) Sending message {"key11754569410072": "value-6"} to topic topic-185895a6_0e80_4f02_8090_24d113a07ea9
2025-08-07 12:23:30,413 INFO  [io.api.tes.ser.api.KafkaSerdesTester] (Thread-621) Sending message {"key11754569410072": "value-7"} to topic topic-185895a6_0e80_4f02_8090_24d113a07ea9
2025-08-07 12:23:30,415 INFO  [io.api.tes.ser.api.KafkaSerdesTester] (Thread-621) Sending message {"key11754569410072": "value-8"} to topic topic-185895a6_0e80_4f02_8090_24d113a07ea9
2025-08-07 12:23:30,416 INFO  [io.api.tes.ser.api.KafkaSerdesTester] (Thread-621) Sending message {"key11754569410072": "value-9"} to topic topic-185895a6_0e80_4f02_8090_24d113a07ea9
2025-08-07 12:23:30,419 INFO  [io.api.tes.ser.api.KafkaSerdesTester] (Thread-621) Produced 10 messages
2025-08-07 12:23:30,419 INFO  [org.apa.kaf.cli.pro.KafkaProducer] (Thread-621) [Producer clientId=Producer-topic-185895a6_0e80_4f02_8090_24d113a07ea9] Closing the Kafka producer with timeoutMillis = 9223372036854775807 ms.
2025-08-07 12:23:30,423 INFO  [org.apa.kaf.com.met.Metrics] (Thread-621) Metrics scheduler closed
2025-08-07 12:23:30,423 INFO  [org.apa.kaf.com.met.Metrics] (Thread-621) Closing reporter org.apache.kafka.common.metrics.JmxReporter
2025-08-07 12:23:30,423 INFO  [org.apa.kaf.com.met.Metrics] (Thread-621) Closing reporter org.apache.kafka.common.telemetry.internals.ClientTelemetryReporter
2025-08-07 12:23:30,423 INFO  [org.apa.kaf.com.met.Metrics] (Thread-621) Metrics reporters closed
2025-08-07 12:23:30,424 INFO  [org.apa.kaf.com.uti.AppInfoParser] (Thread-621) App info kafka.producer for Producer-topic-185895a6_0e80_4f02_8090_24d113a07ea9 unregistered
**** Registry Base URL: http://registry-app-pg17.apps.ci419.apicurio-testing.org:80
2025-08-07 12:23:30,597 INFO  [org.apa.kaf.cli.con.ConsumerConfig] (main) ConsumerConfig values: 
	allow.auto.create.topics = true
	auto.commit.interval.ms = 500
	auto.include.jmx.reporter = true
	auto.offset.reset = earliest
	bootstrap.servers = [PLAINTEXT://localhost:32769]
	check.crcs = true
	client.dns.lookup = use_all_dns_ips
	client.id = consumer-Consumer-topic-185895a6_0e80_4f02_8090_24d113a07ea9-4
	client.rack = 
	connections.max.idle.ms = 10000
	default.api.timeout.ms = 60000
	enable.auto.commit = true
	enable.metrics.push = true
	exclude.internal.topics = true
	fetch.max.bytes = 52428800
	fetch.max.wait.ms = 500
	fetch.min.bytes = 1
	group.id = Consumer-topic-185895a6_0e80_4f02_8090_24d113a07ea9
	group.instance.id = null
	group.protocol = classic
	group.remote.assignor = null
	heartbeat.interval.ms = 3000
	interceptor.classes = []
	internal.leave.group.on.close = true
	internal.throw.on.fetch.stable.offset.unsupported = false
	isolation.level = read_uncommitted
	key.deserializer = class org.apache.kafka.common.serialization.StringDeserializer
	max.partition.fetch.bytes = 1048576
	max.poll.interval.ms = 300000
	max.poll.records = 500
	metadata.max.age.ms = 300000
	metadata.recovery.strategy = none
	metric.reporters = []
	metrics.num.samples = 2
	metrics.recording.level = INFO
	metrics.sample.window.ms = 30000
	partition.assignment.strategy = [class org.apache.kafka.clients.consumer.RangeAssignor, class org.apache.kafka.clients.consumer.CooperativeStickyAssignor]
	receive.buffer.bytes = 65536
	reconnect.backoff.max.ms = 1000
	reconnect.backoff.ms = 50
	request.timeout.ms = 5000
	retry.backoff.max.ms = 1000
	retry.backoff.ms = 100
	sasl.client.callback.handler.class = null
	sasl.jaas.config = null
	sasl.kerberos.kinit.cmd = /usr/bin/kinit
	sasl.kerberos.min.time.before.relogin = 60000
	sasl.kerberos.service.name = null
	sasl.kerberos.ticket.renew.jitter = 0.05
	sasl.kerberos.ticket.renew.window.factor = 0.8
	sasl.login.callback.handler.class = null
	sasl.login.class = null
	sasl.login.connect.timeout.ms = null
	sasl.login.read.timeout.ms = null
	sasl.login.refresh.buffer.seconds = 300
	sasl.login.refresh.min.period.seconds = 60
	sasl.login.refresh.window.factor = 0.8
	sasl.login.refresh.window.jitter = 0.05
	sasl.login.retry.backoff.max.ms = 10000
	sasl.login.retry.backoff.ms = 100
	sasl.mechanism = GSSAPI
	sasl.oauthbearer.clock.skew.seconds = 30
	sasl.oauthbearer.expected.audience = null
	sasl.oauthbearer.expected.issuer = null
	sasl.oauthbearer.header.urlencode = false
	sasl.oauthbearer.jwks.endpoint.refresh.ms = 3600000
	sasl.oauthbearer.jwks.endpoint.retry.backoff.max.ms = 10000
	sasl.oauthbearer.jwks.endpoint.retry.backoff.ms = 100
	sasl.oauthbearer.jwks.endpoint.url = null
	sasl.oauthbearer.scope.claim.name = scope
	sasl.oauthbearer.sub.claim.name = sub
	sasl.oauthbearer.token.endpoint.url = null
	security.protocol = PLAINTEXT
	security.providers = null
	send.buffer.bytes = 131072
	session.timeout.ms = 45000
	socket.connection.setup.timeout.max.ms = 30000
	socket.connection.setup.timeout.ms = 10000
	ssl.cipher.suites = null
	ssl.enabled.protocols = [TLSv1.2, TLSv1.3]
	ssl.endpoint.identification.algorithm = https
	ssl.engine.factory.class = null
	ssl.key.password = null
	ssl.keymanager.algorithm = SunX509
	ssl.keystore.certificate.chain = null
	ssl.keystore.key = null
	ssl.keystore.location = null
	ssl.keystore.password = null
	ssl.keystore.type = JKS
	ssl.protocol = TLSv1.3
	ssl.provider = null
	ssl.secure.random.implementation = null
	ssl.trustmanager.algorithm = PKIX
	ssl.truststore.certificates = null
	ssl.truststore.location = null
	ssl.truststore.password = null
	ssl.truststore.type = JKS
	value.deserializer = class io.apicurio.registry.serde.avro.AvroKafkaDeserializer

2025-08-07 12:23:30,598 INFO  [org.apa.kaf.com.tel.int.KafkaMetricsCollector] (main) initializing Kafka metrics collector
2025-08-07 12:23:30,614 INFO  [org.apa.kaf.cli.con.ConsumerConfig] (main) These configurations '[apicurio.registry.url]' were supplied but are not used yet.
2025-08-07 12:23:30,616 INFO  [org.apa.kaf.com.uti.AppInfoParser] (main) Kafka version: 3.9.1
2025-08-07 12:23:30,616 INFO  [org.apa.kaf.com.uti.AppInfoParser] (main) Kafka commitId: f745dfdcee2b9851
2025-08-07 12:23:30,616 INFO  [org.apa.kaf.com.uti.AppInfoParser] (main) Kafka startTimeMs: 1754569410616
2025-08-07 12:23:30,617 INFO  [org.apa.kaf.cli.con.int.ClassicKafkaConsumer] (Thread-624) [Consumer clientId=consumer-Consumer-topic-185895a6_0e80_4f02_8090_24d113a07ea9-4, groupId=Consumer-topic-185895a6_0e80_4f02_8090_24d113a07ea9] Subscribed to topic(s): topic-185895a6_0e80_4f02_8090_24d113a07ea9
2025-08-07 12:23:30,626 INFO  [org.apa.kaf.cli.Metadata] (Thread-624) [Consumer clientId=consumer-Consumer-topic-185895a6_0e80_4f02_8090_24d113a07ea9-4, groupId=Consumer-topic-185895a6_0e80_4f02_8090_24d113a07ea9] Cluster ID: ewOXMZdKQImtr4eZTn3eAw
2025-08-07 12:23:30,626 INFO  [org.apa.kaf.cli.con.int.ConsumerCoordinator] (Thread-624) [Consumer clientId=consumer-Consumer-topic-185895a6_0e80_4f02_8090_24d113a07ea9-4, groupId=Consumer-topic-185895a6_0e80_4f02_8090_24d113a07ea9] Discovered group coordinator localhost:32769 (id: 2147483647 rack: null)
2025-08-07 12:23:30,628 INFO  [org.apa.kaf.cli.con.int.ConsumerCoordinator] (Thread-624) [Consumer clientId=consumer-Consumer-topic-185895a6_0e80_4f02_8090_24d113a07ea9-4, groupId=Consumer-topic-185895a6_0e80_4f02_8090_24d113a07ea9] (Re-)joining group
2025-08-07 12:23:30,632 INFO  [org.apa.kaf.cli.con.int.ConsumerCoordinator] (Thread-624) [Consumer clientId=consumer-Consumer-topic-185895a6_0e80_4f02_8090_24d113a07ea9-4, groupId=Consumer-topic-185895a6_0e80_4f02_8090_24d113a07ea9] Request joining group due to: need to re-join with the given member-id: consumer-Consumer-topic-185895a6_0e80_4f02_8090_24d113a07ea9-4-afbe4bf2-26bb-4d89-b9ee-0bd220cd6e96
2025-08-07 12:23:30,632 INFO  [org.apa.kaf.cli.con.int.ConsumerCoordinator] (Thread-624) [Consumer clientId=consumer-Consumer-topic-185895a6_0e80_4f02_8090_24d113a07ea9-4, groupId=Consumer-topic-185895a6_0e80_4f02_8090_24d113a07ea9] (Re-)joining group
2025-08-07 12:23:31,618 INFO  [io.api.tes.ser.api.KafkaSerdesTester] (Thread-624) None found
2025-08-07 12:23:32,618 INFO  [io.api.tes.ser.api.KafkaSerdesTester] (Thread-624) None found
2025-08-07 12:23:33,619 INFO  [io.api.tes.ser.api.KafkaSerdesTester] (Thread-624) None found
2025-08-07 12:23:33,635 INFO  [org.apa.kaf.cli.con.int.ConsumerCoordinator] (Thread-624) [Consumer clientId=consumer-Consumer-topic-185895a6_0e80_4f02_8090_24d113a07ea9-4, groupId=Consumer-topic-185895a6_0e80_4f02_8090_24d113a07ea9] Successfully joined group with generation Generation{generationId=1, memberId='consumer-Consumer-topic-185895a6_0e80_4f02_8090_24d113a07ea9-4-afbe4bf2-26bb-4d89-b9ee-0bd220cd6e96', protocol='range'}
2025-08-07 12:23:33,636 INFO  [org.apa.kaf.cli.con.int.ConsumerCoordinator] (Thread-624) [Consumer clientId=consumer-Consumer-topic-185895a6_0e80_4f02_8090_24d113a07ea9-4, groupId=Consumer-topic-185895a6_0e80_4f02_8090_24d113a07ea9] Finished assignment for group at generation 1: {consumer-Consumer-topic-185895a6_0e80_4f02_8090_24d113a07ea9-4-afbe4bf2-26bb-4d89-b9ee-0bd220cd6e96=Assignment(partitions=[topic-185895a6_0e80_4f02_8090_24d113a07ea9-0])}
2025-08-07 12:23:33,643 INFO  [org.apa.kaf.cli.con.int.ConsumerCoordinator] (Thread-624) [Consumer clientId=consumer-Consumer-topic-185895a6_0e80_4f02_8090_24d113a07ea9-4, groupId=Consumer-topic-185895a6_0e80_4f02_8090_24d113a07ea9] Successfully synced group in generation Generation{generationId=1, memberId='consumer-Consumer-topic-185895a6_0e80_4f02_8090_24d113a07ea9-4-afbe4bf2-26bb-4d89-b9ee-0bd220cd6e96', protocol='range'}
2025-08-07 12:23:33,643 INFO  [org.apa.kaf.cli.con.int.ConsumerCoordinator] (Thread-624) [Consumer clientId=consumer-Consumer-topic-185895a6_0e80_4f02_8090_24d113a07ea9-4, groupId=Consumer-topic-185895a6_0e80_4f02_8090_24d113a07ea9] Notifying assignor about the new Assignment(partitions=[topic-185895a6_0e80_4f02_8090_24d113a07ea9-0])
2025-08-07 12:23:33,644 INFO  [org.apa.kaf.cli.con.int.ConsumerRebalanceListenerInvoker] (Thread-624) [Consumer clientId=consumer-Consumer-topic-185895a6_0e80_4f02_8090_24d113a07ea9-4, groupId=Consumer-topic-185895a6_0e80_4f02_8090_24d113a07ea9] Adding newly assigned partitions: topic-185895a6_0e80_4f02_8090_24d113a07ea9-0
2025-08-07 12:23:33,646 INFO  [org.apa.kaf.cli.con.int.ConsumerCoordinator] (Thread-624) [Consumer clientId=consumer-Consumer-topic-185895a6_0e80_4f02_8090_24d113a07ea9-4, groupId=Consumer-topic-185895a6_0e80_4f02_8090_24d113a07ea9] Found no committed offset for partition topic-185895a6_0e80_4f02_8090_24d113a07ea9-0
2025-08-07 12:23:33,650 INFO  [org.apa.kaf.cli.con.int.SubscriptionState] (Thread-624) [Consumer clientId=consumer-Consumer-topic-185895a6_0e80_4f02_8090_24d113a07ea9-4, groupId=Consumer-topic-185895a6_0e80_4f02_8090_24d113a07ea9] Resetting offset for partition topic-185895a6_0e80_4f02_8090_24d113a07ea9-0 to position FetchPosition{offset=0, offsetEpoch=Optional.empty, currentLeader=LeaderAndEpoch{leader=Optional[localhost:32769 (id: 0 rack: null)], epoch=0}}.
2025-08-07 12:23:33,905 INFO  [io.api.tes.ser.api.KafkaSerdesTester] (Thread-624) topic-185895a6_0e80_4f02_8090_24d113a07ea9 0 0 {"key11754569410072": "value-0"}
2025-08-07 12:23:33,905 INFO  [io.api.tes.ser.api.KafkaSerdesTester] (Thread-624) topic-185895a6_0e80_4f02_8090_24d113a07ea9 0 1 {"key11754569410072": "value-1"}
2025-08-07 12:23:33,905 INFO  [io.api.tes.ser.api.KafkaSerdesTester] (Thread-624) topic-185895a6_0e80_4f02_8090_24d113a07ea9 0 2 {"key11754569410072": "value-2"}
2025-08-07 12:23:33,905 INFO  [io.api.tes.ser.api.KafkaSerdesTester] (Thread-624) topic-185895a6_0e80_4f02_8090_24d113a07ea9 0 3 {"key11754569410072": "value-3"}
2025-08-07 12:23:33,905 INFO  [io.api.tes.ser.api.KafkaSerdesTester] (Thread-624) topic-185895a6_0e80_4f02_8090_24d113a07ea9 0 4 {"key11754569410072": "value-4"}
2025-08-07 12:23:33,905 INFO  [io.api.tes.ser.api.KafkaSerdesTester] (Thread-624) topic-185895a6_0e80_4f02_8090_24d113a07ea9 0 5 {"key11754569410072": "value-5"}
2025-08-07 12:23:33,906 INFO  [io.api.tes.ser.api.KafkaSerdesTester] (Thread-624) topic-185895a6_0e80_4f02_8090_24d113a07ea9 0 6 {"key11754569410072": "value-6"}
2025-08-07 12:23:33,906 INFO  [io.api.tes.ser.api.KafkaSerdesTester] (Thread-624) topic-185895a6_0e80_4f02_8090_24d113a07ea9 0 7 {"key11754569410072": "value-7"}
2025-08-07 12:23:33,906 INFO  [io.api.tes.ser.api.KafkaSerdesTester] (Thread-624) topic-185895a6_0e80_4f02_8090_24d113a07ea9 0 8 {"key11754569410072": "value-8"}
2025-08-07 12:23:33,906 INFO  [io.api.tes.ser.api.KafkaSerdesTester] (Thread-624) topic-185895a6_0e80_4f02_8090_24d113a07ea9 0 9 {"key11754569410072": "value-9"}
2025-08-07 12:23:33,906 INFO  [io.api.tes.ser.api.KafkaSerdesTester] (Thread-624) Consumed 10 messages
2025-08-07 12:23:33,914 INFO  [org.apa.kaf.cli.con.int.ConsumerRebalanceListenerInvoker] (Thread-624) [Consumer clientId=consumer-Consumer-topic-185895a6_0e80_4f02_8090_24d113a07ea9-4, groupId=Consumer-topic-185895a6_0e80_4f02_8090_24d113a07ea9] Revoke previously assigned partitions topic-185895a6_0e80_4f02_8090_24d113a07ea9-0
2025-08-07 12:23:33,914 INFO  [org.apa.kaf.cli.con.int.ConsumerCoordinator] (Thread-624) [Consumer clientId=consumer-Consumer-topic-185895a6_0e80_4f02_8090_24d113a07ea9-4, groupId=Consumer-topic-185895a6_0e80_4f02_8090_24d113a07ea9] Member consumer-Consumer-topic-185895a6_0e80_4f02_8090_24d113a07ea9-4-afbe4bf2-26bb-4d89-b9ee-0bd220cd6e96 sending LeaveGroup request to coordinator localhost:32769 (id: 2147483647 rack: null) due to the consumer is being closed
2025-08-07 12:23:33,914 INFO  [org.apa.kaf.cli.con.int.ConsumerCoordinator] (Thread-624) [Consumer clientId=consumer-Consumer-topic-185895a6_0e80_4f02_8090_24d113a07ea9-4, groupId=Consumer-topic-185895a6_0e80_4f02_8090_24d113a07ea9] Resetting generation and member id due to: consumer pro-actively leaving the group
2025-08-07 12:23:33,914 INFO  [org.apa.kaf.cli.con.int.ConsumerCoordinator] (Thread-624) [Consumer clientId=consumer-Consumer-topic-185895a6_0e80_4f02_8090_24d113a07ea9-4, groupId=Consumer-topic-185895a6_0e80_4f02_8090_24d113a07ea9] Request joining group due to: consumer pro-actively leaving the group
2025-08-07 12:23:34,408 INFO  [org.apa.kaf.com.met.Metrics] (Thread-624) Metrics scheduler closed
2025-08-07 12:23:34,408 INFO  [org.apa.kaf.com.met.Metrics] (Thread-624) Closing reporter org.apache.kafka.common.metrics.JmxReporter
2025-08-07 12:23:34,408 INFO  [org.apa.kaf.com.met.Metrics] (Thread-624) Closing reporter org.apache.kafka.common.telemetry.internals.ClientTelemetryReporter
2025-08-07 12:23:34,409 INFO  [org.apa.kaf.com.met.Metrics] (Thread-624) Metrics reporters closed
2025-08-07 12:23:34,411 INFO  [org.apa.kaf.com.uti.AppInfoParser] (Thread-624) App info kafka.consumer for consumer-Consumer-topic-185895a6_0e80_4f02_8090_24d113a07ea9-4 unregistered
2025-08-07 12:23:34,582 INFO  [io.api.tes.uti.TestSeparator] (main) io.apicurio.tests.serdes.apicurio.AvroSerdeIT.testTopicIdStrategyAutoRegister-FINISHED
2025-08-07 12:23:34,583 INFO  [io.api.tes.uti.TestSeparator] (main) ############################################################################
Test passed: testTopicIdStrategyAutoRegister
]]></system-out>
  </testcase>
  <testcase name="testRecordIdStrategydFindLatest" classname="io.apicurio.tests.serdes.apicurio.AvroSerdeIT" time="5.451">
    <system-out><![CDATA[2025-08-07 12:23:34,584 INFO  [io.api.tes.uti.TestSeparator] (main) ############################################################################
2025-08-07 12:23:34,585 INFO  [io.api.tes.uti.TestSeparator] (main) io.apicurio.tests.serdes.apicurio.AvroSerdeIT.testRecordIdStrategydFindLatest-STARTED
2025-08-07 12:23:34,586 INFO  [io.api.tes.ser.api.AvroSerdeIT] (main) Registering Avro Schema: {"type":"record","name":"sfc72527ax7a74x47abxadacxaa28d436284d","namespace":"s67aa8fdaxa380x436axa107x708f376b158e","fields":[{"name":"key11754569414585","type":"string"}]}
**** Registry Base URL: http://registry-app-pg17.apps.ci419.apicurio-testing.org:80
2025-08-07 12:23:35,776 INFO  [org.apa.kaf.cli.pro.ProducerConfig] (main) ProducerConfig values: 
	acks = -1
	auto.include.jmx.reporter = true
	batch.size = 16384
	bootstrap.servers = [PLAINTEXT://localhost:32769]
	buffer.memory = 33554432
	client.dns.lookup = use_all_dns_ips
	client.id = Producer-topic-0888ed13_b167_4b5a_b74a_9413623a179c
	compression.gzip.level = -1
	compression.lz4.level = 9
	compression.type = none
	compression.zstd.level = 3
	connections.max.idle.ms = 10000
	delivery.timeout.ms = 120000
	enable.idempotence = true
	enable.metrics.push = true
	interceptor.classes = []
	key.serializer = class org.apache.kafka.common.serialization.StringSerializer
	linger.ms = 0
	max.block.ms = 60000
	max.in.flight.requests.per.connection = 5
	max.request.size = 1048576
	metadata.max.age.ms = 300000
	metadata.max.idle.ms = 300000
	metadata.recovery.strategy = none
	metric.reporters = []
	metrics.num.samples = 2
	metrics.recording.level = INFO
	metrics.sample.window.ms = 30000
	partitioner.adaptive.partitioning.enable = true
	partitioner.availability.timeout.ms = 0
	partitioner.class = null
	partitioner.ignore.keys = false
	receive.buffer.bytes = 32768
	reconnect.backoff.max.ms = 1000
	reconnect.backoff.ms = 50
	request.timeout.ms = 5000
	retries = 2147483647
	retry.backoff.max.ms = 1000
	retry.backoff.ms = 100
	sasl.client.callback.handler.class = null
	sasl.jaas.config = null
	sasl.kerberos.kinit.cmd = /usr/bin/kinit
	sasl.kerberos.min.time.before.relogin = 60000
	sasl.kerberos.service.name = null
	sasl.kerberos.ticket.renew.jitter = 0.05
	sasl.kerberos.ticket.renew.window.factor = 0.8
	sasl.login.callback.handler.class = null
	sasl.login.class = null
	sasl.login.connect.timeout.ms = null
	sasl.login.read.timeout.ms = null
	sasl.login.refresh.buffer.seconds = 300
	sasl.login.refresh.min.period.seconds = 60
	sasl.login.refresh.window.factor = 0.8
	sasl.login.refresh.window.jitter = 0.05
	sasl.login.retry.backoff.max.ms = 10000
	sasl.login.retry.backoff.ms = 100
	sasl.mechanism = GSSAPI
	sasl.oauthbearer.clock.skew.seconds = 30
	sasl.oauthbearer.expected.audience = null
	sasl.oauthbearer.expected.issuer = null
	sasl.oauthbearer.header.urlencode = false
	sasl.oauthbearer.jwks.endpoint.refresh.ms = 3600000
	sasl.oauthbearer.jwks.endpoint.retry.backoff.max.ms = 10000
	sasl.oauthbearer.jwks.endpoint.retry.backoff.ms = 100
	sasl.oauthbearer.jwks.endpoint.url = null
	sasl.oauthbearer.scope.claim.name = scope
	sasl.oauthbearer.sub.claim.name = sub
	sasl.oauthbearer.token.endpoint.url = null
	security.protocol = PLAINTEXT
	security.providers = null
	send.buffer.bytes = 131072
	socket.connection.setup.timeout.max.ms = 30000
	socket.connection.setup.timeout.ms = 10000
	ssl.cipher.suites = null
	ssl.enabled.protocols = [TLSv1.2, TLSv1.3]
	ssl.endpoint.identification.algorithm = https
	ssl.engine.factory.class = null
	ssl.key.password = null
	ssl.keymanager.algorithm = SunX509
	ssl.keystore.certificate.chain = null
	ssl.keystore.key = null
	ssl.keystore.location = null
	ssl.keystore.password = null
	ssl.keystore.type = JKS
	ssl.protocol = TLSv1.3
	ssl.provider = null
	ssl.secure.random.implementation = null
	ssl.trustmanager.algorithm = PKIX
	ssl.truststore.certificates = null
	ssl.truststore.location = null
	ssl.truststore.password = null
	ssl.truststore.type = JKS
	transaction.timeout.ms = 60000
	transactional.id = null
	value.serializer = class io.apicurio.registry.serde.avro.AvroKafkaSerializer

2025-08-07 12:23:35,776 INFO  [org.apa.kaf.com.tel.int.KafkaMetricsCollector] (main) initializing Kafka metrics collector
2025-08-07 12:23:35,779 INFO  [org.apa.kaf.cli.pro.KafkaProducer] (main) [Producer clientId=Producer-topic-0888ed13_b167_4b5a_b74a_9413623a179c] Instantiated an idempotent producer.
2025-08-07 12:23:35,782 INFO  [org.apa.kaf.cli.pro.ProducerConfig] (main) These configurations '[apicurio.registry.find-latest, apicurio.registry.url, apicurio.registry.artifact-resolver-strategy]' were supplied but are not used yet.
2025-08-07 12:23:35,782 INFO  [org.apa.kaf.com.uti.AppInfoParser] (main) Kafka version: 3.9.1
2025-08-07 12:23:35,782 INFO  [org.apa.kaf.com.uti.AppInfoParser] (main) Kafka commitId: f745dfdcee2b9851
2025-08-07 12:23:35,782 INFO  [org.apa.kaf.com.uti.AppInfoParser] (main) Kafka startTimeMs: 1754569415782
2025-08-07 12:23:35,782 INFO  [io.api.tes.ser.api.SimpleSerdesTesterBuilder$SimpleSerdesTester] (main) Using producer configuration: {apicurio.registry.find-latest=true, apicurio.registry.url=http://registry-app-pg17.apps.ci419.apicurio-testing.org:80/apis/registry/v3, apicurio.registry.artifact-resolver-strategy=io.apicurio.registry.serde.avro.strategy.RecordIdStrategy, value.serializer=io.apicurio.registry.serde.avro.AvroKafkaSerializer, request.timeout.ms=5000, acks=all, bootstrap.servers=PLAINTEXT://localhost:32769, connections.max.idle.ms=10000, key.serializer=org.apache.kafka.common.serialization.StringSerializer, client.id=Producer-topic-0888ed13_b167_4b5a_b74a_9413623a179c}
2025-08-07 12:23:35,782 INFO  [io.api.tes.ser.api.SimpleSerdesTesterBuilder$SimpleSerdesTester] (main) Using consumer configuration: {}
2025-08-07 12:23:35,784 INFO  [io.api.tes.ser.api.KafkaSerdesTester] (Thread-627) Sending message {"key11754569414585": "value-0"} to topic topic-0888ed13_b167_4b5a_b74a_9413623a179c
2025-08-07 12:23:35,792 INFO  [org.apa.kaf.cli.Metadata] (kafka-producer-network-thread | Producer-topic-0888ed13_b167_4b5a_b74a_9413623a179c) [Producer clientId=Producer-topic-0888ed13_b167_4b5a_b74a_9413623a179c] Cluster ID: ewOXMZdKQImtr4eZTn3eAw
2025-08-07 12:23:35,794 INFO  [org.apa.kaf.cli.pro.int.TransactionManager] (kafka-producer-network-thread | Producer-topic-0888ed13_b167_4b5a_b74a_9413623a179c) [Producer clientId=Producer-topic-0888ed13_b167_4b5a_b74a_9413623a179c] ProducerId set to 5 with epoch 0
2025-08-07 12:23:36,171 INFO  [io.api.tes.ser.api.KafkaSerdesTester] (Thread-627) Sending message {"key11754569414585": "value-1"} to topic topic-0888ed13_b167_4b5a_b74a_9413623a179c
2025-08-07 12:23:36,174 INFO  [io.api.tes.ser.api.KafkaSerdesTester] (Thread-627) Sending message {"key11754569414585": "value-2"} to topic topic-0888ed13_b167_4b5a_b74a_9413623a179c
2025-08-07 12:23:36,177 INFO  [io.api.tes.ser.api.KafkaSerdesTester] (Thread-627) Sending message {"key11754569414585": "value-3"} to topic topic-0888ed13_b167_4b5a_b74a_9413623a179c
2025-08-07 12:23:36,183 INFO  [io.api.tes.ser.api.KafkaSerdesTester] (Thread-627) Sending message {"key11754569414585": "value-4"} to topic topic-0888ed13_b167_4b5a_b74a_9413623a179c
2025-08-07 12:23:36,190 INFO  [io.api.tes.ser.api.KafkaSerdesTester] (Thread-627) Sending message {"key11754569414585": "value-5"} to topic topic-0888ed13_b167_4b5a_b74a_9413623a179c
2025-08-07 12:23:36,193 INFO  [io.api.tes.ser.api.KafkaSerdesTester] (Thread-627) Sending message {"key11754569414585": "value-6"} to topic topic-0888ed13_b167_4b5a_b74a_9413623a179c
2025-08-07 12:23:36,197 INFO  [io.api.tes.ser.api.KafkaSerdesTester] (Thread-627) Sending message {"key11754569414585": "value-7"} to topic topic-0888ed13_b167_4b5a_b74a_9413623a179c
2025-08-07 12:23:36,199 INFO  [io.api.tes.ser.api.KafkaSerdesTester] (Thread-627) Sending message {"key11754569414585": "value-8"} to topic topic-0888ed13_b167_4b5a_b74a_9413623a179c
2025-08-07 12:23:36,202 INFO  [io.api.tes.ser.api.KafkaSerdesTester] (Thread-627) Sending message {"key11754569414585": "value-9"} to topic topic-0888ed13_b167_4b5a_b74a_9413623a179c
2025-08-07 12:23:36,204 INFO  [io.api.tes.ser.api.KafkaSerdesTester] (Thread-627) Produced 10 messages
2025-08-07 12:23:36,204 INFO  [org.apa.kaf.cli.pro.KafkaProducer] (Thread-627) [Producer clientId=Producer-topic-0888ed13_b167_4b5a_b74a_9413623a179c] Closing the Kafka producer with timeoutMillis = 9223372036854775807 ms.
2025-08-07 12:23:36,208 INFO  [org.apa.kaf.com.met.Metrics] (Thread-627) Metrics scheduler closed
2025-08-07 12:23:36,208 INFO  [org.apa.kaf.com.met.Metrics] (Thread-627) Closing reporter org.apache.kafka.common.metrics.JmxReporter
2025-08-07 12:23:36,208 INFO  [org.apa.kaf.com.met.Metrics] (Thread-627) Closing reporter org.apache.kafka.common.telemetry.internals.ClientTelemetryReporter
2025-08-07 12:23:36,208 INFO  [org.apa.kaf.com.met.Metrics] (Thread-627) Metrics reporters closed
2025-08-07 12:23:36,208 INFO  [org.apa.kaf.com.uti.AppInfoParser] (Thread-627) App info kafka.producer for Producer-topic-0888ed13_b167_4b5a_b74a_9413623a179c unregistered
**** Registry Base URL: http://registry-app-pg17.apps.ci419.apicurio-testing.org:80
2025-08-07 12:23:36,209 INFO  [org.apa.kaf.cli.con.ConsumerConfig] (main) ConsumerConfig values: 
	allow.auto.create.topics = true
	auto.commit.interval.ms = 500
	auto.include.jmx.reporter = true
	auto.offset.reset = earliest
	bootstrap.servers = [PLAINTEXT://localhost:32769]
	check.crcs = true
	client.dns.lookup = use_all_dns_ips
	client.id = consumer-Consumer-topic-0888ed13_b167_4b5a_b74a_9413623a179c-5
	client.rack = 
	connections.max.idle.ms = 10000
	default.api.timeout.ms = 60000
	enable.auto.commit = true
	enable.metrics.push = true
	exclude.internal.topics = true
	fetch.max.bytes = 52428800
	fetch.max.wait.ms = 500
	fetch.min.bytes = 1
	group.id = Consumer-topic-0888ed13_b167_4b5a_b74a_9413623a179c
	group.instance.id = null
	group.protocol = classic
	group.remote.assignor = null
	heartbeat.interval.ms = 3000
	interceptor.classes = []
	internal.leave.group.on.close = true
	internal.throw.on.fetch.stable.offset.unsupported = false
	isolation.level = read_uncommitted
	key.deserializer = class org.apache.kafka.common.serialization.StringDeserializer
	max.partition.fetch.bytes = 1048576
	max.poll.interval.ms = 300000
	max.poll.records = 500
	metadata.max.age.ms = 300000
	metadata.recovery.strategy = none
	metric.reporters = []
	metrics.num.samples = 2
	metrics.recording.level = INFO
	metrics.sample.window.ms = 30000
	partition.assignment.strategy = [class org.apache.kafka.clients.consumer.RangeAssignor, class org.apache.kafka.clients.consumer.CooperativeStickyAssignor]
	receive.buffer.bytes = 65536
	reconnect.backoff.max.ms = 1000
	reconnect.backoff.ms = 50
	request.timeout.ms = 5000
	retry.backoff.max.ms = 1000
	retry.backoff.ms = 100
	sasl.client.callback.handler.class = null
	sasl.jaas.config = null
	sasl.kerberos.kinit.cmd = /usr/bin/kinit
	sasl.kerberos.min.time.before.relogin = 60000
	sasl.kerberos.service.name = null
	sasl.kerberos.ticket.renew.jitter = 0.05
	sasl.kerberos.ticket.renew.window.factor = 0.8
	sasl.login.callback.handler.class = null
	sasl.login.class = null
	sasl.login.connect.timeout.ms = null
	sasl.login.read.timeout.ms = null
	sasl.login.refresh.buffer.seconds = 300
	sasl.login.refresh.min.period.seconds = 60
	sasl.login.refresh.window.factor = 0.8
	sasl.login.refresh.window.jitter = 0.05
	sasl.login.retry.backoff.max.ms = 10000
	sasl.login.retry.backoff.ms = 100
	sasl.mechanism = GSSAPI
	sasl.oauthbearer.clock.skew.seconds = 30
	sasl.oauthbearer.expected.audience = null
	sasl.oauthbearer.expected.issuer = null
	sasl.oauthbearer.header.urlencode = false
	sasl.oauthbearer.jwks.endpoint.refresh.ms = 3600000
	sasl.oauthbearer.jwks.endpoint.retry.backoff.max.ms = 10000
	sasl.oauthbearer.jwks.endpoint.retry.backoff.ms = 100
	sasl.oauthbearer.jwks.endpoint.url = null
	sasl.oauthbearer.scope.claim.name = scope
	sasl.oauthbearer.sub.claim.name = sub
	sasl.oauthbearer.token.endpoint.url = null
	security.protocol = PLAINTEXT
	security.providers = null
	send.buffer.bytes = 131072
	session.timeout.ms = 45000
	socket.connection.setup.timeout.max.ms = 30000
	socket.connection.setup.timeout.ms = 10000
	ssl.cipher.suites = null
	ssl.enabled.protocols = [TLSv1.2, TLSv1.3]
	ssl.endpoint.identification.algorithm = https
	ssl.engine.factory.class = null
	ssl.key.password = null
	ssl.keymanager.algorithm = SunX509
	ssl.keystore.certificate.chain = null
	ssl.keystore.key = null
	ssl.keystore.location = null
	ssl.keystore.password = null
	ssl.keystore.type = JKS
	ssl.protocol = TLSv1.3
	ssl.provider = null
	ssl.secure.random.implementation = null
	ssl.trustmanager.algorithm = PKIX
	ssl.truststore.certificates = null
	ssl.truststore.location = null
	ssl.truststore.password = null
	ssl.truststore.type = JKS
	value.deserializer = class io.apicurio.registry.serde.avro.AvroKafkaDeserializer

2025-08-07 12:23:36,210 INFO  [org.apa.kaf.com.tel.int.KafkaMetricsCollector] (main) initializing Kafka metrics collector
2025-08-07 12:23:36,217 INFO  [org.apa.kaf.cli.con.ConsumerConfig] (main) These configurations '[apicurio.registry.url]' were supplied but are not used yet.
2025-08-07 12:23:36,217 INFO  [org.apa.kaf.com.uti.AppInfoParser] (main) Kafka version: 3.9.1
2025-08-07 12:23:36,217 INFO  [org.apa.kaf.com.uti.AppInfoParser] (main) Kafka commitId: f745dfdcee2b9851
2025-08-07 12:23:36,217 INFO  [org.apa.kaf.com.uti.AppInfoParser] (main) Kafka startTimeMs: 1754569416217
2025-08-07 12:23:36,218 INFO  [org.apa.kaf.cli.con.int.ClassicKafkaConsumer] (Thread-630) [Consumer clientId=consumer-Consumer-topic-0888ed13_b167_4b5a_b74a_9413623a179c-5, groupId=Consumer-topic-0888ed13_b167_4b5a_b74a_9413623a179c] Subscribed to topic(s): topic-0888ed13_b167_4b5a_b74a_9413623a179c
2025-08-07 12:23:36,228 INFO  [org.apa.kaf.cli.Metadata] (Thread-630) [Consumer clientId=consumer-Consumer-topic-0888ed13_b167_4b5a_b74a_9413623a179c-5, groupId=Consumer-topic-0888ed13_b167_4b5a_b74a_9413623a179c] Cluster ID: ewOXMZdKQImtr4eZTn3eAw
2025-08-07 12:23:36,234 INFO  [org.apa.kaf.cli.con.int.ConsumerCoordinator] (Thread-630) [Consumer clientId=consumer-Consumer-topic-0888ed13_b167_4b5a_b74a_9413623a179c-5, groupId=Consumer-topic-0888ed13_b167_4b5a_b74a_9413623a179c] Discovered group coordinator localhost:32769 (id: 2147483647 rack: null)
2025-08-07 12:23:36,239 INFO  [org.apa.kaf.cli.con.int.ConsumerCoordinator] (Thread-630) [Consumer clientId=consumer-Consumer-topic-0888ed13_b167_4b5a_b74a_9413623a179c-5, groupId=Consumer-topic-0888ed13_b167_4b5a_b74a_9413623a179c] (Re-)joining group
2025-08-07 12:23:36,244 INFO  [org.apa.kaf.cli.con.int.ConsumerCoordinator] (Thread-630) [Consumer clientId=consumer-Consumer-topic-0888ed13_b167_4b5a_b74a_9413623a179c-5, groupId=Consumer-topic-0888ed13_b167_4b5a_b74a_9413623a179c] Request joining group due to: need to re-join with the given member-id: consumer-Consumer-topic-0888ed13_b167_4b5a_b74a_9413623a179c-5-2ea5754d-9994-49b8-9f2b-973a9005b2ca
2025-08-07 12:23:36,245 INFO  [org.apa.kaf.cli.con.int.ConsumerCoordinator] (Thread-630) [Consumer clientId=consumer-Consumer-topic-0888ed13_b167_4b5a_b74a_9413623a179c-5, groupId=Consumer-topic-0888ed13_b167_4b5a_b74a_9413623a179c] (Re-)joining group
2025-08-07 12:23:37,218 INFO  [io.api.tes.ser.api.KafkaSerdesTester] (Thread-630) None found
2025-08-07 12:23:38,219 INFO  [io.api.tes.ser.api.KafkaSerdesTester] (Thread-630) None found
2025-08-07 12:23:39,220 INFO  [io.api.tes.ser.api.KafkaSerdesTester] (Thread-630) None found
2025-08-07 12:23:39,247 INFO  [org.apa.kaf.cli.con.int.ConsumerCoordinator] (Thread-630) [Consumer clientId=consumer-Consumer-topic-0888ed13_b167_4b5a_b74a_9413623a179c-5, groupId=Consumer-topic-0888ed13_b167_4b5a_b74a_9413623a179c] Successfully joined group with generation Generation{generationId=1, memberId='consumer-Consumer-topic-0888ed13_b167_4b5a_b74a_9413623a179c-5-2ea5754d-9994-49b8-9f2b-973a9005b2ca', protocol='range'}
2025-08-07 12:23:39,248 INFO  [org.apa.kaf.cli.con.int.ConsumerCoordinator] (Thread-630) [Consumer clientId=consumer-Consumer-topic-0888ed13_b167_4b5a_b74a_9413623a179c-5, groupId=Consumer-topic-0888ed13_b167_4b5a_b74a_9413623a179c] Finished assignment for group at generation 1: {consumer-Consumer-topic-0888ed13_b167_4b5a_b74a_9413623a179c-5-2ea5754d-9994-49b8-9f2b-973a9005b2ca=Assignment(partitions=[topic-0888ed13_b167_4b5a_b74a_9413623a179c-0])}
2025-08-07 12:23:39,257 INFO  [org.apa.kaf.cli.con.int.ConsumerCoordinator] (Thread-630) [Consumer clientId=consumer-Consumer-topic-0888ed13_b167_4b5a_b74a_9413623a179c-5, groupId=Consumer-topic-0888ed13_b167_4b5a_b74a_9413623a179c] Successfully synced group in generation Generation{generationId=1, memberId='consumer-Consumer-topic-0888ed13_b167_4b5a_b74a_9413623a179c-5-2ea5754d-9994-49b8-9f2b-973a9005b2ca', protocol='range'}
2025-08-07 12:23:39,257 INFO  [org.apa.kaf.cli.con.int.ConsumerCoordinator] (Thread-630) [Consumer clientId=consumer-Consumer-topic-0888ed13_b167_4b5a_b74a_9413623a179c-5, groupId=Consumer-topic-0888ed13_b167_4b5a_b74a_9413623a179c] Notifying assignor about the new Assignment(partitions=[topic-0888ed13_b167_4b5a_b74a_9413623a179c-0])
2025-08-07 12:23:39,257 INFO  [org.apa.kaf.cli.con.int.ConsumerRebalanceListenerInvoker] (Thread-630) [Consumer clientId=consumer-Consumer-topic-0888ed13_b167_4b5a_b74a_9413623a179c-5, groupId=Consumer-topic-0888ed13_b167_4b5a_b74a_9413623a179c] Adding newly assigned partitions: topic-0888ed13_b167_4b5a_b74a_9413623a179c-0
2025-08-07 12:23:39,261 INFO  [org.apa.kaf.cli.con.int.ConsumerCoordinator] (Thread-630) [Consumer clientId=consumer-Consumer-topic-0888ed13_b167_4b5a_b74a_9413623a179c-5, groupId=Consumer-topic-0888ed13_b167_4b5a_b74a_9413623a179c] Found no committed offset for partition topic-0888ed13_b167_4b5a_b74a_9413623a179c-0
2025-08-07 12:23:39,269 INFO  [org.apa.kaf.cli.con.int.SubscriptionState] (Thread-630) [Consumer clientId=consumer-Consumer-topic-0888ed13_b167_4b5a_b74a_9413623a179c-5, groupId=Consumer-topic-0888ed13_b167_4b5a_b74a_9413623a179c] Resetting offset for partition topic-0888ed13_b167_4b5a_b74a_9413623a179c-0 to position FetchPosition{offset=0, offsetEpoch=Optional.empty, currentLeader=LeaderAndEpoch{leader=Optional[localhost:32769 (id: 0 rack: null)], epoch=0}}.
2025-08-07 12:23:39,528 INFO  [io.api.tes.ser.api.KafkaSerdesTester] (Thread-630) topic-0888ed13_b167_4b5a_b74a_9413623a179c 0 0 {"key11754569414585": "value-0"}
2025-08-07 12:23:39,528 INFO  [io.api.tes.ser.api.KafkaSerdesTester] (Thread-630) topic-0888ed13_b167_4b5a_b74a_9413623a179c 0 1 {"key11754569414585": "value-1"}
2025-08-07 12:23:39,528 INFO  [io.api.tes.ser.api.KafkaSerdesTester] (Thread-630) topic-0888ed13_b167_4b5a_b74a_9413623a179c 0 2 {"key11754569414585": "value-2"}
2025-08-07 12:23:39,528 INFO  [io.api.tes.ser.api.KafkaSerdesTester] (Thread-630) topic-0888ed13_b167_4b5a_b74a_9413623a179c 0 3 {"key11754569414585": "value-3"}
2025-08-07 12:23:39,528 INFO  [io.api.tes.ser.api.KafkaSerdesTester] (Thread-630) topic-0888ed13_b167_4b5a_b74a_9413623a179c 0 4 {"key11754569414585": "value-4"}
2025-08-07 12:23:39,529 INFO  [io.api.tes.ser.api.KafkaSerdesTester] (Thread-630) topic-0888ed13_b167_4b5a_b74a_9413623a179c 0 5 {"key11754569414585": "value-5"}
2025-08-07 12:23:39,529 INFO  [io.api.tes.ser.api.KafkaSerdesTester] (Thread-630) topic-0888ed13_b167_4b5a_b74a_9413623a179c 0 6 {"key11754569414585": "value-6"}
2025-08-07 12:23:39,529 INFO  [io.api.tes.ser.api.KafkaSerdesTester] (Thread-630) topic-0888ed13_b167_4b5a_b74a_9413623a179c 0 7 {"key11754569414585": "value-7"}
2025-08-07 12:23:39,529 INFO  [io.api.tes.ser.api.KafkaSerdesTester] (Thread-630) topic-0888ed13_b167_4b5a_b74a_9413623a179c 0 8 {"key11754569414585": "value-8"}
2025-08-07 12:23:39,529 INFO  [io.api.tes.ser.api.KafkaSerdesTester] (Thread-630) topic-0888ed13_b167_4b5a_b74a_9413623a179c 0 9 {"key11754569414585": "value-9"}
2025-08-07 12:23:39,529 INFO  [io.api.tes.ser.api.KafkaSerdesTester] (Thread-630) Consumed 10 messages
2025-08-07 12:23:39,536 INFO  [org.apa.kaf.cli.con.int.ConsumerRebalanceListenerInvoker] (Thread-630) [Consumer clientId=consumer-Consumer-topic-0888ed13_b167_4b5a_b74a_9413623a179c-5, groupId=Consumer-topic-0888ed13_b167_4b5a_b74a_9413623a179c] Revoke previously assigned partitions topic-0888ed13_b167_4b5a_b74a_9413623a179c-0
2025-08-07 12:23:39,537 INFO  [org.apa.kaf.cli.con.int.ConsumerCoordinator] (Thread-630) [Consumer clientId=consumer-Consumer-topic-0888ed13_b167_4b5a_b74a_9413623a179c-5, groupId=Consumer-topic-0888ed13_b167_4b5a_b74a_9413623a179c] Member consumer-Consumer-topic-0888ed13_b167_4b5a_b74a_9413623a179c-5-2ea5754d-9994-49b8-9f2b-973a9005b2ca sending LeaveGroup request to coordinator localhost:32769 (id: 2147483647 rack: null) due to the consumer is being closed
2025-08-07 12:23:39,537 INFO  [org.apa.kaf.cli.con.int.ConsumerCoordinator] (Thread-630) [Consumer clientId=consumer-Consumer-topic-0888ed13_b167_4b5a_b74a_9413623a179c-5, groupId=Consumer-topic-0888ed13_b167_4b5a_b74a_9413623a179c] Resetting generation and member id due to: consumer pro-actively leaving the group
2025-08-07 12:23:39,537 INFO  [org.apa.kaf.cli.con.int.ConsumerCoordinator] (Thread-630) [Consumer clientId=consumer-Consumer-topic-0888ed13_b167_4b5a_b74a_9413623a179c-5, groupId=Consumer-topic-0888ed13_b167_4b5a_b74a_9413623a179c] Request joining group due to: consumer pro-actively leaving the group
2025-08-07 12:23:40,031 INFO  [org.apa.kaf.com.met.Metrics] (Thread-630) Metrics scheduler closed
2025-08-07 12:23:40,031 INFO  [org.apa.kaf.com.met.Metrics] (Thread-630) Closing reporter org.apache.kafka.common.metrics.JmxReporter
2025-08-07 12:23:40,031 INFO  [org.apa.kaf.com.met.Metrics] (Thread-630) Closing reporter org.apache.kafka.common.telemetry.internals.ClientTelemetryReporter
2025-08-07 12:23:40,031 INFO  [org.apa.kaf.com.met.Metrics] (Thread-630) Metrics reporters closed
2025-08-07 12:23:40,034 INFO  [org.apa.kaf.com.uti.AppInfoParser] (Thread-630) App info kafka.consumer for consumer-Consumer-topic-0888ed13_b167_4b5a_b74a_9413623a179c-5 unregistered
2025-08-07 12:23:40,035 INFO  [io.api.tes.uti.TestSeparator] (main) io.apicurio.tests.serdes.apicurio.AvroSerdeIT.testRecordIdStrategydFindLatest-FINISHED
2025-08-07 12:23:40,035 INFO  [io.api.tes.uti.TestSeparator] (main) ############################################################################
Test passed: testRecordIdStrategydFindLatest
]]></system-out>
  </testcase>
  <testcase name="testReflectAutoRegister" classname="io.apicurio.tests.serdes.apicurio.AvroSerdeIT" time="4.363">
    <system-out><![CDATA[2025-08-07 12:23:40,040 INFO  [io.api.tes.uti.TestSeparator] (main) ############################################################################
2025-08-07 12:23:40,040 INFO  [io.api.tes.uti.TestSeparator] (main) io.apicurio.tests.serdes.apicurio.AvroSerdeIT.testReflectAutoRegister-STARTED
**** Registry Base URL: http://registry-app-pg17.apps.ci419.apicurio-testing.org:80
2025-08-07 12:23:40,046 INFO  [org.apa.kaf.cli.pro.ProducerConfig] (main) ProducerConfig values: 
	acks = -1
	auto.include.jmx.reporter = true
	batch.size = 16384
	bootstrap.servers = [PLAINTEXT://localhost:32769]
	buffer.memory = 33554432
	client.dns.lookup = use_all_dns_ips
	client.id = Producer-topic-6ab58ad8_2c7d_44b0_95ca_64c9378ad4cc
	compression.gzip.level = -1
	compression.lz4.level = 9
	compression.type = none
	compression.zstd.level = 3
	connections.max.idle.ms = 10000
	delivery.timeout.ms = 120000
	enable.idempotence = true
	enable.metrics.push = true
	interceptor.classes = []
	key.serializer = class org.apache.kafka.common.serialization.StringSerializer
	linger.ms = 0
	max.block.ms = 60000
	max.in.flight.requests.per.connection = 5
	max.request.size = 1048576
	metadata.max.age.ms = 300000
	metadata.max.idle.ms = 300000
	metadata.recovery.strategy = none
	metric.reporters = []
	metrics.num.samples = 2
	metrics.recording.level = INFO
	metrics.sample.window.ms = 30000
	partitioner.adaptive.partitioning.enable = true
	partitioner.availability.timeout.ms = 0
	partitioner.class = null
	partitioner.ignore.keys = false
	receive.buffer.bytes = 32768
	reconnect.backoff.max.ms = 1000
	reconnect.backoff.ms = 50
	request.timeout.ms = 5000
	retries = 2147483647
	retry.backoff.max.ms = 1000
	retry.backoff.ms = 100
	sasl.client.callback.handler.class = null
	sasl.jaas.config = null
	sasl.kerberos.kinit.cmd = /usr/bin/kinit
	sasl.kerberos.min.time.before.relogin = 60000
	sasl.kerberos.service.name = null
	sasl.kerberos.ticket.renew.jitter = 0.05
	sasl.kerberos.ticket.renew.window.factor = 0.8
	sasl.login.callback.handler.class = null
	sasl.login.class = null
	sasl.login.connect.timeout.ms = null
	sasl.login.read.timeout.ms = null
	sasl.login.refresh.buffer.seconds = 300
	sasl.login.refresh.min.period.seconds = 60
	sasl.login.refresh.window.factor = 0.8
	sasl.login.refresh.window.jitter = 0.05
	sasl.login.retry.backoff.max.ms = 10000
	sasl.login.retry.backoff.ms = 100
	sasl.mechanism = GSSAPI
	sasl.oauthbearer.clock.skew.seconds = 30
	sasl.oauthbearer.expected.audience = null
	sasl.oauthbearer.expected.issuer = null
	sasl.oauthbearer.header.urlencode = false
	sasl.oauthbearer.jwks.endpoint.refresh.ms = 3600000
	sasl.oauthbearer.jwks.endpoint.retry.backoff.max.ms = 10000
	sasl.oauthbearer.jwks.endpoint.retry.backoff.ms = 100
	sasl.oauthbearer.jwks.endpoint.url = null
	sasl.oauthbearer.scope.claim.name = scope
	sasl.oauthbearer.sub.claim.name = sub
	sasl.oauthbearer.token.endpoint.url = null
	security.protocol = PLAINTEXT
	security.providers = null
	send.buffer.bytes = 131072
	socket.connection.setup.timeout.max.ms = 30000
	socket.connection.setup.timeout.ms = 10000
	ssl.cipher.suites = null
	ssl.enabled.protocols = [TLSv1.2, TLSv1.3]
	ssl.endpoint.identification.algorithm = https
	ssl.engine.factory.class = null
	ssl.key.password = null
	ssl.keymanager.algorithm = SunX509
	ssl.keystore.certificate.chain = null
	ssl.keystore.key = null
	ssl.keystore.location = null
	ssl.keystore.password = null
	ssl.keystore.type = JKS
	ssl.protocol = TLSv1.3
	ssl.provider = null
	ssl.secure.random.implementation = null
	ssl.trustmanager.algorithm = PKIX
	ssl.truststore.certificates = null
	ssl.truststore.location = null
	ssl.truststore.password = null
	ssl.truststore.type = JKS
	transaction.timeout.ms = 60000
	transactional.id = null
	value.serializer = class io.apicurio.registry.serde.avro.AvroKafkaSerializer

2025-08-07 12:23:40,048 INFO  [org.apa.kaf.com.tel.int.KafkaMetricsCollector] (main) initializing Kafka metrics collector
2025-08-07 12:23:40,058 INFO  [org.apa.kaf.cli.pro.KafkaProducer] (main) [Producer clientId=Producer-topic-6ab58ad8_2c7d_44b0_95ca_64c9378ad4cc] Instantiated an idempotent producer.
2025-08-07 12:23:40,060 INFO  [org.apa.kaf.cli.pro.ProducerConfig] (main) These configurations '[apicurio.registry.url, apicurio.registry.auto-register, apicurio.registry.artifact-resolver-strategy, apicurio.registry.avro-datum-provider]' were supplied but are not used yet.
2025-08-07 12:23:40,060 INFO  [org.apa.kaf.com.uti.AppInfoParser] (main) Kafka version: 3.9.1
2025-08-07 12:23:40,060 INFO  [org.apa.kaf.com.uti.AppInfoParser] (main) Kafka commitId: f745dfdcee2b9851
2025-08-07 12:23:40,060 INFO  [org.apa.kaf.com.uti.AppInfoParser] (main) Kafka startTimeMs: 1754569420060
2025-08-07 12:23:40,061 INFO  [io.api.tes.ser.api.SimpleSerdesTesterBuilder$SimpleSerdesTester] (main) Using producer configuration: {apicurio.registry.url=http://registry-app-pg17.apps.ci419.apicurio-testing.org:80/apis/registry/v3, apicurio.registry.auto-register=true, apicurio.registry.artifact-resolver-strategy=io.apicurio.registry.serde.strategy.TopicIdStrategy, value.serializer=io.apicurio.registry.serde.avro.AvroKafkaSerializer, request.timeout.ms=5000, acks=all, bootstrap.servers=PLAINTEXT://localhost:32769, connections.max.idle.ms=10000, key.serializer=org.apache.kafka.common.serialization.StringSerializer, apicurio.registry.avro-datum-provider=io.apicurio.registry.serde.avro.ReflectAvroDatumProvider, client.id=Producer-topic-6ab58ad8_2c7d_44b0_95ca_64c9378ad4cc}
2025-08-07 12:23:40,061 INFO  [io.api.tes.ser.api.SimpleSerdesTesterBuilder$SimpleSerdesTester] (main) Using consumer configuration: {apicurio.registry.avro-datum-provider=io.apicurio.registry.serde.avro.ReflectAvroDatumProvider}
2025-08-07 12:23:40,062 INFO  [io.api.tes.ser.api.KafkaSerdesTester] (Thread-633) Sending message io.apicurio.tests.common.serdes.TestObject@3dbd29cb to topic topic-6ab58ad8_2c7d_44b0_95ca_64c9378ad4cc
2025-08-07 12:23:40,069 WARN  [org.apa.kaf.cli.NetworkClient] (kafka-producer-network-thread | Producer-topic-6ab58ad8_2c7d_44b0_95ca_64c9378ad4cc) [Producer clientId=Producer-topic-6ab58ad8_2c7d_44b0_95ca_64c9378ad4cc] The metadata response from the cluster reported a recoverable issue with correlation id 1 : {topic-6ab58ad8_2c7d_44b0_95ca_64c9378ad4cc=UNKNOWN_TOPIC_OR_PARTITION}
2025-08-07 12:23:40,069 INFO  [org.apa.kaf.cli.Metadata] (kafka-producer-network-thread | Producer-topic-6ab58ad8_2c7d_44b0_95ca_64c9378ad4cc) [Producer clientId=Producer-topic-6ab58ad8_2c7d_44b0_95ca_64c9378ad4cc] Cluster ID: ewOXMZdKQImtr4eZTn3eAw
2025-08-07 12:23:40,069 INFO  [org.apa.kaf.cli.pro.int.TransactionManager] (kafka-producer-network-thread | Producer-topic-6ab58ad8_2c7d_44b0_95ca_64c9378ad4cc) [Producer clientId=Producer-topic-6ab58ad8_2c7d_44b0_95ca_64c9378ad4cc] ProducerId set to 6 with epoch 0
2025-08-07 12:23:40,389 INFO  [io.api.tes.ser.api.KafkaSerdesTester] (Thread-633) Sending message io.apicurio.tests.common.serdes.TestObject@3dbd29cb to topic topic-6ab58ad8_2c7d_44b0_95ca_64c9378ad4cc
2025-08-07 12:23:40,391 INFO  [io.api.tes.ser.api.KafkaSerdesTester] (Thread-633) Sending message io.apicurio.tests.common.serdes.TestObject@3dbd29cb to topic topic-6ab58ad8_2c7d_44b0_95ca_64c9378ad4cc
2025-08-07 12:23:40,393 INFO  [io.api.tes.ser.api.KafkaSerdesTester] (Thread-633) Sending message io.apicurio.tests.common.serdes.TestObject@3dbd29cb to topic topic-6ab58ad8_2c7d_44b0_95ca_64c9378ad4cc
2025-08-07 12:23:40,395 INFO  [io.api.tes.ser.api.KafkaSerdesTester] (Thread-633) Sending message io.apicurio.tests.common.serdes.TestObject@3dbd29cb to topic topic-6ab58ad8_2c7d_44b0_95ca_64c9378ad4cc
2025-08-07 12:23:40,396 INFO  [io.api.tes.ser.api.KafkaSerdesTester] (Thread-633) Sending message io.apicurio.tests.common.serdes.TestObject@3dbd29cb to topic topic-6ab58ad8_2c7d_44b0_95ca_64c9378ad4cc
2025-08-07 12:23:40,398 INFO  [io.api.tes.ser.api.KafkaSerdesTester] (Thread-633) Sending message io.apicurio.tests.common.serdes.TestObject@3dbd29cb to topic topic-6ab58ad8_2c7d_44b0_95ca_64c9378ad4cc
2025-08-07 12:23:40,399 INFO  [io.api.tes.ser.api.KafkaSerdesTester] (Thread-633) Sending message io.apicurio.tests.common.serdes.TestObject@3dbd29cb to topic topic-6ab58ad8_2c7d_44b0_95ca_64c9378ad4cc
2025-08-07 12:23:40,401 INFO  [io.api.tes.ser.api.KafkaSerdesTester] (Thread-633) Sending message io.apicurio.tests.common.serdes.TestObject@3dbd29cb to topic topic-6ab58ad8_2c7d_44b0_95ca_64c9378ad4cc
2025-08-07 12:23:40,403 INFO  [io.api.tes.ser.api.KafkaSerdesTester] (Thread-633) Sending message io.apicurio.tests.common.serdes.TestObject@3dbd29cb to topic topic-6ab58ad8_2c7d_44b0_95ca_64c9378ad4cc
2025-08-07 12:23:40,406 INFO  [io.api.tes.ser.api.KafkaSerdesTester] (Thread-633) Produced 10 messages
2025-08-07 12:23:40,406 INFO  [org.apa.kaf.cli.pro.KafkaProducer] (Thread-633) [Producer clientId=Producer-topic-6ab58ad8_2c7d_44b0_95ca_64c9378ad4cc] Closing the Kafka producer with timeoutMillis = 9223372036854775807 ms.
2025-08-07 12:23:40,409 INFO  [org.apa.kaf.com.met.Metrics] (Thread-633) Metrics scheduler closed
2025-08-07 12:23:40,409 INFO  [org.apa.kaf.com.met.Metrics] (Thread-633) Closing reporter org.apache.kafka.common.metrics.JmxReporter
2025-08-07 12:23:40,409 INFO  [org.apa.kaf.com.met.Metrics] (Thread-633) Closing reporter org.apache.kafka.common.telemetry.internals.ClientTelemetryReporter
2025-08-07 12:23:40,409 INFO  [org.apa.kaf.com.met.Metrics] (Thread-633) Metrics reporters closed
2025-08-07 12:23:40,409 INFO  [org.apa.kaf.com.uti.AppInfoParser] (Thread-633) App info kafka.producer for Producer-topic-6ab58ad8_2c7d_44b0_95ca_64c9378ad4cc unregistered
**** Registry Base URL: http://registry-app-pg17.apps.ci419.apicurio-testing.org:80
2025-08-07 12:23:40,580 INFO  [org.apa.kaf.cli.con.ConsumerConfig] (main) ConsumerConfig values: 
	allow.auto.create.topics = true
	auto.commit.interval.ms = 500
	auto.include.jmx.reporter = true
	auto.offset.reset = earliest
	bootstrap.servers = [PLAINTEXT://localhost:32769]
	check.crcs = true
	client.dns.lookup = use_all_dns_ips
	client.id = consumer-Consumer-topic-6ab58ad8_2c7d_44b0_95ca_64c9378ad4cc-6
	client.rack = 
	connections.max.idle.ms = 10000
	default.api.timeout.ms = 60000
	enable.auto.commit = true
	enable.metrics.push = true
	exclude.internal.topics = true
	fetch.max.bytes = 52428800
	fetch.max.wait.ms = 500
	fetch.min.bytes = 1
	group.id = Consumer-topic-6ab58ad8_2c7d_44b0_95ca_64c9378ad4cc
	group.instance.id = null
	group.protocol = classic
	group.remote.assignor = null
	heartbeat.interval.ms = 3000
	interceptor.classes = []
	internal.leave.group.on.close = true
	internal.throw.on.fetch.stable.offset.unsupported = false
	isolation.level = read_uncommitted
	key.deserializer = class org.apache.kafka.common.serialization.StringDeserializer
	max.partition.fetch.bytes = 1048576
	max.poll.interval.ms = 300000
	max.poll.records = 500
	metadata.max.age.ms = 300000
	metadata.recovery.strategy = none
	metric.reporters = []
	metrics.num.samples = 2
	metrics.recording.level = INFO
	metrics.sample.window.ms = 30000
	partition.assignment.strategy = [class org.apache.kafka.clients.consumer.RangeAssignor, class org.apache.kafka.clients.consumer.CooperativeStickyAssignor]
	receive.buffer.bytes = 65536
	reconnect.backoff.max.ms = 1000
	reconnect.backoff.ms = 50
	request.timeout.ms = 5000
	retry.backoff.max.ms = 1000
	retry.backoff.ms = 100
	sasl.client.callback.handler.class = null
	sasl.jaas.config = null
	sasl.kerberos.kinit.cmd = /usr/bin/kinit
	sasl.kerberos.min.time.before.relogin = 60000
	sasl.kerberos.service.name = null
	sasl.kerberos.ticket.renew.jitter = 0.05
	sasl.kerberos.ticket.renew.window.factor = 0.8
	sasl.login.callback.handler.class = null
	sasl.login.class = null
	sasl.login.connect.timeout.ms = null
	sasl.login.read.timeout.ms = null
	sasl.login.refresh.buffer.seconds = 300
	sasl.login.refresh.min.period.seconds = 60
	sasl.login.refresh.window.factor = 0.8
	sasl.login.refresh.window.jitter = 0.05
	sasl.login.retry.backoff.max.ms = 10000
	sasl.login.retry.backoff.ms = 100
	sasl.mechanism = GSSAPI
	sasl.oauthbearer.clock.skew.seconds = 30
	sasl.oauthbearer.expected.audience = null
	sasl.oauthbearer.expected.issuer = null
	sasl.oauthbearer.header.urlencode = false
	sasl.oauthbearer.jwks.endpoint.refresh.ms = 3600000
	sasl.oauthbearer.jwks.endpoint.retry.backoff.max.ms = 10000
	sasl.oauthbearer.jwks.endpoint.retry.backoff.ms = 100
	sasl.oauthbearer.jwks.endpoint.url = null
	sasl.oauthbearer.scope.claim.name = scope
	sasl.oauthbearer.sub.claim.name = sub
	sasl.oauthbearer.token.endpoint.url = null
	security.protocol = PLAINTEXT
	security.providers = null
	send.buffer.bytes = 131072
	session.timeout.ms = 45000
	socket.connection.setup.timeout.max.ms = 30000
	socket.connection.setup.timeout.ms = 10000
	ssl.cipher.suites = null
	ssl.enabled.protocols = [TLSv1.2, TLSv1.3]
	ssl.endpoint.identification.algorithm = https
	ssl.engine.factory.class = null
	ssl.key.password = null
	ssl.keymanager.algorithm = SunX509
	ssl.keystore.certificate.chain = null
	ssl.keystore.key = null
	ssl.keystore.location = null
	ssl.keystore.password = null
	ssl.keystore.type = JKS
	ssl.protocol = TLSv1.3
	ssl.provider = null
	ssl.secure.random.implementation = null
	ssl.trustmanager.algorithm = PKIX
	ssl.truststore.certificates = null
	ssl.truststore.location = null
	ssl.truststore.password = null
	ssl.truststore.type = JKS
	value.deserializer = class io.apicurio.registry.serde.avro.AvroKafkaDeserializer

2025-08-07 12:23:40,580 INFO  [org.apa.kaf.com.tel.int.KafkaMetricsCollector] (main) initializing Kafka metrics collector
2025-08-07 12:23:40,586 INFO  [org.apa.kaf.cli.con.ConsumerConfig] (main) These configurations '[apicurio.registry.url, apicurio.registry.avro-datum-provider]' were supplied but are not used yet.
2025-08-07 12:23:40,586 INFO  [org.apa.kaf.com.uti.AppInfoParser] (main) Kafka version: 3.9.1
2025-08-07 12:23:40,586 INFO  [org.apa.kaf.com.uti.AppInfoParser] (main) Kafka commitId: f745dfdcee2b9851
2025-08-07 12:23:40,586 INFO  [org.apa.kaf.com.uti.AppInfoParser] (main) Kafka startTimeMs: 1754569420586
2025-08-07 12:23:40,587 INFO  [org.apa.kaf.cli.con.int.ClassicKafkaConsumer] (Thread-636) [Consumer clientId=consumer-Consumer-topic-6ab58ad8_2c7d_44b0_95ca_64c9378ad4cc-6, groupId=Consumer-topic-6ab58ad8_2c7d_44b0_95ca_64c9378ad4cc] Subscribed to topic(s): topic-6ab58ad8_2c7d_44b0_95ca_64c9378ad4cc
2025-08-07 12:23:40,593 INFO  [org.apa.kaf.cli.Metadata] (Thread-636) [Consumer clientId=consumer-Consumer-topic-6ab58ad8_2c7d_44b0_95ca_64c9378ad4cc-6, groupId=Consumer-topic-6ab58ad8_2c7d_44b0_95ca_64c9378ad4cc] Cluster ID: ewOXMZdKQImtr4eZTn3eAw
2025-08-07 12:23:40,594 INFO  [org.apa.kaf.cli.con.int.ConsumerCoordinator] (Thread-636) [Consumer clientId=consumer-Consumer-topic-6ab58ad8_2c7d_44b0_95ca_64c9378ad4cc-6, groupId=Consumer-topic-6ab58ad8_2c7d_44b0_95ca_64c9378ad4cc] Discovered group coordinator localhost:32769 (id: 2147483647 rack: null)
2025-08-07 12:23:40,597 INFO  [org.apa.kaf.cli.con.int.ConsumerCoordinator] (Thread-636) [Consumer clientId=consumer-Consumer-topic-6ab58ad8_2c7d_44b0_95ca_64c9378ad4cc-6, groupId=Consumer-topic-6ab58ad8_2c7d_44b0_95ca_64c9378ad4cc] (Re-)joining group
2025-08-07 12:23:40,601 INFO  [org.apa.kaf.cli.con.int.ConsumerCoordinator] (Thread-636) [Consumer clientId=consumer-Consumer-topic-6ab58ad8_2c7d_44b0_95ca_64c9378ad4cc-6, groupId=Consumer-topic-6ab58ad8_2c7d_44b0_95ca_64c9378ad4cc] Request joining group due to: need to re-join with the given member-id: consumer-Consumer-topic-6ab58ad8_2c7d_44b0_95ca_64c9378ad4cc-6-1f3645d0-8c49-4d21-8ab9-81a8d558d830
2025-08-07 12:23:40,602 INFO  [org.apa.kaf.cli.con.int.ConsumerCoordinator] (Thread-636) [Consumer clientId=consumer-Consumer-topic-6ab58ad8_2c7d_44b0_95ca_64c9378ad4cc-6, groupId=Consumer-topic-6ab58ad8_2c7d_44b0_95ca_64c9378ad4cc] (Re-)joining group
2025-08-07 12:23:41,588 INFO  [io.api.tes.ser.api.KafkaSerdesTester] (Thread-636) None found
2025-08-07 12:23:42,588 INFO  [io.api.tes.ser.api.KafkaSerdesTester] (Thread-636) None found
2025-08-07 12:23:43,588 INFO  [io.api.tes.ser.api.KafkaSerdesTester] (Thread-636) None found
2025-08-07 12:23:43,604 INFO  [org.apa.kaf.cli.con.int.ConsumerCoordinator] (Thread-636) [Consumer clientId=consumer-Consumer-topic-6ab58ad8_2c7d_44b0_95ca_64c9378ad4cc-6, groupId=Consumer-topic-6ab58ad8_2c7d_44b0_95ca_64c9378ad4cc] Successfully joined group with generation Generation{generationId=1, memberId='consumer-Consumer-topic-6ab58ad8_2c7d_44b0_95ca_64c9378ad4cc-6-1f3645d0-8c49-4d21-8ab9-81a8d558d830', protocol='range'}
2025-08-07 12:23:43,605 INFO  [org.apa.kaf.cli.con.int.ConsumerCoordinator] (Thread-636) [Consumer clientId=consumer-Consumer-topic-6ab58ad8_2c7d_44b0_95ca_64c9378ad4cc-6, groupId=Consumer-topic-6ab58ad8_2c7d_44b0_95ca_64c9378ad4cc] Finished assignment for group at generation 1: {consumer-Consumer-topic-6ab58ad8_2c7d_44b0_95ca_64c9378ad4cc-6-1f3645d0-8c49-4d21-8ab9-81a8d558d830=Assignment(partitions=[topic-6ab58ad8_2c7d_44b0_95ca_64c9378ad4cc-0])}
2025-08-07 12:23:43,612 INFO  [org.apa.kaf.cli.con.int.ConsumerCoordinator] (Thread-636) [Consumer clientId=consumer-Consumer-topic-6ab58ad8_2c7d_44b0_95ca_64c9378ad4cc-6, groupId=Consumer-topic-6ab58ad8_2c7d_44b0_95ca_64c9378ad4cc] Successfully synced group in generation Generation{generationId=1, memberId='consumer-Consumer-topic-6ab58ad8_2c7d_44b0_95ca_64c9378ad4cc-6-1f3645d0-8c49-4d21-8ab9-81a8d558d830', protocol='range'}
2025-08-07 12:23:43,613 INFO  [org.apa.kaf.cli.con.int.ConsumerCoordinator] (Thread-636) [Consumer clientId=consumer-Consumer-topic-6ab58ad8_2c7d_44b0_95ca_64c9378ad4cc-6, groupId=Consumer-topic-6ab58ad8_2c7d_44b0_95ca_64c9378ad4cc] Notifying assignor about the new Assignment(partitions=[topic-6ab58ad8_2c7d_44b0_95ca_64c9378ad4cc-0])
2025-08-07 12:23:43,613 INFO  [org.apa.kaf.cli.con.int.ConsumerRebalanceListenerInvoker] (Thread-636) [Consumer clientId=consumer-Consumer-topic-6ab58ad8_2c7d_44b0_95ca_64c9378ad4cc-6, groupId=Consumer-topic-6ab58ad8_2c7d_44b0_95ca_64c9378ad4cc] Adding newly assigned partitions: topic-6ab58ad8_2c7d_44b0_95ca_64c9378ad4cc-0
2025-08-07 12:23:43,614 INFO  [org.apa.kaf.cli.con.int.ConsumerCoordinator] (Thread-636) [Consumer clientId=consumer-Consumer-topic-6ab58ad8_2c7d_44b0_95ca_64c9378ad4cc-6, groupId=Consumer-topic-6ab58ad8_2c7d_44b0_95ca_64c9378ad4cc] Found no committed offset for partition topic-6ab58ad8_2c7d_44b0_95ca_64c9378ad4cc-0
2025-08-07 12:23:43,619 INFO  [org.apa.kaf.cli.con.int.SubscriptionState] (Thread-636) [Consumer clientId=consumer-Consumer-topic-6ab58ad8_2c7d_44b0_95ca_64c9378ad4cc-6, groupId=Consumer-topic-6ab58ad8_2c7d_44b0_95ca_64c9378ad4cc] Resetting offset for partition topic-6ab58ad8_2c7d_44b0_95ca_64c9378ad4cc-0 to position FetchPosition{offset=0, offsetEpoch=Optional.empty, currentLeader=LeaderAndEpoch{leader=Optional[localhost:32769 (id: 0 rack: null)], epoch=0}}.
2025-08-07 12:23:43,890 INFO  [io.api.tes.ser.api.KafkaSerdesTester] (Thread-636) topic-6ab58ad8_2c7d_44b0_95ca_64c9378ad4cc 0 0 io.apicurio.tests.common.serdes.TestObject@3dbd29cb
2025-08-07 12:23:43,890 INFO  [io.api.tes.ser.api.KafkaSerdesTester] (Thread-636) topic-6ab58ad8_2c7d_44b0_95ca_64c9378ad4cc 0 1 io.apicurio.tests.common.serdes.TestObject@3dbd29cb
2025-08-07 12:23:43,890 INFO  [io.api.tes.ser.api.KafkaSerdesTester] (Thread-636) topic-6ab58ad8_2c7d_44b0_95ca_64c9378ad4cc 0 2 io.apicurio.tests.common.serdes.TestObject@3dbd29cb
2025-08-07 12:23:43,890 INFO  [io.api.tes.ser.api.KafkaSerdesTester] (Thread-636) topic-6ab58ad8_2c7d_44b0_95ca_64c9378ad4cc 0 3 io.apicurio.tests.common.serdes.TestObject@3dbd29cb
2025-08-07 12:23:43,890 INFO  [io.api.tes.ser.api.KafkaSerdesTester] (Thread-636) topic-6ab58ad8_2c7d_44b0_95ca_64c9378ad4cc 0 4 io.apicurio.tests.common.serdes.TestObject@3dbd29cb
2025-08-07 12:23:43,890 INFO  [io.api.tes.ser.api.KafkaSerdesTester] (Thread-636) topic-6ab58ad8_2c7d_44b0_95ca_64c9378ad4cc 0 5 io.apicurio.tests.common.serdes.TestObject@3dbd29cb
2025-08-07 12:23:43,890 INFO  [io.api.tes.ser.api.KafkaSerdesTester] (Thread-636) topic-6ab58ad8_2c7d_44b0_95ca_64c9378ad4cc 0 6 io.apicurio.tests.common.serdes.TestObject@3dbd29cb
2025-08-07 12:23:43,890 INFO  [io.api.tes.ser.api.KafkaSerdesTester] (Thread-636) topic-6ab58ad8_2c7d_44b0_95ca_64c9378ad4cc 0 7 io.apicurio.tests.common.serdes.TestObject@3dbd29cb
2025-08-07 12:23:43,890 INFO  [io.api.tes.ser.api.KafkaSerdesTester] (Thread-636) topic-6ab58ad8_2c7d_44b0_95ca_64c9378ad4cc 0 8 io.apicurio.tests.common.serdes.TestObject@3dbd29cb
2025-08-07 12:23:43,890 INFO  [io.api.tes.ser.api.KafkaSerdesTester] (Thread-636) topic-6ab58ad8_2c7d_44b0_95ca_64c9378ad4cc 0 9 io.apicurio.tests.common.serdes.TestObject@3dbd29cb
2025-08-07 12:23:43,890 INFO  [io.api.tes.ser.api.KafkaSerdesTester] (Thread-636) Consumed 10 messages
2025-08-07 12:23:43,901 INFO  [org.apa.kaf.cli.con.int.ConsumerRebalanceListenerInvoker] (Thread-636) [Consumer clientId=consumer-Consumer-topic-6ab58ad8_2c7d_44b0_95ca_64c9378ad4cc-6, groupId=Consumer-topic-6ab58ad8_2c7d_44b0_95ca_64c9378ad4cc] Revoke previously assigned partitions topic-6ab58ad8_2c7d_44b0_95ca_64c9378ad4cc-0
2025-08-07 12:23:43,901 INFO  [org.apa.kaf.cli.con.int.ConsumerCoordinator] (Thread-636) [Consumer clientId=consumer-Consumer-topic-6ab58ad8_2c7d_44b0_95ca_64c9378ad4cc-6, groupId=Consumer-topic-6ab58ad8_2c7d_44b0_95ca_64c9378ad4cc] Member consumer-Consumer-topic-6ab58ad8_2c7d_44b0_95ca_64c9378ad4cc-6-1f3645d0-8c49-4d21-8ab9-81a8d558d830 sending LeaveGroup request to coordinator localhost:32769 (id: 2147483647 rack: null) due to the consumer is being closed
2025-08-07 12:23:43,902 INFO  [org.apa.kaf.cli.con.int.ConsumerCoordinator] (Thread-636) [Consumer clientId=consumer-Consumer-topic-6ab58ad8_2c7d_44b0_95ca_64c9378ad4cc-6, groupId=Consumer-topic-6ab58ad8_2c7d_44b0_95ca_64c9378ad4cc] Resetting generation and member id due to: consumer pro-actively leaving the group
2025-08-07 12:23:43,902 INFO  [org.apa.kaf.cli.con.int.ConsumerCoordinator] (Thread-636) [Consumer clientId=consumer-Consumer-topic-6ab58ad8_2c7d_44b0_95ca_64c9378ad4cc-6, groupId=Consumer-topic-6ab58ad8_2c7d_44b0_95ca_64c9378ad4cc] Request joining group due to: consumer pro-actively leaving the group
2025-08-07 12:23:44,395 INFO  [org.apa.kaf.com.met.Metrics] (Thread-636) Metrics scheduler closed
2025-08-07 12:23:44,395 INFO  [org.apa.kaf.com.met.Metrics] (Thread-636) Closing reporter org.apache.kafka.common.metrics.JmxReporter
2025-08-07 12:23:44,395 INFO  [org.apa.kaf.com.met.Metrics] (Thread-636) Closing reporter org.apache.kafka.common.telemetry.internals.ClientTelemetryReporter
2025-08-07 12:23:44,395 INFO  [org.apa.kaf.com.met.Metrics] (Thread-636) Metrics reporters closed
2025-08-07 12:23:44,398 INFO  [org.apa.kaf.com.uti.AppInfoParser] (Thread-636) App info kafka.consumer for consumer-Consumer-topic-6ab58ad8_2c7d_44b0_95ca_64c9378ad4cc-6 unregistered
2025-08-07 12:23:44,399 INFO  [io.api.tes.uti.TestSeparator] (main) io.apicurio.tests.serdes.apicurio.AvroSerdeIT.testReflectAutoRegister-FINISHED
2025-08-07 12:23:44,399 INFO  [io.api.tes.uti.TestSeparator] (main) ############################################################################
Test passed: testReflectAutoRegister
]]></system-out>
  </testcase>
  <testcase name="testArtifactNotFound" classname="io.apicurio.tests.serdes.apicurio.AvroSerdeIT" time="0.434">
    <system-out><![CDATA[2025-08-07 12:23:44,405 INFO  [io.api.tes.uti.TestSeparator] (main) ############################################################################
2025-08-07 12:23:44,405 INFO  [io.api.tes.uti.TestSeparator] (main) io.apicurio.tests.serdes.apicurio.AvroSerdeIT.testArtifactNotFound-STARTED
**** Registry Base URL: http://registry-app-pg17.apps.ci419.apicurio-testing.org:80
2025-08-07 12:23:44,406 INFO  [org.apa.kaf.cli.pro.ProducerConfig] (main) ProducerConfig values: 
	acks = -1
	auto.include.jmx.reporter = true
	batch.size = 16384
	bootstrap.servers = [PLAINTEXT://localhost:32769]
	buffer.memory = 33554432
	client.dns.lookup = use_all_dns_ips
	client.id = Producer-s2d48ad6cxf287x49c2xab05x3ce16d700934
	compression.gzip.level = -1
	compression.lz4.level = 9
	compression.type = none
	compression.zstd.level = 3
	connections.max.idle.ms = 10000
	delivery.timeout.ms = 120000
	enable.idempotence = true
	enable.metrics.push = true
	interceptor.classes = []
	key.serializer = class org.apache.kafka.common.serialization.StringSerializer
	linger.ms = 0
	max.block.ms = 60000
	max.in.flight.requests.per.connection = 5
	max.request.size = 1048576
	metadata.max.age.ms = 300000
	metadata.max.idle.ms = 300000
	metadata.recovery.strategy = none
	metric.reporters = []
	metrics.num.samples = 2
	metrics.recording.level = INFO
	metrics.sample.window.ms = 30000
	partitioner.adaptive.partitioning.enable = true
	partitioner.availability.timeout.ms = 0
	partitioner.class = null
	partitioner.ignore.keys = false
	receive.buffer.bytes = 32768
	reconnect.backoff.max.ms = 1000
	reconnect.backoff.ms = 50
	request.timeout.ms = 5000
	retries = 2147483647
	retry.backoff.max.ms = 1000
	retry.backoff.ms = 100
	sasl.client.callback.handler.class = null
	sasl.jaas.config = null
	sasl.kerberos.kinit.cmd = /usr/bin/kinit
	sasl.kerberos.min.time.before.relogin = 60000
	sasl.kerberos.service.name = null
	sasl.kerberos.ticket.renew.jitter = 0.05
	sasl.kerberos.ticket.renew.window.factor = 0.8
	sasl.login.callback.handler.class = null
	sasl.login.class = null
	sasl.login.connect.timeout.ms = null
	sasl.login.read.timeout.ms = null
	sasl.login.refresh.buffer.seconds = 300
	sasl.login.refresh.min.period.seconds = 60
	sasl.login.refresh.window.factor = 0.8
	sasl.login.refresh.window.jitter = 0.05
	sasl.login.retry.backoff.max.ms = 10000
	sasl.login.retry.backoff.ms = 100
	sasl.mechanism = GSSAPI
	sasl.oauthbearer.clock.skew.seconds = 30
	sasl.oauthbearer.expected.audience = null
	sasl.oauthbearer.expected.issuer = null
	sasl.oauthbearer.header.urlencode = false
	sasl.oauthbearer.jwks.endpoint.refresh.ms = 3600000
	sasl.oauthbearer.jwks.endpoint.retry.backoff.max.ms = 10000
	sasl.oauthbearer.jwks.endpoint.retry.backoff.ms = 100
	sasl.oauthbearer.jwks.endpoint.url = null
	sasl.oauthbearer.scope.claim.name = scope
	sasl.oauthbearer.sub.claim.name = sub
	sasl.oauthbearer.token.endpoint.url = null
	security.protocol = PLAINTEXT
	security.providers = null
	send.buffer.bytes = 131072
	socket.connection.setup.timeout.max.ms = 30000
	socket.connection.setup.timeout.ms = 10000
	ssl.cipher.suites = null
	ssl.enabled.protocols = [TLSv1.2, TLSv1.3]
	ssl.endpoint.identification.algorithm = https
	ssl.engine.factory.class = null
	ssl.key.password = null
	ssl.keymanager.algorithm = SunX509
	ssl.keystore.certificate.chain = null
	ssl.keystore.key = null
	ssl.keystore.location = null
	ssl.keystore.password = null
	ssl.keystore.type = JKS
	ssl.protocol = TLSv1.3
	ssl.provider = null
	ssl.secure.random.implementation = null
	ssl.trustmanager.algorithm = PKIX
	ssl.truststore.certificates = null
	ssl.truststore.location = null
	ssl.truststore.password = null
	ssl.truststore.type = JKS
	transaction.timeout.ms = 60000
	transactional.id = null
	value.serializer = class io.apicurio.registry.serde.avro.AvroKafkaSerializer

2025-08-07 12:23:44,406 INFO  [org.apa.kaf.com.tel.int.KafkaMetricsCollector] (main) initializing Kafka metrics collector
2025-08-07 12:23:44,410 INFO  [org.apa.kaf.cli.pro.KafkaProducer] (main) [Producer clientId=Producer-s2d48ad6cxf287x49c2xab05x3ce16d700934] Instantiated an idempotent producer.
2025-08-07 12:23:44,412 INFO  [org.apa.kaf.cli.pro.ProducerConfig] (main) These configurations '[apicurio.registry.url, apicurio.registry.artifact-resolver-strategy]' were supplied but are not used yet.
2025-08-07 12:23:44,412 INFO  [org.apa.kaf.com.uti.AppInfoParser] (main) Kafka version: 3.9.1
2025-08-07 12:23:44,412 INFO  [org.apa.kaf.com.uti.AppInfoParser] (main) Kafka commitId: f745dfdcee2b9851
2025-08-07 12:23:44,412 INFO  [org.apa.kaf.com.uti.AppInfoParser] (main) Kafka startTimeMs: 1754569424412
2025-08-07 12:23:44,413 INFO  [io.api.tes.ser.api.KafkaSerdesTester] (Thread-639) Sending message {"keyB": "value-0"} to topic s2d48ad6cxf287x49c2xab05x3ce16d700934
2025-08-07 12:23:44,417 WARN  [org.apa.kaf.cli.NetworkClient] (kafka-producer-network-thread | Producer-s2d48ad6cxf287x49c2xab05x3ce16d700934) [Producer clientId=Producer-s2d48ad6cxf287x49c2xab05x3ce16d700934] The metadata response from the cluster reported a recoverable issue with correlation id 1 : {s2d48ad6cxf287x49c2xab05x3ce16d700934=UNKNOWN_TOPIC_OR_PARTITION}
2025-08-07 12:23:44,418 INFO  [org.apa.kaf.cli.Metadata] (kafka-producer-network-thread | Producer-s2d48ad6cxf287x49c2xab05x3ce16d700934) [Producer clientId=Producer-s2d48ad6cxf287x49c2xab05x3ce16d700934] Cluster ID: ewOXMZdKQImtr4eZTn3eAw
2025-08-07 12:23:44,418 INFO  [org.apa.kaf.cli.pro.int.TransactionManager] (kafka-producer-network-thread | Producer-s2d48ad6cxf287x49c2xab05x3ce16d700934) [Producer clientId=Producer-s2d48ad6cxf287x49c2xab05x3ce16d700934] ProducerId set to 7 with epoch 0
2025-08-07 12:23:44,542 INFO  [DefaultSchemaResolver] (Thread-639) Retrieving schema content using string: {"type":"record","name":"myrecord","namespace":"mygroup","fields":[{"name":"keyB","type":"string"}]}
2025-08-07 12:23:44,829 INFO  [org.apa.kaf.cli.pro.KafkaProducer] (Thread-639) [Producer clientId=Producer-s2d48ad6cxf287x49c2xab05x3ce16d700934] Closing the Kafka producer with timeoutMillis = 9223372036854775807 ms.
2025-08-07 12:23:44,831 INFO  [org.apa.kaf.com.met.Metrics] (Thread-639) Metrics scheduler closed
2025-08-07 12:23:44,831 INFO  [org.apa.kaf.com.met.Metrics] (Thread-639) Closing reporter org.apache.kafka.common.metrics.JmxReporter
2025-08-07 12:23:44,832 INFO  [org.apa.kaf.com.met.Metrics] (Thread-639) Closing reporter org.apache.kafka.common.telemetry.internals.ClientTelemetryReporter
2025-08-07 12:23:44,832 INFO  [org.apa.kaf.com.met.Metrics] (Thread-639) Metrics reporters closed
2025-08-07 12:23:44,832 INFO  [org.apa.kaf.com.uti.AppInfoParser] (Thread-639) App info kafka.producer for Producer-s2d48ad6cxf287x49c2xab05x3ce16d700934 unregistered
2025-08-07 12:23:44,833 INFO  [io.api.tes.uti.TestSeparator] (main) io.apicurio.tests.serdes.apicurio.AvroSerdeIT.testArtifactNotFound-FINISHED
2025-08-07 12:23:44,833 INFO  [io.api.tes.uti.TestSeparator] (main) ############################################################################
Test passed: testArtifactNotFound
]]></system-out>
    <system-err><![CDATA[java.lang.RuntimeException: Could not resolve artifact reference by content: {"type":"record","name":"myrecord","namespace":"mygroup","fields":[{"name":"keyB","type":"string"}]}&ArtifactReference [groupId=default, artifactId=s2d48ad6cxf287x49c2xab05x3ce16d700934-value, version=null, globalId=null, contentId=null, contentHash=null]
	at io.apicurio.registry.resolver.DefaultSchemaResolver.lambda$handleResolveSchemaByContent$3(DefaultSchemaResolver.java:265)
	at io.apicurio.registry.resolver.cache.ERCache.lambda$getValue$0(ERCache.java:174)
	at io.apicurio.registry.resolver.cache.ERCache.retry(ERCache.java:227)
	at io.apicurio.registry.resolver.cache.ERCache.getValue(ERCache.java:173)
	at io.apicurio.registry.resolver.cache.ERCache.getByContent(ERCache.java:147)
	at io.apicurio.registry.resolver.DefaultSchemaResolver.handleResolveSchemaByContent(DefaultSchemaResolver.java:253)
	at io.apicurio.registry.resolver.DefaultSchemaResolver.getSchemaFromRegistry(DefaultSchemaResolver.java:138)
	at io.apicurio.registry.resolver.DefaultSchemaResolver.lambda$resolveSchema$0(DefaultSchemaResolver.java:84)
	at java.base/java.util.Optional.orElseGet(Optional.java:364)
	at io.apicurio.registry.resolver.DefaultSchemaResolver.resolveSchema(DefaultSchemaResolver.java:84)
	at io.apicurio.registry.serde.AbstractSerializer.serializeData(AbstractSerializer.java:62)
	at io.apicurio.registry.serde.KafkaSerializer.serialize(KafkaSerializer.java:77)
	at org.apache.kafka.clients.producer.KafkaProducer.doSend(KafkaProducer.java:1046)
	at org.apache.kafka.clients.producer.KafkaProducer.send(KafkaProducer.java:993)
	at org.apache.kafka.clients.producer.KafkaProducer.send(KafkaProducer.java:875)
	at io.apicurio.tests.serdes.apicurio.KafkaSerdesTester.lambda$produceMessages$3(KafkaSerdesTester.java:138)
	at java.base/java.util.concurrent.CompletableFuture$AsyncSupply.run(CompletableFuture.java:1768)
	at java.base/java.lang.Thread.run(Thread.java:840)
]]></system-err>
  </testcase>
  <testcase name="testAvroSerDesFailDifferentSchemaByRecordName" classname="io.apicurio.tests.serdes.apicurio.AvroSerdeIT" time="1.38">
    <system-out><![CDATA[2025-08-07 12:23:44,834 INFO  [io.api.tes.uti.TestSeparator] (main) ############################################################################
2025-08-07 12:23:44,834 INFO  [io.api.tes.uti.TestSeparator] (main) io.apicurio.tests.serdes.apicurio.AvroSerdeIT.testAvroSerDesFailDifferentSchemaByRecordName-STARTED
**** Registry Base URL: http://registry-app-pg17.apps.ci419.apicurio-testing.org:80
2025-08-07 12:23:46,023 INFO  [org.apa.kaf.cli.pro.ProducerConfig] (main) ProducerConfig values: 
	acks = -1
	auto.include.jmx.reporter = true
	batch.size = 16384
	bootstrap.servers = [PLAINTEXT://localhost:32769]
	buffer.memory = 33554432
	client.dns.lookup = use_all_dns_ips
	client.id = Producer-topic-e9c73838_d7d4_47bc_91ac_8add7f41cc0d
	compression.gzip.level = -1
	compression.lz4.level = 9
	compression.type = none
	compression.zstd.level = 3
	connections.max.idle.ms = 10000
	delivery.timeout.ms = 120000
	enable.idempotence = true
	enable.metrics.push = true
	interceptor.classes = []
	key.serializer = class org.apache.kafka.common.serialization.StringSerializer
	linger.ms = 0
	max.block.ms = 60000
	max.in.flight.requests.per.connection = 5
	max.request.size = 1048576
	metadata.max.age.ms = 300000
	metadata.max.idle.ms = 300000
	metadata.recovery.strategy = none
	metric.reporters = []
	metrics.num.samples = 2
	metrics.recording.level = INFO
	metrics.sample.window.ms = 30000
	partitioner.adaptive.partitioning.enable = true
	partitioner.availability.timeout.ms = 0
	partitioner.class = null
	partitioner.ignore.keys = false
	receive.buffer.bytes = 32768
	reconnect.backoff.max.ms = 1000
	reconnect.backoff.ms = 50
	request.timeout.ms = 5000
	retries = 2147483647
	retry.backoff.max.ms = 1000
	retry.backoff.ms = 100
	sasl.client.callback.handler.class = null
	sasl.jaas.config = null
	sasl.kerberos.kinit.cmd = /usr/bin/kinit
	sasl.kerberos.min.time.before.relogin = 60000
	sasl.kerberos.service.name = null
	sasl.kerberos.ticket.renew.jitter = 0.05
	sasl.kerberos.ticket.renew.window.factor = 0.8
	sasl.login.callback.handler.class = null
	sasl.login.class = null
	sasl.login.connect.timeout.ms = null
	sasl.login.read.timeout.ms = null
	sasl.login.refresh.buffer.seconds = 300
	sasl.login.refresh.min.period.seconds = 60
	sasl.login.refresh.window.factor = 0.8
	sasl.login.refresh.window.jitter = 0.05
	sasl.login.retry.backoff.max.ms = 10000
	sasl.login.retry.backoff.ms = 100
	sasl.mechanism = GSSAPI
	sasl.oauthbearer.clock.skew.seconds = 30
	sasl.oauthbearer.expected.audience = null
	sasl.oauthbearer.expected.issuer = null
	sasl.oauthbearer.header.urlencode = false
	sasl.oauthbearer.jwks.endpoint.refresh.ms = 3600000
	sasl.oauthbearer.jwks.endpoint.retry.backoff.max.ms = 10000
	sasl.oauthbearer.jwks.endpoint.retry.backoff.ms = 100
	sasl.oauthbearer.jwks.endpoint.url = null
	sasl.oauthbearer.scope.claim.name = scope
	sasl.oauthbearer.sub.claim.name = sub
	sasl.oauthbearer.token.endpoint.url = null
	security.protocol = PLAINTEXT
	security.providers = null
	send.buffer.bytes = 131072
	socket.connection.setup.timeout.max.ms = 30000
	socket.connection.setup.timeout.ms = 10000
	ssl.cipher.suites = null
	ssl.enabled.protocols = [TLSv1.2, TLSv1.3]
	ssl.endpoint.identification.algorithm = https
	ssl.engine.factory.class = null
	ssl.key.password = null
	ssl.keymanager.algorithm = SunX509
	ssl.keystore.certificate.chain = null
	ssl.keystore.key = null
	ssl.keystore.location = null
	ssl.keystore.password = null
	ssl.keystore.type = JKS
	ssl.protocol = TLSv1.3
	ssl.provider = null
	ssl.secure.random.implementation = null
	ssl.trustmanager.algorithm = PKIX
	ssl.truststore.certificates = null
	ssl.truststore.location = null
	ssl.truststore.password = null
	ssl.truststore.type = JKS
	transaction.timeout.ms = 60000
	transactional.id = null
	value.serializer = class io.apicurio.registry.serde.avro.AvroKafkaSerializer

2025-08-07 12:23:46,023 INFO  [org.apa.kaf.com.tel.int.KafkaMetricsCollector] (main) initializing Kafka metrics collector
2025-08-07 12:23:46,028 INFO  [org.apa.kaf.cli.pro.KafkaProducer] (main) [Producer clientId=Producer-topic-e9c73838_d7d4_47bc_91ac_8add7f41cc0d] Instantiated an idempotent producer.
2025-08-07 12:23:46,031 INFO  [org.apa.kaf.cli.pro.ProducerConfig] (main) These configurations '[apicurio.registry.find-latest, apicurio.registry.url, apicurio.registry.artifact-resolver-strategy]' were supplied but are not used yet.
2025-08-07 12:23:46,031 INFO  [org.apa.kaf.com.uti.AppInfoParser] (main) Kafka version: 3.9.1
2025-08-07 12:23:46,031 INFO  [org.apa.kaf.com.uti.AppInfoParser] (main) Kafka commitId: f745dfdcee2b9851
2025-08-07 12:23:46,031 INFO  [org.apa.kaf.com.uti.AppInfoParser] (main) Kafka startTimeMs: 1754569426031
2025-08-07 12:23:46,032 INFO  [io.api.tes.ser.api.KafkaSerdesTester] (Thread-642) Sending message {"keyB": "value-0"} to topic topic-e9c73838_d7d4_47bc_91ac_8add7f41cc0d
2025-08-07 12:23:46,036 INFO  [org.apa.kaf.cli.Metadata] (kafka-producer-network-thread | Producer-topic-e9c73838_d7d4_47bc_91ac_8add7f41cc0d) [Producer clientId=Producer-topic-e9c73838_d7d4_47bc_91ac_8add7f41cc0d] Cluster ID: ewOXMZdKQImtr4eZTn3eAw
2025-08-07 12:23:46,038 INFO  [org.apa.kaf.cli.pro.int.TransactionManager] (kafka-producer-network-thread | Producer-topic-e9c73838_d7d4_47bc_91ac_8add7f41cc0d) [Producer clientId=Producer-topic-e9c73838_d7d4_47bc_91ac_8add7f41cc0d] ProducerId set to 8 with epoch 0
2025-08-07 12:23:46,211 INFO  [org.apa.kaf.cli.pro.KafkaProducer] (Thread-642) [Producer clientId=Producer-topic-e9c73838_d7d4_47bc_91ac_8add7f41cc0d] Closing the Kafka producer with timeoutMillis = 9223372036854775807 ms.
2025-08-07 12:23:46,213 INFO  [org.apa.kaf.com.met.Metrics] (Thread-642) Metrics scheduler closed
2025-08-07 12:23:46,213 INFO  [org.apa.kaf.com.met.Metrics] (Thread-642) Closing reporter org.apache.kafka.common.metrics.JmxReporter
2025-08-07 12:23:46,213 INFO  [org.apa.kaf.com.met.Metrics] (Thread-642) Closing reporter org.apache.kafka.common.telemetry.internals.ClientTelemetryReporter
2025-08-07 12:23:46,213 INFO  [org.apa.kaf.com.met.Metrics] (Thread-642) Metrics reporters closed
2025-08-07 12:23:46,213 INFO  [org.apa.kaf.com.uti.AppInfoParser] (Thread-642) App info kafka.producer for Producer-topic-e9c73838_d7d4_47bc_91ac_8add7f41cc0d unregistered
2025-08-07 12:23:46,214 INFO  [io.api.tes.uti.TestSeparator] (main) io.apicurio.tests.serdes.apicurio.AvroSerdeIT.testAvroSerDesFailDifferentSchemaByRecordName-FINISHED
2025-08-07 12:23:46,214 INFO  [io.api.tes.uti.TestSeparator] (main) ############################################################################
Test passed: testAvroSerDesFailDifferentSchemaByRecordName
]]></system-out>
    <system-err><![CDATA[io.apicurio.registry.rest.client.models.ProblemDetails
	at io.apicurio.registry.rest.client.models.ProblemDetails.createFromDiscriminatorValue(ProblemDetails.java:58)
	at io.kiota.serialization.json.JsonParseNode.getObjectValue(JsonParseNode.java:247)
	at io.kiota.http.vertx.VertXRequestAdapter.lambda$throwIfFailedResponse$0(VertXRequestAdapter.java:400)
	at com.microsoft.kiota.ApiExceptionBuilder.<init>(ApiExceptionBuilder.java:26)
	at io.kiota.http.vertx.VertXRequestAdapter.throwIfFailedResponse(VertXRequestAdapter.java:399)
	at io.kiota.http.vertx.VertXRequestAdapter.send(VertXRequestAdapter.java:170)
	at io.apicurio.registry.rest.client.groups.item.artifacts.item.versions.item.WithVersionExpressionItemRequestBuilder.get(WithVersionExpressionItemRequestBuilder.java:128)
	at io.apicurio.registry.rest.client.groups.item.artifacts.item.versions.item.WithVersionExpressionItemRequestBuilder.get(WithVersionExpressionItemRequestBuilder.java:111)
	at io.apicurio.registry.resolver.client.RegistryClientFacadeImpl.getVersionCoordinatesByGAV(RegistryClientFacadeImpl.java:159)
	at io.apicurio.registry.resolver.DefaultSchemaResolver.resolveByCoordinates(DefaultSchemaResolver.java:352)
	at io.apicurio.registry.resolver.DefaultSchemaResolver.lambda$resolveSchemaByArtifactReferenceCached$6(DefaultSchemaResolver.java:340)
	at io.apicurio.registry.resolver.cache.ERCache.lambda$getValue$0(ERCache.java:174)
	at io.apicurio.registry.resolver.cache.ERCache.retry(ERCache.java:227)
	at io.apicurio.registry.resolver.cache.ERCache.getValue(ERCache.java:173)
	at io.apicurio.registry.resolver.cache.ERCache.getByArtifactCoordinates(ERCache.java:158)
	at io.apicurio.registry.resolver.DefaultSchemaResolver.resolveSchemaByArtifactReferenceCached(DefaultSchemaResolver.java:338)
	at io.apicurio.registry.resolver.DefaultSchemaResolver.resolveSchemaByCoordinates(DefaultSchemaResolver.java:193)
	at io.apicurio.registry.resolver.DefaultSchemaResolver.getSchemaFromRegistry(DefaultSchemaResolver.java:130)
	at io.apicurio.registry.resolver.DefaultSchemaResolver.lambda$resolveSchema$0(DefaultSchemaResolver.java:84)
	at java.base/java.util.Optional.orElseGet(Optional.java:364)
	at io.apicurio.registry.resolver.DefaultSchemaResolver.resolveSchema(DefaultSchemaResolver.java:84)
	at io.apicurio.registry.serde.AbstractSerializer.serializeData(AbstractSerializer.java:62)
	at io.apicurio.registry.serde.KafkaSerializer.serialize(KafkaSerializer.java:77)
	at org.apache.kafka.clients.producer.KafkaProducer.doSend(KafkaProducer.java:1046)
	at org.apache.kafka.clients.producer.KafkaProducer.send(KafkaProducer.java:993)
	at org.apache.kafka.clients.producer.KafkaProducer.send(KafkaProducer.java:875)
	at io.apicurio.tests.serdes.apicurio.KafkaSerdesTester.lambda$produceMessages$3(KafkaSerdesTester.java:138)
	at java.base/java.util.concurrent.CompletableFuture$AsyncSupply.run(CompletableFuture.java:1768)
	at java.base/java.lang.Thread.run(Thread.java:840)
]]></system-err>
  </testcase>
  <testcase name="testTopicIdStrategyFindLatest" classname="io.apicurio.tests.serdes.apicurio.AvroSerdeIT" time="5.562">
    <system-out><![CDATA[2025-08-07 12:23:46,215 INFO  [io.api.tes.uti.TestSeparator] (main) ############################################################################
2025-08-07 12:23:46,215 INFO  [io.api.tes.uti.TestSeparator] (main) io.apicurio.tests.serdes.apicurio.AvroSerdeIT.testTopicIdStrategyFindLatest-STARTED
2025-08-07 12:23:46,216 INFO  [io.api.tes.ser.api.AvroSerdeIT] (main) Registering Avro Schema: {"type":"record","name":"myrecordapicurio1","fields":[{"name":"key11754569426215","type":"string"}]}
**** Registry Base URL: http://registry-app-pg17.apps.ci419.apicurio-testing.org:80
2025-08-07 12:23:47,404 INFO  [org.apa.kaf.cli.pro.ProducerConfig] (main) ProducerConfig values: 
	acks = -1
	auto.include.jmx.reporter = true
	batch.size = 16384
	bootstrap.servers = [PLAINTEXT://localhost:32769]
	buffer.memory = 33554432
	client.dns.lookup = use_all_dns_ips
	client.id = Producer-topic-432ff208_d435_4d85_a21f_617a49949f8f
	compression.gzip.level = -1
	compression.lz4.level = 9
	compression.type = none
	compression.zstd.level = 3
	connections.max.idle.ms = 10000
	delivery.timeout.ms = 120000
	enable.idempotence = true
	enable.metrics.push = true
	interceptor.classes = []
	key.serializer = class org.apache.kafka.common.serialization.StringSerializer
	linger.ms = 0
	max.block.ms = 60000
	max.in.flight.requests.per.connection = 5
	max.request.size = 1048576
	metadata.max.age.ms = 300000
	metadata.max.idle.ms = 300000
	metadata.recovery.strategy = none
	metric.reporters = []
	metrics.num.samples = 2
	metrics.recording.level = INFO
	metrics.sample.window.ms = 30000
	partitioner.adaptive.partitioning.enable = true
	partitioner.availability.timeout.ms = 0
	partitioner.class = null
	partitioner.ignore.keys = false
	receive.buffer.bytes = 32768
	reconnect.backoff.max.ms = 1000
	reconnect.backoff.ms = 50
	request.timeout.ms = 5000
	retries = 2147483647
	retry.backoff.max.ms = 1000
	retry.backoff.ms = 100
	sasl.client.callback.handler.class = null
	sasl.jaas.config = null
	sasl.kerberos.kinit.cmd = /usr/bin/kinit
	sasl.kerberos.min.time.before.relogin = 60000
	sasl.kerberos.service.name = null
	sasl.kerberos.ticket.renew.jitter = 0.05
	sasl.kerberos.ticket.renew.window.factor = 0.8
	sasl.login.callback.handler.class = null
	sasl.login.class = null
	sasl.login.connect.timeout.ms = null
	sasl.login.read.timeout.ms = null
	sasl.login.refresh.buffer.seconds = 300
	sasl.login.refresh.min.period.seconds = 60
	sasl.login.refresh.window.factor = 0.8
	sasl.login.refresh.window.jitter = 0.05
	sasl.login.retry.backoff.max.ms = 10000
	sasl.login.retry.backoff.ms = 100
	sasl.mechanism = GSSAPI
	sasl.oauthbearer.clock.skew.seconds = 30
	sasl.oauthbearer.expected.audience = null
	sasl.oauthbearer.expected.issuer = null
	sasl.oauthbearer.header.urlencode = false
	sasl.oauthbearer.jwks.endpoint.refresh.ms = 3600000
	sasl.oauthbearer.jwks.endpoint.retry.backoff.max.ms = 10000
	sasl.oauthbearer.jwks.endpoint.retry.backoff.ms = 100
	sasl.oauthbearer.jwks.endpoint.url = null
	sasl.oauthbearer.scope.claim.name = scope
	sasl.oauthbearer.sub.claim.name = sub
	sasl.oauthbearer.token.endpoint.url = null
	security.protocol = PLAINTEXT
	security.providers = null
	send.buffer.bytes = 131072
	socket.connection.setup.timeout.max.ms = 30000
	socket.connection.setup.timeout.ms = 10000
	ssl.cipher.suites = null
	ssl.enabled.protocols = [TLSv1.2, TLSv1.3]
	ssl.endpoint.identification.algorithm = https
	ssl.engine.factory.class = null
	ssl.key.password = null
	ssl.keymanager.algorithm = SunX509
	ssl.keystore.certificate.chain = null
	ssl.keystore.key = null
	ssl.keystore.location = null
	ssl.keystore.password = null
	ssl.keystore.type = JKS
	ssl.protocol = TLSv1.3
	ssl.provider = null
	ssl.secure.random.implementation = null
	ssl.trustmanager.algorithm = PKIX
	ssl.truststore.certificates = null
	ssl.truststore.location = null
	ssl.truststore.password = null
	ssl.truststore.type = JKS
	transaction.timeout.ms = 60000
	transactional.id = null
	value.serializer = class io.apicurio.registry.serde.avro.AvroKafkaSerializer

2025-08-07 12:23:47,404 INFO  [org.apa.kaf.com.tel.int.KafkaMetricsCollector] (main) initializing Kafka metrics collector
2025-08-07 12:23:47,408 INFO  [org.apa.kaf.cli.pro.KafkaProducer] (main) [Producer clientId=Producer-topic-432ff208_d435_4d85_a21f_617a49949f8f] Instantiated an idempotent producer.
2025-08-07 12:23:47,410 INFO  [org.apa.kaf.cli.pro.ProducerConfig] (main) These configurations '[apicurio.registry.find-latest, apicurio.registry.url, apicurio.registry.artifact-resolver-strategy]' were supplied but are not used yet.
2025-08-07 12:23:47,410 INFO  [org.apa.kaf.com.uti.AppInfoParser] (main) Kafka version: 3.9.1
2025-08-07 12:23:47,410 INFO  [org.apa.kaf.com.uti.AppInfoParser] (main) Kafka commitId: f745dfdcee2b9851
2025-08-07 12:23:47,410 INFO  [org.apa.kaf.com.uti.AppInfoParser] (main) Kafka startTimeMs: 1754569427410
2025-08-07 12:23:47,410 INFO  [io.api.tes.ser.api.SimpleSerdesTesterBuilder$SimpleSerdesTester] (main) Using producer configuration: {apicurio.registry.find-latest=true, apicurio.registry.url=http://registry-app-pg17.apps.ci419.apicurio-testing.org:80/apis/registry/v3, apicurio.registry.artifact-resolver-strategy=io.apicurio.registry.serde.strategy.TopicIdStrategy, value.serializer=io.apicurio.registry.serde.avro.AvroKafkaSerializer, request.timeout.ms=5000, acks=all, bootstrap.servers=PLAINTEXT://localhost:32769, connections.max.idle.ms=10000, key.serializer=org.apache.kafka.common.serialization.StringSerializer, client.id=Producer-topic-432ff208_d435_4d85_a21f_617a49949f8f}
2025-08-07 12:23:47,410 INFO  [io.api.tes.ser.api.SimpleSerdesTesterBuilder$SimpleSerdesTester] (main) Using consumer configuration: {}
2025-08-07 12:23:47,412 INFO  [io.api.tes.ser.api.KafkaSerdesTester] (Thread-645) Sending message {"key11754569426215": "value-0"} to topic topic-432ff208_d435_4d85_a21f_617a49949f8f
2025-08-07 12:23:47,421 INFO  [org.apa.kaf.cli.Metadata] (kafka-producer-network-thread | Producer-topic-432ff208_d435_4d85_a21f_617a49949f8f) [Producer clientId=Producer-topic-432ff208_d435_4d85_a21f_617a49949f8f] Cluster ID: ewOXMZdKQImtr4eZTn3eAw
2025-08-07 12:23:47,421 INFO  [org.apa.kaf.cli.pro.int.TransactionManager] (kafka-producer-network-thread | Producer-topic-432ff208_d435_4d85_a21f_617a49949f8f) [Producer clientId=Producer-topic-432ff208_d435_4d85_a21f_617a49949f8f] ProducerId set to 9 with epoch 0
2025-08-07 12:23:47,945 INFO  [io.api.tes.ser.api.KafkaSerdesTester] (Thread-645) Sending message {"key11754569426215": "value-1"} to topic topic-432ff208_d435_4d85_a21f_617a49949f8f
2025-08-07 12:23:47,948 INFO  [io.api.tes.ser.api.KafkaSerdesTester] (Thread-645) Sending message {"key11754569426215": "value-2"} to topic topic-432ff208_d435_4d85_a21f_617a49949f8f
2025-08-07 12:23:47,949 INFO  [io.api.tes.ser.api.KafkaSerdesTester] (Thread-645) Sending message {"key11754569426215": "value-3"} to topic topic-432ff208_d435_4d85_a21f_617a49949f8f
2025-08-07 12:23:47,951 INFO  [io.api.tes.ser.api.KafkaSerdesTester] (Thread-645) Sending message {"key11754569426215": "value-4"} to topic topic-432ff208_d435_4d85_a21f_617a49949f8f
2025-08-07 12:23:47,953 INFO  [io.api.tes.ser.api.KafkaSerdesTester] (Thread-645) Sending message {"key11754569426215": "value-5"} to topic topic-432ff208_d435_4d85_a21f_617a49949f8f
2025-08-07 12:23:47,958 INFO  [io.api.tes.ser.api.KafkaSerdesTester] (Thread-645) Sending message {"key11754569426215": "value-6"} to topic topic-432ff208_d435_4d85_a21f_617a49949f8f
2025-08-07 12:23:47,960 INFO  [io.api.tes.ser.api.KafkaSerdesTester] (Thread-645) Sending message {"key11754569426215": "value-7"} to topic topic-432ff208_d435_4d85_a21f_617a49949f8f
2025-08-07 12:23:47,963 INFO  [io.api.tes.ser.api.KafkaSerdesTester] (Thread-645) Sending message {"key11754569426215": "value-8"} to topic topic-432ff208_d435_4d85_a21f_617a49949f8f
2025-08-07 12:23:47,965 INFO  [io.api.tes.ser.api.KafkaSerdesTester] (Thread-645) Sending message {"key11754569426215": "value-9"} to topic topic-432ff208_d435_4d85_a21f_617a49949f8f
2025-08-07 12:23:47,967 INFO  [io.api.tes.ser.api.KafkaSerdesTester] (Thread-645) Produced 10 messages
2025-08-07 12:23:47,967 INFO  [org.apa.kaf.cli.pro.KafkaProducer] (Thread-645) [Producer clientId=Producer-topic-432ff208_d435_4d85_a21f_617a49949f8f] Closing the Kafka producer with timeoutMillis = 9223372036854775807 ms.
2025-08-07 12:23:47,969 INFO  [org.apa.kaf.com.met.Metrics] (Thread-645) Metrics scheduler closed
2025-08-07 12:23:47,969 INFO  [org.apa.kaf.com.met.Metrics] (Thread-645) Closing reporter org.apache.kafka.common.metrics.JmxReporter
2025-08-07 12:23:47,969 INFO  [org.apa.kaf.com.met.Metrics] (Thread-645) Closing reporter org.apache.kafka.common.telemetry.internals.ClientTelemetryReporter
2025-08-07 12:23:47,970 INFO  [org.apa.kaf.com.met.Metrics] (Thread-645) Metrics reporters closed
2025-08-07 12:23:47,970 INFO  [org.apa.kaf.com.uti.AppInfoParser] (Thread-645) App info kafka.producer for Producer-topic-432ff208_d435_4d85_a21f_617a49949f8f unregistered
**** Registry Base URL: http://registry-app-pg17.apps.ci419.apicurio-testing.org:80
2025-08-07 12:23:47,972 INFO  [org.apa.kaf.cli.con.ConsumerConfig] (main) ConsumerConfig values: 
	allow.auto.create.topics = true
	auto.commit.interval.ms = 500
	auto.include.jmx.reporter = true
	auto.offset.reset = earliest
	bootstrap.servers = [PLAINTEXT://localhost:32769]
	check.crcs = true
	client.dns.lookup = use_all_dns_ips
	client.id = consumer-Consumer-topic-432ff208_d435_4d85_a21f_617a49949f8f-7
	client.rack = 
	connections.max.idle.ms = 10000
	default.api.timeout.ms = 60000
	enable.auto.commit = true
	enable.metrics.push = true
	exclude.internal.topics = true
	fetch.max.bytes = 52428800
	fetch.max.wait.ms = 500
	fetch.min.bytes = 1
	group.id = Consumer-topic-432ff208_d435_4d85_a21f_617a49949f8f
	group.instance.id = null
	group.protocol = classic
	group.remote.assignor = null
	heartbeat.interval.ms = 3000
	interceptor.classes = []
	internal.leave.group.on.close = true
	internal.throw.on.fetch.stable.offset.unsupported = false
	isolation.level = read_uncommitted
	key.deserializer = class org.apache.kafka.common.serialization.StringDeserializer
	max.partition.fetch.bytes = 1048576
	max.poll.interval.ms = 300000
	max.poll.records = 500
	metadata.max.age.ms = 300000
	metadata.recovery.strategy = none
	metric.reporters = []
	metrics.num.samples = 2
	metrics.recording.level = INFO
	metrics.sample.window.ms = 30000
	partition.assignment.strategy = [class org.apache.kafka.clients.consumer.RangeAssignor, class org.apache.kafka.clients.consumer.CooperativeStickyAssignor]
	receive.buffer.bytes = 65536
	reconnect.backoff.max.ms = 1000
	reconnect.backoff.ms = 50
	request.timeout.ms = 5000
	retry.backoff.max.ms = 1000
	retry.backoff.ms = 100
	sasl.client.callback.handler.class = null
	sasl.jaas.config = null
	sasl.kerberos.kinit.cmd = /usr/bin/kinit
	sasl.kerberos.min.time.before.relogin = 60000
	sasl.kerberos.service.name = null
	sasl.kerberos.ticket.renew.jitter = 0.05
	sasl.kerberos.ticket.renew.window.factor = 0.8
	sasl.login.callback.handler.class = null
	sasl.login.class = null
	sasl.login.connect.timeout.ms = null
	sasl.login.read.timeout.ms = null
	sasl.login.refresh.buffer.seconds = 300
	sasl.login.refresh.min.period.seconds = 60
	sasl.login.refresh.window.factor = 0.8
	sasl.login.refresh.window.jitter = 0.05
	sasl.login.retry.backoff.max.ms = 10000
	sasl.login.retry.backoff.ms = 100
	sasl.mechanism = GSSAPI
	sasl.oauthbearer.clock.skew.seconds = 30
	sasl.oauthbearer.expected.audience = null
	sasl.oauthbearer.expected.issuer = null
	sasl.oauthbearer.header.urlencode = false
	sasl.oauthbearer.jwks.endpoint.refresh.ms = 3600000
	sasl.oauthbearer.jwks.endpoint.retry.backoff.max.ms = 10000
	sasl.oauthbearer.jwks.endpoint.retry.backoff.ms = 100
	sasl.oauthbearer.jwks.endpoint.url = null
	sasl.oauthbearer.scope.claim.name = scope
	sasl.oauthbearer.sub.claim.name = sub
	sasl.oauthbearer.token.endpoint.url = null
	security.protocol = PLAINTEXT
	security.providers = null
	send.buffer.bytes = 131072
	session.timeout.ms = 45000
	socket.connection.setup.timeout.max.ms = 30000
	socket.connection.setup.timeout.ms = 10000
	ssl.cipher.suites = null
	ssl.enabled.protocols = [TLSv1.2, TLSv1.3]
	ssl.endpoint.identification.algorithm = https
	ssl.engine.factory.class = null
	ssl.key.password = null
	ssl.keymanager.algorithm = SunX509
	ssl.keystore.certificate.chain = null
	ssl.keystore.key = null
	ssl.keystore.location = null
	ssl.keystore.password = null
	ssl.keystore.type = JKS
	ssl.protocol = TLSv1.3
	ssl.provider = null
	ssl.secure.random.implementation = null
	ssl.trustmanager.algorithm = PKIX
	ssl.truststore.certificates = null
	ssl.truststore.location = null
	ssl.truststore.password = null
	ssl.truststore.type = JKS
	value.deserializer = class io.apicurio.registry.serde.avro.AvroKafkaDeserializer

2025-08-07 12:23:47,972 INFO  [org.apa.kaf.com.tel.int.KafkaMetricsCollector] (main) initializing Kafka metrics collector
2025-08-07 12:23:47,980 INFO  [org.apa.kaf.cli.con.ConsumerConfig] (main) These configurations '[apicurio.registry.url]' were supplied but are not used yet.
2025-08-07 12:23:47,980 INFO  [org.apa.kaf.com.uti.AppInfoParser] (main) Kafka version: 3.9.1
2025-08-07 12:23:47,980 INFO  [org.apa.kaf.com.uti.AppInfoParser] (main) Kafka commitId: f745dfdcee2b9851
2025-08-07 12:23:47,980 INFO  [org.apa.kaf.com.uti.AppInfoParser] (main) Kafka startTimeMs: 1754569427980
2025-08-07 12:23:47,980 INFO  [org.apa.kaf.cli.con.int.ClassicKafkaConsumer] (Thread-648) [Consumer clientId=consumer-Consumer-topic-432ff208_d435_4d85_a21f_617a49949f8f-7, groupId=Consumer-topic-432ff208_d435_4d85_a21f_617a49949f8f] Subscribed to topic(s): topic-432ff208_d435_4d85_a21f_617a49949f8f
2025-08-07 12:23:47,985 INFO  [org.apa.kaf.cli.Metadata] (Thread-648) [Consumer clientId=consumer-Consumer-topic-432ff208_d435_4d85_a21f_617a49949f8f-7, groupId=Consumer-topic-432ff208_d435_4d85_a21f_617a49949f8f] Cluster ID: ewOXMZdKQImtr4eZTn3eAw
2025-08-07 12:23:47,987 INFO  [org.apa.kaf.cli.con.int.ConsumerCoordinator] (Thread-648) [Consumer clientId=consumer-Consumer-topic-432ff208_d435_4d85_a21f_617a49949f8f-7, groupId=Consumer-topic-432ff208_d435_4d85_a21f_617a49949f8f] Discovered group coordinator localhost:32769 (id: 2147483647 rack: null)
2025-08-07 12:23:47,988 INFO  [org.apa.kaf.cli.con.int.ConsumerCoordinator] (Thread-648) [Consumer clientId=consumer-Consumer-topic-432ff208_d435_4d85_a21f_617a49949f8f-7, groupId=Consumer-topic-432ff208_d435_4d85_a21f_617a49949f8f] (Re-)joining group
2025-08-07 12:23:47,991 INFO  [org.apa.kaf.cli.con.int.ConsumerCoordinator] (Thread-648) [Consumer clientId=consumer-Consumer-topic-432ff208_d435_4d85_a21f_617a49949f8f-7, groupId=Consumer-topic-432ff208_d435_4d85_a21f_617a49949f8f] Request joining group due to: need to re-join with the given member-id: consumer-Consumer-topic-432ff208_d435_4d85_a21f_617a49949f8f-7-ccfc64a2-d7ca-4074-8928-aa6542d65243
2025-08-07 12:23:47,991 INFO  [org.apa.kaf.cli.con.int.ConsumerCoordinator] (Thread-648) [Consumer clientId=consumer-Consumer-topic-432ff208_d435_4d85_a21f_617a49949f8f-7, groupId=Consumer-topic-432ff208_d435_4d85_a21f_617a49949f8f] (Re-)joining group
2025-08-07 12:23:48,981 INFO  [io.api.tes.ser.api.KafkaSerdesTester] (Thread-648) None found
2025-08-07 12:23:49,981 INFO  [io.api.tes.ser.api.KafkaSerdesTester] (Thread-648) None found
2025-08-07 12:23:50,981 INFO  [io.api.tes.ser.api.KafkaSerdesTester] (Thread-648) None found
2025-08-07 12:23:50,993 INFO  [org.apa.kaf.cli.con.int.ConsumerCoordinator] (Thread-648) [Consumer clientId=consumer-Consumer-topic-432ff208_d435_4d85_a21f_617a49949f8f-7, groupId=Consumer-topic-432ff208_d435_4d85_a21f_617a49949f8f] Successfully joined group with generation Generation{generationId=1, memberId='consumer-Consumer-topic-432ff208_d435_4d85_a21f_617a49949f8f-7-ccfc64a2-d7ca-4074-8928-aa6542d65243', protocol='range'}
2025-08-07 12:23:50,994 INFO  [org.apa.kaf.cli.con.int.ConsumerCoordinator] (Thread-648) [Consumer clientId=consumer-Consumer-topic-432ff208_d435_4d85_a21f_617a49949f8f-7, groupId=Consumer-topic-432ff208_d435_4d85_a21f_617a49949f8f] Finished assignment for group at generation 1: {consumer-Consumer-topic-432ff208_d435_4d85_a21f_617a49949f8f-7-ccfc64a2-d7ca-4074-8928-aa6542d65243=Assignment(partitions=[topic-432ff208_d435_4d85_a21f_617a49949f8f-0])}
2025-08-07 12:23:51,000 INFO  [org.apa.kaf.cli.con.int.ConsumerCoordinator] (Thread-648) [Consumer clientId=consumer-Consumer-topic-432ff208_d435_4d85_a21f_617a49949f8f-7, groupId=Consumer-topic-432ff208_d435_4d85_a21f_617a49949f8f] Successfully synced group in generation Generation{generationId=1, memberId='consumer-Consumer-topic-432ff208_d435_4d85_a21f_617a49949f8f-7-ccfc64a2-d7ca-4074-8928-aa6542d65243', protocol='range'}
2025-08-07 12:23:51,000 INFO  [org.apa.kaf.cli.con.int.ConsumerCoordinator] (Thread-648) [Consumer clientId=consumer-Consumer-topic-432ff208_d435_4d85_a21f_617a49949f8f-7, groupId=Consumer-topic-432ff208_d435_4d85_a21f_617a49949f8f] Notifying assignor about the new Assignment(partitions=[topic-432ff208_d435_4d85_a21f_617a49949f8f-0])
2025-08-07 12:23:51,000 INFO  [org.apa.kaf.cli.con.int.ConsumerRebalanceListenerInvoker] (Thread-648) [Consumer clientId=consumer-Consumer-topic-432ff208_d435_4d85_a21f_617a49949f8f-7, groupId=Consumer-topic-432ff208_d435_4d85_a21f_617a49949f8f] Adding newly assigned partitions: topic-432ff208_d435_4d85_a21f_617a49949f8f-0
2025-08-07 12:23:51,001 INFO  [org.apa.kaf.cli.con.int.ConsumerCoordinator] (Thread-648) [Consumer clientId=consumer-Consumer-topic-432ff208_d435_4d85_a21f_617a49949f8f-7, groupId=Consumer-topic-432ff208_d435_4d85_a21f_617a49949f8f] Found no committed offset for partition topic-432ff208_d435_4d85_a21f_617a49949f8f-0
2025-08-07 12:23:51,005 INFO  [org.apa.kaf.cli.con.int.SubscriptionState] (Thread-648) [Consumer clientId=consumer-Consumer-topic-432ff208_d435_4d85_a21f_617a49949f8f-7, groupId=Consumer-topic-432ff208_d435_4d85_a21f_617a49949f8f] Resetting offset for partition topic-432ff208_d435_4d85_a21f_617a49949f8f-0 to position FetchPosition{offset=0, offsetEpoch=Optional.empty, currentLeader=LeaderAndEpoch{leader=Optional[localhost:32769 (id: 0 rack: null)], epoch=0}}.
2025-08-07 12:23:51,269 INFO  [io.api.tes.ser.api.KafkaSerdesTester] (Thread-648) topic-432ff208_d435_4d85_a21f_617a49949f8f 0 0 {"key11754569426215": "value-0"}
2025-08-07 12:23:51,269 INFO  [io.api.tes.ser.api.KafkaSerdesTester] (Thread-648) topic-432ff208_d435_4d85_a21f_617a49949f8f 0 1 {"key11754569426215": "value-1"}
2025-08-07 12:23:51,269 INFO  [io.api.tes.ser.api.KafkaSerdesTester] (Thread-648) topic-432ff208_d435_4d85_a21f_617a49949f8f 0 2 {"key11754569426215": "value-2"}
2025-08-07 12:23:51,269 INFO  [io.api.tes.ser.api.KafkaSerdesTester] (Thread-648) topic-432ff208_d435_4d85_a21f_617a49949f8f 0 3 {"key11754569426215": "value-3"}
2025-08-07 12:23:51,269 INFO  [io.api.tes.ser.api.KafkaSerdesTester] (Thread-648) topic-432ff208_d435_4d85_a21f_617a49949f8f 0 4 {"key11754569426215": "value-4"}
2025-08-07 12:23:51,269 INFO  [io.api.tes.ser.api.KafkaSerdesTester] (Thread-648) topic-432ff208_d435_4d85_a21f_617a49949f8f 0 5 {"key11754569426215": "value-5"}
2025-08-07 12:23:51,269 INFO  [io.api.tes.ser.api.KafkaSerdesTester] (Thread-648) topic-432ff208_d435_4d85_a21f_617a49949f8f 0 6 {"key11754569426215": "value-6"}
2025-08-07 12:23:51,269 INFO  [io.api.tes.ser.api.KafkaSerdesTester] (Thread-648) topic-432ff208_d435_4d85_a21f_617a49949f8f 0 7 {"key11754569426215": "value-7"}
2025-08-07 12:23:51,270 INFO  [io.api.tes.ser.api.KafkaSerdesTester] (Thread-648) topic-432ff208_d435_4d85_a21f_617a49949f8f 0 8 {"key11754569426215": "value-8"}
2025-08-07 12:23:51,270 INFO  [io.api.tes.ser.api.KafkaSerdesTester] (Thread-648) topic-432ff208_d435_4d85_a21f_617a49949f8f 0 9 {"key11754569426215": "value-9"}
2025-08-07 12:23:51,270 INFO  [io.api.tes.ser.api.KafkaSerdesTester] (Thread-648) Consumed 10 messages
2025-08-07 12:23:51,277 INFO  [org.apa.kaf.cli.con.int.ConsumerRebalanceListenerInvoker] (Thread-648) [Consumer clientId=consumer-Consumer-topic-432ff208_d435_4d85_a21f_617a49949f8f-7, groupId=Consumer-topic-432ff208_d435_4d85_a21f_617a49949f8f] Revoke previously assigned partitions topic-432ff208_d435_4d85_a21f_617a49949f8f-0
2025-08-07 12:23:51,277 INFO  [org.apa.kaf.cli.con.int.ConsumerCoordinator] (Thread-648) [Consumer clientId=consumer-Consumer-topic-432ff208_d435_4d85_a21f_617a49949f8f-7, groupId=Consumer-topic-432ff208_d435_4d85_a21f_617a49949f8f] Member consumer-Consumer-topic-432ff208_d435_4d85_a21f_617a49949f8f-7-ccfc64a2-d7ca-4074-8928-aa6542d65243 sending LeaveGroup request to coordinator localhost:32769 (id: 2147483647 rack: null) due to the consumer is being closed
2025-08-07 12:23:51,277 INFO  [org.apa.kaf.cli.con.int.ConsumerCoordinator] (Thread-648) [Consumer clientId=consumer-Consumer-topic-432ff208_d435_4d85_a21f_617a49949f8f-7, groupId=Consumer-topic-432ff208_d435_4d85_a21f_617a49949f8f] Resetting generation and member id due to: consumer pro-actively leaving the group
2025-08-07 12:23:51,277 INFO  [org.apa.kaf.cli.con.int.ConsumerCoordinator] (Thread-648) [Consumer clientId=consumer-Consumer-topic-432ff208_d435_4d85_a21f_617a49949f8f-7, groupId=Consumer-topic-432ff208_d435_4d85_a21f_617a49949f8f] Request joining group due to: consumer pro-actively leaving the group
2025-08-07 12:23:51,772 INFO  [org.apa.kaf.com.met.Metrics] (Thread-648) Metrics scheduler closed
2025-08-07 12:23:51,772 INFO  [org.apa.kaf.com.met.Metrics] (Thread-648) Closing reporter org.apache.kafka.common.metrics.JmxReporter
2025-08-07 12:23:51,772 INFO  [org.apa.kaf.com.met.Metrics] (Thread-648) Closing reporter org.apache.kafka.common.telemetry.internals.ClientTelemetryReporter
2025-08-07 12:23:51,772 INFO  [org.apa.kaf.com.met.Metrics] (Thread-648) Metrics reporters closed
2025-08-07 12:23:51,775 INFO  [org.apa.kaf.com.uti.AppInfoParser] (Thread-648) App info kafka.consumer for consumer-Consumer-topic-432ff208_d435_4d85_a21f_617a49949f8f-7 unregistered
2025-08-07 12:23:51,776 INFO  [io.api.tes.uti.TestSeparator] (main) io.apicurio.tests.serdes.apicurio.AvroSerdeIT.testTopicIdStrategyFindLatest-FINISHED
2025-08-07 12:23:51,776 INFO  [io.api.tes.uti.TestSeparator] (main) ############################################################################
Test passed: testTopicIdStrategyFindLatest
]]></system-out>
  </testcase>
  <testcase name="testAvroUnionWithSpecificReader" classname="io.apicurio.tests.serdes.apicurio.AvroSerdeIT" time="4.935">
    <system-out><![CDATA[2025-08-07 12:23:51,779 INFO  [io.api.tes.uti.TestSeparator] (main) ############################################################################
2025-08-07 12:23:51,779 INFO  [io.api.tes.uti.TestSeparator] (main) io.apicurio.tests.serdes.apicurio.AvroSerdeIT.testAvroUnionWithSpecificReader-STARTED
**** Registry Base URL: http://registry-app-pg17.apps.ci419.apicurio-testing.org:80
2025-08-07 12:23:51,783 INFO  [org.apa.kaf.cli.pro.ProducerConfig] (main) ProducerConfig values: 
	acks = -1
	auto.include.jmx.reporter = true
	batch.size = 16384
	bootstrap.servers = [PLAINTEXT://localhost:32769]
	buffer.memory = 33554432
	client.dns.lookup = use_all_dns_ips
	client.id = Producer-topic-f3d75b31_524d_47e2_b2fa_f960464ff6d1
	compression.gzip.level = -1
	compression.lz4.level = 9
	compression.type = none
	compression.zstd.level = 3
	connections.max.idle.ms = 10000
	delivery.timeout.ms = 120000
	enable.idempotence = true
	enable.metrics.push = true
	interceptor.classes = []
	key.serializer = class org.apache.kafka.common.serialization.StringSerializer
	linger.ms = 0
	max.block.ms = 60000
	max.in.flight.requests.per.connection = 5
	max.request.size = 1048576
	metadata.max.age.ms = 300000
	metadata.max.idle.ms = 300000
	metadata.recovery.strategy = none
	metric.reporters = []
	metrics.num.samples = 2
	metrics.recording.level = INFO
	metrics.sample.window.ms = 30000
	partitioner.adaptive.partitioning.enable = true
	partitioner.availability.timeout.ms = 0
	partitioner.class = null
	partitioner.ignore.keys = false
	receive.buffer.bytes = 32768
	reconnect.backoff.max.ms = 1000
	reconnect.backoff.ms = 50
	request.timeout.ms = 5000
	retries = 2147483647
	retry.backoff.max.ms = 1000
	retry.backoff.ms = 100
	sasl.client.callback.handler.class = null
	sasl.jaas.config = null
	sasl.kerberos.kinit.cmd = /usr/bin/kinit
	sasl.kerberos.min.time.before.relogin = 60000
	sasl.kerberos.service.name = null
	sasl.kerberos.ticket.renew.jitter = 0.05
	sasl.kerberos.ticket.renew.window.factor = 0.8
	sasl.login.callback.handler.class = null
	sasl.login.class = null
	sasl.login.connect.timeout.ms = null
	sasl.login.read.timeout.ms = null
	sasl.login.refresh.buffer.seconds = 300
	sasl.login.refresh.min.period.seconds = 60
	sasl.login.refresh.window.factor = 0.8
	sasl.login.refresh.window.jitter = 0.05
	sasl.login.retry.backoff.max.ms = 10000
	sasl.login.retry.backoff.ms = 100
	sasl.mechanism = GSSAPI
	sasl.oauthbearer.clock.skew.seconds = 30
	sasl.oauthbearer.expected.audience = null
	sasl.oauthbearer.expected.issuer = null
	sasl.oauthbearer.header.urlencode = false
	sasl.oauthbearer.jwks.endpoint.refresh.ms = 3600000
	sasl.oauthbearer.jwks.endpoint.retry.backoff.max.ms = 10000
	sasl.oauthbearer.jwks.endpoint.retry.backoff.ms = 100
	sasl.oauthbearer.jwks.endpoint.url = null
	sasl.oauthbearer.scope.claim.name = scope
	sasl.oauthbearer.sub.claim.name = sub
	sasl.oauthbearer.token.endpoint.url = null
	security.protocol = PLAINTEXT
	security.providers = null
	send.buffer.bytes = 131072
	socket.connection.setup.timeout.max.ms = 30000
	socket.connection.setup.timeout.ms = 10000
	ssl.cipher.suites = null
	ssl.enabled.protocols = [TLSv1.2, TLSv1.3]
	ssl.endpoint.identification.algorithm = https
	ssl.engine.factory.class = null
	ssl.key.password = null
	ssl.keymanager.algorithm = SunX509
	ssl.keystore.certificate.chain = null
	ssl.keystore.key = null
	ssl.keystore.location = null
	ssl.keystore.password = null
	ssl.keystore.type = JKS
	ssl.protocol = TLSv1.3
	ssl.provider = null
	ssl.secure.random.implementation = null
	ssl.trustmanager.algorithm = PKIX
	ssl.truststore.certificates = null
	ssl.truststore.location = null
	ssl.truststore.password = null
	ssl.truststore.type = JKS
	transaction.timeout.ms = 60000
	transactional.id = null
	value.serializer = class io.apicurio.registry.serde.avro.AvroKafkaSerializer

2025-08-07 12:23:51,784 INFO  [org.apa.kaf.com.tel.int.KafkaMetricsCollector] (main) initializing Kafka metrics collector
2025-08-07 12:23:51,787 INFO  [org.apa.kaf.cli.pro.KafkaProducer] (main) [Producer clientId=Producer-topic-f3d75b31_524d_47e2_b2fa_f960464ff6d1] Instantiated an idempotent producer.
2025-08-07 12:23:51,788 INFO  [org.apa.kaf.cli.pro.ProducerConfig] (main) These configurations '[apicurio.registry.url, apicurio.registry.auto-register, apicurio.registry.artifact-resolver-strategy]' were supplied but are not used yet.
2025-08-07 12:23:51,788 INFO  [org.apa.kaf.com.uti.AppInfoParser] (main) Kafka version: 3.9.1
2025-08-07 12:23:51,788 INFO  [org.apa.kaf.com.uti.AppInfoParser] (main) Kafka commitId: f745dfdcee2b9851
2025-08-07 12:23:51,788 INFO  [org.apa.kaf.com.uti.AppInfoParser] (main) Kafka startTimeMs: 1754569431788
2025-08-07 12:23:51,788 INFO  [io.api.tes.ser.api.SimpleSerdesTesterBuilder$SimpleSerdesTester] (main) Using producer configuration: {apicurio.registry.url=http://registry-app-pg17.apps.ci419.apicurio-testing.org:80/apis/registry/v3, apicurio.registry.auto-register=true, apicurio.registry.artifact-resolver-strategy=io.apicurio.registry.serde.strategy.TopicIdStrategy, value.serializer=io.apicurio.registry.serde.avro.AvroKafkaSerializer, request.timeout.ms=5000, acks=all, bootstrap.servers=PLAINTEXT://localhost:32769, connections.max.idle.ms=10000, key.serializer=org.apache.kafka.common.serialization.StringSerializer, client.id=Producer-topic-f3d75b31_524d_47e2_b2fa_f960464ff6d1}
2025-08-07 12:23:51,789 INFO  [io.api.tes.ser.api.SimpleSerdesTesterBuilder$SimpleSerdesTester] (main) Using consumer configuration: {}
2025-08-07 12:23:51,789 INFO  [io.api.tes.ser.api.KafkaSerdesTester] (Thread-651) Sending message {"id": "record-0"} to topic topic-f3d75b31_524d_47e2_b2fa_f960464ff6d1
2025-08-07 12:23:51,799 WARN  [org.apa.kaf.cli.NetworkClient] (kafka-producer-network-thread | Producer-topic-f3d75b31_524d_47e2_b2fa_f960464ff6d1) [Producer clientId=Producer-topic-f3d75b31_524d_47e2_b2fa_f960464ff6d1] The metadata response from the cluster reported a recoverable issue with correlation id 1 : {topic-f3d75b31_524d_47e2_b2fa_f960464ff6d1=UNKNOWN_TOPIC_OR_PARTITION}
2025-08-07 12:23:51,799 INFO  [org.apa.kaf.cli.Metadata] (kafka-producer-network-thread | Producer-topic-f3d75b31_524d_47e2_b2fa_f960464ff6d1) [Producer clientId=Producer-topic-f3d75b31_524d_47e2_b2fa_f960464ff6d1] Cluster ID: ewOXMZdKQImtr4eZTn3eAw
2025-08-07 12:23:51,799 INFO  [org.apa.kaf.cli.pro.int.TransactionManager] (kafka-producer-network-thread | Producer-topic-f3d75b31_524d_47e2_b2fa_f960464ff6d1) [Producer clientId=Producer-topic-f3d75b31_524d_47e2_b2fa_f960464ff6d1] ProducerId set to 10 with epoch 0
2025-08-07 12:23:52,125 INFO  [io.api.tes.ser.api.KafkaSerdesTester] (Thread-651) Sending message {"value": 1} to topic topic-f3d75b31_524d_47e2_b2fa_f960464ff6d1
2025-08-07 12:23:52,254 INFO  [io.api.tes.ser.api.KafkaSerdesTester] (Thread-651) Sending message {"active": true} to topic topic-f3d75b31_524d_47e2_b2fa_f960464ff6d1
2025-08-07 12:23:52,381 INFO  [io.api.tes.ser.api.KafkaSerdesTester] (Thread-651) Sending message {"id": "record-3"} to topic topic-f3d75b31_524d_47e2_b2fa_f960464ff6d1
2025-08-07 12:23:52,383 INFO  [io.api.tes.ser.api.KafkaSerdesTester] (Thread-651) Sending message {"value": 4} to topic topic-f3d75b31_524d_47e2_b2fa_f960464ff6d1
2025-08-07 12:23:52,386 INFO  [io.api.tes.ser.api.KafkaSerdesTester] (Thread-651) Sending message {"active": false} to topic topic-f3d75b31_524d_47e2_b2fa_f960464ff6d1
2025-08-07 12:23:52,389 INFO  [io.api.tes.ser.api.KafkaSerdesTester] (Thread-651) Sending message {"id": "record-6"} to topic topic-f3d75b31_524d_47e2_b2fa_f960464ff6d1
2025-08-07 12:23:52,391 INFO  [io.api.tes.ser.api.KafkaSerdesTester] (Thread-651) Sending message {"value": 7} to topic topic-f3d75b31_524d_47e2_b2fa_f960464ff6d1
2025-08-07 12:23:52,394 INFO  [io.api.tes.ser.api.KafkaSerdesTester] (Thread-651) Sending message {"active": true} to topic topic-f3d75b31_524d_47e2_b2fa_f960464ff6d1
2025-08-07 12:23:52,396 INFO  [io.api.tes.ser.api.KafkaSerdesTester] (Thread-651) Sending message {"id": "record-9"} to topic topic-f3d75b31_524d_47e2_b2fa_f960464ff6d1
2025-08-07 12:23:52,398 INFO  [io.api.tes.ser.api.KafkaSerdesTester] (Thread-651) Produced 10 messages
2025-08-07 12:23:52,398 INFO  [org.apa.kaf.cli.pro.KafkaProducer] (Thread-651) [Producer clientId=Producer-topic-f3d75b31_524d_47e2_b2fa_f960464ff6d1] Closing the Kafka producer with timeoutMillis = 9223372036854775807 ms.
2025-08-07 12:23:52,401 INFO  [org.apa.kaf.com.met.Metrics] (Thread-651) Metrics scheduler closed
2025-08-07 12:23:52,401 INFO  [org.apa.kaf.com.met.Metrics] (Thread-651) Closing reporter org.apache.kafka.common.metrics.JmxReporter
2025-08-07 12:23:52,401 INFO  [org.apa.kaf.com.met.Metrics] (Thread-651) Closing reporter org.apache.kafka.common.telemetry.internals.ClientTelemetryReporter
2025-08-07 12:23:52,402 INFO  [org.apa.kaf.com.met.Metrics] (Thread-651) Metrics reporters closed
2025-08-07 12:23:52,402 INFO  [org.apa.kaf.com.uti.AppInfoParser] (Thread-651) App info kafka.producer for Producer-topic-f3d75b31_524d_47e2_b2fa_f960464ff6d1 unregistered
2025-08-07 12:23:52,573 INFO  [io.api.tes.ser.api.AvroSerdeIT] (main) Artifact topic-f3d75b31_524d_47e2_b2fa_f960464ff6d1-value found in registry with globalId 25
**** Registry Base URL: http://registry-app-pg17.apps.ci419.apicurio-testing.org:80
2025-08-07 12:23:52,573 INFO  [org.apa.kaf.cli.con.ConsumerConfig] (main) ConsumerConfig values: 
	allow.auto.create.topics = true
	auto.commit.interval.ms = 500
	auto.include.jmx.reporter = true
	auto.offset.reset = earliest
	bootstrap.servers = [PLAINTEXT://localhost:32769]
	check.crcs = true
	client.dns.lookup = use_all_dns_ips
	client.id = consumer-Consumer-topic-f3d75b31_524d_47e2_b2fa_f960464ff6d1-8
	client.rack = 
	connections.max.idle.ms = 10000
	default.api.timeout.ms = 60000
	enable.auto.commit = true
	enable.metrics.push = true
	exclude.internal.topics = true
	fetch.max.bytes = 52428800
	fetch.max.wait.ms = 500
	fetch.min.bytes = 1
	group.id = Consumer-topic-f3d75b31_524d_47e2_b2fa_f960464ff6d1
	group.instance.id = null
	group.protocol = classic
	group.remote.assignor = null
	heartbeat.interval.ms = 3000
	interceptor.classes = []
	internal.leave.group.on.close = true
	internal.throw.on.fetch.stable.offset.unsupported = false
	isolation.level = read_uncommitted
	key.deserializer = class org.apache.kafka.common.serialization.StringDeserializer
	max.partition.fetch.bytes = 1048576
	max.poll.interval.ms = 300000
	max.poll.records = 500
	metadata.max.age.ms = 300000
	metadata.recovery.strategy = none
	metric.reporters = []
	metrics.num.samples = 2
	metrics.recording.level = INFO
	metrics.sample.window.ms = 30000
	partition.assignment.strategy = [class org.apache.kafka.clients.consumer.RangeAssignor, class org.apache.kafka.clients.consumer.CooperativeStickyAssignor]
	receive.buffer.bytes = 65536
	reconnect.backoff.max.ms = 1000
	reconnect.backoff.ms = 50
	request.timeout.ms = 5000
	retry.backoff.max.ms = 1000
	retry.backoff.ms = 100
	sasl.client.callback.handler.class = null
	sasl.jaas.config = null
	sasl.kerberos.kinit.cmd = /usr/bin/kinit
	sasl.kerberos.min.time.before.relogin = 60000
	sasl.kerberos.service.name = null
	sasl.kerberos.ticket.renew.jitter = 0.05
	sasl.kerberos.ticket.renew.window.factor = 0.8
	sasl.login.callback.handler.class = null
	sasl.login.class = null
	sasl.login.connect.timeout.ms = null
	sasl.login.read.timeout.ms = null
	sasl.login.refresh.buffer.seconds = 300
	sasl.login.refresh.min.period.seconds = 60
	sasl.login.refresh.window.factor = 0.8
	sasl.login.refresh.window.jitter = 0.05
	sasl.login.retry.backoff.max.ms = 10000
	sasl.login.retry.backoff.ms = 100
	sasl.mechanism = GSSAPI
	sasl.oauthbearer.clock.skew.seconds = 30
	sasl.oauthbearer.expected.audience = null
	sasl.oauthbearer.expected.issuer = null
	sasl.oauthbearer.header.urlencode = false
	sasl.oauthbearer.jwks.endpoint.refresh.ms = 3600000
	sasl.oauthbearer.jwks.endpoint.retry.backoff.max.ms = 10000
	sasl.oauthbearer.jwks.endpoint.retry.backoff.ms = 100
	sasl.oauthbearer.jwks.endpoint.url = null
	sasl.oauthbearer.scope.claim.name = scope
	sasl.oauthbearer.sub.claim.name = sub
	sasl.oauthbearer.token.endpoint.url = null
	security.protocol = PLAINTEXT
	security.providers = null
	send.buffer.bytes = 131072
	session.timeout.ms = 45000
	socket.connection.setup.timeout.max.ms = 30000
	socket.connection.setup.timeout.ms = 10000
	ssl.cipher.suites = null
	ssl.enabled.protocols = [TLSv1.2, TLSv1.3]
	ssl.endpoint.identification.algorithm = https
	ssl.engine.factory.class = null
	ssl.key.password = null
	ssl.keymanager.algorithm = SunX509
	ssl.keystore.certificate.chain = null
	ssl.keystore.key = null
	ssl.keystore.location = null
	ssl.keystore.password = null
	ssl.keystore.type = JKS
	ssl.protocol = TLSv1.3
	ssl.provider = null
	ssl.secure.random.implementation = null
	ssl.trustmanager.algorithm = PKIX
	ssl.truststore.certificates = null
	ssl.truststore.location = null
	ssl.truststore.password = null
	ssl.truststore.type = JKS
	value.deserializer = class io.apicurio.registry.serde.avro.AvroKafkaDeserializer

2025-08-07 12:23:52,574 INFO  [org.apa.kaf.com.tel.int.KafkaMetricsCollector] (main) initializing Kafka metrics collector
2025-08-07 12:23:52,581 INFO  [org.apa.kaf.cli.con.ConsumerConfig] (main) These configurations '[apicurio.registry.url]' were supplied but are not used yet.
2025-08-07 12:23:52,581 INFO  [org.apa.kaf.com.uti.AppInfoParser] (main) Kafka version: 3.9.1
2025-08-07 12:23:52,581 INFO  [org.apa.kaf.com.uti.AppInfoParser] (main) Kafka commitId: f745dfdcee2b9851
2025-08-07 12:23:52,581 INFO  [org.apa.kaf.com.uti.AppInfoParser] (main) Kafka startTimeMs: 1754569432581
2025-08-07 12:23:52,583 INFO  [org.apa.kaf.cli.con.int.ClassicKafkaConsumer] (Thread-654) [Consumer clientId=consumer-Consumer-topic-f3d75b31_524d_47e2_b2fa_f960464ff6d1-8, groupId=Consumer-topic-f3d75b31_524d_47e2_b2fa_f960464ff6d1] Subscribed to topic(s): topic-f3d75b31_524d_47e2_b2fa_f960464ff6d1
2025-08-07 12:23:52,587 INFO  [org.apa.kaf.cli.Metadata] (Thread-654) [Consumer clientId=consumer-Consumer-topic-f3d75b31_524d_47e2_b2fa_f960464ff6d1-8, groupId=Consumer-topic-f3d75b31_524d_47e2_b2fa_f960464ff6d1] Cluster ID: ewOXMZdKQImtr4eZTn3eAw
2025-08-07 12:23:52,587 INFO  [org.apa.kaf.cli.con.int.ConsumerCoordinator] (Thread-654) [Consumer clientId=consumer-Consumer-topic-f3d75b31_524d_47e2_b2fa_f960464ff6d1-8, groupId=Consumer-topic-f3d75b31_524d_47e2_b2fa_f960464ff6d1] Discovered group coordinator localhost:32769 (id: 2147483647 rack: null)
2025-08-07 12:23:52,589 INFO  [org.apa.kaf.cli.con.int.ConsumerCoordinator] (Thread-654) [Consumer clientId=consumer-Consumer-topic-f3d75b31_524d_47e2_b2fa_f960464ff6d1-8, groupId=Consumer-topic-f3d75b31_524d_47e2_b2fa_f960464ff6d1] (Re-)joining group
2025-08-07 12:23:52,593 INFO  [org.apa.kaf.cli.con.int.ConsumerCoordinator] (Thread-654) [Consumer clientId=consumer-Consumer-topic-f3d75b31_524d_47e2_b2fa_f960464ff6d1-8, groupId=Consumer-topic-f3d75b31_524d_47e2_b2fa_f960464ff6d1] Request joining group due to: need to re-join with the given member-id: consumer-Consumer-topic-f3d75b31_524d_47e2_b2fa_f960464ff6d1-8-173fa691-bad9-4ded-927a-0fd56e25ab55
2025-08-07 12:23:52,593 INFO  [org.apa.kaf.cli.con.int.ConsumerCoordinator] (Thread-654) [Consumer clientId=consumer-Consumer-topic-f3d75b31_524d_47e2_b2fa_f960464ff6d1-8, groupId=Consumer-topic-f3d75b31_524d_47e2_b2fa_f960464ff6d1] (Re-)joining group
2025-08-07 12:23:53,584 INFO  [io.api.tes.ser.api.KafkaSerdesTester] (Thread-654) None found
2025-08-07 12:23:54,584 INFO  [io.api.tes.ser.api.KafkaSerdesTester] (Thread-654) None found
2025-08-07 12:23:55,584 INFO  [io.api.tes.ser.api.KafkaSerdesTester] (Thread-654) None found
2025-08-07 12:23:55,599 INFO  [org.apa.kaf.cli.con.int.ConsumerCoordinator] (Thread-654) [Consumer clientId=consumer-Consumer-topic-f3d75b31_524d_47e2_b2fa_f960464ff6d1-8, groupId=Consumer-topic-f3d75b31_524d_47e2_b2fa_f960464ff6d1] Successfully joined group with generation Generation{generationId=1, memberId='consumer-Consumer-topic-f3d75b31_524d_47e2_b2fa_f960464ff6d1-8-173fa691-bad9-4ded-927a-0fd56e25ab55', protocol='range'}
2025-08-07 12:23:55,599 INFO  [org.apa.kaf.cli.con.int.ConsumerCoordinator] (Thread-654) [Consumer clientId=consumer-Consumer-topic-f3d75b31_524d_47e2_b2fa_f960464ff6d1-8, groupId=Consumer-topic-f3d75b31_524d_47e2_b2fa_f960464ff6d1] Finished assignment for group at generation 1: {consumer-Consumer-topic-f3d75b31_524d_47e2_b2fa_f960464ff6d1-8-173fa691-bad9-4ded-927a-0fd56e25ab55=Assignment(partitions=[topic-f3d75b31_524d_47e2_b2fa_f960464ff6d1-0])}
2025-08-07 12:23:55,606 INFO  [org.apa.kaf.cli.con.int.ConsumerCoordinator] (Thread-654) [Consumer clientId=consumer-Consumer-topic-f3d75b31_524d_47e2_b2fa_f960464ff6d1-8, groupId=Consumer-topic-f3d75b31_524d_47e2_b2fa_f960464ff6d1] Successfully synced group in generation Generation{generationId=1, memberId='consumer-Consumer-topic-f3d75b31_524d_47e2_b2fa_f960464ff6d1-8-173fa691-bad9-4ded-927a-0fd56e25ab55', protocol='range'}
2025-08-07 12:23:55,607 INFO  [org.apa.kaf.cli.con.int.ConsumerCoordinator] (Thread-654) [Consumer clientId=consumer-Consumer-topic-f3d75b31_524d_47e2_b2fa_f960464ff6d1-8, groupId=Consumer-topic-f3d75b31_524d_47e2_b2fa_f960464ff6d1] Notifying assignor about the new Assignment(partitions=[topic-f3d75b31_524d_47e2_b2fa_f960464ff6d1-0])
2025-08-07 12:23:55,607 INFO  [org.apa.kaf.cli.con.int.ConsumerRebalanceListenerInvoker] (Thread-654) [Consumer clientId=consumer-Consumer-topic-f3d75b31_524d_47e2_b2fa_f960464ff6d1-8, groupId=Consumer-topic-f3d75b31_524d_47e2_b2fa_f960464ff6d1] Adding newly assigned partitions: topic-f3d75b31_524d_47e2_b2fa_f960464ff6d1-0
2025-08-07 12:23:55,608 INFO  [org.apa.kaf.cli.con.int.ConsumerCoordinator] (Thread-654) [Consumer clientId=consumer-Consumer-topic-f3d75b31_524d_47e2_b2fa_f960464ff6d1-8, groupId=Consumer-topic-f3d75b31_524d_47e2_b2fa_f960464ff6d1] Found no committed offset for partition topic-f3d75b31_524d_47e2_b2fa_f960464ff6d1-0
2025-08-07 12:23:55,613 INFO  [org.apa.kaf.cli.con.int.SubscriptionState] (Thread-654) [Consumer clientId=consumer-Consumer-topic-f3d75b31_524d_47e2_b2fa_f960464ff6d1-8, groupId=Consumer-topic-f3d75b31_524d_47e2_b2fa_f960464ff6d1] Resetting offset for partition topic-f3d75b31_524d_47e2_b2fa_f960464ff6d1-0 to position FetchPosition{offset=0, offsetEpoch=Optional.empty, currentLeader=LeaderAndEpoch{leader=Optional[localhost:32769 (id: 0 rack: null)], epoch=0}}.
2025-08-07 12:23:56,204 INFO  [io.api.tes.ser.api.KafkaSerdesTester] (Thread-654) topic-f3d75b31_524d_47e2_b2fa_f960464ff6d1 0 0 {"id": "record-0"}
2025-08-07 12:23:56,204 INFO  [io.api.tes.ser.api.KafkaSerdesTester] (Thread-654) topic-f3d75b31_524d_47e2_b2fa_f960464ff6d1 0 1 {"value": 1}
2025-08-07 12:23:56,205 INFO  [io.api.tes.ser.api.KafkaSerdesTester] (Thread-654) topic-f3d75b31_524d_47e2_b2fa_f960464ff6d1 0 2 {"active": true}
2025-08-07 12:23:56,205 INFO  [io.api.tes.ser.api.KafkaSerdesTester] (Thread-654) topic-f3d75b31_524d_47e2_b2fa_f960464ff6d1 0 3 {"id": "record-3"}
2025-08-07 12:23:56,205 INFO  [io.api.tes.ser.api.KafkaSerdesTester] (Thread-654) topic-f3d75b31_524d_47e2_b2fa_f960464ff6d1 0 4 {"value": 4}
2025-08-07 12:23:56,205 INFO  [io.api.tes.ser.api.KafkaSerdesTester] (Thread-654) topic-f3d75b31_524d_47e2_b2fa_f960464ff6d1 0 5 {"active": false}
2025-08-07 12:23:56,205 INFO  [io.api.tes.ser.api.KafkaSerdesTester] (Thread-654) topic-f3d75b31_524d_47e2_b2fa_f960464ff6d1 0 6 {"id": "record-6"}
2025-08-07 12:23:56,205 INFO  [io.api.tes.ser.api.KafkaSerdesTester] (Thread-654) topic-f3d75b31_524d_47e2_b2fa_f960464ff6d1 0 7 {"value": 7}
2025-08-07 12:23:56,205 INFO  [io.api.tes.ser.api.KafkaSerdesTester] (Thread-654) topic-f3d75b31_524d_47e2_b2fa_f960464ff6d1 0 8 {"active": true}
2025-08-07 12:23:56,205 INFO  [io.api.tes.ser.api.KafkaSerdesTester] (Thread-654) topic-f3d75b31_524d_47e2_b2fa_f960464ff6d1 0 9 {"id": "record-9"}
2025-08-07 12:23:56,205 INFO  [io.api.tes.ser.api.KafkaSerdesTester] (Thread-654) Consumed 10 messages
2025-08-07 12:23:56,212 INFO  [org.apa.kaf.cli.con.int.ConsumerRebalanceListenerInvoker] (Thread-654) [Consumer clientId=consumer-Consumer-topic-f3d75b31_524d_47e2_b2fa_f960464ff6d1-8, groupId=Consumer-topic-f3d75b31_524d_47e2_b2fa_f960464ff6d1] Revoke previously assigned partitions topic-f3d75b31_524d_47e2_b2fa_f960464ff6d1-0
2025-08-07 12:23:56,214 INFO  [org.apa.kaf.cli.con.int.ConsumerCoordinator] (Thread-654) [Consumer clientId=consumer-Consumer-topic-f3d75b31_524d_47e2_b2fa_f960464ff6d1-8, groupId=Consumer-topic-f3d75b31_524d_47e2_b2fa_f960464ff6d1] Member consumer-Consumer-topic-f3d75b31_524d_47e2_b2fa_f960464ff6d1-8-173fa691-bad9-4ded-927a-0fd56e25ab55 sending LeaveGroup request to coordinator localhost:32769 (id: 2147483647 rack: null) due to the consumer is being closed
2025-08-07 12:23:56,214 INFO  [org.apa.kaf.cli.con.int.ConsumerCoordinator] (Thread-654) [Consumer clientId=consumer-Consumer-topic-f3d75b31_524d_47e2_b2fa_f960464ff6d1-8, groupId=Consumer-topic-f3d75b31_524d_47e2_b2fa_f960464ff6d1] Resetting generation and member id due to: consumer pro-actively leaving the group
2025-08-07 12:23:56,214 INFO  [org.apa.kaf.cli.con.int.ConsumerCoordinator] (Thread-654) [Consumer clientId=consumer-Consumer-topic-f3d75b31_524d_47e2_b2fa_f960464ff6d1-8, groupId=Consumer-topic-f3d75b31_524d_47e2_b2fa_f960464ff6d1] Request joining group due to: consumer pro-actively leaving the group
2025-08-07 12:23:56,707 INFO  [org.apa.kaf.com.met.Metrics] (Thread-654) Metrics scheduler closed
2025-08-07 12:23:56,708 INFO  [org.apa.kaf.com.met.Metrics] (Thread-654) Closing reporter org.apache.kafka.common.metrics.JmxReporter
2025-08-07 12:23:56,708 INFO  [org.apa.kaf.com.met.Metrics] (Thread-654) Closing reporter org.apache.kafka.common.telemetry.internals.ClientTelemetryReporter
2025-08-07 12:23:56,708 INFO  [org.apa.kaf.com.met.Metrics] (Thread-654) Metrics reporters closed
2025-08-07 12:23:56,710 INFO  [org.apa.kaf.com.uti.AppInfoParser] (Thread-654) App info kafka.consumer for consumer-Consumer-topic-f3d75b31_524d_47e2_b2fa_f960464ff6d1-8 unregistered
2025-08-07 12:23:56,712 INFO  [io.api.tes.uti.TestSeparator] (main) io.apicurio.tests.serdes.apicurio.AvroSerdeIT.testAvroUnionWithSpecificReader-FINISHED
2025-08-07 12:23:56,712 INFO  [io.api.tes.uti.TestSeparator] (main) ############################################################################
Test passed: testAvroUnionWithSpecificReader
]]></system-out>
  </testcase>
  <testcase name="testEvolveAvroApicurioReusingClient" classname="io.apicurio.tests.serdes.apicurio.AvroSerdeIT" time="8.284">
    <system-out><![CDATA[2025-08-07 12:23:56,713 INFO  [io.api.tes.uti.TestSeparator] (main) ############################################################################
2025-08-07 12:23:56,713 INFO  [io.api.tes.uti.TestSeparator] (main) io.apicurio.tests.serdes.apicurio.AvroSerdeIT.testEvolveAvroApicurioReusingClient-STARTED
2025-08-07 12:23:56,719 INFO  [io.api.tes.ser.api.AvroSerdeIT] (main) Registering Avro Schema: {"type":"record","name":"s0e57a0bex455ax48bex8126x710533f2d798","namespace":"ns_ad522be6_aaa4_4df7_800b_a7753086d09d","fields":[{"name":"key11754569436717","type":"string"}]}
**** Registry Base URL: http://registry-app-pg17.apps.ci419.apicurio-testing.org:80
2025-08-07 12:23:57,913 INFO  [org.apa.kaf.cli.pro.ProducerConfig] (main) ProducerConfig values: 
	acks = -1
	auto.include.jmx.reporter = true
	batch.size = 16384
	bootstrap.servers = [PLAINTEXT://localhost:32769]
	buffer.memory = 33554432
	client.dns.lookup = use_all_dns_ips
	client.id = Producer-topic-19ba35e4_ab9d_4dce_a7c6_dce8e1ac6310
	compression.gzip.level = -1
	compression.lz4.level = 9
	compression.type = none
	compression.zstd.level = 3
	connections.max.idle.ms = 10000
	delivery.timeout.ms = 120000
	enable.idempotence = true
	enable.metrics.push = true
	interceptor.classes = []
	key.serializer = class org.apache.kafka.common.serialization.StringSerializer
	linger.ms = 0
	max.block.ms = 60000
	max.in.flight.requests.per.connection = 5
	max.request.size = 1048576
	metadata.max.age.ms = 300000
	metadata.max.idle.ms = 300000
	metadata.recovery.strategy = none
	metric.reporters = []
	metrics.num.samples = 2
	metrics.recording.level = INFO
	metrics.sample.window.ms = 30000
	partitioner.adaptive.partitioning.enable = true
	partitioner.availability.timeout.ms = 0
	partitioner.class = null
	partitioner.ignore.keys = false
	receive.buffer.bytes = 32768
	reconnect.backoff.max.ms = 1000
	reconnect.backoff.ms = 50
	request.timeout.ms = 5000
	retries = 2147483647
	retry.backoff.max.ms = 1000
	retry.backoff.ms = 100
	sasl.client.callback.handler.class = null
	sasl.jaas.config = null
	sasl.kerberos.kinit.cmd = /usr/bin/kinit
	sasl.kerberos.min.time.before.relogin = 60000
	sasl.kerberos.service.name = null
	sasl.kerberos.ticket.renew.jitter = 0.05
	sasl.kerberos.ticket.renew.window.factor = 0.8
	sasl.login.callback.handler.class = null
	sasl.login.class = null
	sasl.login.connect.timeout.ms = null
	sasl.login.read.timeout.ms = null
	sasl.login.refresh.buffer.seconds = 300
	sasl.login.refresh.min.period.seconds = 60
	sasl.login.refresh.window.factor = 0.8
	sasl.login.refresh.window.jitter = 0.05
	sasl.login.retry.backoff.max.ms = 10000
	sasl.login.retry.backoff.ms = 100
	sasl.mechanism = GSSAPI
	sasl.oauthbearer.clock.skew.seconds = 30
	sasl.oauthbearer.expected.audience = null
	sasl.oauthbearer.expected.issuer = null
	sasl.oauthbearer.header.urlencode = false
	sasl.oauthbearer.jwks.endpoint.refresh.ms = 3600000
	sasl.oauthbearer.jwks.endpoint.retry.backoff.max.ms = 10000
	sasl.oauthbearer.jwks.endpoint.retry.backoff.ms = 100
	sasl.oauthbearer.jwks.endpoint.url = null
	sasl.oauthbearer.scope.claim.name = scope
	sasl.oauthbearer.sub.claim.name = sub
	sasl.oauthbearer.token.endpoint.url = null
	security.protocol = PLAINTEXT
	security.providers = null
	send.buffer.bytes = 131072
	socket.connection.setup.timeout.max.ms = 30000
	socket.connection.setup.timeout.ms = 10000
	ssl.cipher.suites = null
	ssl.enabled.protocols = [TLSv1.2, TLSv1.3]
	ssl.endpoint.identification.algorithm = https
	ssl.engine.factory.class = null
	ssl.key.password = null
	ssl.keymanager.algorithm = SunX509
	ssl.keystore.certificate.chain = null
	ssl.keystore.key = null
	ssl.keystore.location = null
	ssl.keystore.password = null
	ssl.keystore.type = JKS
	ssl.protocol = TLSv1.3
	ssl.provider = null
	ssl.secure.random.implementation = null
	ssl.trustmanager.algorithm = PKIX
	ssl.truststore.certificates = null
	ssl.truststore.location = null
	ssl.truststore.password = null
	ssl.truststore.type = JKS
	transaction.timeout.ms = 60000
	transactional.id = null
	value.serializer = class io.apicurio.registry.serde.avro.AvroKafkaSerializer

2025-08-07 12:23:57,913 INFO  [org.apa.kaf.com.tel.int.KafkaMetricsCollector] (main) initializing Kafka metrics collector
2025-08-07 12:23:57,917 INFO  [org.apa.kaf.cli.pro.KafkaProducer] (main) [Producer clientId=Producer-topic-19ba35e4_ab9d_4dce_a7c6_dce8e1ac6310] Instantiated an idempotent producer.
2025-08-07 12:23:57,919 INFO  [org.apa.kaf.cli.pro.ProducerConfig] (main) These configurations '[apicurio.registry.url, apicurio.registry.artifact-resolver-strategy]' were supplied but are not used yet.
2025-08-07 12:23:57,919 INFO  [org.apa.kaf.com.uti.AppInfoParser] (main) Kafka version: 3.9.1
2025-08-07 12:23:57,919 INFO  [org.apa.kaf.com.uti.AppInfoParser] (main) Kafka commitId: f745dfdcee2b9851
2025-08-07 12:23:57,919 INFO  [org.apa.kaf.com.uti.AppInfoParser] (main) Kafka startTimeMs: 1754569437919
**** Registry Base URL: http://registry-app-pg17.apps.ci419.apicurio-testing.org:80
2025-08-07 12:23:57,920 INFO  [org.apa.kaf.cli.con.ConsumerConfig] (main) ConsumerConfig values: 
	allow.auto.create.topics = true
	auto.commit.interval.ms = 500
	auto.include.jmx.reporter = true
	auto.offset.reset = earliest
	bootstrap.servers = [PLAINTEXT://localhost:32769]
	check.crcs = true
	client.dns.lookup = use_all_dns_ips
	client.id = consumer-Consumer-topic-19ba35e4_ab9d_4dce_a7c6_dce8e1ac6310-9
	client.rack = 
	connections.max.idle.ms = 10000
	default.api.timeout.ms = 60000
	enable.auto.commit = true
	enable.metrics.push = true
	exclude.internal.topics = true
	fetch.max.bytes = 52428800
	fetch.max.wait.ms = 500
	fetch.min.bytes = 1
	group.id = Consumer-topic-19ba35e4_ab9d_4dce_a7c6_dce8e1ac6310
	group.instance.id = null
	group.protocol = classic
	group.remote.assignor = null
	heartbeat.interval.ms = 3000
	interceptor.classes = []
	internal.leave.group.on.close = true
	internal.throw.on.fetch.stable.offset.unsupported = false
	isolation.level = read_uncommitted
	key.deserializer = class org.apache.kafka.common.serialization.StringDeserializer
	max.partition.fetch.bytes = 1048576
	max.poll.interval.ms = 300000
	max.poll.records = 500
	metadata.max.age.ms = 300000
	metadata.recovery.strategy = none
	metric.reporters = []
	metrics.num.samples = 2
	metrics.recording.level = INFO
	metrics.sample.window.ms = 30000
	partition.assignment.strategy = [class org.apache.kafka.clients.consumer.RangeAssignor, class org.apache.kafka.clients.consumer.CooperativeStickyAssignor]
	receive.buffer.bytes = 65536
	reconnect.backoff.max.ms = 1000
	reconnect.backoff.ms = 50
	request.timeout.ms = 5000
	retry.backoff.max.ms = 1000
	retry.backoff.ms = 100
	sasl.client.callback.handler.class = null
	sasl.jaas.config = null
	sasl.kerberos.kinit.cmd = /usr/bin/kinit
	sasl.kerberos.min.time.before.relogin = 60000
	sasl.kerberos.service.name = null
	sasl.kerberos.ticket.renew.jitter = 0.05
	sasl.kerberos.ticket.renew.window.factor = 0.8
	sasl.login.callback.handler.class = null
	sasl.login.class = null
	sasl.login.connect.timeout.ms = null
	sasl.login.read.timeout.ms = null
	sasl.login.refresh.buffer.seconds = 300
	sasl.login.refresh.min.period.seconds = 60
	sasl.login.refresh.window.factor = 0.8
	sasl.login.refresh.window.jitter = 0.05
	sasl.login.retry.backoff.max.ms = 10000
	sasl.login.retry.backoff.ms = 100
	sasl.mechanism = GSSAPI
	sasl.oauthbearer.clock.skew.seconds = 30
	sasl.oauthbearer.expected.audience = null
	sasl.oauthbearer.expected.issuer = null
	sasl.oauthbearer.header.urlencode = false
	sasl.oauthbearer.jwks.endpoint.refresh.ms = 3600000
	sasl.oauthbearer.jwks.endpoint.retry.backoff.max.ms = 10000
	sasl.oauthbearer.jwks.endpoint.retry.backoff.ms = 100
	sasl.oauthbearer.jwks.endpoint.url = null
	sasl.oauthbearer.scope.claim.name = scope
	sasl.oauthbearer.sub.claim.name = sub
	sasl.oauthbearer.token.endpoint.url = null
	security.protocol = PLAINTEXT
	security.providers = null
	send.buffer.bytes = 131072
	session.timeout.ms = 45000
	socket.connection.setup.timeout.max.ms = 30000
	socket.connection.setup.timeout.ms = 10000
	ssl.cipher.suites = null
	ssl.enabled.protocols = [TLSv1.2, TLSv1.3]
	ssl.endpoint.identification.algorithm = https
	ssl.engine.factory.class = null
	ssl.key.password = null
	ssl.keymanager.algorithm = SunX509
	ssl.keystore.certificate.chain = null
	ssl.keystore.key = null
	ssl.keystore.location = null
	ssl.keystore.password = null
	ssl.keystore.type = JKS
	ssl.protocol = TLSv1.3
	ssl.provider = null
	ssl.secure.random.implementation = null
	ssl.trustmanager.algorithm = PKIX
	ssl.truststore.certificates = null
	ssl.truststore.location = null
	ssl.truststore.password = null
	ssl.truststore.type = JKS
	value.deserializer = class io.apicurio.registry.serde.avro.AvroKafkaDeserializer

2025-08-07 12:23:57,920 INFO  [org.apa.kaf.com.tel.int.KafkaMetricsCollector] (main) initializing Kafka metrics collector
2025-08-07 12:23:57,928 INFO  [org.apa.kaf.cli.Metadata] (kafka-producer-network-thread | Producer-topic-19ba35e4_ab9d_4dce_a7c6_dce8e1ac6310) [Producer clientId=Producer-topic-19ba35e4_ab9d_4dce_a7c6_dce8e1ac6310] Cluster ID: ewOXMZdKQImtr4eZTn3eAw
2025-08-07 12:23:57,929 INFO  [org.apa.kaf.cli.con.ConsumerConfig] (main) These configurations '[apicurio.registry.url]' were supplied but are not used yet.
2025-08-07 12:23:57,930 INFO  [org.apa.kaf.com.uti.AppInfoParser] (main) Kafka version: 3.9.1
2025-08-07 12:23:57,930 INFO  [org.apa.kaf.com.uti.AppInfoParser] (main) Kafka commitId: f745dfdcee2b9851
2025-08-07 12:23:57,930 INFO  [org.apa.kaf.com.uti.AppInfoParser] (main) Kafka startTimeMs: 1754569437930
2025-08-07 12:23:57,930 INFO  [org.apa.kaf.cli.pro.int.TransactionManager] (kafka-producer-network-thread | Producer-topic-19ba35e4_ab9d_4dce_a7c6_dce8e1ac6310) [Producer clientId=Producer-topic-19ba35e4_ab9d_4dce_a7c6_dce8e1ac6310] ProducerId set to 11 with epoch 0
2025-08-07 12:23:57,932 INFO  [io.api.tes.ser.api.KafkaSerdesTester] (Thread-659) Sending message {"key11754569436717": "value-0"} to topic topic-19ba35e4_ab9d_4dce_a7c6_dce8e1ac6310
2025-08-07 12:23:57,937 INFO  [DefaultSchemaResolver] (Thread-659) Retrieving schema content using string: {"type":"record","name":"s0e57a0bex455ax48bex8126x710533f2d798","namespace":"ns_ad522be6_aaa4_4df7_800b_a7753086d09d","fields":[{"name":"key11754569436717","type":"string"}]}
2025-08-07 12:23:58,115 INFO  [io.api.tes.ser.api.KafkaSerdesTester] (Thread-659) Sending message {"key11754569436717": "value-1"} to topic topic-19ba35e4_ab9d_4dce_a7c6_dce8e1ac6310
2025-08-07 12:23:58,117 INFO  [io.api.tes.ser.api.KafkaSerdesTester] (Thread-659) Sending message {"key11754569436717": "value-2"} to topic topic-19ba35e4_ab9d_4dce_a7c6_dce8e1ac6310
2025-08-07 12:23:58,118 INFO  [io.api.tes.ser.api.KafkaSerdesTester] (Thread-659) Sending message {"key11754569436717": "value-3"} to topic topic-19ba35e4_ab9d_4dce_a7c6_dce8e1ac6310
2025-08-07 12:23:58,120 INFO  [io.api.tes.ser.api.KafkaSerdesTester] (Thread-659) Sending message {"key11754569436717": "value-4"} to topic topic-19ba35e4_ab9d_4dce_a7c6_dce8e1ac6310
2025-08-07 12:23:58,122 INFO  [io.api.tes.ser.api.KafkaSerdesTester] (Thread-659) Sending message {"key11754569436717": "value-5"} to topic topic-19ba35e4_ab9d_4dce_a7c6_dce8e1ac6310
2025-08-07 12:23:58,125 INFO  [io.api.tes.ser.api.KafkaSerdesTester] (Thread-659) Sending message {"key11754569436717": "value-6"} to topic topic-19ba35e4_ab9d_4dce_a7c6_dce8e1ac6310
2025-08-07 12:23:58,127 INFO  [io.api.tes.ser.api.KafkaSerdesTester] (Thread-659) Sending message {"key11754569436717": "value-7"} to topic topic-19ba35e4_ab9d_4dce_a7c6_dce8e1ac6310
2025-08-07 12:23:58,129 INFO  [io.api.tes.ser.api.KafkaSerdesTester] (Thread-659) Sending message {"key11754569436717": "value-8"} to topic topic-19ba35e4_ab9d_4dce_a7c6_dce8e1ac6310
2025-08-07 12:23:58,131 INFO  [io.api.tes.ser.api.KafkaSerdesTester] (Thread-659) Sending message {"key11754569436717": "value-9"} to topic topic-19ba35e4_ab9d_4dce_a7c6_dce8e1ac6310
2025-08-07 12:23:58,133 INFO  [io.api.tes.ser.api.KafkaSerdesTester] (Thread-659) Produced 10 messages
2025-08-07 12:23:58,133 INFO  [org.apa.kaf.cli.con.int.ClassicKafkaConsumer] (Thread-660) [Consumer clientId=consumer-Consumer-topic-19ba35e4_ab9d_4dce_a7c6_dce8e1ac6310-9, groupId=Consumer-topic-19ba35e4_ab9d_4dce_a7c6_dce8e1ac6310] Subscribed to topic(s): topic-19ba35e4_ab9d_4dce_a7c6_dce8e1ac6310
2025-08-07 12:23:58,137 INFO  [org.apa.kaf.cli.Metadata] (Thread-660) [Consumer clientId=consumer-Consumer-topic-19ba35e4_ab9d_4dce_a7c6_dce8e1ac6310-9, groupId=Consumer-topic-19ba35e4_ab9d_4dce_a7c6_dce8e1ac6310] Cluster ID: ewOXMZdKQImtr4eZTn3eAw
2025-08-07 12:23:58,137 INFO  [org.apa.kaf.cli.con.int.ConsumerCoordinator] (Thread-660) [Consumer clientId=consumer-Consumer-topic-19ba35e4_ab9d_4dce_a7c6_dce8e1ac6310-9, groupId=Consumer-topic-19ba35e4_ab9d_4dce_a7c6_dce8e1ac6310] Discovered group coordinator localhost:32769 (id: 2147483647 rack: null)
2025-08-07 12:23:58,139 INFO  [org.apa.kaf.cli.con.int.ConsumerCoordinator] (Thread-660) [Consumer clientId=consumer-Consumer-topic-19ba35e4_ab9d_4dce_a7c6_dce8e1ac6310-9, groupId=Consumer-topic-19ba35e4_ab9d_4dce_a7c6_dce8e1ac6310] (Re-)joining group
2025-08-07 12:23:58,140 INFO  [org.apa.kaf.cli.con.int.ConsumerCoordinator] (Thread-660) [Consumer clientId=consumer-Consumer-topic-19ba35e4_ab9d_4dce_a7c6_dce8e1ac6310-9, groupId=Consumer-topic-19ba35e4_ab9d_4dce_a7c6_dce8e1ac6310] Request joining group due to: need to re-join with the given member-id: consumer-Consumer-topic-19ba35e4_ab9d_4dce_a7c6_dce8e1ac6310-9-edc5e94c-4b4b-41f7-a19d-f007fdfb73d0
2025-08-07 12:23:58,140 INFO  [org.apa.kaf.cli.con.int.ConsumerCoordinator] (Thread-660) [Consumer clientId=consumer-Consumer-topic-19ba35e4_ab9d_4dce_a7c6_dce8e1ac6310-9, groupId=Consumer-topic-19ba35e4_ab9d_4dce_a7c6_dce8e1ac6310] (Re-)joining group
2025-08-07 12:23:59,133 INFO  [io.api.tes.ser.api.KafkaSerdesTester] (Thread-660) None found
2025-08-07 12:24:00,133 INFO  [io.api.tes.ser.api.KafkaSerdesTester] (Thread-660) None found
2025-08-07 12:24:01,133 INFO  [io.api.tes.ser.api.KafkaSerdesTester] (Thread-660) None found
2025-08-07 12:24:01,142 INFO  [org.apa.kaf.cli.con.int.ConsumerCoordinator] (Thread-660) [Consumer clientId=consumer-Consumer-topic-19ba35e4_ab9d_4dce_a7c6_dce8e1ac6310-9, groupId=Consumer-topic-19ba35e4_ab9d_4dce_a7c6_dce8e1ac6310] Successfully joined group with generation Generation{generationId=1, memberId='consumer-Consumer-topic-19ba35e4_ab9d_4dce_a7c6_dce8e1ac6310-9-edc5e94c-4b4b-41f7-a19d-f007fdfb73d0', protocol='range'}
2025-08-07 12:24:01,143 INFO  [org.apa.kaf.cli.con.int.ConsumerCoordinator] (Thread-660) [Consumer clientId=consumer-Consumer-topic-19ba35e4_ab9d_4dce_a7c6_dce8e1ac6310-9, groupId=Consumer-topic-19ba35e4_ab9d_4dce_a7c6_dce8e1ac6310] Finished assignment for group at generation 1: {consumer-Consumer-topic-19ba35e4_ab9d_4dce_a7c6_dce8e1ac6310-9-edc5e94c-4b4b-41f7-a19d-f007fdfb73d0=Assignment(partitions=[topic-19ba35e4_ab9d_4dce_a7c6_dce8e1ac6310-0])}
2025-08-07 12:24:01,149 INFO  [org.apa.kaf.cli.con.int.ConsumerCoordinator] (Thread-660) [Consumer clientId=consumer-Consumer-topic-19ba35e4_ab9d_4dce_a7c6_dce8e1ac6310-9, groupId=Consumer-topic-19ba35e4_ab9d_4dce_a7c6_dce8e1ac6310] Successfully synced group in generation Generation{generationId=1, memberId='consumer-Consumer-topic-19ba35e4_ab9d_4dce_a7c6_dce8e1ac6310-9-edc5e94c-4b4b-41f7-a19d-f007fdfb73d0', protocol='range'}
2025-08-07 12:24:01,149 INFO  [org.apa.kaf.cli.con.int.ConsumerCoordinator] (Thread-660) [Consumer clientId=consumer-Consumer-topic-19ba35e4_ab9d_4dce_a7c6_dce8e1ac6310-9, groupId=Consumer-topic-19ba35e4_ab9d_4dce_a7c6_dce8e1ac6310] Notifying assignor about the new Assignment(partitions=[topic-19ba35e4_ab9d_4dce_a7c6_dce8e1ac6310-0])
2025-08-07 12:24:01,149 INFO  [org.apa.kaf.cli.con.int.ConsumerRebalanceListenerInvoker] (Thread-660) [Consumer clientId=consumer-Consumer-topic-19ba35e4_ab9d_4dce_a7c6_dce8e1ac6310-9, groupId=Consumer-topic-19ba35e4_ab9d_4dce_a7c6_dce8e1ac6310] Adding newly assigned partitions: topic-19ba35e4_ab9d_4dce_a7c6_dce8e1ac6310-0
2025-08-07 12:24:01,151 INFO  [org.apa.kaf.cli.con.int.ConsumerCoordinator] (Thread-660) [Consumer clientId=consumer-Consumer-topic-19ba35e4_ab9d_4dce_a7c6_dce8e1ac6310-9, groupId=Consumer-topic-19ba35e4_ab9d_4dce_a7c6_dce8e1ac6310] Found no committed offset for partition topic-19ba35e4_ab9d_4dce_a7c6_dce8e1ac6310-0
2025-08-07 12:24:01,156 INFO  [org.apa.kaf.cli.con.int.SubscriptionState] (Thread-660) [Consumer clientId=consumer-Consumer-topic-19ba35e4_ab9d_4dce_a7c6_dce8e1ac6310-9, groupId=Consumer-topic-19ba35e4_ab9d_4dce_a7c6_dce8e1ac6310] Resetting offset for partition topic-19ba35e4_ab9d_4dce_a7c6_dce8e1ac6310-0 to position FetchPosition{offset=0, offsetEpoch=Optional.empty, currentLeader=LeaderAndEpoch{leader=Optional[localhost:32769 (id: 0 rack: null)], epoch=0}}.
2025-08-07 12:24:01,419 INFO  [io.api.tes.ser.api.KafkaSerdesTester] (Thread-660) topic-19ba35e4_ab9d_4dce_a7c6_dce8e1ac6310 0 0 {"key11754569436717": "value-0"}
2025-08-07 12:24:01,419 INFO  [io.api.tes.ser.api.KafkaSerdesTester] (Thread-660) topic-19ba35e4_ab9d_4dce_a7c6_dce8e1ac6310 0 1 {"key11754569436717": "value-1"}
2025-08-07 12:24:01,419 INFO  [io.api.tes.ser.api.KafkaSerdesTester] (Thread-660) topic-19ba35e4_ab9d_4dce_a7c6_dce8e1ac6310 0 2 {"key11754569436717": "value-2"}
2025-08-07 12:24:01,419 INFO  [io.api.tes.ser.api.KafkaSerdesTester] (Thread-660) topic-19ba35e4_ab9d_4dce_a7c6_dce8e1ac6310 0 3 {"key11754569436717": "value-3"}
2025-08-07 12:24:01,419 INFO  [io.api.tes.ser.api.KafkaSerdesTester] (Thread-660) topic-19ba35e4_ab9d_4dce_a7c6_dce8e1ac6310 0 4 {"key11754569436717": "value-4"}
2025-08-07 12:24:01,419 INFO  [io.api.tes.ser.api.KafkaSerdesTester] (Thread-660) topic-19ba35e4_ab9d_4dce_a7c6_dce8e1ac6310 0 5 {"key11754569436717": "value-5"}
2025-08-07 12:24:01,419 INFO  [io.api.tes.ser.api.KafkaSerdesTester] (Thread-660) topic-19ba35e4_ab9d_4dce_a7c6_dce8e1ac6310 0 6 {"key11754569436717": "value-6"}
2025-08-07 12:24:01,419 INFO  [io.api.tes.ser.api.KafkaSerdesTester] (Thread-660) topic-19ba35e4_ab9d_4dce_a7c6_dce8e1ac6310 0 7 {"key11754569436717": "value-7"}
2025-08-07 12:24:01,419 INFO  [io.api.tes.ser.api.KafkaSerdesTester] (Thread-660) topic-19ba35e4_ab9d_4dce_a7c6_dce8e1ac6310 0 8 {"key11754569436717": "value-8"}
2025-08-07 12:24:01,420 INFO  [io.api.tes.ser.api.KafkaSerdesTester] (Thread-660) topic-19ba35e4_ab9d_4dce_a7c6_dce8e1ac6310 0 9 {"key11754569436717": "value-9"}
2025-08-07 12:24:01,420 INFO  [io.api.tes.ser.api.KafkaSerdesTester] (Thread-660) Consumed 10 messages
2025-08-07 12:24:01,420 INFO  [io.api.tes.ser.api.AvroSerdeIT] (main) Registering Avro Schema 2: {"type":"record","name":"s0e57a0bex455ax48bex8126x710533f2d798","namespace":"ns_ad522be6_aaa4_4df7_800b_a7753086d09d","fields":[{"name":"key11754569436717","type":"string"},{"name":"key21754569441420","type":"string"}]}
2025-08-07 12:24:02,625 INFO  [io.api.tes.ser.api.KafkaSerdesTester] (Thread-661) Sending message {"key11754569436717": "value-0", "key21754569441420": "value-0"} to topic topic-19ba35e4_ab9d_4dce_a7c6_dce8e1ac6310
2025-08-07 12:24:02,626 INFO  [DefaultSchemaResolver] (Thread-661) Retrieving schema content using string: {"type":"record","name":"s0e57a0bex455ax48bex8126x710533f2d798","namespace":"ns_ad522be6_aaa4_4df7_800b_a7753086d09d","fields":[{"name":"key11754569436717","type":"string"},{"name":"key21754569441420","type":"string"}]}
2025-08-07 12:24:02,725 INFO  [io.api.tes.ser.api.KafkaSerdesTester] (Thread-661) Sending message {"key11754569436717": "value-1", "key21754569441420": "value-1"} to topic topic-19ba35e4_ab9d_4dce_a7c6_dce8e1ac6310
2025-08-07 12:24:02,730 INFO  [io.api.tes.ser.api.KafkaSerdesTester] (Thread-661) Sending message {"key11754569436717": "value-2", "key21754569441420": "value-2"} to topic topic-19ba35e4_ab9d_4dce_a7c6_dce8e1ac6310
2025-08-07 12:24:02,732 INFO  [io.api.tes.ser.api.KafkaSerdesTester] (Thread-661) Sending message {"key11754569436717": "value-3", "key21754569441420": "value-3"} to topic topic-19ba35e4_ab9d_4dce_a7c6_dce8e1ac6310
2025-08-07 12:24:02,734 INFO  [io.api.tes.ser.api.KafkaSerdesTester] (Thread-661) Sending message {"key11754569436717": "value-4", "key21754569441420": "value-4"} to topic topic-19ba35e4_ab9d_4dce_a7c6_dce8e1ac6310
2025-08-07 12:24:02,737 INFO  [io.api.tes.ser.api.KafkaSerdesTester] (Thread-661) Sending message {"key11754569436717": "value-5", "key21754569441420": "value-5"} to topic topic-19ba35e4_ab9d_4dce_a7c6_dce8e1ac6310
2025-08-07 12:24:02,738 INFO  [io.api.tes.ser.api.KafkaSerdesTester] (Thread-661) Sending message {"key11754569436717": "value-6", "key21754569441420": "value-6"} to topic topic-19ba35e4_ab9d_4dce_a7c6_dce8e1ac6310
2025-08-07 12:24:02,740 INFO  [io.api.tes.ser.api.KafkaSerdesTester] (Thread-661) Sending message {"key11754569436717": "value-7", "key21754569441420": "value-7"} to topic topic-19ba35e4_ab9d_4dce_a7c6_dce8e1ac6310
2025-08-07 12:24:02,742 INFO  [io.api.tes.ser.api.KafkaSerdesTester] (Thread-661) Sending message {"key11754569436717": "value-8", "key21754569441420": "value-8"} to topic topic-19ba35e4_ab9d_4dce_a7c6_dce8e1ac6310
2025-08-07 12:24:02,744 INFO  [io.api.tes.ser.api.KafkaSerdesTester] (Thread-661) Sending message {"key11754569436717": "value-9", "key21754569441420": "value-9"} to topic topic-19ba35e4_ab9d_4dce_a7c6_dce8e1ac6310
2025-08-07 12:24:02,746 INFO  [io.api.tes.ser.api.KafkaSerdesTester] (Thread-661) Produced 10 messages
2025-08-07 12:24:02,746 INFO  [io.api.tes.ser.api.KafkaSerdesTester] (Thread-662) Sending message {"key11754569436717": "value-0"} to topic topic-19ba35e4_ab9d_4dce_a7c6_dce8e1ac6310
2025-08-07 12:24:02,750 INFO  [io.api.tes.ser.api.KafkaSerdesTester] (Thread-662) Sending message {"key11754569436717": "value-1"} to topic topic-19ba35e4_ab9d_4dce_a7c6_dce8e1ac6310
2025-08-07 12:24:02,751 INFO  [io.api.tes.ser.api.KafkaSerdesTester] (Thread-662) Sending message {"key11754569436717": "value-2"} to topic topic-19ba35e4_ab9d_4dce_a7c6_dce8e1ac6310
2025-08-07 12:24:02,753 INFO  [io.api.tes.ser.api.KafkaSerdesTester] (Thread-662) Sending message {"key11754569436717": "value-3"} to topic topic-19ba35e4_ab9d_4dce_a7c6_dce8e1ac6310
2025-08-07 12:24:02,755 INFO  [io.api.tes.ser.api.KafkaSerdesTester] (Thread-662) Sending message {"key11754569436717": "value-4"} to topic topic-19ba35e4_ab9d_4dce_a7c6_dce8e1ac6310
2025-08-07 12:24:02,756 INFO  [io.api.tes.ser.api.KafkaSerdesTester] (Thread-662) Sending message {"key11754569436717": "value-5"} to topic topic-19ba35e4_ab9d_4dce_a7c6_dce8e1ac6310
2025-08-07 12:24:02,758 INFO  [io.api.tes.ser.api.KafkaSerdesTester] (Thread-662) Sending message {"key11754569436717": "value-6"} to topic topic-19ba35e4_ab9d_4dce_a7c6_dce8e1ac6310
2025-08-07 12:24:02,760 INFO  [io.api.tes.ser.api.KafkaSerdesTester] (Thread-662) Sending message {"key11754569436717": "value-7"} to topic topic-19ba35e4_ab9d_4dce_a7c6_dce8e1ac6310
2025-08-07 12:24:02,761 INFO  [io.api.tes.ser.api.KafkaSerdesTester] (Thread-662) Sending message {"key11754569436717": "value-8"} to topic topic-19ba35e4_ab9d_4dce_a7c6_dce8e1ac6310
2025-08-07 12:24:02,766 INFO  [io.api.tes.ser.api.KafkaSerdesTester] (Thread-662) Sending message {"key11754569436717": "value-9"} to topic topic-19ba35e4_ab9d_4dce_a7c6_dce8e1ac6310
2025-08-07 12:24:02,767 INFO  [io.api.tes.ser.api.KafkaSerdesTester] (Thread-662) Produced 10 messages
2025-08-07 12:24:02,768 INFO  [org.apa.kaf.cli.con.int.ClassicKafkaConsumer] (Thread-663) [Consumer clientId=consumer-Consumer-topic-19ba35e4_ab9d_4dce_a7c6_dce8e1ac6310-9, groupId=Consumer-topic-19ba35e4_ab9d_4dce_a7c6_dce8e1ac6310] Subscribed to topic(s): topic-19ba35e4_ab9d_4dce_a7c6_dce8e1ac6310
2025-08-07 12:24:02,953 INFO  [io.api.tes.ser.api.KafkaSerdesTester] (Thread-663) topic-19ba35e4_ab9d_4dce_a7c6_dce8e1ac6310 0 10 {"key11754569436717": "value-0", "key21754569441420": "value-0"}
2025-08-07 12:24:02,953 INFO  [io.api.tes.ser.api.KafkaSerdesTester] (Thread-663) topic-19ba35e4_ab9d_4dce_a7c6_dce8e1ac6310 0 11 {"key11754569436717": "value-1", "key21754569441420": "value-1"}
2025-08-07 12:24:02,954 INFO  [io.api.tes.ser.api.KafkaSerdesTester] (Thread-663) topic-19ba35e4_ab9d_4dce_a7c6_dce8e1ac6310 0 12 {"key11754569436717": "value-2", "key21754569441420": "value-2"}
2025-08-07 12:24:02,954 INFO  [io.api.tes.ser.api.KafkaSerdesTester] (Thread-663) topic-19ba35e4_ab9d_4dce_a7c6_dce8e1ac6310 0 13 {"key11754569436717": "value-3", "key21754569441420": "value-3"}
2025-08-07 12:24:02,954 INFO  [io.api.tes.ser.api.KafkaSerdesTester] (Thread-663) topic-19ba35e4_ab9d_4dce_a7c6_dce8e1ac6310 0 14 {"key11754569436717": "value-4", "key21754569441420": "value-4"}
2025-08-07 12:24:02,954 INFO  [io.api.tes.ser.api.KafkaSerdesTester] (Thread-663) topic-19ba35e4_ab9d_4dce_a7c6_dce8e1ac6310 0 15 {"key11754569436717": "value-5", "key21754569441420": "value-5"}
2025-08-07 12:24:02,954 INFO  [io.api.tes.ser.api.KafkaSerdesTester] (Thread-663) topic-19ba35e4_ab9d_4dce_a7c6_dce8e1ac6310 0 16 {"key11754569436717": "value-6", "key21754569441420": "value-6"}
2025-08-07 12:24:02,954 INFO  [io.api.tes.ser.api.KafkaSerdesTester] (Thread-663) topic-19ba35e4_ab9d_4dce_a7c6_dce8e1ac6310 0 17 {"key11754569436717": "value-7", "key21754569441420": "value-7"}
2025-08-07 12:24:02,954 INFO  [io.api.tes.ser.api.KafkaSerdesTester] (Thread-663) topic-19ba35e4_ab9d_4dce_a7c6_dce8e1ac6310 0 18 {"key11754569436717": "value-8", "key21754569441420": "value-8"}
2025-08-07 12:24:02,954 INFO  [io.api.tes.ser.api.KafkaSerdesTester] (Thread-663) topic-19ba35e4_ab9d_4dce_a7c6_dce8e1ac6310 0 19 {"key11754569436717": "value-9", "key21754569441420": "value-9"}
2025-08-07 12:24:02,954 INFO  [io.api.tes.ser.api.KafkaSerdesTester] (Thread-663) topic-19ba35e4_ab9d_4dce_a7c6_dce8e1ac6310 0 20 {"key11754569436717": "value-0"}
2025-08-07 12:24:02,954 INFO  [io.api.tes.ser.api.KafkaSerdesTester] (Thread-663) topic-19ba35e4_ab9d_4dce_a7c6_dce8e1ac6310 0 21 {"key11754569436717": "value-1"}
2025-08-07 12:24:02,954 INFO  [io.api.tes.ser.api.KafkaSerdesTester] (Thread-663) topic-19ba35e4_ab9d_4dce_a7c6_dce8e1ac6310 0 22 {"key11754569436717": "value-2"}
2025-08-07 12:24:02,954 INFO  [io.api.tes.ser.api.KafkaSerdesTester] (Thread-663) topic-19ba35e4_ab9d_4dce_a7c6_dce8e1ac6310 0 23 {"key11754569436717": "value-3"}
2025-08-07 12:24:02,954 INFO  [io.api.tes.ser.api.KafkaSerdesTester] (Thread-663) topic-19ba35e4_ab9d_4dce_a7c6_dce8e1ac6310 0 24 {"key11754569436717": "value-4"}
2025-08-07 12:24:02,954 INFO  [io.api.tes.ser.api.KafkaSerdesTester] (Thread-663) topic-19ba35e4_ab9d_4dce_a7c6_dce8e1ac6310 0 25 {"key11754569436717": "value-5"}
2025-08-07 12:24:02,954 INFO  [io.api.tes.ser.api.KafkaSerdesTester] (Thread-663) topic-19ba35e4_ab9d_4dce_a7c6_dce8e1ac6310 0 26 {"key11754569436717": "value-6"}
2025-08-07 12:24:02,954 INFO  [io.api.tes.ser.api.KafkaSerdesTester] (Thread-663) topic-19ba35e4_ab9d_4dce_a7c6_dce8e1ac6310 0 27 {"key11754569436717": "value-7"}
2025-08-07 12:24:02,955 INFO  [io.api.tes.ser.api.KafkaSerdesTester] (Thread-663) topic-19ba35e4_ab9d_4dce_a7c6_dce8e1ac6310 0 28 {"key11754569436717": "value-8"}
2025-08-07 12:24:02,955 INFO  [io.api.tes.ser.api.KafkaSerdesTester] (Thread-663) topic-19ba35e4_ab9d_4dce_a7c6_dce8e1ac6310 0 29 {"key11754569436717": "value-9"}
2025-08-07 12:24:02,955 INFO  [io.api.tes.ser.api.KafkaSerdesTester] (Thread-663) Consumed 20 messages
2025-08-07 12:24:02,956 INFO  [io.api.tes.ser.api.AvroSerdeIT] (main) Registering Avro Schema 3: {"type":"record","name":"s0e57a0bex455ax48bex8126x710533f2d798","namespace":"ns_ad522be6_aaa4_4df7_800b_a7753086d09d","fields":[{"name":"key11754569436717","type":"string"},{"name":"key21754569441420","type":"string"},{"name":"key31754569442956","type":"string"}]}
2025-08-07 12:24:04,150 INFO  [io.api.tes.ser.api.KafkaSerdesTester] (Thread-664) Sending message {"key11754569436717": "value-0", "key21754569441420": "value-0", "key31754569442956": "value-0"} to topic topic-19ba35e4_ab9d_4dce_a7c6_dce8e1ac6310
2025-08-07 12:24:04,150 INFO  [DefaultSchemaResolver] (Thread-664) Retrieving schema content using string: {"type":"record","name":"s0e57a0bex455ax48bex8126x710533f2d798","namespace":"ns_ad522be6_aaa4_4df7_800b_a7753086d09d","fields":[{"name":"key11754569436717","type":"string"},{"name":"key21754569441420","type":"string"},{"name":"key31754569442956","type":"string"}]}
2025-08-07 12:24:04,246 INFO  [io.api.tes.ser.api.KafkaSerdesTester] (Thread-664) Sending message {"key11754569436717": "value-1", "key21754569441420": "value-1", "key31754569442956": "value-1"} to topic topic-19ba35e4_ab9d_4dce_a7c6_dce8e1ac6310
2025-08-07 12:24:04,249 INFO  [io.api.tes.ser.api.KafkaSerdesTester] (Thread-664) Sending message {"key11754569436717": "value-2", "key21754569441420": "value-2", "key31754569442956": "value-2"} to topic topic-19ba35e4_ab9d_4dce_a7c6_dce8e1ac6310
2025-08-07 12:24:04,250 INFO  [io.api.tes.ser.api.KafkaSerdesTester] (Thread-664) Sending message {"key11754569436717": "value-3", "key21754569441420": "value-3", "key31754569442956": "value-3"} to topic topic-19ba35e4_ab9d_4dce_a7c6_dce8e1ac6310
2025-08-07 12:24:04,253 INFO  [io.api.tes.ser.api.KafkaSerdesTester] (Thread-664) Sending message {"key11754569436717": "value-4", "key21754569441420": "value-4", "key31754569442956": "value-4"} to topic topic-19ba35e4_ab9d_4dce_a7c6_dce8e1ac6310
2025-08-07 12:24:04,255 INFO  [io.api.tes.ser.api.KafkaSerdesTester] (Thread-664) Sending message {"key11754569436717": "value-5", "key21754569441420": "value-5", "key31754569442956": "value-5"} to topic topic-19ba35e4_ab9d_4dce_a7c6_dce8e1ac6310
2025-08-07 12:24:04,257 INFO  [io.api.tes.ser.api.KafkaSerdesTester] (Thread-664) Sending message {"key11754569436717": "value-6", "key21754569441420": "value-6", "key31754569442956": "value-6"} to topic topic-19ba35e4_ab9d_4dce_a7c6_dce8e1ac6310
2025-08-07 12:24:04,258 INFO  [io.api.tes.ser.api.KafkaSerdesTester] (Thread-664) Sending message {"key11754569436717": "value-7", "key21754569441420": "value-7", "key31754569442956": "value-7"} to topic topic-19ba35e4_ab9d_4dce_a7c6_dce8e1ac6310
2025-08-07 12:24:04,262 INFO  [io.api.tes.ser.api.KafkaSerdesTester] (Thread-664) Sending message {"key11754569436717": "value-8", "key21754569441420": "value-8", "key31754569442956": "value-8"} to topic topic-19ba35e4_ab9d_4dce_a7c6_dce8e1ac6310
2025-08-07 12:24:04,265 INFO  [io.api.tes.ser.api.KafkaSerdesTester] (Thread-664) Sending message {"key11754569436717": "value-9", "key21754569441420": "value-9", "key31754569442956": "value-9"} to topic topic-19ba35e4_ab9d_4dce_a7c6_dce8e1ac6310
2025-08-07 12:24:04,266 INFO  [io.api.tes.ser.api.KafkaSerdesTester] (Thread-664) Produced 10 messages
2025-08-07 12:24:04,268 INFO  [io.api.tes.ser.api.KafkaSerdesTester] (Thread-665) Sending message {"key11754569436717": "value-0", "key21754569441420": "value-0"} to topic topic-19ba35e4_ab9d_4dce_a7c6_dce8e1ac6310
2025-08-07 12:24:04,271 INFO  [io.api.tes.ser.api.KafkaSerdesTester] (Thread-665) Sending message {"key11754569436717": "value-1", "key21754569441420": "value-1"} to topic topic-19ba35e4_ab9d_4dce_a7c6_dce8e1ac6310
2025-08-07 12:24:04,272 INFO  [io.api.tes.ser.api.KafkaSerdesTester] (Thread-665) Sending message {"key11754569436717": "value-2", "key21754569441420": "value-2"} to topic topic-19ba35e4_ab9d_4dce_a7c6_dce8e1ac6310
2025-08-07 12:24:04,274 INFO  [io.api.tes.ser.api.KafkaSerdesTester] (Thread-665) Sending message {"key11754569436717": "value-3", "key21754569441420": "value-3"} to topic topic-19ba35e4_ab9d_4dce_a7c6_dce8e1ac6310
2025-08-07 12:24:04,275 INFO  [io.api.tes.ser.api.KafkaSerdesTester] (Thread-665) Sending message {"key11754569436717": "value-4", "key21754569441420": "value-4"} to topic topic-19ba35e4_ab9d_4dce_a7c6_dce8e1ac6310
2025-08-07 12:24:04,276 INFO  [io.api.tes.ser.api.KafkaSerdesTester] (Thread-665) Sending message {"key11754569436717": "value-5", "key21754569441420": "value-5"} to topic topic-19ba35e4_ab9d_4dce_a7c6_dce8e1ac6310
2025-08-07 12:24:04,278 INFO  [io.api.tes.ser.api.KafkaSerdesTester] (Thread-665) Sending message {"key11754569436717": "value-6", "key21754569441420": "value-6"} to topic topic-19ba35e4_ab9d_4dce_a7c6_dce8e1ac6310
2025-08-07 12:24:04,280 INFO  [io.api.tes.ser.api.KafkaSerdesTester] (Thread-665) Sending message {"key11754569436717": "value-7", "key21754569441420": "value-7"} to topic topic-19ba35e4_ab9d_4dce_a7c6_dce8e1ac6310
2025-08-07 12:24:04,283 INFO  [io.api.tes.ser.api.KafkaSerdesTester] (Thread-665) Sending message {"key11754569436717": "value-8", "key21754569441420": "value-8"} to topic topic-19ba35e4_ab9d_4dce_a7c6_dce8e1ac6310
2025-08-07 12:24:04,287 INFO  [io.api.tes.ser.api.KafkaSerdesTester] (Thread-665) Sending message {"key11754569436717": "value-9", "key21754569441420": "value-9"} to topic topic-19ba35e4_ab9d_4dce_a7c6_dce8e1ac6310
2025-08-07 12:24:04,288 INFO  [io.api.tes.ser.api.KafkaSerdesTester] (Thread-665) Produced 10 messages
2025-08-07 12:24:04,289 INFO  [io.api.tes.ser.api.KafkaSerdesTester] (Thread-666) Sending message {"key11754569436717": "value-0"} to topic topic-19ba35e4_ab9d_4dce_a7c6_dce8e1ac6310
2025-08-07 12:24:04,290 INFO  [io.api.tes.ser.api.KafkaSerdesTester] (Thread-666) Sending message {"key11754569436717": "value-1"} to topic topic-19ba35e4_ab9d_4dce_a7c6_dce8e1ac6310
2025-08-07 12:24:04,292 INFO  [io.api.tes.ser.api.KafkaSerdesTester] (Thread-666) Sending message {"key11754569436717": "value-2"} to topic topic-19ba35e4_ab9d_4dce_a7c6_dce8e1ac6310
2025-08-07 12:24:04,294 INFO  [io.api.tes.ser.api.KafkaSerdesTester] (Thread-666) Sending message {"key11754569436717": "value-3"} to topic topic-19ba35e4_ab9d_4dce_a7c6_dce8e1ac6310
2025-08-07 12:24:04,295 INFO  [io.api.tes.ser.api.KafkaSerdesTester] (Thread-666) Sending message {"key11754569436717": "value-4"} to topic topic-19ba35e4_ab9d_4dce_a7c6_dce8e1ac6310
2025-08-07 12:24:04,297 INFO  [io.api.tes.ser.api.KafkaSerdesTester] (Thread-666) Sending message {"key11754569436717": "value-5"} to topic topic-19ba35e4_ab9d_4dce_a7c6_dce8e1ac6310
2025-08-07 12:24:04,299 INFO  [io.api.tes.ser.api.KafkaSerdesTester] (Thread-666) Sending message {"key11754569436717": "value-6"} to topic topic-19ba35e4_ab9d_4dce_a7c6_dce8e1ac6310
2025-08-07 12:24:04,303 INFO  [io.api.tes.ser.api.KafkaSerdesTester] (Thread-666) Sending message {"key11754569436717": "value-7"} to topic topic-19ba35e4_ab9d_4dce_a7c6_dce8e1ac6310
2025-08-07 12:24:04,304 INFO  [io.api.tes.ser.api.KafkaSerdesTester] (Thread-666) Sending message {"key11754569436717": "value-8"} to topic topic-19ba35e4_ab9d_4dce_a7c6_dce8e1ac6310
2025-08-07 12:24:04,306 INFO  [io.api.tes.ser.api.KafkaSerdesTester] (Thread-666) Sending message {"key11754569436717": "value-9"} to topic topic-19ba35e4_ab9d_4dce_a7c6_dce8e1ac6310
2025-08-07 12:24:04,307 INFO  [io.api.tes.ser.api.KafkaSerdesTester] (Thread-666) Produced 10 messages
2025-08-07 12:24:04,309 INFO  [org.apa.kaf.cli.con.int.ClassicKafkaConsumer] (Thread-667) [Consumer clientId=consumer-Consumer-topic-19ba35e4_ab9d_4dce_a7c6_dce8e1ac6310-9, groupId=Consumer-topic-19ba35e4_ab9d_4dce_a7c6_dce8e1ac6310] Subscribed to topic(s): topic-19ba35e4_ab9d_4dce_a7c6_dce8e1ac6310
2025-08-07 12:24:04,490 INFO  [io.api.tes.ser.api.KafkaSerdesTester] (Thread-667) topic-19ba35e4_ab9d_4dce_a7c6_dce8e1ac6310 0 30 {"key11754569436717": "value-0", "key21754569441420": "value-0", "key31754569442956": "value-0"}
2025-08-07 12:24:04,490 INFO  [io.api.tes.ser.api.KafkaSerdesTester] (Thread-667) topic-19ba35e4_ab9d_4dce_a7c6_dce8e1ac6310 0 31 {"key11754569436717": "value-1", "key21754569441420": "value-1", "key31754569442956": "value-1"}
2025-08-07 12:24:04,490 INFO  [io.api.tes.ser.api.KafkaSerdesTester] (Thread-667) topic-19ba35e4_ab9d_4dce_a7c6_dce8e1ac6310 0 32 {"key11754569436717": "value-2", "key21754569441420": "value-2", "key31754569442956": "value-2"}
2025-08-07 12:24:04,490 INFO  [io.api.tes.ser.api.KafkaSerdesTester] (Thread-667) topic-19ba35e4_ab9d_4dce_a7c6_dce8e1ac6310 0 33 {"key11754569436717": "value-3", "key21754569441420": "value-3", "key31754569442956": "value-3"}
2025-08-07 12:24:04,490 INFO  [io.api.tes.ser.api.KafkaSerdesTester] (Thread-667) topic-19ba35e4_ab9d_4dce_a7c6_dce8e1ac6310 0 34 {"key11754569436717": "value-4", "key21754569441420": "value-4", "key31754569442956": "value-4"}
2025-08-07 12:24:04,490 INFO  [io.api.tes.ser.api.KafkaSerdesTester] (Thread-667) topic-19ba35e4_ab9d_4dce_a7c6_dce8e1ac6310 0 35 {"key11754569436717": "value-5", "key21754569441420": "value-5", "key31754569442956": "value-5"}
2025-08-07 12:24:04,490 INFO  [io.api.tes.ser.api.KafkaSerdesTester] (Thread-667) topic-19ba35e4_ab9d_4dce_a7c6_dce8e1ac6310 0 36 {"key11754569436717": "value-6", "key21754569441420": "value-6", "key31754569442956": "value-6"}
2025-08-07 12:24:04,490 INFO  [io.api.tes.ser.api.KafkaSerdesTester] (Thread-667) topic-19ba35e4_ab9d_4dce_a7c6_dce8e1ac6310 0 37 {"key11754569436717": "value-7", "key21754569441420": "value-7", "key31754569442956": "value-7"}
2025-08-07 12:24:04,490 INFO  [io.api.tes.ser.api.KafkaSerdesTester] (Thread-667) topic-19ba35e4_ab9d_4dce_a7c6_dce8e1ac6310 0 38 {"key11754569436717": "value-8", "key21754569441420": "value-8", "key31754569442956": "value-8"}
2025-08-07 12:24:04,490 INFO  [io.api.tes.ser.api.KafkaSerdesTester] (Thread-667) topic-19ba35e4_ab9d_4dce_a7c6_dce8e1ac6310 0 39 {"key11754569436717": "value-9", "key21754569441420": "value-9", "key31754569442956": "value-9"}
2025-08-07 12:24:04,490 INFO  [io.api.tes.ser.api.KafkaSerdesTester] (Thread-667) topic-19ba35e4_ab9d_4dce_a7c6_dce8e1ac6310 0 40 {"key11754569436717": "value-0", "key21754569441420": "value-0"}
2025-08-07 12:24:04,490 INFO  [io.api.tes.ser.api.KafkaSerdesTester] (Thread-667) topic-19ba35e4_ab9d_4dce_a7c6_dce8e1ac6310 0 41 {"key11754569436717": "value-1", "key21754569441420": "value-1"}
2025-08-07 12:24:04,490 INFO  [io.api.tes.ser.api.KafkaSerdesTester] (Thread-667) topic-19ba35e4_ab9d_4dce_a7c6_dce8e1ac6310 0 42 {"key11754569436717": "value-2", "key21754569441420": "value-2"}
2025-08-07 12:24:04,490 INFO  [io.api.tes.ser.api.KafkaSerdesTester] (Thread-667) topic-19ba35e4_ab9d_4dce_a7c6_dce8e1ac6310 0 43 {"key11754569436717": "value-3", "key21754569441420": "value-3"}
2025-08-07 12:24:04,491 INFO  [io.api.tes.ser.api.KafkaSerdesTester] (Thread-667) topic-19ba35e4_ab9d_4dce_a7c6_dce8e1ac6310 0 44 {"key11754569436717": "value-4", "key21754569441420": "value-4"}
2025-08-07 12:24:04,491 INFO  [io.api.tes.ser.api.KafkaSerdesTester] (Thread-667) topic-19ba35e4_ab9d_4dce_a7c6_dce8e1ac6310 0 45 {"key11754569436717": "value-5", "key21754569441420": "value-5"}
2025-08-07 12:24:04,491 INFO  [io.api.tes.ser.api.KafkaSerdesTester] (Thread-667) topic-19ba35e4_ab9d_4dce_a7c6_dce8e1ac6310 0 46 {"key11754569436717": "value-6", "key21754569441420": "value-6"}
2025-08-07 12:24:04,491 INFO  [io.api.tes.ser.api.KafkaSerdesTester] (Thread-667) topic-19ba35e4_ab9d_4dce_a7c6_dce8e1ac6310 0 47 {"key11754569436717": "value-7", "key21754569441420": "value-7"}
2025-08-07 12:24:04,491 INFO  [io.api.tes.ser.api.KafkaSerdesTester] (Thread-667) topic-19ba35e4_ab9d_4dce_a7c6_dce8e1ac6310 0 48 {"key11754569436717": "value-8", "key21754569441420": "value-8"}
2025-08-07 12:24:04,491 INFO  [io.api.tes.ser.api.KafkaSerdesTester] (Thread-667) topic-19ba35e4_ab9d_4dce_a7c6_dce8e1ac6310 0 49 {"key11754569436717": "value-9", "key21754569441420": "value-9"}
2025-08-07 12:24:04,491 INFO  [io.api.tes.ser.api.KafkaSerdesTester] (Thread-667) topic-19ba35e4_ab9d_4dce_a7c6_dce8e1ac6310 0 50 {"key11754569436717": "value-0"}
2025-08-07 12:24:04,491 INFO  [io.api.tes.ser.api.KafkaSerdesTester] (Thread-667) topic-19ba35e4_ab9d_4dce_a7c6_dce8e1ac6310 0 51 {"key11754569436717": "value-1"}
2025-08-07 12:24:04,491 INFO  [io.api.tes.ser.api.KafkaSerdesTester] (Thread-667) topic-19ba35e4_ab9d_4dce_a7c6_dce8e1ac6310 0 52 {"key11754569436717": "value-2"}
2025-08-07 12:24:04,491 INFO  [io.api.tes.ser.api.KafkaSerdesTester] (Thread-667) topic-19ba35e4_ab9d_4dce_a7c6_dce8e1ac6310 0 53 {"key11754569436717": "value-3"}
2025-08-07 12:24:04,491 INFO  [io.api.tes.ser.api.KafkaSerdesTester] (Thread-667) topic-19ba35e4_ab9d_4dce_a7c6_dce8e1ac6310 0 54 {"key11754569436717": "value-4"}
2025-08-07 12:24:04,491 INFO  [io.api.tes.ser.api.KafkaSerdesTester] (Thread-667) topic-19ba35e4_ab9d_4dce_a7c6_dce8e1ac6310 0 55 {"key11754569436717": "value-5"}
2025-08-07 12:24:04,491 INFO  [io.api.tes.ser.api.KafkaSerdesTester] (Thread-667) topic-19ba35e4_ab9d_4dce_a7c6_dce8e1ac6310 0 56 {"key11754569436717": "value-6"}
2025-08-07 12:24:04,491 INFO  [io.api.tes.ser.api.KafkaSerdesTester] (Thread-667) topic-19ba35e4_ab9d_4dce_a7c6_dce8e1ac6310 0 57 {"key11754569436717": "value-7"}
2025-08-07 12:24:04,491 INFO  [io.api.tes.ser.api.KafkaSerdesTester] (Thread-667) topic-19ba35e4_ab9d_4dce_a7c6_dce8e1ac6310 0 58 {"key11754569436717": "value-8"}
2025-08-07 12:24:04,491 INFO  [io.api.tes.ser.api.KafkaSerdesTester] (Thread-667) topic-19ba35e4_ab9d_4dce_a7c6_dce8e1ac6310 0 59 {"key11754569436717": "value-9"}
2025-08-07 12:24:04,491 INFO  [io.api.tes.ser.api.KafkaSerdesTester] (Thread-667) Consumed 30 messages
2025-08-07 12:24:04,492 INFO  [org.apa.kaf.cli.pro.KafkaProducer] (main) [Producer clientId=Producer-topic-19ba35e4_ab9d_4dce_a7c6_dce8e1ac6310] Closing the Kafka producer with timeoutMillis = 9223372036854775807 ms.
2025-08-07 12:24:04,494 INFO  [org.apa.kaf.com.met.Metrics] (main) Metrics scheduler closed
2025-08-07 12:24:04,494 INFO  [org.apa.kaf.com.met.Metrics] (main) Closing reporter org.apache.kafka.common.metrics.JmxReporter
2025-08-07 12:24:04,494 INFO  [org.apa.kaf.com.met.Metrics] (main) Closing reporter org.apache.kafka.common.telemetry.internals.ClientTelemetryReporter
2025-08-07 12:24:04,494 INFO  [org.apa.kaf.com.met.Metrics] (main) Metrics reporters closed
2025-08-07 12:24:04,495 INFO  [org.apa.kaf.com.uti.AppInfoParser] (main) App info kafka.producer for Producer-topic-19ba35e4_ab9d_4dce_a7c6_dce8e1ac6310 unregistered
2025-08-07 12:24:04,502 INFO  [org.apa.kaf.cli.con.int.ConsumerRebalanceListenerInvoker] (main) [Consumer clientId=consumer-Consumer-topic-19ba35e4_ab9d_4dce_a7c6_dce8e1ac6310-9, groupId=Consumer-topic-19ba35e4_ab9d_4dce_a7c6_dce8e1ac6310] Revoke previously assigned partitions topic-19ba35e4_ab9d_4dce_a7c6_dce8e1ac6310-0
2025-08-07 12:24:04,502 INFO  [org.apa.kaf.cli.con.int.ConsumerCoordinator] (main) [Consumer clientId=consumer-Consumer-topic-19ba35e4_ab9d_4dce_a7c6_dce8e1ac6310-9, groupId=Consumer-topic-19ba35e4_ab9d_4dce_a7c6_dce8e1ac6310] Member consumer-Consumer-topic-19ba35e4_ab9d_4dce_a7c6_dce8e1ac6310-9-edc5e94c-4b4b-41f7-a19d-f007fdfb73d0 sending LeaveGroup request to coordinator localhost:32769 (id: 2147483647 rack: null) due to the consumer is being closed
2025-08-07 12:24:04,503 INFO  [org.apa.kaf.cli.con.int.ConsumerCoordinator] (main) [Consumer clientId=consumer-Consumer-topic-19ba35e4_ab9d_4dce_a7c6_dce8e1ac6310-9, groupId=Consumer-topic-19ba35e4_ab9d_4dce_a7c6_dce8e1ac6310] Resetting generation and member id due to: consumer pro-actively leaving the group
2025-08-07 12:24:04,503 INFO  [org.apa.kaf.cli.con.int.ConsumerCoordinator] (main) [Consumer clientId=consumer-Consumer-topic-19ba35e4_ab9d_4dce_a7c6_dce8e1ac6310-9, groupId=Consumer-topic-19ba35e4_ab9d_4dce_a7c6_dce8e1ac6310] Request joining group due to: consumer pro-actively leaving the group
2025-08-07 12:24:04,994 INFO  [org.apa.kaf.com.met.Metrics] (main) Metrics scheduler closed
2025-08-07 12:24:04,994 INFO  [org.apa.kaf.com.met.Metrics] (main) Closing reporter org.apache.kafka.common.metrics.JmxReporter
2025-08-07 12:24:04,994 INFO  [org.apa.kaf.com.met.Metrics] (main) Closing reporter org.apache.kafka.common.telemetry.internals.ClientTelemetryReporter
2025-08-07 12:24:04,994 INFO  [org.apa.kaf.com.met.Metrics] (main) Metrics reporters closed
2025-08-07 12:24:04,996 INFO  [org.apa.kaf.com.uti.AppInfoParser] (main) App info kafka.consumer for consumer-Consumer-topic-19ba35e4_ab9d_4dce_a7c6_dce8e1ac6310-9 unregistered
2025-08-07 12:24:04,996 INFO  [io.api.tes.uti.TestSeparator] (main) io.apicurio.tests.serdes.apicurio.AvroSerdeIT.testEvolveAvroApicurioReusingClient-FINISHED
2025-08-07 12:24:04,996 INFO  [io.api.tes.uti.TestSeparator] (main) ############################################################################
Test passed: testEvolveAvroApicurioReusingClient
]]></system-out>
  </testcase>
  <testcase name="testProducerUsesDefaultConsumerUsesGlobalId" classname="io.apicurio.tests.serdes.apicurio.AvroSerdeIT" time="0.0">
    <skipped message="void io.apicurio.tests.serdes.apicurio.AvroSerdeIT.testProducerUsesDefaultConsumerUsesGlobalId() throws java.lang.Exception is @Disabled"/>
  </testcase>
  <testcase name="testEvolveAvroApicurio" classname="io.apicurio.tests.serdes.apicurio.AvroSerdeIT" time="16.876">
    <system-out><![CDATA[2025-08-07 12:24:05,001 INFO  [io.api.tes.uti.TestSeparator] (main) ############################################################################
2025-08-07 12:24:05,001 INFO  [io.api.tes.uti.TestSeparator] (main) io.apicurio.tests.serdes.apicurio.AvroSerdeIT.testEvolveAvroApicurio-STARTED
2025-08-07 12:24:05,002 INFO  [io.api.tes.ser.api.AvroSerdeIT] (main) Registering Avro Schema: {"type":"record","name":"s0db25671x8f17x410cx9720xe1672d87e5ec","namespace":"ns_16c5af30_3e97_4c98_82d8_6a09bbb5479e","fields":[{"name":"key11754569445001","type":"string"}]}
**** Registry Base URL: http://registry-app-pg17.apps.ci419.apicurio-testing.org:80
2025-08-07 12:24:06,194 INFO  [org.apa.kaf.cli.pro.ProducerConfig] (main) ProducerConfig values: 
	acks = -1
	auto.include.jmx.reporter = true
	batch.size = 16384
	bootstrap.servers = [PLAINTEXT://localhost:32769]
	buffer.memory = 33554432
	client.dns.lookup = use_all_dns_ips
	client.id = Producer-topic-b9d79bc1_8b06_4814_94b3_8be22d04c7d0
	compression.gzip.level = -1
	compression.lz4.level = 9
	compression.type = none
	compression.zstd.level = 3
	connections.max.idle.ms = 10000
	delivery.timeout.ms = 120000
	enable.idempotence = true
	enable.metrics.push = true
	interceptor.classes = []
	key.serializer = class org.apache.kafka.common.serialization.StringSerializer
	linger.ms = 0
	max.block.ms = 60000
	max.in.flight.requests.per.connection = 5
	max.request.size = 1048576
	metadata.max.age.ms = 300000
	metadata.max.idle.ms = 300000
	metadata.recovery.strategy = none
	metric.reporters = []
	metrics.num.samples = 2
	metrics.recording.level = INFO
	metrics.sample.window.ms = 30000
	partitioner.adaptive.partitioning.enable = true
	partitioner.availability.timeout.ms = 0
	partitioner.class = null
	partitioner.ignore.keys = false
	receive.buffer.bytes = 32768
	reconnect.backoff.max.ms = 1000
	reconnect.backoff.ms = 50
	request.timeout.ms = 5000
	retries = 2147483647
	retry.backoff.max.ms = 1000
	retry.backoff.ms = 100
	sasl.client.callback.handler.class = null
	sasl.jaas.config = null
	sasl.kerberos.kinit.cmd = /usr/bin/kinit
	sasl.kerberos.min.time.before.relogin = 60000
	sasl.kerberos.service.name = null
	sasl.kerberos.ticket.renew.jitter = 0.05
	sasl.kerberos.ticket.renew.window.factor = 0.8
	sasl.login.callback.handler.class = null
	sasl.login.class = null
	sasl.login.connect.timeout.ms = null
	sasl.login.read.timeout.ms = null
	sasl.login.refresh.buffer.seconds = 300
	sasl.login.refresh.min.period.seconds = 60
	sasl.login.refresh.window.factor = 0.8
	sasl.login.refresh.window.jitter = 0.05
	sasl.login.retry.backoff.max.ms = 10000
	sasl.login.retry.backoff.ms = 100
	sasl.mechanism = GSSAPI
	sasl.oauthbearer.clock.skew.seconds = 30
	sasl.oauthbearer.expected.audience = null
	sasl.oauthbearer.expected.issuer = null
	sasl.oauthbearer.header.urlencode = false
	sasl.oauthbearer.jwks.endpoint.refresh.ms = 3600000
	sasl.oauthbearer.jwks.endpoint.retry.backoff.max.ms = 10000
	sasl.oauthbearer.jwks.endpoint.retry.backoff.ms = 100
	sasl.oauthbearer.jwks.endpoint.url = null
	sasl.oauthbearer.scope.claim.name = scope
	sasl.oauthbearer.sub.claim.name = sub
	sasl.oauthbearer.token.endpoint.url = null
	security.protocol = PLAINTEXT
	security.providers = null
	send.buffer.bytes = 131072
	socket.connection.setup.timeout.max.ms = 30000
	socket.connection.setup.timeout.ms = 10000
	ssl.cipher.suites = null
	ssl.enabled.protocols = [TLSv1.2, TLSv1.3]
	ssl.endpoint.identification.algorithm = https
	ssl.engine.factory.class = null
	ssl.key.password = null
	ssl.keymanager.algorithm = SunX509
	ssl.keystore.certificate.chain = null
	ssl.keystore.key = null
	ssl.keystore.location = null
	ssl.keystore.password = null
	ssl.keystore.type = JKS
	ssl.protocol = TLSv1.3
	ssl.provider = null
	ssl.secure.random.implementation = null
	ssl.trustmanager.algorithm = PKIX
	ssl.truststore.certificates = null
	ssl.truststore.location = null
	ssl.truststore.password = null
	ssl.truststore.type = JKS
	transaction.timeout.ms = 60000
	transactional.id = null
	value.serializer = class io.apicurio.registry.serde.avro.AvroKafkaSerializer

2025-08-07 12:24:06,194 INFO  [org.apa.kaf.com.tel.int.KafkaMetricsCollector] (main) initializing Kafka metrics collector
2025-08-07 12:24:06,198 INFO  [org.apa.kaf.cli.pro.KafkaProducer] (main) [Producer clientId=Producer-topic-b9d79bc1_8b06_4814_94b3_8be22d04c7d0] Instantiated an idempotent producer.
2025-08-07 12:24:06,200 INFO  [org.apa.kaf.cli.pro.ProducerConfig] (main) These configurations '[apicurio.registry.url, apicurio.registry.artifact-resolver-strategy]' were supplied but are not used yet.
2025-08-07 12:24:06,201 INFO  [org.apa.kaf.com.uti.AppInfoParser] (main) Kafka version: 3.9.1
2025-08-07 12:24:06,201 INFO  [org.apa.kaf.com.uti.AppInfoParser] (main) Kafka commitId: f745dfdcee2b9851
2025-08-07 12:24:06,201 INFO  [org.apa.kaf.com.uti.AppInfoParser] (main) Kafka startTimeMs: 1754569446201
**** Registry Base URL: http://registry-app-pg17.apps.ci419.apicurio-testing.org:80
2025-08-07 12:24:06,201 INFO  [org.apa.kaf.cli.con.ConsumerConfig] (main) ConsumerConfig values: 
	allow.auto.create.topics = true
	auto.commit.interval.ms = 500
	auto.include.jmx.reporter = true
	auto.offset.reset = earliest
	bootstrap.servers = [PLAINTEXT://localhost:32769]
	check.crcs = true
	client.dns.lookup = use_all_dns_ips
	client.id = consumer-Consumer-topic-b9d79bc1_8b06_4814_94b3_8be22d04c7d0-10
	client.rack = 
	connections.max.idle.ms = 10000
	default.api.timeout.ms = 60000
	enable.auto.commit = true
	enable.metrics.push = true
	exclude.internal.topics = true
	fetch.max.bytes = 52428800
	fetch.max.wait.ms = 500
	fetch.min.bytes = 1
	group.id = Consumer-topic-b9d79bc1_8b06_4814_94b3_8be22d04c7d0
	group.instance.id = null
	group.protocol = classic
	group.remote.assignor = null
	heartbeat.interval.ms = 3000
	interceptor.classes = []
	internal.leave.group.on.close = true
	internal.throw.on.fetch.stable.offset.unsupported = false
	isolation.level = read_uncommitted
	key.deserializer = class org.apache.kafka.common.serialization.StringDeserializer
	max.partition.fetch.bytes = 1048576
	max.poll.interval.ms = 300000
	max.poll.records = 500
	metadata.max.age.ms = 300000
	metadata.recovery.strategy = none
	metric.reporters = []
	metrics.num.samples = 2
	metrics.recording.level = INFO
	metrics.sample.window.ms = 30000
	partition.assignment.strategy = [class org.apache.kafka.clients.consumer.RangeAssignor, class org.apache.kafka.clients.consumer.CooperativeStickyAssignor]
	receive.buffer.bytes = 65536
	reconnect.backoff.max.ms = 1000
	reconnect.backoff.ms = 50
	request.timeout.ms = 5000
	retry.backoff.max.ms = 1000
	retry.backoff.ms = 100
	sasl.client.callback.handler.class = null
	sasl.jaas.config = null
	sasl.kerberos.kinit.cmd = /usr/bin/kinit
	sasl.kerberos.min.time.before.relogin = 60000
	sasl.kerberos.service.name = null
	sasl.kerberos.ticket.renew.jitter = 0.05
	sasl.kerberos.ticket.renew.window.factor = 0.8
	sasl.login.callback.handler.class = null
	sasl.login.class = null
	sasl.login.connect.timeout.ms = null
	sasl.login.read.timeout.ms = null
	sasl.login.refresh.buffer.seconds = 300
	sasl.login.refresh.min.period.seconds = 60
	sasl.login.refresh.window.factor = 0.8
	sasl.login.refresh.window.jitter = 0.05
	sasl.login.retry.backoff.max.ms = 10000
	sasl.login.retry.backoff.ms = 100
	sasl.mechanism = GSSAPI
	sasl.oauthbearer.clock.skew.seconds = 30
	sasl.oauthbearer.expected.audience = null
	sasl.oauthbearer.expected.issuer = null
	sasl.oauthbearer.header.urlencode = false
	sasl.oauthbearer.jwks.endpoint.refresh.ms = 3600000
	sasl.oauthbearer.jwks.endpoint.retry.backoff.max.ms = 10000
	sasl.oauthbearer.jwks.endpoint.retry.backoff.ms = 100
	sasl.oauthbearer.jwks.endpoint.url = null
	sasl.oauthbearer.scope.claim.name = scope
	sasl.oauthbearer.sub.claim.name = sub
	sasl.oauthbearer.token.endpoint.url = null
	security.protocol = PLAINTEXT
	security.providers = null
	send.buffer.bytes = 131072
	session.timeout.ms = 45000
	socket.connection.setup.timeout.max.ms = 30000
	socket.connection.setup.timeout.ms = 10000
	ssl.cipher.suites = null
	ssl.enabled.protocols = [TLSv1.2, TLSv1.3]
	ssl.endpoint.identification.algorithm = https
	ssl.engine.factory.class = null
	ssl.key.password = null
	ssl.keymanager.algorithm = SunX509
	ssl.keystore.certificate.chain = null
	ssl.keystore.key = null
	ssl.keystore.location = null
	ssl.keystore.password = null
	ssl.keystore.type = JKS
	ssl.protocol = TLSv1.3
	ssl.provider = null
	ssl.secure.random.implementation = null
	ssl.trustmanager.algorithm = PKIX
	ssl.truststore.certificates = null
	ssl.truststore.location = null
	ssl.truststore.password = null
	ssl.truststore.type = JKS
	value.deserializer = class io.apicurio.registry.serde.avro.AvroKafkaDeserializer

2025-08-07 12:24:06,201 INFO  [org.apa.kaf.com.tel.int.KafkaMetricsCollector] (main) initializing Kafka metrics collector
2025-08-07 12:24:06,208 INFO  [org.apa.kaf.cli.Metadata] (kafka-producer-network-thread | Producer-topic-b9d79bc1_8b06_4814_94b3_8be22d04c7d0) [Producer clientId=Producer-topic-b9d79bc1_8b06_4814_94b3_8be22d04c7d0] Cluster ID: ewOXMZdKQImtr4eZTn3eAw
2025-08-07 12:24:06,208 INFO  [org.apa.kaf.cli.pro.int.TransactionManager] (kafka-producer-network-thread | Producer-topic-b9d79bc1_8b06_4814_94b3_8be22d04c7d0) [Producer clientId=Producer-topic-b9d79bc1_8b06_4814_94b3_8be22d04c7d0] ProducerId set to 12 with epoch 0
2025-08-07 12:24:06,212 INFO  [org.apa.kaf.cli.con.ConsumerConfig] (main) These configurations '[apicurio.registry.url]' were supplied but are not used yet.
2025-08-07 12:24:06,212 INFO  [org.apa.kaf.com.uti.AppInfoParser] (main) Kafka version: 3.9.1
2025-08-07 12:24:06,212 INFO  [org.apa.kaf.com.uti.AppInfoParser] (main) Kafka commitId: f745dfdcee2b9851
2025-08-07 12:24:06,212 INFO  [org.apa.kaf.com.uti.AppInfoParser] (main) Kafka startTimeMs: 1754569446212
2025-08-07 12:24:06,212 INFO  [io.api.tes.ser.api.KafkaSerdesTester] (Thread-672) Sending message {"key11754569445001": "value-0"} to topic topic-b9d79bc1_8b06_4814_94b3_8be22d04c7d0
2025-08-07 12:24:06,216 INFO  [DefaultSchemaResolver] (Thread-672) Retrieving schema content using string: {"type":"record","name":"s0db25671x8f17x410cx9720xe1672d87e5ec","namespace":"ns_16c5af30_3e97_4c98_82d8_6a09bbb5479e","fields":[{"name":"key11754569445001","type":"string"}]}
2025-08-07 12:24:06,411 INFO  [io.api.tes.ser.api.KafkaSerdesTester] (Thread-672) Sending message {"key11754569445001": "value-1"} to topic topic-b9d79bc1_8b06_4814_94b3_8be22d04c7d0
2025-08-07 12:24:06,413 INFO  [io.api.tes.ser.api.KafkaSerdesTester] (Thread-672) Sending message {"key11754569445001": "value-2"} to topic topic-b9d79bc1_8b06_4814_94b3_8be22d04c7d0
2025-08-07 12:24:06,415 INFO  [io.api.tes.ser.api.KafkaSerdesTester] (Thread-672) Sending message {"key11754569445001": "value-3"} to topic topic-b9d79bc1_8b06_4814_94b3_8be22d04c7d0
2025-08-07 12:24:06,416 INFO  [io.api.tes.ser.api.KafkaSerdesTester] (Thread-672) Sending message {"key11754569445001": "value-4"} to topic topic-b9d79bc1_8b06_4814_94b3_8be22d04c7d0
2025-08-07 12:24:06,418 INFO  [io.api.tes.ser.api.KafkaSerdesTester] (Thread-672) Sending message {"key11754569445001": "value-5"} to topic topic-b9d79bc1_8b06_4814_94b3_8be22d04c7d0
2025-08-07 12:24:06,420 INFO  [io.api.tes.ser.api.KafkaSerdesTester] (Thread-672) Sending message {"key11754569445001": "value-6"} to topic topic-b9d79bc1_8b06_4814_94b3_8be22d04c7d0
2025-08-07 12:24:06,421 INFO  [io.api.tes.ser.api.KafkaSerdesTester] (Thread-672) Sending message {"key11754569445001": "value-7"} to topic topic-b9d79bc1_8b06_4814_94b3_8be22d04c7d0
2025-08-07 12:24:06,423 INFO  [io.api.tes.ser.api.KafkaSerdesTester] (Thread-672) Sending message {"key11754569445001": "value-8"} to topic topic-b9d79bc1_8b06_4814_94b3_8be22d04c7d0
2025-08-07 12:24:06,424 INFO  [io.api.tes.ser.api.KafkaSerdesTester] (Thread-672) Sending message {"key11754569445001": "value-9"} to topic topic-b9d79bc1_8b06_4814_94b3_8be22d04c7d0
2025-08-07 12:24:06,426 INFO  [io.api.tes.ser.api.KafkaSerdesTester] (Thread-672) Produced 10 messages
2025-08-07 12:24:06,426 INFO  [org.apa.kaf.cli.pro.KafkaProducer] (Thread-672) [Producer clientId=Producer-topic-b9d79bc1_8b06_4814_94b3_8be22d04c7d0] Closing the Kafka producer with timeoutMillis = 9223372036854775807 ms.
2025-08-07 12:24:06,431 INFO  [org.apa.kaf.com.met.Metrics] (Thread-672) Metrics scheduler closed
2025-08-07 12:24:06,431 INFO  [org.apa.kaf.com.met.Metrics] (Thread-672) Closing reporter org.apache.kafka.common.metrics.JmxReporter
2025-08-07 12:24:06,431 INFO  [org.apa.kaf.com.met.Metrics] (Thread-672) Closing reporter org.apache.kafka.common.telemetry.internals.ClientTelemetryReporter
2025-08-07 12:24:06,431 INFO  [org.apa.kaf.com.met.Metrics] (Thread-672) Metrics reporters closed
2025-08-07 12:24:06,431 INFO  [org.apa.kaf.com.uti.AppInfoParser] (Thread-672) App info kafka.producer for Producer-topic-b9d79bc1_8b06_4814_94b3_8be22d04c7d0 unregistered
2025-08-07 12:24:06,433 INFO  [org.apa.kaf.cli.con.int.ClassicKafkaConsumer] (Thread-673) [Consumer clientId=consumer-Consumer-topic-b9d79bc1_8b06_4814_94b3_8be22d04c7d0-10, groupId=Consumer-topic-b9d79bc1_8b06_4814_94b3_8be22d04c7d0] Subscribed to topic(s): topic-b9d79bc1_8b06_4814_94b3_8be22d04c7d0
2025-08-07 12:24:06,443 INFO  [org.apa.kaf.cli.Metadata] (Thread-673) [Consumer clientId=consumer-Consumer-topic-b9d79bc1_8b06_4814_94b3_8be22d04c7d0-10, groupId=Consumer-topic-b9d79bc1_8b06_4814_94b3_8be22d04c7d0] Cluster ID: ewOXMZdKQImtr4eZTn3eAw
2025-08-07 12:24:06,445 INFO  [org.apa.kaf.cli.con.int.ConsumerCoordinator] (Thread-673) [Consumer clientId=consumer-Consumer-topic-b9d79bc1_8b06_4814_94b3_8be22d04c7d0-10, groupId=Consumer-topic-b9d79bc1_8b06_4814_94b3_8be22d04c7d0] Discovered group coordinator localhost:32769 (id: 2147483647 rack: null)
2025-08-07 12:24:06,446 INFO  [org.apa.kaf.cli.con.int.ConsumerCoordinator] (Thread-673) [Consumer clientId=consumer-Consumer-topic-b9d79bc1_8b06_4814_94b3_8be22d04c7d0-10, groupId=Consumer-topic-b9d79bc1_8b06_4814_94b3_8be22d04c7d0] (Re-)joining group
2025-08-07 12:24:06,450 INFO  [org.apa.kaf.cli.con.int.ConsumerCoordinator] (Thread-673) [Consumer clientId=consumer-Consumer-topic-b9d79bc1_8b06_4814_94b3_8be22d04c7d0-10, groupId=Consumer-topic-b9d79bc1_8b06_4814_94b3_8be22d04c7d0] Request joining group due to: need to re-join with the given member-id: consumer-Consumer-topic-b9d79bc1_8b06_4814_94b3_8be22d04c7d0-10-e48dfeb1-27a2-4c00-aa60-8963b56ad720
2025-08-07 12:24:06,450 INFO  [org.apa.kaf.cli.con.int.ConsumerCoordinator] (Thread-673) [Consumer clientId=consumer-Consumer-topic-b9d79bc1_8b06_4814_94b3_8be22d04c7d0-10, groupId=Consumer-topic-b9d79bc1_8b06_4814_94b3_8be22d04c7d0] (Re-)joining group
2025-08-07 12:24:07,434 INFO  [io.api.tes.ser.api.KafkaSerdesTester] (Thread-673) None found
2025-08-07 12:24:08,435 INFO  [io.api.tes.ser.api.KafkaSerdesTester] (Thread-673) None found
2025-08-07 12:24:09,435 INFO  [io.api.tes.ser.api.KafkaSerdesTester] (Thread-673) None found
2025-08-07 12:24:09,453 INFO  [org.apa.kaf.cli.con.int.ConsumerCoordinator] (Thread-673) [Consumer clientId=consumer-Consumer-topic-b9d79bc1_8b06_4814_94b3_8be22d04c7d0-10, groupId=Consumer-topic-b9d79bc1_8b06_4814_94b3_8be22d04c7d0] Successfully joined group with generation Generation{generationId=1, memberId='consumer-Consumer-topic-b9d79bc1_8b06_4814_94b3_8be22d04c7d0-10-e48dfeb1-27a2-4c00-aa60-8963b56ad720', protocol='range'}
2025-08-07 12:24:09,453 INFO  [org.apa.kaf.cli.con.int.ConsumerCoordinator] (Thread-673) [Consumer clientId=consumer-Consumer-topic-b9d79bc1_8b06_4814_94b3_8be22d04c7d0-10, groupId=Consumer-topic-b9d79bc1_8b06_4814_94b3_8be22d04c7d0] Finished assignment for group at generation 1: {consumer-Consumer-topic-b9d79bc1_8b06_4814_94b3_8be22d04c7d0-10-e48dfeb1-27a2-4c00-aa60-8963b56ad720=Assignment(partitions=[topic-b9d79bc1_8b06_4814_94b3_8be22d04c7d0-0])}
2025-08-07 12:24:09,460 INFO  [org.apa.kaf.cli.con.int.ConsumerCoordinator] (Thread-673) [Consumer clientId=consumer-Consumer-topic-b9d79bc1_8b06_4814_94b3_8be22d04c7d0-10, groupId=Consumer-topic-b9d79bc1_8b06_4814_94b3_8be22d04c7d0] Successfully synced group in generation Generation{generationId=1, memberId='consumer-Consumer-topic-b9d79bc1_8b06_4814_94b3_8be22d04c7d0-10-e48dfeb1-27a2-4c00-aa60-8963b56ad720', protocol='range'}
2025-08-07 12:24:09,461 INFO  [org.apa.kaf.cli.con.int.ConsumerCoordinator] (Thread-673) [Consumer clientId=consumer-Consumer-topic-b9d79bc1_8b06_4814_94b3_8be22d04c7d0-10, groupId=Consumer-topic-b9d79bc1_8b06_4814_94b3_8be22d04c7d0] Notifying assignor about the new Assignment(partitions=[topic-b9d79bc1_8b06_4814_94b3_8be22d04c7d0-0])
2025-08-07 12:24:09,461 INFO  [org.apa.kaf.cli.con.int.ConsumerRebalanceListenerInvoker] (Thread-673) [Consumer clientId=consumer-Consumer-topic-b9d79bc1_8b06_4814_94b3_8be22d04c7d0-10, groupId=Consumer-topic-b9d79bc1_8b06_4814_94b3_8be22d04c7d0] Adding newly assigned partitions: topic-b9d79bc1_8b06_4814_94b3_8be22d04c7d0-0
2025-08-07 12:24:09,461 INFO  [org.apa.kaf.cli.con.int.ConsumerCoordinator] (Thread-673) [Consumer clientId=consumer-Consumer-topic-b9d79bc1_8b06_4814_94b3_8be22d04c7d0-10, groupId=Consumer-topic-b9d79bc1_8b06_4814_94b3_8be22d04c7d0] Found no committed offset for partition topic-b9d79bc1_8b06_4814_94b3_8be22d04c7d0-0
2025-08-07 12:24:09,464 INFO  [org.apa.kaf.cli.con.int.SubscriptionState] (Thread-673) [Consumer clientId=consumer-Consumer-topic-b9d79bc1_8b06_4814_94b3_8be22d04c7d0-10, groupId=Consumer-topic-b9d79bc1_8b06_4814_94b3_8be22d04c7d0] Resetting offset for partition topic-b9d79bc1_8b06_4814_94b3_8be22d04c7d0-0 to position FetchPosition{offset=0, offsetEpoch=Optional.empty, currentLeader=LeaderAndEpoch{leader=Optional[localhost:32769 (id: 0 rack: null)], epoch=0}}.
2025-08-07 12:24:09,718 INFO  [io.api.tes.ser.api.KafkaSerdesTester] (Thread-673) topic-b9d79bc1_8b06_4814_94b3_8be22d04c7d0 0 0 {"key11754569445001": "value-0"}
2025-08-07 12:24:09,718 INFO  [io.api.tes.ser.api.KafkaSerdesTester] (Thread-673) topic-b9d79bc1_8b06_4814_94b3_8be22d04c7d0 0 1 {"key11754569445001": "value-1"}
2025-08-07 12:24:09,718 INFO  [io.api.tes.ser.api.KafkaSerdesTester] (Thread-673) topic-b9d79bc1_8b06_4814_94b3_8be22d04c7d0 0 2 {"key11754569445001": "value-2"}
2025-08-07 12:24:09,718 INFO  [io.api.tes.ser.api.KafkaSerdesTester] (Thread-673) topic-b9d79bc1_8b06_4814_94b3_8be22d04c7d0 0 3 {"key11754569445001": "value-3"}
2025-08-07 12:24:09,718 INFO  [io.api.tes.ser.api.KafkaSerdesTester] (Thread-673) topic-b9d79bc1_8b06_4814_94b3_8be22d04c7d0 0 4 {"key11754569445001": "value-4"}
2025-08-07 12:24:09,718 INFO  [io.api.tes.ser.api.KafkaSerdesTester] (Thread-673) topic-b9d79bc1_8b06_4814_94b3_8be22d04c7d0 0 5 {"key11754569445001": "value-5"}
2025-08-07 12:24:09,718 INFO  [io.api.tes.ser.api.KafkaSerdesTester] (Thread-673) topic-b9d79bc1_8b06_4814_94b3_8be22d04c7d0 0 6 {"key11754569445001": "value-6"}
2025-08-07 12:24:09,718 INFO  [io.api.tes.ser.api.KafkaSerdesTester] (Thread-673) topic-b9d79bc1_8b06_4814_94b3_8be22d04c7d0 0 7 {"key11754569445001": "value-7"}
2025-08-07 12:24:09,718 INFO  [io.api.tes.ser.api.KafkaSerdesTester] (Thread-673) topic-b9d79bc1_8b06_4814_94b3_8be22d04c7d0 0 8 {"key11754569445001": "value-8"}
2025-08-07 12:24:09,718 INFO  [io.api.tes.ser.api.KafkaSerdesTester] (Thread-673) topic-b9d79bc1_8b06_4814_94b3_8be22d04c7d0 0 9 {"key11754569445001": "value-9"}
2025-08-07 12:24:09,718 INFO  [io.api.tes.ser.api.KafkaSerdesTester] (Thread-673) Consumed 10 messages
2025-08-07 12:24:09,725 INFO  [org.apa.kaf.cli.con.int.ConsumerRebalanceListenerInvoker] (Thread-673) [Consumer clientId=consumer-Consumer-topic-b9d79bc1_8b06_4814_94b3_8be22d04c7d0-10, groupId=Consumer-topic-b9d79bc1_8b06_4814_94b3_8be22d04c7d0] Revoke previously assigned partitions topic-b9d79bc1_8b06_4814_94b3_8be22d04c7d0-0
2025-08-07 12:24:09,725 INFO  [org.apa.kaf.cli.con.int.ConsumerCoordinator] (Thread-673) [Consumer clientId=consumer-Consumer-topic-b9d79bc1_8b06_4814_94b3_8be22d04c7d0-10, groupId=Consumer-topic-b9d79bc1_8b06_4814_94b3_8be22d04c7d0] Member consumer-Consumer-topic-b9d79bc1_8b06_4814_94b3_8be22d04c7d0-10-e48dfeb1-27a2-4c00-aa60-8963b56ad720 sending LeaveGroup request to coordinator localhost:32769 (id: 2147483647 rack: null) due to the consumer is being closed
2025-08-07 12:24:09,725 INFO  [org.apa.kaf.cli.con.int.ConsumerCoordinator] (Thread-673) [Consumer clientId=consumer-Consumer-topic-b9d79bc1_8b06_4814_94b3_8be22d04c7d0-10, groupId=Consumer-topic-b9d79bc1_8b06_4814_94b3_8be22d04c7d0] Resetting generation and member id due to: consumer pro-actively leaving the group
2025-08-07 12:24:09,725 INFO  [org.apa.kaf.cli.con.int.ConsumerCoordinator] (Thread-673) [Consumer clientId=consumer-Consumer-topic-b9d79bc1_8b06_4814_94b3_8be22d04c7d0-10, groupId=Consumer-topic-b9d79bc1_8b06_4814_94b3_8be22d04c7d0] Request joining group due to: consumer pro-actively leaving the group
2025-08-07 12:24:10,220 INFO  [org.apa.kaf.com.met.Metrics] (Thread-673) Metrics scheduler closed
2025-08-07 12:24:10,220 INFO  [org.apa.kaf.com.met.Metrics] (Thread-673) Closing reporter org.apache.kafka.common.metrics.JmxReporter
2025-08-07 12:24:10,220 INFO  [org.apa.kaf.com.met.Metrics] (Thread-673) Closing reporter org.apache.kafka.common.telemetry.internals.ClientTelemetryReporter
2025-08-07 12:24:10,220 INFO  [org.apa.kaf.com.met.Metrics] (Thread-673) Metrics reporters closed
2025-08-07 12:24:10,222 INFO  [org.apa.kaf.com.uti.AppInfoParser] (Thread-673) App info kafka.consumer for consumer-Consumer-topic-b9d79bc1_8b06_4814_94b3_8be22d04c7d0-10 unregistered
2025-08-07 12:24:10,222 INFO  [io.api.tes.ser.api.AvroSerdeIT] (main) Registering Avro Schema 2: {"type":"record","name":"s0db25671x8f17x410cx9720xe1672d87e5ec","namespace":"ns_16c5af30_3e97_4c98_82d8_6a09bbb5479e","fields":[{"name":"key11754569445001","type":"string"},{"name":"key21754569450222","type":"string"}]}
**** Registry Base URL: http://registry-app-pg17.apps.ci419.apicurio-testing.org:80
2025-08-07 12:24:11,417 INFO  [org.apa.kaf.cli.pro.ProducerConfig] (main) ProducerConfig values: 
	acks = -1
	auto.include.jmx.reporter = true
	batch.size = 16384
	bootstrap.servers = [PLAINTEXT://localhost:32769]
	buffer.memory = 33554432
	client.dns.lookup = use_all_dns_ips
	client.id = Producer-topic-b9d79bc1_8b06_4814_94b3_8be22d04c7d0
	compression.gzip.level = -1
	compression.lz4.level = 9
	compression.type = none
	compression.zstd.level = 3
	connections.max.idle.ms = 10000
	delivery.timeout.ms = 120000
	enable.idempotence = true
	enable.metrics.push = true
	interceptor.classes = []
	key.serializer = class org.apache.kafka.common.serialization.StringSerializer
	linger.ms = 0
	max.block.ms = 60000
	max.in.flight.requests.per.connection = 5
	max.request.size = 1048576
	metadata.max.age.ms = 300000
	metadata.max.idle.ms = 300000
	metadata.recovery.strategy = none
	metric.reporters = []
	metrics.num.samples = 2
	metrics.recording.level = INFO
	metrics.sample.window.ms = 30000
	partitioner.adaptive.partitioning.enable = true
	partitioner.availability.timeout.ms = 0
	partitioner.class = null
	partitioner.ignore.keys = false
	receive.buffer.bytes = 32768
	reconnect.backoff.max.ms = 1000
	reconnect.backoff.ms = 50
	request.timeout.ms = 5000
	retries = 2147483647
	retry.backoff.max.ms = 1000
	retry.backoff.ms = 100
	sasl.client.callback.handler.class = null
	sasl.jaas.config = null
	sasl.kerberos.kinit.cmd = /usr/bin/kinit
	sasl.kerberos.min.time.before.relogin = 60000
	sasl.kerberos.service.name = null
	sasl.kerberos.ticket.renew.jitter = 0.05
	sasl.kerberos.ticket.renew.window.factor = 0.8
	sasl.login.callback.handler.class = null
	sasl.login.class = null
	sasl.login.connect.timeout.ms = null
	sasl.login.read.timeout.ms = null
	sasl.login.refresh.buffer.seconds = 300
	sasl.login.refresh.min.period.seconds = 60
	sasl.login.refresh.window.factor = 0.8
	sasl.login.refresh.window.jitter = 0.05
	sasl.login.retry.backoff.max.ms = 10000
	sasl.login.retry.backoff.ms = 100
	sasl.mechanism = GSSAPI
	sasl.oauthbearer.clock.skew.seconds = 30
	sasl.oauthbearer.expected.audience = null
	sasl.oauthbearer.expected.issuer = null
	sasl.oauthbearer.header.urlencode = false
	sasl.oauthbearer.jwks.endpoint.refresh.ms = 3600000
	sasl.oauthbearer.jwks.endpoint.retry.backoff.max.ms = 10000
	sasl.oauthbearer.jwks.endpoint.retry.backoff.ms = 100
	sasl.oauthbearer.jwks.endpoint.url = null
	sasl.oauthbearer.scope.claim.name = scope
	sasl.oauthbearer.sub.claim.name = sub
	sasl.oauthbearer.token.endpoint.url = null
	security.protocol = PLAINTEXT
	security.providers = null
	send.buffer.bytes = 131072
	socket.connection.setup.timeout.max.ms = 30000
	socket.connection.setup.timeout.ms = 10000
	ssl.cipher.suites = null
	ssl.enabled.protocols = [TLSv1.2, TLSv1.3]
	ssl.endpoint.identification.algorithm = https
	ssl.engine.factory.class = null
	ssl.key.password = null
	ssl.keymanager.algorithm = SunX509
	ssl.keystore.certificate.chain = null
	ssl.keystore.key = null
	ssl.keystore.location = null
	ssl.keystore.password = null
	ssl.keystore.type = JKS
	ssl.protocol = TLSv1.3
	ssl.provider = null
	ssl.secure.random.implementation = null
	ssl.trustmanager.algorithm = PKIX
	ssl.truststore.certificates = null
	ssl.truststore.location = null
	ssl.truststore.password = null
	ssl.truststore.type = JKS
	transaction.timeout.ms = 60000
	transactional.id = null
	value.serializer = class io.apicurio.registry.serde.avro.AvroKafkaSerializer

2025-08-07 12:24:11,417 INFO  [org.apa.kaf.com.tel.int.KafkaMetricsCollector] (main) initializing Kafka metrics collector
2025-08-07 12:24:11,420 INFO  [org.apa.kaf.cli.pro.KafkaProducer] (main) [Producer clientId=Producer-topic-b9d79bc1_8b06_4814_94b3_8be22d04c7d0] Instantiated an idempotent producer.
2025-08-07 12:24:11,422 INFO  [org.apa.kaf.cli.pro.ProducerConfig] (main) These configurations '[apicurio.registry.url, apicurio.registry.artifact-resolver-strategy]' were supplied but are not used yet.
2025-08-07 12:24:11,422 INFO  [org.apa.kaf.com.uti.AppInfoParser] (main) Kafka version: 3.9.1
2025-08-07 12:24:11,422 INFO  [org.apa.kaf.com.uti.AppInfoParser] (main) Kafka commitId: f745dfdcee2b9851
2025-08-07 12:24:11,422 INFO  [org.apa.kaf.com.uti.AppInfoParser] (main) Kafka startTimeMs: 1754569451422
2025-08-07 12:24:11,423 INFO  [io.api.tes.ser.api.KafkaSerdesTester] (Thread-676) Sending message {"key11754569445001": "value-0", "key21754569450222": "value-0"} to topic topic-b9d79bc1_8b06_4814_94b3_8be22d04c7d0
2025-08-07 12:24:11,439 INFO  [org.apa.kaf.cli.Metadata] (kafka-producer-network-thread | Producer-topic-b9d79bc1_8b06_4814_94b3_8be22d04c7d0) [Producer clientId=Producer-topic-b9d79bc1_8b06_4814_94b3_8be22d04c7d0] Cluster ID: ewOXMZdKQImtr4eZTn3eAw
2025-08-07 12:24:11,440 INFO  [org.apa.kaf.cli.pro.int.TransactionManager] (kafka-producer-network-thread | Producer-topic-b9d79bc1_8b06_4814_94b3_8be22d04c7d0) [Producer clientId=Producer-topic-b9d79bc1_8b06_4814_94b3_8be22d04c7d0] ProducerId set to 13 with epoch 0
2025-08-07 12:24:11,440 INFO  [DefaultSchemaResolver] (Thread-676) Retrieving schema content using string: {"type":"record","name":"s0db25671x8f17x410cx9720xe1672d87e5ec","namespace":"ns_16c5af30_3e97_4c98_82d8_6a09bbb5479e","fields":[{"name":"key11754569445001","type":"string"},{"name":"key21754569450222","type":"string"}]}
2025-08-07 12:24:11,619 INFO  [io.api.tes.ser.api.KafkaSerdesTester] (Thread-676) Sending message {"key11754569445001": "value-1", "key21754569450222": "value-1"} to topic topic-b9d79bc1_8b06_4814_94b3_8be22d04c7d0
2025-08-07 12:24:11,621 INFO  [io.api.tes.ser.api.KafkaSerdesTester] (Thread-676) Sending message {"key11754569445001": "value-2", "key21754569450222": "value-2"} to topic topic-b9d79bc1_8b06_4814_94b3_8be22d04c7d0
2025-08-07 12:24:11,623 INFO  [io.api.tes.ser.api.KafkaSerdesTester] (Thread-676) Sending message {"key11754569445001": "value-3", "key21754569450222": "value-3"} to topic topic-b9d79bc1_8b06_4814_94b3_8be22d04c7d0
2025-08-07 12:24:11,624 INFO  [io.api.tes.ser.api.KafkaSerdesTester] (Thread-676) Sending message {"key11754569445001": "value-4", "key21754569450222": "value-4"} to topic topic-b9d79bc1_8b06_4814_94b3_8be22d04c7d0
2025-08-07 12:24:11,630 INFO  [io.api.tes.ser.api.KafkaSerdesTester] (Thread-676) Sending message {"key11754569445001": "value-5", "key21754569450222": "value-5"} to topic topic-b9d79bc1_8b06_4814_94b3_8be22d04c7d0
2025-08-07 12:24:11,631 INFO  [io.api.tes.ser.api.KafkaSerdesTester] (Thread-676) Sending message {"key11754569445001": "value-6", "key21754569450222": "value-6"} to topic topic-b9d79bc1_8b06_4814_94b3_8be22d04c7d0
2025-08-07 12:24:11,636 INFO  [io.api.tes.ser.api.KafkaSerdesTester] (Thread-676) Sending message {"key11754569445001": "value-7", "key21754569450222": "value-7"} to topic topic-b9d79bc1_8b06_4814_94b3_8be22d04c7d0
2025-08-07 12:24:11,639 INFO  [io.api.tes.ser.api.KafkaSerdesTester] (Thread-676) Sending message {"key11754569445001": "value-8", "key21754569450222": "value-8"} to topic topic-b9d79bc1_8b06_4814_94b3_8be22d04c7d0
2025-08-07 12:24:11,641 INFO  [io.api.tes.ser.api.KafkaSerdesTester] (Thread-676) Sending message {"key11754569445001": "value-9", "key21754569450222": "value-9"} to topic topic-b9d79bc1_8b06_4814_94b3_8be22d04c7d0
2025-08-07 12:24:11,650 INFO  [io.api.tes.ser.api.KafkaSerdesTester] (Thread-676) Produced 10 messages
2025-08-07 12:24:11,650 INFO  [org.apa.kaf.cli.pro.KafkaProducer] (Thread-676) [Producer clientId=Producer-topic-b9d79bc1_8b06_4814_94b3_8be22d04c7d0] Closing the Kafka producer with timeoutMillis = 9223372036854775807 ms.
2025-08-07 12:24:11,653 INFO  [org.apa.kaf.com.met.Metrics] (Thread-676) Metrics scheduler closed
2025-08-07 12:24:11,653 INFO  [org.apa.kaf.com.met.Metrics] (Thread-676) Closing reporter org.apache.kafka.common.metrics.JmxReporter
2025-08-07 12:24:11,653 INFO  [org.apa.kaf.com.met.Metrics] (Thread-676) Closing reporter org.apache.kafka.common.telemetry.internals.ClientTelemetryReporter
2025-08-07 12:24:11,653 INFO  [org.apa.kaf.com.met.Metrics] (Thread-676) Metrics reporters closed
2025-08-07 12:24:11,653 INFO  [org.apa.kaf.com.uti.AppInfoParser] (Thread-676) App info kafka.producer for Producer-topic-b9d79bc1_8b06_4814_94b3_8be22d04c7d0 unregistered
**** Registry Base URL: http://registry-app-pg17.apps.ci419.apicurio-testing.org:80
2025-08-07 12:24:11,655 INFO  [org.apa.kaf.cli.pro.ProducerConfig] (main) ProducerConfig values: 
	acks = -1
	auto.include.jmx.reporter = true
	batch.size = 16384
	bootstrap.servers = [PLAINTEXT://localhost:32769]
	buffer.memory = 33554432
	client.dns.lookup = use_all_dns_ips
	client.id = Producer-topic-b9d79bc1_8b06_4814_94b3_8be22d04c7d0
	compression.gzip.level = -1
	compression.lz4.level = 9
	compression.type = none
	compression.zstd.level = 3
	connections.max.idle.ms = 10000
	delivery.timeout.ms = 120000
	enable.idempotence = true
	enable.metrics.push = true
	interceptor.classes = []
	key.serializer = class org.apache.kafka.common.serialization.StringSerializer
	linger.ms = 0
	max.block.ms = 60000
	max.in.flight.requests.per.connection = 5
	max.request.size = 1048576
	metadata.max.age.ms = 300000
	metadata.max.idle.ms = 300000
	metadata.recovery.strategy = none
	metric.reporters = []
	metrics.num.samples = 2
	metrics.recording.level = INFO
	metrics.sample.window.ms = 30000
	partitioner.adaptive.partitioning.enable = true
	partitioner.availability.timeout.ms = 0
	partitioner.class = null
	partitioner.ignore.keys = false
	receive.buffer.bytes = 32768
	reconnect.backoff.max.ms = 1000
	reconnect.backoff.ms = 50
	request.timeout.ms = 5000
	retries = 2147483647
	retry.backoff.max.ms = 1000
	retry.backoff.ms = 100
	sasl.client.callback.handler.class = null
	sasl.jaas.config = null
	sasl.kerberos.kinit.cmd = /usr/bin/kinit
	sasl.kerberos.min.time.before.relogin = 60000
	sasl.kerberos.service.name = null
	sasl.kerberos.ticket.renew.jitter = 0.05
	sasl.kerberos.ticket.renew.window.factor = 0.8
	sasl.login.callback.handler.class = null
	sasl.login.class = null
	sasl.login.connect.timeout.ms = null
	sasl.login.read.timeout.ms = null
	sasl.login.refresh.buffer.seconds = 300
	sasl.login.refresh.min.period.seconds = 60
	sasl.login.refresh.window.factor = 0.8
	sasl.login.refresh.window.jitter = 0.05
	sasl.login.retry.backoff.max.ms = 10000
	sasl.login.retry.backoff.ms = 100
	sasl.mechanism = GSSAPI
	sasl.oauthbearer.clock.skew.seconds = 30
	sasl.oauthbearer.expected.audience = null
	sasl.oauthbearer.expected.issuer = null
	sasl.oauthbearer.header.urlencode = false
	sasl.oauthbearer.jwks.endpoint.refresh.ms = 3600000
	sasl.oauthbearer.jwks.endpoint.retry.backoff.max.ms = 10000
	sasl.oauthbearer.jwks.endpoint.retry.backoff.ms = 100
	sasl.oauthbearer.jwks.endpoint.url = null
	sasl.oauthbearer.scope.claim.name = scope
	sasl.oauthbearer.sub.claim.name = sub
	sasl.oauthbearer.token.endpoint.url = null
	security.protocol = PLAINTEXT
	security.providers = null
	send.buffer.bytes = 131072
	socket.connection.setup.timeout.max.ms = 30000
	socket.connection.setup.timeout.ms = 10000
	ssl.cipher.suites = null
	ssl.enabled.protocols = [TLSv1.2, TLSv1.3]
	ssl.endpoint.identification.algorithm = https
	ssl.engine.factory.class = null
	ssl.key.password = null
	ssl.keymanager.algorithm = SunX509
	ssl.keystore.certificate.chain = null
	ssl.keystore.key = null
	ssl.keystore.location = null
	ssl.keystore.password = null
	ssl.keystore.type = JKS
	ssl.protocol = TLSv1.3
	ssl.provider = null
	ssl.secure.random.implementation = null
	ssl.trustmanager.algorithm = PKIX
	ssl.truststore.certificates = null
	ssl.truststore.location = null
	ssl.truststore.password = null
	ssl.truststore.type = JKS
	transaction.timeout.ms = 60000
	transactional.id = null
	value.serializer = class io.apicurio.registry.serde.avro.AvroKafkaSerializer

2025-08-07 12:24:11,655 INFO  [org.apa.kaf.com.tel.int.KafkaMetricsCollector] (main) initializing Kafka metrics collector
2025-08-07 12:24:11,664 INFO  [org.apa.kaf.cli.pro.KafkaProducer] (main) [Producer clientId=Producer-topic-b9d79bc1_8b06_4814_94b3_8be22d04c7d0] Instantiated an idempotent producer.
2025-08-07 12:24:11,669 INFO  [org.apa.kaf.cli.pro.ProducerConfig] (main) These configurations '[apicurio.registry.url, apicurio.registry.artifact-resolver-strategy]' were supplied but are not used yet.
2025-08-07 12:24:11,669 INFO  [org.apa.kaf.com.uti.AppInfoParser] (main) Kafka version: 3.9.1
2025-08-07 12:24:11,670 INFO  [org.apa.kaf.com.uti.AppInfoParser] (main) Kafka commitId: f745dfdcee2b9851
2025-08-07 12:24:11,670 INFO  [org.apa.kaf.com.uti.AppInfoParser] (main) Kafka startTimeMs: 1754569451669
2025-08-07 12:24:11,671 INFO  [io.api.tes.ser.api.KafkaSerdesTester] (Thread-679) Sending message {"key11754569445001": "value-0"} to topic topic-b9d79bc1_8b06_4814_94b3_8be22d04c7d0
2025-08-07 12:24:11,675 INFO  [org.apa.kaf.cli.Metadata] (kafka-producer-network-thread | Producer-topic-b9d79bc1_8b06_4814_94b3_8be22d04c7d0) [Producer clientId=Producer-topic-b9d79bc1_8b06_4814_94b3_8be22d04c7d0] Cluster ID: ewOXMZdKQImtr4eZTn3eAw
2025-08-07 12:24:11,676 INFO  [DefaultSchemaResolver] (Thread-679) Retrieving schema content using string: {"type":"record","name":"s0db25671x8f17x410cx9720xe1672d87e5ec","namespace":"ns_16c5af30_3e97_4c98_82d8_6a09bbb5479e","fields":[{"name":"key11754569445001","type":"string"}]}
2025-08-07 12:24:11,676 INFO  [org.apa.kaf.cli.pro.int.TransactionManager] (kafka-producer-network-thread | Producer-topic-b9d79bc1_8b06_4814_94b3_8be22d04c7d0) [Producer clientId=Producer-topic-b9d79bc1_8b06_4814_94b3_8be22d04c7d0] ProducerId set to 14 with epoch 0
2025-08-07 12:24:11,862 INFO  [io.api.tes.ser.api.KafkaSerdesTester] (Thread-679) Sending message {"key11754569445001": "value-1"} to topic topic-b9d79bc1_8b06_4814_94b3_8be22d04c7d0
2025-08-07 12:24:11,863 INFO  [io.api.tes.ser.api.KafkaSerdesTester] (Thread-679) Sending message {"key11754569445001": "value-2"} to topic topic-b9d79bc1_8b06_4814_94b3_8be22d04c7d0
2025-08-07 12:24:11,864 INFO  [io.api.tes.ser.api.KafkaSerdesTester] (Thread-679) Sending message {"key11754569445001": "value-3"} to topic topic-b9d79bc1_8b06_4814_94b3_8be22d04c7d0
2025-08-07 12:24:11,865 INFO  [io.api.tes.ser.api.KafkaSerdesTester] (Thread-679) Sending message {"key11754569445001": "value-4"} to topic topic-b9d79bc1_8b06_4814_94b3_8be22d04c7d0
2025-08-07 12:24:11,866 INFO  [io.api.tes.ser.api.KafkaSerdesTester] (Thread-679) Sending message {"key11754569445001": "value-5"} to topic topic-b9d79bc1_8b06_4814_94b3_8be22d04c7d0
2025-08-07 12:24:11,867 INFO  [io.api.tes.ser.api.KafkaSerdesTester] (Thread-679) Sending message {"key11754569445001": "value-6"} to topic topic-b9d79bc1_8b06_4814_94b3_8be22d04c7d0
2025-08-07 12:24:11,868 INFO  [io.api.tes.ser.api.KafkaSerdesTester] (Thread-679) Sending message {"key11754569445001": "value-7"} to topic topic-b9d79bc1_8b06_4814_94b3_8be22d04c7d0
2025-08-07 12:24:11,870 INFO  [io.api.tes.ser.api.KafkaSerdesTester] (Thread-679) Sending message {"key11754569445001": "value-8"} to topic topic-b9d79bc1_8b06_4814_94b3_8be22d04c7d0
2025-08-07 12:24:11,871 INFO  [io.api.tes.ser.api.KafkaSerdesTester] (Thread-679) Sending message {"key11754569445001": "value-9"} to topic topic-b9d79bc1_8b06_4814_94b3_8be22d04c7d0
2025-08-07 12:24:11,872 INFO  [io.api.tes.ser.api.KafkaSerdesTester] (Thread-679) Produced 10 messages
2025-08-07 12:24:11,872 INFO  [org.apa.kaf.cli.pro.KafkaProducer] (Thread-679) [Producer clientId=Producer-topic-b9d79bc1_8b06_4814_94b3_8be22d04c7d0] Closing the Kafka producer with timeoutMillis = 9223372036854775807 ms.
2025-08-07 12:24:11,874 INFO  [org.apa.kaf.com.met.Metrics] (Thread-679) Metrics scheduler closed
2025-08-07 12:24:11,874 INFO  [org.apa.kaf.com.met.Metrics] (Thread-679) Closing reporter org.apache.kafka.common.metrics.JmxReporter
2025-08-07 12:24:11,874 INFO  [org.apa.kaf.com.met.Metrics] (Thread-679) Closing reporter org.apache.kafka.common.telemetry.internals.ClientTelemetryReporter
2025-08-07 12:24:11,874 INFO  [org.apa.kaf.com.met.Metrics] (Thread-679) Metrics reporters closed
2025-08-07 12:24:11,874 INFO  [org.apa.kaf.com.uti.AppInfoParser] (Thread-679) App info kafka.producer for Producer-topic-b9d79bc1_8b06_4814_94b3_8be22d04c7d0 unregistered
**** Registry Base URL: http://registry-app-pg17.apps.ci419.apicurio-testing.org:80
2025-08-07 12:24:11,875 INFO  [org.apa.kaf.cli.con.ConsumerConfig] (main) ConsumerConfig values: 
	allow.auto.create.topics = true
	auto.commit.interval.ms = 500
	auto.include.jmx.reporter = true
	auto.offset.reset = earliest
	bootstrap.servers = [PLAINTEXT://localhost:32769]
	check.crcs = true
	client.dns.lookup = use_all_dns_ips
	client.id = consumer-Consumer-topic-b9d79bc1_8b06_4814_94b3_8be22d04c7d0-11
	client.rack = 
	connections.max.idle.ms = 10000
	default.api.timeout.ms = 60000
	enable.auto.commit = true
	enable.metrics.push = true
	exclude.internal.topics = true
	fetch.max.bytes = 52428800
	fetch.max.wait.ms = 500
	fetch.min.bytes = 1
	group.id = Consumer-topic-b9d79bc1_8b06_4814_94b3_8be22d04c7d0
	group.instance.id = null
	group.protocol = classic
	group.remote.assignor = null
	heartbeat.interval.ms = 3000
	interceptor.classes = []
	internal.leave.group.on.close = true
	internal.throw.on.fetch.stable.offset.unsupported = false
	isolation.level = read_uncommitted
	key.deserializer = class org.apache.kafka.common.serialization.StringDeserializer
	max.partition.fetch.bytes = 1048576
	max.poll.interval.ms = 300000
	max.poll.records = 500
	metadata.max.age.ms = 300000
	metadata.recovery.strategy = none
	metric.reporters = []
	metrics.num.samples = 2
	metrics.recording.level = INFO
	metrics.sample.window.ms = 30000
	partition.assignment.strategy = [class org.apache.kafka.clients.consumer.RangeAssignor, class org.apache.kafka.clients.consumer.CooperativeStickyAssignor]
	receive.buffer.bytes = 65536
	reconnect.backoff.max.ms = 1000
	reconnect.backoff.ms = 50
	request.timeout.ms = 5000
	retry.backoff.max.ms = 1000
	retry.backoff.ms = 100
	sasl.client.callback.handler.class = null
	sasl.jaas.config = null
	sasl.kerberos.kinit.cmd = /usr/bin/kinit
	sasl.kerberos.min.time.before.relogin = 60000
	sasl.kerberos.service.name = null
	sasl.kerberos.ticket.renew.jitter = 0.05
	sasl.kerberos.ticket.renew.window.factor = 0.8
	sasl.login.callback.handler.class = null
	sasl.login.class = null
	sasl.login.connect.timeout.ms = null
	sasl.login.read.timeout.ms = null
	sasl.login.refresh.buffer.seconds = 300
	sasl.login.refresh.min.period.seconds = 60
	sasl.login.refresh.window.factor = 0.8
	sasl.login.refresh.window.jitter = 0.05
	sasl.login.retry.backoff.max.ms = 10000
	sasl.login.retry.backoff.ms = 100
	sasl.mechanism = GSSAPI
	sasl.oauthbearer.clock.skew.seconds = 30
	sasl.oauthbearer.expected.audience = null
	sasl.oauthbearer.expected.issuer = null
	sasl.oauthbearer.header.urlencode = false
	sasl.oauthbearer.jwks.endpoint.refresh.ms = 3600000
	sasl.oauthbearer.jwks.endpoint.retry.backoff.max.ms = 10000
	sasl.oauthbearer.jwks.endpoint.retry.backoff.ms = 100
	sasl.oauthbearer.jwks.endpoint.url = null
	sasl.oauthbearer.scope.claim.name = scope
	sasl.oauthbearer.sub.claim.name = sub
	sasl.oauthbearer.token.endpoint.url = null
	security.protocol = PLAINTEXT
	security.providers = null
	send.buffer.bytes = 131072
	session.timeout.ms = 45000
	socket.connection.setup.timeout.max.ms = 30000
	socket.connection.setup.timeout.ms = 10000
	ssl.cipher.suites = null
	ssl.enabled.protocols = [TLSv1.2, TLSv1.3]
	ssl.endpoint.identification.algorithm = https
	ssl.engine.factory.class = null
	ssl.key.password = null
	ssl.keymanager.algorithm = SunX509
	ssl.keystore.certificate.chain = null
	ssl.keystore.key = null
	ssl.keystore.location = null
	ssl.keystore.password = null
	ssl.keystore.type = JKS
	ssl.protocol = TLSv1.3
	ssl.provider = null
	ssl.secure.random.implementation = null
	ssl.trustmanager.algorithm = PKIX
	ssl.truststore.certificates = null
	ssl.truststore.location = null
	ssl.truststore.password = null
	ssl.truststore.type = JKS
	value.deserializer = class io.apicurio.registry.serde.avro.AvroKafkaDeserializer

2025-08-07 12:24:11,875 INFO  [org.apa.kaf.com.tel.int.KafkaMetricsCollector] (main) initializing Kafka metrics collector
2025-08-07 12:24:11,882 INFO  [org.apa.kaf.cli.con.ConsumerConfig] (main) These configurations '[apicurio.registry.url]' were supplied but are not used yet.
2025-08-07 12:24:11,882 INFO  [org.apa.kaf.com.uti.AppInfoParser] (main) Kafka version: 3.9.1
2025-08-07 12:24:11,882 INFO  [org.apa.kaf.com.uti.AppInfoParser] (main) Kafka commitId: f745dfdcee2b9851
2025-08-07 12:24:11,882 INFO  [org.apa.kaf.com.uti.AppInfoParser] (main) Kafka startTimeMs: 1754569451882
2025-08-07 12:24:11,882 INFO  [org.apa.kaf.cli.con.int.ClassicKafkaConsumer] (Thread-682) [Consumer clientId=consumer-Consumer-topic-b9d79bc1_8b06_4814_94b3_8be22d04c7d0-11, groupId=Consumer-topic-b9d79bc1_8b06_4814_94b3_8be22d04c7d0] Subscribed to topic(s): topic-b9d79bc1_8b06_4814_94b3_8be22d04c7d0
2025-08-07 12:24:11,887 INFO  [org.apa.kaf.cli.Metadata] (Thread-682) [Consumer clientId=consumer-Consumer-topic-b9d79bc1_8b06_4814_94b3_8be22d04c7d0-11, groupId=Consumer-topic-b9d79bc1_8b06_4814_94b3_8be22d04c7d0] Cluster ID: ewOXMZdKQImtr4eZTn3eAw
2025-08-07 12:24:11,888 INFO  [org.apa.kaf.cli.con.int.ConsumerCoordinator] (Thread-682) [Consumer clientId=consumer-Consumer-topic-b9d79bc1_8b06_4814_94b3_8be22d04c7d0-11, groupId=Consumer-topic-b9d79bc1_8b06_4814_94b3_8be22d04c7d0] Discovered group coordinator localhost:32769 (id: 2147483647 rack: null)
2025-08-07 12:24:11,889 INFO  [org.apa.kaf.cli.con.int.ConsumerCoordinator] (Thread-682) [Consumer clientId=consumer-Consumer-topic-b9d79bc1_8b06_4814_94b3_8be22d04c7d0-11, groupId=Consumer-topic-b9d79bc1_8b06_4814_94b3_8be22d04c7d0] (Re-)joining group
2025-08-07 12:24:11,895 INFO  [org.apa.kaf.cli.con.int.ConsumerCoordinator] (Thread-682) [Consumer clientId=consumer-Consumer-topic-b9d79bc1_8b06_4814_94b3_8be22d04c7d0-11, groupId=Consumer-topic-b9d79bc1_8b06_4814_94b3_8be22d04c7d0] Request joining group due to: need to re-join with the given member-id: consumer-Consumer-topic-b9d79bc1_8b06_4814_94b3_8be22d04c7d0-11-d3884982-5e40-4433-b3f1-5adb252d1ff0
2025-08-07 12:24:11,895 INFO  [org.apa.kaf.cli.con.int.ConsumerCoordinator] (Thread-682) [Consumer clientId=consumer-Consumer-topic-b9d79bc1_8b06_4814_94b3_8be22d04c7d0-11, groupId=Consumer-topic-b9d79bc1_8b06_4814_94b3_8be22d04c7d0] (Re-)joining group
2025-08-07 12:24:12,882 INFO  [io.api.tes.ser.api.KafkaSerdesTester] (Thread-682) None found
2025-08-07 12:24:13,882 INFO  [io.api.tes.ser.api.KafkaSerdesTester] (Thread-682) None found
2025-08-07 12:24:14,882 INFO  [io.api.tes.ser.api.KafkaSerdesTester] (Thread-682) None found
2025-08-07 12:24:14,896 INFO  [org.apa.kaf.cli.con.int.ConsumerCoordinator] (Thread-682) [Consumer clientId=consumer-Consumer-topic-b9d79bc1_8b06_4814_94b3_8be22d04c7d0-11, groupId=Consumer-topic-b9d79bc1_8b06_4814_94b3_8be22d04c7d0] Successfully joined group with generation Generation{generationId=3, memberId='consumer-Consumer-topic-b9d79bc1_8b06_4814_94b3_8be22d04c7d0-11-d3884982-5e40-4433-b3f1-5adb252d1ff0', protocol='range'}
2025-08-07 12:24:14,896 INFO  [org.apa.kaf.cli.con.int.ConsumerCoordinator] (Thread-682) [Consumer clientId=consumer-Consumer-topic-b9d79bc1_8b06_4814_94b3_8be22d04c7d0-11, groupId=Consumer-topic-b9d79bc1_8b06_4814_94b3_8be22d04c7d0] Finished assignment for group at generation 3: {consumer-Consumer-topic-b9d79bc1_8b06_4814_94b3_8be22d04c7d0-11-d3884982-5e40-4433-b3f1-5adb252d1ff0=Assignment(partitions=[topic-b9d79bc1_8b06_4814_94b3_8be22d04c7d0-0])}
2025-08-07 12:24:14,903 INFO  [org.apa.kaf.cli.con.int.ConsumerCoordinator] (Thread-682) [Consumer clientId=consumer-Consumer-topic-b9d79bc1_8b06_4814_94b3_8be22d04c7d0-11, groupId=Consumer-topic-b9d79bc1_8b06_4814_94b3_8be22d04c7d0] Successfully synced group in generation Generation{generationId=3, memberId='consumer-Consumer-topic-b9d79bc1_8b06_4814_94b3_8be22d04c7d0-11-d3884982-5e40-4433-b3f1-5adb252d1ff0', protocol='range'}
2025-08-07 12:24:14,903 INFO  [org.apa.kaf.cli.con.int.ConsumerCoordinator] (Thread-682) [Consumer clientId=consumer-Consumer-topic-b9d79bc1_8b06_4814_94b3_8be22d04c7d0-11, groupId=Consumer-topic-b9d79bc1_8b06_4814_94b3_8be22d04c7d0] Notifying assignor about the new Assignment(partitions=[topic-b9d79bc1_8b06_4814_94b3_8be22d04c7d0-0])
2025-08-07 12:24:14,903 INFO  [org.apa.kaf.cli.con.int.ConsumerRebalanceListenerInvoker] (Thread-682) [Consumer clientId=consumer-Consumer-topic-b9d79bc1_8b06_4814_94b3_8be22d04c7d0-11, groupId=Consumer-topic-b9d79bc1_8b06_4814_94b3_8be22d04c7d0] Adding newly assigned partitions: topic-b9d79bc1_8b06_4814_94b3_8be22d04c7d0-0
2025-08-07 12:24:14,905 INFO  [org.apa.kaf.cli.con.int.ConsumerUtils] (Thread-682) Setting offset for partition topic-b9d79bc1_8b06_4814_94b3_8be22d04c7d0-0 to the committed offset FetchPosition{offset=10, offsetEpoch=Optional[0], currentLeader=LeaderAndEpoch{leader=Optional[localhost:32769 (id: 0 rack: null)], epoch=0}}
2025-08-07 12:24:15,389 INFO  [io.api.tes.ser.api.KafkaSerdesTester] (Thread-682) topic-b9d79bc1_8b06_4814_94b3_8be22d04c7d0 0 10 {"key11754569445001": "value-0", "key21754569450222": "value-0"}
2025-08-07 12:24:15,389 INFO  [io.api.tes.ser.api.KafkaSerdesTester] (Thread-682) topic-b9d79bc1_8b06_4814_94b3_8be22d04c7d0 0 11 {"key11754569445001": "value-1", "key21754569450222": "value-1"}
2025-08-07 12:24:15,389 INFO  [io.api.tes.ser.api.KafkaSerdesTester] (Thread-682) topic-b9d79bc1_8b06_4814_94b3_8be22d04c7d0 0 12 {"key11754569445001": "value-2", "key21754569450222": "value-2"}
2025-08-07 12:24:15,389 INFO  [io.api.tes.ser.api.KafkaSerdesTester] (Thread-682) topic-b9d79bc1_8b06_4814_94b3_8be22d04c7d0 0 13 {"key11754569445001": "value-3", "key21754569450222": "value-3"}
2025-08-07 12:24:15,389 INFO  [io.api.tes.ser.api.KafkaSerdesTester] (Thread-682) topic-b9d79bc1_8b06_4814_94b3_8be22d04c7d0 0 14 {"key11754569445001": "value-4", "key21754569450222": "value-4"}
2025-08-07 12:24:15,389 INFO  [io.api.tes.ser.api.KafkaSerdesTester] (Thread-682) topic-b9d79bc1_8b06_4814_94b3_8be22d04c7d0 0 15 {"key11754569445001": "value-5", "key21754569450222": "value-5"}
2025-08-07 12:24:15,389 INFO  [io.api.tes.ser.api.KafkaSerdesTester] (Thread-682) topic-b9d79bc1_8b06_4814_94b3_8be22d04c7d0 0 16 {"key11754569445001": "value-6", "key21754569450222": "value-6"}
2025-08-07 12:24:15,389 INFO  [io.api.tes.ser.api.KafkaSerdesTester] (Thread-682) topic-b9d79bc1_8b06_4814_94b3_8be22d04c7d0 0 17 {"key11754569445001": "value-7", "key21754569450222": "value-7"}
2025-08-07 12:24:15,390 INFO  [io.api.tes.ser.api.KafkaSerdesTester] (Thread-682) topic-b9d79bc1_8b06_4814_94b3_8be22d04c7d0 0 18 {"key11754569445001": "value-8", "key21754569450222": "value-8"}
2025-08-07 12:24:15,390 INFO  [io.api.tes.ser.api.KafkaSerdesTester] (Thread-682) topic-b9d79bc1_8b06_4814_94b3_8be22d04c7d0 0 19 {"key11754569445001": "value-9", "key21754569450222": "value-9"}
2025-08-07 12:24:15,390 INFO  [io.api.tes.ser.api.KafkaSerdesTester] (Thread-682) topic-b9d79bc1_8b06_4814_94b3_8be22d04c7d0 0 20 {"key11754569445001": "value-0"}
2025-08-07 12:24:15,390 INFO  [io.api.tes.ser.api.KafkaSerdesTester] (Thread-682) topic-b9d79bc1_8b06_4814_94b3_8be22d04c7d0 0 21 {"key11754569445001": "value-1"}
2025-08-07 12:24:15,390 INFO  [io.api.tes.ser.api.KafkaSerdesTester] (Thread-682) topic-b9d79bc1_8b06_4814_94b3_8be22d04c7d0 0 22 {"key11754569445001": "value-2"}
2025-08-07 12:24:15,390 INFO  [io.api.tes.ser.api.KafkaSerdesTester] (Thread-682) topic-b9d79bc1_8b06_4814_94b3_8be22d04c7d0 0 23 {"key11754569445001": "value-3"}
2025-08-07 12:24:15,390 INFO  [io.api.tes.ser.api.KafkaSerdesTester] (Thread-682) topic-b9d79bc1_8b06_4814_94b3_8be22d04c7d0 0 24 {"key11754569445001": "value-4"}
2025-08-07 12:24:15,390 INFO  [io.api.tes.ser.api.KafkaSerdesTester] (Thread-682) topic-b9d79bc1_8b06_4814_94b3_8be22d04c7d0 0 25 {"key11754569445001": "value-5"}
2025-08-07 12:24:15,390 INFO  [io.api.tes.ser.api.KafkaSerdesTester] (Thread-682) topic-b9d79bc1_8b06_4814_94b3_8be22d04c7d0 0 26 {"key11754569445001": "value-6"}
2025-08-07 12:24:15,390 INFO  [io.api.tes.ser.api.KafkaSerdesTester] (Thread-682) topic-b9d79bc1_8b06_4814_94b3_8be22d04c7d0 0 27 {"key11754569445001": "value-7"}
2025-08-07 12:24:15,390 INFO  [io.api.tes.ser.api.KafkaSerdesTester] (Thread-682) topic-b9d79bc1_8b06_4814_94b3_8be22d04c7d0 0 28 {"key11754569445001": "value-8"}
2025-08-07 12:24:15,390 INFO  [io.api.tes.ser.api.KafkaSerdesTester] (Thread-682) topic-b9d79bc1_8b06_4814_94b3_8be22d04c7d0 0 29 {"key11754569445001": "value-9"}
2025-08-07 12:24:15,390 INFO  [io.api.tes.ser.api.KafkaSerdesTester] (Thread-682) Consumed 20 messages
2025-08-07 12:24:15,399 INFO  [org.apa.kaf.cli.con.int.ConsumerRebalanceListenerInvoker] (Thread-682) [Consumer clientId=consumer-Consumer-topic-b9d79bc1_8b06_4814_94b3_8be22d04c7d0-11, groupId=Consumer-topic-b9d79bc1_8b06_4814_94b3_8be22d04c7d0] Revoke previously assigned partitions topic-b9d79bc1_8b06_4814_94b3_8be22d04c7d0-0
2025-08-07 12:24:15,399 INFO  [org.apa.kaf.cli.con.int.ConsumerCoordinator] (Thread-682) [Consumer clientId=consumer-Consumer-topic-b9d79bc1_8b06_4814_94b3_8be22d04c7d0-11, groupId=Consumer-topic-b9d79bc1_8b06_4814_94b3_8be22d04c7d0] Member consumer-Consumer-topic-b9d79bc1_8b06_4814_94b3_8be22d04c7d0-11-d3884982-5e40-4433-b3f1-5adb252d1ff0 sending LeaveGroup request to coordinator localhost:32769 (id: 2147483647 rack: null) due to the consumer is being closed
2025-08-07 12:24:15,400 INFO  [org.apa.kaf.cli.con.int.ConsumerCoordinator] (Thread-682) [Consumer clientId=consumer-Consumer-topic-b9d79bc1_8b06_4814_94b3_8be22d04c7d0-11, groupId=Consumer-topic-b9d79bc1_8b06_4814_94b3_8be22d04c7d0] Resetting generation and member id due to: consumer pro-actively leaving the group
2025-08-07 12:24:15,400 INFO  [org.apa.kaf.cli.con.int.ConsumerCoordinator] (Thread-682) [Consumer clientId=consumer-Consumer-topic-b9d79bc1_8b06_4814_94b3_8be22d04c7d0-11, groupId=Consumer-topic-b9d79bc1_8b06_4814_94b3_8be22d04c7d0] Request joining group due to: consumer pro-actively leaving the group
2025-08-07 12:24:15,892 INFO  [org.apa.kaf.com.met.Metrics] (Thread-682) Metrics scheduler closed
2025-08-07 12:24:15,892 INFO  [org.apa.kaf.com.met.Metrics] (Thread-682) Closing reporter org.apache.kafka.common.metrics.JmxReporter
2025-08-07 12:24:15,893 INFO  [org.apa.kaf.com.met.Metrics] (Thread-682) Closing reporter org.apache.kafka.common.telemetry.internals.ClientTelemetryReporter
2025-08-07 12:24:15,893 INFO  [org.apa.kaf.com.met.Metrics] (Thread-682) Metrics reporters closed
2025-08-07 12:24:15,896 INFO  [org.apa.kaf.com.uti.AppInfoParser] (Thread-682) App info kafka.consumer for consumer-Consumer-topic-b9d79bc1_8b06_4814_94b3_8be22d04c7d0-11 unregistered
2025-08-07 12:24:15,898 INFO  [io.api.tes.ser.api.AvroSerdeIT] (main) Registering Avro Schema 3: {"type":"record","name":"s0db25671x8f17x410cx9720xe1672d87e5ec","namespace":"ns_16c5af30_3e97_4c98_82d8_6a09bbb5479e","fields":[{"name":"key11754569445001","type":"string"},{"name":"key21754569450222","type":"string"},{"name":"key31754569455897","type":"string"}]}
**** Registry Base URL: http://registry-app-pg17.apps.ci419.apicurio-testing.org:80
2025-08-07 12:24:17,091 INFO  [org.apa.kaf.cli.pro.ProducerConfig] (main) ProducerConfig values: 
	acks = -1
	auto.include.jmx.reporter = true
	batch.size = 16384
	bootstrap.servers = [PLAINTEXT://localhost:32769]
	buffer.memory = 33554432
	client.dns.lookup = use_all_dns_ips
	client.id = Producer-topic-b9d79bc1_8b06_4814_94b3_8be22d04c7d0
	compression.gzip.level = -1
	compression.lz4.level = 9
	compression.type = none
	compression.zstd.level = 3
	connections.max.idle.ms = 10000
	delivery.timeout.ms = 120000
	enable.idempotence = true
	enable.metrics.push = true
	interceptor.classes = []
	key.serializer = class org.apache.kafka.common.serialization.StringSerializer
	linger.ms = 0
	max.block.ms = 60000
	max.in.flight.requests.per.connection = 5
	max.request.size = 1048576
	metadata.max.age.ms = 300000
	metadata.max.idle.ms = 300000
	metadata.recovery.strategy = none
	metric.reporters = []
	metrics.num.samples = 2
	metrics.recording.level = INFO
	metrics.sample.window.ms = 30000
	partitioner.adaptive.partitioning.enable = true
	partitioner.availability.timeout.ms = 0
	partitioner.class = null
	partitioner.ignore.keys = false
	receive.buffer.bytes = 32768
	reconnect.backoff.max.ms = 1000
	reconnect.backoff.ms = 50
	request.timeout.ms = 5000
	retries = 2147483647
	retry.backoff.max.ms = 1000
	retry.backoff.ms = 100
	sasl.client.callback.handler.class = null
	sasl.jaas.config = null
	sasl.kerberos.kinit.cmd = /usr/bin/kinit
	sasl.kerberos.min.time.before.relogin = 60000
	sasl.kerberos.service.name = null
	sasl.kerberos.ticket.renew.jitter = 0.05
	sasl.kerberos.ticket.renew.window.factor = 0.8
	sasl.login.callback.handler.class = null
	sasl.login.class = null
	sasl.login.connect.timeout.ms = null
	sasl.login.read.timeout.ms = null
	sasl.login.refresh.buffer.seconds = 300
	sasl.login.refresh.min.period.seconds = 60
	sasl.login.refresh.window.factor = 0.8
	sasl.login.refresh.window.jitter = 0.05
	sasl.login.retry.backoff.max.ms = 10000
	sasl.login.retry.backoff.ms = 100
	sasl.mechanism = GSSAPI
	sasl.oauthbearer.clock.skew.seconds = 30
	sasl.oauthbearer.expected.audience = null
	sasl.oauthbearer.expected.issuer = null
	sasl.oauthbearer.header.urlencode = false
	sasl.oauthbearer.jwks.endpoint.refresh.ms = 3600000
	sasl.oauthbearer.jwks.endpoint.retry.backoff.max.ms = 10000
	sasl.oauthbearer.jwks.endpoint.retry.backoff.ms = 100
	sasl.oauthbearer.jwks.endpoint.url = null
	sasl.oauthbearer.scope.claim.name = scope
	sasl.oauthbearer.sub.claim.name = sub
	sasl.oauthbearer.token.endpoint.url = null
	security.protocol = PLAINTEXT
	security.providers = null
	send.buffer.bytes = 131072
	socket.connection.setup.timeout.max.ms = 30000
	socket.connection.setup.timeout.ms = 10000
	ssl.cipher.suites = null
	ssl.enabled.protocols = [TLSv1.2, TLSv1.3]
	ssl.endpoint.identification.algorithm = https
	ssl.engine.factory.class = null
	ssl.key.password = null
	ssl.keymanager.algorithm = SunX509
	ssl.keystore.certificate.chain = null
	ssl.keystore.key = null
	ssl.keystore.location = null
	ssl.keystore.password = null
	ssl.keystore.type = JKS
	ssl.protocol = TLSv1.3
	ssl.provider = null
	ssl.secure.random.implementation = null
	ssl.trustmanager.algorithm = PKIX
	ssl.truststore.certificates = null
	ssl.truststore.location = null
	ssl.truststore.password = null
	ssl.truststore.type = JKS
	transaction.timeout.ms = 60000
	transactional.id = null
	value.serializer = class io.apicurio.registry.serde.avro.AvroKafkaSerializer

2025-08-07 12:24:17,091 INFO  [org.apa.kaf.com.tel.int.KafkaMetricsCollector] (main) initializing Kafka metrics collector
2025-08-07 12:24:17,095 INFO  [org.apa.kaf.cli.pro.KafkaProducer] (main) [Producer clientId=Producer-topic-b9d79bc1_8b06_4814_94b3_8be22d04c7d0] Instantiated an idempotent producer.
2025-08-07 12:24:17,097 INFO  [org.apa.kaf.cli.pro.ProducerConfig] (main) These configurations '[apicurio.registry.url, apicurio.registry.artifact-resolver-strategy]' were supplied but are not used yet.
2025-08-07 12:24:17,097 INFO  [org.apa.kaf.com.uti.AppInfoParser] (main) Kafka version: 3.9.1
2025-08-07 12:24:17,097 INFO  [org.apa.kaf.com.uti.AppInfoParser] (main) Kafka commitId: f745dfdcee2b9851
2025-08-07 12:24:17,097 INFO  [org.apa.kaf.com.uti.AppInfoParser] (main) Kafka startTimeMs: 1754569457097
2025-08-07 12:24:17,097 INFO  [io.api.tes.ser.api.KafkaSerdesTester] (Thread-685) Sending message {"key11754569445001": "value-0", "key21754569450222": "value-0", "key31754569455897": "value-0"} to topic topic-b9d79bc1_8b06_4814_94b3_8be22d04c7d0
2025-08-07 12:24:17,101 INFO  [org.apa.kaf.cli.Metadata] (kafka-producer-network-thread | Producer-topic-b9d79bc1_8b06_4814_94b3_8be22d04c7d0) [Producer clientId=Producer-topic-b9d79bc1_8b06_4814_94b3_8be22d04c7d0] Cluster ID: ewOXMZdKQImtr4eZTn3eAw
2025-08-07 12:24:17,102 INFO  [org.apa.kaf.cli.pro.int.TransactionManager] (kafka-producer-network-thread | Producer-topic-b9d79bc1_8b06_4814_94b3_8be22d04c7d0) [Producer clientId=Producer-topic-b9d79bc1_8b06_4814_94b3_8be22d04c7d0] ProducerId set to 15 with epoch 0
2025-08-07 12:24:17,102 INFO  [DefaultSchemaResolver] (Thread-685) Retrieving schema content using string: {"type":"record","name":"s0db25671x8f17x410cx9720xe1672d87e5ec","namespace":"ns_16c5af30_3e97_4c98_82d8_6a09bbb5479e","fields":[{"name":"key11754569445001","type":"string"},{"name":"key21754569450222","type":"string"},{"name":"key31754569455897","type":"string"}]}
2025-08-07 12:24:17,277 INFO  [io.api.tes.ser.api.KafkaSerdesTester] (Thread-685) Sending message {"key11754569445001": "value-1", "key21754569450222": "value-1", "key31754569455897": "value-1"} to topic topic-b9d79bc1_8b06_4814_94b3_8be22d04c7d0
2025-08-07 12:24:17,279 INFO  [io.api.tes.ser.api.KafkaSerdesTester] (Thread-685) Sending message {"key11754569445001": "value-2", "key21754569450222": "value-2", "key31754569455897": "value-2"} to topic topic-b9d79bc1_8b06_4814_94b3_8be22d04c7d0
2025-08-07 12:24:17,280 INFO  [io.api.tes.ser.api.KafkaSerdesTester] (Thread-685) Sending message {"key11754569445001": "value-3", "key21754569450222": "value-3", "key31754569455897": "value-3"} to topic topic-b9d79bc1_8b06_4814_94b3_8be22d04c7d0
2025-08-07 12:24:17,281 INFO  [io.api.tes.ser.api.KafkaSerdesTester] (Thread-685) Sending message {"key11754569445001": "value-4", "key21754569450222": "value-4", "key31754569455897": "value-4"} to topic topic-b9d79bc1_8b06_4814_94b3_8be22d04c7d0
2025-08-07 12:24:17,282 INFO  [io.api.tes.ser.api.KafkaSerdesTester] (Thread-685) Sending message {"key11754569445001": "value-5", "key21754569450222": "value-5", "key31754569455897": "value-5"} to topic topic-b9d79bc1_8b06_4814_94b3_8be22d04c7d0
2025-08-07 12:24:17,284 INFO  [io.api.tes.ser.api.KafkaSerdesTester] (Thread-685) Sending message {"key11754569445001": "value-6", "key21754569450222": "value-6", "key31754569455897": "value-6"} to topic topic-b9d79bc1_8b06_4814_94b3_8be22d04c7d0
2025-08-07 12:24:17,285 INFO  [io.api.tes.ser.api.KafkaSerdesTester] (Thread-685) Sending message {"key11754569445001": "value-7", "key21754569450222": "value-7", "key31754569455897": "value-7"} to topic topic-b9d79bc1_8b06_4814_94b3_8be22d04c7d0
2025-08-07 12:24:17,286 INFO  [io.api.tes.ser.api.KafkaSerdesTester] (Thread-685) Sending message {"key11754569445001": "value-8", "key21754569450222": "value-8", "key31754569455897": "value-8"} to topic topic-b9d79bc1_8b06_4814_94b3_8be22d04c7d0
2025-08-07 12:24:17,288 INFO  [io.api.tes.ser.api.KafkaSerdesTester] (Thread-685) Sending message {"key11754569445001": "value-9", "key21754569450222": "value-9", "key31754569455897": "value-9"} to topic topic-b9d79bc1_8b06_4814_94b3_8be22d04c7d0
2025-08-07 12:24:17,289 INFO  [io.api.tes.ser.api.KafkaSerdesTester] (Thread-685) Produced 10 messages
2025-08-07 12:24:17,289 INFO  [org.apa.kaf.cli.pro.KafkaProducer] (Thread-685) [Producer clientId=Producer-topic-b9d79bc1_8b06_4814_94b3_8be22d04c7d0] Closing the Kafka producer with timeoutMillis = 9223372036854775807 ms.
2025-08-07 12:24:17,291 INFO  [org.apa.kaf.com.met.Metrics] (Thread-685) Metrics scheduler closed
2025-08-07 12:24:17,291 INFO  [org.apa.kaf.com.met.Metrics] (Thread-685) Closing reporter org.apache.kafka.common.metrics.JmxReporter
2025-08-07 12:24:17,291 INFO  [org.apa.kaf.com.met.Metrics] (Thread-685) Closing reporter org.apache.kafka.common.telemetry.internals.ClientTelemetryReporter
2025-08-07 12:24:17,291 INFO  [org.apa.kaf.com.met.Metrics] (Thread-685) Metrics reporters closed
2025-08-07 12:24:17,291 INFO  [org.apa.kaf.com.uti.AppInfoParser] (Thread-685) App info kafka.producer for Producer-topic-b9d79bc1_8b06_4814_94b3_8be22d04c7d0 unregistered
**** Registry Base URL: http://registry-app-pg17.apps.ci419.apicurio-testing.org:80
2025-08-07 12:24:17,292 INFO  [org.apa.kaf.cli.pro.ProducerConfig] (main) ProducerConfig values: 
	acks = -1
	auto.include.jmx.reporter = true
	batch.size = 16384
	bootstrap.servers = [PLAINTEXT://localhost:32769]
	buffer.memory = 33554432
	client.dns.lookup = use_all_dns_ips
	client.id = Producer-topic-b9d79bc1_8b06_4814_94b3_8be22d04c7d0
	compression.gzip.level = -1
	compression.lz4.level = 9
	compression.type = none
	compression.zstd.level = 3
	connections.max.idle.ms = 10000
	delivery.timeout.ms = 120000
	enable.idempotence = true
	enable.metrics.push = true
	interceptor.classes = []
	key.serializer = class org.apache.kafka.common.serialization.StringSerializer
	linger.ms = 0
	max.block.ms = 60000
	max.in.flight.requests.per.connection = 5
	max.request.size = 1048576
	metadata.max.age.ms = 300000
	metadata.max.idle.ms = 300000
	metadata.recovery.strategy = none
	metric.reporters = []
	metrics.num.samples = 2
	metrics.recording.level = INFO
	metrics.sample.window.ms = 30000
	partitioner.adaptive.partitioning.enable = true
	partitioner.availability.timeout.ms = 0
	partitioner.class = null
	partitioner.ignore.keys = false
	receive.buffer.bytes = 32768
	reconnect.backoff.max.ms = 1000
	reconnect.backoff.ms = 50
	request.timeout.ms = 5000
	retries = 2147483647
	retry.backoff.max.ms = 1000
	retry.backoff.ms = 100
	sasl.client.callback.handler.class = null
	sasl.jaas.config = null
	sasl.kerberos.kinit.cmd = /usr/bin/kinit
	sasl.kerberos.min.time.before.relogin = 60000
	sasl.kerberos.service.name = null
	sasl.kerberos.ticket.renew.jitter = 0.05
	sasl.kerberos.ticket.renew.window.factor = 0.8
	sasl.login.callback.handler.class = null
	sasl.login.class = null
	sasl.login.connect.timeout.ms = null
	sasl.login.read.timeout.ms = null
	sasl.login.refresh.buffer.seconds = 300
	sasl.login.refresh.min.period.seconds = 60
	sasl.login.refresh.window.factor = 0.8
	sasl.login.refresh.window.jitter = 0.05
	sasl.login.retry.backoff.max.ms = 10000
	sasl.login.retry.backoff.ms = 100
	sasl.mechanism = GSSAPI
	sasl.oauthbearer.clock.skew.seconds = 30
	sasl.oauthbearer.expected.audience = null
	sasl.oauthbearer.expected.issuer = null
	sasl.oauthbearer.header.urlencode = false
	sasl.oauthbearer.jwks.endpoint.refresh.ms = 3600000
	sasl.oauthbearer.jwks.endpoint.retry.backoff.max.ms = 10000
	sasl.oauthbearer.jwks.endpoint.retry.backoff.ms = 100
	sasl.oauthbearer.jwks.endpoint.url = null
	sasl.oauthbearer.scope.claim.name = scope
	sasl.oauthbearer.sub.claim.name = sub
	sasl.oauthbearer.token.endpoint.url = null
	security.protocol = PLAINTEXT
	security.providers = null
	send.buffer.bytes = 131072
	socket.connection.setup.timeout.max.ms = 30000
	socket.connection.setup.timeout.ms = 10000
	ssl.cipher.suites = null
	ssl.enabled.protocols = [TLSv1.2, TLSv1.3]
	ssl.endpoint.identification.algorithm = https
	ssl.engine.factory.class = null
	ssl.key.password = null
	ssl.keymanager.algorithm = SunX509
	ssl.keystore.certificate.chain = null
	ssl.keystore.key = null
	ssl.keystore.location = null
	ssl.keystore.password = null
	ssl.keystore.type = JKS
	ssl.protocol = TLSv1.3
	ssl.provider = null
	ssl.secure.random.implementation = null
	ssl.trustmanager.algorithm = PKIX
	ssl.truststore.certificates = null
	ssl.truststore.location = null
	ssl.truststore.password = null
	ssl.truststore.type = JKS
	transaction.timeout.ms = 60000
	transactional.id = null
	value.serializer = class io.apicurio.registry.serde.avro.AvroKafkaSerializer

2025-08-07 12:24:17,292 INFO  [org.apa.kaf.com.tel.int.KafkaMetricsCollector] (main) initializing Kafka metrics collector
2025-08-07 12:24:17,298 INFO  [org.apa.kaf.cli.pro.KafkaProducer] (main) [Producer clientId=Producer-topic-b9d79bc1_8b06_4814_94b3_8be22d04c7d0] Instantiated an idempotent producer.
2025-08-07 12:24:17,300 INFO  [org.apa.kaf.cli.pro.ProducerConfig] (main) These configurations '[apicurio.registry.url, apicurio.registry.artifact-resolver-strategy]' were supplied but are not used yet.
2025-08-07 12:24:17,300 INFO  [org.apa.kaf.com.uti.AppInfoParser] (main) Kafka version: 3.9.1
2025-08-07 12:24:17,300 INFO  [org.apa.kaf.com.uti.AppInfoParser] (main) Kafka commitId: f745dfdcee2b9851
2025-08-07 12:24:17,300 INFO  [org.apa.kaf.com.uti.AppInfoParser] (main) Kafka startTimeMs: 1754569457300
2025-08-07 12:24:17,303 INFO  [org.apa.kaf.cli.Metadata] (kafka-producer-network-thread | Producer-topic-b9d79bc1_8b06_4814_94b3_8be22d04c7d0) [Producer clientId=Producer-topic-b9d79bc1_8b06_4814_94b3_8be22d04c7d0] Cluster ID: ewOXMZdKQImtr4eZTn3eAw
2025-08-07 12:24:17,304 INFO  [io.api.tes.ser.api.KafkaSerdesTester] (Thread-688) Sending message {"key11754569445001": "value-0", "key21754569450222": "value-0"} to topic topic-b9d79bc1_8b06_4814_94b3_8be22d04c7d0
2025-08-07 12:24:17,304 INFO  [org.apa.kaf.cli.pro.int.TransactionManager] (kafka-producer-network-thread | Producer-topic-b9d79bc1_8b06_4814_94b3_8be22d04c7d0) [Producer clientId=Producer-topic-b9d79bc1_8b06_4814_94b3_8be22d04c7d0] ProducerId set to 16 with epoch 0
2025-08-07 12:24:17,307 INFO  [DefaultSchemaResolver] (Thread-688) Retrieving schema content using string: {"type":"record","name":"s0db25671x8f17x410cx9720xe1672d87e5ec","namespace":"ns_16c5af30_3e97_4c98_82d8_6a09bbb5479e","fields":[{"name":"key11754569445001","type":"string"},{"name":"key21754569450222","type":"string"}]}
2025-08-07 12:24:17,485 INFO  [io.api.tes.ser.api.KafkaSerdesTester] (Thread-688) Sending message {"key11754569445001": "value-1", "key21754569450222": "value-1"} to topic topic-b9d79bc1_8b06_4814_94b3_8be22d04c7d0
2025-08-07 12:24:17,487 INFO  [io.api.tes.ser.api.KafkaSerdesTester] (Thread-688) Sending message {"key11754569445001": "value-2", "key21754569450222": "value-2"} to topic topic-b9d79bc1_8b06_4814_94b3_8be22d04c7d0
2025-08-07 12:24:17,489 INFO  [io.api.tes.ser.api.KafkaSerdesTester] (Thread-688) Sending message {"key11754569445001": "value-3", "key21754569450222": "value-3"} to topic topic-b9d79bc1_8b06_4814_94b3_8be22d04c7d0
2025-08-07 12:24:17,490 INFO  [io.api.tes.ser.api.KafkaSerdesTester] (Thread-688) Sending message {"key11754569445001": "value-4", "key21754569450222": "value-4"} to topic topic-b9d79bc1_8b06_4814_94b3_8be22d04c7d0
2025-08-07 12:24:17,493 INFO  [io.api.tes.ser.api.KafkaSerdesTester] (Thread-688) Sending message {"key11754569445001": "value-5", "key21754569450222": "value-5"} to topic topic-b9d79bc1_8b06_4814_94b3_8be22d04c7d0
2025-08-07 12:24:17,494 INFO  [io.api.tes.ser.api.KafkaSerdesTester] (Thread-688) Sending message {"key11754569445001": "value-6", "key21754569450222": "value-6"} to topic topic-b9d79bc1_8b06_4814_94b3_8be22d04c7d0
2025-08-07 12:24:17,496 INFO  [io.api.tes.ser.api.KafkaSerdesTester] (Thread-688) Sending message {"key11754569445001": "value-7", "key21754569450222": "value-7"} to topic topic-b9d79bc1_8b06_4814_94b3_8be22d04c7d0
2025-08-07 12:24:17,497 INFO  [io.api.tes.ser.api.KafkaSerdesTester] (Thread-688) Sending message {"key11754569445001": "value-8", "key21754569450222": "value-8"} to topic topic-b9d79bc1_8b06_4814_94b3_8be22d04c7d0
2025-08-07 12:24:17,500 INFO  [io.api.tes.ser.api.KafkaSerdesTester] (Thread-688) Sending message {"key11754569445001": "value-9", "key21754569450222": "value-9"} to topic topic-b9d79bc1_8b06_4814_94b3_8be22d04c7d0
2025-08-07 12:24:17,502 INFO  [io.api.tes.ser.api.KafkaSerdesTester] (Thread-688) Produced 10 messages
2025-08-07 12:24:17,502 INFO  [org.apa.kaf.cli.pro.KafkaProducer] (Thread-688) [Producer clientId=Producer-topic-b9d79bc1_8b06_4814_94b3_8be22d04c7d0] Closing the Kafka producer with timeoutMillis = 9223372036854775807 ms.
2025-08-07 12:24:17,504 INFO  [org.apa.kaf.com.met.Metrics] (Thread-688) Metrics scheduler closed
2025-08-07 12:24:17,504 INFO  [org.apa.kaf.com.met.Metrics] (Thread-688) Closing reporter org.apache.kafka.common.metrics.JmxReporter
2025-08-07 12:24:17,505 INFO  [org.apa.kaf.com.met.Metrics] (Thread-688) Closing reporter org.apache.kafka.common.telemetry.internals.ClientTelemetryReporter
2025-08-07 12:24:17,505 INFO  [org.apa.kaf.com.met.Metrics] (Thread-688) Metrics reporters closed
2025-08-07 12:24:17,505 INFO  [org.apa.kaf.com.uti.AppInfoParser] (Thread-688) App info kafka.producer for Producer-topic-b9d79bc1_8b06_4814_94b3_8be22d04c7d0 unregistered
**** Registry Base URL: http://registry-app-pg17.apps.ci419.apicurio-testing.org:80
2025-08-07 12:24:17,505 INFO  [org.apa.kaf.cli.pro.ProducerConfig] (main) ProducerConfig values: 
	acks = -1
	auto.include.jmx.reporter = true
	batch.size = 16384
	bootstrap.servers = [PLAINTEXT://localhost:32769]
	buffer.memory = 33554432
	client.dns.lookup = use_all_dns_ips
	client.id = Producer-topic-b9d79bc1_8b06_4814_94b3_8be22d04c7d0
	compression.gzip.level = -1
	compression.lz4.level = 9
	compression.type = none
	compression.zstd.level = 3
	connections.max.idle.ms = 10000
	delivery.timeout.ms = 120000
	enable.idempotence = true
	enable.metrics.push = true
	interceptor.classes = []
	key.serializer = class org.apache.kafka.common.serialization.StringSerializer
	linger.ms = 0
	max.block.ms = 60000
	max.in.flight.requests.per.connection = 5
	max.request.size = 1048576
	metadata.max.age.ms = 300000
	metadata.max.idle.ms = 300000
	metadata.recovery.strategy = none
	metric.reporters = []
	metrics.num.samples = 2
	metrics.recording.level = INFO
	metrics.sample.window.ms = 30000
	partitioner.adaptive.partitioning.enable = true
	partitioner.availability.timeout.ms = 0
	partitioner.class = null
	partitioner.ignore.keys = false
	receive.buffer.bytes = 32768
	reconnect.backoff.max.ms = 1000
	reconnect.backoff.ms = 50
	request.timeout.ms = 5000
	retries = 2147483647
	retry.backoff.max.ms = 1000
	retry.backoff.ms = 100
	sasl.client.callback.handler.class = null
	sasl.jaas.config = null
	sasl.kerberos.kinit.cmd = /usr/bin/kinit
	sasl.kerberos.min.time.before.relogin = 60000
	sasl.kerberos.service.name = null
	sasl.kerberos.ticket.renew.jitter = 0.05
	sasl.kerberos.ticket.renew.window.factor = 0.8
	sasl.login.callback.handler.class = null
	sasl.login.class = null
	sasl.login.connect.timeout.ms = null
	sasl.login.read.timeout.ms = null
	sasl.login.refresh.buffer.seconds = 300
	sasl.login.refresh.min.period.seconds = 60
	sasl.login.refresh.window.factor = 0.8
	sasl.login.refresh.window.jitter = 0.05
	sasl.login.retry.backoff.max.ms = 10000
	sasl.login.retry.backoff.ms = 100
	sasl.mechanism = GSSAPI
	sasl.oauthbearer.clock.skew.seconds = 30
	sasl.oauthbearer.expected.audience = null
	sasl.oauthbearer.expected.issuer = null
	sasl.oauthbearer.header.urlencode = false
	sasl.oauthbearer.jwks.endpoint.refresh.ms = 3600000
	sasl.oauthbearer.jwks.endpoint.retry.backoff.max.ms = 10000
	sasl.oauthbearer.jwks.endpoint.retry.backoff.ms = 100
	sasl.oauthbearer.jwks.endpoint.url = null
	sasl.oauthbearer.scope.claim.name = scope
	sasl.oauthbearer.sub.claim.name = sub
	sasl.oauthbearer.token.endpoint.url = null
	security.protocol = PLAINTEXT
	security.providers = null
	send.buffer.bytes = 131072
	socket.connection.setup.timeout.max.ms = 30000
	socket.connection.setup.timeout.ms = 10000
	ssl.cipher.suites = null
	ssl.enabled.protocols = [TLSv1.2, TLSv1.3]
	ssl.endpoint.identification.algorithm = https
	ssl.engine.factory.class = null
	ssl.key.password = null
	ssl.keymanager.algorithm = SunX509
	ssl.keystore.certificate.chain = null
	ssl.keystore.key = null
	ssl.keystore.location = null
	ssl.keystore.password = null
	ssl.keystore.type = JKS
	ssl.protocol = TLSv1.3
	ssl.provider = null
	ssl.secure.random.implementation = null
	ssl.trustmanager.algorithm = PKIX
	ssl.truststore.certificates = null
	ssl.truststore.location = null
	ssl.truststore.password = null
	ssl.truststore.type = JKS
	transaction.timeout.ms = 60000
	transactional.id = null
	value.serializer = class io.apicurio.registry.serde.avro.AvroKafkaSerializer

2025-08-07 12:24:17,506 INFO  [org.apa.kaf.com.tel.int.KafkaMetricsCollector] (main) initializing Kafka metrics collector
2025-08-07 12:24:17,517 INFO  [org.apa.kaf.cli.pro.KafkaProducer] (main) [Producer clientId=Producer-topic-b9d79bc1_8b06_4814_94b3_8be22d04c7d0] Instantiated an idempotent producer.
2025-08-07 12:24:17,519 INFO  [org.apa.kaf.cli.pro.ProducerConfig] (main) These configurations '[apicurio.registry.url, apicurio.registry.artifact-resolver-strategy]' were supplied but are not used yet.
2025-08-07 12:24:17,520 INFO  [org.apa.kaf.com.uti.AppInfoParser] (main) Kafka version: 3.9.1
2025-08-07 12:24:17,520 INFO  [org.apa.kaf.com.uti.AppInfoParser] (main) Kafka commitId: f745dfdcee2b9851
2025-08-07 12:24:17,520 INFO  [org.apa.kaf.com.uti.AppInfoParser] (main) Kafka startTimeMs: 1754569457519
2025-08-07 12:24:17,521 INFO  [io.api.tes.ser.api.KafkaSerdesTester] (Thread-691) Sending message {"key11754569445001": "value-0"} to topic topic-b9d79bc1_8b06_4814_94b3_8be22d04c7d0
2025-08-07 12:24:17,531 INFO  [org.apa.kaf.cli.Metadata] (kafka-producer-network-thread | Producer-topic-b9d79bc1_8b06_4814_94b3_8be22d04c7d0) [Producer clientId=Producer-topic-b9d79bc1_8b06_4814_94b3_8be22d04c7d0] Cluster ID: ewOXMZdKQImtr4eZTn3eAw
2025-08-07 12:24:17,531 INFO  [DefaultSchemaResolver] (Thread-691) Retrieving schema content using string: {"type":"record","name":"s0db25671x8f17x410cx9720xe1672d87e5ec","namespace":"ns_16c5af30_3e97_4c98_82d8_6a09bbb5479e","fields":[{"name":"key11754569445001","type":"string"}]}
2025-08-07 12:24:17,533 INFO  [org.apa.kaf.cli.pro.int.TransactionManager] (kafka-producer-network-thread | Producer-topic-b9d79bc1_8b06_4814_94b3_8be22d04c7d0) [Producer clientId=Producer-topic-b9d79bc1_8b06_4814_94b3_8be22d04c7d0] ProducerId set to 17 with epoch 0
2025-08-07 12:24:17,707 INFO  [io.api.tes.ser.api.KafkaSerdesTester] (Thread-691) Sending message {"key11754569445001": "value-1"} to topic topic-b9d79bc1_8b06_4814_94b3_8be22d04c7d0
2025-08-07 12:24:17,712 INFO  [io.api.tes.ser.api.KafkaSerdesTester] (Thread-691) Sending message {"key11754569445001": "value-2"} to topic topic-b9d79bc1_8b06_4814_94b3_8be22d04c7d0
2025-08-07 12:24:17,713 INFO  [io.api.tes.ser.api.KafkaSerdesTester] (Thread-691) Sending message {"key11754569445001": "value-3"} to topic topic-b9d79bc1_8b06_4814_94b3_8be22d04c7d0
2025-08-07 12:24:17,714 INFO  [io.api.tes.ser.api.KafkaSerdesTester] (Thread-691) Sending message {"key11754569445001": "value-4"} to topic topic-b9d79bc1_8b06_4814_94b3_8be22d04c7d0
2025-08-07 12:24:17,716 INFO  [io.api.tes.ser.api.KafkaSerdesTester] (Thread-691) Sending message {"key11754569445001": "value-5"} to topic topic-b9d79bc1_8b06_4814_94b3_8be22d04c7d0
2025-08-07 12:24:17,717 INFO  [io.api.tes.ser.api.KafkaSerdesTester] (Thread-691) Sending message {"key11754569445001": "value-6"} to topic topic-b9d79bc1_8b06_4814_94b3_8be22d04c7d0
2025-08-07 12:24:17,719 INFO  [io.api.tes.ser.api.KafkaSerdesTester] (Thread-691) Sending message {"key11754569445001": "value-7"} to topic topic-b9d79bc1_8b06_4814_94b3_8be22d04c7d0
2025-08-07 12:24:17,720 INFO  [io.api.tes.ser.api.KafkaSerdesTester] (Thread-691) Sending message {"key11754569445001": "value-8"} to topic topic-b9d79bc1_8b06_4814_94b3_8be22d04c7d0
2025-08-07 12:24:17,722 INFO  [io.api.tes.ser.api.KafkaSerdesTester] (Thread-691) Sending message {"key11754569445001": "value-9"} to topic topic-b9d79bc1_8b06_4814_94b3_8be22d04c7d0
2025-08-07 12:24:17,723 INFO  [io.api.tes.ser.api.KafkaSerdesTester] (Thread-691) Produced 10 messages
2025-08-07 12:24:17,723 INFO  [org.apa.kaf.cli.pro.KafkaProducer] (Thread-691) [Producer clientId=Producer-topic-b9d79bc1_8b06_4814_94b3_8be22d04c7d0] Closing the Kafka producer with timeoutMillis = 9223372036854775807 ms.
2025-08-07 12:24:17,724 INFO  [org.apa.kaf.com.met.Metrics] (Thread-691) Metrics scheduler closed
2025-08-07 12:24:17,724 INFO  [org.apa.kaf.com.met.Metrics] (Thread-691) Closing reporter org.apache.kafka.common.metrics.JmxReporter
2025-08-07 12:24:17,725 INFO  [org.apa.kaf.com.met.Metrics] (Thread-691) Closing reporter org.apache.kafka.common.telemetry.internals.ClientTelemetryReporter
2025-08-07 12:24:17,725 INFO  [org.apa.kaf.com.met.Metrics] (Thread-691) Metrics reporters closed
2025-08-07 12:24:17,725 INFO  [org.apa.kaf.com.uti.AppInfoParser] (Thread-691) App info kafka.producer for Producer-topic-b9d79bc1_8b06_4814_94b3_8be22d04c7d0 unregistered
**** Registry Base URL: http://registry-app-pg17.apps.ci419.apicurio-testing.org:80
2025-08-07 12:24:17,725 INFO  [org.apa.kaf.cli.con.ConsumerConfig] (main) ConsumerConfig values: 
	allow.auto.create.topics = true
	auto.commit.interval.ms = 500
	auto.include.jmx.reporter = true
	auto.offset.reset = earliest
	bootstrap.servers = [PLAINTEXT://localhost:32769]
	check.crcs = true
	client.dns.lookup = use_all_dns_ips
	client.id = consumer-Consumer-topic-b9d79bc1_8b06_4814_94b3_8be22d04c7d0-12
	client.rack = 
	connections.max.idle.ms = 10000
	default.api.timeout.ms = 60000
	enable.auto.commit = true
	enable.metrics.push = true
	exclude.internal.topics = true
	fetch.max.bytes = 52428800
	fetch.max.wait.ms = 500
	fetch.min.bytes = 1
	group.id = Consumer-topic-b9d79bc1_8b06_4814_94b3_8be22d04c7d0
	group.instance.id = null
	group.protocol = classic
	group.remote.assignor = null
	heartbeat.interval.ms = 3000
	interceptor.classes = []
	internal.leave.group.on.close = true
	internal.throw.on.fetch.stable.offset.unsupported = false
	isolation.level = read_uncommitted
	key.deserializer = class org.apache.kafka.common.serialization.StringDeserializer
	max.partition.fetch.bytes = 1048576
	max.poll.interval.ms = 300000
	max.poll.records = 500
	metadata.max.age.ms = 300000
	metadata.recovery.strategy = none
	metric.reporters = []
	metrics.num.samples = 2
	metrics.recording.level = INFO
	metrics.sample.window.ms = 30000
	partition.assignment.strategy = [class org.apache.kafka.clients.consumer.RangeAssignor, class org.apache.kafka.clients.consumer.CooperativeStickyAssignor]
	receive.buffer.bytes = 65536
	reconnect.backoff.max.ms = 1000
	reconnect.backoff.ms = 50
	request.timeout.ms = 5000
	retry.backoff.max.ms = 1000
	retry.backoff.ms = 100
	sasl.client.callback.handler.class = null
	sasl.jaas.config = null
	sasl.kerberos.kinit.cmd = /usr/bin/kinit
	sasl.kerberos.min.time.before.relogin = 60000
	sasl.kerberos.service.name = null
	sasl.kerberos.ticket.renew.jitter = 0.05
	sasl.kerberos.ticket.renew.window.factor = 0.8
	sasl.login.callback.handler.class = null
	sasl.login.class = null
	sasl.login.connect.timeout.ms = null
	sasl.login.read.timeout.ms = null
	sasl.login.refresh.buffer.seconds = 300
	sasl.login.refresh.min.period.seconds = 60
	sasl.login.refresh.window.factor = 0.8
	sasl.login.refresh.window.jitter = 0.05
	sasl.login.retry.backoff.max.ms = 10000
	sasl.login.retry.backoff.ms = 100
	sasl.mechanism = GSSAPI
	sasl.oauthbearer.clock.skew.seconds = 30
	sasl.oauthbearer.expected.audience = null
	sasl.oauthbearer.expected.issuer = null
	sasl.oauthbearer.header.urlencode = false
	sasl.oauthbearer.jwks.endpoint.refresh.ms = 3600000
	sasl.oauthbearer.jwks.endpoint.retry.backoff.max.ms = 10000
	sasl.oauthbearer.jwks.endpoint.retry.backoff.ms = 100
	sasl.oauthbearer.jwks.endpoint.url = null
	sasl.oauthbearer.scope.claim.name = scope
	sasl.oauthbearer.sub.claim.name = sub
	sasl.oauthbearer.token.endpoint.url = null
	security.protocol = PLAINTEXT
	security.providers = null
	send.buffer.bytes = 131072
	session.timeout.ms = 45000
	socket.connection.setup.timeout.max.ms = 30000
	socket.connection.setup.timeout.ms = 10000
	ssl.cipher.suites = null
	ssl.enabled.protocols = [TLSv1.2, TLSv1.3]
	ssl.endpoint.identification.algorithm = https
	ssl.engine.factory.class = null
	ssl.key.password = null
	ssl.keymanager.algorithm = SunX509
	ssl.keystore.certificate.chain = null
	ssl.keystore.key = null
	ssl.keystore.location = null
	ssl.keystore.password = null
	ssl.keystore.type = JKS
	ssl.protocol = TLSv1.3
	ssl.provider = null
	ssl.secure.random.implementation = null
	ssl.trustmanager.algorithm = PKIX
	ssl.truststore.certificates = null
	ssl.truststore.location = null
	ssl.truststore.password = null
	ssl.truststore.type = JKS
	value.deserializer = class io.apicurio.registry.serde.avro.AvroKafkaDeserializer

2025-08-07 12:24:17,726 INFO  [org.apa.kaf.com.tel.int.KafkaMetricsCollector] (main) initializing Kafka metrics collector
2025-08-07 12:24:17,733 INFO  [org.apa.kaf.cli.con.ConsumerConfig] (main) These configurations '[apicurio.registry.url]' were supplied but are not used yet.
2025-08-07 12:24:17,733 INFO  [org.apa.kaf.com.uti.AppInfoParser] (main) Kafka version: 3.9.1
2025-08-07 12:24:17,733 INFO  [org.apa.kaf.com.uti.AppInfoParser] (main) Kafka commitId: f745dfdcee2b9851
2025-08-07 12:24:17,733 INFO  [org.apa.kaf.com.uti.AppInfoParser] (main) Kafka startTimeMs: 1754569457733
2025-08-07 12:24:17,733 INFO  [org.apa.kaf.cli.con.int.ClassicKafkaConsumer] (Thread-694) [Consumer clientId=consumer-Consumer-topic-b9d79bc1_8b06_4814_94b3_8be22d04c7d0-12, groupId=Consumer-topic-b9d79bc1_8b06_4814_94b3_8be22d04c7d0] Subscribed to topic(s): topic-b9d79bc1_8b06_4814_94b3_8be22d04c7d0
2025-08-07 12:24:17,738 INFO  [org.apa.kaf.cli.Metadata] (Thread-694) [Consumer clientId=consumer-Consumer-topic-b9d79bc1_8b06_4814_94b3_8be22d04c7d0-12, groupId=Consumer-topic-b9d79bc1_8b06_4814_94b3_8be22d04c7d0] Cluster ID: ewOXMZdKQImtr4eZTn3eAw
2025-08-07 12:24:17,739 INFO  [org.apa.kaf.cli.con.int.ConsumerCoordinator] (Thread-694) [Consumer clientId=consumer-Consumer-topic-b9d79bc1_8b06_4814_94b3_8be22d04c7d0-12, groupId=Consumer-topic-b9d79bc1_8b06_4814_94b3_8be22d04c7d0] Discovered group coordinator localhost:32769 (id: 2147483647 rack: null)
2025-08-07 12:24:17,741 INFO  [org.apa.kaf.cli.con.int.ConsumerCoordinator] (Thread-694) [Consumer clientId=consumer-Consumer-topic-b9d79bc1_8b06_4814_94b3_8be22d04c7d0-12, groupId=Consumer-topic-b9d79bc1_8b06_4814_94b3_8be22d04c7d0] (Re-)joining group
2025-08-07 12:24:17,744 INFO  [org.apa.kaf.cli.con.int.ConsumerCoordinator] (Thread-694) [Consumer clientId=consumer-Consumer-topic-b9d79bc1_8b06_4814_94b3_8be22d04c7d0-12, groupId=Consumer-topic-b9d79bc1_8b06_4814_94b3_8be22d04c7d0] Request joining group due to: need to re-join with the given member-id: consumer-Consumer-topic-b9d79bc1_8b06_4814_94b3_8be22d04c7d0-12-df0b1a27-1556-43b9-a989-b88ea04a8d62
2025-08-07 12:24:17,744 INFO  [org.apa.kaf.cli.con.int.ConsumerCoordinator] (Thread-694) [Consumer clientId=consumer-Consumer-topic-b9d79bc1_8b06_4814_94b3_8be22d04c7d0-12, groupId=Consumer-topic-b9d79bc1_8b06_4814_94b3_8be22d04c7d0] (Re-)joining group
2025-08-07 12:24:18,733 INFO  [io.api.tes.ser.api.KafkaSerdesTester] (Thread-694) None found
2025-08-07 12:24:19,734 INFO  [io.api.tes.ser.api.KafkaSerdesTester] (Thread-694) None found
2025-08-07 12:24:20,735 INFO  [io.api.tes.ser.api.KafkaSerdesTester] (Thread-694) None found
2025-08-07 12:24:20,746 INFO  [org.apa.kaf.cli.con.int.ConsumerCoordinator] (Thread-694) [Consumer clientId=consumer-Consumer-topic-b9d79bc1_8b06_4814_94b3_8be22d04c7d0-12, groupId=Consumer-topic-b9d79bc1_8b06_4814_94b3_8be22d04c7d0] Successfully joined group with generation Generation{generationId=5, memberId='consumer-Consumer-topic-b9d79bc1_8b06_4814_94b3_8be22d04c7d0-12-df0b1a27-1556-43b9-a989-b88ea04a8d62', protocol='range'}
2025-08-07 12:24:20,746 INFO  [org.apa.kaf.cli.con.int.ConsumerCoordinator] (Thread-694) [Consumer clientId=consumer-Consumer-topic-b9d79bc1_8b06_4814_94b3_8be22d04c7d0-12, groupId=Consumer-topic-b9d79bc1_8b06_4814_94b3_8be22d04c7d0] Finished assignment for group at generation 5: {consumer-Consumer-topic-b9d79bc1_8b06_4814_94b3_8be22d04c7d0-12-df0b1a27-1556-43b9-a989-b88ea04a8d62=Assignment(partitions=[topic-b9d79bc1_8b06_4814_94b3_8be22d04c7d0-0])}
2025-08-07 12:24:20,753 INFO  [org.apa.kaf.cli.con.int.ConsumerCoordinator] (Thread-694) [Consumer clientId=consumer-Consumer-topic-b9d79bc1_8b06_4814_94b3_8be22d04c7d0-12, groupId=Consumer-topic-b9d79bc1_8b06_4814_94b3_8be22d04c7d0] Successfully synced group in generation Generation{generationId=5, memberId='consumer-Consumer-topic-b9d79bc1_8b06_4814_94b3_8be22d04c7d0-12-df0b1a27-1556-43b9-a989-b88ea04a8d62', protocol='range'}
2025-08-07 12:24:20,754 INFO  [org.apa.kaf.cli.con.int.ConsumerCoordinator] (Thread-694) [Consumer clientId=consumer-Consumer-topic-b9d79bc1_8b06_4814_94b3_8be22d04c7d0-12, groupId=Consumer-topic-b9d79bc1_8b06_4814_94b3_8be22d04c7d0] Notifying assignor about the new Assignment(partitions=[topic-b9d79bc1_8b06_4814_94b3_8be22d04c7d0-0])
2025-08-07 12:24:20,754 INFO  [org.apa.kaf.cli.con.int.ConsumerRebalanceListenerInvoker] (Thread-694) [Consumer clientId=consumer-Consumer-topic-b9d79bc1_8b06_4814_94b3_8be22d04c7d0-12, groupId=Consumer-topic-b9d79bc1_8b06_4814_94b3_8be22d04c7d0] Adding newly assigned partitions: topic-b9d79bc1_8b06_4814_94b3_8be22d04c7d0-0
2025-08-07 12:24:20,755 INFO  [org.apa.kaf.cli.con.int.ConsumerUtils] (Thread-694) Setting offset for partition topic-b9d79bc1_8b06_4814_94b3_8be22d04c7d0-0 to the committed offset FetchPosition{offset=30, offsetEpoch=Optional[0], currentLeader=LeaderAndEpoch{leader=Optional[localhost:32769 (id: 0 rack: null)], epoch=0}}
2025-08-07 12:24:21,356 INFO  [io.api.tes.ser.api.KafkaSerdesTester] (Thread-694) topic-b9d79bc1_8b06_4814_94b3_8be22d04c7d0 0 30 {"key11754569445001": "value-0", "key21754569450222": "value-0", "key31754569455897": "value-0"}
2025-08-07 12:24:21,356 INFO  [io.api.tes.ser.api.KafkaSerdesTester] (Thread-694) topic-b9d79bc1_8b06_4814_94b3_8be22d04c7d0 0 31 {"key11754569445001": "value-1", "key21754569450222": "value-1", "key31754569455897": "value-1"}
2025-08-07 12:24:21,356 INFO  [io.api.tes.ser.api.KafkaSerdesTester] (Thread-694) topic-b9d79bc1_8b06_4814_94b3_8be22d04c7d0 0 32 {"key11754569445001": "value-2", "key21754569450222": "value-2", "key31754569455897": "value-2"}
2025-08-07 12:24:21,356 INFO  [io.api.tes.ser.api.KafkaSerdesTester] (Thread-694) topic-b9d79bc1_8b06_4814_94b3_8be22d04c7d0 0 33 {"key11754569445001": "value-3", "key21754569450222": "value-3", "key31754569455897": "value-3"}
2025-08-07 12:24:21,356 INFO  [io.api.tes.ser.api.KafkaSerdesTester] (Thread-694) topic-b9d79bc1_8b06_4814_94b3_8be22d04c7d0 0 34 {"key11754569445001": "value-4", "key21754569450222": "value-4", "key31754569455897": "value-4"}
2025-08-07 12:24:21,356 INFO  [io.api.tes.ser.api.KafkaSerdesTester] (Thread-694) topic-b9d79bc1_8b06_4814_94b3_8be22d04c7d0 0 35 {"key11754569445001": "value-5", "key21754569450222": "value-5", "key31754569455897": "value-5"}
2025-08-07 12:24:21,356 INFO  [io.api.tes.ser.api.KafkaSerdesTester] (Thread-694) topic-b9d79bc1_8b06_4814_94b3_8be22d04c7d0 0 36 {"key11754569445001": "value-6", "key21754569450222": "value-6", "key31754569455897": "value-6"}
2025-08-07 12:24:21,356 INFO  [io.api.tes.ser.api.KafkaSerdesTester] (Thread-694) topic-b9d79bc1_8b06_4814_94b3_8be22d04c7d0 0 37 {"key11754569445001": "value-7", "key21754569450222": "value-7", "key31754569455897": "value-7"}
2025-08-07 12:24:21,356 INFO  [io.api.tes.ser.api.KafkaSerdesTester] (Thread-694) topic-b9d79bc1_8b06_4814_94b3_8be22d04c7d0 0 38 {"key11754569445001": "value-8", "key21754569450222": "value-8", "key31754569455897": "value-8"}
2025-08-07 12:24:21,356 INFO  [io.api.tes.ser.api.KafkaSerdesTester] (Thread-694) topic-b9d79bc1_8b06_4814_94b3_8be22d04c7d0 0 39 {"key11754569445001": "value-9", "key21754569450222": "value-9", "key31754569455897": "value-9"}
2025-08-07 12:24:21,357 INFO  [io.api.tes.ser.api.KafkaSerdesTester] (Thread-694) topic-b9d79bc1_8b06_4814_94b3_8be22d04c7d0 0 40 {"key11754569445001": "value-0", "key21754569450222": "value-0"}
2025-08-07 12:24:21,357 INFO  [io.api.tes.ser.api.KafkaSerdesTester] (Thread-694) topic-b9d79bc1_8b06_4814_94b3_8be22d04c7d0 0 41 {"key11754569445001": "value-1", "key21754569450222": "value-1"}
2025-08-07 12:24:21,357 INFO  [io.api.tes.ser.api.KafkaSerdesTester] (Thread-694) topic-b9d79bc1_8b06_4814_94b3_8be22d04c7d0 0 42 {"key11754569445001": "value-2", "key21754569450222": "value-2"}
2025-08-07 12:24:21,357 INFO  [io.api.tes.ser.api.KafkaSerdesTester] (Thread-694) topic-b9d79bc1_8b06_4814_94b3_8be22d04c7d0 0 43 {"key11754569445001": "value-3", "key21754569450222": "value-3"}
2025-08-07 12:24:21,357 INFO  [io.api.tes.ser.api.KafkaSerdesTester] (Thread-694) topic-b9d79bc1_8b06_4814_94b3_8be22d04c7d0 0 44 {"key11754569445001": "value-4", "key21754569450222": "value-4"}
2025-08-07 12:24:21,357 INFO  [io.api.tes.ser.api.KafkaSerdesTester] (Thread-694) topic-b9d79bc1_8b06_4814_94b3_8be22d04c7d0 0 45 {"key11754569445001": "value-5", "key21754569450222": "value-5"}
2025-08-07 12:24:21,357 INFO  [io.api.tes.ser.api.KafkaSerdesTester] (Thread-694) topic-b9d79bc1_8b06_4814_94b3_8be22d04c7d0 0 46 {"key11754569445001": "value-6", "key21754569450222": "value-6"}
2025-08-07 12:24:21,357 INFO  [io.api.tes.ser.api.KafkaSerdesTester] (Thread-694) topic-b9d79bc1_8b06_4814_94b3_8be22d04c7d0 0 47 {"key11754569445001": "value-7", "key21754569450222": "value-7"}
2025-08-07 12:24:21,357 INFO  [io.api.tes.ser.api.KafkaSerdesTester] (Thread-694) topic-b9d79bc1_8b06_4814_94b3_8be22d04c7d0 0 48 {"key11754569445001": "value-8", "key21754569450222": "value-8"}
2025-08-07 12:24:21,357 INFO  [io.api.tes.ser.api.KafkaSerdesTester] (Thread-694) topic-b9d79bc1_8b06_4814_94b3_8be22d04c7d0 0 49 {"key11754569445001": "value-9", "key21754569450222": "value-9"}
2025-08-07 12:24:21,357 INFO  [io.api.tes.ser.api.KafkaSerdesTester] (Thread-694) topic-b9d79bc1_8b06_4814_94b3_8be22d04c7d0 0 50 {"key11754569445001": "value-0"}
2025-08-07 12:24:21,357 INFO  [io.api.tes.ser.api.KafkaSerdesTester] (Thread-694) topic-b9d79bc1_8b06_4814_94b3_8be22d04c7d0 0 51 {"key11754569445001": "value-1"}
2025-08-07 12:24:21,357 INFO  [io.api.tes.ser.api.KafkaSerdesTester] (Thread-694) topic-b9d79bc1_8b06_4814_94b3_8be22d04c7d0 0 52 {"key11754569445001": "value-2"}
2025-08-07 12:24:21,357 INFO  [io.api.tes.ser.api.KafkaSerdesTester] (Thread-694) topic-b9d79bc1_8b06_4814_94b3_8be22d04c7d0 0 53 {"key11754569445001": "value-3"}
2025-08-07 12:24:21,357 INFO  [io.api.tes.ser.api.KafkaSerdesTester] (Thread-694) topic-b9d79bc1_8b06_4814_94b3_8be22d04c7d0 0 54 {"key11754569445001": "value-4"}
2025-08-07 12:24:21,357 INFO  [io.api.tes.ser.api.KafkaSerdesTester] (Thread-694) topic-b9d79bc1_8b06_4814_94b3_8be22d04c7d0 0 55 {"key11754569445001": "value-5"}
2025-08-07 12:24:21,357 INFO  [io.api.tes.ser.api.KafkaSerdesTester] (Thread-694) topic-b9d79bc1_8b06_4814_94b3_8be22d04c7d0 0 56 {"key11754569445001": "value-6"}
2025-08-07 12:24:21,357 INFO  [io.api.tes.ser.api.KafkaSerdesTester] (Thread-694) topic-b9d79bc1_8b06_4814_94b3_8be22d04c7d0 0 57 {"key11754569445001": "value-7"}
2025-08-07 12:24:21,357 INFO  [io.api.tes.ser.api.KafkaSerdesTester] (Thread-694) topic-b9d79bc1_8b06_4814_94b3_8be22d04c7d0 0 58 {"key11754569445001": "value-8"}
2025-08-07 12:24:21,357 INFO  [io.api.tes.ser.api.KafkaSerdesTester] (Thread-694) topic-b9d79bc1_8b06_4814_94b3_8be22d04c7d0 0 59 {"key11754569445001": "value-9"}
2025-08-07 12:24:21,357 INFO  [io.api.tes.ser.api.KafkaSerdesTester] (Thread-694) Consumed 30 messages
2025-08-07 12:24:21,365 INFO  [org.apa.kaf.cli.con.int.ConsumerRebalanceListenerInvoker] (Thread-694) [Consumer clientId=consumer-Consumer-topic-b9d79bc1_8b06_4814_94b3_8be22d04c7d0-12, groupId=Consumer-topic-b9d79bc1_8b06_4814_94b3_8be22d04c7d0] Revoke previously assigned partitions topic-b9d79bc1_8b06_4814_94b3_8be22d04c7d0-0
2025-08-07 12:24:21,365 INFO  [org.apa.kaf.cli.con.int.ConsumerCoordinator] (Thread-694) [Consumer clientId=consumer-Consumer-topic-b9d79bc1_8b06_4814_94b3_8be22d04c7d0-12, groupId=Consumer-topic-b9d79bc1_8b06_4814_94b3_8be22d04c7d0] Member consumer-Consumer-topic-b9d79bc1_8b06_4814_94b3_8be22d04c7d0-12-df0b1a27-1556-43b9-a989-b88ea04a8d62 sending LeaveGroup request to coordinator localhost:32769 (id: 2147483647 rack: null) due to the consumer is being closed
2025-08-07 12:24:21,365 INFO  [org.apa.kaf.cli.con.int.ConsumerCoordinator] (Thread-694) [Consumer clientId=consumer-Consumer-topic-b9d79bc1_8b06_4814_94b3_8be22d04c7d0-12, groupId=Consumer-topic-b9d79bc1_8b06_4814_94b3_8be22d04c7d0] Resetting generation and member id due to: consumer pro-actively leaving the group
2025-08-07 12:24:21,365 INFO  [org.apa.kaf.cli.con.int.ConsumerCoordinator] (Thread-694) [Consumer clientId=consumer-Consumer-topic-b9d79bc1_8b06_4814_94b3_8be22d04c7d0-12, groupId=Consumer-topic-b9d79bc1_8b06_4814_94b3_8be22d04c7d0] Request joining group due to: consumer pro-actively leaving the group
2025-08-07 12:24:21,860 INFO  [org.apa.kaf.com.met.Metrics] (Thread-694) Metrics scheduler closed
2025-08-07 12:24:21,860 INFO  [org.apa.kaf.com.met.Metrics] (Thread-694) Closing reporter org.apache.kafka.common.metrics.JmxReporter
2025-08-07 12:24:21,860 INFO  [org.apa.kaf.com.met.Metrics] (Thread-694) Closing reporter org.apache.kafka.common.telemetry.internals.ClientTelemetryReporter
2025-08-07 12:24:21,860 INFO  [org.apa.kaf.com.met.Metrics] (Thread-694) Metrics reporters closed
2025-08-07 12:24:21,873 INFO  [org.apa.kaf.com.uti.AppInfoParser] (Thread-694) App info kafka.consumer for consumer-Consumer-topic-b9d79bc1_8b06_4814_94b3_8be22d04c7d0-12 unregistered
2025-08-07 12:24:21,875 INFO  [org.apa.kaf.cli.pro.KafkaProducer] (main) [Producer clientId=Producer-topic-b9d79bc1_8b06_4814_94b3_8be22d04c7d0] Closing the Kafka producer with timeoutMillis = 9223372036854775807 ms.
2025-08-07 12:24:21,875 INFO  [org.apa.kaf.com.met.Metrics] (main) Metrics scheduler closed
2025-08-07 12:24:21,875 INFO  [org.apa.kaf.com.met.Metrics] (main) Closing reporter org.apache.kafka.common.metrics.JmxReporter
2025-08-07 12:24:21,875 INFO  [org.apa.kaf.com.met.Metrics] (main) Closing reporter org.apache.kafka.common.telemetry.internals.ClientTelemetryReporter
2025-08-07 12:24:21,875 INFO  [org.apa.kaf.com.met.Metrics] (main) Metrics reporters closed
2025-08-07 12:24:21,875 INFO  [org.apa.kaf.com.uti.AppInfoParser] (main) App info kafka.producer for Producer-topic-b9d79bc1_8b06_4814_94b3_8be22d04c7d0 unregistered
2025-08-07 12:24:21,875 INFO  [io.api.tes.uti.TestSeparator] (main) io.apicurio.tests.serdes.apicurio.AvroSerdeIT.testEvolveAvroApicurio-FINISHED
2025-08-07 12:24:21,875 INFO  [io.api.tes.uti.TestSeparator] (main) ############################################################################
Test passed: testEvolveAvroApicurio
]]></system-out>
  </testcase>
  <testcase name="testTopicRecordIdStrategydFindLatest" classname="io.apicurio.tests.serdes.apicurio.AvroSerdeIT" time="5.425">
    <system-out><![CDATA[2025-08-07 12:24:21,878 INFO  [io.api.tes.uti.TestSeparator] (main) ############################################################################
2025-08-07 12:24:21,878 INFO  [io.api.tes.uti.TestSeparator] (main) io.apicurio.tests.serdes.apicurio.AvroSerdeIT.testTopicRecordIdStrategydFindLatest-STARTED
2025-08-07 12:24:21,880 INFO  [io.api.tes.ser.api.AvroSerdeIT] (main) Registering Avro Schema: {"type":"record","name":"sec8b0328x26d2x4b4cx8502x6b832320b788","namespace":"s907e27a9x23cax4e1ax9e18x56b04649f63c","fields":[{"name":"key11754569461879","type":"string"}]}
**** Registry Base URL: http://registry-app-pg17.apps.ci419.apicurio-testing.org:80
2025-08-07 12:24:23,075 INFO  [org.apa.kaf.cli.pro.ProducerConfig] (main) ProducerConfig values: 
	acks = -1
	auto.include.jmx.reporter = true
	batch.size = 16384
	bootstrap.servers = [PLAINTEXT://localhost:32769]
	buffer.memory = 33554432
	client.dns.lookup = use_all_dns_ips
	client.id = Producer-topic-6e46a10d_63fb_4e79_b8c2_473e941064a1
	compression.gzip.level = -1
	compression.lz4.level = 9
	compression.type = none
	compression.zstd.level = 3
	connections.max.idle.ms = 10000
	delivery.timeout.ms = 120000
	enable.idempotence = true
	enable.metrics.push = true
	interceptor.classes = []
	key.serializer = class org.apache.kafka.common.serialization.StringSerializer
	linger.ms = 0
	max.block.ms = 60000
	max.in.flight.requests.per.connection = 5
	max.request.size = 1048576
	metadata.max.age.ms = 300000
	metadata.max.idle.ms = 300000
	metadata.recovery.strategy = none
	metric.reporters = []
	metrics.num.samples = 2
	metrics.recording.level = INFO
	metrics.sample.window.ms = 30000
	partitioner.adaptive.partitioning.enable = true
	partitioner.availability.timeout.ms = 0
	partitioner.class = null
	partitioner.ignore.keys = false
	receive.buffer.bytes = 32768
	reconnect.backoff.max.ms = 1000
	reconnect.backoff.ms = 50
	request.timeout.ms = 5000
	retries = 2147483647
	retry.backoff.max.ms = 1000
	retry.backoff.ms = 100
	sasl.client.callback.handler.class = null
	sasl.jaas.config = null
	sasl.kerberos.kinit.cmd = /usr/bin/kinit
	sasl.kerberos.min.time.before.relogin = 60000
	sasl.kerberos.service.name = null
	sasl.kerberos.ticket.renew.jitter = 0.05
	sasl.kerberos.ticket.renew.window.factor = 0.8
	sasl.login.callback.handler.class = null
	sasl.login.class = null
	sasl.login.connect.timeout.ms = null
	sasl.login.read.timeout.ms = null
	sasl.login.refresh.buffer.seconds = 300
	sasl.login.refresh.min.period.seconds = 60
	sasl.login.refresh.window.factor = 0.8
	sasl.login.refresh.window.jitter = 0.05
	sasl.login.retry.backoff.max.ms = 10000
	sasl.login.retry.backoff.ms = 100
	sasl.mechanism = GSSAPI
	sasl.oauthbearer.clock.skew.seconds = 30
	sasl.oauthbearer.expected.audience = null
	sasl.oauthbearer.expected.issuer = null
	sasl.oauthbearer.header.urlencode = false
	sasl.oauthbearer.jwks.endpoint.refresh.ms = 3600000
	sasl.oauthbearer.jwks.endpoint.retry.backoff.max.ms = 10000
	sasl.oauthbearer.jwks.endpoint.retry.backoff.ms = 100
	sasl.oauthbearer.jwks.endpoint.url = null
	sasl.oauthbearer.scope.claim.name = scope
	sasl.oauthbearer.sub.claim.name = sub
	sasl.oauthbearer.token.endpoint.url = null
	security.protocol = PLAINTEXT
	security.providers = null
	send.buffer.bytes = 131072
	socket.connection.setup.timeout.max.ms = 30000
	socket.connection.setup.timeout.ms = 10000
	ssl.cipher.suites = null
	ssl.enabled.protocols = [TLSv1.2, TLSv1.3]
	ssl.endpoint.identification.algorithm = https
	ssl.engine.factory.class = null
	ssl.key.password = null
	ssl.keymanager.algorithm = SunX509
	ssl.keystore.certificate.chain = null
	ssl.keystore.key = null
	ssl.keystore.location = null
	ssl.keystore.password = null
	ssl.keystore.type = JKS
	ssl.protocol = TLSv1.3
	ssl.provider = null
	ssl.secure.random.implementation = null
	ssl.trustmanager.algorithm = PKIX
	ssl.truststore.certificates = null
	ssl.truststore.location = null
	ssl.truststore.password = null
	ssl.truststore.type = JKS
	transaction.timeout.ms = 60000
	transactional.id = null
	value.serializer = class io.apicurio.registry.serde.avro.AvroKafkaSerializer

2025-08-07 12:24:23,076 INFO  [org.apa.kaf.com.tel.int.KafkaMetricsCollector] (main) initializing Kafka metrics collector
2025-08-07 12:24:23,078 INFO  [org.apa.kaf.cli.pro.KafkaProducer] (main) [Producer clientId=Producer-topic-6e46a10d_63fb_4e79_b8c2_473e941064a1] Instantiated an idempotent producer.
2025-08-07 12:24:23,080 INFO  [org.apa.kaf.cli.pro.ProducerConfig] (main) These configurations '[apicurio.registry.find-latest, apicurio.registry.url, apicurio.registry.artifact-resolver-strategy]' were supplied but are not used yet.
2025-08-07 12:24:23,080 INFO  [org.apa.kaf.com.uti.AppInfoParser] (main) Kafka version: 3.9.1
2025-08-07 12:24:23,080 INFO  [org.apa.kaf.com.uti.AppInfoParser] (main) Kafka commitId: f745dfdcee2b9851
2025-08-07 12:24:23,080 INFO  [org.apa.kaf.com.uti.AppInfoParser] (main) Kafka startTimeMs: 1754569463080
2025-08-07 12:24:23,080 INFO  [io.api.tes.ser.api.SimpleSerdesTesterBuilder$SimpleSerdesTester] (main) Using producer configuration: {apicurio.registry.find-latest=true, apicurio.registry.url=http://registry-app-pg17.apps.ci419.apicurio-testing.org:80/apis/registry/v3, apicurio.registry.artifact-resolver-strategy=io.apicurio.registry.serde.avro.strategy.TopicRecordIdStrategy, value.serializer=io.apicurio.registry.serde.avro.AvroKafkaSerializer, request.timeout.ms=5000, acks=all, bootstrap.servers=PLAINTEXT://localhost:32769, connections.max.idle.ms=10000, key.serializer=org.apache.kafka.common.serialization.StringSerializer, client.id=Producer-topic-6e46a10d_63fb_4e79_b8c2_473e941064a1}
2025-08-07 12:24:23,080 INFO  [io.api.tes.ser.api.SimpleSerdesTesterBuilder$SimpleSerdesTester] (main) Using consumer configuration: {}
2025-08-07 12:24:23,083 INFO  [io.api.tes.ser.api.KafkaSerdesTester] (Thread-697) Sending message {"key11754569461879": "value-0"} to topic topic-6e46a10d_63fb_4e79_b8c2_473e941064a1
2025-08-07 12:24:23,088 INFO  [org.apa.kaf.cli.Metadata] (kafka-producer-network-thread | Producer-topic-6e46a10d_63fb_4e79_b8c2_473e941064a1) [Producer clientId=Producer-topic-6e46a10d_63fb_4e79_b8c2_473e941064a1] Cluster ID: ewOXMZdKQImtr4eZTn3eAw
2025-08-07 12:24:23,088 INFO  [org.apa.kaf.cli.pro.int.TransactionManager] (kafka-producer-network-thread | Producer-topic-6e46a10d_63fb_4e79_b8c2_473e941064a1) [Producer clientId=Producer-topic-6e46a10d_63fb_4e79_b8c2_473e941064a1] ProducerId set to 18 with epoch 0
2025-08-07 12:24:23,479 INFO  [io.api.tes.ser.api.KafkaSerdesTester] (Thread-697) Sending message {"key11754569461879": "value-1"} to topic topic-6e46a10d_63fb_4e79_b8c2_473e941064a1
2025-08-07 12:24:23,481 INFO  [io.api.tes.ser.api.KafkaSerdesTester] (Thread-697) Sending message {"key11754569461879": "value-2"} to topic topic-6e46a10d_63fb_4e79_b8c2_473e941064a1
2025-08-07 12:24:23,482 INFO  [io.api.tes.ser.api.KafkaSerdesTester] (Thread-697) Sending message {"key11754569461879": "value-3"} to topic topic-6e46a10d_63fb_4e79_b8c2_473e941064a1
2025-08-07 12:24:23,483 INFO  [io.api.tes.ser.api.KafkaSerdesTester] (Thread-697) Sending message {"key11754569461879": "value-4"} to topic topic-6e46a10d_63fb_4e79_b8c2_473e941064a1
2025-08-07 12:24:23,487 INFO  [io.api.tes.ser.api.KafkaSerdesTester] (Thread-697) Sending message {"key11754569461879": "value-5"} to topic topic-6e46a10d_63fb_4e79_b8c2_473e941064a1
2025-08-07 12:24:23,489 INFO  [io.api.tes.ser.api.KafkaSerdesTester] (Thread-697) Sending message {"key11754569461879": "value-6"} to topic topic-6e46a10d_63fb_4e79_b8c2_473e941064a1
2025-08-07 12:24:23,490 INFO  [io.api.tes.ser.api.KafkaSerdesTester] (Thread-697) Sending message {"key11754569461879": "value-7"} to topic topic-6e46a10d_63fb_4e79_b8c2_473e941064a1
2025-08-07 12:24:23,491 INFO  [io.api.tes.ser.api.KafkaSerdesTester] (Thread-697) Sending message {"key11754569461879": "value-8"} to topic topic-6e46a10d_63fb_4e79_b8c2_473e941064a1
2025-08-07 12:24:23,493 INFO  [io.api.tes.ser.api.KafkaSerdesTester] (Thread-697) Sending message {"key11754569461879": "value-9"} to topic topic-6e46a10d_63fb_4e79_b8c2_473e941064a1
2025-08-07 12:24:23,495 INFO  [io.api.tes.ser.api.KafkaSerdesTester] (Thread-697) Produced 10 messages
2025-08-07 12:24:23,495 INFO  [org.apa.kaf.cli.pro.KafkaProducer] (Thread-697) [Producer clientId=Producer-topic-6e46a10d_63fb_4e79_b8c2_473e941064a1] Closing the Kafka producer with timeoutMillis = 9223372036854775807 ms.
2025-08-07 12:24:23,498 INFO  [org.apa.kaf.com.met.Metrics] (Thread-697) Metrics scheduler closed
2025-08-07 12:24:23,498 INFO  [org.apa.kaf.com.met.Metrics] (Thread-697) Closing reporter org.apache.kafka.common.metrics.JmxReporter
2025-08-07 12:24:23,498 INFO  [org.apa.kaf.com.met.Metrics] (Thread-697) Closing reporter org.apache.kafka.common.telemetry.internals.ClientTelemetryReporter
2025-08-07 12:24:23,498 INFO  [org.apa.kaf.com.met.Metrics] (Thread-697) Metrics reporters closed
2025-08-07 12:24:23,498 INFO  [org.apa.kaf.com.uti.AppInfoParser] (Thread-697) App info kafka.producer for Producer-topic-6e46a10d_63fb_4e79_b8c2_473e941064a1 unregistered
**** Registry Base URL: http://registry-app-pg17.apps.ci419.apicurio-testing.org:80
2025-08-07 12:24:23,499 INFO  [org.apa.kaf.cli.con.ConsumerConfig] (main) ConsumerConfig values: 
	allow.auto.create.topics = true
	auto.commit.interval.ms = 500
	auto.include.jmx.reporter = true
	auto.offset.reset = earliest
	bootstrap.servers = [PLAINTEXT://localhost:32769]
	check.crcs = true
	client.dns.lookup = use_all_dns_ips
	client.id = consumer-Consumer-topic-6e46a10d_63fb_4e79_b8c2_473e941064a1-13
	client.rack = 
	connections.max.idle.ms = 10000
	default.api.timeout.ms = 60000
	enable.auto.commit = true
	enable.metrics.push = true
	exclude.internal.topics = true
	fetch.max.bytes = 52428800
	fetch.max.wait.ms = 500
	fetch.min.bytes = 1
	group.id = Consumer-topic-6e46a10d_63fb_4e79_b8c2_473e941064a1
	group.instance.id = null
	group.protocol = classic
	group.remote.assignor = null
	heartbeat.interval.ms = 3000
	interceptor.classes = []
	internal.leave.group.on.close = true
	internal.throw.on.fetch.stable.offset.unsupported = false
	isolation.level = read_uncommitted
	key.deserializer = class org.apache.kafka.common.serialization.StringDeserializer
	max.partition.fetch.bytes = 1048576
	max.poll.interval.ms = 300000
	max.poll.records = 500
	metadata.max.age.ms = 300000
	metadata.recovery.strategy = none
	metric.reporters = []
	metrics.num.samples = 2
	metrics.recording.level = INFO
	metrics.sample.window.ms = 30000
	partition.assignment.strategy = [class org.apache.kafka.clients.consumer.RangeAssignor, class org.apache.kafka.clients.consumer.CooperativeStickyAssignor]
	receive.buffer.bytes = 65536
	reconnect.backoff.max.ms = 1000
	reconnect.backoff.ms = 50
	request.timeout.ms = 5000
	retry.backoff.max.ms = 1000
	retry.backoff.ms = 100
	sasl.client.callback.handler.class = null
	sasl.jaas.config = null
	sasl.kerberos.kinit.cmd = /usr/bin/kinit
	sasl.kerberos.min.time.before.relogin = 60000
	sasl.kerberos.service.name = null
	sasl.kerberos.ticket.renew.jitter = 0.05
	sasl.kerberos.ticket.renew.window.factor = 0.8
	sasl.login.callback.handler.class = null
	sasl.login.class = null
	sasl.login.connect.timeout.ms = null
	sasl.login.read.timeout.ms = null
	sasl.login.refresh.buffer.seconds = 300
	sasl.login.refresh.min.period.seconds = 60
	sasl.login.refresh.window.factor = 0.8
	sasl.login.refresh.window.jitter = 0.05
	sasl.login.retry.backoff.max.ms = 10000
	sasl.login.retry.backoff.ms = 100
	sasl.mechanism = GSSAPI
	sasl.oauthbearer.clock.skew.seconds = 30
	sasl.oauthbearer.expected.audience = null
	sasl.oauthbearer.expected.issuer = null
	sasl.oauthbearer.header.urlencode = false
	sasl.oauthbearer.jwks.endpoint.refresh.ms = 3600000
	sasl.oauthbearer.jwks.endpoint.retry.backoff.max.ms = 10000
	sasl.oauthbearer.jwks.endpoint.retry.backoff.ms = 100
	sasl.oauthbearer.jwks.endpoint.url = null
	sasl.oauthbearer.scope.claim.name = scope
	sasl.oauthbearer.sub.claim.name = sub
	sasl.oauthbearer.token.endpoint.url = null
	security.protocol = PLAINTEXT
	security.providers = null
	send.buffer.bytes = 131072
	session.timeout.ms = 45000
	socket.connection.setup.timeout.max.ms = 30000
	socket.connection.setup.timeout.ms = 10000
	ssl.cipher.suites = null
	ssl.enabled.protocols = [TLSv1.2, TLSv1.3]
	ssl.endpoint.identification.algorithm = https
	ssl.engine.factory.class = null
	ssl.key.password = null
	ssl.keymanager.algorithm = SunX509
	ssl.keystore.certificate.chain = null
	ssl.keystore.key = null
	ssl.keystore.location = null
	ssl.keystore.password = null
	ssl.keystore.type = JKS
	ssl.protocol = TLSv1.3
	ssl.provider = null
	ssl.secure.random.implementation = null
	ssl.trustmanager.algorithm = PKIX
	ssl.truststore.certificates = null
	ssl.truststore.location = null
	ssl.truststore.password = null
	ssl.truststore.type = JKS
	value.deserializer = class io.apicurio.registry.serde.avro.AvroKafkaDeserializer

2025-08-07 12:24:23,500 INFO  [org.apa.kaf.com.tel.int.KafkaMetricsCollector] (main) initializing Kafka metrics collector
2025-08-07 12:24:23,506 INFO  [org.apa.kaf.cli.con.ConsumerConfig] (main) These configurations '[apicurio.registry.url]' were supplied but are not used yet.
2025-08-07 12:24:23,506 INFO  [org.apa.kaf.com.uti.AppInfoParser] (main) Kafka version: 3.9.1
2025-08-07 12:24:23,506 INFO  [org.apa.kaf.com.uti.AppInfoParser] (main) Kafka commitId: f745dfdcee2b9851
2025-08-07 12:24:23,506 INFO  [org.apa.kaf.com.uti.AppInfoParser] (main) Kafka startTimeMs: 1754569463506
2025-08-07 12:24:23,506 INFO  [org.apa.kaf.cli.con.int.ClassicKafkaConsumer] (Thread-700) [Consumer clientId=consumer-Consumer-topic-6e46a10d_63fb_4e79_b8c2_473e941064a1-13, groupId=Consumer-topic-6e46a10d_63fb_4e79_b8c2_473e941064a1] Subscribed to topic(s): topic-6e46a10d_63fb_4e79_b8c2_473e941064a1
2025-08-07 12:24:23,511 INFO  [org.apa.kaf.cli.Metadata] (Thread-700) [Consumer clientId=consumer-Consumer-topic-6e46a10d_63fb_4e79_b8c2_473e941064a1-13, groupId=Consumer-topic-6e46a10d_63fb_4e79_b8c2_473e941064a1] Cluster ID: ewOXMZdKQImtr4eZTn3eAw
2025-08-07 12:24:23,511 INFO  [org.apa.kaf.cli.con.int.ConsumerCoordinator] (Thread-700) [Consumer clientId=consumer-Consumer-topic-6e46a10d_63fb_4e79_b8c2_473e941064a1-13, groupId=Consumer-topic-6e46a10d_63fb_4e79_b8c2_473e941064a1] Discovered group coordinator localhost:32769 (id: 2147483647 rack: null)
2025-08-07 12:24:23,512 INFO  [org.apa.kaf.cli.con.int.ConsumerCoordinator] (Thread-700) [Consumer clientId=consumer-Consumer-topic-6e46a10d_63fb_4e79_b8c2_473e941064a1-13, groupId=Consumer-topic-6e46a10d_63fb_4e79_b8c2_473e941064a1] (Re-)joining group
2025-08-07 12:24:23,516 INFO  [org.apa.kaf.cli.con.int.ConsumerCoordinator] (Thread-700) [Consumer clientId=consumer-Consumer-topic-6e46a10d_63fb_4e79_b8c2_473e941064a1-13, groupId=Consumer-topic-6e46a10d_63fb_4e79_b8c2_473e941064a1] Request joining group due to: need to re-join with the given member-id: consumer-Consumer-topic-6e46a10d_63fb_4e79_b8c2_473e941064a1-13-62c084b5-a110-41db-b6eb-2cf49f15998c
2025-08-07 12:24:23,516 INFO  [org.apa.kaf.cli.con.int.ConsumerCoordinator] (Thread-700) [Consumer clientId=consumer-Consumer-topic-6e46a10d_63fb_4e79_b8c2_473e941064a1-13, groupId=Consumer-topic-6e46a10d_63fb_4e79_b8c2_473e941064a1] (Re-)joining group
2025-08-07 12:24:24,506 INFO  [io.api.tes.ser.api.KafkaSerdesTester] (Thread-700) None found
2025-08-07 12:24:25,506 INFO  [io.api.tes.ser.api.KafkaSerdesTester] (Thread-700) None found
2025-08-07 12:24:26,506 INFO  [io.api.tes.ser.api.KafkaSerdesTester] (Thread-700) None found
2025-08-07 12:24:26,517 INFO  [org.apa.kaf.cli.con.int.ConsumerCoordinator] (Thread-700) [Consumer clientId=consumer-Consumer-topic-6e46a10d_63fb_4e79_b8c2_473e941064a1-13, groupId=Consumer-topic-6e46a10d_63fb_4e79_b8c2_473e941064a1] Successfully joined group with generation Generation{generationId=1, memberId='consumer-Consumer-topic-6e46a10d_63fb_4e79_b8c2_473e941064a1-13-62c084b5-a110-41db-b6eb-2cf49f15998c', protocol='range'}
2025-08-07 12:24:26,517 INFO  [org.apa.kaf.cli.con.int.ConsumerCoordinator] (Thread-700) [Consumer clientId=consumer-Consumer-topic-6e46a10d_63fb_4e79_b8c2_473e941064a1-13, groupId=Consumer-topic-6e46a10d_63fb_4e79_b8c2_473e941064a1] Finished assignment for group at generation 1: {consumer-Consumer-topic-6e46a10d_63fb_4e79_b8c2_473e941064a1-13-62c084b5-a110-41db-b6eb-2cf49f15998c=Assignment(partitions=[topic-6e46a10d_63fb_4e79_b8c2_473e941064a1-0])}
2025-08-07 12:24:26,524 INFO  [org.apa.kaf.cli.con.int.ConsumerCoordinator] (Thread-700) [Consumer clientId=consumer-Consumer-topic-6e46a10d_63fb_4e79_b8c2_473e941064a1-13, groupId=Consumer-topic-6e46a10d_63fb_4e79_b8c2_473e941064a1] Successfully synced group in generation Generation{generationId=1, memberId='consumer-Consumer-topic-6e46a10d_63fb_4e79_b8c2_473e941064a1-13-62c084b5-a110-41db-b6eb-2cf49f15998c', protocol='range'}
2025-08-07 12:24:26,524 INFO  [org.apa.kaf.cli.con.int.ConsumerCoordinator] (Thread-700) [Consumer clientId=consumer-Consumer-topic-6e46a10d_63fb_4e79_b8c2_473e941064a1-13, groupId=Consumer-topic-6e46a10d_63fb_4e79_b8c2_473e941064a1] Notifying assignor about the new Assignment(partitions=[topic-6e46a10d_63fb_4e79_b8c2_473e941064a1-0])
2025-08-07 12:24:26,524 INFO  [org.apa.kaf.cli.con.int.ConsumerRebalanceListenerInvoker] (Thread-700) [Consumer clientId=consumer-Consumer-topic-6e46a10d_63fb_4e79_b8c2_473e941064a1-13, groupId=Consumer-topic-6e46a10d_63fb_4e79_b8c2_473e941064a1] Adding newly assigned partitions: topic-6e46a10d_63fb_4e79_b8c2_473e941064a1-0
2025-08-07 12:24:26,527 INFO  [org.apa.kaf.cli.con.int.ConsumerCoordinator] (Thread-700) [Consumer clientId=consumer-Consumer-topic-6e46a10d_63fb_4e79_b8c2_473e941064a1-13, groupId=Consumer-topic-6e46a10d_63fb_4e79_b8c2_473e941064a1] Found no committed offset for partition topic-6e46a10d_63fb_4e79_b8c2_473e941064a1-0
2025-08-07 12:24:26,531 INFO  [org.apa.kaf.cli.con.int.SubscriptionState] (Thread-700) [Consumer clientId=consumer-Consumer-topic-6e46a10d_63fb_4e79_b8c2_473e941064a1-13, groupId=Consumer-topic-6e46a10d_63fb_4e79_b8c2_473e941064a1] Resetting offset for partition topic-6e46a10d_63fb_4e79_b8c2_473e941064a1-0 to position FetchPosition{offset=0, offsetEpoch=Optional.empty, currentLeader=LeaderAndEpoch{leader=Optional[localhost:32769 (id: 0 rack: null)], epoch=0}}.
2025-08-07 12:24:26,794 INFO  [io.api.tes.ser.api.KafkaSerdesTester] (Thread-700) topic-6e46a10d_63fb_4e79_b8c2_473e941064a1 0 0 {"key11754569461879": "value-0"}
2025-08-07 12:24:26,794 INFO  [io.api.tes.ser.api.KafkaSerdesTester] (Thread-700) topic-6e46a10d_63fb_4e79_b8c2_473e941064a1 0 1 {"key11754569461879": "value-1"}
2025-08-07 12:24:26,794 INFO  [io.api.tes.ser.api.KafkaSerdesTester] (Thread-700) topic-6e46a10d_63fb_4e79_b8c2_473e941064a1 0 2 {"key11754569461879": "value-2"}
2025-08-07 12:24:26,795 INFO  [io.api.tes.ser.api.KafkaSerdesTester] (Thread-700) topic-6e46a10d_63fb_4e79_b8c2_473e941064a1 0 3 {"key11754569461879": "value-3"}
2025-08-07 12:24:26,795 INFO  [io.api.tes.ser.api.KafkaSerdesTester] (Thread-700) topic-6e46a10d_63fb_4e79_b8c2_473e941064a1 0 4 {"key11754569461879": "value-4"}
2025-08-07 12:24:26,795 INFO  [io.api.tes.ser.api.KafkaSerdesTester] (Thread-700) topic-6e46a10d_63fb_4e79_b8c2_473e941064a1 0 5 {"key11754569461879": "value-5"}
2025-08-07 12:24:26,795 INFO  [io.api.tes.ser.api.KafkaSerdesTester] (Thread-700) topic-6e46a10d_63fb_4e79_b8c2_473e941064a1 0 6 {"key11754569461879": "value-6"}
2025-08-07 12:24:26,795 INFO  [io.api.tes.ser.api.KafkaSerdesTester] (Thread-700) topic-6e46a10d_63fb_4e79_b8c2_473e941064a1 0 7 {"key11754569461879": "value-7"}
2025-08-07 12:24:26,795 INFO  [io.api.tes.ser.api.KafkaSerdesTester] (Thread-700) topic-6e46a10d_63fb_4e79_b8c2_473e941064a1 0 8 {"key11754569461879": "value-8"}
2025-08-07 12:24:26,795 INFO  [io.api.tes.ser.api.KafkaSerdesTester] (Thread-700) topic-6e46a10d_63fb_4e79_b8c2_473e941064a1 0 9 {"key11754569461879": "value-9"}
2025-08-07 12:24:26,795 INFO  [io.api.tes.ser.api.KafkaSerdesTester] (Thread-700) Consumed 10 messages
2025-08-07 12:24:26,801 INFO  [org.apa.kaf.cli.con.int.ConsumerRebalanceListenerInvoker] (Thread-700) [Consumer clientId=consumer-Consumer-topic-6e46a10d_63fb_4e79_b8c2_473e941064a1-13, groupId=Consumer-topic-6e46a10d_63fb_4e79_b8c2_473e941064a1] Revoke previously assigned partitions topic-6e46a10d_63fb_4e79_b8c2_473e941064a1-0
2025-08-07 12:24:26,801 INFO  [org.apa.kaf.cli.con.int.ConsumerCoordinator] (Thread-700) [Consumer clientId=consumer-Consumer-topic-6e46a10d_63fb_4e79_b8c2_473e941064a1-13, groupId=Consumer-topic-6e46a10d_63fb_4e79_b8c2_473e941064a1] Member consumer-Consumer-topic-6e46a10d_63fb_4e79_b8c2_473e941064a1-13-62c084b5-a110-41db-b6eb-2cf49f15998c sending LeaveGroup request to coordinator localhost:32769 (id: 2147483647 rack: null) due to the consumer is being closed
2025-08-07 12:24:26,801 INFO  [org.apa.kaf.cli.con.int.ConsumerCoordinator] (Thread-700) [Consumer clientId=consumer-Consumer-topic-6e46a10d_63fb_4e79_b8c2_473e941064a1-13, groupId=Consumer-topic-6e46a10d_63fb_4e79_b8c2_473e941064a1] Resetting generation and member id due to: consumer pro-actively leaving the group
2025-08-07 12:24:26,801 INFO  [org.apa.kaf.cli.con.int.ConsumerCoordinator] (Thread-700) [Consumer clientId=consumer-Consumer-topic-6e46a10d_63fb_4e79_b8c2_473e941064a1-13, groupId=Consumer-topic-6e46a10d_63fb_4e79_b8c2_473e941064a1] Request joining group due to: consumer pro-actively leaving the group
2025-08-07 12:24:27,297 INFO  [org.apa.kaf.com.met.Metrics] (Thread-700) Metrics scheduler closed
2025-08-07 12:24:27,297 INFO  [org.apa.kaf.com.met.Metrics] (Thread-700) Closing reporter org.apache.kafka.common.metrics.JmxReporter
2025-08-07 12:24:27,298 INFO  [org.apa.kaf.com.met.Metrics] (Thread-700) Closing reporter org.apache.kafka.common.telemetry.internals.ClientTelemetryReporter
2025-08-07 12:24:27,298 INFO  [org.apa.kaf.com.met.Metrics] (Thread-700) Metrics reporters closed
2025-08-07 12:24:27,300 INFO  [org.apa.kaf.com.uti.AppInfoParser] (Thread-700) App info kafka.consumer for consumer-Consumer-topic-6e46a10d_63fb_4e79_b8c2_473e941064a1-13 unregistered
2025-08-07 12:24:27,301 INFO  [io.api.tes.uti.TestSeparator] (main) io.apicurio.tests.serdes.apicurio.AvroSerdeIT.testTopicRecordIdStrategydFindLatest-FINISHED
2025-08-07 12:24:27,301 INFO  [io.api.tes.uti.TestSeparator] (main) ############################################################################
Test passed: testTopicRecordIdStrategydFindLatest
]]></system-out>
  </testcase>
  <testcase name="testAvroConfluentForMultipleTopics" classname="io.apicurio.tests.serdes.apicurio.AvroSerdeIT" time="13.257">
    <system-out><![CDATA[2025-08-07 12:24:27,302 INFO  [io.api.tes.uti.TestSeparator] (main) ############################################################################
2025-08-07 12:24:27,314 INFO  [io.api.tes.uti.TestSeparator] (main) io.apicurio.tests.serdes.apicurio.AvroSerdeIT.testAvroConfluentForMultipleTopics-STARTED
2025-08-07 12:24:27,315 INFO  [io.api.tes.ser.api.AvroSerdeIT] (main) Registering Avro Schema: {"type":"record","name":"myrecordconfluent","fields":[{"name":"key11754569467315","type":"string"}]}
**** Registry Base URL: http://registry-app-pg17.apps.ci419.apicurio-testing.org:80
2025-08-07 12:24:28,510 INFO  [org.apa.kaf.cli.pro.ProducerConfig] (main) ProducerConfig values: 
	acks = -1
	auto.include.jmx.reporter = true
	batch.size = 16384
	bootstrap.servers = [PLAINTEXT://localhost:32769]
	buffer.memory = 33554432
	client.dns.lookup = use_all_dns_ips
	client.id = Producer-topic-e62c7229_ec80_4a64_b861_4f238edd16c1
	compression.gzip.level = -1
	compression.lz4.level = 9
	compression.type = none
	compression.zstd.level = 3
	connections.max.idle.ms = 10000
	delivery.timeout.ms = 120000
	enable.idempotence = true
	enable.metrics.push = true
	interceptor.classes = []
	key.serializer = class org.apache.kafka.common.serialization.StringSerializer
	linger.ms = 0
	max.block.ms = 60000
	max.in.flight.requests.per.connection = 5
	max.request.size = 1048576
	metadata.max.age.ms = 300000
	metadata.max.idle.ms = 300000
	metadata.recovery.strategy = none
	metric.reporters = []
	metrics.num.samples = 2
	metrics.recording.level = INFO
	metrics.sample.window.ms = 30000
	partitioner.adaptive.partitioning.enable = true
	partitioner.availability.timeout.ms = 0
	partitioner.class = null
	partitioner.ignore.keys = false
	receive.buffer.bytes = 32768
	reconnect.backoff.max.ms = 1000
	reconnect.backoff.ms = 50
	request.timeout.ms = 5000
	retries = 2147483647
	retry.backoff.max.ms = 1000
	retry.backoff.ms = 100
	sasl.client.callback.handler.class = null
	sasl.jaas.config = null
	sasl.kerberos.kinit.cmd = /usr/bin/kinit
	sasl.kerberos.min.time.before.relogin = 60000
	sasl.kerberos.service.name = null
	sasl.kerberos.ticket.renew.jitter = 0.05
	sasl.kerberos.ticket.renew.window.factor = 0.8
	sasl.login.callback.handler.class = null
	sasl.login.class = null
	sasl.login.connect.timeout.ms = null
	sasl.login.read.timeout.ms = null
	sasl.login.refresh.buffer.seconds = 300
	sasl.login.refresh.min.period.seconds = 60
	sasl.login.refresh.window.factor = 0.8
	sasl.login.refresh.window.jitter = 0.05
	sasl.login.retry.backoff.max.ms = 10000
	sasl.login.retry.backoff.ms = 100
	sasl.mechanism = GSSAPI
	sasl.oauthbearer.clock.skew.seconds = 30
	sasl.oauthbearer.expected.audience = null
	sasl.oauthbearer.expected.issuer = null
	sasl.oauthbearer.header.urlencode = false
	sasl.oauthbearer.jwks.endpoint.refresh.ms = 3600000
	sasl.oauthbearer.jwks.endpoint.retry.backoff.max.ms = 10000
	sasl.oauthbearer.jwks.endpoint.retry.backoff.ms = 100
	sasl.oauthbearer.jwks.endpoint.url = null
	sasl.oauthbearer.scope.claim.name = scope
	sasl.oauthbearer.sub.claim.name = sub
	sasl.oauthbearer.token.endpoint.url = null
	security.protocol = PLAINTEXT
	security.providers = null
	send.buffer.bytes = 131072
	socket.connection.setup.timeout.max.ms = 30000
	socket.connection.setup.timeout.ms = 10000
	ssl.cipher.suites = null
	ssl.enabled.protocols = [TLSv1.2, TLSv1.3]
	ssl.endpoint.identification.algorithm = https
	ssl.engine.factory.class = null
	ssl.key.password = null
	ssl.keymanager.algorithm = SunX509
	ssl.keystore.certificate.chain = null
	ssl.keystore.key = null
	ssl.keystore.location = null
	ssl.keystore.password = null
	ssl.keystore.type = JKS
	ssl.protocol = TLSv1.3
	ssl.provider = null
	ssl.secure.random.implementation = null
	ssl.trustmanager.algorithm = PKIX
	ssl.truststore.certificates = null
	ssl.truststore.location = null
	ssl.truststore.password = null
	ssl.truststore.type = JKS
	transaction.timeout.ms = 60000
	transactional.id = null
	value.serializer = class io.apicurio.registry.serde.avro.AvroKafkaSerializer

2025-08-07 12:24:28,510 INFO  [org.apa.kaf.com.tel.int.KafkaMetricsCollector] (main) initializing Kafka metrics collector
2025-08-07 12:24:28,513 INFO  [org.apa.kaf.cli.pro.KafkaProducer] (main) [Producer clientId=Producer-topic-e62c7229_ec80_4a64_b861_4f238edd16c1] Instantiated an idempotent producer.
2025-08-07 12:24:28,514 INFO  [org.apa.kaf.cli.pro.ProducerConfig] (main) These configurations '[apicurio.registry.url, apicurio.registry.artifact-resolver-strategy]' were supplied but are not used yet.
2025-08-07 12:24:28,514 INFO  [org.apa.kaf.com.uti.AppInfoParser] (main) Kafka version: 3.9.1
2025-08-07 12:24:28,514 INFO  [org.apa.kaf.com.uti.AppInfoParser] (main) Kafka commitId: f745dfdcee2b9851
2025-08-07 12:24:28,514 INFO  [org.apa.kaf.com.uti.AppInfoParser] (main) Kafka startTimeMs: 1754569468514
**** Registry Base URL: http://registry-app-pg17.apps.ci419.apicurio-testing.org:80
2025-08-07 12:24:28,516 INFO  [org.apa.kaf.cli.pro.ProducerConfig] (main) ProducerConfig values: 
	acks = -1
	auto.include.jmx.reporter = true
	batch.size = 16384
	bootstrap.servers = [PLAINTEXT://localhost:32769]
	buffer.memory = 33554432
	client.dns.lookup = use_all_dns_ips
	client.id = Producer-topic-ebc2eeda_39ac_49fb_a10a_b67df67e3061
	compression.gzip.level = -1
	compression.lz4.level = 9
	compression.type = none
	compression.zstd.level = 3
	connections.max.idle.ms = 10000
	delivery.timeout.ms = 120000
	enable.idempotence = true
	enable.metrics.push = true
	interceptor.classes = []
	key.serializer = class org.apache.kafka.common.serialization.StringSerializer
	linger.ms = 0
	max.block.ms = 60000
	max.in.flight.requests.per.connection = 5
	max.request.size = 1048576
	metadata.max.age.ms = 300000
	metadata.max.idle.ms = 300000
	metadata.recovery.strategy = none
	metric.reporters = []
	metrics.num.samples = 2
	metrics.recording.level = INFO
	metrics.sample.window.ms = 30000
	partitioner.adaptive.partitioning.enable = true
	partitioner.availability.timeout.ms = 0
	partitioner.class = null
	partitioner.ignore.keys = false
	receive.buffer.bytes = 32768
	reconnect.backoff.max.ms = 1000
	reconnect.backoff.ms = 50
	request.timeout.ms = 5000
	retries = 2147483647
	retry.backoff.max.ms = 1000
	retry.backoff.ms = 100
	sasl.client.callback.handler.class = null
	sasl.jaas.config = null
	sasl.kerberos.kinit.cmd = /usr/bin/kinit
	sasl.kerberos.min.time.before.relogin = 60000
	sasl.kerberos.service.name = null
	sasl.kerberos.ticket.renew.jitter = 0.05
	sasl.kerberos.ticket.renew.window.factor = 0.8
	sasl.login.callback.handler.class = null
	sasl.login.class = null
	sasl.login.connect.timeout.ms = null
	sasl.login.read.timeout.ms = null
	sasl.login.refresh.buffer.seconds = 300
	sasl.login.refresh.min.period.seconds = 60
	sasl.login.refresh.window.factor = 0.8
	sasl.login.refresh.window.jitter = 0.05
	sasl.login.retry.backoff.max.ms = 10000
	sasl.login.retry.backoff.ms = 100
	sasl.mechanism = GSSAPI
	sasl.oauthbearer.clock.skew.seconds = 30
	sasl.oauthbearer.expected.audience = null
	sasl.oauthbearer.expected.issuer = null
	sasl.oauthbearer.header.urlencode = false
	sasl.oauthbearer.jwks.endpoint.refresh.ms = 3600000
	sasl.oauthbearer.jwks.endpoint.retry.backoff.max.ms = 10000
	sasl.oauthbearer.jwks.endpoint.retry.backoff.ms = 100
	sasl.oauthbearer.jwks.endpoint.url = null
	sasl.oauthbearer.scope.claim.name = scope
	sasl.oauthbearer.sub.claim.name = sub
	sasl.oauthbearer.token.endpoint.url = null
	security.protocol = PLAINTEXT
	security.providers = null
	send.buffer.bytes = 131072
	socket.connection.setup.timeout.max.ms = 30000
	socket.connection.setup.timeout.ms = 10000
	ssl.cipher.suites = null
	ssl.enabled.protocols = [TLSv1.2, TLSv1.3]
	ssl.endpoint.identification.algorithm = https
	ssl.engine.factory.class = null
	ssl.key.password = null
	ssl.keymanager.algorithm = SunX509
	ssl.keystore.certificate.chain = null
	ssl.keystore.key = null
	ssl.keystore.location = null
	ssl.keystore.password = null
	ssl.keystore.type = JKS
	ssl.protocol = TLSv1.3
	ssl.provider = null
	ssl.secure.random.implementation = null
	ssl.trustmanager.algorithm = PKIX
	ssl.truststore.certificates = null
	ssl.truststore.location = null
	ssl.truststore.password = null
	ssl.truststore.type = JKS
	transaction.timeout.ms = 60000
	transactional.id = null
	value.serializer = class io.apicurio.registry.serde.avro.AvroKafkaSerializer

2025-08-07 12:24:28,516 INFO  [org.apa.kaf.com.tel.int.KafkaMetricsCollector] (main) initializing Kafka metrics collector
2025-08-07 12:24:28,519 INFO  [org.apa.kaf.cli.pro.KafkaProducer] (main) [Producer clientId=Producer-topic-ebc2eeda_39ac_49fb_a10a_b67df67e3061] Instantiated an idempotent producer.
2025-08-07 12:24:28,521 INFO  [org.apa.kaf.cli.Metadata] (kafka-producer-network-thread | Producer-topic-e62c7229_ec80_4a64_b861_4f238edd16c1) [Producer clientId=Producer-topic-e62c7229_ec80_4a64_b861_4f238edd16c1] Cluster ID: ewOXMZdKQImtr4eZTn3eAw
2025-08-07 12:24:28,522 INFO  [org.apa.kaf.cli.pro.int.TransactionManager] (kafka-producer-network-thread | Producer-topic-e62c7229_ec80_4a64_b861_4f238edd16c1) [Producer clientId=Producer-topic-e62c7229_ec80_4a64_b861_4f238edd16c1] ProducerId set to 19 with epoch 0
2025-08-07 12:24:28,523 INFO  [org.apa.kaf.cli.pro.ProducerConfig] (main) These configurations '[apicurio.registry.url, apicurio.registry.artifact-resolver-strategy]' were supplied but are not used yet.
2025-08-07 12:24:28,523 INFO  [org.apa.kaf.com.uti.AppInfoParser] (main) Kafka version: 3.9.1
2025-08-07 12:24:28,523 INFO  [org.apa.kaf.com.uti.AppInfoParser] (main) Kafka commitId: f745dfdcee2b9851
2025-08-07 12:24:28,524 INFO  [org.apa.kaf.com.uti.AppInfoParser] (main) Kafka startTimeMs: 1754569468523
**** Registry Base URL: http://registry-app-pg17.apps.ci419.apicurio-testing.org:80
2025-08-07 12:24:28,525 INFO  [org.apa.kaf.cli.pro.ProducerConfig] (main) ProducerConfig values: 
	acks = -1
	auto.include.jmx.reporter = true
	batch.size = 16384
	bootstrap.servers = [PLAINTEXT://localhost:32769]
	buffer.memory = 33554432
	client.dns.lookup = use_all_dns_ips
	client.id = Producer-topic-b267c0e9_b2df_41f6_8077_fcb62cb669e5
	compression.gzip.level = -1
	compression.lz4.level = 9
	compression.type = none
	compression.zstd.level = 3
	connections.max.idle.ms = 10000
	delivery.timeout.ms = 120000
	enable.idempotence = true
	enable.metrics.push = true
	interceptor.classes = []
	key.serializer = class org.apache.kafka.common.serialization.StringSerializer
	linger.ms = 0
	max.block.ms = 60000
	max.in.flight.requests.per.connection = 5
	max.request.size = 1048576
	metadata.max.age.ms = 300000
	metadata.max.idle.ms = 300000
	metadata.recovery.strategy = none
	metric.reporters = []
	metrics.num.samples = 2
	metrics.recording.level = INFO
	metrics.sample.window.ms = 30000
	partitioner.adaptive.partitioning.enable = true
	partitioner.availability.timeout.ms = 0
	partitioner.class = null
	partitioner.ignore.keys = false
	receive.buffer.bytes = 32768
	reconnect.backoff.max.ms = 1000
	reconnect.backoff.ms = 50
	request.timeout.ms = 5000
	retries = 2147483647
	retry.backoff.max.ms = 1000
	retry.backoff.ms = 100
	sasl.client.callback.handler.class = null
	sasl.jaas.config = null
	sasl.kerberos.kinit.cmd = /usr/bin/kinit
	sasl.kerberos.min.time.before.relogin = 60000
	sasl.kerberos.service.name = null
	sasl.kerberos.ticket.renew.jitter = 0.05
	sasl.kerberos.ticket.renew.window.factor = 0.8
	sasl.login.callback.handler.class = null
	sasl.login.class = null
	sasl.login.connect.timeout.ms = null
	sasl.login.read.timeout.ms = null
	sasl.login.refresh.buffer.seconds = 300
	sasl.login.refresh.min.period.seconds = 60
	sasl.login.refresh.window.factor = 0.8
	sasl.login.refresh.window.jitter = 0.05
	sasl.login.retry.backoff.max.ms = 10000
	sasl.login.retry.backoff.ms = 100
	sasl.mechanism = GSSAPI
	sasl.oauthbearer.clock.skew.seconds = 30
	sasl.oauthbearer.expected.audience = null
	sasl.oauthbearer.expected.issuer = null
	sasl.oauthbearer.header.urlencode = false
	sasl.oauthbearer.jwks.endpoint.refresh.ms = 3600000
	sasl.oauthbearer.jwks.endpoint.retry.backoff.max.ms = 10000
	sasl.oauthbearer.jwks.endpoint.retry.backoff.ms = 100
	sasl.oauthbearer.jwks.endpoint.url = null
	sasl.oauthbearer.scope.claim.name = scope
	sasl.oauthbearer.sub.claim.name = sub
	sasl.oauthbearer.token.endpoint.url = null
	security.protocol = PLAINTEXT
	security.providers = null
	send.buffer.bytes = 131072
	socket.connection.setup.timeout.max.ms = 30000
	socket.connection.setup.timeout.ms = 10000
	ssl.cipher.suites = null
	ssl.enabled.protocols = [TLSv1.2, TLSv1.3]
	ssl.endpoint.identification.algorithm = https
	ssl.engine.factory.class = null
	ssl.key.password = null
	ssl.keymanager.algorithm = SunX509
	ssl.keystore.certificate.chain = null
	ssl.keystore.key = null
	ssl.keystore.location = null
	ssl.keystore.password = null
	ssl.keystore.type = JKS
	ssl.protocol = TLSv1.3
	ssl.provider = null
	ssl.secure.random.implementation = null
	ssl.trustmanager.algorithm = PKIX
	ssl.truststore.certificates = null
	ssl.truststore.location = null
	ssl.truststore.password = null
	ssl.truststore.type = JKS
	transaction.timeout.ms = 60000
	transactional.id = null
	value.serializer = class io.apicurio.registry.serde.avro.AvroKafkaSerializer

2025-08-07 12:24:28,525 INFO  [org.apa.kaf.com.tel.int.KafkaMetricsCollector] (main) initializing Kafka metrics collector
2025-08-07 12:24:28,530 INFO  [org.apa.kaf.cli.Metadata] (kafka-producer-network-thread | Producer-topic-ebc2eeda_39ac_49fb_a10a_b67df67e3061) [Producer clientId=Producer-topic-ebc2eeda_39ac_49fb_a10a_b67df67e3061] Cluster ID: ewOXMZdKQImtr4eZTn3eAw
2025-08-07 12:24:28,530 INFO  [org.apa.kaf.cli.pro.KafkaProducer] (main) [Producer clientId=Producer-topic-b267c0e9_b2df_41f6_8077_fcb62cb669e5] Instantiated an idempotent producer.
2025-08-07 12:24:28,530 INFO  [org.apa.kaf.cli.pro.int.TransactionManager] (kafka-producer-network-thread | Producer-topic-ebc2eeda_39ac_49fb_a10a_b67df67e3061) [Producer clientId=Producer-topic-ebc2eeda_39ac_49fb_a10a_b67df67e3061] ProducerId set to 20 with epoch 0
2025-08-07 12:24:28,537 INFO  [org.apa.kaf.cli.pro.ProducerConfig] (main) These configurations '[apicurio.registry.url, apicurio.registry.artifact-resolver-strategy]' were supplied but are not used yet.
2025-08-07 12:24:28,537 INFO  [org.apa.kaf.com.uti.AppInfoParser] (main) Kafka version: 3.9.1
2025-08-07 12:24:28,537 INFO  [org.apa.kaf.com.uti.AppInfoParser] (main) Kafka commitId: f745dfdcee2b9851
2025-08-07 12:24:28,538 INFO  [org.apa.kaf.com.uti.AppInfoParser] (main) Kafka startTimeMs: 1754569468537
**** Registry Base URL: http://registry-app-pg17.apps.ci419.apicurio-testing.org:80
2025-08-07 12:24:28,538 INFO  [org.apa.kaf.cli.con.ConsumerConfig] (main) ConsumerConfig values: 
	allow.auto.create.topics = true
	auto.commit.interval.ms = 500
	auto.include.jmx.reporter = true
	auto.offset.reset = earliest
	bootstrap.servers = [PLAINTEXT://localhost:32769]
	check.crcs = true
	client.dns.lookup = use_all_dns_ips
	client.id = consumer-Consumer-topic-e62c7229_ec80_4a64_b861_4f238edd16c1-14
	client.rack = 
	connections.max.idle.ms = 10000
	default.api.timeout.ms = 60000
	enable.auto.commit = true
	enable.metrics.push = true
	exclude.internal.topics = true
	fetch.max.bytes = 52428800
	fetch.max.wait.ms = 500
	fetch.min.bytes = 1
	group.id = Consumer-topic-e62c7229_ec80_4a64_b861_4f238edd16c1
	group.instance.id = null
	group.protocol = classic
	group.remote.assignor = null
	heartbeat.interval.ms = 3000
	interceptor.classes = []
	internal.leave.group.on.close = true
	internal.throw.on.fetch.stable.offset.unsupported = false
	isolation.level = read_uncommitted
	key.deserializer = class org.apache.kafka.common.serialization.StringDeserializer
	max.partition.fetch.bytes = 1048576
	max.poll.interval.ms = 300000
	max.poll.records = 500
	metadata.max.age.ms = 300000
	metadata.recovery.strategy = none
	metric.reporters = []
	metrics.num.samples = 2
	metrics.recording.level = INFO
	metrics.sample.window.ms = 30000
	partition.assignment.strategy = [class org.apache.kafka.clients.consumer.RangeAssignor, class org.apache.kafka.clients.consumer.CooperativeStickyAssignor]
	receive.buffer.bytes = 65536
	reconnect.backoff.max.ms = 1000
	reconnect.backoff.ms = 50
	request.timeout.ms = 5000
	retry.backoff.max.ms = 1000
	retry.backoff.ms = 100
	sasl.client.callback.handler.class = null
	sasl.jaas.config = null
	sasl.kerberos.kinit.cmd = /usr/bin/kinit
	sasl.kerberos.min.time.before.relogin = 60000
	sasl.kerberos.service.name = null
	sasl.kerberos.ticket.renew.jitter = 0.05
	sasl.kerberos.ticket.renew.window.factor = 0.8
	sasl.login.callback.handler.class = null
	sasl.login.class = null
	sasl.login.connect.timeout.ms = null
	sasl.login.read.timeout.ms = null
	sasl.login.refresh.buffer.seconds = 300
	sasl.login.refresh.min.period.seconds = 60
	sasl.login.refresh.window.factor = 0.8
	sasl.login.refresh.window.jitter = 0.05
	sasl.login.retry.backoff.max.ms = 10000
	sasl.login.retry.backoff.ms = 100
	sasl.mechanism = GSSAPI
	sasl.oauthbearer.clock.skew.seconds = 30
	sasl.oauthbearer.expected.audience = null
	sasl.oauthbearer.expected.issuer = null
	sasl.oauthbearer.header.urlencode = false
	sasl.oauthbearer.jwks.endpoint.refresh.ms = 3600000
	sasl.oauthbearer.jwks.endpoint.retry.backoff.max.ms = 10000
	sasl.oauthbearer.jwks.endpoint.retry.backoff.ms = 100
	sasl.oauthbearer.jwks.endpoint.url = null
	sasl.oauthbearer.scope.claim.name = scope
	sasl.oauthbearer.sub.claim.name = sub
	sasl.oauthbearer.token.endpoint.url = null
	security.protocol = PLAINTEXT
	security.providers = null
	send.buffer.bytes = 131072
	session.timeout.ms = 45000
	socket.connection.setup.timeout.max.ms = 30000
	socket.connection.setup.timeout.ms = 10000
	ssl.cipher.suites = null
	ssl.enabled.protocols = [TLSv1.2, TLSv1.3]
	ssl.endpoint.identification.algorithm = https
	ssl.engine.factory.class = null
	ssl.key.password = null
	ssl.keymanager.algorithm = SunX509
	ssl.keystore.certificate.chain = null
	ssl.keystore.key = null
	ssl.keystore.location = null
	ssl.keystore.password = null
	ssl.keystore.type = JKS
	ssl.protocol = TLSv1.3
	ssl.provider = null
	ssl.secure.random.implementation = null
	ssl.trustmanager.algorithm = PKIX
	ssl.truststore.certificates = null
	ssl.truststore.location = null
	ssl.truststore.password = null
	ssl.truststore.type = JKS
	value.deserializer = class io.apicurio.registry.serde.avro.AvroKafkaDeserializer

2025-08-07 12:24:28,538 INFO  [org.apa.kaf.com.tel.int.KafkaMetricsCollector] (main) initializing Kafka metrics collector
2025-08-07 12:24:28,544 INFO  [org.apa.kaf.cli.Metadata] (kafka-producer-network-thread | Producer-topic-b267c0e9_b2df_41f6_8077_fcb62cb669e5) [Producer clientId=Producer-topic-b267c0e9_b2df_41f6_8077_fcb62cb669e5] Cluster ID: ewOXMZdKQImtr4eZTn3eAw
2025-08-07 12:24:28,544 INFO  [org.apa.kaf.cli.pro.int.TransactionManager] (kafka-producer-network-thread | Producer-topic-b267c0e9_b2df_41f6_8077_fcb62cb669e5) [Producer clientId=Producer-topic-b267c0e9_b2df_41f6_8077_fcb62cb669e5] ProducerId set to 21 with epoch 0
2025-08-07 12:24:28,547 INFO  [org.apa.kaf.cli.con.ConsumerConfig] (main) These configurations '[apicurio.registry.url]' were supplied but are not used yet.
2025-08-07 12:24:28,547 INFO  [org.apa.kaf.com.uti.AppInfoParser] (main) Kafka version: 3.9.1
2025-08-07 12:24:28,547 INFO  [org.apa.kaf.com.uti.AppInfoParser] (main) Kafka commitId: f745dfdcee2b9851
2025-08-07 12:24:28,547 INFO  [org.apa.kaf.com.uti.AppInfoParser] (main) Kafka startTimeMs: 1754569468547
**** Registry Base URL: http://registry-app-pg17.apps.ci419.apicurio-testing.org:80
2025-08-07 12:24:28,547 INFO  [org.apa.kaf.cli.con.ConsumerConfig] (main) ConsumerConfig values: 
	allow.auto.create.topics = true
	auto.commit.interval.ms = 500
	auto.include.jmx.reporter = true
	auto.offset.reset = earliest
	bootstrap.servers = [PLAINTEXT://localhost:32769]
	check.crcs = true
	client.dns.lookup = use_all_dns_ips
	client.id = consumer-Consumer-topic-ebc2eeda_39ac_49fb_a10a_b67df67e3061-15
	client.rack = 
	connections.max.idle.ms = 10000
	default.api.timeout.ms = 60000
	enable.auto.commit = true
	enable.metrics.push = true
	exclude.internal.topics = true
	fetch.max.bytes = 52428800
	fetch.max.wait.ms = 500
	fetch.min.bytes = 1
	group.id = Consumer-topic-ebc2eeda_39ac_49fb_a10a_b67df67e3061
	group.instance.id = null
	group.protocol = classic
	group.remote.assignor = null
	heartbeat.interval.ms = 3000
	interceptor.classes = []
	internal.leave.group.on.close = true
	internal.throw.on.fetch.stable.offset.unsupported = false
	isolation.level = read_uncommitted
	key.deserializer = class org.apache.kafka.common.serialization.StringDeserializer
	max.partition.fetch.bytes = 1048576
	max.poll.interval.ms = 300000
	max.poll.records = 500
	metadata.max.age.ms = 300000
	metadata.recovery.strategy = none
	metric.reporters = []
	metrics.num.samples = 2
	metrics.recording.level = INFO
	metrics.sample.window.ms = 30000
	partition.assignment.strategy = [class org.apache.kafka.clients.consumer.RangeAssignor, class org.apache.kafka.clients.consumer.CooperativeStickyAssignor]
	receive.buffer.bytes = 65536
	reconnect.backoff.max.ms = 1000
	reconnect.backoff.ms = 50
	request.timeout.ms = 5000
	retry.backoff.max.ms = 1000
	retry.backoff.ms = 100
	sasl.client.callback.handler.class = null
	sasl.jaas.config = null
	sasl.kerberos.kinit.cmd = /usr/bin/kinit
	sasl.kerberos.min.time.before.relogin = 60000
	sasl.kerberos.service.name = null
	sasl.kerberos.ticket.renew.jitter = 0.05
	sasl.kerberos.ticket.renew.window.factor = 0.8
	sasl.login.callback.handler.class = null
	sasl.login.class = null
	sasl.login.connect.timeout.ms = null
	sasl.login.read.timeout.ms = null
	sasl.login.refresh.buffer.seconds = 300
	sasl.login.refresh.min.period.seconds = 60
	sasl.login.refresh.window.factor = 0.8
	sasl.login.refresh.window.jitter = 0.05
	sasl.login.retry.backoff.max.ms = 10000
	sasl.login.retry.backoff.ms = 100
	sasl.mechanism = GSSAPI
	sasl.oauthbearer.clock.skew.seconds = 30
	sasl.oauthbearer.expected.audience = null
	sasl.oauthbearer.expected.issuer = null
	sasl.oauthbearer.header.urlencode = false
	sasl.oauthbearer.jwks.endpoint.refresh.ms = 3600000
	sasl.oauthbearer.jwks.endpoint.retry.backoff.max.ms = 10000
	sasl.oauthbearer.jwks.endpoint.retry.backoff.ms = 100
	sasl.oauthbearer.jwks.endpoint.url = null
	sasl.oauthbearer.scope.claim.name = scope
	sasl.oauthbearer.sub.claim.name = sub
	sasl.oauthbearer.token.endpoint.url = null
	security.protocol = PLAINTEXT
	security.providers = null
	send.buffer.bytes = 131072
	session.timeout.ms = 45000
	socket.connection.setup.timeout.max.ms = 30000
	socket.connection.setup.timeout.ms = 10000
	ssl.cipher.suites = null
	ssl.enabled.protocols = [TLSv1.2, TLSv1.3]
	ssl.endpoint.identification.algorithm = https
	ssl.engine.factory.class = null
	ssl.key.password = null
	ssl.keymanager.algorithm = SunX509
	ssl.keystore.certificate.chain = null
	ssl.keystore.key = null
	ssl.keystore.location = null
	ssl.keystore.password = null
	ssl.keystore.type = JKS
	ssl.protocol = TLSv1.3
	ssl.provider = null
	ssl.secure.random.implementation = null
	ssl.trustmanager.algorithm = PKIX
	ssl.truststore.certificates = null
	ssl.truststore.location = null
	ssl.truststore.password = null
	ssl.truststore.type = JKS
	value.deserializer = class io.apicurio.registry.serde.avro.AvroKafkaDeserializer

2025-08-07 12:24:28,548 INFO  [org.apa.kaf.com.tel.int.KafkaMetricsCollector] (main) initializing Kafka metrics collector
2025-08-07 12:24:28,553 INFO  [org.apa.kaf.cli.con.ConsumerConfig] (main) These configurations '[apicurio.registry.url]' were supplied but are not used yet.
2025-08-07 12:24:28,553 INFO  [org.apa.kaf.com.uti.AppInfoParser] (main) Kafka version: 3.9.1
2025-08-07 12:24:28,553 INFO  [org.apa.kaf.com.uti.AppInfoParser] (main) Kafka commitId: f745dfdcee2b9851
2025-08-07 12:24:28,554 INFO  [org.apa.kaf.com.uti.AppInfoParser] (main) Kafka startTimeMs: 1754569468553
**** Registry Base URL: http://registry-app-pg17.apps.ci419.apicurio-testing.org:80
2025-08-07 12:24:28,554 INFO  [org.apa.kaf.cli.con.ConsumerConfig] (main) ConsumerConfig values: 
	allow.auto.create.topics = true
	auto.commit.interval.ms = 500
	auto.include.jmx.reporter = true
	auto.offset.reset = earliest
	bootstrap.servers = [PLAINTEXT://localhost:32769]
	check.crcs = true
	client.dns.lookup = use_all_dns_ips
	client.id = consumer-Consumer-topic-b267c0e9_b2df_41f6_8077_fcb62cb669e5-16
	client.rack = 
	connections.max.idle.ms = 10000
	default.api.timeout.ms = 60000
	enable.auto.commit = true
	enable.metrics.push = true
	exclude.internal.topics = true
	fetch.max.bytes = 52428800
	fetch.max.wait.ms = 500
	fetch.min.bytes = 1
	group.id = Consumer-topic-b267c0e9_b2df_41f6_8077_fcb62cb669e5
	group.instance.id = null
	group.protocol = classic
	group.remote.assignor = null
	heartbeat.interval.ms = 3000
	interceptor.classes = []
	internal.leave.group.on.close = true
	internal.throw.on.fetch.stable.offset.unsupported = false
	isolation.level = read_uncommitted
	key.deserializer = class org.apache.kafka.common.serialization.StringDeserializer
	max.partition.fetch.bytes = 1048576
	max.poll.interval.ms = 300000
	max.poll.records = 500
	metadata.max.age.ms = 300000
	metadata.recovery.strategy = none
	metric.reporters = []
	metrics.num.samples = 2
	metrics.recording.level = INFO
	metrics.sample.window.ms = 30000
	partition.assignment.strategy = [class org.apache.kafka.clients.consumer.RangeAssignor, class org.apache.kafka.clients.consumer.CooperativeStickyAssignor]
	receive.buffer.bytes = 65536
	reconnect.backoff.max.ms = 1000
	reconnect.backoff.ms = 50
	request.timeout.ms = 5000
	retry.backoff.max.ms = 1000
	retry.backoff.ms = 100
	sasl.client.callback.handler.class = null
	sasl.jaas.config = null
	sasl.kerberos.kinit.cmd = /usr/bin/kinit
	sasl.kerberos.min.time.before.relogin = 60000
	sasl.kerberos.service.name = null
	sasl.kerberos.ticket.renew.jitter = 0.05
	sasl.kerberos.ticket.renew.window.factor = 0.8
	sasl.login.callback.handler.class = null
	sasl.login.class = null
	sasl.login.connect.timeout.ms = null
	sasl.login.read.timeout.ms = null
	sasl.login.refresh.buffer.seconds = 300
	sasl.login.refresh.min.period.seconds = 60
	sasl.login.refresh.window.factor = 0.8
	sasl.login.refresh.window.jitter = 0.05
	sasl.login.retry.backoff.max.ms = 10000
	sasl.login.retry.backoff.ms = 100
	sasl.mechanism = GSSAPI
	sasl.oauthbearer.clock.skew.seconds = 30
	sasl.oauthbearer.expected.audience = null
	sasl.oauthbearer.expected.issuer = null
	sasl.oauthbearer.header.urlencode = false
	sasl.oauthbearer.jwks.endpoint.refresh.ms = 3600000
	sasl.oauthbearer.jwks.endpoint.retry.backoff.max.ms = 10000
	sasl.oauthbearer.jwks.endpoint.retry.backoff.ms = 100
	sasl.oauthbearer.jwks.endpoint.url = null
	sasl.oauthbearer.scope.claim.name = scope
	sasl.oauthbearer.sub.claim.name = sub
	sasl.oauthbearer.token.endpoint.url = null
	security.protocol = PLAINTEXT
	security.providers = null
	send.buffer.bytes = 131072
	session.timeout.ms = 45000
	socket.connection.setup.timeout.max.ms = 30000
	socket.connection.setup.timeout.ms = 10000
	ssl.cipher.suites = null
	ssl.enabled.protocols = [TLSv1.2, TLSv1.3]
	ssl.endpoint.identification.algorithm = https
	ssl.engine.factory.class = null
	ssl.key.password = null
	ssl.keymanager.algorithm = SunX509
	ssl.keystore.certificate.chain = null
	ssl.keystore.key = null
	ssl.keystore.location = null
	ssl.keystore.password = null
	ssl.keystore.type = JKS
	ssl.protocol = TLSv1.3
	ssl.provider = null
	ssl.secure.random.implementation = null
	ssl.trustmanager.algorithm = PKIX
	ssl.truststore.certificates = null
	ssl.truststore.location = null
	ssl.truststore.password = null
	ssl.truststore.type = JKS
	value.deserializer = class io.apicurio.registry.serde.avro.AvroKafkaDeserializer

2025-08-07 12:24:28,554 INFO  [org.apa.kaf.com.tel.int.KafkaMetricsCollector] (main) initializing Kafka metrics collector
2025-08-07 12:24:28,562 INFO  [org.apa.kaf.cli.con.ConsumerConfig] (main) These configurations '[apicurio.registry.url]' were supplied but are not used yet.
2025-08-07 12:24:28,562 INFO  [org.apa.kaf.com.uti.AppInfoParser] (main) Kafka version: 3.9.1
2025-08-07 12:24:28,562 INFO  [org.apa.kaf.com.uti.AppInfoParser] (main) Kafka commitId: f745dfdcee2b9851
2025-08-07 12:24:28,562 INFO  [org.apa.kaf.com.uti.AppInfoParser] (main) Kafka startTimeMs: 1754569468562
2025-08-07 12:24:28,562 INFO  [io.api.tes.ser.api.KafkaSerdesTester] (Thread-713) Sending message {"key11754569467315": "value-0"} to topic topic-e62c7229_ec80_4a64_b861_4f238edd16c1
2025-08-07 12:24:28,567 INFO  [DefaultSchemaResolver] (Thread-713) Retrieving schema content using string: {"type":"record","name":"myrecordconfluent","fields":[{"name":"key11754569467315","type":"string"}]}
2025-08-07 12:24:28,736 INFO  [io.api.tes.ser.api.KafkaSerdesTester] (Thread-713) Sending message {"key11754569467315": "value-1"} to topic topic-e62c7229_ec80_4a64_b861_4f238edd16c1
2025-08-07 12:24:28,737 INFO  [io.api.tes.ser.api.KafkaSerdesTester] (Thread-713) Sending message {"key11754569467315": "value-2"} to topic topic-e62c7229_ec80_4a64_b861_4f238edd16c1
2025-08-07 12:24:28,739 INFO  [io.api.tes.ser.api.KafkaSerdesTester] (Thread-713) Sending message {"key11754569467315": "value-3"} to topic topic-e62c7229_ec80_4a64_b861_4f238edd16c1
2025-08-07 12:24:28,740 INFO  [io.api.tes.ser.api.KafkaSerdesTester] (Thread-713) Sending message {"key11754569467315": "value-4"} to topic topic-e62c7229_ec80_4a64_b861_4f238edd16c1
2025-08-07 12:24:28,741 INFO  [io.api.tes.ser.api.KafkaSerdesTester] (Thread-713) Sending message {"key11754569467315": "value-5"} to topic topic-e62c7229_ec80_4a64_b861_4f238edd16c1
2025-08-07 12:24:28,742 INFO  [io.api.tes.ser.api.KafkaSerdesTester] (Thread-713) Sending message {"key11754569467315": "value-6"} to topic topic-e62c7229_ec80_4a64_b861_4f238edd16c1
2025-08-07 12:24:28,743 INFO  [io.api.tes.ser.api.KafkaSerdesTester] (Thread-713) Sending message {"key11754569467315": "value-7"} to topic topic-e62c7229_ec80_4a64_b861_4f238edd16c1
2025-08-07 12:24:28,744 INFO  [io.api.tes.ser.api.KafkaSerdesTester] (Thread-713) Sending message {"key11754569467315": "value-8"} to topic topic-e62c7229_ec80_4a64_b861_4f238edd16c1
2025-08-07 12:24:28,745 INFO  [io.api.tes.ser.api.KafkaSerdesTester] (Thread-713) Sending message {"key11754569467315": "value-9"} to topic topic-e62c7229_ec80_4a64_b861_4f238edd16c1
2025-08-07 12:24:28,746 INFO  [io.api.tes.ser.api.KafkaSerdesTester] (Thread-713) Produced 10 messages
2025-08-07 12:24:28,746 INFO  [org.apa.kaf.cli.pro.KafkaProducer] (Thread-713) [Producer clientId=Producer-topic-e62c7229_ec80_4a64_b861_4f238edd16c1] Closing the Kafka producer with timeoutMillis = 9223372036854775807 ms.
2025-08-07 12:24:28,748 INFO  [org.apa.kaf.com.met.Metrics] (Thread-713) Metrics scheduler closed
2025-08-07 12:24:28,748 INFO  [org.apa.kaf.com.met.Metrics] (Thread-713) Closing reporter org.apache.kafka.common.metrics.JmxReporter
2025-08-07 12:24:28,748 INFO  [org.apa.kaf.com.met.Metrics] (Thread-713) Closing reporter org.apache.kafka.common.telemetry.internals.ClientTelemetryReporter
2025-08-07 12:24:28,748 INFO  [org.apa.kaf.com.met.Metrics] (Thread-713) Metrics reporters closed
2025-08-07 12:24:28,748 INFO  [org.apa.kaf.com.uti.AppInfoParser] (Thread-713) App info kafka.producer for Producer-topic-e62c7229_ec80_4a64_b861_4f238edd16c1 unregistered
2025-08-07 12:24:28,750 INFO  [io.api.tes.ser.api.KafkaSerdesTester] (Thread-714) Sending message {"key11754569467315": "value-0"} to topic topic-ebc2eeda_39ac_49fb_a10a_b67df67e3061
2025-08-07 12:24:28,755 INFO  [DefaultSchemaResolver] (Thread-714) Retrieving schema content using string: {"type":"record","name":"myrecordconfluent","fields":[{"name":"key11754569467315","type":"string"}]}
2025-08-07 12:24:28,938 INFO  [io.api.tes.ser.api.KafkaSerdesTester] (Thread-714) Sending message {"key11754569467315": "value-1"} to topic topic-ebc2eeda_39ac_49fb_a10a_b67df67e3061
2025-08-07 12:24:28,939 INFO  [io.api.tes.ser.api.KafkaSerdesTester] (Thread-714) Sending message {"key11754569467315": "value-2"} to topic topic-ebc2eeda_39ac_49fb_a10a_b67df67e3061
2025-08-07 12:24:28,940 INFO  [io.api.tes.ser.api.KafkaSerdesTester] (Thread-714) Sending message {"key11754569467315": "value-3"} to topic topic-ebc2eeda_39ac_49fb_a10a_b67df67e3061
2025-08-07 12:24:28,941 INFO  [io.api.tes.ser.api.KafkaSerdesTester] (Thread-714) Sending message {"key11754569467315": "value-4"} to topic topic-ebc2eeda_39ac_49fb_a10a_b67df67e3061
2025-08-07 12:24:28,942 INFO  [io.api.tes.ser.api.KafkaSerdesTester] (Thread-714) Sending message {"key11754569467315": "value-5"} to topic topic-ebc2eeda_39ac_49fb_a10a_b67df67e3061
2025-08-07 12:24:28,943 INFO  [io.api.tes.ser.api.KafkaSerdesTester] (Thread-714) Sending message {"key11754569467315": "value-6"} to topic topic-ebc2eeda_39ac_49fb_a10a_b67df67e3061
2025-08-07 12:24:28,945 INFO  [io.api.tes.ser.api.KafkaSerdesTester] (Thread-714) Sending message {"key11754569467315": "value-7"} to topic topic-ebc2eeda_39ac_49fb_a10a_b67df67e3061
2025-08-07 12:24:28,946 INFO  [io.api.tes.ser.api.KafkaSerdesTester] (Thread-714) Sending message {"key11754569467315": "value-8"} to topic topic-ebc2eeda_39ac_49fb_a10a_b67df67e3061
2025-08-07 12:24:28,948 INFO  [io.api.tes.ser.api.KafkaSerdesTester] (Thread-714) Sending message {"key11754569467315": "value-9"} to topic topic-ebc2eeda_39ac_49fb_a10a_b67df67e3061
2025-08-07 12:24:28,949 INFO  [io.api.tes.ser.api.KafkaSerdesTester] (Thread-714) Produced 10 messages
2025-08-07 12:24:28,949 INFO  [org.apa.kaf.cli.pro.KafkaProducer] (Thread-714) [Producer clientId=Producer-topic-ebc2eeda_39ac_49fb_a10a_b67df67e3061] Closing the Kafka producer with timeoutMillis = 9223372036854775807 ms.
2025-08-07 12:24:28,952 INFO  [org.apa.kaf.com.met.Metrics] (Thread-714) Metrics scheduler closed
2025-08-07 12:24:28,952 INFO  [org.apa.kaf.com.met.Metrics] (Thread-714) Closing reporter org.apache.kafka.common.metrics.JmxReporter
2025-08-07 12:24:28,952 INFO  [org.apa.kaf.com.met.Metrics] (Thread-714) Closing reporter org.apache.kafka.common.telemetry.internals.ClientTelemetryReporter
2025-08-07 12:24:28,952 INFO  [org.apa.kaf.com.met.Metrics] (Thread-714) Metrics reporters closed
2025-08-07 12:24:28,952 INFO  [org.apa.kaf.com.uti.AppInfoParser] (Thread-714) App info kafka.producer for Producer-topic-ebc2eeda_39ac_49fb_a10a_b67df67e3061 unregistered
2025-08-07 12:24:28,953 INFO  [io.api.tes.ser.api.KafkaSerdesTester] (Thread-715) Sending message {"key11754569467315": "value-0"} to topic topic-b267c0e9_b2df_41f6_8077_fcb62cb669e5
2025-08-07 12:24:28,964 INFO  [DefaultSchemaResolver] (Thread-715) Retrieving schema content using string: {"type":"record","name":"myrecordconfluent","fields":[{"name":"key11754569467315","type":"string"}]}
2025-08-07 12:24:29,145 INFO  [io.api.tes.ser.api.KafkaSerdesTester] (Thread-715) Sending message {"key11754569467315": "value-1"} to topic topic-b267c0e9_b2df_41f6_8077_fcb62cb669e5
2025-08-07 12:24:29,146 INFO  [io.api.tes.ser.api.KafkaSerdesTester] (Thread-715) Sending message {"key11754569467315": "value-2"} to topic topic-b267c0e9_b2df_41f6_8077_fcb62cb669e5
2025-08-07 12:24:29,147 INFO  [io.api.tes.ser.api.KafkaSerdesTester] (Thread-715) Sending message {"key11754569467315": "value-3"} to topic topic-b267c0e9_b2df_41f6_8077_fcb62cb669e5
2025-08-07 12:24:29,149 INFO  [io.api.tes.ser.api.KafkaSerdesTester] (Thread-715) Sending message {"key11754569467315": "value-4"} to topic topic-b267c0e9_b2df_41f6_8077_fcb62cb669e5
2025-08-07 12:24:29,151 INFO  [io.api.tes.ser.api.KafkaSerdesTester] (Thread-715) Sending message {"key11754569467315": "value-5"} to topic topic-b267c0e9_b2df_41f6_8077_fcb62cb669e5
2025-08-07 12:24:29,152 INFO  [io.api.tes.ser.api.KafkaSerdesTester] (Thread-715) Sending message {"key11754569467315": "value-6"} to topic topic-b267c0e9_b2df_41f6_8077_fcb62cb669e5
2025-08-07 12:24:29,153 INFO  [io.api.tes.ser.api.KafkaSerdesTester] (Thread-715) Sending message {"key11754569467315": "value-7"} to topic topic-b267c0e9_b2df_41f6_8077_fcb62cb669e5
2025-08-07 12:24:29,155 INFO  [io.api.tes.ser.api.KafkaSerdesTester] (Thread-715) Sending message {"key11754569467315": "value-8"} to topic topic-b267c0e9_b2df_41f6_8077_fcb62cb669e5
2025-08-07 12:24:29,156 INFO  [io.api.tes.ser.api.KafkaSerdesTester] (Thread-715) Sending message {"key11754569467315": "value-9"} to topic topic-b267c0e9_b2df_41f6_8077_fcb62cb669e5
2025-08-07 12:24:29,157 INFO  [io.api.tes.ser.api.KafkaSerdesTester] (Thread-715) Produced 10 messages
2025-08-07 12:24:29,158 INFO  [org.apa.kaf.cli.pro.KafkaProducer] (Thread-715) [Producer clientId=Producer-topic-b267c0e9_b2df_41f6_8077_fcb62cb669e5] Closing the Kafka producer with timeoutMillis = 9223372036854775807 ms.
2025-08-07 12:24:29,160 INFO  [org.apa.kaf.com.met.Metrics] (Thread-715) Metrics scheduler closed
2025-08-07 12:24:29,160 INFO  [org.apa.kaf.com.met.Metrics] (Thread-715) Closing reporter org.apache.kafka.common.metrics.JmxReporter
2025-08-07 12:24:29,160 INFO  [org.apa.kaf.com.met.Metrics] (Thread-715) Closing reporter org.apache.kafka.common.telemetry.internals.ClientTelemetryReporter
2025-08-07 12:24:29,160 INFO  [org.apa.kaf.com.met.Metrics] (Thread-715) Metrics reporters closed
2025-08-07 12:24:29,161 INFO  [org.apa.kaf.com.uti.AppInfoParser] (Thread-715) App info kafka.producer for Producer-topic-b267c0e9_b2df_41f6_8077_fcb62cb669e5 unregistered
2025-08-07 12:24:29,162 INFO  [org.apa.kaf.cli.con.int.ClassicKafkaConsumer] (Thread-716) [Consumer clientId=consumer-Consumer-topic-e62c7229_ec80_4a64_b861_4f238edd16c1-14, groupId=Consumer-topic-e62c7229_ec80_4a64_b861_4f238edd16c1] Subscribed to topic(s): topic-e62c7229_ec80_4a64_b861_4f238edd16c1
2025-08-07 12:24:29,167 INFO  [org.apa.kaf.cli.Metadata] (Thread-716) [Consumer clientId=consumer-Consumer-topic-e62c7229_ec80_4a64_b861_4f238edd16c1-14, groupId=Consumer-topic-e62c7229_ec80_4a64_b861_4f238edd16c1] Cluster ID: ewOXMZdKQImtr4eZTn3eAw
2025-08-07 12:24:29,167 INFO  [org.apa.kaf.cli.con.int.ConsumerCoordinator] (Thread-716) [Consumer clientId=consumer-Consumer-topic-e62c7229_ec80_4a64_b861_4f238edd16c1-14, groupId=Consumer-topic-e62c7229_ec80_4a64_b861_4f238edd16c1] Discovered group coordinator localhost:32769 (id: 2147483647 rack: null)
2025-08-07 12:24:29,169 INFO  [org.apa.kaf.cli.con.int.ConsumerCoordinator] (Thread-716) [Consumer clientId=consumer-Consumer-topic-e62c7229_ec80_4a64_b861_4f238edd16c1-14, groupId=Consumer-topic-e62c7229_ec80_4a64_b861_4f238edd16c1] (Re-)joining group
2025-08-07 12:24:29,172 INFO  [org.apa.kaf.cli.con.int.ConsumerCoordinator] (Thread-716) [Consumer clientId=consumer-Consumer-topic-e62c7229_ec80_4a64_b861_4f238edd16c1-14, groupId=Consumer-topic-e62c7229_ec80_4a64_b861_4f238edd16c1] Request joining group due to: need to re-join with the given member-id: consumer-Consumer-topic-e62c7229_ec80_4a64_b861_4f238edd16c1-14-2af7a062-8de9-4f7c-9cf1-be7584089570
2025-08-07 12:24:29,172 INFO  [org.apa.kaf.cli.con.int.ConsumerCoordinator] (Thread-716) [Consumer clientId=consumer-Consumer-topic-e62c7229_ec80_4a64_b861_4f238edd16c1-14, groupId=Consumer-topic-e62c7229_ec80_4a64_b861_4f238edd16c1] (Re-)joining group
2025-08-07 12:24:30,162 INFO  [io.api.tes.ser.api.KafkaSerdesTester] (Thread-716) None found
2025-08-07 12:24:31,163 INFO  [io.api.tes.ser.api.KafkaSerdesTester] (Thread-716) None found
2025-08-07 12:24:32,163 INFO  [io.api.tes.ser.api.KafkaSerdesTester] (Thread-716) None found
2025-08-07 12:24:32,173 INFO  [org.apa.kaf.cli.con.int.ConsumerCoordinator] (Thread-716) [Consumer clientId=consumer-Consumer-topic-e62c7229_ec80_4a64_b861_4f238edd16c1-14, groupId=Consumer-topic-e62c7229_ec80_4a64_b861_4f238edd16c1] Successfully joined group with generation Generation{generationId=1, memberId='consumer-Consumer-topic-e62c7229_ec80_4a64_b861_4f238edd16c1-14-2af7a062-8de9-4f7c-9cf1-be7584089570', protocol='range'}
2025-08-07 12:24:32,173 INFO  [org.apa.kaf.cli.con.int.ConsumerCoordinator] (Thread-716) [Consumer clientId=consumer-Consumer-topic-e62c7229_ec80_4a64_b861_4f238edd16c1-14, groupId=Consumer-topic-e62c7229_ec80_4a64_b861_4f238edd16c1] Finished assignment for group at generation 1: {consumer-Consumer-topic-e62c7229_ec80_4a64_b861_4f238edd16c1-14-2af7a062-8de9-4f7c-9cf1-be7584089570=Assignment(partitions=[topic-e62c7229_ec80_4a64_b861_4f238edd16c1-0])}
2025-08-07 12:24:32,180 INFO  [org.apa.kaf.cli.con.int.ConsumerCoordinator] (Thread-716) [Consumer clientId=consumer-Consumer-topic-e62c7229_ec80_4a64_b861_4f238edd16c1-14, groupId=Consumer-topic-e62c7229_ec80_4a64_b861_4f238edd16c1] Successfully synced group in generation Generation{generationId=1, memberId='consumer-Consumer-topic-e62c7229_ec80_4a64_b861_4f238edd16c1-14-2af7a062-8de9-4f7c-9cf1-be7584089570', protocol='range'}
2025-08-07 12:24:32,180 INFO  [org.apa.kaf.cli.con.int.ConsumerCoordinator] (Thread-716) [Consumer clientId=consumer-Consumer-topic-e62c7229_ec80_4a64_b861_4f238edd16c1-14, groupId=Consumer-topic-e62c7229_ec80_4a64_b861_4f238edd16c1] Notifying assignor about the new Assignment(partitions=[topic-e62c7229_ec80_4a64_b861_4f238edd16c1-0])
2025-08-07 12:24:32,180 INFO  [org.apa.kaf.cli.con.int.ConsumerRebalanceListenerInvoker] (Thread-716) [Consumer clientId=consumer-Consumer-topic-e62c7229_ec80_4a64_b861_4f238edd16c1-14, groupId=Consumer-topic-e62c7229_ec80_4a64_b861_4f238edd16c1] Adding newly assigned partitions: topic-e62c7229_ec80_4a64_b861_4f238edd16c1-0
2025-08-07 12:24:32,181 INFO  [org.apa.kaf.cli.con.int.ConsumerCoordinator] (Thread-716) [Consumer clientId=consumer-Consumer-topic-e62c7229_ec80_4a64_b861_4f238edd16c1-14, groupId=Consumer-topic-e62c7229_ec80_4a64_b861_4f238edd16c1] Found no committed offset for partition topic-e62c7229_ec80_4a64_b861_4f238edd16c1-0
2025-08-07 12:24:32,184 INFO  [org.apa.kaf.cli.con.int.SubscriptionState] (Thread-716) [Consumer clientId=consumer-Consumer-topic-e62c7229_ec80_4a64_b861_4f238edd16c1-14, groupId=Consumer-topic-e62c7229_ec80_4a64_b861_4f238edd16c1] Resetting offset for partition topic-e62c7229_ec80_4a64_b861_4f238edd16c1-0 to position FetchPosition{offset=0, offsetEpoch=Optional.empty, currentLeader=LeaderAndEpoch{leader=Optional[localhost:32769 (id: 0 rack: null)], epoch=0}}.
2025-08-07 12:24:32,468 INFO  [io.api.tes.ser.api.KafkaSerdesTester] (Thread-716) topic-e62c7229_ec80_4a64_b861_4f238edd16c1 0 0 {"key11754569467315": "value-0"}
2025-08-07 12:24:32,468 INFO  [io.api.tes.ser.api.KafkaSerdesTester] (Thread-716) topic-e62c7229_ec80_4a64_b861_4f238edd16c1 0 1 {"key11754569467315": "value-1"}
2025-08-07 12:24:32,468 INFO  [io.api.tes.ser.api.KafkaSerdesTester] (Thread-716) topic-e62c7229_ec80_4a64_b861_4f238edd16c1 0 2 {"key11754569467315": "value-2"}
2025-08-07 12:24:32,468 INFO  [io.api.tes.ser.api.KafkaSerdesTester] (Thread-716) topic-e62c7229_ec80_4a64_b861_4f238edd16c1 0 3 {"key11754569467315": "value-3"}
2025-08-07 12:24:32,468 INFO  [io.api.tes.ser.api.KafkaSerdesTester] (Thread-716) topic-e62c7229_ec80_4a64_b861_4f238edd16c1 0 4 {"key11754569467315": "value-4"}
2025-08-07 12:24:32,468 INFO  [io.api.tes.ser.api.KafkaSerdesTester] (Thread-716) topic-e62c7229_ec80_4a64_b861_4f238edd16c1 0 5 {"key11754569467315": "value-5"}
2025-08-07 12:24:32,468 INFO  [io.api.tes.ser.api.KafkaSerdesTester] (Thread-716) topic-e62c7229_ec80_4a64_b861_4f238edd16c1 0 6 {"key11754569467315": "value-6"}
2025-08-07 12:24:32,468 INFO  [io.api.tes.ser.api.KafkaSerdesTester] (Thread-716) topic-e62c7229_ec80_4a64_b861_4f238edd16c1 0 7 {"key11754569467315": "value-7"}
2025-08-07 12:24:32,468 INFO  [io.api.tes.ser.api.KafkaSerdesTester] (Thread-716) topic-e62c7229_ec80_4a64_b861_4f238edd16c1 0 8 {"key11754569467315": "value-8"}
2025-08-07 12:24:32,470 INFO  [io.api.tes.ser.api.KafkaSerdesTester] (Thread-716) topic-e62c7229_ec80_4a64_b861_4f238edd16c1 0 9 {"key11754569467315": "value-9"}
2025-08-07 12:24:32,470 INFO  [io.api.tes.ser.api.KafkaSerdesTester] (Thread-716) Consumed 10 messages
2025-08-07 12:24:32,477 INFO  [org.apa.kaf.cli.con.int.ConsumerRebalanceListenerInvoker] (Thread-716) [Consumer clientId=consumer-Consumer-topic-e62c7229_ec80_4a64_b861_4f238edd16c1-14, groupId=Consumer-topic-e62c7229_ec80_4a64_b861_4f238edd16c1] Revoke previously assigned partitions topic-e62c7229_ec80_4a64_b861_4f238edd16c1-0
2025-08-07 12:24:32,477 INFO  [org.apa.kaf.cli.con.int.ConsumerCoordinator] (Thread-716) [Consumer clientId=consumer-Consumer-topic-e62c7229_ec80_4a64_b861_4f238edd16c1-14, groupId=Consumer-topic-e62c7229_ec80_4a64_b861_4f238edd16c1] Member consumer-Consumer-topic-e62c7229_ec80_4a64_b861_4f238edd16c1-14-2af7a062-8de9-4f7c-9cf1-be7584089570 sending LeaveGroup request to coordinator localhost:32769 (id: 2147483647 rack: null) due to the consumer is being closed
2025-08-07 12:24:32,478 INFO  [org.apa.kaf.cli.con.int.ConsumerCoordinator] (Thread-716) [Consumer clientId=consumer-Consumer-topic-e62c7229_ec80_4a64_b861_4f238edd16c1-14, groupId=Consumer-topic-e62c7229_ec80_4a64_b861_4f238edd16c1] Resetting generation and member id due to: consumer pro-actively leaving the group
2025-08-07 12:24:32,478 INFO  [org.apa.kaf.cli.con.int.ConsumerCoordinator] (Thread-716) [Consumer clientId=consumer-Consumer-topic-e62c7229_ec80_4a64_b861_4f238edd16c1-14, groupId=Consumer-topic-e62c7229_ec80_4a64_b861_4f238edd16c1] Request joining group due to: consumer pro-actively leaving the group
2025-08-07 12:24:32,971 INFO  [org.apa.kaf.com.met.Metrics] (Thread-716) Metrics scheduler closed
2025-08-07 12:24:32,971 INFO  [org.apa.kaf.com.met.Metrics] (Thread-716) Closing reporter org.apache.kafka.common.metrics.JmxReporter
2025-08-07 12:24:32,971 INFO  [org.apa.kaf.com.met.Metrics] (Thread-716) Closing reporter org.apache.kafka.common.telemetry.internals.ClientTelemetryReporter
2025-08-07 12:24:32,971 INFO  [org.apa.kaf.com.met.Metrics] (Thread-716) Metrics reporters closed
2025-08-07 12:24:32,973 INFO  [org.apa.kaf.com.uti.AppInfoParser] (Thread-716) App info kafka.consumer for consumer-Consumer-topic-e62c7229_ec80_4a64_b861_4f238edd16c1-14 unregistered
2025-08-07 12:24:32,975 INFO  [org.apa.kaf.cli.con.int.ClassicKafkaConsumer] (Thread-717) [Consumer clientId=consumer-Consumer-topic-ebc2eeda_39ac_49fb_a10a_b67df67e3061-15, groupId=Consumer-topic-ebc2eeda_39ac_49fb_a10a_b67df67e3061] Subscribed to topic(s): topic-ebc2eeda_39ac_49fb_a10a_b67df67e3061
2025-08-07 12:24:32,980 INFO  [org.apa.kaf.cli.Metadata] (Thread-717) [Consumer clientId=consumer-Consumer-topic-ebc2eeda_39ac_49fb_a10a_b67df67e3061-15, groupId=Consumer-topic-ebc2eeda_39ac_49fb_a10a_b67df67e3061] Cluster ID: ewOXMZdKQImtr4eZTn3eAw
2025-08-07 12:24:32,982 INFO  [org.apa.kaf.cli.con.int.ConsumerCoordinator] (Thread-717) [Consumer clientId=consumer-Consumer-topic-ebc2eeda_39ac_49fb_a10a_b67df67e3061-15, groupId=Consumer-topic-ebc2eeda_39ac_49fb_a10a_b67df67e3061] Discovered group coordinator localhost:32769 (id: 2147483647 rack: null)
2025-08-07 12:24:32,983 INFO  [org.apa.kaf.cli.con.int.ConsumerCoordinator] (Thread-717) [Consumer clientId=consumer-Consumer-topic-ebc2eeda_39ac_49fb_a10a_b67df67e3061-15, groupId=Consumer-topic-ebc2eeda_39ac_49fb_a10a_b67df67e3061] (Re-)joining group
2025-08-07 12:24:32,985 INFO  [org.apa.kaf.cli.con.int.ConsumerCoordinator] (Thread-717) [Consumer clientId=consumer-Consumer-topic-ebc2eeda_39ac_49fb_a10a_b67df67e3061-15, groupId=Consumer-topic-ebc2eeda_39ac_49fb_a10a_b67df67e3061] Request joining group due to: need to re-join with the given member-id: consumer-Consumer-topic-ebc2eeda_39ac_49fb_a10a_b67df67e3061-15-c724aded-7cc2-4bf5-bcf9-143cb1c37d3e
2025-08-07 12:24:32,985 INFO  [org.apa.kaf.cli.con.int.ConsumerCoordinator] (Thread-717) [Consumer clientId=consumer-Consumer-topic-ebc2eeda_39ac_49fb_a10a_b67df67e3061-15, groupId=Consumer-topic-ebc2eeda_39ac_49fb_a10a_b67df67e3061] (Re-)joining group
2025-08-07 12:24:33,976 INFO  [io.api.tes.ser.api.KafkaSerdesTester] (Thread-717) None found
2025-08-07 12:24:34,976 INFO  [io.api.tes.ser.api.KafkaSerdesTester] (Thread-717) None found
2025-08-07 12:24:35,976 INFO  [io.api.tes.ser.api.KafkaSerdesTester] (Thread-717) None found
2025-08-07 12:24:35,987 INFO  [org.apa.kaf.cli.con.int.ConsumerCoordinator] (Thread-717) [Consumer clientId=consumer-Consumer-topic-ebc2eeda_39ac_49fb_a10a_b67df67e3061-15, groupId=Consumer-topic-ebc2eeda_39ac_49fb_a10a_b67df67e3061] Successfully joined group with generation Generation{generationId=1, memberId='consumer-Consumer-topic-ebc2eeda_39ac_49fb_a10a_b67df67e3061-15-c724aded-7cc2-4bf5-bcf9-143cb1c37d3e', protocol='range'}
2025-08-07 12:24:35,988 INFO  [org.apa.kaf.cli.con.int.ConsumerCoordinator] (Thread-717) [Consumer clientId=consumer-Consumer-topic-ebc2eeda_39ac_49fb_a10a_b67df67e3061-15, groupId=Consumer-topic-ebc2eeda_39ac_49fb_a10a_b67df67e3061] Finished assignment for group at generation 1: {consumer-Consumer-topic-ebc2eeda_39ac_49fb_a10a_b67df67e3061-15-c724aded-7cc2-4bf5-bcf9-143cb1c37d3e=Assignment(partitions=[topic-ebc2eeda_39ac_49fb_a10a_b67df67e3061-0])}
2025-08-07 12:24:35,994 INFO  [org.apa.kaf.cli.con.int.ConsumerCoordinator] (Thread-717) [Consumer clientId=consumer-Consumer-topic-ebc2eeda_39ac_49fb_a10a_b67df67e3061-15, groupId=Consumer-topic-ebc2eeda_39ac_49fb_a10a_b67df67e3061] Successfully synced group in generation Generation{generationId=1, memberId='consumer-Consumer-topic-ebc2eeda_39ac_49fb_a10a_b67df67e3061-15-c724aded-7cc2-4bf5-bcf9-143cb1c37d3e', protocol='range'}
2025-08-07 12:24:35,994 INFO  [org.apa.kaf.cli.con.int.ConsumerCoordinator] (Thread-717) [Consumer clientId=consumer-Consumer-topic-ebc2eeda_39ac_49fb_a10a_b67df67e3061-15, groupId=Consumer-topic-ebc2eeda_39ac_49fb_a10a_b67df67e3061] Notifying assignor about the new Assignment(partitions=[topic-ebc2eeda_39ac_49fb_a10a_b67df67e3061-0])
2025-08-07 12:24:35,994 INFO  [org.apa.kaf.cli.con.int.ConsumerRebalanceListenerInvoker] (Thread-717) [Consumer clientId=consumer-Consumer-topic-ebc2eeda_39ac_49fb_a10a_b67df67e3061-15, groupId=Consumer-topic-ebc2eeda_39ac_49fb_a10a_b67df67e3061] Adding newly assigned partitions: topic-ebc2eeda_39ac_49fb_a10a_b67df67e3061-0
2025-08-07 12:24:35,997 INFO  [org.apa.kaf.cli.con.int.ConsumerCoordinator] (Thread-717) [Consumer clientId=consumer-Consumer-topic-ebc2eeda_39ac_49fb_a10a_b67df67e3061-15, groupId=Consumer-topic-ebc2eeda_39ac_49fb_a10a_b67df67e3061] Found no committed offset for partition topic-ebc2eeda_39ac_49fb_a10a_b67df67e3061-0
2025-08-07 12:24:36,002 INFO  [org.apa.kaf.cli.con.int.SubscriptionState] (Thread-717) [Consumer clientId=consumer-Consumer-topic-ebc2eeda_39ac_49fb_a10a_b67df67e3061-15, groupId=Consumer-topic-ebc2eeda_39ac_49fb_a10a_b67df67e3061] Resetting offset for partition topic-ebc2eeda_39ac_49fb_a10a_b67df67e3061-0 to position FetchPosition{offset=0, offsetEpoch=Optional.empty, currentLeader=LeaderAndEpoch{leader=Optional[localhost:32769 (id: 0 rack: null)], epoch=0}}.
2025-08-07 12:24:36,254 INFO  [io.api.tes.ser.api.KafkaSerdesTester] (Thread-717) topic-ebc2eeda_39ac_49fb_a10a_b67df67e3061 0 0 {"key11754569467315": "value-0"}
2025-08-07 12:24:36,255 INFO  [io.api.tes.ser.api.KafkaSerdesTester] (Thread-717) topic-ebc2eeda_39ac_49fb_a10a_b67df67e3061 0 1 {"key11754569467315": "value-1"}
2025-08-07 12:24:36,255 INFO  [io.api.tes.ser.api.KafkaSerdesTester] (Thread-717) topic-ebc2eeda_39ac_49fb_a10a_b67df67e3061 0 2 {"key11754569467315": "value-2"}
2025-08-07 12:24:36,255 INFO  [io.api.tes.ser.api.KafkaSerdesTester] (Thread-717) topic-ebc2eeda_39ac_49fb_a10a_b67df67e3061 0 3 {"key11754569467315": "value-3"}
2025-08-07 12:24:36,255 INFO  [io.api.tes.ser.api.KafkaSerdesTester] (Thread-717) topic-ebc2eeda_39ac_49fb_a10a_b67df67e3061 0 4 {"key11754569467315": "value-4"}
2025-08-07 12:24:36,255 INFO  [io.api.tes.ser.api.KafkaSerdesTester] (Thread-717) topic-ebc2eeda_39ac_49fb_a10a_b67df67e3061 0 5 {"key11754569467315": "value-5"}
2025-08-07 12:24:36,255 INFO  [io.api.tes.ser.api.KafkaSerdesTester] (Thread-717) topic-ebc2eeda_39ac_49fb_a10a_b67df67e3061 0 6 {"key11754569467315": "value-6"}
2025-08-07 12:24:36,255 INFO  [io.api.tes.ser.api.KafkaSerdesTester] (Thread-717) topic-ebc2eeda_39ac_49fb_a10a_b67df67e3061 0 7 {"key11754569467315": "value-7"}
2025-08-07 12:24:36,255 INFO  [io.api.tes.ser.api.KafkaSerdesTester] (Thread-717) topic-ebc2eeda_39ac_49fb_a10a_b67df67e3061 0 8 {"key11754569467315": "value-8"}
2025-08-07 12:24:36,255 INFO  [io.api.tes.ser.api.KafkaSerdesTester] (Thread-717) topic-ebc2eeda_39ac_49fb_a10a_b67df67e3061 0 9 {"key11754569467315": "value-9"}
2025-08-07 12:24:36,255 INFO  [io.api.tes.ser.api.KafkaSerdesTester] (Thread-717) Consumed 10 messages
2025-08-07 12:24:36,261 INFO  [org.apa.kaf.cli.con.int.ConsumerRebalanceListenerInvoker] (Thread-717) [Consumer clientId=consumer-Consumer-topic-ebc2eeda_39ac_49fb_a10a_b67df67e3061-15, groupId=Consumer-topic-ebc2eeda_39ac_49fb_a10a_b67df67e3061] Revoke previously assigned partitions topic-ebc2eeda_39ac_49fb_a10a_b67df67e3061-0
2025-08-07 12:24:36,261 INFO  [org.apa.kaf.cli.con.int.ConsumerCoordinator] (Thread-717) [Consumer clientId=consumer-Consumer-topic-ebc2eeda_39ac_49fb_a10a_b67df67e3061-15, groupId=Consumer-topic-ebc2eeda_39ac_49fb_a10a_b67df67e3061] Member consumer-Consumer-topic-ebc2eeda_39ac_49fb_a10a_b67df67e3061-15-c724aded-7cc2-4bf5-bcf9-143cb1c37d3e sending LeaveGroup request to coordinator localhost:32769 (id: 2147483647 rack: null) due to the consumer is being closed
2025-08-07 12:24:36,262 INFO  [org.apa.kaf.cli.con.int.ConsumerCoordinator] (Thread-717) [Consumer clientId=consumer-Consumer-topic-ebc2eeda_39ac_49fb_a10a_b67df67e3061-15, groupId=Consumer-topic-ebc2eeda_39ac_49fb_a10a_b67df67e3061] Resetting generation and member id due to: consumer pro-actively leaving the group
2025-08-07 12:24:36,262 INFO  [org.apa.kaf.cli.con.int.ConsumerCoordinator] (Thread-717) [Consumer clientId=consumer-Consumer-topic-ebc2eeda_39ac_49fb_a10a_b67df67e3061-15, groupId=Consumer-topic-ebc2eeda_39ac_49fb_a10a_b67df67e3061] Request joining group due to: consumer pro-actively leaving the group
2025-08-07 12:24:36,758 INFO  [org.apa.kaf.com.met.Metrics] (Thread-717) Metrics scheduler closed
2025-08-07 12:24:36,758 INFO  [org.apa.kaf.com.met.Metrics] (Thread-717) Closing reporter org.apache.kafka.common.metrics.JmxReporter
2025-08-07 12:24:36,758 INFO  [org.apa.kaf.com.met.Metrics] (Thread-717) Closing reporter org.apache.kafka.common.telemetry.internals.ClientTelemetryReporter
2025-08-07 12:24:36,758 INFO  [org.apa.kaf.com.met.Metrics] (Thread-717) Metrics reporters closed
2025-08-07 12:24:36,760 INFO  [org.apa.kaf.com.uti.AppInfoParser] (Thread-717) App info kafka.consumer for consumer-Consumer-topic-ebc2eeda_39ac_49fb_a10a_b67df67e3061-15 unregistered
2025-08-07 12:24:36,761 INFO  [org.apa.kaf.cli.con.int.ClassicKafkaConsumer] (Thread-718) [Consumer clientId=consumer-Consumer-topic-b267c0e9_b2df_41f6_8077_fcb62cb669e5-16, groupId=Consumer-topic-b267c0e9_b2df_41f6_8077_fcb62cb669e5] Subscribed to topic(s): topic-b267c0e9_b2df_41f6_8077_fcb62cb669e5
2025-08-07 12:24:36,766 INFO  [org.apa.kaf.cli.Metadata] (Thread-718) [Consumer clientId=consumer-Consumer-topic-b267c0e9_b2df_41f6_8077_fcb62cb669e5-16, groupId=Consumer-topic-b267c0e9_b2df_41f6_8077_fcb62cb669e5] Cluster ID: ewOXMZdKQImtr4eZTn3eAw
2025-08-07 12:24:36,766 INFO  [org.apa.kaf.cli.con.int.ConsumerCoordinator] (Thread-718) [Consumer clientId=consumer-Consumer-topic-b267c0e9_b2df_41f6_8077_fcb62cb669e5-16, groupId=Consumer-topic-b267c0e9_b2df_41f6_8077_fcb62cb669e5] Discovered group coordinator localhost:32769 (id: 2147483647 rack: null)
2025-08-07 12:24:36,767 INFO  [org.apa.kaf.cli.con.int.ConsumerCoordinator] (Thread-718) [Consumer clientId=consumer-Consumer-topic-b267c0e9_b2df_41f6_8077_fcb62cb669e5-16, groupId=Consumer-topic-b267c0e9_b2df_41f6_8077_fcb62cb669e5] (Re-)joining group
2025-08-07 12:24:36,769 INFO  [org.apa.kaf.cli.con.int.ConsumerCoordinator] (Thread-718) [Consumer clientId=consumer-Consumer-topic-b267c0e9_b2df_41f6_8077_fcb62cb669e5-16, groupId=Consumer-topic-b267c0e9_b2df_41f6_8077_fcb62cb669e5] Request joining group due to: need to re-join with the given member-id: consumer-Consumer-topic-b267c0e9_b2df_41f6_8077_fcb62cb669e5-16-0cc630b5-83c4-4a16-93d1-7d77858c1a88
2025-08-07 12:24:36,770 INFO  [org.apa.kaf.cli.con.int.ConsumerCoordinator] (Thread-718) [Consumer clientId=consumer-Consumer-topic-b267c0e9_b2df_41f6_8077_fcb62cb669e5-16, groupId=Consumer-topic-b267c0e9_b2df_41f6_8077_fcb62cb669e5] (Re-)joining group
2025-08-07 12:24:37,762 INFO  [io.api.tes.ser.api.KafkaSerdesTester] (Thread-718) None found
2025-08-07 12:24:38,763 INFO  [io.api.tes.ser.api.KafkaSerdesTester] (Thread-718) None found
2025-08-07 12:24:39,763 INFO  [io.api.tes.ser.api.KafkaSerdesTester] (Thread-718) None found
2025-08-07 12:24:39,771 INFO  [org.apa.kaf.cli.con.int.ConsumerCoordinator] (Thread-718) [Consumer clientId=consumer-Consumer-topic-b267c0e9_b2df_41f6_8077_fcb62cb669e5-16, groupId=Consumer-topic-b267c0e9_b2df_41f6_8077_fcb62cb669e5] Successfully joined group with generation Generation{generationId=1, memberId='consumer-Consumer-topic-b267c0e9_b2df_41f6_8077_fcb62cb669e5-16-0cc630b5-83c4-4a16-93d1-7d77858c1a88', protocol='range'}
2025-08-07 12:24:39,771 INFO  [org.apa.kaf.cli.con.int.ConsumerCoordinator] (Thread-718) [Consumer clientId=consumer-Consumer-topic-b267c0e9_b2df_41f6_8077_fcb62cb669e5-16, groupId=Consumer-topic-b267c0e9_b2df_41f6_8077_fcb62cb669e5] Finished assignment for group at generation 1: {consumer-Consumer-topic-b267c0e9_b2df_41f6_8077_fcb62cb669e5-16-0cc630b5-83c4-4a16-93d1-7d77858c1a88=Assignment(partitions=[topic-b267c0e9_b2df_41f6_8077_fcb62cb669e5-0])}
2025-08-07 12:24:39,778 INFO  [org.apa.kaf.cli.con.int.ConsumerCoordinator] (Thread-718) [Consumer clientId=consumer-Consumer-topic-b267c0e9_b2df_41f6_8077_fcb62cb669e5-16, groupId=Consumer-topic-b267c0e9_b2df_41f6_8077_fcb62cb669e5] Successfully synced group in generation Generation{generationId=1, memberId='consumer-Consumer-topic-b267c0e9_b2df_41f6_8077_fcb62cb669e5-16-0cc630b5-83c4-4a16-93d1-7d77858c1a88', protocol='range'}
2025-08-07 12:24:39,779 INFO  [org.apa.kaf.cli.con.int.ConsumerCoordinator] (Thread-718) [Consumer clientId=consumer-Consumer-topic-b267c0e9_b2df_41f6_8077_fcb62cb669e5-16, groupId=Consumer-topic-b267c0e9_b2df_41f6_8077_fcb62cb669e5] Notifying assignor about the new Assignment(partitions=[topic-b267c0e9_b2df_41f6_8077_fcb62cb669e5-0])
2025-08-07 12:24:39,779 INFO  [org.apa.kaf.cli.con.int.ConsumerRebalanceListenerInvoker] (Thread-718) [Consumer clientId=consumer-Consumer-topic-b267c0e9_b2df_41f6_8077_fcb62cb669e5-16, groupId=Consumer-topic-b267c0e9_b2df_41f6_8077_fcb62cb669e5] Adding newly assigned partitions: topic-b267c0e9_b2df_41f6_8077_fcb62cb669e5-0
2025-08-07 12:24:39,780 INFO  [org.apa.kaf.cli.con.int.ConsumerCoordinator] (Thread-718) [Consumer clientId=consumer-Consumer-topic-b267c0e9_b2df_41f6_8077_fcb62cb669e5-16, groupId=Consumer-topic-b267c0e9_b2df_41f6_8077_fcb62cb669e5] Found no committed offset for partition topic-b267c0e9_b2df_41f6_8077_fcb62cb669e5-0
2025-08-07 12:24:39,783 INFO  [org.apa.kaf.cli.con.int.SubscriptionState] (Thread-718) [Consumer clientId=consumer-Consumer-topic-b267c0e9_b2df_41f6_8077_fcb62cb669e5-16, groupId=Consumer-topic-b267c0e9_b2df_41f6_8077_fcb62cb669e5] Resetting offset for partition topic-b267c0e9_b2df_41f6_8077_fcb62cb669e5-0 to position FetchPosition{offset=0, offsetEpoch=Optional.empty, currentLeader=LeaderAndEpoch{leader=Optional[localhost:32769 (id: 0 rack: null)], epoch=0}}.
2025-08-07 12:24:40,049 INFO  [io.api.tes.ser.api.KafkaSerdesTester] (Thread-718) topic-b267c0e9_b2df_41f6_8077_fcb62cb669e5 0 0 {"key11754569467315": "value-0"}
2025-08-07 12:24:40,049 INFO  [io.api.tes.ser.api.KafkaSerdesTester] (Thread-718) topic-b267c0e9_b2df_41f6_8077_fcb62cb669e5 0 1 {"key11754569467315": "value-1"}
2025-08-07 12:24:40,049 INFO  [io.api.tes.ser.api.KafkaSerdesTester] (Thread-718) topic-b267c0e9_b2df_41f6_8077_fcb62cb669e5 0 2 {"key11754569467315": "value-2"}
2025-08-07 12:24:40,049 INFO  [io.api.tes.ser.api.KafkaSerdesTester] (Thread-718) topic-b267c0e9_b2df_41f6_8077_fcb62cb669e5 0 3 {"key11754569467315": "value-3"}
2025-08-07 12:24:40,049 INFO  [io.api.tes.ser.api.KafkaSerdesTester] (Thread-718) topic-b267c0e9_b2df_41f6_8077_fcb62cb669e5 0 4 {"key11754569467315": "value-4"}
2025-08-07 12:24:40,049 INFO  [io.api.tes.ser.api.KafkaSerdesTester] (Thread-718) topic-b267c0e9_b2df_41f6_8077_fcb62cb669e5 0 5 {"key11754569467315": "value-5"}
2025-08-07 12:24:40,049 INFO  [io.api.tes.ser.api.KafkaSerdesTester] (Thread-718) topic-b267c0e9_b2df_41f6_8077_fcb62cb669e5 0 6 {"key11754569467315": "value-6"}
2025-08-07 12:24:40,049 INFO  [io.api.tes.ser.api.KafkaSerdesTester] (Thread-718) topic-b267c0e9_b2df_41f6_8077_fcb62cb669e5 0 7 {"key11754569467315": "value-7"}
2025-08-07 12:24:40,049 INFO  [io.api.tes.ser.api.KafkaSerdesTester] (Thread-718) topic-b267c0e9_b2df_41f6_8077_fcb62cb669e5 0 8 {"key11754569467315": "value-8"}
2025-08-07 12:24:40,049 INFO  [io.api.tes.ser.api.KafkaSerdesTester] (Thread-718) topic-b267c0e9_b2df_41f6_8077_fcb62cb669e5 0 9 {"key11754569467315": "value-9"}
2025-08-07 12:24:40,049 INFO  [io.api.tes.ser.api.KafkaSerdesTester] (Thread-718) Consumed 10 messages
2025-08-07 12:24:40,056 INFO  [org.apa.kaf.cli.con.int.ConsumerRebalanceListenerInvoker] (Thread-718) [Consumer clientId=consumer-Consumer-topic-b267c0e9_b2df_41f6_8077_fcb62cb669e5-16, groupId=Consumer-topic-b267c0e9_b2df_41f6_8077_fcb62cb669e5] Revoke previously assigned partitions topic-b267c0e9_b2df_41f6_8077_fcb62cb669e5-0
2025-08-07 12:24:40,056 INFO  [org.apa.kaf.cli.con.int.ConsumerCoordinator] (Thread-718) [Consumer clientId=consumer-Consumer-topic-b267c0e9_b2df_41f6_8077_fcb62cb669e5-16, groupId=Consumer-topic-b267c0e9_b2df_41f6_8077_fcb62cb669e5] Member consumer-Consumer-topic-b267c0e9_b2df_41f6_8077_fcb62cb669e5-16-0cc630b5-83c4-4a16-93d1-7d77858c1a88 sending LeaveGroup request to coordinator localhost:32769 (id: 2147483647 rack: null) due to the consumer is being closed
2025-08-07 12:24:40,056 INFO  [org.apa.kaf.cli.con.int.ConsumerCoordinator] (Thread-718) [Consumer clientId=consumer-Consumer-topic-b267c0e9_b2df_41f6_8077_fcb62cb669e5-16, groupId=Consumer-topic-b267c0e9_b2df_41f6_8077_fcb62cb669e5] Resetting generation and member id due to: consumer pro-actively leaving the group
2025-08-07 12:24:40,056 INFO  [org.apa.kaf.cli.con.int.ConsumerCoordinator] (Thread-718) [Consumer clientId=consumer-Consumer-topic-b267c0e9_b2df_41f6_8077_fcb62cb669e5-16, groupId=Consumer-topic-b267c0e9_b2df_41f6_8077_fcb62cb669e5] Request joining group due to: consumer pro-actively leaving the group
2025-08-07 12:24:40,553 INFO  [org.apa.kaf.com.met.Metrics] (Thread-718) Metrics scheduler closed
2025-08-07 12:24:40,553 INFO  [org.apa.kaf.com.met.Metrics] (Thread-718) Closing reporter org.apache.kafka.common.metrics.JmxReporter
2025-08-07 12:24:40,553 INFO  [org.apa.kaf.com.met.Metrics] (Thread-718) Closing reporter org.apache.kafka.common.telemetry.internals.ClientTelemetryReporter
2025-08-07 12:24:40,553 INFO  [org.apa.kaf.com.met.Metrics] (Thread-718) Metrics reporters closed
2025-08-07 12:24:40,556 INFO  [org.apa.kaf.com.uti.AppInfoParser] (Thread-718) App info kafka.consumer for consumer-Consumer-topic-b267c0e9_b2df_41f6_8077_fcb62cb669e5-16 unregistered
2025-08-07 12:24:40,557 INFO  [io.api.tes.uti.TestSeparator] (main) io.apicurio.tests.serdes.apicurio.AvroSerdeIT.testAvroConfluentForMultipleTopics-FINISHED
2025-08-07 12:24:40,557 INFO  [io.api.tes.uti.TestSeparator] (main) ############################################################################
Test passed: testAvroConfluentForMultipleTopics
]]></system-out>
  </testcase>
  <testcase name="testFirstRequestFailsRateLimited" classname="io.apicurio.tests.serdes.apicurio.AvroSerdeIT" time="1.001">
    <system-out><![CDATA[2025-08-07 12:24:40,560 INFO  [io.api.tes.uti.TestSeparator] (main) ############################################################################
2025-08-07 12:24:40,560 INFO  [io.api.tes.uti.TestSeparator] (main) io.apicurio.tests.serdes.apicurio.AvroSerdeIT.testFirstRequestFailsRateLimited-STARTED
2025-08-07 12:24:41,038 WARN  [org.ecl.jet.ser.AbstractConnector] (main) Acceptors should be <= availableProcessors: NetworkTrafficServerConnector@192b9e35{HTTP/1.1, (http/1.1, h2c)}{0.0.0.0:0} 
2025-08-07 12:24:41,157 INFO  [org.ecl.jet.ser.Server] (main) jetty-11.0.15; built: 2023-04-11T18:37:53.775Z; git: 5bc5e562c8d05c5862505aebe5cf83a61bdbcb96; jvm 17.0.16+8
2025-08-07 12:24:41,191 INFO  [org.ecl.jet.ser.han.ContextHandler] (main) Started o.e.j.s.ServletContextHandler@2c1e4d9e{/__admin,null,AVAILABLE}
2025-08-07 12:24:41,208 INFO  [org.ecl.jet.ser.han.Con.ROOT] (main) RequestHandlerClass from context returned com.github.tomakehurst.wiremock.http.StubRequestHandler. Normalized mapped under returned 'null'
2025-08-07 12:24:41,208 INFO  [org.ecl.jet.ser.han.ContextHandler] (main) Started o.e.j.s.ServletContextHandler@9628240{/,null,AVAILABLE}
2025-08-07 12:24:41,219 INFO  [org.ecl.jet.ser.AbstractConnector] (main) Started NetworkTrafficServerConnector@192b9e35{HTTP/1.1, (http/1.1, h2c)}{0.0.0.0:36377}
2025-08-07 12:24:41,221 INFO  [org.ecl.jet.ser.Server] (main) Started Server@77e03d01{STARTING}[11.0.15,sto=1000] @123222ms
**** Registry Base URL: http://registry-app-pg17.apps.ci419.apicurio-testing.org:80
2025-08-07 12:24:41,234 INFO  [org.apa.kaf.cli.pro.ProducerConfig] (main) ProducerConfig values: 
	acks = -1
	auto.include.jmx.reporter = true
	batch.size = 16384
	bootstrap.servers = [PLAINTEXT://localhost:32769]
	buffer.memory = 33554432
	client.dns.lookup = use_all_dns_ips
	client.id = Producer-topic-81031968_85b3_42fb_841d_3cee3ab7b8cb
	compression.gzip.level = -1
	compression.lz4.level = 9
	compression.type = none
	compression.zstd.level = 3
	connections.max.idle.ms = 10000
	delivery.timeout.ms = 120000
	enable.idempotence = true
	enable.metrics.push = true
	interceptor.classes = []
	key.serializer = class org.apache.kafka.common.serialization.StringSerializer
	linger.ms = 0
	max.block.ms = 60000
	max.in.flight.requests.per.connection = 5
	max.request.size = 1048576
	metadata.max.age.ms = 300000
	metadata.max.idle.ms = 300000
	metadata.recovery.strategy = none
	metric.reporters = []
	metrics.num.samples = 2
	metrics.recording.level = INFO
	metrics.sample.window.ms = 30000
	partitioner.adaptive.partitioning.enable = true
	partitioner.availability.timeout.ms = 0
	partitioner.class = null
	partitioner.ignore.keys = false
	receive.buffer.bytes = 32768
	reconnect.backoff.max.ms = 1000
	reconnect.backoff.ms = 50
	request.timeout.ms = 5000
	retries = 2147483647
	retry.backoff.max.ms = 1000
	retry.backoff.ms = 100
	sasl.client.callback.handler.class = null
	sasl.jaas.config = null
	sasl.kerberos.kinit.cmd = /usr/bin/kinit
	sasl.kerberos.min.time.before.relogin = 60000
	sasl.kerberos.service.name = null
	sasl.kerberos.ticket.renew.jitter = 0.05
	sasl.kerberos.ticket.renew.window.factor = 0.8
	sasl.login.callback.handler.class = null
	sasl.login.class = null
	sasl.login.connect.timeout.ms = null
	sasl.login.read.timeout.ms = null
	sasl.login.refresh.buffer.seconds = 300
	sasl.login.refresh.min.period.seconds = 60
	sasl.login.refresh.window.factor = 0.8
	sasl.login.refresh.window.jitter = 0.05
	sasl.login.retry.backoff.max.ms = 10000
	sasl.login.retry.backoff.ms = 100
	sasl.mechanism = GSSAPI
	sasl.oauthbearer.clock.skew.seconds = 30
	sasl.oauthbearer.expected.audience = null
	sasl.oauthbearer.expected.issuer = null
	sasl.oauthbearer.header.urlencode = false
	sasl.oauthbearer.jwks.endpoint.refresh.ms = 3600000
	sasl.oauthbearer.jwks.endpoint.retry.backoff.max.ms = 10000
	sasl.oauthbearer.jwks.endpoint.retry.backoff.ms = 100
	sasl.oauthbearer.jwks.endpoint.url = null
	sasl.oauthbearer.scope.claim.name = scope
	sasl.oauthbearer.sub.claim.name = sub
	sasl.oauthbearer.token.endpoint.url = null
	security.protocol = PLAINTEXT
	security.providers = null
	send.buffer.bytes = 131072
	socket.connection.setup.timeout.max.ms = 30000
	socket.connection.setup.timeout.ms = 10000
	ssl.cipher.suites = null
	ssl.enabled.protocols = [TLSv1.2, TLSv1.3]
	ssl.endpoint.identification.algorithm = https
	ssl.engine.factory.class = null
	ssl.key.password = null
	ssl.keymanager.algorithm = SunX509
	ssl.keystore.certificate.chain = null
	ssl.keystore.key = null
	ssl.keystore.location = null
	ssl.keystore.password = null
	ssl.keystore.type = JKS
	ssl.protocol = TLSv1.3
	ssl.provider = null
	ssl.secure.random.implementation = null
	ssl.trustmanager.algorithm = PKIX
	ssl.truststore.certificates = null
	ssl.truststore.location = null
	ssl.truststore.password = null
	ssl.truststore.type = JKS
	transaction.timeout.ms = 60000
	transactional.id = null
	value.serializer = class io.apicurio.registry.serde.avro.AvroKafkaSerializer

2025-08-07 12:24:41,234 INFO  [org.apa.kaf.com.tel.int.KafkaMetricsCollector] (main) initializing Kafka metrics collector
2025-08-07 12:24:41,237 INFO  [org.apa.kaf.cli.pro.KafkaProducer] (main) [Producer clientId=Producer-topic-81031968_85b3_42fb_841d_3cee3ab7b8cb] Instantiated an idempotent producer.
2025-08-07 12:24:41,240 INFO  [org.apa.kaf.cli.pro.ProducerConfig] (main) These configurations '[apicurio.registry.url, apicurio.registry.artifact-resolver-strategy]' were supplied but are not used yet.
2025-08-07 12:24:41,240 INFO  [org.apa.kaf.com.uti.AppInfoParser] (main) Kafka version: 3.9.1
2025-08-07 12:24:41,240 INFO  [org.apa.kaf.com.uti.AppInfoParser] (main) Kafka commitId: f745dfdcee2b9851
2025-08-07 12:24:41,240 INFO  [org.apa.kaf.com.uti.AppInfoParser] (main) Kafka startTimeMs: 1754569481240
2025-08-07 12:24:41,241 INFO  [io.api.tes.ser.api.KafkaSerdesTester] (Thread-729) Sending message {"keyB": "value-0"} to topic topic-81031968_85b3_42fb_841d_3cee3ab7b8cb
2025-08-07 12:24:41,248 WARN  [org.apa.kaf.cli.NetworkClient] (kafka-producer-network-thread | Producer-topic-81031968_85b3_42fb_841d_3cee3ab7b8cb) [Producer clientId=Producer-topic-81031968_85b3_42fb_841d_3cee3ab7b8cb] The metadata response from the cluster reported a recoverable issue with correlation id 1 : {topic-81031968_85b3_42fb_841d_3cee3ab7b8cb=UNKNOWN_TOPIC_OR_PARTITION}
2025-08-07 12:24:41,248 INFO  [org.apa.kaf.cli.Metadata] (kafka-producer-network-thread | Producer-topic-81031968_85b3_42fb_841d_3cee3ab7b8cb) [Producer clientId=Producer-topic-81031968_85b3_42fb_841d_3cee3ab7b8cb] Cluster ID: ewOXMZdKQImtr4eZTn3eAw
2025-08-07 12:24:41,248 INFO  [org.apa.kaf.cli.pro.int.TransactionManager] (kafka-producer-network-thread | Producer-topic-81031968_85b3_42fb_841d_3cee3ab7b8cb) [Producer clientId=Producer-topic-81031968_85b3_42fb_841d_3cee3ab7b8cb] ProducerId set to 22 with epoch 0
2025-08-07 12:24:41,367 INFO  [DefaultSchemaResolver] (Thread-729) Retrieving schema content using string: {"type":"record","name":"myrecord","namespace":"mygroup","fields":[{"name":"keyB","type":"string"}]}
2025-08-07 12:24:41,544 INFO  [org.apa.kaf.cli.pro.KafkaProducer] (Thread-729) [Producer clientId=Producer-topic-81031968_85b3_42fb_841d_3cee3ab7b8cb] Closing the Kafka producer with timeoutMillis = 9223372036854775807 ms.
2025-08-07 12:24:41,547 INFO  [org.apa.kaf.com.met.Metrics] (Thread-729) Metrics scheduler closed
2025-08-07 12:24:41,547 INFO  [org.apa.kaf.com.met.Metrics] (Thread-729) Closing reporter org.apache.kafka.common.metrics.JmxReporter
2025-08-07 12:24:41,547 INFO  [org.apa.kaf.com.met.Metrics] (Thread-729) Closing reporter org.apache.kafka.common.telemetry.internals.ClientTelemetryReporter
2025-08-07 12:24:41,547 INFO  [org.apa.kaf.com.met.Metrics] (Thread-729) Metrics reporters closed
2025-08-07 12:24:41,550 INFO  [org.apa.kaf.com.uti.AppInfoParser] (Thread-729) App info kafka.producer for Producer-topic-81031968_85b3_42fb_841d_3cee3ab7b8cb unregistered
2025-08-07 12:24:41,551 INFO  [org.ecl.jet.ser.Server] (main) Stopped Server@77e03d01{STOPPING}[11.0.15,sto=1000]
2025-08-07 12:24:41,551 INFO  [org.ecl.jet.ser.Server] (main) Shutdown Server@77e03d01{STOPPING}[11.0.15,sto=1000]
2025-08-07 12:24:41,555 INFO  [org.ecl.jet.ser.AbstractConnector] (main) Stopped NetworkTrafficServerConnector@192b9e35{HTTP/1.1, (http/1.1, h2c)}{0.0.0.0:0}
2025-08-07 12:24:41,557 INFO  [org.ecl.jet.ser.han.ContextHandler] (main) Stopped o.e.j.s.ServletContextHandler@9628240{/,null,STOPPED}
2025-08-07 12:24:41,557 INFO  [org.ecl.jet.ser.han.ContextHandler] (main) Stopped o.e.j.s.ServletContextHandler@2c1e4d9e{/__admin,null,STOPPED}
2025-08-07 12:24:41,560 INFO  [io.api.tes.uti.TestSeparator] (main) io.apicurio.tests.serdes.apicurio.AvroSerdeIT.testFirstRequestFailsRateLimited-FINISHED
2025-08-07 12:24:41,560 INFO  [io.api.tes.uti.TestSeparator] (main) ############################################################################
Test passed: testFirstRequestFailsRateLimited
]]></system-out>
    <system-err><![CDATA[com.microsoft.kiota.ApiException: the server returned an unexpected status code and no error class is registered for this code 429
	at com.microsoft.kiota.ApiExceptionBuilder.withMessage(ApiExceptionBuilder.java:45)
	at io.kiota.http.vertx.VertXRequestAdapter.throwIfFailedResponse(VertXRequestAdapter.java:370)
	at io.kiota.http.vertx.VertXRequestAdapter.send(VertXRequestAdapter.java:170)
	at io.apicurio.registry.rest.client.search.versions.VersionsRequestBuilder.post(VersionsRequestBuilder.java:94)
	at io.apicurio.registry.resolver.client.RegistryClientFacadeImpl.searchVersionsByContent(RegistryClientFacadeImpl.java:106)
	at io.apicurio.registry.resolver.DefaultSchemaResolver.lambda$handleResolveSchemaByContent$3(DefaultSchemaResolver.java:258)
	at io.apicurio.registry.resolver.cache.ERCache.lambda$getValue$0(ERCache.java:174)
	at io.apicurio.registry.resolver.cache.ERCache.retry(ERCache.java:227)
	at io.apicurio.registry.resolver.cache.ERCache.getValue(ERCache.java:173)
	at io.apicurio.registry.resolver.cache.ERCache.getByContent(ERCache.java:147)
	at io.apicurio.registry.resolver.DefaultSchemaResolver.handleResolveSchemaByContent(DefaultSchemaResolver.java:253)
	at io.apicurio.registry.resolver.DefaultSchemaResolver.getSchemaFromRegistry(DefaultSchemaResolver.java:138)
	at io.apicurio.registry.resolver.DefaultSchemaResolver.lambda$resolveSchema$0(DefaultSchemaResolver.java:84)
	at java.base/java.util.Optional.orElseGet(Optional.java:364)
	at io.apicurio.registry.resolver.DefaultSchemaResolver.resolveSchema(DefaultSchemaResolver.java:84)
	at io.apicurio.registry.serde.AbstractSerializer.serializeData(AbstractSerializer.java:62)
	at io.apicurio.registry.serde.KafkaSerializer.serialize(KafkaSerializer.java:77)
	at org.apache.kafka.clients.producer.KafkaProducer.doSend(KafkaProducer.java:1046)
	at org.apache.kafka.clients.producer.KafkaProducer.send(KafkaProducer.java:993)
	at org.apache.kafka.clients.producer.KafkaProducer.send(KafkaProducer.java:875)
	at io.apicurio.tests.serdes.apicurio.KafkaSerdesTester.lambda$produceMessages$3(KafkaSerdesTester.java:138)
	at java.base/java.util.concurrent.CompletableFuture$AsyncSupply.run(CompletableFuture.java:1768)
	at java.base/java.lang.Thread.run(Thread.java:840)
]]></system-err>
  </testcase>
  <testcase name="testFirstEmptyFieldConfusedAsMagicByte" classname="io.apicurio.tests.serdes.apicurio.AvroSerdeIT" time="4.337">
    <system-out><![CDATA[2025-08-07 12:24:41,563 INFO  [io.api.tes.uti.TestSeparator] (main) ############################################################################
2025-08-07 12:24:41,563 INFO  [io.api.tes.uti.TestSeparator] (main) io.apicurio.tests.serdes.apicurio.AvroSerdeIT.testFirstEmptyFieldConfusedAsMagicByte-STARTED
**** Registry Base URL: http://registry-app-pg17.apps.ci419.apicurio-testing.org:80
2025-08-07 12:24:41,567 INFO  [org.apa.kaf.cli.pro.ProducerConfig] (main) ProducerConfig values: 
	acks = -1
	auto.include.jmx.reporter = true
	batch.size = 16384
	bootstrap.servers = [PLAINTEXT://localhost:32769]
	buffer.memory = 33554432
	client.dns.lookup = use_all_dns_ips
	client.id = Producer-topic-36e3b9cb_9ceb_409d_bd19_bf62bf3b19c8
	compression.gzip.level = -1
	compression.lz4.level = 9
	compression.type = none
	compression.zstd.level = 3
	connections.max.idle.ms = 10000
	delivery.timeout.ms = 120000
	enable.idempotence = true
	enable.metrics.push = true
	interceptor.classes = []
	key.serializer = class org.apache.kafka.common.serialization.StringSerializer
	linger.ms = 0
	max.block.ms = 60000
	max.in.flight.requests.per.connection = 5
	max.request.size = 1048576
	metadata.max.age.ms = 300000
	metadata.max.idle.ms = 300000
	metadata.recovery.strategy = none
	metric.reporters = []
	metrics.num.samples = 2
	metrics.recording.level = INFO
	metrics.sample.window.ms = 30000
	partitioner.adaptive.partitioning.enable = true
	partitioner.availability.timeout.ms = 0
	partitioner.class = null
	partitioner.ignore.keys = false
	receive.buffer.bytes = 32768
	reconnect.backoff.max.ms = 1000
	reconnect.backoff.ms = 50
	request.timeout.ms = 5000
	retries = 2147483647
	retry.backoff.max.ms = 1000
	retry.backoff.ms = 100
	sasl.client.callback.handler.class = null
	sasl.jaas.config = null
	sasl.kerberos.kinit.cmd = /usr/bin/kinit
	sasl.kerberos.min.time.before.relogin = 60000
	sasl.kerberos.service.name = null
	sasl.kerberos.ticket.renew.jitter = 0.05
	sasl.kerberos.ticket.renew.window.factor = 0.8
	sasl.login.callback.handler.class = null
	sasl.login.class = null
	sasl.login.connect.timeout.ms = null
	sasl.login.read.timeout.ms = null
	sasl.login.refresh.buffer.seconds = 300
	sasl.login.refresh.min.period.seconds = 60
	sasl.login.refresh.window.factor = 0.8
	sasl.login.refresh.window.jitter = 0.05
	sasl.login.retry.backoff.max.ms = 10000
	sasl.login.retry.backoff.ms = 100
	sasl.mechanism = GSSAPI
	sasl.oauthbearer.clock.skew.seconds = 30
	sasl.oauthbearer.expected.audience = null
	sasl.oauthbearer.expected.issuer = null
	sasl.oauthbearer.header.urlencode = false
	sasl.oauthbearer.jwks.endpoint.refresh.ms = 3600000
	sasl.oauthbearer.jwks.endpoint.retry.backoff.max.ms = 10000
	sasl.oauthbearer.jwks.endpoint.retry.backoff.ms = 100
	sasl.oauthbearer.jwks.endpoint.url = null
	sasl.oauthbearer.scope.claim.name = scope
	sasl.oauthbearer.sub.claim.name = sub
	sasl.oauthbearer.token.endpoint.url = null
	security.protocol = PLAINTEXT
	security.providers = null
	send.buffer.bytes = 131072
	socket.connection.setup.timeout.max.ms = 30000
	socket.connection.setup.timeout.ms = 10000
	ssl.cipher.suites = null
	ssl.enabled.protocols = [TLSv1.2, TLSv1.3]
	ssl.endpoint.identification.algorithm = https
	ssl.engine.factory.class = null
	ssl.key.password = null
	ssl.keymanager.algorithm = SunX509
	ssl.keystore.certificate.chain = null
	ssl.keystore.key = null
	ssl.keystore.location = null
	ssl.keystore.password = null
	ssl.keystore.type = JKS
	ssl.protocol = TLSv1.3
	ssl.provider = null
	ssl.secure.random.implementation = null
	ssl.trustmanager.algorithm = PKIX
	ssl.truststore.certificates = null
	ssl.truststore.location = null
	ssl.truststore.password = null
	ssl.truststore.type = JKS
	transaction.timeout.ms = 60000
	transactional.id = null
	value.serializer = class io.apicurio.registry.serde.avro.AvroKafkaSerializer

2025-08-07 12:24:41,567 INFO  [org.apa.kaf.com.tel.int.KafkaMetricsCollector] (main) initializing Kafka metrics collector
2025-08-07 12:24:41,571 INFO  [org.apa.kaf.cli.pro.KafkaProducer] (main) [Producer clientId=Producer-topic-36e3b9cb_9ceb_409d_bd19_bf62bf3b19c8] Instantiated an idempotent producer.
2025-08-07 12:24:41,572 INFO  [org.apa.kaf.cli.pro.ProducerConfig] (main) These configurations '[apicurio.registry.url, apicurio.registry.auto-register, apicurio.registry.artifact-resolver-strategy]' were supplied but are not used yet.
2025-08-07 12:24:41,573 INFO  [org.apa.kaf.com.uti.AppInfoParser] (main) Kafka version: 3.9.1
2025-08-07 12:24:41,573 INFO  [org.apa.kaf.com.uti.AppInfoParser] (main) Kafka commitId: f745dfdcee2b9851
2025-08-07 12:24:41,573 INFO  [org.apa.kaf.com.uti.AppInfoParser] (main) Kafka startTimeMs: 1754569481572
2025-08-07 12:24:41,573 INFO  [io.api.tes.ser.api.SimpleSerdesTesterBuilder$SimpleSerdesTester] (main) Using producer configuration: {apicurio.registry.url=http://registry-app-pg17.apps.ci419.apicurio-testing.org:80/apis/registry/v3, apicurio.registry.auto-register=true, apicurio.registry.artifact-resolver-strategy=io.apicurio.registry.serde.strategy.SimpleTopicIdStrategy, value.serializer=io.apicurio.registry.serde.avro.AvroKafkaSerializer, request.timeout.ms=5000, acks=all, bootstrap.servers=PLAINTEXT://localhost:32769, connections.max.idle.ms=10000, key.serializer=org.apache.kafka.common.serialization.StringSerializer, client.id=Producer-topic-36e3b9cb_9ceb_409d_bd19_bf62bf3b19c8}
2025-08-07 12:24:41,573 INFO  [io.api.tes.ser.api.SimpleSerdesTesterBuilder$SimpleSerdesTester] (main) Using consumer configuration: {}
2025-08-07 12:24:41,579 INFO  [io.api.tes.ser.api.KafkaSerdesTester] (Thread-732) Sending message {"username": null} to topic topic-36e3b9cb_9ceb_409d_bd19_bf62bf3b19c8
2025-08-07 12:24:41,580 INFO  [org.apa.kaf.cli.Metadata] (kafka-producer-network-thread | Producer-topic-36e3b9cb_9ceb_409d_bd19_bf62bf3b19c8) [Producer clientId=Producer-topic-36e3b9cb_9ceb_409d_bd19_bf62bf3b19c8] Cluster ID: ewOXMZdKQImtr4eZTn3eAw
2025-08-07 12:24:41,581 INFO  [org.apa.kaf.cli.pro.int.TransactionManager] (kafka-producer-network-thread | Producer-topic-36e3b9cb_9ceb_409d_bd19_bf62bf3b19c8) [Producer clientId=Producer-topic-36e3b9cb_9ceb_409d_bd19_bf62bf3b19c8] ProducerId set to 23 with epoch 0
2025-08-07 12:24:41,789 INFO  [io.api.tes.ser.api.KafkaSerdesTester] (Thread-732) Sending message {"username": null} to topic topic-36e3b9cb_9ceb_409d_bd19_bf62bf3b19c8
2025-08-07 12:24:41,792 INFO  [io.api.tes.ser.api.KafkaSerdesTester] (Thread-732) Sending message {"username": "value-2"} to topic topic-36e3b9cb_9ceb_409d_bd19_bf62bf3b19c8
2025-08-07 12:24:41,793 INFO  [io.api.tes.ser.api.KafkaSerdesTester] (Thread-732) Sending message {"username": null} to topic topic-36e3b9cb_9ceb_409d_bd19_bf62bf3b19c8
2025-08-07 12:24:41,799 INFO  [io.api.tes.ser.api.KafkaSerdesTester] (Thread-732) Sending message {"username": "value-4"} to topic topic-36e3b9cb_9ceb_409d_bd19_bf62bf3b19c8
2025-08-07 12:24:41,800 INFO  [io.api.tes.ser.api.KafkaSerdesTester] (Thread-732) Sending message {"username": null} to topic topic-36e3b9cb_9ceb_409d_bd19_bf62bf3b19c8
2025-08-07 12:24:41,804 INFO  [io.api.tes.ser.api.KafkaSerdesTester] (Thread-732) Sending message {"username": "value-6"} to topic topic-36e3b9cb_9ceb_409d_bd19_bf62bf3b19c8
2025-08-07 12:24:41,808 INFO  [io.api.tes.ser.api.KafkaSerdesTester] (Thread-732) Sending message {"username": null} to topic topic-36e3b9cb_9ceb_409d_bd19_bf62bf3b19c8
2025-08-07 12:24:41,812 INFO  [io.api.tes.ser.api.KafkaSerdesTester] (Thread-732) Sending message {"username": "value-8"} to topic topic-36e3b9cb_9ceb_409d_bd19_bf62bf3b19c8
2025-08-07 12:24:41,816 INFO  [io.api.tes.ser.api.KafkaSerdesTester] (Thread-732) Sending message {"username": null} to topic topic-36e3b9cb_9ceb_409d_bd19_bf62bf3b19c8
2025-08-07 12:24:41,817 INFO  [io.api.tes.ser.api.KafkaSerdesTester] (Thread-732) Produced 10 messages
2025-08-07 12:24:41,817 INFO  [org.apa.kaf.cli.pro.KafkaProducer] (Thread-732) [Producer clientId=Producer-topic-36e3b9cb_9ceb_409d_bd19_bf62bf3b19c8] Closing the Kafka producer with timeoutMillis = 9223372036854775807 ms.
2025-08-07 12:24:41,822 INFO  [org.apa.kaf.com.met.Metrics] (Thread-732) Metrics scheduler closed
2025-08-07 12:24:41,822 INFO  [org.apa.kaf.com.met.Metrics] (Thread-732) Closing reporter org.apache.kafka.common.metrics.JmxReporter
2025-08-07 12:24:41,822 INFO  [org.apa.kaf.com.met.Metrics] (Thread-732) Closing reporter org.apache.kafka.common.telemetry.internals.ClientTelemetryReporter
2025-08-07 12:24:41,822 INFO  [org.apa.kaf.com.met.Metrics] (Thread-732) Metrics reporters closed
2025-08-07 12:24:41,822 INFO  [org.apa.kaf.com.uti.AppInfoParser] (Thread-732) App info kafka.producer for Producer-topic-36e3b9cb_9ceb_409d_bd19_bf62bf3b19c8 unregistered
**** Registry Base URL: http://registry-app-pg17.apps.ci419.apicurio-testing.org:80
2025-08-07 12:24:42,073 INFO  [org.apa.kaf.cli.con.ConsumerConfig] (main) ConsumerConfig values: 
	allow.auto.create.topics = true
	auto.commit.interval.ms = 500
	auto.include.jmx.reporter = true
	auto.offset.reset = earliest
	bootstrap.servers = [PLAINTEXT://localhost:32769]
	check.crcs = true
	client.dns.lookup = use_all_dns_ips
	client.id = consumer-Consumer-topic-36e3b9cb_9ceb_409d_bd19_bf62bf3b19c8-17
	client.rack = 
	connections.max.idle.ms = 10000
	default.api.timeout.ms = 60000
	enable.auto.commit = true
	enable.metrics.push = true
	exclude.internal.topics = true
	fetch.max.bytes = 52428800
	fetch.max.wait.ms = 500
	fetch.min.bytes = 1
	group.id = Consumer-topic-36e3b9cb_9ceb_409d_bd19_bf62bf3b19c8
	group.instance.id = null
	group.protocol = classic
	group.remote.assignor = null
	heartbeat.interval.ms = 3000
	interceptor.classes = []
	internal.leave.group.on.close = true
	internal.throw.on.fetch.stable.offset.unsupported = false
	isolation.level = read_uncommitted
	key.deserializer = class org.apache.kafka.common.serialization.StringDeserializer
	max.partition.fetch.bytes = 1048576
	max.poll.interval.ms = 300000
	max.poll.records = 500
	metadata.max.age.ms = 300000
	metadata.recovery.strategy = none
	metric.reporters = []
	metrics.num.samples = 2
	metrics.recording.level = INFO
	metrics.sample.window.ms = 30000
	partition.assignment.strategy = [class org.apache.kafka.clients.consumer.RangeAssignor, class org.apache.kafka.clients.consumer.CooperativeStickyAssignor]
	receive.buffer.bytes = 65536
	reconnect.backoff.max.ms = 1000
	reconnect.backoff.ms = 50
	request.timeout.ms = 5000
	retry.backoff.max.ms = 1000
	retry.backoff.ms = 100
	sasl.client.callback.handler.class = null
	sasl.jaas.config = null
	sasl.kerberos.kinit.cmd = /usr/bin/kinit
	sasl.kerberos.min.time.before.relogin = 60000
	sasl.kerberos.service.name = null
	sasl.kerberos.ticket.renew.jitter = 0.05
	sasl.kerberos.ticket.renew.window.factor = 0.8
	sasl.login.callback.handler.class = null
	sasl.login.class = null
	sasl.login.connect.timeout.ms = null
	sasl.login.read.timeout.ms = null
	sasl.login.refresh.buffer.seconds = 300
	sasl.login.refresh.min.period.seconds = 60
	sasl.login.refresh.window.factor = 0.8
	sasl.login.refresh.window.jitter = 0.05
	sasl.login.retry.backoff.max.ms = 10000
	sasl.login.retry.backoff.ms = 100
	sasl.mechanism = GSSAPI
	sasl.oauthbearer.clock.skew.seconds = 30
	sasl.oauthbearer.expected.audience = null
	sasl.oauthbearer.expected.issuer = null
	sasl.oauthbearer.header.urlencode = false
	sasl.oauthbearer.jwks.endpoint.refresh.ms = 3600000
	sasl.oauthbearer.jwks.endpoint.retry.backoff.max.ms = 10000
	sasl.oauthbearer.jwks.endpoint.retry.backoff.ms = 100
	sasl.oauthbearer.jwks.endpoint.url = null
	sasl.oauthbearer.scope.claim.name = scope
	sasl.oauthbearer.sub.claim.name = sub
	sasl.oauthbearer.token.endpoint.url = null
	security.protocol = PLAINTEXT
	security.providers = null
	send.buffer.bytes = 131072
	session.timeout.ms = 45000
	socket.connection.setup.timeout.max.ms = 30000
	socket.connection.setup.timeout.ms = 10000
	ssl.cipher.suites = null
	ssl.enabled.protocols = [TLSv1.2, TLSv1.3]
	ssl.endpoint.identification.algorithm = https
	ssl.engine.factory.class = null
	ssl.key.password = null
	ssl.keymanager.algorithm = SunX509
	ssl.keystore.certificate.chain = null
	ssl.keystore.key = null
	ssl.keystore.location = null
	ssl.keystore.password = null
	ssl.keystore.type = JKS
	ssl.protocol = TLSv1.3
	ssl.provider = null
	ssl.secure.random.implementation = null
	ssl.trustmanager.algorithm = PKIX
	ssl.truststore.certificates = null
	ssl.truststore.location = null
	ssl.truststore.password = null
	ssl.truststore.type = JKS
	value.deserializer = class io.apicurio.registry.serde.avro.AvroKafkaDeserializer

2025-08-07 12:24:42,073 INFO  [org.apa.kaf.com.tel.int.KafkaMetricsCollector] (main) initializing Kafka metrics collector
2025-08-07 12:24:42,081 INFO  [org.apa.kaf.cli.con.ConsumerConfig] (main) These configurations '[apicurio.registry.url]' were supplied but are not used yet.
2025-08-07 12:24:42,081 INFO  [org.apa.kaf.com.uti.AppInfoParser] (main) Kafka version: 3.9.1
2025-08-07 12:24:42,081 INFO  [org.apa.kaf.com.uti.AppInfoParser] (main) Kafka commitId: f745dfdcee2b9851
2025-08-07 12:24:42,081 INFO  [org.apa.kaf.com.uti.AppInfoParser] (main) Kafka startTimeMs: 1754569482081
2025-08-07 12:24:42,082 INFO  [org.apa.kaf.cli.con.int.ClassicKafkaConsumer] (Thread-735) [Consumer clientId=consumer-Consumer-topic-36e3b9cb_9ceb_409d_bd19_bf62bf3b19c8-17, groupId=Consumer-topic-36e3b9cb_9ceb_409d_bd19_bf62bf3b19c8] Subscribed to topic(s): topic-36e3b9cb_9ceb_409d_bd19_bf62bf3b19c8
2025-08-07 12:24:42,088 INFO  [org.apa.kaf.cli.Metadata] (Thread-735) [Consumer clientId=consumer-Consumer-topic-36e3b9cb_9ceb_409d_bd19_bf62bf3b19c8-17, groupId=Consumer-topic-36e3b9cb_9ceb_409d_bd19_bf62bf3b19c8] Cluster ID: ewOXMZdKQImtr4eZTn3eAw
2025-08-07 12:24:42,089 INFO  [org.apa.kaf.cli.con.int.ConsumerCoordinator] (Thread-735) [Consumer clientId=consumer-Consumer-topic-36e3b9cb_9ceb_409d_bd19_bf62bf3b19c8-17, groupId=Consumer-topic-36e3b9cb_9ceb_409d_bd19_bf62bf3b19c8] Discovered group coordinator localhost:32769 (id: 2147483647 rack: null)
2025-08-07 12:24:42,090 INFO  [org.apa.kaf.cli.con.int.ConsumerCoordinator] (Thread-735) [Consumer clientId=consumer-Consumer-topic-36e3b9cb_9ceb_409d_bd19_bf62bf3b19c8-17, groupId=Consumer-topic-36e3b9cb_9ceb_409d_bd19_bf62bf3b19c8] (Re-)joining group
2025-08-07 12:24:42,094 INFO  [org.apa.kaf.cli.con.int.ConsumerCoordinator] (Thread-735) [Consumer clientId=consumer-Consumer-topic-36e3b9cb_9ceb_409d_bd19_bf62bf3b19c8-17, groupId=Consumer-topic-36e3b9cb_9ceb_409d_bd19_bf62bf3b19c8] Request joining group due to: need to re-join with the given member-id: consumer-Consumer-topic-36e3b9cb_9ceb_409d_bd19_bf62bf3b19c8-17-4ac163a7-41c8-4080-ac0f-7d1ab44cfef6
2025-08-07 12:24:42,094 INFO  [org.apa.kaf.cli.con.int.ConsumerCoordinator] (Thread-735) [Consumer clientId=consumer-Consumer-topic-36e3b9cb_9ceb_409d_bd19_bf62bf3b19c8-17, groupId=Consumer-topic-36e3b9cb_9ceb_409d_bd19_bf62bf3b19c8] (Re-)joining group
2025-08-07 12:24:43,082 INFO  [io.api.tes.ser.api.KafkaSerdesTester] (Thread-735) None found
2025-08-07 12:24:44,082 INFO  [io.api.tes.ser.api.KafkaSerdesTester] (Thread-735) None found
2025-08-07 12:24:45,082 INFO  [io.api.tes.ser.api.KafkaSerdesTester] (Thread-735) None found
2025-08-07 12:24:45,096 INFO  [org.apa.kaf.cli.con.int.ConsumerCoordinator] (Thread-735) [Consumer clientId=consumer-Consumer-topic-36e3b9cb_9ceb_409d_bd19_bf62bf3b19c8-17, groupId=Consumer-topic-36e3b9cb_9ceb_409d_bd19_bf62bf3b19c8] Successfully joined group with generation Generation{generationId=1, memberId='consumer-Consumer-topic-36e3b9cb_9ceb_409d_bd19_bf62bf3b19c8-17-4ac163a7-41c8-4080-ac0f-7d1ab44cfef6', protocol='range'}
2025-08-07 12:24:45,097 INFO  [org.apa.kaf.cli.con.int.ConsumerCoordinator] (Thread-735) [Consumer clientId=consumer-Consumer-topic-36e3b9cb_9ceb_409d_bd19_bf62bf3b19c8-17, groupId=Consumer-topic-36e3b9cb_9ceb_409d_bd19_bf62bf3b19c8] Finished assignment for group at generation 1: {consumer-Consumer-topic-36e3b9cb_9ceb_409d_bd19_bf62bf3b19c8-17-4ac163a7-41c8-4080-ac0f-7d1ab44cfef6=Assignment(partitions=[topic-36e3b9cb_9ceb_409d_bd19_bf62bf3b19c8-0])}
2025-08-07 12:24:45,103 INFO  [org.apa.kaf.cli.con.int.ConsumerCoordinator] (Thread-735) [Consumer clientId=consumer-Consumer-topic-36e3b9cb_9ceb_409d_bd19_bf62bf3b19c8-17, groupId=Consumer-topic-36e3b9cb_9ceb_409d_bd19_bf62bf3b19c8] Successfully synced group in generation Generation{generationId=1, memberId='consumer-Consumer-topic-36e3b9cb_9ceb_409d_bd19_bf62bf3b19c8-17-4ac163a7-41c8-4080-ac0f-7d1ab44cfef6', protocol='range'}
2025-08-07 12:24:45,104 INFO  [org.apa.kaf.cli.con.int.ConsumerCoordinator] (Thread-735) [Consumer clientId=consumer-Consumer-topic-36e3b9cb_9ceb_409d_bd19_bf62bf3b19c8-17, groupId=Consumer-topic-36e3b9cb_9ceb_409d_bd19_bf62bf3b19c8] Notifying assignor about the new Assignment(partitions=[topic-36e3b9cb_9ceb_409d_bd19_bf62bf3b19c8-0])
2025-08-07 12:24:45,104 INFO  [org.apa.kaf.cli.con.int.ConsumerRebalanceListenerInvoker] (Thread-735) [Consumer clientId=consumer-Consumer-topic-36e3b9cb_9ceb_409d_bd19_bf62bf3b19c8-17, groupId=Consumer-topic-36e3b9cb_9ceb_409d_bd19_bf62bf3b19c8] Adding newly assigned partitions: topic-36e3b9cb_9ceb_409d_bd19_bf62bf3b19c8-0
2025-08-07 12:24:45,105 INFO  [org.apa.kaf.cli.con.int.ConsumerCoordinator] (Thread-735) [Consumer clientId=consumer-Consumer-topic-36e3b9cb_9ceb_409d_bd19_bf62bf3b19c8-17, groupId=Consumer-topic-36e3b9cb_9ceb_409d_bd19_bf62bf3b19c8] Found no committed offset for partition topic-36e3b9cb_9ceb_409d_bd19_bf62bf3b19c8-0
2025-08-07 12:24:45,108 INFO  [org.apa.kaf.cli.con.int.SubscriptionState] (Thread-735) [Consumer clientId=consumer-Consumer-topic-36e3b9cb_9ceb_409d_bd19_bf62bf3b19c8-17, groupId=Consumer-topic-36e3b9cb_9ceb_409d_bd19_bf62bf3b19c8] Resetting offset for partition topic-36e3b9cb_9ceb_409d_bd19_bf62bf3b19c8-0 to position FetchPosition{offset=0, offsetEpoch=Optional.empty, currentLeader=LeaderAndEpoch{leader=Optional[localhost:32769 (id: 0 rack: null)], epoch=0}}.
2025-08-07 12:24:45,393 INFO  [io.api.tes.ser.api.KafkaSerdesTester] (Thread-735) topic-36e3b9cb_9ceb_409d_bd19_bf62bf3b19c8 0 0 {"username": null}
2025-08-07 12:24:45,393 INFO  [io.api.tes.ser.api.KafkaSerdesTester] (Thread-735) topic-36e3b9cb_9ceb_409d_bd19_bf62bf3b19c8 0 1 {"username": null}
2025-08-07 12:24:45,393 INFO  [io.api.tes.ser.api.KafkaSerdesTester] (Thread-735) topic-36e3b9cb_9ceb_409d_bd19_bf62bf3b19c8 0 2 {"username": "value-2"}
2025-08-07 12:24:45,393 INFO  [io.api.tes.ser.api.KafkaSerdesTester] (Thread-735) topic-36e3b9cb_9ceb_409d_bd19_bf62bf3b19c8 0 3 {"username": null}
2025-08-07 12:24:45,393 INFO  [io.api.tes.ser.api.KafkaSerdesTester] (Thread-735) topic-36e3b9cb_9ceb_409d_bd19_bf62bf3b19c8 0 4 {"username": "value-4"}
2025-08-07 12:24:45,393 INFO  [io.api.tes.ser.api.KafkaSerdesTester] (Thread-735) topic-36e3b9cb_9ceb_409d_bd19_bf62bf3b19c8 0 5 {"username": null}
2025-08-07 12:24:45,393 INFO  [io.api.tes.ser.api.KafkaSerdesTester] (Thread-735) topic-36e3b9cb_9ceb_409d_bd19_bf62bf3b19c8 0 6 {"username": "value-6"}
2025-08-07 12:24:45,393 INFO  [io.api.tes.ser.api.KafkaSerdesTester] (Thread-735) topic-36e3b9cb_9ceb_409d_bd19_bf62bf3b19c8 0 7 {"username": null}
2025-08-07 12:24:45,393 INFO  [io.api.tes.ser.api.KafkaSerdesTester] (Thread-735) topic-36e3b9cb_9ceb_409d_bd19_bf62bf3b19c8 0 8 {"username": "value-8"}
2025-08-07 12:24:45,393 INFO  [io.api.tes.ser.api.KafkaSerdesTester] (Thread-735) topic-36e3b9cb_9ceb_409d_bd19_bf62bf3b19c8 0 9 {"username": null}
2025-08-07 12:24:45,394 INFO  [io.api.tes.ser.api.KafkaSerdesTester] (Thread-735) Consumed 10 messages
2025-08-07 12:24:45,401 INFO  [org.apa.kaf.cli.con.int.ConsumerRebalanceListenerInvoker] (Thread-735) [Consumer clientId=consumer-Consumer-topic-36e3b9cb_9ceb_409d_bd19_bf62bf3b19c8-17, groupId=Consumer-topic-36e3b9cb_9ceb_409d_bd19_bf62bf3b19c8] Revoke previously assigned partitions topic-36e3b9cb_9ceb_409d_bd19_bf62bf3b19c8-0
2025-08-07 12:24:45,401 INFO  [org.apa.kaf.cli.con.int.ConsumerCoordinator] (Thread-735) [Consumer clientId=consumer-Consumer-topic-36e3b9cb_9ceb_409d_bd19_bf62bf3b19c8-17, groupId=Consumer-topic-36e3b9cb_9ceb_409d_bd19_bf62bf3b19c8] Member consumer-Consumer-topic-36e3b9cb_9ceb_409d_bd19_bf62bf3b19c8-17-4ac163a7-41c8-4080-ac0f-7d1ab44cfef6 sending LeaveGroup request to coordinator localhost:32769 (id: 2147483647 rack: null) due to the consumer is being closed
2025-08-07 12:24:45,401 INFO  [org.apa.kaf.cli.con.int.ConsumerCoordinator] (Thread-735) [Consumer clientId=consumer-Consumer-topic-36e3b9cb_9ceb_409d_bd19_bf62bf3b19c8-17, groupId=Consumer-topic-36e3b9cb_9ceb_409d_bd19_bf62bf3b19c8] Resetting generation and member id due to: consumer pro-actively leaving the group
2025-08-07 12:24:45,401 INFO  [org.apa.kaf.cli.con.int.ConsumerCoordinator] (Thread-735) [Consumer clientId=consumer-Consumer-topic-36e3b9cb_9ceb_409d_bd19_bf62bf3b19c8-17, groupId=Consumer-topic-36e3b9cb_9ceb_409d_bd19_bf62bf3b19c8] Request joining group due to: consumer pro-actively leaving the group
2025-08-07 12:24:45,895 INFO  [org.apa.kaf.com.met.Metrics] (Thread-735) Metrics scheduler closed
2025-08-07 12:24:45,895 INFO  [org.apa.kaf.com.met.Metrics] (Thread-735) Closing reporter org.apache.kafka.common.metrics.JmxReporter
2025-08-07 12:24:45,895 INFO  [org.apa.kaf.com.met.Metrics] (Thread-735) Closing reporter org.apache.kafka.common.telemetry.internals.ClientTelemetryReporter
2025-08-07 12:24:45,895 INFO  [org.apa.kaf.com.met.Metrics] (Thread-735) Metrics reporters closed
2025-08-07 12:24:45,897 INFO  [org.apa.kaf.com.uti.AppInfoParser] (Thread-735) App info kafka.consumer for consumer-Consumer-topic-36e3b9cb_9ceb_409d_bd19_bf62bf3b19c8-17 unregistered
2025-08-07 12:24:45,898 INFO  [io.api.tes.uti.TestSeparator] (main) io.apicurio.tests.serdes.apicurio.AvroSerdeIT.testFirstEmptyFieldConfusedAsMagicByte-FINISHED
2025-08-07 12:24:45,898 INFO  [io.api.tes.uti.TestSeparator] (main) ############################################################################
Test passed: testFirstEmptyFieldConfusedAsMagicByte
]]></system-out>
  </testcase>
  <testcase name="testAvroSerDesFailDifferentSchemaByContent" classname="io.apicurio.tests.serdes.apicurio.AvroSerdeIT" time="1.454">
    <system-out><![CDATA[2025-08-07 12:24:45,899 INFO  [io.api.tes.uti.TestSeparator] (main) ############################################################################
2025-08-07 12:24:45,899 INFO  [io.api.tes.uti.TestSeparator] (main) io.apicurio.tests.serdes.apicurio.AvroSerdeIT.testAvroSerDesFailDifferentSchemaByContent-STARTED
**** Registry Base URL: http://registry-app-pg17.apps.ci419.apicurio-testing.org:80
2025-08-07 12:24:47,085 INFO  [org.apa.kaf.cli.pro.ProducerConfig] (main) ProducerConfig values: 
	acks = -1
	auto.include.jmx.reporter = true
	batch.size = 16384
	bootstrap.servers = [PLAINTEXT://localhost:32769]
	buffer.memory = 33554432
	client.dns.lookup = use_all_dns_ips
	client.id = Producer-topic-ff25a6ce_3450_443f_9e5b_4facd3d9fa5f
	compression.gzip.level = -1
	compression.lz4.level = 9
	compression.type = none
	compression.zstd.level = 3
	connections.max.idle.ms = 10000
	delivery.timeout.ms = 120000
	enable.idempotence = true
	enable.metrics.push = true
	interceptor.classes = []
	key.serializer = class org.apache.kafka.common.serialization.StringSerializer
	linger.ms = 0
	max.block.ms = 60000
	max.in.flight.requests.per.connection = 5
	max.request.size = 1048576
	metadata.max.age.ms = 300000
	metadata.max.idle.ms = 300000
	metadata.recovery.strategy = none
	metric.reporters = []
	metrics.num.samples = 2
	metrics.recording.level = INFO
	metrics.sample.window.ms = 30000
	partitioner.adaptive.partitioning.enable = true
	partitioner.availability.timeout.ms = 0
	partitioner.class = null
	partitioner.ignore.keys = false
	receive.buffer.bytes = 32768
	reconnect.backoff.max.ms = 1000
	reconnect.backoff.ms = 50
	request.timeout.ms = 5000
	retries = 2147483647
	retry.backoff.max.ms = 1000
	retry.backoff.ms = 100
	sasl.client.callback.handler.class = null
	sasl.jaas.config = null
	sasl.kerberos.kinit.cmd = /usr/bin/kinit
	sasl.kerberos.min.time.before.relogin = 60000
	sasl.kerberos.service.name = null
	sasl.kerberos.ticket.renew.jitter = 0.05
	sasl.kerberos.ticket.renew.window.factor = 0.8
	sasl.login.callback.handler.class = null
	sasl.login.class = null
	sasl.login.connect.timeout.ms = null
	sasl.login.read.timeout.ms = null
	sasl.login.refresh.buffer.seconds = 300
	sasl.login.refresh.min.period.seconds = 60
	sasl.login.refresh.window.factor = 0.8
	sasl.login.refresh.window.jitter = 0.05
	sasl.login.retry.backoff.max.ms = 10000
	sasl.login.retry.backoff.ms = 100
	sasl.mechanism = GSSAPI
	sasl.oauthbearer.clock.skew.seconds = 30
	sasl.oauthbearer.expected.audience = null
	sasl.oauthbearer.expected.issuer = null
	sasl.oauthbearer.header.urlencode = false
	sasl.oauthbearer.jwks.endpoint.refresh.ms = 3600000
	sasl.oauthbearer.jwks.endpoint.retry.backoff.max.ms = 10000
	sasl.oauthbearer.jwks.endpoint.retry.backoff.ms = 100
	sasl.oauthbearer.jwks.endpoint.url = null
	sasl.oauthbearer.scope.claim.name = scope
	sasl.oauthbearer.sub.claim.name = sub
	sasl.oauthbearer.token.endpoint.url = null
	security.protocol = PLAINTEXT
	security.providers = null
	send.buffer.bytes = 131072
	socket.connection.setup.timeout.max.ms = 30000
	socket.connection.setup.timeout.ms = 10000
	ssl.cipher.suites = null
	ssl.enabled.protocols = [TLSv1.2, TLSv1.3]
	ssl.endpoint.identification.algorithm = https
	ssl.engine.factory.class = null
	ssl.key.password = null
	ssl.keymanager.algorithm = SunX509
	ssl.keystore.certificate.chain = null
	ssl.keystore.key = null
	ssl.keystore.location = null
	ssl.keystore.password = null
	ssl.keystore.type = JKS
	ssl.protocol = TLSv1.3
	ssl.provider = null
	ssl.secure.random.implementation = null
	ssl.trustmanager.algorithm = PKIX
	ssl.truststore.certificates = null
	ssl.truststore.location = null
	ssl.truststore.password = null
	ssl.truststore.type = JKS
	transaction.timeout.ms = 60000
	transactional.id = null
	value.serializer = class io.apicurio.registry.serde.avro.AvroKafkaSerializer

2025-08-07 12:24:47,085 INFO  [org.apa.kaf.com.tel.int.KafkaMetricsCollector] (main) initializing Kafka metrics collector
2025-08-07 12:24:47,089 INFO  [org.apa.kaf.cli.pro.KafkaProducer] (main) [Producer clientId=Producer-topic-ff25a6ce_3450_443f_9e5b_4facd3d9fa5f] Instantiated an idempotent producer.
2025-08-07 12:24:47,090 INFO  [org.apa.kaf.cli.pro.ProducerConfig] (main) These configurations '[apicurio.registry.url, apicurio.registry.artifact-resolver-strategy]' were supplied but are not used yet.
2025-08-07 12:24:47,090 INFO  [org.apa.kaf.com.uti.AppInfoParser] (main) Kafka version: 3.9.1
2025-08-07 12:24:47,090 INFO  [org.apa.kaf.com.uti.AppInfoParser] (main) Kafka commitId: f745dfdcee2b9851
2025-08-07 12:24:47,090 INFO  [org.apa.kaf.com.uti.AppInfoParser] (main) Kafka startTimeMs: 1754569487090
2025-08-07 12:24:47,091 INFO  [io.api.tes.ser.api.KafkaSerdesTester] (Thread-738) Sending message {"keyB": "value-0"} to topic topic-ff25a6ce_3450_443f_9e5b_4facd3d9fa5f
2025-08-07 12:24:47,093 INFO  [org.apa.kaf.cli.Metadata] (kafka-producer-network-thread | Producer-topic-ff25a6ce_3450_443f_9e5b_4facd3d9fa5f) [Producer clientId=Producer-topic-ff25a6ce_3450_443f_9e5b_4facd3d9fa5f] Cluster ID: ewOXMZdKQImtr4eZTn3eAw
2025-08-07 12:24:47,093 INFO  [org.apa.kaf.cli.pro.int.TransactionManager] (kafka-producer-network-thread | Producer-topic-ff25a6ce_3450_443f_9e5b_4facd3d9fa5f) [Producer clientId=Producer-topic-ff25a6ce_3450_443f_9e5b_4facd3d9fa5f] ProducerId set to 24 with epoch 0
2025-08-07 12:24:47,094 INFO  [DefaultSchemaResolver] (Thread-738) Retrieving schema content using string: {"type":"record","name":"s6ce7bd7ax1b27x48d8x8b7cx924420702f7f","namespace":"s64627cb0x6218x4044xb4b8x737b9ae47c7f","fields":[{"name":"keyB","type":"string"}]}
2025-08-07 12:24:47,349 INFO  [org.apa.kaf.cli.pro.KafkaProducer] (Thread-738) [Producer clientId=Producer-topic-ff25a6ce_3450_443f_9e5b_4facd3d9fa5f] Closing the Kafka producer with timeoutMillis = 9223372036854775807 ms.
2025-08-07 12:24:47,351 INFO  [org.apa.kaf.com.met.Metrics] (Thread-738) Metrics scheduler closed
2025-08-07 12:24:47,351 INFO  [org.apa.kaf.com.met.Metrics] (Thread-738) Closing reporter org.apache.kafka.common.metrics.JmxReporter
2025-08-07 12:24:47,351 INFO  [org.apa.kaf.com.met.Metrics] (Thread-738) Closing reporter org.apache.kafka.common.telemetry.internals.ClientTelemetryReporter
2025-08-07 12:24:47,351 INFO  [org.apa.kaf.com.met.Metrics] (Thread-738) Metrics reporters closed
2025-08-07 12:24:47,351 INFO  [org.apa.kaf.com.uti.AppInfoParser] (Thread-738) App info kafka.producer for Producer-topic-ff25a6ce_3450_443f_9e5b_4facd3d9fa5f unregistered
2025-08-07 12:24:47,351 INFO  [io.api.tes.uti.TestSeparator] (main) io.apicurio.tests.serdes.apicurio.AvroSerdeIT.testAvroSerDesFailDifferentSchemaByContent-FINISHED
2025-08-07 12:24:47,351 INFO  [io.api.tes.uti.TestSeparator] (main) ############################################################################
Test passed: testAvroSerDesFailDifferentSchemaByContent
]]></system-out>
    <system-err><![CDATA[java.lang.RuntimeException: Could not resolve artifact reference by content: {"type":"record","name":"s6ce7bd7ax1b27x48d8x8b7cx924420702f7f","namespace":"s64627cb0x6218x4044xb4b8x737b9ae47c7f","fields":[{"name":"keyB","type":"string"}]}&ArtifactReference [groupId=s64627cb0x6218x4044xb4b8x737b9ae47c7f, artifactId=s6ce7bd7ax1b27x48d8x8b7cx924420702f7f, version=null, globalId=null, contentId=null, contentHash=null]
	at io.apicurio.registry.resolver.DefaultSchemaResolver.lambda$handleResolveSchemaByContent$3(DefaultSchemaResolver.java:265)
	at io.apicurio.registry.resolver.cache.ERCache.lambda$getValue$0(ERCache.java:174)
	at io.apicurio.registry.resolver.cache.ERCache.retry(ERCache.java:227)
	at io.apicurio.registry.resolver.cache.ERCache.getValue(ERCache.java:173)
	at io.apicurio.registry.resolver.cache.ERCache.getByContent(ERCache.java:147)
	at io.apicurio.registry.resolver.DefaultSchemaResolver.handleResolveSchemaByContent(DefaultSchemaResolver.java:253)
	at io.apicurio.registry.resolver.DefaultSchemaResolver.getSchemaFromRegistry(DefaultSchemaResolver.java:138)
	at io.apicurio.registry.resolver.DefaultSchemaResolver.lambda$resolveSchema$0(DefaultSchemaResolver.java:84)
	at java.base/java.util.Optional.orElseGet(Optional.java:364)
	at io.apicurio.registry.resolver.DefaultSchemaResolver.resolveSchema(DefaultSchemaResolver.java:84)
	at io.apicurio.registry.serde.AbstractSerializer.serializeData(AbstractSerializer.java:62)
	at io.apicurio.registry.serde.KafkaSerializer.serialize(KafkaSerializer.java:77)
	at org.apache.kafka.clients.producer.KafkaProducer.doSend(KafkaProducer.java:1046)
	at org.apache.kafka.clients.producer.KafkaProducer.send(KafkaProducer.java:993)
	at org.apache.kafka.clients.producer.KafkaProducer.send(KafkaProducer.java:875)
	at io.apicurio.tests.serdes.apicurio.KafkaSerdesTester.lambda$produceMessages$3(KafkaSerdesTester.java:138)
	at java.base/java.util.concurrent.CompletableFuture$AsyncSupply.run(CompletableFuture.java:1768)
	at java.base/java.lang.Thread.run(Thread.java:840)
]]></system-err>
  </testcase>
  <testcase name="testGlobalIdInBody" classname="io.apicurio.tests.serdes.apicurio.AvroSerdeIT" time="4.355">
    <system-out><![CDATA[2025-08-07 12:24:47,353 INFO  [io.api.tes.uti.TestSeparator] (main) ############################################################################
2025-08-07 12:24:47,353 INFO  [io.api.tes.uti.TestSeparator] (main) io.apicurio.tests.serdes.apicurio.AvroSerdeIT.testGlobalIdInBody-STARTED
**** Registry Base URL: http://registry-app-pg17.apps.ci419.apicurio-testing.org:80
2025-08-07 12:24:47,358 INFO  [org.apa.kaf.cli.pro.ProducerConfig] (main) ProducerConfig values: 
	acks = -1
	auto.include.jmx.reporter = true
	batch.size = 16384
	bootstrap.servers = [PLAINTEXT://localhost:32769]
	buffer.memory = 33554432
	client.dns.lookup = use_all_dns_ips
	client.id = Producer-topic-5481dc70_81cd_4de3_b9e9_900cc38b0dbf
	compression.gzip.level = -1
	compression.lz4.level = 9
	compression.type = none
	compression.zstd.level = 3
	connections.max.idle.ms = 10000
	delivery.timeout.ms = 120000
	enable.idempotence = true
	enable.metrics.push = true
	interceptor.classes = []
	key.serializer = class org.apache.kafka.common.serialization.StringSerializer
	linger.ms = 0
	max.block.ms = 60000
	max.in.flight.requests.per.connection = 5
	max.request.size = 1048576
	metadata.max.age.ms = 300000
	metadata.max.idle.ms = 300000
	metadata.recovery.strategy = none
	metric.reporters = []
	metrics.num.samples = 2
	metrics.recording.level = INFO
	metrics.sample.window.ms = 30000
	partitioner.adaptive.partitioning.enable = true
	partitioner.availability.timeout.ms = 0
	partitioner.class = null
	partitioner.ignore.keys = false
	receive.buffer.bytes = 32768
	reconnect.backoff.max.ms = 1000
	reconnect.backoff.ms = 50
	request.timeout.ms = 5000
	retries = 2147483647
	retry.backoff.max.ms = 1000
	retry.backoff.ms = 100
	sasl.client.callback.handler.class = null
	sasl.jaas.config = null
	sasl.kerberos.kinit.cmd = /usr/bin/kinit
	sasl.kerberos.min.time.before.relogin = 60000
	sasl.kerberos.service.name = null
	sasl.kerberos.ticket.renew.jitter = 0.05
	sasl.kerberos.ticket.renew.window.factor = 0.8
	sasl.login.callback.handler.class = null
	sasl.login.class = null
	sasl.login.connect.timeout.ms = null
	sasl.login.read.timeout.ms = null
	sasl.login.refresh.buffer.seconds = 300
	sasl.login.refresh.min.period.seconds = 60
	sasl.login.refresh.window.factor = 0.8
	sasl.login.refresh.window.jitter = 0.05
	sasl.login.retry.backoff.max.ms = 10000
	sasl.login.retry.backoff.ms = 100
	sasl.mechanism = GSSAPI
	sasl.oauthbearer.clock.skew.seconds = 30
	sasl.oauthbearer.expected.audience = null
	sasl.oauthbearer.expected.issuer = null
	sasl.oauthbearer.header.urlencode = false
	sasl.oauthbearer.jwks.endpoint.refresh.ms = 3600000
	sasl.oauthbearer.jwks.endpoint.retry.backoff.max.ms = 10000
	sasl.oauthbearer.jwks.endpoint.retry.backoff.ms = 100
	sasl.oauthbearer.jwks.endpoint.url = null
	sasl.oauthbearer.scope.claim.name = scope
	sasl.oauthbearer.sub.claim.name = sub
	sasl.oauthbearer.token.endpoint.url = null
	security.protocol = PLAINTEXT
	security.providers = null
	send.buffer.bytes = 131072
	socket.connection.setup.timeout.max.ms = 30000
	socket.connection.setup.timeout.ms = 10000
	ssl.cipher.suites = null
	ssl.enabled.protocols = [TLSv1.2, TLSv1.3]
	ssl.endpoint.identification.algorithm = https
	ssl.engine.factory.class = null
	ssl.key.password = null
	ssl.keymanager.algorithm = SunX509
	ssl.keystore.certificate.chain = null
	ssl.keystore.key = null
	ssl.keystore.location = null
	ssl.keystore.password = null
	ssl.keystore.type = JKS
	ssl.protocol = TLSv1.3
	ssl.provider = null
	ssl.secure.random.implementation = null
	ssl.trustmanager.algorithm = PKIX
	ssl.truststore.certificates = null
	ssl.truststore.location = null
	ssl.truststore.password = null
	ssl.truststore.type = JKS
	transaction.timeout.ms = 60000
	transactional.id = null
	value.serializer = class io.apicurio.registry.serde.avro.AvroKafkaSerializer

2025-08-07 12:24:47,361 INFO  [org.apa.kaf.com.tel.int.KafkaMetricsCollector] (main) initializing Kafka metrics collector
2025-08-07 12:24:47,364 INFO  [org.apa.kaf.cli.pro.KafkaProducer] (main) [Producer clientId=Producer-topic-5481dc70_81cd_4de3_b9e9_900cc38b0dbf] Instantiated an idempotent producer.
2025-08-07 12:24:47,366 INFO  [org.apa.kaf.cli.pro.ProducerConfig] (main) These configurations '[apicurio.registry.url, apicurio.registry.auto-register, apicurio.registry.use-id, apicurio.registry.artifact-resolver-strategy]' were supplied but are not used yet.
2025-08-07 12:24:47,366 INFO  [org.apa.kaf.com.uti.AppInfoParser] (main) Kafka version: 3.9.1
2025-08-07 12:24:47,366 INFO  [org.apa.kaf.com.uti.AppInfoParser] (main) Kafka commitId: f745dfdcee2b9851
2025-08-07 12:24:47,366 INFO  [org.apa.kaf.com.uti.AppInfoParser] (main) Kafka startTimeMs: 1754569487366
2025-08-07 12:24:47,366 INFO  [io.api.tes.ser.api.SimpleSerdesTesterBuilder$SimpleSerdesTester] (main) Using producer configuration: {apicurio.registry.url=http://registry-app-pg17.apps.ci419.apicurio-testing.org:80/apis/registry/v3, apicurio.registry.auto-register=true, apicurio.registry.use-id=globalId, apicurio.registry.artifact-resolver-strategy=io.apicurio.registry.serde.strategy.TopicIdStrategy, value.serializer=io.apicurio.registry.serde.avro.AvroKafkaSerializer, request.timeout.ms=5000, acks=all, bootstrap.servers=PLAINTEXT://localhost:32769, connections.max.idle.ms=10000, key.serializer=org.apache.kafka.common.serialization.StringSerializer, client.id=Producer-topic-5481dc70_81cd_4de3_b9e9_900cc38b0dbf}
2025-08-07 12:24:47,366 INFO  [io.api.tes.ser.api.SimpleSerdesTesterBuilder$SimpleSerdesTester] (main) Using consumer configuration: {apicurio.registry.use-id=globalId}
2025-08-07 12:24:47,368 INFO  [io.api.tes.ser.api.KafkaSerdesTester] (Thread-741) Sending message {"key11754569487355": "value-0"} to topic topic-5481dc70_81cd_4de3_b9e9_900cc38b0dbf
2025-08-07 12:24:47,371 WARN  [org.apa.kaf.cli.NetworkClient] (kafka-producer-network-thread | Producer-topic-5481dc70_81cd_4de3_b9e9_900cc38b0dbf) [Producer clientId=Producer-topic-5481dc70_81cd_4de3_b9e9_900cc38b0dbf] The metadata response from the cluster reported a recoverable issue with correlation id 1 : {topic-5481dc70_81cd_4de3_b9e9_900cc38b0dbf=UNKNOWN_TOPIC_OR_PARTITION}
2025-08-07 12:24:47,371 INFO  [org.apa.kaf.cli.Metadata] (kafka-producer-network-thread | Producer-topic-5481dc70_81cd_4de3_b9e9_900cc38b0dbf) [Producer clientId=Producer-topic-5481dc70_81cd_4de3_b9e9_900cc38b0dbf] Cluster ID: ewOXMZdKQImtr4eZTn3eAw
2025-08-07 12:24:47,371 INFO  [org.apa.kaf.cli.pro.int.TransactionManager] (kafka-producer-network-thread | Producer-topic-5481dc70_81cd_4de3_b9e9_900cc38b0dbf) [Producer clientId=Producer-topic-5481dc70_81cd_4de3_b9e9_900cc38b0dbf] ProducerId set to 25 with epoch 0
2025-08-07 12:24:47,684 INFO  [io.api.tes.ser.api.KafkaSerdesTester] (Thread-741) Sending message {"key11754569487355": "value-1"} to topic topic-5481dc70_81cd_4de3_b9e9_900cc38b0dbf
2025-08-07 12:24:47,685 INFO  [io.api.tes.ser.api.KafkaSerdesTester] (Thread-741) Sending message {"key11754569487355": "value-2"} to topic topic-5481dc70_81cd_4de3_b9e9_900cc38b0dbf
2025-08-07 12:24:47,687 INFO  [io.api.tes.ser.api.KafkaSerdesTester] (Thread-741) Sending message {"key11754569487355": "value-3"} to topic topic-5481dc70_81cd_4de3_b9e9_900cc38b0dbf
2025-08-07 12:24:47,689 INFO  [io.api.tes.ser.api.KafkaSerdesTester] (Thread-741) Sending message {"key11754569487355": "value-4"} to topic topic-5481dc70_81cd_4de3_b9e9_900cc38b0dbf
2025-08-07 12:24:47,691 INFO  [io.api.tes.ser.api.KafkaSerdesTester] (Thread-741) Sending message {"key11754569487355": "value-5"} to topic topic-5481dc70_81cd_4de3_b9e9_900cc38b0dbf
2025-08-07 12:24:47,693 INFO  [io.api.tes.ser.api.KafkaSerdesTester] (Thread-741) Sending message {"key11754569487355": "value-6"} to topic topic-5481dc70_81cd_4de3_b9e9_900cc38b0dbf
2025-08-07 12:24:47,694 INFO  [io.api.tes.ser.api.KafkaSerdesTester] (Thread-741) Sending message {"key11754569487355": "value-7"} to topic topic-5481dc70_81cd_4de3_b9e9_900cc38b0dbf
2025-08-07 12:24:47,695 INFO  [io.api.tes.ser.api.KafkaSerdesTester] (Thread-741) Sending message {"key11754569487355": "value-8"} to topic topic-5481dc70_81cd_4de3_b9e9_900cc38b0dbf
2025-08-07 12:24:47,697 INFO  [io.api.tes.ser.api.KafkaSerdesTester] (Thread-741) Sending message {"key11754569487355": "value-9"} to topic topic-5481dc70_81cd_4de3_b9e9_900cc38b0dbf
2025-08-07 12:24:47,699 INFO  [io.api.tes.ser.api.KafkaSerdesTester] (Thread-741) Produced 10 messages
2025-08-07 12:24:47,699 INFO  [org.apa.kaf.cli.pro.KafkaProducer] (Thread-741) [Producer clientId=Producer-topic-5481dc70_81cd_4de3_b9e9_900cc38b0dbf] Closing the Kafka producer with timeoutMillis = 9223372036854775807 ms.
2025-08-07 12:24:47,702 INFO  [org.apa.kaf.com.met.Metrics] (Thread-741) Metrics scheduler closed
2025-08-07 12:24:47,702 INFO  [org.apa.kaf.com.met.Metrics] (Thread-741) Closing reporter org.apache.kafka.common.metrics.JmxReporter
2025-08-07 12:24:47,702 INFO  [org.apa.kaf.com.met.Metrics] (Thread-741) Closing reporter org.apache.kafka.common.telemetry.internals.ClientTelemetryReporter
2025-08-07 12:24:47,702 INFO  [org.apa.kaf.com.met.Metrics] (Thread-741) Metrics reporters closed
2025-08-07 12:24:47,702 INFO  [org.apa.kaf.com.uti.AppInfoParser] (Thread-741) App info kafka.producer for Producer-topic-5481dc70_81cd_4de3_b9e9_900cc38b0dbf unregistered
**** Registry Base URL: http://registry-app-pg17.apps.ci419.apicurio-testing.org:80
2025-08-07 12:24:47,871 INFO  [org.apa.kaf.cli.con.ConsumerConfig] (main) ConsumerConfig values: 
	allow.auto.create.topics = true
	auto.commit.interval.ms = 500
	auto.include.jmx.reporter = true
	auto.offset.reset = earliest
	bootstrap.servers = [PLAINTEXT://localhost:32769]
	check.crcs = true
	client.dns.lookup = use_all_dns_ips
	client.id = consumer-Consumer-topic-5481dc70_81cd_4de3_b9e9_900cc38b0dbf-18
	client.rack = 
	connections.max.idle.ms = 10000
	default.api.timeout.ms = 60000
	enable.auto.commit = true
	enable.metrics.push = true
	exclude.internal.topics = true
	fetch.max.bytes = 52428800
	fetch.max.wait.ms = 500
	fetch.min.bytes = 1
	group.id = Consumer-topic-5481dc70_81cd_4de3_b9e9_900cc38b0dbf
	group.instance.id = null
	group.protocol = classic
	group.remote.assignor = null
	heartbeat.interval.ms = 3000
	interceptor.classes = []
	internal.leave.group.on.close = true
	internal.throw.on.fetch.stable.offset.unsupported = false
	isolation.level = read_uncommitted
	key.deserializer = class org.apache.kafka.common.serialization.StringDeserializer
	max.partition.fetch.bytes = 1048576
	max.poll.interval.ms = 300000
	max.poll.records = 500
	metadata.max.age.ms = 300000
	metadata.recovery.strategy = none
	metric.reporters = []
	metrics.num.samples = 2
	metrics.recording.level = INFO
	metrics.sample.window.ms = 30000
	partition.assignment.strategy = [class org.apache.kafka.clients.consumer.RangeAssignor, class org.apache.kafka.clients.consumer.CooperativeStickyAssignor]
	receive.buffer.bytes = 65536
	reconnect.backoff.max.ms = 1000
	reconnect.backoff.ms = 50
	request.timeout.ms = 5000
	retry.backoff.max.ms = 1000
	retry.backoff.ms = 100
	sasl.client.callback.handler.class = null
	sasl.jaas.config = null
	sasl.kerberos.kinit.cmd = /usr/bin/kinit
	sasl.kerberos.min.time.before.relogin = 60000
	sasl.kerberos.service.name = null
	sasl.kerberos.ticket.renew.jitter = 0.05
	sasl.kerberos.ticket.renew.window.factor = 0.8
	sasl.login.callback.handler.class = null
	sasl.login.class = null
	sasl.login.connect.timeout.ms = null
	sasl.login.read.timeout.ms = null
	sasl.login.refresh.buffer.seconds = 300
	sasl.login.refresh.min.period.seconds = 60
	sasl.login.refresh.window.factor = 0.8
	sasl.login.refresh.window.jitter = 0.05
	sasl.login.retry.backoff.max.ms = 10000
	sasl.login.retry.backoff.ms = 100
	sasl.mechanism = GSSAPI
	sasl.oauthbearer.clock.skew.seconds = 30
	sasl.oauthbearer.expected.audience = null
	sasl.oauthbearer.expected.issuer = null
	sasl.oauthbearer.header.urlencode = false
	sasl.oauthbearer.jwks.endpoint.refresh.ms = 3600000
	sasl.oauthbearer.jwks.endpoint.retry.backoff.max.ms = 10000
	sasl.oauthbearer.jwks.endpoint.retry.backoff.ms = 100
	sasl.oauthbearer.jwks.endpoint.url = null
	sasl.oauthbearer.scope.claim.name = scope
	sasl.oauthbearer.sub.claim.name = sub
	sasl.oauthbearer.token.endpoint.url = null
	security.protocol = PLAINTEXT
	security.providers = null
	send.buffer.bytes = 131072
	session.timeout.ms = 45000
	socket.connection.setup.timeout.max.ms = 30000
	socket.connection.setup.timeout.ms = 10000
	ssl.cipher.suites = null
	ssl.enabled.protocols = [TLSv1.2, TLSv1.3]
	ssl.endpoint.identification.algorithm = https
	ssl.engine.factory.class = null
	ssl.key.password = null
	ssl.keymanager.algorithm = SunX509
	ssl.keystore.certificate.chain = null
	ssl.keystore.key = null
	ssl.keystore.location = null
	ssl.keystore.password = null
	ssl.keystore.type = JKS
	ssl.protocol = TLSv1.3
	ssl.provider = null
	ssl.secure.random.implementation = null
	ssl.trustmanager.algorithm = PKIX
	ssl.truststore.certificates = null
	ssl.truststore.location = null
	ssl.truststore.password = null
	ssl.truststore.type = JKS
	value.deserializer = class io.apicurio.registry.serde.avro.AvroKafkaDeserializer

2025-08-07 12:24:47,871 INFO  [org.apa.kaf.com.tel.int.KafkaMetricsCollector] (main) initializing Kafka metrics collector
2025-08-07 12:24:47,876 INFO  [org.apa.kaf.cli.con.ConsumerConfig] (main) These configurations '[apicurio.registry.url, apicurio.registry.use-id]' were supplied but are not used yet.
2025-08-07 12:24:47,876 INFO  [org.apa.kaf.com.uti.AppInfoParser] (main) Kafka version: 3.9.1
2025-08-07 12:24:47,876 INFO  [org.apa.kaf.com.uti.AppInfoParser] (main) Kafka commitId: f745dfdcee2b9851
2025-08-07 12:24:47,876 INFO  [org.apa.kaf.com.uti.AppInfoParser] (main) Kafka startTimeMs: 1754569487876
2025-08-07 12:24:47,876 INFO  [org.apa.kaf.cli.con.int.ClassicKafkaConsumer] (Thread-744) [Consumer clientId=consumer-Consumer-topic-5481dc70_81cd_4de3_b9e9_900cc38b0dbf-18, groupId=Consumer-topic-5481dc70_81cd_4de3_b9e9_900cc38b0dbf] Subscribed to topic(s): topic-5481dc70_81cd_4de3_b9e9_900cc38b0dbf
2025-08-07 12:24:47,881 INFO  [org.apa.kaf.cli.Metadata] (Thread-744) [Consumer clientId=consumer-Consumer-topic-5481dc70_81cd_4de3_b9e9_900cc38b0dbf-18, groupId=Consumer-topic-5481dc70_81cd_4de3_b9e9_900cc38b0dbf] Cluster ID: ewOXMZdKQImtr4eZTn3eAw
2025-08-07 12:24:47,882 INFO  [org.apa.kaf.cli.con.int.ConsumerCoordinator] (Thread-744) [Consumer clientId=consumer-Consumer-topic-5481dc70_81cd_4de3_b9e9_900cc38b0dbf-18, groupId=Consumer-topic-5481dc70_81cd_4de3_b9e9_900cc38b0dbf] Discovered group coordinator localhost:32769 (id: 2147483647 rack: null)
2025-08-07 12:24:47,884 INFO  [org.apa.kaf.cli.con.int.ConsumerCoordinator] (Thread-744) [Consumer clientId=consumer-Consumer-topic-5481dc70_81cd_4de3_b9e9_900cc38b0dbf-18, groupId=Consumer-topic-5481dc70_81cd_4de3_b9e9_900cc38b0dbf] (Re-)joining group
2025-08-07 12:24:47,887 INFO  [org.apa.kaf.cli.con.int.ConsumerCoordinator] (Thread-744) [Consumer clientId=consumer-Consumer-topic-5481dc70_81cd_4de3_b9e9_900cc38b0dbf-18, groupId=Consumer-topic-5481dc70_81cd_4de3_b9e9_900cc38b0dbf] Request joining group due to: need to re-join with the given member-id: consumer-Consumer-topic-5481dc70_81cd_4de3_b9e9_900cc38b0dbf-18-86a33110-c6a2-47cd-a756-e82e041e69f0
2025-08-07 12:24:47,887 INFO  [org.apa.kaf.cli.con.int.ConsumerCoordinator] (Thread-744) [Consumer clientId=consumer-Consumer-topic-5481dc70_81cd_4de3_b9e9_900cc38b0dbf-18, groupId=Consumer-topic-5481dc70_81cd_4de3_b9e9_900cc38b0dbf] (Re-)joining group
2025-08-07 12:24:48,876 INFO  [io.api.tes.ser.api.KafkaSerdesTester] (Thread-744) None found
2025-08-07 12:24:49,877 INFO  [io.api.tes.ser.api.KafkaSerdesTester] (Thread-744) None found
2025-08-07 12:24:50,878 INFO  [io.api.tes.ser.api.KafkaSerdesTester] (Thread-744) None found
2025-08-07 12:24:50,889 INFO  [org.apa.kaf.cli.con.int.ConsumerCoordinator] (Thread-744) [Consumer clientId=consumer-Consumer-topic-5481dc70_81cd_4de3_b9e9_900cc38b0dbf-18, groupId=Consumer-topic-5481dc70_81cd_4de3_b9e9_900cc38b0dbf] Successfully joined group with generation Generation{generationId=1, memberId='consumer-Consumer-topic-5481dc70_81cd_4de3_b9e9_900cc38b0dbf-18-86a33110-c6a2-47cd-a756-e82e041e69f0', protocol='range'}
2025-08-07 12:24:50,889 INFO  [org.apa.kaf.cli.con.int.ConsumerCoordinator] (Thread-744) [Consumer clientId=consumer-Consumer-topic-5481dc70_81cd_4de3_b9e9_900cc38b0dbf-18, groupId=Consumer-topic-5481dc70_81cd_4de3_b9e9_900cc38b0dbf] Finished assignment for group at generation 1: {consumer-Consumer-topic-5481dc70_81cd_4de3_b9e9_900cc38b0dbf-18-86a33110-c6a2-47cd-a756-e82e041e69f0=Assignment(partitions=[topic-5481dc70_81cd_4de3_b9e9_900cc38b0dbf-0])}
2025-08-07 12:24:50,896 INFO  [org.apa.kaf.cli.con.int.ConsumerCoordinator] (Thread-744) [Consumer clientId=consumer-Consumer-topic-5481dc70_81cd_4de3_b9e9_900cc38b0dbf-18, groupId=Consumer-topic-5481dc70_81cd_4de3_b9e9_900cc38b0dbf] Successfully synced group in generation Generation{generationId=1, memberId='consumer-Consumer-topic-5481dc70_81cd_4de3_b9e9_900cc38b0dbf-18-86a33110-c6a2-47cd-a756-e82e041e69f0', protocol='range'}
2025-08-07 12:24:50,896 INFO  [org.apa.kaf.cli.con.int.ConsumerCoordinator] (Thread-744) [Consumer clientId=consumer-Consumer-topic-5481dc70_81cd_4de3_b9e9_900cc38b0dbf-18, groupId=Consumer-topic-5481dc70_81cd_4de3_b9e9_900cc38b0dbf] Notifying assignor about the new Assignment(partitions=[topic-5481dc70_81cd_4de3_b9e9_900cc38b0dbf-0])
2025-08-07 12:24:50,896 INFO  [org.apa.kaf.cli.con.int.ConsumerRebalanceListenerInvoker] (Thread-744) [Consumer clientId=consumer-Consumer-topic-5481dc70_81cd_4de3_b9e9_900cc38b0dbf-18, groupId=Consumer-topic-5481dc70_81cd_4de3_b9e9_900cc38b0dbf] Adding newly assigned partitions: topic-5481dc70_81cd_4de3_b9e9_900cc38b0dbf-0
2025-08-07 12:24:50,897 INFO  [org.apa.kaf.cli.con.int.ConsumerCoordinator] (Thread-744) [Consumer clientId=consumer-Consumer-topic-5481dc70_81cd_4de3_b9e9_900cc38b0dbf-18, groupId=Consumer-topic-5481dc70_81cd_4de3_b9e9_900cc38b0dbf] Found no committed offset for partition topic-5481dc70_81cd_4de3_b9e9_900cc38b0dbf-0
2025-08-07 12:24:50,898 INFO  [org.apa.kaf.cli.con.int.SubscriptionState] (Thread-744) [Consumer clientId=consumer-Consumer-topic-5481dc70_81cd_4de3_b9e9_900cc38b0dbf-18, groupId=Consumer-topic-5481dc70_81cd_4de3_b9e9_900cc38b0dbf] Resetting offset for partition topic-5481dc70_81cd_4de3_b9e9_900cc38b0dbf-0 to position FetchPosition{offset=0, offsetEpoch=Optional.empty, currentLeader=LeaderAndEpoch{leader=Optional[localhost:32769 (id: 0 rack: null)], epoch=0}}.
2025-08-07 12:24:51,203 INFO  [io.api.tes.ser.api.KafkaSerdesTester] (Thread-744) topic-5481dc70_81cd_4de3_b9e9_900cc38b0dbf 0 0 {"key11754569487355": "value-0"}
2025-08-07 12:24:51,203 INFO  [io.api.tes.ser.api.KafkaSerdesTester] (Thread-744) topic-5481dc70_81cd_4de3_b9e9_900cc38b0dbf 0 1 {"key11754569487355": "value-1"}
2025-08-07 12:24:51,203 INFO  [io.api.tes.ser.api.KafkaSerdesTester] (Thread-744) topic-5481dc70_81cd_4de3_b9e9_900cc38b0dbf 0 2 {"key11754569487355": "value-2"}
2025-08-07 12:24:51,203 INFO  [io.api.tes.ser.api.KafkaSerdesTester] (Thread-744) topic-5481dc70_81cd_4de3_b9e9_900cc38b0dbf 0 3 {"key11754569487355": "value-3"}
2025-08-07 12:24:51,203 INFO  [io.api.tes.ser.api.KafkaSerdesTester] (Thread-744) topic-5481dc70_81cd_4de3_b9e9_900cc38b0dbf 0 4 {"key11754569487355": "value-4"}
2025-08-07 12:24:51,203 INFO  [io.api.tes.ser.api.KafkaSerdesTester] (Thread-744) topic-5481dc70_81cd_4de3_b9e9_900cc38b0dbf 0 5 {"key11754569487355": "value-5"}
2025-08-07 12:24:51,203 INFO  [io.api.tes.ser.api.KafkaSerdesTester] (Thread-744) topic-5481dc70_81cd_4de3_b9e9_900cc38b0dbf 0 6 {"key11754569487355": "value-6"}
2025-08-07 12:24:51,203 INFO  [io.api.tes.ser.api.KafkaSerdesTester] (Thread-744) topic-5481dc70_81cd_4de3_b9e9_900cc38b0dbf 0 7 {"key11754569487355": "value-7"}
2025-08-07 12:24:51,203 INFO  [io.api.tes.ser.api.KafkaSerdesTester] (Thread-744) topic-5481dc70_81cd_4de3_b9e9_900cc38b0dbf 0 8 {"key11754569487355": "value-8"}
2025-08-07 12:24:51,203 INFO  [io.api.tes.ser.api.KafkaSerdesTester] (Thread-744) topic-5481dc70_81cd_4de3_b9e9_900cc38b0dbf 0 9 {"key11754569487355": "value-9"}
2025-08-07 12:24:51,203 INFO  [io.api.tes.ser.api.KafkaSerdesTester] (Thread-744) Consumed 10 messages
2025-08-07 12:24:51,211 INFO  [org.apa.kaf.cli.con.int.ConsumerRebalanceListenerInvoker] (Thread-744) [Consumer clientId=consumer-Consumer-topic-5481dc70_81cd_4de3_b9e9_900cc38b0dbf-18, groupId=Consumer-topic-5481dc70_81cd_4de3_b9e9_900cc38b0dbf] Revoke previously assigned partitions topic-5481dc70_81cd_4de3_b9e9_900cc38b0dbf-0
2025-08-07 12:24:51,211 INFO  [org.apa.kaf.cli.con.int.ConsumerCoordinator] (Thread-744) [Consumer clientId=consumer-Consumer-topic-5481dc70_81cd_4de3_b9e9_900cc38b0dbf-18, groupId=Consumer-topic-5481dc70_81cd_4de3_b9e9_900cc38b0dbf] Member consumer-Consumer-topic-5481dc70_81cd_4de3_b9e9_900cc38b0dbf-18-86a33110-c6a2-47cd-a756-e82e041e69f0 sending LeaveGroup request to coordinator localhost:32769 (id: 2147483647 rack: null) due to the consumer is being closed
2025-08-07 12:24:51,211 INFO  [org.apa.kaf.cli.con.int.ConsumerCoordinator] (Thread-744) [Consumer clientId=consumer-Consumer-topic-5481dc70_81cd_4de3_b9e9_900cc38b0dbf-18, groupId=Consumer-topic-5481dc70_81cd_4de3_b9e9_900cc38b0dbf] Resetting generation and member id due to: consumer pro-actively leaving the group
2025-08-07 12:24:51,211 INFO  [org.apa.kaf.cli.con.int.ConsumerCoordinator] (Thread-744) [Consumer clientId=consumer-Consumer-topic-5481dc70_81cd_4de3_b9e9_900cc38b0dbf-18, groupId=Consumer-topic-5481dc70_81cd_4de3_b9e9_900cc38b0dbf] Request joining group due to: consumer pro-actively leaving the group
2025-08-07 12:24:51,706 INFO  [org.apa.kaf.com.met.Metrics] (Thread-744) Metrics scheduler closed
2025-08-07 12:24:51,706 INFO  [org.apa.kaf.com.met.Metrics] (Thread-744) Closing reporter org.apache.kafka.common.metrics.JmxReporter
2025-08-07 12:24:51,706 INFO  [org.apa.kaf.com.met.Metrics] (Thread-744) Closing reporter org.apache.kafka.common.telemetry.internals.ClientTelemetryReporter
2025-08-07 12:24:51,706 INFO  [org.apa.kaf.com.met.Metrics] (Thread-744) Metrics reporters closed
2025-08-07 12:24:51,708 INFO  [org.apa.kaf.com.uti.AppInfoParser] (Thread-744) App info kafka.consumer for consumer-Consumer-topic-5481dc70_81cd_4de3_b9e9_900cc38b0dbf-18 unregistered
2025-08-07 12:24:51,708 INFO  [io.api.tes.uti.TestSeparator] (main) io.apicurio.tests.serdes.apicurio.AvroSerdeIT.testGlobalIdInBody-FINISHED
2025-08-07 12:24:51,708 INFO  [io.api.tes.uti.TestSeparator] (main) ############################################################################
Test passed: testGlobalIdInBody
]]></system-out>
  </testcase>
  <testcase name="testProducerUsesGlobalIdConsumerUsesDefault" classname="io.apicurio.tests.serdes.apicurio.AvroSerdeIT" time="0.0">
    <skipped message="void io.apicurio.tests.serdes.apicurio.AvroSerdeIT.testProducerUsesGlobalIdConsumerUsesDefault() throws java.lang.Exception is @Disabled"/>
  </testcase>
</testsuite>